7.6900e-01	8.3964e-01	1.0678e-01	7.3663e-01
8.3566e-01	8.2098e-01	1.2180e-01	6.4433e-01
7.8663e-01	4.1665e-01	3.1061e-01	7.8695e-01
7.5711e-01	8.7170e-01	5.4921e-02	4.5044e-01
5.3158e-01	3.4866e-01	4.2466e-01	6.8736e-01
8.2286e-01	8.7727e-01	5.7100e-02	4.8971e-01
7.6681e-01	6.2811e-01	2.5912e-01	8.2857e-01
6.5871e-01	2.6055e-01	5.9231e-01	7.2252e-01
7.3883e-01	7.3086e-01	1.9526e-01	7.2158e-01
6.1857e-01	8.5877e-01	1.2985e-01	7.1041e-01
5.9615e-01	8.4383e-01	1.3236e-01	7.0394e-01
7.9556e-01	4.1409e-01	3.3087e-01	8.5573e-01
6.4480e-01	8.0209e-01	2.3435e-01	4.9441e-01
3.9413e-01	9.2110e-01	3.3740e-01	5.1029e-01
7.5331e-01	8.4189e-01	9.8848e-02	7.2522e-01
8.4508e-01	3.8854e-01	3.7804e-01	9.1158e-01
7.0052e-01	6.3004e-01	2.4372e-01	8.3057e-01
5.6578e-01	6.2191e-01	4.1484e-01	8.3198e-01
6.1225e-01	3.3279e-01	5.8711e-01	5.8554e-01
8.8588e-01	9.2799e-01	4.0196e-02	4.0435e-01
9.2514e-01	8.1061e-01	1.1487e-01	7.3298e-01
5.3158e-01	3.4866e-01	4.2466e-01	6.8736e-01
7.9169e-01	8.9562e-01	6.3006e-02	4.1200e-01
5.7532e-01	8.4785e-01	1.5521e-01	6.2634e-01
8.2758e-01	8.8533e-01	2.6131e-02	4.3645e-01
5.5873e-01	3.0964e-01	5.8685e-01	5.1617e-01
5.9028e-01	3.7538e-01	4.6799e-01	7.1946e-01
4.8028e-01	8.2935e-01	3.2087e-01	4.3716e-01
9.8114e-01	8.8277e-01	3.7685e-02	4.8396e-01
8.6052e-01	3.8970e-01	3.7505e-01	8.7643e-01
4.8994e-01	5.0871e-01	4.3909e-01	7.9130e-01
6.1517e-01	6.5110e-01	3.7022e-01	8.2175e-01
8.1770e-01	8.0039e-01	1.2487e-01	6.8983e-01
4.3824e-01	8.6752e-01	3.0226e-01	3.3510e-01
3.9128e-01	5.4564e-01	5.7936e-01	8.3257e-01
6.8373e-01	7.5641e-01	1.9293e-01	7.1440e-01
7.0169e-01	7.4061e-01	2.0762e-01	7.1429e-01
7.6953e-01	5.4580e-01	2.9784e-01	8.4786e-01
8.3725e-01	6.3484e-01	1.3702e-01	8.0423e-01
7.5883e-01	8.7836e-01	6.5996e-02	4.6467e-01
8.0863e-01	8.4173e-01	9.7517e-02	7.2299e-01
4.9297e-01	8.6040e-01	6.8137e-02	1.5802e-01
5.0734e-01	8.6310e-01	2.0995e-01	5.9871e-01
5.7738e-01	7.3388e-01	3.2781e-01	7.8331e-01
7.1380e-01	7.7422e-01	1.9352e-01	8.2128e-01
4.5109e-01	8.7333e-01	6.4592e-02	9.5002e-02
6.5814e-01	7.6330e-01	2.4856e-01	5.7601e-01
4.5109e-01	8.7333e-01	6.4592e-02	9.5002e-02
7.8982e-01	7.4231e-01	1.2203e-01	7.1523e-01
6.2573e-01	6.3833e-01	3.5158e-01	7.8519e-01
8.1965e-01	3.3264e-01	3.7572e-01	7.2475e-01
8.8730e-01	6.6442e-01	1.6063e-01	8.6914e-01
7.3465e-01	7.3333e-01	2.0556e-01	6.4139e-01
6.9165e-01	7.4549e-01	1.7772e-01	6.6478e-01
8.6310e-01	7.2102e-01	1.2099e-01	7.3122e-01
8.5589e-01	5.4541e-01	2.9824e-01	8.8525e-01
6.9270e-01	7.6895e-01	2.0102e-01	8.1235e-01
9.2660e-01	7.0283e-01	1.3129e-01	8.1717e-01
7.3411e-01	3.6159e-01	4.2459e-01	8.6726e-01
4.5138e-01	9.4046e-01	2.1150e-01	1.3627e-01
7.1610e-01	5.3209e-01	4.2548e-01	7.5509e-01
5.4365e-01	7.2218e-01	3.0433e-01	7.3439e-01
8.1494e-01	9.3806e-01	5.1341e-02	3.8213e-01
6.3720e-01	4.7356e-01	2.9429e-01	7.5356e-01
8.9740e-01	6.3151e-01	1.7802e-01	9.1958e-01
6.9077e-01	6.1262e-01	3.1791e-01	7.9553e-01
8.3995e-01	3.6283e-01	3.4656e-01	8.0635e-01
6.8260e-01	8.7209e-01	9.5083e-02	5.2498e-01
5.8001e-01	8.0666e-01	2.1556e-01	5.3533e-01
5.1672e-01	8.5157e-01	1.8743e-01	5.5603e-01
7.9290e-01	4.2726e-01	3.3021e-01	8.2117e-01
8.0619e-01	5.3380e-01	2.7480e-01	9.4345e-01
8.4808e-01	8.9013e-01	5.7617e-02	4.2645e-01
8.0822e-01	3.8629e-01	3.8465e-01	8.7619e-01
8.2564e-01	9.2350e-01	3.0525e-02	3.7472e-01
6.7417e-01	6.4770e-01	2.5251e-01	8.1541e-01
7.8140e-01	8.1417e-01	1.1797e-01	6.0705e-01
5.1138e-01	7.4526e-01	3.0452e-01	7.1170e-01
5.2574e-01	8.0139e-01	2.7030e-01	6.9783e-01
5.8945e-01	6.6372e-01	3.7409e-01	8.5397e-01
7.0999e-01	8.5536e-01	8.2680e-02	6.8431e-01
8.3006e-01	6.0108e-01	2.6897e-01	8.5279e-01
8.6974e-01	8.3709e-01	1.0117e-01	6.6079e-01
6.4243e-01	8.0635e-01	2.1744e-01	5.0782e-01
7.4185e-01	7.6345e-01	2.0039e-01	8.5632e-01
7.9843e-01	6.1549e-01	2.6247e-01	8.4245e-01
4.2625e-01	5.8660e-01	5.5226e-01	8.7020e-01
5.7101e-01	7.7034e-01	2.6399e-01	7.6167e-01
8.0492e-01	4.1076e-01	3.1692e-01	8.3857e-01
7.8206e-01	5.4588e-01	3.1836e-01	8.7043e-01
6.1461e-01	8.0116e-01	1.0763e-01	6.8324e-01
8.0085e-01	6.4948e-01	2.5897e-01	8.1317e-01
8.1839e-01	8.2246e-01	1.0786e-01	6.4692e-01
6.8441e-01	2.7898e-01	5.7076e-01	7.9600e-01
7.4378e-01	5.8211e-01	3.1887e-01	8.3304e-01
4.6134e-01	3.4301e-01	5.8729e-01	5.3087e-01
7.2088e-01	5.5563e-01	2.5554e-01	8.5856e-01
6.6372e-01	2.5791e-01	5.7888e-01	7.6990e-01
7.8331e-01	9.2428e-01	5.4921e-02	3.2005e-01
3.1011e-01	9.4208e-01	3.3711e-01	2.6996e-01
7.5064e-01	3.2133e-01	3.8683e-01	6.7337e-01
8.3665e-01	4.2478e-01	3.4150e-01	9.2428e-01
8.7655e-01	4.9671e-01	2.5480e-01	8.7901e-01
7.4867e-01	3.4270e-01	3.9927e-01	7.5568e-01
8.1091e-01	5.2389e-01	2.6912e-01	8.6573e-01
7.6339e-01	5.6175e-01	3.1374e-01	9.7319e-01
6.7468e-01	9.1444e-01	7.5702e-02	3.4380e-01
3.7382e-01	8.1045e-01	1.5602e-01	6.1011e-01
7.3182e-01	8.7240e-01	4.4478e-02	4.1329e-01
7.1814e-01	9.2064e-01	8.3675e-02	4.0247e-01
7.9573e-01	3.4820e-01	3.8842e-01	7.6731e-01
6.1730e-01	7.2845e-01	2.3180e-01	7.7484e-01
7.4113e-01	8.7635e-01	8.9547e-02	5.4133e-01
8.1207e-01	7.7042e-01	1.7256e-01	8.4645e-01
6.3634e-01	7.7422e-01	1.7282e-01	6.3398e-01
6.9051e-01	6.2439e-01	1.9231e-01	7.6614e-01
7.8886e-01	7.9288e-01	1.4912e-01	7.9001e-01
6.5985e-01	7.6965e-01	2.2036e-01	8.2187e-01
7.1674e-01	5.4185e-01	3.2637e-01	9.4697e-01
5.7488e-01	3.7329e-01	4.2773e-01	7.5038e-01
7.5765e-01	9.1529e-01	8.0944e-02	4.0365e-01
8.0143e-01	9.0461e-01	4.7985e-02	3.4462e-01
4.0275e-01	8.5668e-01	3.0278e-01	3.1135e-01
3.9912e-01	5.8730e-01	5.3558e-01	8.5832e-01
4.4169e-01	8.8912e-01	2.7857e-01	3.0205e-01
7.2375e-01	7.8482e-01	1.7536e-01	8.0647e-01
3.3887e-01	1.0000e+00	3.7110e-01	2.3692e-01
7.8056e-01	4.0743e-01	3.2489e-01	7.6296e-01
8.4453e-01	5.6438e-01	2.3010e-01	9.5085e-01
7.5780e-01	5.5695e-01	3.0278e-01	8.9901e-01
7.4363e-01	3.5292e-01	3.8661e-01	7.5015e-01
8.7780e-01	8.3980e-01	1.0316e-01	6.4010e-01
6.5307e-01	7.4518e-01	2.4406e-01	8.2904e-01
5.3913e-01	7.2265e-01	3.1529e-01	7.4051e-01
4.3283e-01	8.6706e-01	2.6476e-01	2.9230e-01
8.0787e-01	9.3519e-01	7.2049e-02	4.0611e-01
8.9999e-01	8.6961e-01	1.4836e-02	4.2082e-01
8.7071e-01	8.2230e-01	1.1461e-01	6.8324e-01
8.8584e-01	9.0972e-01	5.0346e-02	3.8813e-01
4.9297e-01	8.6040e-01	6.8137e-02	1.5802e-01
6.5863e-01	5.5068e-01	4.2377e-01	8.8948e-01
6.3272e-01	5.0236e-01	4.0824e-01	6.8713e-01
8.0881e-01	6.4011e-01	1.6636e-01	8.3222e-01
7.9075e-01	3.9388e-01	3.7668e-01	8.5338e-01
7.8534e-01	8.9531e-01	6.1602e-02	3.9330e-01
5.4530e-01	3.9326e-01	3.6081e-01	6.8772e-01
7.8608e-01	5.4472e-01	2.7525e-01	9.3192e-01
6.3401e-01	5.0879e-01	4.5098e-01	8.9477e-01
7.6944e-01	5.5215e-01	2.5738e-01	8.3492e-01
7.0536e-01	7.9233e-01	2.3080e-01	5.4721e-01
8.3557e-01	8.2323e-01	1.2361e-01	6.3292e-01
3.8092e-01	9.6144e-01	3.4298e-01	4.7502e-01
8.7339e-01	5.2334e-01	2.3645e-01	8.8725e-01
7.5729e-01	9.3116e-01	4.6619e-02	3.1417e-01
6.4743e-01	8.2091e-01	2.2671e-01	5.7190e-01
6.8711e-01	4.7813e-01	4.5777e-01	7.6320e-01
6.8254e-01	3.4417e-01	4.8390e-01	7.9683e-01
7.9253e-01	3.7422e-01	3.5191e-01	7.7907e-01
6.7106e-01	3.4750e-01	3.8520e-01	7.2158e-01
6.0567e-01	6.7387e-01	3.1965e-01	8.0647e-01
8.7167e-01	6.6117e-01	1.6610e-01	8.5573e-01
7.6383e-01	8.3779e-01	8.6445e-02	6.6808e-01
5.2034e-01	8.0984e-01	2.3929e-01	4.3281e-01
6.8097e-01	8.6558e-01	8.3124e-02	4.7243e-01
8.6012e-01	5.7522e-01	2.2770e-01	9.2640e-01
8.1019e-01	3.9311e-01	3.3903e-01	7.9706e-01
5.8836e-01	8.3903e-01	1.8625e-01	6.1258e-01
5.8164e-01	7.7360e-01	1.4129e-01	5.3063e-01
3.7781e-01	9.5997e-01	3.1585e-01	2.9783e-01
5.1630e-01	7.5021e-01	1.6097e-01	5.5226e-01
5.4898e-01	5.1444e-01	2.8122e-01	7.2616e-01
8.0027e-01	4.2338e-01	3.2596e-01	8.7114e-01
3.8559e-01	5.5525e-01	6.0807e-01	8.6361e-01
4.2712e-01	9.1676e-01	3.1791e-01	2.6349e-01
6.4340e-01	6.0782e-01	3.3512e-01	8.1153e-01
7.6622e-01	3.7329e-01	3.7587e-01	7.6590e-01
5.2160e-01	8.5699e-01	6.7250e-02	2.4785e-01
7.7164e-01	7.2815e-01	1.5381e-01	7.5568e-01
4.9836e-01	4.4886e-01	5.8663e-01	8.0929e-01
6.8037e-01	8.8200e-01	9.6926e-02	5.2064e-01
6.2629e-01	6.2818e-01	2.3756e-01	7.6391e-01
4.9934e-01	4.5629e-01	5.7364e-01	7.7472e-01
4.5766e-01	8.3779e-01	3.0706e-01	3.8365e-01
7.2000e-01	7.9265e-01	1.8563e-01	6.9689e-01
3.8121e-01	9.6237e-01	3.6103e-01	3.3192e-01
4.1743e-01	9.2249e-01	3.1090e-01	3.8413e-01
7.4282e-01	3.4843e-01	3.9152e-01	7.6355e-01
6.3991e-01	7.5362e-01	2.2615e-01	7.8178e-01
8.3700e-01	3.7963e-01	3.5128e-01	8.0247e-01
7.0518e-01	3.2706e-01	5.1465e-01	7.2463e-01
5.7488e-01	3.7329e-01	4.2773e-01	7.5038e-01
7.9386e-01	8.9586e-01	5.0531e-02	3.5849e-01
6.1296e-01	5.1219e-01	4.0772e-01	8.3104e-01
8.5594e-01	6.3020e-01	2.5727e-01	8.5068e-01
3.3902e-01	9.7855e-01	2.5805e-01	8.7709e-02
3.7382e-01	8.1045e-01	1.5602e-01	6.1011e-01
8.0678e-01	7.8692e-01	1.4521e-01	6.9900e-01
6.4598e-01	7.4293e-01	2.3793e-01	5.9436e-01
7.9784e-01	4.3337e-01	3.3390e-01	8.8101e-01
9.3231e-01	7.3519e-01	1.0638e-01	7.4991e-01
3.5714e-01	9.2048e-01	3.2939e-01	4.6632e-01
7.9648e-01	3.8088e-01	3.8096e-01	8.0165e-01
4.5109e-01	8.7333e-01	6.4592e-02	9.5002e-02
8.0896e-01	8.9934e-01	6.1641e-02	3.8577e-01
5.6790e-01	7.9752e-01	2.5572e-01	6.9312e-01
8.5454e-01	5.9891e-01	2.1637e-01	9.1852e-01
8.9049e-01	7.1251e-01	1.0320e-01	7.2934e-01
6.9248e-01	8.6218e-01	7.3009e-02	6.5397e-01
6.5970e-01	7.9992e-01	2.0714e-01	6.0941e-01
6.6447e-01	4.8773e-01	4.6323e-01	7.1147e-01
8.1720e-01	8.5892e-01	2.9267e-02	3.8389e-01
7.6136e-01	8.9663e-01	4.3518e-02	3.2463e-01
6.9634e-01	8.1502e-01	6.7215e-02	6.5844e-01
5.5694e-01	6.0240e-01	4.3917e-01	8.2728e-01
8.1044e-01	5.4324e-01	2.6358e-01	8.4574e-01
9.4715e-01	6.2640e-01	1.7056e-01	9.0958e-01
6.0327e-01	6.3872e-01	2.3789e-01	7.6637e-01
6.0349e-01	5.5401e-01	4.7139e-01	7.3968e-01
4.9577e-01	8.0078e-01	2.7967e-01	4.4774e-01
4.1409e-01	8.9958e-01	1.0051e-01	2.4409e-01
3.4730e-01	9.8459e-01	3.5453e-01	4.5668e-01
6.8232e-01	7.5734e-01	1.9511e-01	7.9800e-01
5.8707e-01	5.3930e-01	4.8571e-01	7.2428e-01
8.4291e-01	9.0948e-01	3.0194e-02	3.9483e-01
4.8185e-01	6.6938e-01	3.6188e-01	7.4345e-01
6.0564e-01	6.3562e-01	4.1496e-01	8.4880e-01
5.4898e-01	5.1444e-01	2.8122e-01	7.2616e-01
3.1688e-01	8.9470e-01	1.7038e-01	2.7983e-01
7.3297e-01	3.9799e-01	3.1068e-01	7.4321e-01
9.0406e-01	5.7329e-01	2.2951e-01	9.5262e-01
4.1128e-01	5.7344e-01	5.3274e-01	8.7102e-01
3.3937e-01	9.6291e-01	3.6055e-01	2.8230e-01
6.7078e-01	5.1413e-01	4.3171e-01	7.5203e-01
5.4166e-01	4.9168e-01	5.4584e-01	8.1047e-01
7.0468e-01	6.2276e-01	2.4974e-01	8.2364e-01
6.5542e-01	5.9133e-01	3.2146e-01	7.6967e-01
4.1211e-01	8.7077e-01	3.3286e-01	2.9818e-01
7.8840e-01	4.3484e-01	3.4102e-01	8.7772e-01
7.9625e-01	5.4921e-01	2.7809e-01	9.3087e-01
6.8056e-01	8.7116e-01	9.0801e-02	5.0371e-01
7.4368e-01	7.7476e-01	1.8267e-01	7.9859e-01
4.0737e-01	5.7398e-01	5.5245e-01	8.4856e-01
6.2615e-01	6.4816e-01	2.8787e-01	7.4415e-01
7.0791e-01	7.7197e-01	1.8175e-01	7.8413e-01
6.8298e-01	8.6643e-01	8.7811e-02	6.4503e-01
8.1168e-01	4.1037e-01	3.1437e-01	8.3857e-01
6.2662e-01	5.3341e-01	4.3212e-01	8.8866e-01
6.5637e-01	4.7820e-01	4.5224e-01	7.5062e-01
5.3522e-01	5.4193e-01	2.6034e-01	7.3686e-01
5.8092e-01	8.3175e-01	1.5569e-01	5.8800e-01
8.3733e-01	3.4866e-01	3.6457e-01	7.7766e-01
5.4927e-01	8.9369e-01	1.5484e-01	3.7790e-01
5.4919e-01	8.5939e-01	1.8854e-01	6.0705e-01
8.8909e-01	6.3724e-01	1.6861e-01	8.8337e-01
7.9703e-01	9.1413e-01	4.9424e-02	3.1676e-01
8.0657e-01	3.7770e-01	3.9262e-01	9.2546e-01
7.3091e-01	4.0619e-01	3.2349e-01	7.9753e-01
6.6673e-01	7.3968e-01	2.5055e-01	8.5456e-01
7.7783e-01	5.4510e-01	2.6901e-01	8.6890e-01
7.2655e-01	6.0124e-01	3.1876e-01	8.0917e-01
7.7993e-01	7.8506e-01	1.5528e-01	6.9112e-01
7.3541e-01	6.2354e-01	2.5343e-01	8.4985e-01
6.3846e-01	8.0000e-01	1.8555e-01	5.5297e-01
8.6754e-01	7.8498e-01	8.6221e-02	6.7172e-01
6.8689e-01	7.6291e-01	1.9356e-01	6.9465e-01
6.2279e-01	6.9144e-01	2.8698e-01	7.8472e-01
5.0667e-01	8.8014e-01	2.3435e-01	6.3057e-01
7.8545e-01	8.8184e-01	4.8907e-02	3.7190e-01
5.7488e-01	3.7329e-01	4.2773e-01	7.5038e-01
8.6366e-01	6.0557e-01	2.2014e-01	9.2498e-01
7.8488e-01	8.9036e-01	4.3776e-02	3.3028e-01
8.9664e-01	8.8935e-01	6.3670e-02	4.7137e-01
8.2566e-01	5.1274e-01	3.1567e-01	8.8019e-01
7.0215e-01	7.6973e-01	2.1036e-01	8.1811e-01
8.8828e-01	5.2056e-01	2.3295e-01	8.8125e-01
7.5527e-01	7.4975e-01	1.4366e-01	7.4439e-01
8.0004e-01	5.0918e-01	2.4727e-01	8.2387e-01
6.0618e-01	3.3666e-01	5.9036e-01	6.0600e-01
5.7242e-01	8.0635e-01	1.0937e-01	6.0130e-01
6.4676e-01	8.0558e-01	2.2047e-01	4.9748e-01
5.2296e-01	4.9810e-01	5.6057e-01	8.5997e-01
8.0120e-01	4.0550e-01	3.2245e-01	8.2281e-01
7.1531e-01	3.6345e-01	3.8391e-01	7.4768e-01
5.3108e-01	4.8176e-01	5.7615e-01	8.4021e-01
4.1409e-01	8.9958e-01	1.0051e-01	2.4409e-01
6.3582e-01	2.7464e-01	5.7881e-01	6.9559e-01
6.0461e-01	3.4990e-01	5.7622e-01	6.1952e-01
5.7245e-01	9.1003e-01	1.6665e-01	4.1059e-01
5.3966e-01	6.2571e-01	4.1392e-01	8.4233e-01
7.4164e-01	7.4836e-01	2.3298e-01	6.4574e-01
6.9301e-01	6.4684e-01	2.5417e-01	7.4027e-01
3.4808e-01	9.6299e-01	2.3110e-01	6.9369e-02
8.0602e-01	7.4433e-01	1.2306e-01	7.5944e-01
6.4730e-01	5.1537e-01	4.3518e-01	7.4639e-01
6.8861e-01	5.5873e-01	3.9679e-01	7.8871e-01
6.6262e-01	7.4286e-01	2.0283e-01	5.7448e-01
5.1158e-01	7.7925e-01	1.3923e-01	4.9078e-01
5.9946e-01	8.1603e-01	2.1925e-01	5.7825e-01
5.9026e-01	5.4657e-01	4.6272e-01	7.2546e-01
6.7318e-01	8.5358e-01	8.8069e-02	6.5915e-01
5.3158e-01	3.4866e-01	4.2466e-01	6.8736e-01
7.2215e-01	7.7120e-01	2.1608e-01	8.4210e-01
6.2934e-01	8.4274e-01	1.7326e-01	6.5126e-01
3.6954e-01	9.5277e-01	3.3737e-01	4.7936e-01
6.7895e-01	9.0724e-01	9.8107e-02	4.8618e-01
5.8200e-01	8.8084e-01	1.6876e-01	6.1494e-01
5.2763e-01	8.6032e-01	8.6148e-02	3.3674e-01
6.2345e-01	3.3627e-01	5.9471e-01	5.8448e-01
8.4071e-01	8.9625e-01	4.5990e-02	3.7496e-01
8.1416e-01	8.0333e-01	1.0841e-01	6.7937e-01
7.9784e-01	4.1432e-01	3.3523e-01	8.1058e-01
8.7055e-01	3.2938e-01	3.7860e-01	7.5568e-01
6.2251e-01	6.0124e-01	3.6730e-01	7.9401e-01
6.6125e-01	7.0972e-01	1.5030e-01	6.7031e-01
5.9301e-01	8.2911e-01	1.3912e-01	6.9512e-01
5.3158e-01	3.4866e-01	4.2466e-01	6.8736e-01
9.2143e-01	7.1297e-01	1.3037e-01	7.8413e-01
7.0051e-01	7.2706e-01	2.5915e-01	6.4186e-01
6.2177e-01	3.3922e-01	5.6884e-01	6.3645e-01
7.2056e-01	5.9954e-01	2.8569e-01	7.7390e-01
5.4530e-01	3.9326e-01	3.6081e-01	6.8772e-01
7.7720e-01	8.7425e-01	5.9573e-02	4.7278e-01
3.8276e-01	5.9086e-01	5.6208e-01	8.6232e-01
7.8793e-01	8.9059e-01	5.8427e-02	4.0611e-01
7.6209e-01	5.6337e-01	3.1075e-01	9.4086e-01
8.2910e-01	6.0883e-01	2.7214e-01	8.6538e-01
4.9622e-01	2.7356e-01	5.8774e-01	6.3892e-01
8.1190e-01	8.6938e-01	1.5392e-02	3.0112e-01
7.6133e-01	7.7065e-01	1.9869e-01	7.3463e-01
6.3034e-01	6.2424e-01	3.5283e-01	7.8730e-01
5.8433e-01	6.0720e-01	3.3622e-01	7.6179e-01
6.5510e-01	5.6190e-01	4.0938e-01	8.5950e-01
7.6452e-01	5.6431e-01	2.8333e-01	9.2781e-01
7.2424e-01	7.3287e-01	1.3163e-01	7.1676e-01
7.9120e-01	5.6817e-01	3.0559e-01	8.5891e-01
7.5783e-01	3.6299e-01	4.1245e-01	9.1746e-01
7.9384e-01	6.6210e-01	2.5812e-01	8.0788e-01
5.8133e-01	6.0255e-01	4.4024e-01	8.5268e-01
5.7736e-01	7.2551e-01	3.2308e-01	7.6590e-01
6.3912e-01	7.6818e-01	2.2815e-01	8.1317e-01
8.6785e-01	8.0968e-01	1.2642e-01	7.1182e-01
4.2271e-01	9.4603e-01	2.3442e-01	1.5720e-01
7.9866e-01	5.2404e-01	2.6609e-01	8.8478e-01
5.5544e-01	9.0407e-01	1.6728e-01	4.2128e-01
7.6732e-01	7.8219e-01	1.7156e-01	7.9659e-01
3.7382e-01	8.1045e-01	1.5602e-01	6.1011e-01
8.0330e-01	5.3295e-01	2.9953e-01	8.6056e-01
7.4797e-01	5.4952e-01	2.9581e-01	8.1305e-01
7.3202e-01	6.3182e-01	2.6255e-01	8.1670e-01
1.9876e-01	8.3430e-01	3.6295e-01	6.9395e-01
4.1749e-01	8.9717e-01	3.2157e-01	2.6773e-01
5.4530e-01	3.9326e-01	3.6081e-01	6.8772e-01
5.3158e-01	3.4866e-01	4.2466e-01	6.8736e-01
5.7192e-01	7.1537e-01	3.1581e-01	7.5967e-01
7.6354e-01	8.6605e-01	5.3891e-02	4.1752e-01
4.9221e-01	8.1595e-01	3.0891e-01	4.2399e-01
7.0403e-01	8.5521e-01	8.5080e-02	6.8924e-01
7.3897e-01	8.4050e-01	1.0265e-01	7.0617e-01
7.0194e-01	9.2009e-01	8.5558e-02	3.8730e-01
3.4023e-01	9.4634e-01	3.0625e-01	2.8853e-01
7.0370e-01	3.5819e-01	4.0828e-01	7.9271e-01
7.5193e-01	6.3763e-01	2.6690e-01	8.0012e-01
6.3369e-01	6.9508e-01	3.1766e-01	8.3422e-01
7.1012e-01	5.3697e-01	2.8555e-01	8.8759e-01
9.2482e-01	7.2412e-01	1.2395e-01	7.7214e-01
7.8907e-01	5.8025e-01	2.9669e-01	8.6526e-01
7.6160e-01	7.5230e-01	1.5108e-01	7.7543e-01
7.4072e-01	8.0496e-01	2.1143e-01	5.4627e-01
7.6013e-01	6.3376e-01	2.3749e-01	7.6226e-01
6.6611e-01	5.6694e-01	2.7761e-01	8.5526e-01
6.7028e-01	8.8819e-01	9.0947e-02	5.0500e-01
8.0732e-01	3.6810e-01	3.5106e-01	7.7566e-01
5.6142e-01	9.3334e-01	1.6817e-01	4.0694e-01
6.4561e-01	8.4731e-01	1.2697e-01	7.0853e-01
3.9927e-01	5.1800e-01	5.2358e-01	7.3122e-01
5.5026e-01	9.1847e-01	1.6791e-01	3.8377e-01
7.4079e-01	8.0867e-01	7.5443e-02	6.6678e-01
3.6417e-01	9.5145e-01	3.4206e-01	3.0347e-01
7.1353e-01	8.5250e-01	6.5699e-02	4.7384e-01
8.1628e-01	6.0875e-01	2.4863e-01	8.1011e-01
6.1672e-01	5.1684e-01	4.9623e-01	7.4968e-01
8.9861e-01	8.9501e-01	5.1785e-02	4.4092e-01
5.7000e-01	6.1626e-01	4.1256e-01	8.2704e-01
7.8271e-01	8.9501e-01	5.3409e-02	3.6238e-01
5.4734e-01	9.0360e-01	1.6123e-01	3.9871e-01
6.7888e-01	7.9566e-01	2.2841e-01	6.1893e-01
3.2789e-01	9.3248e-01	3.1109e-01	4.6231e-01
8.4216e-01	4.1580e-01	3.4988e-01	8.8630e-01
3.4538e-01	9.4688e-01	3.3929e-01	4.7960e-01
7.8174e-01	9.0538e-01	4.8502e-02	3.2510e-01
4.8167e-01	8.2555e-01	1.4495e-01	4.7419e-01
6.6119e-01	7.7275e-01	2.4701e-01	5.7519e-01
5.7038e-01	7.2358e-01	2.9994e-01	7.6202e-01
7.8065e-01	8.9152e-01	6.0275e-02	4.3751e-01
3.4469e-01	9.6880e-01	2.4014e-01	7.1842e-02
5.9881e-01	6.8115e-01	1.7027e-01	6.1799e-01
7.0109e-01	6.3267e-01	2.4239e-01	8.3045e-01
4.7912e-01	7.3906e-01	2.8765e-01	6.7160e-01
8.2468e-01	5.2876e-01	3.1567e-01	8.8642e-01
7.2198e-01	7.2574e-01	2.3959e-01	6.7220e-01
6.0194e-01	5.0956e-01	5.0734e-01	7.0876e-01
6.6737e-01	2.9686e-01	5.6238e-01	6.9971e-01
6.4952e-01	7.7499e-01	2.5258e-01	8.3763e-01
7.3041e-01	4.1866e-01	3.2382e-01	8.0541e-01
5.3522e-01	5.4193e-01	2.6034e-01	7.3686e-01
5.5037e-01	7.9326e-01	2.8093e-01	5.0817e-01
5.1850e-01	8.1270e-01	2.7399e-01	4.7349e-01
5.0336e-01	7.4727e-01	2.7506e-01	6.7443e-01
8.1237e-01	5.5772e-01	2.5882e-01	8.6467e-01
5.5420e-01	7.8111e-01	2.4276e-01	7.3968e-01
6.4781e-01	5.3271e-01	4.2791e-01	8.7619e-01
7.9663e-01	5.3256e-01	2.8639e-01	9.2440e-01
7.8019e-01	8.8130e-01	5.9388e-02	4.5609e-01
7.5857e-01	5.0964e-01	3.3670e-01	1.0000e+00
6.5075e-01	8.6194e-01	7.6038e-02	6.0705e-01
7.8203e-01	3.7057e-01	4.0193e-01	8.6397e-01
8.2141e-01	9.3101e-01	5.1711e-02	3.9047e-01
5.9090e-01	5.6725e-01	4.5486e-01	7.3769e-01
4.1714e-01	5.7484e-01	5.2960e-01	8.1588e-01
6.4898e-01	3.2396e-01	5.9874e-01	6.4727e-01
3.2870e-01	9.7042e-01	3.4921e-01	4.3704e-01
4.2493e-01	5.6384e-01	5.5946e-01	8.3422e-01
8.5664e-01	8.9005e-01	4.1450e-02	3.8377e-01
4.9904e-01	8.4491e-01	2.6845e-01	3.9295e-01
6.4795e-01	7.5470e-01	2.3169e-01	8.3010e-01
6.3346e-01	3.3542e-01	5.8157e-01	5.8942e-01
3.9806e-01	9.2102e-01	3.4759e-01	4.0470e-01
4.1409e-01	8.9958e-01	1.0051e-01	2.4409e-01
7.5480e-01	5.0987e-01	2.6233e-01	8.0376e-01
6.9175e-01	3.3008e-01	5.0225e-01	7.3945e-01
6.2099e-01	7.5285e-01	2.1984e-01	5.5814e-01
6.0221e-01	6.9957e-01	3.1393e-01	7.9730e-01
8.8121e-01	8.2338e-01	8.7665e-02	6.3457e-01
6.6858e-01	8.7580e-01	9.3644e-02	5.3027e-01
9.1364e-01	8.9276e-01	4.2777e-02	4.3045e-01
5.9537e-01	8.4460e-01	1.3436e-01	7.0982e-01
5.3522e-01	5.4193e-01	2.6034e-01	7.3686e-01
5.4689e-01	7.4107e-01	3.0020e-01	7.3533e-01
8.0007e-01	7.2791e-01	1.4288e-01	7.7966e-01
8.4883e-01	5.9419e-01	2.1552e-01	9.1935e-01
7.5561e-01	5.4015e-01	3.1836e-01	9.4933e-01
5.7044e-01	8.9864e-01	1.6348e-01	4.1281e-01
7.5007e-01	8.8215e-01	6.3118e-02	4.3963e-01
7.7251e-01	6.2741e-01	2.6439e-01	8.0518e-01
6.0410e-01	7.4433e-01	2.4775e-01	8.2258e-01
7.3779e-01	3.8761e-01	3.4722e-01	7.5885e-01
6.8471e-01	6.2633e-01	2.3634e-01	7.7214e-01
7.8995e-01	6.2663e-01	2.6772e-01	8.3234e-01
7.9171e-01	9.1158e-01	6.7250e-02	3.8507e-01
7.9207e-01	3.9226e-01	3.6416e-01	8.7607e-01
7.7410e-01	3.6725e-01	4.1484e-01	9.0018e-01
9.1752e-01	8.0705e-01	1.1206e-01	6.9312e-01
5.6345e-01	8.5536e-01	1.7481e-01	6.4092e-01
7.6572e-01	8.8115e-01	5.6286e-02	4.6231e-01
6.2336e-01	7.4456e-01	2.5052e-01	8.2081e-01
7.0025e-01	8.9764e-01	7.9467e-02	4.1293e-01
6.5211e-01	5.8513e-01	3.4184e-01	8.2034e-01
5.5414e-01	6.3244e-01	4.1267e-01	8.3610e-01
8.2404e-01	4.0039e-01	3.5877e-01	8.9312e-01
5.6368e-01	8.5420e-01	1.2395e-01	6.5103e-01
5.7748e-01	8.2942e-01	1.6909e-01	6.4398e-01
7.3101e-01	8.4212e-01	1.0276e-01	6.8936e-01
8.6381e-01	7.9992e-01	1.2679e-01	6.9971e-01
3.6752e-01	9.3527e-01	3.0991e-01	4.6443e-01
9.2179e-01	4.9880e-01	2.4409e-01	9.0242e-01
3.1321e-01	9.7182e-01	2.5686e-01	0.0000e+00
5.9056e-01	6.5002e-01	3.1123e-01	7.3780e-01
7.2232e-01	8.5064e-01	1.0269e-01	6.8290e-01
8.3745e-01	7.8514e-01	8.6445e-02	6.4139e-01
5.2116e-01	7.5889e-01	3.1445e-01	6.9794e-01
5.7076e-01	8.6310e-01	1.9393e-01	5.7743e-01
5.3636e-01	7.7306e-01	2.7333e-01	7.1582e-01
7.8464e-01	7.4681e-01	1.3967e-01	7.7425e-01
7.1126e-01	7.8893e-01	1.9245e-01	6.0647e-01
6.9401e-01	8.8037e-01	9.0947e-02	5.0488e-01
7.8341e-01	5.2404e-01	3.1445e-01	9.6426e-01
5.3522e-01	5.4193e-01	2.6034e-01	7.3686e-01
7.5946e-01	7.6570e-01	1.7584e-01	7.4204e-01
3.7961e-01	5.4735e-01	5.3488e-01	7.7978e-01
6.5900e-01	6.0805e-01	3.1120e-01	7.7355e-01
5.7615e-01	4.9400e-01	5.3746e-01	7.1582e-01
7.1164e-01	8.6713e-01	8.5412e-02	6.8172e-01
5.0835e-01	8.2842e-01	2.4959e-01	4.3034e-01
5.7763e-01	7.8444e-01	2.8285e-01	5.5391e-01
8.4989e-01	5.9427e-01	2.3361e-01	9.2769e-01
7.7159e-01	7.8777e-01	1.2996e-01	6.7325e-01
7.8787e-01	7.5493e-01	1.2295e-01	6.8783e-01
7.5862e-01	8.4506e-01	9.0357e-02	6.9336e-01
5.8943e-01	8.1177e-01	2.7480e-01	5.1864e-01
7.1146e-01	6.2238e-01	2.3619e-01	8.2928e-01
6.4717e-01	7.4146e-01	2.3893e-01	5.9060e-01
7.2874e-01	3.9071e-01	4.4873e-01	8.5244e-01
3.7507e-01	9.2064e-01	3.4700e-01	4.9629e-01
7.1036e-01	9.3837e-01	8.3861e-02	3.7542e-01
6.9315e-01	3.5044e-01	4.8557e-01	7.8436e-01
4.9873e-01	9.0159e-01	6.7805e-02	2.2093e-01
7.5126e-01	3.6214e-01	4.1584e-01	8.7455e-01
5.0437e-01	4.5536e-01	5.9283e-01	8.4598e-01
5.4898e-01	5.1444e-01	2.8122e-01	7.2616e-01
5.7162e-01	7.6198e-01	2.5177e-01	7.3710e-01
7.8651e-01	6.5405e-01	2.5805e-01	8.0929e-01
6.0158e-01	6.1177e-01	3.1433e-01	7.6003e-01
6.5243e-01	2.5854e-01	5.7803e-01	7.5544e-01
8.6331e-01	5.2574e-01	2.3667e-01	8.0788e-01
7.1190e-01	7.5292e-01	1.9603e-01	7.2393e-01
6.9281e-01	8.3840e-01	9.8736e-02	6.5832e-01
6.5877e-01	8.2617e-01	2.2870e-01	4.7972e-01
8.3966e-01	7.2590e-01	1.3624e-01	7.9483e-01
8.7286e-01	5.0197e-01	2.4697e-01	8.6808e-01
4.8655e-01	8.5397e-01	2.0500e-01	5.8824e-01
7.6579e-01	6.0519e-01	3.0917e-01	8.4386e-01
7.9220e-01	6.0898e-01	2.9326e-01	8.5938e-01
7.0001e-01	9.1777e-01	8.1276e-02	3.9824e-01
9.3601e-01	7.4611e-01	1.1612e-01	7.4403e-01
6.5317e-01	5.8452e-01	3.6288e-01	8.1623e-01
9.3174e-01	7.3767e-01	1.0475e-01	7.2193e-01
3.3488e-01	9.8707e-01	3.5464e-01	2.5091e-01
6.3490e-01	6.7882e-01	3.1984e-01	8.4586e-01
8.1364e-01	4.2238e-01	2.9699e-01	8.4233e-01
7.5785e-01	7.7244e-01	1.8219e-01	7.1076e-01
7.3785e-01	7.3062e-01	2.1973e-01	7.4991e-01
5.6650e-01	8.5800e-01	1.3513e-01	3.9706e-01
5.4595e-01	5.5145e-01	4.0108e-01	6.8195e-01
6.6158e-01	4.3902e-01	3.3789e-01	7.7167e-01
5.3171e-01	6.8649e-01	3.1633e-01	7.6003e-01
5.9975e-01	8.4530e-01	1.6171e-01	6.1399e-01
6.6714e-01	7.9435e-01	1.7049e-01	4.7702e-01
6.9049e-01	7.9706e-01	2.0965e-01	5.3651e-01
7.6921e-01	5.7003e-01	2.8588e-01	9.5262e-01
4.0770e-01	9.8320e-01	2.5749e-01	9.0883e-02
9.2052e-01	7.3356e-01	1.2391e-01	7.5497e-01
7.5002e-01	9.0290e-01	6.7030e-02	4.4092e-01
6.8976e-01	5.9907e-01	3.4504e-01	8.4950e-01
5.1110e-01	7.6732e-01	2.7384e-01	6.9242e-01
8.5599e-01	8.0573e-01	1.2221e-01	6.6619e-01
6.4828e-01	3.3674e-01	5.9505e-01	6.0753e-01
7.0730e-01	5.4015e-01	4.0647e-01	7.5144e-01
5.0016e-01	4.8664e-01	5.6190e-01	8.3563e-01
5.5994e-01	5.1336e-01	4.7198e-01	6.5444e-01
8.1414e-01	5.7081e-01	2.0689e-01	8.6397e-01
7.9465e-01	5.2791e-01	3.2493e-01	9.7390e-01
7.7226e-01	6.7634e-01	2.5181e-01	8.0800e-01
7.1143e-01	9.2141e-01	9.2166e-02	4.1552e-01
4.0531e-01	9.5145e-01	2.2523e-01	1.3145e-01
8.1402e-01	5.6020e-01	2.5642e-01	8.6338e-01
8.0378e-01	3.3550e-01	3.7199e-01	7.3251e-01
6.1245e-01	8.4429e-01	1.3155e-01	7.1793e-01
7.5769e-01	3.6879e-01	3.9894e-01	8.1011e-01
6.4148e-01	7.4534e-01	2.7155e-01	5.9177e-01
7.6231e-01	5.4216e-01	3.1175e-01	9.5344e-01
7.9427e-01	5.5416e-01	2.6044e-01	8.6832e-01
7.6269e-01	8.6566e-01	7.1273e-02	6.6397e-01
7.7389e-01	8.8533e-01	5.2009e-02	3.8024e-01
7.2902e-01	3.5029e-01	3.9244e-01	7.0300e-01
6.9867e-01	3.3519e-01	5.0148e-01	7.7754e-01
6.7293e-01	6.5505e-01	2.5491e-01	7.4109e-01
6.2086e-01	8.1200e-01	2.2527e-01	5.8001e-01
7.9921e-01	5.3465e-01	2.7200e-01	8.7784e-01
8.2403e-01	3.3279e-01	3.7273e-01	7.7461e-01
6.5325e-01	5.0592e-01	4.5046e-01	8.7514e-01
7.9951e-01	9.3349e-01	3.9972e-02	3.4626e-01
4.8351e-01	4.9106e-01	5.5795e-01	8.4304e-01
3.3041e-01	9.9172e-01	2.6724e-01	8.2417e-02
8.0491e-01	9.2420e-01	6.0017e-02	3.9717e-01
6.5346e-01	5.4619e-01	4.2747e-01	9.0641e-01
6.2106e-01	8.1146e-01	2.4022e-01	5.7766e-01
6.9832e-01	7.9923e-01	2.1541e-01	6.2563e-01
8.6995e-01	8.1758e-01	9.6263e-02	6.2128e-01
8.2106e-01	6.3995e-01	2.6373e-01	8.3633e-01
6.3936e-01	2.6187e-01	5.8903e-01	7.2804e-01
7.9184e-01	5.5014e-01	2.6155e-01	8.3880e-01
6.7021e-01	3.2296e-01	4.1259e-01	6.6373e-01
9.0475e-01	9.0329e-01	3.7612e-02	4.1164e-01
7.1351e-01	8.5854e-01	7.0649e-02	6.6773e-01
5.9204e-01	8.5800e-01	1.3782e-01	7.0394e-01
6.9608e-01	8.1502e-01	2.1755e-01	6.1717e-01
5.3123e-01	8.9206e-01	1.7610e-01	4.0188e-01
7.8881e-01	3.3612e-01	3.7398e-01	7.2840e-01
6.6470e-01	4.8509e-01	4.4751e-01	7.1546e-01
5.9140e-01	8.4963e-01	1.3808e-01	6.7478e-01
8.4729e-01	8.2578e-01	1.1741e-01	6.4174e-01
3.6601e-01	9.5710e-01	2.1028e-01	6.1495e-02
8.0027e-01	5.3039e-01	2.9045e-01	8.3669e-01
6.7859e-01	2.5946e-01	5.9047e-01	7.3651e-01
5.3204e-01	7.7120e-01	2.5775e-01	7.2663e-01
8.2080e-01	3.1692e-01	3.9487e-01	7.1323e-01
6.1929e-01	8.3523e-01	2.4575e-01	5.7919e-01
6.1079e-01	8.2911e-01	1.3727e-01	5.9835e-01
4.8779e-01	8.2176e-01	9.2718e-02	5.4744e-01
5.7534e-01	8.3871e-01	1.5728e-01	6.5867e-01
8.4210e-01	4.0279e-01	3.4305e-01	8.8748e-01
6.1794e-01	3.0631e-01	6.0062e-01	6.2069e-01
5.7680e-01	6.0790e-01	4.1975e-01	7.9694e-01
3.0654e-01	5.8173e-01	5.1960e-01	7.4098e-01
8.8306e-01	6.4677e-01	1.7370e-01	8.6937e-01
7.3742e-01	7.8598e-01	1.8157e-01	5.4169e-01
5.5507e-01	7.0925e-01	2.7369e-01	7.3898e-01
9.1228e-01	9.0081e-01	2.0927e-02	3.8143e-01
5.8752e-01	7.9388e-01	2.4542e-01	5.0147e-01
7.9119e-01	4.0627e-01	3.2304e-01	8.0529e-01
5.9118e-01	7.5486e-01	2.9451e-01	8.4057e-01
6.9231e-01	6.1347e-01	3.0747e-01	8.1388e-01
7.0854e-01	9.2621e-01	7.4487e-02	3.7683e-01
7.7924e-01	6.1943e-01	2.5620e-01	8.0835e-01
3.1688e-01	8.9470e-01	1.7038e-01	2.7983e-01
5.8465e-01	8.2850e-01	1.6739e-01	6.2716e-01
4.0489e-01	9.5989e-01	2.4564e-01	1.4097e-01
9.2217e-01	8.9632e-01	2.1556e-02	3.8295e-01
8.7461e-01	6.3810e-01	1.7300e-01	8.7901e-01
7.5369e-01	7.1761e-01	1.1904e-01	6.9547e-01
4.9081e-01	8.6419e-01	3.1950e-01	3.7907e-01
7.8329e-01	8.5195e-01	3.8904e-02	4.1059e-01
4.2569e-01	5.8320e-01	5.2558e-01	8.4104e-01
8.6299e-01	5.4115e-01	2.6104e-01	8.8725e-01
6.8876e-01	7.7135e-01	2.2645e-01	8.1811e-01
4.9297e-01	8.6040e-01	6.8137e-02	1.5802e-01
7.9240e-01	7.7174e-01	1.6119e-01	7.2652e-01
4.8779e-01	8.2176e-01	9.2718e-02	5.4744e-01
6.4191e-01	6.3539e-01	2.2084e-01	7.5344e-01
5.4891e-01	8.0085e-01	2.9558e-01	4.8418e-01
7.5754e-01	3.4889e-01	3.8033e-01	7.9130e-01
7.5267e-01	5.5834e-01	3.1991e-01	9.6697e-01
8.7150e-01	4.9555e-01	2.4944e-01	8.7784e-01
7.8012e-01	7.8397e-01	1.6226e-01	8.1376e-01
8.4361e-01	8.0124e-01	1.2328e-01	6.6467e-01
8.0313e-01	4.0433e-01	3.2977e-01	8.4586e-01
6.4041e-01	7.4224e-01	2.5129e-01	8.2387e-01
6.5317e-01	5.3171e-01	4.2529e-01	7.4862e-01
7.6204e-01	5.4231e-01	3.0064e-01	8.3586e-01
7.7877e-01	3.1243e-01	3.9251e-01	6.6338e-01
6.9525e-01	6.4700e-01	2.6056e-01	8.5103e-01
6.4481e-01	5.5184e-01	4.0979e-01	8.5127e-01
7.7423e-01	3.6763e-01	4.1134e-01	8.8254e-01
8.2726e-01	4.2741e-01	3.0116e-01	8.5997e-01
1.0000e+00	7.1065e-01	1.1819e-01	8.2693e-01
6.4461e-01	4.2121e-01	3.4874e-01	7.0476e-01
6.6307e-01	2.8463e-01	5.7592e-01	7.4603e-01
7.4584e-01	7.8033e-01	1.7060e-01	7.9753e-01
7.0408e-01	7.7917e-01	2.0238e-01	8.1529e-01
7.8797e-01	4.0186e-01	3.3685e-01	7.9565e-01
8.0830e-01	4.9872e-01	2.3782e-01	8.0259e-01
5.7578e-01	7.3450e-01	3.0854e-01	7.4768e-01
8.7793e-01	5.1421e-01	2.4177e-01	8.7867e-01
5.3542e-01	7.7027e-01	3.0581e-01	7.2158e-01
7.2658e-01	4.1835e-01	3.2759e-01	8.0482e-01
7.1865e-01	7.4162e-01	2.2291e-01	7.2393e-01
5.9163e-01	9.0050e-01	1.7249e-01	4.0999e-01
7.8036e-01	6.1177e-01	2.8414e-01	8.2869e-01
5.6391e-01	7.3906e-01	2.7916e-01	7.4521e-01
4.8015e-01	4.7619e-01	5.7456e-01	8.2234e-01
5.2304e-01	8.6845e-01	2.2364e-01	6.0824e-01
7.2108e-01	3.4348e-01	4.8217e-01	8.2928e-01
8.4273e-01	3.8916e-01	3.3962e-01	8.2752e-01
7.4997e-01	3.5424e-01	4.8723e-01	7.9389e-01
7.6115e-01	6.2416e-01	2.7329e-01	8.1435e-01
6.9938e-01	9.1591e-01	8.5192e-02	4.0659e-01
4.0967e-01	9.1552e-01	3.0104e-01	5.1334e-01
4.8779e-01	8.2176e-01	9.2718e-02	5.4744e-01
5.8283e-01	2.5598e-01	5.8478e-01	6.5915e-01
6.6563e-01	6.1773e-01	2.8492e-01	7.6061e-01
8.1617e-01	4.1611e-01	3.1980e-01	8.6314e-01
4.9918e-01	7.7259e-01	2.6735e-01	7.1640e-01
7.2227e-01	8.4444e-01	7.1088e-02	6.5221e-01
7.8041e-01	3.9148e-01	3.4184e-01	7.8331e-01
8.9427e-01	6.5590e-01	1.5300e-01	8.7537e-01
6.4033e-01	7.4472e-01	2.6391e-01	8.2752e-01
5.9626e-01	5.4890e-01	4.7571e-01	7.6673e-01
5.0437e-01	4.9439e-01	5.6035e-01	8.1846e-01
5.4898e-01	5.1444e-01	2.8122e-01	7.2616e-01
8.2250e-01	5.3271e-01	2.8924e-01	9.6096e-01
7.5894e-01	3.5958e-01	3.7853e-01	7.7014e-01
5.4530e-01	3.9326e-01	3.6081e-01	6.8771e-01
6.7488e-01	4.1703e-01	3.6354e-01	7.6943e-01
3.7552e-01	9.2822e-01	3.6498e-01	3.3274e-01
6.0702e-01	8.4762e-01	1.4528e-01	7.2840e-01
4.9581e-01	7.3604e-01	2.4919e-01	7.1358e-01
5.2944e-01	7.8227e-01	2.1416e-01	6.6972e-01
5.2589e-01	8.6434e-01	6.8874e-02	2.0858e-01
6.8576e-01	5.6748e-01	3.0149e-01	8.1493e-01
5.6394e-01	7.6392e-01	1.7850e-01	6.8113e-01
7.5638e-01	6.2578e-01	2.7196e-01	8.2693e-01
6.6958e-01	3.6036e-01	4.5316e-01	7.4074e-01
7.7697e-01	3.7004e-01	3.7236e-01	7.7672e-01
8.2056e-01	3.8126e-01	3.8661e-01	8.4539e-01
3.5813e-01	9.2032e-01	3.4161e-01	3.3745e-01
8.0145e-01	8.0124e-01	1.3801e-01	6.7090e-01
5.6276e-01	7.3318e-01	2.7923e-01	7.1852e-01
4.6892e-01	7.8955e-01	2.4778e-01	6.4503e-01
6.9687e-01	7.3209e-01	2.3055e-01	6.3398e-01
7.2592e-01	3.9047e-01	3.3914e-01	7.2746e-01
9.2984e-01	7.1707e-01	1.2417e-01	7.7167e-01
5.4898e-01	5.1444e-01	2.8122e-01	7.2616e-01
7.9464e-01	9.3264e-01	5.8539e-02	3.8224e-01
6.1945e-01	8.5892e-01	1.5739e-01	6.1928e-01
5.6124e-01	5.2907e-01	3.2245e-01	8.2128e-01
5.4358e-01	8.9795e-01	1.8046e-01	4.1211e-01
6.2646e-01	8.0952e-01	1.8998e-01	4.5385e-01
7.6800e-01	7.7197e-01	1.7765e-01	8.0294e-01
7.4151e-01	3.7661e-01	4.5519e-01	8.1482e-01
7.9028e-01	8.9888e-01	5.1414e-02	3.7120e-01
7.9097e-01	7.4100e-01	1.4089e-01	7.7131e-01
9.1103e-01	9.0693e-01	3.8865e-02	3.8283e-01
7.7842e-01	3.7700e-01	3.9978e-01	8.9594e-01
6.0241e-01	6.8548e-01	3.2652e-01	7.9777e-01
7.7482e-01	7.7708e-01	1.4797e-01	7.6555e-01
8.2254e-01	3.9923e-01	3.3006e-01	8.4868e-01
7.6621e-01	5.6934e-01	2.7174e-01	9.0464e-01
8.4317e-01	3.3465e-01	3.7657e-01	7.5438e-01
8.8089e-01	6.6357e-01	1.4229e-01	8.1435e-01
7.4359e-01	6.4328e-01	2.3664e-01	7.7120e-01
6.8100e-01	5.7607e-01	3.5830e-01	8.4245e-01
6.3228e-01	3.4812e-01	5.8190e-01	6.1294e-01
8.5373e-01	7.7677e-01	1.4170e-01	7.4545e-01
8.0323e-01	8.9663e-01	5.8320e-02	3.9695e-01
6.9215e-01	6.4111e-01	3.1526e-01	8.0165e-01
7.5963e-01	8.3608e-01	9.7077e-02	7.2346e-01
5.4530e-01	3.9326e-01	3.6081e-01	6.8772e-01
7.2314e-01	7.8730e-01	2.1010e-01	5.7331e-01
8.0301e-01	7.1792e-01	1.4923e-01	7.9871e-01
6.3582e-01	4.8657e-01	4.6833e-01	8.9583e-01
8.8292e-01	5.2760e-01	2.3546e-01	8.8454e-01
4.7534e-01	4.6419e-01	5.3296e-01	7.4062e-01
8.5724e-01	8.1889e-01	1.0058e-01	6.4339e-01
5.6181e-01	7.8761e-01	2.7727e-01	7.2828e-01
8.7715e-01	8.3554e-01	8.1608e-02	6.3657e-01
7.6875e-01	3.7522e-01	3.4951e-01	7.1252e-01
5.1076e-01	8.3430e-01	2.9001e-01	4.1987e-01
3.1688e-01	8.9470e-01	1.7038e-01	2.7983e-01
5.3523e-01	5.4193e-01	2.6033e-01	7.3686e-01
4.3866e-01	5.1878e-01	4.9568e-01	6.4244e-01
7.1460e-01	8.8959e-01	8.9655e-02	4.9453e-01
5.8126e-01	8.5622e-01	2.0098e-01	6.2152e-01
3.1210e-01	9.4394e-01	3.1858e-01	4.1693e-01
7.8363e-01	3.9907e-01	3.3342e-01	8.2458e-01
7.0947e-01	5.9473e-01	3.0692e-01	8.1211e-01
7.6282e-01	7.6640e-01	1.9245e-01	8.2081e-01
4.5695e-01	8.4181e-01	3.2342e-01	3.5932e-01
8.0741e-01	7.8761e-01	1.2103e-01	6.6726e-01
5.7469e-01	8.6829e-01	1.9917e-01	6.2517e-01
6.3920e-01	2.7309e-01	5.7456e-01	7.3921e-01
3.3135e-01	9.8777e-01	2.5941e-01	8.0653e-02
7.6645e-01	3.9953e-01	3.4874e-01	7.9953e-01
5.5557e-01	8.7681e-01	2.1530e-01	6.2599e-01
8.5345e-01	5.7925e-01	2.2549e-01	9.1299e-01
8.6734e-01	8.2787e-01	1.1819e-01	6.6067e-01
5.6245e-01	6.2873e-01	3.5335e-01	7.7108e-01
8.4316e-01	8.0101e-01	1.4403e-01	7.4321e-01
5.0613e-01	7.8382e-01	2.6151e-01	7.0841e-01
5.6955e-01	5.1568e-01	5.1221e-01	7.2899e-01
5.7151e-01	5.4007e-01	4.8660e-01	7.3792e-01
7.9934e-01	3.5106e-01	4.3219e-01	8.8066e-01
6.7042e-01	8.1843e-01	2.1700e-01	4.7995e-01
5.3558e-01	7.6229e-01	2.1335e-01	7.2593e-01
7.3529e-01	3.2187e-01	5.1200e-01	8.2951e-01
6.8069e-01	5.2420e-01	4.3655e-01	9.0794e-01
8.4759e-01	5.9303e-01	2.1608e-01	8.8983e-01
7.9721e-01	8.9508e-01	5.8134e-02	4.0694e-01
6.9970e-01	6.3392e-01	3.1223e-01	7.9424e-01
7.9132e-01	5.8475e-01	2.2671e-01	8.8924e-01
5.0908e-01	8.4065e-01	2.8798e-01	4.1658e-01
7.4159e-01	5.3070e-01	2.8809e-01	8.8595e-01
6.7012e-01	6.4917e-01	2.4291e-01	8.0306e-01
4.0708e-01	6.3957e-01	1.6772e-01	5.9589e-01
5.3597e-01	5.1003e-01	2.2634e-01	8.0917e-01
3.8757e-01	2.4770e-01	5.6773e-01	8.6526e-01
2.3032e-01	3.6236e-02	9.0329e-01	6.6079e-01
2.5052e-01	2.0805e-01	6.6208e-01	8.6526e-01
3.4339e-01	5.0391e-01	2.8521e-01	9.0242e-01
3.8104e-01	6.1789e-01	1.1863e-01	5.7414e-01
4.4336e-01	6.3508e-01	1.4923e-01	5.0947e-01
5.3260e-01	5.2002e-01	2.1534e-01	7.9060e-01
4.3677e-01	2.6612e-01	4.7863e-01	8.2693e-01
3.3393e-01	1.7352e-01	6.3026e-01	7.1793e-01
3.9785e-01	2.8138e-01	4.5829e-01	8.3175e-01
4.6353e-01	5.1196e-01	2.1401e-01	8.2293e-01
4.8151e-01	6.2361e-01	7.0649e-02	4.9900e-01
8.2116e-02	7.6113e-01	2.5686e-01	1.6990e-01
3.7648e-01	6.1835e-01	1.9659e-01	5.6332e-01
4.5197e-01	4.4514e-01	3.3120e-01	8.8019e-01
3.7668e-01	1.7723e-01	6.1612e-01	7.6614e-01
2.4966e-01	3.1514e-02	7.9540e-01	5.4380e-01
3.7645e-01	2.5784e-01	4.6327e-01	7.8248e-01
4.8273e-01	5.0089e-01	2.0711e-01	8.3422e-01
5.4199e-01	6.4111e-01	3.3588e-02	4.0964e-01
2.6205e-01	6.9718e-01	1.9459e-01	3.3474e-01
3.8768e-01	5.0414e-01	2.8905e-01	7.7954e-01
3.5667e-01	2.4948e-01	5.1284e-01	7.4662e-01
3.1540e-01	1.2427e-01	6.2033e-01	6.1976e-01
4.7361e-01	3.5261e-01	3.1345e-01	8.4562e-01
5.8393e-01	5.5974e-01	1.1394e-01	7.8730e-01
5.9180e-01	6.5792e-01	1.4875e-02	4.0529e-01
1.8492e-01	7.9117e-01	2.1427e-01	1.6120e-01
3.1069e-01	5.3240e-01	3.3279e-01	7.9706e-01
3.4298e-01	3.1150e-01	4.7774e-01	8.5750e-01
3.9069e-01	2.7797e-01	4.2835e-01	7.9271e-01
5.4448e-01	5.3326e-01	1.4240e-01	8.2975e-01
6.2616e-01	6.7441e-01	1.6533e-02	5.3521e-01
5.6667e-01	6.9648e-01	1.0683e-03	2.2422e-01
1.1192e-01	8.5606e-01	2.1102e-01	2.3386e-01
2.7535e-01	6.1990e-01	2.4162e-01	6.9900e-01
3.5906e-01	4.5869e-01	2.8023e-01	8.1776e-01
4.4198e-01	4.4011e-01	2.1929e-01	7.8331e-01
5.5114e-01	5.8769e-01	8.6040e-02	7.4780e-01
5.7369e-01	6.4026e-01	5.3004e-02	6.2505e-01
4.8763e-01	6.3035e-01	8.1866e-02	5.1217e-01
2.4761e-01	6.3980e-01	2.0534e-01	4.5232e-01
6.0706e-02	8.4019e-01	2.2811e-01	4.4056e-01
1.9823e-01	6.4042e-01	2.6100e-01	6.8654e-01
2.8958e-01	5.1305e-01	2.5727e-01	7.7225e-01
3.8513e-01	5.1498e-01	1.8492e-01	7.2899e-01
4.6145e-01	6.0797e-01	1.0084e-01	6.8383e-01
4.4557e-01	5.8777e-01	1.2550e-01	6.7819e-01
3.5885e-01	5.5470e-01	2.0777e-01	6.7749e-01
3.5399e-01	5.7406e-01	2.2409e-01	6.1857e-01
4.1720e-01	4.6024e-01	3.5143e-01	8.1787e-01
2.8336e-01	2.5939e-01	6.9039e-01	6.8478e-01
1.5769e-01	2.9446e-01	7.0079e-01	7.0253e-01
3.2120e-01	6.6001e-01	2.1335e-01	6.6091e-01
5.2543e-01	5.7050e-01	1.6658e-01	7.2405e-01
3.9734e-01	3.2466e-01	5.1539e-01	7.9318e-01
2.1920e-01	1.0298e-02	9.8922e-01	4.7537e-01
2.1813e-01	2.0434e-01	7.6424e-01	6.4656e-01
2.8622e-01	4.9547e-01	3.3057e-01	8.4786e-01
3.6512e-01	6.3624e-01	1.6924e-01	5.4250e-01
4.7687e-01	5.0987e-01	2.2962e-01	7.6308e-01
3.4673e-01	2.5226e-01	5.5053e-01	8.3304e-01
2.0416e-01	4.8625e-02	8.7262e-01	6.5103e-01
2.3327e-01	2.1239e-01	6.6613e-01	8.3645e-01
3.2097e-01	5.1142e-01	2.8285e-01	8.7196e-01
3.4571e-01	6.3105e-01	1.2446e-01	5.3439e-01
4.0380e-01	6.3856e-01	1.4284e-01	4.6455e-01
4.7941e-01	5.1460e-01	2.2486e-01	7.3663e-01
3.9808e-01	2.6697e-01	4.7538e-01	7.6755e-01
3.0399e-01	1.7708e-01	6.1841e-01	6.8795e-01
3.8334e-01	2.8997e-01	4.5353e-01	8.0412e-01
4.3986e-01	5.1684e-01	2.1730e-01	8.0600e-01
4.4324e-01	6.2772e-01	7.2346e-02	4.6396e-01
5.4850e-02	7.6477e-01	2.5037e-01	1.3980e-01
3.4045e-01	6.3384e-01	1.8463e-01	5.3039e-01
4.1110e-01	4.3763e-01	3.4874e-01	8.3245e-01
3.4500e-01	1.6639e-01	6.3148e-01	6.9912e-01
2.2761e-01	3.4687e-02	7.7893e-01	4.9218e-01
3.7104e-01	2.6132e-01	4.5500e-01	7.4768e-01
4.6987e-01	5.0608e-01	2.0807e-01	8.1541e-01
5.0853e-01	6.4862e-01	3.7870e-02	3.7625e-01
2.2784e-01	6.9865e-01	1.8795e-01	3.1535e-01
3.5347e-01	5.0910e-01	2.8462e-01	7.5826e-01
3.2882e-01	2.4204e-01	5.2233e-01	7.2358e-01
2.9800e-01	1.3852e-01	5.9025e-01	5.9589e-01
4.6386e-01	3.6562e-01	3.0729e-01	8.3198e-01
5.6814e-01	5.5680e-01	1.2129e-01	7.7155e-01
5.5163e-01	6.6334e-01	2.2147e-02	3.6943e-01
1.5548e-01	7.7933e-01	2.2028e-01	1.4450e-01
2.8164e-01	5.3116e-01	3.4069e-01	7.7143e-01
3.2211e-01	3.0368e-01	4.9062e-01	8.3657e-01
3.7239e-01	2.6891e-01	4.3659e-01	7.7531e-01
5.2533e-01	5.3682e-01	1.4414e-01	8.1729e-01
6.0130e-01	6.7573e-01	1.8972e-02	5.1346e-01
5.2654e-01	7.0283e-01	1.0627e-02	1.9659e-01
8.4309e-02	8.5869e-01	2.1589e-01	2.2787e-01
2.5828e-01	6.1603e-01	2.3468e-01	6.8431e-01
3.3623e-01	4.6148e-01	2.7628e-01	7.9189e-01
4.1824e-01	4.5110e-01	2.0508e-01	7.5814e-01
5.2241e-01	5.8715e-01	8.6299e-02	7.2111e-01
5.5098e-01	6.4638e-01	5.6286e-02	6.1505e-01
4.5159e-01	6.3631e-01	8.6333e-02	4.9536e-01
2.0922e-01	6.4491e-01	2.0711e-01	4.2375e-01
3.8487e-02	8.4352e-01	2.3771e-01	4.1929e-01
1.8335e-01	6.4367e-01	2.5195e-01	6.7114e-01
2.6896e-01	5.1916e-01	2.5155e-01	7.5038e-01
3.6777e-01	5.2946e-01	1.7215e-01	7.0229e-01
4.5318e-01	6.1022e-01	9.6483e-02	6.6244e-01
4.3904e-01	5.8955e-01	1.2793e-01	6.6855e-01
3.4794e-01	5.7027e-01	1.9640e-01	6.7067e-01
3.0599e-01	5.8901e-01	2.0947e-01	5.8519e-01
3.7349e-01	4.8362e-01	3.3704e-01	7.8613e-01
2.4883e-01	2.8231e-01	6.6879e-01	6.7231e-01
1.3850e-01	3.1661e-01	6.7507e-01	6.8078e-01
2.7091e-01	6.6644e-01	2.0818e-01	6.1153e-01
4.6682e-01	5.6841e-01	1.6632e-01	6.7501e-01
3.3824e-01	3.3442e-01	5.1410e-01	7.7178e-01
1.8432e-01	1.8118e-02	9.7335e-01	4.8454e-01
1.9143e-01	2.2625e-01	7.4317e-01	6.4503e-01
2.6550e-01	5.0314e-01	3.1958e-01	8.3198e-01
4.3491e-01	6.2757e-01	1.7747e-01	6.3010e-01
5.1001e-01	4.7604e-01	2.8813e-01	8.4762e-01
3.8875e-01	1.9737e-01	6.2026e-01	8.8983e-01
2.7208e-01	3.8635e-02	8.9790e-01	7.6438e-01
3.2249e-01	2.5923e-01	6.1542e-01	9.7143e-01
4.1361e-01	5.2482e-01	2.6056e-01	9.3874e-01
3.8786e-01	6.3841e-01	1.2992e-01	5.7519e-01
4.6817e-01	6.2261e-01	1.5669e-01	5.5614e-01
5.2329e-01	4.8935e-01	2.6550e-01	8.0423e-01
4.5210e-01	2.3670e-01	5.0738e-01	8.1011e-01
3.7521e-01	1.7530e-01	6.2583e-01	7.6779e-01
4.6219e-01	3.2350e-01	4.2426e-01	9.1182e-01
5.0813e-01	5.3891e-01	2.0009e-01	8.4621e-01
4.8714e-01	6.3430e-01	7.3638e-02	4.8725e-01
1.2991e-01	7.6330e-01	2.1914e-01	1.5344e-01
4.0366e-01	5.9559e-01	2.0737e-01	6.2563e-01
4.6041e-01	4.1053e-01	3.8760e-01	8.6796e-01
3.9643e-01	1.3558e-01	6.4192e-01	6.6514e-01
2.9901e-01	6.5580e-02	7.4099e-01	5.2675e-01
4.4908e-01	3.0066e-01	4.1691e-01	8.0647e-01
5.4405e-01	5.3984e-01	1.7691e-01	8.1364e-01
5.6158e-01	6.5141e-01	3.7982e-02	4.0070e-01
2.9765e-01	6.6705e-01	2.0803e-01	4.1059e-01
4.0755e-01	4.6380e-01	3.2703e-01	7.7531e-01
3.7904e-01	2.1169e-01	5.3296e-01	6.6714e-01
3.8292e-01	1.6802e-01	5.6024e-01	6.2117e-01
5.4771e-01	3.8583e-01	3.0116e-01	8.7737e-01
6.5430e-01	5.8467e-01	9.7960e-02	7.7754e-01
5.9638e-01	6.6620e-01	2.7682e-02	4.2152e-01
2.0316e-01	7.4998e-01	2.3453e-01	2.7301e-01
3.2505e-01	4.8641e-01	3.7247e-01	7.7743e-01
3.8171e-01	2.7844e-01	4.9044e-01	7.9024e-01
4.6897e-01	3.2203e-01	3.7590e-01	7.8201e-01
6.2056e-01	5.4890e-01	1.4284e-01	8.3680e-01
6.8031e-01	6.8587e-01	1.2807e-02	5.1370e-01
5.7239e-01	6.9400e-01	1.9084e-02	2.6890e-01
1.1259e-01	8.2152e-01	2.3970e-01	3.1969e-01
2.9991e-01	5.8165e-01	2.5742e-01	7.3510e-01
4.0562e-01	4.3105e-01	2.9311e-01	8.3363e-01
5.3872e-01	4.7983e-01	1.8149e-01	8.0647e-01
6.2253e-01	5.9814e-01	9.3385e-02	7.6661e-01
6.3349e-01	6.5319e-01	5.4847e-02	6.2081e-01
4.9099e-01	6.3662e-01	9.5600e-02	5.2464e-01
2.4659e-01	6.6489e-01	2.1228e-01	4.2222e-01
6.4073e-02	8.1208e-01	2.5428e-01	4.8043e-01
2.2535e-01	6.1510e-01	2.6170e-01	7.0617e-01
3.4764e-01	5.0646e-01	2.5184e-01	7.8237e-01
4.7233e-01	5.4882e-01	1.5757e-01	7.2558e-01
5.2696e-01	6.0542e-01	1.0531e-01	7.2275e-01
5.0046e-01	5.8343e-01	1.3222e-01	7.2569e-01
3.9118e-01	5.5625e-01	2.1242e-01	7.2275e-01
3.7480e-01	5.6229e-01	2.3944e-01	6.7972e-01
4.1563e-01	4.2524e-01	4.2474e-01	8.2058e-01
2.9856e-01	2.2888e-01	7.3741e-01	7.0065e-01
1.9217e-01	3.0894e-01	6.9895e-01	7.4015e-01
3.5979e-01	6.5900e-01	1.9345e-01	6.6690e-01
5.2144e-01	5.4162e-01	2.0567e-01	7.7778e-01
3.8323e-01	2.5939e-01	6.1324e-01	8.3916e-01
2.6414e-01	0.0000e+00	1.0000e+00	5.9248e-01
2.8231e-01	2.4925e-01	7.1837e-01	7.6967e-01
3.5488e-01	5.1328e-01	3.1168e-01	9.0030e-01
3.8021e-01	6.4382e-01	1.7540e-01	5.6096e-01
5.0774e-01	5.2056e-01	2.1925e-01	7.7801e-01
3.8654e-01	2.6047e-01	5.3529e-01	8.9842e-01
2.5603e-01	5.9851e-02	8.4671e-01	7.2122e-01
2.8314e-01	1.9249e-01	6.7747e-01	8.6561e-01
3.5718e-01	4.9725e-01	3.0112e-01	9.3580e-01
3.8570e-01	6.1959e-01	1.3365e-01	6.0200e-01
4.1520e-01	6.3778e-01	1.5159e-01	4.8077e-01
5.0119e-01	5.3008e-01	2.1357e-01	7.6473e-01
4.3362e-01	2.7634e-01	4.6575e-01	8.4997e-01
3.4859e-01	1.7460e-01	6.1538e-01	7.5144e-01
4.3036e-01	2.7921e-01	4.5840e-01	8.5044e-01
4.7105e-01	5.0654e-01	2.2859e-01	8.4668e-01
4.8161e-01	6.2927e-01	7.7735e-02	5.2416e-01
4.6456e-02	7.5664e-01	2.7440e-01	1.7555e-01
3.4557e-01	6.3933e-01	1.8965e-01	5.1382e-01
4.2232e-01	4.6853e-01	3.2522e-01	8.4750e-01
3.7748e-01	1.8560e-01	6.0287e-01	7.5756e-01
2.6363e-01	2.9344e-02	7.9008e-01	5.2993e-01
4.0611e-01	2.4940e-01	4.7091e-01	8.0576e-01
4.9241e-01	4.8982e-01	2.3188e-01	8.8607e-01
5.4302e-01	6.4886e-01	3.8680e-02	4.3069e-01
2.3260e-01	7.0770e-01	1.9969e-01	2.8348e-01
3.6682e-01	5.2311e-01	2.8145e-01	7.4356e-01
3.5073e-01	2.7410e-01	4.8767e-01	7.5838e-01
3.3982e-01	1.4294e-01	5.9283e-01	6.0694e-01
5.0806e-01	3.6547e-01	3.0507e-01	8.6067e-01
6.0532e-01	5.5501e-01	1.2675e-01	8.1364e-01
5.9660e-01	6.6101e-01	1.9747e-02	4.1293e-01
1.4509e-01	7.9613e-01	2.2195e-01	9.5002e-02
2.8573e-01	5.3813e-01	3.4420e-01	7.5568e-01
3.4207e-01	3.1978e-01	4.7025e-01	8.6067e-01
4.1849e-01	2.7061e-01	4.3514e-01	7.7425e-01
5.6257e-01	5.2629e-01	1.5661e-01	8.5350e-01
6.2898e-01	6.7278e-01	3.2149e-02	5.5967e-01
5.5374e-01	7.1003e-01	3.0241e-03	2.2069e-01
7.0838e-02	8.6318e-01	2.0892e-01	1.9811e-01
2.5414e-01	6.2300e-01	2.3439e-01	6.6738e-01
3.6118e-01	4.6264e-01	2.7761e-01	8.1047e-01
4.5754e-01	4.4924e-01	2.1287e-01	7.6602e-01
5.6200e-01	5.8707e-01	9.3751e-02	7.5861e-01
5.6880e-01	6.4568e-01	7.1312e-02	6.5033e-01
4.6771e-01	6.3562e-01	8.5192e-02	5.2299e-01
2.4233e-01	6.3600e-01	1.9784e-01	4.6808e-01
2.0877e-02	8.4530e-01	2.2505e-01	4.3856e-01
1.7777e-01	6.4452e-01	2.5646e-01	6.9112e-01
2.9234e-01	5.2706e-01	2.4712e-01	7.8354e-01
4.0124e-01	5.2071e-01	1.7765e-01	7.3310e-01
4.7419e-01	6.0287e-01	9.9291e-02	6.8242e-01
4.4485e-01	5.7723e-01	1.3310e-01	7.0629e-01
3.5471e-01	5.5958e-01	2.0379e-01	7.0347e-01
3.4095e-01	5.9334e-01	2.0755e-01	6.2481e-01
4.0520e-01	4.7836e-01	3.2932e-01	8.1317e-01
2.8525e-01	2.6705e-01	6.8178e-01	6.9618e-01
1.6651e-01	2.8416e-01	7.1829e-01	6.7961e-01
2.9994e-01	6.6117e-01	2.1958e-01	6.7114e-01
5.0523e-01	5.7243e-01	1.6702e-01	7.0806e-01
3.8449e-01	3.3658e-01	4.9527e-01	8.1341e-01
2.3234e-01	2.6867e-02	9.5825e-01	5.6766e-01
2.3971e-01	1.9698e-01	7.6029e-01	6.9042e-01
2.9878e-01	4.9276e-01	3.3991e-01	9.0253e-01
4.3702e-01	6.1998e-01	1.7455e-01	6.3481e-01
4.9536e-01	4.7116e-01	2.8724e-01	8.4398e-01
3.6787e-01	1.9040e-01	6.2210e-01	8.6279e-01
2.5029e-01	4.7929e-02	8.6907e-01	7.3451e-01
2.9211e-01	2.6744e-01	6.0044e-01	9.4274e-01
3.7455e-01	5.2698e-01	2.6104e-01	9.0629e-01
3.4430e-01	6.3872e-01	1.3052e-01	5.5321e-01
4.7119e-01	6.2269e-01	1.4971e-01	5.7166e-01
5.1817e-01	4.7464e-01	2.7096e-01	8.2164e-01
4.4237e-01	2.1967e-01	5.1982e-01	8.0835e-01
3.6330e-01	1.6485e-01	6.2978e-01	7.6790e-01
4.4035e-01	3.2451e-01	4.2315e-01	9.0335e-01
4.7841e-01	5.3566e-01	2.0500e-01	8.3716e-01
4.4890e-01	6.4189e-01	6.9688e-02	4.6302e-01
1.5886e-01	7.6516e-01	2.1726e-01	1.7919e-01
4.1559e-01	5.9536e-01	2.0722e-01	6.5021e-01
4.6023e-01	3.9466e-01	3.9166e-01	8.8489e-01
3.8010e-01	1.1250e-01	6.6791e-01	6.8595e-01
2.9105e-01	5.7452e-02	7.4273e-01	5.8084e-01
4.2835e-01	2.9686e-01	4.2433e-01	8.3974e-01
5.1635e-01	5.3000e-01	1.8540e-01	8.1623e-01
5.1626e-01	6.5513e-01	3.6539e-02	3.7954e-01
3.1122e-01	6.6210e-01	2.0652e-01	4.4656e-01
4.1864e-01	4.5211e-01	3.3619e-01	8.2422e-01
3.7486e-01	1.9179e-01	5.5854e-01	7.1664e-01
3.7403e-01	1.5602e-01	5.6271e-01	6.8842e-01
5.1963e-01	3.8970e-01	2.8695e-01	9.0065e-01
6.1656e-01	5.8870e-01	9.5966e-02	7.6614e-01
5.5679e-01	6.6953e-01	3.0892e-02	4.0070e-01
2.1985e-01	7.3364e-01	2.5129e-01	3.2828e-01
3.3550e-01	4.8602e-01	3.5756e-01	8.4656e-01
3.7820e-01	2.6210e-01	5.1528e-01	8.5903e-01
4.5673e-01	3.0731e-01	4.0211e-01	8.5938e-01
5.8135e-01	5.5664e-01	1.2864e-01	8.3128e-01
6.3674e-01	6.9423e-01	6.4574e-03	4.8301e-01
5.2754e-01	6.9787e-01	1.5797e-02	2.4809e-01
1.3529e-01	8.1634e-01	2.2962e-01	3.6825e-01
3.1293e-01	5.7646e-01	2.6373e-01	7.6896e-01
4.0036e-01	4.3236e-01	2.9687e-01	8.5856e-01
5.0676e-01	4.7704e-01	1.8721e-01	8.3633e-01
5.7201e-01	6.0008e-01	9.3975e-02	7.6649e-01
5.8454e-01	6.5366e-01	4.8536e-02	6.0106e-01
4.4675e-01	6.3260e-01	9.7999e-02	5.1005e-01
2.2231e-01	6.6613e-01	2.1228e-01	4.2304e-01
8.3674e-02	8.0194e-01	2.5166e-01	5.1217e-01
2.3563e-01	6.0952e-01	2.6362e-01	7.4909e-01
3.3333e-01	5.0623e-01	2.5793e-01	8.1529e-01
4.4759e-01	5.4549e-01	1.5702e-01	7.5979e-01
4.8589e-01	6.1463e-01	1.0815e-01	7.1758e-01
4.6438e-01	5.7987e-01	1.3509e-01	7.0723e-01
3.5597e-01	5.5958e-01	2.0475e-01	7.0206e-01
3.6043e-01	5.6129e-01	2.3571e-01	6.7807e-01
3.9519e-01	4.3260e-01	4.1119e-01	8.0271e-01
2.7487e-01	2.4545e-01	7.2929e-01	6.9124e-01
1.5862e-01	3.2853e-01	6.7596e-01	7.2899e-01
3.4091e-01	6.5258e-01	1.9770e-01	6.6385e-01
4.9939e-01	5.3798e-01	2.1109e-01	7.7190e-01
3.6313e-01	2.6395e-01	6.1612e-01	7.8636e-01
2.4129e-01	3.5622e-03	9.8501e-01	5.3921e-01
2.4814e-01	2.7069e-01	6.8105e-01	7.3275e-01
3.1828e-01	5.2211e-01	3.0507e-01	8.6573e-01
4.4827e-01	6.2617e-01	1.7230e-01	6.4409e-01
5.3077e-01	4.7820e-01	2.7487e-01	8.5785e-01
4.0360e-01	1.9961e-01	6.0889e-01	8.6538e-01
2.8123e-01	2.7563e-02	9.0307e-01	7.1711e-01
3.2486e-01	2.5497e-01	6.0704e-01	9.1629e-01
4.0933e-01	5.2226e-01	2.6672e-01	9.2099e-01
3.8478e-01	6.3918e-01	1.2937e-01	5.7743e-01
4.7757e-01	6.2424e-01	1.5078e-01	5.7660e-01
5.3498e-01	4.8455e-01	2.6155e-01	8.4503e-01
4.6792e-01	2.1889e-01	5.1701e-01	8.4492e-01
3.9245e-01	1.5680e-01	6.3284e-01	7.8472e-01
4.8114e-01	3.0755e-01	4.3341e-01	9.1794e-01
5.1658e-01	5.2373e-01	2.0733e-01	8.6549e-01
4.8832e-01	6.3763e-01	7.4521e-02	4.9641e-01
1.3868e-01	7.6415e-01	2.2556e-01	1.8437e-01
4.0726e-01	6.0193e-01	2.0855e-01	6.4174e-01
4.5744e-01	3.8900e-01	4.0525e-01	9.1405e-01
4.0111e-01	1.2156e-01	6.5495e-01	7.3157e-01
3.1566e-01	3.5926e-02	7.7347e-01	6.0376e-01
4.6263e-01	2.7960e-01	4.3382e-01	8.7784e-01
5.4519e-01	5.2505e-01	1.9149e-01	8.6467e-01
5.5426e-01	6.5621e-01	3.4993e-02	4.0917e-01
2.9278e-01	6.7248e-01	2.0231e-01	4.1681e-01
4.0235e-01	4.5660e-01	3.3264e-01	8.2258e-01
3.8451e-01	1.8645e-01	5.7120e-01	7.3592e-01
3.9554e-01	1.4564e-01	5.7703e-01	6.7901e-01
5.6151e-01	3.7422e-01	2.9721e-01	9.2052e-01
6.5334e-01	5.8266e-01	1.0029e-01	7.9636e-01
5.9178e-01	6.6179e-01	3.1520e-02	4.2563e-01
1.9293e-01	7.4247e-01	2.5236e-01	2.8019e-01
3.2092e-01	4.7588e-01	3.9550e-01	8.4797e-01
3.7770e-01	2.6040e-01	5.1642e-01	8.8348e-01
4.5601e-01	3.0151e-01	3.9270e-01	8.7032e-01
6.1152e-01	5.4038e-01	1.4041e-01	8.7066e-01
6.6608e-01	6.8564e-01	1.3359e-02	5.2946e-01
5.6103e-01	6.9694e-01	2.1001e-02	2.6208e-01
1.0133e-01	8.1944e-01	2.3335e-01	3.2134e-01
2.9010e-01	5.8188e-01	2.5948e-01	7.3604e-01
3.8736e-01	4.3716e-01	2.9595e-01	8.4198e-01
4.9868e-01	4.7232e-01	1.8673e-01	8.2987e-01
5.9580e-01	5.9388e-01	9.0064e-02	7.8895e-01
6.1241e-01	6.5033e-01	5.3004e-02	6.3210e-01
4.7837e-01	6.3128e-01	1.0017e-01	5.3275e-01
2.2694e-01	6.5815e-01	2.1423e-01	4.2998e-01
4.8619e-02	8.1510e-01	2.4601e-01	4.8442e-01
2.0907e-01	6.1920e-01	2.5712e-01	7.1182e-01
3.1411e-01	5.1173e-01	2.5428e-01	7.8284e-01
4.3172e-01	5.4510e-01	1.5462e-01	7.3475e-01
4.8630e-01	6.0805e-01	1.0058e-01	7.1711e-01
4.7182e-01	5.8173e-01	1.3092e-01	7.1535e-01
3.6447e-01	5.5277e-01	2.1541e-01	7.1358e-01
3.6801e-01	5.7414e-01	2.2970e-01	6.7525e-01
4.0417e-01	4.4568e-01	4.0115e-01	8.2740e-01
2.7797e-01	2.3190e-01	7.3896e-01	7.2463e-01
1.7059e-01	3.0345e-01	7.0024e-01	7.4686e-01
3.6155e-01	6.5931e-01	2.0039e-01	6.7043e-01
5.2704e-01	5.4278e-01	1.9847e-01	7.8048e-01
3.8099e-01	2.7356e-01	5.9290e-01	8.0635e-01
2.4833e-01	4.2582e-03	9.8612e-01	5.5062e-01
2.6566e-01	2.4444e-01	7.2062e-01	7.2534e-01
3.3744e-01	5.1142e-01	3.1101e-01	8.8055e-01
3.5061e-01	6.4181e-01	1.7492e-01	5.3521e-01
4.7830e-01	5.0956e-01	2.3032e-01	7.6920e-01
3.4256e-01	2.4382e-01	5.7061e-01	8.6103e-01
2.1784e-01	3.6390e-02	9.0060e-01	6.9030e-01
2.6348e-01	2.0798e-01	6.7278e-01	8.6655e-01
3.6328e-01	4.9686e-01	2.8514e-01	9.2769e-01
3.8479e-01	6.1998e-01	1.2528e-01	5.6367e-01
3.8967e-01	6.4104e-01	1.5318e-01	4.5315e-01
4.7780e-01	5.2753e-01	2.1323e-01	7.4450e-01
3.9334e-01	2.6814e-01	4.7767e-01	8.0600e-01
3.2062e-01	1.6554e-01	6.4963e-01	7.5180e-01
3.9802e-01	2.7294e-01	4.7571e-01	8.5667e-01
4.6956e-01	5.1173e-01	2.1833e-01	8.7207e-01
4.7244e-01	6.2183e-01	7.0756e-02	4.9536e-01
3.3519e-02	7.6988e-01	2.6454e-01	9.2183e-02
3.3028e-01	6.1881e-01	2.0076e-01	5.1746e-01
4.0691e-01	4.4367e-01	3.3608e-01	8.3175e-01
3.4038e-01	1.6624e-01	6.2546e-01	7.0465e-01
2.3885e-01	2.9965e-02	7.8695e-01	5.3322e-01
3.8533e-01	2.4909e-01	4.7715e-01	7.9248e-01
4.8861e-01	4.9121e-01	2.0962e-01	8.5832e-01
5.3187e-01	6.3926e-01	3.3515e-02	4.1247e-01
2.0430e-01	6.9230e-01	2.0655e-01	3.0300e-01
3.4095e-01	4.8974e-01	3.1315e-01	7.3651e-01
3.2874e-01	2.3662e-01	5.2480e-01	7.1864e-01
3.0872e-01	1.2210e-01	6.1645e-01	5.9953e-01
4.8186e-01	3.4889e-01	3.1847e-01	8.6302e-01
5.8079e-01	5.4913e-01	1.2646e-01	8.1611e-01
5.7758e-01	6.5915e-01	1.5280e-02	4.0153e-01
1.3249e-01	7.8699e-01	2.3077e-01	1.1346e-01
2.6839e-01	5.1436e-01	3.5531e-01	7.3639e-01
3.2286e-01	2.9872e-01	4.8671e-01	7.8154e-01
3.9281e-01	2.6945e-01	4.3315e-01	6.9148e-01
5.5867e-01	5.2180e-01	1.5078e-01	8.1011e-01
6.3282e-01	6.6334e-01	2.3473e-02	5.4980e-01
5.5700e-01	6.9686e-01	3.1361e-03	2.2222e-01
5.0891e-02	8.6279e-01	2.2833e-01	1.6038e-01
2.3342e-01	6.0620e-01	2.5705e-01	6.7842e-01
3.4934e-01	4.3585e-01	3.0160e-01	8.1834e-01
4.4447e-01	4.3260e-01	2.2549e-01	7.8636e-01
5.6125e-01	5.8010e-01	9.0025e-02	7.6402e-01
5.7872e-01	6.4344e-01	5.6730e-02	6.2164e-01
4.8267e-01	6.3484e-01	8.1018e-02	4.8783e-01
2.2982e-01	6.4715e-01	2.1117e-01	4.2622e-01
5.9278e-03	8.5188e-01	2.3712e-01	3.6155e-01
1.6557e-01	6.3213e-01	2.7403e-01	6.5937e-01
2.7670e-01	5.1003e-01	2.6975e-01	7.8142e-01
3.8128e-01	5.1235e-01	1.9507e-01	7.4356e-01
4.6486e-01	6.0821e-01	1.0420e-01	6.9559e-01
4.4326e-01	5.9125e-01	1.2583e-01	6.6137e-01
3.5817e-01	5.6314e-01	2.0006e-01	6.6232e-01
2.7146e-01	5.8281e-01	2.3549e-01	5.5967e-01
3.4786e-01	4.6845e-01	3.5689e-01	8.1035e-01
2.4898e-01	2.6945e-01	6.8112e-01	7.6238e-01
1.4382e-01	2.9826e-01	7.1209e-01	7.4180e-01
2.5009e-01	6.6295e-01	2.2431e-01	5.8448e-01
4.5482e-01	5.8033e-01	1.6337e-01	6.7196e-01
3.4473e-01	3.3790e-01	5.0122e-01	7.8742e-01
2.0178e-01	2.6556e-02	9.6486e-01	5.2252e-01
2.1781e-01	2.0465e-01	7.6857e-01	6.3998e-01
2.9004e-01	4.9020e-01	3.4427e-01	8.5526e-01
3.2798e-01	6.4801e-01	1.6861e-01	5.1828e-01
4.4789e-01	5.1684e-01	2.3003e-01	7.5626e-01
3.2275e-01	2.5784e-01	5.5260e-01	8.4163e-01
1.9040e-01	3.1282e-02	9.0215e-01	6.2446e-01
2.3688e-01	2.0511e-01	6.7156e-01	8.1188e-01
3.2953e-01	5.0035e-01	2.9171e-01	8.7901e-01
3.6559e-01	6.2323e-01	1.2827e-01	5.6155e-01
3.6253e-01	6.5335e-01	1.4421e-01	4.2340e-01
4.4866e-01	5.3976e-01	2.0666e-01	7.2934e-01
3.7885e-01	2.7781e-01	4.6962e-01	8.1599e-01
2.9771e-01	1.6097e-01	6.4845e-01	7.2252e-01
3.7556e-01	2.6876e-01	4.7080e-01	8.2728e-01
4.4485e-01	5.1413e-01	2.1903e-01	8.2799e-01
4.5711e-01	6.2602e-01	7.2863e-02	4.9124e-01
2.1879e-02	7.7685e-01	2.5694e-01	8.7246e-02
3.0791e-01	6.3802e-01	1.8743e-01	4.9124e-01
3.8783e-01	4.6419e-01	3.1374e-01	8.2481e-01
3.3224e-01	1.6926e-01	6.1509e-01	7.3181e-01
2.3431e-01	3.9798e-02	7.7893e-01	5.2040e-01
3.6684e-01	2.5435e-01	4.6630e-01	7.6555e-01
4.5802e-01	4.9663e-01	2.1246e-01	8.2046e-01
5.0964e-01	6.4259e-01	3.6763e-02	3.8942e-01
1.9077e-01	7.0097e-01	1.9976e-01	2.7972e-01
3.3072e-01	5.0623e-01	2.8820e-01	7.3557e-01
3.1890e-01	2.5885e-01	4.9553e-01	7.2064e-01
2.9393e-01	1.2900e-01	6.0612e-01	5.8507e-01
4.5628e-01	3.4905e-01	3.2353e-01	8.2258e-01
5.5114e-01	5.5277e-01	1.3240e-01	7.8613e-01
5.5230e-01	6.6109e-01	2.4064e-02	3.7766e-01
1.1543e-01	7.8614e-01	2.3243e-01	8.9473e-02
2.4968e-01	5.3256e-01	3.2877e-01	7.3569e-01
3.0758e-01	3.0221e-01	4.8265e-01	8.1153e-01
3.7546e-01	2.6256e-01	4.4563e-01	7.2722e-01
5.2953e-01	5.2187e-01	1.5215e-01	8.2175e-01
6.0449e-01	6.6999e-01	2.5171e-02	5.4098e-01
5.2722e-01	7.0198e-01	5.8285e-03	1.9612e-01
3.7398e-02	8.7464e-01	2.1678e-01	1.4403e-01
2.1448e-01	6.0875e-01	2.6199e-01	6.7690e-01
3.2293e-01	4.5157e-01	2.9245e-01	8.0706e-01
4.1110e-01	4.4367e-01	2.2102e-01	7.6637e-01
5.2505e-01	5.9350e-01	8.3309e-02	7.1676e-01
5.5263e-01	6.5296e-01	5.2082e-02	5.8895e-01
4.5170e-01	6.4266e-01	7.7550e-02	4.5385e-01
2.1041e-01	6.5722e-01	1.9958e-01	3.9717e-01
0.0000e+00	8.5962e-01	2.3889e-01	3.5144e-01
1.5114e-01	6.4901e-01	2.6336e-01	6.4127e-01
2.5285e-01	5.2675e-01	2.5601e-01	7.5038e-01
3.5883e-01	5.2172e-01	1.8441e-01	7.0182e-01
4.4385e-01	6.2044e-01	9.2313e-02	6.6784e-01
4.2894e-01	6.0170e-01	1.1900e-01	6.4585e-01
3.3146e-01	5.7631e-01	1.8957e-01	6.4268e-01
2.5176e-01	5.8630e-01	2.3575e-01	5.5533e-01
3.4334e-01	4.8331e-01	3.4483e-01	7.8131e-01
2.4784e-01	2.9183e-01	6.6245e-01	7.0194e-01
1.4239e-01	3.2125e-01	6.7688e-01	6.9841e-01
2.2512e-01	6.6775e-01	2.1752e-01	5.8495e-01
4.2630e-01	5.8444e-01	1.6924e-01	6.5174e-01
3.3072e-01	3.4487e-01	5.0572e-01	7.7214e-01
1.8494e-01	2.7795e-02	9.6364e-01	5.0135e-01
2.0526e-01	2.0921e-01	7.5022e-01	6.3163e-01
2.6409e-01	4.8889e-01	3.3681e-01	8.4257e-01
3.3213e-01	6.5017e-01	1.6669e-01	5.1405e-01
4.5181e-01	5.2025e-01	2.2638e-01	7.4509e-01
3.1253e-01	2.5993e-01	5.5226e-01	8.3093e-01
1.7949e-01	4.4442e-02	8.9292e-01	6.4103e-01
2.2735e-01	2.2230e-01	6.5078e-01	8.2046e-01
3.2694e-01	5.0685e-01	2.9182e-01	8.8701e-01
3.5169e-01	6.2841e-01	1.2376e-01	5.5685e-01
3.7101e-01	6.4661e-01	1.5086e-01	4.2728e-01
4.6309e-01	5.3628e-01	2.1109e-01	7.1687e-01
3.7524e-01	2.7960e-01	4.7114e-01	7.9506e-01
2.9149e-01	1.7274e-01	6.4026e-01	7.1088e-01
3.6998e-01	2.8486e-01	4.6921e-01	8.2140e-01
4.3536e-01	5.1854e-01	2.1711e-01	8.1881e-01
4.4449e-01	6.3724e-01	6.9283e-02	4.7772e-01
2.8204e-02	7.6957e-01	2.5727e-01	8.7246e-02
3.2421e-01	6.3175e-01	1.9186e-01	5.0123e-01
4.0416e-01	4.6179e-01	3.1880e-01	8.1552e-01
3.3077e-01	1.7708e-01	6.0948e-01	6.9818e-01
2.2363e-01	3.3448e-02	7.9031e-01	4.7607e-01
3.5466e-01	2.5730e-01	4.6892e-01	7.3439e-01
4.5424e-01	5.0306e-01	2.0929e-01	7.9847e-01
5.0268e-01	6.5536e-01	3.2076e-02	3.9059e-01
2.0255e-01	6.9934e-01	2.0652e-01	2.9347e-01
3.3710e-01	4.9903e-01	3.0061e-01	7.3816e-01
3.2376e-01	2.3988e-01	5.2606e-01	7.1652e-01
2.8438e-01	1.2396e-01	6.1420e-01	5.6425e-01
4.4307e-01	3.4750e-01	3.2253e-01	8.2340e-01
5.4839e-01	5.5284e-01	1.2982e-01	7.7672e-01
5.4673e-01	6.6109e-01	2.0225e-02	3.8248e-01
1.2554e-01	7.9195e-01	2.2900e-01	1.0452e-01
2.6587e-01	5.2869e-01	3.4176e-01	7.4286e-01
3.0658e-01	3.0159e-01	4.8416e-01	8.1905e-01
3.6373e-01	2.6814e-01	4.3559e-01	7.3910e-01
5.1896e-01	5.1978e-01	1.5525e-01	8.3140e-01
5.9495e-01	6.6783e-01	2.2513e-02	5.3969e-01
5.2912e-01	6.9818e-01	5.9060e-03	2.1058e-01
4.4523e-02	8.7201e-01	2.2870e-01	1.5426e-01
2.1986e-01	6.1347e-01	2.5480e-01	6.7184e-01
3.1608e-01	4.5528e-01	2.8651e-01	7.9224e-01
4.0620e-01	4.3585e-01	2.2324e-01	7.5979e-01
5.1579e-01	5.8924e-01	8.2680e-02	7.1793e-01
5.4560e-01	6.5172e-01	5.2189e-02	5.9624e-01
4.5246e-01	6.4483e-01	7.9505e-02	4.6561e-01
2.2156e-01	6.5311e-01	2.0187e-01	4.1235e-01
4.1105e-04	8.6310e-01	2.3487e-01	3.6449e-01
1.5125e-01	6.3887e-01	2.7351e-01	6.4597e-01
2.4871e-01	5.2396e-01	2.5841e-01	7.4697e-01
3.5153e-01	5.2002e-01	1.8264e-01	6.9888e-01
4.3856e-01	6.1626e-01	9.3200e-02	6.5796e-01
4.2994e-01	5.9768e-01	1.1631e-01	6.6126e-01
3.3998e-01	5.6918e-01	1.9234e-01	6.6032e-01
2.3925e-01	5.8660e-01	2.2619e-01	5.4909e-01
3.2233e-01	4.7960e-01	3.4434e-01	7.6214e-01
2.2445e-01	2.8780e-01	6.6263e-01	6.8501e-01
1.2604e-01	3.2280e-01	6.7285e-01	6.7560e-01
2.2693e-01	6.6651e-01	2.1471e-01	5.7872e-01
4.1954e-01	5.8080e-01	1.6396e-01	6.4833e-01
3.1741e-01	3.5013e-01	4.8545e-01	7.6461e-01
1.7367e-01	3.8249e-02	9.4784e-01	4.8477e-01
1.9856e-01	2.2114e-01	7.3771e-01	6.0471e-01
2.6656e-01	4.9648e-01	3.4113e-01	8.2610e-01
4.2715e-01	6.4019e-01	1.6975e-01	5.9930e-01
5.4818e-01	5.0375e-01	2.3560e-01	8.1787e-01
3.9910e-01	2.4150e-01	5.6795e-01	8.8901e-01
2.5500e-01	4.5142e-02	8.8081e-01	7.0888e-01
2.9511e-01	2.0581e-01	6.6990e-01	8.8301e-01
3.9224e-01	5.0081e-01	2.9750e-01	9.5097e-01
4.1649e-01	6.2083e-01	1.2321e-01	6.0576e-01
4.7230e-01	6.2989e-01	1.4864e-01	5.1958e-01
5.5569e-01	5.1367e-01	2.1962e-01	7.9859e-01
4.5586e-01	2.6248e-01	4.7933e-01	8.3398e-01
3.6385e-01	1.5989e-01	6.4480e-01	7.6555e-01
4.3765e-01	2.7526e-01	4.6907e-01	8.7114e-01
5.0601e-01	5.0887e-01	2.2283e-01	8.8819e-01
5.1234e-01	6.2501e-01	7.4931e-02	5.3416e-01
1.0940e-01	7.5207e-01	2.6639e-01	1.7495e-01
4.1450e-01	6.1541e-01	1.9149e-01	5.9248e-01
4.9050e-01	4.4863e-01	3.1969e-01	8.9019e-01
4.0711e-01	1.5354e-01	6.3546e-01	7.4556e-01
2.9386e-01	1.8193e-02	8.0810e-01	5.3839e-01
4.2847e-01	2.4406e-01	4.8679e-01	8.1082e-01
5.2401e-01	4.9586e-01	2.1032e-01	8.8654e-01
5.7303e-01	6.4150e-01	3.3920e-02	4.4116e-01
3.0145e-01	6.8448e-01	2.0268e-01	3.8965e-01
4.2971e-01	5.0368e-01	2.8292e-01	8.1482e-01
3.9475e-01	2.4429e-01	5.1004e-01	7.6567e-01
3.5968e-01	1.0871e-01	6.3664e-01	6.4892e-01
5.2475e-01	3.4642e-01	3.1902e-01	9.0864e-01
6.2185e-01	5.4789e-01	1.2804e-01	8.5221e-01
6.1971e-01	6.5761e-01	1.6017e-02	4.3645e-01
2.0871e-01	7.8188e-01	2.2412e-01	1.9377e-01
3.4468e-01	5.1165e-01	3.4888e-01	8.2152e-01
3.8179e-01	2.9748e-01	4.8058e-01	8.8748e-01
4.3866e-01	2.6419e-01	4.4249e-01	8.0717e-01
6.0484e-01	5.2420e-01	1.4679e-01	8.9782e-01
6.6850e-01	6.6860e-01	2.0781e-02	5.8530e-01
5.9850e-01	6.9771e-01	0.0000e+00	2.4315e-01
1.1945e-01	8.5668e-01	2.0965e-01	2.3915e-01
2.9304e-01	6.0310e-01	2.5040e-01	7.4074e-01
3.9353e-01	4.3469e-01	3.0130e-01	8.5926e-01
4.9205e-01	4.3291e-01	2.2361e-01	8.2857e-01
6.0290e-01	5.8653e-01	8.5080e-02	7.8319e-01
6.1526e-01	6.4367e-01	5.4072e-02	6.4762e-01
5.1619e-01	6.3593e-01	7.9949e-02	5.1852e-01
2.6320e-01	6.4096e-01	1.9670e-01	4.5690e-01
6.3381e-02	8.4127e-01	2.1840e-01	4.4679e-01
2.1371e-01	6.2478e-01	2.6521e-01	7.1781e-01
3.2107e-01	5.0074e-01	2.6797e-01	8.1635e-01
4.3488e-01	5.0825e-01	1.8869e-01	7.7754e-01
5.1260e-01	6.0859e-01	1.0106e-01	7.2075e-01
4.8999e-01	5.8784e-01	1.2133e-01	7.0406e-01
3.9439e-01	5.5517e-01	1.9703e-01	7.0100e-01
3.5158e-01	5.7499e-01	2.2966e-01	6.2469e-01
4.2370e-01	4.6210e-01	3.5368e-01	8.3739e-01
3.0310e-01	2.6728e-01	6.7939e-01	7.3898e-01
1.8299e-01	2.9787e-01	6.9670e-01	7.2922e-01
3.3404e-01	6.5544e-01	2.1039e-01	6.5949e-01
5.3712e-01	5.6585e-01	1.6525e-01	7.2640e-01
4.0769e-01	3.3287e-01	5.0675e-01	8.0835e-01
2.3739e-01	1.1768e-02	9.8560e-01	5.2476e-01
2.5084e-01	2.0170e-01	7.6159e-01	6.6067e-01
3.2453e-01	4.9075e-01	3.4335e-01	8.8595e-01
