-0.6622	-0.1030	0.0000
-0.7139	-0.1766	-1.0000
-0.4760	0.3703	-1.0000
-0.7022	-0.4213	-1.0000
-0.1069	0.3387	-2.0000
-0.7658	-0.3876	0.0000
-0.5077	0.2005	-3.0000
-0.0664	0.4620	0.0000
-0.5436	-0.0093	-3.0000
-0.4887	-0.1484	0.0000
-0.4638	-0.1399	0.0000
-0.4647	0.4416	-1.0000
-0.4105	-0.3077	-2.0000
-0.0567	-0.4108	-2.0000
-0.6545	-0.1167	0.0000
-0.4670	0.5230	0.0000
-0.4568	0.2005	-3.0000
-0.1509	0.2101	-3.0000
-0.0251	0.2528	0.0000
-0.8457	-0.5236	0.0000
-0.8103	-0.0776	0.0000
-0.1069	0.3387	-2.0000
-0.7287	-0.4836	-1.0000
-0.4201	-0.2215	-1.0000
-0.8014	-0.4489	0.0000
0.0281	0.2065	0.0000
-0.1223	0.3441	-2.0000
-0.1594	-0.3922	-3.0000
-0.9435	-0.3988	0.0000
-0.4855	0.4867	0.0000
-0.0509	0.2826	-3.0000
-0.2450	0.1707	-3.0000
-0.6928	-0.1106	-1.0000
-0.1360	-0.5324	-2.0000
0.1881	0.2869	-2.0000
-0.4908	-0.0420	-3.0000
-0.4941	-0.0263	-3.0000
-0.4717	0.3021	-2.0000
-0.7002	0.1694	-1.0000
-0.6928	-0.4137	-1.0000
-0.7111	-0.1187	0.0000
-0.4248	-0.7024	0.0000
-0.2974	-0.2644	-2.0000
-0.2496	0.0494	-3.0000
-0.5203	0.0471	-1.0000
-0.3865	-0.7783	0.0000
-0.4096	-0.1873	-3.0000
-0.3865	-0.7783	0.0000
-0.6678	-0.0271	-1.0000
-0.2742	0.1469	-3.0000
-0.4439	0.3921	0.0000
-0.7267	0.2047	0.0000
-0.5291	-0.0919	-3.0000
-0.5139	-0.0807	-3.0000
-0.7421	0.0102	-1.0000
-0.5576	0.3398	-1.0000
-0.4917	0.0434	-1.0000
-0.7953	0.1143	0.0000
-0.3095	0.5057	-1.0000
-0.2399	-0.8042	0.0000
-0.2906	0.2230	-2.0000
-0.2393	0.0122	-3.0000
-0.7636	-0.5559	0.0000
-0.3429	0.2800	-3.0000
-0.7194	0.2881	0.0000
-0.3729	0.1829	-3.0000
-0.4934	0.4435	0.0000
-0.5875	-0.3471	-1.0000
-0.3645	-0.2713	-3.0000
-0.3293	-0.2955	-2.0000
-0.4627	0.3939	-2.0000
-0.5314	0.4097	0.0000
-0.7905	-0.4637	-1.0000
-0.4236	0.4899	0.0000
-0.7951	-0.5488	0.0000
-0.4217	0.1677	-3.0000
-0.6634	-0.2071	-2.0000
-0.2069	-0.0336	-3.0000
-0.2554	-0.1036	-3.0000
-0.2154	0.1903	-3.0000
-0.6273	-0.1710	0.0000
-0.5611	0.2517	-2.0000
-0.7686	-0.1763	0.0000
-0.4250	-0.2985	-3.0000
-0.5415	0.0929	-1.0000
-0.5360	0.2270	-2.0000
0.1260	0.2836	-2.0000
-0.3070	-0.0087	-3.0000
-0.4880	0.4278	-1.0000
-0.4637	0.3246	-2.0000
-0.5070	-0.1179	0.0000
-0.5419	0.1637	-2.0000
-0.7105	-0.1755	-1.0000
-0.1136	0.5170	0.0000
-0.4249	0.2509	-3.0000
0.1259	0.1879	-1.0000
-0.4653	0.3029	-2.0000
-0.0848	0.5120	0.0000
-0.7284	-0.6042	0.0000
0.0270	-0.6721	-1.0000
-0.3638	0.3520	0.0000
-0.4951	0.4995	0.0000
-0.6218	0.3823	0.0000
-0.3494	0.4130	-1.0000
-0.5418	0.3418	-2.0000
-0.4496	0.4114	-1.0000
-0.5990	-0.5706	-1.0000
-0.2178	-0.2003	0.0000
-0.6873	-0.4591	-1.0000
-0.6345	-0.5182	-1.0000
-0.4073	0.4191	-1.0000
-0.3855	0.0464	-3.0000
-0.6516	-0.3350	-1.0000
-0.6395	0.0760	0.0000
-0.4635	-0.1402	-3.0000
-0.4982	0.1418	-3.0000
-0.6397	-0.0029	0.0000
-0.4395	0.0522	-2.0000
-0.3904	0.4051	-1.0000
-0.1472	0.3771	-2.0000
-0.6767	-0.5116	-1.0000
-0.7534	-0.5600	0.0000
-0.1000	-0.5453	-2.0000
0.1365	0.2710	-2.0000
-0.1631	-0.5871	-2.0000
-0.5484	0.0217	-1.0000
0.0322	-0.7631	0.0000
-0.4557	0.3555	-1.0000
-0.6144	0.3865	0.0000
-0.4550	0.3421	-2.0000
-0.3570	0.3972	-1.0000
-0.7746	-0.1997	0.0000
-0.4090	0.0839	-2.0000
-0.2238	0.0179	-3.0000
-0.1681	-0.5748	-1.0000
-0.7358	-0.5291	0.0000
-0.8852	-0.4488	0.0000
-0.7561	-0.1391	0.0000
-0.8355	-0.5216	0.0000
-0.4248	-0.7024	0.0000
-0.2349	0.3388	-3.0000
-0.2245	0.1848	-2.0000
-0.6424	0.1921	-1.0000
-0.4141	0.4595	-1.0000
-0.7237	-0.5020	-1.0000
-0.1845	0.2945	-3.0000
-0.5108	0.3872	-1.0000
-0.1830	0.3860	-3.0000
-0.5121	0.2828	-2.0000
-0.4746	-0.2451	-2.0000
-0.7120	-0.1903	-2.0000
-0.0379	-0.4864	-1.0000
-0.6369	0.3639	0.0000
-0.7107	-0.6170	0.0000
-0.4207	-0.2490	-3.0000
-0.2293	0.2851	-2.0000
-0.1986	0.4527	-1.0000
-0.4406	0.4049	-1.0000
-0.2859	0.3741	-2.0000
-0.2860	0.1326	-3.0000
-0.7056	0.1946	0.0000
-0.6774	-0.1697	0.0000
-0.2811	-0.3770	-3.0000
-0.5978	-0.3931	-2.0000
-0.6324	0.3512	0.0000
-0.4712	0.4039	-1.0000
-0.4021	-0.2264	-2.0000
-0.4404	-0.2430	-3.0000
-0.0620	-0.6621	-1.0000
-0.3553	-0.1979	-3.0000
-0.2678	0.2117	-3.0000
-0.4743	0.4478	-1.0000
0.2225	0.3084	-1.0000
-0.1092	-0.6533	-1.0000
-0.3083	0.2037	-3.0000
-0.3904	0.3926	-1.0000
-0.4544	-0.6091	-1.0000
-0.6178	0.0275	-2.0000
0.0883	0.3604	-2.0000
-0.5834	-0.3614	-1.0000
-0.3887	0.1357	-3.0000
0.0743	0.3184	-2.0000
-0.1506	-0.4541	-2.0000
-0.5344	-0.0958	-3.0000
-0.0202	-0.6304	-1.0000
-0.1065	-0.5384	-2.0000
-0.3513	0.4151	-1.0000
-0.4138	0.0282	-2.0000
-0.4857	0.4228	0.0000
-0.1905	0.3976	-1.0000
-0.1472	0.3771	-3.0000
-0.7433	-0.5374	-1.0000
-0.2052	0.3189	-3.0000
-0.5987	0.2205	-1.0000
-0.0810	-0.8908	0.0000
-0.2178	-0.2003	0.0000
-0.6616	-0.0879	-2.0000
-0.4081	-0.1486	-3.0000
-0.4639	0.4476	-1.0000
-0.8259	0.0147	0.0000
-0.0278	-0.4542	-1.0000
-0.4155	0.4208	-1.0000
-0.3865	-0.7783	0.0000
-0.7473	-0.5136	-1.0000
-0.3122	-0.1044	-3.0000
-0.6382	0.3196	0.0000
-0.7873	0.0168	0.0000
-0.6195	-0.2082	0.0000
-0.4526	-0.1905	-3.0000
-0.2012	0.2237	-2.0000
-0.7879	-0.4750	-1.0000
-0.7178	-0.5720	0.0000
-0.6291	-0.1566	0.0000
-0.1178	0.2249	-3.0000
-0.5469	0.3025	-2.0000
-0.7766	0.2832	0.0000
-0.3654	0.1277	-3.0000
-0.1321	0.1857	-3.0000
-0.2161	-0.3530	-3.0000
-0.3136	-0.6555	0.0000
0.0072	-0.5279	-1.0000
-0.4872	0.0407	-2.0000
-0.1014	0.1850	-3.0000
-0.8127	-0.5146	0.0000
-0.1200	0.0741	-3.0000
-0.1907	0.2132	-3.0000
-0.2678	0.2117	-3.0000
-0.1465	-0.6149	0.0000
-0.4223	0.3452	-2.0000
-0.6745	0.3793	0.0000
0.1215	0.2976	-2.0000
0.0212	-0.6806	-1.0000
-0.2391	0.2379	-3.0000
0.0042	0.3188	-3.0000
-0.4549	0.2009	-3.0000
-0.3340	0.1783	-3.0000
-0.0793	-0.5726	-1.0000
-0.4474	0.4429	-1.0000
-0.5182	0.3817	-1.0000
-0.5898	-0.3674	-2.0000
-0.5610	0.0238	-2.0000
0.1451	0.2746	-2.0000
-0.3383	0.0960	-3.0000
-0.5262	0.0122	-2.0000
-0.5952	-0.2214	0.0000
-0.4973	0.4282	-1.0000
-0.1945	0.3553	-3.0000
-0.2041	0.2724	-2.0000
-0.2749	0.1949	-3.0000
-0.4252	-0.2437	-2.0000
-0.4728	0.4290	0.0000
-0.3944	-0.5158	-2.0000
-0.3606	-0.2523	-2.0000
-0.7205	0.2461	0.0000
-0.7476	-0.5974	0.0000
-0.4140	0.5478	0.0000
-0.4074	0.3913	-2.0000
-0.4162	0.1149	-2.0000
-0.5088	0.3238	-2.0000
-0.4078	0.2079	-3.0000
-0.6247	-0.0939	-2.0000
-0.4820	0.2263	-2.0000
-0.4529	-0.2470	-3.0000
-0.7813	-0.1133	0.0000
-0.4933	-0.0683	-3.0000
-0.3358	0.0933	-3.0000
-0.2723	-0.2496	-1.0000
-0.7365	-0.5099	-1.0000
-0.1472	0.3771	-3.0000
-0.6435	0.3194	0.0000
-0.7411	-0.5601	0.0000
-0.8330	-0.4180	0.0000
-0.5100	0.3675	-1.0000
-0.4918	0.0484	-2.0000
-0.6553	0.3607	0.0000
-0.6116	-0.0054	-2.0000
-0.5528	0.3147	-1.0000
-0.0158	0.2693	-1.0000
-0.4631	-0.2050	-1.0000
-0.4263	-0.3081	-3.0000
0.0376	0.3619	-3.0000
-0.4788	0.4173	-1.0000
-0.3314	0.3842	-1.0000
0.0451	0.3585	-3.0000
-0.3136	-0.6555	0.0000
-0.0570	0.4210	-1.0000
-0.0284	0.2696	-1.0000
-0.4058	-0.4994	-2.0000
-0.1257	0.2166	-3.0000
-0.5087	-0.1026	-3.0000
-0.4388	0.0934	-3.0000
-0.1170	-0.8936	0.0000
-0.6830	0.0151	-1.0000
-0.2121	0.2310	-3.0000
-0.2918	0.2300	-3.0000
-0.4598	-0.1684	-3.0000
-0.3724	-0.2885	-2.0000
-0.3802	-0.2378	-3.0000
-0.1275	0.1789	-3.0000
-0.5851	-0.1944	0.0000
-0.1069	0.3387	-3.0000
-0.5061	0.0709	-1.0000
-0.4561	-0.1915	-2.0000
-0.0322	-0.4734	-1.0000
-0.5808	-0.4211	0.0000
-0.4132	-0.2659	-1.0000
-0.4415	-0.5236	-1.0000
-0.0287	0.2482	0.0000
-0.7947	-0.5213	0.0000
-0.7057	-0.1240	-1.0000
-0.4626	0.3963	-1.0000
-0.4919	0.4263	0.0000
-0.2552	0.1928	-3.0000
-0.5110	-0.0394	-3.0000
-0.4539	-0.1340	0.0000
-0.1069	0.3387	-3.0000
-0.7911	0.0712	0.0000
-0.4414	-0.0852	-3.0000
-0.0529	0.2972	-1.0000
-0.4349	0.1744	-3.0000
-0.1845	0.2945	-3.0000
-0.7176	-0.4015	-1.0000
0.1793	0.2715	-1.0000
-0.7295	-0.4845	-1.0000
-0.4513	0.3775	-1.0000
-0.5570	0.2566	-2.0000
0.0915	0.3654	-1.0000
-0.7965	-0.5683	0.0000
-0.5626	-0.0360	-3.0000
-0.2775	0.1631	-3.0000
-0.2481	0.1546	-3.0000
-0.2457	0.2976	-3.0000
-0.4812	0.3635	-1.0000
-0.5926	-0.0161	-2.0000
-0.4856	0.2907	-2.0000
-0.3454	0.5545	0.0000
-0.5357	0.1458	-3.0000
-0.1411	0.2501	-3.0000
-0.2543	0.0404	-3.0000
-0.4110	0.0450	-2.0000
-0.7414	-0.0979	-1.0000
-0.1883	-0.7888	-1.0000
-0.5326	0.3607	-1.0000
-0.3882	-0.4828	-2.0000
-0.5958	0.0144	-1.0000
-0.2178	-0.2003	0.0000
-0.5038	0.3276	-2.0000
-0.4522	0.2635	-3.0000
-0.4695	0.1849	-3.0000
0.1642	-0.1404	0.0000
-0.0959	-0.6294	-1.0000
-0.1845	0.2945	-3.0000
-0.1069	0.3387	-3.0000
-0.2561	0.0443	-3.0000
-0.7096	-0.4485	-2.0000
-0.1833	-0.3920	-2.0000
-0.6190	-0.1660	0.0000
-0.6363	-0.1343	0.0000
-0.6164	-0.5328	-1.0000
-0.0340	-0.6578	-1.0000
-0.2954	0.4345	-2.0000
-0.4850	0.1625	-3.0000
-0.3160	0.1391	-3.0000
-0.4246	0.3506	-2.0000
-0.8009	0.0480	0.0000
-0.4924	0.2850	-3.0000
-0.6105	0.0231	-2.0000
-0.5293	-0.2587	-2.0000
-0.5226	0.1285	-3.0000
-0.3885	0.2883	-3.0000
-0.5793	-0.3832	-1.0000
-0.4563	0.4076	-1.0000
-0.3933	-0.5264	-1.0000
-0.5186	-0.1388	0.0000
0.1243	0.2132	-2.0000
-0.3824	-0.5347	-2.0000
-0.6653	-0.1419	-1.0000
-0.0221	-0.6480	-1.0000
-0.6478	-0.3787	-2.0000
-0.5676	0.2014	-2.0000
-0.1205	0.2328	-3.0000
-0.8468	-0.4541	0.0000
-0.1574	0.2108	-3.0000
-0.7293	-0.5326	-1.0000
-0.3861	-0.5049	-2.0000
-0.4505	-0.1767	-3.0000
-0.0168	-0.4702	-1.0000
-0.4923	0.4705	0.0000
-0.0061	-0.4673	-1.0000
-0.7332	-0.5803	0.0000
-0.3367	-0.3514	-2.0000
-0.4142	-0.1976	-3.0000
-0.2704	0.0384	-3.0000
-0.7204	-0.4540	-1.0000
-0.1046	-0.8970	0.0000
-0.4285	-0.0632	-3.0000
-0.4587	0.1978	-2.0000
-0.1915	-0.0675	-3.0000
-0.5090	0.3577	-2.0000
-0.4824	-0.0535	-3.0000
-0.0946	0.1992	-2.0000
-0.1050	0.4029	0.0000
-0.3969	0.0626	-2.0000
-0.4066	0.3867	-2.0000
-0.2749	0.1949	-3.0000
-0.2694	-0.2851	-3.0000
-0.2445	-0.3392	-3.0000
-0.2283	-0.0728	-3.0000
-0.5535	0.3070	-2.0000
-0.3114	-0.0414	-2.0000
-0.2199	0.3435	-3.0000
-0.5102	0.3918	-1.0000
-0.7208	-0.4252	-1.0000
-0.4219	0.4904	0.0000
-0.5747	-0.2549	0.0000
-0.3801	0.4934	0.0000
-0.7697	-0.5405	0.0000
-0.1360	0.1704	-3.0000
0.1125	0.2410	-2.0000
-0.0502	0.3233	0.0000
0.0205	-0.5334	-1.0000
0.1345	0.2704	-2.0000
-0.8152	-0.5063	0.0000
-0.2306	-0.4520	-2.0000
-0.4163	0.0754	-2.0000
-0.0519	0.2540	0.0000
-0.0505	-0.5163	-2.0000
-0.3136	-0.6555	0.0000
-0.4925	0.2939	-2.0000
-0.1895	0.4094	-1.0000
-0.4012	-0.1947	-3.0000
-0.2883	0.0977	-3.0000
-0.7935	-0.1888	0.0000
-0.5749	-0.3455	-1.0000
-0.8709	-0.4623	0.0000
-0.4610	-0.1348	0.0000
-0.2749	0.1949	-3.0000
-0.2467	-0.0057	-3.0000
-0.6572	0.0518	-1.0000
-0.6333	0.3252	0.0000
-0.4373	0.4092	-1.0000
-0.4070	-0.4858	-2.0000
-0.6870	-0.4425	-1.0000
-0.5081	0.1778	-3.0000
-0.3563	0.0783	-2.0000
-0.3906	0.3712	-2.0000
-0.4484	0.1458	-3.0000
-0.5222	0.2057	-2.0000
-0.7245	-0.5265	-1.0000
-0.4279	0.4838	0.0000
-0.3593	0.5329	0.0000
-0.8055	-0.1139	0.0000
-0.3886	-0.2144	-1.0000
-0.7094	-0.4188	-1.0000
-0.3728	0.0763	-2.0000
-0.6208	-0.4847	-1.0000
-0.3103	0.2352	-3.0000
-0.1415	0.2037	-3.0000
-0.4653	0.4927	0.0000
-0.4397	-0.2032	0.0000
-0.4084	-0.1854	-1.0000
-0.6283	-0.1528	0.0000
-0.7370	-0.1002	-1.0000
-0.0576	-0.4708	-1.0000
-0.6777	0.4036	0.0000
-0.0564	-0.9718	0.0000
-0.2793	0.0878	-3.0000
-0.6196	-0.1677	-1.0000
-0.7510	-0.1437	-1.0000
-0.2067	-0.0609	-3.0000
-0.3768	-0.2857	-2.0000
-0.2630	-0.0572	-3.0000
-0.6450	0.0274	-1.0000
-0.5188	-0.1825	-3.0000
-0.6031	-0.3755	-1.0000
-0.4690	0.4402	-1.0000
-0.2749	0.1949	-3.0000
-0.5836	-0.0237	-2.0000
0.1553	0.2324	-2.0000
-0.3478	0.1655	-3.0000
-0.0387	0.2218	-2.0000
-0.6262	-0.1854	0.0000
-0.2588	-0.3981	-2.0000
-0.2948	-0.2305	-3.0000
-0.6163	0.3334	-1.0000
-0.6416	-0.1145	-2.0000
-0.6649	-0.0671	-2.0000
-0.6683	-0.1517	0.0000
-0.3146	-0.2931	-3.0000
-0.4753	0.2069	-2.0000
-0.4082	-0.1509	-3.0000
-0.2800	0.4617	-2.0000
-0.0281	-0.4243	-2.0000
-0.6265	-0.5629	0.0000
-0.2076	0.4339	-2.0000
-0.4309	-0.6807	0.0000
-0.3354	0.5124	-1.0000
0.0885	0.3906	-3.0000
-0.2678	0.2117	-3.0000
-0.3199	-0.0249	-3.0000
-0.5285	0.1552	-3.0000
-0.2873	0.1483	-3.0000
-0.0744	0.4969	0.0000
-0.6266	0.2821	-1.0000
-0.5159	-0.0290	-3.0000
-0.5941	-0.1801	-1.0000
-0.4301	-0.3464	-2.0000
-0.7034	0.0689	0.0000
-0.6259	0.3661	0.0000
-0.2816	-0.2657	-2.0000
-0.4566	0.2387	-3.0000
-0.4989	0.2504	-3.0000
-0.6187	-0.5195	0.0000
-0.8199	-0.0021	0.0000
-0.2903	0.2317	-3.0000
-0.8270	-0.0157	0.0000
0.0198	-0.7362	0.0000
-0.3151	0.1670	-3.0000
-0.5167	0.4200	0.0000
-0.5757	-0.0617	-2.0000
-0.5181	0.0193	-3.0000
-0.4314	-0.4609	-2.0000
-0.1449	0.1305	-3.0000
-0.3237	0.3327	-3.0000
-0.2154	0.0735	-3.0000
-0.4380	-0.2313	-2.0000
-0.4967	-0.3173	-2.0000
-0.4808	-0.2605	-3.0000
-0.4833	0.3826	-1.0000
-0.1502	-0.8923	0.0000
-0.7966	0.0214	0.0000
-0.6830	-0.4620	0.0000
-0.3447	0.2504	-3.0000
-0.2373	-0.0749	-3.0000
-0.7338	-0.1395	-1.0000
-0.0532	0.2708	0.0000
-0.3008	0.2113	-2.0000
0.0617	0.3490	-3.0000
-0.0880	0.1411	-2.0000
-0.6072	0.2932	-1.0000
-0.4697	0.4460	0.0000
-0.5204	0.1317	-3.0000
-0.6193	-0.5059	-1.0000
-0.1801	-0.8200	0.0000
-0.5576	0.3032	-1.0000
-0.4318	0.3970	0.0000
-0.4809	-0.1264	0.0000
-0.3587	0.4413	-1.0000
-0.3699	-0.1536	-3.0000
-0.4506	0.4113	-1.0000
-0.5338	0.3142	-2.0000
-0.6914	-0.2017	0.0000
-0.7219	-0.5051	-1.0000
-0.3366	0.3527	-1.0000
-0.1972	0.4424	-1.0000
-0.4180	0.0860	-3.0000
-0.3956	-0.2320	-3.0000
-0.5272	0.3432	-1.0000
-0.4513	0.4418	0.0000
-0.2028	0.3692	-3.0000
-0.7595	-0.5872	0.0000
0.0744	0.3520	-3.0000
-0.0632	-0.9093	0.0000
-0.7449	-0.5270	0.0000
-0.2260	0.3602	-3.0000
-0.3808	-0.2338	-3.0000
-0.4829	-0.1736	-3.0000
-0.7737	-0.1963	-1.0000
-0.5573	0.1964	-2.0000
-0.0503	0.4662	0.0000
-0.5303	0.2887	-2.0000
-0.2576	0.3408	-1.0000
-0.8671	-0.4916	0.0000
-0.6429	-0.1908	0.0000
-0.4542	-0.1541	0.0000
-0.4785	-0.1978	-3.0000
-0.3551	-0.4902	-2.0000
-0.4148	0.3923	0.0000
-0.2172	0.2304	-2.0000
-0.4533	-0.1748	0.0000
-0.7299	-0.1840	-1.0000
-0.1557	-0.8956	0.0000
-0.5098	0.3063	-2.0000
-0.0881	0.4771	0.0000
-0.2743	-0.0446	-2.0000
-0.4259	0.3963	0.0000
-0.3735	-0.2560	-3.0000
-0.4735	-0.2308	-2.0000
-0.3951	-0.2743	0.0000
-0.4181	-0.1800	-1.0000
-0.4990	0.4847	0.0000
-0.0173	0.3144	0.0000
-0.1570	0.1890	-3.0000
0.2131	0.1593	-1.0000
-0.7094	0.2226	-1.0000
-0.5559	-0.2443	-2.0000
-0.2814	0.0297	-3.0000
-0.8914	-0.5194	0.0000
-0.3421	-0.2924	-3.0000
-0.4681	0.3990	-1.0000
-0.2967	0.0857	-2.0000
-0.3848	0.2004	-3.0000
-0.6341	-0.5494	0.0000
-0.5230	0.1889	-3.0000
-0.1465	-0.6149	-1.0000
-0.4173	-0.2013	-2.0000
-0.1593	-0.8189	0.0000
-0.9006	-0.5134	0.0000
-0.7016	0.2409	0.0000
-0.6346	-0.0221	-2.0000
-0.1713	-0.4851	-2.0000
-0.7444	-0.4414	-1.0000
0.0999	0.2578	-2.0000
-0.6020	0.3461	-1.0000
-0.4623	0.0468	-2.0000
-0.4248	-0.7024	-1.0000
-0.6312	-0.0452	-2.0000
-0.3951	-0.2743	-1.0000
-0.4211	0.1181	-3.0000
-0.2533	-0.3167	-3.0000
-0.3772	0.4424	-1.0000
-0.4328	0.4086	-1.0000
-0.6221	0.3823	0.0000
-0.6179	0.0298	0.0000
-0.7203	-0.1366	-2.0000
-0.4734	0.4415	-1.0000
-0.3891	0.0816	-3.0000
-0.2279	0.2169	-3.0000
-0.4614	0.2936	-3.0000
-0.3863	0.3510	0.0000
-0.4347	0.2040	-3.0000
-0.2350	0.2994	-3.0000
-0.3629	0.5149	0.0000
-0.5261	0.4326	0.0000
-0.8818	0.1163	0.0000
-0.2959	0.2836	-2.0000
-0.0872	0.4614	-1.0000
-0.5752	0.0172	-1.0000
-0.5017	0.0361	-1.0000
-0.4511	0.3938	-2.0000
-0.5705	0.3039	-1.0000
-0.2672	0.0132	-3.0000
-0.6362	0.3645	0.0000
-0.2296	-0.0487	-3.0000
-0.3990	0.3865	-2.0000
-0.4957	-0.0177	-3.0000
-0.4191	-0.4905	-2.0000
-0.4962	0.2169	-3.0000
-0.2848	0.0062	-3.0000
0.0944	0.3462	-3.0000
-0.2994	-0.2602	-2.0000
-0.2389	0.4858	-1.0000
-0.5031	0.4384	0.0000
-0.2627	0.4397	-1.0000
-0.4879	0.1902	-3.0000
-0.6142	-0.5093	-1.0000
-0.1086	-0.4022	-1.0000
-0.3951	-0.2743	0.0000
0.0019	0.4032	-1.0000
-0.3807	0.1429	-3.0000
-0.4964	0.4470	0.0000
-0.2318	-0.0562	-2.0000
-0.6512	-0.1922	0.0000
-0.4386	0.3918	-1.0000
-0.7413	0.2195	0.0000
-0.3764	0.0828	-3.0000
-0.1205	0.2178	-3.0000
0.0560	0.3241	-3.0000
-0.2678	0.2117	-3.0000
-0.5333	0.4283	0.0000
-0.3804	0.4106	-1.0000
-0.1845	0.2945	-3.0000
-0.3113	0.3524	-2.0000
-0.0105	-0.5955	-1.0000
-0.4617	-0.1192	0.0000
-0.2466	-0.0225	-3.0000
-0.3153	-0.1125	-2.0000
-0.4570	-0.6558	-1.0000
-0.3843	0.2475	-3.0000
-0.3854	-0.0828	-2.0000
-0.4844	0.2012	-3.0000
-0.2164	0.3804	-2.0000
-0.4046	0.4067	-1.0000
-0.4339	0.4641	0.0000
-0.0165	-0.5829	-2.0000
-0.6634	-0.1303	-2.0000
-0.2835	-0.0147	-3.0000
-0.2211	-0.1445	-2.0000
-0.4663	-0.0981	-3.0000
-0.3868	0.3370	-1.0000
-0.8057	0.0546	0.0000
-0.2678	0.2117	-3.0000
-0.7361	-0.5504	0.0000
-0.4621	-0.2396	-1.0000
-0.2388	0.2922	-3.0000
-0.3631	-0.4858	-2.0000
-0.4365	-0.3557	-2.0000
-0.5904	0.0310	-1.0000
-0.2863	0.4382	-1.0000
-0.7389	-0.5277	0.0000
-0.6501	0.0303	-1.0000
-0.8722	-0.5241	0.0000
-0.3786	0.5189	0.0000
-0.2759	0.1123	-3.0000
-0.6269	-0.0115	-1.0000
-0.4925	0.4495	0.0000
-0.4945	0.3353	-1.0000
-0.4666	0.4197	0.0000
-0.7386	0.1508	0.0000
-0.5070	0.1279	-3.0000
-0.3227	0.2664	-3.0000
-0.0504	0.2648	0.0000
-0.7120	-0.0313	-1.0000
-0.7449	-0.4997	-1.0000
-0.3769	0.1605	-3.0000
-0.6626	-0.1126	0.0000
-0.1845	0.2945	-3.0000
-0.5130	-0.2140	-3.0000
-0.6538	0.0808	-1.0000
-0.1675	0.4093	-2.0000
-0.6475	0.3569	0.0000
0.0576	0.2764	-3.0000
-0.7567	-0.1755	-1.0000
-0.2845	-0.0593	-3.0000
-0.7955	-0.1990	0.0000
-0.4192	0.3373	-1.0000
-0.2208	-0.4144	-2.0000
-0.1465	-0.6149	-1.0000
-0.2749	0.1949	-3.0000
0.0570	0.1237	-2.0000
-0.6249	-0.3951	-1.0000
-0.3803	-0.2347	-2.0000
0.0065	-0.5270	-1.0000
-0.4502	0.4255	-1.0000
-0.4025	0.2174	-3.0000
-0.5704	0.0544	-2.0000
-0.1335	-0.4825	-2.0000
-0.6864	-0.1203	-2.0000
-0.3755	-0.2431	-2.0000
-0.0646	0.4661	-1.0000
-0.0719	-0.9071	0.0000
-0.4177	0.4000	-2.0000
-0.3403	-0.2508	-2.0000
-0.6280	0.3337	-1.0000
-0.7491	-0.1672	-1.0000
-0.2091	0.1424	-3.0000
-0.6991	-0.0578	-1.0000
-0.2446	-0.0754	-2.0000
-0.0573	0.2133	-3.0000
-0.0849	0.1979	-3.0000
-0.3671	0.5296	0.0000
-0.4534	-0.3385	-2.0000
-0.3222	-0.0364	-2.0000
-0.2233	0.5076	0.0000
-0.2441	0.3837	-3.0000
-0.6315	0.2968	-1.0000
-0.7391	-0.4881	-1.0000
-0.3875	0.1603	-3.0000
-0.5646	0.3045	-1.0000
-0.2211	-0.4241	-3.0000
-0.4535	0.3553	-2.0000
-0.4272	0.1539	-3.0000
-0.2394	-0.0437	-3.0000
-0.3096	0.2991	-2.0000
0.1802	0.6176	-1.0000
0.6730	0.6246	0.0000
0.4116	0.6572	0.0000
-0.0582	0.3985	0.0000
-0.2624	-0.0437	-3.0000
-0.2941	-0.1256	-3.0000
-0.3173	0.2706	-3.0000
0.0419	0.5608	-1.0000
0.2963	0.5444	-1.0000
0.0604	0.5504	-1.0000
-0.2495	0.3110	-2.0000
-0.4109	-0.1246	-3.0000
0.1747	-0.5912	0.0000
-0.1799	-0.0550	-3.0000
-0.1208	0.4351	-1.0000
0.2394	0.5889	-1.0000
0.5457	0.5123	0.0000
0.0868	0.5246	-2.0000
-0.2756	0.3333	-1.0000
-0.5084	-0.2315	-3.0000
-0.0675	-0.3624	-3.0000
-0.0986	0.2754	-2.0000
0.1562	0.4971	-2.0000
0.3049	0.4955	-1.0000
-0.1602	0.4930	-1.0000
-0.4700	0.2276	-1.0000
-0.5769	-0.2526	-2.0000
0.0293	-0.6300	-1.0000
0.0221	0.2647	-1.0000
0.1348	0.5460	-1.0000
0.0377	0.5147	-2.0000
-0.4021	0.2965	0.0000
-0.6096	-0.1392	-2.0000
-0.5656	-0.4723	-1.0000
0.0991	-0.6222	0.0000
-0.0337	0.0791	-1.0000
-0.0788	0.3591	-1.0000
-0.2227	0.3432	-2.0000
-0.4651	0.1601	-1.0000
-0.5207	-0.0152	-2.0000
-0.4058	-0.1182	-3.0000
-0.0423	-0.1875	-3.0000
0.1674	-0.3996	0.0000
0.0628	0.0461	0.0000
-0.0323	0.2592	-1.0000
-0.2002	0.2140	-2.0000
-0.3606	0.0759	-1.0000
-0.3201	0.0904	-2.0000
-0.1511	0.1228	-3.0000
-0.1299	0.0445	-3.0000
-0.0658	0.3576	-3.0000
0.4070	0.4254	-1.0000
0.5431	0.4081	0.0000
-0.1078	0.0009	-2.0000
-0.3589	0.1536	-3.0000
0.1180	0.4685	-2.0000
0.7700	0.4651	0.0000
0.5461	0.4422	-1.0000
0.0444	0.3524	0.0000
-0.1959	-0.0937	-3.0000
-0.2473	0.2532	-3.0000
0.2038	0.5808	-1.0000
0.6685	0.6024	0.0000
0.4329	0.6241	0.0000
-0.0381	0.3605	0.0000
-0.2213	-0.0967	-3.0000
-0.2610	-0.1740	-3.0000
-0.2545	0.2220	-3.0000
0.0773	0.5006	-2.0000
0.3144	0.5109	-2.0000
0.0702	0.5141	-2.0000
-0.2226	0.2892	-2.0000
-0.3709	-0.1638	-3.0000
0.1955	-0.6250	0.0000
-0.1558	-0.1034	-3.0000
-0.0624	0.3948	-2.0000
0.2865	0.5327	-1.0000
0.5513	0.4575	0.0000
0.0840	0.4864	-2.0000
-0.2618	0.3093	-2.0000
-0.4707	-0.2724	-3.0000
-0.0399	-0.3833	-2.0000
-0.0688	0.2492	-2.0000
0.1935	0.4815	-2.0000
0.2923	0.4574	-2.0000
-0.1566	0.4664	-1.0000
-0.4468	0.2148	-2.0000
-0.5295	-0.2939	-2.0000
0.0648	-0.6348	-1.0000
0.0590	0.2403	-1.0000
0.1685	0.5329	-1.0000
0.0642	0.5064	-2.0000
-0.3812	0.2805	-1.0000
-0.5823	-0.1623	-2.0000
-0.5159	-0.5062	-1.0000
0.1316	-0.6308	0.0000
-0.0236	0.0683	-1.0000
-0.0599	0.3304	-2.0000
-0.2132	0.3070	-2.0000
-0.4361	0.1340	-2.0000
-0.4947	-0.0313	-2.0000
-0.3653	-0.1409	-3.0000
-0.0021	-0.2212	-2.0000
0.1992	-0.4242	0.0000
0.0686	0.0275	0.0000
-0.0174	0.2312	-1.0000
-0.1956	0.1728	-2.0000
-0.3567	0.0522	-2.0000
-0.3111	0.0790	-3.0000
-0.1515	0.1004	-3.0000
-0.0965	-0.0038	-3.0000
-0.0364	0.3025	-2.0000
0.4200	0.3900	-1.0000
0.5366	0.3642	0.0000
-0.0627	-0.0549	-2.0000
-0.3005	0.1066	-3.0000
0.1759	0.4374	-2.0000
0.7890	0.4664	0.0000
0.5517	0.4188	-1.0000
0.0541	0.3288	0.0000
-0.2574	0.0025	-3.0000
-0.2219	0.3716	-2.0000
0.2315	0.6925	0.0000
0.6258	0.7257	0.0000
0.2929	0.7122	0.0000
-0.1530	0.4139	0.0000
-0.2579	-0.0632	-3.0000
-0.3115	-0.0665	-3.0000
-0.2578	0.3149	-3.0000
0.0553	0.5734	-1.0000
0.2506	0.5925	-1.0000
-0.0379	0.5883	0.0000
-0.3080	0.3073	-1.0000
-0.4135	-0.1470	-3.0000
0.0892	-0.6099	-1.0000
-0.1963	0.0300	-3.0000
-0.0728	0.4574	-2.0000
0.2455	0.5296	-1.0000
0.4420	0.4612	0.0000
-0.0322	0.5058	-2.0000
-0.3671	0.2738	-2.0000
-0.5236	-0.2507	-3.0000
-0.0896	-0.2565	-3.0000
-0.0805	0.3115	-3.0000
0.1539	0.4555	-2.0000
0.1773	0.4531	-2.0000
-0.2466	0.4915	0.0000
-0.5563	0.1929	-1.0000
-0.5687	-0.2447	-2.0000
0.0314	-0.4770	-2.0000
0.0474	0.2910	-2.0000
0.1087	0.5118	-2.0000
-0.0931	0.4600	-2.0000
-0.4777	0.2879	0.0000
-0.6675	-0.1722	-2.0000
-0.5533	-0.4251	-2.0000
0.1271	-0.5018	0.0000
-0.0425	0.1535	-2.0000
-0.1125	0.4026	-1.0000
-0.3572	0.3266	-2.0000
-0.5291	0.1685	-1.0000
-0.5786	-0.0324	-2.0000
-0.3954	-0.1120	-3.0000
-0.0343	-0.2427	-3.0000
0.1902	-0.3316	0.0000
0.0364	0.0911	-1.0000
-0.0958	0.2759	-2.0000
-0.3148	0.1768	-3.0000
-0.4216	0.1173	-2.0000
-0.3682	0.1423	-2.0000
-0.1788	0.1665	-3.0000
-0.1354	0.1174	-3.0000
0.0091	0.3953	-3.0000
0.4389	0.4718	-1.0000
0.5068	0.4312	0.0000
-0.1663	0.0079	-2.0000
-0.3158	0.2362	-3.0000
0.2300	0.5798	-1.0000
0.7359	0.5925	0.0000
0.4361	0.5204	0.0000
-0.0432	0.3870	0.0000
-0.2048	-0.0829	-3.0000
-0.2885	0.2575	-3.0000
0.1488	0.6380	0.0000
0.5907	0.6614	0.0000
0.3943	0.6731	0.0000
-0.0561	0.4386	0.0000
-0.2520	-0.0176	-3.0000
-0.2636	-0.1570	-3.0000
-0.2876	0.2347	-3.0000
0.0321	0.5736	-1.0000
0.2668	0.5768	-1.0000
0.0280	0.5712	-1.0000
-0.2425	0.3401	-1.0000
-0.4039	-0.1051	-3.0000
0.2279	-0.5811	0.0000
-0.1559	-0.1255	-3.0000
-0.0971	0.3790	-2.0000
0.2254	0.5720	-1.0000
0.5264	0.5006	0.0000
0.0648	0.5564	-1.0000
-0.2605	0.3963	0.0000
-0.5043	-0.2182	-3.0000
-0.0329	-0.4242	-2.0000
-0.0854	0.2205	-3.0000
0.1369	0.4843	-2.0000
0.2530	0.4640	-1.0000
-0.2030	0.4952	-1.0000
-0.4786	0.2586	-1.0000
-0.5769	-0.2481	-2.0000
0.0769	-0.7011	0.0000
0.0585	0.2176	-2.0000
0.1282	0.5409	0.0000
0.0167	0.5036	-2.0000
-0.4060	0.3272	0.0000
-0.5968	-0.1131	-2.0000
-0.5507	-0.4893	-2.0000
0.1381	-0.6651	0.0000
-0.0198	0.0444	-2.0000
-0.0836	0.3478	-2.0000
-0.2447	0.3168	-3.0000
-0.4682	0.1715	-1.0000
-0.4975	0.0047	-2.0000
-0.3825	-0.1126	-3.0000
-0.0445	-0.1679	-2.0000
0.2042	-0.4067	0.0000
0.0787	0.0466	0.0000
-0.0452	0.2565	-1.0000
-0.2236	0.2124	-2.0000
-0.3749	0.0796	-2.0000
-0.3118	0.1291	-2.0000
-0.1509	0.1439	-2.0000
-0.1334	0.0315	-3.0000
-0.0759	0.3348	-2.0000
0.3965	0.4291	-2.0000
0.5518	0.3955	0.0000
-0.0804	0.0100	-1.0000
-0.3382	0.1356	-3.0000
0.1108	0.4768	-2.0000
0.7259	0.5408	0.0000
0.5206	0.4934	-1.0000
0.0411	0.4098	0.0000
-0.2625	0.0148	-3.0000
-0.2081	0.3728	-2.0000
0.2542	0.6724	0.0000
0.6188	0.6866	0.0000
0.3083	0.6753	0.0000
-0.1135	0.3793	0.0000
-0.2138	-0.0855	-2.0000
-0.3215	-0.0510	-3.0000
-0.2472	0.3470	-3.0000
0.0775	0.5887	-1.0000
0.2665	0.6031	-1.0000
-0.0172	0.5788	0.0000
-0.2734	0.3015	-1.0000
-0.3792	-0.1789	-3.0000
0.0584	-0.5860	-1.0000
-0.2084	0.0549	-3.0000
-0.0686	0.4902	-1.0000
0.2878	0.5734	-1.0000
0.4517	0.5234	-1.0000
-0.0040	0.5429	-1.0000
-0.3309	0.2862	-2.0000
-0.4797	-0.2756	-3.0000
-0.1047	-0.2155	-3.0000
-0.0825	0.3721	-2.0000
0.1837	0.5249	-2.0000
0.1887	0.5324	-1.0000
-0.2327	0.5110	0.0000
-0.5206	0.1774	-1.0000
-0.5259	-0.2688	-3.0000
0.0314	-0.4054	-2.0000
0.0221	0.3605	-1.0000
0.1371	0.5969	-1.0000
-0.0546	0.5521	-1.0000
-0.4527	0.2746	0.0000
-0.6303	-0.2112	-2.0000
-0.5117	-0.4498	-2.0000
0.0943	-0.4481	0.0000
-0.0492	0.1925	-1.0000
-0.1035	0.4262	-1.0000
-0.3196	0.3593	-1.0000
-0.4780	0.1664	0.0000
-0.5360	-0.0526	-2.0000
-0.3488	-0.1225	-3.0000
-0.0100	-0.2431	-2.0000
0.1680	-0.2898	0.0000
0.0280	0.1396	0.0000
-0.0754	0.3091	-1.0000
-0.2906	0.2143	-2.0000
-0.3777	0.1030	-1.0000
-0.3293	0.1274	-2.0000
-0.1512	0.1425	-2.0000
-0.1247	0.1168	-3.0000
0.0160	0.3701	-2.0000
0.4544	0.4458	-1.0000
0.5173	0.4005	0.0000
-0.1432	0.0113	-2.0000
-0.2883	0.2339	-3.0000
0.2530	0.5224	-2.0000
0.7437	0.5356	0.0000
0.4329	0.4621	-1.0000
-0.0132	0.3436	0.0000
-0.2760	0.0179	-3.0000
-0.2559	0.3797	-2.0000
0.2053	0.6658	0.0000
0.6218	0.6895	0.0000
0.2822	0.6613	0.0000
-0.1426	0.3987	0.0000
-0.2554	-0.0617	-3.0000
-0.3268	-0.0476	-3.0000
-0.2734	0.3605	-2.0000
0.0491	0.6260	0.0000
0.2404	0.6279	0.0000
-0.0477	0.6104	0.0000
-0.3093	0.3418	-1.0000
-0.4138	-0.1412	-3.0000
0.0869	-0.5798	-1.0000
-0.1987	0.0398	-3.0000
-0.0522	0.5251	0.0000
0.2538	0.6100	0.0000
0.4578	0.5678	0.0000
-0.0288	0.5982	0.0000
-0.3537	0.3396	0.0000
-0.5193	-0.2470	-3.0000
-0.0905	-0.2557	-3.0000
-0.0697	0.3660	-2.0000
0.1867	0.5495	-2.0000
0.1815	0.5334	-1.0000
-0.2643	0.5463	0.0000
-0.5531	0.2137	0.0000
-0.5603	-0.2362	-3.0000
0.0594	-0.4623	-1.0000
0.0746	0.3721	-1.0000
0.1387	0.6231	0.0000
-0.0633	0.5688	0.0000
-0.4711	0.3303	0.0000
-0.6527	-0.1562	-2.0000
-0.5400	-0.4349	-2.0000
0.1320	-0.4981	0.0000
-0.0306	0.1542	-2.0000
-0.0914	0.4048	-1.0000
-0.3119	0.3576	-1.0000
-0.5057	0.1951	0.0000
-0.5594	-0.0182	-2.0000
-0.3782	-0.0985	-3.0000
-0.0127	-0.2282	-2.0000
0.1974	-0.3307	0.0000
0.0481	0.0926	0.0000
-0.0598	0.2711	-1.0000
-0.2771	0.1897	-2.0000
-0.3857	0.1091	-1.0000
-0.3409	0.1336	-2.0000
-0.1491	0.1608	-3.0000
-0.1383	0.1011	-3.0000
-0.0030	0.3817	-2.0000
0.4610	0.4927	-1.0000
0.5296	0.4434	0.0000
-0.1612	0.0111	-2.0000
-0.3286	0.2377	-2.0000
0.2119	0.5328	-2.0000
0.7378	0.5464	0.0000
0.4550	0.4809	-1.0000
-0.0264	0.3691	-1.0000
-0.1757	-0.1066	-3.0000
-0.2480	0.2596	-3.0000
0.2281	0.6172	-1.0000
0.6828	0.6539	0.0000
0.4093	0.6586	0.0000
-0.0781	0.4308	0.0000
-0.2595	-0.0563	-3.0000
-0.2365	-0.1879	-3.0000
-0.2646	0.2170	-3.0000
0.0843	0.5379	-2.0000
0.3290	0.5863	-1.0000
0.0777	0.5837	-1.0000
-0.2512	0.3603	0.0000
-0.4017	-0.1265	-3.0000
0.2310	-0.6777	0.0000
-0.1295	-0.1013	-3.0000
-0.0708	0.3881	-2.0000
0.2851	0.5384	-2.0000
0.5481	0.5033	-1.0000
0.0918	0.5434	-2.0000
-0.2790	0.3671	0.0000
-0.4984	-0.2268	-3.0000
0.0022	-0.3893	-3.0000
-0.0278	0.2468	-3.0000
0.1961	0.4820	-2.0000
0.3077	0.4774	-1.0000
-0.1634	0.5141	0.0000
-0.4543	0.2670	0.0000
-0.5623	-0.2576	-2.0000
0.0983	-0.6735	-1.0000
0.0869	0.2220	-2.0000
0.1639	0.4828	-2.0000
0.0403	0.4220	-2.0000
-0.4079	0.2883	-1.0000
-0.6093	-0.1135	-2.0000
-0.5539	-0.4746	-1.0000
0.1774	-0.7024	0.0000
0.0236	0.0722	-1.0000
-0.0477	0.3825	-1.0000
-0.2190	0.3538	-2.0000
-0.4712	0.1839	0.0000
-0.5220	-0.0218	-2.0000
-0.4017	-0.1470	-3.0000
-0.0187	-0.2209	-2.0000
0.2312	-0.4903	0.0000
0.1085	0.0272	0.0000
-0.0070	0.2714	-1.0000
-0.1862	0.2312	-2.0000
-0.3607	0.0874	-1.0000
-0.3174	0.0701	-3.0000
-0.1581	0.0992	-3.0000
-0.0360	-0.0231	-2.0000
0.0090	0.3419	-2.0000
0.4321	0.4929	-1.0000
0.5683	0.4435	0.0000
-0.0258	-0.0785	-2.0000
-0.2915	0.0916	-3.0000
0.1565	0.4495	-2.0000
0.7631	0.4960	0.0000
0.5508	0.4353	-1.0000
0.0542	0.3651	0.0000
-0.1594	-0.1297	-3.0000
-0.2179	0.2394	-3.0000
0.2299	0.5838	-1.0000
0.7117	0.5932	0.0000
0.4347	0.6068	0.0000
-0.0378	0.3787	0.0000
-0.2373	-0.0617	-3.0000
-0.2183	-0.2299	-3.0000
-0.2420	0.1896	-3.0000
0.0908	0.5382	-2.0000
0.3507	0.5615	-1.0000
0.0952	0.5585	-1.0000
-0.2258	0.3139	-1.0000
-0.3842	-0.1348	-3.0000
0.2351	-0.6896	0.0000
-0.1205	-0.1468	-3.0000
-0.0741	0.3606	-2.0000
0.2829	0.5625	-1.0000
0.5446	0.4806	-1.0000
0.0995	0.5112	-2.0000
-0.2456	0.3238	-2.0000
-0.4729	-0.2532	-3.0000
0.0090	-0.4212	-2.0000
-0.0425	0.2293	-2.0000
0.1766	0.4618	-2.0000
0.3122	0.4561	-1.0000
-0.1328	0.4735	-2.0000
-0.4187	0.2334	-1.0000
-0.5282	-0.2834	-3.0000
0.1170	-0.6967	0.0000
0.0791	0.2031	-1.0000
0.1751	0.5093	-1.0000
0.0702	0.4647	-3.0000
-0.3774	0.2999	-1.0000
-0.5793	-0.1290	-2.0000
-0.5214	-0.5059	-1.0000
0.1794	-0.7306	0.0000
0.0475	0.0682	-1.0000
-0.0305	0.3555	-1.0000
-0.1901	0.3227	-2.0000
-0.4417	0.1233	-1.0000
-0.5005	-0.0640	-2.0000
-0.3742	-0.1888	-3.0000
-0.0108	-0.2600	-2.0000
0.2389	-0.5082	0.0000
0.1122	-0.0077	0.0000
0.0032	0.2236	-1.0000
-0.1744	0.1801	-3.0000
-0.3515	0.0474	-1.0000
-0.3099	0.0442	-2.0000
-0.1419	0.0664	-2.0000
-0.0160	-0.0310	-2.0000
0.0015	0.2980	-2.0000
0.4146	0.4101	-1.0000
0.5345	0.3772	0.0000
-0.0076	-0.0828	-1.0000
-0.2571	0.0673	-3.0000
0.1750	0.4273	-2.0000
0.7787	0.4736	0.0000
0.5450	0.4224	-1.0000
0.0727	0.3537	0.0000
-0.1654	-0.1361	-3.0000
-0.2254	0.2248	-3.0000
0.2397	0.5710	-1.0000
0.7134	0.5966	0.0000
0.4234	0.5982	0.0000
-0.0351	0.3802	0.0000
-0.2279	-0.0716	-3.0000
-0.2202	-0.2193	-3.0000
-0.2520	0.1806	-3.0000
0.0959	0.5155	-2.0000
0.3488	0.5381	-1.0000
0.0992	0.5365	-2.0000
-0.2182	0.3003	-2.0000
-0.3752	-0.1595	-3.0000
0.2291	-0.6823	0.0000
-0.1324	-0.1305	-3.0000
-0.0854	0.3537	-2.0000
0.2787	0.5211	-2.0000
0.5667	0.4426	0.0000
0.1143	0.4771	-3.0000
-0.2450	0.2954	-2.0000
-0.4706	-0.2648	-3.0000
0.0040	-0.4059	-2.0000
-0.0365	0.2391	-3.0000
0.2023	0.4766	-2.0000
0.3298	0.4403	-1.0000
-0.1205	0.4759	-2.0000
-0.4186	0.2239	-1.0000
-0.5265	-0.2786	-3.0000
0.1035	-0.6874	0.0000
0.0759	0.2142	-1.0000
0.1776	0.5175	-1.0000
0.0719	0.4710	-3.0000
-0.3637	0.3116	0.0000
-0.5724	-0.1281	-2.0000
-0.5232	-0.4876	-2.0000
0.1842	-0.7177	0.0000
0.0349	0.0584	-1.0000
-0.0296	0.3370	-1.0000
-0.1830	0.3239	-3.0000
-0.4331	0.1287	-1.0000
-0.4934	-0.0555	-2.0000
-0.3730	-0.1792	-3.0000
-0.0197	-0.2408	-2.0000
0.2345	-0.4986	0.0000
0.1223	0.0071	0.0000
0.0097	0.2230	-1.0000
-0.1689	0.1789	-2.0000
-0.3454	0.0417	-1.0000
-0.3136	0.0636	-2.0000
-0.1476	0.0911	-3.0000
-0.0131	-0.0375	-2.0000
0.0220	0.2825	-2.0000
0.4382	0.3972	-1.0000
0.5468	0.3528	0.0000
-0.0122	-0.0878	-1.0000
-0.2556	0.0675	-3.0000
0.1680	0.4145	-2.0000
0.7742	0.4465	0.0000
0.5392	0.3836	0.0000
0.0746	0.3296	0.0000
-0.2574	-0.0409	-3.0000
-0.3126	0.3141	-2.0000
0.1688	0.6475	0.0000
0.6258	0.6637	0.0000
0.3748	0.6772	0.0000
-0.0947	0.4502	0.0000
-0.2933	-0.0151	-3.0000
-0.3237	-0.1103	-3.0000
-0.3361	0.2849	-2.0000
0.0235	0.5715	-1.0000
0.2810	0.6057	0.0000
0.0314	0.5959	0.0000
-0.2832	0.3793	0.0000
-0.4374	-0.0908	-3.0000
0.1570	-0.5771	-1.0000
-0.2230	-0.0229	-3.0000
-0.1708	0.4416	-1.0000
0.2283	0.5920	0.0000
0.5142	0.5202	0.0000
0.0583	0.5668	-1.0000
-0.3137	0.3907	0.0000
-0.5391	-0.2003	-3.0000
-0.0988	-0.2948	-3.0000
-0.1468	0.3111	-2.0000
0.1153	0.5214	-2.0000
0.2770	0.5402	-1.0000
-0.2057	0.5622	0.0000
-0.4938	0.3043	0.0000
-0.6037	-0.2212	-2.0000
0.0154	-0.5881	-1.0000
0.0042	0.3099	-2.0000
0.0988	0.5900	0.0000
0.0038	0.5430	-1.0000
-0.4581	0.3736	0.0000
-0.6477	-0.0833	-2.0000
-0.5985	-0.4546	-1.0000
0.0902	-0.6175	0.0000
-0.0426	0.1376	-1.0000
-0.0922	0.4246	-1.0000
-0.2684	0.3957	-1.0000
-0.5178	0.1967	0.0000
-0.5612	0.0040	-2.0000
-0.4362	-0.1174	-3.0000
-0.0665	-0.1841	-3.0000
0.1550	-0.3945	0.0000
0.0515	0.0930	0.0000
-0.0531	0.3156	-1.0000
-0.2462	0.2693	-2.0000
-0.4115	0.1122	-2.0000
-0.3687	0.1162	-2.0000
-0.1974	0.1458	-3.0000
-0.1219	0.0497	-3.0000
-0.0700	0.3753	-2.0000
0.3763	0.4717	-2.0000
0.5137	0.4313	-1.0000
-0.1237	0.0041	-2.0000
-0.3719	0.1606	-3.0000
0.0991	0.4755	-2.0000
0.7482	0.5130	0.0000
0.5108	0.4590	-1.0000
0.0188	0.3952	0.0000
