-0.7867	-0.0461	0.0000
-0.7778	-0.0987	-1.0000
-0.4741	0.3253	-1.0000
-0.6565	-0.2247	-1.0000
-0.1041	0.3045	-2.0000
-0.7172	-0.2051	0.0000
-0.6414	0.1413	-3.0000
-0.0549	0.5183	0.0000
-0.6692	-0.0059	-3.0000
-0.6077	-0.0635	0.0000
-0.5737	-0.0615	0.0000
-0.4755	0.3778	-1.0000
-0.4568	-0.2149	-2.0000
-0.0684	-0.2220	-2.0000
-0.7717	-0.0519	0.0000
-0.4578	0.4619	0.0000
-0.5830	0.1308	-3.0000
-0.2191	0.1634	-3.0000
-0.0215	0.2915	0.0000
-0.7017	-0.2701	0.0000
-0.8679	-0.0395	0.0000
-0.1041	0.3045	-2.0000
-0.6530	-0.2620	-1.0000
-0.5047	-0.1102	-1.0000
-0.7019	-0.2326	0.0000
0.0223	0.2254	0.0000
-0.1252	0.3386	-2.0000
-0.1774	-0.2670	-3.0000
-0.7673	-0.2093	0.0000
-0.4652	0.4478	0.0000
-0.0633	0.2301	-3.0000
-0.3559	0.1288	-3.0000
-0.7834	-0.0603	-1.0000
-0.1357	-0.3364	-2.0000
0.2476	0.2282	-2.0000
-0.6179	-0.0249	-3.0000
-0.6224	-0.0166	-3.0000
-0.5672	0.2361	-2.0000
-0.7618	0.1008	-1.0000
-0.6609	-0.2206	-1.0000
-0.8163	-0.0542	0.0000
-0.3297	-0.3719	0.0000
-0.3645	-0.1359	-2.0000
-0.3652	0.0319	-3.0000
-0.6973	0.0233	-1.0000
-0.2852	-0.3992	0.0000
-0.4882	-0.1349	-3.0000
-0.2852	-0.3992	0.0000
-0.7550	-0.0153	-1.0000
-0.3802	0.1148	-3.0000
-0.3786	0.3918	0.0000
-0.8168	0.1127	0.0000
-0.6222	-0.0638	-3.0000
-0.6127	-0.0502	-3.0000
-0.8008	0.0059	-1.0000
-0.6435	0.2639	-1.0000
-0.6622	0.0221	-1.0000
-0.8497	0.0622	0.0000
-0.3149	0.4715	-1.0000
-0.1918	-0.4440	0.0000
-0.3618	0.2305	-2.0000
-0.3282	0.0079	-3.0000
-0.6559	-0.2864	0.0000
-0.3787	0.2237	-3.0000
-0.8029	0.1561	0.0000
-0.4910	0.1438	-3.0000
-0.4479	0.4112	0.0000
-0.6182	-0.1802	-1.0000
-0.4200	-0.1708	-3.0000
-0.3834	-0.1573	-2.0000
-0.4765	0.3477	-2.0000
-0.6229	0.2731	0.0000
-0.6908	-0.2531	-1.0000
-0.4234	0.4475	0.0000
-0.6653	-0.2817	0.0000
-0.5498	0.1094	-3.0000
-0.7196	-0.1181	-2.0000
-0.2814	-0.0209	-3.0000
-0.3463	-0.0584	-3.0000
-0.3213	0.1321	-3.0000
-0.7240	-0.0753	0.0000
-0.6794	0.1847	-2.0000
-0.8184	-0.0916	0.0000
-0.4750	-0.2007	-3.0000
-0.7318	0.0451	-1.0000
-0.6647	0.1625	-2.0000
0.1794	0.2147	-2.0000
-0.4282	-0.0049	-3.0000
-0.4881	0.3658	-1.0000
-0.5674	0.2577	-2.0000
-0.5972	-0.0561	0.0000
-0.6824	0.1178	-2.0000
-0.7745	-0.0946	-1.0000
-0.1001	0.5658	0.0000
-0.5440	0.2005	-3.0000
0.1077	0.1902	-1.0000
-0.5606	0.2089	-2.0000
-0.0719	0.5567	0.0000
-0.6009	-0.3242	0.0000
0.0252	-0.3648	-1.0000
-0.3121	0.3520	0.0000
-0.5106	0.4080	0.0000
-0.6441	0.2846	0.0000
-0.3251	0.4066	-1.0000
-0.6118	0.2561	-2.0000
-0.5766	0.2659	-1.0000
-0.5354	-0.3028	-1.0000
-0.2478	-0.0898	0.0000
-0.6251	-0.2437	-1.0000
-0.5928	-0.2735	-1.0000
-0.3714	0.4143	-1.0000
-0.5153	0.0268	-3.0000
-0.6793	-0.1739	-1.0000
-0.8155	0.0366	0.0000
-0.5512	-0.0829	-3.0000
-0.5896	0.0915	-3.0000
-0.7941	-0.0014	0.0000
-0.6088	0.0264	-2.0000
-0.5002	0.2773	-1.0000
-0.1524	0.3430	-2.0000
-0.6207	-0.2752	-1.0000
-0.6262	-0.3037	0.0000
-0.0967	-0.3392	-2.0000
0.1895	0.1959	-2.0000
-0.1568	-0.3566	-2.0000
-0.7186	0.0105	-1.0000
0.0294	-0.4115	0.0000
-0.4473	0.3237	-1.0000
-0.7027	0.2316	0.0000
-0.5690	0.2477	-2.0000
-0.3364	0.3860	-1.0000
-0.8101	-0.1066	0.0000
-0.5739	0.0454	-2.0000
-0.3106	0.0116	-3.0000
-0.1585	-0.3499	-1.0000
-0.6568	-0.2777	0.0000
-0.7206	-0.2389	0.0000
-0.8227	-0.0737	0.0000
-0.6851	-0.2823	0.0000
-0.3297	-0.3719	0.0000
-0.3252	0.2862	-3.0000
-0.2592	0.1803	-2.0000
-0.7405	0.1140	-1.0000
-0.4198	0.4212	-1.0000
-0.6391	-0.2735	-1.0000
-0.1867	0.2503	-3.0000
-0.6124	0.2588	-1.0000
-0.2435	0.3347	-3.0000
-0.5986	0.2082	-2.0000
-0.5448	-0.1747	-2.0000
-0.7710	-0.1077	-2.0000
-0.0443	-0.2510	-1.0000
-0.6758	0.2557	0.0000
-0.5891	-0.3227	0.0000
-0.5052	-0.1613	-3.0000
-0.2723	0.3002	-2.0000
-0.1975	0.4637	-1.0000
-0.4173	0.3794	-1.0000
-0.2727	0.3520	-2.0000
-0.4033	0.0904	-3.0000
-0.8011	0.1109	0.0000
-0.7584	-0.0817	0.0000
-0.2988	-0.2448	-3.0000
-0.5964	-0.2101	-2.0000
-0.7194	0.2183	0.0000
-0.4543	0.3707	-1.0000
-0.4890	-0.1232	-2.0000
-0.4750	-0.1428	-3.0000
-0.0600	-0.3641	-1.0000
-0.3914	-0.1150	-3.0000
-0.3039	0.1560	-3.0000
-0.4914	0.3746	-1.0000
0.2995	0.2397	-1.0000
-0.1021	-0.3988	-1.0000
-0.4151	0.1559	-3.0000
-0.3755	0.3790	-1.0000
-0.3805	-0.3236	-1.0000
-0.7362	0.0158	-2.0000
0.1059	0.3506	-2.0000
-0.6142	-0.1859	-1.0000
-0.4827	0.0902	-3.0000
0.0884	0.3144	-2.0000
-0.1576	-0.2995	-2.0000
-0.6672	-0.0558	-3.0000
-0.0205	-0.3591	-1.0000
-0.1129	-0.3112	-2.0000
-0.3317	0.4021	-1.0000
-0.5607	0.0156	-2.0000
-0.4525	0.3969	0.0000
-0.1746	0.4429	-1.0000
-0.1524	0.3430	-3.0000
-0.6287	-0.2933	-1.0000
-0.2620	0.2730	-3.0000
-0.7258	0.1565	-1.0000
-0.0624	-0.4570	0.0000
-0.2478	-0.0898	0.0000
-0.7670	-0.0500	-2.0000
-0.4862	-0.1051	-3.0000
-0.4914	0.3744	-1.0000
-0.8484	0.0081	0.0000
-0.0316	-0.2413	-1.0000
-0.4034	0.4060	-1.0000
-0.2852	-0.3992	0.0000
-0.6470	-0.2815	-1.0000
-0.4193	-0.0607	-3.0000
-0.7386	0.1921	0.0000
-0.8150	0.0097	0.0000
-0.6999	-0.0922	0.0000
-0.5473	-0.1201	-3.0000
-0.2352	0.2401	-2.0000
-0.6609	-0.2615	-1.0000
-0.5963	-0.3096	0.0000
-0.6988	-0.0741	0.0000
-0.1692	0.1835	-3.0000
-0.6246	0.2280	-2.0000
-0.8171	0.1567	0.0000
-0.4586	0.0822	-3.0000
-0.1738	0.1865	-3.0000
-0.2367	-0.2373	-3.0000
-0.2686	-0.3237	0.0000
0.0082	-0.2592	-1.0000
-0.6446	0.0213	-2.0000
-0.1299	0.1883	-3.0000
-0.6837	-0.2673	0.0000
-0.1630	0.0511	-3.0000
-0.2858	0.1682	-3.0000
-0.3039	0.1560	-3.0000
-0.1316	-0.3013	0.0000
-0.4143	0.3041	-2.0000
-0.7425	0.2285	0.0000
0.1680	0.2165	-2.0000
0.0202	-0.3772	-1.0000
-0.2944	0.2395	-3.0000
0.0054	0.3130	-3.0000
-0.5776	0.1350	-3.0000
-0.4275	0.1426	-3.0000
-0.0765	-0.3661	-1.0000
-0.4788	0.3743	-1.0000
-0.6224	0.2575	-1.0000
-0.6081	-0.1928	-2.0000
-0.7301	0.0123	-2.0000
0.1996	0.2098	-2.0000
-0.4394	0.0698	-3.0000
-0.6845	0.0063	-2.0000
-0.6796	-0.1005	0.0000
-0.4943	0.3658	-1.0000
-0.2646	0.2967	-3.0000
-0.2418	0.2791	-2.0000
-0.3177	0.1349	-3.0000
-0.4944	-0.1302	-2.0000
-0.4174	0.4147	0.0000
-0.3885	-0.2855	-2.0000
-0.4395	-0.1300	-2.0000
-0.7999	0.1390	0.0000
-0.6078	-0.3238	0.0000
-0.4148	0.4776	0.0000
-0.4171	0.3374	-2.0000
-0.5916	0.0612	-2.0000
-0.6004	0.2349	-2.0000
-0.5302	0.1670	-3.0000
-0.7361	-0.0545	-2.0000
-0.6156	0.1505	-2.0000
-0.5152	-0.1546	-3.0000
-0.8121	-0.0611	0.0000
-0.6152	-0.0412	-3.0000
-0.4621	0.0617	-3.0000
-0.3497	-0.1245	-1.0000
-0.6317	-0.2800	-1.0000
-0.1524	0.3430	-3.0000
-0.7482	0.1903	0.0000
-0.6108	-0.3071	0.0000
-0.7345	-0.2266	0.0000
-0.5835	0.2972	-1.0000
-0.6699	0.0250	-2.0000
-0.6817	0.2554	0.0000
-0.7311	-0.0029	-2.0000
-0.5994	0.2389	-1.0000
-0.0138	0.3102	-1.0000
-0.5206	-0.1036	-1.0000
-0.4721	-0.2099	-3.0000
0.0498	0.3356	-3.0000
-0.4749	0.3645	-1.0000
-0.3212	0.3674	-1.0000
0.0580	0.3504	-3.0000
-0.2686	-0.3237	0.0000
-0.0482	0.4667	-1.0000
-0.0257	0.3076	-1.0000
-0.4151	-0.2752	-2.0000
-0.1827	0.1600	-3.0000
-0.6181	-0.0737	-3.0000
-0.5483	0.0680	-3.0000
-0.0882	-0.4591	0.0000
-0.7865	0.0081	-1.0000
-0.2621	0.2297	-3.0000
-0.3812	0.2143	-3.0000
-0.5235	-0.1154	-3.0000
-0.3902	-0.1636	-2.0000
-0.4575	-0.1467	-3.0000
-0.1638	0.1766	-3.0000
-0.6736	-0.0880	0.0000
-0.1041	0.3045	-3.0000
-0.6987	0.0357	-1.0000
-0.5646	-0.1002	-2.0000
-0.0375	-0.2422	-1.0000
-0.5974	-0.2148	0.0000
-0.5021	-0.1304	-1.0000
-0.4032	-0.2770	-1.0000
-0.0244	0.2914	0.0000
-0.6618	-0.2842	0.0000
-0.7831	-0.0660	-1.0000
-0.4654	0.3564	-1.0000
-0.4049	0.4275	0.0000
-0.3464	0.1566	-3.0000
-0.5897	-0.0237	-3.0000
-0.5593	-0.0620	0.0000
-0.1041	0.3045	-3.0000
-0.8415	0.0401	0.0000
-0.5458	-0.0639	-3.0000
-0.0477	0.3391	-1.0000
-0.5403	0.1366	-3.0000
-0.1867	0.2503	-3.0000
-0.6799	-0.2135	-1.0000
0.2493	0.1955	-1.0000
-0.6493	-0.2629	-1.0000
-0.5765	0.2578	-1.0000
-0.6856	0.1848	-2.0000
0.0775	0.3673	-1.0000
-0.6185	-0.3121	0.0000
-0.7118	-0.0217	-3.0000
-0.3803	0.1293	-3.0000
-0.3249	0.1183	-3.0000
-0.3383	0.2534	-3.0000
-0.5996	0.2416	-1.0000
-0.6907	-0.0090	-2.0000
-0.5990	0.2275	-2.0000
-0.3510	0.4887	0.0000
-0.6827	0.1039	-3.0000
-0.2066	0.2039	-3.0000
-0.3645	0.0268	-3.0000
-0.5714	0.0231	-2.0000
-0.8286	-0.0520	-1.0000
-0.1549	-0.4333	-1.0000
-0.6082	0.2604	-1.0000
-0.4014	-0.2637	-2.0000
-0.7623	0.0073	-1.0000
-0.2478	-0.0898	0.0000
-0.5893	0.2591	-2.0000
-0.5423	0.2107	-3.0000
-0.6015	0.1299	-3.0000
0.2020	-0.0566	0.0000
-0.0898	-0.3904	-1.0000
-0.1867	0.2503	-3.0000
-0.1041	0.3045	-3.0000
-0.3605	0.0294	-3.0000
-0.6415	-0.2456	-2.0000
-0.1996	-0.2706	-2.0000
-0.7191	-0.0725	0.0000
-0.7482	-0.0618	0.0000
-0.5719	-0.2824	-1.0000
-0.0323	-0.3530	-1.0000
-0.2938	0.4132	-2.0000
-0.6179	0.1186	-3.0000
-0.4601	0.0909	-3.0000
-0.5191	0.2456	-2.0000
-0.8454	0.0268	0.0000
-0.6137	0.2155	-3.0000
-0.7465	0.0123	-2.0000
-0.5945	-0.1799	-2.0000
-0.6315	0.0936	-3.0000
-0.4875	0.1979	-3.0000
-0.6018	-0.1950	-1.0000
-0.4230	0.3844	-1.0000
-0.4027	-0.2800	-1.0000
-0.6391	-0.0619	0.0000
0.1500	0.1794	-2.0000
-0.3826	-0.2912	-2.0000
-0.7363	-0.0696	-1.0000
-0.0216	-0.3645	-1.0000
-0.6309	-0.2035	-2.0000
-0.6741	0.1486	-2.0000
-0.1534	0.2451	-3.0000
-0.7209	-0.2446	0.0000
-0.2265	0.1659	-3.0000
-0.6238	-0.2907	-1.0000
-0.3898	-0.2754	-2.0000
-0.5559	-0.1168	-3.0000
-0.0187	-0.2332	-1.0000
-0.4961	0.4095	0.0000
-0.0070	-0.2354	-1.0000
-0.6051	-0.3150	0.0000
-0.3539	-0.1883	-2.0000
-0.4948	-0.1410	-3.0000
-0.3782	0.0245	-3.0000
-0.6630	-0.2419	-1.0000
-0.0792	-0.4603	0.0000
-0.4809	-0.0404	-3.0000
-0.5860	0.1284	-2.0000
-0.2473	-0.0416	-3.0000
-0.5961	0.2850	-2.0000
-0.5976	-0.0385	-3.0000
-0.1160	0.2143	-2.0000
-0.0912	0.4559	0.0000
-0.5746	0.0320	-2.0000
-0.4246	0.3313	-2.0000
-0.3177	0.1349	-3.0000
-0.3137	-0.1984	-3.0000
-0.2756	-0.2260	-3.0000
-0.2960	-0.0447	-3.0000
-0.6439	0.2220	-2.0000
-0.4220	-0.0224	-2.0000
-0.2967	0.2964	-3.0000
-0.6039	0.2746	-1.0000
-0.6729	-0.2267	-1.0000
-0.5167	0.3255	0.0000
-0.6368	-0.1178	0.0000
-0.3783	0.4606	0.0000
-0.6634	-0.2805	0.0000
-0.1801	0.1644	-3.0000
0.1527	0.1893	-2.0000
-0.0437	0.3842	0.0000
0.0227	-0.2651	-1.0000
0.1840	0.2192	-2.0000
-0.6748	-0.2762	0.0000
-0.2411	-0.2922	-2.0000
-0.5806	0.0390	-2.0000
-0.0443	0.2969	0.0000
-0.0551	-0.3031	-2.0000
-0.2686	-0.3237	0.0000
-0.5482	0.2284	-2.0000
-0.1777	0.4432	-1.0000
-0.4610	-0.1330	-3.0000
-0.4110	0.0647	-3.0000
-0.8092	-0.1012	0.0000
-0.6096	-0.1758	-1.0000
-0.7215	-0.2484	0.0000
-0.5733	-0.0588	0.0000
-0.3177	0.1349	-3.0000
-0.3418	-0.0036	-3.0000
-0.7743	0.0284	-1.0000
-0.7321	0.1954	0.0000
-0.5484	0.2829	-1.0000
-0.4157	-0.2699	-2.0000
-0.6429	-0.2367	-1.0000
-0.6358	0.1311	-3.0000
-0.4993	0.0414	-2.0000
-0.3851	0.3414	-2.0000
-0.5534	0.1003	-3.0000
-0.6580	0.1488	-2.0000
-0.6362	-0.2850	-1.0000
-0.4338	0.4253	0.0000
-0.3625	0.4857	0.0000
-0.8435	-0.0615	0.0000
-0.4801	-0.1058	-1.0000
-0.6693	-0.2202	-1.0000
-0.5242	0.0414	-2.0000
-0.5862	-0.2586	-1.0000
-0.4115	0.1843	-3.0000
-0.2071	0.1534	-3.0000
-0.4676	0.4281	0.0000
-0.5242	-0.0913	0.0000
-0.4995	-0.0953	-1.0000
-0.7336	-0.0717	0.0000
-0.8164	-0.0550	-1.0000
-0.0653	-0.2421	-1.0000
-0.6744	0.2883	0.0000
-0.0398	-0.4935	0.0000
-0.3681	0.0645	-3.0000
-0.7243	-0.0778	-1.0000
-0.7802	-0.0796	-1.0000
-0.2836	-0.0390	-3.0000
-0.4514	-0.1550	-2.0000
-0.3577	-0.0334	-3.0000
-0.7695	0.0146	-1.0000
-0.6084	-0.1180	-3.0000
-0.6213	-0.1957	-1.0000
-0.5681	0.3025	-1.0000
-0.3177	0.1349	-3.0000
-0.7238	-0.0136	-2.0000
0.1972	0.1830	-2.0000
-0.4502	0.1286	-3.0000
-0.0470	0.2400	-2.0000
-0.7253	-0.0805	0.0000
-0.2774	-0.2546	-2.0000
-0.3580	-0.1626	-3.0000
-0.7244	0.2044	-1.0000
-0.7334	-0.0642	-2.0000
-0.7453	-0.0385	-2.0000
-0.7663	-0.0698	0.0000
-0.3716	-0.2041	-3.0000
-0.5966	0.1353	-2.0000
-0.4847	-0.1074	-3.0000
-0.2989	0.4536	-2.0000
-0.0333	-0.2297	-2.0000
-0.5735	-0.2933	0.0000
-0.2061	0.4538	-2.0000
-0.3556	-0.3439	0.0000
-0.3383	0.4737	-1.0000
0.1091	0.3729	-3.0000
-0.3039	0.1560	-3.0000
-0.4330	-0.0143	-3.0000
-0.6713	0.1108	-3.0000
-0.3720	0.1112	-3.0000
-0.0630	0.5393	0.0000
-0.6534	0.2178	-1.0000
-0.6501	-0.0175	-3.0000
-0.6840	-0.0864	-1.0000
-0.4727	-0.2376	-2.0000
-0.8103	0.0372	0.0000
-0.6491	0.2718	0.0000
-0.3391	-0.1364	-2.0000
-0.5930	0.1846	-3.0000
-0.6379	0.1861	-3.0000
-0.5787	-0.2727	0.0000
-0.8490	-0.0012	0.0000
-0.3899	0.1895	-3.0000
-0.8367	-0.0089	0.0000
0.0182	-0.3950	0.0000
-0.4556	0.1098	-3.0000
-0.5178	0.3479	0.0000
-0.7071	-0.0369	-2.0000
-0.6646	0.0123	-3.0000
-0.4244	-0.2602	-2.0000
-0.1759	0.1154	-3.0000
-0.3521	0.2855	-3.0000
-0.2945	0.0483	-3.0000
-0.5237	-0.1207	-2.0000
-0.5179	-0.2074	-2.0000
-0.5416	-0.1778	-3.0000
-0.6087	0.2434	-1.0000
-0.1160	-0.4779	0.0000
-0.8412	0.0121	0.0000
-0.6438	-0.2416	0.0000
-0.4695	0.1949	-3.0000
-0.3150	-0.0442	-3.0000
-0.7973	-0.0784	-1.0000
-0.0457	0.3243	0.0000
-0.3749	0.2105	-2.0000
0.0791	0.3230	-3.0000
-0.1028	0.1417	-2.0000
-0.6862	0.1913	-1.0000
-0.5732	0.3080	0.0000
-0.6743	0.0901	-3.0000
-0.5902	-0.2672	-1.0000
-0.1442	-0.4396	0.0000
-0.6482	0.2186	-1.0000
-0.3762	0.3911	0.0000
-0.5991	-0.0549	0.0000
-0.3541	0.4241	-1.0000
-0.4515	-0.1143	-3.0000
-0.5623	0.2796	-1.0000
-0.6266	0.2253	-2.0000
-0.7680	-0.0904	0.0000
-0.6292	-0.2754	-1.0000
-0.3103	0.3504	-1.0000
-0.1898	0.4724	-1.0000
-0.5284	0.0613	-3.0000
-0.4776	-0.1476	-3.0000
-0.6107	0.2515	-1.0000
-0.3939	0.4285	0.0000
-0.2665	0.3351	-3.0000
-0.6325	-0.3035	0.0000
0.0957	0.3143	-3.0000
-0.0485	-0.4607	0.0000
-0.6550	-0.2771	0.0000
-0.3135	0.2976	-3.0000
-0.4639	-0.1528	-3.0000
-0.5914	-0.1126	-3.0000
-0.7916	-0.1090	-1.0000
-0.6982	0.1408	-2.0000
-0.0423	0.5131	0.0000
-0.6144	0.2159	-2.0000
-0.2305	0.3368	-1.0000
-0.7105	-0.2609	0.0000
-0.7263	-0.0840	0.0000
-0.5669	-0.0663	0.0000
-0.5872	-0.1269	-3.0000
-0.3621	-0.2730	-2.0000
-0.3652	0.3859	0.0000
-0.2525	0.2411	-2.0000
-0.5547	-0.0801	0.0000
-0.7863	-0.1020	-1.0000
-0.1162	-0.4606	0.0000
-0.5864	0.2452	-2.0000
-0.0725	0.5389	0.0000
-0.3701	-0.0250	-2.0000
-0.3527	0.4058	0.0000
-0.4618	-0.1633	-3.0000
-0.5457	-0.1216	-2.0000
-0.4242	-0.1309	0.0000
-0.5129	-0.0876	-1.0000
-0.4924	0.4165	0.0000
-0.0145	0.3625	0.0000
-0.2217	0.1583	-3.0000
0.2622	0.1131	-1.0000
-0.7982	0.1285	-1.0000
-0.6041	-0.1651	-2.0000
-0.3753	0.0187	-3.0000
-0.6998	-0.2744	0.0000
-0.3874	-0.1999	-3.0000
-0.4647	0.3526	-1.0000
-0.4406	0.0462	-2.0000
-0.5076	0.1513	-3.0000
-0.5779	-0.2867	0.0000
-0.6439	0.1380	-3.0000
-0.1316	-0.3013	-1.0000
-0.5035	-0.1060	-2.0000
-0.1292	-0.4428	0.0000
-0.7021	-0.2731	0.0000
-0.7905	0.1376	0.0000
-0.7089	-0.0129	-2.0000
-0.1809	-0.3259	-2.0000
-0.6543	-0.2429	-1.0000
0.1390	0.1969	-2.0000
-0.6691	0.2510	-1.0000
-0.6425	0.0246	-2.0000
-0.3297	-0.3719	-1.0000
-0.7561	-0.0260	-2.0000
-0.4242	-0.1309	-1.0000
-0.5154	0.0777	-3.0000
-0.2911	-0.2252	-3.0000
-0.3573	0.4179	-1.0000
-0.5575	0.2695	-1.0000
-0.6439	0.2821	0.0000
-0.7859	0.0144	0.0000
-0.7875	-0.0772	-2.0000
-0.4737	0.3820	-1.0000
-0.5477	0.0450	-3.0000
-0.2865	0.2129	-3.0000
-0.5529	0.2334	-3.0000
-0.3188	0.3580	0.0000
-0.5772	0.1302	-3.0000
-0.3186	0.2562	-3.0000
-0.3643	0.4760	0.0000
-0.5297	0.3561	0.0000
-0.8725	0.0603	0.0000
-0.3062	0.2548	-2.0000
-0.0763	0.5143	-1.0000
-0.7405	0.0086	-1.0000
-0.6801	0.0182	-1.0000
-0.4465	0.3574	-2.0000
-0.5994	0.2338	-1.0000
-0.3763	0.0086	-3.0000
-0.6663	0.2633	0.0000
-0.3213	-0.0299	-3.0000
-0.4178	0.3324	-2.0000
-0.6352	-0.0114	-3.0000
-0.4283	-0.2796	-2.0000
-0.6267	0.1639	-3.0000
-0.3909	0.0038	-3.0000
0.1179	0.3207	-3.0000
-0.3749	-0.1360	-2.0000
-0.2361	0.4985	-1.0000
-0.4763	0.3976	0.0000
-0.2553	0.4771	-1.0000
-0.6191	0.1404	-3.0000
-0.5803	-0.2682	-1.0000
-0.1296	-0.2125	-1.0000
-0.4242	-0.1309	0.0000
0.0016	0.4304	-1.0000
-0.4834	0.1075	-3.0000
-0.5010	0.3763	0.0000
-0.3109	-0.0312	-2.0000
-0.7241	-0.0892	0.0000
-0.4284	0.3598	-1.0000
-0.8188	0.1193	0.0000
-0.5384	0.0462	-3.0000
-0.1608	0.2143	-3.0000
0.0720	0.3061	-3.0000
-0.3039	0.1560	-3.0000
-0.6261	0.2866	0.0000
-0.3616	0.3938	-1.0000
-0.1867	0.2503	-3.0000
-0.3312	0.3172	-2.0000
-0.0107	-0.3539	-1.0000
-0.5867	-0.0515	0.0000
-0.3192	-0.0127	-3.0000
-0.3979	-0.0620	-2.0000
-0.3698	-0.3501	-1.0000
-0.4817	0.1891	-3.0000
-0.4741	-0.0449	-2.0000
-0.6198	0.1450	-3.0000
-0.2146	0.3865	-2.0000
-0.3866	0.3897	-1.0000
-0.4220	0.4403	0.0000
-0.0166	-0.3352	-2.0000
-0.7564	-0.0740	-2.0000
-0.3813	-0.0093	-3.0000
-0.2787	-0.0803	-2.0000
-0.5622	-0.0699	-3.0000
-0.3776	0.3104	-1.0000
-0.8429	0.0309	0.0000
-0.3039	0.1560	-3.0000
-0.6421	-0.2868	0.0000
-0.5543	-0.1226	-1.0000
-0.2944	0.2097	-3.0000
-0.3749	-0.2712	-2.0000
-0.4571	-0.2318	-2.0000
-0.7582	0.0160	-1.0000
-0.2924	0.4505	-1.0000
-0.6342	-0.2854	0.0000
-0.7706	0.0164	-1.0000
-0.6932	-0.2817	0.0000
-0.3850	0.4668	0.0000
-0.3932	0.0772	-3.0000
-0.7662	-0.0060	-1.0000
-0.4829	0.3912	0.0000
-0.6102	0.2262	-1.0000
-0.3973	0.4173	0.0000
-0.8039	0.0877	0.0000
-0.6243	0.0905	-3.0000
-0.4317	0.2157	-3.0000
-0.0447	0.3110	0.0000
-0.8196	-0.0171	-1.0000
-0.6524	-0.2716	-1.0000
-0.5112	0.1222	-3.0000
-0.7758	-0.0508	0.0000
-0.1867	0.2503	-3.0000
-0.5898	-0.1475	-3.0000
-0.7760	0.0442	-1.0000
-0.2175	0.3664	-2.0000
-0.6838	0.2514	0.0000
0.0674	0.2593	-3.0000
-0.7971	-0.0954	-1.0000
-0.3964	-0.0345	-3.0000
-0.8140	-0.1032	0.0000
-0.3893	0.3240	-1.0000
-0.2390	-0.2791	-2.0000
-0.1316	-0.3013	-1.0000
-0.3177	0.1349	-3.0000
0.0654	0.1117	-2.0000
-0.6344	-0.2066	-1.0000
-0.4737	-0.1254	-2.0000
0.0069	-0.2630	-1.0000
-0.4502	0.3741	-1.0000
-0.5180	0.1687	-3.0000
-0.7495	0.0282	-2.0000
-0.1371	-0.3244	-2.0000
-0.7618	-0.0680	-2.0000
-0.4698	-0.1257	-2.0000
-0.0560	0.5073	-1.0000
-0.0551	-0.4590	0.0000
-0.4203	0.3643	-2.0000
-0.4319	-0.1288	-2.0000
-0.7177	0.2103	-1.0000
-0.8085	-0.0910	-1.0000
-0.2834	0.1068	-3.0000
-0.8207	-0.0305	-1.0000
-0.3273	-0.0416	-2.0000
-0.0720	0.2203	-3.0000
-0.1099	0.1964	-3.0000
-0.3535	0.5099	0.0000
-0.4921	-0.2317	-2.0000
-0.4173	-0.0193	-2.0000
-0.2108	0.5404	0.0000
-0.3294	0.3330	-3.0000
-0.7251	0.1882	-1.0000
-0.6553	-0.2639	-1.0000
-0.5177	0.1240	-3.0000
-0.6710	0.1939	-1.0000
-0.2388	-0.2828	-3.0000
-0.5454	0.2568	-2.0000
-0.5503	0.0999	-3.0000
-0.2551	-0.0250	-3.0000
-0.3515	0.1868	-2.0000
0.1642	0.4780	-1.0000
0.3543	0.4945	0.0000
0.3387	0.4609	0.0000
-0.0666	0.1975	0.0000
-0.2647	-0.0238	-3.0000
-0.2941	-0.0763	-3.0000
-0.3584	0.1683	-3.0000
0.0392	0.4394	-1.0000
0.2286	0.4494	-1.0000
0.0576	0.4065	-1.0000
-0.2808	0.1760	-2.0000
-0.3900	-0.0717	-3.0000
0.1356	-0.2952	0.0000
-0.1873	-0.0329	-3.0000
-0.1374	0.2744	-1.0000
0.1903	0.4909	-1.0000
0.2976	0.4168	0.0000
0.0790	0.3949	-2.0000
-0.3079	0.1890	-1.0000
-0.4467	-0.1355	-3.0000
-0.0603	-0.2031	-3.0000
-0.1111	0.1679	-2.0000
0.1381	0.3903	-2.0000
0.2129	0.4083	-1.0000
-0.1631	0.3318	-1.0000
-0.5111	0.1241	-1.0000
-0.5000	-0.1472	-2.0000
0.0232	-0.3253	-1.0000
0.0254	0.1504	-1.0000
0.1326	0.3785	-1.0000
0.0352	0.3789	-2.0000
-0.4438	0.1587	0.0000
-0.5790	-0.0770	-2.0000
-0.4310	-0.2712	-1.0000
0.0823	-0.2805	0.0000
-0.0375	0.0403	-1.0000
-0.0855	0.2070	-1.0000
-0.2327	0.2080	-2.0000
-0.4989	0.0837	-1.0000
-0.5302	-0.0083	-2.0000
-0.3922	-0.0685	-3.0000
-0.0402	-0.1046	-3.0000
0.1577	-0.1582	0.0000
0.0683	0.0219	0.0000
-0.0349	0.1377	-1.0000
-0.2119	0.1198	-2.0000
-0.3834	0.0397	-1.0000
-0.3399	0.0493	-2.0000
-0.1615	0.0703	-3.0000
-0.1372	0.0267	-3.0000
-0.0747	0.2380	-3.0000
0.3322	0.3572	-1.0000
0.4475	0.2955	0.0000
-0.1206	0.0005	-2.0000
-0.3976	0.0918	-3.0000
0.1170	0.3768	-2.0000
0.3269	0.3777	0.0000
0.3900	0.3566	-1.0000
0.0497	0.1873	0.0000
-0.2001	-0.0537	-3.0000
-0.2749	0.1582	-3.0000
0.1849	0.4370	-1.0000
0.3681	0.4672	0.0000
0.3538	0.4409	0.0000
-0.0433	0.1807	0.0000
-0.2187	-0.0521	-3.0000
-0.2516	-0.1035	-3.0000
-0.2803	0.1413	-3.0000
0.0709	0.3933	-2.0000
0.2412	0.4128	-2.0000
0.0668	0.3813	-2.0000
-0.2496	0.1635	-2.0000
-0.3449	-0.0932	-3.0000
0.1472	-0.3042	0.0000
-0.1580	-0.0594	-3.0000
-0.0693	0.2584	-2.0000
0.2172	0.4476	-1.0000
0.2985	0.3672	0.0000
0.0757	0.3702	-2.0000
-0.2918	0.1769	-2.0000
-0.4073	-0.1581	-3.0000
-0.0348	-0.2082	-2.0000
-0.0763	0.1485	-2.0000
0.1672	0.3746	-2.0000
0.2075	0.3696	-2.0000
-0.1606	0.3124	-1.0000
-0.4851	0.1195	-2.0000
-0.4527	-0.1704	-2.0000
0.0501	-0.3251	-1.0000
0.0665	0.1370	-1.0000
0.1626	0.3723	-1.0000
0.0590	0.3734	-2.0000
-0.4206	0.1502	-1.0000
-0.5491	-0.0899	-2.0000
-0.3897	-0.2877	-1.0000
0.1081	-0.2784	0.0000
-0.0257	0.0345	-1.0000
-0.0641	0.1901	-2.0000
-0.2206	0.1825	-2.0000
-0.4628	0.0707	-2.0000
-0.5046	-0.0169	-2.0000
-0.3508	-0.0804	-3.0000
-0.0020	-0.1203	-2.0000
0.1839	-0.1675	0.0000
0.0734	0.0129	0.0000
-0.0186	0.1217	-1.0000
-0.2047	0.0952	-2.0000
-0.3745	0.0275	-2.0000
-0.3294	0.0433	-3.0000
-0.1617	0.0559	-3.0000
-0.0990	-0.0022	-3.0000
-0.0411	0.1930	-2.0000
0.3506	0.3145	-1.0000
0.4494	0.2577	0.0000
-0.0672	-0.0279	-2.0000
-0.3231	0.0634	-3.0000
0.1726	0.3344	-2.0000
0.3506	0.3684	0.0000
0.4070	0.3272	-1.0000
0.0599	0.1711	0.0000
-0.2810	0.0015	-3.0000
-0.2553	0.2406	-2.0000
0.1954	0.5383	0.0000
0.3417	0.5715	0.0000
0.2690	0.4738	0.0000
-0.1811	0.1982	0.0000
-0.2650	-0.0345	-3.0000
-0.3212	-0.0409	-3.0000
-0.2930	0.2087	-3.0000
0.0495	0.4705	-1.0000
0.1980	0.4953	-1.0000
-0.0389	0.4142	0.0000
-0.3559	0.1690	-1.0000
-0.3921	-0.0851	-3.0000
0.0689	-0.3088	-1.0000
-0.2117	0.0182	-3.0000
-0.0813	0.3201	-2.0000
0.1746	0.4698	-1.0000
0.2563	0.3921	0.0000
-0.0312	0.3860	-2.0000
-0.4149	0.1564	-2.0000
-0.4588	-0.1487	-3.0000
-0.0848	-0.1498	-3.0000
-0.0892	0.2076	-3.0000
0.1254	0.3822	-2.0000
0.1329	0.3892	-2.0000
-0.2615	0.3337	0.0000
-0.6009	0.1065	-1.0000
-0.5034	-0.1436	-2.0000
0.0270	-0.2572	-2.0000
0.0531	0.1843	-2.0000
0.1016	0.3950	-2.0000
-0.0912	0.3497	-2.0000
-0.5328	0.1595	0.0000
-0.6178	-0.0976	-2.0000
-0.4395	-0.2486	-2.0000
0.1126	-0.2317	0.0000
-0.0476	0.0815	-2.0000
-0.1216	0.2458	-1.0000
-0.3839	0.1958	-2.0000
-0.5756	0.0907	-1.0000
-0.5876	-0.0182	-2.0000
-0.3894	-0.0654	-3.0000
-0.0324	-0.1356	-3.0000
0.1841	-0.1351	0.0000
0.0399	0.0448	-1.0000
-0.1051	0.1537	-2.0000
-0.3404	0.1012	-3.0000
-0.4589	0.0627	-2.0000
-0.4024	0.0785	-2.0000
-0.1974	0.0949	-3.0000
-0.1485	0.0704	-3.0000
0.0102	0.2881	-3.0000
0.3398	0.4056	-1.0000
0.4362	0.3183	0.0000
-0.1869	0.0041	-2.0000
-0.3590	0.1436	-3.0000
0.2090	0.4732	-1.0000
0.3171	0.4884	0.0000
0.3598	0.4216	0.0000
-0.0507	0.1996	0.0000
-0.2138	-0.0476	-3.0000
-0.3247	0.1597	-3.0000
0.1395	0.4668	0.0000
0.3445	0.5240	0.0000
0.3182	0.4922	0.0000
-0.0649	0.2146	0.0000
-0.2608	-0.0096	-3.0000
-0.2583	-0.0946	-3.0000
-0.3233	0.1447	-3.0000
0.0307	0.4349	-1.0000
0.2101	0.4710	-1.0000
0.0269	0.4287	-1.0000
-0.2761	0.1927	-1.0000
-0.3923	-0.0600	-3.0000
0.1760	-0.2853	0.0000
-0.1574	-0.0732	-3.0000
-0.1111	0.2368	-2.0000
0.1813	0.4770	-1.0000
0.2848	0.4122	0.0000
0.0590	0.4261	-1.0000
-0.2965	0.2206	0.0000
-0.4526	-0.1271	-3.0000
-0.0282	-0.2341	-2.0000
-0.0953	0.1336	-3.0000
0.1253	0.3691	-2.0000
0.1812	0.3891	-1.0000
-0.2101	0.3341	-1.0000
-0.5271	0.1419	-1.0000
-0.5041	-0.1451	-2.0000
0.0571	-0.3539	0.0000
0.0660	0.1266	-2.0000
0.1273	0.3708	0.0000
0.0154	0.3879	-2.0000
-0.4527	0.1767	0.0000
-0.5810	-0.0631	-2.0000
-0.4218	-0.2777	-2.0000
0.1104	-0.2903	0.0000
-0.0214	0.0226	-2.0000
-0.0907	0.2015	-2.0000
-0.2558	0.1954	-3.0000
-0.5068	0.0904	-1.0000
-0.5219	0.0025	-2.0000
-0.3739	-0.0640	-3.0000
-0.0425	-0.0921	-2.0000
0.1887	-0.1534	0.0000
0.0849	0.0213	0.0000
-0.0494	0.1321	-1.0000
-0.2379	0.1186	-2.0000
-0.3972	0.0422	-2.0000
-0.3347	0.0698	-2.0000
-0.1633	0.0796	-2.0000
-0.1415	0.0180	-3.0000
-0.0865	0.2136	-2.0000
0.3299	0.3583	-2.0000
0.4430	0.2950	0.0000
-0.0900	0.0050	-1.0000
-0.3721	0.0809	-3.0000
0.1119	0.3656	-2.0000
0.3406	0.4406	0.0000
0.3783	0.3989	-1.0000
0.0469	0.2075	0.0000
-0.2856	0.0087	-3.0000
-0.2375	0.2394	-2.0000
0.2111	0.5233	0.0000
0.3502	0.5372	0.0000
0.2844	0.4442	0.0000
-0.1324	0.1838	0.0000
-0.2151	-0.0456	-2.0000
-0.3337	-0.0309	-3.0000
-0.2794	0.2279	-3.0000
0.0677	0.4820	-1.0000
0.2074	0.4975	-1.0000
-0.0176	0.4021	0.0000
-0.3141	0.1650	-1.0000
-0.3543	-0.1010	-3.0000
0.0463	-0.3019	-1.0000
-0.2285	0.0329	-3.0000
-0.0756	0.3392	-1.0000
0.1984	0.4990	-1.0000
0.2673	0.4365	-1.0000
-0.0039	0.3978	-1.0000
-0.3729	0.1624	-2.0000
-0.4167	-0.1597	-3.0000
-0.1018	-0.1260	-3.0000
-0.0925	0.2427	-2.0000
0.1485	0.4343	-2.0000
0.1441	0.4418	-1.0000
-0.2476	0.3233	0.0000
-0.5641	0.0963	-1.0000
-0.4631	-0.1558	-3.0000
0.0284	-0.2248	-2.0000
0.0252	0.2107	-1.0000
0.1279	0.4424	-1.0000
-0.0541	0.3993	-1.0000
-0.5036	0.1450	0.0000
-0.5779	-0.1174	-2.0000
-0.4033	-0.2565	-2.0000
0.0869	-0.2060	0.0000
-0.0562	0.1011	-1.0000
-0.1127	0.2526	-1.0000
-0.3466	0.2049	-1.0000
-0.5233	0.0865	0.0000
-0.5399	-0.0289	-2.0000
-0.3395	-0.0703	-3.0000
-0.0094	-0.1326	-2.0000
0.1668	-0.1185	0.0000
0.0313	0.0667	0.0000
-0.0834	0.1647	-1.0000
-0.3168	0.1163	-2.0000
-0.4123	0.0534	-1.0000
-0.3555	0.0700	-2.0000
-0.1637	0.0791	-2.0000
-0.1358	0.0689	-3.0000
0.0178	0.2637	-2.0000
0.3581	0.3751	-1.0000
0.4509	0.2822	0.0000
-0.1595	0.0059	-2.0000
-0.3265	0.1418	-3.0000
0.2265	0.4351	-2.0000
0.3231	0.4383	0.0000
0.3649	0.3625	-1.0000
-0.0152	0.1762	0.0000
-0.3031	0.0104	-3.0000
-0.2943	0.2427	-2.0000
0.1737	0.5332	0.0000
0.3269	0.5578	0.0000
0.2571	0.4675	0.0000
-0.1684	0.1980	0.0000
-0.2626	-0.0335	-3.0000
-0.3410	-0.0290	-3.0000
-0.3130	0.2299	-2.0000
0.0433	0.5094	0.0000
0.1858	0.5270	0.0000
-0.0481	0.4392	0.0000
-0.3565	0.1886	-1.0000
-0.3956	-0.0814	-3.0000
0.0689	-0.2956	-1.0000
-0.2175	0.0238	-3.0000
-0.0577	0.3557	0.0000
0.1813	0.5294	0.0000
0.2596	0.4809	0.0000
-0.0278	0.4409	0.0000
-0.4046	0.1877	0.0000
-0.4587	-0.1446	-3.0000
-0.0860	-0.1470	-3.0000
-0.0781	0.2336	-2.0000
0.1506	0.4575	-2.0000
0.1354	0.4552	-1.0000
-0.2782	0.3554	0.0000
-0.6019	0.1159	0.0000
-0.4980	-0.1391	-3.0000
0.0515	-0.2517	-1.0000
0.0851	0.2238	-1.0000
0.1298	0.4514	0.0000
-0.0623	0.4028	0.0000
-0.5260	0.1740	0.0000
-0.6134	-0.0872	-2.0000
-0.4284	-0.2532	-2.0000
0.1164	-0.2266	0.0000
-0.0342	0.0811	-2.0000
-0.0992	0.2406	-1.0000
-0.3361	0.2045	-1.0000
-0.5535	0.1003	0.0000
-0.5722	-0.0100	-2.0000
-0.3744	-0.0574	-3.0000
-0.0120	-0.1256	-2.0000
0.1898	-0.1306	0.0000
0.0524	0.0441	0.0000
-0.0653	0.1458	-1.0000
-0.2979	0.1039	-2.0000
-0.4172	0.0563	-1.0000
-0.3692	0.0728	-2.0000
-0.1626	0.0906	-3.0000
-0.1516	0.0593	-3.0000
-0.0034	0.2641	-2.0000
0.3610	0.4096	-1.0000
0.4507	0.3173	0.0000
-0.1822	0.0059	-2.0000
-0.3728	0.1432	-2.0000
0.1952	0.4400	-2.0000
0.3212	0.4490	0.0000
0.3650	0.3921	-1.0000
-0.0306	0.1924	-1.0000
-0.1791	-0.0606	-3.0000
-0.2765	0.1617	-3.0000
0.2052	0.4575	-1.0000
0.3656	0.5058	0.0000
0.3363	0.4708	0.0000
-0.0899	0.2110	0.0000
-0.2615	-0.0311	-3.0000
-0.2271	-0.1122	-3.0000
-0.2934	0.1338	-3.0000
0.0784	0.4102	-2.0000
0.2524	0.4729	-1.0000
0.0738	0.4282	-1.0000
-0.2874	0.1936	0.0000
-0.3801	-0.0725	-3.0000
0.1672	-0.3279	0.0000
-0.1298	-0.0597	-3.0000
-0.0788	0.2488	-2.0000
0.2171	0.4477	-2.0000
0.2994	0.4054	-1.0000
0.0830	0.4140	-2.0000
-0.3117	0.2049	0.0000
-0.4390	-0.1321	-3.0000
0.0019	-0.2122	-3.0000
-0.0303	0.1545	-3.0000
0.1680	0.3763	-2.0000
0.2126	0.3922	-1.0000
-0.1667	0.3446	0.0000
-0.4995	0.1441	0.0000
-0.4877	-0.1491	-2.0000
0.0739	-0.3404	-1.0000
0.0952	0.1324	-2.0000
0.1546	0.3520	-2.0000
0.0359	0.3325	-2.0000
-0.4458	0.1631	-1.0000
-0.5830	-0.0636	-2.0000
-0.4227	-0.2719	-1.0000
0.1375	-0.3091	0.0000
0.0255	0.0370	-1.0000
-0.0510	0.2260	-1.0000
-0.2282	0.2165	-2.0000
-0.5074	0.0963	0.0000
-0.5325	-0.0120	-2.0000
-0.3826	-0.0855	-3.0000
-0.0174	-0.1226	-2.0000
0.2031	-0.1929	0.0000
0.1148	0.0131	0.0000
-0.0075	0.1430	-1.0000
-0.1987	0.1289	-2.0000
-0.3866	0.0456	-1.0000
-0.3350	0.0387	-3.0000
-0.1680	0.0566	-3.0000
-0.0362	-0.0134	-2.0000
0.0101	0.2130	-2.0000
0.3681	0.3800	-1.0000
0.4728	0.3096	0.0000
-0.0271	-0.0407	-2.0000
-0.3144	0.0535	-3.0000
0.1555	0.3384	-2.0000
0.3506	0.3967	0.0000
0.3911	0.3523	-1.0000
0.0610	0.1967	0.0000
-0.1599	-0.0722	-3.0000
-0.2419	0.1462	-3.0000
0.2094	0.4258	-1.0000
0.3702	0.4571	0.0000
0.3495	0.4394	0.0000
-0.0429	0.1933	0.0000
-0.2388	-0.0336	-3.0000
-0.2049	-0.1334	-3.0000
-0.2671	0.1137	-3.0000
0.0855	0.3989	-2.0000
0.2644	0.4486	-1.0000
0.0890	0.4090	-1.0000
-0.2549	0.1744	-1.0000
-0.3637	-0.0766	-3.0000
0.1692	-0.3275	0.0000
-0.1186	-0.0836	-3.0000
-0.0827	0.2204	-2.0000
0.2196	0.4559	-1.0000
0.3007	0.3872	-1.0000
0.0895	0.3864	-2.0000
-0.2722	0.1844	-2.0000
-0.4119	-0.1468	-3.0000
0.0076	-0.2256	-2.0000
-0.0463	0.1371	-2.0000
0.1556	0.3502	-2.0000
0.2167	0.3701	-1.0000
-0.1340	0.3246	-2.0000
-0.4594	0.1286	-1.0000
-0.4544	-0.1646	-3.0000
0.0860	-0.3487	0.0000
0.0864	0.1142	-1.0000
0.1668	0.3556	-1.0000
0.0629	0.3568	-3.0000
-0.4144	0.1640	-1.0000
-0.5566	-0.0714	-2.0000
-0.3929	-0.2863	-1.0000
0.1368	-0.3133	0.0000
0.0510	0.0343	-1.0000
-0.0325	0.2032	-1.0000
-0.1973	0.1935	-2.0000
-0.4688	0.0648	-1.0000
-0.5031	-0.0350	-2.0000
-0.3488	-0.1081	-3.0000
-0.0099	-0.1409	-2.0000
0.2083	-0.1985	0.0000
0.1174	-0.0036	0.0000
0.0034	0.1156	-1.0000
-0.1823	0.1003	-3.0000
-0.3709	0.0243	-1.0000
-0.3246	0.0240	-2.0000
-0.1487	0.0367	-2.0000
-0.0160	-0.0176	-2.0000
0.0017	0.1865	-2.0000
0.3557	0.3249	-1.0000
0.4535	0.2657	0.0000
-0.0079	-0.0414	-1.0000
-0.2749	0.0391	-3.0000
0.1735	0.3215	-2.0000
0.3566	0.3746	0.0000
0.3912	0.3365	-1.0000
0.0803	0.1866	0.0000
-0.1657	-0.0759	-3.0000
-0.2495	0.1383	-3.0000
0.2178	0.4155	-1.0000
0.3833	0.4542	0.0000
0.3503	0.4223	0.0000
-0.0401	0.1904	0.0000
-0.2282	-0.0383	-3.0000
-0.2073	-0.1294	-3.0000
-0.2771	0.1118	-3.0000
0.0899	0.3875	-2.0000
0.2662	0.4293	-1.0000
0.0943	0.3924	-2.0000
-0.2458	0.1663	-2.0000
-0.3531	-0.0894	-3.0000
0.1649	-0.3274	0.0000
-0.1314	-0.0757	-3.0000
-0.0954	0.2237	-2.0000
0.2158	0.4282	-2.0000
0.3012	0.3556	0.0000
0.1018	0.3643	-3.0000
-0.2704	0.1704	-2.0000
-0.4118	-0.1509	-3.0000
0.0034	-0.2204	-2.0000
-0.0398	0.1461	-3.0000
0.1736	0.3712	-2.0000
0.2245	0.3569	-1.0000
-0.1214	0.3218	-2.0000
-0.4569	0.1239	-1.0000
-0.4541	-0.1604	-3.0000
0.0772	-0.3441	0.0000
0.0838	0.1238	-1.0000
0.1694	0.3590	-1.0000
0.0650	0.3523	-3.0000
-0.4005	0.1679	0.0000
-0.5489	-0.0704	-2.0000
-0.3983	-0.2765	-2.0000
0.1420	-0.3121	0.0000
0.0375	0.0294	-1.0000
-0.0314	0.1926	-1.0000
-0.1883	0.1956	-3.0000
-0.4584	0.0673	-1.0000
-0.4981	-0.0300	-2.0000
-0.3512	-0.1023	-3.0000
-0.0182	-0.1317	-2.0000
0.2061	-0.1919	0.0000
0.1281	0.0034	0.0000
0.0103	0.1157	-1.0000
-0.1756	0.0991	-2.0000
-0.3617	0.0216	-1.0000
-0.3298	0.0341	-2.0000
-0.1560	0.0506	-3.0000
-0.0129	-0.0209	-2.0000
0.0241	0.1761	-2.0000
0.3690	0.3087	-1.0000
0.4578	0.2463	0.0000
-0.0127	-0.0441	-1.0000
-0.2711	0.0390	-3.0000
0.1665	0.3036	-2.0000
0.3625	0.3516	0.0000
0.3891	0.3055	0.0000
0.0827	0.1778	0.0000
-0.2762	-0.0238	-3.0000
-0.3560	0.1995	-2.0000
0.1536	0.4959	0.0000
0.3454	0.5282	0.0000
0.3103	0.4935	0.0000
-0.1114	0.2214	0.0000
-0.3041	-0.0083	-3.0000
-0.3255	-0.0684	-3.0000
-0.3799	0.1809	-2.0000
0.0219	0.4535	-1.0000
0.2156	0.5039	0.0000
0.0301	0.4462	0.0000
-0.3267	0.2076	0.0000
-0.4258	-0.0526	-3.0000
0.1230	-0.2986	-1.0000
-0.2372	-0.0139	-3.0000
-0.1957	0.2811	-1.0000
0.1727	0.5150	0.0000
0.2697	0.4385	0.0000
0.0528	0.4474	-1.0000
-0.3554	0.2160	0.0000
-0.4825	-0.1181	-3.0000
-0.0926	-0.1711	-3.0000
-0.1687	0.1893	-2.0000
0.1025	0.4188	-2.0000
0.1904	0.4598	-1.0000
-0.2114	0.3722	0.0000
-0.5465	0.1616	0.0000
-0.5322	-0.1295	-2.0000
0.0125	-0.3128	-1.0000
0.0049	0.1839	-2.0000
0.0970	0.4152	0.0000
0.0036	0.4186	-1.0000
-0.5101	0.1926	0.0000
-0.6286	-0.0460	-2.0000
-0.4595	-0.2637	-1.0000
0.0754	-0.2793	0.0000
-0.0483	0.0702	-1.0000
-0.1007	0.2508	-1.0000
-0.2845	0.2411	-1.0000
-0.5602	0.1022	0.0000
-0.5771	0.0022	-2.0000
-0.4238	-0.0687	-3.0000
-0.0635	-0.1030	-3.0000
0.1464	-0.1544	0.0000
0.0568	0.0444	0.0000
-0.0585	0.1684	-1.0000
-0.2671	0.1516	-2.0000
-0.4468	0.0589	-2.0000
-0.3970	0.0638	-2.0000
-0.2140	0.0835	-3.0000
-0.1295	0.0298	-3.0000
-0.0803	0.2467	-2.0000
0.3208	0.3928	-2.0000
0.4341	0.3165	-1.0000
-0.1383	0.0021	-2.0000
-0.4109	0.0968	-3.0000
0.0999	0.3795	-2.0000
0.3258	0.4208	0.0000
0.3680	0.3810	-1.0000
0.0216	0.2124	0.0000
