-0.2728	0.2879	-1.0000
-0.0636	0.1874	0.0000
-0.3626	0.1132	0.0000
-0.2298	0.2686	-2.0000
-0.1737	0.2264	0.0000
-0.2984	0.0814	0.0000
-0.2290	0.3070	-1.0000
-0.2284	0.3077	0.0000
-0.2575	0.3489	0.0000
-0.2516	0.2360	0.0000
-0.2392	0.2683	-2.0000
-0.3201	0.3401	0.0000
-0.1997	0.2631	-2.0000
-0.3688	0.1421	-1.0000
-0.3553	0.1117	0.0000
-0.3899	0.1443	0.0000
-0.3784	-0.0269	0.0000
-0.2576	-0.0781	0.0000
-0.3296	0.0538	0.0000
-0.2267	0.2678	-2.0000
-0.1577	0.2210	0.0000
-0.2081	0.2531	0.0000
-0.1046	0.0817	-1.0000
-0.1244	0.2147	0.0000
-0.1695	0.2035	0.0000
-0.2508	0.2854	-1.0000
-0.2745	0.3013	0.0000
-0.2988	0.0680	0.0000
-0.2188	0.2871	-1.0000
-0.1001	0.1134	0.0000
-0.2225	0.2829	-1.0000
-0.2495	0.3416	-1.0000
-0.3223	0.4667	0.0000
-0.3272	0.0923	0.0000
-0.1631	0.2671	-1.0000
-0.1709	0.2404	-1.0000
-0.2334	0.4108	0.0000
-0.1544	0.4025	-1.0000
-0.2622	0.2908	-1.0000
-0.1923	0.2815	-1.0000
-0.3532	0.1011	-1.0000
-0.2609	0.2265	0.0000
-0.1970	0.2649	0.0000
-0.2375	0.3052	0.0000
-0.2025	0.3907	-1.0000
-0.2317	0.2994	-1.0000
-0.3412	0.3359	0.0000
-0.2088	0.2874	-1.0000
-0.0418	-0.0638	0.0000
-0.2601	0.2758	0.0000
-0.2258	0.2675	-1.0000
-0.2239	0.2952	-1.0000
-0.1028	0.0823	-1.0000
-0.2491	0.3138	-1.0000
-0.2392	0.2868	-1.0000
-0.2893	0.3080	-1.0000
-0.2757	0.2760	0.0000
-0.3662	0.1087	0.0000
-0.2330	0.2676	-2.0000
-0.1523	0.1872	0.0000
-0.3243	0.2091	0.0000
-0.1614	0.4213	0.0000
-0.2539	0.2930	0.0000
-0.2554	0.2847	-1.0000
-0.2717	0.2792	0.0000
-0.2500	0.2694	-1.0000
-0.3928	0.1579	-1.0000
-0.2060	0.2627	-2.0000
-0.2703	0.2838	-2.0000
-0.2593	0.2235	-3.0000
-0.1106	0.1019	0.0000
-0.3304	0.1719	-2.0000
-0.3730	0.1067	0.0000
-0.3656	0.1050	-1.0000
-0.2004	0.2588	0.0000
-0.4088	-0.0934	-1.0000
-0.4675	-0.2519	0.0000
-0.2491	0.2794	-1.0000
-0.2691	0.1986	-3.0000
-0.2624	0.2590	-3.0000
-0.3990	0.1589	0.0000
-0.4685	-0.3080	0.0000
-0.4531	-0.2033	0.0000
-0.2900	0.1589	-2.0000
-0.2808	-0.0198	0.0000
-0.2177	0.2550	-2.0000
-0.2153	0.2322	0.0000
0.0056	0.1088	0.0000
-0.3182	0.1957	-2.0000
-0.2455	0.2736	-2.0000
0.0195	0.0138	0.0000
-0.2063	0.2532	0.0000
-0.1908	0.2232	-1.0000
-0.2854	0.1263	-2.0000
-0.2214	0.2748	-2.0000
-0.2046	0.2195	0.0000
-0.1604	0.2070	0.0000
-0.2735	0.2163	0.0000
-0.2256	0.2437	0.0000
-0.1705	0.2456	-1.0000
-0.3865	0.2885	0.0000
-0.1057	0.0823	-1.0000
-0.2807	0.3001	0.0000
-0.3412	0.1676	-1.0000
-0.1265	0.1683	-1.0000
-0.3649	0.1403	0.0000
-0.3581	0.2430	0.0000
-0.2954	0.2529	-1.0000
-0.2339	0.2942	-2.0000
-0.3031	0.1577	0.0000
-0.2368	0.2810	-2.0000
-0.2189	0.2752	-2.0000
-0.2252	0.2181	-1.0000
-0.2326	0.2950	-1.0000
-0.1907	0.2315	0.0000
-0.3438	0.3001	0.0000
-0.2607	0.2895	-1.0000
-0.3105	0.1820	-3.0000
-0.4371	-0.3342	0.0000
-0.2052	0.2847	0.0000
-0.2986	0.3257	0.0000
-0.2639	0.3223	-1.0000
-0.2129	0.3173	-1.0000
-0.2231	0.3374	0.0000
-0.2810	0.2064	-3.0000
-0.2679	0.2527	-3.0000
-0.3229	0.1406	0.0000
-0.2422	0.3168	-2.0000
-0.1954	0.3110	-1.0000
-0.2443	0.2645	-3.0000
-0.2750	0.3791	-1.0000
-0.2189	0.2700	-1.0000
-0.1610	0.2482	0.0000
-0.2468	0.2401	-2.0000
-0.2006	0.2818	-1.0000
-0.2113	0.2652	-2.0000
-0.2395	0.2758	-2.0000
-0.2261	0.3264	-1.0000
-0.2512	0.1692	-2.0000
-0.2014	0.1413	0.0000
-0.1746	0.0342	0.0000
-0.1424	0.4500	0.0000
-0.2635	0.2935	-1.0000
-0.2135	0.2936	-2.0000
-0.3086	0.1646	-1.0000
-0.1897	0.3728	-1.0000
-0.2092	0.2609	-1.0000
-0.2224	0.2921	-2.0000
-0.0786	0.0398	0.0000
-0.2815	0.2797	0.0000
-0.2964	0.3237	-1.0000
-0.2652	0.3177	0.0000
-0.3229	0.1761	-1.0000
0.0005	0.0046	0.0000
-0.1433	0.2165	0.0000
-0.4696	0.1777	-1.0000
-0.3571	0.2579	-1.0000
-0.2244	0.2523	-2.0000
-0.5864	-0.1401	0.0000
-0.2535	0.2743	0.0000
-0.1881	0.1935	0.0000
-0.2222	0.1641	-1.0000
-0.1790	0.2219	-1.0000
-0.1734	0.2260	0.0000
-0.3737	0.3436	0.0000
-0.2640	0.3516	0.0000
-0.2520	0.2670	-3.0000
-0.2963	0.3031	0.0000
-0.2210	0.2760	-2.0000
-0.2483	0.3073	0.0000
-0.0251	0.4549	0.0000
-0.1028	0.6043	0.0000
-0.2738	0.2228	-3.0000
-0.2432	0.3784	0.0000
-0.1845	0.2467	-1.0000
-0.2629	0.3020	-2.0000
-0.2184	0.3751	-1.0000
-0.3629	0.3322	0.0000
-0.2379	0.3460	0.0000
-0.3066	0.1714	-2.0000
-0.3412	0.2884	0.0000
-0.2095	0.2859	0.0000
-0.2192	0.2962	0.0000
-0.2307	0.2974	-2.0000
-0.2259	0.2892	-1.0000
-0.5119	0.2127	0.0000
-0.4548	0.0754	0.0000
-0.2567	0.3383	0.0000
-0.3390	0.1856	-2.0000
-0.2745	0.1770	-2.0000
-0.3482	0.1497	0.0000
-0.4389	0.2830	0.0000
-0.2426	0.2860	-1.0000
-0.2297	0.2874	-1.0000
-0.3451	-0.1561	0.0000
-0.2431	0.2490	0.0000
-0.2236	0.2247	0.0000
-0.2000	0.2463	-2.0000
-0.2188	0.2571	0.0000
-0.1820	0.2204	-1.0000
-0.3290	0.3411	0.0000
-0.3041	0.3376	0.0000
-0.2548	0.2166	-2.0000
-0.2153	0.2602	-2.0000
-0.1149	0.1376	-1.0000
-0.3434	0.2172	0.0000
-0.2218	0.3875	0.0000
-0.2604	0.3272	-2.0000
-0.2637	0.2755	-2.0000
-0.3502	0.4099	-1.0000
-0.1850	0.2597	-1.0000
-0.2370	0.4030	0.0000
-0.2349	0.3004	-1.0000
-0.2617	0.3157	-1.0000
-0.3595	0.1828	0.0000
-0.2276	0.2625	0.0000
-0.2471	0.2888	0.0000
-0.2183	0.2652	-1.0000
-0.2856	0.3700	0.0000
-0.2583	0.2966	-2.0000
-0.1785	0.1864	0.0000
-0.3597	0.3238	-1.0000
-0.2421	0.3044	-1.0000
-0.2611	0.2478	-2.0000
-0.2906	0.0932	0.0000
-0.1762	0.2702	0.0000
-0.2476	0.2641	0.0000
-0.2925	0.2982	0.0000
-0.2641	0.3219	-1.0000
-0.1718	0.2869	0.0000
-0.3994	0.1199	0.0000
0.0616	0.0345	0.0000
-0.3392	0.2354	0.0000
-0.3194	0.1704	-2.0000
-0.2173	0.2653	-3.0000
-0.3972	0.1559	0.0000
-0.0410	0.0976	0.0000
-0.2405	0.2880	0.0000
-0.2409	0.2373	-1.0000
-0.2700	0.2471	-2.0000
-0.2421	0.2673	-1.0000
-0.1780	0.2573	0.0000
-0.2857	0.1499	-1.0000
-0.2190	0.2591	-3.0000
-0.1923	0.2440	0.0000
-0.3598	0.2075	0.0000
-0.3412	0.2976	0.0000
-0.2924	0.1908	-1.0000
-0.2731	0.2684	-3.0000
-0.1257	0.1191	0.0000
-0.0331	0.0678	0.0000
-0.3425	0.2023	0.0000
-0.2958	0.3263	0.0000
-0.3300	0.1643	-2.0000
-0.2344	0.3045	-2.0000
-0.2039	0.2703	-1.0000
-0.2446	0.2948	-1.0000
-0.2683	0.2395	0.0000
-0.3282	0.3396	0.0000
-0.3517	0.2603	-1.0000
-0.1960	0.2514	-2.0000
-0.3442	0.3532	0.0000
-0.2302	0.2776	-1.0000
-0.2148	0.3229	0.0000
-0.3062	0.4076	0.0000
-0.2638	0.3143	-1.0000
-0.2983	0.2810	0.0000
-0.3636	0.1742	0.0000
-0.2987	0.1758	-2.0000
-0.3230	0.2696	0.0000
-0.1640	0.2451	0.0000
-0.2768	0.2622	-1.0000
-0.2648	0.3198	-1.0000
-0.3068	0.3012	0.0000
-0.3240	0.3269	0.0000
-0.1585	0.1392	0.0000
-0.3687	0.0938	0.0000
-0.2072	0.2038	0.0000
-0.1069	0.0700	-1.0000
-0.1906	0.2140	0.0000
-0.2720	0.2936	-1.0000
-0.2574	0.3076	-1.0000
-0.2000	0.1738	0.0000
-0.2404	0.2771	-2.0000
-0.2892	0.2661	0.0000
-0.3020	0.3041	-1.0000
-0.2675	0.2833	-2.0000
-0.2714	0.2671	-1.0000
-0.2429	0.2907	-2.0000
-0.0520	-0.0174	0.0000
-0.3294	0.1881	0.0000
-0.2425	0.2552	-3.0000
-0.3743	0.1381	0.0000
-0.0404	0.0368	-1.0000
-0.3797	0.1708	0.0000
-0.3497	0.1551	-1.0000
-0.3668	0.0222	0.0000
-0.2755	0.2729	-1.0000
-0.1263	0.1406	-1.0000
-0.2634	0.1365	-2.0000
-0.3267	0.1465	-2.0000
-0.4990	-0.5173	0.0000
-0.3830	0.0097	0.0000
-0.3109	0.1949	-2.0000
-0.4780	-0.4511	0.0000
-0.2391	0.2652	-2.0000
-0.3533	0.0279	0.0000
-0.1831	0.2127	0.0000
-0.2716	0.2334	-3.0000
-0.2677	0.2390	-1.0000
-0.3046	0.0707	0.0000
-0.2202	0.2255	-1.0000
0.0302	0.0845	0.0000
-0.2583	0.1697	-1.0000
-0.2794	0.0944	0.0000
-0.1922	0.2266	0.0000
-0.2068	0.2657	0.0000
-0.2286	0.1805	-2.0000
-0.1757	0.2252	0.0000
-0.1324	0.2321	0.0000
-0.3664	0.1352	0.0000
-0.1960	0.2443	0.0000
-0.2469	0.2953	-3.0000
-0.2847	0.1719	-2.0000
-0.2870	0.1762	-2.0000
-0.3800	0.1313	0.0000
-0.2580	0.2762	-1.0000
-0.2611	0.2709	-1.0000
-0.2846	0.1813	-2.0000
-0.2192	0.2695	-2.0000
-0.2142	0.2402	-1.0000
-0.1916	0.2377	-2.0000
-0.2532	0.2142	-2.0000
-0.2074	0.2059	-1.0000
-0.1725	0.1872	0.0000
-0.2661	0.2845	0.0000
-0.2750	0.2525	0.0000
-0.3457	0.1830	-2.0000
-0.2603	0.2563	-1.0000
-0.2270	0.2563	0.0000
-0.4475	-0.1866	0.0000
-0.0569	-0.1596	0.0000
-0.2431	0.3411	-1.0000
-0.2575	0.3408	-1.0000
-0.2931	0.2110	-3.0000
-0.3055	0.1872	-2.0000
-0.3864	0.1186	-1.0000
-0.1158	0.5642	0.0000
-0.3034	0.2513	-1.0000
-0.2445	0.2405	-2.0000
-0.2267	0.3863	0.0000
-0.1511	0.2171	0.0000
-0.2071	0.2552	0.0000
-0.1959	0.2577	-2.0000
-0.1891	0.2687	-2.0000
-0.1516	0.2202	-1.0000
-0.4815	-0.0786	0.0000
-0.2697	0.3361	-1.0000
-0.2537	0.2385	-3.0000
-0.2478	0.3656	0.0000
-0.2342	0.2398	0.0000
-0.1955	0.3275	-1.0000
-0.1899	0.3993	-1.0000
-0.2281	0.3011	0.0000
-0.3002	0.1742	-1.0000
-0.2624	0.2864	-3.0000
-0.1789	0.2982	-1.0000
-0.2403	0.3728	-1.0000
-0.2215	0.3040	-1.0000
-0.2289	0.2822	-1.0000
-0.4272	0.1510	0.0000
-0.2439	0.2897	-1.0000
-0.2789	0.2430	0.0000
-0.2931	0.1494	-2.0000
-0.2765	0.0856	0.0000
-0.2241	0.2604	-1.0000
-0.3043	0.0962	0.0000
-0.2458	0.2849	0.0000
-0.3496	0.2005	0.0000
-0.2237	0.2792	-1.0000
-0.2353	0.2238	-1.0000
-0.2057	0.2257	-2.0000
-0.1569	0.1781	0.0000
-0.1511	0.2029	0.0000
-0.3210	0.4196	0.0000
-0.2456	0.3065	0.0000
-0.2536	0.1678	-2.0000
-0.3753	0.0906	-1.0000
-0.2196	0.2788	-1.0000
-0.3265	0.2870	0.0000
-0.2306	0.2800	-1.0000
-0.4150	0.3738	0.0000
-0.3181	0.1705	-2.0000
-0.2129	0.3097	0.0000
-0.1853	0.2541	-1.0000
-0.2427	0.3271	0.0000
-0.2450	0.2927	-3.0000
-0.2559	0.2449	-1.0000
-0.3320	0.3576	0.0000
-0.2631	0.2480	-2.0000
-0.3859	0.1602	-1.0000
-0.2168	0.2698	-1.0000
-0.2276	0.2895	-2.0000
-0.1512	0.1445	0.0000
-0.2676	0.3238	0.0000
-0.2886	0.2927	-2.0000
-0.2476	0.2777	-2.0000
-0.2507	0.2807	-2.0000
-0.3137	0.1857	-2.0000
-0.1527	0.1577	-2.0000
-0.1376	0.0571	0.0000
-0.1198	0.1034	-1.0000
-0.2251	0.2794	0.0000
-0.2632	0.2512	-1.0000
-0.1445	0.0727	-1.0000
-0.2117	0.2319	-1.0000
-0.0575	0.0845	0.0000
-0.2642	0.1717	-2.0000
-0.2392	0.2569	-2.0000
-0.2087	0.2742	0.0000
-0.2958	0.2542	-2.0000
-0.2315	0.2805	-2.0000
-0.0460	0.0677	0.0000
-0.1168	0.1063	0.0000
-0.2149	0.2574	0.0000
-0.2653	0.4202	0.0000
-0.1885	0.2386	-1.0000
-0.2183	0.2968	-1.0000
-0.3098	0.1961	-3.0000
-0.2059	0.2595	-1.0000
-0.2232	0.2767	-3.0000
-0.2321	0.2555	-1.0000
-0.2149	0.2903	-1.0000
-0.5622	0.2169	0.0000
-0.2862	0.2857	-1.0000
-0.3019	0.1573	-2.0000
-0.5014	0.1894	0.0000
-0.1985	0.2813	0.0000
-0.3067	0.2104	0.0000
-0.2164	0.2631	-3.0000
-0.2893	0.3448	0.0000
-0.2875	0.2622	-1.0000
-0.2327	0.2831	-2.0000
-0.3267	0.1896	-2.0000
-0.2277	0.2885	-2.0000
-0.1981	0.2760	0.0000
-0.3923	0.1448	0.0000
-0.2351	0.2966	-3.0000
-0.2630	0.2308	-1.0000
-0.2383	0.2833	-2.0000
-0.2833	0.2901	-1.0000
-0.2612	0.2791	-2.0000
-0.2682	0.2829	-1.0000
-0.3218	0.1694	-2.0000
-0.3180	0.1762	-2.0000
-0.4203	0.1655	0.0000
-0.3605	0.1457	0.0000
-0.2322	0.3149	-1.0000
-0.2502	0.2885	-1.0000
-0.0695	0.0953	-1.0000
-0.2450	0.2808	-1.0000
-0.2072	0.2395	-2.0000
-0.2441	0.1860	-2.0000
-0.2197	0.2306	0.0000
-0.1904	0.2168	0.0000
-0.4842	0.1386	0.0000
-0.0747	0.0520	0.0000
-0.2814	0.2094	-2.0000
-0.3559	0.1688	0.0000
-0.2540	0.2813	-2.0000
-0.2945	0.2250	0.0000
-0.2498	0.3128	-2.0000
-0.3053	0.0612	0.0000
-0.2531	0.2599	-3.0000
-0.2424	0.2977	-2.0000
-0.2492	0.3010	-2.0000
-0.2403	0.2855	-1.0000
-0.2264	0.3351	0.0000
-0.2756	0.2909	0.0000
-0.2462	0.3111	0.0000
-0.2210	0.2389	-2.0000
-0.3551	0.2058	-1.0000
-0.2341	0.2526	0.0000
-0.4160	0.3036	-1.0000
-0.2795	0.3687	0.0000
-0.1238	0.1035	-1.0000
-0.3322	0.2425	-1.0000
-0.2652	0.2794	-1.0000
-0.3173	0.1700	0.0000
-0.2641	0.2975	-1.0000
-0.3483	0.0553	0.0000
-0.4332	0.0709	0.0000
-0.2603	0.2845	-1.0000
-0.2478	0.2877	-1.0000
-0.2813	0.2859	0.0000
-0.2785	0.2911	-1.0000
-0.2503	0.2860	-2.0000
-0.2903	0.1528	-1.0000
-0.2847	0.2218	0.0000
-0.1746	0.1197	0.0000
-0.2960	0.2859	0.0000
-0.2853	0.2599	0.0000
-0.2377	0.2784	-1.0000
-0.2659	0.2644	-2.0000
-0.2520	0.2730	-3.0000
-0.2509	0.2822	-3.0000
-0.2906	0.2874	-1.0000
-0.3059	0.2337	-2.0000
-0.2457	0.2861	-1.0000
-0.2411	0.2740	-3.0000
-0.2725	0.2121	0.0000
-0.2199	0.2709	-3.0000
-0.2472	0.2708	-3.0000
-0.2433	0.2691	-3.0000
-0.2803	0.2709	-2.0000
-0.2287	0.2639	-2.0000
-0.2805	0.2177	-3.0000
-0.3171	0.1613	-2.0000
-0.3241	0.1607	-2.0000
-0.2089	0.2618	-2.0000
-0.3628	0.1164	-1.0000
-0.3149	0.1747	-1.0000
-0.3737	0.1540	-2.0000
-0.3958	0.1520	0.0000
-0.3376	0.0888	0.0000
-0.3828	0.1609	0.0000
-0.2652	0.2809	-2.0000
-0.2547	0.2792	-2.0000
-0.2932	0.2188	-3.0000
-0.2811	0.2854	-2.0000
-0.2672	0.2985	-2.0000
-0.2573	0.2334	-2.0000
-0.2330	0.2650	-1.0000
-0.2409	0.2527	-3.0000
-0.2591	0.2318	-3.0000
-0.2995	0.1721	-1.0000
-0.2791	0.2364	-2.0000
-0.2942	0.2324	-3.0000
-0.3626	0.1568	-1.0000
-0.2133	0.2638	-1.0000
-0.1965	0.2188	-1.0000
-0.2336	0.2259	-1.0000
-0.2796	0.2635	-2.0000
-0.1403	0.1678	0.0000
-0.1162	0.2115	0.0000
-0.2664	0.2691	-2.0000
-0.2431	0.2658	-2.0000
-0.2253	0.2472	-3.0000
-0.3256	0.1882	-2.0000
-0.2749	0.1889	-2.0000
-0.3151	0.0897	0.0000
-0.2403	0.2531	-1.0000
-0.2482	0.2604	-2.0000
-0.2385	0.2992	-1.0000
-0.2595	0.2403	-3.0000
-0.2545	0.2546	-1.0000
-0.3216	0.1808	-2.0000
-0.1271	0.1311	-1.0000
-0.1664	0.0977	0.0000
-0.2470	0.2744	-3.0000
-0.2978	-0.0574	0.0000
-0.3538	0.0328	0.0000
-0.2572	0.2582	-1.0000
-0.3606	0.0899	0.0000
-0.2404	0.2249	-2.0000
-0.2256	0.1878	0.0000
-0.3722	0.1062	-1.0000
-0.2376	0.2905	-3.0000
-0.2526	0.2702	-3.0000
-0.2080	0.2153	-2.0000
-0.2920	0.1511	-2.0000
-0.2870	0.1429	-2.0000
-0.2622	0.2204	-2.0000
-0.2419	0.2682	-2.0000
-0.3120	0.1201	-2.0000
-0.3238	0.0818	0.0000
-0.3281	0.0234	0.0000
-0.2152	0.2369	-2.0000
-0.2553	0.2287	-1.0000
0.0290	0.0782	0.0000
-0.2514	0.2864	-3.0000
-0.2443	0.2855	-3.0000
-0.2363	0.2688	-3.0000
-0.2330	0.2850	-1.0000
-0.2606	0.1863	-3.0000
-0.2868	0.0812	0.0000
-0.2236	0.2384	-2.0000
-0.2336	0.2632	-3.0000
-0.2382	0.2061	-3.0000
0.0426	0.0790	0.0000
-0.2417	0.2830	-1.0000
-0.2788	0.1749	-2.0000
-0.2394	0.2421	-2.0000
-0.3631	-0.2542	0.0000
-0.2292	0.2437	-2.0000
-0.2636	0.1421	-1.0000
-0.2250	0.2676	-1.0000
-0.2667	0.2987	-2.0000
-0.3684	0.0497	0.0000
-0.2189	0.2840	-2.0000
-0.2307	0.2430	-2.0000
-0.2392	0.2634	-2.0000
-0.2621	0.2714	-1.0000
-0.2436	0.2723	-3.0000
-0.2497	0.2570	-3.0000
-0.3423	0.0636	-1.0000
-0.2440	0.2312	0.0000
-0.2068	0.2078	-1.0000
-0.2042	0.2386	0.0000
-0.2415	0.2640	-2.0000
-0.2477	0.2519	0.0000
-0.3022	0.1467	-2.0000
-0.2129	0.2636	-2.0000
0.0569	0.0467	0.0000
-0.2267	0.2592	-2.0000
-0.2130	0.2486	-1.0000
-0.1904	0.2166	-1.0000
-0.1756	0.2063	-1.0000
-0.2591	0.2241	-1.0000
-0.3051	0.1619	0.0000
-0.2314	0.2494	0.0000
-0.2404	0.2264	-3.0000
-0.1921	0.2502	-1.0000
-0.2085	0.2151	0.0000
-0.1987	0.2668	-1.0000
-0.2153	0.2534	-1.0000
-0.1868	0.2439	0.0000
-0.1431	0.2118	0.0000
-0.2405	0.0431	-1.0000
-0.2101	0.1702	0.0000
-0.1859	0.2185	-1.0000
-0.2471	0.2485	-3.0000
-0.2770	0.3229	-1.0000
-0.2689	0.2860	-1.0000
-0.2471	0.2615	-1.0000
-0.2470	0.3065	0.0000
-0.1506	0.1344	-1.0000
-0.2602	0.2934	-2.0000
-0.2404	0.2357	-3.0000
-0.2313	0.2773	-2.0000
-0.3224	0.1612	-2.0000
-0.0763	0.0489	0.0000
-0.2304	0.2734	-3.0000
-0.3413	0.1725	-2.0000
-0.2970	0.2158	-3.0000
-0.3265	0.1283	0.0000
-0.4952	-0.1172	0.0000
-0.2544	0.2968	-3.0000
-0.2435	0.2628	-3.0000
-0.2562	0.2641	-1.0000
-0.2775	0.2787	-2.0000
-0.2142	0.2577	-2.0000
-0.2081	0.2912	-1.0000
-0.2629	0.2867	-2.0000
-0.3292	0.1608	-3.0000
-0.3715	0.1127	0.0000
-0.2296	0.2776	-2.0000
-0.2841	0.1654	-1.0000
-0.0497	0.0624	0.0000
-0.2555	0.2822	-2.0000
-0.2243	0.2855	-2.0000
-0.3108	0.1579	-2.0000
-0.2841	0.2540	-1.0000
-0.2012	0.2461	-2.0000
-0.2563	0.2554	-2.0000
-0.2807	0.1428	-1.0000
-0.2424	0.2635	-1.0000
-0.2433	0.2819	-2.0000
-0.3566	0.1604	0.0000
-0.2463	0.2025	-1.0000
-0.2370	0.2894	-1.0000
-0.2374	0.2558	-3.0000
-0.2205	0.2325	-3.0000
-0.2631	0.2731	-1.0000
-0.3038	0.1501	-3.0000
-0.3293	0.0590	0.0000
-0.2204	0.2679	-1.0000
-0.3385	0.0320	0.0000
-0.2134	0.2452	0.0000
-0.2654	0.2507	-1.0000
-0.2317	0.2257	-2.0000
-0.3044	0.1772	-2.0000
-0.2214	0.2593	-2.0000
-0.2162	0.2799	-2.0000
-0.2156	0.2806	-1.0000
-0.2265	-0.0256	0.0000
-0.2149	0.2552	-2.0000
-0.2193	0.2471	-3.0000
-0.1754	0.2663	0.0000
-0.2522	0.2109	-2.0000
-0.1350	0.1743	0.0000
-0.2430	0.1755	-1.0000
-0.2172	0.1920	-1.0000
-0.2324	0.2939	-1.0000
-0.2241	0.2521	-3.0000
-0.1292	0.1596	-2.0000
-0.2164	0.3111	0.0000
-0.2426	0.2386	0.0000
-0.1884	0.2579	-1.0000
-0.1545	0.1025	-1.0000
-0.1963	0.2321	0.0000
-0.0519	0.0686	0.0000
-0.2978	0.2520	-2.0000
-0.2584	0.3162	0.0000
-0.2276	0.2855	-3.0000
-0.3128	0.2407	-3.0000
-0.2727	0.2473	-3.0000
-0.2745	0.2351	-3.0000
-0.2689	0.2708	-3.0000
-0.3284	0.1673	-1.0000
-0.3011	0.1320	-2.0000
-0.3942	0.1576	0.0000
-0.2842	0.2239	-1.0000
-0.2428	0.2376	0.0000
-0.2167	0.2565	-3.0000
-0.2207	0.2683	-2.0000
-0.2304	0.2538	-3.0000
-0.4810	-0.2822	0.0000
-0.2135	0.2400	0.0000
-0.2231	0.2910	-1.0000
-0.2004	0.2339	-1.0000
0.0292	0.0194	0.0000
-0.2195	0.2654	-3.0000
-0.2559	0.1968	0.0000
-0.2319	0.2428	-2.0000
-0.2347	0.2707	-3.0000
-0.3032	0.1699	-3.0000
-0.2454	0.2345	0.0000
-0.2180	0.2253	0.0000
-0.2262	0.2666	-2.0000
-0.2267	0.2090	0.0000
-0.1831	0.2203	0.0000
-0.2456	0.2342	-1.0000
-0.2290	0.2727	-2.0000
-0.2261	0.2528	0.0000
-0.1878	0.2456	0.0000
-0.2761	0.3181	-2.0000
-0.2599	0.2604	-2.0000
-0.2414	0.2919	-1.0000
-0.2350	0.2452	-2.0000
-0.2229	0.2796	-2.0000
-0.1028	0.1757	-1.0000
-0.2860	0.2757	-1.0000
-0.2676	0.2709	0.0000
-0.2332	0.2625	-2.0000
-0.2976	0.2720	-2.0000
-0.2455	0.1819	0.0000
-0.2797	0.0529	0.0000
-0.2264	0.2670	-2.0000
-0.2612	0.2571	0.0000
-0.2078	0.2421	-2.0000
-0.2812	0.1800	-2.0000
-0.2702	0.2721	0.0000
-0.2557	0.2841	-2.0000
-0.3208	0.1201	0.0000
-0.2605	0.2828	0.0000
-0.2225	0.2869	0.0000
-0.2493	0.2669	-2.0000
-0.2418	0.2905	-2.0000
-0.3663	0.2041	-1.0000
-0.2227	0.2755	-2.0000
-0.2806	0.2993	-2.0000
-0.2736	0.2284	-2.0000
-0.2387	0.3007	0.0000
-0.2574	0.2596	-3.0000
-0.2138	0.2479	-2.0000
-0.3167	0.1711	-3.0000
-0.2447	0.2030	-1.0000
-0.3309	0.1704	-2.0000
-0.3698	0.1336	0.0000
-0.3000	0.1310	-1.0000
-0.3842	0.1632	0.0000
-0.2577	0.2803	-2.0000
-0.2835	0.2624	-2.0000
-0.2694	0.2859	0.0000
-0.2579	0.3176	-1.0000
-0.2552	0.2915	-1.0000
-0.2469	0.2699	-2.0000
-0.2799	0.2164	-1.0000
-0.3168	0.1578	-3.0000
-0.3337	0.1686	-1.0000
-0.3358	0.1494	-2.0000
-0.2264	0.2951	-1.0000
-0.2413	0.2887	-2.0000
-0.2583	0.3059	0.0000
-0.2127	0.2635	-2.0000
-0.2564	0.2694	-3.0000
-0.1143	0.1611	-1.0000
-0.2532	0.2810	-3.0000
-0.2742	0.2854	-1.0000
-0.2361	0.2349	-2.0000
-0.2438	0.2710	-3.0000
-0.2583	0.3022	-1.0000
-0.2384	0.2608	-3.0000
-0.2119	0.2694	-2.0000
-0.2868	0.2121	0.0000
-0.2378	0.2608	-3.0000
-0.2238	0.2629	-2.0000
-0.2155	0.2625	-3.0000
-0.2717	0.1825	-1.0000
-0.2590	0.1582	-2.0000
-0.3682	0.0857	0.0000
-0.2292	0.2551	-1.0000
-0.2336	0.1975	0.0000
-0.2404	0.2785	0.0000
-0.2287	0.2461	-3.0000
-0.2457	0.2542	-3.0000
-0.3195	0.1697	-2.0000
-0.2312	0.2819	-2.0000
-0.2336	0.0252	0.0000
-0.2593	0.2217	0.0000
-0.1187	0.0861	0.0000
-0.2179	0.2466	-1.0000
-0.2187	0.2745	-1.0000
-0.2061	0.2783	0.0000
-0.2190	0.2409	-2.0000
-0.2559	0.2054	-1.0000
-0.2545	0.2001	-3.0000
-0.1991	0.2588	-1.0000
-0.1359	0.0910	0.0000
-0.2091	0.2667	-2.0000
-0.2294	0.2801	-1.0000
-0.2398	0.2622	-1.0000
-0.1804	0.2403	-1.0000
-0.2322	0.2500	-1.0000
-0.1802	0.2341	-1.0000
-0.1803	0.2031	0.0000
-0.2838	0.2965	-2.0000
-0.1791	0.2012	0.0000
-0.2322	0.2782	-3.0000
-0.2343	0.2998	-1.0000
-0.2503	0.2502	-2.0000
-0.2392	0.2576	-3.0000
-0.2208	0.2721	-3.0000
-0.2412	0.2470	-2.0000
-0.2593	0.2335	-2.0000
-0.3465	0.1447	-1.0000
-0.2742	0.3025	-1.0000
-0.2764	0.3052	-1.0000
-0.2805	0.2704	0.0000
-0.2465	0.2208	-2.0000
-0.2403	0.2833	-1.0000
-0.3333	0.1723	-2.0000
-0.3083	0.2481	-1.0000
-0.2883	0.3432	-1.0000
-0.2738	0.2630	-2.0000
-0.2781	0.2351	-2.0000
-0.0637	0.0750	-1.0000
-0.0699	0.1180	0.0000
-0.2142	0.2489	-3.0000
-0.2456	0.2686	-3.0000
-0.2291	0.2749	-3.0000
-0.3094	0.1568	-2.0000
-0.2499	0.2719	-2.0000
-0.2374	0.2160	-1.0000
-0.2159	0.2739	0.0000
-0.2168	0.2284	-1.0000
-0.1480	0.2440	0.0000
-0.1895	0.2302	0.0000
-0.2254	0.2617	-1.0000
-0.2103	0.2288	0.0000
-0.1448	0.1542	0.0000
-0.3520	0.2237	-2.0000
-0.2122	0.1333	0.0000
-0.2413	0.2539	-3.0000
-0.2509	0.2800	-3.0000
-0.2254	0.2616	-2.0000
-0.2480	0.2325	-3.0000
-0.2992	0.2526	-2.0000
-0.0731	0.0998	0.0000
-0.2248	0.2521	-3.0000
-0.3081	0.2323	0.0000
-0.2394	0.2707	-2.0000
-0.2260	0.2251	-1.0000
-0.2325	0.2483	-3.0000
-0.2110	0.2625	-2.0000
-0.2248	0.2312	0.0000
-0.2634	0.3726	-1.0000
-0.2599	0.3002	-1.0000
-0.2931	0.2370	0.0000
-0.2913	0.2491	-1.0000
-0.2210	0.2282	-1.0000
-0.2417	0.0750	0.0000
0.0347	-0.0262	0.0000
-0.3253	0.2934	0.0000
-0.0574	0.0262	0.0000
-0.2815	0.2818	-2.0000
-0.2371	0.2749	-2.0000
-0.2626	0.2193	-2.0000
-0.1123	0.0809	0.0000
-0.2711	0.2561	-2.0000
-0.2898	0.2385	-3.0000
-0.3557	0.1386	-1.0000
-0.2379	0.3267	-2.0000
-0.3179	0.3702	0.0000
-0.0942	0.1442	0.0000
-0.2293	0.2748	-3.0000
-0.2468	0.2441	-3.0000
-0.2922	0.1363	-2.0000
-0.3241	0.1968	-1.0000
-0.3068	0.3845	0.0000
-0.0638	0.0444	-1.0000
-0.2992	0.2304	-2.0000
-0.2336	0.2726	-3.0000
-0.2219	0.2971	-1.0000
-0.1485	0.2601	0.0000
-0.2575	0.2747	-2.0000
-0.0731	0.1447	0.0000
-0.2212	0.1840	-1.0000
-0.2008	0.2545	-1.0000
-0.2240	0.2519	-1.0000
-0.2224	0.2637	-1.0000
-0.2370	0.1889	-2.0000
-0.1972	0.2302	-2.0000
-0.0988	0.0650	-1.0000
-0.2472	0.2382	-1.0000
-0.1825	0.2490	-1.0000
-0.1828	0.2340	0.0000
-0.3129	0.3221	0.0000
-0.2779	0.3797	0.0000
-0.2726	0.3246	0.0000
-0.2401	0.2557	-3.0000
-0.2325	0.2819	-2.0000
-0.2859	0.1874	-3.0000
-0.2550	0.3130	-2.0000
-0.3329	0.3558	0.0000
-0.3090	0.1366	-2.0000
-0.0561	-0.0184	0.0000
-0.2090	0.3141	0.0000
-0.2196	0.2882	-2.0000
-0.2463	0.2524	-2.0000
-0.1805	0.2861	-1.0000
-0.2342	0.2871	-2.0000
-0.2570	0.3400	-1.0000
-0.2376	0.2934	-3.0000
-0.2143	0.2583	-3.0000
-0.2751	0.2806	-1.0000
-0.1929	0.2745	-1.0000
-0.2325	0.3249	-1.0000
-0.1289	0.0971	-1.0000
-0.2527	0.2966	-2.0000
-0.0968	0.0497	0.0000
-0.2155	0.2526	-2.0000
-0.1392	0.1488	0.0000
-0.2293	0.2628	-1.0000
-0.2339	0.2977	-1.0000
-0.2237	0.3342	-2.0000
-0.3284	0.1186	-1.0000
-0.2446	0.3726	-2.0000
-0.2202	0.1311	0.0000
-0.1153	0.1324	0.0000
-0.2259	0.2035	-3.0000
-0.1682	0.3237	-1.0000
-0.1966	0.2461	-1.0000
-0.2431	0.3286	-2.0000
-0.1456	0.0358	-1.0000
-0.2432	0.2846	-3.0000
-0.2415	0.4071	0.0000
-0.1985	0.3756	-1.0000
-0.0178	0.0387	0.0000
-0.1299	0.1728	-1.0000
-0.2577	0.3161	-1.0000
-0.0534	0.0788	0.0000
-0.2344	0.3131	-1.0000
-0.1799	0.3278	-1.0000
-0.2312	0.3549	0.0000
-0.1795	0.4218	-1.0000
-0.2489	0.2642	-2.0000
-0.4597	0.2158	0.0000
-0.4314	-0.1747	0.0000
-0.2430	0.2723	-2.0000
-0.4227	0.2343	0.0000
-0.2385	0.2408	-3.0000
-0.2265	0.2676	-3.0000
-0.2243	0.2721	-2.0000
-0.2246	0.2698	-2.0000
-0.2676	0.2690	-2.0000
-0.2698	0.2395	-3.0000
-0.2546	0.2268	-2.0000
-0.3438	0.1334	0.0000
-0.3756	0.1465	0.0000
-0.3312	0.1355	-2.0000
-0.2716	0.2771	-2.0000
-0.5744	0.1645	0.0000
-0.2796	0.2316	-2.0000
-0.2221	0.2447	-3.0000
-0.0515	0.0375	0.0000
-0.2557	0.2809	-3.0000
-0.2982	0.2374	-3.0000
-0.2990	0.1634	-1.0000
-0.2452	0.2631	-3.0000
-0.3653	0.1210	-1.0000
-0.2359	0.2548	-1.0000
-0.2178	0.2763	-1.0000
-0.2521	0.3002	-1.0000
-0.2503	0.2809	-3.0000
-0.2720	0.2613	-1.0000
-0.1106	0.2271	0.0000
-0.2479	0.2763	-3.0000
-0.2539	0.2840	-2.0000
-0.2427	0.2796	-1.0000
-0.0021	0.0341	0.0000
-0.2365	0.2716	-2.0000
-0.2367	0.2675	-2.0000
-0.2256	0.2565	-1.0000
-0.1843	0.2561	-1.0000
-0.2447	0.2498	-2.0000
-0.2316	0.2447	-3.0000
-0.2125	0.2502	-3.0000
-0.3240	0.1845	-1.0000
-0.2381	0.2216	-3.0000
-0.2799	0.1183	-3.0000
-0.2859	0.1384	0.0000
-0.0288	0.1567	0.0000
-0.2077	0.2721	0.0000
-0.2746	0.2256	-3.0000
-0.2152	0.2577	-3.0000
-0.2323	0.2092	-3.0000
0.0088	0.0260	0.0000
-0.3429	0.0110	0.0000
-0.2501	0.2311	-3.0000
-0.2381	0.2756	-3.0000
-0.2325	0.2388	0.0000
-0.1329	0.1026	0.0000
-0.0902	0.1514	0.0000
-0.2215	0.2566	-3.0000
-0.2283	0.2212	-3.0000
-0.2712	0.1552	-1.0000
-0.0643	0.1194	-1.0000
-0.2266	0.2614	-1.0000
-0.2291	0.2791	-3.0000
-0.1221	0.0823	0.0000
-0.2069	0.2461	-1.0000
-0.2108	0.2682	0.0000
-0.2070	0.2646	-3.0000
-0.1708	0.2398	-1.0000
-0.2052	0.2419	0.0000
-0.2465	0.3049	-1.0000
-0.2596	0.2941	-1.0000
-0.2455	0.2676	-3.0000
-0.2328	0.2852	-3.0000
-0.2460	0.2780	-3.0000
-0.2430	0.2584	0.0000
-0.2441	0.2856	-1.0000
-0.2967	0.1707	-3.0000
-0.2355	0.2818	-3.0000
-0.1637	0.1390	-1.0000
-0.1722	0.1186	-1.0000
-0.2664	0.2577	-1.0000
-0.2406	0.2684	-3.0000
-0.3658	0.1020	-1.0000
-0.2267	0.2595	-3.0000
-0.0385	0.0163	0.0000
0.0444	0.0993	0.0000
-0.2656	0.2060	-1.0000
-0.1157	0.1056	0.0000
-0.2778	0.2159	0.0000
-0.2267	0.2821	0.0000
-0.2234	0.2856	-1.0000
-0.2454	0.2660	-1.0000
-0.2075	0.2445	-3.0000
-0.2615	0.2894	-1.0000
-0.2710	0.1908	-1.0000
-0.2468	0.2929	-1.0000
-0.2201	0.2111	-1.0000
-0.2482	0.2714	-3.0000
-0.2353	0.2968	-1.0000
-0.2477	0.2626	-3.0000
-0.2037	0.2680	0.0000
-0.2249	0.2485	-1.0000
-0.2392	0.2633	-1.0000
-0.2078	0.2566	-1.0000
-0.3791	0.1035	0.0000
-0.2429	0.2943	-1.0000
-0.2504	0.2887	-3.0000
-0.2421	0.2844	-3.0000
-0.2373	0.2842	-3.0000
-0.2853	0.2660	-3.0000
-0.2328	0.2703	-3.0000
-0.1294	0.1952	-1.0000
-0.1244	0.2004	-1.0000
-0.2000	0.2462	0.0000
-0.2365	0.2487	0.0000
-0.3327	0.0671	-1.0000
-0.2161	0.2550	-3.0000
-0.2219	0.2280	-1.0000
-0.3279	0.1870	0.0000
-0.2716	0.2658	-1.0000
-0.2488	0.2617	0.0000
-0.2860	0.2574	-1.0000
-0.2483	0.2936	-1.0000
-0.2435	0.2509	-1.0000
-0.2906	0.2536	0.0000
-0.3910	0.0616	0.0000
-0.2655	0.2995	-1.0000
-0.2301	0.2961	-3.0000
-0.2537	0.2422	-3.0000
-0.2342	0.2205	-1.0000
-0.3198	0.1732	-1.0000
-0.2329	0.2847	-1.0000
-0.3054	0.1531	-3.0000
-0.2636	0.2365	-3.0000
-0.3597	0.1195	0.0000
-0.2472	0.2877	-3.0000
-0.2801	0.2767	-3.0000
-0.3169	0.3929	0.0000
-0.2328	0.2798	0.0000
-0.2488	0.2759	-3.0000
-0.2739	0.2247	-3.0000
-0.2530	0.2441	-3.0000
-0.2123	0.2704	-3.0000
-0.2830	0.2172	-3.0000
-0.2947	0.2446	-3.0000
-0.2735	0.2127	-3.0000
-0.2277	0.2670	-3.0000
-0.1805	0.1020	0.0000
-0.2369	0.2342	-3.0000
-0.2326	0.2519	-3.0000
-0.3130	0.1670	-3.0000
-0.2285	0.2635	-3.0000
-0.2595	0.0907	0.0000
-0.1933	0.2350	-3.0000
-0.1904	0.2253	-1.0000
-0.2093	0.2568	0.0000
-0.1997	0.2333	-1.0000
-0.1191	0.1453	-1.0000
-0.1901	0.2321	0.0000
-0.1747	0.2341	-1.0000
-0.2237	0.2621	-3.0000
-0.3089	0.2410	-3.0000
-0.3789	0.3212	0.0000
-0.2758	0.2543	-3.0000
-0.1774	0.2601	0.0000
-0.2630	0.1744	-3.0000
-0.2098	0.4619	0.0000
-0.2670	0.2738	-1.0000
-0.2747	0.2391	-3.0000
-0.2374	0.2959	-1.0000
-0.2413	0.2791	-3.0000
-0.2095	0.2845	0.0000
-0.2339	0.2794	-3.0000
-0.1855	0.2405	0.0000
-0.2037	0.2087	-1.0000
-0.2109	0.2570	-3.0000
-0.4361	-0.1393	0.0000
-0.2771	0.2413	-3.0000
-0.2680	0.4662	0.0000
-0.2230	0.2856	-3.0000
-0.2991	0.3123	-1.0000
-0.2632	0.2995	-3.0000
-0.2226	0.2662	-3.0000
-0.2436	0.2576	-3.0000
-0.2781	0.2914	-3.0000
-0.2180	0.2590	-1.0000
-0.2737	0.1859	-3.0000
-0.2510	0.3135	-3.0000
-0.2184	0.2927	-3.0000
-0.0460	0.0681	0.0000
-0.4207	-0.0710	0.0000
-0.2233	0.2841	-3.0000
-0.2298	0.2673	-1.0000
-0.2603	0.2236	-1.0000
-0.1917	0.2668	-1.0000
-0.1899	0.1946	0.0000
-0.2415	0.2746	0.0000
-0.2376	0.3263	-1.0000
-0.2326	0.2464	-3.0000
-0.3157	0.3406	-1.0000
-0.2742	0.3051	0.0000
-0.2623	0.1719	-1.0000
-0.2108	0.4134	-1.0000
-0.2206	0.3788	0.0000
-0.2660	0.2394	-3.0000
-0.2006	0.2770	-3.0000
-0.2274	0.2843	-3.0000
-0.2477	0.3919	-1.0000
-0.2249	0.2674	-3.0000
-0.2667	0.3049	-1.0000
-0.2439	0.2913	-3.0000
-0.2650	0.2690	-3.0000
-0.2232	0.2934	-1.0000
-0.2517	0.2626	-1.0000
-0.2270	0.2569	-3.0000
-0.2123	0.2610	-3.0000
-0.3066	0.1570	-3.0000
-0.3328	0.1928	-3.0000
-0.2961	0.1479	-1.0000
-0.2410	0.2480	-1.0000
-0.2304	0.2900	-3.0000
-0.2266	0.2729	-3.0000
-0.2479	0.2604	-3.0000
-0.2400	0.2839	-3.0000
-0.2296	0.2911	-3.0000
-0.2465	0.2704	-3.0000
-0.2540	0.2944	-3.0000
-0.2386	0.2711	-3.0000
-0.1429	0.1832	-1.0000
-0.2450	0.2788	-3.0000
-0.2181	0.2619	-3.0000
-0.1909	0.2595	-3.0000
-0.2722	0.1750	-3.0000
-0.2395	0.2584	-1.0000
-0.2246	0.2298	-3.0000
-0.2259	0.2611	-3.0000
-0.2317	0.2556	-3.0000
-0.2336	0.2727	-3.0000
-0.2042	0.2575	-3.0000
-0.2450	0.2385	0.0000
-0.2351	0.2750	-3.0000
-0.2303	0.2283	-1.0000
-0.1893	0.2444	0.0000
-0.1958	0.2353	0.0000
-0.3732	0.3582	0.0000
-0.3777	0.1739	0.0000
-0.2448	0.2980	-1.0000
-0.2183	0.2860	-1.0000
-0.0154	0.0542	0.0000
-0.2512	0.2767	-3.0000
-0.2250	0.2445	-3.0000
-0.4088	0.1955	-1.0000
-0.2261	0.2598	-3.0000
-0.1658	-0.0679	0.0000
-0.2779	0.2487	0.0000
-0.2182	0.2757	-3.0000
-0.2037	0.2687	-3.0000
-0.3497	0.1329	0.0000
-0.3391	0.0175	0.0000
-0.2471	0.2997	0.0000
-0.3052	0.1960	-1.0000
-0.2169	0.2746	-3.0000
-0.1899	0.1933	-1.0000
0.0002	0.1002	0.0000
-0.2363	0.3033	-1.0000
-0.2728	0.2851	-3.0000
-0.2778	0.2800	-3.0000
-0.2430	0.3124	-1.0000
-0.2329	0.2784	-1.0000
-0.3402	0.1232	-3.0000
-0.3232	0.1801	-3.0000
-0.2546	0.3043	-1.0000
-0.3758	0.3975	0.0000
-0.2202	0.2694	-3.0000
-0.2190	0.2833	-3.0000
-0.2579	0.2839	-1.0000
-0.1822	0.2508	0.0000
-0.2461	0.2769	-1.0000
-0.2318	0.2888	0.0000
-0.2214	0.2699	-1.0000
-0.2471	0.2919	-3.0000
-0.2424	0.2795	0.0000
-0.2527	0.2880	-3.0000
-0.3912	0.3473	-1.0000
-0.3416	0.0943	0.0000
-0.3310	0.2816	0.0000
-0.3807	0.1283	-1.0000
-0.2548	0.2958	-3.0000
-0.2611	0.2726	-3.0000
-0.2419	0.3133	-3.0000
-0.1993	0.2819	0.0000
-0.2316	0.2968	-3.0000
-0.1699	0.2085	-1.0000
-0.4952	0.1859	0.0000
-0.2700	0.3009	-1.0000
-0.2268	0.2837	-1.0000
-0.2369	0.2699	-1.0000
-0.2515	0.2908	-1.0000
-0.2485	0.2824	-1.0000
-0.2600	0.2703	-3.0000
-0.2321	0.1212	0.0000
-0.2348	0.2660	-3.0000
-0.3549	0.2040	0.0000
-0.2548	0.2823	-3.0000
-0.2168	0.2435	-1.0000
-0.2137	0.2678	-3.0000
-0.2351	0.2930	0.0000
-0.2376	0.2382	-1.0000
-0.2515	0.3024	-3.0000
-0.2618	0.2725	-3.0000
-0.2595	0.2898	-3.0000
-0.2677	0.2888	-3.0000
-0.2414	0.2195	0.0000
-0.2746	0.2449	-1.0000
-0.2461	0.2859	-3.0000
-0.2629	0.2920	-3.0000
-0.2782	0.2265	-3.0000
-0.3302	0.2683	-1.0000
-0.1854	0.2611	-1.0000
-0.2115	0.2851	-3.0000
-0.4111	0.2813	0.0000
-0.2360	0.2825	-1.0000
-0.3585	0.2996	0.0000
-0.2389	0.2818	-3.0000
-0.0665	-0.0478	0.0000
-0.1573	0.2415	-1.0000
-0.2799	0.2910	-3.0000
-0.2433	0.3050	-1.0000
-0.3757	0.1876	0.0000
-0.2339	0.2775	-3.0000
-0.3306	0.2402	-1.0000
-0.2188	0.2687	-3.0000
-0.2357	0.2910	-3.0000
-0.2208	0.2613	-3.0000
-0.2504	0.2797	-3.0000
-0.2587	0.2887	-3.0000
-0.2184	0.2427	-3.0000
-0.2669	0.2464	-3.0000
-0.2875	0.2591	-1.0000
-0.3171	0.1890	-3.0000
-0.3024	0.2264	-3.0000
-0.3364	0.1485	-3.0000
-0.4012	0.1614	0.0000
-0.3058	0.0936	0.0000
-0.5889	-0.1546	0.0000
-0.2903	0.2383	-1.0000
-0.2657	0.2959	-3.0000
-0.2244	0.2780	-3.0000
-0.2617	0.2431	-3.0000
-0.2682	0.2371	-3.0000
-0.2694	0.2398	-3.0000
-0.0398	-0.0765	0.0000
-0.2801	0.1900	-3.0000
-0.2378	0.2601	-3.0000
-0.2899	0.2727	-3.0000
-0.2648	0.3048	-1.0000
-0.2292	0.2324	-3.0000
-0.2537	0.2825	-3.0000
-0.2072	0.2445	-3.0000
-0.3247	0.1984	-3.0000
-0.2374	0.2723	-3.0000
-0.2654	0.2582	-3.0000
-0.3015	0.2196	-3.0000
-0.2287	0.2754	-3.0000
-0.4130	0.0640	0.0000
-0.2515	0.2458	-1.0000
-0.2442	0.2547	-1.0000
-0.2183	0.2419	-1.0000
-0.2217	0.2144	-1.0000
-0.2354	0.2657	-3.0000
-0.2340	0.2335	-3.0000
-0.3002	0.1818	-3.0000
-0.2178	0.2521	0.0000
-0.3196	0.1315	-3.0000
-0.2432	0.2460	0.0000
-0.2040	0.2726	-3.0000
-0.2001	0.2354	0.0000
-0.2488	0.2341	-3.0000
-0.2357	0.2230	-1.0000
-0.2387	0.2835	-3.0000
-0.2258	0.2655	-3.0000
-0.1971	0.2625	0.0000
-0.2170	0.2544	-3.0000
-0.3042	-0.0009	0.0000
-0.2755	0.1739	-1.0000
-0.2144	0.2262	0.0000
-0.2086	0.2423	-1.0000
-0.2424	0.1915	-1.0000
-0.2166	0.2755	-3.0000
-0.2257	0.2638	-1.0000
-0.1872	0.2066	-1.0000
-0.3285	0.0174	0.0000
-0.0265	0.0426	0.0000
-0.2156	0.2808	-1.0000
-0.2114	0.2565	0.0000
-0.1666	0.2066	0.0000
-0.2287	0.2804	-3.0000
-0.2390	0.2005	-1.0000
-0.1961	0.2278	-1.0000
-0.2923	0.2632	-3.0000
-0.2466	0.2916	-3.0000
-0.2440	0.2907	-3.0000
-0.3291	0.2463	-3.0000
-0.2592	0.2749	-3.0000
-0.2481	0.2728	-3.0000
-0.2334	0.2751	-3.0000
-0.3401	0.1839	-3.0000
-0.3135	0.1874	-1.0000
-0.2993	0.1250	0.0000
-0.2983	0.2813	-1.0000
-0.2392	0.2179	-3.0000
-0.0754	-0.0337	0.0000
-0.2491	0.2700	-1.0000
-0.2489	0.2540	-3.0000
-0.3088	0.1671	-3.0000
-0.3159	0.2276	-1.0000
-0.2396	0.2613	-1.0000
-0.2466	0.2710	-2.0000
-0.2621	0.2672	-2.0000
-0.2719	0.3080	-2.0000
-0.2422	0.2694	-2.0000
-0.2287	0.2814	-3.0000
-0.2876	0.2139	-2.0000
-0.2558	0.2499	-3.0000
-0.3018	0.1432	-3.0000
-0.2441	0.2582	-2.0000
-0.2111	0.2318	-2.0000
-0.2239	0.2646	-3.0000
-0.2121	0.2699	-3.0000
-0.2047	0.2561	-3.0000
-0.2172	0.2645	-3.0000
-0.2723	0.2066	-3.0000
-0.2088	0.2278	-2.0000
-0.0044	0.0666	0.0000
-0.2548	0.2790	-3.0000
-0.2809	0.2594	-3.0000
-0.3437	0.3237	0.0000
-0.0262	0.0717	0.0000
-0.2460	0.2670	-3.0000
-0.3320	0.1807	-3.0000
-0.2450	0.2774	-3.0000
-0.3209	0.2063	-2.0000
-0.1251	0.1839	0.0000
-0.2364	0.2728	0.0000
-0.1775	0.2055	-2.0000
-0.2697	0.2270	-2.0000
-0.2412	0.2425	-3.0000
-0.2929	0.1768	-3.0000
-0.2154	0.2632	-2.0000
-0.2791	0.2711	0.0000
-0.3225	0.2654	-2.0000
-0.2429	0.2736	-3.0000
-0.3200	0.2619	0.0000
-0.2948	0.1269	0.0000
-0.2323	0.2731	-2.0000
-0.2711	0.2758	-3.0000
-0.2482	0.3189	-3.0000
0.0127	0.0856	0.0000
-0.2353	0.2808	-3.0000
-0.2468	0.2288	-3.0000
-0.2234	0.2241	-3.0000
-0.2321	0.2575	-3.0000
-0.3022	0.1885	-3.0000
-0.2748	0.2443	-2.0000
-0.2612	0.2176	-3.0000
-0.3514	0.2428	-2.0000
-0.2180	0.2693	-3.0000
-0.2096	0.2736	-3.0000
-0.2701	0.2799	-3.0000
-0.1506	0.1447	-2.0000
-0.3088	0.1631	-3.0000
-0.2897	0.2835	-3.0000
-0.2972	0.2204	-2.0000
-0.2138	0.2388	-2.0000
-0.2494	0.2489	-3.0000
-0.2403	0.2579	-2.0000
-0.2277	0.2454	-2.0000
-0.2170	0.2589	-3.0000
-0.2324	0.2741	-3.0000
-0.2516	0.2792	-3.0000
-0.2368	0.2182	-3.0000
-0.2438	0.2407	-3.0000
-0.2358	0.2404	-3.0000
-0.2034	0.2582	-3.0000
-0.2018	0.2675	-2.0000
-0.2070	0.2640	-2.0000
-0.1647	0.2098	0.0000
-0.1881	0.2463	-2.0000
-0.2035	0.2425	0.0000
-0.2189	0.2131	0.0000
-0.2548	0.2947	0.0000
-0.2965	0.2772	-3.0000
-0.2550	0.2751	-3.0000
-0.2517	0.2688	-3.0000
-0.2362	0.2644	-3.0000
-0.3182	0.1730	-3.0000
-0.2465	0.3162	-2.0000
-0.2450	0.2991	-3.0000
-0.0229	0.0402	0.0000
0.0194	0.0962	0.0000
-0.2839	0.1656	0.0000
-0.1930	0.2683	-3.0000
-0.2428	0.2615	-3.0000
-0.2753	0.1829	-2.0000
-0.2445	0.2758	-3.0000
-0.3197	0.2863	-2.0000
-0.2514	0.2969	-2.0000
-0.2367	0.2710	-3.0000
-0.1770	0.5672	0.0000
-0.2303	0.2553	-2.0000
-0.3028	0.2528	-3.0000
-0.2574	0.2885	-2.0000
-0.4499	0.1420	0.0000
-0.2440	0.2834	-3.0000
-0.2454	0.2807	0.0000
-0.2513	0.2758	-3.0000
-0.3164	0.1544	-3.0000
-0.2608	0.2888	-3.0000
-0.2430	0.2592	-2.0000
-0.2271	0.2547	-3.0000
-0.1297	0.5242	0.0000
-0.1974	0.2548	-3.0000
-0.2481	0.2772	-3.0000
-0.2182	0.2404	-3.0000
-0.0478	0.2361	0.0000
-0.0867	0.3050	0.0000
-0.2416	0.3254	-2.0000
-0.2410	0.2994	-3.0000
-0.2461	0.2746	-3.0000
-0.2501	0.2821	-3.0000
-0.1841	0.1941	0.0000
-0.2067	0.2893	-3.0000
-0.2372	0.3133	-3.0000
-0.2514	0.3331	-3.0000
-0.2257	0.2691	-3.0000
-0.2633	0.3180	-2.0000
-0.2221	0.3308	0.0000
-0.3292	0.4209	0.0000
-0.1973	0.2867	0.0000
-0.2329	0.2630	-3.0000
-0.3490	0.3413	0.0000
-0.3021	0.1984	-3.0000
-0.1694	0.1970	-2.0000
-0.2663	0.2229	-3.0000
-0.2280	0.2510	-2.0000
-0.2858	0.2671	-2.0000
-0.3211	0.1627	-3.0000
-0.2441	0.2781	-3.0000
-0.3125	0.1585	-3.0000
-0.2800	0.2454	-2.0000
-0.2189	0.2605	-3.0000
-0.3585	0.1009	0.0000
-0.2410	0.2818	-2.0000
-0.2337	0.2473	-3.0000
-0.3014	0.1474	-2.0000
-0.2397	0.2681	-2.0000
-0.2289	0.2799	-2.0000
-0.1066	0.1110	-2.0000
-0.2258	0.2638	-2.0000
-0.2399	0.2055	-2.0000
-0.2789	0.2499	-3.0000
-0.2425	0.2740	-3.0000
-0.2425	0.2657	-3.0000
-0.2872	0.2280	-2.0000
-0.2716	0.2271	-3.0000
-0.2357	0.2803	-3.0000
-0.2113	0.2705	0.0000
-0.2254	0.2849	-3.0000
-0.2019	0.2503	0.0000
-0.2541	0.2873	0.0000
-0.2037	0.2791	-2.0000
-0.0624	0.0154	-2.0000
-0.3391	-0.0086	0.0000
-0.1444	0.2268	0.0000
-0.2427	0.2833	-3.0000
-0.4445	0.1275	0.0000
-0.2653	0.2691	0.0000
-0.2457	0.3162	0.0000
-0.3275	0.1330	-2.0000
-0.2968	0.1832	-2.0000
-0.2570	0.2937	-3.0000
-0.2563	0.2851	-3.0000
-0.2265	0.2694	-3.0000
-0.2442	0.2908	-3.0000
-0.2237	0.2703	-3.0000
-0.2101	0.2727	0.0000
-0.2037	0.2705	-3.0000
-0.2078	0.2558	-3.0000
-0.2304	0.2957	-2.0000
-0.2555	0.2538	-3.0000
-0.2475	0.2889	-3.0000
-0.2676	0.2218	-3.0000
-0.2901	0.2407	-2.0000
-0.2576	0.2869	0.0000
-0.2917	0.2730	-2.0000
-0.2641	0.2604	-3.0000
-0.2354	0.2982	-3.0000
-0.2522	0.3048	-3.0000
-0.2715	0.2725	-3.0000
-0.2488	0.2736	-3.0000
-0.2835	0.1617	-3.0000
-0.2581	0.2672	-3.0000
-0.2513	0.2890	-3.0000
-0.2204	0.2599	0.0000
-0.2322	0.3029	-3.0000
-0.2460	0.2328	-2.0000
-0.2312	0.2463	-3.0000
-0.1744	0.2281	-2.0000
-0.2257	0.2214	-3.0000
-0.2066	0.2684	0.0000
-0.2871	0.2917	-3.0000
-0.2326	0.2913	-3.0000
-0.2627	0.2650	-3.0000
-0.2801	0.2499	-3.0000
-0.2337	0.2400	0.0000
-0.2452	0.3277	-2.0000
-0.2306	0.2832	-3.0000
-0.4642	0.3421	0.0000
-0.2585	0.2901	-3.0000
-0.2543	0.3076	-3.0000
-0.1152	0.2475	0.0000
-0.2245	0.2997	-2.0000
-0.2611	0.3187	-2.0000
-0.2727	0.3054	-2.0000
-0.2455	0.2748	-3.0000
-0.2286	0.2891	-3.0000
-0.2487	0.3003	-3.0000
-0.2361	0.2443	-3.0000
-0.2580	0.2090	-3.0000
-0.2307	0.2412	-2.0000
-0.2930	0.2265	-3.0000
-0.2590	0.2583	-3.0000
-0.2384	0.2750	0.0000
-0.2429	0.2890	-2.0000
-0.2511	0.2643	-2.0000
-0.2661	0.2330	-3.0000
-0.2110	0.2822	-2.0000
-0.2327	0.2412	-2.0000
-0.2626	0.2942	-3.0000
-0.2533	0.2910	-3.0000
-0.2757	0.2547	-3.0000
-0.2493	0.2964	-3.0000
-0.2326	0.0943	0.0000
-0.3353	0.2301	0.0000
-0.2206	0.2647	-3.0000
-0.2220	0.2407	0.0000
-0.1636	0.1011	0.0000
-0.2002	0.2979	-2.0000
-0.2374	0.2791	-2.0000
-0.2417	0.2945	-2.0000
-0.2489	0.3091	-3.0000
-0.3223	0.2840	-2.0000
-0.2104	0.2617	-2.0000
-0.2688	0.2629	-3.0000
-0.5187	0.2779	0.0000
-0.2095	0.2841	-2.0000
-0.2247	0.2803	-2.0000
-0.2231	0.2824	-2.0000
-0.2365	0.2833	-2.0000
-0.2763	0.2424	-3.0000
-0.4384	0.4031	0.0000
-0.2663	0.3093	-2.0000
-0.2109	0.2928	-2.0000
-0.2333	0.2580	-3.0000
-0.2706	0.3064	-2.0000
-0.1887	0.2053	-2.0000
-0.3239	0.1673	-3.0000
-0.3076	0.1963	-3.0000
-0.4195	0.1388	0.0000
-0.2490	0.2803	-3.0000
-0.0737	-0.0143	0.0000
-0.2866	0.2866	-2.0000
-0.2293	0.2623	-3.0000
-0.2943	0.2342	-3.0000
-0.2904	0.1712	-3.0000
-0.2223	0.2634	-3.0000
-0.3651	0.3989	0.0000
-0.2237	0.2623	-3.0000
-0.5690	-0.4029	0.0000
-0.2262	0.2815	-2.0000
-0.2267	0.2686	-3.0000
-0.1178	0.1059	0.0000
-0.2501	0.2725	-2.0000
-0.2220	0.2618	-3.0000
-0.2164	0.2493	-3.0000
-0.2675	0.2621	-3.0000
-0.2115	0.2584	-2.0000
-0.2599	0.2215	-3.0000
-0.2530	0.2892	-3.0000
-0.2448	0.2215	0.0000
-0.2360	0.2648	-2.0000
-0.2565	0.2308	-3.0000
-0.2629	0.1963	0.0000
-0.1939	0.2403	0.0000
-0.2732	0.2924	-2.0000
-0.2265	0.2738	-2.0000
-0.1169	0.0948	-2.0000
0.0150	0.0036	0.0000
-0.2442	0.2972	-2.0000
-0.2617	0.2623	-3.0000
-0.1386	0.1389	-2.0000
-0.2302	0.2765	0.0000
-0.2626	0.2547	-3.0000
-0.3330	0.2449	0.0000
-0.2475	0.2789	-3.0000
-0.2289	0.2899	-2.0000
-0.0740	0.0827	0.0000
-0.3093	0.0478	0.0000
-0.2324	0.1185	0.0000
-0.2475	0.3028	-2.0000
-0.2532	0.2567	-3.0000
-0.2246	0.2431	-3.0000
-0.2314	0.2644	-3.0000
-0.2454	0.2342	-2.0000
-0.2324	0.2817	0.0000
-0.2660	0.3043	-3.0000
-0.2292	0.2950	-3.0000
-0.2763	0.1927	-2.0000
-0.2595	0.2615	-3.0000
-0.2742	0.2481	-3.0000
-0.3176	0.1625	-3.0000
-0.2871	0.2424	-3.0000
-0.3273	0.2970	0.0000
-0.2696	0.2376	-3.0000
-0.2596	0.2827	-2.0000
-0.2305	0.2957	-3.0000
-0.2219	0.2520	-2.0000
-0.2634	0.2905	-3.0000
-0.2154	0.2626	-2.0000
-0.2752	0.1725	0.0000
-0.2774	0.2774	0.0000
-0.2749	0.2355	0.0000
-0.2813	0.2652	-3.0000
-0.2370	0.2938	-2.0000
-0.0225	0.0593	0.0000
-0.2333	0.3192	0.0000
-0.2410	0.3100	-2.0000
-0.2218	0.2652	-3.0000
-0.2581	0.2367	-3.0000
-0.2551	0.2656	-2.0000
-0.3084	0.1176	0.0000
-0.2333	0.2965	-3.0000
-0.2880	0.3014	-2.0000
-0.3455	0.2298	0.0000
-0.2339	0.2722	-2.0000
-0.2353	0.2983	0.0000
-0.3112	0.2366	-3.0000
-0.2653	0.2652	-3.0000
-0.2694	0.1880	-3.0000
-0.2763	0.2573	-3.0000
-0.2441	0.2878	-2.0000
-0.2347	0.2701	-2.0000
-0.2426	0.3085	-2.0000
-0.2736	0.2189	0.0000
-0.2260	0.2645	-2.0000
-0.2503	0.2726	-2.0000
-0.2321	0.2901	-3.0000
-0.2215	0.2351	0.0000
-0.2192	0.2677	-2.0000
-0.3668	0.1101	-2.0000
-0.2743	0.2634	-3.0000
-0.2797	0.2722	0.0000
-0.2098	0.2857	-2.0000
-0.2725	0.2788	-2.0000
-0.2729	0.3907	-2.0000
-0.3563	0.2442	0.0000
-0.2455	0.2720	-3.0000
-0.2397	0.2401	-3.0000
-0.2520	0.2819	-2.0000
-0.3258	0.2458	-2.0000
-0.2162	0.3132	-2.0000
-0.3352	0.2060	0.0000
-0.2582	0.1514	0.0000
-0.2809	0.2242	-3.0000
-0.2171	0.2361	-2.0000
-0.2025	0.2561	0.0000
-0.2175	0.2613	-3.0000
-0.2292	0.2788	-2.0000
-0.2722	0.2826	0.0000
-0.2784	0.3040	0.0000
-0.2381	0.2606	-3.0000
-0.2292	0.2787	-2.0000
-0.2222	0.2413	-2.0000
-0.2141	0.2698	-3.0000
-0.3368	0.1876	-2.0000
-0.2795	0.2938	-2.0000
-0.1516	0.1528	-2.0000
-0.2797	0.2542	-2.0000
-0.3116	0.1290	0.0000
-0.2259	0.2691	-3.0000
-0.2962	0.0550	0.0000
-0.2193	0.2232	-3.0000
-0.2501	0.2880	-2.0000
-0.2382	0.2270	-2.0000
-0.2694	0.2232	-3.0000
-0.2353	0.2711	-3.0000
-0.2257	0.2989	-2.0000
-0.2222	0.2893	-2.0000
-0.3003	0.0054	0.0000
-0.2431	0.2935	-3.0000
-0.2461	0.2628	-3.0000
-0.3529	0.2771	0.0000
-0.2217	0.2384	-3.0000
-0.3094	0.3590	0.0000
-0.2321	0.2691	-3.0000
-0.2128	0.2936	-3.0000
-0.0555	0.0994	0.0000
-0.2501	0.2670	-3.0000
-0.4116	0.1287	0.0000
-0.2203	0.2867	-2.0000
-0.2310	0.2843	-2.0000
-0.2146	0.2736	-3.0000
0.0176	0.0286	0.0000
-0.2641	0.2736	-2.0000
-0.3077	0.3928	0.0000
-0.2220	0.2553	-2.0000
-0.4152	0.0765	-1.0000
-0.2620	0.2266	-3.0000
-0.2236	0.2977	-2.0000
-0.2484	0.2866	-3.0000
-0.2530	0.2382	-2.0000
-0.4221	0.2046	-1.0000
-0.2659	0.2632	-2.0000
-0.2144	0.2921	-2.0000
-0.2753	0.2666	-2.0000
-0.3212	0.2735	-2.0000
-0.2529	0.2687	-3.0000
-0.2710	0.2568	-3.0000
-0.2566	0.2974	-3.0000
-0.0877	-0.1003	-1.0000
-0.2461	0.2318	-2.0000
-0.2617	0.2904	-3.0000
-0.2736	0.2718	-3.0000
-0.2962	0.1781	-3.0000
-0.3084	0.1771	-3.0000
-0.2956	0.2422	-2.0000
-0.2525	0.1950	-3.0000
-0.3009	0.1345	-2.0000
-0.3640	0.1125	-1.0000
-0.2838	0.2921	-2.0000
-0.2596	0.2844	-3.0000
-0.2641	0.2924	-3.0000
-0.2153	0.2604	-3.0000
-0.2534	0.2612	-3.0000
-0.2437	0.2502	-2.0000
-0.2582	0.2871	-3.0000
-0.3107	0.1528	-3.0000
-0.2417	0.2710	-3.0000
-0.3519	0.1079	-2.0000
-0.2665	0.2542	-3.0000
-0.2428	0.2880	-3.0000
-0.2699	0.2245	-3.0000
-0.3582	0.1055	-2.0000
-0.2339	0.2611	-3.0000
-0.3126	0.1927	-3.0000
-0.3864	-0.0966	-2.0000
-0.2484	0.2730	-3.0000
-0.2433	0.2836	-3.0000
-0.2752	0.2651	-1.0000
-0.2427	0.2635	-3.0000
-0.3517	0.0291	-1.0000
-0.2629	0.2614	-3.0000
-0.2664	0.2730	-3.0000
-0.2459	0.2657	-3.0000
-0.2312	0.2940	-1.0000
-0.2394	0.2943	-3.0000
-0.2647	0.2446	-3.0000
-0.2811	0.2175	-3.0000
-0.3124	0.1230	-2.0000
-0.2363	0.2441	-3.0000
-0.2681	0.2214	-3.0000
-0.2331	0.2825	-3.0000
-0.2308	0.2639	-3.0000
-0.2585	0.2339	-3.0000
-0.2526	0.2437	-3.0000
-0.2643	0.2408	-3.0000
0.0241	0.1854	-1.0000
-0.2267	0.2722	-3.0000
-0.2130	0.2491	-2.0000
-0.2641	0.0003	-1.0000
-0.1794	0.2406	-2.0000
-0.2130	0.2549	-1.0000
-0.2627	0.2196	-3.0000
-0.2586	0.2960	-2.0000
-0.1980	0.2363	-2.0000
-0.2203	0.2647	-3.0000
-0.2263	0.2443	-3.0000
-0.2990	0.0730	-1.0000
-0.2158	0.2551	-3.0000
-0.2099	0.2640	-1.0000
-0.1967	0.2341	-2.0000
-0.2177	0.2251	-3.0000
-0.2302	0.2622	-2.0000
-0.1952	0.2257	-1.0000
-0.2833	0.2255	-3.0000
-0.2485	0.2596	-3.0000
-0.4682	0.0570	-1.0000
-0.2833	0.2613	-2.0000
-0.2354	0.2793	-3.0000
-0.2534	0.2499	-3.0000
-0.2818	0.2372	-2.0000
-0.3107	0.1647	-2.0000
-0.3215	0.1545	-3.0000
-0.3656	0.1118	-1.0000
-0.2737	0.2974	-3.0000
-0.2672	0.2939	-2.0000
-0.0488	0.0403	-2.0000
-0.2927	0.2367	-3.0000
-0.2319	0.2651	-3.0000
-0.3127	0.2031	-3.0000
-0.2570	0.2618	-2.0000
-0.3003	0.2519	-3.0000
-0.2695	0.2428	-3.0000
-0.2555	0.2532	-3.0000
-0.2458	0.2797	-3.0000
-0.3335	0.1724	-2.0000
-0.2360	0.2268	-2.0000
-0.2219	0.2296	-3.0000
-0.2384	0.2559	-2.0000
-0.2494	0.2402	-3.0000
-0.3821	-0.0405	-1.0000
-0.2466	0.2326	-3.0000
-0.2649	0.2275	-3.0000
-0.2606	0.2255	-2.0000
-0.2717	0.2047	-2.0000
-0.2136	0.2690	-3.0000
-0.2374	0.2012	-2.0000
-0.2259	0.2478	-3.0000
-0.1917	0.2532	-2.0000
-0.2611	0.2915	-3.0000
-0.2415	0.3082	-2.0000
-0.2596	0.3115	-2.0000
-0.2499	0.2757	-3.0000
-0.2281	0.2510	-3.0000
-0.3036	0.1850	-3.0000
-0.3179	0.2389	-2.0000
-0.2402	0.2942	-2.0000
-0.0701	0.0539	-2.0000
-0.3404	-0.1673	-1.0000
-0.2380	0.2867	-2.0000
-0.2288	0.2693	-3.0000
-0.2568	0.2093	-3.0000
-0.2449	0.2787	-2.0000
-0.2337	0.2186	-1.0000
-0.2824	0.2739	-2.0000
-0.2990	0.2907	-2.0000
-0.2514	0.2623	-3.0000
-0.3843	0.0256	-1.0000
-0.2153	0.2770	-3.0000
-0.3268	0.2053	-2.0000
-0.2718	0.2833	-3.0000
-0.2651	0.2808	-3.0000
-0.2969	0.2711	-3.0000
-0.2496	0.2937	-2.0000
-0.2566	0.2720	-3.0000
-0.2360	0.2649	-3.0000
-0.2958	0.2454	-2.0000
-0.2846	0.1402	-3.0000
-0.2927	0.1802	-3.0000
-0.3221	0.1378	-2.0000
-0.2987	0.1885	-1.0000
-0.0776	0.0793	-2.0000
-0.2637	0.3192	-2.0000
-0.2509	0.2374	-3.0000
-0.2675	0.2636	-3.0000
-0.2914	0.1595	-2.0000
-0.2695	0.2825	-3.0000
-0.3483	0.0179	-1.0000
-0.2145	0.2585	-3.0000
-0.2759	0.2857	-3.0000
-0.2204	0.2853	-2.0000
-0.2092	0.2564	-3.0000
-0.2460	0.2828	-2.0000
-0.2198	0.2547	-3.0000
-0.2300	0.2901	-2.0000
-0.2430	0.2187	-3.0000
-0.2774	0.2292	-3.0000
-0.2239	0.2519	-3.0000
-0.2010	0.2213	-2.0000
-0.2147	0.2020	-2.0000
-0.2035	0.2500	-3.0000
-0.3051	0.0387	-1.0000
-0.2450	0.2497	-3.0000
-0.1872	0.2403	-2.0000
-0.2163	0.2681	-1.0000
-0.3820	0.2947	-1.0000
-0.2648	0.3110	-2.0000
-0.3667	0.1812	-1.0000
-0.2381	0.2816	-2.0000
-0.2527	0.2684	-3.0000
-0.3199	0.1721	-3.0000
-0.2731	0.3123	-1.0000
-0.2469	0.3052	-3.0000
-0.0850	0.0323	-2.0000
-0.2995	0.2154	-2.0000
-0.2496	0.2278	-3.0000
-0.2121	0.2865	-3.0000
-0.2297	0.2482	-3.0000
-0.2658	0.1801	-3.0000
-0.2569	0.2454	-2.0000
-0.3080	0.3232	-3.0000
-0.2480	0.3070	-2.0000
-0.2587	0.2468	-3.0000
-0.3080	0.0704	-1.0000
-0.3786	-0.0051	-1.0000
-0.3002	0.2805	-1.0000
-0.2618	0.2929	-3.0000
-0.2051	0.3475	-2.0000
-0.2450	0.3015	-2.0000
-0.2898	0.2837	-1.0000
-0.2158	0.2607	-3.0000
-0.3276	0.1749	-3.0000
-0.2513	0.2775	-3.0000
-0.2806	0.2643	-2.0000
-0.2568	0.2184	-2.0000
-0.2043	0.2432	-1.0000
-0.1116	0.3761	-1.0000
-0.1920	0.2205	-1.0000
-0.2413	0.2656	-2.0000
-0.2042	0.2439	-3.0000
-0.1984	0.2285	-1.0000
-0.2314	0.2811	-3.0000
-0.2099	0.2753	-3.0000
-0.2450	0.2963	-3.0000
-0.3120	0.3068	-1.0000
-0.2136	0.2315	-2.0000
-0.2567	0.3630	-2.0000
-0.4705	0.1459	-1.0000
-0.2202	0.2980	-2.0000
-0.2509	0.2786	-3.0000
-0.3217	0.1955	-3.0000
-0.2084	0.2609	-3.0000
-0.2380	0.2954	-2.0000
-0.2361	0.3299	-2.0000
-0.4229	0.1484	-1.0000
-0.2679	0.2720	-3.0000
-0.2901	0.2814	-3.0000
-0.2271	0.2808	-3.0000
-0.2635	0.2866	-1.0000
-0.2496	0.2673	-3.0000
-0.2519	0.2845	-3.0000
-0.0872	0.0255	-1.0000
-0.3367	0.1654	-3.0000
-0.3397	0.1543	-3.0000
-0.1668	0.2152	-2.0000
-0.1237	0.1405	-1.0000
-0.2441	0.2859	-3.0000
-0.2381	0.2629	-3.0000
-0.1230	0.1252	-1.0000
-0.2658	0.2383	-3.0000
-0.2624	0.2944	-3.0000
-0.2545	0.2655	-1.0000
-0.2482	0.2782	-3.0000
-0.2522	0.2632	-3.0000
-0.1229	0.1615	-1.0000
-0.1767	0.1778	-3.0000
-0.2058	0.2662	-3.0000
-0.2318	0.2652	-3.0000
-0.2414	0.2893	-2.0000
-0.2645	0.1754	-2.0000
-0.3257	0.0656	-1.0000
-0.2598	0.2686	-1.0000
-0.2497	0.2321	-3.0000
-0.2289	0.2756	-3.0000
-0.1922	0.2690	-1.0000
-0.2256	0.2787	-1.0000
-0.2018	0.2570	-3.0000
-0.2119	0.2556	-1.0000
-0.2273	0.2788	-1.0000
-0.3303	0.2547	-3.0000
-0.2591	0.2967	-3.0000
-0.2355	0.2699	-3.0000
-0.2492	0.2985	-3.0000
-0.2278	0.2740	-3.0000
-0.2629	0.2196	-3.0000
-0.3346	0.2427	-3.0000
-0.2511	0.3187	-2.0000
-0.2160	0.2572	-3.0000
-0.2424	0.2979	-3.0000
-0.2576	0.2781	-3.0000
-0.0388	0.0609	-1.0000
-0.2789	0.2455	-3.0000
-0.2445	0.2661	-2.0000
-0.2078	0.2721	-1.0000
-0.2921	0.2952	-1.0000
-0.2022	0.2814	0.0000
-0.2258	0.2739	-2.0000
-0.3040	0.3097	0.0000
-0.2861	0.0686	0.0000
-0.2472	0.2864	-1.0000
-0.2772	0.2862	-2.0000
-0.2560	0.2929	-2.0000
-0.2679	0.2721	-1.0000
-0.2158	0.2520	-2.0000
-0.2838	0.2626	-2.0000
-0.2698	0.1306	-1.0000
-0.2831	0.2811	-2.0000
-0.2577	0.3085	-2.0000
-0.2462	0.2703	-1.0000
-0.2500	0.2658	-1.0000
-0.2171	0.2784	-1.0000
-0.2035	0.2660	-2.0000
-0.2653	0.2601	-3.0000
-0.0327	0.1351	0.0000
-0.3300	0.0449	0.0000
-0.2352	0.2850	-2.0000
-0.2670	0.2930	-2.0000
-0.2579	0.2300	-1.0000
-0.2890	0.1538	0.0000
-0.3431	0.1232	0.0000
-0.2480	0.2684	-2.0000
-0.2742	0.3249	-1.0000
-0.2579	0.2996	-2.0000
-0.2719	0.2487	-3.0000
-0.3557	0.2485	-1.0000
-0.2371	0.2782	-2.0000
-0.2828	0.3048	-1.0000
-0.2077	0.3671	0.0000
-0.2691	0.2969	-1.0000
-0.2223	0.2695	-1.0000
-0.2381	0.2790	-3.0000
-0.3426	0.1216	0.0000
-0.2348	0.2843	-3.0000
-0.3316	0.1868	-2.0000
-0.2709	0.2905	-2.0000
-0.2204	0.2710	-1.0000
-0.2349	0.2557	-3.0000
-0.2371	0.2981	0.0000
-0.2540	0.0519	0.0000
-0.1636	0.2542	-1.0000
-0.2229	0.2395	-2.0000
-0.2090	0.2314	-2.0000
-0.1771	0.1794	0.0000
-0.5455	0.2052	0.0000
0.0164	0.0508	0.0000
-0.2571	0.2629	-3.0000
-0.2528	0.2561	-2.0000
-0.2429	0.3041	-1.0000
-0.2209	0.3145	0.0000
-0.2345	0.3099	-2.0000
-0.0789	0.0845	-1.0000
-0.2353	0.2969	-2.0000
-0.4647	0.1822	0.0000
-0.2501	0.2579	-1.0000
-0.2519	0.3033	-1.0000
-0.2630	0.3097	0.0000
-0.2899	0.3003	-1.0000
-0.3810	0.1986	-1.0000
-0.2599	0.2637	-1.0000
-0.2442	0.2981	-1.0000
-0.2546	0.2847	-2.0000
-0.2336	0.3060	0.0000
-0.2650	0.2979	-1.0000
-0.4424	0.1597	0.0000
-0.2780	0.2740	-2.0000
-0.3651	0.2325	0.0000
-0.2486	0.2967	-2.0000
-0.2329	0.2525	-1.0000
-0.2540	0.2544	-2.0000
-0.1905	0.1712	-1.0000
-0.2384	0.2649	-3.0000
-0.2468	0.2530	-3.0000
-0.2786	0.2273	-2.0000
-0.3951	0.1441	0.0000
-0.1636	0.2130	0.0000
-0.2810	0.2888	-2.0000
-0.0315	0.1135	0.0000
-0.2335	0.2455	-1.0000
-0.2169	0.2564	-2.0000
-0.3104	0.1580	-2.0000
-0.2416	0.2805	-3.0000
-0.2507	0.2888	-2.0000
-0.2186	0.2614	-3.0000
-0.2583	0.2707	-2.0000
-0.2298	0.2608	-3.0000
-0.2368	0.2870	-2.0000
-0.2240	0.2758	-2.0000
-0.2603	0.2717	-2.0000
-0.2313	0.2550	-1.0000
-0.2476	0.2777	-3.0000
-0.2100	0.2644	-3.0000
-0.2413	0.2739	-1.0000
-0.2334	0.2748	-1.0000
-0.2912	0.0616	-1.0000
-0.2224	0.2399	-1.0000
-0.2060	0.2406	-2.0000
-0.2002	0.2491	-2.0000
-0.2229	0.2811	0.0000
-0.2196	0.2768	0.0000
-0.2710	0.2591	-3.0000
-0.2962	0.2370	-2.0000
-0.2234	0.2684	-3.0000
-0.2506	0.2870	-2.0000
-0.1360	0.2083	-1.0000
-0.3327	0.1530	-2.0000
-0.2732	0.2995	-2.0000
-0.2846	0.2650	-1.0000
-0.2622	0.2510	-3.0000
-0.2437	0.2938	-2.0000
-0.2401	0.2804	-3.0000
-0.1954	0.2507	-1.0000
-0.2410	0.2839	-2.0000
-0.2377	0.2859	-2.0000
-0.1922	0.2594	-1.0000
-0.2777	0.2403	-3.0000
-0.2682	0.2680	-1.0000
-0.2635	0.2778	-1.0000
-0.2770	0.2783	-2.0000
-0.2722	0.2607	-1.0000
-0.2521	0.2773	-1.0000
-0.4507	0.1302	0.0000
-0.4414	0.1299	0.0000
-0.3407	0.2792	0.0000
-0.3430	0.1766	-2.0000
-0.0977	0.0923	-2.0000
-0.3104	0.1905	-1.0000
-0.2375	0.2867	-2.0000
-0.3466	0.2482	-1.0000
-0.2737	0.2445	-3.0000
-0.2378	0.2624	-3.0000
-0.2426	0.1940	-2.0000
-0.2568	0.2727	0.0000
-0.2145	0.2710	-2.0000
-0.1581	0.1967	0.0000
-0.2164	0.2444	-1.0000
-0.2765	0.2746	-3.0000
-0.3478	0.2610	0.0000
-0.2419	0.2699	-3.0000
-0.3047	0.2395	-2.0000
-0.2442	0.2774	0.0000
-0.2189	0.2730	-1.0000
-0.3261	0.2151	-1.0000
-0.2489	0.2861	0.0000
-0.3786	0.1150	-1.0000
-0.1307	0.5485	0.0000
-0.2348	0.1100	0.0000
-0.2875	0.2740	-1.0000
-0.2346	0.3191	-1.0000
-0.2634	0.3254	-1.0000
-0.1788	0.2228	-1.0000
-0.0383	0.0811	0.0000
-0.2673	0.2661	-2.0000
-0.2638	0.2513	-1.0000
-0.1368	0.1706	0.0000
-0.2645	0.2789	-3.0000
-0.4052	-0.1017	-1.0000
-0.2508	0.2305	-2.0000
-0.2510	0.2900	-1.0000
-0.2180	0.2684	-3.0000
-0.2423	0.2943	-1.0000
-0.2252	0.2291	-3.0000
-0.2191	0.2639	0.0000
-0.2634	0.0404	0.0000
-0.2311	0.2718	-1.0000
-0.2337	0.2827	-1.0000
-0.2756	0.2924	-1.0000
-0.2203	0.2825	-1.0000
-0.2321	0.2244	-2.0000
-0.2722	0.2759	-1.0000
-0.2233	0.2686	-2.0000
-0.2544	0.2712	-1.0000
-0.2631	0.2776	-2.0000
-0.3099	0.2879	0.0000
-0.2193	0.2844	-1.0000
-0.2125	0.2814	-2.0000
-0.3048	0.2161	0.0000
-0.4543	0.1293	0.0000
-0.2524	0.3033	-1.0000
-0.2769	0.2298	-3.0000
-0.2364	0.2975	-2.0000
-0.3514	0.0723	-1.0000
-0.2773	0.2863	-3.0000
-0.3230	0.2477	-2.0000
-0.2498	0.2910	-2.0000
-0.3004	0.2408	-3.0000
-0.2696	0.2637	-3.0000
-0.3937	0.3159	-1.0000
-0.2590	0.2673	-3.0000
-0.2811	0.2576	-2.0000
-0.2988	0.2035	-1.0000
-0.2218	0.2428	-1.0000
-0.4397	0.1323	-1.0000
-0.2182	0.2570	-2.0000
-0.2507	0.2145	-1.0000
-0.2567	0.2959	-2.0000
-0.2078	0.2590	-2.0000
-0.2357	0.2100	0.0000
-0.2252	0.2637	-3.0000
-0.2718	0.2085	0.0000
-0.2509	0.3085	-2.0000
-0.2807	0.2588	-2.0000
-0.2230	0.2326	-2.0000
-0.2426	0.2894	-1.0000
-0.2178	0.2817	0.0000
-0.2628	0.2672	-2.0000
-0.2504	0.2931	-1.0000
-0.2186	0.2760	-2.0000
-0.2416	0.2746	-1.0000
-0.2405	0.2703	-2.0000
-0.2262	0.2590	-2.0000
-0.0947	0.0395	-1.0000
-0.2794	0.2835	-2.0000
-0.2527	0.2838	-2.0000
-0.2454	0.2936	-2.0000
-0.2659	0.2878	-1.0000
-0.2562	0.2797	-3.0000
-0.2598	0.2825	-2.0000
-0.3008	0.2621	-2.0000
-0.1058	0.1006	0.0000
-0.2298	0.2691	-2.0000
-0.2020	0.0003	0.0000
-0.2960	0.2723	-1.0000
-0.2129	0.2713	-2.0000
-0.2473	0.2801	-2.0000
-0.2496	0.1972	-1.0000
-0.4337	0.1305	0.0000
-0.2665	0.2974	0.0000
-0.3511	0.2141	-1.0000
-0.1700	0.2026	0.0000
-0.3472	0.2153	0.0000
-0.3045	0.2767	-1.0000
-0.2410	0.2920	-2.0000
-0.2422	0.2806	-2.0000
-0.2474	0.2545	-2.0000
-0.2493	0.2882	0.0000
-0.2182	0.2420	-2.0000
-0.2745	0.2334	-3.0000
-0.2630	0.2308	-3.0000
-0.3646	0.1107	-1.0000
-0.3272	0.2154	-1.0000
-0.1097	0.1464	-1.0000
-0.3585	-0.0370	0.0000
-0.2465	0.2632	-3.0000
-0.1522	0.1515	-1.0000
-0.2599	0.2500	-2.0000
-0.2751	0.2972	-2.0000
-0.2414	0.2530	-2.0000
-0.2450	0.2668	-2.0000
-0.3434	0.1930	-1.0000
-0.2429	-0.0013	0.0000
-0.2715	0.2749	-1.0000
-0.2528	0.2746	-1.0000
-0.2290	0.2686	-2.0000
-0.2590	0.2322	-1.0000
-0.2905	0.2251	-3.0000
-0.2084	0.2145	-1.0000
-0.2310	0.2462	-2.0000
-0.2568	0.2546	-3.0000
-0.1849	0.1167	0.0000
-0.0102	0.0300	-1.0000
-0.2687	0.1907	-1.0000
-0.2266	0.2639	-3.0000
-0.1534	0.1817	-1.0000
-0.1785	0.2248	0.0000
-0.2699	0.2472	-2.0000
-0.2529	0.2761	-3.0000
-0.3042	0.0899	-1.0000
-0.2366	0.2350	-3.0000
-0.2403	0.2681	-3.0000
-0.2681	0.1810	-2.0000
-0.4282	0.1452	0.0000
-0.2715	0.2230	-2.0000
-0.2424	0.2642	-3.0000
-0.2978	0.2722	-2.0000
-0.2282	0.2795	-3.0000
-0.2481	0.2187	-1.0000
-0.3441	0.0872	-1.0000
-0.2465	0.2853	-2.0000
-0.1621	0.0331	0.0000
-0.2683	0.2840	-2.0000
-0.2935	0.2304	0.0000
-0.2577	0.2307	-3.0000
-0.2396	0.0769	0.0000
-0.2458	0.2894	0.0000
-0.2869	0.2680	-2.0000
-0.2521	0.2789	-2.0000
-0.2784	0.2557	-3.0000
-0.4402	-0.0697	0.0000
-0.2518	0.2411	-3.0000
-0.2876	0.2534	-2.0000
-0.3105	0.1934	-2.0000
-0.2766	0.3206	-1.0000
-0.2421	0.2753	-2.0000
-0.2298	0.2609	-2.0000
-0.2604	0.3001	-1.0000
-0.2433	0.2010	0.0000
-0.2434	0.2913	-1.0000
-0.0914	0.0549	0.0000
-0.0328	0.1705	0.0000
-0.1952	0.2494	-1.0000
-0.2762	0.3229	-1.0000
-0.2344	0.2821	-2.0000
-0.2427	0.2760	-3.0000
-0.2565	0.2969	-2.0000
-0.2319	0.2758	0.0000
-0.2659	0.2953	-1.0000
-0.2052	0.1177	0.0000
-0.2380	0.2938	-2.0000
-0.2401	0.2320	-1.0000
-0.2191	0.3318	0.0000
-0.2866	0.2718	-2.0000
-0.2681	0.2982	-2.0000
-0.2491	0.3051	-1.0000
-0.3186	0.3166	-1.0000
-0.2585	0.2777	-1.0000
-0.2380	0.2856	-1.0000
-0.2526	0.2831	-2.0000
-0.3661	0.1178	-1.0000
-0.1052	0.1223	0.0000
-0.1087	0.0508	-1.0000
-0.2540	0.2596	-3.0000
-0.2526	0.2782	-1.0000
-0.2536	0.2875	-2.0000
-0.2107	0.2255	-1.0000
-0.2099	0.2655	-1.0000
-0.2611	0.2672	-1.0000
-0.2517	0.0406	0.0000
-0.2231	0.2761	-1.0000
-0.4432	0.0999	-1.0000
-0.4667	0.1268	0.0000
-0.2376	0.2851	-3.0000
-0.2246	0.2883	-1.0000
-0.1657	0.1947	0.0000
-0.4179	0.1848	0.0000
-0.2654	0.2885	-2.0000
-0.2318	0.2815	-2.0000
-0.2373	0.2393	-2.0000
-0.2490	0.2937	-2.0000
-0.2446	0.2883	-2.0000
-0.2725	0.3176	-1.0000
-0.3061	0.2678	-1.0000
-0.3467	0.1758	-1.0000
-0.2576	0.2935	-1.0000
-0.2633	0.2612	-2.0000
-0.2471	0.2768	-1.0000
-0.3545	0.1198	0.0000
-0.2175	0.2553	-3.0000
-0.2713	0.2383	-2.0000
-0.2402	0.2818	-2.0000
-0.3616	0.1765	-1.0000
-0.2597	0.2872	-3.0000
-0.2553	0.2715	-2.0000
-0.2628	0.2869	-2.0000
-0.2578	0.2881	-2.0000
-0.2495	0.2676	-1.0000
-0.2977	0.2964	-2.0000
-0.2731	0.2409	0.0000
-0.2544	0.2610	-2.0000
-0.2365	0.2530	-3.0000
-0.2666	0.2843	-2.0000
-0.2438	0.2515	-2.0000
-0.2145	0.2826	0.0000
-0.0272	0.1188	0.0000
-0.2051	0.2622	0.0000
-0.3603	0.0801	-1.0000
-0.2429	0.2856	-2.0000
-0.2843	0.2293	-1.0000
-0.3242	0.0610	0.0000
-0.2136	0.2813	-1.0000
-0.2549	0.2790	-3.0000
-0.4151	0.2735	0.0000
-0.2731	0.2714	-3.0000
-0.2391	0.2709	-3.0000
-0.2638	0.2831	-2.0000
-0.2027	-0.0128	0.0000
-0.3375	0.2233	0.0000
-0.1044	0.1830	0.0000
-0.2273	0.2756	-1.0000
-0.2360	0.2862	-1.0000
-0.2523	0.2561	-3.0000
-0.2451	0.2790	-2.0000
-0.2369	0.2788	-2.0000
-0.2705	0.2914	-1.0000
-0.0954	-0.0170	0.0000
-0.2227	0.2596	-2.0000
-0.2715	0.2988	-1.0000
-0.2477	0.2851	-2.0000
-0.2356	0.2719	-3.0000
-0.2821	0.2381	-2.0000
-0.2252	0.2795	-2.0000
-0.1524	0.2490	0.0000
-0.2709	0.2386	-2.0000
-0.2464	0.2817	-2.0000
-0.3123	0.2775	0.0000
-0.2258	0.2601	-2.0000
-0.2918	0.2555	-2.0000
-0.2380	0.2958	-2.0000
-0.2379	0.2602	-1.0000
-0.2485	0.2919	-2.0000
-0.3032	0.1680	-2.0000
-0.2791	0.2715	-2.0000
-0.2541	0.2733	-3.0000
-0.2648	0.2570	-2.0000
-0.2380	0.2580	-2.0000
-0.2324	0.1868	-1.0000
-0.2520	0.2757	-3.0000
-0.2542	0.2423	-1.0000
-0.2418	0.2621	-1.0000
-0.2137	0.2687	-1.0000
-0.2728	0.3136	-1.0000
-0.2612	0.2665	-1.0000
-0.2547	0.2370	-3.0000
-0.2856	0.2812	-2.0000
-0.2361	0.2832	-3.0000
-0.4129	0.0414	0.0000
-0.3289	0.2125	-2.0000
-0.2476	0.1807	0.0000
-0.2761	0.2603	-1.0000
-0.2422	0.3002	-1.0000
-0.2700	0.2783	-1.0000
-0.3228	0.2036	-2.0000
-0.2634	0.2988	-2.0000
-0.2775	0.2887	-1.0000
-0.2794	0.2958	-1.0000
-0.2585	0.2294	-2.0000
-0.2654	0.2744	-2.0000
-0.2078	0.2440	-1.0000
-0.2667	0.2901	-2.0000
-0.2537	0.2968	-1.0000
-0.2364	0.2645	-2.0000
-0.2692	0.2923	-1.0000
-0.2651	0.2925	-2.0000
-0.2709	0.2431	-3.0000
-0.2840	0.2739	-1.0000
-0.2983	0.2847	-1.0000
-0.2796	0.2905	-2.0000
-0.2956	0.0712	0.0000
-0.2535	0.2770	-1.0000
-0.2139	0.2743	-2.0000
-0.4274	0.1081	0.0000
-0.3102	0.3415	0.0000
-0.2404	0.2679	-2.0000
-0.2510	0.2933	-1.0000
-0.1970	0.1562	0.0000
-0.2265	0.2622	-1.0000
-0.2376	0.2844	0.0000
-0.2940	0.2522	-2.0000
-0.2592	0.2603	-2.0000
-0.4046	0.0653	0.0000
-0.2512	0.2809	-2.0000
-0.1849	0.2253	-1.0000
-0.3581	0.1784	0.0000
-0.2441	0.2142	0.0000
-0.2309	0.2582	-2.0000
-0.2936	0.2205	-3.0000
-0.0878	0.0667	0.0000
-0.3243	0.1464	-2.0000
-0.3585	0.1489	0.0000
-0.0380	0.0410	0.0000
-0.5741	-0.4757	0.0000
-0.5630	-0.4288	0.0000
-0.2450	0.2515	-1.0000
-0.2439	0.2346	-3.0000
-0.1170	0.0933	0.0000
-0.3718	0.1293	-1.0000
-0.2541	0.2807	-2.0000
-0.2352	0.2477	-1.0000
-0.2601	0.2215	-2.0000
-0.2464	0.2732	-3.0000
-0.2271	0.2301	-1.0000
-0.3868	0.0383	0.0000
-0.2056	0.2423	0.0000
-0.2364	0.2665	-3.0000
-0.2303	0.2820	-3.0000
-0.2722	0.0752	0.0000
-0.2222	0.2389	-1.0000
-0.2538	0.2570	-2.0000
-0.2432	0.2179	-2.0000
-0.2046	0.2660	-2.0000
-0.2300	0.2574	-1.0000
-0.1838	0.2379	0.0000
-0.0100	0.0415	0.0000
-0.2226	0.2391	-2.0000
-0.2159	0.1513	0.0000
-0.2395	0.2709	-2.0000
-0.2354	0.2570	-3.0000
-0.3391	0.2288	0.0000
-0.2376	0.2635	-2.0000
-0.1495	0.1701	0.0000
-0.2864	0.2290	-1.0000
-0.4351	0.0640	0.0000
-0.3136	0.2047	-2.0000
-0.2672	0.2449	-3.0000
-0.2406	0.2351	-2.0000
-0.2208	0.2560	-2.0000
-0.1937	0.2255	-1.0000
-0.2929	0.1702	-2.0000
-0.2765	0.1171	-1.0000
-0.1990	0.2540	0.0000
-0.3268	0.1786	0.0000
-0.2752	0.2586	-1.0000
-0.2519	0.2263	-2.0000
-0.2575	0.2848	-2.0000
-0.2170	0.2736	-2.0000
-0.3238	0.2725	-1.0000
-0.1741	0.1719	-1.0000
-0.2151	0.2724	-2.0000
-0.1865	0.2741	-1.0000
-0.2576	0.2283	-2.0000
-0.2771	0.1922	-1.0000
-0.4030	0.1537	0.0000
-0.2655	0.3285	0.0000
-0.3090	0.2085	-2.0000
-0.2209	0.2697	-3.0000
-0.2481	0.2143	-2.0000
-0.2880	0.1203	0.0000
-0.1977	0.2346	0.0000
-0.2935	0.1790	-3.0000
-0.1208	0.1516	0.0000
-0.2044	0.2366	0.0000
-0.2404	0.2640	-3.0000
-0.2865	0.3221	-1.0000
-0.3090	0.2177	-3.0000
-0.2155	0.2811	-1.0000
-0.2181	0.2769	-2.0000
-0.2340	0.2591	0.0000
-0.2459	0.3597	-1.0000
-0.2367	0.3000	-3.0000
-0.2022	0.2480	-1.0000
-0.2285	0.2652	-1.0000
-0.1991	0.2539	-1.0000
-0.2641	0.2992	-1.0000
-0.2359	0.2639	-2.0000
-0.2891	0.2656	-1.0000
-0.2150	0.2757	-2.0000
-0.2821	0.2810	-2.0000
-0.2879	0.2441	-2.0000
-0.2665	0.1845	-3.0000
-0.3390	0.1466	-2.0000
-0.2698	0.2857	-3.0000
-0.2586	0.2933	-2.0000
-0.2197	0.2511	-2.0000
-0.2572	0.2907	-2.0000
-0.2437	0.3032	-2.0000
-0.2387	0.2514	-2.0000
-0.2335	0.2744	-3.0000
-0.1854	0.2673	0.0000
-0.1538	0.1428	0.0000
-0.4502	0.1729	-1.0000
-0.3110	0.1850	-2.0000
-0.2855	0.2407	-3.0000
-0.0274	-0.0392	0.0000
-0.1920	0.2060	0.0000
-0.2608	0.1724	0.0000
-0.2994	0.2666	-1.0000
-0.2508	0.2903	-2.0000
-0.2821	0.2202	-3.0000
-0.2412	0.3053	-2.0000
-0.2652	0.2788	-1.0000
-0.2809	0.3586	0.0000
-0.2279	0.2722	-3.0000
-0.2527	0.2711	-3.0000
-0.2196	0.2722	-2.0000
-0.2195	0.2624	-3.0000
-0.2528	0.2846	-1.0000
-0.2106	0.2612	-2.0000
-0.2411	0.2689	-2.0000
-0.2811	0.2921	-2.0000
-0.2521	0.2880	-1.0000
-0.4381	0.1081	-1.0000
-0.3061	0.2422	-2.0000
-0.2537	0.2978	-2.0000
-0.2487	0.2904	0.0000
-0.2518	0.2759	-2.0000
-0.4259	0.1577	0.0000
-0.2565	0.2502	-3.0000
-0.2811	0.2584	-2.0000
-0.2474	0.2578	-1.0000
-0.2046	0.2781	-1.0000
-0.2130	0.2578	-1.0000
-0.4025	0.0444	0.0000
-0.2196	0.2718	-2.0000
-0.3994	-0.0228	0.0000
-0.2123	0.2034	-1.0000
-0.2532	0.2826	-3.0000
-0.2993	0.1833	-2.0000
-0.2207	0.2724	-2.0000
-0.2353	0.2850	-3.0000
-0.2103	0.2334	-2.0000
-0.2972	0.2031	-2.0000
-0.2242	0.2747	-3.0000
-0.2965	0.2547	-2.0000
-0.0948	0.1458	-1.0000
-0.5232	0.2278	0.0000
-0.2384	0.2439	-2.0000
-0.3109	0.2090	-1.0000
-0.2867	0.3144	-1.0000
-0.4550	0.1789	0.0000
-0.2310	0.2677	-3.0000
-0.3066	0.1950	-3.0000
-0.2430	0.2416	-2.0000
-0.1967	0.2621	-1.0000
-0.2418	0.3010	-2.0000
-0.2655	0.3084	0.0000
-0.0455	0.0093	0.0000
-0.3107	0.2509	-1.0000
-0.1298	0.3010	0.0000
-0.2450	0.2947	-2.0000
-0.2828	0.2392	-2.0000
-0.2547	0.2302	-1.0000
-0.2267	0.2619	-2.0000
-0.2144	0.2777	-2.0000
-0.2360	0.2860	-2.0000
-0.3084	0.1918	-1.0000
-0.2793	0.2757	-2.0000
-0.2721	0.2534	-2.0000
-0.3324	0.2295	0.0000
-0.2427	0.2695	-1.0000
-0.2513	0.2607	-3.0000
-0.1806	0.1130	0.0000
-0.2821	0.2548	-3.0000
-0.3288	0.1748	-2.0000
-0.2788	0.2637	-2.0000
-0.2657	0.2519	-3.0000
-0.2041	0.2413	-1.0000
-0.3084	0.1186	0.0000
-0.2782	0.1921	-1.0000
-0.2366	0.2180	0.0000
-0.2076	0.2621	-2.0000
-0.3068	0.2403	-1.0000
-0.2521	0.2521	-2.0000
-0.2332	0.2630	-3.0000
-0.2620	0.2709	-3.0000
-0.1968	0.2506	0.0000
-0.3117	0.2678	-1.0000
-0.1449	0.1328	-2.0000
-0.3173	0.1952	-3.0000
-0.2731	0.1986	-2.0000
-0.2357	0.2655	-3.0000
-0.2038	0.2553	-1.0000
-0.2646	0.2816	-3.0000
-0.2831	0.2835	-2.0000
-0.2453	0.2895	-2.0000
-0.2801	0.2726	-1.0000
-0.3226	0.1996	-2.0000
-0.2554	0.1876	-1.0000
-0.2027	-0.0115	0.0000
-0.2437	0.2781	-3.0000
-0.2484	0.3084	-2.0000
-0.2611	0.2955	-3.0000
-0.2544	0.2859	-2.0000
-0.1226	0.1346	-1.0000
-0.2833	0.2297	-3.0000
-0.3905	0.1083	0.0000
-0.2067	0.2685	-2.0000
-0.2752	0.2493	-3.0000
-0.3259	0.2319	-2.0000
-0.1973	0.2855	0.0000
-0.2291	0.2618	-3.0000
-0.3358	0.2446	-2.0000
-0.2764	0.2773	0.0000
-0.2474	0.1915	-2.0000
-0.3816	0.2025	-1.0000
-0.1956	0.1202	-1.0000
-0.1373	0.0301	0.0000
-0.2466	0.2865	-1.0000
-0.2954	0.2592	-2.0000
-0.2234	0.2706	-3.0000
-0.3140	0.3152	0.0000
-0.3068	0.2355	-2.0000
-0.4474	0.0690	0.0000
-0.3284	0.1723	-1.0000
-0.2838	0.2063	-2.0000
-0.2361	0.2544	-3.0000
-0.2680	0.2383	-3.0000
-0.3208	0.2039	-2.0000
-0.3429	0.1427	-2.0000
-0.3238	0.1676	-2.0000
-0.3227	0.1331	-1.0000
-0.3292	0.1649	-1.0000
-0.2862	0.2639	-2.0000
-0.4725	-0.3547	0.0000
-0.2472	0.2509	-2.0000
-0.2496	0.2153	-2.0000
-0.3279	0.1611	-2.0000
-0.2936	0.2438	-2.0000
-0.4484	0.1872	0.0000
-0.2784	0.1990	-2.0000
-0.2405	0.2604	-2.0000
-0.2159	0.2634	-3.0000
-0.3049	-0.0130	0.0000
-0.0414	-0.0100	0.0000
-0.2218	0.1882	-1.0000
-0.2320	0.2501	-2.0000
-0.3223	0.1463	-1.0000
-0.2706	0.1765	-1.0000
-0.2742	0.2290	-2.0000
-0.2296	0.2620	-2.0000
-0.2841	0.1365	-2.0000
-0.2223	0.2507	0.0000
-0.2580	0.2003	-2.0000
-0.2473	0.2277	-1.0000
-0.2333	-0.0124	0.0000
-0.1294	0.1583	0.0000
-0.2760	0.2689	-1.0000
-0.2736	0.2960	-1.0000
-0.3574	-0.1581	0.0000
-0.2787	0.2348	-2.0000
-0.3196	0.2250	-2.0000
-0.3041	0.1516	-2.0000
-0.2577	0.2877	-1.0000
-0.0079	0.0897	0.0000
-0.2983	0.2284	-3.0000
-0.2766	0.2320	-2.0000
-0.2313	0.2231	-1.0000
-0.2223	0.2475	-1.0000
-0.2306	0.2282	-3.0000
-0.2382	0.0221	0.0000
-0.2376	0.1840	0.0000
-0.3104	0.2717	-1.0000
-0.3490	0.1822	0.0000
-0.2171	0.2597	-2.0000
-0.3092	0.2377	-1.0000
-0.2317	0.2675	-1.0000
-0.2578	0.2329	-1.0000
-0.4002	0.0747	0.0000
-0.0337	0.1308	0.0000
-0.2591	0.2458	-2.0000
-0.2666	0.2232	-3.0000
-0.2673	0.2083	-2.0000
-0.3085	0.1370	-2.0000
-0.2295	0.2753	-2.0000
-0.3484	0.2268	-1.0000
-0.2821	0.2379	-3.0000
-0.3084	0.2079	-1.0000
-0.2495	0.2389	-2.0000
-0.2371	0.1459	0.0000
-0.2653	0.2745	-3.0000
-0.2347	0.1901	-2.0000
-0.1552	0.1708	-1.0000
-0.3440	0.1441	-1.0000
-0.2650	0.2753	-2.0000
-0.2244	0.2725	-3.0000
-0.3864	0.2349	-1.0000
-0.2432	0.2143	-1.0000
-0.2960	0.2415	0.0000
-0.0161	0.0355	0.0000
-0.2321	0.2564	-2.0000
-0.3025	0.2091	-3.0000
-0.2472	0.3371	-1.0000
-0.2043	0.3148	0.0000
-0.2637	0.2743	-1.0000
-0.2223	0.2801	-1.0000
-0.2897	0.2636	-3.0000
-0.3733	0.2615	0.0000
-0.2173	0.2699	-1.0000
-0.2231	0.2648	-3.0000
-0.2408	0.1798	-2.0000
-0.3390	0.1630	-2.0000
-0.2442	0.2903	-2.0000
-0.2845	0.2424	-2.0000
-0.2954	0.2015	-2.0000
-0.2451	0.2630	-1.0000
-0.2840	0.2651	-1.0000
-0.2394	0.2626	-2.0000
-0.2468	0.1858	-2.0000
-0.2708	0.2080	-1.0000
-0.2318	0.2937	-1.0000
-0.2177	0.2612	0.0000
-0.2711	0.2545	-3.0000
-0.2893	0.2137	-2.0000
-0.1110	0.1666	0.0000
-0.2074	0.2476	-1.0000
-0.1449	0.1153	-1.0000
-0.3204	0.1572	0.0000
-0.2485	0.2300	-2.0000
-0.2489	0.2692	-2.0000
-0.2648	0.2856	-1.0000
-0.2657	0.2715	-1.0000
-0.2309	0.2906	-2.0000
-0.2839	0.2187	-1.0000
-0.2505	0.3049	-1.0000
-0.3564	0.0671	0.0000
-0.2312	0.2458	-1.0000
-0.2805	0.2762	-2.0000
-0.2194	0.2858	-2.0000
-0.2545	0.2896	-2.0000
-0.4139	0.1237	0.0000
-0.1221	0.2098	0.0000
-0.4765	0.1142	-1.0000
-0.2696	0.2719	-2.0000
-0.2968	0.2215	-3.0000
-0.2327	0.2765	-1.0000
-0.3097	0.2173	-2.0000
-0.3514	0.1327	0.0000
-0.0730	0.1497	0.0000
-0.2914	0.2483	-2.0000
-0.2794	0.2102	-3.0000
-0.2275	0.2604	-2.0000
-0.2489	0.2140	-1.0000
-0.2863	0.2196	-1.0000
-0.2594	0.2455	-1.0000
-0.2763	0.1775	-2.0000
-0.2612	0.2451	0.0000
-0.2314	0.2935	-2.0000
-0.3391	-0.0549	0.0000
-0.0392	0.1271	0.0000
-0.2762	0.2961	-1.0000
-0.2208	0.2546	0.0000
-0.3340	0.2265	0.0000
-0.4270	0.2321	0.0000
-0.2191	0.2531	-3.0000
-0.1657	0.2358	-1.0000
-0.3048	0.1675	-2.0000
-0.1463	0.1547	0.0000
-0.3412	0.2146	-2.0000
-0.3077	0.2611	-2.0000
-0.2645	0.2967	-1.0000
-0.2266	0.2408	-1.0000
-0.2269	0.2719	-1.0000
-0.2538	0.2554	-1.0000
-0.2393	0.2569	-1.0000
-0.2000	0.2126	0.0000
-0.2894	0.2283	-1.0000
-0.2373	0.2649	-1.0000
-0.2688	0.2723	-3.0000
-0.2403	0.2244	-3.0000
-0.2519	0.2750	-1.0000
-0.2380	0.2774	-1.0000
-0.2214	0.2922	0.0000
-0.2455	0.2414	-1.0000
-0.2569	0.2830	-3.0000
-0.2400	0.2563	-2.0000
-0.3097	0.2212	0.0000
-0.3888	0.1527	0.0000
-0.2599	0.2633	-3.0000
-0.3083	0.2339	-2.0000
-0.2769	0.2720	-2.0000
-0.2680	0.1907	-3.0000
-0.2583	0.2328	-2.0000
-0.4024	-0.1449	0.0000
-0.2792	0.2431	-3.0000
-0.2696	0.2842	-1.0000
-0.4555	0.0438	0.0000
-0.1906	0.2494	-2.0000
-0.1480	0.1468	0.0000
-0.2498	0.2050	-3.0000
-0.1933	0.0292	0.0000
-0.2582	0.1685	-1.0000
-0.2634	0.2364	-3.0000
-0.3001	0.1623	-1.0000
-0.2457	0.2587	-3.0000
-0.2574	0.2807	-2.0000
-0.2213	0.2707	-1.0000
-0.2623	0.2189	-2.0000
-0.2684	0.3083	0.0000
-0.3066	0.2115	-2.0000
-0.2706	0.2676	-3.0000
-0.2358	0.2376	-2.0000
-0.2289	0.2880	-1.0000
-0.2489	0.3038	-1.0000
-0.2786	0.2152	0.0000
-0.1805	0.1787	-1.0000
-0.3028	0.2527	-2.0000
-0.2375	0.2471	-3.0000
-0.2581	0.2307	-2.0000
-0.2258	0.0612	0.0000
-0.2735	0.2534	-3.0000
-0.2533	0.2898	-1.0000
-0.3496	0.2049	-2.0000
-0.3551	0.2060	-1.0000
-0.2467	0.2906	0.0000
-0.2898	0.1847	-2.0000
-0.4287	0.1501	0.0000
-0.3221	0.0687	0.0000
-0.4439	0.0630	0.0000
-0.2528	0.2077	-2.0000
-0.2197	0.2348	-2.0000
-0.2513	0.2760	-2.0000
-0.3209	0.1191	-1.0000
-0.2395	0.2950	-1.0000
-0.2594	0.2540	-1.0000
-0.3273	0.2060	-2.0000
-0.2157	0.2564	-2.0000
-0.1823	0.1981	-1.0000
-0.2780	0.2702	-1.0000
-0.2815	0.2869	-1.0000
-0.2867	0.3388	0.0000
-0.2806	0.2610	-1.0000
-0.0093	0.0604	0.0000
-0.2339	0.2688	-3.0000
-0.2806	0.2251	-1.0000
-0.2552	0.2992	-2.0000
-0.2671	0.2531	-1.0000
-0.3037	0.0967	0.0000
-0.3410	0.1307	-2.0000
-0.4085	-0.1155	0.0000
-0.3055	0.1960	-1.0000
-0.2456	0.2720	-3.0000
-0.2576	0.1485	0.0000
-0.1646	0.2324	0.0000
-0.2331	0.2198	-2.0000
-0.2324	0.2550	-2.0000
-0.2156	0.2784	-1.0000
-0.3494	0.1652	-1.0000
-0.3194	0.1056	-1.0000
-0.2404	0.2424	-3.0000
-0.1158	0.1057	-1.0000
-0.1996	0.2292	-1.0000
-0.3621	0.1543	0.0000
-0.2590	0.2903	-2.0000
-0.3077	0.2489	-2.0000
-0.2549	0.1835	-1.0000
-0.2790	0.2756	-2.0000
-0.0965	-0.0705	0.0000
-0.2584	0.2975	-2.0000
-0.2315	0.2826	0.0000
-0.2760	0.2511	-2.0000
-0.2772	0.3037	-2.0000
-0.0238	0.1430	0.0000
-0.0891	0.0257	-1.0000
-0.2209	0.1996	-2.0000
-0.2768	0.2771	-1.0000
-0.3204	0.1655	-2.0000
-0.2480	0.1920	-1.0000
-0.2599	0.2437	-3.0000
-0.3420	0.1362	-1.0000
-0.2999	0.2046	-3.0000
-0.2869	-0.0365	0.0000
-0.2140	0.2609	-2.0000
-0.3188	0.3542	0.0000
-0.2557	0.2621	-3.0000
-0.2341	0.2660	-1.0000
-0.2595	0.2434	-1.0000
-0.2887	0.2521	-3.0000
-0.3877	0.0524	0.0000
-0.2186	0.2547	-2.0000
-0.3553	0.0949	0.0000
-0.2091	-0.0254	0.0000
-0.2392	0.2642	-3.0000
-0.3851	0.2456	0.0000
-0.2570	0.2648	-3.0000
-0.2538	0.2634	-1.0000
-0.2641	0.2699	-3.0000
-0.3682	0.1632	-1.0000
-0.3228	0.1327	-2.0000
-0.2746	0.1727	0.0000
-0.2326	0.2400	-2.0000
-0.2463	0.2294	-1.0000
-0.2794	0.2247	-3.0000
-0.3109	0.1767	-2.0000
-0.3175	0.1668	-1.0000
-0.2823	0.2438	-2.0000
-0.3357	0.1179	-2.0000
-0.1228	0.1385	-1.0000
-0.2073	0.2050	0.0000
-0.2002	0.2370	-1.0000
-0.2502	0.1651	-1.0000
-0.3334	0.0291	0.0000
-0.4834	0.1327	0.0000
0.0130	-0.0002	0.0000
-0.2832	0.2500	-2.0000
-0.2217	0.2803	-2.0000
-0.3113	0.1318	-1.0000
-0.2979	0.1473	-1.0000
-0.2559	0.2647	-3.0000
-0.2445	0.2705	-3.0000
-0.2244	0.2769	-2.0000
-0.3027	0.1385	-1.0000
-0.2871	0.1490	-2.0000
-0.0098	0.0396	0.0000
-0.3519	0.1871	-1.0000
-0.3510	0.1305	-1.0000
-0.4234	0.0955	0.0000
-0.2720	0.2505	-1.0000
-0.2846	0.2834	-1.0000
-0.2541	0.2295	0.0000
-0.2616	0.2496	-3.0000
-0.3815	0.1638	-1.0000
-0.3216	0.1338	-2.0000
-0.0065	0.0397	0.0000
-0.3399	0.1357	-1.0000
-0.2607	0.2702	0.0000
-0.4441	0.0513	-1.0000
-0.2580	0.2071	-2.0000
-0.2500	0.3038	-1.0000
-0.2355	0.3003	-2.0000
-0.3219	0.1213	-2.0000
-0.2578	0.3169	0.0000
-0.3136	0.1191	-1.0000
-0.3391	0.1262	-2.0000
-0.2375	0.2168	-2.0000
-0.3264	0.1779	-1.0000
-0.2804	0.2088	-1.0000
-0.2441	0.2750	-2.0000
-0.2405	0.2893	-2.0000
-0.2584	0.3150	-1.0000
-0.4084	0.2115	-1.0000
-0.0176	0.0392	0.0000
-0.3393	0.1379	-1.0000
-0.3167	0.1066	-3.0000
-0.2172	0.2774	-3.0000
-0.3646	0.1300	-1.0000
-0.1577	0.1785	-1.0000
-0.2474	0.2539	-3.0000
-0.2289	0.2553	-1.0000
-0.2706	0.2885	-1.0000
-0.3178	0.0837	-1.0000
-0.2424	0.2465	-3.0000
-0.2388	0.1115	-1.0000
-0.2778	0.2173	-3.0000
-0.3964	0.0895	0.0000
-0.2379	0.2492	-3.0000
-0.2181	0.2309	-1.0000
-0.3724	0.1206	-1.0000
-0.3448	0.1505	0.0000
-0.2638	0.2637	-3.0000
-0.3746	0.3571	0.0000
-0.3198	0.1554	-1.0000
-0.3444	0.1129	0.0000
-0.2549	0.3039	-1.0000
-0.2942	0.2009	-3.0000
-0.2431	0.2731	-3.0000
-0.3502	0.1307	-3.0000
-0.0118	0.0469	0.0000
-0.2402	0.2866	-3.0000
-0.3423	0.1934	-1.0000
-0.3330	0.1666	-3.0000
-0.5058	0.1539	0.0000
-0.3162	0.0821	-1.0000
-0.3517	0.1420	-1.0000
-0.3143	0.0925	-3.0000
-0.2543	0.3038	-1.0000
-0.2124	0.2535	-3.0000
-0.3381	0.0306	0.0000
-0.3229	0.1890	-3.0000
-0.3309	0.1522	0.0000
-0.0638	0.0734	0.0000
-0.0868	0.1811	0.0000
-0.2482	0.2645	-3.0000
-0.2532	0.2179	-1.0000
-0.3127	0.2161	-3.0000
-0.2982	0.2237	-3.0000
-0.3155	0.1963	-1.0000
-0.3385	0.1207	-3.0000
-0.3172	0.1617	-3.0000
-0.0871	0.0129	0.0000
-0.3286	0.1297	-1.0000
-0.2627	0.2590	-3.0000
-0.2522	0.2928	-1.0000
-0.2502	0.2561	-3.0000
-0.3387	0.1414	-3.0000
-0.3606	0.1359	-3.0000
-0.2779	0.2095	-3.0000
