0.6309	-0.7274	-1.0000
0.1237	-0.2834	0.0000
0.8715	0.0907	0.0000
0.4308	-0.6470	-2.0000
-0.1810	-0.1409	0.0000
0.4324	0.1617	0.0000
0.5385	-0.7950	-1.0000
0.6358	-0.9676	0.0000
0.7195	-1.2513	0.0000
1.0159	-0.8344	0.0000
0.4273	-0.6069	-2.0000
0.9472	-0.5633	0.0000
0.3720	-0.5617	-2.0000
0.6070	-0.3112	-1.0000
1.0787	0.1760	0.0000
1.0161	0.0355	0.0000
1.0762	-0.3592	0.0000
0.4599	0.1310	0.0000
0.8933	0.2298	0.0000
0.5203	-0.7094	-2.0000
-0.1483	-0.1844	0.0000
0.1528	-0.3453	0.0000
0.0335	0.0514	-1.0000
-0.2490	-0.2150	0.0000
-0.2429	0.0079	0.0000
0.5354	-0.5065	-1.0000
0.7452	-0.3970	0.0000
0.7474	0.4867	0.0000
0.4424	-0.5781	-1.0000
0.0699	-0.0635	0.0000
0.4757	-0.4682	-1.0000
0.6891	-0.6064	-1.0000
0.6489	-0.3038	0.0000
0.7728	-0.0318	0.0000
0.5003	-0.2064	-1.0000
-0.0121	-0.3670	-1.0000
0.7055	-0.5513	0.0000
0.5970	-0.5142	-1.0000
0.4882	-0.6900	-1.0000
0.3213	-0.6403	-1.0000
0.7592	-0.0371	-1.0000
0.5620	-0.7234	0.0000
0.1676	-0.4899	0.0000
0.5366	-0.7186	0.0000
0.5574	-0.6706	-1.0000
0.5009	-0.8676	-1.0000
1.0601	-0.9971	0.0000
0.3980	-0.6932	-1.0000
0.0445	0.0449	0.0000
0.7311	-0.8412	0.0000
0.2522	-0.4446	-1.0000
0.5182	-0.5840	-1.0000
0.1500	0.0022	-1.0000
0.6619	-0.9894	-1.0000
0.5290	-0.6988	-1.0000
0.9365	-0.9604	-1.0000
0.8844	-0.6782	0.0000
1.1352	-0.1946	0.0000
0.5509	-0.6946	-2.0000
0.1983	-0.3122	0.0000
1.3481	-0.5707	0.0000
1.0325	-0.7863	0.0000
0.8012	-0.9268	0.0000
0.6784	-0.7946	-1.0000
1.0015	-0.8824	0.0000
0.6385	-0.7606	-1.0000
0.7396	-0.2447	-1.0000
0.3485	-0.5034	-2.0000
0.6195	-0.5476	-2.0000
0.4692	-0.5919	-3.0000
0.1537	-0.0897	0.0000
0.6623	-0.4954	-2.0000
0.8683	0.1526	0.0000
0.8516	-0.0145	-1.0000
0.1834	-0.2938	0.0000
0.9830	-0.1369	-1.0000
0.9196	0.3455	0.0000
0.6331	-0.6789	-1.0000
0.4578	-0.5224	-3.0000
0.5205	-0.6892	-3.0000
1.0954	0.0814	0.0000
0.9504	0.2052	0.0000
0.9101	0.2150	0.0000
0.5095	-0.4492	-2.0000
0.7238	-0.2399	0.0000
0.3321	-0.5491	-2.0000
-0.0043	-0.0897	0.0000
-0.0075	-0.0955	0.0000
0.6242	-0.6054	-2.0000
0.6379	-0.7586	-2.0000
0.0029	0.0345	0.0000
0.3306	-0.4702	0.0000
0.1021	-0.2774	-1.0000
0.4165	-0.3378	-2.0000
0.4170	-0.6952	-2.0000
-0.0345	-0.0660	0.0000
-0.1554	-0.0667	0.0000
0.5503	-0.5908	0.0000
0.2196	-0.3279	0.0000
0.0748	-0.3938	-1.0000
1.1482	-0.3972	0.0000
0.1079	-0.0681	-1.0000
0.7463	-0.4617	0.0000
0.7384	-0.5173	-1.0000
0.1510	-0.0162	-1.0000
1.0434	0.1054	0.0000
0.9107	-0.3736	0.0000
0.7013	-0.4202	-1.0000
0.4807	-0.7060	-2.0000
0.7089	-0.3119	0.0000
0.5139	-0.6020	-2.0000
0.4171	-0.5420	-2.0000
0.3614	-0.5249	-1.0000
0.5839	-0.8313	-1.0000
-0.0275	-0.2561	0.0000
0.8004	-0.4647	0.0000
0.6196	-0.5661	-1.0000
0.5547	-0.5183	-3.0000
0.9238	0.6395	0.0000
0.3549	-0.5105	0.0000
0.8568	-0.5783	0.0000
0.6668	-0.7012	-1.0000
0.4616	-0.5870	-1.0000
0.7166	-0.5114	0.0000
0.5113	-0.5734	-3.0000
0.4983	-0.6851	-3.0000
0.9166	-0.0260	0.0000
0.5483	-0.6978	-2.0000
0.3792	-0.6466	-1.0000
0.4967	-0.7002	-3.0000
0.8155	-0.4101	-1.0000
0.3296	-0.5108	-1.0000
0.4133	-0.0132	0.0000
0.5769	-0.6927	-2.0000
0.2318	-0.6418	-1.0000
0.2972	-0.5330	-2.0000
0.5028	-0.6205	-2.0000
0.4864	-0.5796	-1.0000
0.4346	-0.4793	-2.0000
0.4848	0.0353	0.0000
0.2528	-0.0684	0.0000
0.6991	-0.0376	0.0000
0.6101	-0.6652	-1.0000
0.3888	-0.5901	-2.0000
0.6251	-0.5509	-1.0000
0.8086	-0.6216	-1.0000
0.3623	-0.5472	-1.0000
0.5109	-0.6752	-2.0000
0.0502	-0.0245	0.0000
0.6656	-0.6890	0.0000
0.7015	-0.5076	-1.0000
0.7526	-0.8478	0.0000
0.5716	-0.5534	-1.0000
-0.0684	0.0344	0.0000
0.1697	-0.4368	0.0000
1.1476	-0.6806	-1.0000
0.7975	-0.4270	-1.0000
0.3500	-0.6118	-2.0000
1.3980	-0.0273	0.0000
0.5567	-0.4675	0.0000
-0.2368	0.0598	0.0000
0.3404	-0.4514	-1.0000
0.0963	-0.4120	-1.0000
-0.0264	-0.1771	0.0000
1.0361	-0.4799	0.0000
0.6711	-0.7798	0.0000
0.5904	-0.7714	-3.0000
0.9453	-0.6144	0.0000
0.3744	-0.6438	-2.0000
0.6391	-0.6354	0.0000
0.2318	-0.7039	0.0000
0.4457	-0.6318	0.0000
0.4797	-0.5734	-3.0000
0.7616	-0.9464	0.0000
0.1023	-0.3579	-1.0000
0.5821	-0.7713	-2.0000
0.6060	-0.7571	-1.0000
1.1245	-1.2464	0.0000
0.6397	-0.8503	0.0000
0.4682	-0.4642	-2.0000
0.5990	-1.1589	0.0000
0.2321	-0.6648	0.0000
0.5300	-0.6169	0.0000
0.5205	-0.8005	-2.0000
0.4163	-0.7756	-1.0000
1.2990	-0.5979	0.0000
1.2446	-0.0233	0.0000
0.6889	-0.8382	0.0000
0.6349	-0.5630	-2.0000
0.4468	-0.5054	-2.0000
1.0199	-0.0586	0.0000
1.1943	-0.9868	0.0000
0.6897	-0.8468	-1.0000
0.6888	-0.8904	-1.0000
0.9639	0.2402	0.0000
0.3310	-0.2213	0.0000
-0.0397	-0.0943	0.0000
0.2916	-0.5833	-2.0000
0.3628	-0.4685	0.0000
0.2027	-0.2898	-1.0000
1.2874	-0.3707	0.0000
0.8220	-0.8306	0.0000
0.5537	-0.6822	-2.0000
0.4177	-0.6666	-2.0000
0.0673	-0.0900	-1.0000
0.7899	-0.1853	0.0000
0.8442	-0.2977	0.0000
0.5718	-0.6719	-2.0000
0.5836	-0.7518	-2.0000
0.9330	-0.2561	-1.0000
0.1361	-0.4406	-1.0000
0.6734	-0.5219	0.0000
0.5096	-0.7513	-1.0000
0.5491	-0.7892	-1.0000
0.9422	-0.3411	0.0000
0.7151	-0.8329	0.0000
0.4810	-1.3021	0.0000
0.4549	-0.6828	-1.0000
0.6522	-0.7881	0.0000
0.5941	-0.8061	-2.0000
0.2399	-0.2111	0.0000
0.8257	-1.1393	-1.0000
0.6366	-0.8857	-1.0000
0.4687	-0.6677	-2.0000
0.7898	-0.5735	0.0000
0.2666	-0.6170	0.0000
0.7277	-0.6172	0.0000
0.7283	-0.2860	0.0000
0.6193	-0.9811	-1.0000
0.4815	-0.8840	0.0000
1.4091	-0.5356	0.0000
-0.0589	-0.0256	0.0000
0.9814	-0.6565	0.0000
0.6102	-0.5284	-2.0000
0.3472	-0.6343	-3.0000
1.0149	-0.0695	0.0000
-0.1514	-0.1438	0.0000
0.8446	-0.9389	0.0000
0.5564	-0.7506	-1.0000
0.6051	-0.5976	-2.0000
0.4712	-0.6449	-1.0000
0.4629	-0.6444	0.0000
0.6808	-0.5929	-1.0000
0.3610	-0.5696	-3.0000
0.0643	-0.3542	0.0000
1.0659	-0.5704	0.0000
1.0019	-0.5949	0.0000
0.5597	-0.5941	-1.0000
0.5904	-0.6864	-3.0000
0.0706	-0.0651	0.0000
-0.0047	-0.1359	0.0000
1.0409	-0.7881	0.0000
1.2229	-0.6110	0.0000
0.6182	-0.4944	-2.0000
0.5602	-0.6740	-2.0000
0.2594	-0.5397	-1.0000
0.5147	-0.6274	-1.0000
0.9951	-0.2254	0.0000
1.6800	-1.0692	0.0000
0.8710	-0.8634	-1.0000
0.3434	-0.5766	-2.0000
1.5626	-1.5315	0.0000
0.6173	-0.7772	-1.0000
0.4799	-0.5674	0.0000
0.9443	-0.9024	0.0000
0.6164	-0.9025	-1.0000
0.9884	-0.9007	0.0000
0.8338	-0.6258	0.0000
0.5209	-0.5059	-2.0000
0.8501	-1.1276	0.0000
0.1319	-0.4720	0.0000
0.6952	-0.6484	-1.0000
0.5857	-0.7457	-1.0000
0.8873	-1.1910	0.0000
0.6380	-1.4690	0.0000
0.2215	-0.1491	0.0000
1.1804	-0.2239	0.0000
0.3433	-0.0437	0.0000
0.0416	0.0492	-1.0000
0.6451	-0.5668	0.0000
0.7600	-0.7606	-1.0000
0.9129	-0.6895	-1.0000
1.0035	-0.4764	0.0000
0.6390	-0.7949	-2.0000
0.9951	-0.8780	0.0000
0.7504	-0.8039	-1.0000
0.5908	-0.7491	-2.0000
0.5183	-0.4746	-1.0000
0.5839	-0.7658	-2.0000
-0.0349	0.0767	0.0000
0.8539	-0.7445	0.0000
0.5291	-0.7010	-3.0000
0.8778	-0.4549	0.0000
-0.0001	-0.0019	-1.0000
1.0650	-0.0041	0.0000
0.5918	-0.3769	-1.0000
0.9785	-0.0679	0.0000
0.6453	-0.6264	-1.0000
0.1663	-0.0869	-1.0000
0.3607	-0.3462	-2.0000
0.5548	-0.4090	-2.0000
1.0133	1.3399	0.0000
0.8472	0.1157	0.0000
0.5129	-0.6119	-2.0000
0.7539	1.0919	0.0000
0.4322	-0.5355	-2.0000
0.4309	0.4763	0.0000
0.2966	-0.2723	0.0000
0.5086	-0.6586	-3.0000
0.6993	-0.8138	-1.0000
0.4368	0.2898	0.0000
0.1945	-0.2920	-1.0000
-0.0449	-0.1460	0.0000
0.4062	-0.4637	-1.0000
0.0190	0.1822	0.0000
-0.0302	-0.2231	0.0000
0.1607	-0.4576	0.0000
0.3291	-0.4723	-2.0000
-0.0776	-0.1814	0.0000
-0.1251	-0.2647	0.0000
1.4510	0.0601	0.0000
0.2148	-0.2987	0.0000
0.6094	-0.7787	-3.0000
0.4272	-0.4327	-2.0000
0.5307	-0.4968	-2.0000
0.9827	0.1957	0.0000
0.4421	-0.5087	-1.0000
0.6137	-0.6137	-1.0000
0.4531	-0.5153	-2.0000
0.3936	-0.6072	-2.0000
0.2249	-0.3934	-1.0000
0.2423	-0.4134	-2.0000
0.3739	-0.4803	-2.0000
0.2044	-0.2836	-1.0000
-0.1856	0.0039	0.0000
0.6745	-0.6119	0.0000
0.6700	-0.4546	0.0000
0.6799	-0.5260	-2.0000
0.4826	-0.4481	-1.0000
0.3958	-0.4192	0.0000
0.9577	0.4137	0.0000
-0.0164	0.3679	0.0000
0.7188	-0.7650	-1.0000
0.6520	-0.4399	-1.0000
0.6844	-0.6841	-3.0000
0.4804	-0.5430	-2.0000
0.9936	-0.1593	-1.0000
0.5390	-0.5595	0.0000
0.7285	-0.5596	-1.0000
0.4123	-0.6357	-2.0000
0.7723	-0.8066	0.0000
-0.2679	0.1237	0.0000
0.2460	-0.3660	0.0000
0.3207	-0.5524	-2.0000
0.3382	-0.5516	-2.0000
-0.0431	-0.2798	-1.0000
1.1733	0.4440	0.0000
0.7936	-0.5456	-1.0000
0.4638	-0.6174	-3.0000
0.6881	-0.4712	0.0000
0.5029	-0.3341	0.0000
0.3975	-0.3843	-1.0000
0.6174	-0.5375	-1.0000
0.4777	0.0201	0.0000
0.7546	-0.6910	-1.0000
0.5176	-0.6808	-3.0000
0.2978	-0.5882	-1.0000
0.6171	-0.3201	-1.0000
0.4446	-0.6411	-1.0000
0.5238	-0.7015	-1.0000
0.8552	-0.3032	0.0000
0.5402	-0.7279	-1.0000
0.7699	-0.8940	0.0000
0.4843	-0.4357	-2.0000
0.7342	0.2918	0.0000
0.3839	-0.6308	-1.0000
0.6450	-0.2155	0.0000
0.7535	-0.8823	0.0000
0.5587	-0.5435	0.0000
0.5616	-0.8107	-1.0000
0.2809	-0.3649	-1.0000
0.3613	-0.5750	-2.0000
-0.4296	0.1341	0.0000
-0.1846	-0.1285	0.0000
0.9066	-0.5297	0.0000
0.5492	-0.6773	0.0000
0.4000	-0.4511	-2.0000
0.8420	0.0355	-1.0000
0.4211	-0.5975	-1.0000
1.0427	0.1091	0.0000
0.4422	-0.6568	-1.0000
1.1110	-0.2044	0.0000
0.5875	-0.5386	-2.0000
0.6828	-0.8853	0.0000
0.0773	-0.3976	-1.0000
0.5001	-0.6235	0.0000
0.5990	-0.7652	-3.0000
0.4536	-0.5774	-1.0000
0.8763	-1.1878	0.0000
0.5851	-0.6603	-2.0000
0.6928	-0.4942	-1.0000
0.5115	-0.7556	-1.0000
0.5254	-0.7789	-2.0000
0.0844	0.0434	0.0000
0.6347	-1.1292	0.0000
0.5951	-0.7695	-2.0000
0.4639	-0.6836	-2.0000
0.5013	-0.6110	-2.0000
0.5886	-0.5418	-2.0000
0.1782	-0.1118	-2.0000
0.1257	0.0328	0.0000
0.1581	-0.0521	-1.0000
0.5728	-0.7992	0.0000
0.4313	-0.6647	-1.0000
0.1258	0.0571	-1.0000
0.1118	-0.3286	-1.0000
0.0505	-0.0053	0.0000
0.3607	-0.4689	-2.0000
0.4245	-0.6349	-2.0000
0.4382	-0.6776	0.0000
0.5385	-0.6056	-2.0000
0.4976	-0.6845	-2.0000
0.0467	-0.1502	0.0000
0.0778	0.0306	0.0000
0.3337	-0.4648	0.0000
1.0304	-0.0539	0.0000
0.2425	-0.3693	-1.0000
0.6214	-0.8189	-1.0000
0.5705	-0.5944	-3.0000
0.3556	-0.5760	-1.0000
0.4261	-0.6193	-3.0000
0.6021	-0.6437	-1.0000
0.4926	-0.6317	-1.0000
1.5070	-0.5563	0.0000
0.7195	-0.7758	-1.0000
0.4589	-0.4153	-2.0000
1.2429	-0.3643	0.0000
0.2969	-0.6366	0.0000
0.7698	-0.4938	0.0000
0.3857	-0.5977	-3.0000
0.6049	-1.4092	0.0000
0.5141	-0.6874	-1.0000
0.5585	-0.7543	-2.0000
0.5687	-0.5364	-2.0000
0.4410	-0.6568	-2.0000
0.2469	-0.5886	0.0000
0.9922	-0.1156	0.0000
0.4675	-0.7284	-3.0000
0.4576	-0.6751	-1.0000
0.5724	-0.7856	-2.0000
0.7457	-0.7421	-1.0000
0.7846	-0.8306	-2.0000
0.8635	-0.8311	-1.0000
0.5437	-0.4966	-2.0000
0.5784	-0.5318	-2.0000
1.0624	-0.1894	0.0000
0.9360	-0.7474	0.0000
0.4925	-0.7269	-1.0000
0.6251	-0.8647	-1.0000
0.0287	-0.1145	-1.0000
0.4396	-0.6790	-1.0000
0.2069	-0.4339	-2.0000
0.3656	-0.4979	-2.0000
0.4277	-0.1570	0.0000
-0.0530	-0.2291	0.0000
1.2256	-0.2852	0.0000
0.0427	-0.0868	0.0000
0.5884	-0.6550	-2.0000
1.0458	-0.6981	0.0000
0.7079	-0.7760	-2.0000
0.7812	-0.3544	0.0000
0.5867	-0.6860	-2.0000
0.7336	0.2666	0.0000
0.5451	-0.7110	-3.0000
0.6226	-0.7498	-2.0000
0.5760	-0.7882	-2.0000
0.4848	-0.7358	-1.0000
0.8521	-0.8682	0.0000
0.8944	-0.8987	0.0000
0.5629	-1.0092	0.0000
0.3578	-0.5877	-2.0000
0.7960	-0.6944	-1.0000
0.4683	-0.4857	0.0000
1.1375	0.0628	-1.0000
0.8736	-1.2243	0.0000
0.1383	-0.1076	-1.0000
0.6624	-0.7567	-1.0000
0.7410	-0.8757	-1.0000
0.8331	-0.6798	0.0000
0.7310	-0.8939	-1.0000
0.5291	0.2810	0.0000
1.1265	0.0670	0.0000
0.7763	-0.8652	-1.0000
0.4343	-0.7521	-1.0000
0.9154	-0.9005	0.0000
0.8153	-0.4717	-1.0000
0.4968	-0.7323	-2.0000
0.4333	-0.4096	-1.0000
0.9562	-0.8068	0.0000
0.1899	-0.1565	0.0000
0.9537	-0.9440	0.0000
1.0250	-0.8209	0.0000
0.6953	-0.8606	-1.0000
0.4936	-0.7317	-2.0000
0.5231	-0.6626	-3.0000
0.5214	-0.6601	-3.0000
0.7184	-0.7926	-1.0000
0.5565	-0.5450	-2.0000
0.4216	-0.6305	-1.0000
0.4606	-0.6150	-3.0000
0.6912	-0.4606	0.0000
0.4886	-0.7067	-3.0000
0.4958	-0.6349	-3.0000
0.5839	-0.7238	-3.0000
0.5876	-0.7396	-2.0000
0.4110	-0.6057	-2.0000
0.4599	-0.5540	-3.0000
0.6266	-0.5231	-2.0000
0.5487	-0.4248	-2.0000
0.3770	-0.6185	-2.0000
0.7652	-0.2652	-1.0000
0.5503	-0.4937	-1.0000
0.7752	-0.4898	-2.0000
1.1131	0.0417	0.0000
0.7874	-0.0348	0.0000
1.0626	-0.1544	0.0000
0.4899	-0.6903	-2.0000
0.4960	-0.6179	-2.0000
0.5413	-0.4959	-3.0000
0.5808	-0.7140	-2.0000
0.6720	-0.7726	-2.0000
0.3875	-0.5478	-2.0000
0.6509	-0.8398	-1.0000
0.5146	-0.6978	-3.0000
0.5050	-0.5993	-3.0000
0.6279	-0.6070	-1.0000
0.4824	-0.6397	-2.0000
0.6556	-0.6854	-3.0000
0.8916	-0.5847	-1.0000
0.4044	-0.6344	-1.0000
0.3475	-0.2290	-1.0000
0.3456	-0.5164	-1.0000
0.5839	-0.6207	-2.0000
0.1666	0.0099	0.0000
-0.0031	-0.1696	0.0000
0.7213	-0.8014	-2.0000
0.5941	-0.7524	-2.0000
0.4432	-0.6302	-3.0000
0.7430	-0.6843	-2.0000
0.5421	-0.6016	-2.0000
0.7064	0.1598	0.0000
0.3757	-0.5460	-1.0000
0.4289	-0.6189	-2.0000
0.6226	-0.8651	-1.0000
0.4989	-0.6453	-3.0000
0.5802	-0.7893	-1.0000
0.6794	-0.6098	-2.0000
0.1145	-0.0168	-1.0000
0.3683	-0.0129	0.0000
0.4935	-0.6646	-3.0000
0.6860	0.3796	0.0000
0.4726	0.4275	0.0000
0.4396	-0.5297	-1.0000
0.6221	-0.0411	0.0000
0.3337	-0.4211	-2.0000
0.2815	-0.3253	0.0000
0.7465	-0.2218	-1.0000
0.4910	-0.7380	-3.0000
0.6638	-0.7914	-3.0000
0.2895	-0.5162	-2.0000
0.5125	-0.4584	-2.0000
0.4917	-0.4186	-2.0000
0.6159	-0.6964	-2.0000
0.5419	-0.7094	-2.0000
0.5276	-0.3419	-2.0000
0.5864	0.2227	0.0000
0.3022	0.3825	0.0000
0.2730	-0.4284	-2.0000
0.4363	-0.4756	-1.0000
-0.0728	-0.1588	0.0000
0.5639	-0.7496	-3.0000
0.4580	-0.7278	-3.0000
0.5081	-0.6724	-3.0000
0.5882	-0.8065	-1.0000
0.4021	-0.5165	-3.0000
0.5367	0.1000	0.0000
0.3807	-0.5631	-2.0000
0.3966	-0.5855	-3.0000
0.2955	-0.4319	-3.0000
-0.0669	-0.0788	0.0000
0.5766	-0.8213	-1.0000
0.4121	-0.4369	-2.0000
0.3558	-0.4740	-2.0000
0.4897	0.4766	0.0000
0.4181	-0.5973	-2.0000
0.3108	-0.2626	-1.0000
0.2452	-0.5087	-1.0000
0.6807	-0.8118	-2.0000
0.5600	0.2950	0.0000
0.4890	-0.7006	-2.0000
0.3947	-0.5371	-2.0000
0.5806	-0.7809	-2.0000
0.7134	-0.7801	-1.0000
0.5605	-0.7006	-3.0000
0.4757	-0.6808	-3.0000
0.5110	0.1397	-1.0000
0.4370	-0.1745	0.0000
0.0921	-0.2839	-1.0000
0.2568	-0.3749	0.0000
0.4916	-0.6061	-2.0000
0.4901	-0.6551	0.0000
0.5567	-0.4632	-2.0000
0.3575	-0.5708	-2.0000
-0.3139	0.1063	0.0000
0.4181	-0.6589	-2.0000
0.1882	-0.4011	-1.0000
0.0618	-0.2982	-1.0000
-0.1042	-0.1454	-1.0000
0.3822	-0.4627	-1.0000
0.5055	-0.4267	0.0000
0.4601	-0.7087	0.0000
0.3579	-0.5544	-3.0000
0.2464	-0.4954	-1.0000
0.2064	-0.3523	0.0000
0.3922	-0.6823	-1.0000
0.1687	-0.3510	-1.0000
0.0002	-0.2714	0.0000
-0.3609	-0.0284	0.0000
0.0771	0.1806	-1.0000
-0.2455	0.0375	0.0000
-0.0716	-0.2002	-1.0000
0.4327	-0.5412	-3.0000
0.6680	-0.7886	-1.0000
0.5770	-0.7008	-1.0000
0.5291	-0.5385	-1.0000
0.6988	-0.5918	0.0000
0.1985	-0.0481	-1.0000
0.5178	-0.6734	-2.0000
0.4725	-0.5857	-3.0000
0.4100	-0.6650	-2.0000
0.5109	-0.4294	-2.0000
0.1418	-0.0596	0.0000
0.4415	-0.7150	-3.0000
0.8040	-0.6306	-2.0000
0.5931	-0.6125	-3.0000
0.9204	0.0888	0.0000
1.5180	0.4144	0.0000
0.5518	-0.7040	-3.0000
0.4177	-0.5794	-3.0000
0.6035	-0.5996	-1.0000
0.6558	-0.8282	-2.0000
0.3917	-0.6117	-2.0000
0.3790	-0.7286	-1.0000
0.7233	-0.8562	-2.0000
0.5798	-0.4564	-3.0000
0.8008	0.1748	0.0000
0.3951	-0.6383	-2.0000
0.4295	-0.3151	-1.0000
0.0886	-0.0675	0.0000
0.7213	-0.8540	-2.0000
0.5104	-0.7142	-2.0000
0.6730	-0.5397	-2.0000
0.6470	-0.6515	-1.0000
0.3364	-0.4557	-2.0000
0.5034	-0.6803	-2.0000
0.4247	-0.3147	-1.0000
0.4724	-0.5671	-1.0000
0.5485	-0.6598	-2.0000
0.8297	-0.2848	0.0000
0.3773	-0.3928	-1.0000
0.4729	-0.7356	-1.0000
0.5008	-0.6766	-3.0000
0.3252	-0.5348	-3.0000
0.7766	-0.8431	-1.0000
0.4873	-0.3792	-3.0000
0.6198	0.3095	0.0000
0.2963	-0.5161	-1.0000
0.4033	0.4794	0.0000
0.3451	-0.4532	0.0000
0.5127	-0.6399	-1.0000
0.4205	-0.5473	-2.0000
0.4843	-0.5178	-2.0000
0.5042	-0.6266	-2.0000
0.3808	-0.6415	-2.0000
0.5473	-0.7361	-1.0000
0.0786	0.0418	0.0000
0.4924	-0.6888	-2.0000
0.3489	-0.5527	-3.0000
0.2097	-0.4534	0.0000
0.3122	-0.5055	-2.0000
0.2061	-0.1218	0.0000
0.2769	-0.3869	-1.0000
0.1982	-0.2810	-1.0000
0.5851	-0.7623	-1.0000
0.3946	-0.6190	-3.0000
0.1074	-0.1566	-2.0000
0.2975	-0.4622	0.0000
0.3201	-0.4063	0.0000
0.2790	-0.5150	-1.0000
0.2107	-0.0897	-1.0000
0.1852	-0.3376	0.0000
0.0862	-0.0732	0.0000
0.5966	-0.5360	-2.0000
0.6443	-0.6619	0.0000
0.4668	-0.6142	-3.0000
0.5768	-0.6774	-3.0000
0.5103	-0.6477	-3.0000
0.5327	-0.6313	-3.0000
0.5932	-0.7090	-3.0000
0.7481	-0.5789	-1.0000
0.4221	-0.2936	-2.0000
0.9034	-0.2177	0.0000
0.5933	-0.5010	-1.0000
0.6636	-0.0608	0.0000
0.3546	-0.5581	-3.0000
0.5509	-0.7031	-2.0000
0.3832	-0.5717	-3.0000
1.2289	0.6134	0.0000
0.3093	-0.5279	0.0000
0.5118	-0.7920	-1.0000
0.3368	-0.4304	-1.0000
-0.2379	0.2113	0.0000
0.3457	-0.5657	-3.0000
0.4046	-0.3906	0.0000
0.4781	-0.5670	-2.0000
0.5581	-0.7373	-3.0000
0.4692	-0.4616	-3.0000
0.3160	-0.4082	0.0000
0.3449	-0.3870	0.0000
0.4272	-0.6088	-2.0000
0.2426	-0.3689	0.0000
0.0932	-0.2673	0.0000
0.3407	-0.3476	-1.0000
0.3696	-0.6610	-2.0000
0.3265	-0.4354	0.0000
0.1703	-0.3587	0.0000
0.6268	-0.7404	-2.0000
0.4798	-0.4599	-2.0000
0.5511	-0.6047	-1.0000
0.4070	-0.5299	-2.0000
0.4535	-0.6942	-2.0000
0.1634	-0.0964	-1.0000
0.6836	-0.5775	-1.0000
0.6750	-0.5488	0.0000
0.4009	-0.6100	-2.0000
0.6273	-0.5724	-2.0000
0.2983	-0.3018	0.0000
0.5292	0.2115	0.0000
0.5063	-0.6710	-2.0000
0.5000	-0.4999	0.0000
0.3680	-0.4831	-2.0000
0.4611	-0.2829	-2.0000
0.6066	-0.4161	0.0000
0.6981	-0.8513	-2.0000
0.6928	0.2312	0.0000
0.6735	-0.5218	0.0000
0.4742	-0.5705	0.0000
0.5046	-0.5724	-2.0000
0.6986	-0.8138	-2.0000
0.8728	-0.1586	-1.0000
0.3807	-0.5689	-2.0000
0.6860	-0.7766	-2.0000
0.6360	-0.6909	-2.0000
0.7500	-0.9470	0.0000
0.5221	-0.6903	-3.0000
0.3466	-0.5865	-2.0000
0.5024	-0.4633	-3.0000
0.3970	-0.5646	-1.0000
0.5485	-0.4676	-2.0000
0.9054	0.2270	0.0000
0.5392	-0.3384	-1.0000
1.0488	-0.1041	0.0000
0.5556	-0.5800	-2.0000
0.5375	-0.6218	-2.0000
0.6456	-0.5397	0.0000
0.6105	-0.5406	-1.0000
0.6961	-0.8034	-1.0000
0.4545	-0.6891	-2.0000
0.5907	-0.6989	-1.0000
0.5693	-0.4707	-3.0000
0.7565	-0.5750	-1.0000
0.5589	-0.3833	-2.0000
0.4187	-0.6688	-1.0000
0.4312	-0.7102	-2.0000
0.7757	-0.8692	0.0000
0.3652	-0.6379	-2.0000
0.5696	-0.7114	-3.0000
0.1010	-0.1741	-1.0000
0.5820	-0.6949	-3.0000
0.7403	-0.7050	-1.0000
0.4304	-0.6239	-2.0000
0.4858	-0.5325	-3.0000
0.6282	-0.6174	-1.0000
0.4277	-0.6461	-3.0000
0.3184	-0.5960	-2.0000
0.5434	-0.2990	0.0000
0.4764	-0.6423	-3.0000
0.4948	-0.7304	-2.0000
0.4034	-0.5884	-3.0000
0.5975	-0.6226	-1.0000
0.4337	-0.4596	-2.0000
0.7481	0.1896	0.0000
0.3248	-0.5317	-1.0000
0.2395	-0.2357	0.0000
0.5134	-0.6302	0.0000
0.4165	-0.5424	-3.0000
0.4876	-0.6503	-3.0000
0.6877	-0.5895	-2.0000
0.3958	-0.6534	-2.0000
0.2638	0.5422	0.0000
0.6231	-0.7281	0.0000
0.0692	-0.0043	0.0000
0.2086	-0.3168	-1.0000
0.3025	-0.5290	-1.0000
0.4192	-0.6451	0.0000
0.2845	-0.5081	-2.0000
0.4787	-0.6328	-1.0000
0.4126	-0.5095	-3.0000
0.2052	-0.4395	-1.0000
0.1501	-0.0673	0.0000
0.3337	-0.6674	-2.0000
0.5929	-0.7969	-1.0000
0.5523	-0.6740	-1.0000
0.0486	-0.3247	-1.0000
0.4803	-0.6499	-1.0000
0.0142	-0.2583	-1.0000
-0.1244	-0.1120	0.0000
0.7969	-0.7507	-2.0000
0.1681	-0.1853	0.0000
0.4843	-0.6675	-3.0000
0.5132	-0.5259	-1.0000
0.4729	-0.6247	-2.0000
0.4031	-0.6013	-3.0000
0.4076	-0.6555	-3.0000
0.5365	-0.6787	-2.0000
0.4241	-0.5964	-2.0000
0.7416	-0.5000	-1.0000
0.6860	-0.4705	-1.0000
0.7211	-0.6887	-1.0000
0.7059	-0.6181	0.0000
0.5089	-0.5613	-2.0000
0.6717	-0.8607	-1.0000
0.6773	-0.5754	-2.0000
0.7462	-0.5458	-1.0000
0.7586	-0.4344	-1.0000
0.6928	-0.8569	-2.0000
0.5497	-0.3843	-2.0000
-0.0451	0.0142	-1.0000
0.0796	-0.1963	0.0000
0.3644	-0.5341	-3.0000
0.5272	-0.7131	-3.0000
0.5222	-0.7067	-3.0000
0.6365	-0.5303	-2.0000
0.4292	-0.5537	-2.0000
0.3398	-0.3359	-1.0000
0.6330	-0.8472	0.0000
0.2525	-0.3544	-1.0000
0.0255	-0.4022	0.0000
0.2210	-0.3718	0.0000
0.4963	-0.6985	-1.0000
0.2097	-0.2957	0.0000
-0.3161	0.2386	0.0000
0.7244	-0.4323	-2.0000
0.2707	-0.1412	0.0000
0.4524	-0.4617	-3.0000
0.6469	-0.7943	-3.0000
0.3672	-0.6461	-2.0000
0.4776	-0.6469	-3.0000
0.5863	-0.4726	-2.0000
0.0873	-0.1644	0.0000
0.3530	-0.5975	-3.0000
0.6209	-0.3983	0.0000
0.4380	-0.5512	-2.0000
0.3064	-0.3393	-1.0000
0.4363	-0.5859	-3.0000
0.3158	-0.5275	-2.0000
0.2659	-0.4338	0.0000
0.6621	-0.5663	-1.0000
0.6384	-0.6073	-1.0000
0.7557	-0.6845	0.0000
0.5222	-0.4412	-1.0000
0.3336	-0.4047	-1.0000
0.4294	0.1752	0.0000
-0.2347	0.1537	0.0000
0.9021	-0.5957	0.0000
0.0388	-0.0252	0.0000
0.6311	-0.3379	-2.0000
0.4185	-0.6394	-2.0000
0.5565	-0.6394	-2.0000
0.1265	-0.0893	0.0000
0.5572	-0.7361	-2.0000
0.5671	-0.6916	-3.0000
0.9512	0.1103	-1.0000
0.5543	-0.7125	-2.0000
0.7899	0.2298	0.0000
0.0574	-0.3027	0.0000
0.4749	-0.7358	-3.0000
0.4510	-0.6388	-3.0000
0.4783	-0.3796	-2.0000
0.8400	-0.7539	-1.0000
0.7560	0.0839	0.0000
0.0581	-0.0463	-1.0000
0.7325	-0.6440	-2.0000
0.4861	-0.6389	-3.0000
0.4531	-0.3943	-1.0000
0.2125	-0.3336	0.0000
0.7079	-0.7834	-2.0000
0.0466	-0.0409	0.0000
0.4351	-0.5622	-1.0000
0.1314	-0.3931	-1.0000
0.3862	-0.3685	-1.0000
0.3460	-0.6569	-1.0000
0.3025	-0.3273	-2.0000
0.1688	-0.3314	-2.0000
0.0482	0.0896	-1.0000
0.5050	-0.6066	-1.0000
0.0596	-0.2821	-1.0000
0.0193	-0.2176	0.0000
0.9813	0.0700	0.0000
0.5744	0.0671	0.0000
0.6920	-0.5265	0.0000
0.3890	-0.5810	-3.0000
0.5861	-0.7706	-2.0000
0.4473	-0.5057	-3.0000
0.6275	-0.7382	-2.0000
0.9514	-0.3787	0.0000
0.5019	-0.3432	-2.0000
0.0353	0.1041	0.0000
0.4344	-0.6164	0.0000
0.4818	-0.6819	-2.0000
0.6100	-0.8002	-2.0000
0.2378	-0.4784	-1.0000
0.5535	-0.7026	-2.0000
0.6831	-0.3691	-1.0000
0.5262	-0.7098	-3.0000
0.3411	-0.6048	-3.0000
0.7281	-0.5651	-1.0000
0.2941	-0.3977	-1.0000
0.5967	-0.6122	-1.0000
0.1988	-0.0640	-1.0000
0.5113	-0.7350	-2.0000
0.0851	-0.0931	0.0000
0.3106	-0.5986	-2.0000
0.2383	-0.0723	0.0000
0.4139	-0.6786	-1.0000
0.7355	-0.8977	-1.0000
0.4963	-0.4061	-2.0000
0.5970	-0.2387	-1.0000
0.6941	-0.5409	-2.0000
0.6239	0.3407	0.0000
0.2165	0.0752	0.0000
0.3455	-0.4634	-3.0000
0.3598	-0.2785	-1.0000
0.1247	-0.4027	-1.0000
0.5348	-0.6238	-2.0000
0.1606	-0.0084	-1.0000
0.5306	-0.7413	-3.0000
0.4558	-0.3729	0.0000
0.5647	-0.4409	-1.0000
0.0502	-0.1376	0.0000
0.1401	-0.1914	-1.0000
0.7262	-0.7895	-1.0000
-0.0220	-0.0882	0.0000
0.6946	-0.8474	-1.0000
0.4402	-0.2359	-1.0000
0.6390	-0.5778	0.0000
0.6079	-0.4603	-1.0000
0.4733	-0.5745	-2.0000
1.1485	-0.0312	0.0000
1.1675	0.3874	0.0000
0.5063	-0.5746	-2.0000
0.9727	-0.2980	0.0000
0.4516	-0.6045	-3.0000
0.4565	-0.6883	-3.0000
0.4872	-0.7473	-2.0000
0.3986	-0.6172	-2.0000
0.5994	-0.7631	-2.0000
0.5284	-0.6260	-3.0000
0.4707	-0.6517	-2.0000
0.9242	0.0579	0.0000
1.0456	-0.0161	0.0000
0.6274	-0.3691	-2.0000
0.5846	-0.7246	-2.0000
1.7001	-0.2323	0.0000
0.5037	-0.5484	-2.0000
0.3604	-0.4965	-3.0000
0.1513	0.0126	0.0000
0.6371	-0.8211	-3.0000
0.6829	-0.7362	-3.0000
0.5785	-0.5423	-1.0000
0.4691	-0.7044	-3.0000
0.8888	-0.1169	-1.0000
0.3582	-0.6490	-1.0000
0.3256	-0.6302	-1.0000
0.7116	-0.8458	-1.0000
0.6052	-0.8011	-3.0000
0.7165	-0.8134	-1.0000
0.0928	-0.3516	0.0000
0.5299	-0.6536	-3.0000
0.5260	-0.7565	-2.0000
0.6101	-0.8290	-1.0000
-0.0119	-0.0885	0.0000
0.4588	-0.5776	-2.0000
0.4315	-0.6856	-2.0000
0.3348	-0.4767	-1.0000
0.2461	-0.4616	-1.0000
0.4867	-0.6708	-2.0000
0.4148	-0.6707	-3.0000
0.3343	-0.5710	-3.0000
0.7418	-0.6203	-1.0000
0.3714	-0.5296	-3.0000
0.4782	-0.3110	-3.0000
0.3023	-0.0886	0.0000
0.2639	-0.1248	0.0000
0.3843	-0.6897	0.0000
0.5072	-0.6512	-3.0000
0.4340	-0.6692	-3.0000
0.3768	-0.5343	-3.0000
-0.1493	0.1107	0.0000
0.2651	0.4838	0.0000
0.4600	-0.6077	-3.0000
0.5815	-0.7491	-3.0000
0.5026	-0.1219	0.0000
0.2326	0.1593	0.0000
0.0661	-0.0528	0.0000
0.3269	-0.6030	-3.0000
0.2662	-0.4794	-3.0000
0.3041	-0.4052	-1.0000
0.0251	-0.0525	-1.0000
0.5221	-0.6807	-1.0000
0.4852	-0.7233	-3.0000
-0.2223	0.0851	0.0000
0.0977	-0.4245	-1.0000
0.2637	-0.5232	0.0000
0.3167	-0.6126	-3.0000
0.1097	-0.4727	-1.0000
0.0968	-0.2808	0.0000
0.5397	-0.8494	-1.0000
0.5470	-0.4950	-1.0000
0.5004	-0.6719	-3.0000
0.4439	-0.6609	-3.0000
0.4831	-0.6741	-3.0000
0.6704	-0.7869	0.0000
0.6575	-0.8374	-1.0000
0.4780	-0.4675	-3.0000
0.5251	-0.7568	-3.0000
0.2262	0.0157	-1.0000
0.2537	-0.1585	-1.0000
0.5166	-0.6340	-1.0000
0.4602	-0.5851	-3.0000
0.6614	-0.0813	-1.0000
0.3836	-0.6087	-3.0000
0.0521	0.0248	0.0000
-0.0433	-0.0982	0.0000
0.5414	-0.4527	-1.0000
0.2041	0.1511	0.0000
0.4493	-0.5244	0.0000
0.3208	-0.5194	0.0000
0.2974	-0.5881	-1.0000
0.3985	-0.5226	-1.0000
0.2633	-0.5414	-3.0000
0.6748	-0.7956	-1.0000
0.6440	-0.6606	-1.0000
0.6939	-0.8310	-1.0000
0.2334	-0.3174	-1.0000
0.6707	-0.8095	-3.0000
0.5995	-0.7337	-1.0000
0.5656	-0.6562	-3.0000
0.2607	-0.4941	0.0000
0.5876	-0.7374	-1.0000
0.4930	-0.5798	-1.0000
0.1753	-0.4233	-1.0000
0.8019	-0.2451	0.0000
0.4968	-0.5651	-1.0000
0.5052	-0.6182	-3.0000
0.5593	-0.7621	-3.0000
0.5418	-0.7759	-3.0000
0.5743	-0.7256	-3.0000
0.4351	-0.5582	-3.0000
0.1294	-0.2283	-1.0000
0.0875	-0.2475	-1.0000
0.6857	-0.1748	0.0000
0.4007	-0.3615	0.0000
0.5734	0.3400	-1.0000
0.3395	-0.5786	-3.0000
0.2943	-0.3702	-1.0000
0.4196	-0.4820	0.0000
0.5845	-0.5393	-1.0000
0.5828	-0.6526	0.0000
0.8013	-0.8245	-1.0000
0.6804	-0.8149	-1.0000
0.4820	-0.5201	-1.0000
0.6146	-0.5310	0.0000
0.8537	0.2218	0.0000
0.5454	-0.7221	-1.0000
0.5033	-0.7540	-3.0000
0.4300	-0.5687	-3.0000
0.4073	-0.5524	-1.0000
0.7004	-0.5848	-1.0000
0.5004	-0.7733	-1.0000
0.4664	-0.3890	-3.0000
0.6403	-0.7146	-3.0000
1.0107	-0.0818	0.0000
0.5589	-0.7215	-3.0000
0.6913	-0.7047	-3.0000
0.6842	0.1192	0.0000
0.7129	-0.8823	0.0000
0.6659	-0.8071	-3.0000
0.5785	-0.6664	-3.0000
0.4203	-0.5443	-3.0000
0.4443	-0.7180	-3.0000
0.5465	-0.6475	-3.0000
0.6698	-0.6589	-3.0000
0.3578	-0.4589	-3.0000
0.4354	-0.5660	-3.0000
0.1078	0.1468	0.0000
0.3774	-0.5897	-3.0000
0.4142	-0.6289	-3.0000
0.5033	-0.4932	-3.0000
0.3304	-0.5923	-3.0000
0.3238	-0.3601	0.0000
0.2861	-0.4748	-3.0000
0.1182	-0.3938	-1.0000
0.1307	-0.4210	0.0000
0.1068	-0.3507	-1.0000
0.0886	-0.0202	-1.0000
-0.1601	-0.1288	0.0000
0.0026	-0.2802	-1.0000
0.3720	-0.5960	-3.0000
0.6331	-0.5122	-3.0000
1.0372	0.3678	0.0000
0.5908	-0.7201	-3.0000
0.2324	-0.3954	0.0000
0.3765	-0.4657	-3.0000
0.8434	-0.2322	0.0000
0.6235	-0.5806	-1.0000
0.5477	-0.6567	-3.0000
0.5136	-0.8184	-1.0000
0.4278	-0.6618	-3.0000
0.3572	-0.5519	0.0000
0.4534	-0.6320	-3.0000
0.1765	-0.3887	0.0000
0.1049	-0.2856	-1.0000
0.2897	-0.5002	-3.0000
1.1033	0.5622	0.0000
0.5880	-0.7193	-3.0000
0.8509	-0.1227	0.0000
0.4497	-0.6631	-3.0000
0.7831	-0.7136	-1.0000
0.6079	-0.7581	-3.0000
0.3819	-0.5696	-3.0000
0.4017	-0.6401	-3.0000
0.7855	-0.8401	-3.0000
0.4621	-0.6991	-1.0000
0.4751	-0.5302	-3.0000
0.5782	-0.7611	-3.0000
0.5225	-0.7624	-3.0000
0.0039	-0.1074	0.0000
1.1696	0.1225	0.0000
0.4134	-0.6774	-3.0000
0.3866	-0.5074	-1.0000
0.6188	-0.7422	-1.0000
0.3145	-0.5380	-1.0000
-0.2166	-0.0848	0.0000
0.6393	-0.6777	0.0000
0.5093	-0.5702	-1.0000
0.3793	-0.5994	-3.0000
0.8442	-0.5975	-1.0000
0.6945	-0.7394	0.0000
0.6782	0.1234	-1.0000
0.7490	-0.6449	-1.0000
0.7409	-0.7044	0.0000
0.4864	-0.6491	-3.0000
0.3685	-0.6000	-3.0000
0.4974	-0.7003	-3.0000
0.7258	-0.3740	-1.0000
0.4266	-0.5106	-3.0000
0.6398	-0.7894	-1.0000
0.5157	-0.7470	-3.0000
0.6015	-0.6957	-3.0000
0.4551	-0.8035	-1.0000
0.6574	-0.8178	-1.0000
0.4392	-0.5467	-3.0000
0.3315	-0.6033	-3.0000
0.4695	-0.4150	-3.0000
0.8083	-0.7231	-3.0000
0.6139	-0.4994	-1.0000
0.3662	-0.5300	-1.0000
0.3993	-0.7072	-3.0000
0.4575	-0.6784	-3.0000
0.4466	-0.6505	-3.0000
0.5699	-0.7993	-3.0000
0.4463	-0.7061	-3.0000
0.5993	-0.8239	-3.0000
0.6143	-0.8722	-3.0000
0.6227	-0.7968	-3.0000
0.1214	-0.2237	-1.0000
0.4322	-0.6633	-3.0000
0.3395	-0.5834	-3.0000
0.2794	-0.5910	-3.0000
0.4183	-0.4821	-3.0000
0.6144	-0.7975	-1.0000
0.4053	-0.4402	-3.0000
0.4178	-0.6289	-3.0000
0.4469	-0.6456	-3.0000
0.4103	-0.6561	-3.0000
0.3117	-0.5836	-3.0000
0.3546	-0.2050	0.0000
0.5981	-0.8040	-3.0000
0.4131	-0.4756	-1.0000
0.2670	-0.5056	0.0000
-0.1564	-0.1768	0.0000
1.0835	-1.2130	0.0000
0.8774	0.1707	0.0000
0.6936	-0.7884	-1.0000
0.5511	-0.8050	-1.0000
-0.0268	-0.1155	0.0000
0.5232	-0.7118	-3.0000
0.3747	-0.5462	-3.0000
1.0365	0.1885	-1.0000
0.3819	-0.6539	-3.0000
0.2144	0.6421	0.0000
0.2589	-0.5726	0.0000
0.3380	-0.6457	-3.0000
0.3089	-0.6299	-3.0000
0.4046	-0.3107	0.0000
0.2945	0.5233	0.0000
0.6260	-0.7408	0.0000
0.6650	-0.3804	-1.0000
0.4884	-0.7494	-3.0000
0.3644	-0.0365	-1.0000
-0.0097	0.0217	0.0000
0.5022	-0.6950	-1.0000
0.6391	-0.8016	-3.0000
0.5368	-0.5846	-3.0000
0.6383	-0.6458	-1.0000
0.6078	-0.8396	-1.0000
0.6581	-0.3454	-3.0000
0.6383	-0.5988	-3.0000
0.7135	-0.8454	-1.0000
0.9312	-0.5617	0.0000
0.3964	-0.6786	-3.0000
0.4162	-0.7057	-3.0000
0.5648	-0.7087	-1.0000
0.2592	-0.4975	0.0000
0.6624	-0.8351	-1.0000
0.5181	-0.7569	0.0000
0.2955	-0.5198	-1.0000
0.6347	-0.8350	-3.0000
0.5182	-0.4465	0.0000
0.6675	-0.8286	-3.0000
1.1216	0.2372	-1.0000
0.4750	0.2951	0.0000
0.7526	0.4178	0.0000
0.8270	-0.0403	-1.0000
0.5609	-0.7545	-3.0000
0.5784	-0.7237	-3.0000
0.6109	-0.8062	-3.0000
0.2750	-0.1977	0.0000
0.4904	-0.7162	-3.0000
0.2587	-0.3703	-1.0000
1.4017	-0.1622	0.0000
0.6058	-0.9002	-1.0000
0.4568	-0.6507	-1.0000
0.4147	-0.6834	-1.0000
0.5562	-0.8210	-1.0000
0.7081	-0.8291	-1.0000
0.4800	-0.6434	-3.0000
0.8235	0.0034	0.0000
0.5216	-0.7075	-3.0000
0.8658	-0.0850	0.0000
0.4929	-0.6546	-3.0000
0.2300	-0.4758	-1.0000
0.4714	-0.7351	-3.0000
0.4267	-0.7490	0.0000
0.2151	-0.4915	-1.0000
0.4773	-0.7121	-3.0000
0.5597	-0.6022	-3.0000
0.6242	-0.8145	-3.0000
0.6559	-0.8039	-3.0000
0.0754	-0.3191	0.0000
0.6102	-0.6069	-1.0000
0.5445	-0.7929	-3.0000
0.5591	-0.7423	-3.0000
0.4913	-0.6183	-3.0000
0.7180	-0.0204	-1.0000
0.1983	-0.6183	-1.0000
0.4197	-0.6845	-3.0000
1.0888	-0.1264	0.0000
0.4175	-0.7318	-1.0000
0.7002	-0.7149	0.0000
0.4914	-0.7184	-3.0000
0.0642	0.0521	0.0000
0.1840	-0.5564	-1.0000
0.7016	-0.7757	-3.0000
0.4776	-0.7919	-1.0000
0.8433	-0.2767	0.0000
0.5728	-0.7719	-3.0000
0.7459	-0.6079	-1.0000
0.3844	-0.6497	-3.0000
0.5331	-0.7075	-3.0000
0.4183	-0.5234	-3.0000
0.6002	-0.7411	-3.0000
0.6749	-0.8256	-3.0000
0.3381	-0.5785	-3.0000
0.5278	-0.6707	-3.0000
0.7183	-0.7307	-1.0000
0.6678	-0.6228	-3.0000
0.6651	-0.6956	-3.0000
0.5917	-0.4004	-3.0000
1.1335	-0.0686	0.0000
1.0148	0.2675	0.0000
1.4245	0.1651	0.0000
0.5218	-0.5768	-1.0000
0.7086	-0.8143	-3.0000
0.3873	-0.6462	-3.0000
0.5017	-0.6110	-3.0000
0.4859	-0.6517	-3.0000
0.6188	-0.7321	-3.0000
-0.0622	0.1163	0.0000
0.4171	-0.5228	-3.0000
0.5295	-0.7411	-3.0000
0.6729	-0.7912	-3.0000
0.6670	-0.8010	-1.0000
0.4058	-0.5668	-3.0000
0.4922	-0.7139	-3.0000
0.3073	-0.5388	-3.0000
0.6329	-0.6259	-3.0000
0.4544	-0.6924	-3.0000
0.6203	-0.7469	-3.0000
0.6910	-0.6996	-3.0000
0.5544	-0.7616	-3.0000
0.9061	0.1742	0.0000
0.3752	-0.5264	-1.0000
0.4077	-0.5560	-1.0000
0.4922	-0.6389	-1.0000
0.4264	-0.5526	-1.0000
0.4957	-0.6595	-3.0000
0.3837	-0.4978	-3.0000
0.6407	-0.5976	-3.0000
0.5957	-0.7131	0.0000
0.5022	-0.3117	-3.0000
0.4250	-0.1613	0.0000
0.3133	-0.6131	-3.0000
0.3328	-0.5162	0.0000
0.3828	-0.6141	-3.0000
0.6242	-0.7158	-1.0000
0.5006	-0.7081	-3.0000
0.4180	-0.6393	-3.0000
0.3139	-0.5352	0.0000
0.3682	-0.5705	-3.0000
0.1046	0.5675	0.0000
0.2916	-0.2715	-1.0000
0.3115	-0.4792	0.0000
0.2565	-0.4439	-1.0000
0.2599	-0.4306	-1.0000
0.4634	-0.6484	-3.0000
0.4063	-0.6865	-1.0000
0.0745	-0.3222	-1.0000
0.2326	0.5217	0.0000
-0.1393	0.0857	0.0000
0.3759	-0.6789	-1.0000
0.1962	-0.5062	0.0000
0.0346	-0.2682	0.0000
0.4228	-0.6905	-3.0000
0.2241	-0.3491	-1.0000
0.0799	-0.3357	-1.0000
0.6289	-0.6740	-3.0000
0.4877	-0.6745	-3.0000
0.4474	-0.7032	-3.0000
0.7665	-0.5744	-3.0000
0.6609	-0.7185	-3.0000
0.4847	-0.6655	-3.0000
0.5044	-0.7349	-3.0000
0.6837	-0.5813	-3.0000
0.7476	-0.6828	-1.0000
0.9728	0.1452	0.0000
0.7823	-0.8406	-1.0000
0.3314	-0.4452	-3.0000
0.0785	0.0833	0.0000
0.6751	-0.7583	-1.0000
0.4384	-0.6544	-3.0000
0.5793	-0.5192	-3.0000
0.7161	-0.6095	-1.0000
0.4160	-0.5562	-1.0000
0.5614	-0.7755	-2.0000
0.7151	-0.7647	-2.0000
0.7392	-0.8407	-2.0000
0.4819	-0.5687	-2.0000
0.4623	-0.6716	-3.0000
0.6258	-0.5590	-2.0000
0.5028	-0.6192	-3.0000
0.4719	-0.3813	-3.0000
0.4547	-0.6298	-2.0000
0.2558	-0.4535	-2.0000
0.3680	-0.6076	-3.0000
0.3299	-0.6173	-3.0000
0.3345	-0.5772	-3.0000
0.3843	-0.5761	-3.0000
0.4609	-0.5227	-3.0000
0.1706	-0.3394	-2.0000
-0.1036	-0.0916	0.0000
0.5386	-0.6548	-3.0000
0.5075	-0.5530	-3.0000
1.0353	0.2364	0.0000
-0.0595	-0.0054	0.0000
0.4974	-0.6383	-3.0000
0.7084	-0.5880	-3.0000
0.4490	-0.6635	-3.0000
0.5714	-0.4566	-2.0000
0.1484	-0.1246	0.0000
0.5167	-0.6286	0.0000
0.2397	-0.2635	-2.0000
0.5525	-0.5037	-2.0000
0.4190	-0.5618	-3.0000
0.5803	-0.5098	-3.0000
0.3306	-0.4459	-2.0000
0.5052	-0.5309	0.0000
0.7480	-0.6105	-2.0000
0.5922	-0.7913	-3.0000
0.7339	-0.3831	0.0000
0.6832	0.3745	0.0000
0.6204	-0.7407	-2.0000
0.6012	-0.6998	-3.0000
0.5928	-0.6881	-3.0000
-0.0541	-0.1326	0.0000
0.4886	-0.6013	-3.0000
0.3888	-0.5876	-3.0000
0.4821	-0.5686	-3.0000
0.3534	-0.5966	-3.0000
0.4831	-0.5064	-3.0000
0.7109	-0.7942	-2.0000
0.3969	-0.5257	-3.0000
0.8186	-0.8033	-2.0000
0.4465	-0.6893	-3.0000
0.4425	-0.6658	-3.0000
0.7102	-0.8418	-3.0000
0.2390	-0.0528	-2.0000
0.5053	-0.4630	-3.0000
0.7032	-0.7400	-3.0000
0.5758	-0.5106	-2.0000
0.4782	-0.6786	-2.0000
0.4492	-0.6415	-3.0000
0.4072	-0.4924	-2.0000
0.3321	-0.3994	-2.0000
0.4518	-0.6530	-3.0000
0.4069	-0.6477	-3.0000
0.5972	-0.7705	-3.0000
0.3923	-0.5354	-3.0000
0.2996	-0.5076	-3.0000
0.2793	-0.4982	-3.0000
0.3460	-0.6130	-3.0000
0.2858	-0.5671	-2.0000
0.4632	-0.6722	-2.0000
-0.1205	-0.0434	0.0000
0.2523	-0.5674	-2.0000
0.2848	-0.4403	0.0000
0.0001	-0.0175	0.0000
0.7459	-0.8695	0.0000
0.6171	-0.4489	-3.0000
0.6525	-0.7791	-3.0000
0.5240	-0.6661	-3.0000
0.4177	-0.6462	-3.0000
0.5567	-0.5145	-3.0000
0.5324	-0.6642	-2.0000
0.5290	-0.6781	-3.0000
-0.0064	0.0197	0.0000
0.0150	-0.1401	0.0000
0.5137	-0.1242	0.0000
0.2750	-0.4900	-3.0000
0.4930	-0.7027	-3.0000
0.3922	-0.4255	-2.0000
0.4657	-0.6178	-3.0000
0.7049	-0.3606	-2.0000
0.6540	-0.4517	-2.0000
0.5943	-0.7827	-3.0000
0.9344	-0.3442	0.0000
0.4163	-0.4771	-2.0000
0.5802	-0.5090	-3.0000
0.7299	-0.7578	-2.0000
1.3094	0.0323	0.0000
0.5492	-0.6050	-3.0000
0.7060	-0.9004	0.0000
0.6146	-0.8188	-3.0000
0.5312	-0.4245	-3.0000
0.5099	-0.7503	-3.0000
0.3889	-0.5881	-2.0000
0.4122	-0.6593	-3.0000
0.8438	-0.3688	0.0000
0.3464	-0.5851	-3.0000
0.5046	-0.6047	-3.0000
0.2832	-0.5091	-3.0000
-0.1216	-0.3024	0.0000
0.0293	0.0391	0.0000
0.5361	-0.5871	-2.0000
0.5389	-0.6989	-3.0000
0.4955	-0.7311	-3.0000
0.6215	-0.7893	-3.0000
0.2005	-0.3000	0.0000
0.4451	-0.3844	-3.0000
0.6718	-0.7736	-3.0000
0.5663	-0.5495	-3.0000
0.3956	-0.6469	-3.0000
0.7119	-0.7406	-2.0000
0.7029	-0.8458	0.0000
0.8344	0.0351	0.0000
0.5816	-0.7583	0.0000
0.4221	-0.6075	-3.0000
0.9462	-1.0873	0.0000
0.5725	-0.4574	-3.0000
0.2835	-0.1677	-2.0000
0.5785	-0.6217	-3.0000
0.4568	-0.6549	-2.0000
0.7298	-0.7636	-2.0000
0.6127	-0.5210	-3.0000
0.5215	-0.7469	-3.0000
0.6231	-0.4997	-3.0000
0.5304	-0.5844	-2.0000
0.3843	-0.6164	-3.0000
1.1384	0.0637	0.0000
0.6307	-0.8214	-2.0000
0.4006	-0.6475	-3.0000
0.5079	-0.4211	-2.0000
0.6852	-0.8260	-2.0000
0.3737	-0.6742	-2.0000
0.0706	-0.0398	-2.0000
0.5732	-0.6906	-2.0000
0.2591	-0.4339	-2.0000
0.6190	-0.7027	-3.0000
0.4917	-0.6982	-3.0000
0.5459	-0.6893	-3.0000
0.6946	-0.7498	-2.0000
0.5521	-0.6397	-3.0000
0.4479	-0.6951	-3.0000
0.5157	-0.7632	0.0000
0.5447	-0.7768	-3.0000
0.1949	-0.4552	0.0000
0.6764	-0.7788	0.0000
0.3474	-0.6684	-2.0000
0.0230	0.0789	-2.0000
0.3565	0.5250	0.0000
-0.0483	-0.2510	0.0000
0.4455	-0.6601	-3.0000
1.0467	0.2576	0.0000
0.6499	-0.6102	0.0000
0.6718	-0.9278	0.0000
0.7289	-0.3084	-2.0000
0.6452	-0.6238	-2.0000
0.6813	-0.8139	-3.0000
0.7114	-0.8318	-3.0000
0.4166	-0.6594	-3.0000
0.5445	-0.7612	-3.0000
0.3171	-0.5717	-3.0000
0.2361	-0.5823	0.0000
0.3140	-0.6329	-3.0000
0.2987	-0.5625	-3.0000
0.5145	-0.7804	-2.0000
0.6245	-0.7216	-3.0000
0.4784	-0.6672	-3.0000
0.5104	-0.6119	-3.0000
0.5003	-0.5492	-2.0000
0.5498	-0.6061	0.0000
0.6010	-0.5336	-2.0000
0.4376	-0.6556	-3.0000
0.4548	-0.7101	-3.0000
0.6005	-0.8032	-3.0000
0.6956	-0.7773	-3.0000
0.5590	-0.7853	-3.0000
0.5483	-0.5198	-3.0000
0.5145	-0.6644	-3.0000
0.5805	-0.7994	-3.0000
0.6220	-0.8240	0.0000
0.4878	-0.7565	-3.0000
0.3956	-0.6518	-2.0000
0.3201	-0.4949	-3.0000
0.2297	-0.4881	-2.0000
0.2780	-0.4476	-3.0000
0.1814	-0.4788	0.0000
0.7465	-0.7717	-3.0000
0.5591	-0.7552	-3.0000
0.5997	-0.7123	-3.0000
0.5325	-0.5594	-3.0000
0.3472	-0.4126	0.0000
0.5123	-0.5822	-2.0000
0.3994	-0.6359	-3.0000
1.3177	-0.3791	0.0000
0.5551	-0.8003	-3.0000
0.5815	-0.8025	-3.0000
0.1344	-0.3726	0.0000
0.6589	-0.8315	-2.0000
0.7640	-0.8292	-2.0000
0.7445	-0.8859	-2.0000
0.6245	-0.7957	-3.0000
0.5541	-0.7250	-3.0000
0.6774	-0.8922	-3.0000
0.3562	-0.5730	-3.0000
0.4791	-0.5954	-3.0000
0.3096	-0.5663	-2.0000
0.6512	-0.6291	-3.0000
0.5578	-0.7642	-3.0000
0.7068	-0.8367	0.0000
0.5664	-0.7728	-2.0000
0.4055	-0.6767	-2.0000
0.4938	-0.6089	-3.0000
0.3075	-0.6336	-2.0000
0.4120	-0.5792	-2.0000
0.6273	-0.8054	-3.0000
0.5855	-0.7861	-3.0000
0.4712	-0.6432	-3.0000
0.5155	-0.7964	-3.0000
-0.2094	0.1873	0.0000
0.6816	-0.5450	0.0000
0.4183	-0.6579	-3.0000
0.2186	-0.3446	0.0000
0.2238	-0.1087	0.0000
0.3838	-0.6372	-2.0000
0.3702	-0.6155	-2.0000
0.5336	-0.6845	-2.0000
0.6971	-0.7863	-3.0000
0.8605	-0.8758	-2.0000
0.3048	-0.5854	-2.0000
0.6731	-0.7650	-3.0000
1.3834	-1.3740	0.0000
0.4331	-0.7791	-2.0000
0.5609	-0.7776	-2.0000
0.3691	-0.7588	-2.0000
0.6052	-0.8202	-2.0000
0.4960	-0.4933	-3.0000
1.4603	0.0623	0.0000
0.6680	-0.7923	-2.0000
0.4426	-0.7369	-2.0000
0.4047	-0.6803	-3.0000
0.7967	-0.9156	-2.0000
0.3046	-0.1844	-2.0000
0.6387	-0.5406	-3.0000
0.4955	-0.5310	-3.0000
1.1298	-0.0992	0.0000
0.4665	-0.6787	-3.0000
0.0215	0.0414	0.0000
0.7004	-0.7422	-2.0000
0.5307	-0.7212	-3.0000
0.6503	-0.7151	-3.0000
0.4781	-0.4627	-3.0000
0.4757	-0.6858	-3.0000
1.1272	-1.0313	0.0000
0.4172	-0.6483	-3.0000
1.2112	0.7991	0.0000
0.3568	-0.5882	-2.0000
0.4403	-0.6889	-3.0000
0.1061	-0.1285	0.0000
0.7085	-0.7936	-2.0000
0.4633	-0.5779	-3.0000
0.3986	-0.6458	-3.0000
0.4614	-0.6299	-3.0000
0.3211	-0.5993	-2.0000
0.4011	-0.5926	-3.0000
0.5565	-0.7405	-3.0000
0.1025	-0.1632	0.0000
0.3283	-0.5096	-2.0000
0.4655	-0.6561	-3.0000
0.1406	-0.1321	0.0000
0.1023	-0.3538	0.0000
0.6740	-0.7828	-2.0000
0.4805	-0.7217	-2.0000
0.1426	-0.0798	-2.0000
-0.0979	0.0246	0.0000
0.6773	-0.8584	-2.0000
0.5759	-0.7153	-3.0000
0.1973	-0.1002	-2.0000
0.6696	-0.8133	0.0000
0.5456	-0.6747	-3.0000
0.8131	-0.7398	0.0000
0.5643	-0.6950	-3.0000
0.5442	-0.7670	-2.0000
0.0752	-0.0838	0.0000
0.4639	0.3881	0.0000
-0.1359	0.0742	0.0000
0.6170	-0.6585	-2.0000
0.5102	-0.5497	-3.0000
0.3433	-0.5765	-3.0000
0.4046	-0.5359	-3.0000
0.3673	-0.4909	-2.0000
0.6805	-0.6960	0.0000
0.6898	-0.6960	-3.0000
0.4397	-0.7399	-3.0000
0.5532	-0.3515	-2.0000
0.5587	-0.7332	-3.0000
0.6758	-0.8015	-3.0000
0.5324	-0.4694	-3.0000
0.5867	-0.6182	-3.0000
1.2002	-0.3282	0.0000
0.5871	-0.7156	-3.0000
0.6143	-0.7524	-2.0000
0.5856	-0.8237	-3.0000
0.3548	-0.5870	-2.0000
0.6543	-0.8080	-3.0000
0.2897	-0.4528	-2.0000
0.2302	-0.0568	0.0000
0.9255	-0.2403	0.0000
0.6008	-0.5508	0.0000
0.6507	-0.7879	-3.0000
0.4521	-0.6496	-2.0000
0.0178	-0.1293	0.0000
0.5784	-0.7330	0.0000
0.5926	-0.8143	-2.0000
0.3895	-0.5288	-3.0000
0.5034	-0.6730	-3.0000
0.4817	-0.4755	-2.0000
0.7169	0.3419	0.0000
0.4631	-0.5948	-3.0000
0.6740	-0.5951	-2.0000
0.6880	-0.8773	0.0000
0.6118	-0.8033	-2.0000
0.5870	-0.6852	0.0000
0.7626	-0.7822	-3.0000
0.6542	-0.8196	-3.0000
0.5253	-0.5873	-3.0000
0.5596	-0.6495	-3.0000
0.6583	-0.8393	-2.0000
0.5416	-0.7688	-2.0000
0.5561	-0.8223	-2.0000
0.4187	-0.3891	0.0000
0.5337	-0.7147	-2.0000
0.6067	-0.7885	-2.0000
0.5829	-0.7952	-3.0000
0.1916	-0.4646	0.0000
0.3510	-0.6058	-2.0000
0.6643	-0.0922	-2.0000
0.6294	-0.8119	-3.0000
0.7162	-0.7715	0.0000
0.4263	-0.7025	-2.0000
0.5683	-0.6490	-2.0000
0.7149	-0.7670	-2.0000
0.7958	-0.9219	0.0000
0.4566	-0.6586	-3.0000
0.4155	-0.6239	-3.0000
0.5865	-0.7619	-2.0000
0.6409	-0.6309	-2.0000
0.4487	-0.6894	-2.0000
0.4656	-0.9704	0.0000
1.0564	-0.2075	0.0000
0.5625	-0.6521	-3.0000
0.3282	-0.2460	-2.0000
0.4224	-0.6568	0.0000
0.3850	-0.6670	-3.0000
0.6535	-0.7741	-2.0000
0.4713	-0.8724	0.0000
0.7825	-0.8861	0.0000
0.3768	-0.6290	-3.0000
0.4651	-0.5819	-2.0000
0.4279	-0.5858	-2.0000
0.3640	-0.5937	-3.0000
0.8172	-0.7141	-2.0000
0.7259	-0.8344	-2.0000
0.1870	-0.1381	-2.0000
0.7065	-0.7236	-2.0000
0.8067	-0.6224	0.0000
0.3377	-0.5705	-3.0000
0.5693	0.2356	0.0000
0.4649	-0.6190	-3.0000
0.5016	-0.7647	-2.0000
0.2689	-0.4745	-2.0000
0.5062	-0.5455	-3.0000
0.4089	-0.6330	-3.0000
0.5953	-0.7854	-2.0000
0.3999	-0.6963	-2.0000
0.2223	0.4402	0.0000
0.5430	-0.7485	-3.0000
0.4443	-0.5879	-3.0000
1.0985	0.0097	0.0000
0.3776	-0.6040	-3.0000
0.8341	-0.1406	0.0000
0.4233	-0.6610	-3.0000
0.4106	-0.6576	-3.0000
0.0443	-0.2240	0.0000
0.4451	-0.6623	-3.0000
0.9791	-0.0531	0.0000
0.4005	-0.7168	-2.0000
0.6627	-0.8393	-2.0000
0.3462	-0.6196	-3.0000
-0.0261	-0.0244	0.0000
0.6562	-0.7637	-2.0000
0.8832	-1.6470	0.0000
0.3272	-0.5945	-2.0000
1.0199	0.0893	-1.0000
0.4340	-0.6236	-3.0000
0.5778	-0.8311	-2.0000
0.5480	-0.8152	-3.0000
0.4237	-0.6385	-2.0000
1.0026	0.1678	-1.0000
0.5384	-0.7356	-2.0000
0.4338	-0.7644	-2.0000
0.5606	-0.6359	-2.0000
0.8241	-0.8096	-2.0000
0.4734	-0.6614	-3.0000
0.6255	-0.7563	-3.0000
0.6326	-0.7122	-3.0000
0.0273	0.2406	-1.0000
0.3811	-0.5673	-2.0000
0.6865	-0.8525	-3.0000
0.6505	-0.7614	-3.0000
0.5268	-0.5518	-3.0000
0.5958	-0.5387	-3.0000
0.7616	-0.8455	-2.0000
0.3929	-0.4938	-3.0000
0.4546	-0.3155	-2.0000
0.8932	0.0450	-1.0000
0.8887	-0.8975	-2.0000
0.5402	-0.6894	-3.0000
0.7234	-0.8491	-3.0000
0.4189	-0.5652	-3.0000
0.4857	-0.6689	-3.0000
0.7355	-0.8223	-2.0000
0.6586	-0.7775	-3.0000
0.4714	-0.4073	-3.0000
0.4425	-0.6239	-3.0000
0.8889	0.0744	-2.0000
0.5328	-0.5625	-3.0000
0.6190	-0.8279	-3.0000
0.4792	-0.5476	-3.0000
0.7962	-0.2542	-2.0000
0.5293	-0.7112	-3.0000
0.6079	-0.6234	-3.0000
1.0226	-0.0665	-2.0000
0.5088	-0.6889	-3.0000
0.4606	-0.7138	-3.0000
0.8619	-0.8792	-1.0000
0.4811	-0.6178	-3.0000
0.6425	0.4127	-1.0000
0.6032	-0.6183	-3.0000
0.5646	-0.7202	-3.0000
0.5133	-0.6796	-3.0000
0.6910	-0.8849	-1.0000
0.4928	-0.7093	-3.0000
0.6968	-0.7569	-3.0000
0.5402	-0.6202	-3.0000
0.6619	-0.4241	-2.0000
0.4059	-0.5385	-3.0000
0.4821	-0.5893	-3.0000
0.5095	-0.6965	-3.0000
0.4542	-0.6400	-3.0000
0.4925	-0.6190	-3.0000
0.4983	-0.6914	-3.0000
0.4210	-0.5753	-3.0000
-0.0151	-0.2851	-1.0000
0.4470	-0.6737	-3.0000
0.3095	-0.5246	-2.0000
0.4217	0.4482	-1.0000
0.1250	-0.4260	-2.0000
0.2436	-0.4299	-1.0000
0.5396	-0.6450	-3.0000
0.6388	-0.8095	-2.0000
0.3287	-0.5947	-2.0000
0.3445	-0.5910	-3.0000
0.3262	-0.5836	-3.0000
0.3826	-0.0353	-1.0000
0.3410	-0.5783	-3.0000
0.2357	-0.5081	-1.0000
0.0943	-0.3417	-2.0000
0.3253	-0.5319	-3.0000
0.5544	-0.7210	-2.0000
0.1194	-0.3418	-1.0000
0.5138	-0.5194	-3.0000
0.4587	-0.6027	-3.0000
0.9843	0.0812	-1.0000
0.6513	-0.6478	-2.0000
0.5717	-0.7756	-3.0000
0.4362	-0.6302	-3.0000
0.4906	-0.6486	-2.0000
0.6176	-0.5118	-2.0000
0.5247	-0.4051	-3.0000
1.0710	-0.0953	-1.0000
0.6177	-0.7345	-3.0000
0.8360	-0.8608	-2.0000
-0.0403	0.0723	-2.0000
0.6708	-0.7169	-3.0000
0.4218	-0.6363	-3.0000
0.6029	-0.6228	-3.0000
0.5074	-0.5886	-2.0000
0.7256	-0.7794	-3.0000
0.7357	-0.7879	-3.0000
0.4608	-0.6235	-3.0000
0.5773	-0.6762	-3.0000
0.7043	-0.3988	-2.0000
0.5337	-0.5889	-2.0000
0.3333	-0.5446	-3.0000
0.6478	-0.8009	-2.0000
0.4758	-0.6759	-3.0000
0.8017	0.3059	-1.0000
0.4049	-0.5170	-3.0000
0.5602	-0.6889	-3.0000
0.5110	-0.5978	-2.0000
0.4797	-0.4642	-2.0000
0.4240	-0.6255	-3.0000
0.4236	-0.5834	-2.0000
0.3234	-0.5068	-3.0000
0.2183	-0.5020	-2.0000
0.5407	-0.5376	-3.0000
0.5241	-0.7816	-2.0000
0.6997	-0.6983	-2.0000
0.5650	-0.7316	-3.0000
0.4546	-0.6468	-3.0000
0.5042	-0.5014	-3.0000
0.7857	-0.6672	-2.0000
0.4567	-0.5152	-2.0000
0.0300	0.0027	-2.0000
1.2971	0.0048	-1.0000
0.4846	-0.5754	-2.0000
0.3644	-0.5966	-3.0000
0.4266	-0.5525	-3.0000
0.5288	-0.7132	-2.0000
0.4002	-0.4171	-1.0000
0.8041	-0.6524	-2.0000
0.6321	-0.5764	-2.0000
0.4832	-0.6815	-3.0000
0.7580	0.2304	-1.0000
0.5289	-0.7387	-3.0000
0.5482	-0.4450	-2.0000
0.6992	-0.7855	-3.0000
0.5259	-0.7286	-3.0000
0.6272	-0.4487	-3.0000
0.7226	-0.8128	-2.0000
0.6606	-0.7598	-3.0000
0.4413	-0.6657	-3.0000
0.8386	-0.8422	-2.0000
0.4015	-0.3566	-3.0000
0.4368	-0.4695	-3.0000
0.7432	-0.4757	-2.0000
1.1692	-0.3217	-1.0000
0.0534	-0.0666	-2.0000
0.7807	-0.7884	-2.0000
0.4058	-0.5980	-3.0000
0.5927	-0.7114	-3.0000
0.4559	-0.4419	-2.0000
0.6141	-0.7798	-3.0000
1.1435	-0.1347	-1.0000
0.5037	-0.7135	-3.0000
0.7222	-0.8458	-3.0000
0.4209	-0.7438	-2.0000
0.3335	-0.5572	-3.0000
0.6169	-0.7863	-2.0000
0.3687	-0.6004	-3.0000
0.6476	-0.8826	-2.0000
0.5613	-0.6788	-3.0000
0.5988	-0.6721	-3.0000
0.3491	-0.5942	-3.0000
0.2525	-0.5261	-2.0000
0.3412	-0.4991	-2.0000
0.1939	-0.4897	-3.0000
0.5642	0.3421	-1.0000
0.4396	-0.6368	-3.0000
0.2486	-0.2628	-2.0000
0.3817	-0.6632	-1.0000
1.1387	0.1143	-1.0000
0.6810	-0.6887	-2.0000
1.1506	0.1074	-1.0000
0.5814	-0.7665	-2.0000
0.4659	-0.6596	-3.0000
0.6617	-0.5500	-3.0000
0.8494	-0.9650	-1.0000
0.5594	-0.7320	-3.0000
-0.0081	0.0748	-2.0000
0.6313	-0.5774	-2.0000
0.4398	-0.4252	-3.0000
0.3327	-0.4787	-3.0000
0.4872	-0.6850	-3.0000
0.3259	-0.3747	-3.0000
0.3848	-0.4047	-2.0000
0.7507	-0.3973	-3.0000
0.4609	-0.7591	-2.0000
0.6443	-0.7184	-3.0000
0.8235	-0.3510	-1.0000
0.7624	0.3803	-1.0000
0.8060	-0.6332	-1.0000
0.6282	-0.6868	-3.0000
0.5019	-0.4291	-2.0000
0.7680	-0.7926	-2.0000
0.8828	-0.9274	-1.0000
0.3647	-0.5939	-3.0000
0.8044	-0.6462	-3.0000
0.4949	-0.6493	-3.0000
0.8258	-0.7985	-2.0000
0.3994	-0.5777	-2.0000
0.2821	0.0697	-1.0000
0.6126	-0.4330	-1.0000
0.3611	-0.2764	-1.0000
0.4285	-0.6974	-2.0000
0.2487	-0.4574	-3.0000
0.3119	-0.4335	-1.0000
0.5189	-0.6664	-3.0000
0.3668	-0.5402	-3.0000
0.5994	-0.8199	-3.0000
0.9973	-0.0323	-1.0000
0.2726	-0.2853	-2.0000
0.6681	-0.5301	-2.0000
1.1339	0.0152	-1.0000
0.3687	-0.6545	-2.0000
0.5952	-0.7523	-3.0000
0.7555	-0.5775	-3.0000
0.3300	-0.5592	-3.0000
0.5939	-0.7993	-2.0000
0.6243	-0.5742	-2.0000
1.3232	-0.0872	-1.0000
0.6608	-0.7223	-3.0000
0.7759	-0.8092	-3.0000
0.4174	-0.6791	-3.0000
0.8060	-0.9642	-1.0000
0.5189	-0.7271	-3.0000
0.6096	-0.8090	-3.0000
0.1403	-0.0200	-1.0000
0.7941	-0.6081	-3.0000
0.6516	-0.4631	-3.0000
0.1826	-0.2959	-2.0000
0.2330	0.1446	-1.0000
0.5259	-0.7355	-3.0000
0.5186	-0.7269	-3.0000
0.3130	-0.0208	-1.0000
0.4769	-0.6504	-3.0000
0.5867	-0.7799	-3.0000
0.8099	-0.8742	-1.0000
0.5627	-0.7191	-3.0000
0.4537	-0.6807	-3.0000
0.1478	-0.1774	-1.0000
0.2400	-0.2002	-3.0000
0.3701	-0.5993	-3.0000
0.4011	-0.6082	-3.0000
0.7241	-0.8409	-2.0000
0.3472	-0.4524	-2.0000
0.8162	0.1060	-1.0000
0.6992	-0.7937	-1.0000
0.4810	-0.5576	-3.0000
0.3992	-0.6539	-3.0000
0.2068	-0.6151	-1.0000
0.4688	-0.7211	-1.0000
0.3565	-0.6237	-3.0000
0.5446	-0.7452	-1.0000
0.6281	-0.8257	-1.0000
0.8130	-0.8170	-3.0000
0.6648	-0.8394	-3.0000
0.4983	-0.6841	-3.0000
0.5615	-0.8077	-3.0000
0.5757	-0.8061	-3.0000
0.5079	-0.6283	-3.0000
0.7977	-0.7423	-3.0000
0.7421	-0.9086	-2.0000
0.3653	-0.5733	-3.0000
0.5939	-0.8006	-3.0000
0.5417	-0.7058	-3.0000
0.0442	-0.0342	-1.0000
0.4680	-0.6008	-3.0000
0.5043	-0.7347	-2.0000
0.2918	-0.6231	-1.0000
0.6485	-0.7207	-1.0000
0.5480	-0.3208	0.0000
0.5159	-0.7247	-2.0000
0.7464	-0.7311	0.0000
0.3373	0.0432	0.0000
0.6813	-0.7857	-1.0000
0.8230	-0.8574	-2.0000
0.4600	-0.6967	-2.0000
0.7789	-0.8567	-1.0000
0.3512	-0.6361	-2.0000
0.7510	-0.8074	-2.0000
0.3820	-0.3329	-1.0000
0.7338	-0.8767	-2.0000
0.6735	-0.8019	-2.0000
0.4230	-0.6240	-1.0000
0.4673	-0.7480	-1.0000
0.4610	-0.6541	-1.0000
0.3147	-0.6298	-2.0000
0.5399	-0.6941	-3.0000
0.0125	-0.2897	0.0000
0.2915	0.3676	0.0000
0.4060	-0.6774	-2.0000
0.6857	-0.8371	-2.0000
0.6937	-0.8083	-1.0000
1.2138	-0.1464	0.0000
0.4581	-0.1522	0.0000
0.6297	-0.7212	-2.0000
0.8656	-0.8112	-1.0000
0.6210	-0.6754	-2.0000
0.5954	-0.7060	-3.0000
1.1014	0.0751	-1.0000
0.5296	-0.7165	-2.0000
0.7291	-0.8160	-1.0000
0.6538	-0.3584	0.0000
0.7066	-0.8479	-1.0000
0.3580	-0.6326	-1.0000
0.5847	-0.7528	-3.0000
0.8333	-0.3467	0.0000
0.5044	-0.7113	-3.0000
0.6115	-0.5679	-2.0000
0.6065	-0.8179	-2.0000
0.3966	-0.6477	-1.0000
0.4654	-0.6440	-3.0000
0.7910	-0.9896	0.0000
0.7248	0.1972	0.0000
0.1795	-0.5056	-1.0000
0.4029	-0.6249	-2.0000
0.3320	-0.5400	-2.0000
0.0409	-0.1194	0.0000
1.4216	-0.5892	0.0000
-0.1097	-0.0074	0.0000
0.4771	-0.6924	-3.0000
0.6443	-0.8076	-2.0000
0.6661	-0.8620	-1.0000
0.3198	-0.7625	0.0000
0.4945	-0.7275	-2.0000
0.0689	-0.0750	-1.0000
0.5310	-0.7791	-2.0000
1.2814	-0.4630	0.0000
0.4409	-0.7341	-1.0000
0.7099	-0.8789	-1.0000
0.7054	-1.0706	0.0000
0.5890	-0.8597	-1.0000
0.7162	-0.4863	-1.0000
0.7275	-0.7978	-1.0000
0.6992	-0.9239	-1.0000
0.6782	-0.8607	-2.0000
0.6806	-0.8826	0.0000
0.7468	-0.9209	-1.0000
0.9643	-0.4736	0.0000
0.5396	-0.7162	-2.0000
1.2015	0.0347	0.0000
0.6416	-0.7896	-2.0000
0.5032	-0.5535	-1.0000
0.4613	-0.6297	-2.0000
0.3205	-0.1482	-1.0000
0.4458	-0.6168	-3.0000
0.5247	-0.6949	-3.0000
0.6056	-0.6686	-2.0000
1.0852	0.0058	0.0000
0.2909	-0.4067	0.0000
0.5662	-0.7115	-2.0000
-0.0348	-0.2912	0.0000
0.3775	-0.6086	-1.0000
0.3562	-0.6182	-2.0000
0.4912	-0.4231	-2.0000
0.5590	-0.7658	-3.0000
0.6627	-0.8268	-2.0000
0.3764	-0.5867	-3.0000
0.6469	-0.7626	-2.0000
0.4354	-0.6153	-3.0000
0.6162	-0.7917	-2.0000
0.4080	-0.6465	-2.0000
0.6278	-0.7470	-2.0000
0.5837	-0.7008	-1.0000
0.6256	-0.7993	-3.0000
0.2632	-0.5446	-3.0000
0.4524	-0.5792	-1.0000
0.6126	-0.8291	-1.0000
0.1992	0.0984	-1.0000
0.5954	-0.7121	-1.0000
0.3393	-0.5616	-2.0000
0.3602	-0.6101	-2.0000
0.5492	-0.7854	0.0000
0.3806	-0.6417	0.0000
0.5089	-0.6475	-3.0000
0.6251	-0.5494	-2.0000
0.3977	-0.6303	-3.0000
0.6462	-0.8295	-2.0000
0.1862	-0.2272	-1.0000
0.6171	-0.3966	-2.0000
0.6695	-0.8071	-2.0000
0.7595	-0.8166	-1.0000
0.6369	-0.7287	-3.0000
0.4923	-0.6501	-2.0000
0.5540	-0.7354	-3.0000
0.3612	-0.5153	-1.0000
0.6698	-0.8296	-2.0000
0.5818	-0.7873	-2.0000
0.2350	-0.5186	-1.0000
0.5316	-0.5116	-3.0000
0.6228	-0.6002	-1.0000
0.7677	-0.8862	-1.0000
0.6850	-0.7547	-2.0000
0.6994	-0.7160	-1.0000
0.6241	-0.6301	-1.0000
1.4403	-0.3686	0.0000
1.3465	-0.3455	0.0000
0.9432	0.0204	0.0000
0.7737	-0.6192	-2.0000
0.0848	-0.0337	-2.0000
0.6359	-0.6365	-1.0000
0.5048	-0.7200	-2.0000
0.9048	-0.5493	-1.0000
0.6226	-0.7657	-3.0000
0.4059	-0.5462	-3.0000
0.2100	-0.3913	-2.0000
0.6962	-0.8001	0.0000
0.4306	-0.6927	-2.0000
0.2270	-0.3164	0.0000
0.2309	-0.4251	-1.0000
0.7017	-0.7189	-3.0000
1.0331	0.3509	0.0000
0.4169	-0.6536	-3.0000
0.7246	-0.6952	-2.0000
0.7163	-0.8551	0.0000
0.4691	-0.6205	-1.0000
0.9275	-0.7838	-1.0000
0.7454	-0.6337	0.0000
0.7893	-0.2096	-1.0000
0.8263	-0.8661	0.0000
0.4858	0.1971	0.0000
0.8387	-0.7240	-1.0000
0.6242	-0.8409	-1.0000
0.7022	-0.8342	-1.0000
0.2311	-0.3409	-1.0000
0.0378	-0.1418	0.0000
0.5913	-0.7918	-2.0000
0.6723	-0.7764	-1.0000
0.2053	-0.2508	0.0000
0.7107	-0.7912	-3.0000
0.8997	0.2684	-1.0000
0.4467	-0.5982	-2.0000
0.4429	-0.7529	-1.0000
0.4049	-0.6598	-3.0000
0.5744	-0.8297	-1.0000
0.3470	-0.5541	-3.0000
0.3495	-0.6495	0.0000
0.4050	0.3184	0.0000
0.6808	-0.8239	-1.0000
0.4780	-0.6704	-1.0000
0.7995	-0.8672	-1.0000
0.3944	-0.6904	-1.0000
0.3402	-0.5044	-2.0000
0.6090	-0.6151	-1.0000
0.3815	-0.6408	-2.0000
0.4512	-0.6460	-1.0000
0.4855	-0.6763	-2.0000
1.0580	-0.9559	0.0000
0.3102	-0.6369	-1.0000
0.4006	-0.5915	-2.0000
1.1126	-0.1043	0.0000
1.4306	-0.3194	0.0000
0.5466	-0.7500	-1.0000
0.4768	-0.6435	-3.0000
0.5919	-0.8435	-2.0000
0.3548	0.0677	-1.0000
0.5830	-0.7418	-3.0000
0.7048	-0.8159	-2.0000
0.5571	-0.7782	-2.0000
0.5707	-0.7040	-3.0000
0.5035	-0.6772	-3.0000
0.9630	-0.7313	-1.0000
0.4843	-0.6527	-3.0000
0.6856	-0.7434	-2.0000
0.5456	-0.6066	-1.0000
0.3391	-0.3783	-1.0000
1.1360	-0.1284	-1.0000
0.3563	-0.6163	-2.0000
0.4982	-0.6145	-1.0000
0.6152	-0.8002	-2.0000
0.3069	-0.5954	-2.0000
0.5965	-0.7090	0.0000
0.4324	-0.6168	-3.0000
0.5562	-0.1899	0.0000
0.5267	-0.7848	-2.0000
0.6610	-0.7216	-2.0000
0.3920	-0.5569	-2.0000
0.6731	-0.8340	-1.0000
0.4149	-0.6690	0.0000
0.7066	-0.7642	-2.0000
0.8085	-0.8836	-1.0000
0.3820	-0.6700	-2.0000
0.6401	-0.7613	-1.0000
0.4616	-0.7046	-2.0000
0.3374	-0.6325	-2.0000
0.0585	0.0916	-1.0000
0.7217	-0.8046	-2.0000
0.6241	-0.8134	-2.0000
0.6260	-0.8307	-2.0000
0.7940	-0.8952	-1.0000
0.5636	-0.7487	-3.0000
0.4902	-0.7357	-2.0000
0.6207	-0.6362	-2.0000
0.2046	0.2256	0.0000
0.4227	-0.7028	-2.0000
0.3041	0.0471	0.0000
0.7232	-0.8173	-1.0000
0.3448	-0.6299	-2.0000
0.4794	-0.7779	-2.0000
0.4405	-0.5370	-1.0000
1.2138	-0.0896	0.0000
0.8593	-0.9028	0.0000
0.7193	-0.7738	-1.0000
0.2613	-0.2870	0.0000
1.1606	-0.8041	0.0000
0.8946	-0.8850	-1.0000
0.5215	-0.7214	-2.0000
0.5065	-0.6955	-2.0000
0.5806	-0.7623	-2.0000
0.7962	-0.9785	0.0000
0.3688	-0.5067	-2.0000
0.4693	-0.6217	-3.0000
0.4494	-0.6111	-3.0000
0.7940	-0.0422	-1.0000
0.6081	-0.5880	-1.0000
0.0736	-0.1738	-1.0000
1.1498	-0.1100	0.0000
0.5281	-0.7050	-3.0000
0.2169	-0.1440	-1.0000
0.5960	-0.7166	-2.0000
0.6857	-0.8358	-2.0000
0.4892	-0.6467	-2.0000
0.4272	-0.6971	-2.0000
0.8004	-0.7405	-1.0000
1.0355	0.1863	0.0000
0.7381	-0.8584	-1.0000
0.7831	-0.8365	-1.0000
0.4552	-0.6648	-2.0000
0.7058	-0.7642	-1.0000
0.6021	-0.6936	-3.0000
0.2188	-0.4280	-1.0000
0.3853	-0.5749	-2.0000
0.5144	-0.6897	-3.0000
0.2880	-0.0581	0.0000
0.0051	-0.0709	-1.0000
0.5796	-0.6221	-1.0000
0.5178	-0.7102	-3.0000
0.1640	-0.2459	-1.0000
0.1222	-0.4273	0.0000
0.6606	-0.6754	-2.0000
0.5004	-0.6704	-3.0000
0.6401	-0.0928	-1.0000
0.4349	-0.5618	-3.0000
0.5036	-0.6981	-3.0000
0.4507	-0.5043	-2.0000
1.1439	-0.4963	0.0000
0.4833	-0.4537	-2.0000
0.5230	-0.7002	-3.0000
0.6428	-0.7274	-2.0000
0.4429	-0.5917	-3.0000
0.5473	-0.5692	-1.0000
0.6224	-0.0458	-1.0000
0.5573	-0.7395	-2.0000
0.1267	0.4086	0.0000
0.6837	-0.6948	-2.0000
0.8706	-0.4791	0.0000
0.5591	-0.6571	-3.0000
1.1932	-0.1691	0.0000
0.6151	-0.7998	0.0000
0.6295	-0.6919	-2.0000
0.5202	-0.6388	-2.0000
0.6261	-0.7384	-3.0000
1.1337	0.0790	0.0000
0.4329	-0.5957	-3.0000
0.6929	-0.7795	-2.0000
0.5933	-0.5885	-2.0000
0.7087	-0.9447	-1.0000
0.6250	-0.7616	-2.0000
0.5776	-0.7584	-2.0000
0.7658	-0.8862	-1.0000
0.5691	-0.6807	0.0000
0.6367	-0.8464	-1.0000
0.2006	-0.0155	0.0000
0.0360	-0.1990	0.0000
0.2674	-0.5386	-1.0000
0.7748	-0.6759	-1.0000
0.4378	-0.6741	-2.0000
0.5550	-0.7248	-3.0000
0.6557	-0.7842	-2.0000
0.7085	-0.8745	0.0000
0.6684	-0.5400	-1.0000
0.2336	0.0115	0.0000
0.5314	-0.6723	-2.0000
0.4075	-0.6251	-1.0000
0.9940	-0.2858	0.0000
0.7761	-0.8525	-2.0000
0.7544	-0.8629	-2.0000
0.6276	-0.4615	-1.0000
0.8651	-0.9376	-1.0000
0.8092	-0.8136	-1.0000
0.4277	-0.6411	-1.0000
0.5971	-0.8410	-2.0000
0.7809	-0.2355	-1.0000
0.1094	-0.1437	0.0000
0.0548	0.0746	-1.0000
0.5253	-0.6977	-3.0000
0.6929	-0.8952	-1.0000
0.4935	-0.7485	-2.0000
0.2212	-0.4061	-1.0000
0.4322	-0.6788	-1.0000
0.7240	-0.8942	-1.0000
0.6448	0.1533	0.0000
0.2867	-0.5902	-1.0000
1.1336	-0.1736	-1.0000
1.2684	-0.2751	0.0000
0.4946	-0.6570	-3.0000
0.5195	-0.7608	-1.0000
0.8028	-0.4367	0.0000
1.1442	-0.1398	0.0000
0.6002	-0.8133	-2.0000
0.4938	-0.7253	-2.0000
0.4134	-0.6358	-2.0000
0.6900	-0.8493	-2.0000
0.4659	-0.7406	-2.0000
0.7673	-0.8260	-1.0000
0.9861	-0.8923	-1.0000
0.6873	-0.5789	-1.0000
0.6837	-0.8749	-1.0000
0.4793	-0.6890	-2.0000
0.7663	-0.9149	-1.0000
0.6324	-0.1708	0.0000
0.3333	-0.5423	-3.0000
0.6326	-0.6432	-2.0000
0.4549	-0.7057	-2.0000
0.9274	-0.7085	-1.0000
0.5151	-0.7251	-3.0000
0.4812	-0.5876	-2.0000
0.6880	-0.8693	-2.0000
0.6014	-0.8230	-2.0000
0.7143	-0.8895	-1.0000
0.8263	-0.8849	-2.0000
0.7580	-0.8312	0.0000
0.5798	-0.7590	-2.0000
0.3850	-0.5925	-3.0000
0.6164	-0.7880	-2.0000
0.5601	-0.6646	-2.0000
0.5792	-0.8430	0.0000
0.0052	-0.0658	0.0000
0.2186	-0.4727	0.0000
0.7375	-0.1283	-1.0000
0.5436	-0.7039	-2.0000
0.6015	-0.7448	-1.0000
0.7152	-0.3178	0.0000
0.4410	-0.7164	-1.0000
0.5406	-0.6699	-3.0000
1.6310	-0.6360	0.0000
0.5996	-0.6254	-3.0000
0.4947	-0.6821	-3.0000
0.5819	-0.8031	-2.0000
0.5770	0.2313	0.0000
1.0147	-0.1957	0.0000
0.0756	-0.0696	0.0000
0.6739	-0.8262	-1.0000
0.6541	-0.8469	-1.0000
0.5862	-0.7449	-3.0000
0.4799	-0.7266	-2.0000
0.4667	-0.6850	-2.0000
0.7281	-0.8931	-1.0000
-0.0716	0.2657	0.0000
0.5854	-0.7211	-2.0000
0.7617	-0.9109	-1.0000
0.5449	-0.7523	-2.0000
0.4469	-0.6345	-3.0000
0.6291	-0.7243	-2.0000
0.5135	-0.7215	-2.0000
0.1823	-0.3801	0.0000
0.4997	-0.6307	-2.0000
0.5908	-0.7757	-2.0000
0.7589	-1.0035	0.0000
0.4026	-0.6142	-2.0000
0.8462	-0.8197	-2.0000
0.5304	-0.7670	-2.0000
0.5598	-0.7557	-1.0000
0.6112	-0.8395	-2.0000
0.5163	-0.4852	-2.0000
0.6024	-0.7226	-2.0000
0.5061	-0.6565	-3.0000
0.7179	-0.8584	-2.0000
0.4871	-0.6350	-2.0000
0.6550	-0.6261	-1.0000
0.6362	-0.7602	-3.0000
0.6444	-0.7877	-1.0000
0.6649	-0.7462	-1.0000
0.4383	-0.6495	-1.0000
0.6177	-0.7962	-1.0000
0.8407	-0.8582	-1.0000
0.6114	-0.7099	-3.0000
0.7279	-0.7941	-2.0000
0.4268	-0.6545	-3.0000
1.0860	0.1026	0.0000
0.7244	-0.5913	-2.0000
0.6735	-0.5469	0.0000
0.6473	-0.7697	-1.0000
0.4936	-0.8258	-1.0000
0.6808	-0.7279	-1.0000
0.5984	-0.5191	-2.0000
0.6745	-0.6825	-2.0000
0.8708	-0.8752	-1.0000
0.6847	-0.8426	-1.0000
0.4828	-0.6341	-2.0000
0.6788	-0.7818	-2.0000
0.4454	-0.6203	-1.0000
0.6814	-0.8251	-2.0000
0.4952	-0.7643	-1.0000
0.6300	-0.7860	-2.0000
0.8293	-0.8899	-1.0000
0.6532	-0.8005	-2.0000
0.5095	-0.6888	-3.0000
0.8255	-0.8393	-1.0000
0.9714	-0.9286	-1.0000
0.7334	-0.8452	-2.0000
1.0192	-0.0208	0.0000
0.7571	-0.8614	-1.0000
0.3990	-0.6390	-2.0000
1.4438	-0.2660	0.0000
0.9483	-0.9053	0.0000
0.6323	-0.8048	-2.0000
0.6056	-0.8073	-1.0000
0.6699	-0.5472	0.0000
0.4195	-0.6461	-1.0000
0.7626	-0.9119	0.0000
0.6164	-0.7333	-2.0000
0.4849	-0.6960	-2.0000
1.5585	-0.3099	0.0000
0.4713	-0.6056	-2.0000
0.2765	-0.2834	-1.0000
1.2404	0.1492	0.0000
0.7649	-0.3360	0.0000
0.3660	-0.5630	-2.0000
0.6350	-0.6865	-3.0000
0.1561	0.0201	0.0000
0.5725	-0.4172	-2.0000
1.0789	0.1265	0.0000
0.0233	-0.0532	0.0000
1.2318	0.9035	0.0000
1.2056	1.0017	0.0000
0.4403	-0.4901	-1.0000
0.4125	-0.6041	-3.0000
0.1953	0.1675	0.0000
1.0032	0.0467	-1.0000
0.5939	-0.7393	-2.0000
0.4054	-0.5217	-1.0000
0.5671	-0.6989	-2.0000
0.5607	-0.7268	-3.0000
0.2576	-0.4755	-1.0000
0.7913	0.0502	0.0000
0.2401	-0.2998	0.0000
0.4651	-0.6360	-3.0000
0.4340	-0.6725	-3.0000
0.6009	0.2016	0.0000
0.3229	-0.5237	-1.0000
0.4439	-0.6183	-2.0000
0.3256	-0.5752	-2.0000
0.2268	-0.5548	-2.0000
0.3054	-0.5417	-1.0000
0.0201	-0.2643	0.0000
-0.0358	-0.0691	0.0000
0.4048	-0.5931	-2.0000
-0.1957	0.0489	0.0000
0.4474	-0.5102	-2.0000
0.5111	-0.6331	-3.0000
0.9250	0.4980	0.0000
0.4979	-0.5656	-2.0000
0.2018	0.0246	0.0000
0.5178	-0.6401	-1.0000
1.0109	0.3879	0.0000
0.6259	-0.4810	-2.0000
0.5150	-0.6517	-3.0000
0.4709	-0.5456	-2.0000
0.3194	-0.5278	-2.0000
0.2451	-0.3494	-1.0000
0.4091	-0.4661	-2.0000
0.2740	-0.1513	-1.0000
0.2201	-0.4662	0.0000
0.5163	-0.3189	0.0000
0.5238	-0.4872	-1.0000
0.4438	-0.6180	-2.0000
0.5746	-0.6035	-2.0000
0.4338	-0.6206	-2.0000
0.7165	-0.4618	-1.0000
0.1544	-0.1573	-1.0000
0.4403	-0.5579	-2.0000
0.3544	-0.6349	-1.0000
0.4059	-0.5925	-2.0000
0.5389	-0.6023	-1.0000
1.0654	-0.0446	0.0000
0.5854	-0.1679	0.0000
0.6128	-0.2515	-2.0000
0.3974	-0.6392	-3.0000
0.4346	-0.4890	-2.0000
0.1693	-0.0989	0.0000
0.2488	-0.4334	0.0000
0.4948	-0.5213	-3.0000
0.3773	-0.2063	0.0000
0.1223	-0.3013	0.0000
0.4274	-0.4445	-3.0000
0.8227	-0.6602	-1.0000
0.7432	-0.7054	-3.0000
0.4240	-0.5046	-1.0000
0.3903	-0.5118	-2.0000
0.4282	-0.3369	0.0000
0.6574	-0.4802	-1.0000
0.5129	-0.6667	-3.0000
0.3044	-0.5458	-1.0000
0.6261	-0.6964	-1.0000
0.2100	-0.2688	-1.0000
0.6445	-0.6795	-1.0000
0.4214	-0.4835	-2.0000
0.7390	-0.8372	-1.0000
0.3828	-0.6993	-2.0000
0.7489	-0.8221	-2.0000
0.5392	-0.6624	-2.0000
0.4257	-0.4581	-3.0000
0.6405	-0.4462	-2.0000
0.6661	-0.8077	-3.0000
0.5078	-0.7166	-2.0000
0.3439	-0.5998	-2.0000
0.6297	-0.8057	-2.0000
0.5271	-0.7786	-2.0000
0.4590	-0.6315	-2.0000
0.5585	-0.7544	-3.0000
0.3162	-0.6739	0.0000
-0.3712	0.1140	0.0000
1.1425	0.2096	-1.0000
0.6001	-0.4695	-2.0000
0.6280	-0.7257	-3.0000
-0.0223	0.0940	0.0000
0.2928	-0.4449	0.0000
0.4400	-0.3482	0.0000
0.6735	-0.7744	-1.0000
0.5320	-0.7113	-2.0000
0.5246	-0.6194	-3.0000
0.5625	-0.7204	-2.0000
0.5254	-0.7094	-1.0000
0.8110	-0.6139	0.0000
0.4481	-0.6646	-3.0000
0.6254	-0.7918	-3.0000
0.3408	-0.6685	-2.0000
0.3517	-0.5961	-3.0000
0.6804	-0.8694	-1.0000
0.2651	-0.5827	-2.0000
0.5365	-0.7311	-2.0000
0.7028	-0.8827	-2.0000
0.4637	-0.7603	-1.0000
0.9393	0.0603	-1.0000
0.5978	-0.6819	-2.0000
0.5963	-0.7684	-2.0000
0.2582	-0.5106	0.0000
0.5207	-0.7850	-2.0000
1.1270	-0.1872	0.0000
0.5994	-0.7130	-3.0000
0.5094	-0.6794	-2.0000
0.6326	-0.8196	-1.0000
0.4077	-0.6781	-1.0000
0.2957	-0.5664	-1.0000
0.7258	0.2516	0.0000
0.4605	-0.7202	-2.0000
0.6249	0.3025	0.0000
0.0639	-0.2811	-1.0000
0.5427	-0.6880	-3.0000
0.5594	-0.5144	-2.0000
0.3974	-0.6647	-2.0000
0.5563	-0.7592	-3.0000
0.2204	-0.3744	-2.0000
0.5421	-0.4221	-2.0000
0.4209	-0.6186	-3.0000
0.7001	-0.6132	-2.0000
0.0950	-0.0503	-1.0000
1.4062	-0.3076	0.0000
0.3307	-0.5300	-2.0000
0.6341	-0.4836	-1.0000
0.6576	-0.3785	-1.0000
1.0725	-0.1379	0.0000
0.5080	-0.6570	-3.0000
0.4971	-0.5470	-3.0000
0.3996	-0.6543	-2.0000
0.2765	-0.6174	-1.0000
0.4598	-0.7550	-2.0000
0.7809	-0.8956	0.0000
0.0443	0.0311	0.0000
0.6174	-0.7363	-1.0000
0.2924	-0.3106	0.0000
0.5290	-0.7905	-2.0000
0.5682	-0.7141	-2.0000
0.3783	-0.5127	-1.0000
0.3490	-0.5851	-2.0000
0.3799	-0.6613	-2.0000
0.5477	-0.7852	-2.0000
0.5161	-0.5453	-1.0000
0.7512	-0.8234	-2.0000
0.6642	-0.7441	-2.0000
0.8822	-0.8429	0.0000
0.4623	-0.6666	-1.0000
0.5132	-0.6866	-3.0000
0.1517	-0.0493	0.0000
0.5341	-0.6906	-3.0000
0.6262	-0.5137	-2.0000
0.6788	-0.7985	-2.0000
0.5908	-0.7458	-3.0000
0.2322	-0.4557	-1.0000
0.5053	-0.0563	0.0000
0.6799	-0.7054	-1.0000
0.6482	-0.7333	0.0000
0.2774	-0.5162	-2.0000
0.5592	-0.4963	-1.0000
0.6223	-0.6856	-2.0000
0.4032	-0.6027	-3.0000
0.5992	-0.7019	-3.0000
0.1302	-0.3372	0.0000
0.7563	-0.5943	-1.0000
0.1511	-0.0103	-2.0000
0.6319	-0.5159	-3.0000
0.5048	-0.5690	-2.0000
0.4761	-0.5662	-3.0000
0.3644	-0.5515	-1.0000
0.6382	-0.8129	-3.0000
0.6191	-0.5827	-2.0000
0.5750	-0.7848	-2.0000
0.8054	-0.8589	-1.0000
0.6907	-0.6749	-2.0000
0.5178	-0.4317	-1.0000
0.4259	0.3251	0.0000
0.4299	-0.6620	-3.0000
0.6090	-0.7661	-2.0000
0.5721	-0.8092	-3.0000
0.5124	-0.7051	-2.0000
0.1926	0.0199	-1.0000
0.5550	-0.6543	-3.0000
1.1733	-0.1900	0.0000
0.3873	-0.6247	-2.0000
0.5111	-0.5690	-3.0000
0.5756	-0.6017	-2.0000
0.4468	-0.8473	0.0000
0.4205	-0.6028	-3.0000
0.8485	-0.8099	-2.0000
0.9793	-0.8384	0.0000
0.3354	-0.4695	-2.0000
1.0710	-0.7586	-1.0000
0.1083	-0.1973	-1.0000
0.1303	0.0033	0.0000
0.7451	-0.8527	-1.0000
0.6606	-0.7908	-2.0000
0.4394	-0.6709	-3.0000
1.2427	-1.0157	0.0000
0.5513	-0.6301	-2.0000
0.9786	0.2729	0.0000
0.6160	-0.3838	-1.0000
0.5996	-0.4855	-2.0000
0.4248	-0.5444	-3.0000
0.6253	-0.7503	-3.0000
0.7238	-0.6755	-2.0000
0.6566	-0.4345	-2.0000
0.6556	-0.5349	-2.0000
0.6712	-0.4284	-1.0000
0.4858	-0.4112	-1.0000
0.5084	-0.6825	-2.0000
1.0359	0.8497	0.0000
0.4691	-0.7010	-2.0000
0.3988	-0.5127	-2.0000
0.6144	-0.4745	-2.0000
0.5666	-0.6141	-2.0000
1.1690	0.1882	0.0000
0.5540	-0.5692	-2.0000
0.4183	-0.6460	-2.0000
0.3159	-0.5787	-3.0000
0.2393	0.5945	0.0000
-0.2217	0.2439	0.0000
0.2999	-0.4783	-1.0000
0.4953	-0.6670	-2.0000
0.5655	-0.4370	-1.0000
0.3341	-0.3784	-1.0000
0.4588	-0.5964	-2.0000
0.4275	-0.6867	-2.0000
0.3258	-0.2900	-2.0000
0.2622	-0.4215	0.0000
0.2929	-0.4276	-2.0000
0.4560	-0.6382	-1.0000
-0.0893	0.7204	0.0000
-0.4105	0.1464	0.0000
0.5734	-0.5661	-1.0000
0.6721	-0.6337	-1.0000
0.7889	0.6988	0.0000
0.4926	-0.5312	-2.0000
0.7309	-0.7034	-2.0000
0.5088	-0.4110	-2.0000
0.6518	-0.8317	-1.0000
0.0130	0.0044	0.0000
0.7002	-0.7224	-3.0000
0.4972	-0.6137	-2.0000
0.3165	-0.4519	-1.0000
0.4861	-0.6397	-1.0000
0.3730	-0.5121	-3.0000
0.2671	0.6224	0.0000
0.0779	-0.0705	0.0000
0.8331	-0.6968	-1.0000
0.6868	-0.3361	0.0000
0.3835	-0.6161	-2.0000
0.6590	-0.5397	-1.0000
0.4868	-0.6065	-1.0000
0.4016	-0.4222	-1.0000
1.0471	0.2213	0.0000
0.1493	-0.0372	0.0000
0.4859	-0.5771	-2.0000
0.4833	-0.6315	-3.0000
0.4367	-0.5809	-2.0000
0.4832	-0.3531	-2.0000
0.4955	-0.6933	-2.0000
0.9903	-0.5759	-1.0000
0.6435	-0.7467	-3.0000
0.7561	-0.7122	-1.0000
0.5101	-0.6509	-2.0000
0.2029	-0.2096	0.0000
0.6437	-0.7405	-3.0000
0.1554	-0.3304	-2.0000
0.2258	-0.1539	-1.0000
0.5475	-0.2357	-1.0000
0.5031	-0.5469	-2.0000
0.3880	-0.6084	-3.0000
0.9128	-0.2943	-1.0000
0.3162	-0.3666	-1.0000
0.6920	0.4153	0.0000
0.0585	-0.0850	0.0000
0.5302	-0.6154	-2.0000
0.6601	-0.6587	-3.0000
0.7280	-0.7102	-1.0000
0.5017	-0.5322	0.0000
0.6226	-0.5296	-1.0000
0.5358	-0.6191	-1.0000
0.6152	-0.7310	-3.0000
0.9699	0.2430	0.0000
0.4963	-0.7399	-1.0000
0.4165	-0.6425	-3.0000
0.3277	-0.4182	-2.0000
0.7484	-0.5766	-2.0000
0.6535	-0.8259	-2.0000
0.6214	-0.6861	-2.0000
0.5015	-0.5810	-2.0000
0.5391	-0.7660	-1.0000
0.6199	-0.5391	-1.0000
0.3860	-0.5549	-2.0000
0.4179	-0.5324	-2.0000
0.4185	-0.6041	-1.0000
0.6356	-0.8677	-1.0000
0.3270	-0.2834	0.0000
0.6620	-0.7336	-3.0000
0.6893	-0.7257	-2.0000
0.1676	-0.0832	0.0000
0.3124	-0.5845	-1.0000
0.2666	0.0964	-1.0000
0.5782	0.2338	0.0000
0.4610	-0.5114	-2.0000
0.4601	-0.6718	-2.0000
0.7143	-0.7806	-1.0000
0.6229	-0.7959	-1.0000
0.6015	-0.7863	-2.0000
0.5113	-0.2893	-1.0000
0.6003	-0.8706	-1.0000
0.6222	0.2595	0.0000
0.4024	-0.6905	-1.0000
0.6599	-0.8071	-2.0000
0.4379	-0.7298	-2.0000
0.5888	-0.7857	-2.0000
0.7414	0.0042	0.0000
0.1130	-0.2290	0.0000
1.0774	-0.1065	-1.0000
0.7121	-0.7856	-2.0000
0.6245	-0.5489	-3.0000
0.5526	-0.7813	-1.0000
0.5311	-0.5915	-2.0000
1.0596	0.0054	0.0000
0.0900	-0.2042	0.0000
0.6119	-0.5314	-2.0000
0.5795	-0.6608	-3.0000
0.3983	-0.6092	-2.0000
0.3195	-0.4134	-1.0000
0.6128	-0.6304	-1.0000
0.6456	-0.7541	-1.0000
0.3136	-0.4331	-2.0000
0.5958	-0.2717	0.0000
0.5427	-0.7348	-2.0000
0.6438	0.4303	0.0000
-0.0212	-0.0416	0.0000
0.7000	-0.7587	-1.0000
0.3901	-0.5198	0.0000
0.7574	-0.5902	0.0000
1.2448	0.3422	0.0000
0.3666	-0.5772	-3.0000
0.2552	-0.2291	-1.0000
0.5425	-0.2407	-2.0000
0.4522	0.0564	0.0000
0.7484	-0.5210	-2.0000
0.6953	-0.3702	-2.0000
0.7652	-0.9418	-1.0000
0.5560	-0.6961	-1.0000
0.6187	-0.7890	-1.0000
0.3707	-0.6289	-1.0000
0.4366	-0.6814	-1.0000
0.2453	-0.4664	0.0000
0.5622	-0.6874	-1.0000
0.5546	-0.7774	-1.0000
0.5848	-0.7855	-3.0000
0.4296	-0.5758	-3.0000
0.6254	-0.8062	-1.0000
0.4043	-0.7235	-1.0000
0.6480	-0.8723	0.0000
0.5124	-0.5661	-1.0000
0.6394	-0.8182	-3.0000
0.4883	-0.7035	-2.0000
0.7070	-0.6551	0.0000
1.1237	-0.3628	0.0000
0.5625	-0.6746	-3.0000
0.6236	-0.6606	-2.0000
0.7093	-0.8210	-2.0000
0.4614	-0.5493	-3.0000
0.4975	-0.6195	-2.0000
1.3315	-0.0583	0.0000
0.5250	-0.6701	-3.0000
0.7535	-0.8530	-1.0000
1.3058	-0.2121	0.0000
0.2635	-0.5110	-2.0000
0.0141	0.0014	0.0000
0.3725	-0.5317	-3.0000
0.3870	0.3687	0.0000
0.1921	-0.2463	-1.0000
0.4888	-0.5643	-3.0000
0.6582	-0.3956	-1.0000
0.4502	-0.6747	-3.0000
0.5774	-0.7042	-2.0000
0.4824	-0.6419	-1.0000
0.4917	-0.5004	-2.0000
0.9789	-0.8906	0.0000
0.6278	-0.4463	-2.0000
0.6811	-0.7905	-3.0000
0.4638	-0.5962	-2.0000
0.6613	-0.8902	-1.0000
0.7321	-0.8606	-1.0000
0.8533	-0.6004	0.0000
0.1900	-0.1974	-1.0000
0.8057	-0.8286	-2.0000
0.4273	-0.6261	-3.0000
0.3745	-0.6051	-2.0000
0.1710	0.0893	0.0000
0.6793	-0.7465	-3.0000
0.4794	-0.6865	-1.0000
0.6308	-0.6371	-2.0000
0.6637	-0.5551	-1.0000
0.7857	-0.9474	0.0000
0.4898	-0.5153	-2.0000
1.0586	-0.2069	0.0000
0.2836	0.2993	0.0000
1.0248	0.2717	0.0000
0.4509	-0.5557	-2.0000
0.3194	-0.5061	-2.0000
0.4987	-0.7112	-2.0000
0.8653	-0.5250	-1.0000
0.6588	-0.8911	-1.0000
0.4754	-0.6735	-1.0000
0.5638	-0.5783	-2.0000
0.3564	-0.6362	-2.0000
0.2935	-0.2311	-1.0000
0.8341	-0.8656	-1.0000
0.6346	-0.8454	-1.0000
0.8125	-0.9231	0.0000
0.6069	-0.8141	-1.0000
-0.0375	-0.1087	0.0000
0.4489	-0.6382	-3.0000
0.6438	-0.5833	-1.0000
0.6760	-0.8663	-2.0000
0.5011	-0.6011	-1.0000
1.0019	0.1980	0.0000
0.5449	-0.3334	-2.0000
1.0578	0.5819	0.0000
0.5839	-0.6251	-1.0000
0.4932	-0.6810	-3.0000
0.2911	0.0161	0.0000
0.1099	-0.3822	0.0000
0.3130	-0.4798	-2.0000
0.3710	-0.6115	-2.0000
0.2802	-0.5718	-1.0000
0.5865	-0.3717	-1.0000
0.4892	-0.1509	-1.0000
0.3747	-0.5907	-3.0000
0.1031	0.0919	-1.0000
0.3028	-0.4630	-1.0000
0.7819	-0.3968	0.0000
0.5310	-0.7000	-2.0000
0.7869	-0.7410	-2.0000
0.3825	-0.4864	-1.0000
0.7132	-0.7747	-2.0000
0.1726	0.3285	0.0000
0.5558	-0.4572	-2.0000
0.6312	0.2194	0.0000
0.4359	-0.6483	-2.0000
0.6135	-0.8107	-2.0000
0.0476	-0.1815	0.0000
0.0207	0.0575	-1.0000
0.3024	-0.4804	-2.0000
0.6933	-0.6585	-1.0000
0.6149	-0.5001	-2.0000
0.3239	-0.4037	-1.0000
0.4839	-0.5703	-3.0000
0.6884	-0.4278	-1.0000
0.5085	-0.5974	-3.0000
0.6047	-0.1682	0.0000
0.3795	-0.5783	-2.0000
1.0538	-0.7842	0.0000
0.5099	-0.6824	-3.0000
0.5854	-0.8236	-1.0000
0.4145	-0.6309	-1.0000
0.6816	-0.7631	-3.0000
1.1746	-0.1305	0.0000
0.3702	-0.5606	-2.0000
1.0402	0.1292	0.0000
0.5891	0.2774	0.0000
0.4121	-0.5440	-3.0000
1.0695	-0.0384	0.0000
0.5047	-0.6768	-3.0000
0.4853	-0.6923	-1.0000
0.6242	-0.7806	-3.0000
0.7491	-0.5161	-1.0000
0.4458	-0.2985	-2.0000
0.4844	-0.4212	0.0000
0.4569	-0.6249	-2.0000
0.6129	-0.7318	-1.0000
0.5410	-0.6561	-3.0000
0.4465	-0.4587	-2.0000
0.6609	-0.5042	-1.0000
0.7082	-0.8025	-2.0000
0.5153	-0.2595	-2.0000
0.1359	-0.1398	-1.0000
0.3335	-0.5254	0.0000
0.2742	-0.5693	-1.0000
0.1641	-0.2987	-1.0000
0.3551	0.2403	0.0000
1.1969	0.0371	0.0000
-0.0564	0.0117	0.0000
0.6533	-0.7840	-2.0000
0.3709	-0.6369	-2.0000
0.4605	-0.3111	-1.0000
0.4187	-0.2885	-1.0000
0.4834	-0.5504	-3.0000
0.4235	-0.6023	-3.0000
0.4953	-0.7622	-2.0000
0.5207	-0.1210	-1.0000
0.4510	-0.2477	-2.0000
0.0303	-0.0613	0.0000
0.8945	-0.4728	-1.0000
0.5272	-0.2922	-1.0000
0.8031	0.0761	0.0000
0.7579	-0.8268	-1.0000
0.7636	-0.8342	-1.0000
0.4936	-0.5901	0.0000
0.5258	-0.6455	-3.0000
0.9354	-0.5846	-1.0000
0.5177	-0.3665	-2.0000
0.0095	-0.0178	0.0000
0.6186	-0.2857	-1.0000
0.6899	-0.9061	0.0000
0.9016	0.0539	-1.0000
0.3639	-0.5098	-2.0000
0.4770	-0.7531	-1.0000
0.5606	-0.7710	-2.0000
0.5066	-0.2721	-2.0000
0.7160	-0.9702	0.0000
0.6974	-0.4235	-1.0000
0.5980	-0.2813	-2.0000
0.3219	-0.5371	-2.0000
0.5578	-0.5214	-1.0000
0.4870	-0.3499	-1.0000
0.5719	-0.7020	-2.0000
0.5996	-0.7495	-2.0000
0.6977	-0.9549	-1.0000
1.0558	0.1599	-1.0000
-0.1459	-0.0393	0.0000
0.5281	-0.3251	-1.0000
0.5492	-0.2495	-3.0000
0.4153	-0.6637	-3.0000
0.7610	-0.2987	-1.0000
0.1739	-0.2198	-1.0000
0.4479	-0.5764	-3.0000
0.3672	-0.5627	-1.0000
0.7486	-0.8538	-1.0000
0.6167	0.0068	-1.0000
0.4415	-0.5630	-3.0000
0.4248	-0.3019	-1.0000
0.4986	-0.5950	-3.0000
0.6577	0.1655	0.0000
0.4748	-0.7027	-3.0000
0.4377	-0.5461	-1.0000
0.6999	-0.3236	-1.0000
0.7553	-0.3775	0.0000
0.5959	-0.7358	-3.0000
1.0794	0.3280	0.0000
0.5073	-0.2999	-1.0000
0.6716	-0.2260	0.0000
0.7508	-0.9128	-1.0000
0.4412	-0.5130	-3.0000
0.4483	-0.6507	-3.0000
0.7270	-0.4280	-3.0000
-0.0494	-0.0786	0.0000
0.6514	-0.7945	-3.0000
1.0700	0.1416	-1.0000
0.5329	-0.4704	-3.0000
1.2108	-0.2855	0.0000
0.5273	-0.1304	-1.0000
0.6874	-0.4133	-1.0000
0.4664	-0.1534	-3.0000
0.6742	-0.8489	-1.0000
0.3197	-0.5924	-3.0000
0.5276	0.3467	0.0000
0.5630	-0.5086	-3.0000
0.5452	-0.3505	0.0000
0.0904	-0.0749	0.0000
0.1382	-0.2904	0.0000
0.5689	-0.7586	-3.0000
0.4688	-0.3961	-1.0000
0.6444	-0.6795	-3.0000
0.5300	-0.6296	-3.0000
0.6078	-0.6156	-1.0000
0.6497	-0.3776	-3.0000
0.5200	-0.4683	-3.0000
0.1848	0.1442	0.0000
0.7019	-0.3797	-1.0000
0.5013	-0.6384	-3.0000
0.7875	-0.9159	-1.0000
0.5518	-0.6144	-3.0000
0.6627	-0.4619	-3.0000
0.6604	-0.3722	-3.0000
0.4241	-0.5254	-3.0000
