-4.5245e-03
-4.4458e-01
-2.5541e-01
-4.9416e-01
-3.8364e-01
-7.5194e-02
-7.5641e-03
-6.6454e-01
-6.9577e-01
-2.6883e-01
-1.7255e-04
-4.2431e-01
-4.9925e-03
-5.9696e-02
-2.0236e-02
-5.0099e-02
-1.6322e-04
-1.4942e-02
-1.0969e-01
-1.1077e-02
-8.0519e-02
-4.2695e-01
-9.4360e-03
-4.1170e-02
-3.8710e-01
-1.9961e-01
-1.1844e-03
-1.4769e-01
-3.0321e-01
-1.1537e-01
-3.1348e-03
-2.2407e-01
-2.2958e-01
-4.5952e-03
-2.9733e-03
-4.7463e-03
-4.3328e-01
-1.9031e-03
-6.9051e-02
-1.3763e-01
-5.9427e-02
-1.2519e-01
-2.9320e-03
-3.0849e-02
-4.5841e-03
-1.4374e-01
-4.7409e-02
-3.8189e-02
-3.7770e-03
-3.6080e-01
-1.0272e-01
-3.7311e-03
-2.7776e-02
-6.0464e-03
-3.6542e-01
-1.4320e-01
-5.2256e-01
-4.0264e-01
-2.1388e-01
-4.2026e-01
-2.8018e-01
-2.5972e-02
-3.1746e-02
-5.7903e-01
-3.6793e-02
-4.8382e-01
-6.2776e-01
-3.3183e-02
-1.7879e-01
-1.5796e-02
-4.9643e-03
-6.6939e-01
-2.0986e-01
-1.7498e-03
-4.9758e-03
-4.3670e-01
-2.5658e-01
-4.5154e-04
-5.3962e-01
-4.4352e-01
-9.8484e-03
-1.4480e-02
-4.3533e-01
-2.1190e-02
-6.4256e-01
-6.6183e-01
-4.9999e-03
-1.3378e-02
-1.5088e-01
-8.7468e-02
-2.3936e-01
-5.2716e-01
-1.2432e-03
-4.2112e-02
-3.3508e-02
-3.0183e-03
-8.9284e-02
-3.4431e-03
-4.3625e-03
-2.1334e-02
-8.9232e-02
-3.6786e-01
-7.8984e-02
-5.9927e-01
-3.8395e-01
-9.6670e-02
-6.2809e-03
-5.0834e-01
-4.2920e-03
-5.3235e-01
-1.8459e-01
-6.9231e-02
-4.8421e-03
-1.2794e-01
-5.4233e-01
-4.5479e-01
-3.5088e-03
-2.6200e-03
-3.4814e-03
-1.0730e-01
-2.1566e-01
-4.6212e-01
-5.1088e-01
-2.1666e-03
-4.1655e-03
-9.7702e-03
-3.3787e-02
-1.5394e-01
-1.0132e-01
-4.5171e-03
-3.4120e-02
-8.2270e-02
-5.9708e-03
-1.9379e-01
-9.7945e-02
-1.9493e-01
-7.3238e-01
-6.1436e-01
-5.7493e-02
-5.1550e-01
-2.6410e-01
-2.7507e-03
-1.4865e-01
-7.2704e-02
-3.8774e-02
-2.3828e-03
-6.5403e-01
-2.1703e-01
-5.1980e-02
-5.6760e-01
-1.4440e-03
-5.0648e-02
-1.6094e-03
-4.1725e-01
-2.2351e-01
-1.5422e-01
-1.1447e-02
-6.1140e-04
-1.0268e-01
-1.6941e-01
-2.8602e-02
-5.5662e-02
-4.5484e-02
-7.2338e-02
-1.0184e-03
-3.3101e-01
-4.6204e-03
-5.0465e-01
-2.1281e-03
-3.1253e-01
-6.6532e-01
-3.2598e-01
-1.5307e-01
-4.8756e-01
-3.9637e-01
-7.3227e-01
-6.9246e-01
-6.2365e-01
-8.6042e-02
-6.8386e-03
-4.7984e-03
-1.7165e-01
-9.2251e-04
-4.0696e-02
-5.4893e-01
-2.6034e-01
-5.2984e-02
-4.5938e-01
-4.4830e-03
-9.7514e-02
-2.8353e-02
-6.4938e-01
-7.8873e-04
-5.6864e-01
-9.8745e-02
-4.1102e-01
-3.0636e-01
-3.4336e-01
-3.7070e-01
-7.1172e-01
-5.7388e-01
-2.2426e-01
-2.7261e-01
-1.9088e-03
-6.9201e-01
-2.5889e-01
-4.4291e-01
-3.9627e-01
-5.7067e-01
-4.2657e-01
-1.2554e-01
-5.2959e-01
-5.6398e-01
-5.9430e-01
-2.7991e-01
-7.0505e-01
-5.1687e-02
-2.8946e-01
-4.5336e-03
-5.9045e-02
-2.1844e-03
-4.2497e-02
-5.5416e-01
-3.3441e-01
-6.1537e-01
-7.5931e-02
-5.9209e-01
-5.5479e-04
-2.9529e-01
-3.6052e-01
-6.5617e-01
-7.0369e-01
-1.7474e-01
-1.1940e-01
-3.4569e-03
-3.0906e-01
-4.9026e-01
-1.4279e-01
-4.2320e-01
-2.0497e-02
-1.2798e-02
-3.6371e-03
-4.9956e-03
-7.0884e-02
-5.0401e-01
-6.4082e-01
-4.6696e-04
-2.9103e-01
-6.3612e-01
-4.8913e-01
-1.9645e-01
-4.8480e-02
-1.0863e-01
-1.5807e-01
-2.1950e-01
-8.0898e-03
-4.9614e-01
-1.0598e-01
-3.8308e-01
-8.5078e-02
-3.9540e-03
-5.5107e-01
-5.2232e-01
-4.9987e-03
-4.3494e-01
-3.5818e-02
-8.8764e-02
-4.1195e-01
-1.3107e-01
-3.8509e-03
-4.8623e-03
-3.8891e-01
-1.4004e-02
-1.0340e-01
-3.2845e-01
-1.6866e-03
-4.1309e-02
-3.2917e-03
-1.6707e-01
-5.9397e-01
-7.7003e-02
-3.9219e-01
-3.3278e-03
-5.0000e-03
-5.7197e-02
-1.1424e-03
-4.5409e-03
-7.2001e-01
-1.9287e-01
-5.9814e-01
-5.2126e-03
-6.6768e-01
-9.6211e-02
-4.2789e-03
-3.1143e-01
-4.9456e-03
-2.8713e-03
-1.4836e-03
-6.2148e-01
-4.8692e-01
-6.8746e-01
-5.5730e-01
-4.3227e-03
-2.0135e-01
-3.1780e-01
-6.6608e-02
-4.4576e-03
-5.5819e-01
-8.8198e-02
-7.3307e-01
-6.6800e-02
-3.0727e-01
-1.6369e-03
-1.0432e-03
-4.7498e-03
-2.0468e-01
-2.4799e-03
-6.7165e-01
-3.1399e-01
-1.8641e-01
-1.7362e-03
-6.4583e-01
-4.9888e-03
-1.0254e-01
-1.6852e-01
-3.4427e-01
-2.2167e-01
-1.6448e-03
-5.8666e-01
-2.5332e-02
-1.5464e-03
-1.5692e-01
-2.3682e-01
-4.9971e-03
-4.0000e-01
-7.9066e-02
-1.2711e-01
-4.7584e-03
-2.2740e-01
-4.8313e-01
-3.1907e-01
-3.7986e-01
-4.6442e-01
-4.9383e-03
-6.1619e-01
-1.9783e-01
-3.7233e-01
-4.0623e-03
-3.3728e-03
-5.0579e-03
-2.8387e-03
-6.2674e-03
-3.9129e-03
-7.0671e-02
-3.0486e-01
-1.2043e-03
-3.1791e-03
-4.9256e-03
-3.3925e-01
-6.0440e-01
-6.4100e-01
-2.2507e-02
-6.4855e-01
-2.2213e-02
-5.7730e-01
-3.1351e-01
-4.9535e-03
-7.0665e-01
-3.2986e-01
-2.8197e-03
-2.4964e-01
-4.0880e-01
-2.2888e-01
-4.5539e-01
-1.7942e-01
-5.4621e-01
-2.6847e-01
-6.0333e-01
-1.5608e-01
-6.3165e-01
-4.1358e-01
-3.0696e-03
-5.9321e-01
-2.7003e-03
-5.8237e-01
-5.1509e-02
-4.4658e-03
-1.1579e-01
-6.4832e-01
-7.7777e-02
-1.3153e-01
-4.7632e-02
-4.5786e-01
-5.0481e-01
-1.2407e-01
-4.9524e-03
-6.6832e-01
-9.0919e-02
-3.5690e-01
-6.4105e-02
-1.0948e-01
-1.5927e-03
-2.0542e-01
-6.7381e-01
-6.4573e-05
-2.0184e-01
-4.5084e-03
-1.4048e-01
-1.1714e-01
-5.6316e-01
-1.8154e-03
-4.0182e-03
-5.9555e-01
-2.6264e-01
-3.7804e-01
-8.2774e-03
-2.0640e-01
-2.6461e-01
-1.0642e-04
-1.2920e-01
-4.1675e-03
-7.1883e-01
-2.6971e-03
-1.9359e-01
-2.4023e-01
-4.9965e-03
-1.6633e-01
-4.7007e-01
-2.3532e-01
-7.3145e-02
-1.6461e-01
-2.0247e-01
-2.4843e-02
-5.1745e-01
-6.8233e-01
-8.1721e-02
-7.4296e-02
-4.2753e-03
-7.2831e-02
-1.3456e-02
-6.4734e-01
-5.0392e-01
-3.5118e-01
-6.9936e-01
-2.9025e-01
-3.6404e-02
-2.1050e-03
-1.7778e-03
-6.4782e-01
-5.2174e-02
-3.3852e-02
-6.5083e-01
-5.3530e-01
-4.6140e-01
-4.9593e-03
-1.6895e-01
-4.3107e-03
-1.6372e-01
-2.9999e-01
-1.1383e-01
-5.4652e-01
-2.0160e-01
-1.8653e-01
-2.7770e-03
-3.5654e-01
-4.7440e-01
-3.6711e-01
-4.3355e-02
-1.4036e-03
-6.3942e-01
-5.3546e-04
-2.3117e-01
-8.6071e-02
-2.1325e-03
-2.9777e-01
-1.6800e-01
-8.5398e-04
-2.0791e-01
-2.4125e-02
-4.5888e-03
-4.7790e-03
-5.8722e-01
-1.1346e-02
-4.7249e-03
-4.8905e-03
-3.8732e-01
-4.9416e-03
-3.2172e-03
-3.4290e-01
-1.5767e-01
-3.6121e-03
-2.6161e-03
-2.0546e-01
-6.8568e-01
-4.9207e-03
-5.4368e-03
-5.8177e-02
-4.4176e-01
-1.9187e-01
-5.1298e-01
-4.7335e-03
-7.2122e-02
-4.2284e-02
-1.3157e-02
-2.7697e-01
-3.0765e-01
-4.6729e-01
-1.1489e-02
-2.4038e-01
-2.2665e-01
-1.6402e-02
-5.6087e-01
-5.6055e-02
-4.3306e-03
-3.4490e-02
-6.7640e-02
-1.1137e-01
-3.8160e-03
-1.2738e-02
-3.7580e-03
-4.9392e-03
-1.5293e-03
-2.4684e-01
-4.8542e-03
-4.9609e-03
-4.6995e-01
-7.2097e-01
-6.5569e-01
-3.0355e-01
-1.1213e-01
-4.2311e-03
-3.5388e-03
-1.3426e-01
-5.1892e-01
-5.6511e-01
-2.0114e-01
-2.3149e-03
-4.8084e-02
-2.6644e-01
-2.5974e-03
-4.8278e-01
-1.4789e-01
-7.1346e-01
-9.0870e-04
-4.7711e-01
-2.1249e-01
-1.7122e-01
-8.5802e-02
-2.3673e-02
-1.9896e-03
-2.1682e-02
-3.1648e-02
-3.9499e-03
-1.0223e-01
-5.6208e-03
-2.6093e-01
-7.0175e-01
-2.4319e-01
-1.1863e-01
-5.5386e-01
-6.3649e-01
-2.2851e-02
-5.4378e-01
-4.2746e-01
-4.6974e-03
-1.3627e-01
-9.5843e-02
-8.7924e-02
-4.9375e-03
-6.3308e-01
-5.4784e-04
-1.1274e-01
-3.5822e-03
-4.5055e-03
-2.8049e-02
-6.0516e-06
-4.6567e-03
-1.8899e-01
-3.3962e-01
-1.9941e-01
-2.8444e-02
-5.6725e-01
-1.1711e-02
-1.7495e-02
-1.3786e-03
-2.5155e-01
-5.4424e-01
-5.4979e-02
-3.1096e-01
-5.3243e-02
-3.0295e-01
-5.4727e-02
-1.5416e-01
-4.6928e-02
-6.5697e-02
-2.1536e-02
-2.9189e-02
-6.6063e-01
-7.5615e-02
-2.4452e-01
-4.8060e-01
-6.0607e-02
-3.8093e-03
-2.7911e-03
-2.7406e-03
-4.7669e-01
-3.2583e-03
-2.3739e-01
-2.7356e-02
-3.7217e-02
-3.6825e-03
-9.9595e-02
-7.2729e-03
-3.2335e-02
-3.5461e-01
-1.0138e-01
-9.7755e-02
-4.9769e-02
-4.7065e-03
-6.1366e-02
-5.3722e-01
-2.6045e-01
-8.9979e-02
-4.9949e-03
-4.2603e-02
-6.1907e-02
-4.5717e-01
-1.8848e-02
-2.2397e-03
-1.6778e-02
-9.9388e-02
-1.2143e-01
-2.5510e-02
-4.9836e-03
-1.7494e-01
-8.2539e-02
-2.7810e-02
-1.2983e-01
-7.2573e-02
-5.9176e-01
-2.5874e-01
-1.7392e-01
-3.1583e-02
-4.8412e-03
-2.2072e-01
-4.4694e-03
-1.7844e-01
-3.8893e-02
-1.6048e-01
-4.8180e-02
-5.6062e-01
-4.8617e-01
-3.1832e-01
-9.3742e-02
-2.8308e-01
-2.0782e-03
-3.3367e-03
-3.7108e-02
-7.1340e-01
-4.9648e-01
-1.5252e-01
-1.5638e-04
-2.5027e-02
-3.2690e-01
-2.1608e-01
-6.7433e-01
-2.4121e-01
-6.3344e-02
-3.6915e-01
-6.4948e-03
-2.0898e-03
-8.3177e-03
-2.4080e-03
-1.0489e-03
-6.7871e-02
-8.7560e-04
-4.6382e-03
-5.6445e-01
-4.9912e-03
-6.6599e-01
-2.9535e-01
-6.0772e-01
-2.2949e-02
-9.0779e-02
-2.0503e-01
-2.4316e-03
-7.0356e-01
-5.5046e-02
-1.1698e-02
-4.9732e-03
-1.4852e-02
-3.7044e-03
-4.4437e-03
-6.5185e-01
-1.5331e-01
-6.6713e-01
-1.0382e-01
-2.0554e-02
-3.7904e-01
-4.4323e-01
-8.3560e-02
-7.1875e-01
-1.4567e-02
-5.4151e-02
-1.1326e-03
-2.0319e-01
-5.0000e-03
-5.6917e-01
-3.0082e-01
-1.4738e-01
-5.8072e-02
-1.5722e-01
-4.2205e-02
-5.4943e-01
-2.1369e-01
-3.1997e-01
-2.6456e-02
-7.2209e-01
-4.5776e-03
-5.8287e-02
-2.9083e-01
-8.0698e-02
-4.0102e-01
-9.1088e-02
-2.6374e-01
-1.1172e-01
-5.6026e-01
-1.1201e-01
-6.9320e-02
-6.7895e-01
-4.7376e-03
-1.5154e-01
-6.9873e-02
-2.8917e-01
-5.5762e-01
-5.4729e-01
-5.2161e-01
-7.1399e-02
-2.1072e-01
-4.8011e-03
-6.3840e-01
-4.8159e-03
-1.1561e-01
-3.6829e-01
-5.3797e-01
-5.9977e-01
-2.2502e-03
-2.3017e-01
-1.2432e-01
-2.1205e-03
-4.4470e-03
-3.3147e-01
-2.7189e-01
-8.9022e-04
-6.9098e-01
-5.0830e-02
-4.9109e-02
-2.1030e-02
-1.8455e-03
-7.6968e-03
-2.0087e-02
-5.8117e-01
-5.7984e-01
-4.5036e-03
-1.3660e-01
-4.1973e-01
-4.6601e-03
-3.6758e-03
-1.3009e-01
-7.7895e-02
-1.7162e-04
-6.9335e-03
-3.1302e-02
-6.5713e-03
-4.7170e-03
-5.1843e-02
-2.4029e-04
-4.8739e-03
-1.6132e-01
-4.9235e-03
-1.5044e-02
-4.0452e-03
-3.4418e-01
-3.2238e-01
-4.4242e-02
-2.7097e-03
-9.7095e-02
-4.9988e-03
-2.1811e-01
-3.1111e-01
-4.8552e-01
-3.6302e-01
-3.4319e-01
-1.7898e-02
-7.1134e-01
-1.5672e-01
-5.7407e-04
-5.6663e-02
-4.7535e-01
-3.2635e-02
-9.8251e-02
-2.8156e-01
-6.9735e-01
-4.7967e-03
-3.0514e-01
-2.3248e-01
-5.7480e-01
-6.9274e-01
-1.0375e-01
-5.1786e-01
-9.7472e-02
-4.0219e-01
-9.2809e-02
-1.1009e-01
-7.1441e-01
-3.0101e-02
-6.5974e-01
-5.3564e-01
-3.0421e-02
-1.8531e-02
-6.3471e-02
-1.6990e-02
-6.2892e-02
-1.9518e-03
-6.4304e-02
-6.0357e-02
-7.3710e-03
-3.7005e-03
-4.2924e-01
-3.9592e-03
-9.1361e-02
-9.3454e-03
-1.9057e-02
-1.1044e-03
-2.0337e-01
-1.2735e-03
-1.4226e-01
-4.6835e-03
-5.9060e-01
-1.3218e-02
-3.1934e-01
-1.2014e-03
-3.9224e-02
-4.8363e-01
-3.4785e-03
-1.3458e-01
-5.9000e-01
-1.8285e-02
-1.8756e-01
-1.5258e-02
-2.1287e-01
-5.6381e-01
-3.7059e-01
-4.6008e-01
-1.8687e-03
-4.4997e-01
-2.5273e-01
-8.4317e-02
-4.4916e-01
-3.2121e-01
-1.2255e-01
-4.4069e-03
-8.0312e-02
-4.6607e-03
-9.4495e-02
-1.9023e-01
-6.6264e-03
-7.3135e-01
-5.0807e-04
-5.9799e-01
-4.6415e-02
-1.2110e-01
-5.8976e-01
-1.7307e-02
-3.1171e-02
-4.9268e-01
-2.4750e-01
-4.2976e-03
-3.3637e-01
-6.9347e-01
-4.9508e-01
-9.3675e-02
-1.2503e-02
-2.0901e-02
-4.9897e-03
-1.0327e-01
-5.5726e-02
-5.0144e-02
-2.8603e-01
-3.0680e-01
-2.5240e-03
-3.9104e-01
-4.7410e-03
-6.5450e-04
-2.2518e-01
-2.3766e-01
-2.8902e-03
-4.3027e-03
-3.6670e-03
-2.7911e-02
-5.3934e-02
-2.1912e-01
-5.6480e-03
-1.1749e-01
-8.1028e-02
-1.2331e-03
-5.7616e-01
-2.5807e-01
-4.9123e-03
-2.3088e-01
-2.3716e-01
-4.8953e-03
-4.9193e-03
-2.9383e-03
-3.0771e-01
-6.3559e-01
-1.2078e-01
-3.0896e-03
-1.0784e-01
-1.3584e-01
-4.0697e-01
-4.2277e-01
-6.8971e-01
-5.1639e-01
-2.9976e-01
-1.3520e-01
-8.1531e-02
-5.8682e-01
-5.1113e-01
-4.3713e-03
-2.5757e-01
-1.5545e-01
-2.4970e-01
-4.7276e-01
-5.0347e-01
-2.2211e-04
-5.2658e-01
-4.8971e-02
-1.9762e-03
-4.9975e-03
-2.4643e-02
-2.0329e-03
-1.8696e-01
-4.6463e-03
-1.4201e-01
-2.9273e-01
-2.6674e-01
-3.7332e-01
-4.4280e-03
-5.7110e-02
-1.3471e-01
-4.4120e-03
-3.9789e-01
-2.1482e-02
-5.9596e-01
-1.8727e-01
-2.5015e-01
-2.7958e-03
-5.2030e-01
-3.6999e-02
-4.6274e-03
-5.8523e-01
-3.1745e-03
-1.6589e-01
-2.6551e-01
-2.9570e-01
-4.9804e-01
-2.2101e-02
-1.6277e-02
-2.0402e-02
-3.9828e-01
-3.1001e-01
-2.7218e-01
-5.5422e-02
-6.9525e-01
-4.8926e-03
-1.5004e-01
-4.5586e-01
-6.5223e-01
-2.1418e-01
-1.3268e-01
-3.8004e-01
-3.5503e-01
-2.8580e-01
-2.8643e-03
-6.9774e-01
-2.2923e-01
-1.5283e-01
-2.8719e-01
-4.5868e-01
-4.9322e-03
-2.3997e-01
-4.5034e-04
-3.2448e-01
-2.7502e-01
-3.2085e-03
-6.6616e-01
-1.2490e-01
-2.6481e-03
-4.1911e-03
-3.6529e-01
-3.9171e-01
-1.2034e-01
-4.0521e-01
-1.7614e-01
-3.3881e-01
-7.0965e-01
-3.6788e-01
-3.3971e-03
-2.3653e-03
-4.6271e-01
-6.4687e-03
-1.7202e-03
-3.1581e-03
-2.7405e-01
-4.6467e-01
-3.1255e-03
-3.3021e-01
-5.9148e-01
-3.3980e-01
-2.3920e-01
-4.6330e-03
-4.3859e-01
-3.9077e-01
-1.8819e-01
-1.2951e-02
-2.3494e-01
-4.3581e-03
-5.1735e-04
-2.8386e-01
-1.9618e-01
-4.8772e-04
-1.4540e-02
-5.2794e-03
-4.4370e-03
-1.6487e-02
-1.6353e-01
-1.0559e-01
-9.9969e-02
-2.5979e-01
-4.1209e-02
-1.1633e-01
-6.7471e-01
-6.3695e-02
-1.0991e-03
-4.4523e-01
-6.5791e-03
-1.2981e-01
-4.3203e-02
-1.9762e-03
-1.9037e-01
-1.9662e-02
-1.1041e-02
-8.9768e-02
-2.5352e-03
-2.6373e-02
-5.2924e-01
-3.6245e-01
-6.0615e-02
-1.4678e-01
-7.0027e-02
-7.6552e-02
-4.9842e-03
-4.6215e-01
-3.0698e-01
-4.0800e-02
-6.2469e-01
-2.5793e-01
-2.7321e-01
-5.4753e-01
-9.6984e-02
-7.1561e-01
-1.2520e-01
-2.0713e-02
-1.9433e-01
-1.2131e-01
-3.2553e-02
-4.3735e-02
-3.5941e-01
-5.4947e-03
-8.6504e-02
-4.6877e-03
-2.6120e-03
-1.7927e-01
-3.2178e-01
-2.8547e-01
-2.0680e-01
-7.9555e-02
-4.2033e-03
-5.0086e-01
-3.9454e-04
-6.3069e-02
-5.5512e-02
-1.3030e-01
-1.5826e-01
-9.7262e-02
-3.1727e-01
-4.8091e-03
-2.2230e-01
-5.8663e-02
-5.4323e-01
-1.8414e-01
-1.3126e-01
-1.3689e-01
-5.4239e-01
-4.8305e-03
-1.9611e-01
-3.8918e-03
-4.6952e-01
-4.9005e-04
-4.7192e-03
-6.4485e-01
-1.1657e-01
-4.5400e-01
-5.8374e-01
-2.2331e-02
-1.0658e-01
-2.1387e-02
-1.2589e-02
-3.3663e-01
-1.7914e-03
-4.7762e-03
-2.8708e-01
-2.2399e-03
-3.5786e-01
-4.1229e-01
-3.2428e-01
-2.0542e-03
-6.8937e-02
-5.9845e-04
-1.6743e-01
-3.8905e-04
-1.2879e-01
-6.2205e-01
-1.1089e-01
-1.4110e-01
-3.9523e-02
-2.2583e-01
-2.3333e-03
-2.3293e-03
-3.5253e-01
-5.8777e-01
-5.6302e-01
-2.2146e-03
-5.5326e-01
-1.1548e-01
-7.2722e-01
-2.6774e-02
-3.3057e-01
-7.0211e-01
-4.4003e-01
-3.3231e-04
-1.8444e-02
-4.6104e-01
-5.1167e-03
-4.7160e-01
-3.5865e-02
-6.5365e-01
-3.9445e-01
-6.5354e-01
-2.4353e-01
-5.4286e-01
-4.4214e-03
-2.1446e-01
-5.9314e-01
-1.7459e-03
-2.3224e-01
-2.4576e-01
-2.3350e-01
-4.7281e-03
-6.0855e-01
-4.9866e-03
-4.2904e-01
-2.2106e-01
-6.0250e-02
-6.6268e-01
-5.8495e-01
-1.7972e-02
-6.7517e-01
-1.7136e-02
-2.6105e-02
-7.3462e-02
-1.7803e-01
-1.5937e-01
-5.6461e-02
-1.6208e-01
-9.3853e-03
-1.1232e-01
-7.8054e-02
-4.5046e-02
-1.1998e-01
-2.3132e-01
-3.9284e-03
-2.1194e-01
-4.4872e-03
-2.0316e-03
-1.6018e-01
-6.8935e-01
-1.7986e-01
-3.9021e-01
-5.2656e-04
-3.1553e-01
-2.3918e-03
-3.5493e-03
-4.4136e-03
-1.8178e-03
-2.1761e-01
-6.5318e-02
-4.3583e-01
-3.3821e-03
-5.9888e-02
-3.0198e-01
-6.5807e-02
-2.0436e-01
-4.0891e-01
-2.6845e-03
-4.5383e-03
-2.3397e-01
-1.4210e-03
-1.1027e-01
-2.7238e-03
-2.9082e-03
-1.8232e-03
-8.4255e-02
-3.5696e-03
-4.4758e-03
-3.5700e-01
-2.5847e-02
-5.9010e-02
-6.0735e-02
-1.9050e-01
-1.0705e-02
-3.7314e-01
-7.2739e-01
-4.8843e-03
-5.2355e-02
-8.0159e-02
-1.2594e-02
-3.0044e-01
-1.7397e-01
-1.4848e-01
-2.0968e-02
-3.4507e-04
-8.9484e-02
-1.4677e-02
-3.6439e-01
-3.1578e-01
-2.7651e-03
-3.8671e-03
-9.9327e-03
-7.5483e-02
-3.5983e-01
-4.6026e-02
-2.5291e-02
-3.2990e-03
-6.0391e-01
-3.8031e-01
-3.5192e-02
-2.8815e-02
-2.4692e-03
-2.1096e-01
-1.9997e-02
-4.9226e-01
-2.0426e-01
-1.3129e-02
-6.0736e-01
-3.4375e-01
-2.8044e-01
-2.1157e-01
-5.4607e-02
-4.8477e-01
-2.1149e-01
-6.6715e-04
-3.5403e-01
-6.0115e-01
-4.2975e-02
-2.7468e-01
-2.1281e-03
-1.2335e-01
-3.5166e-01
-1.8541e-01
-5.0613e-01
-4.9119e-01
-4.3105e-01
-1.2087e-01
-9.8856e-02
-6.4538e-01
-3.2228e-03
-1.6912e-01
-3.0783e-03
-4.9569e-01
-1.2013e-01
-1.8297e-01
-1.3643e-01
-2.4221e-01
-6.0490e-01
-4.9493e-02
-1.0757e-01
-9.5213e-02
-1.3610e-01
-5.5614e-01
-1.2768e-01
-4.9809e-03
-1.0181e-02
-4.9272e-03
-5.2088e-02
-1.4219e-01
-3.2324e-01
-3.4299e-02
-6.4335e-02
-3.7216e-01
-6.2335e-02
-2.5544e-03
-5.1833e-01
-1.6925e-02
-1.1285e-01
-6.8607e-02
-4.1927e-01
-3.8570e-01
-5.7114e-01
-5.1915e-01
-1.2800e-03
-3.8962e-01
-2.8705e-02
-2.1498e-03
-5.1450e-02
-7.0998e-01
-1.3223e-01
-1.0905e-01
-3.1483e-01
-2.6515e-01
-4.6822e-02
-4.2861e-03
-1.9864e-03
-7.7698e-02
-6.0622e-01
-5.4048e-01
-5.1588e-01
-5.0795e-01
-3.8070e-01
-4.4663e-01
-3.6517e-02
-5.3595e-01
-5.4912e-01
-1.6166e-01
-1.6525e-02
-1.2050e-02
-6.2284e-01
-6.7824e-01
-4.8798e-03
-1.8031e-01
-3.2837e-03
-7.5530e-04
-2.2699e-01
-4.2249e-01
-1.2080e-02
-2.7596e-03
-1.3807e-02
-7.0921e-01
-4.4414e-02
-7.0486e-01
-2.7947e-01
-1.2907e-01
-4.5908e-01
-3.1832e-02
-6.5201e-02
-1.5125e-01
-1.4609e-01
-4.5209e-01
-4.0863e-05
-5.6561e-01
-4.2944e-01
-4.3823e-02
-1.2950e-01
-6.4458e-01
-6.8338e-01
-1.0310e-01
-6.4068e-02
-7.9599e-02
-1.4466e-01
-3.0584e-02
-3.5643e-03
-8.4857e-03
-6.1063e-01
-6.4346e-01
-1.0535e-02
-8.8018e-03
-4.8852e-03
-2.8651e-01
-2.9121e-01
-2.8779e-01
-1.0622e-01
-1.8438e-03
-5.4532e-01
-5.7559e-01
-2.4434e-02
-4.4861e-01
-7.3444e-01
-3.5247e-02
-3.1673e-03
-8.6306e-02
-3.2137e-02
-9.5573e-02
-2.9329e-03
-2.4266e-01
-4.9997e-03
-4.1453e-03
-5.5904e-01
-4.3606e-02
-2.0209e-01
-6.4650e-01
-2.6733e-03
-1.0809e-01
-3.3170e-01
-1.5105e-01
-5.2478e-01
-3.9068e-02
-3.9943e-03
-9.8656e-02
-6.6978e-01
-6.7960e-02
-7.9532e-03
-6.3011e-02
-2.2536e-01
-6.7390e-01
-2.5041e-01
-2.8290e-03
-7.0065e-01
-4.5913e-03
-3.3083e-03
-6.5011e-01
-1.4201e-02
-3.3210e-03
-6.8014e-01
-5.0850e-02
-3.6280e-01
-4.9097e-03
-2.5321e-03
-4.9628e-03
-5.2577e-01
-1.8961e-01
-4.9990e-03
-2.6616e-01
-1.3716e-01
-1.4452e-01
-2.0425e-03
-7.3016e-02
-3.2463e-03
-1.1515e-01
-1.8134e-04
-1.9075e-02
-9.5005e-02
-5.4118e-02
-1.9730e-01
-7.2357e-01
-2.5321e-01
-4.1426e-02
-5.2905e-03
-3.3843e-03
-5.8166e-01
-6.8981e-04
-1.0289e-01
-9.2709e-03
-5.6170e-01
-1.9522e-01
-6.0845e-02
-2.6331e-01
-4.9167e-01
-1.6109e-01
-4.6232e-03
-1.4652e-01
-1.7267e-01
-2.0344e-01
-4.7392e-01
-2.9622e-03
-6.2906e-01
-2.8850e-01
-2.5807e-03
-1.9343e-01
-5.3720e-02
-5.8628e-01
-2.1240e-01
-1.9094e-01
-1.8000e-01
-4.3422e-01
-1.0969e-03
-3.9827e-02
-3.9736e-01
-3.7274e-01
-1.6150e-02
-1.7279e-01
-1.3618e-02
-4.6767e-01
-1.8602e-01
-4.9994e-03
-6.7904e-05
-4.6681e-01
-1.2731e-01
-2.5477e-01
-3.8921e-01
-4.3868e-03
-7.2242e-01
-2.4704e-03
-4.8726e-01
-1.7058e-01
-1.5055e-01
-2.1470e-04
-2.4805e-03
-6.2356e-01
-9.2506e-03
-5.0230e-01
-6.2628e-01
-7.3402e-01
-3.4679e-03
-5.0724e-01
-5.0527e-01
-1.5938e-01
-2.3076e-01
-1.8193e-01
-2.7117e-03
-3.8402e-03
-3.9004e-02
-4.7763e-02
-6.1489e-01
-1.5032e-03
-7.3689e-02
-4.3676e-03
-8.4790e-02
-4.6818e-01
-6.2534e-01
-4.2399e-01
-1.3868e-01
-2.6365e-01
-2.7905e-01
-1.4541e-01
-1.1965e-01
-4.9952e-01
-3.8528e-01
-2.9502e-01
-4.3493e-02
-1.1506e-01
-6.5808e-01
-6.5112e-01
-5.5296e-02
-5.8431e-01
-2.8519e-03
-2.1673e-01
-1.1795e-04
-1.7045e-01
-3.5513e-03
-2.4801e-01
-8.0011e-02
-2.5364e-01
-5.1054e-01
-3.4466e-01
-5.0152e-01
-4.7405e-01
-2.3172e-01
-1.8621e-02
-3.3270e-01
-2.4337e-03
-1.6522e-01
-2.0245e-02
-1.1917e-02
-7.8920e-03
-1.0875e-02
-2.0758e-01
-6.6094e-01
-5.3409e-02
-1.5648e-01
-1.6701e-02
-2.9872e-01
-1.2218e-01
-9.0464e-02
-8.1975e-02
-6.6341e-02
-3.3199e-01
-1.6534e-01
-3.1521e-01
-3.7991e-02
-3.6328e-03
-1.5885e-01
-4.4394e-01
-2.3781e-03
-1.5614e-01
-8.7033e-02
-4.8304e-03
-6.7095e-01
-4.5061e-01
-3.3057e-03
-2.7551e-01
-2.4549e-01
-6.0251e-01
-2.5694e-01
-7.0838e-01
-2.6132e-01
-6.2476e-02
-4.0026e-03
-1.4078e-01
-2.8114e-03
-4.9748e-03
-3.7379e-02
-4.1794e-03
-1.3370e-01
-3.4498e-01
-2.6639e-02
-7.2115e-01
-3.7501e-02
-3.3537e-03
-1.6667e-01
-4.9872e-03
-4.4674e-01
-9.9154e-02
-4.9902e-03
-6.8167e-01
-3.5540e-02
-2.3162e-02
-6.5051e-01
-7.1246e-01
-8.6911e-03
-2.7864e-01
-2.9918e-01
-5.8193e-01
-1.0587e-01
-3.7410e-02
-8.5330e-02
-4.1672e-02
-8.6979e-02
-5.9272e-02
-2.8837e-01
-1.8569e-01
-1.3921e-01
-2.5447e-01
-4.5354e-02
-7.2035e-01
-6.0199e-01
-4.9932e-03
-5.2093e-01
-2.1998e-01
-1.4899e-01
-1.9838e-02
-6.1942e-01
-4.3012e-01
-6.6807e-01
-4.9053e-03
-3.5084e-02
-6.2513e-01
-1.1921e-01
-5.5954e-02
-6.3155e-01
-6.8256e-02
-1.3721e-01
-6.1648e-03
-3.5966e-03
-1.8045e-02
-1.4223e-03
-2.0713e-01
-7.6200e-02
-4.6397e-01
-2.6082e-01
-7.8213e-03
-7.4395e-03
-1.0590e-02
-1.8118e-01
-1.9163e-01
-4.4180e-03
-3.4916e-01
-1.9987e-01
-5.2437e-01
-9.5104e-05
-4.0784e-01
-6.0173e-01
-1.1247e-01
-2.4771e-01
-1.5072e-03
-3.7621e-01
-4.5513e-03
-3.1411e-02
-9.9051e-02
-1.6650e-01
-2.9842e-01
-4.6682e-03
-6.2443e-02
-3.1596e-01
-3.0517e-03
-7.1082e-03
-3.8470e-01
-1.1310e-01
-9.9546e-04
-4.9195e-02
-4.7083e-03
-1.6414e-01
-4.2138e-01
-4.3091e-05
-3.2541e-01
-4.1493e-02
-3.4823e-02
-5.7424e-01
-6.8871e-01
-2.8373e-01
-3.3808e-01
-3.4869e-01
-6.8065e-01
-4.4610e-03
-6.5405e-02
-1.1741e-03
-7.3878e-02
-5.2775e-01
-2.5400e-01
-3.2105e-01
-1.8223e-01
-1.1606e-01
-2.6962e-01
-2.3005e-01
-4.4569e-01
-7.8658e-04
-1.4414e-01
-3.4353e-04
-4.4147e-02
-9.3997e-02
-1.3904e-01
-4.9167e-03
-4.9980e-01
-1.5531e-02
-1.7569e-02
-3.3101e-04
-1.5023e-01
-6.5592e-02
-4.1319e-01
-2.1975e-01
-6.4021e-01
-3.3472e-02
-4.5222e-03
-4.7051e-01
-4.7720e-03
-2.4895e-01
-4.7640e-01
-5.4381e-02
-9.6522e-03
-6.6221e-01
-3.9690e-01
-4.6287e-03
-3.7165e-01
-4.8249e-03
-4.0562e-03
-4.5493e-03
-1.0698e-01
-1.7988e-03
-9.5566e-02
-1.2459e-01
-1.8662e-03
-4.8814e-01
-2.9626e-01
-2.0770e-02
-3.8203e-02
-3.8819e-01
-4.4259e-03
-2.7626e-02
-3.5967e-02
-6.9888e-01
-1.9236e-02
-4.7629e-03
-2.5079e-01
-6.3757e-01
-6.7789e-01
-4.7242e-01
-4.3370e-01
-6.5465e-01
-2.3615e-01
-3.1176e-01
-3.1390e-03
-1.4359e-01
-8.7488e-03
-1.7657e-02
-5.0126e-01
-4.5293e-03
-2.6279e-01
-5.9141e-03
-1.9460e-01
-2.5071e-03
-6.8691e-01
-5.2675e-01
-5.9880e-01
-2.4506e-02
-8.0092e-03
-2.9503e-03
-2.6618e-03
-5.1161e-01
-2.6708e-02
-2.6793e-01
-4.5166e-02
-5.9666e-01
-3.0604e-03
-2.2916e-03
-2.9915e-03
-1.6273e-03
-1.5650e-02
-5.5280e-01
-3.7548e-03
-4.7937e-03
-8.0879e-02
-4.7141e-03
-4.9906e-03
-2.4963e-03
-5.0498e-02
-3.8126e-01
-1.1069e-01
-1.8833e-03
-9.3987e-04
-4.0785e-02
-4.4989e-03
-7.8284e-02
-5.3146e-01
-1.8070e-02
-1.6443e-01
-2.5224e-01
-2.5690e-04
-2.7762e-01
-7.1093e-01
-8.1326e-02
-1.5482e-01
-1.5705e-02
-2.1877e-02
-6.1027e-01
-7.2893e-01
-1.0172e-01
-3.9299e-03
-6.1362e-01
-3.5683e-03
-4.2776e-01
-1.1047e-01
-4.7324e-01
-3.6883e-01
-3.2485e-01
-1.7057e-02
-5.2586e-01
-3.9873e-03
-3.8761e-01
-3.4812e-01
-4.1596e-03
-4.9159e-03
-2.3571e-01
-3.4839e-03
-9.1147e-02
-3.7481e-01
-1.9738e-02
-1.3353e-01
-3.1248e-01
-4.5832e-02
-1.3888e-01
-2.1580e-03
-2.9709e-01
-4.5643e-03
-2.8520e-02
-6.8344e-01
-3.9521e-03
-4.7472e-02
-4.8220e-03
-4.2142e-03
-3.5084e-01
-3.5458e-02
-2.2819e-01
-7.1659e-01
-5.3212e-01
-7.4793e-03
-1.9793e-01
-4.2166e-03
-4.0374e-03
-2.2559e-01
-4.4254e-01
-4.3455e-03
-1.1438e-01
-5.5027e-01
-3.7718e-02
-5.7683e-01
-7.2988e-01
-5.3826e-01
-3.2554e-01
-4.1484e-01
-4.3405e-01
-4.9403e-03
-5.4093e-01
-2.7311e-01
-3.7713e-03
-6.4919e-01
-7.0537e-02
-2.4604e-01
-9.5459e-03
-4.0367e-02
-4.6492e-03
-4.2815e-01
-4.0616e-03
-1.4925e-01
-2.7649e-01
-2.5046e-01
-6.2431e-01
-1.4260e-01
-4.0122e-02
-6.8735e-02
-1.7543e-01
-3.6551e-03
-1.2277e-01
-3.8871e-03
-5.5952e-01
-3.5196e-01
-3.0195e-03
-2.2282e-01
-6.1276e-02
-3.9689e-03
-7.1226e-02
-5.7020e-01
-3.7008e-01
-6.1589e-02
-3.8860e-01
-6.0083e-01
-2.4533e-03
-6.5887e-02
-3.7685e-01
-1.5231e-01
-1.0731e-02
-4.7797e-01
-3.1278e-01
-5.3907e-01
-2.7884e-01
-7.6715e-02
-4.8373e-02
-4.7850e-03
-1.2171e-01
-3.3546e-01
-3.3751e-01
-4.0806e-01
-8.5768e-04
-1.2302e-01
-6.3898e-02
-4.6890e-03
-2.6213e-02
-4.9563e-03
-1.6708e-03
-5.6250e-01
-3.9533e-01
-4.9821e-03
-1.5154e-02
-2.2854e-01
-4.4628e-01
-1.3409e-01
-2.5473e-03
-2.8352e-01
-5.2741e-02
-2.3426e-03
-2.9825e-01
-2.5931e-01
-3.6581e-01
-1.4161e-01
-4.9213e-01
-5.6880e-01
-9.0147e-04
-5.7280e-03
-2.1747e-01
-9.1543e-02
-7.1262e-01
-3.0465e-02
-4.3247e-01
-1.8113e-01
-7.3985e-02
-3.6495e-01
-4.4743e-03
-5.3276e-01
-1.7221e-01
-2.7565e-01
-4.9436e-03
-3.4731e-01
-6.5713e-01
-2.1325e-01
-3.6206e-04
-9.6800e-03
-4.9720e-03
-1.8839e-01
-2.3006e-02
-3.1808e-01
-3.1391e-01
-3.3327e-01
-4.0539e-02
-3.8602e-01
-4.4966e-01
-1.2361e-01
-4.8810e-03
-1.6763e-01
-4.6941e-03
-1.6570e-01
-1.5517e-01
-1.8725e-01
-4.8641e-02
-1.9820e-01
-4.6527e-01
-1.6329e-02
-2.4893e-01
-8.4542e-04
-5.8345e-01
-4.5559e-02
-3.9764e-03
-2.5120e-01
-4.8121e-03
-4.1283e-01
-2.6321e-03
-9.4826e-02
-3.1006e-03
-1.0103e-01
-4.2778e-02
-8.8709e-03
-4.6566e-01
-6.8514e-02
-6.6331e-01
-7.3029e-01
-2.3551e-02
-1.9219e-01
-3.4969e-03
-1.8372e-01
-4.2476e-03
-1.9888e-01
-2.6998e-01
-1.6782e-01
-2.2809e-01
-6.6590e-02
-5.5079e-01
-4.1317e-01
-5.3428e-03
-1.7177e-01
-1.1971e-02
-2.2437e-02
-3.2219e-01
-6.6381e-01
-3.7765e-02
-9.9708e-02
-7.2508e-01
-2.4373e-02
-2.7597e-01
-4.0580e-01
-1.4165e-02
-4.7098e-01
-2.2587e-02
-7.2428e-01
-4.8858e-01
-2.9450e-02
-1.9915e-01
-1.8066e-01
-6.0973e-02
-1.2196e-01
-3.3616e-03
-4.5548e-04
-3.9990e-03
-9.6009e-02
-5.3084e-01
-4.9853e-03
-3.9608e-02
-4.4087e-01
-6.8634e-01
-3.4087e-03
-4.3370e-03
-8.1851e-03
-2.1719e-03
-1.7075e-03
-4.6608e-01
-1.5471e-02
-3.3608e-01
-2.6917e-01
-4.4009e-03
-3.3952e-03
-2.4439e-01
-1.2438e-01
-2.7066e-01
-1.3331e-01
-5.5522e-01
-3.2651e-01
-2.8417e-01
-2.7830e-01
-2.5458e-03
-5.2542e-02
-6.2618e-02
-3.9919e-01
-3.4468e-03
-1.1786e-01
-4.0434e-01
-1.5161e-03
-7.7602e-02
-1.7588e-02
-6.1818e-03
-2.3816e-02
-5.2499e-02
-6.2165e-01
-5.2886e-01
-3.4425e-02
-4.7674e-02
-6.2240e-01
-4.5259e-02
-7.0548e-01
-1.6214e-01
-6.4529e-04
-2.6501e-01
-1.6831e-01
-6.9477e-04
-4.2935e-03
-4.3922e-03
-4.2723e-01
-5.1221e-01
-4.2557e-03
-1.3819e-01
-3.7928e-03
-2.4586e-02
-7.3509e-02
-4.4592e-02
-3.8304e-02
-3.7564e-02
-2.0125e-05
-4.7106e-02
-2.0115e-03
-1.5569e-01
-1.0737e-01
-4.1446e-01
-2.9003e-03
-7.9323e-02
-1.2859e-03
-4.0488e-02
-6.0339e-01
-1.2665e-01
-2.9197e-01
-1.8160e-01
-3.2503e-03
-8.9952e-02
-3.7648e-01
-5.1240e-01
-4.1182e-01
-4.7916e-02
-4.8353e-03
-2.4194e-03
-3.2652e-03
-5.7361e-01
-1.3493e-01
-4.9911e-02
-1.7675e-03
-3.8597e-02
-1.7776e-01
-1.2350e-03
-3.6854e-01
-5.3346e-02
-5.1817e-03
-4.9511e-03
-7.3375e-02
-3.4970e-01
-3.2941e-02
-1.0398e-02
-2.0734e-01
-1.0900e-03
-4.7281e-02
-1.1681e-01
-4.0185e-03
-4.7552e-03
-1.1609e-01
-4.6050e-01
-1.3540e-01
-3.2352e-01
-4.5735e-03
-6.7764e-02
-3.9558e-01
-6.5589e-01
-2.0732e-03
-6.4597e-01
-5.0743e-01
-2.1945e-03
-7.1948e-01
-4.7750e-01
-5.4315e-02
-1.9650e-03
-9.7475e-03
-3.5037e-01
-5.4585e-01
-6.9515e-01
-5.2319e-01
-4.2331e-01
-5.6491e-01
-4.6114e-03
-4.3790e-03
-4.0304e-01
-7.2659e-01
-3.8386e-02
-8.7604e-02
-1.0228e-01
-4.0492e-01
-6.6886e-01
-1.1998e-03
-1.0980e-02
-2.1982e-03
-3.7877e-01
-4.5990e-03
-6.5676e-01
-4.5546e-01
-6.2020e-02
-1.6822e-03
-1.8908e-02
-1.2058e-01
-2.2013e-02
-2.5510e-01
-4.1619e-01
-3.7739e-01
-7.1734e-01
-5.4189e-01
-5.9999e-02
-3.8083e-01
-1.2612e-01
-1.0039e-01
-3.2913e-01
-1.6622e-01
-1.4801e-03
-3.2072e-01
-5.6938e-02
-2.1276e-02
-1.8932e-02
-3.8626e-03
-7.0893e-01
-5.5858e-01
-7.4165e-02
-1.3739e-01
-1.5973e-01
-1.5916e-01
-2.3236e-02
-1.3037e-01
-6.9618e-01
-1.7902e-01
-4.9885e-03
-5.1633e-01
-6.3026e-01
-1.3486e-03
-5.6219e-01
-9.1767e-02
-1.6624e-03
-4.7294e-01
-1.6081e-01
-4.4314e-03
-3.4960e-01
-4.0840e-03
-1.2646e-01
-2.5746e-01
-4.0492e-03
-5.9938e-01
-1.4295e-01
-4.7879e-03
-6.0565e-01
-2.4699e-02
-4.1847e-02
-2.4639e-01
-3.7830e-03
-4.8584e-03
-4.9507e-03
-2.0161e-02
-1.6339e-01
-2.3332e-01
-2.0348e-02
-5.3325e-01
-7.3496e-01
-2.3214e-01
-1.0649e-03
-3.6452e-01
-4.5934e-02
-1.7441e-01
-4.3217e-03
-6.3514e-01
-1.9191e-03
-2.3286e-01
-3.1640e-01
-8.9630e-02
-4.1401e-01
-3.9932e-01
-2.4175e-01
-6.1419e-02
-4.8169e-01
-5.5333e-01
-3.8999e-01
-4.9009e-03
-3.6310e-02
-4.3433e-03
-4.5464e-01
-5.8426e-01
-4.2189e-01
-1.8979e-01
-5.2976e-01
-4.0666e-03
-2.1919e-01
-2.9634e-02
-8.9376e-03
-4.3054e-01
-7.1429e-01
-3.6626e-01
-1.5552e-03
-2.2282e-04
-3.5230e-01
-2.9630e-03
-1.0406e-01
-3.1038e-05
-4.9709e-03
-1.0112e-01
-3.6108e-01
-2.4921e-01
-1.1845e-01
-4.6963e-02
-1.3228e-01
-6.9399e-01
-6.2691e-02
-2.3954e-01
-2.7447e-01
-7.7299e-02
-2.8757e-03
-1.9671e-01
-8.1126e-02
-1.4500e-01
-1.4492e-04
-1.6868e-01
-2.5591e-01
-2.8051e-03
-2.1357e-01
-3.4655e-01
-1.6669e-03
-6.3252e-01
-1.5368e-01
-9.4854e-02
-1.4638e-01
-3.7355e-01
-2.2679e-02
-4.0722e-03
-3.4619e-03
-2.2613e-01
-8.5659e-02
-7.0134e-03
-4.9796e-03
-4.6146e-01
-3.3033e-03
-4.1788e-02
-1.2125e-03
-7.2409e-02
-4.2388e-03
-1.0951e-01
-1.9536e-01
-1.7783e-01
-4.3952e-03
-6.8493e-01
-4.8992e-03
-2.7391e-01
-4.9943e-03
-5.2940e-04
-6.8109e-01
-5.1420e-01
-5.9267e-01
-3.3762e-01
-4.6406e-03
-3.8057e-03
-1.7137e-01
-3.6705e-02
-1.5897e-02
-3.3367e-01
-1.3804e-01
-7.4711e-02
-4.7036e-03
-4.1500e-01
-1.4097e-02
-5.7928e-01
-1.5185e-02
-5.3670e-01
-4.9765e-03
-2.5115e-01
-4.0268e-03
-5.7821e-01
-3.1904e-02
-2.8962e-01
-4.1066e-03
-3.5878e-03
-1.4686e-01
-2.5879e-03
-4.5108e-01
-4.4762e-01
-4.2068e-01
-2.6370e-02
-3.7902e-02
-6.7589e-01
-6.8165e-02
-7.0505e-03
-1.7342e-01
-6.9801e-01
-1.3089e-01
-4.5125e-03
-4.4125e-01
-9.3082e-02
-1.5174e-01
-8.6519e-03
-4.9817e-03
-1.9141e-01
-1.6957e-01
-2.4865e-01
-6.3240e-01
-4.3910e-01
-7.0011e-01
-1.9930e-02
-6.6157e-01
-2.8467e-01
-1.6989e-01
-4.6464e-03
-3.0394e-01
-3.6609e-02
-8.7350e-02
-2.9678e-01
-3.0070e-03
-7.3206e-04
-6.9389e-01
-4.2099e-01
-2.7965e-02
-3.1426e-01
-4.0981e-03
-2.5937e-01
-1.4944e-01
-6.4773e-02
-9.0184e-02
-5.9469e-02
-1.8366e-01
-3.5307e-01
-3.9285e-01
-9.4395e-02
-2.6425e-01
-2.5743e-02
-5.0207e-01
-3.6005e-03
-7.7537e-03
-6.1610e-01
-6.8151e-01
-3.6358e-01
-7.5096e-02
-8.8992e-02
-1.4580e-01
-7.6859e-02
-4.8362e-02
-4.9447e-03
-2.0613e-03
-1.8335e-01
-4.2801e-03
-3.0206e-01
-4.9226e-03
-1.3588e-03
-2.2204e-01
-7.2498e-01
-3.2948e-01
-3.2032e-01
-5.9695e-01
-6.7459e-02
-3.1216e-01
-1.1030e-01
-1.4174e-01
-4.8077e-03
-1.2207e-01
-8.3884e-02
-4.1603e-02
-7.9651e-04
-1.7686e-01
-2.6999e-02
-1.4410e-02
-7.2189e-03
-4.7229e-02
-4.3804e-01
-4.9092e-03
-7.2569e-01
-8.5554e-02
-3.1761e-01
-3.9353e-03
-1.4985e-03
-2.9301e-01
-4.1792e-01
-2.6581e-02
-4.0227e-03
-7.1484e-01
-4.0598e-01
-2.0396e-01
-7.0778e-01
-5.9641e-02
-2.6985e-02
-5.0551e-01
-3.0133e-01
-2.8795e-01
-9.3476e-02
-7.1779e-01
-3.4540e-01
-4.7677e-03
-3.7142e-02
-4.5136e-01
-1.4716e-01
-3.8248e-03
-1.5585e-02
-2.2035e-03
-2.2788e-02
-8.5500e-02
-1.8329e-03
-3.2774e-01
-6.8789e-01
-7.0449e-01
-4.8496e-03
-4.8198e-03
-4.9310e-03
-3.6172e-01
-4.9357e-02
-1.9142e-02
-2.3312e-01
-7.0130e-01
-4.6650e-01
-3.5772e-03
-2.1210e-01
-4.9934e-03
-3.9729e-01
-4.7785e-01
-9.0665e-02
-4.9391e-01
-1.3952e-01
-6.7153e-01
-1.2373e-01
-3.5910e-01
-5.8554e-02
-1.7552e-03
-6.5765e-01
-4.8027e-01
-4.0035e-01
-6.9848e-01
-4.3166e-01
-3.0573e-01
-2.8742e-01
-3.6506e-03
-2.1877e-01
-4.8639e-03
-6.1846e-02
-4.8106e-01
-6.7137e-02
-2.3380e-02
-1.1258e-01
-4.5697e-03
-1.0079e-01
-5.4462e-01
-6.1872e-01
-6.5498e-01
-6.4311e-01
-3.6182e-03
-8.4029e-03
-4.2654e-03
-2.8573e-01
-9.5350e-02
-1.9231e-01
-1.9198e-03
-2.5146e-03
-4.8825e-03
-5.6810e-02
-7.3091e-01
-1.3874e-02
-3.9267e-01
-3.2682e-02
-1.9704e-01
-1.8588e-01
-3.5026e-04
-2.2869e-01
-4.6522e-03
-4.4494e-03
-2.7676e-01
-3.4882e-03
-4.6148e-03
-3.5256e-03
-1.6049e-02
-5.7287e-02
-7.2863e-01
-2.8201e-01
-3.4233e-01
-3.3568e-01
-2.3463e-01
-6.0944e-03
-7.3112e-04
-1.5152e-01
-4.4701e-01
-2.2832e-03
-3.9329e-02
-4.9997e-03
-2.5011e-03
-2.7817e-01
-1.3564e-01
-2.3032e-01
-3.4780e-01
-7.8716e-02
-9.5870e-04
-3.7657e-03
-4.6899e-01
-3.1049e-01
-4.8532e-03
-1.9280e-01
-6.7397e-03
-6.0962e-01
-1.4876e-01
-9.6327e-02
-9.6508e-02
-7.4590e-02
-4.6505e-02
-9.0364e-03
-8.8640e-02
-2.8111e-01
-6.6674e-01
-7.1579e-01
-4.3765e-03
-5.9489e-03
-3.1621e-03
-1.0111e-03
-1.0890e-01
-2.3776e-02
-2.8048e-03
-2.3374e-01
-5.1056e-02
-4.7138e-01
-3.0110e-03
-4.9815e-01
-4.8865e-03
-1.2878e-01
-2.8663e-01
-1.1352e-01
-2.3867e-01
-3.9225e-04
-1.7415e-01
-1.4614e-03
-7.6076e-02
-6.5311e-01
-5.2918e-02
-2.4172e-01
-4.1757e-01
-3.7712e-01
-8.4466e-02
-2.8295e-02
-1.7047e-03
-2.4711e-01
-3.1209e-03
-4.9712e-01
-1.5059e-02
-1.4560e-01
-3.1454e-01
-3.4052e-01
-4.5243e-01
-3.2116e-02
-2.3983e-02
-4.4902e-01
-2.6572e-01
-4.9995e-03
-5.7225e-01
-6.2830e-01
-5.2805e-02
-4.9299e-03
-2.0930e-01
-5.7406e-02
-9.5980e-04
-4.3515e-03
-1.1097e-01
-2.9431e-03
-4.8557e-03
-3.9195e-02
-2.7124e-02
-1.2697e-02
-4.1874e-01
-2.9796e-01
-2.3785e-01
-7.1758e-04
-4.8218e-01
-4.0016e-02
-3.8752e-03
-1.0162e-01
-4.2019e-01
-1.6814e-01
-2.1631e-02
-5.5527e-01
-2.8451e-03
-4.2076e-03
-1.2982e-02
-1.0640e-01
-2.1062e-01
-6.7358e-02
-7.6019e-02
-9.6881e-02
-1.7022e-01
-4.4783e-01
-2.9741e-02
-7.6360e-03
-2.8191e-01
-1.3076e-01
-3.5087e-01
-1.3028e-02
-4.8979e-03
-1.0366e-02
-5.0285e-01
-2.7627e-01
-3.0262e-03
-2.9332e-01
-2.3636e-01
-5.3654e-01
-8.3372e-02
-1.3884e-03
-7.7180e-02
-1.8236e-02
-2.9899e-02
-3.4015e-02
-2.4477e-01
-2.3433e-01
-3.6259e-03
-3.1947e-01
-1.8479e-01
-7.0716e-01
-4.9353e-03
-2.0496e-01
-1.4034e-01
-8.8081e-02
-4.5833e-01
-6.9662e-01
-1.3672e-02
-5.1013e-01
-4.6872e-01
-1.0937e-02
-6.9570e-02
-7.2158e-01
-3.5537e-01
-6.2102e-01
-4.3119e-01
-1.5074e-01
-4.0820e-03
-1.7754e-02
-5.0627e-01
-2.3863e-02
-6.1126e-02
-6.6400e-01
-3.5952e-01
-1.3177e-01
-3.6923e-03
-6.7943e-01
-8.8344e-02
-1.2328e-01
-1.3248e-01
-2.7163e-02
-2.2739e-03
-1.5849e-01
-6.6002e-01
-6.9473e-02
-2.1759e-02
-1.2452e-03
-3.8463e-03
-4.5629e-01
-2.7287e-02
-1.9337e-03
-4.3633e-01
-1.9564e-01
-1.8878e-01
-1.0815e-01
-2.7105e-04
-5.0001e-01
-2.9110e-02
-2.5159e-02
-7.5783e-02
-1.6494e-03
-9.7912e-02
-5.1956e-01
-6.0648e-01
-1.2173e-02
-5.7519e-01
-6.6919e-03
-4.9731e-03
-6.4403e-01
-4.1318e-03
-8.9992e-04
-2.5390e-02
-1.0453e-01
-4.9071e-03
-2.2306e-01
-3.9879e-01
-5.0314e-01
-6.1170e-05
-3.1281e-02
-3.4245e-03
-8.3810e-02
-4.9878e-03
-7.9221e-02
-5.2827e-01
-5.4209e-03
-3.3136e-01
-4.0364e-01
-9.0278e-02
-4.8571e-01
-1.4817e-01
-1.5291e-01
-1.4523e-01
-3.3010e-01
-4.4861e-02
-3.8676e-01
-4.9551e-03
-1.4015e-01
-1.0830e-01
-1.6481e-01
-1.7355e-03
-1.1150e-01
-4.8322e-03
-4.6095e-03
-6.1205e-01
-2.2569e-03
-4.7869e-01
-1.0458e-01
-4.8934e-01
-4.7603e-01
-5.7309e-01
-4.2382e-02
-1.1398e-02
-2.7045e-01
-3.8658e-01
-4.3883e-01
-3.1049e-01
-2.9406e-01
-3.1059e-02
-8.1630e-02
-4.9715e-03
-5.8798e-01
-3.8461e-01
-4.8798e-01
-3.0762e-02
-5.0882e-01
-3.2502e-01
-6.3462e-01
-9.2135e-02
-4.4548e-01
-5.8573e-01
-1.7311e-01
-5.0887e-01
-1.8154e-01
-3.2783e-01
-2.9342e-01
-9.1509e-02
-1.7088e-01
-2.9929e-01
-2.4483e-03
-1.3683e-03
-9.2039e-02
-2.0027e-01
-2.0382e-04
-6.8412e-01
-3.0175e-02
-4.4955e-03
-1.2488e-04
-1.5442e-01
-5.8268e-01
-2.7012e-01
-1.3740e-02
-1.4303e-01
-3.5353e-02
-3.7407e-01
-3.9135e-01
-1.8436e-01
-1.3345e-03
-7.1929e-02
-3.8537e-02
-1.2021e-01
-3.6621e-03
-4.8698e-03
-2.2603e-02
-1.6011e-03
-6.5929e-01
-6.1118e-01
-6.7954e-01
-5.6590e-01
-1.6557e-01
-1.5225e-01
-5.2419e-01
-3.4514e-01
-4.3495e-04
-6.6478e-01
-8.8486e-02
-3.2241e-03
-4.5049e-02
-2.5382e-01
-1.5941e-02
-6.1722e-01
-3.0102e-01
-4.7526e-03
-1.0540e-01
-4.9338e-03
-2.4723e-01
-7.8439e-02
-2.7769e-01
-6.0275e-04
-4.9086e-01
-4.3710e-01
-2.5991e-02
-3.0827e-01
-6.2787e-01
-4.9871e-01
-4.0085e-03
-3.4993e-02
-6.3579e-03
-6.7215e-02
-2.9026e-02
-6.1804e-01
-2.9801e-02
-2.2131e-01
-2.1592e-01
-7.1081e-02
-1.0224e-02
-4.6850e-01
-2.7284e-01
-3.5817e-01
-3.8205e-01
-6.1674e-01
-1.5982e-01
-4.9671e-03
-5.7721e-03
-3.4143e-01
-3.6177e-02
-1.1191e-03
-6.4211e-01
-3.8162e-01
-1.8797e-01
-6.7030e-01
-1.0075e-02
-9.2423e-02
-1.6604e-02
-3.0424e-03
-3.8284e-01
-2.1010e-01
-4.7907e-03
-1.4441e-01
-2.6298e-03
-2.5656e-04
-6.0261e-01
-3.1473e-03
-2.6595e-01
-1.7369e-02
-5.3878e-01
-9.0984e-04
-4.9545e-01
-3.2635e-01
-6.8533e-01
-3.4211e-02
-3.0263e-01
-6.1649e-02
-8.4888e-02
-6.9206e-03
-8.6430e-02
-4.1606e-01
-5.2289e-02
-8.4047e-02
-4.5818e-01
-6.1281e-01
-6.1098e-01
-3.9694e-02
-1.8200e-01
-1.1977e-01
-1.2754e-01
-1.3286e-02
-9.1879e-02
-2.7836e-03
-3.3279e-02
-9.0781e-03
-3.5584e-01
-2.2226e-03
-1.5862e-01
-1.7198e-02
-1.0184e-01
-1.6317e-01
-2.3669e-01
-6.5887e-01
-5.0059e-01
-1.1119e-01
-4.5040e-01
-7.4997e-02
-1.6264e-01
-7.2813e-01
-2.0197e-01
-1.5624e-03
-4.6579e-02
-6.7667e-01
-2.9219e-03
-4.6361e-01
-2.7095e-01
-2.8275e-04
-3.1868e-03
-3.5749e-01
-6.2964e-01
-1.0433e-01
-2.8249e-01
-2.5726e-01
-4.2215e-03
-3.0374e-04
-3.4625e-02
-5.3471e-01
-6.9990e-02
-4.3606e-01
-2.3816e-01
-1.8530e-01
-4.3186e-02
-7.9723e-02
-2.8446e-01
-5.1495e-01
-1.3200e-01
-3.4963e-02
-5.0952e-01
-4.4045e-01
-1.3848e-01
-1.1167e-02
-1.9582e-02
-2.5848e-01
-1.0321e-02
-1.9779e-02
-1.2388e-01
-1.9123e-01
-3.8590e-03
-1.0778e-01
-3.2294e-02
-7.7363e-02
-5.8868e-01
-5.5014e-01
-2.7357e-01
-4.1192e-03
-5.3009e-01
-2.6936e-01
-2.5340e-01
-1.5583e-01
-3.3958e-02
-3.7937e-01
-5.7626e-01
-2.7150e-03
-1.0206e-01
-5.6706e-01
-2.0972e-01
-2.4295e-02
-4.9491e-03
-3.9324e-01
-7.0460e-02
-5.2288e-01
-4.1548e-01
-4.3405e-02
-5.7220e-01
-1.1693e-01
-1.6148e-03
-1.1474e-01
-1.7638e-03
-4.4243e-01
-4.3846e-03
-1.3954e-01
-3.4153e-03
-6.6403e-02
-4.4449e-01
-5.3046e-01
-2.4833e-02
-1.6273e-01
-3.5333e-01
-4.6305e-02
-5.2394e-01
-3.0663e-02
-4.4012e-02
-2.8916e-02
-4.9816e-02
-4.8128e-01
-5.6668e-02
-2.3589e-01
-4.7182e-01
-1.1798e-01
-1.7627e-01
-2.2453e-01
-1.1561e-02
-1.4122e-01
-3.3294e-01
-1.6145e-01
-1.3669e-01
-1.9375e-02
-2.2935e-01
-2.9821e-03
-2.1111e-01
-1.9584e-01
-2.2350e-03
-1.1877e-01
-2.2039e-01
-1.0793e-02
-6.0039e-01
-1.1177e-01
-4.3182e-01
-3.0925e-01
-4.9612e-03
-8.5106e-02
-2.3512e-03
-5.8065e-01
-4.7217e-03
-4.9033e-03
-1.2590e-01
-6.3981e-01
-4.9646e-03
-8.6769e-02
-4.4471e-02
-8.2138e-03
-8.4672e-02
-1.4394e-01
-2.0253e-01
-6.2460e-04
-1.3442e-01
-3.7005e-01
-7.2401e-01
-7.1047e-01
-4.6669e-03
-1.1757e-01
-2.0588e-01
-6.1496e-01
-1.1408e-01
-3.4879e-01
-2.2746e-01
-1.4949e-01
-3.5876e-01
-5.1735e-02
-1.1244e-02
-4.4191e-01
-3.6636e-01
-1.9972e-01
-4.9777e-03
-1.0360e-01
-1.0481e-01
-4.7827e-03
-1.2586e-01
-1.0003e-01
-1.9753e-01
-4.2558e-01
-8.2683e-02
-3.1657e-01
-3.9361e-01
-5.5171e-01
-3.5315e-03
-6.3721e-01
-3.6080e-02
-4.1031e-01
-1.1976e-03
-4.3961e-01
-4.5422e-03
-6.2008e-01
-3.7446e-01
-2.8931e-03
-1.0712e-01
-3.0405e-01
-2.3194e-01
-1.4269e-02
-1.3993e-01
-5.5688e-03
-1.8490e-02
-4.5680e-01
-2.4188e-02
-2.8210e-02
-1.7722e-01
-1.6856e-02
-2.9388e-01
-4.4927e-03
-6.2153e-02
-5.1356e-01
-4.2498e-04
-5.1709e-01
-4.9890e-01
-4.0659e-01
-4.7729e-03
-1.9457e-01
-1.2467e-02
-2.4408e-01
-4.9942e-03
-1.8741e-02
-3.6735e-01
-2.6297e-01
-7.8596e-02
-2.4271e-01
-4.0397e-01
-6.9005e-01
-2.2328e-01
-5.1792e-01
-3.6838e-03
-5.0413e-02
-8.8877e-02
-9.4673e-02
-5.1989e-01
-1.8866e-01
-6.6990e-04
-4.2370e-01
-1.5500e-01
-3.2394e-01
-2.3101e-02
-7.1846e-02
-4.2885e-02
-4.9783e-03
-1.7077e-01
-3.7130e-03
-4.9961e-03
-2.1711e-01
-1.8242e-01
-2.6206e-01
-4.0650e-01
-4.2844e-01
-1.5406e-03
-5.2772e-01
-6.0930e-01
-6.0886e-01
-6.8267e-01
-3.5365e-01
-3.6874e-02
-1.8788e-01
-5.7647e-02
-4.0086e-01
-1.8396e-01
-2.0233e-03
-4.1036e-02
-3.7595e-01
-4.4304e-02
-8.3169e-02
-9.9288e-04
-1.7595e-01
-3.8065e-02
-1.5371e-03
-4.8640e-01
-1.8342e-02
-4.6337e-01
-3.4601e-01
-5.8365e-02
-2.1491e-01
-1.2679e-01
-3.4815e-01
-7.0802e-02
-1.9439e-02
-2.2993e-03
-2.8995e-01
-2.5182e-01
-2.5454e-01
-2.1809e-02
-1.7700e-01
-2.1655e-01
-7.4836e-02
-2.4836e-01
-1.6289e-01
-4.3475e-03
-7.4451e-02
-4.8691e-03
-1.8134e-02
-1.9469e-03
-1.8932e-03
-5.2182e-01
-1.4916e-02
-3.1228e-03
-6.0675e-01
-4.6296e-01
-5.7864e-02
-4.2618e-01
-5.8467e-03
-3.7552e-01
-6.7641e-01
-2.1538e-01
-5.7772e-02
-1.0494e-01
-9.8443e-02
-4.9014e-02
-1.9334e-02
-3.0730e-03
-1.3360e-02
-6.1384e-01
-2.9235e-01
-3.6025e-01
-6.2934e-04
-3.8538e-01
-1.0928e-01
-4.7540e-01
-6.7046e-02
-3.0878e-02
-4.0253e-02
-1.3382e-03
-2.8874e-01
-1.2976e-03
-4.9992e-03
-9.5931e-02
-2.9475e-02
-6.7072e-01
-4.7433e-03
-1.1813e-01
-9.3168e-02
-2.0048e-01
-2.4647e-01
-1.0018e-01
-3.0011e-01
-1.4964e-01
-1.0674e-01
-3.3711e-02
-9.1837e-03
-2.8877e-02
-6.0398e-02
-6.3875e-03
-8.5280e-03
-7.1688e-02
-3.5617e-02
-4.5625e-03
-4.8498e-01
-3.7542e-01
-3.3373e-01
-5.7995e-01
-2.1002e-03
-1.9088e-01
-3.3404e-01
-1.7190e-01
-4.5358e-01
-2.3296e-02
-2.4126e-01
-1.1337e-01
-5.4505e-01
-1.9540e-03
-4.2110e-03
-4.1555e-01
-3.4600e-02
-2.5201e-01
-5.9737e-01
-1.8683e-01
-3.0549e-01
-1.0852e-01
-6.6016e-02
-3.4718e-01
-1.5786e-01
-1.2634e-01
-3.9821e-03
-7.7628e-04
-4.3286e-01
-6.4461e-02
-1.3052e-03
-2.9644e-02
-8.3309e-02
-9.5411e-03
-5.6115e-02
-4.9497e-02
-3.7233e-03
-5.0000e-03
-4.9700e-02
-1.1910e-01
-2.0667e-03
-1.6695e-01
-2.4284e-03
-7.1623e-01
-2.3452e-02
-9.2845e-02
-1.3287e-01
-3.4387e-03
-1.0619e-03
-9.3381e-02
-2.1510e-01
-5.3165e-01
-5.5658e-01
-8.5792e-03
-1.2857e-01
-6.0533e-01
-4.1004e-03
-1.6064e-01
-4.8289e-03
-2.5710e-03
-6.7687e-01
-3.6161e-01
-6.6214e-02
-3.5000e-01
-3.8135e-03
-2.5997e-01
-3.0967e-01
-6.7232e-01
-1.0625e-01
-1.0412e-01
-4.2511e-01
-3.0825e-03
-2.3992e-03
-7.8141e-03
-3.5042e-03
-2.0280e-01
-1.0745e-03
-2.6853e-02
-2.0376e-01
-2.2637e-01
-2.7491e-01
-2.6192e-01
-5.7759e-01
-5.3748e-01
-5.5238e-01
-3.7112e-01
-5.6994e-03
-1.7658e-01
-1.7671e-01
-3.0867e-01
-2.1026e-01
-4.8450e-03
-4.9967e-03
-2.7447e-02
-9.2656e-02
-4.7354e-03
-3.1938e-03
-3.4306e-03
-1.8712e-02
-2.3212e-03
-1.4625e-01
-4.7688e-03
-6.3362e-01
-4.3239e-01
-6.7273e-01
-9.4212e-02
-5.8036e-01
-2.4987e-02
-5.7906e-04
-7.5200e-03
-8.7187e-02
-5.0013e-03
-4.9850e-03
-3.8429e-01
-6.3856e-02
-3.2722e-01
-2.6347e-03
-4.9953e-03
-6.4825e-02
-3.3026e-02
-1.3396e-01
-6.2660e-01
-4.8189e-03
-6.3889e-01
-1.7747e-01
-1.1640e-01
-6.1742e-01
-3.3432e-03
-1.3295e-01
-1.0642e-02
-5.6119e-01
-4.4828e-01
-4.3769e-01
-7.1573e-02
-5.3578e-02
-5.4695e-01
-2.4529e-01
-8.1299e-02
-2.0651e-02
-7.6363e-02
-2.2468e-01
-1.4309e-02
-3.4030e-03
-3.5853e-01
-1.1615e-02
-4.1150e-03
-2.9293e-02
-4.4706e-02
-8.1679e-04
-1.1415e-01
-3.4161e-01
-2.8271e-01
-9.2344e-02
-3.4672e-01
-7.1815e-01
-7.6586e-02
-4.8034e-03
-1.8986e-01
-5.6808e-01
-4.9040e-01
-8.0450e-02
-4.0252e-01
-3.4087e-01
-3.1865e-01
-6.9453e-01
-4.1942e-02
-6.3818e-01
-7.2879e-02
-4.1596e-03
-1.2836e-02
-5.4784e-01
-2.6888e-03
-1.5466e-01
-2.0850e-01
-1.2322e-02
-4.6602e-01
-2.1458e-01
-3.9596e-01
-1.6129e-02
-4.0323e-01
-1.4994e-01
-3.1688e-01
-3.1530e-02
-3.0964e-02
-4.7955e-01
-4.6049e-03
-6.8852e-01
-6.9074e-01
-2.4060e-02
-4.1825e-01
-7.8874e-02
-3.0819e-01
-4.8717e-03
-2.5762e-02
-4.4033e-01
-1.3515e-02
-2.8505e-01
-3.6106e-03
-6.8098e-03
-1.4664e-02
-9.7146e-04
-5.5584e-01
-1.2295e-01
-3.0351e-03
-9.8058e-04
-5.8910e-01
-6.3406e-01
-2.2502e-01
-4.9462e-01
-4.8754e-02
-1.9964e-03
-5.7849e-01
-1.8044e-01
-6.5860e-01
-2.2787e-01
-4.3889e-02
-1.1826e-02
-1.5757e-01
-8.2932e-02
-2.1622e-01
-6.2887e-01
-2.4052e-01
-1.0878e-01
-3.7788e-01
-5.4475e-02
-2.9728e-01
-7.2622e-01
-4.8432e-01
-4.0160e-01
-3.2095e-04
-7.1325e-02
-1.0036e-02
-5.6655e-01
-4.4822e-02
-5.5216e-02
-2.3539e-01
-4.9300e-01
-5.5193e-01
-4.7009e-03
-2.0658e-01
-6.1617e-04
-2.4226e-01
-4.1016e-01
-4.2215e-01
-2.0807e-01
-3.9451e-02
-6.8376e-02
-6.5015e-02
-5.3619e-02
-2.0084e-01
-2.9390e-02
-1.1734e-01
-6.0121e-02
-4.8475e-03
-1.2403e-02
-1.4102e-03
-6.3052e-01
-1.0294e-03
-1.6231e-01
-3.2276e-01
-5.3443e-01
-4.7985e-01
-2.6700e-01
-2.6824e-01
-3.7670e-03
-1.7560e-01
-2.9980e-02
-3.3508e-01
-4.9146e-03
-3.2745e-01
-8.2762e-04
-2.3047e-03
-7.8238e-04
-5.0691e-01
-1.9211e-04
-7.2293e-01
-4.5296e-01
-1.1370e-01
-7.0272e-01
-2.2176e-01
-3.9857e-01
-3.6320e-01
-5.5719e-01
-2.9615e-01
-3.3844e-01
-1.3296e-03
-6.4158e-01
-1.2157e-01
-3.7579e-03
-5.6279e-02
-1.2629e-03
-4.5369e-01
-5.4141e-01
-4.9661e-03
-1.2279e-02
-4.6728e-03
-5.1378e-01
-1.8936e-01
-1.8318e-01
-4.8669e-03
-2.0055e-01
-2.8280e-01
-1.3836e-01
-2.8138e-01
-8.6743e-02
-4.9584e-03
-4.9795e-03
-1.2933e-01
-1.7959e-01
-4.1138e-01
-1.5317e-02
-5.7971e-02
-2.1299e-01
-4.5800e-03
-3.3714e-01
-1.0059e-01
-4.5650e-02
-4.1748e-03
-6.2715e-01
-4.2423e-03
-8.0895e-04
-4.1040e-04
-5.0324e-02
-7.0133e-02
-4.8009e-02
-7.2025e-02
-8.6274e-04
-3.7477e-01
-4.3001e-01
-3.7436e-04
-2.0921e-01
-5.5957e-01
-1.6793e-02
-3.6962e-01
-1.1332e-01
-3.9867e-02
-5.9489e-01
-4.1075e-01
-3.2627e-03
-4.0889e-03
-7.3330e-01
-3.8217e-01
-5.3917e-02
-2.8695e-03
-1.2480e-01
-1.5640e-01
-4.0362e-03
-5.4818e-02
-5.9456e-01
-3.5285e-01
-4.0478e-01
-7.5373e-02
-4.9981e-03
-1.3063e-01
-2.5266e-01
-2.2369e-01
-7.1417e-03
-3.2038e-02
-3.5690e-02
-1.4533e-03
-2.8068e-01
-8.3811e-03
-4.8873e-02
-3.8841e-01
-2.3036e-03
-8.2221e-02
-1.5190e-01
-4.9760e-01
-1.4090e-01
-5.7273e-01
-3.2296e-01
-2.3699e-03
-4.0922e-01
-3.0169e-01
-1.7528e-01
-7.7003e-04
-2.6224e-01
-4.3022e-02
-1.7427e-02
-3.6685e-03
-2.4386e-01
-3.9429e-03
-9.3920e-02
-4.9477e-03
-1.7233e-01
-5.8846e-02
-3.5179e-03
-4.9684e-01
-1.3798e-02
-2.6726e-01
-2.7717e-01
-3.7149e-01
-1.6177e-01
-2.0821e-01
-3.3150e-02
-4.7554e-04
-9.1191e-03
-2.2022e-02
-4.1391e-03
-3.0457e-01
-3.7992e-03
-3.4197e-01
-4.0977e-01
-4.1920e-01
-4.9686e-03
-3.9419e-01
-6.1192e-01
-8.0548e-03
-4.2265e-03
-2.0894e-01
-7.0318e-01
-5.6972e-01
-3.1053e-03
-6.8456e-01
-6.4207e-01
-1.4781e-02
-4.6835e-03
-3.2351e-03
-1.7825e-02
-3.2166e-01
-2.9089e-04
-3.9388e-01
-1.3552e-01
-4.9982e-03
-3.6228e-02
-5.9187e-02
-4.5997e-01
-1.2240e-01
-4.1666e-01
-7.3146e-01
-9.3417e-04
-3.0947e-01
-6.4698e-01
-2.0603e-01
-1.3987e-01
-4.9694e-03
-1.9848e-01
-3.3687e-01
-2.5107e-02
-2.3585e-02
-5.1262e-02
-9.9786e-03
-5.1079e-02
-2.0837e-02
-4.5278e-01
-3.3528e-03
-1.0507e-01
-7.0726e-01
-3.7456e-03
-8.2018e-02
-1.2198e-02
-4.0154e-02
-6.2037e-01
-2.5615e-01
-1.1821e-02
-2.5593e-02
-4.1359e-03
-4.3151e-03
-1.4703e-03
-1.1478e-01
-4.9922e-03
-3.2395e-02
-1.5399e-02
-3.2883e-01
-1.5353e-01
-5.9621e-01
-1.1584e-03
-4.1254e-03
-1.8491e-03
-1.3784e-01
-2.2967e-04
-1.4349e-01
-5.2543e-01
-2.6764e-01
-7.4128e-02
-5.0586e-02
-5.4858e-01
-4.5575e-03
-2.1093e-02
-2.6739e-01
-3.2821e-01
-3.0440e-01
-2.7470e-02
-6.9663e-02
-2.5649e-03
-1.2703e-01
-6.8673e-01
-4.7933e-01
-7.9870e-02
-6.5044e-02
-5.9096e-01
-1.0988e-01
-2.3448e-01
-1.0456e-02
-6.3697e-01
-3.5564e-01
-1.9521e-02
-3.6459e-03
-4.7857e-01
-2.2263e-01
-3.7387e-03
-4.5697e-01
-2.7134e-01
-3.1320e-01
-5.5454e-01
-1.7303e-01
-4.3350e-03
-1.1451e-01
-2.8135e-02
-3.7190e-03
-4.6198e-02
-3.9483e-01
-5.3393e-01
-4.2674e-03
-3.8256e-01
-3.3233e-01
-2.2094e-01
-3.9988e-01
-5.1459e-01
-2.0619e-01
-1.3957e-02
-2.2026e-01
-3.8289e-03
-3.9299e-03
-1.4482e-01
-6.1977e-01
-4.7481e-01
-3.5445e-01
-1.1482e-03
-5.6441e-02
-3.1051e-03
-6.5268e-01
-5.3080e-02
-8.3694e-02
-4.2567e-03
-1.1329e-03
-4.3740e-01
-2.7111e-01
-5.3351e-01
-5.5875e-02
-2.9909e-03
-3.3401e-02
-1.0522e-01
-3.3634e-02
-3.4245e-01
-8.9881e-03
-2.5570e-01
-4.5446e-03
-2.6157e-01
-1.8501e-01
-1.7851e-01
-4.9977e-03
-2.3829e-01
-8.2389e-02
-2.0869e-01
-6.9129e-01
-4.6708e-02
-5.1278e-01
-3.8977e-03
-4.0829e-01
-6.4645e-02
-1.3327e-01
-1.6984e-01
-2.7356e-03
-2.9456e-01
-2.1844e-01
-3.4004e-01
-1.5742e-01
-6.2589e-01
-6.3083e-01
-2.6241e-02
-4.0128e-01
-1.5996e-01
-6.9995e-01
-4.2283e-03
-3.9162e-03
-1.0563e-01
-2.1793e-03
-1.6220e-03
-2.7959e-01
-1.5838e-02
-9.9515e-02
-7.0364e-02
-6.3212e-02
-4.0963e-02
-2.9670e-01
-4.9333e-01
-6.1844e-01
-2.7164e-01
-4.8253e-01
-7.2943e-03
-4.1525e-03
-3.8871e-03
-4.6081e-02
-2.7656e-02
-8.2840e-02
-9.8096e-02
-3.2773e-02
-7.8175e-02
-4.7660e-03
-4.9999e-03
-1.4804e-01
-6.8130e-04
-4.6773e-03
-1.1186e-02
-1.3855e-03
-1.2827e-01
-4.2469e-01
-2.5652e-01
-3.8812e-03
-1.8092e-01
-4.8381e-03
-3.3529e-03
-3.6410e-01
-1.2537e-01
-1.1823e-01
-6.7322e-01
-1.2816e-01
-2.9214e-01
-1.6491e-01
-1.9314e-01
-1.3169e-01
-4.5959e-03
-3.0608e-01
-3.0328e-02
-6.1303e-01
-1.4134e-01
-1.4740e-01
-5.4011e-01
-1.2783e-01
-3.2710e-03
-2.1787e-01
-1.0071e-01
-1.9245e-01
-5.3974e-01
-4.1935e-03
-2.1851e-01
-4.0734e-01
-1.4354e-03
-2.2244e-02
-2.9424e-01
-3.3488e-01
-4.8773e-03
-4.8977e-01
-3.3865e-01
-4.8888e-03
-3.9179e-01
-6.0829e-01
-2.4498e-01
-4.7226e-03
-1.7366e-01
-2.5637e-02
-3.4767e-02
-3.9090e-03
-1.0113e-02
-1.9692e-01
-2.4336e-01
-1.9406e-01
-4.2642e-02
-8.7793e-02
-1.0219e-03
-1.7461e-01
-7.7314e-05
-3.7853e-01
-3.1968e-01
-2.9059e-01
-1.0281e-04
-3.2012e-03
-6.7749e-01
-4.1700e-01
-3.6680e-01
-2.9161e-01
-4.1846e-03
-3.5634e-01
-6.3529e-02
-3.8673e-02
-5.1332e-02
-1.8262e-01
-7.0607e-04
-2.4091e-01
-4.0996e-03
-6.3410e-01
-1.3182e-03
-3.2844e-02
-6.8785e-02
-7.0623e-01
-3.0241e-02
-1.6204e-02
-2.2671e-01
-3.0240e-01
-1.1886e-01
-4.6798e-03
-3.4597e-01
-2.6570e-03
-1.9871e-01
-6.6895e-02
-5.8917e-01
-5.0983e-01
-1.5731e-03
-5.7176e-01
-3.4113e-01
-7.2925e-01
-4.5182e-01
-5.5802e-04
-7.3738e-04
-5.8709e-02
-4.2575e-01
-1.6400e-01
-5.7037e-01
-4.3472e-01
-3.6203e-01
-2.3887e-01
-5.2055e-01
