-3.5629e-01
-2.1813e-01
-4.5546e-03
-4.9980e-03
-1.5764e-01
-1.7472e-01
-3.9219e-03
-6.1673e-02
-7.3309e-01
-4.9999e-03
-4.8341e-01
-4.6345e-03
-6.3645e-01
-1.4402e-03
-1.0767e-01
-2.3152e-03
-1.1511e-02
-2.8315e-03
-5.0124e-01
-1.1586e-01
-2.2725e-01
-1.8781e-01
-1.9688e-02
-4.3023e-01
-5.0755e-02
-9.7720e-02
-2.3312e-02
-6.2175e-01
-1.4941e-02
-2.6028e-01
-3.9572e-01
-3.9479e-03
-2.2674e-01
-8.1447e-02
-4.4265e-03
-6.1369e-01
-9.7021e-02
-1.6646e-02
-3.5049e-03
-7.5544e-02
-4.0155e-01
-1.2430e-01
-2.9713e-01
-3.5384e-03
-3.8907e-01
-1.6502e-01
-4.9909e-03
-3.7879e-01
-1.3097e-03
-4.0900e-03
-2.0542e-01
-7.1496e-01
-2.8203e-01
-5.4180e-01
-2.6642e-01
-4.1894e-03
-1.2105e-01
-4.3537e-01
-3.3949e-03
-4.4297e-01
-3.1212e-03
-1.7711e-03
-5.6019e-01
-3.3671e-01
-6.7301e-01
-4.8165e-03
-5.4483e-02
-4.9897e-03
-9.7470e-02
-1.0818e-03
-1.7497e-03
-2.0147e-01
-7.3154e-01
-1.5268e-03
-9.0149e-02
-1.7778e-01
-4.3848e-01
-2.0815e-01
-1.9928e-01
-1.5924e-03
-9.6072e-03
-2.7803e-03
-9.0062e-02
-9.5517e-02
-3.1809e-03
-1.0367e-02
-4.2359e-02
-3.1336e-01
-4.5225e-01
-1.6123e-01
-1.3110e-01
-5.4278e-01
-2.7237e-01
-6.4749e-02
-6.5109e-02
-1.3672e-01
-6.6424e-02
-4.7599e-03
-2.3407e-01
-7.2721e-01
-9.2759e-02
-3.4351e-01
-6.4955e-01
-8.4194e-04
-3.0496e-03
-2.0326e-01
-4.0272e-02
-6.5017e-04
-2.4719e-01
-3.6575e-01
-1.1604e-01
-1.3293e-01
-5.2245e-01
-5.9355e-01
-3.5137e-01
-4.1868e-01
-2.8630e-01
-5.7189e-01
-2.5650e-02
-7.6232e-02
-6.3248e-01
-1.8982e-01
-2.9491e-01
-1.3427e-02
-4.3731e-02
-3.9337e-01
-1.0379e-01
-5.3425e-01
-9.2808e-02
-5.5556e-01
-1.5978e-01
-3.2710e-02
-2.5312e-01
-2.7292e-01
-5.5017e-01
-5.3478e-01
-2.8929e-03
-5.2166e-01
-7.2778e-03
-7.1017e-01
-8.1134e-03
-2.5825e-02
-2.5513e-03
-2.2659e-02
-2.6702e-03
-4.2259e-01
-7.7274e-02
-5.5318e-01
-2.2604e-01
-6.7270e-01
-4.9790e-03
-2.4240e-01
-5.1903e-01
-5.3054e-01
-4.9583e-03
-1.1128e-02
-8.3519e-02
-1.1091e-01
-1.4797e-02
-3.7448e-01
-1.7391e-01
-1.5909e-01
-3.5963e-03
-3.4635e-02
-7.3351e-01
-6.5326e-05
-3.9002e-03
-1.1948e-01
-2.9568e-03
-4.8913e-02
-1.2680e-01
-5.1262e-02
-4.0550e-02
-1.0119e-01
-4.3858e-03
-1.3798e-01
-4.5687e-02
-5.8292e-01
-1.4674e-03
-2.5694e-03
-3.9496e-02
-4.1251e-02
-1.4356e-01
-2.9914e-01
-9.9137e-02
-1.4576e-03
-5.5051e-02
-7.5318e-03
-3.3110e-01
-2.3730e-02
-2.4376e-03
-5.1877e-01
-4.4861e-02
-2.8787e-01
-3.9365e-03
-3.1364e-01
-4.7075e-03
-4.5887e-01
-1.4487e-01
-5.6851e-01
-4.8766e-01
-3.3389e-01
-2.1164e-03
-6.3938e-01
-4.8238e-01
-6.5186e-01
-4.9336e-03
-2.7961e-01
-3.2793e-01
-1.7484e-01
-5.7615e-03
-6.1243e-01
-1.4543e-01
-1.2924e-03
-9.1480e-02
-8.7733e-02
-1.1021e-01
-1.1439e-03
-9.7399e-03
-3.0901e-03
-3.6073e-03
-4.4404e-03
-4.5655e-01
-2.1854e-02
-4.7845e-02
-5.1681e-01
-3.6471e-01
-1.4297e-01
-1.0272e-02
-2.3572e-01
-7.7353e-02
-3.4555e-02
-3.4977e-03
-4.0856e-01
-1.1134e-01
-1.7180e-03
-4.5512e-01
-2.1844e-01
-2.1241e-01
-1.9205e-01
-1.4474e-03
-5.3299e-01
-5.6874e-01
-3.3235e-01
-1.7185e-01
-2.1953e-02
-5.9154e-01
-1.5239e-01
-6.7455e-01
-3.4478e-01
-4.7560e-02
-2.7819e-01
-1.5779e-01
-5.6788e-01
-4.5989e-01
-5.1592e-01
-4.2574e-01
-8.6770e-02
-1.1639e-02
-4.0994e-01
-1.1325e-01
-5.7480e-01
-1.5386e-01
-6.6707e-02
-6.3617e-02
-4.2170e-01
-4.0589e-01
-9.9995e-02
-4.4443e-03
-6.4688e-01
-6.2817e-01
-4.5443e-01
-2.8413e-01
-4.9778e-03
-1.0434e-03
-1.8474e-01
-1.6327e-01
-5.5469e-01
-1.2602e-02
-5.7891e-02
-1.1525e-01
-2.5045e-03
-1.8885e-02
-1.0947e-01
-6.4409e-01
-4.6813e-01
-1.0072e-01
-4.8254e-03
-4.6216e-03
-8.2509e-02
-3.4043e-01
-3.7980e-02
-1.4148e-01
-4.7772e-03
-2.0030e-01
-2.7483e-01
-4.1446e-01
-4.9697e-03
-4.1869e-03
-7.5254e-02
-5.8778e-02
-2.7782e-01
-1.2407e-01
-9.3572e-02
-2.2549e-03
-6.6326e-01
-1.0569e-01
-5.6663e-01
-2.8561e-01
-3.5933e-01
-6.3438e-01
-3.3043e-02
-4.9057e-01
-2.9251e-03
-5.1356e-01
-4.9623e-03
-1.5449e-01
-4.7497e-02
-9.1765e-02
-1.0953e-01
-1.8939e-03
-2.4884e-03
-4.3008e-02
-5.5202e-01
-3.8168e-03
-1.5436e-01
-1.9841e-01
-1.6690e-01
-3.2281e-01
-6.8758e-01
-2.3918e-01
-4.9756e-03
-3.7792e-02
-6.9575e-01
-4.5848e-03
-4.1278e-03
-6.0519e-01
-2.2198e-01
-3.5357e-03
-4.9850e-03
-5.5229e-02
-5.1263e-01
-7.2466e-01
-7.0261e-01
-4.7462e-03
-5.7122e-01
-3.3440e-02
-3.2390e-01
-5.2030e-01
-6.6011e-01
-3.1275e-02
-1.1462e-01
-5.2160e-03
-1.2710e-01
-4.3169e-01
-2.4742e-01
-4.9987e-03
-2.0983e-01
-1.1350e-01
-1.2140e-03
-1.5948e-01
-4.6196e-03
-2.0507e-01
-3.4812e-03
-3.5803e-03
-1.9248e-01
-3.6400e-03
-4.1325e-01
-1.4830e-03
-4.6279e-03
-5.7870e-01
-3.4619e-03
-4.1728e-01
-2.4315e-01
-7.0835e-02
-5.5717e-02
-1.9755e-01
-4.4109e-04
-1.6735e-01
-5.7090e-02
-1.4625e-02
-1.1852e-01
-3.0305e-01
-4.0182e-03
-3.1813e-01
-9.2459e-04
-3.8198e-03
-4.9128e-03
-4.9999e-03
-4.4776e-01
-8.1924e-02
-1.9284e-01
-1.4773e-01
-2.9136e-01
-4.5040e-04
-3.9134e-02
-6.2444e-01
-4.2593e-03
-3.3366e-01
-7.0888e-01
-2.7045e-01
-3.8260e-01
-3.8209e-01
-4.4291e-02
-4.1607e-01
-5.3233e-04
-2.9350e-01
-3.9457e-01
-5.2857e-01
-6.3462e-01
-2.7518e-02
-3.9301e-02
-3.1726e-01
-4.2035e-01
-4.9936e-03
-2.9230e-01
-1.5846e-01
-4.5202e-03
-5.2417e-01
-7.8991e-02
-1.1625e-01
-3.9653e-03
-4.3361e-01
-1.3040e-02
-6.8501e-01
-2.6545e-01
-2.5544e-03
-3.4575e-03
-1.1363e-01
-7.4830e-04
-2.5158e-03
-1.1424e-01
-1.0481e-01
-8.9595e-03
-5.7853e-01
-1.7174e-01
-2.4941e-01
-7.1340e-01
-6.8779e-01
-2.7119e-03
-1.1832e-01
-1.4063e-01
-5.5949e-01
-2.8342e-01
-4.7126e-01
-7.0678e-01
-4.0544e-01
-1.8240e-01
-1.4285e-02
-4.0430e-03
-2.4281e-01
-1.0617e-01
-1.6509e-01
-2.3840e-01
-4.1271e-01
-3.7945e-02
-3.6075e-01
-7.9218e-02
-2.0561e-01
-4.1523e-03
-4.2849e-02
-3.8915e-02
-2.1247e-01
-5.8557e-02
-6.8918e-01
-6.8132e-02
-3.6182e-02
-4.1578e-03
-8.2905e-02
-1.4433e-01
-2.5333e-01
-4.8359e-01
-2.1201e-01
-2.4911e-02
-7.1986e-02
-3.2457e-01
-6.5043e-01
-1.8758e-03
-2.0831e-03
-4.8700e-02
-2.5686e-02
-5.7512e-02
-5.6466e-01
-4.1400e-01
-4.5135e-04
-1.9363e-02
-3.1707e-01
-3.4378e-01
-4.8702e-03
-1.1437e-01
-2.8149e-03
-3.1298e-03
-4.9127e-01
-6.0775e-02
-2.7081e-01
-1.6974e-01
-2.2241e-02
-2.0046e-01
-4.6291e-01
-4.8825e-01
-2.7608e-02
-2.8385e-02
-1.5676e-01
-6.0754e-01
-1.6462e-02
-1.1258e-03
-4.7768e-01
-7.0725e-01
-1.7592e-01
-6.7466e-02
-2.5953e-01
-1.4645e-04
-2.2867e-03
-1.1412e-02
-5.2474e-01
-2.3157e-01
-1.5241e-04
-4.0940e-01
-1.0447e-01
-4.8684e-01
-3.7342e-01
-1.2659e-01
-3.2088e-01
-3.6411e-01
-4.3883e-03
-6.6451e-01
-4.4325e-03
-3.3473e-01
-3.4270e-01
-1.1792e-01
-5.7983e-01
-5.8581e-01
-1.6439e-01
-1.0976e-03
-4.0815e-02
-3.9272e-01
-3.9706e-01
-2.4537e-01
-1.9628e-01
-4.4242e-03
-3.4714e-01
-5.3753e-02
-3.2604e-03
-3.9673e-01
-2.2496e-02
-1.7522e-02
-1.5411e-02
-1.0041e-01
-4.8523e-03
-8.6949e-02
-7.0538e-03
-4.7704e-01
-4.8557e-02
-1.7784e-02
-1.5080e-01
-1.8986e-01
-6.1477e-02
-2.6694e-01
-2.0774e-01
-6.8388e-03
-3.8130e-01
-7.0457e-01
-4.4209e-03
-1.1413e-03
-4.9409e-01
-1.4335e-01
-4.3538e-03
-1.9709e-03
-4.5990e-03
-1.4873e-01
-4.7846e-01
-4.8188e-03
-8.2590e-03
-5.4317e-01
-2.1713e-02
-4.6046e-03
-5.6168e-01
-1.3012e-01
-4.9272e-01
-4.8286e-03
-9.2946e-02
-7.7550e-02
-1.8031e-02
-4.9224e-03
-1.0835e-01
-3.4597e-01
-3.3224e-03
-1.7125e-02
-2.6716e-03
-2.5696e-01
-6.8587e-01
-3.5485e-01
-5.5602e-01
-2.2436e-01
-1.7653e-01
-1.9808e-03
-3.9580e-03
-2.3184e-01
-2.7439e-02
-2.4720e-02
-9.9592e-02
-3.4754e-01
-3.4466e-01
-5.6436e-01
-1.8595e-01
-1.0313e-02
-3.0866e-01
-4.2249e-03
-5.0647e-02
-1.1744e-01
-1.0772e-03
-3.1902e-01
-1.6568e-01
-8.7346e-03
-4.4895e-03
-4.4588e-02
-4.8947e-03
-5.9007e-01
-2.7634e-03
-6.8876e-02
-9.4189e-04
-6.5254e-02
-8.0050e-03
-3.8505e-03
-2.2428e-03
-2.4146e-02
-6.4061e-01
-2.9445e-01
-1.5300e-01
-9.8494e-02
-1.1073e-02
-3.0328e-01
-7.6097e-02
-1.4958e-01
-3.6310e-03
-1.8026e-01
-3.5912e-01
-2.4557e-01
-4.5122e-03
-5.0815e-01
-4.0306e-01
-5.4903e-01
-2.5366e-02
-2.2566e-02
-5.9344e-02
-1.6640e-01
-3.4167e-03
-3.2843e-01
-3.3945e-02
-6.8653e-01
-1.8839e-01
-2.8450e-02
-6.7994e-01
-3.7131e-03
-5.7020e-01
-3.1951e-01
-2.6847e-02
-9.8649e-02
-3.6496e-01
-8.1760e-03
-6.9477e-01
-5.8434e-02
-3.8467e-03
-1.0016e-03
-5.5420e-01
-2.2836e-02
-4.1110e-01
-8.5828e-02
-3.8569e-03
-2.1526e-03
-4.3704e-01
-8.5415e-02
-3.8381e-01
-1.7564e-01
-4.7302e-01
-2.0755e-02
-5.6609e-01
-8.7506e-02
-3.1841e-01
-1.0803e-01
-5.4591e-02
-4.9986e-03
-5.4093e-01
-6.1583e-01
-6.6909e-02
-6.1016e-01
-3.2323e-03
-4.2355e-01
-5.4408e-01
-4.4597e-01
-3.3633e-01
-1.7578e-01
-3.6645e-01
-2.9781e-01
-2.0609e-01
-4.5130e-01
-5.7932e-02
-4.9692e-01
-4.8273e-01
-8.6518e-02
-2.0836e-01
-6.6772e-01
-4.0087e-01
-4.1177e-01
-5.0695e-01
-8.6649e-02
-3.4126e-03
-3.9761e-01
-2.2681e-01
-3.6858e-01
-1.9670e-01
-1.7339e-01
-5.8359e-01
-3.8742e-03
-4.1348e-02
-4.8723e-03
-2.1082e-01
-2.4350e-01
-6.9158e-01
-5.5609e-02
-3.2309e-01
-6.6532e-02
-4.5730e-03
-1.2292e-03
-1.6622e-01
-2.6447e-03
-6.0623e-01
-4.0819e-03
-5.4358e-01
-1.6689e-03
-3.9893e-01
-2.1561e-01
-2.6819e-01
-5.9951e-03
-2.2984e-01
-7.1929e-04
-6.5914e-03
-1.5161e-03
-4.3801e-03
-6.4324e-01
-4.5542e-02
-2.9620e-03
-1.8901e-03
-2.3900e-01
-1.6275e-01
-1.0432e-01
-1.6150e-01
-8.7321e-02
-4.9982e-03
-9.5066e-02
-4.9026e-01
-1.6565e-01
-4.7464e-01
-7.5478e-04
-1.7284e-01
-7.9932e-02
-1.5989e-01
-5.2147e-01
-5.8600e-01
-3.1852e-01
-1.9114e-01
-6.2767e-01
-5.1270e-01
-5.3919e-01
-1.2225e-02
-4.7754e-02
-4.9752e-03
-4.9291e-03
-4.2533e-01
-8.1338e-03
-5.0602e-01
-9.8062e-02
-3.3155e-01
-1.3044e-01
-2.3258e-02
-1.2041e-01
-1.6906e-01
-3.8186e-03
-1.1810e-01
-2.6139e-01
-4.1692e-01
-3.9512e-03
-1.2141e-01
-2.4393e-01
-3.6298e-01
-1.6059e-01
-4.1613e-02
-3.8764e-01
-2.2534e-01
-4.7024e-01
-3.8290e-03
-3.9852e-01
-7.4124e-03
-1.3712e-01
-3.6025e-01
-4.7302e-03
-6.5015e-01
-5.6758e-01
-3.7597e-03
-4.8959e-01
-1.9342e-03
-3.3889e-01
-2.8397e-01
-2.2849e-02
-4.1589e-02
-2.8339e-01
-1.9219e-02
-8.2637e-02
-4.8514e-03
-3.7165e-03
-1.8104e-01
-5.2501e-01
-1.0927e-01
-1.8492e-01
-3.2594e-03
-1.2307e-01
-9.3550e-02
-5.0058e-02
-8.1828e-02
-4.6978e-01
-2.5589e-01
-2.1735e-01
-4.7823e-04
-2.1415e-01
-6.3971e-01
-2.0225e-01
-1.9542e-03
-4.5062e-03
-2.4992e-03
-6.6414e-01
-9.1608e-02
-4.2209e-01
-2.6446e-01
-3.5300e-02
-1.8965e-01
-2.0372e-01
-3.7176e-01
-3.9472e-01
-9.3900e-03
-6.5559e-01
-1.0597e-03
-1.2841e-02
-4.7558e-01
-1.7062e-01
-7.3533e-02
-1.9105e-01
-3.8001e-01
-1.9981e-01
-5.5066e-01
-2.9797e-01
-1.3979e-05
-4.8977e-01
-2.7330e-02
-7.2180e-03
-6.0828e-01
-3.9743e-01
-3.2743e-02
-3.2472e-02
-4.9427e-03
-1.7912e-01
-4.7908e-01
-4.9767e-03
-4.8559e-01
-3.7375e-03
-3.9483e-01
-4.5908e-03
-4.9684e-03
-4.7088e-01
-1.0032e-01
-1.0007e-01
-3.1508e-01
-9.1272e-02
-5.3340e-04
-4.8482e-02
-5.7620e-01
-2.8720e-03
-4.2673e-02
-3.0904e-02
-6.7051e-03
-4.7543e-03
-2.8779e-01
-4.8538e-01
-1.1279e-01
-2.0255e-01
-2.5117e-01
-8.5979e-02
-6.6423e-03
-3.2714e-01
-1.2797e-01
-3.9128e-01
-6.2979e-01
-2.3051e-03
-1.4586e-02
-6.1412e-01
-1.3321e-03
-2.5914e-01
-2.7732e-01
-4.8422e-04
-1.7450e-02
-1.8762e-01
-2.7654e-03
-1.2044e-01
-7.1581e-02
-9.7131e-03
-5.4030e-01
-6.4906e-02
-6.0141e-01
-2.0675e-01
-5.3817e-02
-2.7492e-01
-2.7885e-01
-2.6953e-03
-7.9485e-02
-3.4407e-01
-4.4134e-03
-4.8400e-02
-4.0146e-03
-1.3203e-03
-3.8172e-01
-1.6079e-01
-3.5367e-02
-2.5099e-01
-5.6332e-01
-1.8510e-01
-2.9416e-02
-1.0263e-01
-3.4860e-01
-4.2524e-01
-4.2507e-02
-6.7510e-03
-3.5499e-02
-3.3402e-01
-2.9189e-01
-2.7431e-01
-8.9719e-02
-1.3305e-01
-4.0782e-03
-6.4706e-01
-3.1194e-01
-1.2023e-02
-2.6218e-01
-1.4274e-01
-1.1720e-01
-1.1573e-02
-3.4087e-01
-2.3660e-01
-4.9193e-03
-4.5930e-03
-1.6455e-01
-4.2170e-04
-2.4597e-03
-2.5791e-01
-6.7145e-01
-6.5638e-01
-2.5397e-01
-3.6751e-01
-5.0775e-01
-1.7523e-01
-1.8794e-01
-1.3365e-01
-2.6810e-01
-5.8166e-01
-6.2877e-01
-3.0431e-02
-4.3575e-01
-5.1738e-02
-7.6390e-02
-8.0943e-02
-1.6374e-01
-6.0790e-01
-2.6433e-01
-6.9643e-01
-1.4526e-02
-5.1392e-03
-4.2215e-03
-3.4206e-03
-3.7529e-02
-4.3312e-02
-7.2529e-01
-6.9001e-01
-6.2179e-02
-4.7650e-01
-4.6266e-01
-1.0218e-01
-4.9074e-03
-3.6179e-01
-3.5964e-01
-3.6702e-03
-4.0368e-03
-2.2806e-01
-3.2493e-01
-4.0758e-01
-1.8555e-01
-1.6870e-01
-1.4814e-01
-1.4260e-01
-4.8174e-02
-4.6704e-02
-6.9216e-01
-8.8545e-02
-7.7098e-02
-4.7047e-01
-3.7901e-03
-1.2658e-01
-1.4467e-01
-1.9323e-01
-1.0658e-01
-4.1591e-04
-1.6411e-03
-5.7826e-01
-2.9520e-01
-1.2390e-01
-6.6713e-01
-2.1240e-03
-4.7474e-03
-1.9050e-02
-2.2058e-02
-2.9831e-03
-4.2867e-01
-4.6571e-02
-3.5259e-03
-4.7373e-03
-2.2693e-03
-4.1012e-01
-6.1536e-01
-6.5254e-01
-1.0185e-01
-2.3692e-01
-6.6167e-02
-6.9678e-01
-3.2776e-03
-5.3135e-02
-3.5503e-01
-4.9916e-01
-3.2922e-01
-9.0226e-04
-1.3154e-02
-1.5281e-01
-3.0381e-01
-4.6783e-01
-2.2961e-02
-6.8374e-02
-4.4051e-03
-3.6032e-03
-1.6231e-01
-7.2882e-02
-4.6362e-03
-7.2497e-01
-1.9184e-01
-4.5709e-04
-5.1497e-01
-4.8748e-01
-1.1686e-01
-3.2737e-03
-9.3163e-02
-4.4363e-01
-4.7139e-03
-5.7408e-01
-7.0988e-01
-4.0623e-01
-4.9946e-03
-4.2560e-03
-6.8584e-02
-2.8787e-03
-3.5616e-01
-4.4222e-01
-2.5720e-01
-1.0069e-02
-1.7787e-01
-3.6111e-01
-9.9712e-02
-2.3218e-02
-4.9990e-01
-4.4373e-02
-5.1709e-01
-1.7707e-01
-6.9384e-01
-5.1475e-02
-2.9680e-03
-2.1976e-01
-4.2429e-03
-4.8024e-01
-5.8720e-02
-2.2987e-02
-4.8666e-03
-1.3263e-01
-7.8316e-02
-2.8152e-02
-8.2415e-02
-1.7144e-01
-9.5801e-02
-1.3659e-01
-6.1354e-02
-1.7617e-01
-9.9845e-02
-2.7759e-02
-1.7023e-03
-5.4292e-02
-2.6022e-02
-1.0656e-01
-7.0594e-03
-1.2118e-01
-5.7831e-02
-1.1477e-01
-8.9514e-02
-5.4738e-02
-5.5902e-01
-3.2723e-01
-2.0695e-01
-4.1200e-01
-9.8125e-03
-3.4349e-02
-3.7753e-03
-4.0869e-03
-5.5490e-01
-1.1264e-02
-1.3550e-01
-6.9117e-04
-2.7056e-01
-9.7933e-02
-2.4297e-01
-1.1692e-01
-4.6803e-03
-4.9994e-03
-5.1878e-03
-2.5078e-04
-6.9214e-02
-4.1524e-01
-5.0007e-01
-7.1630e-01
-6.0288e-03
-2.4860e-01
-2.7992e-01
-7.1797e-01
-1.4855e-03
-6.2696e-01
-2.5470e-01
-7.9521e-03
-1.9485e-02
-7.0648e-01
-4.0514e-02
-5.1953e-01
-1.4955e-02
-2.0632e-01
-2.3817e-03
-2.9949e-03
-1.4671e-01
-3.9107e-03
-2.3935e-01
-1.1357e-02
-3.5054e-01
-2.1479e-02
-5.8271e-01
-3.0579e-01
-6.4443e-01
-6.0624e-02
-4.4009e-03
-5.9834e-02
-6.4611e-01
-2.2791e-02
-4.4670e-01
-9.8251e-02
-3.5519e-01
-3.3513e-02
-2.2637e-01
-7.1730e-01
-2.0808e-01
-2.7103e-01
-3.4066e-01
-1.2880e-01
-1.6919e-01
-4.3998e-01
-9.4965e-02
-4.9651e-03
-2.8209e-03
-5.2089e-01
-7.6094e-04
-2.8682e-01
-4.4539e-01
-4.7591e-03
-3.1166e-01
-2.6129e-02
-3.6354e-01
-3.6150e-01
-4.0198e-03
-1.2444e-01
-1.0210e-01
-4.1763e-01
-2.7537e-03
-4.9979e-03
-1.5664e-03
-3.8015e-01
-3.5624e-02
-3.8284e-03
-2.2072e-01
-2.5650e-01
-2.1402e-01
-2.0008e-01
-1.2121e-02
-1.0514e-02
-5.1063e-01
-1.2230e-01
-1.5062e-02
-1.1405e-01
-1.0786e-01
-1.8036e-01
-1.3893e-02
-4.1202e-03
-2.4888e-01
-1.0974e-01
-7.2436e-04
-2.1341e-02
-3.0953e-01
-2.8315e-01
-2.2372e-01
-4.7159e-03
-1.5839e-03
-4.7800e-03
-3.1540e-03
-1.9726e-01
-1.7371e-01
-9.4750e-04
-1.6271e-02
-3.0098e-01
-5.8526e-01
-6.7294e-03
-2.5233e-01
-4.9294e-01
-3.2069e-03
-2.6506e-01
-3.8862e-03
-4.5628e-03
-8.0883e-02
-4.3312e-03
-3.9282e-01
-4.3380e-02
-2.3760e-01
-4.4841e-01
-5.9756e-01
-1.4803e-01
-1.3092e-02
-9.6962e-02
-3.0117e-03
-3.8363e-03
-4.0214e-03
-3.8866e-02
-1.7385e-01
-3.2883e-01
-6.2105e-01
-2.3059e-01
-5.2814e-02
-7.4646e-02
-3.1914e-02
-4.4479e-03
-4.9992e-03
-4.2908e-02
-4.2441e-02
-3.7481e-01
-3.8965e-03
-4.3976e-03
-3.9561e-03
-2.7201e-01
-4.8251e-01
-1.1434e-01
-1.7030e-01
-2.2473e-01
-1.0669e-01
-4.3330e-01
-2.0238e-01
-4.4745e-01
-5.0733e-01
-7.6965e-02
-2.4361e-01
-5.3956e-02
-1.6522e-02
-6.1473e-03
-2.9199e-01
-5.7585e-01
-2.0633e-03
-5.5092e-01
-3.0719e-02
-1.1012e-02
-9.1379e-02
-3.4585e-01
-5.1335e-02
-4.7202e-03
-4.5366e-01
-1.6170e-03
-4.4960e-03
-3.0264e-02
-1.7971e-02
-1.3082e-01
-3.7894e-02
-4.9775e-03
-3.1603e-03
-7.1819e-01
-5.7361e-01
-1.1408e-01
-1.3290e-01
-4.3266e-03
-2.1210e-01
-4.8999e-03
-4.5377e-03
-3.5434e-02
-2.4018e-01
-3.4329e-03
-2.8446e-01
-1.2560e-03
-1.8852e-01
-4.7942e-03
-9.3424e-02
-7.1297e-01
-6.2195e-01
-1.9449e-03
-6.9983e-01
-4.7576e-01
-4.8385e-01
-5.4299e-01
-3.6001e-02
-3.8244e-01
-3.6771e-03
-2.0475e-02
-4.6826e-03
-1.4890e-02
-1.0558e-01
-4.4780e-03
-3.4467e-02
-1.1590e-01
-3.9829e-01
-6.4550e-01
-8.7133e-04
-6.9590e-01
-6.7355e-02
-1.4653e-01
-3.0151e-01
-2.3454e-03
-1.2290e-01
-2.9292e-01
-2.1141e-01
-5.9799e-01
-6.9909e-02
-9.7089e-02
-1.4442e-01
-3.6384e-01
-1.2225e-04
-4.6546e-03
-4.9503e-03
-3.3476e-03
-3.5015e-03
-4.6154e-01
-3.8599e-01
-5.3618e-02
-3.7127e-01
-3.1972e-01
-6.9868e-01
-4.5954e-02
-2.4995e-02
-4.9273e-03
-6.4770e-01
-3.5087e-01
-1.8220e-01
-2.3110e-01
-4.7928e-02
-5.8798e-02
-4.7434e-03
-4.2068e-01
-3.1536e-02
-4.8780e-01
-6.4871e-01
-6.5887e-01
-8.8715e-06
-1.2079e-02
-3.0794e-01
-2.2961e-03
-6.2268e-01
-7.8698e-03
-3.5231e-01
-5.8045e-01
-7.2322e-01
-1.6291e-03
-6.4076e-01
-4.5629e-02
-4.1576e-01
-5.5721e-01
-5.6116e-01
-1.4360e-02
-1.3491e-01
-4.7413e-03
-3.1051e-01
-4.8033e-02
-4.4760e-03
-4.9761e-03
-1.6093e-01
-5.2827e-04
-1.6205e-01
-2.3197e-01
-4.9350e-03
-1.5255e-02
-3.2661e-04
-4.9389e-03
-1.2397e-02
-4.9934e-03
-1.0596e-01
-3.4286e-03
-4.2325e-01
-4.7948e-01
-1.2935e-01
-1.4702e-01
-1.3482e-02
-6.3703e-01
-1.0811e-01
-2.7208e-01
-1.2462e-03
-3.6426e-01
-2.1825e-02
-6.3635e-01
-2.8012e-02
-5.6491e-01
-8.7824e-02
-6.1790e-01
-4.9501e-02
-6.2415e-02
-1.6763e-01
-1.9420e-02
-1.7864e-03
-1.5287e-01
-1.4987e-01
-6.8963e-01
-2.5883e-01
-3.9060e-01
-4.9067e-03
-2.4803e-02
-1.3356e-02
-2.6384e-02
-5.3960e-01
-4.0834e-03
-3.9582e-01
-2.4809e-01
-4.6654e-02
-5.0516e-01
-4.6757e-03
-2.4807e-02
-4.6058e-03
-3.0349e-02
-5.9294e-01
-7.3494e-02
-5.1306e-01
-2.9316e-02
-7.0020e-02
-3.4843e-03
-4.6156e-03
-2.0381e-01
-7.5667e-02
-3.6964e-03
-3.3581e-01
-4.1564e-04
-4.9385e-01
-1.2001e-01
-1.4461e-01
-2.6100e-01
-1.9218e-01
-1.8731e-02
-2.0315e-01
-2.4626e-01
-1.4181e-01
-6.8172e-01
-3.5951e-01
-1.1212e-01
-7.1043e-01
-3.8768e-02
-1.9428e-02
-2.5504e-01
-1.4582e-01
-1.8431e-01
-2.3768e-02
-6.2332e-01
-2.6727e-01
-3.7776e-01
-4.2162e-01
-4.2113e-01
-2.0719e-01
-4.9976e-03
-1.3935e-01
-5.7021e-02
-6.7646e-01
-4.7831e-03
-3.1063e-01
-4.9998e-03
-6.9035e-02
-3.5908e-02
-1.3846e-02
-4.1338e-03
-4.1686e-03
-2.4853e-01
-3.5383e-01
-1.5644e-01
-1.8086e-02
-5.9670e-01
-6.4830e-01
-4.8048e-02
-2.2782e-01
-2.9476e-01
-2.1587e-01
-3.0113e-03
-4.7312e-02
-1.4107e-01
-6.6849e-01
-2.7634e-01
-3.4467e-03
-3.9933e-01
-5.8148e-01
-3.4439e-01
-5.0578e-01
-6.4103e-02
-7.6119e-03
-8.2294e-02
-6.4656e-02
-8.1611e-04
-9.0408e-02
-3.5240e-01
-2.9473e-02
-8.7267e-02
-6.9423e-01
-2.2741e-01
-2.4677e-03
-1.7660e-02
-6.5422e-01
-4.4043e-02
-2.4415e-02
-1.3239e-04
-4.3219e-02
-2.5943e-02
-2.3061e-03
-3.1457e-02
-4.8130e-03
-1.5467e-01
-2.1904e-01
-1.1731e-01
-2.7414e-03
-4.7853e-03
-2.7538e-01
-1.2322e-01
-2.2149e-03
-5.1781e-01
-4.9347e-03
-1.5235e-01
-6.8306e-02
-1.2911e-01
-7.7027e-02
-2.7361e-03
-4.6197e-03
-1.5306e-03
-3.9110e-03
-1.2266e-01
-2.9118e-01
-4.8596e-01
-2.8046e-03
-6.3198e-02
-3.5174e-03
-1.2556e-01
-9.1640e-03
-1.3172e-03
-7.4429e-02
-2.1338e-01
-2.3249e-01
-1.0177e-01
-4.9843e-03
-1.3379e-01
-3.3839e-03
-1.4002e-02
-2.1271e-01
-5.0031e-01
-6.3894e-01
-4.5983e-02
-2.5582e-01
-4.7228e-01
-4.6032e-03
-3.3707e-03
-5.3851e-02
-4.5096e-03
-4.3412e-03
-6.7333e-01
-4.9105e-01
-2.1816e-03
-7.4019e-02
-1.9376e-01
-2.7507e-01
-4.4380e-01
-1.6146e-02
-1.7880e-02
-6.4559e-01
-4.9972e-03
-1.6085e-01
-6.8395e-03
-1.6098e-02
-3.5835e-03
-3.5758e-01
-3.3020e-01
-5.7230e-01
-2.4103e-01
-7.2360e-01
-3.9277e-03
-6.4982e-01
-9.2197e-02
-7.0927e-01
-2.1115e-01
-1.4902e-01
-2.3156e-02
-5.5532e-01
-1.0734e-01
-2.3532e-03
-4.7780e-03
-3.5424e-01
-1.3758e-01
-1.0453e-03
-8.8435e-04
-4.9067e-01
-4.6497e-01
-4.9804e-03
-8.4946e-02
-6.0889e-02
-2.8976e-01
-7.8819e-02
-3.0215e-01
-6.4516e-01
-2.9820e-01
-3.7205e-02
-6.7387e-04
-1.2398e-01
-2.8712e-02
-3.2000e-01
-4.1669e-02
-1.7896e-01
-7.3399e-01
-2.1439e-01
-7.4715e-02
-1.4715e-01
-1.6766e-02
-4.6734e-03
-3.4939e-01
-1.6293e-01
-5.3920e-01
-2.8881e-01
-1.0383e-01
-6.1848e-01
-5.6144e-01
-5.9899e-01
-6.5305e-01
-1.4639e-01
-5.4987e-03
-2.4248e-01
-1.2027e-01
-6.8411e-01
-1.8315e-01
-1.6334e-01
-5.5306e-02
-2.4064e-01
-1.1526e-03
-3.3173e-01
-1.6212e-01
-2.5417e-01
-1.3141e-01
-3.9830e-03
-5.4709e-02
-4.0131e-03
-2.0202e-01
-1.9802e-01
-2.3043e-01
-3.3191e-01
-3.8990e-01
-6.5929e-01
-4.7003e-01
-2.9084e-01
-1.5034e-02
-2.5977e-03
-1.2301e-01
-2.6831e-02
-6.9297e-02
-1.3882e-01
-2.3682e-01
-4.9576e-03
-1.1964e-01
-4.6375e-03
-1.2500e-01
-4.9860e-02
-2.5406e-02
-6.2631e-01
-5.7524e-01
-3.7704e-01
-6.2625e-01
-4.8145e-03
-2.5050e-01
-4.9395e-03
-2.9040e-03
-6.8579e-01
-6.3536e-02
-2.4124e-02
-1.0360e-01
-1.7262e-01
-1.0879e-01
-3.4664e-01
-5.3849e-01
-1.4914e-01
-3.7137e-01
-1.4217e-01
-4.1433e-03
-5.7889e-01
-3.0342e-03
-1.4781e-02
-9.6510e-02
-5.4439e-01
-1.4848e-02
-5.4580e-01
-1.0653e-02
-2.8008e-01
-4.1157e-01
-2.8187e-01
-4.8537e-03
-6.6683e-01
-3.8969e-01
-3.0599e-01
-9.7702e-03
-4.3329e-03
-2.9773e-03
-2.8918e-01
-2.7319e-01
-7.3226e-01
-4.5878e-03
-5.4926e-01
-1.7938e-03
-1.3947e-01
-2.1082e-03
-2.3137e-02
-6.3956e-01
-4.3792e-01
-1.6815e-03
-2.7673e-02
-3.6247e-03
-1.8313e-02
-3.9659e-01
-3.7296e-01
-7.8284e-02
-3.2413e-03
-3.7823e-01
-1.9034e-02
-2.6293e-03
-4.4326e-01
-4.9895e-03
-2.1215e-03
-4.2316e-03
-9.6840e-03
-1.9550e-02
-6.7914e-01
-2.4761e-01
-3.9098e-01
-4.0610e-01
-3.6888e-01
-6.1778e-01
-3.0674e-01
-1.5839e-02
-5.5450e-01
-5.4191e-02
-2.2690e-02
-1.7083e-02
-7.3412e-02
-4.5173e-03
-5.0977e-01
-3.5471e-03
-4.9872e-03
-8.4322e-02
-1.4719e-03
-8.1189e-02
-6.3588e-01
-7.2667e-01
-4.7278e-01
-3.4197e-01
-6.6226e-02
-3.5651e-01
-1.5970e-01
-1.7187e-02
-1.4054e-01
-6.0060e-01
-2.5467e-02
-4.2975e-01
-1.8117e-01
-2.8693e-01
-9.4360e-02
-5.1027e-01
-6.3733e-02
-2.3957e-01
-4.9904e-03
-1.3778e-02
-3.1938e-01
-6.3296e-01
-4.8157e-02
-7.8050e-05
-1.1613e-01
-1.8131e-01
-5.9177e-01
-2.0068e-01
-6.7471e-01
-3.0161e-01
-6.7834e-01
-1.0301e-03
-4.8842e-03
-5.1418e-01
-2.5311e-02
-4.3010e-01
-3.0990e-03
-5.7569e-01
-2.3634e-01
-6.2740e-01
-1.0578e-01
-3.8427e-01
-4.1953e-03
-3.6060e-02
-5.5701e-01
-2.8809e-02
-3.1413e-01
-3.2229e-01
-3.0011e-01
-4.2147e-02
-1.0126e-01
-1.2738e-02
-2.1279e-02
-6.8701e-01
-2.6367e-01
-4.8459e-03
-4.9853e-03
-3.4647e-03
-7.4197e-02
-2.5041e-02
-1.6154e-01
-6.2072e-01
-5.4891e-02
-4.9578e-02
-3.6088e-01
-3.3895e-03
-7.9678e-02
-2.7854e-02
-5.7304e-01
-1.2460e-02
-6.2104e-01
-7.3767e-05
-1.6774e-03
-3.5072e-02
-3.8622e-03
-2.4033e-03
-1.4450e-01
-1.0353e-01
-5.5878e-01
-6.0938e-03
-5.7476e-01
-3.4252e-04
-3.3794e-01
-4.7272e-03
-4.1297e-01
-4.8608e-03
-2.1109e-02
-6.4219e-02
-5.1084e-01
-4.0769e-01
-1.1249e-01
-3.6587e-02
-5.8649e-02
-1.1189e-02
-2.9444e-03
-3.6533e-01
-7.6114e-02
-4.8331e-03
-2.2610e-01
-1.3424e-01
-5.7154e-01
-1.8416e-01
-1.3097e-01
-2.2900e-01
-5.7436e-04
-8.9027e-02
-1.1879e-01
-3.8429e-03
-4.8733e-03
-6.4484e-01
-1.5124e-01
-3.5415e-01
-4.0764e-03
-9.1161e-02
-2.1105e-01
-1.9366e-01
-1.2096e-01
-2.0684e-02
-1.8273e-01
-2.8878e-01
-3.0452e-01
-3.7695e-01
-3.2016e-01
-3.8668e-04
-1.6358e-01
-2.8121e-01
-6.0358e-01
-7.1413e-01
-8.3395e-02
-1.4995e-01
-1.8358e-03
-2.4828e-01
-2.1308e-01
-4.6215e-01
-6.8631e-01
-1.5480e-01
-7.5899e-02
-3.3364e-02
-1.9146e-01
-2.9868e-01
-2.1882e-03
-4.1708e-01
-2.9734e-02
-1.3897e-01
-6.2598e-01
-7.3456e-01
-5.0861e-02
-4.7066e-03
-4.2651e-01
-2.6291e-01
-3.3131e-02
-2.3009e-01
-4.7244e-01
-1.5860e-01
-3.9175e-03
-6.7487e-01
-1.6252e-01
-2.2005e-02
-3.8672e-03
-3.1036e-03
-4.8298e-03
-3.9604e-01
-4.5737e-03
-6.1347e-03
-6.4369e-01
-9.3375e-02
-9.5177e-03
-8.4241e-03
-2.3423e-01
-1.1548e-02
-3.3722e-01
-1.9499e-01
-3.0819e-01
-3.8233e-01
-3.1796e-01
-2.4438e-01
-6.5591e-01
-3.1640e-01
-1.6168e-01
-3.1669e-01
-6.8866e-02
-4.1634e-01
-4.9755e-01
-6.8683e-02
-1.3038e-01
-3.0660e-01
-3.9773e-03
-1.8241e-03
-3.5687e-02
-2.3800e-01
-2.2824e-01
-4.9065e-03
-6.9700e-01
-1.5744e-01
-3.6804e-01
-3.4844e-01
-1.0536e-01
-3.7646e-01
-3.3808e-01
-1.9825e-02
-2.7910e-03
-5.3735e-01
-9.7400e-02
-1.0049e-02
-1.2951e-03
-2.4813e-03
-2.0206e-01
-5.4430e-01
-5.3510e-01
-2.2702e-03
-5.8920e-02
-1.0775e-01
-4.9235e-03
-2.1761e-01
-4.9724e-02
-1.0997e-01
-5.7264e-01
-1.5997e-03
-6.9411e-03
-3.9557e-02
-4.7878e-03
-8.5329e-02
-3.5214e-01
-1.7412e-01
-3.5791e-03
-4.4827e-03
-2.5061e-01
-6.7592e-01
-1.6312e-01
-4.1949e-01
-1.4796e-03
-4.3358e-03
-1.3275e-01
-5.3003e-01
-3.8785e-03
-8.2018e-02
-3.4812e-01
-4.9444e-01
-3.3646e-03
-4.2937e-01
-1.6986e-02
-2.3850e-02
-2.4484e-01
-2.6417e-03
-1.7961e-01
-2.9660e-01
-3.7726e-02
-5.0429e-01
-8.0731e-02
-6.4551e-02
-1.5424e-01
-5.8096e-01
-4.7883e-02
-5.4639e-01
-1.2157e-02
-5.8346e-01
-3.7485e-02
-4.2969e-03
-6.5176e-02
-4.6464e-01
-4.4025e-01
-8.9916e-02
-4.7212e-03
-6.0422e-02
-3.0985e-01
-3.1959e-03
-3.6115e-03
-3.3015e-01
-2.0979e-02
-4.5925e-01
-9.2119e-02
-8.2424e-04
-8.2823e-02
-5.0709e-04
-1.1646e-01
-4.7710e-03
-2.6123e-03
-5.2633e-01
-5.3084e-01
-3.9083e-03
-2.5191e-01
-2.1107e-03
-4.3679e-01
-1.0408e-01
-8.8180e-02
-2.1656e-01
-1.4882e-01
-4.9829e-03
-5.9140e-01
-6.6259e-01
-4.1192e-01
-4.8082e-01
-6.3778e-01
-1.4405e-01
-1.9297e-01
-5.7243e-02
-1.7402e-02
-6.7167e-01
-5.8005e-02
-2.7699e-01
-4.9748e-03
-3.7386e-02
-6.0725e-01
-4.1823e-03
-9.7739e-04
-1.5270e-01
-3.6578e-03
-5.9644e-01
-2.1788e-03
-4.9170e-01
-6.0124e-01
-4.9899e-03
-4.3818e-01
-9.3829e-03
-4.9471e-03
-3.7574e-04
-1.4735e-02
-4.9817e-03
-2.3469e-01
-1.9597e-01
-6.1531e-01
-2.7139e-01
-4.8930e-03
-1.1858e-01
-3.7628e-01
-1.3202e-01
-3.8070e-01
-3.9112e-01
-5.1381e-01
-2.0108e-01
-4.9988e-03
-4.2062e-02
-4.6272e-02
-4.0268e-03
-1.2979e-02
-2.6313e-01
-9.3973e-02
-7.2627e-01
-1.4237e-01
-6.5391e-03
-5.7307e-02
-7.1488e-02
-1.8139e-04
-7.0433e-02
-3.9682e-02
-1.7508e-01
-4.1269e-03
-3.5425e-02
-2.3399e-02
-4.0601e-03
-2.7229e-01
-1.5244e-02
-6.9064e-03
-1.8529e-01
-5.6216e-04
-7.3580e-04
-6.0968e-01
-6.2466e-01
-5.1758e-01
-1.3715e-03
-4.5166e-01
-2.7011e-03
-1.4591e-01
-1.1749e-02
-4.9738e-03
-6.6740e-04
-4.8704e-01
-8.9881e-02
-2.1024e-01
-1.1354e-03
-2.6671e-01
-5.0347e-02
-2.4401e-01
-2.1825e-01
-1.2348e-02
-6.6622e-01
-5.2786e-01
-1.6423e-01
-2.9768e-01
-1.1371e-01
-6.1571e-01
-3.5455e-01
-2.7108e-03
-1.0252e-02
-1.2856e-03
-1.4176e-01
-9.2517e-02
-3.0007e-02
-4.9725e-03
-2.4309e-03
-2.6279e-01
-4.9643e-03
-5.7703e-01
-2.8862e-01
-1.8166e-01
-1.3765e-01
-7.2674e-02
-1.8329e-01
-1.3561e-03
-4.0243e-01
-2.9992e-01
-1.9658e-01
-3.7317e-01
-2.1571e-01
-4.9872e-03
-9.4042e-02
-1.4527e-01
-4.8155e-01
-3.2775e-01
-1.2959e-01
-4.5279e-03
-5.2808e-01
-2.3995e-01
-2.1872e-01
-3.5792e-04
-1.7036e-01
-3.2138e-01
-9.4646e-02
-1.0591e-01
-4.6357e-01
-3.5069e-04
-1.5687e-01
-2.3831e-01
-2.4417e-01
-7.0478e-01
-8.6928e-03
-1.0679e-01
-3.7074e-01
-5.2547e-02
-2.4873e-03
-7.0372e-01
-3.9920e-03
-6.0291e-01
-6.5469e-01
-1.5323e-02
-1.1897e-03
-4.6103e-03
-4.0439e-02
-4.0032e-02
-6.0854e-01
-3.4639e-01
-8.7957e-02
-4.9983e-03
-5.6866e-02
-8.7769e-03
-2.1172e-01
-2.3526e-02
-2.8405e-03
-4.2704e-01
-2.0963e-04
-1.9917e-01
-1.6256e-03
-4.9514e-01
-1.9303e-02
-6.4119e-01
-5.3203e-01
-6.6226e-01
-3.7014e-03
-3.0024e-01
-4.5795e-01
-2.8368e-01
-3.0422e-03
-1.9546e-01
-1.5399e-01
-5.8775e-01
-4.6028e-01
-8.5303e-03
-1.0019e-01
-1.7722e-01
-7.2090e-03
-1.9013e-01
-2.0580e-01
-5.7798e-01
-2.6924e-02
-2.5442e-01
-4.8080e-03
-1.5499e-03
-2.5570e-01
-3.6909e-01
-2.4974e-01
-3.1107e-01
-2.3453e-01
-3.6946e-01
-6.8447e-01
-1.5588e-04
-4.8050e-03
-2.7279e-01
-3.1164e-03
-8.5160e-02
-4.3692e-01
-4.4093e-03
-5.6636e-01
-4.7644e-04
-5.8948e-01
-1.9782e-02
-2.0653e-01
-2.7248e-02
-5.3011e-02
-1.4349e-01
-2.1747e-01
-5.9238e-01
-1.3190e-02
-1.6114e-01
-2.3869e-02
-1.6384e-02
-6.5755e-02
-5.7352e-04
-6.1871e-01
-3.3270e-01
-3.5161e-01
-4.6397e-03
-2.4181e-01
-2.9379e-03
-3.5788e-01
-2.5299e-03
-3.6400e-02
-7.1982e-01
-2.7115e-01
-2.6595e-02
-3.5579e-01
-1.9416e-01
-1.2427e-02
-2.7961e-03
-2.9325e-01
-1.0755e-01
-3.8638e-02
-4.9920e-03
-4.5464e-03
-4.1848e-03
-3.3259e-01
-9.2544e-04
-2.0049e-02
-3.7662e-02
-1.7616e-03
-3.8657e-01
-2.2043e-02
-5.6420e-01
-7.8377e-03
-4.1928e-01
-4.0189e-01
-4.0396e-03
-2.3209e-01
-6.0612e-01
-5.0620e-02
-6.8074e-01
-5.6223e-02
-1.7557e-01
-4.4070e-01
-4.8872e-03
-4.1502e-01
-4.1084e-03
-1.8808e-01
-3.4387e-02
-8.6439e-02
-6.5580e-02
-2.2307e-02
-4.6610e-03
-1.9747e-04
-4.8596e-03
-4.5558e-01
-1.7271e-03
-3.5835e-02
-1.0692e-01
-1.5821e-01
-3.7655e-03
-4.0205e-01
-2.3570e-02
-8.0163e-02
-5.3774e-01
-1.1007e-01
-6.2657e-01
-5.9261e-03
-1.1963e-01
-6.5826e-01
-3.5114e-01
-3.3094e-03
-8.5888e-03
-1.7104e-01
-4.5348e-03
-3.6319e-01
-3.7515e-01
-3.2842e-03
-6.1449e-02
-5.8564e-03
-9.4501e-02
-3.4820e-01
-1.1946e-02
-3.0491e-01
-3.8477e-02
-2.0634e-02
-6.4984e-01
-3.4729e-02
-8.3130e-02
-1.1603e-02
-6.6148e-01
-6.2634e-03
-4.0347e-01
-1.0376e-04
-7.3115e-01
-1.3942e-02
-6.0702e-01
-4.9632e-03
-3.1721e-02
-2.8428e-03
-5.3039e-01
-8.0332e-04
-5.7134e-03
-1.2518e-01
-4.7182e-01
-8.4810e-03
-6.0033e-01
-3.1869e-01
-2.1470e-03
-4.3651e-01
-6.7048e-02
-6.9742e-01
-3.9013e-03
-2.1936e-01
-2.2433e-01
-3.5726e-03
-4.6254e-01
-6.4002e-01
-5.9710e-02
-3.1565e-02
-4.8863e-01
-1.4444e-03
-4.9034e-02
-2.7566e-03
-2.2861e-01
-1.5112e-01
-3.0910e-02
-1.0573e-02
-3.3140e-03
-6.7357e-01
-7.6271e-02
-3.7207e-01
-6.5343e-01
-5.5951e-02
-9.9372e-02
-2.2927e-01
-4.1570e-03
-8.6847e-02
-1.7713e-02
-3.8197e-01
-2.3936e-03
-2.8510e-01
-4.5005e-01
-4.9984e-03
-4.7318e-01
-4.8894e-01
-4.8497e-03
-6.2261e-02
-4.7810e-01
-4.6131e-02
-2.8044e-01
-1.5152e-01
-1.9093e-03
-2.5809e-01
-6.3845e-01
-4.3083e-01
-2.4205e-01
-4.1459e-02
-1.8447e-01
-1.9403e-01
-5.9413e-01
-6.1844e-03
-1.7875e-01
-1.3772e-01
-2.6489e-03
-4.2557e-01
-1.5084e-01
-9.4320e-02
-1.6348e-02
-1.9925e-02
-5.6548e-01
-3.0228e-04
-1.0017e-01
-1.4397e-01
-1.1932e-03
-1.2593e-01
-5.4238e-01
-7.3818e-02
-1.4740e-01
-7.1110e-01
-3.7045e-01
-3.6273e-01
-2.4894e-01
-3.3960e-01
-4.4536e-02
-9.4849e-02
-1.7428e-01
-9.8784e-02
-1.9090e-01
-3.5085e-01
-5.9515e-02
-3.4544e-01
-2.9165e-01
-3.4246e-01
-1.2940e-02
-1.5008e-01
-2.3290e-01
-4.6376e-01
-8.3766e-02
-4.6577e-01
-4.6504e-02
-1.8698e-01
-4.8627e-01
-6.6816e-01
-3.8920e-03
-2.6855e-01
-3.9721e-01
-7.2215e-02
-3.4321e-01
-6.1334e-01
-2.4701e-01
-3.6832e-01
-5.3093e-01
-4.0537e-01
-1.1863e-03
-4.4402e-01
-5.4944e-02
-9.6224e-04
-7.0819e-01
-7.2384e-02
-1.2644e-01
-2.0258e-01
-7.3421e-01
-7.4880e-02
-7.2998e-02
-3.3286e-02
-5.0365e-01
-5.8065e-02
-1.0457e-01
-2.0147e-02
-6.7688e-01
-4.7883e-01
-4.6323e-02
-9.9529e-02
-5.7592e-02
-6.7062e-01
-3.7807e-01
-3.6284e-02
-7.9413e-02
-1.3686e-01
-6.7870e-03
-1.6267e-03
-3.4980e-02
-4.0984e-02
-1.7300e-01
-1.1235e-01
-9.1980e-02
-3.0248e-01
-3.5120e-03
-4.8314e-03
-6.3034e-01
-2.1452e-03
-6.5780e-01
-5.5435e-02
-6.5873e-04
-5.8180e-01
-7.6330e-03
-9.1505e-02
-6.9706e-02
-4.6464e-03
-2.2175e-01
-2.9056e-01
-2.2313e-01
-7.0160e-01
-3.3129e-01
-3.0225e-01
-8.0600e-04
-1.9640e-01
-1.2781e-02
-6.5101e-01
-2.9265e-01
-7.0404e-01
-9.0875e-02
-4.5977e-01
-5.9761e-02
-2.3188e-03
-5.8139e-02
-4.1537e-02
-8.9050e-02
-5.4124e-01
-7.8004e-03
-3.9082e-02
-4.6788e-03
-3.8411e-02
-6.7229e-01
-6.3260e-01
-7.2712e-01
-3.4297e-01
-1.3570e-01
-2.2362e-01
-3.9843e-02
-6.5640e-02
-7.3242e-01
-1.3854e-03
-3.4900e-01
-4.8728e-01
-9.6547e-02
-6.1502e-01
-6.8847e-01
-2.5688e-01
-5.6258e-01
-3.5045e-01
-1.3531e-01
-4.9637e-03
-1.2889e-01
-4.6436e-01
-5.2238e-01
-4.8968e-03
-2.8930e-02
-6.8885e-01
-7.1930e-01
-3.7802e-03
-8.4061e-02
-4.1133e-01
-2.6409e-01
-3.8278e-02
-5.0667e-01
-4.4908e-01
-5.9968e-02
-1.3743e-01
-4.9603e-01
-3.2519e-01
-4.9441e-03
-1.0478e-03
-2.0159e-01
-5.3337e-01
-8.4259e-02
-4.3049e-02
-4.0285e-03
-4.7240e-03
-5.0386e-01
-4.3387e-01
-2.9038e-01
-4.1776e-02
-2.8211e-03
-3.2627e-01
-2.6535e-01
-2.9418e-01
-1.6045e-02
-1.5118e-03
-4.9389e-02
-2.5828e-01
-4.6979e-03
-6.6951e-01
-3.0726e-01
-4.2957e-03
-1.0048e-01
-5.8976e-02
-1.0158e-01
-5.1933e-01
-4.9665e-03
-3.1421e-03
-2.9252e-03
-6.5999e-01
-6.2566e-01
-3.1381e-02
-4.3968e-02
-7.3083e-01
-9.8330e-02
-5.9816e-01
-4.2152e-03
-5.8305e-01
-1.8365e-01
-2.6066e-01
-1.4046e-01
-4.5310e-03
-6.6667e-01
-5.3851e-01
-4.1371e-03
-5.3152e-01
-4.5908e-01
-1.9557e-01
-1.1338e-01
-1.4951e-03
-2.0276e-03
-2.6458e-01
-8.1704e-02
-4.4208e-01
-3.2315e-01
-6.8359e-01
-7.0737e-02
-6.1120e-02
-2.7017e-01
-4.0250e-04
-4.8292e-01
-3.9211e-02
-3.8397e-01
-4.6849e-03
-6.9888e-01
-7.2321e-02
-2.7721e-01
-4.0922e-02
-4.2079e-03
-4.3468e-01
-7.2424e-01
-6.7914e-04
-5.8114e-01
-1.2505e-03
-3.5553e-01
-2.8026e-01
-2.1626e-01
-2.1368e-02
-5.5817e-01
-4.4880e-03
-3.2171e-03
-2.2556e-01
-1.8639e-02
-7.3026e-01
-3.6994e-01
-4.9878e-03
-1.5799e-01
-1.9780e-01
-2.6565e-01
-4.1124e-04
-3.1693e-03
-2.0376e-03
-4.5056e-02
-6.0253e-01
-1.2346e-01
-7.0859e-01
-2.8384e-01
-4.3036e-03
-1.8265e-01
-2.9018e-01
-4.2921e-03
-4.4988e-03
-8.8446e-03
-4.9976e-03
-4.5429e-01
-3.7612e-01
-4.1556e-01
-5.6231e-01
-3.2203e-03
-5.8251e-02
-3.7934e-01
-2.0392e-01
-3.4514e-02
-4.3324e-01
-1.3036e-03
-4.0466e-01
-5.7428e-01
-7.0304e-01
-1.1170e-01
-1.9602e-02
-3.5786e-03
-6.6390e-01
-3.3090e-01
-2.7463e-03
-5.6202e-01
-4.7675e-03
-5.9642e-02
-5.6699e-01
-1.9271e-01
-6.3066e-01
-1.2157e-01
-1.9107e-02
-3.8500e-01
-1.1497e-01
-5.3280e-02
-7.2413e-01
-6.8507e-01
-1.2940e-01
-1.0464e-01
-6.4336e-02
-2.0524e-02
-1.8341e-01
-3.4776e-01
-4.0169e-01
-3.4942e-02
-6.5399e-02
-2.2100e-01
-5.4531e-01
-2.6991e-01
-2.7872e-01
-2.2091e-01
-1.8148e-01
-3.7741e-01
-3.6004e-01
-8.9551e-02
-4.9998e-03
-1.4936e-01
-4.0984e-03
-4.6252e-03
-1.4601e-01
-3.6139e-02
-2.8283e-01
-6.4295e-04
-4.8943e-01
-2.1162e-02
-4.9922e-03
-5.1897e-01
-6.7572e-01
-6.9580e-02
-5.7251e-01
-4.6532e-03
-5.2051e-01
-3.5297e-03
-8.9269e-02
-2.4829e-01
-1.6042e-01
-4.3907e-03
-6.3115e-01
-2.3270e-01
-6.6542e-01
-2.4712e-02
-6.8464e-01
-5.5793e-03
-2.8591e-01
-2.9670e-02
-4.4300e-04
-3.3540e-01
-9.5459e-02
-2.0452e-01
-4.8998e-01
-8.6309e-02
-5.1821e-01
-4.9952e-03
-4.4511e-03
-1.3126e-01
-2.1061e-02
-2.8920e-04
-4.3080e-01
-5.7653e-01
-3.3971e-02
-3.5022e-01
-2.3086e-02
-1.0198e-01
-2.0216e-03
-3.5148e-01
-4.5522e-01
-2.4796e-01
-1.0533e-03
-3.4330e-01
-3.8669e-01
-7.3963e-02
-4.0405e-01
-3.1542e-01
-4.1854e-01
-4.8589e-03
-4.3649e-02
-4.6726e-03
-1.1683e-02
-8.8895e-02
-6.2333e-03
-1.6776e-03
-3.6051e-01
-3.4880e-01
-1.2566e-01
-6.4414e-03
-3.9256e-01
-5.0461e-01
-5.1176e-01
-6.1481e-01
-5.6522e-02
-1.4318e-01
-1.0899e-01
-4.1024e-03
-1.0705e-01
-2.2580e-01
-5.8476e-01
-1.4103e-01
-7.6868e-02
-3.4998e-04
-3.3696e-01
-5.3616e-01
-6.3580e-04
-4.3857e-02
-6.7724e-02
-2.3724e-01
-4.8175e-03
-3.8151e-01
-4.3164e-03
-9.7563e-02
-4.7252e-01
-1.8724e-01
-3.2068e-03
-4.2414e-01
-7.1053e-01
-2.3993e-01
-2.4222e-01
-9.8890e-02
-5.6657e-04
-4.2105e-03
-6.7200e-01
-2.5488e-01
-2.1324e-01
-1.0640e-01
-2.0659e-02
-5.4484e-01
-6.9464e-02
-5.5137e-01
-7.2263e-04
-3.5845e-01
-4.9867e-01
-5.8031e-01
-4.4445e-01
-2.7472e-02
-4.3591e-01
-4.2189e-01
-4.1146e-03
-4.8201e-01
-1.3388e-01
-4.6073e-02
-2.5094e-03
-6.9036e-01
-5.2981e-01
-4.3471e-03
-3.3498e-01
-6.6111e-01
-1.5619e-03
-4.9210e-01
-6.9213e-01
-5.9573e-01
-1.8462e-02
-3.3861e-02
-2.7184e-01
-3.0691e-01
-7.2002e-02
-2.9104e-01
-6.5378e-01
-6.7039e-01
-3.6664e-04
-5.1465e-01
-5.5747e-01
-1.5030e-01
-1.8074e-03
-4.1758e-03
-8.4752e-04
-4.9091e-01
-2.0752e-01
-4.9476e-01
-2.6339e-01
-9.7809e-02
-1.3719e-02
-5.4283e-04
-5.8683e-01
-2.1588e-02
-2.1539e-01
-5.0960e-01
-9.8938e-02
-1.7120e-01
-6.3072e-02
-4.1623e-03
-2.4199e-01
-2.5302e-01
-4.0057e-01
-2.8096e-02
-3.9344e-02
-6.8781e-02
-6.5281e-01
-4.9216e-03
-7.1999e-01
-6.3549e-01
-1.8906e-01
-4.9887e-03
-1.0902e-02
-1.4228e-01
-1.9262e-02
-2.9223e-02
-8.3983e-02
-6.6789e-01
-1.3903e-03
-2.0901e-02
-1.0973e-02
-5.3973e-01
-1.6622e-03
-2.5428e-01
-1.2264e-02
-2.0433e-01
-1.1465e-01
-4.4412e-01
-9.3873e-02
-2.5098e-02
-7.3499e-01
-2.4324e-01
-2.5259e-01
-4.8623e-02
-9.2750e-03
-6.8940e-01
-6.0783e-01
-4.6642e-01
-4.9958e-01
-5.2318e-01
-3.2686e-01
-5.7545e-01
-2.7426e-01
-2.6483e-01
-4.2405e-03
-5.9723e-01
-3.8804e-01
-2.6263e-01
-2.7826e-01
-5.7028e-01
-2.5139e-01
-2.3492e-02
-4.8860e-02
-1.8569e-01
-7.4328e-02
-1.4087e-01
-7.0095e-02
-2.5990e-01
-9.9256e-02
-3.8689e-01
-4.6503e-03
-2.1441e-01
-3.2824e-01
-2.3525e-01
-4.6855e-03
-4.5251e-01
-2.5605e-01
-3.8387e-02
-1.1382e-01
-1.1547e-01
-1.0290e-01
-7.0515e-01
-2.0184e-01
-5.7321e-02
-2.3295e-01
-4.5676e-01
-1.0908e-01
-6.1301e-02
-3.2762e-01
-1.1090e-01
-8.9432e-02
-6.6786e-02
-1.8740e-03
-3.8947e-01
-4.2854e-03
-4.3211e-03
-2.9156e-03
-3.9308e-01
-6.6575e-02
-4.8797e-03
-1.3280e-02
-1.3900e-01
-2.9892e-01
-1.1865e-01
-3.9038e-03
-2.8749e-01
-6.4577e-01
-2.2250e-03
-2.0733e-01
-1.8838e-02
-2.9064e-01
-3.0349e-01
-2.8302e-02
-1.3838e-01
-4.4137e-01
-4.9915e-03
-1.5566e-02
-2.6208e-01
-8.8461e-02
-1.6911e-02
-4.3768e-02
-1.8430e-03
-4.7871e-01
-3.2157e-01
-4.3083e-03
-5.4117e-02
-4.3946e-01
-6.6368e-02
-6.5083e-01
-5.1976e-01
-6.1728e-01
-6.4206e-01
-1.0003e-03
-3.9220e-01
-4.3842e-02
-1.1701e-01
-5.0241e-01
-3.3072e-01
-5.1003e-01
-3.8603e-01
-6.8270e-01
-1.2536e-01
-7.0193e-03
-6.7639e-02
-6.4162e-02
-5.8955e-01
-4.5150e-01
-5.3652e-03
-2.3865e-01
-5.5123e-02
-3.8751e-01
-2.2091e-04
-5.3938e-02
-3.3805e-03
-1.4089e-02
-2.0867e-01
-1.0426e-01
-3.0840e-03
-4.8281e-03
-4.4874e-01
-3.3654e-01
-5.0189e-01
-4.0126e-02
-3.4769e-03
-3.4419e-01
-3.1133e-02
-2.1180e-01
-2.1155e-01
-1.5418e-01
-4.8256e-02
-6.4386e-01
-2.8696e-02
-2.6322e-02
-2.4440e-01
-1.3408e-03
-3.0536e-01
-2.0170e-01
-4.9882e-03
-5.1111e-01
-3.2568e-01
-3.4224e-02
-4.5604e-03
-2.5373e-03
-1.5600e-02
-3.5664e-01
-3.3298e-03
-7.7199e-02
-1.4725e-01
-2.2393e-01
-3.7823e-03
-4.6427e-01
-6.6848e-03
-5.0814e-02
-3.2056e-02
-1.5346e-01
-3.2334e-01
-5.2453e-02
-5.9275e-01
-1.8304e-01
-2.6468e-01
-6.8476e-02
-3.6027e-01
-2.0847e-01
-7.7688e-02
-2.9846e-02
-3.3328e-03
-6.7818e-01
-3.1102e-01
-2.5175e-03
-2.3120e-01
-6.3950e-02
-2.7809e-01
-6.6291e-01
-3.1750e-03
-2.2572e-01
-5.5209e-01
-7.1771e-02
-4.1437e-03
-2.0498e-03
-1.4377e-01
-4.4515e-01
-7.2582e-01
-1.8532e-02
-1.5185e-01
-1.2492e-02
-5.4570e-01
-2.6794e-04
-4.8814e-01
-3.1750e-01
-1.3446e-01
-1.8683e-02
-4.9647e-01
-6.5323e-02
-4.6503e-01
-2.2235e-01
-3.2384e-02
-5.0217e-01
-4.5210e-02
-2.0861e-01
-6.0153e-01
-1.2566e-02
-4.9993e-03
-2.3743e-01
-7.8127e-02
-7.0743e-01
-3.2124e-03
-6.9824e-01
-4.2726e-01
-3.2254e-02
-3.2523e-02
-1.6803e-01
-1.3981e-01
-4.1797e-01
-3.2363e-03
-2.0357e-01
-3.3348e-03
-1.6540e-03
-3.5686e-03
-1.0282e-01
-3.9814e-01
-2.8997e-01
-7.2125e-01
-5.0889e-01
-1.9051e-01
-1.1970e-02
-3.6098e-03
-3.0600e-03
-1.4686e-01
-4.3719e-03
-5.1651e-02
-1.4570e-01
-5.8914e-01
-2.2942e-01
-3.9240e-01
-5.4358e-02
-8.8284e-02
-5.6718e-01
-7.9077e-03
-1.5875e-01
-4.5332e-03
-2.2514e-01
-3.2593e-05
-2.5538e-01
-2.4964e-02
-3.5182e-01
-2.0137e-01
-4.3830e-01
-3.1606e-01
-6.2041e-01
-2.6917e-01
-3.3984e-01
-1.8080e-01
-5.3112e-01
-4.8219e-01
-4.1047e-03
-1.6718e-01
-8.3850e-02
-5.1798e-04
-7.1606e-01
-1.2012e-02
-1.2021e-01
-1.2574e-01
-5.3490e-01
-2.4543e-02
-4.9240e-02
-2.4121e-03
-5.8988e-01
-5.6364e-01
-2.5974e-01
-1.5586e-01
-3.7633e-03
-7.2913e-01
-1.3958e-01
-1.6533e-01
-2.7473e-01
-1.2168e-03
-1.5573e-01
-2.6349e-01
-5.7498e-02
-2.1066e-01
-4.4669e-02
-2.0963e-03
-4.5285e-03
-4.8629e-03
-1.7841e-01
-4.9107e-03
-4.6595e-02
-5.4158e-01
-5.4669e-02
-3.2111e-02
-1.3925e-01
-6.8851e-01
-2.2237e-01
-8.8026e-03
-1.8877e-01
-4.5430e-03
-4.6720e-01
-4.2995e-01
-4.6332e-01
-1.5958e-01
-1.5497e-01
-6.1109e-01
-4.2471e-01
-1.3175e-01
-2.5869e-01
-6.7617e-02
-4.9692e-03
-3.2487e-03
-5.5877e-04
-2.8235e-03
-4.7503e-03
-1.0728e-03
-5.2223e-03
-5.4245e-01
-7.2245e-01
-1.7497e-01
-1.1322e-02
-3.3832e-01
-6.4536e-02
-1.6003e-01
-7.2589e-02
-2.3809e-01
-2.6681e-02
-2.9733e-01
-1.2702e-01
-1.3637e-01
-4.6885e-02
-3.4917e-01
-5.7627e-01
-4.9045e-03
-4.5861e-03
-4.9659e-03
-1.2635e-01
-4.3395e-02
-5.6164e-02
-5.3538e-02
-3.4968e-01
-6.1134e-01
-7.0423e-02
-1.0727e-01
-9.5406e-03
-1.3087e-01
-3.1130e-01
-4.2287e-03
-3.2938e-03
-4.3672e-03
-3.8640e-01
-1.2924e-01
-9.3246e-02
-6.9999e-01
-2.2965e-03
-5.0875e-01
-2.4609e-05
-2.4364e-02
-1.4392e-02
-2.5351e-03
-2.2328e-01
-3.1279e-01
-3.2811e-01
-2.6590e-04
-7.2179e-01
-2.7444e-01
-4.7177e-03
-5.9332e-01
-5.8644e-01
-1.5394e-01
-1.0418e-02
-3.3067e-03
-7.8498e-02
-8.2187e-02
-5.9906e-02
-9.4544e-02
-2.2444e-02
-2.1862e-01
-5.0149e-01
-1.4836e-01
-5.7403e-02
-4.4046e-01
-1.8738e-01
-5.9250e-02
-4.4381e-03
-5.5373e-01
-1.3916e-01
-7.1178e-01
-1.0870e-05
-4.9001e-02
-3.3300e-01
-1.6772e-01
-3.0463e-02
-1.3463e-01
-2.2130e-03
-3.1189e-01
-6.4446e-02
-3.2648e-01
-1.2802e-01
-3.6744e-02
-4.1258e-02
-7.0422e-01
-8.5876e-02
-1.4378e-01
-1.5046e-01
-5.9913e-01
-4.4245e-02
-3.8726e-01
-8.4346e-05
-2.5131e-02
-4.9480e-01
-4.1250e-01
-1.1835e-02
-3.9165e-01
-4.0569e-01
-5.9599e-02
-8.3278e-04
-2.9268e-02
-1.8286e-01
-5.5372e-02
-1.0105e-01
-4.9822e-03
-5.1935e-02
-5.4830e-02
-4.5401e-01
-6.3674e-01
-3.7092e-01
-1.2851e-01
-5.3411e-01
-5.2786e-02
-1.0539e-01
-3.0144e-03
-3.7672e-03
-8.5635e-02
-5.8717e-01
-3.9791e-01
-1.1048e-03
-1.2213e-01
-7.1867e-01
-4.1389e-02
-2.2643e-04
-6.8051e-01
-3.5253e-01
-3.5728e-01
-4.3124e-01
-2.7756e-01
-6.6879e-01
-1.9849e-01
-4.9996e-03
-1.3278e-02
-6.8666e-04
-1.8541e-01
-2.7323e-03
-5.2618e-02
-5.4455e-01
-3.6203e-01
-2.4027e-01
-8.3015e-02
-2.9878e-01
-4.9282e-03
-2.8071e-03
-3.4728e-01
-1.0331e-01
-4.9825e-01
-4.9184e-02
-4.1232e-03
-1.2971e-01
-4.5017e-01
-3.3425e-03
-1.2124e-01
-2.6939e-01
-2.3669e-03
-7.5812e-02
-4.7674e-03
-7.1948e-01
-4.5113e-01
-2.3433e-02
-3.3611e-01
-4.2297e-01
-5.9105e-01
-1.4329e-02
-6.9785e-01
-3.3388e-04
-4.0907e-01
-3.8883e-01
-9.5708e-02
-1.7747e-01
-1.1318e-02
-5.8412e-01
-1.7599e-03
-2.2621e-01
-2.3336e-03
-3.3103e-03
-3.5197e-03
-4.2628e-03
-5.6177e-01
-1.2342e-01
-2.3044e-02
-7.3050e-01
-3.4399e-03
-4.9954e-03
-5.2616e-01
-4.8654e-03
-3.9156e-03
-2.2540e-03
-2.1417e-02
-2.6061e-01
-1.5718e-02
-4.5681e-03
-4.2751e-01
-2.4133e-01
-1.6844e-01
-2.5638e-01
-6.7860e-01
-3.5974e-01
-8.7578e-04
-2.1711e-03
-1.0150e-01
-9.5829e-03
-4.8406e-02
-1.1009e-02
-3.5779e-01
-4.5264e-03
-4.0911e-03
-6.7117e-01
-4.4295e-03
-2.4671e-01
-1.7116e-01
-2.2285e-01
-3.3645e-02
-1.5555e-01
-1.7688e-01
-1.2059e-01
-1.1156e-01
-6.5754e-01
-2.0476e-01
-4.0643e-01
-1.4978e-01
-4.0322e-01
-4.9995e-03
-4.7023e-03
-2.2088e-03
-1.4080e-01
-3.1675e-01
-5.1056e-03
-1.7991e-01
-2.6307e-01
-4.5801e-03
-4.8354e-03
-1.5712e-01
-7.6808e-04
-3.3847e-01
-6.2485e-01
-7.5760e-02
-1.4703e-03
-1.4704e-02
-3.0192e-02
-4.2055e-03
-2.2958e-01
-6.9181e-01
-3.7025e-01
-6.3012e-01
-6.2634e-02
-1.1516e-01
-6.8024e-01
-7.8192e-02
-4.9463e-03
-2.1711e-01
-8.9135e-02
-2.7911e-01
-6.3715e-01
-6.0719e-02
-2.5516e-02
-2.7031e-03
-4.2089e-01
-4.0043e-01
-4.0881e-01
-7.2575e-01
-2.5000e-01
-4.9941e-03
-4.9431e-03
-9.2370e-02
-4.2140e-03
-4.8920e-03
-6.3988e-02
-4.6838e-01
-8.9977e-03
-3.9409e-02
-1.8748e-01
-3.0446e-04
-6.3562e-01
-1.2990e-01
-1.8246e-01
-2.6111e-01
-6.0936e-01
-3.2453e-01
-5.0618e-01
-5.7989e-04
-6.4276e-01
-5.2288e-01
-1.0150e-02
-2.2145e-01
-3.3762e-03
-8.4789e-02
-9.1960e-03
-4.0038e-03
-3.9791e-03
-5.3363e-02
-6.1617e-01
-3.7579e-03
-1.4368e-03
-3.6612e-01
-4.8007e-01
-3.3265e-03
-4.2625e-02
-1.0504e-01
-4.0070e-01
-2.5606e-03
-3.2045e-01
-3.6661e-03
-3.6441e-03
-5.2523e-01
-9.3773e-02
-2.2883e-02
-5.8080e-01
-3.1627e-01
-2.5293e-01
-2.7609e-01
-7.3206e-02
-1.0671e-02
-2.3636e-02
-5.6893e-01
-4.1043e-03
-1.9247e-03
-4.1580e-01
-1.0920e-01
-9.6830e-02
-4.5076e-01
-4.5146e-03
-3.0631e-01
-4.4246e-01
-3.1389e-01
-2.3884e-01
-1.0770e-02
-2.4271e-01
-7.2080e-02
-1.7821e-01
-8.4672e-03
-4.9644e-02
-2.5207e-02
-5.2201e-01
-8.0034e-02
-4.1973e-01
-5.0106e-01
-1.4746e-01
-1.9526e-01
-5.1675e-04
-2.4005e-02
-6.3494e-01
-7.0009e-01
-2.2962e-01
-5.2814e-01
-2.2474e-03
-5.4081e-01
-2.1699e-01
-4.7391e-03
-4.7306e-03
-1.6315e-02
-1.4490e-01
-4.7440e-03
-6.4610e-03
-2.9164e-02
-1.5776e-01
-2.9933e-01
-6.2891e-02
-5.9619e-01
-2.6186e-01
-1.0353e-02
-1.3238e-01
-3.9988e-03
-2.5110e-01
-1.3177e-01
-2.4580e-01
-1.7805e-01
-4.6659e-01
-1.2791e-01
-1.0722e-01
-1.3366e-01
-4.9838e-03
-2.3715e-02
-6.3016e-03
-5.6821e-01
-5.6893e-03
-3.7250e-01
-4.7455e-03
-4.5641e-01
-1.9355e-01
-2.5304e-02
-5.9423e-02
-3.2938e-01
-4.9166e-03
-3.8525e-01
-1.1958e-03
-2.9846e-01
-4.2029e-02
-1.2586e-01
-1.9008e-04
-2.0913e-01
-1.6203e-02
-1.8638e-01
-6.0506e-02
-3.7343e-03
-3.3941e-01
-3.6802e-03
-1.0838e-01
-5.3739e-03
-1.2727e-01
-3.2978e-01
-2.8810e-01
-9.1379e-03
-1.3314e-01
-5.2108e-01
-1.4661e-01
-2.9933e-04
-3.0788e-02
-1.7047e-01
-2.7924e-03
-5.0865e-03
-9.0377e-02
-5.1793e-02
-4.9053e-03
-4.7498e-01
-6.1263e-01
-1.0140e-01
-1.5207e-01
-1.9035e-01
-6.3827e-02
-2.8959e-03
-2.5147e-01
-4.7393e-02
-3.3528e-03
-6.4636e-01
-6.8815e-01
-4.4310e-01
-6.3946e-03
-2.8621e-03
-3.9155e-01
-5.8885e-01
-3.3850e-03
-1.9149e-02
-9.1112e-02
-2.4502e-01
-4.2701e-03
-6.6138e-01
-4.0666e-03
-4.5005e-02
-2.4000e-04
-1.2716e-02
-4.3439e-03
-5.1647e-01
-4.2676e-01
-2.3317e-03
-3.5732e-01
-4.8403e-01
-2.2996e-01
-4.8986e-03
-1.3001e-01
-3.7216e-01
-2.5834e-01
-3.1224e-01
-5.5295e-03
-4.9634e-01
-1.7444e-01
-7.1112e-02
-5.0952e-01
-1.8408e-01
-5.3582e-01
-1.2826e-01
-1.1342e-01
-4.3305e-01
-5.8058e-04
-4.9866e-03
-2.3945e-02
-3.2536e-03
-5.6397e-02
-2.8171e-01
-3.0996e-02
-4.9714e-03
-2.0768e-03
-3.7359e-03
-3.7855e-01
-6.2069e-02
-1.9021e-03
-4.1384e-01
-7.1285e-02
-3.3962e-04
-1.3816e-01
-3.0207e-01
-4.2995e-03
-5.8420e-01
-8.2692e-04
-7.4321e-03
-8.3423e-03
-1.3725e-01
-1.3682e-01
-7.5110e-02
-9.5927e-02
-3.9382e-03
-4.8102e-01
-4.0527e-03
-1.3867e-01
-6.9615e-01
-8.0537e-04
-4.3392e-04
-1.1108e-01
-4.0976e-01
-1.0850e-01
-3.0050e-03
-2.3614e-02
-3.1906e-02
-4.6110e-01
-2.1508e-02
-3.3175e-03
-1.5539e-02
-1.8015e-01
-1.5667e-01
-3.2745e-01
-5.9923e-04
-5.5337e-01
-2.8470e-01
-2.5331e-03
-1.0699e-01
-4.5488e-01
-4.9145e-03
-4.9860e-03
-4.9538e-03
-4.2505e-01
-5.6336e-01
-1.5561e-03
-8.2263e-02
-4.7871e-03
-6.1920e-02
-2.0451e-03
-7.1325e-03
-1.9868e-01
-1.2186e-01
-3.6927e-02
-1.9974e-02
-5.8207e-01
-9.3017e-03
-1.3992e-01
-5.0224e-02
-1.8202e-01
-1.3657e-02
-1.1447e-01
-6.1300e-01
-5.3801e-01
-2.3437e-01
-2.6562e-03
-7.9864e-02
-7.1216e-01
-1.2664e-03
-4.0665e-01
-2.6831e-03
-3.9970e-01
-6.3174e-01
-6.0643e-01
-3.4458e-03
-2.6968e-03
-9.2351e-02
-5.3632e-01
-2.8474e-01
-1.8924e-01
-5.1011e-02
-6.7390e-01
-6.3359e-02
-6.6356e-01
-4.2474e-03
-3.2961e-01
-3.6675e-01
-1.0007e-02
-4.1813e-01
-2.3852e-01
-4.1897e-01
-7.2659e-01
-2.0935e-03
-2.5551e-01
-3.1038e-02
-2.0113e-01
-5.4212e-01
-3.4870e-02
-7.0575e-01
-7.1755e-01
-3.6291e-03
-3.4782e-01
-4.6449e-03
-2.7145e-02
-1.6608e-01
-3.0412e-01
-5.7070e-01
-9.9063e-02
-1.0259e-01
-6.3432e-01
-4.4852e-01
-4.0019e-01
-4.5969e-03
-3.7742e-03
-3.2877e-04
-7.1445e-01
-2.4605e-01
-6.9349e-01
-8.7097e-02
-1.0326e-03
-4.2792e-03
-7.0719e-02
-3.6160e-01
-3.5337e-01
-1.0954e-03
-4.1177e-02
-6.1166e-01
-1.3065e-01
-3.6438e-01
-3.3786e-03
-1.1196e-01
-1.3505e-01
-6.2986e-01
-7.2258e-01
-3.2556e-01
-6.3204e-01
-1.3617e-01
-2.9706e-02
-3.4251e-01
-9.6393e-02
-3.3856e-01
-2.6204e-03
-1.5180e-01
-1.7717e-01
-1.4550e-03
-1.3560e-01
-3.0878e-01
-5.3706e-01
-5.7096e-01
-4.4790e-01
-1.8783e-02
-4.4184e-03
-2.1909e-03
-3.4005e-01
-7.8746e-04
-1.4236e-03
-1.0092e-01
-2.0763e-01
-3.8782e-01
-1.1114e-01
-1.5001e-02
-8.0673e-02
-1.8215e-01
-1.8944e-01
-7.1571e-01
-1.2278e-01
-7.2743e-01
-6.5602e-01
-4.0253e-01
-3.6238e-01
-1.4683e-02
-3.3461e-01
-2.5207e-01
-4.6872e-02
-1.8682e-01
-3.1120e-03
-2.8469e-02
-7.2832e-01
-5.0000e-03
-5.0342e-01
-4.4666e-03
-2.4572e-01
-2.0670e-01
-1.7539e-01
-1.1637e-01
-9.9162e-03
-3.0539e-03
-7.0566e-02
-8.0112e-02
-5.0456e-01
-4.3198e-02
-4.9926e-03
-5.0659e-01
-4.4489e-01
-2.3752e-01
-4.5722e-03
-5.0294e-02
-2.2014e-01
-5.1574e-01
-2.2786e-03
-5.2971e-01
-5.3566e-01
-2.5522e-01
-2.8900e-01
-6.5232e-01
-4.9546e-03
-1.9457e-01
-1.2259e-01
-2.4259e-02
-3.5624e-03
-3.8024e-03
-4.2125e-01
-8.5556e-02
-5.0212e-01
-4.3877e-01
-2.4879e-02
-3.0916e-01
-5.6083e-01
-3.2250e-01
-4.1491e-03
-4.9599e-03
-3.6757e-01
-1.5021e-01
-2.2340e-01
-1.2369e-01
-1.7888e-01
-5.4808e-01
-2.0096e-02
-2.3498e-01
-1.9690e-01
-1.5899e-01
-6.0474e-01
-3.0546e-02
-2.0537e-01
-3.1003e-01
-1.7666e-01
-1.7347e-02
-2.6744e-01
-1.7165e-01
-4.8693e-03
-1.2070e-01
-2.5805e-03
-3.6626e-02
-3.3974e-01
-7.3257e-01
-7.4981e-03
-5.9186e-02
-3.2431e-01
-2.1033e-01
-2.2320e-02
-4.9958e-03
-4.2272e-02
-2.5129e-03
-2.9943e-01
-1.0363e-01
-4.5351e-02
-3.2061e-01
-2.3143e-01
-3.2340e-02
-6.8244e-01
-2.1499e-03
-1.6486e-01
-3.2094e-01
-3.0919e-03
-4.5618e-02
-3.3754e-01
-2.9388e-03
-8.3652e-03
-3.4255e-03
-5.0904e-02
-3.3779e-01
-5.0405e-01
-1.3595e-02
-3.4687e-01
-4.7042e-03
-6.9328e-01
-1.1909e-01
-1.3223e-01
-6.1884e-01
-1.2250e-01
-8.4638e-02
-3.5562e-03
-4.9346e-01
-5.9779e-01
-3.9726e-03
-1.2865e-01
-4.4410e-02
-5.9217e-01
-2.6750e-01
-6.8336e-01
-7.9372e-02
-5.6552e-01
-2.0787e-01
-1.3338e-01
-2.6507e-02
-1.2544e-03
-4.0113e-01
-3.0622e-01
-8.8092e-02
-7.9883e-03
-4.5079e-01
-1.5669e-02
-4.4452e-03
-6.0112e-04
-6.2719e-01
-2.0940e-01
-1.4778e-01
-1.2906e-01
-5.8947e-03
-7.3857e-03
-3.7427e-01
-4.9797e-03
-1.7072e-01
-4.1372e-01
-4.2621e-01
-6.9454e-02
-3.4491e-01
-4.8760e-03
-1.6791e-01
-6.0027e-02
-2.5635e-04
-3.2370e-01
-3.1768e-01
-6.0076e-01
-3.6864e-02
-1.0494e-01
-9.1761e-04
-7.1146e-01
-5.4690e-01
-1.2482e-01
-4.0334e-03
-5.2745e-01
-3.0115e-01
-4.7126e-03
-4.7718e-01
-8.6672e-03
-2.8994e-01
-2.3640e-04
-2.8528e-02
-2.8329e-02
-3.0497e-01
-2.6635e-01
-2.1542e-02
-8.0093e-05
-6.4257e-01
-5.5190e-04
-1.2078e-01
-1.6243e-01
-2.8572e-02
-3.9336e-03
-4.5951e-03
-6.7418e-01
-2.9652e-01
-4.2887e-01
-7.0647e-02
-3.0054e-01
-1.0562e-02
-2.3339e-02
-1.4044e-03
-1.7514e-01
-5.4278e-02
-5.4836e-01
-4.2277e-01
-5.2340e-01
-2.4103e-03
-1.7026e-04
-2.9439e-01
-3.7065e-03
-2.8705e-01
-2.5630e-01
-4.6863e-01
-3.9352e-01
-1.4151e-01
-2.2754e-01
-1.3218e-02
-3.5122e-02
-4.2063e-01
-5.6063e-02
-1.7237e-02
-6.0572e-03
-8.8762e-04
-3.6227e-01
-3.0839e-02
-4.8451e-01
-3.6818e-01
-1.7599e-01
-6.0284e-02
-5.1427e-02
-5.5828e-02
-1.5129e-02
-3.5584e-03
-2.6192e-01
-1.6834e-01
-2.1639e-02
-3.6714e-02
-1.0237e-01
-5.4510e-01
-2.6793e-01
-4.8008e-03
-6.8428e-04
-3.8094e-02
-9.8687e-04
-1.5499e-02
-4.9416e-03
-4.0286e-01
-4.8067e-01
-3.8547e-01
-6.2361e-01
-3.9640e-01
-3.7095e-03
-2.8173e-02
-1.2554e-02
-3.0938e-01
-1.1890e-02
-5.8495e-01
-4.0701e-02
-4.8482e-03
-1.2487e-01
-6.2513e-01
-7.0601e-01
-2.6082e-01
-4.3053e-03
-3.2383e-03
-3.7364e-01
-5.3180e-03
-4.8335e-02
-4.7823e-01
-1.8573e-02
-2.9403e-01
-4.0206e-02
-8.6561e-02
-2.3085e-01
-6.6269e-02
-2.9971e-03
-5.7743e-01
-1.0791e-01
-5.6724e-02
-7.2783e-01
-3.9190e-01
-3.7970e-03
-7.0976e-02
-1.1294e-01
-4.6860e-01
-7.6627e-03
-2.4041e-01
-8.0758e-02
-4.0312e-02
-6.0582e-01
-4.7218e-03
-1.7340e-03
-7.6533e-02
-6.3899e-02
-9.8377e-04
-2.2340e-03
-3.2109e-01
-7.6661e-02
-1.2818e-01
-2.9291e-01
-6.4187e-01
-3.8928e-01
-3.3715e-02
-2.6502e-03
-5.2012e-01
-4.9931e-03
-6.2648e-05
-2.7764e-01
-2.4529e-02
-2.0947e-01
-3.2580e-01
-8.5806e-04
-4.4705e-03
-7.1511e-01
-1.8202e-03
-4.9480e-03
-3.8275e-01
-9.1708e-02
-4.6572e-03
-3.0404e-01
-5.0090e-01
-1.1270e-01
-4.5525e-03
-4.7922e-03
-4.1494e-01
-2.3544e-01
-1.3624e-01
-1.7206e-01
-4.6031e-01
-2.4462e-01
-4.4363e-03
-1.3049e-04
-1.1074e-01
-2.7074e-01
-1.2355e-01
-4.9591e-03
-1.5833e-01
-4.9533e-01
-2.0280e-02
-4.7035e-02
-4.9458e-03
-3.7481e-03
-2.5754e-02
-6.1753e-02
-1.7016e-01
-1.8629e-01
-4.8908e-01
-2.3710e-01
-2.3558e-01
-1.5130e-01
-1.6264e-01
-1.0958e-01
-3.4830e-02
-3.4893e-03
-2.8062e-01
-4.8825e-02
-3.8824e-03
-3.3760e-02
-4.5794e-02
-2.6005e-01
-2.8228e-01
-1.5373e-02
-7.2106e-01
-4.6704e-01
-6.0015e-01
-1.9639e-02
-4.5779e-03
-4.5349e-01
-1.3897e-03
-1.7607e-02
-6.0887e-01
-9.6517e-03
-3.3176e-02
-4.2019e-03
-2.5882e-02
-4.4847e-03
-3.2001e-03
-1.0611e-01
-3.4658e-02
-4.9567e-03
-4.4718e-01
-3.0809e-01
-2.9585e-01
-4.2819e-03
-4.7129e-02
-3.2216e-01
-3.6373e-01
-2.9362e-01
-4.9675e-03
-2.6195e-02
-1.0551e-03
-2.2875e-01
-1.6013e-04
-6.6552e-01
-2.7945e-02
-6.0413e-01
-4.8488e-01
-2.1680e-03
-4.3119e-03
-3.0072e-01
-1.2542e-01
-4.3196e-01
-1.1184e-01
-4.4184e-02
-2.7885e-03
-3.4281e-02
-2.1662e-01
-1.2651e-02
-1.4194e-01
-7.4911e-02
-2.7233e-03
-8.5260e-02
-1.4554e-02
-1.6103e-03
-5.4890e-01
-3.7778e-01
-1.7276e-02
-8.8726e-02
-3.4929e-03
-1.3675e-03
-1.1797e-02
-3.9398e-01
-8.3475e-02
-4.1647e-01
-6.1392e-01
-1.3548e-03
-7.7438e-02
-3.7010e-01
-2.9673e-01
-2.4399e-03
-4.3251e-03
-1.1222e-02
-3.0363e-01
-7.2166e-01
-1.6632e-01
-5.8709e-01
-5.6912e-02
-7.2377e-01
-3.0649e-02
-1.3541e-01
-5.8234e-01
-7.8379e-02
-4.9605e-03
-3.4125e-01
-1.1315e-01
-2.8549e-01
-5.6676e-01
-7.0296e-02
-6.1224e-01
-1.1389e-01
-2.7147e-01
-5.4734e-01
-3.8579e-01
-4.7674e-01
-2.9389e-01
-4.4617e-03
-1.3149e-01
-1.7622e-01
-4.8418e-03
-5.9071e-02
-4.5234e-03
-8.2278e-03
-5.9482e-01
-6.2827e-02
-3.7984e-03
-2.5742e-03
-3.1323e-04
-4.9709e-03
-4.4732e-01
-1.6028e-03
-6.6053e-01
-1.4450e-02
-3.4949e-01
-1.9506e-01
-6.3690e-02
-2.8360e-03
-1.3779e-03
-5.6494e-02
-1.8468e-01
-2.3365e-01
-1.1904e-01
-2.1372e-01
-3.8023e-02
-5.1321e-01
-6.2386e-01
-3.5916e-03
-6.5200e-01
-5.4794e-01
-4.1757e-01
-2.0077e-01
-4.9944e-01
-7.1473e-01
-6.1454e-01
-2.4654e-01
-1.0190e-02
-1.1753e-01
-2.2311e-03
-6.7634e-01
-6.6061e-01
-5.8024e-03
-1.1577e-01
-2.4789e-03
-2.0902e-01
-3.3322e-01
-9.0047e-02
-6.3244e-04
-1.9392e-01
-9.2582e-02
-3.8303e-01
-1.6381e-01
-4.8035e-01
-4.9973e-03
-1.6361e-03
-1.4910e-03
-1.7930e-01
-3.0773e-01
-6.6921e-01
-5.9460e-01
-6.2805e-01
-5.2222e-02
-4.0835e-01
-9.0385e-03
-1.1916e-01
-9.5348e-02
-4.8639e-03
-4.9989e-03
-7.8896e-04
-3.9792e-02
-6.5666e-01
-2.1214e-02
-9.0190e-05
-2.2254e-01
-4.3595e-03
-3.3053e-01
-3.7496e-01
-3.3343e-01
-1.6288e-01
-8.4808e-02
-3.5310e-01
-4.9927e-03
-3.9086e-01
-1.4324e-01
-2.2692e-01
-3.0257e-03
-2.2045e-01
-2.7692e-03
-5.7342e-01
-5.1870e-02
-4.9965e-03
-3.4326e-03
-1.3435e-01
-3.2884e-03
-3.2482e-01
-1.4508e-01
-4.4268e-01
-1.9858e-02
-2.8840e-03
-2.1635e-01
-1.4009e-01
-4.7614e-01
-7.2299e-01
-4.9383e-03
-2.7163e-03
-6.1543e-02
-4.5819e-01
-4.3112e-03
-3.1731e-03
-9.0613e-02
-2.5257e-02
-3.0124e-01
-1.1800e-01
-4.0064e-03
-3.4154e-01
-6.5527e-01
-4.3972e-01
-7.2202e-01
-3.1177e-02
-2.8852e-02
-4.9106e-02
-1.1713e-01
-6.3346e-01
-3.1673e-02
-4.6545e-03
-4.2198e-02
-4.9369e-03
-3.7233e-01
-1.1669e-01
-1.8020e-03
-7.5153e-02
-2.3426e-03
-1.5522e-01
-4.9558e-03
-2.8240e-01
-5.8501e-02
-2.6017e-03
-2.9747e-01
-1.5259e-01
-4.4684e-01
-1.6679e-01
-8.6311e-03
-5.0320e-01
-2.1514e-01
-5.2011e-02
-3.1666e-03
-5.1610e-02
-2.8254e-01
-2.6338e-02
-5.4781e-01
-6.5386e-02
-1.7640e-01
-4.3749e-03
-3.3491e-01
-6.8392e-01
-3.8540e-02
-4.2805e-01
-1.5463e-01
-8.1789e-02
-7.9088e-02
-3.4681e-01
-4.9833e-03
-4.6129e-03
-1.5138e-01
-5.4007e-01
-2.0329e-02
-3.3587e-01
-1.6225e-02
-3.7950e-01
-3.6937e-02
-2.9510e-03
-9.3660e-02
-3.8111e-01
-1.3999e-01
-7.4775e-02
-4.6775e-01
-2.3979e-01
-5.8738e-01
-3.5957e-02
-3.6196e-03
-6.2319e-02
-7.0924e-02
-4.4454e-03
-4.2450e-03
-1.5327e-03
-2.8655e-01
-6.7896e-01
-5.9968e-01
-6.1189e-01
-6.9801e-01
-9.3381e-03
-9.8248e-03
-1.4223e-02
-4.5818e-03
-4.3603e-02
-1.4103e-03
-4.7006e-03
-5.2565e-01
-3.1782e-01
-3.7395e-03
-3.7327e-01
-2.8844e-01
-4.8378e-03
-1.4172e-02
-3.5840e-01
-6.3056e-02
-2.1361e-01
-3.2904e-03
-6.8735e-01
-5.9702e-03
-1.0213e-04
-8.6892e-02
-1.5725e-03
-1.5791e-02
-2.2119e-01
-3.6263e-01
-2.3860e-03
-8.4226e-02
-2.6805e-03
-7.1666e-01
-6.0141e-02
-2.6234e-02
-3.8330e-01
-2.5906e-01
-7.3681e-04
-3.2616e-03
-3.7310e-03
-7.2258e-02
-9.6796e-02
-1.1924e-01
-4.6174e-01
-3.6404e-03
-9.7219e-02
-2.0796e-04
-1.1866e-02
-5.3815e-01
-6.1961e-02
-4.9189e-01
-1.3481e-01
-4.2779e-01
-2.5165e-01
-2.4774e-01
-3.8298e-02
-1.7938e-01
-2.0709e-01
-1.9316e-01
-3.4222e-01
-6.5995e-03
-2.5740e-01
-1.0628e-01
-6.7169e-02
-1.1655e-01
-8.2705e-02
-4.9996e-03
-4.9757e-03
-4.8067e-03
-4.2009e-01
-3.2995e-03
-5.7331e-01
-6.5484e-01
-3.7800e-02
-1.6524e-01
-3.3221e-01
-7.3626e-02
-1.8864e-01
-2.8733e-01
-8.7249e-03
-2.8658e-03
-1.7138e-01
-3.7841e-01
-2.7582e-01
-4.7870e-03
-1.0823e-01
-7.8576e-02
-5.5796e-01
-2.8735e-03
-3.9278e-02
-2.9304e-03
-4.3776e-03
-4.0778e-01
-4.8773e-03
-4.5568e-03
-1.3328e-02
-9.6193e-02
-4.7963e-03
-1.6858e-01
-7.1198e-01
-1.8587e-03
-5.5282e-01
-2.9619e-01
-4.9812e-03
-4.5960e-01
-3.6741e-04
-3.9956e-03
-6.6632e-01
-4.6231e-01
-7.3808e-02
-3.4102e-03
-1.9610e-01
-4.1342e-01
-4.6741e-01
-1.7926e-02
-7.2950e-01
-3.3892e-01
-3.8839e-01
-4.9415e-02
-5.6047e-01
-1.8963e-02
-2.1285e-01
-1.1158e-01
-1.6464e-01
-3.6806e-02
-8.8370e-02
-4.9528e-03
-6.5927e-02
-5.1668e-01
-1.0616e-02
-5.4947e-01
-2.5737e-01
-3.4747e-03
-7.5275e-02
-3.3000e-01
-9.9379e-04
-4.5435e-02
-4.9358e-03
-3.1856e-03
-2.6421e-04
-1.8054e-01
-3.6704e-01
-4.9181e-03
-5.0274e-01
-1.1714e-03
-2.2188e-01
-3.0252e-02
-5.3676e-02
-1.0109e-01
-1.9180e-02
-1.3123e-01
-3.4112e-01
-3.4517e-03
-1.3536e-02
-2.1599e-01
-8.9346e-02
-1.5695e-02
-3.9633e-03
-3.3444e-02
-3.2254e-03
-7.1701e-01
-4.8979e-03
-2.7024e-02
-1.0652e-03
-1.1485e-01
-7.5752e-03
-4.8425e-03
-1.4280e-01
-3.7325e-02
-4.6898e-03
-2.6051e-02
-1.6634e-02
-1.5353e-01
-4.9245e-03
-1.2739e-01
-9.7308e-02
-5.2453e-01
-8.7941e-02
-6.7328e-02
-7.1674e-02
-1.9740e-01
-1.2312e-02
-6.1937e-01
-1.2049e-03
-1.4047e-02
-2.2384e-01
-4.2374e-01
-2.2397e-03
-1.1308e-01
-2.6513e-01
-4.9156e-03
-4.9824e-03
-7.5382e-02
-4.3061e-01
-7.2930e-02
-4.2311e-02
-2.1925e-01
-9.8412e-04
-2.6578e-01
-2.4919e-01
-3.7097e-01
-6.6523e-01
-1.0514e-01
-6.3885e-01
-6.7701e-01
-2.2915e-01
-3.1063e-03
-9.0816e-02
-1.5732e-01
-6.3152e-01
-3.7861e-03
-1.6597e-02
-6.2543e-01
-3.7927e-01
-8.1554e-02
-2.2762e-01
-4.9267e-04
-2.2708e-01
-3.1706e-01
-1.9211e-03
-6.6491e-01
-1.3798e-02
-4.8877e-03
-6.7094e-02
-4.4449e-02
-2.6786e-02
-2.0002e-01
-1.8496e-03
-1.2979e-01
-1.0170e-01
-1.0096e-02
-5.2273e-01
-4.8775e-03
-4.0736e-01
-1.7320e-01
-1.1776e-01
-5.4414e-02
-1.2235e-01
-2.0635e-01
-7.0489e-01
-1.7277e-03
-5.6939e-01
-6.0237e-01
-4.7930e-03
-5.7433e-01
-5.1790e-01
-1.6089e-02
-4.2368e-03
-6.2289e-01
-4.6300e-03
-4.2626e-03
-5.2895e-01
-3.9976e-02
-3.8463e-01
-6.0940e-01
-4.7691e-03
-1.3582e-01
-4.3625e-03
-1.1976e-01
-1.9006e-01
-1.1990e-01
-2.2407e-02
-4.0918e-01
-5.3284e-01
-7.3096e-03
-3.7406e-01
-3.2440e-03
-4.7066e-01
-1.8602e-01
-4.5320e-02
-4.1055e-01
-9.9579e-03
-3.1284e-03
-7.3509e-03
-7.3330e-01
-2.4478e-01
-2.5267e-01
-1.4864e-01
-1.5754e-02
-6.9097e-01
-1.0987e-01
-1.9878e-01
-8.0365e-02
-2.1398e-01
-4.9943e-03
-1.1120e-01
-3.7511e-03
-5.1135e-02
-5.4731e-01
-1.7468e-03
-1.5333e-03
-3.2786e-02
-5.2359e-02
-3.8982e-02
-4.9721e-03
-1.2749e-03
-4.2886e-03
-3.9775e-01
-7.9562e-04
-2.6133e-03
-8.7670e-02
-8.1297e-02
-7.0047e-01
-4.2518e-02
-1.2148e-01
-1.2508e-01
-1.0443e-01
-6.5401e-01
-4.6121e-01
-3.6478e-01
-4.9019e-03
-2.1040e-03
-4.5195e-01
-4.5267e-01
-9.4722e-02
-4.9573e-02
-4.9783e-01
-3.6129e-01
-1.5538e-01
-4.7999e-03
-3.0844e-01
-9.4281e-04
-3.2008e-02
-5.0060e-01
-5.0766e-01
-5.3687e-01
-8.8784e-03
-5.8822e-01
-8.3328e-02
-2.6042e-01
-2.0285e-01
-3.2929e-02
-7.1542e-01
-1.3532e-02
-1.6019e-01
-2.4217e-03
-4.9531e-03
-1.6730e-03
-5.5559e-02
-4.3256e-01
-2.0278e-01
-1.3514e-01
-8.0558e-02
-1.7792e-03
-3.5272e-01
-4.5329e-01
-1.3501e-01
-2.4172e-02
-5.9501e-01
-5.9471e-05
-8.6062e-02
-6.0165e-02
-3.1349e-03
-1.9693e-03
-6.1733e-01
-3.7271e-01
-7.4517e-02
-1.5094e-01
-4.2841e-01
-2.9562e-02
-1.8188e-03
-2.7355e-03
-6.1923e-01
-7.5967e-04
-6.4919e-03
-4.1389e-03
-6.4665e-01
-3.9403e-01
-1.1839e-01
-3.0085e-01
-2.7925e-01
-4.7365e-01
-1.8356e-01
-9.6657e-04
-7.0111e-01
-5.3238e-01
-2.0880e-01
-5.9590e-01
-3.0564e-02
-5.1609e-01
-8.2583e-02
-3.1521e-01
-1.6752e-01
-2.7789e-04
-3.4122e-02
-9.6644e-02
-2.6940e-02
-3.8784e-03
-6.1822e-01
-5.1153e-01
-2.9910e-03
-6.4147e-01
-6.6903e-02
-7.2055e-01
-1.1053e-01
-2.8881e-03
-3.5443e-01
-6.6106e-02
-9.2971e-02
-4.7519e-03
-4.5030e-03
-5.0491e-02
-8.1332e-02
-1.3812e-01
-2.1676e-02
-4.4555e-03
-4.7723e-03
-4.1875e-02
-2.4159e-01
-8.9639e-04
-2.3611e-01
-5.5727e-02
-3.7444e-03
-4.9980e-02
-2.4956e-01
-4.8038e-03
-2.3032e-01
-7.7649e-02
-5.4268e-03
-1.3854e-01
-4.7732e-01
-5.5684e-01
-5.0000e-03
-5.1227e-01
-3.9625e-01
-3.9856e-03
-3.7916e-03
-1.6413e-01
-4.9732e-03
-2.4301e-02
-3.9374e-01
-2.2459e-04
-2.0118e-03
-1.4619e-01
-2.1756e-02
-9.5199e-02
-4.9859e-03
-5.2941e-01
-4.8908e-03
-3.2900e-01
-3.6718e-01
-1.2854e-01
-5.9838e-01
-3.1416e-01
-4.6951e-03
-4.3446e-01
-1.9969e-01
-7.9760e-02
-1.8148e-02
-6.7796e-02
-3.0923e-01
-3.2119e-02
-1.0317e-01
-2.6871e-01
-6.6038e-02
-7.1364e-02
-2.2419e-01
-3.4987e-03
-5.3344e-01
-6.9767e-03
-2.3171e-01
-1.6937e-02
-3.1251e-01
-3.9754e-02
-2.1481e-01
-1.6666e-01
-3.1356e-02
-9.8694e-02
-3.5740e-02
-4.0134e-01
-4.8610e-01
-1.7067e-03
-2.0009e-02
-2.0303e-01
-3.1899e-03
-5.6268e-01
-5.6012e-02
-4.3540e-02
-5.6618e-02
-2.2793e-01
-4.9941e-02
-5.1203e-01
-4.0362e-01
-2.5353e-01
-2.1790e-01
-3.2616e-02
-2.0519e-01
-4.4965e-01
-6.8111e-01
-4.7651e-03
-9.0974e-02
-6.9554e-01
-7.0170e-01
-2.6245e-03
-2.0930e-01
-4.5600e-01
-1.5168e-01
-2.3253e-01
-2.3534e-01
-4.3650e-03
-1.5034e-03
-5.7654e-02
-7.0629e-01
-5.1556e-01
-1.6812e-01
-4.4115e-01
-1.1177e-03
-1.3055e-01
-7.1180e-02
-4.8098e-03
-1.4084e-02
-5.4135e-01
-5.6068e-01
-6.1045e-01
-2.0650e-03
-4.6690e-01
-3.1431e-02
-1.7723e-04
-4.8400e-03
-3.1456e-01
-3.8496e-04
-1.8767e-01
-5.5521e-01
-4.9999e-03
-4.3494e-01
-4.4895e-03
-1.7091e-01
-4.7987e-03
-5.9860e-01
-1.8671e-01
-4.6692e-03
-6.8234e-02
-1.8516e-02
-1.3646e-01
-2.6665e-01
-1.7267e-01
-4.2667e-01
-2.3233e-01
-5.2312e-02
-2.4666e-02
-4.9117e-03
-1.5884e-02
-5.5139e-02
-3.3746e-01
-4.8572e-03
-2.7381e-01
-4.5476e-03
-3.2409e-01
-1.2197e-01
-1.7217e-01
-1.3451e-01
-4.8345e-03
-1.4211e-01
-1.7387e-02
-7.0116e-01
-1.9588e-01
-6.2730e-02
-1.8951e-01
-2.1050e-01
-1.6876e-02
-2.3392e-01
-6.0376e-01
-7.8750e-02
-5.3719e-01
-1.8581e-03
-1.2751e-01
-3.6631e-01
-6.2322e-01
-4.2901e-01
-2.3106e-01
-1.6584e-01
-4.7575e-03
-7.9054e-02
-6.1328e-01
-8.7713e-04
-1.3407e-01
-4.0644e-02
-3.4524e-01
-1.1775e-04
-4.9203e-03
-5.0000e-03
-4.9890e-03
-1.1187e-01
-6.7962e-01
-6.2206e-01
-1.4546e-01
-4.5038e-01
-1.7240e-01
-2.1889e-02
-5.8464e-01
-6.7930e-02
-5.6280e-03
-2.3454e-01
-2.7731e-02
-4.6631e-03
-7.0234e-01
-3.5589e-01
-5.1476e-01
-4.8104e-03
-3.8830e-01
-5.1445e-01
-4.9558e-01
-1.6598e-01
-5.3110e-02
-2.0438e-02
-2.6977e-01
-6.5505e-01
-1.7472e-02
-7.1848e-02
-5.8228e-02
-2.2482e-01
-1.6991e-01
-4.9966e-03
-2.2063e-01
-1.5936e-01
-5.0040e-01
-5.9005e-02
-4.6434e-03
-6.9896e-02
-3.0984e-03
-1.1176e-02
-2.2278e-01
-1.9912e-02
-2.5623e-02
-1.3728e-01
-1.3103e-02
-4.9707e-01
-5.5177e-01
-2.9587e-02
-6.9858e-04
-5.5469e-03
-3.9564e-02
-4.5652e-03
-1.7421e-01
-4.7345e-03
-7.1390e-01
-1.3234e-03
-1.2741e-01
-4.0885e-02
-2.9159e-01
-3.2655e-01
-4.3954e-01
-3.7234e-03
-3.5414e-03
-7.7794e-02
-4.5719e-01
-1.9942e-01
-1.2840e-01
-2.6890e-01
-2.4233e-03
-2.9352e-02
-2.2367e-02
-1.3029e-01
-5.0710e-01
-2.8830e-01
-4.5614e-01
-6.3640e-03
-4.1111e-03
-3.9259e-03
-3.8485e-01
-6.1220e-02
-2.6611e-01
-2.5994e-02
-6.3471e-02
-4.9358e-01
-3.9448e-03
-4.3180e-03
-4.9490e-03
-2.5363e-01
-5.5671e-01
-3.2607e-01
-1.5312e-01
-2.7664e-01
-6.0317e-01
-1.8517e-01
-5.7756e-01
-6.5531e-02
-5.8007e-01
-4.9310e-01
-5.7942e-01
-4.4654e-01
-1.4253e-02
-7.7708e-03
-1.1885e-01
-5.5970e-01
-2.7977e-01
-1.0470e-02
-2.5669e-01
-3.5923e-03
-1.7806e-02
-1.5853e-01
-4.1034e-01
-2.8648e-01
-6.2088e-04
-4.0517e-01
-1.8143e-01
-2.7710e-03
-8.6182e-02
-2.4214e-03
-4.6404e-01
-4.3487e-01
-2.5933e-01
-2.8295e-01
-7.7247e-03
-1.9691e-03
-3.8047e-01
-2.2123e-01
-6.1082e-01
-5.2689e-01
-5.1722e-01
-4.8222e-03
-3.2190e-01
-6.9360e-02
-1.6132e-01
-5.2877e-01
-4.6674e-03
-4.4620e-01
-1.7311e-01
-1.5608e-01
-1.9135e-01
-4.4932e-03
-4.5690e-03
-3.9951e-01
-6.9752e-01
-8.4976e-02
-2.0199e-03
-6.7083e-01
-6.7944e-01
-1.5196e-01
-2.3615e-01
-2.5858e-03
-1.8624e-01
-1.0395e-01
-3.5799e-02
-3.1484e-01
-2.6875e-03
-8.4589e-02
-2.7255e-01
-6.4117e-01
-3.5694e-01
-1.8199e-02
-3.5679e-01
-2.9899e-02
-6.2417e-04
-1.3592e-01
-5.5232e-01
-6.0679e-01
-1.5783e-03
-3.1319e-01
-1.4955e-01
-1.5165e-02
-4.6768e-02
-1.0202e-03
-1.5477e-02
-5.7133e-02
-1.9570e-01
-7.2519e-01
-3.3921e-01
-2.8143e-01
-2.2157e-01
-3.0282e-03
-3.4195e-01
-5.2181e-02
-1.0339e-01
-6.4030e-01
-1.5335e-02
-5.8865e-01
-3.6604e-03
-7.7408e-02
-4.4954e-02
-3.0617e-03
-4.7159e-01
-1.7981e-01
-1.5746e-03
-4.4805e-01
-1.8656e-01
-2.7898e-01
-4.4082e-01
-4.2462e-01
-6.8017e-02
-6.1016e-02
-4.6933e-01
-7.8148e-03
-8.7608e-02
-6.4471e-01
-4.8849e-01
-4.5794e-01
-1.8176e-01
-6.4876e-02
-1.2606e-01
-1.0830e-02
-3.0781e-03
-6.9288e-01
-2.2577e-02
-2.8572e-01
-1.0765e-02
-4.4713e-03
-1.3257e-01
-3.1105e-03
-4.8835e-03
-5.4669e-01
-1.8441e-01
-4.9038e-03
-1.9191e-01
-4.9913e-03
-7.3186e-02
-5.5345e-01
-3.8205e-02
-8.0295e-02
-4.8674e-03
-2.8535e-01
-6.8241e-01
-1.3704e-01
-4.0507e-03
-3.4989e-01
-1.4512e-01
-6.0506e-01
-4.8819e-03
-1.5596e-01
-7.7845e-02
-6.3215e-02
-1.1941e-01
-2.7338e-01
-2.8430e-01
-5.0005e-04
-4.0952e-03
-4.6608e-01
-2.9985e-01
-2.6665e-03
-2.2610e-03
-4.9312e-03
-1.9897e-03
-5.3180e-01
-8.3675e-02
-1.4690e-01
-1.3160e-01
-2.1071e-01
-4.3733e-01
-5.4786e-03
-7.0082e-01
-1.1504e-01
-1.9737e-01
-2.3072e-01
-2.7239e-03
-3.6602e-01
-7.3353e-02
-4.0582e-03
-1.2994e-02
-2.5755e-01
-2.7914e-02
-7.0564e-01
-3.2867e-01
-4.1225e-01
-7.0574e-04
-2.5966e-01
-5.2675e-01
-5.9701e-01
-2.3607e-03
-1.9468e-01
-5.0566e-04
-2.6619e-03
-1.0917e-02
-5.0081e-03
-6.9020e-02
-7.8627e-02
-2.0941e-03
-2.7555e-01
-1.2390e-03
-4.9509e-03
-6.9947e-01
-4.7637e-03
-8.8289e-02
-3.3413e-01
-2.6237e-01
-7.7939e-02
-1.1731e-02
-1.6967e-01
-4.2244e-01
-4.0473e-03
-1.1062e-01
-7.2597e-02
-3.8076e-03
-6.8522e-02
-3.1597e-01
-1.9682e-01
-3.4510e-01
-4.2831e-01
-4.9997e-03
-6.6447e-01
-2.0565e-03
-1.1047e-01
-2.9199e-03
-2.3238e-03
-4.7197e-01
-5.6673e-02
-3.0110e-02
-4.2953e-03
-3.9512e-01
-1.5923e-01
-4.3916e-03
-4.6922e-01
-5.5120e-01
-5.7262e-03
-1.4417e-01
-3.8708e-01
-1.6188e-01
-2.9811e-02
-4.5885e-02
-5.0528e-01
-1.7001e-02
-5.6249e-02
-1.9893e-01
-3.3056e-01
-5.5614e-01
-3.6651e-03
-6.3263e-03
-4.3629e-01
-2.0566e-01
-6.2030e-03
-4.3959e-02
-1.1615e-03
-5.3207e-01
-1.3431e-03
-2.1835e-01
-4.6190e-01
-2.7648e-01
-2.7370e-01
-1.9070e-01
-3.3693e-01
-3.0557e-03
-2.5479e-03
-1.0200e-01
-1.8815e-03
-7.9305e-02
-5.6829e-02
-4.3980e-03
-6.4820e-02
-3.2963e-02
-2.9832e-01
-4.9899e-01
-1.4631e-01
-2.8768e-02
-2.0205e-02
-4.4589e-03
-4.9801e-03
-3.0707e-03
-1.9167e-01
-9.3087e-02
-4.0801e-01
-4.3422e-01
-4.9956e-03
-5.2930e-02
-3.2157e-04
-1.8290e-03
-3.8162e-02
-4.4639e-03
-1.2199e-02
-4.6171e-02
-1.9444e-01
-6.0210e-01
-2.4319e-02
-3.8871e-01
-3.6358e-02
-5.8545e-01
-2.0497e-01
-6.0433e-01
-3.7470e-02
-4.7433e-01
-2.2213e-01
-1.1627e-03
-1.3701e-02
-9.5843e-02
-3.3315e-01
-1.6395e-01
-2.0603e-01
-4.1463e-01
-2.7091e-02
-5.9531e-01
-6.7894e-02
-3.6934e-01
-1.0889e-01
-2.7950e-01
-2.8933e-01
-3.6680e-01
-6.0960e-02
-3.8298e-03
-2.3375e-01
-4.1298e-01
-9.4952e-02
-4.8445e-03
-1.1138e-01
-7.0295e-01
-3.0764e-01
-2.6883e-01
-1.0701e-02
-2.8109e-01
-3.2026e-01
-1.9750e-02
-1.9152e-01
-8.7372e-02
-2.3225e-03
-6.0651e-02
-1.9604e-03
-5.8846e-01
-4.9810e-01
-4.9177e-03
-3.0693e-02
-4.9085e-03
-1.4251e-01
-1.1256e-01
-2.0306e-03
-5.3458e-02
-2.9084e-02
-5.2894e-02
-6.2023e-01
-1.9996e-03
-1.0280e-01
-6.0440e-02
-1.0232e-01
-4.6079e-01
-1.3245e-01
-2.6113e-03
-1.4270e-03
-5.3542e-01
-1.6008e-02
-5.2712e-02
-3.5529e-01
-2.1290e-01
-4.2733e-03
-7.1360e-01
-4.9227e-01
-2.3494e-01
-2.0091e-01
-5.2077e-01
-4.2709e-02
-5.3663e-01
-2.1777e-01
-4.1137e-02
-3.1437e-01
-2.2524e-01
-3.0727e-03
-2.2025e-01
-1.9602e-03
-7.4075e-02
-2.1474e-01
-2.4448e-03
-2.1352e-01
-5.5840e-01
-1.1102e-03
-7.0868e-01
-4.1984e-03
-1.7068e-02
-1.4561e-04
-6.0293e-02
-1.8395e-01
-4.4808e-03
-4.3451e-02
-4.4163e-03
-1.4130e-01
-4.6888e-01
-3.5174e-02
-3.0037e-02
-3.7193e-03
-4.0872e-01
-5.8239e-03
-1.9898e-01
-6.7779e-01
-3.2208e-01
-2.3905e-03
-3.1023e-01
-1.1024e-01
-8.3617e-02
-3.0577e-01
-4.9673e-03
-3.5524e-03
-7.9625e-02
-9.5262e-02
-5.2906e-01
-3.6910e-03
-8.4133e-02
-9.8139e-02
-3.1888e-01
-4.3497e-03
-3.6518e-01
-2.0349e-01
-6.1633e-01
-8.9854e-03
-2.9561e-01
-1.9829e-03
-1.9338e-01
-3.2534e-01
-7.2744e-04
-3.0190e-01
-7.1655e-01
-6.8200e-01
-6.4798e-01
-3.6870e-01
-1.3213e-01
-1.9712e-01
-4.2519e-03
-4.4563e-01
-8.9168e-03
-1.1216e-01
-2.8571e-04
-7.0947e-01
-3.1211e-02
-9.9019e-05
-1.2115e-03
-2.0944e-05
-3.1581e-01
-1.5513e-01
-2.0053e-03
-2.7276e-02
-2.6142e-01
-3.6106e-02
-3.6946e-03
-5.9327e-02
-4.1724e-03
-3.6567e-01
-6.3103e-01
-4.9097e-03
-5.0146e-02
-6.7221e-01
-4.8551e-03
-1.8377e-01
-5.0556e-01
-3.6787e-01
-2.0463e-01
-4.0434e-01
-7.0200e-02
-7.1084e-02
-2.3778e-01
-9.5649e-02
-7.5634e-02
-4.5191e-02
-4.6925e-03
-3.8030e-01
-1.9490e-03
-4.2756e-02
-2.1958e-01
-2.1923e-03
-1.7680e-01
-8.1560e-02
-1.6944e-03
-4.5574e-01
-3.1795e-02
-4.9785e-03
-2.2885e-01
-6.8555e-01
-4.6529e-01
-4.5298e-01
-5.2598e-01
-1.2455e-01
-3.8700e-03
-9.0994e-02
-1.5326e-01
-7.2856e-01
-6.4838e-01
-4.6369e-02
-5.7720e-02
-2.3610e-03
-4.4085e-03
-5.6582e-01
-6.5129e-01
-3.3206e-01
-5.5910e-01
-2.3338e-01
-3.2280e-01
-2.7052e-02
-3.5002e-01
-1.2810e-03
-3.9631e-02
-1.8418e-02
-4.9733e-01
-4.1118e-05
-6.9115e-01
-4.8941e-03
-2.6381e-01
-6.2988e-02
-9.0623e-04
-4.7099e-02
-4.8166e-01
-4.6499e-03
-3.4035e-02
-6.9530e-01
-1.1668e-01
-2.9488e-02
-2.1367e-03
-1.2676e-01
-5.8627e-01
-4.9700e-03
-4.4815e-02
-1.6046e-01
-4.4978e-01
-2.5241e-01
-4.4752e-02
-2.2111e-02
-7.2086e-01
-1.6400e-03
-1.4135e-03
-3.1079e-01
-3.6167e-03
-3.7531e-01
-1.0742e-01
-1.9963e-01
-9.4650e-03
-2.9217e-01
-1.7361e-01
-2.0127e-03
-1.3331e-01
-1.6342e-01
-9.0680e-02
-6.9924e-01
-2.5453e-01
-4.4707e-02
-4.0112e-02
-1.2445e-01
-5.1185e-01
-1.9541e-02
-1.2300e-02
-4.0662e-03
-7.1266e-01
-7.0225e-02
-1.8332e-02
-1.7366e-03
-5.9980e-01
-3.7010e-02
-7.1451e-02
-5.0673e-03
-1.4164e-01
-3.7395e-01
-2.9249e-01
-7.8022e-04
-1.0063e-01
-4.7394e-01
-1.3967e-01
-1.9821e-01
-1.2177e-01
-3.6735e-03
-1.3438e-03
-5.2376e-01
-4.7643e-02
-4.9406e-03
-5.1378e-01
-1.9775e-01
-4.8525e-01
-3.2828e-02
-6.3513e-01
-4.7970e-01
-4.6245e-04
-2.8646e-03
-9.2341e-03
-2.5848e-01
-8.8649e-02
-2.3323e-01
-6.6758e-01
-7.5430e-02
-1.6733e-01
-4.7473e-01
-4.0017e-03
-2.6437e-02
-1.2597e-03
-6.6910e-01
-5.1580e-02
-6.3316e-01
-8.2913e-04
-6.1978e-01
-3.9988e-01
-4.3110e-02
-3.8836e-03
-2.9781e-03
-5.0418e-02
-5.0948e-04
-3.8104e-03
-3.6330e-02
-1.2691e-02
-5.6393e-03
-2.6735e-02
-9.6303e-02
-3.0265e-01
-1.3914e-02
-6.2556e-02
-1.7887e-03
-5.0184e-03
-2.6601e-01
-5.2437e-01
-4.4592e-01
-5.3370e-01
-1.8266e-02
-1.4927e-01
-3.7731e-01
-3.0318e-01
-4.3231e-01
-2.5620e-03
-2.8951e-01
-7.1080e-01
-1.7869e-02
-4.9968e-03
-1.0934e-01
-3.8840e-02
-1.0408e-01
-9.9349e-02
-1.0086e-01
-2.7161e-01
-6.9491e-01
-7.4408e-02
-7.8861e-02
-5.3222e-02
-3.8087e-01
-5.0858e-01
-7.3086e-02
-1.5046e-01
-3.1847e-02
-6.2423e-01
-5.6512e-01
-4.9306e-03
-4.0491e-01
-3.7567e-01
-1.2383e-01
-4.8137e-01
-1.0868e-01
-2.6171e-02
-5.3420e-02
-3.4432e-03
-4.6555e-01
-1.6709e-01
-1.8703e-01
-3.0700e-01
-2.4729e-01
-2.1999e-01
-2.8963e-02
-5.2180e-01
-8.0247e-02
-4.1436e-01
-4.1028e-02
-1.2422e-01
-1.0061e-01
-2.8501e-03
-2.2717e-03
-5.6786e-01
-1.0635e-01
-3.8362e-01
-2.0769e-02
-3.6964e-01
-6.1667e-01
-6.2251e-01
-1.9534e-01
-3.1240e-01
-1.9230e-01
-2.0425e-01
-1.1695e-03
-1.3390e-02
-7.3008e-01
-4.3777e-01
-3.4561e-01
-3.2676e-01
-4.3281e-01
-9.0531e-02
-4.2390e-01
-4.4465e-01
-4.6587e-01
-4.1832e-01
-1.1295e-04
-2.5182e-01
-4.6595e-03
-2.4990e-01
-1.5063e-01
-3.4765e-02
-1.5813e-01
-1.5206e-02
-4.9267e-03
-4.7687e-05
-4.3755e-01
-1.5705e-01
-4.8473e-03
-9.4246e-03
-6.0906e-01
-8.6269e-04
-4.2447e-03
-2.9969e-01
-4.9322e-03
-1.1824e-01
-3.7051e-02
-1.0117e-03
-4.7929e-01
-2.5813e-04
-8.4535e-02
-7.4799e-03
-1.6544e-01
-1.6471e-01
-1.8583e-01
-3.5077e-03
-7.2811e-01
-2.1225e-01
-2.2223e-02
-4.5751e-01
-3.3528e-01
-4.6109e-03
-6.4910e-01
-8.5743e-02
-5.7690e-01
-3.7681e-01
-1.8083e-01
-1.2890e-02
-6.1850e-02
-2.9617e-03
-8.1129e-02
-2.8538e-03
-6.5333e-01
-2.4522e-01
-9.5445e-04
-3.0022e-03
-2.5380e-01
-1.0551e-01
-4.3549e-03
-4.5762e-01
-1.2212e-01
-6.8684e-01
-7.6897e-03
-4.9240e-01
-1.2009e-01
-4.7343e-01
-4.5806e-02
-8.5712e-03
-1.6940e-01
-1.0890e-03
-5.0490e-01
-6.2927e-01
-2.0414e-01
-1.1410e-03
-5.3069e-03
-1.0978e-01
-4.7629e-03
-2.4591e-01
-3.9775e-04
-3.6365e-03
-2.9528e-01
-4.4293e-03
-4.0266e-01
-1.3546e-03
-2.3595e-01
-4.8237e-03
-1.1040e-01
-2.1686e-01
-1.7787e-03
-2.9600e-01
-5.3440e-01
-3.0149e-02
-2.3356e-03
-8.2981e-02
-1.7761e-01
-2.6389e-01
-2.8501e-01
-9.8763e-03
-2.7394e-02
-4.6972e-03
-1.2163e-01
-6.5709e-01
-1.1565e-01
-2.6926e-01
-4.1935e-02
-7.3708e-02
-3.2987e-02
-4.2344e-01
-6.4320e-02
-3.9921e-02
-4.1664e-01
-1.4024e-01
-3.0527e-01
-1.1446e-02
-7.0786e-01
-5.9059e-01
-2.1668e-03
-2.4120e-01
-3.9519e-01
-4.9450e-03
-6.1699e-01
-7.1843e-01
-3.5234e-03
-2.2500e-01
-9.2042e-02
-4.9613e-03
-4.6955e-01
-1.8919e-03
-2.2014e-03
-9.8021e-02
-1.1227e-01
-6.5007e-02
-4.9256e-03
-1.5446e-03
-4.2171e-03
-8.8818e-02
-3.1349e-01
-2.0820e-02
-6.6165e-01
-7.2958e-01
-5.8790e-01
-2.5960e-03
-5.1097e-01
-7.1005e-04
-3.9847e-03
-3.0545e-01
-6.2130e-01
-5.6406e-01
-2.2158e-02
-6.8176e-02
-3.9044e-01
-7.4159e-02
-4.0077e-03
-6.6587e-01
-6.1623e-02
-2.0039e-01
-4.6182e-03
-4.9007e-03
-9.1860e-02
-1.3600e-01
-1.4897e-01
-1.5623e-01
-4.9474e-03
-1.4121e-01
-7.2468e-03
-1.8826e-01
-1.2875e-02
-6.4745e-01
-3.5235e-02
-4.3160e-01
-8.9643e-02
-2.4536e-03
-2.3954e-02
-4.8744e-03
-8.7160e-02
-6.8310e-01
-3.2643e-02
-8.4060e-03
-3.1451e-03
-6.9617e-02
-6.2853e-01
-1.4042e-03
-3.6888e-03
-6.1107e-02
-2.9460e-01
-1.7251e-01
-5.2545e-01
-3.2168e-01
-4.7408e-01
-4.4188e-01
-2.6643e-02
-4.3941e-03
-1.5336e-01
-2.1952e-01
-6.3230e-01
-1.4161e-02
-1.7562e-02
-3.5355e-01
-2.1730e-01
-3.8568e-02
-2.1127e-01
-2.0410e-02
-7.7116e-04
-6.3820e-01
-4.6876e-03
-2.5227e-03
-4.8272e-03
-1.6883e-03
-3.8985e-01
-4.7811e-03
-3.3568e-01
-1.9359e-03
-6.8115e-01
-4.9856e-01
-3.5301e-01
-5.1198e-02
-4.1994e-01
-5.6996e-01
-1.9807e-01
-6.7771e-01
-9.1982e-04
-4.9660e-01
-4.8802e-03
-5.5646e-01
-4.7106e-01
-7.2817e-02
-3.5365e-01
-3.0743e-01
-2.1456e-01
-6.5963e-01
-4.7671e-02
-1.8059e-02
-8.0678e-03
-6.2884e-01
-2.4597e-02
-2.4740e-03
-3.4025e-01
-5.7202e-01
-8.3056e-03
-4.7542e-01
-3.5872e-01
-4.0446e-01
-9.6072e-02
-3.5813e-01
-3.4067e-02
-2.5082e-01
-2.4905e-01
-1.2465e-01
-1.7518e-03
-2.7843e-01
-7.7990e-02
-8.5051e-02
-2.8099e-01
-5.5997e-01
-8.0510e-02
-4.5467e-02
-2.8157e-01
-8.2086e-02
-3.0183e-03
-2.5780e-01
-6.5839e-02
-3.1917e-01
-4.1063e-01
-4.4930e-01
-1.5563e-01
-2.0960e-02
-3.0369e-02
-6.0933e-04
-1.7202e-01
-7.0209e-01
-1.2627e-01
-4.8491e-01
-9.1255e-03
-1.7999e-01
-1.0451e-02
-1.9426e-01
-1.7453e-01
-2.9698e-01
-4.1081e-01
-3.3495e-03
-4.0525e-03
-3.9695e-03
-6.2952e-01
-3.4189e-02
-4.5509e-03
-4.7527e-01
-4.4923e-01
-4.3661e-03
-1.0525e-01
-3.0284e-01
-4.0743e-02
-2.5809e-02
-1.8734e-03
-5.1068e-02
-1.3608e-02
-2.7587e-01
-6.1688e-04
-2.5021e-01
-1.8893e-01
-4.8754e-02
-3.7569e-01
-2.9082e-03
-1.1485e-02
-3.8235e-03
-4.8439e-01
-5.8335e-02
-4.2259e-03
-2.4476e-03
-3.3696e-03
-9.9401e-03
-4.5014e-03
-3.0393e-03
-3.4106e-01
-7.1752e-02
-6.1995e-01
-2.6968e-01
-1.8908e-01
-3.3434e-01
-4.8659e-03
-2.3945e-01
-5.4055e-02
-8.0543e-03
-1.2237e-03
-3.1563e-01
-1.7206e-02
-7.6471e-02
-1.7850e-01
-2.2304e-01
-3.7104e-02
-8.3239e-02
-5.7786e-01
-1.1760e-01
-1.2092e-01
-5.0526e-02
-4.5838e-01
-6.9067e-01
-5.5260e-01
-1.8154e-03
-3.9429e-01
-6.9443e-01
-1.4757e-01
-6.3792e-01
-2.4633e-01
-6.3746e-01
-1.1085e-02
-9.4257e-02
-6.4885e-01
-4.3408e-01
-5.9421e-01
-1.3288e-03
-1.6829e-02
-2.9624e-01
-1.2956e-01
-1.6710e-02
-4.7780e-01
-1.6829e-01
-5.1518e-01
-4.7482e-02
-1.0487e-01
-7.1659e-03
-5.5787e-01
-4.1945e-02
-5.9345e-03
-1.7172e-04
-3.5663e-03
-4.9963e-03
-1.3866e-01
-5.6304e-01
-4.2758e-03
-6.2085e-02
-1.5909e-02
-2.6827e-01
-2.6038e-03
-1.7815e-01
-3.7284e-02
-2.8069e-01
-2.9714e-03
-4.3220e-01
-4.4163e-01
-2.1497e-01
-1.0850e-02
-4.3888e-01
-5.4055e-01
-7.0769e-01
-2.3647e-01
-3.2352e-01
-4.6981e-02
-1.6499e-03
-6.5839e-01
-4.1747e-02
-6.5686e-01
-4.8896e-03
-5.2734e-01
-1.1557e-01
-1.3412e-01
-6.0546e-01
-3.8527e-03
-6.6989e-01
-3.6837e-03
-1.4565e-01
-5.7120e-01
-4.2686e-03
-3.1155e-01
-1.3956e-03
-2.6712e-01
-1.2698e-01
-4.2596e-01
-4.4538e-03
-4.0628e-02
-3.8540e-01
-5.6964e-01
-4.8371e-03
-3.6481e-03
-2.8058e-02
-2.2119e-03
-1.2331e-01
-7.0864e-03
-3.9060e-02
-6.0338e-01
-7.1239e-01
-5.4873e-01
-2.2845e-01
-5.9385e-01
-4.6323e-01
-6.5867e-01
-5.1279e-02
-4.3615e-01
-4.7272e-04
-1.0299e-01
-4.7211e-02
-1.7005e-01
-2.8728e-01
-1.9116e-03
-2.0557e-03
-3.0439e-01
-6.8903e-03
-2.5031e-01
-1.3781e-01
-6.2680e-02
-2.4060e-02
-2.0971e-01
-5.8390e-01
-3.5058e-05
-2.3984e-03
-4.8658e-01
-3.8373e-03
-5.4376e-01
-6.5328e-03
-2.4080e-01
-9.8398e-02
-2.8264e-01
-6.9254e-01
-4.8327e-01
-3.3693e-02
-1.9044e-01
-4.2771e-01
-1.5741e-01
-1.6894e-01
-4.0382e-01
-1.9902e-04
-2.4624e-03
-3.2679e-03
-6.8148e-01
-6.6207e-01
-6.5807e-02
-1.4832e-01
-8.1975e-03
-1.5225e-01
-3.1931e-03
-5.4976e-01
-4.7906e-03
-6.0197e-01
-6.5520e-04
-5.0286e-01
-5.2051e-02
-5.5460e-02
-2.1050e-02
-1.5240e-03
-9.3177e-04
-1.4305e-01
-4.6033e-03
-3.7454e-01
-2.5581e-02
-3.5549e-02
-1.6400e-01
-9.4143e-02
-6.3391e-01
-3.7156e-01
-3.1078e-02
-1.6757e-02
-7.2900e-01
-3.3973e-03
-3.2175e-02
-5.2593e-03
-3.6498e-02
-2.0226e-02
-4.4498e-01
-4.1668e-03
-1.0315e-01
-1.5370e-01
-5.4610e-01
-2.3720e-03
-2.9315e-01
-1.2771e-01
-7.3187e-01
-2.0884e-02
-1.6915e-03
-3.4167e-01
-1.1290e-01
-4.1915e-01
-7.1894e-01
-9.0270e-02
-2.6353e-03
-4.3112e-01
-1.6024e-01
-6.5425e-04
-2.1532e-01
-1.8161e-02
-5.6926e-01
-1.5976e-02
-1.0251e-01
-5.1847e-01
-2.7189e-02
-4.8205e-03
-3.3810e-02
-4.5085e-02
-1.9076e-01
-7.3124e-01
-2.0560e-02
-1.5533e-01
-5.0124e-02
-4.0705e-03
-2.1893e-01
-9.6149e-02
-1.6881e-01
-7.5011e-02
-4.7623e-01
-7.2037e-01
-2.1010e-01
-3.0892e-01
-4.1779e-03
-2.2914e-03
-3.7590e-01
-3.4622e-01
-9.9751e-02
-4.0704e-01
-3.6328e-01
-2.2452e-01
-2.0029e-03
-2.9006e-03
-3.9882e-01
-3.1512e-03
-4.8844e-03
-6.9152e-02
-4.0683e-01
-1.9482e-01
-3.1272e-01
-1.8680e-02
-4.5207e-01
-6.7735e-01
-1.5659e-01
-4.9776e-02
-2.7830e-02
-1.0076e-03
-2.4687e-01
-2.9934e-02
-6.0989e-01
-6.7306e-01
-2.1602e-03
-5.4060e-03
-6.5161e-01
-2.9543e-01
-5.0839e-01
-5.5015e-01
-6.9815e-02
-2.2648e-01
-3.3188e-02
-3.3594e-02
-2.3737e-03
-4.9520e-03
-3.1480e-01
-3.0476e-01
-3.1620e-03
-5.9946e-01
-2.1609e-01
-1.8013e-03
-5.5061e-01
-4.5405e-03
-8.5463e-02
-3.8339e-01
-4.6051e-01
-8.1074e-02
-7.5972e-02
-2.0739e-03
-3.1621e-02
-4.3580e-03
-1.3189e-01
-2.9132e-02
-4.2957e-01
-2.9157e-03
-5.9049e-01
-2.5770e-03
-9.2660e-02
-3.4364e-01
-8.7054e-04
-4.9960e-03
-4.6410e-02
-2.9023e-02
-6.7507e-02
-1.0859e-01
-6.9014e-01
-9.0870e-03
-3.7976e-01
-1.6180e-01
-5.2711e-01
-3.8678e-02
-2.3315e-01
-9.7604e-02
-1.6929e-01
-3.7198e-02
-4.7742e-03
-1.8671e-03
-3.9388e-03
-3.7609e-02
-2.8615e-01
-4.6667e-03
-1.4468e-02
-5.0000e-03
-1.1119e-03
-1.7330e-01
-4.2194e-03
-6.4225e-01
-4.0399e-02
-1.5894e-01
-3.1297e-01
-3.6519e-03
-7.2521e-02
-6.3323e-02
-4.5465e-01
-4.9991e-03
-2.7856e-03
-2.8230e-02
-7.3373e-01
-1.7956e-01
-2.7012e-01
-5.6333e-02
-1.8183e-01
-2.1257e-02
-1.9262e-03
-1.5632e-01
-2.7680e-01
-2.7691e-01
-1.1783e-01
-4.9417e-01
-5.0916e-01
-2.6514e-02
-1.9267e-01
-3.1009e-01
-6.0461e-01
-6.5731e-01
-3.2838e-03
-1.8570e-03
-6.7535e-01
-5.5895e-02
-5.9091e-01
-4.3811e-03
-2.4377e-01
-3.4044e-03
-3.9915e-01
-5.2393e-01
-4.5689e-01
-1.0219e-02
-3.9028e-01
-1.2779e-01
-4.3516e-01
-6.5936e-01
-1.3831e-01
-3.2284e-02
-4.6864e-03
-2.4143e-01
-5.3266e-01
-4.9299e-02
-1.8385e-02
-4.1475e-03
-1.6956e-01
-4.5030e-03
-1.6657e-01
-6.6311e-01
-2.7356e-01
-2.4089e-01
-1.8904e-02
-4.7253e-03
-2.0375e-02
-6.4300e-01
-6.6633e-02
-4.3384e-03
-2.7582e-02
-3.8432e-01
-1.2480e-03
-5.4643e-01
-4.8857e-03
-4.9947e-03
-2.7304e-01
-2.8635e-02
-6.2441e-02
-6.7552e-01
-1.6552e-02
-6.1141e-01
-1.4794e-01
-2.0992e-01
-3.5888e-01
-3.3308e-02
-4.4112e-02
-1.7742e-01
-5.9541e-01
-2.6778e-01
-1.1534e-01
-4.2444e-01
-2.6171e-01
-7.6610e-02
-8.4470e-02
-5.2114e-02
-4.9577e-01
-6.9320e-01
-2.2716e-02
-1.8972e-02
-9.6669e-04
-3.2439e-02
-4.3921e-01
-5.5394e-01
-1.1769e-03
-1.7677e-02
-1.5944e-03
-3.8692e-04
-2.1992e-01
-5.9253e-01
-4.2945e-02
-5.7918e-01
-1.7227e-03
-4.7337e-03
-1.2618e-01
-2.1321e-03
-6.3376e-01
-4.7266e-02
-7.0353e-01
-4.7111e-03
-4.9571e-03
-4.5198e-03
-4.6319e-03
-5.8770e-04
-3.7901e-01
-3.6515e-02
-3.3610e-03
-3.0758e-03
-2.4453e-02
-6.7221e-02
-1.6416e-02
-4.4128e-01
-1.4036e-01
-3.4701e-03
-1.3345e-01
-3.9540e-01
-2.7396e-01
-3.5055e-02
-1.4852e-01
-8.6234e-02
-4.7546e-03
-4.5866e-01
-4.1928e-03
-5.3891e-01
-5.2491e-02
-2.7553e-01
-1.8061e-01
-1.7865e-01
-4.5384e-01
-6.7008e-01
-7.6797e-02
