-1.7500e-01
-2.6737e-01
-3.9986e-01
-1.3520e-01
-4.8455e-03
-2.6989e-01
-1.9416e-01
-4.0048e-01
-5.4019e-01
-1.6215e-01
-2.9773e-03
-6.7742e-04
-4.0771e-01
-5.9018e-01
-1.5977e-01
-4.2471e-01
-7.7778e-02
-4.9769e-02
-9.1356e-04
-2.1185e-02
-4.7651e-01
-2.0566e-01
-2.5307e-01
-4.9964e-03
-2.9852e-03
-5.4738e-02
-7.1886e-01
-1.9272e-03
-2.3382e-01
-2.6880e-01
-5.4892e-01
-4.6384e-01
-3.3803e-04
-5.2379e-03
-7.2384e-03
-5.0617e-02
-2.1927e-04
-1.9157e-01
-2.3117e-01
-7.8464e-04
-4.8577e-02
-3.1231e-02
-4.1989e-01
-6.7044e-02
-1.1385e-01
-2.4561e-01
-2.5207e-02
-2.9810e-01
-7.1714e-01
-3.5551e-01
-6.3490e-01
-1.7549e-01
-3.9142e-03
-4.3876e-03
-1.1925e-01
-2.2326e-02
-5.6340e-01
-3.3814e-01
-6.8261e-01
-3.6315e-01
-2.6708e-02
-4.9839e-03
-1.9025e-01
-4.8991e-03
-4.9904e-03
-6.3274e-02
-5.5551e-01
-1.3008e-01
-4.5116e-03
-7.6553e-02
-4.5512e-01
-1.4196e-03
-2.7082e-01
-2.1148e-01
-6.5846e-01
-3.6957e-03
-4.3743e-03
-5.0352e-02
-1.0497e-03
-4.9247e-03
-1.7437e-01
-2.9214e-01
-3.7477e-03
-4.6711e-01
-3.3146e-01
-4.8207e-02
-3.1052e-01
-6.6406e-01
-6.9286e-01
-1.0896e-02
-1.6669e-03
-1.0383e-03
-5.4567e-03
-6.5835e-04
-5.9822e-01
-2.2677e-01
-4.1748e-01
-5.7973e-03
-2.5805e-02
-7.0267e-02
-2.5686e-01
-6.0816e-04
-4.0931e-03
-6.7578e-01
-1.0365e-01
-2.1275e-01
-4.6358e-02
-5.6746e-01
-4.2634e-01
-1.2456e-01
-5.8700e-01
-6.6307e-01
-1.4189e-02
-3.4817e-02
-2.5131e-02
-2.1734e-01
-4.3820e-03
-3.1489e-01
-3.8985e-01
-5.6629e-01
-5.4458e-01
-3.0159e-03
-4.9967e-03
-2.1094e-02
-2.8971e-01
-1.3030e-01
-6.0258e-01
-4.1076e-01
-6.0696e-01
-4.7888e-03
-3.8438e-01
-6.5788e-01
-3.4263e-01
-4.9661e-03
-3.3528e-02
-6.2699e-01
-2.0310e-01
-4.4813e-01
-4.0181e-03
-2.0047e-03
-3.7474e-02
-1.1658e-02
-1.5902e-02
-4.3479e-01
-2.3725e-01
-2.5024e-01
-5.5746e-01
-1.8951e-01
-5.9491e-01
-3.2598e-02
-3.9873e-03
-8.6481e-02
-1.7083e-01
-6.0839e-01
-5.4751e-01
-4.0614e-03
-4.0107e-01
-4.9848e-01
-1.2294e-03
-4.3898e-01
-2.9982e-01
-3.8118e-01
-2.2094e-04
-2.2313e-01
-2.3222e-04
-3.2661e-01
-2.5347e-01
-2.5673e-04
-1.4441e-01
-5.3223e-02
-1.8213e-01
-5.5281e-01
-4.2099e-03
-1.0642e-01
-1.3404e-01
-4.3611e-01
-4.6591e-03
-4.2990e-01
-3.8853e-01
-1.4941e-03
-4.7902e-03
-9.3788e-03
-5.4164e-02
-7.1609e-02
-3.2043e-01
-1.9954e-01
-3.8076e-03
-6.4525e-02
-1.6482e-01
-5.7214e-01
-5.1294e-01
-5.1737e-02
-1.8599e-01
-2.4765e-01
-3.0261e-01
-6.8863e-01
-7.8688e-02
-3.0815e-01
-1.3340e-01
-4.4666e-03
-5.4682e-01
-4.9737e-03
-6.6459e-01
-6.4748e-02
-8.0570e-02
-1.0674e-01
-9.9664e-02
-3.8457e-01
-1.1601e-03
-3.5957e-03
-2.0336e-01
-2.6950e-03
-1.6399e-01
-4.7672e-01
-5.2344e-01
-2.4311e-01
-1.4978e-01
-9.4871e-02
-3.9084e-01
-1.1786e-01
-4.3986e-01
-2.7262e-02
-2.9876e-01
-4.5175e-02
-4.4581e-01
-4.9025e-03
-6.2181e-01
-2.0844e-02
-1.3183e-01
-6.1490e-01
-1.8409e-01
-2.3233e-01
-3.3352e-01
-2.4413e-01
-6.2882e-02
-5.6603e-03
-3.8687e-02
-3.3483e-01
-5.4633e-01
-2.9160e-03
-3.0551e-01
-1.4933e-01
-2.5565e-03
-6.8685e-01
-1.8519e-01
-5.2980e-01
-1.1958e-01
-5.8871e-01
-5.2027e-01
-2.2740e-03
-3.5472e-01
-8.9294e-02
-2.4708e-01
-4.5961e-01
-4.3534e-01
-5.0195e-01
-2.6026e-02
-3.6691e-02
-2.9706e-01
-3.6717e-02
-5.8473e-01
-3.0337e-01
-1.7282e-01
-1.2786e-01
-6.1767e-02
-5.0000e-03
-6.7519e-01
-6.6088e-01
-3.4444e-01
-5.1491e-02
-4.8693e-03
-4.7156e-01
-2.3474e-03
-3.8042e-02
-6.5008e-01
-1.8557e-03
-1.1471e-01
-1.9889e-01
-5.3156e-01
-1.6578e-01
-6.2067e-01
-9.9045e-02
-4.8948e-01
-4.3557e-03
-3.3046e-03
-7.1486e-01
-3.0902e-03
-1.0991e-01
-2.4882e-03
-6.6616e-02
-2.5415e-01
-7.2450e-02
-3.8363e-01
-3.3186e-01
-6.8727e-01
-2.3816e-02
-5.7593e-01
-1.2340e-02
-1.2237e-01
-1.5745e-01
-1.3914e-01
-5.0247e-01
-7.3158e-01
-4.6037e-01
-3.6074e-03
-7.0984e-02
-1.5941e-01
-4.2298e-01
-2.1774e-01
-7.7397e-02
-1.1741e-01
-1.1824e-03
-3.3668e-01
-6.4390e-04
-3.3842e-02
-3.8734e-01
-3.1739e-01
-5.2842e-01
-1.6979e-02
-1.9293e-01
-4.1935e-04
-4.9290e-03
-7.4529e-02
-1.2005e-01
-7.1731e-01
-3.6290e-04
-3.8540e-01
-5.4488e-02
-2.4981e-01
-3.0673e-03
-9.1763e-02
-1.9199e-02
-3.2844e-03
-2.9309e-03
-4.4094e-03
-6.1731e-01
-4.1985e-03
-2.6814e-01
-4.1115e-02
-1.2471e-02
-5.7748e-01
-2.3352e-02
-3.4520e-02
-7.2031e-03
-4.0152e-02
-4.9764e-03
-1.8546e-01
-9.4426e-02
-6.6355e-01
-7.2898e-01
-3.3479e-01
-5.9160e-01
-2.8949e-01
-2.9159e-01
-5.8803e-04
-1.1703e-01
-5.8210e-03
-1.6085e-01
-1.4829e-01
-2.1524e-01
-2.5911e-03
-3.7123e-01
-1.2212e-01
-2.7325e-03
-2.2184e-01
-1.0769e-01
-1.3066e-01
-1.3556e-01
-1.5277e-01
-3.7083e-01
-1.9652e-02
-8.5354e-02
-3.5618e-02
-2.0624e-02
-4.3646e-03
-2.4487e-01
-3.0994e-03
-2.8220e-02
-2.0954e-03
-3.3207e-03
-2.3057e-03
-4.6133e-03
-4.8545e-01
-1.2040e-03
-1.5514e-01
-5.3768e-01
-3.9532e-01
-4.3791e-02
-7.8345e-02
-7.2032e-01
-6.1391e-03
-7.9807e-03
-4.4393e-04
-3.2085e-03
-4.1842e-03
-5.2596e-01
-4.9950e-03
-4.2715e-01
-4.5530e-03
-4.9439e-02
-4.3617e-03
-3.5918e-02
-3.9133e-02
-2.3526e-01
-1.2081e-01
-1.4538e-02
-1.2103e-02
-2.6208e-01
-3.8307e-01
-6.9158e-01
-3.1879e-03
-5.8600e-01
-6.3857e-01
-5.3997e-02
-1.9578e-01
-5.7241e-01
-5.0536e-01
-4.3461e-03
-4.1407e-03
-1.1897e-01
-4.9834e-03
-2.8495e-02
-1.4773e-01
-2.2591e-01
-4.8271e-03
-3.2750e-01
-3.7568e-03
-2.0490e-03
-4.0701e-03
-1.1475e-02
-4.3652e-02
-4.8637e-03
-7.3989e-02
-1.7830e-02
-4.5605e-01
-4.1144e-01
-6.5528e-01
-1.7723e-03
-1.6312e-01
-1.6065e-01
-5.9443e-02
-1.7536e-01
-6.4083e-01
-3.4791e-02
-5.1341e-01
-3.7626e-01
-7.1224e-01
-2.6609e-02
-3.7464e-02
-1.6859e-03
-5.7513e-01
-1.4282e-02
-4.0644e-03
-4.8309e-03
-3.8280e-01
-3.1708e-03
-6.3638e-02
-9.6578e-03
-1.4327e-01
-4.9902e-03
-4.1763e-01
-2.1561e-01
-4.9401e-03
-4.0315e-02
-3.0920e-01
-1.5341e-02
-4.7317e-01
-3.7824e-01
-3.7296e-02
-1.5511e-03
-1.2682e-01
-4.8716e-01
-3.5257e-03
-2.7862e-03
-2.6640e-01
-5.9885e-01
-9.0585e-02
-1.6739e-01
-4.8531e-03
-9.6980e-04
-7.8748e-02
-3.1098e-01
-2.2570e-01
-4.1091e-01
-6.8341e-02
-6.6034e-04
-2.2993e-02
-6.1057e-01
-2.6005e-01
-4.7715e-03
-3.5251e-03
-4.1763e-03
-5.4355e-01
-2.4393e-01
-5.0797e-01
-3.0996e-01
-2.7813e-01
-4.5741e-01
-1.1032e-01
-1.1173e-02
-9.2945e-02
-3.5245e-02
-6.8361e-01
-5.7819e-01
-4.8663e-03
-6.9446e-01
-4.5891e-03
-5.6701e-01
-2.4638e-02
-1.9248e-01
-5.8382e-01
-4.9315e-03
-1.3221e-02
-4.2334e-03
-9.7339e-02
-1.3027e-01
-5.7005e-01
-4.6196e-03
-2.6088e-01
-4.8085e-03
-8.6996e-05
-1.6277e-03
-2.4141e-01
-9.9379e-02
-5.2127e-01
-1.0934e-03
-4.2018e-03
-1.2300e-01
-1.5075e-01
-8.0038e-02
-4.8041e-03
-1.2382e-02
-6.7606e-01
-4.6675e-03
-3.4503e-03
-5.6609e-01
-3.0467e-01
-2.1509e-01
-1.9758e-03
-9.1560e-02
-7.0624e-03
-5.5112e-01
-1.2648e-01
-3.5987e-02
-3.9242e-01
-2.5386e-03
-2.8595e-01
-1.5537e-02
-1.8098e-03
-2.1323e-01
-3.2388e-03
-2.0058e-01
-4.1948e-01
-7.3391e-02
-3.6747e-01
-8.0710e-02
-6.9364e-01
-2.7027e-01
-4.9706e-03
-2.2102e-02
-2.0048e-01
-4.9615e-03
-1.4556e-03
-4.7636e-03
-9.4118e-02
-6.4809e-02
-3.4718e-01
-6.1663e-01
-3.5727e-02
-1.0615e-01
-3.7008e-02
-5.1040e-01
-6.9850e-03
-8.9526e-03
-5.2151e-01
-6.0897e-01
-1.1783e-02
-7.8189e-03
-4.8436e-01
-4.1794e-03
-1.1863e-01
-2.3479e-01
-3.8983e-03
-4.9824e-03
-3.6235e-01
-1.5080e-03
-4.5313e-01
-3.7917e-01
-1.8271e-01
-1.8753e-02
-2.1686e-01
-1.1761e-01
-4.2469e-04
-2.5547e-01
-4.2663e-02
-2.5450e-03
-5.4090e-01
-7.0758e-01
-6.2564e-01
-5.0884e-02
-3.8647e-01
-4.2021e-01
-2.5458e-01
-5.9201e-01
-1.4528e-01
-2.3928e-01
-2.2154e-02
-6.2756e-02
-7.0459e-01
-5.7700e-01
-2.0135e-01
-1.6693e-01
-3.0282e-03
-1.0837e-01
-2.4518e-01
-1.6513e-01
-3.9488e-01
-4.1554e-01
-1.0461e-04
-2.8089e-02
-3.8611e-01
-3.9066e-02
-4.9499e-03
-2.9853e-02
-3.7693e-02
-1.9675e-01
-2.7229e-01
-5.2066e-01
-4.3223e-02
-3.0488e-03
-5.5434e-01
-2.6522e-01
-3.3728e-01
-3.7377e-01
-1.5085e-02
-3.4063e-02
-6.0484e-01
-6.2666e-01
-5.2426e-01
-6.7221e-01
-7.8519e-02
-6.9539e-01
-3.8947e-01
-7.1639e-01
-8.0097e-04
-4.3243e-03
-8.2142e-02
-8.4890e-03
-1.1087e-02
-9.7649e-02
-4.9141e-03
-6.4708e-01
-1.5781e-01
-1.4480e-01
-1.1236e-03
-2.6603e-01
-5.8018e-01
-5.1619e-01
-4.8886e-03
-7.0707e-02
-1.7527e-03
-7.4356e-02
-2.3257e-01
-2.4508e-03
-1.2478e-01
-1.6445e-03
-7.5003e-04
-5.0601e-01
-3.7760e-03
-1.1013e-01
-3.8065e-01
-4.6228e-03
-4.1349e-01
-1.6992e-01
-2.7989e-02
-4.5678e-01
-5.3634e-01
-1.6046e-02
-1.8450e-01
-2.8327e-02
-1.7755e-01
-1.6551e-03
-4.6950e-03
-4.8284e-01
-3.1767e-02
-1.9488e-01
-6.4018e-01
-4.9996e-03
-5.6300e-02
-5.4236e-01
-1.4820e-01
-4.0031e-01
-4.9196e-01
-4.7783e-01
-3.6686e-01
-4.1588e-03
-6.6771e-01
-3.1346e-01
-6.2457e-01
-7.5529e-02
-5.6441e-02
-7.1063e-01
-2.9055e-01
-1.2056e-01
-1.5133e-01
-8.1257e-02
-3.0454e-01
-5.9044e-01
-1.2560e-01
-2.2411e-01
-8.4195e-02
-5.9541e-01
-7.0730e-01
-5.0047e-01
-5.7976e-01
-3.9118e-01
-8.5800e-02
-4.8595e-01
-3.5369e-02
-3.5885e-01
-5.5202e-01
-2.2387e-01
-6.0589e-01
-3.6488e-01
-2.1650e-01
-4.6636e-03
-4.4391e-03
-2.0760e-01
-1.0908e-01
-4.0336e-01
-1.6762e-01
-3.2901e-01
-4.3040e-01
-1.4669e-02
-4.7234e-03
-5.3588e-01
-1.8145e-02
-3.9505e-04
-6.8503e-02
-1.3112e-01
-6.6105e-02
-4.8701e-03
-4.0890e-01
-2.0865e-01
-2.4826e-01
-4.5184e-01
-2.6224e-02
-1.7132e-01
-2.5762e-03
-1.9547e-02
-4.4837e-03
-8.9118e-03
-4.9972e-01
-6.8905e-01
-8.9257e-02
-3.8195e-02
-2.6912e-01
-2.7568e-02
-7.1126e-01
-1.8329e-01
-6.1181e-01
-1.9925e-01
-2.2966e-01
-8.6827e-02
-4.9933e-03
-5.5814e-01
-5.1461e-01
-3.2801e-01
-3.9977e-02
-2.2477e-01
-4.0132e-03
-1.8870e-01
-1.8120e-01
-7.6634e-03
-7.1304e-02
-8.1142e-03
-2.4095e-03
-5.4302e-01
-4.6402e-03
-6.7824e-02
-5.5100e-01
-4.2174e-01
-5.8888e-01
-2.1681e-03
-6.7886e-01
-4.4918e-03
-9.9752e-02
-4.5501e-02
-1.2496e-01
-1.1101e-01
-2.6820e-03
-3.9188e-01
-4.9807e-03
-7.3465e-01
-4.2830e-01
-1.0003e-01
-4.7395e-03
-4.6727e-02
-5.0650e-03
-4.9725e-03
-3.6393e-03
-3.2797e-02
-2.9520e-03
-4.2994e-02
-3.5128e-01
-1.3341e-04
-3.4157e-03
-1.1845e-01
-7.5893e-02
-4.9679e-03
-7.2272e-01
-1.3964e-01
-3.6888e-03
-2.5576e-01
-6.2369e-02
-3.0144e-01
-5.2659e-01
-8.6018e-03
-7.4923e-04
-3.5793e-02
-6.9021e-02
-4.9085e-02
-4.4531e-01
-2.6058e-01
-5.8503e-01
-5.1531e-01
-1.0976e-01
-4.3741e-01
-4.4178e-01
-4.9354e-03
-3.0278e-02
-2.5809e-01
-5.5987e-01
-7.1870e-02
-8.3809e-02
-5.9463e-04
-3.4679e-01
-6.9667e-01
-1.8027e-01
-6.8663e-02
-6.5543e-02
-2.6995e-04
-5.5347e-01
-9.6555e-02
-2.4924e-01
-5.1703e-03
-2.3909e-01
-2.4295e-01
-2.2757e-03
-2.7980e-01
-2.8531e-01
-3.0367e-01
-3.9022e-01
-3.9962e-01
-2.1542e-02
-4.0643e-02
-7.2416e-01
-2.4724e-01
-1.9433e-01
-6.5346e-01
-3.6099e-01
-5.2788e-01
-8.5206e-02
-2.8649e-02
-7.6368e-02
-4.8738e-03
-4.8018e-03
-8.4773e-02
-2.1827e-01
-1.2675e-02
-3.0491e-04
-4.8608e-03
-2.6130e-01
-4.4693e-01
-2.8411e-01
-2.0696e-01
-1.7604e-01
-6.7043e-01
-9.0770e-03
-1.5848e-01
-7.8172e-02
-1.5585e-01
-5.0731e-01
-3.9931e-03
-1.4993e-01
-1.8932e-01
-5.3071e-01
-2.5892e-01
-3.0390e-03
-4.0998e-01
-4.7475e-01
-1.1328e-01
-2.3412e-01
-5.7795e-01
-2.9630e-01
-7.9827e-02
-2.8200e-01
-1.2633e-01
-3.8225e-01
-7.3198e-01
-4.3749e-02
-3.7046e-01
-4.7729e-03
-7.1538e-01
-3.2380e-02
-4.1922e-03
-4.2719e-03
-6.1890e-01
-4.9590e-03
-1.0596e-01
-1.6171e-01
-4.4324e-01
-7.0160e-01
-1.7876e-02
-1.0177e-01
-1.5554e-01
-1.0538e-01
-1.7949e-01
-5.4410e-01
-6.0927e-02
-1.4848e-02
-1.4627e-01
-1.3143e-01
-5.0310e-01
-5.1576e-01
-3.7672e-03
-2.9658e-01
-5.6539e-01
-6.6801e-02
-7.3295e-01
-1.4270e-03
-1.3930e-02
-6.0647e-01
-4.8247e-02
-2.2864e-02
-3.7379e-01
-1.0481e-01
-2.1520e-02
-4.9743e-03
-2.1836e-01
-4.6314e-04
-2.9518e-01
-4.7671e-03
-2.7634e-01
-7.5444e-04
-3.0364e-03
-6.4490e-01
-6.8097e-01
-3.4524e-01
-1.5228e-01
-3.3922e-03
-6.8021e-01
-1.6040e-01
-3.7828e-02
-6.6034e-01
-9.5476e-02
-4.3954e-01
-1.4590e-01
-7.2167e-01
-6.4751e-03
-4.9636e-03
-3.2246e-01
-7.0935e-01
-2.7273e-01
-6.7817e-01
-1.5637e-01
-2.7635e-03
-3.6492e-03
-3.8351e-02
-4.5003e-03
-1.0724e-01
-2.7137e-01
-2.6807e-01
-4.5260e-01
-6.7145e-01
-5.1940e-02
-1.8224e-01
-5.5593e-02
-6.1205e-02
-5.6903e-02
-4.1924e-02
-4.9953e-03
-2.4123e-01
-1.0145e-01
-1.8186e-01
-3.6457e-01
-9.3991e-02
-2.1374e-04
-5.0544e-02
-2.5917e-01
-8.9470e-02
-3.7466e-01
-4.5045e-01
-4.0401e-01
-7.0056e-01
-5.6451e-01
-4.3848e-01
-3.9157e-01
-1.1244e-01
-4.2535e-01
-1.8348e-01
-5.1017e-01
-2.7199e-01
-4.5206e-02
-4.0528e-01
-1.2035e-01
-4.9200e-04
-3.5443e-01
-9.9999e-03
-2.3424e-02
-2.9337e-03
-1.0399e-01
-1.3436e-01
-1.0158e-01
-4.1266e-01
-4.6443e-03
-4.8929e-03
-2.6687e-01
-5.4142e-01
-2.8074e-01
-2.5769e-01
-7.2678e-01
-6.5093e-01
-4.1163e-02
-7.2117e-02
-1.5472e-01
-5.3731e-01
-2.2558e-01
-2.1465e-03
-5.9960e-01
-8.2745e-02
-1.7196e-01
-7.2516e-01
-1.5818e-01
-5.5173e-03
-2.1123e-01
-2.9956e-05
-4.2477e-03
-3.2469e-01
-3.2291e-01
-2.5661e-01
-4.7723e-01
-1.9599e-01
-7.1365e-02
-2.2007e-01
-4.4513e-02
-8.2994e-03
-3.2402e-01
-4.9203e-03
-3.5730e-03
-3.6611e-01
-2.4067e-01
-1.3288e-02
-1.7354e-01
-4.9916e-03
-6.5588e-01
-2.9595e-03
-2.7350e-01
-7.4648e-03
-7.2136e-01
-3.3743e-02
-4.8451e-01
-1.1282e-01
-9.0046e-04
-1.5730e-03
-6.3733e-01
-4.8549e-03
-1.0087e-01
-1.8071e-01
-2.0915e-01
-1.5244e-03
-5.1800e-01
-3.7277e-01
-4.1807e-01
-1.1585e-02
-9.2695e-03
-3.2709e-01
-3.2081e-01
-1.9062e-03
-2.8796e-01
-2.5114e-01
-3.2100e-02
-3.2569e-01
-4.3717e-01
-9.7553e-04
-5.7347e-02
-6.1447e-01
-1.2705e-01
-2.7850e-01
-6.1133e-01
-2.8569e-03
-5.7247e-02
-8.5333e-04
-3.3790e-01
-4.7853e-02
-1.5370e-01
-4.4027e-03
-4.9958e-03
-5.3949e-01
-2.2621e-01
-1.0122e-01
-1.5332e-01
-6.2323e-02
-3.3691e-03
-3.6410e-01
-1.0163e-03
-6.1419e-06
-4.7439e-03
-7.6376e-04
-4.1204e-03
-3.7846e-01
-3.1415e-04
-5.7068e-01
-1.5783e-02
-3.5439e-03
-7.3256e-01
-9.7586e-02
-1.0714e-01
-1.9052e-01
-4.9429e-01
-3.1454e-01
-1.2910e-01
-6.0212e-05
-3.9851e-03
-4.5782e-03
-1.3775e-02
-4.8037e-01
-4.8703e-01
-2.8560e-02
-1.1414e-03
-3.0883e-01
-5.8183e-01
-4.9974e-03
-1.1984e-01
-5.8546e-01
-3.8265e-02
-2.9057e-03
-3.1924e-01
-3.4560e-01
-2.2865e-01
-6.7087e-01
-5.2534e-01
-2.0720e-03
-4.4418e-03
-5.7644e-01
-3.9682e-03
-1.8847e-01
-6.8558e-01
-8.6358e-02
-1.3648e-01
-2.6096e-01
-3.7329e-03
-2.3933e-02
-3.9362e-01
-5.3818e-01
-2.9549e-03
-7.2256e-02
-3.2177e-01
-4.0658e-01
-7.4227e-02
-6.0278e-03
-2.5266e-01
-3.7162e-01
-5.7131e-01
-3.0446e-02
-1.0019e-01
-4.4479e-01
-1.1301e-01
-3.0590e-02
-2.9555e-02
-3.3891e-01
-2.6767e-02
-6.7109e-02
-3.0699e-01
-3.0313e-01
-2.0530e-03
-4.1843e-01
-1.8147e-01
-1.0811e-01
-1.2767e-01
-2.1035e-01
-1.4178e-01
-1.7695e-01
-1.8253e-04
-5.9798e-01
-2.6304e-01
-3.8775e-03
-2.7040e-01
-2.6319e-01
-5.1715e-01
-2.0278e-02
-4.8127e-03
-2.1481e-01
-4.7053e-01
-2.1503e-03
-4.6526e-03
-1.8477e-01
-4.2610e-01
-3.9612e-03
-6.3775e-01
-1.1071e-02
-4.8771e-03
-8.8668e-02
-1.0694e-02
-5.6971e-01
-1.9317e-01
-2.1253e-01
-8.3462e-02
-4.8903e-01
-1.7790e-02
-2.0499e-02
-1.5151e-01
-9.8714e-02
-1.7074e-01
-4.9046e-01
-2.2075e-01
-4.4467e-03
-3.1891e-02
-7.0101e-02
-4.5604e-03
-1.1377e-02
-4.8366e-03
-1.3569e-02
-6.5108e-02
-7.0836e-01
-5.7307e-01
-7.3044e-02
-5.3870e-01
-2.1209e-03
-6.1686e-01
-8.7344e-02
-3.1012e-01
-6.4606e-01
-9.3505e-04
-2.0952e-01
-4.9936e-03
-1.7250e-01
-2.8974e-03
-5.6101e-01
-9.0693e-04
-1.9347e-01
-4.0767e-02
-5.1411e-01
-3.4493e-01
-2.8658e-01
-6.3901e-02
-9.3861e-02
-4.7390e-01
-4.7101e-03
-4.0857e-03
-6.2767e-03
-5.8880e-02
-3.6556e-01
-4.9100e-03
-7.8005e-02
-1.3581e-03
-9.7077e-02
-1.8728e-03
-2.7053e-02
-6.3249e-01
-3.8767e-01
-4.4643e-01
-9.8140e-02
-5.6811e-01
-2.0223e-01
-1.9891e-02
-3.8587e-03
-5.3421e-02
-5.0319e-02
-4.4727e-03
-1.2815e-01
-2.0960e-02
-1.3357e-01
-1.7019e-03
-8.4006e-03
-8.7617e-02
-7.2749e-01
-4.7578e-01
-5.2496e-01
-5.6008e-01
-1.2273e-01
-4.2065e-03
-5.1551e-04
-1.1143e-03
-6.3629e-01
-8.1058e-02
-2.0656e-01
-4.0795e-03
-8.4526e-03
-1.2142e-01
-8.3829e-02
-3.9333e-03
-1.1145e-01
-5.5612e-04
-4.6309e-03
-6.9133e-02
-3.9092e-03
-4.7951e-01
-1.2542e-03
-7.6957e-02
-1.9461e-01
-4.8519e-01
-2.7327e-01
-1.6329e-01
-2.4030e-03
-9.8558e-02
-1.8466e-03
-1.4350e-02
-4.8186e-03
-2.7468e-01
-4.4242e-01
-3.4924e-02
-2.7790e-02
-1.1049e-01
-4.7806e-03
-4.9070e-01
-5.0005e-01
-4.1564e-03
-1.6234e-01
-4.1331e-02
-1.5594e-03
-3.5040e-03
-2.5996e-01
-1.4135e-01
-6.7331e-01
-3.7905e-01
-1.3593e-01
-2.5481e-01
-5.3876e-04
-4.9505e-04
-3.2448e-03
-3.8181e-03
-3.4155e-02
-1.4494e-01
-2.1878e-01
-4.8775e-02
-1.1586e-01
-5.3371e-01
-1.8063e-01
-4.2217e-01
-3.9472e-03
-2.3713e-01
-5.0908e-01
-4.1674e-01
-2.5081e-01
-3.8246e-03
-2.4301e-02
-3.7595e-01
-4.6164e-01
-5.3464e-01
-8.0321e-02
-3.1210e-03
-1.8304e-01
-1.4263e-01
-5.9331e-02
-1.4611e-01
-3.5130e-03
-8.8912e-02
-3.7950e-02
-6.1418e-02
-6.2253e-01
-5.1944e-01
-2.9783e-02
-7.3490e-02
-3.5397e-01
-2.3806e-01
-1.8773e-03
-6.7384e-01
-6.7687e-01
-1.0374e-01
-7.1257e-01
-1.2857e-01
-1.1329e-02
-5.2401e-01
-1.6641e-01
-2.8736e-03
-3.2202e-03
-5.1972e-02
-1.1653e-01
-5.5447e-01
-4.9788e-03
-3.6637e-03
-2.6235e-01
-5.4692e-01
-7.0546e-01
-3.2685e-01
-6.6741e-01
-1.4850e-01
-2.5151e-01
-3.4774e-01
-3.1555e-01
-5.9311e-01
-1.9940e-02
-6.7709e-01
-2.0195e-01
-1.7771e-01
-1.6830e-01
-4.2386e-03
-1.3603e-02
-4.7298e-02
-3.3416e-01
-7.6058e-02
-4.3371e-03
-4.8707e-02
-9.0225e-02
-4.8975e-02
-2.2681e-03
-2.1790e-02
-4.1236e-01
-1.4799e-01
-2.4259e-01
-1.7910e-01
-2.1332e-01
-2.4074e-01
-5.8779e-01
-2.0893e-02
-3.4156e-01
-9.2802e-02
-4.5037e-02
-4.5910e-02
-2.5222e-01
-1.4698e-02
-4.2417e-01
-6.6662e-01
-3.4206e-01
-6.9115e-03
-3.5997e-01
-4.5807e-03
-5.3339e-01
-1.1401e-01
-9.2475e-02
-3.1586e-02
-2.0407e-02
-2.8255e-01
-3.3602e-01
-2.3960e-04
-4.0633e-01
-1.0693e-01
-3.9414e-01
-2.1221e-01
-2.2177e-03
-2.0087e-03
-1.8953e-02
-7.1172e-01
-1.5170e-01
-6.8530e-01
-9.6169e-02
-3.6386e-02
-8.7166e-02
-6.9710e-01
-1.8889e-01
-1.2359e-01
-3.7963e-03
-4.8844e-01
-2.3060e-01
-4.7770e-03
-2.2430e-03
-4.4185e-03
-3.4282e-01
-4.6569e-02
-2.2558e-03
-8.3097e-02
-4.8182e-04
-3.1766e-01
-2.2766e-01
-6.5905e-01
-9.6056e-03
-5.9615e-01
-9.5174e-02
-6.5162e-01
-3.4985e-01
-1.3623e-01
-2.1888e-01
-3.3273e-01
-6.8290e-01
-1.2050e-02
-5.7718e-02
-4.2579e-03
-3.9056e-01
-1.9827e-01
-1.2102e-01
-4.2522e-02
-4.6327e-01
-3.9411e-02
-4.9859e-03
-4.0275e-03
-1.0913e-01
-3.0071e-01
-4.9651e-03
-2.5875e-03
-1.4452e-01
-5.9677e-02
-6.2106e-02
-1.6166e-03
-3.3577e-03
-2.1449e-01
-6.3284e-01
-3.5588e-01
-4.8790e-03
-8.0251e-02
-1.7839e-01
-6.2581e-01
-4.4074e-01
-1.1471e-03
-6.6292e-01
-2.1773e-02
-5.5796e-02
-6.5261e-01
-8.1803e-02
-3.3311e-01
-1.7958e-03
-1.8387e-01
-2.3769e-01
-2.1456e-03
-6.3179e-01
-2.2075e-03
-4.5135e-01
-2.0596e-01
-4.8346e-01
-3.9865e-02
-3.5158e-01
-5.2404e-02
-2.9010e-02
-5.8147e-01
-4.4648e-03
-3.3858e-02
-6.9488e-01
-1.7351e-03
-4.2952e-01
-6.4393e-03
-1.3864e-01
-6.9426e-01
-2.3214e-02
-4.2264e-03
-2.6250e-03
-3.1179e-01
-2.0188e-01
-9.6511e-02
-5.1210e-02
-4.0959e-01
-1.2425e-01
-2.8760e-02
-6.8823e-02
-4.9174e-01
-4.8154e-03
-1.5054e-03
-6.3460e-01
-2.6844e-01
-4.5559e-01
-7.6700e-02
-2.7427e-01
-3.3249e-02
-2.3176e-01
-4.9189e-03
-5.3253e-05
-4.9981e-03
-2.5420e-02
-1.0500e-01
-3.9873e-01
-6.7256e-02
-3.1663e-01
-3.1403e-01
-4.5214e-03
-4.7974e-01
-5.1743e-01
-2.6157e-02
-6.4254e-01
-4.6823e-01
-8.2453e-03
-9.8058e-03
-3.1344e-02
-4.9918e-03
-1.6660e-01
-6.0214e-01
-4.5299e-03
-4.9985e-03
-2.3853e-01
-2.6275e-01
-2.3073e-02
-3.3229e-02
-4.0939e-02
-1.4934e-01
-8.1476e-02
-8.4548e-02
-6.0948e-01
-4.5300e-01
-6.0117e-01
-3.3396e-02
-3.1714e-01
-1.6120e-01
-3.5916e-01
-3.8942e-03
-5.6204e-02
-2.8005e-03
-6.6585e-01
-1.6232e-02
-2.2994e-01
-6.0337e-01
-3.0404e-01
-3.4981e-03
-6.7943e-03
-3.7088e-03
-6.2509e-02
-2.8042e-01
-5.0754e-01
-4.3766e-01
-1.5394e-02
-2.6369e-01
-2.4036e-01
-5.2625e-01
-1.8924e-02
-1.1659e-01
-1.5909e-02
-6.6527e-01
-4.4963e-01
-5.1276e-01
-8.2648e-02
-4.6978e-03
-7.1568e-01
-1.0617e-03
-4.4021e-02
-2.3971e-01
-3.4390e-01
-4.7631e-03
-2.3441e-01
-4.9527e-03
-2.5209e-03
-3.8648e-03
-3.6658e-01
-7.8899e-02
-3.5345e-01
-4.9877e-01
-1.6602e-02
-5.3530e-02
-7.2891e-02
-7.6194e-03
-5.8459e-04
-2.6538e-03
-4.7445e-02
-1.7814e-01
-2.2290e-02
-1.6807e-01
-2.9342e-01
-3.8584e-01
-4.3175e-01
-5.1871e-01
-2.1358e-01
-3.6898e-01
-5.3167e-01
-3.6524e-01
-9.1253e-02
-3.5299e-01
-1.2881e-01
-1.6364e-01
-1.9065e-02
-1.0233e-01
-1.3105e-03
-2.0298e-03
-2.9085e-01
-2.6468e-02
-3.7758e-01
-1.8761e-01
-5.8377e-02
-8.7953e-02
-4.6602e-01
-2.8245e-01
-1.1691e-01
-8.1419e-04
-4.9998e-03
-5.6519e-01
-5.9338e-01
-3.0665e-01
-1.6950e-01
-1.1096e-01
-1.8763e-02
-3.4858e-01
-1.6134e-01
-2.7920e-04
-5.7341e-03
-3.7209e-02
-2.9852e-01
-3.3638e-02
-1.3767e-01
-2.2308e-03
-8.6702e-02
-3.8876e-01
-3.9273e-01
-3.5652e-01
-1.1357e-01
-6.7638e-02
-2.8286e-01
-6.1873e-02
-2.0391e-01
-1.3085e-02
-1.0858e-01
-3.9218e-03
-9.4155e-03
-1.1898e-03
-4.9888e-02
-7.0526e-01
-5.3857e-02
-2.6981e-03
-9.0094e-02
-1.7407e-02
-3.8696e-03
-1.2909e-02
-4.7139e-03
-4.7243e-01
-3.1893e-01
-8.2544e-04
-1.3889e-03
-2.9905e-01
-2.5534e-01
-4.6019e-01
-3.1987e-01
-3.8161e-01
-5.6074e-01
-6.3185e-03
-2.0566e-02
-1.5609e-02
-3.1107e-04
-4.6860e-01
-4.6277e-03
-8.1707e-02
-3.5279e-01
-6.9089e-01
-3.6208e-03
-6.7970e-01
-6.1428e-01
-1.2453e-01
-2.8672e-03
-7.1407e-01
-2.6464e-01
-5.0000e-03
-2.7135e-03
-2.3856e-03
-4.1188e-01
-6.6220e-01
-2.8614e-01
-4.0494e-03
-6.1346e-01
-1.7236e-03
-1.9327e-03
-4.4325e-03
-2.3678e-01
-3.3639e-01
-9.5979e-02
-2.0472e-01
-1.2348e-01
-4.6734e-03
-7.0902e-01
-3.0803e-03
-7.7102e-02
-1.7273e-01
-4.1057e-03
-1.6847e-01
-1.2539e-02
-1.7116e-02
-2.4355e-01
-1.1251e-02
-4.5701e-03
-1.5626e-03
-2.0030e-01
-2.9932e-01
-1.6541e-01
-5.7866e-01
-8.9868e-02
-1.8642e-02
-3.9707e-02
-3.7205e-01
-4.0402e-03
-4.4548e-03
-3.5358e-03
-1.6920e-01
-2.2506e-02
-3.1174e-03
-1.7869e-03
-1.0751e-01
-3.9710e-01
-2.9041e-02
-4.4377e-01
-1.9651e-01
-2.4062e-02
-1.7223e-01
-3.6958e-01
-6.6311e-03
-4.1461e-01
-2.1204e-01
-5.1074e-02
-4.3568e-01
-4.6151e-01
-4.9047e-03
-1.8559e-01
-4.4240e-03
-4.0299e-01
-1.5675e-01
-1.3329e-03
-3.9897e-01
-6.8973e-01
-5.5285e-02
-5.8822e-01
-6.3531e-04
-1.0883e-01
-4.5816e-01
-3.3424e-03
-6.2147e-01
-3.6145e-01
-1.5184e-02
-8.6626e-03
-4.9983e-03
-4.9526e-02
-4.1437e-01
-4.9331e-03
-1.4383e-01
-4.1298e-01
-4.3656e-01
-5.7997e-02
-6.3408e-01
-5.3505e-01
-9.8865e-02
-4.8012e-02
-4.4041e-02
-7.0692e-01
-4.0945e-01
-4.9691e-01
-1.7656e-01
-4.8177e-01
-2.5319e-02
-1.8731e-01
-2.1957e-02
-6.0988e-01
-3.4605e-01
-2.8003e-01
-1.2171e-02
-4.6781e-03
-2.9431e-01
-4.7085e-02
-4.7608e-02
-3.7232e-01
-5.9583e-02
-3.8653e-03
-1.0805e-02
-1.9726e-01
-2.4589e-01
-5.5662e-01
-4.9296e-03
-1.1409e-01
-6.4263e-02
-1.7388e-02
-6.0420e-01
-1.0145e-02
-7.7563e-03
-1.8114e-01
-1.4352e-01
-2.5447e-02
-2.4204e-01
-2.6574e-01
-1.3490e-01
-2.3190e-02
-3.6582e-02
-2.1090e-01
-4.1492e-03
-1.4096e-01
-7.5744e-02
-5.4626e-02
-9.1481e-02
-3.4351e-01
-3.7337e-01
-5.5700e-01
-5.0258e-01
-1.7542e-02
-7.5534e-03
-5.9578e-01
-5.9768e-02
-4.8573e-03
-3.6123e-02
-1.7718e-01
-1.7882e-01
-1.4713e-01
-1.0964e-01
-1.7725e-01
-1.5114e-01
-1.2220e-01
-4.3369e-01
-3.0246e-01
-5.0388e-01
-8.4416e-02
-4.9548e-03
-4.4886e-02
-1.3489e-03
-6.4212e-01
-4.1565e-03
-2.2177e-03
-4.4960e-03
-4.1767e-02
-9.5569e-02
-4.2807e-03
-3.4882e-03
-1.1194e-01
-1.4076e-01
-2.3208e-01
-5.0936e-01
-2.3341e-01
-3.8846e-03
-3.9764e-01
-4.8380e-01
-1.5651e-01
-2.6547e-01
-1.5496e-01
-1.0938e-01
-1.3801e-01
-1.9396e-01
-1.4608e-04
-6.4878e-01
-5.4132e-03
-1.9845e-03
-5.3564e-01
-3.3021e-01
-2.4186e-02
-2.0285e-01
-3.9330e-01
-1.4687e-01
-2.6961e-01
-3.1941e-01
-2.1692e-01
-1.0196e-01
-4.9656e-01
-4.0035e-02
-1.1159e-01
-9.3677e-02
-1.9119e-01
-4.9613e-01
-2.9615e-01
-9.8684e-04
-3.6735e-01
-3.3511e-03
-1.8309e-02
-5.2915e-01
-1.9786e-02
-8.6025e-02
-4.0742e-01
-6.2790e-01
-5.2815e-01
-7.2248e-01
-6.3648e-01
-5.8321e-01
-1.1734e-01
-3.1123e-02
-2.7749e-02
-6.3098e-01
-6.5417e-01
-4.9441e-03
-3.2437e-01
-1.3889e-01
-2.2839e-03
-3.5114e-03
-1.3207e-01
-4.9381e-01
-4.8640e-01
-7.9733e-02
-8.4917e-02
-5.9934e-02
-8.9074e-02
-5.6111e-04
-3.8188e-01
-1.3687e-03
-2.3876e-03
-5.8389e-02
-4.8257e-01
-2.4633e-01
-9.5795e-03
-4.9687e-03
-2.2257e-01
-4.2508e-01
-3.4400e-03
-4.0004e-03
-7.1643e-02
-1.8854e-03
-3.1769e-03
-4.5591e-02
-2.0096e-01
-1.0045e-01
-2.3715e-02
-1.2265e-04
-1.9417e-03
-1.6280e-01
-3.5183e-01
-5.6252e-01
-5.0884e-01
-1.6852e-02
-1.2748e-02
-2.5368e-01
-5.2969e-03
-3.1126e-01
-1.9506e-01
-3.6115e-01
-4.2081e-01
-4.5512e-03
-3.6016e-03
-1.7175e-03
-2.3755e-02
-8.8135e-02
-4.9873e-03
-1.0326e-01
-4.8802e-03
-7.5024e-02
-3.0174e-03
-2.0787e-03
-4.7126e-01
-3.9491e-03
-3.7538e-03
-3.6667e-04
-4.9851e-03
-3.0786e-02
-4.9926e-03
-4.6264e-02
-1.8441e-02
-5.6870e-01
-4.7405e-01
-6.7783e-01
-9.5161e-04
-3.3011e-01
-2.2908e-01
-1.7023e-01
-4.6989e-03
-2.0411e-01
-2.8150e-01
-3.4241e-03
-3.2615e-03
-7.1321e-01
-1.5024e-01
-3.4457e-03
-1.2801e-03
-4.3467e-01
-2.0935e-01
-2.0730e-01
-1.4064e-02
-3.2623e-01
-5.2487e-02
-2.0852e-01
-3.2529e-03
-9.0755e-02
-4.3272e-01
-1.3452e-02
-7.0368e-01
-4.7841e-01
-6.0502e-01
-1.9095e-01
-4.2764e-02
-8.9267e-04
-1.8357e-02
-2.2821e-01
-2.2993e-03
-6.2172e-04
-4.6722e-03
-3.2694e-02
-2.0827e-01
-6.0777e-01
-1.4925e-02
-4.2217e-03
-4.6481e-03
-1.1798e-01
-4.1595e-01
-3.4806e-01
-1.1513e-02
-2.6172e-01
-1.7633e-02
-4.2415e-02
-2.0370e-01
-1.3964e-01
-4.4348e-02
-3.2297e-02
-3.1964e-02
-3.2834e-01
-3.3751e-01
-6.9851e-01
-6.9971e-01
-4.9243e-01
-3.0032e-03
-3.6720e-03
-3.7013e-03
-5.4829e-01
-1.5693e-02
-2.3330e-01
-1.0302e-01
-2.0888e-03
-1.6887e-01
-6.7270e-01
-2.9396e-02
-1.0495e-01
-8.2032e-03
-4.0290e-03
-3.8399e-01
-3.9616e-02
-2.8398e-01
-8.8395e-02
-8.3251e-02
-5.8873e-03
-2.3626e-01
-7.1799e-01
-2.7380e-01
-4.9311e-01
-4.5125e-03
-7.3397e-01
-3.9616e-01
-4.9132e-01
-4.2261e-01
-3.7535e-01
-3.0628e-01
-4.4587e-03
-2.7186e-01
-3.5532e-01
-3.8033e-01
-2.3295e-03
-4.9572e-01
-5.9451e-01
-7.3341e-01
-3.6997e-01
-6.4575e-01
-3.2935e-03
-3.0182e-01
-3.0100e-01
-1.0459e-01
-2.8707e-01
-1.0233e-03
-1.1546e-01
-4.5652e-03
-3.7582e-02
-6.5492e-01
-1.8271e-02
-4.2690e-01
-4.9887e-03
-1.6436e-02
-8.5050e-02
-3.0948e-01
-4.6239e-01
-2.3304e-03
-5.7381e-01
-2.2471e-01
-2.2523e-01
-1.4414e-01
-1.7405e-01
-1.3604e-01
-7.9253e-02
-2.5039e-03
-4.8859e-03
-4.3529e-03
-7.2764e-02
-4.5999e-02
-8.0761e-03
-3.2215e-03
-2.8680e-01
-4.9995e-03
-2.4492e-02
-1.8821e-01
-4.3326e-02
-2.0703e-01
-3.4697e-03
-6.7753e-03
-1.4869e-01
-7.9386e-02
-2.9184e-01
-9.4780e-02
-3.5789e-01
-4.9892e-03
-7.3734e-02
-9.2199e-02
-9.7630e-03
-6.6827e-01
-3.7659e-01
-1.9176e-01
-2.2816e-01
-4.0496e-01
-7.5709e-02
-6.7966e-02
-6.9766e-02
-2.3631e-02
-4.3968e-03
-1.3737e-01
-1.9006e-01
-3.8015e-01
-1.3320e-01
-4.4415e-01
-4.5095e-01
-1.6414e-03
-3.2866e-01
-2.0499e-01
-4.2776e-01
-3.1349e-01
-4.6875e-03
-2.0188e-03
-3.9681e-01
-4.6424e-01
-4.0363e-01
-4.9972e-03
-3.5090e-01
-4.7081e-01
-7.1943e-02
-6.4326e-04
-8.8609e-03
-1.1880e-01
-3.5679e-03
-4.6822e-03
-6.3796e-01
-3.8320e-03
-3.9424e-01
-7.4822e-02
-3.3056e-01
-2.7548e-01
-3.1986e-03
-6.0059e-01
-3.6860e-01
-3.3033e-02
-6.5303e-02
-1.1437e-01
-5.6026e-02
-3.4020e-01
-7.2420e-01
-3.5716e-01
-3.6255e-02
-4.8399e-03
-5.6224e-01
-2.5751e-01
-1.1522e-01
-2.3614e-03
-5.3066e-01
-8.7777e-03
-7.9626e-02
-1.0267e-01
-3.2917e-01
-2.7593e-01
-1.1223e-01
-4.0983e-03
-5.7555e-01
-3.1839e-01
-2.6997e-02
-5.0150e-01
-4.0203e-01
-9.5055e-02
-4.2281e-02
-1.4158e-01
-7.1384e-01
-3.1305e-01
-2.6866e-02
-5.1665e-02
-3.1648e-01
-2.0790e-01
-1.9981e-01
-4.4900e-04
-2.4142e-02
-1.8663e-01
-7.1243e-03
-3.7783e-01
-5.3241e-01
-3.7112e-02
-2.3800e-03
-4.7586e-03
-5.3934e-01
-1.2280e-01
-7.2904e-01
-1.5419e-01
-8.6970e-04
-8.2736e-04
-7.0628e-01
-2.2876e-01
-9.2092e-02
-2.6090e-03
-3.4301e-02
-4.7352e-03
-1.4997e-02
-9.2126e-03
-2.2941e-01
-5.1483e-04
-1.7047e-02
-3.1653e-02
-7.1152e-02
-6.2997e-01
-4.5739e-03
-3.4006e-01
-9.4554e-04
-1.2888e-01
-4.2094e-01
-2.6423e-02
-1.1730e-02
-1.2824e-01
-1.2160e-01
-3.5613e-03
-3.0027e-01
-6.0815e-01
-1.5223e-01
-2.2026e-01
-6.0601e-02
-4.2340e-01
-7.2601e-01
-5.7474e-01
-2.7296e-03
-3.3198e-04
-3.4910e-01
-3.4248e-02
-3.3971e-01
-8.2470e-02
-2.6186e-03
-2.9468e-01
-1.1566e-01
-4.2640e-03
-5.5892e-01
-1.0338e-02
-4.3394e-01
-4.8335e-03
-1.7420e-03
-4.9993e-03
-3.8799e-01
-1.5443e-01
-1.6803e-04
-2.8160e-03
-1.9915e-01
-6.4137e-01
-1.1336e-01
-3.1487e-02
-1.0115e-01
-6.4421e-01
-1.8109e-02
-2.0946e-04
-3.6798e-01
-1.0351e-01
-9.9868e-04
-4.1699e-03
-3.1801e-01
-2.6422e-01
-4.7156e-02
-4.7881e-02
-7.2054e-04
-1.7277e-02
-5.1238e-01
-1.8433e-01
-4.7173e-03
-2.3278e-03
-4.6046e-03
-1.3379e-01
-9.7951e-02
-2.5284e-01
-3.6049e-03
-2.1418e-01
-5.7147e-01
-2.4789e-01
-2.2751e-01
-5.3507e-03
-2.8925e-02
-6.1861e-01
-2.7859e-03
-2.7482e-02
-6.1270e-02
-1.3825e-01
-4.6908e-03
-7.9138e-02
-6.1324e-01
-4.5963e-03
-5.3673e-01
-9.3191e-02
-1.9547e-01
-8.5653e-02
-6.4929e-01
-1.5594e-01
-4.9999e-03
-3.5244e-01
-7.2535e-01
-1.9861e-01
-1.6351e-01
-1.5358e-01
-2.0165e-02
-1.4337e-03
-6.8795e-01
-2.2725e-01
-1.2316e-03
-4.5933e-03
-4.9414e-03
-8.7048e-02
-4.4738e-01
-6.1617e-02
-1.2805e-02
-4.7562e-01
-7.5113e-02
-4.8939e-03
-5.0094e-01
-1.3613e-03
-4.6958e-01
-1.5065e-01
-1.9708e-01
-6.8157e-01
-7.0092e-01
-2.6474e-01
-3.2526e-01
-2.5032e-01
-4.3063e-01
-2.6551e-03
-6.6690e-02
-4.4296e-01
-4.3717e-03
-6.3373e-01
-3.5014e-02
-4.7077e-03
-1.1614e-01
-1.8265e-01
-8.2285e-02
-6.3913e-02
-6.3926e-01
-3.6640e-03
-5.0518e-01
-6.9027e-01
-4.9559e-03
-1.6985e-01
-2.8450e-02
-9.9341e-03
-7.0476e-02
-4.9598e-03
-1.6066e-02
-4.4680e-02
-8.7460e-02
-1.3893e-04
-6.6994e-01
-4.9007e-03
-6.0383e-02
-5.7668e-02
-4.6012e-03
-5.4407e-01
-5.2308e-01
-4.5690e-01
-6.8383e-01
-1.5539e-01
-3.1330e-03
-1.4485e-02
-7.8933e-03
-4.7497e-03
-3.1447e-03
-1.0436e-01
-4.5862e-01
-7.1858e-01
-6.8627e-01
-1.8602e-01
-4.6247e-01
-1.9106e-02
-1.3133e-02
-2.1944e-01
-4.8524e-03
-1.5710e-01
-4.7033e-03
-1.1965e-02
-2.2117e-01
-1.3676e-01
-1.2123e-01
-4.9763e-01
-6.1950e-01
-3.3807e-03
-4.6459e-01
-4.8392e-02
-4.6974e-01
-3.6225e-03
-3.8517e-01
-5.9126e-02
-4.2771e-01
-1.7120e-01
-4.8839e-03
-1.4283e-01
-2.1857e-03
-1.0800e-02
-2.2223e-01
-9.5704e-02
-5.2258e-01
-2.3648e-03
-4.2001e-02
-3.1096e-02
-3.7210e-03
-3.9474e-02
-1.0217e-02
-2.7669e-01
-1.8300e-03
-7.2814e-01
-2.3519e-02
-1.3710e-01
-4.0841e-01
-1.6011e-01
-3.4007e-03
-2.0247e-02
-9.1999e-02
-1.0574e-01
-3.9327e-02
-2.1321e-02
-2.5679e-03
-1.2565e-02
-1.9325e-01
-4.6354e-01
-4.9784e-03
-8.5509e-02
-2.8485e-01
-5.5824e-01
-2.7142e-02
-6.2999e-02
-6.5760e-02
-6.3194e-01
-2.1010e-01
-4.3104e-01
-6.6341e-02
-2.3546e-01
-2.2671e-01
-3.0907e-02
-3.5845e-01
-1.3479e-03
-1.1629e-01
-3.1429e-01
-9.9347e-02
-6.9558e-04
-2.7632e-02
-6.1808e-01
-7.5663e-05
-4.7538e-03
-1.1510e-01
-1.5409e-01
-6.2319e-01
-2.6328e-02
-1.4179e-03
-2.7374e-02
-1.3208e-03
-6.2933e-01
-2.7548e-03
-3.4676e-03
-2.1333e-03
-4.5466e-01
-4.1598e-02
-3.6038e-01
-1.6911e-01
-3.2995e-02
-5.5872e-03
-6.3406e-02
-4.2567e-03
-2.7748e-03
-2.6403e-03
-1.3990e-01
-2.1913e-01
-4.2892e-01
-7.3854e-03
-2.1630e-01
-9.7944e-02
-2.9544e-01
-8.2881e-02
-2.6311e-03
-3.4641e-01
-2.0622e-01
-6.0630e-01
-4.2140e-01
-2.1181e-01
-7.4050e-03
-1.2935e-01
-3.4775e-03
-2.8095e-01
-1.0999e-03
-2.5306e-03
-1.5895e-01
-4.9999e-03
-2.4859e-01
-4.9217e-03
-7.0737e-02
-4.1882e-01
-4.3898e-04
-2.3092e-01
-2.9278e-01
-6.1194e-01
-2.5677e-02
-1.1079e-01
-1.5184e-01
-1.0659e-01
-4.2068e-05
-2.7475e-01
-3.4466e-01
-3.9787e-01
-6.6629e-01
-2.4841e-02
-1.4811e-03
-1.0960e-02
-6.2874e-01
-3.5749e-01
-1.8223e-03
-2.9101e-01
-6.1235e-01
-3.4171e-01
-6.6250e-02
-6.8643e-02
-5.8229e-01
-4.8116e-03
-2.4406e-03
-3.5212e-02
-1.5317e-01
-2.5006e-02
-1.5826e-01
-3.9500e-03
-2.7124e-01
-2.8320e-01
-6.4151e-01
-1.5830e-03
-4.5232e-03
-1.1717e-03
-3.1096e-03
-5.0332e-03
-4.9159e-03
-1.2543e-01
-1.1260e-01
-1.2238e-03
-2.7769e-01
-6.8463e-01
-4.0153e-01
-4.2364e-02
-2.4630e-03
-2.9692e-02
-2.8900e-01
-2.5999e-02
-4.1686e-01
-8.8465e-02
-1.0081e-01
-2.4690e-01
-1.0100e-02
-6.2388e-01
-5.8121e-02
-1.2980e-03
-3.0009e-02
-4.7482e-03
-1.6537e-02
-2.0034e-02
-9.2653e-02
-7.4652e-02
-2.9745e-01
-3.2259e-03
-3.2122e-01
-3.5534e-02
-1.1136e-01
-3.2377e-01
-3.2325e-01
-5.5950e-01
-4.1377e-01
-3.4090e-03
-1.8559e-03
-6.0036e-01
-4.0464e-03
-3.5512e-03
-3.6402e-02
-9.3371e-02
-5.5384e-02
-2.3281e-01
-5.4146e-02
-4.1505e-01
-2.6577e-03
-2.2156e-01
-2.2104e-01
-4.7408e-03
-1.2961e-01
-3.5028e-01
-4.4130e-03
-2.9015e-01
-3.3215e-01
-3.3215e-03
-4.7255e-03
-4.9465e-03
-4.8992e-01
-9.6268e-02
-3.7714e-01
-4.6767e-01
-4.5368e-01
-4.1173e-03
-5.0063e-02
-3.7121e-03
-1.6314e-02
-6.8779e-01
-4.9329e-01
-2.3799e-01
-4.9815e-03
-4.9112e-03
-5.1686e-01
-6.7596e-02
-1.5768e-01
-2.3876e-01
-1.7377e-01
-3.8905e-02
-4.3068e-03
-9.0444e-02
-9.7035e-02
-5.0106e-02
-5.7027e-02
-1.3282e-01
-3.6192e-01
-5.5900e-02
-3.2240e-01
-7.7238e-02
-2.1755e-01
-4.6741e-01
-5.2739e-01
-3.0549e-03
-1.9063e-01
-6.6165e-01
-6.1052e-02
-1.4557e-01
-2.5183e-01
-4.1563e-02
-6.5484e-03
-3.6847e-02
-2.3532e-03
-6.7921e-01
-1.4190e-01
-2.1216e-02
-8.8502e-04
-3.3248e-01
-5.6944e-01
-5.4538e-01
-2.8446e-03
-2.0535e-01
-1.6763e-02
-5.0819e-02
-7.0199e-01
-9.9149e-03
-1.0762e-03
-6.9601e-01
-6.8194e-01
-4.5067e-03
-2.3147e-01
-6.6043e-01
-2.1599e-01
-7.0411e-01
-2.8075e-03
-4.1605e-01
-4.5399e-03
-1.7851e-01
-8.0586e-05
-2.5871e-01
-1.9766e-01
-1.7328e-01
-1.7591e-01
-1.8019e-01
-4.2142e-02
-5.8955e-01
-3.2499e-01
-2.2208e-01
-1.5814e-04
-5.6740e-02
-2.1390e-02
-1.0040e-01
-3.7863e-03
-1.4648e-01
-2.9315e-02
-1.5364e-03
-5.6418e-01
-4.4457e-02
-2.0681e-02
-2.8540e-01
-6.1585e-01
-2.4728e-03
-1.3261e-01
-6.4453e-02
-4.8830e-01
-2.3484e-01
-1.2748e-01
-3.9595e-01
-5.7145e-02
-8.7666e-04
-4.9865e-03
-8.4070e-02
-8.1952e-02
-5.9395e-01
-1.2973e-01
-1.5991e-01
-2.9360e-01
-4.6091e-03
-5.8646e-01
-1.1486e-01
-4.7805e-01
-5.5609e-01
-4.9437e-03
-3.5984e-01
-6.4773e-01
-5.9120e-01
-3.4391e-03
-4.9486e-03
-5.3402e-01
-1.8643e-01
-4.7000e-02
-1.7173e-01
-2.4903e-01
-3.2626e-03
-2.5096e-03
-1.2389e-01
-5.9921e-01
-4.8226e-01
-1.8714e-01
-7.4178e-02
-3.0763e-01
-5.7505e-02
-1.0508e-02
-3.0195e-01
-1.5097e-03
-5.0666e-01
-4.0718e-01
-3.9812e-01
-1.3120e-01
-4.9798e-01
-2.6758e-01
-2.8743e-01
-4.6649e-01
-1.4538e-01
-4.9944e-03
-3.4087e-01
-2.5604e-02
-3.9558e-01
-2.7714e-01
-6.0794e-02
-3.7627e-03
-3.8447e-03
-2.5441e-01
-6.2110e-01
-3.3547e-01
-6.5451e-01
-2.9977e-03
-2.9409e-01
-3.0631e-01
-4.9581e-03
-2.2728e-02
-1.5689e-01
-1.3983e-02
-6.5761e-01
-4.3001e-03
-2.8895e-03
-2.3584e-01
-3.0161e-02
-6.5004e-02
-5.1503e-03
-2.8866e-01
-1.2677e-03
-7.5300e-02
-1.2609e-01
-1.2314e-01
-4.0360e-02
-1.0651e-03
-6.2349e-01
-5.1498e-01
-1.6155e-02
-2.4435e-02
-1.0424e-03
-1.0418e-01
-2.2587e-02
-2.5781e-03
-4.5155e-01
-3.4311e-01
-4.4023e-01
-2.7753e-01
-4.2944e-03
-4.5041e-03
-4.8424e-03
-3.9767e-03
-5.1198e-01
-2.4245e-01
-5.4942e-01
-2.8074e-04
-1.3082e-01
-1.6188e-01
-6.5750e-02
-4.0467e-01
-5.3251e-01
-1.7937e-01
-4.3258e-01
-7.3629e-02
-8.1100e-02
-8.6225e-02
-1.0791e-01
-6.5675e-01
-6.4512e-01
-1.4690e-01
-2.1058e-01
-6.1558e-01
-2.8309e-03
-4.9490e-03
-2.1388e-01
-5.4181e-01
-7.3044e-01
-2.4203e-03
-6.0386e-01
-3.6860e-03
-6.9840e-01
-4.2868e-02
-3.6336e-03
-3.0858e-01
-2.4756e-02
-5.2169e-02
-1.6720e-01
-4.3174e-03
-1.6483e-02
-3.3264e-03
-8.7930e-02
-9.0895e-02
-1.3053e-02
-5.7919e-01
-4.8125e-01
-1.3838e-01
-1.2530e-01
-2.5904e-02
-4.2759e-03
-1.3696e-01
-3.5841e-01
-4.0596e-01
-2.1950e-03
-4.4996e-01
-9.4450e-02
-1.4748e-01
-1.2942e-02
-5.5540e-02
-1.4299e-01
-6.0506e-03
-3.8561e-02
-1.3223e-01
-2.9585e-01
-2.8351e-03
-4.4918e-01
-4.7297e-03
-4.7290e-01
-4.4864e-01
-8.7099e-03
-7.2887e-03
-5.4978e-01
-1.9396e-02
-7.0410e-02
-5.9308e-03
-4.4356e-03
-4.6098e-01
-5.1123e-01
-7.9136e-03
-2.5822e-01
-2.6662e-03
-4.5848e-01
-3.5688e-01
-1.9276e-02
-7.1932e-01
-5.2261e-02
-4.9989e-03
-5.2970e-01
-5.3707e-02
-3.8416e-04
-5.2678e-02
-2.4450e-01
-3.0670e-02
-1.7488e-01
-3.1502e-03
-6.4133e-02
-1.6267e-01
-2.0976e-01
-4.5452e-03
-6.3102e-02
-4.9268e-03
-5.5314e-01
-1.2732e-01
-4.6905e-01
-2.9313e-01
-1.4622e-03
-4.6169e-03
-5.2546e-04
-6.2732e-01
-5.8421e-01
-5.5236e-01
-3.8632e-02
-1.6483e-01
-4.9773e-03
-1.5962e-03
-4.6353e-03
-2.0449e-01
-5.8648e-02
-8.0766e-02
-6.9220e-01
-2.1055e-03
-4.4790e-02
-6.2508e-01
-1.4904e-01
-4.3427e-03
-4.9527e-01
-5.4338e-02
-9.6749e-02
-1.3428e-01
-1.9512e-03
-1.9685e-03
-1.1822e-01
-5.9222e-01
-3.2515e-02
-5.5129e-02
-6.4311e-01
-6.7420e-02
-4.9941e-01
-6.3546e-01
-1.9812e-01
-2.0632e-03
-3.3743e-03
-1.3788e-01
-6.3736e-03
-1.8695e-01
-4.9513e-03
-1.7469e-01
-2.6381e-01
-2.7510e-01
-6.3606e-02
-4.3223e-01
-1.5003e-01
-4.2910e-01
-1.6616e-01
-6.5676e-01
-4.9707e-03
-2.0255e-01
-3.7951e-01
-1.6438e-01
-1.7984e-01
-7.0977e-01
-6.9200e-01
-1.7888e-03
-8.9721e-02
-3.1245e-01
-2.5121e-01
-8.4352e-04
-6.0039e-02
-5.7408e-01
-3.6266e-01
-6.2296e-03
-4.5689e-02
-2.6678e-01
-4.5560e-03
-4.7563e-03
-2.8348e-01
-1.7667e-05
-3.4082e-03
-4.0506e-02
-3.1606e-01
-4.5924e-01
-2.3033e-01
-1.9707e-02
-1.8554e-02
-2.8127e-01
-4.8900e-03
-1.9439e-02
-2.3649e-01
-6.7446e-01
-1.5240e-02
-6.7293e-01
-7.6209e-02
-1.0817e-01
-4.8288e-03
-3.0771e-01
-4.2397e-01
-5.0630e-01
-5.1373e-02
-5.1885e-01
-1.0602e-02
-4.4620e-01
-3.3916e-01
-3.7493e-01
-2.9438e-02
-1.0246e-01
-1.9229e-01
-4.7686e-02
-1.6784e-01
-2.0158e-01
-1.4010e-01
-7.7572e-02
-1.1213e-01
-4.4803e-03
-1.3168e-01
-7.3097e-01
-1.4059e-01
-3.3838e-01
-4.6864e-02
-3.6358e-01
-1.2188e-01
-1.2261e-02
-5.8716e-02
-2.7245e-03
-5.4820e-01
-1.7041e-01
-1.3559e-01
-7.2041e-01
-4.0200e-03
-2.4302e-03
-4.1325e-03
-1.8977e-01
-2.8852e-01
-2.4963e-02
-1.0582e-02
-6.2019e-02
-2.4635e-01
-5.4069e-01
-2.0584e-01
-4.4794e-01
-2.2300e-01
-2.5702e-01
-5.3053e-02
-1.8956e-05
-2.7921e-01
-1.4375e-01
-3.4124e-01
-3.0004e-01
-2.2019e-02
-5.0476e-01
-6.3079e-01
-7.2622e-02
-1.2017e-01
-4.3106e-02
-9.8425e-02
-4.7963e-03
-7.2959e-01
-5.8935e-02
-6.5173e-01
-5.4550e-01
-3.2958e-01
-4.1164e-03
-4.9991e-03
-1.7193e-02
-3.1623e-03
-4.8765e-01
-4.5582e-01
-4.9491e-01
-2.8803e-01
-3.3382e-01
-5.6571e-02
-4.4172e-01
-2.5960e-01
-4.0247e-01
-4.7224e-01
-6.2922e-01
-6.5041e-01
-1.9192e-03
-1.6855e-03
-6.5274e-01
-6.0167e-01
-7.2359e-01
-1.3958e-03
-3.6579e-03
-1.6701e-02
-6.6799e-03
-1.3798e-02
-1.0284e-01
-3.1550e-01
-1.2676e-01
-4.4126e-01
-3.1649e-03
-3.1156e-01
-2.3988e-01
-5.3321e-02
-3.3104e-01
-3.0572e-01
-2.1620e-02
-2.2344e-01
-4.8953e-03
-5.5489e-01
-3.2135e-02
-5.6838e-01
-7.0535e-04
-9.3511e-02
-4.1282e-03
-2.4481e-01
-2.9764e-01
-3.6813e-01
-6.5457e-02
-1.6596e-01
-5.6176e-01
-2.8271e-03
-7.7616e-02
-5.6329e-01
-4.6454e-02
-4.8072e-01
-8.3633e-02
-1.3694e-02
-1.9911e-03
-1.6434e-01
-4.0507e-04
-1.4788e-02
-3.8215e-03
-3.8412e-03
-4.0213e-01
-6.8213e-02
-6.6009e-02
-1.7326e-01
-5.2864e-02
-6.4814e-01
-4.7506e-01
-3.0046e-02
-6.9517e-02
-1.5471e-02
-4.0836e-02
-2.9233e-01
-5.2214e-01
-1.2582e-01
-1.0536e-01
-1.3509e-01
-4.8234e-03
-4.3541e-02
-1.9614e-01
-1.7596e-02
-3.2032e-01
-3.8048e-03
-9.1087e-02
-4.6137e-02
-4.1368e-02
-7.3604e-04
-1.0415e-02
-4.6500e-01
-1.4216e-01
-4.7924e-03
-5.5021e-01
-1.8783e-01
-2.2760e-02
-2.7628e-01
-5.7900e-02
-3.3082e-03
-1.4031e-01
-6.0275e-02
-3.5032e-01
-3.5814e-03
-1.0213e-01
-1.1454e-01
-4.3934e-03
-2.2432e-01
-2.4947e-01
-1.7959e-02
-3.9348e-03
-3.2832e-02
-2.4569e-02
-3.7447e-01
-2.1974e-01
-4.9371e-03
-3.6371e-01
-2.7419e-03
-1.2409e-01
-2.9703e-03
-1.4432e-02
-2.5621e-01
-1.2423e-03
-1.3923e-01
-6.0460e-02
-1.5272e-01
-2.7932e-01
-3.7026e-01
-2.2470e-02
-1.0275e-02
-9.1833e-03
-1.6792e-03
-4.7837e-03
-7.3175e-02
-3.4927e-01
-4.4152e-02
-7.2697e-01
-6.6959e-01
-4.7898e-01
-3.1222e-01
-2.4184e-01
-1.4748e-03
-6.9860e-02
-2.8865e-03
-6.2004e-01
-4.4467e-01
-4.3141e-03
-6.4657e-01
-2.4759e-03
-1.4239e-01
-2.7878e-01
-4.9271e-02
-4.8494e-03
-6.5976e-01
-6.9356e-02
-4.5424e-01
-1.3422e-02
-4.2455e-03
-1.5891e-01
-1.0561e-01
-6.8674e-03
-4.3341e-01
-1.3466e-01
-4.8903e-02
-3.5434e-01
-3.2160e-01
-3.8856e-02
-2.8459e-01
-3.0835e-02
-9.4840e-03
-1.9208e-01
-9.0239e-03
-1.8946e-03
-3.2752e-03
-3.8712e-01
-5.0399e-01
-1.3248e-01
-3.4621e-02
-3.3560e-01
-6.9768e-01
-3.7389e-03
-5.1094e-01
-2.7890e-02
-5.1093e-02
-4.5363e-03
-3.0509e-01
-1.7555e-03
-4.5338e-02
-6.6899e-01
-7.0321e-01
-5.1977e-01
-6.9604e-02
-2.1737e-03
-4.0799e-01
-4.9580e-02
-5.8296e-01
-6.4359e-01
-3.0355e-02
-5.9711e-01
-1.7628e-01
-3.4832e-01
-1.1854e-02
-5.8085e-01
-4.0118e-03
-4.3304e-03
-7.6776e-04
-1.2737e-03
-2.7297e-01
-5.4824e-02
-1.1981e-03
-3.1192e-03
-4.3302e-03
-2.9224e-02
-1.4102e-02
-1.1936e-01
-5.2811e-02
-4.6564e-01
-3.4449e-02
-1.9746e-01
-1.5934e-01
-4.2874e-03
-6.9907e-01
-4.9068e-03
-4.3833e-01
-6.3963e-01
-5.9698e-01
-7.0270e-01
-5.5058e-02
