0.0570	-0.1166	-2.0000
0.0463	0.0662	0.0000
0.0568	-0.0594	0.0000
-0.0605	-0.0894	0.0000
-0.0103	0.0458	-2.0000
-0.0768	0.0993	0.0000
-0.0379	0.2077	0.0000
-0.0304	0.0545	0.0000
0.0244	0.0235	-2.0000
-0.0324	0.0422	-2.0000
0.0701	0.0425	0.0000
0.0376	0.0624	0.0000
-0.0742	0.0592	0.0000
-0.0305	-0.0969	0.0000
-0.0155	0.0996	0.0000
-0.0265	0.0470	0.0000
-0.0465	0.1077	-2.0000
-0.1218	0.0319	0.0000
0.1271	0.0129	-2.0000
-0.0024	-0.0645	0.0000
-0.0533	0.0430	0.0000
0.0531	0.0266	-2.0000
-0.0468	0.0115	-2.0000
-0.0930	0.0537	0.0000
-0.0431	0.0807	-2.0000
-0.0267	0.1419	0.0000
0.1457	-0.0345	0.0000
0.0785	0.0831	-2.0000
-0.0607	0.0318	0.0000
0.0752	0.0797	0.0000
-0.0232	0.0691	0.0000
0.0285	-0.0573	0.0000
-0.0096	0.1197	-2.0000
-0.0820	0.0845	0.0000
-0.0181	-0.0924	0.0000
0.0234	0.0475	-3.0000
-0.0302	-0.1143	0.0000
-0.0113	0.0174	-3.0000
0.0684	-0.0595	-2.0000
0.0593	-0.0041	0.0000
-0.0014	0.0429	0.0000
0.0433	0.1354	0.0000
-0.0403	0.0244	0.0000
0.0351	-0.0816	0.0000
0.1234	0.0048	0.0000
-0.0530	0.1154	0.0000
0.0130	-0.0950	0.0000
0.1734	0.0048	0.0000
-0.0942	0.0579	0.0000
0.0285	0.0417	-3.0000
0.0107	-0.0119	-2.0000
0.0758	0.0170	0.0000
0.0463	0.1282	0.0000
-0.0582	-0.0156	0.0000
-0.1492	-0.0561	0.0000
-0.0074	-0.0852	0.0000
0.0575	0.0153	0.0000
-0.0174	-0.0234	-2.0000
0.0211	-0.0103	0.0000
0.0336	-0.1395	0.0000
0.0247	-0.0911	0.0000
0.0024	-0.0075	-2.0000
0.1188	-0.0719	-2.0000
-0.0192	-0.0821	-2.0000
0.0977	-0.0558	0.0000
0.0884	0.0340	0.0000
-0.0527	0.0013	-3.0000
0.0078	-0.1024	0.0000
-0.0712	0.0764	0.0000
0.0984	0.0142	-2.0000
0.0575	-0.1568	0.0000
0.0693	-0.0457	-2.0000
-0.0964	0.0223	-3.0000
0.0033	0.0132	-3.0000
-0.0478	0.1215	-2.0000
-0.0114	0.0298	0.0000
-0.0164	-0.0079	-3.0000
-0.0151	-0.0029	0.0000
-0.0988	-0.0569	0.0000
0.0109	-0.0558	-2.0000
-0.0131	-0.1180	0.0000
0.0193	0.0975	-2.0000
-0.0176	-0.0429	-2.0000
-0.0636	-0.1041	0.0000
-0.0496	0.1146	0.0000
0.0367	-0.1193	0.0000
0.0098	-0.0862	-3.0000
-0.1555	-0.0413	0.0000
0.0642	-0.1054	-2.0000
-0.1643	0.0660	0.0000
-0.0965	0.0261	-2.0000
-0.0081	0.0012	-3.0000
0.1396	-0.0198	0.0000
0.0427	-0.1388	0.0000
0.0738	0.1022	0.0000
0.0562	0.1138	-2.0000
0.0956	0.0886	0.0000
0.0875	0.1150	-2.0000
-0.0845	0.0947	-3.0000
0.0850	0.0817	0.0000
0.0523	0.0437	0.0000
0.0434	0.0864	-2.0000
-0.0034	0.0846	-2.0000
0.0246	0.0707	0.0000
0.0412	-0.0198	0.0000
-0.0218	-0.0440	0.0000
0.0646	-0.0861	0.0000
-0.0106	0.0626	-3.0000
0.0043	0.1658	0.0000
0.0677	-0.1066	0.0000
-0.0798	-0.0026	0.0000
0.0145	-0.1250	-2.0000
-0.0677	0.0643	-2.0000
0.0255	0.1037	-2.0000
-0.0271	0.0512	0.0000
0.0517	0.0114	-3.0000
-0.0973	0.1249	0.0000
-0.0667	0.0140	0.0000
0.0826	0.0851	-2.0000
-0.0226	0.0641	0.0000
0.1487	-0.0001	0.0000
0.0986	0.0710	0.0000
0.0239	-0.0771	-2.0000
0.1188	-0.0131	-2.0000
-0.1064	0.0603	0.0000
0.0121	0.0784	-2.0000
-0.0918	0.0448	0.0000
0.0726	-0.0503	-3.0000
0.0132	-0.1049	0.0000
0.0955	-0.0099	0.0000
0.0279	-0.0234	-2.0000
0.0569	0.0226	0.0000
-0.1420	0.0028	-2.0000
-0.0891	0.0906	0.0000
0.0660	0.0771	-2.0000
0.0058	0.1154	0.0000
-0.0182	0.0393	-3.0000
-0.0069	-0.0331	0.0000
-0.1006	-0.0316	-2.0000
-0.0344	0.0079	0.0000
0.0929	0.0445	0.0000
-0.0132	-0.0085	-2.0000
0.1064	0.1615	0.0000
-0.0666	0.0102	0.0000
-0.0039	0.0947	0.0000
0.0041	-0.0262	-2.0000
-0.0779	-0.0535	0.0000
0.1716	0.0210	0.0000
-0.0122	-0.0230	0.0000
0.0003	0.0070	-2.0000
-0.0762	-0.1104	0.0000
0.0088	0.1312	0.0000
0.0796	0.0634	0.0000
0.0165	-0.0692	-3.0000
0.1431	0.0559	0.0000
0.1327	-0.1123	0.0000
0.1175	-0.0180	0.0000
0.0645	-0.0956	0.0000
-0.0847	-0.0773	0.0000
0.0150	0.0786	0.0000
-0.0067	0.1687	0.0000
0.0474	-0.0534	0.0000
-0.0011	0.0039	0.0000
0.0681	0.1600	0.0000
-0.0102	0.0930	0.0000
-0.0072	-0.0504	0.0000
-0.0734	0.0133	0.0000
-0.0989	0.0643	0.0000
0.0594	0.0355	-3.0000
-0.0618	0.0188	0.0000
0.1150	0.0958	0.0000
0.0674	-0.0231	-2.0000
0.0448	-0.1221	-2.0000
-0.1250	-0.0507	0.0000
0.0292	-0.0148	0.0000
0.0632	0.0328	0.0000
-0.0447	0.0350	0.0000
-0.0637	0.0052	0.0000
0.1586	0.0035	0.0000
0.0498	0.0607	0.0000
0.0696	0.0484	0.0000
-0.0027	-0.1705	0.0000
-0.0230	0.1076	0.0000
0.0463	-0.0173	-2.0000
0.0490	-0.0330	0.0000
-0.1220	-0.0089	0.0000
0.0816	0.0952	0.0000
0.0223	0.0276	-2.0000
-0.1039	0.0544	0.0000
0.0820	0.0064	-2.0000
-0.0247	0.1241	0.0000
0.0085	0.0447	0.0000
-0.0844	0.0297	0.0000
0.0350	0.0964	-3.0000
-0.0658	0.0211	-2.0000
-0.0581	0.1123	0.0000
-0.0050	0.1384	-2.0000
-0.0095	-0.0087	0.0000
0.0477	-0.0671	0.0000
0.0554	0.0449	0.0000
0.0551	-0.0022	0.0000
0.1464	-0.0480	0.0000
-0.0228	-0.0170	0.0000
0.0459	-0.1257	0.0000
-0.0449	-0.1442	0.0000
-0.1402	-0.0663	0.0000
-0.0526	0.0760	0.0000
-0.0084	-0.0533	0.0000
0.0858	0.0039	0.0000
0.0461	0.0085	-2.0000
-0.1664	0.0579	0.0000
-0.0421	-0.0402	-2.0000
-0.0027	-0.0722	-2.0000
0.0195	0.0712	-2.0000
0.0221	0.1169	-2.0000
0.0131	0.0648	-3.0000
0.0193	-0.0799	0.0000
-0.0275	-0.0121	-3.0000
-0.1531	-0.0031	0.0000
0.0701	0.0535	-2.0000
0.0442	-0.0183	-3.0000
-0.0727	-0.0284	0.0000
-0.0115	-0.1240	0.0000
0.0739	-0.0132	0.0000
0.0459	0.0491	-2.0000
0.0713	-0.1303	-2.0000
0.1162	-0.0280	0.0000
0.0295	0.0088	0.0000
-0.0360	-0.1182	-2.0000
-0.0939	-0.0679	-2.0000
0.0129	0.0023	-2.0000
-0.0419	-0.1457	0.0000
0.1526	0.0722	0.0000
0.0075	-0.0291	0.0000
-0.0993	-0.1231	0.0000
0.0594	-0.0190	0.0000
0.0483	0.1174	-2.0000
-0.1904	-0.1606	0.0000
0.0454	-0.0266	-2.0000
-0.0512	0.0642	0.0000
0.0673	-0.0319	-3.0000
0.1073	-0.0341	0.0000
-0.0519	0.0371	-2.0000
0.1320	-0.0523	0.0000
0.0061	-0.0409	-2.0000
-0.0531	0.0551	0.0000
0.1291	0.0134	0.0000
-0.0399	0.0962	0.0000
-0.0463	0.0674	0.0000
-0.0449	0.0194	0.0000
-0.0095	-0.0218	-3.0000
0.0429	-0.1104	0.0000
-0.0162	-0.0616	0.0000
-0.0200	0.1232	0.0000
-0.0525	0.0213	-2.0000
0.0589	-0.0225	0.0000
0.1571	0.0315	0.0000
-0.0077	-0.0273	0.0000
-0.0201	0.0009	-3.0000
-0.0020	0.0599	0.0000
0.0694	0.0272	0.0000
0.0192	0.0272	-2.0000
0.1385	-0.0837	0.0000
0.0289	-0.0198	-3.0000
0.0287	0.0135	-3.0000
0.0467	0.0529	-3.0000
0.0786	0.0089	0.0000
-0.1343	0.0252	0.0000
-0.0063	0.0082	-3.0000
0.0772	-0.0053	0.0000
0.0439	-0.0277	-2.0000
-0.0635	0.0340	-2.0000
0.0353	0.0893	-2.0000
0.0673	-0.0885	0.0000
-0.0181	-0.0485	0.0000
0.0780	-0.1032	0.0000
-0.0093	0.1119	0.0000
0.0759	-0.1005	-2.0000
0.0657	-0.0308	-3.0000
0.1085	0.0387	-2.0000
0.0753	0.0936	-3.0000
0.1108	0.0857	0.0000
-0.0318	-0.0294	-3.0000
0.0447	0.0104	-3.0000
-0.0473	0.0007	0.0000
0.1060	-0.0785	0.0000
-0.1153	-0.0131	0.0000
0.0378	-0.0767	0.0000
-0.0674	-0.1419	0.0000
-0.0268	-0.0211	0.0000
-0.0063	-0.0295	0.0000
-0.0565	0.1554	0.0000
-0.1598	0.1002	0.0000
0.1189	-0.0406	-2.0000
0.0486	0.0874	-3.0000
0.0657	0.0902	0.0000
-0.1042	-0.0213	0.0000
0.0467	0.0485	-3.0000
0.0344	-0.0695	0.0000
0.0364	-0.0674	0.0000
0.0137	-0.0428	0.0000
0.1152	-0.0185	0.0000
0.1094	0.0416	-2.0000
-0.0169	-0.0492	0.0000
-0.0670	0.0151	-2.0000
0.1501	0.0875	0.0000
-0.0678	0.0201	-3.0000
0.0093	0.0200	-3.0000
0.0350	0.0180	-2.0000
0.0927	-0.0438	-2.0000
0.0162	0.1128	-2.0000
0.0912	0.0268	-2.0000
0.0592	0.0535	0.0000
0.0822	-0.0730	-3.0000
-0.0477	-0.0174	0.0000
-0.0540	-0.0545	-2.0000
0.1008	0.0906	0.0000
0.0961	-0.0587	-2.0000
-0.1063	-0.1098	0.0000
-0.0050	0.0622	-3.0000
-0.0469	0.0025	0.0000
-0.1117	0.0810	0.0000
0.0069	-0.0306	0.0000
-0.0475	-0.0875	0.0000
0.0169	0.0107	-3.0000
0.0556	0.0613	-2.0000
-0.0206	-0.0761	-3.0000
-0.0322	-0.0033	-2.0000
0.0150	-0.0656	-2.0000
-0.0799	0.0224	0.0000
0.0867	0.0189	0.0000
0.0450	0.0044	-2.0000
-0.0434	-0.1163	-2.0000
-0.0666	-0.0571	0.0000
0.1098	0.0077	0.0000
-0.0299	0.0263	-3.0000
-0.0010	-0.0107	-2.0000
-0.1144	-0.0011	0.0000
0.0192	-0.1248	0.0000
0.0122	0.0245	-2.0000
0.0067	0.0549	0.0000
0.1123	-0.0552	0.0000
0.0279	0.0109	0.0000
-0.0038	-0.0114	0.0000
0.0724	-0.0534	0.0000
-0.0773	-0.1358	0.0000
0.1148	0.1429	0.0000
-0.0468	-0.0381	-3.0000
0.0531	-0.0429	0.0000
0.0311	-0.0535	0.0000
0.0414	0.0343	0.0000
-0.0007	0.0845	-2.0000
-0.0402	0.1402	0.0000
0.0181	-0.1080	-2.0000
-0.0263	-0.0048	0.0000
-0.1360	0.1042	0.0000
0.0877	-0.0990	0.0000
-0.1158	0.0912	0.0000
0.1065	0.0205	0.0000
0.0804	-0.0902	-2.0000
-0.1493	-0.0536	0.0000
0.0168	0.0280	0.0000
0.0652	-0.1470	0.0000
-0.0243	0.0428	-3.0000
-0.1753	-0.0461	0.0000
-0.0495	0.0030	-2.0000
0.1141	0.0700	-2.0000
0.0494	0.0436	0.0000
-0.0192	-0.0085	0.0000
0.0760	0.1239	0.0000
0.0949	-0.0232	0.0000
-0.0088	0.1377	0.0000
0.0745	0.0542	-2.0000
0.0419	-0.0312	0.0000
0.0295	0.1874	0.0000
0.0076	0.1253	-2.0000
0.0368	-0.0695	0.0000
-0.0831	-0.0931	0.0000
0.0633	-0.0583	-2.0000
0.0010	0.1202	0.0000
0.0754	-0.0216	-3.0000
-0.0189	0.0973	0.0000
0.0802	-0.0291	-2.0000
-0.0508	-0.1053	0.0000
-0.1696	0.0517	0.0000
0.0276	0.0540	0.0000
0.0156	-0.0171	0.0000
-0.0052	-0.1111	0.0000
0.0558	0.0203	-2.0000
0.0750	0.0096	0.0000
0.1500	0.1102	0.0000
0.0673	-0.0479	0.0000
-0.0301	0.0582	-2.0000
0.0467	0.0805	-2.0000
-0.0910	0.0198	0.0000
0.0095	0.0261	-2.0000
-0.0375	0.0114	-2.0000
-0.0294	0.0822	-2.0000
-0.0040	-0.1145	0.0000
0.0397	0.0070	-2.0000
-0.0542	-0.0739	-3.0000
-0.1503	-0.0776	0.0000
-0.0062	0.0353	0.0000
0.0851	0.0648	-2.0000
-0.0284	0.0551	-2.0000
0.0092	-0.0192	0.0000
0.0238	0.1149	-2.0000
-0.0979	0.0507	0.0000
-0.1038	0.0479	-2.0000
0.0178	-0.0350	-2.0000
-0.0397	-0.0357	0.0000
0.0789	0.0809	0.0000
0.0888	0.0134	0.0000
-0.0911	-0.0093	0.0000
0.0242	0.0898	0.0000
0.1323	-0.0748	0.0000
0.0004	-0.0256	-3.0000
0.0344	-0.0342	0.0000
-0.0524	0.1727	0.0000
-0.1382	0.0089	0.0000
0.1096	-0.0234	0.0000
0.0161	-0.0244	0.0000
0.0394	0.0242	-3.0000
0.0873	-0.0096	-3.0000
-0.0982	-0.0456	0.0000
-0.1091	0.0314	0.0000
0.0109	-0.0398	-2.0000
0.0395	-0.1320	0.0000
-0.0042	-0.0151	0.0000
0.1134	0.0920	0.0000
0.0396	-0.1030	0.0000
-0.0889	-0.0090	0.0000
0.0044	0.0453	-3.0000
0.0764	0.0178	0.0000
-0.0484	0.0705	-2.0000
0.0046	0.1077	0.0000
0.0365	-0.0624	0.0000
0.0569	-0.0889	0.0000
0.0455	0.0292	0.0000
0.0245	-0.0016	0.0000
0.0473	-0.0153	-2.0000
-0.0399	0.0809	-2.0000
-0.0395	0.0961	0.0000
-0.0437	0.0242	-2.0000
-0.1598	-0.0437	0.0000
0.1847	-0.1232	0.0000
0.0637	0.1403	0.0000
-0.0340	-0.0998	0.0000
-0.1050	0.1380	0.0000
-0.0632	0.1104	0.0000
0.0042	0.0482	0.0000
0.0724	-0.0493	0.0000
-0.0511	0.0476	0.0000
0.0548	0.1569	0.0000
0.1143	0.0094	0.0000
0.0490	0.1331	-2.0000
0.0482	-0.0394	0.0000
0.1684	0.0099	0.0000
0.0200	0.0538	-2.0000
-0.0079	0.1344	0.0000
0.0849	-0.1371	0.0000
-0.0316	-0.0243	-3.0000
-0.0806	-0.0075	0.0000
0.1066	-0.0715	0.0000
-0.0106	0.0912	0.0000
0.0852	-0.0377	0.0000
-0.0332	-0.1212	0.0000
-0.0363	0.0561	0.0000
-0.0138	0.0994	0.0000
-0.0349	-0.0268	-2.0000
0.0015	0.0270	-2.0000
-0.0440	0.0335	0.0000
0.0122	0.0728	0.0000
-0.1359	-0.0954	0.0000
0.0143	0.0793	-2.0000
-0.1786	-0.0510	0.0000
0.0005	0.0370	0.0000
-0.0300	-0.0632	0.0000
-0.0044	0.0688	-3.0000
-0.0131	-0.0085	-2.0000
0.0911	-0.0298	0.0000
-0.0475	-0.0858	0.0000
0.0585	0.0073	-2.0000
-0.0563	0.0781	-3.0000
-0.0751	0.0848	0.0000
0.0429	-0.0679	0.0000
-0.0624	-0.0261	0.0000
-0.0890	0.0286	0.0000
0.0031	-0.0091	-2.0000
0.1158	0.0801	0.0000
-0.1305	-0.0436	0.0000
-0.0317	-0.0230	-2.0000
0.1410	-0.0374	0.0000
-0.0074	0.0331	-2.0000
-0.0457	0.0362	-3.0000
0.1040	0.0060	0.0000
-0.1523	0.0168	-2.0000
-0.0018	-0.1056	0.0000
-0.0477	-0.0894	0.0000
0.1281	-0.1081	0.0000
0.0719	-0.0392	-2.0000
0.1010	0.0854	0.0000
0.1090	0.0389	-2.0000
-0.0669	-0.0414	-2.0000
-0.0296	-0.0301	-2.0000
0.0274	-0.1104	0.0000
0.0443	0.0000	-2.0000
-0.0235	0.1659	0.0000
-0.0335	-0.0202	0.0000
0.0895	0.0851	-3.0000
-0.0167	0.0547	0.0000
0.0739	0.0805	0.0000
0.1089	-0.0668	0.0000
0.0185	0.1865	0.0000
-0.0835	-0.0963	0.0000
-0.0645	0.1033	-2.0000
-0.0295	0.0430	0.0000
0.0708	0.0714	-2.0000
-0.0245	0.0032	0.0000
-0.1076	-0.0657	-2.0000
0.0610	-0.0629	-2.0000
-0.1012	0.0152	0.0000
-0.0364	-0.1231	0.0000
0.0551	0.1274	-2.0000
-0.1365	0.0304	0.0000
-0.0187	0.0529	-2.0000
0.0828	0.0559	-2.0000
0.1046	-0.0865	0.0000
-0.1525	-0.0155	0.0000
-0.0794	0.0066	-2.0000
0.1063	-0.0931	-2.0000
0.0756	-0.1199	0.0000
-0.0112	-0.0052	0.0000
0.1466	0.0067	-2.0000
-0.0619	-0.0621	0.0000
0.0762	0.1140	0.0000
0.0609	0.0327	-2.0000
-0.0362	-0.0264	-2.0000
-0.0735	0.0463	0.0000
-0.0854	-0.1136	0.0000
-0.0666	0.0099	0.0000
-0.0202	-0.1210	-2.0000
0.0840	-0.0424	0.0000
-0.0601	-0.0629	0.0000
0.0270	-0.0004	-2.0000
0.0955	0.0220	0.0000
0.1058	0.0080	0.0000
-0.1766	-0.0148	0.0000
-0.1144	-0.0109	-2.0000
0.0130	-0.0584	-2.0000
0.0229	-0.0464	-2.0000
0.0573	-0.0745	0.0000
0.0322	0.0775	0.0000
0.1051	-0.0591	0.0000
-0.0127	-0.0377	-2.0000
0.1068	0.0788	0.0000
-0.1341	0.0044	-2.0000
0.0875	0.0695	-2.0000
-0.1338	0.0130	0.0000
0.0595	-0.0645	-3.0000
-0.0087	0.0827	-2.0000
0.0790	0.0374	0.0000
0.0184	-0.0280	-3.0000
0.0179	-0.0012	-3.0000
-0.0256	-0.0170	0.0000
-0.1086	-0.0658	-3.0000
-0.0176	-0.0451	0.0000
-0.0168	0.1167	0.0000
0.0229	-0.0306	-3.0000
0.0525	0.1167	0.0000
-0.0929	-0.0244	0.0000
-0.0618	0.1892	0.0000
0.1543	0.0014	0.0000
-0.0333	-0.0774	0.0000
0.0222	-0.0419	0.0000
-0.1227	-0.0644	0.0000
-0.0659	-0.0582	0.0000
-0.0882	0.0836	0.0000
0.0073	0.0600	0.0000
0.0979	-0.0441	0.0000
0.0465	0.0310	0.0000
-0.0917	0.0053	-3.0000
0.0044	-0.0371	0.0000
0.0011	-0.0085	0.0000
0.1215	0.1121	0.0000
-0.0399	0.0489	0.0000
0.0419	-0.0919	0.0000
-0.0786	0.1527	-3.0000
0.0194	0.0857	-3.0000
-0.0123	0.1221	0.0000
0.0142	0.0268	0.0000
-0.0051	0.0840	0.0000
-0.0339	0.0930	-3.0000
0.0336	0.0195	0.0000
0.0843	0.1312	-3.0000
0.1001	-0.0774	-3.0000
-0.0464	-0.0603	0.0000
-0.0116	0.1039	0.0000
0.1321	0.0227	0.0000
-0.0529	-0.1242	-3.0000
-0.0410	0.1304	-3.0000
-0.0705	-0.1701	0.0000
0.0630	0.0285	-3.0000
-0.0012	0.0687	-3.0000
-0.0353	-0.0250	0.0000
-0.0251	-0.0788	-3.0000
0.0144	-0.0288	0.0000
0.1004	-0.0830	0.0000
0.0289	0.1450	0.0000
-0.0097	-0.0275	-3.0000
-0.1468	0.0556	0.0000
-0.0046	-0.0668	0.0000
-0.0520	-0.0486	0.0000
-0.0505	-0.0278	0.0000
0.0797	0.0802	0.0000
0.0980	0.0406	0.0000
0.0893	0.0932	0.0000
-0.1122	0.0192	0.0000
0.0353	0.0044	0.0000
-0.0285	0.0599	0.0000
-0.0401	0.0409	0.0000
-0.1280	0.0563	0.0000
-0.0559	-0.1196	0.0000
0.0842	-0.0489	-3.0000
-0.0124	-0.0127	-3.0000
0.0575	0.0227	-3.0000
-0.0064	0.0942	0.0000
-0.1037	-0.0703	-3.0000
0.0285	0.1384	0.0000
-0.0862	-0.0114	0.0000
-0.0276	-0.0998	-3.0000
-0.1094	0.0375	0.0000
-0.0469	-0.1035	-3.0000
-0.0569	0.0252	-3.0000
0.0005	0.0102	-3.0000
-0.0815	0.1394	0.0000
0.1178	0.0665	-3.0000
0.0814	-0.0444	0.0000
0.0176	-0.0338	0.0000
-0.0032	-0.0148	-3.0000
-0.0418	-0.0460	0.0000
0.0235	0.0128	0.0000
0.0544	-0.1351	0.0000
-0.1526	0.0144	0.0000
-0.0863	0.0419	0.0000
-0.0131	0.0967	0.0000
0.0295	0.0013	0.0000
0.1679	-0.0296	0.0000
0.0057	0.0281	-3.0000
0.0759	-0.0174	-3.0000
-0.1109	-0.0658	0.0000
0.0698	-0.1387	-3.0000
0.0392	-0.0033	-3.0000
-0.0314	0.0209	-3.0000
-0.0019	-0.0454	0.0000
0.0846	-0.0444	-3.0000
-0.0321	0.0033	0.0000
0.0112	0.0663	0.0000
0.1010	0.0110	-3.0000
-0.0032	-0.0716	0.0000
-0.0319	0.0692	0.0000
-0.0808	-0.0456	-3.0000
0.0149	0.1162	0.0000
0.0646	0.0414	0.0000
-0.0484	0.0182	-3.0000
0.0446	0.0996	0.0000
0.0308	-0.0132	0.0000
0.1732	-0.0833	0.0000
0.1318	-0.0256	0.0000
0.0189	0.0366	-3.0000
-0.0415	-0.0300	0.0000
-0.0174	-0.0332	0.0000
0.0990	-0.1386	0.0000
0.0466	0.0980	0.0000
0.0047	-0.0158	0.0000
0.0516	0.0392	-3.0000
-0.0881	-0.0144	0.0000
-0.0208	0.1077	-3.0000
0.0946	-0.0911	0.0000
-0.0266	0.0785	0.0000
-0.0166	-0.0297	0.0000
0.0508	0.0763	-3.0000
0.0133	0.0454	0.0000
-0.0360	-0.1108	0.0000
-0.0072	0.1564	-3.0000
-0.0541	-0.0461	-3.0000
-0.0822	0.0273	-3.0000
0.1641	0.0112	0.0000
0.0398	0.0012	0.0000
-0.0875	0.0435	0.0000
0.1351	0.0331	0.0000
0.0213	-0.1483	0.0000
0.0550	-0.0536	0.0000
0.0690	0.1249	0.0000
0.0633	-0.0249	-3.0000
0.0328	0.1468	0.0000
0.0973	0.0395	0.0000
-0.0267	-0.0103	0.0000
-0.0488	-0.0909	-3.0000
-0.0670	-0.0901	0.0000
-0.0404	-0.0337	0.0000
0.0510	-0.0062	-3.0000
-0.0438	0.0043	0.0000
0.0303	-0.0120	0.0000
0.0377	0.0954	-3.0000
-0.0355	0.0760	0.0000
0.1636	-0.0361	0.0000
-0.0538	-0.0739	0.0000
0.0170	0.0920	0.0000
-0.0018	-0.0247	0.0000
-0.0086	0.0635	-3.0000
-0.0268	0.0015	0.0000
-0.0918	0.0691	0.0000
0.1131	0.0324	0.0000
-0.0048	0.0665	-3.0000
0.0653	0.0984	0.0000
0.0693	0.0533	-3.0000
0.0661	0.0050	0.0000
0.1200	0.0540	0.0000
0.1272	0.0206	-3.0000
-0.0107	0.0191	-3.0000
-0.0764	-0.0118	-3.0000
0.0608	0.0856	-3.0000
-0.0451	-0.0831	0.0000
-0.0697	0.0645	-3.0000
-0.0336	-0.1456	-3.0000
0.0208	-0.0433	-3.0000
0.1828	-0.0429	0.0000
-0.0807	-0.1390	0.0000
0.0276	-0.1013	-3.0000
-0.0173	0.0541	-3.0000
-0.0811	0.0351	0.0000
0.0307	0.0559	0.0000
0.0610	-0.0463	-3.0000
-0.1149	0.1432	0.0000
-0.0186	0.0186	-3.0000
-0.0150	0.0282	-3.0000
0.0847	0.0627	-3.0000
0.1075	0.1086	0.0000
-0.0052	0.0730	0.0000
0.0929	-0.0586	0.0000
0.0280	0.0998	0.0000
0.0704	-0.0036	0.0000
-0.0513	0.0401	0.0000
-0.0064	0.1741	0.0000
-0.0229	-0.0767	-3.0000
0.1196	0.0522	-3.0000
-0.1877	0.0610	0.0000
-0.0363	-0.1060	-3.0000
0.0430	0.0584	-3.0000
-0.1453	-0.0398	0.0000
-0.1218	0.0525	0.0000
0.0029	0.1087	0.0000
-0.0085	0.0147	0.0000
-0.2081	0.0067	0.0000
0.0909	0.0613	0.0000
-0.0148	0.0335	-3.0000
-0.0364	0.1312	-3.0000
-0.0739	0.0522	-3.0000
0.0114	-0.0210	-3.0000
-0.0294	0.0199	-3.0000
0.0543	-0.0387	0.0000
0.0816	-0.0234	-3.0000
0.0731	0.1149	-3.0000
-0.0477	-0.0124	0.0000
-0.0319	0.1060	0.0000
0.0227	-0.0618	0.0000
-0.0333	0.0477	0.0000
0.0594	-0.0202	-3.0000
-0.0419	0.0566	0.0000
-0.0528	0.0104	0.0000
0.0596	0.0136	0.0000
-0.0037	-0.1601	0.0000
0.0162	-0.0863	0.0000
0.0582	-0.0561	-3.0000
0.1485	-0.0107	0.0000
0.0366	-0.0490	-3.0000
0.0288	0.0297	-3.0000
0.0597	-0.0454	-3.0000
0.0379	0.0817	-3.0000
0.0826	0.1082	0.0000
-0.0373	0.0027	-3.0000
0.1092	0.0301	-3.0000
0.0011	0.1123	-3.0000
0.0550	-0.0800	0.0000
0.0686	0.0231	-3.0000
-0.0526	0.0689	-3.0000
0.0602	0.1747	0.0000
0.0783	-0.0547	0.0000
0.0470	0.0396	0.0000
0.0994	0.0362	0.0000
-0.0061	0.1197	-3.0000
-0.0384	-0.1078	0.0000
0.0271	0.1793	0.0000
-0.0663	0.0968	0.0000
-0.0464	0.0276	-3.0000
0.0023	-0.0959	-3.0000
0.0154	0.0123	0.0000
0.1340	0.0171	0.0000
-0.0272	-0.1009	0.0000
0.1198	-0.0369	0.0000
0.0333	0.1225	0.0000
-0.0827	-0.0832	0.0000
0.0721	-0.1056	0.0000
0.0704	-0.0668	0.0000
0.1458	-0.0168	0.0000
-0.0744	-0.0734	0.0000
-0.0113	-0.1577	0.0000
0.0251	0.0588	0.0000
0.1076	0.0154	0.0000
-0.0841	-0.0384	-3.0000
0.0709	0.0139	0.0000
0.1050	-0.0617	0.0000
0.0789	-0.1073	0.0000
0.0112	0.0093	0.0000
0.0365	-0.0409	0.0000
-0.0126	-0.1508	0.0000
-0.0064	0.0440	0.0000
0.0681	-0.0465	0.0000
0.0098	0.0924	0.0000
-0.1099	-0.0128	0.0000
-0.0586	0.0402	-3.0000
0.0727	-0.0288	0.0000
0.0212	0.0133	-3.0000
-0.0283	0.0795	0.0000
0.0214	0.0719	-3.0000
-0.0122	-0.1536	0.0000
0.0062	0.1483	0.0000
-0.0689	0.1554	0.0000
0.0027	0.0595	-3.0000
0.1424	-0.0429	0.0000
-0.0054	0.0016	-3.0000
-0.0347	-0.0214	0.0000
0.0535	0.0985	0.0000
-0.0109	0.0261	0.0000
-0.0230	0.0788	0.0000
-0.0021	-0.0194	-3.0000
0.0895	0.0203	-3.0000
0.0226	-0.0024	-3.0000
0.0630	-0.0144	0.0000
0.0470	0.1445	0.0000
-0.0382	0.0406	0.0000
-0.0597	0.1133	0.0000
-0.0074	-0.0315	0.0000
0.0165	0.0080	-3.0000
-0.0357	-0.0116	0.0000
-0.0450	-0.0148	0.0000
0.0660	0.0304	0.0000
0.0879	-0.0450	0.0000
0.0261	-0.1024	-3.0000
0.0152	-0.0017	-3.0000
0.0279	-0.0303	0.0000
-0.0708	0.1293	-3.0000
-0.0030	-0.0378	-3.0000
0.0025	0.1142	0.0000
0.0451	0.0310	0.0000
0.0001	-0.0210	0.0000
-0.0872	0.0176	0.0000
-0.0163	0.0155	-3.0000
-0.0122	0.1656	-3.0000
0.0073	0.0657	0.0000
0.1493	-0.0281	0.0000
0.0451	0.0871	-3.0000
0.0475	0.0095	-3.0000
-0.0183	-0.0042	0.0000
0.0515	-0.0196	0.0000
-0.0416	0.0615	0.0000
-0.0263	0.0950	0.0000
-0.1275	0.0089	0.0000
0.0123	0.0964	-3.0000
0.1020	0.0159	-3.0000
0.1412	-0.0467	-3.0000
0.0976	-0.0125	-3.0000
-0.0963	0.1035	0.0000
0.0816	0.0181	0.0000
0.0176	-0.0374	-3.0000
-0.0812	-0.1314	-3.0000
0.1186	-0.0365	0.0000
0.0357	-0.0305	-3.0000
0.1227	-0.0677	0.0000
0.1103	-0.0120	0.0000
-0.0478	0.0036	-3.0000
0.0588	-0.1052	0.0000
-0.0191	-0.0046	0.0000
0.0956	0.0352	0.0000
0.0026	0.0146	0.0000
0.1151	0.0387	0.0000
0.0044	0.0314	0.0000
-0.0299	-0.0422	0.0000
-0.0135	-0.0612	-3.0000
0.1284	-0.0124	0.0000
-0.0104	0.0701	-3.0000
0.0747	-0.0030	0.0000
0.0426	0.0685	-3.0000
0.1062	0.0287	0.0000
0.0554	-0.1089	0.0000
-0.0622	0.0237	-3.0000
0.0403	-0.0768	-3.0000
-0.0425	0.0942	0.0000
-0.0330	-0.0623	0.0000
0.0080	-0.0201	0.0000
0.0895	0.0157	-3.0000
-0.0714	-0.0335	-3.0000
-0.0823	0.0381	0.0000
0.0035	-0.0271	0.0000
-0.0041	0.1009	-3.0000
0.1067	-0.1187	0.0000
0.0089	-0.0736	-3.0000
0.1798	0.0292	0.0000
0.0320	0.0732	-3.0000
0.1220	0.0182	0.0000
-0.0870	-0.0711	0.0000
-0.0309	-0.0919	0.0000
0.0549	0.0281	0.0000
0.0431	0.0008	-3.0000
0.1481	0.1009	0.0000
0.0775	-0.0993	0.0000
0.0352	-0.0721	0.0000
0.0718	0.0246	0.0000
0.0918	-0.0049	-3.0000
-0.0360	0.1556	0.0000
0.0211	0.0937	0.0000
0.1022	0.1144	-3.0000
0.0791	-0.0180	0.0000
-0.0172	-0.1228	0.0000
0.0397	0.0154	0.0000
0.0958	-0.0612	-3.0000
0.0364	0.0212	0.0000
0.0054	-0.0103	-3.0000
-0.0642	0.0039	0.0000
0.0504	0.0921	0.0000
-0.0455	-0.0023	0.0000
0.0443	-0.0954	-3.0000
0.0347	0.0533	-3.0000
-0.0309	-0.0508	-3.0000
-0.0340	0.0721	0.0000
-0.0626	0.0786	0.0000
-0.0775	-0.1328	0.0000
0.0468	-0.0454	-3.0000
-0.0660	0.1531	0.0000
0.0242	-0.1418	0.0000
0.0710	0.0152	-3.0000
0.0005	0.0539	-3.0000
0.1004	0.1359	0.0000
0.0385	-0.0089	0.0000
-0.0348	0.1109	0.0000
-0.0324	-0.0403	0.0000
0.1470	0.0066	0.0000
-0.1097	0.0942	-3.0000
0.1429	0.0235	0.0000
-0.1103	0.0254	0.0000
0.0710	-0.0348	-3.0000
0.0812	0.0510	-3.0000
0.0186	-0.1182	0.0000
0.1508	-0.0411	0.0000
-0.0391	0.0421	-3.0000
-0.0301	-0.0031	0.0000
-0.0268	0.0453	-3.0000
0.0086	0.1856	0.0000
0.0076	0.0562	0.0000
-0.0581	-0.0273	-3.0000
0.0052	0.0367	-3.0000
0.0466	0.0380	-3.0000
0.1246	-0.0576	0.0000
-0.0053	-0.0396	0.0000
-0.0072	0.0335	-3.0000
0.0368	0.0158	0.0000
-0.0668	-0.0514	-3.0000
-0.0244	0.0096	-3.0000
0.0204	0.0318	0.0000
0.0629	0.0294	-3.0000
-0.0387	0.0517	0.0000
0.0503	-0.0137	0.0000
0.1278	0.0066	0.0000
-0.0252	0.1308	0.0000
0.0306	0.0990	0.0000
0.0430	0.0077	0.0000
0.0233	-0.0013	-3.0000
-0.0004	0.1039	0.0000
-0.0090	-0.0305	-3.0000
0.0944	-0.0179	0.0000
-0.0078	0.0295	-3.0000
-0.0731	-0.0166	0.0000
-0.0617	0.0228	0.0000
0.0158	0.0426	0.0000
-0.0171	-0.0481	0.0000
0.0707	-0.0483	0.0000
-0.0259	0.1549	-1.0000
-0.0455	-0.0928	-1.0000
-0.0638	0.0165	-3.0000
-0.1180	0.0050	-1.0000
-0.0288	-0.0417	-3.0000
0.1096	0.0312	-3.0000
-0.1166	-0.0350	-1.0000
-0.0153	-0.0621	-3.0000
0.0418	0.0070	-1.0000
0.0070	0.0559	-3.0000
-0.0683	0.0613	-1.0000
-0.0695	0.0397	-1.0000
-0.0142	-0.0729	-3.0000
-0.0344	-0.1359	-1.0000
-0.0374	0.0332	-1.0000
0.1158	0.1193	-1.0000
0.0515	-0.0526	-1.0000
-0.0653	-0.0276	-3.0000
0.0095	-0.0333	-1.0000
0.0567	0.1501	-1.0000
0.1219	0.0175	-1.0000
-0.0636	0.0913	0.0000
-0.0495	0.1450	-3.0000
0.0121	-0.0560	-1.0000
-0.0630	0.0258	-1.0000
-0.0079	0.0473	-3.0000
-0.0492	0.0479	-1.0000
-0.1219	-0.0268	-3.0000
0.0588	-0.0812	-3.0000
-0.0418	0.0475	-3.0000
0.0632	-0.0218	-1.0000
-0.0018	0.0189	-3.0000
-0.0381	-0.0852	-1.0000
-0.0866	0.0545	-1.0000
0.0079	-0.0261	-1.0000
0.0152	0.0614	-3.0000
-0.0344	-0.0551	-1.0000
-0.0398	0.0180	-3.0000
-0.0512	-0.0393	-3.0000
0.0249	-0.1236	-3.0000
-0.0009	0.0729	-3.0000
0.0615	-0.0552	-3.0000
-0.0479	-0.0360	-3.0000
-0.0462	0.0403	-3.0000
0.0839	-0.1096	-1.0000
-0.0746	-0.0649	-1.0000
-0.0626	-0.0771	-1.0000
-0.0545	0.1171	-1.0000
-0.0033	-0.0042	-1.0000
-0.0584	0.0105	-3.0000
-0.0038	-0.1389	-1.0000
-0.0059	-0.0649	-3.0000
-0.0370	0.0544	-3.0000
-0.0516	-0.0126	-1.0000
0.1397	0.0859	-3.0000
0.0548	-0.1060	-3.0000
0.0422	0.1035	-1.0000
-0.0155	-0.0349	-3.0000
-0.0148	0.0930	-3.0000
0.0160	0.0413	-1.0000
0.0465	0.0398	-3.0000
0.0568	0.0478	-1.0000
-0.1192	-0.0087	-1.0000
-0.1165	0.0205	-1.0000
-0.0050	0.0090	-1.0000
0.0800	-0.0779	-1.0000
0.0421	-0.0010	-3.0000
0.0303	0.0274	-3.0000
0.1312	0.0620	-1.0000
-0.0360	0.1167	-3.0000
0.0785	-0.0492	-1.0000
0.0192	-0.0402	-3.0000
-0.0175	-0.0567	-1.0000
0.0396	-0.0501	-1.0000
0.0307	0.0079	-3.0000
-0.0398	0.0577	-3.0000
0.0170	-0.1229	-1.0000
0.1266	0.0183	-3.0000
-0.0952	0.0211	-1.0000
-0.0724	-0.0377	-3.0000
-0.0005	-0.0534	-1.0000
0.0647	-0.0475	-3.0000
-0.0574	0.0335	-3.0000
-0.0720	-0.0372	-1.0000
0.0849	-0.0067	-1.0000
0.0868	-0.0331	-1.0000
-0.0492	-0.0183	-3.0000
-0.0533	0.0480	-1.0000
-0.0636	-0.0762	-3.0000
-0.0529	0.1499	-1.0000
0.0109	0.0088	-3.0000
0.0562	-0.0206	-3.0000
0.1673	0.0538	-1.0000
-0.0150	0.0133	-3.0000
0.0317	-0.0185	-1.0000
0.0686	-0.1360	-1.0000
-0.1050	0.0586	-3.0000
-0.0349	0.0417	-1.0000
0.0425	0.0148	-3.0000
-0.0381	-0.0574	-3.0000
-0.1135	0.0984	-3.0000
0.0064	-0.0887	-3.0000
-0.0620	-0.0789	-1.0000
0.0826	-0.0460	-1.0000
0.0309	0.1202	-1.0000
0.0713	0.0521	-1.0000
-0.0114	0.0522	-1.0000
0.0283	0.0333	-3.0000
-0.0487	-0.0445	-1.0000
0.0679	-0.0950	-1.0000
0.1193	0.0181	-1.0000
-0.0945	0.0420	-1.0000
0.0078	0.0289	-3.0000
-0.0132	0.0706	-3.0000
0.0003	0.0683	-3.0000
-0.0277	-0.0792	-1.0000
0.1918	-0.0488	-1.0000
0.0809	0.1117	-1.0000
0.0539	0.0964	-1.0000
0.0014	0.0911	-1.0000
-0.0567	-0.0857	-1.0000
-0.0784	-0.0906	-1.0000
-0.0478	-0.0663	-3.0000
0.0664	0.0785	-3.0000
0.0155	0.0724	-3.0000
-0.1402	0.0880	-1.0000
-0.0907	0.0223	-3.0000
-0.0319	0.0606	-3.0000
0.0352	0.0044	-1.0000
0.0565	0.0665	-1.0000
0.0730	-0.0487	-1.0000
-0.0603	-0.0138	-3.0000
0.0657	-0.0328	-3.0000
0.0479	-0.0209	-1.0000
0.1272	0.0913	-1.0000
-0.0775	0.0334	-1.0000
0.0743	0.0009	-1.0000
-0.0720	-0.0067	-1.0000
0.0771	-0.0076	-1.0000
-0.1151	-0.0378	-1.0000
-0.0200	0.1529	-1.0000
0.0158	0.0404	-3.0000
0.1564	0.0153	-1.0000
0.0615	-0.0386	-1.0000
0.1576	-0.0368	-1.0000
0.0492	0.0564	-3.0000
0.1324	-0.0754	-1.0000
-0.0208	-0.0346	-3.0000
0.0585	0.0454	-3.0000
-0.0437	-0.0762	-3.0000
-0.0374	-0.0313	-1.0000
-0.0337	0.1554	-3.0000
-0.0385	0.0915	-1.0000
-0.0825	-0.0285	-1.0000
0.0094	-0.0535	-1.0000
-0.0621	-0.0359	-3.0000
0.0690	-0.0029	-1.0000
-0.0889	0.1054	-3.0000
-0.0443	-0.0690	-3.0000
-0.0946	-0.1260	-1.0000
0.0738	0.0651	-1.0000
0.0208	-0.0328	-3.0000
-0.0120	0.0276	-1.0000
0.0846	0.0685	-3.0000
-0.0765	0.0360	-3.0000
-0.0179	0.0234	-3.0000
-0.0305	-0.1443	0.0000
0.1628	0.0072	-1.0000
0.0728	-0.0536	-1.0000
-0.0101	-0.0287	-1.0000
0.1051	-0.0313	-1.0000
-0.0201	-0.1743	-1.0000
0.0070	-0.0140	-1.0000
0.1142	-0.0067	-1.0000
0.0602	0.0233	-1.0000
0.1136	0.0113	-1.0000
0.1008	0.1016	-3.0000
-0.1029	0.0368	-1.0000
-0.0007	-0.0776	-3.0000
-0.0614	0.0416	-1.0000
0.0584	0.1103	-3.0000
-0.0236	0.0627	-3.0000
-0.0649	0.0447	-3.0000
0.1161	0.0632	-3.0000
-0.0762	-0.0085	-3.0000
0.0527	0.0554	-1.0000
0.0077	-0.0650	-3.0000
0.0447	0.0942	-3.0000
0.0426	0.0546	-3.0000
0.0782	0.0330	-1.0000
-0.1130	-0.0060	-1.0000
-0.0563	-0.0196	-1.0000
-0.0783	0.1897	-1.0000
-0.0378	-0.0515	-1.0000
0.0096	-0.0097	-1.0000
-0.0006	0.0880	-3.0000
0.0659	-0.0316	-1.0000
-0.0098	-0.0602	-3.0000
-0.1507	0.0687	-1.0000
0.0195	0.0279	-1.0000
-0.1200	0.0404	-1.0000
-0.0290	0.0858	-3.0000
-0.1364	0.1309	-1.0000
-0.0039	0.0240	-3.0000
0.0366	-0.0026	-1.0000
-0.0132	0.0998	-3.0000
-0.0150	0.1248	-1.0000
-0.0795	0.0868	-1.0000
0.0241	0.0434	-1.0000
0.0891	0.0129	-3.0000
-0.0839	-0.0666	-3.0000
-0.0852	0.0908	-1.0000
0.0192	0.1098	-1.0000
0.0934	-0.0401	-1.0000
-0.0141	-0.0704	-3.0000
-0.0936	-0.0261	-1.0000
0.0581	0.0295	-3.0000
-0.0445	0.0703	-3.0000
0.1044	0.0271	-3.0000
0.0393	0.1051	-3.0000
0.0194	0.1065	-1.0000
-0.0838	-0.0345	-1.0000
0.0110	0.0504	-3.0000
-0.0539	-0.0427	-1.0000
0.0743	-0.1115	-3.0000
0.0448	-0.0120	-3.0000
-0.0149	0.0547	-3.0000
-0.1043	-0.0586	-3.0000
-0.0171	0.0394	-3.0000
0.0036	-0.0658	-1.0000
0.1212	0.1186	-1.0000
-0.0246	-0.0907	-1.0000
-0.0501	-0.0490	-3.0000
-0.0460	0.0411	-1.0000
0.0353	0.0121	-1.0000
-0.0600	0.0343	-3.0000
-0.1783	0.0613	-1.0000
-0.1031	0.0223	-3.0000
0.0158	-0.0041	-1.0000
0.0001	0.1264	-1.0000
-0.0667	0.0797	-3.0000
-0.0045	-0.0602	-3.0000
0.0711	0.0770	-1.0000
0.0621	0.0478	-3.0000
0.0036	0.0991	-3.0000
-0.0436	0.1818	-1.0000
0.0290	-0.0871	-1.0000
-0.0416	-0.1671	0.0000
-0.0388	0.0862	-1.0000
0.1027	0.0013	-1.0000
0.0471	0.0170	-1.0000
-0.0077	0.1318	-3.0000
0.0354	0.0016	-3.0000
0.1022	-0.0981	-1.0000
0.0899	0.1006	-1.0000
0.0164	0.0268	-1.0000
-0.1539	0.0773	-1.0000
-0.1017	-0.0506	-3.0000
0.1257	0.0822	-1.0000
-0.0143	0.1161	-1.0000
0.0577	0.1324	-3.0000
-0.0450	0.0145	-1.0000
0.1145	0.0187	-1.0000
0.0320	-0.0689	-3.0000
0.0622	-0.1147	-3.0000
-0.1558	0.0597	-1.0000
-0.0624	0.0872	-1.0000
-0.0387	-0.0774	-3.0000
-0.0667	0.0447	-1.0000
0.1413	-0.0414	-1.0000
-0.0428	0.0569	-1.0000
0.0260	0.0010	-1.0000
0.0405	0.0735	-3.0000
-0.0454	0.0514	-3.0000
0.0425	-0.0674	-1.0000
0.0557	0.1273	-1.0000
-0.1160	0.0132	-1.0000
0.0601	0.1022	-3.0000
0.0987	-0.0281	-3.0000
-0.0912	0.0475	-1.0000
-0.1781	0.1088	0.0000
0.0693	0.0713	-3.0000
-0.1268	-0.0631	-1.0000
0.0510	0.0051	-1.0000
-0.0439	0.0682	-1.0000
0.0515	-0.0627	-3.0000
-0.0962	0.0964	-1.0000
0.0912	0.0471	-1.0000
0.1402	-0.0099	-1.0000
-0.0149	0.0061	-3.0000
0.0707	0.1712	-1.0000
-0.0266	-0.0177	-1.0000
0.0215	-0.1585	-1.0000
0.0993	0.0542	-1.0000
-0.1580	-0.0818	-1.0000
0.0220	0.1478	-1.0000
0.0136	0.0580	-3.0000
0.0305	-0.0340	-1.0000
0.0532	0.1119	-1.0000
-0.0385	0.0057	-1.0000
-0.0022	-0.1102	-3.0000
0.0546	-0.0375	-1.0000
-0.0308	0.0051	-3.0000
0.0549	0.0616	-1.0000
0.0052	0.0926	-3.0000
0.0962	0.0256	-1.0000
-0.0852	0.0781	-1.0000
-0.0520	0.1728	-1.0000
-0.0124	0.0459	-3.0000
-0.0547	-0.0752	-1.0000
-0.0247	0.0202	-3.0000
0.0246	-0.0107	-3.0000
-0.0375	-0.0800	-1.0000
0.0019	-0.1188	-1.0000
-0.0666	0.0533	-1.0000
0.0296	0.1312	-3.0000
0.0703	0.0169	-1.0000
-0.0365	-0.0016	-1.0000
0.0278	0.1052	-1.0000
-0.0362	0.1311	-1.0000
0.0558	-0.0401	-3.0000
0.0866	-0.0309	-1.0000
0.1310	-0.0736	-1.0000
0.0079	-0.0930	-1.0000
0.0388	0.0495	-3.0000
-0.0475	-0.0633	-3.0000
0.0759	0.0543	-3.0000
-0.0384	-0.1650	-1.0000
-0.0519	0.0308	-3.0000
0.0917	0.1393	-1.0000
0.1115	-0.0029	-1.0000
-0.0269	-0.1254	-1.0000
-0.1413	0.0292	-1.0000
-0.0030	-0.0167	-1.0000
-0.0171	0.1156	-1.0000
-0.0271	0.0637	-1.0000
0.0010	-0.0133	-3.0000
0.0551	-0.0885	-3.0000
-0.0115	-0.1375	-1.0000
0.0304	-0.0728	-1.0000
-0.0186	0.0309	-3.0000
0.0097	-0.0433	-1.0000
0.0374	0.0821	-1.0000
-0.1403	0.0217	-1.0000
0.0577	-0.0008	-3.0000
0.0795	0.0213	-3.0000
0.0029	0.0581	-3.0000
0.1245	0.0076	-1.0000
0.0841	0.0507	-3.0000
0.0878	-0.0874	-3.0000
-0.0818	0.0106	-1.0000
-0.0488	0.0728	-3.0000
-0.0188	0.0683	-3.0000
-0.0750	-0.0589	-3.0000
0.0223	-0.0594	-3.0000
-0.0800	-0.0802	-1.0000
-0.0459	-0.0749	-1.0000
-0.0845	-0.0188	-3.0000
0.0965	-0.0198	-1.0000
-0.1229	-0.0551	-1.0000
-0.1353	0.0496	-1.0000
0.0671	0.0828	-1.0000
-0.0190	-0.0841	0.0000
-0.0771	0.1381	-1.0000
-0.0567	0.1335	-1.0000
-0.1637	0.0511	-1.0000
-0.0381	0.0491	-1.0000
0.0576	-0.0398	-1.0000
0.0028	-0.1210	-1.0000
0.0069	0.1280	-3.0000
0.1016	-0.0635	-1.0000
-0.1338	-0.0183	-1.0000
-0.1163	0.0227	-3.0000
-0.0164	-0.0575	-1.0000
0.0178	-0.1178	-3.0000
-0.1054	-0.0552	-1.0000
-0.1431	0.0878	-1.0000
0.1090	0.0356	-3.0000
-0.1876	0.1771	0.0000
0.0433	-0.0933	-3.0000
0.1382	0.0856	-3.0000
0.1233	-0.0248	0.0000
-0.0639	0.0286	-1.0000
0.0560	-0.1149	0.0000
-0.0303	0.0643	-1.0000
0.0264	0.1108	-3.0000
-0.1562	-0.0015	-1.0000
-0.0177	0.0120	-3.0000
-0.0692	-0.0015	-3.0000
0.0136	-0.1510	-1.0000
0.1100	-0.0073	-1.0000
0.0289	0.0059	-1.0000
0.0113	-0.0684	-3.0000
0.0500	0.0712	-1.0000
0.1184	-0.0215	-1.0000
0.0117	-0.0239	-3.0000
0.0898	-0.0486	-3.0000
-0.0671	0.0037	-3.0000
0.2495	0.0546	0.0000
-0.0244	-0.0575	-3.0000
-0.0371	-0.0954	-3.0000
0.0233	0.0083	-3.0000
-0.0597	-0.0755	-1.0000
-0.0153	0.1202	-3.0000
0.0599	0.0577	-1.0000
0.0509	0.0042	-3.0000
-0.0062	-0.0223	0.0000
0.0534	-0.0016	-3.0000
-0.0225	-0.0595	-3.0000
-0.0931	0.0263	-1.0000
0.1229	-0.0341	-1.0000
-0.0329	-0.0284	-1.0000
0.0551	0.0957	-3.0000
-0.0093	0.0032	-3.0000
0.1255	0.0069	0.0000
-0.0603	0.0363	-1.0000
0.0076	0.0530	-1.0000
0.0004	-0.0466	-3.0000
0.1370	0.1220	-1.0000
0.1376	0.0663	-3.0000
-0.0375	0.0425	-1.0000
-0.0677	0.0576	-3.0000
-0.0426	-0.0308	-1.0000
-0.0539	0.0643	-1.0000
-0.0117	-0.0290	-1.0000
0.0810	-0.1472	-1.0000
0.0248	-0.0208	-1.0000
0.0696	0.0007	-1.0000
-0.0789	0.0745	-3.0000
0.0234	-0.0182	-1.0000
-0.1181	-0.0098	-1.0000
0.0403	0.0280	-1.0000
0.0771	0.0429	-1.0000
-0.0458	-0.0154	-3.0000
0.0537	0.0019	-3.0000
0.0835	0.0465	-3.0000
0.0291	0.0761	-1.0000
0.0438	-0.1255	-3.0000
0.0114	-0.1007	-1.0000
-0.0057	0.0113	-1.0000
0.0618	0.0043	-1.0000
0.1446	-0.0357	-1.0000
-0.0258	-0.1043	-1.0000
0.0845	-0.0316	-1.0000
0.0278	0.1448	-1.0000
0.0379	-0.0385	-3.0000
0.0282	0.0459	-1.0000
0.1250	0.1189	-1.0000
-0.1914	-0.0361	0.0000
0.0797	0.0220	-1.0000
0.0073	0.0412	-3.0000
-0.0183	0.1911	-1.0000
0.1136	-0.0445	-1.0000
-0.0097	0.0502	-1.0000
-0.0320	-0.1055	-1.0000
0.1214	-0.0711	-1.0000
0.0003	0.0389	-1.0000
-0.0656	-0.0411	-1.0000
-0.0702	-0.0102	-3.0000
0.0664	0.0613	-3.0000
0.0114	-0.0073	-3.0000
-0.0892	0.0211	-1.0000
0.0168	0.0862	-3.0000
0.0165	-0.0080	-1.0000
-0.0409	-0.0318	-3.0000
0.0733	-0.0631	-3.0000
0.0167	-0.0229	-3.0000
0.0766	-0.0812	-3.0000
0.1037	0.0885	-1.0000
-0.0694	-0.1117	-1.0000
0.0540	0.1257	-3.0000
0.1181	0.0129	-3.0000
0.0594	-0.0790	-3.0000
-0.0917	0.0224	-3.0000
0.0700	-0.0899	-3.0000
-0.1006	0.0670	-1.0000
-0.1714	-0.0705	-1.0000
-0.0722	0.0125	-3.0000
0.0068	0.0804	-3.0000
0.0614	0.0487	-1.0000
-0.0276	-0.0277	-3.0000
-0.0462	-0.0147	-1.0000
-0.0397	0.0991	-3.0000
-0.0322	0.0614	-3.0000
0.0346	-0.0050	-1.0000
0.0886	-0.1126	-1.0000
0.0004	-0.1974	0.0000
-0.0503	0.0419	-1.0000
0.0124	0.0530	-1.0000
-0.0992	-0.0507	-3.0000
0.0121	-0.0728	-3.0000
-0.0142	0.0410	-3.0000
0.0532	-0.1361	-1.0000
0.0359	-0.0532	-3.0000
0.0964	-0.1084	-1.0000
0.0668	0.0709	-1.0000
0.0369	0.1141	-1.0000
0.0291	0.0007	-3.0000
0.0939	-0.1490	-1.0000
0.1229	-0.0005	-3.0000
-0.0420	-0.0231	-1.0000
0.0523	0.0283	-1.0000
-0.1085	0.0340	-1.0000
0.0785	0.0147	-1.0000
0.0990	-0.0063	-3.0000
-0.0323	0.1419	-1.0000
0.0287	0.0657	-3.0000
0.1281	0.0707	-1.0000
-0.0780	0.1012	-1.0000
0.1049	-0.0490	-1.0000
-0.0935	-0.0378	-1.0000
0.0348	-0.0757	-3.0000
0.0408	-0.1151	-1.0000
-0.1331	0.0939	-1.0000
-0.0970	-0.0069	-1.0000
0.0374	-0.0862	-1.0000
0.0277	-0.0670	-3.0000
0.0867	-0.0081	-1.0000
0.0077	-0.0066	-1.0000
-0.0495	-0.0572	-3.0000
0.0826	0.1153	-1.0000
-0.0411	0.0533	-3.0000
0.0502	0.0061	-1.0000
0.0556	0.1515	-1.0000
-0.0350	-0.1115	-1.0000
0.0589	0.0066	-3.0000
0.0274	0.1201	-3.0000
0.0323	0.0204	-3.0000
-0.0211	0.1116	-3.0000
0.0416	0.0038	-1.0000
-0.0394	0.0616	-1.0000
0.0767	0.0443	-1.0000
0.0555	-0.0434	-3.0000
-0.0247	-0.1450	-1.0000
0.0639	-0.0346	-1.0000
-0.0176	0.1445	-3.0000
-0.0879	-0.0259	-1.0000
-0.0972	-0.0298	-1.0000
-0.0105	-0.1480	-3.0000
-0.1249	-0.0527	-3.0000
-0.0857	0.1035	-1.0000
-0.0856	0.0163	-1.0000
-0.0545	-0.0474	-1.0000
0.0622	0.0764	-1.0000
-0.0733	-0.0166	-1.0000
-0.0341	-0.0275	-3.0000
-0.0896	-0.0441	-1.0000
0.0592	0.0109	-3.0000
0.0801	-0.1130	-3.0000
0.0809	-0.0866	-1.0000
-0.1081	0.0495	-1.0000
0.0136	0.0326	-1.0000
0.0660	-0.0009	-3.0000
0.1010	0.0110	-1.0000
0.1473	0.0445	-1.0000
-0.0244	0.1490	-3.0000
0.0190	0.0421	-1.0000
0.0451	0.0990	-1.0000
-0.0199	-0.1189	-3.0000
-0.0486	0.0300	-3.0000
-0.0195	-0.0023	-3.0000
-0.0351	-0.0514	-1.0000
0.0386	-0.0748	-1.0000
-0.0462	-0.0195	-3.0000
0.0093	0.0010	-3.0000
0.0213	-0.0612	-3.0000
0.0304	-0.1211	-1.0000
0.1654	0.0466	-1.0000
-0.1308	0.0329	-3.0000
0.0459	0.0715	-1.0000
-0.0413	0.1243	-1.0000
-0.1097	0.0658	-1.0000
0.0005	0.0262	-1.0000
-0.0378	0.0494	0.0000
-0.0708	-0.0013	-1.0000
0.0847	0.0331	-1.0000
-0.0825	0.1587	-1.0000
-0.0382	0.1260	0.0000
0.0989	0.0837	-1.0000
0.0067	-0.0790	-3.0000
-0.0608	-0.1315	0.0000
0.0977	0.0539	-3.0000
0.0682	-0.0216	-1.0000
-0.0143	-0.0009	-3.0000
-0.0247	-0.0813	-1.0000
-0.1201	0.0128	-3.0000
0.0437	0.0374	-1.0000
0.0548	0.0182	-3.0000
-0.0689	-0.0214	-1.0000
-0.0452	0.0688	-3.0000
0.0040	-0.0495	-1.0000
0.0315	0.0395	-1.0000
-0.0970	0.0480	-1.0000
-0.0081	0.1125	-1.0000
0.0374	-0.0354	-1.0000
0.0308	-0.0207	-1.0000
0.0395	0.0435	-1.0000
0.0344	0.0028	-3.0000
0.0104	0.0045	-1.0000
-0.0551	-0.0816	-3.0000
0.0651	0.1400	-1.0000
0.0695	-0.0777	-1.0000
0.1065	0.0796	-1.0000
-0.0390	0.0974	-1.0000
0.1400	-0.0050	-1.0000
0.0443	0.0271	-1.0000
0.0206	-0.0110	-1.0000
-0.0119	-0.0305	-1.0000
-0.0285	0.1226	-1.0000
0.0805	0.0934	-3.0000
-0.0073	0.0658	-1.0000
0.0221	0.0149	-1.0000
0.0703	-0.0200	-1.0000
-0.0162	-0.0537	-3.0000
-0.0904	-0.0122	-1.0000
0.0043	-0.0556	-3.0000
0.0318	0.0632	-1.0000
-0.0162	-0.0385	-1.0000
-0.0473	-0.0530	-3.0000
-0.0985	-0.0876	-1.0000
-0.0245	0.0639	-1.0000
-0.0282	-0.0464	-1.0000
-0.0196	-0.0079	-1.0000
-0.0260	-0.0951	-3.0000
-0.0635	-0.0787	-1.0000
-0.0692	0.1086	-1.0000
0.0774	0.0455	-3.0000
0.0910	0.0278	-3.0000
-0.1003	-0.0704	-1.0000
-0.0911	-0.1078	-1.0000
-0.0795	0.0433	-1.0000
0.0088	0.1196	-1.0000
-0.0190	0.0409	-1.0000
0.0920	-0.0533	-3.0000
0.1317	0.0481	-3.0000
0.1364	-0.0127	-1.0000
-0.0487	-0.0331	-1.0000
0.1453	-0.0800	-1.0000
0.1316	-0.1187	-1.0000
-0.0184	0.0334	-3.0000
0.0744	-0.0111	-3.0000
0.0142	0.0349	-1.0000
-0.0794	0.0481	-3.0000
-0.0722	0.0677	-3.0000
0.1115	-0.0377	-3.0000
0.0645	-0.0882	-1.0000
0.0180	0.0100	-3.0000
-0.0329	0.0593	-3.0000
-0.0210	-0.0569	-1.0000
-0.0023	0.0937	-3.0000
0.0407	-0.0748	-3.0000
-0.0902	0.1077	-1.0000
0.1045	0.0518	-1.0000
-0.0642	-0.0508	-1.0000
0.1073	-0.0202	-1.0000
0.0103	0.0928	-3.0000
-0.0338	0.0393	-3.0000
0.0116	0.0120	-3.0000
0.1032	0.0204	-3.0000
-0.0060	0.1263	-1.0000
0.0448	0.0399	-3.0000
0.0458	-0.0171	-1.0000
0.0419	-0.0924	-1.0000
0.0390	0.0619	0.0000
-0.0057	-0.0464	-3.0000
-0.1168	0.0745	-1.0000
-0.0415	0.0082	-1.0000
0.0559	-0.0182	-1.0000
0.1449	0.0320	0.0000
-0.1004	0.0351	-3.0000
0.1185	0.0683	-1.0000
-0.0422	0.0932	0.0000
-0.0073	-0.0349	-1.0000
0.0444	-0.0550	-1.0000
0.0859	-0.0224	-1.0000
-0.1047	-0.0568	-1.0000
-0.0824	-0.0486	0.0000
0.0823	0.1002	-1.0000
-0.0503	-0.0506	-1.0000
-0.0843	-0.0316	-3.0000
-0.2245	-0.0763	0.0000
-0.0189	-0.0093	-1.0000
-0.1115	-0.0682	-1.0000
0.0227	0.0955	0.0000
-0.0304	-0.0151	-1.0000
0.0544	0.0532	-3.0000
0.0636	-0.0025	-1.0000
-0.0026	0.0152	-3.0000
-0.0430	-0.0585	-1.0000
0.0719	0.0693	-1.0000
-0.1183	-0.0755	-1.0000
-0.0380	-0.0225	-3.0000
0.0909	-0.0525	-1.0000
0.0651	0.0392	-3.0000
0.0751	0.1782	-1.0000
-0.0427	-0.1197	-1.0000
-0.0218	0.0154	-1.0000
-0.0224	-0.1438	-1.0000
-0.0227	0.0819	-3.0000
0.0168	0.0556	-1.0000
-0.0982	0.0985	-1.0000
-0.0979	-0.0277	-1.0000
-0.0202	0.0055	-1.0000
-0.0334	0.0839	-1.0000
-0.1436	0.0010	-3.0000
0.1141	0.0841	-3.0000
-0.0363	-0.1515	-1.0000
-0.0564	0.0496	-1.0000
-0.0317	-0.1420	-1.0000
0.1831	0.0099	-1.0000
0.0015	-0.1388	-1.0000
0.0082	0.0081	-3.0000
-0.0717	0.0326	-1.0000
0.0101	0.0783	-1.0000
0.0663	0.0536	-1.0000
-0.0418	-0.0424	-3.0000
0.0779	-0.0767	-1.0000
0.0863	-0.1295	-1.0000
-0.0113	-0.0348	-1.0000
0.0026	-0.0719	-1.0000
0.1272	-0.0115	-1.0000
0.0434	-0.0792	-1.0000
0.0789	0.0330	-3.0000
-0.0894	-0.1967	0.0000
-0.0251	-0.0604	-3.0000
-0.1407	0.0572	-1.0000
0.0354	0.0367	-1.0000
0.1266	0.0100	-3.0000
0.0080	-0.0057	-1.0000
0.0379	0.0473	-3.0000
-0.0613	-0.0841	-3.0000
0.0522	0.0936	-1.0000
0.0440	-0.0764	-1.0000
-0.0220	0.1154	-3.0000
-0.0331	0.0820	-3.0000
0.0416	-0.0122	-1.0000
0.0481	0.0640	-1.0000
0.1067	0.0579	-3.0000
-0.0452	0.0722	-3.0000
-0.0320	-0.0004	-1.0000
0.0354	-0.0286	-3.0000
-0.0292	0.1255	-1.0000
-0.0163	-0.0072	-3.0000
-0.0924	0.0498	-1.0000
0.0433	0.1516	-3.0000
-0.0227	0.0884	-1.0000
-0.0460	-0.0800	-1.0000
0.0695	-0.0043	-3.0000
-0.0821	0.0320	-3.0000
-0.1007	-0.1361	-1.0000
0.0751	-0.2634	0.0000
0.0008	-0.0554	-3.0000
0.0055	-0.0224	-1.0000
0.0854	-0.0021	-3.0000
0.1554	-0.0150	-1.0000
0.1169	-0.0478	-1.0000
-0.0541	-0.0042	-1.0000
0.0656	-0.1068	-1.0000
0.1067	-0.0676	-3.0000
0.1023	0.0187	-1.0000
-0.1021	0.0181	-1.0000
0.0158	-0.0436	-1.0000
0.0276	0.0456	-3.0000
-0.1244	-0.0412	-1.0000
0.0663	0.0784	-3.0000
0.0285	-0.1345	-3.0000
-0.0112	-0.0762	-1.0000
0.0121	-0.0112	-1.0000
-0.0138	0.0603	-1.0000
0.0536	-0.0088	-3.0000
-0.1289	-0.0338	-1.0000
0.0275	-0.0731	-1.0000
0.0177	-0.0495	-3.0000
-0.0886	0.0066	-3.0000
0.1319	-0.0090	-3.0000
-0.1302	-0.0568	-1.0000
0.0547	0.0617	-3.0000
0.0807	0.0020	-1.0000
-0.0640	0.0170	-3.0000
0.0554	0.0466	-3.0000
-0.0554	-0.1191	-1.0000
-0.0631	-0.1424	-1.0000
0.0902	0.0346	-1.0000
0.0039	-0.0805	-1.0000
0.0266	-0.0177	-1.0000
-0.0604	-0.0807	-1.0000
0.0217	-0.1185	-1.0000
-0.0502	-0.0388	-1.0000
0.0509	-0.0552	-1.0000
0.0960	0.0562	-3.0000
0.1082	0.0465	-1.0000
0.1008	0.1193	-1.0000
-0.0181	-0.0574	-1.0000
-0.1581	0.0037	-1.0000
0.0626	-0.0046	-1.0000
-0.0632	-0.0418	-1.0000
-0.0741	0.0487	-1.0000
-0.0051	0.1584	-1.0000
0.1321	0.2218	0.0000
0.0732	0.0794	-3.0000
-0.0806	0.0469	-1.0000
-0.0031	-0.0544	-3.0000
-0.0399	0.2862	0.0000
-0.0864	-0.0258	-1.0000
0.1288	-0.0740	-1.0000
0.1193	0.0037	-1.0000
-0.0806	-0.0884	-1.0000
-0.0190	-0.0593	-1.0000
0.0802	-0.0295	-3.0000
-0.0473	-0.0080	-3.0000
0.0716	0.0217	-1.0000
-0.0012	-0.0298	-1.0000
0.0156	0.0448	-3.0000
-0.0761	-0.1350	-1.0000
0.0565	-0.0232	-3.0000
-0.0325	-0.0077	-3.0000
-0.0209	-0.0134	-3.0000
0.0497	-0.0437	-3.0000
-0.0576	0.0793	-3.0000
0.0975	0.0612	-1.0000
0.0480	0.0062	-3.0000
-0.0849	0.1742	-1.0000
0.0780	-0.0278	-1.0000
0.0565	0.1885	-1.0000
0.0901	0.0021	-1.0000
0.0560	0.0223	-3.0000
0.0657	-0.0888	-1.0000
0.1260	-0.1144	-1.0000
0.0001	0.1164	-3.0000
-0.0035	0.1220	-3.0000
-0.0649	-0.0622	0.0000
-0.0812	-0.0060	-1.0000
-0.1162	0.0986	-1.0000
0.0407	0.0059	-1.0000
-0.0521	-0.0232	-1.0000
0.0448	0.0240	-3.0000
0.0266	-0.1174	-1.0000
0.0733	-0.0075	-3.0000
0.0724	-0.0221	-1.0000
0.0858	-0.0079	-3.0000
-0.0328	0.0523	-3.0000
-0.0471	-0.0464	-1.0000
0.0802	-0.0746	0.0000
0.0479	-0.0886	-3.0000
-0.0463	-0.0646	-1.0000
0.0948	0.0641	-1.0000
0.0188	-0.0620	-1.0000
0.0848	0.0446	-3.0000
-0.0120	-0.0957	-1.0000
0.0846	0.0900	-1.0000
0.0793	-0.0231	-1.0000
-0.0012	0.1295	-1.0000
-0.0588	0.0795	-1.0000
-0.0270	0.1433	-3.0000
-0.1378	-0.0193	-1.0000
0.0738	0.0871	-1.0000
0.0009	-0.0302	-3.0000
0.0189	0.1538	-3.0000
-0.0733	0.0012	-1.0000
-0.0345	0.0988	-1.0000
0.0468	0.0387	-3.0000
0.0451	-0.0490	-3.0000
0.0926	-0.0711	-1.0000
0.0027	-0.0481	-3.0000
-0.0034	0.0568	-3.0000
0.0175	0.1514	-1.0000
0.0004	-0.0560	-1.0000
-0.0229	0.0773	-3.0000
-0.0473	0.0816	-1.0000
0.1148	-0.0818	-1.0000
0.0406	0.0114	-1.0000
-0.0885	-0.0197	-1.0000
-0.0015	-0.1602	-1.0000
0.0175	-0.0847	-3.0000
0.0512	-0.0260	-1.0000
0.0041	-0.0556	-1.0000
-0.1252	-0.0565	-1.0000
-0.0413	-0.0569	-3.0000
-0.0198	0.0102	-1.0000
-0.1118	-0.0393	-1.0000
-0.0620	0.0514	-3.0000
-0.1068	-0.0793	-1.0000
0.2643	-0.0212	0.0000
-0.0126	0.0731	-1.0000
-0.0280	0.0747	-1.0000
-0.1134	-0.0221	-1.0000
-0.0264	0.0184	-1.0000
0.0605	0.0704	-1.0000
-0.0395	0.1110	-1.0000
0.0264	-0.0353	-1.0000
0.1168	0.0271	-1.0000
-0.0467	-0.0332	-3.0000
-0.0057	0.0089	-3.0000
-0.0277	-0.0079	-1.0000
-0.0890	0.1232	-1.0000
0.1030	-0.0437	-1.0000
0.0206	-0.0416	-1.0000
-0.1206	-0.1156	-1.0000
-0.0266	-0.0935	-3.0000
0.0017	-0.0741	-3.0000
-0.0104	0.1910	-1.0000
0.0866	-0.0627	-3.0000
0.1054	0.0018	-3.0000
0.0382	0.1286	-1.0000
0.0115	-0.0391	-3.0000
-0.0812	0.1061	-1.0000
-0.0153	-0.1253	-3.0000
-0.0749	0.0172	-1.0000
0.0257	-0.0870	-1.0000
0.1472	-0.0394	-1.0000
-0.0255	0.0174	-3.0000
-0.0335	0.1190	-1.0000
0.1146	0.0839	-1.0000
-0.0472	0.0739	-1.0000
0.0541	-0.0005	-1.0000
-0.1305	-0.0414	-1.0000
0.0361	0.0148	-3.0000
-0.0055	0.0138	-1.0000
-0.0438	-0.0699	-3.0000
-0.0516	-0.0096	-1.0000
0.0795	0.0356	-1.0000
0.0225	-0.0008	-1.0000
-0.0832	-0.0553	-1.0000
0.0891	0.1016	-1.0000
0.0488	0.1232	-1.0000
0.0355	-0.0330	-1.0000
0.0062	0.0416	-1.0000
0.0689	-0.1632	-1.0000
0.1145	0.0931	-3.0000
-0.0729	-0.0425	-1.0000
-0.0999	-0.0255	-1.0000
0.1008	-0.1114	-1.0000
0.0030	0.1092	-1.0000
-0.0312	0.0960	-1.0000
0.0378	-0.1242	-1.0000
0.0591	0.0163	-1.0000
0.0903	0.0732	-1.0000
0.0755	-0.0659	-1.0000
-0.0318	0.0150	-3.0000
0.1556	-0.1041	-1.0000
-0.0339	-0.0010	0.0000
0.0441	-0.0302	-1.0000
0.0476	0.1158	-1.0000
0.0730	0.1494	-1.0000
0.0872	0.0892	-1.0000
-0.0358	0.1087	-1.0000
0.0082	0.0870	-1.0000
0.0117	-0.0686	-1.0000
0.0710	0.0004	-1.0000
-0.0393	0.0746	-1.0000
0.0191	0.0787	-1.0000
-0.0483	0.0556	-1.0000
-0.0271	0.0167	-1.0000
0.0507	-0.0442	-1.0000
-0.0221	-0.0390	-3.0000
0.1530	0.0302	-3.0000
-0.0242	-0.0821	-1.0000
-0.0536	0.0672	-1.0000
0.1161	-0.0836	-1.0000
-0.0940	0.0280	-1.0000
0.0785	0.0402	-1.0000
0.0953	-0.0155	-1.0000
0.0965	-0.0209	-3.0000
0.1289	-0.0494	-3.0000
-0.0260	0.1837	0.0000
0.0487	-0.0800	-1.0000
-0.1929	-0.1130	0.0000
0.0247	-0.0653	-3.0000
0.0190	0.0634	-3.0000
0.1822	-0.0213	-1.0000
-0.0003	0.0476	-1.0000
-0.0348	0.1290	-1.0000
-0.0209	-0.0670	-3.0000
0.0283	-0.0078	-1.0000
-0.0695	0.0405	-3.0000
-0.1104	0.0121	-3.0000
-0.1042	-0.0037	-3.0000
0.0652	-0.0996	-1.0000
0.0595	0.0358	-1.0000
-0.0945	0.0572	-1.0000
-0.0408	-0.0950	-1.0000
0.0852	0.0414	-3.0000
0.0769	-0.0377	-3.0000
0.0399	-0.0321	-1.0000
-0.1341	-0.0104	-1.0000
0.1402	-0.0332	-1.0000
-0.1054	-0.0106	-3.0000
-0.1263	0.1808	0.0000
-0.0492	-0.1023	-3.0000
-0.0567	-0.1481	-1.0000
0.0561	-0.0345	-1.0000
-0.0192	0.0533	-1.0000
0.0421	-0.0199	-3.0000
0.1156	0.0358	-3.0000
-0.0442	0.0362	-3.0000
-0.0099	0.0686	-3.0000
-0.0784	0.0126	-3.0000
-0.0534	-0.0178	-3.0000
0.0181	0.1016	-1.0000
0.1374	-0.0011	-1.0000
0.1302	0.1129	-1.0000
0.1286	-0.0282	-3.0000
0.0146	0.0201	-1.0000
-0.0404	0.0523	-1.0000
-0.0122	0.0318	-3.0000
0.0986	-0.0569	-1.0000
0.0694	-0.0098	-1.0000
0.0090	-0.0220	-1.0000
0.0122	-0.1234	-1.0000
0.1321	-0.1116	-1.0000
0.0563	0.0987	-1.0000
0.0376	-0.0767	-1.0000
0.0841	-0.0761	-1.0000
0.0026	0.0995	-1.0000
-0.0941	0.1076	-1.0000
-0.0234	-0.0258	-1.0000
-0.0348	0.0636	-3.0000
-0.0027	-0.0019	-1.0000
-0.0223	0.0420	-1.0000
-0.0188	0.0737	-3.0000
-0.0907	0.1051	-1.0000
-0.0415	0.0546	-1.0000
-0.0657	-0.0667	-1.0000
0.1522	-0.1050	0.0000
0.1393	0.0342	-1.0000
-0.0584	-0.0123	-1.0000
-0.0504	0.0747	-3.0000
0.0719	0.0765	-1.0000
-0.0919	0.0721	-1.0000
-0.0205	-0.0247	-1.0000
0.0401	-0.0690	-3.0000
0.1005	0.0230	-1.0000
0.0758	-0.0598	0.0000
0.1092	-0.0472	-3.0000
0.0503	0.0496	-3.0000
-0.0584	-0.0604	-3.0000
-0.0301	0.0495	-3.0000
-0.0066	0.0652	-3.0000
0.0119	0.0650	-3.0000
0.0013	-0.1011	-3.0000
-0.0188	0.0781	-1.0000
-0.0090	-0.0280	-3.0000
-0.0358	0.0475	-3.0000
-0.0315	-0.0234	-1.0000
-0.0368	-0.0197	-1.0000
0.0255	0.0543	-3.0000
-0.0233	0.0636	-1.0000
0.0690	0.0107	-1.0000
0.0038	-0.0423	-1.0000
0.0027	-0.0254	-1.0000
-0.0359	0.1351	-1.0000
-0.0094	-0.0125	-3.0000
0.0831	0.0723	-1.0000
0.0301	0.0738	-1.0000
-0.0887	-0.0359	-3.0000
0.0932	0.0298	-1.0000
0.0768	0.0250	-1.0000
0.0287	0.1113	-1.0000
0.0753	0.0913	-1.0000
0.1186	-0.0976	-1.0000
-0.0496	-0.0658	-1.0000
-0.0154	-0.0800	-1.0000
-0.0691	-0.0601	-2.0000
-0.0542	-0.1308	-1.0000
-0.0108	0.0497	-3.0000
-0.0517	-0.0461	-1.0000
-0.0497	-0.0588	-1.0000
0.0948	0.0167	-2.0000
0.0374	-0.0795	-1.0000
-0.0422	-0.0077	-1.0000
0.0630	0.0910	-1.0000
0.1360	-0.2029	0.0000
-0.0447	-0.0188	-1.0000
0.0232	-0.0449	-1.0000
-0.0431	0.0097	-1.0000
-0.0793	0.0404	-1.0000
-0.1018	0.0301	-1.0000
-0.0472	-0.0584	-1.0000
-0.0018	0.1086	-1.0000
-0.0035	0.0437	-1.0000
0.0551	0.0876	-1.0000
-0.1110	0.0782	-2.0000
-0.0215	-0.1099	-1.0000
0.0215	0.1116	-1.0000
0.0636	0.0768	-1.0000
0.0394	-0.0140	-2.0000
-0.0069	0.0412	-3.0000
-0.1014	-0.0805	-2.0000
0.0140	-0.0874	-1.0000
0.0750	-0.0171	-1.0000
0.1418	0.1200	-1.0000
-0.0130	0.0264	-3.0000
-0.0193	-0.0414	-1.0000
-0.0119	0.0321	-3.0000
-0.0348	-0.0206	-3.0000
0.0121	-0.1359	-1.0000
-0.1034	-0.0690	-1.0000
0.0438	0.0977	-3.0000
-0.0428	-0.0923	-1.0000
-0.0355	-0.0081	-2.0000
0.0710	0.0199	-1.0000
-0.0646	0.0018	-2.0000
0.0794	0.0574	-1.0000
-0.0839	-0.0230	-1.0000
-0.0146	-0.0507	-3.0000
0.1457	0.0400	-1.0000
0.0933	0.0071	-1.0000
-0.0284	0.0154	-1.0000
0.0119	0.0076	-2.0000
-0.0710	-0.0226	-1.0000
-0.0485	0.0490	-1.0000
-0.0272	0.0405	-1.0000
-0.1235	-0.0235	-1.0000
0.0710	0.0915	-1.0000
-0.0188	0.0145	-2.0000
-0.0363	-0.0543	-1.0000
0.0885	-0.0154	-2.0000
-0.0251	0.0595	-2.0000
-0.0047	-0.0723	-2.0000
-0.0286	-0.0088	-3.0000
0.1087	-0.0219	-1.0000
-0.0018	0.1547	-2.0000
-0.0126	0.0297	-3.0000
0.0328	-0.1233	-1.0000
-0.0313	-0.0755	-2.0000
0.0331	-0.1537	-1.0000
-0.0153	-0.0946	-1.0000
-0.1564	0.0615	-1.0000
-0.0264	0.0287	-1.0000
0.1127	-0.0696	-1.0000
0.1075	-0.0601	-2.0000
-0.0193	0.1489	-1.0000
0.0943	-0.0414	-1.0000
0.0178	-0.0755	-1.0000
-0.0735	0.0564	-2.0000
-0.1114	-0.0311	-1.0000
0.0179	-0.0135	-1.0000
0.0221	0.0984	-3.0000
-0.1189	0.0288	-1.0000
0.0247	-0.0750	-1.0000
0.0105	-0.0125	-1.0000
-0.1556	0.1260	0.0000
0.1212	-0.0277	-2.0000
-0.1265	0.0599	-2.0000
-0.0124	-0.0585	-2.0000
-0.1661	0.0338	0.0000
0.0824	0.0694	-2.0000
0.0422	-0.1018	-2.0000
-0.0016	0.0587	-2.0000
-0.0307	0.0154	-2.0000
-0.0122	0.0114	-3.0000
0.0279	-0.0297	-3.0000
0.0138	-0.0356	0.0000
-0.0342	0.0150	-2.0000
0.1499	-0.0154	0.0000
-0.0191	-0.0364	-2.0000
-0.0371	0.0194	-2.0000
0.1051	-0.0127	-2.0000
0.1056	0.0743	-2.0000
0.0751	0.1012	-2.0000
0.0243	0.0614	-2.0000
0.1117	-0.0248	-2.0000
0.0088	0.0169	-2.0000
-0.0201	0.0616	-2.0000
-0.0642	0.1426	-2.0000
-0.0886	0.0510	-2.0000
-0.0917	-0.1088	-2.0000
-0.0715	0.0955	-2.0000
-0.0379	0.0818	-2.0000
-0.1586	0.0015	0.0000
0.0740	-0.0576	-2.0000
-0.0852	0.0352	-2.0000
-0.0736	0.0536	-2.0000
-0.0766	0.0293	-2.0000
0.1266	0.0158	-3.0000
0.0063	0.0459	-3.0000
0.0240	0.0577	-2.0000
-0.0190	0.0598	-2.0000
-0.0051	-0.0705	-2.0000
-0.0766	-0.1213	-2.0000
0.0273	-0.0542	-2.0000
0.1317	-0.0082	-2.0000
-0.0278	0.1319	-2.0000
-0.0066	0.0647	-2.0000
-0.0667	0.0535	-2.0000
-0.0147	-0.0763	-2.0000
-0.1329	0.0929	-2.0000
0.0300	-0.0434	-2.0000
0.0227	0.0720	-2.0000
0.0345	0.1121	-2.0000
0.0314	-0.0304	-2.0000
0.0123	-0.0592	-3.0000
-0.0145	0.0217	-2.0000
0.0645	0.0157	-2.0000
0.0684	-0.0953	-2.0000
0.0019	0.0785	-2.0000
-0.0051	-0.0327	-2.0000
-0.0903	0.0926	-2.0000
0.0603	0.0783	-2.0000
-0.0187	-0.0902	-2.0000
0.0607	-0.0257	0.0000
0.1863	-0.0124	-2.0000
-0.0815	-0.0860	-2.0000
0.0426	0.0580	-3.0000
-0.0477	0.0043	-2.0000
0.1023	-0.0354	-2.0000
0.0158	0.0015	-2.0000
0.0099	0.1010	-2.0000
0.1432	0.0848	-2.0000
-0.0328	-0.0381	-2.0000
0.0755	0.0816	-2.0000
0.0016	0.1115	-2.0000
-0.0129	0.0404	-3.0000
0.0244	-0.1256	-2.0000
0.0655	-0.0730	-2.0000
0.2616	0.0939	0.0000
0.0462	-0.1223	-2.0000
0.1426	-0.0135	-2.0000
0.0371	0.0633	-3.0000
-0.0412	-0.0428	-2.0000
0.0058	0.0134	-2.0000
-0.0241	-0.1009	-2.0000
-0.0307	0.0564	-2.0000
0.0633	-0.0535	-2.0000
-0.0715	0.0214	-2.0000
-0.0066	-0.0818	-2.0000
0.0200	0.0295	-2.0000
0.0733	-0.0194	-2.0000
0.0175	0.0668	-2.0000
-0.0011	-0.0133	-2.0000
-0.0013	0.0194	-2.0000
-0.0150	-0.1080	-2.0000
0.0066	-0.0553	-2.0000
0.0168	0.0318	-3.0000
0.0541	-0.0579	-3.0000
-0.1589	-0.0740	-2.0000
-0.0310	0.0523	-2.0000
-0.0475	0.0048	-2.0000
0.1165	-0.0176	-2.0000
0.0487	0.0544	-2.0000
0.0907	-0.0406	-2.0000
-0.0441	-0.0041	-2.0000
-0.0706	-0.0293	-2.0000
-0.0090	-0.0662	-2.0000
0.0719	0.0084	-2.0000
0.1180	-0.0871	-2.0000
-0.1274	0.0474	-2.0000
-0.0088	-0.0077	-2.0000
0.0974	0.0423	-2.0000
0.0455	0.0215	-2.0000
-0.1058	-0.1191	-2.0000
0.1299	-0.0729	-2.0000
-0.0987	0.0051	-3.0000
-0.0617	-0.0187	-2.0000
-0.0378	0.1055	-2.0000
-0.0067	0.0083	-2.0000
-0.0663	0.0348	-2.0000
0.0181	-0.0250	-3.0000
-0.0160	-0.1020	-2.0000
0.1195	0.0449	-2.0000
0.0541	0.0797	-2.0000
0.0289	-0.0472	-2.0000
-0.0788	0.0056	-2.0000
-0.0065	0.0938	-2.0000
-0.0813	-0.0481	-2.0000
0.0988	0.0871	-2.0000
-0.0426	-0.0914	-2.0000
-0.0689	0.0378	-2.0000
0.0548	-0.1176	-2.0000
-0.0304	-0.0309	-2.0000
-0.1533	0.0342	-2.0000
0.1043	-0.0540	-2.0000
0.0808	0.1097	-2.0000
-0.0606	0.0608	-2.0000
0.0199	0.0624	-2.0000
-0.1397	-0.0657	-2.0000
0.0180	0.1008	-2.0000
0.1065	0.0847	-2.0000
-0.0462	0.1064	-2.0000
0.0044	0.0461	-3.0000
0.0393	-0.0163	-2.0000
0.0534	-0.0363	-3.0000
0.1348	0.0163	-2.0000
-0.0694	-0.0547	-2.0000
0.1371	0.0022	-2.0000
0.0421	-0.0832	-2.0000
-0.0048	0.0946	-2.0000
-0.0500	-0.0612	-2.0000
-0.1283	0.0481	-2.0000
0.1703	-0.0683	-2.0000
-0.0035	-0.0244	-2.0000
-0.0543	-0.1051	-2.0000
0.0318	-0.0068	-2.0000
0.0287	0.1158	-2.0000
-0.0179	0.0643	-2.0000
0.1369	-0.0102	-2.0000
0.0015	0.1057	-2.0000
0.0721	0.0454	-3.0000
0.1312	-0.0407	-2.0000
-0.0238	-0.0549	-2.0000
-0.0982	-0.0049	-2.0000
-0.0921	0.0586	-2.0000
-0.0344	0.0521	-2.0000
0.0394	-0.0321	-3.0000
-0.0462	0.0266	-2.0000
0.0027	0.0387	-2.0000
0.0636	0.0599	-2.0000
0.0876	-0.0750	-2.0000
-0.0674	0.1075	-2.0000
0.0988	0.1175	-2.0000
0.0470	0.0021	-2.0000
-0.0563	-0.0566	-2.0000
-0.0950	-0.0061	-2.0000
0.0863	-0.0564	-2.0000
0.0596	0.0838	-2.0000
0.0543	-0.0272	-2.0000
-0.0312	0.0115	-2.0000
-0.0982	-0.0096	-2.0000
0.0784	-0.0176	-3.0000
0.0655	-0.0131	-2.0000
0.0625	-0.0727	-2.0000
-0.0620	-0.1169	-2.0000
-0.1079	0.0910	-2.0000
-0.1122	-0.0963	-2.0000
-0.0012	0.0566	-2.0000
-0.0079	0.0930	-2.0000
-0.0174	0.1239	-2.0000
-0.1055	0.0977	0.0000
-0.0675	-0.1194	-2.0000
0.1194	-0.0156	-2.0000
-0.0542	-0.1193	-2.0000
-0.0012	0.0594	-2.0000
-0.0245	-0.1152	-2.0000
-0.0388	0.0931	-2.0000
0.0539	0.1241	-2.0000
0.0580	-0.0674	-3.0000
0.1438	0.0799	-2.0000
0.0216	-0.0850	-3.0000
-0.1600	0.0029	-2.0000
0.0199	0.0178	-3.0000
-0.0475	0.1003	-2.0000
0.0245	0.0201	-2.0000
-0.1790	-0.0396	0.0000
0.0400	-0.1266	-2.0000
-0.0315	0.0322	-3.0000
-0.0404	-0.0304	-2.0000
0.0840	0.0419	-2.0000
0.1446	0.0561	-2.0000
-0.1026	0.0506	-2.0000
-0.0355	-0.0805	-2.0000
-0.0326	-0.0011	-2.0000
0.0870	-0.0128	-2.0000
-0.0282	0.1346	-2.0000
0.1144	0.0068	-2.0000
0.0521	-0.0126	-2.0000
0.0325	-0.0446	-2.0000
-0.0175	0.1170	-2.0000
-0.0843	0.1246	-2.0000
0.0273	-0.0207	-2.0000
-0.0686	0.0529	-2.0000
0.0697	-0.0122	-2.0000
0.0021	0.0564	-2.0000
0.0962	-0.0554	-2.0000
-0.0214	0.1346	-2.0000
0.0524	-0.0243	-2.0000
0.0170	0.0200	-2.0000
-0.0682	-0.0204	-2.0000
-0.0998	-0.0345	-2.0000
-0.0672	-0.0435	-2.0000
-0.1393	-0.0438	-2.0000
0.1330	-0.0154	-2.0000
-0.0383	-0.0027	-2.0000
0.0803	-0.0953	-2.0000
0.0074	-0.0296	-2.0000
-0.0088	0.0616	-2.0000
0.0933	-0.0479	-2.0000
-0.0260	-0.0152	-2.0000
-0.0237	0.0624	-3.0000
0.1068	0.0053	-2.0000
0.0308	-0.0052	-3.0000
-0.1505	-0.0191	-2.0000
0.0863	-0.0387	-2.0000
-0.0376	-0.0422	-2.0000
0.0531	0.0273	-2.0000
-0.0877	-0.0537	-2.0000
0.0299	0.1205	-2.0000
0.1196	0.0791	-2.0000
0.0392	0.0110	-2.0000
0.0645	-0.0630	-2.0000
-0.0062	-0.1127	-2.0000
-0.0534	0.0134	-2.0000
0.0078	0.0449	-2.0000
0.1481	0.0563	-2.0000
-0.0902	-0.0121	-2.0000
-0.0463	0.0139	-2.0000
-0.0755	-0.0135	-2.0000
0.1170	-0.0273	-2.0000
0.0222	-0.0217	-2.0000
0.0704	0.0147	-2.0000
-0.0686	0.0621	-2.0000
-0.0100	-0.0362	-2.0000
-0.0086	-0.0487	-2.0000
0.0220	-0.0222	-2.0000
0.0455	-0.0276	-2.0000
0.0792	-0.0962	-2.0000
-0.0759	0.0298	-2.0000
0.0615	-0.0391	-2.0000
-0.0544	-0.0495	-2.0000
-0.0081	0.0098	-2.0000
-0.0695	-0.0191	-2.0000
-0.0003	-0.0680	-2.0000
-0.0425	0.0549	-2.0000
-0.1455	0.0870	-2.0000
0.1194	0.0420	-2.0000
0.0701	-0.1731	-2.0000
0.1364	0.1453	0.0000
-0.1341	0.0079	-2.0000
0.0350	0.0485	-2.0000
0.0187	-0.0385	-2.0000
-0.0459	-0.0430	-2.0000
-0.0520	-0.0020	-2.0000
-0.1380	0.0196	0.0000
0.1283	-0.0021	-2.0000
0.0113	-0.0778	-2.0000
-0.0560	0.1427	-2.0000
0.0496	-0.0207	-2.0000
-0.0212	0.0636	-2.0000
-0.0630	-0.0208	-2.0000
0.0714	0.1409	-2.0000
-0.0536	0.0781	-2.0000
-0.0417	-0.0704	-2.0000
-0.0303	0.0986	-2.0000
-0.0012	0.0453	-3.0000
-0.1008	0.0343	-2.0000
-0.0500	-0.1070	-2.0000
0.1254	-0.0610	-2.0000
0.0700	-0.1521	-2.0000
0.0735	0.0056	-2.0000
0.1024	-0.0236	-2.0000
-0.0267	-0.0315	-3.0000
-0.1519	0.0572	-2.0000
-0.0795	0.0164	-2.0000
0.0557	-0.1372	-2.0000
-0.0995	0.0461	-2.0000
-0.0175	-0.1558	-2.0000
0.0642	0.0192	-2.0000
0.0299	-0.0212	-2.0000
0.1311	-0.0076	-2.0000
0.0627	-0.1207	-2.0000
0.0263	0.0054	-2.0000
-0.0396	-0.0558	-2.0000
-0.0489	-0.0102	-3.0000
0.0119	-0.0297	-2.0000
0.0029	0.0260	-2.0000
0.1158	-0.1126	-2.0000
0.0785	0.1190	-2.0000
0.0435	0.0204	-2.0000
0.0268	-0.0202	-2.0000
0.0061	-0.0193	-3.0000
0.0646	0.0978	-2.0000
-0.0954	-0.0525	-2.0000
0.0100	-0.1230	-2.0000
0.0581	-0.0289	-2.0000
0.0880	0.0199	-2.0000
0.0262	-0.0688	-2.0000
0.0752	-0.0482	-2.0000
-0.0978	-0.0624	-2.0000
-0.0806	0.0787	-2.0000
0.0052	0.0030	-2.0000
-0.0527	-0.0670	-2.0000
-0.0195	0.0023	-2.0000
0.0832	-0.0381	-2.0000
-0.0175	-0.1217	-2.0000
0.0876	0.0393	-2.0000
-0.1074	-0.0822	-2.0000
0.0797	0.0051	-2.0000
-0.0095	0.1111	-2.0000
0.0056	-0.0836	-2.0000
0.0546	0.0644	-2.0000
0.1417	0.0315	-2.0000
-0.0084	0.0111	-2.0000
0.0607	-0.0077	-3.0000
0.0807	-0.1121	-2.0000
0.0490	-0.1092	-2.0000
0.0391	0.0926	-2.0000
0.0446	0.1235	-2.0000
-0.0353	-0.0155	-2.0000
-0.0122	0.0533	-2.0000
0.0836	-0.0171	-2.0000
0.0784	0.0924	-2.0000
0.0669	0.1031	-2.0000
-0.0373	-0.0291	-2.0000
-0.1010	0.0330	-2.0000
0.0975	0.0588	-2.0000
-0.0981	0.0955	-2.0000
0.0650	0.0176	-2.0000
-0.1118	0.1322	-2.0000
0.0006	0.0893	-2.0000
-0.1091	0.0178	-2.0000
0.0731	0.0501	-2.0000
-0.0130	0.0192	-2.0000
0.2276	0.1205	0.0000
0.0539	-0.0286	-3.0000
0.0681	0.0394	-2.0000
0.1240	-0.0472	-2.0000
0.0310	0.0544	-3.0000
0.1340	0.0420	-2.0000
0.0630	0.0624	-2.0000
0.0423	0.0184	-2.0000
-0.0147	0.1293	-2.0000
-0.0228	0.0752	-2.0000
0.0098	0.0795	-2.0000
-0.0688	0.0373	-2.0000
0.0717	0.1041	-2.0000
0.0041	-0.0522	-2.0000
-0.0133	0.1739	-2.0000
0.1008	0.0654	-2.0000
0.0762	-0.1288	-2.0000
0.0321	-0.0087	-2.0000
0.0186	0.0581	-2.0000
0.0820	0.1122	-2.0000
-0.0033	-0.1278	-2.0000
0.0076	-0.0987	-2.0000
-0.0083	0.0979	-2.0000
0.1877	0.0594	-2.0000
0.0018	-0.0379	-2.0000
0.0200	0.0612	-3.0000
-0.0062	0.0112	-3.0000
0.1352	-0.0662	-2.0000
0.1268	-0.0657	-2.0000
-0.0321	0.0378	-2.0000
-0.0402	0.0252	-2.0000
0.0596	0.0267	-2.0000
0.0735	0.0173	-2.0000
0.0307	0.0209	-2.0000
-0.0337	0.0958	-2.0000
0.0687	-0.0996	-2.0000
0.1092	0.0475	-2.0000
-0.0049	-0.0759	-2.0000
0.0202	0.0837	-2.0000
0.0560	-0.0307	-3.0000
0.0191	-0.0976	-2.0000
-0.0989	-0.0405	-2.0000
0.1035	-0.0362	-2.0000
0.1020	0.0613	-2.0000
-0.0128	0.0355	-2.0000
-0.0231	-0.0030	-2.0000
0.0085	0.0680	-2.0000
-0.0286	-0.0010	-2.0000
0.1236	0.1028	-2.0000
0.0082	0.0792	-2.0000
-0.0702	-0.0646	-2.0000
-0.0765	0.0302	-2.0000
-0.1460	0.0625	-2.0000
-0.0865	-0.0147	-3.0000
-0.0456	0.1265	-2.0000
0.0724	0.0136	-2.0000
-0.1715	-0.0422	-2.0000
0.0502	-0.0183	-2.0000
0.1136	0.0733	0.0000
-0.0451	-0.0138	-2.0000
-0.0239	0.0269	-3.0000
0.0842	0.0765	-2.0000
-0.1156	-0.0408	-2.0000
-0.0835	0.0642	-2.0000
0.0558	0.0246	-3.0000
0.0672	0.0422	-2.0000
-0.1715	-0.0430	-2.0000
0.0211	0.1741	-2.0000
-0.0344	-0.0698	-2.0000
0.0347	-0.0369	-2.0000
-0.0862	0.0056	-3.0000
-0.0858	0.1370	-2.0000
-0.0008	-0.0433	-2.0000
0.0683	-0.0185	-2.0000
0.0826	0.0851	-2.0000
-0.0384	-0.0968	-2.0000
0.0042	0.0214	-2.0000
-0.0605	-0.0796	-2.0000
0.0689	0.0524	-2.0000
0.0671	0.0386	-3.0000
0.0400	0.0687	-2.0000
-0.0226	-0.1215	-2.0000
0.0032	-0.0409	-2.0000
0.0736	-0.0823	-2.0000
-0.0082	0.0749	-2.0000
-0.0392	-0.0885	-3.0000
0.1213	0.0384	-2.0000
-0.0451	-0.0016	-2.0000
0.0951	-0.0878	-2.0000
0.1467	-0.0299	-2.0000
0.0438	-0.0357	-2.0000
-0.0488	-0.1349	-2.0000
0.0002	0.0729	-2.0000
0.0137	-0.0892	-3.0000
0.1342	0.0025	-2.0000
-0.0336	-0.1656	-2.0000
-0.1310	0.1226	-2.0000
0.1352	0.0241	-2.0000
-0.0399	0.0683	-3.0000
-0.1364	0.1291	0.0000
-0.0464	-0.0879	-2.0000
0.0332	0.1397	-2.0000
0.1323	-0.1091	-2.0000
-0.0214	0.0632	-2.0000
0.0290	0.1483	-2.0000
-0.0270	0.0256	-2.0000
-0.0119	-0.0515	-2.0000
0.0198	-0.0240	-2.0000
-0.0352	0.0842	-2.0000
0.0925	0.0625	-2.0000
-0.0844	-0.1930	0.0000
-0.0073	0.0739	-3.0000
-0.0712	0.0030	-2.0000
-0.0037	-0.0142	-2.0000
-0.0271	0.1808	-2.0000
-0.0878	0.1453	-2.0000
0.0048	0.0397	-2.0000
0.0683	0.1160	-2.0000
0.0015	0.0168	-2.0000
-0.0905	0.0306	-2.0000
0.0590	-0.0074	0.0000
0.0556	0.0941	-2.0000
-0.0263	0.0674	-2.0000
-0.0848	0.0309	0.0000
0.0085	-0.1028	-2.0000
0.1327	0.0383	0.0000
-0.0534	0.0206	-2.0000
0.1565	0.0061	-3.0000
0.0760	0.0552	-2.0000
-0.0374	0.0311	-3.0000
-0.0075	-0.0983	-3.0000
0.0274	0.0786	-3.0000
-0.0605	-0.0896	-2.0000
-0.0773	0.0052	-2.0000
0.0745	-0.0476	-2.0000
0.0145	0.0053	-2.0000
0.0621	0.0786	-2.0000
0.0510	0.0181	-2.0000
0.1621	-0.0471	-2.0000
0.0540	-0.1140	-2.0000
0.0293	-0.1249	-2.0000
0.1238	-0.0277	0.0000
-0.0437	-0.1491	-2.0000
0.1205	0.0030	-2.0000
0.0560	-0.1147	-3.0000
-0.0773	0.0532	0.0000
0.0759	0.0307	-3.0000
-0.0316	-0.0409	-2.0000
-0.1195	-0.0053	-3.0000
0.0637	0.0159	-3.0000
0.0323	0.0252	-3.0000
-0.0178	-0.0458	-2.0000
0.0021	0.0247	-3.0000
0.1568	-0.0804	-2.0000
-0.0514	0.0684	-2.0000
0.0067	0.0789	-2.0000
-0.0008	0.0305	-2.0000
0.0858	0.1187	-2.0000
0.1122	-0.0406	-2.0000
0.0132	-0.0315	-2.0000
0.0267	0.0083	-3.0000
-0.0081	-0.0108	-3.0000
-0.1006	0.0598	-3.0000
0.0805	-0.0794	-3.0000
0.1063	0.0637	-3.0000
0.0082	0.0161	-3.0000
0.0087	0.0997	-2.0000
-0.0305	-0.0235	-2.0000
0.0911	0.1395	-2.0000
-0.0504	-0.0315	-2.0000
-0.0198	-0.0258	-3.0000
-0.1203	0.0278	-2.0000
0.0101	-0.0555	-3.0000
-0.0665	-0.0470	-3.0000
0.0163	0.0840	-3.0000
0.1977	0.0272	0.0000
-0.0847	0.0855	-2.0000
0.1156	0.1139	-2.0000
-0.0467	-0.0696	-3.0000
-0.0128	0.0367	-2.0000
0.0587	-0.0265	-2.0000
0.1619	0.0514	-2.0000
-0.0063	0.1225	-3.0000
-0.1174	-0.0536	-2.0000
0.0675	-0.0014	-3.0000
0.1403	0.0796	-2.0000
-0.0199	0.0477	-2.0000
0.0514	-0.0587	-2.0000
-0.0508	-0.0967	-2.0000
0.0024	0.0656	-2.0000
-0.0340	-0.0064	-3.0000
0.0039	0.1020	-2.0000
-0.0603	-0.0738	-3.0000
0.0374	0.1039	-3.0000
-0.0371	-0.0546	-2.0000
0.0129	0.0740	-2.0000
0.0187	-0.0851	-2.0000
0.0667	-0.0351	-2.0000
-0.0593	0.0163	-2.0000
-0.1098	-0.0285	-2.0000
0.0241	0.0507	-2.0000
-0.1528	0.0369	-2.0000
0.0214	-0.0549	-3.0000
-0.1131	0.0326	-2.0000
-0.0481	-0.0135	-2.0000
-0.1142	0.0888	-3.0000
-0.1724	-0.0728	0.0000
-0.0754	-0.0360	-3.0000
0.0233	0.0835	-2.0000
0.1447	-0.0423	-2.0000
0.0011	0.0188	-2.0000
0.0106	0.0177	-2.0000
0.0024	0.1029	-2.0000
0.0673	0.1473	-2.0000
0.0104	-0.1167	-2.0000
0.1178	-0.0265	0.0000
0.0468	-0.0058	-3.0000
-0.1299	-0.0391	-2.0000
-0.0478	-0.0223	-3.0000
0.0922	0.1213	-2.0000
0.0179	-0.0040	-2.0000
0.0048	-0.0120	-3.0000
0.0929	0.0695	-2.0000
0.1627	-0.0034	-2.0000
0.0126	0.0529	-3.0000
0.0584	0.0701	-2.0000
-0.0078	0.0070	-3.0000
0.0380	0.0811	-3.0000
0.0106	-0.0835	-2.0000
-0.0605	0.0130	-2.0000
-0.0956	-0.0199	-2.0000
0.0112	-0.0041	-3.0000
-0.0748	-0.0446	-2.0000
0.0277	-0.1026	0.0000
-0.1291	-0.0009	-2.0000
0.0213	-0.0909	-2.0000
0.0400	0.0495	-3.0000
-0.0902	-0.0552	-3.0000
0.0842	-0.1265	-2.0000
-0.0691	0.0088	-3.0000
-0.0058	-0.0105	-3.0000
0.0171	0.0709	-2.0000
-0.0945	0.0078	-2.0000
0.0693	-0.0338	-2.0000
0.0106	0.1098	-2.0000
0.0454	-0.0896	-2.0000
-0.0331	-0.0136	-3.0000
0.0219	-0.0167	-2.0000
-0.0169	-0.0406	-3.0000
0.0039	-0.0577	-2.0000
-0.0177	-0.1010	-3.0000
-0.0966	0.0555	-2.0000
-0.0599	0.0719	-3.0000
-0.0037	0.0841	-2.0000
0.0393	0.0641	-2.0000
-0.0296	0.0822	-2.0000
0.0277	-0.0320	-3.0000
0.0307	-0.0449	-2.0000
0.0133	0.1424	-2.0000
0.0716	-0.1757	0.0000
0.0053	0.1646	-2.0000
-0.0475	0.1318	-2.0000
-0.0139	0.0896	-2.0000
0.0792	-0.0909	0.0000
0.0079	0.0835	-3.0000
0.1097	0.0018	-3.0000
-0.0168	-0.0789	-2.0000
0.0133	-0.0842	-3.0000
0.1413	0.0504	-2.0000
0.0592	-0.0249	-2.0000
-0.1043	0.0163	-2.0000
-0.0325	0.1236	-2.0000
0.0257	0.0993	-3.0000
0.1666	0.0017	-2.0000
-0.0862	-0.0262	-2.0000
0.1205	0.0467	-2.0000
0.0505	-0.0270	-2.0000
0.1057	-0.0283	-2.0000
0.0791	0.0334	-2.0000
0.0514	0.0801	-3.0000
0.1187	-0.0095	-2.0000
0.0730	-0.0044	-2.0000
0.0751	-0.0398	-2.0000
-0.0204	-0.0424	-3.0000
0.0809	0.0342	-3.0000
-0.0092	-0.1136	-3.0000
0.0631	-0.0369	-2.0000
0.0353	-0.0363	-2.0000
-0.1810	-0.0259	0.0000
0.0192	0.0618	-2.0000
0.0127	0.0237	-3.0000
-0.0293	0.0787	-3.0000
0.0865	0.0715	-2.0000
0.0635	-0.0657	-3.0000
