-0.4984	-0.0061	0.0000
-0.0058	0.0821	-3.0000
0.1335	-0.4428	-1.0000
-0.1099	-0.0530	-2.0000
-0.4504	0.0934	-1.0000
-0.4984	-0.0149	0.0000
0.2961	0.3941	0.0000
0.3218	0.3534	0.0000
0.1623	-0.4635	0.0000
0.0503	-0.1040	-2.0000
0.0573	0.0304	-3.0000
-0.0302	0.0616	-3.0000
-0.1210	0.1260	-2.0000
0.0167	-0.1559	-2.0000
0.3550	0.2929	0.0000
0.0275	-0.1585	-2.0000
0.1096	0.1012	-2.0000
-0.4912	0.0437	0.0000
0.1025	0.4543	0.0000
0.1468	-0.4155	-1.0000
-0.0924	0.0704	-3.0000
-0.0063	-0.1179	-3.0000
0.3485	0.3019	0.0000
0.0495	0.0509	-3.0000
0.0310	0.0639	-3.0000
0.3008	0.3233	-1.0000
0.1158	0.1278	-2.0000
0.1600	-0.4356	-1.0000
-0.1440	0.1094	-1.0000
-0.4794	0.0862	0.0000
-0.4888	-0.0249	0.0000
0.0970	-0.4633	0.0000
-0.4566	-0.1363	0.0000
0.2142	-0.4497	0.0000
-0.1130	0.0652	-2.0000
-0.0387	-0.0405	-3.0000
0.0555	0.0565	-3.0000
0.1268	0.1368	-1.0000
-0.0711	0.0050	-3.0000
0.3593	-0.2939	0.0000
0.2243	0.3950	-1.0000
0.1168	0.0097	-2.0000
-0.0153	0.1141	-3.0000
-0.1115	0.1068	-2.0000
0.1895	0.4255	-1.0000
0.1895	0.4090	-1.0000
0.1156	-0.0467	-2.0000
0.2762	0.3952	0.0000
0.0158	0.0404	-3.0000
-0.0129	-0.0819	-3.0000
0.2802	0.4089	0.0000
-0.4970	0.0122	0.0000
-0.4272	0.0495	-1.0000
0.0127	0.0291	-3.0000
-0.0481	-0.0046	-3.0000
0.0985	-0.0090	-3.0000
-0.4719	-0.1204	0.0000
-0.4697	-0.0616	-1.0000
0.3087	-0.3296	-1.0000
-0.4864	0.0841	0.0000
0.0681	-0.1412	-2.0000
0.2721	0.3963	-1.0000
-0.0991	0.0977	-2.0000
0.0519	-0.1243	-2.0000
-0.0395	-0.0303	-3.0000
0.0398	0.1665	-2.0000
-0.0761	0.0316	-3.0000
-0.4696	0.1094	0.0000
0.1430	0.4473	0.0000
0.2861	0.3607	-1.0000
-0.1155	-0.0044	-2.0000
0.0116	-0.1265	-2.0000
-0.0782	0.0478	-3.0000
-0.4492	0.1400	0.0000
-0.4534	-0.1588	0.0000
0.1264	0.4274	-1.0000
0.0140	-0.0624	-3.0000
0.0609	0.1005	-3.0000
0.1626	-0.4542	0.0000
-0.4482	0.0273	-1.0000
0.2381	-0.4160	-1.0000
-0.0696	0.1224	-2.0000
-0.0790	-0.1401	-2.0000
0.0844	0.1121	-2.0000
0.0881	-0.0907	-2.0000
-0.0048	-0.1379	-2.0000
0.2679	-0.4064	0.0000
0.1141	0.4353	-1.0000
0.0930	-0.4474	-1.0000
-0.0673	0.0785	-3.0000
0.1447	0.0249	-2.0000
-0.4939	-0.0148	0.0000
0.0316	0.0693	-3.0000
0.0747	0.0656	-3.0000
-0.0573	0.0055	-3.0000
-0.4475	0.1181	-1.0000
0.1908	0.4572	0.0000
-0.0353	-0.0141	-3.0000
-0.4307	-0.0272	-1.0000
-0.0243	0.0632	-3.0000
0.2034	0.4500	0.0000
0.1006	-0.4500	-1.0000
-0.0200	0.1231	-3.0000
0.2985	-0.3711	-1.0000
0.2776	0.4060	0.0000
0.0720	-0.0336	-3.0000
0.1125	0.0584	-2.0000
-0.4294	-0.1837	0.0000
-0.0597	-0.0838	-3.0000
-0.4648	0.0457	-1.0000
0.0896	-0.1079	-2.0000
-0.0097	-0.0667	-3.0000
0.1150	-0.4677	0.0000
0.3121	-0.3688	0.0000
0.3414	0.3078	0.0000
0.1086	-0.0434	-2.0000
0.0884	-0.0748	-2.0000
0.0718	0.0026	-3.0000
0.0697	-0.0880	-2.0000
0.2550	-0.4293	0.0000
-0.0846	-0.0863	-3.0000
0.3579	-0.2994	0.0000
0.2755	0.3872	-1.0000
0.1281	0.0458	-2.0000
0.3314	0.3164	-1.0000
-0.0703	-0.0763	-3.0000
0.0805	0.0131	-3.0000
-0.0050	0.0661	-3.0000
-0.4301	0.1687	0.0000
0.0528	-0.0893	-3.0000
-0.0367	-0.1073	-3.0000
0.2132	0.4154	-1.0000
0.3047	-0.3201	-1.0000
0.0534	0.1775	-1.0000
-0.0306	0.1049	-3.0000
0.1614	0.4570	0.0000
-0.4740	-0.0956	0.0000
0.0864	0.1318	-2.0000
0.1611	-0.0500	-2.0000
0.1584	-0.0585	-2.0000
0.1155	0.0655	-2.0000
-0.0024	0.0513	-3.0000
0.1196	-0.0138	-2.0000
0.2286	-0.3833	-1.0000
-0.4411	-0.1368	0.0000
0.0605	-0.4727	0.0000
-0.4506	-0.0430	-1.0000
-0.0678	0.1661	-1.0000
-0.0525	0.1236	-2.0000
0.1589	-0.0848	-2.0000
-0.1582	0.0140	-2.0000
-0.4456	-0.1235	0.0000
0.3764	-0.2858	0.0000
0.0928	-0.4723	0.0000
-0.4645	-0.1123	0.0000
-0.4597	0.0193	-1.0000
-0.1216	0.1024	-2.0000
0.0750	-0.0500	-3.0000
0.0990	0.0043	-3.0000
-0.4263	0.0592	-1.0000
-0.4880	-0.0054	0.0000
0.0101	-0.1545	-2.0000
0.0934	-0.4570	0.0000
-0.4730	0.0086	-1.0000
-0.4458	-0.0265	-1.0000
0.1033	0.0262	-3.0000
-0.0516	-0.0129	-3.0000
-0.4668	-0.0408	-1.0000
0.1169	0.1261	-2.0000
0.3452	0.3158	0.0000
0.1191	0.4677	0.0000
0.1808	0.3903	-1.0000
0.0900	-0.0590	-3.0000
0.0577	-0.0865	-3.0000
0.0234	-0.0381	-3.0000
-0.4330	0.0488	-1.0000
-0.1780	-0.0226	-2.0000
0.2622	0.3887	-1.0000
-0.0797	0.0723	-3.0000
-0.1024	-0.0607	-3.0000
0.3015	-0.3925	0.0000
0.0750	0.1647	-1.0000
-0.4632	-0.0724	-1.0000
0.0516	-0.0934	-3.0000
-0.4833	0.0882	0.0000
-0.4793	-0.0353	-1.0000
-0.4811	0.0994	0.0000
-0.1022	0.0567	-3.0000
-0.4378	0.1019	-1.0000
0.0969	0.4716	0.0000
-0.0960	-0.0737	-2.0000
0.0090	0.1309	-2.0000
-0.0081	-0.0294	-3.0000
-0.4393	-0.0089	-1.0000
-0.1820	-0.0094	-1.0000
0.1672	0.0122	-2.0000
-0.0836	0.0651	-3.0000
-0.0634	0.1102	-3.0000
0.2152	-0.4467	0.0000
0.1335	0.0546	-2.0000
0.2287	-0.4273	-1.0000
0.1338	0.0775	-2.0000
0.2637	-0.4072	-1.0000
0.0276	0.1445	-2.0000
0.1748	0.4243	-1.0000
0.0515	-0.0814	-3.0000
0.3079	0.3845	0.0000
-0.4754	0.0959	0.0000
-0.0348	0.1287	-2.0000
-0.4943	-0.0281	0.0000
0.1513	-0.4590	0.0000
0.1872	0.3855	-1.0000
-0.4863	-0.0236	0.0000
0.2893	0.3252	-1.0000
0.0891	0.0591	-3.0000
-0.1409	-0.0106	-2.0000
0.0757	-0.0093	-3.0000
-0.0459	-0.0527	-3.0000
-0.0716	0.1443	-2.0000
-0.0147	0.0588	-3.0000
0.2809	0.3942	0.0000
0.3062	-0.3827	0.0000
-0.1443	-0.0961	-2.0000
0.1132	-0.0438	-2.0000
0.0509	-0.0565	-3.0000
0.2615	-0.3836	-1.0000
-0.0124	0.0838	-3.0000
0.2598	-0.4269	0.0000
0.2152	0.4221	-1.0000
-0.4566	0.0703	-1.0000
0.1975	-0.4483	0.0000
0.2462	-0.4057	-1.0000
0.0132	-0.1670	-2.0000
-0.1287	-0.1196	-2.0000
0.1535	0.4614	0.0000
-0.4597	0.0970	-1.0000
0.2645	0.3937	-1.0000
0.0448	-0.1511	-2.0000
0.0980	-0.4592	0.0000
0.2796	-0.3885	-1.0000
-0.1036	-0.0719	-2.0000
0.1416	-0.4650	0.0000
0.0605	0.0769	-3.0000
-0.4651	0.0869	-1.0000
0.0710	0.0944	-3.0000
0.0362	0.1207	-2.0000
-0.1424	0.0416	-2.0000
-0.4460	-0.1188	0.0000
0.1149	-0.4269	-1.0000
-0.4849	0.0385	0.0000
0.0813	-0.1119	-2.0000
-0.0556	-0.0941	-3.0000
0.3252	0.3549	0.0000
-0.4657	0.0977	0.0000
0.0263	-0.1525	-2.0000
0.1322	-0.4125	-1.0000
0.1363	0.4672	0.0000
0.0679	-0.4619	0.0000
-0.1013	-0.0783	-2.0000
0.1307	-0.4705	0.0000
0.1045	-0.0521	-2.0000
-0.4348	0.1216	-1.0000
0.3380	-0.3231	0.0000
0.0836	0.0069	-3.0000
-0.4810	0.0949	0.0000
0.1722	0.0340	-2.0000
-0.0175	0.1465	-2.0000
0.3257	0.3499	0.0000
0.3182	-0.3637	0.0000
0.0653	-0.1371	-2.0000
-0.4283	0.0567	-1.0000
-0.4764	-0.0654	0.0000
-0.1448	0.0309	-2.0000
0.3445	0.3084	0.0000
0.2419	-0.4317	0.0000
-0.0207	0.1447	-2.0000
-0.4338	-0.0634	-1.0000
0.0377	-0.1445	-2.0000
-0.1204	-0.1279	-2.0000
0.0932	0.0598	-3.0000
0.1991	-0.4555	0.0000
0.0454	0.1099	-3.0000
0.2372	-0.4187	-1.0000
0.1119	0.0181	-3.0000
-0.4573	-0.0719	-1.0000
0.0963	0.0491	-3.0000
-0.0359	0.0644	-3.0000
-0.1686	-0.0393	-2.0000
-0.0305	0.0363	-3.0000
-0.0256	0.0352	-3.0000
-0.0505	0.0568	-3.0000
-0.4405	-0.0947	-1.0000
-0.0930	-0.1133	-2.0000
-0.0296	0.0123	-3.0000
-0.0877	-0.0707	-3.0000
0.2557	-0.4162	0.0000
0.2119	-0.4401	0.0000
-0.4676	0.1123	0.0000
0.1014	0.0623	-3.0000
0.0766	0.0761	-3.0000
0.3383	-0.3471	0.0000
0.2941	-0.3904	0.0000
-0.4581	-0.1137	0.0000
0.2180	-0.4043	-1.0000
-0.0727	-0.0061	-3.0000
0.0064	0.0954	-3.0000
-0.1143	-0.1031	-2.0000
0.2910	0.3767	-1.0000
0.0885	0.4735	0.0000
0.2778	-0.3281	-1.0000
0.3235	0.3331	-1.0000
0.0639	0.0233	-3.0000
-0.1144	0.0563	-2.0000
0.1110	0.1156	-2.0000
0.2717	-0.3961	-1.0000
0.2351	0.3743	-1.0000
-0.4610	-0.0838	-1.0000
-0.1312	-0.0608	-2.0000
0.0721	0.0602	-3.0000
-0.4907	0.0248	0.0000
0.3409	-0.3227	0.0000
-0.0944	-0.0076	-3.0000
0.3610	-0.3093	0.0000
0.2401	0.3612	-1.0000
0.0611	0.1145	-2.0000
0.2591	0.3842	-1.0000
-0.0387	-0.0850	-3.0000
0.2716	-0.4156	0.0000
0.0984	0.0330	-3.0000
0.0934	-0.0532	-3.0000
0.2036	-0.4203	-1.0000
-0.4638	0.0053	-1.0000
0.1229	0.0387	-2.0000
-0.1482	-0.0435	-2.0000
-0.0168	-0.0027	-3.0000
0.3267	-0.3644	0.0000
0.0843	0.1074	-2.0000
0.3325	-0.3611	0.0000
-0.0158	-0.0286	-3.0000
0.2846	0.3863	-1.0000
0.0137	0.0007	-3.0000
0.0969	0.4385	-1.0000
0.1638	0.0517	-2.0000
-0.0343	-0.1371	-2.0000
-0.1492	0.0584	-2.0000
-0.1779	0.0539	-1.0000
-0.1606	0.0134	-2.0000
0.3169	0.3414	-1.0000
-0.0459	0.0642	-3.0000
0.1178	0.0028	-2.0000
0.1344	-0.4432	-1.0000
0.1852	-0.4558	0.0000
0.0200	-0.0272	-3.0000
-0.0387	-0.1241	-2.0000
0.1564	-0.0768	-2.0000
0.0907	0.0606	-3.0000
-0.0628	0.0813	-3.0000
0.2345	-0.3531	-1.0000
-0.0841	-0.0840	-3.0000
0.3735	-0.2814	0.0000
-0.4993	0.0086	0.0000
-0.4605	0.0921	-1.0000
0.1763	0.4096	-1.0000
0.1283	-0.4702	0.0000
-0.0031	-0.0761	-3.0000
0.2286	0.3604	-1.0000
0.3365	-0.3405	0.0000
0.1257	0.0395	-2.0000
-0.4837	-0.0607	0.0000
-0.0080	0.0439	-3.0000
-0.0646	-0.0877	-3.0000
0.2636	0.4180	0.0000
-0.0302	-0.1108	-3.0000
0.3175	-0.3300	-1.0000
0.1839	0.4416	-1.0000
0.3148	-0.3735	0.0000
-0.1008	0.0916	-2.0000
0.1452	0.4589	0.0000
0.0602	0.0313	-3.0000
0.3214	-0.3315	-1.0000
-0.1160	0.0577	-2.0000
0.1260	-0.0014	-2.0000
0.2765	-0.3845	-1.0000
-0.4352	-0.0634	-1.0000
0.0733	-0.0284	-3.0000
0.2592	-0.3471	-1.0000
-0.4724	-0.0295	-1.0000
0.3543	0.2935	0.0000
0.1226	-0.4318	-1.0000
0.3656	0.3089	0.0000
0.0797	-0.4653	0.0000
-0.4719	0.1239	0.0000
0.0080	-0.0035	-3.0000
0.3078	-0.3523	-1.0000
-0.1626	-0.0308	-2.0000
-0.4937	0.0369	0.0000
-0.1700	0.0017	-2.0000
-0.4406	-0.1735	0.0000
-0.0002	-0.0337	-3.0000
-0.4957	-0.0467	0.0000
-0.0889	-0.0390	-3.0000
-0.4273	-0.1790	0.0000
-0.1720	-0.0382	-2.0000
0.2948	-0.3968	0.0000
-0.4253	-0.1013	-1.0000
-0.0247	-0.0752	-3.0000
-0.0154	-0.1496	-2.0000
0.1161	0.0986	-2.0000
0.0062	-0.0267	-3.0000
0.2864	0.3893	0.0000
-0.0690	0.1155	-2.0000
-0.4787	0.0623	0.0000
0.3015	-0.3437	-1.0000
0.0630	-0.0077	-3.0000
0.1135	0.0045	-3.0000
0.1742	-0.4497	-1.0000
-0.0490	-0.1660	-2.0000
-0.1055	0.1518	-1.0000
0.1427	0.4253	-1.0000
0.0329	-0.0991	-3.0000
0.2715	0.3769	-1.0000
0.2036	-0.4201	-1.0000
0.0913	-0.1131	-2.0000
0.1229	-0.0257	-2.0000
-0.0426	0.0799	-3.0000
-0.4609	0.0054	-1.0000
-0.4340	0.0033	-1.0000
-0.1839	0.0083	-1.0000
0.0481	-0.1123	-2.0000
0.0262	-0.0412	-3.0000
0.2872	0.4044	0.0000
0.0888	-0.0486	-3.0000
0.2317	0.4250	0.0000
0.3261	0.3601	0.0000
0.2893	-0.3872	0.0000
-0.0462	-0.1021	-3.0000
0.1075	0.4649	0.0000
0.1419	-0.4612	0.0000
-0.0564	0.0322	-3.0000
-0.1484	0.0583	-2.0000
0.1768	0.4032	-1.0000
-0.0211	0.1434	-2.0000
0.0757	0.1252	-2.0000
-0.0505	-0.0876	-3.0000
0.2373	0.4382	0.0000
0.2832	-0.4016	0.0000
-0.1130	0.0009	-3.0000
-0.4567	0.1336	0.0000
0.2144	-0.3857	-1.0000
0.2684	-0.4083	0.0000
-0.4851	-0.0516	0.0000
-0.0524	0.0212	-3.0000
0.3348	-0.3434	0.0000
-0.1158	0.1173	-2.0000
0.2422	-0.4247	0.0000
-0.0344	-0.1081	-3.0000
0.1693	-0.0198	-2.0000
-0.4287	-0.1016	-1.0000
-0.4882	0.0561	0.0000
0.0989	0.4385	-1.0000
0.1555	-0.0265	-2.0000
0.3364	-0.3281	0.0000
-0.1136	-0.0977	-2.0000
0.2261	-0.4330	0.0000
-0.0118	-0.0071	-3.0000
-0.0818	-0.0274	-3.0000
-0.1522	-0.0614	-2.0000
0.3630	-0.3117	0.0000
0.2153	0.4325	-1.0000
0.1031	0.0795	-2.0000
0.3427	0.3319	0.0000
0.0452	-0.1394	-2.0000
-0.4953	-0.0179	0.0000
0.2430	0.3650	-1.0000
-0.1223	0.0833	-2.0000
0.2848	-0.3976	0.0000
0.2643	0.3470	-1.0000
0.1390	0.0581	-2.0000
0.1270	-0.0065	-2.0000
0.1025	-0.4334	-1.0000
-0.0300	0.0294	-3.0000
-0.4221	0.0184	-1.0000
0.0150	0.1408	-2.0000
-0.1038	0.1179	-2.0000
0.3542	-0.3118	0.0000
-0.0450	0.0226	-3.0000
-0.0520	0.0719	-3.0000
-0.0064	0.0520	-3.0000
-0.4898	0.0511	0.0000
-0.1352	0.0493	-2.0000
-0.0419	-0.1406	-2.0000
-0.0147	-0.0599	-3.0000
0.2642	0.3960	-1.0000
0.3305	0.3476	0.0000
0.0024	0.1035	-3.0000
0.1551	-0.1024	-1.0000
-0.0163	0.1400	-2.0000
-0.0237	0.0048	-3.0000
0.1799	-0.0037	-2.0000
-0.4655	0.0299	-1.0000
0.1165	-0.1462	-1.0000
0.1266	-0.0769	-2.0000
-0.1296	-0.0681	-2.0000
-0.4232	-0.1070	-1.0000
0.2763	-0.3435	-1.0000
0.0058	0.0599	-3.0000
-0.0769	-0.1053	-2.0000
-0.0764	-0.1450	-2.0000
0.2815	0.3599	-1.0000
-0.0026	-0.0171	-3.0000
-0.1068	0.1159	-2.0000
-0.0734	-0.0320	-3.0000
-0.4719	0.0591	-1.0000
0.1843	-0.4451	-1.0000
-0.0556	0.0858	-3.0000
0.0162	0.0048	-3.0000
0.1465	-0.4660	0.0000
0.3370	0.3483	0.0000
-0.0929	0.0776	-3.0000
-0.0286	0.1152	-3.0000
0.2760	0.3759	-1.0000
-0.4733	0.0098	-1.0000
-0.4414	-0.1575	0.0000
0.0748	0.4616	0.0000
0.0147	0.1147	-3.0000
-0.1386	-0.0599	-2.0000
-0.0247	-0.0253	-3.0000
-0.0302	0.1237	-3.0000
0.2975	0.3563	-1.0000
0.1093	0.1168	-2.0000
0.1561	-0.4658	0.0000
-0.0058	-0.1464	-2.0000
-0.0921	0.0569	-3.0000
-0.0265	-0.1767	-2.0000
-0.0742	-0.0029	-3.0000
-0.0119	0.1796	-2.0000
-0.0024	0.1644	-2.0000
0.2672	-0.3978	-1.0000
0.2623	-0.3706	-1.0000
0.0619	-0.4675	0.0000
-0.0992	0.0286	-3.0000
-0.4773	-0.0125	-1.0000
0.3145	-0.3178	-1.0000
0.1738	-0.4553	0.0000
0.0847	0.4550	0.0000
0.3698	0.3038	0.0000
0.0774	0.0831	-3.0000
0.1634	-0.4537	0.0000
0.0033	0.0370	-3.0000
0.3161	-0.3592	0.0000
-0.4954	-0.0302	0.0000
0.1205	-0.4448	-1.0000
-0.4384	-0.1375	0.0000
0.0827	0.1512	-2.0000
0.0326	0.0471	-3.0000
0.1317	0.4457	-1.0000
-0.4604	-0.0743	-1.0000
0.1018	0.0064	-3.0000
0.0588	0.0176	-3.0000
-0.4296	-0.1959	0.0000
0.2496	0.3706	-1.0000
0.0116	0.1568	-2.0000
-0.0129	-0.1856	-1.0000
0.3170	0.3745	0.0000
-0.0359	0.1246	-3.0000
0.1400	-0.0064	-2.0000
0.3223	0.3699	0.0000
0.0324	0.1174	-3.0000
-0.0328	-0.0142	-3.0000
-0.0096	-0.0946	-3.0000
-0.1161	-0.1025	-2.0000
0.1706	0.3924	-1.0000
-0.0640	-0.0687	-3.0000
-0.1224	-0.1356	-1.0000
-0.4362	-0.0462	-1.0000
0.2272	0.4197	-1.0000
0.1127	0.4379	-1.0000
0.2808	-0.3820	-1.0000
-0.0115	-0.1071	-3.0000
-0.1749	-0.0135	-2.0000
0.1050	0.0717	-2.0000
-0.0096	0.1178	-3.0000
-0.4248	0.0170	-1.0000
0.2486	0.3974	-1.0000
0.0010	0.0122	-3.0000
0.3258	0.3642	0.0000
0.0482	0.0591	-3.0000
-0.4810	0.0992	0.0000
-0.1568	0.0918	-1.0000
0.0494	0.0618	-3.0000
0.1710	0.4372	-1.0000
0.1409	-0.4474	-1.0000
-0.0054	-0.1375	-2.0000
-0.0170	-0.0697	-3.0000
0.0511	-0.0074	-3.0000
-0.0589	-0.0240	-3.0000
-0.0323	0.0863	-3.0000
-0.0003	0.0041	-3.0000
-0.0924	-0.1099	-2.0000
0.0527	-0.0716	-3.0000
0.2597	-0.4265	0.0000
-0.1071	0.0785	-2.0000
-0.4351	0.1510	0.0000
0.2678	-0.3652	-1.0000
0.1371	-0.4629	0.0000
0.1647	-0.0735	-2.0000
0.0008	-0.0940	-3.0000
-0.4735	0.1184	0.0000
-0.1027	-0.1194	-2.0000
0.0219	0.0890	-3.0000
0.1556	0.0340	-2.0000
-0.0461	-0.0781	-3.0000
0.2018	-0.4324	-1.0000
0.0961	-0.0104	-3.0000
0.0976	-0.0934	-2.0000
-0.0483	-0.0653	-3.0000
0.0559	-0.1201	-2.0000
-0.4330	-0.1765	0.0000
-0.1388	-0.0429	-2.0000
0.1231	-0.1284	-2.0000
-0.4293	0.0303	-1.0000
0.1400	-0.4406	-1.0000
-0.4920	0.0471	0.0000
-0.0566	-0.0500	-3.0000
0.1254	-0.0986	-2.0000
-0.4849	-0.0298	0.0000
0.2413	-0.4204	-1.0000
-0.4342	-0.1684	0.0000
0.3282	-0.3533	0.0000
-0.0322	0.0985	-3.0000
-0.4830	0.0963	0.0000
0.0116	0.0955	-3.0000
0.0297	-0.0805	-3.0000
0.0810	-0.0073	-3.0000
-0.0773	0.1392	-2.0000
-0.0187	0.1782	-2.0000
0.2180	-0.4254	-1.0000
0.1565	-0.4323	-1.0000
0.0906	0.4521	0.0000
0.0506	-0.0745	-3.0000
-0.0273	-0.0802	-3.0000
-0.1439	-0.0096	-2.0000
-0.4671	-0.0842	0.0000
-0.4861	0.0003	0.0000
0.1255	0.0305	-2.0000
0.0172	0.1298	-2.0000
0.1307	-0.0707	-2.0000
-0.0848	0.0517	-3.0000
0.0177	0.0238	-3.0000
0.0671	-0.1699	-1.0000
0.1546	-0.0202	-2.0000
-0.0946	-0.0338	-3.0000
-0.1677	-0.0320	-2.0000
0.0889	-0.0502	-3.0000
0.1673	0.0608	-2.0000
-0.4601	-0.1377	0.0000
-0.0303	-0.0606	-3.0000
0.2674	-0.3845	-1.0000
0.0322	0.0492	-3.0000
-0.0592	-0.1739	-1.0000
0.1229	0.4388	-1.0000
0.2306	-0.4167	-1.0000
0.2252	0.4440	0.0000
-0.0897	0.1436	-2.0000
0.2567	-0.3800	-1.0000
0.3628	0.2993	0.0000
-0.4765	0.0024	-1.0000
-0.0762	-0.1599	-2.0000
-0.0094	-0.0284	-3.0000
-0.4788	0.0152	-1.0000
-0.4815	0.0696	0.0000
0.0804	-0.0934	-2.0000
-0.0193	0.0522	-3.0000
-0.4469	0.1221	0.0000
0.0517	0.1575	-2.0000
0.2999	-0.3935	0.0000
-0.0517	0.1303	-2.0000
-0.0386	0.1757	-1.0000
0.0652	0.0371	-3.0000
0.0076	0.1079	-3.0000
-0.0557	-0.1104	-3.0000
0.3500	0.2975	0.0000
0.2896	0.4042	0.0000
0.1883	0.4494	0.0000
0.0764	0.0277	-3.0000
0.1991	-0.3972	-1.0000
0.0613	-0.4732	0.0000
-0.4326	-0.0683	-1.0000
0.0126	-0.0089	-3.0000
0.0336	0.0464	-3.0000
-0.1047	0.1443	-1.0000
0.1508	-0.4656	0.0000
0.1872	-0.3821	-1.0000
0.0707	-0.4670	0.0000
0.0666	-0.0271	-3.0000
0.1294	0.0094	-2.0000
0.0663	-0.0454	-3.0000
0.0206	0.1486	-2.0000
0.2824	-0.3340	-1.0000
0.0698	-0.4708	0.0000
0.3148	-0.3209	-1.0000
-0.4285	-0.1328	-1.0000
-0.0146	0.0817	-3.0000
0.1391	0.0815	-2.0000
0.0275	-0.0774	-3.0000
-0.4737	0.0941	0.0000
0.2009	-0.4530	0.0000
-0.0944	0.1615	-1.0000
0.2732	0.4131	0.0000
0.1625	-0.0251	-2.0000
-0.4724	-0.0668	-1.0000
0.1849	-0.4282	-1.0000
0.0248	-0.0425	-3.0000
0.1927	0.3853	-1.0000
0.0177	-0.1188	-2.0000
0.1624	0.4342	-1.0000
0.3496	-0.2977	0.0000
-0.4972	-0.0037	0.0000
0.1131	0.0814	-2.0000
-0.1039	-0.0617	-2.0000
0.1893	0.4302	-1.0000
0.3311	-0.3079	-1.0000
-0.0739	0.0737	-3.0000
0.2355	0.3797	-1.0000
-0.4493	0.1601	0.0000
-0.0037	0.1140	-3.0000
-0.0565	0.0964	-3.0000
-0.4545	-0.0641	-1.0000
-0.0883	-0.1311	-2.0000
0.0259	0.1347	-2.0000
0.3375	-0.3035	0.0000
0.0544	0.0357	-3.0000
-0.1072	-0.0071	-3.0000
0.0652	0.4593	0.0000
-0.0668	-0.1287	-2.0000
0.0014	0.0725	-3.0000
0.0419	0.0120	-3.0000
-0.0960	-0.0082	-3.0000
-0.1010	0.0236	-3.0000
-0.4798	0.0873	0.0000
-0.4489	0.1613	0.0000
0.1654	-0.4226	-1.0000
0.3318	0.3324	0.0000
0.0484	0.1197	-2.0000
0.2314	-0.3910	-1.0000
0.0859	0.1156	-2.0000
0.1241	-0.0352	-2.0000
0.0803	0.4716	0.0000
-0.0259	-0.0854	-3.0000
0.2740	0.4119	0.0000
-0.4442	-0.0917	-1.0000
0.2126	0.3858	-1.0000
0.0181	-0.1445	-2.0000
-0.1258	-0.0042	-2.0000
0.2489	-0.4252	0.0000
-0.0513	-0.0519	-3.0000
-0.4927	-0.0403	0.0000
-0.0163	0.0002	-3.0000
0.1390	-0.1048	-2.0000
-0.4476	-0.0886	-1.0000
-0.1029	0.1278	-2.0000
0.1066	-0.0294	-3.0000
-0.1566	-0.0453	-2.0000
0.3155	-0.3124	-1.0000
-0.0013	-0.0410	-3.0000
-0.0831	0.1119	-2.0000
0.3369	0.3549	0.0000
-0.1405	0.0464	-2.0000
-0.4817	-0.0042	-1.0000
-0.0118	0.0254	-3.0000
-0.4977	0.0303	0.0000
0.1136	-0.0275	-2.0000
0.2358	-0.4126	-1.0000
0.1056	0.1280	-2.0000
0.2476	-0.4344	0.0000
0.2822	-0.4091	0.0000
0.1103	0.4433	-1.0000
0.2672	-0.4159	0.0000
-0.0152	0.1410	-2.0000
0.0117	-0.0054	-3.0000
0.1762	0.3870	-1.0000
-0.0199	0.0699	-3.0000
-0.4329	-0.1811	0.0000
0.3005	0.3646	-1.0000
0.0392	-0.1350	-2.0000
0.3258	-0.3025	-1.0000
0.1072	0.4587	0.0000
-0.0387	0.0961	-3.0000
0.0172	0.1451	-2.0000
0.2330	0.4350	0.0000
-0.0563	-0.0974	-3.0000
-0.0464	-0.1725	-2.0000
0.0889	-0.0822	-2.0000
-0.4976	0.0293	0.0000
-0.0661	0.1534	-2.0000
0.0617	0.1125	-2.0000
0.0471	-0.1647	-2.0000
-0.0413	0.0719	-3.0000
0.3497	0.3145	0.0000
-0.4820	0.0771	0.0000
0.0250	-0.0004	-3.0000
0.3112	0.3369	-1.0000
-0.0507	0.0009	-3.0000
0.1145	0.4432	-1.0000
-0.1129	-0.0958	-2.0000
0.0600	-0.4730	0.0000
0.2188	-0.4416	0.0000
0.0005	-0.0495	-3.0000
0.0323	-0.1440	-2.0000
-0.4656	0.0484	-1.0000
-0.4584	-0.0891	-1.0000
-0.4940	0.0557	0.0000
0.2509	-0.4271	0.0000
-0.1005	-0.0665	-3.0000
0.2478	0.3527	-1.0000
0.2339	0.4342	0.0000
0.1600	-0.0335	-2.0000
-0.0914	0.1096	-2.0000
-0.0693	0.1160	-2.0000
0.1558	-0.4355	-1.0000
0.0233	0.0275	-3.0000
-0.4546	-0.1568	0.0000
-0.1112	0.1376	-2.0000
0.0667	-0.1368	-2.0000
0.0278	-0.1402	-2.0000
0.2357	-0.4194	-1.0000
0.1273	0.4583	0.0000
0.0360	-0.0001	-3.0000
0.0560	-0.0762	-3.0000
-0.4987	0.0265	0.0000
-0.0459	0.0875	-3.0000
0.2574	-0.3421	-1.0000
-0.0870	-0.0792	-3.0000
-0.0047	-0.0548	-3.0000
0.2096	-0.4516	0.0000
0.2995	-0.3889	0.0000
0.2148	0.4128	-1.0000
-0.0819	0.0530	-3.0000
0.1666	-0.4586	0.0000
0.2214	-0.3996	-1.0000
-0.4576	0.0754	-1.0000
-0.0789	-0.1552	-2.0000
-0.1278	0.0694	-2.0000
-0.1338	-0.1194	-2.0000
-0.4761	0.0942	0.0000
-0.0707	0.1403	-2.0000
-0.0922	0.0554	-3.0000
0.3552	0.2945	0.0000
-0.4677	-0.0077	-1.0000
-0.4306	-0.0196	-1.0000
-0.0464	0.1314	-2.0000
0.0004	0.1024	-3.0000
-0.0053	-0.0108	-3.0000
-0.1086	-0.0525	-2.0000
-0.1267	-0.1367	-1.0000
0.1245	-0.4443	-1.0000
0.2494	0.3778	-1.0000
0.2733	0.3950	-1.0000
0.0929	0.4603	0.0000
-0.0499	-0.0191	-3.0000
0.2025	0.4329	-1.0000
0.2016	-0.4169	-1.0000
0.1862	-0.4578	0.0000
-0.4652	-0.0401	-1.0000
0.2961	0.3880	0.0000
0.0297	-0.0720	-3.0000
-0.1296	-0.0179	-2.0000
-0.0757	0.0675	-3.0000
0.1113	-0.0783	-2.0000
0.3266	0.3348	-1.0000
0.2221	0.3635	-1.0000
0.1144	0.4262	-1.0000
0.3041	0.3299	-1.0000
-0.1676	0.0795	-1.0000
0.0310	-0.1684	-2.0000
0.0705	0.4652	0.0000
0.3498	-0.3114	0.0000
-0.1465	0.0885	-2.0000
-0.1436	-0.0808	-2.0000
-0.4566	-0.0821	-1.0000
0.0884	-0.4556	0.0000
0.0105	0.1263	-2.0000
-0.0856	-0.0574	-3.0000
0.2707	-0.4062	0.0000
0.0254	0.0030	-3.0000
-0.1825	0.0114	-2.0000
-0.0881	0.1468	-2.0000
-0.4834	-0.0695	0.0000
-0.4229	0.0105	-1.0000
-0.4886	0.0421	0.0000
0.0195	-0.1361	-2.0000
-0.0623	0.1174	-2.0000
0.1569	-0.4575	0.0000
-0.4622	-0.0539	-1.0000
-0.0428	-0.0331	-3.0000
-0.1531	-0.0824	-2.0000
0.3308	-0.3108	-1.0000
0.1945	0.3924	-1.0000
0.0053	0.0204	-3.0000
-0.1479	0.0523	-2.0000
0.0511	-0.0449	-3.0000
0.0929	-0.1333	-2.0000
0.2228	0.4460	0.0000
-0.4351	0.0802	-1.0000
0.2715	0.3806	-1.0000
-0.0867	0.1173	-2.0000
-0.0230	0.1847	-1.0000
0.0041	-0.1301	-2.0000
-0.0341	0.1083	-3.0000
-0.1464	0.0438	-2.0000
0.2423	0.3736	-1.0000
0.1195	-0.4545	0.0000
0.1433	0.4627	0.0000
0.0134	-0.0093	-3.0000
-0.4782	-0.1047	0.0000
0.1091	0.1268	-2.0000
-0.1412	0.0903	-2.0000
0.1857	0.4339	-1.0000
0.2584	0.3705	-1.0000
0.0072	0.0210	-3.0000
-0.0212	-0.0877	-3.0000
-0.4391	-0.1223	-1.0000
0.0671	-0.4534	0.0000
0.2945	0.3574	-1.0000
0.2373	-0.4398	0.0000
0.0374	0.0714	-3.0000
-0.4480	-0.0766	-1.0000
0.1211	-0.0978	-2.0000
0.3110	0.3280	-1.0000
-0.4394	-0.0433	-1.0000
0.0750	-0.4663	0.0000
0.2607	0.3533	-1.0000
0.1382	0.4558	0.0000
-0.0606	-0.0893	-3.0000
-0.1263	-0.0205	-2.0000
0.3375	0.3309	0.0000
0.1426	0.4544	0.0000
0.2807	-0.4113	0.0000
0.1783	0.4550	0.0000
0.3373	0.3184	0.0000
0.0915	-0.1558	-2.0000
0.0925	0.4616	0.0000
0.3133	0.3778	0.0000
0.2156	0.3988	-1.0000
0.1722	0.0165	-2.0000
0.1975	-0.3758	-1.0000
0.2742	-0.4155	0.0000
0.0275	0.0945	-3.0000
0.0294	0.1267	-2.0000
-0.0984	-0.0443	-3.0000
0.0817	-0.1563	-2.0000
0.0634	0.4647	0.0000
0.1350	-0.4265	-1.0000
-0.4990	0.0097	0.0000
-0.0720	-0.0843	-3.0000
-0.4310	0.0409	-1.0000
-0.1143	-0.1054	-2.0000
0.0485	-0.0627	-3.0000
0.0325	0.1620	-2.0000
-0.1070	-0.1134	-2.0000
0.2259	-0.4429	0.0000
0.0142	-0.1123	-3.0000
0.2267	0.4372	0.0000
-0.4441	-0.0464	-1.0000
-0.4750	0.0776	0.0000
0.3583	-0.2937	0.0000
-0.1649	0.0016	-2.0000
-0.0818	-0.1542	-2.0000
-0.0486	0.1281	-2.0000
-0.0558	-0.1163	-2.0000
0.1112	0.0894	-2.0000
-0.4747	-0.0612	0.0000
0.3491	-0.3097	0.0000
-0.0619	-0.0953	-3.0000
0.1119	0.0899	-2.0000
-0.0724	0.0768	-3.0000
0.2154	0.3910	-1.0000
-0.0553	-0.1462	-2.0000
0.3059	0.3577	-1.0000
0.0436	-0.0561	-3.0000
0.1241	-0.4662	0.0000
0.3031	0.3894	0.0000
-0.0416	-0.1143	-3.0000
-0.0345	-0.0430	-3.0000
0.1852	0.4596	0.0000
-0.0583	0.1422	-2.0000
0.3472	0.2913	0.0000
-0.0995	0.0329	-3.0000
0.0545	-0.4624	0.0000
0.1422	0.4178	-1.0000
0.1855	-0.4578	0.0000
-0.0182	0.1854	-1.0000
0.0928	0.0810	-2.0000
0.0503	0.1236	-2.0000
0.3330	0.3042	-1.0000
-0.4403	-0.0063	-1.0000
-0.4804	0.0613	0.0000
0.1593	-0.0655	-2.0000
0.1196	-0.0070	-2.0000
-0.0424	-0.1501	-2.0000
0.3003	-0.3950	0.0000
0.1065	-0.0304	-3.0000
0.1364	-0.0724	-2.0000
0.2510	0.3942	-1.0000
0.3212	-0.3339	-1.0000
0.0012	0.1717	-2.0000
-0.0912	0.0743	-3.0000
-0.0526	0.1204	-3.0000
0.0238	0.1462	-2.0000
0.0256	0.0578	-3.0000
-0.0693	-0.0169	-3.0000
-0.4988	0.0194	0.0000
0.1506	-0.0355	-2.0000
-0.0330	0.0548	-3.0000
-0.4907	0.0647	0.0000
0.1888	0.4008	-1.0000
-0.0494	-0.1597	-2.0000
-0.1049	-0.0871	-2.0000
0.2962	-0.3522	-1.0000
0.0448	-0.1102	-2.0000
0.2249	-0.3871	-1.0000
0.0491	-0.1548	-2.0000
0.0380	0.1082	-3.0000
0.1393	-0.4594	0.0000
-0.4642	0.0431	-1.0000
0.0636	0.0181	-3.0000
-0.0137	0.0591	-3.0000
0.3792	0.2833	0.0000
-0.0245	0.1272	-2.0000
-0.0338	0.0170	-3.0000
0.3097	-0.3661	0.0000
-0.4905	0.0089	0.0000
-0.0472	0.1364	-2.0000
-0.0885	-0.0417	-3.0000
0.2812	0.4035	0.0000
-0.0816	0.1211	-2.0000
-0.4977	-0.0191	0.0000
-0.1230	0.0634	-2.0000
0.0106	-0.1788	-2.0000
-0.4353	-0.1916	0.0000
-0.0267	0.0290	-3.0000
-0.4536	0.0204	-1.0000
0.2366	-0.4089	-1.0000
0.0976	0.0908	-2.0000
0.2358	-0.4272	0.0000
-0.0241	-0.1619	-2.0000
0.0371	0.0013	-3.0000
0.1044	0.1443	-2.0000
-0.0240	0.0998	-3.0000
0.3150	-0.3784	0.0000
-0.4720	-0.0679	-1.0000
0.2194	0.4431	0.0000
0.0530	0.0810	-3.0000
-0.0518	0.1358	-2.0000
-0.4621	-0.0515	-1.0000
0.3235	0.3481	0.0000
0.0862	0.1256	-2.0000
0.0999	-0.4477	-1.0000
0.3536	0.3081	0.0000
-0.0999	-0.0206	-3.0000
0.0285	-0.0858	-3.0000
-0.1825	0.0259	-1.0000
0.1767	0.4538	0.0000
0.2227	0.4247	-1.0000
-0.4661	0.0251	-1.0000
-0.1517	-0.0055	-2.0000
0.3108	0.3440	-1.0000
0.1213	-0.0229	-2.0000
0.0304	-0.0752	-3.0000
0.1762	0.3885	-1.0000
-0.0180	0.0613	-3.0000
0.2096	0.4352	0.0000
0.0037	-0.1491	-2.0000
0.3205	0.3435	-1.0000
-0.4401	0.1357	0.0000
-0.0316	-0.0005	-3.0000
-0.1101	-0.1441	-1.0000
0.2440	-0.3931	-1.0000
0.0622	-0.0498	-3.0000
-0.1305	0.0836	-2.0000
0.0499	0.0246	-3.0000
0.0075	-0.1205	-2.0000
0.3620	0.3138	0.0000
0.0730	0.0775	-3.0000
0.2942	-0.3585	-1.0000
-0.0046	0.0311	-3.0000
-0.4668	-0.0339	-1.0000
-0.4637	-0.1358	0.0000
0.3237	-0.3693	0.0000
-0.4727	-0.0986	0.0000
0.1528	0.4469	0.0000
0.2572	-0.4108	-1.0000
0.2174	0.3994	-1.0000
0.1004	-0.4369	-1.0000
0.0462	-0.0358	-3.0000
0.1015	0.0387	-3.0000
0.1620	-0.4638	0.0000
0.0201	0.1278	-2.0000
-0.0283	-0.0828	-3.0000
0.0110	0.0140	-3.0000
-0.0577	0.1445	-2.0000
-0.0418	-0.1081	-3.0000
0.0769	0.4697	0.0000
-0.4363	-0.0580	-1.0000
-0.0052	0.0475	-3.0000
0.0810	0.1315	-2.0000
-0.0788	-0.0444	-3.0000
0.1332	0.1143	-2.0000
0.2385	0.4186	-1.0000
0.1611	-0.4550	0.0000
0.1357	0.4472	0.0000
0.2628	-0.4007	-1.0000
0.0853	0.1149	-2.0000
-0.0507	-0.0535	-3.0000
0.0635	0.4652	0.0000
0.2654	0.4166	0.0000
0.0663	0.0335	-3.0000
0.0757	-0.1381	-2.0000
-0.0163	-0.1281	-2.0000
0.0782	0.0847	-3.0000
0.1976	0.3807	-1.0000
0.2884	0.3675	-1.0000
-0.0396	-0.0193	-3.0000
-0.4767	0.0629	0.0000
-0.4868	0.0763	0.0000
-0.0666	0.1003	-3.0000
0.1704	-0.0433	-2.0000
0.1407	-0.4555	0.0000
-0.0360	0.1344	-2.0000
0.2346	-0.4268	0.0000
-0.1245	0.0997	-2.0000
-0.4421	-0.1353	0.0000
-0.0769	0.0466	-3.0000
0.0333	0.1493	-2.0000
-0.4417	-0.0823	-1.0000
0.0589	0.4600	0.0000
0.1706	-0.4024	-1.0000
0.1224	0.0644	-2.0000
-0.4978	0.0325	0.0000
0.0119	-0.1713	-2.0000
-0.4908	0.0350	0.0000
-0.4498	0.0240	-1.0000
-0.4385	-0.0876	-1.0000
0.2547	-0.4302	0.0000
0.2939	0.3912	0.0000
-0.4699	0.0697	-1.0000
0.3434	0.3347	0.0000
0.2930	0.3391	-1.0000
0.1665	0.4574	0.0000
-0.4686	0.0422	-1.0000
0.2517	0.3426	-1.0000
-0.0362	-0.0148	-3.0000
0.0334	0.0240	-3.0000
-0.0537	0.1672	-2.0000
-0.0148	0.1221	-3.0000
-0.4272	0.0143	-1.0000
-0.0317	0.0350	-3.0000
0.3097	-0.3836	0.0000
0.2877	-0.3950	0.0000
0.1763	0.3986	-1.0000
-0.1125	-0.1483	-1.0000
-0.4319	-0.1062	-1.0000
0.2110	-0.3702	-1.0000
-0.1534	-0.0743	-2.0000
-0.0313	-0.1020	-3.0000
0.0920	-0.4723	0.0000
-0.4564	-0.0924	-1.0000
-0.4740	-0.1109	0.0000
0.1075	-0.0310	-2.0000
0.1586	0.4529	0.0000
-0.0384	-0.0763	-3.0000
-0.0812	0.0255	-3.0000
0.3423	0.3341	0.0000
-0.1156	0.0854	-2.0000
-0.0732	-0.1058	-2.0000
0.0817	0.1388	-2.0000
0.2374	0.3807	-1.0000
0.2892	0.3984	0.0000
-0.0944	0.0822	-2.0000
0.0353	-0.0443	-3.0000
0.1035	0.4678	0.0000
0.2499	0.4331	0.0000
0.2098	0.4440	0.0000
-0.4927	-0.0580	0.0000
-0.0035	0.1069	-3.0000
-0.0885	0.1259	-2.0000
0.0722	0.0048	-3.0000
-0.0504	-0.1053	-3.0000
-0.4673	-0.1313	0.0000
-0.1644	-0.0877	-1.0000
0.0209	-0.0122	-3.0000
0.0225	-0.0498	-3.0000
0.1811	-0.4594	0.0000
0.0263	0.0566	-3.0000
-0.0901	0.0067	-3.0000
-0.0668	-0.1601	-2.0000
0.3697	-0.3017	0.0000
-0.0665	-0.0545	-3.0000
0.1861	0.4180	-1.0000
0.1605	0.0618	-2.0000
-0.1005	0.0327	-3.0000
-0.4534	-0.1195	0.0000
0.2524	0.3504	-1.0000
-0.0405	0.0346	-3.0000
-0.4551	-0.0670	-1.0000
-0.0281	-0.0616	-3.0000
0.1724	-0.0220	-2.0000
0.2151	-0.4487	0.0000
0.0967	0.0466	-3.0000
-0.0977	0.0272	-3.0000
-0.0997	-0.0892	-2.0000
0.0479	0.0073	-3.0000
-0.0466	-0.1701	-2.0000
-0.4648	0.0292	-1.0000
0.2641	0.3905	-1.0000
0.0627	0.1611	-2.0000
0.0421	-0.0582	-3.0000
-0.0756	0.0223	-3.0000
-0.1620	-0.0559	-2.0000
0.3416	-0.3390	0.0000
-0.0697	-0.1045	-2.0000
0.2029	0.4396	0.0000
-0.1475	0.0355	-2.0000
0.0328	0.0588	-3.0000
-0.0216	0.1689	-2.0000
0.0627	0.1158	-2.0000
0.0772	-0.0366	-3.0000
0.1786	0.0102	-2.0000
0.0957	0.1214	-2.0000
-0.4836	0.0179	-1.0000
-0.4926	-0.0134	0.0000
-0.0328	-0.0758	-3.0000
-0.4498	0.0508	-1.0000
0.0807	0.0803	-3.0000
0.2657	0.3412	-1.0000
-0.4611	0.1062	0.0000
-0.0652	-0.0301	-3.0000
0.2470	0.3730	-1.0000
0.0407	0.1321	-2.0000
0.0558	0.1612	-2.0000
0.0382	-0.1742	-2.0000
0.2915	0.3966	0.0000
-0.1538	0.0069	-2.0000
0.3491	-0.3287	0.0000
-0.4652	0.0484	-1.0000
0.3489	-0.3192	0.0000
-0.1084	-0.0108	-3.0000
0.0094	0.1556	-2.0000
0.0504	-0.0844	-3.0000
-0.1468	0.0941	-2.0000
0.2067	0.4204	-1.0000
-0.0495	0.0097	-3.0000
-0.0433	-0.0489	-3.0000
-0.0261	0.1717	-2.0000
0.1560	0.0026	-2.0000
0.0613	0.4579	0.0000
0.2835	-0.3825	-1.0000
-0.0440	0.1378	-2.0000
-0.4985	-0.0199	0.0000
-0.0221	-0.1248	-2.0000
-0.1247	-0.0042	-2.0000
0.0465	-0.0375	-3.0000
-0.4474	0.0166	-1.0000
-0.1643	-0.0776	-1.0000
0.1895	0.4559	0.0000
-0.0086	-0.0451	-3.0000
0.1605	0.4610	0.0000
0.2908	0.4027	0.0000
0.0312	0.0444	-3.0000
0.1059	-0.1343	-2.0000
-0.0848	-0.0936	-2.0000
0.1083	-0.0753	-2.0000
0.1435	0.4104	-1.0000
-0.0375	0.0095	-3.0000
0.0276	0.1036	-3.0000
0.3063	-0.3455	-1.0000
-0.0541	0.0723	-3.0000
0.0050	0.0718	-3.0000
-0.4601	0.1440	0.0000
-0.0228	0.1820	-2.0000
0.0259	-0.0409	-3.0000
0.1103	-0.1448	-2.0000
-0.0938	-0.0217	-3.0000
0.3153	0.3642	0.0000
0.1523	-0.0836	-2.0000
-0.4388	-0.1149	-1.0000
-0.0604	-0.0055	-3.0000
-0.0962	-0.1406	-2.0000
0.2368	0.4235	0.0000
-0.4611	-0.0704	-1.0000
0.1090	0.0565	-2.0000
-0.0648	0.1286	-2.0000
0.2663	-0.3957	-1.0000
-0.0674	0.1522	-2.0000
0.1158	0.0334	-2.0000
-0.4752	0.0374	-1.0000
0.3573	-0.3039	0.0000
0.3082	0.3755	0.0000
-0.0733	0.0255	-3.0000
-0.0709	-0.0202	-3.0000
0.0600	0.0317	-3.0000
-0.0514	0.0469	-3.0000
0.2453	0.3880	-1.0000
-0.1536	0.0213	-2.0000
-0.4709	0.0442	-1.0000
-0.0898	0.0999	-2.0000
0.0662	-0.0799	-3.0000
-0.1609	-0.0538	-2.0000
-0.0486	-0.0103	-3.0000
0.0857	0.0084	-3.0000
-0.0891	0.0298	-3.0000
0.1224	-0.1064	-2.0000
-0.4558	0.1105	0.0000
-0.1362	-0.0836	-2.0000
0.0989	0.0865	-2.0000
-0.4477	0.1101	-1.0000
0.0596	-0.0680	-3.0000
0.3436	0.2936	0.0000
-0.1277	-0.1200	-2.0000
-0.1414	-0.0062	-2.0000
-0.0412	0.0696	-3.0000
0.0097	0.0155	-3.0000
-0.4301	0.1871	0.0000
0.0373	0.0805	-3.0000
0.1874	-0.4477	0.0000
0.1945	0.3977	-1.0000
0.1966	0.4534	0.0000
-0.0010	0.1753	-2.0000
-0.0067	0.0263	-3.0000
-0.0526	0.0339	-3.0000
0.0972	-0.4468	-1.0000
0.3233	0.3569	0.0000
0.0476	0.0498	-3.0000
-0.0330	-0.1653	-2.0000
-0.0864	-0.1090	-2.0000
0.2204	0.4113	-1.0000
0.2033	-0.4169	-1.0000
-0.0483	-0.1750	-2.0000
-0.4708	-0.0699	-1.0000
-0.0445	0.0831	-3.0000
-0.1553	-0.0153	-2.0000
-0.0302	-0.1432	-2.0000
-0.1182	-0.0174	-2.0000
-0.4321	0.1476	0.0000
-0.4413	-0.1169	-1.0000
-0.4675	0.1172	0.0000
0.1385	-0.4671	0.0000
0.2201	0.3762	-1.0000
0.1229	0.4558	0.0000
0.0257	-0.0992	-3.0000
0.1456	0.0690	-2.0000
0.0387	0.0961	-3.0000
-0.0296	-0.0382	-3.0000
0.1627	0.4626	0.0000
-0.4450	-0.0060	-1.0000
-0.0544	0.1568	-2.0000
-0.4412	-0.0834	-1.0000
-0.0682	0.1364	-2.0000
0.0233	0.0036	-3.0000
0.2249	-0.4345	0.0000
0.1423	0.0372	-2.0000
0.2045	-0.4052	-1.0000
0.1626	-0.0565	-2.0000
0.3222	0.3469	0.0000
0.0049	0.1661	-2.0000
-0.0201	-0.0473	-3.0000
0.1743	0.4532	0.0000
-0.0291	-0.1124	-3.0000
0.0756	0.1298	-2.0000
0.1129	-0.0270	-2.0000
-0.4980	-0.0212	0.0000
0.3595	-0.3188	0.0000
-0.0870	0.0003	-3.0000
0.3232	-0.3586	0.0000
0.2432	0.4150	-1.0000
0.0675	-0.0451	-3.0000
0.0639	-0.0330	-3.0000
-0.0883	0.1484	-2.0000
-0.4962	-0.0102	0.0000
0.1315	-0.0187	-2.0000
-0.1025	0.0908	-2.0000
-0.0662	0.0393	-3.0000
-0.1443	0.0170	-2.0000
-0.1308	0.1280	-1.0000
0.0661	0.0258	-3.0000
0.0055	0.0581	-3.0000
-0.0200	-0.0023	-3.0000
-0.4990	0.0170	0.0000
0.2252	0.4167	-1.0000
0.0064	-0.1765	-2.0000
0.1591	0.4562	0.0000
-0.4503	0.0734	-1.0000
0.2833	0.3937	0.0000
0.2441	-0.3825	-1.0000
0.1255	0.0761	-2.0000
-0.0321	0.0704	-3.0000
-0.4835	-0.0811	0.0000
-0.0457	-0.0311	-3.0000
-0.0173	0.1751	-2.0000
0.1373	0.4181	-1.0000
0.1091	0.0917	-2.0000
0.1369	0.4677	0.0000
-0.1402	-0.0835	-2.0000
-0.4348	-0.0500	-1.0000
-0.1399	-0.0969	-2.0000
-0.0396	-0.0168	-3.0000
0.2639	-0.4033	-1.0000
-0.4397	0.0233	-1.0000
0.1339	-0.1092	-2.0000
0.2329	-0.3786	-1.0000
0.0698	0.0195	-3.0000
-0.4253	0.0772	-1.0000
-0.0394	-0.1436	-2.0000
-0.4730	-0.0592	-1.0000
0.2478	-0.4222	0.0000
0.2842	0.3884	0.0000
-0.0984	0.0861	-2.0000
0.1116	0.0995	-2.0000
0.1958	0.4138	-1.0000
0.2909	-0.3586	-1.0000
0.1748	-0.0544	-1.0000
-0.4500	-0.1649	0.0000
0.1461	-0.4630	0.0000
-0.1117	-0.0915	-2.0000
0.2823	-0.3888	-1.0000
0.2273	0.4104	-1.0000
0.3289	0.3413	0.0000
0.2677	-0.4069	0.0000
-0.0455	0.1494	-2.0000
0.1875	-0.4525	0.0000
0.0217	-0.0068	-3.0000
0.0325	-0.0764	-3.0000
0.0660	-0.4630	0.0000
0.1862	0.4499	0.0000
0.1170	0.4702	0.0000
0.2908	0.3237	-1.0000
-0.4448	-0.1018	-1.0000
0.1408	0.4165	-1.0000
-0.4293	0.0885	-1.0000
0.1112	-0.0486	-2.0000
-0.1520	-0.0819	-2.0000
0.1990	0.3977	-1.0000
0.2573	0.3920	-1.0000
0.1806	-0.4603	0.0000
0.1515	0.0678	-2.0000
-0.4507	-0.0701	-1.0000
-0.4601	-0.0474	-1.0000
0.2484	-0.3649	-1.0000
0.1531	-0.0185	-2.0000
0.1185	0.0800	-2.0000
0.3057	-0.3834	0.0000
-0.4821	0.0276	-1.0000
-0.4258	-0.1195	-1.0000
0.0195	-0.0984	-3.0000
-0.1041	0.0784	-2.0000
0.0817	0.0536	-3.0000
0.1882	0.4223	-1.0000
0.3150	-0.3128	-1.0000
0.0274	-0.0113	-3.0000
-0.0411	0.1359	-2.0000
0.1688	-0.4401	-1.0000
0.0591	0.1211	-2.0000
-0.0869	0.1080	-2.0000
-0.0968	0.0497	-3.0000
0.0445	-0.1026	-2.0000
-0.0732	0.0225	-3.0000
0.2177	0.4435	0.0000
-0.0934	0.0987	-2.0000
0.0033	-0.0274	-3.0000
0.0766	0.1465	-2.0000
-0.4872	-0.0015	0.0000
0.3687	-0.2950	0.0000
0.2409	0.4190	-1.0000
0.1485	0.0849	-2.0000
-0.4727	-0.0853	0.0000
0.1070	0.0310	-3.0000
0.0881	0.4678	0.0000
-0.4828	-0.0186	-1.0000
0.0732	-0.0801	-3.0000
0.0672	-0.1045	-2.0000
-0.0819	-0.1472	-2.0000
-0.4965	0.0146	0.0000
0.1353	-0.4659	0.0000
-0.4928	-0.0534	0.0000
-0.1382	0.0540	-2.0000
-0.0794	0.1396	-2.0000
0.0617	0.4580	0.0000
0.0819	-0.0057	-3.0000
-0.4412	0.1076	-1.0000
0.2279	0.4184	-1.0000
-0.4774	-0.0929	0.0000
-0.0371	-0.0237	-3.0000
-0.1650	0.0192	-2.0000
0.1896	0.4528	0.0000
-0.0233	0.0280	-3.0000
0.0053	0.1053	-3.0000
-0.0448	0.0930	-3.0000
-0.4604	-0.0251	-1.0000
-0.0535	-0.0537	-3.0000
-0.0588	-0.1771	-1.0000
0.3474	0.3330	0.0000
-0.4704	-0.0712	-1.0000
-0.4822	0.0641	0.0000
-0.1006	-0.1336	-2.0000
-0.0962	0.0253	-3.0000
0.1221	0.0915	-2.0000
-0.0436	0.0682	-3.0000
-0.0396	-0.0933	-3.0000
0.0854	0.1269	-2.0000
-0.1001	0.0086	-3.0000
0.0390	0.0068	-3.0000
0.0165	-0.1562	-2.0000
-0.4966	0.0274	0.0000
0.1470	0.0282	-2.0000
0.1567	-0.4067	-1.0000
-0.4341	0.1452	0.0000
0.1808	-0.3874	-1.0000
0.3135	0.3695	0.0000
-0.0665	0.0960	-3.0000
0.2748	-0.3642	-1.0000
-0.1638	0.0445	-2.0000
0.1816	-0.4190	-1.0000
-0.0255	-0.0498	-3.0000
0.1826	-0.0382	-1.0000
0.1612	-0.4586	0.0000
0.0343	0.1729	-2.0000
-0.0540	0.1264	-2.0000
-0.1237	-0.0537	-2.0000
0.2488	-0.4252	0.0000
0.0159	0.0194	-3.0000
-0.0391	0.0595	-3.0000
0.2817	0.4056	0.0000
0.2012	-0.4543	0.0000
-0.0626	0.0141	-3.0000
0.1282	0.1090	-2.0000
-0.0954	0.0614	-3.0000
0.1316	0.4207	-1.0000
0.1635	-0.4575	0.0000
-0.0137	0.0602	-3.0000
-0.1392	-0.0048	-2.0000
0.0714	-0.4708	0.0000
0.2741	-0.3976	-1.0000
-0.0354	-0.0407	-3.0000
0.1529	0.4279	-1.0000
0.0648	0.0853	-3.0000
0.1304	0.0246	-2.0000
0.1572	0.0891	-1.0000
-0.1376	0.1121	-1.0000
-0.1517	-0.0119	-2.0000
0.3079	0.3521	-1.0000
0.3397	0.3191	0.0000
0.1477	-0.1107	-1.0000
-0.0436	-0.1538	-2.0000
-0.4830	-0.0773	0.0000
0.2566	0.4114	0.0000
-0.4941	-0.0453	0.0000
-0.4332	-0.0130	-1.0000
-0.1236	-0.0497	-2.0000
-0.0930	0.0241	-3.0000
-0.4455	-0.1256	0.0000
0.2424	-0.4340	0.0000
-0.0826	-0.1272	-2.0000
0.0363	0.1017	-3.0000
-0.4807	0.0990	0.0000
0.2099	-0.4280	-1.0000
-0.0808	0.1452	-2.0000
0.2756	-0.3776	-1.0000
0.2963	0.3895	0.0000
-0.0897	-0.0520	-3.0000
-0.0974	0.0565	-3.0000
0.2163	-0.3623	-1.0000
-0.1031	0.1312	-2.0000
0.0013	-0.1706	-2.0000
0.0091	0.0366	-3.0000
0.3046	0.3709	0.0000
-0.0274	-0.1399	-2.0000
-0.4920	0.0067	0.0000
0.1039	0.4696	0.0000
0.3181	0.3107	-1.0000
0.2014	0.4329	-1.0000
0.0101	-0.0100	-3.0000
-0.1442	-0.0899	-2.0000
-0.0549	-0.1249	-2.0000
0.0429	-0.0394	-3.0000
0.1590	0.4456	-1.0000
-0.1689	0.0453	-2.0000
-0.0074	0.0084	-3.0000
0.1150	-0.0453	-2.0000
-0.1541	-0.0578	-2.0000
-0.0513	0.0922	-3.0000
-0.0077	-0.0493	-3.0000
-0.0760	-0.0602	-3.0000
-0.0570	-0.0255	-3.0000
0.2800	0.3758	-1.0000
-0.0015	-0.1127	-3.0000
-0.0965	0.0063	-3.0000
0.0468	0.0443	-3.0000
0.0238	-0.1472	-2.0000
0.3359	0.3084	-1.0000
0.3021	-0.3854	0.0000
-0.4833	0.0907	0.0000
0.2689	-0.4147	0.0000
-0.0290	-0.0789	-3.0000
-0.4856	0.0528	0.0000
-0.4326	-0.0344	-1.0000
0.0821	-0.0010	-3.0000
0.3466	-0.3387	0.0000
-0.4544	-0.1359	0.0000
-0.1395	0.0104	-2.0000
0.0726	0.4529	0.0000
0.1055	-0.0188	-3.0000
0.0646	0.1223	-2.0000
0.3011	0.3917	0.0000
-0.4880	0.0000	0.0000
0.1759	-0.3936	-1.0000
0.1980	0.4195	-1.0000
0.0515	-0.0705	-3.0000
-0.4859	0.0731	0.0000
0.1022	-0.1411	-2.0000
0.3047	0.3780	0.0000
-0.4415	0.0047	-1.0000
0.3676	-0.2929	0.0000
-0.0463	-0.0689	-3.0000
0.0281	-0.0962	-3.0000
0.3786	0.2820	0.0000
0.1014	0.1398	-2.0000
-0.1026	-0.1369	-2.0000
-0.0188	0.1370	-2.0000
-0.4964	-0.0192	0.0000
0.3166	-0.3095	-1.0000
0.1403	-0.0497	-2.0000
-0.0330	-0.1341	-2.0000
0.1749	0.4088	-1.0000
0.1552	0.3987	-1.0000
-0.0990	-0.0920	-2.0000
0.0678	0.0152	-3.0000
0.3072	-0.3418	-1.0000
-0.4235	0.1092	-1.0000
0.2128	0.4440	0.0000
0.3303	-0.3203	0.0000
0.2360	0.3906	-1.0000
0.1266	-0.0516	-2.0000
-0.0058	0.0782	-3.0000
0.1195	-0.1157	-2.0000
0.2893	-0.3911	0.0000
-0.4876	-0.0566	0.0000
0.1759	-0.0423	-2.0000
-0.0825	0.1066	-2.0000
-0.1421	0.0454	-2.0000
0.0919	-0.1575	-2.0000
-0.0642	0.1407	-2.0000
0.0440	0.0215	-3.0000
0.0431	-0.1549	-2.0000
0.0083	-0.1113	-3.0000
0.1739	-0.3974	-1.0000
0.0559	-0.0173	-3.0000
0.1540	0.4219	-1.0000
-0.4539	0.1181	0.0000
-0.4717	0.0572	-1.0000
-0.1060	-0.0880	-2.0000
-0.0758	0.1333	-2.0000
0.1779	-0.4222	-1.0000
0.2363	0.4300	0.0000
0.0968	-0.0594	-2.0000
0.2941	0.3776	-1.0000
-0.4874	0.0461	0.0000
0.1361	-0.4447	-1.0000
-0.4651	0.1168	0.0000
0.0603	0.0114	-3.0000
-0.1369	0.0186	-2.0000
0.1813	0.4348	-1.0000
-0.4470	-0.1578	0.0000
0.1941	0.3791	-1.0000
0.0991	0.0392	-3.0000
-0.0976	0.0327	-3.0000
-0.0946	-0.0548	-3.0000
-0.4847	-0.0895	0.0000
0.2185	-0.4258	-1.0000
-0.4926	-0.0433	0.0000
-0.4339	-0.1148	-1.0000
0.2986	-0.3793	0.0000
0.0065	-0.0607	-3.0000
0.1384	-0.4616	0.0000
-0.0959	0.1205	-2.0000
0.0467	-0.1268	-2.0000
0.0778	0.0569	-3.0000
0.3154	0.3638	0.0000
-0.4554	0.1367	0.0000
0.1397	0.1044	-2.0000
0.0926	-0.0695	-2.0000
-0.0812	-0.0176	-3.0000
0.1124	0.1405	-1.0000
-0.0819	0.0006	-3.0000
0.3187	0.3517	0.0000
0.1862	0.4572	0.0000
0.2541	0.4301	0.0000
-0.1868	0.0068	-1.0000
-0.1808	-0.0404	-1.0000
0.1975	-0.3737	-1.0000
0.1069	-0.0549	-2.0000
0.2791	-0.3297	-1.0000
0.1603	0.0680	-2.0000
0.1151	-0.1273	-2.0000
0.1728	-0.4202	-1.0000
-0.4292	0.1166	-1.0000
0.0715	0.0386	-3.0000
-0.4908	-0.0391	0.0000
-0.0511	0.1251	-2.0000
0.1824	-0.4074	-1.0000
0.0928	-0.4687	0.0000
0.0707	0.1524	-2.0000
-0.4376	0.0111	-1.0000
-0.0325	0.1478	-2.0000
0.0361	0.1453	-2.0000
-0.0066	-0.0517	-3.0000
0.0511	-0.0978	-3.0000
-0.4229	-0.0240	-1.0000
0.2402	0.4313	0.0000
0.1656	-0.0527	-2.0000
0.1986	-0.3916	-1.0000
-0.0812	-0.1140	-2.0000
-0.4935	-0.0013	0.0000
0.0801	0.1351	-2.0000
-0.4293	-0.0150	-1.0000
-0.5000	-0.0058	0.0000
0.2012	-0.4301	-1.0000
-0.0663	-0.0841	-3.0000
-0.0326	-0.1393	-2.0000
-0.0434	0.1719	-2.0000
0.0642	-0.0433	-3.0000
0.0491	0.0212	-3.0000
0.0166	0.1149	-3.0000
0.1030	-0.1310	-2.0000
-0.4461	0.0928	-1.0000
0.0225	0.1764	-2.0000
-0.0030	-0.0676	-3.0000
0.2276	-0.4402	0.0000
-0.0712	-0.0190	-3.0000
-0.4901	-0.0689	0.0000
0.0550	0.0016	-3.0000
0.1605	-0.0795	-2.0000
-0.0590	0.0670	-3.0000
0.1535	0.4413	-1.0000
-0.4739	0.1064	0.0000
-0.0775	-0.0262	-3.0000
-0.4688	-0.0846	0.0000
-0.0524	0.1108	-3.0000
0.1505	0.4588	0.0000
-0.0689	0.0544	-3.0000
-0.4384	0.1756	0.0000
0.0508	-0.0019	-3.0000
-0.4841	-0.0575	0.0000
0.3712	0.2929	0.0000
0.3112	-0.3187	-1.0000
0.3033	-0.3264	-1.0000
0.1056	-0.0523	-2.0000
-0.0154	-0.0504	-3.0000
-0.4681	-0.1183	0.0000
0.0382	0.0825	-3.0000
0.0561	-0.1485	-2.0000
0.2401	-0.4151	-1.0000
-0.4776	-0.0242	-1.0000
0.0656	0.1100	-2.0000
-0.0253	-0.1162	-3.0000
0.0306	-0.0586	-3.0000
-0.0506	-0.0183	-3.0000
-0.1210	-0.0557	-2.0000
0.1823	-0.4599	0.0000
-0.1206	0.0287	-2.0000
0.2022	0.4254	-1.0000
0.1498	-0.0192	-2.0000
-0.4817	0.0929	0.0000
0.2492	0.4039	-1.0000
0.1595	-0.0953	-1.0000
-0.0925	-0.0500	-3.0000
-0.1325	0.1245	-1.0000
0.0254	0.1223	-3.0000
0.2337	-0.3883	-1.0000
0.2393	0.3916	-1.0000
-0.1265	-0.1176	-2.0000
-0.4733	-0.0626	-1.0000
-0.4841	-0.0152	0.0000
-0.0940	0.1152	-2.0000
-0.4412	-0.0770	-1.0000
-0.0644	-0.1604	-2.0000
0.3147	-0.3077	-1.0000
0.3093	0.3367	-1.0000
0.0044	0.0458	-3.0000
0.0819	0.0212	-3.0000
0.0144	0.0947	-3.0000
0.1412	-0.0008	-2.0000
-0.4264	0.1523	0.0000
0.0196	-0.0349	-3.0000
-0.4669	0.1271	0.0000
0.2446	0.4352	0.0000
0.1455	0.4633	0.0000
0.1241	-0.0637	-2.0000
-0.0235	0.0561	-3.0000
-0.0411	-0.1261	-2.0000
0.0499	0.0516	-3.0000
0.3422	0.3469	0.0000
0.2637	-0.3763	-1.0000
0.0109	-0.1071	-3.0000
-0.4664	-0.1099	0.0000
0.2628	0.4120	0.0000
-0.0324	0.0128	-3.0000
-0.0111	0.1715	-2.0000
-0.4919	0.0565	0.0000
0.0190	-0.0346	-3.0000
0.1543	-0.4529	-1.0000
0.1185	0.0019	-2.0000
-0.4474	-0.0472	-1.0000
-0.4323	-0.1766	0.0000
0.2587	0.4049	-1.0000
0.1040	0.4440	0.0000
0.1169	0.1136	-2.0000
0.2697	-0.3756	-1.0000
-0.0107	-0.0783	-3.0000
-0.4349	0.0926	-1.0000
-0.0881	0.0372	-3.0000
-0.1365	-0.0856	-2.0000
0.1827	0.4481	0.0000
-0.0604	0.0128	-3.0000
0.2200	0.3880	-1.0000
-0.4296	-0.0969	-1.0000
0.0825	-0.0579	-3.0000
0.2039	-0.4493	0.0000
-0.4921	-0.0088	0.0000
-0.0050	0.1645	-2.0000
0.0112	0.0602	-3.0000
0.1221	0.0420	-2.0000
0.0560	0.0023	-3.0000
0.0152	0.1816	-1.0000
0.2249	0.4268	-1.0000
0.2820	-0.3580	-1.0000
0.0444	0.1318	-2.0000
0.1337	0.0183	-2.0000
0.2162	-0.4447	0.0000
-0.4922	0.0213	0.0000
0.2582	0.4275	0.0000
-0.4588	0.1129	0.0000
0.0308	0.1144	-3.0000
0.2698	-0.4149	0.0000
-0.0738	0.0749	-3.0000
0.0729	-0.0583	-3.0000
0.1391	-0.4518	-1.0000
0.3605	-0.3001	0.0000
-0.0998	-0.1518	-1.0000
0.1995	0.3782	-1.0000
0.1745	-0.4203	-1.0000
-0.0063	-0.0492	-3.0000
-0.4539	0.1376	0.0000
0.2528	0.4139	0.0000
-0.4877	-0.0319	0.0000
0.2474	0.4027	-1.0000
-0.0269	-0.1238	-2.0000
0.1440	0.0301	-2.0000
-0.0846	0.1086	-2.0000
0.2324	-0.4337	0.0000
-0.1205	0.1294	-2.0000
0.0959	0.1169	-2.0000
-0.4225	0.0117	-1.0000
-0.0053	-0.0249	-3.0000
-0.0736	0.0770	-3.0000
0.1999	0.4360	-1.0000
-0.4284	-0.0287	-1.0000
-0.1010	-0.0607	-3.0000
-0.4925	0.0204	0.0000
0.1356	-0.1279	-1.0000
0.1069	-0.1241	-2.0000
0.1517	0.4051	-1.0000
-0.1447	-0.0654	-2.0000
0.2976	-0.3743	0.0000
0.1645	-0.0052	-2.0000
0.3336	-0.3510	0.0000
-0.4364	0.0723	-1.0000
0.0199	0.0002	-3.0000
0.0869	-0.0733	-2.0000
0.1063	0.0627	-2.0000
0.1154	-0.1200	-2.0000
0.2494	-0.4113	-1.0000
0.0689	-0.1213	-2.0000
0.3059	0.3460	-1.0000
0.1246	0.4203	-1.0000
-0.0195	0.1809	-2.0000
0.0664	-0.0577	-3.0000
-0.0625	0.0007	-3.0000
-0.4222	-0.0627	-1.0000
0.0573	-0.0434	-3.0000
-0.0667	0.0017	-3.0000
-0.1240	-0.0158	-2.0000
0.1089	-0.4720	0.0000
-0.0719	-0.1104	-2.0000
0.1038	0.1193	-2.0000
0.1869	0.4428	0.0000
0.0910	-0.4508	0.0000
0.1356	0.0235	-2.0000
0.0801	0.4681	0.0000
-0.4476	0.0526	-1.0000
0.2559	0.3897	-1.0000
-0.0379	0.0526	-3.0000
-0.0293	-0.1807	-2.0000
0.0185	0.1260	-2.0000
0.2228	-0.3896	-1.0000
0.2686	-0.4113	0.0000
0.3347	-0.3214	0.0000
0.3000	-0.3798	0.0000
-0.0458	-0.0074	-3.0000
0.0712	0.1342	-2.0000
0.2201	0.4341	0.0000
0.1671	-0.0358	-2.0000
0.0269	0.0231	-3.0000
0.2173	-0.4301	-1.0000
-0.4411	0.1628	0.0000
0.1155	0.0500	-2.0000
-0.1333	-0.1089	-2.0000
0.2070	-0.4492	0.0000
0.1147	0.0865	-2.0000
0.3367	-0.3114	0.0000
0.2621	0.3414	-1.0000
0.1622	-0.0031	-2.0000
0.2434	0.4316	0.0000
-0.1271	0.0545	-2.0000
-0.4745	0.0885	0.0000
-0.0344	-0.1156	-3.0000
-0.0051	0.0104	-3.0000
0.1777	0.0388	-1.0000
0.0780	0.1266	-2.0000
-0.4573	-0.0113	-1.0000
0.0947	0.1209	-2.0000
0.3470	0.3116	0.0000
-0.1371	-0.0121	-2.0000
-0.0863	0.0453	-3.0000
0.0534	0.0303	-3.0000
-0.1572	0.0112	-2.0000
0.0021	-0.1488	-2.0000
-0.0056	0.0893	-3.0000
0.0808	-0.1683	-1.0000
0.2891	0.3290	-1.0000
0.0573	0.0349	-3.0000
0.2602	0.4215	0.0000
-0.4674	0.1346	0.0000
0.2286	0.4428	0.0000
-0.4873	-0.0014	0.0000
-0.4746	0.1171	0.0000
-0.1483	0.0453	-2.0000
0.0473	0.0959	-3.0000
-0.4988	-0.0216	0.0000
-0.1254	0.0210	-2.0000
0.0400	0.1055	-3.0000
0.2180	0.4465	0.0000
0.1865	0.4264	-1.0000
-0.4241	0.0256	-1.0000
0.2698	0.3930	-1.0000
0.0165	0.0200	-3.0000
-0.4696	0.0433	-1.0000
-0.1345	-0.0861	-2.0000
0.3548	0.3299	0.0000
-0.0849	0.0782	-3.0000
-0.4799	0.0148	-1.0000
-0.4697	-0.0418	-1.0000
0.1451	-0.0127	-2.0000
-0.0005	-0.0995	-3.0000
-0.0321	0.0117	-3.0000
-0.4624	-0.0218	-1.0000
0.1966	0.4529	0.0000
0.2581	0.3689	-1.0000
-0.1059	0.0627	-2.0000
-0.0880	0.0972	-2.0000
0.0423	0.0533	-3.0000
-0.1549	0.0859	-1.0000
0.2389	0.4302	0.0000
0.3014	0.3938	0.0000
0.0655	0.0727	-3.0000
0.3022	-0.3770	0.0000
0.0408	0.1341	-2.0000
0.0327	0.0064	-3.0000
0.0749	0.0239	-3.0000
0.0362	0.0137	-3.0000
-0.0609	-0.0059	-3.0000
-0.0159	0.0686	-3.0000
0.1481	0.0527	-2.0000
-0.0927	0.0202	-3.0000
-0.0252	0.0349	-3.0000
0.2408	-0.4355	0.0000
0.1448	0.4146	-1.0000
-0.0504	0.0094	-3.0000
0.2402	-0.3807	-1.0000
0.0384	-0.0271	-3.0000
0.1772	0.4072	-1.0000
0.2061	-0.4388	-1.0000
-0.4695	-0.0036	-1.0000
0.0047	-0.1553	-2.0000
0.2282	0.4215	-1.0000
-0.0702	-0.0640	-3.0000
-0.0328	0.0469	-3.0000
0.1711	0.4103	-1.0000
0.1957	-0.4388	-1.0000
0.1052	0.0045	-3.0000
-0.4312	-0.1251	-1.0000
-0.0516	-0.1307	-2.0000
0.1135	-0.4562	0.0000
0.3141	-0.3622	0.0000
-0.0081	0.1525	-2.0000
-0.0972	-0.0378	-3.0000
0.1766	0.4248	-1.0000
-0.1122	0.1371	-2.0000
-0.0172	-0.0685	-3.0000
0.1272	0.1029	-2.0000
0.1448	-0.0887	-2.0000
-0.0814	-0.0479	-3.0000
0.2475	0.3444	-1.0000
0.2313	-0.3883	-1.0000
0.1985	0.4250	-1.0000
0.1017	0.0890	-2.0000
-0.0459	-0.0614	-3.0000
0.0168	-0.0934	-3.0000
0.2053	-0.4338	-1.0000
0.3588	-0.3194	0.0000
-0.4706	0.0296	-1.0000
-0.1342	0.0688	-2.0000
0.3503	0.3217	0.0000
0.0596	0.0585	-3.0000
0.0214	-0.1482	-2.0000
0.0416	-0.0401	-3.0000
0.1747	-0.4512	0.0000
0.1300	-0.0951	-2.0000
0.1792	0.4474	0.0000
0.0957	-0.4496	-1.0000
-0.4430	-0.1544	0.0000
0.0110	-0.0272	-3.0000
0.2308	-0.4333	0.0000
0.3059	-0.3654	0.0000
-0.4231	0.0656	-1.0000
0.0297	0.0186	-3.0000
-0.4588	-0.1471	0.0000
0.1111	-0.4448	-1.0000
0.0198	-0.1618	-2.0000
-0.4309	-0.1101	-1.0000
0.1384	-0.0348	-2.0000
-0.4358	-0.1828	0.0000
0.1129	0.0047	-3.0000
-0.0588	0.0559	-3.0000
0.1740	-0.4589	0.0000
-0.4954	0.0427	0.0000
-0.0909	0.1105	-2.0000
-0.4333	0.0663	-1.0000
0.0470	-0.4680	0.0000
0.0095	0.0398	-3.0000
0.2231	0.4100	-1.0000
-0.1307	-0.0854	-2.0000
-0.4575	0.0855	-1.0000
0.1953	-0.4144	-1.0000
-0.1442	0.0715	-2.0000
-0.1788	-0.0361	-1.0000
0.1062	0.1130	-2.0000
0.2851	-0.3470	-1.0000
0.2562	-0.3673	-1.0000
0.0585	0.1350	-2.0000
0.2900	0.3252	-1.0000
0.0295	-0.0275	-3.0000
0.1604	0.4553	0.0000
-0.1799	-0.0428	-1.0000
-0.4296	0.0098	-1.0000
0.1743	0.0647	-1.0000
-0.0591	-0.0450	-3.0000
-0.1260	0.0445	-2.0000
-0.1631	0.0489	-2.0000
0.1613	0.4526	0.0000
-0.0078	-0.0415	-3.0000
0.1272	0.4544	0.0000
0.3589	-0.3144	0.0000
0.2020	0.4021	-1.0000
-0.4888	0.0533	0.0000
-0.4639	-0.1011	0.0000
0.1542	-0.0778	-2.0000
0.0105	0.0912	-3.0000
0.1691	-0.4466	-1.0000
0.0315	-0.1278	-2.0000
0.0293	-0.0217	-3.0000
-0.1406	-0.0352	-2.0000
0.2878	-0.3235	-1.0000
-0.0635	0.1505	-2.0000
0.3077	-0.3212	-1.0000
0.3019	0.3558	-1.0000
-0.1509	0.0231	-2.0000
0.0054	0.0607	-3.0000
0.2413	0.3628	-1.0000
-0.0039	-0.0905	-3.0000
0.1084	-0.0428	-2.0000
0.1443	-0.1003	-2.0000
-0.0513	-0.0284	-3.0000
-0.0489	0.0808	-3.0000
0.0525	0.0302	-3.0000
0.2157	0.4257	-1.0000
0.0331	0.0283	-3.0000
-0.0995	-0.1103	-2.0000
0.0403	-0.0898	-3.0000
0.2380	-0.3754	-1.0000
0.2415	0.3720	-1.0000
-0.4513	-0.1209	0.0000
-0.0539	-0.0223	-3.0000
-0.4503	0.1359	0.0000
-0.4311	0.1203	-1.0000
0.3581	0.3088	0.0000
-0.0371	-0.0172	-3.0000
0.0079	0.1316	-2.0000
0.1609	-0.0234	-2.0000
-0.0203	-0.0106	-3.0000
-0.0309	-0.1180	-3.0000
0.3095	-0.3782	0.0000
0.1716	-0.0284	-2.0000
0.1565	-0.4551	0.0000
0.2831	-0.3956	0.0000
-0.4870	-0.0427	0.0000
-0.4903	-0.0195	0.0000
0.1358	0.0305	-2.0000
-0.4303	0.0616	-1.0000
0.0766	-0.0553	-3.0000
-0.4274	-0.1506	0.0000
-0.0292	-0.1046	-3.0000
0.1654	-0.4570	0.0000
0.0554	0.0797	-3.0000
-0.1640	0.0544	-2.0000
0.1221	-0.4424	-1.0000
-0.0282	-0.1407	-2.0000
0.2727	-0.3348	-1.0000
-0.4291	0.1488	0.0000
0.2306	-0.3613	-1.0000
-0.1413	0.0852	-2.0000
-0.0377	0.1760	-2.0000
0.2609	-0.4186	0.0000
-0.4804	-0.0240	-1.0000
0.2852	-0.3846	-1.0000
0.2491	0.3968	-1.0000
0.1468	-0.4350	-1.0000
-0.0019	0.0870	-3.0000
0.3272	0.3623	0.0000
0.0090	0.0399	-3.0000
0.0902	0.1323	-2.0000
-0.1195	-0.0238	-2.0000
0.2038	-0.4395	-1.0000
0.1678	0.4392	-1.0000
-0.4841	-0.0661	0.0000
0.1478	-0.4640	0.0000
0.3159	-0.3527	0.0000
0.0675	-0.0876	-2.0000
-0.0525	0.0069	-3.0000
-0.4686	-0.0800	0.0000
0.2802	-0.3272	-1.0000
0.1042	0.0525	-3.0000
0.0206	-0.1171	-2.0000
-0.0878	-0.0211	-3.0000
-0.0501	-0.1268	-2.0000
-0.1108	0.0352	-2.0000
-0.4358	0.1580	0.0000
-0.1109	-0.0720	-2.0000
0.0862	-0.0006	-3.0000
0.1139	0.4255	-1.0000
-0.0332	-0.0727	-3.0000
0.2257	-0.4057	-1.0000
-0.0046	0.0920	-3.0000
-0.0558	-0.0496	-3.0000
-0.4369	0.1285	-1.0000
0.2458	-0.4188	-1.0000
0.0973	-0.0809	-2.0000
0.2949	-0.3459	-1.0000
0.1156	0.4326	-1.0000
0.0872	-0.1108	-2.0000
-0.4577	0.1150	0.0000
-0.4373	-0.1380	0.0000
-0.4746	-0.0209	-1.0000
0.0084	-0.1323	-2.0000
-0.4409	0.1709	0.0000
-0.4731	-0.0656	-1.0000
-0.4283	-0.1343	-1.0000
-0.0580	0.0073	-3.0000
0.0073	0.0852	-3.0000
0.2088	0.4458	0.0000
0.2001	0.3950	-1.0000
-0.0205	0.1202	-3.0000
0.1413	-0.4306	-1.0000
0.2036	-0.4403	0.0000
-0.1236	-0.0910	-2.0000
0.3022	-0.3545	-1.0000
0.3002	-0.3308	-1.0000
-0.0954	-0.1056	-2.0000
0.2596	-0.4249	0.0000
-0.4942	0.0554	0.0000
-0.0026	0.0035	-3.0000
0.1508	0.0935	-2.0000
0.2633	0.3525	-1.0000
-0.0560	-0.1550	-2.0000
0.2896	0.4044	0.0000
0.1550	-0.4616	0.0000
-0.0708	-0.1146	-2.0000
0.1583	0.4500	0.0000
-0.0042	0.0933	-3.0000
-0.4450	0.1223	-1.0000
0.0890	-0.4508	0.0000
-0.4432	0.0408	-1.0000
0.0981	0.0533	-3.0000
-0.4342	0.1652	0.0000
0.3518	0.3304	0.0000
0.1154	-0.4332	-1.0000
0.1930	0.4541	0.0000
-0.4991	0.0007	0.0000
0.1274	-0.1346	-1.0000
0.1560	-0.0450	-2.0000
0.2406	-0.4092	-1.0000
-0.4293	-0.1222	-1.0000
-0.1006	-0.0693	-2.0000
-0.4780	0.1085	0.0000
0.1684	0.0588	-1.0000
0.2705	0.3670	-1.0000
0.2098	-0.4208	-1.0000
-0.1195	0.0121	-2.0000
-0.0649	0.0879	-3.0000
0.2308	-0.4326	0.0000
-0.1552	0.0485	-2.0000
0.1604	-0.4053	-1.0000
0.1724	0.4056	-1.0000
-0.4341	-0.0079	-1.0000
-0.1694	-0.0404	-2.0000
0.3352	0.3364	0.0000
-0.1000	-0.1301	-2.0000
0.0484	-0.1512	-2.0000
0.1079	0.0493	-3.0000
0.0888	-0.4617	0.0000
0.0598	-0.0726	-3.0000
-0.4750	-0.1052	0.0000
-0.0737	-0.1563	-2.0000
0.0151	0.1172	-3.0000
0.0005	-0.1069	-3.0000
-0.0564	-0.1599	-2.0000
0.2536	-0.4290	0.0000
0.2596	0.3656	-1.0000
-0.0300	-0.1593	-2.0000
0.1529	-0.0071	-2.0000
0.0865	-0.0494	-3.0000
-0.0768	0.0799	-3.0000
0.1530	-0.0666	-2.0000
0.2124	0.4395	0.0000
0.2415	0.3877	-1.0000
0.1623	-0.4223	-1.0000
-0.4928	0.0508	0.0000
0.2948	-0.3712	-1.0000
0.1322	0.4469	-1.0000
-0.0135	-0.1838	-2.0000
0.2064	0.3867	-1.0000
0.1608	-0.4433	-1.0000
-0.0928	0.0549	-3.0000
0.1265	-0.4501	-1.0000
-0.0757	0.0889	-3.0000
-0.4972	0.0119	0.0000
-0.4216	-0.0063	-1.0000
0.0376	-0.0950	-3.0000
-0.4439	0.1183	-1.0000
0.2026	0.4472	0.0000
-0.0140	0.0230	-3.0000
0.2706	-0.4065	0.0000
0.0279	0.1071	-3.0000
0.0087	-0.0017	-3.0000
-0.4390	0.0172	-1.0000
-0.0082	0.1266	-3.0000
-0.0730	0.0124	-3.0000
0.2811	0.3884	-1.0000
0.2398	0.4333	0.0000
0.3087	0.3162	-1.0000
0.2775	0.3418	-1.0000
-0.4618	0.0378	-1.0000
-0.0241	0.0309	-3.0000
-0.4562	-0.1412	0.0000
-0.4848	0.0117	0.0000
-0.0864	0.0198	-3.0000
-0.1083	0.1338	-2.0000
-0.0197	-0.1527	-2.0000
-0.0170	-0.1193	-3.0000
0.0490	-0.1611	-2.0000
-0.0186	0.1364	-2.0000
-0.0530	-0.0738	-3.0000
0.1973	0.4418	0.0000
0.1230	-0.4222	-1.0000
-0.0649	-0.0212	-3.0000
-0.0794	-0.0557	-3.0000
0.1107	-0.0198	-3.0000
-0.4711	0.0820	0.0000
0.0058	0.1763	-2.0000
-0.4962	-0.0446	0.0000
0.0884	0.0183	-3.0000
-0.1073	0.0241	-3.0000
0.2351	-0.4255	-1.0000
0.1033	-0.4499	-1.0000
0.3086	-0.3816	0.0000
-0.4736	-0.0162	-1.0000
0.0169	-0.1821	-1.0000
0.3364	0.2975	-1.0000
-0.4693	-0.0529	-1.0000
-0.4712	-0.0871	0.0000
0.3058	0.3887	0.0000
-0.0311	-0.1286	-2.0000
0.1713	-0.4015	-1.0000
0.1272	0.1033	-2.0000
-0.0254	-0.1409	-2.0000
0.2829	-0.3988	0.0000
-0.4509	0.0024	-1.0000
0.0976	-0.4643	0.0000
0.2533	-0.4152	-1.0000
0.3368	0.3398	0.0000
0.3699	0.3036	0.0000
0.2835	-0.3753	-1.0000
-0.4814	0.0052	-1.0000
0.0434	0.0859	-3.0000
-0.0716	-0.0038	-3.0000
0.1604	-0.4580	0.0000
-0.4833	0.0492	0.0000
-0.4766	-0.0427	-1.0000
0.0150	-0.1482	-2.0000
-0.0419	-0.0568	-3.0000
0.2920	0.3647	-1.0000
0.0030	0.1397	-2.0000
0.1895	0.4503	0.0000
-0.1447	0.0586	-2.0000
0.1627	-0.0373	-2.0000
-0.0367	0.1482	-2.0000
0.0590	0.0316	-3.0000
-0.1360	0.0953	-2.0000
-0.0364	-0.1286	-2.0000
-0.0332	-0.0209	-3.0000
0.0007	-0.1395	-2.0000
0.1847	-0.4415	-1.0000
0.1513	-0.0454	-2.0000
0.0587	0.0711	-3.0000
-0.1240	0.0704	-2.0000
-0.4512	-0.0643	-1.0000
-0.4917	0.0259	0.0000
0.3137	0.3181	-1.0000
0.0863	-0.4719	0.0000
0.3683	-0.2984	0.0000
-0.1727	0.0386	-1.0000
0.0578	0.1139	-2.0000
0.0261	-0.1494	-2.0000
0.3041	0.3328	-1.0000
0.1869	0.4290	-1.0000
0.2164	0.4222	-1.0000
-0.4701	-0.0623	-1.0000
0.0179	0.0991	-3.0000
-0.0139	0.0819	-3.0000
-0.1027	-0.0518	-3.0000
0.1925	-0.4503	0.0000
-0.0620	0.1594	-2.0000
0.3013	-0.3916	0.0000
0.0476	0.0577	-3.0000
0.3019	0.3870	0.0000
-0.4572	-0.0707	-1.0000
0.0904	0.4452	0.0000
-0.4356	0.1295	-1.0000
-0.1194	0.1112	-2.0000
-0.4870	0.0833	0.0000
0.3544	-0.3054	0.0000
-0.0231	-0.0707	-3.0000
-0.4756	0.0418	-1.0000
0.2404	-0.4153	-1.0000
0.1108	0.0836	-2.0000
-0.0373	0.0457	-3.0000
0.0876	0.1413	-2.0000
0.0196	0.0765	-3.0000
0.0318	0.1331	-2.0000
0.0368	0.0591	-3.0000
-0.0056	0.0258	-3.0000
0.0287	-0.0461	-3.0000
0.1085	-0.4507	-1.0000
-0.0493	-0.0815	-3.0000
