6.9266e-01
8.2358e-01
9.0039e-01
9.7567e-01
7.1716e-01
8.8862e-01
5.5055e-01
1.0219e+00
7.3353e-01
7.5755e-01
1.0129e+00
8.1450e-01
9.0197e-01
9.4780e-01
9.2145e-01
9.6396e-01
6.9777e-01
9.3555e-01
7.3710e-01
8.3065e-01
1.0264e+00
7.8216e-01
7.4152e-01
9.5418e-01
7.1807e-01
9.8186e-01
9.8497e-01
7.2437e-01
9.0603e-01
9.2818e-01
9.6152e-01
9.4727e-01
7.9678e-01
7.8297e-01
9.1967e-01
6.2434e-01
9.2923e-01
6.5292e-01
7.6930e-01
8.8842e-01
9.3073e-01
9.6897e-01
9.5577e-01
7.8812e-01
8.9912e-01
1.0185e+00
1.0244e+00
9.8234e-01
1.0111e+00
7.1803e-01
7.3507e-01
8.1283e-01
9.0915e-01
8.3608e-01
1.0133e+00
9.0414e-01
9.8095e-01
7.4133e-01
8.4699e-01
7.5739e-01
9.3613e-01
7.3120e-01
6.7895e-01
7.4812e-01
8.6994e-01
1.0388e+00
6.8119e-01
9.3320e-01
9.7857e-01
8.4346e-01
9.2699e-01
7.2620e-01
6.7813e-01
6.7970e-01
7.5378e-01
8.9641e-01
6.7895e-01
9.8729e-01
8.8245e-01
7.6565e-01
9.0342e-01
7.1378e-01
7.0522e-01
8.3950e-01
7.3436e-01
9.6145e-01
6.3970e-01
1.0230e+00
7.5746e-01
9.3445e-01
6.9365e-01
6.8888e-01
9.1990e-01
9.9871e-01
8.3584e-01
7.6799e-01
8.5792e-01
7.8233e-01
7.3550e-01
1.0061e+00
8.7095e-01
7.8384e-01
7.7019e-01
9.6518e-01
1.0005e+00
9.4066e-01
9.3814e-01
6.6568e-01
8.5234e-01
9.9805e-01
9.6073e-01
8.4424e-01
8.0667e-01
7.3941e-01
8.2897e-01
6.7032e-01
1.0124e+00
9.2435e-01
7.7054e-01
1.0729e+00
9.6795e-01
8.8454e-01
7.8425e-01
7.9362e-01
8.6644e-01
7.5266e-01
8.2306e-01
6.9755e-01
9.3590e-01
9.7757e-01
7.9064e-01
9.5994e-01
7.0601e-01
9.4904e-01
6.8977e-01
9.9390e-01
6.7121e-01
9.8275e-01
6.3763e-01
8.4226e-01
7.9592e-01
8.2157e-01
9.2079e-01
9.5852e-01
8.5005e-01
7.2192e-01
8.9649e-01
9.5873e-01
9.8630e-01
7.3830e-01
1.0055e+00
9.4148e-01
8.2260e-01
6.7911e-01
9.5506e-01
9.8353e-01
8.3148e-01
9.8806e-01
9.2976e-01
1.0503e+00
8.9417e-01
9.4984e-01
1.0023e+00
1.0085e+00
1.0018e+00
9.2938e-01
9.5700e-01
8.7176e-01
6.8323e-01
9.9133e-01
9.8699e-01
7.6516e-01
7.3894e-01
9.7681e-01
9.5676e-01
9.3063e-01
7.7166e-01
1.0155e+00
9.4905e-01
1.0001e+00
9.5696e-01
9.1448e-01
9.7725e-01
7.8915e-01
9.7615e-01
9.2490e-01
9.0401e-01
7.4735e-01
9.0220e-01
7.6538e-01
9.0073e-01
8.9875e-01
1.0359e+00
5.7857e-01
8.0785e-01
8.9869e-01
8.1621e-01
9.5891e-01
8.5642e-01
8.6545e-01
8.8061e-01
1.0091e+00
8.9591e-01
8.8733e-01
8.9139e-01
8.9396e-01
8.6301e-01
9.5433e-01
8.8848e-01
7.4610e-01
8.7753e-01
7.1119e-01
6.8192e-01
7.5831e-01
7.5034e-01
6.7472e-01
8.1872e-01
6.7703e-01
9.5040e-01
6.9517e-01
6.6483e-01
9.3474e-01
9.3540e-01
1.0133e+00
7.6945e-01
7.5664e-01
9.1636e-01
7.9610e-01
7.2884e-01
7.0382e-01
7.2881e-01
9.4839e-01
8.7994e-01
9.1591e-01
9.7418e-01
8.7838e-01
7.8348e-01
5.3927e-01
6.7879e-01
8.8985e-01
6.6702e-01
8.2034e-01
7.9046e-01
8.9076e-01
7.8053e-01
8.2052e-01
8.9018e-01
8.9005e-01
9.4194e-01
8.6787e-01
6.8266e-01
8.2040e-01
9.8583e-01
9.3807e-01
7.7360e-01
8.5098e-01
9.4091e-01
8.4650e-01
6.6935e-01
8.4382e-01
9.7872e-01
6.9598e-01
8.6308e-01
6.9037e-01
6.7127e-01
6.5942e-01
8.5756e-01
8.7921e-01
7.2397e-01
9.4636e-01
7.3719e-01
7.6248e-01
7.1264e-01
9.6388e-01
9.9348e-01
9.8722e-01
1.0693e+00
8.0522e-01
5.8579e-01
7.7107e-01
6.7350e-01
9.0511e-01
6.4260e-01
7.4989e-01
8.1115e-01
8.4073e-01
9.5860e-01
9.0305e-01
9.1584e-01
1.0255e+00
8.8530e-01
9.2362e-01
9.7274e-01
7.7692e-01
6.5392e-01
1.0105e+00
9.9782e-01
6.8335e-01
1.0159e+00
8.9728e-01
9.7018e-01
1.0216e+00
7.1235e-01
8.0409e-01
7.7969e-01
9.7514e-01
6.5041e-01
7.0852e-01
7.2719e-01
7.6503e-01
7.8403e-01
7.5960e-01
9.4371e-01
7.0740e-01
6.6334e-01
7.7488e-01
1.0427e+00
6.9143e-01
9.7972e-01
6.7850e-01
8.8023e-01
8.6448e-01
9.4808e-01
9.5414e-01
6.2326e-01
7.7603e-01
7.3610e-01
7.7961e-01
7.6132e-01
8.7549e-01
1.0081e+00
7.7865e-01
7.0526e-01
6.9937e-01
8.7291e-01
6.3900e-01
7.7636e-01
8.3076e-01
9.9263e-01
7.5324e-01
9.4631e-01
1.0161e+00
9.1594e-01
8.6561e-01
9.9310e-01
9.5005e-01
9.8452e-01
7.1726e-01
8.9070e-01
9.0619e-01
8.1534e-01
7.8965e-01
8.4530e-01
7.7838e-01
9.8664e-01
1.0092e+00
8.7227e-01
9.0226e-01
8.8757e-01
7.5126e-01
9.4651e-01
9.0964e-01
8.3061e-01
6.4917e-01
6.5590e-01
7.1535e-01
7.3793e-01
8.5122e-01
1.0540e+00
9.1833e-01
9.6216e-01
8.6450e-01
7.6141e-01
9.2572e-01
8.9494e-01
7.6427e-01
8.5174e-01
8.8089e-01
7.6923e-01
8.8537e-01
6.3777e-01
9.4019e-01
7.2784e-01
8.8544e-01
8.9599e-01
9.9601e-01
9.5309e-01
8.9342e-01
7.9610e-01
8.5862e-01
9.1559e-01
8.2663e-01
7.4762e-01
7.7050e-01
8.7214e-01
7.0844e-01
7.4355e-01
6.6411e-01
9.0812e-01
7.9321e-01
6.4946e-01
1.0096e+00
9.0733e-01
7.8344e-01
7.4505e-01
8.4280e-01
7.2681e-01
1.0006e+00
6.8131e-01
6.8382e-01
8.8141e-01
9.4046e-01
8.6386e-01
8.9969e-01
9.9455e-01
8.3937e-01
7.2616e-01
8.8533e-01
9.5328e-01
8.7116e-01
4.2624e-01
8.8809e-01
6.7111e-01
7.0406e-01
8.6385e-01
9.0361e-01
7.4662e-01
8.5532e-01
8.9579e-01
9.3578e-01
9.2958e-01
8.4759e-01
7.0681e-01
1.0126e+00
7.7063e-01
8.5490e-01
9.5933e-01
9.5159e-01
9.1120e-01
8.6796e-01
7.3687e-01
6.7101e-01
1.0075e+00
6.9101e-01
8.3481e-01
5.1181e-01
9.5541e-01
9.6443e-01
8.9495e-01
3.0244e-01
9.1394e-01
8.7989e-01
9.4755e-01
9.7150e-01
9.6334e-01
8.4885e-01
7.9939e-01
1.0146e+00
7.5565e-01
8.7144e-01
9.9312e-01
6.8230e-01
9.7493e-01
9.9838e-01
9.7113e-01
9.0446e-01
8.8142e-01
9.1616e-01
9.0556e-01
7.6787e-01
8.2222e-01
8.2680e-01
1.0639e+00
9.7747e-01
7.2689e-01
9.0934e-01
9.3212e-01
9.2640e-01
6.9221e-01
8.0979e-01
9.0843e-01
1.0101e+00
7.5803e-01
6.7506e-01
8.6255e-01
9.9144e-01
9.9264e-01
8.2637e-01
7.2328e-01
9.0735e-01
1.0222e+00
7.1995e-01
9.9594e-01
7.7236e-01
6.4903e-01
9.1751e-01
7.9794e-01
9.4018e-01
9.8526e-01
4.3552e-01
7.5742e-01
9.7066e-01
7.8589e-01
6.4576e-01
7.1442e-01
1.0499e+00
7.4661e-01
1.0049e+00
8.3712e-01
7.0093e-01
9.9500e-01
9.6707e-01
5.8735e-01
8.7567e-01
9.3450e-01
7.5816e-01
9.7106e-01
7.9965e-01
8.2411e-01
8.0413e-01
7.3268e-01
9.5941e-01
8.8264e-01
8.0650e-01
8.7239e-01
7.1179e-01
7.3689e-01
9.0872e-01
8.5626e-01
8.0046e-01
7.4069e-01
9.0395e-01
7.7168e-01
8.1697e-01
8.9395e-01
8.9869e-01
7.1243e-01
7.3625e-01
8.6157e-01
1.0366e+00
8.5414e-01
7.7212e-01
8.6185e-01
8.6948e-01
7.8337e-01
9.5331e-01
8.3524e-01
1.0013e+00
7.0557e-01
7.8346e-01
7.9648e-01
8.4289e-01
8.9591e-01
9.0275e-01
6.9665e-01
8.8994e-01
7.5378e-01
7.1933e-01
9.9124e-01
6.6115e-01
7.7403e-01
8.7485e-01
8.0272e-01
7.1741e-01
8.7212e-01
7.6042e-01
8.0810e-01
8.2284e-01
7.1578e-01
9.9859e-01
9.4407e-01
9.1676e-01
9.4114e-01
8.7291e-01
9.7556e-01
8.7877e-01
9.4069e-01
9.8423e-01
8.5720e-01
8.8597e-01
8.3400e-01
7.2813e-01
9.1738e-01
9.1767e-01
8.1165e-01
9.2299e-01
8.7811e-01
7.8235e-01
6.7628e-01
9.5641e-01
9.5375e-01
8.2952e-01
8.1609e-01
8.6664e-01
7.3008e-01
7.4561e-01
8.8491e-01
8.3845e-01
8.9224e-01
7.0547e-01
6.6897e-01
7.5033e-01
7.1710e-01
6.9598e-01
9.0326e-01
7.0502e-01
7.9472e-01
9.9861e-01
8.8308e-01
7.4493e-01
9.6580e-01
9.9850e-01
9.3931e-01
9.7898e-01
9.8668e-01
1.0318e+00
8.1600e-01
8.8296e-01
1.0346e+00
8.6172e-01
8.5614e-01
9.7441e-01
7.2726e-01
7.3853e-01
7.7018e-01
7.5265e-01
9.5770e-01
8.1080e-01
8.3651e-01
8.7039e-01
7.3972e-01
8.5391e-01
7.4079e-01
6.7282e-01
6.9636e-01
9.5590e-01
7.9358e-01
8.8483e-01
1.0276e+00
7.0891e-01
9.1887e-01
8.0285e-01
8.2245e-01
9.2171e-01
8.9042e-01
8.1393e-01
9.6304e-01
9.6889e-01
7.0286e-01
8.0692e-01
9.8734e-01
7.8259e-01
6.6316e-01
7.1951e-01
8.7524e-01
7.3590e-01
8.6054e-01
9.2720e-01
6.7515e-01
9.8329e-01
9.9528e-01
7.9301e-01
9.8584e-01
9.9438e-01
6.6667e-01
9.1644e-01
9.0129e-01
6.7032e-01
8.6718e-01
6.5265e-01
8.8663e-01
8.9176e-01
9.9666e-01
9.6925e-01
8.8259e-01
7.6968e-01
9.7378e-01
7.9916e-01
8.2122e-01
9.4240e-01
9.9441e-01
7.0686e-01
9.7261e-01
9.8251e-01
7.1403e-01
7.2580e-01
7.5036e-01
9.4822e-01
9.4586e-01
8.9682e-01
8.1280e-01
8.8435e-01
9.7287e-01
9.2787e-01
7.7825e-01
8.8955e-01
8.6932e-01
9.0918e-01
6.6754e-01
9.1411e-01
9.4382e-01
7.5347e-01
9.5817e-01
8.1118e-01
7.8908e-01
8.6938e-01
9.8564e-01
8.5136e-01
9.3900e-01
8.0915e-01
7.2572e-01
9.5931e-01
8.6994e-01
1.0090e+00
5.9981e-01
1.0008e+00
7.6149e-01
9.3067e-01
9.0619e-01
8.0112e-01
6.5224e-01
7.6997e-01
7.5469e-01
9.5353e-01
7.7463e-01
8.0015e-01
7.3132e-01
9.7185e-01
9.8129e-01
7.7005e-01
6.5326e-01
8.0397e-01
9.1570e-01
6.8579e-01
1.0592e+00
7.9240e-01
6.1520e-01
7.5025e-01
8.7568e-01
9.2258e-01
8.4035e-01
9.4922e-01
8.4256e-01
1.0125e+00
9.4931e-01
8.1061e-01
7.7479e-01
9.9088e-01
6.7685e-01
7.1994e-01
8.2147e-01
9.9984e-01
9.7885e-01
9.7966e-01
7.7627e-01
9.6997e-01
7.6477e-01
7.8190e-01
6.5748e-01
7.2731e-01
8.2270e-01
8.4946e-01
7.6934e-01
7.6001e-01
9.4796e-01
9.1920e-01
9.1838e-01
1.0040e+00
7.8953e-01
8.6208e-01
9.4219e-01
9.4632e-01
9.9925e-01
8.8674e-01
7.0846e-01
9.0410e-01
7.0442e-01
7.5396e-01
7.6168e-01
7.4856e-01
9.8022e-01
8.3067e-01
7.2931e-01
7.4315e-01
9.3156e-01
7.3943e-01
7.7019e-01
4.9013e-01
9.0025e-01
8.5775e-01
9.7861e-01
7.9298e-01
8.8624e-01
8.8859e-01
1.0233e+00
7.5560e-01
6.9516e-01
8.4586e-01
1.0331e+00
9.9807e-01
8.4015e-01
1.0006e+00
9.4480e-01
8.1809e-01
9.9272e-01
9.9144e-01
9.4748e-01
1.1447e+00
8.3588e-01
8.5480e-01
6.6201e-01
8.6321e-01
9.2777e-01
9.8004e-01
6.5560e-01
9.9574e-01
8.7144e-01
8.9062e-01
1.0086e+00
9.0261e-01
1.0088e+00
7.0925e-01
9.3340e-01
6.6684e-01
9.0735e-01
6.5616e-01
9.4735e-01
8.3963e-01
9.2114e-01
6.9887e-01
8.0826e-01
6.8695e-01
8.3174e-01
8.5214e-01
9.2791e-01
1.0152e+00
7.6997e-01
8.2697e-01
6.5599e-01
8.4295e-01
9.5904e-01
9.2377e-01
9.5184e-01
9.1578e-01
8.1648e-01
9.6163e-01
7.7830e-01
9.2525e-01
9.7794e-01
7.4795e-01
6.9968e-01
9.9044e-01
6.5886e-01
6.5939e-01
8.3138e-01
9.3768e-01
1.0419e+00
8.8493e-01
7.8621e-01
7.0635e-01
8.2602e-01
8.3719e-01
7.2760e-01
7.6977e-01
8.8895e-01
8.6920e-01
8.5811e-01
8.3962e-01
9.5163e-01
7.4570e-01
6.7142e-01
7.6997e-01
7.6964e-01
9.0853e-01
9.7811e-01
6.8935e-01
8.4564e-01
9.5391e-01
8.2494e-01
8.9907e-01
7.5275e-01
6.8573e-01
9.1717e-01
7.8670e-01
9.6223e-01
9.8898e-01
8.0555e-01
9.5626e-01
8.7910e-01
7.9002e-01
9.1599e-01
6.8840e-01
9.3238e-01
7.9787e-01
8.7593e-01
8.6863e-01
6.7051e-01
6.7231e-01
9.1118e-01
9.5303e-01
8.5169e-01
7.3877e-01
7.8886e-01
9.5597e-01
8.5950e-01
7.1609e-01
9.8976e-01
7.9430e-01
9.8757e-01
7.4956e-01
9.6301e-01
9.1423e-01
8.2260e-01
9.7306e-01
7.0236e-01
8.6954e-01
9.1108e-01
8.5109e-01
8.4393e-01
7.4370e-01
8.4215e-01
8.5502e-01
8.1728e-01
8.9328e-01
8.3964e-01
9.6815e-01
7.7228e-01
8.7523e-01
8.0729e-01
9.4699e-01
9.5265e-01
8.3539e-01
7.7031e-01
7.7961e-01
7.7900e-01
8.0530e-01
9.5077e-01
9.2160e-01
7.1937e-01
9.7346e-01
1.0050e+00
7.4141e-01
8.1935e-01
7.7228e-01
9.7063e-01
1.0164e+00
8.2781e-01
9.6040e-01
7.9464e-01
9.7787e-01
9.8730e-01
6.7169e-01
7.4034e-01
9.8274e-01
9.8616e-01
6.6664e-01
8.6972e-01
6.7113e-01
6.6129e-01
9.9259e-01
7.7673e-01
6.8026e-01
8.3131e-01
1.0001e+00
9.6398e-01
7.4856e-01
8.5153e-01
7.5208e-01
7.4842e-01
8.7330e-01
7.2130e-01
8.5260e-01
1.0023e+00
8.1241e-01
1.0293e+00
8.9974e-01
9.4040e-01
6.4244e-01
8.5763e-01
7.0734e-01
8.3548e-01
7.1440e-01
1.0002e+00
9.2384e-01
8.4679e-01
9.5110e-01
8.4806e-01
1.0290e+00
8.9399e-01
6.8709e-01
9.3602e-01
6.9630e-01
7.6869e-01
9.2800e-01
7.8883e-01
9.6807e-01
7.7648e-01
9.0599e-01
8.1882e-01
7.7131e-01
9.9507e-01
9.3883e-01
9.2631e-01
8.2156e-01
6.9225e-01
1.0572e+00
9.9495e-01
9.9684e-01
7.9978e-01
8.0911e-01
8.7204e-01
9.4843e-01
7.9812e-01
8.8921e-01
8.2895e-01
6.7988e-01
6.4561e-01
9.3711e-01
7.6752e-01
1.0412e+00
9.0672e-01
8.5723e-01
7.0818e-01
1.0454e+00
6.9876e-01
7.3349e-01
7.9468e-01
7.1787e-01
5.8012e-01
6.9333e-01
8.0100e-01
9.0034e-01
9.4931e-01
9.4962e-01
9.1567e-01
9.5271e-01
7.2369e-01
9.9559e-01
7.4767e-01
7.6067e-01
8.4384e-01
8.0910e-01
8.1484e-01
9.3844e-01
7.1188e-01
6.7755e-01
8.5975e-01
7.1905e-01
9.8978e-01
8.8992e-01
9.9916e-01
1.0398e+00
9.5577e-01
7.0203e-01
7.2043e-01
1.0373e+00
7.7416e-01
9.8769e-01
7.0288e-01
1.0057e+00
9.0063e-01
6.0225e-01
6.8958e-01
8.5209e-01
7.8476e-01
9.0075e-01
6.9092e-01
9.4392e-01
6.8509e-01
7.2727e-01
9.0839e-01
9.8405e-01
9.4470e-01
7.3476e-01
7.7794e-01
8.0976e-01
9.2282e-01
6.0973e-01
8.4857e-01
8.5644e-01
6.9761e-01
1.0133e+00
1.0141e+00
6.7134e-01
8.2228e-01
6.7819e-01
7.8448e-01
7.4189e-01
7.5276e-01
9.0706e-01
8.8317e-01
9.0270e-01
9.7563e-01
9.0474e-01
7.1483e-01
9.0622e-01
8.7917e-01
9.1838e-01
8.6405e-01
8.0675e-01
7.3339e-01
7.0759e-01
8.1059e-01
9.9000e-01
9.3070e-01
8.3703e-01
9.5077e-01
9.9458e-01
9.0811e-01
6.4585e-01
6.9576e-01
7.4921e-01
8.8129e-01
5.9527e-01
6.8258e-01
8.3431e-01
9.1653e-01
8.4581e-01
7.2918e-01
7.9486e-01
8.6125e-01
9.6936e-01
8.8735e-01
8.8873e-01
1.0352e+00
9.4954e-01
9.0412e-01
9.6115e-01
7.4213e-01
8.9498e-01
9.8412e-01
8.3944e-01
6.6524e-01
9.8943e-01
6.4615e-01
7.5132e-01
6.9490e-01
9.0761e-01
7.8746e-01
9.7182e-01
8.5410e-01
9.5386e-01
6.7417e-01
9.3519e-01
7.7100e-01
7.6127e-01
9.2617e-01
8.6310e-01
7.1225e-01
8.8535e-01
7.8522e-01
6.9292e-01
6.8920e-01
7.3739e-01
1.0121e+00
8.1444e-01
8.0669e-01
1.0073e+00
9.1463e-01
9.7707e-01
7.7158e-01
9.9764e-01
8.7984e-01
8.2524e-01
9.5786e-01
6.8299e-01
9.3719e-01
7.2988e-01
8.0739e-01
7.3443e-01
7.8110e-01
7.0171e-01
9.0169e-01
7.4229e-01
8.1596e-01
8.4077e-01
8.9631e-01
8.9811e-01
8.8935e-01
9.6842e-01
9.8397e-01
8.7197e-01
6.9239e-01
8.9877e-01
7.3300e-01
8.1224e-01
9.1776e-01
8.7922e-01
7.7661e-01
9.9582e-01
8.0629e-01
8.9001e-01
7.1946e-01
9.1525e-01
1.0216e+00
9.5804e-01
7.2339e-01
7.2995e-01
9.9174e-01
9.1189e-01
9.8487e-01
6.8628e-01
9.9069e-01
7.8262e-01
7.7259e-01
6.7964e-01
7.0597e-01
9.5570e-01
8.6870e-01
6.5689e-01
9.3083e-01
6.9853e-01
6.7125e-01
7.0066e-01
7.7784e-01
7.0058e-01
9.3704e-01
9.6217e-01
8.3622e-01
7.2209e-01
9.0179e-01
8.3025e-01
7.2317e-01
9.7256e-01
8.1855e-01
9.7960e-01
8.7084e-01
7.6185e-01
7.1778e-01
1.1035e+00
7.9727e-01
6.8943e-01
9.9219e-01
9.1574e-01
2.7566e-01
9.5897e-01
9.0219e-01
8.8206e-01
7.8039e-01
6.7636e-01
1.0173e+00
8.1418e-01
1.0053e+00
8.7230e-01
7.7101e-01
9.5539e-01
9.1702e-01
7.4868e-01
9.6717e-01
8.7391e-01
7.8566e-01
7.6592e-01
1.0092e+00
1.0237e+00
6.7661e-01
9.7269e-01
8.2136e-01
8.2177e-01
9.2635e-01
7.1229e-01
7.0466e-01
9.9424e-01
9.9080e-01
9.7891e-01
8.2477e-01
7.7673e-01
8.5404e-01
4.4938e-01
7.2259e-01
9.3746e-01
8.6005e-01
1.0019e+00
6.0817e-01
9.4717e-01
8.1210e-01
8.2476e-01
7.1726e-01
9.3045e-01
8.9430e-01
8.9437e-01
9.6263e-01
1.0509e+00
1.0179e+00
6.5880e-01
9.1546e-01
9.4384e-01
8.4552e-01
6.2358e-01
8.9577e-01
7.3581e-01
9.8497e-01
8.1821e-01
8.3036e-01
9.1000e-01
9.8385e-01
6.8064e-01
9.7321e-01
7.9789e-01
7.2494e-01
9.1979e-01
8.6072e-01
9.8175e-01
7.8896e-01
8.2718e-01
9.0282e-01
8.3281e-01
9.6847e-01
7.0272e-01
9.7629e-01
9.2297e-01
9.6343e-01
7.9159e-01
8.1619e-01
7.5157e-01
9.3307e-01
7.0464e-01
1.0113e+00
9.0425e-01
9.8008e-01
9.3560e-01
8.4376e-01
8.2686e-01
8.7351e-01
6.6366e-01
7.7500e-01
8.8366e-01
9.5925e-01
6.9594e-01
9.5774e-01
8.6669e-01
9.4164e-01
7.5679e-01
6.8124e-01
7.1587e-01
8.3141e-01
6.9112e-01
7.0398e-01
9.2088e-01
7.0648e-01
6.1508e-01
8.0225e-01
8.0061e-01
9.3609e-01
9.6547e-01
7.8855e-01
8.9653e-01
9.5142e-01
9.2544e-01
8.0310e-01
8.7357e-01
8.6009e-01
1.0117e+00
1.0122e+00
9.7885e-01
8.6518e-01
8.4008e-01
7.0091e-01
9.3902e-01
8.5838e-01
6.8008e-01
8.8455e-01
7.3100e-01
9.8034e-01
8.5490e-01
8.2220e-01
8.3841e-01
6.7173e-01
7.9407e-01
9.8754e-01
8.5164e-01
5.6894e-01
9.5505e-01
7.0543e-01
9.6665e-01
6.6714e-01
7.9611e-01
1.0381e+00
9.6755e-01
1.0139e+00
7.4951e-01
8.6245e-01
8.8058e-01
7.7776e-01
7.0158e-01
7.9014e-01
1.7435e+00
7.3312e-01
7.8764e-01
7.7457e-01
9.7986e-01
8.2507e-01
9.1875e-01
6.6996e-01
9.7467e-01
7.6445e-01
7.8698e-01
8.7567e-01
8.3496e-01
8.0713e-01
8.2106e-01
7.4160e-01
5.7355e-01
8.8935e-01
9.3295e-01
7.7314e-01
9.6526e-01
7.6086e-01
9.3833e-01
7.0968e-01
7.9781e-01
9.4288e-01
8.7004e-01
9.0299e-01
8.3354e-01
9.8298e-01
7.6541e-01
8.5606e-01
9.2856e-01
9.1325e-01
9.9309e-01
7.0332e-01
8.2738e-01
7.3721e-01
7.9923e-01
8.2278e-01
8.6732e-01
8.2559e-01
9.4462e-01
8.1583e-01
9.2440e-01
9.4903e-01
9.3842e-01
7.0113e-01
9.6910e-01
9.5131e-01
7.9351e-01
8.5235e-01
7.3437e-01
9.8646e-01
9.2172e-01
1.0495e+00
8.6576e-01
8.9207e-01
9.4318e-01
8.4306e-01
7.0408e-01
7.9937e-01
7.6925e-01
9.9645e-01
6.9498e-01
9.1391e-01
7.2636e-01
6.4263e-01
6.2880e-01
7.3557e-01
9.7516e-01
1.0253e+00
8.1370e-01
8.3431e-01
8.1686e-01
6.6371e-01
6.9104e-01
9.7989e-01
9.9052e-01
7.3806e-01
7.6666e-01
8.7636e-01
7.7945e-01
8.9681e-01
6.5327e-01
7.1014e-01
8.7316e-01
9.5893e-01
5.7826e-01
9.3060e-01
8.7375e-01
7.7304e-01
6.9397e-01
7.0882e-01
8.5737e-01
7.3721e-01
9.5367e-01
8.7293e-01
8.0787e-01
7.5153e-01
9.3006e-01
8.0229e-01
9.7129e-01
9.4197e-01
9.5579e-01
8.2396e-01
6.6608e-01
8.7948e-01
7.5341e-01
9.0590e-01
9.0392e-01
9.4652e-01
9.8691e-01
8.1573e-01
9.3307e-01
8.5448e-01
9.5797e-01
8.8359e-01
7.0771e-01
9.1570e-01
8.5391e-01
6.8928e-01
8.5144e-01
7.1160e-01
1.0165e+00
9.6675e-01
9.9789e-01
7.4019e-01
7.1440e-01
7.7828e-01
7.4595e-01
9.6664e-01
8.9098e-01
9.8945e-01
6.9511e-01
9.5534e-01
9.6453e-01
7.6600e-01
8.7239e-01
8.5324e-01
6.9101e-01
7.5703e-01
8.6836e-01
8.4806e-01
9.4268e-01
1.0198e+00
8.9243e-01
7.1429e-01
8.8202e-01
6.8146e-01
7.8213e-01
1.0014e+00
8.5324e-01
7.6621e-01
7.0249e-01
1.0048e+00
9.9053e-01
7.7799e-01
8.2897e-01
9.5582e-01
8.1726e-01
7.1473e-01
7.0514e-01
8.4395e-01
8.5934e-01
7.8659e-01
7.2476e-01
7.4155e-01
8.5080e-01
9.6145e-01
7.8769e-01
8.3641e-01
1.0155e+00
9.4418e-01
9.1480e-01
7.3564e-01
9.6601e-01
8.7342e-01
9.2961e-01
9.4538e-01
9.4313e-01
7.2593e-01
6.8604e-01
7.6013e-01
8.6156e-01
8.0254e-01
8.9148e-01
7.7295e-01
9.9737e-01
7.4173e-01
7.9619e-01
8.0650e-01
8.9491e-01
9.3910e-01
8.9423e-01
8.5819e-01
8.1908e-01
8.3204e-01
8.8331e-01
7.3330e-01
1.0244e+00
7.4010e-01
8.8879e-01
1.0034e+00
8.9178e-01
9.5059e-01
8.9800e-01
9.6426e-01
8.5249e-01
9.0853e-01
8.6970e-01
7.0007e-01
1.0287e+00
7.9075e-01
9.4488e-01
7.2202e-01
8.2718e-01
7.7171e-01
9.2787e-01
9.1442e-01
7.1488e-01
9.1778e-01
8.6294e-01
9.7207e-01
1.0097e+00
6.6708e-01
9.6767e-01
8.9732e-01
7.1704e-01
6.9739e-01
9.9581e-01
9.8856e-01
9.4514e-01
8.5460e-01
9.6219e-01
8.0019e-01
7.5372e-01
9.5091e-01
8.5991e-01
9.7566e-01
8.3251e-01
6.3267e-01
7.9629e-01
9.0170e-01
6.4850e-01
7.9559e-01
7.4338e-01
9.1929e-01
7.8307e-01
7.5867e-01
9.3661e-01
7.4818e-01
7.4091e-01
9.3239e-01
1.0043e+00
9.6222e-01
9.8913e-01
7.8673e-01
7.8439e-01
6.9590e-01
7.5320e-01
8.6393e-01
7.2335e-01
9.4484e-01
9.6873e-01
1.1021e+00
8.0522e-01
9.7174e-01
8.8501e-01
1.0271e+00
2.4726e-01
6.9321e-01
8.7665e-01
8.0535e-01
9.0955e-01
1.0011e+00
9.0736e-01
8.6591e-01
9.8833e-01
8.8823e-01
8.9941e-01
7.9547e-01
7.0180e-01
8.7795e-01
9.7609e-01
7.0788e-01
9.6736e-01
6.5146e-01
9.7056e-01
5.9732e-01
8.1498e-01
8.7621e-01
8.7058e-01
7.2561e-01
9.1299e-01
8.1157e-01
9.7782e-01
8.6933e-01
8.9224e-01
9.7229e-01
7.7219e-01
9.3658e-01
1.0236e+00
8.8383e-01
9.6173e-01
9.0122e-01
7.8977e-01
7.0242e-01
9.6984e-01
1.0467e+00
8.8923e-01
9.7020e-01
9.1245e-01
7.2555e-01
1.0129e+00
8.3290e-01
8.7047e-01
8.1444e-01
8.9934e-01
8.6906e-01
8.9587e-01
9.7021e-01
9.4992e-01
9.1284e-01
8.0082e-01
4.1688e-01
7.4927e-01
9.1313e-01
9.5048e-01
7.5656e-01
8.5501e-01
7.5482e-01
7.5602e-01
9.9126e-01
1.0264e+00
6.3832e-01
6.9183e-01
8.4219e-01
9.2690e-01
7.2680e-01
7.3329e-01
8.8841e-01
7.0653e-01
1.0326e+00
7.7586e-01
1.0088e+00
7.0005e-01
9.3207e-01
8.3729e-01
7.5791e-01
8.2806e-01
8.8955e-01
9.0157e-01
7.2638e-01
9.2305e-01
7.6393e-01
8.8648e-01
8.4086e-01
9.3220e-01
9.0102e-01
7.7243e-01
8.2866e-01
1.0007e+00
8.2906e-01
7.6477e-01
9.7725e-01
6.0694e-01
8.1532e-01
9.2845e-01
8.2098e-01
8.3641e-01
6.6705e-01
8.7841e-01
9.7638e-01
8.3060e-01
6.8470e-01
7.8697e-01
9.3759e-01
6.9417e-01
8.9211e-01
7.2431e-01
6.9324e-01
9.7103e-01
8.8042e-01
9.7603e-01
9.7407e-01
9.8979e-01
8.6691e-01
9.7132e-01
8.9244e-01
9.3617e-01
7.3550e-01
9.1386e-01
9.9159e-01
9.4307e-01
9.9322e-01
8.0313e-01
9.3850e-01
9.9075e-01
9.2882e-01
5.5518e-01
7.4645e-01
8.0235e-01
7.6984e-01
1.1743e+00
8.7563e-01
1.0130e+00
8.2349e-01
8.4413e-01
8.6258e-01
6.8736e-01
8.1577e-01
8.4628e-01
9.3421e-01
6.9710e-01
9.3004e-01
6.7334e-01
7.4011e-01
6.9212e-01
8.3909e-01
7.8233e-01
1.0202e+00
6.9148e-01
9.9005e-01
8.8141e-01
9.8566e-01
8.9447e-01
8.0198e-01
9.7605e-01
9.5363e-01
7.4761e-01
7.6129e-01
4.5578e-01
1.0065e+00
8.8367e-01
9.2044e-01
9.2828e-01
7.9335e-01
9.1650e-01
6.9563e-01
1.0091e+00
7.5633e-01
7.6530e-01
8.3362e-01
7.9364e-01
7.0968e-01
9.6538e-01
9.3930e-01
9.7428e-01
7.3538e-01
7.7464e-01
8.8593e-01
8.7867e-01
9.3173e-01
8.8092e-01
7.5686e-01
9.7783e-01
8.1267e-01
7.2663e-01
8.0984e-01
9.9936e-01
8.4941e-01
7.4570e-01
7.8287e-01
1.0256e+00
7.5131e-01
6.5674e-01
9.2497e-01
7.9946e-01
7.9983e-01
9.7841e-01
8.8604e-01
8.5934e-01
8.2600e-01
1.0013e+00
6.9823e-01
7.8453e-01
8.6852e-01
8.8744e-01
7.2730e-01
9.0945e-01
1.1412e+00
7.5200e-01
9.7147e-01
5.4592e-01
7.8903e-01
1.0449e+00
1.0104e+00
1.0276e+00
9.6176e-01
9.8806e-01
8.2202e-01
9.5587e-01
7.7196e-01
6.7634e-01
9.7513e-01
9.1667e-01
9.0573e-01
9.7673e-01
9.0392e-01
7.9867e-01
5.7593e-01
9.2166e-01
6.8493e-01
6.5540e-01
9.3782e-01
8.3086e-01
8.4723e-01
7.2146e-01
9.2675e-01
8.4807e-01
8.4609e-01
7.0220e-01
9.6877e-01
9.1133e-01
9.8902e-01
8.4194e-01
9.7665e-01
6.8564e-01
9.2540e-01
7.1056e-01
8.0343e-01
8.6053e-01
9.9771e-01
9.6469e-01
1.0353e+00
8.7386e-01
1.0418e+00
9.5367e-01
9.6465e-01
7.9536e-01
9.5304e-01
8.5023e-01
1.0107e+00
8.7923e-01
9.5620e-01
8.4173e-01
8.3979e-01
9.7161e-01
9.6053e-01
6.5494e-01
1.0069e+00
1.0263e+00
8.9078e-01
9.1159e-01
9.4681e-01
8.2998e-01
9.2955e-01
9.5815e-01
8.5126e-01
8.1992e-01
9.9089e-01
8.3453e-01
1.0008e+00
9.5983e-01
9.0019e-01
7.1483e-01
7.8319e-01
9.1376e-01
9.7122e-01
9.9098e-01
8.2793e-01
9.1119e-01
9.2251e-01
7.6183e-01
7.7051e-01
5.6281e-01
9.8673e-01
6.1205e-01
8.1383e-01
7.0535e-01
9.9589e-01
8.5918e-01
9.4233e-01
8.2577e-01
9.9950e-01
6.6682e-01
7.6293e-01
7.4628e-01
9.3546e-01
8.6353e-01
9.2635e-01
8.4994e-01
6.6622e-01
7.9734e-01
9.7478e-01
8.5856e-01
9.5554e-01
7.2303e-01
8.1235e-01
7.8273e-01
9.0013e-01
9.4799e-01
9.7707e-01
6.9836e-01
7.7517e-01
7.3270e-01
8.3596e-01
7.7149e-01
7.5752e-01
9.3994e-01
1.0516e+00
9.9920e-01
6.8224e-01
8.1023e-01
8.4135e-01
7.5551e-01
8.5408e-01
9.7369e-01
8.1433e-01
9.5937e-01
9.2635e-01
9.3569e-01
8.9077e-01
9.9020e-01
8.9948e-01
7.9378e-01
9.4662e-01
7.1849e-01
9.0280e-01
1.0562e+00
7.4651e-01
9.7682e-01
8.0784e-01
9.2632e-01
1.3161e+00
9.3581e-01
9.2187e-01
7.1032e-01
9.2148e-01
8.6998e-01
8.8695e-01
8.1766e-01
9.9573e-01
1.0260e+00
7.7754e-01
7.4644e-01
7.8539e-01
7.9023e-01
7.8686e-01
6.9496e-01
7.2664e-01
1.0396e+00
6.7653e-01
7.2008e-01
8.9292e-01
9.4419e-01
6.2858e-01
9.4077e-01
1.0109e+00
8.1273e-01
8.3926e-01
1.0478e+00
7.1778e-01
9.1416e-01
8.3161e-01
7.7627e-01
1.0777e+00
8.4441e-01
9.0970e-01
8.1204e-01
9.7208e-01
1.0083e+00
9.7353e-01
7.3591e-01
9.5081e-01
7.1146e-01
8.7258e-01
8.9734e-01
6.0889e-01
9.0376e-01
8.9395e-01
9.1961e-01
5.5101e-01
9.4721e-01
8.6635e-01
9.5661e-01
8.9187e-01
1.0299e+00
9.5047e-01
8.6460e-01
9.3740e-01
8.9250e-01
7.4092e-01
1.0147e+00
1.0144e+00
8.2259e-01
7.8424e-01
7.0948e-01
8.1315e-01
8.5637e-01
9.1149e-01
9.7395e-01
6.8314e-01
8.1883e-01
6.8950e-01
7.1393e-01
8.9646e-01
9.2382e-01
6.9355e-01
8.9388e-01
7.6819e-01
9.8055e-01
7.0815e-01
9.3053e-01
9.8703e-01
7.1675e-01
9.2440e-01
9.5928e-01
9.6254e-01
7.0367e-01
7.8244e-01
1.0573e+00
9.4268e-01
9.0984e-01
8.0374e-01
7.0768e-01
8.8661e-01
7.5876e-01
7.7291e-01
7.5836e-01
6.7094e-01
8.7120e-01
7.9398e-01
7.1752e-01
9.3405e-01
6.8597e-01
7.9564e-01
7.8827e-01
9.4612e-01
9.7669e-01
9.4275e-01
8.1392e-01
9.4888e-01
9.9792e-01
9.7302e-01
7.3692e-01
9.0974e-01
9.6949e-01
7.0762e-01
9.6778e-01
9.3506e-01
9.5114e-01
7.7796e-01
1.0001e+00
8.6924e-01
9.7216e-01
8.2566e-01
7.6462e-01
8.6230e-01
9.6544e-01
1.0438e+00
6.5792e-01
6.8617e-01
4.5619e-01
8.7088e-01
6.6201e-01
1.0282e+00
9.2985e-01
9.3769e-01
7.8565e-01
7.6940e-01
8.7867e-01
8.5928e-01
1.0421e+00
7.1163e-01
1.0234e+00
8.7457e-01
9.7830e-01
9.7709e-01
8.2101e-01
3.2160e-01
8.4463e-01
9.1002e-01
7.7816e-01
7.5145e-01
6.9302e-01
7.0131e-01
1.0135e+00
8.8290e-01
7.3530e-01
9.0563e-01
8.5343e-01
9.7315e-01
8.9279e-01
8.9281e-01
9.6694e-01
9.7590e-01
9.4155e-01
9.4875e-01
8.7503e-01
8.7623e-01
1.0087e+00
6.5916e-01
7.0844e-01
9.7682e-01
7.4205e-01
9.6194e-01
7.3569e-01
7.8321e-01
9.3863e-01
9.4830e-01
6.7895e-01
9.3678e-01
9.0693e-01
7.3250e-01
7.7606e-01
8.7010e-01
7.8526e-01
7.0477e-01
9.8625e-01
7.0017e-01
1.0417e+00
7.6660e-01
6.2637e-01
9.9224e-01
9.3014e-01
1.0391e-01
9.7237e-01
8.6198e-01
6.5169e-01
7.6788e-01
1.0050e+00
8.6633e-01
9.0207e-01
7.3369e-01
9.1124e-01
8.1567e-01
1.0071e+00
7.8879e-01
7.3825e-01
9.7955e-01
9.7873e-01
8.4609e-01
8.1929e-01
6.4985e-01
6.5830e-01
9.5425e-01
8.2695e-01
8.7596e-01
8.8115e-01
7.1134e-01
7.6706e-01
7.5566e-01
8.0758e-01
8.7517e-01
8.9135e-01
8.1532e-01
9.1026e-01
8.2655e-01
8.9114e-01
1.0055e+00
8.4217e-01
7.2980e-01
6.3787e-01
9.9866e-01
8.9214e-01
7.5743e-01
8.2780e-01
6.7745e-01
7.2631e-01
9.9573e-01
6.9457e-01
9.0299e-01
8.0686e-01
9.3495e-01
8.3016e-01
9.2594e-01
7.1943e-01
8.4213e-01
7.3464e-01
9.9436e-01
7.7770e-01
8.4348e-01
6.6238e-01
9.1633e-01
8.7036e-01
9.6926e-01
9.3087e-01
8.5184e-01
7.7770e-01
6.8762e-01
9.0374e-01
6.5487e-01
9.2133e-01
9.5382e-01
9.2500e-01
7.6349e-01
7.0158e-01
8.5262e-01
7.3023e-01
9.3174e-01
9.3308e-01
8.6129e-01
7.5102e-01
9.2988e-01
7.4282e-01
9.4663e-01
7.2045e-01
6.8462e-01
9.6581e-01
7.4917e-01
8.5379e-01
7.6042e-01
6.9368e-01
7.0885e-01
9.3829e-01
9.4125e-01
7.6765e-01
8.8688e-01
6.7561e-01
1.0435e+00
7.6598e-01
8.3080e-01
7.0987e-01
8.6739e-01
7.5259e-01
1.0056e+00
8.0482e-01
9.8044e-01
6.4597e-01
9.4061e-01
6.7737e-01
8.7897e-01
9.3016e-01
9.5704e-01
9.9990e-01
7.5623e-01
9.4376e-01
5.0104e-01
9.5406e-01
1.0298e+00
8.0555e-01
7.5879e-01
1.0517e+00
6.8473e-01
9.9774e-01
7.3935e-01
8.5502e-01
6.5936e-01
8.3213e-01
6.8655e-01
8.5987e-01
9.9318e-01
9.9088e-01
8.5238e-01
7.2757e-01
6.9399e-01
8.1214e-01
8.6638e-01
9.5755e-01
8.8552e-01
1.0196e+00
9.8972e-01
9.1692e-01
7.3627e-01
7.1728e-01
8.9939e-01
8.7462e-01
9.3403e-01
7.9196e-01
7.8370e-01
8.3803e-01
9.4896e-01
9.0638e-01
8.8434e-01
7.8902e-01
7.2321e-01
7.9461e-01
9.9035e-01
1.0493e+00
7.9829e-01
8.4300e-01
7.0448e-01
8.1380e-01
7.7549e-01
9.2798e-01
8.6792e-01
9.0776e-01
7.4097e-01
7.6648e-01
6.3922e-01
8.8089e-01
7.4326e-01
8.0152e-01
7.9945e-01
8.3607e-01
9.7262e-01
7.4151e-01
1.0181e+00
9.8301e-01
8.7592e-01
9.1941e-01
7.3869e-01
8.7089e-01
9.4114e-01
8.9722e-01
8.0064e-01
7.7405e-01
9.5673e-01
8.1632e-01
7.2220e-01
6.9777e-01
7.4720e-01
7.9104e-01
9.8323e-01
8.2391e-01
7.1084e-01
7.8076e-01
1.0122e+00
8.2537e-01
8.8934e-01
7.5612e-01
8.1801e-01
9.1151e-01
7.6757e-01
1.0012e+00
8.8679e-01
9.6959e-01
6.1865e-01
6.8345e-01
8.3534e-01
9.5798e-01
5.5595e-01
7.2694e-01
7.2990e-01
7.1159e-01
8.7391e-01
1.0047e+00
9.5254e-01
8.7278e-01
9.9930e-01
9.6221e-01
8.9983e-01
7.0995e-01
8.1909e-01
8.6488e-01
8.7590e-01
1.0292e+00
9.4184e-01
9.3959e-01
6.6859e-01
9.5466e-01
6.9611e-01
9.6286e-01
8.5188e-01
1.0201e+00
8.4954e-01
7.1070e-01
8.8868e-01
9.2119e-01
9.6142e-01
7.2478e-01
6.9741e-01
9.4086e-01
8.7047e-01
9.1297e-01
8.0452e-01
7.7084e-01
1.0217e+00
6.8199e-01
8.3985e-01
9.2931e-01
9.6334e-01
8.8641e-01
9.6742e-01
7.9717e-01
9.5052e-01
9.3231e-01
7.2163e-01
7.7599e-01
9.6949e-01
8.2196e-01
7.4216e-01
8.0570e-01
7.5031e-01
8.0891e-01
8.7064e-01
9.3881e-01
7.6223e-01
8.8842e-01
9.5697e-01
7.1985e-01
6.4043e-01
9.5275e-01
8.7036e-01
9.2484e-01
1.0544e+00
8.0578e-01
8.4469e-01
6.7035e-01
9.8917e-01
9.9591e-01
8.2304e-01
9.4527e-01
9.6510e-01
8.3732e-01
8.9765e-01
9.9268e-01
8.0338e-01
8.2848e-01
1.0340e+00
8.2664e-01
5.9894e-01
7.2288e-01
8.4347e-01
9.7090e-01
6.3292e-01
9.4899e-01
6.5416e-01
9.9265e-01
8.8741e-01
7.8044e-01
8.3940e-01
7.9908e-01
7.2344e-01
8.4670e-01
8.9627e-01
9.1252e-01
9.3033e-01
7.8188e-01
9.7891e-01
7.7964e-01
9.6861e-01
1.0044e+00
8.1335e-01
9.4901e-01
7.4619e-01
6.9287e-01
7.2262e-01
9.8771e-01
9.7070e-01
9.5533e-01
9.2837e-01
7.6971e-01
8.3051e-01
9.1744e-01
7.0449e-01
7.2294e-01
7.5940e-01
9.2312e-01
9.4637e-01
6.7075e-01
9.2258e-01
9.3818e-01
8.2760e-01
8.2117e-01
7.1549e-01
8.4479e-01
8.2012e-01
9.8050e-01
8.3259e-01
7.5370e-01
9.2355e-01
9.5208e-01
9.8211e-01
6.4033e-01
9.4140e-01
9.8689e-01
9.5160e-01
9.7687e-01
9.7676e-01
7.5131e-01
6.8324e-01
9.9945e-01
9.4560e-01
7.1008e-01
6.2846e-01
6.6620e-01
9.3277e-01
9.6769e-01
1.0029e+00
9.8220e-01
6.8175e-01
9.4065e-01
8.8175e-01
9.6521e-01
9.1991e-01
8.1603e-01
7.3245e-01
9.3964e-01
9.0365e-01
6.6369e-01
7.5275e-01
8.1764e-01
7.9949e-01
7.9956e-01
7.2495e-01
7.3001e-01
9.8457e-01
9.0900e-01
7.6152e-01
9.7842e-01
8.1710e-01
1.0285e+00
8.7716e-01
6.4614e-01
7.7183e-01
1.0935e+00
9.7150e-01
9.3601e-01
6.6506e-01
1.1277e+00
8.3196e-01
8.3696e-01
1.0153e+00
7.7394e-01
7.7011e-01
8.3251e-01
8.2480e-01
9.2813e-01
8.9661e-01
9.2001e-01
1.1092e+00
6.5890e-01
7.6146e-01
8.1027e-01
9.3424e-01
9.0051e-01
8.5649e-01
7.3373e-01
1.0269e+00
9.5979e-01
8.6641e-01
7.8651e-01
9.9691e-01
5.7766e-01
8.9066e-01
5.2242e-01
8.4613e-01
7.9841e-01
9.5147e-01
8.2827e-01
7.4602e-01
7.1409e-01
1.0242e+00
9.8795e-01
9.6767e-01
8.3258e-01
8.6935e-01
1.0185e+00
8.5415e-01
9.3953e-01
9.2223e-01
7.3298e-01
9.0104e-01
9.1550e-01
7.7994e-01
5.8980e-01
7.2449e-01
8.2823e-01
8.0853e-01
7.9098e-01
7.0331e-01
9.5197e-01
6.7813e-01
8.7526e-01
9.4889e-01
9.7124e-01
9.8507e-01
9.4808e-01
8.5197e-01
8.6638e-01
7.0582e-01
6.4885e-01
7.6191e-01
7.7379e-01
7.0164e-01
8.1909e-01
9.9890e-01
8.1562e-01
9.2163e-01
9.0521e-01
6.7893e-01
9.9593e-01
7.5531e-01
8.1001e-01
7.0864e-01
4.0458e-01
9.0462e-01
9.2521e-01
8.0273e-01
9.5692e-01
8.6352e-01
1.0009e+00
8.1046e-01
9.8381e-01
6.7268e-01
9.6404e-01
9.5088e-01
8.5669e-01
8.2498e-01
8.9296e-01
7.2492e-01
9.0831e-01
7.3199e-01
6.8211e-01
1.0275e+00
9.7875e-01
8.8302e-01
8.2159e-01
1.0031e+00
9.9127e-01
8.5512e-01
9.4242e-01
7.5651e-01
9.3293e-01
8.8844e-01
7.1541e-01
9.2111e-01
7.3830e-01
9.0200e-01
9.2348e-01
9.5961e-01
9.4205e-01
8.1145e-01
9.2081e-01
9.1523e-01
1.0024e+00
7.8491e-01
1.0354e+00
6.1704e-01
9.5836e-01
7.7993e-01
6.8055e-01
8.6018e-01
9.4807e-01
7.3538e-01
1.0149e+00
6.9433e-01
7.3006e-01
1.0074e+00
1.0189e+00
9.6622e-01
6.6093e-01
8.9931e-01
6.6894e-01
8.8201e-01
8.8689e-01
8.1043e-01
5.6738e-01
1.0016e+00
6.6387e-01
6.6070e-01
8.2798e-01
9.4365e-01
8.9359e-01
9.8834e-01
9.5622e-01
8.1633e-01
9.3498e-01
7.9837e-01
8.0886e-01
7.4498e-01
9.8232e-01
7.7016e-01
9.2864e-01
8.5198e-01
8.2945e-01
8.4026e-01
8.2592e-01
8.8261e-01
5.9727e-01
9.8751e-01
8.7464e-01
9.2115e-01
5.3812e-01
7.6926e-01
7.4180e-01
8.5154e-01
6.6565e-01
8.9194e-01
9.2743e-01
8.5199e-01
9.3621e-01
7.3793e-01
9.9102e-01
8.4418e-01
9.2134e-01
8.1410e-01
8.9297e-01
7.9611e-01
7.8550e-01
8.6115e-01
9.1634e-01
7.8834e-01
7.1226e-01
7.6890e-01
6.8010e-01
8.6066e-01
8.4425e-01
7.5597e-01
8.7386e-01
8.0676e-01
7.2200e-01
8.4898e-01
7.0839e-01
