-0.1599	0.0917	-1.0000
0.1714	-0.7843	-1.0000
-0.1236	-0.4578	0.0000
-0.4324	-0.0442	0.0000
0.2845	0.1251	-1.0000
-0.0173	0.3425	-1.0000
0.8160	0.2841	0.0000
-0.2194	-0.7177	0.0000
-0.7386	-0.2084	-1.0000
-0.0918	-0.2239	-2.0000
-0.0959	-0.2356	-1.0000
0.2452	0.7548	-1.0000
0.0358	-0.9881	0.0000
0.9182	-0.0528	0.0000
-0.8529	-0.1801	0.0000
-0.6546	-0.2360	-1.0000
-0.7873	-0.1532	-1.0000
0.1889	-0.0306	-3.0000
-0.4786	-0.0600	-1.0000
0.2226	-0.2399	-1.0000
0.0081	-0.2686	-2.0000
-0.0025	-0.1639	-2.0000
0.0438	0.1915	-3.0000
0.7678	0.2069	-1.0000
-0.1829	-0.0388	-3.0000
0.1605	0.0733	-3.0000
0.0097	0.7573	0.0000
-0.2707	0.6833	-1.0000
-0.1368	-0.0039	-3.0000
0.1542	0.2005	-2.0000
0.9179	0.1572	0.0000
0.4028	0.9047	0.0000
0.0378	-0.2385	-1.0000
-0.0311	-0.1814	-3.0000
0.0671	-0.6984	-1.0000
-0.2258	0.1382	-2.0000
0.0415	0.7606	-1.0000
-0.6909	-0.1215	0.0000
0.2693	0.0763	-2.0000
0.2013	-0.0134	-3.0000
0.0380	0.1288	-2.0000
-0.0711	0.0646	-3.0000
-0.3182	0.0242	-1.0000
-0.1078	0.1948	-3.0000
-0.1472	0.3100	-1.0000
0.2813	-0.0941	-1.0000
-0.0398	0.3035	-1.0000
0.1983	-0.0640	-2.0000
-0.8450	-0.0830	-1.0000
-0.0123	0.1048	-3.0000
-0.0771	0.2271	-2.0000
-0.5988	-0.1341	0.0000
-0.4030	0.8443	0.0000
0.0486	-0.0898	-3.0000
-0.2743	0.0897	-2.0000
0.1573	0.5241	-1.0000
-0.9101	-0.2365	0.0000
-0.1652	0.0675	-3.0000
-0.5632	-0.0901	-1.0000
-0.7260	0.2989	0.0000
-0.1511	0.0001	-3.0000
0.0161	0.1153	-2.0000
-0.8996	0.0836	0.0000
-0.0096	0.0672	-3.0000
-0.1720	0.0123	-3.0000
-0.0742	0.0300	-3.0000
0.8459	0.2274	0.0000
0.0665	0.0561	-3.0000
-0.3090	0.6415	0.0000
0.2387	0.1606	-2.0000
0.5326	0.0332	0.0000
0.1391	0.0480	-3.0000
0.2615	0.7621	-1.0000
0.2578	0.7607	-1.0000
-0.9010	-0.2705	0.0000
-0.0337	-0.0113	-3.0000
0.0192	0.0025	-3.0000
0.1690	0.0006	-2.0000
-0.2292	0.7250	0.0000
0.0372	-0.5888	0.0000
0.1089	0.3024	-1.0000
0.2110	-0.1223	-2.0000
-0.0320	0.7534	-1.0000
0.7283	-0.2038	-1.0000
0.1919	0.8540	0.0000
0.0911	0.2075	-2.0000
-0.0059	0.7088	-1.0000
0.0669	-0.0056	-3.0000
0.8883	-0.2584	0.0000
-0.8133	-0.1983	-1.0000
-0.7794	0.1767	-1.0000
-0.6221	0.0479	-1.0000
0.1057	0.1722	-2.0000
0.2041	-0.5864	0.0000
0.8363	-0.4616	0.0000
-0.3379	0.0553	-1.0000
-0.3356	-0.5905	0.0000
0.2587	0.6125	0.0000
-0.0243	-0.6748	-1.0000
-0.1526	0.1231	-3.0000
0.0662	-0.0568	-3.0000
0.1339	-0.2218	-2.0000
0.1072	0.1627	-1.0000
-0.1068	-0.1299	-3.0000
-0.4994	0.2137	0.0000
-0.0915	0.2955	-2.0000
0.0110	-0.1239	-3.0000
0.0593	-0.1808	-3.0000
0.8412	0.4541	0.0000
-0.1437	-0.1226	-3.0000
0.2034	-0.2191	-2.0000
-0.8857	-0.1745	0.0000
-0.2507	0.0571	-1.0000
-0.6942	-0.3407	0.0000
0.1694	0.5126	0.0000
-0.1160	0.0784	-3.0000
-0.8827	-0.0537	0.0000
-0.1774	0.1560	-3.0000
0.0102	-0.0935	-3.0000
0.0280	-0.1287	-2.0000
0.0464	0.0042	-2.0000
-0.2927	0.0356	-1.0000
0.8464	-0.1901	0.0000
0.0495	0.5060	-1.0000
0.1522	-0.1681	-2.0000
-0.9434	-0.0696	0.0000
0.1849	0.5867	-1.0000
-0.7306	0.3846	0.0000
0.8811	0.0229	0.0000
-0.1060	-0.1594	-3.0000
0.2547	-0.1330	-2.0000
0.0756	0.1898	-3.0000
-0.1835	-0.2791	-1.0000
0.2032	0.1741	-2.0000
0.1101	0.0189	-3.0000
0.0384	0.1479	-3.0000
0.1095	0.2786	-1.0000
-0.5369	0.0676	-1.0000
0.3325	0.8132	0.0000
0.0398	-0.0033	-3.0000
-0.2216	-0.1378	-2.0000
0.2796	0.7331	0.0000
0.6489	0.1600	-1.0000
0.3158	-0.8657	0.0000
-0.1601	0.0683	-2.0000
-0.0466	-0.5178	0.0000
-0.0033	-0.6646	0.0000
-0.3983	-0.8104	0.0000
-0.0856	0.1687	-3.0000
0.1246	-0.7797	-1.0000
-0.1056	0.1542	-2.0000
0.0696	-0.0416	-3.0000
-0.0650	-0.2611	-2.0000
0.6371	-0.0038	-1.0000
-0.0760	0.1714	-3.0000
0.1759	0.0043	-3.0000
0.1354	-0.1038	-3.0000
-0.0594	-0.7301	0.0000
0.2254	0.6606	-1.0000
0.1673	0.0992	-3.0000
0.3013	-0.1568	-1.0000
0.0216	-0.1948	-3.0000
-0.0971	0.1456	-3.0000
0.7911	0.2168	-1.0000
0.7995	-0.1893	0.0000
-0.3311	-0.8499	0.0000
0.0417	0.3300	-1.0000
0.1960	-0.7987	0.0000
0.2048	0.0455	-3.0000
0.2012	0.0230	-2.0000
-0.1008	0.1481	-2.0000
0.1671	0.1357	-1.0000
0.3241	0.5539	0.0000
-0.4663	0.0840	-1.0000
-0.0755	0.0455	-3.0000
-0.3155	0.1223	-1.0000
0.1612	0.2316	-2.0000
-0.1580	0.5750	0.0000
-0.0829	-0.0193	-3.0000
-0.2594	0.9069	0.0000
0.0292	-0.9514	0.0000
-0.0819	0.0271	-3.0000
0.0236	0.5399	-1.0000
-0.0932	0.7937	0.0000
0.9632	0.0408	0.0000
-0.2448	0.9201	0.0000
-0.3049	-0.6445	0.0000
0.6829	0.1356	-1.0000
0.8697	0.1053	0.0000
-0.1457	-0.0565	-3.0000
-0.1846	-0.5673	-1.0000
-0.0322	-0.1419	-2.0000
-0.1900	-0.1189	-3.0000
0.0435	0.1557	-3.0000
-0.0028	0.2031	-3.0000
-0.1085	0.0939	-3.0000
-0.1192	-0.1364	-3.0000
0.1179	-0.0217	-3.0000
0.2918	-0.0465	-1.0000
0.7331	-0.0095	0.0000
-0.5912	-0.0681	0.0000
-0.7537	-0.3279	-1.0000
0.2833	0.1467	-1.0000
-0.9125	0.1852	0.0000
0.0196	-0.0364	-3.0000
-0.2611	-0.5639	0.0000
-0.1449	-0.2659	-2.0000
-0.0443	-0.1642	-3.0000
-0.6767	0.3132	0.0000
-0.3367	0.7085	-1.0000
-0.3511	0.6336	0.0000
-0.3958	-0.7906	0.0000
-0.0807	0.0881	-3.0000
-0.1679	0.0486	-2.0000
0.2751	0.0151	-2.0000
0.0974	-0.1494	-3.0000
-0.2194	0.0914	-3.0000
-0.0592	-0.0763	-2.0000
-0.2377	0.0779	-2.0000
0.0946	0.1280	-3.0000
-0.3041	-0.0667	-2.0000
-0.2730	-0.1208	-2.0000
-0.2100	0.1142	-3.0000
-0.6945	0.3308	0.0000
0.6966	0.1599	-1.0000
0.1342	-0.2157	-2.0000
-0.0049	0.1271	-3.0000
0.1251	-0.0394	-2.0000
-0.0539	0.5996	-1.0000
0.0314	-0.0157	-3.0000
0.1060	-0.4702	0.0000
0.7105	0.0745	-1.0000
-0.2520	-0.6648	0.0000
0.0189	0.2560	-2.0000
-0.0815	0.1746	-3.0000
0.0664	-0.2252	-2.0000
0.6037	-0.2343	-1.0000
0.1526	-0.2438	-2.0000
-0.1523	-0.2994	-1.0000
0.0664	-0.1227	-2.0000
-0.0585	-0.1974	-2.0000
0.0984	-0.2507	-2.0000
0.2733	0.0504	-2.0000
0.6209	-0.0481	-1.0000
0.0492	-0.7104	0.0000
-0.1161	0.0568	-3.0000
-0.1302	0.2744	-2.0000
0.5650	0.0936	-1.0000
-0.6680	-0.2045	0.0000
-0.0336	0.2287	-2.0000
0.0336	0.1133	-1.0000
-0.0506	0.1963	-3.0000
-0.0168	0.1568	-2.0000
0.0183	-0.0805	-3.0000
-0.0966	0.0501	-3.0000
0.3075	0.0765	-2.0000
-0.1380	-0.0032	-3.0000
0.0024	0.0056	-2.0000
0.5940	0.0004	-1.0000
0.1277	-0.1185	-2.0000
-0.1338	-0.5197	0.0000
0.0954	-0.2961	-2.0000
0.0050	0.5230	0.0000
0.2080	-0.0166	-3.0000
-0.0527	-0.2219	-2.0000
-0.0054	0.1828	-3.0000
-0.2434	-0.1497	-2.0000
-0.0940	-0.1394	-3.0000
0.2033	0.0500	-2.0000
-0.1925	0.1303	-2.0000
0.0090	0.1254	-3.0000
0.9039	-0.1195	0.0000
0.9092	0.3115	0.0000
0.0525	0.8102	-1.0000
0.2430	0.0511	-2.0000
-0.0617	0.1611	-3.0000
-0.2017	-0.1847	-1.0000
0.2083	0.8216	0.0000
-0.0034	-0.1152	-3.0000
-0.1976	-0.1764	-2.0000
-0.2799	-0.9176	0.0000
0.0106	0.1793	-1.0000
-0.2660	-0.9185	0.0000
-0.1452	-0.6945	-1.0000
0.8272	0.0026	0.0000
0.0691	0.0409	-2.0000
-0.6442	-0.2664	-1.0000
0.0469	-0.8753	0.0000
0.2165	0.1278	-2.0000
-0.0408	0.0492	-2.0000
-0.2124	-0.1073	-3.0000
-0.0548	0.1910	-3.0000
-0.1130	0.1332	-3.0000
-0.1125	-0.0893	-2.0000
0.0754	0.1560	-2.0000
-0.1938	-0.1008	-3.0000
-0.0286	-0.1125	-1.0000
-0.2203	-0.0749	-3.0000
0.1006	-0.2332	-2.0000
-0.2302	0.0975	-3.0000
-0.7137	0.3656	0.0000
-0.0107	-0.0809	-3.0000
0.1084	0.0746	-2.0000
-0.3640	0.7744	0.0000
0.6729	-0.0309	0.0000
-0.0632	-0.2375	-3.0000
0.0306	0.0313	-3.0000
0.0169	-0.2771	-2.0000
0.0747	-0.6750	0.0000
-0.0287	0.1918	-3.0000
-0.0078	-0.0443	-3.0000
0.0164	-0.1595	-3.0000
-0.2269	0.0715	-2.0000
-0.0741	0.2334	-3.0000
-0.2101	-0.0962	-3.0000
0.0435	0.3377	-1.0000
-0.0712	0.6605	-1.0000
-0.1182	-0.1288	-3.0000
-0.1272	-0.2450	-2.0000
-0.2175	-0.0553	-3.0000
-0.1052	0.1072	-2.0000
0.1633	-0.1724	-2.0000
-0.1547	-0.2069	-2.0000
0.0179	0.5947	-1.0000
0.0486	-0.8515	-1.0000
0.0142	0.3010	-2.0000
-0.1270	0.1518	-2.0000
-0.3039	-0.1202	-1.0000
-0.0701	-0.0153	-3.0000
-0.0104	-0.8846	-1.0000
-0.1705	-0.0903	-3.0000
-0.2302	-0.1470	-2.0000
0.1286	-0.0337	-2.0000
0.2730	0.8263	0.0000
0.1098	-0.8157	0.0000
0.1257	-0.8809	0.0000
0.2325	0.1160	-2.0000
-0.2064	-0.8296	0.0000
0.1258	-0.1422	-2.0000
-0.4353	0.8115	0.0000
0.0844	-0.0292	-3.0000
-0.1881	0.0076	-3.0000
0.1627	0.0793	-1.0000
-0.2877	-0.1537	-2.0000
0.2273	0.1673	-2.0000
0.2130	0.0007	-2.0000
0.4676	0.0620	-1.0000
-0.0275	-0.1528	-2.0000
0.2925	0.0989	-2.0000
-0.9631	-0.0867	0.0000
0.1943	-0.6786	-1.0000
-0.1468	-0.0982	-3.0000
0.0378	-0.0778	-3.0000
-0.2292	0.1471	-2.0000
0.8454	0.4261	0.0000
-0.1213	-0.0319	-3.0000
0.0925	0.1865	-2.0000
0.6902	0.2677	0.0000
-0.0272	0.0799	-3.0000
0.1283	0.6674	-1.0000
0.1572	0.5980	-1.0000
0.2840	0.1947	-2.0000
0.1160	-0.8801	0.0000
0.1138	-0.1928	-3.0000
-0.2734	0.1055	-2.0000
0.2166	-0.2489	-2.0000
0.1204	0.2650	-2.0000
-0.0821	0.0767	-3.0000
-0.7961	0.2619	0.0000
0.0412	0.1978	-2.0000
0.7213	-0.1035	-1.0000
0.1621	0.8429	0.0000
0.7998	0.0449	-1.0000
0.0212	0.1677	-3.0000
0.1236	0.0179	-2.0000
-0.0402	0.5335	-1.0000
0.0732	0.0491	-2.0000
-0.3519	0.7259	-1.0000
0.1407	-0.2119	-2.0000
-0.7603	-0.0555	-1.0000
0.1132	0.0255	-3.0000
0.8839	-0.2457	0.0000
0.2734	-0.0527	-2.0000
0.0591	-0.0039	-3.0000
-0.2025	-0.0297	-2.0000
0.0226	-0.0105	-2.0000
-0.3774	-0.8300	0.0000
0.1976	-0.1566	-2.0000
0.2086	0.1196	-3.0000
-0.4958	0.1272	0.0000
-0.0451	-0.5306	-1.0000
0.2092	0.1727	-2.0000
0.2798	-0.0550	-2.0000
0.7019	0.2801	0.0000
0.0226	-0.6890	-1.0000
0.1139	-0.7142	-1.0000
-0.3675	-0.8258	0.0000
-0.1976	0.0845	-3.0000
0.1819	-0.1299	-2.0000
-0.0760	-0.1581	-3.0000
-0.1813	-0.1884	-2.0000
-0.0447	0.0204	-3.0000
0.1716	0.9125	0.0000
-0.7709	0.1214	-1.0000
0.6275	0.0228	-1.0000
-0.1644	0.0750	-3.0000
0.0971	0.3029	-2.0000
0.0387	-0.0747	-3.0000
-0.0639	0.0986	-3.0000
-0.6627	-0.3122	0.0000
-0.0327	0.8194	-1.0000
-0.1589	0.6262	0.0000
-0.3880	-0.7391	0.0000
-0.5678	-0.1388	-1.0000
0.1774	-0.0343	-2.0000
0.1248	-0.0395	-3.0000
-0.0888	0.2184	-3.0000
0.0880	-0.3079	-2.0000
0.0361	0.0590	-3.0000
-0.0488	0.2114	-3.0000
0.1000	-0.1015	-2.0000
0.1024	-0.6789	-1.0000
0.1924	0.1000	-3.0000
0.0401	-0.6134	-1.0000
0.8280	-0.0793	0.0000
-0.0739	0.6544	-1.0000
-0.8218	0.0930	-1.0000
0.7470	-0.3467	0.0000
-0.2457	0.7778	0.0000
0.1654	-0.0166	-3.0000
0.1880	-0.6759	-1.0000
-0.3222	0.0465	-2.0000
-0.0827	0.1714	-2.0000
0.0695	0.8749	0.0000
-0.2000	0.6407	-1.0000
0.1471	0.0562	-2.0000
0.0186	0.9965	0.0000
0.1245	-0.1493	-3.0000
-0.0868	-0.0590	-3.0000
0.8059	-0.1564	-1.0000
0.0005	-0.7247	-1.0000
0.7142	-0.3449	0.0000
-0.2433	-0.0412	-2.0000
0.2739	-0.0750	-2.0000
0.7227	-0.0074	0.0000
-0.0596	-0.5115	-1.0000
0.8582	-0.3222	0.0000
0.0312	0.0344	-3.0000
-0.2157	0.0137	-2.0000
0.1308	0.6569	-1.0000
0.0045	0.0284	-3.0000
0.0432	0.8448	0.0000
-0.0639	-0.0081	-2.0000
-0.0632	0.6467	-1.0000
0.7811	-0.0501	-1.0000
0.8509	0.1612	-1.0000
0.0291	0.0983	-3.0000
0.3294	-0.0713	-2.0000
-0.2091	0.0495	-2.0000
-0.1442	-0.9197	0.0000
-0.1221	-0.0626	-3.0000
-0.7261	-0.0787	-1.0000
0.0358	0.1370	-3.0000
0.1152	-0.1023	-1.0000
-0.1265	0.5399	-1.0000
-0.2508	-0.1042	-1.0000
0.6738	-0.2349	-1.0000
-0.1408	0.1064	-3.0000
-0.0652	0.2342	-2.0000
0.2314	0.0062	-3.0000
0.7682	-0.2998	0.0000
0.0226	-0.0825	-3.0000
0.1362	-0.2892	-2.0000
0.5101	-0.0441	-1.0000
0.2730	-0.2167	-2.0000
0.0204	0.1189	-3.0000
-0.9638	0.2002	0.0000
0.0924	-0.6863	0.0000
-0.2260	0.6502	0.0000
0.1144	-0.0123	-3.0000
-0.1310	-0.2495	-2.0000
0.1963	-0.0281	-3.0000
-0.8294	0.3035	0.0000
-0.3664	-0.7624	-1.0000
0.1162	0.1282	-2.0000
-0.0477	-0.2383	-2.0000
0.3204	-0.8803	0.0000
-0.2068	-0.0322	-1.0000
0.2474	0.1543	-2.0000
0.3169	-0.7840	-1.0000
-0.8200	-0.0980	-1.0000
0.1179	0.0699	-3.0000
-0.5686	0.2164	-1.0000
-0.6852	0.1153	0.0000
-0.1586	-0.2266	-2.0000
0.6145	0.2992	0.0000
-0.0353	-0.1853	-3.0000
-0.2530	-0.1466	-2.0000
-0.4677	0.0501	-1.0000
-0.0274	0.8245	0.0000
-0.8794	-0.0167	0.0000
-0.0608	-0.0158	-3.0000
0.0748	0.2116	-3.0000
0.7940	-0.1471	-1.0000
-0.1249	0.2542	-2.0000
-0.0663	0.0135	-2.0000
0.0236	-0.7992	0.0000
-0.0066	-0.6839	0.0000
0.8824	0.1813	0.0000
0.1134	0.0367	-3.0000
-0.7210	-0.3031	0.0000
-0.1849	-0.1513	-2.0000
-0.0399	-0.0232	-3.0000
-0.0163	0.0840	-3.0000
-0.0059	-0.6656	0.0000
-0.2179	-0.1104	-1.0000
0.0592	0.5660	-1.0000
0.0563	0.0208	-1.0000
-0.1266	-0.1126	-2.0000
0.3195	0.0850	-1.0000
-0.0291	-0.1866	-3.0000
0.0429	0.1521	-3.0000
-0.2190	-0.1263	-2.0000
-0.0383	-0.9003	0.0000
0.2241	0.2596	-1.0000
-0.8192	0.1017	0.0000
-0.1378	0.0590	-2.0000
0.1248	0.2813	-2.0000
0.0272	0.2892	-2.0000
0.1576	-0.1404	-1.0000
0.2825	0.0751	-2.0000
-0.9270	-0.0476	0.0000
-0.8475	0.1924	0.0000
0.1935	0.2092	-2.0000
-0.8599	0.1905	0.0000
0.0357	-0.1874	-1.0000
-0.0701	0.0588	-2.0000
-0.7720	-0.0045	-1.0000
0.0170	-0.0816	-1.0000
-0.6745	-0.1274	0.0000
0.8504	-0.0420	0.0000
-0.0424	0.8645	0.0000
-0.6375	-0.1047	-1.0000
-0.6565	0.3400	0.0000
0.2657	-0.0735	-2.0000
-0.1117	0.7714	0.0000
0.0673	-0.0332	-3.0000
0.9115	0.0186	0.0000
-0.5872	0.3042	0.0000
-0.2682	0.0146	-1.0000
0.1062	0.5031	-1.0000
0.6250	0.0617	-1.0000
0.6917	0.0866	0.0000
0.2275	0.1621	-2.0000
0.9429	-0.3149	0.0000
-0.1916	-0.0257	-1.0000
0.2867	-0.1115	-1.0000
0.1581	0.1195	-3.0000
-0.8142	-0.0332	0.0000
0.3622	-0.5718	0.0000
-0.0847	0.1878	-3.0000
0.3726	-0.7346	0.0000
-0.2411	0.1485	-2.0000
0.1763	0.9306	0.0000
0.0397	0.3178	-2.0000
0.0781	-0.2654	-1.0000
0.6409	0.0326	-1.0000
-0.2619	0.1552	-2.0000
-0.6135	0.2892	0.0000
-0.1512	-0.1746	-2.0000
0.1914	0.0806	-3.0000
-0.8499	0.0599	0.0000
0.0552	0.1592	-3.0000
-0.1656	0.6636	-1.0000
-0.2870	0.0059	-1.0000
0.0813	-0.0708	-3.0000
0.2503	-0.0009	-3.0000
-0.0967	0.0140	-3.0000
0.0110	-0.2779	-2.0000
0.1153	0.6266	-1.0000
0.2768	-0.0154	-2.0000
0.1143	-0.0745	-2.0000
0.0673	-0.0431	-2.0000
0.7837	0.2236	-1.0000
-0.2212	-0.0964	-2.0000
-0.0181	-0.2415	-2.0000
-0.1240	-0.1140	-1.0000
-0.3192	0.0553	-1.0000
-0.2371	0.1811	-1.0000
-0.0988	-0.9339	0.0000
-0.8516	-0.2942	0.0000
0.2514	-0.0420	-3.0000
0.1626	0.1775	-2.0000
-0.0586	-0.1819	-1.0000
-0.0824	-0.2115	-3.0000
-0.0465	-0.1035	-3.0000
-0.7412	0.0914	0.0000
0.0353	-0.2273	-3.0000
-0.2716	0.1747	-1.0000
0.0017	0.2705	-2.0000
-0.5068	-0.0175	-1.0000
0.0415	0.9169	0.0000
0.2450	0.1286	-2.0000
0.0081	-0.0693	-3.0000
0.6569	0.0804	-1.0000
-0.0613	0.0880	-2.0000
-0.1488	-0.1412	-3.0000
0.1974	-0.2356	-2.0000
-0.2498	0.0084	-2.0000
-0.0722	0.2257	-2.0000
0.7184	0.1298	-1.0000
0.0820	-0.2582	-2.0000
0.0617	-0.6708	-1.0000
0.2267	0.7550	0.0000
0.6284	0.2387	0.0000
-0.0182	0.3077	-1.0000
-0.7760	-0.3593	0.0000
0.0321	-0.0843	-1.0000
0.9568	0.0369	0.0000
-0.0343	0.2902	-1.0000
0.6132	0.1570	-1.0000
0.0259	-0.0570	-3.0000
0.0610	-0.0226	-3.0000
-0.1029	0.5600	-1.0000
-0.1483	-0.0514	-2.0000
0.0708	0.0488	-3.0000
-0.1252	0.4805	0.0000
-0.8832	0.0294	0.0000
0.0833	-0.7201	-1.0000
-0.3763	0.7257	0.0000
0.0031	-0.1438	-3.0000
-0.0623	-0.2634	-2.0000
0.1308	0.0513	-3.0000
-0.9077	0.2836	0.0000
0.0487	0.0479	-3.0000
-0.1076	-0.8390	0.0000
-0.7104	-0.2508	0.0000
-0.1657	0.1962	-2.0000
-0.1610	-0.9032	0.0000
0.1749	0.4892	0.0000
-0.0793	-0.8271	0.0000
0.2167	-0.0386	-2.0000
0.7972	0.1338	-1.0000
0.8279	0.3205	0.0000
-0.2286	0.0974	-3.0000
-0.1450	-0.7773	0.0000
0.0327	-0.1681	-3.0000
-0.2497	-0.0258	-2.0000
0.2106	-0.0885	-3.0000
-0.0865	0.0169	-3.0000
-0.2394	-0.6866	-1.0000
0.1890	0.1402	-3.0000
-0.2032	-0.6633	0.0000
-0.1741	-0.1258	-3.0000
0.1852	0.1577	-2.0000
-0.1013	-0.3273	-1.0000
-0.1264	-0.1271	-3.0000
0.0450	-0.1006	-3.0000
0.5624	0.1000	0.0000
0.8504	0.0348	0.0000
-0.0773	0.1960	-2.0000
-0.2352	-0.0812	-1.0000
0.3094	0.0646	-2.0000
0.0326	-0.2592	-2.0000
-0.0390	0.1117	-3.0000
0.0136	0.5990	0.0000
0.0394	0.1135	-3.0000
0.2463	0.1042	-2.0000
-0.8080	-0.0544	-1.0000
-0.2530	0.0412	-2.0000
0.1846	-0.0091	-3.0000
0.0011	-0.8296	-1.0000
-0.1013	-0.1540	-3.0000
0.2500	0.0119	-3.0000
-0.7786	0.0940	-1.0000
-0.9405	0.2109	0.0000
-0.2934	0.0368	-2.0000
-0.2193	-0.8519	0.0000
0.1097	-0.2332	-2.0000
-0.3448	0.8570	0.0000
0.8648	0.0895	0.0000
0.1260	-0.9723	0.0000
-0.8034	0.1264	-1.0000
0.0886	0.2064	-3.0000
0.1255	0.0992	-3.0000
0.0314	0.1854	-3.0000
0.7007	0.0446	0.0000
-0.1940	0.0022	-2.0000
-0.1025	0.3152	-1.0000
0.2129	0.0917	-3.0000
0.2356	0.1375	-2.0000
0.2315	0.0588	-3.0000
0.5779	-0.3545	0.0000
-0.0446	-0.5419	0.0000
-0.1674	-0.1868	-3.0000
0.1929	0.2070	-2.0000
-0.0389	-0.0334	-3.0000
0.2483	0.1494	-1.0000
-0.1837	-0.1664	-2.0000
-0.1317	-0.1459	-2.0000
0.1196	0.0637	-3.0000
-0.2858	0.0655	-2.0000
0.5553	-0.0553	-1.0000
-0.1461	0.1882	-1.0000
-0.1099	0.0807	-3.0000
-0.8172	0.1065	0.0000
-0.2297	-0.5309	0.0000
-0.0113	-0.0328	-3.0000
0.1189	0.6492	-1.0000
0.8215	0.2783	0.0000
-0.0341	0.2587	-2.0000
0.5638	0.0513	0.0000
-0.0820	-0.0568	-3.0000
0.1142	-0.7420	-1.0000
0.0565	0.0154	-3.0000
0.5094	0.1154	0.0000
0.1141	0.0938	-3.0000
-0.1118	-0.1029	-3.0000
0.3643	0.8291	0.0000
0.1409	0.1677	-2.0000
0.4740	0.0571	0.0000
-0.1427	0.2597	-2.0000
-0.0391	-0.6279	-1.0000
-0.8523	0.0409	0.0000
0.7657	-0.1318	0.0000
0.1081	0.0511	-3.0000
-0.1321	-0.6559	-1.0000
-0.2350	-0.1899	-2.0000
-0.1465	-0.0508	-2.0000
-0.5732	0.1345	-1.0000
-0.1933	-0.2911	-1.0000
0.2074	0.1479	-3.0000
0.1167	-0.0930	-3.0000
0.0266	0.8635	0.0000
0.2943	-0.1122	-2.0000
0.4630	-0.0465	0.0000
-0.8275	-0.1403	0.0000
0.8240	0.2975	0.0000
-0.7608	0.2183	0.0000
-0.1525	0.0335	-2.0000
0.1940	-0.0247	-2.0000
0.7537	0.0407	-1.0000
-0.1039	-0.0916	-2.0000
-0.2103	0.7807	-1.0000
0.2311	-0.2409	-1.0000
0.1466	0.7906	0.0000
0.2037	0.0849	-3.0000
0.5411	0.1352	0.0000
-0.2753	-0.1961	-1.0000
0.4400	0.0600	-1.0000
0.1464	0.1456	-3.0000
0.0502	-0.3055	-1.0000
-0.0058	-0.2586	-1.0000
-0.1281	0.1223	-3.0000
-0.1597	-0.2254	-2.0000
-0.1274	-0.1726	-3.0000
0.8347	-0.1068	0.0000
0.1083	-0.1369	-3.0000
-0.1013	0.0667	-1.0000
0.0314	-0.1649	-2.0000
0.1750	-0.0610	-2.0000
-0.1545	0.1038	-3.0000
-0.0315	0.0552	-3.0000
0.2279	-0.1410	-2.0000
0.1309	-0.0266	-3.0000
-0.1103	-0.1563	-3.0000
0.9114	0.1262	0.0000
0.0447	-0.3405	-1.0000
0.1311	0.1043	-3.0000
-0.6926	-0.0399	-1.0000
-0.1043	0.1113	-3.0000
0.2442	-0.0109	-2.0000
0.0218	0.5742	-1.0000
0.0223	0.0970	-2.0000
-0.2261	0.1843	-2.0000
-0.3694	-0.6627	0.0000
-0.0918	0.1607	-2.0000
-0.4513	0.0791	0.0000
-0.6804	-0.2120	-1.0000
-0.6112	0.2603	0.0000
-0.0957	0.1683	-3.0000
0.1855	0.0793	-2.0000
-0.1355	-0.0945	-2.0000
0.0497	0.1626	-3.0000
0.1691	-0.5569	0.0000
-0.0640	0.9662	0.0000
-0.7526	-0.2734	-1.0000
0.1208	0.5815	0.0000
-0.0233	-0.3328	-1.0000
0.0305	0.1737	-3.0000
-0.1287	0.0952	-2.0000
-0.7508	0.0066	-1.0000
0.2327	-0.6292	-1.0000
0.0174	-0.5625	0.0000
0.5170	0.1738	0.0000
-0.0633	-0.0158	-3.0000
-0.0372	-0.0599	-3.0000
-0.1950	-0.0060	-2.0000
0.0669	-0.0689	-3.0000
-0.0764	-0.8726	0.0000
0.1848	0.0104	-2.0000
0.6187	-0.0147	-1.0000
0.0852	-0.0620	-3.0000
-0.1261	-0.4482	0.0000
0.1067	0.2883	-2.0000
-0.1127	0.5624	-1.0000
0.0610	0.0686	-3.0000
0.2356	0.6062	-1.0000
-0.2075	0.0440	-2.0000
-0.1621	0.4379	0.0000
-0.1468	-0.1188	-2.0000
0.0007	-0.0256	-3.0000
-0.0520	0.2296	-2.0000
-0.0632	0.6829	0.0000
-0.9533	-0.0842	0.0000
-0.6478	0.1431	-1.0000
-0.1058	-0.0906	-3.0000
-0.6682	0.4135	0.0000
-0.0839	-0.0432	-3.0000
0.0573	0.7536	-1.0000
-0.1628	-0.8934	0.0000
0.3041	-0.7477	0.0000
-0.2968	0.7945	0.0000
0.2157	-0.0232	-3.0000
0.0501	-0.2827	-2.0000
0.2717	-0.6422	-1.0000
-0.3242	-0.8293	0.0000
-0.1802	0.0239	-2.0000
0.0981	0.1061	-2.0000
-0.0037	0.4532	0.0000
0.2365	-0.7730	0.0000
-0.2802	-0.0564	-2.0000
-0.0484	0.2925	-2.0000
0.6695	-0.0472	0.0000
-0.2659	0.7213	-1.0000
-0.1750	0.0940	-3.0000
-0.1948	-0.1537	-2.0000
0.3191	0.7563	-1.0000
-0.0452	-0.6402	0.0000
0.0203	-0.0878	-3.0000
0.1593	-0.1466	-3.0000
-0.5397	-0.0643	0.0000
-0.7017	-0.1186	-1.0000
0.6803	0.2575	0.0000
0.8926	0.0601	0.0000
0.1799	-0.7590	-1.0000
-0.2196	-0.8462	0.0000
0.1352	-0.7681	-1.0000
-0.0288	-0.1487	-3.0000
0.0544	0.2428	-2.0000
-0.0007	-0.5236	-1.0000
0.0753	0.8775	0.0000
0.2595	0.8700	0.0000
-0.1005	-0.6059	0.0000
0.5432	-0.0479	-1.0000
0.0871	-0.8929	0.0000
0.8726	-0.4488	0.0000
0.1145	0.0992	-3.0000
-0.0355	-0.2544	-2.0000
-0.7838	0.1910	0.0000
-0.1587	-0.0428	-3.0000
-0.0011	-0.2159	-3.0000
0.1596	-0.0703	-3.0000
-0.2340	0.6550	-1.0000
0.7923	-0.1955	-1.0000
-0.1541	-0.1036	-2.0000
-0.8402	-0.0349	0.0000
0.0049	0.2152	-2.0000
0.1096	0.0134	-3.0000
-0.0597	0.4836	-1.0000
-0.0810	-0.0464	-3.0000
-0.9289	0.3364	0.0000
0.3358	0.0341	-2.0000
-0.0049	-0.0124	-2.0000
-0.0095	0.2622	-2.0000
-0.0042	-0.2742	-2.0000
0.2721	0.0460	-2.0000
0.2438	0.2303	-1.0000
-0.1163	-0.2127	-3.0000
0.0900	-0.7400	-1.0000
-0.0451	0.0828	-3.0000
-0.1374	-0.1805	-2.0000
-0.2387	-0.0444	-2.0000
0.1223	0.6844	-1.0000
-0.2718	0.0961	-2.0000
0.1269	0.1978	-3.0000
-0.2135	0.5842	0.0000
-0.8975	-0.3877	0.0000
-0.5990	-0.0921	0.0000
0.1425	0.2190	-2.0000
-0.0849	-0.0757	-3.0000
-0.0997	-0.0307	-3.0000
-0.0460	0.0611	-3.0000
0.2143	-0.8629	0.0000
0.2134	0.7411	-1.0000
0.7561	-0.0332	0.0000
-0.0698	0.7621	-1.0000
0.0962	-0.9215	0.0000
-0.2056	-0.5613	0.0000
-0.1549	0.9084	0.0000
-0.0127	0.2617	-2.0000
-0.1572	-0.1817	-3.0000
-0.0499	-0.2139	-2.0000
0.8040	-0.0436	-1.0000
0.7393	0.1913	-1.0000
-0.0232	0.1403	-3.0000
0.2156	-0.2685	-1.0000
0.2051	-0.7882	0.0000
-0.2800	0.0837	-2.0000
0.0892	0.4105	0.0000
-0.7427	0.0597	-1.0000
0.2199	0.8458	0.0000
0.7840	-0.2101	-1.0000
0.0076	-0.3014	-1.0000
-0.1056	0.4820	0.0000
-0.0768	0.0886	-2.0000
0.2379	0.0119	-3.0000
0.0170	0.1121	-2.0000
0.1049	0.4275	0.0000
-0.0543	0.0961	-2.0000
0.2391	0.7201	0.0000
-0.4298	0.0459	0.0000
-0.0413	-0.0643	-2.0000
0.0452	0.2254	-3.0000
0.1056	0.0387	-3.0000
-0.7684	-0.3302	-1.0000
-0.2092	-0.2262	-1.0000
-0.1076	0.0980	-3.0000
0.5568	0.0751	-1.0000
0.2244	-0.1645	-2.0000
0.2019	-0.1682	-2.0000
0.0746	0.0021	-3.0000
-0.2089	0.7623	-1.0000
-0.1855	-0.1818	-2.0000
0.8748	-0.2894	0.0000
0.7422	-0.0459	-1.0000
-0.0302	-0.2126	-3.0000
0.1841	0.1179	-3.0000
-0.0437	0.0784	-2.0000
-0.1239	0.0684	-3.0000
0.0196	-0.1282	-3.0000
0.2470	-0.1435	-2.0000
-0.0909	-0.0797	-3.0000
-0.0026	0.3479	-1.0000
-0.2409	0.8959	0.0000
-0.3501	-0.7489	0.0000
-0.0803	-0.0407	-3.0000
-0.0878	-0.0893	-2.0000
0.0828	-0.2778	-2.0000
-0.0504	0.0924	-3.0000
-0.0092	0.9238	0.0000
-0.0490	0.5490	0.0000
-0.0272	-0.6536	0.0000
-0.2277	-0.0755	-2.0000
0.0604	-0.3120	-2.0000
0.2455	0.5358	0.0000
0.0363	0.3025	-2.0000
0.0625	-0.2508	-2.0000
0.1988	-0.0109	-2.0000
-0.1335	0.6555	-1.0000
0.2064	0.2282	-2.0000
-0.1883	0.8015	0.0000
0.5285	-0.1499	-1.0000
-0.0931	-0.2201	-2.0000
-0.0699	-0.2980	-2.0000
0.6764	-0.2825	-1.0000
-0.5164	-0.0363	0.0000
-0.0801	0.4477	-1.0000
-0.8103	0.2052	0.0000
-0.0098	0.0745	-3.0000
-0.0378	-0.2918	-2.0000
-0.2365	-0.0266	-3.0000
-0.0211	0.2702	-2.0000
-0.6262	-0.0119	0.0000
0.2286	0.1464	-2.0000
0.1595	-0.2097	-2.0000
0.0756	-0.7635	-1.0000
-0.0270	0.0588	-2.0000
-0.2984	0.1497	-2.0000
0.0208	0.0795	-3.0000
-0.0726	-0.2081	-3.0000
-0.0116	-0.0859	-3.0000
0.2164	0.0266	-2.0000
-0.0562	-0.0503	-3.0000
-0.2624	0.8142	0.0000
0.2839	0.1344	-2.0000
-0.1085	-0.0514	-3.0000
-0.0421	-0.1376	-1.0000
0.0703	-0.2674	-2.0000
0.1556	-0.1938	-1.0000
-0.0348	-0.0628	-3.0000
-0.0335	0.1806	-3.0000
0.1585	-0.0280	-2.0000
0.5458	0.1319	-1.0000
0.6093	0.2197	0.0000
0.0202	-0.2999	-2.0000
0.1502	0.0197	-3.0000
-0.8269	0.3379	0.0000
0.0415	-0.7273	-1.0000
0.1074	0.2167	-2.0000
0.1991	-0.2348	-2.0000
0.1192	0.1344	-3.0000
-0.3267	-0.8424	0.0000
0.1406	-0.5869	-1.0000
0.1276	0.1191	-3.0000
0.2426	0.0012	-3.0000
0.0713	0.0438	-2.0000
-0.5441	0.1850	0.0000
0.5932	0.1443	-1.0000
0.0723	0.2190	-1.0000
-0.0210	0.1144	-3.0000
-0.0494	0.2538	-1.0000
0.0799	0.2719	-2.0000
-0.4235	0.0683	-1.0000
0.8173	-0.3220	0.0000
-0.2411	0.2119	-2.0000
0.1144	-0.0107	-1.0000
-0.1427	0.2975	-1.0000
0.0335	-0.3022	-2.0000
0.1185	0.2494	-2.0000
-0.2078	-0.2008	-2.0000
-0.3357	-0.7179	-1.0000
-0.2282	0.0305	-3.0000
-0.0219	0.9630	0.0000
0.5679	0.1912	0.0000
0.0729	-0.0358	-2.0000
0.0590	0.6346	0.0000
-0.1857	0.2239	-2.0000
-0.2129	0.0962	-2.0000
0.0036	0.1834	-3.0000
-0.0688	0.2188	-1.0000
-0.1178	0.0622	-3.0000
0.0325	0.8077	-1.0000
-0.3574	0.6241	0.0000
-0.0225	0.8607	0.0000
0.1689	0.1198	-3.0000
-0.2905	0.0553	-2.0000
-0.0177	0.1322	-2.0000
-0.0359	-0.4662	0.0000
0.1457	-0.8844	0.0000
-0.9130	-0.0198	0.0000
-0.2485	-0.5950	0.0000
-0.6566	-0.1271	-1.0000
-0.2141	-0.1488	-2.0000
-0.0226	-0.2972	-2.0000
-0.1973	-0.0775	-2.0000
-0.3006	0.1283	-2.0000
0.7194	0.0975	-1.0000
0.7208	0.1269	-1.0000
-0.9140	-0.2673	0.0000
-0.2104	0.6456	-1.0000
0.2841	-0.0915	-2.0000
-0.2256	-0.1010	-2.0000
-0.1135	0.9859	0.0000
-0.2432	-0.0124	-2.0000
-0.8755	-0.0715	0.0000
-0.6400	-0.1899	-1.0000
-0.1310	0.2524	-1.0000
-0.1196	0.5753	-1.0000
0.7240	0.3383	0.0000
0.0398	-0.9315	0.0000
0.0102	0.0972	-3.0000
-0.1415	-0.2255	-2.0000
0.0375	-0.0423	-3.0000
-0.8366	-0.2074	0.0000
0.6687	-0.2023	0.0000
-0.0907	0.2807	-1.0000
0.0707	-0.2335	-2.0000
0.0445	0.0885	-3.0000
0.0375	0.0450	-3.0000
-0.6343	0.0078	-1.0000
0.2435	0.1826	-2.0000
-0.2178	-0.7381	0.0000
-0.2808	-0.0711	-2.0000
0.0364	0.5528	0.0000
0.0920	0.0720	-3.0000
0.2902	0.1626	-1.0000
-0.8040	-0.1513	0.0000
0.0174	0.0845	-3.0000
-0.2434	0.0527	-2.0000
0.0222	0.0724	-2.0000
-0.2291	-0.2508	-1.0000
-0.0383	-0.7460	-1.0000
-0.0259	-0.0593	-3.0000
0.7193	0.2998	-1.0000
-0.1519	0.1543	-3.0000
0.0941	-0.2155	-3.0000
-0.1418	0.0912	-3.0000
0.2201	0.0421	-3.0000
0.3160	-0.0343	-2.0000
0.8636	-0.1059	0.0000
0.2248	-0.8404	0.0000
-0.0906	0.0092	-3.0000
-0.8817	0.2358	0.0000
0.2627	-0.0704	-2.0000
-0.1016	0.6668	-1.0000
0.1073	0.5356	0.0000
-0.0691	0.1451	-3.0000
-0.1322	-0.2535	-2.0000
0.3284	-0.5596	0.0000
0.6339	0.1203	-1.0000
-0.0547	-0.7360	-1.0000
0.2421	0.0840	-3.0000
0.8545	0.1553	0.0000
0.4377	-0.0972	0.0000
-0.6630	-0.0381	0.0000
0.7146	-0.1312	-1.0000
0.1550	-0.7712	-1.0000
-0.0265	-0.1483	-3.0000
0.0185	0.0645	-3.0000
0.0883	0.2878	-2.0000
0.2205	0.0265	-3.0000
-0.0593	0.0498	-3.0000
0.6157	0.1050	0.0000
-0.0352	0.3364	-1.0000
-0.2272	0.0752	-2.0000
-0.1471	-0.1978	-2.0000
0.8509	-0.4727	0.0000
-0.0170	0.3302	-1.0000
-0.0852	0.0240	-3.0000
-0.5444	0.0650	-1.0000
0.2026	-0.7956	0.0000
0.0765	-0.1597	-3.0000
0.1886	0.0951	-3.0000
-0.0337	0.2097	-2.0000
0.0364	-0.1880	-3.0000
0.2770	0.1286	-2.0000
0.1001	-0.5719	-1.0000
0.2116	0.2274	-2.0000
-0.1134	-0.6662	-1.0000
0.1419	-0.1278	-2.0000
-0.0851	-0.0478	-2.0000
0.0618	-0.1501	-2.0000
-0.0897	0.0733	-3.0000
-0.1373	-0.1625	-3.0000
0.8376	0.2517	0.0000
0.2146	0.1343	-2.0000
-0.0757	0.0060	-3.0000
0.0902	-0.1955	-2.0000
0.2174	-0.2249	-2.0000
-0.0898	-0.1201	-3.0000
0.4407	-0.8316	0.0000
0.1127	0.0418	-2.0000
-0.0832	-0.9101	0.0000
-0.0590	-0.3338	-1.0000
0.1903	0.0582	-2.0000
-0.0864	-0.8573	-1.0000
-0.0034	-0.0029	-2.0000
0.0745	0.2270	-2.0000
0.0475	-0.0149	-3.0000
-0.0037	0.2627	-2.0000
0.0960	-0.0388	-3.0000
0.0270	0.8904	0.0000
0.0964	0.2131	-3.0000
0.1882	0.0468	-3.0000
0.2871	-0.0829	-1.0000
-0.1697	-0.7088	-1.0000
-0.9442	-0.0160	0.0000
-0.1712	0.0409	-2.0000
0.0583	0.7129	0.0000
-0.5080	0.0831	0.0000
-0.8897	0.3159	0.0000
0.0703	0.9752	0.0000
0.0427	0.1110	-3.0000
0.0785	-0.0227	-3.0000
0.1434	-0.0976	-3.0000
0.3397	-0.7708	0.0000
-0.6439	-0.0720	-1.0000
-0.0435	-0.5739	-1.0000
-0.2970	0.7005	-1.0000
0.4822	-0.0976	-1.0000
-0.1776	0.2773	-1.0000
-0.9084	0.1255	0.0000
-0.0701	0.0708	-3.0000
0.1209	-0.0463	-2.0000
-0.0810	-0.1551	-3.0000
0.3150	0.0274	-1.0000
-0.2512	0.0594	-1.0000
0.2595	0.1751	-2.0000
-0.0978	0.2054	-2.0000
-0.1957	-0.1252	-3.0000
0.3371	-0.8748	0.0000
-0.1274	0.1624	-3.0000
0.2188	0.1131	-2.0000
0.9056	0.0370	0.0000
0.0291	0.0062	-3.0000
0.1069	0.2065	-1.0000
-0.6849	0.2694	-1.0000
-0.0721	-0.0548	-3.0000
-0.1891	0.1311	-3.0000
-0.0191	-0.7884	-1.0000
-0.0149	0.0080	-2.0000
0.1416	0.1086	-2.0000
-0.8134	0.1841	0.0000
0.8625	-0.1002	0.0000
0.5685	0.2457	0.0000
0.7901	0.1375	-1.0000
-0.5567	0.2890	0.0000
-0.1484	0.2777	-1.0000
-0.0201	-0.0127	-3.0000
0.0004	-0.2192	-2.0000
0.8721	0.1646	0.0000
-0.5096	-0.0604	0.0000
0.0855	-0.0251	-3.0000
-0.4461	-0.1374	0.0000
-0.2436	0.1168	-2.0000
0.1799	-0.1240	-3.0000
-0.7695	0.2357	0.0000
0.0716	0.1186	-3.0000
-0.1848	-0.7475	-1.0000
-0.7687	-0.2041	0.0000
-0.7666	-0.2330	-1.0000
0.0345	0.0109	-3.0000
-0.0616	0.1547	-3.0000
0.7778	0.1857	-1.0000
0.1736	-0.0541	-3.0000
-0.1735	0.1610	-3.0000
0.0202	-0.9855	0.0000
-0.2436	-0.2014	-1.0000
0.5051	0.1113	0.0000
-0.0539	-0.8419	-1.0000
-0.1950	-0.7220	-1.0000
0.8201	-0.2232	0.0000
0.0593	-0.1134	-3.0000
0.1091	0.0395	-3.0000
0.1146	0.1395	-3.0000
-0.2130	0.0826	-1.0000
0.1490	-0.2858	-2.0000
0.3053	0.8404	0.0000
-0.0721	0.6646	-1.0000
-0.2868	0.1405	-1.0000
0.2778	-0.7186	0.0000
-0.1231	0.1395	-3.0000
-0.0952	-0.0137	-3.0000
0.1305	-0.0488	-2.0000
-0.8228	0.0116	0.0000
-0.7327	0.0423	-1.0000
0.0152	0.0321	-2.0000
0.8631	-0.0868	0.0000
-0.1620	-0.8100	0.0000
-0.0688	-0.7516	0.0000
0.2276	0.1204	-2.0000
0.0619	0.1342	-2.0000
0.0073	0.2837	-2.0000
-0.6765	0.2835	-1.0000
-0.6005	0.1336	0.0000
-0.0606	0.2068	-3.0000
0.0272	0.1939	-3.0000
0.1868	-0.0986	-2.0000
0.7089	0.0826	-1.0000
0.8991	0.2196	0.0000
-0.5257	-0.1285	-1.0000
0.5279	-0.0496	0.0000
0.0880	-0.0811	-3.0000
-0.0965	-0.0020	-3.0000
0.2393	0.4855	0.0000
-0.8273	-0.1345	0.0000
-0.0283	0.0130	-2.0000
0.2292	-0.6364	0.0000
-0.0212	-0.5794	0.0000
-0.1966	-0.0406	-2.0000
-0.3144	0.0672	-2.0000
-0.8622	-0.3628	0.0000
0.0828	0.3121	-2.0000
-0.9493	-0.1551	0.0000
-0.7646	-0.2107	-1.0000
-0.1471	-0.1179	-3.0000
0.1855	-0.0097	-3.0000
-0.8312	0.0774	0.0000
-0.2127	0.1391	-2.0000
-0.1420	0.0532	-2.0000
-0.0014	0.1804	-3.0000
0.0851	-0.6951	-1.0000
-0.5998	0.1715	0.0000
0.3676	0.9174	0.0000
-0.1010	0.0256	-3.0000
-0.0661	-0.0179	-3.0000
-0.0222	0.1069	-3.0000
-0.0328	0.1791	-3.0000
-0.2313	0.8843	0.0000
-0.2477	-0.0460	-2.0000
0.0112	0.6524	0.0000
-0.8269	-0.1824	-1.0000
0.0779	-0.1923	-3.0000
0.7683	0.3939	0.0000
-0.0725	-0.1425	-2.0000
0.5503	0.0345	-1.0000
-0.1295	-0.2729	-1.0000
0.2161	-0.1224	-3.0000
0.0385	-0.7198	-1.0000
0.0152	0.4967	0.0000
0.1555	-0.1546	-3.0000
0.0725	-0.6809	-1.0000
0.0805	0.4513	0.0000
0.2087	-0.1349	-2.0000
0.1452	0.0819	-3.0000
0.1298	0.7046	-1.0000
0.2270	-0.1172	-2.0000
-0.0822	-0.2421	-2.0000
-0.0145	-0.2231	-2.0000
-0.4553	0.1180	0.0000
0.0149	-0.2270	-1.0000
-0.1792	-0.0710	-3.0000
-0.9397	-0.0925	0.0000
0.1862	-0.0287	-3.0000
-0.0231	0.3048	-2.0000
-0.5919	-0.0280	0.0000
0.9067	0.1977	0.0000
0.9420	0.1412	0.0000
-0.3540	0.8413	0.0000
-0.1404	-0.1205	-3.0000
0.0570	0.0330	-3.0000
-0.5881	-0.2115	0.0000
-0.8610	-0.3192	0.0000
0.7527	0.2932	-1.0000
0.0786	-0.2270	-2.0000
-0.0493	0.8134	0.0000
-0.7892	0.1421	0.0000
-0.0472	-0.2154	-2.0000
0.0215	-0.6970	-1.0000
0.2422	0.7300	-1.0000
-0.1218	-0.0109	-3.0000
-0.5613	-0.0113	-1.0000
-0.8091	0.0490	0.0000
-0.0622	0.1073	-2.0000
0.5434	0.0654	0.0000
-0.2639	0.6311	0.0000
0.2641	-0.7550	-1.0000
0.0496	0.1357	-2.0000
0.1078	0.1219	-3.0000
-0.1666	0.1154	-3.0000
-0.1458	-0.2441	-2.0000
-0.0610	-0.1589	-3.0000
0.0322	0.2851	-2.0000
0.1219	0.0493	-3.0000
0.0162	-0.2912	-2.0000
-0.4861	-0.1796	0.0000
-0.1303	0.1708	-2.0000
-0.2569	-0.1338	-2.0000
-0.0713	-0.2842	-2.0000
-0.9766	0.0146	0.0000
-0.0925	-0.1201	-3.0000
-0.2727	0.1261	-2.0000
0.2953	-0.0591	-2.0000
0.1094	0.6516	-1.0000
-0.1884	0.1817	-1.0000
0.0145	0.5864	-1.0000
0.1085	-0.1684	-3.0000
0.2713	0.0140	-2.0000
-0.2133	-0.1212	-1.0000
-0.5450	-0.0524	-1.0000
0.1892	0.0969	-2.0000
-0.9744	-0.0633	0.0000
0.2919	0.0514	-2.0000
-0.1169	-0.2571	-1.0000
-0.1272	-0.5735	-1.0000
-0.1987	0.7005	-1.0000
-0.1165	-0.1921	-3.0000
0.1664	0.9270	0.0000
-0.0468	0.1012	-2.0000
-0.7159	-0.0163	-1.0000
0.5553	-0.1729	0.0000
0.1415	0.1217	-3.0000
0.1978	-0.1763	-2.0000
-0.0093	0.0695	-3.0000
0.6168	0.0316	-1.0000
0.6191	0.1513	-1.0000
-0.7111	-0.3813	0.0000
-0.6685	-0.0796	-1.0000
-0.1322	0.0829	-3.0000
-0.3012	0.1564	-1.0000
-0.5063	0.1089	0.0000
-0.1359	-0.0319	-3.0000
0.1282	-0.0094	-3.0000
-0.1041	-0.8662	-1.0000
-0.0814	-0.9265	0.0000
-0.6555	-0.3452	0.0000
-0.0212	-0.4385	0.0000
-0.0039	-0.1910	-3.0000
-0.0961	0.1751	-3.0000
0.8604	0.0609	0.0000
-0.0068	-0.1659	-3.0000
-0.8343	-0.0307	0.0000
0.0324	-0.0704	-3.0000
0.8471	0.1560	-1.0000
-0.2282	0.0816	-3.0000
-0.0057	-0.7573	-1.0000
-0.4175	0.8422	0.0000
0.8955	0.1145	0.0000
0.8159	-0.0157	0.0000
-0.7736	0.1275	-1.0000
0.0790	-0.6654	-1.0000
0.2487	-0.0010	-2.0000
-0.3137	0.0785	-1.0000
0.0927	-0.8279	-1.0000
0.1472	0.0909	-2.0000
-0.6901	0.2332	-1.0000
-0.0915	-0.1960	-3.0000
0.0654	-0.0005	-3.0000
0.1344	0.1380	-1.0000
-0.2999	0.0261	-1.0000
-0.5245	-0.0215	-1.0000
0.2585	-0.1470	-1.0000
0.0581	-0.6970	0.0000
0.3808	-0.7510	0.0000
0.7574	0.0652	-1.0000
0.1581	-0.0534	-2.0000
-0.0526	0.1751	-2.0000
0.1792	0.0507	-3.0000
0.1784	0.0353	-3.0000
-0.0786	0.1070	-3.0000
0.7963	-0.1450	-1.0000
0.7709	-0.2060	-1.0000
-0.1874	0.1135	-3.0000
0.1079	0.6280	-1.0000
-0.0966	0.6778	-1.0000
0.2844	-0.0751	-2.0000
-0.2307	-0.0191	-3.0000
0.0137	0.0902	-2.0000
-0.1782	-0.1900	-2.0000
-0.1588	-0.0762	-2.0000
0.7795	0.3100	-1.0000
-0.3350	-0.0273	-1.0000
0.5105	0.0055	0.0000
-0.0616	-0.0080	-3.0000
-0.5168	0.1582	-1.0000
-0.1232	0.0957	-3.0000
-0.1170	0.7418	-1.0000
-0.9650	-0.1767	0.0000
-0.0700	0.7129	-1.0000
-0.4037	-0.8597	0.0000
-0.8372	-0.0776	-1.0000
-0.1426	0.4750	0.0000
0.0199	0.7339	-1.0000
-0.3537	0.7339	-1.0000
-0.8917	-0.0582	0.0000
0.7216	-0.0274	-1.0000
0.1509	-0.2014	-2.0000
0.0793	0.0702	-3.0000
-0.2119	0.5521	-1.0000
0.0453	-0.2906	-2.0000
0.2504	-0.0182	-3.0000
-0.1670	-0.1638	-2.0000
-0.0842	0.1206	-3.0000
-0.1339	0.6919	0.0000
0.0547	-0.6693	-1.0000
0.5036	-0.0170	-1.0000
-0.2463	0.1572	-1.0000
0.1676	0.1478	-2.0000
0.1513	-0.0130	-3.0000
0.1946	-0.0836	-2.0000
0.2041	-0.0948	-2.0000
-0.0870	-0.1331	-3.0000
0.1094	-0.1202	-3.0000
-0.6874	-0.2829	-1.0000
0.0826	-0.2025	-2.0000
0.1871	0.1839	-2.0000
0.2247	0.0410	-3.0000
-0.5750	0.1376	-1.0000
0.1075	-0.8940	0.0000
-0.8689	-0.1050	0.0000
0.2891	0.0374	-2.0000
0.7037	0.0912	-1.0000
0.6148	-0.0589	-1.0000
-0.0136	-0.0968	-1.0000
-0.0952	-0.2767	-2.0000
-0.7334	-0.0026	-1.0000
-0.0010	-0.7889	0.0000
0.8524	-0.2299	0.0000
0.0988	-0.1578	-3.0000
0.1421	-0.1669	-3.0000
-0.1448	0.0035	-2.0000
0.1647	-0.0666	-3.0000
0.1558	0.1099	-3.0000
-0.0100	0.0633	-3.0000
0.1806	-0.0753	-3.0000
-0.0412	0.1057	-3.0000
-0.1344	0.0830	-3.0000
0.0278	-0.1077	-2.0000
-0.6994	0.0751	-1.0000
0.0109	0.0608	-2.0000
-0.0797	-0.7543	-1.0000
0.2189	-0.1229	-2.0000
-0.0119	-0.9055	0.0000
-0.0903	0.2125	-2.0000
-0.2202	-0.0071	-2.0000
0.1583	-0.1843	-3.0000
-0.7973	-0.1127	-1.0000
0.9356	0.1405	0.0000
0.1087	-0.0683	-3.0000
0.0829	-0.5621	-1.0000
0.8486	-0.1816	0.0000
-0.1917	0.6553	-1.0000
-0.0643	-0.2207	-2.0000
0.2443	-0.1093	-2.0000
0.0102	0.5673	-1.0000
-0.2667	0.7902	-1.0000
-0.1076	0.7811	-1.0000
-0.1258	-0.0191	-3.0000
0.0474	-0.2908	-2.0000
-0.8690	0.0425	0.0000
0.0141	-0.2013	-3.0000
-0.8097	0.2223	0.0000
-0.0794	0.1427	-3.0000
0.2028	-0.2401	-2.0000
0.2667	-0.6560	-1.0000
0.2747	0.0092	-2.0000
-0.3365	0.0013	-1.0000
-0.0818	-0.0825	-3.0000
0.2656	-0.0506	-2.0000
0.0395	0.5523	-1.0000
0.9779	-0.0943	0.0000
-0.0000	-0.2568	-3.0000
0.0555	-0.0641	-2.0000
0.2414	0.1430	-2.0000
0.0020	-0.0630	-2.0000
-0.1089	0.1486	-3.0000
-0.8002	0.0148	0.0000
0.0931	-0.0758	-3.0000
0.0571	-0.2535	-2.0000
0.0491	-0.0072	-3.0000
-0.5096	-0.2101	0.0000
-0.0500	0.0333	-3.0000
-0.1687	-0.7192	-1.0000
-0.2267	-0.0311	-2.0000
0.1821	-0.1454	-3.0000
-0.7544	0.1214	-1.0000
-0.0447	0.0705	-3.0000
-0.0734	0.6929	-1.0000
0.0309	0.7032	-1.0000
0.8041	-0.3630	0.0000
0.0460	-0.0291	-3.0000
-0.0733	-0.1123	-3.0000
0.1673	0.1532	-2.0000
-0.0536	0.2103	-3.0000
0.2012	0.1830	-2.0000
0.1831	-0.2284	-2.0000
0.0093	-0.1194	-2.0000
-0.1328	-0.2591	-2.0000
0.0742	0.0320	-3.0000
-0.2050	0.1795	-1.0000
0.2383	0.2038	-2.0000
-0.0473	-0.0978	-3.0000
-0.0420	0.0785	-1.0000
-0.1816	0.0772	-2.0000
0.3104	0.1078	-2.0000
0.0314	0.9220	0.0000
0.5103	-0.0529	-1.0000
0.0445	-0.0659	-3.0000
0.1721	-0.6757	-1.0000
0.2290	-0.1123	-2.0000
-0.0388	-0.0793	-3.0000
0.7316	0.0828	0.0000
-0.2135	0.0287	-2.0000
0.1625	-0.0258	-3.0000
-0.4720	-0.1076	0.0000
-0.7067	-0.2780	-1.0000
0.1666	0.2246	-1.0000
0.0591	-0.6827	-1.0000
0.0193	0.0247	-3.0000
0.2490	-0.1465	-2.0000
-0.0572	-0.6936	-1.0000
-0.7524	-0.3829	0.0000
-0.0851	-0.2772	-2.0000
0.1284	-0.9339	0.0000
0.2888	-0.0650	-2.0000
0.1902	0.8747	0.0000
-0.2383	0.1583	-2.0000
0.0921	0.0848	-2.0000
-0.1529	-0.9182	0.0000
0.0666	0.0869	-3.0000
-0.0994	-0.8880	0.0000
-0.6910	0.0511	-1.0000
-0.8167	0.3715	0.0000
-0.0840	-0.7140	0.0000
-0.2431	0.6227	-1.0000
0.2431	-0.0480	-3.0000
-0.1530	0.1193	-3.0000
0.1523	0.2077	-2.0000
0.1459	0.1445	-3.0000
0.1576	0.0253	-2.0000
-0.1981	0.2638	-1.0000
-0.0766	-0.1737	-3.0000
0.9449	-0.0709	0.0000
0.0092	-0.2300	-3.0000
-0.0242	0.0422	-3.0000
-0.0343	-0.1873	-3.0000
-0.7004	0.1308	-1.0000
-0.0546	-0.2686	-1.0000
-0.0478	0.1836	-2.0000
0.7729	-0.3336	0.0000
-0.1295	0.3009	-1.0000
-0.3493	-0.9051	0.0000
-0.0877	0.2680	-2.0000
-0.9567	0.0046	0.0000
0.0703	0.0570	-3.0000
-0.0128	0.2837	-1.0000
-0.0425	-0.1676	-2.0000
-0.0682	-0.0647	-3.0000
0.0679	0.0052	-3.0000
-0.7631	-0.2167	-1.0000
-0.1235	0.1628	-3.0000
-0.0963	0.4600	0.0000
0.1618	-0.1891	-2.0000
-0.0533	-0.1394	-3.0000
0.3848	-0.6968	0.0000
0.2353	0.6968	-1.0000
0.0009	0.3358	-1.0000
0.1788	0.8012	0.0000
-0.4415	0.7904	0.0000
-0.0974	-0.4820	-1.0000
0.7266	0.1283	0.0000
0.1104	0.6941	-1.0000
-0.1955	0.0781	-3.0000
-0.0510	-0.0896	-3.0000
-0.6642	0.2799	-1.0000
-0.0726	-0.3269	-1.0000
0.5933	0.0786	0.0000
0.0882	0.2145	-2.0000
-0.9341	0.0983	0.0000
-0.0825	0.0185	-3.0000
-0.0215	0.1595	-2.0000
-0.1547	-0.7788	0.0000
0.0605	-0.2321	-2.0000
-0.1842	-0.1015	-1.0000
-0.0052	0.1628	-2.0000
-0.1760	0.1406	-2.0000
0.1747	-0.0772	-2.0000
-0.0172	-0.6358	-1.0000
-0.2605	0.0151	-2.0000
-0.0380	0.2052	-3.0000
-0.1431	0.6340	-1.0000
0.0697	0.0002	-3.0000
0.1748	0.6158	0.0000
0.0116	0.0223	-2.0000
0.1683	0.2268	-1.0000
-0.8843	0.0507	0.0000
0.0821	0.0882	-3.0000
-0.7540	-0.1793	0.0000
-0.2419	0.1544	-2.0000
-0.1174	-0.2758	-1.0000
0.0752	0.3128	-1.0000
0.7371	0.3439	-1.0000
0.0188	-0.1526	-1.0000
-0.5929	0.0206	0.0000
-0.7369	0.2987	0.0000
-0.1839	0.1102	-2.0000
0.0344	0.0095	-3.0000
-0.3734	-0.8952	0.0000
-0.0937	-0.1619	-2.0000
0.8018	0.0569	-1.0000
0.7886	0.0923	0.0000
-0.3120	0.0498	-1.0000
0.7694	-0.0090	-1.0000
-0.0520	-0.8418	0.0000
0.1010	-0.0259	-2.0000
0.0049	0.1253	-2.0000
0.2051	0.1690	-2.0000
0.2487	-0.0370	-3.0000
0.7661	-0.3071	0.0000
0.1771	-0.5591	0.0000
-0.0889	-0.6412	0.0000
0.2988	0.0709	-1.0000
0.5350	-0.1499	-1.0000
0.1498	0.1965	-3.0000
0.2477	0.6654	0.0000
0.5144	-0.0448	0.0000
0.2253	0.5546	0.0000
-0.0371	0.0014	-2.0000
-0.0529	-0.8621	0.0000
-0.7142	0.0107	-1.0000
-0.1697	0.0933	-2.0000
0.0704	0.2430	-1.0000
0.0871	0.1541	-3.0000
-0.0847	-0.3192	-1.0000
-0.1607	0.1303	-1.0000
-0.1073	-0.0647	-3.0000
0.3161	-0.0193	-1.0000
0.0909	0.5049	-1.0000
0.1824	-0.5577	0.0000
-0.0748	0.0633	-3.0000
-0.2534	0.0099	-2.0000
0.2280	-0.1410	-2.0000
0.1814	0.0868	-3.0000
0.0623	-0.2307	-2.0000
0.8940	0.2745	0.0000
-0.1397	0.2678	-2.0000
0.1537	0.0781	-3.0000
0.0008	-0.6131	-1.0000
-0.0548	-0.8234	-1.0000
0.1199	0.0897	-3.0000
0.7555	0.1119	-1.0000
0.2700	0.0501	-1.0000
-0.0593	0.3032	-2.0000
0.1717	-0.8483	0.0000
0.0988	-0.1773	-3.0000
0.2290	0.6512	0.0000
-0.0990	-0.7932	-1.0000
0.3111	0.7645	0.0000
0.1980	0.0725	-3.0000
-0.0565	-0.1589	-3.0000
0.2842	-0.0427	-2.0000
0.0500	0.1265	-3.0000
0.1099	0.4712	-1.0000
0.0910	-0.0649	-2.0000
-0.3277	-0.0018	-1.0000
0.1351	-0.8933	0.0000
-0.1252	-0.0859	-3.0000
-0.5791	0.2243	-1.0000
0.0120	0.0427	-2.0000
0.2912	0.0588	-2.0000
0.8713	0.1297	0.0000
0.0862	0.2373	-2.0000
0.6280	-0.3547	0.0000
0.0365	0.0560	-3.0000
0.1765	-0.2054	-2.0000
-0.1584	-0.7220	-1.0000
0.2176	-0.1906	-2.0000
0.1048	0.7746	0.0000
-0.0860	-0.1346	-3.0000
-0.0278	0.0859	-3.0000
0.6576	-0.1726	-1.0000
-0.1165	0.2200	-2.0000
-0.1494	0.1017	-1.0000
0.2997	-0.6786	0.0000
-0.1434	-0.5889	-1.0000
-0.1957	-0.1745	-2.0000
-0.1553	-0.1148	-2.0000
0.9195	-0.1741	0.0000
-0.0301	0.7217	-1.0000
-0.6081	0.0063	0.0000
-0.6923	0.2060	0.0000
-0.4179	-0.7745	0.0000
-0.0938	-0.0370	-3.0000
-0.1137	-0.2127	-3.0000
-0.6795	-0.1045	-1.0000
-0.2066	-0.0027	-1.0000
0.0139	-0.1590	-1.0000
0.0563	0.1098	-3.0000
0.0364	-0.0083	-3.0000
-0.1033	-0.0835	-3.0000
0.0249	0.0827	-3.0000
0.0834	0.8040	0.0000
-0.1587	0.0023	-3.0000
0.2434	-0.1438	-2.0000
0.6489	-0.2196	0.0000
0.6720	0.3273	0.0000
0.1134	0.7697	-1.0000
-0.6851	0.0587	-1.0000
0.8062	-0.3927	0.0000
0.2810	-0.0443	-2.0000
0.0714	-0.0188	-3.0000
-0.1170	-0.5721	-1.0000
0.0317	0.2879	-2.0000
-0.8583	0.1051	0.0000
-0.0164	0.0787	-3.0000
0.8343	0.3253	0.0000
0.1795	0.1941	-2.0000
0.0344	0.2473	-2.0000
0.0767	0.0395	-2.0000
0.1697	0.1451	-3.0000
-0.0264	0.2983	-1.0000
0.8537	0.3998	0.0000
-0.1158	0.5650	0.0000
0.0146	-0.2274	-2.0000
-0.1448	0.0364	-3.0000
0.2867	-0.0712	-2.0000
-0.6225	0.1537	-1.0000
0.2319	0.1674	-2.0000
-0.0885	-0.2304	-2.0000
-0.1104	-0.0023	-3.0000
-0.2146	-0.1961	-2.0000
-0.1110	0.1138	-3.0000
-0.1539	0.1636	-2.0000
0.1458	0.1225	-2.0000
-0.1824	0.1376	-3.0000
0.2216	-0.0389	-3.0000
0.0642	0.0227	-2.0000
0.0399	-0.3219	-2.0000
-0.0587	-0.2487	-2.0000
0.1367	-0.2371	-2.0000
0.7263	0.4361	0.0000
0.0107	0.9453	0.0000
0.6032	-0.1553	-1.0000
0.1861	0.0014	-3.0000
-0.1286	-0.0401	-3.0000
-0.1849	-0.1142	-3.0000
0.0612	-0.2092	-2.0000
-0.8900	0.3123	0.0000
-0.2989	0.0317	-2.0000
-0.0485	0.1186	-3.0000
-0.0655	-0.4828	0.0000
-0.2269	0.2461	-1.0000
-0.9214	-0.2799	0.0000
0.0661	0.0882	-3.0000
0.1151	-0.6013	0.0000
-0.0638	-0.2832	-1.0000
0.0257	0.9201	0.0000
-0.7997	-0.4650	0.0000
-0.8244	-0.1527	0.0000
0.2246	-0.2198	-2.0000
0.0093	0.8602	0.0000
-0.8084	0.3941	0.0000
-0.2165	0.2057	-2.0000
0.7784	-0.1097	-1.0000
-0.2071	-0.1909	-2.0000
-0.1278	-0.0496	-3.0000
0.0074	0.2453	-2.0000
0.1093	0.8687	0.0000
0.7981	-0.2255	-1.0000
0.2448	0.4849	0.0000
-0.0394	-0.2696	-2.0000
0.8333	-0.1765	0.0000
-0.8033	-0.1845	-1.0000
0.7450	-0.2008	-1.0000
0.0037	-0.2315	-2.0000
0.1368	0.0328	-2.0000
-0.3118	0.0023	-1.0000
-0.3544	-0.6661	0.0000
-0.5728	0.1922	0.0000
-0.4853	-0.0061	-1.0000
0.0314	0.1303	-2.0000
-0.9057	0.1133	0.0000
-0.6306	0.1642	0.0000
0.7703	0.1905	-1.0000
-0.0752	0.0932	-3.0000
-0.0675	0.7679	-1.0000
0.0290	0.2351	-2.0000
-0.7641	-0.1346	-1.0000
0.0497	-0.0984	-2.0000
0.7046	0.0894	-1.0000
-0.9869	-0.0802	0.0000
0.8583	0.0456	0.0000
0.0079	-0.1610	-3.0000
0.2029	0.0566	-3.0000
-0.3572	-0.9136	0.0000
0.0882	-0.2535	-2.0000
-0.5353	0.0283	-1.0000
0.2217	0.1763	-2.0000
-0.0330	0.0611	-3.0000
-0.0648	-0.1861	-3.0000
-0.0862	0.8711	0.0000
-0.1906	0.7761	-1.0000
-0.0987	0.1224	-3.0000
-0.1713	0.1819	-2.0000
0.4500	-0.0311	0.0000
0.8003	-0.1398	-1.0000
0.0999	-0.0310	-2.0000
0.3431	0.7816	0.0000
0.6198	0.0110	-1.0000
-0.0710	-0.1277	-3.0000
0.1518	0.1574	-2.0000
-0.0929	0.2981	-1.0000
-0.1186	-0.7679	-1.0000
-0.2519	-0.0154	-2.0000
-0.0894	0.8032	-1.0000
0.1795	-0.0815	-1.0000
-0.8423	-0.0398	0.0000
0.7143	-0.0696	-1.0000
-0.0924	-0.0948	-3.0000
-0.1852	0.0720	-3.0000
0.2692	-0.0995	-2.0000
0.8527	-0.0313	0.0000
0.2401	-0.0294	-2.0000
-0.0320	-0.1309	-3.0000
0.0552	0.8587	0.0000
0.0157	0.2660	-2.0000
0.2570	0.0254	-2.0000
-0.0825	-0.1436	-2.0000
-0.0310	-0.6296	-1.0000
0.3022	0.0876	-2.0000
0.1214	0.0192	-3.0000
0.0082	-0.9153	0.0000
-0.0607	-0.0168	-3.0000
-0.1355	-0.1985	-3.0000
0.0084	-0.1004	-3.0000
0.0549	-0.0363	-3.0000
-0.1707	0.0064	-3.0000
-0.0227	0.0995	-3.0000
-0.0200	-0.0218	-3.0000
0.8641	-0.4486	0.0000
-0.0228	-0.0719	-3.0000
0.2125	-0.1760	-2.0000
0.1076	-0.3085	-1.0000
-0.3327	-0.7322	-1.0000
-0.2423	-0.0272	-2.0000
-0.3274	-0.0920	-1.0000
0.0314	0.7783	-1.0000
-0.2354	0.1741	-2.0000
-0.2058	0.0660	-2.0000
0.0827	-0.2070	-2.0000
-0.7098	-0.1648	-1.0000
-0.1141	-0.6633	-1.0000
-0.7163	-0.0828	-1.0000
-0.0691	0.8069	-1.0000
0.1721	0.5696	-1.0000
-0.2104	-0.6306	-1.0000
-0.2232	0.0107	-2.0000
0.0073	0.2458	-3.0000
0.6478	-0.0867	-1.0000
-0.0030	-0.2681	-2.0000
0.1892	-0.0918	-2.0000
-0.0596	-0.9050	0.0000
0.0545	0.3085	-2.0000
-0.2547	-0.7437	0.0000
0.8045	0.3646	0.0000
0.2027	-0.2592	-2.0000
-0.0370	0.2196	-3.0000
0.1462	-0.2779	-1.0000
0.1075	0.1704	-3.0000
0.3239	-0.6695	0.0000
0.0316	0.0238	-3.0000
-0.0478	-0.0290	-3.0000
-0.1780	0.2777	-1.0000
0.0178	-0.6187	-1.0000
0.0441	0.8343	-1.0000
0.6303	0.0109	0.0000
-0.1329	0.9053	0.0000
0.0239	0.2758	-2.0000
0.1080	-0.5699	-1.0000
-0.0994	-0.2238	-3.0000
0.1587	-0.9706	0.0000
-0.0181	-0.2103	-1.0000
-0.1090	-0.0230	-3.0000
-0.2653	-0.8817	0.0000
0.1102	0.0806	-3.0000
-0.0194	-0.0530	-2.0000
-0.3198	-0.8508	0.0000
-0.2431	-0.9012	0.0000
-0.7763	-0.1261	0.0000
-0.1580	0.2700	-1.0000
-0.1027	-0.2003	-3.0000
-0.1223	-0.0772	-2.0000
0.3184	0.6707	0.0000
0.1045	0.1449	-2.0000
0.7260	0.2983	-1.0000
-0.2793	-0.0984	-2.0000
0.0589	0.1078	-3.0000
-0.7461	0.2479	-1.0000
-0.0498	-0.7612	-1.0000
-0.0729	-0.9254	0.0000
-0.2609	0.1738	-2.0000
0.1682	-0.0119	-3.0000
0.0189	-0.0806	-2.0000
-0.9071	-0.1384	0.0000
-0.3892	0.7870	0.0000
-0.0490	-0.0144	-3.0000
0.1467	-0.0666	-3.0000
-0.0732	0.2426	-2.0000
0.2243	-0.0703	-3.0000
0.1568	-0.0237	-3.0000
-0.1341	0.0965	-3.0000
0.0202	0.5002	0.0000
0.0878	0.8362	-1.0000
-0.8143	0.0896	-1.0000
-0.2176	0.9544	0.0000
-0.2821	-0.1705	-2.0000
-0.0441	-0.6576	-1.0000
0.0975	0.0053	-2.0000
-0.3480	-0.7290	-1.0000
-0.0357	-0.7645	-1.0000
0.3163	-0.6504	0.0000
0.0187	0.1354	-3.0000
0.0041	-0.1723	-3.0000
0.5055	-0.1270	-1.0000
-0.8425	-0.1204	-1.0000
-0.1138	0.2696	-1.0000
0.1835	0.1448	-3.0000
0.3125	-0.8177	0.0000
0.6092	0.1833	-1.0000
-0.0421	0.7499	-1.0000
0.1277	0.1009	-3.0000
0.0141	0.1243	-3.0000
0.1315	0.8388	0.0000
-0.0856	0.0962	-1.0000
-0.1196	0.7743	0.0000
-0.1058	0.1620	-2.0000
-0.0093	0.0642	-3.0000
-0.8765	0.0820	0.0000
-0.0584	0.0567	-3.0000
-0.1873	-0.5414	0.0000
0.0905	-0.0152	-3.0000
-0.2074	0.2757	-1.0000
0.0328	-0.2946	-2.0000
-0.1801	-0.0671	-2.0000
0.9257	-0.1788	0.0000
0.1165	0.5576	-1.0000
0.2490	-0.0341	-3.0000
0.0445	-0.0294	-3.0000
0.1607	0.1046	-3.0000
-0.1067	0.0355	-2.0000
0.0573	-0.0129	-3.0000
-0.0779	-0.0446	-3.0000
0.1601	0.8197	-1.0000
0.2113	0.1507	-3.0000
0.7901	-0.1481	-1.0000
0.2471	-0.6142	-1.0000
-0.6276	0.3643	0.0000
-0.1212	-0.1955	-3.0000
0.0036	0.8549	0.0000
0.9189	-0.1209	0.0000
-0.1853	-0.1554	-2.0000
0.0746	0.7213	-1.0000
0.1393	-0.5162	-1.0000
-0.2357	0.0203	-2.0000
0.1975	0.0290	-2.0000
0.0036	-0.4746	0.0000
-0.9059	-0.1772	0.0000
-0.0278	-0.2287	-3.0000
-0.1698	0.1673	-2.0000
0.1375	-0.3058	-1.0000
-0.2332	0.8567	0.0000
-0.0070	0.0810	-3.0000
-0.3423	-0.6859	0.0000
-0.9254	-0.2847	0.0000
-0.1060	0.1637	-2.0000
0.1081	0.1755	-3.0000
0.1886	0.0947	-2.0000
-0.1426	-0.1510	-1.0000
-0.0979	0.0846	-2.0000
-0.0439	0.2725	-2.0000
0.0558	-0.0864	-3.0000
0.0589	0.1475	-3.0000
0.7065	0.1675	-1.0000
-0.0447	0.3051	-2.0000
0.2662	0.0692	-2.0000
-0.1200	0.0786	-2.0000
0.0474	0.2091	-2.0000
0.4600	-0.0474	0.0000
0.2766	0.1120	-2.0000
0.0104	-0.0526	-3.0000
-0.4883	0.1753	-1.0000
-0.1258	0.1549	-1.0000
-0.2193	0.7304	-1.0000
0.1865	-0.1335	-2.0000
0.2091	-0.6846	0.0000
-0.2368	-0.0539	-2.0000
0.1588	0.0150	-3.0000
0.2193	-0.0418	-3.0000
-0.1898	-0.2136	-2.0000
0.0764	0.1472	-3.0000
0.0630	-0.2295	-2.0000
-0.0483	0.0054	-3.0000
0.0873	0.1140	-3.0000
0.2097	-0.0020	-3.0000
0.0145	-0.2361	-2.0000
0.1293	0.5165	-1.0000
-0.0328	0.0139	-3.0000
0.7673	-0.0454	-1.0000
-0.2185	0.1233	-2.0000
0.6729	0.0308	-1.0000
-0.0305	0.2555	-2.0000
0.2162	-0.0129	-2.0000
0.4608	-0.8550	0.0000
0.1603	0.0996	-3.0000
0.0206	-0.6720	-1.0000
-0.0199	-0.0163	-3.0000
-0.2114	-0.1284	-2.0000
-0.3266	-0.0341	-1.0000
0.7412	-0.3036	-1.0000
0.1207	0.6382	-1.0000
0.1716	-0.1154	-2.0000
0.0595	0.3307	-1.0000
-0.7225	0.1917	-1.0000
-0.2864	-0.8814	0.0000
-0.1073	-0.0491	-2.0000
-0.8226	-0.3182	0.0000
0.0128	0.5719	-1.0000
0.6971	0.1469	-1.0000
-0.4005	0.7397	0.0000
-0.0393	0.0195	-3.0000
0.9585	0.1334	0.0000
-0.1037	0.2187	-2.0000
-0.7840	-0.1299	-1.0000
0.2236	-0.5999	-1.0000
-0.2980	0.0896	-2.0000
0.2124	0.6739	0.0000
0.0162	-0.1118	-3.0000
-0.1403	0.1575	-1.0000
-0.1422	-0.2153	-2.0000
0.3357	-0.0441	-1.0000
0.2141	0.1811	-2.0000
-0.1776	-0.1095	-2.0000
-0.2953	0.0115	-2.0000
-0.2746	-0.5800	0.0000
0.6037	-0.0700	0.0000
-0.3098	0.8472	0.0000
0.2250	-0.5437	0.0000
-0.2475	0.0909	-2.0000
-0.6137	-0.0762	-1.0000
0.2201	-0.6765	-1.0000
-0.5613	-0.0359	0.0000
-0.0610	0.6919	-1.0000
-0.0681	0.1422	-3.0000
-0.0184	0.0210	-3.0000
-0.0619	0.6005	-1.0000
0.0433	0.1748	-3.0000
0.0348	-0.0138	-3.0000
-0.1125	-0.7189	-1.0000
0.3090	0.8455	0.0000
0.1619	0.1467	-2.0000
0.2061	0.4945	0.0000
-0.1802	-0.7283	-1.0000
0.1431	0.8115	0.0000
-0.1811	0.1250	-3.0000
-0.7407	-0.0888	-1.0000
0.1357	-0.1835	-3.0000
-0.1874	-0.1766	-2.0000
0.1006	0.9273	0.0000
0.0870	0.1425	-3.0000
0.0859	-0.0641	-3.0000
-0.7418	0.4049	0.0000
-0.5994	-0.3387	0.0000
-0.5800	-0.1234	0.0000
0.8125	-0.0970	0.0000
-0.7532	-0.0958	-1.0000
0.0743	-0.1997	-3.0000
-0.0033	0.1522	-1.0000
0.2450	-0.0939	-2.0000
-0.1288	0.9317	0.0000
-0.6225	-0.2265	-1.0000
0.0014	0.0170	-3.0000
-0.1306	-0.0033	-1.0000
-0.0105	0.1531	-3.0000
0.2180	0.2108	-2.0000
-0.7681	-0.3052	-1.0000
-0.0686	0.8207	0.0000
