9.9797e-01	5.3009e-02	3.9498e-02
5.8008e-01	5.1228e-01	6.3304e-01
3.0711e-01	9.4557e-01	1.0679e-01
6.6651e-01	5.6479e-01	4.8630e-01
9.4604e-01	1.2380e-01	2.9962e-01
9.9800e-01	5.9983e-02	2.6937e-02
3.1601e-02	1.5670e-01	9.8711e-01
6.3070e-02	2.6443e-01	9.6227e-01
2.0296e-01	9.7907e-01	1.2882e-02
5.3005e-01	6.7141e-01	5.1760e-01
5.2735e-01	5.7792e-01	6.2256e-01
6.0140e-01	5.1776e-01	6.0822e-01
6.7198e-01	4.2051e-01	6.0939e-01
5.5489e-01	6.9282e-01	4.6018e-01
6.9819e-02	3.7315e-01	9.2505e-01
5.4515e-01	6.9906e-01	4.6238e-01
4.7581e-01	5.4189e-01	6.9254e-01
9.8928e-01	4.7032e-02	1.3905e-01
3.3598e-01	7.1727e-02	9.3903e-01
3.2236e-01	9.2999e-01	1.7605e-01
6.5194e-01	4.8144e-01	5.8558e-01
5.7819e-01	6.5741e-01	4.8288e-01
7.4809e-02	3.5972e-01	9.2996e-01
5.3366e-01	5.5927e-01	6.3410e-01
5.4938e-01	5.4188e-01	6.3577e-01
1.5947e-01	3.3924e-01	9.2696e-01
4.6736e-01	5.2186e-01	7.1337e-01
2.7565e-01	9.5300e-01	1.2500e-01
6.9135e-01	4.2203e-01	5.8623e-01
9.7571e-01	3.9841e-02	2.1587e-01
9.8665e-01	1.3851e-01	8.7018e-02
3.2885e-01	9.4341e-01	4.1300e-02
9.5078e-01	3.0761e-01	3.9798e-02
9.3002e-02	9.9564e-01	6.4913e-03
6.6860e-01	4.7512e-01	5.7182e-01
6.0904e-01	5.8965e-01	5.3017e-01
5.2817e-01	5.5726e-01	6.4042e-01
4.5566e-01	5.1790e-01	7.2374e-01
6.3601e-01	5.4187e-01	5.4916e-01
5.6348e-02	9.2773e-01	3.6874e-01
2.2176e-01	2.1581e-01	9.5081e-01
4.7313e-01	6.1558e-01	6.2996e-01
5.8612e-01	4.8212e-01	6.5094e-01
6.6556e-01	4.4197e-01	6.0118e-01
2.3989e-01	1.4707e-01	9.5949e-01
2.6424e-01	1.8968e-01	9.4550e-01
4.7339e-01	6.5636e-01	5.8713e-01
1.0224e-01	1.8557e-01	9.7723e-01
5.6325e-01	5.5372e-01	6.1302e-01
5.8603e-01	6.2990e-01	5.0939e-01
3.2195e-02	1.1430e-01	9.9289e-01
9.9621e-01	4.7914e-02	7.4516e-02
9.2498e-01	2.2097e-01	3.0925e-01
5.6623e-01	5.6100e-01	6.0360e-01
6.1728e-01	5.5957e-01	5.5276e-01
4.9028e-01	6.2278e-01	6.0944e-01
9.6688e-01	2.5552e-01	9.6813e-03
9.6592e-01	2.3319e-01	1.1313e-01
1.3569e-01	9.3566e-01	3.2544e-01
9.8339e-01	4.3616e-03	1.8207e-01
5.1060e-01	7.0397e-01	4.9332e-01
1.1135e-01	1.8599e-01	9.7615e-01
6.5606e-01	4.5594e-01	6.0118e-01
5.2700e-01	6.8595e-01	5.0141e-01
6.0995e-01	5.8198e-01	5.3754e-01
5.3331e-01	4.6019e-01	7.0956e-01
6.3978e-01	5.1957e-01	5.6606e-01
9.6485e-01	4.0789e-02	2.5992e-01
2.8422e-01	9.1715e-02	9.5426e-01
1.4442e-01	2.7149e-01	9.5144e-01
6.7166e-01	5.2700e-01	5.2046e-01
5.6219e-01	6.7083e-01	4.8332e-01
6.4116e-01	5.0614e-01	5.7658e-01
9.4330e-01	5.6712e-02	3.2720e-01
9.4645e-01	3.2311e-01	7.0867e-03
3.3779e-01	1.4696e-01	9.2955e-01
5.6408e-01	6.2777e-01	5.3608e-01
5.2087e-01	5.2449e-01	6.7326e-01
2.3261e-01	9.7068e-01	5.9539e-02
9.4489e-01	2.0512e-01	2.5532e-01
1.5464e-01	9.7630e-01	1.5098e-01
6.3064e-01	4.5003e-01	6.3204e-01
6.3698e-01	6.3942e-01	4.3025e-01
4.9850e-01	5.2383e-01	6.9048e-01
4.9675e-01	6.7704e-01	5.4268e-01
5.7524e-01	6.7152e-01	4.6672e-01
9.5423e-02	9.8337e-01	1.5415e-01
3.4555e-01	1.2620e-01	9.2975e-01
3.5921e-01	9.2869e-01	9.1256e-02
6.3121e-01	4.8726e-01	6.0320e-01
4.4593e-01	6.1395e-01	6.5104e-01
9.9252e-01	1.0138e-01	6.9961e-02
5.4856e-01	5.3791e-01	6.3983e-01
5.1051e-01	5.5756e-01	6.5434e-01
6.2478e-01	5.4794e-01	5.5597e-01
9.4253e-01	9.6219e-02	3.2009e-01
1.4548e-01	9.7299e-03	9.8926e-01
6.0667e-01	5.7225e-01	5.5152e-01
9.2848e-01	2.8587e-01	2.3721e-01
5.9640e-01	5.1911e-01	6.1196e-01
1.3963e-01	3.6191e-02	9.8949e-01
3.4528e-01	9.3456e-01	8.4952e-02
5.8945e-01	4.7259e-01	6.5491e-01
9.4166e-02	9.6670e-01	2.3759e-01
6.0600e-02	1.3890e-01	9.8841e-01
5.1415e-01	6.3054e-01	5.8114e-01
4.7586e-01	5.7695e-01	6.6358e-01
9.2197e-01	3.8591e-01	3.4336e-02
6.2478e-01	6.1037e-01	4.8661e-01
9.6107e-01	1.4684e-01	2.3434e-01
4.9410e-01	6.8952e-01	5.2922e-01
5.8407e-01	6.2076e-01	5.2269e-01
2.8989e-01	9.5676e-01	2.1513e-02
5.7019e-02	9.7150e-01	2.2978e-01
8.5643e-02	3.5240e-01	9.3182e-01
4.8014e-01	6.5138e-01	5.8720e-01
4.9747e-01	6.6607e-01	5.5543e-01
5.1470e-01	6.0416e-01	6.0804e-01
5.1381e-01	6.6800e-01	5.3798e-01
2.1747e-02	9.9914e-01	3.5632e-02
6.4492e-01	6.0038e-01	4.7257e-01
5.2394e-02	9.3177e-01	3.5899e-01
1.2330e-01	2.1138e-01	9.6951e-01
4.6152e-01	5.9222e-01	6.6024e-01
9.9390e-02	3.4104e-01	9.3469e-01
6.3376e-01	6.0027e-01	4.8757e-01
5.0674e-01	5.9975e-01	6.1899e-01
5.8010e-01	5.2522e-01	6.2235e-01
9.2370e-01	5.9355e-02	3.7856e-01
5.2882e-01	6.6229e-01	5.3044e-01
6.0452e-01	6.3684e-01	4.7820e-01
2.1160e-01	1.6735e-01	9.6283e-01
1.5496e-01	9.2606e-01	3.4375e-01
5.1955e-01	4.5567e-01	7.2256e-01
5.9956e-01	4.8292e-01	6.3796e-01
2.2752e-01	4.8067e-02	9.7251e-01
9.6980e-01	2.3973e-01	4.7271e-02
4.9475e-01	5.0808e-01	7.0479e-01
4.2875e-01	6.7497e-01	6.0019e-01
4.3111e-01	6.8017e-01	5.9258e-01
4.7262e-01	5.7247e-01	6.6974e-01
5.7847e-01	5.3776e-01	6.1307e-01
4.7043e-01	6.3396e-01	6.1354e-01
2.2900e-01	9.4313e-01	2.4050e-01
9.3572e-01	3.4279e-01	8.4051e-02
3.6362e-01	9.3149e-01	1.8058e-03
9.4715e-01	2.6328e-01	1.8355e-01
6.2546e-01	4.1270e-01	6.6196e-01
6.1648e-01	4.5729e-01	6.4072e-01
4.2890e-01	6.9909e-01	5.7180e-01
7.0547e-01	4.9047e-01	5.1137e-01
9.4050e-01	3.2701e-01	9.3149e-02
1.6514e-02	9.2786e-01	3.7235e-01
3.1635e-01	9.4857e-01	5.1836e-03
9.5955e-01	2.7651e-01	5.4855e-02
9.5616e-01	1.8823e-01	2.2458e-01
6.7392e-01	4.4020e-01	5.9311e-01
5.1089e-01	6.4345e-01	5.6975e-01
4.8986e-01	6.1315e-01	6.1945e-01
9.2409e-01	2.1223e-01	3.1788e-01
9.8578e-01	1.2475e-01	1.1359e-01
5.6077e-01	6.8911e-01	4.5864e-01
3.4491e-01	9.3646e-01	6.2675e-02
9.6964e-01	1.6458e-01	1.8130e-01
9.4265e-01	2.5913e-01	2.1061e-01
4.8554e-01	5.9835e-01	6.3708e-01
6.2012e-01	5.6399e-01	5.4503e-01
9.6313e-01	2.2560e-01	1.4714e-01
4.6646e-01	5.2368e-01	7.1262e-01
6.3627e-02	3.3425e-01	9.4025e-01
2.8260e-01	2.0216e-02	9.5893e-01
2.9850e-01	2.2975e-01	9.2621e-01
4.9684e-01	6.5555e-01	5.6837e-01
5.2467e-01	6.6227e-01	5.3458e-01
5.5686e-01	6.1449e-01	5.5855e-01
9.3037e-01	2.1161e-01	2.9947e-01
7.2097e-01	5.0652e-01	4.7267e-01
1.5327e-01	2.1622e-01	9.6415e-01
6.4158e-01	4.8623e-01	5.9301e-01
6.6030e-01	5.7393e-01	4.8408e-01
1.2517e-02	9.8844e-01	1.5094e-01
5.0151e-01	4.7535e-01	7.2263e-01
9.5917e-01	2.5730e-01	1.1815e-01
5.2967e-01	6.6461e-01	5.2668e-01
9.7987e-01	1.5789e-02	1.9954e-01
9.7621e-01	1.8474e-01	1.1446e-01
9.7731e-01	5.0653e-03	2.1222e-01
6.6024e-01	4.8732e-01	5.7124e-01
9.3378e-01	1.4115e-01	3.2890e-01
3.1114e-01	7.5180e-03	9.5024e-01
6.5465e-01	5.8613e-01	4.7709e-01
5.6407e-01	4.7847e-01	6.7273e-01
5.8384e-01	5.9508e-01	5.5199e-01
9.3659e-01	2.5578e-01	2.3966e-01
7.2420e-01	4.9447e-01	4.8042e-01
4.2362e-01	6.3118e-01	6.4946e-01
6.4498e-01	4.9000e-01	5.8617e-01
6.2641e-01	4.6332e-01	6.2662e-01
1.1260e-01	9.9307e-01	3.3167e-02
4.5590e-01	5.8731e-01	6.6847e-01
1.4896e-01	9.8179e-01	1.1736e-01
4.5436e-01	5.6936e-01	6.8486e-01
1.0659e-01	9.8181e-01	1.5677e-01
5.4659e-01	4.7461e-01	6.8968e-01
2.6786e-01	1.5354e-01	9.5103e-01
5.3046e-01	6.5626e-01	5.3628e-01
1.9678e-02	1.7607e-01	9.8414e-01
9.7125e-01	4.0774e-02	2.3488e-01
6.0140e-01	4.6114e-01	6.5220e-01
9.9299e-01	1.0893e-01	4.8877e-02
2.4336e-01	9.6882e-01	4.5185e-02
2.9362e-01	2.3899e-01	9.2543e-01
9.8391e-01	1.4859e-01	1.0036e-01
1.8015e-01	3.3838e-01	9.2348e-01
4.9764e-01	5.6796e-01	6.5530e-01
6.9182e-01	5.1829e-01	5.0249e-01
5.1114e-01	6.1442e-01	6.0072e-01
6.1471e-01	5.9494e-01	5.1755e-01
6.3061e-01	4.3018e-01	6.4574e-01
5.8858e-01	5.2670e-01	6.1306e-01
8.9901e-02	1.8312e-01	9.7891e-01
3.4907e-02	9.8152e-01	1.8794e-01
6.9228e-01	5.7704e-01	4.3305e-01
4.7583e-01	6.5333e-01	5.8855e-01
5.3223e-01	6.3861e-01	5.5549e-01
1.6361e-01	9.5935e-01	2.2951e-01
5.8551e-01	5.0807e-01	6.3144e-01
6.5356e-03	9.9946e-01	3.2788e-02
1.9462e-01	1.4650e-01	9.6979e-01
9.5263e-01	1.3812e-01	2.7114e-01
1.6627e-01	9.8443e-01	5.6230e-02
1.5787e-01	9.7117e-01	1.7811e-01
5.5671e-01	6.9872e-01	4.4894e-01
6.7856e-01	6.0113e-01	4.2183e-01
2.3154e-01	3.2366e-02	9.7221e-01
9.5509e-01	9.4197e-02	2.8113e-01
1.3785e-01	2.0070e-01	9.6982e-01
5.3058e-01	7.0128e-01	4.7576e-01
3.3460e-01	9.4065e-01	5.5556e-02
1.0887e-01	9.7290e-01	2.0363e-01
6.6084e-01	5.8115e-01	4.7464e-01
2.4609e-01	9.6893e-01	2.2511e-02
5.2274e-01	5.4329e-01	6.5669e-01
9.6083e-01	9.2375e-02	2.6156e-01
5.1217e-01	5.3330e-01	6.7300e-01
5.4119e-01	4.9823e-01	6.7717e-01
6.9259e-01	4.7803e-01	5.3995e-01
9.4113e-01	3.2347e-01	9.8972e-02
3.5412e-01	9.2350e-01	1.4672e-01
9.8229e-01	8.7683e-02	1.6617e-01
5.0141e-01	6.8908e-01	5.2288e-01
6.2094e-01	6.1929e-01	4.8022e-01
4.8110e-02	2.5619e-01	9.6537e-01
9.6117e-01	7.4450e-02	2.6598e-01
5.4688e-01	6.9454e-01	4.6713e-01
3.4551e-01	9.2067e-01	1.8098e-01
2.5077e-01	1.5054e-02	9.6785e-01
3.7243e-01	9.2700e-01	4.2844e-02
6.5876e-01	5.8676e-01	4.7061e-01
2.5174e-01	9.6775e-01	9.4033e-04
4.8365e-01	6.5612e-01	5.7899e-01
9.3031e-01	1.2129e-01	3.4622e-01
7.2113e-02	9.4330e-01	3.2373e-01
5.0401e-01	6.0551e-01	6.1561e-01
9.7723e-01	1.5438e-02	2.1210e-01
4.1807e-01	6.1623e-01	6.6717e-01
5.8533e-01	4.5362e-01	6.7179e-01
5.8189e-02	2.6990e-01	9.6106e-01
4.9478e-02	9.6993e-01	2.3801e-01
5.1365e-01	7.0006e-01	4.9572e-01
9.2589e-01	2.1162e-01	3.1301e-01
9.7279e-01	2.1581e-01	8.5436e-02
6.9469e-01	4.8495e-01	5.3101e-01
7.6493e-02	3.4950e-01	9.3371e-01
8.6095e-02	9.9361e-01	7.2646e-02
5.8817e-01	4.5380e-01	6.6918e-01
9.3094e-01	3.0915e-01	1.9456e-01
5.3766e-01	6.9387e-01	4.7868e-01
6.7137e-01	6.1094e-01	4.1922e-01
4.9382e-01	5.6891e-01	6.5736e-01
1.2190e-01	9.9253e-01	1.5437e-03
5.3398e-01	5.1086e-01	6.7347e-01
1.4997e-01	9.7836e-01	1.4212e-01
4.7768e-01	6.0753e-01	6.3433e-01
9.5329e-01	2.7071e-01	1.3450e-01
4.9141e-01	5.7835e-01	6.5091e-01
6.0600e-01	5.1301e-01	6.0768e-01
7.1329e-01	5.2405e-01	4.6513e-01
6.0243e-01	5.3699e-01	5.9026e-01
5.9835e-01	5.4001e-01	5.9164e-01
6.1837e-01	5.1227e-01	5.9574e-01
9.3657e-01	3.1946e-01	1.4453e-01
6.5027e-01	6.1473e-01	4.4606e-01
6.0197e-01	5.5542e-01	5.7344e-01
6.4812e-01	5.8807e-01	4.8355e-01
1.0281e-01	9.8610e-01	1.3013e-01
1.5490e-01	9.8466e-01	7.9771e-02
9.6269e-01	4.3423e-02	2.6735e-01
4.8609e-01	5.6999e-01	6.6218e-01
5.0823e-01	5.5004e-01	6.6243e-01
2.0860e-02	9.6465e-01	2.6246e-01
5.5776e-02	9.8235e-01	1.7828e-01
9.5309e-01	2.9396e-01	7.3371e-02
2.2031e-01	9.5561e-01	1.9513e-01
6.3727e-01	5.4927e-01	5.4027e-01
5.6896e-01	5.0679e-01	6.4741e-01
6.6798e-01	5.9729e-01	4.4360e-01
1.0351e-01	2.2851e-01	9.6795e-01
3.2034e-01	9.0998e-05	9.4721e-01
1.9883e-01	9.2073e-01	3.3535e-01
9.5322e-02	3.1153e-01	9.4535e-01
5.2162e-01	5.8580e-01	6.2000e-01
6.6996e-01	4.8145e-01	5.6488e-01
4.7327e-01	5.3045e-01	7.0306e-01
1.1312e-01	9.7572e-01	1.8719e-01
2.2807e-01	2.5797e-01	9.3873e-01
9.5671e-01	2.7013e-01	1.0903e-01
6.8325e-01	5.5945e-01	4.6895e-01
5.1309e-01	5.6079e-01	6.4954e-01
9.8885e-01	7.6771e-02	1.2845e-01
6.4449e-02	9.4428e-01	3.2249e-01
6.5481e-01	5.3983e-01	5.2870e-01
2.5921e-02	9.4160e-01	3.3552e-01
2.3311e-01	2.8221e-01	9.3047e-01
5.1957e-01	5.1312e-01	6.8295e-01
1.6798e-01	2.2921e-01	9.5867e-01
6.0747e-01	6.2067e-01	4.9541e-01
3.6662e-02	9.9469e-01	9.5935e-02
4.9001e-01	5.9144e-01	6.4010e-01
4.9398e-01	6.5268e-01	5.7414e-01
2.2206e-01	9.6217e-01	1.5726e-01
9.6032e-01	1.9227e-01	2.0236e-01
4.6678e-01	5.9586e-01	6.5323e-01
6.9712e-01	5.3821e-01	4.7340e-01
5.9137e-01	5.7202e-01	5.6811e-01
1.4312e-02	9.7483e-01	2.2231e-01
4.9899e-01	5.2767e-01	6.8719e-01
0.0000e+00	9.7467e-01	2.2345e-01
5.9027e-01	5.9123e-01	5.4927e-01
9.9565e-02	2.0556e-01	9.7349e-01
5.6559e-01	5.8250e-01	5.8349e-01
3.6502e-01	1.1573e-01	9.2365e-01
4.2595e-01	5.9974e-01	6.7714e-01
6.0029e-01	6.5807e-01	4.5419e-01
6.9759e-01	4.6105e-01	5.4822e-01
7.2036e-01	4.4817e-01	5.2915e-01
7.0733e-01	4.8965e-01	5.0959e-01
9.9564e-02	2.9756e-01	9.4941e-01
6.1426e-01	5.0864e-01	6.0304e-01
4.7218e-01	6.2109e-01	6.2525e-01
3.0512e-01	9.4635e-01	1.0556e-01
1.7170e-01	9.8465e-01	3.0289e-02
5.5997e-01	6.0532e-01	5.6540e-01
6.0500e-01	6.4733e-01	4.6329e-01
4.3201e-01	6.9255e-01	5.7740e-01
4.9614e-01	5.6740e-01	6.5692e-01
6.2746e-01	4.8717e-01	6.0716e-01
2.5004e-01	9.2145e-01	2.9688e-01
6.4460e-01	5.9905e-01	4.7470e-01
3.2836e-02	9.2294e-01	3.8330e-01
9.9908e-01	2.1803e-02	4.0942e-02
9.5603e-01	9.8850e-02	2.7629e-01
2.8473e-01	1.8933e-01	9.3961e-01
2.5773e-01	9.6616e-01	3.9099e-03
5.7808e-01	6.3006e-01	5.1820e-01
2.5301e-01	2.8455e-01	9.2454e-01
4.3755e-02	9.5785e-01	2.8364e-01
4.6404e-01	5.9621e-01	6.5486e-01
9.8070e-01	1.8605e-01	6.1988e-02
5.8343e-01	5.4102e-01	6.0547e-01
6.2861e-01	6.1074e-01	4.8118e-01
6.4180e-02	1.0506e-01	9.9235e-01
5.9883e-01	6.4214e-01	4.7827e-01
1.1490e-01	9.3995e-01	3.2107e-01
2.1905e-01	9.7373e-02	9.7076e-01
3.2712e-02	9.7726e-01	2.0930e-01
6.5774e-01	4.6010e-01	5.9617e-01
2.5584e-01	4.8688e-02	9.6541e-01
5.2476e-01	5.7832e-01	6.2436e-01
1.0334e-01	9.4295e-01	3.1618e-01
6.7126e-01	4.7948e-01	5.6501e-01
4.6438e-01	6.2714e-01	6.2506e-01
1.2618e-01	9.6765e-01	2.1809e-01
9.3218e-01	3.0693e-01	1.9214e-01
5.1309e-01	6.2733e-01	5.8553e-01
2.1411e-01	9.2770e-01	3.0541e-01
9.6900e-01	2.0129e-01	1.4382e-01
7.0810e-02	3.7234e-01	9.2530e-01
3.3803e-01	9.3115e-01	1.3603e-01
1.0799e-02	3.3178e-01	9.4324e-01
3.5064e-01	9.3586e-01	3.3109e-02
9.6673e-01	2.0650e-03	2.5611e-01
5.7048e-01	5.8314e-01	5.7808e-01
1.0501e-01	9.5455e-01	2.7860e-01
7.0871e-01	5.2127e-01	4.7516e-01
9.9228e-01	3.9788e-02	1.1856e-01
7.1479e-01	4.9314e-01	4.9563e-01
9.3322e-01	3.5894e-01	2.0981e-02
5.7705e-01	6.0153e-01	5.5214e-01
9.9454e-01	1.0580e-01	3.4873e-03
6.5001e-01	5.6517e-01	5.0771e-01
9.2037e-01	3.8820e-01	4.8547e-02
7.1603e-01	5.2131e-01	4.6402e-01
2.4606e-02	9.8902e-01	1.4551e-01
9.2223e-01	3.4910e-01	1.6637e-01
5.9624e-01	6.2015e-01	5.0950e-01
5.8323e-01	6.7475e-01	4.5193e-01
4.6988e-01	5.4624e-01	6.9317e-01
5.7179e-01	5.9922e-01	5.6005e-01
8.6396e-02	1.9381e-01	9.7716e-01
6.3065e-01	4.5617e-01	6.2761e-01
9.7529e-01	8.0939e-02	2.0599e-01
1.3349e-01	9.4421e-01	3.0072e-01
5.2253e-01	6.0840e-01	5.9704e-01
4.7623e-01	6.1826e-01	6.2498e-01
2.1970e-01	9.7289e-01	7.1265e-02
6.0982e-01	6.7064e-01	4.2196e-01
6.5757e-01	4.0611e-01	6.3435e-01
3.1706e-01	1.5305e-01	9.3586e-01
5.4575e-01	6.6099e-01	5.1469e-01
1.5230e-01	2.4112e-01	9.5837e-01
2.2249e-01	9.6197e-01	1.5789e-01
4.9204e-01	6.9382e-01	5.2550e-01
4.6707e-01	6.4388e-01	6.0573e-01
6.1095e-01	4.9765e-01	6.1544e-01
9.5736e-01	1.9928e-01	2.0943e-01
9.3164e-01	2.5399e-01	2.6000e-01
7.2570e-01	4.8009e-01	4.9259e-01
5.3134e-01	6.7623e-01	5.0995e-01
5.5431e-01	6.1783e-01	5.5740e-01
2.1072e-02	1.2134e-01	9.9236e-01
4.9835e-01	6.4770e-01	5.7601e-01
1.4744e-01	1.2361e-01	9.8124e-01
3.0841e-02	2.3882e-01	9.7052e-01
8.2879e-02	9.7673e-01	1.9750e-01
6.1271e-01	6.2902e-01	4.7814e-01
3.0885e-01	3.4306e-02	9.5039e-01
2.5659e-01	9.6561e-01	4.0457e-02
6.2381e-01	5.2839e-01	5.7565e-01
6.9695e-01	4.6157e-01	5.4859e-01
2.9123e-01	2.0330e-01	9.3468e-01
5.8866e-01	4.5475e-01	6.6810e-01
5.0533e-01	5.0974e-01	6.9603e-01
6.1707e-01	6.1713e-01	4.8791e-01
6.1164e-02	3.1308e-02	9.9761e-01
5.5988e-02	9.8725e-01	1.4870e-01
6.6967e-01	5.2437e-01	5.2566e-01
9.5099e-01	4.4221e-02	3.0621e-01
2.5056e-01	9.3838e-01	2.3754e-01
8.6884e-02	9.8554e-01	1.4515e-01
9.8238e-01	1.7444e-01	6.8809e-02
6.2070e-01	5.3851e-01	5.6960e-01
4.2911e-02	9.5961e-01	2.7776e-01
6.6836e-01	4.3078e-01	6.0618e-01
1.1716e-01	9.8675e-01	1.1179e-01
6.0256e-01	6.3841e-01	4.7860e-01
4.2145e-01	6.5575e-01	6.2611e-01
9.2536e-01	3.4397e-01	1.5966e-01
9.8574e-01	4.5624e-02	1.6263e-01
3.6239e-01	1.1603e-01	9.2465e-01
4.3518e-01	6.5593e-01	6.1645e-01
6.8350e-02	9.4693e-01	3.1381e-01
6.6774e-01	5.9392e-01	4.4845e-01
1.3767e-01	9.8585e-01	9.5137e-02
5.8715e-01	5.7744e-01	5.6701e-01
6.4447e-01	5.6033e-01	5.2000e-01
6.9987e-01	5.4876e-01	4.5692e-01
1.4173e-02	9.4455e-01	3.2784e-01
1.6949e-01	1.0959e-01	9.7934e-01
4.8352e-01	5.5708e-01	6.7493e-01
4.1760e-02	2.9942e-01	9.5313e-01
5.3151e-01	6.9350e-01	4.8601e-01
9.9415e-01	9.4044e-02	5.5781e-02
2.2426e-01	2.7483e-01	9.3486e-01
6.7537e-01	4.5561e-01	5.7968e-01
6.5160e-02	9.8427e-01	1.6391e-01
2.0499e-01	3.0472e-01	9.2999e-01
4.5035e-01	5.8645e-01	6.7298e-01
4.6345e-01	6.3123e-01	6.2162e-01
3.6360e-01	9.2240e-01	1.2948e-01
6.0210e-01	5.4245e-01	5.8558e-01
9.2065e-01	2.5933e-01	2.9183e-01
5.5794e-01	4.7256e-01	6.8196e-01
6.5870e-01	4.3664e-01	6.1252e-01
4.3297e-02	9.4082e-01	3.3588e-01
6.1460e-01	5.4082e-01	5.7400e-01
6.1904e-01	4.9968e-01	6.0565e-01
5.8182e-01	5.3556e-01	6.1183e-01
9.8764e-01	4.4048e-02	1.5119e-01
6.8674e-01	4.7590e-01	5.4923e-01
6.0637e-01	6.5694e-01	4.4770e-01
5.8852e-01	6.1385e-01	5.2585e-01
1.3385e-01	1.9428e-01	9.7169e-01
4.7557e-02	2.7091e-01	9.6137e-01
5.7185e-01	4.9852e-01	6.5126e-01
4.3121e-01	7.1017e-01	5.5620e-01
5.8487e-01	4.5983e-01	6.6796e-01
5.9716e-01	5.6349e-01	5.7057e-01
4.1068e-01	6.4735e-01	6.4180e-01
9.6195e-01	1.6269e-01	2.1981e-01
4.6450e-01	7.2629e-01	5.0636e-01
4.6135e-01	6.8188e-01	5.6731e-01
6.8177e-01	5.6538e-01	4.6397e-01
9.2014e-01	3.5604e-01	1.6319e-01
1.8643e-01	9.3250e-01	3.0897e-01
5.7121e-01	5.3464e-01	6.2255e-01
6.3767e-01	6.1701e-01	4.6085e-01
6.3444e-01	6.4393e-01	4.2728e-01
1.5568e-01	2.7520e-01	9.4859e-01
5.7940e-01	5.8860e-01	5.6349e-01
6.6126e-01	4.3675e-01	6.0968e-01
6.3763e-01	5.6759e-01	5.2055e-01
9.6823e-01	1.0941e-01	2.2519e-01
2.0947e-01	9.7417e-01	8.3599e-02
6.2136e-01	4.8694e-01	6.1360e-01
5.6343e-01	5.8055e-01	5.8751e-01
2.3247e-01	9.7245e-01	1.4297e-02
2.2489e-02	2.6052e-01	9.6516e-01
6.5201e-01	4.7549e-01	5.9035e-01
5.9725e-01	4.7528e-01	6.4582e-01
1.4328e-01	2.4096e-01	9.5980e-01
9.7000e-01	1.6233e-01	1.8137e-01
9.3500e-01	3.5152e-01	4.8710e-02
3.6354e-01	4.5165e-02	9.3037e-01
5.6049e-01	4.9442e-01	6.6413e-01
6.8914e-01	5.5495e-01	4.6568e-01
5.9775e-01	5.8497e-01	5.4789e-01
5.9794e-01	4.6748e-01	6.5085e-01
1.2435e-01	2.7547e-01	9.5314e-01
4.7478e-01	5.2887e-01	7.0324e-01
2.0965e-01	9.7773e-01	5.8299e-03
5.7535e-01	6.7683e-01	4.5887e-01
6.5211e-01	4.9230e-01	5.7630e-01
5.8972e-01	6.8791e-01	4.2275e-01
6.3852e-01	5.4617e-01	5.4193e-01
5.7697e-01	4.2668e-01	6.9623e-01
5.7056e-01	4.4450e-01	6.9033e-01
1.2168e-01	9.7490e-01	1.8610e-01
1.8144e-01	9.4849e-01	2.5927e-01
3.7131e-01	9.2818e-01	2.2115e-02
6.5847e-01	5.1050e-01	5.5274e-01
9.7418e-01	1.7171e-01	1.4717e-01
1.3687e-01	9.2843e-01	3.4506e-01
2.0421e-01	9.7778e-01	4.6470e-02
3.6001e-01	6.7886e-02	9.3036e-01
6.1780e-03	3.3937e-01	9.4057e-01
5.0708e-01	5.4474e-01	6.6767e-01
2.3217e-01	9.7068e-01	6.1145e-02
5.7405e-01	5.5113e-01	6.0531e-01
6.7650e-02	9.6475e-01	2.5402e-01
9.9428e-01	1.0175e-01	3.6675e-02
3.2390e-01	9.4057e-01	1.0118e-01
9.3315e-01	3.4829e-01	8.9758e-02
4.9601e-01	4.9011e-01	7.1654e-01
5.4858e-01	5.5552e-01	6.2459e-01
3.0531e-01	9.8148e-02	9.4707e-01
9.5633e-01	2.6528e-01	1.2329e-01
4.8722e-01	6.1262e-01	6.2206e-01
5.2621e-01	5.8806e-01	6.1396e-01
9.2110e-01	3.8943e-01	9.3543e-03
2.0608e-01	2.6270e-01	9.4250e-01
5.5924e-01	4.5732e-01	6.9122e-01
5.7707e-01	6.9981e-01	4.2066e-01
1.9406e-02	2.0095e-01	9.7936e-01
6.0267e-01	4.6409e-01	6.4893e-01
4.5085e-01	6.3576e-01	6.2625e-01
1.3308e-02	2.0898e-01	9.7779e-01
5.4480e-01	4.9946e-01	6.7335e-01
6.0466e-01	5.7334e-01	5.5259e-01
5.8261e-01	6.4005e-01	5.0058e-01
6.6946e-01	5.9596e-01	4.4317e-01
3.1133e-01	2.2509e-01	9.2313e-01
6.2894e-01	5.9792e-01	4.9662e-01
6.7247e-01	6.1504e-01	4.1139e-01
9.3342e-01	2.9210e-01	2.0849e-01
1.7250e-01	1.4672e-01	9.7394e-01
3.4444e-01	1.1950e-01	9.3105e-01
1.2001e-01	9.6756e-01	2.2192e-01
5.8340e-01	6.4777e-01	4.8962e-01
7.1863e-01	5.0162e-01	4.8135e-01
4.8223e-01	5.6386e-01	6.7019e-01
5.8102e-01	4.8156e-01	6.5589e-01
9.2308e-01	2.5653e-01	2.8660e-01
1.6864e-01	2.0058e-01	9.6496e-01
5.7637e-01	5.6873e-01	5.8653e-01
1.8483e-02	2.2447e-01	9.7426e-01
5.3446e-01	5.5243e-01	6.3940e-01
9.7712e-01	6.5582e-03	2.1306e-01
7.0242e-01	4.2947e-01	5.6738e-01
5.3329e-01	5.5081e-01	6.4177e-01
2.5354e-01	1.1761e-01	9.6004e-01
2.8769e-01	9.5321e-01	9.1938e-02
5.7582e-01	6.7102e-01	4.6674e-01
5.9010e-01	6.1966e-01	5.1719e-01
5.3312e-01	6.0348e-01	5.9267e-01
6.2597e-01	5.6860e-01	5.3342e-01
6.0205e-01	4.9725e-01	6.2447e-01
5.7753e-01	5.7411e-01	5.8012e-01
6.4997e-01	6.1273e-01	4.4923e-01
5.2991e-01	6.4993e-01	5.4446e-01
1.6815e-02	9.9894e-01	4.2995e-02
6.6343e-01	4.6749e-01	5.8398e-01
9.2936e-01	7.6604e-02	3.6121e-01
1.7726e-01	9.4661e-01	2.6885e-01
2.6122e-01	9.6459e-01	3.4879e-02
4.2376e-01	6.9314e-01	5.8277e-01
5.7379e-01	6.4412e-01	5.0551e-01
9.6860e-01	6.1083e-03	2.4889e-01
6.5773e-01	6.1408e-01	4.3592e-01
5.5597e-01	5.1833e-01	6.4954e-01
4.3493e-01	6.1068e-01	6.6147e-01
6.1393e-01	6.1260e-01	4.9749e-01
2.0159e-01	9.7201e-01	1.1999e-01
4.9252e-01	6.2284e-01	6.0757e-01
4.8779e-01	6.8258e-01	5.4388e-01
6.1620e-01	6.0276e-01	5.0663e-01
5.2372e-01	6.8474e-01	5.0647e-01
9.2588e-01	3.7614e-01	3.7747e-02
6.8973e-01	5.4277e-01	4.7898e-01
4.6020e-01	7.1651e-01	5.2390e-01
9.2715e-01	2.3660e-01	2.9062e-01
3.0030e-01	9.4708e-01	1.1266e-01
9.9025e-01	3.5490e-02	1.3556e-01
6.2357e-01	5.8820e-01	5.1466e-01
4.6094e-01	6.9662e-01	5.4945e-01
9.8233e-01	1.5952e-01	9.8989e-02
1.3393e-01	9.8217e-01	1.3149e-01
9.2752e-01	3.7070e-01	4.9498e-02
4.1604e-02	9.6537e-01	2.5729e-01
6.0129e-01	4.8744e-01	6.3289e-01
9.7940e-01	3.0264e-04	2.0245e-01
5.6450e-01	5.0888e-01	6.4965e-01
5.4974e-01	6.4679e-01	5.2831e-01
5.0639e-01	6.1494e-01	6.0421e-01
6.3564e-01	4.3188e-01	6.3965e-01
5.8296e-01	4.2489e-01	6.9232e-01
1.8114e-01	9.7422e-01	1.3388e-01
2.8647e-01	9.4848e-01	1.3463e-01
3.5603e-01	7.7357e-02	9.3115e-01
5.3168e-01	6.5111e-01	5.4131e-01
5.9820e-01	6.2242e-01	5.0442e-01
6.9417e-01	5.1594e-01	5.0167e-01
9.6288e-01	2.5479e-01	9.0174e-02
9.8364e-01	1.2756e-01	1.2807e-01
4.6449e-01	6.0301e-01	6.4829e-01
5.5707e-01	4.8287e-01	6.7542e-01
4.5782e-01	6.7891e-01	5.7370e-01
6.4637e-01	4.9995e-01	5.7617e-01
5.6200e-01	5.6702e-01	6.0193e-01
5.0807e-01	7.2300e-01	4.6777e-01
4.3624e-01	6.5100e-01	6.2092e-01
6.5463e-01	5.5875e-01	5.0889e-01
7.1276e-01	5.1920e-01	4.7134e-01
4.9826e-01	6.4885e-01	5.7479e-01
4.2196e-01	5.9370e-01	6.8492e-01
9.5422e-01	2.9843e-01	2.4540e-02
6.0151e-01	6.0749e-01	5.1849e-01
1.4865e-01	9.6303e-01	2.2425e-01
5.4886e-01	5.5370e-01	6.2596e-01
6.1754e-01	6.7113e-01	4.0981e-01
3.2881e-01	1.1802e-01	9.3688e-01
1.7144e-01	9.7293e-01	1.5442e-01
8.1766e-02	2.2589e-02	9.9636e-01
6.4546e-01	4.2171e-01	6.3660e-01
1.7963e-01	9.5381e-01	2.4034e-01
3.8048e-02	3.5578e-01	9.3371e-01
9.7332e-01	1.6016e-01	1.6481e-01
6.3300e-01	6.5391e-01	4.1404e-01
5.8495e-01	5.9380e-01	5.5219e-01
9.7575e-01	1.3925e-01	1.6943e-01
9.7824e-01	5.7982e-02	1.9968e-01
5.0365e-01	6.7595e-01	5.3766e-01
5.9261e-01	5.2986e-01	6.0642e-01
9.4188e-01	9.1733e-02	3.2333e-01
5.2365e-01	4.7292e-01	7.0838e-01
1.5397e-02	9.8860e-01	1.4962e-01
6.1529e-01	4.5197e-01	6.4562e-01
6.0006e-01	4.1802e-01	6.8182e-01
5.2015e-01	5.7587e-01	6.3046e-01
5.6705e-01	4.9711e-01	6.5652e-01
6.2001e-01	6.3037e-01	4.6683e-01
7.6808e-02	3.6724e-01	9.2685e-01
6.9916e-03	1.1316e-01	9.9353e-01
1.8725e-01	6.1245e-02	9.8032e-01
5.1030e-01	5.8721e-01	6.2804e-01
2.6279e-01	9.4049e-01	2.1494e-01
3.6156e-01	9.3229e-01	0.0000e+00
9.2968e-01	3.1483e-01	1.9146e-01
5.6657e-01	5.8903e-01	5.7595e-01
5.4772e-01	5.5642e-01	6.2455e-01
6.5751e-01	4.1323e-01	6.2980e-01
2.2373e-01	9.7452e-01	1.2526e-02
2.9667e-01	9.2276e-01	2.4543e-01
3.6008e-01	9.3250e-01	2.5599e-02
5.1911e-01	6.2380e-01	5.8401e-01
4.6103e-01	6.2034e-01	6.3424e-01
5.1894e-01	6.3676e-01	5.7000e-01
5.5233e-01	4.6820e-01	6.8949e-01
1.8467e-01	9.2750e-01	3.2466e-01
3.5427e-01	9.3502e-01	1.0911e-02
1.3252e-01	9.3116e-01	3.3936e-01
9.2403e-01	3.6342e-01	1.1912e-01
5.8748e-01	5.0877e-01	6.2904e-01
4.4887e-01	5.6794e-01	6.8964e-01
5.5178e-01	6.4376e-01	5.2989e-01
9.6945e-01	5.1152e-02	2.4021e-01
1.3163e-01	9.9110e-01	1.8975e-02
6.4767e-01	4.0325e-01	6.4624e-01
4.4391e-02	1.0880e-01	9.9304e-01
4.2817e-01	6.5738e-01	6.1980e-01
9.6859e-01	2.2909e-01	9.7634e-02
2.4387e-01	9.5945e-01	1.4073e-01
5.5553e-01	6.1819e-01	5.5578e-01
2.8553e-01	2.3958e-01	9.2781e-01
5.5752e-01	6.6818e-01	4.9231e-01
2.7369e-01	1.2844e-01	9.5309e-01
7.7569e-02	9.2688e-01	3.6699e-01
9.9646e-01	6.4528e-02	5.6510e-02
4.7399e-01	5.5910e-01	6.7999e-01
6.6146e-01	5.7388e-01	4.8255e-01
2.3208e-01	1.3335e-01	9.6342e-01
1.1074e-01	9.2748e-01	3.5679e-01
6.3684e-01	4.8791e-01	5.9673e-01
2.2099e-01	2.4685e-01	9.4340e-01
9.4240e-01	1.8920e-02	3.3412e-01
5.7628e-01	4.8731e-01	6.5583e-01
6.2150e-01	4.7800e-01	6.2044e-01
9.5068e-01	2.7128e-01	1.5079e-01
6.4523e-01	6.2898e-01	4.3335e-01
5.4902e-01	4.8228e-01	6.8239e-01
1.0080e-01	9.2652e-01	3.6221e-01
5.2981e-01	5.7280e-01	6.2519e-01
6.6502e-01	5.3318e-01	5.2268e-01
3.7986e-01	5.0657e-02	9.2354e-01
6.2787e-01	6.3759e-01	4.4605e-01
5.7439e-01	5.2291e-01	6.2954e-01
5.4119e-01	5.8563e-01	6.0317e-01
6.5611e-01	5.3952e-01	5.2741e-01
6.5997e-01	5.1339e-01	5.4826e-01
9.7609e-01	3.6004e-02	2.1483e-01
9.4190e-01	1.8055e-02	3.3557e-01
2.8580e-01	9.4486e-01	1.5925e-01
7.4123e-02	3.0772e-01	9.4850e-01
5.3051e-01	5.0391e-01	6.8139e-01
2.1405e-01	9.5087e-01	2.2319e-01
4.9682e-01	5.2146e-01	6.9347e-01
4.6569e-01	6.5116e-01	5.9897e-01
3.3741e-01	8.5399e-03	9.4122e-01
5.9679e-01	6.2668e-01	5.0081e-01
4.7426e-02	1.1423e-01	9.9229e-01
9.4019e-01	3.1059e-01	1.4031e-01
2.5354e-01	2.3764e-01	9.3756e-01
5.5485e-01	6.8574e-01	4.7073e-01
6.7982e-01	5.2157e-01	5.1530e-01
9.0634e-02	9.9113e-01	9.6820e-02
6.1917e-01	5.9199e-01	5.1562e-01
9.9102e-01	1.2787e-01	4.2400e-02
5.9092e-01	5.7016e-01	5.7045e-01
4.4701e-01	7.0600e-01	5.4898e-01
9.4351e-01	3.0207e-01	1.3662e-01
6.5730e-01	4.2861e-01	6.1966e-01
4.8247e-01	6.4055e-01	5.9713e-01
7.0378e-01	5.3490e-01	4.6727e-01
1.4049e-01	9.2444e-01	3.5417e-01
5.7785e-01	6.0621e-01	5.4614e-01
6.4234e-01	4.5225e-01	6.1852e-01
2.4353e-03	2.3844e-01	9.7111e-01
6.9099e-01	4.7528e-01	5.4442e-01
9.7891e-01	1.4888e-01	1.4058e-01
5.8701e-01	5.5338e-01	5.9065e-01
9.9711e-01	1.0126e-02	7.7220e-02
4.7592e-01	6.4175e-01	6.0108e-01
1.6781e-01	9.7204e-01	1.6372e-01
4.7709e-01	5.1822e-01	7.0957e-01
7.0461e-03	1.0000e+00	6.9814e-04
1.9418e-02	9.9417e-01	1.0593e-01
3.4068e-01	1.0474e-01	9.3420e-01
5.8328e-02	9.9239e-01	1.0817e-01
5.8389e-01	4.5945e-01	6.6907e-01
5.6731e-01	5.8614e-01	5.7816e-01
3.0821e-01	2.3578e-01	9.2150e-01
5.9248e-01	5.1580e-01	6.1854e-01
9.2538e-01	3.7811e-01	2.9493e-02
1.0198e-01	2.5337e-01	9.6190e-01
5.3724e-01	6.8808e-01	4.8743e-01
1.2867e-01	9.2078e-01	3.6791e-01
3.2153e-01	5.7355e-02	9.4506e-01
6.0688e-01	4.8645e-01	6.2831e-01
5.5558e-01	4.6985e-01	6.8574e-01
1.0560e-01	7.2289e-02	9.9173e-01
6.2129e-01	6.2124e-01	4.7724e-01
6.0703e-01	6.7613e-01	4.1724e-01
4.9661e-01	6.7142e-01	5.4975e-01
9.9695e-01	1.4144e-02	7.8671e-02
6.2527e-01	4.2490e-01	6.5438e-01
5.1921e-01	5.1504e-01	6.8178e-01
5.2699e-01	7.1132e-01	4.6473e-01
6.1017e-01	5.0464e-01	6.1050e-01
5.2360e-02	3.3363e-01	9.4117e-01
9.7864e-01	4.3270e-02	2.0148e-01
5.5593e-01	5.8789e-01	5.8736e-01
1.2045e-01	3.1023e-01	9.4290e-01
6.1937e-01	5.5438e-01	5.5564e-01
3.3493e-01	1.0548e-01	9.3621e-01
6.6726e-01	5.9301e-01	4.5037e-01
3.6388e-01	9.3139e-01	7.8887e-04
1.2666e-01	9.9005e-01	6.0812e-02
5.7606e-01	6.1303e-01	5.4038e-01
5.4247e-01	6.9129e-01	4.7699e-01
9.6185e-01	1.4155e-01	2.3440e-01
9.5406e-01	2.7940e-01	1.0887e-01
9.9244e-01	2.8859e-03	1.2380e-01
7.1953e-02	9.9417e-01	7.9962e-02
6.5856e-01	5.7891e-01	4.8051e-01
2.2843e-01	2.9677e-01	9.2709e-01
1.0580e-01	7.5152e-02	9.9149e-01
4.3051e-01	6.6260e-01	6.1258e-01
6.4919e-01	4.4997e-01	6.1302e-01
6.3084e-01	4.5560e-01	6.2783e-01
2.8265e-01	9.5085e-01	1.2578e-01
5.5716e-01	5.6650e-01	6.0688e-01
9.4778e-01	3.1919e-01	6.5373e-03
6.6329e-01	4.1571e-01	6.2205e-01
5.1238e-01	7.0042e-01	4.9652e-01
5.4681e-01	6.8687e-01	4.7841e-01
1.5230e-01	9.7813e-01	1.4120e-01
2.8973e-01	5.6443e-02	9.5534e-01
5.4636e-01	5.9216e-01	5.9203e-01
5.2679e-01	6.5439e-01	5.4213e-01
9.9833e-01	1.1058e-03	6.0414e-02
6.1328e-01	4.9012e-01	6.1916e-01
2.2184e-01	9.2293e-01	3.1419e-01
6.4722e-01	5.9428e-01	4.7712e-01
5.8032e-01	6.1450e-01	5.3412e-01
1.0207e-01	9.9476e-01	5.0622e-03
3.9233e-02	9.8385e-01	1.7443e-01
2.1291e-01	1.7397e-01	9.6136e-01
6.4398e-01	5.0031e-01	5.7851e-01
2.1057e-01	9.7687e-01	3.6051e-02
2.2084e-01	9.5325e-01	2.0578e-01
9.5348e-01	1.2929e-01	2.7252e-01
6.3561e-01	6.4952e-01	4.1696e-01
6.8029e-01	4.6395e-01	5.6717e-01
6.8269e-01	5.9836e-01	4.1910e-01
9.7200e-01	4.0825e-02	2.3177e-01
6.3018e-01	4.3411e-01	6.4352e-01
6.5221e-01	4.9339e-01	5.7525e-01
6.6981e-02	3.7001e-01	9.2652e-01
9.6420e-01	1.9491e-01	1.8023e-01
9.2837e-01	2.7979e-01	2.4474e-01
6.1087e-01	4.5350e-01	6.4874e-01
5.7357e-01	4.9856e-01	6.4972e-01
5.8166e-01	5.8290e-01	5.6707e-01
6.6547e-01	5.6509e-01	4.8738e-01
6.7581e-01	6.1360e-01	4.0807e-01
3.1871e-01	9.4218e-01	1.0269e-01
1.9719e-01	2.4752e-01	9.4849e-01
1.1140e-01	1.8938e-01	9.7549e-01
3.4003e-01	5.1457e-02	9.3890e-01
6.1868e-01	5.6922e-01	5.4121e-01
1.9896e-01	1.1788e-01	9.7281e-01
2.3166e-01	9.5819e-01	1.6736e-01
1.5871e-01	9.8719e-01	1.4962e-02
9.6154e-01	2.2895e-01	1.5223e-01
5.6606e-02	1.8470e-01	9.8111e-01
5.5011e-01	6.4092e-01	5.3503e-01
6.8279e-01	5.2963e-01	5.0301e-01
6.3852e-01	4.9198e-01	5.9157e-01
4.7586e-01	6.7716e-01	5.6094e-01
8.4337e-02	3.0587e-01	9.4824e-01
2.6053e-01	2.7927e-01	9.2406e-01
3.5548e-01	1.4825e-01	9.2272e-01
1.4522e-01	3.2642e-01	9.3389e-01
7.1144e-01	4.3342e-01	5.5295e-01
5.4089e-01	7.0715e-01	4.5503e-01
3.6348e-01	3.1861e-02	9.3095e-01
5.7326e-02	9.3849e-01	3.4025e-01
6.9438e-01	4.3810e-01	5.7066e-01
6.9243e-01	5.6685e-01	4.4606e-01
9.5240e-01	2.7913e-01	1.2309e-01
3.5413e-01	9.3274e-01	6.6621e-02
5.6314e-01	4.8302e-01	6.7025e-01
6.4684e-01	5.7982e-01	4.9510e-01
8.6628e-02	9.8469e-01	1.5094e-01
5.5559e-01	5.8557e-01	5.8999e-01
7.2463e-01	4.7855e-01	4.9566e-01
6.4383e-01	4.1969e-01	6.3958e-01
9.8035e-01	1.9175e-01	4.8903e-02
9.2139e-01	2.6538e-01	2.8397e-01
9.8632e-01	6.4895e-02	1.5225e-01
5.5452e-01	6.8063e-01	4.7846e-01
6.2498e-01	4.5779e-01	6.3208e-01
2.3577e-01	9.7053e-01	4.8579e-02
9.5844e-01	2.4668e-01	1.4387e-01
6.1260e-01	5.8249e-01	5.3397e-01
6.9983e-01	5.6294e-01	4.3942e-01
1.0797e-01	9.2975e-01	3.5171e-01
2.7561e-01	2.2543e-01	9.3433e-01
5.7260e-01	5.6445e-01	5.9430e-01
6.9673e-01	4.6660e-01	5.4460e-01
5.3243e-01	6.3050e-01	5.6449e-01
4.8858e-01	7.0833e-01	5.0913e-01
7.6444e-02	9.9569e-03	9.9699e-01
9.3185e-01	1.7301e-01	3.1902e-01
1.4589e-01	2.3191e-01	9.6165e-01
6.4495e-01	4.4589e-01	6.2042e-01
5.8581e-01	4.1695e-01	6.9475e-01
5.6835e-01	6.7010e-01	4.7710e-01
6.0228e-01	4.7860e-01	6.3866e-01
6.9570e-01	4.7412e-01	5.3940e-01
2.1592e-01	2.5798e-01	9.4160e-01
3.0991e-01	9.4802e-01	7.1176e-02
2.4931e-01	3.2582e-02	9.6779e-01
5.6587e-01	5.8963e-01	5.7601e-01
9.7402e-01	2.2677e-01	1.0595e-02
4.7390e-01	5.2045e-01	7.1008e-01
6.9012e-01	4.3956e-01	5.7469e-01
2.3198e-01	1.2309e-01	9.6481e-01
1.8921e-01	2.6049e-01	9.4664e-01
5.7097e-01	5.6475e-01	5.9558e-01
5.9277e-01	6.3030e-01	5.0103e-01
9.3443e-01	3.3874e-01	1.1050e-01
3.8547e-01	9.2004e-01	6.9074e-02
1.2979e-01	2.7461e-01	9.5266e-01
3.7405e-02	9.9930e-01	4.8127e-03
5.4346e-01	5.3855e-01	6.4364e-01
9.4414e-01	2.9328e-01	1.5068e-01
4.6512e-01	6.9452e-01	5.4860e-01
1.3238e-01	3.2759e-01	9.3540e-01
9.3647e-01	2.8429e-01	2.0564e-01
3.5535e-01	9.3423e-01	2.8625e-02
2.0501e-01	2.9387e-01	9.3347e-01
2.7600e-01	6.3462e-02	9.5896e-01
6.2526e-01	6.1371e-01	4.8178e-01
6.8018e-01	5.3321e-01	5.0277e-01
5.9932e-02	3.0657e-01	9.4988e-01
2.7098e-01	6.7273e-02	9.6013e-01
1.0963e-02	9.9559e-01	9.3138e-02
1.9365e-01	4.3139e-02	9.8005e-01
8.1300e-02	3.3388e-01	9.3902e-01
4.8716e-01	7.2316e-01	4.8926e-01
3.3850e-01	4.7117e-02	9.3968e-01
2.3157e-02	1.9457e-01	9.8057e-01
2.3256e-01	2.0892e-01	9.4976e-01
4.1854e-01	6.2960e-01	6.5427e-01
2.8715e-01	9.2252e-01	2.5735e-01
2.0711e-02	9.9609e-01	8.5783e-02
5.5080e-01	5.1620e-01	6.5561e-01
5.4666e-01	4.9054e-01	6.7839e-01
6.5750e-01	5.6437e-01	4.9889e-01
4.9634e-01	7.1963e-01	4.8521e-01
3.7384e-01	3.2385e-02	9.2682e-01
3.2674e-01	9.3304e-01	1.4989e-01
9.9875e-01	2.5146e-02	4.6796e-02
6.3485e-01	6.0492e-01	4.8035e-01
9.2858e-01	2.2326e-01	2.9657e-01
6.6789e-01	5.9883e-01	4.4165e-01
5.3408e-01	6.4200e-01	5.4978e-01
5.4032e-01	4.6131e-01	7.0351e-01
6.6156e-01	6.0792e-01	4.3874e-01
8.7678e-02	9.9564e-01	3.1401e-02
5.6109e-01	6.6229e-01	4.9621e-01
1.1852e-01	7.1718e-02	9.9031e-01
9.4080e-01	2.7848e-01	1.9349e-01
9.7120e-01	7.2455e-02	2.2730e-01
5.9583e-02	9.2715e-01	3.6968e-01
7.1078e-01	4.9609e-01	4.9843e-01
6.3812e-01	6.4747e-01	4.1632e-01
6.1290e-01	4.5528e-01	6.4557e-01
6.1976e-01	6.3429e-01	4.6182e-01
4.7523e-01	5.5200e-01	6.8491e-01
9.7112e-01	2.1831e-01	9.7299e-02
6.1969e-02	9.3679e-01	3.4410e-01
6.2605e-01	6.1719e-01	4.7628e-01
4.7452e-01	5.5186e-01	6.8551e-01
6.3548e-01	4.8621e-01	5.9956e-01
2.4274e-01	2.2636e-01	9.4319e-01
6.1701e-01	6.5459e-01	4.3648e-01
1.0050e-01	2.6679e-01	9.5841e-01
5.3869e-01	6.3537e-01	5.5297e-01
2.7721e-01	9.6042e-01	2.5176e-02
2.0540e-02	1.6369e-01	9.8626e-01
6.0814e-01	6.3941e-01	4.7013e-01
6.0557e-01	5.9321e-01	5.3017e-01
1.5196e-01	3.1648e-03	9.8833e-01
6.1979e-01	4.3854e-01	6.5059e-01
9.1636e-02	3.7952e-01	9.2053e-01
6.5859e-01	5.0710e-01	5.5572e-01
3.8906e-01	9.2035e-01	3.7867e-02
3.2634e-01	1.7053e-01	9.2961e-01
1.6114e-01	9.8677e-01	1.6504e-02
5.8158e-01	4.1845e-01	6.9738e-01
4.9308e-01	5.5211e-01	6.7208e-01
5.2846e-01	5.0137e-01	6.8485e-01
1.1074e-01	3.6267e-01	9.2520e-01
9.3749e-01	2.5174e-01	2.4040e-01
9.7712e-01	7.5609e-02	1.9928e-01
4.2978e-01	6.8550e-01	5.8738e-01
4.7047e-01	6.2899e-01	6.1860e-01
6.0589e-01	6.6308e-01	4.3924e-01
3.8546e-03	9.9031e-01	1.3870e-01
4.8250e-01	6.4129e-01	5.9632e-01
4.5208e-01	6.8225e-01	5.7429e-01
1.6890e-01	2.0773e-01	9.6340e-01
1.0018e-01	9.4495e-01	3.1118e-01
5.6661e-01	4.3955e-01	6.9673e-01
6.5079e-01	4.7894e-01	5.8888e-01
6.1676e-01	4.5991e-01	6.3858e-01
5.4972e-01	4.7162e-01	6.8925e-01
5.5433e-01	5.4442e-01	6.2928e-01
6.3452e-01	5.5869e-01	5.3380e-01
9.9842e-01	1.3885e-02	5.7175e-02
4.3987e-01	6.6078e-01	6.0788e-01
6.0394e-01	5.2178e-01	6.0224e-01
9.8854e-01	1.3217e-02	1.5116e-01
2.7529e-01	2.0813e-01	9.3844e-01
6.1084e-01	6.6625e-01	4.2741e-01
6.6124e-01	5.9104e-01	4.6168e-01
1.3364e-01	9.4898e-01	2.8526e-01
5.3448e-01	6.7344e-01	5.1037e-01
2.3100e-01	9.4446e-01	2.3327e-01
5.2631e-01	7.0555e-01	4.7419e-01
5.4067e-01	5.0932e-01	6.6927e-01
2.6605e-01	9.6264e-01	4.9134e-02
9.6048e-01	1.5142e-01	2.3384e-01
5.2194e-01	5.8956e-01	6.1616e-01
5.8773e-01	5.2694e-01	6.1367e-01
1.1576e-02	3.7520e-01	9.2680e-01
5.9287e-01	4.6709e-01	6.5576e-01
6.0546e-01	5.5004e-01	5.7494e-01
7.1934e-02	9.6776e-01	2.4107e-01
9.8865e-01	9.7133e-02	1.1564e-01
6.1109e-01	4.4885e-01	6.5177e-01
6.4960e-01	5.6733e-01	5.0583e-01
5.6314e-02	1.4361e-01	9.8799e-01
6.4052e-01	4.4527e-01	6.2544e-01
9.9707e-01	7.2392e-02	3.0404e-02
6.7662e-01	4.7128e-01	5.6551e-01
5.5752e-01	7.0549e-01	4.3717e-01
9.2679e-01	3.7584e-01	5.0141e-04
5.9935e-01	5.4425e-01	5.8672e-01
9.5017e-01	2.0080e-01	2.3865e-01
1.7374e-01	9.6909e-01	1.7462e-01
4.8797e-01	5.4602e-01	6.8073e-01
1.2835e-01	9.8565e-01	1.0917e-01
5.8933e-01	6.7915e-01	4.3720e-01
5.4543e-01	5.9156e-01	5.9348e-01
4.7644e-01	5.0380e-01	7.2031e-01
5.9439e-01	4.9004e-01	6.3738e-01
1.2522e-02	9.8208e-01	1.8785e-01
9.6817e-01	2.3100e-01	9.7364e-02
1.1669e-01	4.9576e-02	9.9188e-01
5.2918e-01	5.3712e-01	6.5660e-01
6.1499e-01	4.4716e-01	6.4926e-01
9.5834e-01	2.4516e-01	1.4708e-01
6.8934e-02	2.7668e-01	9.5841e-01
4.9562e-01	5.1328e-01	7.0040e-01
3.4944e-01	9.3239e-01	9.1485e-02
5.1550e-02	3.4443e-01	9.3732e-01
6.5909e-01	5.4665e-01	5.1623e-01
5.5048e-01	6.4997e-01	5.2363e-01
7.2448e-01	4.6745e-01	5.0633e-01
2.0190e-01	5.0935e-02	9.7800e-01
1.7144e-01	1.3273e-01	9.7613e-01
9.6258e-01	1.6628e-01	2.1428e-01
7.0035e-01	5.0872e-01	5.0045e-01
1.1084e-01	2.9547e-01	9.4881e-01
4.6870e-01	6.4118e-01	6.0733e-01
5.4940e-01	6.4340e-01	5.3278e-01
3.0684e-01	2.3289e-01	9.2269e-01
5.9128e-01	5.2336e-01	6.1333e-01
1.7636e-01	1.0377e-01	9.7876e-01
5.6692e-01	6.8267e-01	4.6070e-01
8.6085e-02	2.9025e-01	9.5298e-01
9.3477e-01	8.8427e-02	3.4416e-01
6.0372e-01	5.6395e-01	5.6317e-01
6.6191e-01	6.2694e-01	4.1056e-01
1.8577e-01	9.5895e-01	2.1379e-01
5.2247e-01	6.3829e-01	5.6504e-01
6.8187e-01	4.5097e-01	5.7567e-01
5.3399e-01	5.7935e-01	6.1553e-01
5.6625e-01	6.6503e-01	4.8659e-01
1.3692e-02	3.2403e-01	9.4589e-01
5.1146e-01	5.4752e-01	6.6203e-01
1.2873e-01	9.5348e-01	2.7222e-01
5.8087e-01	5.5217e-01	5.9780e-01
9.6320e-01	2.2000e-01	1.5494e-01
9.5786e-01	2.8728e-01	1.4449e-02
8.8373e-03	9.7799e-01	2.0829e-01
9.6835e-01	2.4548e-01	4.7425e-02
2.6807e-01	9.1016e-02	9.5899e-01
1.1561e-01	9.8173e-01	1.5072e-01
2.2842e-01	2.0724e-01	9.5114e-01
3.6229e-01	9.2414e-01	1.2048e-01
5.3700e-01	6.2207e-01	5.6950e-01
4.8697e-01	5.8822e-01	6.4537e-01
2.0305e-01	9.7906e-01	1.2029e-02
5.5467e-01	4.8580e-01	6.7529e-01
5.9890e-01	6.2378e-01	5.0189e-01
5.6783e-01	5.7156e-01	5.9208e-01
6.1914e-01	4.3678e-01	6.5238e-01
6.0872e-01	6.3507e-01	4.7524e-01
3.4627e-01	1.5996e-02	9.3790e-01
9.3336e-01	3.0094e-01	1.9583e-01
5.8091e-01	5.3953e-01	6.0920e-01
4.9978e-01	5.0637e-01	7.0247e-01
6.4169e-01	5.7393e-01	5.0849e-01
4.5182e-01	5.3912e-01	7.1053e-01
1.4706e-01	1.4152e-01	9.7887e-01
2.3366e-01	9.7058e-01	5.7087e-02
2.9646e-01	9.3124e-02	9.5039e-01
1.2652e-01	9.7532e-01	1.8056e-01
4.9742e-01	5.2184e-01	6.9276e-01
6.1861e-01	5.9337e-01	5.1471e-01
3.7293e-01	3.0663e-02	9.2724e-01
6.3330e-02	1.0899e-01	9.9198e-01
5.1927e-01	5.7902e-01	6.2830e-01
5.0400e-01	7.0486e-01	4.9881e-01
5.8588e-01	6.5993e-01	4.7003e-01
5.0624e-01	5.4380e-01	6.6907e-01
2.8254e-01	2.4830e-01	9.2643e-01
1.2798e-01	2.5450e-01	9.5847e-01
6.1018e-01	5.7404e-01	5.4576e-01
9.7314e-01	8.7860e-02	2.1316e-01
9.8395e-01	1.7765e-02	1.7818e-01
6.2955e-01	4.7001e-01	6.1843e-01
4.1960e-01	6.7337e-01	6.0840e-01
2.7231e-01	9.6000e-01	6.4011e-02
6.0198e-01	4.5570e-01	6.5548e-01
1.3338e-01	9.8461e-01	1.1248e-01
6.7633e-01	4.4100e-01	5.8977e-01
9.3670e-01	3.4009e-01	8.4046e-02
6.4011e-01	5.0775e-01	5.7633e-01
5.4107e-01	4.7276e-01	6.9527e-01
9.3802e-01	3.0898e-01	1.5728e-01
3.8684e-01	4.6839e-02	9.2084e-01
3.0141e-01	9.3107e-01	2.0502e-01
4.6612e-01	5.7582e-01	6.7143e-01
9.9716e-01	5.0334e-03	7.7135e-02
5.5733e-01	7.0109e-01	4.4446e-01
9.8893e-01	6.2258e-02	1.3553e-01
9.4650e-01	2.0500e-01	2.4939e-01
9.3486e-01	3.1832e-01	1.5747e-01
2.1918e-03	9.9991e-01	1.4645e-02
5.3472e-02	1.7522e-01	9.8302e-01
9.6598e-01	1.0172e-01	2.3808e-01
3.3076e-02	2.9133e-01	9.5598e-01
1.5804e-01	3.1289e-01	9.3644e-01
2.1450e-01	4.1956e-02	9.7574e-01
9.6502e-01	1.4033e-01	2.2177e-01
2.3105e-01	3.1380e-01	9.2081e-01
6.0741e-01	5.7234e-01	5.5061e-01
5.4842e-01	5.7328e-01	6.0848e-01
6.1368e-01	4.1857e-01	6.6924e-01
5.8513e-01	4.7571e-01	6.5651e-01
9.2529e-01	2.5521e-01	2.8061e-01
6.0341e-01	5.3747e-01	5.8882e-01
1.5164e-02	9.8421e-01	1.7614e-01
6.3816e-02	9.8330e-01	1.7012e-01
2.9701e-01	2.1304e-01	9.3067e-01
6.6351e-01	6.2855e-01	4.0548e-01
9.2813e-01	3.4179e-01	1.4779e-01
2.7164e-01	9.2434e-01	2.6750e-01
7.0042e-01	5.5713e-01	4.4583e-01
6.0039e-01	6.3564e-01	4.8495e-01
3.1760e-01	9.4815e-01	5.2054e-03
9.5198e-01	2.8606e-01	1.0977e-01
9.6936e-01	2.4537e-01	1.9244e-02
4.8151e-01	6.4206e-01	5.9629e-01
2.4412e-01	6.7114e-02	9.6733e-01
6.0760e-01	6.1481e-01	5.0251e-01
6.4400e-01	5.2171e-01	5.5927e-01
3.8536e-02	2.9437e-01	9.5484e-01
6.6993e-01	4.5745e-01	5.8452e-01
6.3469e-01	6.1906e-01	4.6221e-01
4.9838e-01	5.0040e-01	7.0773e-01
2.1620e-01	2.4431e-01	9.4517e-01
4.3703e-02	1.5130e-01	9.8748e-01
6.5307e-01	4.7101e-01	5.9276e-01
5.4635e-01	6.2371e-01	5.5870e-01
3.0915e-01	2.3133e-02	9.5063e-01
1.8122e-04	0.0000e+00	1.0000e+00
1.4581e-01	6.1826e-02	9.8732e-01
9.9089e-01	1.3536e-01	1.0670e-02
5.7661e-01	4.9318e-01	6.5113e-01
6.4583e-01	4.3767e-01	6.2536e-01
5.1435e-01	6.0275e-01	6.0974e-01
6.1599e-01	6.2932e-01	4.7351e-01
9.6171e-01	2.7439e-01	8.2770e-03
7.0855e-01	5.6041e-01	4.2855e-01
5.5942e-01	5.9485e-01	5.7695e-01
5.5729e-01	6.2242e-01	5.4927e-01
1.6710e-01	9.8583e-01	1.2815e-02
5.5371e-01	5.4568e-01	6.2874e-01
6.5138e-01	5.3140e-01	5.4132e-01
6.2519e-01	6.5849e-01	4.1861e-01
1.0772e-02	9.3870e-01	3.4435e-01
6.3147e-01	5.8680e-01	5.0656e-01
2.5767e-01	1.6811e-01	9.5138e-01
4.2874e-01	5.9075e-01	6.8325e-01
6.5939e-01	5.0679e-01	5.5504e-01
9.4828e-01	3.0795e-01	7.8116e-02
2.2266e-01	3.0028e-01	9.2737e-01
6.1072e-01	5.3380e-01	5.8461e-01
9.5120e-01	2.7215e-01	1.4592e-01
5.9967e-01	6.0919e-01	5.1862e-01
4.1819e-01	6.5842e-01	6.2549e-01
9.8178e-02	9.9505e-01	1.4984e-02
4.9111e-01	5.8045e-01	6.4927e-01
6.5728e-01	5.1230e-01	5.5250e-01
6.5696e-01	5.9504e-01	4.6266e-01
5.3598e-01	5.9148e-01	6.0212e-01
6.0747e-01	6.7441e-01	4.1936e-01
9.6121e-01	1.6536e-01	2.2105e-01
1.4528e-01	2.1020e-01	9.6672e-01
5.1323e-01	4.7397e-01	7.1527e-01
5.3991e-01	6.3627e-01	5.5075e-01
6.3953e-01	5.2684e-01	5.5960e-01
7.0780e-01	5.3946e-01	4.5581e-01
2.9558e-02	9.5890e-01	2.8196e-01
6.3185e-01	6.1984e-01	4.6504e-01
1.8069e-01	9.1763e-02	9.7917e-01
6.9676e-01	4.7998e-01	5.3281e-01
5.4800e-01	5.4658e-01	6.3293e-01
5.8647e-01	4.3208e-01	6.8488e-01
5.1803e-01	5.1268e-01	6.8444e-01
5.0933e-01	6.3475e-01	5.8080e-01
4.1194e-01	6.3646e-01	6.5182e-01
4.8710e-01	5.2025e-01	7.0123e-01
9.8092e-01	1.1860e-01	1.5470e-01
9.9096e-01	1.0850e-01	8.0403e-02
6.0300e-01	6.1695e-01	5.0542e-01
9.4629e-01	1.7670e-01	2.7091e-01
5.0429e-01	5.4818e-01	6.6697e-01
2.0820e-01	3.1480e-01	9.2591e-01
9.5627e-01	7.5993e-02	2.8263e-01
6.3102e-01	5.7009e-01	5.2583e-01
2.0783e-01	2.5819e-01	9.4336e-01
5.3618e-01	4.9044e-01	6.8676e-01
5.1953e-01	4.7116e-01	7.1258e-01
5.3372e-01	7.1409e-01	4.5265e-01
4.1394e-02	1.5498e-01	9.8701e-01
7.0200e-01	4.9828e-01	5.0857e-01
2.6772e-02	9.5327e-01	3.0068e-01
9.6148e-01	1.4249e-01	2.3534e-01
4.6791e-02	9.4481e-01	3.2400e-01
6.6602e-01	5.3522e-01	5.1931e-01
5.6127e-01	4.5745e-01	6.8948e-01
5.3132e-01	6.5787e-01	5.3344e-01
6.9439e-01	4.3324e-01	5.7434e-01
2.1567e-01	1.5575e-01	9.6387e-01
6.1844e-01	5.4837e-01	5.6260e-01
6.1262e-01	5.9353e-01	5.2164e-01
5.9000e-01	4.2747e-01	6.8474e-01
4.3499e-01	6.3464e-01	6.3848e-01
3.8689e-01	5.4139e-02	9.2042e-01
1.1176e-01	9.6939e-01	2.1824e-01
6.0833e-01	4.4910e-01	6.5417e-01
9.9803e-01	6.2651e-02	1.8540e-02
5.9106e-01	6.5514e-01	4.7023e-01
6.7901e-01	5.2209e-01	5.1584e-01
5.3668e-01	6.2340e-01	5.6834e-01
9.4418e-01	2.1728e-01	2.4777e-01
7.0887e-01	5.5345e-01	4.3697e-01
1.5717e-01	2.1996e-02	9.8727e-01
5.8389e-01	6.0603e-01	5.3989e-01
2.1704e-01	2.9218e-02	9.7565e-01
1.0868e-02	1.2033e-01	9.9265e-01
5.4992e-01	5.5696e-01	6.2214e-01
4.7618e-01	7.1400e-01	5.1292e-01
6.4474e-01	6.0524e-01	4.6660e-01
4.7893e-01	6.7396e-01	5.6218e-01
3.3208e-01	1.8664e-01	9.2447e-01
6.0854e-01	5.5395e-01	5.6789e-01
5.5009e-01	5.0887e-01	6.6191e-01
1.1957e-01	9.4803e-01	2.9451e-01
6.2070e-01	4.9845e-01	6.0496e-01
5.7143e-01	5.2499e-01	6.3050e-01
9.5387e-01	1.1851e-02	3.0019e-01
5.8599e-01	4.1949e-01	6.9307e-01
5.5462e-01	6.1748e-01	5.5748e-01
4.7068e-01	7.2293e-01	5.0547e-01
6.5424e-01	5.5037e-01	5.1844e-01
5.8171e-02	2.4017e-01	9.6892e-01
4.3562e-01	6.9593e-01	5.7058e-01
9.3439e-01	3.3503e-01	1.2158e-01
6.2732e-01	5.5453e-01	5.4651e-01
6.5093e-01	6.3148e-01	4.2100e-01
1.3755e-01	1.2390e-01	9.8264e-01
9.5711e-01	2.6098e-01	1.2642e-01
4.7922e-01	5.7720e-01	6.6094e-01
6.2622e-01	4.4715e-01	6.3844e-01
1.2881e-01	9.7254e-01	1.9342e-01
6.2643e-01	4.2539e-01	6.5295e-01
4.7368e-01	5.9737e-01	6.4685e-01
9.7188e-01	1.2589e-01	1.9937e-01
4.7294e-02	9.3531e-01	3.5040e-01
5.1793e-02	2.1271e-01	9.7568e-01
6.3767e-01	5.2545e-01	5.6302e-01
6.3573e-01	5.6033e-01	5.3065e-01
5.2493e-01	5.7795e-01	6.2457e-01
6.1940e-01	5.1946e-01	5.8838e-01
1.9102e-01	2.2576e-01	9.5516e-01
7.0177e-01	4.8750e-01	5.1923e-01
9.6731e-01	1.3133e-01	2.1725e-01
6.4844e-01	4.5890e-01	6.0717e-01
5.1747e-01	6.6105e-01	5.4304e-01
7.0691e-01	5.3867e-01	4.5812e-01
6.1762e-01	5.6349e-01	5.4838e-01
5.0206e-01	6.0515e-01	6.1755e-01
6.5034e-01	5.1463e-01	5.5849e-01
4.6314e-01	7.0095e-01	5.4204e-01
9.5090e-01	8.5050e-02	2.9775e-01
6.8639e-01	5.7270e-01	4.4793e-01
4.8707e-01	5.4994e-01	6.7823e-01
9.4297e-01	1.0740e-01	3.1521e-01
5.2401e-01	6.5014e-01	5.4990e-01
9.7846e-02	3.7708e-01	9.2089e-01
6.7777e-01	6.0193e-01	4.2196e-01
6.9219e-01	5.1476e-01	5.0560e-01
6.1025e-01	5.0650e-01	6.0888e-01
5.6896e-01	5.6992e-01	5.9257e-01
9.2230e-01	2.5664e-02	3.8570e-01
5.4304e-01	5.3138e-01	6.4993e-01
1.9478e-01	9.7829e-01	6.9958e-02
2.6971e-01	2.1426e-01	9.3868e-01
1.4610e-01	2.6269e-02	9.8887e-01
5.6811e-01	4.3538e-01	6.9813e-01
5.8266e-01	5.5493e-01	5.9349e-01
6.2067e-01	5.2883e-01	5.7862e-01
3.5437e-01	9.3031e-01	9.3670e-02
4.9388e-02	2.5246e-01	9.6628e-01
5.3542e-01	5.5936e-01	6.3254e-01
5.9648e-01	6.7745e-01	4.3009e-01
6.4516e-01	6.1503e-01	4.5302e-01
2.0420e-01	1.7603e-01	9.6288e-01
2.2831e-01	9.5909e-01	1.6680e-01
6.0830e-01	6.7692e-01	4.1409e-01
9.6691e-01	2.3567e-01	9.8593e-02
6.1234e-01	4.9426e-01	6.1679e-01
7.0314e-01	5.1392e-01	4.9116e-01
5.9636e-01	6.6391e-01	4.5086e-01
6.7375e-01	5.3513e-01	5.0933e-01
9.2673e-01	8.9165e-02	3.6507e-01
9.3670e-01	3.3155e-01	1.1308e-01
9.6250e-01	3.4790e-02	2.6933e-01
2.4618e-01	9.6907e-01	1.3803e-02
2.5138e-01	2.5590e-01	9.3331e-01
3.0187e-01	6.6135e-02	9.5095e-01
5.5207e-01	6.5808e-01	5.1168e-01
4.4331e-01	5.8004e-01	6.8313e-01
5.4092e-01	5.1944e-01	6.6125e-01
6.0163e-01	5.9202e-01	5.3594e-01
2.0555e-01	1.7962e-02	9.7841e-01
9.4193e-01	2.4297e-01	2.3201e-01
6.1528e-01	4.2758e-01	6.6204e-01
9.3747e-01	3.1074e-01	1.5713e-01
6.2847e-01	4.3877e-01	6.4203e-01
5.5735e-01	5.8428e-01	5.8961e-01
1.3586e-01	9.8663e-01	8.9469e-02
4.4794e-01	6.0373e-01	6.5917e-01
2.4359e-01	9.4970e-01	1.9627e-01
4.2693e-01	6.8024e-01	5.9553e-01
7.5124e-02	2.8079e-01	9.5674e-01
5.6407e-01	4.4618e-01	6.9456e-01
5.9347e-01	6.0261e-01	5.3323e-01
2.0944e-01	5.5796e-02	9.7615e-01
5.9781e-01	6.4369e-01	4.7746e-01
5.0496e-01	5.0582e-01	6.9915e-01
4.7651e-01	6.4117e-01	6.0123e-01
9.9748e-01	6.9519e-02	2.2716e-02
1.1601e-02	9.4922e-01	3.1418e-01
6.4889e-01	5.3764e-01	5.3813e-01
4.5796e-02	9.6766e-01	2.4777e-01
1.4389e-01	1.5012e-01	9.7806e-01
5.1780e-01	6.3703e-01	5.7073e-01
5.2137e-01	6.2704e-01	5.7849e-01
6.4392e-01	4.1816e-01	6.4048e-01
9.9527e-01	7.9870e-02	5.7906e-02
4.5899e-01	6.4179e-01	6.1407e-01
6.5913e-01	4.5989e-01	5.9478e-01
6.3161e-01	5.1842e-01	5.7619e-01
6.9443e-01	4.9589e-01	5.2116e-01
6.7968e-01	4.1335e-01	6.0573e-01
5.1959e-01	5.8478e-01	6.2267e-01
5.7156e-01	5.3587e-01	6.2116e-01
5.9404e-01	5.7034e-01	5.6701e-01
9.9873e-01	1.3573e-02	5.1652e-02
1.8375e-01	1.5772e-01	9.7015e-01
5.6152e-01	7.0218e-01	4.3739e-01
2.3453e-01	5.2852e-02	9.7059e-01
9.4643e-01	1.4933e-01	2.8647e-01
8.4051e-02	1.8224e-01	9.7959e-01
2.0119e-01	9.4991e-01	2.3869e-01
4.6242e-01	5.6763e-01	6.8088e-01
6.0268e-01	5.1000e-01	6.1348e-01
9.8021e-01	1.9659e-01	2.8453e-02
6.1499e-01	5.7982e-01	5.3411e-01
5.8210e-01	4.2838e-01	6.9090e-01
3.3287e-01	1.6949e-01	9.2749e-01
4.7703e-01	5.4939e-01	6.8575e-01
2.4784e-01	1.1982e-02	9.6865e-01
6.8955e-01	5.7055e-01	4.4579e-01
9.3209e-01	2.9732e-01	2.0706e-01
6.8878e-01	5.7987e-01	4.3484e-01
6.1022e-01	5.7225e-01	5.4759e-01
1.1698e-01	9.7827e-01	1.7078e-01
9.3687e-01	2.2533e-01	2.6752e-01
4.5164e-01	7.0724e-01	5.4358e-01
2.2702e-01	9.4123e-01	2.4964e-01
5.1633e-01	5.9094e-01	6.1955e-01
9.2278e-01	1.9444e-01	3.3269e-01
6.0402e-01	6.6011e-01	4.4621e-01
9.6939e-01	2.2206e-01	1.0562e-01
1.0765e-01	9.8748e-01	1.1488e-01
9.5496e-02	1.9928e-01	9.7521e-01
6.5610e-01	4.6579e-01	5.9353e-01
4.7407e-01	5.4392e-01	6.9214e-01
2.4682e-01	1.7689e-01	9.5267e-01
1.3649e-01	9.5193e-01	2.7386e-01
4.1458e-01	6.8290e-01	6.0118e-01
9.4280e-01	3.3361e-01	6.7076e-03
2.4280e-01	9.6956e-01	2.9769e-02
6.6648e-01	5.9065e-01	4.5460e-01
1.0020e-01	9.7459e-01	1.9994e-01
1.9141e-01	1.7530e-01	9.6564e-01
6.6025e-02	2.8889e-01	9.5500e-01
9.4235e-02	9.8377e-01	1.5234e-01
6.0860e-01	4.3836e-01	6.6117e-01
1.7832e-01	9.8285e-01	4.6114e-02
5.5877e-01	5.9127e-01	5.8124e-01
5.4749e-01	6.4512e-01	5.3267e-01
3.7318e-01	9.2687e-01	3.8847e-02
1.9108e-01	6.1060e-02	9.7960e-01
2.7954e-01	8.9286e-03	9.6000e-01
1.7882e-01	3.4072e-01	9.2288e-01
9.4043e-01	3.1598e-01	1.2591e-01
3.2963e-01	1.7325e-01	9.2795e-01
9.2619e-01	1.7446e-01	3.3434e-01
4.7749e-01	6.5606e-01	5.8414e-01
6.9899e-01	5.6318e-01	4.4044e-01
2.6249e-01	2.1400e-01	9.4079e-01
1.5862e-01	2.1018e-01	9.6462e-01
1.6425e-01	9.8637e-01	7.4632e-03
4.3749e-01	5.8296e-01	6.8440e-01
9.4681e-01	2.8350e-01	1.5265e-01
9.5641e-01	2.4660e-01	1.5679e-01
2.1481e-01	9.3727e-01	2.7412e-01
4.3779e-01	6.4924e-01	6.2166e-01
4.6896e-01	5.6202e-01	6.8107e-01
3.4448e-02	9.8191e-01	1.8595e-01
9.7925e-01	1.1324e-01	1.6865e-01
9.2203e-01	3.6001e-01	1.4254e-01
5.5745e-01	6.5498e-01	5.0982e-01
6.6097e-01	4.6915e-01	5.8543e-01
5.0471e-01	5.6947e-01	6.4856e-01
2.4765e-01	1.5638e-01	9.5604e-01
1.4119e-01	9.2455e-01	3.5362e-01
5.5383e-01	5.9683e-01	5.8029e-01
6.0606e-01	4.5216e-01	6.5416e-01
2.5211e-01	9.6146e-01	1.0892e-01
5.2081e-01	5.0689e-01	6.8665e-01
6.4566e-01	4.5363e-01	6.1404e-01
6.5607e-01	4.9556e-01	5.6896e-01
5.3532e-01	6.6811e-01	5.1645e-01
6.3761e-01	5.2781e-01	5.6087e-01
1.2121e-01	5.0746e-02	9.9128e-01
6.5143e-01	4.5802e-01	6.0463e-01
5.7425e-01	5.9845e-01	5.5836e-01
5.0223e-01	4.9188e-01	7.1097e-01
9.8491e-01	1.2431e-01	1.2131e-01
2.6179e-02	9.3259e-01	3.5977e-01
1.3908e-01	1.3733e-01	9.8064e-01
4.3929e-01	5.6832e-01	6.9547e-01
9.6861e-01	2.3913e-01	6.9423e-02
4.8203e-01	5.9602e-01	6.4191e-01
3.3346e-01	2.4021e-02	9.4236e-01
9.8007e-01	1.5831e-01	1.2087e-01
5.1113e-01	6.6387e-01	5.4559e-01
5.1482e-01	6.7852e-01	5.2367e-01
6.3880e-01	6.4279e-01	4.2248e-01
9.9561e-01	4.9572e-02	8.1150e-02
2.5657e-01	9.6622e-01	2.1779e-02
9.9108e-01	1.3309e-01	1.8478e-02
6.8898e-01	4.7061e-01	5.5099e-01
6.3734e-01	4.3041e-01	6.3895e-01
3.8621e-01	5.3911e-02	9.2072e-01
5.0550e-01	6.1418e-01	6.0572e-01
9.3690e-01	1.2598e-01	3.2619e-01
1.7399e-01	1.5067e-01	9.7307e-01
9.7342e-01	2.2644e-01	3.7403e-02
6.0804e-01	5.7832e-01	5.4363e-01
7.1078e-01	4.8269e-01	5.1143e-01
1.7087e-01	4.1364e-02	9.8435e-01
5.9654e-01	5.4645e-01	5.8755e-01
5.6927e-01	4.9821e-01	6.5376e-01
6.1209e-01	4.8616e-01	6.2346e-01
9.5688e-01	2.2782e-01	1.8053e-01
6.2093e-01	5.9222e-01	5.1325e-01
6.1681e-01	6.7346e-01	4.0708e-01
2.3119e-02	2.9131e-01	9.5629e-01
9.6645e-01	2.3776e-01	9.8111e-02
9.7908e-01	6.3368e-02	1.9386e-01
6.5505e-01	6.2464e-01	4.2481e-01
6.5611e-01	5.1449e-01	5.5184e-01
4.6465e-01	5.5407e-01	6.9048e-01
6.1228e-01	5.0645e-01	6.0688e-01
6.0776e-01	6.2599e-01	4.8833e-01
4.9616e-01	5.1186e-01	7.0105e-01
6.5937e-01	5.2510e-01	5.3780e-01
5.4378e-01	5.8825e-01	5.9827e-01
5.5503e-01	6.9295e-01	4.5982e-01
9.9577e-01	2.9176e-02	8.8765e-02
4.4366e-01	6.1221e-01	6.5422e-01
3.1728e-01	9.2784e-01	1.9549e-01
9.2872e-01	8.8212e-02	3.6022e-01
3.0129e-01	9.2392e-01	2.3523e-01
5.0316e-02	2.2574e-01	9.7283e-01
6.2976e-01	4.7354e-01	6.1551e-01
1.6414e-01	9.4907e-01	2.6852e-01
7.0944e-01	4.6381e-01	5.3041e-01
2.6406e-01	9.4995e-01	1.6634e-01
5.9793e-01	6.0199e-01	5.2893e-01
4.0717e-01	6.7381e-01	6.1631e-01
2.2337e-01	9.7382e-01	4.0889e-02
5.3735e-01	4.5230e-01	7.1158e-01
6.1750e-01	4.5424e-01	6.4192e-01
6.7746e-01	5.5834e-01	4.7857e-01
9.1119e-02	9.9105e-01	9.7155e-02
5.6361e-01	5.6954e-01	5.9802e-01
6.0883e-01	5.1536e-01	6.0284e-01
4.3682e-02	1.3094e-01	9.9039e-01
1.2195e-01	9.9250e-01	7.1968e-03
6.2909e-01	5.3904e-01	5.5981e-01
4.5727e-01	5.4181e-01	7.0498e-01
6.5466e-01	4.8704e-01	5.7787e-01
3.3809e-01	1.6315e-01	9.2673e-01
2.2163e-01	9.7406e-01	4.4488e-02
5.8766e-01	5.2611e-01	6.1445e-01
6.9051e-01	5.1490e-01	5.0775e-01
3.5203e-01	9.3586e-01	1.1188e-02
1.0183e-01	9.7843e-01	1.7941e-01
6.0635e-01	5.9124e-01	5.3147e-01
2.9826e-01	1.4651e-01	9.4306e-01
5.1836e-01	5.3829e-01	6.6423e-01
4.5985e-01	6.0925e-01	6.4574e-01
4.3021e-01	5.6775e-01	7.0159e-01
6.8616e-01	4.2325e-01	5.9142e-01
7.0036e-01	5.1336e-01	4.9567e-01
1.0497e-01	2.7885e-01	9.5449e-01
7.3935e-02	3.3111e-01	9.4061e-01
4.3786e-01	7.1330e-01	5.4692e-01
6.0660e-01	6.6500e-01	4.3532e-01
9.7979e-01	1.9708e-01	3.7685e-02
1.1559e-01	1.4917e-01	9.8196e-01
9.9266e-01	1.2009e-01	2.2538e-02
9.3082e-01	2.6984e-01	2.4661e-01
6.7754e-01	5.5551e-01	4.8174e-01
6.5357e-01	5.1700e-01	5.5251e-01
9.4036e-01	3.2820e-01	9.0255e-02
6.7423e-02	9.9635e-01	5.2087e-02
6.4090e-01	6.2909e-01	4.3956e-01
5.4264e-01	5.1392e-01	6.6414e-01
9.7679e-01	8.7011e-03	2.1451e-01
1.9366e-01	9.7231e-01	1.3021e-01
6.3808e-01	4.2480e-01	6.4196e-01
1.4156e-01	9.6100e-01	2.3719e-01
5.0333e-02	1.7823e-01	9.8265e-01
6.5032e-01	5.7402e-01	4.9729e-01
6.5642e-01	4.8992e-01	5.7342e-01
2.7069e-01	9.2043e-01	2.8155e-01
6.5724e-01	4.2556e-01	6.2182e-01
5.6665e-01	6.9603e-01	4.4062e-01
5.6910e-01	5.5385e-01	6.0749e-01
7.6263e-02	2.3205e-01	9.6964e-01
5.9428e-01	6.6298e-01	4.5494e-01
9.9034e-01	9.1374e-02	1.0544e-01
3.0441e-01	1.5446e-02	9.5232e-01
1.3680e-01	3.5632e-01	9.2418e-01
2.0138e-01	1.1860e-01	9.7222e-01
5.6867e-01	5.8876e-01	5.7416e-01
6.9245e-01	5.7289e-01	4.3825e-01
6.1835e-01	6.4056e-01	4.5502e-01
5.3979e-01	6.2329e-01	5.6550e-01
2.5926e-01	9.3610e-02	9.6117e-01
7.1342e-01	4.6028e-01	5.2814e-01
5.8346e-01	5.6794e-01	5.8026e-01
4.7406e-01	6.5511e-01	5.8799e-01
7.0143e-01	5.4521e-01	4.5878e-01
6.1748e-01	4.8382e-01	6.1994e-01
5.8302e-01	6.0934e-01	5.3707e-01
6.3900e-01	5.8635e-01	4.9757e-01
6.2439e-01	5.7061e-01	5.3313e-01
1.3391e-01	2.3894e-01	9.6167e-01
5.7452e-01	6.5589e-01	4.8930e-01
6.5651e-01	5.2856e-01	5.3790e-01
5.3624e-01	5.6326e-01	6.2837e-01
5.4966e-01	6.8993e-01	4.7068e-01
9.8576e-02	3.5396e-01	9.2995e-01
4.2054e-02	9.8187e-01	1.8457e-01
9.7990e-01	1.0280e-02	1.9975e-01
5.7218e-02	9.9210e-01	1.1139e-01
5.9969e-01	6.2078e-01	5.0465e-01
9.8296e-01	6.4264e-02	1.7280e-01
9.3014e-01	2.8872e-01	2.2703e-01
5.0538e-01	6.1078e-01	6.0925e-01
1.1703e-02	9.6097e-01	2.7617e-01
9.4865e-01	3.1301e-01	4.7721e-02
6.9067e-01	5.0346e-01	5.1888e-01
3.7897e-01	7.1787e-02	9.2250e-01
4.8363e-01	6.3252e-01	6.0471e-01
5.1569e-01	5.0799e-01	6.8969e-01
1.8857e-02	1.5658e-01	9.8745e-01
9.8583e-01	1.1906e-01	1.1910e-01
3.0250e-01	9.2657e-01	2.2298e-01
2.3402e-01	1.6125e-01	9.5866e-01
5.3109e-01	6.4865e-01	5.4485e-01
9.8304e-01	2.9261e-02	1.8165e-01
4.7885e-01	7.1730e-01	5.0579e-01
5.7078e-02	2.0901e-01	9.7619e-01
9.3861e-01	2.3970e-01	2.4823e-01
3.3320e-02	9.3028e-01	3.6511e-01
6.1444e-01	6.0613e-01	5.0473e-01
5.5016e-01	6.5702e-01	5.1508e-01
1.5620e-02	3.7824e-01	9.2550e-01
4.7983e-01	5.0663e-01	7.1605e-01
6.5641e-01	6.2589e-01	4.2087e-01
5.8722e-01	4.6131e-01	6.6487e-01
9.9550e-01	8.5667e-02	4.4100e-02
1.4128e-01	9.2250e-01	3.5886e-01
4.4945e-01	6.6743e-01	5.9343e-01
5.9948e-01	6.5660e-01	4.5737e-01
2.8783e-01	1.9116e-01	9.3829e-01
3.2719e-01	2.1175e-01	9.2079e-01
6.5632e-01	5.9730e-01	4.6065e-01
5.1826e-01	5.9335e-01	6.1563e-01
1.2297e-01	9.4526e-01	3.0192e-01
9.2026e-01	1.6012e-01	3.5707e-01
1.3635e-01	5.7174e-02	9.8895e-01
9.6906e-02	9.3745e-01	3.3406e-01
2.0571e-01	2.2269e-01	9.5283e-01
4.6270e-01	6.6384e-01	5.8724e-01
5.8027e-01	5.1532e-01	6.3040e-01
4.6509e-01	7.0632e-01	5.3334e-01
7.1201e-02	9.8043e-01	1.8326e-01
9.8507e-01	1.6601e-01	4.8378e-02
4.1403e-01	6.7452e-01	6.1094e-01
6.4214e-01	4.5700e-01	6.1524e-01
6.9230e-01	4.7521e-01	5.4282e-01
4.8659e-01	7.2448e-01	4.8788e-01
6.2479e-01	4.3699e-01	6.4682e-01
5.3920e-01	5.7935e-01	6.1096e-01
5.3167e-01	7.0314e-01	4.7179e-01
5.6620e-01	6.5913e-01	4.9461e-01
3.0178e-01	9.2859e-01	2.1545e-01
5.2880e-01	6.1257e-01	5.8717e-01
3.0424e-01	1.6129e-01	9.3872e-01
9.4882e-01	7.8734e-02	3.0600e-01
9.6804e-01	1.1256e-01	2.2445e-01
6.6206e-01	5.9114e-01	4.6038e-01
6.3494e-01	4.3767e-01	6.3640e-01
2.6572e-01	9.5078e-01	1.5878e-01
1.1604e-01	9.4544e-02	9.8868e-01
4.9057e-01	6.5840e-01	5.7053e-01
9.2704e-02	2.2308e-01	9.7031e-01
9.8499e-01	6.5239e-02	1.6050e-01
3.0019e-01	9.4842e-01	1.0105e-01
9.6006e-01	4.4628e-02	2.7645e-01
5.2497e-01	5.9325e-01	6.1001e-01
6.8854e-01	4.9863e-01	5.2633e-01
2.3867e-01	1.2183e-01	9.6333e-01
9.4033e-01	3.3908e-01	3.1263e-02
2.8927e-01	2.5113e-01	9.2358e-01
4.8913e-01	5.8697e-01	6.4487e-01
6.5707e-01	5.0822e-01	5.5649e-01
6.5416e-01	5.7364e-01	4.9269e-01
9.8143e-01	1.9249e-01	4.2895e-03
1.7903e-01	9.7486e-01	1.3214e-01
9.9087e-01	1.3032e-01	3.8314e-02
9.2973e-01	3.4377e-01	1.3240e-01
7.4175e-02	9.7424e-01	2.1262e-01
5.7060e-01	6.2340e-01	5.3429e-01
2.6202e-01	9.6417e-01	3.9883e-02
6.5212e-01	4.3856e-01	6.1816e-01
5.3139e-01	6.8554e-01	4.9732e-01
5.0806e-01	5.6550e-01	6.4941e-01
5.9153e-02	2.4145e-01	9.6855e-01
9.4956e-01	4.2950e-02	3.1082e-01
4.4636e-01	5.4948e-01	7.0603e-01
4.9391e-01	6.6392e-01	5.6116e-01
6.4412e-01	5.5357e-01	5.2761e-01
4.6919e-01	5.0989e-01	7.2077e-01
6.4479e-01	5.3994e-01	5.4075e-01
7.6056e-02	2.7176e-01	9.5927e-01
1.6134e-01	1.8795e-02	9.8666e-01
1.7638e-02	2.9016e-02	9.9941e-01
7.2802e-01	4.7953e-01	4.8970e-01
7.2294e-01	5.1782e-01	4.5715e-01
2.8890e-01	9.2094e-01	2.6102e-01
4.8126e-01	6.5900e-01	5.7771e-01
1.9484e-01	9.2263e-01	3.3244e-01
4.2862e-01	5.8572e-01	6.8765e-01
4.6810e-01	7.1272e-01	5.2207e-01
2.7697e-01	9.4661e-01	1.6434e-01
9.2528e-01	1.3967e-01	3.5269e-01
5.1445e-01	5.7716e-01	6.3394e-01
9.8888e-01	1.3848e-01	5.6565e-02
6.1524e-01	4.5660e-01	6.4240e-01
2.7775e-01	9.4077e-01	1.9389e-01
3.2429e-01	9.4568e-01	2.0373e-02
5.0703e-01	4.8459e-01	7.1257e-01
9.3495e-01	2.4070e-01	2.6073e-01
5.9779e-01	4.4577e-01	6.6604e-01
5.3901e-01	4.7733e-01	6.9375e-01
5.8198e-01	6.1157e-01	5.3567e-01
5.2984e-01	6.6746e-01	5.2290e-01
9.2132e-01	2.9535e-01	2.5292e-01
9.5586e-02	7.9428e-02	9.9220e-01
4.2408e-01	6.7847e-01	5.9956e-01
2.6985e-01	9.3569e-01	2.2679e-01
6.4065e-01	6.2088e-01	4.5143e-01
9.9210e-01	9.0761e-02	8.8099e-02
5.0027e-01	5.0300e-01	7.0455e-01
9.2725e-01	2.7785e-01	2.5113e-01
1.0000e+00	1.8128e-02	4.9270e-03
2.0789e-01	9.6964e-01	1.2809e-01
6.3015e-01	6.0748e-01	4.8330e-01
5.9868e-01	6.6026e-01	4.5313e-01
6.0453e-01	4.1923e-01	6.7712e-01
5.2083e-01	6.3451e-01	5.7079e-01
5.3480e-01	5.8158e-01	6.1271e-01
5.5878e-01	4.9514e-01	6.6504e-01
4.7929e-01	7.1061e-01	5.1473e-01
9.4196e-01	1.3457e-01	3.0770e-01
5.4741e-01	4.4428e-01	7.0896e-01
5.7835e-01	6.2422e-01	5.2493e-01
9.9000e-02	9.9382e-01	4.9811e-02
6.3600e-01	5.5931e-01	5.3140e-01
9.8777e-01	1.5651e-01	9.5712e-03
5.2973e-01	5.9840e-01	6.0080e-01
4.2767e-01	6.9592e-01	5.7657e-01
6.2492e-01	5.0036e-01	5.9902e-01
2.7687e-01	1.0882e-01	9.5461e-01
9.6939e-01	2.8282e-02	2.4421e-01
6.4104e-01	5.6150e-01	5.2297e-01
9.6465e-01	2.5015e-01	8.3995e-02
6.1725e-01	4.6802e-01	6.3217e-01
2.4555e-01	4.6534e-02	9.6818e-01
6.3346e-01	5.0545e-01	5.8560e-01
9.3099e-01	2.3473e-02	3.6440e-01
5.3346e-01	5.9935e-01	5.9655e-01
9.8127e-01	1.8216e-01	6.4587e-02
2.1760e-02	3.6208e-01	9.3181e-01
1.4292e-01	9.2774e-01	3.4445e-01
1.5107e-01	9.3056e-01	3.3317e-01
4.8258e-01	6.5669e-01	5.7924e-01
5.8944e-01	6.0686e-01	5.3288e-01
9.6307e-01	2.6793e-01	3.0505e-02
5.4214e-01	5.3016e-01	6.5168e-01
5.2072e-01	7.0412e-01	4.8242e-01
1.5148e-01	9.7659e-01	1.5228e-01
9.7440e-01	1.8137e-01	1.3349e-01
5.1588e-01	5.1856e-01	6.8164e-01
5.9442e-01	6.4792e-01	4.7597e-01
5.4997e-01	6.3193e-01	5.4578e-01
6.1923e-01	5.6833e-01	5.4152e-01
6.7528e-01	5.6111e-01	4.7842e-01
1.6073e-01	9.8695e-01	7.1801e-03
6.7550e-01	4.9954e-01	5.4211e-01
2.1551e-01	1.4267e-01	9.6593e-01
4.4099e-01	6.4865e-01	6.2001e-01
9.7805e-01	1.5470e-02	2.0828e-01
1.5459e-01	1.8168e-01	9.7104e-01
4.2735e-01	7.0679e-01	5.6343e-01
6.5265e-01	5.7127e-01	4.9743e-01
6.8131e-01	4.1547e-01	6.0244e-01
5.5059e-01	4.9254e-01	6.7375e-01
2.1341e-01	9.4972e-01	2.2865e-01
1.9779e-01	2.1929e-01	9.5529e-01
6.7696e-01	6.0089e-01	4.2472e-01
9.6967e-01	2.2341e-01	1.0008e-01
9.8146e-01	1.5043e-01	1.1968e-01
6.5095e-01	4.4394e-01	6.1555e-01
9.3764e-01	3.0623e-01	1.6477e-01
6.2319e-01	6.5980e-01	4.1953e-01
1.4693e-01	9.2030e-01	3.6222e-01
1.2520e-01	3.1143e-01	9.4189e-01
5.7288e-01	5.4488e-01	6.1203e-01
5.0539e-01	5.9419e-01	6.2544e-01
5.6215e-01	5.1068e-01	6.5028e-01
4.4963e-01	6.3206e-01	6.3085e-01
9.2115e-01	9.4932e-02	3.7749e-01
5.6016e-01	6.1065e-01	5.5945e-01
9.6144e-01	1.8586e-02	2.7464e-01
3.7128e-02	2.4220e-02	9.9900e-01
2.4291e-01	2.8361e-02	9.6955e-01
4.6458e-01	6.7157e-01	5.7689e-01
5.9606e-01	5.2493e-01	6.0733e-01
6.0688e-01	6.4759e-01	4.6046e-01
5.3329e-01	5.5887e-01	6.3476e-01
5.4878e-03	2.5681e-01	9.6640e-01
1.7030e-01	9.5409e-01	2.4595e-01
5.6426e-01	6.5734e-01	4.9918e-01
9.6159e-01	2.6990e-01	5.2132e-02
9.3350e-02	1.3782e-01	9.8598e-01
6.0430e-01	5.5378e-01	5.7258e-01
5.7722e-01	4.3433e-01	6.9127e-01
9.9002e-01	1.9783e-02	1.4039e-01
5.6069e-01	6.1020e-01	5.5941e-01
2.5267e-01	9.6501e-01	6.9027e-02
4.7155e-01	6.2200e-01	6.2484e-01
9.4396e-01	2.7298e-01	1.8584e-01
9.2516e-01	3.7772e-01	3.9653e-02
1.2748e-01	1.7052e-01	9.7700e-01
3.4870e-01	1.0230e-01	9.3151e-01
4.6781e-01	5.3419e-01	7.0388e-01
1.5843e-01	9.5637e-01	2.4504e-01
5.8443e-01	6.2833e-01	5.1315e-01
9.3138e-01	1.5851e-01	3.2779e-01
6.4937e-01	5.0948e-01	5.6431e-01
6.8655e-01	5.7395e-01	4.4607e-01
2.0487e-01	7.2021e-02	9.7605e-01
6.2729e-01	5.4104e-01	5.5989e-01
2.3847e-01	2.3208e-01	9.4289e-01
9.2628e-01	3.3948e-01	1.6382e-01
5.0375e-01	6.5194e-01	5.6644e-01
1.4154e-01	9.8909e-01	4.0129e-02
9.9045e-01	1.0687e-01	8.8471e-02
5.7273e-01	4.4331e-01	6.8930e-01
5.6658e-01	5.3663e-01	6.2506e-01
4.6740e-01	5.9305e-01	6.5535e-01
5.2884e-01	5.9828e-01	6.0170e-01
5.5311e-01	4.3650e-01	7.0938e-01
1.6058e-01	1.2309e-01	9.7924e-01
1.5716e-01	9.4726e-01	2.7889e-01
5.3294e-01	4.9219e-01	6.8803e-01
4.5680e-01	6.1515e-01	6.4231e-01
1.2048e-01	9.9163e-01	4.5755e-02
9.9053e-01	7.2669e-02	1.1747e-01
1.5842e-02	3.8112e-02	9.9914e-01
9.5384e-01	7.2425e-02	2.9163e-01
5.4650e-01	5.0126e-01	6.7062e-01
5.1470e-02	9.9286e-01	1.0738e-01
6.3668e-01	4.8707e-01	5.9759e-01
5.1245e-01	6.4847e-01	5.6261e-01
2.8259e-01	9.5601e-01	7.7710e-02
4.3569e-02	9.3350e-01	3.5567e-01
6.5298e-01	6.3713e-01	4.0916e-01
2.8195e-01	2.5296e-01	9.2535e-01
2.7410e-01	9.4749e-01	1.6409e-01
5.8180e-01	6.0992e-01	5.3775e-01
9.4807e-01	4.6198e-02	3.1487e-01
1.1944e-01	1.4368e-01	9.8232e-01
9.8540e-01	1.4914e-01	8.3540e-02
1.6114e-01	1.8630e-01	9.6910e-01
5.9514e-01	6.5239e-01	4.6892e-01
4.4649e-01	6.0978e-01	6.5456e-01
6.4372e-01	4.5429e-01	6.1559e-01
1.1395e-01	9.9011e-01	8.1326e-02
6.7141e-01	4.1778e-01	6.1188e-01
4.8733e-01	5.2404e-01	6.9824e-01
9.2106e-01	2.6487e-01	2.8551e-01
5.8152e-01	5.9308e-01	5.5657e-01
6.3647e-01	4.8543e-01	5.9914e-01
1.9748e-01	1.0835e-01	9.7422e-01
9.2634e-01	2.9076e-01	2.3962e-01
6.5918e-01	5.7462e-01	4.8479e-01
9.9092e-01	7.1793e-02	1.1475e-01
4.4806e-01	7.2086e-01	5.2844e-01
4.7627e-01	7.0743e-01	5.2187e-01
3.2603e-01	1.9850e-01	9.2415e-01
6.9377e-01	5.5556e-01	4.5801e-01
8.9636e-02	9.6918e-01	2.2913e-01
4.2648e-01	6.4328e-01	6.3556e-01
2.8206e-02	9.6590e-01	2.5714e-01
9.3321e-01	1.7967e-01	3.1127e-01
5.6032e-01	5.8537e-01	5.8571e-01
4.9900e-01	6.6443e-01	5.5605e-01
4.8153e-01	5.7142e-01	6.6428e-01
4.6859e-01	7.0782e-01	5.2826e-01
1.3648e-01	9.7804e-01	1.5708e-01
5.1192e-01	6.9067e-01	5.1045e-01
1.1987e-01	2.9377e-01	9.4823e-01
3.4801e-01	1.6307e-01	9.2307e-01
5.8330e-01	4.2208e-01	6.9376e-01
5.1839e-01	6.4555e-01	5.6052e-01
6.2900e-01	5.4907e-01	5.5007e-01
9.2024e-01	3.2678e-01	2.1545e-01
5.2700e-01	6.3182e-01	5.6809e-01
6.3243e-01	5.4633e-01	5.4886e-01
6.7834e-01	5.3096e-01	5.0761e-01
2.8970e-01	9.5706e-01	3.3147e-03
6.3327e-01	6.2285e-01	4.5905e-01
4.7974e-01	5.2485e-01	7.0288e-01
2.0954e-01	9.0835e-02	9.7349e-01
3.5740e-01	9.3031e-01	8.1411e-02
4.5490e-01	6.1187e-01	6.4677e-01
3.4474e-01	2.2490e-02	9.3833e-01
9.4414e-01	1.7941e-01	2.7659e-01
1.6577e-01	2.1696e-01	9.6191e-01
6.0810e-01	5.2127e-01	5.9848e-01
5.9162e-01	6.8929e-01	4.1781e-01
5.5624e-01	4.8661e-01	6.7342e-01
2.3161e-01	9.4555e-01	2.2818e-01
7.4771e-02	9.8851e-01	1.3104e-01
8.3887e-02	9.4037e-01	3.2936e-01
6.8266e-02	9.7541e-01	2.0930e-01
6.1534e-01	5.6266e-01	5.5177e-01
5.0851e-01	5.0045e-01	7.0045e-01
1.5153e-01	9.7631e-02	9.8354e-01
4.2323e-01	6.6676e-01	6.1314e-01
5.5414e-01	5.7129e-01	6.0517e-01
1.7098e-01	9.7822e-01	1.1716e-01
9.3437e-01	3.9922e-02	3.5417e-01
4.7340e-01	5.8455e-01	6.5867e-01
6.8285e-01	5.9152e-01	4.2844e-01
1.3066e-01	9.9081e-01	3.4196e-02
4.7210e-01	5.5553e-01	6.8422e-01
9.2616e-02	9.3283e-01	3.4791e-01
2.1449e-01	3.1491e-01	9.2443e-01
4.2881e-01	6.4096e-01	6.3634e-01
7.9589e-02	6.8866e-02	9.9441e-01
6.8015e-01	4.7613e-01	5.5715e-01
9.7048e-01	5.7012e-02	2.3468e-01
6.0206e-01	6.4353e-01	4.7232e-01
5.8152e-01	5.6744e-01	5.8267e-01
4.1229e-01	6.1423e-01	6.7258e-01
5.0302e-01	5.0939e-01	6.9795e-01
9.5388e-01	2.2270e-01	2.0158e-01
4.8808e-01	5.2029e-01	7.0052e-01
6.4930e-02	3.4165e-01	9.3750e-01
6.8879e-01	5.2140e-01	5.0344e-01
6.4778e-01	5.0411e-01	5.7093e-01
5.3084e-01	5.7642e-01	6.2097e-01
7.0468e-01	4.9313e-01	5.0989e-01
5.6829e-01	6.8183e-01	4.6026e-01
5.7947e-01	5.0662e-01	6.3814e-01
4.9554e-01	7.2747e-01	4.7423e-01
1.7676e-01	3.3196e-01	9.2646e-01
5.2725e-01	5.7452e-01	6.2578e-01
5.9830e-02	9.1023e-02	9.9401e-01
9.6172e-01	2.6752e-04	2.7430e-01
7.1572e-02	1.9925e-02	9.9721e-01
9.8497e-01	1.2394e-01	1.2118e-01
9.6986e-01	2.8834e-03	2.4400e-01
6.9719e-01	4.7187e-01	5.3945e-01
5.3329e-01	5.2299e-01	6.6465e-01
9.9845e-01	5.7804e-02	9.5642e-03
6.7944e-01	5.0291e-01	5.3401e-01
5.3904e-01	5.1232e-01	6.6830e-01
1.0005e-01	2.5262e-02	9.9462e-01
2.4401e-01	1.4545e-01	9.5870e-01
9.2239e-01	2.4954e-01	2.9487e-01
1.2561e-01	1.9869e-01	9.7190e-01
5.6307e-01	5.6940e-01	5.9866e-01
9.6602e-01	1.3613e-01	2.2004e-01
6.8492e-01	5.7532e-01	4.4680e-01
2.4260e-03	2.9013e-01	9.5693e-01
6.4553e-01	4.7896e-01	5.9464e-01
9.7692e-01	1.3595e-01	1.6530e-01
9.6614e-01	2.1861e-01	1.3765e-01
4.4578e-01	6.4217e-01	6.2333e-01
5.7458e-01	6.4729e-01	5.0055e-01
6.0410e-01	5.5475e-01	5.7185e-01
9.5886e-01	2.2053e-01	1.7918e-01
1.4884e-01	2.9908e-02	9.8836e-01
1.9194e-01	2.6410e-01	9.4509e-01
6.6297e-01	4.8075e-01	5.7365e-01
6.4718e-01	4.6199e-01	6.0616e-01
5.3989e-01	5.5463e-01	6.3290e-01
7.0115e-01	4.3552e-01	5.6431e-01
1.0610e-01	8.8884e-02	9.9032e-01
4.7569e-03	1.4272e-01	9.8973e-01
5.1847e-01	5.4854e-01	6.5571e-01
6.8673e-02	9.7393e-01	2.1586e-01
5.3597e-01	4.8878e-01	6.8811e-01
5.4928e-01	5.8601e-01	5.9545e-01
5.1167e-01	5.8957e-01	6.2471e-01
5.4612e-01	5.8211e-01	6.0213e-01
6.2776e-01	5.5457e-01	5.4595e-01
5.8918e-01	5.1857e-01	6.1937e-01
4.4164e-01	5.9369e-01	6.7240e-01
6.5337e-01	5.2007e-01	5.4986e-01
5.9802e-01	5.4045e-01	5.9157e-01
6.4335e-02	9.9694e-01	4.4084e-02
3.2599e-01	1.7779e-01	9.2837e-01
6.1910e-01	5.4820e-01	5.6204e-01
2.1096e-01	9.4654e-01	2.4358e-01
5.4404e-01	6.1273e-01	5.7293e-01
2.8621e-01	1.9470e-01	9.3806e-01
1.7499e-01	9.8020e-01	9.2087e-02
9.6612e-01	1.8612e-01	1.7924e-01
5.6539e-01	6.8729e-01	4.5568e-01
1.6588e-01	1.3979e-01	9.7610e-01
6.3421e-01	5.9171e-01	4.9735e-01
6.0400e-01	5.2793e-01	5.9680e-01
2.9211e-01	1.8793e-01	9.3762e-01
2.0005e-01	9.7453e-01	1.0065e-01
4.8404e-01	6.1531e-01	6.2189e-01
9.2687e-01	3.5445e-01	1.2404e-01
6.1517e-01	6.4596e-01	4.5166e-01
3.1625e-01	9.4632e-01	6.5684e-02
6.7121e-02	9.6644e-01	2.4765e-01
5.7669e-01	4.5256e-01	6.7993e-01
6.5666e-01	5.6032e-01	5.0453e-01
2.6404e-01	1.5203e-01	9.5234e-01
6.6412e-01	4.1563e-01	6.2122e-01
5.9031e-01	6.1874e-01	5.1804e-01
4.5876e-01	5.4657e-01	7.0033e-01
4.4273e-01	6.9680e-01	5.6400e-01
6.4372e-01	5.7516e-01	5.0451e-01
2.3651e-01	3.1112e-01	9.2033e-01
2.1772e-01	9.4861e-01	2.2917e-01
2.2370e-01	1.4555e-01	9.6363e-01
4.8420e-01	5.4891e-01	6.8110e-01
6.1436e-01	6.0110e-01	5.1081e-01
5.6010e-01	6.5041e-01	5.1275e-01
1.9061e-01	9.7508e-01	1.1289e-01
1.2801e-02	9.4943e-01	3.1349e-01
9.6709e-01	1.4912e-01	2.0652e-01
6.8533e-01	4.6100e-01	5.6350e-01
3.7519e-02	3.1683e-01	9.4767e-01
5.2437e-01	5.5738e-01	6.4344e-01
5.5162e-01	6.8963e-01	4.6884e-01
5.4093e-01	6.2331e-01	5.6440e-01
2.1452e-01	9.7452e-01	6.4607e-02
4.5669e-01	6.9591e-01	5.5388e-01
2.1465e-01	7.7440e-02	9.7353e-01
3.5272e-01	9.3172e-01	8.5554e-02
9.3670e-01	3.4681e-01	4.9643e-02
5.6764e-01	6.0157e-01	5.6175e-01
1.2143e-01	9.8877e-01	8.6618e-02
8.5095e-02	9.6526e-01	2.4670e-01
9.2099e-01	2.1086e-01	3.2762e-01
5.5175e-01	5.7584e-01	6.0303e-01
9.5245e-01	3.0486e-01	1.0651e-02
3.3765e-01	9.3578e-01	1.0071e-01
5.5155e-01	6.9805e-01	4.5629e-01
9.2715e-01	3.4579e-01	1.4461e-01
4.5187e-01	6.5597e-01	6.0428e-01
9.2802e-01	3.7236e-01	1.7161e-02
4.7681e-01	6.1790e-01	6.2489e-01
6.2515e-01	5.0906e-01	5.9138e-01
1.9051e-01	9.8128e-01	2.6734e-02
9.9419e-01	1.4957e-02	1.0787e-01
6.4875e-01	4.4948e-01	6.1383e-01
9.3041e-01	1.9224e-01	3.1215e-01
3.9000e-01	9.2059e-01	1.6779e-02
5.6870e-01	5.5156e-01	6.0995e-01
2.0101e-01	1.7855e-01	9.6309e-01
6.8198e-01	5.7676e-01	4.4944e-01
9.5323e-01	1.1617e-01	2.7920e-01
2.4702e-01	9.5286e-01	1.7561e-01
6.9323e-01	4.5331e-01	5.6007e-01
7.2138e-01	5.1597e-01	4.6169e-01
4.7799e-01	5.3095e-01	6.9948e-01
1.6476e-01	9.3945e-01	3.0009e-01
1.9748e-01	9.4291e-01	2.6777e-01
5.2000e-01	4.9496e-01	6.9590e-01
1.7890e-01	3.3834e-01	9.2374e-01
5.5179e-01	6.0941e-01	5.6905e-01
2.3423e-01	5.6080e-02	9.7048e-01
7.2220e-01	5.2006e-01	4.5577e-01
9.2757e-01	2.5538e-01	2.7283e-01
4.1450e-01	5.9290e-01	6.9014e-01
6.2572e-01	5.8356e-01	5.1734e-01
6.7955e-01	4.8457e-01	5.5058e-01
7.0883e-01	4.6068e-01	5.3393e-01
2.3941e-01	6.6812e-02	9.6853e-01
5.8335e-01	6.0383e-01	5.4294e-01
2.9766e-01	7.0678e-02	9.5195e-01
2.2878e-02	9.4515e-01	3.2560e-01
2.5206e-01	2.0391e-01	9.4587e-01
9.8654e-01	4.6110e-02	1.5759e-01
9.5929e-01	2.7262e-01	7.5031e-02
4.3411e-01	6.9245e-01	5.7594e-01
5.6568e-01	5.1186e-01	6.4627e-01
2.3802e-01	9.6733e-01	8.6468e-02
5.4471e-01	6.8005e-01	4.9041e-01
5.5202e-01	6.0514e-01	5.7336e-01
6.9128e-01	5.3636e-01	4.8393e-01
1.8464e-01	9.2143e-01	3.4149e-01
6.2338e-01	4.2877e-01	6.5366e-01
1.4750e-01	9.2824e-01	3.4115e-01
1.1441e-01	2.7420e-01	9.5475e-01
6.9959e-01	4.8759e-01	5.2209e-01
5.7149e-01	5.3381e-01	6.2300e-01
2.2954e-01	2.7920e-01	9.3226e-01
5.7798e-01	6.3969e-01	5.0637e-01
4.8032e-01	6.5087e-01	5.8761e-01
4.4217e-01	7.0478e-01	5.5444e-01
6.1970e-01	5.7531e-01	5.3357e-01
6.1606e-01	4.9407e-01	6.1324e-01
5.3158e-01	5.7623e-01	6.2051e-01
1.8569e-01	1.3427e-01	9.7330e-01
5.4868e-01	5.6994e-01	6.1137e-01
6.5571e-01	6.0952e-01	4.4526e-01
5.3987e-01	6.5762e-01	5.2511e-01
2.2151e-01	9.4108e-01	2.5510e-01
2.1925e-01	2.6147e-01	9.3986e-01
9.4614e-01	3.1345e-01	8.1978e-02
6.2189e-01	5.6974e-01	5.3697e-01
9.4459e-01	6.0403e-02	3.2279e-01
9.2698e-01	1.3065e-01	3.5168e-01
3.6342e-02	3.3926e-01	9.3992e-01
6.0814e-01	5.7367e-01	5.4842e-01
5.6492e-01	4.7743e-01	6.7275e-01
4.2984e-01	6.5557e-01	6.2056e-01
5.9425e-01	5.7630e-01	5.6073e-01
5.9894e-01	6.4669e-01	4.7197e-01
3.8025e-02	9.7891e-01	2.0049e-01
4.1890e-01	6.6282e-01	6.2033e-01
2.4314e-01	9.6811e-01	5.9321e-02
7.8583e-02	9.8133e-01	1.7522e-01
9.8454e-01	1.6024e-01	7.2434e-02
9.8832e-01	1.2662e-01	8.6172e-02
4.5457e-01	6.0660e-01	6.5195e-01
9.2771e-01	2.0277e-01	3.1349e-01
5.0924e-01	6.4779e-01	5.6629e-01
9.2218e-01	3.7495e-01	9.5407e-02
5.9847e-01	6.3835e-01	4.8376e-01
2.1845e-01	9.7475e-01	4.4988e-02
5.2708e-01	5.3912e-01	6.5665e-01
7.0940e-01	4.5580e-01	5.3736e-01
3.2499e-01	9.3944e-01	1.0798e-01
5.9484e-01	6.6315e-01	4.5395e-01
2.0180e-01	9.2383e-01	3.2488e-01
9.2383e-01	9.4235e-02	3.7109e-01
2.4898e-01	9.2614e-01	2.8289e-01
6.9041e-01	4.4378e-01	5.7109e-01
5.9931e-01	4.1812e-01	6.8242e-01
7.3104e-02	9.9140e-01	1.0822e-01
9.7739e-01	1.7187e-01	1.2398e-01
1.0221e-01	9.7216e-01	2.1048e-01
1.6865e-01	2.0197e-01	9.6467e-01
2.9788e-01	9.4589e-01	1.2798e-01
5.7652e-01	5.0997e-01	6.3815e-01
1.9373e-02	2.2922e-01	9.7314e-01
5.6911e-01	5.5128e-01	6.0982e-01
4.9115e-01	5.0904e-01	7.0661e-01
6.7470e-01	5.3909e-01	5.0388e-01
1.7879e-01	9.7958e-01	9.1320e-02
2.5550e-01	1.1199e-01	9.6019e-01
9.8118e-01	1.8691e-01	5.0919e-02
2.3599e-01	9.7142e-01	2.3470e-02
8.2007e-02	9.5886e-01	2.7146e-01
5.1578e-01	6.6694e-01	5.3742e-01
6.2083e-01	5.4912e-01	5.5922e-01
9.6445e-01	2.4824e-01	9.1616e-02
1.9539e-01	9.2101e-01	3.3660e-01
4.8396e-01	5.7858e-01	6.5626e-01
5.5521e-01	6.6819e-01	4.9491e-01
6.4938e-01	5.5290e-01	5.2183e-01
6.1430e-01	6.4399e-01	4.5565e-01
6.6761e-01	4.9962e-01	5.5171e-01
9.2965e-01	6.3071e-02	3.6309e-01
6.6672e-01	5.7761e-01	4.7073e-01
5.0162e-01	6.1202e-01	6.1111e-01
3.5693e-01	1.4991e-01	9.2189e-01
6.0346e-01	6.1467e-01	5.0765e-01
2.0288e-01	9.6072e-01	1.8884e-01
5.7852e-01	5.0482e-01	6.4042e-01
6.2291e-01	5.8832e-01	5.1532e-01
9.3210e-01	1.0661e-01	3.4625e-01
1.2556e-01	9.8314e-01	1.3252e-01
4.8892e-01	6.7373e-01	5.5380e-01
1.4546e-01	9.4300e-01	2.9896e-01
3.4671e-01	1.3323e-01	9.2834e-01
4.9607e-01	6.9060e-01	5.2596e-01
9.5265e-01	7.2469e-02	2.9550e-01
9.3205e-01	3.5072e-01	9.1723e-02
9.7128e-01	1.8767e-01	1.4681e-01
5.6448e-01	6.7339e-01	4.7706e-01
9.3367e-01	2.5119e-02	3.5735e-01
9.6936e-01	2.2616e-01	9.6848e-02
9.2377e-01	3.6464e-01	1.1744e-01
6.2534e-01	5.4626e-01	5.5700e-01
5.6872e-01	5.1535e-01	6.4082e-01
1.4149e-01	5.3176e-02	9.8846e-01
2.6368e-01	2.1957e-01	9.3917e-01
5.9008e-01	4.7475e-01	6.5277e-01
3.1250e-01	9.3946e-01	1.3990e-01
1.7659e-01	9.8030e-01	8.7807e-02
6.7608e-01	5.8430e-01	4.4861e-01
1.1569e-01	9.5380e-01	2.7692e-01
1.5268e-01	9.3280e-01	3.2611e-01
6.5267e-01	6.0832e-01	4.5132e-01
3.7359e-02	9.9720e-01	6.4587e-02
9.9270e-01	1.2006e-03	1.2170e-01
5.7946e-01	5.7357e-01	5.7872e-01
4.3634e-01	5.6207e-01	7.0238e-01
2.0102e-01	2.9494e-01	9.3401e-01
6.1677e-01	6.6014e-01	4.2838e-01
5.6325e-03	1.1161e-01	9.9372e-01
2.2754e-01	9.7324e-01	3.0344e-02
6.3216e-01	6.2620e-01	4.5601e-01
2.5147e-01	7.8444e-02	9.6459e-01
5.7807e-01	5.0396e-01	6.4150e-01
9.4005e-01	9.6177e-02	3.2730e-01
3.6006e-01	9.2932e-01	8.0967e-02
9.4004e-01	2.0100e-01	2.7563e-01
4.8957e-01	5.7576e-01	6.5458e-01
9.2775e-01	5.4841e-02	3.6924e-01
1.2795e-02	2.9285e-01	9.5601e-01
3.4637e-01	9.2870e-01	1.3175e-01
1.5466e-01	2.8158e-02	9.8751e-01
9.9879e-01	3.6314e-02	3.7766e-02
4.5530e-01	7.2247e-01	5.2000e-01
4.3408e-01	6.6963e-01	6.0233e-01
1.6397e-01	9.7139e-01	1.7128e-01
9.2516e-01	3.5598e-01	1.3212e-01
6.5852e-01	5.8083e-01	4.7823e-01
9.7373e-01	3.2599e-03	2.2804e-01
4.2087e-01	5.9568e-01	6.8386e-01
1.6921e-01	2.6405e-01	9.4944e-01
2.0866e-01	9.6583e-01	1.5313e-01
6.7483e-01	5.1268e-01	5.3055e-01
6.2884e-01	4.8087e-01	6.1076e-01
1.2418e-01	9.8812e-01	9.0064e-02
7.0259e-01	4.6551e-01	5.3798e-01
3.1340e-01	9.2849e-01	1.9864e-01
2.9543e-01	1.9833e-01	9.3442e-01
9.3170e-01	2.6386e-01	2.4971e-01
7.1390e-01	5.2439e-01	4.6381e-01
5.6444e-02	2.9535e-01	9.5364e-01
6.5479e-01	6.2261e-01	4.2819e-01
5.2737e-01	7.0280e-01	4.7709e-01
4.8061e-01	5.8240e-01	6.5534e-01
3.4379e-01	9.3781e-01	4.6588e-02
5.2358e-01	6.5340e-01	5.4644e-01
9.7056e-01	2.3995e-01	2.5728e-02
6.3126e-01	6.5274e-01	4.1850e-01
5.5989e-01	4.9260e-01	6.6599e-01
5.7322e-01	6.5282e-01	4.9489e-01
6.1661e-01	6.6323e-01	4.2381e-01
3.9838e-02	9.9789e-01	5.1133e-02
1.9302e-01	2.7037e-01	9.4310e-01
5.9462e-01	6.7478e-01	4.3680e-01
4.3810e-01	6.4080e-01	6.3015e-01
5.0043e-01	6.4743e-01	5.7450e-01
6.3890e-01	4.8161e-01	5.9964e-01
4.3606e-01	6.8404e-01	5.8445e-01
1.5531e-01	8.1857e-02	9.8440e-01
1.9920e-01	2.2781e-01	9.5300e-01
2.9094e-01	9.4316e-01	1.5999e-01
9.9107e-01	2.3517e-02	1.3216e-01
1.0448e-01	9.6491e-01	2.4053e-01
3.0256e-01	9.4416e-02	9.4834e-01
5.7776e-01	6.9839e-01	4.2207e-01
2.6272e-01	2.3635e-01	9.3536e-01
2.6064e-01	9.6006e-01	1.0091e-01
6.5272e-01	4.9352e-01	5.7455e-01
3.0633e-01	9.4805e-01	8.4791e-02
6.3760e-01	4.7487e-01	6.0637e-01
9.9645e-01	4.6393e-02	7.2347e-02
9.2024e-01	2.8229e-01	2.7111e-01
5.4192e-01	6.6006e-01	5.1991e-01
9.3906e-01	1.0500e-01	3.2741e-01
1.5518e-01	5.4867e-02	9.8629e-01
5.8889e-01	5.5428e-01	5.8793e-01
8.5736e-02	9.8496e-01	1.4964e-01
5.4960e-01	5.0612e-01	6.6442e-01
5.6987e-01	5.8216e-01	5.7967e-01
9.3626e-01	2.3238e-01	2.6358e-01
5.7917e-01	4.7477e-01	6.6245e-01
6.3751e-01	5.3549e-01	5.5365e-01
1.0493e-01	2.0267e-01	9.7353e-01
8.5763e-02	6.6513e-02	9.9405e-01
1.5071e-01	3.4942e-01	9.2464e-01
1.8579e-01	3.1179e-01	9.3168e-01
9.5814e-01	1.6357e-01	2.3524e-01
5.9717e-01	5.4390e-01	5.8926e-01
9.5012e-01	3.1052e-01	3.2094e-02
9.8229e-01	1.2047e-01	1.4425e-01
6.4828e-01	5.2345e-01	5.5268e-01
6.6126e-01	4.2053e-01	6.2098e-01
5.8658e-01	6.7493e-01	4.4732e-01
5.8720e-01	6.5365e-01	4.7709e-01
5.2569e-01	7.0973e-01	4.6861e-01
5.8712e-01	4.6190e-01	6.6455e-01
6.1974e-01	6.0651e-01	4.9777e-01
1.8813e-01	8.7315e-02	9.7817e-01
3.4812e-01	9.2380e-01	1.5866e-01
6.3089e-01	5.6385e-01	5.3268e-01
6.4188e-01	5.8156e-01	4.9948e-01
4.7878e-01	6.3511e-01	6.0585e-01
9.6702e-01	8.0146e-02	2.4206e-01
5.6206e-01	4.3732e-01	7.0180e-01
9.9512e-01	1.0027e-01	2.2401e-03
4.9946e-01	5.9885e-01	6.2576e-01
6.6496e-01	5.0991e-01	5.4547e-01
1.3635e-01	9.8359e-01	1.1765e-01
3.4149e-01	9.3592e-01	8.5290e-02
2.8873e-02	9.8171e-01	1.8794e-01
9.7033e-01	1.8622e-01	1.5472e-01
5.5163e-01	7.1039e-01	4.3673e-01
1.1031e-01	3.7305e-01	9.2112e-01
9.6565e-01	2.2797e-01	1.2535e-01
9.6709e-01	2.4449e-01	7.1896e-02
9.0074e-03	1.5916e-01	9.8718e-01
5.9827e-01	6.5378e-01	4.6296e-01
3.0145e-01	9.3063e-01	2.0696e-01
4.5873e-01	5.4619e-01	7.0063e-01
5.9248e-01	6.6454e-01	4.5501e-01
6.8366e-02	9.8431e-01	1.6236e-01
9.4761e-01	2.2374e-01	2.2820e-01
3.2583e-01	9.4462e-01	3.7385e-02
1.1402e-01	9.8381e-01	1.3790e-01
4.4169e-02	2.8509e-01	9.5741e-01
6.3036e-03	3.3982e-01	9.4041e-01
1.2616e-01	9.6292e-01	2.3807e-01
9.7852e-01	1.4084e-01	1.5119e-01
5.3742e-01	5.2948e-01	6.5612e-01
6.3639e-01	5.4809e-01	5.4251e-01
2.2685e-01	9.7286e-01	4.4292e-02
9.8043e-01	8.0379e-02	1.8024e-01
9.7332e-01	1.9919e-01	1.1472e-01
5.5718e-01	6.8693e-01	4.6622e-01
6.1125e-01	5.9967e-01	5.1620e-01
1.2391e-01	2.5905e-01	9.5779e-01
5.6845e-01	4.6844e-01	6.7610e-01
1.8102e-01	5.5420e-02	9.8184e-01
6.9401e-01	4.6339e-01	5.5078e-01
4.2764e-01	6.6635e-01	6.1052e-01
6.0132e-01	4.4351e-01	6.6439e-01
5.2582e-01	5.7764e-01	6.2410e-01
6.8573e-01	4.3832e-01	5.8085e-01
6.0275e-01	6.5136e-01	4.6056e-01
6.0491e-01	5.7805e-01	5.4740e-01
5.7041e-01	6.7498e-01	4.6768e-01
2.1754e-01	9.7112e-01	9.7228e-02
4.3883e-01	6.6819e-01	6.0049e-01
5.2460e-01	5.4719e-01	6.5195e-01
6.7720e-01	4.6518e-01	5.6986e-01
9.4743e-01	2.7827e-01	1.5834e-01
9.8994e-01	6.9694e-02	1.2408e-01
1.3832e-01	3.4488e-01	9.2829e-01
3.2738e-01	9.4481e-01	7.0940e-03
2.1603e-02	9.3528e-01	3.5302e-01
7.1655e-01	4.6333e-01	5.2119e-01
5.2261e-01	5.1231e-01	6.8123e-01
5.4741e-01	6.9236e-01	4.6974e-01
1.4197e-01	3.2120e-01	9.3621e-01
2.3859e-01	1.3753e-01	9.6123e-01
1.9192e-01	1.4566e-01	9.7045e-01
9.6626e-01	2.3269e-01	1.1120e-01
5.5885e-01	5.0857e-01	6.5476e-01
5.8690e-01	5.0891e-01	6.2948e-01
6.6078e-01	5.6754e-01	4.9089e-01
1.7286e-01	9.8353e-01	5.2001e-02
6.2134e-01	4.2151e-01	6.6028e-01
1.8358e-02	9.8747e-01	1.5655e-01
5.3512e-01	5.5328e-01	6.3811e-01
3.6738e-02	1.7805e-01	9.8329e-01
9.5324e-01	2.7006e-01	1.3613e-01
3.6559e-01	9.6975e-02	9.2559e-01
9.3084e-01	1.0817e-01	3.4913e-01
6.7164e-01	4.3406e-01	6.0020e-01
9.8406e-01	1.9337e-03	1.7843e-01
5.3202e-02	9.3544e-01	3.4921e-01
5.9510e-01	6.1769e-01	5.1379e-01
9.7227e-01	1.1924e-01	2.0155e-01
1.5052e-01	9.7685e-01	1.5157e-01
4.7601e-01	5.5648e-01	6.8072e-01
6.0780e-01	5.2679e-01	5.9394e-01
4.9261e-01	5.0039e-01	7.1176e-01
5.5867e-01	5.2733e-01	6.3991e-01
5.4401e-01	4.8606e-01	6.8372e-01
5.4449e-01	5.4796e-01	6.3477e-01
5.8179e-01	5.5575e-01	5.9357e-01
5.5199e-01	6.2237e-01	5.5465e-01
3.3278e-01	9.3923e-01	8.3347e-02
6.1634e-01	6.1350e-01	4.9339e-01
