0.1528	-0.2963	-2.0000
0.1003	0.1607	0.0000
0.1684	-0.1551	0.0000
-0.1619	-0.2455	0.0000
-0.0330	0.1216	-2.0000
-0.1806	0.2674	0.0000
-0.3887	0.8964	0.0000
-0.0898	0.1164	0.0000
0.0458	0.0578	-2.0000
-0.0892	0.0964	-2.0000
0.1895	0.0846	0.0000
0.0988	0.1438	0.0000
-0.1694	0.1485	0.0000
-0.0837	-0.2138	0.0000
-0.0114	0.2522	0.0000
-0.0631	0.1132	0.0000
-0.1266	0.2806	-2.0000
-0.3151	0.0662	0.0000
0.3111	0.0299	-2.0000
-0.0233	-0.1513	0.0000
-0.1372	0.0966	0.0000
0.1197	0.0608	-2.0000
-0.1091	0.0349	-2.0000
-0.2331	0.1242	0.0000
-0.1244	0.1977	-2.0000
-0.0537	0.3566	0.0000
0.3517	-0.0678	0.0000
0.1947	0.2111	-2.0000
-0.1603	0.0712	0.0000
0.2199	0.1943	0.0000
-0.0532	0.1494	0.0000
0.0676	-0.1341	0.0000
-0.0180	0.2954	-2.0000
-0.2288	0.2196	0.0000
-0.0557	-0.2130	0.0000
0.0447	0.1075	-3.0000
-0.0714	-0.3150	0.0000
-0.0248	0.0432	-3.0000
0.1713	-0.1313	-2.0000
0.1564	-0.0046	0.0000
0.0069	0.0723	0.0000
0.1055	0.3685	0.0000
-0.0901	0.0715	0.0000
0.1127	-0.2130	0.0000
0.2960	-0.0086	0.0000
-0.1178	0.2996	0.0000
0.0346	-0.2362	0.0000
0.4378	-0.0068	0.0000
-0.2553	0.1506	0.0000
0.0666	0.1002	-3.0000
0.0388	-0.0440	-2.0000
0.1885	0.0588	0.0000
0.1168	0.3318	0.0000
-0.1500	-0.0399	0.0000
-0.3679	-0.1217	0.0000
-0.0213	-0.2198	0.0000
0.1226	0.0271	0.0000
-0.0459	-0.0552	-2.0000
0.0536	-0.0138	0.0000
0.0778	-0.3499	0.0000
0.0472	-0.2343	0.0000
0.0119	-0.0195	-2.0000
0.3025	-0.1914	-2.0000
-0.0467	-0.2139	-2.0000
0.2485	-0.1312	0.0000
0.2261	0.0767	0.0000
-0.1299	-0.0016	-3.0000
0.0234	-0.2584	0.0000
-0.1954	0.1837	0.0000
0.2337	0.0432	-2.0000
0.1383	-0.4178	0.0000
0.1682	-0.1106	-2.0000
-0.2421	0.0498	-3.0000
0.0023	0.0336	-3.0000
-0.1177	0.3208	-2.0000
-0.0258	0.0642	0.0000
-0.0384	-0.0265	-3.0000
-0.0260	-0.0220	0.0000
-0.2205	-0.1539	0.0000
0.0402	-0.1324	-2.0000
-0.0234	-0.3032	0.0000
0.0460	0.2544	-2.0000
-0.0215	-0.0986	-2.0000
-0.1467	-0.2712	0.0000
-0.5133	0.3505	0.0000
0.1020	-0.3262	0.0000
0.0340	-0.2135	-3.0000
-0.3957	-0.0758	0.0000
0.1687	-0.2451	-2.0000
-0.4026	0.1565	0.0000
-0.2438	0.0643	-2.0000
-0.0256	0.0070	-3.0000
0.3578	-0.0564	0.0000
0.1154	-0.3366	0.0000
0.1889	0.2584	0.0000
0.1592	0.2908	-2.0000
0.2400	0.2090	0.0000
0.2062	0.3024	-2.0000
-0.2126	0.2350	-3.0000
0.2261	0.1995	0.0000
0.1426	0.1038	0.0000
0.1247	0.2262	-2.0000
0.0006	0.2077	-2.0000
0.0805	0.1668	0.0000
0.1115	-0.0339	0.0000
-0.0448	-0.1054	0.0000
0.1615	-0.2171	0.0000
-0.0206	0.1580	-3.0000
0.0166	0.4078	0.0000
0.1796	-0.2502	0.0000
-0.1812	-0.0147	0.0000
0.0412	-0.3265	-2.0000
-0.1860	0.1535	-2.0000
0.0675	0.2472	-2.0000
-0.4802	0.1496	0.0000
0.1259	0.0262	-3.0000
-0.2251	0.2975	0.0000
-0.1543	0.0706	0.0000
0.2130	0.2080	-2.0000
-0.0502	0.1630	0.0000
0.3500	0.0087	0.0000
0.2311	0.1919	0.0000
0.0437	-0.2066	-2.0000
0.2886	-0.0604	-2.0000
-0.2748	0.1375	0.0000
0.0277	0.1911	-2.0000
-0.2351	0.1274	0.0000
0.1729	-0.1292	-3.0000
0.0449	-0.2791	0.0000
0.2232	-0.0217	0.0000
0.0548	-0.0381	-2.0000
0.1513	0.0500	0.0000
-0.3652	0.0051	-2.0000
-0.2170	0.2236	0.0000
0.1605	0.1840	-2.0000
0.0270	0.2965	0.0000
-0.0455	0.1039	-3.0000
-0.0355	-0.0833	0.0000
-0.2554	-0.0666	-2.0000
-0.0994	-0.0017	0.0000
0.2142	0.0938	0.0000
-0.0197	-0.0365	-2.0000
0.2663	0.4255	0.0000
-0.1631	0.0524	0.0000
-0.0132	0.2484	0.0000
0.0160	-0.0708	-2.0000
-0.1959	-0.1107	0.0000
0.4402	0.0485	0.0000
-0.0187	-0.0620	0.0000
0.0109	0.0076	-2.0000
-0.1831	-0.2519	0.0000
0.0239	0.3424	0.0000
0.2119	0.1642	0.0000
0.0411	-0.1745	-3.0000
0.3485	0.1248	0.0000
0.3655	-0.2847	0.0000
0.2787	-0.0411	0.0000
0.1509	-0.2411	0.0000
-0.2166	-0.2093	0.0000
0.0511	0.1962	0.0000
-0.0045	0.4341	0.0000
0.1185	-0.1508	0.0000
-0.0219	0.0288	0.0000
0.1480	0.3906	0.0000
-0.0547	0.2275	0.0000
-0.0072	-0.1460	0.0000
-0.1683	0.0287	0.0000
-0.2479	0.1795	0.0000
0.1532	0.0915	-3.0000
-0.1745	0.0588	0.0000
0.3059	0.2659	0.0000
0.1696	-0.0697	-2.0000
0.1156	-0.3029	-2.0000
-0.3147	-0.1403	0.0000
0.0657	-0.0144	0.0000
0.1547	0.0823	0.0000
-0.1146	0.0812	0.0000
-0.1447	0.0294	0.0000
0.3901	0.0023	0.0000
0.1285	0.1596	0.0000
0.1655	0.1260	0.0000
-0.0177	-0.4334	0.0000
-0.0412	0.2911	0.0000
0.1186	-0.0279	-2.0000
0.1147	-0.0614	0.0000
-0.2995	-0.0041	0.0000
0.1988	0.2245	0.0000
0.0498	0.0800	-2.0000
-0.2498	0.1189	0.0000
0.1991	-0.0072	-2.0000
-0.0739	0.3226	0.0000
0.0389	0.0886	0.0000
-0.2157	0.0769	0.0000
0.0856	0.2315	-3.0000
-0.1565	0.0673	-2.0000
-0.1396	0.2728	0.0000
-0.0193	0.3489	-2.0000
-0.0199	-0.0195	0.0000
0.1081	-0.1697	0.0000
0.1287	0.1136	0.0000
0.1439	0.0199	0.0000
0.3654	-0.1188	0.0000
-0.0319	-0.0410	0.0000
0.1167	-0.2943	0.0000
-0.0918	-0.3588	0.0000
-0.3528	-0.1646	0.0000
-0.1608	0.1816	0.0000
-0.0249	-0.1359	0.0000
0.2288	0.0027	0.0000
0.1233	0.0232	-2.0000
-0.4151	0.1509	0.0000
-0.1136	-0.0911	-2.0000
-0.0145	-0.1748	-2.0000
0.0670	0.1799	-2.0000
0.0403	0.2877	-2.0000
0.0269	0.1652	-3.0000
0.0481	-0.1909	0.0000
-0.0754	-0.0238	-3.0000
-0.3941	0.0013	0.0000
0.1711	0.1316	-2.0000
0.1079	-0.0519	-3.0000
-0.1870	-0.0718	0.0000
-0.0098	-0.3382	0.0000
0.1814	-0.0322	0.0000
0.1204	0.1045	-2.0000
0.1800	-0.3411	-2.0000
0.2762	-0.0568	0.0000
0.0983	0.0284	0.0000
-0.0782	-0.3047	-2.0000
-0.2225	-0.1771	-2.0000
0.0368	-0.0016	-2.0000
-0.0931	-0.3746	0.0000
0.3672	0.1870	0.0000
0.0260	-0.0462	0.0000
-0.2690	-0.2952	0.0000
0.1362	-0.0506	0.0000
0.1142	0.2849	-2.0000
-0.8630	-0.7453	0.0000
0.1219	-0.0715	-2.0000
-0.1099	0.1650	0.0000
0.1652	-0.0751	-3.0000
0.2607	-0.0974	0.0000
-0.1370	0.1032	-2.0000
0.3321	-0.1306	0.0000
0.0210	-0.0959	-2.0000
-0.1231	0.1301	0.0000
0.3350	0.0356	0.0000
-0.0983	0.2421	0.0000
-0.1040	0.1526	0.0000
-0.1186	0.0295	0.0000
-0.0182	-0.0528	-3.0000
0.1040	-0.2854	0.0000
-0.0633	-0.1495	0.0000
-0.0319	0.3318	0.0000
-0.1051	0.0534	-2.0000
0.1616	-0.0389	0.0000
0.3816	0.0821	0.0000
-0.0087	-0.0659	0.0000
-0.0454	0.0064	-3.0000
-0.0275	0.1441	0.0000
0.1622	0.0672	0.0000
0.0451	0.0922	-2.0000
0.3376	-0.1970	0.0000
0.0704	-0.0505	-3.0000
0.0684	0.0341	-3.0000
0.1105	0.1368	-3.0000
0.1826	0.0516	0.0000
-0.3338	0.0738	0.0000
-0.0142	0.0273	-3.0000
0.1994	-0.0036	0.0000
0.1160	-0.0588	-2.0000
-0.1527	0.0987	-2.0000
0.0905	0.2169	-2.0000
0.1779	-0.2202	0.0000
-0.0784	-0.1128	0.0000
0.2110	-0.2485	0.0000
-0.0475	0.2668	0.0000
0.1834	-0.2420	-2.0000
0.1580	-0.0813	-3.0000
0.2684	0.0982	-2.0000
0.1827	0.2269	-3.0000
0.2689	0.2293	0.0000
-0.0857	-0.0672	-3.0000
0.1190	0.0296	-3.0000
-0.1214	-0.0041	0.0000
0.2553	-0.2151	0.0000
-0.2927	-0.0274	0.0000
0.0849	-0.1792	0.0000
-0.1702	-0.3627	0.0000
-0.0935	-0.0311	0.0000
-0.0234	-0.0438	0.0000
-0.1249	0.3939	0.0000
-0.7808	0.5663	0.0000
0.2953	-0.1110	-2.0000
0.1274	0.2205	-3.0000
0.1862	0.2443	0.0000
-0.2480	-0.0547	0.0000
0.1179	0.1266	-3.0000
0.1000	-0.1922	0.0000
0.1135	-0.1729	0.0000
0.0360	-0.0976	0.0000
0.2930	-0.0449	0.0000
0.2865	0.1149	-2.0000
-0.0631	-0.1170	0.0000
-0.1546	0.0416	-2.0000
0.3554	0.2302	0.0000
-0.1653	0.0466	-3.0000
0.0160	0.0509	-3.0000
0.0915	0.0404	-2.0000
0.2258	-0.1155	-2.0000
0.0416	0.2835	-2.0000
0.2113	0.0635	-2.0000
0.1488	0.1343	0.0000
0.1973	-0.1805	-3.0000
-0.5366	-0.0738	0.0000
-0.1272	-0.1348	-2.0000
0.2658	0.2032	0.0000
0.2341	-0.1312	-2.0000
-0.2459	-0.2775	0.0000
-0.0057	0.1520	-3.0000
-0.1072	0.0161	0.0000
-0.2791	0.2317	0.0000
0.0438	-0.0590	0.0000
-0.1064	-0.2181	0.0000
0.0498	0.0199	-3.0000
0.1516	0.1585	-2.0000
-0.0366	-0.1812	-3.0000
-0.0871	-0.0187	-2.0000
0.0481	-0.1714	-2.0000
-0.1813	0.0687	0.0000
0.2227	0.0739	0.0000
0.1224	0.0140	-2.0000
-0.1194	-0.2909	-2.0000
-0.2067	-0.6018	0.0000
0.2932	0.0192	0.0000
-0.0641	0.0657	-3.0000
0.0118	-0.0265	-2.0000
-0.2967	0.0096	0.0000
0.0765	-0.3113	0.0000
0.0236	0.0636	-2.0000
0.0400	0.1365	0.0000
0.2896	-0.1554	0.0000
0.0826	-0.0037	0.0000
-0.0045	-0.0359	0.0000
0.1568	-0.1434	0.0000
-0.1816	-0.3455	0.0000
0.2815	0.3422	0.0000
-0.1175	-0.0958	-3.0000
0.1191	-0.1145	0.0000
0.0846	-0.1530	0.0000
0.0926	0.0936	0.0000
-0.0051	0.2186	-2.0000
-0.1052	0.3594	0.0000
0.0442	-0.2852	-2.0000
-0.0770	0.0092	0.0000
-0.8407	0.3272	0.0000
0.1995	-0.2349	0.0000
-0.2931	0.2386	0.0000
0.2714	0.0634	0.0000
0.2027	-0.2339	-2.0000
-0.3671	-0.1211	0.0000
0.0360	0.0760	0.0000
0.1616	-0.3906	0.0000
-0.0568	0.1054	-3.0000
-0.9298	-0.1429	0.0000
-0.1223	0.0002	-2.0000
0.2883	0.1797	-2.0000
0.1195	0.1135	0.0000
-0.0512	-0.0174	0.0000
0.1747	0.2999	0.0000
0.2220	-0.0633	0.0000
-0.0273	0.3561	0.0000
0.1798	0.1141	-2.0000
0.0959	-0.0625	0.0000
0.0604	0.4721	0.0000
0.0269	0.3041	-2.0000
0.0905	-0.1882	0.0000
-0.2039	-0.2502	0.0000
0.1772	-0.1481	-2.0000
-0.0014	0.3020	0.0000
0.1924	-0.0595	-3.0000
-0.0569	0.2702	0.0000
0.1967	-0.0673	-2.0000
-0.1549	-0.2659	0.0000
-0.4325	0.1194	0.0000
0.0716	0.1421	0.0000
0.0261	-0.0544	0.0000
-0.0056	-0.2812	0.0000
0.1544	0.0655	-2.0000
0.1909	0.0262	0.0000
0.3686	0.2822	0.0000
0.1508	-0.0962	0.0000
-0.0852	0.1555	-2.0000
0.1296	0.2051	-2.0000
-0.2289	0.0748	0.0000
0.0162	0.0620	-2.0000
-0.0932	0.0372	-2.0000
-0.0731	0.2053	-2.0000
-0.0042	-0.2718	0.0000
0.0877	0.0058	-2.0000
-0.1263	-0.1850	-3.0000
-0.3722	-0.1894	0.0000
-0.0174	0.1036	0.0000
0.1998	0.1416	-2.0000
-0.0680	0.1687	-2.0000
0.0210	-0.0526	0.0000
0.0633	0.2957	-2.0000
-0.2290	0.1303	0.0000
-0.2701	0.1253	-2.0000
0.0394	-0.0747	-2.0000
-0.1235	-0.0830	0.0000
0.2084	0.2157	0.0000
0.2177	0.0260	0.0000
-0.2243	-0.0431	0.0000
0.0781	0.2367	0.0000
0.3428	-0.1748	0.0000
0.0028	-0.0644	-3.0000
0.0819	-0.0855	0.0000
-0.1192	0.4228	0.0000
-0.3581	0.0107	0.0000
0.7332	-0.0712	0.0000
0.0143	-0.0668	0.0000
0.0990	0.0621	-3.0000
0.2137	-0.0149	-3.0000
-0.2396	-0.1050	0.0000
-0.2670	0.0654	0.0000
0.0370	-0.0919	-2.0000
0.1065	-0.3268	0.0000
-0.0018	-0.0308	0.0000
0.2770	0.2425	0.0000
0.1022	-0.2877	0.0000
-0.2219	-0.0261	0.0000
0.0060	0.1183	-3.0000
0.1862	0.0649	0.0000
-0.1203	0.1865	-2.0000
0.0082	0.2603	0.0000
0.1085	-0.1455	0.0000
0.1169	-0.1970	0.0000
0.1239	0.0859	0.0000
0.0620	-0.0133	0.0000
0.1157	-0.0508	-2.0000
-0.0984	0.1967	-2.0000
-0.1098	0.2463	0.0000
-0.1051	0.0532	-2.0000
-0.4071	-0.1107	0.0000
0.9990	-0.3819	0.0000
0.1405	0.3668	0.0000
-0.0814	-0.2389	0.0000
-0.2626	0.3555	0.0000
-0.4491	0.5823	0.0000
0.0171	0.1249	0.0000
0.1958	-0.1117	0.0000
-0.1322	0.1025	0.0000
0.1196	0.4143	0.0000
0.3118	0.0308	0.0000
0.1232	0.3343	-2.0000
0.1134	-0.1063	0.0000
0.4425	0.0183	0.0000
0.0508	0.1547	-2.0000
-0.0007	0.3591	0.0000
0.2041	-0.3588	0.0000
-0.0741	-0.0507	-3.0000
-0.2052	0.0039	0.0000
0.2580	-0.1948	0.0000
-0.0366	0.2529	0.0000
0.2126	-0.1115	0.0000
-0.0610	-0.3054	0.0000
-0.0733	0.1565	0.0000
-0.0177	0.2616	0.0000
-0.0810	-0.0674	-2.0000
0.0128	0.0653	-2.0000
-0.0905	0.0799	0.0000
0.0357	0.1849	0.0000
-0.3300	-0.2203	0.0000
0.0395	0.1933	-2.0000
-0.4490	-0.1268	0.0000
-0.0321	0.0932	0.0000
-0.0898	-0.1679	0.0000
-0.0099	0.1681	-3.0000
-0.0295	-0.0130	-2.0000
0.2529	-0.0848	0.0000
-0.1074	-0.2205	0.0000
0.1598	0.0249	-2.0000
-0.1448	0.1902	-3.0000
-0.1578	0.2310	0.0000
0.1445	-0.1787	0.0000
-0.1619	-0.0525	0.0000
-0.2203	0.0550	0.0000
-0.0007	-0.0115	-2.0000
0.6822	0.5415	0.0000
-0.3497	-0.0949	0.0000
-0.0653	-0.0441	-2.0000
0.3711	-0.0876	0.0000
-0.0099	0.0795	-2.0000
-0.1082	0.0933	-3.0000
0.2751	-0.0069	0.0000
-0.3800	0.0427	-2.0000
-0.0162	-0.2815	0.0000
-0.1356	-0.2101	0.0000
0.7650	-0.3176	0.0000
0.1781	-0.0986	-2.0000
0.2346	0.2373	0.0000
0.2664	0.1178	-2.0000
-0.1633	-0.1200	-2.0000
-0.0740	-0.0822	-2.0000
0.0493	-0.2959	0.0000
0.1058	-0.0029	-2.0000
-0.0535	0.4271	0.0000
-0.0830	-0.0678	0.0000
0.2269	0.2054	-3.0000
-0.0671	0.1261	0.0000
0.1939	0.2052	0.0000
0.3200	-0.5706	0.0000
0.0464	0.4774	0.0000
-0.2297	-0.2429	0.0000
-0.1542	0.2599	-2.0000
-0.0818	0.1037	0.0000
0.1964	0.1864	-2.0000
-0.0623	-0.0136	0.0000
-0.2666	-0.1526	-2.0000
0.1545	-0.1419	-2.0000
-0.2473	0.0319	0.0000
-0.0966	-0.3319	0.0000
0.1288	0.3292	-2.0000
-0.3350	0.0865	0.0000
-0.0375	0.1204	-2.0000
0.2202	0.1330	-2.0000
0.2682	-0.2093	0.0000
-0.3809	-0.0320	0.0000
-0.1878	-0.0031	-2.0000
0.2621	-0.2219	-2.0000
0.1780	-0.3015	0.0000
-0.0260	-0.0037	0.0000
0.3597	0.0276	-2.0000
-0.1571	-0.1619	0.0000
0.2025	0.2889	0.0000
0.1518	0.0990	-2.0000
-0.0716	-0.0773	-2.0000
-0.1912	0.1174	0.0000
-0.1994	-0.2966	0.0000
-0.1784	0.0215	0.0000
-0.0404	-0.3061	-2.0000
0.2064	-0.0917	0.0000
-0.1653	-0.1605	0.0000
0.0474	0.0119	-2.0000
0.2415	0.0793	0.0000
0.2738	0.0179	0.0000
-0.4454	-0.0541	0.0000
-0.2855	-0.0210	-2.0000
0.0383	-0.1396	-2.0000
0.0405	-0.0966	-2.0000
0.1458	-0.2088	0.0000
0.0812	0.1943	0.0000
0.2638	-0.1394	0.0000
-0.0168	-0.0798	-2.0000
0.2649	0.1954	0.0000
-0.3352	0.0228	-2.0000
0.2211	0.1895	-2.0000
-0.3255	0.0211	0.0000
0.1507	-0.1532	-3.0000
-0.0313	0.1997	-2.0000
0.1782	0.1022	0.0000
0.0506	-0.0507	-3.0000
0.0534	-0.0146	-3.0000
-0.0917	-0.0327	0.0000
-0.2573	-0.1639	-3.0000
-0.0457	-0.1269	0.0000
-0.0258	0.2943	0.0000
0.0580	-0.0773	-3.0000
0.1410	0.3048	0.0000
-0.2385	-0.0525	0.0000
-0.1579	0.4802	0.0000
0.3923	0.0069	0.0000
-0.0921	-0.1942	0.0000
0.0447	-0.0713	0.0000
-0.3058	-0.1483	0.0000
-0.1625	-0.1516	0.0000
-0.2290	0.2076	0.0000
0.0112	0.1586	0.0000
0.2457	-0.0962	0.0000
0.1069	0.0910	0.0000
-0.2224	0.0045	-3.0000
0.0281	-0.1109	0.0000
-0.0131	-0.0209	0.0000
0.3138	0.2868	0.0000
-0.1160	0.1240	0.0000
0.1144	-0.2190	0.0000
-0.2013	0.3809	-3.0000
0.0389	0.2148	-3.0000
-0.0354	0.2955	0.0000
0.0553	0.0562	0.0000
-0.0099	0.2048	0.0000
-0.0744	0.2257	-3.0000
0.0956	0.0292	0.0000
0.1991	0.3298	-3.0000
0.2411	-0.1880	-3.0000
-0.1241	-0.1426	0.0000
-0.0348	0.2570	0.0000
0.3375	0.0527	0.0000
-0.1292	-0.3125	-3.0000
-0.0946	0.3229	-3.0000
-0.5355	-0.8552	0.0000
0.1675	0.0676	-3.0000
-0.0244	0.1537	-3.0000
-0.0938	-0.0557	0.0000
-0.0604	-0.1884	-3.0000
0.0333	-0.0611	0.0000
0.2359	-0.2118	0.0000
0.0666	0.3689	0.0000
-0.0192	-0.0782	-3.0000
-0.3789	0.1497	0.0000
-0.0289	-0.1642	0.0000
-0.1383	-0.1358	0.0000
-0.1481	-0.0596	0.0000
0.2121	0.2199	0.0000
0.2809	0.0954	0.0000
0.2246	0.2602	0.0000
-0.2557	0.0503	0.0000
0.0757	0.0121	0.0000
-0.0616	0.1679	0.0000
-0.0905	0.0926	0.0000
-0.6875	0.4782	0.0000
-0.1826	-0.7421	0.0000
0.2153	-0.1100	-3.0000
-0.0474	-0.0337	-3.0000
0.1385	0.0679	-3.0000
0.0085	0.2217	0.0000
-0.2524	-0.1832	-3.0000
0.0865	0.3543	0.0000
-0.2166	-0.0217	0.0000
-0.0595	-0.2618	-3.0000
-0.2636	0.1067	0.0000
-0.1336	-0.2550	-3.0000
-0.1427	0.0606	-3.0000
-0.0039	0.0239	-3.0000
-0.2101	0.3494	0.0000
0.2760	0.1645	-3.0000
0.2261	-0.1110	0.0000
0.0599	-0.0827	0.0000
-0.0185	-0.0256	-3.0000
-0.1074	-0.1247	0.0000
0.0501	0.0341	0.0000
0.1431	-0.3320	0.0000
-0.3726	0.0350	0.0000
-0.2078	0.1045	0.0000
-0.0390	0.2390	0.0000
0.0894	-0.0009	0.0000
0.3994	-0.0786	0.0000
0.0195	0.0697	-3.0000
0.1820	-0.0471	-3.0000
-0.2845	-0.1492	0.0000
0.1762	-0.3518	-3.0000
0.0902	-0.0053	-3.0000
-0.0928	0.0541	-3.0000
-0.0080	-0.1035	0.0000
0.1958	-0.1111	-3.0000
-0.0810	0.0112	0.0000
0.0302	0.1631	0.0000
0.2597	0.0410	-3.0000
-0.0003	-0.1573	0.0000
-0.0910	0.1632	0.0000
-0.2024	-0.1038	-3.0000
0.0401	0.2862	0.0000
0.1649	0.0869	0.0000
-0.1217	0.0540	-3.0000
0.1097	0.2392	0.0000
0.0657	-0.0103	0.0000
0.9444	-0.2493	0.0000
0.3262	-0.0466	0.0000
0.0568	0.0978	-3.0000
-0.0763	-0.0585	0.0000
-0.0487	-0.0844	0.0000
0.2311	-0.3482	0.0000
0.1275	0.2353	0.0000
0.0092	-0.0570	0.0000
0.1129	0.0783	-3.0000
-0.2244	-0.0298	0.0000
-0.0290	0.2881	-3.0000
0.2444	-0.2117	0.0000
-0.0603	0.1939	0.0000
-0.0564	-0.0647	0.0000
0.1385	0.1824	-3.0000
0.0444	0.1058	0.0000
-0.0758	-0.2888	0.0000
-0.0118	0.3991	-3.0000
-0.1350	-0.1156	-3.0000
-0.2091	0.0698	-3.0000
0.4083	0.0238	0.0000
0.1141	-0.0307	0.0000
-0.2103	0.0998	0.0000
0.3511	0.0806	0.0000
0.0441	-0.3738	0.0000
0.1201	-0.1254	0.0000
0.1890	0.2989	0.0000
0.1504	-0.0594	-3.0000
0.0815	0.3619	0.0000
0.2620	0.1026	0.0000
-0.0816	-0.0323	0.0000
-0.1172	-0.2219	-3.0000
-0.1549	-0.2026	0.0000
-0.0982	-0.0618	0.0000
0.1307	-0.0300	-3.0000
-0.0841	0.0084	0.0000
0.0855	-0.0238	0.0000
0.1127	0.2314	-3.0000
-0.0790	0.1796	0.0000
0.4075	-0.1048	0.0000
-0.1254	-0.1773	0.0000
0.0534	0.2512	0.0000
-0.0017	-0.0708	0.0000
-0.0173	0.1608	-3.0000
-0.0655	0.0031	0.0000
-0.2386	0.1511	0.0000
0.3168	0.0836	0.0000
0.0003	0.1721	-3.0000
0.1863	0.2700	0.0000
0.1783	0.1560	-3.0000
0.1360	0.0241	0.0000
0.2936	0.1220	0.0000
0.3211	0.0271	-3.0000
-0.0323	0.0570	-3.0000
-0.1902	-0.0368	-3.0000
0.1565	0.2068	-3.0000
-0.1067	-0.2076	0.0000
-0.1790	0.1662	-3.0000
-0.0736	-0.3601	-3.0000
0.0610	-0.1169	-3.0000
0.4604	-0.1085	0.0000
-0.1983	-0.3352	0.0000
0.0678	-0.2403	-3.0000
-0.0479	0.1260	-3.0000
-0.1896	0.0640	0.0000
0.0795	0.1501	0.0000
0.1456	-0.1075	-3.0000
-0.2999	0.3929	0.0000
-0.0457	0.0216	-3.0000
-0.0217	0.0679	-3.0000
0.2045	0.1665	-3.0000
0.2792	0.2687	0.0000
-0.0191	0.1908	0.0000
0.2556	-0.1476	0.0000
0.0536	0.2437	0.0000
0.1779	0.0086	0.0000
-0.0883	0.1095	0.0000
-0.0100	0.4600	0.0000
-0.0429	-0.1906	-3.0000
0.2958	0.1522	-3.0000
-0.4807	0.1541	0.0000
-0.0876	-0.2647	-3.0000
0.1058	0.1254	-3.0000
-0.3539	-0.0846	0.0000
-0.3076	0.1761	0.0000
0.0249	0.2764	0.0000
-0.0240	0.0515	0.0000
-1.0597	0.0194	0.0000
0.2378	0.1638	0.0000
-0.0393	0.0876	-3.0000
-0.0899	0.3346	-3.0000
-0.1791	0.1301	-3.0000
0.0349	-0.0538	-3.0000
-0.0683	0.0669	-3.0000
0.1293	-0.1045	0.0000
0.1989	-0.0403	-3.0000
0.1793	0.2878	-3.0000
-0.1377	-0.0137	0.0000
-0.1119	0.2643	0.0000
0.0703	-0.1597	0.0000
-0.0916	0.1060	0.0000
0.1613	-0.0353	-3.0000
-0.1032	0.1799	0.0000
-0.1339	0.0195	0.0000
0.1382	0.0436	0.0000
0.0175	-0.4032	0.0000
0.0486	-0.2340	0.0000
0.1487	-0.1376	-3.0000
0.3771	-0.0408	0.0000
0.0803	-0.1105	-3.0000
0.0770	0.0790	-3.0000
0.1477	-0.0966	-3.0000
0.1011	0.2095	-3.0000
0.1911	0.2993	0.0000
-0.1076	0.0235	-3.0000
0.2548	0.0865	-3.0000
-0.0118	0.2778	-3.0000
0.1505	-0.1755	0.0000
0.1773	0.0495	-3.0000
-0.1412	0.1837	-3.0000
0.1802	0.8895	0.0000
0.2070	-0.1339	0.0000
0.1379	0.0997	0.0000
0.2570	0.0913	0.0000
0.0034	0.2922	-3.0000
-0.0845	-0.2840	0.0000
0.0712	0.4475	0.0000
-0.1444	0.2405	0.0000
-0.1112	0.0614	-3.0000
0.0015	-0.2437	-3.0000
0.0129	0.0209	0.0000
0.3228	0.0492	0.0000
-0.0850	-0.2330	0.0000
0.3111	-0.0851	0.0000
0.1030	0.3007	0.0000
-0.2032	-0.1894	0.0000
0.1827	-0.2715	0.0000
0.1633	-0.1425	0.0000
0.3866	-0.0483	0.0000
-0.1595	-0.2024	0.0000
-0.3539	-0.8147	0.0000
0.0652	0.1401	0.0000
0.2491	0.0337	0.0000
-0.2148	-0.0932	-3.0000
0.1900	0.0420	0.0000
0.2390	-0.1654	0.0000
0.2034	-0.2741	0.0000
-0.2114	0.2934	0.0000
0.1108	-0.0980	0.0000
-0.0520	-0.3703	0.0000
-0.0233	0.1009	0.0000
0.1873	-0.1399	0.0000
0.0281	0.2391	0.0000
-0.2512	-0.0295	0.0000
-0.1514	0.1041	-3.0000
0.2091	-0.0788	0.0000
0.0454	0.0248	-3.0000
-0.0743	0.1883	0.0000
0.0568	0.1852	-3.0000
-0.0084	-0.3949	0.0000
0.0154	0.3813	0.0000
-0.1851	0.3885	0.0000
0.0001	0.1413	-3.0000
0.3673	-0.1150	0.0000
-0.0121	0.0140	-3.0000
-0.0633	-0.0501	0.0000
0.1329	0.2616	0.0000
-0.0380	0.0733	0.0000
-0.0580	0.2088	0.0000
-0.0033	-0.0665	-3.0000
0.2131	0.0440	-3.0000
0.0411	-0.0142	-3.0000
0.1566	-0.0197	0.0000
0.1222	0.3364	0.0000
-0.1040	0.1183	0.0000
-0.1799	0.2917	0.0000
-0.0204	-0.0525	0.0000
0.0383	0.0311	-3.0000
-0.0932	-0.0148	0.0000
-0.1065	-0.0410	0.0000
0.1561	0.0525	0.0000
0.2238	-0.1037	0.0000
0.0642	-0.2735	-3.0000
0.0312	0.0026	-3.0000
0.0684	-0.0820	0.0000
-0.1793	0.3320	-3.0000
-0.0113	-0.0979	-3.0000
-0.0021	0.3023	0.0000
0.1028	0.0839	0.0000
0.0083	-0.0542	0.0000
-0.2075	0.0308	0.0000
-0.0175	0.0344	-3.0000
-0.0296	0.4124	-3.0000
0.0245	0.1765	0.0000
0.3535	-0.0769	0.0000
0.1045	0.2070	-3.0000
0.1240	0.0174	-3.0000
-0.0247	-0.0140	0.0000
0.1348	-0.0414	0.0000
-0.0892	0.1575	0.0000
-0.0778	0.2504	0.0000
-0.3094	0.0310	0.0000
0.0313	0.2371	-3.0000
0.2520	0.0425	-3.0000
0.3708	-0.1247	-3.0000
0.2602	-0.0266	-3.0000
-0.2400	0.2633	0.0000
0.2000	0.0565	0.0000
0.0394	-0.1001	-3.0000
-0.2017	-0.3336	-3.0000
0.3101	-0.1010	0.0000
0.0713	-0.0822	-3.0000
0.3187	-0.1569	0.0000
0.2580	-0.0240	0.0000
-0.1179	0.0053	-3.0000
0.1721	-0.2859	0.0000
-0.0234	-0.0022	0.0000
0.2455	0.0879	0.0000
-0.0186	0.0555	0.0000
0.2905	0.0974	0.0000
0.0065	0.0829	0.0000
-0.0765	-0.0771	0.0000
-0.0337	-0.1587	-3.0000
0.3319	-0.0387	0.0000
-0.0100	0.1713	-3.0000
0.1904	0.0157	0.0000
0.1002	0.1807	-3.0000
0.2624	0.0595	0.0000
0.1297	-0.2924	0.0000
-0.1384	0.0563	-3.0000
0.1045	-0.1962	-3.0000
-0.0776	0.2521	0.0000
-0.0849	-0.1362	0.0000
0.0395	-0.0395	0.0000
0.2164	0.0500	-3.0000
-0.1867	-0.0872	-3.0000
-0.2207	0.0976	0.0000
0.0250	-0.0550	0.0000
-0.0245	0.2462	-3.0000
0.2725	-0.3052	0.0000
0.0253	-0.2041	-3.0000
0.4430	0.0710	0.0000
0.0675	0.1904	-3.0000
0.3024	0.0516	0.0000
-0.2042	-0.1842	0.0000
-0.0896	-0.2132	0.0000
0.1410	0.0789	0.0000
0.1102	0.0136	-3.0000
0.3766	0.2535	0.0000
0.1921	-0.2415	0.0000
0.0813	-0.1872	0.0000
0.1855	0.0699	0.0000
0.2194	-0.0101	-3.0000
-0.0844	0.3841	0.0000
0.0463	0.2403	0.0000
0.2491	0.3077	-3.0000
0.2170	-0.0523	0.0000
-0.0458	-0.3122	0.0000
0.0873	0.0780	0.0000
0.2386	-0.1486	-3.0000
0.0968	0.0686	0.0000
0.0206	-0.0462	-3.0000
-0.1588	0.0152	0.0000
0.1048	0.2130	0.0000
-0.1112	-0.0043	0.0000
0.1183	-0.2398	-3.0000
0.0726	0.1194	-3.0000
-0.0544	-0.1262	-3.0000
-0.0949	0.1695	0.0000
-0.1479	0.2276	0.0000
-0.1912	-0.3554	0.0000
0.1253	-0.1251	-3.0000
-0.1464	0.3952	0.0000
0.0662	-0.3269	0.0000
0.1916	0.0430	-3.0000
0.0200	0.1416	-3.0000
0.2489	0.3318	0.0000
0.1021	0.0006	0.0000
-0.0852	0.2598	0.0000
-0.0640	-0.0896	0.0000
0.3689	0.0344	0.0000
-0.2787	0.2485	-3.0000
0.3768	0.0625	0.0000
-0.2675	0.0372	0.0000
0.1782	-0.0851	-3.0000
0.1967	0.1472	-3.0000
0.0275	-0.2833	0.0000
0.4174	-0.0992	0.0000
-0.0927	0.1103	-3.0000
-0.0799	-0.0183	0.0000
-0.0652	0.1068	-3.0000
0.2955	0.8399	0.0000
0.0205	0.1644	0.0000
-0.1422	-0.0898	-3.0000
0.0219	0.0871	-3.0000
0.1296	0.1059	-3.0000
0.3421	-0.1340	0.0000
-0.0378	-0.0795	0.0000
-0.0164	0.0813	-3.0000
0.0930	0.0452	0.0000
-0.1555	-0.1306	-3.0000
-0.0460	0.0324	-3.0000
0.0566	0.0546	0.0000
0.1446	0.0712	-3.0000
-0.1284	0.1162	0.0000
0.1215	-0.0369	0.0000
0.3153	0.0112	0.0000
-0.0848	0.3464	0.0000
0.0702	0.2382	0.0000
0.1122	0.0088	0.0000
0.0604	-0.0063	-3.0000
0.0069	0.2712	0.0000
-0.0313	-0.0825	-3.0000
0.2439	-0.0590	0.0000
-0.0139	0.0660	-3.0000
-0.1694	-0.0682	0.0000
-0.1725	0.0629	0.0000
0.0453	0.1229	0.0000
-0.0582	-0.1199	0.0000
0.1647	-0.1235	0.0000
-0.0695	0.3954	-1.0000
-0.0923	-0.2520	-1.0000
-0.1628	0.0517	-3.0000
-0.2985	0.0235	-1.0000
-0.0837	-0.0966	-3.0000
0.2733	0.0857	-3.0000
-0.2951	-0.0746	-1.0000
-0.0262	-0.1628	-3.0000
0.1311	0.0080	-1.0000
0.0190	0.1541	-3.0000
-0.1477	0.1674	-1.0000
-0.1772	0.0776	-1.0000
-0.0350	-0.1928	-3.0000
-0.0963	-0.3293	-1.0000
-0.0902	0.1058	-1.0000
0.2909	0.3019	-1.0000
0.1214	-0.1422	-1.0000
-0.1594	-0.0681	-3.0000
0.0461	-0.1020	-1.0000
0.1530	0.3631	-1.0000
0.3111	0.0737	-1.0000
-0.2142	0.6985	0.0000
-0.1290	0.3612	-3.0000
0.0169	-0.1387	-1.0000
-0.1227	0.0751	-1.0000
-0.0141	0.1248	-3.0000
-0.1127	0.1184	-1.0000
-0.3029	-0.0752	-3.0000
0.1485	-0.2038	-3.0000
-0.1161	0.1126	-3.0000
0.1725	-0.0403	-1.0000
-0.0198	0.0740	-3.0000
-0.0609	-0.2385	-1.0000
-0.2203	0.1380	-1.0000
0.0022	-0.0770	-1.0000
0.0505	0.1566	-3.0000
-0.1197	-0.1465	-1.0000
-0.1023	0.0463	-3.0000
-0.1169	-0.0881	-3.0000
0.0563	-0.3115	-3.0000
0.0005	0.1963	-3.0000
0.1448	-0.1282	-3.0000
-0.1203	-0.0964	-3.0000
-0.1184	0.1046	-3.0000
0.1978	-0.2767	-1.0000
-0.1793	-0.1527	-1.0000
-0.1489	-0.2092	-1.0000
-0.1545	0.2764	-1.0000
-0.0145	-0.0045	-1.0000
-0.1370	0.0272	-3.0000
-0.0030	-0.3623	-1.0000
-0.0211	-0.1568	-3.0000
-0.0812	0.1329	-3.0000
-0.1133	-0.0581	-1.0000
0.3403	0.2191	-3.0000
0.1338	-0.2724	-3.0000
0.1050	0.2713	-1.0000
-0.0472	-0.0802	-3.0000
-0.0339	0.2307	-3.0000
0.0540	0.1172	-1.0000
0.1123	0.1319	-3.0000
0.1432	0.1417	-1.0000
-0.2953	0.0020	-1.0000
-0.2662	0.0575	-1.0000
-0.0307	0.0422	-1.0000
0.1942	-0.1996	-1.0000
0.1038	-0.0079	-3.0000
0.0799	0.0710	-3.0000
0.3326	0.1319	-1.0000
-0.0719	0.2985	-3.0000
0.2396	-0.1231	-1.0000
0.0492	-0.0968	-3.0000
-0.0485	-0.1581	-1.0000
0.0820	-0.1219	-1.0000
0.0721	0.0208	-3.0000
-0.0981	0.1441	-3.0000
0.0386	-0.3185	-1.0000
0.3325	0.0437	-3.0000
-0.1994	0.0579	-1.0000
-0.1904	-0.0933	-3.0000
0.0080	-0.1420	-1.0000
0.1706	-0.1013	-3.0000
-0.1366	0.1111	-3.0000
-0.1745	-0.0920	-1.0000
0.2150	-0.0239	-1.0000
0.1953	-0.0904	-1.0000
-0.1219	-0.0616	-3.0000
-0.1383	0.1448	-1.0000
-0.1488	-0.1879	-3.0000
-0.1420	0.3722	-1.0000
0.0122	0.0222	-3.0000
0.1219	-0.0585	-3.0000
0.4157	0.1240	-1.0000
-0.0395	0.0354	-3.0000
0.0852	-0.0420	-1.0000
0.1844	-0.3845	-1.0000
-0.2644	0.1457	-3.0000
-0.1055	0.0921	-1.0000
0.1018	0.0279	-3.0000
-0.0855	-0.1448	-3.0000
-0.2816	0.2474	-3.0000
0.0235	-0.2131	-3.0000
-0.1612	-0.2120	-1.0000
0.1989	-0.1234	-1.0000
0.0645	0.3170	-1.0000
0.1930	0.1267	-1.0000
-0.0435	0.1379	-1.0000
0.0670	0.0758	-3.0000
-0.1230	-0.0943	-1.0000
0.1833	-0.2167	-1.0000
0.2895	0.0355	-1.0000
-0.2159	0.1127	-1.0000
0.0145	0.0849	-3.0000
-0.0371	0.1846	-3.0000
0.0084	0.1641	-3.0000
-0.0535	-0.1778	-1.0000
0.4879	-0.1249	-1.0000
0.1860	0.2872	-1.0000
0.1153	0.2270	-1.0000
0.0096	0.2192	-1.0000
-0.1428	-0.2117	-1.0000
-0.2179	-0.2078	-1.0000
-0.1293	-0.1533	-3.0000
0.1595	0.1875	-3.0000
0.0464	0.1673	-3.0000
-0.3510	0.2228	-1.0000
-0.2353	0.0487	-3.0000
-0.0773	0.1485	-3.0000
0.0819	0.0234	-1.0000
0.1172	0.1489	-1.0000
0.2040	-0.1169	-1.0000
-0.1419	-0.0281	-3.0000
0.1677	-0.0925	-3.0000
0.1184	-0.0344	-1.0000
0.3348	0.2554	-1.0000
-0.1830	0.0827	-1.0000
0.1916	0.0069	-1.0000
-0.1993	-0.0311	-1.0000
0.1872	-0.0355	-1.0000
-0.3006	-0.1029	-1.0000
-0.0443	0.3918	-1.0000
0.0243	0.0979	-3.0000
0.4005	0.0476	-1.0000
0.1356	-0.0956	-1.0000
0.4076	-0.0901	-1.0000
0.1280	0.1308	-3.0000
0.3449	-0.1924	-1.0000
-0.0466	-0.0849	-3.0000
0.1574	0.1116	-3.0000
-0.1036	-0.1826	-3.0000
-0.1162	-0.0864	-1.0000
-0.0785	0.4022	-3.0000
-0.1098	0.2101	-1.0000
-0.1774	-0.0807	-1.0000
0.0488	-0.1235	-1.0000
-0.1557	-0.0994	-3.0000
0.1595	0.0311	-1.0000
-0.2272	0.2641	-3.0000
-0.0957	-0.1819	-3.0000
-0.2552	-0.3321	-1.0000
0.2018	0.1594	-1.0000
0.0500	-0.0850	-3.0000
-0.0519	0.0676	-1.0000
0.2155	0.1770	-3.0000
-0.1808	0.0935	-3.0000
-0.0317	0.0587	-3.0000
-0.0938	-0.8409	0.0000
0.3979	0.0339	-1.0000
0.2022	-0.1280	-1.0000
-0.0254	-0.0659	-1.0000
0.2587	-0.1158	-1.0000
-0.0538	-0.4289	-1.0000
0.0261	-0.0106	-1.0000
0.2758	0.0094	-1.0000
0.1425	0.0852	-1.0000
0.2894	0.0355	-1.0000
0.2475	0.2322	-3.0000
-0.2544	0.0940	-1.0000
-0.0026	-0.1904	-3.0000
-0.1303	0.0808	-1.0000
0.1373	0.2660	-3.0000
-0.0514	0.1582	-3.0000
-0.1661	0.1034	-3.0000
0.2700	0.1588	-3.0000
-0.1786	-0.0217	-3.0000
0.1053	0.1224	-1.0000
0.0192	-0.1555	-3.0000
0.0950	0.2206	-3.0000
0.0998	0.1401	-3.0000
0.2043	0.0704	-1.0000
-0.2719	-0.0231	-1.0000
-0.1554	-0.0644	-1.0000
-0.2028	0.4841	-1.0000
-0.1022	-0.1253	-1.0000
0.0256	-0.0012	-1.0000
-0.0144	0.2105	-3.0000
0.1568	-0.0828	-1.0000
-0.0393	-0.1484	-3.0000
-0.3760	0.1975	-1.0000
0.0553	0.0749	-1.0000
-0.2849	0.0935	-1.0000
-0.0721	0.2285	-3.0000
-0.3327	0.3398	-1.0000
-0.0170	0.0730	-3.0000
0.0932	0.0111	-1.0000
-0.0379	0.2500	-3.0000
-0.0472	0.3293	-1.0000
-0.1996	0.1965	-1.0000
0.0336	0.0789	-1.0000
0.2158	0.0273	-3.0000
-0.2065	-0.1625	-3.0000
-0.2198	0.2184	-1.0000
0.0223	0.2736	-1.0000
0.2118	-0.1151	-1.0000
-0.0288	-0.1821	-3.0000
-0.2393	-0.0644	-1.0000
0.1357	0.0858	-3.0000
-0.1211	0.1767	-3.0000
0.2710	0.0592	-3.0000
0.0936	0.2670	-3.0000
0.0504	0.2371	-1.0000
-0.2078	-0.0946	-1.0000
0.0318	0.1246	-3.0000
-0.1363	-0.1041	-1.0000
0.1834	-0.2892	-3.0000
0.1141	-0.0345	-3.0000
-0.0458	0.1383	-3.0000
-0.2592	-0.1380	-3.0000
-0.0422	0.0906	-3.0000
0.0019	-0.1917	-1.0000
0.3132	0.2946	-1.0000
-0.0709	-0.2110	-1.0000
-0.1323	-0.1230	-3.0000
-0.0894	0.0992	-1.0000
0.0841	0.0492	-1.0000
-0.1505	0.0994	-3.0000
-0.4510	0.1741	-1.0000
-0.2578	0.0519	-3.0000
0.0283	-0.0129	-1.0000
0.0267	0.3178	-1.0000
-0.1594	0.1960	-3.0000
-0.0205	-0.1402	-3.0000
0.1815	0.1776	-1.0000
0.1709	0.1186	-3.0000
0.0053	0.2605	-3.0000
-0.0931	0.4594	-1.0000
0.0757	-0.2082	-1.0000
-0.3537	-0.7536	0.0000
-0.0998	0.2300	-1.0000
0.2722	0.0174	-1.0000
0.1184	0.0397	-1.0000
-0.0205	0.3419	-3.0000
0.0833	0.0054	-3.0000
0.2498	-0.2393	-1.0000
0.2345	0.2444	-1.0000
0.0096	0.0383	-1.0000
-0.3788	0.1849	-1.0000
-0.2508	-0.1281	-3.0000
0.3167	0.2130	-1.0000
-0.0389	0.3316	-1.0000
0.1466	0.3339	-3.0000
-0.0948	0.0449	-1.0000
0.2721	0.0454	-1.0000
0.0891	-0.1604	-3.0000
0.1488	-0.2903	-3.0000
-0.4084	0.1585	-1.0000
-0.1474	0.2340	-1.0000
-0.0942	-0.1967	-3.0000
-0.1825	0.1228	-1.0000
0.3739	-0.0964	-1.0000
-0.0925	0.1304	-1.0000
0.0443	0.0001	-1.0000
0.1029	0.1834	-3.0000
-0.1284	0.1304	-3.0000
0.1038	-0.1589	-1.0000
0.1377	0.3408	-1.0000
-0.2949	0.0417	-1.0000
0.1486	0.2721	-3.0000
0.2491	-0.0938	-3.0000
-0.2333	0.1503	-1.0000
-0.7638	0.5719	0.0000
0.1603	0.1757	-3.0000
-0.3062	-0.1472	-1.0000
0.1333	-0.0028	-1.0000
-0.1062	0.1728	-1.0000
0.1383	-0.1445	-3.0000
-0.2611	0.2479	-1.0000
0.2241	0.1154	-1.0000
0.3632	-0.0128	-1.0000
-0.0304	0.0156	-3.0000
0.1785	0.4380	-1.0000
-0.0472	-0.0141	-1.0000
0.0391	-0.3973	-1.0000
0.2463	0.1399	-1.0000
-0.4194	-0.2129	-1.0000
0.0507	0.4024	-1.0000
0.0382	0.1464	-3.0000
0.0557	-0.0877	-1.0000
0.1225	0.2681	-1.0000
-0.0853	-0.0078	-1.0000
-0.0062	-0.2693	-3.0000
0.1308	-0.1080	-1.0000
-0.0839	0.0213	-3.0000
0.1043	0.1355	-1.0000
0.0141	0.2187	-3.0000
0.2242	0.0319	-1.0000
-0.2102	0.2037	-1.0000
-0.1300	0.4264	-1.0000
-0.0320	0.1142	-3.0000
-0.1443	-0.1800	-1.0000
-0.0808	0.0553	-3.0000
0.0601	-0.0231	-3.0000
-0.1046	-0.1769	-1.0000
0.0275	-0.2962	-1.0000
-0.1773	0.1060	-1.0000
0.0977	0.3289	-3.0000
0.1863	0.0228	-1.0000
-0.0877	-0.0064	-1.0000
0.0520	0.2564	-1.0000
-0.0810	0.3238	-1.0000
0.1429	-0.1006	-3.0000
0.2293	-0.0758	-1.0000
0.3419	-0.1715	-1.0000
0.0277	-0.2113	-1.0000
0.1010	0.1434	-3.0000
-0.1011	-0.1502	-3.0000
0.1886	0.1364	-3.0000
-0.0936	-0.4190	-1.0000
-0.1334	0.0797	-3.0000
0.2396	0.3447	-1.0000
0.2880	0.0152	-1.0000
-0.0591	-0.3181	-1.0000
-0.3462	0.0930	-1.0000
0.0085	-0.0640	-1.0000
-0.0487	0.2991	-1.0000
-0.0673	0.1430	-1.0000
0.0067	-0.0329	-3.0000
0.1343	-0.2361	-3.0000
-0.0351	-0.3492	-1.0000
0.0550	-0.1963	-1.0000
-0.0369	0.0737	-3.0000
0.0223	-0.1319	-1.0000
0.0903	0.2039	-1.0000
-0.3869	0.0512	-1.0000
0.1257	-0.0072	-3.0000
0.2081	0.0397	-3.0000
0.0086	0.1327	-3.0000
0.3158	0.0194	-1.0000
0.2159	0.1261	-3.0000
0.2335	-0.2111	-3.0000
-0.2217	0.0464	-1.0000
-0.1198	0.1838	-3.0000
-0.0455	0.1609	-3.0000
-0.1914	-0.1464	-3.0000
0.0557	-0.1354	-3.0000
-0.1967	-0.2242	-1.0000
-0.1123	-0.1990	-1.0000
-0.1991	-0.0440	-3.0000
0.2424	-0.0544	-1.0000
-0.3227	-0.1568	-1.0000
-0.3454	0.1294	-1.0000
0.1586	0.2129	-1.0000
-0.3180	-0.5158	0.0000
-0.1862	0.3464	-1.0000
-0.1468	0.3137	-1.0000
-0.4000	0.1321	-1.0000
-0.0798	0.1452	-1.0000
0.1279	-0.0721	-1.0000
0.0241	-0.3037	-1.0000
0.0286	0.3236	-3.0000
0.2528	-0.1595	-1.0000
-0.3616	-0.0447	-1.0000
-0.2915	0.0575	-3.0000
-0.0304	-0.1441	-1.0000
0.0596	-0.3115	-3.0000
-0.2432	-0.1376	-1.0000
-0.3567	0.2238	-1.0000
0.2575	0.0918	-3.0000
-0.8285	0.8078	0.0000
0.1141	-0.2290	-3.0000
0.3307	0.2095	-3.0000
0.2795	-0.0688	0.0000
-0.1648	0.0779	-1.0000
0.1718	-0.7097	0.0000
-0.1075	0.1516	-1.0000
0.0760	0.2752	-3.0000
-0.4034	0.0017	-1.0000
-0.0451	0.0254	-3.0000
-0.1540	-0.0104	-3.0000
0.0217	-0.3682	-1.0000
0.2881	-0.0201	-1.0000
0.1028	0.0160	-1.0000
0.0260	-0.1756	-3.0000
0.0975	0.1860	-1.0000
0.2903	-0.0284	-1.0000
0.0480	-0.0558	-3.0000
0.2292	-0.1159	-3.0000
-0.1400	0.0051	-3.0000
1.2997	0.2092	0.0000
-0.0664	-0.1452	-3.0000
-0.0718	-0.2412	-3.0000
0.0620	0.0221	-3.0000
-0.1370	-0.1986	-1.0000
-0.0368	0.3115	-3.0000
0.1716	0.1472	-1.0000
0.1289	0.0131	-3.0000
0.2497	-0.3549	0.0000
0.1472	-0.0162	-3.0000
-0.0519	-0.1431	-3.0000
-0.2101	0.0606	-1.0000
0.3076	-0.0942	-1.0000
-0.0957	-0.0693	-1.0000
0.1243	0.2399	-3.0000
-0.0150	0.0070	-3.0000
0.7823	0.0492	0.0000
-0.1643	0.0853	-1.0000
0.0461	0.1306	-1.0000
0.0156	-0.1362	-3.0000
0.3370	0.3095	-1.0000
0.3498	0.1792	-3.0000
-0.0836	0.1462	-1.0000
-0.1733	0.1482	-3.0000
-0.0969	-0.0800	-1.0000
-0.1421	0.1700	-1.0000
-0.0407	-0.0754	-1.0000
0.2107	-0.3822	-1.0000
0.0749	-0.0362	-1.0000
0.1934	0.0163	-1.0000
-0.2033	0.1815	-3.0000
0.0390	-0.0546	-1.0000
-0.2987	-0.0318	-1.0000
0.0817	0.0774	-1.0000
0.1870	0.0966	-1.0000
-0.1122	-0.0480	-3.0000
0.1356	0.0294	-3.0000
0.2052	0.1106	-3.0000
0.0700	0.2081	-1.0000
0.1056	-0.3293	-3.0000
0.0540	-0.2746	-1.0000
-0.0306	0.0172	-1.0000
0.1615	0.0308	-1.0000
0.3738	-0.1078	-1.0000
-0.0838	-0.2624	-1.0000
0.2197	-0.0913	-1.0000
0.0491	0.3526	-1.0000
0.0843	-0.0838	-3.0000
0.0496	0.1206	-1.0000
0.3020	0.2998	-1.0000
-0.9662	-0.1445	0.0000
0.1836	0.0628	-1.0000
0.0170	0.1032	-3.0000
-0.0489	0.5106	-1.0000
0.2934	-0.1040	-1.0000
-0.0579	0.1372	-1.0000
-0.0835	-0.2585	-1.0000
0.3081	-0.1608	-1.0000
-0.0135	0.0967	-1.0000
-0.1650	-0.0935	-1.0000
-0.1671	-0.0242	-3.0000
0.1725	0.1672	-3.0000
0.0223	-0.0182	-3.0000
-0.2120	0.0511	-1.0000
0.0374	0.2132	-3.0000
0.0470	-0.0086	-1.0000
-0.0941	-0.0715	-3.0000
0.1799	-0.1540	-3.0000
0.0458	-0.0457	-3.0000
0.1857	-0.1964	-3.0000
0.2483	0.2413	-1.0000
-0.1706	-0.2880	-1.0000
0.1326	0.3130	-3.0000
0.2967	0.0143	-3.0000
0.1547	-0.1799	-3.0000
-0.2296	0.0662	-3.0000
0.1789	-0.2260	-3.0000
-0.2369	0.1645	-1.0000
-0.4203	-0.1683	-1.0000
-0.1756	0.0269	-3.0000
0.0189	0.2057	-3.0000
0.1671	0.1147	-1.0000
-0.0595	-0.0921	-3.0000
-0.0836	-0.0365	-1.0000
-0.0979	0.2604	-3.0000
-0.0842	0.1535	-3.0000
0.0829	0.0007	-1.0000
0.2154	-0.3165	-1.0000
-0.0127	-0.9992	0.0000
-0.1105	0.0960	-1.0000
0.0218	0.1492	-1.0000
-0.2462	-0.1299	-3.0000
0.0289	-0.1916	-3.0000
-0.0366	0.1097	-3.0000
0.1350	-0.3329	-1.0000
0.0957	-0.1354	-3.0000
0.2592	-0.2756	-1.0000
0.1660	0.2132	-1.0000
0.1026	0.2952	-1.0000
0.0589	0.0035	-3.0000
0.2401	-0.3878	-1.0000
0.2977	-0.0112	-3.0000
-0.1080	-0.0626	-1.0000
0.1181	0.0531	-1.0000
-0.2754	0.0834	-1.0000
0.1905	0.0510	-1.0000
0.2389	-0.0215	-3.0000
-0.1125	0.3520	-1.0000
0.0583	0.1475	-3.0000
0.2991	0.1754	-1.0000
-0.1907	0.2762	-1.0000
0.2653	-0.1332	-1.0000
-0.2267	-0.0647	-1.0000
0.1134	-0.1826	-3.0000
0.1371	-0.2855	-1.0000
-0.3489	0.2385	-1.0000
-0.2585	-0.0082	-1.0000
0.1007	-0.1911	-1.0000
0.0607	-0.1608	-3.0000
0.2060	-0.0324	-1.0000
0.0087	-0.0183	-1.0000
-0.1113	-0.1501	-3.0000
0.1886	0.3042	-1.0000
-0.0966	0.1299	-3.0000
0.1069	0.0113	-1.0000
0.1459	0.3543	-1.0000
-0.0708	-0.2680	-1.0000
0.1593	0.0153	-3.0000
0.0763	0.3067	-3.0000
0.0795	0.0320	-3.0000
-0.0461	0.2646	-3.0000
0.0835	0.0303	-1.0000
-0.1129	0.1640	-1.0000
0.1760	0.1139	-1.0000
0.1405	-0.1125	-3.0000
-0.0427	-0.3774	-1.0000
0.1522	-0.0863	-1.0000
-0.0533	0.3672	-3.0000
-0.2154	-0.0878	-1.0000
-0.2595	-0.0733	-1.0000
-0.0298	-0.3744	-3.0000
-0.3033	-0.1218	-3.0000
-0.2034	0.2560	-1.0000
-0.2059	0.0412	-1.0000
-0.1209	-0.1173	-1.0000
0.1398	0.1859	-1.0000
-0.1719	-0.0425	-1.0000
-0.0887	-0.0711	-3.0000
-0.2145	-0.1199	-1.0000
0.1462	0.0402	-3.0000
0.2133	-0.2815	-3.0000
0.2082	-0.1957	-1.0000
-0.2756	0.1151	-1.0000
0.0293	0.0709	-1.0000
0.1676	-0.0006	-3.0000
0.2408	0.0251	-1.0000
0.3547	0.0977	-1.0000
-0.0591	0.3719	-3.0000
0.0498	0.1310	-1.0000
0.0939	0.2569	-1.0000
-0.0504	-0.2921	-3.0000
-0.1320	0.0836	-3.0000
-0.0456	0.0005	-3.0000
-0.0785	-0.1012	-1.0000
0.1095	-0.1971	-1.0000
-0.1295	-0.0448	-3.0000
0.0356	-0.0073	-3.0000
0.0430	-0.1717	-3.0000
0.0940	-0.2967	-1.0000
0.4242	0.1185	-1.0000
-0.3233	0.0812	-3.0000
0.1166	0.1698	-1.0000
-0.0790	0.3118	-1.0000
-0.2728	0.1804	-1.0000
0.0119	0.0658	-1.0000
-0.5056	0.1495	0.0000
-0.1727	-0.0038	-1.0000
0.2244	0.0810	-1.0000
-0.2144	0.4191	-1.0000
-0.4015	0.6615	0.0000
0.2381	0.2171	-1.0000
0.0292	-0.1837	-3.0000
-0.4414	-0.6891	0.0000
0.2387	0.1343	-3.0000
0.1652	-0.0601	-1.0000
-0.0390	0.0080	-3.0000
-0.0831	-0.2180	-1.0000
-0.2909	0.0137	-3.0000
0.1251	0.0787	-1.0000
0.1356	0.0409	-3.0000
-0.2015	-0.0518	-1.0000
-0.1059	0.1817	-3.0000
0.0182	-0.1284	-1.0000
0.0881	0.0640	-1.0000
-0.2333	0.1400	-1.0000
-0.0191	0.2968	-1.0000
0.0826	-0.0683	-1.0000
0.0808	-0.0554	-1.0000
0.1243	0.1097	-1.0000
0.0783	0.0180	-3.0000
0.0253	0.0060	-1.0000
-0.1381	-0.2088	-3.0000
0.1751	0.3610	-1.0000
0.1552	-0.1881	-1.0000
0.2855	0.2182	-1.0000
-0.1067	0.2441	-1.0000
0.3886	-0.0200	-1.0000
0.1360	0.0668	-1.0000
0.0392	-0.0417	-1.0000
-0.0285	-0.0662	-1.0000
-0.0917	0.3240	-1.0000
0.1969	0.2338	-3.0000
-0.0148	0.1673	-1.0000
0.0397	0.0348	-1.0000
0.1781	-0.0604	-1.0000
-0.0318	-0.1299	-3.0000
-0.2401	-0.0323	-1.0000
0.0130	-0.1368	-3.0000
0.1026	0.1758	-1.0000
-0.0515	-0.1031	-1.0000
-0.1256	-0.1176	-3.0000
-0.2560	-0.2321	-1.0000
-0.0695	0.1521	-1.0000
-0.0749	-0.0910	-1.0000
-0.0371	-0.0050	-1.0000
-0.0729	-0.2358	-3.0000
-0.1519	-0.2118	-1.0000
-0.1831	0.2884	-1.0000
0.2008	0.1095	-3.0000
0.2211	0.0541	-3.0000
-0.2509	-0.1983	-1.0000
-0.2340	-0.2679	-1.0000
-0.1816	0.0945	-1.0000
0.0240	0.3384	-1.0000
-0.0466	0.0756	-1.0000
0.2329	-0.1342	-3.0000
0.3366	0.1213	-3.0000
0.3445	-0.0383	-1.0000
-0.1024	-0.0821	-1.0000
0.3704	-0.2023	-1.0000
0.3478	-0.3080	-1.0000
-0.0414	0.0865	-3.0000
0.1734	-0.0154	-3.0000
0.0397	0.0987	-1.0000
-0.1913	0.1238	-3.0000
-0.1635	0.1722	-3.0000
0.2692	-0.0916	-3.0000
0.1546	-0.2179	-1.0000
0.0413	0.0564	-3.0000
-0.0962	0.1470	-3.0000
-0.0417	-0.1478	-1.0000
-0.0205	0.2444	-3.0000
0.0987	-0.1905	-3.0000
-0.2193	0.2620	-1.0000
0.2638	0.1409	-1.0000
-0.1389	-0.1145	-1.0000
0.2484	-0.0609	-1.0000
0.0293	0.2413	-3.0000
-0.0865	0.0914	-3.0000
0.0284	0.0274	-3.0000
0.2624	0.0594	-3.0000
-0.0139	0.3013	-1.0000
0.1070	0.0975	-3.0000
0.0985	-0.0453	-1.0000
0.1141	-0.2493	-1.0000
0.4291	0.4962	0.0000
-0.0104	-0.1206	-3.0000
-0.3141	0.1892	-1.0000
-0.1088	0.0365	-1.0000
0.1198	-0.0448	-1.0000
0.6697	0.3428	0.0000
-0.2464	0.0904	-3.0000
0.3086	0.1753	-1.0000
-0.3769	0.5429	0.0000
-0.0211	-0.0851	-1.0000
0.0978	-0.1112	-1.0000
0.1968	-0.0510	-1.0000
-0.2565	-0.1230	-1.0000
-0.1831	-0.0921	0.0000
0.2039	0.2845	-1.0000
-0.1374	-0.1434	-1.0000
-0.2076	-0.0800	-3.0000
-1.0465	-0.2661	0.0000
-0.0432	-0.0360	-1.0000
-0.2704	-0.1816	-1.0000
0.0817	0.7028	0.0000
-0.0572	-0.0342	-1.0000
0.1325	0.1475	-3.0000
0.1478	-0.0059	-1.0000
-0.0022	0.0410	-3.0000
-0.1124	-0.1628	-1.0000
0.1995	0.1673	-1.0000
-0.3007	-0.1813	-1.0000
-0.1019	-0.0558	-3.0000
0.2345	-0.1203	-1.0000
0.1588	0.0931	-3.0000
0.1829	0.4598	-1.0000
-0.0843	-0.2985	-1.0000
-0.0661	0.0411	-1.0000
-0.0649	-0.3762	-1.0000
-0.0597	0.2092	-3.0000
0.0426	0.1325	-1.0000
-0.2442	0.2767	-1.0000
-0.2499	-0.0652	-1.0000
-0.0605	0.0339	-1.0000
-0.0983	0.2378	-1.0000
-0.3528	0.0080	-3.0000
0.2934	0.2191	-3.0000
-0.0751	-0.4041	-1.0000
-0.1501	0.1150	-1.0000
-0.0517	-0.3555	-1.0000
0.4595	0.0350	-1.0000
-0.0177	-0.3479	-1.0000
0.0164	0.0251	-3.0000
-0.1715	0.0687	-1.0000
0.0354	0.2110	-1.0000
0.1596	0.1443	-1.0000
-0.1055	-0.1069	-3.0000
0.1839	-0.2063	-1.0000
0.2250	-0.3458	-1.0000
-0.0403	-0.0625	-1.0000
0.0063	-0.1755	-1.0000
0.3289	-0.0099	-1.0000
0.1189	-0.2152	-1.0000
0.2092	0.0751	-3.0000
-0.5331	-0.8691	0.0000
-0.0660	-0.1355	-3.0000
-0.3693	0.1353	-1.0000
0.1069	0.1048	-1.0000
0.3143	0.0263	-3.0000
0.0003	0.0036	-1.0000
0.0786	0.1295	-3.0000
-0.1515	-0.2001	-3.0000
0.1434	0.2123	-1.0000
0.1220	-0.1695	-1.0000
-0.0449	0.2839	-3.0000
-0.0837	0.2061	-3.0000
0.0836	-0.0057	-1.0000
0.1073	0.1716	-1.0000
0.2500	0.1504	-3.0000
-0.1155	0.1662	-3.0000
-0.0856	0.0225	-1.0000
0.0781	-0.0833	-3.0000
-0.0736	0.3004	-1.0000
-0.0398	-0.0158	-3.0000
-0.2262	0.1001	-1.0000
0.0970	0.3754	-3.0000
-0.0257	0.2475	-1.0000
-0.1185	-0.2286	-1.0000
0.1962	-0.0058	-3.0000
-0.2189	0.0899	-3.0000
-0.2507	-0.3435	-1.0000
0.2338	-1.2416	0.0000
-0.0011	-0.1405	-3.0000
0.0128	-0.0303	-1.0000
0.2017	0.0034	-3.0000
0.3933	-0.0188	-1.0000
0.2928	-0.1064	-1.0000
-0.1234	-0.0029	-1.0000
0.1695	-0.2739	-1.0000
0.2746	-0.1719	-3.0000
0.2651	0.0647	-1.0000
-0.2740	0.0238	-1.0000
0.0443	-0.0983	-1.0000
0.0607	0.1061	-3.0000
-0.2947	-0.0738	-1.0000
0.1606	0.1893	-3.0000
0.0563	-0.3414	-3.0000
-0.0188	-0.1977	-1.0000
0.0259	-0.0252	-1.0000
-0.0255	0.1625	-1.0000
0.1473	-0.0381	-3.0000
-0.3101	-0.0631	-1.0000
0.0576	-0.1881	-1.0000
0.0468	-0.1269	-3.0000
-0.2160	0.0142	-3.0000
0.3291	-0.0149	-3.0000
-0.3099	-0.1294	-1.0000
0.1488	0.1592	-3.0000
0.1941	0.0181	-1.0000
-0.1638	0.0521	-3.0000
0.1427	0.1254	-3.0000
-0.1298	-0.3026	-1.0000
-0.1725	-0.3475	-1.0000
0.2262	0.1098	-1.0000
0.0053	-0.1710	-1.0000
0.0644	-0.0143	-1.0000
-0.1433	-0.1991	-1.0000
0.0587	-0.2923	-1.0000
-0.1196	-0.1121	-1.0000
0.1189	-0.1424	-1.0000
0.2356	0.1420	-3.0000
0.2555	0.1310	-1.0000
0.2365	0.2727	-1.0000
-0.0751	-0.1407	-1.0000
-0.4129	0.0029	-1.0000
0.1552	-0.0371	-1.0000
-0.1553	-0.1015	-1.0000
-0.1498	0.1399	-1.0000
-0.0312	0.4013	-1.0000
0.3842	1.0452	0.0000
0.1734	0.2028	-3.0000
-0.2005	0.1521	-1.0000
-0.0017	-0.1335	-3.0000
-0.3797	1.1941	0.0000
-0.2154	-0.0670	-1.0000
0.3475	-0.1748	-1.0000
0.3120	0.0308	-1.0000
-0.1808	-0.2051	-1.0000
-0.0191	-0.1392	-1.0000
0.2092	-0.0730	-3.0000
-0.1007	-0.0088	-3.0000
0.2075	0.0552	-1.0000
-0.0107	-0.0871	-1.0000
0.0243	0.1261	-3.0000
-0.1888	-0.3366	-1.0000
0.1433	-0.0596	-3.0000
-0.0882	-0.0268	-3.0000
-0.0421	-0.0418	-3.0000
0.1344	-0.1142	-3.0000
-0.1392	0.2062	-3.0000
0.2417	0.1718	-1.0000
0.1169	0.0103	-3.0000
-0.2149	0.4360	-1.0000
0.2175	-0.0712	-1.0000
0.1472	0.4859	-1.0000
0.2088	0.0142	-1.0000
0.1536	0.0464	-3.0000
0.1817	-0.2489	-1.0000
0.3116	-0.2905	-1.0000
-0.0099	0.2857	-3.0000
-0.0215	0.3048	-3.0000
-0.1865	-0.5496	0.0000
-0.1971	-0.0068	-1.0000
-0.2926	0.2509	-1.0000
0.0894	0.0467	-1.0000
-0.1278	-0.0777	-1.0000
0.0872	0.0652	-3.0000
0.0634	-0.3161	-1.0000
0.1813	-0.0261	-3.0000
0.1832	-0.0708	-1.0000
0.2199	-0.0235	-3.0000
-0.0908	0.1367	-3.0000
-0.1186	-0.1164	-1.0000
0.5009	-0.5107	0.0000
0.1156	-0.2361	-3.0000
-0.1091	-0.1460	-1.0000
0.2588	0.1453	-1.0000
0.0444	-0.1495	-1.0000
0.1959	0.0912	-3.0000
-0.0229	-0.2320	-1.0000
0.2166	0.2170	-1.0000
0.1997	-0.0578	-1.0000
0.0131	0.3420	-1.0000
-0.1444	0.2102	-1.0000
-0.0765	0.3583	-3.0000
-0.3347	-0.0678	-1.0000
0.1881	0.2335	-1.0000
0.0013	-0.0673	-3.0000
0.0414	0.3769	-3.0000
-0.1654	0.0110	-1.0000
-0.0705	0.2397	-1.0000
0.1238	0.0940	-3.0000
0.1163	-0.1270	-3.0000
0.2410	-0.1633	-1.0000
0.0156	-0.1177	-3.0000
-0.0057	0.1458	-3.0000
0.0633	0.3942	-1.0000
0.0087	-0.1462	-1.0000
-0.0424	0.1886	-3.0000
-0.0913	0.2202	-1.0000
0.2888	-0.2239	-1.0000
0.0834	0.0244	-1.0000
-0.2342	-0.0330	-1.0000
-0.0048	-0.3896	-1.0000
0.0442	-0.2085	-3.0000
0.1214	-0.0698	-1.0000
0.0133	-0.1367	-1.0000
-0.3325	-0.1562	-1.0000
-0.0920	-0.1314	-3.0000
-0.0484	-0.0021	-1.0000
-0.2989	-0.0915	-1.0000
-0.1520	0.1222	-3.0000
-0.2530	-0.2122	-1.0000
1.2563	-0.1023	0.0000
-0.0014	0.1681	-1.0000
-0.0523	0.1887	-1.0000
-0.2942	-0.0633	-1.0000
-0.0646	0.0553	-1.0000
0.1587	0.1861	-1.0000
-0.0848	0.3025	-1.0000
0.0651	-0.0951	-1.0000
0.2763	0.0653	-1.0000
-0.1055	-0.0893	-3.0000
-0.0178	0.0186	-3.0000
-0.0867	-0.0048	-1.0000
-0.2181	0.3091	-1.0000
0.2524	-0.1329	-1.0000
0.0582	-0.1025	-1.0000
-0.3050	-0.2855	-1.0000
-0.0675	-0.2270	-3.0000
0.0037	-0.1737	-3.0000
-0.0301	0.4745	-1.0000
0.2267	-0.1655	-3.0000
0.2579	0.0202	-3.0000
0.0912	0.3347	-1.0000
0.0246	-0.0735	-3.0000
-0.1922	0.2669	-1.0000
-0.0333	-0.3197	-3.0000
-0.1799	0.0484	-1.0000
0.0694	-0.2150	-1.0000
0.3714	-0.0984	-1.0000
-0.0601	0.0513	-3.0000
-0.0595	0.2820	-1.0000
0.2758	0.1986	-1.0000
-0.1403	0.1887	-1.0000
0.1147	-0.0031	-1.0000
-0.3203	-0.1046	-1.0000
0.0884	0.0223	-3.0000
-0.0061	0.0236	-1.0000
-0.1063	-0.1731	-3.0000
-0.1401	-0.0227	-1.0000
0.2091	0.0660	-1.0000
0.0670	0.0159	-1.0000
-0.2068	-0.1555	-1.0000
0.1917	0.2734	-1.0000
0.1287	0.2881	-1.0000
0.0667	-0.1002	-1.0000
0.0082	0.0911	-1.0000
0.1825	-0.4082	-1.0000
0.2850	0.2410	-3.0000
-0.1690	-0.1037	-1.0000
-0.2412	-0.0591	-1.0000
0.2729	-0.2764	-1.0000
0.0005	0.2516	-1.0000
-0.0840	0.2237	-1.0000
0.0918	-0.3318	-1.0000
0.1393	0.0343	-1.0000
0.2376	0.1697	-1.0000
0.2019	-0.1887	-1.0000
-0.0852	0.0357	-3.0000
0.3926	-0.2529	-1.0000
-0.3834	0.2879	0.0000
0.0910	-0.0750	-1.0000
0.1353	0.3050	-1.0000
0.1753	0.3894	-1.0000
0.2016	0.2308	-1.0000
-0.1080	0.2754	-1.0000
0.0101	0.2423	-1.0000
0.0388	-0.1803	-1.0000
0.1694	0.0105	-1.0000
-0.1275	0.1840	-1.0000
0.0381	0.1802	-1.0000
-0.1193	0.1093	-1.0000
-0.0731	0.0312	-1.0000
0.1446	-0.0975	-1.0000
-0.0654	-0.0904	-3.0000
0.3816	0.0737	-3.0000
-0.0460	-0.1990	-1.0000
-0.1227	0.1622	-1.0000
0.3005	-0.2029	-1.0000
-0.2392	0.0854	-1.0000
0.2112	0.1059	-1.0000
0.2544	-0.0556	-1.0000
0.2538	-0.0365	-3.0000
0.3249	-0.1337	-3.0000
-0.0747	0.9261	0.0000
0.1020	-0.2115	-1.0000
-0.8796	-0.6061	0.0000
0.0548	-0.1531	-3.0000
0.0480	0.1643	-3.0000
0.4644	-0.0405	-1.0000
0.0117	0.1316	-1.0000
-0.0814	0.3326	-1.0000
-0.0598	-0.1638	-3.0000
0.0857	0.0063	-1.0000
-0.1682	0.0963	-3.0000
-0.2696	0.0320	-3.0000
-0.2749	-0.0031	-3.0000
0.1716	-0.2372	-1.0000
0.1554	0.0679	-1.0000
-0.2487	0.1406	-1.0000
-0.0970	-0.2449	-1.0000
0.2061	0.1093	-3.0000
0.1696	-0.0990	-3.0000
0.0958	-0.0751	-1.0000
-0.3291	-0.0405	-1.0000
0.3251	-0.0935	-1.0000
-0.2463	-0.0207	-3.0000
-0.6187	0.8416	0.0000
-0.1266	-0.2611	-3.0000
-0.1272	-0.3748	-1.0000
0.1406	-0.0628	-1.0000
-0.0527	0.1384	-1.0000
0.0901	-0.0317	-3.0000
0.2945	0.0753	-3.0000
-0.0870	0.0984	-3.0000
-0.0268	0.1724	-3.0000
-0.2060	0.0211	-3.0000
-0.1474	-0.0381	-3.0000
0.0476	0.2397	-1.0000
0.3453	-0.0227	-1.0000
0.3508	0.3111	-1.0000
0.3319	-0.0704	-3.0000
0.0242	0.0625	-1.0000
-0.1016	0.1646	-1.0000
-0.0329	0.0780	-3.0000
0.2674	-0.1567	-1.0000
0.1649	-0.0328	-1.0000
0.0136	-0.0705	-1.0000
0.0186	-0.3069	-1.0000
0.3349	-0.3085	-1.0000
0.1544	0.2384	-1.0000
0.1198	-0.1932	-1.0000
0.1990	-0.1787	-1.0000
0.0098	0.2411	-1.0000
-0.2493	0.2722	-1.0000
-0.0611	-0.0685	-1.0000
-0.0876	0.1670	-3.0000
-0.0123	0.0206	-1.0000
-0.0265	0.0850	-1.0000
-0.0507	0.1979	-3.0000
-0.2248	0.2665	-1.0000
-0.1168	0.1293	-1.0000
-0.1706	-0.1541	-1.0000
0.9029	-0.4123	0.0000
0.3488	0.1004	-1.0000
-0.1586	-0.0256	-1.0000
-0.1288	0.1768	-3.0000
0.1570	0.1761	-1.0000
-0.2108	0.1977	-1.0000
-0.0254	-0.0477	-1.0000
0.0913	-0.1855	-3.0000
0.2498	0.0308	-1.0000
0.5503	-0.4648	0.0000
0.2793	-0.1345	-3.0000
0.1142	0.1265	-3.0000
-0.1559	-0.1626	-3.0000
-0.0648	0.1173	-3.0000
-0.0438	0.1597	-3.0000
0.0328	0.1628	-3.0000
-0.0026	-0.2506	-3.0000
-0.0723	0.2133	-1.0000
-0.0219	-0.0710	-3.0000
-0.0809	0.1180	-3.0000
-0.0596	-0.0685	-1.0000
-0.0871	-0.0184	-1.0000
0.0717	0.1297	-3.0000
-0.0504	0.1555	-1.0000
0.1671	-0.0033	-1.0000
0.0183	-0.1178	-1.0000
0.0054	-0.0615	-1.0000
-0.0871	0.3750	-1.0000
-0.0244	-0.0363	-3.0000
0.2265	0.2072	-1.0000
0.0936	0.2007	-1.0000
-0.2120	-0.0957	-3.0000
0.2682	0.0832	-1.0000
0.1763	0.0667	-1.0000
0.0725	0.2756	-1.0000
0.1701	0.2107	-1.0000
0.3069	-0.2617	-1.0000
-0.1028	-0.1749	-1.0000
-0.0506	-0.1944	-1.0000
-0.1824	-0.1588	-2.0000
-0.1493	-0.3457	-1.0000
-0.0148	0.1238	-3.0000
-0.1470	-0.1347	-1.0000
-0.1301	-0.1571	-1.0000
0.2464	0.0527	-2.0000
0.0778	-0.1964	-1.0000
-0.0953	-0.0051	-1.0000
0.1644	0.2345	-1.0000
0.6677	-0.8905	0.0000
-0.1182	-0.0725	-1.0000
0.0671	-0.1195	-1.0000
-0.1218	0.0168	-1.0000
-0.1972	0.0892	-1.0000
-0.2553	0.0936	-1.0000
-0.1054	-0.1377	-1.0000
0.0127	0.2552	-1.0000
-0.0195	0.1101	-1.0000
0.1606	0.2330	-1.0000
-0.2661	0.2004	-2.0000
-0.0620	-0.2941	-1.0000
0.0643	0.2696	-1.0000
0.1672	0.1659	-1.0000
0.0997	-0.0392	-2.0000
-0.0116	0.0887	-3.0000
-0.2509	-0.2023	-2.0000
0.0491	-0.2020	-1.0000
0.1806	-0.0447	-1.0000
0.3379	0.2993	-1.0000
-0.0333	0.0648	-3.0000
-0.0314	-0.1124	-1.0000
-0.0242	0.0915	-3.0000
-0.0704	-0.0520	-3.0000
0.0375	-0.3514	-1.0000
-0.2654	-0.1737	-1.0000
0.1117	0.2423	-3.0000
-0.0933	-0.2449	-1.0000
-0.0687	-0.0029	-2.0000
0.1594	0.0486	-1.0000
-0.1686	0.0094	-2.0000
0.2127	0.1711	-1.0000
-0.2136	-0.0305	-1.0000
-0.0385	-0.1275	-3.0000
0.3646	0.0986	-1.0000
0.2293	0.0015	-1.0000
-0.1100	0.0419	-1.0000
0.0167	0.0120	-2.0000
-0.1825	-0.0491	-1.0000
-0.1450	0.1502	-1.0000
-0.0663	0.1212	-1.0000
-0.2930	-0.0582	-1.0000
0.1628	0.2328	-1.0000
-0.0515	0.0299	-2.0000
-0.0815	-0.1493	-1.0000
0.2334	-0.0266	-2.0000
-0.0858	0.1589	-2.0000
-0.0149	-0.1822	-2.0000
-0.0749	-0.0195	-3.0000
0.2864	-0.0745	-1.0000
-0.0026	0.3813	-2.0000
-0.0346	0.0808	-3.0000
0.0998	-0.3271	-1.0000
-0.0677	-0.1945	-2.0000
0.0946	-0.3880	-1.0000
-0.0109	-0.2245	-1.0000
-0.3950	0.1395	-1.0000
-0.0640	0.0537	-1.0000
0.2654	-0.1599	-1.0000
0.2752	-0.1555	-2.0000
-0.0608	0.3897	-1.0000
0.2365	-0.0787	-1.0000
0.0448	-0.2018	-1.0000
-0.1649	0.1521	-2.0000
-0.2739	-0.0665	-1.0000
0.0379	-0.0115	-1.0000
0.0438	0.2410	-3.0000
-0.2788	0.0700	-1.0000
0.0502	-0.1708	-1.0000
0.0348	-0.0292	-1.0000
-0.7638	0.6445	0.0000
0.3066	-0.0857	-2.0000
-0.3188	0.1709	-2.0000
-0.0380	-0.1436	-2.0000
-0.9081	0.0820	0.0000
0.2138	0.1627	-2.0000
0.1011	-0.2667	-2.0000
0.0153	0.1616	-2.0000
-0.0988	0.0120	-2.0000
-0.0302	0.0227	-3.0000
0.0730	-0.0752	-3.0000
0.3180	-0.3919	0.0000
-0.0563	0.0398	-2.0000
0.7594	0.2412	0.0000
-0.0698	-0.1198	-2.0000
-0.0630	0.0588	-2.0000
0.2619	-0.0467	-2.0000
0.2503	0.1725	-2.0000
0.1902	0.2399	-2.0000
0.0751	0.1594	-2.0000
0.2727	-0.0493	-2.0000
0.0493	0.0419	-2.0000
-0.0575	0.1686	-2.0000
-0.1772	0.3666	-2.0000
-0.2219	0.1352	-2.0000
-0.2421	-0.2447	-2.0000
-0.1948	0.2504	-2.0000
-0.1159	0.1968	-2.0000
-0.8191	0.0063	0.0000
0.1696	-0.1340	-2.0000
-0.2283	0.0905	-2.0000
-0.1620	0.1355	-2.0000
-0.1882	0.0867	-2.0000
0.3103	0.0424	-3.0000
-0.0055	0.1008	-3.0000
0.0602	0.1490	-2.0000
-0.0362	0.1497	-2.0000
-0.0160	-0.1853	-2.0000
-0.1986	-0.3163	-2.0000
0.0697	-0.1335	-2.0000
0.3476	-0.0522	-2.0000
-0.0714	0.3715	-2.0000
-0.0178	0.1780	-2.0000
-0.1453	0.1223	-2.0000
-0.0596	-0.1811	-2.0000
-0.3484	0.2508	-2.0000
0.0914	-0.1067	-2.0000
0.0504	0.1645	-2.0000
0.0979	0.2816	-2.0000
0.1101	-0.1074	-2.0000
0.0311	-0.1455	-3.0000
-0.0255	0.0516	-2.0000
0.1622	0.0380	-2.0000
0.1794	-0.2309	-2.0000
0.0084	0.1599	-2.0000
-0.0282	-0.0656	-2.0000
-0.2235	0.2374	-2.0000
0.1515	0.2032	-2.0000
-0.0501	-0.2293	-2.0000
0.1747	-0.4453	0.0000
0.4681	-0.0510	-2.0000
-0.1890	-0.2141	-2.0000
0.0992	0.1503	-3.0000
-0.1101	0.0114	-2.0000
0.2801	-0.0894	-2.0000
0.0252	-0.0116	-2.0000
0.0193	0.2377	-2.0000
0.3771	0.2237	-2.0000
-0.0938	-0.0969	-2.0000
0.1768	0.2184	-2.0000
-0.0014	0.2671	-2.0000
-0.0234	0.1008	-3.0000
0.0805	-0.3256	-2.0000
0.1444	-0.1642	-2.0000
1.1661	0.2948	0.0000
0.0970	-0.2925	-2.0000
0.3698	-0.0345	-2.0000
0.0898	0.1540	-3.0000
-0.1033	-0.0972	-2.0000
-0.0053	0.0132	-2.0000
-0.0649	-0.2774	-2.0000
-0.0640	0.1587	-2.0000
0.1509	-0.1379	-2.0000
-0.1601	0.0345	-2.0000
-0.0266	-0.2167	-2.0000
0.0952	0.0784	-2.0000
0.2071	-0.0486	-2.0000
0.0433	0.1587	-2.0000
-0.0241	-0.0247	-2.0000
-0.0038	0.0427	-2.0000
-0.0491	-0.2643	-2.0000
0.0266	-0.1258	-2.0000
0.0304	0.0764	-3.0000
0.1338	-0.1468	-3.0000
-0.4116	-0.1846	-2.0000
-0.0750	0.1201	-2.0000
-0.1172	0.0018	-2.0000
0.2968	-0.0433	-2.0000
0.1191	0.1253	-2.0000
0.2258	-0.0963	-2.0000
-0.0978	-0.0183	-2.0000
-0.1512	-0.0780	-2.0000
-0.0257	-0.1487	-2.0000
0.2002	0.0373	-2.0000
0.2991	-0.2242	-2.0000
-0.3176	0.1255	-2.0000
-0.0022	-0.0180	-2.0000
0.2637	0.0825	-2.0000
0.1074	0.0615	-2.0000
-0.2755	-0.3083	-2.0000
0.3325	-0.1798	-2.0000
-0.2454	0.0166	-3.0000
-0.1422	-0.0208	-2.0000
-0.1010	0.2516	-2.0000
-0.0213	0.0160	-2.0000
-0.1780	0.0913	-2.0000
0.0476	-0.0593	-3.0000
-0.0316	-0.2527	-2.0000
0.3072	0.1176	-2.0000
0.1442	0.1999	-2.0000
0.0618	-0.1212	-2.0000
-0.1940	0.0215	-2.0000
-0.0094	0.2384	-2.0000
-0.1834	-0.1177	-2.0000
0.2387	0.2212	-2.0000
-0.0994	-0.2247	-2.0000
-0.1555	0.0864	-2.0000
0.1385	-0.2839	-2.0000
-0.0860	-0.0810	-2.0000
-0.3815	0.0884	-2.0000
0.2679	-0.1412	-2.0000
0.1961	0.2703	-2.0000
-0.1452	0.1412	-2.0000
0.0557	0.1485	-2.0000
-0.3316	-0.1610	-2.0000
0.0212	0.2484	-2.0000
0.2445	0.2334	-2.0000
-0.1197	0.2724	-2.0000
0.0048	0.1080	-3.0000
0.1007	-0.0407	-2.0000
0.1358	-0.0936	-3.0000
0.3301	0.0195	-2.0000
-0.1667	-0.1301	-2.0000
0.3682	0.0239	-2.0000
0.1294	-0.2058	-2.0000
-0.0192	0.2278	-2.0000
-0.1320	-0.1449	-2.0000
-0.3144	0.1258	-2.0000
0.4272	-0.1852	-2.0000
-0.0397	-0.0556	-2.0000
-0.1296	-0.2814	-2.0000
0.0787	-0.0340	-2.0000
0.0953	0.2997	-2.0000
-0.0504	0.1727	-2.0000
0.3151	-0.0261	-2.0000
-0.0086	0.2733	-2.0000
0.1874	0.1121	-3.0000
0.3227	-0.1423	-2.0000
-0.0538	-0.1194	-2.0000
-0.2560	-0.0200	-2.0000
-0.2196	0.1513	-2.0000
-0.0858	0.1254	-2.0000
0.0998	-0.0826	-3.0000
-0.1256	0.0889	-2.0000
-0.0126	0.1203	-2.0000
0.1536	0.1343	-2.0000
0.2020	-0.1652	-2.0000
-0.1700	0.2823	-2.0000
0.2322	0.2870	-2.0000
0.1049	0.0140	-2.0000
-0.1307	-0.1568	-2.0000
-0.2439	-0.0042	-2.0000
0.1964	-0.1263	-2.0000
0.1463	0.2186	-2.0000
0.1402	-0.0398	-2.0000
-0.0644	0.0213	-2.0000
-0.2652	-0.0196	-2.0000
0.1867	-0.0479	-3.0000
0.1420	-0.0344	-2.0000
0.1557	-0.1735	-2.0000
-0.1590	-0.3043	-2.0000
-0.2849	0.2476	-2.0000
-0.2866	-0.2351	-2.0000
-0.0109	0.1583	-2.0000
-0.0246	0.2443	-2.0000
-0.0397	0.2953	-2.0000
-0.2972	0.6833	0.0000
-0.1628	-0.3084	-2.0000
0.3284	-0.0385	-2.0000
-0.1301	-0.2942	-2.0000
-0.0158	0.1527	-2.0000
-0.0833	-0.2961	-2.0000
-0.0989	0.2454	-2.0000
0.1307	0.3198	-2.0000
0.1463	-0.1810	-3.0000
0.3630	0.1981	-2.0000
0.0520	-0.2185	-3.0000
-0.4052	-0.0039	-2.0000
0.0472	0.0382	-3.0000
-0.1295	0.2247	-2.0000
0.0342	0.0568	-2.0000
-0.9696	-0.1193	0.0000
0.1146	-0.3398	-2.0000
-0.0771	0.0781	-3.0000
-0.0994	-0.0681	-2.0000
0.1965	0.1016	-2.0000
0.3515	0.1209	-2.0000
-0.2605	0.1345	-2.0000
-0.0802	-0.2030	-2.0000
-0.0807	0.0139	-2.0000
0.2226	-0.0130	-2.0000
-0.0695	0.3391	-2.0000
0.2656	0.0203	-2.0000
0.1375	-0.0438	-2.0000
0.0741	-0.1183	-2.0000
-0.0492	0.2728	-2.0000
-0.2087	0.3104	-2.0000
0.0582	-0.0379	-2.0000
-0.1577	0.1198	-2.0000
0.1899	-0.0445	-2.0000
0.0153	0.1267	-2.0000
0.2266	-0.1447	-2.0000
-0.0266	0.3279	-2.0000
0.1183	-0.0454	-2.0000
0.0360	0.0448	-2.0000
-0.1860	-0.0398	-2.0000
-0.2515	-0.1038	-2.0000
-0.1590	-0.1029	-2.0000
-0.3394	-0.0981	-2.0000
0.3363	-0.0200	-2.0000
-0.0959	0.0132	-2.0000
0.2013	-0.2370	-2.0000
0.0324	-0.0857	-2.0000
-0.0449	0.1423	-2.0000
0.2229	-0.1017	-2.0000
-0.0619	-0.0270	-2.0000
-0.0582	0.1542	-3.0000
0.2608	0.0160	-2.0000
0.0708	-0.0134	-3.0000
-0.3734	-0.0252	-2.0000
0.2016	-0.1110	-2.0000
-0.0746	-0.0916	-2.0000
0.1326	0.0774	-2.0000
-0.2245	-0.1105	-2.0000
0.0782	0.2979	-2.0000
0.3085	0.1948	-2.0000
0.1158	0.0266	-2.0000
0.1489	-0.1535	-2.0000
0.0060	-0.2775	-2.0000
-0.1219	0.0390	-2.0000
0.0318	0.1092	-2.0000
0.3651	0.1200	-2.0000
-0.2541	-0.0257	-2.0000
-0.1065	0.0531	-2.0000
-0.1849	-0.0356	-2.0000
0.3032	-0.0780	-2.0000
0.0602	-0.0289	-2.0000
0.1785	0.0368	-2.0000
-0.1547	0.1539	-2.0000
-0.0302	-0.0863	-2.0000
-0.0370	-0.1182	-2.0000
0.0338	-0.0369	-2.0000
0.1154	-0.0780	-2.0000
0.1884	-0.2279	-2.0000
-0.1989	0.0898	-2.0000
0.1592	-0.1184	-2.0000
-0.1250	-0.1495	-2.0000
-0.0514	0.0051	-2.0000
-0.1479	-0.0489	-2.0000
0.0122	-0.1849	-2.0000
-0.1097	0.1495	-2.0000
-0.3680	0.2180	-2.0000
0.2997	0.1072	-2.0000
0.1720	-0.4467	-2.0000
0.4420	0.8214	0.0000
-0.3234	0.0283	-2.0000
0.0741	0.1153	-2.0000
0.0497	-0.1005	-2.0000
-0.1177	-0.1059	-2.0000
-0.1301	-0.0202	-2.0000
-0.6556	-0.1473	0.0000
0.3299	-0.0191	-2.0000
0.0315	-0.1741	-2.0000
-0.1451	0.3555	-2.0000
0.1390	-0.0486	-2.0000
-0.0778	0.1489	-2.0000
-0.1361	-0.0531	-2.0000
0.1685	0.3558	-2.0000
-0.1420	0.1909	-2.0000
-0.1304	-0.1718	-2.0000
-0.0508	0.2385	-2.0000
-0.0008	0.1137	-3.0000
-0.2467	0.1128	-2.0000
-0.1361	-0.2766	-2.0000
0.2973	-0.1745	-2.0000
0.1912	-0.4010	-2.0000
0.2063	0.0003	-2.0000
0.2514	-0.0403	-2.0000
-0.0652	-0.0749	-3.0000
-0.3756	0.1421	-2.0000
-0.1859	0.0444	-2.0000
0.1413	-0.3697	-2.0000
-0.2599	0.1283	-2.0000
-0.0430	-0.3710	-2.0000
0.1533	0.0423	-2.0000
0.0927	-0.0520	-2.0000
0.3233	0.0036	-2.0000
0.1577	-0.3060	-2.0000
0.0646	0.0323	-2.0000
-0.0837	-0.1269	-2.0000
-0.1223	-0.0195	-3.0000
0.0409	-0.0858	-2.0000
0.0044	0.0816	-2.0000
0.2775	-0.2901	-2.0000
0.1809	0.2910	-2.0000
0.1213	0.0733	-2.0000
0.0618	-0.0527	-2.0000
0.0113	-0.0481	-3.0000
0.1765	0.2543	-2.0000
-0.2332	-0.1535	-2.0000
0.0023	-0.2992	-2.0000
0.1194	-0.0776	-2.0000
0.2144	0.0289	-2.0000
0.0758	-0.1877	-2.0000
0.1765	-0.1425	-2.0000
-0.2698	-0.1380	-2.0000
-0.1859	0.2103	-2.0000
0.0180	-0.0033	-2.0000
-0.1011	-0.1866	-2.0000
-0.0650	-0.0086	-2.0000
0.1946	-0.1019	-2.0000
-0.0304	-0.3062	-2.0000
0.2113	0.1133	-2.0000
-0.2550	-0.1898	-2.0000
0.2213	0.0196	-2.0000
-0.0319	0.2732	-2.0000
0.0313	-0.2030	-2.0000
0.1483	0.1537	-2.0000
0.3637	0.0637	-2.0000
-0.0309	0.0280	-2.0000
0.1433	-0.0006	-3.0000
0.2060	-0.3199	-2.0000
0.1307	-0.3110	-2.0000
0.0712	0.2517	-2.0000
0.1397	0.3023	-2.0000
-0.0733	-0.0180	-2.0000
-0.0369	0.1545	-2.0000
0.2041	-0.0307	-2.0000
0.1858	0.2194	-2.0000
0.1460	0.2577	-2.0000
-0.0997	-0.0574	-2.0000
-0.2309	0.0894	-2.0000
0.2114	0.1603	-2.0000
-0.2454	0.2363	-2.0000
0.1627	0.0382	-2.0000
-0.2634	0.3465	-2.0000
-0.0017	0.2134	-2.0000
-0.2846	0.0425	-2.0000
0.1980	0.1235	-2.0000
-0.0382	0.0532	-2.0000
0.9867	0.6372	0.0000
0.1296	-0.0734	-3.0000
0.1576	0.0843	-2.0000
0.3052	-0.1105	-2.0000
0.0809	0.1373	-3.0000
0.3250	0.1351	-2.0000
0.1654	0.1546	-2.0000
0.1076	0.0470	-2.0000
-0.0198	0.3140	-2.0000
-0.0469	0.1779	-2.0000
0.0385	0.1865	-2.0000
-0.1835	0.1121	-2.0000
0.1775	0.2527	-2.0000
0.0008	-0.1440	-2.0000
-0.0522	0.4418	-2.0000
0.2327	0.1590	-2.0000
0.1998	-0.3079	-2.0000
0.0817	-0.0301	-2.0000
0.0475	0.1515	-2.0000
0.2061	0.2957	-2.0000
-0.0114	-0.3159	-2.0000
0.0171	-0.2568	-2.0000
0.0010	0.2504	-2.0000
0.4693	0.1481	-2.0000
-0.0086	-0.0935	-2.0000
0.0468	0.1492	-3.0000
-0.0105	0.0278	-3.0000
0.3565	-0.1449	-2.0000
0.3037	-0.1593	-2.0000
-0.0721	0.0971	-2.0000
-0.0960	0.0720	-2.0000
0.1488	0.0725	-2.0000
0.1675	0.0623	-2.0000
0.0687	0.0487	-2.0000
-0.0835	0.2353	-2.0000
0.1786	-0.2497	-2.0000
0.2583	0.1051	-2.0000
-0.0343	-0.2080	-2.0000
0.0571	0.2052	-2.0000
0.1432	-0.0765	-3.0000
0.0463	-0.2428	-2.0000
-0.2231	-0.1004	-2.0000
0.2758	-0.1050	-2.0000
0.2770	0.1602	-2.0000
-0.0406	0.0672	-2.0000
-0.0461	0.0046	-2.0000
0.0261	0.1956	-2.0000
-0.0632	-0.0238	-2.0000
0.2921	0.2666	-2.0000
0.0377	0.1951	-2.0000
-0.1675	-0.1471	-2.0000
-0.1811	0.0829	-2.0000
-0.3704	0.1720	-2.0000
-0.2221	-0.0403	-3.0000
-0.1205	0.3306	-2.0000
0.1560	0.0465	-2.0000
-0.4532	-0.1091	-2.0000
0.1345	-0.0413	-2.0000
0.2604	0.1582	0.0000
-0.1081	-0.0473	-2.0000
-0.0571	0.0694	-3.0000
0.2173	0.2044	-2.0000
-0.3051	-0.0818	-2.0000
-0.2170	0.1567	-2.0000
0.1321	0.0476	-3.0000
0.1716	0.1024	-2.0000
-0.4189	-0.1112	-2.0000
0.0763	0.4438	-2.0000
-0.1027	-0.1708	-2.0000
0.0953	-0.1177	-2.0000
-0.2162	0.0134	-3.0000
-0.2370	0.3592	-2.0000
0.0174	-0.0820	-2.0000
0.1768	-0.0483	-2.0000
0.2223	0.2420	-2.0000
-0.0963	-0.2338	-2.0000
-0.0096	0.0466	-2.0000
-0.1619	-0.2003	-2.0000
0.1742	0.1299	-2.0000
0.1715	0.0848	-3.0000
0.1088	0.1587	-2.0000
-0.0680	-0.3042	-2.0000
0.0215	-0.1085	-2.0000
0.1818	-0.1899	-2.0000
-0.0227	0.2009	-2.0000
-0.0902	-0.2243	-3.0000
0.2876	0.0621	-2.0000
-0.1380	0.0039	-2.0000
0.2355	-0.2201	-2.0000
0.3651	-0.0766	-2.0000
0.0841	-0.1063	-2.0000
-0.1298	-0.3597	-2.0000
-0.0009	0.1928	-2.0000
0.0366	-0.2216	-3.0000
0.3460	-0.0055	-2.0000
-0.1038	-0.4174	-2.0000
-0.3269	0.3042	-2.0000
0.3528	0.0633	-2.0000
-0.0956	0.1683	-3.0000
-0.4470	0.7979	0.0000
-0.1330	-0.2084	-2.0000
0.0665	0.3570	-2.0000
0.3428	-0.2646	-2.0000
-0.0580	0.1673	-2.0000
0.0712	0.3665	-2.0000
-0.0779	0.0737	-2.0000
-0.0247	-0.1226	-2.0000
0.0733	-0.0451	-2.0000
-0.0940	0.2284	-2.0000
0.2060	0.1408	-2.0000
-0.2807	-1.0366	0.0000
-0.0127	0.1866	-3.0000
-0.1632	0.0038	-2.0000
-0.0072	-0.0302	-2.0000
-0.0787	0.4481	-2.0000
-0.2301	0.3804	-2.0000
-0.0006	0.1048	-2.0000
0.1637	0.2784	-2.0000
0.0232	0.0156	-2.0000
-0.2084	0.0761	-2.0000
0.4836	0.2931	0.0000
0.1300	0.2441	-2.0000
-0.0584	0.1834	-2.0000
-0.5045	-0.0983	0.0000
0.0405	-0.2700	-2.0000
0.8090	0.1231	0.0000
-0.1026	0.0541	-2.0000
0.3777	0.0179	-3.0000
0.2099	0.1546	-2.0000
-0.0714	0.0645	-3.0000
-0.0094	-0.2369	-3.0000
0.0620	0.1923	-3.0000
-0.1659	-0.2194	-2.0000
-0.1657	0.0092	-2.0000
0.2017	-0.1363	-2.0000
0.0323	0.0091	-2.0000
0.1367	0.1890	-2.0000
0.1160	0.0447	-2.0000
0.4036	-0.1333	-2.0000
0.1467	-0.2585	-2.0000
0.0905	-0.3197	-2.0000
0.6948	-0.3824	0.0000
-0.1144	-0.3715	-2.0000
0.2731	0.0085	-2.0000
0.1482	-0.2833	-3.0000
-0.4907	0.3817	0.0000
0.1833	0.0821	-3.0000
-0.0675	-0.1045	-2.0000
-0.2980	-0.0048	-3.0000
0.1643	0.0447	-3.0000
0.0816	0.0644	-3.0000
-0.0537	-0.0824	-2.0000
0.0149	0.0632	-3.0000
0.4000	-0.2135	-2.0000
-0.1193	0.1446	-2.0000
-0.0134	0.1810	-2.0000
-0.0043	0.0775	-2.0000
0.2192	0.3050	-2.0000
0.2783	-0.1026	-2.0000
0.0101	-0.0714	-2.0000
0.0654	0.0192	-3.0000
-0.0186	-0.0171	-3.0000
-0.2470	0.1578	-3.0000
0.1928	-0.1908	-3.0000
0.2707	0.1597	-3.0000
0.0155	0.0511	-3.0000
-0.0031	0.2644	-2.0000
-0.0634	-0.0715	-2.0000
0.2361	0.3429	-2.0000
-0.1050	-0.0869	-2.0000
-0.0526	-0.0763	-3.0000
-0.3183	0.0567	-2.0000
0.0183	-0.1477	-3.0000
-0.1651	-0.1057	-3.0000
0.0440	0.2280	-3.0000
0.9226	0.0754	0.0000
-0.2189	0.2349	-2.0000
0.2959	0.2825	-2.0000
-0.1154	-0.1831	-3.0000
-0.0413	0.0818	-2.0000
0.1500	-0.0591	-2.0000
0.3958	0.1180	-2.0000
-0.0235	0.3028	-3.0000
-0.2925	-0.1514	-2.0000
0.1601	-0.0025	-3.0000
0.3637	0.1755	-2.0000
-0.0556	0.1559	-2.0000
0.1237	-0.1736	-2.0000
-0.1282	-0.2552	-2.0000
0.0198	0.1895	-2.0000
-0.0776	-0.0296	-3.0000
0.0287	0.2695	-2.0000
-0.1604	-0.1869	-3.0000
0.0885	0.2573	-3.0000
-0.0746	-0.1263	-2.0000
0.0442	0.1818	-2.0000
0.0386	-0.1900	-2.0000
0.1610	-0.0771	-2.0000
-0.1520	0.0621	-2.0000
-0.2882	-0.0758	-2.0000
0.0684	0.1082	-2.0000
-0.3802	0.0893	-2.0000
0.0650	-0.1487	-3.0000
-0.2777	0.0997	-2.0000
-0.1338	-0.0101	-2.0000
-0.2883	0.2282	-3.0000
-0.9527	-0.2259	0.0000
-0.2070	-0.0876	-3.0000
0.0798	0.1995	-2.0000
0.3464	-0.1155	-2.0000
0.0179	0.0595	-2.0000
0.0021	0.0399	-2.0000
0.0086	0.2692	-2.0000
0.1909	0.3607	-2.0000
0.0340	-0.2883	-2.0000
0.2771	-0.0246	0.0000
0.0987	-0.0086	-3.0000
-0.3358	-0.0826	-2.0000
-0.1171	-0.0571	-3.0000
0.2211	0.2987	-2.0000
0.0449	0.0076	-2.0000
0.0252	-0.0297	-3.0000
0.2531	0.1661	-2.0000
0.4257	-0.0094	-2.0000
0.0211	0.1484	-3.0000
0.1581	0.1725	-2.0000
-0.0288	0.0221	-3.0000
0.0929	0.1919	-3.0000
0.0443	-0.2143	-2.0000
-0.1635	0.0449	-2.0000
-0.2139	-0.0491	-2.0000
0.0289	-0.0045	-3.0000
-0.2011	-0.1090	-2.0000
0.3541	-0.5694	0.0000
-0.3069	-0.0178	-2.0000
0.0623	-0.2152	-2.0000
0.0873	0.1256	-3.0000
-0.2183	-0.1318	-3.0000
0.2087	-0.3235	-2.0000
-0.1742	0.0221	-3.0000
-0.0145	-0.0277	-3.0000
0.0660	0.1708	-2.0000
-0.2577	0.0086	-2.0000
0.1636	-0.0727	-2.0000
0.0247	0.2898	-2.0000
0.1124	-0.2260	-2.0000
-0.0889	-0.0098	-3.0000
0.0359	-0.0558	-2.0000
-0.0383	-0.1032	-3.0000
-0.0064	-0.1383	-2.0000
-0.0577	-0.2519	-3.0000
-0.2528	0.1353	-2.0000
-0.1601	0.1848	-3.0000
-0.0196	0.2166	-2.0000
0.0887	0.1595	-2.0000
-0.0934	0.2267	-2.0000
0.0717	-0.0707	-3.0000
0.0851	-0.0897	-2.0000
0.0421	0.3394	-2.0000
0.4559	-0.7805	0.0000
0.0367	0.4337	-2.0000
-0.1417	0.3208	-2.0000
-0.0416	0.2043	-2.0000
0.5511	-0.5631	0.0000
0.0396	0.2127	-3.0000
0.2725	-0.0166	-3.0000
-0.0391	-0.2096	-2.0000
0.0393	-0.2150	-3.0000
0.3670	0.1152	-2.0000
0.1606	-0.0772	-2.0000
-0.2595	0.0425	-2.0000
-0.0916	0.2957	-2.0000
0.0508	0.2440	-3.0000
0.4093	-0.0082	-2.0000
-0.2269	-0.0516	-2.0000
0.2803	0.1200	-2.0000
0.1176	-0.0870	-2.0000
0.2663	-0.0676	-2.0000
0.2093	0.0711	-2.0000
0.1429	0.2022	-3.0000
0.2862	-0.0415	-2.0000
0.1656	0.0021	-2.0000
0.1810	-0.1269	-2.0000
-0.0639	-0.1129	-3.0000
0.2097	0.0732	-3.0000
-0.0161	-0.2824	-3.0000
0.1714	-0.0891	-2.0000
0.1005	-0.0786	-2.0000
-0.9366	-0.0827	0.0000
0.0330	0.1381	-2.0000
0.0434	0.0553	-3.0000
-0.0715	0.1900	-3.0000
0.2114	0.1586	-2.0000
0.1484	-0.1667	-3.0000
