-0.1768	0.0669	-1.0000
0.1363	-0.3579	-1.0000
-0.1148	-0.1671	0.0000
-0.1529	-0.0413	0.0000
0.2873	0.1044	-1.0000
-0.0165	0.3035	-1.0000
0.4435	0.2097	0.0000
-0.1783	-0.2763	0.0000
-0.3914	-0.1684	-1.0000
-0.0724	-0.2388	-2.0000
-0.1014	-0.1882	-1.0000
0.1918	0.4217	-1.0000
0.0246	-0.3705	0.0000
0.3472	-0.0382	0.0000
-0.3826	-0.1359	0.0000
-0.2992	-0.2022	-1.0000
-0.3452	-0.1218	-1.0000
0.1912	-0.0285	-3.0000
-0.2033	-0.0573	-1.0000
0.1901	-0.2368	-1.0000
0.0066	-0.2803	-2.0000
-0.0027	-0.1328	-2.0000
0.0420	0.1888	-3.0000
0.4380	0.1607	-1.0000
-0.1950	-0.0329	-3.0000
0.1485	0.0751	-3.0000
0.0077	0.2725	0.0000
-0.2257	0.3461	-1.0000
-0.1404	-0.0037	-3.0000
0.1501	0.1878	-2.0000
0.4349	0.1125	0.0000
0.2747	0.4171	0.0000
0.0406	-0.1849	-1.0000
-0.0306	-0.1759	-3.0000
0.0571	-0.3715	-1.0000
-0.2332	0.1163	-2.0000
0.0338	0.3126	-1.0000
-0.2585	-0.1011	0.0000
0.2163	0.0796	-2.0000
0.1811	-0.0138	-3.0000
0.0294	0.1430	-2.0000
-0.0689	0.0657	-3.0000
-0.2751	0.0238	-1.0000
-0.0981	0.1973	-3.0000
-0.1341	0.2883	-1.0000
0.2263	-0.0972	-1.0000
-0.0333	0.3067	-1.0000
0.2093	-0.0545	-2.0000
-0.3568	-0.0637	-1.0000
-0.0129	0.0969	-3.0000
-0.0701	0.2279	-2.0000
-0.2056	-0.1148	0.0000
-0.2867	0.4047	0.0000
0.0469	-0.0915	-3.0000
-0.2781	0.0762	-2.0000
0.1473	0.2391	-1.0000
-0.4047	-0.1690	0.0000
-0.1637	0.0651	-3.0000
-0.2078	-0.0803	-1.0000
-0.3554	0.2402	0.0000
-0.1255	0.0001	-3.0000
0.0178	0.0922	-2.0000
-0.4103	0.0614	0.0000
-0.0106	0.0566	-3.0000
-0.1724	0.0117	-3.0000
-0.0776	0.0281	-3.0000
0.4180	0.1697	0.0000
0.0542	0.0621	-3.0000
-0.2600	0.2658	0.0000
0.2157	0.1572	-2.0000
0.1730	0.0291	0.0000
0.1445	0.0442	-3.0000
0.2057	0.3934	-1.0000
0.2009	0.4169	-1.0000
-0.3704	-0.1936	0.0000
-0.0337	-0.0113	-3.0000
0.0175	0.0027	-3.0000
0.1845	0.0005	-2.0000
-0.1864	0.2928	0.0000
0.0318	-0.1938	0.0000
0.1061	0.2657	-1.0000
0.2147	-0.1083	-2.0000
-0.0261	0.4015	-1.0000
0.3331	-0.1677	-1.0000
0.1443	0.3957	0.0000
0.0932	0.1851	-2.0000
-0.0049	0.4138	-1.0000
0.0705	-0.0052	-3.0000
0.4724	-0.1808	0.0000
-0.3832	-0.1534	-1.0000
-0.3834	0.1404	-1.0000
-0.2425	0.0420	-1.0000
0.0802	0.1883	-2.0000
0.1778	-0.2199	0.0000
0.4092	-0.3212	0.0000
-0.3230	0.0488	-1.0000
-0.2903	-0.2656	0.0000
0.2264	0.2833	0.0000
-0.0211	-0.3554	-1.0000
-0.1376	0.1269	-3.0000
0.0633	-0.0585	-3.0000
0.1198	-0.2224	-2.0000
0.0806	0.1785	-1.0000
-0.0937	-0.1374	-3.0000
-0.1845	0.1930	0.0000
-0.0889	0.2637	-2.0000
0.0106	-0.1258	-3.0000
0.0623	-0.1584	-3.0000
0.4126	0.3157	0.0000
-0.1310	-0.1260	-3.0000
0.2029	-0.1899	-2.0000
-0.4717	-0.1246	0.0000
-0.2659	0.0450	-1.0000
-0.3346	-0.2764	0.0000
0.1568	0.2108	0.0000
-0.1074	0.0813	-3.0000
-0.4066	-0.0400	0.0000
-0.1796	0.1404	-3.0000
0.0096	-0.0972	-3.0000
0.0219	-0.1426	-2.0000
0.0522	0.0032	-2.0000
-0.3015	0.0290	-1.0000
0.3370	-0.1436	0.0000
0.0474	0.2332	-1.0000
0.1237	-0.1791	-2.0000
-0.3794	-0.0496	0.0000
0.1668	0.2708	-1.0000
-0.3278	0.3007	0.0000
0.3463	0.0171	0.0000
-0.1113	-0.1394	-3.0000
0.2238	-0.1326	-2.0000
0.0775	0.1719	-3.0000
-0.1661	-0.2631	-1.0000
0.2058	0.1520	-2.0000
0.1207	0.0158	-3.0000
0.0361	0.1513	-3.0000
0.1120	0.2291	-1.0000
-0.2412	0.0634	-1.0000
0.2415	0.4443	0.0000
0.0375	-0.0035	-3.0000
-0.1972	-0.1385	-2.0000
0.2252	0.3207	0.0000
0.2873	0.1393	-1.0000
0.2270	-0.4192	0.0000
-0.1756	0.0533	-2.0000
-0.0415	-0.1748	0.0000
-0.0027	-0.2067	0.0000
-0.2914	-0.3883	0.0000
-0.0737	0.1786	-3.0000
0.1000	-0.3439	-1.0000
-0.1163	0.1156	-2.0000
0.0573	-0.0460	-3.0000
-0.0562	-0.2656	-2.0000
0.2737	-0.0034	-1.0000
-0.0798	0.1505	-3.0000
0.1531	0.0045	-3.0000
0.1420	-0.0925	-3.0000
-0.0484	-0.2683	0.0000
0.1924	0.3534	-1.0000
0.1649	0.0953	-3.0000
0.2737	-0.1467	-1.0000
0.0208	-0.1916	-3.0000
-0.0876	0.1514	-3.0000
0.3522	0.1703	-1.0000
0.4638	-0.1425	0.0000
-0.2409	-0.4002	0.0000
0.0355	0.3253	-1.0000
0.1518	-0.3036	0.0000
0.2102	0.0410	-3.0000
0.2165	0.0187	-2.0000
-0.0815	0.1607	-2.0000
0.1252	0.1480	-1.0000
0.2844	0.2294	0.0000
-0.1941	0.0803	-1.0000
-0.0768	0.0442	-3.0000
-0.2816	0.1161	-1.0000
0.1363	0.2365	-2.0000
-0.1408	0.2248	0.0000
-0.0852	-0.0185	-3.0000
-0.1824	0.4452	0.0000
0.0203	-0.3282	0.0000
-0.0662	0.0301	-3.0000
0.0222	0.2461	-1.0000
-0.0723	0.2788	0.0000
0.3979	0.0287	0.0000
-0.1738	0.3832	0.0000
-0.2556	-0.2618	0.0000
0.2956	0.1158	-1.0000
0.4485	0.0779	0.0000
-0.1568	-0.0480	-3.0000
-0.1676	-0.2520	-1.0000
-0.0258	-0.1560	-2.0000
-0.1878	-0.1116	-3.0000
0.0375	0.1663	-3.0000
-0.0026	0.2055	-3.0000
-0.1128	0.0865	-3.0000
-0.1108	-0.1388	-3.0000
0.1172	-0.0214	-3.0000
0.2973	-0.0388	-1.0000
0.2592	-0.0077	0.0000
-0.1917	-0.0579	0.0000
-0.4003	-0.2528	-1.0000
0.2401	0.1462	-1.0000
-0.3674	0.1335	0.0000
0.0218	-0.0303	-3.0000
-0.2304	-0.2259	0.0000
-0.1268	-0.2630	-2.0000
-0.0374	-0.1763	-3.0000
-0.2966	0.2589	0.0000
-0.2699	0.3608	-1.0000
-0.2940	0.2700	0.0000
-0.2897	-0.4121	0.0000
-0.0711	0.0944	-3.0000
-0.1253	0.0537	-2.0000
0.2823	0.0128	-2.0000
0.0965	-0.1440	-3.0000
-0.2152	0.0858	-3.0000
-0.0441	-0.0857	-2.0000
-0.2455	0.0666	-2.0000
0.0789	0.1385	-3.0000
-0.2705	-0.0649	-2.0000
-0.2652	-0.1090	-2.0000
-0.2137	0.1017	-3.0000
-0.3154	0.2695	0.0000
0.3638	0.1350	-1.0000
0.1414	-0.1745	-2.0000
-0.0043	0.1363	-3.0000
0.1399	-0.0290	-2.0000
-0.0493	0.3108	-1.0000
0.0303	-0.0162	-3.0000
0.0953	-0.1553	0.0000
0.3491	0.0631	-1.0000
-0.2113	-0.2682	0.0000
0.0157	0.2667	-2.0000
-0.0737	0.1801	-3.0000
0.0549	-0.2375	-2.0000
0.2936	-0.2078	-1.0000
0.1559	-0.2041	-2.0000
-0.1460	-0.2644	-1.0000
0.0726	-0.1006	-2.0000
-0.0445	-0.2153	-2.0000
0.0814	-0.2601	-2.0000
0.2485	0.0494	-2.0000
0.2767	-0.0431	-1.0000
0.0402	-0.2492	0.0000
-0.1055	0.0598	-3.0000
-0.1290	0.2392	-2.0000
0.2637	0.0867	-1.0000
-0.2440	-0.1698	0.0000
-0.0280	0.2410	-2.0000
0.0378	0.0812	-1.0000
-0.0452	0.2029	-3.0000
-0.0185	0.1229	-2.0000
0.0203	-0.0660	-3.0000
-0.0885	0.0528	-3.0000
0.2875	0.0710	-2.0000
-0.1194	-0.0034	-3.0000
0.0027	0.0043	-2.0000
0.3147	0.0004	-1.0000
0.1399	-0.0929	-2.0000
-0.1215	-0.1934	0.0000
0.0841	-0.2897	-2.0000
0.0044	0.1673	0.0000
0.2066	-0.0156	-3.0000
-0.0559	-0.1822	-2.0000
-0.0049	0.1887	-3.0000
-0.2412	-0.1330	-2.0000
-0.1002	-0.1199	-3.0000
0.1604	0.0541	-2.0000
-0.1652	0.1355	-2.0000
0.0088	0.1255	-3.0000
0.4003	-0.0875	0.0000
0.4268	0.2175	0.0000
0.0413	0.4037	-1.0000
0.2135	0.0522	-2.0000
-0.0565	0.1662	-3.0000
-0.2117	-0.1467	-1.0000
0.1541	0.4648	0.0000
-0.0032	-0.1188	-3.0000
-0.1989	-0.1559	-2.0000
-0.1970	-0.4040	0.0000
0.0118	0.1328	-1.0000
-0.1866	-0.4276	0.0000
-0.1221	-0.2841	-1.0000
0.3529	0.0020	0.0000
0.0485	0.0463	-2.0000
-0.3209	-0.2283	-1.0000
0.0343	-0.2980	0.0000
0.1933	0.1289	-2.0000
-0.0310	0.0554	-2.0000
-0.2065	-0.1017	-3.0000
-0.0468	0.2021	-3.0000
-0.1022	0.1384	-3.0000
-0.0863	-0.0990	-2.0000
0.0591	0.1710	-2.0000
-0.1712	-0.1041	-3.0000
-0.0322	-0.0803	-1.0000
-0.2156	-0.0707	-3.0000
0.1064	-0.1864	-2.0000
-0.2226	0.0922	-3.0000
-0.3328	0.2908	0.0000
-0.0092	-0.0880	-3.0000
0.1209	0.0562	-2.0000
-0.2759	0.3856	0.0000
0.2209	-0.0253	0.0000
-0.0569	-0.2391	-3.0000
0.0296	0.0321	-3.0000
0.0168	-0.2452	-2.0000
0.0627	-0.2479	0.0000
-0.0267	0.1939	-3.0000
-0.0080	-0.0429	-3.0000
0.0141	-0.1703	-3.0000
-0.2424	0.0565	-2.0000
-0.0710	0.2237	-3.0000
-0.1985	-0.0942	-3.0000
0.0421	0.2929	-1.0000
-0.0622	0.2957	-1.0000
-0.1169	-0.1245	-3.0000
-0.1199	-0.2332	-2.0000
-0.2236	-0.0489	-3.0000
-0.0834	0.1180	-2.0000
0.1394	-0.1793	-2.0000
-0.1578	-0.1799	-2.0000
0.0161	0.2447	-1.0000
0.0367	-0.4422	-1.0000
0.0122	0.3020	-2.0000
-0.1384	0.1176	-2.0000
-0.2560	-0.1195	-1.0000
-0.0715	-0.0149	-3.0000
-0.0077	-0.4234	-1.0000
-0.1764	-0.0812	-3.0000
-0.2179	-0.1396	-2.0000
0.1435	-0.0254	-2.0000
0.1980	0.4640	0.0000
0.0857	-0.3309	0.0000
0.0911	-0.4667	0.0000
0.2345	0.1028	-2.0000
-0.1567	-0.3214	0.0000
0.0920	-0.1569	-2.0000
-0.3102	0.4110	0.0000
0.0818	-0.0297	-3.0000
-0.1617	0.0081	-3.0000
0.1789	0.0604	-1.0000
-0.2706	-0.1405	-2.0000
0.2321	0.1412	-2.0000
0.1758	0.0008	-2.0000
0.1647	0.0571	-1.0000
-0.0305	-0.1151	-2.0000
0.2858	0.0877	-2.0000
-0.4213	-0.0607	0.0000
0.1653	-0.3437	-1.0000
-0.1246	-0.1051	-3.0000
0.0402	-0.0707	-3.0000
-0.2246	0.1344	-2.0000
0.4131	0.2991	0.0000
-0.1088	-0.0338	-3.0000
0.0989	0.1533	-2.0000
0.2918	0.2217	0.0000
-0.0272	0.0790	-3.0000
0.1107	0.2912	-1.0000
0.1406	0.2583	-1.0000
0.2689	0.1736	-2.0000
0.0847	-0.4567	0.0000
0.1011	-0.1979	-3.0000
-0.2545	0.1002	-2.0000
0.1920	-0.2393	-2.0000
0.1104	0.2557	-2.0000
-0.0719	0.0826	-3.0000
-0.3636	0.2027	0.0000
0.0319	0.2154	-2.0000
0.3928	-0.0860	-1.0000
0.1237	0.3603	0.0000
0.4427	0.0350	-1.0000
0.0194	0.1732	-3.0000
0.0899	0.0201	-2.0000
-0.0363	0.1929	-1.0000
0.0576	0.0548	-2.0000
-0.2765	0.3749	-1.0000
0.1325	-0.2050	-2.0000
-0.3901	-0.0452	-1.0000
0.1039	0.0268	-3.0000
0.4227	-0.1777	0.0000
0.2749	-0.0461	-2.0000
0.0582	-0.0039	-3.0000
-0.1578	-0.0323	-2.0000
0.0173	-0.0119	-2.0000
-0.2690	-0.4329	0.0000
0.2060	-0.1308	-2.0000
0.2129	0.1059	-3.0000
-0.1825	0.1164	0.0000
-0.0404	-0.1860	-1.0000
0.2084	0.1545	-2.0000
0.2651	-0.0518	-2.0000
0.3046	0.2301	0.0000
0.0194	-0.3088	-1.0000
0.0956	-0.3649	-1.0000
-0.2671	-0.4094	0.0000
-0.1968	0.0791	-3.0000
0.1883	-0.1136	-2.0000
-0.0797	-0.1401	-3.0000
-0.1565	-0.1925	-2.0000
-0.0449	0.0202	-3.0000
0.1242	0.3869	0.0000
-0.3182	0.0976	-1.0000
0.2630	0.0202	-1.0000
-0.1485	0.0778	-3.0000
0.0851	0.2964	-2.0000
0.0428	-0.0617	-3.0000
-0.0546	0.1071	-3.0000
-0.2922	-0.2605	0.0000
-0.0256	0.3347	-1.0000
-0.1356	0.2260	0.0000
-0.3007	-0.3487	0.0000
-0.2325	-0.1254	-1.0000
0.1416	-0.0373	-2.0000
0.1317	-0.0358	-3.0000
-0.0893	0.1986	-3.0000
0.0788	-0.2962	-2.0000
0.0334	0.0624	-3.0000
-0.0432	0.2182	-3.0000
0.0807	-0.1114	-2.0000
0.0881	-0.3014	-1.0000
0.1725	0.1026	-3.0000
0.0361	-0.2774	-1.0000
0.2930	-0.0603	0.0000
-0.0646	0.3682	-1.0000
-0.4343	0.0714	-1.0000
0.3431	-0.2716	0.0000
-0.1923	0.3082	0.0000
0.1732	-0.0149	-3.0000
0.1582	-0.2690	-1.0000
-0.3166	0.0401	-2.0000
-0.0903	0.1336	-2.0000
0.0514	0.4494	0.0000
-0.1730	0.2707	-1.0000
0.1630	0.0424	-2.0000
0.0126	0.3491	0.0000
0.1084	-0.1569	-3.0000
-0.0760	-0.0636	-3.0000
0.3710	-0.1228	-1.0000
0.0004	-0.3545	-1.0000
0.3099	-0.2761	0.0000
-0.2358	-0.0390	-2.0000
0.2676	-0.0681	-2.0000
0.2268	-0.0058	0.0000
-0.0564	-0.2241	-1.0000
0.3734	-0.2352	0.0000
0.0258	0.0382	-3.0000
-0.2331	0.0107	-2.0000
0.1137	0.2895	-1.0000
0.0048	0.0262	-3.0000
0.0328	0.3133	0.0000
-0.0497	-0.0090	-2.0000
-0.0539	0.2362	-1.0000
0.3997	-0.0402	-1.0000
0.3664	0.1224	-1.0000
0.0273	0.1023	-3.0000
0.2869	-0.0691	-2.0000
-0.1729	0.0526	-2.0000
-0.1036	-0.4210	0.0000
-0.1302	-0.0551	-3.0000
-0.3421	-0.0659	-1.0000
0.0363	0.1309	-3.0000
0.1282	-0.0754	-1.0000
-0.1160	0.2200	-1.0000
-0.2616	-0.0846	-1.0000
0.3608	-0.1980	-1.0000
-0.1514	0.0889	-3.0000
-0.0548	0.2447	-2.0000
0.2244	0.0059	-3.0000
0.3137	-0.2339	0.0000
0.0216	-0.0851	-3.0000
0.1226	-0.2772	-2.0000
0.2233	-0.0418	-1.0000
0.2533	-0.1970	-2.0000
0.0190	0.1237	-3.0000
-0.4096	0.1383	0.0000
0.0762	-0.2397	0.0000
-0.1921	0.2603	0.0000
0.1221	-0.0110	-3.0000
-0.1117	-0.2535	-2.0000
0.1672	-0.0297	-3.0000
-0.4067	0.2251	0.0000
-0.2773	-0.3996	-1.0000
0.0855	0.1421	-2.0000
-0.0402	-0.2484	-2.0000
0.2268	-0.4293	0.0000
-0.2262	-0.0239	-1.0000
0.2422	0.1388	-2.0000
0.2394	-0.4156	-1.0000
-0.3830	-0.0765	-1.0000
0.1179	0.0680	-3.0000
-0.2390	0.1938	-1.0000
-0.2527	0.0961	0.0000
-0.1516	-0.2125	-2.0000
0.2635	0.2572	0.0000
-0.0340	-0.1824	-3.0000
-0.2548	-0.1256	-2.0000
-0.1755	0.0469	-1.0000
-0.0208	0.2836	0.0000
-0.3337	-0.0124	0.0000
-0.0510	-0.0174	-3.0000
0.0666	0.2168	-3.0000
0.4271	-0.1147	-1.0000
-0.1209	0.2336	-2.0000
-0.0480	0.0153	-2.0000
0.0183	-0.2847	0.0000
-0.0055	-0.2391	0.0000
0.4085	0.1336	0.0000
0.1183	0.0341	-3.0000
-0.3268	-0.2446	0.0000
-0.1971	-0.1204	-2.0000
-0.0387	-0.0238	-3.0000
-0.0143	0.0910	-3.0000
-0.0049	-0.2217	0.0000
-0.1697	-0.1180	-1.0000
0.0532	0.2161	-1.0000
0.0639	0.0149	-1.0000
-0.1396	-0.0860	-2.0000
0.3066	0.0755	-1.0000
-0.0296	-0.1733	-3.0000
0.0433	0.1447	-3.0000
-0.2236	-0.1103	-2.0000
-0.0283	-0.3734	0.0000
0.1946	0.2508	-1.0000
-0.4761	0.0761	0.0000
-0.1133	0.0643	-2.0000
0.1120	0.2727	-2.0000
0.0272	0.2520	-2.0000
0.1167	-0.1537	-1.0000
0.2743	0.0683	-2.0000
-0.4137	-0.0343	0.0000
-0.3910	0.1453	0.0000
0.1950	0.1810	-2.0000
-0.5002	0.1344	0.0000
0.0392	-0.1394	-1.0000
-0.0565	0.0652	-2.0000
-0.3012	-0.0036	-1.0000
0.0192	-0.0581	-1.0000
-0.2372	-0.1056	0.0000
0.2943	-0.0314	0.0000
-0.0310	0.2844	0.0000
-0.2492	-0.0907	-1.0000
-0.3231	0.2827	0.0000
0.2302	-0.0744	-2.0000
-0.0875	0.4480	0.0000
0.0629	-0.0348	-3.0000
0.3340	0.0135	0.0000
-0.2425	0.2636	0.0000
-0.2811	0.0117	-1.0000
0.1003	0.2168	-1.0000
0.2563	0.0545	-1.0000
0.2316	0.0706	0.0000
0.2205	0.1494	-2.0000
0.4039	-0.2159	0.0000
-0.1408	-0.0283	-1.0000
0.2323	-0.1143	-1.0000
0.1429	0.1230	-3.0000
-0.4567	-0.0254	0.0000
0.3124	-0.2447	0.0000
-0.0800	0.1867	-3.0000
0.2903	-0.3610	0.0000
-0.2334	0.1365	-2.0000
0.1252	0.3575	0.0000
0.0358	0.3042	-2.0000
0.0819	-0.2105	-1.0000
0.3453	0.0290	-1.0000
-0.2275	0.1540	-2.0000
-0.2757	0.2503	0.0000
-0.1568	-0.1511	-2.0000
0.1862	0.0779	-3.0000
-0.4807	0.0441	0.0000
0.0524	0.1605	-3.0000
-0.1426	0.3609	-1.0000
-0.2957	0.0049	-1.0000
0.0890	-0.0595	-3.0000
0.2499	-0.0008	-3.0000
-0.0813	0.0153	-3.0000
0.0091	-0.2859	-2.0000
0.1020	0.2702	-1.0000
0.2743	-0.0138	-2.0000
0.0877	-0.0828	-2.0000
0.0536	-0.0480	-2.0000
0.4187	0.1734	-1.0000
-0.2298	-0.0822	-2.0000
-0.0183	-0.2155	-2.0000
-0.0902	-0.1266	-1.0000
-0.3176	0.0467	-1.0000
-0.2419	0.1499	-1.0000
-0.0707	-0.4131	0.0000
-0.4342	-0.2131	0.0000
0.2531	-0.0375	-3.0000
0.1683	0.1527	-2.0000
-0.0644	-0.1356	-1.0000
-0.0818	-0.1971	-3.0000
-0.0408	-0.1112	-3.0000
-0.2493	0.0723	0.0000
0.0359	-0.2038	-3.0000
-0.2319	0.1730	-1.0000
0.0018	0.2274	-2.0000
-0.2130	-0.0165	-1.0000
0.0303	0.3956	0.0000
0.1998	0.1337	-2.0000
0.0073	-0.0740	-3.0000
0.3372	0.0707	-1.0000
-0.0688	0.0654	-2.0000
-0.1512	-0.1294	-3.0000
0.1698	-0.2347	-2.0000
-0.2434	0.0078	-2.0000
-0.0637	0.2310	-2.0000
0.3147	0.1085	-1.0000
0.0839	-0.2198	-2.0000
0.0537	-0.3270	-1.0000
0.1801	0.2917	0.0000
0.2352	0.2024	0.0000
-0.0148	0.3141	-1.0000
-0.3844	-0.2725	0.0000
0.0229	-0.0953	-1.0000
0.3244	0.0255	0.0000
-0.0286	0.2965	-1.0000
0.2798	0.1400	-1.0000
0.0269	-0.0542	-3.0000
0.0619	-0.0221	-3.0000
-0.0951	0.2510	-1.0000
-0.1641	-0.0392	-2.0000
0.0777	0.0411	-3.0000
-0.1158	0.1788	0.0000
-0.3015	0.0214	0.0000
0.0696	-0.3823	-1.0000
-0.2962	0.3276	0.0000
0.0027	-0.1543	-3.0000
-0.0519	-0.2723	-2.0000
0.1299	0.0503	-3.0000
-0.4467	0.1977	0.0000
0.0453	0.0505	-3.0000
-0.0825	-0.3330	0.0000
-0.2967	-0.2055	0.0000
-0.1532	0.1925	-2.0000
-0.1174	-0.3865	0.0000
0.1608	0.1853	0.0000
-0.0597	-0.4668	0.0000
0.2282	-0.0327	-2.0000
0.3517	0.1060	-1.0000
0.4034	0.2372	0.0000
-0.2274	0.0890	-3.0000
-0.1149	-0.2998	0.0000
0.0296	-0.1749	-3.0000
-0.2369	-0.0248	-2.0000
0.2051	-0.0844	-3.0000
-0.0769	0.0182	-3.0000
-0.2009	-0.3188	-1.0000
0.1736	0.1401	-3.0000
-0.1719	-0.2646	0.0000
-0.1582	-0.1279	-3.0000
0.1926	0.1339	-2.0000
-0.0909	-0.3085	-1.0000
-0.1237	-0.1241	-3.0000
0.0453	-0.0981	-3.0000
0.1819	0.0860	0.0000
0.3251	0.0265	0.0000
-0.0609	0.2118	-2.0000
-0.1866	-0.0862	-1.0000
0.2910	0.0597	-2.0000
0.0277	-0.2672	-2.0000
-0.0338	0.1206	-3.0000
0.0113	0.1808	0.0000
0.0375	0.1163	-3.0000
0.2215	0.1037	-2.0000
-0.3943	-0.0429	-1.0000
-0.2580	0.0359	-2.0000
0.1811	-0.0088	-3.0000
0.0009	-0.3693	-1.0000
-0.1053	-0.1382	-3.0000
0.2395	0.0114	-3.0000
-0.4127	0.0749	-1.0000
-0.3668	0.1480	0.0000
-0.2822	0.0337	-2.0000
-0.1605	-0.4510	0.0000
0.1063	-0.2187	-2.0000
-0.2503	0.3706	0.0000
0.3195	0.0669	0.0000
0.0873	-0.3807	0.0000
-0.4252	0.0983	-1.0000
0.0857	0.1986	-3.0000
0.1288	0.0924	-3.0000
0.0313	0.1765	-3.0000
0.2376	0.0363	0.0000
-0.1630	0.0024	-2.0000
-0.0915	0.3013	-1.0000
0.2132	0.0842	-3.0000
0.2086	0.1377	-2.0000
0.2321	0.0536	-3.0000
0.2478	-0.3058	0.0000
-0.0386	-0.1725	0.0000
-0.1611	-0.1773	-3.0000
0.1576	0.2143	-2.0000
-0.0367	-0.0349	-3.0000
0.2532	0.1255	-1.0000
-0.1528	-0.1741	-2.0000
-0.1431	-0.1146	-2.0000
0.1153	0.0642	-3.0000
-0.2733	0.0605	-2.0000
0.2249	-0.0506	-1.0000
-0.1153	0.2011	-1.0000
-0.0943	0.0870	-3.0000
-0.3239	0.0828	0.0000
-0.2091	-0.2234	0.0000
-0.0109	-0.0338	-3.0000
0.1042	0.2910	-1.0000
0.3917	0.2101	0.0000
-0.0332	0.2401	-2.0000
0.1982	0.0453	0.0000
-0.0884	-0.0498	-3.0000
0.0938	-0.3107	-1.0000
0.0621	0.0131	-3.0000
0.1920	0.1058	0.0000
0.1234	0.0792	-3.0000
-0.1212	-0.0859	-3.0000
0.2633	0.4203	0.0000
0.1141	0.1794	-2.0000
0.1596	0.0518	0.0000
-0.1403	0.2311	-2.0000
-0.0350	-0.2961	-1.0000
-0.2982	0.0306	0.0000
0.2888	-0.1051	0.0000
0.1184	0.0424	-3.0000
-0.1152	-0.3043	-1.0000
-0.2142	-0.1825	-2.0000
-0.1201	-0.0554	-2.0000
-0.2588	0.1229	-1.0000
-0.1775	-0.2670	-1.0000
0.1990	0.1405	-3.0000
0.1202	-0.0867	-3.0000
0.0189	0.5169	0.0000
0.2561	-0.1105	-2.0000
0.1453	-0.0415	0.0000
-0.3034	-0.1068	0.0000
0.3868	0.2233	0.0000
-0.3163	0.1743	0.0000
-0.1136	0.0372	-2.0000
0.1464	-0.0271	-2.0000
0.3917	0.0333	-1.0000
-0.1158	-0.0685	-2.0000
-0.1657	0.3910	-1.0000
0.2274	-0.2052	-1.0000
0.1161	0.3262	0.0000
0.2085	0.0761	-3.0000
0.1839	0.1188	0.0000
-0.2441	-0.1873	-1.0000
0.1621	0.0566	-1.0000
0.1322	0.1494	-3.0000
0.0413	-0.3106	-1.0000
-0.0045	-0.2750	-1.0000
-0.1297	0.1149	-3.0000
-0.1555	-0.2069	-2.0000
-0.1109	-0.1797	-3.0000
0.4618	-0.0801	0.0000
0.1013	-0.1393	-3.0000
-0.0719	0.0751	-1.0000
0.0250	-0.1804	-2.0000
0.1873	-0.0512	-2.0000
-0.1634	0.0898	-3.0000
-0.0289	0.0586	-3.0000
0.2344	-0.1193	-2.0000
0.1093	-0.0289	-3.0000
-0.1110	-0.1468	-3.0000
0.4078	0.0917	0.0000
0.0413	-0.3126	-1.0000
0.1397	0.0900	-3.0000
-0.3576	-0.0342	-1.0000
-0.1032	0.1088	-3.0000
0.2517	-0.0094	-2.0000
0.0199	0.2419	-1.0000
0.0162	0.1093	-2.0000
-0.2237	0.1630	-2.0000
-0.3030	-0.2953	0.0000
-0.0991	0.1316	-2.0000
-0.1563	0.0729	0.0000
-0.3729	-0.1781	-1.0000
-0.2805	0.2276	0.0000
-0.0938	0.1627	-3.0000
0.1467	0.0859	-2.0000
-0.1126	-0.1022	-2.0000
0.0503	0.1537	-3.0000
0.1476	-0.1933	0.0000
-0.0441	0.3339	0.0000
-0.3992	-0.2147	-1.0000
0.1070	0.2195	0.0000
-0.0205	-0.3204	-1.0000
0.0299	0.1691	-3.0000
-0.1417	0.0742	-2.0000
-0.3294	0.0055	-1.0000
0.2024	-0.2825	-1.0000
0.0153	-0.1940	0.0000
0.2103	0.1602	0.0000
-0.0613	-0.0161	-3.0000
-0.0342	-0.0635	-3.0000
-0.2115	-0.0048	-2.0000
0.0605	-0.0733	-3.0000
-0.0553	-0.4854	0.0000
0.1430	0.0113	-2.0000
0.2264	-0.0128	-1.0000
0.0939	-0.0510	-3.0000
-0.1142	-0.1476	0.0000
0.0884	0.2927	-2.0000
-0.1011	0.2154	-1.0000
0.0492	0.0762	-3.0000
0.2076	0.2721	-1.0000
-0.2236	0.0350	-2.0000
-0.1487	0.1509	0.0000
-0.1244	-0.1265	-2.0000
0.0007	-0.0251	-3.0000
-0.0468	0.2325	-2.0000
-0.0520	0.2317	0.0000
-0.3765	-0.0595	0.0000
-0.2592	0.1233	-1.0000
-0.1113	-0.0820	-3.0000
-0.3158	0.3327	0.0000
-0.0902	-0.0382	-3.0000
0.0458	0.4422	-1.0000
-0.1193	-0.3533	0.0000
0.2406	-0.3578	0.0000
-0.2245	0.4147	0.0000
0.1873	-0.0242	-3.0000
0.0416	-0.2901	-2.0000
0.2325	-0.3301	-1.0000
-0.2333	-0.4487	0.0000
-0.1983	0.0180	-2.0000
0.0780	0.1169	-2.0000
-0.0032	0.1293	0.0000
0.1873	-0.3501	0.0000
-0.2636	-0.0534	-2.0000
-0.0429	0.2885	-2.0000
0.2200	-0.0388	0.0000
-0.2167	0.3226	-1.0000
-0.1584	0.0966	-3.0000
-0.1525	-0.1639	-2.0000
0.2476	0.3917	-1.0000
-0.0383	-0.2237	0.0000
0.0212	-0.0822	-3.0000
0.1651	-0.1288	-3.0000
-0.1679	-0.0553	0.0000
-0.2714	-0.0988	-1.0000
0.2758	0.2141	0.0000
0.3048	0.0435	0.0000
0.1450	-0.3211	-1.0000
-0.1579	-0.4793	0.0000
0.1073	-0.4244	-1.0000
-0.0294	-0.1398	-3.0000
0.0458	0.2529	-2.0000
-0.0007	-0.2482	-1.0000
0.0565	0.3815	0.0000
0.1856	0.4557	0.0000
-0.0856	-0.2038	0.0000
0.1967	-0.0431	-1.0000
0.0642	-0.3446	0.0000
0.4368	-0.3028	0.0000
0.0972	0.1070	-3.0000
-0.0286	-0.2682	-2.0000
-0.3166	0.1506	0.0000
-0.1432	-0.0447	-3.0000
-0.0011	-0.2018	-3.0000
0.1332	-0.0757	-3.0000
-0.2002	0.2895	-1.0000
0.3855	-0.1536	-1.0000
-0.1149	-0.1142	-2.0000
-0.2878	-0.0262	0.0000
0.0052	0.1776	-2.0000
0.1005	0.0141	-3.0000
-0.0555	0.1809	-1.0000
-0.0890	-0.0388	-3.0000
-0.4209	0.2303	0.0000
0.2875	0.0334	-2.0000
-0.0055	-0.0090	-2.0000
-0.0092	0.2470	-2.0000
-0.0038	-0.2717	-2.0000
0.2552	0.0440	-2.0000
0.2360	0.2012	-1.0000
-0.1086	-0.2088	-3.0000
0.0743	-0.3134	-1.0000
-0.0489	0.0720	-3.0000
-0.1456	-0.1487	-2.0000
-0.2531	-0.0358	-2.0000
0.1044	0.2939	-1.0000
-0.2638	0.0877	-2.0000
0.1136	0.2011	-3.0000
-0.1865	0.2215	0.0000
-0.4200	-0.2665	0.0000
-0.2058	-0.0792	0.0000
0.1151	0.2301	-2.0000
-0.0781	-0.0794	-3.0000
-0.0911	-0.0324	-3.0000
-0.0492	0.0550	-3.0000
0.1568	-0.4415	0.0000
0.1699	0.4183	-1.0000
0.2570	-0.0262	0.0000
-0.0556	0.4397	-1.0000
0.0695	-0.3681	0.0000
-0.1820	-0.2144	0.0000
-0.1127	0.3857	0.0000
-0.0113	0.2628	-2.0000
-0.1572	-0.1660	-3.0000
-0.0518	-0.1867	-2.0000
0.3543	-0.0347	-1.0000
0.2974	0.1552	-1.0000
-0.0220	0.1431	-3.0000
0.1968	-0.2490	-1.0000
0.1610	-0.3238	0.0000
-0.2752	0.0748	-2.0000
0.0822	0.1353	0.0000
-0.3515	0.0495	-1.0000
0.1653	0.3355	0.0000
0.3580	-0.1661	-1.0000
0.0061	-0.3102	-1.0000
-0.0961	0.1679	0.0000
-0.0863	0.0645	-2.0000
0.2340	0.0112	-3.0000
0.0130	0.1252	-2.0000
0.0951	0.1370	0.0000
-0.0604	0.0761	-2.0000
0.1947	0.2903	0.0000
-0.1312	0.0410	0.0000
-0.0466	-0.0475	-2.0000
0.0444	0.2123	-3.0000
0.1063	0.0378	-3.0000
-0.4047	-0.2518	-1.0000
-0.2122	-0.1873	-1.0000
-0.1069	0.0957	-3.0000
0.2808	0.0703	-1.0000
0.2233	-0.1463	-2.0000
0.2000	-0.1528	-2.0000
0.0762	0.0021	-3.0000
-0.1677	0.3448	-1.0000
-0.1936	-0.1497	-2.0000
0.4673	-0.2029	0.0000
0.3709	-0.0380	-1.0000
-0.0271	-0.2181	-3.0000
0.1841	0.1095	-3.0000
-0.0494	0.0561	-2.0000
-0.1240	0.0664	-3.0000
0.0173	-0.1369	-3.0000
0.2543	-0.1184	-2.0000
-0.0891	-0.0797	-3.0000
-0.0025	0.3117	-1.0000
-0.1681	0.4766	0.0000
-0.2729	-0.3571	0.0000
-0.0785	-0.0411	-3.0000
-0.0976	-0.0696	-2.0000
0.0724	-0.2771	-2.0000
-0.0464	0.0971	-3.0000
-0.0066	0.4127	0.0000
-0.0434	0.1901	0.0000
-0.0226	-0.2173	0.0000
-0.2087	-0.0753	-2.0000
0.0588	-0.2750	-2.0000
0.2201	0.2122	0.0000
0.0313	0.3019	-2.0000
0.0555	-0.2527	-2.0000
0.2153	-0.0087	-2.0000
-0.1167	0.3329	-1.0000
0.2036	0.1996	-2.0000
-0.1462	0.3102	0.0000
0.2323	-0.1396	-1.0000
-0.0959	-0.1915	-2.0000
-0.0614	-0.2934	-2.0000
0.3103	-0.2363	-1.0000
-0.1765	-0.0325	0.0000
-0.0750	0.1629	-1.0000
-0.4477	0.1547	0.0000
-0.0105	0.0660	-3.0000
-0.0381	-0.2495	-2.0000
-0.2270	-0.0256	-3.0000
-0.0220	0.2199	-2.0000
-0.1908	-0.0097	0.0000
0.2132	0.1412	-2.0000
0.1496	-0.2024	-2.0000
0.0603	-0.4315	-1.0000
-0.0306	0.0428	-2.0000
-0.2647	0.1434	-2.0000
0.0198	0.0823	-3.0000
-0.0670	-0.2088	-3.0000
-0.0111	-0.0881	-3.0000
0.2300	0.0220	-2.0000
-0.0609	-0.0442	-3.0000
-0.2003	0.3331	0.0000
0.2332	0.1364	-2.0000
-0.1156	-0.0458	-3.0000
-0.0471	-0.0991	-1.0000
0.0566	-0.2791	-2.0000
0.1663	-0.1504	-1.0000
-0.0334	-0.0647	-3.0000
-0.0348	0.1624	-3.0000
0.1737	-0.0223	-2.0000
0.2209	0.1205	-1.0000
0.2395	0.1906	0.0000
0.0175	-0.2982	-2.0000
0.1550	0.0183	-3.0000
-0.3850	0.2501	0.0000
0.0340	-0.2712	-1.0000
0.0974	0.2176	-2.0000
0.1953	-0.2070	-2.0000
0.1262	0.1166	-3.0000
-0.2389	-0.4037	0.0000
0.1283	-0.2921	-1.0000
0.1169	0.1229	-3.0000
0.2169	0.0012	-3.0000
0.0792	0.0353	-2.0000
-0.1983	0.1640	0.0000
0.2858	0.1310	-1.0000
0.0547	0.2372	-1.0000
-0.0185	0.1228	-3.0000
-0.0526	0.1959	-1.0000
0.0715	0.2687	-2.0000
-0.1488	0.0639	-1.0000
0.3880	-0.2410	0.0000
-0.2285	0.1930	-2.0000
0.1288	-0.0077	-1.0000
-0.1244	0.2895	-1.0000
0.0295	-0.2976	-2.0000
0.1216	0.2102	-2.0000
-0.1982	-0.1868	-2.0000
-0.2660	-0.3773	-1.0000
-0.2249	0.0286	-3.0000
-0.0153	0.4317	0.0000
0.1997	0.1662	0.0000
0.0548	-0.0403	-2.0000
0.0488	0.2010	0.0000
-0.1625	0.2232	-2.0000
-0.2176	0.0854	-2.0000
0.0033	0.1899	-3.0000
-0.0546	0.2344	-1.0000
-0.1193	0.0597	-3.0000
0.0257	0.3752	-1.0000
-0.3014	0.2816	0.0000
-0.0169	0.3223	0.0000
0.1597	0.1190	-3.0000
-0.2606	0.0540	-2.0000
-0.0142	0.1457	-2.0000
-0.0321	-0.1481	0.0000
0.1030	-0.4941	0.0000
-0.3527	-0.0145	0.0000
-0.2160	-0.2352	0.0000
-0.2958	-0.1107	-1.0000
-0.2069	-0.1396	-2.0000
-0.0208	-0.2844	-2.0000
-0.1708	-0.0810	-2.0000
-0.2742	0.1208	-2.0000
0.4166	0.0803	-1.0000
0.3532	0.1062	-1.0000
-0.4186	-0.1885	0.0000
-0.1825	0.3329	-1.0000
0.2663	-0.0860	-2.0000
-0.2064	-0.1004	-2.0000
-0.0780	0.3856	0.0000
-0.2581	-0.0100	-2.0000
-0.3339	-0.0533	0.0000
-0.3248	-0.1660	-1.0000
-0.1363	0.2027	-1.0000
-0.1086	0.2445	-1.0000
0.3648	0.2684	0.0000
0.0287	-0.3862	0.0000
0.0111	0.0819	-3.0000
-0.1195	-0.2322	-2.0000
0.0364	-0.0433	-3.0000
-0.4441	-0.1543	0.0000
0.2639	-0.1705	0.0000
-0.0931	0.2302	-1.0000
0.0711	-0.2106	-2.0000
0.0456	0.0849	-3.0000
0.0313	0.0498	-3.0000
-0.2561	0.0068	-1.0000
0.2173	0.1782	-2.0000
-0.1755	-0.2907	0.0000
-0.2523	-0.0697	-2.0000
0.0324	0.1962	0.0000
0.0953	0.0677	-3.0000
0.2823	0.1415	-1.0000
-0.2900	-0.1164	0.0000
0.0152	0.0915	-3.0000
-0.2494	0.0458	-2.0000
0.0170	0.0814	-2.0000
-0.2219	-0.2174	-1.0000
-0.0317	-0.3574	-1.0000
-0.0287	-0.0493	-3.0000
0.3799	0.2403	-1.0000
-0.1435	0.1525	-3.0000
0.0919	-0.2036	-3.0000
-0.1281	0.0950	-3.0000
0.2087	0.0413	-3.0000
0.2953	-0.0318	-2.0000
0.4022	-0.0799	0.0000
0.1661	-0.4443	0.0000
-0.0840	0.0096	-3.0000
-0.4690	0.1669	0.0000
0.2648	-0.0617	-2.0000
-0.0885	0.3239	-1.0000
0.0973	0.2014	0.0000
-0.0707	0.1356	-3.0000
-0.1304	-0.2267	-2.0000
0.2890	-0.2466	0.0000
0.2619	0.1053	-1.0000
-0.0448	-0.4161	-1.0000
0.2290	0.0809	-3.0000
0.3193	0.1164	0.0000
0.1595	-0.0912	0.0000
-0.2308	-0.0319	0.0000
0.2907	-0.1092	-1.0000
0.1246	-0.3430	-1.0000
-0.0276	-0.1360	-3.0000
0.0197	0.0591	-3.0000
0.0860	0.2586	-2.0000
0.2183	0.0248	-3.0000
-0.0507	0.0545	-3.0000
0.2249	0.0909	0.0000
-0.0318	0.3166	-1.0000
-0.1983	0.0773	-2.0000
-0.1254	-0.2050	-2.0000
0.4153	-0.3236	0.0000
-0.0161	0.2993	-1.0000
-0.0794	0.0252	-3.0000
-0.2341	0.0603	-1.0000
0.1565	-0.2964	0.0000
0.0654	-0.1703	-3.0000
0.1780	0.0944	-3.0000
-0.0292	0.2192	-2.0000
0.0372	-0.1722	-3.0000
0.2470	0.1254	-2.0000
0.0917	-0.2544	-1.0000
0.1773	0.2292	-2.0000
-0.0984	-0.3049	-1.0000
0.1112	-0.1393	-2.0000
-0.0951	-0.0370	-2.0000
0.0678	-0.1186	-2.0000
-0.0984	0.0607	-3.0000
-0.1402	-0.1469	-3.0000
0.4520	0.1843	0.0000
0.2195	0.1168	-2.0000
-0.0808	0.0054	-3.0000
0.0756	-0.2069	-2.0000
0.1891	-0.2218	-2.0000
-0.0916	-0.1133	-3.0000
0.3122	-0.3957	0.0000
0.0815	0.0470	-2.0000
-0.0608	-0.3745	0.0000
-0.0562	-0.2968	-1.0000
0.2066	0.0458	-2.0000
-0.0654	-0.4129	-1.0000
-0.0038	-0.0022	-2.0000
0.0792	0.1826	-2.0000
0.0471	-0.0150	-3.0000
-0.0038	0.2254	-2.0000
0.0918	-0.0398	-3.0000
0.0190	0.5075	0.0000
0.0901	0.2102	-3.0000
0.1954	0.0418	-3.0000
0.2895	-0.0704	-1.0000
-0.1399	-0.4023	-1.0000
-0.4455	-0.0113	0.0000
-0.1297	0.0451	-2.0000
0.0475	0.2480	0.0000
-0.1665	0.0736	0.0000
-0.4626	0.2183	0.0000
0.0484	0.3456	0.0000
0.0408	0.1135	-3.0000
0.0836	-0.0206	-3.0000
0.1398	-0.0959	-3.0000
0.2622	-0.3306	0.0000
-0.3467	-0.0636	-1.0000
-0.0394	-0.2314	-1.0000
-0.2428	0.3525	-1.0000
0.1999	-0.0926	-1.0000
-0.1609	0.2623	-1.0000
-0.4848	0.0883	0.0000
-0.0742	0.0645	-3.0000
0.0952	-0.0512	-2.0000
-0.0753	-0.1583	-3.0000
0.2596	0.0277	-1.0000
-0.2679	0.0456	-1.0000
0.2286	0.1713	-2.0000
-0.1039	0.1679	-2.0000
-0.1913	-0.1183	-3.0000
0.2347	-0.4541	0.0000
-0.1229	0.1584	-3.0000
0.1846	0.1178	-2.0000
0.3236	0.0268	0.0000
0.0289	0.0062	-3.0000
0.1146	0.1630	-1.0000
-0.3241	0.2248	-1.0000
-0.0631	-0.0593	-3.0000
-0.1748	0.1307	-3.0000
-0.0151	-0.4219	-1.0000
-0.0112	0.0090	-2.0000
0.1105	0.1189	-2.0000
-0.4657	0.1374	0.0000
0.3114	-0.0747	0.0000
0.2178	0.2155	0.0000
0.3853	0.1092	-1.0000
-0.2394	0.2568	0.0000
-0.1301	0.2721	-1.0000
-0.0221	-0.0109	-3.0000
0.0003	-0.2353	-2.0000
0.3672	0.1229	0.0000
-0.1810	-0.0548	0.0000
0.0937	-0.0212	-3.0000
-0.1477	-0.1245	0.0000
-0.2448	0.1030	-2.0000
0.1735	-0.1202	-3.0000
-0.3393	0.1871	0.0000
0.0754	0.1071	-3.0000
-0.1505	-0.3465	-1.0000
-0.3150	-0.1624	0.0000
-0.3736	-0.1850	-1.0000
0.0379	0.0093	-3.0000
-0.0559	0.1609	-3.0000
0.4304	0.1448	-1.0000
0.1854	-0.0458	-3.0000
-0.1632	0.1577	-3.0000
0.0137	-0.3346	0.0000
-0.2008	-0.2037	-1.0000
0.1759	0.1003	0.0000
-0.0415	-0.3495	-1.0000
-0.1598	-0.3873	-1.0000
0.4274	-0.1687	0.0000
0.0553	-0.1176	-3.0000
0.1135	0.0369	-3.0000
0.1071	0.1416	-3.0000
-0.2289	0.0648	-1.0000
0.1393	-0.2640	-2.0000
0.2266	0.3762	0.0000
-0.0618	0.2607	-1.0000
-0.2858	0.1190	-1.0000
0.2261	-0.3244	0.0000
-0.1316	0.1174	-3.0000
-0.0953	-0.0135	-3.0000
0.1439	-0.0388	-2.0000
-0.2998	0.0089	0.0000
-0.3589	0.0353	-1.0000
0.0109	0.0365	-2.0000
0.3806	-0.0658	0.0000
-0.1263	-0.3352	0.0000
-0.0552	-0.2744	0.0000
0.2367	0.1005	-2.0000
0.0689	0.0997	-2.0000
0.0068	0.2708	-2.0000
-0.3565	0.2356	-1.0000
-0.2123	0.1152	0.0000
-0.0609	0.1911	-3.0000
0.0257	0.1933	-3.0000
0.2003	-0.0800	-2.0000
0.3934	0.0693	-1.0000
0.4264	0.1580	0.0000
-0.2344	-0.1203	-1.0000
0.1893	-0.0448	0.0000
0.0887	-0.0788	-3.0000
-0.1049	-0.0017	-3.0000
0.2186	0.1874	0.0000
-0.4660	-0.1005	0.0000
-0.0321	0.0094	-2.0000
0.1933	-0.2360	0.0000
-0.0182	-0.1898	0.0000
-0.2121	-0.0327	-2.0000
-0.2784	0.0651	-2.0000
-0.3791	-0.2605	0.0000
0.0814	0.2697	-2.0000
-0.4382	-0.1083	0.0000
-0.4230	-0.1651	-1.0000
-0.1564	-0.1003	-3.0000
0.1811	-0.0095	-3.0000
-0.4006	0.0599	0.0000
-0.2152	0.1232	-2.0000
-0.1167	0.0579	-2.0000
-0.0013	0.1905	-3.0000
0.0723	-0.2957	-1.0000
-0.2104	0.1469	0.0000
0.2519	0.4141	0.0000
-0.1037	0.0244	-3.0000
-0.0727	-0.0151	-3.0000
-0.0208	0.1110	-3.0000
-0.0303	0.1830	-3.0000
-0.1671	0.4324	0.0000
-0.2558	-0.0393	-2.0000
0.0094	0.2233	0.0000
-0.3743	-0.1403	-1.0000
0.0749	-0.1882	-3.0000
0.3964	0.2948	0.0000
-0.0797	-0.1125	-2.0000
0.2632	0.0324	-1.0000
-0.1321	-0.2249	-1.0000
0.2002	-0.1206	-3.0000
0.0318	-0.4176	-1.0000
0.0132	0.1491	0.0000
0.1571	-0.1416	-3.0000
0.0623	-0.3731	-1.0000
0.0732	0.1492	0.0000
0.1719	-0.1416	-2.0000
0.1327	0.0849	-3.0000
0.1099	0.3349	-1.0000
0.2000	-0.1189	-2.0000
-0.0706	-0.2489	-2.0000
-0.0154	-0.1845	-2.0000
-0.1501	0.1066	0.0000
0.0161	-0.1731	-1.0000
-0.1875	-0.0625	-3.0000
-0.3334	-0.0651	0.0000
0.1795	-0.0283	-3.0000
-0.0214	0.2892	-2.0000
-0.1849	-0.0235	0.0000
0.3971	0.1430	0.0000
0.4374	0.0995	0.0000
-0.2578	0.3939	0.0000
-0.1287	-0.1236	-3.0000
0.0572	0.0328	-3.0000
-0.2422	-0.1871	0.0000
-0.3821	-0.2322	0.0000
0.3751	0.2313	-1.0000
0.0637	-0.2406	-2.0000
-0.0384	0.3075	0.0000
-0.4519	0.1094	0.0000
-0.0393	-0.2280	-2.0000
0.0182	-0.3995	-1.0000
0.1964	0.3750	-1.0000
-0.1237	-0.0105	-3.0000
-0.2389	-0.0104	-1.0000
-0.2851	0.0377	0.0000
-0.0688	0.0853	-2.0000
0.1761	0.0569	0.0000
-0.2266	0.2680	0.0000
0.2086	-0.3899	-1.0000
0.0550	0.1040	-2.0000
0.1037	0.1220	-3.0000
-0.1532	0.1172	-3.0000
-0.1433	-0.2197	-2.0000
-0.0542	-0.1669	-3.0000
0.0285	0.2830	-2.0000
0.1170	0.0500	-3.0000
0.0145	-0.2860	-2.0000
-0.1943	-0.1670	0.0000
-0.1376	0.1442	-2.0000
-0.2274	-0.1325	-2.0000
-0.0699	-0.2547	-2.0000
-0.3261	0.0099	0.0000
-0.0985	-0.1051	-3.0000
-0.2395	0.1246	-2.0000
0.2389	-0.0608	-2.0000
0.0946	0.2634	-1.0000
-0.1478	0.1925	-1.0000
0.0134	0.3084	-1.0000
0.1098	-0.1560	-3.0000
0.2170	0.0146	-2.0000
-0.1632	-0.1301	-1.0000
-0.2086	-0.0476	-1.0000
0.2012	0.0805	-2.0000
-0.4042	-0.0441	0.0000
0.2423	0.0525	-2.0000
-0.0930	-0.2685	-1.0000
-0.1172	-0.2915	-1.0000
-0.1650	0.3839	-1.0000
-0.1180	-0.1743	-3.0000
0.1167	0.4624	0.0000
-0.0348	0.1135	-2.0000
-0.2778	-0.0135	-1.0000
0.2069	-0.1537	0.0000
0.1289	0.1253	-3.0000
0.1777	-0.1757	-2.0000
-0.0100	0.0618	-3.0000
0.2761	0.0284	-1.0000
0.2744	0.1343	-1.0000
-0.3274	-0.3022	0.0000
-0.3016	-0.0692	-1.0000
-0.1154	0.0882	-3.0000
-0.2676	0.1490	-1.0000
-0.1684	0.0968	0.0000
-0.1255	-0.0332	-3.0000
0.1351	-0.0085	-3.0000
-0.0786	-0.3765	-1.0000
-0.0580	-0.4507	0.0000
-0.3046	-0.2869	0.0000
-0.0188	-0.1312	0.0000
-0.0034	-0.2000	-3.0000
-0.0902	0.1756	-3.0000
0.5084	0.0435	0.0000
-0.0073	-0.1451	-3.0000
-0.3106	-0.0235	0.0000
0.0298	-0.0745	-3.0000
0.3650	0.1189	-1.0000
-0.2287	0.0742	-3.0000
-0.0046	-0.3407	-1.0000
-0.2938	0.4171	0.0000
0.4504	0.0832	0.0000
0.3012	-0.0122	0.0000
-0.4113	0.1016	-1.0000
0.0676	-0.2605	-1.0000
0.2589	-0.0008	-2.0000
-0.3143	0.0654	-1.0000
0.0719	-0.3915	-1.0000
0.1069	0.1008	-2.0000
-0.3534	0.1951	-1.0000
-0.0843	-0.1974	-3.0000
0.0682	-0.0004	-3.0000
0.1474	0.1046	-1.0000
-0.2465	0.0266	-1.0000
-0.2229	-0.0202	-1.0000
0.2655	-0.1200	-1.0000
0.0478	-0.2449	0.0000
0.2936	-0.3526	0.0000
0.3426	0.0535	-1.0000
0.1726	-0.0429	-2.0000
-0.0414	0.1912	-2.0000
0.1812	0.0475	-3.0000
0.1710	0.0351	-3.0000
-0.0851	0.0910	-3.0000
0.4196	-0.1133	-1.0000
0.3411	-0.1645	-1.0000
-0.1825	0.1088	-3.0000
0.0950	0.2607	-1.0000
-0.0832	0.2977	-1.0000
0.2574	-0.0731	-2.0000
-0.2322	-0.0174	-3.0000
0.0099	0.1018	-2.0000
-0.1838	-0.1610	-2.0000
-0.1298	-0.0826	-2.0000
0.3750	0.2393	-1.0000
-0.3247	-0.0238	-1.0000
0.1576	0.0048	0.0000
-0.0677	-0.0067	-3.0000
-0.2184	0.1469	-1.0000
-0.1284	0.0872	-3.0000
-0.0955	0.4041	-1.0000
-0.4001	-0.1225	0.0000
-0.0590	0.3767	-1.0000
-0.2842	-0.4052	0.0000
-0.4167	-0.0595	-1.0000
-0.1304	0.1688	0.0000
0.0163	0.2759	-1.0000
-0.2751	0.3859	-1.0000
-0.4312	-0.0429	0.0000
0.3086	-0.0230	-1.0000
0.1441	-0.1927	-2.0000
0.0744	0.0729	-3.0000
-0.1937	0.2527	-1.0000
0.0398	-0.2884	-2.0000
0.2310	-0.0180	-3.0000
-0.1741	-0.1395	-2.0000
-0.0727	0.1294	-3.0000
-0.1097	0.2411	0.0000
0.0477	-0.3378	-1.0000
0.1772	-0.0154	-1.0000
-0.2001	0.1622	-1.0000
0.1798	0.1178	-2.0000
0.1577	-0.0119	-3.0000
0.1471	-0.0912	-2.0000
0.1678	-0.1006	-2.0000
-0.0809	-0.1367	-3.0000
0.0927	-0.1293	-3.0000
-0.3243	-0.2347	-1.0000
0.0871	-0.1707	-2.0000
0.1442	0.1958	-2.0000
0.2067	0.0411	-3.0000
-0.2737	0.1261	-1.0000
0.0786	-0.4365	0.0000
-0.3508	-0.0789	0.0000
0.2953	0.0312	-2.0000
0.2719	0.0761	-1.0000
0.2325	-0.0515	-1.0000
-0.0096	-0.1093	-1.0000
-0.0861	-0.2694	-2.0000
-0.2806	-0.0021	-1.0000
-0.0008	-0.2538	0.0000
0.3919	-0.1719	0.0000
0.0975	-0.1521	-3.0000
0.1370	-0.1616	-3.0000
-0.1109	0.0038	-2.0000
0.1678	-0.0621	-3.0000
0.1515	0.1074	-3.0000
-0.0093	0.0665	-3.0000
0.1884	-0.0666	-3.0000
-0.0381	0.1105	-3.0000
-0.1299	0.0828	-3.0000
0.0214	-0.1202	-2.0000
-0.2858	0.0634	-1.0000
0.0122	0.0479	-2.0000
-0.0649	-0.4006	-1.0000
0.1824	-0.1283	-2.0000
-0.0085	-0.3093	0.0000
-0.0964	0.1708	-2.0000
-0.1745	-0.0076	-2.0000
0.1527	-0.1756	-3.0000
-0.3230	-0.0890	-1.0000
0.4310	0.0997	0.0000
0.1191	-0.0564	-3.0000
0.0738	-0.2062	-1.0000
0.3166	-0.1361	0.0000
-0.1650	0.2827	-1.0000
-0.0652	-0.1988	-2.0000
0.2412	-0.0993	-2.0000
0.0092	0.2278	-1.0000
-0.2059	0.3938	-1.0000
-0.0856	0.3036	-1.0000
-0.1235	-0.0190	-3.0000
0.0415	-0.2893	-2.0000
-0.5175	0.0300	0.0000
0.0128	-0.2066	-3.0000
-0.3445	0.1719	0.0000
-0.0803	0.1352	-3.0000
0.1684	-0.2424	-2.0000
0.2269	-0.3135	-1.0000
0.2481	0.0091	-2.0000
-0.2898	0.0012	-1.0000
-0.0899	-0.0677	-3.0000
0.2209	-0.0524	-2.0000
0.0370	0.2619	-1.0000
0.3863	-0.0653	0.0000
-0.0000	-0.2484	-3.0000
0.0623	-0.0487	-2.0000
0.2339	0.1317	-2.0000
0.0014	-0.0714	-2.0000
-0.1007	0.1516	-3.0000
-0.2561	0.0112	0.0000
0.0963	-0.0712	-3.0000
0.0585	-0.2182	-2.0000
0.0465	-0.0075	-3.0000
-0.1873	-0.1888	0.0000
-0.0474	0.0347	-3.0000
-0.1405	-0.3409	-1.0000
-0.2367	-0.0266	-2.0000
0.1701	-0.1436	-3.0000
-0.4423	0.0962	-1.0000
-0.0480	0.0627	-3.0000
-0.0627	0.3677	-1.0000
0.0259	0.4082	-1.0000
0.3685	-0.2717	0.0000
0.0462	-0.0289	-3.0000
-0.0653	-0.1193	-3.0000
0.1346	0.1637	-2.0000
-0.0553	0.1858	-3.0000
0.1859	0.1780	-2.0000
0.1510	-0.2343	-2.0000
0.0103	-0.0948	-2.0000
-0.1215	-0.2501	-2.0000
0.0813	0.0271	-3.0000
-0.2134	0.1466	-1.0000
0.2275	0.1855	-2.0000
-0.0510	-0.0854	-3.0000
-0.0475	0.0555	-1.0000
-0.1937	0.0646	-2.0000
0.2827	0.1016	-2.0000
0.0227	0.3533	0.0000
0.2084	-0.0496	-1.0000
0.0478	-0.0590	-3.0000
0.1475	-0.3305	-1.0000
0.2380	-0.0943	-2.0000
-0.0358	-0.0836	-3.0000
0.2415	0.0657	0.0000
-0.1843	0.0300	-2.0000
0.1742	-0.0220	-3.0000
-0.1516	-0.0959	0.0000
-0.3378	-0.2280	-1.0000
0.1333	0.2346	-1.0000
0.0510	-0.3565	-1.0000
0.0204	0.0230	-3.0000
0.2204	-0.1452	-2.0000
-0.0489	-0.3677	-1.0000
-0.3461	-0.2949	0.0000
-0.0757	-0.2736	-2.0000
0.0916	-0.4111	0.0000
0.2520	-0.0647	-2.0000
0.1398	0.4261	0.0000
-0.2051	0.1597	-2.0000
0.1017	0.0680	-2.0000
-0.1084	-0.4571	0.0000
0.0525	0.0966	-3.0000
-0.0738	-0.3659	0.0000
-0.3990	0.0432	-1.0000
-0.4325	0.2674	0.0000
-0.0691	-0.2632	0.0000
-0.2123	0.2897	-1.0000
0.2345	-0.0456	-3.0000
-0.1591	0.1061	-3.0000
0.1323	0.2121	-2.0000
0.1454	0.1361	-3.0000
0.1706	0.0211	-2.0000
-0.1825	0.2457	-1.0000
-0.0798	-0.1545	-3.0000
0.4314	-0.0503	0.0000
0.0093	-0.2094	-3.0000
-0.0268	0.0353	-3.0000
-0.0311	-0.1931	-3.0000
-0.3785	0.1102	-1.0000
-0.0446	-0.2793	-1.0000
-0.0381	0.1995	-2.0000
0.4148	-0.2522	0.0000
-0.1271	0.2590	-1.0000
-0.2387	-0.4487	0.0000
-0.0774	0.2673	-2.0000
-0.3767	0.0032	0.0000
0.0771	0.0480	-3.0000
-0.0104	0.2934	-1.0000
-0.0457	-0.1407	-2.0000
-0.0616	-0.0689	-3.0000
0.0740	0.0045	-3.0000
-0.3582	-0.1734	-1.0000
-0.1293	0.1418	-3.0000
-0.0883	0.1585	0.0000
0.1583	-0.1765	-2.0000
-0.0555	-0.1273	-3.0000
0.3075	-0.3141	0.0000
0.1953	0.3673	-1.0000
0.0009	0.3074	-1.0000
0.1362	0.4493	0.0000
-0.3207	0.3920	0.0000
-0.0912	-0.1883	-1.0000
0.2528	0.1031	0.0000
0.0944	0.3401	-1.0000
-0.1863	0.0769	-3.0000
-0.0503	-0.0896	-3.0000
-0.3477	0.2350	-1.0000
-0.0626	-0.3189	-1.0000
0.2006	0.0676	0.0000
0.0774	0.2209	-2.0000
-0.3550	0.0701	0.0000
-0.0908	0.0154	-3.0000
-0.0234	0.1309	-2.0000
-0.1223	-0.2994	0.0000
0.0643	-0.1864	-2.0000
-0.2012	-0.0759	-1.0000
-0.0043	0.1765	-2.0000
-0.1446	0.1493	-2.0000
0.1903	-0.0606	-2.0000
-0.0149	-0.2468	-1.0000
-0.2716	0.0125	-2.0000
-0.0368	0.1986	-3.0000
-0.1258	0.2773	-1.0000
0.0706	0.0002	-3.0000
0.1499	0.2243	0.0000
0.0085	0.0253	-2.0000
0.1756	0.1813	-1.0000
-0.5103	0.0357	0.0000
0.0899	0.0735	-3.0000
-0.2930	-0.1436	0.0000
-0.2348	0.1410	-2.0000
-0.0990	-0.2788	-1.0000
0.0669	0.3019	-1.0000
0.3871	0.2680	-1.0000
0.0139	-0.1697	-1.0000
-0.1841	0.0173	0.0000
-0.3653	0.2379	0.0000
-0.1454	0.1188	-2.0000
0.0306	0.0103	-3.0000
-0.2596	-0.4076	0.0000
-0.0749	-0.1758	-2.0000
0.3961	0.0451	-1.0000
0.2936	0.0727	0.0000
-0.3158	0.0410	-1.0000
0.4084	-0.0073	-1.0000
-0.0385	-0.4806	0.0000
0.1120	-0.0208	-2.0000
0.0054	0.0976	-2.0000
0.1686	0.1761	-2.0000
0.2449	-0.0342	-3.0000
0.3615	-0.2400	0.0000
0.1541	-0.1934	0.0000
-0.0755	-0.2287	0.0000
0.2982	0.0608	-1.0000
0.2360	-0.1392	-1.0000
0.1404	0.1919	-3.0000
0.2090	0.2791	0.0000
0.1737	-0.0400	0.0000
0.2046	0.2475	0.0000
-0.0418	0.0011	-2.0000
-0.0400	-0.3430	0.0000
-0.4143	0.0089	-1.0000
-0.1317	0.1018	-2.0000
0.0555	0.2581	-1.0000
0.0774	0.1616	-3.0000
-0.0764	-0.3028	-1.0000
-0.1231	0.1419	-1.0000
-0.1084	-0.0626	-3.0000
0.3000	-0.0176	-1.0000
0.0853	0.2074	-1.0000
0.1601	-0.2001	0.0000
-0.0790	0.0579	-3.0000
-0.2523	0.0089	-2.0000
0.1825	-0.1481	-2.0000
0.1659	0.0886	-3.0000
0.0652	-0.1938	-2.0000
0.4376	0.1947	0.0000
-0.1341	0.2446	-2.0000
0.1509	0.0763	-3.0000
0.0007	-0.2328	-1.0000
-0.0428	-0.3516	-1.0000
0.1003	0.0973	-3.0000
0.3768	0.0914	-1.0000
0.2823	0.0403	-1.0000
-0.0535	0.2924	-2.0000
0.1288	-0.4252	0.0000
0.0977	-0.1689	-3.0000
0.1949	0.2658	0.0000
-0.0784	-0.3183	-1.0000
0.2411	0.3902	0.0000
0.2001	0.0668	-3.0000
-0.0590	-0.1431	-3.0000
0.2508	-0.0424	-2.0000
0.0420	0.1374	-3.0000
0.1036	0.1863	-1.0000
0.1020	-0.0485	-2.0000
-0.2971	-0.0017	-1.0000
0.0985	-0.4369	0.0000
-0.1087	-0.0918	-3.0000
-0.2505	0.2002	-1.0000
0.0092	0.0481	-2.0000
0.2869	0.0521	-2.0000
0.4734	0.0941	0.0000
0.0880	0.2072	-2.0000
0.2751	-0.2983	0.0000
0.0398	0.0484	-3.0000
0.1687	-0.1936	-2.0000
-0.1296	-0.4066	-1.0000
0.1810	-0.1952	-2.0000
0.0831	0.2888	0.0000
-0.0846	-0.1319	-3.0000
-0.0237	0.0938	-3.0000
0.3148	-0.1498	-1.0000
-0.1147	0.2038	-2.0000
-0.1644	0.0771	-1.0000
0.2478	-0.2873	0.0000
-0.1304	-0.2849	-1.0000
-0.1871	-0.1654	-2.0000
-0.1697	-0.0886	-2.0000
0.4238	-0.1245	0.0000
-0.0252	0.3820	-1.0000
-0.1865	0.0053	0.0000
-0.2925	0.1725	0.0000
-0.3092	-0.3911	0.0000
-0.0913	-0.0374	-3.0000
-0.1027	-0.2141	-3.0000
-0.2645	-0.0884	-1.0000
-0.1564	-0.0030	-1.0000
0.0154	-0.1178	-1.0000
0.0500	0.1172	-3.0000
0.0389	-0.0076	-3.0000
-0.1107	-0.0729	-3.0000
0.0258	0.0784	-3.0000
0.0658	0.3262	0.0000
-0.1663	0.0021	-3.0000
0.2389	-0.1300	-2.0000
0.2645	-0.1875	0.0000
0.2925	0.2705	0.0000
0.0887	0.4523	-1.0000
-0.2957	0.0503	-1.0000
0.3649	-0.2907	0.0000
0.2626	-0.0423	-2.0000
0.0662	-0.0198	-3.0000
-0.1062	-0.2411	-1.0000
0.0319	0.2477	-2.0000
-0.4959	0.0757	0.0000
-0.0147	0.0842	-3.0000
0.3605	0.2415	0.0000
0.1725	0.1828	-2.0000
0.0274	0.2623	-2.0000
0.0860	0.0304	-2.0000
0.1615	0.1420	-3.0000
-0.0272	0.2397	-1.0000
0.3895	0.2848	0.0000
-0.1030	0.2093	0.0000
0.0115	-0.2441	-2.0000
-0.1556	0.0313	-3.0000
0.2802	-0.0640	-2.0000
-0.2913	0.1365	-1.0000
0.2082	0.1647	-2.0000
-0.0697	-0.2455	-2.0000
-0.1096	-0.0022	-3.0000
-0.1851	-0.1970	-2.0000
-0.1213	0.0921	-3.0000
-0.1607	0.1404	-2.0000
0.1124	0.1341	-2.0000
-0.1817	0.1275	-3.0000
0.2090	-0.0383	-3.0000
0.0456	0.0257	-2.0000
0.0373	-0.2972	-2.0000
-0.0492	-0.2583	-2.0000
0.1128	-0.2457	-2.0000
0.3510	0.3343	0.0000
0.0076	0.3873	0.0000
0.2944	-0.1399	-1.0000
0.1963	0.0012	-3.0000
-0.1409	-0.0328	-3.0000
-0.1829	-0.1076	-3.0000
0.0516	-0.2208	-2.0000
-0.4362	0.2195	0.0000
-0.2731	0.0304	-2.0000
-0.0506	0.1094	-3.0000
-0.0596	-0.1672	0.0000
-0.2175	0.2180	-1.0000
-0.4150	-0.1960	0.0000
0.0675	0.0847	-3.0000
0.0991	-0.2095	0.0000
-0.0523	-0.2916	-1.0000
0.0184	0.3209	0.0000
-0.3932	-0.3321	0.0000
-0.3368	-0.1179	0.0000
0.2125	-0.2019	-2.0000
0.0069	0.3054	0.0000
-0.4233	0.2840	0.0000
-0.2048	0.1915	-2.0000
0.4457	-0.0858	-1.0000
-0.1782	-0.1931	-2.0000
-0.1253	-0.0492	-3.0000
0.0066	0.2473	-2.0000
0.0816	0.4264	0.0000
0.4259	-0.1727	-1.0000
0.2213	0.1793	0.0000
-0.0328	-0.2786	-2.0000
0.3841	-0.1353	0.0000
-0.3788	-0.1442	-1.0000
0.3124	-0.1628	-1.0000
0.0032	-0.2419	-2.0000
0.1076	0.0362	-2.0000
-0.3157	0.0019	-1.0000
-0.2914	-0.2953	0.0000
-0.2350	0.1719	0.0000
-0.1726	-0.0056	-1.0000
0.0253	0.1435	-2.0000
-0.3307	0.0820	0.0000
-0.2417	0.1413	0.0000
0.4248	0.1495	-1.0000
-0.0676	0.0990	-3.0000
-0.0548	0.3312	-1.0000
0.0242	0.2469	-2.0000
-0.3321	-0.1090	-1.0000
0.0400	-0.1089	-2.0000
0.3736	0.0756	-1.0000
-0.3561	-0.0547	0.0000
0.4540	0.0341	0.0000
0.0083	-0.1446	-3.0000
0.2057	0.0519	-3.0000
-0.2454	-0.4213	0.0000
0.0846	-0.2384	-2.0000
-0.2281	0.0264	-1.0000
0.1945	0.1764	-2.0000
-0.0302	0.0649	-3.0000
-0.0676	-0.1643	-3.0000
-0.0638	0.3120	0.0000
-0.1510	0.3941	-1.0000
-0.0877	0.1293	-3.0000
-0.1790	0.1516	-2.0000
0.1513	-0.0285	0.0000
0.3382	-0.1102	-1.0000
0.1126	-0.0222	-2.0000
0.2606	0.3891	0.0000
0.2228	0.0095	-1.0000
-0.0759	-0.1112	-3.0000
0.1174	0.1704	-2.0000
-0.0766	0.3022	-1.0000
-0.0961	-0.3550	-1.0000
-0.2165	-0.0158	-2.0000
-0.0703	0.4083	-1.0000
0.1967	-0.0615	-1.0000
-0.4975	-0.0290	0.0000
0.2602	-0.0572	-1.0000
-0.0787	-0.1026	-3.0000
-0.1971	0.0605	-3.0000
0.2419	-0.0978	-2.0000
0.3417	-0.0239	0.0000
0.1893	-0.0314	-2.0000
-0.0288	-0.1383	-3.0000
0.0415	0.4359	0.0000
0.0143	0.2634	-2.0000
0.1987	0.0271	-2.0000
-0.0634	-0.1584	-2.0000
-0.0275	-0.2692	-1.0000
0.2823	0.0816	-2.0000
0.1222	0.0187	-3.0000
0.0058	-0.4824	0.0000
-0.0605	-0.0168	-3.0000
-0.1248	-0.1972	-3.0000
0.0076	-0.1067	-3.0000
0.0611	-0.0293	-3.0000
-0.1695	0.0061	-3.0000
-0.0230	0.0966	-3.0000
-0.0216	-0.0196	-3.0000
0.4244	-0.3065	0.0000
-0.0212	-0.0757	-3.0000
0.2185	-0.1474	-2.0000
0.1057	-0.2654	-1.0000
-0.2620	-0.3757	-1.0000
-0.2422	-0.0248	-2.0000
-0.3157	-0.0803	-1.0000
0.0252	0.4015	-1.0000
-0.1963	0.1776	-2.0000
-0.1772	0.0691	-2.0000
0.0852	-0.1828	-2.0000
-0.2762	-0.1359	-1.0000
-0.0990	-0.2963	-1.0000
-0.3091	-0.0695	-1.0000
-0.0544	0.4041	-1.0000
0.1555	0.2414	-1.0000
-0.1841	-0.2951	-1.0000
-0.2360	0.0089	-2.0000
0.0068	0.2437	-3.0000
0.2946	-0.0763	-1.0000
-0.0026	-0.2743	-2.0000
0.2050	-0.0717	-2.0000
-0.0432	-0.3285	0.0000
0.0512	0.2862	-2.0000
-0.2038	-0.3041	0.0000
0.4278	0.2659	0.0000
0.1957	-0.2288	-2.0000
-0.0371	0.2030	-3.0000
0.1238	-0.2779	-1.0000
0.0970	0.1754	-3.0000
0.2680	-0.2906	0.0000
0.0347	0.0204	-3.0000
-0.0508	-0.0267	-3.0000
-0.1733	0.2417	-1.0000
0.0154	-0.2275	-1.0000
0.0341	0.4006	-1.0000
0.1951	0.0090	0.0000
-0.0970	0.3651	0.0000
0.0239	0.2439	-2.0000
0.0994	-0.2633	-1.0000
-0.0892	-0.2258	-3.0000
0.1097	-0.3797	0.0000
-0.0136	-0.2294	-1.0000
-0.1159	-0.0207	-3.0000
-0.1925	-0.3954	0.0000
0.0933	0.0873	-3.0000
-0.0219	-0.0392	-2.0000
-0.2314	-0.4221	0.0000
-0.1740	-0.4186	0.0000
-0.2748	-0.0986	0.0000
-0.1328	0.2713	-1.0000
-0.1041	-0.1815	-3.0000
-0.1341	-0.0625	-2.0000
0.2646	0.3105	0.0000
0.1120	0.1220	-2.0000
0.3517	0.2401	-1.0000
-0.2525	-0.0956	-2.0000
0.0483	0.1184	-3.0000
-0.3672	0.1989	-1.0000
-0.0397	-0.4404	-1.0000
-0.0522	-0.3425	0.0000
-0.2265	0.1715	-2.0000
0.1780	-0.0105	-3.0000
0.0213	-0.0586	-2.0000
-0.3441	-0.1003	0.0000
-0.2922	0.3604	0.0000
-0.0487	-0.0144	-3.0000
0.1484	-0.0632	-3.0000
-0.0735	0.2178	-2.0000
0.2147	-0.0679	-3.0000
0.1679	-0.0204	-3.0000
-0.1346	0.0923	-3.0000
0.0180	0.1657	0.0000
0.0679	0.3565	-1.0000
-0.4420	0.0689	-1.0000
-0.1513	0.3830	0.0000
-0.2518	-0.1631	-2.0000
-0.0380	-0.2576	-1.0000
0.0696	0.0059	-2.0000
-0.2738	-0.3678	-1.0000
-0.0292	-0.3465	-1.0000
0.2657	-0.2890	0.0000
0.0185	0.1331	-3.0000
0.0036	-0.1830	-3.0000
0.2196	-0.1197	-1.0000
-0.3876	-0.0922	-1.0000
-0.0931	0.2775	-1.0000
0.1798	0.1366	-3.0000
0.2342	-0.3899	0.0000
0.2572	0.1619	-1.0000
-0.0345	0.3049	-1.0000
0.1365	0.0869	-3.0000
0.0147	0.1144	-3.0000
0.0993	0.3029	0.0000
-0.0961	0.0685	-1.0000
-0.0943	0.2800	0.0000
-0.0860	0.1747	-2.0000
-0.0090	0.0659	-3.0000
-0.4901	0.0589	0.0000
-0.0478	0.0629	-3.0000
-0.1680	-0.2066	0.0000
0.0800	-0.0164	-3.0000
-0.1873	0.2580	-1.0000
0.0290	-0.2904	-2.0000
-0.1360	-0.0736	-2.0000
0.3487	-0.1273	0.0000
0.1047	0.2123	-1.0000
0.2427	-0.0319	-3.0000
0.0408	-0.0313	-3.0000
0.1402	0.1100	-3.0000
-0.1189	0.0276	-2.0000
0.0614	-0.0117	-3.0000
-0.0653	-0.0489	-3.0000
0.1243	0.3591	-1.0000
0.1981	0.1460	-3.0000
0.4254	-0.1158	-1.0000
0.2167	-0.2909	-1.0000
-0.2972	0.3062	0.0000
-0.1095	-0.1981	-3.0000
0.0027	0.4175	0.0000
0.3775	-0.0876	0.0000
-0.1981	-0.1217	-2.0000
0.0626	0.3691	-1.0000
0.1304	-0.2246	-1.0000
-0.1912	0.0215	-2.0000
0.1615	0.0311	-2.0000
0.0033	-0.1612	0.0000
-0.4058	-0.1284	0.0000
-0.0258	-0.2278	-3.0000
-0.1559	0.1668	-2.0000
0.1274	-0.2816	-1.0000
-0.1736	0.3402	0.0000
-0.0071	0.0793	-3.0000
-0.2793	-0.3245	0.0000
-0.4442	-0.1964	0.0000
-0.1164	0.1223	-2.0000
0.1013	0.1756	-3.0000
0.1577	0.1006	-2.0000
-0.1072	-0.1650	-1.0000
-0.0766	0.0938	-2.0000
-0.0429	0.2492	-2.0000
0.0579	-0.0811	-3.0000
0.0486	0.1602	-3.0000
0.3471	0.1408	-1.0000
-0.0447	0.2601	-2.0000
0.2560	0.0646	-2.0000
-0.1325	0.0618	-2.0000
0.0505	0.1718	-2.0000
0.1421	-0.0421	0.0000
0.2667	0.1021	-2.0000
0.0097	-0.0554	-3.0000
-0.1950	0.1629	-1.0000
-0.0952	0.1695	-1.0000
-0.1787	0.3043	-1.0000
0.1409	-0.1446	-2.0000
0.1729	-0.2580	0.0000
-0.2448	-0.0464	-2.0000
0.1348	0.0162	-3.0000
0.2171	-0.0392	-3.0000
-0.1807	-0.1996	-2.0000
0.0663	0.1567	-3.0000
0.0659	-0.1936	-2.0000
-0.0510	0.0050	-3.0000
0.0926	0.1012	-3.0000
0.2102	-0.0019	-3.0000
0.0148	-0.2092	-2.0000
0.1189	0.2020	-1.0000
-0.0319	0.0142	-3.0000
0.4540	-0.0357	-1.0000
-0.2184	0.1118	-2.0000
0.2657	0.0263	-1.0000
-0.0286	0.2474	-2.0000
0.1674	-0.0140	-2.0000
0.3136	-0.4288	0.0000
0.1683	0.0873	-3.0000
0.0180	-0.3174	-1.0000
-0.0177	-0.0177	-3.0000
-0.2200	-0.1082	-2.0000
-0.3224	-0.0291	-1.0000
0.3895	-0.2391	-1.0000
0.1064	0.2856	-1.0000
0.1328	-0.1254	-2.0000
0.0570	0.2934	-1.0000
-0.3265	0.1586	-1.0000
-0.2056	-0.4167	0.0000
-0.0885	-0.0539	-2.0000
-0.3463	-0.2384	0.0000
0.0119	0.2807	-1.0000
0.2757	0.1228	-1.0000
-0.3074	0.3681	0.0000
-0.0393	0.0195	-3.0000
0.3764	0.0935	0.0000
-0.1081	0.1850	-2.0000
-0.3533	-0.1039	-1.0000
0.1989	-0.2873	-1.0000
-0.2835	0.0820	-2.0000
0.1786	0.2703	0.0000
0.0178	-0.0917	-3.0000
-0.1533	0.1174	-1.0000
-0.1461	-0.1845	-2.0000
0.3275	-0.0379	-1.0000
0.1813	0.1850	-2.0000
-0.1422	-0.1180	-2.0000
-0.2875	0.0104	-2.0000
-0.2401	-0.2354	0.0000
0.2051	-0.0600	0.0000
-0.2256	0.4204	0.0000
0.2005	-0.2091	0.0000
-0.2361	0.0863	-2.0000
-0.2539	-0.0677	-1.0000
0.1855	-0.3655	-1.0000
-0.1905	-0.0315	0.0000
-0.0521	0.2987	-1.0000
-0.0616	0.1487	-3.0000
-0.0206	0.0166	-3.0000
-0.0562	0.2765	-1.0000
0.0461	0.1498	-3.0000
0.0279	-0.0155	-3.0000
-0.0923	-0.4178	-1.0000
0.2198	0.4610	0.0000
0.1686	0.1274	-2.0000
0.1902	0.1978	0.0000
-0.1488	-0.3499	-1.0000
0.1113	0.3206	0.0000
-0.1818	0.1154	-3.0000
-0.3162	-0.0733	-1.0000
0.1265	-0.1820	-3.0000
-0.1846	-0.1622	-2.0000
0.0713	0.4610	0.0000
0.0908	0.1286	-3.0000
0.0904	-0.0589	-3.0000
-0.3683	0.3096	0.0000
-0.2649	-0.2908	0.0000
-0.2088	-0.1081	0.0000
0.2975	-0.0750	0.0000
-0.2961	-0.0777	-1.0000
0.0749	-0.1843	-3.0000
-0.0024	0.1691	-1.0000
0.2057	-0.0972	-2.0000
-0.0923	0.3888	0.0000
-0.3139	-0.1987	-1.0000
0.0013	0.0181	-3.0000
-0.1459	-0.0025	-1.0000
-0.0088	0.1658	-3.0000
0.1921	0.2076	-2.0000
-0.4120	-0.2338	-1.0000
-0.0511	0.4855	0.0000
