1.7802e-01
9.8977e-01
6.3512e-01
9.8355e-01
6.1344e-01
2.0848e-01
8.3223e-01
8.3469e-01
2.7945e-01
7.7471e-01
9.1774e-01
5.8497e-01
5.3260e-01
6.2511e-01
6.2042e-01
6.6261e-01
9.9393e-01
7.3741e-01
7.3064e-01
6.2906e-01
6.6258e-01
9.4997e-01
5.8254e-01
6.5679e-01
6.2522e-01
8.1091e-01
1.4084e-01
6.1517e-01
4.2006e-01
1.6386e-01
5.6894e-01
9.2401e-01
8.6342e-01
6.9251e-01
6.2059e-01
5.9275e-01
7.5003e-02
2.7398e-01
6.2176e-01
6.4513e-01
1.8169e-01
1.6576e-01
6.0169e-01
1.0728e-01
6.2926e-01
6.2699e-01
7.7962e-01
6.3027e-01
2.4397e-01
6.7866e-01
6.2158e-01
7.9065e-01
6.6703e-01
9.0630e-01
6.3411e-01
6.3618e-01
1.5726e-01
7.8686e-01
2.1511e-01
6.3765e-01
9.5028e-02
6.7651e-01
6.0488e-01
2.2483e-01
1.5577e-01
5.7555e-01
8.0134e-01
6.2138e-01
1.6442e-01
5.9451e-01
6.3911e-01
6.5262e-01
9.4033e-01
8.1576e-01
2.9369e-01
1.1150e-01
6.3521e-01
2.6044e-01
6.5288e-01
2.8857e-01
2.3382e-01
6.0344e-01
3.4404e-01
6.6351e-01
7.6572e-01
9.8677e-01
1.5700e-01
6.3504e-01
6.0682e-01
3.7505e-01
1.8523e-01
9.6671e-01
4.4531e-01
1.6428e-01
6.1134e-01
8.3690e-01
6.4090e-01
6.3193e-01
6.7921e-01
7.3896e-01
6.1943e-01
3.8167e-01
7.9424e-01
9.8695e-01
9.4314e-01
9.5859e-01
6.1198e-01
4.5484e-01
1.7392e-01
9.4697e-01
6.3223e-01
6.0139e-01
6.4835e-01
6.8631e-01
6.5655e-01
6.1492e-01
6.2445e-01
6.8698e-01
8.6809e-01
2.7241e-01
8.9019e-01
8.2586e-01
2.8598e-01
6.5412e-01
6.5485e-01
1.7028e-01
9.1054e-01
6.2368e-01
1.2777e-01
8.4002e-01
7.5800e-01
1.5397e-01
1.1752e-01
9.0615e-01
2.0768e-01
6.4864e-01
6.4065e-01
7.6108e-01
8.0255e-01
1.6955e-01
6.3810e-01
4.0472e-01
5.8798e-01
4.6221e-01
5.9321e-01
1.2381e-01
6.3274e-01
8.5048e-01
6.2905e-01
2.7521e-01
1.7481e-01
6.2619e-01
5.6869e-01
9.9205e-01
2.8771e-01
6.5819e-01
3.0078e-01
4.4345e-01
5.7033e-01
6.2707e-01
7.9881e-01
1.6415e-01
6.3661e-01
6.4013e-01
8.3445e-01
6.7251e-01
6.2554e-01
6.7837e-01
1.7212e-01
6.3865e-01
1.6493e-01
6.4843e-01
5.9322e-01
9.9163e-01
2.9549e-01
6.3811e-01
5.9739e-01
6.1171e-01
1.2950e-01
6.5599e-01
1.9342e-01
6.3543e-01
6.5128e-01
2.9016e-01
9.4694e-01
3.4458e-01
1.9757e-01
6.6237e-01
6.1271e-01
1.9816e-01
5.9314e-01
6.2082e-01
8.7803e-01
1.7280e-01
7.9803e-01
6.4253e-01
6.8463e-01
2.2336e-01
3.2066e-01
1.1734e-01
3.6580e-01
6.1630e-01
7.6739e-01
9.6422e-01
1.1992e-01
7.3065e-01
1.7225e-01
8.3611e-01
1.6336e-01
5.8627e-01
9.3687e-01
8.6028e-01
5.5460e-01
9.0263e-01
6.6796e-01
4.6195e-01
5.9458e-01
6.4889e-01
5.9234e-01
9.4929e-01
2.1974e-01
1.6841e-01
6.2711e-01
6.0805e-01
1.5450e-01
5.8314e-01
7.7997e-01
3.5506e-01
3.0198e-01
6.6768e-01
7.0644e-02
3.1045e-01
6.5767e-01
8.6344e-02
3.2290e-01
1.8927e-01
6.3571e-01
5.2468e-01
8.1096e-01
8.1214e-01
1.3336e-01
6.0511e-01
7.4857e-01
1.7532e-01
2.3117e-01
6.3148e-01
8.3194e-02
5.9458e-01
6.6266e-01
5.5863e-01
6.7845e-01
5.9696e-01
6.1785e-01
7.2132e-01
9.4457e-01
5.4947e-01
3.0912e-01
6.4665e-01
9.8241e-01
6.9932e-01
1.6325e-01
5.8182e-01
9.5611e-01
7.2751e-02
2.1336e-01
9.2760e-01
6.1402e-01
5.7037e-01
5.9264e-01
9.4785e-01
6.6828e-01
6.9829e-01
2.2350e-01
7.7861e-01
7.1375e-01
5.7262e-01
8.6853e-01
2.3542e-01
6.3686e-01
8.7443e-01
3.2178e+00
6.5078e-01
9.4066e-01
9.4238e-01
8.2291e-01
6.5244e-01
1.8772e-01
1.9721e-01
7.6037e-01
1.5191e-01
6.6147e-01
7.7880e-01
1.7319e-01
6.3308e-01
9.7223e-01
1.6316e-01
1.8915e-01
2.0913e-01
6.3409e-01
4.1323e-01
7.1512e-01
6.2788e-01
5.6512e-01
2.0254e-01
8.8198e-01
9.8312e-01
5.8482e-01
3.6834e-01
6.7730e-01
4.4758e-01
8.5016e-01
1.0925e-01
8.9842e-01
6.6437e-01
1.9642e-01
6.1693e-01
2.5611e-01
9.5190e-01
6.6218e-01
6.0608e-01
6.2384e-01
1.3735e-01
6.5190e-01
7.0561e-01
2.1470e-01
7.2134e-01
5.6347e-01
5.9652e-01
6.8804e-01
6.4239e-01
5.7023e-01
8.5579e-01
9.9221e-01
6.2334e-01
6.7212e-01
2.3912e-01
2.1089e-01
9.7552e-01
6.0237e-01
6.3858e-01
5.9403e-01
9.4658e-01
6.3973e-01
8.5716e-01
1.4088e-01
6.1810e-01
1.1318e-01
1.9647e-01
1.8192e-01
3.3695e-01
6.1430e-01
1.1988e-01
3.0990e-01
6.4457e-01
9.6727e-01
6.1684e-01
6.6245e-01
8.6867e-01
5.1915e-01
7.8495e-01
6.6620e-01
2.0013e-01
2.1857e-01
6.0940e-01
8.5326e-01
6.1229e-01
7.3944e-01
6.2188e-01
6.8201e-01
8.7610e-01
8.6182e-01
6.6094e-01
3.7539e-01
9.3545e-01
5.7987e-01
9.8675e-01
5.9557e-01
8.5199e-01
6.0018e-01
4.9565e-01
7.3775e-01
1.5918e-01
3.7149e-01
6.0113e-01
8.8932e-01
6.3035e-01
6.7396e-01
3.5751e-01
2.1785e-01
7.5396e-01
3.2440e-01
3.5432e-01
5.5099e-01
6.6494e-01
7.1365e-01
6.9952e-01
6.5106e-01
3.2981e-01
8.4035e-01
9.5614e-01
3.2922e-01
6.2202e-01
5.1375e-01
9.8849e-01
9.8104e-01
1.6976e-01
6.0603e-01
8.1250e-01
5.7921e-01
6.0708e-01
6.2428e-01
1.3947e-01
9.0329e-01
6.7718e-01
6.6619e-01
6.5075e-01
8.0594e-01
1.1951e-01
6.8998e-01
6.1480e-01
6.3564e-01
7.5280e-01
6.5195e-01
5.9891e-01
9.0973e-01
8.6202e-01
5.9437e-01
6.0523e-01
6.0342e-01
7.9708e-01
8.4719e-01
6.1670e-01
2.1277e-01
8.1521e-01
6.0253e-01
6.0868e-01
6.7365e-01
8.0292e-01
1.0087e-01
5.8813e-01
1.5627e-01
8.9681e-01
6.1374e-01
6.0815e-02
2.3654e-01
2.5512e-01
9.4553e-01
6.6992e-01
9.4612e-01
2.0492e-01
7.4527e-01
6.2788e-01
5.8037e-01
7.4389e-01
6.6292e-01
6.4873e-01
6.5841e-01
8.1054e-01
7.0593e-01
2.0095e-01
6.2405e-01
1.4041e-01
8.7206e-01
2.4758e+00
5.6200e-01
1.6736e-01
6.1956e-01
3.0435e-01
1.0035e+00
9.9643e-01
5.9977e-01
1.0006e+00
6.3208e-01
6.3319e-01
9.5306e-01
5.9802e-01
2.1079e-01
2.1730e-01
6.9834e-01
4.4741e-01
7.3566e-01
5.9637e-01
6.8207e-01
9.7377e-01
9.5356e-01
6.2382e-01
5.8078e-01
5.9880e-01
6.1877e-01
6.0746e-01
8.5295e-01
6.3160e-01
7.1189e-01
4.3562e-01
7.6358e-02
9.9758e-01
1.3991e-01
6.2922e-01
6.3376e-01
1.9689e-01
7.8939e-01
8.4366e-01
6.2881e-01
6.2324e-01
2.0257e-01
7.4842e-01
5.6419e-01
6.0861e-01
1.8999e-01
6.4689e-01
9.0826e-01
6.1641e-01
6.3596e-01
1.0641e-01
7.3192e-01
5.9002e-01
6.3895e-01
4.1231e-01
6.6757e-01
3.0847e-01
5.8926e-01
8.0040e-01
1.1583e-01
8.9527e-01
8.5270e-01
6.6899e-01
8.4498e-01
6.6846e-01
8.7954e-01
3.2094e-01
1.4569e-01
8.6696e-01
6.1599e-01
2.5947e-01
6.3256e-01
6.7774e-01
8.0403e-01
2.2854e-01
8.2073e-01
2.4087e-01
2.5689e-01
1.7139e-01
9.6994e-01
6.2192e-01
6.4852e-01
6.9128e-01
5.9849e-01
9.1340e-01
4.4291e-01
6.9663e-01
6.8121e-01
5.7914e-01
7.6429e-01
2.3429e-01
3.7949e-01
6.4432e-01
6.4155e-01
9.7013e-02
9.4892e-01
5.6325e-01
6.2291e-01
2.5157e-01
1.0470e-01
9.8873e-01
6.0966e-01
6.8054e-01
6.4218e-01
8.3889e-01
5.6488e-02
7.2304e-01
7.1626e-01
6.2329e-01
1.4595e-01
9.8438e-01
6.2028e-01
1.7838e-01
6.8540e-01
6.4688e-01
5.9492e-01
6.5330e-01
3.5335e-01
7.9063e-01
6.8769e-01
8.0824e-01
1.5148e-01
5.6507e-01
9.9033e-01
9.9320e-01
5.6319e-01
3.5067e-01
1.8276e-01
1.4696e-01
8.7950e-01
7.0243e-01
8.2126e-01
1.8387e-01
1.1539e-01
6.3114e-01
8.3356e-01
9.7907e-01
4.1466e-01
8.4067e-01
9.5546e-01
7.9150e-01
9.7922e-01
7.7895e-01
6.3044e-01
5.6408e-01
1.1713e-01
9.8762e-01
8.5128e-01
9.5778e-01
6.2543e-01
6.0885e-01
5.8746e-01
6.1341e-01
6.8860e-01
4.8884e-01
6.2793e-01
8.2567e-01
6.7318e-01
9.0261e-01
8.6297e-01
5.7297e-01
6.9499e-01
7.1840e-01
6.9212e-01
2.2075e-01
8.6031e-01
8.1713e-01
5.8787e-01
8.7731e-01
1.4951e-01
9.1682e-01
1.7844e-01
5.9786e-01
5.7389e-01
8.3098e-01
6.3328e-01
9.2543e-01
6.2203e-01
6.3428e-01
2.8495e-01
9.6167e-01
9.2922e-02
7.7473e-01
6.3029e-01
9.8135e-01
6.8191e-01
5.3375e-01
5.2421e+00
5.8302e-01
3.7816e-01
1.7812e-01
3.6150e-01
7.8172e-01
1.1406e+00
5.9668e-01
2.7293e-01
7.1185e-01
9.9686e-01
5.7265e-01
3.1334e-01
1.6526e-01
6.7115e-01
6.4631e-01
9.6576e-01
5.0827e-02
6.1628e-01
5.8990e-01
5.9269e-01
2.3765e-01
2.4739e-01
6.0792e-01
8.8001e-01
6.0336e-01
5.8735e-01
1.3857e-01
9.0681e-02
7.1392e-01
7.4481e-01
6.7520e-01
2.2493e-01
5.7733e-01
6.2782e-01
6.7125e-01
5.8634e-01
1.6410e+00
1.5421e-01
7.7666e-01
8.8934e-01
7.7261e-01
8.1807e-01
1.8191e-01
7.3092e-01
6.3891e-01
1.9769e-01
6.8905e-01
6.3277e-01
5.0876e-01
7.5025e-01
7.3551e-01
6.1353e-01
6.6660e-01
2.7922e-01
1.3694e-01
7.9443e-01
8.9188e-01
6.2614e-01
9.2001e-01
4.1310e-01
9.1420e-01
7.5340e-01
6.9213e-01
6.6877e-01
6.3922e-01
9.1591e-01
9.7412e-01
2.5018e-01
5.9775e-01
5.8667e-01
6.4964e-01
9.1958e-01
7.0381e-01
5.8978e-01
9.8042e-01
5.8347e-01
8.7078e-01
5.8435e-01
1.3590e-01
9.7460e-01
2.1517e-01
6.2315e-01
6.3399e-01
2.0574e-01
7.6831e-01
6.3768e-01
5.8324e-01
8.2097e-01
6.7032e-01
1.1252e-01
6.1011e-01
6.9931e-01
7.1626e-01
7.2086e-01
6.3146e-01
6.3568e-01
2.1984e-01
6.5988e-01
2.3017e-01
5.8137e-01
2.8210e-01
6.4827e-01
2.8896e-01
6.6408e-01
2.4887e-01
2.2174e-01
6.0551e-01
7.2532e-01
6.7758e-01
6.4853e-01
6.3759e-01
1.2513e-01
6.0652e-01
6.9067e-01
9.0641e-01
9.6254e-01
1.9427e-01
8.0370e-01
5.9449e-01
1.5976e-01
1.7884e-01
7.8439e-01
9.0928e-01
6.3932e-01
2.5021e+00
6.7589e-01
9.9066e-01
7.2409e-01
7.7153e-01
9.3913e-01
9.7023e-01
3.5985e-01
2.1803e-01
5.7555e-01
6.4995e-01
3.6358e-01
6.5816e-01
6.7824e-01
2.0161e-01
1.6242e-01
6.6123e-01
8.7015e-01
8.5362e-01
7.3015e-01
5.9564e-01
5.9811e-02
6.9875e-01
6.9151e-01
1.2863e-01
2.3275e-01
5.6892e-01
8.1566e-01
4.7097e-01
8.1313e-01
6.5978e-01
7.9070e-01
1.8364e-01
6.8556e-01
6.7060e-01
6.6873e-01
7.0063e-02
2.0259e-01
6.1476e-01
2.2225e-01
5.8154e-01
1.8098e+00
6.3390e-01
6.2372e-01
2.3582e-01
6.0293e-01
6.7330e-01
8.2782e-01
8.0735e-01
2.9115e-01
6.0670e-01
8.6868e-01
6.0187e-01
7.0000e-01
1.8916e-01
8.4356e-01
6.2580e-01
6.4020e-01
9.8405e-01
7.4957e-01
5.7674e-01
6.2363e-01
8.7165e-01
6.9603e-01
7.9192e-01
4.2428e-01
6.7096e-01
6.6320e-01
7.5091e-01
5.9470e-01
5.9749e-01
5.8614e-01
1.2046e-01
5.8081e-01
1.0896e-01
2.4036e-01
9.9978e-02
9.1800e-01
6.1333e-01
7.1911e-01
9.2223e-01
1.3541e-01
7.5603e-01
5.6795e-01
7.5780e-01
6.1200e-01
7.6523e-01
1.2926e-01
7.0192e-01
6.4169e-01
6.6750e-01
5.9779e-01
2.8464e-01
6.0905e-01
1.2671e-01
3.5688e-01
7.5368e-01
6.0937e-01
9.6919e-01
6.6613e-01
9.4122e-01
5.7747e-01
8.3102e-01
3.5547e-01
5.5287e-01
3.1187e-01
7.8190e-01
6.2025e-01
6.5116e-01
8.4551e-01
8.7973e-01
6.5068e-01
1.4117e-01
8.3307e-01
8.1958e-01
4.9347e-01
9.0586e-01
6.4516e-01
6.1206e-01
5.6180e-01
1.7202e-01
1.6357e-01
6.3512e-01
1.4640e-01
6.1204e-01
1.7690e-01
1.5773e-01
9.8392e-01
6.3757e-01
6.6028e-01
3.9727e-01
6.3552e-01
5.4116e-01
8.6878e-02
1.6517e-01
1.8972e-01
6.7686e-01
5.9907e-01
6.7460e-01
6.0891e-01
6.0867e-01
6.0743e-01
3.6346e-01
6.1386e-01
4.3572e-01
6.5969e-01
2.2342e-01
9.9469e-01
2.6118e-01
6.8604e-01
9.2300e-01
2.7975e-01
6.1078e-01
8.7032e-01
2.0714e-01
5.9243e-01
9.2143e-01
8.5649e-01
7.9033e-01
5.2984e-01
9.5944e-01
6.1990e-01
7.2299e-01
6.3873e-01
6.1756e-01
8.9310e-01
7.5972e-01
9.1624e-01
7.5515e-01
7.9481e-01
6.5336e-01
5.9988e-01
8.5220e-01
6.3378e-01
1.8152e-01
7.0785e-01
9.7342e-01
5.8467e-01
6.1372e-01
1.9074e-01
6.5436e-01
6.5083e-01
1.0107e-01
5.8631e-01
1.2656e-01
6.1934e-01
6.4084e-01
6.9458e-01
1.8731e-01
1.9060e-01
3.5358e-01
6.8391e-01
6.2805e-01
5.4876e-01
1.7071e-01
6.9642e-01
6.4734e-01
6.4836e-02
7.1071e-01
1.7921e-01
6.1922e-01
9.8201e-01
9.5099e-01
9.2362e-01
2.7447e-01
2.6614e-01
6.4031e-01
5.4189e-01
9.5310e-01
1.3890e-01
9.8492e-01
2.0037e-01
9.2025e-01
6.3994e-01
1.4350e-01
5.3780e-01
2.9396e-01
2.9966e-01
1.2271e-01
6.2634e-01
1.2286e-01
7.6974e-01
2.5127e-01
8.4825e-01
6.3875e-01
5.7880e-01
9.8575e-01
1.1837e-01
9.3334e-01
5.6239e-01
1.5229e-01
6.9694e-01
6.2561e-01
6.7200e-01
6.3619e-01
7.4710e-01
7.3896e-01
1.9649e-01
5.9011e-01
9.8710e-01
9.8266e-01
5.5870e-01
6.7013e-01
5.7793e-01
7.0941e-01
6.1544e-01
8.6255e-01
9.8250e-01
7.2068e-01
9.0265e-01
6.3594e-01
9.7482e-01
9.4124e-01
8.2573e-01
9.8941e-01
7.9472e-01
7.0840e-01
7.4409e-01
8.5308e-01
8.1382e-01
7.0835e-01
3.6745e-01
6.2256e-01
1.9060e-01
7.8682e-01
5.5340e-01
6.8886e-01
6.3012e-01
6.4167e-01
9.7255e-01
2.4908e+00
6.5884e-01
6.3180e-01
7.1325e-01
9.8633e-01
6.8458e-01
6.6593e-01
7.1042e-01
9.7525e-01
9.5486e-01
2.9594e-01
6.2638e-01
6.3903e-01
9.6511e-01
5.4571e-01
5.9865e-01
1.7205e-01
6.8340e-01
6.7273e-01
9.2881e-01
8.7703e-01
6.2928e-01
1.6856e-01
9.5831e-01
6.3114e-01
6.5510e-01
7.0051e-01
1.2974e+00
2.1672e-01
9.8801e-01
6.6011e-01
1.3738e-01
9.5632e-01
6.6433e-01
5.7768e-01
7.1595e-01
6.4439e-01
6.6357e-01
7.0579e-01
2.2660e-01
5.9996e-01
9.8536e-01
2.0207e-01
2.4643e-01
6.0480e-01
6.8189e-01
4.1776e-01
6.9845e-01
6.0143e-01
9.6869e-01
6.2524e-01
8.9866e-01
6.2222e-01
6.2950e-01
6.4030e-01
6.3482e-01
6.9059e-01
6.1367e-01
6.3421e-01
1.6152e-01
6.5511e-01
5.9766e-01
2.3298e-01
6.2352e-01
7.3169e-01
1.6502e-01
6.0471e-01
7.0691e-01
8.4448e-01
6.9177e-01
5.9456e-01
7.4295e-01
9.6515e-01
1.4227e-01
8.8434e-01
6.4430e-01
5.9997e-01
6.7866e-01
1.1212e+00
7.1220e-01
6.1028e-01
1.8799e-01
2.0662e-01
7.1949e-01
6.2379e-01
7.0925e-01
8.1532e-01
1.7159e-01
9.5406e-01
6.1503e-01
6.5658e-01
9.4468e-01
6.4699e-01
2.8768e-01
9.5587e-01
7.7628e-01
6.3759e-01
1.7526e-01
7.6108e-01
2.0492e-01
4.0782e-01
1.6147e-01
7.4627e-01
8.6828e-01
6.0509e-01
6.2895e-01
6.5166e-01
7.8905e-01
1.5815e+00
6.4589e-01
1.2776e-01
9.2259e-01
1.2023e-01
3.5168e-01
8.0202e-01
9.3511e-01
6.2621e-01
6.1746e-01
9.3557e-01
2.5453e-01
6.0931e-01
6.7513e-01
1.1545e-01
7.8179e-01
2.4940e-01
9.0125e-01
1.8221e-01
6.1084e-01
9.1224e-01
6.3258e-01
6.2727e-01
6.9967e-01
1.6639e-01
6.1400e-01
6.5546e-01
8.0975e-01
8.3213e-01
6.1070e-01
6.4144e-02
5.7942e-01
6.5392e-01
6.6649e-01
7.4372e-01
3.2133e-01
8.9705e-01
3.0927e-01
2.8122e-01
7.9955e-01
5.6945e-01
6.3011e-01
3.8062e-01
6.7658e-01
7.5596e-01
2.4586e-01
6.8869e-01
7.8323e-01
6.5355e-01
9.8797e-01
9.1243e-01
3.5940e-01
6.6170e-01
6.0236e-01
2.4923e-01
2.0455e-01
7.0766e-01
2.0464e-01
6.7319e-01
1.4873e-01
6.3792e-01
1.8241e-01
7.2091e-01
2.4491e-01
6.2918e-01
6.8404e-01
9.1562e-01
3.7199e-01
9.8946e-01
2.9883e-01
7.3825e-01
5.8210e-01
6.8210e-01
1.7660e-01
6.1540e-01
6.9664e-01
6.1713e-01
8.2258e-01
7.0871e-01
1.8098e-01
5.8259e-01
3.1036e-01
5.7882e-01
1.5305e-01
1.6922e-01
6.1604e-01
6.3678e-01
6.4834e-01
1.7436e-01
7.4603e-01
9.5358e-01
8.7813e-01
6.2492e-01
3.0862e-01
9.8745e-01
6.4349e-01
6.5550e-01
1.4801e-01
6.2002e-01
9.3161e-01
8.4083e-01
7.1843e-01
6.3126e-01
6.7644e-01
7.2153e-01
6.3076e-01
6.6821e-01
6.3371e-01
6.3104e-01
6.6595e-01
9.5147e-01
6.2588e-01
6.0562e-01
7.3919e-01
6.4029e-01
5.1887e-01
6.8141e-01
5.8492e-01
6.5659e-01
8.0502e-01
9.7639e-01
9.9341e-01
3.6689e-01
5.6976e-01
9.5660e-01
6.3491e-01
7.7275e-01
2.4221e-01
8.7609e-01
6.6385e-01
6.2949e-01
1.7802e-01
7.2683e-01
6.8824e-01
7.6360e-01
2.1499e-01
6.9679e-01
6.4165e-01
6.4447e-01
8.3373e-01
6.3130e-01
6.1240e-01
6.0631e-01
9.2900e-01
5.3426e-01
6.6944e-01
6.0590e-01
5.8987e-01
6.3584e-01
6.8640e-01
7.4425e-01
6.4621e-01
6.3827e-01
9.1015e-01
6.0744e-01
1.2464e-01
9.7674e-01
1.1959e-01
6.2125e-01
6.1881e-01
9.8114e-01
6.6240e-01
1.6944e-01
6.3057e-01
7.9382e-01
1.6212e-01
6.4997e-01
2.8560e-01
1.3359e-01
6.5686e-01
8.8199e-01
5.6469e-01
5.8644e-01
2.9549e-01
1.6124e-01
6.6621e-01
2.9798e-01
9.4578e-02
5.4218e-01
5.9248e-01
8.3978e-01
2.4609e-01
6.1577e-01
6.2334e-01
6.2695e-01
2.1762e-01
6.5611e-01
5.8534e-01
6.7019e-01
6.8406e-01
7.2802e-01
7.2607e-01
3.1034e-01
6.9282e-01
7.6966e-01
9.5740e-01
8.1824e-01
6.5802e-01
9.9760e-01
6.3788e-01
8.9225e-01
7.0000e-01
6.5943e-01
6.4687e-01
6.5316e-01
8.0909e-01
6.3952e-01
9.8438e-01
7.5720e-01
7.3433e-02
3.9967e-01
8.4454e-01
5.8446e-01
6.5082e-01
1.3676e-01
2.4920e-01
1.7321e-01
7.0125e-01
1.6351e-01
1.2222e-01
2.2999e-01
6.7332e-01
1.9007e-01
6.2682e-01
2.0150e-01
6.7724e-01
9.1777e-01
6.4007e-01
1.8978e-01
6.2522e-01
2.7391e-01
6.0862e-01
6.5060e-01
6.0511e-01
6.3549e-01
9.8774e-01
1.3038e-01
1.2816e-01
8.5837e-01
6.2621e-01
9.5177e-01
2.0366e-01
5.8130e-01
6.8196e-01
6.7498e-01
2.3459e-01
5.7423e-01
2.2882e-01
9.4664e-01
6.3146e-01
5.5380e-01
6.8474e-01
8.4503e-01
6.3928e-01
6.4947e-01
6.0388e-01
6.1399e-01
5.5548e-01
2.2243e-01
9.6917e-01
6.3179e-01
8.0183e-01
6.5247e-01
7.2212e-01
6.3364e-01
6.2063e-01
9.8337e-01
6.9205e-01
6.4276e-01
9.8869e-01
9.5599e-02
8.5325e-01
6.0929e-01
6.4109e-01
6.4028e-01
5.8422e-01
6.3188e-01
6.2622e-01
7.9660e-01
6.3017e-01
6.0705e-01
2.1958e-01
6.4667e-01
7.4340e-01
6.7415e-01
9.8796e-01
1.0416e-01
6.4568e-01
1.5974e-01
7.9183e-01
7.5937e-01
7.1622e-01
6.1828e-01
7.2272e-01
1.3425e-01
8.9035e-01
5.9759e-01
6.4947e-01
6.0223e-01
9.9794e-01
6.1586e-01
6.4371e-01
5.8859e-01
5.8460e-01
1.3318e-01
9.0487e-01
6.1177e-01
9.7823e-01
6.3825e-01
6.2852e-01
6.1954e-01
5.9299e-01
3.3929e-01
6.0002e-01
5.7980e-01
7.4638e-01
8.5222e-01
5.5574e-01
6.4410e-01
6.5739e-01
1.9072e-01
7.4598e-01
9.4887e-01
6.3153e-01
9.3179e-01
1.6140e-01
2.5203e-01
5.6972e-01
5.0480e-01
6.0747e-01
1.6698e-01
1.5955e-01
6.0980e-01
6.0604e-01
6.2641e-01
9.8693e-01
6.0834e-01
5.7309e-01
7.0408e-01
6.4097e-01
8.4292e-01
5.9641e-01
8.3052e-01
8.5691e-01
5.6173e-01
6.2101e-01
3.2275e-01
1.2503e-01
1.1901e-01
6.1472e-01
4.6818e-01
8.0567e-01
6.2312e-01
5.7907e-01
6.5159e-01
6.5998e-01
1.3676e-01
7.9134e-01
6.1939e-01
9.5254e-02
9.7685e-01
5.9104e-01
6.7491e-01
6.2504e-01
1.0021e+00
1.7121e-01
8.0363e-01
9.5569e-01
6.3208e-01
6.4561e-01
7.7993e-01
6.6717e-01
6.6786e-01
6.3199e-01
1.8462e-01
4.5554e-01
6.6569e-01
6.2297e-01
9.7082e-01
8.8543e-01
5.4930e-01
6.1861e-01
7.1212e-01
3.3206e-01
2.6132e-01
1.4797e-01
5.6718e-01
7.9417e-01
6.3492e-01
7.1913e-01
1.3920e-01
6.6270e-01
1.3118e-01
8.3789e-01
9.1462e-01
1.6194e-01
5.8993e-01
5.3447e-01
3.7600e-01
6.2682e-01
1.2135e-01
6.4254e-01
6.6459e-01
5.6773e-01
1.8118e-01
2.7393e-01
9.8710e-01
6.2377e-01
6.0337e-01
6.1411e-01
8.5169e-01
5.8400e-01
6.4310e-01
1.4264e-01
8.0466e-01
1.5299e-01
5.5033e-01
8.3606e-01
9.7285e-01
1.6188e-01
6.3382e-01
9.3711e-01
5.9201e-01
5.5308e-01
2.1888e-01
6.8543e-01
5.9085e-01
7.3314e-01
2.3325e-01
6.1511e-01
6.2029e-01
9.2415e-01
6.1523e-01
6.0237e-01
5.9981e-01
6.7591e-01
6.3688e-01
1.1854e-01
6.3086e-01
5.7397e-01
2.8973e-01
5.6361e-01
1.6283e-01
7.4478e-01
9.5523e-01
8.4295e-01
6.0425e-01
8.6781e-01
1.7389e-01
5.7273e-01
8.1136e-01
2.5796e-01
6.1443e-01
6.8556e-01
6.0621e-01
5.8080e-01
7.4216e-01
6.5550e-01
8.9513e-01
1.3616e-01
7.9472e-01
6.6581e-01
6.5918e-01
5.8275e-01
6.1811e-01
8.2768e-01
7.7083e-01
6.1262e-01
9.8216e-01
9.5834e-02
7.8613e-01
6.5357e-01
9.5511e-01
6.1024e-01
6.2114e-01
9.7626e-01
1.5715e-01
1.9114e-01
6.6006e-01
2.9567e-01
6.8607e-01
5.9261e-01
8.9996e-01
2.0991e-01
6.3515e-01
5.8927e-01
9.7164e-01
6.1886e-01
7.3551e-01
8.0716e-01
7.8203e-01
6.4291e-01
1.6481e-01
7.2436e-01
2.7083e-01
2.6449e-01
5.9488e-01
7.0691e-01
7.4846e-01
1.6800e-01
7.2368e-01
2.0834e-01
5.8887e-01
5.8145e-01
8.9617e-01
7.4223e-01
9.3762e-01
9.6631e-01
1.7626e-01
9.4255e-01
6.4459e-01
6.0891e-01
6.8009e-01
5.8405e-01
6.4757e-01
9.7384e-01
2.0042e-01
1.4234e-01
5.7583e-01
2.4806e-01
5.9600e-01
2.6477e-01
6.8639e-01
1.1462e-01
1.3085e-01
7.5193e-01
5.8136e-01
8.9848e-01
2.0979e-01
6.2581e-01
5.7158e-01
9.5749e-01
7.5979e-01
9.5064e-01
6.4261e-01
6.3893e-01
8.2805e-01
8.8601e-01
7.0119e-01
2.6051e-01
6.3192e-01
1.2541e-01
6.8824e-01
9.8901e-01
9.9311e-01
6.2326e-01
7.7016e-01
5.6395e-01
6.2646e-01
6.6853e-01
8.1440e-01
6.0965e-01
6.2348e-01
7.3050e-01
6.2801e-01
5.6039e-01
9.1739e-01
1.8160e-01
1.9798e-01
1.2406e-01
4.8305e-01
6.5028e-01
1.3995e-01
6.4117e-01
6.3766e-01
6.1217e-01
2.1807e-01
8.1372e-01
6.9500e-01
9.5884e-01
2.2259e-01
1.4083e-01
7.1586e-01
7.6089e-01
4.6239e-01
7.9933e-01
7.9689e-01
9.0836e-01
6.4885e-01
1.7171e-01
7.4776e-01
8.5355e-01
6.3730e-01
6.4188e-01
7.4033e-01
9.6090e-02
2.1163e-01
5.6713e-01
6.1446e-01
2.0894e-01
6.3439e-01
6.9996e-01
2.0563e-01
1.6897e-01
9.0948e-01
5.9259e-01
6.5680e-01
6.5983e-01
1.2482e-01
1.5111e-01
5.5870e-01
6.1602e-01
1.7575e-01
6.0229e-01
6.2751e-01
3.1064e-01
9.3857e-01
9.5684e-01
5.9317e-01
2.1208e-01
9.3793e-01
9.5981e-01
6.3031e-01
6.6508e-01
9.8982e-01
2.0090e-01
3.0838e-01
6.6260e-01
9.9387e-01
6.2058e-01
6.6549e-01
8.8914e-01
6.4298e-01
7.2024e-01
3.1854e-01
3.3729e-01
7.2727e-01
6.0537e-01
5.7049e-01
6.2777e-01
6.2451e-01
9.6089e-01
6.1499e-01
6.4413e-01
1.4181e-01
5.8977e-01
6.3100e-01
7.6429e-01
7.3262e-01
2.8554e-01
9.6184e-01
1.3246e-01
6.9315e-01
2.1042e-01
5.7139e-01
5.8884e-01
5.7771e-01
9.2581e-01
6.9715e-01
6.4096e-01
5.7009e-01
8.8568e-01
3.1097e-01
6.9822e-01
6.3009e-01
8.5785e-01
6.5790e-01
9.5088e-01
8.5487e-01
6.3792e-01
6.0588e-01
5.9062e-01
5.6600e-01
6.1536e-01
3.7802e-01
5.8117e-01
1.3725e-01
6.2474e-01
1.7213e-01
6.2252e-01
7.0009e-01
2.5860e-01
9.8404e-01
1.3395e-01
8.4597e-01
3.9875e-01
2.6448e-01
5.8805e-01
9.5727e-01
6.3516e-01
7.1641e-01
2.0391e-01
7.8987e-01
1.5599e-01
5.7860e-01
6.7388e-01
6.1187e-01
1.5126e-01
1.6324e-01
6.2811e-01
8.8851e-01
6.3901e-01
5.6415e-01
6.3809e-01
1.5728e-01
6.6777e-01
6.9530e-01
1.8921e-01
6.7485e-01
8.5139e-01
6.3291e-01
1.4296e-01
8.6445e-01
2.6177e-01
2.4684e-01
1.8040e-01
1.8413e-01
1.0585e+00
9.4870e-01
9.6637e-01
6.2008e-01
3.1758e-01
6.9016e-01
8.1902e-01
9.9451e-01
6.4478e-01
1.6930e-01
7.7638e-01
6.1198e-01
3.7344e-01
6.0302e-01
8.2991e-01
9.3309e-01
6.4438e-01
5.9795e-01
8.3576e-01
6.9906e-01
4.6844e-01
6.3385e-01
9.8340e-01
6.4444e-01
1.6251e-01
1.4298e-01
5.9148e-01
6.0353e-01
9.9006e-01
6.9762e-01
1.4753e-01
6.7170e-01
6.3416e-01
6.7060e-01
6.5121e-01
3.4844e-01
6.7404e-01
7.7113e-01
2.8783e-01
7.1833e-01
6.1544e-01
8.2604e-01
7.3648e-01
2.3153e-01
6.3043e-01
8.2554e-01
6.2546e-01
9.7231e-01
6.4350e-01
5.8830e-01
7.8990e-01
1.4709e-01
9.7215e-01
6.8136e-01
6.5895e-01
1.1959e-01
8.5342e-02
6.1256e-01
9.9078e-01
6.7208e-01
1.2654e-01
5.9286e-01
8.7906e-01
8.2779e-01
7.5231e-01
6.3603e-01
9.5753e-01
1.0032e+00
6.2092e-01
2.1912e-01
1.7868e-01
2.4150e-01
5.8296e-01
5.2197e-01
5.9643e-01
9.6880e-01
7.5170e-01
6.1869e-01
3.7385e-01
7.0493e-01
4.0662e-01
6.2500e-01
6.0803e-01
5.6878e-01
9.4518e-01
6.0146e-01
1.7640e-01
6.2471e-01
1.8626e-01
5.7088e-01
5.0186e-01
6.7552e-01
6.1777e-01
2.7915e-01
5.0786e-01
9.7986e-01
5.8779e-01
9.6323e-01
6.3665e-01
6.4365e-01
1.7299e-01
1.0381e-01
8.7489e-01
6.4041e-01
7.7786e-01
6.0808e-01
6.6306e-01
4.0148e-01
7.4161e-01
6.0827e-01
1.3393e-01
5.8230e-01
6.2242e-01
2.2508e-01
7.3451e-02
6.4814e-01
8.0939e-01
6.6312e-01
6.3301e-01
6.5878e-01
6.2352e-01
6.5033e-01
7.9797e-01
9.7847e-01
6.2928e-01
3.0211e+00
9.2944e-01
3.7153e-01
6.5126e-01
6.0844e-01
9.0290e-01
7.9821e-01
4.4157e-01
6.5045e-01
1.7223e-01
4.1121e-01
1.9449e-01
5.9036e-01
1.5636e-01
6.0465e-01
6.3607e-01
6.5400e-01
6.5759e-01
6.4977e-01
7.2335e-01
8.8831e-01
6.3606e-01
6.4383e-01
1.8835e-01
7.9868e-01
2.0370e-01
9.7016e-01
6.2525e-01
7.8195e-02
3.7247e-01
9.3139e-01
6.2576e-01
1.5908e-01
1.8390e-01
7.1706e-01
9.9373e-01
6.0961e-01
6.4933e-01
6.8442e-01
9.6374e-01
5.5585e-01
9.6741e-01
5.8954e-01
7.0344e-01
6.3955e-01
6.3619e-01
6.2425e-01
5.7848e-01
7.2465e-01
8.4980e-01
1.0154e-01
6.0722e-01
9.4324e-01
5.9211e-01
5.5705e-01
8.2737e-01
9.6809e-01
9.6523e-01
7.9775e-01
8.0723e-01
1.7727e-01
8.3432e-01
1.2845e-01
1.9964e-01
5.9959e-01
6.7859e-01
6.6718e-01
7.8167e-01
7.1447e-01
6.1915e-01
7.9425e-01
9.0935e-01
6.0446e-01
8.6343e-01
1.3473e-01
5.7051e-01
6.2773e-01
6.1967e-01
1.6626e-01
6.5562e-01
1.7853e-01
3.0761e-01
6.9206e-01
6.0304e-01
5.8448e-01
6.2821e-01
6.7751e-01
7.1927e-01
7.0368e-01
1.2657e-01
2.9212e-01
7.3776e-01
1.8854e-01
9.2503e-01
9.8890e-01
6.9666e-01
9.2545e-01
2.1982e-01
1.3558e-01
7.9769e-02
6.0306e-01
8.0329e-01
5.4335e-01
6.5768e-01
5.8862e-01
1.2459e-01
2.9237e-01
6.7725e-01
7.8548e-01
1.7831e-01
7.4273e-01
4.5054e-01
2.0218e-01
5.9659e-01
1.1237e-01
6.0049e-01
5.9519e-01
8.1015e-01
5.5244e-01
6.6295e-01
5.8201e-01
6.8480e-01
6.7683e-01
5.9538e-01
6.3603e-01
9.7428e-01
5.5038e-01
8.8678e-01
6.5969e-01
6.1087e-01
6.3786e-01
2.9081e-01
6.1706e-01
9.7819e-02
2.7314e-01
9.0143e-01
6.1660e-01
1.3229e-01
6.8784e-01
1.7826e-01
1.8991e-01
2.1365e-01
8.2039e-01
6.4155e-01
9.2173e-01
5.9319e-01
1.7011e-01
9.3681e-01
7.1587e-01
7.1013e-01
8.1347e-01
5.8582e-01
1.1366e+00
8.2780e-01
2.3858e-01
6.2393e-01
6.0014e-01
6.1530e-01
6.4089e-01
6.2825e-01
6.9203e-01
5.6382e-01
7.9695e-01
1.1525e-01
3.7999e-01
5.5691e-01
1.3725e-01
6.5202e-01
7.2508e-01
2.4211e-01
9.1690e-01
6.4859e-01
2.0504e-01
8.5422e-01
8.8009e-01
1.1011e-01
1.3938e-01
7.2923e-01
1.8250e-01
1.9727e-01
6.0534e-01
9.5240e-01
7.1103e-01
9.3975e-01
9.4178e-01
6.7547e-01
5.9388e-01
8.9897e-01
6.8728e-01
1.1773e-01
7.2574e-01
6.4224e-01
5.1651e-01
6.6495e-01
1.8642e-01
6.3457e-01
7.7952e-01
5.9729e-01
3.1917e-01
1.3887e-01
9.2929e-01
1.2733e-01
6.0348e-01
6.0125e-01
6.3695e-01
9.6009e-01
7.1875e-01
6.7753e-01
5.6041e-01
7.0267e-01
7.2875e-01
1.7237e-01
6.2370e-01
6.2465e-01
1.8493e-01
7.8797e-01
5.9425e-01
8.3137e-01
6.3958e-01
8.7097e-01
7.2575e-01
9.1680e-02
6.4316e-01
6.8249e-01
6.1961e-01
6.4662e-01
9.0746e-01
1.0571e-01
6.3735e-01
8.8367e-01
5.8813e-01
5.8763e-01
1.6892e-01
9.9904e-01
9.5853e-01
1.7832e-01
6.4905e-01
6.8325e-01
1.1734e-01
7.0627e-01
8.7266e-01
1.7599e-01
1.2394e-01
6.0660e-01
2.9384e-01
6.5366e-01
6.1558e-01
8.6691e-01
8.3991e-01
1.3127e-01
1.6395e-01
6.6007e-01
6.7370e-01
9.0156e-01
6.4829e-01
6.1723e-01
6.5189e-01
3.1076e-01
9.8045e-01
6.3989e-01
2.4481e-01
7.8951e-01
9.9794e-01
6.5691e-01
7.4818e-01
5.6388e-01
6.8080e-01
8.6186e-01
7.0172e-01
7.9092e-01
7.5713e-01
2.4483e-01
6.7488e-01
7.0261e-01
1.7780e-01
6.7009e-01
7.4179e-01
8.5334e-01
1.7010e-01
6.3972e-01
5.7492e-01
7.6809e-01
6.2066e-01
1.2019e-01
2.2437e-01
2.4366e-01
1.2766e-01
5.6406e-01
8.8205e-01
6.3406e-01
5.9433e-01
7.0812e-01
6.1732e-01
2.3458e-01
8.7485e-01
5.7456e-01
6.6640e-01
7.9657e-02
6.1859e-01
2.1634e-01
3.0734e-01
9.3097e-01
5.7819e-01
7.7102e-01
3.3095e-01
7.2562e-01
8.8668e-01
8.7343e-01
7.9355e-01
6.0390e-01
6.3241e-01
6.7556e-01
7.5100e-01
5.6877e-01
6.2098e-01
8.2483e-01
9.0486e-01
6.8310e-01
6.2130e-01
7.1643e-01
7.6529e-01
5.9493e-01
5.7615e-01
6.3814e-01
6.3644e-01
1.1402e-01
6.2707e-01
6.2610e-01
6.9851e-01
6.6264e-01
1.2256e-01
5.2312e-01
1.5178e-01
5.7245e-01
6.9448e-01
6.0983e-01
7.7171e-01
1.5425e-01
8.1343e-01
6.7241e-01
2.0518e-01
1.2555e-01
7.7714e-01
8.6611e-01
5.9184e-01
6.3168e-01
6.4513e-01
5.7250e-01
6.0441e-01
7.0434e-01
6.2150e-01
6.5999e-01
8.5687e-01
9.8564e-01
6.5446e-01
8.0490e-01
6.4589e-01
1.5394e-01
6.6047e-01
6.6090e-01
6.1163e-01
1.9726e+00
1.4683e-01
8.5361e-01
6.5609e-01
7.5898e-01
9.8478e-01
1.9764e-01
1.7782e-01
2.6207e-01
1.2986e-01
6.1990e-01
1.4949e-01
3.7412e-01
9.4126e-01
1.8261e-01
4.2406e-01
6.1554e-01
6.9353e-01
2.1838e-01
5.8002e-01
6.4654e-01
9.5274e-01
7.2712e-01
9.6402e-01
5.8492e-01
1.4842e-01
6.1120e-01
2.3847e-01
7.1348e-01
6.3128e-01
6.6428e-01
1.0549e-01
6.5644e-01
7.3456e-01
1.2534e-01
9.6852e-01
1.3927e-01
9.7817e-01
1.4621e-01
6.3618e-01
7.9809e-01
5.6947e-01
2.5958e-01
1.6441e-01
6.1104e-01
7.0033e-01
6.1968e-01
7.1797e-01
9.1528e-01
2.0819e-01
5.5133e-01
8.2255e-01
2.2402e-01
7.3249e-01
2.5738e-01
8.3072e-01
7.4453e-01
6.6607e-01
6.4817e-01
9.3884e-01
6.1829e-01
6.4661e-01
1.8268e-01
1.5055e-01
6.1775e-01
8.5694e-01
5.9517e-01
6.2140e-01
5.9721e-01
1.6398e-01
9.6731e-02
8.8465e-01
9.6250e-01
9.1117e-01
8.0804e-01
5.9644e-01
7.4382e-01
6.1265e-01
3.6283e-01
6.6107e-01
7.6002e-01
1.9045e-01
8.7661e-01
1.4355e-01
3.6165e-01
7.4023e-01
9.8756e-01
6.9008e-01
6.3217e-01
8.8952e-01
6.5074e-01
6.3622e-01
6.9459e-01
5.7194e-01
6.1336e-01
6.0742e-01
5.1928e-01
1.6744e-01
5.3273e-01
9.6350e-01
3.2050e-01
9.4764e-01
6.6348e-01
6.3938e-01
5.6258e-01
6.6552e-01
1.0037e+00
1.9358e-01
6.5852e-01
2.3374e-01
6.1759e-01
1.9555e-01
5.7687e-01
6.4266e-01
6.8951e-01
5.8294e-01
7.1429e-01
9.7781e-01
9.7394e-01
1.1753e-01
1.5378e-01
7.6531e-01
7.4296e-01
6.4614e-01
3.5887e-01
6.6984e-01
6.2567e-01
6.0131e-01
6.2722e-01
6.5265e-01
5.8099e-01
1.9171e-01
5.9955e-01
9.1269e-01
8.5115e-01
6.1424e-01
6.5596e-01
6.9865e-01
5.8617e-01
1.4497e-01
6.9751e-01
6.7718e-01
7.2761e-01
5.9557e-01
7.6796e-01
6.9511e-01
7.3311e-01
5.9583e-01
5.6455e-01
6.2573e-01
9.4331e-01
8.4584e-01
7.8749e-01
9.7483e-01
6.4221e-01
6.0356e-01
5.7904e-01
1.9637e-01
6.7366e-01
9.4958e-01
6.1948e-01
1.6046e-01
6.6000e-01
6.1562e-01
9.6051e-01
7.2986e-01
1.6661e-01
1.8705e-01
6.1874e-01
6.2838e-01
1.1813e-01
6.1438e-01
5.9842e-01
1.9480e-01
7.3703e-01
6.2116e-01
7.9852e-01
6.6291e-01
1.2027e-01
2.3038e-01
6.5612e-01
1.9685e-01
6.5813e-01
7.3417e-01
1.8860e-01
2.1071e-01
5.7427e-01
6.6094e-02
5.9248e-01
2.6174e-01
6.3150e-01
7.3695e-01
7.7540e-01
6.6395e-01
5.8613e-01
2.3833e-01
6.1368e-01
1.3974e-01
2.4137e-01
6.1395e-01
1.3770e-01
6.0064e-01
1.2413e-01
4.2007e-01
6.3976e-01
5.7354e-01
5.8679e-01
6.2895e-01
1.6172e-01
7.7724e-01
7.2622e-01
6.1641e-01
1.8017e-01
7.5764e-01
1.4188e-01
6.7974e-01
1.7085e-01
9.6293e-01
2.3830e-01
6.4394e-01
6.8791e-01
4.8947e-01
8.0310e-01
2.4492e-01
2.9431e-01
8.5480e-01
7.4156e-01
1.1118e-01
3.4866e-01
6.7204e-01
3.9087e-01
6.7245e-01
8.2774e-01
8.5190e-01
9.9266e-01
6.0520e-01
5.7945e-01
1.5799e-01
7.3805e-01
9.9070e-02
6.1598e-01
5.2228e-01
5.8354e-01
4.0889e-01
7.9207e-01
7.3632e-01
1.5524e-01
7.2358e-01
6.6780e-01
9.2886e-01
1.7346e-01
8.6438e-01
6.1883e-01
2.0141e-01
8.7315e-01
5.8444e-01
6.7350e-01
1.8606e-01
7.4675e-01
7.1431e-01
8.2855e-01
6.6875e-01
1.9646e-01
1.9093e-01
1.7934e-01
6.3837e-01
6.6667e-01
6.2382e-01
5.6134e-01
3.5402e-01
8.5893e-02
1.8580e-01
6.0531e-01
6.2397e-01
6.3363e-01
6.2570e-01
9.8063e-01
2.8797e-01
6.4588e-01
1.6129e-01
6.1888e-01
1.3978e-01
6.5842e-01
7.1554e-01
6.6352e-01
5.7606e-01
9.8730e-01
7.1160e-01
6.7131e-01
7.8302e-01
6.4690e-01
1.5282e-01
6.3353e-01
5.8398e-01
6.0312e-01
6.5848e-01
1.5255e-01
4.0876e-01
6.0246e-01
2.1417e-01
7.5640e-01
2.8354e-01
9.9867e-01
6.1890e-01
6.1607e-01
8.4044e-01
6.2862e-01
6.9615e-01
1.1522e-01
9.9470e-01
8.4703e-01
6.8404e-01
9.6375e-02
7.1375e-01
5.9653e-01
6.6823e-01
9.7221e-01
9.8532e-01
9.8258e-01
6.5559e-01
5.9676e-01
3.2877e-01
8.6832e-01
2.1117e-01
8.6545e-01
6.3604e-01
6.4033e-01
7.5698e-01
6.5837e-01
6.1935e-01
6.4012e-01
2.6136e-01
8.5705e-01
1.5653e-01
6.2506e-01
1.9928e-01
1.4172e-01
6.9266e-01
9.9617e-01
5.9126e-01
6.3463e-01
5.9050e-01
2.3811e-01
6.3034e-01
9.7470e-01
9.8795e-01
9.4118e-01
8.8422e-01
7.3930e-01
1.7287e-01
6.6336e-01
6.6046e-01
1.9368e-01
6.9798e-01
9.8157e-01
1.4552e-01
6.0638e-01
1.4325e-01
6.6345e-01
7.8135e-01
1.5877e-01
7.0273e-01
1.7648e-01
6.4925e-01
1.6654e-01
3.7193e-01
2.6749e-01
6.8266e-01
1.3636e-01
9.1252e-01
9.5606e-01
9.8320e-01
6.1967e-01
6.3173e-01
6.9311e-01
1.3897e-01
8.5523e-01
7.8083e-01
5.4331e-01
1.7508e-01
8.1825e-01
6.8680e-01
4.9031e-01
5.5470e-01
1.5862e-01
6.1564e-01
6.6689e-01
7.2745e-01
5.6949e-01
8.8463e-01
2.2330e-01
6.8290e-01
7.3663e-01
6.5337e-01
6.9609e-01
7.3009e-01
6.5474e-01
1.5041e-01
6.2059e-01
9.4848e-01
1.9200e-01
7.5050e-01
5.2011e-01
7.0801e-01
5.9454e-01
6.4170e-01
3.1626e-01
9.5822e-01
5.8927e-01
8.9674e-01
7.4020e-01
6.7675e-01
8.5847e-01
9.2183e-01
5.8697e-01
3.2817e-01
1.7341e-01
6.1459e-01
9.1322e-01
4.7329e-01
9.9278e-01
7.1943e-01
6.5093e-01
6.6645e-01
9.6809e-01
3.2853e-01
5.9180e-01
3.0382e-01
2.5949e-01
6.2609e-01
7.0263e-01
6.9002e-01
8.8342e-01
2.2405e-01
6.3365e-01
1.7640e-01
8.1615e-01
1.3401e-01
8.6039e-01
7.9033e-01
6.3284e-01
6.2970e-01
1.1446e+00
9.0698e-01
8.3803e-01
6.7379e-01
7.2927e-01
1.0701e+00
6.2334e-01
6.1492e-01
6.4432e-01
7.3244e-01
6.4398e-01
6.1942e-01
2.4505e-01
6.4709e-01
6.3822e-01
1.6439e-01
6.0314e-01
3.5028e-01
6.0439e-02
6.9497e-01
7.5385e-01
8.0888e-01
9.5136e-01
6.3209e-01
6.6456e-01
6.0855e-01
6.3057e-01
6.3303e-01
6.2491e-01
4.8282e-02
7.8051e-01
6.3071e-01
1.4490e-01
7.0071e-01
7.2044e-01
9.5948e-01
5.7586e-01
8.1063e-02
6.1038e-01
7.2995e-01
2.2661e-01
7.4811e-01
4.0244e-01
6.1627e-01
2.0737e-01
1.5201e-01
2.5431e-01
8.1086e-01
6.0446e-01
8.1657e-01
2.7724e-01
7.7989e-01
9.2037e-01
6.3150e-01
8.8136e-02
8.1549e-01
6.4983e-01
2.7049e-01
9.2161e-01
1.2734e-01
7.6494e-01
6.7418e-01
1.8238e-01
5.9989e-01
2.1423e-01
6.3481e-01
1.4930e-01
1.2925e-01
9.8322e-01
6.7655e-01
8.3783e-01
9.0561e-01
6.1820e-01
6.0603e-01
3.6237e-01
8.2268e-01
9.4650e-02
4.7830e-01
6.1760e-01
6.2234e-01
6.9921e-01
6.4228e-01
7.1105e-01
1.5721e-01
5.5428e-01
5.1912e-01
5.8388e-01
6.7739e-01
6.5485e-01
5.8916e-01
3.4713e-01
7.2891e-01
6.4382e-01
9.5796e-01
2.8480e-01
6.1576e-01
2.5501e-01
5.8757e-01
5.6745e-01
6.0108e-01
2.3113e-01
6.1616e-01
5.9610e-01
6.0530e-01
7.9830e-01
1.8232e-01
7.9233e-01
6.4205e-01
8.7875e-01
1.9105e-01
6.8563e-01
6.9737e-01
9.3207e-01
2.5800e-01
6.5467e-01
7.3853e-01
7.2552e-01
7.2045e-01
7.6760e-01
8.6229e-01
6.8803e-01
6.9311e-01
1.5775e-01
5.5988e-01
6.1300e-01
6.0369e-01
6.6405e-01
9.9081e-01
6.9532e-01
7.3905e-01
7.0002e-01
7.0544e-01
6.1961e-01
6.7411e-01
5.8960e-01
4.5058e-01
6.0417e-01
6.2439e-01
1.6710e-01
6.1742e-01
8.1011e-01
6.1853e-01
7.6610e-01
6.2205e-01
1.7818e-01
6.4071e-01
1.0000e+00
2.1789e-01
8.5222e-01
2.4976e-01
6.4463e-01
1.1056e-01
5.6015e-01
8.7592e-01
7.0570e-01
6.2709e-01
8.0715e-01
7.0614e-01
6.4941e-01
6.2619e-01
5.7721e-01
2.4941e-01
6.3152e-01
6.0532e-01
7.9484e-01
6.5867e-01
2.4444e-01
6.2517e-01
6.1370e-01
6.2329e-01
6.0679e-01
6.1050e-01
1.6231e-01
5.9929e-01
6.5275e-01
6.4194e-01
6.8107e-01
7.1100e-01
9.9649e-01
5.8158e-01
8.3416e-01
1.0215e+00
6.6066e-01
9.5597e-01
9.4829e-01
1.5777e-01
3.0756e-01
3.6825e-01
6.0686e-01
1.4327e-01
1.0062e+00
5.8840e-01
6.7048e-01
5.7857e-01
9.7316e-01
5.8338e-01
7.7894e-01
9.3627e-01
9.3565e-01
5.6601e-01
1.6458e-01
8.4826e-01
5.7881e-01
9.8818e-01
4.4096e-01
6.0181e-01
5.9329e-01
1.1804e-01
1.7120e-01
1.0381e-01
8.4066e-01
6.4468e-01
8.2544e-01
5.9924e-01
2.5692e-01
3.3901e-01
6.4958e-01
8.5451e-01
5.4001e-01
6.2834e-01
6.2013e-01
8.4642e-01
8.4109e-01
8.6678e-01
6.2679e-01
5.9638e-01
8.4349e-01
6.3758e-01
5.7513e-01
6.3494e-01
3.8422e-01
6.8491e-01
6.8957e-01
6.5205e-01
8.5636e-01
1.9002e-01
3.6435e-01
6.7814e-01
8.7378e-01
6.4932e-01
9.0321e-01
6.8193e-01
9.8417e-01
6.1464e-01
2.3904e-01
5.8051e-01
9.2779e-01
1.6912e-01
5.8853e-01
6.2331e-01
9.3552e-01
6.0158e-01
6.2980e-01
8.9276e-01
6.1742e-01
6.9233e-01
6.3020e-01
6.3031e-01
6.1524e-01
2.8540e-01
4.4427e-01
6.3644e-01
6.5783e-01
6.0895e-01
9.2242e-01
6.3355e-01
6.6382e-01
8.8790e-01
7.5533e-01
6.2328e-01
7.4794e-01
6.5008e-01
2.2760e-01
5.4684e-01
1.7586e-01
6.1307e-01
2.4031e-01
2.3533e-01
6.1552e-01
1.5647e-01
7.5576e-01
1.5677e+00
7.2282e-01
6.6085e-01
5.7370e-01
9.6412e-01
6.1749e-01
5.8304e-01
6.4970e-01
6.7001e-01
8.9824e-01
6.1732e-01
1.9807e-01
6.9352e-01
8.9221e-01
5.8672e-01
1.5241e-01
6.1008e-01
6.1630e-01
5.9473e-01
6.5149e-01
7.0634e-01
1.2448e-01
7.4080e-01
6.1561e-01
6.7496e-01
6.6855e-01
6.2876e-01
7.4503e-01
6.2738e-01
7.1451e-01
1.0813e-01
1.8995e-01
9.6399e-01
6.3662e-01
6.0079e-01
8.7071e-01
9.4615e-01
5.8677e-01
8.4682e-01
5.7820e-01
6.5087e-01
2.4788e-01
2.5120e-01
1.0916e+00
5.9419e-01
6.1324e-01
1.8336e-01
5.3783e-01
8.1060e-01
5.6054e-01
7.8620e-01
6.2478e-01
5.7767e-01
9.3448e-01
1.1379e-01
6.3965e-01
3.0777e-01
6.2925e-01
2.6304e-01
9.5961e-01
1.0480e+00
6.8559e-01
9.9471e-01
6.6045e-01
6.2625e-01
9.5522e-01
5.8411e-01
7.0109e-01
7.1540e-01
9.5676e-01
6.9643e-01
6.3287e-01
4.8710e-01
2.1265e-01
9.5565e-01
9.1887e-01
9.9498e-01
6.6544e-01
9.1082e-02
5.3985e-01
7.3361e-01
1.7906e-01
8.3919e-01
8.4940e-01
6.2407e-01
7.5903e-01
8.6594e-01
6.4505e-01
6.8627e-01
6.8432e-01
6.0579e-01
6.6214e-01
6.8900e-01
1.6702e-01
6.3420e-01
8.2537e-01
6.5671e-01
6.4995e-01
6.1655e-01
6.5454e-01
6.9961e-01
1.5318e-01
9.3761e-01
9.9101e-01
6.2191e-01
6.9004e-01
6.3255e-01
6.0615e-01
1.8483e-01
9.7232e-01
9.6636e-01
1.8082e-01
3.5719e-01
6.4151e-01
3.3858e-01
1.9470e-01
9.9362e-01
1.4131e-01
6.0017e-01
3.3098e-01
1.3973e-01
9.8388e-01
5.2536e-01
5.2514e-01
2.2991e-01
3.0071e-01
1.4936e-01
6.2582e-01
1.3814e-01
6.3885e-01
8.4009e-01
8.1867e-01
6.3651e-01
1.8829e-01
6.1246e-01
6.8641e-01
6.2240e-01
5.8159e-01
5.7425e-01
1.4419e-01
6.9669e-01
8.7105e-01
6.4723e-01
7.3940e-01
8.3200e-01
1.4673e-01
6.0361e-01
7.3287e-01
2.7562e-01
4.0391e-01
1.2400e-01
1.0285e-01
5.2353e-01
9.2395e-01
6.3777e-01
1.9023e-01
6.2179e-01
6.7277e-01
1.9151e-01
7.3207e-01
8.2642e-01
7.2754e-01
6.4003e-01
6.8512e-01
6.7023e-01
1.5168e+00
5.5429e-01
9.8727e-02
6.3696e-01
7.4820e-01
3.6173e-01
9.5940e-01
6.3115e-01
2.6961e-01
6.9932e-01
1.9076e-01
7.1235e-01
6.2231e-01
6.6619e-01
6.4935e-01
6.1643e-01
6.2492e-01
9.6388e-01
6.4069e-01
7.4254e-01
2.2872e-01
1.5794e-01
5.8442e-01
9.3203e-01
9.0889e-01
1.5724e-01
7.4581e-01
5.7895e-01
1.6542e-01
2.2926e-01
7.1555e-01
8.4122e-01
6.9928e-01
7.7166e-01
6.3486e-01
8.3726e-01
9.6949e-01
1.7669e-01
5.9753e-01
6.1066e-01
6.1016e-01
2.0232e-01
7.0540e-01
7.8482e-01
6.8415e-01
7.3935e-01
7.4800e-01
7.0505e-01
9.8428e-01
6.3607e-01
6.2883e-01
6.3693e-01
6.6068e-01
8.4325e-01
7.5232e-01
1.1315e-01
6.7653e-01
6.3032e-01
6.4527e-01
9.8024e-01
9.7244e-01
8.0153e-01
1.9934e-01
1.9954e-01
1.1088e-01
6.2856e-01
6.0932e-01
4.0568e-01
7.8002e-01
7.1790e-01
8.9157e-01
2.4555e-01
6.1358e-01
1.5981e-01
6.3408e-01
9.7885e-01
5.8711e-01
1.5717e-01
1.6846e-01
1.7313e-01
1.1076e-01
4.0155e-01
9.1128e-01
6.2342e-01
9.2948e-01
2.9377e-01
5.7424e-01
6.6279e-01
8.4385e-01
2.9523e-01
2.2243e-01
9.8066e-01
6.7757e-01
9.4257e-01
5.7689e-01
3.9999e-01
6.0688e-01
4.5860e-01
5.6988e-01
6.7239e-01
7.5036e-01
6.2751e-01
6.5335e-01
8.6538e-01
6.1048e-01
9.7981e-01
1.2759e-01
1.5083e-01
8.7912e-01
2.5458e-01
1.9375e-01
1.1101e-01
7.3208e-01
7.3065e-01
6.6375e-01
8.0059e-01
2.5735e-01
7.9882e-01
6.3994e-01
6.0824e-01
6.1788e-01
1.7270e-01
5.4654e-01
9.3287e-01
7.3700e-01
2.6671e-01
6.1718e-01
9.4860e-01
6.0914e-01
6.4254e-01
6.3584e-01
5.9271e-01
1.6264e-01
6.4514e-01
1.6534e-01
6.3896e-01
2.0594e-01
6.8595e-01
6.6742e-01
9.2765e-01
9.6323e-01
1.9822e-01
5.9630e-01
8.8306e-01
7.2712e-01
6.5198e-01
5.8416e-01
7.7899e-01
9.1101e-01
9.4642e-01
6.2745e-01
7.5036e-01
6.7519e-01
1.3542e-01
6.5136e-01
6.9631e-01
6.4413e-01
6.1692e-01
1.9737e-01
2.5457e-01
6.2625e-01
5.9710e-01
6.0877e-01
1.0032e+00
8.1051e-01
6.8870e-01
6.0452e-01
1.3086e-01
4.0153e-01
9.0442e-01
7.7080e-01
1.9626e-01
5.9548e-01
9.9318e-01
6.6707e-01
6.1832e-01
8.8257e-01
5.0693e-01
9.6782e-01
6.1137e-01
5.4665e-01
6.4054e-01
2.1726e-01
7.3011e-01
6.4840e-01
8.4230e-01
8.7005e-01
8.8303e-01
6.0069e-01
8.2736e-01
6.1452e-01
1.5825e-01
5.4683e-01
6.4466e-01
6.0850e-01
6.4538e-01
6.6431e-01
7.0031e-01
6.2128e-01
6.9203e-01
7.2298e-01
7.1323e-01
9.1242e-02
6.6483e-01
8.3397e-02
6.4147e-01
8.9298e-01
5.7391e-01
4.6301e-01
1.9321e-01
9.8675e-01
5.6610e-01
8.7266e-01
6.3855e-01
2.0641e-01
1.7255e-01
6.0923e-01
9.5965e-01
1.5635e-01
5.8368e-01
5.8294e-01
1.5091e-01
1.8256e-01
7.9403e-01
6.2691e-01
3.1077e-01
9.7178e-01
1.6412e-01
7.0623e-01
7.4627e-01
5.8870e-01
6.2668e-01
1.0079e-01
9.4648e-01
1.5918e+00
8.7219e-01
6.3755e-01
7.3051e-01
7.0252e-01
3.6294e-01
6.4314e-01
9.9575e-01
8.8405e-01
6.6449e-01
5.7583e-01
9.8015e-01
8.6927e-01
7.8086e-01
6.2533e-01
1.0006e+00
3.0322e-01
1.5459e-01
6.2819e-01
1.5804e-01
8.0467e-01
9.5412e-01
6.1950e-01
9.7929e-02
8.7163e-01
5.6613e-01
6.5910e-01
1.8517e-01
6.6467e-01
1.9497e-01
9.6564e-01
7.3508e-01
8.1012e-01
5.3984e-01
6.4050e-01
1.9365e-01
3.8155e-01
1.3064e-01
6.9272e-01
6.2689e-01
6.6172e-01
6.0549e-01
8.5059e-01
6.9686e-01
1.1487e-01
8.6388e-01
6.3966e-01
9.0740e-01
6.4932e-01
6.6601e-01
9.3137e-01
1.5411e-01
6.6664e-01
6.2356e-01
5.3006e-01
6.8543e-01
9.8502e-01
8.5616e-01
2.5826e-01
7.0797e-01
2.1674e-01
1.5712e-01
6.4452e-01
2.2063e-01
6.4188e-01
6.5265e-01
7.0142e-01
1.6270e-01
2.1972e-01
6.4424e-01
1.8160e-01
1.6971e-01
1.8375e-01
3.6272e-01
1.2106e-01
6.3432e-01
6.8599e-01
9.4386e-01
6.3979e-01
2.2269e-01
2.4250e-01
1.9000e-01
5.9588e-01
5.9566e-01
3.1816e-01
9.1950e-01
5.9066e-01
6.0942e-01
8.1454e-01
6.0380e-01
5.8332e-01
9.8172e-01
7.5069e-01
6.7400e-01
1.8769e-01
1.9138e-01
9.1789e-01
5.6501e-01
5.0134e-01
8.7343e-01
6.2066e-01
6.0609e-01
9.0987e-01
2.6767e-01
5.5782e-01
4.3202e-01
6.8489e-01
9.4773e-01
9.7220e-01
1.8784e-01
6.4551e-01
2.2372e-01
9.1746e-01
6.2203e-01
5.3304e-01
9.7821e-01
8.5094e-01
5.5492e-01
1.2735e-01
6.0134e-01
1.8495e-01
7.2806e-01
9.7476e-01
2.1325e-01
6.8974e-01
6.4247e-01
1.9540e-01
1.2675e-01
6.2660e-01
9.5430e-01
9.6890e-01
2.7200e-01
6.0727e-01
6.1437e-01
2.0035e-01
7.2335e-01
1.9054e-01
1.4362e-01
7.4958e-01
7.1628e-01
9.4674e-01
1.1628e-01
9.2874e-01
8.6047e-01
6.4943e-01
8.4190e-01
6.5677e-01
6.3193e-01
5.8635e-01
9.9890e-01
9.1657e-01
3.4308e-01
6.5144e-01
7.1524e-01
9.8390e-01
3.3798e-01
1.9364e-01
2.0012e-01
6.9532e-01
7.9930e-01
1.7133e-01
6.2843e-01
1.4482e-01
6.1900e-01
6.4807e-01
6.7101e-01
1.6092e-01
8.5302e-01
1.7209e-01
6.0233e-01
1.8859e-01
6.8646e-01
4.8987e+00
1.6783e-01
6.2455e-01
8.7780e-02
8.3983e-01
5.6306e-01
6.5130e-01
6.9413e-01
6.0529e-01
6.2500e-01
6.2620e-01
5.9160e-01
6.4857e-01
6.6153e-01
9.9633e-01
1.4525e-01
6.2333e-01
6.5534e-01
2.0234e-01
6.0440e-01
8.0153e-01
9.8339e-01
6.6617e-01
8.5404e-01
1.1304e-01
5.7932e-01
6.9816e-01
5.7347e-01
6.3913e-01
5.3147e-01
6.4418e-01
7.3084e-01
6.5475e-01
6.2025e-01
5.6402e-01
1.3743e-01
9.5284e-01
8.9170e-01
6.2734e-01
9.2735e-01
5.9686e-01
2.8947e-01
3.2947e-01
6.4370e-01
6.2350e-01
9.1439e-01
6.5548e-01
6.1411e-01
6.6770e-01
6.3742e-01
1.9149e-01
7.9122e-01
9.7755e-01
2.5942e-01
6.5658e-01
1.4512e-01
6.0550e-01
6.9215e-01
6.8432e-01
9.1746e-01
5.5625e-01
1.2004e-01
6.3703e-01
5.9700e-01
9.7011e-01
4.2628e-01
3.9772e-01
6.2792e-01
7.8182e-01
6.3536e-01
3.0055e-01
8.2715e-01
7.4648e-01
6.6565e-01
6.1954e-01
6.1593e-01
6.1217e-01
6.3246e-01
9.1872e-01
7.1927e-01
1.3055e-01
6.6863e-01
6.1451e-01
5.9700e-01
2.1121e-01
9.6235e-01
6.8068e-01
6.3801e-01
9.6375e-01
6.3089e-01
6.5529e-01
1.9973e-01
1.0079e+00
1.7793e-01
8.2663e-01
1.5069e-01
6.6616e-01
6.1306e-01
6.3154e-01
6.3996e-01
3.1683e-01
1.3116e-01
9.9592e-01
9.9628e-01
7.3275e-02
6.3833e-01
8.3593e-01
6.1223e-01
2.0188e-01
8.9381e-01
2.0732e-01
6.6301e-01
6.1300e-01
7.3413e-01
7.8623e-01
2.0460e-01
6.2667e-01
6.0291e-01
1.4228e-01
2.5835e-01
6.1142e-01
6.9498e-01
5.7580e-01
8.2373e-01
5.9485e-01
7.4130e-01
8.6409e-01
5.8819e-01
8.3340e-01
6.0842e-01
8.3244e-01
6.0718e-01
6.6728e-01
6.8686e-01
5.7750e-01
2.0830e-01
1.5424e-01
6.3207e-01
8.2049e-01
6.8540e-01
9.3377e-01
7.3099e-01
7.1581e-01
1.9100e-01
8.7835e-01
5.8482e-01
1.6906e-01
9.3147e-01
3.6914e-01
9.8628e-01
6.2364e-01
9.7625e-01
5.8091e-01
6.0633e-01
5.9079e-01
6.5241e-01
9.2724e-02
6.2044e-01
5.7236e-01
7.0519e-01
2.0961e-01
8.8824e-01
7.7891e-01
7.1908e-01
6.1693e-01
6.3761e-01
4.0487e-01
5.9524e-01
8.6369e-01
1.7940e-01
6.3380e-01
6.2693e-01
5.8142e-01
8.0969e-01
1.3707e-01
1.1598e-01
1.8813e-01
6.3441e-01
5.8296e-01
6.0554e-01
8.0584e-01
6.7228e-01
3.4993e-01
7.3512e-01
6.9891e-01
6.2020e-01
8.4507e-01
6.7574e-01
8.1611e-01
6.0366e-01
5.6427e-01
6.1057e-01
7.7064e-01
9.8051e-01
9.8937e-01
7.9640e-01
1.6866e-01
5.3357e-01
6.2154e-01
6.4290e-01
6.4519e-01
8.9944e-01
5.8236e-01
6.1798e-01
5.8597e-01
9.7951e-01
1.5265e-01
6.2027e-01
1.2376e-01
6.0158e-01
6.4730e-01
6.7851e-01
6.2574e-01
8.5691e-01
6.5514e-01
2.9877e-01
8.9272e-01
1.1208e-01
6.1093e-01
7.3435e-01
6.2784e-01
6.3540e-01
2.8630e-01
1.9600e-01
7.6782e-01
3.8995e-01
6.1538e-01
9.9015e-01
5.9567e-01
1.0039e+00
6.9308e-01
6.2360e-01
3.5856e-01
6.1918e-02
9.8475e-01
8.8317e-01
7.2713e-01
8.2923e-01
5.7250e-01
1.4304e-01
8.1363e-01
6.9362e-01
5.7397e-01
9.1286e-01
3.0133e-01
8.0505e-02
6.7927e-01
9.6891e-01
1.7761e-01
6.4225e-01
1.6078e-01
2.4122e-01
2.1162e-01
6.3144e-01
6.3384e-01
2.3164e-01
6.4399e-01
4.1626e-01
8.3214e-01
6.8857e-01
6.6344e-01
3.8823e-01
6.3412e-01
6.2260e-01
9.7346e-01
6.2016e-01
9.9099e-01
1.5619e-01
5.3168e-01
6.2168e-01
7.2352e-01
9.8792e-01
2.7961e-01
7.0682e-01
5.6782e-01
8.0443e-01
6.3420e-01
8.7771e-01
9.1604e-01
6.9628e-01
9.4956e-01
5.8192e-01
1.4599e-01
5.4599e-01
7.2770e-01
9.4978e-01
1.5747e-01
9.2098e-01
9.5056e-01
6.6634e-01
1.2407e-01
7.0752e-01
7.5544e-01
6.3503e-01
1.3641e-01
5.4659e-01
6.6486e-01
5.2726e-01
6.0952e-01
8.0598e-01
7.4194e-01
3.2689e-01
6.3884e-01
3.8729e-01
6.5737e-01
7.5240e-01
1.2545e-01
9.9437e-01
1.8844e-01
6.1195e-01
8.3857e-01
7.6351e-01
9.3899e-01
9.8815e-01
6.4483e-01
2.2954e-01
5.8800e-01
6.6917e-01
1.2522e-01
6.8301e-01
6.3537e-01
6.9975e-01
2.8236e-01
2.1537e-01
8.0562e-01
6.7926e-01
8.1812e-01
7.6533e-01
6.0959e-01
7.1106e-01
6.9554e-01
8.8261e-01
5.9170e-01
6.4961e-01
5.7328e-01
8.1495e-01
5.6882e-01
7.6355e-01
6.4603e-01
6.1508e-01
9.7718e-01
1.5369e-01
8.2832e-01
6.2031e-01
1.2908e+00
7.2585e-01
6.2172e-01
6.2215e-01
6.2020e-01
1.2217e+00
9.6225e-01
3.4821e-01
6.1693e-01
6.1660e-01
8.6535e-01
6.2679e-01
6.1132e-01
1.4621e-01
6.2865e-01
6.0356e-01
6.5237e-01
7.7633e-01
1.6301e-01
5.4545e-01
6.2271e-01
2.5699e-01
8.9493e-01
1.8115e-01
9.5943e-01
1.4756e-01
1.1952e-01
6.1196e-01
6.0671e-01
3.5429e-01
6.3563e-01
6.5603e-01
1.4624e-01
1.3751e-01
4.3566e-01
7.4287e-01
1.5545e-01
6.3966e-01
7.4584e-01
9.2623e-01
5.8297e-01
7.6551e-01
5.8141e-01
5.9230e-01
1.7927e-01
3.6591e-01
1.2755e-01
5.8895e-01
8.2431e-01
6.8539e-01
8.0721e-01
6.2398e-01
5.8571e-01
9.8262e-01
6.2528e-01
6.0660e-01
1.7648e-01
5.9771e-01
1.5558e-01
6.0273e-01
7.5591e-01
9.5984e-01
6.7389e-01
5.9083e-01
8.5145e-01
2.1356e-01
2.2643e-01
8.0984e-01
8.4698e-01
1.7320e-01
6.2300e-01
6.1909e-01
6.2427e-01
1.6826e-01
6.9579e-01
5.6697e-01
9.5254e-01
1.5799e-01
2.1839e-01
6.4986e-01
2.1719e-01
7.5456e-01
6.3339e-01
2.2653e-01
1.9641e-01
6.4055e-01
6.4174e-01
1.6404e-01
6.5239e-01
7.6910e-01
6.2884e-01
1.8942e-01
6.1405e-01
1.9326e-01
6.1396e-01
6.2544e-01
6.3401e-01
7.1750e-02
6.4740e-01
6.5619e-01
5.0844e-01
6.3697e-01
9.8480e-01
6.4654e-01
9.3007e-01
7.8882e-01
7.0074e-01
5.9145e-01
6.7816e-01
6.6247e-01
6.5187e-01
7.6843e-01
6.1624e-01
9.2225e-01
4.1399e-01
7.1948e-01
5.8301e-01
5.5307e-01
7.5993e-01
1.7002e-01
5.8785e-01
6.0953e-01
5.6445e-01
3.5551e-01
6.0544e-01
4.3005e-01
9.2231e-01
9.2770e-01
6.0605e-01
7.0820e-01
6.0747e-01
1.4898e+00
6.9499e-01
6.5458e-01
7.5660e-01
1.4462e-01
1.5788e-01
7.5846e-01
1.3749e-01
9.5622e-01
5.9423e-01
3.7685e-01
6.3738e-01
5.9492e-01
6.3833e-01
2.4515e-01
9.8389e-01
9.3434e-01
7.8969e-01
6.8312e-01
6.1036e-01
1.3169e-01
9.4736e-01
2.2284e-01
1.7444e-01
6.2556e-01
6.4858e-01
4.5337e-01
6.3808e-01
9.4735e-01
6.3204e-01
7.4462e-01
7.4777e-01
8.8179e-01
6.1587e-01
5.3824e-01
6.4706e-01
9.7620e-01
1.5850e-01
5.8074e-01
6.5602e-01
3.2770e-01
6.4122e-01
6.0768e-01
6.1224e-01
2.2571e-01
6.4535e-01
6.6646e-01
7.6107e-01
6.4502e-01
5.9673e-01
9.7499e-01
7.8862e-01
9.8880e-01
2.7780e-01
1.5608e+00
8.5483e-01
5.5092e-01
6.3963e-01
6.3675e-01
3.5422e-01
1.6933e-01
6.9857e-01
1.8713e-01
9.4811e-01
1.7167e-01
8.6841e-01
1.4988e-01
8.6309e-01
6.2109e-01
2.3647e-01
6.4552e-01
6.2758e-01
5.1615e-01
2.4498e-01
6.1290e-01
8.1481e-01
6.2394e-01
7.9879e-01
6.4549e-01
7.5077e-01
5.9919e-01
2.0111e-01
7.2368e-01
1.8888e-01
9.0152e-01
1.7658e-01
7.6403e-01
6.1558e-01
6.4442e-01
8.7358e-01
5.6265e-01
5.6693e-01
1.7124e-01
2.2956e+00
1.4544e-01
7.7988e-01
6.4757e-01
6.4875e-01
7.6910e-01
2.9808e-01
7.3454e-01
9.4849e-01
6.3662e-01
6.4834e-01
6.0134e-01
6.3171e-01
6.2374e-01
1.1904e-01
8.0929e-01
6.4308e-01
1.3941e-01
6.0892e-01
8.4324e-01
7.3705e-01
6.6198e-01
9.8877e-01
1.3448e-01
7.8634e-01
8.2254e-01
6.2143e-01
6.5183e-01
6.2196e-01
1.4640e-01
5.8768e-01
7.2813e-01
2.4758e-01
7.9329e-01
1.9645e-01
1.8925e-01
9.7464e-01
7.8769e-01
7.1801e-01
1.5986e-01
9.3969e-01
7.1312e-01
6.8163e-01
6.2962e-01
7.1069e-01
2.4883e-01
6.9243e-01
2.1347e-01
6.4919e-01
9.7906e-01
5.8502e-01
7.4744e-01
6.4723e-01
6.6496e-01
3.6580e-01
1.7945e-01
1.3764e-01
8.4834e-01
7.8427e-01
1.2086e-01
6.9684e-01
5.5979e-01
6.5440e-01
3.4063e-01
6.6012e-01
6.2503e-01
6.5317e-01
6.3801e-01
7.7597e-01
7.2023e-01
4.3463e-01
3.1703e-01
6.3419e-01
2.6584e-01
5.7295e-01
5.9956e-01
6.2764e-01
6.5300e-01
1.8538e-01
7.1997e-01
6.7255e-01
6.1900e-01
7.6974e-01
4.8362e-01
6.2016e-01
8.5972e-01
5.6555e-01
6.8698e-01
9.8212e-01
1.7274e-01
6.5884e-01
1.0160e-01
5.6993e-01
9.2056e-01
7.7063e-01
6.9977e-01
6.6712e-01
3.4893e-01
1.6788e-01
5.0105e-01
2.0098e-01
1.6940e-01
6.5640e-01
3.8326e-01
6.1279e-01
9.4676e-01
3.5604e-01
6.9169e-01
3.2080e-01
7.7774e-01
6.6894e-01
6.3738e-01
7.5859e-01
8.0947e-01
6.6698e-01
6.6030e-01
8.0250e-01
3.9358e-01
9.8302e-01
8.8171e-01
2.6701e-01
6.5935e-01
7.8643e-01
1.9575e-01
9.7152e-01
5.0562e-01
5.9263e-01
5.3676e-01
5.0154e-01
3.9960e-01
9.0561e-01
6.3615e-01
6.6667e-01
1.8269e-01
9.2052e-01
5.8217e-01
6.5863e-01
7.1405e-01
7.6964e-01
4.1760e-01
6.9556e-01
6.4324e-01
6.7744e-01
9.4413e-01
6.6671e-01
2.2196e-01
7.8073e-01
6.2646e-01
1.0030e+00
1.2023e-01
9.1266e-01
5.9263e-01
8.6853e-01
4.1281e-01
7.7909e-01
6.9978e-01
7.1768e-01
8.8430e-01
1.5846e-01
1.3392e-01
5.4072e-01
1.5565e-01
6.3932e-01
7.6857e-01
9.6653e-01
3.6768e-01
6.5169e-01
3.0436e-01
2.3073e-01
6.1523e-01
1.5270e-01
8.9306e-01
6.2682e-01
2.8813e-01
2.0483e-01
7.0459e-01
2.0516e-01
1.8223e-01
7.1981e-01
7.6376e-01
6.8482e-01
5.3765e-01
6.4535e-01
7.0891e-01
5.9471e-01
1.3446e-01
6.3245e-01
9.8623e-01
1.7365e-01
9.4423e-01
7.7000e-01
9.3569e-01
8.8411e-01
7.0737e-01
2.7893e-01
8.1058e-01
6.4802e-01
7.4746e-01
5.9432e-01
5.8438e-01
1.8881e-01
9.7381e-01
6.6227e-01
7.0086e-01
5.4155e-01
1.1198e-01
8.2907e-01
6.6958e-01
6.5384e-01
1.7452e-01
9.7874e-01
6.6040e-01
6.3034e-01
6.4548e-01
8.1252e-01
6.3456e-01
6.1560e-01
1.9796e-01
7.3248e-01
2.7370e-01
6.4310e-01
9.2577e-01
7.8252e-01
5.9257e-01
7.9072e-01
9.9653e-01
7.0007e-01
8.8999e-01
8.6100e-01
6.2222e-01
5.8891e-01
8.2197e-01
6.2416e-01
6.8089e-01
9.1160e-01
9.5427e-01
8.6544e-02
8.2352e-01
5.2615e-01
2.2547e-01
1.2876e-01
1.2904e-01
5.9496e-01
8.5453e-01
9.9663e-01
1.6582e-01
7.0425e-01
6.4205e-01
7.0170e-01
7.3388e-01
1.8153e-01
6.8688e-01
6.7597e-01
9.0200e-01
6.2205e-01
8.3733e-01
1.4560e-01
4.3938e-01
9.8833e-01
5.8697e-01
8.2705e-01
8.6575e-01
3.0659e-01
7.8885e-01
7.1808e-01
6.8743e-01
9.6089e-01
1.8987e-01
6.8298e-01
9.5046e-01
3.8020e-01
5.9140e-01
8.2854e-01
1.3561e-01
7.1998e-01
5.7289e-01
2.4906e-01
8.7736e-01
6.7358e-01
1.4764e-01
8.9943e-01
6.0927e-01
1.2914e-01
7.1219e-01
3.5682e-01
7.0934e-01
8.7687e-01
7.0683e-01
7.1224e-01
6.5182e-01
7.6106e-01
2.6694e-01
7.0033e-01
9.2670e-01
2.8967e-01
1.9989e-01
6.4269e-01
7.6361e-01
5.6503e-01
9.5832e-01
8.4213e-01
6.5744e-01
1.6574e-01
9.2849e-01
8.6062e-01
5.9593e-01
6.7522e-01
2.2260e-01
2.1629e-01
5.8521e-01
8.1037e-01
6.3875e-01
9.9486e-01
1.6600e-01
7.2532e-01
6.4107e-01
7.2751e-01
9.0107e-01
6.1635e-01
9.9708e-01
5.6599e-01
8.5078e-01
6.5255e-01
6.1028e-01
6.4405e-01
2.0385e-01
8.7876e-01
6.0616e-01
6.4892e-01
6.1808e-01
6.1986e-01
9.3715e-01
6.4804e-01
2.0244e-01
5.3369e-01
9.8197e-01
1.3586e-01
6.0061e-01
8.1789e-01
1.0733e-01
9.3884e-01
5.7487e-01
5.9870e-01
1.2792e-01
9.9227e-01
9.8957e-02
1.7472e-01
7.2486e-01
1.5215e-01
8.7530e-01
9.6799e-01
9.8806e-02
6.1228e-01
7.0123e-01
6.1788e-01
4.4972e-01
5.9596e-01
7.1677e-01
5.6455e-01
1.5433e-01
6.8461e-01
2.1113e-01
7.6783e-01
6.4519e-01
9.6497e-01
1.2866e-01
7.2041e-01
7.0418e-01
1.1228e-01
7.5577e-01
6.5926e-01
9.5143e-01
6.2666e-01
9.9841e-01
6.7610e-01
6.3044e-01
7.7259e-01
1.4535e-01
6.9387e-01
8.6311e-01
6.2243e-01
8.1620e-01
6.7700e-01
6.0631e-01
5.9982e-01
4.8376e-01
6.5559e-01
6.5010e-01
9.9743e-01
3.3191e-01
5.5438e-01
6.7577e-01
6.2805e-01
1.0034e+00
6.3098e-01
6.5501e-01
6.1411e-01
8.8693e-01
6.5288e-01
2.8078e-01
6.5336e-01
6.7679e-01
5.8833e-01
8.7321e-01
9.2712e-01
5.9937e-01
8.1633e-01
6.1391e-01
2.0419e-01
7.1348e-01
7.1243e-01
6.9025e-01
7.4522e-01
2.3636e-01
6.1916e-01
9.2881e-01
7.8662e-01
7.3152e-01
5.9476e-01
6.1058e-01
8.5669e-01
6.1694e-01
6.4735e-01
1.6508e-01
8.0870e-01
6.5599e-01
6.7292e-01
7.8267e-01
8.6608e-02
2.0142e-01
1.4286e-01
6.1035e-01
9.7767e-01
6.0964e-01
6.2794e-01
9.8903e-01
2.1456e-01
6.0473e-01
6.3953e-01
6.6934e-01
5.9375e-01
6.4714e-01
1.0046e+00
1.7952e-01
5.9298e-01
2.3459e-01
8.2538e-01
7.0616e-01
6.5448e-01
8.4414e-01
5.8020e-01
6.1659e-01
6.5267e-01
1.3427e+00
3.0602e-01
6.8219e-01
5.7833e-01
9.5659e-01
6.2391e-01
7.0733e-01
6.5087e-01
6.3587e-01
6.4425e-01
6.0257e-01
7.4954e-01
6.1002e-01
7.1790e-01
3.0426e-01
9.3574e-01
5.2811e-01
6.0145e-01
1.8758e-01
6.2391e-01
1.4504e-01
7.6228e-01
6.1903e-01
5.9052e-01
1.5641e-01
6.2197e-01
6.3290e-01
6.6102e-01
2.3112e-01
6.6247e-01
6.5536e-01
9.6295e-01
9.3122e-02
2.0750e-01
8.6008e-01
6.2865e-01
9.7979e-01
4.4977e-01
6.3900e-01
8.9658e-01
4.4346e-01
4.4091e-01
9.9472e-01
3.4319e-01
7.3279e-01
6.3045e-01
6.8786e-01
6.1659e-01
8.3488e-02
6.9145e-01
5.9614e-01
8.8298e-01
9.4412e-01
6.4577e-01
8.0559e-01
9.8777e-01
6.6801e-01
1.4338e-01
6.7162e-01
5.3215e-01
3.6902e-01
5.4140e-01
9.0365e-01
8.5261e-01
7.5295e-01
6.5766e-01
6.3716e-01
5.7784e-01
8.2683e-01
6.3430e-01
9.1576e-01
5.7831e-01
2.9606e-01
8.2764e-01
6.4945e-01
3.7899e-01
6.3852e-01
6.5019e-01
6.9324e-01
6.4577e-01
8.4702e-01
5.5930e-01
9.5489e-01
6.7575e-01
9.8887e-01
5.2619e-01
2.5835e-01
6.6538e-01
1.2819e-01
7.5479e-01
6.9336e-01
6.5623e-01
1.5467e-01
9.3575e-01
6.2792e-01
7.0661e-01
1.5423e-01
2.4408e-01
1.7742e-01
6.4853e-01
6.9236e-01
6.8376e-01
9.7564e-01
7.4298e-01
1.0247e+00
7.9868e-01
9.8594e-01
7.4844e-01
6.7351e-01
6.3831e-01
9.3423e-01
3.7545e-01
9.7785e-01
3.7935e-01
1.7516e+00
3.0871e-01
4.8181e-01
5.9795e-01
6.5580e-01
9.6502e-01
1.4335e-01
6.3611e-01
6.5884e-01
6.1784e-01
6.6079e-01
5.9951e-01
6.2065e-01
6.4328e-01
1.8024e-01
1.8205e-01
3.1654e-01
7.1625e-01
7.1835e-01
6.2976e-01
9.6559e-01
1.7477e-01
6.5443e-01
3.7445e-01
7.3003e-01
6.5569e-01
6.2854e-01
6.5493e-01
9.0036e-01
9.1268e-01
6.2512e-01
1.3186e-01
7.0727e-01
6.0164e-01
1.2693e-01
6.7771e-01
2.3679e-01
4.7199e-01
1.3488e-01
9.8287e-01
9.3979e-01
3.1710e-01
6.0844e-01
6.2512e-01
6.0871e-01
6.0242e-01
1.5287e-01
5.9278e-01
6.0731e-01
6.3209e-01
2.0368e-01
2.3584e-01
6.1760e-01
5.6713e-01
9.0973e-01
5.9755e-01
5.6980e-01
6.0548e-01
6.7447e-01
1.0432e-01
6.5596e-01
6.2995e-01
6.3217e-01
6.5039e-01
6.4333e-01
9.5569e-01
6.1970e-01
6.1673e-01
1.8118e-01
6.8761e-01
9.4423e-02
2.2604e-01
8.5548e-01
8.2358e-01
8.1151e-01
6.8948e-01
8.3206e-01
8.0213e-01
9.9629e-01
2.0277e-01
9.2660e-01
1.4131e-01
1.7518e-01
6.2785e-01
8.2830e-01
6.1201e-01
5.8186e-01
9.7242e-01
6.5027e-01
5.6208e-01
7.3361e-01
5.8096e-01
6.4247e-01
7.2369e-01
2.1398e-01
6.1167e-01
6.3169e-01
1.9677e-01
1.6274e-01
9.3473e-01
6.5647e-01
5.8177e-01
6.5735e-01
6.3521e-01
9.6396e-01
8.9842e-01
9.8689e-01
9.8366e-01
2.9631e-01
3.1797e-01
6.2485e-01
6.4651e-01
1.4321e-01
9.5279e-01
7.1258e-01
3.0827e-01
1.3923e-01
1.0025e+00
3.4661e-01
3.7047e-01
9.0192e-01
7.0444e-01
2.4124e-01
5.2443e-01
7.8752e-01
7.2812e-01
6.1507e-01
6.2328e-01
6.0817e-01
6.0867e-01
1.7599e-01
7.2596e-01
7.4403e-01
1.6896e-01
2.6783e-01
6.5714e-01
6.1368e-01
7.9488e-01
5.7768e-01
6.3828e-01
8.9462e-01
2.0930e-01
8.7286e-01
3.2477e-01
1.8533e-01
9.7728e-01
1.1438e-01
5.7830e-01
3.9655e-01
9.0433e-01
6.1270e-01
8.7737e-01
5.6061e-01
8.1820e-01
1.7411e-01
1.9482e-01
2.8229e-01
4.7114e-01
7.6256e-01
6.2735e-01
6.6891e-01
9.7594e-01
6.3294e-01
6.0722e-01
9.9571e-01
8.3718e-01
7.1835e-01
2.5726e-01
1.7884e-01
6.1786e-01
1.8891e-01
6.2283e-01
3.1450e-01
6.4477e-01
5.7460e-01
6.2314e-01
8.3875e-01
1.6106e-01
1.6952e-01
9.6986e-01
6.3573e-01
6.6635e-01
8.9645e-01
2.2975e-01
1.7390e-01
7.2047e-01
9.6193e-01
6.2856e-01
1.6249e-01
7.1083e-01
7.9682e-01
7.2947e-01
8.2502e-01
6.5598e-01
6.3809e-01
5.1923e-02
3.1111e-01
6.0403e-01
9.1717e-01
6.3868e-01
6.4079e-01
6.3094e-01
9.0821e-01
9.7997e-01
6.6736e-01
9.5145e-01
6.2808e-01
6.1521e-01
6.0005e-01
7.1685e-01
7.1132e-01
8.0303e-01
9.8296e-01
5.6039e-01
9.7467e-01
2.6903e-01
6.2471e-01
7.6616e-01
6.6672e-01
9.6054e-01
6.2047e-01
7.6243e-01
2.2818e-01
7.0957e-01
5.9323e-01
5.9042e-01
6.4941e-01
1.7242e-01
8.0368e-01
9.6988e-01
1.5547e-01
6.1839e-01
9.0398e-01
6.1003e-01
1.5208e-01
5.5906e-01
7.9281e-01
9.2667e-02
6.0798e-01
7.7498e-01
5.9964e-01
6.4358e-01
5.5434e-01
6.2301e-01
6.3189e-01
2.4353e-01
8.7886e-01
6.1485e-01
6.2450e-01
9.8393e-01
1.1227e-01
6.2036e-01
1.0018e+00
6.3534e-01
6.5239e-01
5.8140e-01
6.7209e-01
9.8946e-01
7.5869e-01
9.8858e-01
1.3818e-01
5.7603e-01
6.0979e-01
6.4731e-01
8.8571e-01
8.9530e-01
6.4057e-01
6.4752e-01
9.7388e-01
9.1954e-01
6.8526e-01
1.0016e+00
7.3123e-01
6.4629e-01
7.1417e-01
7.2689e-01
9.9647e-01
1.0022e+00
7.5071e-01
2.6194e-01
9.4942e-01
7.3814e-01
7.4316e-01
6.2123e-01
9.6184e-01
7.3022e-01
6.2235e-01
2.6060e-01
6.4602e-01
6.3073e-01
2.2519e+00
6.1222e-01
2.3848e-01
6.3625e-01
1.6108e-01
6.1620e-01
1.4197e-01
9.0554e-01
6.9158e-01
1.6331e-01
6.5180e-01
5.9231e-01
7.6428e-01
3.1752e-01
5.9286e-01
8.0522e-01
6.5076e-01
7.3611e-01
6.4586e-01
6.4984e-01
7.9270e-01
1.8083e-01
8.3681e-01
7.0022e-01
7.9086e-01
5.7206e-01
3.9163e-01
9.7698e-01
5.9641e-01
1.5284e-01
2.1081e-01
9.6213e-01
9.2335e-02
6.9341e-01
6.8068e-01
6.6576e-01
1.6632e-01
6.1286e-01
4.7814e-01
9.7334e-01
6.0419e-01
6.9354e-01
6.1610e-01
5.9701e-01
6.2832e-01
5.8977e-01
8.4484e-01
5.9898e-01
5.6569e-01
8.2309e-01
1.0031e+00
9.2754e-01
1.5730e-01
1.9049e-01
7.8950e-01
6.9879e-01
6.3727e-01
1.2545e-01
2.3948e-01
8.4261e-01
6.4121e-01
5.6762e-01
8.3972e-01
7.8298e-01
6.3572e-01
8.4741e-01
8.4624e-01
4.6306e-01
2.3397e-01
2.6428e-01
2.6351e-01
6.4621e-01
9.0521e-01
6.0934e-01
8.7390e-01
6.6136e-01
7.7250e-01
6.3668e-01
7.1994e-01
2.0489e-01
8.2205e-01
7.4346e-01
7.6367e-01
6.5104e-01
7.6000e-01
1.4611e-01
8.7041e-01
8.0255e-01
9.9679e-01
1.8936e+00
6.2639e-01
4.2489e-01
1.0009e+00
6.3189e-01
6.1013e-01
6.3443e-01
9.9322e-01
1.5584e-01
6.6392e-01
6.0172e-01
6.4211e-01
8.6677e-01
6.2531e-01
6.1435e-01
6.0520e-01
