-6.6325e-02
-1.4603e-03
-3.2955e-02
-1.0180e-03
-3.2936e-02
-7.2756e-03
-1.3271e-02
-1.8348e-01
-8.9469e-02
-1.3988e-02
-8.4793e-03
-3.4452e-02
-1.0777e-03
-4.9096e-02
-2.4005e-02
-2.4291e-02
-3.6304e-04
-3.6069e-02
-1.5545e-02
-3.4402e-02
-1.9228e-02
-4.1086e-03
-2.5649e-02
-2.9515e-02
-2.4527e-02
-7.4357e-03
-4.4502e-02
-3.0478e-02
-1.3816e-01
-2.2776e-02
-3.8012e-02
-6.1220e-03
-6.0109e-03
-2.2322e-02
-1.2736e-02
-4.4555e-02
-2.0314e-01
-1.2495e-01
-3.5516e-02
-2.1103e-02
-4.5277e-02
-1.0058e-01
-3.5684e-02
-5.4314e-02
-3.5153e-02
-2.9954e-02
-1.1909e-02
-3.5677e-02
-9.2967e-03
-1.6440e-02
-1.3370e-02
-1.2576e-02
-2.0263e-02
-6.4080e-03
-2.5819e-02
-4.6101e-02
-6.3774e-02
-1.5297e-02
-2.1905e-02
-4.6212e-02
-2.2607e-02
-2.3535e-02
-4.5113e-02
-2.0275e-02
-1.3113e-01
-4.2386e-02
-1.2015e-02
-4.2382e-02
-8.8978e-02
-4.4854e-02
-3.5682e-02
-2.4183e-02
-4.3172e-03
-1.0212e-01
-1.2586e-02
-1.2803e-01
-5.4341e-02
-6.1992e-02
-2.0571e-02
-2.0747e-03
-1.0628e-02
-3.2880e-02
-6.1576e-02
-2.5960e-02
-7.8479e-03
-1.3489e-03
-5.2889e-02
-4.1543e-02
-3.3007e-02
-1.1142e-01
-2.9738e-02
-3.6149e-03
-1.6395e-02
-4.1751e-02
-4.0397e-02
-7.9526e-03
-4.0077e-02
-3.7606e-02
-2.0000e-02
-1.5346e-01
-4.5040e-02
-7.5769e-02
-1.1623e-02
-9.9813e-04
-5.0288e-03
-4.4708e-03
-4.1639e-02
-5.2376e-02
-4.6525e-02
-3.2408e-03
-5.2180e-02
-3.6481e-02
-1.9028e-02
-1.6759e-02
-2.5774e-02
-3.6764e-02
-3.3737e-02
-1.4361e-02
-6.9102e-03
-3.7693e-02
-4.5837e-03
-1.0030e-02
-7.2375e-04
-5.2468e-02
-2.6305e-02
-8.2798e-02
-5.3335e-03
-3.1357e-02
-3.8808e-02
-6.5487e-03
-1.4891e-02
-5.9852e-02
-5.9701e-02
-5.7778e-03
-4.7170e-02
-2.9563e-02
-4.8088e-02
-1.7969e-02
-1.1749e-02
-3.8157e-03
-4.9668e-02
-1.2154e-01
-3.0974e-02
-7.0629e-02
-4.9104e-02
-8.3948e-02
-3.6318e-02
-2.2782e-01
-3.0890e-02
-6.3274e-02
-1.6193e-01
-1.6062e-02
-6.4844e-02
-1.0679e-04
-9.6484e-03
-5.0947e-02
-5.0533e-03
-2.9591e-02
-3.0813e-02
-2.3693e-02
-9.1644e-03
-4.5079e-02
-3.8112e-02
-2.7419e-02
-1.3724e-02
-2.4556e-02
-5.0865e-02
-2.0226e-02
-2.7087e-02
-2.9791e-02
-9.9825e-02
-3.3924e-02
-4.6835e-02
-9.0978e-04
-2.9595e-02
-3.2757e-02
-3.1651e-02
-3.9362e-02
-8.8408e-02
-5.1950e-02
-1.8240e-01
-2.6598e-02
-3.1400e-02
-5.0444e-02
-3.6528e-03
-6.2510e-02
-2.6743e-02
-2.2799e-02
-4.6047e-02
-5.6142e-02
-3.6750e-02
-3.9623e-02
-7.9514e-03
-1.1105e-01
-1.2341e-02
-2.4340e-02
-1.4686e-02
-2.9048e-02
-5.0188e-03
-1.2236e-01
-1.1613e-01
-2.9986e-02
-1.5908e-02
-2.9977e-03
-8.7359e-02
-5.9388e-02
-1.8023e-02
-8.9671e-03
-5.1803e-02
-4.2307e-02
-5.4373e-03
-7.8144e-03
-3.8969e-02
-5.7769e-03
-7.2854e-03
-3.8658e-02
-1.8512e-02
-5.1301e-02
-3.4959e-02
-5.8832e-02
-1.2505e-02
-1.1805e-01
-1.4338e-02
-3.1450e-02
-1.2510e-02
-3.5374e-02
-7.6578e-03
-8.9423e-02
-1.3773e-02
-1.4470e-02
-7.6772e-02
-1.0355e-02
-3.0034e-02
-1.3332e-01
-2.9191e-02
-1.0287e-01
-5.1807e-02
-5.1598e-02
-1.1296e-02
-9.7492e-03
-1.6712e-01
-3.6954e-02
-1.3298e-02
-6.2885e-02
-3.0444e-02
-3.4353e-02
-1.9750e-01
-3.9134e-02
-2.5425e-02
-4.2066e-02
-5.4341e-02
-3.7639e-02
-2.4479e-02
-1.9128e-02
-3.1254e-03
-2.1411e-02
-1.2344e-01
-5.2840e-02
-1.0748e-03
-1.8478e-02
-2.9220e-02
-3.4035e-02
-4.5221e-03
-1.9878e-01
-4.6473e-03
-3.7668e-03
-3.4861e-02
-3.6264e-02
-5.2045e-02
-3.9737e-03
-2.1949e-02
-2.5289e-02
-2.0503e-02
-1.4704e-02
-1.3486e-02
-1.7282e-01
-6.6746e-03
-4.7941e-02
-3.1770e-02
-9.4323e-03
-1.7926e-01
-5.4941e-02
-4.6729e-03
-5.4394e-03
-1.0850e-02
-4.7058e-02
-8.3594e-02
-7.0290e-02
-4.8664e-03
-2.1875e-02
-2.8510e-02
-1.6649e-02
-4.3265e-02
-4.9291e-02
-2.6332e-03
-3.6566e-02
-1.5097e-01
-1.1750e-02
-3.3222e-02
-2.0425e-02
-2.0582e-02
-2.8048e-02
-2.8800e-02
-5.3278e-02
-6.6524e-03
-1.4513e-03
-2.6825e-02
-1.7482e-02
-2.9960e-02
-2.9584e-02
-1.3025e-02
-1.6365e-01
-7.6857e-03
-5.4487e-02
-4.5996e-02
-3.3076e-02
-1.9559e-02
-2.6294e-03
-2.8705e-02
-2.8943e-02
-4.9330e-02
-6.1722e-02
-4.6773e-02
-6.8661e-03
-1.3580e-02
-2.1021e-02
-3.0137e-02
-4.2039e-02
-1.9732e-02
-2.0134e-02
-4.0455e-02
-1.1065e-02
-2.0574e-01
-1.5794e-02
-1.4568e-02
-9.0195e-02
-3.5756e-02
-2.1890e-03
-3.9434e-02
-2.9168e-02
-4.2592e-02
-2.5492e-03
-2.3750e-02
-1.3598e-02
-2.1955e-02
-3.4266e-02
-3.2059e-02
-9.5138e-02
-1.7690e-01
-1.7255e-01
-3.5219e-02
-7.3284e-02
-5.5804e-02
-5.1030e-02
-3.6535e-03
-4.2726e-02
-5.1481e-02
-6.9671e-03
-7.9828e-02
-1.2873e-02
-2.7265e-02
-1.6577e-02
-3.6078e-02
-2.0727e-02
-7.8149e-03
-2.6362e-02
-1.6008e-02
-2.4516e-02
-5.5456e-02
-5.6763e-03
-6.6627e-03
-1.9889e-02
-1.4394e-01
-2.8351e-03
-3.1761e-02
-9.2871e-04
-4.9280e-02
-9.1864e-02
-4.1984e-02
-1.1465e-01
-1.2300e-02
-1.6271e-01
-1.1703e-01
-4.1569e-02
-6.0899e-03
-3.5576e-02
-2.2690e-02
-3.5848e-03
-1.4259e-02
-1.2781e-02
-5.2491e-02
-6.6774e-03
-8.5522e-02
-5.4755e-02
-1.8209e-02
-1.3554e-02
-1.8595e-02
-2.0548e-02
-6.9410e-03
-4.9884e-03
-2.4223e-02
-4.6554e-02
-3.4912e-02
-4.5155e-04
-1.4304e-03
-7.8985e-02
-4.8192e-02
-1.1528e-02
-4.4230e-02
-4.3042e-02
-3.3007e-02
-9.7524e-02
-5.5629e-03
-5.6077e-02
-5.6243e-02
-1.5949e-02
-1.1643e-02
-1.6980e-04
-2.6554e-02
-2.2604e-02
-3.7894e-02
-7.5212e-03
-3.6032e-02
-3.6029e-02
-5.8134e-03
-7.6516e-03
-2.2427e-02
-1.4456e-02
-4.5219e-02
-1.2841e-02
-3.2219e-03
-4.4171e-02
-1.5519e-02
-1.0851e-02
-3.3247e-02
-4.9283e-02
-1.6898e-02
-1.3609e-02
-8.4963e-02
-2.2828e-02
-9.0291e-02
-8.4311e-03
-3.5531e-02
-1.5939e-01
-4.6341e-03
-1.7598e-03
-4.0058e-03
-8.3429e-03
-3.9337e-03
-6.3425e-02
-1.9977e-02
-4.5148e-02
-3.0819e-02
-5.9995e-02
-2.6710e-02
-3.8426e-02
-3.6645e-02
-1.3090e-02
-2.0432e-02
-8.7562e-02
-3.4808e-02
-5.0151e-03
-8.7367e-03
-1.4497e-01
-3.9729e-02
-3.4677e-03
-2.9067e-02
-5.5060e-02
-1.4935e-04
-3.6310e-04
-2.6207e-02
-7.2265e-04
-5.1514e-02
-2.8018e-02
-4.5489e-03
-3.0799e-02
-5.3378e-02
-1.2745e-01
-2.0619e-02
-1.3252e-01
-9.6949e-03
-3.5865e-02
-5.5073e-02
-2.0134e-03
-3.8946e-03
-2.4153e-02
-4.0430e-02
-3.3135e-02
-3.0432e-02
-2.6832e-02
-6.4084e-03
-1.6968e-02
-2.4028e-02
-1.0740e-01
-6.0825e-02
-1.3132e-03
-3.1870e-03
-4.1946e-02
-2.1018e-02
-1.2378e-01
-1.0065e-02
-1.1299e-02
-2.9359e-02
-5.1307e-02
-6.8491e-03
-1.2001e-02
-1.6205e-02
-4.3047e-02
-5.2540e-02
-3.8991e-02
-3.1304e-03
-3.7304e-02
-2.5888e-02
-4.8121e-02
-5.2492e-02
-3.6815e-02
-2.0573e-02
-4.7874e-02
-5.7638e-02
-4.3882e-02
-2.1276e-02
-1.6379e-02
-5.0195e-02
-8.0470e-03
-8.9833e-03
-2.6343e-02
-9.0333e-03
-2.5419e-02
-1.0780e-02
-3.6049e-02
-7.9422e-02
-4.3596e-03
-1.7947e-02
-1.1383e-01
-4.5315e-02
-2.4128e-02
-1.8169e-02
-9.2880e-02
-1.0338e-02
-4.9089e-02
-3.3767e-02
-5.7998e-02
-2.1330e-03
-3.4692e-02
-2.1598e-02
-1.6430e-02
-4.0516e-02
-6.0596e-03
-5.9265e-03
-1.5493e-02
-2.7444e-02
-3.8387e-02
-1.2091e-02
-8.0212e-02
-1.4914e-01
-3.7586e-02
-2.9840e-02
-1.1819e-01
-2.6446e-03
-3.2157e-02
-3.8361e-02
-1.0476e-01
-3.9165e-02
-1.1823e-03
-4.9323e-02
-2.7221e-02
-5.5579e-02
-7.6655e-03
-2.2483e-01
-1.7971e-02
-2.5362e-02
-5.2746e-02
-6.4448e-02
-1.3403e-03
-3.5019e-02
-4.6747e-02
-1.7906e-02
-5.5335e-02
-5.1432e-02
-3.1129e-02
-4.4664e-04
-1.1443e-02
-2.1256e-02
-8.9593e-03
-4.8752e-02
-3.8199e-02
-9.7656e-04
-6.3234e-04
-3.7987e-02
-2.3548e-02
-5.4421e-02
-8.1890e-02
-5.7327e-03
-5.8581e-02
-8.2383e-03
-4.4558e-02
-4.1512e-02
-1.8546e-02
-1.1400e-02
-2.3285e-03
-2.4564e-03
-8.1429e-03
-3.1174e-03
-1.2310e-02
-1.1347e-03
-9.9698e-03
-3.5213e-02
-2.2935e-02
-1.3687e-02
-1.4509e-03
-8.1286e-03
-3.8536e-03
-3.7411e-02
-7.6375e-02
-5.0145e-02
-3.3921e-02
-1.8515e-02
-3.3798e-02
-4.2923e-02
-1.2542e-02
-9.4275e-03
-7.1828e-03
-6.4793e-03
-4.2132e-02
-5.9243e-02
-1.6243e-02
-2.1272e-02
-2.0136e-03
-5.4283e-03
-8.2167e-03
-4.3859e-02
-7.5023e-03
-5.8736e-02
-6.5316e-03
-6.2170e-02
-4.0256e-02
-3.4940e-02
-9.1586e-03
-2.5064e-02
-4.1010e-03
-4.1394e-02
-3.9171e-02
-8.1711e-02
-1.9956e-03
-8.6827e-03
-8.1185e-02
-3.4341e-02
-1.1904e-03
-1.7205e-02
-3.1214e-02
-1.5642e-01
-4.4685e-02
-1.7851e-02
-3.9474e-02
-2.4885e-02
-1.0080e-02
-9.5716e-02
-4.7288e-02
-2.4879e-02
-1.4096e-02
-8.0995e-04
-3.8713e-02
-7.1896e-02
-4.8405e-02
-5.5533e-02
-5.5416e-02
-2.8641e-03
-1.8188e-01
-4.7152e-02
-3.1451e-02
-3.9060e-02
-8.1018e-02
-1.4201e-02
-2.2475e-02
-1.2722e-01
-2.5706e-02
-3.6970e-02
-5.9659e-02
-5.5325e-02
-9.2083e-03
-1.6472e-02
-1.9444e-02
-4.6551e-02
-4.2904e-02
-4.8525e-02
-1.8392e-02
-3.7636e-02
-1.8802e-02
-8.7589e-03
-1.0999e-02
-4.7403e-03
-1.1196e-02
-6.0274e-03
-1.5746e-02
-5.8639e-03
-2.3770e-02
-1.0022e-01
-2.5394e-02
-3.8543e-02
-3.9916e-02
-1.2032e-02
-1.9074e-02
-3.6299e-02
-2.4747e-02
-2.3616e-03
-9.4210e-02
-1.0475e-02
-2.3055e-01
-4.0017e-02
-5.4761e-03
-4.2382e-02
-5.6255e-03
-2.0229e-02
-1.9826e-02
-2.0877e-02
-5.1102e-02
-5.3725e-03
-2.2233e-03
-1.3595e-02
-2.9899e-02
-3.7315e-02
-2.9365e-02
-5.5115e-03
-1.4735e-02
-3.5665e-02
-1.5661e-03
-3.6624e-02
-8.5716e-03
-5.1406e-02
-3.6502e-02
-2.2901e-03
-7.4332e-03
-2.3925e-02
-3.5421e-02
-4.2899e-02
-1.1057e-02
-2.9001e-02
-4.6146e-02
-6.0473e-03
-2.0031e-02
-5.9266e-02
-2.5198e-02
-5.7296e-02
-1.7966e-02
-1.2281e-02
-1.9431e-02
-2.4288e-02
-1.0611e-01
-1.4905e-02
-4.5017e-02
-2.8176e-02
-2.5227e-02
-3.3466e-02
-6.9868e-02
-1.7876e-02
-4.4070e-02
-1.0970e-01
-3.6375e-02
-1.6987e-02
-1.4625e-02
-5.4755e-02
-5.3311e-02
-1.0667e-01
-3.8269e-02
-2.6863e-02
-6.6307e-03
-4.3134e-03
-7.2043e-02
-1.3901e-02
-3.1162e-02
-2.9313e-02
-1.9122e-02
-8.1547e-03
-5.7976e-03
-2.6145e-02
-1.9931e-01
-2.0258e-02
-4.4864e-04
-9.0509e-03
-9.6915e-03
-3.8499e-03
-2.4693e-03
-1.9811e-01
-4.8413e-02
-4.7824e-02
-2.5856e-02
-9.7633e-02
-3.2048e-02
-2.2777e-02
-9.8105e-02
-6.6143e-02
-1.9714e-02
-9.0074e-03
-3.8368e-03
-6.9650e-03
-4.1105e-02
-1.3342e-02
-5.8173e-02
-1.4428e-02
-8.8468e-02
-1.0105e-01
-4.4633e-02
-9.6952e-03
-2.1138e-02
-1.1859e-02
-1.9192e-02
-1.0272e-02
-7.4542e-02
-2.5984e-02
-2.9911e-02
-2.0655e-02
-2.2119e-02
-5.0050e-02
-3.7424e-02
-6.7562e-03
-4.7412e-02
-3.9690e-03
-2.3974e-02
-1.9881e-02
-2.1008e-02
-2.2663e-02
-2.3672e-02
-9.9288e-03
-9.7610e-03
-6.9777e-02
-4.7184e-02
-7.5101e-03
-4.8521e-02
-2.2901e-02
-3.0999e-02
-9.5925e-03
-3.6872e-02
-1.6652e-02
-9.7636e-04
-1.9471e-02
-1.7043e-02
-3.6889e-02
-7.1147e-03
-5.5292e-02
-1.5418e-02
-9.5534e-02
-5.4180e-02
-5.6146e-02
-1.0434e-02
-2.9187e-02
-4.7050e-02
-2.8955e-02
-9.5809e-02
-3.9390e-02
-5.4261e-02
-6.8739e-02
-1.5546e-01
-5.8824e-03
-3.8819e-02
-2.1111e-02
-4.1024e-03
-1.3355e-01
-9.7746e-03
-3.2222e-02
-1.9744e-02
-2.8144e-02
-1.3904e-02
-3.4359e-02
-5.6067e-02
-2.7543e-02
-1.9313e-02
-4.2728e-02
-7.0073e-03
-3.3978e-02
-1.3344e-01
-1.4199e-01
-6.0746e-02
-2.7042e-02
-2.1536e-03
-5.7125e-02
-3.4937e-03
-2.2251e-02
-6.4124e-03
-8.5939e-02
-6.3933e-02
-7.4030e-02
-7.9563e-03
-5.3011e-02
-3.0859e-02
-1.1095e-02
-9.1568e-03
-8.9757e-03
-1.5414e-01
-9.1850e-03
-1.3061e-02
-7.0851e-03
-4.1624e-03
-5.2055e-02
-4.3607e-02
-1.4120e-02
-2.3535e-02
-2.3550e-02
-4.1790e-02
-1.5164e-01
-2.2448e-02
-5.7322e-02
-4.6700e-03
-1.7154e-03
-3.2448e-02
-5.5954e-02
-9.5980e-02
-3.0676e-02
-3.0670e-03
-1.4577e-02
-1.4900e-03
-1.0844e-01
-5.5205e-02
-4.7184e-02
-2.5265e-02
-5.1556e-02
-5.0126e-02
-4.0529e-02
-1.7954e-01
-3.6360e-02
-7.2112e-02
-2.1722e-02
-5.7172e-02
-4.0896e-04
-1.5553e-02
-2.3508e-02
-5.3435e-03
-2.3548e-02
-4.3275e-02
-9.0319e-02
-1.0787e-03
-2.8006e-02
-4.2017e-03
-1.0546e-02
-1.5032e-02
-1.9982e-02
-2.4849e-03
-4.0069e-02
-1.3038e-02
-4.7016e-02
-2.8347e-02
-5.0075e-03
-1.5547e-02
-5.9885e-03
-1.7794e-02
-1.4242e-02
-1.5655e-02
-3.8569e-02
-1.0739e-02
-2.9934e-02
-5.5233e-02
-5.7611e-02
-2.6426e-03
-4.9563e-02
-3.1066e-02
-1.8082e-02
-1.2685e-02
-4.2941e-02
-1.5923e-01
-4.6849e-02
-1.2100e-01
-5.1057e-02
-4.4985e-02
-2.6182e-02
-1.8006e-02
-6.9781e-04
-1.9826e-01
-2.0343e-02
-2.1225e-02
-1.2028e-01
-8.6801e-02
-1.8897e-02
-1.1308e-02
-2.1212e-01
-1.1589e-02
-3.1010e-02
-3.2354e-02
-2.1098e-03
-4.9988e-03
-5.9922e-03
-1.2498e-01
-4.4870e-02
-2.6189e-02
-1.1136e-01
-3.7472e-03
-6.5209e-02
-9.8029e-04
-1.2469e-01
-5.6147e-03
-3.9630e-02
-1.1685e-01
-1.4712e-02
-9.8324e-02
-5.4181e-02
-1.6615e-01
-4.2447e-02
-4.0621e-02
-1.8301e-02
-7.5553e-02
-6.1891e-03
-5.1016e-02
-2.6518e-02
-1.2266e-03
-1.4511e-02
-4.0635e-03
-3.1481e-02
-8.7020e-02
-5.6004e-02
-5.1737e-02
-5.2899e-02
-4.4991e-02
-1.5395e-02
-1.4992e-02
-5.4917e-02
-3.5443e-02
-1.8546e-04
-1.7544e-03
-1.7376e-02
-1.8602e-02
-2.9691e-02
-2.3053e-02
-4.4923e-02
-4.4608e-03
-5.5160e-04
-5.8787e-02
-5.4628e-03
-6.1762e-02
-2.4477e-03
-3.8249e-03
-9.8485e-03
-5.2246e-04
-9.0519e-03
-2.4868e-02
-9.6850e-03
-1.0037e-02
-1.3735e-02
-1.9372e-02
-2.0800e-01
-3.4372e-02
-5.1333e-02
-1.0256e-02
-3.0762e-02
-5.8508e-02
-2.9571e-02
-2.5144e-02
-3.0066e-03
-2.3819e-01
-1.8521e-02
-3.8242e-02
-1.2745e-02
-2.0569e-03
-1.7560e-02
-3.7038e-02
-1.3658e-02
-1.8423e-03
-4.8490e-03
-4.3041e-02
-2.9932e-02
-3.8726e-02
-2.5167e-03
-1.8591e-02
-4.2406e-02
-5.3290e-02
-1.4762e-02
-2.4772e-02
-2.4405e-03
-6.1364e-03
-2.4154e-02
-9.7249e-02
-2.8553e-03
-2.7692e-02
-4.8631e-02
-1.4652e-02
-3.8399e-03
-1.0113e-02
-6.0721e-04
-2.1959e-02
-1.1106e-01
-1.1828e-03
-5.2452e-02
-4.8044e-02
-1.4447e-02
-1.2972e-02
-2.1624e-02
-1.1715e-01
-3.4414e-02
-4.3452e-02
-1.3891e-03
-1.5222e-02
-9.2550e-02
-2.7786e-02
-5.6020e-02
-2.5134e-02
-1.4002e-02
-4.9077e-02
-3.5204e-03
-4.4487e-02
-8.4313e-03
-2.7837e-02
-4.8344e-02
-3.1126e-02
-3.0573e-02
-1.7861e-02
-2.9989e-02
-4.6737e-02
-9.9977e-02
-3.2163e-02
-2.5912e-02
-1.1440e-02
-4.1246e-02
-1.6570e-02
-6.8990e-02
-2.5167e-02
-5.8089e-02
-8.3639e-03
-1.8756e-02
-3.3357e-02
-1.8632e-02
-1.9993e-03
-1.2260e-01
-4.9194e-03
-4.5561e-02
-2.1760e-02
-1.8004e-02
-2.2099e-01
-2.3240e-02
-2.3374e-02
-1.8781e-02
-4.0464e-02
-2.5807e-02
-4.5246e-02
-2.0020e-02
-1.4749e-02
-8.6327e-02
-4.2625e-03
-3.6112e-02
-2.0380e-02
-2.7630e-03
-1.5191e-02
-1.0139e-01
-4.8307e-03
-1.4245e-02
-4.1706e-02
-4.0646e-02
-1.5182e-02
-1.6758e-01
-6.2496e-02
-1.3095e-01
-1.1305e-02
-1.0095e-02
-4.2270e-02
-4.9706e-02
-3.8607e-02
-9.4672e-03
-3.5265e-02
-2.8698e-02
-1.6381e-02
-5.8488e-03
-1.1124e-03
-5.0810e-02
-1.7082e-02
-4.7567e-03
-4.3488e-02
-4.3807e-02
-2.4927e-03
-1.8980e-01
-4.6009e-02
-5.6029e-02
-1.4000e-01
-1.4892e-02
-4.8956e-02
-5.1495e-03
-4.3618e-03
-2.9500e-02
-5.2841e-03
-9.3585e-02
-2.5738e-02
-2.0709e-02
-2.2891e-02
-1.7009e-01
-2.5146e-02
-1.0386e-02
-1.2976e-02
-4.6934e-02
-2.0480e-01
-9.8073e-02
-5.1008e-02
-5.3000e-02
-1.4136e-02
-1.5547e-02
-8.3159e-03
-6.8254e-02
-8.5568e-02
-2.1109e-02
-2.9669e-02
-1.3119e-02
-9.2299e-02
-4.3423e-03
-9.7496e-03
-3.8201e-02
-1.6605e-02
-1.5529e-02
-2.8619e-02
-1.2607e-03
-5.7902e-03
-2.7885e-02
-5.1179e-02
-9.4824e-02
-5.9745e-03
-1.6247e-01
-1.2105e-02
-1.0370e-01
-1.8418e-02
-5.2114e-02
-2.6788e-02
-1.8671e-02
-1.4356e-02
-7.9026e-02
-4.0933e-02
-2.3660e-02
-7.2454e-03
-1.2112e-01
-6.5445e-04
-5.2322e-02
-9.6236e-03
-2.9142e-02
-5.5733e-02
-1.2297e-01
-3.9957e-02
-5.7076e-02
-2.7836e-02
-1.0891e-02
-2.2588e-02
-1.7105e-02
-4.3990e-02
-2.2381e-01
-4.3078e-02
-1.7799e-02
-9.1946e-02
-4.9807e-02
-3.3625e-02
-2.2113e-02
-1.0091e-01
-1.2569e-02
-3.3420e-03
-7.0003e-03
-2.8969e-02
-1.0788e-01
-1.2670e-03
-5.4313e-02
-2.6528e-02
-1.0315e-01
-2.4937e-02
-3.6321e-03
-1.0841e-02
-1.7649e-02
-4.0254e-02
-5.5847e-02
-1.6849e-02
-4.8218e-02
-2.7972e-02
-3.6961e-02
-2.5203e-02
-2.1877e-02
-3.7570e-03
-3.5343e-02
-3.7530e-02
-1.2552e-02
-3.1312e-02
-6.8811e-03
-2.6312e-02
-4.7147e-02
-2.2392e-02
-8.7584e-03
-2.4799e-03
-8.2975e-04
-1.2274e-03
-2.9544e-02
-4.7999e-03
-3.5180e-02
-6.1600e-02
-3.5013e-02
-1.0193e-02
-5.7689e-02
-3.7947e-02
-3.0749e-03
-5.8690e-02
-1.7937e-02
-1.3945e-02
-4.6235e-02
-1.0108e-02
-1.8225e-02
-3.7323e-02
-1.1329e-02
-4.6516e-02
-3.3332e-02
-3.7393e-02
-2.9911e-03
-1.2162e-01
-2.2475e-02
-3.9988e-02
-3.9907e-02
-3.4396e-02
-1.4409e-02
-6.0150e-02
-5.1482e-02
-3.9468e-02
-8.6747e-03
-4.1039e-02
-2.4746e-02
-1.9214e-03
-6.6746e-02
-4.1195e-02
-5.3930e-02
-1.0982e-03
-2.3268e-02
-1.5728e-02
-4.4729e-02
-1.4063e-02
-1.2314e-02
-2.0170e-02
-1.3594e-01
-7.6222e-03
-2.6320e-02
-3.5552e-03
-3.8927e-02
-3.2682e-02
-1.1178e-01
-6.5505e-02
-2.0520e-02
-3.2603e-02
-1.8802e-01
-3.9624e-02
-3.0876e-02
-7.8726e-03
-2.4071e-02
-3.4356e-02
-1.3932e-02
-3.4334e-02
-8.2354e-02
-6.8544e-03
-4.3994e-02
-3.2040e-02
-2.2852e-02
-2.1331e-02
-1.0253e-02
-1.1465e-01
-1.7875e-02
-6.7097e-03
-3.3410e-03
-1.1381e-02
-2.7199e-02
-1.0139e-04
-2.0152e-02
-6.5251e-03
-1.9153e-02
-2.7287e-02
-3.6094e-02
-3.1644e-02
-6.4237e-03
-4.7044e-02
-1.0692e-03
-1.2737e-02
-6.3749e-02
-2.1153e-01
-1.1152e-02
-4.3166e-02
-4.1185e-02
-9.6680e-03
-1.0185e-01
-1.2301e-01
-2.4372e-02
-6.4179e-02
-9.5320e-02
-2.2230e-03
-2.3637e-02
-1.3498e-02
-2.7951e-02
-4.4325e-02
-5.6820e-02
-2.9807e-03
-4.4569e-02
-4.6141e-02
-2.4659e-02
-2.4054e-02
-2.0995e-02
-2.3969e-02
-4.9858e-02
-3.1085e-02
-2.6167e-04
-9.7136e-02
-1.2895e-01
-1.2459e-01
-3.3780e-02
-3.2593e-03
-5.7599e-02
-3.7108e-02
-2.0517e-02
-1.0852e-02
-1.8243e-02
-3.4835e-02
-7.6273e-02
-2.2240e-03
-4.5790e-02
-1.8182e-02
-2.1563e-02
-9.8113e-03
-2.4707e-02
-2.6312e-02
-3.0841e-02
-4.5419e-02
-3.0674e-02
-2.8139e-02
-1.9737e-03
-2.3080e-02
-1.7808e-02
-4.2587e-02
-2.1247e-02
-2.7662e-02
-2.9942e-02
-1.9763e-03
-2.0764e-02
-2.1409e-02
-6.4136e-04
-1.6265e-01
-1.0338e-02
-3.8560e-02
-4.1805e-02
-5.4581e-02
-3.8286e-02
-5.1220e-02
-3.3877e-02
-9.1084e-03
-1.9948e-02
-4.8454e-02
-2.4812e-02
-3.4909e-02
-1.6533e-02
-5.2265e-02
-9.9736e-04
-1.7435e-01
-4.3053e-02
-7.5763e-03
-1.3384e-02
-1.2828e-02
-2.1807e-02
-3.4950e-02
-1.8491e-02
-3.5066e-02
-9.3384e-03
-2.3815e-02
-5.5489e-02
-4.3732e-02
-4.8129e-04
-4.0462e-02
-5.1443e-02
-4.1094e-02
-3.4590e-02
-7.0221e-03
-9.3999e-03
-8.1498e-02
-2.7247e-03
-3.6935e-02
-4.4343e-02
-3.8339e-02
-2.7206e-02
-6.9415e-02
-4.1476e-02
-1.8886e-02
-1.5018e-02
-7.7508e-03
-3.4929e-02
-4.9386e-02
-3.0593e-02
-7.4299e-02
-1.0928e-02
-3.1619e-03
-3.8443e-02
-3.7590e-03
-8.1600e-02
-2.4485e-02
-1.0387e-01
-2.6904e-02
-2.4687e-02
-2.6532e-03
-1.0371e-01
-4.6007e-02
-4.0757e-02
-4.9108e-02
-9.6371e-04
-3.0940e-02
-3.1246e-02
-1.4152e-02
-2.3490e-02
-8.8080e-03
-4.6539e-02
-8.5231e-03
-7.9683e-03
-1.6742e-02
-3.4387e-02
-7.8985e-03
-6.9223e-02
-1.4520e-01
-3.7958e-02
-4.4803e-03
-1.2365e-02
-3.0329e-02
-2.7629e-02
-4.7087e-02
-2.7604e-02
-1.1998e-01
-1.4061e-02
-4.1260e-02
-1.8201e-01
-1.8709e-03
-2.8601e-02
-2.4038e-02
-3.0319e-02
-1.2785e-04
-2.9315e-02
-1.2631e-02
-4.4186e-03
-3.9054e-02
-9.7292e-02
-1.3108e-02
-2.3789e-02
-5.3604e-02
-3.8326e-02
-5.7142e-02
-1.1721e-02
-9.4263e-03
-4.1812e-02
-1.7902e-03
-6.4767e-03
-2.7318e-02
-4.8753e-02
-1.3755e-02
-1.5602e-01
-7.4860e-02
-5.3583e-02
-1.1476e-02
-9.7789e-03
-4.8193e-02
-1.2746e-02
-7.7303e-02
-3.2065e-02
-1.2962e-01
-1.2959e-02
-5.0927e-03
-5.3663e-02
-2.7998e-02
-1.9605e-02
-1.4687e-01
-4.6241e-02
-1.4057e-01
-3.0903e-02
-1.5299e-02
-3.8616e-02
-9.1975e-02
-4.9268e-02
-8.8295e-04
-4.4040e-02
-4.3544e-02
-4.9435e-02
-7.9057e-03
-4.4093e-02
-1.6544e-02
-6.0336e-02
-1.5251e-02
-9.1363e-02
-1.0451e-01
-9.5097e-03
-3.3228e-03
-5.3355e-02
-2.2565e-02
-5.0157e-03
-2.7354e-02
-3.2843e-02
-8.5615e-02
-2.1209e-02
-3.4768e-02
-5.9890e-02
-1.2146e-02
-2.5084e-02
-3.6313e-02
-2.8356e-03
-3.5104e-02
-4.3781e-02
-4.1995e-02
-5.5932e-02
-5.1497e-02
-7.6429e-02
-4.7693e-02
-4.4624e-02
-2.1025e-01
-2.5728e-02
-8.6490e-02
-1.8475e-02
-3.4426e-03
-8.8079e-03
-3.6245e-02
-8.7607e-03
-8.8067e-02
-3.5514e-02
-1.1715e-02
-1.2725e-03
-2.3419e-02
-2.2069e-02
-4.7286e-02
-2.4036e-02
-1.8100e-02
-4.4276e-02
-4.7312e-03
-1.1635e-01
-7.6676e-03
-3.0171e-02
-1.7132e-02
-2.3267e-02
-2.5846e-02
-1.0236e-02
-1.3303e-02
-5.2924e-02
-2.5259e-03
-1.4070e-01
-1.0568e-02
-5.5452e-02
-2.2981e-03
-3.1120e-02
-3.4277e-02
-1.7551e-03
-2.3954e-02
-1.6468e-02
-1.8151e-02
-2.7864e-02
-5.5999e-02
-2.8487e-02
-1.0552e-02
-4.5925e-02
-4.5120e-02
-2.5994e-02
-1.7006e-03
-1.8734e-02
-9.8458e-03
-1.3619e-02
-1.3979e-02
-2.3627e-02
-1.4704e-02
-1.7411e-02
-3.0621e-02
-1.7556e-01
-4.4695e-02
-2.1661e-02
-1.2959e-02
-3.8611e-02
-1.8559e-02
-1.1241e-02
-3.6925e-02
-2.2913e-02
-5.4676e-03
-1.2877e-02
-6.8370e-03
-2.8675e-03
-1.2564e-01
-5.0031e-03
-2.6778e-02
-4.6213e-02
-5.7302e-02
-1.6945e-02
-3.4464e-02
-1.7192e-03
-3.0313e-02
-1.0342e-02
-4.3969e-02
-2.7492e-02
-4.2510e-02
-4.2985e-03
-5.6636e-02
-1.5934e-02
-8.3255e-02
-1.4266e-02
-1.5632e-02
-5.7533e-03
-8.9353e-02
-2.0428e-02
-3.1790e-02
-3.4530e-03
-1.2554e-02
-4.3518e-03
-2.6876e-02
-2.4000e-02
-8.6505e-03
-6.1404e-03
-1.4525e-02
-1.8375e-01
-2.9335e-02
-6.7675e-02
-1.7673e-02
-7.5765e-04
-1.1702e-03
-3.0397e-02
-1.3194e-02
-3.6437e-02
-3.2052e-02
-2.3030e-02
-8.6956e-03
-1.7993e-02
-4.3854e-02
-1.7400e-02
-3.6012e-02
-1.6250e-02
-4.0456e-03
-5.9561e-02
-9.2645e-02
-1.5358e-01
-5.3350e-02
-1.3171e-02
-3.0038e-03
-1.5697e-02
-4.2960e-02
-3.9061e-02
-1.8122e-01
-1.2937e-02
-1.9897e-02
-3.3840e-03
-1.3764e-02
-3.5326e-02
-1.6106e-02
-1.3687e-02
-1.4060e-02
-1.1630e-02
-9.0965e-03
-8.1783e-03
-2.2096e-02
-3.9005e-02
-1.4952e-02
-6.4667e-03
-3.9139e-02
-2.6280e-02
-1.6530e-02
-1.5468e-01
-1.0548e-01
-3.0446e-02
-5.0774e-02
-1.3435e-01
-2.1664e-02
-1.4165e-02
-6.0503e-03
-2.3226e-02
-9.6903e-03
-3.9364e-02
-4.7212e-02
-4.5795e-02
-1.3680e-01
-9.5548e-02
-3.6013e-02
-4.2693e-02
-3.5601e-02
-3.9607e-02
-3.4161e-02
-1.1838e-01
-3.0071e-03
-5.6136e-03
-4.8371e-02
-1.8488e-01
-4.8526e-03
-3.5510e-03
-2.5126e-02
-2.0696e-02
-4.8643e-04
-4.9233e-02
-2.0840e-01
-2.3019e-02
-1.2691e-03
-2.3191e-02
-2.5877e-02
-8.9437e-03
-4.7140e-02
-1.9033e-02
-7.3367e-02
-1.5554e-01
-1.4267e-02
-5.3289e-02
-3.9496e-02
-3.0449e-02
-3.1917e-02
-1.6524e-03
-3.8681e-02
-2.3481e-02
-1.3421e-01
-2.9081e-02
-1.7859e-02
-1.5530e-02
-2.2692e-02
-8.3630e-02
-2.3078e-03
-5.8811e-02
-1.3051e-02
-2.4236e-02
-1.6258e-02
-4.5720e-02
-3.0787e-02
-5.1743e-03
-5.8435e-02
-3.5017e-02
-3.1043e-02
-5.6800e-03
-2.2223e-01
-1.6463e-02
-4.5068e-02
-1.1875e-02
-3.1286e-02
-2.9094e-03
-1.0516e-02
-5.1211e-02
-2.6188e-02
-3.6370e-02
-3.2699e-02
-3.4068e-02
-1.7845e-02
-2.4198e-02
-2.3758e-02
-1.7790e-02
-6.3588e-02
-5.3438e-02
-1.9608e-02
-1.0794e-01
-5.7871e-04
-8.4422e-02
-9.9097e-03
-9.3731e-02
-2.6431e-02
-5.0609e-02
-4.1585e-03
-3.1742e-02
-1.2315e-02
-7.6964e-02
-1.3476e-02
-4.0296e-02
-2.9190e-02
-2.1674e-02
-3.3893e-02
-1.3217e-01
-7.2933e-03
-4.5324e-02
-8.1058e-03
-4.3458e-02
-3.3671e-02
-3.4331e-02
-2.6721e-02
-2.2596e-02
-1.7006e-02
-5.7327e-02
-5.3373e-02
-1.2455e-02
-2.7643e-02
-1.4433e-01
-1.0015e-02
-1.0750e-01
-1.3032e-01
-1.1474e-01
-1.4016e-01
-5.3784e-02
-2.4479e-03
-4.2596e-03
-4.1108e-02
-1.4645e-01
-5.6716e-02
-8.4995e-03
-1.0225e-03
-3.7756e-02
-1.0956e-01
-1.4830e-02
-2.9543e-02
-2.0987e-01
-4.6556e-02
-1.3105e-02
-2.3576e-03
-4.3205e-02
-3.1130e-02
-6.3283e-03
-1.4677e-02
-1.8102e-02
-3.0650e-02
-1.5502e-03
-2.3876e-02
-1.9184e-02
-6.5019e-02
-4.5259e-02
-3.8348e-02
-9.4700e-04
-2.2141e-02
-3.8313e-02
-1.4441e-02
-2.2932e-02
-5.4950e-02
-2.6838e-02
-2.8947e-02
-2.1807e-02
-8.2625e-03
-6.8511e-03
-5.8858e-02
-4.5960e-02
-9.3999e-03
-2.5098e-02
-6.1443e-02
-4.7141e-02
-1.0060e-02
-4.0879e-02
-2.2117e-03
-1.7553e-02
-3.2349e-02
-1.7035e-02
-3.4236e-02
-2.9656e-03
-2.3094e-02
-5.2875e-02
-1.6550e-01
-2.3040e-02
-5.0715e-02
-2.0722e-04
-1.1170e-02
-1.6284e-01
-3.6608e-02
-7.1467e-03
-1.1235e-02
-1.5157e-02
-3.0284e-02
-2.0860e-03
-3.5369e-04
-5.3906e-02
-1.0357e-01
-1.6998e-02
-1.1772e-01
-4.7802e-02
-6.2151e-02
-3.6732e-02
-1.6037e-03
-6.1116e-02
-4.3260e-02
-1.0556e-02
-2.6399e-02
-1.7883e-02
-2.1028e-02
-2.3554e-02
-4.4549e-02
-3.9765e-03
-3.8897e-02
-3.9714e-03
-4.0191e-02
-7.7152e-02
-3.6672e-02
-1.6098e-01
-2.2930e-02
-3.9280e-02
-2.5741e-03
-6.9668e-02
-1.6490e-03
-3.0165e-02
-5.7742e-03
-4.5472e-02
-3.4853e-02
-5.0773e-02
-1.1151e-01
-8.6095e-03
-8.0640e-03
-9.2391e-03
-2.0315e-02
-5.4926e-02
-2.0956e-01
-2.1915e-02
-2.4081e-02
-9.5755e-02
-5.0109e-02
-3.4803e-02
-8.5929e-03
-2.0476e-01
-3.3742e-02
-1.4736e-02
-1.2500e-02
-2.5644e-02
-4.3008e-02
-3.4229e-02
-4.1410e-02
-1.1270e-02
-2.0373e-03
-4.1354e-02
-2.2875e-01
-3.3269e-03
-9.6161e-02
-1.7406e-02
-4.5413e-02
-5.5667e-03
-1.3390e-02
-5.8751e-02
-1.9149e-02
-6.3184e-02
-7.9851e-02
-1.3342e-01
-2.3949e-02
-8.9076e-02
-4.1211e-03
-1.8273e-02
-2.3449e-02
-1.7714e-02
-5.1748e-02
-1.2011e-02
-6.5163e-03
-2.5441e-02
-2.7095e-02
-1.5565e-02
-1.3835e-02
-2.2840e-02
-2.9210e-03
-3.2310e-02
-7.1655e-02
-1.5488e-01
-3.8258e-03
-4.5545e-02
-1.2066e-01
-4.2054e-02
-2.4545e-02
-1.6000e-03
-4.9991e-02
-1.9285e-02
-5.6736e-02
-3.7338e-03
-2.9315e-02
-3.5717e-03
-3.8972e-02
-2.0775e-02
-3.0049e-02
-1.4179e-02
-4.0015e-02
-3.9512e-02
-1.6754e-02
-8.9678e-03
-6.6622e-02
-3.7187e-02
-4.0656e-03
-2.9265e-02
-3.3406e-02
-6.7709e-03
-2.1066e-03
-3.4024e-03
-1.4258e-02
-1.4148e-02
-1.6668e-02
-6.4757e-03
-1.3653e-01
-4.0947e-02
-4.5477e-02
-2.5170e-02
-3.2488e-02
-6.2226e-02
-1.9765e-02
-5.0953e-02
-1.1755e-02
-5.0082e-03
-3.7674e-02
-7.4500e-03
-3.6179e-02
-2.6934e-02
-8.6719e-03
-4.1725e-02
-1.0066e-01
-2.0178e-02
-1.4100e-02
-5.7136e-02
-5.7132e-02
-2.4806e-02
-3.8023e-02
-2.5263e-02
-2.1949e-02
-1.7200e-02
-2.2230e-02
-1.5490e-01
-5.1138e-02
-2.0647e-02
-3.2365e-02
-6.4778e-03
-5.1278e-04
-5.6778e-02
-3.0962e-03
-6.6595e-02
-7.0322e-02
-4.2289e-03
-4.3239e-02
-8.8373e-03
-3.8238e-02
-3.0677e-02
-4.6287e-02
-5.3943e-02
-6.8556e-02
-1.7969e-02
-1.0887e-02
-4.5669e-02
-1.3538e-02
-4.6636e-02
-1.5876e-02
-3.9756e-02
-4.8576e-02
-5.1051e-02
-3.4849e-02
-9.8926e-03
-4.2069e-02
-2.9097e-02
-3.7345e-02
-2.0003e-02
-5.2885e-02
-1.3016e-01
-3.1541e-02
-2.4180e-03
-3.7529e-02
-7.7708e-03
-2.6177e-02
-2.6538e-02
-1.5777e-01
-1.9171e-01
-4.9698e-02
-1.4361e-01
-5.2678e-02
-7.4861e-03
-2.5802e-02
-7.5957e-02
-2.1107e-02
-1.3836e-02
-8.1786e-02
-2.7209e-02
-9.6857e-03
-3.2716e-02
-5.0077e-03
-3.2023e-02
-4.8770e-02
-4.8629e-03
-1.1973e-02
-2.2025e-02
-8.1988e-03
-2.4045e-02
-8.4559e-02
-1.2470e-02
-6.7847e-03
-5.0912e-02
-3.7232e-02
-2.7280e-02
-3.0062e-02
-4.0850e-02
-1.6472e-02
-2.7423e-02
-1.4062e-02
-1.1109e-01
-3.6423e-02
-1.9186e-02
-2.5780e-02
-2.8826e-02
-1.0495e-02
-5.0844e-02
-1.2535e-01
-2.3958e-02
-7.5061e-02
-6.8716e-03
-9.4366e-03
-1.0298e-01
-8.7626e-03
-1.5502e-02
-5.3854e-02
-4.3778e-02
-3.2126e-02
-3.2981e-03
-2.0015e-02
-4.0376e-03
-4.3706e-03
-2.3484e-02
-4.7751e-02
-8.0988e-03
-2.0682e-02
-1.1458e-01
-7.9799e-03
-5.2397e-02
-7.3156e-02
-1.4115e-02
-2.7241e-02
-3.5704e-02
-1.2720e-02
-4.4175e-02
-4.0054e-02
-3.9859e-02
-5.3438e-03
-9.8651e-02
-3.4696e-02
-4.3124e-02
-1.3065e-02
-1.1658e-03
-2.1718e-02
-1.8559e-02
-3.6086e-02
-1.2092e-02
-1.6448e-02
-9.0326e-02
-3.5118e-02
-1.8439e-02
-7.4107e-02
-1.1072e-02
-3.7682e-02
-1.2752e-02
-5.0306e-02
-5.7485e-03
-1.1689e-02
-1.9191e-01
-5.0107e-02
-2.6685e-02
-3.6240e-02
-4.5244e-02
-6.2142e-03
-2.0217e-01
-2.4321e-02
-8.8245e-03
-3.9331e-02
-3.6919e-02
-1.3061e-01
-1.0957e-03
-5.3081e-03
-2.4431e-02
-3.8904e-02
-5.3197e-02
-5.0926e-03
-1.0835e-02
-7.4133e-03
-2.4726e-02
-1.3524e-01
-4.5024e-02
-9.5830e-02
-5.4827e-02
-4.0328e-02
-8.0925e-03
-1.0832e-02
-2.0518e-01
-1.3379e-02
-2.4918e-02
-1.3895e-02
-5.5112e-03
-4.0465e-02
-2.3927e-02
-1.1634e-02
-6.9152e-02
-1.8104e-03
-3.3931e-02
-4.2864e-03
-7.6201e-03
-2.9688e-04
-2.0617e-02
-1.6493e-02
-3.4186e-02
-5.6174e-02
-8.4130e-03
-5.9340e-02
-1.5092e-02
-1.5260e-02
-6.5231e-02
-5.7610e-02
-2.1411e-02
-5.2062e-02
-2.5829e-02
-1.0362e-02
-7.0373e-03
-4.4765e-02
-2.5233e-02
-3.1872e-02
-1.3934e-02
-2.7580e-02
-8.4639e-02
-6.6561e-02
-6.9248e-02
-5.5766e-02
-3.2966e-02
-7.7890e-03
-3.1572e-02
-5.0311e-02
-1.6605e-02
-2.6562e-02
-7.6415e-04
-8.7190e-03
-2.1411e-02
-2.8921e-02
-2.3439e-02
-3.7703e-02
-2.0175e-02
-6.7348e-02
-4.2679e-03
-4.3504e-02
-1.1360e-02
-3.6610e-02
-1.6998e-02
-8.2684e-03
-8.0563e-03
-1.4210e-02
-4.4669e-02
-4.7150e-02
-2.3560e-02
-1.7492e-02
-2.9626e-02
-4.9502e-02
-1.0148e-02
-4.2609e-03
-2.0896e-02
-3.9396e-02
-1.4360e-02
-1.6725e-02
-2.1605e-02
-2.7030e-02
-4.6405e-02
-3.2769e-02
-2.4811e-02
-1.9350e-02
-1.9680e-02
-8.7515e-03
-2.0613e-02
-1.4030e-02
-1.8883e-01
-1.6761e-02
-2.9598e-02
-2.1844e-02
-3.7358e-02
-1.6591e-02
-4.1011e-02
-6.4418e-03
-2.4114e-02
-1.5298e-01
-5.4007e-02
-1.4199e-02
-1.2772e-02
-1.7286e-02
-2.0077e-02
-1.3860e-01
-4.1481e-02
-2.4064e-02
-1.4920e-02
-3.4182e-02
-2.1490e-02
-1.0077e-02
-1.4459e-03
-2.7072e-02
-8.6570e-03
-2.9281e-02
-5.1379e-02
-2.7799e-02
-2.6138e-02
-3.0803e-02
-2.1821e-01
-1.5793e-02
-8.9798e-03
-2.9085e-02
-2.0885e-02
-1.5026e-03
-1.0085e-01
-3.9473e-02
-1.2720e-01
-6.3973e-02
-4.3534e-02
-5.9704e-02
-9.1803e-02
-4.6374e-03
-1.8572e-02
-1.0683e-01
-2.7762e-02
-1.0411e-02
-5.9377e-02
-3.5270e-02
-2.2601e-02
-1.4595e-01
-1.7787e-02
-2.1180e-03
-3.5867e-02
-1.6452e-01
-3.5567e-02
-7.4906e-02
-2.0228e-02
-4.2901e-02
-1.4273e-02
-1.8595e-01
-5.2420e-02
-1.2974e-02
-4.4276e-02
-2.6202e-03
-1.8483e-02
-8.9085e-04
-1.1294e-01
-3.1338e-02
-8.4046e-02
-2.8321e-02
-1.0564e-01
-2.4964e-02
-3.8970e-02
-2.2114e-02
-1.8163e-02
-1.7097e-02
-6.2136e-03
-2.2951e-02
-3.8102e-02
-1.3397e-02
-4.8128e-02
-1.4108e-02
-2.2448e-02
-1.1069e-02
-2.0925e-02
-3.0872e-02
-3.2397e-02
-3.8212e-03
-2.0537e-02
-4.9818e-02
-1.3340e-01
-1.0583e-01
-5.0886e-02
-4.1473e-03
-5.3019e-02
-3.6382e-02
-2.7882e-02
-9.8615e-02
-2.5740e-03
-9.5955e-03
-3.5661e-03
-8.2607e-03
-1.1090e-02
-2.2704e-02
-2.2057e-02
-2.1511e-02
-6.0304e-03
-5.1566e-02
-1.8984e-02
-1.5181e-02
-6.9066e-03
-7.7646e-02
-1.3084e-01
-1.6382e-02
-3.8892e-04
-2.3269e-02
-4.3385e-02
-9.5860e-03
-3.0000e-02
-5.0889e-02
-5.8557e-02
-4.9799e-02
-4.9628e-02
-3.8294e-02
-2.1706e-02
-4.6447e-02
-3.0479e-02
-2.4752e-03
-9.1840e-02
-4.7746e-03
-1.5130e-02
-4.1279e-02
-6.4618e-02
-5.4775e-02
-4.1849e-04
-1.4588e-02
-1.8143e-02
-1.9418e-02
-4.1618e-02
-1.5780e-01
-2.8354e-02
-3.3658e-02
-5.4251e-02
-4.9381e-02
-1.6380e-02
-2.2348e-03
-2.5591e-03
-1.5647e-01
-2.7327e-02
-1.1533e-02
-1.3633e-02
-4.5568e-02
-2.9096e-02
-1.9815e-02
-3.2287e-02
-3.7505e-02
-4.9811e-02
-3.5264e-02
-4.4661e-02
-3.7859e-02
-4.7131e-02
-6.3772e-03
-8.9392e-03
-4.2021e-02
-2.0726e-02
-2.2548e-02
-4.9613e-02
-1.3482e-01
-2.3280e-02
-1.6683e-02
-2.0841e-02
-2.5532e-02
-1.2565e-02
-5.6066e-02
-1.6538e-02
-5.1548e-02
-2.9732e-02
-5.1877e-02
-4.5401e-03
-7.3642e-03
-1.4559e-02
-1.7271e-03
-3.2943e-02
-4.3657e-02
-2.5256e-02
-1.5167e-02
-1.4936e-02
-3.0605e-03
-3.1679e-02
-4.3569e-02
-5.1901e-02
-3.8369e-02
-2.6279e-03
-1.4120e-02
-1.1557e-01
-6.4847e-02
-3.5319e-02
-4.5838e-02
-1.2439e-01
-3.9471e-02
-3.8527e-02
-5.7160e-02
-1.4868e-02
-3.4623e-02
-7.6613e-03
-2.2308e-02
-2.0092e-01
-6.8681e-02
-3.6081e-02
-6.8073e-02
-2.6980e-02
-2.0105e-02
-1.2331e-01
-2.2118e-02
-3.9862e-02
-2.2412e-01
-1.2369e-01
-6.1400e-02
-4.4632e-02
-1.9961e-02
-1.6505e-02
-1.8036e-02
-3.7456e-02
-1.1713e-01
-3.1023e-02
-7.3817e-02
-2.2845e-02
-3.7511e-02
-7.1754e-03
-4.4283e-02
-6.5414e-02
-7.8129e-02
-2.2229e-02
-2.1818e-02
-4.5159e-02
-2.9339e-02
-5.7271e-02
-9.0792e-03
-1.6971e-02
-3.5752e-02
-5.2032e-02
-1.5607e-02
-7.0271e-02
-1.8444e-02
-1.1903e-01
-3.1355e-03
-1.7260e-02
-3.3584e-02
-2.4602e-02
-1.8241e-02
-9.6527e-03
-5.5280e-02
-1.2813e-02
-7.5206e-03
-4.9524e-02
-1.0973e-02
-4.9550e-02
-2.2043e-02
-1.7102e-01
-1.6686e-02
-7.9590e-03
-1.0511e-02
-9.4008e-04
-3.2382e-02
-1.3174e-02
-6.7710e-03
-1.8375e-02
-7.9588e-02
-3.4559e-02
-2.6901e-02
-4.4135e-02
-8.3480e-02
-1.1050e-02
-5.9919e-02
-5.5194e-02
-9.2483e-03
-2.7711e-02
-7.5439e-03
-8.4197e-02
-6.3562e-03
-2.9808e-02
-6.6638e-02
-9.4368e-03
-7.1843e-03
-2.0103e-02
-4.3517e-02
-9.6507e-03
-1.7192e-02
-1.0850e-02
-1.8871e-02
-1.4422e-02
-6.2140e-02
-3.0709e-02
-1.9872e-02
-2.5315e-02
-4.0700e-02
-7.7812e-02
-1.8399e-02
-1.4347e-01
-5.3744e-02
-3.0021e-02
-3.6221e-02
-7.9789e-02
-3.3575e-02
-1.8426e-03
-3.6578e-02
-5.3692e-02
-7.9283e-02
-2.5369e-02
-9.3311e-02
-2.2127e-02
-1.9729e-02
-1.0803e-02
-4.3612e-02
-1.5739e-03
-1.9657e-02
-1.9933e-02
-8.7267e-03
-2.2347e-02
-6.1797e-02
-2.3837e-02
-3.2673e-02
-3.1128e-02
-1.7825e-02
-5.7342e-02
-3.2234e-02
-1.5234e-02
-3.5245e-02
-1.3346e-02
-4.0444e-02
-2.3617e-05
-3.2465e-02
-3.3567e-02
-5.8825e-03
-2.6765e-02
-1.9035e-02
-1.6524e-02
-1.3654e-03
-1.0182e-02
-1.3640e-02
-6.6011e-02
-1.9939e-02
-3.0924e-02
-2.5860e-02
-1.1341e-03
-9.4264e-04
-2.0754e-03
-4.9445e-02
-1.3299e-01
-2.9900e-02
-6.2206e-03
-4.8742e-02
-7.6789e-03
-1.8681e-02
-3.6347e-02
-1.1389e-02
-2.3892e-02
-4.5028e-02
-4.9070e-02
-2.0665e-02
-8.8947e-03
-4.7452e-02
-2.7477e-02
-1.0568e-01
-7.4114e-02
-2.5668e-02
-9.1246e-04
-3.4365e-02
-3.3650e-02
-4.5442e-02
-4.9883e-03
-3.7937e-02
-2.2598e-03
-1.2434e-03
-3.1234e-03
-6.5654e-03
-1.2109e-02
-7.0876e-02
-2.4122e-02
-4.7330e-02
-5.2897e-02
-2.0620e-02
-1.9167e-03
-5.0730e-02
-4.1543e-02
-4.6339e-02
-3.2348e-02
-1.4577e-02
-7.0759e-02
-2.8196e-02
-1.0877e-01
-1.3291e-02
-2.0365e-01
-3.5074e-02
-1.4816e-01
-5.6639e-02
-3.1537e-02
-3.6084e-03
-4.4257e-03
-2.0148e-03
-4.8248e-02
-3.9242e-02
-5.6727e-02
-1.1588e-01
-5.0141e-03
-7.9417e-03
-2.7511e-02
-5.7722e-02
-9.7146e-03
-1.4942e-02
-2.6353e-02
-2.2890e-02
-6.7318e-02
-5.0179e-02
-1.5547e-02
-1.1392e-02
-3.0774e-02
-7.8200e-03
-7.5562e-02
-2.1537e-02
-1.8084e-02
-3.2352e-02
-2.5912e-02
-1.9374e-02
-1.2089e-01
-8.6013e-02
-3.6465e-02
-2.9666e-03
-1.3752e-02
-1.2525e-02
-8.2520e-02
-1.6467e-02
-2.6872e-02
-5.2641e-02
-8.1528e-03
-2.2003e-03
-4.5458e-02
-7.8467e-03
-2.0071e-02
-1.6033e-02
-9.0103e-03
-5.7659e-03
-3.1766e-02
-1.6990e-01
-1.4851e-01
-4.2476e-02
-4.8051e-03
-2.6021e-02
-3.3590e-04
-2.0048e-02
-5.6799e-02
-3.1424e-02
-3.1231e-03
-3.1321e-02
-2.1925e-02
-4.4892e-02
-4.0513e-02
-5.3564e-02
-2.5022e-02
-1.4924e-02
-9.8947e-03
-1.1624e-01
-4.7985e-02
-7.4865e-02
-1.0215e-02
-4.9017e-02
-5.9044e-03
-9.6051e-03
-4.2972e-02
-3.8440e-02
-6.2725e-02
-4.0427e-03
-1.1206e-02
-2.8551e-02
-1.5727e-02
-5.7281e-02
-3.6671e-02
-3.0475e-02
-4.1457e-02
-1.5897e-02
-2.7362e-02
-1.3460e-02
-2.1166e-02
-5.1520e-02
-3.4690e-02
-1.1708e-01
-2.7357e-02
-1.6882e-03
-2.2745e-01
-2.0711e-02
-8.1874e-03
-1.0988e-02
-3.6250e-03
-9.0899e-02
-1.1365e-02
-1.7809e-02
-3.9476e-02
-4.5910e-02
-4.0189e-02
-2.3462e-01
-1.4606e-02
-5.2418e-02
-3.2713e-02
-1.6042e-02
-5.8562e-02
-3.6234e-03
-3.4403e-02
-1.5017e-01
-4.3623e-02
-1.3416e-02
-5.7699e-02
-1.1455e-02
-2.6782e-02
-2.7521e-02
-7.3768e-02
-1.3483e-01
-9.7145e-02
-1.6165e-02
-2.1235e-02
-1.0246e-02
-6.9524e-02
-1.0371e-02
-7.5512e-03
-4.7301e-02
-1.2798e-01
-1.1432e-02
-4.3080e-02
-8.6674e-03
-8.7209e-03
-1.8229e-01
-1.1144e-02
-5.6775e-02
-1.3324e-01
-3.2099e-02
-9.9731e-03
-2.4592e-02
-1.0357e-01
-1.5954e-01
-1.3023e-03
-5.6269e-02
-1.3479e-02
-7.1206e-03
-3.2200e-02
-4.0996e-02
-8.9157e-02
-1.2278e-02
-1.2732e-02
-7.0458e-02
-4.8184e-02
-3.0818e-02
-6.6581e-03
-2.8466e-02
-1.0769e-02
-1.0710e-01
-2.3022e-02
-1.5615e-01
-2.5417e-02
-2.1232e-02
-1.6506e-02
-2.6465e-02
-2.2055e-02
-6.0545e-02
-5.1942e-02
-3.5357e-03
-2.2408e-02
-2.5699e-02
-1.2250e-01
-4.4964e-02
-2.2068e-02
-3.9149e-02
-5.6282e-03
-5.0687e-02
-6.4391e-02
-2.0759e-02
-1.1140e-02
-2.0601e-02
-1.2444e-02
-3.5819e-02
-8.6666e-03
-4.8669e-02
-1.5757e-02
-1.6437e-02
-2.9271e-03
-5.3896e-02
-5.6325e-02
-2.2070e-02
-2.0786e-02
-1.6180e-02
-9.0695e-03
-6.0301e-03
-2.6451e-02
-5.5685e-02
-8.3668e-02
-3.1835e-02
-5.0139e-02
-3.3153e-02
-2.5573e-02
-5.6250e-04
-5.7538e-02
-1.7956e-02
-1.4040e-02
-2.2193e-02
-4.6391e-02
-5.4445e-02
-2.8496e-02
-3.6525e-02
-4.0198e-02
-4.1209e-02
-1.4105e-01
-2.9259e-02
-1.2665e-02
-3.8289e-02
-1.5085e-02
-4.0032e-02
-2.9857e-02
-2.6461e-02
-1.0530e-04
-4.1778e-02
-6.5682e-03
-7.1957e-03
-2.4534e-02
-6.5740e-03
-1.0071e-01
-6.2246e-03
-2.2216e-02
-3.8907e-02
-1.1542e-02
-1.7522e-02
-3.1294e-02
-4.7615e-02
-2.6599e-02
-1.4408e-03
-4.0439e-02
-3.4429e-02
-1.5969e-02
-1.3669e-01
-3.8059e-02
-4.1586e-02
-2.4047e-02
-1.7858e-02
-4.9616e-02
-4.4519e-02
-5.8318e-02
-2.8791e-02
-2.1505e-02
-2.8364e-02
-2.4354e-02
-2.6078e-02
-4.1397e-04
-1.9231e-02
-9.2787e-03
-8.5677e-02
-2.6281e-02
-2.1916e-03
-4.5624e-03
-4.0192e-03
-1.6804e-01
-6.0791e-02
-1.8660e-02
-2.5280e-02
-4.5279e-04
-2.6958e-02
-1.8221e-02
-2.7865e-02
-2.0790e-03
-3.9668e-02
-1.0846e-02
-4.1823e-03
-2.5942e-03
-3.2898e-02
-1.3658e-02
-5.7069e-03
-3.6473e-02
-1.4165e-03
-2.9214e-02
-3.6997e-02
-3.4944e-02
-2.9926e-02
-7.9045e-02
-1.2778e-01
-1.0913e-02
-2.7245e-02
-1.2515e-02
-3.2400e-02
-6.1626e-02
-4.6847e-02
-4.4487e-02
-7.9792e-03
-3.3650e-02
-2.6208e-02
-4.5322e-02
-8.7418e-03
-1.2016e-02
-5.8739e-03
-3.8588e-02
-3.2064e-02
-1.0843e-02
-4.7436e-02
-4.4264e-02
-5.3722e-02
-1.3133e-01
-1.6746e-02
-9.3943e-03
-5.1249e-02
-7.8129e-03
-7.5267e-02
-4.3127e-02
-5.5887e-02
-1.0434e-01
-2.1792e-02
-6.1689e-03
-1.8940e-02
-1.5519e-03
-4.4845e-02
-4.3405e-02
-3.3705e-02
-5.3872e-03
-1.8261e-01
-3.2086e-02
-2.9024e-02
-4.3990e-03
-2.1754e-02
-2.1840e-02
-5.8579e-03
-4.7023e-02
-5.6601e-02
-5.1863e-02
-3.4572e-02
-3.2114e-02
-4.5393e-02
-1.7103e-02
-4.6085e-02
-2.9247e-02
-4.4062e-02
-7.2561e-03
-5.2771e-02
-2.4668e-02
-5.3536e-03
-1.8448e-02
-3.7426e-02
-1.8856e-02
-4.0312e-02
-7.7117e-02
-5.5182e-02
-2.0883e-02
-3.7369e-02
-8.8336e-02
-9.3621e-02
-3.0418e-02
-3.4914e-02
-1.0049e-02
-1.2442e-01
-1.2688e-02
-2.6904e-02
-3.7957e-02
-3.8806e-03
-4.3071e-02
-3.4566e-02
-4.1465e-02
-2.3987e-02
-6.8201e-03
-3.6670e-02
-5.9943e-03
-1.6859e-02
-4.2084e-03
-3.1222e-02
-4.8081e-03
-2.0955e-02
-3.5574e-02
-4.7328e-02
-2.2757e-02
-1.0834e-02
-9.5370e-02
-1.7154e-02
-3.6741e-02
-2.8894e-02
-2.0677e-02
-1.9818e-01
-2.1013e-02
-4.6861e-02
-2.0638e-02
-1.6526e-01
-1.2024e-01
-2.8921e-03
-3.3045e-02
-2.4014e-02
-1.3869e-02
-1.4635e-03
-3.7304e-02
-8.5419e-03
-4.0243e-02
-2.7175e-02
-1.0334e-01
-5.8153e-02
-1.5897e-01
-3.5388e-02
-2.8669e-02
-7.7026e-02
-2.8448e-02
-1.3224e-02
-3.9134e-02
-1.6621e-02
-3.5979e-02
-2.6436e-02
-1.0676e-01
-1.5925e-01
-3.8472e-02
-4.9889e-02
-2.5741e-02
-2.7970e-02
-3.5177e-03
-1.2502e-01
-2.3031e-02
-1.0713e-03
-9.8159e-03
-2.8414e-02
-3.8284e-03
-4.3149e-02
-1.3301e-02
-9.8184e-03
-3.7745e-03
-1.8191e-02
-3.3332e-02
-9.4690e-02
-8.1273e-02
-5.0339e-03
-7.0178e-03
-8.5120e-04
-1.9217e-02
-8.4888e-02
-3.3286e-02
-5.7292e-03
-2.2881e-02
-7.3486e-03
-7.1555e-03
-2.4844e-02
-1.8347e-02
-5.2045e-03
-2.7389e-02
-1.8114e-02
-2.6203e-02
-1.6867e-02
-2.0679e-02
-1.5383e-02
-1.2755e-01
-1.9669e-02
-7.9549e-03
-1.9391e-02
-4.4143e-02
-3.7678e-02
-4.3262e-02
-2.2077e-02
-8.9774e-03
-3.9998e-03
-1.4604e-03
-3.2996e-02
-2.0070e-02
-2.8192e-02
-3.2376e-02
-1.0016e-01
-1.1543e-01
-3.4921e-03
-1.1944e-01
-1.5852e-01
-2.0893e-02
-1.2618e-01
-2.9176e-02
-1.1217e-03
-9.2466e-02
-4.2281e-02
-7.2518e-02
-5.0421e-02
-1.1743e-03
-1.0490e-01
-3.0883e-02
-1.2841e-01
-2.1485e-02
-8.5794e-02
-2.6099e-02
-1.1459e-01
-4.0582e-02
-7.7450e-03
-9.1064e-03
-2.2332e-02
-1.0684e-02
-3.2919e-02
-1.4202e-02
-3.2083e-02
-3.0000e-02
-2.0442e-02
-3.5787e-02
-2.8784e-02
-8.0190e-03
-2.2937e-02
-7.2166e-03
-1.5800e-02
-7.4046e-02
-2.3488e-02
-1.1442e-02
-2.9868e-02
-7.4913e-02
-1.1888e-01
-1.4427e-01
-5.0401e-02
-4.7177e-03
-3.0261e-02
-3.4385e-02
-3.4436e-02
-1.9814e-02
-3.7441e-02
-5.9627e-02
-5.2309e-03
-1.9592e-02
-3.4460e-02
-1.8146e-02
-2.2905e-02
-5.1931e-02
-1.8481e-02
-1.4170e-01
-3.8732e-02
-1.6091e-02
-7.7382e-02
-3.1293e-03
-5.2712e-02
-1.8514e-01
-2.5287e-02
-4.8167e-02
-2.0236e-02
-3.1491e-02
-5.5642e-02
-2.3829e-02
-3.5289e-02
-2.6583e-02
-3.3030e-03
-2.0911e-01
-1.6103e-02
-5.7629e-02
-1.8387e-01
-4.0524e-02
-2.5257e-02
-7.7611e-03
-9.1873e-02
-4.0653e-03
-3.8884e-02
-5.5925e-02
-3.4751e-02
-1.4568e-02
-1.0899e-02
-5.6667e-02
-1.8738e-02
-1.9306e-02
-9.2228e-03
-4.6787e-03
-8.5344e-02
-3.7708e-02
-2.7366e-02
-3.7850e-02
-2.3438e-02
-1.4792e-02
-1.0351e-02
-8.1727e-03
-1.4144e-02
-1.7519e-02
-5.8235e-02
-2.3424e-03
-2.3132e-02
-3.3695e-02
-2.3868e-02
-2.1434e-02
-1.0097e-02
-1.4817e-02
-1.1473e-01
-1.9292e-02
-2.5802e-02
-4.2330e-02
-1.1584e-03
-3.4627e-03
-1.6894e-02
-8.0083e-02
-7.0301e-02
-8.3056e-02
-4.7128e-02
-3.8551e-02
-8.2396e-02
-1.4583e-02
-2.7194e-02
-8.7603e-03
-1.5279e-01
-4.6187e-02
-9.1711e-02
-4.3153e-02
-2.1223e-03
-4.4915e-02
-9.6003e-03
-3.5481e-02
-1.3426e-01
-4.1633e-02
-7.2225e-02
-6.2662e-03
-3.3691e-02
-5.5215e-03
-2.8714e-02
-2.5473e-02
-5.3639e-02
-9.5820e-03
-3.3783e-02
-3.1076e-02
-1.4259e-03
-1.4441e-02
-3.5208e-03
-4.7690e-02
-5.0625e-02
-2.6767e-02
-1.0735e-01
-2.7400e-02
-1.6907e-02
-1.1744e-02
-4.5453e-02
-3.2999e-02
-1.0979e-02
-2.3145e-02
-2.4753e-03
-3.7855e-02
-7.2846e-02
-4.5343e-03
-1.7930e-01
-3.8759e-02
-5.7125e-02
-1.4223e-02
-2.0261e-02
-1.9410e-02
-1.4683e-02
-4.1058e-02
-9.8894e-03
-7.5756e-03
-3.6814e-02
-2.4637e-02
-6.7588e-02
-1.4625e-02
-5.2455e-03
-1.5334e-02
-6.2783e-03
-3.0308e-02
-4.3343e-03
-5.1993e-02
-2.4755e-02
-1.4443e-02
-4.9990e-02
-9.7548e-02
-4.0892e-02
-2.6941e-02
-5.4206e-02
-1.1822e-01
-2.5397e-02
-5.4882e-02
-5.3706e-03
-2.0807e-03
-1.1771e-01
-4.0290e-02
-8.3795e-03
-2.1530e-02
-2.6071e-02
-1.9430e-02
-1.0015e-02
-8.1335e-03
-4.0446e-03
-1.7653e-01
-1.3726e-02
-2.3179e-02
-5.9471e-02
-2.5370e-02
-2.0221e-02
-2.1164e-02
-2.6585e-02
-3.5416e-02
-4.0266e-02
-4.0579e-02
-4.7562e-02
-3.4638e-02
-4.4172e-04
-6.4434e-03
-2.0236e-02
-4.4355e-02
-1.3433e-03
-1.5918e-01
-8.3374e-03
-2.9079e-02
-6.1962e-02
-3.6510e-02
-2.9311e-04
-5.4280e-02
-4.1116e-02
-6.6482e-03
-2.0331e-01
-3.1763e-03
-3.6533e-02
-2.4198e-02
-3.6858e-02
-1.0879e-01
-1.8799e-02
-5.0759e-02
-1.8627e-01
-9.4602e-03
-8.9323e-03
-1.6754e-02
-1.3611e-02
-4.5327e-02
-7.8773e-02
-3.7950e-02
-3.9581e-02
-3.7662e-02
-1.9849e-02
-5.4945e-02
-3.5282e-02
-2.8610e-02
-1.7480e-02
-5.7485e-02
-2.3819e-02
-1.6993e-01
-5.3551e-02
-1.8753e-01
-4.6220e-02
-7.8561e-03
-4.1503e-02
-1.3378e-01
-4.5750e-02
-1.1627e-03
-2.6229e-02
-7.7585e-03
-4.7433e-02
-7.6624e-02
-6.6304e-02
-4.1692e-02
-2.9327e-03
-6.2820e-02
-3.8520e-02
-4.2067e-02
-5.1784e-02
-1.1132e-01
-1.3156e-02
-2.6744e-02
-1.8465e-01
-2.0443e-03
-8.2689e-02
-1.5839e-02
-5.9966e-02
-7.6625e-02
-4.4103e-02
-1.6638e-01
-3.2104e-03
-4.8334e-02
-5.8617e-03
-3.8704e-02
-1.8091e-02
-1.2549e-02
-6.3266e-04
-4.5596e-02
-1.1476e-03
-8.4230e-03
-1.8636e-02
-3.8865e-02
-2.2746e-03
-6.1666e-03
-7.4132e-03
-1.1386e-02
-1.0795e-03
-6.7235e-02
-1.8759e-03
-5.2323e-02
-6.5513e-02
-8.5678e-03
-5.0080e-03
-4.5004e-02
-1.7527e-01
-7.2515e-03
-3.6428e-02
-5.4454e-02
-1.8713e-02
-2.3593e-02
-6.9045e-04
-2.6197e-03
-1.5505e-02
-1.3311e-02
-8.7450e-03
-3.9630e-02
-8.3219e-02
-1.1837e-01
-8.6684e-02
-2.1898e-02
-4.3871e-02
-2.9683e-02
-4.9442e-02
-7.0796e-03
-2.2815e-02
-8.4638e-02
-9.1024e-03
-2.8452e-02
-5.7709e-03
-1.6595e-02
-5.4010e-02
-2.7590e-03
-4.7749e-02
-5.5865e-02
-3.6885e-02
-1.8671e-01
-1.7585e-02
-1.8267e-03
-7.4168e-03
-2.1492e-02
-1.2000e-02
-1.7783e-01
-5.9847e-02
-1.2670e-02
-8.3730e-02
-5.1186e-02
-5.5566e-02
-5.7267e-02
-6.6397e-02
-8.9182e-02
-5.1520e-02
-2.1178e-02
-1.3325e-01
-1.1992e-02
-1.0383e-01
-8.4032e-02
-3.7141e-02
-1.0193e-02
-4.3081e-03
-1.8327e-02
-1.3064e-02
-5.8662e-02
-8.4780e-02
-2.8543e-02
-4.2856e-02
-3.4060e-02
-5.2250e-03
-3.4172e-02
-3.5946e-02
-1.2574e-02
-2.6866e-02
-4.3641e-02
-1.2110e-03
-6.1935e-02
-2.0150e-02
-1.2269e-02
-5.3035e-02
-6.6359e-03
-2.0199e-02
-6.7478e-02
-7.1974e-03
-5.1134e-02
-5.1300e-02
-7.1449e-03
-1.0281e-01
-5.8418e-02
-1.1841e-01
-1.8758e-02
-6.5567e-03
-2.5206e-03
-8.3511e-02
-1.5652e-02
-1.6003e-02
-4.0355e-03
-4.3002e-02
-8.6999e-02
-1.5972e-03
-8.0929e-03
-3.7535e-02
-1.4396e-01
-1.2781e-01
-2.9738e-02
-1.7494e-02
-2.0352e-03
-4.2937e-02
-2.2788e-02
-3.0599e-02
-1.5180e-01
-1.5981e-01
-4.7753e-02
-3.5369e-03
-3.3087e-03
-1.3161e-02
-4.6079e-02
-2.8878e-02
-3.7500e-02
-1.9422e-02
-3.7192e-02
-3.9346e-02
-9.5449e-03
-2.0056e-02
-5.0757e-03
-3.4331e-02
-4.3046e-03
-9.8278e-03
-5.2854e-02
-6.3256e-03
-4.8677e-02
-2.9254e-02
-5.1336e-02
-1.2420e-04
-5.2855e-03
-8.8862e-02
-2.0694e-02
-1.3141e-02
-1.3660e-03
-1.0342e-02
-2.6642e-02
-4.0480e-02
-5.8881e-02
-1.0077e-02
-9.2919e-02
-4.2598e-02
-1.4263e-01
-3.5528e-02
-3.9043e-02
-1.8220e-02
-5.4067e-03
-8.2233e-03
-7.5017e-02
-3.5935e-02
-3.2766e-02
-1.9218e-02
-2.4383e-01
-7.3680e-02
-3.0970e-02
-5.7454e-02
-9.0930e-03
-2.2788e-02
-5.5296e-02
-1.5531e-02
-2.6100e-02
-2.0573e-02
-3.2932e-02
-3.0971e-02
-4.6044e-02
-2.1212e-02
-1.8296e-04
-3.8941e-02
-4.8613e-02
-5.3294e-02
-5.8463e-03
-2.7803e-02
-1.0537e-02
-1.7321e-03
-1.9130e-02
-5.9148e-03
-9.0330e-03
-4.1257e-02
-2.1971e-02
-3.3896e-02
-2.6505e-02
-2.0151e-02
-2.2694e-02
-1.8895e-02
-3.3275e-02
-3.6397e-02
-1.5767e-02
-6.5975e-02
-4.3955e-03
-9.6162e-03
-5.2833e-02
-7.3469e-03
-1.9656e-02
-8.8225e-02
-6.5255e-02
-3.5363e-02
-3.6812e-02
-9.0300e-03
-7.7640e-02
-3.4804e-02
-2.5123e-02
-3.0935e-02
-5.2800e-03
-1.3370e-02
-2.4411e-03
-1.2948e-02
-5.5375e-02
-9.9908e-02
-3.9290e-02
-2.8245e-02
-1.7378e-02
-4.4075e-03
-3.4943e-02
-8.7391e-02
-3.6428e-02
-2.1689e-02
-3.4132e-03
-2.4641e-02
-3.2934e-02
-4.6903e-02
-1.2271e-02
-2.7581e-02
-8.0328e-02
-1.1136e-02
-1.5580e-02
-2.1748e-02
-2.6323e-02
-1.4876e-02
-1.7564e-02
-3.8673e-02
-7.2795e-03
-5.9425e-02
-4.0314e-02
-5.1996e-02
-5.0015e-02
-3.1554e-02
-3.9239e-02
-2.4258e-03
-1.4569e-02
-1.7768e-02
-2.4172e-03
-1.6583e-02
-2.7817e-02
-3.9742e-02
-1.9262e-01
-1.9974e-02
-5.3971e-03
-1.0893e-01
-2.2946e-02
-5.2179e-02
-4.8544e-02
-1.9062e-02
-1.1600e-01
-2.0238e-01
-8.1922e-04
-5.7033e-04
-7.0315e-03
-3.2776e-02
-1.3152e-02
-5.0055e-02
-9.8039e-03
-5.7029e-03
-9.4543e-02
-1.8636e-02
-4.6204e-02
-1.1334e-02
-9.9928e-03
-1.7098e-02
-1.9573e-02
-2.9336e-02
-1.2033e-01
-1.9899e-02
-2.6963e-02
-1.4194e-02
-3.1470e-02
-5.9364e-03
-1.8426e-02
-8.9705e-03
-8.3684e-03
-4.3578e-02
-7.8063e-03
-2.3849e-02
-6.1050e-03
-4.7144e-02
-1.1647e-02
-1.3709e-02
-4.3273e-02
-1.4326e-01
-3.7997e-02
-4.7012e-02
-1.0519e-02
-2.0470e-02
-4.3962e-03
-1.9851e-02
-1.6994e-02
-8.9169e-03
-5.6020e-03
-2.2385e-02
-3.6300e-02
-4.8450e-03
-8.6013e-02
-1.8578e-03
-3.1511e-02
-1.4827e-03
-3.6106e-02
-4.6197e-02
-3.8089e-02
-1.7325e-02
-5.6690e-02
-2.7887e-02
-3.4154e-02
-1.6544e-02
-6.7830e-02
-9.1713e-03
-3.9181e-03
-1.3836e-02
-2.5567e-02
-2.6334e-02
-4.8205e-02
-4.5968e-02
-7.7629e-03
-5.3920e-02
-2.2504e-02
-3.4183e-02
-2.1015e-02
-1.3352e-02
-6.7476e-02
-1.3495e-01
-9.1769e-02
-5.1374e-02
-4.0444e-02
-4.9068e-02
-7.5526e-03
-2.0423e-02
-8.2167e-02
-1.5670e-02
-1.5412e-02
-2.1035e-02
-1.2879e-02
-2.1269e-02
-1.1933e-02
-4.9061e-02
-4.2996e-02
-3.2756e-02
-8.9765e-03
-2.1227e-03
-1.0069e-03
-1.0287e-02
-1.0693e-01
-1.5148e-01
-2.8611e-02
-4.3493e-02
-2.6184e-02
-6.5095e-03
-3.9563e-02
-2.0028e-02
-3.1989e-02
-1.0562e-01
-1.5555e-01
-4.0353e-02
-1.9792e-01
-4.6794e-02
-3.7549e-02
-2.2302e-02
-2.5689e-02
-5.8577e-03
-2.4284e-02
-3.3988e-02
-6.6867e-03
-3.6694e-02
-4.3068e-02
-1.5925e-02
-3.6649e-02
-2.5366e-02
-9.7363e-02
-6.4517e-02
-1.8647e-02
-4.9711e-03
-4.9265e-02
-1.0366e-03
-4.1543e-02
-2.4968e-04
-2.0691e-02
-5.1645e-02
-1.5394e-01
-1.9832e-01
-1.1008e-03
-7.7520e-03
-8.4489e-03
-7.2935e-03
-4.0277e-02
-1.1362e-01
-9.4970e-03
-1.0017e-01
-3.7104e-02
-5.3750e-03
-7.8766e-02
-3.2886e-02
-5.4475e-02
-2.9004e-03
-6.1718e-02
-2.6384e-02
-2.4887e-02
-3.0312e-02
-2.8244e-02
-1.5382e-02
-5.0107e-02
-3.9841e-03
-4.5380e-02
-1.6589e-01
-1.0901e-02
-5.5479e-02
-1.2934e-02
-1.1828e-01
-4.2797e-02
-4.9775e-02
-1.9598e-03
-3.5938e-02
-1.1113e-03
-7.2098e-02
-3.1713e-02
-5.3038e-02
-1.1477e-01
-1.7225e-03
-2.5948e-02
-1.9064e-02
-2.7011e-02
-1.5567e-02
-1.7932e-02
-8.8826e-03
-4.1189e-03
-5.6640e-02
-2.8284e-03
-3.3662e-02
-4.1356e-02
-2.9745e-02
-9.3093e-03
-3.3914e-03
-4.0957e-02
-4.6087e-03
-3.1909e-03
-5.1896e-02
-6.3182e-02
-1.6091e-02
-2.1639e-02
-3.5970e-02
-1.9820e-01
-3.3685e-02
-2.1480e-02
-1.7293e-02
-3.3328e-02
-1.0467e-02
-8.0182e-03
-9.9212e-02
-1.5087e-02
-1.6004e-01
-4.9268e-02
-7.8941e-03
-6.2580e-02
-6.1598e-04
-5.6259e-02
-4.6957e-02
-1.0432e-02
-1.2742e-02
-3.9203e-03
-1.2913e-03
-2.2434e-02
-1.1771e-01
-4.2846e-02
-3.3706e-02
-1.4577e-01
-1.6798e-01
-3.5118e-02
-1.8242e-02
-3.3238e-03
-3.2534e-02
-1.2208e-02
-2.0875e-02
-1.2525e-02
-1.3256e-02
-4.3324e-02
-1.4959e-02
-1.4573e-02
-7.7769e-03
-2.6191e-02
-3.0976e-02
-2.2106e-02
-1.3634e-02
-2.5020e-02
-1.5846e-02
-2.0064e-02
-1.6368e-02
-2.4426e-03
-2.6515e-02
-1.2492e-02
-4.0344e-02
-1.0814e-01
-2.0791e-02
-4.0211e-02
-2.8764e-02
-2.2691e-02
-1.1925e-01
-3.5591e-03
-1.7285e-03
-4.0909e-02
-4.6427e-02
-1.1328e-02
-2.6046e-02
-3.2916e-02
-9.0988e-02
-1.6834e-02
-4.7329e-02
-5.6760e-02
-1.1117e-02
-3.8475e-02
-2.6326e-02
-4.7690e-02
-5.1926e-02
-4.9466e-03
-5.9765e-02
-2.5564e-03
-1.2568e-02
-3.9504e-02
-3.4908e-02
-1.4858e-02
-2.0379e-01
-2.2074e-02
-2.2619e-02
-1.9546e-01
-2.3857e-02
-3.1638e-02
-1.6162e-02
-1.0401e-01
-2.7427e-02
-1.5415e-02
-4.7147e-03
-4.4274e-02
-1.7308e-02
-4.2023e-02
-2.1813e-02
-1.1576e-01
-1.8823e-01
-1.6819e-01
-3.0718e-02
-1.3445e-02
-1.5276e-02
-1.1592e-02
-3.2528e-02
-3.0415e-02
-2.3309e-03
-3.5968e-02
-3.3436e-02
-1.0516e-01
-3.7587e-02
-1.0617e-01
-2.9554e-02
-1.5750e-02
-2.7419e-03
-1.9140e-02
-2.5359e-02
-1.0234e-02
-9.7473e-02
-3.3425e-05
-1.1566e-02
-9.4724e-03
-3.6790e-02
-3.3677e-02
-4.0689e-02
-4.6574e-02
-3.0743e-02
-1.3137e-02
-1.7569e-02
-3.7419e-03
-8.4933e-02
-1.0001e-01
-2.8130e-02
-8.0160e-03
-1.1088e-02
-3.3171e-02
-1.1727e-01
-1.0060e-01
-2.7894e-02
-2.5427e-02
-3.4172e-02
-3.0285e-02
-1.7375e-02
-3.5895e-02
-2.1763e-02
-3.4964e-02
-3.4942e-02
-2.6254e-02
-4.0396e-02
-2.2330e-02
-1.8781e-01
-1.5897e-02
-2.3513e-02
-1.6738e-02
-3.1080e-02
-2.4358e-03
-2.8780e-02
-5.8137e-03
-1.2412e-02
-1.9622e-02
-4.2960e-02
-1.8307e-02
-1.1131e-02
-4.7705e-02
-1.0571e-02
-2.7012e-02
-3.7498e-03
-1.4037e-03
-2.3964e-02
-4.5342e-02
-3.6256e-02
-1.1232e-02
-8.4390e-02
-4.5733e-02
-2.0439e-02
-2.9680e-02
-2.3282e-02
-3.7955e-02
-2.2314e-01
-4.0335e-03
-6.6139e-03
-3.6168e-02
-1.6083e-02
-2.5846e-02
-4.7942e-03
-2.6541e-02
-4.5570e-02
-1.5016e-02
-6.6003e-05
-3.2487e-02
-1.6603e-02
-2.0002e-01
-2.7612e-03
-4.0919e-02
-3.1819e-02
-1.6937e-02
-1.9266e-02
-3.5581e-02
-4.6884e-02
-2.0921e-03
-5.2448e-03
-3.8000e-03
-3.2545e-02
-3.7350e-02
-3.6186e-02
-4.0803e-03
-1.1689e-01
-5.6614e-02
-2.6626e-02
-3.2151e-02
-4.0167e-02
-4.8103e-02
-2.0206e-03
-3.1477e-02
-1.4428e-02
-1.7084e-02
-6.0826e-03
-4.5257e-02
-6.7184e-02
-4.9831e-02
-1.4236e-03
-5.1811e-02
-3.8676e-02
-5.2440e-02
-5.7367e-02
-3.4150e-02
-3.8583e-02
-3.8668e-02
-6.5905e-02
-4.5346e-02
-2.5134e-02
-9.4644e-03
-2.8346e-02
-2.2631e-02
-2.6250e-03
-1.2927e-02
-1.0022e-03
-8.2291e-02
-1.9638e-01
-1.1192e-02
-2.0024e-02
-3.3162e-02
-5.0187e-02
-4.7558e-02
-1.0566e-01
-1.8857e-02
-3.9406e-02
-3.9995e-03
-1.3382e-02
-9.3439e-03
-9.0312e-02
-7.4738e-03
-3.7065e-02
-6.8679e-04
-4.6345e-02
-5.0580e-02
-8.4574e-03
-4.4607e-02
-3.3032e-02
-1.1772e-02
-5.2559e-02
-1.7206e-02
-4.0023e-02
-1.2930e-02
-4.1797e-02
-3.8696e-02
-9.2237e-03
-1.5370e-01
-4.4574e-03
-8.8672e-02
-1.3236e-02
-3.6721e-02
-2.9985e-02
-5.1888e-03
-1.4265e-01
-2.2398e-02
-1.3687e-02
-9.7470e-02
-8.2968e-02
-1.2477e-02
-2.7261e-02
-3.2074e-02
-1.1085e-02
-9.2362e-02
-2.3659e-02
-3.4251e-03
-4.0834e-02
-5.1270e-02
-1.2694e-01
-4.0068e-02
-1.1083e-02
-3.2458e-02
-1.3996e-02
-4.4362e-02
-1.3054e-01
-3.3160e-02
-7.2310e-03
-6.4055e-02
-5.2471e-02
-1.0339e-03
-5.9466e-02
-1.4655e-02
-1.1742e-02
-3.7536e-02
-3.0540e-02
-4.6098e-02
-1.5234e-01
-4.0098e-02
-1.2997e-02
-4.7289e-02
-1.3797e-02
-1.4961e-01
-4.1699e-02
-2.2235e-03
-1.2381e-02
-1.3868e-02
-1.1732e-01
-4.0799e-03
-2.2169e-02
-2.1115e-02
-3.7166e-02
-2.1190e-02
-2.4093e-02
-3.0604e-02
-1.6771e-02
-3.1341e-02
-3.4599e-03
-2.8814e-02
-9.6335e-03
-5.2414e-02
-2.9028e-02
-2.0973e-02
-1.5627e-01
-6.8623e-02
-7.6801e-03
-1.3816e-02
-1.5494e-01
-1.6615e-02
-1.9525e-02
-1.9866e-02
-8.9139e-02
-5.3103e-02
-4.7486e-02
-1.3577e-02
-5.0080e-02
-1.2243e-02
-5.8396e-02
-1.5704e-01
-6.7463e-02
-3.1028e-02
-3.7248e-02
-3.8110e-02
-2.5095e-02
-4.7190e-02
-2.4019e-02
-9.6308e-02
-1.1707e-02
-1.5556e-02
-4.4328e-02
-1.3451e-02
-5.8878e-02
-2.7337e-02
-7.2889e-03
-4.0805e-02
-5.5506e-02
-2.2771e-03
-4.7597e-02
-3.9136e-02
-1.6268e-01
-3.4038e-02
-1.1388e-01
-1.3577e-02
-1.6029e-02
-5.2861e-02
-4.8760e-03
-4.8872e-02
-8.4926e-02
-4.0221e-02
-6.7054e-02
-2.1992e-02
-1.8328e-03
-5.0902e-02
-2.5224e-03
-1.0281e-01
-5.9245e-02
-3.6487e-02
-1.3130e-02
-1.6656e-02
-2.0630e-02
-9.4351e-03
-8.0518e-03
-2.8740e-02
-2.0887e-02
-1.0412e-02
-3.0585e-02
-1.3802e-03
-6.7103e-03
-9.4021e-02
-2.0654e-02
-1.5014e-02
-2.1548e-02
-1.7055e-03
-1.0537e-01
-3.9954e-02
-2.2550e-02
-2.7732e-02
-1.0316e-01
-6.2549e-03
-2.2112e-02
-1.1444e-02
-1.9599e-03
-7.4457e-03
-4.6756e-02
-2.2784e-02
-1.8787e-02
-5.9619e-02
-4.8476e-02
-1.5647e-02
-5.2023e-02
-1.7117e-02
-2.9307e-03
-2.3504e-02
-8.7270e-02
-1.2501e-02
-4.8637e-02
-1.2819e-04
-8.4684e-02
-4.8396e-03
-4.2010e-02
-7.4012e-03
-6.5034e-02
-1.6188e-02
-1.4364e-02
-1.0208e-02
-5.5197e-03
-6.7423e-02
-9.2863e-02
-2.7429e-02
-1.0054e-01
-5.0913e-02
-1.3616e-02
-3.0116e-03
-1.2176e-01
-2.2605e-02
-2.0850e-01
-4.4082e-02
-4.5289e-02
-4.4090e-03
-7.4610e-03
-9.8449e-02
-1.2213e-01
-1.2208e-01
-2.1400e-02
-1.2427e-02
-1.5632e-01
-2.1987e-02
-7.6043e-03
-5.4663e-02
-7.4771e-02
-4.8270e-02
-5.7121e-02
-1.6029e-02
-3.5483e-02
-2.6724e-02
-1.3796e-03
-8.7030e-02
-4.8666e-03
-9.7030e-03
-5.0682e-03
-5.8555e-03
-1.5045e-02
-7.4368e-02
-1.5622e-02
-5.3078e-02
-1.2979e-02
-4.2345e-02
-3.4491e-02
-8.6203e-03
-1.9931e-03
-1.1413e-02
-1.2933e-02
-3.1999e-02
-1.2913e-01
-4.5003e-03
-1.9537e-02
-5.1835e-02
-8.1478e-02
-1.2504e-03
-5.3924e-02
-2.9565e-02
-3.6036e-02
-1.1780e-02
-2.2074e-02
-4.6001e-02
-1.7592e-01
-1.7082e-02
-6.3626e-02
-4.3432e-02
-6.7616e-03
-1.4545e-02
-4.0405e-02
-1.7305e-02
-2.9586e-05
-1.4783e-02
-7.5623e-03
-5.1438e-03
-2.7359e-02
-4.0159e-02
-1.1768e-02
-3.5704e-02
-1.3785e-02
-5.6566e-03
-2.9207e-03
-1.1958e-01
-1.3374e-02
-1.5893e-01
-1.3252e-02
-1.3455e-01
-1.1753e-01
-2.8080e-02
-7.2478e-03
-1.0911e-03
-5.2297e-03
-2.0531e-02
-3.2631e-02
-9.3405e-03
-6.2190e-03
-9.6838e-02
-5.5320e-02
-1.5504e-02
-6.5575e-03
-4.1560e-02
-4.9499e-03
-5.6049e-02
-1.5862e-01
-1.6209e-03
-4.1989e-02
-1.3714e-02
-9.6611e-03
-3.7704e-02
-1.0620e-02
-1.3466e-02
-1.0375e-02
-2.9996e-03
-8.0629e-03
-2.4775e-02
-3.7730e-03
-8.6565e-02
-3.6503e-02
-1.2038e-02
-3.4232e-02
-2.0181e-02
-4.4463e-02
-6.2037e-04
-7.2451e-03
-2.2271e-02
-4.5123e-02
-5.9452e-03
-3.9926e-02
-1.6895e-01
-1.4862e-02
-1.4807e-01
-2.4366e-02
-3.1075e-03
-2.1586e-02
-2.2475e-02
-4.2750e-02
-1.0510e-02
-7.8133e-02
-1.7728e-02
-5.7019e-03
-9.6017e-02
-1.1667e-01
-2.5020e-02
-1.7661e-02
-3.9331e-02
-4.4930e-03
-7.8021e-03
-2.5569e-02
-5.5222e-02
-5.5893e-03
-9.9775e-03
-2.9980e-02
-2.3936e-02
-6.7000e-03
-4.7466e-02
-3.6382e-02
-5.5708e-03
-1.5315e-02
-7.1515e-04
-1.8780e-02
-1.4125e-02
-4.2772e-02
-1.9159e-02
-5.2943e-03
-3.8843e-02
-4.7702e-04
-3.3353e-02
-8.2630e-03
-4.3251e-02
-1.0365e-02
-4.3493e-02
-4.7632e-02
-6.7065e-03
-1.3342e-02
-4.5379e-02
-3.1238e-02
-2.9499e-02
-2.3689e-03
-4.0763e-02
-5.3933e-03
-3.2272e-02
-1.7699e-03
-1.8896e-01
-4.2068e-02
-8.1963e-03
-1.4781e-01
-5.3414e-03
-4.0176e-02
-4.0608e-02
-1.7464e-01
-1.2320e-03
-8.0956e-03
-1.4301e-01
-2.2742e-02
-5.5267e-02
-8.2920e-03
-1.5533e-03
-5.1584e-02
-3.5464e-02
-1.2823e-02
-5.0557e-02
-1.0272e-01
-2.2213e-02
-2.4678e-02
-4.0574e-02
-7.4542e-03
-5.7422e-02
-1.3993e-02
-2.0241e-02
-5.0890e-02
-3.0621e-03
-2.7222e-02
-8.8853e-03
-1.3121e-02
-1.5896e-01
-1.2128e-02
-5.4616e-02
-5.8131e-03
-4.0346e-02
-9.7290e-04
-1.2674e-02
-4.6795e-02
-1.0731e-02
-1.5929e-01
-1.7737e-02
-9.1136e-03
-5.1174e-02
-9.6990e-03
-5.8045e-02
-3.0101e-02
-4.0478e-02
-3.3404e-02
-2.1132e-02
-2.9868e-02
-5.8531e-04
-1.0470e-01
-2.9926e-02
-1.8364e-02
-4.2467e-02
-2.7147e-04
-4.8722e-02
-5.5950e-02
-4.6880e-02
-6.0596e-03
-5.0431e-02
-3.4506e-02
-2.8193e-02
-1.8145e-02
-2.7456e-02
-8.8778e-03
-6.8302e-03
-3.5547e-02
-8.9316e-03
-2.9665e-02
-5.0178e-02
-5.8910e-02
-2.1808e-02
-5.7417e-02
-6.0441e-02
-1.1664e-01
-4.3463e-02
-5.2808e-03
-1.6711e-02
-1.1506e-02
-1.9932e-02
-3.5502e-02
-9.0101e-03
-4.0970e-02
-5.4930e-02
-4.6025e-02
-7.0149e-03
-2.4354e-02
-1.4545e-02
-1.0600e-02
-1.0691e-01
-7.9193e-02
-6.6308e-02
-4.2353e-02
-9.8543e-04
-4.4174e-02
-2.5327e-02
-1.4172e-03
-1.6681e-02
-4.4748e-02
-4.5008e-02
-1.7412e-02
-2.5853e-02
-5.2815e-02
-2.3373e-04
-6.4560e-02
-4.2345e-02
-2.4369e-02
-6.9438e-03
-1.7051e-02
-3.5041e-02
-8.5210e-03
-4.7000e-02
-2.4763e-02
-5.3699e-02
-1.2308e-01
-1.8044e-01
-1.4381e-02
-4.6000e-02
-2.7997e-03
-4.3979e-02
-1.3264e-02
-3.6847e-02
-4.6920e-02
-2.9545e-02
-3.6793e-02
-6.0541e-02
-4.9656e-02
-9.6793e-03
-2.6628e-02
-3.4215e-03
-2.1943e-01
-2.1206e-02
-2.7310e-02
-3.1304e-02
-6.8611e-02
-1.7976e-02
-2.6967e-02
-3.1969e-02
-1.0493e-01
-4.3424e-02
-2.1246e-02
-2.1670e-02
-1.9140e-01
-3.1186e-02
-2.6161e-02
-4.7031e-03
-1.7970e-01
-5.1193e-02
-6.8430e-03
-2.9345e-02
-3.2301e-03
-6.8250e-03
-2.3524e-02
-4.5143e-03
-4.3324e-02
-2.0418e-01
-3.2419e-04
-1.0601e-01
-1.4377e-02
-3.2180e-02
-1.2693e-02
-3.1126e-02
-1.9850e-01
-2.0612e-02
-2.2750e-02
-7.3833e-03
-4.1028e-03
-5.3675e-02
-1.5895e-02
-2.0633e-03
-2.8704e-02
-3.4943e-02
-1.5777e-02
-3.7520e-02
-8.6119e-02
-2.9255e-02
-7.4319e-03
-1.2680e-02
-1.1397e-02
-3.4014e-02
-4.9123e-02
-3.1493e-02
-8.5406e-03
-4.8211e-02
-3.7831e-03
-3.1849e-02
-1.7020e-01
-1.2449e-02
-4.2547e-02
-1.2314e-01
-3.5828e-02
-4.2144e-02
-3.1523e-02
-2.5090e-02
-5.7331e-03
-3.1975e-02
-3.5314e-03
-1.6376e-02
-4.1632e-04
-1.8914e-02
-2.4735e-03
-1.7147e-02
-1.4349e-01
-1.3656e-02
-2.1357e-02
-5.6406e-02
-4.6840e-02
-2.5350e-03
-2.6680e-02
-2.5645e-02
-8.9737e-02
-7.3930e-02
-1.4895e-02
-3.3952e-02
-2.2064e-02
-1.7318e-02
-3.5892e-03
-1.4595e-02
-1.2386e-01
-1.0135e-02
-1.2601e-03
-1.8400e-01
-2.8216e-02
-5.1011e-02
-4.3539e-03
-1.0367e-01
-1.1246e-03
-8.7900e-02
-1.8588e-01
-7.8876e-02
-1.3719e-01
-2.0245e-02
-2.1246e-02
-3.6015e-03
-1.0461e-01
-2.8193e-02
-4.9966e-02
-2.6457e-02
-2.0182e-02
-3.1135e-02
-5.5879e-02
-3.1510e-02
-3.1704e-02
-4.2923e-02
-1.9245e-01
-1.7570e-02
-2.2302e-02
-3.8839e-02
-3.3510e-03
-2.6362e-02
-4.1802e-02
-2.8165e-02
-1.6037e-02
-3.7216e-02
-4.3992e-02
-2.5890e-02
-6.9251e-03
-7.6761e-03
-3.8106e-02
-3.2841e-02
-1.6798e-02
-4.0898e-02
-8.4114e-02
-2.4613e-02
-8.5736e-02
-1.3884e-01
-4.9760e-02
-1.6556e-03
-4.4018e-03
-2.0702e-02
-2.9072e-02
-3.3087e-02
-3.8013e-02
-4.1687e-02
-8.4209e-02
-2.5930e-02
-3.7539e-02
-2.4092e-02
-1.2643e-01
-6.6558e-02
-4.7745e-02
-3.6009e-02
-5.0876e-03
-2.6902e-02
-3.9411e-02
-2.1516e-02
-2.1762e-02
-4.9807e-02
-1.3474e-02
-4.1840e-02
-4.7108e-02
-2.8590e-02
-4.2246e-02
-1.8834e-03
-4.7816e-02
-3.8018e-02
-7.1723e-02
-2.1502e-02
-4.2872e-02
-8.4723e-02
-6.4455e-03
-9.3183e-03
-1.5241e-02
-1.6030e-02
-1.4178e-02
-1.0085e-02
-1.7201e-03
-2.1928e-02
-4.7734e-03
-1.5049e-01
-1.5153e-02
-3.0310e-02
-1.0239e-02
-4.3301e-02
-3.9612e-02
-1.6319e-03
-2.7349e-02
-3.5351e-02
-1.7358e-02
-3.3553e-02
-1.9886e-02
-1.3682e-02
-1.7810e-03
-4.9155e-02
-4.2179e-02
-6.4277e-03
-1.9038e-02
-4.3366e-03
-3.2376e-02
-4.1065e-02
-3.1593e-02
-4.2342e-02
-2.8340e-03
-4.1410e-03
-1.9160e-03
-1.5519e-03
-1.6539e-02
-3.8613e-02
-4.7311e-02
-3.3513e-02
-5.7326e-02
-4.2700e-03
-1.8316e-02
-6.8329e-02
-1.3617e-01
-2.0139e-05
-1.1074e-01
-8.2097e-04
-2.4911e-03
-1.6419e-02
-1.4709e-04
-7.7700e-02
-1.3965e-02
-1.4192e-02
-4.2894e-02
-2.6542e-02
-3.4987e-02
-4.1813e-02
-3.0593e-02
-1.8642e-02
-1.7369e-02
-1.3418e-02
-1.1341e-01
-5.3481e-02
-2.9752e-02
-1.1742e-02
-2.3301e-02
-3.5988e-02
-6.5772e-03
-1.6599e-02
-8.2230e-03
-8.9548e-02
-5.2979e-02
-2.7468e-03
-1.3482e-01
-6.7306e-02
-1.6283e-01
-3.5455e-03
-2.7769e-02
-5.0405e-02
-2.9940e-02
-1.2618e-02
-4.1711e-02
-6.5734e-03
-1.1284e-02
-1.5466e-01
-9.2766e-03
-2.8102e-02
-3.1294e-02
-2.3645e-03
-2.7292e-02
-4.5070e-02
-5.6887e-04
-9.6117e-03
-1.8359e-02
-5.5051e-02
-1.0685e-01
-3.8170e-02
-1.4802e-03
-2.2236e-02
-6.5551e-02
-9.5946e-03
-4.3971e-02
-4.3870e-02
-1.1060e-02
-9.6566e-02
-6.6168e-03
-3.2457e-03
-4.2223e-02
-3.2521e-02
-5.2064e-03
-5.3605e-02
-3.2235e-02
-1.2429e-02
-2.4596e-03
-3.1612e-02
-1.5501e-03
-1.8314e-02
-8.6463e-03
-1.7509e-02
-1.4823e-02
-1.8219e-02
-2.7122e-02
-1.2860e-02
-4.0621e-02
-3.2295e-02
-6.9372e-03
-1.2922e-02
-3.0850e-02
-5.1143e-02
-9.1390e-03
-2.2911e-03
-1.2806e-02
-3.3731e-03
-4.5758e-02
-4.8964e-02
-4.2603e-02
-1.2338e-02
-1.7969e-02
-1.5280e-02
-1.1886e-03
-5.9766e-02
-1.7153e-03
-6.5558e-02
-2.1608e-02
-1.0431e-02
-2.2761e-02
-3.5150e-03
-3.4698e-02
-1.3023e-02
-1.8682e-01
-1.6571e-02
-4.4816e-02
-3.2166e-02
-3.2317e-02
-2.2552e-02
-1.2445e-02
-3.0458e-03
-4.7052e-02
-4.8032e-02
-5.4537e-03
-3.4024e-02
-5.7053e-02
-3.9027e-02
-1.6002e-02
-1.4930e-01
-3.1822e-02
-1.4488e-02
-3.0210e-02
-1.7216e-02
-1.8048e-01
-2.7925e-02
-5.1049e-02
-6.2608e-02
-1.0141e-02
-2.5514e-02
-3.9921e-02
-1.4394e-03
-9.7488e-02
-2.8770e-02
-9.8054e-05
-4.5016e-02
-2.8642e-02
-3.0342e-02
-1.6270e-02
-7.1838e-04
-1.5612e-02
-3.7913e-04
-1.1736e-01
-4.0487e-02
-4.2048e-02
-3.1723e-02
-7.2482e-03
-4.5734e-03
-2.7211e-02
-5.2115e-02
-2.9257e-03
-4.0411e-03
-1.5902e-02
-6.1827e-05
-9.9098e-03
-4.9670e-02
-1.5006e-02
-5.8398e-02
-7.2556e-04
-1.3176e-04
-2.0126e-02
-1.7931e-01
-4.9300e-03
-1.2980e-02
-1.6225e-02
-2.9326e-02
-3.5790e-03
-2.8208e-02
-2.0983e-01
-1.0194e-01
-3.6980e-02
-2.7988e-02
-2.1669e-01
-2.8933e-02
-2.7272e-02
-3.7184e-02
-6.6120e-02
-4.5915e-02
-8.2402e-03
-5.0473e-03
-2.6385e-02
-1.5611e-01
-4.2237e-02
-3.4822e-02
-1.0779e-02
-8.7752e-02
-3.3917e-02
-1.2653e-02
-1.6566e-02
-1.6766e-02
-5.0512e-02
-2.4541e-02
-1.0796e-02
-2.1200e-02
-9.5590e-03
-1.7849e-02
-1.2907e-02
-2.9341e-02
-5.1983e-02
-1.9575e-03
-4.3659e-02
-9.6316e-02
-1.8568e-01
-2.1819e-03
-1.7861e-01
-2.3845e-02
-1.7987e-02
-1.6429e-02
-1.0099e-01
-2.9458e-02
-1.9932e-01
-1.8502e-03
-2.8697e-02
-2.1306e-02
-2.3817e-02
-4.1880e-02
-3.0473e-02
-4.5188e-02
-8.3103e-03
-5.1625e-02
-1.3007e-01
-7.5342e-03
-3.6178e-04
-4.9728e-03
-5.2836e-02
-3.8211e-02
-1.4708e-02
-2.1468e-02
-5.4228e-02
-7.8438e-02
-9.6470e-03
-1.1292e-02
-4.2445e-02
-4.4867e-02
-8.0642e-03
-1.3575e-02
-2.2196e-02
-7.9193e-03
-5.8510e-03
-6.6708e-02
-5.0917e-02
-3.9517e-02
-2.8481e-02
-2.2851e-02
-4.3165e-03
-3.6036e-02
-6.9588e-03
-2.2024e-02
-1.2772e-02
-2.1083e-02
-1.8736e-02
-6.9585e-02
-1.0912e-02
-1.1121e-02
-1.2681e-02
-4.1703e-02
-1.8725e-02
-7.3280e-03
-6.7297e-03
-1.3484e-02
-7.3212e-04
-2.3848e-01
-2.6066e-02
-8.3803e-02
-7.7690e-04
-2.1663e-02
-4.8852e-02
-3.1490e-02
-2.1970e-04
-2.2409e-02
-5.5744e-02
-4.3504e-02
-4.3710e-02
-4.4632e-03
-4.6002e-02
-5.1953e-02
-5.1132e-02
