1027	259	774	1676	2188	1039	1941	152	280	1181	545	1957	1322	1196	686	308	1972	1724	829	337	984	1000	2288	630	1143	766
2309	902	391	1800	1421	399	2193	530	1434	1947	924	1695	2338	1188	805	811	559	1839	821	2358	189	1088	834	467	1749	1624	1371	96	227	1891	740	360	747	363	1387	1138
1794	770	389	145	1942	1944	1049	153	2206	1183	1694	33	2212	937	682	180	56	953	59	1471	1606	74	1738	1102	724	600	2018	359	1767	1258	1011	119	2040	1401	2299	1532	2173	1278
256	5	1157	775	397	1165	914	662	2071	793	2203	1443	675	1577	946	566	1207	186	2235	444	699	1082	1353	1483	335	1621	1752	1114	1370	607	1897	1267	2035	2047
0	1793	1540	2187	1036	782	1555	665	1950	2337	1192	170	300	430	2351	951	1087	1984	960	322	706	1476	1096	585	587	1612	1500	1264	1913	2044
1921	517	8	1167	655	403	1560	2202	1563	539	1180	550	1709	1326	50	563	691	1846	2104	1346	198	327	717	2254	206	1874	981	2137	1243	1628	862	1512	107	875	1014
128	1795	516	6	1671	1678	1807	1296	1940	1687	2205	812	1965	942	1842	51	436	693	2230	1600	1219	708	2245	1736	2267	990	1378	484	2021	617	1135	1396	2293	1146
264	777	523	912	1553	274	1172	1812	1531	1051	1058	930	1450	433	2353	184	1851	1601	1481	1482	209	472	988	1245	1757	2272	2144	1124	100	1771	749	112	241	1266	756	375	121	2043	1916
390	395	401	1432	798	32	39	1706	941	1837	2359	1466	447	1345	835	452	1743	1617	1490	2131	980	1493	470	1241	91	733	221	351	234	1645	622	366	371	628
257	2306	1667	2308	2178	136	522	1422	17	2194	789	1177	1826	938	1717	1721	445	2110	1599	1089	67	965	1607	1486	847	1230	858	1115	1373	2143	739	488	2155	754	627	887	1148
135	1034	1803	268	14	1429	2073	29	1567	31	1827	806	1062	297	301	815	838	73	458	1867	207	2258	1747	604	1638	1255	876	2029	493	1904	368	1528	252
387	1158	1930	2321	786	1682	154	1182	799	1576	169	2349	1838	2224	1331	2228	2102	962	1858	2115	2114	1609	972	844	1751	475	104	1517	113	1524	1140	1144	377
2304	1537	144	1297	22	922	30	2335	544	543	670	935	681	683	302	1971	437	826	320	705	450	1474	716	2002	1366	602	864	230	238	2031	1390	1906	889
1665	1923	1414	1031	2314	267	1804	2061	273	18	1433	162	549	2218	1662	1201	1974	1853	319	1343	449	1348	2121	461	210	1619	1131	1644	2169	2298	638	1023
1283	262	1030	1550	271	1680	1426	2068	2070	2074	1821	160	932	552	296	1840	2100	2113	2242	1603	454	2119	1613	1359	2260	212	1502	1515	880	1392	892
7	2315	1169	1657	1686	1943	1559	295	936	1324	434	1852	964	463	2001	1745	1235	1109	986	220	2145	996	742	2027	1905	625	883	1909	249	2170	253	1791
642	1288	911	1554	1427	1044	2196	151	2199	409	411	1055	1312	1574	939	1074	2355	1470	2112	1221	971	78	2127	1127	2025	2281	2286	2032	114	1918
643	2182	1415	1814	1693	673	547	1317	47	1071	432	1090	68	1872	1363	86	1110	730	2273	1123	2148	1894	1895	1639	1129	1781	247	2174
896	1664	2307	1541	776	1809	2198	921	1050	415	1451	1584	1073	61	1598	1472	1477	1990	2247	710	202	1229	339	468	1501	869	103	2028	1004	243	2291	374
768	513	2311	1424	803	1833	555	307	1845	310	2361	1338	185	1344	1091	2371	1864	721	1108	2132	857	2266	2141	95	101	235	2164	1780	1145	379	124	2175
512	1413	393	2316	1166	783	1813	2077	1063	1959	810	701	200	2252	1997	1742	978	341	2133	347	860	1374	361	626	2163	2292	373	2296	1406
1549	785	2330	669	1953	1057	2345	1579	2356	314	316	2246	1993	459	1999	591	2257	1880	88	2142	1761	994	239	1912	1658
1285	2184	1295	660	917	537	282	541	1315	2084	1066	2094	1330	57	700	575	576	2250	590	2017	1256	492	122	1275
1666	2051	261	1670	2319	1304	666	1436	801	2210	1460	182	825	577	1489	87	1111	1882	1636	612	236	2036	2297	2171
386	4	2310	521	1292	1677	1679	528	542	1955	551	2344	1960	1578	556	2103	1593	2362	1084	715	1488	720	350	1121	1772	879	2294	2167	1786	382
1289	923	412	1564	1566	928	163	2343	1704	167	1452	58	1214	1854	840	75	855	1629	1760	2019	228	871	1388	1018	763	636	1149
2	1543	520	904	1419	284	2336	1442	809	1457	177	1725	1086	1733	1991	2124	80	229	1769	2158	2038	759	893
1161	657	1425	661	1951	418	420	2342	2354	188	1093	69	583	848	1753	1244	2013	863	231	621	750	2166	1785
772	1816	27	1054	2209	2083	291	1064	44	1204	2134	1883	2268	479	1250	1637	872	1899	109	1391	508
1536	1024	131	1042	25	1818	2204	926	1446	2215	1834	1456	819	711	457	2005	727	1754	225	1003	499	1147
2049	132	388	903	2185	1801	1938	1435	1438	1445	2214	1964	1077	1335	1213	325	330	204	1615	2135	2270	1519	1142	503	1656	1399
248	1824	836	637	421	2056	2059	331	1356	1198	1232	2160	1875	1302	664	1497	989	2334
2081	1411	2181	425	1418	1898	155	1134	1778	404	213	918	1336	538	603	1437
1985	2243	1092	1661	1928	504	1640	861	45	1966	303	1041	146	1393	1783	952	698	2269	2046
2305	2052	2057	1811	2200	1700	40	687	943	2236	2117	839	1996	856	2149	741	744	2282	362	1521	1141	1272
1632	1987	2244	963	164	1870	79	2191	2033	1777	1361	560	309	1237	2072	1849	1176	383
929	255	931	1989	1703	1354	2126	175	1262	976	270	723	276	1103	910	476	2012	159
385	1441	1447	1407	1708	2221	1903	1234	19	52	2099	1620	2098	1403	574	1823
1409	1633	995	1604	955	2179	1514	685	143	831	1887	1015	440	473	2263	315	1020	1919
448	193	98	357	1159	2087	620	1325	2220	1711	2128	1136	1202	751
1952	897	1570	323	1865	2249	426	2222	814	1556	1719	571	2301	1150
1347	1155	582	1162	171	2063	849	1654	2011
481	713	365	1614	1069	945	1716	1723
1120	1698	1861	870	1516	780	2255	211	888
1696	417	1697	707	1189	1383	1672	873	692	854	1848	345
133	1926	1160	906	2062	2064	1937	147	28	37	1061	427	562	690	573	588	1868	1499	991	1773	1775	1263	495	1523	500	2295
2054	649	1546	1547	1420	1551	659	1691	2207	2339	2213	677	1832	1970	1076	181	1847	194	1859	2248	843	1227	2006	1901	1649	498	885	1279
1281	265	12	1038	654	2190	402	149	278	533	1047	667	940	176	1585	822	1337	1734	2130	1107	1240	1884	605	222	1249	233	1646	1525	895
1153	791	1688	535	26	1440	1701	1318	553	2223	944	950	1206	1215	1728	579	967	2123	1740	1625	1377	2275	1126	619	877	1389	2287	635
1163	396	2067	916	796	287	1571	168	2090	2350	1199	1327	1718	1212	2111	1473	65	1218	841	1618	342	1239	1626	354	874	1139	1779	886	1398	1915
1284	1287	652	915	2326	663	1307	416	1572	1444	1702	1195	1581	1710	2231	2365	195	453	456	1362	1253	2278	997	1005	1520	1269	758	1910	1404	1534
1408	773	138	394	1806	1784	2323	794	2075	1565	674	2219	1588	1333	2357	1469	958	703	1732	966	1350	1224	2129	1873	1492	1503	610	232	878	760	1021	2302
1920	2053	901	139	1293	1402	1045	1175	1815	156	2225	2234	1981	709	1480	1355	466	1364	1879	2008	344	2009	346	1130	1652	2037	762
15	150	536	1820	2082	1828	816	1079	439	313	2107	1340	2241	201	1485	1869	1871	2139	1759	608	1254	1643	1016	507	510
899	137	1934	2192	529	2322	1428	1311	2208	1313	1956	561	2226	1722	2237	2238	959	460	333	82	218	1117	477	483	1511	1513	2026
2050	650	1548	13	525	1552	2324	1303	1945	2331	43	60	956	1856	1100	1360	1105	728	1242	1247	1505	1893	237	1133	624	634
2183	2055	909	1683	407	1561	927	2085	1448	1065	1713	823	697	570	1992	1228	845	977	2003	90	2020	2276	1508	999	1002	1394	1012	1908	254
641	1412	646	1417	1929	269	406	1056	161	1185	2080	422	1712	306	1222	199	1484	1368	985	474	1630	1770	618	1008	1650	501	502
1796	1927	2058	266	1935	16	272	788	277	2341	1961	1449	2096	1072	317	1341	2116	1860	842	203	1357	462	215	734	1382	490	110	1648	1782	2039	2168	1660
905	1035	2317	275	531	1173	1053	804	292	1319	565	442	1727	2125	974	471	482	868	2023	1896	1641	745	1137	246	250	1917	1790	767
1539	1291	1931	1423	2333	808	1836	1975	441	1597	1608	970	2000	598	1112	1881	1379	614	489	1257	1271	1400	123	2045	2303
1922	1669	1032	1545	778	2186	1037	2320	784	1575	1835	817	695	1720	824	63	1611	718	83	84	343	746	752	2165	1527	1659
2066	1684	1557	2329	671	423	46	1582	1459	1334	2363	62	336	81	1238	729	478	1631	866	1766	616	367	496	1017	890	765
644	140	2195	792	1948	2078	34	676	934	1067	1587	1461	1462	2367	1479	85	1627	2014	1634	1380	1128	2153	2156	380	381
142	1043	2327	1439	1699	1830	428	312	2106	1210	1857	1225	332	592	850	601	223	993	1890	1892	2279	1768	753	116	376	2172
258	771	3	645	1798	907	1689	1914	1314	1454	818	948	1467	191	324	71	968	469	1755	2140	998	743	106	1260	240	115	1526	506	1019	2300
260	1416	9	1294	1810	1174	1305	410	795	2211	2340	2216	2089	1707	1967	1342	580	1097	714	969	208	1877	853	1369	1118	353	1762	1647	118	1270
1028	1290	1168	148	1178	41	1968	1464	1081	190	1855	1220	70	719	1878	349	992	2146	2151	2154	1259	1902	881	245	891	1663
518	21	283	414	680	298	172	813	1715	179	2227	564	187	2109	446	961	197	1478	2264	2277	1001	2285	1007	1776	244	120
1924	527	281	1306	2041	1569	2348	567	183	329	1866	77	1746	982	1246	1119	1763	1125	2150	358	102	1006	2290	1653	761
129	1154	2180	653	20	2201	1825	546	1187	419	173	1200	1841	949	2232	1594	832	1475	1610	2253	1233	1367	732	1518	1535
519	1802	1675	279	1059	165	1958	294	299	431	1463	1731	581	1095	973	1998	1101	2256	1248	738	372	1022
130	1544	1673	524	908	532	790	285	1949	42	557	2097	55	2233	954	1083	2239	2240	1349	455	2251	205	2004	726	987	355	1509	1774
134	651	1946	540	158	1568	2217	178	435	2229	1208	828	578	2118	328	2120	846	725	214	1623	2261	613	370
1282	1674	1164	1562	157	1184	679	1453	1455	1844	1589	1209	1726	196	1863	93	737	2157	2289	882	629	1274	251
647	1033	787	1685	1048	1309	1316	933	1962	1843	1973	1595	321	1351	1226	975	1495	1496	1885	1504	2016	1507	125	639
514	263	1932	400	1558	1052	1060	2346	947	569	443	318	2122	1487	722	599	89	606	1375	105	2284	108	494	242	1788
384	2312	1819	2332	2088	684	1591	696	1982	830	2372	1605	326	837	1616	851	2010	867	356	2152	632	633	126
2197	1431	920	1310	1705	1194	2092	305	1078	1977	1339	572	957	72	1994	1106	596	216	1758	611	2022	631	1789
1410	2076	1186	36	678	424	1323	1068	1197	704	1729	1741	465	1372	1116	224	609	2274	2280	748	1132	2161	1276
2177	1936	1170	1171	1690	1692	925	49	694	1098	589	1744	1748	1622	1376	865	1888	486	1384	117	511
640	900	2065	1299	534	1817	797	413	2366	1216	1217	66	1737	586	979	2136	92	226	1635	615	364	623	2042
1	1025	1298	1320	2347	2352	304	311	702	1602	1231	1236	1498	1506	1764	1381	1261	1010	2162	1655	378
1113	1668	2265	1094	1799	2313	1642	2283	76	1583	2159	1395	1300	405	24	1465	348	2015
2368	290	38	1831	2024	1735	781	558	755	2325	23	2360	1179	1277	286	735
1889	2370	1223	10	1739	2318	1681	594	595	593	1332	1939	1301	1969	217	1530	1980	1533
99	1988	1252	1191	11	111	656	1009	2007	1886	438	1750	1592	731	1596	1822	127
1829	2086	712	1193	2091	491	1211	1933	429	1900	1329	1070	1205	1013	1979
1280	833	1538	451	35	1797	1286	2176	2093	658	1522	2101	505	2364
1730	1026	1765	807	1385	554	1995	2060	174	689	1714	1203	1397	983	1080	219	1756	94
1792	672	736	2147	485	166	487	1542	141	1651	1268	1365	1590	1850	859	894	2079
288	64	1986	802	1156	1510	1352	2095	1808	1104	1265	48	1046	1787	1308
352	289	1152	1251	2048	369	1491	2069	54	1978	827	764
480	1122	2030	398	526	1458	1907	338	2034	820	1911	1976	2138	1983
800	2328	192	548	1573	1190	1029	648	1040	884	408	1273	1468	1405	2271
1954	1805	1358	53	1430	1494	2105	668	1085
769	1862	1963	1328	913	1876	1529	1151
97	2369	515	293	688	2259	919	509
898	1099	1580	779	497	1075	340	568
1925	392	1321	1386	852	2262	2108
584	334	464	1586	597	757
2189
