-2.3964e-04
-1.2279e-01
-1.7470e-02
-9.8615e-03
-4.1079e-03
-1.6895e-03
-2.0860e-02
-1.3921e-01
-3.9396e-02
-8.9976e-03
-8.9421e-03
-6.4632e-03
-2.3540e-01
-2.2378e-01
-1.4567e-01
-6.1455e-02
-1.4007e-01
-4.2429e-02
-4.8906e-03
-2.7151e-03
-9.7625e-03
-2.6371e-02
-4.3086e-02
-5.6400e-03
-3.1364e-02
-4.4414e-02
-1.8697e-01
-2.6780e-02
-5.1235e-02
-3.0129e-02
-1.3495e-01
-7.7429e-02
-5.3276e-03
-4.5385e-02
-4.3941e-02
-1.6157e-02
-1.5860e-01
-1.4643e-01
-5.0116e-03
-3.7479e-02
-1.9820e-02
-5.7259e-02
-6.2768e-03
-3.4671e-02
-2.8227e-03
-1.4592e-03
-5.9295e-03
-2.8792e-02
-1.7631e-01
-5.3007e-02
-3.1105e-02
-1.1220e-01
-5.1554e-02
-5.6575e-02
-1.2259e-02
-5.4584e-03
-1.4774e-01
-4.6309e-02
-8.4451e-02
-4.9765e-02
-3.2520e-02
-2.8939e-02
-1.5937e-01
-4.2051e-02
-4.6928e-02
-5.6339e-02
-9.2350e-02
-3.5138e-02
-6.6982e-02
-1.9306e-02
-8.5179e-02
-4.8043e-02
-4.5716e-02
-1.5077e-02
-1.6698e-01
-6.1846e-02
-5.5950e-02
-2.3691e-02
-1.2841e-01
-1.1777e-01
-7.6578e-03
-2.7578e-02
-6.0692e-02
-9.6664e-02
-1.3033e-01
-3.1991e-02
-2.7866e-03
-5.6280e-02
-4.5666e-02
-1.1375e-01
-9.0718e-02
-1.0883e-01
-7.1674e-03
-8.2329e-02
-1.3113e-02
-1.2680e-03
-1.1855e-02
-3.2270e-02
-4.1475e-02
-3.8558e-02
-5.7325e-02
-2.5287e-02
-5.9794e-03
-3.9291e-02
-3.1625e-02
-1.2353e-02
-5.3926e-02
-3.5904e-02
-1.6341e-02
-4.0796e-02
-1.2038e-02
-6.5937e-02
-5.8238e-03
-3.2635e-02
-2.3410e-02
-4.9385e-02
-1.5455e-01
-3.0894e-02
-5.5638e-02
-2.3133e-02
-2.5823e-02
-3.5361e-03
-1.8024e-01
-4.1731e-04
-1.7592e-02
-2.1153e-01
-3.3185e-02
-5.8842e-02
-2.0778e-01
-3.5384e-02
-1.6757e-02
-3.7751e-02
-5.3610e-03
-2.0866e-02
-3.7400e-02
-4.9067e-02
-4.6613e-03
-2.5976e-02
-9.2736e-04
-5.8653e-02
-2.4210e-02
-9.7949e-02
-8.0040e-02
-8.1743e-02
-1.7157e-02
-7.2476e-02
-1.6208e-01
-4.8512e-02
-3.3530e-02
-1.3916e-01
-6.6410e-03
-3.7144e-02
-1.8832e-02
-9.2910e-02
-3.6704e-02
-3.7291e-02
-4.1161e-02
-1.7147e-01
-5.3310e-03
-4.3508e-02
-3.9694e-03
-4.3028e-02
-4.2005e-02
-1.2501e-01
-2.4124e-03
-8.7968e-02
-7.6887e-04
-1.7677e-01
-3.6077e-02
-2.1345e-02
-2.4090e-02
-2.2452e-03
-1.7281e-02
-3.4477e-04
-5.8085e-02
-3.4051e-03
-1.3065e-02
-7.2870e-02
-5.7635e-02
-9.4142e-02
-2.4485e-01
-3.3054e-02
-2.4263e-02
-2.0086e-01
-2.0619e-01
-1.7123e-01
-7.5469e-02
-1.0517e-01
-9.3806e-02
-3.5801e-02
-3.4759e-02
-2.5904e-02
-3.6432e-02
-3.7863e-02
-3.9793e-02
-4.8554e-02
-4.3816e-02
-5.5351e-02
-7.9267e-03
-1.7973e-01
-1.1937e-01
-9.8785e-03
-4.2405e-03
-1.9311e-01
-4.0927e-02
-4.5866e-02
-1.2001e-02
-3.3141e-02
-6.7012e-02
-1.4496e-02
-4.4254e-02
-1.7040e-03
-4.5665e-02
-6.9772e-03
-1.4129e-02
-4.6352e-02
-3.3566e-02
-1.3910e-02
-2.1666e-02
-3.2565e-02
-1.1231e-02
-1.5907e-02
-2.9126e-02
-5.7915e-02
-4.0661e-02
-1.1451e-02
-4.3915e-02
-8.3245e-03
-1.3427e-02
-6.0870e-02
-4.1111e-02
-7.9573e-02
-9.8520e-02
-1.6104e-02
-3.9481e-02
-1.9349e-02
-1.5944e-02
-1.0122e-02
-3.3507e-03
-3.1350e-02
-7.1466e-03
-1.2370e-02
-2.2299e-02
-7.3639e-02
-1.7093e-01
-4.8655e-02
-1.1655e-02
-2.8274e-02
-1.2948e-01
-2.1328e-02
-2.9116e-03
-3.6420e-02
-2.0300e-02
-3.6171e-02
-5.1540e-02
-1.1947e-02
-4.0947e-02
-2.5016e-02
-3.7877e-03
-1.8152e-02
-5.3135e-02
-1.0646e-02
-8.1288e-02
-4.0085e-02
-1.9102e-02
-4.1738e-02
-1.7991e-02
-3.6400e-02
-1.4811e-02
-2.5632e-02
-5.4512e-02
-1.6771e-01
-1.0226e-01
-1.0533e-01
-2.5865e-02
-4.4032e-02
-3.9482e-03
-1.6709e-02
-5.3937e-02
-2.2575e-02
-1.4177e-01
-4.6447e-03
-1.2073e-01
-1.2549e-01
-1.7035e-01
-1.4814e-05
-1.9758e-02
-2.3192e-01
-2.7049e-02
-2.1018e-02
-3.3731e-02
-3.0979e-02
-4.2266e-02
-1.7144e-02
-1.8131e-02
-3.2080e-02
-1.6218e-03
-3.4839e-02
-9.1807e-03
-3.0889e-02
-4.4959e-02
-4.6180e-02
-1.4102e-02
-3.4391e-02
-1.6119e-01
-2.8724e-02
-6.0698e-02
-1.9677e-02
-1.4583e-01
-4.2013e-02
-6.0572e-02
-3.8163e-02
-9.9663e-03
-3.2436e-02
-3.5207e-02
-7.0274e-04
-9.0618e-02
-4.6930e-02
-2.3907e-02
-3.1251e-02
-2.3482e-02
-2.3999e-02
-2.2049e-02
-8.1719e-02
-9.3124e-02
-9.9688e-03
-1.2599e-02
-7.9567e-04
-5.9335e-02
-1.3927e-01
-3.8636e-02
-2.4755e-02
-1.3379e-02
-4.1078e-03
-1.7741e-01
-7.7126e-02
-2.4291e-02
-1.8035e-01
-1.3077e-04
-3.3205e-03
-5.7942e-02
-3.3381e-02
-1.1239e-02
-8.2831e-03
-1.2943e-02
-2.2905e-02
-3.2443e-02
-1.1489e-02
-1.2044e-02
-1.8277e-01
-4.2142e-02
-3.3040e-02
-5.2609e-02
-2.3854e-02
-3.1757e-02
-4.7440e-02
-2.2904e-02
-9.3509e-02
-5.8919e-02
-9.6826e-02
-6.1883e-02
-1.7078e-03
-9.0559e-02
-3.1955e-02
-1.8989e-02
-5.6570e-03
-1.9282e-02
-4.5377e-02
-1.0838e-01
-1.1664e-02
-3.6501e-02
-1.6261e-01
-5.0176e-02
-4.4732e-02
-6.2635e-03
-7.1520e-02
-2.7597e-02
-8.2357e-03
-2.9751e-02
-8.0011e-02
-5.1229e-02
-1.0916e-01
-1.8389e-02
-6.0597e-02
-1.2445e-02
-2.3275e-02
-1.4028e-02
-1.7602e-02
-2.8307e-02
-4.0779e-02
-7.5366e-02
-2.2596e-02
-2.1627e-02
-8.7874e-02
-1.0566e-01
-6.2886e-02
-4.6125e-02
-3.8299e-02
-3.0009e-02
-3.9700e-02
-2.0424e-02
-6.1236e-02
-1.7823e-01
-1.5665e-01
-9.4407e-02
-4.1233e-02
-8.2699e-03
-3.7592e-02
-4.0853e-02
-5.9052e-02
-1.8065e-01
-1.1593e-01
-4.0925e-02
-6.1621e-02
-2.1335e-02
-4.7992e-02
-3.2049e-02
-9.1675e-03
-5.5774e-02
-3.2804e-02
-2.8240e-02
-1.0014e-01
-3.4414e-02
-6.7005e-02
-2.1195e-01
-1.5915e-03
-7.6529e-02
-6.7069e-02
-1.5013e-01
-4.2612e-02
-1.1819e-01
-4.1685e-03
-1.4923e-02
-9.9802e-02
-8.3508e-02
-1.1869e-02
-2.4692e-01
-3.4408e-02
-4.6138e-02
-1.2701e-01
-8.9846e-02
-7.5676e-02
-3.1584e-02
-2.0548e-02
-1.8702e-01
-1.7761e-02
-1.2453e-01
-3.9803e-02
-1.1743e-02
-8.8698e-02
-5.6737e-02
-2.1090e-01
-2.6126e-02
-1.3265e-01
-8.6117e-02
-1.6223e-01
-5.4583e-02
-2.1379e-03
-2.2688e-02
-1.5356e-01
-4.3619e-02
-1.0154e-01
-5.1672e-02
-6.6068e-03
-4.6805e-02
-8.5057e-03
-7.3024e-03
-3.0545e-02
-2.0290e-02
-3.5664e-02
-1.2622e-01
-5.7387e-02
-9.7191e-03
-1.6604e-02
-8.5879e-04
-5.2159e-02
-1.7829e-01
-1.5815e-01
-9.7381e-02
-4.7753e-02
-1.4164e-02
-3.0573e-02
-7.4149e-02
-5.1564e-03
-3.8684e-03
-2.0937e-02
-7.8159e-02
-8.6987e-04
-1.7963e-02
-2.1024e-02
-1.3265e-01
-5.3014e-02
-4.5290e-02
-1.4711e-01
-2.3669e-02
-4.6741e-02
-4.4466e-02
-1.2289e-02
-2.3900e-02
-2.1705e-01
-2.1653e-01
-4.1361e-02
-3.2297e-02
-5.4705e-02
-2.1441e-02
-8.5868e-03
-2.0452e-01
-1.6016e-01
-1.3748e-01
-5.2017e-02
-7.6249e-02
-1.1128e-02
-6.0662e-02
-4.7216e-02
-1.5739e-01
-5.6736e-03
-8.0494e-02
-6.5731e-03
-1.2995e-02
-5.8055e-03
-4.2486e-02
-4.9143e-02
-2.3766e-02
-1.9671e-01
-5.9963e-05
-1.7991e-02
-3.0834e-02
-1.3295e-02
-1.5063e-02
-1.3597e-04
-1.8427e-02
-1.7412e-01
-1.3134e-01
-1.5615e-02
-1.4091e-03
-4.0788e-03
-3.2134e-02
-1.7729e-01
-3.6819e-03
-1.4866e-01
-2.2346e-01
-2.3168e-01
-1.1289e-01
-9.9825e-03
-1.7962e-02
-1.1861e-02
-5.6456e-02
-2.2991e-01
-4.2277e-02
-7.4627e-03
-1.2888e-02
-9.7273e-02
-1.6553e-01
-2.2708e-02
-1.4428e-01
-5.7114e-04
-4.3238e-05
-3.8644e-02
-4.5490e-02
-9.3060e-03
-4.0587e-02
-2.7691e-02
-2.1362e-02
-2.0956e-01
-9.8387e-03
-2.9500e-03
-1.7397e-02
-1.0857e-02
-3.5879e-02
-2.7031e-02
-4.1004e-02
-4.1318e-02
-4.7468e-02
-9.8963e-03
-7.1724e-03
-3.8836e-02
-2.8784e-02
-3.9788e-02
-1.1813e-02
-8.1639e-02
-2.1220e-02
-1.7835e-02
-3.0601e-02
-4.1987e-02
-2.2868e-02
-2.8590e-02
-1.3863e-03
-2.0789e-03
-5.9314e-03
-1.7471e-01
-5.9371e-02
-2.6175e-02
-2.4581e-02
-4.3759e-03
-3.5454e-02
-4.5837e-02
-1.8704e-01
-3.1690e-02
-3.7403e-03
-1.4871e-02
-2.6446e-02
-1.8555e-01
-8.5026e-03
-5.3261e-02
-4.1052e-02
-1.2864e-02
-3.8532e-02
-9.0609e-03
-3.0597e-02
-2.8585e-02
-1.1739e-01
-1.6463e-02
-6.8513e-02
-1.5151e-01
-9.8402e-02
-1.2033e-03
-3.9671e-02
-3.8448e-03
-2.4632e-01
-8.3627e-03
-5.4017e-02
-5.8558e-02
-6.0110e-02
-3.6515e-02
-1.4100e-02
-4.1461e-02
-2.7892e-02
-2.3406e-01
-5.0809e-02
-5.6834e-02
-4.0274e-02
-1.3014e-02
-5.2674e-02
-8.6475e-02
-5.6307e-02
-1.9031e-01
-1.0999e-01
-2.8384e-02
-1.7560e-01
-2.5085e-02
-3.9953e-02
-2.5772e-02
-1.4281e-01
-7.0944e-02
-2.9521e-02
-1.7328e-01
-4.2728e-02
-3.0624e-02
-3.6234e-02
-4.9546e-02
-6.9242e-02
-3.2999e-02
-1.0928e-01
-3.5966e-02
-2.2140e-02
-2.1817e-03
-4.6270e-02
-5.6139e-02
-1.0018e-01
-2.0629e-01
-1.4219e-02
-8.7450e-03
-1.2135e-02
-1.7967e-02
-4.3326e-02
-1.2894e-01
-5.3979e-02
-2.4026e-02
-1.1463e-01
-2.2889e-02
-4.5450e-02
-1.5748e-01
-3.9804e-02
-3.1138e-02
-6.6613e-02
-2.0144e-01
-1.7661e-02
-5.8247e-02
-2.8750e-02
-1.1969e-01
-2.1440e-01
-2.1694e-01
-6.8883e-02
-3.7305e-02
-4.7398e-02
-4.4366e-02
-1.7041e-01
-2.8774e-02
-5.7355e-03
-3.3712e-02
-2.1255e-02
-3.1589e-02
-1.2907e-02
-9.3369e-02
-3.0629e-02
-7.3537e-03
-5.8436e-02
-1.0330e-02
-1.7557e-02
-1.5494e-02
-5.2926e-02
-1.8742e-02
-6.1901e-02
-9.7528e-03
-3.9779e-02
-1.8433e-01
-2.0824e-02
-6.0977e-02
-8.1292e-02
-9.2039e-02
-2.7736e-02
-9.3562e-02
-4.6782e-02
-1.4245e-01
-4.4313e-02
-4.4969e-02
-3.6125e-02
-3.3258e-02
-3.5402e-02
-1.8327e-02
-4.3028e-02
-1.5627e-02
-6.1348e-02
-2.2319e-01
-1.7440e-01
-3.5844e-02
-7.3015e-02
-1.5472e-02
-2.9536e-02
-3.9812e-02
-3.8317e-04
-3.0037e-02
-4.8854e-02
-1.0297e-04
-8.4180e-03
-4.3341e-02
-2.0098e-01
-9.4062e-02
-1.3724e-01
-8.7050e-03
-7.0433e-03
-7.2132e-02
-1.1680e-02
-7.6107e-02
-4.0730e-04
-1.6000e-01
-3.3624e-02
-7.9017e-02
-2.9481e-03
-6.6729e-03
-3.7089e-02
-1.8830e-03
-2.8520e-03
-4.5426e-02
-2.2959e-02
-3.0966e-02
-4.9406e-02
-4.5439e-02
-1.3161e-04
-2.2106e-02
-3.0069e-02
-3.4749e-02
-5.5235e-02
-1.6227e-02
-3.5516e-02
-4.2829e-02
-1.6398e-01
-2.6015e-03
-3.7265e-02
-5.5959e-02
-5.0827e-02
-2.4491e-02
-6.4615e-02
-8.2064e-03
-1.6259e-02
-3.9363e-02
-2.5639e-02
-2.4252e-02
-4.6929e-03
-3.4658e-02
-4.3703e-02
-1.6429e-02
-3.0840e-02
-4.6973e-02
-8.2832e-02
-2.4450e-01
-2.7101e-02
-8.7475e-02
-3.9085e-03
-4.7015e-02
-1.8689e-02
-1.3741e-01
-5.5902e-02
-9.7486e-02
-2.7889e-02
-5.9569e-02
-5.4838e-02
-1.8193e-02
-5.1227e-02
-5.1287e-02
-1.4144e-02
-1.1889e-01
-3.5263e-02
-2.4976e-02
-3.8403e-03
-7.4357e-02
-3.2455e-02
-4.3045e-02
-1.5840e-02
-7.6305e-03
-3.0952e-02
-6.1756e-02
-3.1073e-02
-1.6138e-01
-2.1687e-01
-1.0927e-01
-4.6937e-02
-5.8013e-03
-4.8310e-02
-7.8086e-03
-1.9802e-01
-6.4644e-02
-3.6966e-02
-3.0437e-02
-8.8164e-03
-5.2408e-03
-1.1638e-02
-9.1934e-03
-2.4800e-02
-4.2039e-02
-1.1021e-01
-2.1157e-02
-1.5143e-02
-1.5895e-01
-8.9305e-02
-3.8521e-02
-6.0449e-03
-2.6061e-02
-1.3786e-01
-5.5417e-02
-3.1865e-02
-9.3022e-02
-1.4478e-01
-1.0253e-01
-2.3447e-01
-1.3791e-01
-1.4087e-02
-3.7773e-02
-4.9121e-02
-1.9541e-02
-4.8691e-03
-1.7403e-01
-5.4993e-02
-1.2161e-01
-7.6760e-02
-2.1244e-01
-8.3422e-03
-3.6355e-02
-9.7853e-03
-1.5792e-01
-4.3367e-02
-3.7932e-02
-3.0665e-02
-7.1690e-02
-9.4549e-02
-5.2923e-03
-2.2252e-01
-2.2480e-02
-5.1644e-02
-3.3441e-02
-3.9162e-02
-1.1286e-01
-1.7603e-04
-1.0158e-02
-2.7885e-02
-2.1959e-02
-2.4201e-02
-2.9818e-03
-3.2152e-02
-1.4042e-01
-4.5973e-02
-1.9984e-02
-1.2816e-02
-1.0966e-01
-1.9519e-02
-3.0709e-02
-7.6565e-02
-7.5887e-02
-1.1583e-01
-1.0031e-02
-5.1562e-02
-5.1796e-02
-5.2199e-02
-8.0050e-02
-5.3381e-03
-1.9402e-01
-1.8543e-02
-2.0820e-01
-6.4273e-02
-1.7954e-01
-2.4242e-02
-3.1185e-02
-3.0312e-02
-1.5210e-01
-1.4161e-01
-5.1126e-02
-2.3870e-03
-1.5247e-01
-1.6938e-02
-3.7575e-04
-1.0713e-01
-1.7595e-01
-1.1493e-01
-4.9890e-04
-4.1187e-02
-6.9639e-03
-3.3469e-02
-1.9233e-02
-1.4230e-02
-2.7066e-02
-1.2497e-01
-2.3979e-02
-1.3183e-02
-3.5610e-02
-5.6020e-02
-1.6886e-02
-3.3161e-03
-5.1836e-02
-3.8236e-04
-2.0152e-02
-2.5772e-02
-5.9123e-02
-1.1182e-01
-1.3583e-02
-3.3015e-02
-8.5440e-02
-3.4537e-02
-3.7276e-02
-4.6145e-03
-5.2225e-02
-4.4935e-02
-8.3262e-03
-5.5004e-02
-7.1948e-04
-5.0376e-02
-5.2497e-02
-5.8101e-02
-2.2268e-02
-1.5525e-02
-5.2643e-02
-1.7376e-01
-8.7170e-02
-1.5139e-01
-3.1571e-02
-8.6187e-03
-3.4061e-02
-9.9310e-03
-2.4675e-02
-1.8043e-02
-3.9681e-02
-1.1072e-02
-1.7422e-01
-1.8691e-02
-2.6190e-02
-1.1543e-02
-5.8551e-02
-7.0383e-02
-1.3192e-02
-3.1966e-02
-4.9974e-02
-1.1474e-02
-3.3921e-02
-9.3030e-03
-1.4372e-01
-2.5312e-02
-2.7324e-02
-3.0859e-02
-1.0723e-02
-4.3936e-03
-5.7296e-02
-3.6193e-02
-5.7657e-02
-2.2269e-02
-4.8463e-02
-1.4964e-01
-8.8136e-04
-4.7170e-02
-1.7041e-03
-6.0785e-03
-4.1982e-03
-5.8634e-02
-4.0331e-02
-2.3505e-02
-5.1221e-02
-8.1632e-02
-1.1990e-02
-4.8294e-02
-8.6843e-02
-1.6828e-01
-3.0598e-02
-1.1530e-02
-3.6271e-02
-7.9824e-02
-1.5631e-02
-4.3784e-02
-2.9016e-02
-3.2928e-02
-6.5781e-02
-2.8199e-02
-1.6173e-03
-4.5984e-02
-1.3993e-03
-1.9572e-02
-3.5836e-03
-8.0266e-02
-1.0020e-02
-2.0443e-03
-4.1483e-03
-1.2305e-02
-1.4051e-02
-2.0035e-02
-3.5153e-03
-3.5160e-02
-1.7539e-01
-8.3452e-02
-1.7617e-02
-1.4415e-01
-1.5313e-02
-2.9893e-02
-4.1054e-02
-1.2274e-02
-5.2922e-02
-1.3475e-01
-2.0496e-02
-2.1395e-01
-4.0540e-02
-1.6308e-02
-2.7535e-02
-4.5882e-02
-3.9165e-02
-2.1946e-01
-6.8552e-02
-8.3215e-02
-2.7875e-02
-1.7113e-02
-3.0623e-02
-8.1271e-03
-4.8780e-03
-7.9775e-02
-1.2776e-01
-1.7710e-02
-1.7673e-02
-2.9790e-02
-2.1926e-01
-1.1855e-02
-2.1232e-01
-2.6143e-02
-3.9229e-03
-5.7774e-02
-2.3860e-02
-2.0188e-01
-4.0352e-02
-1.6226e-02
-6.0125e-02
-5.7915e-02
-1.1359e-01
-5.2578e-03
-2.9320e-02
-5.6566e-02
-4.0860e-02
-1.0814e-01
-1.3865e-02
-1.4267e-01
-1.7987e-02
-8.6264e-02
-5.3344e-02
-3.3540e-03
-1.9497e-01
-4.7374e-02
-2.4231e-02
-2.1106e-02
-5.2002e-04
-1.0451e-01
-3.9986e-02
-1.2066e-02
-3.8438e-02
-3.4379e-02
-4.3065e-02
-3.7145e-02
-1.1588e-02
-1.4189e-01
-5.6832e-02
-5.4333e-02
-5.2687e-02
-2.0169e-02
-6.4402e-02
-6.2384e-02
-4.7529e-02
-1.8560e-02
-3.6114e-03
-9.5794e-02
-2.6076e-02
-2.9578e-02
-2.0257e-01
-4.7931e-03
-1.5020e-01
-1.3632e-01
-1.2983e-01
-4.7009e-02
-5.4773e-02
-1.5291e-02
-3.7147e-02
-4.4030e-02
-1.1353e-01
-4.2779e-03
-2.6631e-02
-2.1730e-02
-1.0453e-02
-6.9264e-03
-5.5178e-02
-4.2003e-02
-1.7872e-01
-3.4203e-02
-3.9631e-02
-3.0867e-02
-4.0880e-02
-1.3497e-02
-4.6394e-02
-4.8088e-03
-8.4020e-02
-1.6009e-02
-2.3261e-02
-2.1493e-02
-3.5501e-02
-3.5775e-02
-3.6714e-02
-2.3556e-02
-5.2796e-02
-2.5172e-02
-8.8779e-03
-4.9534e-02
-3.8031e-02
-4.8982e-03
-1.9851e-01
-2.8472e-03
-1.6012e-02
-1.2856e-01
-2.2917e-02
-1.3523e-02
-6.1215e-02
-1.9652e-02
-5.5960e-02
-3.5752e-02
-3.4461e-02
-3.7880e-02
-9.5930e-03
-3.7014e-03
-1.5143e-01
-1.0286e-02
-1.7216e-01
-6.7992e-02
-4.2516e-02
-2.4209e-01
-5.4313e-02
-5.2700e-02
-4.7443e-02
-1.0210e-01
-1.7901e-02
-7.5163e-02
-2.8940e-02
-9.3588e-03
-7.1883e-03
-7.2703e-02
-5.1923e-02
-2.4352e-02
-4.4834e-02
-8.0455e-04
-4.1610e-04
-1.0260e-02
-1.8607e-02
-3.4954e-02
-3.5625e-02
-4.1120e-02
-2.0536e-02
-2.3250e-01
-6.2028e-02
-1.0834e-02
-5.5461e-02
-4.7026e-02
-3.4384e-02
-6.7901e-02
-2.0495e-02
-1.6750e-02
-1.4296e-02
-2.1705e-01
-5.9896e-02
-1.0218e-01
-1.8500e-02
-9.1298e-03
-4.6828e-02
-1.5398e-02
-1.7409e-01
-5.9821e-02
-4.1815e-02
-2.1868e-02
-2.1206e-02
-3.8570e-02
-1.1870e-01
-4.6934e-02
-1.0286e-01
-1.4649e-01
-8.0213e-02
-4.5762e-02
-4.3873e-02
-2.9591e-02
-3.2225e-02
-3.3912e-02
-2.4896e-01
-5.0695e-04
-5.5536e-02
-1.8232e-01
-3.1367e-02
-6.1664e-02
-5.1440e-02
-5.2900e-02
-4.4589e-02
-1.0218e-02
-9.8705e-03
-1.1517e-01
-1.2700e-01
-3.7578e-03
-8.3292e-02
-3.0497e-02
-5.7768e-02
-2.5197e-02
-2.0882e-01
-9.1380e-02
-7.2906e-03
-1.6491e-01
-1.6395e-01
-1.8102e-01
-1.6525e-02
-9.1004e-03
-2.1936e-02
-4.8409e-03
-1.0914e-01
-3.7436e-02
-4.2722e-02
-1.9795e-02
-2.5497e-02
-1.2103e-01
-1.6883e-02
-6.8924e-02
-5.4998e-02
-4.4419e-02
-9.2404e-03
-3.4637e-02
-1.0999e-02
-1.0701e-01
-1.1328e-01
-1.9893e-02
-7.9608e-03
-1.0887e-01
-5.5085e-03
-1.5021e-01
-2.2594e-02
-3.1801e-02
-4.5306e-02
-1.2396e-01
-2.5432e-02
-3.0582e-02
-3.7005e-02
-1.2094e-01
-1.0562e-01
-1.0235e-01
-5.5765e-02
-4.2491e-02
-5.3938e-02
-4.3423e-02
-1.0172e-01
-2.0976e-02
-1.4687e-01
-1.3578e-01
-4.0765e-02
-3.7271e-03
-2.1529e-02
-1.5703e-02
-4.0233e-03
-3.0572e-02
-8.9826e-03
-6.8931e-02
-3.5868e-02
-2.4184e-02
-2.8936e-02
-1.5972e-02
-4.4753e-02
-8.4938e-02
-2.4539e-02
-2.0937e-02
-2.1163e-02
-3.0415e-02
-4.1388e-03
-3.6038e-02
-2.3662e-01
-4.4672e-02
-1.5273e-02
-1.2408e-01
-1.6088e-01
-1.4861e-01
-8.0849e-02
-4.1927e-02
-6.0350e-02
-6.1924e-02
-1.1909e-01
-5.0941e-02
-1.4421e-02
-1.9702e-01
-1.9531e-02
-2.3150e-02
-9.7963e-03
-4.3631e-02
-5.4195e-02
-5.5909e-02
-2.0882e-01
-2.6868e-02
-9.0852e-02
-6.5641e-02
-4.3540e-02
-1.6769e-02
-4.8965e-02
-3.9319e-02
-1.9512e-02
-4.0687e-02
-1.7654e-02
-5.3163e-02
-1.7184e-02
-1.2711e-02
-2.6409e-02
-1.6664e-02
-1.6919e-02
-2.4922e-01
-4.1018e-02
-1.3123e-02
-1.4021e-03
-1.1110e-01
-3.9163e-03
-2.9625e-03
-4.0302e-02
-6.0102e-03
-1.6360e-03
-6.8935e-02
-2.4075e-02
-2.0506e-01
-6.9648e-03
-2.2657e-03
-2.8999e-03
-1.3063e-02
-3.3849e-02
-1.0681e-01
-1.2404e-02
-1.5576e-01
-6.8889e-02
-4.1346e-02
-2.4395e-02
-5.0903e-02
-7.0872e-02
-6.6217e-02
-4.3423e-02
-9.2268e-02
-4.0161e-02
-2.7725e-03
-6.3550e-02
-4.9132e-02
-4.8537e-02
-1.6996e-01
-1.3190e-01
-2.9377e-02
-3.1589e-02
-3.6233e-02
-4.1384e-02
-8.7447e-03
-3.9171e-02
-2.0799e-01
-5.4699e-02
-1.6181e-01
-3.0425e-02
-1.3147e-01
-2.7795e-02
-1.0858e-01
-2.0344e-01
-6.0189e-02
-1.2824e-01
-1.9697e-02
-3.9738e-04
-1.3005e-01
-5.8183e-04
-3.4346e-02
-3.6852e-02
-5.7917e-02
-8.2917e-03
-3.8432e-03
-3.4552e-02
-3.7586e-03
-1.6428e-01
-4.9330e-02
-1.2708e-01
-2.4235e-02
-1.8001e-02
-4.3717e-02
-4.5690e-02
-3.8946e-02
-6.6343e-02
-1.2261e-01
-3.8318e-02
-9.2815e-02
-1.0236e-01
-1.7610e-02
-3.2907e-02
-7.4781e-03
-1.7991e-02
-2.6377e-02
-6.9163e-02
-2.0311e-03
-7.6023e-02
-4.2931e-02
-2.2001e-02
-4.5685e-02
-4.0576e-02
-1.9149e-01
-5.0731e-02
-6.2175e-02
-1.1052e-01
-3.0271e-02
-1.6931e-01
-6.4709e-04
-1.3375e-01
-1.3233e-01
-3.0625e-02
-5.4350e-02
-1.2565e-02
-1.4797e-02
-2.9763e-02
-2.4174e-02
-3.9660e-02
-1.5673e-01
-5.5266e-02
-5.7283e-02
-4.0866e-03
-1.4376e-02
-4.6585e-02
-4.9077e-03
-2.0156e-02
-4.7219e-02
-3.4839e-02
-5.4149e-02
-2.5309e-02
-2.6777e-04
-3.4543e-02
-2.4641e-02
-1.2527e-01
-1.9382e-01
-8.9427e-03
-1.4724e-01
-1.0954e-01
-5.2615e-04
-1.7677e-02
-1.6638e-01
-2.1171e-01
-1.2547e-01
-4.4956e-02
-3.8376e-02
-1.6392e-02
-4.4655e-02
-4.4419e-02
-5.6981e-02
-3.6206e-02
-5.2451e-02
-4.9736e-02
-2.0890e-02
-1.3421e-01
-2.9073e-02
-6.0642e-02
-1.7479e-02
-2.3899e-01
-1.4886e-02
-1.3527e-02
-3.2796e-02
-1.7163e-01
-1.5202e-01
-3.3976e-02
-8.5262e-02
-1.9741e-01
-8.6108e-02
-3.2134e-02
-2.4672e-02
-7.2125e-02
-6.7783e-02
-1.7607e-01
-5.4293e-02
-1.4152e-02
-3.5150e-03
-3.7908e-02
-1.4564e-01
-4.8116e-02
-2.3424e-03
-4.0340e-02
-2.2550e-02
-8.1441e-04
-3.3825e-02
-1.3198e-02
-1.9414e-02
-2.1780e-01
-2.8981e-02
-1.9444e-02
-2.2353e-02
-8.1143e-03
-4.3054e-02
-2.1560e-01
-5.2889e-02
-2.0423e-02
-5.8878e-02
-3.9483e-02
-5.8365e-02
-8.7059e-02
-2.5702e-02
-3.4454e-02
-2.8994e-03
-5.0172e-02
-4.1776e-02
-3.9475e-03
-7.8990e-02
-6.1008e-02
-4.5489e-02
-1.5784e-02
-3.2630e-02
-2.4760e-02
-6.5594e-03
-2.6953e-02
-1.8820e-02
-4.2648e-02
-9.4746e-03
-1.2457e-02
-4.5274e-02
-1.2637e-03
-2.7698e-02
-7.7940e-03
-2.2233e-01
-3.2935e-02
-5.1131e-02
-5.8121e-02
-1.7817e-02
-5.3941e-02
-1.8477e-01
-2.9581e-02
-3.5823e-02
-4.5096e-02
-5.7913e-02
-4.3643e-03
-4.6691e-02
-5.8094e-02
-1.7082e-02
-4.4327e-02
-5.7060e-02
-1.7059e-02
-1.7357e-01
-1.3831e-02
-1.1134e-01
-1.4484e-02
-2.8683e-02
-1.1044e-01
-2.6465e-02
-1.9259e-01
-3.1294e-03
-6.2165e-03
-1.6257e-01
-3.8454e-02
-3.1677e-02
-3.7410e-02
-2.2444e-02
-4.0699e-02
-3.2415e-02
-7.4614e-03
-3.7886e-02
-1.6395e-01
-3.3089e-02
-4.1743e-02
-3.9957e-02
-3.1623e-02
-8.9910e-03
-1.9417e-02
-5.4082e-03
-3.6563e-03
-5.9362e-02
-1.8531e-02
-2.2140e-01
-4.0934e-02
-7.1918e-03
-3.1670e-02
-5.1243e-02
-4.7009e-02
-9.7670e-02
-3.2859e-02
-2.8715e-02
-3.0755e-02
-4.6814e-02
-4.4555e-02
-2.2757e-02
-5.5283e-03
-2.6824e-02
-8.5101e-03
-2.3073e-02
-1.7284e-01
-7.1719e-02
-3.9934e-02
-5.7077e-02
-4.2605e-03
-1.4597e-03
-1.1450e-01
-2.8885e-02
-2.2279e-01
-3.9616e-02
-2.9315e-02
-1.7332e-01
-1.2831e-02
-2.4845e-03
-3.0521e-02
-1.9778e-02
-1.6260e-02
-1.1755e-01
-1.3714e-02
-4.0744e-02
-7.8498e-02
-5.9819e-02
-1.0696e-01
-1.1581e-02
-3.4794e-03
-2.6363e-02
-3.6372e-02
-1.5836e-01
-1.9989e-02
-8.1885e-03
-8.6084e-03
-5.8912e-03
-7.3791e-03
-1.2511e-01
-4.7899e-02
-1.4159e-02
-5.2266e-02
-9.4534e-02
-2.0401e-02
-1.0683e-01
-1.8909e-01
-4.7943e-04
-6.7099e-02
-3.5296e-02
-3.0094e-02
-2.2383e-02
-1.2281e-02
-2.9787e-02
-7.4148e-02
-8.3623e-02
-1.3308e-01
-8.9423e-03
-2.1722e-02
-3.1560e-02
-8.8853e-02
-6.9237e-02
-1.9016e-02
-2.6176e-02
-1.9968e-01
-8.3834e-03
-1.3369e-02
-7.0361e-03
-3.9841e-02
-6.4130e-03
-8.4690e-03
-5.4089e-02
-1.1601e-02
-2.6485e-02
-7.6611e-02
-5.2540e-02
-2.7846e-02
-6.8317e-03
-3.9307e-02
-2.1069e-02
-9.0834e-02
-1.5892e-02
-4.7729e-02
-1.1013e-01
-1.6847e-01
-3.4174e-02
-8.5765e-02
-6.2808e-03
-1.3236e-02
-9.7437e-02
-4.1466e-02
-9.2701e-02
-1.7390e-01
-3.7736e-02
-3.8135e-02
-4.2632e-02
-1.7278e-02
-3.6713e-02
-1.1597e-02
-1.3761e-02
-7.5280e-03
-1.2094e-01
-3.9910e-02
-4.2221e-02
-2.4630e-02
-1.5147e-02
-5.9922e-02
-2.4244e-02
-3.2271e-02
-4.6557e-02
-2.5507e-02
-1.3247e-02
-8.8236e-03
-1.8282e-01
-4.9617e-02
-4.3153e-02
-5.7081e-02
-3.0429e-02
-1.0036e-02
-8.1518e-02
-2.5757e-02
-2.7704e-02
-1.2320e-02
-1.4512e-01
-5.4657e-02
-1.3407e-01
-1.0752e-01
-6.9097e-03
-5.6992e-02
-3.0067e-02
-1.3436e-01
-5.8207e-03
-6.8748e-03
-4.6501e-02
-5.5814e-02
-4.2998e-02
-5.6895e-02
-1.7519e-01
-4.3841e-02
-2.0473e-02
-9.3386e-02
-6.2371e-02
-4.2237e-03
-1.1400e-01
-7.4049e-02
-2.1727e-02
-5.5634e-02
-5.9166e-02
-1.3719e-02
-2.1996e-02
-5.1716e-02
-1.2107e-01
-2.7412e-02
-9.7268e-03
-2.2632e-02
-3.7436e-02
-5.9661e-04
-7.7818e-02
-8.1941e-02
-1.1186e-02
-3.8495e-02
-1.6680e-02
-5.2225e-02
-1.9274e-02
-7.6017e-03
-5.6350e-02
-1.3514e-02
-2.6827e-02
-2.7273e-02
-1.2557e-02
-3.4919e-02
-3.6723e-02
-3.9397e-03
-9.1254e-03
-1.7524e-02
-1.0952e-02
-7.4289e-03
-2.0771e-01
-2.7451e-02
-3.5704e-02
-3.1378e-02
-3.8055e-02
-2.5488e-02
-7.8960e-02
-1.6133e-02
-5.0479e-02
-4.5856e-02
-4.1626e-03
-1.3255e-01
-5.5583e-02
-1.1335e-01
-5.7774e-03
-2.3895e-01
-4.3657e-03
-1.7324e-01
-1.2384e-02
-2.2348e-01
-2.6650e-03
-1.7450e-02
-2.1568e-02
-1.5363e-02
-5.2984e-02
-2.8897e-02
-1.1878e-01
-4.4636e-02
-1.5989e-02
-1.2495e-02
-1.3043e-01
-1.1330e-01
-1.3096e-01
-2.4420e-02
-2.3008e-02
-2.2854e-03
-4.7034e-02
-5.7378e-02
-4.5261e-02
-2.8129e-02
-2.2444e-01
-1.0744e-01
-2.9199e-02
-4.8270e-02
-1.4613e-01
-2.0742e-02
-1.3745e-01
-3.0183e-02
-4.4943e-02
-2.3990e-01
-8.3209e-02
-4.3292e-02
-3.7792e-02
-9.5951e-02
-2.6053e-02
-4.0241e-02
-1.7692e-02
-5.4683e-02
-3.5790e-02
-2.2180e-01
-7.2390e-02
-4.2436e-02
-1.7725e-02
-2.7854e-02
-1.5679e-01
-4.1781e-03
-4.3817e-02
-1.2247e-01
-4.1047e-02
-8.9837e-03
-1.8481e-03
-1.1949e-01
-2.1814e-02
-9.1976e-02
-6.4365e-03
-1.1973e-02
-1.6480e-01
-3.9042e-02
-2.8271e-02
-1.8959e-02
-1.9537e-01
-9.0317e-03
-4.6774e-02
-1.0515e-01
-2.4823e-02
-1.7200e-03
-1.4805e-02
-9.1109e-02
-1.2701e-02
-5.4715e-02
-8.9240e-02
-6.0475e-02
-3.1821e-02
-5.0917e-02
-3.4089e-02
-4.7612e-02
-5.6870e-02
-5.3610e-02
-1.9733e-02
-5.5714e-02
-1.2913e-02
-3.5791e-03
-2.0271e-02
-3.0255e-02
-1.0868e-03
-8.2502e-02
-8.2738e-03
-2.9139e-02
-3.1327e-02
-1.4183e-01
-9.0076e-02
-1.2603e-01
-1.0127e-01
-4.9367e-02
-4.7365e-02
-2.2512e-02
-3.0759e-02
-7.8694e-02
-1.7697e-02
-1.2315e-02
-2.2937e-01
-1.3087e-02
-1.2819e-01
-4.3754e-03
-5.4994e-03
-3.6028e-02
-5.2684e-03
-3.7785e-02
-6.3918e-02
-4.6061e-02
-5.5677e-02
-4.1912e-03
-1.1901e-01
-1.2740e-01
-1.4440e-01
-1.9837e-01
-2.0059e-02
-3.3750e-02
-2.8640e-02
-2.1265e-01
-4.1904e-03
-4.9039e-02
-1.3337e-01
-3.7871e-02
-1.4527e-02
-6.5942e-02
-1.2608e-01
-1.9113e-01
-4.4770e-03
-3.3669e-02
-2.8388e-02
-4.4156e-02
-3.1631e-02
-5.3360e-02
-1.6701e-02
-3.3386e-02
-6.6772e-02
-1.8612e-02
-2.2882e-01
-8.3585e-03
-3.9266e-02
-9.1552e-03
-2.1423e-01
-6.5874e-02
-6.1134e-02
-4.8507e-02
-2.7014e-02
-3.4815e-02
-3.7613e-02
-4.8224e-02
-6.3138e-02
-1.6993e-01
-6.1100e-02
-1.9307e-01
-6.0194e-03
-1.2597e-01
-3.5733e-03
-2.2245e-02
-1.3101e-01
-5.0115e-02
-5.3231e-02
-3.6970e-02
-1.0314e-02
-1.4172e-01
-5.1299e-03
-3.4843e-02
-8.2277e-02
-7.0149e-02
-1.5724e-01
-3.7531e-02
-5.0656e-02
-2.0748e-01
-6.4782e-05
-1.8700e-01
-2.3087e-02
-5.9518e-02
-4.7369e-02
-3.5793e-02
-5.5424e-02
-4.8444e-02
-1.8903e-03
-1.5018e-02
-7.2575e-03
-2.1274e-01
-7.2509e-02
-3.0435e-02
-5.5644e-02
-3.5283e-02
-2.2910e-02
-5.3922e-02
-4.0040e-02
-1.4845e-01
-2.8522e-02
-5.3210e-02
-2.8672e-02
-4.5683e-03
-3.2348e-02
-1.2485e-01
-1.9637e-01
-7.3063e-03
-6.7272e-02
-1.6456e-02
-1.5263e-02
-2.3408e-02
-4.4579e-02
-1.5604e-01
-3.4301e-02
-3.2166e-02
-5.5146e-03
-1.7577e-01
-5.8997e-02
-3.6122e-02
-1.0016e-01
-4.5099e-03
-4.0211e-02
-2.5485e-02
-3.9861e-03
-2.2676e-02
-2.3075e-02
-5.4648e-02
-3.0598e-02
-6.8240e-02
-7.7494e-03
-2.4341e-02
-2.2524e-02
-2.1745e-02
-4.2455e-02
-1.6929e-02
-5.7340e-02
-1.5046e-02
-7.0188e-03
-1.2407e-01
-1.8440e-03
-1.3076e-01
-2.3891e-02
-3.5557e-02
-3.6815e-02
-2.1053e-02
-3.8156e-02
-2.1926e-02
-5.7412e-02
-4.4303e-02
-3.9201e-02
-2.8971e-02
-4.1176e-02
-6.1194e-02
-5.3947e-03
-2.8319e-02
-1.3105e-01
-2.9047e-02
-9.5651e-03
-1.6329e-03
-3.6430e-02
-8.1383e-02
-5.2270e-02
-1.9948e-02
-1.9904e-03
-1.9391e-02
-7.6365e-02
-1.1047e-02
-4.0476e-03
-1.0171e-01
-1.0414e-01
-3.4583e-02
-1.2963e-01
-1.9785e-02
-1.3384e-01
-1.1996e-02
-6.1526e-02
-2.1355e-01
-2.1768e-02
-1.3266e-01
-2.2599e-02
-1.3112e-02
-1.1068e-01
-3.4128e-02
-1.6949e-03
-2.0148e-02
-2.1689e-04
-1.3715e-02
-1.7510e-02
-1.6797e-02
-4.9046e-02
-1.2016e-01
-6.8126e-02
-4.9455e-02
-2.7430e-02
-8.9521e-02
-8.5345e-03
-9.8469e-02
-1.1598e-01
-4.4776e-02
-3.1901e-02
-5.3169e-02
-3.4317e-02
-3.3753e-02
-1.7946e-03
-1.2577e-02
-3.0156e-02
-1.3160e-02
-8.3552e-02
-1.7879e-01
-3.6363e-02
-1.3850e-01
-3.5364e-02
-2.7707e-02
-1.1800e-01
-4.3248e-02
-5.2197e-02
-1.3077e-02
-2.0938e-02
-9.5776e-02
-2.0009e-01
-1.6461e-01
-3.7618e-02
-1.0608e-02
-1.6460e-02
-1.9234e-01
-1.4274e-02
-5.7483e-02
-1.2008e-02
-3.4071e-02
-1.3039e-02
-1.5113e-02
-8.4483e-03
