-1.0023e+00
-2.1864e+00
-6.6535e-02
-1.0198e+00
-1.9180e+00
-9.0948e-01
-1.8603e+00
-1.8306e+00
-1.0748e-02
-9.0507e-01
-1.3078e+00
-1.1613e+00
-1.2607e+00
-2.1753e+00
-1.0249e+00
-2.2053e+00
-2.2241e+00
-1.6981e+00
-1.4160e+00
-8.5793e-01
-1.3582e+00
-2.0976e+00
-2.1204e+00
-2.2242e+00
-1.6150e+00
-1.3256e+00
-1.0698e+00
-2.2126e+00
-2.2173e+00
-6.9291e-02
-2.1902e+00
-2.2089e+00
-1.8682e+00
-1.0119e+00
-2.0782e+00
-2.2258e+00
-1.9252e+00
-2.2158e+00
-1.8753e+00
-1.8141e+00
-1.4512e+00
-1.8432e+00
-5.4251e-02
-1.6635e+00
-1.1989e+00
-1.8484e+00
-1.7725e+00
-1.4717e+00
-1.8068e+00
-6.4850e-01
-7.5814e-01
-6.5638e-01
-1.1505e+00
-1.9849e-01
-1.3789e+00
-1.7366e+00
-4.6598e-01
-2.1280e+00
-2.0522e+00
-4.4707e-01
-1.6121e+00
-1.5471e+00
-2.2241e+00
-1.0252e-01
-2.0740e+00
-2.0902e+00
-4.6838e-01
-2.1906e+00
-1.6000e+00
-1.3812e+00
-2.1722e+00
-2.0824e+00
-8.6006e-01
-6.4222e-01
-1.4343e+00
-1.0873e+00
-9.5902e-01
-1.5550e+00
-1.4035e+00
-2.0361e+00
-6.5817e-01
-1.6024e+00
-6.1216e-01
-2.1561e+00
-1.8124e+00
-2.1998e+00
-1.6401e+00
-1.3972e+00
-1.6943e+00
-1.6769e+00
-1.6366e+00
-9.4950e-01
-2.1767e+00
-1.1297e-01
-2.1508e+00
-8.0167e-01
-1.8106e+00
-2.0336e+00
-1.4692e+00
-1.8210e+00
-1.7509e+00
-4.9663e-01
-1.8445e+00
-1.1829e+00
-2.1490e+00
-1.8795e+00
-3.6006e-02
-4.0589e-01
-1.4654e+00
-1.5653e+00
-2.0696e+00
-2.1067e+00
-1.1253e+00
-2.2007e+00
-2.1958e+00
-1.9682e+00
-2.2112e+00
-3.1378e-02
-1.1948e+00
-1.8621e+00
-1.4642e+00
-1.8849e+00
-1.7980e+00
-2.2235e+00
-9.5564e-02
-1.5657e-01
-1.9629e+00
-1.8849e+00
-2.1802e+00
-4.5247e-01
-1.2550e+00
-2.1585e+00
-2.0028e-01
-1.9081e+00
-1.8766e+00
-7.0106e-01
-2.2108e+00
-1.5856e+00
-1.5823e+00
-1.2911e+00
-2.1415e+00
-2.1971e+00
-2.1865e+00
-2.8591e-01
-2.1301e+00
-5.8882e-01
-4.0423e-01
-2.1339e+00
-2.0827e+00
-2.1238e+00
-1.2099e+00
-1.7960e+00
-1.4065e+00
-2.0982e+00
-5.7666e-01
-8.6975e-01
-1.1589e+00
-1.3720e+00
-6.3892e-01
-1.5727e+00
-1.2515e+00
-2.1579e+00
-1.1972e+00
-2.0434e+00
-1.8986e+00
-1.7251e+00
-2.0603e+00
-2.1777e+00
-1.3043e+00
-1.8125e+00
-2.1462e+00
-2.1192e+00
-2.1066e+00
-4.7516e-01
-1.9490e+00
-2.1512e+00
-2.2086e+00
-2.1003e+00
-2.1410e+00
-4.3191e-02
-1.9016e+00
-5.5796e-01
-1.4565e+00
-1.6051e+00
-1.8178e+00
-1.9013e+00
-1.3207e+00
-1.4830e+00
-2.1295e-01
-2.0784e+00
-2.0586e+00
-2.9102e-01
-1.9107e+00
-1.6397e+00
-9.3227e-01
-1.4301e+00
-2.2189e+00
-2.1352e+00
-2.6304e-01
-7.5537e-02
-1.8343e+00
-1.2022e+00
-2.1931e+00
-4.0262e-02
-1.5219e+00
-2.2223e+00
-5.9205e-01
-1.2503e+00
-1.2424e+00
-8.3036e-01
-1.7330e+00
-1.9343e-01
-6.6720e-01
-2.1886e+00
-1.2668e+00
-2.0679e+00
-2.2162e+00
-2.1273e+00
-8.1408e-01
-4.1870e-01
-5.5741e-01
-1.7546e+00
-9.8741e-01
-1.2905e+00
-2.2047e+00
-2.2192e+00
-2.1588e+00
-1.2600e+00
-1.9725e+00
-2.2062e+00
-3.9498e-01
-2.1551e+00
-2.0193e+00
-1.9903e+00
-1.6500e+00
-2.1681e+00
-1.9753e+00
-2.2180e+00
-2.9232e-01
-2.0553e+00
-2.1220e+00
-1.8288e+00
-1.6197e+00
-2.1491e+00
-2.2011e+00
-1.3925e+00
-2.2231e+00
-2.9666e-01
-1.4216e+00
-1.2191e+00
-1.6339e+00
-2.2042e+00
-1.2298e-01
-9.7036e-02
-1.9384e+00
-5.7656e-01
-2.1391e+00
-1.4286e+00
-6.4888e-01
-1.5830e+00
-1.9225e+00
-1.1081e+00
-2.2138e+00
-2.0968e+00
-2.1618e+00
-1.9729e+00
-2.2224e+00
-2.1665e+00
-4.3826e-01
-8.0906e-01
-1.6378e+00
-1.4592e+00
-2.1558e+00
-1.8284e+00
-2.2075e+00
-2.0028e+00
-1.7722e+00
-1.8402e-01
-1.6605e+00
-9.6582e-01
-2.1516e+00
-1.2772e+00
-1.0488e+00
-2.2041e+00
-2.1087e+00
-8.5908e-01
-2.2067e+00
-2.1095e+00
-4.4674e-01
-1.6674e+00
-1.6348e+00
-4.7127e-01
-9.2247e-01
-1.9460e-01
-1.2644e+00
-2.1754e+00
-7.4187e-01
-1.3257e+00
-1.8560e+00
-1.8348e+00
-1.7897e+00
-1.6853e+00
-2.1324e+00
-1.9305e+00
-1.8621e+00
-1.2556e+00
-1.8319e+00
-1.4284e+00
-7.0827e-01
-1.7852e+00
-8.9343e-01
-2.0170e+00
-1.8355e+00
-6.9116e-01
-5.7472e-02
-1.9278e+00
-2.1992e+00
-2.0185e+00
-2.0380e+00
-2.2094e+00
-1.8685e+00
-2.2036e+00
-2.0036e-01
-1.9028e+00
-8.4520e-01
-1.2845e+00
-6.3623e-01
-1.2085e-02
-2.0673e-01
-2.1776e+00
-2.1964e+00
-1.5074e+00
-2.1270e+00
-2.1522e+00
-2.1817e+00
-1.4319e+00
-1.9271e-01
-2.1356e+00
-1.9431e+00
-7.4943e-01
-2.0927e+00
-1.1110e+00
-1.9334e+00
-2.2251e+00
-1.7653e+00
-2.1306e+00
-7.3235e-01
-1.9145e+00
-8.4031e-02
-1.1630e+00
-1.8631e+00
-2.0862e+00
-2.0070e+00
-1.7148e+00
-2.0483e+00
-1.7625e+00
-1.0515e+00
-1.2978e+00
-2.2043e+00
-2.1228e-01
-9.8479e-01
-1.9885e+00
-2.1980e+00
-4.5388e-02
-1.8653e+00
-2.1758e+00
-2.1878e+00
-8.1890e-02
-1.1649e+00
-2.2223e+00
-1.8426e+00
-1.9538e+00
-2.1720e+00
-2.0814e+00
-2.1061e+00
-1.4231e+00
-2.0477e+00
-8.4716e-01
-2.0911e+00
-2.0812e+00
-2.2132e+00
-2.1050e+00
-2.1474e+00
-2.1389e+00
-1.5995e+00
-1.1126e+00
-2.1441e+00
-1.3467e+00
-2.1299e+00
-2.1110e+00
-1.3738e+00
-2.1420e+00
-2.1762e+00
-1.6414e+00
-5.4069e-01
-1.8718e+00
-2.2001e+00
-2.0149e+00
-2.1161e+00
-3.8451e-01
-2.1996e+00
-2.2030e+00
-5.9845e-01
-6.2034e-01
-1.3836e+00
-1.3477e+00
-1.8169e+00
-1.7495e+00
-1.5059e+00
-2.0552e+00
-1.1670e+00
-1.8972e+00
-2.2232e+00
-2.5628e-01
-1.5286e-01
-8.9048e-01
-2.1853e+00
-4.4346e-01
-1.8917e+00
-1.9931e+00
-2.2138e+00
-1.8803e+00
-2.2078e+00
-1.6800e+00
-1.3065e+00
-2.1665e+00
-2.4622e-01
-2.2013e+00
-1.7459e+00
-1.9876e+00
-1.7743e+00
-2.7867e-02
-2.0435e+00
-1.5256e+00
-1.7274e-01
-2.0373e+00
-2.6686e-01
-2.0689e+00
-2.0511e+00
-2.2050e+00
-1.6199e+00
-2.0804e+00
-2.1392e+00
-1.3465e+00
-3.3974e-01
-2.2146e+00
-2.3339e-01
-4.1418e-01
-1.9677e+00
-5.2723e-01
-1.9282e+00
-5.3800e-01
-2.1635e+00
-7.0725e-01
-2.0394e+00
-1.9736e+00
-1.5411e+00
-2.1350e+00
-2.0118e+00
-1.2167e+00
-2.0457e+00
-2.2108e+00
-1.0469e+00
-1.6935e+00
-1.9304e+00
-1.5919e+00
-1.8600e+00
-4.2707e-01
-1.8548e+00
-1.3327e-01
-2.2174e+00
-4.9827e-01
-2.2101e+00
-1.8267e+00
-2.2163e+00
-2.0489e+00
-2.2029e+00
-2.9988e-01
-1.4230e+00
-1.5708e+00
-2.1145e+00
-3.4475e-02
-1.4182e+00
-1.4934e+00
-1.0288e+00
-1.5740e+00
-2.2170e+00
-2.0145e+00
-1.8401e+00
-2.0755e+00
-1.9084e+00
-2.4018e-02
-2.1049e+00
-2.2141e+00
-2.2055e+00
-5.9677e-01
-2.2023e+00
-1.9418e+00
-7.6087e-01
-2.2107e+00
-7.3515e-01
-5.2587e-01
-1.5686e+00
-2.2057e+00
-1.5327e-01
-1.9903e+00
-2.2201e+00
-2.1133e+00
-6.0163e-01
-2.1441e+00
-1.7682e+00
-4.1665e-01
-1.8634e+00
-1.7523e+00
-2.2202e+00
-2.1357e+00
-1.6315e+00
-2.1977e+00
-2.2241e+00
-2.2016e+00
-2.0581e+00
-8.5190e-01
-1.2642e+00
-2.1789e+00
-1.1256e+00
-1.9693e+00
-2.0909e+00
-7.1028e-01
-2.1579e+00
-1.0331e+00
-8.3512e-01
-2.2183e+00
-1.5239e+00
-2.0604e+00
-2.2098e+00
-1.0436e+00
-6.0075e-01
-1.9134e+00
-2.2259e+00
-1.4356e+00
-2.6690e-01
-2.0385e+00
-1.3931e+00
-1.5099e+00
-1.9692e+00
-4.9618e-01
-1.7269e+00
-2.2201e+00
-2.2221e+00
-1.8993e+00
-1.1814e+00
-2.2080e+00
-1.0698e+00
-2.1355e+00
-2.1165e+00
-2.2237e+00
-1.7324e+00
-2.2114e+00
-2.0602e+00
-1.8661e+00
-2.1555e+00
-2.1382e+00
-2.1713e+00
-6.7238e-02
-2.2171e+00
-2.0319e+00
-2.0500e+00
-2.1330e+00
-2.1865e+00
-1.7347e+00
-8.2161e-01
-2.1984e+00
-2.0028e+00
-1.9770e+00
-9.8188e-01
-2.0984e+00
-8.5910e-02
-1.0175e+00
-5.8743e-01
-2.1767e+00
-9.1983e-01
-1.4400e+00
-2.2164e+00
-1.8235e+00
-1.8717e+00
-1.2185e+00
-2.2159e+00
-2.1508e+00
-1.8671e+00
-2.2016e+00
-2.0367e+00
-4.5612e-01
-1.3431e+00
-1.0904e+00
-2.0262e+00
-2.2159e+00
-4.9984e-01
-2.2181e+00
-1.8480e+00
-3.7995e-01
-6.0901e-01
-3.5426e-01
-2.4596e-01
-2.1037e+00
-1.9753e+00
-1.1974e+00
-4.7493e-01
-2.1076e+00
-7.2620e-01
-8.8790e-01
-7.0305e-01
-3.4065e-01
-2.0720e+00
-2.0816e+00
-2.1987e+00
-2.2209e+00
-2.0636e+00
-2.1481e+00
-1.1336e+00
-1.4992e+00
-2.9329e-01
-9.1439e-01
-3.6434e-02
-2.1527e+00
-1.9803e+00
-1.7362e+00
-1.7647e+00
-2.9757e-01
-2.2140e+00
-2.1156e+00
-2.1977e+00
-2.2073e+00
-2.2256e-01
-2.2059e+00
-2.0342e+00
-1.2353e+00
-9.6924e-01
-1.7073e+00
-2.1144e+00
-2.6268e-01
-1.9880e+00
-2.0614e+00
-1.1696e+00
-2.0083e+00
-2.1716e+00
-2.1176e+00
-2.2247e+00
-1.2068e+00
-2.1916e+00
-1.1398e-01
-2.1588e+00
-2.2023e+00
-1.2226e+00
-1.0114e-01
-4.5962e-01
-2.1390e+00
-1.2824e+00
-1.6382e+00
-2.0723e+00
-2.1734e+00
-2.2100e+00
-4.0180e-01
-1.8604e+00
-1.4487e+00
-6.9068e-01
-3.2272e-01
-2.2017e+00
-2.1941e+00
-1.6158e+00
-2.1234e+00
-2.1392e+00
-1.9853e+00
-6.6226e-01
-1.8720e-01
-2.1046e+00
-2.1804e+00
-1.3706e+00
-2.1263e+00
-1.8004e+00
-1.6992e+00
-2.2217e+00
-1.5155e+00
-2.2091e+00
-1.9556e+00
-1.7644e+00
-2.1583e+00
-1.9633e+00
-1.5346e+00
-2.0249e+00
-1.9617e+00
-8.3208e-01
-2.0636e+00
-1.5337e+00
-1.0048e+00
-1.5542e+00
-1.8662e+00
-2.0293e+00
-1.3067e+00
-1.1982e+00
-1.2196e-01
-3.9068e-01
-1.8929e+00
-2.1502e+00
-1.2199e+00
-2.0016e+00
-1.9404e+00
-1.8590e+00
-1.2664e+00
-1.8897e-01
-1.4464e+00
-1.9209e+00
-1.9175e+00
-2.1619e+00
-1.5640e+00
-2.2046e+00
-2.1972e+00
-2.2185e+00
-2.2195e+00
-2.0720e+00
-2.0816e+00
-5.6269e-01
-1.8082e+00
-1.1661e+00
-1.8562e+00
-2.8797e-01
-5.4984e-01
-8.6789e-01
-1.9739e+00
-1.8507e+00
-1.9757e+00
-1.6646e+00
-2.2223e+00
-1.7417e+00
-1.9523e+00
-8.6803e-02
-4.7739e-01
-2.2185e+00
-1.5466e+00
-2.2055e+00
-1.9759e+00
-1.4558e+00
-2.0447e-01
-2.2227e+00
-2.1736e+00
-2.1824e+00
-9.4044e-01
-2.2013e+00
-1.3357e-01
-2.8449e-01
-2.0402e+00
-5.7790e-01
-1.7539e+00
-2.0267e+00
-1.0908e+00
-2.0917e+00
-1.5191e+00
-2.6838e-02
-5.5665e-01
-2.2137e+00
-2.0942e+00
-1.3986e+00
-1.9312e+00
-5.1953e-02
-1.3596e+00
-2.0686e+00
-2.2097e+00
-1.6727e-01
-1.6019e-01
-2.2250e+00
-1.2111e+00
-1.9700e+00
-1.2912e+00
-1.9464e+00
-1.1873e+00
-1.6110e+00
-1.0112e+00
-1.5464e+00
-4.2501e-01
-1.4813e+00
-1.5920e+00
-6.3860e-01
-2.0521e+00
-2.1695e+00
-2.1887e+00
-1.5577e-01
-2.1366e+00
-1.9877e+00
-6.9994e-01
-1.5448e+00
-1.5637e+00
-2.1106e+00
-2.2259e+00
-1.8962e+00
-2.2253e+00
-1.9977e+00
-2.1795e+00
-9.4952e-01
-2.0426e+00
-1.1523e+00
-1.8326e+00
-2.2231e+00
-1.1250e+00
-5.9155e-01
-2.0765e+00
-1.3484e+00
-4.6624e-01
-1.9248e+00
-7.4301e-01
-2.0691e+00
-2.1670e+00
-2.1755e+00
-3.6662e-01
-8.0962e-01
-2.1618e+00
-2.2071e+00
-1.9416e+00
-2.1298e+00
-3.1210e-01
-1.9113e+00
-1.2370e+00
-2.1407e+00
-2.1773e+00
-2.1153e+00
-1.3890e+00
-1.0253e+00
-2.2138e+00
-2.1834e+00
-7.2562e-01
-5.5753e-01
-1.8792e+00
-8.7319e-01
-2.0619e+00
-1.8059e+00
-2.0439e+00
-2.2258e+00
-8.6535e-01
-2.2108e+00
-2.1956e+00
-2.2244e+00
-2.0237e+00
-2.3076e-02
-1.1191e-01
-1.2775e+00
-1.4628e+00
-1.8068e+00
-1.5482e+00
-2.2035e+00
-2.2079e+00
-8.3111e-01
-2.1486e+00
-1.8435e+00
-2.4980e-02
-1.9907e+00
-2.1270e+00
-2.0687e+00
-1.0852e+00
-1.4636e+00
-6.7866e-01
-2.1184e+00
-2.1320e+00
-2.0869e+00
-2.0622e+00
-2.0828e+00
-6.9284e-01
-3.0105e-01
-2.2120e+00
-2.1724e+00
-1.8957e+00
-2.1142e+00
-9.7690e-01
-1.8017e-01
-6.1014e-01
-1.8533e+00
-2.0680e+00
-2.1548e+00
-2.1400e+00
-1.2574e-01
-6.4562e-01
-1.4549e+00
-1.2221e+00
-2.2194e+00
-1.9466e+00
-2.0464e+00
-2.0250e+00
-2.2223e+00
-2.2163e+00
-1.9269e+00
-7.4159e-01
-2.2697e-01
-2.2009e+00
-1.6137e+00
-1.9564e+00
-1.7474e+00
-5.2701e-01
-1.1350e+00
-2.5872e-01
-1.6358e+00
-2.1102e+00
-2.1197e+00
-2.1844e+00
-2.0093e+00
-2.2251e+00
-1.4713e+00
-2.2142e+00
-1.7918e+00
-2.1920e+00
-1.7300e+00
-1.3950e+00
-1.2704e+00
-1.4993e+00
-1.6220e+00
-5.4411e-02
-1.4561e+00
-2.2257e+00
-2.3783e-01
-4.6707e-01
-1.0605e+00
-2.1716e+00
-1.3270e+00
-2.0272e+00
-1.5356e+00
-1.9905e+00
-1.6928e-01
-1.7827e+00
-2.0419e+00
-1.7502e+00
-2.0667e+00
-3.4810e-01
-7.6250e-01
-1.8769e+00
-2.1814e+00
-1.3547e-01
-9.0330e-01
-4.5971e-01
-2.1852e+00
-3.9695e-02
-2.1283e+00
-2.1050e+00
-1.4408e+00
-1.4331e+00
-2.3316e-01
-1.4809e+00
-9.0337e-01
-1.6584e+00
-2.0879e-01
-7.0786e-01
-1.9481e+00
-1.3240e+00
-1.3887e+00
-4.0549e-02
-2.1869e+00
-2.1443e+00
-6.8798e-01
-2.2228e+00
-2.1969e+00
-2.2152e+00
-1.5274e+00
-4.0689e-01
-1.5562e+00
-1.3289e+00
-1.5877e+00
-2.2230e+00
-1.4770e+00
-1.7013e+00
-2.1976e+00
-1.4168e+00
-2.2240e+00
-1.6763e+00
-9.1409e-01
-2.0017e+00
-2.1408e+00
-6.6998e-01
-1.9058e+00
-2.2120e+00
-8.4426e-01
-1.7892e+00
-1.6136e+00
-2.0988e+00
-5.1439e-01
-1.8969e+00
-2.1932e+00
-1.2789e+00
-2.4525e-02
-2.1996e+00
-2.1695e+00
-1.0852e+00
