-0.3091	0.3357	-1.0000
-0.0215	0.1610	0.0000
-0.2947	0.1480	0.0000
-0.2339	0.3209	-2.0000
-0.1356	0.2362	0.0000
-0.3001	0.1205	0.0000
-0.2238	0.3407	-1.0000
-0.2065	0.3350	0.0000
-0.2043	0.3810	0.0000
-0.2276	0.2684	0.0000
-0.2650	0.3123	-2.0000
-0.3649	0.4394	0.0000
-0.1758	0.3011	-2.0000
-0.4475	0.1969	-1.0000
-0.2540	0.1345	0.0000
-0.3075	0.2064	0.0000
-0.3789	0.0722	0.0000
-0.1595	0.0591	0.0000
-0.2510	0.1394	0.0000
-0.1967	0.2974	-2.0000
-0.0676	0.2332	0.0000
-0.2307	0.2831	0.0000
-0.0144	-0.0442	-1.0000
-0.0261	0.2238	0.0000
-0.1339	0.1959	0.0000
-0.2682	0.3611	-1.0000
-0.2596	0.3787	0.0000
-0.2122	0.0726	0.0000
-0.1744	0.3462	-1.0000
-0.0405	0.0230	0.0000
-0.1748	0.3459	-1.0000
-0.3557	0.3353	-1.0000
-0.3929	0.4022	0.0000
-0.2748	0.0886	0.0000
-0.2796	0.2007	-1.0000
-0.1050	0.2578	-1.0000
-0.2871	0.4203	0.0000
-0.2462	0.2765	-1.0000
-0.3229	0.3442	-1.0000
-0.1540	0.3238	-1.0000
-0.3352	0.1252	-1.0000
-0.3284	0.3795	0.0000
-0.1776	0.2971	0.0000
-0.2174	0.3623	0.0000
-0.3255	0.3365	-1.0000
-0.2225	0.3315	-1.0000
-0.3969	0.4077	0.0000
-0.1832	0.3296	-1.0000
-0.0257	-0.0171	0.0000
-0.1811	0.3785	0.0000
-0.2541	0.3128	-1.0000
-0.1576	0.3615	-1.0000
-0.0691	0.0059	-1.0000
-0.2475	0.3447	-1.0000
-0.1789	0.3524	-1.0000
-0.3493	0.3568	-1.0000
-0.2850	0.2984	0.0000
-0.3252	0.1278	0.0000
-0.2083	0.2954	-2.0000
-0.0518	0.1278	0.0000
-0.3295	0.1857	0.0000
-0.2200	0.2824	0.0000
-0.2543	0.3255	0.0000
-0.2723	0.3227	-1.0000
-0.3096	0.3109	0.0000
-0.2382	0.3093	-1.0000
-0.4341	0.2677	-1.0000
-0.1354	0.3200	-2.0000
-0.2498	0.3769	-2.0000
-0.2194	0.3001	-3.0000
-0.0993	0.0438	0.0000
-0.2510	0.2493	-2.0000
-0.3143	0.1344	0.0000
-0.3285	0.1154	-1.0000
-0.0980	0.1746	0.0000
-0.3688	0.0667	-1.0000
-0.5298	-0.1758	0.0000
-0.2490	0.3234	-1.0000
-0.2238	0.2790	-3.0000
-0.2603	0.3235	-3.0000
-0.2916	0.2186	0.0000
-0.5273	-0.3280	0.0000
-0.5052	-0.1599	0.0000
-0.2372	0.2250	-2.0000
-0.3192	-0.0155	0.0000
-0.1875	0.2828	-2.0000
-0.1917	0.2461	0.0000
0.0076	0.0364	0.0000
-0.2802	0.2919	-2.0000
-0.2397	0.3103	-2.0000
-0.0035	-0.0148	0.0000
-0.1658	0.2475	0.0000
-0.1402	0.2515	-1.0000
-0.2094	0.1571	-2.0000
-0.1940	0.3034	-2.0000
-0.1963	0.2247	0.0000
-0.1088	0.1927	0.0000
-0.2291	0.2813	0.0000
-0.2427	0.2690	0.0000
-0.1109	0.2653	-1.0000
-0.3874	0.4051	0.0000
-0.0624	0.0251	-1.0000
-0.2319	0.3930	0.0000
-0.2985	0.2367	-1.0000
-0.0503	0.0303	-1.0000
-0.2647	0.2018	0.0000
-0.3718	0.3864	0.0000
-0.2544	0.3791	-1.0000
-0.2473	0.3303	-2.0000
-0.3308	0.3477	0.0000
-0.2287	0.3318	-2.0000
-0.1796	0.3146	-2.0000
-0.1031	0.2973	-1.0000
-0.2111	0.3319	-1.0000
-0.1768	0.2606	0.0000
-0.3635	0.4297	0.0000
-0.2070	0.3762	-1.0000
-0.2565	0.2750	-3.0000
-0.4456	-0.2266	0.0000
-0.1270	0.3381	0.0000
-0.3173	0.4189	0.0000
-0.3390	0.3641	-1.0000
-0.2804	0.3287	-1.0000
-0.2795	0.3257	0.0000
-0.2269	0.2952	-3.0000
-0.2479	0.3299	-3.0000
-0.2245	0.1450	0.0000
-0.3170	0.3393	-2.0000
-0.1688	0.3367	-1.0000
-0.2289	0.3175	-3.0000
-0.3588	0.3587	-1.0000
-0.2289	0.2933	-1.0000
-0.1782	0.0987	0.0000
-0.1906	0.2831	-2.0000
-0.1832	0.3029	-1.0000
-0.2000	0.2911	-2.0000
-0.2660	0.3071	-2.0000
-0.2111	0.3810	-1.0000
-0.1634	0.2407	-2.0000
-0.3053	0.1475	0.0000
-0.1126	0.0293	0.0000
-0.1782	0.3105	0.0000
-0.3291	0.3401	-1.0000
-0.2461	0.3148	-2.0000
-0.2594	0.2267	-1.0000
-0.2652	0.2513	-1.0000
-0.1735	0.2752	-1.0000
-0.2225	0.3208	-2.0000
-0.0202	0.0083	0.0000
-0.3090	0.3431	0.0000
-0.3291	0.4155	-1.0000
-0.1743	0.3881	0.0000
-0.3010	0.2539	-1.0000
0.0305	-0.0167	0.0000
-0.0827	0.1945	0.0000
-0.5341	0.3053	-1.0000
-0.3904	0.3001	-1.0000
-0.1965	0.3074	-2.0000
-0.6248	0.0684	0.0000
-0.2166	0.3187	0.0000
-0.1414	0.1886	0.0000
-0.0886	0.2118	-1.0000
-0.0851	0.2452	-1.0000
-0.1332	0.2144	0.0000
-0.3903	0.4429	0.0000
-0.2530	0.4152	0.0000
-0.2329	0.3178	-3.0000
-0.3228	0.4210	0.0000
-0.2229	0.3107	-2.0000
-0.1981	0.3782	0.0000
0.0180	0.2782	0.0000
-0.1692	0.5981	0.0000
-0.2512	0.3068	-3.0000
-0.3113	0.3879	0.0000
-0.1445	0.2595	-1.0000
-0.3058	0.3584	-2.0000
-0.2972	0.3693	-1.0000
-0.3815	0.4096	0.0000
-0.1978	0.3931	0.0000
-0.2867	0.2617	-2.0000
-0.3329	0.3935	0.0000
-0.1979	0.3124	0.0000
-0.1579	0.3498	0.0000
-0.2323	0.3266	-2.0000
-0.2162	0.3271	-1.0000
-0.5991	0.2872	0.0000
-0.4663	0.1588	0.0000
-0.2190	0.4017	0.0000
-0.3472	0.2848	-2.0000
-0.2137	0.2618	-2.0000
-0.2554	0.2026	0.0000
-0.4099	0.4425	0.0000
-0.2347	0.3174	-1.0000
-0.2033	0.3151	-1.0000
-0.2535	-0.0377	0.0000
-0.2058	0.2817	0.0000
-0.1812	0.2544	0.0000
-0.1314	0.2823	-2.0000
-0.2121	0.2776	0.0000
-0.1289	0.2155	-1.0000
-0.3792	0.4193	0.0000
-0.2929	0.4282	0.0000
-0.1865	0.2913	-2.0000
-0.1753	0.2925	-2.0000
-0.0308	0.0357	-1.0000
-0.3549	0.3554	0.0000
-0.2227	0.3352	0.0000
-0.3166	0.3843	-2.0000
-0.2711	0.3282	-2.0000
-0.5218	0.3506	-1.0000
-0.1426	0.2805	-1.0000
-0.2784	0.4152	0.0000
-0.2461	0.3392	-1.0000
-0.2775	0.3818	-1.0000
-0.2963	0.1987	0.0000
-0.1828	0.2925	0.0000
-0.2019	0.3779	0.0000
-0.1648	0.2882	-1.0000
-0.3208	0.4318	0.0000
-0.2834	0.3423	-2.0000
-0.1353	0.1179	0.0000
-0.3727	0.4384	-1.0000
-0.1871	0.3522	-1.0000
-0.2376	0.3219	-2.0000
-0.1651	0.2942	0.0000
-0.0895	0.2855	0.0000
-0.1367	0.3515	0.0000
-0.3510	0.3100	0.0000
-0.2878	0.3620	-1.0000
-0.1536	0.3354	0.0000
-0.3749	0.1223	0.0000
0.0178	0.0038	0.0000
-0.3609	0.2904	0.0000
-0.2850	0.2364	-2.0000
-0.1949	0.3141	-3.0000
-0.3149	0.2186	0.0000
0.0631	0.0562	0.0000
-0.2242	0.3177	0.0000
-0.1803	0.3013	-1.0000
-0.2927	0.3006	-2.0000
-0.2173	0.3053	-1.0000
-0.1133	0.2747	0.0000
-0.1871	0.1944	-1.0000
-0.2096	0.2973	-3.0000
-0.1439	0.2624	0.0000
-0.3708	0.2420	0.0000
-0.3633	0.3763	0.0000
-0.2347	0.2744	-1.0000
-0.2727	0.3357	-3.0000
-0.0342	0.0209	0.0000
0.0058	0.0656	0.0000
-0.3483	0.2646	0.0000
-0.3485	0.2259	0.0000
-0.3114	0.2210	-2.0000
-0.2628	0.3293	-2.0000
-0.1909	0.2992	-1.0000
-0.2421	0.3635	-1.0000
-0.2905	0.0116	0.0000
-0.3795	0.3783	0.0000
-0.3649	0.3734	-1.0000
-0.1542	0.2843	-2.0000
-0.3745	0.3961	0.0000
-0.2058	0.3043	-1.0000
-0.1918	0.3610	0.0000
-0.3930	0.4085	0.0000
-0.3123	0.3622	-1.0000
-0.3477	0.3376	0.0000
-0.2989	0.2774	0.0000
-0.2523	0.2580	-2.0000
-0.2864	0.3480	0.0000
-0.0780	0.2619	0.0000
-0.2349	0.3295	-1.0000
-0.3181	0.3677	-1.0000
-0.3221	0.3664	0.0000
-0.3495	0.3967	0.0000
-0.1194	0.0830	0.0000
-0.4084	0.0178	0.0000
-0.0793	0.1516	0.0000
-0.0274	-0.0426	-1.0000
-0.1201	0.1592	0.0000
-0.3017	0.3490	-1.0000
-0.3347	0.2818	-1.0000
-0.1467	0.0752	0.0000
-0.2192	0.3102	-2.0000
-0.3190	0.3137	0.0000
-0.3812	0.3770	-1.0000
-0.3067	0.3423	-2.0000
-0.2629	0.3794	-1.0000
-0.2069	0.3429	-2.0000
0.0174	-0.0466	0.0000
-0.2784	0.2586	0.0000
-0.2093	0.3079	-3.0000
-0.4225	0.1584	0.0000
-0.0024	-0.0003	-1.0000
-0.2700	0.2178	0.0000
-0.3744	0.2414	-1.0000
-0.3837	0.1038	0.0000
-0.1934	0.3737	-1.0000
-0.0669	0.0354	-1.0000
-0.2077	0.1914	-2.0000
-0.3276	0.1974	-2.0000
-0.5485	-0.4638	0.0000
-0.3926	0.1335	0.0000
-0.2778	0.2916	-2.0000
-0.5726	-0.3778	0.0000
-0.2616	0.3163	-2.0000
-0.3083	-0.0279	0.0000
-0.0796	0.1988	0.0000
-0.2478	0.3109	-3.0000
-0.2098	0.3105	-1.0000
-0.2299	0.0753	0.0000
-0.2203	0.2654	-1.0000
0.0200	0.0632	0.0000
-0.1644	0.2338	-1.0000
-0.2167	0.1264	0.0000
-0.1521	0.2573	0.0000
-0.2010	0.3070	0.0000
-0.1113	0.2401	-2.0000
-0.1297	0.2239	0.0000
-0.0578	0.2391	0.0000
-0.4253	0.1165	0.0000
-0.1066	0.1769	0.0000
-0.2446	0.3413	-3.0000
-0.2444	0.2585	-2.0000
-0.2131	0.2576	-2.0000
-0.2908	0.1935	0.0000
-0.2686	0.3814	-1.0000
-0.1698	0.3603	-1.0000
-0.2078	0.2765	-2.0000
-0.1945	0.3175	-2.0000
-0.1670	0.2918	-1.0000
-0.1478	0.2594	-2.0000
-0.2025	0.2838	-2.0000
-0.1435	0.2460	-1.0000
-0.0901	0.1580	0.0000
-0.2088	0.3680	0.0000
-0.1963	0.3396	0.0000
-0.3174	0.2854	-2.0000
-0.2176	0.3586	-1.0000
-0.1813	0.3055	0.0000
-0.4697	-0.0300	0.0000
0.0043	-0.1950	0.0000
-0.3096	0.3612	-1.0000
-0.2942	0.4020	-1.0000
-0.2508	0.2944	-3.0000
-0.2650	0.2781	-2.0000
-0.3861	0.1329	-1.0000
-0.1676	0.5472	0.0000
-0.2604	0.3456	-1.0000
-0.2087	0.3080	-2.0000
-0.3208	0.3710	0.0000
-0.1284	0.1509	0.0000
-0.2006	0.2770	0.0000
-0.1402	0.2776	-2.0000
-0.1522	0.2675	-2.0000
-0.0650	0.2279	-1.0000
-0.5299	-0.0242	0.0000
-0.3359	0.3603	-1.0000
-0.2260	0.3058	-3.0000
-0.2854	0.3907	0.0000
-0.2101	0.2406	0.0000
-0.2655	0.3383	-1.0000
-0.3236	0.3246	-1.0000
-0.3003	0.1373	0.0000
-0.2254	0.2442	-1.0000
-0.3133	0.3449	-3.0000
-0.1553	0.3002	-1.0000
-0.3203	0.3847	-1.0000
-0.2553	0.3247	-1.0000
-0.2181	0.3021	-1.0000
-0.4941	0.2155	0.0000
-0.1380	0.3665	-1.0000
-0.2220	0.3205	0.0000
-0.2397	0.2079	-2.0000
-0.1878	0.1164	0.0000
-0.2009	0.3065	-1.0000
-0.1871	0.0795	0.0000
-0.2304	0.3141	0.0000
-0.3243	0.3473	0.0000
-0.1866	0.3049	-1.0000
-0.1833	0.3015	-1.0000
-0.1312	0.2739	-2.0000
-0.0778	0.1669	0.0000
-0.0733	0.2071	0.0000
-0.3840	0.4519	0.0000
-0.1953	0.3783	0.0000
-0.1786	0.2426	-2.0000
-0.4129	0.1317	-1.0000
-0.1778	0.3164	-1.0000
-0.3787	0.2064	0.0000
-0.2402	0.3212	-1.0000
-0.5830	0.2988	0.0000
-0.2882	0.2424	-2.0000
-0.2006	0.3149	0.0000
-0.1557	0.2788	-1.0000
-0.2591	0.3964	0.0000
-0.2509	0.3331	-3.0000
-0.2520	0.3097	-1.0000
-0.3593	0.4498	0.0000
-0.2321	0.3140	-2.0000
-0.3679	0.2171	-1.0000
-0.1619	0.2928	-1.0000
-0.2094	0.3262	-2.0000
-0.0189	0.0089	0.0000
-0.3043	0.3576	0.0000
-0.3472	0.3718	-2.0000
-0.2525	0.3333	-2.0000
-0.2139	0.3614	-2.0000
-0.2870	0.2728	-2.0000
-0.1011	0.0612	-2.0000
-0.0645	-0.0270	0.0000
-0.0721	0.0141	-1.0000
-0.1753	0.3266	0.0000
-0.2501	0.3226	-1.0000
-0.0768	-0.0088	-1.0000
-0.2105	0.2815	-1.0000
-0.0046	0.0057	0.0000
-0.1869	0.2553	-2.0000
-0.2163	0.3095	-2.0000
-0.1612	0.2861	0.0000
-0.2475	0.3830	-2.0000
-0.2325	0.3143	-2.0000
-0.0258	0.0735	0.0000
-0.0612	0.0394	0.0000
-0.1332	0.3085	0.0000
-0.3398	0.3736	0.0000
-0.1624	0.2273	-1.0000
-0.1987	0.3163	-1.0000
-0.2780	0.2925	-3.0000
-0.1726	0.2876	-1.0000
-0.2029	0.3200	-3.0000
-0.2015	0.2623	-1.0000
-0.2242	0.2984	-1.0000
-0.6269	0.2966	0.0000
-0.2358	0.3790	-1.0000
-0.2721	0.2227	-2.0000
-0.5706	0.2782	0.0000
-0.1420	0.3057	0.0000
-0.1906	0.2968	0.0000
-0.2001	0.2983	-3.0000
-0.2837	0.3963	0.0000
-0.2792	0.3640	-1.0000
-0.1754	0.3304	-2.0000
-0.3224	0.2875	-2.0000
-0.1963	0.3448	-2.0000
-0.1445	0.2981	0.0000
-0.3128	0.1924	0.0000
-0.2409	0.3427	-3.0000
-0.2151	0.3099	-1.0000
-0.2242	0.3189	-2.0000
-0.3381	0.3425	-1.0000
-0.2772	0.3190	-2.0000
-0.2991	0.3215	-1.0000
-0.3124	0.2575	-2.0000
-0.2926	0.2618	-2.0000
-0.3715	0.2219	0.0000
-0.3598	0.3020	0.0000
-0.2342	0.3580	-1.0000
-0.2354	0.3350	-1.0000
-0.0128	0.0598	-1.0000
-0.2471	0.3201	-1.0000
-0.1527	0.2801	-2.0000
-0.1714	0.2646	-2.0000
-0.1566	0.2138	0.0000
-0.1142	0.2482	0.0000
-0.5679	0.1556	0.0000
-0.0194	0.0485	0.0000
-0.2214	0.2925	-2.0000
-0.3658	0.2374	0.0000
-0.2647	0.3220	-2.0000
-0.2079	0.2802	0.0000
-0.3260	0.3466	-2.0000
-0.2808	-0.0206	0.0000
-0.2334	0.3182	-3.0000
-0.2633	0.3242	-2.0000
-0.2599	0.3482	-2.0000
-0.2320	0.3291	-1.0000
-0.2713	0.3226	0.0000
-0.3115	0.3337	0.0000
-0.2309	0.3499	0.0000
-0.1852	0.2952	-2.0000
-0.3703	0.3192	-1.0000
-0.2253	0.2784	0.0000
-0.5708	0.1930	-1.0000
-0.3641	0.3855	0.0000
-0.0822	0.0499	-1.0000
-0.3225	0.3561	-1.0000
-0.2434	0.3367	-1.0000
-0.2640	0.2161	0.0000
-0.2569	0.3439	-1.0000
-0.3031	0.0430	0.0000
-0.4322	0.0297	0.0000
-0.2739	0.3260	-1.0000
-0.2462	0.3446	-1.0000
-0.3145	0.3409	0.0000
-0.3353	0.2643	-1.0000
-0.2575	0.3461	-2.0000
-0.2513	0.2279	-1.0000
-0.2628	0.2727	0.0000
-0.0750	0.0724	0.0000
-0.3349	0.3475	0.0000
-0.3158	0.2821	0.0000
-0.2066	0.3111	-1.0000
-0.2726	0.3348	-2.0000
-0.2634	0.3210	-3.0000
-0.2790	0.3379	-3.0000
-0.3049	0.3738	-1.0000
-0.2964	0.3624	-2.0000
-0.2884	0.3522	-1.0000
-0.2463	0.3277	-3.0000
-0.1398	0.3249	0.0000
-0.1895	0.2994	-3.0000
-0.2555	0.3264	-3.0000
-0.2303	0.3069	-3.0000
-0.2672	0.3475	-2.0000
-0.2119	0.3153	-2.0000
-0.2257	0.3236	-3.0000
-0.2825	0.2249	-2.0000
-0.2968	0.2229	-2.0000
-0.1770	0.3006	-2.0000
-0.3691	0.1361	-1.0000
-0.2840	0.2529	-1.0000
-0.3986	0.2033	-2.0000
-0.3022	0.2173	0.0000
-0.2796	0.0928	0.0000
-0.2788	0.2179	0.0000
-0.3179	0.3527	-2.0000
-0.2993	0.3462	-2.0000
-0.2512	0.3331	-3.0000
-0.3323	0.3650	-2.0000
-0.2695	0.3711	-2.0000
-0.2532	0.3085	-2.0000
-0.1819	0.3053	-1.0000
-0.2054	0.3017	-3.0000
-0.2024	0.3141	-3.0000
-0.2364	0.2407	-1.0000
-0.2740	0.3228	-2.0000
-0.2481	0.3243	-3.0000
-0.3608	0.1883	-1.0000
-0.1812	0.2931	-1.0000
-0.2128	0.1710	-1.0000
-0.2012	0.2916	-1.0000
-0.3206	0.3396	-2.0000
-0.0770	0.0603	0.0000
-0.0287	0.1292	0.0000
-0.2746	0.3192	-2.0000
-0.2276	0.3080	-2.0000
-0.1820	0.2938	-3.0000
-0.2874	0.2732	-2.0000
-0.2027	0.2741	-2.0000
-0.2675	0.1224	0.0000
-0.2612	0.3079	-1.0000
-0.2557	0.3272	-2.0000
-0.2167	0.3401	-1.0000
-0.2387	0.3081	-3.0000
-0.1854	0.3324	-1.0000
-0.2590	0.2609	-2.0000
-0.0403	0.0044	-1.0000
-0.0972	0.0559	0.0000
-0.2375	0.3348	-3.0000
-0.3432	-0.0653	0.0000
-0.3573	-0.0342	0.0000
-0.2728	0.3212	-1.0000
-0.3571	0.0815	0.0000
-0.1524	0.3068	-2.0000
-0.0745	0.2780	0.0000
-0.3750	0.0974	-1.0000
-0.2171	0.3401	-3.0000
-0.2432	0.3148	-3.0000
-0.1372	0.2719	-2.0000
-0.2177	0.2137	-2.0000
-0.2332	0.1886	-2.0000
-0.1962	0.2820	-2.0000
-0.1823	0.3344	-2.0000
-0.2754	0.1295	-2.0000
-0.2155	0.0898	0.0000
-0.2810	-0.0424	0.0000
-0.1906	0.2684	-2.0000
-0.1648	0.3123	-1.0000
0.0287	0.0720	0.0000
-0.2763	0.3313	-3.0000
-0.2564	0.3399	-3.0000
-0.2290	0.3046	-3.0000
-0.2131	0.3220	-1.0000
-0.1893	0.2709	-3.0000
-0.2397	0.0985	0.0000
-0.1704	0.2792	-2.0000
-0.2205	0.3115	-3.0000
-0.1516	0.2858	-3.0000
0.0283	0.0358	0.0000
-0.2322	0.3195	-1.0000
-0.2403	0.2617	-2.0000
-0.2419	0.2890	-2.0000
-0.3826	-0.1997	0.0000
-0.1821	0.2828	-2.0000
-0.2025	0.2031	-1.0000
-0.2446	0.3167	-1.0000
-0.3015	0.3529	-2.0000
-0.3578	0.0316	0.0000
-0.1824	0.3096	-2.0000
-0.1916	0.2900	-2.0000
-0.1948	0.3046	-2.0000
-0.2707	0.3141	-1.0000
-0.2468	0.3132	-3.0000
-0.2317	0.3201	-3.0000
-0.3254	0.0437	-1.0000
-0.2628	0.2347	0.0000
-0.1760	0.2569	-1.0000
-0.1560	0.2642	0.0000
-0.2117	0.3134	-2.0000
-0.2172	0.2973	0.0000
-0.2527	0.1964	-2.0000
-0.1417	0.3040	-2.0000
0.1239	-0.0176	0.0000
-0.1930	0.2993	-2.0000
-0.2052	0.2947	-1.0000
-0.1318	0.2536	-1.0000
-0.1227	0.2178	-1.0000
-0.2298	0.2945	-1.0000
-0.2700	0.2304	0.0000
-0.1433	0.2990	0.0000
-0.1672	0.2966	-3.0000
-0.1484	0.2775	-1.0000
-0.1396	0.2482	0.0000
-0.1278	0.2802	-1.0000
-0.2467	0.2871	-1.0000
-0.1780	0.2714	0.0000
-0.0531	0.2139	0.0000
-0.1506	-0.0026	-1.0000
-0.1284	0.1982	0.0000
-0.1467	0.2381	-1.0000
-0.2657	0.3019	-3.0000
-0.3256	0.3977	-1.0000
-0.2828	0.3641	-1.0000
-0.2812	0.2903	-1.0000
-0.1795	0.3739	0.0000
-0.1260	0.0114	-1.0000
-0.3171	0.3511	-2.0000
-0.1774	0.2974	-3.0000
-0.2434	0.3178	-2.0000
-0.3018	0.2361	-2.0000
-0.0420	0.0573	0.0000
-0.2103	0.3209	-3.0000
-0.3188	0.2419	-2.0000
-0.2702	0.3098	-3.0000
-0.2248	0.1882	0.0000
-0.5597	-0.0732	0.0000
-0.2753	0.3613	-3.0000
-0.2582	0.3213	-3.0000
-0.1646	0.3506	-1.0000
-0.2736	0.3470	-2.0000
-0.1687	0.3176	-2.0000
-0.1821	0.3327	-1.0000
-0.2737	0.3313	-2.0000
-0.3144	0.2260	-3.0000
-0.3016	0.1723	0.0000
-0.2328	0.3322	-2.0000
-0.1821	0.2664	-1.0000
-0.0426	0.0241	0.0000
-0.2259	0.3356	-2.0000
-0.2104	0.3196	-2.0000
-0.2605	0.2063	-2.0000
-0.2134	0.3567	-1.0000
-0.1303	0.2900	-2.0000
-0.2386	0.3167	-2.0000
-0.1609	0.2666	-1.0000
-0.2465	0.3057	-1.0000
-0.2527	0.3238	-2.0000
-0.3075	0.2218	0.0000
-0.1179	0.2884	-1.0000
-0.2160	0.3457	-1.0000
-0.1999	0.2935	-3.0000
-0.1824	0.2843	-3.0000
-0.2685	0.3177	-1.0000
-0.2527	0.2191	-3.0000
-0.2152	0.0333	0.0000
-0.1870	0.3336	-1.0000
-0.3306	-0.0523	0.0000
-0.1076	0.2963	0.0000
-0.2293	0.3335	-1.0000
-0.1573	0.2859	-2.0000
-0.2725	0.2714	-2.0000
-0.1823	0.2932	-2.0000
-0.2092	0.3174	-2.0000
-0.1843	0.3133	-1.0000
-0.1920	0.0731	0.0000
-0.1507	0.2814	-2.0000
-0.1942	0.2951	-3.0000
-0.0747	0.2944	0.0000
-0.2096	0.2956	-2.0000
-0.0638	0.1455	0.0000
-0.1620	0.2465	-1.0000
-0.1348	0.2380	-1.0000
-0.2031	0.3279	-1.0000
-0.1831	0.2904	-3.0000
-0.0548	0.0758	-2.0000
-0.0852	0.2441	0.0000
-0.2386	0.2966	0.0000
-0.1020	0.2915	-1.0000
-0.0944	0.0645	-1.0000
-0.1430	0.2508	0.0000
-0.0397	0.0261	0.0000
-0.2729	0.3785	-2.0000
-0.2213	0.3916	0.0000
-0.2238	0.3297	-3.0000
-0.3056	0.3515	-3.0000
-0.2269	0.3420	-3.0000
-0.2393	0.3206	-3.0000
-0.2657	0.3432	-3.0000
-0.2661	0.2217	-1.0000
-0.2895	0.1838	-2.0000
-0.3871	0.2344	0.0000
-0.1677	0.3312	-1.0000
-0.2920	0.2130	0.0000
-0.1992	0.3015	-3.0000
-0.1845	0.2993	-2.0000
-0.2106	0.3139	-3.0000
-0.5756	-0.2423	0.0000
-0.1515	0.2150	0.0000
-0.2011	0.3263	-1.0000
-0.1033	0.3040	-1.0000
0.0382	-0.0585	0.0000
-0.2203	0.3058	-3.0000
-0.1112	0.2936	0.0000
-0.1460	0.3139	-2.0000
-0.2117	0.3097	-3.0000
-0.2812	0.2601	-3.0000
-0.2169	0.3205	0.0000
-0.0884	0.3039	0.0000
-0.1651	0.3206	-2.0000
-0.1184	0.2908	0.0000
-0.1123	0.2533	0.0000
-0.2516	0.2948	-1.0000
-0.2344	0.3178	-2.0000
-0.2114	0.2921	0.0000
-0.1353	0.2618	0.0000
-0.3061	0.3977	-2.0000
-0.2341	0.3635	-2.0000
-0.2167	0.3535	-1.0000
-0.2010	0.3130	-2.0000
-0.1934	0.3269	-2.0000
-0.0357	0.1109	-1.0000
-0.2615	0.3802	-1.0000
-0.1851	0.3573	0.0000
-0.2163	0.3244	-2.0000
-0.2829	0.3945	-2.0000
-0.1258	0.2766	0.0000
-0.3309	-0.1324	0.0000
-0.1807	0.3081	-2.0000
-0.2114	0.3494	0.0000
-0.1097	0.2944	-2.0000
-0.2163	0.2750	-2.0000
-0.1970	0.3601	0.0000
-0.2411	0.3361	-2.0000
-0.3763	0.0208	0.0000
-0.2586	0.3504	0.0000
-0.1625	0.3478	0.0000
-0.2722	0.3132	-2.0000
-0.2482	0.3156	-2.0000
-0.4035	0.2118	-1.0000
-0.2106	0.3320	-2.0000
-0.3188	0.3667	-2.0000
-0.2360	0.2973	-2.0000
-0.2234	0.3331	0.0000
-0.2466	0.3225	-3.0000
-0.1868	0.2999	-2.0000
-0.3087	0.2624	-3.0000
-0.1830	0.2856	-1.0000
-0.3314	0.2510	-2.0000
-0.2989	0.1885	0.0000
-0.2728	0.1546	-1.0000
-0.2864	0.2101	0.0000
-0.2933	0.3443	-2.0000
-0.3188	0.3456	-2.0000
-0.2890	0.3539	0.0000
-0.2927	0.3862	-1.0000
-0.2201	0.3475	-1.0000
-0.2486	0.3214	-2.0000
-0.2180	0.3026	-1.0000
-0.2886	0.2137	-3.0000
-0.3039	0.2253	-1.0000
-0.3448	0.1975	-2.0000
-0.2558	0.3321	-1.0000
-0.2796	0.3357	-2.0000
-0.2670	0.3493	0.0000
-0.1775	0.2995	-2.0000
-0.2604	0.3201	-3.0000
-0.0558	0.0873	-1.0000
-0.2807	0.3305	-3.0000
-0.2588	0.3462	-1.0000
-0.1764	0.2903	-2.0000
-0.2357	0.3265	-3.0000
-0.3062	0.3255	-1.0000
-0.2244	0.3095	-3.0000
-0.2009	0.3119	-2.0000
-0.2718	0.2762	0.0000
-0.2162	0.3052	-3.0000
-0.1755	0.2967	-2.0000
-0.1926	0.3053	-3.0000
-0.1856	0.2544	-1.0000
-0.1570	0.2176	-2.0000
-0.2860	0.0876	0.0000
-0.2436	0.3116	-1.0000
-0.2056	0.2556	0.0000
-0.2122	0.3236	0.0000
-0.1679	0.3108	-3.0000
-0.2301	0.3059	-3.0000
-0.2775	0.2336	-2.0000
-0.2099	0.3298	-2.0000
-0.2720	-0.1724	0.0000
-0.1729	0.2911	0.0000
-0.0453	-0.0081	0.0000
-0.2575	0.2792	-1.0000
-0.2261	0.3216	-1.0000
-0.0866	0.3206	0.0000
-0.1774	0.2827	-2.0000
-0.1502	0.2779	-1.0000
-0.1848	0.2734	-3.0000
-0.1785	0.2898	-1.0000
-0.0670	0.0240	0.0000
-0.1726	0.3099	-2.0000
-0.2024	0.3033	-1.0000
-0.2189	0.2936	-1.0000
-0.1367	0.2656	-1.0000
-0.1819	0.2878	-1.0000
-0.1426	0.2368	-1.0000
-0.1255	0.2093	0.0000
-0.3505	0.3454	-2.0000
-0.0747	0.1182	0.0000
-0.2348	0.3130	-3.0000
-0.1933	0.3689	-1.0000
-0.2220	0.3144	-2.0000
-0.2294	0.3210	-3.0000
-0.1873	0.3260	-3.0000
-0.1959	0.2965	-2.0000
-0.2429	0.3114	-2.0000
-0.3397	0.1725	-1.0000
-0.3015	0.3484	-1.0000
-0.2325	0.3884	-1.0000
-0.2859	0.3438	0.0000
-0.1868	0.2869	-2.0000
-0.2129	0.3214	-1.0000
-0.3147	0.2398	-2.0000
-0.2506	0.3235	-1.0000
-0.3266	0.3827	-1.0000
-0.2424	0.3317	-2.0000
-0.2365	0.3032	-2.0000
0.0364	-0.0232	-1.0000
-0.0432	0.0917	0.0000
-0.1890	0.2785	-3.0000
-0.2212	0.3239	-3.0000
-0.2146	0.3123	-3.0000
-0.2457	0.2053	-2.0000
-0.2846	0.3341	-2.0000
-0.1538	0.2813	-1.0000
-0.1641	0.3044	0.0000
-0.1501	0.2927	-1.0000
-0.0450	0.2622	0.0000
-0.0757	0.2731	0.0000
-0.1629	0.2958	-1.0000
-0.2001	0.2332	0.0000
-0.1134	0.0859	0.0000
-0.3691	0.3223	-2.0000
-0.1492	0.0749	0.0000
-0.1812	0.3401	-3.0000
-0.2413	0.3247	-3.0000
-0.2027	0.3162	-2.0000
-0.1967	0.3057	-3.0000
-0.3185	0.3502	-2.0000
-0.0521	0.1005	0.0000
-0.2012	0.3085	-3.0000
-0.2413	0.3170	0.0000
-0.2130	0.3379	-2.0000
-0.1451	0.2948	-1.0000
-0.1742	0.3152	-3.0000
-0.1988	0.2914	-2.0000
-0.1471	0.2956	0.0000
-0.3200	0.4275	-1.0000
-0.2211	0.3774	-1.0000
-0.2180	0.3350	0.0000
-0.2545	0.3675	-1.0000
-0.0996	0.2980	-1.0000
-0.2558	0.1421	0.0000
0.1200	-0.0699	0.0000
-0.3649	0.3552	0.0000
-0.0223	0.0140	0.0000
-0.3335	0.3290	-2.0000
-0.2514	0.3179	-2.0000
-0.2072	0.2886	-2.0000
-0.0541	0.0395	0.0000
-0.2439	0.3297	-2.0000
-0.2655	0.3278	-3.0000
-0.2695	0.1783	-1.0000
-0.2802	0.3668	-2.0000
-0.4330	0.3078	0.0000
-0.0481	0.1216	0.0000
-0.2053	0.3180	-3.0000
-0.2146	0.3047	-3.0000
-0.2451	0.1788	-2.0000
-0.2909	0.2788	-1.0000
-0.4186	0.2776	0.0000
-0.0307	0.0229	-1.0000
-0.2936	0.2928	-2.0000
-0.2389	0.3072	-3.0000
-0.2702	0.2998	-1.0000
-0.0709	0.2374	0.0000
-0.2643	0.3176	-2.0000
-0.0149	0.0106	0.0000
-0.1251	0.2475	-1.0000
-0.2072	0.2791	-1.0000
-0.1917	0.2793	-1.0000
-0.1929	0.3118	-1.0000
-0.1587	0.2380	-2.0000
-0.1746	0.2479	-2.0000
-0.0077	-0.0716	-1.0000
-0.2063	0.2823	-1.0000
-0.1758	0.2561	-1.0000
-0.1730	0.2484	0.0000
-0.3888	0.1497	0.0000
-0.4063	0.3084	0.0000
-0.2611	0.3924	0.0000
-0.2513	0.3125	-3.0000
-0.1998	0.3208	-2.0000
-0.2459	0.2780	-3.0000
-0.2951	0.3623	-2.0000
-0.3911	0.3785	0.0000
-0.2640	0.1874	-2.0000
-0.0175	-0.0640	0.0000
-0.2022	0.3309	0.0000
-0.1707	0.3358	-2.0000
-0.1876	0.3075	-2.0000
-0.1471	0.3032	-1.0000
-0.2484	0.3134	-2.0000
-0.3385	0.3593	-1.0000
-0.2072	0.3480	-3.0000
-0.1763	0.3097	-3.0000
-0.2855	0.3437	-1.0000
-0.1169	0.3145	-1.0000
-0.2481	0.3652	-1.0000
-0.1145	0.0315	-1.0000
-0.2523	0.3637	-2.0000
-0.0369	0.0507	0.0000
-0.1771	0.2924	-2.0000
-0.1195	0.0708	0.0000
-0.2008	0.3158	-1.0000
-0.2259	0.3205	-1.0000
-0.2983	0.3585	-2.0000
-0.3068	0.1467	-1.0000
-0.3484	0.3522	-2.0000
-0.2480	-0.1346	0.0000
-0.0800	-0.1309	0.0000
-0.1556	0.2474	-3.0000
-0.2122	0.2620	-1.0000
-0.1923	0.2715	-1.0000
-0.2983	0.3771	-2.0000
-0.0882	0.0013	-1.0000
-0.2491	0.3266	-3.0000
-0.3103	0.2868	0.0000
-0.2669	0.3475	-1.0000
-0.0291	0.0666	0.0000
-0.0818	0.1045	-1.0000
-0.3071	0.3450	-1.0000
0.0208	0.0311	0.0000
-0.2301	0.3382	-1.0000
-0.2148	0.2556	-1.0000
-0.2546	0.3915	0.0000
-0.1946	0.4209	-1.0000
-0.2763	0.3162	-2.0000
-0.5752	0.1978	0.0000
-0.5359	-0.1488	0.0000
-0.2187	0.3368	-2.0000
-0.5388	0.2803	0.0000
-0.2020	0.2943	-3.0000
-0.2016	0.3053	-3.0000
-0.1945	0.3095	-2.0000
-0.2204	0.3163	-2.0000
-0.2602	0.3267	-2.0000
-0.2659	0.3101	-3.0000
-0.1884	0.3069	-2.0000
-0.2338	0.1923	0.0000
-0.2690	0.2037	0.0000
-0.3092	0.1595	-2.0000
-0.3117	0.3368	-2.0000
-0.6249	0.2818	0.0000
-0.1983	0.3424	-2.0000
-0.2060	0.2962	-3.0000
-0.0204	0.0387	0.0000
-0.2360	0.3343	-3.0000
-0.2712	0.3269	-3.0000
-0.2376	0.2297	-1.0000
-0.2135	0.3285	-3.0000
-0.3261	0.1415	-1.0000
-0.2203	0.3188	-1.0000
-0.2180	0.3264	-1.0000
-0.2278	0.3487	-1.0000
-0.2365	0.3281	-3.0000
-0.2667	0.3186	-1.0000
-0.0570	0.1949	0.0000
-0.2310	0.3395	-3.0000
-0.2572	0.3407	-2.0000
-0.2207	0.3236	-1.0000
-0.0009	0.0460	0.0000
-0.2534	0.3107	-2.0000
-0.2262	0.3138	-2.0000
-0.2021	0.3023	-1.0000
-0.0879	0.2879	-1.0000
-0.1757	0.3234	-2.0000
-0.1736	0.3052	-3.0000
-0.1887	0.2938	-3.0000
-0.2935	0.2626	-1.0000
-0.1972	0.2815	-3.0000
-0.2386	0.1325	-3.0000
-0.1900	0.1936	0.0000
-0.0096	0.1315	0.0000
-0.1108	0.3260	0.0000
-0.2393	0.3069	-3.0000
-0.1659	0.2942	-3.0000
-0.1448	0.2606	-3.0000
0.0852	-0.0833	0.0000
-0.3370	-0.0183	0.0000
-0.2028	0.2850	-3.0000
-0.2247	0.3078	-3.0000
-0.1797	0.2414	0.0000
-0.0329	-0.0259	0.0000
-0.0178	0.0240	0.0000
-0.1779	0.2964	-3.0000
-0.1820	0.2855	-3.0000
-0.1866	0.2246	-1.0000
-0.0101	0.0098	-1.0000
-0.1821	0.2827	-1.0000
-0.1938	0.3265	-3.0000
-0.0110	0.0679	0.0000
-0.1970	0.2841	-1.0000
-0.1972	0.2959	0.0000
-0.1773	0.3057	-3.0000
-0.0861	0.2610	-1.0000
-0.2137	0.2611	0.0000
-0.2603	0.3466	-1.0000
-0.2750	0.3771	-1.0000
-0.2200	0.3288	-3.0000
-0.2436	0.3296	-3.0000
-0.2534	0.3325	-3.0000
-0.1975	0.3102	0.0000
-0.2007	0.3350	-1.0000
-0.2578	0.2554	-3.0000
-0.2229	0.3214	-3.0000
-0.0964	0.0361	-1.0000
-0.1701	0.0910	-1.0000
-0.2100	0.3555	-1.0000
-0.1895	0.3471	-3.0000
-0.4021	0.1030	-1.0000
-0.2122	0.3134	-3.0000
-0.0258	-0.0126	0.0000
0.0174	0.0552	0.0000
-0.1176	0.3090	-1.0000
-0.0312	-0.0029	0.0000
-0.2063	0.3374	0.0000
-0.2189	0.3505	0.0000
-0.2116	0.3432	-1.0000
-0.2306	0.3356	-1.0000
-0.1526	0.2920	-3.0000
-0.2804	0.3357	-1.0000
-0.1878	0.2617	-1.0000
-0.2450	0.3298	-1.0000
-0.1458	0.2733	-1.0000
-0.2279	0.3164	-3.0000
-0.1655	0.3524	-1.0000
-0.2296	0.3124	-3.0000
-0.1281	0.3156	0.0000
-0.1681	0.2862	-1.0000
-0.2452	0.2945	-1.0000
-0.2182	0.2904	-1.0000
-0.3672	0.3228	0.0000
-0.2414	0.3716	-1.0000
-0.2687	0.3591	-3.0000
-0.2015	0.3418	-3.0000
-0.2197	0.3268	-3.0000
-0.3009	0.3504	-3.0000
-0.2276	0.3220	-3.0000
-0.0753	0.1323	-1.0000
-0.0333	0.1200	-1.0000
-0.3049	0.2802	0.0000
-0.2043	0.3151	0.0000
-0.3841	-0.0598	-1.0000
-0.1905	0.2974	-3.0000
-0.1351	0.2915	-1.0000
-0.3117	0.3020	0.0000
-0.2249	0.3662	-1.0000
-0.1723	0.3349	0.0000
-0.2371	0.3344	-1.0000
-0.2668	0.3255	-1.0000
-0.1260	0.3303	-1.0000
-0.2113	0.3719	0.0000
-0.4357	-0.0294	0.0000
-0.3223	0.3703	-1.0000
-0.2061	0.3425	-3.0000
-0.2029	0.3316	-3.0000
-0.1656	0.2704	-1.0000
-0.2638	0.2390	-1.0000
-0.2028	0.3342	-1.0000
-0.2502	0.2283	-3.0000
-0.2198	0.2920	-3.0000
-0.3003	0.1462	0.0000
-0.2721	0.3345	-3.0000
-0.3168	0.3367	-3.0000
-0.4271	0.2939	0.0000
-0.1990	0.3047	0.0000
-0.2403	0.3136	-3.0000
-0.2296	0.2968	-3.0000
-0.2490	0.3055	-3.0000
-0.1717	0.3020	-3.0000
-0.2425	0.3027	-3.0000
-0.2593	0.3309	-3.0000
-0.2630	0.2949	-3.0000
-0.2305	0.2969	-3.0000
-0.0610	0.0845	0.0000
-0.1712	0.2988	-3.0000
-0.2011	0.3042	-3.0000
-0.2868	0.2440	-3.0000
-0.2122	0.3099	-3.0000
-0.1445	0.2250	0.0000
-0.1174	0.2717	-3.0000
-0.1268	0.2646	-1.0000
-0.2176	0.2924	0.0000
-0.1786	0.2683	-1.0000
-0.0418	-0.0040	-1.0000
-0.1701	0.2575	0.0000
-0.1203	0.2455	-1.0000
-0.2136	0.3058	-3.0000
-0.2499	0.3610	-3.0000
-0.5444	0.2277	0.0000
-0.2714	0.3272	-3.0000
-0.0038	0.2104	0.0000
-0.2031	0.2635	-3.0000
-0.2431	0.4390	0.0000
-0.2312	0.3552	-1.0000
-0.2390	0.3219	-3.0000
-0.2052	0.3402	-1.0000
-0.2570	0.3409	-3.0000
-0.1267	0.3284	0.0000
-0.2015	0.3332	-3.0000
-0.0838	0.2809	0.0000
-0.1422	0.2458	-1.0000
-0.2095	0.2983	-3.0000
-0.5399	-0.0740	0.0000
-0.2396	0.3209	-3.0000
-0.2853	0.5132	0.0000
-0.2186	0.3191	-3.0000
-0.3049	0.4053	-1.0000
-0.3168	0.3477	-3.0000
-0.2242	0.2936	-3.0000
-0.2342	0.3230	-3.0000
-0.3135	0.3434	-3.0000
-0.1650	0.2921	-1.0000
-0.2012	0.2653	-3.0000
-0.3153	0.3486	-3.0000
-0.1975	0.3188	-3.0000
-0.0004	0.0607	0.0000
-0.5328	-0.0716	0.0000
-0.2158	0.3231	-3.0000
-0.2250	0.2998	-1.0000
-0.1785	0.2932	-1.0000
-0.1452	0.2758	-1.0000
-0.1013	0.2184	0.0000
-0.2332	0.3041	0.0000
-0.2564	0.3860	-1.0000
-0.2028	0.3115	-3.0000
-0.3403	0.3898	-1.0000
-0.3102	0.3722	0.0000
-0.3285	0.1392	-1.0000
-0.3264	0.3631	-1.0000
-0.2987	0.3602	0.0000
-0.2464	0.3138	-3.0000
-0.1865	0.2894	-3.0000
-0.2047	0.3121	-3.0000
-0.3291	0.3736	-1.0000
-0.2153	0.3125	-3.0000
-0.3220	0.3624	-1.0000
-0.2429	0.3456	-3.0000
-0.2840	0.3297	-3.0000
-0.1694	0.3425	-1.0000
-0.2128	0.3121	-1.0000
-0.2072	0.3012	-3.0000
-0.1924	0.3046	-3.0000
-0.2900	0.2351	-3.0000
-0.2998	0.2777	-3.0000
-0.2468	0.1862	-1.0000
-0.2660	0.3116	-1.0000
-0.2319	0.3429	-3.0000
-0.2131	0.3101	-3.0000
-0.2396	0.3268	-3.0000
-0.2036	0.3340	-3.0000
-0.2105	0.3425	-3.0000
-0.2166	0.3166	-3.0000
-0.2572	0.3409	-3.0000
-0.2060	0.3078	-3.0000
-0.0693	0.1218	-1.0000
-0.2770	0.3314	-3.0000
-0.2015	0.2927	-3.0000
-0.1310	0.2822	-3.0000
-0.1926	0.2531	-3.0000
-0.1796	0.3146	-1.0000
-0.1865	0.2736	-3.0000
-0.1942	0.2936	-3.0000
-0.1985	0.2939	-3.0000
-0.2382	0.3189	-3.0000
-0.1655	0.2924	-3.0000
-0.1940	0.2614	0.0000
-0.2036	0.3065	-3.0000
-0.1928	0.2741	-1.0000
-0.0902	0.2778	0.0000
-0.1606	0.2617	0.0000
-0.3724	0.4557	0.0000
-0.5089	0.0769	0.0000
-0.2406	0.3362	-1.0000
-0.1891	0.3150	-1.0000
0.0132	0.0545	0.0000
-0.2543	0.3319	-3.0000
-0.2042	0.2902	-3.0000
-0.4801	0.2304	-1.0000
-0.1897	0.3138	-3.0000
-0.1010	-0.0774	0.0000
-0.2868	0.3272	0.0000
-0.2126	0.3201	-3.0000
-0.1697	0.3010	-3.0000
-0.3973	0.1455	0.0000
-0.3307	-0.0244	0.0000
-0.1756	0.3665	0.0000
-0.1888	0.3025	-1.0000
-0.1794	0.3021	-3.0000
-0.1439	0.1225	-1.0000
0.0297	-0.0157	0.0000
-0.2026	0.3651	-1.0000
-0.3015	0.3397	-3.0000
-0.2620	0.3724	-3.0000
-0.2339	0.3592	-1.0000
-0.1985	0.3177	-1.0000
-0.3254	0.1291	-3.0000
-0.2904	0.2564	-3.0000
-0.2843	0.3387	-1.0000
-0.5071	0.3545	0.0000
-0.1956	0.3150	-3.0000
-0.1957	0.3210	-3.0000
-0.2879	0.3263	-1.0000
-0.0908	0.2698	0.0000
-0.2245	0.3192	-1.0000
-0.2238	0.3130	0.0000
-0.2301	0.3051	-1.0000
-0.2310	0.3399	-3.0000
-0.1716	0.3630	0.0000
-0.2320	0.3355	-3.0000
-0.5253	0.3214	-1.0000
-0.4428	0.0406	0.0000
-0.5022	0.2095	0.0000
-0.4188	0.1195	-1.0000
-0.2941	0.3369	-3.0000
-0.2668	0.3266	-3.0000
-0.2685	0.3410	-3.0000
-0.2660	0.2330	0.0000
-0.2354	0.3360	-3.0000
-0.1325	0.1891	-1.0000
-0.5781	0.1981	0.0000
-0.2873	0.3540	-1.0000
-0.2292	0.3197	-1.0000
-0.2192	0.3273	-1.0000
-0.2534	0.3422	-1.0000
-0.2080	0.3344	-1.0000
-0.3034	0.3340	-3.0000
-0.1815	0.1830	0.0000
-0.2061	0.3128	-3.0000
-0.3658	0.1719	0.0000
-0.2811	0.3390	-3.0000
-0.1632	0.2923	-1.0000
-0.1535	0.2932	-3.0000
-0.2552	0.3372	0.0000
-0.2282	0.3005	-1.0000
-0.2618	0.3779	-3.0000
-0.1813	0.3687	-3.0000
-0.2482	0.3470	-3.0000
-0.2799	0.3464	-3.0000
-0.2206	0.2814	0.0000
-0.1607	0.3496	-1.0000
-0.2381	0.3315	-3.0000
-0.2965	0.3464	-3.0000
-0.2222	0.3245	-3.0000
-0.5057	0.1717	-1.0000
-0.1269	0.2856	-1.0000
-0.2002	0.3123	-3.0000
-0.5710	0.2085	0.0000
-0.2454	0.3302	-1.0000
-0.4306	0.3366	0.0000
-0.2093	0.3393	-3.0000
-0.0450	-0.0270	0.0000
-0.1102	0.2708	-1.0000
-0.3074	0.3594	-3.0000
-0.2383	0.3563	-1.0000
-0.4331	0.1678	0.0000
-0.2132	0.3091	-3.0000
-0.3257	0.3677	-1.0000
-0.1915	0.3150	-3.0000
-0.2078	0.3414	-3.0000
-0.1719	0.3241	-3.0000
-0.2473	0.3284	-3.0000
-0.2517	0.3384	-3.0000
-0.1748	0.2993	-3.0000
-0.2442	0.3183	-3.0000
-0.2768	0.3343	-1.0000
-0.2795	0.2740	-3.0000
-0.2577	0.3230	-3.0000
-0.3389	0.1907	-3.0000
-0.3015	0.2216	0.0000
-0.2334	0.1165	0.0000
-0.5932	0.0308	0.0000
-0.2212	0.3565	-1.0000
-0.2873	0.3468	-3.0000
-0.2071	0.3289	-3.0000
-0.2355	0.3173	-3.0000
-0.2311	0.3207	-3.0000
-0.2326	0.3060	-3.0000
0.0449	-0.0560	0.0000
-0.2319	0.2862	-3.0000
-0.1979	0.3062	-3.0000
-0.2971	0.3531	-3.0000
-0.2818	0.3668	-1.0000
-0.1797	0.2944	-3.0000
-0.2746	0.3404	-3.0000
-0.1740	0.2858	-3.0000
-0.2627	0.2978	-3.0000
-0.2348	0.3171	-3.0000
-0.2112	0.3320	-3.0000
-0.2569	0.3093	-3.0000
-0.2018	0.3125	-3.0000
-0.4198	0.0516	0.0000
-0.2442	0.3176	-1.0000
-0.1630	0.3290	-1.0000
-0.1325	0.3162	-1.0000
-0.1337	0.2374	-1.0000
-0.2162	0.3052	-3.0000
-0.1839	0.2843	-3.0000
-0.2420	0.2552	-3.0000
-0.1629	0.2899	0.0000
-0.3168	0.1672	-3.0000
-0.2069	0.2623	0.0000
-0.1802	0.3138	-3.0000
-0.0621	0.2934	0.0000
-0.2131	0.3030	-3.0000
-0.1593	0.2746	-1.0000
-0.2090	0.3403	-3.0000
-0.1972	0.2954	-3.0000
-0.1370	0.2792	0.0000
-0.1853	0.2985	-3.0000
-0.2973	-0.0465	0.0000
-0.2601	0.2450	-1.0000
-0.1125	0.2747	0.0000
-0.1373	0.2833	-1.0000
-0.1660	0.2690	-1.0000
-0.1717	0.3058	-3.0000
-0.1838	0.3063	-1.0000
-0.0973	0.2411	-1.0000
-0.3286	-0.0263	0.0000
0.0669	-0.0452	0.0000
-0.1841	0.3063	-1.0000
-0.1907	0.3015	0.0000
-0.0744	0.2386	0.0000
-0.2023	0.3195	-3.0000
-0.1939	0.2615	-1.0000
-0.1445	0.2574	-1.0000
-0.3216	0.3504	-3.0000
-0.2104	0.3666	-3.0000
-0.2607	0.3491	-3.0000
-0.2911	0.3742	-3.0000
-0.2744	0.3225	-3.0000
-0.2597	0.3240	-3.0000
-0.2171	0.3138	-3.0000
-0.3338	0.2714	-3.0000
-0.2598	0.2644	-1.0000
-0.2166	0.1851	0.0000
-0.2788	0.3713	-1.0000
-0.2141	0.2962	-3.0000
-0.0208	-0.0378	0.0000
-0.2014	0.3273	-1.0000
-0.2362	0.3154	-3.0000
-0.2563	0.2388	-3.0000
-0.2444	0.3465	-1.0000
-0.1466	0.3514	-1.0000
-0.1890	0.3362	-2.0000
-0.2686	0.3103	-2.0000
-0.3015	0.3647	-2.0000
-0.1711	0.3371	-2.0000
-0.1750	0.3218	-3.0000
-0.2273	0.3022	-2.0000
-0.2513	0.3093	-3.0000
-0.2749	0.1971	-3.0000
-0.1585	0.3275	-2.0000
-0.0999	0.2958	-2.0000
-0.2115	0.3069	-3.0000
-0.1859	0.2937	-3.0000
-0.1671	0.2838	-3.0000
-0.1996	0.2916	-3.0000
-0.2259	0.2918	-3.0000
-0.1695	0.2605	-2.0000
0.0617	0.0423	0.0000
-0.2775	0.3420	-3.0000
-0.2390	0.3783	-3.0000
-0.4265	0.1908	0.0000
0.0314	-0.0127	0.0000
-0.2177	0.3317	-3.0000
-0.3004	0.2669	-3.0000
-0.2411	0.3453	-3.0000
-0.2378	0.3350	-2.0000
-0.0490	0.1105	0.0000
-0.1219	0.3531	0.0000
-0.1562	0.1546	-2.0000
-0.1504	0.3275	-2.0000
-0.2078	0.3111	-3.0000
-0.2001	0.2620	-3.0000
-0.1529	0.3153	-2.0000
-0.2614	0.3908	0.0000
-0.2759	0.3977	-2.0000
-0.1836	0.3328	-3.0000
-0.3377	0.4093	0.0000
-0.3597	-0.0649	0.0000
-0.1936	0.3162	-2.0000
-0.2823	0.3417	-3.0000
-0.2962	0.3656	-3.0000
0.0259	0.0602	0.0000
-0.2026	0.3318	-3.0000
-0.2098	0.3037	-3.0000
-0.1508	0.2505	-3.0000
-0.2229	0.3175	-3.0000
-0.2742	0.2816	-3.0000
-0.2319	0.3127	-2.0000
-0.2467	0.2986	-3.0000
-0.3096	0.3666	-2.0000
-0.1856	0.3078	-3.0000
-0.1637	0.3011	-3.0000
-0.2727	0.3371	-3.0000
-0.1007	0.0630	-2.0000
-0.2790	0.2368	-3.0000
-0.3217	0.3561	-3.0000
-0.1894	0.3316	-2.0000
-0.1269	0.2723	-2.0000
-0.2068	0.3128	-3.0000
-0.2609	0.2927	-2.0000
-0.1768	0.3080	-2.0000
-0.1696	0.2821	-3.0000
-0.2366	0.3207	-3.0000
-0.2488	0.3267	-3.0000
-0.1742	0.2738	-3.0000
-0.2136	0.3137	-3.0000
-0.1895	0.3121	-3.0000
-0.1547	0.2831	-3.0000
-0.1574	0.2915	-2.0000
-0.1457	0.2855	-2.0000
-0.1305	0.1844	0.0000
-0.1407	0.2859	-2.0000
-0.1546	0.2582	0.0000
-0.1657	0.2196	0.0000
-0.2826	0.3286	0.0000
-0.3116	0.3676	-3.0000
-0.2539	0.3221	-3.0000
-0.2597	0.3250	-3.0000
-0.2144	0.3243	-3.0000
-0.2806	0.2464	-3.0000
-0.2396	0.3888	-2.0000
-0.2406	0.3609	-3.0000
-0.0003	-0.0173	0.0000
-0.0159	0.0673	0.0000
-0.2613	0.1545	0.0000
-0.1498	0.2976	-3.0000
-0.2043	0.3155	-3.0000
-0.1786	0.2742	-2.0000
-0.2435	0.3435	-3.0000
-0.3645	0.3317	-2.0000
-0.2809	0.3389	-2.0000
-0.1951	0.3182	-3.0000
-0.2597	0.5911	0.0000
-0.1473	0.3150	-2.0000
-0.3030	0.3817	-3.0000
-0.2840	0.3154	-2.0000
-0.5486	0.1122	0.0000
-0.2818	0.3143	-3.0000
-0.2133	0.3256	0.0000
-0.2307	0.3266	-3.0000
-0.2860	0.2114	-3.0000
-0.2897	0.3508	-3.0000
-0.2073	0.3284	-2.0000
-0.1902	0.3026	-3.0000
-0.2312	0.5153	0.0000
-0.1337	0.2683	-3.0000
-0.2523	0.3324	-3.0000
-0.2010	0.2844	-3.0000
0.0174	0.0516	0.0000
-0.1313	0.1246	0.0000
-0.2339	0.3902	-2.0000
-0.2205	0.3535	-3.0000
-0.2474	0.3261	-3.0000
-0.2306	0.3316	-3.0000
-0.0487	0.2513	0.0000
-0.2544	0.2846	-3.0000
-0.2534	0.3333	-3.0000
-0.3052	0.3686	-3.0000
-0.2067	0.3199	-3.0000
-0.3073	0.3566	-2.0000
-0.2509	0.3351	0.0000
-0.4464	0.3452	0.0000
-0.1545	0.2780	0.0000
-0.2301	0.3114	-3.0000
-0.3517	0.4376	0.0000
-0.2078	0.3191	-3.0000
-0.0960	0.1796	-2.0000
-0.2235	0.2812	-3.0000
-0.1757	0.2877	-2.0000
-0.2936	0.3347	-2.0000
-0.2872	0.2242	-3.0000
-0.2419	0.3248	-3.0000
-0.2725	0.2089	-3.0000
-0.2458	0.3384	-2.0000
-0.1678	0.3097	-3.0000
-0.2496	0.1905	0.0000
-0.2165	0.3223	-2.0000
-0.1959	0.3051	-3.0000
-0.2472	0.2052	-2.0000
-0.2049	0.3029	-2.0000
-0.2127	0.3405	-2.0000
-0.0397	0.0062	-2.0000
-0.1920	0.2881	-2.0000
-0.1766	0.2840	-2.0000
-0.2667	0.3264	-3.0000
-0.2189	0.3204	-3.0000
-0.2331	0.3049	-3.0000
-0.2082	0.3165	-2.0000
-0.2386	0.2998	-3.0000
-0.2437	0.3197	-3.0000
-0.1315	0.3176	0.0000
-0.1784	0.3234	-3.0000
-0.1435	0.2859	0.0000
-0.2780	0.3186	0.0000
-0.1425	0.3129	-2.0000
0.0046	-0.0483	-2.0000
-0.3414	-0.0840	0.0000
-0.0710	0.2324	0.0000
-0.2272	0.3513	-3.0000
-0.4953	0.1973	0.0000
-0.1904	0.3542	0.0000
-0.2181	0.3597	0.0000
-0.2487	0.1595	-2.0000
-0.2258	0.2588	-2.0000
-0.2604	0.3433	-3.0000
-0.2553	0.3317	-3.0000
-0.2118	0.3158	-3.0000
-0.2092	0.3462	-3.0000
-0.2014	0.3272	-3.0000
-0.1626	0.3082	0.0000
-0.1811	0.3068	-3.0000
-0.1831	0.2970	-3.0000
-0.2024	0.3260	-2.0000
-0.2234	0.3115	-3.0000
-0.2742	0.3455	-3.0000
-0.2125	0.3042	-3.0000
-0.2261	0.3707	-2.0000
-0.2438	0.3586	0.0000
-0.2420	0.3896	-2.0000
-0.2935	0.3334	-3.0000
-0.2399	0.3479	-3.0000
-0.2590	0.3495	-3.0000
-0.2603	0.3374	-3.0000
-0.2315	0.3212	-3.0000
-0.2013	0.2277	-3.0000
-0.2670	0.3279	-3.0000
-0.2157	0.3434	-3.0000
-0.1618	0.2995	0.0000
-0.2056	0.3524	-3.0000
-0.1725	0.2949	-2.0000
-0.2394	0.2976	-3.0000
-0.0975	0.2575	-2.0000
-0.1637	0.2718	-3.0000
-0.2013	0.2944	0.0000
-0.3000	0.3695	-3.0000
-0.2161	0.3284	-3.0000
-0.2625	0.3229	-3.0000
-0.2014	0.3617	-3.0000
-0.2143	0.2818	0.0000
-0.2624	0.3984	-2.0000
-0.2356	0.3359	-3.0000
-0.5962	0.2898	0.0000
-0.2689	0.3430	-3.0000
-0.2436	0.3607	-3.0000
-0.0346	0.1959	0.0000
-0.2188	0.3184	-2.0000
-0.3022	0.3495	-2.0000
-0.3248	0.3515	-2.0000
-0.2215	0.3188	-3.0000
-0.2045	0.3279	-3.0000
-0.2431	0.3406	-3.0000
-0.2195	0.3046	-3.0000
-0.1840	0.2801	-3.0000
-0.1664	0.3107	-2.0000
-0.1974	0.3346	-3.0000
-0.2344	0.3217	-3.0000
-0.1880	0.3253	0.0000
-0.2117	0.3316	-2.0000
-0.2201	0.3289	-2.0000
-0.2505	0.3043	-3.0000
-0.1861	0.3048	-2.0000
-0.1881	0.2820	-2.0000
-0.2753	0.3481	-3.0000
-0.2667	0.3374	-3.0000
-0.2944	0.3351	-3.0000
-0.2636	0.3394	-3.0000
-0.1600	0.1054	0.0000
-0.2575	0.3501	0.0000
-0.1802	0.2958	-3.0000
-0.1040	0.1986	0.0000
-0.0909	0.0730	0.0000
-0.1800	0.3270	-2.0000
-0.2775	0.3234	-2.0000
-0.2319	0.3407	-2.0000
-0.2863	0.3349	-3.0000
-0.3605	0.3687	-2.0000
-0.1647	0.3222	-2.0000
-0.2694	0.3185	-3.0000
-0.5704	0.3387	0.0000
-0.1675	0.3082	-2.0000
-0.1802	0.3136	-2.0000
-0.1962	0.3299	-2.0000
-0.2182	0.3143	-2.0000
-0.2896	0.3439	-3.0000
-0.5843	0.3329	0.0000
-0.2642	0.3743	-2.0000
-0.1694	0.3404	-2.0000
-0.2030	0.3095	-3.0000
-0.2968	0.3564	-2.0000
-0.1807	0.1384	-2.0000
-0.2880	0.2286	-3.0000
-0.2957	0.3014	-3.0000
-0.3566	0.1892	0.0000
-0.2629	0.3428	-3.0000
-0.0010	-0.0187	0.0000
-0.2721	0.3777	-2.0000
-0.1859	0.2984	-3.0000
-0.2616	0.3238	-3.0000
-0.2393	0.2542	-3.0000
-0.1790	0.2965	-3.0000
-0.3876	0.4574	0.0000
-0.1912	0.3139	-3.0000
-0.6154	-0.3456	0.0000
-0.2352	0.3188	-2.0000
-0.2038	0.3084	-3.0000
-0.0421	0.0481	0.0000
-0.2437	0.3059	-2.0000
-0.1818	0.3054	-3.0000
-0.1540	0.2867	-3.0000
-0.2512	0.3411	-3.0000
-0.1502	0.2919	-2.0000
-0.1870	0.3101	-3.0000
-0.2865	0.3332	-3.0000
-0.1990	0.2682	0.0000
-0.2319	0.3196	-2.0000
-0.1825	0.3007	-3.0000
-0.2113	0.2531	0.0000
-0.1644	0.2730	0.0000
-0.2565	0.3723	-2.0000
-0.2068	0.3104	-2.0000
-0.0894	0.0364	-2.0000
0.0470	-0.0127	0.0000
-0.2248	0.3383	-2.0000
-0.2125	0.3357	-3.0000
-0.0973	0.0681	-2.0000
-0.1788	0.3154	0.0000
-0.2559	0.3166	-3.0000
-0.2887	0.3665	0.0000
-0.2379	0.3267	-3.0000
-0.1805	0.3377	-2.0000
-0.0375	0.0312	0.0000
-0.3498	-0.0888	0.0000
-0.1663	0.1599	0.0000
-0.2152	0.3692	-2.0000
-0.2532	0.3196	-3.0000
-0.1961	0.2949	-3.0000
-0.1501	0.3412	-3.0000
-0.1398	0.3293	-2.0000
-0.1592	0.3344	0.0000
-0.2973	0.3530	-3.0000
-0.2100	0.3455	-3.0000
-0.1802	0.2726	-2.0000
-0.2308	0.3284	-3.0000
-0.2454	0.3169	-3.0000
-0.2999	0.2328	-3.0000
-0.2607	0.3318	-3.0000
-0.3799	0.3484	0.0000
-0.2108	0.3198	-3.0000
-0.2506	0.3364	-2.0000
-0.2167	0.3249	-3.0000
-0.1699	0.2954	-2.0000
-0.2851	0.3418	-3.0000
-0.1517	0.3235	-2.0000
-0.1922	0.2243	0.0000
-0.3558	0.2535	0.0000
-0.1445	0.3486	0.0000
-0.2651	0.3414	-3.0000
-0.2432	0.3503	-2.0000
-0.0136	0.0641	0.0000
-0.1731	0.3742	0.0000
-0.2371	0.3457	-2.0000
-0.1735	0.3289	-3.0000
-0.2140	0.3088	-3.0000
-0.2020	0.3476	-2.0000
-0.4178	-0.1173	0.0000
-0.2261	0.3542	-3.0000
-0.3007	0.3657	-2.0000
-0.2806	0.3295	0.0000
-0.1988	0.3011	-2.0000
-0.1900	0.3465	0.0000
-0.2920	0.3306	-3.0000
-0.2440	0.3236	-3.0000
-0.1942	0.2673	-3.0000
-0.2853	0.3338	-3.0000
-0.2071	0.3323	-2.0000
-0.1919	0.3254	-2.0000
-0.2025	0.3629	-2.0000
-0.2894	0.3161	0.0000
-0.1802	0.2880	-2.0000
-0.2329	0.3152	-2.0000
-0.2005	0.3301	-3.0000
-0.1757	0.2827	0.0000
-0.1981	0.3185	-2.0000
-0.3437	0.1310	-2.0000
-0.2276	0.3430	-3.0000
-0.1652	0.3672	0.0000
-0.1352	0.3147	-2.0000
-0.2299	0.3770	-2.0000
-0.3255	0.4119	-2.0000
-0.2841	0.3233	0.0000
-0.2297	0.3416	-3.0000
-0.1823	0.3119	-3.0000
-0.2262	0.3289	-2.0000
-0.2541	0.3728	-2.0000
-0.2127	0.3395	-2.0000
-0.3025	0.2937	0.0000
-0.2225	0.2144	0.0000
-0.2506	0.3038	-3.0000
-0.2003	0.1514	-2.0000
-0.1269	0.2798	0.0000
-0.1833	0.3060	-3.0000
-0.2052	0.2967	-2.0000
-0.1907	0.3766	0.0000
-0.3298	0.3543	0.0000
-0.2229	0.3293	-3.0000
-0.1612	0.3453	-2.0000
-0.1350	0.3061	-2.0000
-0.1932	0.3189	-3.0000
-0.2975	0.2618	-2.0000
-0.2615	0.3656	-2.0000
-0.1058	0.0707	-2.0000
-0.2899	0.3132	-2.0000
-0.1762	0.3097	0.0000
-0.2236	0.3134	-3.0000
-0.1799	0.0162	0.0000
-0.1149	0.2512	-3.0000
-0.2546	0.3255	-2.0000
-0.2073	0.2901	-2.0000
-0.2602	0.3006	-3.0000
-0.1905	0.3455	-3.0000
-0.2046	0.3294	-2.0000
-0.1878	0.3448	-2.0000
-0.2771	-0.0690	0.0000
-0.2266	0.3458	-3.0000
-0.2223	0.3293	-3.0000
-0.4692	0.1535	0.0000
-0.1657	0.2873	-3.0000
-0.4663	0.3015	0.0000
-0.1931	0.3266	-3.0000
-0.1846	0.3387	-3.0000
-0.0228	0.0937	0.0000
-0.2451	0.3327	-3.0000
-0.3678	0.2037	0.0000
-0.2169	0.3216	-2.0000
-0.2092	0.3124	-2.0000
-0.1823	0.3069	-3.0000
0.0051	0.0047	0.0000
-0.2557	0.3278	-2.0000
-0.3508	0.4485	0.0000
-0.2006	0.2971	-2.0000
-0.3876	0.1486	-1.0000
-0.2111	0.3159	-3.0000
-0.1800	0.3336	-2.0000
-0.2460	0.3323	-3.0000
-0.1783	0.3260	-2.0000
-0.5340	0.2085	-1.0000
-0.2088	0.3468	-2.0000
-0.1691	0.3399	-2.0000
-0.3118	0.3377	-2.0000
-0.3358	0.3770	-2.0000
-0.2346	0.3400	-3.0000
-0.2506	0.3277	-3.0000
-0.2666	0.3569	-3.0000
-0.0117	-0.1712	-1.0000
-0.2051	0.2946	-2.0000
-0.2833	0.3389	-3.0000
-0.2554	0.3358	-3.0000
-0.2414	0.2623	-3.0000
-0.2711	0.2569	-3.0000
-0.2518	0.3256	-2.0000
-0.2018	0.2737	-3.0000
-0.2779	0.1716	-2.0000
-0.2979	0.1552	-1.0000
-0.3303	0.3421	-2.0000
-0.3098	0.3375	-3.0000
-0.2672	0.3442	-3.0000
-0.1793	0.2952	-3.0000
-0.2498	0.3182	-3.0000
-0.1921	0.2912	-2.0000
-0.2815	0.3297	-3.0000
-0.2994	0.2239	-3.0000
-0.2519	0.3256	-3.0000
-0.2885	0.1274	-2.0000
-0.2849	0.3284	-3.0000
-0.2354	0.3290	-3.0000
-0.1992	0.3267	-3.0000
-0.3598	0.1127	-2.0000
-0.2032	0.3021	-3.0000
-0.2678	0.2867	-3.0000
-0.4821	-0.0520	-2.0000
-0.2562	0.3245	-3.0000
-0.2485	0.3311	-3.0000
-0.2683	0.3161	-1.0000
-0.2345	0.3048	-3.0000
-0.3003	-0.0212	-1.0000
-0.2857	0.3134	-3.0000
-0.2563	0.3457	-3.0000
-0.2403	0.3167	-3.0000
-0.2060	0.3263	-1.0000
-0.2430	0.3443	-3.0000
-0.2378	0.2986	-3.0000
-0.2512	0.2974	-3.0000
-0.2634	0.1238	-2.0000
-0.1906	0.3235	-3.0000
-0.2050	0.3009	-3.0000
-0.2215	0.3291	-3.0000
-0.2150	0.3017	-3.0000
-0.2273	0.2929	-3.0000
-0.2079	0.3151	-3.0000
-0.2514	0.3208	-3.0000
-0.0017	0.1220	-1.0000
-0.2101	0.3117	-3.0000
-0.1653	0.2784	-2.0000
-0.2184	-0.1335	-1.0000
-0.1074	0.2709	-2.0000
-0.2080	0.2787	-1.0000
-0.2076	0.2886	-3.0000
-0.2847	0.3390	-2.0000
-0.1471	0.2871	-2.0000
-0.2120	0.3004	-3.0000
-0.1735	0.2900	-3.0000
-0.2467	0.0391	-1.0000
-0.1805	0.2897	-3.0000
-0.1854	0.2973	-1.0000
-0.1538	0.2554	-2.0000
-0.1384	0.2718	-3.0000
-0.1809	0.2930	-2.0000
-0.1311	0.2435	-1.0000
-0.3085	0.3083	-3.0000
-0.2632	0.3167	-3.0000
-0.5316	0.0805	-1.0000
-0.1988	0.3603	-2.0000
-0.2142	0.3196	-3.0000
-0.2261	0.3294	-3.0000
-0.2209	0.3446	-2.0000
-0.2630	0.2320	-2.0000
-0.3059	0.2154	-3.0000
-0.3096	0.1197	-1.0000
-0.3071	0.3647	-3.0000
-0.2883	0.3425	-2.0000
0.0163	-0.0426	-2.0000
-0.2769	0.3190	-3.0000
-0.2183	0.3180	-3.0000
-0.2745	0.2973	-3.0000
-0.2482	0.3341	-2.0000
-0.2709	0.3365	-3.0000
-0.2316	0.3040	-3.0000
-0.2393	0.3251	-3.0000
-0.2374	0.3298	-3.0000
-0.3007	0.2712	-2.0000
-0.1705	0.2673	-2.0000
-0.1653	0.2800	-3.0000
-0.1827	0.3029	-2.0000
-0.1951	0.2977	-3.0000
-0.3827	-0.1334	-1.0000
-0.1464	0.3127	-3.0000
-0.1999	0.3046	-3.0000
-0.1933	0.2986	-2.0000
-0.2360	0.2705	-2.0000
-0.1686	0.2948	-3.0000
-0.1492	0.2782	-2.0000
-0.1660	0.3027	-3.0000
-0.1340	0.2746	-2.0000
-0.2782	0.3737	-3.0000
-0.2331	0.3602	-2.0000
-0.2162	0.3738	-2.0000
-0.2431	0.3282	-3.0000
-0.1867	0.3075	-3.0000
-0.2623	0.2826	-3.0000
-0.2919	0.3390	-2.0000
-0.2312	0.3738	-2.0000
-0.0067	-0.0032	-2.0000
-0.3788	-0.1417	-1.0000
-0.2226	0.3452	-2.0000
-0.2263	0.3219	-3.0000
-0.1987	0.2852	-3.0000
-0.2514	0.3294	-2.0000
-0.1479	0.2639	-1.0000
-0.3201	0.3294	-2.0000
-0.2925	0.4062	-2.0000
-0.1893	0.3449	-3.0000
-0.4120	-0.0022	-1.0000
-0.1847	0.3037	-3.0000
-0.2695	0.3401	-2.0000
-0.2932	0.3316	-3.0000
-0.3014	0.3463	-3.0000
-0.2855	0.3580	-3.0000
-0.2367	0.3331	-2.0000
-0.2615	0.3176	-3.0000
-0.2200	0.3095	-3.0000
-0.2861	0.3184	-2.0000
-0.2336	0.2016	-3.0000
-0.2683	0.2768	-3.0000
-0.2919	0.1531	-2.0000
-0.3380	0.0244	-1.0000
-0.0272	0.0307	-2.0000
-0.3317	0.3548	-2.0000
-0.2307	0.3091	-3.0000
-0.2461	0.3311	-3.0000
-0.2502	0.2265	-2.0000
-0.2948	0.3366	-3.0000
-0.4423	0.0166	-1.0000
-0.1564	0.2896	-3.0000
-0.2848	0.3451	-3.0000
-0.1960	0.3082	-2.0000
-0.1839	0.2894	-3.0000
-0.2474	0.3152	-2.0000
-0.1875	0.3015	-3.0000
-0.2039	0.3229	-2.0000
-0.1547	0.2744	-3.0000
-0.2396	0.3055	-3.0000
-0.1786	0.3042	-3.0000
-0.1315	0.2773	-2.0000
-0.1019	0.2407	-2.0000
-0.1656	0.2801	-3.0000
-0.2357	-0.0582	-1.0000
-0.2196	0.2997	-3.0000
-0.1069	0.2004	-2.0000
-0.1720	0.2973	-1.0000
-0.5184	0.1671	-1.0000
-0.2547	0.3813	-2.0000
-0.4884	0.0001	-1.0000
-0.2205	0.3198	-2.0000
-0.2436	0.3394	-3.0000
-0.2834	0.2374	-3.0000
-0.3007	0.3603	-1.0000
-0.2740	0.3517	-3.0000
0.0071	-0.0623	-2.0000
-0.2121	0.3123	-2.0000
-0.1926	0.2960	-3.0000
-0.2494	0.3097	-3.0000
-0.1821	0.2969	-3.0000
-0.2172	0.2541	-3.0000
-0.2924	0.3072	-2.0000
-0.3659	0.3670	-3.0000
-0.2777	0.3708	-2.0000
-0.2166	0.3071	-3.0000
-0.2724	0.1373	-1.0000
-0.4302	-0.1635	-1.0000
-0.3024	0.3575	-1.0000
-0.3122	0.3361	-3.0000
-0.2944	0.3445	-2.0000
-0.2449	0.3289	-2.0000
-0.3229	0.3424	-1.0000
-0.1936	0.2958	-3.0000
-0.2951	0.2435	-3.0000
-0.2793	0.3231	-3.0000
-0.2957	0.3140	-2.0000
-0.1989	0.2934	-2.0000
-0.1103	0.1877	-1.0000
-0.1303	0.2060	-1.0000
-0.1543	0.1662	-1.0000
-0.2272	0.3256	-2.0000
-0.1753	0.2689	-3.0000
-0.1181	0.2247	-1.0000
-0.2354	0.3129	-3.0000
-0.2252	0.3034	-3.0000
-0.2264	0.3414	-3.0000
-0.3801	0.1316	-1.0000
-0.1748	0.2696	-2.0000
-0.3606	0.3805	-2.0000
-0.5688	0.1356	-1.0000
-0.2452	0.3331	-2.0000
-0.2524	0.3234	-3.0000
-0.2846	0.2572	-3.0000
-0.1869	0.2944	-3.0000
-0.2374	0.3332	-2.0000
-0.3215	0.3265	-2.0000
-0.4990	0.0841	-1.0000
-0.2954	0.3278	-3.0000
-0.3073	0.3485	-3.0000
-0.2248	0.3229	-3.0000
-0.2502	0.3362	-1.0000
-0.2381	0.3238	-3.0000
-0.2539	0.3307	-3.0000
-0.0650	0.0097	-1.0000
-0.3140	0.2213	-3.0000
-0.3435	0.2111	-3.0000
-0.1159	0.1866	-2.0000
-0.0404	0.0325	-1.0000
-0.2601	0.3263	-3.0000
-0.2043	0.3077	-3.0000
-0.0973	0.0634	-1.0000
-0.2364	0.3200	-3.0000
-0.2956	0.3503	-3.0000
-0.2136	0.3193	-1.0000
-0.2610	0.3201	-3.0000
-0.2352	0.3348	-3.0000
-0.0922	0.0958	-1.0000
-0.1466	0.1090	-3.0000
-0.1647	0.2885	-3.0000
-0.2371	0.3090	-3.0000
-0.2365	0.3206	-2.0000
-0.1974	0.2623	-2.0000
-0.2461	0.0008	-1.0000
-0.2559	0.3138	-1.0000
-0.2169	0.2948	-3.0000
-0.2385	0.3154	-3.0000
-0.1392	0.2950	-1.0000
-0.1978	0.3078	-1.0000
-0.1484	0.2985	-3.0000
-0.1243	0.2703	-1.0000
-0.1892	0.3012	-1.0000
-0.3409	0.3574	-3.0000
-0.2816	0.3459	-3.0000
-0.2004	0.3265	-3.0000
-0.2457	0.3474	-3.0000
-0.1888	0.3084	-3.0000
-0.2105	0.2977	-3.0000
-0.3316	0.3523	-3.0000
-0.2650	0.3550	-2.0000
-0.1823	0.3078	-3.0000
-0.2440	0.3375	-3.0000
-0.2183	0.3505	-3.0000
-0.0217	0.0080	-1.0000
-0.3021	0.3385	-3.0000
-0.2065	0.3282	-2.0000
-0.1680	0.2967	-1.0000
-0.3017	0.3957	-1.0000
-0.1721	0.2487	0.0000
-0.1999	0.3104	-2.0000
-0.2947	0.4135	0.0000
-0.2040	0.0392	0.0000
-0.2175	0.3393	-1.0000
-0.3138	0.3369	-2.0000
-0.3215	0.3528	-2.0000
-0.2451	0.3283	-1.0000
-0.1744	0.3035	-2.0000
-0.2940	0.3291	-2.0000
-0.2125	0.1727	-1.0000
-0.2880	0.3445	-2.0000
-0.2908	0.3520	-2.0000
-0.2430	0.3417	-1.0000
-0.2264	0.3222	-1.0000
-0.2029	0.3108	-1.0000
-0.1678	0.2957	-2.0000
-0.2733	0.3240	-3.0000
-0.0111	0.1161	0.0000
-0.3058	0.0351	0.0000
-0.2458	0.3401	-2.0000
-0.2682	0.3494	-2.0000
-0.1882	0.3022	-1.0000
-0.3395	-0.0496	0.0000
-0.3606	0.1850	0.0000
-0.2369	0.3119	-2.0000
-0.3337	0.3444	-1.0000
-0.2768	0.3493	-2.0000
-0.2602	0.3138	-3.0000
-0.4530	0.0974	-1.0000
-0.2300	0.3101	-2.0000
-0.3195	0.3639	-1.0000
-0.3157	0.2972	0.0000
-0.3084	0.3414	-1.0000
-0.2080	0.3054	-1.0000
-0.2199	0.3202	-3.0000
-0.3125	0.1381	0.0000
-0.2292	0.3307	-3.0000
-0.3318	0.2827	-2.0000
-0.3049	0.3515	-2.0000
-0.2099	0.3124	-1.0000
-0.2110	0.3042	-3.0000
-0.2181	0.3273	0.0000
-0.2133	-0.0861	0.0000
-0.0974	0.2700	-1.0000
-0.1721	0.2906	-2.0000
-0.1425	0.2739	-2.0000
-0.1086	0.1406	0.0000
-0.6223	0.2902	0.0000
0.0616	-0.0002	0.0000
-0.2483	0.3332	-3.0000
-0.2048	0.3136	-2.0000
-0.2482	0.3397	-1.0000
-0.0778	0.2806	0.0000
-0.2857	0.3401	-2.0000
-0.0347	0.0261	-1.0000
-0.2143	0.3443	-2.0000
-0.5708	0.2328	0.0000
-0.2138	0.3196	-1.0000
-0.2549	0.3465	-1.0000
-0.2711	0.3467	0.0000
-0.3547	0.3659	-1.0000
-0.4634	0.2419	-1.0000
-0.2443	0.3113	-1.0000
-0.2317	0.3313	-1.0000
-0.2455	0.3302	-2.0000
-0.2160	0.3339	0.0000
-0.2927	0.3451	-1.0000
-0.5608	0.2129	0.0000
-0.3250	0.3453	-2.0000
-0.4782	0.0600	0.0000
-0.2444	0.3437	-2.0000
-0.1678	0.3206	-1.0000
-0.2390	0.3192	-2.0000
-0.1878	0.1287	-1.0000
-0.2331	0.3186	-3.0000
-0.2120	0.3106	-3.0000
-0.2285	0.3060	-2.0000
-0.3003	0.1899	0.0000
-0.0789	0.1477	0.0000
-0.3287	0.3732	-2.0000
0.0136	0.1000	0.0000
-0.1963	0.2990	-1.0000
-0.1808	0.3134	-2.0000
-0.2935	0.2258	-2.0000
-0.2275	0.3271	-3.0000
-0.2499	0.3300	-2.0000
-0.1939	0.3088	-3.0000
-0.2557	0.3197	-2.0000
-0.2164	0.3017	-3.0000
-0.2302	0.3199	-2.0000
-0.1821	0.3165	-2.0000
-0.2637	0.3244	-2.0000
-0.1980	0.2971	-1.0000
-0.2330	0.3236	-3.0000
-0.1959	0.2946	-3.0000
-0.2379	0.3235	-1.0000
-0.1940	0.3145	-1.0000
-0.2395	0.0162	-1.0000
-0.1484	0.2713	-1.0000
-0.1278	0.2750	-2.0000
-0.1355	0.2818	-2.0000
-0.1858	0.2997	0.0000
-0.2021	0.3103	0.0000
-0.2763	0.3384	-3.0000
-0.2396	0.3456	-2.0000
-0.2150	0.3091	-3.0000
-0.2569	0.3257	-2.0000
-0.0897	0.1352	-1.0000
-0.2919	0.1985	-2.0000
-0.2485	0.3720	-2.0000
-0.1984	0.3518	-1.0000
-0.2394	0.3054	-3.0000
-0.2567	0.3568	-2.0000
-0.2277	0.3283	-3.0000
-0.1265	0.2796	-1.0000
-0.2241	0.3207	-2.0000
-0.2123	0.3223	-2.0000
-0.1266	0.2858	-1.0000
-0.2304	0.3414	-3.0000
-0.2006	0.3579	-1.0000
-0.2517	0.3266	-1.0000
-0.2494	0.3527	-2.0000
-0.2620	0.3236	-1.0000
-0.2237	0.3453	-1.0000
-0.4935	0.1838	0.0000
-0.4936	0.1758	0.0000
-0.4653	0.1145	0.0000
-0.3309	0.2495	-2.0000
-0.0367	0.0061	-2.0000
-0.2606	0.2699	-1.0000
-0.2405	0.3263	-2.0000
-0.4035	0.2933	-1.0000
-0.2343	0.3204	-3.0000
-0.2512	0.3188	-3.0000
-0.1906	0.2719	-2.0000
-0.2559	0.3118	0.0000
-0.1651	0.3021	-2.0000
-0.1296	0.1856	0.0000
-0.2016	0.2788	-1.0000
-0.3063	0.3295	-3.0000
-0.4487	0.1410	0.0000
-0.2537	0.3263	-3.0000
-0.2384	0.3261	-2.0000
-0.2246	0.3129	0.0000
-0.1908	0.3106	-1.0000
-0.3153	0.2876	-1.0000
-0.2219	0.3018	0.0000
-0.4053	0.1211	-1.0000
-0.1537	0.4675	0.0000
-0.2606	-0.0810	0.0000
-0.3136	0.3159	-1.0000
-0.2353	0.3438	-1.0000
-0.3003	0.3746	-1.0000
-0.1597	0.2101	-1.0000
-0.0212	0.0694	0.0000
-0.2548	0.3348	-2.0000
-0.1990	0.3243	-1.0000
-0.1083	0.1378	0.0000
-0.2839	0.3282	-3.0000
-0.4166	-0.0120	-1.0000
-0.2115	0.2969	-2.0000
-0.2812	0.3492	-1.0000
-0.1867	0.3028	-3.0000
-0.2532	0.3294	-1.0000
-0.1758	0.2845	-3.0000
-0.1662	0.3032	0.0000
-0.2123	-0.0871	0.0000
-0.1926	0.2946	-1.0000
-0.1965	0.3424	-1.0000
-0.3080	0.3402	-1.0000
-0.2093	0.3266	-1.0000
-0.1631	0.2919	-2.0000
-0.2103	0.3657	-1.0000
-0.2107	0.3177	-2.0000
-0.2700	0.3284	-1.0000
-0.3067	0.3407	-2.0000
-0.3510	0.3538	0.0000
-0.2180	0.3173	-1.0000
-0.2111	0.3085	-2.0000
-0.3978	0.0451	0.0000
-0.5029	0.1633	0.0000
-0.2339	0.3643	-1.0000
-0.2561	0.3157	-3.0000
-0.2204	0.3346	-2.0000
-0.3825	0.0754	-1.0000
-0.3125	0.3582	-3.0000
-0.3020	0.3536	-2.0000
-0.2716	0.3321	-2.0000
-0.2985	0.3414	-3.0000
-0.2650	0.3436	-3.0000
-0.4319	0.3915	-1.0000
-0.2856	0.3294	-3.0000
-0.2933	0.3242	-2.0000
-0.2567	0.2985	-1.0000
-0.1884	0.2263	-1.0000
-0.4467	0.1884	-1.0000
-0.1889	0.3138	-2.0000
-0.1942	0.2937	-1.0000
-0.2949	0.3376	-2.0000
-0.1693	0.2943	-2.0000
-0.1416	0.2736	0.0000
-0.2090	0.2941	-3.0000
-0.2077	0.2734	0.0000
-0.2732	0.3615	-2.0000
-0.2276	0.3442	-2.0000
-0.1674	0.2747	-2.0000
-0.2312	0.3264	-1.0000
-0.1716	0.3132	0.0000
-0.2514	0.3231	-2.0000
-0.2597	0.3228	-1.0000
-0.1978	0.3221	-2.0000
-0.2258	0.3058	-1.0000
-0.2280	0.3190	-2.0000
-0.1775	0.3060	-2.0000
-0.0219	-0.0708	-1.0000
-0.3102	0.3429	-2.0000
-0.2445	0.3298	-2.0000
-0.2471	0.3316	-2.0000
-0.2870	0.3313	-1.0000
-0.2710	0.3294	-3.0000
-0.2848	0.3392	-2.0000
-0.2931	0.3811	-2.0000
-0.0595	0.0248	0.0000
-0.1672	0.3336	-2.0000
-0.1137	0.0515	0.0000
-0.2516	0.3531	-1.0000
-0.1967	0.3166	-2.0000
-0.2338	0.3342	-2.0000
-0.1543	0.2611	-1.0000
-0.3775	0.1729	0.0000
-0.3049	0.3327	0.0000
-0.2873	0.3016	-1.0000
-0.1242	0.1882	0.0000
-0.3449	0.2876	0.0000
-0.3310	0.3552	-1.0000
-0.2468	0.3336	-2.0000
-0.2287	0.3317	-2.0000
-0.2024	0.3125	-2.0000
-0.2211	0.3285	0.0000
-0.1701	0.2957	-2.0000
-0.2599	0.3167	-3.0000
-0.2326	0.3108	-3.0000
-0.3516	0.1357	-1.0000
-0.3463	0.3228	-1.0000
-0.0302	0.0820	-1.0000
-0.3233	0.0052	0.0000
-0.2302	0.3135	-3.0000
-0.1275	0.0762	-1.0000
-0.2343	0.3062	-2.0000
-0.3227	0.3478	-2.0000
-0.2142	0.2974	-2.0000
-0.2415	0.3200	-2.0000
-0.3110	0.2570	-1.0000
-0.2160	-0.1398	0.0000
-0.2728	0.3389	-1.0000
-0.2504	0.3117	-1.0000
-0.2111	0.3089	-2.0000
-0.2037	0.2870	-1.0000
-0.2603	0.3160	-3.0000
-0.1209	0.2582	-1.0000
-0.1985	0.2925	-2.0000
-0.2344	0.3194	-3.0000
-0.1422	0.0410	0.0000
-0.0099	0.0349	-1.0000
-0.1765	0.2564	-1.0000
-0.1927	0.3005	-3.0000
-0.0942	0.1375	-1.0000
-0.0587	0.2334	0.0000
-0.2651	0.3022	-2.0000
-0.2741	0.3274	-3.0000
-0.3244	0.1681	-1.0000
-0.1989	0.2831	-3.0000
-0.2221	0.3173	-3.0000
-0.2022	0.2597	-2.0000
-0.5171	0.1846	0.0000
-0.2194	0.3254	-2.0000
-0.2047	0.3231	-3.0000
-0.3385	0.3552	-2.0000
-0.2201	0.3316	-3.0000
-0.1929	0.2534	-1.0000
-0.3249	0.0836	-1.0000
-0.2456	0.3352	-2.0000
-0.0017	-0.0550	0.0000
-0.2944	0.3455	-2.0000
-0.3273	0.2243	0.0000
-0.2124	0.2973	-3.0000
-0.2462	-0.0718	0.0000
-0.2295	0.3408	0.0000
-0.2588	0.3591	-2.0000
-0.2993	0.3279	-2.0000
-0.2609	0.3251	-3.0000
-0.4860	-0.0226	0.0000
-0.2350	0.3077	-3.0000
-0.2690	0.3250	-2.0000
-0.2876	0.2881	-2.0000
-0.2967	0.3763	-1.0000
-0.2296	0.3165	-2.0000
-0.1818	0.3059	-2.0000
-0.2685	0.3421	-1.0000
-0.1269	0.2608	0.0000
-0.2346	0.3298	-1.0000
-0.0917	0.0159	0.0000
-0.0216	0.1048	0.0000
-0.1225	0.2717	-1.0000
-0.3427	0.3585	-1.0000
-0.2284	0.3310	-2.0000
-0.2360	0.3171	-3.0000
-0.2762	0.3442	-2.0000
-0.1914	0.3131	0.0000
-0.2745	0.3288	-1.0000
-0.1005	0.0476	0.0000
-0.2601	0.3363	-2.0000
-0.1826	0.2952	-1.0000
-0.2221	0.2571	0.0000
-0.3082	0.3374	-2.0000
-0.3078	0.3442	-2.0000
-0.3196	0.2628	-1.0000
-0.3294	0.4134	-1.0000
-0.2710	0.3101	-1.0000
-0.2734	0.3418	-1.0000
-0.2365	0.3328	-2.0000
-0.3680	0.1342	-1.0000
-0.0476	0.0529	0.0000
-0.0255	-0.0633	-1.0000
-0.2355	0.3246	-3.0000
-0.2181	0.3265	-1.0000
-0.2696	0.3361	-2.0000
-0.1538	0.2745	-1.0000
-0.1595	0.3278	-1.0000
-0.2249	0.3253	-1.0000
-0.2083	-0.0983	0.0000
-0.2379	0.3121	-1.0000
-0.5235	0.0631	-1.0000
-0.5575	0.2017	0.0000
-0.2346	0.3353	-3.0000
-0.1936	0.3305	-1.0000
-0.1315	0.0855	0.0000
-0.5322	0.1669	0.0000
-0.2919	0.3408	-2.0000
-0.2224	0.3147	-2.0000
-0.1977	0.3031	-2.0000
-0.2531	0.3294	-2.0000
-0.2599	0.3407	-2.0000
-0.3174	0.3618	-1.0000
-0.3311	0.3315	-1.0000
-0.3551	0.2506	-1.0000
-0.2517	0.3357	-1.0000
-0.2720	0.3287	-2.0000
-0.2210	0.3178	-1.0000
-0.3154	0.1638	0.0000
-0.2129	0.2939	-3.0000
-0.2544	0.2917	-2.0000
-0.2513	0.3243	-2.0000
-0.3782	0.2495	-1.0000
-0.2931	0.3488	-3.0000
-0.2325	0.3502	-2.0000
-0.2629	0.3349	-2.0000
-0.2477	0.3453	-2.0000
-0.2073	0.3179	-1.0000
-0.3495	0.3598	-2.0000
-0.2133	0.3132	0.0000
-0.2288	0.3150	-2.0000
-0.2329	0.3056	-3.0000
-0.2959	0.3369	-2.0000
-0.2135	0.2953	-2.0000
-0.1756	0.3161	0.0000
-0.0061	0.0231	0.0000
-0.1954	0.2989	0.0000
-0.3471	0.0625	-1.0000
-0.2316	0.3347	-2.0000
-0.2280	0.3158	-1.0000
-0.2467	0.1505	0.0000
-0.1779	0.3086	-1.0000
-0.2446	0.3492	-3.0000
-0.5122	0.2329	0.0000
-0.2776	0.3435	-3.0000
-0.2395	0.3167	-3.0000
-0.2601	0.3387	-2.0000
-0.1964	-0.1454	0.0000
-0.4508	0.0646	0.0000
0.0033	0.0881	0.0000
-0.1933	0.3037	-1.0000
-0.2023	0.3288	-1.0000
-0.2213	0.3116	-3.0000
-0.2401	0.3278	-2.0000
-0.2393	0.3208	-2.0000
-0.2467	0.3528	-1.0000
-0.0233	-0.1165	0.0000
-0.1698	0.2793	-2.0000
-0.2878	0.3478	-1.0000
-0.2136	0.3458	-2.0000
-0.2405	0.3195	-3.0000
-0.2424	0.3162	-2.0000
-0.2029	0.3193	-2.0000
-0.1106	0.2254	0.0000
-0.2270	0.3293	-2.0000
-0.2469	0.3202	-2.0000
-0.2383	0.3735	0.0000
-0.2059	0.2970	-2.0000
-0.3041	0.3200	-2.0000
-0.1978	0.3494	-2.0000
-0.1934	0.3095	-1.0000
-0.2433	0.3332	-2.0000
-0.2576	0.2394	-2.0000
-0.3109	0.3383	-2.0000
-0.2706	0.3356	-3.0000
-0.2257	0.3183	-2.0000
-0.2216	0.3044	-2.0000
-0.1162	0.1947	-1.0000
-0.2571	0.3196	-3.0000
-0.1949	0.3057	-1.0000
-0.2206	0.2937	-1.0000
-0.1697	0.2886	-1.0000
-0.2902	0.3845	-1.0000
-0.2569	0.3085	-1.0000
-0.2043	0.2911	-3.0000
-0.3057	0.3494	-2.0000
-0.2626	0.3278	-3.0000
-0.4553	-0.0107	0.0000
-0.3457	0.2826	-2.0000
-0.1881	0.1921	0.0000
-0.2583	0.3222	-1.0000
-0.2509	0.3408	-1.0000
-0.2891	0.3331	-1.0000
-0.2897	0.3145	-2.0000
-0.3210	0.3274	-2.0000
-0.3170	0.3370	-1.0000
-0.3162	0.3499	-1.0000
-0.2076	0.3020	-2.0000
-0.2719	0.3246	-2.0000
-0.1248	0.2363	-1.0000
-0.2842	0.3412	-2.0000
-0.2799	0.3485	-1.0000
-0.2035	0.3025	-2.0000
-0.2916	0.3351	-1.0000
-0.2754	0.3446	-2.0000
-0.2309	0.3275	-3.0000
-0.3094	0.3310	-1.0000
-0.3448	0.3466	-1.0000
-0.2915	0.3530	-2.0000
-0.2756	0.0246	0.0000
-0.2417	0.3134	-1.0000
-0.2045	0.3094	-2.0000
-0.4750	0.0552	0.0000
-0.3660	0.4286	0.0000
-0.2051	0.3091	-2.0000
-0.2623	0.3323	-1.0000
-0.0881	0.0991	0.0000
-0.1969	0.3014	-1.0000
-0.2120	0.3119	0.0000
-0.2969	0.3393	-2.0000
-0.2394	0.3336	-2.0000
-0.4443	0.0294	0.0000
-0.3077	0.3311	-2.0000
-0.1868	0.1758	-1.0000
-0.4618	0.0959	0.0000
-0.1396	0.2903	0.0000
-0.2371	0.3163	-2.0000
-0.2420	0.3092	-3.0000
-0.0701	0.0029	0.0000
-0.3009	0.1869	-2.0000
-0.2594	0.2039	0.0000
-0.0105	0.0171	0.0000
-0.6100	-0.4232	0.0000
-0.6148	-0.3528	0.0000
-0.1635	0.3379	-1.0000
-0.2089	0.2989	-3.0000
-0.0044	0.0277	0.0000
-0.2731	0.1952	-1.0000
-0.2738	0.3348	-2.0000
-0.1163	0.3313	-1.0000
-0.1944	0.2962	-2.0000
-0.2450	0.3181	-3.0000
-0.1928	0.2904	-1.0000
-0.4240	-0.0606	0.0000
-0.1888	0.2733	0.0000
-0.1994	0.3246	-3.0000
-0.2317	0.3290	-3.0000
-0.1926	0.0723	0.0000
-0.1514	0.2875	-1.0000
-0.2116	0.3264	-2.0000
-0.1718	0.2932	-2.0000
-0.1795	0.2924	-2.0000
-0.2186	0.3042	-1.0000
-0.1719	0.2616	0.0000
0.0203	0.0450	0.0000
-0.1184	0.3070	-2.0000
-0.1334	0.1812	0.0000
-0.2568	0.3337	-2.0000
-0.2153	0.2946	-3.0000
-0.4613	0.0644	0.0000
-0.2299	0.3117	-2.0000
-0.0997	0.0061	0.0000
-0.2531	0.3274	-1.0000
-0.4621	0.0571	0.0000
-0.2373	0.3292	-2.0000
-0.2356	0.3242	-3.0000
-0.1904	0.2987	-2.0000
-0.2083	0.2871	-2.0000
-0.0856	0.2787	-1.0000
-0.2348	0.2571	-2.0000
-0.2688	0.2205	-1.0000
-0.1389	0.2840	0.0000
-0.2895	0.3094	0.0000
-0.2385	0.3718	-1.0000
-0.1960	0.3104	-2.0000
-0.2401	0.3657	-2.0000
-0.1845	0.2997	-2.0000
-0.3228	0.3956	-1.0000
-0.0788	0.0795	-1.0000
-0.1925	0.3061	-2.0000
-0.1447	0.3098	-1.0000
-0.2202	0.3104	-2.0000
-0.2075	0.2760	-1.0000
-0.3196	0.2182	0.0000
-0.3159	0.1054	0.0000
-0.3334	0.2110	-2.0000
-0.2089	0.3057	-3.0000
-0.2097	0.2633	-2.0000
-0.2847	0.1952	0.0000
-0.1061	0.2669	0.0000
-0.2352	0.2597	-3.0000
-0.0656	-0.1516	0.0000
-0.1989	0.2580	0.0000
-0.2573	0.3325	-3.0000
-0.3309	0.4013	-1.0000
-0.2813	0.3027	-3.0000
-0.1359	0.3300	-1.0000
-0.2025	0.3116	-2.0000
-0.1896	0.3263	0.0000
-0.3425	0.3458	-1.0000
-0.2335	0.3455	-3.0000
-0.1523	0.2844	-1.0000
-0.1956	0.2693	-1.0000
-0.2361	0.2629	-1.0000
-0.2641	0.3742	-1.0000
-0.2545	0.3157	-2.0000
-0.3012	0.3352	-1.0000
-0.1920	0.3158	-2.0000
-0.2803	0.3522	-2.0000
-0.3005	0.3361	-2.0000
-0.2079	0.2714	-3.0000
-0.3436	0.1892	-2.0000
-0.3004	0.3405	-3.0000
-0.3093	0.3482	-2.0000
-0.1877	0.3039	-2.0000
-0.2837	0.3336	-2.0000
-0.2389	0.3507	-2.0000
-0.2048	0.2898	-2.0000
-0.2116	0.3057	-3.0000
-0.1101	0.2892	0.0000
-0.0197	0.1322	0.0000
-0.5604	0.1037	-1.0000
-0.1971	0.2934	-2.0000
-0.2326	0.3318	-3.0000
0.0152	-0.0528	0.0000
-0.0592	0.2566	0.0000
-0.1138	0.2651	0.0000
-0.3287	0.3461	-1.0000
-0.2774	0.3374	-2.0000
-0.2559	0.3091	-3.0000
-0.2724	0.3388	-2.0000
-0.2921	0.3295	-1.0000
-0.2831	0.4123	0.0000
-0.2158	0.3057	-3.0000
-0.2385	0.3210	-3.0000
-0.2095	0.3177	-2.0000
-0.1748	0.3138	-3.0000
-0.2260	0.3345	-1.0000
-0.1904	0.2936	-2.0000
-0.2233	0.3104	-2.0000
-0.2973	0.3597	-2.0000
-0.2833	0.3382	-1.0000
-0.4883	0.1424	-1.0000
-0.2520	0.3565	-2.0000
-0.2880	0.3399	-2.0000
-0.1174	0.2556	0.0000
-0.2282	0.3369	-2.0000
-0.3625	0.2187	0.0000
-0.2301	0.3034	-3.0000
-0.2278	0.3643	-2.0000
-0.1872	0.3127	-1.0000
-0.1826	0.3120	-1.0000
-0.2017	0.2985	-1.0000
-0.4625	-0.0217	0.0000
-0.1816	0.3001	-2.0000
-0.4539	-0.0172	0.0000
-0.1683	0.2552	-1.0000
-0.2496	0.3445	-3.0000
-0.2065	0.2681	-2.0000
-0.2035	0.3189	-2.0000
-0.2187	0.3246	-3.0000
-0.1448	0.2863	-2.0000
-0.2105	0.3278	-2.0000
-0.2281	0.3133	-3.0000
-0.2917	0.3208	-2.0000
-0.0345	0.0116	-1.0000
-0.6136	0.2846	0.0000
-0.2027	0.3034	-2.0000
-0.2412	0.3066	-1.0000
-0.3487	0.3365	-1.0000
-0.5092	0.2541	0.0000
-0.2194	0.3028	-3.0000
-0.2804	0.2950	-3.0000
-0.1594	0.3203	-2.0000
-0.1317	0.2914	-1.0000
-0.2410	0.3588	-2.0000
-0.2951	0.3535	0.0000
-0.0280	-0.0115	0.0000
-0.3051	0.3579	-1.0000
-0.0453	0.2186	0.0000
-0.2510	0.3386	-2.0000
-0.2115	0.3334	-2.0000
-0.1682	0.3256	-1.0000
-0.2336	0.3102	-2.0000
-0.2035	0.3138	-2.0000
-0.2295	0.3197	-2.0000
-0.2149	0.2954	-1.0000
-0.3035	0.3337	-2.0000
-0.2541	0.3219	-2.0000
-0.3007	0.3318	0.0000
-0.2430	0.3257	-1.0000
-0.2381	0.3139	-3.0000
-0.0695	0.0080	0.0000
-0.3033	0.3377	-3.0000
-0.2856	0.2610	-2.0000
-0.2600	0.3293	-2.0000
-0.2383	0.3211	-3.0000
-0.1664	0.2776	-1.0000
-0.2723	0.1324	0.0000
-0.1928	0.2675	-1.0000
-0.1437	0.2645	0.0000
-0.1873	0.2867	-2.0000
-0.2824	0.3691	-1.0000
-0.2318	0.2991	-2.0000
-0.2154	0.3223	-3.0000
-0.2690	0.3326	-3.0000
-0.1905	0.2803	0.0000
-0.2944	0.3770	-1.0000
-0.0699	0.0047	-2.0000
-0.2980	0.2739	-3.0000
-0.2083	0.2752	-2.0000
-0.2499	0.2938	-3.0000
-0.1561	0.2782	-1.0000
-0.2492	0.3409	-3.0000
-0.3378	0.3260	-2.0000
-0.2520	0.3321	-2.0000
-0.2984	0.3291	-1.0000
-0.2821	0.2890	-2.0000
-0.2765	0.2548	-1.0000
-0.1450	-0.1388	0.0000
-0.2505	0.3420	-3.0000
-0.2824	0.3457	-2.0000
-0.2825	0.3491	-3.0000
-0.2898	0.3373	-2.0000
-0.0323	0.0470	-1.0000
-0.2474	0.3209	-3.0000
-0.3839	0.1326	0.0000
-0.1549	0.3016	-2.0000
-0.2638	0.3352	-3.0000
-0.3253	0.3532	-2.0000
-0.1548	0.3087	0.0000
-0.2225	0.3056	-3.0000
-0.3351	0.3477	-2.0000
-0.3209	0.3058	0.0000
-0.1927	0.2708	-2.0000
-0.3899	0.3431	-1.0000
-0.0394	0.1358	-1.0000
-0.0586	-0.0091	0.0000
-0.2329	0.3198	-1.0000
-0.2901	0.3376	-2.0000
-0.1967	0.3144	-3.0000
-0.3519	0.3564	0.0000
-0.3317	0.3424	-2.0000
-0.5141	0.0366	0.0000
-0.2743	0.2816	-1.0000
-0.1918	0.3041	-2.0000
-0.2050	0.3213	-3.0000
-0.2245	0.3066	-3.0000
-0.3005	0.2979	-2.0000
-0.3489	0.1763	-2.0000
-0.3004	0.2205	-2.0000
-0.2867	0.1462	-1.0000
-0.3343	0.2686	-1.0000
-0.3174	0.3610	-2.0000
-0.5238	-0.3174	0.0000
-0.2103	0.3133	-2.0000
-0.2136	0.2790	-2.0000
-0.2688	0.2273	-2.0000
-0.2762	0.3429	-2.0000
-0.5695	0.2465	0.0000
-0.2322	0.2698	-2.0000
-0.2377	0.3136	-2.0000
-0.1938	0.2931	-3.0000
-0.2808	-0.1283	0.0000
0.0242	-0.0586	0.0000
-0.1248	0.2627	-1.0000
-0.1833	0.2860	-2.0000
-0.2822	0.1862	-1.0000
-0.2167	0.2571	-1.0000
-0.2387	0.3070	-2.0000
-0.1965	0.3154	-2.0000
-0.2021	0.2013	-2.0000
-0.2290	0.2798	0.0000
-0.1999	0.2849	-2.0000
-0.1757	0.2843	-1.0000
-0.1125	-0.0752	0.0000
-0.0195	0.1256	0.0000
-0.3153	0.3528	-1.0000
-0.2749	0.3851	-1.0000
-0.2938	-0.0283	0.0000
-0.2820	0.3331	-2.0000
-0.2885	0.3282	-2.0000
-0.2789	0.2001	-2.0000
-0.2191	0.3507	-1.0000
-0.0034	-0.0177	0.0000
-0.2746	0.3128	-3.0000
-0.2253	0.3350	-2.0000
-0.1376	0.2891	-1.0000
-0.1251	0.2947	-1.0000
-0.1933	0.2790	-3.0000
-0.2809	-0.1819	0.0000
-0.2213	0.2053	0.0000
-0.3611	0.3533	-1.0000
-0.3058	0.2824	0.0000
-0.1844	0.3084	-2.0000
-0.2240	0.3686	-1.0000
-0.1762	0.3220	-1.0000
-0.2023	0.3443	-1.0000
-0.4795	-0.1181	0.0000
-0.0345	0.0560	0.0000
-0.1901	0.3372	-2.0000
-0.2195	0.3081	-3.0000
-0.2106	0.3018	-2.0000
-0.2932	0.1811	-2.0000
-0.2168	0.3084	-2.0000
-0.3664	0.4184	-1.0000
-0.2432	0.3193	-3.0000
-0.2457	0.2934	-1.0000
-0.2008	0.2934	-2.0000
-0.1404	0.1977	0.0000
-0.2824	0.3322	-3.0000
-0.1719	0.2709	-2.0000
-0.1490	0.0998	-1.0000
-0.3278	0.2422	-1.0000
-0.2448	0.3785	-2.0000
-0.2222	0.3223	-3.0000
-0.4556	0.2501	-1.0000
-0.1646	0.2966	-1.0000
-0.3853	0.1150	0.0000
-0.0382	0.0451	0.0000
-0.2121	0.2837	-2.0000
-0.2308	0.3076	-3.0000
-0.3161	0.3285	-1.0000
-0.2525	0.2896	0.0000
-0.1999	0.3483	-1.0000
-0.1852	0.3189	-1.0000
-0.2931	0.3543	-3.0000
-0.5210	0.1751	0.0000
-0.1738	0.2971	-1.0000
-0.2006	0.3076	-3.0000
-0.1852	0.2506	-2.0000
-0.3230	0.2127	-2.0000
-0.2454	0.3277	-2.0000
-0.1997	0.3406	-2.0000
-0.2484	0.3042	-2.0000
-0.1951	0.3235	-1.0000
-0.3125	0.3249	-1.0000
-0.2115	0.3403	-2.0000
-0.1558	0.2564	-2.0000
-0.1950	0.2925	-1.0000
-0.2070	0.3246	-1.0000
-0.2291	0.3043	0.0000
-0.2613	0.3175	-3.0000
-0.2337	0.2957	-2.0000
-0.0748	0.0677	0.0000
-0.1589	0.2925	-1.0000
-0.0765	0.0689	-1.0000
-0.4102	0.0988	0.0000
-0.1259	0.3228	-2.0000
-0.2587	0.3240	-2.0000
-0.2606	0.3360	-1.0000
-0.2607	0.3244	-1.0000
-0.2081	0.3262	-2.0000
-0.3292	0.2500	-1.0000
-0.2379	0.3579	-1.0000
-0.3029	0.0538	0.0000
-0.1799	0.3022	-1.0000
-0.2982	0.3449	-2.0000
-0.1915	0.3148	-2.0000
-0.2339	0.3498	-2.0000
-0.4793	0.1508	0.0000
-0.0445	0.1090	0.0000
-0.5695	0.1376	-1.0000
-0.2843	0.3223	-2.0000
-0.2282	0.3293	-3.0000
-0.2006	0.3217	-1.0000
-0.2756	0.3270	-2.0000
-0.2391	0.1825	0.0000
-0.0480	0.0953	0.0000
-0.2013	0.3667	-2.0000
-0.2065	0.3007	-3.0000
-0.1811	0.3251	-2.0000
-0.2143	0.2926	-1.0000
-0.2376	0.2991	-1.0000
-0.2158	0.3009	-1.0000
-0.1858	0.2754	-2.0000
-0.2923	0.2851	0.0000
-0.2055	0.3325	-2.0000
-0.2776	-0.0362	0.0000
0.0185	0.0212	0.0000
-0.2485	0.3742	-1.0000
-0.1271	0.3050	0.0000
-0.2412	0.3565	0.0000
-0.5478	0.0745	0.0000
-0.1578	0.3117	-3.0000
-0.1154	0.2009	-1.0000
-0.3296	0.1568	-2.0000
-0.0949	-0.1403	0.0000
-0.3090	0.3231	-2.0000
-0.3873	0.2384	-2.0000
-0.2568	0.3484	-1.0000
-0.1642	0.2873	-1.0000
-0.1871	0.3015	-1.0000
-0.2536	0.3286	-1.0000
-0.1494	0.3201	-1.0000
-0.0695	0.2859	0.0000
-0.2289	0.3134	-1.0000
-0.1930	0.3057	-1.0000
-0.2490	0.3430	-3.0000
-0.1879	0.2847	-3.0000
-0.2147	0.3336	-1.0000
-0.2211	0.3370	-1.0000
-0.1904	0.3179	0.0000
-0.1722	0.3149	-1.0000
-0.2657	0.3287	-3.0000
-0.1843	0.3220	-2.0000
-0.2237	0.3301	0.0000
-0.3594	0.2017	0.0000
-0.2720	0.3194	-3.0000
-0.2776	0.3408	-2.0000
-0.2280	0.3454	-2.0000
-0.2014	0.2771	-3.0000
-0.1994	0.3026	-2.0000
-0.4276	-0.0452	0.0000
-0.2558	0.3309	-3.0000
-0.2842	0.3301	-1.0000
-0.5150	0.1082	0.0000
-0.1509	0.2811	-2.0000
-0.0934	0.0487	0.0000
-0.1866	0.2840	-3.0000
-0.0803	-0.0844	0.0000
-0.2254	0.2452	-1.0000
-0.2292	0.3196	-3.0000
-0.1981	0.2255	-1.0000
-0.2324	0.3134	-3.0000
-0.2897	0.3281	-2.0000
-0.1947	0.2911	-1.0000
-0.1521	0.3222	-2.0000
-0.3250	0.3293	0.0000
-0.2912	0.2664	-2.0000
-0.2724	0.3242	-3.0000
-0.1855	0.2926	-2.0000
-0.1998	0.3170	-1.0000
-0.2460	0.3415	-1.0000
-0.2674	0.1928	0.0000
-0.0960	0.0913	-1.0000
-0.3009	0.3370	-2.0000
-0.2071	0.3053	-3.0000
-0.2261	0.3158	-2.0000
-0.1569	-0.0399	0.0000
-0.2517	0.3193	-3.0000
-0.3103	0.3499	-1.0000
-0.3619	0.3141	-2.0000
-0.3664	0.3375	-1.0000
-0.2251	0.3301	0.0000
-0.2361	0.2727	-2.0000
-0.5064	0.2016	0.0000
-0.2670	0.0929	0.0000
-0.4692	0.0616	0.0000
-0.1942	0.2758	-2.0000
-0.1646	0.2879	-2.0000
-0.2464	0.3301	-2.0000
-0.2743	0.1169	-1.0000
-0.2240	0.3315	-1.0000
-0.2369	0.3223	-1.0000
-0.3452	0.3218	-2.0000
-0.1664	0.2915	-2.0000
-0.1458	0.1349	-1.0000
-0.2929	0.3249	-1.0000
-0.3027	0.3471	-1.0000
-0.2854	0.4085	0.0000
-0.2718	0.3345	-1.0000
0.0245	0.0503	0.0000
-0.2357	0.3163	-3.0000
-0.1958	0.3200	-1.0000
-0.2485	0.3480	-2.0000
-0.2590	0.3299	-1.0000
-0.2223	0.1156	0.0000
-0.3418	0.1530	-2.0000
-0.4963	-0.0654	0.0000
-0.2550	0.2855	-1.0000
-0.2240	0.3347	-3.0000
-0.1629	0.1788	0.0000
-0.0622	0.2661	0.0000
-0.1743	0.2861	-2.0000
-0.2193	0.3043	-2.0000
-0.2013	0.3220	-1.0000
-0.3214	0.2719	-1.0000
-0.2482	0.1208	-1.0000
-0.2224	0.3076	-3.0000
-0.0207	0.0403	-1.0000
-0.0810	0.2834	-1.0000
-0.3580	0.1944	0.0000
-0.2930	0.3521	-2.0000
-0.3284	0.3301	-2.0000
-0.1649	0.2745	-1.0000
-0.2939	0.3380	-2.0000
0.0080	-0.1538	0.0000
-0.2775	0.3580	-2.0000
-0.2742	0.1126	0.0000
-0.2738	0.3375	-2.0000
-0.3257	0.3703	-2.0000
-0.0261	0.0850	0.0000
-0.0134	-0.0467	-1.0000
-0.1218	0.2530	-2.0000
-0.2484	0.3648	-1.0000
-0.2491	0.2378	-2.0000
-0.2175	0.2672	-1.0000
-0.2270	0.3226	-3.0000
-0.3185	0.1555	-1.0000
-0.2707	0.3089	-3.0000
-0.1862	-0.0262	0.0000
-0.1672	0.2922	-2.0000
-0.3764	0.4516	0.0000
-0.2314	0.3288	-3.0000
-0.1833	0.3110	-1.0000
-0.1930	0.3434	-1.0000
-0.2878	0.3335	-3.0000
-0.3786	0.0726	0.0000
-0.2057	0.2981	-2.0000
-0.4285	0.0018	0.0000
-0.1796	-0.1453	0.0000
-0.2324	0.3359	-3.0000
-0.5192	0.1981	0.0000
-0.2518	0.3324	-3.0000
-0.2304	0.3313	-1.0000
-0.2571	0.3301	-3.0000
-0.3878	0.2290	-1.0000
-0.3281	0.1833	-2.0000
-0.1082	0.2640	0.0000
-0.1858	0.2969	-2.0000
-0.1729	0.2853	-1.0000
-0.2449	0.3099	-3.0000
-0.2836	0.2884	-2.0000
-0.2373	0.2419	-1.0000
-0.2358	0.3230	-2.0000
-0.3131	0.1307	-2.0000
-0.0837	0.0726	-1.0000
-0.0907	0.2569	0.0000
-0.1169	0.2767	-1.0000
-0.1750	0.2577	-1.0000
-0.3399	-0.0563	0.0000
-0.5484	0.2058	0.0000
0.0190	-0.0076	0.0000
-0.2242	0.3380	-2.0000
-0.2245	0.3290	-2.0000
-0.2509	0.1782	-1.0000
-0.1958	0.2467	-1.0000
-0.2707	0.3337	-3.0000
-0.2425	0.3400	-3.0000
-0.1953	0.3107	-2.0000
-0.2837	0.1045	-1.0000
-0.2889	0.1260	-2.0000
-0.0233	0.0278	0.0000
-0.4368	0.1579	-1.0000
-0.4010	0.1676	-1.0000
-0.5190	0.1551	0.0000
-0.2464	0.3107	-1.0000
-0.3221	0.3452	-1.0000
-0.2142	0.2819	0.0000
-0.2519	0.3182	-3.0000
-0.4259	0.1998	-1.0000
-0.2729	0.1544	-2.0000
-0.0031	0.0076	0.0000
-0.2673	0.1709	-1.0000
-0.2141	0.3325	0.0000
-0.4978	0.1705	-1.0000
-0.1802	0.2857	-2.0000
-0.2396	0.3623	-1.0000
-0.2227	0.3411	-2.0000
-0.2691	0.1350	-2.0000
-0.2621	0.3620	0.0000
-0.2647	0.1179	-1.0000
-0.3133	0.1541	-2.0000
-0.1645	0.2925	-2.0000
-0.3132	0.2733	-1.0000
-0.2841	0.2731	-1.0000
-0.2437	0.3141	-2.0000
-0.2307	0.3319	-2.0000
-0.2766	0.3582	-1.0000
-0.4867	0.1930	-1.0000
0.1046	0.0205	0.0000
-0.3266	0.1832	-1.0000
-0.2910	0.0991	-3.0000
-0.2008	0.3179	-3.0000
-0.3682	0.1255	-1.0000
-0.0971	0.1162	-1.0000
-0.2316	0.3232	-3.0000
-0.1406	0.3224	-1.0000
-0.2940	0.3406	-1.0000
-0.2107	0.0742	-1.0000
-0.2202	0.3095	-3.0000
-0.1840	0.1166	-1.0000
-0.2337	0.3041	-3.0000
-0.4579	0.1111	0.0000
-0.1751	0.3039	-3.0000
-0.1275	0.2785	-1.0000
-0.4230	0.1174	-1.0000
-0.3297	0.1645	0.0000
-0.2448	0.3298	-3.0000
-0.4819	0.2760	0.0000
-0.2792	0.2082	-1.0000
-0.2656	0.1109	0.0000
-0.2577	0.3469	-1.0000
-0.2569	0.3120	-3.0000
-0.2454	0.3281	-3.0000
-0.3500	0.1378	-3.0000
0.0284	0.0358	0.0000
-0.2347	0.3223	-3.0000
-0.4481	-0.0315	-1.0000
-0.3256	0.2487	-3.0000
-0.5917	0.1901	0.0000
-0.2514	0.0344	-1.0000
-0.3420	0.1788	-1.0000
-0.2861	0.0723	-3.0000
-0.2765	0.3461	-1.0000
-0.1793	0.3109	-3.0000
-0.3153	-0.0227	0.0000
-0.2815	0.2953	-3.0000
-0.2783	0.2270	0.0000
-0.0391	0.0249	0.0000
-0.0565	0.2014	0.0000
-0.2250	0.3130	-3.0000
-0.1475	0.2784	-1.0000
-0.2742	0.3176	-3.0000
-0.2693	0.3325	-3.0000
-0.2305	0.2983	-1.0000
-0.3283	0.1303	-3.0000
-0.2900	0.2318	-3.0000
-0.0125	0.0166	0.0000
-0.2847	0.1402	-1.0000
-0.2445	0.3363	-3.0000
-0.2479	0.3324	-1.0000
-0.2312	0.3074	-3.0000
-0.3282	0.1648	-3.0000
-0.4059	0.1628	-3.0000
-0.2474	0.3144	-3.0000
