-8.275435e-01
-1.100534e+00
-1.466382e+00
-8.174375e-01
-1.004870e+00
-1.176428e+00
-7.903821e-01
-7.740013e-01
-6.953725e-01
-9.910604e-01
-8.571056e-01
-7.731244e-01
-8.422847e-01
-1.285272e+00
-1.419756e+00
-1.432398e+00
-1.080429e+00
-1.160330e+00
-1.507143e+00
-8.570723e-01
-1.021848e+00
-9.034565e-01
-1.111968e+00
-9.896478e-01
-1.011770e+00
-8.149357e-01
-7.508320e-01
-1.436355e+00
-8.105448e-01
-1.207748e+00
-7.733544e-01
-9.694793e-01
-1.936537e+00
-1.487905e+00
-1.077874e+00
-1.004716e+00
-7.657269e-01
-1.146550e+00
-8.032374e-01
-8.042156e-01
-1.494442e+00
-8.708259e-01
-9.361699e-01
-8.132437e-01
-9.761737e-01
-8.128473e-01
-8.872666e-01
-7.715143e-01
-1.487389e+00
-7.819520e-01
-9.093312e-01
-7.601241e-01
-8.639222e-01
-8.140567e-01
-7.799294e-01
-8.536903e-01
-7.861465e-01
-1.585765e+00
-8.629201e-01
-1.109826e+00
-8.854363e-01
-1.223404e+00
-8.245490e-01
-8.312543e-01
-8.664646e-01
-8.730256e-01
-1.230811e+00
-8.107337e-01
-8.183307e-01
-9.795304e-01
-1.227279e+00
-1.113333e+00
-1.476804e+00
-1.466104e+00
-8.337339e-01
-1.156374e+00
-1.401171e+00
-8.200396e-01
-1.027849e+00
-8.810818e-01
-1.453250e+00
-1.446877e+00
-1.242699e+00
-1.142125e+00
-1.045258e+00
-8.704395e-01
-1.098589e+00
-9.099326e-01
-1.075931e+00
-8.360185e-01
-1.629165e+00
-8.379254e-01
-9.516662e-01
-1.240244e+00
-8.520460e-01
-1.038572e+00
-9.749619e-01
-1.024048e+00
-9.931156e-01
-9.023271e-01
-9.719633e-01
-1.173662e+00
-7.333508e-01
-1.137137e+00
-8.677645e-01
-1.435247e+00
-9.474804e-01
-8.221894e-01
-8.094584e-01
-9.076231e-01
-8.415721e-01
-8.297388e-01
-9.685171e-01
-8.204385e-01
-9.857956e-01
-8.492930e-01
-8.307706e-01
-1.096739e+00
-1.435803e+00
-7.819242e-01
-8.217975e-01
-8.307242e-01
-9.103795e-01
-9.209747e-01
-9.998975e-01
-9.025110e-01
-1.578812e+00
-8.599601e-01
-8.364162e-01
-8.552079e-01
-1.546895e+00
-9.023406e-01
-1.475169e+00
-9.165429e-01
-8.560850e-01
-8.725185e-01
-8.466285e-01
-7.879920e-01
-1.105454e+00
-9.728174e-01
-1.402790e+00
-1.411218e+00
-8.181253e-01
-8.706387e-01
-1.170593e+00
-1.171404e+00
-8.966720e-01
-8.340267e-01
-1.161960e+00
-9.131750e-01
-9.481336e-01
-7.263998e-01
-1.149185e+00
-1.211119e+00
-1.084738e+00
-1.175791e+00
-1.203665e+00
-8.710856e-01
-1.606921e+00
-1.045391e+00
-1.185569e+00
-1.119694e+00
-9.677034e-01
-1.023891e+00
-1.005643e+00
-6.839569e-01
-8.702934e-01
-7.345230e-01
-8.450775e-01
-7.978720e-01
-1.636360e+00
-1.521314e+00
-9.764212e-01
-8.419465e-01
-9.245143e-01
-7.969979e-01
-9.247875e-01
-1.015970e+00
-6.861797e-01
-1.109446e+00
-9.668393e-01
-8.997346e-01
-7.995195e-01
-8.384012e-01
-8.348671e-01
-1.214464e+00
-1.413000e+00
-7.116252e-01
-1.115796e+00
-1.096524e+00
-1.492797e+00
-9.434321e-01
-8.314423e-01
-8.161782e-01
-1.514273e+00
-1.070928e+00
-1.111785e+00
-8.864857e-01
-8.859293e-01
-9.652388e-01
-8.667103e-01
-7.416616e-01
-9.772658e-01
-8.536005e-01
-9.100457e-01
-8.549055e-01
-1.659389e+00
-9.090013e-01
-8.419306e-01
-1.517874e+00
-8.976652e-01
-8.902381e-01
-8.138114e-01
-7.475003e-01
-1.176522e+00
-8.893608e-01
-8.227254e-01
-8.729352e-01
-9.444168e-01
-8.117788e-01
-8.978613e-01
-8.622696e-01
-7.855490e-01
-8.987422e-01
-9.988916e-01
-8.781486e-01
-8.870328e-01
-1.256076e+00
-7.862204e-01
-8.556682e-01
-1.449775e+00
-1.154251e+00
-9.948809e-01
-1.159087e+00
-8.438807e-01
-1.501419e+00
-1.141135e+00
-7.990284e-01
-9.410398e-01
-8.944049e-01
-9.267497e-01
-8.785296e-01
-1.219875e+00
-8.393097e-01
-9.769238e-01
-1.092530e+00
-8.951791e-01
-1.066115e+00
-8.575728e-01
-1.258063e+00
-1.181795e+00
-1.217297e+00
-1.484318e+00
-1.169267e+00
-9.195079e-01
-8.820320e-01
-8.142188e-01
-1.974813e+00
-8.676073e-01
-1.028462e+00
-8.454228e-01
-8.577022e-01
-8.478108e-01
-8.423411e-01
-1.224054e+00
-8.165339e-01
-8.529822e-01
-1.193214e+00
-1.101358e+00
-9.611236e-01
-9.109353e-01
-9.014625e-01
-8.408787e-01
-8.859068e-01
-8.956383e-01
-8.526730e-01
-1.596535e+00
-1.202943e+00
-1.014693e+00
-1.092705e+00
-8.298769e-01
-9.675733e-01
-1.170927e+00
-8.564708e-01
-9.009639e-01
-8.174124e-01
-8.154476e-01
-9.063168e-01
-8.002097e-01
-1.028115e+00
-1.120587e+00
-8.852431e-01
-1.290229e+00
-1.291524e+00
-1.436427e+00
-1.187306e+00
-9.572533e-01
-8.289038e-01
-1.070240e+00
-1.179951e+00
-1.201881e+00
-1.639675e+00
-1.291395e+00
-1.104943e+00
-1.703960e+00
-8.673042e-01
-1.679290e+00
-8.858071e-01
-9.853988e-01
-9.738447e-01
-1.643560e+00
-9.625217e-01
-1.056114e+00
-1.101013e+00
-1.406486e+00
-1.005995e+00
-9.620283e-01
-1.065317e+00
-9.789614e-01
-9.535140e-01
-1.450791e+00
-8.583914e-01
-7.982524e-01
-1.062770e+00
-1.071816e+00
-1.443574e+00
-8.204483e-01
-8.351644e-01
-1.109211e+00
-8.260900e-01
-9.225950e-01
-8.853731e-01
-9.896279e-01
-9.620530e-01
-1.135579e+00
-8.747725e-01
-9.049482e-01
-1.114927e+00
-8.953114e-01
-8.914186e-01
-1.258971e+00
-1.440197e+00
-9.233318e-01
-9.159580e-01
-1.043463e+00
-1.102314e+00
-1.478022e+00
-1.468113e+00
-1.021185e+00
-8.957360e-01
-9.861422e-01
-1.143334e+00
-9.088103e-01
-8.926330e-01
-9.116507e-01
-9.560174e-01
-1.548159e+00
-1.060484e+00
-9.216045e-01
-9.909565e-01
-9.078113e-01
-9.352086e-01
-1.049216e+00
-2.080139e+00
-1.143187e+00
-8.526321e-01
-9.056853e-01
-1.172800e+00
-8.669610e-01
-8.488046e-01
-1.263309e+00
-8.345130e-01
-9.601974e-01
-1.189830e+00
-1.481572e+00
-8.686760e-01
-1.225058e+00
-8.249663e-01
-1.162375e+00
-8.361862e-01
-9.641618e-01
-9.500931e-01
-1.152825e+00
-1.009139e+00
-9.498394e-01
-7.895955e-01
-1.083777e+00
-1.390104e+00
-8.213353e-01
-1.352015e+00
-8.453179e-01
-1.504393e+00
-1.147540e+00
-8.772187e-01
-9.304140e-01
-8.092457e-01
-8.155190e-01
-9.564049e-01
-7.389064e-01
-9.021168e-01
-1.298018e+00
-8.592225e-01
-8.223287e-01
-9.337271e-01
-8.191365e-01
-8.303450e-01
-8.341789e-01
-8.211116e-01
-1.086076e+00
-8.374063e-01
-1.176824e+00
-1.073767e+00
-8.132330e-01
-9.048412e-01
-1.215493e+00
-9.600567e-01
-8.937083e-01
-1.100959e+00
-8.917358e-01
-8.647882e-01
-9.440856e-01
-8.049649e-01
-1.088028e+00
-1.250482e+00
-9.286951e-01
-1.193918e+00
-9.513414e-01
-8.478127e-01
-1.077024e+00
-8.885823e-01
-8.409906e-01
-8.803087e-01
-8.910995e-01
-1.438274e+00
-8.922320e-01
-1.166735e+00
-1.440939e+00
-8.428487e-01
-1.070176e+00
-8.989531e-01
-8.055773e-01
-8.945191e-01
-8.481695e-01
-1.110703e+00
-7.891383e-01
-8.747626e-01
-1.343312e+00
-8.214576e-01
-9.609493e-01
-8.518489e-01
-8.437739e-01
-8.568645e-01
-8.501098e-01
-1.147916e+00
-1.127214e+00
-1.511841e+00
-1.136812e+00
-7.969573e-01
-8.318196e-01
-1.269417e+00
-9.108050e-01
-9.511720e-01
-1.053635e+00
-1.159369e+00
-1.036966e+00
-1.345737e+00
-1.045336e+00
-1.035787e+00
-1.143165e+00
-8.378148e-01
-9.236600e-01
-8.578635e-01
-1.566939e+00
-8.912225e-01
-8.841998e-01
-8.401688e-01
-8.149127e-01
-9.056942e-01
-8.480467e-01
-8.212808e-01
-8.876979e-01
-1.090428e+00
-9.618521e-01
-1.672787e+00
-8.402465e-01
-1.012794e+00
-1.026828e+00
-8.710918e-01
-1.172546e+00
-8.154350e-01
-1.668369e+00
-1.492270e+00
-8.411335e-01
-8.248639e-01
-8.303164e-01
-1.215128e+00
-8.336959e-01
-1.149245e+00
-1.020521e+00
-1.442087e+00
-8.560259e-01
-9.953866e-01
-8.588264e-01
-9.105095e-01
-8.457212e-01
-8.407047e-01
-8.673729e-01
-9.831984e-01
-8.285333e-01
-8.125220e-01
-9.425605e-01
-8.417324e-01
-8.415259e-01
-8.515558e-01
-8.764935e-01
-8.529355e-01
-9.563917e-01
-1.184436e+00
-1.148493e+00
-8.495649e-01
-1.389915e+00
-1.127260e+00
-1.209203e+00
-1.456774e+00
-1.486145e+00
-1.469969e+00
-8.345212e-01
-8.361150e-01
-9.868982e-01
-8.520227e-01
-8.175354e-01
-9.166061e-01
-8.673778e-01
-8.974561e-01
-9.372919e-01
-1.146391e+00
-9.470697e-01
-9.581425e-01
-1.233899e+00
-8.393086e-01
-1.011680e+00
-9.136922e-01
-8.761938e-01
-1.100215e+00
-9.646088e-01
-8.739776e-01
-8.578777e-01
-8.940650e-01
-1.115373e+00
-1.067433e+00
-1.506745e+00
-8.585975e-01
-8.854017e-01
-8.047408e-01
-9.189470e-01
-8.889621e-01
-1.109599e+00
-9.000070e-01
-1.180517e+00
-8.305849e-01
-1.140334e+00
-1.696852e+00
-9.138389e-01
-1.388264e+00
-9.637030e-01
-1.023697e+00
-1.413938e+00
-7.839409e-01
-8.703321e-01
-9.307522e-01
-1.152710e+00
-1.203437e+00
-9.706928e-01
-8.462536e-01
-1.267426e+00
-1.571197e+00
-1.611131e+00
-9.204039e-01
-9.654163e-01
-1.060476e+00
-8.391258e-01
-8.212069e-01
-8.620627e-01
-8.256175e-01
-1.055681e+00
-1.494982e+00
-9.363712e-01
-8.752506e-01
-1.011826e+00
-1.294600e+00
-8.349702e-01
-1.095495e+00
-9.584119e-01
-1.666446e+00
-9.015526e-01
-1.114223e+00
-9.045106e-01
-8.135151e-01
-1.620124e+00
-8.366128e-01
-8.965578e-01
-8.785547e-01
-8.879169e-01
-8.451994e-01
-8.740445e-01
-1.492541e+00
-1.063758e+00
-9.880055e-01
-9.151385e-01
-8.737755e-01
-9.329247e-01
-1.199261e+00
-8.497193e-01
-1.199533e+00
-8.516484e-01
-9.216775e-01
-1.039378e+00
-1.015937e+00
-1.001360e+00
-1.148699e+00
-9.270611e-01
-9.592987e-01
-8.907202e-01
-9.793735e-01
-8.554032e-01
-9.482274e-01
-9.916765e-01
-1.051080e+00
-1.496288e+00
-1.184283e+00
-1.008729e+00
-9.256091e-01
-7.627550e-01
-8.307486e-01
-8.969930e-01
-7.475715e-01
-1.086806e+00
-7.992802e-01
-9.115075e-01
-8.232717e-01
-1.168010e+00
-1.097448e+00
-8.339896e-01
-1.139487e+00
-1.036483e+00
-1.479849e+00
-1.700281e+00
-8.007117e-01
-8.329711e-01
-9.091696e-01
-8.473331e-01
-8.376307e-01
-7.721188e-01
-8.180177e-01
-1.162594e+00
-1.496614e+00
-8.211876e-01
-1.060853e+00
-1.087695e+00
-8.385496e-01
-8.076370e-01
-1.169568e+00
-9.220275e-01
-8.612550e-01
-8.818443e-01
-1.067846e+00
-9.262983e-01
-8.271870e-01
-1.107854e+00
-9.932477e-01
-8.149778e-01
-8.830033e-01
-9.057975e-01
-8.498805e-01
-1.156779e+00
-1.574233e+00
-8.469678e-01
-1.716587e+00
-9.033500e-01
-8.900649e-01
-9.479795e-01
-1.115407e+00
-8.696949e-01
-8.213374e-01
-8.271166e-01
-1.258056e+00
-9.008266e-01
-8.772571e-01
-8.543834e-01
-1.016196e+00
-1.013462e+00
-1.055365e+00
-1.055766e+00
-8.110011e-01
-8.852730e-01
-8.923709e-01
-7.921207e-01
-9.480052e-01
-8.615943e-01
-8.660887e-01
-9.756038e-01
-1.361250e+00
-9.222084e-01
-7.411809e-01
-8.089284e-01
-9.609561e-01
-9.160110e-01
-9.347318e-01
-8.604951e-01
-1.160659e+00
-1.246804e+00
-1.043622e+00
-9.718422e-01
-9.724468e-01
-8.491103e-01
-8.577301e-01
-8.597507e-01
-1.692691e+00
-8.672184e-01
-7.969038e-01
-8.819390e-01
-1.518711e+00
-8.427032e-01
-1.028993e+00
-8.891635e-01
-8.506679e-01
-1.103830e+00
-9.822283e-01
-9.469903e-01
-8.559104e-01
-9.767252e-01
-9.334527e-01
-9.670472e-01
-8.325928e-01
-9.098636e-01
-9.053030e-01
-8.196948e-01
-8.613559e-01
-7.705806e-01
-8.676137e-01
-8.064972e-01
-9.367392e-01
-8.303445e-01
-8.383153e-01
-8.289405e-01
-8.692282e-01
-1.027046e+00
-1.583376e+00
-8.691184e-01
-9.438594e-01
-8.912776e-01
-1.025090e+00
-9.700878e-01
-8.445445e-01
-1.470605e+00
-8.425695e-01
-8.327979e-01
-9.712271e-01
-8.600447e-01
-1.148804e+00
-8.033051e-01
-8.274441e-01
-9.570357e-01
-7.926382e-01
-8.685259e-01
-8.452264e-01
-1.136257e+00
-1.000847e+00
-1.148352e+00
-1.444057e+00
-1.259359e+00
-1.501054e+00
-8.331414e-01
-9.353250e-01
-9.225367e-01
-8.620183e-01
-8.274205e-01
-8.283528e-01
-1.024223e+00
-1.172145e+00
-1.133066e+00
-1.195609e+00
-8.277830e-01
-8.065495e-01
-7.928313e-01
-8.418287e-01
-8.624221e-01
-8.809921e-01
-8.393280e-01
-1.016430e+00
-9.251799e-01
-9.713024e-01
-9.402943e-01
-8.767004e-01
-8.256111e-01
-1.020743e+00
-8.780764e-01
-8.454396e-01
-8.556481e-01
-1.096987e+00
-1.141396e+00
-1.558474e+00
-8.723905e-01
-1.060614e+00
-8.750650e-01
-8.757830e-01
-8.892840e-01
-1.157646e+00
-8.381246e-01
-1.877181e+00
-9.933229e-01
-8.681178e-01
-9.668736e-01
-8.550577e-01
-8.430404e-01
-9.099764e-01
-1.037256e+00
-1.018934e+00
-8.860132e-01
-1.202483e+00
-8.456124e-01
-8.302791e-01
-8.970018e-01
-9.183606e-01
-9.121399e-01
-9.594963e-01
-1.022084e+00
-8.895027e-01
-8.504340e-01
-8.359680e-01
-7.640417e-01
-8.739630e-01
-8.762763e-01
-8.084906e-01
-9.028119e-01
-9.267300e-01
-1.227800e+00
-1.062150e+00
-8.246679e-01
-9.399726e-01
-9.511888e-01
-8.265291e-01
-1.157322e+00
-1.098002e+00
-1.066448e+00
-8.930368e-01
-1.132694e+00
-1.309815e+00
-1.105488e+00
-9.005202e-01
-8.603670e-01
-8.343333e-01
-1.175175e+00
-8.895986e-01
-1.094462e+00
-8.430139e-01
-9.704580e-01
-8.771155e-01
-9.067766e-01
-8.872466e-01
-9.684776e-01
-1.355077e+00
-1.116166e+00
-9.066957e-01
-8.546524e-01
-8.490898e-01
-8.435589e-01
-9.458162e-01
-1.007879e+00
-9.693956e-01
-8.611242e-01
-1.063261e+00
-8.697694e-01
-9.329997e-01
-8.881762e-01
-8.529351e-01
-9.966266e-01
-7.690472e-01
-8.534499e-01
-9.372470e-01
-9.695764e-01
-9.830426e-01
-9.202493e-01
-1.741460e+00
-1.120283e+00
-1.097906e+00
-1.168665e+00
-8.314587e-01
-9.773076e-01
-1.333861e+00
-8.985687e-01
-9.479188e-01
-1.482006e+00
-8.291097e-01
-1.963757e+00
-1.329165e+00
-8.278779e-01
-9.031095e-01
-1.202653e+00
-1.118983e+00
-2.010312e+00
-1.084439e+00
-1.116127e+00
-8.626270e-01
-1.114755e+00
-9.617039e-01
-8.612060e-01
-9.368615e-01
-1.062588e+00
-9.218755e-01
-1.151972e+00
-8.704833e-01
-1.142687e+00
-9.299016e-01
-1.070345e+00
-9.530526e-01
-9.637955e-01
-9.552420e-01
-1.965603e+00
-1.808192e+00
-9.682247e-01
-8.564604e-01
-8.624673e-01
-1.093567e+00
-8.273568e-01
-1.161897e+00
-1.197755e+00
-1.232127e+00
-9.098743e-01
-8.326080e-01
-9.279241e-01
-8.837876e-01
-8.493920e-01
-1.098704e+00
-7.964118e-01
-8.446670e-01
-9.767316e-01
-9.548686e-01
-8.767442e-01
-1.013205e+00
-8.274287e-01
-1.114391e+00
-8.638423e-01
-1.090352e+00
-8.588240e-01
-8.445971e-01
-1.080054e+00
-1.378255e+00
-1.156171e+00
-1.997981e+00
-2.184530e+00
-9.949976e-01
-1.178951e+00
-9.364825e-01
-8.806006e-01
-8.934890e-01
-8.116400e-01
-1.945117e+00
-1.141759e+00
-1.085856e+00
-8.983450e-01
-8.613158e-01
-1.021498e+00
-8.250565e-01
-1.316821e+00
-8.118339e-01
-1.427582e+00
-8.796253e-01
-1.588900e+00
-1.548452e+00
-8.300616e-01
-1.289132e+00
-9.213582e-01
-8.456677e-01
-8.280865e-01
-8.448980e-01
-8.599143e-01
-9.625300e-01
-9.667860e-01
-1.478822e+00
-1.493591e+00
-1.280992e+00
-8.685848e-01
-1.395473e+00
-9.503299e-01
-8.531939e-01
-1.086995e+00
-8.204357e-01
-9.573598e-01
-1.177828e+00
-8.708257e-01
-1.459469e+00
-8.816919e-01
-8.147738e-01
-7.914069e-01
-8.413074e-01
-9.006186e-01
-9.017216e-01
-8.442547e-01
-8.473380e-01
-8.516472e-01
-1.137812e+00
-8.500663e-01
-8.481514e-01
-8.787604e-01
-8.646506e-01
-8.999037e-01
-9.113584e-01
-8.550578e-01
-1.086801e+00
-9.373314e-01
-1.264249e+00
-1.349595e+00
-9.711114e-01
-8.322334e-01
-9.804825e-01
-8.654855e-01
-9.476444e-01
-9.811403e-01
-1.665131e+00
-9.493180e-01
-8.444512e-01
-1.087773e+00
-9.561390e-01
-1.019835e+00
-8.965354e-01
-9.675089e-01
-1.178953e+00
-9.454645e-01
-8.431334e-01
-8.172060e-01
-1.420552e+00
-9.434351e-01
-9.143413e-01
-8.281276e-01
-9.096229e-01
-9.726193e-01
-8.080907e-01
-8.655630e-01
-8.631088e-01
-8.014808e-01
-8.247528e-01
-8.995174e-01
-8.286404e-01
-1.097181e+00
-8.076020e-01
-9.381408e-01
-1.200012e+00
-9.109629e-01
-8.550491e-01
-1.377662e+00
-8.402148e-01
-1.378131e+00
-1.371033e+00
-9.683346e-01
-9.079207e-01
-1.031032e+00
-8.748048e-01
-8.513140e-01
-9.219074e-01
-8.962963e-01
-8.140844e-01
-1.070204e+00
-8.049997e-01
-1.015104e+00
-8.657611e-01
-7.879063e-01
-9.014242e-01
-8.701833e-01
-8.872805e-01
-8.984341e-01
-9.072042e-01
-1.056324e+00
-8.274508e-01
-8.651951e-01
-8.047343e-01
-8.429301e-01
-8.985639e-01
-8.580085e-01
-8.567547e-01
-9.456231e-01
-9.826584e-01
-9.058326e-01
-1.650080e+00
-8.489339e-01
-9.584903e-01
-1.225169e+00
-8.847199e-01
-9.036493e-01
-8.931641e-01
-8.066624e-01
-9.257744e-01
-9.691442e-01
-1.629284e+00
-7.965839e-01
-7.999212e-01
-8.933814e-01
-9.659414e-01
-1.123229e+00
-8.051267e-01
-1.164126e+00
-9.211782e-01
-1.503273e+00
-8.395566e-01
-9.142083e-01
-1.993163e+00
-8.293400e-01
-8.319198e-01
-9.850826e-01
-9.980821e-01
-8.174788e-01
-9.894797e-01
-1.044215e+00
-1.124693e+00
-8.604527e-01
-7.407528e-01
-9.323830e-01
-8.788257e-01
-1.151084e+00
-8.989279e-01
-1.191274e+00
-8.896421e-01
-9.521223e-01
-9.204191e-01
-9.338450e-01
-9.725723e-01
-1.045161e+00
-9.565774e-01
-9.226465e-01
-9.995208e-01
-1.721791e+00
-8.981161e-01
-7.948283e-01
-1.076569e+00
-1.639747e+00
-8.713926e-01
-9.473089e-01
-8.516552e-01
-8.313502e-01
-8.797729e-01
-8.335559e-01
-9.741979e-01
-1.039341e+00
-8.866834e-01
-1.713703e+00
-9.420556e-01
-1.426338e+00
-8.529555e-01
-8.199620e-01
-8.206696e-01
-8.961309e-01
-8.873785e-01
-8.379790e-01
-8.706857e-01
-1.085141e+00
-8.439053e-01
-8.312638e-01
-1.289376e+00
-1.638862e+00
-7.987113e-01
-1.025644e+00
-9.848278e-01
-1.035325e+00
-1.148869e+00
-8.787968e-01
-8.736034e-01
-8.807704e-01
-1.114364e+00
-8.419696e-01
-1.205686e+00
-1.101975e+00
-1.031140e+00
-9.285532e-01
-8.603095e-01
-8.679635e-01
-1.281786e+00
-8.540759e-01
-8.195080e-01
-8.045216e-01
-8.821201e-01
-8.212319e-01
-8.838322e-01
-8.571659e-01
-8.325197e-01
-1.163392e+00
-1.094372e+00
-1.233293e+00
-8.923566e-01
-7.884145e-01
-8.366671e-01
-8.868150e-01
-8.266516e-01
-8.009390e-01
-8.683754e-01
-8.157704e-01
-8.507186e-01
-1.017642e+00
-8.182321e-01
-8.858066e-01
-8.437470e-01
-1.094944e+00
-8.994590e-01
-8.816183e-01
-8.732590e-01
-8.648844e-01
-8.313063e-01
-8.590043e-01
-1.088581e+00
-8.430554e-01
-9.020432e-01
-9.568670e-01
-1.044188e+00
-8.274887e-01
-1.593943e+00
-8.457462e-01
-8.254235e-01
-1.098905e+00
-8.425416e-01
-9.190855e-01
-1.550524e+00
-8.760731e-01
-9.919334e-01
-1.082857e+00
-8.515514e-01
-8.450403e-01
-1.383399e+00
-1.659917e+00
-8.304251e-01
-1.024106e+00
-8.249864e-01
-7.920391e-01
-8.732363e-01
-8.317443e-01
-8.283048e-01
-9.792107e-01
-8.776659e-01
-8.455719e-01
-1.292104e+00
-1.137814e+00
-8.089884e-01
-1.338599e+00
-8.343851e-01
-8.434229e-01
-8.826746e-01
-9.505020e-01
-8.986406e-01
-8.431573e-01
-8.958011e-01
-8.423682e-01
-8.516972e-01
-8.416092e-01
-1.782240e+00
-1.677317e+00
-1.701863e+00
-1.600199e+00
-8.378912e-01
-8.432988e-01
-8.335134e-01
-1.528882e+00
-8.845420e-01
-9.817354e-01
-1.580468e+00
-8.233809e-01
-8.141118e-01
-8.283773e-01
-8.257505e-01
-8.497747e-01
-8.701520e-01
-1.524927e+00
-8.689401e-01
-1.634778e+00
-8.497982e-01
-9.361174e-01
-8.537790e-01
-8.415720e-01
-9.829549e-01
-8.011149e-01
-8.436613e-01
-8.432960e-01
-8.416865e-01
-1.087665e+00
-9.331733e-01
-8.210060e-01
-8.632264e-01
-9.726014e-01
-1.601021e+00
-8.699196e-01
-8.161432e-01
-1.724028e+00
-8.344716e-01
-1.273262e+00
-8.268545e-01
-1.163795e+00
-8.413216e-01
-8.529619e-01
-7.824864e-01
-1.449403e+00
-8.542359e-01
-9.456444e-01
-8.449732e-01
-7.991806e-01
-8.398581e-01
-8.499709e-01
-8.362542e-01
-8.791185e-01
-8.963253e-01
-8.970221e-01
-1.094606e+00
-1.000688e+00
-1.247002e+00
-1.467501e+00
-1.452803e+00
-1.503740e+00
-9.421465e-01
-8.069530e-01
-8.025422e-01
-9.080192e-01
-9.409428e-01
-9.146503e-01
-1.603662e+00
-1.047201e+00
-8.609162e-01
-8.746791e-01
-7.832011e-01
-9.118438e-01
-8.183731e-01
-8.475729e-01
-1.058161e+00
-8.414042e-01
-8.968054e-01
-1.006948e+00
-8.471506e-01
-1.620882e+00
-9.367283e-01
-9.451975e-01
-8.929602e-01
-9.140996e-01
-8.427866e-01
-9.262390e-01
-1.105465e+00
-9.131108e-01
-1.269453e+00
-1.045600e+00
-8.184719e-01
-9.285181e-01
-9.395643e-01
-9.644353e-01
-8.048495e-01
-9.071783e-01
-8.703888e-01
-8.781920e-01
-1.678750e+00
-1.114232e+00
-9.833065e-01
-9.414069e-01
-1.041831e+00
-8.334058e-01
-8.909434e-01
-1.005480e+00
-1.685613e+00
-1.558283e+00
-8.527882e-01
-9.410009e-01
-9.646276e-01
-8.308874e-01
-1.051138e+00
-9.820469e-01
-8.847833e-01
-8.318595e-01
-7.829008e-01
-9.663311e-01
-8.648491e-01
-8.496300e-01
-8.276909e-01
-1.110352e+00
-1.104976e+00
-1.440038e+00
-8.755722e-01
-9.681934e-01
-1.079259e+00
-8.504618e-01
-8.529900e-01
-1.148272e+00
-9.587976e-01
-8.576926e-01
-8.630757e-01
-8.813232e-01
-7.987254e-01
-8.638435e-01
-8.418867e-01
-9.800637e-01
-8.954141e-01
-1.191950e+00
-9.062166e-01
-9.448460e-01
-8.435392e-01
-8.484573e-01
-8.468058e-01
-8.532455e-01
-9.841159e-01
-9.541205e-01
-1.112324e+00
-8.442050e-01
-8.903165e-01
-1.854277e+00
-1.357560e+00
-8.388300e-01
-1.113322e+00
-8.306458e-01
-1.024975e+00
-8.352471e-01
-8.560387e-01
-9.257932e-01
-9.638942e-01
-9.157433e-01
-1.116873e+00
-8.815844e-01
-8.805710e-01
-9.072970e-01
-8.582024e-01
-8.469324e-01
-1.689984e+00
-8.535315e-01
-9.691662e-01
-8.346538e-01
-1.193561e+00
-8.579893e-01
-9.316235e-01
-9.424327e-01
-8.460503e-01
-1.055776e+00
-9.329948e-01
-9.723610e-01
-9.913186e-01
-8.574989e-01
-9.093774e-01
-8.381118e-01
-1.011392e+00
-1.144688e+00
-9.293853e-01
-1.015783e+00
-9.170553e-01
-9.356170e-01
-9.191561e-01
-8.775997e-01
-8.539192e-01
-8.292395e-01
-8.295293e-01
-9.635350e-01
-9.434208e-01
-9.578456e-01
-8.514376e-01
-8.606586e-01
-8.976469e-01
-1.151283e+00
-8.563776e-01
-9.180700e-01
-1.142725e+00
-8.525719e-01
-1.078827e+00
-8.451716e-01
-8.620700e-01
-8.535070e-01
-1.145335e+00
-7.965456e-01
-8.280913e-01
-1.442398e+00
-1.133372e+00
-1.159091e+00
-8.433319e-01
-8.781855e-01
-1.080901e+00
-8.569608e-01
-1.188905e+00
-9.081141e-01
-8.474087e-01
-1.135159e+00
-9.243739e-01
-9.429518e-01
-9.135647e-01
-1.610043e+00
-9.119918e-01
-8.519010e-01
-8.573081e-01
-1.167165e+00
-8.280808e-01
-8.783096e-01
-8.703586e-01
-1.573180e+00
-8.698938e-01
-8.380621e-01
-8.894751e-01
-1.980499e+00
-1.351219e+00
-8.466372e-01
-8.482907e-01
-8.443881e-01
-8.334114e-01
-9.756321e-01
-1.013843e+00
-8.910248e-01
-1.075878e+00
-8.442815e-01
-9.549876e-01
-9.041278e-01
-1.962745e+00
-9.022381e-01
-8.631054e-01
-8.356615e-01
-1.014085e+00
-9.470558e-01
-9.631220e-01
-8.826753e-01
-8.677637e-01
-1.173566e+00
-8.443557e-01
-1.173562e+00
-9.239636e-01
-8.906785e-01
-1.462034e+00
-8.648512e-01
-8.917258e-01
-1.193508e+00
-8.705628e-01
-8.295676e-01
-1.057013e+00
-8.617732e-01
-1.008907e+00
-9.553739e-01
-8.985114e-01
-8.631142e-01
-9.742724e-01
-9.705425e-01
-8.375000e-01
-8.581217e-01
-8.199730e-01
-9.441786e-01
-8.460766e-01
-8.498970e-01
-1.102312e+00
-1.656604e+00
-9.470656e-01
-8.204835e-01
-1.468953e+00
-8.458402e-01
-7.549875e-01
-1.226055e+00
-1.111968e+00
-8.120373e-01
-8.453109e-01
-8.141366e-01
-8.205257e-01
-8.771899e-01
-9.007012e-01
-8.215240e-01
-8.585953e-01
-8.229001e-01
-9.104800e-01
-8.200099e-01
-9.731852e-01
-9.509912e-01
-8.424268e-01
-9.128631e-01
-8.679124e-01
-7.843618e-01
-7.774967e-01
-8.616158e-01
-8.379891e-01
-1.168096e+00
-9.254587e-01
-8.306044e-01
-8.598335e-01
-7.824121e-01
-9.927274e-01
-8.868567e-01
-9.042802e-01
-9.778040e-01
-9.113789e-01
-9.095210e-01
-8.266975e-01
-8.715722e-01
-9.209394e-01
-9.498054e-01
-8.516215e-01
-8.257045e-01
-1.481917e+00
-8.178902e-01
-8.268453e-01
-8.626726e-01
-8.425746e-01
-8.396760e-01
-8.006883e-01
-8.688389e-01
-8.025454e-01
-7.885667e-01
-8.827827e-01
-1.001107e+00
-9.409720e-01
-9.664668e-01
-9.143246e-01
-8.479704e-01
-8.567231e-01
-9.189671e-01
-9.376478e-01
-8.675196e-01
-9.227055e-01
-8.326068e-01
-8.160512e-01
-8.984533e-01
-7.911990e-01
-1.406442e+00
-1.005844e+00
-8.836830e-01
-8.153611e-01
-8.307067e-01
-8.229332e-01
-8.620975e-01
-9.025387e-01
-8.634500e-01
-1.008276e+00
-8.419681e-01
-8.849620e-01
-1.180223e+00
-8.462099e-01
-8.304033e-01
-8.272458e-01
-8.084468e-01
-9.256999e-01
-1.693270e+00
-7.873490e-01
-7.638972e-01
-8.687356e-01
-7.908037e-01
-8.729046e-01
-1.164549e+00
-1.046894e+00
-1.455966e+00
-8.253467e-01
-1.129753e+00
-8.504721e-01
-8.768970e-01
-9.641458e-01
-1.075843e+00
-8.692825e-01
-9.533934e-01
-8.498615e-01
-1.619945e+00
-8.572405e-01
-8.385679e-01
-9.605247e-01
-8.690886e-01
-8.365311e-01
-8.899803e-01
-9.259898e-01
-8.945590e-01
-9.825809e-01
-8.244542e-01
-1.132044e+00
-9.103455e-01
-9.779511e-01
-1.167212e+00
-9.121755e-01
-8.299542e-01
-8.157459e-01
-1.109386e+00
-1.257544e+00
-7.881273e-01
-8.774804e-01
-8.742176e-01
-8.503236e-01
-8.943451e-01
-9.545971e-01
-8.367467e-01
-8.035660e-01
-1.066767e+00
-1.745999e+00
-1.306503e+00
-7.819188e-01
-8.467620e-01
-8.807149e-01
-8.650787e-01
-9.288771e-01
-8.279936e-01
-9.778835e-01
-7.942844e-01
-1.056778e+00
-8.849194e-01
-9.472391e-01
-1.170579e+00
-9.453882e-01
-1.235339e+00
-9.547024e-01
-8.372871e-01
-8.008650e-01
-9.666077e-01
-8.157696e-01
-9.372447e-01
-1.236012e+00
-1.136222e+00
-9.173816e-01
-8.930537e-01
-7.802883e-01
-1.146406e+00
-7.737074e-01
-7.836560e-01
-9.205593e-01
-9.403645e-01
-9.939195e-01
-1.842891e+00
-8.777475e-01
-1.061954e+00
-1.149289e+00
-8.445617e-01
-8.125015e-01
-9.734472e-01
-8.904276e-01
-1.074760e+00
-8.978564e-01
-8.258237e-01
-8.528921e-01
-7.587076e-01
-9.936872e-01
-8.662989e-01
-8.313068e-01
-7.979666e-01
-9.894870e-01
-8.415620e-01
-1.315466e+00
-9.135389e-01
-8.595944e-01
-8.162424e-01
-9.017562e-01
-1.089556e+00
-1.085109e+00
-8.576246e-01
-9.334056e-01
-8.462616e-01
-9.746878e-01
-8.342638e-01
-1.147730e+00
-1.402641e+00
-9.750844e-01
-8.849533e-01
-8.934500e-01
-8.432252e-01
-9.105325e-01
-8.999818e-01
-8.026048e-01
-8.649831e-01
-8.609261e-01
-9.128954e-01
-8.106680e-01
-1.134131e+00
-8.100118e-01
-8.976630e-01
-9.088538e-01
-1.041907e+00
-8.971646e-01
-1.604837e+00
-9.787773e-01
-8.693175e-01
-1.001136e+00
-1.002076e+00
-8.486915e-01
-8.155683e-01
-7.893549e-01
-1.621289e+00
-8.090499e-01
-8.906801e-01
-1.551789e+00
-9.239885e-01
-1.695393e+00
-8.366732e-01
-8.104503e-01
-1.313410e+00
-8.525490e-01
-1.462456e+00
-7.867830e-01
-8.284135e-01
-8.566522e-01
-1.519295e+00
-8.534044e-01
-6.989961e-01
-8.742233e-01
-1.487990e+00
-9.571418e-01
-7.674174e-01
-8.339265e-01
-9.227692e-01
-1.605921e+00
-8.819139e-01
-7.793605e-01
-8.925942e-01
-9.126605e-01
-8.554654e-01
-9.512194e-01
-7.962201e-01
-1.047286e+00
-9.138899e-01
-8.183442e-01
-8.452605e-01
-1.128332e+00
-1.105274e+00
-9.607327e-01
-1.011510e+00
-1.239387e+00
-1.526878e+00
-8.391753e-01
-8.421672e-01
-8.433861e-01
-8.503701e-01
-8.681773e-01
-9.071407e-01
-8.538223e-01
-1.176276e+00
-8.397682e-01
-1.488739e+00
-9.135581e-01
-8.267738e-01
-9.483629e-01
-1.419856e+00
-8.666693e-01
-1.100644e+00
-1.702163e+00
-8.419698e-01
-8.084532e-01
-8.749096e-01
-8.732044e-01
-1.649723e+00
-8.749381e-01
-8.633587e-01
-8.664482e-01
-7.991956e-01
-7.847845e-01
-9.182725e-01
-1.000716e+00
-1.277868e+00
-9.770107e-01
-1.011055e+00
-8.304352e-01
-8.714343e-01
-9.506310e-01
-8.941384e-01
-9.741288e-01
-1.444446e+00
-8.396328e-01
-9.292427e-01
-1.772008e+00
-9.077406e-01
-9.222347e-01
-9.887123e-01
-8.263111e-01
-9.025989e-01
-8.514526e-01
-9.504784e-01
-1.437285e+00
-8.777728e-01
-9.470966e-01
-9.749896e-01
-9.635289e-01
-9.015985e-01
-9.943964e-01
-9.620886e-01
-8.712195e-01
-1.373024e+00
-8.806590e-01
-8.331843e-01
-9.053938e-01
-9.353199e-01
-1.143447e+00
-1.161214e+00
-1.502907e+00
-8.162349e-01
-8.146253e-01
-1.653536e+00
-9.625323e-01
-8.558299e-01
-1.047841e+00
-8.728392e-01
-9.159155e-01
-9.207707e-01
-8.729876e-01
-8.276480e-01
-1.179689e+00
-9.545290e-01
-9.341187e-01
-8.884375e-01
-9.432181e-01
-1.646067e+00
-9.474785e-01
-9.847928e-01
-9.856703e-01
-1.027608e+00
-8.651386e-01
-1.012062e+00
-9.173555e-01
-9.032100e-01
-7.931862e-01
-7.816050e-01
-8.239153e-01
-8.444655e-01
-8.812926e-01
-1.084526e+00
-9.765860e-01
-8.769997e-01
-1.420729e+00
-1.790765e+00
-8.394317e-01
-8.310057e-01
-9.855576e-01
-8.684431e-01
-9.725126e-01
-8.453030e-01
-8.342912e-01
-8.688818e-01
-1.274712e+00
-8.189675e-01
-1.040984e+00
-9.063184e-01
-8.542587e-01
-1.071928e+00
-8.066771e-01
-8.687916e-01
-8.517945e-01
-9.400210e-01
-1.181847e+00
-1.065376e+00
-1.256703e+00
-1.685093e+00
-1.458768e+00
-8.419906e-01
-9.285293e-01
-8.695465e-01
-1.154216e+00
-8.551253e-01
-1.718474e+00
-8.806418e-01
-8.362444e-01
-8.554053e-01
-8.486536e-01
-8.657820e-01
-8.788602e-01
-8.197773e-01
-1.003642e+00
-1.039355e+00
-8.947732e-01
-9.298563e-01
-1.015484e+00
-9.102210e-01
-1.709101e+00
-9.160332e-01
-8.058995e-01
-9.246259e-01
-1.741489e+00
-7.738938e-01
-1.769067e+00
-8.712317e-01
-8.527395e-01
-1.142704e+00
-8.374788e-01
-8.220763e-01
-1.144886e+00
-1.057218e+00
-9.451484e-01
-9.613618e-01
-8.915409e-01
-1.150462e+00
-9.844153e-01
-1.165566e+00
-7.630276e-01
-9.080733e-01
-1.141024e+00
-1.608768e+00
-9.777320e-01
-8.513477e-01
-9.706238e-01
-8.506359e-01
-8.571322e-01
-8.535518e-01
-1.129506e+00
-8.182287e-01
-9.848009e-01
-9.706134e-01
-9.727015e-01
-1.343585e+00
-1.388264e+00
-8.745507e-01
-9.131634e-01
-9.848939e-01
-8.528423e-01
-8.677940e-01
-7.819439e-01
-2.021764e+00
-1.077258e+00
-9.921788e-01
-1.586974e+00
-8.959549e-01
-8.336214e-01
-1.128287e+00
-8.865208e-01
-8.106772e-01
-1.096876e+00
-1.601143e+00
-8.888458e-01
-8.663729e-01
-8.127937e-01
-8.524644e-01
-8.748679e-01
-8.165669e-01
-1.332166e+00
-1.170097e+00
-1.196202e+00
-1.001915e+00
-8.514830e-01
-8.048166e-01
-8.641389e-01
-8.803637e-01
-9.509384e-01
-8.146532e-01
-8.725943e-01
-8.707336e-01
-8.693408e-01
-9.856783e-01
-8.600933e-01
-8.511868e-01
-8.597944e-01
-8.322097e-01
-1.090304e+00
-1.640973e+00
-8.822065e-01
-9.152350e-01
-8.236071e-01
-8.682369e-01
-8.795572e-01
-8.647688e-01
-9.010882e-01
-8.569342e-01
-9.518926e-01
-8.321870e-01
-8.710732e-01
-7.820589e-01
-8.351286e-01
-9.930220e-01
-9.807198e-01
-8.009304e-01
-8.562385e-01
-7.974772e-01
-8.966418e-01
-1.243617e+00
-9.330602e-01
-8.911926e-01
-8.980737e-01
-8.333649e-01
-1.199538e+00
-8.501914e-01
-7.661350e-01
-1.377430e+00
-8.289102e-01
-8.523584e-01
-8.217457e-01
-8.872345e-01
-8.693932e-01
-8.910256e-01
-1.199645e+00
-8.853049e-01
-7.999817e-01
-8.300712e-01
-8.635605e-01
-8.359001e-01
-8.284056e-01
-8.893301e-01
-1.158295e+00
-1.662592e+00
-8.111372e-01
-8.235582e-01
-9.749045e-01
-1.930164e+00
-1.286766e+00
-8.985398e-01
-1.037299e+00
-9.087425e-01
-9.117387e-01
-1.864354e+00
-8.761088e-01
-8.123004e-01
-1.117017e+00
-8.348672e-01
-8.175235e-01
-8.474458e-01
-1.362774e+00
-7.956456e-01
-1.118968e+00
-8.306462e-01
-8.183818e-01
-8.896879e-01
-8.232724e-01
-1.754699e+00
-8.552579e-01
-9.127818e-01
-9.236392e-01
-1.237344e+00
-1.344513e+00
-1.251444e+00
-8.831530e-01
-9.078872e-01
-8.396866e-01
-7.710639e-01
-8.389666e-01
-1.222912e+00
-8.043065e-01
-1.532777e+00
-9.268466e-01
-8.034526e-01
-8.292130e-01
-8.440222e-01
-1.304164e+00
-8.737975e-01
-7.987236e-01
-8.249107e-01
-8.109509e-01
-8.286809e-01
-1.418675e+00
-8.759806e-01
-1.701557e+00
-7.921341e-01
-8.706031e-01
-8.867077e-01
-9.548968e-01
-8.378551e-01
-8.925996e-01
-9.626835e-01
-1.450862e+00
-8.701429e-01
-8.515318e-01
-1.136287e+00
-8.896957e-01
-8.472035e-01
-1.166429e+00
-8.403721e-01
-8.127255e-01
-8.484675e-01
-8.727987e-01
-8.689882e-01
-8.134074e-01
-8.405157e-01
-8.497589e-01
-8.762185e-01
-8.463346e-01
-8.745350e-01
-8.649110e-01
-8.446758e-01
-1.549158e+00
-9.363675e-01
-9.030511e-01
-8.689808e-01
-8.569316e-01
-8.676698e-01
-8.828009e-01
-9.238205e-01
-8.256615e-01
-8.161096e-01
-7.712439e-01
-1.203869e+00
-7.988478e-01
-8.850083e-01
-9.191872e-01
-7.841577e-01
-8.359026e-01
-8.558447e-01
-8.430859e-01
-8.365095e-01
-8.902014e-01
-9.745551e-01
-8.688315e-01
-8.427042e-01
-8.467194e-01
-9.023240e-01
-8.911726e-01
-1.612805e+00
-1.593674e+00
-1.600129e+00
-1.138212e+00
-8.590026e-01
-1.100384e+00
-8.299439e-01
-1.220591e+00
-9.331469e-01
-8.524590e-01
-1.059324e+00
-8.836433e-01
-8.603999e-01
-9.176571e-01
-9.344999e-01
-8.889539e-01
-1.858442e+00
-8.518031e-01
-1.018849e+00
-8.598722e-01
-8.743043e-01
-1.123829e+00
-9.153179e-01
-1.381921e+00
-1.539883e+00
-1.847143e+00
-1.025510e+00
-8.256223e-01
-8.060182e-01
-8.493198e-01
-1.354217e+00
-8.972489e-01
-8.854421e-01
-1.202931e+00
-8.522430e-01
-1.629097e+00
-9.238894e-01
-8.470900e-01
-8.584188e-01
-8.182406e-01
-9.082283e-01
-9.160032e-01
-1.735091e+00
-8.446739e-01
-8.285358e-01
-8.076864e-01
-8.193820e-01
-9.474044e-01
-8.267799e-01
-8.350919e-01
-8.590389e-01
-8.441081e-01
-9.776826e-01
-8.603274e-01
-8.896366e-01
-1.842652e+00
-1.566206e+00
-7.506856e-01
-9.615989e-01
-8.018788e-01
-1.530837e+00
-8.405877e-01
-9.730270e-01
-8.269631e-01
-9.748114e-01
-8.824172e-01
-1.201895e+00
-8.465268e-01
-9.433845e-01
-1.040796e+00
-9.223376e-01
-1.526066e+00
-8.428080e-01
-9.748320e-01
-8.239770e-01
-8.709145e-01
-9.995739e-01
-8.646291e-01
-1.178557e+00
-7.816233e-01
-9.054413e-01
-9.341770e-01
-8.285249e-01
-8.422948e-01
-8.710259e-01
-9.093109e-01
-8.360408e-01
-8.381641e-01
-8.682491e-01
-8.761223e-01
-9.898037e-01
-9.016976e-01
-8.375996e-01
-8.110020e-01
-8.213526e-01
-8.451856e-01
-8.341950e-01
-9.064878e-01
-1.037672e+00
-8.575701e-01
-1.431380e+00
-9.016134e-01
-8.278029e-01
-8.643674e-01
-1.029370e+00
-1.471278e+00
-8.588983e-01
-1.133225e+00
-8.579545e-01
-1.060112e+00
-8.689297e-01
-7.932642e-01
-8.236010e-01
-8.912600e-01
-8.228583e-01
-8.772413e-01
-9.376561e-01
-9.538288e-01
-1.461864e+00
-1.056463e+00
-9.214920e-01
-1.641808e+00
-8.721779e-01
-9.450737e-01
-9.029887e-01
-8.171837e-01
-8.930583e-01
-8.738486e-01
-1.198740e+00
-1.813258e+00
-9.185021e-01
-8.479419e-01
-8.535815e-01
-9.508867e-01
-1.008580e+00
-1.031862e+00
-9.177950e-01
-8.932284e-01
-1.202699e+00
-1.504104e+00
-1.084560e+00
-8.430442e-01
-8.208522e-01
-1.011910e+00
-9.266441e-01
-8.505762e-01
-9.926254e-01
-9.375508e-01
-8.561162e-01
-1.059247e+00
-1.389252e+00
-9.655805e-01
-8.587867e-01
-9.072654e-01
-8.201601e-01
-1.088747e+00
-1.436659e+00
-8.398828e-01
-7.194411e-01
-8.543285e-01
-8.556888e-01
-9.410740e-01
-2.011353e+00
-8.462744e-01
-9.166464e-01
-8.423801e-01
-9.336614e-01
-1.546707e+00
-8.962927e-01
-9.102497e-01
-1.089936e+00
-7.581624e-01
-8.537462e-01
-8.690141e-01
-8.474838e-01
-1.077204e+00
-8.383326e-01
-1.226103e+00
-9.388823e-01
-9.523387e-01
-9.792775e-01
-8.554671e-01
-8.432361e-01
-8.318244e-01
-8.673555e-01
-1.061524e+00
-1.015329e+00
-8.715825e-01
-9.124907e-01
-1.513083e+00
-8.926166e-01
-8.266889e-01
-1.279016e+00
-8.199585e-01
-8.342319e-01
-8.065212e-01
-8.497720e-01
-1.387861e+00
-1.083621e+00
-9.893419e-01
-9.079840e-01
-8.491716e-01
-8.094403e-01
-9.732062e-01
-8.162524e-01
-8.865329e-01
-1.771417e+00
-8.795622e-01
-1.468432e+00
-1.545670e+00
-8.090418e-01
-8.220204e-01
-1.248390e+00
-1.622257e+00
-8.393070e-01
-8.431343e-01
-9.023931e-01
-8.015988e-01
-8.462354e-01
-9.330637e-01
-9.888196e-01
-1.185503e+00
-8.195566e-01
-8.850458e-01
-8.903056e-01
-1.436142e+00
-8.579553e-01
-1.103427e+00
-8.101289e-01
-1.220025e+00
-8.223236e-01
-8.312087e-01
-8.350215e-01
-8.222977e-01
-8.585200e-01
-8.381019e-01
-9.525576e-01
-8.939081e-01
-8.680357e-01
-8.297312e-01
-9.183582e-01
-8.239298e-01
-1.000661e+00
-9.068289e-01
-1.313365e+00
-8.019490e-01
-9.812130e-01
-1.123654e+00
-8.357334e-01
-8.403421e-01
-1.545384e+00
-9.645811e-01
-8.574583e-01
-8.839192e-01
-1.906165e+00
-1.594032e+00
-7.043134e-01
-8.335757e-01
-8.281415e-01
-8.970836e-01
-8.185881e-01
-8.291924e-01
-8.361942e-01
-1.602028e+00
-8.898422e-01
-8.166897e-01
-8.440473e-01
-8.141815e-01
-9.539159e-01
-8.241780e-01
-8.852175e-01
-9.699536e-01
-8.288759e-01
-9.633750e-01
-8.541590e-01
-9.456861e-01
-8.079449e-01
-8.905622e-01
-8.021133e-01
-1.140642e+00
-8.740514e-01
-8.533532e-01
-9.096087e-01
-9.230572e-01
-1.072702e+00
-8.650640e-01
-9.342990e-01
-8.761765e-01
-8.995905e-01
-7.762022e-01
-8.714712e-01
-9.501456e-01
-8.517535e-01
-8.170803e-01
-1.518009e+00
-1.138016e+00
-9.695648e-01
-8.878199e-01
-7.901255e-01
-9.153684e-01
-1.083011e+00
-9.741828e-01
-8.353769e-01
-8.361850e-01
-9.551068e-01
-8.605039e-01
-9.859781e-01
-8.379573e-01
-7.909487e-01
-8.576463e-01
-8.093813e-01
-8.125520e-01
-9.444503e-01
-8.534427e-01
-8.737707e-01
-8.478404e-01
-1.568941e+00
-8.492490e-01
-7.983255e-01
-1.591010e+00
-7.766934e-01
-8.691777e-01
-8.423108e-01
-1.166057e+00
-8.432055e-01
-8.271980e-01
-9.293086e-01
-8.857059e-01
-1.712665e+00
-8.472300e-01
-9.288923e-01
-1.514031e+00
-8.626782e-01
-8.449201e-01
-9.827396e-01
-1.171726e+00
-1.248084e+00
-1.448131e+00
-1.275065e+00
-1.653669e+00
-1.622346e+00
-8.588292e-01
-8.924917e-01
-7.717774e-01
-1.452807e+00
-8.240596e-01
-8.942064e-01
-1.011784e+00
-8.584446e-01
-9.491006e-01
-1.599786e+00
-8.882311e-01
-8.626551e-01
-8.093877e-01
-1.553114e+00
-9.421698e-01
-8.940033e-01
-9.939924e-01
-8.808016e-01
-9.403062e-01
-9.220691e-01
-1.019066e+00
-9.095682e-01
-1.219806e+00
-8.703260e-01
-8.749178e-01
-1.694597e+00
-8.544219e-01
-9.385679e-01
-1.035077e+00
-1.483266e+00
-1.025269e+00
-9.227117e-01
-9.192568e-01
-9.018162e-01
-9.534418e-01
-1.125697e+00
-1.146171e+00
-9.374158e-01
-1.090394e+00
-9.456509e-01
-9.397044e-01
-7.964862e-01
-8.406305e-01
-9.817998e-01
-9.688745e-01
-9.168476e-01
-8.068943e-01
-9.389181e-01
-1.068447e+00
-1.459976e+00
-2.127466e+00
-1.253027e+00
-8.466657e-01
-1.060874e+00
-1.267857e+00
-9.466468e-01
-1.105237e+00
-2.270662e+00
-9.763874e-01
-8.760638e-01
-8.076689e-01
-9.943432e-01
-9.016064e-01
-8.695373e-01
-1.017032e+00
-1.214934e+00
-8.725958e-01
-8.788269e-01
-9.296861e-01
-1.085071e+00
-8.362809e-01
-9.177609e-01
-8.948168e-01
-8.187904e-01
-8.509139e-01
-9.560051e-01
-1.044101e+00
-1.216826e+00
-8.475400e-01
-7.894770e-01
-8.797360e-01
-8.241289e-01
-7.756921e-01
-9.292554e-01
-8.685665e-01
-8.800111e-01
-1.261577e+00
-1.588146e+00
-1.065678e+00
-9.525537e-01
-1.019305e+00
-1.090794e+00
-1.105140e+00
-9.222048e-01
-8.261783e-01
-9.915344e-01
-8.795014e-01
-9.092320e-01
-8.875174e-01
-8.673403e-01
-8.448933e-01
-8.414349e-01
-8.466813e-01
-8.633029e-01
-8.603831e-01
-8.495168e-01
-8.728324e-01
-8.296661e-01
-1.505829e+00
-9.671819e-01
-8.163918e-01
-7.861604e-01
-8.545687e-01
-1.480062e+00
-9.219242e-01
-8.984362e-01
-9.183817e-01
-8.137331e-01
-8.301948e-01
-1.559546e+00
-8.510254e-01
-1.616529e+00
-1.024898e+00
-8.447388e-01
-1.140697e+00
-8.261149e-01
-8.099323e-01
-9.446763e-01
-1.024547e+00
-8.667877e-01
-1.151352e+00
-9.352240e-01
-1.499009e+00
-9.751376e-01
-1.115507e+00
-1.245116e+00
-1.510850e+00
-8.552539e-01
-1.058832e+00
-9.294881e-01
-8.678781e-01
-8.015022e-01
-8.051047e-01
-1.304468e+00
-9.484191e-01
-1.051035e+00
-7.897935e-01
-9.598429e-01
-9.407062e-01
-8.508159e-01
-8.130608e-01
-8.248777e-01
-1.078363e+00
-8.717192e-01
-9.039635e-01
-1.017703e+00
-8.484442e-01
-8.662766e-01
-1.063867e+00
-9.254503e-01
-1.124211e+00
-8.830894e-01
-9.239245e-01
-9.090102e-01
-1.340119e+00
-1.087777e+00
-9.885449e-01
-9.022177e-01
-9.793374e-01
-8.940131e-01
-8.450207e-01
-8.687333e-01
-9.622639e-01
-8.951876e-01
-1.169981e+00
-1.133165e+00
-1.011874e+00
-9.692896e-01
-8.668532e-01
-8.605274e-01
-1.094866e+00
-8.362404e-01
-8.792958e-01
-1.077920e+00
-9.414767e-01
-1.869903e+00
-8.282410e-01
-8.825060e-01
-8.155537e-01
-8.313278e-01
-1.003818e+00
-9.711790e-01
-1.580607e+00
-8.382143e-01
-9.112503e-01
-1.050775e+00
-8.422451e-01
-8.490360e-01
-9.923378e-01
-8.450502e-01
-1.023254e+00
-1.095253e+00
-1.251113e+00
-1.201889e+00
-8.476943e-01
-9.232262e-01
-8.404985e-01
-9.684903e-01
-9.694744e-01
-1.481710e+00
-1.073847e+00
-1.003941e+00
-8.862796e-01
-9.560336e-01
-1.058373e+00
-1.233174e+00
-1.181749e+00
-1.274834e+00
-1.168000e+00
-9.092221e-01
-1.655370e+00
-8.920019e-01
-9.650054e-01
-1.143788e+00
-9.455106e-01
-1.608461e+00
-1.022560e+00
-8.447603e-01
-8.653979e-01
-1.760382e+00
-1.503106e+00
-1.029749e+00
-8.938964e-01
-1.198746e+00
-1.121885e+00
-9.915963e-01
-8.675858e-01
-1.187590e+00
-9.560548e-01
-1.068371e+00
-9.775354e-01
-1.742128e+00
-1.246833e+00
-8.543708e-01
-8.283985e-01
-1.524836e+00
-9.265771e-01
-9.840138e-01
-1.180169e+00
-8.378597e-01
-1.486159e+00
-9.912841e-01
-9.728615e-01
-9.835332e-01
-9.269830e-01
-9.673010e-01
-1.855691e+00
-1.153358e+00
-8.774783e-01
-1.128160e+00
-8.449953e-01
-9.619186e-01
-8.927459e-01
-9.514913e-01
-1.668092e+00
-8.180633e-01
-9.336353e-01
-9.800308e-01
-1.008237e+00
-1.209000e+00
-8.870169e-01
-1.008645e+00
-9.647628e-01
-1.088145e+00
-9.845335e-01
-1.161427e+00
-8.655864e-01
-1.060556e+00
-9.960912e-01
-1.135108e+00
-8.729661e-01
-8.174846e-01
-1.234625e+00
-1.008008e+00
-1.895093e+00
-1.185702e+00
-9.453528e-01
-1.027472e+00
-1.097230e+00
-9.944513e-01
-9.776591e-01
-8.154885e-01
-8.765187e-01
-1.715380e+00
-8.620818e-01
-8.372585e-01
-1.026408e+00
-1.202166e+00
-8.270487e-01
-9.426002e-01
-1.043743e+00
-8.794468e-01
-9.471527e-01
-8.629910e-01
-1.059715e+00
-1.079208e+00
-8.142968e-01
-9.480682e-01
-9.149107e-01
-1.017764e+00
-9.195073e-01
-8.705955e-01
-9.153081e-01
-1.688610e+00
-9.454410e-01
-8.579813e-01
-1.001257e+00
-8.929229e-01
-8.225292e-01
-1.268964e+00
-7.887559e-01
-1.549403e+00
-9.077107e-01
-8.749860e-01
-8.272811e-01
-8.203647e-01
-1.589961e+00
-9.699263e-01
-1.481186e+00
-8.680184e-01
-9.846641e-01
-8.357303e-01
-9.969467e-01
-1.476065e+00
-8.451382e-01
-8.833123e-01
-1.027882e+00
-8.357169e-01
-9.696693e-01
-1.018648e+00
-9.230886e-01
-1.126331e+00
-1.091527e+00
-8.039637e-01
-1.495608e+00
-8.892298e-01
-7.908934e-01
-9.301628e-01
-1.009487e+00
-1.712947e+00
-9.134341e-01
-8.399504e-01
-1.267789e+00
-2.188044e+00
-1.064609e+00
-1.326963e+00
-8.309773e-01
-9.508524e-01
-8.955889e-01
-9.306583e-01
-9.140856e-01
-9.764802e-01
-1.051487e+00
-8.726914e-01
-8.862869e-01
-9.609294e-01
-8.503539e-01
-8.437685e-01
-8.213714e-01
-8.931696e-01
-8.377599e-01
-8.836993e-01
-9.996133e-01
-1.650825e+00
-8.737767e-01
-9.908572e-01
-8.612046e-01
-1.047999e+00
-9.553651e-01
-1.768194e+00
-9.281696e-01
-8.335447e-01
-1.578222e+00
-8.784290e-01
-1.294917e+00
-1.016781e+00
-1.813774e+00
-1.127548e+00
-9.269380e-01
-1.137217e+00
-8.896672e-01
-8.428742e-01
-8.950581e-01
-9.742108e-01
-9.117815e-01
-1.195316e+00
-8.765733e-01
-9.263449e-01
-8.290807e-01
-8.529522e-01
-1.185708e+00
-1.105322e+00
-9.348410e-01
-8.880981e-01
-9.382598e-01
-1.594312e+00
-9.124388e-01
-8.172761e-01
-1.106616e+00
-1.142838e+00
-8.175430e-01
-1.065848e+00
-1.562459e+00
-1.680202e+00
-1.491402e+00
-9.774608e-01
-9.400906e-01
-8.366808e-01
-1.323908e+00
-8.096930e-01
-8.880081e-01
-1.079612e+00
-8.904223e-01
-9.016031e-01
-8.849400e-01
-8.678019e-01
-7.334199e-01
-9.203001e-01
-1.106985e+00
-8.584372e-01
-9.599132e-01
-8.073052e-01
-8.797622e-01
-1.467735e+00
-1.259299e+00
-1.758671e+00
-1.086892e+00
-8.363568e-01
-1.295593e+00
-8.992800e-01
-9.846453e-01
-8.698925e-01
-9.074739e-01
-1.145089e+00
-1.246398e+00
-8.960532e-01
-1.223193e+00
-9.236832e-01
-1.210887e+00
-8.902724e-01
-9.906051e-01
-1.039673e+00
-9.025528e-01
-9.617810e-01
-1.046831e+00
-2.013149e+00
-9.356312e-01
-8.087395e-01
-8.580167e-01
-1.359385e+00
-9.994761e-01
-8.737173e-01
-1.154782e+00
-1.060540e+00
-9.441049e-01
-1.237597e+00
-1.040978e+00
-1.376852e+00
-8.640350e-01
-7.478428e-01
-8.984829e-01
-8.639062e-01
-9.428032e-01
-9.344099e-01
-1.594641e+00
-8.438084e-01
-1.756120e+00
-1.925581e+00
-8.389551e-01
-1.690011e+00
-8.724421e-01
-9.144907e-01
-8.850590e-01
-1.183915e+00
-1.259943e+00
-1.113686e+00
-9.101028e-01
-9.685418e-01
-9.785721e-01
-1.123448e+00
-1.121197e+00
-9.385502e-01
-1.285557e+00
-9.541592e-01
-1.029982e+00
-9.245428e-01
-1.121754e+00
-1.610797e+00
-1.483356e+00
-1.346153e+00
-9.263352e-01
-8.149090e-01
-1.259927e+00
-1.159183e+00
-9.210650e-01
-8.655821e-01
-8.202015e-01
-1.317317e+00
-1.341067e+00
-1.182614e+00
-1.333803e+00
-1.283251e+00
-1.461336e+00
-9.332491e-01
-8.635515e-01
-1.001250e+00
-9.045515e-01
-1.231417e+00
-1.255821e+00
-1.502537e+00
-1.226339e+00
-8.860262e-01
-1.544160e+00
-1.049390e+00
-8.136495e-01
-8.211056e-01
-1.282286e+00
-7.792751e-01
-1.300072e+00
-1.235316e+00
-9.677355e-01
-1.128247e+00
-1.031817e+00
-8.493917e-01
-8.488581e-01
-7.791828e-01
-1.616936e+00
-1.064200e+00
-1.284015e+00
-1.309677e+00
-8.106665e-01
-1.397555e+00
-9.321551e-01
-8.716837e-01
-9.103868e-01
-8.526869e-01
-1.347517e+00
-8.921882e-01
-1.269876e+00
-9.841265e-01
-1.684159e+00
-9.230231e-01
-9.183899e-01
-1.286565e+00
-1.313358e+00
-8.674968e-01
-1.874306e+00
-1.212065e+00
-1.321871e+00
-8.120536e-01
-1.044161e+00
-8.352503e-01
-1.278140e+00
-1.099574e+00
-8.776107e-01
-1.819424e+00
-1.161860e+00
-1.530658e+00
-1.391383e+00
-1.279741e+00
-1.364508e+00
-7.947912e-01
-8.594173e-01
-1.669796e+00
-1.080721e+00
-1.158108e+00
-1.119281e+00
-1.024559e+00
-8.823614e-01
-1.140148e+00
-1.026562e+00
-1.007508e+00
-1.091385e+00
-1.353587e+00
-1.162820e+00
-1.266067e+00
-1.296251e+00
-8.982237e-01
-8.078369e-01
-8.971854e-01
-1.285344e+00
-1.269009e+00
-1.042244e+00
