3.1795e-02
3.2679e-01
2.5565e-05
1.2643e-01
2.7603e-01
1.2395e-01
1.3878e-05
2.0490e-02
4.0316e-01
6.3287e-01
3.8252e-02
1.9842e-01
2.6624e-02
4.5670e-01
4.0923e-02
2.5880e-01
3.1726e-01
6.5055e-02
2.4071e-01
1.3878e-05
7.9345e-02
8.5143e-02
1.2176e-01
1.0622e-01
4.8273e-02
1.2191e-01
1.3593e-01
2.7186e-02
4.8998e-03
6.9315e-02
1.3878e-05
2.0448e-01
4.5212e-01
2.8511e-02
4.8599e-01
4.4572e-01
2.4907e-01
1.0709e-01
1.5284e-02
1.3878e-05
1.7816e-01
1.4248e+00
6.3724e-02
1.3340e-01
9.7873e-02
1.3878e-05
2.1097e-01
6.2191e-03
8.9252e-03
3.3699e-01
4.8052e-01
1.1029e-01
1.5915e-01
9.8751e-02
1.0407e-01
4.2621e-01
5.3885e-01
6.1071e-02
1.3878e-05
1.2299e-01
6.1487e-01
2.7403e-01
2.7686e-03
1.1226e-03
1.1470e-01
2.6740e-02
1.7136e-01
6.0898e-03
2.9574e-02
1.3878e-05
1.8709e-01
5.5661e-01
6.5318e-03
1.3605e-01
1.8722e-01
4.7681e-01
8.5249e-02
8.9855e-03
3.4045e-04
1.3878e-05
5.6509e-01
1.1191e-01
3.0767e-01
8.0719e-02
1.8541e-01
1.4956e-01
1.2936e-01
1.5213e-01
3.3729e-01
1.3878e-05
1.9553e-02
1.1577e+00
1.1154e-01
7.2404e-02
2.6468e-02
2.4134e-01
6.6271e-02
5.6685e-01
1.0111e+00
1.6226e-02
4.3839e-01
5.1894e-01
2.2696e-01
1.2699e-01
2.3144e-01
2.9761e-01
2.0552e-01
6.5334e-01
1.3878e-05
2.0736e-01
1.3878e-05
1.3878e-05
1.3064e-01
1.3878e-05
3.6841e-01
5.0407e-01
2.9638e-01
4.2177e-03
2.4558e-01
3.1191e-01
2.1425e-01
1.4483e-01
3.2314e-01
2.6562e-02
1.6357e-02
1.2071e-02
4.7588e-01
1.2125e-01
2.1363e-01
1.3878e-05
2.5358e-01
1.1474e-01
5.4571e-01
1.1922e-01
1.2512e-01
5.1155e-04
3.6282e-02
3.9671e-02
2.5801e-01
8.1211e-02
7.3022e-02
1.8314e-01
2.4901e-03
6.9591e-03
2.8993e-02
2.2594e-01
1.2072e-01
1.3878e-05
1.6558e-01
3.8476e-01
1.0056e+00
5.5485e-01
1.9120e-01
1.3878e-05
5.5014e-01
2.8591e-01
7.1679e-01
1.3878e-05
6.1209e-01
3.5940e-01
5.0305e-01
1.3021e-01
8.2454e-02
3.3472e-01
5.4992e-01
3.1020e-01
8.8484e-04
2.2824e-01
1.3878e-05
2.1833e-01
3.0915e-01
3.1327e-01
8.7533e-03
1.5906e+00
5.8950e-02
1.1331e-02
1.5318e-01
3.4243e-01
2.5592e-01
1.3878e-05
6.7618e-01
6.1343e-01
1.3878e-05
1.6141e-02
3.2015e-02
3.1932e-02
2.0705e-01
2.8920e-01
2.0495e-01
4.9080e-05
2.3242e-02
5.7803e-01
7.3265e-02
1.1553e-03
9.5792e-02
3.0619e-01
9.1032e-02
1.3761e-02
7.0841e-02
6.0868e-03
3.1089e-01
6.6003e-01
5.8872e-02
1.3878e-05
1.7677e-01
1.5879e-01
3.0003e-01
5.1238e-01
4.9265e-03
2.8736e-01
1.3429e-02
9.3037e-01
3.2670e-02
1.4384e-01
1.8018e-01
2.3864e-02
4.5524e-01
3.9715e-03
6.1190e-01
1.3878e-05
9.3183e-02
9.2011e-02
3.4732e-01
7.0771e-03
3.3734e-01
1.7792e-01
2.7833e-01
1.4109e-01
4.9529e-01
2.9392e-01
1.6509e-01
1.3878e-05
4.9685e-01
9.9805e-03
8.0808e-05
1.9662e-01
1.8585e+00
2.0406e-01
1.3878e-05
6.2995e-02
6.2819e-01
1.5145e-01
3.3552e-01
1.3878e-05
2.0863e-01
2.2060e-01
5.2464e-01
2.6178e-03
1.3878e-05
3.6079e-02
1.1256e-01
5.4231e-01
3.4832e-01
3.1816e-02
1.3081e-02
1.5779e-02
2.0379e-02
6.8982e-02
3.0555e-01
1.4588e+00
1.3878e-05
4.1684e-01
1.3878e-05
1.0278e-01
1.1200e+00
2.7181e-01
1.8292e-01
8.6044e-01
1.0968e-02
1.2536e+00
4.3492e-02
1.0640e-01
1.0304e-01
1.3677e+00
2.2774e-01
5.8886e-01
2.2819e-01
4.1713e-02
9.2514e-02
2.2092e-01
1.5596e-01
8.0907e-02
3.5195e-01
1.3878e-05
6.4902e-02
5.3564e-01
1.4215e-01
2.2640e-01
3.1553e-02
2.2875e-01
2.9123e-01
3.6487e-03
5.1504e-02
2.8851e-02
8.4551e-01
3.7065e-01
8.0767e-01
9.9498e-02
1.5504e-01
4.6515e-02
1.4633e-04
5.7344e-01
6.0755e-01
3.4974e-01
1.9386e-01
1.3878e-05
6.7791e-01
1.3076e-01
1.3711e-01
1.6427e-01
3.8701e-01
1.4222e-01
2.9803e-02
6.6446e-02
3.0638e-01
8.1718e-02
3.1060e-01
4.2460e-03
4.3721e-01
2.2235e-01
4.8523e-01
9.9578e-02
5.9534e-04
3.7089e-05
1.3878e-05
2.6254e-01
4.3164e-02
2.3266e-01
5.2553e-03
6.2479e-04
1.5581e-01
8.6081e-02
1.1434e-01
7.2450e-03
2.5157e-01
3.2508e-01
1.5760e-01
5.0352e-01
1.9481e-01
2.3350e-01
6.3085e-02
1.9780e-01
8.3545e-02
3.2927e-01
4.5234e-02
2.1665e-01
6.1443e-01
4.7317e-02
3.1779e-01
1.0447e-02
8.9713e-01
2.1038e-01
7.3709e-02
1.3878e-05
2.3231e-01
1.3878e-05
1.7090e-01
3.8920e-01
1.3878e-05
5.0754e-01
2.5791e-02
5.1835e-02
1.9276e-01
1.1385e-01
1.0761e-01
1.2752e-01
5.2640e-01
2.9296e-01
1.1825e-01
3.5530e-02
7.2455e-01
6.0580e-01
2.4571e-01
9.0184e-02
1.5249e-01
1.3878e-05
3.7356e-01
1.3878e-05
1.3323e+00
6.7850e-02
3.2025e-01
1.4332e-02
2.2674e-02
2.3662e-03
5.4259e-01
1.2120e-01
3.2626e-04
4.7382e-01
2.6074e-02
4.2534e-01
1.2329e-02
2.2558e-01
6.7289e-02
1.3240e-01
7.1726e-02
7.8150e-02
1.3878e-05
6.4587e-01
2.2548e-01
6.3082e-02
8.4705e-01
1.3878e-05
1.8037e-02
9.3098e-02
2.2284e+00
2.4833e-01
1.3878e-05
6.0789e-02
3.5413e-03
3.3413e-01
4.6625e-01
2.2918e-01
3.2385e-02
6.0148e-02
3.4586e-02
2.3962e-01
3.2554e-01
1.3878e-05
7.1682e-02
7.5740e-02
1.1653e-01
1.3878e-05
2.7134e-01
7.2497e-03
1.6618e-01
2.5659e-01
4.5663e-01
3.1216e-02
1.6080e-02
1.5113e-03
1.1279e-03
6.3341e-02
1.1171e-01
1.3111e+00
2.0830e-01
7.3746e-04
1.4895e-01
1.7803e-01
1.1228e-01
1.3878e-05
5.2364e-01
2.3124e-03
1.2836e-01
1.3878e-05
1.5869e-02
1.7988e-01
3.6288e-01
1.3878e-05
5.5757e-02
9.9384e-04
3.7241e-01
1.3878e-05
1.3927e-01
8.8716e-02
1.1300e-04
8.0137e-02
2.0937e+00
8.6640e-02
1.3878e-05
1.4987e-01
3.5942e-01
4.8110e-02
1.3878e-05
6.0688e-02
1.3115e-01
1.0161e-01
4.8034e-01
3.6359e-02
3.5644e-01
4.3838e-02
3.1979e-01
2.7557e-01
1.3849e-01
1.3878e-05
1.3878e-05
1.9703e-01
1.6926e-03
4.1875e-01
1.0567e-01
3.8649e-01
1.3878e-05
6.3739e-01
4.3725e-01
1.6655e-01
8.1294e-01
3.0496e-01
2.5116e-01
1.3208e-01
5.0051e-02
3.9937e-04
2.8564e-01
1.8100e-01
4.4948e-02
4.6202e-02
4.1316e-01
1.5783e-01
6.4349e-03
1.4144e-02
2.1001e-01
1.0465e-01
2.4277e-01
2.6521e-01
2.6540e-02
7.8060e-02
1.3878e-05
1.3878e-05
4.5598e-01
6.4294e-02
3.3413e-01
1.3878e-05
1.6592e-01
1.3878e-05
1.3878e-05
1.3878e-05
7.0326e-02
1.3878e-05
2.9451e-02
1.0497e-01
9.0862e-02
1.3878e-05
2.7353e-01
3.0408e-02
4.3202e-01
6.9815e-01
7.6679e-02
2.0696e-01
1.3878e-05
3.2355e-02
1.1440e-01
1.3934e-01
5.7045e-02
5.3374e-04
1.7665e-03
5.0469e-03
1.3878e-05
1.7921e-01
1.6599e-03
1.3714e-02
4.0233e-01
1.3878e-05
4.9727e-01
1.2377e-02
2.4176e-02
4.7422e-01
3.1331e-05
3.5633e-02
5.1855e-02
1.3878e-05
1.4950e-01
1.9804e-01
1.3831e-02
1.3878e-05
7.9708e-02
3.4056e-02
1.5926e-02
1.2736e-01
2.8784e-01
6.9188e-02
2.0770e-01
2.7834e-04
6.0520e-01
1.0723e+00
2.3349e-01
2.1805e-01
2.1384e-01
1.5908e-01
2.2629e-01
1.3878e-05
1.3878e-05
3.6911e-02
1.2232e-01
2.5233e-02
1.7743e-01
1.5735e-01
1.8971e-01
1.1094e-01
1.3878e-05
1.3878e-05
6.4188e-01
6.7944e-05
5.8490e-03
1.6777e-02
2.4812e-03
1.7511e-03
4.8869e-02
1.6850e-01
1.7374e-02
1.3878e-05
4.2266e-02
1.3202e-01
1.2240e-01
3.2105e-02
2.6820e-02
8.7118e-01
1.3878e-05
4.5060e-01
2.2637e-01
1.3790e-01
2.5488e-01
8.0433e-03
2.4437e-03
2.5677e-01
4.0379e-01
1.9615e-03
2.2376e-04
9.1545e-02
3.6165e-01
3.5343e-01
1.3208e-01
3.2572e-02
3.0361e-01
9.4015e-02
1.3878e-05
6.8005e-01
1.3878e-05
3.3262e-02
1.8706e-01
3.3353e-04
6.1525e-01
1.0561e+00
3.5160e-01
4.1148e-02
3.4756e-05
1.4539e-01
1.3878e-05
1.4887e-01
3.2005e-01
2.1182e-01
3.4008e-02
1.3640e-01
3.6225e-01
5.6333e-02
4.0921e-01
1.3878e-05
4.4605e-02
8.5287e-01
2.2037e-01
1.8660e-03
2.9831e-02
1.3878e-05
2.6281e-01
5.7578e-01
1.3878e-05
2.9649e-01
1.3878e-05
1.9058e-01
1.5546e+00
1.3878e-05
1.3878e-05
8.0919e-03
1.2857e-01
1.3878e-05
1.5343e-03
1.3878e-05
4.1743e-02
2.7962e-01
1.3878e-05
8.6781e-02
3.0243e-04
1.5653e-01
1.3878e-05
2.1164e-03
1.9026e-01
5.5820e-04
3.8937e-04
4.1529e-01
1.5956e-01
3.2486e-02
7.0912e-01
2.8587e-01
1.3878e-05
4.7933e-03
3.9506e-02
1.1394e-01
8.0920e-04
1.4329e-01
2.4659e-01
6.5791e-01
1.5491e-01
1.7082e-02
6.9582e-02
2.0555e-02
1.1153e-02
4.8485e-03
1.3878e-05
6.9401e-01
5.5540e-05
1.3878e-05
9.3556e-02
7.3214e-03
2.7014e-01
2.8585e-03
2.2371e-01
1.1666e-01
9.7436e-04
1.1220e-01
1.5469e+00
3.7292e-01
2.4440e-03
3.3770e-01
1.5925e-01
1.4624e-02
3.1950e-01
4.3144e-01
1.3878e-05
2.4316e-01
7.5605e-03
1.3878e-05
3.3799e-03
3.1563e-01
9.0312e-02
3.0744e-01
2.2299e-01
2.4076e-01
1.3878e-05
9.0243e-03
1.3878e-05
5.1311e-01
2.8020e-01
1.2790e-03
2.0736e-01
1.0380e+00
1.1096e-03
3.9204e-01
8.7259e-02
1.3878e-05
1.2828e-03
4.5586e-01
4.5339e-01
1.3878e-05
1.7699e-01
1.8360e-02
1.8842e-01
2.2125e-03
2.0217e-01
1.0616e-01
3.4188e-01
9.1613e-02
1.0846e-03
3.6335e-05
1.3878e-05
9.2636e-02
5.8512e-01
3.1977e-01
1.3878e-05
3.3812e-01
2.1713e-01
6.1221e-02
1.3878e-05
9.8313e-01
2.0149e-02
1.1525e-01
3.2344e-01
1.8691e-01
4.1129e-02
1.5466e-01
1.9051e-02
3.8110e-01
3.6538e-02
4.5464e-01
1.3878e-05
3.8851e-02
7.1992e-03
1.5694e-01
9.3553e-03
1.3878e-05
4.6802e-02
5.1578e-02
8.5851e-02
4.1336e-01
4.2075e-04
7.3830e-01
3.0444e-02
2.7435e-01
3.2955e-01
1.5739e-01
1.3619e-02
1.3878e-05
1.4812e-01
5.0096e-02
8.1575e-02
1.3264e-01
2.1492e-02
1.9512e-03
2.1422e-01
1.3878e-05
1.3878e-05
1.5828e-02
1.3878e-05
4.6776e-01
4.0821e-05
3.4940e-01
2.9267e-01
7.8129e-02
1.3878e-05
3.2855e-01
1.5728e-02
3.1749e-04
1.3878e-05
2.9303e-01
1.0384e-01
3.5355e-01
2.8933e-02
4.6300e-01
9.0814e-02
1.5422e-02
1.4006e-02
2.1281e-02
8.4283e-02
2.3515e-01
3.9207e-01
3.3815e-01
2.8202e-01
5.4581e-03
4.5953e-01
1.3878e-05
4.0149e-02
3.8826e-05
1.3878e-05
8.7012e-02
4.1512e-02
3.5514e-02
2.2553e-03
2.0201e-02
5.0330e-02
2.1574e-01
2.8459e-01
2.5423e-01
2.1458e-02
1.3878e-05
9.0587e-02
1.3878e-05
1.3878e-05
1.3878e-05
1.3878e-05
2.1978e-02
3.2016e-01
7.8108e-01
7.1916e-01
3.5753e-01
2.3036e-02
1.3878e-05
1.7272e-01
5.8701e-01
1.3588e-02
1.1660e-01
7.7797e-01
5.1493e-02
7.0044e-01
1.3878e-05
4.6898e-03
1.3878e-05
1.0430e-01
1.6622e-01
4.0501e-01
5.8720e-02
4.1220e-02
2.7684e-01
9.4578e-02
2.1153e-01
8.1446e-02
5.4353e-01
1.6181e-01
1.2670e-01
2.2213e-02
1.3878e-05
2.7258e-04
2.3606e-04
7.9701e-02
3.4113e-01
7.8157e-04
4.5626e-01
2.9519e-02
1.8505e-01
7.4207e-02
3.9853e-04
5.0517e-01
2.4387e-01
1.3007e-01
9.6197e-02
2.2831e-01
1.9047e-01
6.1281e-02
2.7736e-01
9.8867e-01
4.4528e-02
1.3878e-05
1.3878e-05
1.3878e-05
4.9141e-02
3.8815e-02
1.7684e-02
1.3775e-01
2.6209e-01
4.3779e-01
4.1327e-01
1.8353e-03
4.6013e-02
4.2905e-02
4.6422e-01
6.8251e-01
4.5797e-02
2.9708e-01
1.2165e-02
3.4455e-01
3.5950e-01
1.3878e-05
1.4017e-01
1.1609e-01
5.6569e-02
9.3733e-01
1.3374e-02
3.8002e-01
2.9918e-02
1.4474e-01
1.9224e-01
2.5790e-01
2.2484e-01
4.1809e-01
5.9087e-02
5.9627e-01
1.3324e-02
6.7748e-02
1.0732e-02
1.1848e-01
1.4030e+00
2.0364e-02
9.9209e-02
6.0335e-01
1.3878e-05
1.7616e-01
7.2003e-02
1.2037e-03
4.2355e-02
4.4245e-02
1.3878e-05
8.9562e-01
8.0472e-01
3.5875e-01
9.4518e-02
8.6424e-02
7.6691e-03
3.1101e-03
5.3130e-01
1.4780e-02
1.3791e-01
3.5056e-01
4.1407e-01
3.1691e-01
2.3509e-01
7.9924e-03
4.0007e-02
2.3278e-01
1.6064e-03
1.2419e-01
5.3729e-01
1.3878e-05
7.0141e-01
3.8432e-01
2.7113e-02
1.8597e-01
7.2850e-02
3.4434e-01
2.8774e-01
6.5695e-01
1.0916e+00
3.1662e-01
1.5396e-01
5.6757e-01
1.5410e-01
1.3878e-05
3.0615e-01
1.3878e-05
2.5469e-03
3.9026e-05
1.3878e-05
9.1864e-04
1.4238e-04
3.3942e-02
3.0392e-01
1.4125e-01
2.0470e-02
1.7293e-01
7.6274e-01
1.5015e-01
1.3878e-05
7.0738e-02
1.3878e-05
6.3192e-02
1.1865e-01
1.3878e-05
1.4865e-01
2.5909e-02
2.5632e-02
1.4286e-01
1.3878e-05
2.2159e-01
1.2844e-01
1.3878e-05
1.3618e-03
3.5650e-02
3.4240e-03
1.4637e-02
2.6928e-03
3.3049e-02
1.4806e-03
8.7331e-02
4.7143e-02
2.9511e-02
4.5594e-01
1.3878e-05
7.6807e-03
3.2562e-01
8.4173e-01
2.4892e-01
1.2854e-01
2.3140e-03
1.3270e-02
4.5174e-01
2.8324e-01
7.5812e-02
4.2911e-02
3.5134e-01
2.6402e-01
9.8734e-03
1.3894e-03
1.8706e-02
2.2226e-01
9.1635e-02
6.6564e-02
1.6729e-03
2.0293e-01
9.2138e-02
3.5929e-01
4.9327e-04
7.1056e-03
3.9402e-02
7.5544e-02
3.8584e-01
1.8007e-03
1.3878e-05
1.3878e-05
7.2080e-02
5.7805e-02
6.9826e-04
1.3878e-05
6.6393e-01
9.2078e-01
1.6518e-02
1.3878e-05
1.9654e-01
7.8972e-03
1.3062e-02
1.7712e+00
1.7784e-01
1.9604e-01
1.7978e-01
3.1649e-01
5.2594e-01
6.9688e-01
5.8675e-03
2.9674e-02
4.2288e-04
1.1527e-01
1.0997e-01
1.3878e-05
1.6263e-02
1.3878e-05
1.7911e-01
8.6238e-03
2.7621e-02
1.2543e-02
5.0609e-01
6.3670e-02
1.3878e-05
6.1519e-02
1.4009e-02
5.3104e-03
2.4025e-02
2.6470e-01
6.9042e-03
2.1924e-01
1.7767e-01
3.0986e-01
1.3878e-05
7.4102e-02
6.4548e-01
2.1703e-01
2.3273e-01
1.9501e-01
1.3878e-05
3.0848e-01
1.9059e-01
8.5746e-01
4.2931e-02
7.8460e-03
1.5397e-02
9.0306e-02
7.4282e-02
2.7792e-04
1.9508e-02
1.3878e-05
1.4343e-01
1.3878e-05
1.3878e-05
6.9633e-01
5.8842e-02
1.8173e-03
8.7681e-05
1.8358e-01
1.6467e-02
1.3813e-02
5.0084e-01
5.8201e-01
5.8130e-02
7.0928e-01
7.3467e-02
1.3878e-05
3.3997e-02
2.5520e-02
8.6196e-01
2.0935e-03
2.3648e-02
2.9723e-01
5.4744e-02
1.2210e-01
1.6595e-01
9.5092e-02
2.8392e-01
1.0695e+00
2.1964e-01
6.5291e-03
4.1993e-02
7.4788e-03
2.3577e-01
1.0874e-01
1.1822e-03
2.2094e-01
8.0070e-04
5.4074e-01
2.3209e-04
3.2172e-01
3.4505e-01
1.1085e-01
9.6892e-02
5.9180e-02
3.5708e-01
1.2313e-02
4.0103e-01
1.6040e-02
3.0595e-01
8.4265e-03
2.0273e-01
6.0106e-03
1.5826e-01
3.3158e-01
6.5146e-02
3.5080e-01
4.0684e-01
1.3878e-05
5.2194e-01
3.1290e-01
9.6118e-02
5.0441e-01
1.9184e-01
2.4035e-01
1.3878e-05
2.1662e-01
6.7684e-01
1.8376e-02
5.6743e-01
3.9061e-01
1.3878e-05
9.3561e-02
4.3719e-02
4.0701e-01
1.3878e-05
3.5925e-02
1.3878e-05
1.3878e-05
2.6264e-01
6.1195e-03
1.3878e-05
1.5570e-04
6.2904e-02
2.7743e-01
4.0903e-02
1.7391e-01
4.0963e-05
1.3878e-05
6.6890e-05
2.9769e-03
1.3878e-05
2.0576e-01
1.1696e-01
5.4229e-04
3.3619e-01
1.3878e-05
1.2187e-02
1.3878e-05
3.6955e-05
2.3598e-01
1.3878e-05
1.3878e-05
2.5109e-02
1.3878e-05
1.3878e-05
4.5152e-01
3.0723e-02
3.5890e-02
3.7991e-02
2.2674e-01
5.9501e-01
1.7921e-01
1.8310e-01
1.3878e-05
3.7843e-01
1.3878e-05
3.0407e-02
8.2551e-02
3.6990e-03
2.1752e-01
1.2458e+00
8.3780e-05
1.3878e-05
2.5629e+00
1.7050e-01
2.8094e-01
2.8116e-01
6.0010e-03
5.3015e-01
1.2687e-01
9.6452e-02
1.4298e-01
4.4374e-01
4.6303e-01
1.3878e-05
2.0458e-01
6.8680e-02
1.5041e-01
2.8985e-01
1.3878e-05
3.8976e-02
2.9491e-01
5.7407e-02
1.7994e-01
2.5658e-01
1.0282e-01
5.3725e-03
2.1945e-01
1.0500e-01
7.1458e-01
8.7978e-01
7.6580e-02
3.5500e-01
5.5794e-02
1.3878e-05
1.3133e-01
1.0251e+00
1.2130e-01
5.0877e-01
5.1707e-01
1.4703e-01
1.3878e-05
5.6072e-02
5.0523e-03
1.4529e-01
8.7602e-04
3.4639e-01
2.5251e-03
9.8073e-01
7.7282e-02
2.1048e-01
6.5948e-03
1.6282e-01
4.6549e-01
1.5220e-01
1.0180e-01
2.0979e-02
1.3878e-05
1.4386e+00
1.2362e-01
1.3878e-05
5.1944e-02
1.3878e-05
3.0057e-01
1.5971e-01
1.3878e-05
6.7879e-01
5.8781e-02
2.5514e-01
4.1010e-04
2.5876e-02
1.3310e-01
6.7448e-03
7.3004e-02
3.7597e-01
1.3878e-05
6.4143e-01
1.3878e-05
1.3878e-05
8.7049e-03
2.0374e-03
9.5247e-05
1.3878e-05
6.1973e-04
6.1681e-02
1.6207e-03
4.6893e-04
1.3001e-04
9.3062e-01
1.0831e-02
6.4323e-01
4.6812e-01
3.5701e-02
1.6371e-02
1.3154e-04
8.3640e-03
3.9279e-05
1.1361e-01
7.2802e-02
4.6665e-03
7.3199e-02
7.5709e-02
1.3878e-05
1.0607e-02
1.3878e-05
9.4277e-02
1.5695e-03
3.6569e-02
2.8316e-02
1.7192e-03
1.0595e+00
4.4367e-02
6.0572e-01
4.2457e-01
2.8191e-02
2.1399e-03
1.8776e-03
3.2447e-01
2.0596e-01
4.9204e-01
2.6146e-01
2.2945e-03
1.1481e-01
6.3877e-02
1.9174e-02
1.3410e-03
4.7678e-02
6.6346e-02
1.3878e-05
9.8286e-02
7.0634e-01
2.6551e-01
1.7626e-01
2.8746e-02
1.3878e-05
5.0283e-03
2.7636e-01
1.7953e-01
3.7304e-01
6.7146e-02
9.7788e-03
1.7398e-01
6.0413e-02
2.9398e-01
7.9908e-02
3.6422e-02
1.9494e-01
7.5259e-03
2.2574e-01
1.5342e-02
1.3878e-05
2.7577e-03
1.6473e-01
1.7060e-03
1.0401e-01
1.1901e-01
2.6396e-02
1.7955e-01
9.3599e-02
1.5044e-02
1.4546e-02
2.7970e-01
1.5027e-01
2.2090e-01
1.4431e-01
3.1063e-01
2.6956e-01
9.8233e-02
1.8540e-01
5.6955e-03
1.7716e-03
4.3919e-01
1.0998e-01
1.3878e-05
4.8926e-04
1.3878e-05
2.5428e-02
1.4384e-01
1.1486e-01
5.9351e-02
6.0296e-02
8.2586e-02
3.8400e-01
7.9619e-03
3.5354e-05
2.1935e-01
2.6235e-03
2.0028e-01
2.9980e-02
2.5223e-01
3.7105e-01
8.0812e-03
1.3878e-05
1.2229e-02
1.4255e-01
3.6333e-01
3.8301e-01
1.2400e-01
3.9845e-01
1.1712e-01
1.2283e-04
2.0859e-01
1.2842e-01
6.7377e-02
1.0518e-01
3.0264e-02
3.3653e-02
5.1181e-04
1.3878e-05
6.5545e-02
9.5545e-03
9.3099e-01
5.7757e-03
1.4965e-01
9.3396e-02
3.1315e-01
1.3878e-05
1.2459e-01
5.3515e-01
2.2789e-02
2.2862e-01
2.2560e-01
1.8109e-01
2.1526e-02
2.1485e-02
1.3878e-05
5.4705e-03
2.0417e-01
1.9284e-01
1.5046e-04
1.0322e-04
4.6800e-02
9.3834e-01
1.0159e-02
3.8154e-02
6.3598e-02
2.2615e-01
7.5253e-01
9.0950e-03
1.3878e-05
3.5257e-05
1.7991e-01
9.2756e-02
7.3148e-02
5.2271e-01
1.2103e+00
3.6566e-01
7.6108e-02
1.3431e-01
7.3300e-01
2.7033e-03
2.3647e-01
7.7206e-01
1.3878e-05
2.7851e-01
2.8074e-01
5.9414e-01
1.4581e-01
5.0218e-01
7.9871e-02
1.4094e-01
4.1309e-02
6.8028e-02
6.9490e-02
1.2566e-01
1.3878e-05
4.5119e-01
5.2321e-02
8.8292e-02
1.7884e-02
3.8827e-01
2.6342e-01
9.1609e-01
1.8607e-01
4.3838e-02
2.4078e-02
6.0178e-02
1.6631e-01
5.8984e-02
2.5563e-01
1.3878e-05
8.0207e-01
1.8829e-01
1.0208e+00
2.4719e-01
1.5480e-02
2.0177e-01
4.8295e-02
1.0927e+00
1.5800e-01
1.3878e-05
5.7148e-02
1.1304e-01
8.7618e-03
1.7208e-02
8.8958e-02
1.8718e-02
1.5317e+00
1.2934e-02
4.2229e-03
3.7829e-02
3.7771e-02
2.7068e-02
4.2375e-01
1.5694e-01
7.5761e-02
1.6148e-01
5.3944e-03
1.3878e-05
1.5436e-01
1.3878e-05
1.3878e-05
2.6604e-01
1.9665e-02
3.3328e-01
3.8750e-01
1.5778e-02
4.2875e-01
1.6007e-01
2.0595e-01
5.9860e-02
1.2877e-01
2.4163e-02
3.7667e-01
1.0825e-01
9.6861e-02
4.7236e-02
6.9639e-03
1.3878e-05
4.3312e-04
2.4374e-02
5.6582e-01
1.3878e-05
1.3073e-03
2.8823e-01
1.3878e-05
1.3878e-05
5.2121e-04
4.7450e-02
8.0397e-01
2.6468e-01
2.0755e-02
1.3878e-05
4.4789e-02
1.3878e-05
1.3878e-05
5.6890e-02
1.3878e-05
1.6865e-01
2.0487e-02
2.6328e-02
2.7689e-01
9.4853e-02
1.3878e-05
1.4475e-04
3.6575e-01
8.6918e-01
1.3878e-05
1.3878e-05
3.0298e-01
3.6951e-01
8.8482e-01
1.3878e-05
4.9337e-01
1.5450e-02
5.5466e-01
2.8839e-02
1.6981e-02
1.5238e-01
8.4958e-02
2.1035e-02
1.5460e-02
3.7011e-02
9.2278e-03
9.7751e-02
3.3595e-02
2.1416e-01
9.6938e-02
1.4070e-01
3.6108e-01
1.0041e-01
1.3878e-05
1.2173e-01
4.9034e-05
1.0509e-01
2.4767e-04
7.1855e-03
5.6780e-04
2.3651e-01
1.1496e-01
6.7712e-02
8.4066e-02
4.0742e-01
1.8555e-02
1.1115e-01
2.1417e-01
8.4335e-02
1.2481e+00
1.3878e-05
2.5349e-02
2.9728e-01
5.2538e-02
3.6530e-02
3.9995e-02
1.3878e-05
6.0041e-02
1.0678e+00
5.2849e-01
1.3878e-05
1.5101e-04
1.7674e-01
1.9256e-01
1.1323e-01
4.7114e-02
6.3891e-02
2.2475e-04
3.1126e-01
7.1591e-01
8.3556e-03
1.5870e-02
1.1014e-02
1.1039e-02
1.6806e+00
1.3878e-05
1.2139e+00
7.1141e-02
1.2656e-02
2.8573e-01
3.4793e-02
1.3277e-04
4.3535e-02
7.7954e-01
7.3713e-02
2.9344e-01
1.3878e-05
2.3674e-01
3.3452e-01
1.3878e-05
7.5501e-01
1.9631e-01
8.5958e-02
1.3878e-05
5.5188e-01
3.3361e-02
1.9302e-02
1.0788e-01
8.0127e-02
1.3253e-01
1.3878e-05
7.8515e-01
1.3878e-05
1.5416e-02
1.8231e-01
2.4055e-01
3.5807e-01
1.8669e-02
1.3878e-05
7.0399e-04
1.4345e-01
2.0307e-01
1.3036e-01
5.8049e-01
3.5842e-03
8.2070e-02
1.3878e-05
3.7258e-01
1.6896e-03
6.1993e-02
3.5564e-01
1.0551e-02
1.4238e-01
2.3625e-02
4.0076e-02
8.5696e-02
6.3991e-01
4.3848e-01
1.8621e-02
4.0794e-01
1.6095e-01
7.5842e-03
9.1805e-02
1.6759e-01
4.8540e-02
1.5713e-01
6.4848e-02
7.1187e-01
4.5267e-01
2.4675e-01
9.1564e-01
9.9831e-01
3.2404e-02
2.6676e-01
2.5128e-01
5.1085e-02
8.7378e-04
1.8553e-01
3.6979e-02
1.3878e-05
1.9569e-01
2.0506e+00
1.3878e-05
1.1423e-02
7.9745e-05
5.3224e-01
1.3878e-05
1.4952e-01
1.7358e-01
7.4449e-01
7.9882e-02
6.6827e-02
2.6020e+00
4.4918e-01
1.2991e-03
9.5905e-03
3.2447e-01
4.7316e-01
1.6106e-01
2.6280e-01
2.5540e-01
7.2569e-05
2.0600e-03
2.0571e-03
4.7845e-05
2.7943e-02
1.6507e+00
1.5878e-01
1.0521e-04
6.9945e-02
1.0196e-01
1.3878e-05
4.7109e-01
2.7849e-02
2.3722e-01
1.3878e-05
1.3289e+00
3.9982e-05
3.0832e-01
1.3974e-01
6.0625e-01
8.0131e-02
7.0306e-02
2.4966e-02
3.8326e-02
2.9393e-02
8.9113e-02
1.3878e-05
1.2522e-02
2.9557e-01
5.8998e-03
2.4760e-01
1.3878e-05
4.6569e-02
1.2604e-01
1.4646e-02
1.6911e-01
4.8150e-03
9.6458e-03
1.3878e-05
6.4290e-02
2.6803e-02
6.3169e-01
1.3878e-05
6.9744e-01
2.4601e-03
8.6930e-02
1.8879e-02
2.7825e-01
2.0222e-02
3.2248e-01
1.0065e-03
7.0443e-02
4.9569e-01
6.6996e-02
1.3878e-05
2.3808e-04
2.5026e-01
5.3033e-03
5.6562e-02
1.3878e-05
3.7039e-02
2.8235e-02
6.4747e-02
4.8812e-04
2.9399e-01
1.4697e-01
4.7496e-01
4.0069e-03
1.7024e-01
1.3878e-05
1.1626e-02
1.4828e-01
1.3878e-05
1.4200e-01
1.3878e-05
2.3861e-03
2.1764e-02
4.9913e-03
1.5196e-01
4.3649e-01
3.6861e-03
1.5907e-01
8.2907e-02
1.3878e-05
1.3878e-05
1.0033e-01
4.7399e-01
2.5899e-01
1.0106e-01
1.3878e-05
1.2259e-04
6.1850e-03
1.3878e-05
1.6741e-01
1.3066e-01
2.3394e-02
1.2649e-01
3.9366e-02
1.3878e-05
1.3878e-05
1.7421e-01
3.0463e-03
1.3200e-01
1.1926e+00
1.8053e-04
8.8908e-02
9.2691e-02
1.3878e-05
1.6474e-01
2.4875e-03
6.6903e-02
5.3242e-03
3.9279e-02
1.6316e-01
1.4723e-01
3.6789e-05
3.5313e-01
1.0348e-01
2.4499e-03
2.2713e-01
4.7704e-01
1.3878e-05
6.6760e-02
1.6071e-01
1.8015e-02
1.3878e-05
4.5816e-02
8.5263e-02
3.0259e-02
1.0889e-02
8.5022e-02
1.6678e-02
1.7385e-01
3.5903e-01
3.8746e-02
1.3878e-05
7.7633e-02
1.3878e-05
2.8397e-02
1.6253e-02
1.3878e-05
2.9333e-02
6.0170e-01
6.6581e-02
1.4545e-04
1.3003e-01
3.4432e-01
2.6864e-01
3.1324e-01
5.8815e-02
5.9355e-02
4.6566e-01
1.0511e-02
7.3608e-02
4.3640e-02
1.3878e-05
1.3878e-05
3.6099e-03
2.7628e-02
1.3878e-05
8.6979e-05
1.1321e-02
2.2511e-01
6.3217e-02
2.5976e-01
2.7142e-01
1.3878e-05
1.3878e-05
1.3607e-02
1.3878e-05
2.9673e-01
2.6068e-01
4.6200e-02
2.5940e-01
1.2767e-01
1.3878e-05
1.0111e-01
1.7535e-01
2.9837e-02
2.0945e-01
2.6236e-02
1.3878e-05
1.3878e-05
2.0830e-01
1.9495e-02
2.7512e-02
2.4286e-01
1.3796e-01
2.0307e-01
1.5210e-01
1.3878e-05
1.5196e-02
1.3878e-05
5.9174e-02
2.8656e-01
1.3878e-05
2.4058e-02
3.6739e-02
1.3878e-05
2.3762e-01
1.3878e-05
1.1475e-02
6.8510e-02
1.4325e-01
2.4368e-03
5.7722e-02
3.5541e-01
5.6907e-04
1.9441e-01
1.7124e-01
3.4744e-01
4.4596e-01
9.3006e-02
2.2517e-03
2.9575e-01
6.4305e-02
4.0092e-03
1.2361e-02
5.9575e-01
1.3878e-05
5.5008e-01
1.3502e-01
1.4797e-01
4.9610e-01
2.8182e-03
5.5632e-01
6.5110e-02
1.3878e-05
5.3529e-02
8.0317e-03
4.9155e-01
2.1381e-01
3.7489e-01
1.3878e-05
6.0344e-02
2.3498e-01
2.8852e-01
1.3878e-05
4.9893e-02
3.3823e-02
5.2956e-01
2.0329e-01
8.4615e-02
5.1657e-01
6.7244e-01
1.6686e-02
4.4124e-02
1.5939e-01
1.3878e-05
9.6609e-02
6.7053e-03
9.4448e-02
6.3770e-02
2.5627e-01
9.7897e-02
1.4262e-01
1.3878e-05
3.5817e-01
1.3878e-05
1.3878e-05
1.5898e-01
4.7127e-01
2.3554e-02
1.3878e-05
1.3878e-05
7.9562e-02
3.5987e-03
4.5172e-03
8.6047e-02
2.9787e-03
1.4992e-01
4.3872e-01
6.7196e-01
1.3878e-05
1.3878e-05
2.5829e-01
1.5325e-02
5.5714e-04
1.9335e-01
1.3878e-05
1.3878e-05
2.1436e-01
1.2247e-01
1.3878e-05
3.2118e-02
6.6166e-02
1.9089e-04
4.0619e-01
2.5988e-01
6.0653e-04
1.3168e-03
7.7267e-02
2.4401e-01
4.1470e-04
2.4140e-01
1.4233e-01
2.7548e-02
3.6392e-02
8.2998e-05
1.3878e-05
3.2362e-03
1.3878e-05
2.4696e-01
1.9727e-01
3.2833e-03
1.3878e-05
3.1042e-01
1.3049e-01
1.3878e-05
1.5003e-01
6.9019e-02
4.9406e-02
3.4754e-05
4.9934e-04
6.8993e-01
1.6210e-01
7.5974e-02
1.6330e-01
1.1227e-01
2.4178e-01
1.8824e-03
1.4203e-01
8.7855e-02
1.0887e-01
5.2690e-02
1.3878e-05
5.1165e-03
1.3878e-05
1.3878e-05
5.2412e-02
5.0469e-01
1.7844e-01
2.4598e-04
4.0117e-02
1.5623e-01
2.1549e-01
6.5452e-01
1.3878e-05
4.7358e-01
2.3392e-02
1.9673e-03
1.3568e-01
3.7048e-02
1.5771e-01
6.3224e-02
4.0698e-01
1.3878e-05
1.3878e-05
3.3336e-01
2.1662e-02
1.1847e-01
8.0344e-02
1.3878e-05
1.3878e-05
2.7816e-01
1.9719e-01
1.7341e-02
1.3878e-05
4.8322e-04
1.9811e-01
1.1730e-01
1.3878e-05
1.3878e-05
1.8838e-01
9.9686e-02
4.9218e-01
4.4975e-02
2.7401e-01
6.6580e-03
6.4740e-01
2.5831e-01
8.4029e-03
3.1397e-01
2.8943e-01
1.3332e+00
7.7589e-02
2.4724e-02
1.1830e-03
5.6886e-02
2.4796e-01
3.6138e-01
1.0687e-01
1.5741e-01
1.3878e-05
8.8122e-04
1.3878e-05
6.9494e-01
1.3878e-05
1.3878e-05
4.7850e-03
2.6276e-02
1.8345e-01
3.3315e-01
6.5797e-02
1.3878e-05
7.2669e-04
7.6937e-03
1.3878e-05
1.3878e-05
1.3878e-05
3.2264e-03
3.7595e-05
1.3878e-05
4.4254e-02
1.0851e-02
1.4109e-02
2.6612e-03
2.3102e-02
5.9467e-04
1.3878e-05
8.6192e-02
1.3137e-01
5.1089e-02
1.8781e-03
1.5396e-01
2.1073e-02
1.1899e-02
1.3878e-05
1.3878e-05
5.9547e-05
1.2437e-02
2.2131e-01
4.4722e-02
3.5023e-01
1.3878e-05
1.3878e-05
3.0392e-02
1.3878e-05
2.1775e-02
6.5760e-02
1.3878e-05
4.3444e-02
6.4440e-02
1.1883e-01
1.3878e-05
2.3490e-01
3.7076e-02
4.5093e-01
2.1142e-01
8.6622e-02
9.2311e-05
1.2768e-01
4.1634e-03
1.3878e-05
3.1929e-01
6.8535e-02
3.1397e-02
2.0634e-02
3.9530e-01
1.3878e-05
6.9777e-01
6.5455e-02
1.5786e-02
1.8833e-01
4.9884e-04
1.4603e-01
1.9476e-01
1.3878e-05
2.8631e-01
3.1113e-01
3.2086e-01
2.4989e-01
7.7769e-02
6.0689e-01
2.2034e-01
2.9220e-02
6.2566e-01
1.3274e-01
4.6319e-02
1.3547e-02
7.5059e-02
5.5331e-05
1.8668e-02
3.1908e-04
2.8407e-01
2.1642e-03
9.3172e-02
1.8503e-02
1.8049e-01
1.0539e-01
3.1730e-02
2.5324e-02
5.6876e-02
1.3878e-05
8.2354e-02
3.1319e-03
1.3878e-05
1.9823e-02
5.1632e-05
1.2738e+00
1.6284e-01
5.5285e-03
2.4530e-01
3.1826e-01
1.9955e-02
4.6427e-04
3.8196e-05
5.0790e-01
1.4567e-01
2.2391e-01
1.3878e-05
4.3777e-01
1.4295e-01
4.0180e-01
1.7252e-03
5.5667e-02
1.5859e-02
4.7021e-01
4.8725e-01
1.3878e-05
3.6280e-02
5.3068e-03
1.0258e-03
1.5376e-01
2.0191e-04
2.2148e+00
8.1409e-02
1.8146e-02
4.9380e-05
2.5270e-04
1.1530e-01
4.1046e-02
3.3636e-01
3.1679e-02
2.6633e-03
4.1035e-02
8.5156e-03
1.6261e-01
1.0153e-01
3.0727e-04
1.3878e-05
1.1438e-01
1.3878e-05
1.3878e-05
1.8612e-01
2.2665e-01
1.4594e-01
2.2369e-02
2.7122e-01
1.3878e-05
3.8553e-02
1.7156e-01
2.8419e-01
2.9000e-01
8.7803e-01
5.0475e-01
2.4366e-01
2.1519e-01
1.3878e-05
1.3878e-05
1.3878e-05
3.3502e-02
1.3878e-05
4.9672e-03
1.3530e-02
1.5314e-01
3.0446e-02
5.1454e-02
1.8806e-01
1.3878e-05
5.3685e-02
8.0819e-04
7.4895e-02
1.3878e-05
5.0965e-04
6.7873e-01
1.4958e-01
1.8406e-01
1.2381e-01
1.3878e-05
2.4731e-01
1.0125e-01
2.9710e-01
7.4601e-02
2.5304e-03
2.8604e-01
1.3878e-05
3.9182e-01
1.3878e-05
2.5432e-01
1.1864e-01
2.3955e-03
1.3878e-05
8.9564e-02
2.2237e-02
1.1692e-03
3.2310e-03
1.0632e-01
2.7354e-02
2.1208e-04
6.2453e-02
1.3878e-05
5.2162e-01
1.2059e-01
2.2864e-03
1.3599e-01
1.3878e-05
2.5410e-01
8.9393e-03
2.7567e-01
2.8752e-02
1.4317e-01
1.3878e-05
5.7141e-02
5.1714e-01
1.3878e-05
1.3878e-05
3.7470e-02
3.0234e-01
1.3878e-05
7.7435e-04
1.6268e-02
4.3842e-01
5.0555e-04
3.0436e-02
1.8025e-01
4.6821e-02
3.2127e-01
1.7282e-02
1.3878e-05
1.3878e-05
1.8736e-01
2.5204e-01
1.5878e-01
1.3878e-05
8.2368e-03
1.5150e-01
2.3094e-01
6.2808e-02
2.8873e-01
6.1498e-01
9.7640e-03
2.3801e-03
1.3742e-02
3.2899e-02
1.0712e-01
3.2630e-01
3.7813e-05
5.9073e-02
1.3878e-05
6.4277e-04
2.8263e-02
1.4283e-01
1.6355e-01
2.0513e-01
2.6737e-01
5.0004e-01
1.3878e-05
3.8475e-05
3.0865e-01
3.4746e-01
8.6284e-02
1.3878e-05
1.3878e-05
1.3878e-05
1.8323e-03
3.1206e-01
7.8506e-01
3.4673e-01
7.8981e-04
8.1502e-03
1.7907e-01
1.5760e-01
1.3878e-05
4.1000e-02
1.3878e-05
1.6164e+00
1.3878e-05
9.7053e-03
4.6901e-02
2.1749e-03
1.1130e-01
1.6852e-01
1.3885e-01
1.3878e-05
1.3878e-05
1.8840e-02
3.9110e-02
1.3878e-05
2.8135e-01
8.5762e-02
1.6639e-01
7.6846e-04
1.8292e-01
2.6716e-01
1.3878e-05
4.0056e-05
1.4273e+00
2.2969e-02
1.1869e-02
1.3878e-05
1.5360e-01
1.5142e-01
2.5697e-02
1.3878e-05
5.2384e-03
1.7531e-04
1.3878e-05
2.2015e-04
1.0363e-01
4.9811e-01
7.1763e-03
6.8990e-02
1.3878e-05
1.3878e-05
1.3878e-05
1.3878e-05
2.6341e-01
1.9656e-03
1.3878e-05
4.5117e-01
1.3878e-05
2.2178e-01
4.4280e-02
6.3179e-03
6.7611e-04
1.0457e-03
6.1601e-03
1.3878e-05
8.9540e-02
2.3775e-03
1.2730e-01
1.3878e-05
1.3878e-05
7.9849e-05
1.3878e-05
1.0470e-01
1.6515e-01
1.3969e-03
2.1211e-03
5.4141e-02
6.3028e-02
6.3263e-01
9.9705e-02
1.7120e-03
1.3878e-05
6.4578e-01
9.6368e-02
3.0200e-01
1.0115e-01
5.9434e-03
1.3878e-05
1.3878e-05
4.0747e-02
1.3878e-05
1.3878e-05
3.7528e-02
4.2321e-03
6.6067e-03
1.3878e-05
4.3218e-02
3.6524e-01
5.1279e-02
1.4300e-01
1.3878e-05
1.3878e-05
3.1310e-01
1.4789e+00
7.3026e-05
1.3878e-05
3.2275e-01
1.3878e-05
2.7356e-02
1.6633e-02
1.3878e-05
6.6135e-01
1.0416e-01
4.9746e-01
3.0395e-01
4.2126e-01
3.2685e-05
2.3832e-03
1.7246e-01
1.3878e-05
4.2295e-01
3.5802e-02
8.0653e-01
8.2381e-01
5.2690e-02
1.3878e-05
1.0072e-01
8.8259e-02
6.1661e-02
2.0955e-01
4.2825e-02
1.0393e-02
7.7166e-04
3.0786e-01
1.1691e-01
3.5327e-05
1.2737e-03
1.6020e-02
8.9326e-02
8.7300e-02
2.7081e-02
2.5176e-02
4.5093e-01
1.2207e-01
4.7145e-01
8.5518e-02
1.7716e-01
9.3529e-02
1.5457e-02
6.2314e-02
1.3878e-05
7.0341e-01
2.0888e-04
8.6011e-02
1.3422e-01
2.5570e-03
1.1312e-01
1.1246e-01
1.3878e-05
7.8453e-02
3.0319e-01
4.3583e-01
1.9045e-01
5.0155e-01
1.3878e-05
2.9148e-02
1.3878e-05
8.3911e-01
3.6584e-01
4.6004e-02
2.2799e-02
3.1004e-03
7.5025e-04
3.1961e-01
9.7959e-01
4.6431e-01
7.2040e-02
3.4224e-01
1.0692e-01
3.3089e-01
4.0582e-01
3.4018e-01
2.6473e-01
5.7898e-02
6.1078e-01
9.0628e-02
4.6915e-01
7.6301e-02
1.7767e-01
3.7037e-01
1.1417e-01
9.1304e-03
2.8924e-01
5.3234e-01
3.6869e-01
3.0880e-01
2.1427e-01
1.3878e-05
6.7921e-02
6.2628e-02
1.9555e-04
1.3878e-05
4.1774e-02
1.0719e-04
2.7415e-04
6.5624e-04
1.7277e-03
4.4686e-02
5.7730e-02
7.2382e-02
1.9045e-01
2.5711e-01
6.9142e-01
5.6299e-03
1.4265e-01
2.1559e-01
3.4728e-01
1.4968e-01
1.3878e-05
3.3100e-02
2.4948e-01
6.9622e-01
9.3560e-01
8.6750e-02
1.3878e-05
1.7396e-04
2.3515e-03
2.4179e-01
3.8795e-02
1.3878e-05
1.4087e-01
5.0651e-02
1.9401e-01
4.9756e-01
7.3493e-03
2.1196e-01
8.2795e-05
1.0746e+00
4.7773e-02
3.2360e-01
3.6851e-01
1.3878e-05
1.3878e-05
4.4730e-01
1.0009e-02
9.4381e-01
2.2732e-01
1.3878e-05
1.9524e-01
1.3878e-05
1.3878e-05
1.3689e-01
5.4260e-02
5.4538e-02
6.6224e-01
7.0789e-03
4.7396e-01
1.7351e-01
5.8370e-01
7.9353e-01
2.1785e-01
1.3878e-05
1.3878e-05
2.7403e-01
3.6677e-02
2.5521e-03
2.4783e-01
1.4654e-01
2.3953e-01
1.0401e+00
4.2624e-05
2.0489e-01
1.9837e-01
1.5269e-02
1.2002e-02
1.3878e-05
2.6393e-01
2.2362e-02
9.2917e-02
7.2737e-01
7.0857e-05
1.3878e-05
6.5454e-02
1.9755e-02
7.1821e-02
5.0039e-02
1.3855e-02
1.3878e-05
8.2887e-02
3.1106e-01
1.8188e-01
3.4839e-02
2.2012e-01
3.1044e-03
1.3878e-05
1.3878e-05
4.7160e-02
3.2284e-02
7.0580e-02
2.0026e-01
7.8111e-02
5.1787e-01
1.0347e-02
1.4048e-02
3.0853e-01
1.6725e-02
1.4048e-01
4.2250e-02
4.6824e-01
1.2071e-01
1.3878e-05
7.7849e-02
3.3727e-02
1.3878e-05
6.1078e-03
2.3032e-03
1.4775e-01
5.9372e-04
2.0454e-02
6.3518e-01
2.8940e-01
1.3878e-05
1.6417e-01
1.5688e-01
1.4417e-01
6.8237e-01
2.0003e-01
7.1691e-02
4.8098e-03
6.4225e-03
1.3878e-05
3.2314e-01
5.1932e-01
3.0682e-01
8.9292e-02
1.3878e-05
2.7799e-02
1.2537e-01
1.2305e-01
4.2896e-02
1.3693e-01
5.9070e-02
3.4740e-01
2.3754e-01
3.1867e-01
1.3878e-05
3.8589e-02
3.4400e-01
3.8326e-01
1.1155e+00
3.0112e-02
2.8259e-02
1.4646e-03
2.1581e-03
1.6733e-01
1.3939e-01
4.6979e-03
1.5658e-01
2.1939e-01
3.3449e-01
1.3878e-05
1.3598e-01
2.8968e-01
5.3141e-01
1.2328e-01
2.3288e-01
1.6066e-01
1.1873e-01
2.6709e-01
1.3878e-05
4.6979e-02
1.3272e-01
9.4175e-02
1.6379e-01
4.1357e-01
6.6203e-03
9.0216e-04
3.4542e-01
1.8065e-01
1.3878e-05
2.0857e-01
3.5779e-01
3.2623e-01
1.5031e+00
1.3878e-05
4.2351e-01
1.4252e-02
4.0918e-03
2.0039e-01
9.3856e-02
1.3469e-01
3.8809e-04
1.6474e-02
5.9417e-03
6.4141e-02
1.7407e+00
2.7913e-02
7.2865e-01
1.9138e-01
3.9995e-01
1.3878e-05
1.1381e-01
8.8841e-01
5.0732e-01
1.5734e-01
1.3878e-05
3.5822e-01
3.3985e-01
1.1651e-01
1.5457e-01
9.6593e-02
1.1786e-01
4.5099e-01
7.2017e-01
4.0443e-01
3.0556e-03
1.5582e-01
6.7754e-01
1.6202e-02
1.3878e-05
3.2739e-05
8.7699e-02
1.3878e-05
3.6874e-01
9.5704e-02
1.6845e-01
4.8767e-01
1.0643e-01
1.5440e-01
2.4592e-01
6.9730e-02
8.4083e-01
1.3878e-05
9.9780e-02
4.2047e-01
1.3878e-05
1.4882e+00
5.7839e-01
2.7721e-02
8.3621e-04
1.3941e-01
4.3627e-01
1.2631e-03
9.3854e-02
1.7168e-01
1.3145e-01
3.4566e-02
2.6651e-02
2.8796e-03
1.3878e-05
2.9118e-01
2.1722e-01
5.2279e-02
1.3878e-05
8.3040e-03
1.3878e-05
1.1725e-01
2.4886e-01
9.9612e-02
1.9939e-01
9.1838e-03
4.4394e-04
1.6865e-01
3.2639e-03
1.9052e-01
8.6278e-01
6.3147e-01
1.0521e-02
1.6836e-01
8.5815e-02
1.9921e-01
4.5551e-01
1.3547e+00
4.1661e-01
4.9051e-02
5.0055e-01
4.8097e-02
3.9609e-01
1.2777e-01
5.9099e-01
2.2042e-01
8.9676e-02
1.3878e-05
1.6992e-01
2.6956e-01
1.0110e-01
2.8850e+00
3.4613e-02
1.7867e-01
1.3878e-05
1.7731e-02
1.5429e-01
3.5678e-02
2.5890e-04
3.7979e-02
2.2193e-02
4.3047e-01
3.3092e-01
1.3878e-05
1.0730e-02
3.4596e-02
3.0709e-02
1.9648e-01
5.9207e-01
8.5580e-02
4.8843e-03
5.0929e-01
3.2202e-03
1.6500e-01
3.1122e-02
9.0366e-02
3.6934e-03
2.0926e-02
2.7474e-01
2.3002e-02
1.3878e-05
3.2511e-02
2.1232e-03
4.2095e-01
3.3708e-01
3.1713e-04
1.7632e-02
1.7060e-01
2.4956e-01
3.5546e-01
5.8777e-03
2.1079e-01
1.3878e-05
1.4461e-01
9.9729e-02
1.3878e-05
3.0777e-02
6.8184e-01
1.0104e-01
1.5708e-01
1.0314e-03
3.0915e-01
1.7345e-01
1.5016e-01
1.9378e-03
9.3327e-05
1.3878e-05
3.6168e-01
3.1853e-03
1.3878e-05
5.0325e-01
1.3878e-05
4.2345e-01
2.6853e-01
1.5865e-01
5.2462e-01
2.3837e-01
7.3037e-02
6.9914e-03
2.2657e-01
2.8508e-02
2.2090e-03
8.5656e-02
4.1057e-01
4.6440e-01
2.3782e-02
1.3878e-05
3.1193e-01
1.7053e-01
3.4156e-02
1.3878e-05
8.5660e-02
1.0247e+00
1.8502e-01
3.0105e-02
1.2689e-01
1.2174e-01
5.7457e-01
2.5130e-01
1.6085e-01
1.9933e-01
2.5352e-02
3.4159e+00
2.1116e-01
2.2845e-01
2.9976e-01
1.4922e-01
1.3878e-05
3.7316e-01
1.6084e-01
1.5544e-01
2.4149e-01
1.8295e-01
3.3173e-02
2.5282e-01
1.5167e-01
2.2242e-01
8.4542e-04
3.0331e-01
4.8596e-02
7.0842e-02
5.3395e-02
1.2451e-01
1.5921e-01
1.3878e-05
1.5741e-01
1.4795e-01
1.3878e-05
2.1590e-01
1.3878e-05
9.9093e-02
1.3878e-05
7.9605e-01
2.5965e-01
7.4307e-01
1.3878e-05
5.3640e-02
4.2489e-02
3.6651e-01
3.0440e-01
1.2833e-01
5.5236e-01
3.1528e-02
4.4476e-01
1.3878e-05
3.8908e-01
2.1268e-01
2.0147e-01
2.0294e-02
3.0606e-01
1.3878e-05
4.0989e-01
2.5005e-01
1.1481e-01
7.9409e-02
2.2181e-02
4.3582e-01
4.1411e-01
2.7907e-02
8.7420e-01
5.5418e-01
2.7390e-01
1.6235e-01
1.2983e-02
4.2873e-01
1.3878e-05
5.2649e-01
4.5730e-01
1.3878e-05
4.8667e-02
2.7616e-01
5.4273e-01
1.4849e-01
6.4615e-01
5.6650e-03
3.4426e-01
4.4654e-01
1.2368e-01
2.4656e-01
1.0670e-02
4.2760e-02
3.6046e-03
1.3878e-05
7.3255e-02
2.6268e-02
2.0182e-01
3.9793e-01
6.1297e-01
9.0975e-02
1.3878e-05
1.4218e+00
1.5822e-01
5.8045e-05
4.3499e-02
3.0981e-01
3.3093e-01
1.3878e-05
1.2551e-01
1.3878e-05
1.0278e+00
9.1099e-02
4.6974e-02
1.2562e+00
4.8811e-01
7.5608e-02
5.8301e-01
7.5555e-01
4.9453e-01
2.5443e-01
4.8678e-01
1.3878e-05
3.0554e-01
3.0584e-01
8.8492e-02
6.3946e-01
2.6562e-01
4.7285e-01
2.8191e-01
7.3550e-02
1.8579e-01
1.4314e-04
7.7889e-04
1.6235e-01
5.8691e-02
3.5675e-01
8.6227e-03
1.1376e+00
3.8949e-04
3.7180e-01
2.2238e-01
6.9590e-02
5.1834e-01
5.6906e-01
1.0429e-01
4.4817e-01
4.3294e-01
3.3750e-02
1.6150e-01
7.6712e-02
2.0851e-01
2.0092e-01
8.2167e-02
