0.000000e+00	0.000000e+00	0.000000e+00	0.000000e+00	0.000000e+00	1.000000e+00
1.428571e-03	1.428571e-03	1.428571e-03	1.428571e-03	1.428571e-03	9.914286e-01
2.857143e-03	2.857143e-03	2.857143e-03	2.857143e-03	2.857143e-03	9.828571e-01
4.285714e-03	4.285714e-03	4.285714e-03	4.285714e-03	4.285714e-03	9.742857e-01
5.714286e-03	5.714286e-03	5.714286e-03	5.714286e-03	5.714286e-03	9.657143e-01
7.142857e-03	7.142857e-03	7.142857e-03	7.142857e-03	7.142857e-03	9.571429e-01
8.571429e-03	8.571429e-03	8.571429e-03	8.571429e-03	8.571429e-03	9.485714e-01
1.000000e-02	1.000000e-02	1.000000e-02	1.000000e-02	1.000000e-02	9.400000e-01
1.142857e-02	1.142857e-02	1.142857e-02	1.142857e-02	1.142857e-02	9.314286e-01
1.285714e-02	1.285714e-02	1.285714e-02	1.285714e-02	1.285714e-02	9.228571e-01
1.428571e-02	1.428571e-02	1.428571e-02	1.428571e-02	1.428571e-02	9.142857e-01
1.571429e-02	1.571429e-02	1.571429e-02	1.571429e-02	1.571429e-02	9.057143e-01
1.714286e-02	1.714286e-02	1.714286e-02	1.714286e-02	1.714286e-02	8.971429e-01
1.857143e-02	1.857143e-02	1.857143e-02	1.857143e-02	1.857143e-02	8.885714e-01
2.000000e-02	2.000000e-02	2.000000e-02	2.000000e-02	2.000000e-02	8.800000e-01
2.142857e-02	2.142857e-02	2.142857e-02	2.142857e-02	2.142857e-02	8.714286e-01
2.285714e-02	2.285714e-02	2.285714e-02	2.285714e-02	2.285714e-02	8.628571e-01
2.428571e-02	2.428571e-02	2.428571e-02	2.428571e-02	2.428571e-02	8.542857e-01
2.571429e-02	2.571429e-02	2.571429e-02	2.571429e-02	2.571429e-02	8.457143e-01
2.714286e-02	2.714286e-02	2.714286e-02	2.714286e-02	2.714286e-02	8.371429e-01
2.857143e-02	2.857143e-02	2.857143e-02	2.857143e-02	2.857143e-02	8.285714e-01
3.000000e-02	3.000000e-02	3.000000e-02	3.000000e-02	3.000000e-02	8.200000e-01
3.142857e-02	3.142857e-02	3.142857e-02	3.142857e-02	3.142857e-02	8.114286e-01
3.285714e-02	3.285714e-02	3.285714e-02	3.285714e-02	3.285714e-02	8.028571e-01
3.428571e-02	3.428571e-02	3.428571e-02	3.428571e-02	3.428571e-02	7.942857e-01
3.571429e-02	3.571429e-02	3.571429e-02	3.571429e-02	3.571429e-02	7.857143e-01
3.714286e-02	3.714286e-02	3.714286e-02	3.714286e-02	3.714286e-02	7.771429e-01
3.857143e-02	3.857143e-02	3.857143e-02	3.857143e-02	3.857143e-02	7.685714e-01
4.000000e-02	4.000000e-02	4.000000e-02	4.000000e-02	4.000000e-02	7.600000e-01
4.142857e-02	4.142857e-02	4.142857e-02	4.142857e-02	4.142857e-02	7.514286e-01
4.285714e-02	4.285714e-02	4.285714e-02	4.285714e-02	4.285714e-02	7.428571e-01
4.428571e-02	4.428571e-02	4.428571e-02	4.428571e-02	4.428571e-02	7.342857e-01
4.571429e-02	4.571429e-02	4.571429e-02	4.571429e-02	4.571429e-02	7.257143e-01
4.714286e-02	4.714286e-02	4.714286e-02	4.714286e-02	4.714286e-02	7.171429e-01
4.857143e-02	4.857143e-02	4.857143e-02	4.857143e-02	4.857143e-02	7.085714e-01
5.000000e-02	5.000000e-02	5.000000e-02	5.000000e-02	5.000000e-02	7.000000e-01
5.142857e-02	5.142857e-02	5.142857e-02	5.142857e-02	5.142857e-02	6.914286e-01
5.285714e-02	5.285714e-02	5.285714e-02	5.285714e-02	5.285714e-02	6.828571e-01
5.428571e-02	5.428571e-02	5.428571e-02	5.428571e-02	5.428571e-02	6.742857e-01
5.571429e-02	5.571429e-02	5.571429e-02	5.571429e-02	5.571429e-02	6.657143e-01
5.714286e-02	5.714286e-02	5.714286e-02	5.714286e-02	5.714286e-02	6.571429e-01
5.857143e-02	5.857143e-02	5.857143e-02	5.857143e-02	5.857143e-02	6.485714e-01
6.000000e-02	6.000000e-02	6.000000e-02	6.000000e-02	6.000000e-02	6.400000e-01
6.142857e-02	6.142857e-02	6.142857e-02	6.142857e-02	6.142857e-02	6.314286e-01
6.285714e-02	6.285714e-02	6.285714e-02	6.285714e-02	6.285714e-02	6.228571e-01
6.428571e-02	6.428571e-02	6.428571e-02	6.428571e-02	6.428571e-02	6.142857e-01
6.571429e-02	6.571429e-02	6.571429e-02	6.571429e-02	6.571429e-02	6.057143e-01
6.714286e-02	6.714286e-02	6.714286e-02	6.714286e-02	6.714286e-02	5.971429e-01
6.857143e-02	6.857143e-02	6.857143e-02	6.857143e-02	6.857143e-02	5.885714e-01
7.000000e-02	7.000000e-02	7.000000e-02	7.000000e-02	7.000000e-02	5.800000e-01
7.142857e-02	7.142857e-02	7.142857e-02	7.142857e-02	7.142857e-02	5.714286e-01
7.285714e-02	7.285714e-02	7.285714e-02	7.285714e-02	7.285714e-02	5.628571e-01
7.428571e-02	7.428571e-02	7.428571e-02	7.428571e-02	7.428571e-02	5.542857e-01
7.571429e-02	7.571429e-02	7.571429e-02	7.571429e-02	7.571429e-02	5.457143e-01
7.714286e-02	7.714286e-02	7.714286e-02	7.714286e-02	7.714286e-02	5.371429e-01
7.857143e-02	7.857143e-02	7.857143e-02	7.857143e-02	7.857143e-02	5.285714e-01
8.000000e-02	8.000000e-02	8.000000e-02	8.000000e-02	8.000000e-02	5.200000e-01
8.142857e-02	8.142857e-02	8.142857e-02	8.142857e-02	8.142857e-02	5.114286e-01
8.285714e-02	8.285714e-02	8.285714e-02	8.285714e-02	8.285714e-02	5.028571e-01
8.428571e-02	8.428571e-02	8.428571e-02	8.428571e-02	8.428571e-02	4.942857e-01
8.571429e-02	8.571429e-02	8.571429e-02	8.571429e-02	8.571429e-02	4.857143e-01
8.714286e-02	8.714286e-02	8.714286e-02	8.714286e-02	8.714286e-02	4.771429e-01
8.857143e-02	8.857143e-02	8.857143e-02	8.857143e-02	8.857143e-02	4.685714e-01
9.000000e-02	9.000000e-02	9.000000e-02	9.000000e-02	9.000000e-02	4.600000e-01
9.142857e-02	9.142857e-02	9.142857e-02	9.142857e-02	9.142857e-02	4.514286e-01
9.285714e-02	9.285714e-02	9.285714e-02	9.285714e-02	9.285714e-02	4.428571e-01
9.428571e-02	9.428571e-02	9.428571e-02	9.428571e-02	9.428571e-02	4.342857e-01
9.571429e-02	9.571429e-02	9.571429e-02	9.571429e-02	9.571429e-02	4.257143e-01
9.714286e-02	9.714286e-02	9.714286e-02	9.714286e-02	9.714286e-02	4.171429e-01
9.857143e-02	9.857143e-02	9.857143e-02	9.857143e-02	9.857143e-02	4.085714e-01
1.000000e-01	1.000000e-01	1.000000e-01	1.000000e-01	1.000000e-01	4.000000e-01
1.014286e-01	1.014286e-01	1.014286e-01	1.014286e-01	1.014286e-01	3.914286e-01
1.028571e-01	1.028571e-01	1.028571e-01	1.028571e-01	1.028571e-01	3.828571e-01
1.042857e-01	1.042857e-01	1.042857e-01	1.042857e-01	1.042857e-01	3.742857e-01
1.057143e-01	1.057143e-01	1.057143e-01	1.057143e-01	1.057143e-01	3.657143e-01
1.071429e-01	1.071429e-01	1.071429e-01	1.071429e-01	1.071429e-01	3.571429e-01
1.085714e-01	1.085714e-01	1.085714e-01	1.085714e-01	1.085714e-01	3.485714e-01
1.100000e-01	1.100000e-01	1.100000e-01	1.100000e-01	1.100000e-01	3.400000e-01
1.114286e-01	1.114286e-01	1.114286e-01	1.114286e-01	1.114286e-01	3.314286e-01
1.128571e-01	1.128571e-01	1.128571e-01	1.128571e-01	1.128571e-01	3.228571e-01
1.142857e-01	1.142857e-01	1.142857e-01	1.142857e-01	1.142857e-01	3.142857e-01
1.157143e-01	1.157143e-01	1.157143e-01	1.157143e-01	1.157143e-01	3.057143e-01
1.171429e-01	1.171429e-01	1.171429e-01	1.171429e-01	1.171429e-01	2.971429e-01
1.185714e-01	1.185714e-01	1.185714e-01	1.185714e-01	1.185714e-01	2.885714e-01
1.200000e-01	1.200000e-01	1.200000e-01	1.200000e-01	1.200000e-01	2.800000e-01
1.214286e-01	1.214286e-01	1.214286e-01	1.214286e-01	1.214286e-01	2.714286e-01
1.228571e-01	1.228571e-01	1.228571e-01	1.228571e-01	1.228571e-01	2.628571e-01
1.242857e-01	1.242857e-01	1.242857e-01	1.242857e-01	1.242857e-01	2.542857e-01
1.257143e-01	1.257143e-01	1.257143e-01	1.257143e-01	1.257143e-01	2.457143e-01
1.271429e-01	1.271429e-01	1.271429e-01	1.271429e-01	1.271429e-01	2.371429e-01
1.285714e-01	1.285714e-01	1.285714e-01	1.285714e-01	1.285714e-01	2.285714e-01
1.300000e-01	1.300000e-01	1.300000e-01	1.300000e-01	1.300000e-01	2.200000e-01
1.314286e-01	1.314286e-01	1.314286e-01	1.314286e-01	1.314286e-01	2.114286e-01
1.328571e-01	1.328571e-01	1.328571e-01	1.328571e-01	1.328571e-01	2.028571e-01
1.342857e-01	1.342857e-01	1.342857e-01	1.342857e-01	1.342857e-01	1.942857e-01
1.357143e-01	1.357143e-01	1.357143e-01	1.357143e-01	1.357143e-01	1.857143e-01
1.371429e-01	1.371429e-01	1.371429e-01	1.371429e-01	1.371429e-01	1.771429e-01
1.385714e-01	1.385714e-01	1.385714e-01	1.385714e-01	1.385714e-01	1.685714e-01
1.400000e-01	1.400000e-01	1.400000e-01	1.400000e-01	1.400000e-01	1.600000e-01
1.414286e-01	1.414286e-01	1.414286e-01	1.414286e-01	1.414286e-01	1.514286e-01
1.428571e-01	1.428571e-01	1.428571e-01	1.428571e-01	1.428571e-01	1.428571e-01
3.991837e-01	4.886159e-01	9.160603e-01	6.625199e-01	3.616014e-01	-9.139906e-01
4.737989e-01	7.409518e-01	7.122493e-01	7.685578e-01	9.566090e-01	-1.326083e+00
9.111220e-01	4.924167e-01	7.619607e-01	7.813712e-01	7.397708e-01	-1.343321e+00
6.126817e-01	8.527518e-01	7.352156e-01	3.906010e-01	7.114560e-01	-1.151353e+00
4.284247e-01	9.608991e-01	5.971280e-01	8.070423e-01	9.203549e-01	-1.356924e+00
3.451476e-01	6.441741e-01	8.298003e-01	3.406667e-01	7.233771e-01	-9.415829e-01
7.034908e-01	3.282036e-01	5.321059e-01	3.290832e-01	6.938725e-01	-7.933780e-01
4.897154e-01	9.989304e-01	7.307860e-01	9.067971e-01	4.635206e-01	-1.294875e+00
4.955875e-01	3.602489e-01	7.726934e-01	9.567015e-01	7.333275e-01	-1.159279e+00
4.930808e-01	5.242535e-01	7.842482e-01	6.641726e-01	4.827746e-01	-9.742649e-01
5.681177e-01	4.992470e-01	8.942092e-01	4.137678e-01	7.171369e-01	-1.046239e+00
7.405831e-01	8.084746e-01	9.237430e-01	7.022025e-01	3.860403e-01	-1.280522e+00
3.832850e-01	3.487759e-01	5.711707e-01	5.581883e-01	3.084079e-01	-5.849139e-01
6.680022e-01	6.951044e-01	4.002081e-01	6.119636e-01	6.425058e-01	-1.008892e+00
7.548170e-01	3.592100e-01	3.760831e-01	6.170242e-01	3.698047e-01	-7.384695e-01
3.179107e-01	7.587608e-01	4.562447e-01	5.655383e-01	5.923704e-01	-8.454124e-01
6.697755e-01	4.768524e-01	5.039337e-01	9.851907e-01	7.710544e-01	-1.203403e+00
7.804731e-01	4.228080e-01	8.950271e-01	6.364420e-01	4.776240e-01	-1.106187e+00
6.481891e-01	6.652001e-01	6.952469e-01	5.846599e-01	8.004490e-01	-1.196873e+00
4.763820e-01	4.004770e-01	4.305728e-01	5.746154e-01	5.951520e-01	-7.385996e-01
3.374373e-01	5.449737e-01	2.816036e-01	2.995632e-01	5.595813e-01	-5.115796e-01
5.590136e-01	3.556785e-01	3.642809e-01	5.049569e-01	4.519611e-01	-6.179455e-01
6.012844e-01	7.363140e-01	7.856536e-01	7.152017e-01	4.525874e-01	-1.145521e+00
3.816813e-01	4.568049e-01	9.438874e-01	6.415322e-01	9.630798e-01	-1.193493e+00
3.312012e-01	6.004350e-01	4.271076e-01	7.810993e-01	8.307734e-01	-9.853082e-01
5.072958e-01	9.823948e-01	8.937574e-01	4.461631e-01	8.883123e-01	-1.358962e+00
3.139963e-01	6.938772e-01	7.286998e-01	3.681822e-01	5.371267e-01	-8.209411e-01
8.180986e-01	5.435336e-01	6.475839e-01	5.060362e-01	9.428586e-01	-1.229055e+00
7.896738e-01	6.289923e-01	9.497018e-01	9.787615e-01	4.113652e-01	-1.379247e+00
4.474852e-01	4.314053e-01	8.573368e-01	3.605070e-01	9.640545e-01	-1.030394e+00
5.657194e-01	4.038673e-01	7.928257e-01	9.033285e-01	5.857835e-01	-1.125762e+00
5.117834e-01	6.849263e-01	3.930120e-01	8.970459e-01	7.656941e-01	-1.126231e+00
9.824781e-01	6.120853e-01	9.488034e-01	7.754157e-01	9.194918e-01	-1.619137e+00
4.382036e-01	5.206050e-01	8.806873e-01	7.121086e-01	6.549164e-01	-1.103260e+00
3.532803e-01	3.313951e-01	5.591693e-01	7.549712e-01	8.205375e-01	-9.096767e-01
4.500373e-01	5.040543e-01	7.675760e-01	6.815491e-01	5.805424e-01	-9.918795e-01
6.091910e-01	9.040693e-01	6.391933e-01	4.014274e-01	7.807982e-01	-1.167340e+00
3.320015e-01	6.331662e-01	7.160797e-01	6.264875e-01	6.072653e-01	-9.575001e-01
9.006803e-01	5.224526e-01	5.655991e-01	3.386910e-01	7.319945e-01	-1.029709e+00
6.917433e-01	4.877947e-01	3.774590e-01	6.079538e-01	8.021517e-01	-9.835513e-01
5.553204e-01	5.636560e-01	9.995152e-01	6.579943e-01	6.951850e-01	-1.235835e+00
6.865142e-01	4.929444e-01	5.627156e-01	9.032220e-01	6.129274e-01	-1.129162e+00
5.984901e-01	7.153298e-01	5.754379e-01	3.413872e-01	6.804205e-01	-9.555328e-01
6.496366e-01	4.193368e-01	6.821200e-01	5.477552e-01	3.408437e-01	-8.198462e-01
3.798944e-01	8.039820e-01	4.219767e-01	9.956376e-01	7.478039e-01	-1.174647e+00
4.223145e-01	4.508957e-01	9.277310e-01	6.859834e-01	9.065608e-01	-1.196743e+00
4.912061e-01	8.912971e-01	7.079000e-01	3.588471e-01	6.785941e-01	-1.063922e+00
3.880508e-01	7.146748e-01	2.688991e-01	3.403220e-01	2.581221e-01	-4.850344e-01
5.471620e-01	7.138841e-01	5.898017e-01	7.721707e-01	8.537280e-01	-1.238373e+00
3.352493e-01	3.569841e-01	8.848784e-01	4.165338e-01	4.654681e-01	-7.295569e-01
4.695795e-01	3.508451e-01	6.688110e-01	5.158252e-01	4.380039e-01	-7.215324e-01
6.911697e-01	4.781539e-01	5.378533e-01	7.092060e-01	4.490953e-01	-9.327391e-01
5.965633e-01	3.985376e-01	3.346034e-01	5.727362e-01	5.802348e-01	-7.413377e-01
8.513987e-01	7.640652e-01	4.658648e-01	8.266919e-01	7.269967e-01	-1.317509e+00
7.893135e-01	5.027651e-01	3.386756e-01	7.702500e-01	4.522024e-01	-9.266033e-01
6.605826e-01	5.113347e-01	4.990446e-01	8.887736e-01	8.654952e-01	-1.212615e+00
6.209766e-01	9.460332e-01	4.440117e-01	3.767351e-01	7.993063e-01	-1.093531e+00
8.494469e-01	7.948447e-01	3.754023e-01	8.370313e-01	6.407080e-01	-1.248717e+00
3.984294e-01	3.869916e-01	5.425271e-01	9.083686e-01	9.124115e-01	-1.074364e+00
3.544215e-01	4.434828e-01	6.465548e-01	4.118334e-01	2.905880e-01	-5.734402e-01
7.809650e-01	4.513773e-01	3.269517e-01	5.138970e-01	6.864113e-01	-8.798012e-01
6.634015e-01	6.642088e-01	4.240056e-01	3.958547e-01	5.718013e-01	-8.596360e-01
6.197273e-01	8.134369e-01	9.777992e-01	4.455430e-01	5.172883e-01	-1.186897e+00
8.275198e-01	5.798028e-01	6.905939e-01	4.600114e-01	9.467907e-01	-1.252359e+00
5.876698e-01	6.045116e-01	9.152472e-01	4.235885e-01	7.421027e-01	-1.136560e+00
2.882953e-01	3.421864e-01	4.323045e-01	9.262094e-01	4.245491e-01	-7.067724e-01
3.405829e-01	6.096836e-01	3.473707e-01	6.013239e-01	9.527427e-01	-9.258519e-01
9.981574e-01	8.500115e-01	4.754758e-01	9.054211e-01	7.148338e-01	-1.471950e+00
6.022239e-01	8.141751e-01	5.673645e-01	4.927187e-01	6.046740e-01	-1.040578e+00
4.320088e-01	7.282947e-01	3.893519e-01	8.516631e-01	5.499282e-01	-9.756233e-01
6.446105e-01	6.550302e-01	6.051246e-01	7.541252e-01	9.142902e-01	-1.286590e+00
4.648788e-01	6.660038e-01	4.340274e-01	4.272046e-01	7.864215e-01	-8.892681e-01
6.873364e-01	5.764800e-01	3.954219e-01	3.867584e-01	8.683800e-01	-9.571884e-01
6.978386e-01	4.370641e-01	9.504431e-01	8.304453e-01	7.904500e-01	-1.353121e+00
9.611557e-01	4.033419e-01	4.820778e-01	4.175684e-01	4.420085e-01	-8.530762e-01
5.391908e-01	4.316790e-01	4.171754e-01	4.359714e-01	8.389670e-01	-8.314918e-01
7.229566e-01	7.932092e-01	5.726006e-01	4.341065e-01	9.800595e-01	-1.251466e+00
5.012740e-01	8.096967e-01	4.590101e-01	8.381582e-01	5.567606e-01	-1.082450e+00
7.202624e-01	8.851717e-01	7.443613e-01	6.448007e-01	6.878671e-01	-1.341232e+00
5.508762e-01	5.183740e-01	7.312922e-01	9.353262e-01	7.402339e-01	-1.238051e+00
8.114050e-01	6.516120e-01	9.189561e-01	4.778457e-01	9.942999e-01	-1.427059e+00
4.468769e-01	7.296431e-01	6.955697e-01	4.242658e-01	4.254009e-01	-8.608782e-01
6.239044e-01	4.234491e-01	5.373322e-01	7.875578e-01	3.199520e-01	-8.460977e-01
5.990297e-01	8.780507e-01	6.732539e-01	6.465786e-01	5.290351e-01	-1.162974e+00
4.201019e-01	3.821177e-01	8.264208e-01	9.323684e-01	8.386075e-01	-1.199808e+00
7.305029e-01	6.717780e-01	7.015727e-01	4.148246e-01	6.152091e-01	-1.066944e+00
6.967979e-01	4.320262e-01	5.975665e-01	3.493280e-01	5.892856e-01	-8.325021e-01
8.028843e-01	4.141441e-01	3.699273e-01	8.694404e-01	7.625288e-01	-1.109462e+00
9.575607e-01	7.664142e-01	5.905061e-01	6.306287e-01	4.223968e-01	-1.183753e+00
8.962049e-01	6.136632e-01	3.750722e-01	4.534511e-01	5.035991e-01	-9.209953e-01
9.071003e-01	8.678802e-01	8.555403e-01	9.423820e-01	4.847234e-01	-1.528813e+00
5.804800e-01	9.632938e-01	6.362332e-01	5.349102e-01	4.715111e-01	-1.093214e+00
3.213548e-01	7.174007e-01	4.225757e-01	5.607818e-01	7.368675e-01	-8.794902e-01
7.913174e-01	5.523982e-01	8.084744e-01	8.015482e-01	6.185799e-01	-1.286159e+00
9.702020e-01	5.638892e-01	9.566765e-01	3.658742e-01	4.304099e-01	-1.143526e+00
5.265986e-01	4.103516e-01	5.064962e-01	9.060338e-01	9.162206e-01	-1.132850e+00
5.080200e-01	5.976102e-01	3.556427e-01	3.049974e-01	4.272710e-01	-5.967707e-01
6.516698e-01	8.553877e-01	9.597718e-01	8.332545e-01	9.125475e-01	-1.606316e+00
4.839433e-01	2.872628e-01	4.113070e-01	4.080767e-01	7.817989e-01	-6.861943e-01
5.215347e-01	5.455768e-01	4.926021e-01	5.688176e-01	6.001570e-01	-8.643441e-01
6.471548e-01	5.284523e-01	5.110397e-01	7.624594e-01	6.351846e-01	-1.042145e+00
4.028878e-01	9.795570e-01	9.088671e-01	7.646966e-01	7.375934e-01	-1.396801e+00
7.999396e-01	6.905061e-01	6.450016e-01	5.472442e-01	6.683850e-01	-1.175538e+00
4.239782e-01	9.699305e-01	7.889706e-01	7.538797e-01	4.053244e-01	-1.171042e+00
3.946299e-01	7.973840e-01	4.878436e-01	8.281728e-01	4.250686e-01	-9.665495e-01
6.702994e-01	8.252751e-01	9.570112e-01	4.853971e-01	4.595657e-01	-1.198774e+00
2.844163e-01	4.745330e-01	5.239626e-01	5.460119e-01	2.770523e-01	-5.529881e-01
6.990799e-01	6.994246e-01	3.637630e-01	3.178579e-01	4.442379e-01	-7.621816e-01
6.353574e-01	9.168690e-01	3.462941e-01	3.506299e-01	3.854067e-01	-8.172786e-01
8.918889e-01	7.076256e-01	9.069255e-01	8.472455e-01	5.582706e-01	-1.455978e+00
7.219501e-01	6.636801e-01	3.740680e-01	7.863845e-01	4.378863e-01	-9.919845e-01
3.708272e-01	6.118988e-01	7.433739e-01	5.175902e-01	6.076355e-01	-9.256628e-01
3.956259e-01	5.306165e-01	9.956161e-01	3.410506e-01	3.018734e-01	-7.823913e-01
3.671629e-01	8.405166e-01	6.933789e-01	3.843572e-01	7.790853e-01	-1.032250e+00
8.076030e-01	7.263474e-01	8.275250e-01	9.286248e-01	8.533904e-01	-1.571745e+00
3.971944e-01	5.394010e-01	6.838572e-01	5.435954e-01	5.014237e-01	-8.327358e-01
9.224262e-01	7.184339e-01	5.723983e-01	5.704831e-01	4.121498e-01	-1.097946e+00
8.790572e-01	5.256335e-01	8.285588e-01	3.923437e-01	8.210703e-01	-1.223332e+00
3.655548e-01	3.498838e-01	6.314734e-01	5.668252e-01	6.382878e-01	-7.760124e-01
3.752905e-01	6.418843e-01	7.027626e-01	8.089168e-01	4.620680e-01	-9.954611e-01
7.662289e-01	4.827263e-01	3.449243e-01	7.014185e-01	6.361524e-01	-9.657252e-01
7.603016e-01	6.795245e-01	9.423861e-01	4.817581e-01	9.896654e-01	-1.426818e+00
9.300429e-01	5.938395e-01	8.280942e-01	5.854232e-01	9.658492e-01	-1.451624e+00
8.574910e-01	5.096175e-01	8.256507e-01	6.943294e-01	6.368288e-01	-1.261959e+00
8.234835e-01	3.545232e-01	3.969146e-01	7.197575e-01	8.343488e-01	-1.064514e+00
8.417528e-01	5.342872e-01	5.782902e-01	7.187695e-01	9.041622e-01	-1.288631e+00
4.968904e-01	4.422836e-01	5.365134e-01	5.165756e-01	4.089338e-01	-7.005984e-01
3.482979e-01	2.937184e-01	3.047924e-01	4.390848e-01	3.263767e-01	-3.561351e-01
4.647365e-01	3.257993e-01	4.768399e-01	3.928601e-01	4.333395e-01	-5.467877e-01
8.105643e-01	8.618041e-01	6.232138e-01	9.762988e-01	6.987404e-01	-1.485311e+00
7.519330e-01	5.174949e-01	5.059470e-01	3.812118e-01	6.755435e-01	-9.160651e-01
7.051734e-01	9.470588e-01	5.358459e-01	4.995517e-01	4.178796e-01	-1.052755e+00
5.008049e-01	3.720709e-01	3.222711e-01	7.588808e-01	6.233496e-01	-7.886886e-01
8.405374e-01	4.759179e-01	3.626583e-01	8.008727e-01	7.791602e-01	-1.129573e+00
8.362629e-01	5.777736e-01	3.895374e-01	4.944881e-01	4.532979e-01	-8.756799e-01
2.229031e-01	4.415751e-01	2.612391e-01	3.021681e-01	3.845827e-01	-3.062341e-01
8.303345e-01	3.808182e-01	6.187117e-01	4.152623e-01	4.575018e-01	-8.513142e-01
3.903171e-01	8.614170e-01	7.783404e-01	6.031774e-01	3.916759e-01	-1.012464e+00
3.520126e-01	9.996666e-01	4.344768e-01	6.186619e-01	4.407805e-01	-9.227992e-01
5.442716e-01	9.311397e-01	4.460972e-01	7.178641e-01	4.640077e-01	-1.051690e+00
9.600224e-01	7.937715e-01	7.985373e-01	6.812423e-01	5.523702e-01	-1.392972e+00
3.846327e-01	9.661482e-01	3.718927e-01	8.805370e-01	4.028818e-01	-1.003046e+00
5.408250e-01	9.517383e-01	3.521468e-01	4.808833e-01	7.741306e-01	-1.049862e+00
3.526505e-01	2.677626e-01	2.982244e-01	3.058826e-01	6.450513e-01	-4.347857e-01
6.486870e-01	6.811174e-01	4.445119e-01	4.468383e-01	5.339800e-01	-8.775673e-01
5.094289e-01	8.175556e-01	5.131898e-01	8.999134e-01	3.504746e-01	-1.045281e+00
3.359494e-01	3.299782e-01	7.048393e-01	7.335836e-01	8.309116e-01	-9.676311e-01
3.444161e-01	8.250936e-01	8.925983e-01	3.885099e-01	3.994221e-01	-9.250200e-01
8.166078e-01	9.677008e-01	5.274820e-01	5.419592e-01	6.304280e-01	-1.242089e+00
4.588831e-01	4.367655e-01	7.706670e-01	7.655994e-01	7.735932e-01	-1.102754e+00
6.589044e-01	5.130731e-01	3.255813e-01	4.649121e-01	3.928703e-01	-6.776706e-01
6.642743e-01	6.506739e-01	7.388155e-01	7.631199e-01	9.794301e-01	-1.398157e+00
4.804072e-01	5.718351e-01	9.083750e-01	9.064095e-01	3.730531e-01	-1.120040e+00
5.904259e-01	4.440232e-01	6.638668e-01	4.554710e-01	5.321441e-01	-8.429655e-01
6.206922e-01	6.012614e-01	5.379595e-01	6.394187e-01	4.774729e-01	-9.384024e-01
8.533873e-01	4.861539e-01	6.490947e-01	5.409529e-01	6.255732e-01	-1.077581e+00
3.822971e-01	6.535342e-01	4.602241e-01	5.625871e-01	9.089602e-01	-9.838013e-01
6.859345e-01	4.378363e-01	8.343366e-01	7.825805e-01	3.716832e-01	-1.056186e+00
7.844305e-01	6.024486e-01	8.106889e-01	9.022897e-01	7.691341e-01	-1.434496e+00
5.110655e-01	5.117852e-01	5.090776e-01	6.425358e-01	6.414384e-01	-9.079513e-01
7.429106e-01	9.317265e-01	4.452186e-01	4.320753e-01	4.713114e-01	-1.011621e+00
4.699033e-01	9.892369e-01	7.852550e-01	4.914620e-01	7.689170e-01	-1.252387e+00
3.303376e-01	4.174346e-01	5.433145e-01	7.667811e-01	7.047697e-01	-8.813188e-01
9.152378e-01	9.114872e-01	8.668237e-01	6.520337e-01	4.765135e-01	-1.411048e+00
6.030365e-01	3.992234e-01	6.372900e-01	5.810828e-01	9.868273e-01	-1.103730e+00
8.599925e-01	4.922139e-01	7.176409e-01	6.435412e-01	5.948517e-01	-1.154120e+00
5.109477e-01	7.779491e-01	4.601004e-01	3.337972e-01	6.170570e-01	-8.499256e-01
5.837199e-01	7.454414e-01	3.802104e-01	8.400628e-01	3.891559e-01	-9.692953e-01
4.619477e-01	9.362006e-01	3.341809e-01	5.375297e-01	4.445818e-01	-8.572203e-01
8.683034e-01	9.856311e-01	3.958819e-01	6.967908e-01	7.433343e-01	-1.344971e+00
4.643673e-01	7.217756e-01	8.503488e-01	3.566122e-01	8.035159e-01	-1.098310e+00
6.098483e-01	9.687350e-01	4.841956e-01	7.527863e-01	6.273588e-01	-1.221462e+00
5.410135e-01	4.806493e-01	5.185310e-01	4.496642e-01	6.502377e-01	-8.200479e-01
4.723858e-01	7.980152e-01	8.418383e-01	8.064860e-01	6.850114e-01	-1.301868e+00
8.799741e-01	7.048620e-01	9.030525e-01	5.101138e-01	4.807411e-01	-1.239372e+00
6.965972e-01	6.604046e-01	5.464052e-01	4.447572e-01	8.459754e-01	-1.097070e+00
6.162809e-01	3.305465e-01	8.746777e-01	3.320440e-01	3.584223e-01	-7.559857e-01
7.473951e-01	9.096782e-01	7.244461e-01	8.770831e-01	9.168243e-01	-1.587713e+00
4.553720e-01	6.197895e-01	7.668263e-01	5.576476e-01	3.496038e-01	-8.746195e-01
7.721230e-01	7.434343e-01	8.606952e-01	7.607329e-01	6.698975e-01	-1.403441e+00
4.043962e-01	6.997751e-01	6.638128e-01	8.449604e-01	5.683078e-01	-1.090626e+00
4.550289e-01	9.576390e-01	3.743102e-01	3.382632e-01	9.032683e-01	-1.014255e+00
3.279810e-01	4.032270e-01	5.554117e-01	4.965542e-01	8.667357e-01	-8.249548e-01
9.680985e-01	7.593436e-01	6.850456e-01	4.744549e-01	6.614685e-01	-1.274205e+00
5.835981e-01	3.359263e-01	7.585543e-01	6.146798e-01	7.231401e-01	-1.007949e+00
6.301448e-01	4.859460e-01	2.973797e-01	2.662396e-01	3.650698e-01	-5.223899e-01
6.415381e-01	6.887169e-01	6.927973e-01	3.971479e-01	5.607034e-01	-9.904518e-01
3.111674e-01	2.757069e-01	6.137997e-01	5.363412e-01	3.003087e-01	-5.186619e-01
4.903661e-01	9.950081e-01	7.429776e-01	8.766957e-01	4.076097e-01	-1.256329e+00
8.843515e-01	8.113490e-01	8.841591e-01	7.064352e-01	6.284987e-01	-1.457397e+00
7.789366e-01	4.943985e-01	6.147551e-01	9.807129e-01	9.078460e-01	-1.388325e+00
5.426627e-01	9.092463e-01	9.196809e-01	4.998146e-01	8.648726e-01	-1.368139e+00
8.032620e-01	8.262840e-01	4.875199e-01	5.928296e-01	7.041751e-01	-1.207035e+00
9.189540e-01	5.493615e-01	4.854526e-01	6.491397e-01	6.133918e-01	-1.108150e+00
4.255608e-01	6.749035e-01	7.057075e-01	7.518756e-01	9.979898e-01	-1.278019e+00
5.942017e-01	3.218518e-01	4.091926e-01	8.875697e-01	5.071631e-01	-8.599895e-01
5.261891e-01	7.341419e-01	3.630652e-01	4.898196e-01	3.348160e-01	-7.240159e-01
7.332319e-01	9.991535e-01	8.719511e-01	9.223485e-01	6.040046e-01	-1.565345e+00
3.338158e-01	4.822712e-01	3.632307e-01	4.560006e-01	8.871161e-01	-7.612172e-01
6.829688e-01	7.475027e-01	7.990730e-01	5.940878e-01	3.662428e-01	-1.094938e+00
6.449553e-01	4.446627e-01	6.513275e-01	5.146053e-01	3.199844e-01	-7.877676e-01
7.258284e-01	5.415182e-01	6.852799e-01	9.300055e-01	5.177065e-01	-1.200169e+00
4.533629e-01	7.344509e-01	4.621551e-01	5.840853e-01	9.679896e-01	-1.101022e+00
6.383765e-01	3.930957e-01	7.297788e-01	7.830782e-01	6.766228e-01	-1.110476e+00
3.707516e-01	8.214989e-01	8.850835e-01	6.551084e-01	4.630327e-01	-1.097738e+00
7.675407e-01	6.585123e-01	4.255998e-01	3.069244e-01	4.241394e-01	-7.913583e-01
8.921880e-01	8.639807e-01	8.070236e-01	9.162293e-01	8.732631e-01	-1.676342e+00
5.211693e-01	4.062313e-01	6.769641e-01	4.160914e-01	3.954877e-01	-7.079719e-01
7.826263e-01	7.353489e-01	4.720863e-01	5.531398e-01	7.219933e-01	-1.132597e+00
3.741071e-01	5.837526e-01	8.506459e-01	9.900001e-01	3.559121e-01	-1.077209e+00
5.467342e-01	8.477627e-01	5.266765e-01	6.957070e-01	9.586757e-01	-1.287778e+00
8.080148e-01	7.576293e-01	4.502493e-01	9.202456e-01	3.679759e-01	-1.152057e+00
6.614718e-01	4.799357e-01	6.200666e-01	4.334530e-01	5.028524e-01	-8.488897e-01
7.543524e-01	7.378270e-01	9.866988e-01	5.267024e-01	3.829061e-01	-1.194243e+00
3.912912e-01	4.644679e-01	4.070889e-01	6.073175e-01	4.375581e-01	-6.538618e-01
4.625013e-01	5.100815e-01	5.472130e-01	5.700176e-01	2.952633e-01	-6.925383e-01
6.904877e-01	5.454668e-01	9.840008e-01	7.309125e-01	9.762819e-01	-1.463575e+00
9.860233e-01	8.581852e-01	9.068426e-01	4.578977e-01	7.827871e-01	-1.495868e+00
7.060357e-01	4.637008e-01	8.527017e-01	6.058192e-01	4.631347e-01	-1.045696e+00
9.120724e-01	6.570384e-01	5.367715e-01	8.294082e-01	5.441745e-01	-1.239732e+00
8.148093e-01	7.161504e-01	4.572949e-01	7.273316e-01	8.402904e-01	-1.277938e+00
6.517364e-01	5.987172e-01	7.385795e-01	8.789530e-01	5.154657e-01	-1.191726e+00
3.079791e-01	8.964375e-01	4.299992e-01	5.534477e-01	4.140906e-01	-8.009770e-01
9.151409e-01	3.932897e-01	3.903123e-01	4.310383e-01	6.425666e-01	-8.861739e-01
9.402581e-01	5.980053e-01	4.005573e-01	5.697351e-01	4.002433e-01	-9.543995e-01
9.882963e-01	9.269912e-01	5.181775e-01	4.170827e-01	8.118956e-01	-1.331222e+00
2.972184e-01	3.263146e-01	8.255158e-01	3.861388e-01	2.894241e-01	-5.623059e-01
3.308627e-01	4.605181e-01	3.334672e-01	2.587983e-01	3.059276e-01	-3.447869e-01
6.199705e-01	3.289408e-01	3.483206e-01	8.939665e-01	3.406428e-01	-7.659206e-01
5.448161e-01	8.441566e-01	8.714086e-01	9.361836e-01	6.432961e-01	-1.419930e+00
3.231242e-01	6.521074e-01	5.149328e-01	4.399568e-01	4.197298e-01	-6.749254e-01
4.441027e-01	4.754194e-01	5.236655e-01	4.937576e-01	3.639123e-01	-6.504288e-01
6.866092e-01	7.011911e-01	3.438220e-01	5.827297e-01	3.990844e-01	-8.567182e-01
3.831244e-01	9.011041e-01	6.755615e-01	4.135897e-01	5.117690e-01	-9.425743e-01
9.118743e-01	7.421020e-01	4.484737e-01	8.839046e-01	6.014859e-01	-1.293920e+00
6.350019e-01	5.392704e-01	4.025840e-01	7.717156e-01	4.450436e-01	-8.968077e-01
3.677102e-01	6.482958e-01	3.207602e-01	4.049397e-01	8.274572e-01	-7.845814e-01
4.964614e-01	6.988434e-01	5.920994e-01	8.039219e-01	3.641218e-01	-9.777240e-01
5.720573e-01	4.267284e-01	3.454949e-01	2.858740e-01	5.412403e-01	-5.856975e-01
8.818453e-01	9.781390e-01	6.160414e-01	4.880789e-01	7.240653e-01	-1.344085e+00
4.814465e-01	9.781179e-01	6.116894e-01	7.445660e-01	6.314760e-01	-1.223648e+00
4.425157e-01	9.335819e-01	4.040551e-01	9.305946e-01	9.723512e-01	-1.341549e+00
4.874942e-01	6.885787e-01	8.771798e-01	6.923001e-01	4.746990e-01	-1.110126e+00
4.600694e-01	5.664996e-01	4.358639e-01	4.760625e-01	3.953077e-01	-6.669015e-01
8.255917e-01	7.633891e-01	8.655081e-01	5.489881e-01	8.749129e-01	-1.439195e+00
9.444598e-01	5.818479e-01	3.679491e-01	8.074079e-01	3.416582e-01	-1.021661e+00
6.601800e-01	5.915413e-01	3.432937e-01	7.897314e-01	3.947663e-01	-8.897564e-01
7.563441e-01	9.537289e-01	8.441964e-01	8.408269e-01	8.573842e-01	-1.626240e+00
7.738075e-01	4.457266e-01	8.121734e-01	9.868619e-01	8.424969e-01	-1.430533e+00
5.345855e-01	5.058874e-01	8.586514e-01	9.107135e-01	7.330786e-01	-1.271458e+00
4.774903e-01	8.266575e-01	8.759858e-01	4.098775e-01	3.507325e-01	-9.703717e-01
5.342140e-01	9.201481e-01	6.746369e-01	4.655814e-01	6.009399e-01	-1.097760e+00
8.752299e-01	8.565744e-01	9.265510e-01	5.918797e-01	5.286429e-01	-1.389439e+00
6.940629e-01	7.665421e-01	9.100731e-01	4.722465e-01	9.924653e-01	-1.417695e+00
9.794222e-01	6.567282e-01	4.855637e-01	8.747589e-01	5.664215e-01	-1.281447e+00
9.026496e-01	8.125672e-01	9.274234e-01	3.762391e-01	3.897438e-01	-1.204312e+00
9.306889e-01	6.555444e-01	7.690968e-01	6.462547e-01	8.253332e-01	-1.413459e+00
5.514181e-01	9.327732e-01	8.636166e-01	5.069092e-01	6.188060e-01	-1.236762e+00
8.779190e-01	6.943258e-01	5.949191e-01	6.116834e-01	6.002586e-01	-1.189553e+00
4.395055e-01	2.972225e-01	8.338671e-01	3.970078e-01	3.422192e-01	-6.549110e-01
6.551349e-01	4.170567e-01	3.290205e-01	5.022969e-01	7.189813e-01	-8.112451e-01
7.653507e-01	3.814887e-01	6.750518e-01	6.451460e-01	5.693463e-01	-1.018192e+00
7.945073e-01	8.683879e-01	8.215441e-01	7.689257e-01	7.009610e-01	-1.477163e+00
9.740385e-01	5.648697e-01	7.108839e-01	8.603641e-01	6.376604e-01	-1.373908e+00
4.123853e-01	9.613587e-01	9.976248e-01	6.667636e-01	6.902321e-01	-1.364182e+00
4.920470e-01	9.349773e-01	9.296169e-01	7.412260e-01	6.199778e-01	-1.358923e+00
6.310511e-01	3.672774e-01	6.879946e-01	7.243412e-01	4.361347e-01	-9.233996e-01
8.723479e-01	6.455294e-01	8.129034e-01	8.565186e-01	9.088206e-01	-1.548060e+00
9.412258e-01	9.718737e-01	5.022128e-01	6.381423e-01	8.023811e-01	-1.427918e+00
6.430324e-01	5.835681e-01	8.032516e-01	5.444624e-01	6.095676e-01	-1.091941e+00
6.959408e-01	5.792629e-01	4.419331e-01	5.343976e-01	4.797970e-01	-8.656657e-01
8.464567e-01	3.536221e-01	3.421577e-01	3.934448e-01	9.450177e-01	-9.403495e-01
6.439753e-01	7.185520e-01	5.283231e-01	6.908035e-01	6.893082e-01	-1.135481e+00
5.694180e-01	4.188130e-01	8.183312e-01	3.428122e-01	7.122212e-01	-9.307978e-01
8.900679e-01	6.226595e-01	9.816301e-01	9.145540e-01	5.736767e-01	-1.491294e+00
6.831115e-01	8.834281e-01	7.631398e-01	6.237722e-01	4.782063e-01	-1.215829e+00
6.114004e-01	8.081014e-01	7.790067e-01	7.965781e-01	8.236192e-01	-1.409353e+00
3.698493e-01	4.404814e-01	3.349685e-01	5.407366e-01	8.381249e-01	-7.620803e-01
5.079631e-01	7.213612e-01	8.409768e-01	3.643461e-01	4.981255e-01	-9.663863e-01
8.066524e-01	4.302317e-01	9.637727e-01	3.774170e-01	8.698637e-01	-1.223969e+00
6.776301e-01	3.405509e-01	4.390489e-01	8.683012e-01	7.523460e-01	-1.038938e+00
3.633893e-01	9.408665e-01	4.162131e-01	3.295077e-01	8.012720e-01	-9.256244e-01
6.455828e-01	5.297263e-01	8.527927e-01	7.680955e-01	8.031618e-01	-1.299680e+00
9.503667e-01	7.081460e-01	9.523811e-01	4.972102e-01	5.884401e-01	-1.348272e+00
5.027030e-01	4.113882e-01	4.557163e-01	8.807075e-01	4.686355e-01	-8.595753e-01
8.870037e-01	9.023503e-01	4.587540e-01	5.424386e-01	8.237823e-01	-1.307164e+00
4.205753e-01	3.857990e-01	7.199314e-01	4.559597e-01	4.467745e-01	-7.145200e-01
7.938097e-01	9.901006e-01	4.956002e-01	4.274523e-01	4.102342e-01	-1.058599e+00
7.134322e-01	4.282880e-01	9.220713e-01	7.554208e-01	5.808048e-01	-1.200009e+00
8.768126e-01	9.961710e-01	5.982827e-01	8.459968e-01	5.216904e-01	-1.419477e+00
3.836566e-01	3.693616e-01	6.695969e-01	3.853970e-01	2.876564e-01	-5.478343e-01
7.207901e-01	7.934398e-01	7.561493e-01	8.116708e-01	7.263355e-01	-1.404193e+00
5.867268e-01	4.475989e-01	7.966789e-01	6.772014e-01	8.913912e-01	-1.199799e+00
3.530388e-01	7.953553e-01	4.715962e-01	6.290230e-01	5.483158e-01	-8.986646e-01
2.003392e-01	2.288594e-01	3.731077e-01	2.167018e-01	2.965902e-01	-1.577991e-01
4.590550e-01	9.249439e-01	7.881058e-01	6.484243e-01	8.950112e-01	-1.357770e+00
8.433417e-01	6.477323e-01	7.451991e-01	5.086730e-01	5.961597e-01	-1.170553e+00
5.599459e-01	4.275392e-01	3.881782e-01	7.031429e-01	5.006630e-01	-7.897346e-01
4.194806e-01	5.303768e-01	9.970803e-01	8.477974e-01	8.197850e-01	-1.307260e+00
3.097294e-01	7.325544e-01	9.512548e-01	3.302961e-01	3.751919e-01	-8.495133e-01
2.770255e-01	2.875906e-01	4.373862e-01	9.629957e-01	3.251078e-01	-6.450529e-01
4.052408e-01	4.557763e-01	6.358809e-01	4.697596e-01	8.994097e-01	-9.330337e-01
6.735378e-01	7.730053e-01	9.074548e-01	9.743846e-01	4.506370e-01	-1.389510e+00
4.170758e-01	7.001353e-01	6.973942e-01	3.569807e-01	7.869049e-01	-9.792455e-01
9.627856e-01	9.927490e-01	4.762125e-01	6.065669e-01	9.592374e-01	-1.498776e+00
4.115700e-01	7.260760e-01	4.943379e-01	8.622612e-01	4.925797e-01	-9.934124e-01
7.282044e-01	8.931883e-01	7.040924e-01	8.880070e-01	8.466417e-01	-1.530067e+00
5.297644e-01	6.841419e-01	4.151573e-01	7.907264e-01	8.089601e-01	-1.114375e+00
6.996509e-01	8.698670e-01	9.646713e-01	9.260148e-01	9.117156e-01	-1.685960e+00
3.868244e-01	5.518437e-01	7.442167e-01	7.018994e-01	8.605831e-01	-1.122684e+00
7.606501e-01	6.833261e-01	7.251144e-01	9.976018e-01	8.891397e-01	-1.527916e+00
7.827856e-01	3.559663e-01	4.636288e-01	3.317642e-01	7.751793e-01	-8.546620e-01
9.001354e-01	3.654697e-01	8.549809e-01	5.354558e-01	4.624574e-01	-1.059250e+00
5.956168e-01	3.795719e-01	4.188164e-01	3.153907e-01	6.966644e-01	-7.030301e-01
6.855544e-01	3.872806e-01	8.439463e-01	3.693568e-01	7.547718e-01	-1.020455e+00
4.360556e-01	8.760765e-01	6.425892e-01	4.042718e-01	9.887350e-01	-1.173864e+00
7.431318e-01	9.216661e-01	6.976819e-01	9.934849e-01	6.323727e-01	-1.494169e+00
3.600477e-01	4.360195e-01	5.598703e-01	2.535708e-01	3.074276e-01	-4.584679e-01
8.532752e-01	9.234726e-01	6.245541e-01	7.910299e-01	5.167900e-01	-1.354561e+00
5.518298e-01	4.166547e-01	4.920516e-01	3.081858e-01	5.932866e-01	-6.810043e-01
8.711242e-01	4.470819e-01	3.856457e-01	6.839381e-01	5.908842e-01	-9.893370e-01
6.870270e-01	7.230949e-01	7.010958e-01	6.895015e-01	5.128216e-01	-1.156770e+00
6.343523e-01	7.954490e-01	8.051566e-01	6.653340e-01	5.671032e-01	-1.233698e+00
7.123902e-01	4.345771e-01	5.908224e-01	8.151407e-01	5.296167e-01	-1.041274e+00
4.918863e-01	5.036281e-01	8.947174e-01	8.931538e-01	7.208699e-01	-1.252128e+00
8.133812e-01	4.027302e-01	9.334468e-01	9.520907e-01	6.925522e-01	-1.397101e+00
7.676358e-01	4.277500e-01	6.448614e-01	5.850491e-01	5.730703e-01	-9.991833e-01
9.330113e-01	5.902198e-01	7.978886e-01	7.762499e-01	9.208272e-01	-1.509098e+00
8.162441e-01	8.233975e-01	6.526938e-01	3.833732e-01	8.303620e-01	-1.253035e+00
9.508772e-01	8.349907e-01	5.576177e-01	4.769167e-01	8.176571e-01	-1.319030e+00
3.667044e-01	8.033139e-01	3.550156e-01	5.174430e-01	8.850581e-01	-9.637675e-01
3.628368e-01	7.783660e-01	6.406771e-01	4.814472e-01	6.670980e-01	-9.652126e-01
5.907789e-01	8.875305e-01	7.266592e-01	9.972024e-01	7.683877e-01	-1.485279e+00
6.051799e-01	4.750428e-01	3.146044e-01	4.872502e-01	5.547306e-01	-7.184040e-01
3.152309e-01	4.348364e-01	6.805315e-01	4.039964e-01	6.909965e-01	-7.627958e-01
6.147218e-01	7.003531e-01	8.911868e-01	3.461679e-01	4.703328e-01	-1.011381e+00
7.362488e-01	7.764686e-01	7.470981e-01	4.847337e-01	6.881262e-01	-1.216338e+00
8.931114e-01	7.675988e-01	6.152870e-01	6.819103e-01	4.341315e-01	-1.196019e+00
7.755358e-01	4.257546e-01	9.462597e-01	8.503964e-01	9.152121e-01	-1.456579e+00
5.042341e-01	7.922957e-01	6.470221e-01	9.657583e-01	8.199845e-01	-1.364647e+00
3.795038e-01	7.700455e-01	3.296561e-01	5.360759e-01	7.675057e-01	-8.913935e-01
5.562050e-01	7.579169e-01	5.620765e-01	7.353271e-01	5.384700e-01	-1.074998e+00
8.611604e-01	5.566458e-01	8.557538e-01	7.263098e-01	5.749732e-01	-1.287422e+00
8.649794e-01	7.242264e-01	9.269385e-01	6.733716e-01	8.472716e-01	-1.518394e+00
5.949906e-01	3.627959e-01	8.777432e-01	3.490560e-01	8.257495e-01	-1.005168e+00
4.097923e-01	4.249371e-01	3.063973e-01	3.687080e-01	9.374030e-01	-7.236188e-01
9.861654e-01	9.121848e-01	8.881652e-01	7.057912e-01	5.544161e-01	-1.523361e+00
7.856373e-01	7.087808e-01	7.228373e-01	6.682910e-01	7.889945e-01	-1.337270e+00
5.461759e-01	6.319115e-01	4.738555e-01	7.699598e-01	4.552558e-01	-9.385793e-01
9.082325e-01	5.953059e-01	9.931525e-01	7.730358e-01	5.801090e-01	-1.424918e+00
4.117324e-01	9.570038e-01	5.855204e-01	9.303528e-01	8.105362e-01	-1.347573e+00
3.814134e-01	9.598057e-01	7.049859e-01	7.493051e-01	7.165202e-01	-1.256015e+00
5.896520e-01	3.772230e-01	8.174228e-01	4.876632e-01	8.369313e-01	-1.054446e+00
7.555780e-01	4.648078e-01	3.999516e-01	7.059791e-01	7.662868e-01	-1.046302e+00
4.009252e-01	7.605237e-01	4.717558e-01	6.261690e-01	3.517819e-01	-8.055778e-01
5.539850e-01	9.182509e-01	9.499101e-01	9.434890e-01	7.990479e-01	-1.582341e+00
5.691619e-01	2.466807e-01	3.254416e-01	3.039394e-01	3.807852e-01	-4.130044e-01
5.346397e-01	2.445223e-01	3.313702e-01	3.404468e-01	2.632842e-01	-3.571316e-01
5.134212e-01	7.560560e-01	6.991961e-01	9.349210e-01	4.299062e-01	-1.166750e+00
4.744968e-01	4.030229e-01	8.030299e-01	6.589431e-01	6.588065e-01	-9.991496e-01
9.166855e-01	3.390113e-01	3.588848e-01	6.010075e-01	3.289108e-01	-7.722500e-01
6.923784e-01	6.921769e-01	5.827907e-01	6.084217e-01	3.513423e-01	-9.635550e-01
4.888825e-01	4.529901e-01	9.582033e-01	8.469707e-01	7.979377e-01	-1.272492e+00
5.310685e-01	6.487469e-01	6.698551e-01	9.574287e-01	5.688927e-01	-1.187996e+00
8.614998e-01	7.766319e-01	7.455094e-01	9.578132e-01	4.718789e-01	-1.406667e+00
7.706259e-01	8.016940e-01	7.062249e-01	4.436245e-01	9.780079e-01	-1.350089e+00
9.098222e-01	8.350707e-01	7.365791e-01	5.332818e-01	8.967853e-01	-1.455770e+00
3.746734e-01	4.343435e-01	7.192224e-01	9.822892e-01	7.099479e-01	-1.110238e+00
7.045994e-01	4.702789e-01	9.575006e-01	4.687124e-01	7.052903e-01	-1.153191e+00
4.746086e-01	3.873849e-01	4.218859e-01	5.750784e-01	4.230157e-01	-6.409868e-01
4.901010e-01	3.036733e-01	2.718033e-01	4.203774e-01	5.832324e-01	-5.345937e-01
4.785262e-01	8.029685e-01	3.690561e-01	4.466433e-01	6.506202e-01	-8.739071e-01
9.390002e-01	8.577634e-01	7.731183e-01	5.457615e-01	7.932900e-01	-1.454467e+00
7.644222e-01	4.156013e-01	7.827889e-01	9.844599e-01	5.952349e-01	-1.271254e+00
8.676493e-01	4.594734e-01	4.798827e-01	7.442835e-01	5.989602e-01	-1.075125e+00
4.806307e-01	3.537096e-01	5.883021e-01	4.510046e-01	6.021874e-01	-7.379172e-01
9.407946e-01	9.355010e-01	5.666342e-01	5.673687e-01	5.586381e-01	-1.284468e+00
6.781152e-01	6.707484e-01	3.470166e-01	5.588512e-01	7.673029e-01	-1.011017e+00
6.719478e-01	8.367647e-01	9.451939e-01	7.506366e-01	6.924261e-01	-1.448485e+00
3.659368e-01	9.308210e-01	7.053628e-01	3.952731e-01	9.703774e-01	-1.183886e+00
9.371620e-01	9.298457e-01	5.591328e-01	6.822746e-01	9.217871e-01	-1.515101e+00
5.972731e-01	3.829032e-01	8.058333e-01	4.409510e-01	3.317068e-01	-7.793337e-01
5.030815e-01	4.891415e-01	2.874535e-01	3.550527e-01	2.681038e-01	-4.514165e-01
3.562873e-01	8.298400e-01	2.921433e-01	4.298902e-01	3.128351e-01	-6.104979e-01
5.277928e-01	9.943653e-01	5.452363e-01	7.226262e-01	4.106301e-01	-1.100325e+00
7.831286e-01	5.035637e-01	8.902079e-01	6.614642e-01	4.810002e-01	-1.159682e+00
7.621924e-01	3.703617e-01	4.077647e-01	3.501248e-01	7.106736e-01	-8.005586e-01
5.123163e-01	8.782935e-01	5.057825e-01	3.076113e-01	4.291767e-01	-8.165901e-01
9.019109e-01	4.010573e-01	7.701942e-01	9.834376e-01	3.739855e-01	-1.215293e+00
5.137768e-01	5.321206e-01	5.467969e-01	5.057350e-01	8.788810e-01	-9.886551e-01
3.072154e-01	6.487449e-01	2.909701e-01	5.597753e-01	6.206396e-01	-7.136727e-01
7.715808e-01	5.692531e-01	4.177120e-01	7.644732e-01	5.336445e-01	-1.028332e+00
3.089800e-01	3.889335e-01	3.031372e-01	7.175726e-01	4.545671e-01	-5.865952e-01
2.790491e-01	8.501636e-01	3.694137e-01	2.806501e-01	3.210502e-01	-5.501634e-01
7.470255e-01	5.166943e-01	5.440670e-01	9.510764e-01	5.234867e-01	-1.141175e+00
7.925273e-01	6.618434e-01	7.874340e-01	4.923408e-01	4.131037e-01	-1.073625e+00
3.611992e-01	7.255797e-01	6.768066e-01	4.789062e-01	9.141294e-01	-1.078311e+00
3.807585e-01	8.146209e-01	3.876817e-01	8.055369e-01	8.873867e-01	-1.137992e+00
7.221831e-01	6.691981e-01	6.823052e-01	6.884679e-01	9.010281e-01	-1.331591e+00
9.764257e-01	7.245737e-01	4.232680e-01	8.188195e-01	4.023617e-01	-1.172724e+00
8.048250e-01	5.323752e-01	8.711216e-01	4.207164e-01	6.373047e-01	-1.133171e+00
6.060646e-01	3.623609e-01	3.669369e-01	8.023374e-01	5.936546e-01	-8.656772e-01
9.773903e-01	6.720448e-01	6.194272e-01	7.545418e-01	9.732712e-01	-1.498338e+00
7.401093e-01	5.515720e-01	7.718835e-01	8.906584e-01	5.263271e-01	-1.240275e+00
9.334834e-01	9.212025e-01	5.171937e-01	6.222979e-01	3.913421e-01	-1.192760e+00
4.667746e-01	4.074757e-01	3.124927e-01	8.933483e-01	6.460240e-01	-8.630576e-01
7.726658e-01	8.765703e-01	7.715293e-01	6.784134e-01	4.941840e-01	-1.296681e+00
4.692138e-01	8.627304e-01	3.843570e-01	3.909500e-01	5.365717e-01	-8.219115e-01
9.723872e-01	9.881268e-01	7.579623e-01	7.480341e-01	9.148055e-01	-1.690658e+00
5.828732e-01	4.021084e-01	7.840165e-01	3.233697e-01	6.510767e-01	-8.717222e-01
7.693551e-01	7.647599e-01	6.235591e-01	5.135982e-01	5.293992e-01	-1.100336e+00
6.066980e-01	6.410419e-01	4.882636e-01	5.416327e-01	5.301293e-01	-9.038827e-01
9.760301e-01	5.824594e-01	6.417663e-01	9.710335e-01	9.862702e-01	-1.578780e+00
7.461754e-01	6.821868e-01	9.939950e-01	3.998360e-01	7.560462e-01	-1.289120e+00
7.507362e-01	8.158099e-01	8.351258e-01	7.991578e-01	7.805305e-01	-1.490680e+00
7.264387e-01	6.528814e-01	4.148589e-01	7.270759e-01	4.542071e-01	-9.877310e-01
2.698646e-01	8.470099e-01	3.529433e-01	3.286703e-01	3.883555e-01	-5.934218e-01
4.192437e-01	6.429667e-01	3.644889e-01	8.936988e-01	8.451482e-01	-1.082773e+00
7.164328e-01	3.656260e-01	9.345663e-01	5.998387e-01	3.542505e-01	-9.853572e-01
8.664686e-01	3.958726e-01	3.671046e-01	3.423670e-01	7.015263e-01	-8.366696e-01
3.580297e-01	4.869286e-01	6.348134e-01	5.616704e-01	9.988936e-01	-1.020168e+00
9.231329e-01	5.889038e-01	5.466290e-01	5.805211e-01	7.573858e-01	-1.198286e+00
9.384114e-01	7.013794e-01	6.132837e-01	4.490014e-01	8.161949e-01	-1.259135e+00
9.076906e-01	7.248979e-01	7.180520e-01	8.676477e-01	6.738940e-01	-1.446091e+00
4.168332e-01	5.445237e-01	6.997486e-01	9.921413e-01	6.294138e-01	-1.141330e+00
5.772916e-01	6.766945e-01	9.343029e-01	8.730758e-01	7.465435e-01	-1.403954e+00
7.666197e-01	8.556097e-01	3.786907e-01	4.061267e-01	6.178005e-01	-1.012424e+00
8.889734e-01	9.389594e-01	4.597256e-01	9.130183e-01	5.355556e-01	-1.368116e+00
3.933596e-01	4.385779e-01	5.542125e-01	9.143575e-01	7.076191e-01	-1.004063e+00
3.241181e-01	3.231695e-01	8.379430e-01	5.037696e-01	6.824259e-01	-8.357130e-01
3.838624e-01	5.005195e-01	8.588791e-01	4.348114e-01	5.555751e-01	-8.668238e-01
4.175420e-01	7.451497e-01	8.963677e-01	6.916428e-01	5.971229e-01	-1.173913e+00
9.123188e-01	7.510563e-01	9.784172e-01	5.891433e-01	8.095859e-01	-1.520261e+00
6.796043e-01	8.724379e-01	4.846222e-01	3.936974e-01	9.425030e-01	-1.186432e+00
5.833641e-01	3.246434e-01	5.119921e-01	5.995591e-01	3.129013e-01	-6.662300e-01
6.330676e-01	5.248345e-01	8.831152e-01	4.652518e-01	7.617833e-01	-1.134026e+00
5.791187e-01	9.422726e-01	5.393028e-01	9.588700e-01	8.225874e-01	-1.421076e+00
9.633861e-01	5.231236e-01	8.541296e-01	4.824314e-01	4.187822e-01	-1.120926e+00
8.656005e-01	7.680340e-01	8.400654e-01	8.528475e-01	6.775379e-01	-1.502043e+00
9.267006e-01	3.979624e-01	6.509834e-01	4.012673e-01	8.072642e-01	-1.092089e+00
4.503972e-01	6.655593e-01	9.798940e-01	4.382058e-01	9.268609e-01	-1.230459e+00
4.303524e-01	8.138236e-01	3.576579e-01	3.263461e-01	5.958567e-01	-7.620184e-01
9.352034e-01	7.117329e-01	9.809634e-01	5.495687e-01	7.648180e-01	-1.471143e+00
7.425536e-01	7.322008e-01	5.699507e-01	7.704560e-01	6.718131e-01	-1.243487e+00
8.526235e-01	9.734183e-01	9.460465e-01	4.326227e-01	4.016073e-01	-1.303159e+00
3.643664e-01	8.975133e-01	7.780608e-01	9.357748e-01	3.887628e-01	-1.182239e+00
5.222113e-01	6.280765e-01	7.097596e-01	7.519701e-01	5.464374e-01	-1.079227e+00
7.570296e-01	7.370191e-01	7.237645e-01	4.329357e-01	4.736609e-01	-1.062205e+00
7.703217e-01	4.310448e-01	7.923758e-01	6.392650e-01	5.593296e-01	-1.096168e+00
9.571491e-01	6.782108e-01	9.055572e-01	8.760066e-01	9.757068e-01	-1.696315e+00
4.222136e-01	8.821208e-01	2.867636e-01	4.239413e-01	2.995158e-01	-6.572775e-01
8.969155e-01	4.682566e-01	3.608317e-01	5.132548e-01	5.398758e-01	-8.895672e-01
7.275489e-01	3.269432e-01	3.173084e-01	7.403874e-01	3.084602e-01	-7.103241e-01
6.015300e-01	5.634613e-01	7.082947e-01	3.583294e-01	4.203492e-01	-8.259823e-01
6.254890e-01	2.739498e-01	3.171245e-01	3.803592e-01	5.464504e-01	-5.716865e-01
9.594741e-01	9.546304e-01	7.670175e-01	4.763900e-01	9.272058e-01	-1.542359e+00
8.751272e-01	8.527668e-01	7.807328e-01	6.228332e-01	5.136590e-01	-1.322559e+00
3.641464e-01	4.401682e-01	4.866521e-01	2.984412e-01	6.633945e-01	-6.264013e-01
4.853644e-01	6.236438e-01	6.305422e-01	3.073670e-01	5.897647e-01	-8.183411e-01
5.400794e-01	6.070180e-01	9.060725e-01	9.593306e-01	8.806118e-01	-1.446556e+00
4.174654e-01	5.656013e-01	8.498682e-01	4.249305e-01	3.090955e-01	-7.834805e-01
6.161538e-01	6.844950e-01	9.059279e-01	9.618784e-01	9.054541e-01	-1.536955e+00
5.315797e-01	9.854552e-01	5.550433e-01	4.781339e-01	5.654011e-01	-1.057807e+00
9.587616e-01	8.694722e-01	7.096018e-01	7.369863e-01	4.560435e-01	-1.365433e+00
5.628937e-01	9.878023e-01	8.151652e-01	4.365757e-01	6.479265e-01	-1.225182e+00
3.921637e-01	3.501572e-01	3.769955e-01	4.462846e-01	3.617311e-01	-4.636660e-01
5.038289e-01	3.638807e-01	6.433126e-01	6.576047e-01	9.893466e-01	-1.078987e+00
5.229887e-01	5.434726e-01	6.761458e-01	4.414616e-01	2.977564e-01	-7.409126e-01
3.434797e-01	5.658324e-01	7.521385e-01	4.597628e-01	9.130851e-01	-1.017149e+00
7.996569e-01	6.297126e-01	4.809974e-01	3.735429e-01	4.267094e-01	-8.553096e-01
7.157757e-01	5.644818e-01	9.025176e-01	8.817100e-01	8.780138e-01	-1.471249e+00
7.190885e-01	5.850839e-01	6.530757e-01	3.875573e-01	9.663659e-01	-1.155586e+00
9.561508e-01	7.825062e-01	8.241943e-01	7.966330e-01	8.314183e-01	-1.595451e+00
5.017951e-01	5.401037e-01	8.723243e-01	7.377163e-01	7.504026e-01	-1.201171e+00
5.066162e-01	9.137080e-01	9.631954e-01	7.039224e-01	4.147101e-01	-1.251076e+00
3.652506e-01	9.623845e-01	5.694132e-01	5.160818e-01	3.879004e-01	-9.005152e-01
8.962398e-01	5.783065e-01	9.866640e-01	4.103276e-01	8.421441e-01	-1.356841e+00
7.033351e-01	8.718487e-01	5.342297e-01	6.976841e-01	9.185634e-01	-1.362830e+00
8.039393e-01	9.450382e-01	4.638636e-01	7.107126e-01	9.419513e-01	-1.432752e+00
3.247533e-01	3.433873e-01	7.174090e-01	4.039284e-01	5.124420e-01	-6.509600e-01
9.251346e-01	7.750886e-01	4.010374e-01	9.027898e-01	3.959645e-01	-1.200007e+00
6.130884e-01	7.613100e-01	5.635790e-01	9.215655e-01	9.933923e-01	-1.426468e+00
6.778571e-01	3.832334e-01	6.652187e-01	5.939267e-01	4.173663e-01	-8.688010e-01
7.249285e-01	8.133664e-01	3.830439e-01	4.422728e-01	3.609585e-01	-8.622850e-01
9.801118e-01	6.085489e-01	8.324433e-01	8.680109e-01	9.076522e-01	-1.598384e+00
3.700654e-01	7.114809e-01	5.143930e-01	9.507108e-01	4.182871e-01	-9.824686e-01
5.200366e-01	7.354347e-01	4.628074e-01	4.092266e-01	9.322187e-01	-1.029862e+00
8.439321e-01	6.326894e-01	6.061497e-01	4.623712e-01	3.850709e-01	-9.651066e-01
4.585952e-01	3.620482e-01	3.237879e-01	2.921076e-01	4.321109e-01	-4.343249e-01
8.483722e-01	8.522152e-01	5.986151e-01	8.115403e-01	6.811694e-01	-1.395956e+00
8.726670e-01	9.796364e-01	7.611592e-01	5.741447e-01	9.845720e-01	-1.586090e+00
8.983049e-01	4.772276e-01	4.543337e-01	5.032637e-01	5.871790e-01	-9.601545e-01
4.946857e-01	7.068800e-01	4.443322e-01	5.785659e-01	6.975021e-01	-9.609829e-01
5.482570e-01	3.663004e-01	9.029781e-01	6.408521e-01	7.782357e-01	-1.118312e+00
8.749076e-01	3.733821e-01	3.250988e-01	3.690623e-01	6.732346e-01	-8.078427e-01
4.056461e-01	7.717564e-01	4.407383e-01	5.470191e-01	9.783894e-01	-1.071775e+00
4.844908e-01	7.291081e-01	7.582753e-01	7.037066e-01	7.666173e-01	-1.221099e+00
8.072477e-01	7.482930e-01	5.000593e-01	8.204512e-01	9.506197e-01	-1.413335e+00
6.748532e-01	9.005448e-01	5.005669e-01	5.454166e-01	5.677971e-01	-1.094589e+00
6.075523e-01	5.238403e-01	8.645997e-01	4.086963e-01	4.495166e-01	-9.271026e-01
9.900909e-01	4.303875e-01	4.456925e-01	5.004005e-01	3.337313e-01	-8.501513e-01
9.968215e-01	5.829615e-01	8.475867e-01	8.098609e-01	4.026147e-01	-1.319923e+00
3.187322e-01	5.832874e-01	6.918894e-01	3.633915e-01	3.305748e-01	-6.439377e-01
9.097828e-01	9.445143e-01	7.919610e-01	4.931694e-01	3.814448e-01	-1.260436e+00
3.441999e-01	4.230078e-01	2.644870e-01	5.676368e-01	3.872585e-01	-4.932950e-01
9.452214e-01	8.069299e-01	6.007891e-01	7.157027e-01	4.650301e-01	-1.266837e+00
9.207497e-01	5.331024e-01	4.251545e-01	5.273331e-01	6.225472e-01	-1.014443e+00
8.266590e-01	9.156929e-01	7.030142e-01	3.897901e-01	3.870518e-01	-1.111104e+00
9.195624e-01	4.834444e-01	3.578217e-01	5.572701e-01	6.037580e-01	-9.609284e-01
8.182252e-01	6.436661e-01	9.140166e-01	7.637829e-01	7.732786e-01	-1.456485e+00
8.385084e-01	4.180630e-01	9.759125e-01	6.211329e-01	8.528228e-01	-1.353220e+00
6.504002e-01	3.724203e-01	5.136758e-01	3.218545e-01	3.385308e-01	-5.984408e-01
9.068355e-01	4.518792e-01	8.991120e-01	5.753281e-01	9.347367e-01	-1.383946e+00
6.826900e-01	5.521975e-01	4.777585e-01	5.300047e-01	8.463679e-01	-1.044509e+00
5.607687e-01	4.722346e-01	4.247019e-01	7.428844e-01	5.091790e-01	-8.548843e-01
6.620033e-01	4.633631e-01	7.893817e-01	5.420515e-01	8.339726e-01	-1.145386e+00
5.636550e-01	5.204141e-01	3.804934e-01	7.742031e-01	7.010863e-01	-9.699260e-01
3.790458e-01	3.642709e-01	5.534415e-01	9.100150e-01	8.002304e-01	-1.003502e+00
5.934339e-01	9.259467e-01	4.952427e-01	3.466363e-01	5.221930e-01	-9.417263e-01
4.022090e-01	6.740762e-01	2.951160e-01	6.649449e-01	4.351404e-01	-7.357432e-01
4.730910e-01	3.909697e-01	3.068748e-01	8.002428e-01	6.534419e-01	-8.123101e-01
7.527825e-01	8.606000e-01	4.132138e-01	5.486883e-01	5.863220e-01	-1.080803e+00
8.552097e-01	6.344828e-01	5.312424e-01	3.641534e-01	6.443984e-01	-1.014743e+00
7.438145e-01	5.821871e-01	5.307857e-01	7.711188e-01	9.684568e-01	-1.298182e+00
5.704513e-01	5.745269e-01	7.762441e-01	9.274343e-01	8.260701e-01	-1.337363e+00
8.501812e-01	4.083537e-01	3.429417e-01	4.143540e-01	6.585977e-01	-8.372141e-01
5.273666e-01	5.670437e-01	6.445127e-01	3.586417e-01	5.875367e-01	-8.425507e-01
7.581348e-01	4.952439e-01	8.958574e-01	7.253506e-01	9.414270e-01	-1.408007e+00
7.236343e-01	5.119068e-01	2.994845e-01	5.372597e-01	2.974900e-01	-6.848877e-01
4.324833e-01	3.324899e-01	7.087432e-01	3.087289e-01	3.530151e-01	-5.677302e-01
4.178523e-01	3.438653e-01	8.566629e-01	8.339170e-01	5.509894e-01	-1.001644e+00
4.343885e-01	2.864414e-01	8.003816e-01	5.316313e-01	3.207255e-01	-6.867841e-01
5.944690e-01	8.793004e-01	3.911446e-01	6.348365e-01	3.876324e-01	-9.436914e-01
6.726245e-01	3.143369e-01	6.536502e-01	3.066354e-01	5.057433e-01	-7.264951e-01
8.979027e-01	9.674494e-01	5.740576e-01	5.006392e-01	3.754453e-01	-1.157747e+00
4.614287e-01	8.720938e-01	7.001423e-01	9.418528e-01	6.262130e-01	-1.300865e+00
4.092911e-01	8.643869e-01	6.033729e-01	7.954115e-01	3.804873e-01	-1.026475e+00
7.267783e-01	4.673553e-01	6.340382e-01	5.632768e-01	8.931202e-01	-1.142284e+00
9.847496e-01	9.776326e-01	7.711724e-01	9.351178e-01	8.264056e-01	-1.747539e+00
9.810030e-01	4.425360e-01	9.052269e-01	3.485535e-01	3.890200e-01	-1.033170e+00
7.322103e-01	3.247248e-01	7.633245e-01	6.637873e-01	3.313038e-01	-9.076754e-01
8.130091e-01	3.162137e-01	6.255964e-01	4.304102e-01	3.110198e-01	-7.481246e-01
8.245628e-01	8.796632e-01	8.961759e-01	6.543938e-01	7.596347e-01	-1.507215e+00
4.453128e-01	9.525677e-01	6.104766e-01	3.580518e-01	7.413621e-01	-1.053886e+00
8.236861e-01	6.468704e-01	9.923624e-01	4.370332e-01	7.988888e-01	-1.349421e+00
4.296121e-01	5.162872e-01	8.228240e-01	9.012405e-01	4.492035e-01	-1.059584e+00
6.048090e-01	3.183367e-01	3.382356e-01	5.475454e-01	3.556184e-01	-5.822725e-01
7.861084e-01	3.775620e-01	4.163915e-01	6.914179e-01	8.336535e-01	-1.052567e+00
3.968130e-01	8.674726e-01	8.804023e-01	5.447641e-01	4.461963e-01	-1.067824e+00
3.572946e-01	9.030147e-01	6.022397e-01	5.116413e-01	5.612390e-01	-9.677147e-01
3.269671e-01	2.647052e-01	2.036873e-01	2.780592e-01	3.376953e-01	-2.055571e-01
9.840352e-01	4.500851e-01	5.402355e-01	9.912647e-01	7.824041e-01	-1.374012e+00
5.371743e-01	4.248298e-01	3.745784e-01	3.174515e-01	6.007904e-01	-6.274122e-01
3.853371e-01	7.542452e-01	7.528740e-01	7.196338e-01	7.521084e-01	-1.182099e+00
9.510276e-01	5.011417e-01	7.268755e-01	8.639333e-01	6.575540e-01	-1.350266e+00
4.366264e-01	3.380045e-01	4.823260e-01	5.337151e-01	4.454080e-01	-6.180400e-01
8.689564e-01	5.249715e-01	7.044262e-01	5.501202e-01	3.811244e-01	-1.014799e+00
8.297836e-01	6.446016e-01	5.998559e-01	9.458000e-01	6.068241e-01	-1.313433e+00
8.318420e-01	8.794597e-01	3.486695e-01	6.934701e-01	3.997264e-01	-1.076584e+00
3.799877e-01	4.917332e-01	9.114360e-01	7.485007e-01	5.039188e-01	-1.017788e+00
3.770307e-01	8.445582e-01	3.873382e-01	5.701606e-01	7.498985e-01	-9.644931e-01
4.089672e-01	6.563936e-01	9.901125e-01	6.954537e-01	8.839125e-01	-1.317420e+00
6.721353e-01	5.086000e-01	3.915106e-01	7.414464e-01	4.099946e-01	-8.618435e-01
8.034191e-01	6.262499e-01	6.877304e-01	7.409730e-01	6.278310e-01	-1.243102e+00
8.736446e-01	8.910398e-01	6.219897e-01	7.602018e-01	6.222451e-01	-1.384560e+00
3.649850e-01	6.317109e-01	7.295025e-01	9.716760e-01	5.032354e-01	-1.100555e+00
2.865981e-01	5.480012e-01	4.118233e-01	5.026837e-01	4.743226e-01	-6.117145e-01
4.211217e-01	6.491671e-01	5.272156e-01	6.046753e-01	4.073267e-01	-8.047533e-01
9.331921e-01	9.458566e-01	7.166761e-01	7.561601e-01	9.720168e-01	-1.661951e+00
5.622914e-01	3.783443e-01	4.465356e-01	9.965407e-01	8.028423e-01	-1.093277e+00
8.594489e-01	6.800592e-01	5.127564e-01	4.074725e-01	7.678958e-01	-1.113816e+00
7.772787e-01	8.323797e-01	4.405533e-01	3.742416e-01	7.874677e-01	-1.105960e+00
8.289566e-01	6.283935e-01	4.546030e-01	4.432832e-01	7.037422e-01	-1.029489e+00
4.229545e-01	7.059557e-01	7.134771e-01	4.254893e-01	5.748010e-01	-9.213389e-01
3.861500e-01	5.351362e-01	9.035559e-01	5.093555e-01	4.820219e-01	-9.081098e-01
3.715482e-01	3.631079e-01	8.050053e-01	5.381413e-01	3.629943e-01	-7.203984e-01
5.305550e-01	6.615548e-01	8.974936e-01	7.995260e-01	8.364361e-01	-1.362783e+00
7.835183e-01	4.285628e-01	8.042247e-01	4.964094e-01	4.289916e-01	-9.708534e-01
7.888071e-01	5.463448e-01	5.198465e-01	5.089540e-01	9.687629e-01	-1.166358e+00
6.377348e-01	7.582588e-01	6.602037e-01	7.808209e-01	3.655013e-01	-1.101260e+00
7.841438e-01	6.060084e-01	4.632597e-01	3.519685e-01	6.389396e-01	-9.221600e-01
7.610710e-01	4.871179e-01	7.795409e-01	6.217867e-01	7.566594e-01	-1.203088e+00
6.073323e-01	8.334169e-01	4.273273e-01	3.988333e-01	7.873372e-01	-1.027124e+00
7.862600e-01	4.337420e-01	9.620179e-01	5.858174e-01	8.666330e-01	-1.317235e+00
6.569017e-01	4.626495e-01	5.917858e-01	3.376796e-01	7.389556e-01	-8.939861e-01
4.100397e-01	7.620934e-01	7.676587e-01	6.276290e-01	9.401137e-01	-1.253767e+00
3.412804e-01	8.393796e-01	6.834410e-01	3.284923e-01	5.132570e-01	-8.529252e-01
5.233024e-01	8.131102e-01	8.295207e-01	9.695478e-01	5.719356e-01	-1.353708e+00
9.699446e-01	5.630952e-01	9.130021e-01	4.247871e-01	9.653608e-01	-1.418095e+00
6.541552e-01	5.759061e-01	7.884420e-01	5.244231e-01	6.333451e-01	-1.088136e+00
5.144560e-01	6.127734e-01	7.747125e-01	9.863622e-01	9.873741e-01	-1.437839e+00
6.025374e-01	3.332190e-01	3.997373e-01	4.427706e-01	4.975112e-01	-6.378878e-01
8.714891e-01	7.238548e-01	7.215973e-01	4.783952e-01	9.570570e-01	-1.376197e+00
4.305804e-01	8.807743e-01	9.599612e-01	7.663484e-01	4.425412e-01	-1.240103e+00
5.099947e-01	3.745162e-01	5.460521e-01	9.882170e-01	9.744887e-01	-1.196634e+00
8.982211e-01	6.866305e-01	6.516188e-01	5.287682e-01	5.341311e-01	-1.149685e+00
3.692620e-01	5.881891e-01	6.557335e-01	6.239399e-01	3.923884e-01	-8.147564e-01
3.999192e-01	7.479963e-01	4.743661e-01	9.196249e-01	4.833649e-01	-1.012636e+00
8.308317e-01	4.975076e-01	3.586197e-01	8.701415e-01	4.874967e-01	-1.022299e+00
6.179496e-01	3.763942e-01	5.714063e-01	4.292141e-01	7.626167e-01	-8.787904e-01
5.299465e-01	7.288362e-01	4.354160e-01	7.616645e-01	7.386019e-01	-1.097233e+00
7.197109e-01	5.026058e-01	5.820020e-01	4.614171e-01	4.263478e-01	-8.460418e-01
8.056013e-01	7.744741e-01	7.683859e-01	6.966343e-01	7.953711e-01	-1.420233e+00
7.288209e-01	8.291743e-01	9.832776e-01	4.051880e-01	7.274765e-01	-1.336969e+00
8.151115e-01	7.224308e-01	9.217718e-01	8.993682e-01	5.579019e-01	-1.458292e+00
7.062719e-01	6.367141e-01	5.735088e-01	7.794405e-01	5.062482e-01	-1.101092e+00
6.481231e-01	4.840957e-01	9.806635e-01	7.114834e-01	6.308559e-01	-1.227611e+00
7.889416e-01	5.674910e-01	8.327501e-01	5.622719e-01	7.314480e-01	-1.241451e+00
6.028349e-01	5.798962e-01	8.592520e-01	4.258115e-01	8.531263e-01	-1.160460e+00
9.580698e-01	3.811061e-01	3.709611e-01	8.244811e-01	8.325490e-01	-1.183583e+00
7.205452e-01	6.714564e-01	6.066935e-01	8.124037e-01	3.740723e-01	-1.092586e+00
6.463480e-01	5.852705e-01	7.283917e-01	9.393568e-01	4.515880e-01	-1.175478e+00
6.624975e-01	6.103804e-01	3.983553e-01	3.596073e-01	9.727541e-01	-1.001797e+00
5.901914e-01	3.879511e-01	9.340635e-01	6.788615e-01	3.597106e-01	-9.753891e-01
8.906864e-01	9.651460e-01	6.483626e-01	6.560519e-01	8.961007e-01	-1.528174e+00
8.326651e-01	9.818305e-01	8.384230e-01	7.095224e-01	7.555403e-01	-1.558991e+00
5.164566e-01	7.842460e-01	7.689986e-01	3.946991e-01	7.897493e-01	-1.127075e+00
4.077464e-01	4.725663e-01	3.824868e-01	6.051045e-01	9.007455e-01	-8.843247e-01
6.458873e-01	7.111107e-01	5.626563e-01	9.309669e-01	5.686084e-01	-1.209615e+00
3.942212e-01	6.668726e-01	6.929476e-01	4.690038e-01	3.595261e-01	-7.912856e-01
2.912804e-01	5.092124e-01	3.927555e-01	3.276481e-01	6.753299e-01	-5.981131e-01
6.102241e-01	8.603281e-01	9.527194e-01	4.198018e-01	7.112867e-01	-1.277180e+00
9.422969e-01	4.388426e-01	8.141822e-01	6.844207e-01	8.319450e-01	-1.355844e+00
7.368450e-01	6.036989e-01	4.052954e-01	8.137367e-01	4.440866e-01	-1.001831e+00
7.598418e-01	5.275641e-01	6.813344e-01	5.643741e-01	7.518943e-01	-1.142504e+00
5.280245e-01	6.889951e-01	5.083601e-01	4.726347e-01	3.720501e-01	-7.850323e-01
5.914791e-01	5.190530e-01	6.100434e-01	3.255391e-01	8.545774e-01	-9.503460e-01
3.369972e-01	9.497482e-01	4.231303e-01	3.808092e-01	6.487439e-01	-8.697144e-01
4.657724e-01	6.785672e-01	5.207615e-01	9.545004e-01	9.212561e-01	-1.270429e+00
5.205358e-01	4.956996e-01	4.960629e-01	9.889728e-01	6.112128e-01	-1.056242e+00
6.359329e-01	6.793323e-01	9.224237e-01	7.234526e-01	9.710375e-01	-1.466090e+00
3.335096e-01	3.398424e-01	3.161062e-01	6.341035e-01	6.319064e-01	-6.277340e-01
9.921462e-01	9.462694e-01	6.056035e-01	8.020881e-01	9.327607e-01	-1.639434e+00
7.011535e-01	3.891601e-01	5.805535e-01	5.342864e-01	8.328979e-01	-1.019026e+00
5.284747e-01	3.714647e-01	3.982498e-01	5.127313e-01	9.649385e-01	-8.879295e-01
6.561291e-01	5.019334e-01	6.503761e-01	6.860891e-01	3.285115e-01	-9.115196e-01
3.727207e-01	5.398694e-01	4.264224e-01	8.343271e-01	9.896236e-01	-1.081482e+00
5.374428e-01	8.776847e-01	4.858677e-01	7.555860e-01	6.944830e-01	-1.175532e+00
5.548674e-01	6.168360e-01	3.703578e-01	3.454077e-01	5.119598e-01	-6.997143e-01
3.522778e-01	4.466683e-01	7.742037e-01	4.213963e-01	9.595451e-01	-9.770455e-01
7.945939e-01	3.963777e-01	8.892934e-01	6.220793e-01	4.508788e-01	-1.076612e+00
4.369988e-01	4.264984e-01	4.018495e-01	4.219761e-01	9.095629e-01	-7.984428e-01
5.478585e-01	6.560380e-01	3.385702e-01	7.142927e-01	6.537672e-01	-9.552633e-01
4.145771e-01	7.726061e-01	2.936001e-01	5.732581e-01	4.484193e-01	-7.512303e-01
9.589723e-01	8.622435e-01	5.831249e-01	7.560393e-01	4.858502e-01	-1.323115e+00
4.110906e-01	8.267667e-01	6.154541e-01	8.627585e-01	7.342660e-01	-1.225168e+00
6.040520e-01	5.619220e-01	8.143479e-01	9.949314e-01	7.056477e-01	-1.340451e+00
5.294973e-01	4.965850e-01	9.618317e-01	4.811734e-01	9.404481e-01	-1.204768e+00
9.898311e-01	6.469918e-01	4.094172e-01	4.829484e-01	7.646299e-01	-1.146909e+00
3.309823e-01	3.460322e-01	3.850309e-01	3.561163e-01	7.393689e-01	-5.787653e-01
7.618642e-01	8.509912e-01	7.588830e-01	6.280317e-01	5.274025e-01	-1.263586e+00
9.472176e-01	9.368040e-01	5.171023e-01	7.903902e-01	6.528976e-01	-1.422206e+00
8.186916e-01	9.047332e-01	5.277009e-01	6.751419e-01	9.615509e-01	-1.443909e+00
7.760056e-01	9.072007e-01	6.968469e-01	8.394111e-01	4.401986e-01	-1.329831e+00
8.064040e-01	7.281596e-01	4.462402e-01	9.659988e-01	5.283634e-01	-1.237583e+00
6.432601e-01	6.091112e-01	6.438426e-01	7.835909e-01	9.841539e-01	-1.331979e+00
4.141809e-01	6.684034e-01	5.019940e-01	9.939175e-01	7.323490e-01	-1.155422e+00
8.528372e-01	8.375657e-01	4.554774e-01	4.285230e-01	9.739957e-01	-1.274199e+00
6.714361e-01	7.769573e-01	9.427642e-01	4.337121e-01	7.302790e-01	-1.277574e+00
8.156216e-01	5.431585e-01	6.015157e-01	6.378434e-01	6.201585e-01	-1.109149e+00
9.822458e-01	7.945257e-01	7.623553e-01	5.035412e-01	6.605678e-01	-1.351618e+00
6.685441e-01	9.694172e-01	8.365680e-01	7.787832e-01	8.413184e-01	-1.547315e+00
9.328730e-01	5.587569e-01	9.121370e-01	9.714640e-01	5.026079e-01	-1.438919e+00
9.886071e-01	7.233970e-01	9.327668e-01	8.618311e-01	7.284331e-01	-1.617518e+00
4.887163e-01	9.031061e-01	5.802749e-01	4.731365e-01	6.920752e-01	-1.068654e+00
9.477578e-01	9.587048e-01	7.641346e-01	6.350235e-01	7.949813e-01	-1.550301e+00
9.349074e-01	8.736196e-01	4.242110e-01	9.395405e-01	8.593355e-01	-1.515807e+00
5.814979e-01	9.842256e-01	5.524204e-01	8.344684e-01	5.366919e-01	-1.244652e+00
5.707547e-01	8.863628e-01	4.327938e-01	7.367521e-01	6.845840e-01	-1.155624e+00
5.393822e-01	4.292990e-01	9.893221e-01	8.869365e-01	4.315679e-01	-1.138254e+00
3.586630e-01	3.941508e-01	2.476049e-01	5.856734e-01	3.382023e-01	-4.621472e-01
6.651153e-01	9.090993e-01	3.664197e-01	5.635344e-01	5.625108e-01	-1.033340e+00
4.949341e-01	3.595852e-01	5.306861e-01	8.649140e-01	9.340079e-01	-1.092064e+00
8.846885e-01	9.479192e-01	8.722655e-01	7.301733e-01	4.914063e-01	-1.463226e+00
4.597101e-01	9.886140e-01	4.801453e-01	7.779894e-01	6.090914e-01	-1.157775e+00
8.358769e-01	6.185512e-01	8.877806e-01	5.742827e-01	7.680001e-01	-1.342246e+00
8.308820e-01	5.615566e-01	5.867318e-01	5.763001e-01	5.756746e-01	-1.065573e+00
4.531069e-01	9.531736e-01	7.358982e-01	4.095336e-01	4.226196e-01	-9.871659e-01
4.817489e-01	5.752017e-01	6.130845e-01	9.330326e-01	7.062601e-01	-1.154664e+00
8.238727e-01	6.925582e-01	9.075115e-01	8.351296e-01	5.899870e-01	-1.424530e+00
4.580075e-01	7.394720e-01	6.216292e-01	9.216774e-01	4.308045e-01	-1.085795e+00
6.283214e-01	9.562222e-01	4.432719e-01	7.277232e-01	4.868915e-01	-1.121215e+00
4.267148e-01	5.161188e-01	4.516054e-01	4.509205e-01	5.911849e-01	-7.182722e-01
5.149602e-01	9.221356e-01	6.036120e-01	8.918951e-01	6.092891e-01	-1.270946e+00
5.235899e-01	6.547331e-01	5.764672e-01	4.677533e-01	9.532839e-01	-1.087914e+00
5.978522e-01	6.020033e-01	4.839623e-01	7.801023e-01	5.108046e-01	-9.873623e-01
6.399937e-01	6.529546e-01	7.810971e-01	9.163981e-01	6.242742e-01	-1.307359e+00
4.638893e-01	8.289001e-01	4.747662e-01	3.852351e-01	7.146687e-01	-9.337297e-01
7.414046e-01	5.973676e-01	6.472903e-01	5.647100e-01	5.135060e-01	-1.032139e+00
6.818245e-01	7.915860e-01	9.240581e-01	6.690174e-01	7.812701e-01	-1.423878e+00
9.244677e-01	8.092403e-01	8.907824e-01	7.503598e-01	8.642854e-01	-1.619568e+00
2.797920e-01	3.186702e-01	4.583255e-01	9.004801e-01	3.078087e-01	-6.325382e-01
8.285737e-01	8.200879e-01	6.408504e-01	8.737110e-01	7.934843e-01	-1.478354e+00
8.777243e-01	6.813617e-01	6.969551e-01	8.750752e-01	7.577846e-01	-1.444450e+00
6.852129e-01	7.992529e-01	3.934199e-01	4.001210e-01	5.245532e-01	-9.012799e-01
4.121654e-01	4.223086e-01	8.820757e-01	6.941193e-01	9.734049e-01	-1.192037e+00
7.449672e-01	7.811823e-01	9.655547e-01	9.720919e-01	5.415753e-01	-1.502686e+00
5.802830e-01	7.314721e-01	5.923274e-01	7.170938e-01	8.152160e-01	-1.218196e+00
4.347829e-01	3.112816e-01	9.651728e-01	3.306469e-01	6.166228e-01	-8.292535e-01
6.604771e-01	7.050082e-01	6.355119e-01	9.855547e-01	7.173509e-01	-1.351951e+00
6.712002e-01	6.256257e-01	5.959090e-01	8.161682e-01	6.919050e-01	-1.200404e+00
6.547373e-01	3.861375e-01	7.320709e-01	7.119016e-01	5.390405e-01	-1.011944e+00
5.336991e-01	6.241589e-01	5.279951e-01	3.948047e-01	9.714412e-01	-1.026050e+00
6.062361e-01	6.494209e-01	4.020558e-01	4.717375e-01	8.866908e-01	-1.008071e+00
7.631397e-01	6.383482e-01	6.523299e-01	4.582292e-01	4.956091e-01	-1.003828e+00
9.427080e-01	8.848118e-01	9.248025e-01	4.975195e-01	4.255418e-01	-1.337692e+00
3.537335e-01	8.480719e-01	4.424236e-01	5.542630e-01	3.409556e-01	-7.697238e-01
2.924556e-01	2.666704e-01	3.681798e-01	2.681163e-01	3.478543e-01	-2.716381e-01
3.227712e-01	3.351517e-01	8.038483e-01	4.262294e-01	3.774036e-01	-6.327021e-01
9.242352e-01	4.066727e-01	7.572429e-01	6.024205e-01	5.471944e-01	-1.118883e+00
9.819409e-01	9.933741e-01	8.692012e-01	7.881003e-01	5.563609e-01	-1.594489e+00
5.732917e-01	9.843856e-01	9.836472e-01	6.523272e-01	5.329411e-01	-1.363296e+00
6.173528e-01	6.590602e-01	7.103751e-01	3.699569e-01	8.130695e-01	-1.084907e+00
9.357961e-01	3.728001e-01	5.879920e-01	8.384998e-01	5.233754e-01	-1.129232e+00
7.509287e-01	5.460028e-01	8.783239e-01	5.670965e-01	5.838274e-01	-1.163090e+00
9.545748e-01	6.688843e-01	3.974513e-01	6.792162e-01	9.881591e-01	-1.344143e+00
4.041147e-01	5.217067e-01	8.186889e-01	7.917724e-01	9.622632e-01	-1.249273e+00
5.388712e-01	3.316704e-01	4.670814e-01	7.434617e-01	4.070905e-01	-7.440876e-01
3.114015e-01	6.234623e-01	5.224217e-01	3.182980e-01	2.730064e-01	-5.242949e-01
3.260714e-01	4.667645e-01	7.260461e-01	8.197426e-01	5.452014e-01	-9.419130e-01
4.481464e-01	8.048615e-01	9.630128e-01	7.602837e-01	6.666901e-01	-1.321497e+00
5.561949e-01	4.015564e-01	6.758983e-01	9.494708e-01	4.050714e-01	-9.940959e-01
7.116248e-01	9.018304e-01	5.536765e-01	6.140627e-01	4.665495e-01	-1.123872e+00
8.042890e-01	4.196950e-01	8.894773e-01	9.154286e-01	4.730479e-01	-1.250969e+00
6.148238e-01	3.234793e-01	6.297555e-01	6.427050e-01	3.150212e-01	-7.628924e-01
6.143457e-01	8.273317e-01	5.560934e-01	9.994081e-01	7.411423e-01	-1.369161e+00
8.944479e-01	3.929028e-01	7.886815e-01	4.178881e-01	5.110506e-01	-1.002485e+00
7.768180e-01	6.398670e-01	3.935986e-01	9.793330e-01	6.727134e-01	-1.231165e+00
8.821762e-01	9.789141e-01	5.027923e-01	6.553926e-01	4.721945e-01	-1.245735e+00
3.426705e-01	8.752447e-01	6.785566e-01	5.386883e-01	3.610699e-01	-8.981150e-01
9.411503e-01	7.524544e-01	6.727380e-01	8.429987e-01	8.091483e-01	-1.509245e+00
8.112945e-01	8.187807e-01	3.926126e-01	3.357660e-01	6.098374e-01	-9.841456e-01
5.930213e-01	6.173993e-01	6.829764e-01	3.452611e-01	3.241617e-01	-7.814099e-01
4.185306e-01	8.628968e-01	7.771532e-01	9.638352e-01	5.165184e-01	-1.269467e+00
8.998303e-01	7.488457e-01	3.713387e-01	3.507390e-01	4.151349e-01	-8.929443e-01
8.293562e-01	6.874666e-01	8.552566e-01	5.913666e-01	9.459298e-01	-1.454688e+00
4.733189e-01	8.020592e-01	8.134621e-01	9.777452e-01	8.841033e-01	-1.475344e+00
6.791235e-01	4.812783e-01	8.688976e-01	7.835524e-01	6.678696e-01	-1.240361e+00
5.817862e-01	9.821982e-01	4.296185e-01	8.596687e-01	3.631310e-01	-1.108201e+00
5.498579e-01	3.832386e-01	5.414861e-01	4.968297e-01	7.851900e-01	-8.783011e-01
7.491106e-01	7.019693e-01	7.925404e-01	3.488616e-01	4.918813e-01	-1.042182e+00
5.632406e-01	9.665918e-01	7.233898e-01	6.059098e-01	3.625504e-01	-1.110841e+00
6.313801e-01	3.708696e-01	6.026674e-01	6.154978e-01	5.634769e-01	-8.919459e-01
6.042708e-01	5.661626e-01	3.052313e-01	4.018432e-01	7.539269e-01	-8.157174e-01
7.285338e-01	4.679052e-01	6.683491e-01	5.169853e-01	7.201414e-01	-1.050957e+00
7.451561e-01	4.204772e-01	9.933299e-01	9.480241e-01	8.071481e-01	-1.457068e+00
3.776886e-01	8.824326e-01	7.343203e-01	4.840929e-01	8.410919e-01	-1.159813e+00
6.325847e-01	7.967129e-01	9.683058e-01	7.920317e-01	9.062140e-01	-1.547925e+00
6.667354e-01	7.838124e-01	5.203402e-01	6.526250e-01	4.434407e-01	-1.033477e+00
8.089106e-01	3.925763e-01	5.395438e-01	5.798823e-01	8.563935e-01	-1.088653e+00
7.480248e-01	6.312120e-01	8.483258e-01	8.035022e-01	9.599109e-01	-1.495488e+00
6.347832e-01	9.535258e-01	6.579113e-01	9.191417e-01	6.055287e-01	-1.385445e+00
5.162779e-01	7.670632e-01	7.021075e-01	6.360080e-01	3.981140e-01	-1.009785e+00
5.333698e-01	3.799521e-01	5.964095e-01	9.625022e-01	3.837234e-01	-9.279785e-01
4.547219e-01	5.373946e-01	4.436364e-01	9.179057e-01	3.712427e-01	-8.624506e-01
9.420271e-01	9.757330e-01	7.275307e-01	7.022748e-01	4.643508e-01	-1.405958e+00
7.670793e-01	4.757667e-01	6.277858e-01	3.131854e-01	3.525524e-01	-7.681848e-01
9.131812e-01	7.940794e-01	9.613937e-01	6.777855e-01	6.371895e-01	-1.491815e+00
4.604715e-01	9.585994e-01	5.671395e-01	7.946578e-01	7.667537e-01	-1.273811e+00
3.380200e-01	4.804423e-01	3.008501e-01	4.480574e-01	3.245859e-01	-4.459779e-01
3.686470e-01	3.612442e-01	4.576236e-01	7.465788e-01	4.000451e-01	-6.670693e-01
3.679883e-01	7.987563e-01	3.054755e-01	3.901270e-01	4.192589e-01	-6.408030e-01
6.511721e-01	4.918006e-01	6.915310e-01	7.419944e-01	8.723504e-01	-1.224424e+00
3.072593e-01	6.986262e-01	5.051235e-01	4.182667e-01	4.501162e-01	-6.896959e-01
9.556608e-01	5.357529e-01	8.653666e-01	9.299230e-01	9.379638e-01	-1.612334e+00
4.243968e-01	6.165523e-01	5.499636e-01	8.421735e-01	5.691290e-01	-1.001108e+00
7.312373e-01	4.240961e-01	5.870184e-01	7.857076e-01	7.350135e-01	-1.131536e+00
3.810963e-01	7.969337e-01	7.172848e-01	3.577940e-01	9.747918e-01	-1.113950e+00
9.830671e-01	8.573266e-01	9.412895e-01	4.668903e-01	8.171177e-01	-1.532846e+00
6.981545e-01	9.376147e-01	9.578518e-01	5.539022e-01	5.383337e-01	-1.342928e+00
8.394518e-01	4.149157e-01	2.946123e-01	3.181566e-01	6.303613e-01	-7.487489e-01
3.941612e-01	3.866056e-01	3.557556e-01	7.155395e-01	4.930941e-01	-6.725781e-01
3.936421e-01	6.112691e-01	5.381975e-01	9.897281e-01	9.835115e-01	-1.258174e+00
4.455040e-01	4.175422e-01	3.796994e-01	8.121428e-01	9.796504e-01	-1.017269e+00
8.834649e-01	5.989676e-01	9.309894e-01	7.450114e-01	5.101192e-01	-1.334276e+00
8.631670e-01	5.319118e-01	9.038183e-01	4.373335e-01	8.373688e-01	-1.286800e+00
4.935932e-01	8.716672e-01	3.280870e-01	6.869734e-01	3.354883e-01	-8.579045e-01
3.884340e-01	3.087045e-01	4.324938e-01	7.260158e-01	4.786436e-01	-6.671459e-01
4.138771e-01	9.076872e-01	4.532386e-01	3.918875e-01	3.553271e-01	-7.610087e-01
5.510812e-01	8.025859e-01	3.792742e-01	9.407992e-01	5.768295e-01	-1.125285e+00
6.808567e-01	6.082509e-01	9.430493e-01	5.055216e-01	6.335659e-01	-1.185622e+00
6.368457e-01	5.066205e-01	3.771576e-01	9.539282e-01	5.094882e-01	-9.920201e-01
7.007812e-01	4.650132e-01	9.881571e-01	5.738995e-01	5.011092e-01	-1.114480e+00
8.911795e-01	8.703945e-01	3.505867e-01	4.306039e-01	4.364415e-01	-9.896031e-01
7.465910e-01	8.620964e-01	7.485283e-01	4.799730e-01	6.737751e-01	-1.255482e+00
5.612013e-01	8.105927e-01	3.317658e-01	6.017762e-01	5.789137e-01	-9.421249e-01
3.550567e-01	2.975192e-01	7.999823e-01	5.296579e-01	4.603376e-01	-7.212769e-01
3.362472e-01	5.378784e-01	6.380718e-01	7.891154e-01	5.425980e-01	-9.219554e-01
6.811775e-01	6.611470e-01	8.997233e-01	7.869309e-01	5.436754e-01	-1.286327e+00
7.763293e-01	9.760532e-01	5.213946e-01	6.326203e-01	6.915036e-01	-1.298951e+00
7.712909e-01	9.638430e-01	8.966032e-01	8.674443e-01	8.052487e-01	-1.652215e+00
6.167816e-01	9.293455e-01	5.878096e-01	6.192454e-01	5.046691e-01	-1.128926e+00
8.967445e-01	7.137924e-01	4.894892e-01	3.847978e-01	8.453792e-01	-1.165102e+00
7.159028e-01	7.711135e-01	4.962100e-01	6.694140e-01	4.067539e-01	-1.029697e+00
5.237277e-01	5.672504e-01	3.747484e-01	3.890356e-01	8.691900e-01	-8.619761e-01
9.433833e-01	6.426292e-01	5.024523e-01	7.719449e-01	9.945432e-01	-1.427476e+00
4.762543e-01	4.201926e-01	6.553938e-01	3.138173e-01	7.608925e-01	-8.132752e-01
8.976049e-01	7.178379e-01	4.816688e-01	6.148340e-01	4.213341e-01	-1.066640e+00
3.436240e-01	7.982730e-01	6.945320e-01	7.138272e-01	3.732569e-01	-9.617565e-01
6.880222e-01	9.957805e-01	8.282440e-01	8.290130e-01	5.380391e-01	-1.439549e+00
3.287921e-01	3.301594e-01	5.006204e-01	5.167110e-01	6.601261e-01	-6.682045e-01
7.447858e-01	3.887242e-01	3.921257e-01	4.986807e-01	8.707149e-01	-9.475156e-01
8.521409e-01	4.997520e-01	8.522840e-01	4.524104e-01	8.853178e-01	-1.270953e+00
4.608828e-01	5.794897e-01	3.727270e-01	9.650893e-01	6.516415e-01	-1.014915e+00
6.226642e-01	4.707786e-01	9.848358e-01	8.337405e-01	4.800610e-01	-1.196040e+00
3.627270e-01	6.352617e-01	7.326388e-01	6.443740e-01	5.490147e-01	-9.620082e-01
2.904479e-01	6.078893e-01	5.453417e-01	2.988595e-01	3.141400e-01	-5.283392e-01
7.118738e-01	9.049722e-01	8.168538e-01	8.542435e-01	8.765625e-01	-1.582253e+00
6.000468e-01	9.256525e-01	5.911377e-01	6.184640e-01	8.937743e-01	-1.314538e+00
5.170995e-01	9.503880e-01	5.966515e-01	6.257161e-01	7.604031e-01	-1.225129e+00
9.755299e-01	8.536401e-01	8.074008e-01	9.602166e-01	9.512591e-01	-1.774023e+00
7.584490e-01	9.752479e-01	9.936658e-01	8.043459e-01	8.158378e-01	-1.673773e+00
6.887376e-01	9.913644e-01	6.072079e-01	5.207801e-01	9.575550e-01	-1.382823e+00
6.421595e-01	5.936062e-01	5.406180e-01	3.891813e-01	6.391235e-01	-9.023442e-01
2.873998e-01	2.737363e-01	2.870034e-01	8.540857e-01	5.645877e-01	-6.334065e-01
9.583361e-01	7.500805e-01	7.087831e-01	7.032113e-01	6.104012e-01	-1.365406e+00
7.128480e-01	7.039483e-01	5.457845e-01	5.923754e-01	4.731570e-01	-1.014057e+00
7.639805e-01	6.395465e-01	3.756302e-01	8.006714e-01	5.941170e-01	-1.086973e+00
8.136683e-01	7.756820e-01	6.750680e-01	3.738783e-01	8.435073e-01	-1.240902e+00
8.956302e-01	6.900982e-01	9.733324e-01	7.572787e-01	4.556824e-01	-1.386011e+00
6.597865e-01	9.008238e-01	5.841882e-01	5.105485e-01	7.923325e-01	-1.223840e+00
3.092046e-01	6.145594e-01	4.919809e-01	4.837471e-01	5.649541e-01	-7.322230e-01
6.823352e-01	7.331002e-01	4.201828e-01	9.241535e-01	6.343058e-01	-1.197039e+00
8.836333e-01	4.855519e-01	3.406629e-01	5.257892e-01	5.315295e-01	-8.835834e-01
8.558945e-01	3.818725e-01	3.656193e-01	9.017272e-01	4.514097e-01	-9.782616e-01
6.876099e-01	5.805223e-01	8.905764e-01	4.446889e-01	7.090370e-01	-1.156217e+00
8.024206e-01	6.578992e-01	9.800880e-01	5.772658e-01	9.824785e-01	-1.500076e+00
7.836423e-01	3.459693e-01	6.250365e-01	4.174048e-01	3.847444e-01	-7.783987e-01
3.234143e-01	6.594836e-01	5.140010e-01	7.473983e-01	4.046660e-01	-8.244816e-01
7.519441e-01	7.976666e-01	7.230057e-01	9.210213e-01	4.892528e-01	-1.341445e+00
6.537387e-01	9.556875e-01	8.672041e-01	9.339802e-01	6.316202e-01	-1.521115e+00
7.102798e-01	4.994866e-01	8.019967e-01	5.521139e-01	3.665806e-01	-9.652289e-01
3.606233e-01	5.724447e-01	6.985881e-01	4.430571e-01	7.495108e-01	-9.121120e-01
6.322638e-01	6.250747e-01	5.180082e-01	5.845369e-01	6.860814e-01	-1.022983e+00
9.014420e-01	6.341962e-01	3.844416e-01	7.285584e-01	9.552621e-01	-1.301950e+00
7.933464e-01	7.127570e-01	9.663337e-01	7.695108e-01	8.611473e-01	-1.551548e+00
3.765030e-01	8.642699e-01	6.742076e-01	3.617703e-01	5.673306e-01	-9.220407e-01
7.957233e-01	3.791465e-01	4.359937e-01	9.543192e-01	9.306010e-01	-1.247892e+00
6.453965e-01	2.888138e-01	3.660634e-01	2.768915e-01	6.679699e-01	-6.225675e-01
4.906919e-01	7.912179e-01	3.605944e-01	9.443817e-01	6.291930e-01	-1.108039e+00
9.715713e-01	4.796147e-01	7.164171e-01	8.648350e-01	7.960314e-01	-1.414235e+00
6.111075e-01	9.512743e-01	5.333876e-01	6.504853e-01	4.605981e-01	-1.103426e+00
8.278051e-01	4.890271e-01	9.917546e-01	8.994875e-01	5.409134e-01	-1.374494e+00
9.753889e-01	4.848612e-01	5.165627e-01	5.864793e-01	6.611088e-01	-1.112200e+00
9.181858e-01	5.021771e-01	6.096359e-01	7.383352e-01	7.510357e-01	-1.259685e+00
6.835961e-01	5.789475e-01	8.833376e-01	4.022037e-01	7.461419e-01	-1.147113e+00
5.748753e-01	6.966207e-01	8.199750e-01	9.231767e-01	4.985111e-01	-1.256579e+00
3.209460e-01	3.540460e-01	3.299120e-01	7.471106e-01	9.676997e-01	-8.598571e-01
6.216748e-01	4.138238e-01	5.403524e-01	7.028006e-01	3.292787e-01	-8.039651e-01
4.894537e-01	6.913282e-01	7.476241e-01	4.749092e-01	4.160400e-01	-9.096777e-01
3.705155e-01	4.831434e-01	4.552209e-01	3.264957e-01	2.775617e-01	-4.564686e-01
7.233835e-01	6.109769e-01	4.283099e-01	8.986850e-01	8.353526e-01	-1.248354e+00
6.892820e-01	7.329282e-01	9.963749e-01	5.328021e-01	3.866180e-01	-1.169003e+00
6.275760e-01	3.779858e-01	6.008481e-01	9.572741e-01	5.639517e-01	-1.063818e+00
6.269219e-01	5.196567e-01	3.762380e-01	5.009779e-01	6.668180e-01	-8.453063e-01
6.184239e-01	4.039349e-01	5.760864e-01	8.331493e-01	3.266927e-01	-8.791436e-01
8.881253e-01	9.490914e-01	6.429583e-01	6.998103e-01	3.970192e-01	-1.288502e+00
7.082100e-01	9.703369e-01	6.707625e-01	7.096898e-01	5.597920e-01	-1.309396e+00
3.968472e-01	3.719412e-01	4.395322e-01	8.357995e-01	3.607173e-01	-7.024186e-01
4.390413e-01	8.599929e-01	5.435647e-01	8.533676e-01	4.221090e-01	-1.059038e+00
7.046457e-01	4.079080e-01	5.077343e-01	4.243817e-01	9.227831e-01	-9.837264e-01
6.934388e-01	6.941521e-01	7.035975e-01	5.869370e-01	3.572054e-01	-1.017665e+00
7.057350e-01	5.925143e-01	8.113577e-01	4.057212e-01	9.378412e-01	-1.226585e+00
4.859958e-01	6.710776e-01	5.899917e-01	9.403364e-01	6.965808e-01	-1.191991e+00
4.810708e-01	2.952241e-01	5.325108e-01	3.653238e-01	7.179576e-01	-6.960435e-01
5.240171e-01	7.301263e-01	7.017343e-01	8.489854e-01	6.209639e-01	-1.212913e+00
7.776673e-01	7.386526e-01	9.902995e-01	8.059556e-01	6.033549e-01	-1.457965e+00
7.587903e-01	3.477011e-01	4.346927e-01	8.258793e-01	6.981927e-01	-1.032628e+00
7.741056e-01	5.136658e-01	6.580627e-01	7.841010e-01	6.350729e-01	-1.182504e+00
8.359444e-01	6.094062e-01	6.950508e-01	5.949421e-01	7.778515e-01	-1.256598e+00
2.649655e-01	3.938107e-01	5.010145e-01	3.027101e-01	4.487518e-01	-4.556263e-01
7.320707e-01	6.268043e-01	8.406781e-01	6.269826e-01	5.658006e-01	-1.196168e+00
8.086658e-01	3.752336e-01	4.496073e-01	4.476483e-01	4.331190e-01	-7.571370e-01
4.048415e-01	7.897264e-01	5.080227e-01	3.383014e-01	3.778484e-01	-7.093702e-01
9.170228e-01	3.595511e-01	4.214810e-01	4.730892e-01	3.388036e-01	-7.549739e-01
5.141045e-01	5.610751e-01	6.711298e-01	6.386514e-01	6.544430e-01	-1.019702e+00
