0.000000e+00	0.000000e+00	0.000000e+00	0.000000e+00	0.000000e+00	0.000000e+00	0.000000e+00	1.000000e+00
1.111111e-03	1.111111e-03	1.111111e-03	1.111111e-03	1.111111e-03	1.111111e-03	1.111111e-03	9.911111e-01
2.222222e-03	2.222222e-03	2.222222e-03	2.222222e-03	2.222222e-03	2.222222e-03	2.222222e-03	9.822222e-01
3.333333e-03	3.333333e-03	3.333333e-03	3.333333e-03	3.333333e-03	3.333333e-03	3.333333e-03	9.733333e-01
4.444444e-03	4.444444e-03	4.444444e-03	4.444444e-03	4.444444e-03	4.444444e-03	4.444444e-03	9.644444e-01
5.555556e-03	5.555556e-03	5.555556e-03	5.555556e-03	5.555556e-03	5.555556e-03	5.555556e-03	9.555556e-01
6.666667e-03	6.666667e-03	6.666667e-03	6.666667e-03	6.666667e-03	6.666667e-03	6.666667e-03	9.466667e-01
7.777778e-03	7.777778e-03	7.777778e-03	7.777778e-03	7.777778e-03	7.777778e-03	7.777778e-03	9.377778e-01
8.888889e-03	8.888889e-03	8.888889e-03	8.888889e-03	8.888889e-03	8.888889e-03	8.888889e-03	9.288889e-01
1.000000e-02	1.000000e-02	1.000000e-02	1.000000e-02	1.000000e-02	1.000000e-02	1.000000e-02	9.200000e-01
1.111111e-02	1.111111e-02	1.111111e-02	1.111111e-02	1.111111e-02	1.111111e-02	1.111111e-02	9.111111e-01
1.222222e-02	1.222222e-02	1.222222e-02	1.222222e-02	1.222222e-02	1.222222e-02	1.222222e-02	9.022222e-01
1.333333e-02	1.333333e-02	1.333333e-02	1.333333e-02	1.333333e-02	1.333333e-02	1.333333e-02	8.933333e-01
1.444444e-02	1.444444e-02	1.444444e-02	1.444444e-02	1.444444e-02	1.444444e-02	1.444444e-02	8.844444e-01
1.555556e-02	1.555556e-02	1.555556e-02	1.555556e-02	1.555556e-02	1.555556e-02	1.555556e-02	8.755556e-01
1.666667e-02	1.666667e-02	1.666667e-02	1.666667e-02	1.666667e-02	1.666667e-02	1.666667e-02	8.666667e-01
1.777778e-02	1.777778e-02	1.777778e-02	1.777778e-02	1.777778e-02	1.777778e-02	1.777778e-02	8.577778e-01
1.888889e-02	1.888889e-02	1.888889e-02	1.888889e-02	1.888889e-02	1.888889e-02	1.888889e-02	8.488889e-01
2.000000e-02	2.000000e-02	2.000000e-02	2.000000e-02	2.000000e-02	2.000000e-02	2.000000e-02	8.400000e-01
2.111111e-02	2.111111e-02	2.111111e-02	2.111111e-02	2.111111e-02	2.111111e-02	2.111111e-02	8.311111e-01
2.222222e-02	2.222222e-02	2.222222e-02	2.222222e-02	2.222222e-02	2.222222e-02	2.222222e-02	8.222222e-01
2.333333e-02	2.333333e-02	2.333333e-02	2.333333e-02	2.333333e-02	2.333333e-02	2.333333e-02	8.133333e-01
2.444444e-02	2.444444e-02	2.444444e-02	2.444444e-02	2.444444e-02	2.444444e-02	2.444444e-02	8.044444e-01
2.555556e-02	2.555556e-02	2.555556e-02	2.555556e-02	2.555556e-02	2.555556e-02	2.555556e-02	7.955556e-01
2.666667e-02	2.666667e-02	2.666667e-02	2.666667e-02	2.666667e-02	2.666667e-02	2.666667e-02	7.866667e-01
2.777778e-02	2.777778e-02	2.777778e-02	2.777778e-02	2.777778e-02	2.777778e-02	2.777778e-02	7.777778e-01
2.888889e-02	2.888889e-02	2.888889e-02	2.888889e-02	2.888889e-02	2.888889e-02	2.888889e-02	7.688889e-01
3.000000e-02	3.000000e-02	3.000000e-02	3.000000e-02	3.000000e-02	3.000000e-02	3.000000e-02	7.600000e-01
3.111111e-02	3.111111e-02	3.111111e-02	3.111111e-02	3.111111e-02	3.111111e-02	3.111111e-02	7.511111e-01
3.222222e-02	3.222222e-02	3.222222e-02	3.222222e-02	3.222222e-02	3.222222e-02	3.222222e-02	7.422222e-01
3.333333e-02	3.333333e-02	3.333333e-02	3.333333e-02	3.333333e-02	3.333333e-02	3.333333e-02	7.333333e-01
3.444444e-02	3.444444e-02	3.444444e-02	3.444444e-02	3.444444e-02	3.444444e-02	3.444444e-02	7.244444e-01
3.555556e-02	3.555556e-02	3.555556e-02	3.555556e-02	3.555556e-02	3.555556e-02	3.555556e-02	7.155556e-01
3.666667e-02	3.666667e-02	3.666667e-02	3.666667e-02	3.666667e-02	3.666667e-02	3.666667e-02	7.066667e-01
3.777778e-02	3.777778e-02	3.777778e-02	3.777778e-02	3.777778e-02	3.777778e-02	3.777778e-02	6.977778e-01
3.888889e-02	3.888889e-02	3.888889e-02	3.888889e-02	3.888889e-02	3.888889e-02	3.888889e-02	6.888889e-01
4.000000e-02	4.000000e-02	4.000000e-02	4.000000e-02	4.000000e-02	4.000000e-02	4.000000e-02	6.800000e-01
4.111111e-02	4.111111e-02	4.111111e-02	4.111111e-02	4.111111e-02	4.111111e-02	4.111111e-02	6.711111e-01
4.222222e-02	4.222222e-02	4.222222e-02	4.222222e-02	4.222222e-02	4.222222e-02	4.222222e-02	6.622222e-01
4.333333e-02	4.333333e-02	4.333333e-02	4.333333e-02	4.333333e-02	4.333333e-02	4.333333e-02	6.533333e-01
4.444444e-02	4.444444e-02	4.444444e-02	4.444444e-02	4.444444e-02	4.444444e-02	4.444444e-02	6.444444e-01
4.555556e-02	4.555556e-02	4.555556e-02	4.555556e-02	4.555556e-02	4.555556e-02	4.555556e-02	6.355556e-01
4.666667e-02	4.666667e-02	4.666667e-02	4.666667e-02	4.666667e-02	4.666667e-02	4.666667e-02	6.266667e-01
4.777778e-02	4.777778e-02	4.777778e-02	4.777778e-02	4.777778e-02	4.777778e-02	4.777778e-02	6.177778e-01
4.888889e-02	4.888889e-02	4.888889e-02	4.888889e-02	4.888889e-02	4.888889e-02	4.888889e-02	6.088889e-01
5.000000e-02	5.000000e-02	5.000000e-02	5.000000e-02	5.000000e-02	5.000000e-02	5.000000e-02	6.000000e-01
5.111111e-02	5.111111e-02	5.111111e-02	5.111111e-02	5.111111e-02	5.111111e-02	5.111111e-02	5.911111e-01
5.222222e-02	5.222222e-02	5.222222e-02	5.222222e-02	5.222222e-02	5.222222e-02	5.222222e-02	5.822222e-01
5.333333e-02	5.333333e-02	5.333333e-02	5.333333e-02	5.333333e-02	5.333333e-02	5.333333e-02	5.733333e-01
5.444444e-02	5.444444e-02	5.444444e-02	5.444444e-02	5.444444e-02	5.444444e-02	5.444444e-02	5.644444e-01
5.555556e-02	5.555556e-02	5.555556e-02	5.555556e-02	5.555556e-02	5.555556e-02	5.555556e-02	5.555556e-01
5.666667e-02	5.666667e-02	5.666667e-02	5.666667e-02	5.666667e-02	5.666667e-02	5.666667e-02	5.466667e-01
5.777778e-02	5.777778e-02	5.777778e-02	5.777778e-02	5.777778e-02	5.777778e-02	5.777778e-02	5.377778e-01
5.888889e-02	5.888889e-02	5.888889e-02	5.888889e-02	5.888889e-02	5.888889e-02	5.888889e-02	5.288889e-01
6.000000e-02	6.000000e-02	6.000000e-02	6.000000e-02	6.000000e-02	6.000000e-02	6.000000e-02	5.200000e-01
6.111111e-02	6.111111e-02	6.111111e-02	6.111111e-02	6.111111e-02	6.111111e-02	6.111111e-02	5.111111e-01
6.222222e-02	6.222222e-02	6.222222e-02	6.222222e-02	6.222222e-02	6.222222e-02	6.222222e-02	5.022222e-01
6.333333e-02	6.333333e-02	6.333333e-02	6.333333e-02	6.333333e-02	6.333333e-02	6.333333e-02	4.933333e-01
6.444444e-02	6.444444e-02	6.444444e-02	6.444444e-02	6.444444e-02	6.444444e-02	6.444444e-02	4.844444e-01
6.555556e-02	6.555556e-02	6.555556e-02	6.555556e-02	6.555556e-02	6.555556e-02	6.555556e-02	4.755556e-01
6.666667e-02	6.666667e-02	6.666667e-02	6.666667e-02	6.666667e-02	6.666667e-02	6.666667e-02	4.666667e-01
6.777778e-02	6.777778e-02	6.777778e-02	6.777778e-02	6.777778e-02	6.777778e-02	6.777778e-02	4.577778e-01
6.888889e-02	6.888889e-02	6.888889e-02	6.888889e-02	6.888889e-02	6.888889e-02	6.888889e-02	4.488889e-01
7.000000e-02	7.000000e-02	7.000000e-02	7.000000e-02	7.000000e-02	7.000000e-02	7.000000e-02	4.400000e-01
7.111111e-02	7.111111e-02	7.111111e-02	7.111111e-02	7.111111e-02	7.111111e-02	7.111111e-02	4.311111e-01
7.222222e-02	7.222222e-02	7.222222e-02	7.222222e-02	7.222222e-02	7.222222e-02	7.222222e-02	4.222222e-01
7.333333e-02	7.333333e-02	7.333333e-02	7.333333e-02	7.333333e-02	7.333333e-02	7.333333e-02	4.133333e-01
7.444444e-02	7.444444e-02	7.444444e-02	7.444444e-02	7.444444e-02	7.444444e-02	7.444444e-02	4.044444e-01
7.555556e-02	7.555556e-02	7.555556e-02	7.555556e-02	7.555556e-02	7.555556e-02	7.555556e-02	3.955556e-01
7.666667e-02	7.666667e-02	7.666667e-02	7.666667e-02	7.666667e-02	7.666667e-02	7.666667e-02	3.866667e-01
7.777778e-02	7.777778e-02	7.777778e-02	7.777778e-02	7.777778e-02	7.777778e-02	7.777778e-02	3.777778e-01
7.888889e-02	7.888889e-02	7.888889e-02	7.888889e-02	7.888889e-02	7.888889e-02	7.888889e-02	3.688889e-01
8.000000e-02	8.000000e-02	8.000000e-02	8.000000e-02	8.000000e-02	8.000000e-02	8.000000e-02	3.600000e-01
8.111111e-02	8.111111e-02	8.111111e-02	8.111111e-02	8.111111e-02	8.111111e-02	8.111111e-02	3.511111e-01
8.222222e-02	8.222222e-02	8.222222e-02	8.222222e-02	8.222222e-02	8.222222e-02	8.222222e-02	3.422222e-01
8.333333e-02	8.333333e-02	8.333333e-02	8.333333e-02	8.333333e-02	8.333333e-02	8.333333e-02	3.333333e-01
8.444444e-02	8.444444e-02	8.444444e-02	8.444444e-02	8.444444e-02	8.444444e-02	8.444444e-02	3.244444e-01
8.555556e-02	8.555556e-02	8.555556e-02	8.555556e-02	8.555556e-02	8.555556e-02	8.555556e-02	3.155556e-01
8.666667e-02	8.666667e-02	8.666667e-02	8.666667e-02	8.666667e-02	8.666667e-02	8.666667e-02	3.066667e-01
8.777778e-02	8.777778e-02	8.777778e-02	8.777778e-02	8.777778e-02	8.777778e-02	8.777778e-02	2.977778e-01
8.888889e-02	8.888889e-02	8.888889e-02	8.888889e-02	8.888889e-02	8.888889e-02	8.888889e-02	2.888889e-01
9.000000e-02	9.000000e-02	9.000000e-02	9.000000e-02	9.000000e-02	9.000000e-02	9.000000e-02	2.800000e-01
9.111111e-02	9.111111e-02	9.111111e-02	9.111111e-02	9.111111e-02	9.111111e-02	9.111111e-02	2.711111e-01
9.222222e-02	9.222222e-02	9.222222e-02	9.222222e-02	9.222222e-02	9.222222e-02	9.222222e-02	2.622222e-01
9.333333e-02	9.333333e-02	9.333333e-02	9.333333e-02	9.333333e-02	9.333333e-02	9.333333e-02	2.533333e-01
9.444444e-02	9.444444e-02	9.444444e-02	9.444444e-02	9.444444e-02	9.444444e-02	9.444444e-02	2.444444e-01
9.555556e-02	9.555556e-02	9.555556e-02	9.555556e-02	9.555556e-02	9.555556e-02	9.555556e-02	2.355556e-01
9.666667e-02	9.666667e-02	9.666667e-02	9.666667e-02	9.666667e-02	9.666667e-02	9.666667e-02	2.266667e-01
9.777778e-02	9.777778e-02	9.777778e-02	9.777778e-02	9.777778e-02	9.777778e-02	9.777778e-02	2.177778e-01
9.888889e-02	9.888889e-02	9.888889e-02	9.888889e-02	9.888889e-02	9.888889e-02	9.888889e-02	2.088889e-01
1.000000e-01	1.000000e-01	1.000000e-01	1.000000e-01	1.000000e-01	1.000000e-01	1.000000e-01	2.000000e-01
1.011111e-01	1.011111e-01	1.011111e-01	1.011111e-01	1.011111e-01	1.011111e-01	1.011111e-01	1.911111e-01
1.022222e-01	1.022222e-01	1.022222e-01	1.022222e-01	1.022222e-01	1.022222e-01	1.022222e-01	1.822222e-01
1.033333e-01	1.033333e-01	1.033333e-01	1.033333e-01	1.033333e-01	1.033333e-01	1.033333e-01	1.733333e-01
1.044444e-01	1.044444e-01	1.044444e-01	1.044444e-01	1.044444e-01	1.044444e-01	1.044444e-01	1.644444e-01
1.055556e-01	1.055556e-01	1.055556e-01	1.055556e-01	1.055556e-01	1.055556e-01	1.055556e-01	1.555556e-01
1.066667e-01	1.066667e-01	1.066667e-01	1.066667e-01	1.066667e-01	1.066667e-01	1.066667e-01	1.466667e-01
1.077778e-01	1.077778e-01	1.077778e-01	1.077778e-01	1.077778e-01	1.077778e-01	1.077778e-01	1.377778e-01
1.088889e-01	1.088889e-01	1.088889e-01	1.088889e-01	1.088889e-01	1.088889e-01	1.088889e-01	1.288889e-01
1.100000e-01	1.100000e-01	1.100000e-01	1.100000e-01	1.100000e-01	1.100000e-01	1.100000e-01	1.200000e-01
1.111111e-01	1.111111e-01	1.111111e-01	1.111111e-01	1.111111e-01	1.111111e-01	1.111111e-01	1.111111e-01
9.553841e-01	5.170349e-01	4.408331e-01	7.136299e-01	6.394261e-01	3.804518e-01	7.474345e-01	-1.697097e+00
4.040216e-01	5.619377e-01	4.290913e-01	4.258340e-01	3.330507e-01	3.688960e-01	5.813331e-01	-1.052082e+00
2.824876e-01	3.301159e-01	6.310801e-01	7.602527e-01	6.723900e-01	4.504614e-01	3.806148e-01	-1.253701e+00
7.284148e-01	4.346623e-01	6.374312e-01	3.074738e-01	3.526451e-01	5.438186e-01	6.312609e-01	-1.317853e+00
5.448487e-01	6.506510e-01	9.194248e-01	7.830889e-01	5.856275e-01	8.671648e-01	9.235230e-01	-2.137164e+00
8.807899e-01	6.229799e-01	3.764084e-01	9.313330e-01	5.380460e-01	8.634204e-01	5.855015e-01	-1.899240e+00
8.638882e-01	7.992305e-01	8.922317e-01	4.019282e-01	5.324712e-01	5.756200e-01	9.666861e-01	-2.016028e+00
8.306770e-01	8.464626e-01	4.747359e-01	5.400509e-01	5.606612e-01	5.566024e-01	6.980247e-01	-1.753607e+00
5.842359e-01	4.052314e-01	8.641871e-01	4.182527e-01	4.061268e-01	9.455005e-01	8.854565e-01	-1.754495e+00
5.146680e-01	3.554427e-01	4.925862e-01	8.279964e-01	3.200801e-01	7.148783e-01	3.851060e-01	-1.305379e+00
5.945105e-01	7.095376e-01	5.457033e-01	9.904688e-01	5.564627e-01	6.478510e-01	7.295997e-01	-1.887067e+00
7.834946e-01	9.946171e-01	6.471282e-01	5.222147e-01	5.690387e-01	6.315240e-01	9.171542e-01	-2.032586e+00
6.779084e-01	5.602530e-01	6.507707e-01	3.891861e-01	6.553942e-01	9.422145e-01	9.752251e-01	-1.925476e+00
9.098836e-01	9.606170e-01	7.010610e-01	7.390952e-01	8.655405e-01	7.596721e-01	5.108884e-01	-2.223379e+00
3.023185e-01	3.081249e-01	5.785805e-01	3.878760e-01	2.417340e-01	3.191715e-01	3.264953e-01	-7.321503e-01
5.831191e-01	6.755939e-01	6.229998e-01	8.068819e-01	9.159395e-01	6.797762e-01	5.596323e-01	-1.921971e+00
3.802646e-01	7.657295e-01	5.142941e-01	3.092329e-01	8.334897e-01	7.677279e-01	3.345958e-01	-1.452667e+00
8.807184e-01	9.617234e-01	8.180160e-01	9.609556e-01	4.548723e-01	8.181794e-01	6.074525e-01	-2.250959e+00
7.533818e-01	8.509195e-01	9.977500e-01	5.599157e-01	9.511480e-01	6.992696e-01	8.124439e-01	-2.312414e+00
2.453159e-01	5.464843e-01	2.542194e-01	3.674989e-01	3.476760e-01	2.914623e-01	4.941279e-01	-7.733923e-01
3.959250e-01	5.281790e-01	4.338482e-01	9.824654e-01	3.003295e-01	6.328731e-01	4.029195e-01	-1.338270e+00
8.613369e-01	6.664718e-01	7.708446e-01	8.876807e-01	6.702066e-01	8.698640e-01	9.827500e-01	-2.354577e+00
7.122649e-01	5.496825e-01	7.489588e-01	4.612291e-01	7.847635e-01	8.412095e-01	9.704224e-01	-2.034265e+00
4.463321e-01	5.861871e-01	7.977094e-01	5.736414e-01	6.059764e-01	8.623618e-01	7.248984e-01	-1.798553e+00
6.760273e-01	5.368372e-01	8.676573e-01	5.042466e-01	4.866116e-01	7.951535e-01	3.468755e-01	-1.606705e+00
3.393774e-01	3.769526e-01	2.554639e-01	6.609653e-01	2.669652e-01	2.957074e-01	6.900670e-01	-9.427495e-01
4.245469e-01	8.742007e-01	5.862300e-01	3.856384e-01	4.083635e-01	4.896630e-01	9.978027e-01	-1.583223e+00
8.828955e-01	3.744083e-01	4.964075e-01	5.756481e-01	3.819697e-01	3.924997e-01	8.947698e-01	-1.499299e+00
5.840458e-01	4.534046e-01	6.314416e-01	3.909671e-01	4.326162e-01	9.114696e-01	4.468669e-01	-1.425406e+00
8.832165e-01	7.273900e-01	7.813595e-01	3.529410e-01	7.960857e-01	3.769012e-01	4.398886e-01	-1.678891e+00
7.306376e-01	4.263981e-01	5.190971e-01	3.599110e-01	2.745604e-01	6.824075e-01	2.671053e-01	-1.130058e+00
3.302168e-01	9.337732e-01	4.982058e-01	8.037673e-01	4.059265e-01	6.117913e-01	5.819816e-01	-1.582831e+00
8.202166e-01	3.920607e-01	7.829919e-01	6.595643e-01	7.593115e-01	5.040975e-01	4.333824e-01	-1.675812e+00
7.892836e-01	3.407373e-01	7.390333e-01	4.317396e-01	3.191543e-01	7.355936e-01	5.259429e-01	-1.440742e+00
8.590246e-01	9.983987e-01	5.740465e-01	9.399822e-01	7.466294e-01	7.498455e-01	5.173960e-01	-2.192661e+00
8.501380e-01	8.574383e-01	7.196950e-01	7.463610e-01	3.861896e-01	5.830626e-01	7.285549e-01	-1.935720e+00
4.453734e-01	3.828593e-01	9.569503e-01	6.091035e-01	4.704511e-01	9.352897e-01	7.662884e-01	-1.783158e+00
4.572347e-01	4.778597e-01	6.482656e-01	7.902902e-01	6.635922e-01	3.883809e-01	9.981042e-01	-1.711864e+00
5.366938e-01	3.200934e-01	3.562342e-01	4.431732e-01	7.411800e-01	4.109832e-01	4.227579e-01	-1.115558e+00
3.276610e-01	4.291542e-01	3.357994e-01	5.587292e-01	9.425111e-01	6.594779e-01	4.921374e-01	-1.372735e+00
5.030916e-01	4.381151e-01	9.800000e-01	8.046248e-01	3.578983e-01	4.760588e-01	3.733057e-01	-1.466547e+00
3.142193e-01	3.090476e-01	3.273953e-01	7.355232e-01	6.686595e-01	4.920438e-01	4.903483e-01	-1.168618e+00
7.650615e-01	9.484104e-01	8.116046e-01	6.170393e-01	9.816089e-01	7.221878e-01	6.504838e-01	-2.248198e+00
4.802942e-01	9.268112e-01	7.772265e-01	4.618817e-01	7.878914e-01	3.609679e-01	4.026701e-01	-1.598872e+00
4.807816e-01	5.335097e-01	3.046589e-01	7.258257e-01	4.212152e-01	6.309015e-01	4.099335e-01	-1.253413e+00
9.831215e-01	4.757700e-01	3.360686e-01	5.440189e-01	6.029406e-01	7.260218e-01	3.396693e-01	-1.503805e+00
6.455793e-01	3.436523e-01	6.298279e-01	5.321891e-01	5.234806e-01	9.028271e-01	4.281747e-01	-1.502865e+00
7.127579e-01	7.105849e-01	7.295297e-01	4.806390e-01	5.220205e-01	4.578043e-01	3.282368e-01	-1.470787e+00
5.978708e-01	5.390252e-01	9.744796e-01	4.392647e-01	6.996921e-01	9.552297e-01	5.186264e-01	-1.862094e+00
8.455279e-01	4.395445e-01	9.657349e-01	9.704227e-01	8.023743e-01	4.765503e-01	6.814875e-01	-2.090821e+00
3.853757e-01	4.102385e-01	9.540696e-01	5.565883e-01	8.139201e-01	4.522513e-01	9.429539e-01	-1.757699e+00
9.601142e-01	6.994284e-01	4.053333e-01	9.004156e-01	7.774749e-01	7.099146e-01	5.763385e-01	-2.014510e+00
2.904655e-01	7.493523e-01	7.286553e-01	4.055679e-01	4.048002e-01	3.919977e-01	3.716538e-01	-1.171246e+00
3.696903e-01	5.834225e-01	5.854914e-01	6.960205e-01	8.741739e-01	4.185871e-01	7.466567e-01	-1.637021e+00
9.256365e-01	6.055444e-01	7.000453e-01	7.398590e-01	6.811906e-01	3.708134e-01	8.050917e-01	-1.914090e+00
5.202603e-01	8.714015e-01	5.436863e-01	6.498386e-01	3.083652e-01	3.195651e-01	5.348224e-01	-1.373970e+00
7.644024e-01	9.062335e-01	8.004564e-01	7.516695e-01	5.174578e-01	6.773776e-01	9.668026e-01	-2.192200e+00
5.264317e-01	4.158848e-01	3.709604e-01	4.800415e-01	4.037589e-01	3.028227e-01	9.701111e-01	-1.235005e+00
7.322866e-01	8.283807e-01	5.489447e-01	5.114029e-01	3.713576e-01	5.631323e-01	7.911911e-01	-1.673348e+00
8.451909e-01	4.600168e-01	9.849690e-01	9.291355e-01	5.101988e-01	6.546803e-01	9.141401e-01	-2.149166e+00
9.620932e-01	8.311122e-01	7.386017e-01	9.663985e-01	5.566504e-01	8.719629e-01	8.277176e-01	-2.377268e+00
5.310299e-01	6.488193e-01	5.045766e-01	3.943486e-01	5.986952e-01	8.340673e-01	6.362148e-01	-1.573876e+00
8.052672e-01	7.926695e-01	5.465239e-01	8.748396e-01	4.501128e-01	9.659629e-01	3.885083e-01	-1.911942e+00
5.662322e-01	8.409401e-01	8.526641e-01	8.729506e-01	5.437688e-01	7.173176e-01	3.695789e-01	-1.881726e+00
4.355541e-01	7.228156e-01	4.541563e-01	8.953843e-01	3.769628e-01	6.151333e-01	8.769554e-01	-1.688481e+00
8.125627e-01	5.143813e-01	7.431755e-01	5.821544e-01	5.867568e-01	5.001102e-01	6.491796e-01	-1.694160e+00
7.840600e-01	8.985122e-01	6.172417e-01	4.094389e-01	8.998657e-01	4.932186e-01	7.408650e-01	-1.921601e+00
4.036294e-01	8.297721e-01	5.249527e-01	6.445028e-01	8.820767e-01	6.737492e-01	4.067912e-01	-1.682737e+00
5.948091e-01	2.998179e-01	5.087262e-01	3.062419e-01	4.903820e-01	8.985367e-01	5.603930e-01	-1.329453e+00
8.295638e-01	8.006183e-01	4.534160e-01	4.913232e-01	6.969153e-01	5.552175e-01	6.348013e-01	-1.730928e+00
8.546736e-01	9.459926e-01	4.345580e-01	5.157177e-01	4.141774e-01	7.724381e-01	6.260228e-01	-1.781790e+00
9.224533e-01	5.289845e-01	3.436010e-01	5.625762e-01	4.804227e-01	6.766171e-01	8.596241e-01	-1.687139e+00
4.634842e-01	6.000942e-01	9.554359e-01	8.904956e-01	7.259818e-01	5.387402e-01	4.936331e-01	-1.833932e+00
9.464504e-01	3.303549e-01	9.445138e-01	4.337238e-01	5.148877e-01	6.152466e-01	3.392762e-01	-1.562227e+00
5.610961e-01	2.712212e-01	4.503589e-01	4.656683e-01	5.243562e-01	7.086250e-01	2.859129e-01	-1.133619e+00
6.479832e-01	7.801246e-01	9.912414e-01	5.719367e-01	8.593749e-01	4.286566e-01	8.748671e-01	-2.077092e+00
9.796513e-01	9.147246e-01	9.490163e-01	4.983824e-01	6.357321e-01	3.697642e-01	4.622268e-01	-1.904749e+00
8.254772e-01	4.133822e-01	7.887341e-01	7.195218e-01	7.788746e-01	4.450721e-01	8.260631e-01	-1.898563e+00
8.854384e-01	8.053135e-01	4.680918e-01	4.538641e-01	3.560751e-01	3.960436e-01	8.019975e-01	-1.583412e+00
8.967358e-01	7.864262e-01	9.343532e-01	4.013125e-01	9.362874e-01	5.879552e-01	5.099982e-01	-2.026534e+00
5.651670e-01	4.060678e-01	9.703926e-01	8.623546e-01	7.176363e-01	4.085739e-01	7.887864e-01	-1.859489e+00
4.645814e-01	3.052237e-01	4.532237e-01	6.082147e-01	3.746100e-01	3.257845e-01	3.945974e-01	-9.631177e-01
6.157392e-01	4.488728e-01	4.227742e-01	3.047069e-01	7.226086e-01	8.601119e-01	3.008206e-01	-1.337817e+00
6.052797e-01	5.558348e-01	3.279112e-01	4.438388e-01	3.449543e-01	9.022689e-01	9.726330e-01	-1.576360e+00
8.259147e-01	6.807716e-01	7.817168e-01	4.940463e-01	8.011460e-01	8.282279e-01	6.098659e-01	-2.010845e+00
9.298114e-01	6.083542e-01	5.206318e-01	7.196940e-01	5.756255e-01	5.237949e-01	8.552248e-01	-1.866568e+00
8.150759e-01	7.145285e-01	4.583087e-01	8.702897e-01	5.758487e-01	8.996195e-01	4.654317e-01	-1.899551e+00
3.662635e-01	5.163641e-01	9.025648e-01	5.129124e-01	6.123514e-01	6.936553e-01	8.728786e-01	-1.738495e+00
4.389285e-01	9.275924e-01	6.994871e-01	7.380947e-01	7.424457e-01	3.718725e-01	9.190509e-01	-1.918736e+00
7.455080e-01	5.153948e-01	6.468288e-01	7.045902e-01	4.964140e-01	9.692590e-01	4.204654e-01	-1.749230e+00
6.571295e-01	5.246282e-01	4.272199e-01	6.115249e-01	3.934383e-01	5.964652e-01	3.924862e-01	-1.301446e+00
7.519661e-01	3.646440e-01	4.180828e-01	7.789888e-01	2.772085e-01	3.661591e-01	4.756517e-01	-1.216351e+00
2.712896e-01	6.534761e-01	2.699023e-01	2.102066e-01	3.571045e-01	2.168665e-01	3.295790e-01	-6.542123e-01
5.721876e-01	6.159969e-01	3.725553e-01	6.766814e-01	4.124149e-01	3.354764e-01	8.021996e-01	-1.393756e+00
9.994133e-01	8.977145e-01	8.631335e-01	7.114462e-01	8.484272e-01	8.898330e-01	8.281686e-01	-2.519068e+00
6.564958e-01	5.256279e-01	8.898944e-01	8.870008e-01	7.429225e-01	6.170794e-01	4.797213e-01	-1.899371e+00
7.760717e-01	8.138610e-01	8.574555e-01	7.155199e-01	9.418514e-01	5.478925e-01	8.272116e-01	-2.239932e+00
4.322645e-01	6.672448e-01	5.112689e-01	4.109051e-01	5.638972e-01	5.529067e-01	7.893882e-01	-1.463938e+00
5.444744e-01	4.008554e-01	3.216895e-01	7.764617e-01	4.869132e-01	3.584511e-01	3.902664e-01	-1.139556e+00
8.520452e-01	7.289939e-01	6.089104e-01	9.243872e-01	6.455600e-01	7.153336e-01	8.844562e-01	-2.179843e+00
4.260098e-01	5.935307e-01	7.210372e-01	4.049336e-01	7.877138e-01	8.493849e-01	4.177015e-01	-1.600156e+00
8.239332e-01	7.401560e-01	3.627295e-01	4.123807e-01	7.216300e-01	6.507023e-01	8.651960e-01	-1.788364e+00
8.449114e-01	5.304484e-01	9.714784e-01	9.319678e-01	5.708357e-01	4.083726e-01	7.570447e-01	-2.007529e+00
5.803746e-01	7.490828e-01	5.523290e-01	8.409974e-01	4.557950e-01	5.740410e-01	9.191608e-01	-1.835890e+00
6.072298e-01	8.812111e-01	4.793269e-01	3.549863e-01	9.777496e-01	3.909271e-01	5.083213e-01	-1.599876e+00
9.617665e-01	8.969343e-01	4.705228e-01	8.720330e-01	4.022372e-01	9.514839e-01	8.483665e-01	-2.201672e+00
5.378993e-01	6.294246e-01	4.966727e-01	8.154228e-01	4.518176e-01	7.706903e-01	3.505951e-01	-1.526261e+00
4.775442e-01	6.451485e-01	4.984054e-01	7.583008e-01	7.990988e-01	8.317025e-01	7.442432e-01	-1.877222e+00
7.162961e-01	5.542022e-01	8.418138e-01	5.336401e-01	4.572198e-01	6.866118e-01	4.967364e-01	-1.643260e+00
6.096519e-01	6.678945e-01	4.193900e-01	8.669135e-01	9.265253e-01	5.675324e-01	7.507045e-01	-1.904306e+00
6.098618e-01	3.656493e-01	7.167428e-01	7.150939e-01	6.807849e-01	8.507050e-01	3.813760e-01	-1.660107e+00
5.766106e-01	4.408462e-01	6.319395e-01	5.784658e-01	8.394955e-01	8.470981e-01	3.829388e-01	-1.648697e+00
6.835159e-01	7.538311e-01	4.419300e-01	4.158890e-01	4.035077e-01	7.529472e-01	8.035700e-01	-1.627595e+00
6.523733e-01	7.713376e-01	4.939444e-01	6.632751e-01	3.826901e-01	5.925545e-01	5.469453e-01	-1.551560e+00
6.149180e-01	8.624277e-01	7.989063e-01	7.619033e-01	6.236523e-01	8.019468e-01	7.299459e-01	-2.096850e+00
6.004514e-01	4.093885e-01	5.748803e-01	7.213317e-01	3.839617e-01	3.251903e-01	4.362343e-01	-1.225719e+00
4.469581e-01	9.003891e-01	3.317522e-01	3.889726e-01	3.068530e-01	6.782534e-01	7.095949e-01	-1.381387e+00
5.501037e-01	6.214780e-01	8.140642e-01	6.950610e-01	4.338743e-01	3.328290e-01	8.416874e-01	-1.644549e+00
4.232146e-01	3.118113e-01	6.380458e-01	4.407199e-01	3.808420e-01	4.962113e-01	2.948402e-01	-9.928426e-01
6.295299e-01	4.720627e-01	6.060666e-01	5.201183e-01	6.797195e-01	9.025909e-01	9.416157e-01	-1.875852e+00
3.116293e-01	5.805370e-01	5.211712e-01	3.473803e-01	4.457781e-01	5.788444e-01	7.202385e-01	-1.252789e+00
6.661733e-01	7.179237e-01	5.715920e-01	7.410333e-01	6.681102e-01	4.095969e-01	9.457834e-01	-1.860106e+00
3.492537e-01	4.762741e-01	8.271302e-01	5.204785e-01	3.278886e-01	5.854308e-01	6.523229e-01	-1.369389e+00
8.834451e-01	6.773814e-01	9.008159e-01	4.084202e-01	5.587453e-01	5.646608e-01	7.502386e-01	-1.871854e+00
7.527884e-01	9.690218e-01	6.986800e-01	8.242434e-01	9.975901e-01	4.761481e-01	6.611301e-01	-2.189801e+00
6.087041e-01	8.083346e-01	5.542846e-01	3.826354e-01	3.222082e-01	6.220344e-01	8.233421e-01	-1.560772e+00
5.388905e-01	6.792856e-01	7.572647e-01	8.891743e-01	9.806536e-01	4.906689e-01	9.906671e-01	-2.163302e+00
8.172714e-01	8.524663e-01	8.802767e-01	7.267636e-01	7.038036e-01	4.160634e-01	7.926234e-01	-2.094634e+00
4.691585e-01	3.886467e-01	4.172378e-01	4.929144e-01	6.826178e-01	8.173314e-01	8.519339e-01	-1.559920e+00
8.354316e-01	3.202828e-01	3.429591e-01	3.656303e-01	5.473733e-01	3.043086e-01	9.218987e-01	-1.318942e+00
7.387350e-01	8.458557e-01	8.583079e-01	4.738663e-01	5.297668e-01	9.404546e-01	8.569231e-01	-2.121955e+00
6.671462e-01	6.306938e-01	7.180234e-01	5.341068e-01	6.198507e-01	7.821998e-01	8.636955e-01	-1.907858e+00
4.772790e-01	8.152136e-01	9.608364e-01	8.163392e-01	4.674889e-01	7.133915e-01	7.221461e-01	-1.986347e+00
5.059997e-01	8.600709e-01	5.878618e-01	4.267825e-01	5.982034e-01	6.185551e-01	5.644434e-01	-1.580958e+00
9.481236e-01	5.482627e-01	8.545448e-01	4.723549e-01	6.276145e-01	9.174309e-01	7.396554e-01	-2.053993e+00
6.720459e-01	3.698472e-01	3.535476e-01	4.143909e-01	6.989278e-01	7.904612e-01	7.792165e-01	-1.539219e+00
5.158430e-01	3.754038e-01	3.959688e-01	7.958254e-01	8.204618e-01	6.356496e-01	6.005915e-01	-1.569872e+00
5.771570e-01	4.110015e-01	7.633998e-01	8.272068e-01	9.540941e-01	6.709690e-01	8.030011e-01	-2.003415e+00
6.641310e-01	4.124000e-01	8.916623e-01	6.928188e-01	3.622954e-01	5.505650e-01	5.016631e-01	-1.537768e+00
9.943794e-01	8.019651e-01	7.472360e-01	8.959316e-01	9.752923e-01	9.006024e-01	4.713210e-01	-2.393364e+00
7.684716e-01	6.937298e-01	3.656529e-01	8.899481e-01	3.899410e-01	3.526258e-01	7.231050e-01	-1.591737e+00
4.317594e-01	7.210883e-01	5.655755e-01	4.037435e-01	4.651031e-01	3.229353e-01	8.988152e-01	-1.404510e+00
5.228377e-01	7.449787e-01	3.179207e-01	8.114342e-01	5.517946e-01	4.434620e-01	3.652529e-01	-1.378840e+00
8.018473e-01	7.592094e-01	8.673819e-01	4.980002e-01	7.671476e-01	9.901936e-01	9.333390e-01	-2.308560e+00
7.704744e-01	5.202361e-01	6.131054e-01	4.906043e-01	6.897013e-01	7.851014e-01	5.244588e-01	-1.696841e+00
3.841128e-01	8.553560e-01	4.694157e-01	8.508535e-01	6.185452e-01	9.517829e-01	7.148114e-01	-1.922439e+00
6.722332e-01	8.393003e-01	8.984471e-01	3.960014e-01	5.973325e-01	5.565494e-01	9.223972e-01	-1.941130e+00
2.930067e-01	3.196084e-01	4.465376e-01	3.739862e-01	5.426523e-01	9.678784e-01	4.718815e-01	-1.207776e+00
3.624248e-01	7.626466e-01	4.723947e-01	8.768983e-01	6.215500e-01	6.267078e-01	4.799017e-01	-1.601262e+00
4.911268e-01	9.891194e-01	6.217502e-01	6.836416e-01	8.211017e-01	4.268442e-01	3.885993e-01	-1.711092e+00
9.193181e-01	7.651771e-01	4.915611e-01	7.821091e-01	6.010552e-01	3.552376e-01	6.301977e-01	-1.772328e+00
3.370839e-01	4.532181e-01	6.578269e-01	3.701890e-01	5.288947e-01	5.967623e-01	6.820373e-01	-1.313006e+00
3.811571e-01	5.264856e-01	4.492529e-01	7.608393e-01	6.138919e-01	6.085059e-01	3.818976e-01	-1.361015e+00
3.641643e-01	5.075420e-01	7.232071e-01	8.124137e-01	3.185537e-01	6.889406e-01	3.550475e-01	-1.384934e+00
3.939151e-01	4.229577e-01	3.107840e-01	8.544442e-01	4.216479e-01	3.557303e-01	6.597657e-01	-1.209622e+00
5.971830e-01	5.599216e-01	9.047108e-01	9.043979e-01	8.877642e-01	8.147646e-01	7.486860e-01	-2.208714e+00
3.707779e-01	3.888993e-01	6.065923e-01	6.828557e-01	6.501402e-01	8.993793e-01	6.357390e-01	-1.617192e+00
3.156302e-01	3.923793e-01	3.168084e-01	6.696583e-01	9.388444e-01	5.277644e-01	4.803198e-01	-1.320702e+00
3.218729e-01	3.477079e-01	8.460667e-01	3.032776e-01	6.694185e-01	8.928266e-01	3.412055e-01	-1.361188e+00
7.058074e-01	9.857073e-01	6.619729e-01	3.798499e-01	6.847257e-01	8.042366e-01	6.385571e-01	-1.930428e+00
9.688195e-01	4.845673e-01	4.636592e-01	6.578723e-01	7.751290e-01	9.549805e-01	6.742423e-01	-1.989635e+00
6.339192e-01	9.329201e-01	9.923244e-01	8.288928e-01	4.918112e-01	5.211667e-01	4.263842e-01	-1.913709e+00
5.323611e-01	3.541757e-01	3.592526e-01	7.232654e-01	3.332421e-01	5.026251e-01	3.092340e-01	-1.057078e+00
8.784064e-01	8.106934e-01	9.963488e-01	6.297189e-01	4.308472e-01	7.693623e-01	9.952235e-01	-2.255300e+00
3.902680e-01	7.069924e-01	6.399487e-01	9.801962e-01	8.755963e-01	3.476805e-01	5.337767e-01	-1.737229e+00
3.597180e-01	5.960723e-01	6.221026e-01	5.416853e-01	9.134306e-01	6.324862e-01	5.147570e-01	-1.590126e+00
8.550931e-01	7.097687e-01	5.808920e-01	7.339810e-01	5.786006e-01	7.450569e-01	9.630269e-01	-2.083210e+00
9.711019e-01	8.056037e-01	4.234960e-01	8.099041e-01	4.000659e-01	6.694889e-01	9.577406e-01	-2.018700e+00
5.510936e-01	3.930696e-01	6.462544e-01	8.261671e-01	4.088216e-01	3.549674e-01	6.920239e-01	-1.436199e+00
2.989258e-01	7.359316e-01	3.945581e-01	3.882548e-01	6.253614e-01	5.119669e-01	4.157484e-01	-1.185374e+00
5.407040e-01	6.127542e-01	8.818286e-01	6.084224e-01	6.395742e-01	3.438758e-01	8.666431e-01	-1.746901e+00
6.175465e-01	8.482464e-01	7.781395e-01	4.446479e-01	7.925320e-01	4.471532e-01	4.447744e-01	-1.686520e+00
5.597431e-01	6.190161e-01	8.128545e-01	6.163698e-01	5.402342e-01	6.375403e-01	7.900867e-01	-1.787922e+00
6.963946e-01	5.620683e-01	6.250982e-01	3.706811e-01	7.004469e-01	8.304535e-01	8.792612e-01	-1.832202e+00
4.660527e-01	5.687370e-01	6.304929e-01	3.311681e-01	3.218467e-01	4.106037e-01	5.662193e-01	-1.147560e+00
5.855724e-01	4.638308e-01	3.257828e-01	9.513446e-01	4.103181e-01	5.644875e-01	7.590272e-01	-1.530182e+00
4.248833e-01	4.213513e-01	3.883244e-01	5.794678e-01	7.745484e-01	7.465942e-01	5.007640e-01	-1.417967e+00
3.270217e-01	4.161138e-01	7.911010e-01	3.005007e-01	6.022652e-01	8.204486e-01	5.481060e-01	-1.402778e+00
5.076102e-01	4.472691e-01	9.328079e-01	9.643530e-01	4.269885e-01	7.777025e-01	4.520929e-01	-1.754412e+00
3.658565e-01	4.569627e-01	9.197321e-01	8.741957e-01	7.701461e-01	7.562454e-01	6.391818e-01	-1.891160e+00
6.821946e-01	4.785822e-01	5.699130e-01	5.951034e-01	6.107179e-01	7.062969e-01	7.284252e-01	-1.685617e+00
9.900899e-01	7.550568e-01	7.143189e-01	5.526291e-01	7.142639e-01	4.879250e-01	9.887269e-01	-2.101505e+00
2.494039e-01	5.914424e-01	2.181470e-01	2.827982e-01	4.639394e-01	3.481901e-01	2.739075e-01	-7.139143e-01
3.786278e-01	5.754661e-01	8.061144e-01	9.064777e-01	9.514704e-01	4.733101e-01	9.569851e-01	-2.024226e+00
4.026793e-01	5.034942e-01	5.202072e-01	8.346301e-01	9.711922e-01	8.683565e-01	9.084851e-01	-2.004522e+00
8.614199e-01	9.859332e-01	4.497159e-01	7.965155e-01	6.220994e-01	6.182614e-01	7.053238e-01	-2.019635e+00
5.724664e-01	8.936358e-01	9.654859e-01	8.684403e-01	5.141597e-01	6.052479e-01	8.823007e-01	-2.150868e+00
6.324333e-01	5.239123e-01	3.381549e-01	6.068166e-01	4.379710e-01	3.248414e-01	8.253986e-01	-1.344764e+00
6.776480e-01	8.980619e-01	5.922131e-01	5.933643e-01	4.609277e-01	7.202448e-01	7.062806e-01	-1.824370e+00
7.814922e-01	6.036496e-01	9.692876e-01	5.442758e-01	6.416212e-01	5.403543e-01	6.324765e-01	-1.856579e+00
4.852790e-01	7.775246e-01	8.750423e-01	6.774840e-01	7.065258e-01	9.122499e-01	5.092189e-01	-1.971662e+00
6.102090e-01	8.119992e-01	4.191911e-01	7.307448e-01	6.873221e-01	3.489097e-01	8.561764e-01	-1.732276e+00
6.913016e-01	9.973600e-01	9.755593e-01	6.552366e-01	8.428087e-01	5.672614e-01	8.308707e-01	-2.280199e+00
4.975980e-01	6.712183e-01	9.567027e-01	5.103705e-01	6.927908e-01	4.088691e-01	7.588629e-01	-1.748206e+00
5.567105e-01	6.105805e-01	7.436848e-01	9.713546e-01	4.515073e-01	8.430782e-01	5.883094e-01	-1.882613e+00
7.568655e-01	5.129176e-01	6.406295e-01	8.530202e-01	5.210584e-01	3.260155e-01	3.541078e-01	-1.482307e+00
6.259407e-01	9.447116e-01	5.525556e-01	6.890035e-01	9.429170e-01	5.571931e-01	8.661264e-01	-2.089224e+00
3.970854e-01	3.631730e-01	2.518765e-01	4.435265e-01	5.638289e-01	3.460765e-01	3.512930e-01	-8.584299e-01
7.212733e-01	7.281054e-01	4.730519e-01	7.812684e-01	3.354308e-01	3.161434e-01	5.373767e-01	-1.446325e+00
9.808185e-01	7.098214e-01	4.313702e-01	4.853408e-01	4.773811e-01	4.485284e-01	6.354927e-01	-1.584377e+00
6.415613e-01	4.208151e-01	8.843581e-01	9.441621e-01	3.356754e-01	3.414762e-01	3.957809e-01	-1.481915e+00
5.761830e-01	6.690659e-01	7.637500e-01	3.777567e-01	5.655097e-01	6.613714e-01	3.085405e-01	-1.461089e+00
4.925884e-01	5.007779e-01	7.799305e-01	4.667706e-01	6.838388e-01	4.608804e-01	5.717691e-01	-1.478278e+00
9.649637e-01	4.390614e-01	5.946419e-01	6.971444e-01	6.939208e-01	5.976365e-01	8.591617e-01	-1.923265e+00
7.683514e-01	9.571821e-01	8.204759e-01	6.410769e-01	5.545778e-01	3.739490e-01	5.283729e-01	-1.821993e+00
7.492810e-01	8.759677e-01	4.386278e-01	8.858231e-01	3.791564e-01	6.264500e-01	8.776172e-01	-1.916462e+00
5.738470e-01	5.524424e-01	4.427605e-01	3.774583e-01	5.366738e-01	9.747565e-01	6.554241e-01	-1.556681e+00
4.282183e-01	3.342127e-01	8.068204e-01	3.267173e-01	7.014601e-01	4.393896e-01	5.446824e-01	-1.290750e+00
4.093094e-01	4.929185e-01	7.815089e-01	9.181794e-01	3.829971e-01	9.337566e-01	5.112283e-01	-1.714949e+00
3.637391e-01	7.111289e-01	8.823776e-01	5.819430e-01	7.419082e-01	4.438631e-01	7.292002e-01	-1.727080e+00
4.639460e-01	2.971867e-01	2.926835e-01	6.169476e-01	5.251945e-01	7.588818e-01	5.317247e-01	-1.243282e+00
9.464199e-01	7.665212e-01	7.672642e-01	9.702279e-01	9.218027e-01	4.502280e-01	9.338937e-01	-2.378179e+00
7.857628e-01	3.571161e-01	2.739499e-01	5.434406e-01	4.114256e-01	2.978211e-01	3.428220e-01	-1.006169e+00
8.441459e-01	7.452615e-01	4.267930e-01	3.653178e-01	3.116530e-01	5.604385e-01	7.065692e-01	-1.480089e+00
9.663904e-01	3.285717e-01	4.739838e-01	5.456040e-01	4.468890e-01	4.030118e-01	4.366536e-01	-1.300552e+00
5.210223e-01	3.637840e-01	6.500649e-01	7.611560e-01	4.473554e-01	4.581919e-01	8.919015e-01	-1.546738e+00
7.481644e-01	7.540204e-01	9.153737e-01	4.827359e-01	6.711539e-01	6.530139e-01	4.949786e-01	-1.859720e+00
4.671226e-01	4.325844e-01	5.265042e-01	9.884754e-01	9.738893e-01	3.985724e-01	7.038078e-01	-1.745478e+00
8.291494e-01	6.829875e-01	6.506355e-01	5.671078e-01	5.287489e-01	8.590082e-01	8.146029e-01	-1.966120e+00
7.409271e-01	7.830054e-01	5.279179e-01	9.849059e-01	8.079557e-01	9.116892e-01	6.238401e-01	-2.190121e+00
6.551089e-01	9.921305e-01	9.806105e-01	5.930511e-01	6.837097e-01	7.130179e-01	7.322549e-01	-2.174942e+00
6.766676e-01	5.838940e-01	8.865134e-01	3.620489e-01	4.771086e-01	8.907401e-01	7.515400e-01	-1.814256e+00
7.011077e-01	6.045596e-01	6.667102e-01	7.928757e-01	4.391193e-01	7.491058e-01	6.961088e-01	-1.824794e+00
6.538056e-01	4.269719e-01	4.383619e-01	3.168377e-01	5.433702e-01	5.892597e-01	3.916014e-01	-1.180104e+00
4.074486e-01	6.023114e-01	7.102428e-01	6.589128e-01	3.432436e-01	5.014437e-01	9.903102e-01	-1.606957e+00
6.023126e-01	5.417131e-01	8.559307e-01	9.890297e-01	7.009025e-01	4.998447e-01	5.392019e-01	-1.864468e+00
7.065597e-01	5.737818e-01	7.351327e-01	4.645681e-01	4.490822e-01	3.971391e-01	5.516602e-01	-1.438962e+00
2.906898e-01	6.998794e-01	3.706159e-01	6.683486e-01	3.057676e-01	4.507901e-01	8.149775e-01	-1.300534e+00
9.235576e-01	6.858865e-01	8.760109e-01	4.833900e-01	9.119316e-01	7.786048e-01	4.416073e-01	-2.050494e+00
6.845278e-01	6.282795e-01	8.198797e-01	8.446268e-01	3.786955e-01	3.674753e-01	8.468251e-01	-1.785155e+00
7.690699e-01	5.189701e-01	7.524920e-01	4.299636e-01	9.369732e-01	5.887059e-01	5.400651e-01	-1.768120e+00
5.466880e-01	6.530936e-01	6.376354e-01	4.302623e-01	3.991222e-01	8.453631e-01	6.090032e-01	-1.560584e+00
4.458109e-01	4.529769e-01	7.950157e-01	3.788313e-01	7.197075e-01	2.803293e-01	3.265982e-01	-1.199635e+00
6.067154e-01	6.643738e-01	6.167095e-01	5.740766e-01	6.117325e-01	4.332036e-01	7.313980e-01	-1.619105e+00
5.552862e-01	7.815364e-01	5.098069e-01	8.525143e-01	7.794991e-01	5.744352e-01	5.990652e-01	-1.826072e+00
5.104413e-01	8.075830e-01	6.107690e-01	4.419975e-01	8.176514e-01	4.107284e-01	8.965523e-01	-1.747862e+00
9.935355e-01	4.723413e-01	4.098510e-01	3.467034e-01	3.665781e-01	8.840818e-01	3.618808e-01	-1.417486e+00
8.786621e-01	3.501813e-01	5.890692e-01	5.120551e-01	3.710907e-01	7.888818e-01	8.496387e-01	-1.669789e+00
6.618338e-01	8.032369e-01	5.443167e-01	5.305425e-01	3.576282e-01	4.191477e-01	7.463702e-01	-1.531538e+00
4.582633e-01	5.353362e-01	9.493055e-01	6.865343e-01	5.186656e-01	7.410861e-01	9.987093e-01	-1.943950e+00
4.584565e-01	5.757480e-01	5.579061e-01	8.383807e-01	3.290029e-01	3.227429e-01	7.261257e-01	-1.404181e+00
9.025600e-01	6.164298e-01	9.270182e-01	9.561554e-01	8.722377e-01	5.483693e-01	9.711894e-01	-2.396980e+00
8.105326e-01	6.434556e-01	7.005668e-01	4.044758e-01	4.741318e-01	7.504241e-01	4.452529e-01	-1.614420e+00
3.255380e-01	5.725103e-01	4.508279e-01	4.247465e-01	8.767463e-01	5.261657e-01	8.939443e-01	-1.535239e+00
3.571943e-01	2.933832e-01	4.880573e-01	3.294971e-01	3.873174e-01	8.445936e-01	3.309861e-01	-1.015515e+00
3.710584e-01	5.354667e-01	5.261362e-01	5.895003e-01	4.481189e-01	7.526447e-01	6.026139e-01	-1.412770e+00
3.200006e-01	6.378703e-01	3.322999e-01	3.208162e-01	9.967735e-01	5.294219e-01	9.344255e-01	-1.535804e+00
6.194242e-01	4.702674e-01	5.110593e-01	6.650296e-01	5.916879e-01	5.158864e-01	3.972658e-01	-1.385310e+00
6.854011e-01	7.170673e-01	3.136415e-01	6.509476e-01	3.125677e-01	3.406321e-01	9.256354e-01	-1.472946e+00
6.578287e-01	7.705906e-01	8.195676e-01	5.146565e-01	3.478822e-01	7.705442e-01	3.963871e-01	-1.638728e+00
8.623235e-01	4.294249e-01	7.328834e-01	4.464716e-01	7.693182e-01	8.217062e-01	7.687524e-01	-1.915440e+00
5.700563e-01	5.875262e-01	7.245520e-01	9.479147e-01	3.376757e-01	5.248079e-01	4.483275e-01	-1.570430e+00
7.179115e-01	5.214659e-01	8.687771e-01	4.990705e-01	8.808531e-01	7.240047e-01	5.771255e-01	-1.894604e+00
8.487835e-01	8.035691e-01	9.145911e-01	7.198635e-01	8.912606e-01	5.063901e-01	7.167388e-01	-2.200598e+00
6.491603e-01	4.333258e-01	7.901134e-01	3.444892e-01	3.631761e-01	9.768479e-01	8.328595e-01	-1.694986e+00
6.978602e-01	9.301189e-01	5.591039e-01	4.187221e-01	7.706092e-01	6.944556e-01	5.452390e-01	-1.808054e+00
3.182512e-01	3.276758e-01	2.365035e-01	2.560726e-01	5.222815e-01	3.158069e-01	4.539363e-01	-7.152639e-01
9.607947e-01	3.516673e-01	8.809944e-01	4.572499e-01	7.738783e-01	3.846618e-01	5.029632e-01	-1.656105e+00
3.694449e-01	3.531927e-01	7.249741e-01	6.730712e-01	5.836332e-01	8.062335e-01	9.779389e-01	-1.744244e+00
5.623653e-01	4.205199e-01	5.926547e-01	6.203139e-01	7.623252e-01	3.483755e-01	6.954622e-01	-1.501008e+00
3.450843e-01	2.396484e-01	2.398929e-01	6.685233e-01	6.590638e-01	2.479368e-01	2.994191e-01	-8.497843e-01
6.970613e-01	9.308708e-01	7.417844e-01	6.074646e-01	4.275382e-01	4.566494e-01	7.928264e-01	-1.827098e+00
5.207597e-01	6.788898e-01	6.718024e-01	7.938761e-01	4.550228e-01	7.686399e-01	9.889108e-01	-1.938951e+00
6.514312e-01	9.954448e-01	5.057127e-01	4.390012e-01	8.272303e-01	7.571772e-01	9.121190e-01	-2.044058e+00
9.161433e-01	4.318443e-01	4.025909e-01	3.604768e-01	6.389679e-01	3.473772e-01	6.213409e-01	-1.359371e+00
8.503413e-01	7.962741e-01	8.039463e-01	5.798379e-01	8.549841e-01	6.785749e-01	6.125021e-01	-2.088230e+00
5.304070e-01	8.891372e-01	6.091694e-01	8.220088e-01	9.799036e-01	7.049924e-01	5.495112e-01	-2.042565e+00
4.339113e-01	2.886497e-01	3.719589e-01	4.331001e-01	8.281825e-01	2.742021e-01	7.429343e-01	-1.186469e+00
3.876484e-01	5.347758e-01	8.886129e-01	8.538885e-01	6.881293e-01	5.917822e-01	4.426138e-01	-1.693726e+00
4.133123e-01	3.309090e-01	7.886191e-01	8.327791e-01	5.854149e-01	7.840141e-01	3.172746e-01	-1.526162e+00
7.444248e-01	5.208211e-01	5.380370e-01	6.621603e-01	4.585516e-01	9.857159e-01	8.530897e-01	-1.881400e+00
3.914985e-01	4.453589e-01	9.363953e-01	9.174221e-01	3.949869e-01	5.789802e-01	7.844193e-01	-1.724531e+00
3.446217e-01	3.557753e-01	7.568880e-01	7.992775e-01	9.684573e-01	8.489109e-01	3.619431e-01	-1.717937e+00
4.315743e-01	4.640578e-01	7.989244e-01	6.488467e-01	8.360149e-01	6.714211e-01	9.580104e-01	-1.904425e+00
7.863429e-01	8.959312e-01	6.639603e-01	6.032067e-01	6.332132e-01	8.930295e-01	7.422933e-01	-2.108989e+00
8.038385e-01	8.434412e-01	5.726586e-01	7.680896e-01	4.736567e-01	7.511091e-01	9.139364e-01	-2.063365e+00
4.067028e-01	7.272826e-01	8.709957e-01	8.699467e-01	9.153501e-01	7.953732e-01	4.050911e-01	-1.995371e+00
8.643830e-01	7.304655e-01	7.609382e-01	7.532387e-01	4.155041e-01	8.630773e-01	9.518341e-01	-2.169720e+00
7.169430e-01	5.785647e-01	5.569059e-01	7.374912e-01	4.122021e-01	9.566215e-01	5.615503e-01	-1.760139e+00
7.775115e-01	3.654680e-01	3.916872e-01	5.621517e-01	5.251133e-01	5.779494e-01	8.485654e-01	-1.524223e+00
9.437574e-01	7.050956e-01	3.366576e-01	3.388949e-01	3.613974e-01	9.059417e-01	3.350451e-01	-1.463395e+00
7.269113e-01	8.636626e-01	9.093546e-01	8.717739e-01	6.325044e-01	7.182037e-01	4.112680e-01	-2.066839e+00
3.776745e-01	7.189733e-01	4.196205e-01	8.141960e-01	8.872748e-01	8.974442e-01	3.917743e-01	-1.753479e+00
3.886226e-01	6.117228e-01	3.620276e-01	8.368311e-01	7.718434e-01	6.232347e-01	9.443716e-01	-1.769327e+00
6.608027e-01	6.298390e-01	3.966718e-01	9.812641e-01	5.664666e-01	9.358061e-01	5.118545e-01	-1.841352e+00
6.105494e-01	5.122663e-01	8.276563e-01	6.855472e-01	5.092244e-01	5.306524e-01	5.130218e-01	-1.594459e+00
9.888832e-01	3.811689e-01	3.432312e-01	3.347529e-01	3.584403e-01	3.212012e-01	6.022703e-01	-1.164974e+00
3.976728e-01	7.084819e-01	9.127922e-01	6.336203e-01	4.972788e-01	8.457596e-01	5.687592e-01	-1.782182e+00
3.506357e-01	9.887420e-01	7.068781e-01	6.345174e-01	4.093542e-01	7.461381e-01	4.830375e-01	-1.659651e+00
4.631538e-01	5.816594e-01	3.437035e-01	4.119770e-01	4.617868e-01	9.933674e-01	6.009870e-01	-1.428317e+00
7.067190e-01	7.689769e-01	8.250095e-01	7.647998e-01	6.878412e-01	7.710475e-01	5.115210e-01	-2.017957e+00
4.153940e-01	3.021481e-01	9.103727e-01	3.537577e-01	4.387322e-01	6.461141e-01	6.709798e-01	-1.368749e+00
6.384069e-01	6.981766e-01	4.584893e-01	9.440753e-01	6.619751e-01	4.930480e-01	8.664335e-01	-1.880302e+00
3.768303e-01	5.089602e-01	2.882940e-01	5.690555e-01	9.190361e-01	4.730550e-01	3.139784e-01	-1.224605e+00
6.574336e-01	6.119923e-01	4.903907e-01	4.413618e-01	4.738609e-01	8.085060e-01	6.811325e-01	-1.582339e+00
7.713011e-01	6.333466e-01	8.705886e-01	5.506464e-01	3.543207e-01	6.827581e-01	6.645559e-01	-1.763759e+00
5.792268e-01	9.514412e-01	5.270621e-01	6.625873e-01	6.646492e-01	3.734272e-01	6.606456e-01	-1.709520e+00
6.379423e-01	7.812039e-01	4.484521e-01	8.274232e-01	8.679812e-01	6.637886e-01	7.828061e-01	-2.004799e+00
5.144474e-01	5.159432e-01	3.318343e-01	6.535197e-01	3.314958e-01	5.294635e-01	9.425565e-01	-1.409630e+00
4.379053e-01	3.871984e-01	6.098446e-01	3.683082e-01	5.909613e-01	6.530447e-01	2.793836e-01	-1.163323e+00
3.817151e-01	5.570099e-01	4.654197e-01	9.056556e-01	9.653844e-01	4.480932e-01	4.559291e-01	-1.589603e+00
8.369318e-01	2.994954e-01	3.043437e-01	6.572794e-01	2.845734e-01	2.597764e-01	3.605420e-01	-1.001471e+00
5.756527e-01	4.223287e-01	9.020229e-01	9.588789e-01	5.292018e-01	4.270052e-01	6.568860e-01	-1.735988e+00
4.899420e-01	6.310552e-01	8.103681e-01	4.409929e-01	6.360608e-01	7.178771e-01	5.810965e-01	-1.653696e+00
9.218918e-01	3.336729e-01	7.479680e-01	3.241190e-01	3.985344e-01	4.739102e-01	6.953426e-01	-1.447719e+00
4.667089e-01	7.416632e-01	6.196032e-01	3.217468e-01	7.056053e-01	5.657797e-01	3.082105e-01	-1.364659e+00
7.758298e-01	3.723238e-01	3.349832e-01	6.496172e-01	8.097018e-01	3.621242e-01	4.858318e-01	-1.395206e+00
5.668376e-01	7.906499e-01	4.434129e-01	5.049076e-01	7.836525e-01	4.360970e-01	4.762260e-01	-1.500892e+00
8.652539e-01	5.167203e-01	6.341049e-01	4.425930e-01	6.713937e-01	5.271344e-01	7.449947e-01	-1.701097e+00
5.423542e-01	3.388889e-01	7.931116e-01	5.725515e-01	6.257378e-01	4.091158e-01	7.805955e-01	-1.531178e+00
3.379107e-01	5.671293e-01	4.100275e-01	7.209880e-01	5.057880e-01	9.646501e-01	5.447788e-01	-1.525636e+00
4.714586e-01	4.145459e-01	4.672993e-01	6.053334e-01	5.723908e-01	3.047007e-01	6.271662e-01	-1.231447e+00
5.519811e-01	3.717550e-01	6.265100e-01	6.366319e-01	9.202384e-01	3.494264e-01	3.103645e-01	-1.383454e+00
3.527286e-01	3.239952e-01	3.014171e-01	6.331163e-01	6.851658e-01	8.999804e-01	5.036431e-01	-1.350023e+00
7.048471e-01	9.068154e-01	2.952304e-01	2.973128e-01	5.350966e-01	3.434840e-01	5.746504e-01	-1.328718e+00
3.428016e-01	6.258075e-01	9.859104e-01	6.605545e-01	3.734236e-01	3.447194e-01	7.328633e-01	-1.533040e+00
3.954117e-01	4.249475e-01	7.858068e-01	6.189525e-01	8.489237e-01	4.816503e-01	7.242208e-01	-1.639957e+00
4.707549e-01	4.810578e-01	3.610757e-01	9.500542e-01	3.729085e-01	6.707076e-01	8.045646e-01	-1.555562e+00
7.918097e-01	8.691454e-01	7.157198e-01	7.128017e-01	5.694302e-01	7.071129e-01	9.111505e-01	-2.138585e+00
6.472332e-01	3.986894e-01	5.816130e-01	5.944068e-01	6.569553e-01	5.842792e-01	6.651165e-01	-1.564147e+00
7.491217e-01	8.843126e-01	2.888077e-01	3.597203e-01	3.300779e-01	3.849356e-01	4.046365e-01	-1.200806e+00
8.366895e-01	8.179295e-01	8.919923e-01	8.726786e-01	8.894259e-01	6.671944e-01	4.813531e-01	-2.228632e+00
7.247685e-01	4.602627e-01	4.299777e-01	4.516903e-01	7.326285e-01	8.606244e-01	7.016320e-01	-1.680792e+00
6.041989e-01	5.882747e-01	7.970712e-01	9.779491e-01	5.877170e-01	5.363146e-01	9.759390e-01	-2.033732e+00
7.689622e-01	8.670074e-01	7.766324e-01	7.779947e-01	9.022418e-01	4.010653e-01	5.431202e-01	-2.018512e+00
3.077103e-01	4.536325e-01	3.138237e-01	6.405100e-01	4.715658e-01	2.578233e-01	5.152028e-01	-9.801342e-01
4.961528e-01	3.030922e-01	3.335720e-01	6.626767e-01	8.739036e-01	6.435559e-01	4.380724e-01	-1.375513e+00
7.030402e-01	6.195235e-01	4.223037e-01	5.106819e-01	5.224955e-01	7.370874e-01	5.393673e-01	-1.527250e+00
8.508661e-01	9.253660e-01	7.088909e-01	5.609584e-01	4.552222e-01	9.798476e-01	8.502800e-01	-2.165716e+00
7.878505e-01	5.547758e-01	4.834443e-01	9.402437e-01	5.429498e-01	7.038339e-01	3.725521e-01	-1.692825e+00
7.700126e-01	4.562608e-01	3.246078e-01	3.618724e-01	5.560126e-01	6.780730e-01	9.807465e-01	-1.563793e+00
5.054675e-01	7.081986e-01	3.023395e-01	5.840546e-01	3.849472e-01	4.900607e-01	4.766441e-01	-1.225856e+00
5.479074e-01	5.383334e-01	7.617633e-01	7.534181e-01	5.947175e-01	8.428304e-01	5.216496e-01	-1.780310e+00
5.318327e-01	3.822383e-01	6.357624e-01	3.217884e-01	5.517397e-01	9.737719e-01	6.965466e-01	-1.546840e+00
9.379702e-01	7.116744e-01	4.242923e-01	5.940507e-01	8.869400e-01	7.699588e-01	6.123190e-01	-1.968603e+00
9.841193e-01	8.013012e-01	8.875149e-01	9.469510e-01	6.444897e-01	8.336030e-01	7.357298e-01	-2.416854e+00
9.175908e-01	7.557790e-01	8.647262e-01	3.843197e-01	6.264801e-01	8.945000e-01	6.138106e-01	-2.028603e+00
8.848206e-01	5.069376e-01	4.183791e-01	7.439664e-01	7.825773e-01	6.982827e-01	4.993445e-01	-1.767154e+00
3.044558e-01	2.841583e-01	9.230521e-01	4.551515e-01	5.265596e-01	4.257560e-01	3.432111e-01	-1.131172e+00
3.552375e-01	2.840888e-01	3.368821e-01	6.777615e-01	6.831180e-01	3.775801e-01	5.397101e-01	-1.127189e+00
8.116613e-01	7.159514e-01	6.390328e-01	6.526439e-01	3.792857e-01	6.472149e-01	3.767035e-01	-1.611247e+00
5.744079e-01	9.166858e-01	9.038120e-01	5.030164e-01	7.394276e-01	7.700606e-01	9.204718e-01	-2.163941e+00
3.702894e-01	4.266992e-01	9.682102e-01	6.139774e-01	8.457198e-01	6.161160e-01	6.486059e-01	-1.744809e+00
7.743230e-01	5.538720e-01	7.111283e-01	4.232223e-01	7.132368e-01	7.909443e-01	4.187500e-01	-1.692738e+00
5.188201e-01	4.010078e-01	8.994649e-01	7.034904e-01	5.443642e-01	8.417065e-01	6.463322e-01	-1.777593e+00
8.610634e-01	4.872455e-01	9.790466e-01	8.424953e-01	6.719237e-01	9.241098e-01	7.517671e-01	-2.258826e+00
3.856196e-01	5.848102e-01	9.384645e-01	5.801804e-01	5.010802e-01	3.706186e-01	7.235559e-01	-1.542165e+00
8.268245e-01	5.945456e-01	5.424462e-01	3.581563e-01	6.347317e-01	9.830204e-01	7.290451e-01	-1.834385e+00
3.980906e-01	3.512295e-01	6.021984e-01	3.748221e-01	8.960610e-01	7.040765e-01	8.762944e-01	-1.601386e+00
3.508529e-01	3.472501e-01	3.675205e-01	6.158832e-01	9.220315e-01	4.016121e-01	6.307486e-01	-1.317949e+00
3.559024e-01	7.004612e-01	8.891460e-01	3.638056e-01	8.327973e-01	3.510421e-01	5.731662e-01	-1.533161e+00
7.864661e-01	6.186596e-01	4.721566e-01	6.259245e-01	8.759955e-01	6.900424e-01	6.224284e-01	-1.845837e+00
5.332579e-01	6.630856e-01	7.258944e-01	8.203510e-01	7.732071e-01	4.927299e-01	8.794305e-01	-1.943978e+00
9.357051e-01	9.928925e-01	4.270098e-01	9.693895e-01	4.845757e-01	8.407074e-01	5.639429e-01	-2.107112e+00
4.947255e-01	5.822497e-01	7.317774e-01	5.720976e-01	8.597808e-01	7.203688e-01	4.620236e-01	-1.711512e+00
5.105871e-01	8.481388e-01	3.741441e-01	5.316529e-01	5.393003e-01	9.811221e-01	7.136722e-01	-1.749309e+00
3.937364e-01	6.484949e-01	9.448505e-01	8.551459e-01	6.306716e-01	8.119451e-01	8.702813e-01	-2.077563e+00
4.782280e-01	5.923395e-01	4.472826e-01	5.366012e-01	7.533088e-01	3.278888e-01	6.578980e-01	-1.396773e+00
3.724018e-01	4.104728e-01	4.279364e-01	7.751244e-01	6.393265e-01	7.661410e-01	9.266920e-01	-1.659047e+00
3.633216e-01	5.139138e-01	6.773231e-01	7.645107e-01	3.890640e-01	5.447044e-01	9.815776e-01	-1.617208e+00
6.997053e-01	6.752809e-01	4.538997e-01	2.873300e-01	3.489771e-01	6.700463e-01	3.874605e-01	-1.261350e+00
6.343873e-01	5.583849e-01	5.732812e-01	4.779134e-01	8.941368e-01	5.743188e-01	5.823008e-01	-1.647362e+00
6.463829e-01	5.010203e-01	8.453746e-01	3.831207e-01	5.595785e-01	4.554574e-01	7.758039e-01	-1.583369e+00
8.151727e-01	9.545683e-01	8.892434e-01	6.646064e-01	6.002919e-01	9.720745e-01	5.770181e-01	-2.236488e+00
8.858378e-01	4.264712e-01	2.764839e-01	3.883385e-01	4.079983e-01	7.374699e-01	2.763591e-01	-1.199479e+00
4.832913e-01	9.501051e-01	7.927355e-01	9.184755e-01	4.644841e-01	9.099886e-01	7.034681e-01	-2.111274e+00
8.404785e-01	7.618867e-01	8.239820e-01	4.564066e-01	8.102254e-01	4.641264e-01	4.770204e-01	-1.817063e+00
9.655013e-01	8.050748e-01	4.276765e-01	8.822760e-01	9.551098e-01	8.721655e-01	6.563990e-01	-2.282102e+00
4.098006e-01	5.971822e-01	4.782691e-01	4.816310e-01	2.910473e-01	3.830908e-01	7.092281e-01	-1.175124e+00
5.042711e-01	9.749260e-01	9.478235e-01	5.334739e-01	4.139477e-01	9.081497e-01	4.507436e-01	-1.866668e+00
6.011710e-01	9.052844e-01	9.679953e-01	5.467322e-01	4.800439e-01	3.596091e-01	4.668428e-01	-1.663839e+00
7.258446e-01	8.109276e-01	5.820496e-01	7.775135e-01	5.610973e-01	3.998085e-01	3.612598e-01	-1.609250e+00
3.655907e-01	5.186209e-01	9.220326e-01	4.142726e-01	7.681689e-01	8.468063e-01	3.557232e-01	-1.595608e+00
8.373771e-01	5.330353e-01	4.764751e-01	6.133656e-01	5.600151e-01	7.415818e-01	7.915431e-01	-1.776697e+00
8.771437e-01	6.684337e-01	8.481876e-01	9.027903e-01	5.310704e-01	4.600679e-01	8.113425e-01	-2.049518e+00
7.647295e-01	7.884639e-01	7.097777e-01	4.443699e-01	4.224230e-01	4.899583e-01	4.939185e-01	-1.556820e+00
4.984188e-01	6.376776e-01	6.333422e-01	8.502668e-01	7.266588e-01	5.283118e-01	9.524514e-01	-1.913564e+00
6.351132e-01	6.398621e-01	5.695431e-01	8.558918e-01	8.557651e-01	6.018691e-01	8.033696e-01	-1.980707e+00
7.934640e-01	8.804578e-01	7.366234e-01	8.075891e-01	8.739628e-01	7.758223e-01	7.176091e-01	-2.292764e+00
4.927620e-01	3.370871e-01	9.343008e-01	5.738746e-01	6.970465e-01	7.601048e-01	5.642662e-01	-1.679721e+00
8.947211e-01	6.962036e-01	7.520669e-01	8.338643e-01	6.750483e-01	8.322324e-01	8.210700e-01	-2.252603e+00
3.946506e-01	6.352817e-01	9.267009e-01	4.954791e-01	6.095145e-01	6.177503e-01	4.779588e-01	-1.578668e+00
5.720441e-01	5.144394e-01	9.996557e-01	4.090687e-01	8.915297e-01	9.482169e-01	5.055910e-01	-1.920273e+00
8.744363e-01	4.609437e-01	6.198026e-01	8.268237e-01	5.409618e-01	4.058017e-01	5.134532e-01	-1.621112e+00
9.599397e-01	6.990874e-01	7.966970e-01	9.346192e-01	5.949383e-01	8.327699e-01	5.561862e-01	-2.187119e+00
8.168548e-01	7.561184e-01	3.421252e-01	6.846776e-01	7.367637e-01	4.681333e-01	6.103245e-01	-1.707499e+00
8.599590e-01	9.389713e-01	8.912868e-01	9.420386e-01	8.323923e-01	7.849198e-01	4.848494e-01	-2.367209e+00
9.578774e-01	6.906384e-01	7.645517e-01	7.507036e-01	8.978760e-01	9.595402e-01	5.267970e-01	-2.273992e+00
4.855210e-01	8.178237e-01	5.467747e-01	8.444852e-01	4.431880e-01	8.444684e-01	4.301378e-01	-1.706199e+00
9.281044e-01	5.898164e-01	4.779020e-01	8.680401e-01	5.930748e-01	9.647881e-01	4.038783e-01	-1.912802e+00
4.789537e-01	5.794943e-01	8.613662e-01	7.291077e-01	7.934454e-01	9.557519e-01	8.657673e-01	-2.131943e+00
4.767753e-01	4.804204e-01	7.560160e-01	7.806179e-01	4.840945e-01	7.816109e-01	6.971784e-01	-1.728357e+00
7.039794e-01	7.320984e-01	8.851463e-01	4.417169e-01	8.374846e-01	3.948621e-01	4.686647e-01	-1.731976e+00
8.473646e-01	9.137405e-01	7.193858e-01	7.028912e-01	9.373796e-01	9.978248e-01	9.005854e-01	-2.509586e+00
8.726697e-01	8.604002e-01	6.983225e-01	7.129948e-01	5.078356e-01	6.345922e-01	7.044104e-01	-1.995613e+00
8.835377e-01	3.212979e-01	3.999566e-01	5.260421e-01	4.257891e-01	2.903810e-01	4.965383e-01	-1.171771e+00
3.782374e-01	5.308111e-01	6.496004e-01	9.963908e-01	4.440562e-01	7.819195e-01	6.616202e-01	-1.721318e+00
9.048642e-01	9.170632e-01	3.941734e-01	4.550459e-01	8.021687e-01	7.016859e-01	8.295855e-01	-2.002293e+00
3.187891e-01	5.312725e-01	5.978229e-01	7.163664e-01	3.588007e-01	8.180198e-01	5.708495e-01	-1.455961e+00
9.892829e-01	7.295628e-01	8.725742e-01	5.574118e-01	7.437816e-01	7.799808e-01	5.262424e-01	-2.099418e+00
3.835603e-01	4.919203e-01	4.792370e-01	2.884402e-01	7.488980e-01	4.944599e-01	5.976924e-01	-1.242104e+00
8.903535e-01	7.314929e-01	5.051030e-01	3.919994e-01	7.299776e-01	6.279209e-01	3.794247e-01	-1.628136e+00
3.040055e-01	6.237363e-01	4.894456e-01	6.661067e-01	3.566764e-01	3.872191e-01	5.323495e-01	-1.179770e+00
7.141342e-01	4.625957e-01	6.629933e-01	4.333946e-01	5.926756e-01	7.823162e-01	5.514475e-01	-1.599779e+00
8.280587e-01	6.867761e-01	3.646666e-01	8.109562e-01	7.236309e-01	3.657009e-01	7.652637e-01	-1.772527e+00
6.403955e-01	3.054999e-01	2.983278e-01	6.951950e-01	3.826175e-01	4.722092e-01	6.256796e-01	-1.209962e+00
4.174191e-01	5.811934e-01	5.320821e-01	5.807392e-01	9.357701e-01	7.054548e-01	6.068827e-01	-1.679771e+00
4.457822e-01	5.446772e-01	7.686099e-01	5.860783e-01	4.352228e-01	3.375597e-01	6.710281e-01	-1.394479e+00
7.085441e-01	6.418476e-01	5.068468e-01	9.913701e-01	6.246696e-01	4.862556e-01	7.394205e-01	-1.849477e+00
9.507262e-01	7.880531e-01	3.448745e-01	6.907772e-01	9.050185e-01	3.463569e-01	3.840912e-01	-1.704949e+00
7.552543e-01	5.459127e-01	9.969625e-01	9.161668e-01	9.185896e-01	8.266645e-01	4.148220e-01	-2.187186e+00
9.293613e-01	7.537604e-01	5.915103e-01	5.468316e-01	6.153745e-01	8.655643e-01	8.698671e-01	-2.086135e+00
3.343467e-01	7.746338e-01	6.696111e-01	8.985716e-01	3.367900e-01	3.604247e-01	9.374033e-01	-1.655891e+00
8.031086e-01	5.051006e-01	6.382238e-01	8.411148e-01	4.874747e-01	9.532141e-01	4.490830e-01	-1.838660e+00
6.135434e-01	6.943075e-01	6.238007e-01	3.401935e-01	9.009309e-01	5.290516e-01	7.237073e-01	-1.712767e+00
5.640925e-01	9.829570e-01	5.587971e-01	3.969529e-01	5.447662e-01	7.788708e-01	6.639054e-01	-1.745171e+00
7.621858e-01	6.331753e-01	4.169377e-01	5.136796e-01	9.880326e-01	4.604462e-01	8.945402e-01	-1.834499e+00
5.229790e-01	9.498763e-01	3.356595e-01	4.667182e-01	5.809001e-01	4.698836e-01	5.137339e-01	-1.419875e+00
5.238583e-01	6.405292e-01	4.368763e-01	3.813490e-01	9.427032e-01	6.190515e-01	3.337156e-01	-1.439042e+00
3.500287e-01	9.473670e-01	8.499179e-01	4.560469e-01	3.540075e-01	5.437226e-01	8.215825e-01	-1.661337e+00
5.664993e-01	9.292120e-01	8.159086e-01	7.911090e-01	7.136836e-01	9.014124e-01	8.840970e-01	-2.300961e+00
4.823361e-01	7.299180e-01	8.153860e-01	6.030198e-01	4.366001e-01	5.372931e-01	6.482882e-01	-1.626421e+00
5.656923e-01	7.076593e-01	5.908660e-01	4.581830e-01	8.650170e-01	3.321469e-01	3.061245e-01	-1.412844e+00
3.560860e-01	7.355883e-01	6.824317e-01	5.881035e-01	6.579232e-01	9.204541e-01	6.848834e-01	-1.812735e+00
7.625405e-01	8.228021e-01	8.961027e-01	7.226506e-01	9.714360e-01	5.597722e-01	6.667680e-01	-2.201036e+00
4.295416e-01	9.923838e-01	5.887133e-01	5.375832e-01	8.524014e-01	3.786391e-01	8.547249e-01	-1.816994e+00
6.214359e-01	5.728909e-01	8.216366e-01	9.488037e-01	5.279468e-01	5.096871e-01	5.190680e-01	-1.760734e+00
9.565421e-01	3.569044e-01	4.911716e-01	5.539966e-01	6.566444e-01	7.188840e-01	4.307631e-01	-1.582453e+00
4.885139e-01	4.714428e-01	4.226937e-01	8.063991e-01	9.406683e-01	5.949456e-01	4.275183e-01	-1.576091e+00
2.983244e-01	4.366100e-01	2.293221e-01	3.585403e-01	5.004360e-01	3.623750e-01	3.091263e-01	-7.473671e-01
8.763302e-01	7.262202e-01	8.623327e-01	5.919434e-01	4.283660e-01	7.096486e-01	6.053540e-01	-1.900098e+00
9.167163e-01	6.596171e-01	8.010332e-01	5.159473e-01	9.016802e-01	9.298392e-01	5.287925e-01	-2.126813e+00
3.809460e-01	6.125571e-01	5.002360e-01	3.512015e-01	7.112203e-01	9.803086e-01	7.574104e-01	-1.646940e+00
9.546496e-01	4.546441e-01	6.644446e-01	9.845186e-01	9.069392e-01	9.166384e-01	8.589474e-01	-2.370391e+00
3.554337e-01	5.514983e-01	7.734586e-01	5.797362e-01	6.271643e-01	8.822424e-01	6.576664e-01	-1.713600e+00
5.852010e-01	8.274429e-01	6.791875e-01	7.652395e-01	3.368920e-01	3.957215e-01	4.090605e-01	-1.499372e+00
8.147184e-01	8.815070e-01	8.012763e-01	5.099219e-01	8.470576e-01	7.432536e-01	6.377393e-01	-2.117737e+00
5.177989e-01	5.649332e-01	4.552273e-01	7.987935e-01	5.893846e-01	5.720625e-01	7.940704e-01	-1.646135e+00
5.901604e-01	3.429260e-01	6.192632e-01	3.083962e-01	2.899810e-01	4.722900e-01	8.653923e-01	-1.244205e+00
8.951768e-01	9.854738e-01	7.755295e-01	3.872798e-01	9.420138e-01	6.922067e-01	4.650122e-01	-2.071346e+00
4.162455e-01	4.704903e-01	8.626792e-01	3.564318e-01	9.057595e-01	9.855100e-01	5.726099e-01	-1.784863e+00
8.840977e-01	9.334248e-01	7.355849e-01	7.508474e-01	9.812237e-01	9.504660e-01	7.161563e-01	-2.475900e+00
4.334121e-01	5.018740e-01	9.646276e-01	6.094797e-01	3.611792e-01	7.906246e-01	4.986885e-01	-1.579943e+00
4.989886e-01	6.798731e-01	9.311189e-01	8.402443e-01	4.030236e-01	5.897215e-01	5.026588e-01	-1.722814e+00
7.585348e-01	8.609253e-01	9.421815e-01	5.414013e-01	9.375670e-01	7.495254e-01	4.741838e-01	-2.132160e+00
2.475703e-01	6.687319e-01	2.929976e-01	5.515796e-01	3.804296e-01	3.682658e-01	2.826887e-01	-8.961317e-01
4.145787e-01	7.345829e-01	3.821813e-01	9.591249e-01	6.760458e-01	5.198199e-01	5.249487e-01	-1.605641e+00
3.995068e-01	4.797465e-01	6.560585e-01	6.045716e-01	5.830726e-01	3.955040e-01	9.970334e-01	-1.557747e+00
5.341736e-01	3.740690e-01	5.501838e-01	9.785328e-01	3.096484e-01	6.398753e-01	3.204508e-01	-1.353467e+00
3.827534e-01	2.889077e-01	8.561949e-01	2.793010e-01	4.996612e-01	3.987549e-01	3.864893e-01	-1.046031e+00
5.494881e-01	4.320704e-01	9.564023e-01	4.617120e-01	6.155968e-01	4.321356e-01	6.002617e-01	-1.523834e+00
7.370554e-01	4.385341e-01	6.154666e-01	6.100311e-01	7.437334e-01	3.237137e-01	5.789489e-01	-1.523742e+00
4.077143e-01	3.481035e-01	4.159009e-01	6.059852e-01	6.933490e-01	4.500411e-01	7.605752e-01	-1.340835e+00
5.964317e-01	3.485136e-01	4.935771e-01	8.121448e-01	3.025223e-01	7.808900e-01	3.960758e-01	-1.365078e+00
9.337566e-01	3.910653e-01	5.875945e-01	3.559981e-01	4.319545e-01	4.745165e-01	5.719296e-01	-1.373408e+00
5.130828e-01	4.527463e-01	6.961585e-01	6.128285e-01	5.374941e-01	8.982996e-01	8.435474e-01	-1.777079e+00
5.161360e-01	5.563986e-01	5.274910e-01	3.676939e-01	6.208784e-01	5.698306e-01	5.024333e-01	-1.330431e+00
9.090328e-01	8.729627e-01	8.634509e-01	3.946015e-01	8.662422e-01	6.470738e-01	4.114429e-01	-1.982403e+00
4.507778e-01	4.424480e-01	5.329327e-01	3.980110e-01	3.979651e-01	2.653038e-01	5.078121e-01	-9.976252e-01
4.017058e-01	5.646152e-01	9.790219e-01	4.786163e-01	4.710205e-01	3.373213e-01	4.542161e-01	-1.343259e+00
8.353706e-01	6.819622e-01	4.467425e-01	7.959675e-01	9.542236e-01	6.036283e-01	4.937295e-01	-1.905812e+00
8.298046e-01	6.674325e-01	4.810390e-01	3.469583e-01	3.130285e-01	7.429565e-01	4.637243e-01	-1.422472e+00
8.223918e-01	3.591796e-01	5.593421e-01	7.631525e-01	6.372540e-01	7.011668e-01	3.865097e-01	-1.614498e+00
3.722756e-01	6.512271e-01	7.651732e-01	6.176271e-01	4.893779e-01	9.428960e-01	4.430714e-01	-1.640824e+00
4.432992e-01	8.070739e-01	8.347202e-01	8.342256e-01	7.783568e-01	9.943007e-01	7.541372e-01	-2.223057e+00
7.026914e-01	4.243824e-01	5.736580e-01	8.093097e-01	6.334933e-01	5.110101e-01	8.983738e-01	-1.776459e+00
9.119962e-01	4.831362e-01	7.107846e-01	9.533381e-01	5.194411e-01	5.417569e-01	4.324527e-01	-1.776453e+00
3.484270e-01	4.275569e-01	5.160702e-01	9.017763e-01	7.512130e-01	8.077757e-01	7.769007e-01	-1.764860e+00
3.466232e-01	6.348784e-01	4.953770e-01	6.311227e-01	5.064197e-01	6.681278e-01	4.269857e-01	-1.354767e+00
5.515179e-01	6.284680e-01	7.912629e-01	6.603067e-01	8.926780e-01	9.004754e-01	5.619312e-01	-1.993320e+00
3.434013e-01	2.466471e-01	3.132238e-01	2.371077e-01	4.426232e-01	5.474536e-01	4.582296e-01	-7.943431e-01
5.480584e-01	3.734494e-01	3.770177e-01	7.164428e-01	7.668222e-01	5.470906e-01	9.180511e-01	-1.623466e+00
5.343284e-01	8.251669e-01	4.353276e-01	3.461613e-01	4.356025e-01	3.186745e-01	4.968860e-01	-1.196074e+00
9.544277e-01	8.847172e-01	6.867767e-01	4.930498e-01	5.572427e-01	6.202254e-01	9.228988e-01	-2.059669e+00
9.214688e-01	6.462580e-01	5.254877e-01	9.299595e-01	3.797243e-01	5.155153e-01	4.752233e-01	-1.696818e+00
3.599491e-01	3.784591e-01	4.389204e-01	4.967460e-01	8.276190e-01	4.585967e-01	7.358799e-01	-1.348085e+00
9.742253e-01	8.315586e-01	7.630708e-01	6.104112e-01	5.361285e-01	6.132492e-01	3.579117e-01	-1.843278e+00
4.018405e-01	8.425114e-01	3.734292e-01	3.712742e-01	6.830880e-01	3.262259e-01	7.404021e-01	-1.369386e+00
3.586852e-01	9.025891e-01	7.434022e-01	7.773473e-01	3.509268e-01	7.764108e-01	6.439327e-01	-1.776647e+00
8.080003e-01	5.439434e-01	3.151078e-01	9.896620e-01	3.675294e-01	3.141067e-01	4.783987e-01	-1.408374e+00
3.829454e-01	7.820333e-01	3.064573e-01	4.752407e-01	6.452057e-01	5.821163e-01	2.887724e-01	-1.231386e+00
8.843650e-01	4.550811e-01	4.281964e-01	6.267980e-01	8.402260e-01	4.668166e-01	3.950667e-01	-1.548275e+00
5.988054e-01	3.339855e-01	5.540344e-01	5.207828e-01	2.853502e-01	7.053164e-01	4.603326e-01	-1.229304e+00
6.866906e-01	3.181413e-01	3.644127e-01	4.433518e-01	3.088515e-01	2.534736e-01	5.063312e-01	-9.406263e-01
9.340590e-01	5.451698e-01	4.645519e-01	4.313849e-01	8.085133e-01	9.929062e-01	7.055306e-01	-1.941058e+00
4.932589e-01	3.761991e-01	6.606780e-01	4.067331e-01	7.192654e-01	8.518706e-01	5.102767e-01	-1.509141e+00
9.071835e-01	2.993464e-01	7.035749e-01	5.717743e-01	3.677621e-01	5.501743e-01	3.599236e-01	-1.379870e+00
3.520205e-01	4.823444e-01	8.287959e-01	9.983750e-01	4.161483e-01	8.887481e-01	5.457981e-01	-1.756115e+00
7.263540e-01	8.788821e-01	5.519125e-01	3.731552e-01	7.686876e-01	7.443502e-01	6.860651e-01	-1.864703e+00
8.544610e-01	6.321836e-01	5.772226e-01	4.944111e-01	7.849676e-01	6.227203e-01	6.388083e-01	-1.802387e+00
8.465631e-01	8.717205e-01	5.392298e-01	6.885436e-01	6.377129e-01	9.756512e-01	9.330164e-01	-2.246219e+00
6.686058e-01	7.054317e-01	3.543505e-01	3.359217e-01	9.381122e-01	3.819466e-01	5.547449e-01	-1.469557e+00
5.991127e-01	5.733822e-01	9.106924e-01	8.574376e-01	6.259435e-01	5.685489e-01	8.619523e-01	-1.998535e+00
8.696332e-01	4.485251e-01	7.067318e-01	3.577524e-01	6.643513e-01	8.287847e-01	4.013720e-01	-1.638575e+00
4.557385e-01	7.060228e-01	5.118207e-01	4.230305e-01	5.614260e-01	5.101714e-01	5.906687e-01	-1.379439e+00
7.157057e-01	7.166163e-01	8.952549e-01	4.745386e-01	4.933851e-01	4.741989e-01	5.240666e-01	-1.646883e+00
9.626364e-01	6.836480e-01	6.584511e-01	7.373489e-01	9.466543e-01	7.772191e-01	8.773336e-01	-2.321646e+00
9.683960e-01	5.690842e-01	9.726945e-01	6.261171e-01	9.111805e-01	6.549877e-01	9.622893e-01	-2.332375e+00
4.986690e-01	7.803405e-01	5.058019e-01	7.301673e-01	5.091014e-01	8.176739e-01	4.632177e-01	-1.652486e+00
6.446595e-01	6.205162e-01	4.932823e-01	3.802372e-01	7.674559e-01	4.385516e-01	7.680528e-01	-1.556378e+00
7.898975e-01	6.760532e-01	8.086385e-01	4.534099e-01	9.604107e-01	6.597099e-01	6.043341e-01	-1.976227e+00
4.492199e-01	8.163722e-01	7.247902e-01	4.596212e-01	8.889332e-01	8.652678e-01	5.039945e-01	-1.854100e+00
6.764462e-01	6.206457e-01	4.325076e-01	6.482084e-01	7.007663e-01	4.150993e-01	7.933894e-01	-1.643531e+00
4.056882e-01	5.216159e-01	4.585983e-01	5.623964e-01	3.585493e-01	4.853735e-01	5.998878e-01	-1.196055e+00
7.198252e-01	4.735127e-01	4.358255e-01	9.520447e-01	4.460301e-01	4.294934e-01	7.951681e-01	-1.625950e+00
6.742218e-01	9.481853e-01	7.256445e-01	5.581984e-01	9.675493e-01	6.206419e-01	9.931516e-01	-2.243796e+00
8.048475e-01	5.660083e-01	3.837792e-01	9.615966e-01	7.703604e-01	8.225236e-01	4.690440e-01	-1.889080e+00
5.268304e-01	9.128828e-01	6.444130e-01	6.783053e-01	6.179972e-01	4.913578e-01	6.100421e-01	-1.740914e+00
7.719096e-01	4.943407e-01	3.301288e-01	5.561956e-01	5.583968e-01	8.647191e-01	6.959104e-01	-1.635800e+00
8.872965e-01	4.839248e-01	4.711144e-01	5.603042e-01	6.691979e-01	8.758997e-01	6.412878e-01	-1.794513e+00
7.286971e-01	7.827705e-01	8.540594e-01	9.537522e-01	9.661057e-01	5.369782e-01	6.680385e-01	-2.245201e+00
4.091351e-01	7.603476e-01	5.327041e-01	9.225117e-01	4.857196e-01	4.705687e-01	7.554200e-01	-1.668203e+00
2.894620e-01	5.614454e-01	7.468750e-01	3.493709e-01	3.740652e-01	6.369101e-01	5.200677e-01	-1.239098e+00
8.358646e-01	9.121188e-01	7.074109e-01	9.763613e-01	7.258817e-01	7.833197e-01	4.955665e-01	-2.218262e+00
6.224365e-01	4.950026e-01	9.517398e-01	3.993107e-01	6.292447e-01	5.525626e-01	9.229901e-01	-1.786643e+00
5.540710e-01	8.777404e-01	6.585560e-01	4.880882e-01	9.578637e-01	7.640744e-01	3.650467e-01	-1.832720e+00
7.922536e-01	3.581307e-01	8.295303e-01	5.303065e-01	4.008888e-01	8.059025e-01	7.246645e-01	-1.720838e+00
9.208959e-01	9.066441e-01	7.463761e-01	7.167810e-01	3.633206e-01	6.845636e-01	4.635054e-01	-1.901043e+00
3.287190e-01	6.613258e-01	3.545875e-01	8.944413e-01	5.653815e-01	7.802350e-01	5.262748e-01	-1.555482e+00
8.863572e-01	9.006514e-01	5.101762e-01	3.938035e-01	3.703648e-01	3.821703e-01	7.004161e-01	-1.571970e+00
7.148712e-01	5.863216e-01	6.492071e-01	4.838581e-01	8.464524e-01	7.308070e-01	8.401528e-01	-1.925835e+00
7.279540e-01	6.342148e-01	3.786041e-01	4.125910e-01	6.027298e-01	6.999741e-01	5.657786e-01	-1.510923e+00
4.307266e-01	3.869318e-01	4.071771e-01	9.100679e-01	4.529944e-01	7.999628e-01	7.714693e-01	-1.579665e+00
5.931818e-01	3.967679e-01	6.899526e-01	5.360618e-01	7.643803e-01	7.124043e-01	4.599251e-01	-1.576337e+00
5.748433e-01	3.026883e-01	3.640039e-01	4.791989e-01	3.504304e-01	7.147982e-01	7.854307e-01	-1.285697e+00
6.337626e-01	8.561681e-01	7.299813e-01	7.634121e-01	6.694994e-01	5.613466e-01	4.453636e-01	-1.829767e+00
5.008033e-01	6.988400e-01	8.399454e-01	4.946098e-01	6.452671e-01	8.228153e-01	7.837486e-01	-1.893015e+00
6.013501e-01	8.581953e-01	6.262345e-01	7.241190e-01	5.043512e-01	7.184295e-01	9.925618e-01	-2.012621e+00
9.072864e-01	7.784283e-01	4.236867e-01	4.029791e-01	7.332901e-01	8.133670e-01	8.006061e-01	-1.929822e+00
6.630265e-01	4.566228e-01	7.481589e-01	3.838798e-01	9.239272e-01	6.330217e-01	4.340467e-01	-1.621342e+00
4.101692e-01	6.956717e-01	6.895702e-01	6.493442e-01	9.705586e-01	6.659137e-01	7.204127e-01	-1.900820e+00
6.487049e-01	2.950244e-01	4.667260e-01	3.007901e-01	3.718602e-01	5.514083e-01	5.483872e-01	-1.091451e+00
5.454522e-01	5.448028e-01	3.188726e-01	7.017998e-01	4.599269e-01	5.150250e-01	2.758586e-01	-1.180869e+00
5.637632e-01	6.498262e-01	8.445858e-01	9.473194e-01	9.087136e-01	7.446220e-01	8.968327e-01	-2.277831e+00
7.709348e-01	7.301052e-01	5.370243e-01	5.292155e-01	4.660056e-01	8.950030e-01	8.139422e-01	-1.871115e+00
8.379916e-01	8.186815e-01	7.085296e-01	3.952011e-01	7.442233e-01	9.305596e-01	4.845666e-01	-1.959877e+00
6.317643e-01	5.041908e-01	4.554792e-01	6.306339e-01	7.049130e-01	9.030080e-01	3.728133e-01	-1.601401e+00
5.073324e-01	8.160934e-01	7.336953e-01	8.380158e-01	8.417205e-01	4.936254e-01	8.669896e-01	-2.048736e+00
4.046954e-01	5.590525e-01	8.262917e-01	4.041797e-01	5.740082e-01	5.231860e-01	7.528925e-01	-1.522153e+00
8.715058e-01	3.955023e-01	2.948046e-01	5.727728e-01	7.513169e-01	3.880491e-01	4.035966e-01	-1.338774e+00
4.731347e-01	4.114020e-01	3.486495e-01	6.002891e-01	8.385900e-01	8.788212e-01	5.833200e-01	-1.567103e+00
8.989887e-01	7.866129e-01	8.121386e-01	8.911705e-01	7.872930e-01	4.639014e-01	5.548113e-01	-2.097458e+00
7.417080e-01	5.467093e-01	4.146230e-01	9.353613e-01	3.170306e-01	3.650581e-01	6.790310e-01	-1.499761e+00
8.883943e-01	7.947075e-01	6.899034e-01	9.218535e-01	9.687249e-01	8.234789e-01	6.728635e-01	-2.379963e+00
2.913995e-01	3.858238e-01	5.104707e-01	3.220674e-01	4.458254e-01	7.813259e-01	4.672398e-01	-1.102076e+00
9.469889e-01	6.636790e-01	6.019313e-01	8.059480e-01	9.528977e-01	8.524456e-01	9.184673e-01	-2.371179e+00
7.033556e-01	8.631737e-01	9.673117e-01	6.287864e-01	8.310312e-01	8.560366e-01	6.753946e-01	-2.262545e+00
8.400133e-01	9.431657e-01	6.415607e-01	5.585879e-01	9.139062e-01	6.382905e-01	9.252687e-01	-2.230396e+00
4.820826e-01	4.975526e-01	2.846792e-01	4.165728e-01	7.355932e-01	5.249453e-01	5.542137e-01	-1.247820e+00
8.127987e-01	3.459975e-01	5.904109e-01	5.867229e-01	3.819172e-01	3.913348e-01	4.361696e-01	-1.272676e+00
4.119793e-01	8.001900e-01	7.657445e-01	6.531329e-01	8.842025e-01	8.029556e-01	6.713945e-01	-1.994800e+00
5.231402e-01	9.505005e-01	8.325745e-01	5.855524e-01	9.063843e-01	6.124247e-01	3.736799e-01	-1.892128e+00
8.216099e-01	4.136822e-01	9.510222e-01	5.014716e-01	5.305524e-01	7.668790e-01	5.958570e-01	-1.790537e+00
6.145882e-01	6.974621e-01	8.973844e-01	8.149757e-01	9.796251e-01	6.802697e-01	4.997722e-01	-2.092039e+00
6.267836e-01	5.709784e-01	6.938877e-01	8.615045e-01	7.155926e-01	4.193577e-01	6.441822e-01	-1.766143e+00
2.628555e-01	5.180665e-01	6.808216e-01	3.380750e-01	4.166731e-01	2.825092e-01	6.084271e-01	-1.053714e+00
8.530400e-01	5.699197e-01	3.738717e-01	3.568256e-01	6.366603e-01	6.543002e-01	5.125303e-01	-1.478574e+00
3.649695e-01	4.473850e-01	7.346805e-01	8.774995e-01	3.582246e-01	3.700003e-01	8.585356e-01	-1.505647e+00
3.698884e-01	6.113261e-01	6.728413e-01	4.527283e-01	7.445902e-01	9.048635e-01	4.313167e-01	-1.593777e+00
3.440713e-01	7.328067e-01	9.872562e-01	3.563459e-01	9.021831e-01	3.770139e-01	6.571899e-01	-1.678433e+00
4.440171e-01	7.073910e-01	6.520057e-01	7.528431e-01	7.834435e-01	7.278621e-01	5.608398e-01	-1.814201e+00
3.717544e-01	9.381964e-01	6.515513e-01	4.684350e-01	7.882620e-01	4.972595e-01	5.799485e-01	-1.647704e+00
4.139556e-01	4.862813e-01	3.826313e-01	5.904493e-01	8.235038e-01	5.201355e-01	7.620488e-01	-1.489503e+00
4.466748e-01	4.479214e-01	9.332433e-01	8.216638e-01	3.591041e-01	6.728760e-01	6.659690e-01	-1.673726e+00
9.789905e-01	8.028651e-01	9.766939e-01	9.546075e-01	9.501351e-01	6.951608e-01	4.829268e-01	-2.420690e+00
6.162819e-01	4.889844e-01	8.585045e-01	4.601856e-01	6.081306e-01	7.482445e-01	4.695780e-01	-1.624955e+00
8.747793e-01	7.699239e-01	3.977809e-01	9.283773e-01	5.890625e-01	5.004105e-01	3.544464e-01	-1.707390e+00
4.735150e-01	6.110418e-01	8.306181e-01	8.324171e-01	4.907508e-01	4.938214e-01	5.989728e-01	-1.665568e+00
9.153597e-01	9.714631e-01	4.130669e-01	8.086212e-01	4.295757e-01	4.678507e-01	7.881607e-01	-1.897049e+00
6.406064e-01	9.689183e-01	7.864532e-01	5.141462e-01	6.513378e-01	7.492319e-01	7.841984e-01	-2.047446e+00
5.681408e-01	5.925456e-01	4.991612e-01	8.874397e-01	9.985997e-01	4.511942e-01	8.331756e-01	-1.915128e+00
6.384567e-01	3.684002e-01	7.444684e-01	3.659125e-01	9.537550e-01	3.729564e-01	8.873285e-01	-1.665639e+00
3.907074e-01	4.286227e-01	5.363309e-01	5.121572e-01	3.450335e-01	5.703481e-01	4.571835e-01	-1.120192e+00
6.121109e-01	5.766004e-01	5.173572e-01	8.868103e-01	6.119644e-01	6.491923e-01	6.619401e-01	-1.757988e+00
9.759225e-01	3.269410e-01	7.428423e-01	7.693516e-01	3.811518e-01	3.223437e-01	4.156384e-01	-1.467096e+00
6.757068e-01	7.103901e-01	7.797095e-01	7.818885e-01	6.598291e-01	4.139904e-01	3.699714e-01	-1.695743e+00
7.046196e-01	7.519540e-01	6.755261e-01	6.825756e-01	3.922614e-01	6.453530e-01	4.840459e-01	-1.668168e+00
8.109110e-01	3.779471e-01	7.643726e-01	3.237463e-01	5.749208e-01	4.917523e-01	7.644821e-01	-1.554066e+00
2.605109e-01	6.552413e-01	3.460718e-01	5.678404e-01	2.998583e-01	4.891986e-01	4.139436e-01	-1.016332e+00
7.959367e-01	7.171415e-01	8.466105e-01	5.489274e-01	4.607793e-01	4.465219e-01	3.710724e-01	-1.593495e+00
4.410592e-01	3.853837e-01	2.308408e-01	2.441887e-01	4.210721e-01	5.767979e-01	2.904959e-01	-7.949192e-01
3.425890e-01	4.906697e-01	7.849642e-01	7.352548e-01	3.692567e-01	8.616183e-01	3.682960e-01	-1.476324e+00
9.707872e-01	6.286411e-01	5.612014e-01	9.690547e-01	3.636163e-01	6.009308e-01	4.564137e-01	-1.775323e+00
4.839006e-01	4.663813e-01	2.718657e-01	5.363766e-01	7.949108e-01	2.885090e-01	4.349702e-01	-1.138457e+00
3.614182e-01	2.602659e-01	3.910809e-01	3.806998e-01	7.098085e-01	3.963647e-01	6.205078e-01	-1.060073e+00
7.573466e-01	4.210132e-01	5.899373e-01	4.282665e-01	6.607593e-01	7.050489e-01	8.778445e-01	-1.720108e+00
7.554973e-01	5.266822e-01	5.092652e-01	5.072637e-01	9.792691e-01	4.219798e-01	9.555902e-01	-1.827774e+00
6.888612e-01	5.276836e-01	5.277091e-01	5.571058e-01	3.876930e-01	4.004430e-01	6.020557e-01	-1.345776e+00
9.457519e-01	6.935560e-01	6.999292e-01	9.869980e-01	8.421433e-01	8.473267e-01	8.835202e-01	-2.449613e+00
5.823206e-01	4.891975e-01	9.111673e-01	3.298999e-01	8.651827e-01	3.677643e-01	3.228930e-01	-1.434213e+00
9.827953e-01	7.146480e-01	8.331906e-01	9.491789e-01	9.320903e-01	4.549498e-01	6.120885e-01	-2.239471e+00
9.921046e-01	7.208179e-01	6.200017e-01	6.747648e-01	6.103614e-01	9.465393e-01	9.301685e-01	-2.247379e+00
6.708970e-01	8.615843e-01	6.546276e-01	7.930482e-01	9.837184e-01	8.688691e-01	8.252320e-01	-2.328988e+00
6.897032e-01	4.331430e-01	7.563052e-01	5.870740e-01	3.816489e-01	5.502458e-01	3.867608e-01	-1.392440e+00
3.760109e-01	4.045270e-01	2.959096e-01	5.631684e-01	4.420907e-01	5.377534e-01	7.289159e-01	-1.174188e+00
6.239763e-01	3.628137e-01	4.751398e-01	3.505214e-01	5.227065e-01	4.166336e-01	4.947183e-01	-1.123255e+00
9.067562e-01	6.582729e-01	8.985945e-01	8.439366e-01	5.262745e-01	8.404737e-01	9.278964e-01	-2.301102e+00
4.615418e-01	4.420980e-01	6.721429e-01	7.815631e-01	8.070457e-01	9.124727e-01	4.011339e-01	-1.738999e+00
