5.7256e-01	7.1816e-01	1.9256e-01	3.4546e-01
7.0816e-03	2.5902e-02	2.2034e-02	9.9940e-01
2.1892e-02	6.2902e-02	9.9435e-01	8.2618e-02
6.4171e-01	3.2907e-01	5.8860e-01	3.6534e-01
6.9641e-02	9.1646e-02	1.1773e-01	9.8635e-01
5.5694e-01	7.4693e-01	8.5067e-02	3.5309e-01
3.2646e-01	6.8511e-01	1.9376e-01	6.2170e-01
6.5631e-01	3.0258e-01	4.9281e-01	4.8460e-01
2.0378e-01	1.3624e-01	9.1197e-01	3.2898e-01
2.5710e-01	8.0343e-01	3.1103e-01	4.3778e-01
4.7966e-02	2.6363e-01	9.1828e-01	2.9147e-01
8.1351e-03	3.8892e-02	8.5412e-02	9.9555e-01
2.1654e-01	3.5198e-01	6.0350e-01	6.8191e-01
4.2887e-01	3.8432e-01	6.4237e-01	5.0570e-01
4.3065e-01	5.5113e-01	5.5262e-01	4.5322e-01
6.3735e-01	6.5939e-01	2.4358e-01	3.1569e-01
3.3681e-01	4.5521e-01	7.2111e-01	3.9918e-01
1.2030e-01	4.6110e-01	8.5139e-01	2.1923e-01
9.2377e-01	3.1845e-01	1.5794e-01	1.4245e-01
3.1221e-05	2.1460e-03	5.0544e-03	9.9998e-01
5.8998e-02	1.3855e-02	2.6055e-02	9.9782e-01
5.6044e-01	6.7892e-01	3.0785e-01	3.6084e-01
3.7139e-01	4.8169e-01	5.1381e-01	6.0501e-01
1.1038e-01	5.0520e-03	9.8818e-01	1.0629e-01
2.3939e-02	8.2890e-02	9.9597e-01	2.4332e-02
6.8716e-03	1.2380e-01	8.1493e-01	5.6614e-01
7.3981e-02	3.0359e-03	9.6934e-01	2.3428e-01
2.9689e-02	6.8650e-03	1.9583e-01	9.8017e-01
1.5843e-01	6.4139e-01	7.3823e-01	1.3612e-01
3.3727e-01	8.7164e-01	3.5556e-01	8.2687e-03
5.0703e-01	3.7244e-01	7.0880e-01	3.1909e-01
4.1835e-01	3.9408e-01	7.4048e-01	3.4838e-01
7.3113e-02	8.8025e-03	8.8082e-01	4.6768e-01
3.2139e-01	9.2568e-01	8.5069e-02	1.8052e-01
4.8486e-01	4.3901e-01	4.8951e-01	5.7668e-01
4.2799e-01	2.0348e-01	6.0515e-01	6.3970e-01
7.8475e-01	4.9675e-02	5.9715e-01	1.5845e-01
2.1714e-02	1.7313e-02	5.5773e-02	9.9806e-01
2.2599e-02	9.8293e-01	4.2203e-02	1.7764e-01
4.8352e-01	3.0720e-01	5.6420e-01	5.9458e-01
2.2985e-01	8.6509e-01	1.5975e-02	4.4557e-01
8.9548e-02	1.1082e-01	7.6778e-01	6.2467e-01
2.4308e-04	1.6251e-01	9.8571e-01	4.4325e-02
7.4531e-02	4.7846e-02	9.2255e-02	9.9179e-01
1.4290e-01	1.9746e-01	7.0337e-01	6.6773e-01
1.9622e-02	9.5352e-01	2.9626e-01	5.1427e-02
3.9318e-01	2.7739e-01	8.5905e-01	1.7464e-01
2.0237e-01	2.3079e-01	6.0502e-01	7.3466e-01
1.0099e-02	1.1319e-01	7.1191e-01	6.9301e-01
4.2587e-01	1.6689e-01	6.9277e-01	5.5754e-01
1.7319e-01	2.8044e-02	3.3574e-02	9.8392e-01
7.2738e-02	9.9999e-03	1.4786e-01	9.8628e-01
4.1426e-01	2.8998e-01	7.7937e-01	3.6998e-01
3.9198e-01	2.8124e-01	5.1904e-01	7.0559e-01
3.0468e-02	9.0391e-03	9.7091e-01	2.3732e-01
3.2702e-01	6.8723e-01	2.4301e-01	6.0143e-01
8.8220e-01	1.2045e-01	4.2231e-01	1.6992e-01
7.2159e-02	4.1658e-01	8.1439e-01	3.9753e-01
7.0341e-01	3.6927e-01	2.9837e-01	5.2899e-01
3.2310e-01	3.4542e-02	7.3040e-01	6.0078e-01
7.5947e-01	1.4124e-01	2.9575e-01	5.6195e-01
9.5962e-04	2.1251e-02	3.7779e-03	9.9977e-01
6.2981e-01	1.9711e-01	4.2780e-01	6.1763e-01
6.4255e-01	7.2237e-01	2.8227e-02	2.5398e-01
9.3367e-05	2.0035e-04	9.1299e-04	1.0000e+00
2.8905e-01	3.2626e-02	9.5671e-01	9.6539e-03
6.9903e-01	2.3028e-01	3.8027e-01	5.6010e-01
7.6654e-01	2.2668e-01	5.7091e-01	1.8732e-01
2.4338e-02	1.8629e-02	1.4505e-02	9.9942e-01
2.6415e-01	5.0428e-01	6.3078e-01	5.2730e-01
4.4654e-02	1.8524e-02	7.5696e-02	9.9596e-01
5.3028e-01	4.1370e-01	1.9671e-01	7.1342e-01
9.1004e-02	7.6800e-01	4.5042e-01	4.4612e-01
4.5816e-02	2.3505e-02	6.4115e-02	9.9661e-01
1.5626e-01	3.8532e-01	8.8798e-01	1.9646e-01
4.6929e-01	8.3398e-01	7.1943e-02	2.8119e-01
3.1597e-02	3.6255e-02	1.9446e-02	9.9865e-01
7.5089e-02	9.6115e-01	1.9368e-01	1.8177e-01
2.8547e-01	5.6939e-01	7.3250e-01	2.4029e-01
2.1001e-01	3.4617e-01	8.5537e-01	3.2312e-01
5.2958e-01	7.0993e-01	4.1879e-01	2.0039e-01
2.4629e-02	4.8165e-02	2.9600e-02	9.9810e-01
6.0148e-01	3.1009e-02	5.4967e-01	5.7890e-01
2.9816e-01	5.2483e-02	9.0247e-01	3.0641e-01
9.0193e-02	1.4347e-01	6.9614e-01	6.9762e-01
4.8909e-01	8.5000e-01	4.3080e-02	1.9088e-01
9.2994e-04	4.8094e-01	8.2465e-01	2.9774e-01
2.6744e-02	7.5096e-01	2.0212e-01	6.2808e-01
1.1364e-01	2.4086e-03	6.9845e-02	9.9106e-01
8.0643e-01	5.3822e-01	1.5604e-01	1.8880e-01
3.0689e-01	4.0138e-01	8.4465e-01	1.7688e-01
5.5378e-01	1.6495e-01	3.8890e-01	7.1755e-01
3.5080e-03	3.8072e-02	8.4447e-05	9.9927e-01
6.4022e-01	2.2012e-01	7.2742e-01	1.1196e-01
5.3462e-02	5.9476e-01	8.0123e-01	3.7826e-02
4.7475e-01	2.2071e-01	8.0788e-01	2.7061e-01
1.8399e-01	3.6145e-01	6.9030e-01	5.9916e-01
4.7294e-02	1.5378e-01	9.6789e-01	1.9314e-01
4.5323e-01	5.8116e-01	1.7597e-01	6.5259e-01
1.6957e-03	9.3060e-04	1.6022e-02	9.9987e-01
6.6251e-02	7.6467e-02	9.2062e-01	3.7712e-01
6.2686e-02	1.3867e-01	1.0288e-01	9.8298e-01
2.8256e-01	7.8915e-01	2.9544e-01	4.5838e-01
2.1915e-02	1.6587e-02	2.8201e-02	9.9922e-01
4.3276e-02	4.1491e-02	8.7689e-01	4.7694e-01
1.5612e-01	2.0437e-02	6.7825e-01	7.1777e-01
9.9823e-02	5.3345e-01	7.6649e-01	3.4345e-01
2.0382e-01	6.6552e-01	6.6416e-01	2.7282e-01
1.1384e-01	3.3255e-01	5.7709e-01	7.3717e-01
6.0602e-01	4.4458e-01	6.5416e-01	8.4681e-02
3.8173e-01	6.5522e-01	3.4811e-01	5.5118e-01
9.9788e-02	1.1729e-03	6.7361e-01	7.3232e-01
5.1988e-01	7.7193e-01	3.3147e-01	1.5484e-01
1.7460e-01	1.8549e-03	7.8993e-01	5.8781e-01
4.6748e-01	2.6007e-01	8.1960e-01	2.0515e-01
1.0444e-01	9.3167e-01	3.0768e-01	1.6253e-01
4.1233e-01	4.8972e-01	2.5104e-01	7.2605e-01
5.5242e-02	4.4273e-03	5.6054e-03	9.9845e-01
7.0028e-01	1.7676e-01	6.8239e-01	1.1273e-01
8.9081e-02	9.5965e-02	6.6068e-03	9.9137e-01
1.2277e-01	6.6281e-01	4.9128e-02	7.3702e-01
2.6742e-03	6.3133e-03	7.5392e-01	6.5693e-01
3.6954e-01	4.3802e-01	4.1196e-01	7.0843e-01
6.2574e-01	2.0125e-01	3.9027e-01	6.4470e-01
3.4667e-01	7.1600e-02	8.5630e-01	3.7609e-01
9.7148e-02	4.0605e-02	9.2972e-01	3.5289e-01
3.3594e-02	1.0938e-04	5.6519e-02	9.9784e-01
4.2996e-01	4.8197e-01	1.7458e-01	7.4321e-01
2.2192e-02	7.3059e-02	9.5990e-01	2.6973e-01
1.1384e-01	7.6521e-01	9.0019e-02	6.2721e-01
6.3036e-01	2.2754e-01	7.1144e-01	2.1149e-01
6.2094e-02	4.8102e-02	1.4440e-02	9.9681e-01
4.1140e-01	8.6113e-01	2.4797e-01	1.6649e-01
7.4394e-01	4.2029e-01	2.8470e-01	4.3457e-01
7.4275e-02	1.2043e-01	7.7953e-01	6.1017e-01
1.2384e-01	4.1402e-02	4.8990e-02	9.9023e-01
1.7849e-01	7.6505e-02	3.9055e-02	9.8019e-01
7.8314e-02	3.0216e-01	9.5002e-01	5.9997e-03
3.6052e-01	6.5845e-01	2.2269e-01	6.2199e-01
4.9213e-01	3.4368e-03	8.6011e-01	1.3418e-01
7.1632e-01	2.4348e-01	6.0523e-01	2.4760e-01
4.0188e-02	6.1112e-02	6.9555e-02	9.9489e-01
7.7016e-02	1.5917e-01	7.4961e-01	6.3782e-01
5.8846e-01	7.8983e-01	1.4304e-01	9.7101e-02
2.6724e-02	7.1303e-02	2.0256e-02	9.9689e-01
5.9221e-02	1.2811e-02	9.1456e-01	3.9989e-01
6.9022e-01	4.0029e-01	4.1744e-01	4.3486e-01
5.4839e-01	7.6494e-01	1.3000e-01	3.1184e-01
2.3259e-01	4.9141e-01	7.5380e-01	3.6906e-01
1.4107e-01	1.4445e-02	9.2230e-01	3.5951e-01
7.8757e-01	2.1518e-02	2.9409e-01	5.4109e-01
3.8569e-01	1.8119e-01	7.1442e-01	5.5500e-01
4.6246e-01	8.2867e-01	2.7606e-01	1.5243e-01
1.8690e-01	8.4265e-01	5.0164e-01	5.8018e-02
1.2143e-01	9.5992e-02	7.1609e-02	9.8535e-01
6.2768e-02	7.8216e-02	9.3757e-01	3.3303e-01
1.3746e-01	5.8423e-01	6.7278e-01	4.3261e-01
6.9435e-01	4.1352e-01	5.4227e-01	2.2984e-01
1.6382e-01	9.1405e-01	3.6799e-01	4.7494e-02
4.8972e-02	7.9782e-03	7.1593e-01	6.9640e-01
8.2827e-02	1.8607e-01	9.2690e-01	3.1524e-01
2.1863e-04	2.5800e-03	5.2536e-03	9.9998e-01
3.5416e-01	7.2054e-01	4.2535e-01	4.1770e-01
7.0724e-01	4.3930e-01	5.4615e-01	9.2433e-02
1.3363e-01	1.0485e-01	6.9888e-01	6.9477e-01
2.7540e-01	8.5155e-01	3.4605e-01	2.8156e-01
4.9954e-02	3.8377e-01	5.8118e-01	7.1586e-01
1.6467e-01	9.0146e-03	6.8531e-01	7.0933e-01
1.1134e-01	5.2617e-01	8.2651e-01	1.6623e-01
1.4712e-02	2.1922e-02	9.7470e-01	2.2196e-01
8.3265e-02	8.0104e-02	9.3420e-01	3.3753e-01
4.3970e-02	4.2215e-01	5.3637e-01	7.2950e-01
3.0758e-01	5.6992e-01	5.8567e-01	4.8741e-01
2.2510e-02	1.5663e-01	9.4104e-01	2.9902e-01
3.9659e-01	9.0734e-02	8.8168e-01	2.3901e-01
5.9258e-01	7.5409e-01	1.4338e-01	2.4423e-01
4.0341e-01	4.9447e-01	7.6404e-01	9.4826e-02
6.7473e-02	2.7987e-02	9.4563e-01	3.1694e-01
4.7244e-01	3.5413e-01	4.7710e-01	6.5097e-01
3.0896e-01	6.4483e-01	2.9199e-01	6.3520e-01
4.7325e-02	2.5204e-02	3.1378e-02	9.9807e-01
4.8361e-01	2.9162e-01	3.4607e-01	7.4921e-01
2.3335e-01	2.1351e-01	8.0718e-01	4.9841e-01
1.0565e-01	1.5370e-01	4.7204e-02	9.8132e-01
2.9854e-01	1.5412e-01	6.2366e-01	7.0581e-01
9.3164e-02	6.4256e-02	3.4160e-02	9.9299e-01
4.3475e-03	2.7818e-03	4.1294e-02	9.9913e-01
2.2236e-01	2.8902e-01	5.9088e-01	7.1965e-01
1.9422e-01	4.7055e-02	9.7937e-01	3.0056e-02
5.7266e-03	2.6026e-03	1.5413e-02	9.9986e-01
7.4132e-02	1.5671e-01	9.7128e-03	9.8481e-01
3.5040e-01	4.8227e-01	4.2318e-01	6.8232e-01
7.4705e-01	1.3097e-01	8.4098e-02	6.4629e-01
4.5240e-02	3.2360e-01	6.0583e-01	7.2540e-01
3.5513e-02	1.2523e-01	9.3090e-02	9.8711e-01
4.7969e-01	4.7379e-01	7.3780e-01	3.2715e-02
1.3212e-01	2.6777e-02	8.2173e-01	5.5371e-01
5.4300e-01	3.9295e-01	5.4013e-01	5.0893e-01
1.1021e-05	1.0572e-03	4.1161e-03	9.9999e-01
5.6463e-01	1.0448e-01	5.4971e-01	6.0671e-01
2.8397e-01	1.4360e-02	8.8913e-01	3.5860e-01
4.6271e-01	5.3834e-01	5.8836e-01	3.8720e-01
1.9892e-01	2.8073e-01	7.0148e-01	6.2414e-01
4.4617e-01	6.6108e-01	4.6528e-01	3.8395e-01
1.7103e-02	5.4924e-02	1.8073e-01	9.8185e-01
2.5046e-02	2.3211e-01	6.8506e-01	6.9007e-01
2.5756e-01	1.6578e-01	6.7640e-01	6.6983e-01
4.9903e-01	3.3658e-01	7.1674e-01	3.5210e-01
1.9137e-02	4.7538e-02	2.4892e-02	9.9838e-01
4.2922e-01	4.7228e-01	7.6616e-01	7.5684e-02
4.6180e-01	1.7053e-01	8.3677e-01	2.3973e-01
6.1360e-01	5.6894e-01	5.2212e-01	1.6491e-01
4.3788e-01	1.5642e-01	7.3304e-01	4.9644e-01
8.5576e-02	3.8667e-02	4.3792e-02	9.9462e-01
7.7561e-02	4.4672e-01	8.8737e-01	8.3607e-02
5.1727e-01	7.4816e-01	3.9961e-01	1.1402e-01
1.1056e-01	2.1973e-01	9.6836e-01	4.2074e-02
6.3242e-02	5.6520e-01	5.3637e-01	6.2358e-01
2.4000e-01	5.7428e-01	6.4655e-01	4.4111e-01
1.1571e-01	2.0669e-02	9.9038e-01	7.2979e-02
1.4395e-01	5.5811e-02	7.2104e-01	6.7547e-01
1.3024e-01	5.9354e-02	4.0521e-02	9.8887e-01
9.8826e-02	7.4711e-01	5.7014e-01	3.2711e-01
4.5448e-01	5.6844e-01	1.7026e-01	6.6433e-01
3.6994e-01	8.3672e-01	2.6442e-01	3.0517e-01
3.5251e-01	9.2447e-02	8.5782e-01	3.6239e-01
9.6687e-01	6.1946e-02	4.1948e-02	2.4407e-01
2.1532e-02	2.4786e-01	9.4740e-01	2.0135e-01
1.2788e-01	6.9420e-01	6.8670e-01	1.7370e-01
5.5841e-01	7.7441e-01	2.2766e-02	2.9656e-01
9.7586e-03	1.0145e-02	1.0414e-02	9.9985e-01
4.7606e-01	1.7708e-02	8.7911e-01	1.4553e-02
9.9339e-01	2.8416e-02	1.0595e-01	3.3934e-02
4.5205e-01	8.0837e-01	1.9672e-01	3.2171e-01
3.0309e-03	8.5042e-02	3.5216e-02	9.9575e-01
3.6186e-01	8.1050e-01	3.3854e-01	3.1232e-01
5.6799e-01	4.9375e-01	4.9511e-01	4.3413e-01
5.2426e-01	6.3131e-01	2.3772e-01	5.1971e-01
1.8299e-01	3.9425e-01	7.6671e-01	4.7249e-01
5.8465e-01	1.1230e-01	7.7546e-01	2.1031e-01
5.5105e-01	7.6332e-01	2.8435e-01	1.8119e-01
1.8462e-02	1.7818e-02	1.2966e-01	9.9123e-01
6.7406e-03	8.9557e-03	9.7669e-01	2.1435e-01
2.0303e-01	5.3310e-01	7.3424e-01	3.6807e-01
1.8131e-01	3.3039e-01	8.8378e-01	2.7732e-01
1.8367e-01	4.4504e-01	4.7968e-01	7.3356e-01
6.8867e-01	2.8387e-01	2.1252e-01	6.3245e-01
3.1434e-02	7.5999e-02	1.6144e-01	9.8345e-01
8.3100e-01	2.1869e-01	3.8290e-01	3.3912e-01
2.5577e-01	1.9995e-01	9.4254e-01	7.8934e-02
8.0567e-02	5.7361e-02	8.8035e-01	4.6390e-01
4.2610e-02	2.9455e-02	2.9060e-02	9.9823e-01
2.5566e-02	1.2314e-01	7.1091e-03	9.9203e-01
2.6798e-01	2.5559e-01	5.9503e-01	7.1330e-01
7.7245e-01	1.6340e-01	3.4863e-01	5.0505e-01
8.0410e-03	3.4950e-03	4.5606e-02	9.9892e-01
6.8657e-02	1.5896e-02	3.1804e-03	9.9751e-01
4.3450e-02	7.9266e-02	9.5573e-01	2.8002e-01
2.3729e-01	9.3618e-01	2.5907e-01	1.1906e-02
2.0945e-01	3.2898e-01	8.9718e-01	2.0729e-01
1.2497e-02	1.5244e-01	2.5763e-02	9.8790e-01
6.0942e-01	1.0935e-01	4.1591e-01	6.6608e-01
3.0452e-01	4.2182e-02	7.9435e-01	5.2392e-01
5.7392e-01	4.1048e-01	1.5506e-01	6.9143e-01
8.1448e-01	4.9185e-01	3.4536e-02	3.0579e-01
4.1374e-03	1.6371e-03	6.6938e-01	7.4290e-01
5.9210e-01	2.3465e-01	7.5402e-01	1.6067e-01
2.5562e-01	1.5788e-01	9.0109e-01	3.1268e-01
5.7898e-03	4.9005e-02	7.8196e-01	6.2137e-01
1.5180e-01	7.2819e-01	6.6267e-01	8.6957e-02
1.1014e-01	1.4604e-01	9.7076e-01	1.5543e-01
2.7662e-02	6.9808e-01	4.6203e-01	5.4630e-01
4.8646e-01	5.9790e-01	6.0068e-01	2.1225e-01
7.5767e-02	6.0977e-02	1.6067e-01	9.8220e-01
4.2430e-02	1.4669e-02	6.6552e-02	9.9677e-01
1.6668e-02	9.6961e-02	9.6257e-02	9.9048e-01
7.7443e-01	2.7393e-02	2.3076e-01	5.8844e-01
2.6608e-01	3.7274e-01	8.1054e-01	3.6509e-01
1.7022e-01	1.0783e-01	8.9945e-01	3.8779e-01
1.5686e-01	6.1489e-01	3.9303e-01	6.6545e-01
8.0925e-01	2.8403e-01	2.0564e-01	4.7134e-01
3.1952e-02	4.9321e-01	8.5730e-01	1.4410e-01
3.8424e-01	2.1905e-01	8.2289e-01	3.5669e-01
4.5728e-04	3.9108e-04	8.5308e-01	5.2178e-01
1.3940e-01	1.3275e-01	2.7636e-02	9.8091e-01
5.7918e-02	6.9065e-02	1.1293e-01	9.8951e-01
2.9483e-01	5.2052e-01	7.9668e-01	8.6242e-02
4.8245e-02	7.0536e-02	8.7019e-01	4.8524e-01
1.5679e-02	8.8951e-02	1.3050e-03	9.9591e-01
5.8617e-01	6.1134e-01	4.9089e-01	2.0420e-01
3.9738e-01	3.7243e-01	7.2863e-01	4.1531e-01
4.3321e-02	7.8776e-01	6.0075e-01	1.2906e-01
2.6636e-02	2.0712e-02	8.3994e-01	5.4163e-01
5.1439e-01	1.8339e-01	8.3477e-01	7.0199e-02
3.6047e-01	1.0701e-01	5.7348e-01	7.2783e-01
4.5206e-01	2.6720e-01	7.6630e-01	3.7018e-01
8.9809e-02	3.7610e-02	7.5774e-01	6.4525e-01
8.1733e-02	6.7671e-02	9.7739e-01	1.8290e-01
2.9940e-02	9.1301e-02	6.7012e-01	7.3601e-01
5.1243e-01	1.9184e-01	6.2809e-01	5.5328e-01
6.6833e-01	5.6356e-01	3.1076e-01	3.7304e-01
1.0880e-01	2.9574e-01	7.5945e-01	5.6916e-01
1.1660e-01	4.7929e-02	9.8467e-01	1.2053e-01
2.8979e-02	1.0137e-03	9.5967e-01	2.7963e-01
3.3481e-01	7.4332e-01	5.7345e-02	5.7627e-01
1.3824e-01	4.5761e-01	8.7146e-01	1.0977e-01
1.6647e-01	6.3202e-01	4.1905e-01	6.3026e-01
2.2224e-01	2.9471e-01	5.8896e-01	7.1894e-01
4.9018e-02	6.9688e-02	9.4078e-02	9.9191e-01
6.6450e-01	2.7416e-01	3.8360e-02	6.9412e-01
3.4337e-01	5.4767e-02	6.9746e-01	6.2662e-01
4.6100e-02	4.2338e-02	9.9803e-01	4.8564e-03
2.1424e-01	5.3977e-01	4.3156e-01	6.9029e-01
3.5273e-01	5.6818e-01	7.1331e-01	2.0961e-01
2.7550e-01	8.1264e-01	6.1539e-02	5.0983e-01
2.5093e-01	2.0381e-01	7.1576e-01	6.1902e-01
5.7219e-02	2.8478e-02	5.3430e-02	9.9652e-01
5.3932e-01	1.6984e-01	8.1520e-01	1.2547e-01
5.5503e-01	8.7112e-02	4.8501e-01	6.7016e-01
1.8471e-01	7.3624e-01	5.0003e-01	4.1690e-01
1.7462e-02	1.6422e-03	9.8140e-01	1.9118e-01
8.0178e-01	5.8934e-01	6.3420e-02	7.6107e-02
7.6703e-02	6.9919e-04	9.0365e-01	4.2135e-01
3.2420e-01	2.0446e-01	8.9137e-01	2.4198e-01
3.7004e-02	4.0834e-01	6.6094e-01	6.2853e-01
1.8056e-02	8.0615e-02	6.6949e-01	7.3821e-01
3.1971e-01	3.6179e-01	8.1344e-01	3.2435e-01
6.8231e-03	1.5673e-01	6.7840e-02	9.8529e-01
5.5668e-01	1.3451e-01	6.1721e-01	5.3950e-01
7.4065e-01	9.9209e-02	6.6191e-01	5.8864e-02
3.1385e-01	4.5771e-01	6.4860e-01	5.2088e-01
4.3061e-02	8.2852e-01	4.4150e-01	3.4172e-01
1.5607e-01	6.1415e-01	7.7342e-01	1.7026e-02
9.4186e-01	6.9024e-02	5.8187e-02	3.2364e-01
7.3960e-02	3.0145e-02	5.7696e-02	9.9513e-01
4.3647e-01	8.4434e-02	6.2983e-01	6.3693e-01
4.8026e-03	3.1723e-01	5.9289e-01	7.4015e-01
3.9762e-02	3.9772e-01	8.2833e-01	3.9256e-01
5.7136e-01	5.2613e-01	3.1303e-01	5.4658e-01
4.7176e-02	7.2894e-02	9.6709e-02	9.9152e-01
5.7705e-01	6.4054e-01	3.4959e-03	5.0667e-01
3.5245e-01	1.4498e-01	8.8981e-01	2.5098e-01
1.2639e-01	6.2700e-01	3.8386e-01	6.6599e-01
2.4581e-01	6.2182e-01	5.5251e-02	7.4153e-01
5.2431e-01	4.7610e-01	5.8388e-01	3.9687e-01
5.4995e-01	2.5848e-01	6.9195e-01	3.8981e-01
3.5316e-02	5.6948e-02	1.4862e-01	9.8662e-01
2.3039e-01	7.2610e-01	2.8698e-01	5.8081e-01
6.9896e-01	4.6793e-01	5.3841e-01	5.1120e-02
4.4213e-01	4.8492e-02	5.8586e-01	6.7745e-01
2.9241e-02	8.4986e-03	7.1001e-01	7.0353e-01
9.6496e-01	1.4228e-01	1.3423e-02	2.2009e-01
3.6431e-01	7.2526e-01	4.1397e-01	4.1219e-01
6.9449e-01	6.8197e-01	1.0802e-01	2.0232e-01
7.2323e-01	7.2185e-02	2.5077e-01	6.3941e-01
1.7873e-01	4.1762e-01	8.1670e-01	3.5587e-01
6.3001e-01	3.0432e-01	6.8745e-01	1.9464e-01
2.3663e-02	3.7296e-02	9.5429e-02	9.9446e-01
3.6549e-01	5.2289e-01	7.6926e-01	3.5282e-02
6.4305e-01	4.2769e-01	5.9146e-01	2.3183e-01
9.5242e-02	5.2819e-01	5.0753e-01	6.7406e-01
1.9812e-02	1.6538e-02	1.1420e-01	9.9312e-01
5.7432e-01	8.1138e-01	7.6152e-02	7.7580e-02
3.1196e-01	6.6439e-01	9.2342e-02	6.7286e-01
1.0312e-01	1.2149e-01	8.7048e-01	4.6569e-01
2.6287e-01	8.7395e-01	3.1269e-01	2.6331e-01
8.5562e-01	2.2325e-01	4.6690e-01	8.8288e-03
2.4683e-01	2.9144e-01	8.1043e-01	4.4423e-01
3.6980e-02	1.8448e-01	9.7479e-01	1.1993e-01
2.1932e-01	4.1666e-01	7.8210e-01	4.0817e-01
2.7958e-01	7.9619e-02	8.5791e-01	4.2365e-01
1.7691e-01	1.4142e-01	9.4532e-01	2.3466e-01
1.0515e-02	4.4376e-02	9.7266e-01	2.2771e-01
8.3453e-01	4.4162e-01	2.4391e-01	2.2146e-01
5.5087e-01	1.9352e-01	5.3857e-01	6.0748e-01
4.8134e-02	2.2074e-02	5.5641e-02	9.9705e-01
6.1799e-01	1.1810e-02	5.2865e-01	5.8179e-01
1.9909e-02	2.6462e-01	9.3233e-01	2.4566e-01
3.2384e-04	8.4217e-01	5.0500e-01	1.8901e-01
1.2957e-01	1.6248e-02	7.4009e-02	9.8867e-01
5.1103e-01	6.4154e-01	2.9086e-01	4.9261e-01
4.6644e-05	4.0484e-05	1.6611e-03	1.0000e+00
4.7867e-03	4.7476e-02	3.5850e-02	9.9822e-01
4.4511e-03	9.9837e-03	4.1337e-02	9.9909e-01
2.1255e-01	1.3213e-01	6.7815e-01	6.9100e-01
1.6605e-02	5.5754e-01	8.1833e-01	1.3859e-01
2.5785e-01	3.9560e-01	4.7108e-01	7.4505e-01
1.1088e-01	6.7741e-02	4.8871e-02	9.9032e-01
8.8606e-01	4.4419e-03	4.5128e-01	1.0595e-01
2.9443e-01	8.3072e-01	3.8174e-01	2.7836e-01
4.7471e-03	5.8526e-03	9.4305e-01	3.3258e-01
2.6174e-02	6.0464e-02	1.1674e-01	9.9098e-01
4.9646e-01	2.6475e-01	4.2572e-01	7.0866e-01
1.1128e-01	1.5083e-01	7.5767e-01	6.2515e-01
7.1530e-01	3.8498e-02	2.1208e-01	6.6474e-01
2.1150e-02	2.5099e-02	2.3723e-02	9.9918e-01
9.4822e-02	7.9767e-02	1.2366e-03	9.9229e-01
2.3363e-01	7.1652e-01	6.5123e-01	8.8952e-02
1.8279e-01	3.6828e-01	5.7128e-01	7.1035e-01
7.3562e-01	4.4863e-01	3.6718e-01	3.5037e-01
4.7160e-01	5.9782e-02	5.0943e-01	7.1729e-01
4.5097e-01	7.3884e-01	3.0904e-01	3.9401e-01
5.9305e-01	7.0038e-01	1.4120e-01	3.7124e-01
2.2716e-01	2.7336e-01	6.4435e-01	6.7711e-01
6.6871e-01	2.0575e-01	5.5013e-01	4.5591e-01
2.0592e-01	4.1693e-01	7.6197e-01	4.5074e-01
5.8337e-01	6.0411e-01	5.3944e-01	6.1109e-02
5.2352e-01	4.3910e-01	3.6665e-01	6.3142e-01
1.1869e-02	1.2913e-02	1.1636e-01	9.9305e-01
3.4884e-02	1.3150e-02	9.9485e-01	9.4255e-02
1.6918e-01	1.5145e-02	2.5744e-02	9.8513e-01
6.1198e-01	4.9387e-01	3.1654e-01	5.3045e-01
9.6515e-02	1.6815e-01	9.8050e-01	3.2091e-02
8.8552e-01	9.9554e-02	3.0392e-01	3.3701e-01
6.8979e-01	3.3134e-02	6.5339e-01	3.1012e-01
6.0897e-01	3.1684e-01	8.7591e-02	7.2187e-01
4.5306e-02	2.0698e-02	8.5615e-01	5.1433e-01
2.7549e-01	2.4994e-01	5.5717e-01	7.4243e-01
2.0755e-02	8.4173e-03	3.4184e-02	9.9916e-01
1.6066e-01	8.3071e-01	1.8518e-01	4.9982e-01
5.9639e-01	6.9757e-01	3.1125e-01	2.4667e-01
1.2164e-01	5.9217e-01	5.8129e-01	5.4465e-01
3.9666e-01	2.0413e-01	6.5371e-01	6.1128e-01
7.4573e-01	4.0297e-01	3.6089e-01	3.8892e-01
3.0767e-01	1.9519e-01	5.5495e-01	7.4784e-01
7.0499e-01	7.0808e-02	6.0278e-01	3.6693e-01
3.6971e-01	8.6966e-01	6.1348e-02	3.2132e-01
6.2871e-01	6.3110e-01	3.3709e-01	3.0464e-01
5.8267e-01	2.3217e-01	4.9448e-01	6.0173e-01
2.3550e-01	3.0108e-02	7.8648e-01	5.7017e-01
4.2525e-01	7.0194e-01	5.6928e-01	4.8656e-02
3.4961e-02	9.4397e-02	1.3681e-02	9.9483e-01
5.3844e-01	4.7361e-01	2.6544e-01	6.4445e-01
3.4226e-02	1.1092e-01	7.2938e-01	6.7419e-01
3.2601e-01	5.8906e-01	7.0682e-01	2.1709e-01
5.3627e-01	4.4009e-01	1.6271e-01	7.0161e-01
1.6485e-01	1.5305e-01	8.2710e-01	5.1508e-01
9.1343e-02	6.6843e-01	7.0602e-01	2.1538e-01
1.5081e-03	8.5269e-03	8.2764e-01	5.6119e-01
1.6476e-01	1.1877e-01	7.0488e-01	6.7963e-01
2.4209e-01	1.7660e-01	6.0493e-01	7.3775e-01
6.3010e-01	2.1331e-01	4.6582e-01	5.8351e-01
4.6310e-01	3.4868e-01	6.9103e-01	4.3179e-01
4.5951e-01	2.6843e-01	8.4664e-01	2.3251e-03
8.0865e-02	2.8458e-01	8.5400e-01	4.2797e-01
5.4001e-02	1.5193e-01	2.7698e-02	9.8653e-01
1.8009e-01	1.6117e-01	6.9599e-01	6.7616e-01
1.0703e-01	5.7517e-01	7.6748e-01	2.6211e-01
3.4487e-02	2.4744e-01	6.2615e-01	7.3859e-01
7.8592e-03	1.9672e-02	3.0470e-02	9.9931e-01
2.6635e-01	6.5623e-01	5.2451e-01	4.7256e-01
4.1570e-01	3.7299e-01	8.2950e-01	2.7599e-03
1.8647e-01	8.2280e-01	5.3687e-01	6.5025e-05
1.0755e-02	6.0578e-02	1.0398e-01	9.9267e-01
4.3543e-02	4.6715e-01	8.5931e-01	2.0363e-01
6.4222e-01	1.0206e-01	3.6693e-01	6.6520e-01
1.2056e-01	8.8879e-01	2.4808e-01	3.6603e-01
4.6995e-01	4.1424e-01	7.3492e-01	2.5969e-01
8.3054e-02	5.4633e-02	8.4823e-01	5.2021e-01
1.1204e-01	1.6000e-01	6.3320e-01	7.4893e-01
1.5831e-01	1.8134e-01	7.3550e-01	6.3332e-01
6.5797e-01	6.0884e-01	3.1314e-01	3.1356e-01
2.7759e-01	1.7553e-01	9.1407e-01	2.3793e-01
1.5112e-01	4.3243e-02	9.1126e-01	3.8064e-01
4.7481e-01	8.6849e-01	3.5088e-02	1.3801e-01
6.2203e-01	4.7635e-01	5.0825e-01	3.5756e-01
1.0145e-02	2.3244e-02	3.5716e-02	9.9904e-01
4.6158e-01	3.9733e-01	4.9133e-01	6.2263e-01
1.5791e-01	6.9243e-01	4.6867e-01	5.2531e-01
1.3425e-01	7.2716e-01	2.9826e-01	6.0354e-01
7.3284e-02	3.4054e-01	8.4061e-01	4.1476e-01
5.9402e-01	2.5430e-02	7.8612e-01	1.6884e-01
8.5989e-01	4.7219e-01	6.3047e-02	1.8345e-01
4.0856e-01	2.7271e-02	6.7879e-01	6.0957e-01
2.0113e-01	4.8847e-01	6.2808e-01	5.7136e-01
8.1868e-02	2.4440e-01	9.6531e-01	4.1859e-02
5.0561e-01	6.9213e-01	5.1506e-01	6.5504e-03
8.1694e-02	2.5448e-01	8.5895e-01	4.3678e-01
1.2041e-01	3.2212e-01	8.9120e-01	2.9581e-01
2.9223e-03	1.1602e-02	9.9805e-01	6.1279e-02
2.8988e-01	1.5660e-01	9.4363e-01	3.1696e-02
3.2394e-02	2.8892e-02	1.1158e-02	9.9900e-01
5.2558e-01	1.1767e-01	8.1364e-01	2.1888e-01
2.2415e-01	9.0975e-01	3.4306e-01	6.6458e-02
3.0307e-01	6.6691e-01	1.9592e-01	6.5192e-01
5.9479e-01	2.4136e-01	2.8505e-01	7.1184e-01
4.3414e-02	1.3211e-02	3.1107e-02	9.9849e-01
8.1388e-03	3.7536e-02	6.7475e-02	9.9698e-01
2.4516e-02	2.4967e-01	8.1811e-01	5.1746e-01
4.4247e-02	5.5410e-01	4.0432e-01	7.2632e-01
2.1394e-01	2.0867e-01	7.8953e-01	5.3603e-01
6.2549e-01	4.9503e-01	4.0889e-01	4.4330e-01
5.6176e-02	1.2421e-02	7.0878e-01	7.0308e-01
3.4016e-01	1.0335e-01	6.3207e-01	6.8855e-01
2.4248e-01	3.2110e-01	8.8658e-01	2.2822e-01
8.2281e-01	1.6428e-01	3.9482e-01	3.7432e-01
5.1983e-01	5.4403e-01	6.3943e-01	1.5792e-01
4.0221e-03	5.2437e-02	9.2690e-01	3.7159e-01
1.2095e-01	7.6136e-01	4.4511e-01	4.5561e-01
8.4146e-04	2.3569e-04	2.0854e-02	9.9978e-01
2.8034e-02	2.4720e-02	3.6789e-03	9.9929e-01
2.5166e-01	2.5526e-01	7.8167e-01	5.1039e-01
2.4425e-01	4.5985e-01	4.3805e-01	7.3280e-01
2.3434e-02	3.7160e-02	9.8287e-02	9.9419e-01
2.8873e-01	2.1981e-01	7.2094e-01	5.9040e-01
6.1998e-01	4.6426e-01	3.5268e-01	5.2508e-01
8.9243e-02	2.4861e-01	8.8244e-01	3.8927e-01
1.0474e-01	6.9840e-01	4.1976e-02	7.0676e-01
3.0418e-03	9.6019e-03	7.0919e-03	9.9992e-01
6.0371e-01	1.7097e-01	4.7316e-01	6.1840e-01
7.9813e-01	2.8646e-01	5.1391e-01	1.2973e-01
7.7186e-01	1.9967e-01	3.6148e-01	4.8342e-01
7.4198e-01	2.6874e-01	5.5974e-01	2.5287e-01
3.3012e-01	6.6336e-01	6.3670e-01	2.1352e-01
7.9987e-01	7.7130e-02	2.1217e-01	5.5610e-01
2.0936e-01	7.8963e-01	1.9948e-01	5.4117e-01
2.5452e-01	6.6117e-01	6.8740e-01	1.5985e-01
4.6066e-01	5.9259e-01	3.9364e-01	5.3074e-01
4.6286e-02	1.8063e-01	6.6797e-01	7.2045e-01
4.5040e-01	5.2607e-01	3.7639e-01	6.1540e-01
1.1531e-01	7.7019e-01	5.5035e-01	3.0104e-01
1.4658e-01	4.7928e-01	8.4512e-01	1.8595e-01
8.0729e-02	3.5713e-02	9.8658e-01	1.3737e-01
9.1457e-02	5.5440e-02	9.8014e-01	1.6701e-01
7.9344e-03	6.4098e-02	5.1955e-03	9.9790e-01
1.6558e-01	6.1673e-02	7.8689e-01	5.9125e-01
5.6204e-02	9.5823e-02	1.4097e-02	9.9371e-01
1.4650e-02	1.6060e-01	8.8708e-02	9.8292e-01
7.5861e-01	5.6308e-01	1.5993e-01	2.8614e-01
4.0607e-01	6.0897e-01	6.9702e-03	6.8134e-01
1.9720e-02	1.4514e-02	1.1035e-01	9.9359e-01
8.9325e-01	9.4603e-02	4.3400e-01	6.9241e-02
5.0754e-01	1.0440e-01	7.1581e-01	4.6811e-01
5.0306e-01	4.3505e-02	7.6208e-01	4.0530e-01
1.3738e-01	8.4012e-01	4.0472e-01	3.3396e-01
3.1797e-02	4.3604e-02	8.1926e-01	5.7088e-01
1.2074e-03	5.1495e-02	1.0003e-01	9.9365e-01
8.0337e-02	5.7284e-02	1.2637e-01	9.8706e-01
1.0060e-02	1.1357e-01	7.4733e-01	6.5460e-01
2.7120e-01	4.8850e-01	8.0029e-01	2.1764e-01
8.7899e-01	1.4780e-01	2.0761e-01	4.0303e-01
4.8639e-01	4.6409e-01	6.5439e-01	3.4614e-01
7.1179e-02	7.0731e-02	4.0953e-03	9.9494e-01
4.4132e-01	7.7658e-01	1.4896e-01	4.2423e-01
4.8431e-02	5.9639e-03	2.3610e-02	9.9853e-01
3.9335e-01	5.2035e-01	6.8769e-01	3.1874e-01
4.9062e-01	3.0055e-02	8.6864e-01	6.2113e-02
3.3427e-01	3.5364e-01	8.5732e-01	1.6795e-01
1.8562e-01	7.7862e-01	3.4459e-01	4.9046e-01
1.1240e-01	1.8879e-01	7.8999e-01	5.7239e-01
3.7375e-02	6.1159e-01	5.1169e-01	6.0227e-01
6.0898e-01	5.3020e-01	3.8764e-01	4.4471e-01
1.6733e-02	2.0652e-02	7.0687e-02	9.9714e-01
3.2405e-02	1.9372e-01	7.7665e-01	5.9854e-01
6.3365e-01	3.3873e-01	4.9454e-01	4.8907e-01
3.6384e-01	2.0139e-01	6.2556e-01	6.6010e-01
2.6321e-01	1.1749e-01	9.1435e-01	2.8439e-01
1.6416e-01	5.5676e-01	7.9981e-01	1.5289e-01
9.4702e-01	3.1947e-01	2.7186e-02	1.8872e-02
5.0992e-01	6.7989e-01	2.3731e-01	4.7055e-01
6.8303e-02	7.2540e-01	3.0739e-01	6.1208e-01
1.3922e-02	5.5348e-03	8.3326e-02	9.9641e-01
7.5162e-01	3.9401e-01	1.4865e-01	5.0766e-01
2.7927e-01	5.3932e-01	3.1021e-01	7.3138e-01
5.6623e-01	5.7140e-01	4.3347e-01	4.0618e-01
4.3679e-01	7.8044e-01	6.2119e-02	4.4303e-01
7.1350e-01	3.1167e-01	6.0746e-01	1.5738e-01
5.0365e-01	1.3517e-01	8.5152e-01	5.4670e-02
6.9031e-01	1.8412e-01	6.9169e-01	1.0554e-01
1.1578e-01	9.6110e-01	2.5062e-01	9.0731e-03
2.5674e-01	3.0381e-01	5.5076e-01	7.3379e-01
5.0632e-01	6.1146e-01	5.8165e-01	1.7732e-01
3.0796e-01	4.2434e-01	8.1634e-01	2.4225e-01
1.6796e-01	6.1290e-01	4.1584e-01	6.5056e-01
4.8922e-01	4.0882e-01	4.0126e-01	6.5766e-01
2.9500e-01	3.0079e-01	5.6160e-01	7.1212e-01
1.2647e-01	3.9487e-02	5.1060e-02	9.8987e-01
4.0012e-02	2.2273e-02	9.9801e-01	4.3400e-02
3.8573e-01	4.8595e-01	6.2627e-01	4.7207e-01
2.8594e-01	4.2882e-02	9.5560e-01	5.6766e-02
2.2779e-02	7.2159e-01	5.5210e-02	6.8974e-01
6.1726e-01	1.5668e-01	7.2283e-01	2.6826e-01
1.4810e-01	5.6801e-03	3.4401e-02	9.8836e-01
7.2976e-01	5.3383e-01	3.4236e-01	2.5548e-01
7.6495e-02	9.1504e-03	1.6495e-01	9.8329e-01
4.8567e-01	2.7207e-01	8.0516e-01	2.0450e-01
7.1663e-01	3.1021e-02	2.8505e-01	6.3578e-01
3.0404e-02	9.9402e-03	7.4263e-01	6.6893e-01
2.7645e-02	1.9879e-02	4.1331e-02	9.9857e-01
3.3945e-01	9.0088e-01	2.5287e-01	9.6135e-02
2.9470e-02	8.8199e-02	7.7458e-03	9.9564e-01
6.6063e-01	1.0914e-01	1.7847e-01	7.2097e-01
1.3856e-01	3.6291e-01	9.1792e-01	8.0726e-02
3.2223e-01	3.7039e-01	8.0782e-01	3.2620e-01
4.4993e-01	3.8409e-01	6.2489e-01	5.0945e-01
5.2276e-01	5.8087e-01	6.1255e-01	1.1870e-01
6.2087e-02	1.6382e-01	2.0860e-03	9.8453e-01
1.4959e-01	8.2129e-01	4.4160e-01	3.2879e-01
2.9499e-01	4.2078e-02	8.5063e-01	4.3318e-01
2.7364e-01	2.8042e-01	6.5230e-01	6.4884e-01
7.6800e-02	3.4099e-01	5.6734e-01	7.4562e-01
2.2108e-02	8.9416e-03	3.8834e-02	9.9896e-01
6.1791e-01	5.8731e-01	5.1742e-01	7.4409e-02
3.5011e-01	5.4387e-01	5.7684e-01	4.9888e-01
7.3213e-02	5.0777e-02	8.5874e-01	5.0460e-01
5.5403e-01	2.6111e-01	7.7682e-01	1.4635e-01
2.3106e-02	1.1698e-01	2.7625e-02	9.9248e-01
9.3286e-02	7.9518e-01	5.6905e-01	1.8750e-01
3.8752e-03	7.1530e-04	3.9955e-02	9.9919e-01
5.5917e-02	1.3810e-01	2.0836e-02	9.8862e-01
1.7654e-01	1.3088e-01	7.9481e-01	5.6567e-01
2.9961e-02	7.5311e-03	9.9951e-01	5.6737e-03
1.4423e-01	3.0761e-01	6.4523e-01	6.8429e-01
8.6721e-02	1.0615e-02	4.4058e-02	9.9520e-01
2.6411e-01	8.8794e-01	2.1541e-01	3.0887e-01
2.9115e-03	4.6418e-03	3.1008e-03	9.9998e-01
1.2186e-01	2.1262e-01	9.0987e-01	3.3478e-01
8.4553e-01	3.4618e-01	3.6108e-01	1.8671e-01
2.1140e-01	7.5004e-02	9.5788e-01	1.7932e-01
9.2366e-04	5.1624e-02	9.5689e-01	2.8584e-01
1.5232e-01	1.1520e-01	3.9741e-02	9.8079e-01
3.8132e-01	4.2519e-01	8.1638e-01	8.5604e-02
3.4059e-02	9.0322e-03	1.7388e-01	9.8414e-01
1.3057e-03	2.1756e-03	8.8317e-01	4.6904e-01
1.4383e-01	1.6881e-02	9.6601e-02	9.8473e-01
4.1801e-02	4.1301e-01	7.9863e-01	4.3574e-01
3.5133e-01	6.7701e-01	1.1382e-01	6.3661e-01
3.5270e-01	6.6541e-01	6.4377e-02	6.5474e-01
4.6234e-01	5.3023e-02	5.3506e-01	7.0508e-01
7.1028e-01	6.6145e-01	2.3976e-01	2.2489e-02
5.1418e-02	6.3348e-02	8.7109e-01	4.8429e-01
1.0007e-01	8.6555e-02	1.0744e-02	9.9115e-01
4.2569e-01	6.1664e-01	4.5729e-02	6.6065e-01
4.0390e-01	4.4316e-01	8.0000e-01	2.1779e-02
7.0990e-03	7.4631e-03	8.5391e-01	5.2031e-01
1.3237e-01	4.4424e-01	8.8495e-01	4.4701e-02
3.0748e-01	6.5959e-01	1.3037e-01	6.7336e-01
3.9204e-02	6.4425e-03	1.7816e-01	9.8320e-01
3.8911e-01	2.9213e-01	5.3116e-01	6.9363e-01
2.0543e-01	5.4298e-01	3.4100e-01	7.3938e-01
8.2115e-02	8.6055e-01	1.0316e-01	4.9200e-01
6.5981e-05	2.2076e-03	9.9390e-02	9.9505e-01
1.4737e-01	7.0728e-02	9.2894e-02	9.8217e-01
1.3583e-01	1.5536e-01	9.7845e-01	6.9500e-03
1.5718e-01	7.7304e-01	1.6507e-01	5.9200e-01
2.7367e-01	5.4157e-01	6.7039e-01	4.2707e-01
2.2372e-02	3.8062e-02	9.7385e-03	9.9898e-01
7.2103e-01	1.0521e-01	5.5903e-01	3.9564e-01
1.6656e-02	1.3510e-02	7.6353e-02	9.9685e-01
4.5345e-01	5.1896e-01	3.2814e-01	6.4606e-01
3.3002e-01	3.7705e-01	6.0760e-01	6.1623e-01
4.9943e-02	1.0266e-03	8.0362e-01	5.9304e-01
8.0495e-02	4.2188e-02	8.2840e-01	5.5271e-01
2.7787e-03	7.8587e-03	1.2113e-01	9.9260e-01
6.3525e-01	7.3387e-01	1.8059e-01	1.5900e-01
2.9409e-01	2.2628e-01	7.4305e-01	5.5694e-01
1.7604e-02	1.2861e-02	3.2907e-03	9.9976e-01
6.0741e-02	4.3062e-02	2.0832e-02	9.9701e-01
9.1272e-02	9.5413e-02	8.8171e-02	9.8732e-01
6.9167e-01	2.7651e-01	4.4076e-01	5.0086e-01
2.8195e-02	1.6602e-01	7.3585e-01	6.5587e-01
4.2693e-01	4.0070e-01	8.0774e-01	6.8824e-02
3.4018e-01	8.6452e-01	1.6699e-01	3.3013e-01
6.9693e-01	3.2938e-01	3.5531e-01	5.2873e-01
2.9071e-03	2.2085e-03	3.1658e-03	9.9999e-01
2.6363e-01	2.4600e-01	8.6732e-01	3.4313e-01
3.5894e-01	6.0870e-01	5.3851e-01	4.5897e-01
8.4251e-01	4.6449e-01	2.0300e-01	1.8225e-01
4.7416e-02	1.6299e-01	7.1929e-02	9.8286e-01
6.3003e-01	2.2058e-01	5.0934e-01	5.4312e-01
2.9646e-01	4.2586e-01	6.4781e-01	5.5776e-01
4.1368e-01	8.4894e-01	8.2492e-02	3.1837e-01
9.8338e-02	1.0501e-01	8.4134e-02	9.8601e-01
3.4234e-01	2.5302e-01	7.5774e-01	4.9459e-01
4.9112e-01	4.3913e-01	5.4936e-01	5.1398e-01
6.1537e-02	5.7305e-01	7.5944e-01	3.0179e-01
7.1368e-01	3.2278e-01	4.0210e-01	4.7411e-01
2.2649e-02	5.6433e-01	3.8846e-01	7.2809e-01
1.7560e-02	7.6854e-03	9.9383e-01	1.0920e-01
1.4727e-01	2.2130e-01	8.4586e-01	4.6246e-01
3.2570e-01	1.5697e-01	8.3655e-01	4.1166e-01
4.2352e-02	1.2293e-01	8.6141e-01	4.9098e-01
3.1437e-01	6.2087e-01	4.3267e-01	5.7315e-01
9.3697e-01	1.4349e-01	2.2686e-01	2.2367e-01
1.3993e-01	2.2884e-01	6.7767e-01	6.8470e-01
2.5311e-01	5.5353e-01	7.2699e-01	3.1786e-01
4.5544e-02	2.7345e-01	9.5549e-01	1.0095e-01
1.9250e-02	4.0103e-02	2.3511e-02	9.9873e-01
1.9044e-02	9.8326e-02	9.6087e-01	2.5826e-01
4.1414e-01	7.3411e-01	3.4833e-01	4.1016e-01
7.5195e-01	6.1512e-01	2.2998e-01	5.7553e-02
6.4492e-01	6.4563e-01	4.0357e-01	6.6091e-02
3.2827e-01	4.4762e-01	5.2250e-01	6.4720e-01
2.7321e-02	5.5755e-01	8.2571e-01	8.1162e-02
5.0661e-01	2.8161e-01	6.2639e-01	5.2123e-01
8.5377e-01	4.7214e-01	1.1723e-01	1.8549e-01
2.4735e-01	5.0325e-02	9.4714e-01	1.9800e-01
4.3334e-01	3.9436e-02	6.1058e-01	6.6170e-01
3.0803e-01	3.5096e-01	5.1824e-01	7.1650e-01
6.4477e-01	4.1422e-01	1.8797e-01	6.1430e-01
8.5389e-01	4.9375e-01	1.1645e-01	1.1624e-01
1.9232e-01	5.6492e-01	3.5153e-01	7.2132e-01
6.3290e-02	9.9102e-01	6.5876e-02	9.7642e-02
2.2065e-02	1.6720e-02	9.9265e-01	1.1785e-01
1.4061e-01	8.8190e-01	2.9424e-01	3.4046e-01
8.6394e-01	7.7931e-02	2.9503e-01	4.0061e-01
1.6281e-01	9.0934e-02	9.3015e-01	3.1629e-01
1.0308e-01	7.1809e-02	9.6836e-01	2.1561e-01
3.5008e-01	5.9025e-01	6.3989e-01	3.4581e-01
1.3779e-01	8.3911e-01	1.4956e-01	5.0452e-01
9.5590e-02	6.4710e-02	5.8305e-02	9.9160e-01
4.3960e-02	9.1242e-01	2.0506e-01	3.5144e-01
5.6400e-01	3.6856e-01	4.7084e-01	5.6954e-01
2.6539e-01	6.3707e-01	1.4909e-01	7.0815e-01
3.5572e-02	4.4972e-02	8.4305e-01	5.3478e-01
7.9119e-02	1.1933e-02	5.3519e-02	9.9536e-01
2.3929e-01	1.5041e-01	6.9402e-01	6.6216e-01
8.6160e-01	1.5226e-01	3.6796e-01	3.1474e-01
1.1361e-02	2.3421e-02	1.9299e-02	9.9947e-01
6.3684e-01	1.2914e-01	7.4985e-01	1.2447e-01
1.9936e-01	2.7370e-01	7.7775e-01	5.2957e-01
2.7470e-01	7.2081e-01	3.4572e-01	5.3428e-01
4.1326e-02	3.6209e-02	1.6696e-02	9.9835e-01
9.1567e-02	7.0264e-02	8.8882e-04	9.9332e-01
3.7544e-01	3.4910e-01	8.0129e-01	3.0841e-01
2.8945e-01	6.7148e-01	9.1696e-02	6.7596e-01
9.4459e-02	1.0074e-01	8.4783e-01	5.1197e-01
7.3016e-01	3.0226e-01	3.3124e-01	5.1555e-01
5.2989e-02	1.1237e-01	8.6439e-01	4.8724e-01
5.6615e-02	6.3864e-02	8.7412e-01	4.7815e-01
4.7260e-01	4.2978e-01	7.6738e-01	5.5462e-02
6.0487e-01	7.7965e-02	3.8495e-01	6.9272e-01
1.0383e-01	1.0695e-01	5.6627e-02	9.8721e-01
4.7475e-01	2.5565e-01	8.1815e-01	1.9969e-01
5.2852e-01	6.1579e-01	3.9358e-01	4.3194e-01
3.7908e-01	6.0841e-01	6.7566e-01	1.7207e-01
3.1059e-01	1.3955e-01	6.9548e-01	6.3274e-01
5.5588e-02	9.5541e-02	9.8229e-01	1.5130e-01
8.0623e-02	7.2591e-01	1.0832e-02	6.8297e-01
3.3446e-02	3.5489e-02	6.6462e-01	7.4559e-01
5.6722e-02	1.0738e-01	7.3911e-01	6.6254e-01
3.9912e-01	1.3196e-02	7.7619e-01	4.8791e-01
3.2122e-01	6.5767e-01	6.7930e-01	5.3257e-02
3.5755e-02	7.4122e-03	1.0796e-01	9.9348e-01
3.6014e-01	6.1136e-01	3.4586e-01	6.1394e-01
3.1817e-01	2.2224e-01	6.4282e-01	6.6042e-01
4.6221e-02	4.8047e-01	8.4923e-01	2.1405e-01
5.0579e-02	6.0483e-01	7.2750e-01	3.1995e-01
1.6691e-02	3.1137e-01	9.0206e-01	2.9842e-01
3.4004e-01	4.1326e-01	7.0290e-01	4.6853e-01
7.5065e-01	2.8881e-01	5.9370e-01	2.5195e-02
2.9439e-02	6.4050e-01	6.3535e-01	4.3037e-01
1.4553e-03	6.0156e-02	6.8111e-01	7.2970e-01
6.6283e-01	5.1888e-01	5.3827e-01	4.1087e-02
1.4888e-01	9.1747e-01	3.6491e-01	5.4168e-02
4.4707e-02	2.1624e-01	6.2816e-01	7.4610e-01
7.1017e-01	1.2429e-01	3.4673e-01	5.9999e-01
9.4538e-01	2.1098e-01	2.0021e-01	1.4714e-01
7.5010e-01	7.7157e-02	1.4481e-01	6.4064e-01
3.8303e-01	2.0740e-02	8.6543e-01	3.2231e-01
8.6057e-01	2.7834e-01	3.9572e-01	1.5922e-01
9.8898e-02	2.3809e-02	3.2939e-02	9.9427e-01
6.0815e-01	6.6593e-01	3.2263e-01	2.8742e-01
7.1839e-01	6.3250e-01	2.5788e-01	1.3175e-01
7.7010e-01	5.1891e-02	1.4925e-01	6.1804e-01
6.6761e-01	1.2524e-01	4.3790e-01	5.8894e-01
3.2296e-01	6.4781e-01	5.6568e-01	3.9503e-01
3.4553e-01	4.0328e-02	6.5345e-01	6.7230e-01
6.1595e-01	2.7377e-01	7.3789e-01	3.4278e-02
8.9828e-01	4.2572e-01	1.7553e-02	1.0745e-01
5.9723e-01	5.2113e-01	5.2069e-01	3.1721e-01
1.3716e-02	4.3636e-03	4.6731e-02	9.9880e-01
2.2766e-01	2.6682e-01	6.6118e-01	6.6319e-01
2.9938e-02	5.5046e-01	8.0321e-01	2.2572e-01
2.0979e-01	6.6830e-01	1.3218e-01	7.0135e-01
6.4162e-01	1.9193e-01	6.1244e-01	4.2001e-01
2.3013e-01	1.0930e-01	6.7627e-01	6.9119e-01
1.7280e-02	3.1257e-03	9.4749e-03	9.9980e-01
9.4171e-03	2.0375e-02	9.6916e-01	2.4542e-01
3.5630e-01	3.9354e-01	3.9909e-01	7.4760e-01
3.0159e-01	6.3231e-02	9.5050e-01	4.0000e-02
7.1773e-02	1.9829e-02	1.0787e-02	9.9717e-01
8.4951e-02	6.3331e-01	5.0738e-01	5.7816e-01
6.4308e-02	2.6322e-02	9.6385e-02	9.9292e-01
3.7728e-01	6.8479e-01	5.6132e-01	2.7136e-01
7.5192e-01	5.1629e-01	4.1664e-02	4.0783e-01
7.2965e-02	6.7076e-02	9.8192e-01	1.6126e-01
8.6633e-01	2.3566e-01	2.6072e-01	3.5491e-01
4.1279e-01	8.0399e-02	8.2808e-01	3.7070e-01
1.6400e-01	7.1646e-01	1.7709e-02	6.7785e-01
5.3244e-01	5.2418e-01	6.0556e-01	2.7394e-01
5.3368e-01	4.1435e-01	5.7861e-01	4.5685e-01
1.1618e-01	6.6096e-01	4.9256e-01	5.5410e-01
3.4857e-01	1.2722e-01	9.0348e-01	2.1459e-01
6.2849e-03	4.7072e-02	9.9882e-01	1.0131e-02
6.1800e-01	3.7517e-02	5.4631e-01	5.6411e-01
7.7955e-02	1.2785e-01	8.7628e-01	4.5793e-01
4.3089e-01	3.2053e-02	6.7551e-01	5.9748e-01
8.9102e-03	1.0059e-02	3.2452e-02	9.9938e-01
2.0771e-01	8.6227e-01	3.3873e-01	3.1401e-01
4.5833e-01	2.4296e-02	8.7948e-01	1.2593e-01
1.3550e-03	3.5907e-02	1.7663e-01	9.8362e-01
1.2342e-01	6.5011e-02	9.7509e-02	9.8541e-01
1.7740e-01	1.5824e-01	8.7457e-01	4.2262e-01
7.5160e-01	1.7113e-01	4.5561e-01	4.4523e-01
2.5962e-03	4.7898e-03	9.1821e-01	3.9605e-01
3.3656e-04	6.0383e-03	7.1284e-03	9.9996e-01
4.3220e-02	6.0081e-02	1.7051e-01	9.8257e-01
1.9436e-01	6.2432e-02	9.7334e-01	1.0455e-01
8.9635e-02	4.3131e-02	1.3565e-01	9.8575e-01
3.7078e-02	6.8221e-02	8.6563e-02	9.9322e-01
4.1176e-01	3.2956e-01	4.7785e-01	7.0249e-01
5.4266e-01	1.4489e-01	7.6999e-01	3.0272e-01
5.0400e-02	4.8780e-02	2.0601e-02	9.9732e-01
5.0053e-01	2.4633e-01	5.8870e-01	5.8499e-01
7.1450e-02	4.6440e-02	7.4781e-01	6.5842e-01
1.0003e-02	2.6144e-03	1.4984e-02	9.9983e-01
1.1249e-02	6.4824e-03	1.6654e-01	9.8595e-01
5.5874e-03	9.4116e-03	4.6327e-02	9.9887e-01
8.3160e-02	2.8022e-01	8.7993e-01	3.7455e-01
2.0767e-01	3.7730e-01	7.5571e-01	4.9337e-01
2.1941e-01	9.5171e-01	7.8070e-02	2.0003e-01
3.1173e-02	6.1812e-02	5.3125e-02	9.9619e-01
1.7358e-01	4.9317e-01	4.3512e-01	7.3302e-01
7.0437e-01	5.9525e-02	1.9870e-01	6.7885e-01
8.4039e-01	4.1508e-01	2.8733e-01	1.9720e-01
6.5585e-01	7.4168e-02	2.3337e-01	7.1407e-01
6.1596e-01	6.6454e-01	4.2046e-01	4.6776e-02
5.2047e-01	3.2405e-01	3.4549e-01	7.1045e-01
4.4788e-01	4.4352e-01	7.2813e-01	2.6930e-01
6.7534e-01	2.4587e-01	3.1285e-01	6.2096e-01
3.7826e-03	5.5868e-03	1.1095e-02	9.9992e-01
2.1562e-03	4.2657e-02	2.5848e-02	9.9875e-01
6.3986e-01	7.2551e-01	2.1903e-01	1.2741e-01
7.7107e-01	1.5967e-01	1.7060e-01	5.9232e-01
2.0092e-01	2.6537e-01	6.1270e-01	7.1680e-01
1.6129e-01	3.6915e-01	5.9925e-01	6.9181e-01
6.9723e-01	5.0292e-01	9.6716e-02	5.0159e-01
8.2008e-02	5.3500e-01	6.4020e-01	5.4515e-01
1.9575e-03	6.1178e-02	3.3716e-02	9.9756e-01
1.9847e-01	7.6456e-01	2.2566e-02	6.1282e-01
6.6312e-01	2.4386e-01	3.7359e-02	7.0669e-01
5.1108e-01	7.1263e-01	4.8042e-01	1.2201e-02
8.8477e-02	3.1037e-01	8.6149e-01	3.9200e-01
5.4798e-01	3.7675e-01	3.9450e-01	6.3414e-01
3.2118e-01	5.4325e-01	2.1092e-01	7.4648e-01
7.2068e-02	2.3486e-01	8.3679e-01	4.8931e-01
1.6479e-01	2.3728e-01	7.9164e-01	5.3838e-01
6.3173e-02	4.1987e-01	9.0299e-01	6.5786e-02
2.9458e-01	1.6712e-01	6.5083e-01	6.7949e-01
2.9920e-01	6.6870e-01	6.4165e-01	2.2717e-01
6.0245e-01	5.1574e-01	6.0591e-01	6.2792e-02
1.3936e-01	6.5051e-01	7.3933e-01	1.0395e-01
2.6005e-02	1.6637e-02	1.6472e-01	9.8586e-01
6.7805e-01	6.2217e-01	1.6270e-01	3.5593e-01
8.3120e-01	3.2185e-01	1.0812e-01	4.4027e-01
2.5223e-02	7.5699e-03	1.2056e-01	9.9236e-01
3.6571e-01	5.5324e-01	1.3829e-01	7.3556e-01
9.1052e-01	2.7751e-01	1.5668e-01	2.6343e-01
5.1613e-01	3.0960e-01	7.8145e-01	1.6459e-01
7.7913e-02	1.3798e-01	7.8466e-02	9.8424e-01
1.6787e-01	3.2260e-01	8.8969e-01	2.7605e-01
5.4367e-01	4.1002e-01	2.7998e-01	6.7670e-01
2.1223e-01	5.9044e-02	7.5701e-01	6.1515e-01
2.4800e-01	8.9519e-01	2.0263e-01	3.0995e-01
2.4680e-01	4.2254e-02	7.7726e-01	5.7721e-01
4.3487e-01	4.3745e-01	5.6731e-01	5.4560e-01
2.8603e-01	3.0445e-01	5.8236e-01	6.9739e-01
1.8435e-01	3.1234e-01	9.2721e-01	9.3461e-02
3.3501e-01	7.3110e-01	5.9128e-01	6.0492e-02
7.2815e-02	6.3789e-02	7.2210e-01	6.8498e-01
3.7574e-02	6.3546e-01	7.4879e-01	1.8467e-01
2.1288e-02	8.4096e-02	8.6013e-01	5.0265e-01
1.7828e-02	4.5595e-02	1.8271e-01	9.8195e-01
3.4430e-01	2.7345e-01	8.9476e-01	7.8060e-02
5.6189e-02	1.7592e-01	1.1080e-02	9.8274e-01
5.7807e-02	2.9466e-02	8.2247e-03	9.9786e-01
1.6342e-01	9.6735e-02	9.2443e-01	3.3071e-01
1.5068e-01	1.9078e-01	9.5011e-01	1.9542e-01
6.2422e-01	3.6807e-01	5.2894e-01	4.4170e-01
1.9494e-01	1.9593e-01	8.3382e-01	4.7786e-01
3.6434e-01	7.5520e-01	2.5069e-01	4.8382e-01
2.2761e-01	5.9937e-01	7.0749e-01	2.9734e-01
2.5327e-01	7.7109e-01	4.0060e-01	4.2519e-01
5.3161e-01	7.5791e-01	1.4166e-01	3.5056e-01
5.7564e-03	1.6475e-02	1.1834e-02	9.9978e-01
2.3754e-01	1.1110e-01	8.1119e-01	5.2269e-01
1.2440e-01	8.0485e-01	2.6144e-01	5.1806e-01
2.6260e-01	2.6280e-01	9.1085e-01	1.7977e-01
3.1445e-01	7.3072e-01	3.8598e-03	6.0593e-01
2.7795e-02	5.0297e-02	2.7085e-02	9.9798e-01
3.4330e-03	1.4057e-02	8.2370e-01	5.6684e-01
7.3066e-01	6.0526e-01	2.1781e-01	2.2880e-01
2.3667e-01	4.8557e-01	8.2829e-01	1.4882e-01
3.3526e-01	5.5067e-01	4.4838e-01	6.1913e-01
9.9650e-03	1.2219e-01	6.9751e-02	9.9000e-01
3.7980e-02	1.7114e-02	1.4684e-01	9.8828e-01
2.5940e-03	9.0434e-03	2.1828e-02	9.9972e-01
6.3623e-01	2.9807e-01	1.2879e-01	6.9985e-01
1.4973e-01	5.2029e-01	6.7787e-01	4.9736e-01
6.8253e-02	2.3166e-03	7.7573e-01	6.2736e-01
2.8259e-01	4.8884e-01	8.1077e-01	1.5437e-01
7.7478e-01	1.0519e-01	5.1813e-01	3.4669e-01
5.4662e-01	7.7816e-01	3.0890e-01	1.6235e-02
1.9010e-02	1.0680e-02	8.3960e-02	9.9623e-01
6.6329e-02	1.0596e-01	1.1436e-02	9.9209e-01
2.3227e-02	3.5534e-01	7.1202e-01	6.0515e-01
1.8777e-01	2.9928e-01	5.8473e-01	7.3025e-01
5.5731e-01	7.1917e-01	2.0781e-01	3.5919e-01
4.4438e-01	5.5843e-01	6.9621e-01	7.7332e-02
2.1647e-01	5.7021e-01	6.8243e-01	4.0285e-01
3.7314e-01	7.1952e-01	3.7658e-01	4.4861e-01
2.8493e-02	4.3273e-02	9.2414e-01	3.7852e-01
5.4442e-01	6.6132e-01	4.3108e-01	2.8360e-01
1.0045e-03	2.9598e-02	1.1537e-01	9.9288e-01
6.8907e-01	2.7646e-01	6.4745e-01	1.7192e-01
4.9195e-02	9.9277e-01	2.3159e-02	1.0701e-01
3.1189e-02	1.7354e-01	7.1633e-01	6.7512e-01
3.3257e-01	2.8197e-01	8.5790e-01	2.7185e-01
3.5193e-02	1.1843e-02	3.6017e-02	9.9866e-01
1.1775e-01	5.9249e-01	4.4825e-01	6.5892e-01
1.4899e-01	6.8150e-01	4.4740e-01	5.5963e-01
3.3465e-01	1.9767e-01	8.9066e-01	2.3591e-01
6.5756e-01	3.4049e-01	6.1066e-01	2.8067e-01
5.9381e-01	3.7228e-02	3.4334e-01	7.2671e-01
2.2587e-01	8.4379e-01	4.8628e-01	2.3321e-02
2.9660e-01	6.6069e-01	6.2123e-01	2.9931e-01
1.1155e-01	7.1096e-02	9.6153e-01	2.4075e-01
2.0717e-01	7.3455e-01	6.4375e-01	5.5692e-02
1.4389e-02	2.6817e-02	8.3506e-01	5.4932e-01
7.4024e-02	3.3593e-02	1.6661e-01	9.8267e-01
9.1972e-01	3.0595e-01	2.4474e-01	2.4732e-02
3.8103e-01	6.1858e-02	8.3382e-01	3.9464e-01
3.2777e-01	7.6942e-01	4.3040e-01	3.3960e-01
3.1849e-01	3.6166e-01	8.2303e-01	3.0065e-01
8.5661e-01	3.8418e-01	3.1629e-01	1.3630e-01
1.0132e-03	9.1174e-04	1.5665e-01	9.8765e-01
9.0928e-03	1.4678e-03	1.9146e-01	9.8146e-01
2.3333e-01	1.7986e-01	9.4061e-01	1.6869e-01
6.4045e-01	4.6431e-01	4.4852e-01	4.1602e-01
1.9821e-04	9.9191e-04	9.7739e-03	9.9995e-01
5.0706e-01	4.3504e-02	6.6750e-01	5.4354e-01
2.9811e-02	8.8439e-02	7.1109e-01	6.9688e-01
1.8666e-01	6.7219e-01	4.8435e-01	5.2794e-01
2.0517e-01	5.5640e-01	7.0419e-01	3.9044e-01
6.0078e-01	6.2520e-01	6.2646e-02	4.9423e-01
5.8761e-01	2.3058e-01	7.7296e-01	6.3841e-02
1.0765e-01	8.3765e-01	1.5941e-02	5.3525e-01
7.0882e-03	8.2087e-01	4.8907e-01	2.9486e-01
1.9108e-03	5.8852e-03	9.6208e-03	9.9993e-01
6.5991e-02	6.6572e-01	3.3448e-01	6.6377e-01
9.9321e-02	4.2866e-01	8.2804e-01	3.4747e-01
9.2766e-02	7.9491e-02	6.0028e-02	9.9069e-01
3.5955e-01	7.8293e-02	6.0670e-01	7.0463e-01
1.1331e-02	2.1267e-02	9.0632e-02	9.9559e-01
9.0106e-01	8.9349e-02	9.8017e-02	4.1293e-01
2.1136e-01	7.4767e-01	4.8260e-01	4.0424e-01
5.2612e-02	1.1439e-01	5.9474e-02	9.9026e-01
5.3375e-01	4.4425e-01	1.7534e-02	7.1934e-01
3.6075e-01	7.6110e-02	7.9816e-01	4.7645e-01
2.9346e-01	7.9654e-02	8.6028e-01	4.0922e-01
1.2968e-01	3.9244e-01	6.6328e-01	6.2389e-01
2.7894e-01	6.3206e-01	6.4801e-01	3.2057e-01
1.6385e-02	6.9250e-03	8.6458e-01	5.0217e-01
5.4263e-02	6.5451e-03	1.8907e-01	9.8044e-01
2.7670e-02	1.7960e-01	9.1324e-01	3.6465e-01
4.1656e-01	5.0743e-01	5.3321e-01	5.3356e-01
8.8110e-01	5.7218e-02	4.6387e-01	7.2155e-02
7.6364e-01	1.7425e-01	6.1948e-01	5.2226e-02
2.5160e-01	7.8935e-01	3.6491e-01	4.2482e-01
2.8946e-01	6.5961e-01	4.3813e-01	5.3775e-01
6.2956e-01	6.8664e-01	2.7888e-01	2.3326e-01
1.4076e-02	5.3846e-02	9.8737e-01	1.4834e-01
2.8196e-01	2.9669e-01	8.5139e-01	3.2805e-01
2.2728e-02	6.1553e-02	7.1308e-02	9.9529e-01
4.6472e-02	1.1012e-03	6.8820e-01	7.2403e-01
7.6095e-02	7.3709e-01	4.0098e-01	5.3863e-01
2.6103e-02	2.6419e-02	8.4731e-01	5.2979e-01
1.9227e-02	5.1681e-03	1.7921e-02	9.9964e-01
6.6683e-01	4.7375e-01	5.1977e-01	2.4647e-01
7.8407e-02	2.3780e-01	9.5777e-01	1.4133e-01
4.2958e-01	3.8047e-02	7.9686e-01	4.2311e-01
1.7167e-01	3.8712e-01	9.0209e-01	8.3083e-02
3.9865e-01	1.2090e-01	8.6264e-01	2.8689e-01
1.1206e-01	6.8354e-02	7.2907e-01	6.7173e-01
3.3925e-02	2.8098e-01	7.0653e-01	6.4862e-01
5.8242e-01	1.0694e-01	4.3002e-01	6.8149e-01
2.7376e-02	9.7929e-02	1.2538e-02	9.9474e-01
2.9374e-01	7.0322e-01	6.4712e-01	2.0919e-02
4.7765e-01	1.1443e-01	7.7190e-01	4.0364e-01
6.9642e-03	9.9822e-01	6.7709e-04	5.9152e-02
8.5448e-02	2.4059e-01	9.2616e-01	2.7755e-01
4.0442e-01	4.6945e-01	7.6420e-01	1.7906e-01
3.7025e-01	2.6929e-01	5.4803e-01	7.0004e-01
6.1604e-01	3.1033e-01	3.6372e-01	6.2602e-01
4.1147e-01	4.1104e-01	6.7725e-01	4.5064e-01
9.3828e-01	3.6495e-02	8.8875e-02	3.3227e-01
7.6790e-02	2.6103e-01	9.2791e-01	2.5484e-01
1.7654e-01	1.2691e-02	9.0638e-01	3.8361e-01
4.2859e-02	2.4523e-01	7.5146e-01	6.1101e-01
4.3655e-01	2.8410e-01	8.4670e-01	1.0868e-01
7.2352e-01	1.0240e-01	6.8083e-01	5.0011e-02
4.3771e-02	6.2895e-01	2.2802e-01	7.4197e-01
8.1086e-01	7.0541e-02	1.2385e-01	5.6762e-01
2.7436e-02	1.2631e-01	4.4429e-02	9.9062e-01
7.9444e-01	1.1301e-01	4.8496e-01	3.4770e-01
9.2131e-01	2.1792e-01	3.0212e-01	1.1146e-01
7.3786e-01	2.7589e-01	1.4808e-02	6.1582e-01
6.6456e-01	1.6930e-01	4.4814e-01	5.7346e-01
2.2644e-03	6.6758e-04	9.9011e-03	9.9995e-01
5.9486e-01	7.4045e-01	2.0616e-01	2.3532e-01
5.4780e-01	5.9358e-01	9.7700e-04	5.8956e-01
2.1843e-01	5.8581e-01	7.0837e-01	3.2762e-01
8.1517e-01	5.1481e-01	2.5534e-01	7.2585e-02
5.7804e-02	9.8651e-02	5.7902e-02	9.9175e-01
9.7847e-01	1.0203e-01	1.2849e-01	1.2520e-01
3.1893e-03	3.1057e-02	6.0884e-02	9.9766e-01
2.1932e-01	9.6390e-01	7.4039e-02	1.3156e-01
6.2584e-02	9.7949e-02	8.9278e-01	4.3524e-01
4.9135e-01	1.6139e-01	8.2803e-01	2.1656e-01
7.0179e-01	4.8117e-01	1.4043e-01	5.0620e-01
7.4940e-01	2.7784e-01	2.2152e-01	5.5869e-01
3.5223e-01	6.4362e-02	7.1065e-01	6.0561e-01
5.0077e-01	6.5344e-01	1.3134e-01	5.5226e-01
3.4937e-01	2.1888e-01	7.1043e-01	5.7037e-01
2.1525e-01	1.3209e-01	7.9490e-01	5.5169e-01
8.5429e-01	4.1774e-01	3.0714e-01	3.6589e-02
4.1882e-01	4.7688e-01	4.2097e-01	6.4805e-01
4.6313e-01	2.6214e-01	7.5129e-01	3.9033e-01
3.7490e-01	3.4774e-01	4.5626e-01	7.2825e-01
3.1061e-01	2.3674e-01	8.0323e-01	4.4978e-01
5.2067e-04	1.7388e-03	9.7450e-02	9.9524e-01
2.3011e-02	4.5644e-02	1.6147e-01	9.8555e-01
1.3808e-01	8.8659e-01	1.6996e-01	4.0744e-01
2.0155e-01	6.0696e-02	9.5492e-01	2.0935e-01
1.5287e-01	3.4494e-02	8.5473e-02	9.8394e-01
7.7221e-01	5.3155e-02	5.6294e-01	2.8976e-01
6.1527e-01	3.5196e-01	6.6280e-01	2.4139e-01
1.8271e-03	7.6289e-02	5.0086e-02	9.9583e-01
8.0348e-01	1.9717e-01	5.5404e-01	9.2652e-02
3.1669e-01	1.3895e-01	7.5927e-01	5.5128e-01
4.8363e-01	7.8677e-01	2.7545e-01	2.6687e-01
5.6356e-01	7.3484e-01	8.5429e-02	3.6757e-01
1.0850e-01	1.5218e-02	1.0182e-01	9.8875e-01
4.3024e-02	4.9957e-02	4.6980e-02	9.9672e-01
1.1228e-02	2.6586e-01	7.8407e-01	5.6073e-01
3.0649e-01	4.7954e-01	5.8156e-01	5.8129e-01
6.6703e-01	2.1160e-02	2.9458e-01	6.8399e-01
1.7278e-02	5.2405e-04	8.0117e-01	5.9818e-01
6.8015e-01	5.8731e-01	2.8961e-01	3.2954e-01
8.5278e-02	9.7005e-01	9.6464e-02	2.0597e-01
7.3993e-01	2.9086e-01	4.9012e-01	3.5733e-01
1.3802e-01	5.2996e-01	5.3198e-01	6.4583e-01
4.4492e-01	8.3244e-01	2.4551e-01	2.2092e-01
5.8025e-01	4.4908e-01	6.7829e-01	3.9592e-02
4.3735e-02	1.2278e-01	2.0727e-03	9.9147e-01
5.9888e-01	2.2552e-01	3.1923e-01	6.9898e-01
4.0459e-01	7.5613e-01	5.0802e-01	8.0541e-02
4.1420e-02	1.7215e-01	3.1953e-02	9.8368e-01
8.3362e-01	4.5162e-01	2.1208e-01	2.3692e-01
5.2752e-02	2.6831e-02	1.1658e-02	9.9818e-01
3.7848e-02	9.8152e-03	5.7194e-02	9.9760e-01
3.0618e-04	5.5434e-02	8.4833e-01	5.2657e-01
2.0811e-02	6.4239e-03	3.2150e-02	9.9925e-01
4.3887e-01	7.5980e-01	4.1018e-01	2.4869e-01
1.7303e-01	6.7911e-01	2.4130e-01	6.7130e-01
1.0354e-01	6.4592e-01	1.1692e-01	7.4726e-01
7.9559e-02	5.2673e-02	9.8414e-01	1.4954e-01
4.0836e-01	9.0280e-01	3.4286e-02	1.3047e-01
6.3010e-03	1.7039e-02	8.7037e-02	9.9604e-01
3.9555e-01	4.7126e-01	5.6523e-01	5.4951e-01
2.6767e-01	9.5591e-01	5.4596e-03	1.2070e-01
5.0627e-04	9.8217e-02	1.0655e-01	9.8944e-01
3.6916e-01	4.0849e-01	7.1653e-01	4.2829e-01
2.6816e-01	3.9244e-01	8.7390e-01	1.0185e-01
9.5569e-02	5.9269e-02	7.9453e-01	5.9672e-01
3.2036e-02	4.3109e-02	1.8083e-01	9.8205e-01
6.6265e-01	6.8480e-01	2.6330e-01	1.5039e-01
6.4234e-01	3.2058e-01	6.9161e-01	7.9426e-02
7.4068e-01	6.3015e-01	1.5454e-01	1.7440e-01
1.6005e-01	5.9251e-02	3.6679e-02	9.8465e-01
1.1747e-02	2.0968e-02	1.3307e-01	9.9082e-01
5.0263e-01	7.3254e-01	4.0135e-01	2.2285e-01
6.3928e-02	3.8842e-02	9.9650e-01	3.7260e-02
3.2558e-01	7.9882e-01	4.8502e-01	1.4369e-01
7.8662e-02	8.8058e-01	4.0979e-01	2.2465e-01
6.6443e-01	5.6276e-01	3.6466e-02	4.9040e-01
4.8374e-02	6.6038e-01	5.6011e-01	4.9782e-01
1.3893e-01	5.0407e-01	4.1074e-01	7.4693e-01
4.7003e-01	1.1778e-01	7.1221e-01	5.0790e-01
6.6389e-02	3.2403e-02	1.9279e-02	9.9708e-01
1.2815e-01	6.4307e-02	8.6579e-01	4.7943e-01
6.0624e-03	3.0056e-02	9.9953e-01	8.0766e-04
4.5134e-02	2.7903e-02	7.4636e-01	6.6343e-01
9.0423e-03	2.1298e-02	1.0437e-02	9.9968e-01
1.2007e-01	8.1190e-01	3.2992e-01	4.6644e-01
1.5596e-01	4.7019e-02	8.8189e-01	4.4241e-01
6.9718e-01	4.1678e-01	2.5115e-01	5.2646e-01
1.3056e-01	7.4898e-01	5.7414e-01	3.0389e-01
5.0328e-01	8.3487e-02	7.7147e-01	3.8023e-01
4.5365e-02	9.3967e-02	2.3767e-03	9.9454e-01
6.4910e-01	4.5929e-02	3.7661e-01	6.5934e-01
7.8572e-01	3.2990e-01	5.0866e-01	1.2277e-01
1.1050e-01	7.1279e-01	5.5830e-01	4.0992e-01
6.5566e-01	6.9140e-02	6.9099e-01	2.9641e-01
4.7275e-01	6.4278e-01	3.0661e-01	5.1897e-01
7.8302e-01	4.7528e-01	4.1457e-03	4.0121e-01
2.0406e-01	1.8141e-01	8.8323e-01	3.8126e-01
4.0442e-02	3.0803e-01	9.5001e-01	3.1077e-02
3.3053e-03	8.0034e-02	9.7968e-01	1.8387e-01
3.0197e-01	9.1735e-01	1.4150e-01	2.1739e-01
5.5139e-02	6.4481e-02	1.3831e-01	9.8675e-01
1.5248e-01	9.8074e-02	9.0666e-01	3.8091e-01
3.4236e-01	6.3593e-01	7.8502e-02	6.8718e-01
8.0185e-02	5.8571e-02	1.4779e-01	9.8402e-01
3.4093e-01	3.1875e-01	7.9193e-01	3.9371e-01
7.4684e-01	4.3745e-01	4.9857e-01	4.7983e-02
1.8891e-01	6.2038e-01	6.3935e-01	4.1313e-01
2.4090e-01	1.6182e-01	9.3076e-01	2.2240e-01
9.3406e-02	6.6479e-01	7.1519e-01	1.9451e-01
2.2380e-01	2.8449e-01	9.2139e-01	1.4147e-01
2.0670e-02	2.0866e-02	6.5792e-02	9.9740e-01
1.1843e-01	7.0453e-01	4.2500e-01	5.5586e-01
3.2340e-01	8.8389e-01	2.6807e-01	2.0563e-01
2.9784e-01	8.3759e-02	9.4356e-01	1.1817e-01
1.3230e-01	5.5722e-02	9.5511e-01	2.5916e-01
2.1020e-02	2.9528e-01	6.8945e-01	6.6108e-01
2.0112e-01	5.8510e-01	6.3445e-01	4.6334e-01
4.7217e-03	2.6947e-01	9.1258e-01	3.0751e-01
5.0627e-01	9.9376e-02	6.2644e-01	5.8429e-01
9.4389e-02	4.1676e-02	8.9244e-01	4.3920e-01
1.0433e-01	8.9729e-02	3.7690e-02	9.8977e-01
7.8932e-01	3.2954e-01	2.8940e-01	4.2969e-01
1.8438e-03	1.4863e-03	7.8428e-03	9.9997e-01
5.8870e-03	4.2169e-03	9.9054e-01	1.3700e-01
4.8011e-02	7.0045e-01	7.0508e-01	9.9593e-02
5.3931e-01	1.1203e-01	7.5208e-01	3.6189e-01
8.8820e-01	3.9063e-01	2.1829e-01	1.0421e-01
9.6834e-03	1.6461e-02	1.3906e-01	9.9010e-01
8.7028e-01	6.4322e-02	3.6888e-01	3.2001e-01
4.0493e-01	7.3885e-02	5.5467e-01	7.2313e-01
2.2918e-01	8.5283e-01	1.1763e-01	4.5423e-01
6.4351e-01	5.0162e-02	2.3281e-01	7.2745e-01
7.2706e-01	3.0681e-01	8.6960e-02	6.0802e-01
2.8669e-01	7.2164e-01	6.3010e-01	4.6839e-03
3.2937e-01	2.5320e-01	6.8560e-01	5.9779e-01
8.3385e-01	2.4122e-01	4.8245e-01	1.1724e-01
3.7606e-01	1.3552e-01	7.8879e-01	4.6694e-01
6.7292e-01	3.0497e-01	3.9366e-01	5.4699e-01
4.4998e-01	3.2544e-01	5.7455e-01	6.0124e-01
1.1048e-01	1.0731e-01	6.7499e-01	7.2158e-01
2.2049e-03	9.3485e-03	7.2645e-02	9.9731e-01
1.9307e-02	1.3112e-02	7.4148e-01	6.7057e-01
9.0704e-01	4.1475e-01	2.0074e-02	6.9647e-02
5.1310e-01	4.9964e-01	5.7032e-01	4.0228e-01
7.0513e-05	5.1144e-04	3.7706e-03	9.9999e-01
6.0505e-02	5.6862e-02	9.2330e-01	3.7499e-01
2.2882e-01	4.4570e-01	7.1222e-01	4.9166e-01
1.7020e-02	1.1231e-02	9.9970e-01	1.3920e-02
5.1034e-01	1.4942e-01	4.7076e-01	7.0400e-01
1.1563e-01	5.2385e-03	9.5423e-01	2.7577e-01
6.0544e-02	4.5056e-02	6.6119e-02	9.9495e-01
1.4718e-04	3.2275e-04	2.2827e-04	1.0000e+00
4.5611e-01	2.8731e-01	7.5053e-01	3.8227e-01
2.9739e-01	6.7340e-01	4.0927e-01	5.3907e-01
6.4992e-01	3.0693e-01	5.5253e-01	4.2203e-01
1.0034e-01	4.9541e-01	5.8474e-01	6.3449e-01
1.0556e-01	5.6158e-02	1.3467e-02	9.9273e-01
9.7729e-04	1.5234e-02	2.4400e-02	9.9959e-01
2.7351e-01	4.7067e-01	5.3417e-01	6.4678e-01
7.4553e-01	4.9417e-02	5.9652e-01	2.9309e-01
9.6294e-01	2.5301e-01	8.8182e-02	3.0863e-02
5.2022e-01	3.0190e-01	6.1091e-01	5.1480e-01
1.2572e-02	6.8563e-03	1.0228e-01	9.9465e-01
6.3650e-01	3.9715e-01	6.5960e-01	4.5514e-02
1.2756e-01	1.2366e-01	6.8939e-01	7.0227e-01
7.1336e-02	1.0036e-01	9.9029e-01	6.4540e-02
8.6057e-01	1.7047e-01	3.6347e-01	3.1344e-01
5.2948e-04	2.2773e-03	2.7253e-02	9.9963e-01
1.8600e-01	3.1099e-01	8.4797e-01	3.8684e-01
1.3341e-01	6.2854e-02	9.8901e-01	1.0635e-02
1.3444e-01	8.7555e-02	5.3926e-02	9.8557e-01
1.8755e-01	2.4841e-02	6.4922e-01	7.3670e-01
8.3618e-02	1.1272e-01	6.5956e-01	7.3843e-01
1.9605e-02	4.8868e-03	1.5184e-01	9.8820e-01
6.9786e-01	2.7966e-01	1.1592e-01	6.4911e-01
6.1123e-02	1.0314e-01	8.0191e-01	5.8529e-01
2.0060e-01	2.5769e-01	6.8518e-01	6.5107e-01
4.6888e-01	5.8667e-01	5.4503e-01	3.7270e-01
5.2409e-01	1.2342e-01	7.0404e-01	4.6305e-01
1.9791e-01	4.6895e-02	9.0276e-01	3.7901e-01
4.8642e-02	2.7767e-02	9.4842e-02	9.9392e-01
6.8252e-02	4.8664e-03	4.4233e-02	9.9668e-01
1.3006e-01	3.3421e-02	6.7691e-01	7.2372e-01
4.0444e-03	9.1872e-03	8.5072e-02	9.9632e-01
4.4658e-01	6.1957e-02	8.5258e-01	2.6424e-01
7.2028e-01	7.4515e-02	1.9344e-01	6.6199e-01
3.7805e-02	5.5598e-01	6.3029e-01	5.4055e-01
2.2001e-01	1.2689e-01	9.3879e-01	2.3274e-01
1.2696e-02	1.6672e-02	8.1198e-02	9.9648e-01
2.2509e-01	1.5271e-01	6.2117e-01	7.3495e-01
1.9666e-01	1.5769e-01	7.7574e-01	5.7852e-01
1.4360e-01	5.4490e-02	7.2680e-01	6.6946e-01
4.4959e-01	3.0273e-01	8.3913e-01	4.5645e-02
8.2957e-01	4.3998e-01	1.4699e-01	3.1085e-01
9.5304e-01	1.8461e-01	1.4890e-01	1.8833e-01
6.0531e-01	3.2423e-01	2.8544e-01	6.6858e-01
5.4398e-01	1.5766e-01	6.4712e-01	5.1035e-01
3.4958e-01	4.4595e-01	7.8136e-01	2.6155e-01
6.8513e-01	5.7098e-01	4.2848e-01	1.4485e-01
2.0829e-02	3.4584e-02	1.5209e-01	9.8754e-01
4.3539e-01	6.3952e-02	5.1565e-01	7.3515e-01
4.3574e-02	1.9323e-02	8.1691e-01	5.7480e-01
1.3292e-01	5.7613e-01	7.6418e-01	2.5775e-01
6.1124e-01	4.6146e-02	6.3888e-01	4.6485e-01
5.3414e-01	5.0796e-01	6.7577e-01	1.9395e-03
6.2613e-01	7.2107e-01	2.7827e-01	1.0293e-01
5.6089e-02	3.1075e-02	5.1237e-02	9.9663e-01
6.5460e-01	1.3156e-01	3.9369e-01	6.3182e-01
1.1201e-01	8.4191e-01	5.0817e-01	1.4283e-01
4.1653e-01	5.9602e-01	6.4685e-01	2.2989e-01
1.5749e-01	9.1905e-01	1.2790e-01	3.3793e-01
3.0995e-02	2.8349e-02	1.4064e-01	9.8917e-01
2.3412e-01	1.8819e-01	8.3942e-01	4.5294e-01
2.1248e-01	5.1174e-01	5.5544e-01	6.2005e-01
1.4459e-02	1.7339e-01	6.4989e-01	7.3985e-01
3.8808e-03	1.5440e-04	6.4486e-03	9.9997e-01
1.4762e-01	9.7751e-02	9.4729e-01	2.6702e-01
2.3067e-01	5.7505e-01	7.6011e-01	1.9583e-01
1.2632e-01	1.0314e-02	7.3073e-01	6.7080e-01
1.2490e-01	2.3497e-01	6.1317e-01	7.4378e-01
1.9548e-01	1.1232e-01	9.7356e-01	3.6660e-02
8.0875e-01	5.1619e-01	2.7679e-01	5.3434e-02
7.6038e-04	1.1549e-01	8.0114e-01	5.8723e-01
8.4981e-01	2.6808e-01	2.6764e-01	3.6651e-01
5.7111e-01	9.0044e-02	4.4949e-01	6.8095e-01
1.7494e-01	7.1357e-01	6.6847e-01	1.1560e-01
3.2971e-01	8.0922e-01	4.0920e-01	2.6268e-01
3.7033e-01	8.5334e-01	2.8883e-01	2.2638e-01
3.8929e-01	3.6740e-01	7.6801e-01	3.5161e-01
5.3401e-01	7.4846e-01	3.6258e-01	1.5227e-01
8.3560e-02	6.3332e-01	7.4050e-01	2.0877e-01
1.2744e-01	7.5464e-01	3.0458e-01	5.6702e-01
5.0857e-02	7.7255e-01	3.9360e-01	4.9564e-01
4.4785e-01	8.4585e-01	2.7528e-01	9.0439e-02
1.3893e-01	3.8861e-03	3.7542e-02	9.8958e-01
2.5793e-01	4.7434e-01	7.7386e-01	3.3109e-01
4.1367e-01	6.3105e-02	8.7463e-01	2.4479e-01
6.0165e-01	3.6969e-01	4.4713e-01	5.4901e-01
4.4863e-01	4.5653e-01	6.9077e-01	3.3638e-01
2.8331e-01	2.1392e-01	9.1260e-01	2.0283e-01
2.5904e-01	5.2943e-01	8.0155e-01	1.0055e-01
9.1023e-03	1.7244e-02	2.5542e-04	9.9981e-01
4.1345e-02	2.6126e-01	8.6140e-01	4.3362e-01
1.4409e-01	1.9284e-01	6.4518e-01	7.2512e-01
1.3718e-01	5.6081e-01	8.1604e-01	2.7502e-02
1.5609e-01	5.3876e-01	7.5856e-01	3.3161e-01
6.1030e-01	2.4846e-01	1.6418e-01	7.3406e-01
3.0690e-01	1.6689e-01	7.4451e-01	5.6891e-01
3.1289e-01	3.9895e-01	5.0914e-01	6.9550e-01
7.7909e-01	3.6269e-01	4.3960e-01	2.6119e-01
2.2399e-01	7.0885e-01	4.5918e-01	4.8632e-01
4.0552e-01	1.4587e-01	8.8213e-01	1.9008e-01
6.7921e-01	5.7013e-01	4.4427e-01	1.2749e-01
7.9474e-01	4.6333e-01	3.9098e-01	2.9146e-02
5.8845e-01	6.3535e-01	1.9532e-01	4.6033e-01
1.1637e-01	1.6768e-01	8.2710e-01	5.2369e-01
3.1958e-01	5.6193e-01	5.7346e-01	5.0324e-01
2.5037e-01	2.7853e-01	8.0451e-01	4.6098e-01
1.7936e-01	4.3043e-01	7.5614e-01	4.5914e-01
4.7110e-02	7.8116e-02	6.0790e-02	9.9397e-01
6.6433e-01	2.2708e-01	7.1018e-01	5.2366e-02
3.5645e-01	3.6668e-01	6.9058e-01	5.1146e-01
1.1839e-02	2.5135e-02	1.1614e-02	9.9955e-01
4.4133e-01	5.5748e-02	8.0901e-01	3.8422e-01
9.4012e-01	2.1835e-01	2.3512e-01	1.1496e-01
1.0802e-02	2.9834e-01	7.8527e-01	5.4243e-01
8.5955e-01	4.1738e-01	2.9270e-01	3.5887e-02
2.5968e-01	4.5907e-01	7.0039e-01	4.8092e-01
1.8222e-02	8.9985e-01	3.3960e-01	2.7314e-01
2.4856e-01	5.3129e-01	7.9334e-01	1.6301e-01
4.3373e-01	6.8215e-01	4.0279e-01	4.2931e-01
3.1057e-01	7.9557e-01	3.1919e-01	4.1076e-01
1.1273e-01	2.4395e-02	1.0335e-01	9.8794e-01
4.1361e-01	8.9799e-01	7.0400e-02	1.3257e-01
3.4369e-01	6.6539e-01	5.7727e-01	3.2541e-01
2.3889e-01	2.9632e-01	7.3724e-01	5.5821e-01
4.9655e-01	3.5532e-01	7.5033e-01	2.5335e-01
1.7919e-04	2.3737e-02	9.9590e-01	8.7330e-02
7.1474e-01	3.5270e-01	2.7948e-01	5.3539e-01
3.8354e-01	1.5150e-01	8.9612e-01	1.6404e-01
6.1050e-01	7.2877e-02	2.4389e-01	7.5000e-01
1.3666e-01	4.8731e-01	8.1124e-01	2.9281e-01
3.2612e-01	5.7313e-01	2.3986e-01	7.1249e-01
2.4103e-01	9.7278e-02	9.2435e-01	2.7932e-01
2.6276e-01	7.9023e-01	2.4593e-01	4.9600e-01
4.4295e-02	3.4750e-01	7.5491e-01	5.5443e-01
3.6326e-01	5.2707e-01	7.1241e-01	2.8758e-01
9.0083e-02	6.6789e-01	4.6128e-01	5.7708e-01
6.0149e-01	4.6323e-01	2.0651e-01	6.1723e-01
3.2299e-01	5.6565e-01	4.2346e-01	6.2960e-01
6.1832e-01	2.7155e-01	7.3152e-01	9.3935e-02
1.7896e-01	7.4792e-01	3.6078e-01	5.2766e-01
3.7806e-01	4.8716e-01	7.8655e-01	3.2997e-02
2.7761e-01	7.5577e-01	8.0606e-02	5.8758e-01
3.3207e-01	7.9292e-01	2.4738e-01	4.4701e-01
1.6636e-01	2.8720e-01	9.3275e-01	1.4077e-01
3.7046e-01	4.7396e-01	3.2639e-01	7.2910e-01
7.2452e-01	4.9598e-01	3.9874e-01	2.6471e-01
1.8113e-02	1.6062e-02	9.9437e-01	1.0316e-01
4.3545e-01	5.8109e-02	8.4941e-01	2.9240e-01
6.2160e-01	4.2835e-01	3.6842e-01	5.4257e-01
1.0863e-02	7.8274e-02	5.4621e-02	9.9538e-01
4.8080e-01	5.3121e-01	3.3479e-01	6.1201e-01
7.0867e-01	8.1755e-02	2.7905e-01	6.4283e-01
2.7156e-01	5.6768e-01	7.3046e-01	2.6538e-01
7.6610e-01	4.1899e-01	4.8265e-01	6.7640e-02
1.2587e-01	7.1562e-02	9.8190e-01	1.2212e-01
2.9016e-01	8.0653e-02	9.5357e-01	3.2313e-03
2.9228e-01	4.3888e-01	8.4927e-01	2.6324e-02
3.2206e-02	5.5764e-01	4.1157e-01	7.2014e-01
5.2154e-01	7.7971e-01	4.2078e-02	3.4392e-01
1.6756e-01	6.5985e-02	9.4861e-01	2.6021e-01
7.7352e-01	4.2996e-02	1.8715e-01	6.0398e-01
1.2670e-01	1.8345e-01	8.5362e-01	4.7077e-01
6.3186e-01	2.8445e-01	5.5966e-01	4.5455e-01
1.6470e-01	3.9392e-02	8.8131e-02	9.8161e-01
7.4240e-02	2.7206e-02	8.8683e-01	4.5529e-01
1.1292e-01	2.1916e-02	1.2924e-01	9.8492e-01
7.2776e-01	1.3720e-01	4.6798e-01	4.8222e-01
2.2409e-01	1.5667e-02	7.7548e-01	5.9006e-01
6.8563e-01	1.5975e-01	3.2805e-01	6.2990e-01
4.2725e-03	6.0989e-02	5.7333e-04	9.9813e-01
1.2641e-01	1.9487e-01	9.4960e-01	2.1049e-01
5.2489e-02	1.6362e-01	7.3705e-01	6.5363e-01
7.8665e-03	3.2760e-03	1.4162e-01	9.8988e-01
1.6177e-01	3.4578e-02	7.1135e-01	6.8309e-01
2.7849e-02	2.2368e-02	4.6997e-02	9.9826e-01
5.5649e-01	7.9008e-01	8.2168e-03	2.5695e-01
2.3940e-01	3.9015e-01	8.5350e-01	2.4902e-01
6.4502e-01	5.8756e-01	4.2238e-02	4.8676e-01
3.7459e-01	1.4318e-01	8.2752e-01	3.9293e-01
4.2970e-01	2.0036e-02	8.9355e-01	1.2851e-01
2.8815e-01	5.7545e-01	7.5342e-01	1.3488e-01
8.2378e-01	3.7598e-01	3.9546e-01	1.5377e-01
4.1843e-01	8.2349e-01	1.0126e-01	3.6950e-01
2.6608e-01	7.7086e-01	5.7690e-01	4.6481e-02
6.1844e-02	6.3437e-02	9.0344e-02	9.9196e-01
3.1607e-02	4.5915e-02	1.8845e-01	9.8050e-01
5.0476e-02	1.2884e-02	1.4224e-01	9.8846e-01
6.2101e-01	6.1804e-01	3.8089e-01	2.9545e-01
9.4609e-02	4.3498e-01	8.5860e-01	2.5428e-01
8.4593e-01	2.2331e-01	3.0289e-01	3.7787e-01
2.2137e-01	8.8377e-01	4.1224e-01	1.2982e-03
1.4401e-01	1.9398e-02	7.2454e-01	6.7374e-01
1.7274e-01	9.1701e-01	1.1259e-01	3.4143e-01
7.0376e-01	2.8462e-01	9.8142e-02	6.4349e-01
6.7045e-01	6.5553e-01	3.2849e-01	1.1348e-01
3.6136e-01	6.1050e-01	2.6438e-01	6.5331e-01
2.5865e-01	6.3213e-01	2.6593e-01	6.8029e-01
8.9486e-02	5.4499e-02	1.4351e-02	9.9439e-01
1.7180e-01	7.6844e-02	4.4295e-02	9.8113e-01
3.1136e-01	2.3141e-01	7.8830e-01	4.7758e-01
6.0876e-02	9.1710e-02	1.8774e-02	9.9375e-01
8.5023e-01	1.8475e-01	4.7170e-01	1.4308e-01
1.0960e-01	7.7245e-02	9.4101e-02	9.8649e-01
6.1586e-03	2.1304e-02	4.7563e-02	9.9862e-01
5.1145e-01	4.7917e-01	3.9096e-01	5.9663e-01
5.4685e-01	6.5938e-01	1.5233e-01	4.9292e-01
5.4030e-02	6.3396e-01	2.1478e-01	7.4098e-01
8.8300e-01	3.9268e-01	2.3004e-01	1.1488e-01
1.1538e-01	2.9173e-01	6.5469e-01	6.8773e-01
1.6951e-01	4.8366e-01	8.5817e-01	2.9644e-02
5.8774e-02	6.5612e-02	2.5203e-02	9.9579e-01
4.7002e-01	5.0959e-01	8.0574e-02	7.1617e-01
2.4274e-01	8.7650e-01	2.3794e-01	3.4089e-01
1.3819e-01	2.4536e-02	6.3179e-02	9.8808e-01
2.3939e-01	5.5691e-01	6.9900e-01	3.7939e-01
2.0190e-02	5.1775e-04	1.3978e-02	9.9970e-01
9.1440e-02	1.5275e-01	5.6519e-02	9.8240e-01
1.5605e-01	4.4469e-01	8.7957e-01	6.5174e-02
3.8130e-01	6.5139e-01	2.3261e-01	6.1335e-01
5.0632e-02	6.4230e-02	3.4079e-02	9.9607e-01
9.4654e-01	2.3107e-01	7.6933e-02	2.1156e-01
8.3297e-02	7.9713e-02	1.4039e-01	9.8336e-01
5.9493e-01	1.9031e-02	7.6322e-01	2.5139e-01
2.4765e-01	8.8745e-01	3.1166e-01	2.3230e-01
8.5903e-02	1.6537e-01	6.6564e-01	7.2264e-01
1.6196e-01	6.8958e-01	5.6775e-01	4.1941e-01
4.0911e-01	3.7485e-01	8.3173e-01	1.8610e-02
1.6200e-02	6.0957e-02	2.1909e-02	9.9777e-01
6.1215e-01	5.9140e-01	9.6325e-02	5.1598e-01
2.5680e-02	2.1487e-02	4.5401e-02	9.9841e-01
1.0901e-01	8.8918e-01	5.8929e-02	4.4046e-01
8.7335e-02	7.3364e-01	2.8661e-01	6.0991e-01
6.9967e-01	5.6872e-01	2.4656e-01	3.5527e-01
2.9434e-01	3.1982e-01	6.4524e-01	6.2828e-01
3.7877e-02	1.3150e-02	4.9761e-02	9.9796e-01
7.2268e-01	5.0666e-01	4.0538e-01	2.3812e-01
3.0448e-03	8.4620e-03	5.8069e-03	9.9994e-01
8.0030e-03	3.2932e-02	3.2957e-03	9.9942e-01
5.7622e-02	9.5229e-02	2.3368e-02	9.9351e-01
5.1349e-01	2.4776e-01	8.1419e-01	1.0972e-01
8.7761e-02	5.7411e-01	8.0800e-01	9.9171e-02
3.1119e-01	5.0412e-01	4.4408e-01	6.7218e-01
8.7053e-01	4.1671e-01	9.6932e-02	2.4317e-01
6.4138e-03	2.5740e-02	9.1115e-01	4.1121e-01
9.8851e-01	1.3460e-01	1.5565e-02	6.7044e-02
3.4119e-01	3.2789e-01	8.8027e-01	3.4729e-02
9.2171e-01	3.5353e-01	1.3077e-01	9.1492e-02
1.6620e-01	2.1171e-02	9.2008e-01	3.5410e-01
2.3907e-02	3.7647e-02	7.6122e-02	9.9610e-01
1.9579e-01	1.7642e-01	9.6222e-01	6.8321e-02
1.2033e-02	8.8578e-01	3.9343e-02	4.6227e-01
3.0095e-02	4.0954e-02	8.8471e-02	9.9478e-01
9.0291e-02	4.1081e-02	7.2285e-02	9.9244e-01
5.0808e-01	2.6558e-01	8.0082e-01	1.7327e-01
4.2728e-02	1.6000e-01	9.4228e-01	2.9099e-01
3.1247e-02	4.1739e-02	1.3538e-01	9.8942e-01
5.5963e-01	3.2679e-02	8.0865e-01	1.7841e-01
8.1909e-01	4.1727e-01	7.5209e-02	3.8643e-01
5.1093e-01	2.8484e-01	7.2490e-01	3.6378e-01
7.7550e-03	2.6421e-02	8.6057e-01	5.0859e-01
2.2567e-01	1.1167e-01	9.5511e-01	1.5610e-01
1.7625e-01	2.7486e-01	7.8100e-01	5.3238e-01
6.5596e-03	2.2925e-03	9.5157e-03	9.9993e-01
4.0807e-01	6.2207e-01	3.0675e-01	5.9365e-01
7.8757e-01	3.6371e-01	3.9656e-01	3.0031e-01
7.1897e-02	1.6557e-01	7.8275e-01	5.9558e-01
6.4883e-02	1.5596e-01	7.0488e-02	9.8311e-01
5.0790e-01	6.1029e-01	1.8169e-01	5.8015e-01
2.8761e-01	5.1791e-01	7.3345e-01	3.3332e-01
6.5546e-01	3.6651e-01	4.8864e-01	4.4415e-01
2.1218e-01	6.1883e-01	7.5365e-01	6.3509e-02
6.2928e-01	4.6907e-01	6.1379e-01	8.5146e-02
7.2167e-04	4.0771e-05	1.4006e-02	9.9990e-01
1.9683e-01	1.8506e-01	9.5509e-01	1.2167e-01
7.3481e-01	5.7220e-01	2.4410e-01	2.7027e-01
4.4109e-01	5.4246e-01	7.0932e-01	8.9668e-02
7.1024e-01	2.8867e-01	5.7350e-01	2.8867e-01
5.8171e-01	4.6269e-01	6.6522e-01	7.0803e-02
1.6771e-03	1.3609e-01	4.4316e-02	9.8970e-01
2.2745e-01	7.5203e-02	7.6706e-01	5.9516e-01
6.3112e-01	5.1869e-01	5.7001e-01	8.7962e-02
8.9143e-01	2.7629e-01	3.0091e-02	3.5793e-01
3.4056e-02	1.6241e-01	7.0544e-01	6.8907e-01
8.3911e-02	7.9072e-01	4.9586e-01	3.4906e-01
1.9701e-01	9.6608e-01	4.6994e-02	1.6020e-01
6.8843e-01	4.1087e-01	5.9641e-01	3.9151e-02
3.5557e-02	5.9772e-01	5.9860e-01	5.3210e-01
5.7449e-01	1.9246e-01	5.4973e-01	5.7508e-01
5.4375e-01	6.3961e-01	4.3583e-01	3.2447e-01
2.1018e-02	1.1628e-01	1.9402e-02	9.9280e-01
4.1276e-01	4.1965e-01	7.0358e-01	3.9813e-01
2.9114e-01	8.6587e-01	4.0654e-01	1.5266e-02
1.4920e-01	9.0705e-01	2.8764e-01	2.6884e-01
7.3918e-02	6.9347e-01	6.3869e-01	3.2513e-01
5.5056e-02	5.2172e-02	1.3080e-01	9.8850e-01
4.0872e-01	5.9932e-01	5.4033e-02	6.8618e-01
2.8429e-02	1.9496e-01	8.7671e-01	4.3882e-01
2.8104e-01	6.4113e-01	4.3734e-01	5.6454e-01
3.2596e-01	2.2171e-01	7.2611e-01	5.6335e-01
3.0053e-02	5.7622e-02	1.6748e-01	9.8373e-01
7.5856e-01	1.8647e-01	1.3055e-01	6.1055e-01
6.8985e-02	3.8109e-02	9.9660e-01	2.3939e-02
4.7874e-01	6.3189e-01	3.9346e-01	4.6552e-01
5.1507e-01	3.0956e-01	6.3936e-01	4.7968e-01
6.4337e-01	3.1495e-01	6.8753e-01	1.1912e-01
4.4448e-01	4.4954e-01	3.3114e-01	7.0050e-01
7.5069e-02	3.2222e-01	6.4112e-01	6.9246e-01
3.5170e-03	8.1112e-02	7.6389e-01	6.4022e-01
3.5756e-01	1.2465e-01	7.7437e-01	5.0692e-01
1.6420e-02	5.1589e-02	5.6457e-02	9.9694e-01
2.8768e-01	6.9790e-01	2.2635e-02	6.5549e-01
4.3046e-01	8.6978e-02	8.7623e-01	1.9841e-01
5.5360e-01	3.2248e-01	5.3002e-01	5.5553e-01
5.3362e-01	1.3333e-01	7.0561e-01	4.4675e-01
4.3329e-03	6.6588e-04	6.7650e-02	9.9770e-01
4.1736e-01	9.0094e-01	3.5604e-02	1.1336e-01
8.1561e-02	2.3311e-01	9.6876e-01	2.2683e-02
2.5141e-01	5.4706e-01	3.2004e-01	7.3150e-01
1.1597e-01	1.1135e-02	4.3288e-03	9.9318e-01
7.1062e-03	2.7671e-02	5.5943e-02	9.9803e-01
6.9775e-01	4.7036e-01	4.1606e-01	3.4468e-01
4.7023e-03	7.3774e-03	3.1318e-02	9.9947e-01
9.6289e-01	1.2671e-01	2.3069e-01	5.9704e-02
6.4648e-03	8.2888e-03	8.0775e-01	5.8943e-01
3.4163e-02	4.6302e-02	8.9188e-02	9.9435e-01
7.0573e-01	1.9574e-01	2.4365e-01	6.3582e-01
2.6197e-01	9.5534e-02	7.9977e-01	5.3161e-01
1.9067e-01	1.2598e-01	6.2724e-01	7.4454e-01
4.1627e-02	3.6815e-02	7.1707e-02	9.9588e-01
3.0041e-01	1.5041e-02	8.2317e-01	4.8159e-01
7.9708e-01	3.8025e-01	4.3682e-01	1.7104e-01
1.1060e-01	4.0215e-01	5.4030e-01	7.3084e-01
1.2682e-01	5.4145e-01	8.3002e-01	4.2620e-02
3.6505e-01	2.1915e-02	6.6851e-01	6.4758e-01
5.6996e-01	2.1596e-01	4.7993e-01	6.3101e-01
4.0860e-01	3.2262e-01	5.6687e-01	6.3845e-01
1.7567e-03	3.7045e-03	9.4209e-01	3.3533e-01
6.1645e-01	6.0840e-01	1.1777e-01	4.8578e-01
5.3330e-02	1.4909e-02	9.6328e-02	9.9381e-01
9.3950e-01	3.1157e-01	1.0281e-01	9.8436e-02
1.2316e-01	1.7591e-03	9.0524e-01	4.0666e-01
3.0328e-02	1.8250e-02	1.2358e-01	9.9170e-01
1.6659e-01	5.1045e-02	8.8456e-02	9.8072e-01
5.9462e-01	3.1971e-01	2.7306e-01	6.8531e-01
1.5457e-02	7.9044e-01	5.3130e-01	3.0445e-01
9.6876e-01	1.1330e-01	1.8336e-01	1.2264e-01
2.1756e-01	1.6548e-01	6.6188e-01	6.9799e-01
1.3775e-02	4.1022e-02	1.5149e-01	9.8751e-01
4.5093e-01	7.7122e-01	3.0452e-02	4.4828e-01
4.3662e-02	1.0650e-01	8.9291e-02	9.8933e-01
1.2900e-01	7.5536e-01	5.8930e-01	2.5596e-01
9.4683e-01	6.0213e-04	1.0954e-01	3.0253e-01
9.5499e-01	9.2579e-02	9.2531e-02	2.6619e-01
7.6468e-01	2.9154e-01	3.8519e-01	4.2650e-01
2.6322e-02	2.2512e-03	1.2855e-02	9.9957e-01
7.8481e-01	5.0785e-01	3.0530e-01	1.8154e-01
1.5127e-01	7.0521e-02	8.8124e-01	4.4223e-01
4.0062e-01	6.5438e-01	5.2986e-01	3.6130e-01
4.7443e-01	6.8108e-02	7.4125e-01	4.6992e-01
6.1930e-01	6.5043e-01	4.2930e-01	9.5460e-02
8.5730e-01	4.5996e-01	1.6475e-02	2.3067e-01
6.1552e-02	2.8018e-01	8.3623e-01	4.6736e-01
4.1907e-01	6.0254e-01	5.3634e-01	4.1674e-01
2.7742e-01	4.4105e-01	7.6991e-01	3.6845e-01
7.7086e-03	3.6056e-02	9.4885e-03	9.9928e-01
1.2237e-01	8.4632e-01	4.8169e-01	1.9168e-01
5.5904e-01	8.2752e-01	2.7840e-02	4.3739e-02
1.4547e-02	1.0736e-02	3.1686e-02	9.9933e-01
4.4406e-01	5.4327e-01	5.7139e-01	4.2566e-01
8.0529e-01	7.6758e-02	1.5226e-01	5.6783e-01
3.9879e-03	9.8960e-01	4.8597e-02	1.3530e-01
5.5917e-01	1.2085e-02	6.6018e-01	5.0135e-01
1.4978e-04	4.8643e-04	9.3278e-04	1.0000e+00
1.6730e-01	7.0440e-01	4.1867e-01	5.4822e-01
1.2340e-01	6.2627e-01	6.5903e-01	3.9780e-01
7.6454e-02	3.9304e-02	8.3907e-01	5.3719e-01
8.5091e-02	1.4840e-01	8.8567e-02	9.8127e-01
3.0093e-01	5.6757e-02	9.0886e-01	2.8319e-01
8.1761e-01	2.9278e-01	2.1045e-01	4.4890e-01
4.7741e-02	1.4853e-02	9.2169e-01	3.8468e-01
6.7952e-01	3.0273e-01	5.2475e-01	4.1382e-01
6.1966e-01	5.4396e-01	5.4816e-01	1.4019e-01
2.7377e-01	2.8878e-01	6.4758e-01	6.4985e-01
2.6263e-02	1.3459e-01	5.0944e-02	9.8924e-01
6.7616e-01	2.1395e-01	5.9529e-01	3.7771e-01
2.0717e-03	3.1432e-04	2.2354e-05	1.0000e+00
7.9893e-01	1.1160e-01	3.9723e-01	4.3757e-01
7.5999e-03	2.9578e-03	1.1609e-02	9.9990e-01
3.9172e-01	4.5179e-01	5.2630e-01	6.0452e-01
3.4508e-02	1.9684e-01	9.4064e-01	2.7433e-01
2.8330e-03	7.9294e-03	1.6014e-03	9.9996e-01
2.7410e-02	1.8052e-02	2.6292e-02	9.9912e-01
1.0816e-03	5.1268e-02	1.5804e-01	9.8610e-01
7.2634e-02	4.9979e-02	8.8321e-01	4.6061e-01
5.7479e-02	1.2381e-01	5.8868e-02	9.8889e-01
1.5969e-01	4.4335e-01	8.8183e-01	1.7760e-02
7.8985e-02	9.0892e-02	5.0555e-02	9.9144e-01
2.1199e-01	3.5125e-01	9.0294e-01	1.2799e-01
1.4011e-01	5.9592e-02	9.0293e-01	4.0192e-01
2.7438e-01	4.4270e-01	6.9549e-01	4.9501e-01
1.4638e-01	2.7438e-02	9.1557e-01	3.7357e-01
1.2516e-01	7.2423e-01	2.3157e-01	6.3734e-01
2.1717e-02	3.6126e-02	2.8679e-02	9.9870e-01
6.9630e-01	1.2137e-01	4.4176e-02	7.0603e-01
6.9071e-01	6.0999e-01	1.6997e-01	3.4921e-01
6.4504e-02	5.8437e-01	5.8023e-01	5.6363e-01
6.3602e-01	1.0858e-01	7.5860e-01	9.0603e-02
9.7483e-01	1.5263e-01	1.1292e-01	1.1690e-01
4.8427e-01	3.4056e-01	5.1547e-01	6.1951e-01
8.6255e-01	1.3313e-01	3.1594e-01	3.7211e-01
7.9404e-02	9.8676e-01	1.3880e-01	2.6990e-02
8.1118e-01	2.9437e-02	1.5848e-02	5.8384e-01
4.9849e-01	5.2998e-01	6.3914e-01	2.4925e-01
1.1829e-02	3.6873e-03	1.3733e-02	9.9983e-01
4.7978e-02	4.7008e-02	9.5458e-01	2.9028e-01
8.8485e-02	2.0392e-02	1.4680e-01	9.8499e-01
5.7661e-02	5.8587e-01	7.5309e-01	2.9373e-01
1.6371e-01	8.2659e-01	1.9183e-01	5.0314e-01
2.4909e-01	6.0615e-02	7.5062e-01	6.0897e-01
4.5436e-01	7.5807e-01	2.1763e-01	4.1415e-01
2.3999e-01	6.4266e-01	4.9429e-01	5.3392e-01
3.5744e-02	2.7636e-02	2.7683e-02	9.9860e-01
1.0830e-02	2.0305e-02	2.9419e-04	9.9974e-01
6.3430e-01	4.0889e-01	6.5560e-01	2.5681e-02
6.8297e-01	3.6850e-01	5.6902e-01	2.7200e-01
1.3720e-02	1.5400e-02	1.0539e-01	9.9422e-01
2.9024e-02	1.5039e-02	3.7410e-02	9.9877e-01
8.0316e-02	1.3114e-02	8.0711e-02	9.9341e-01
4.2817e-01	2.9563e-01	6.5514e-01	5.4778e-01
1.9924e-01	6.5234e-02	6.3444e-01	7.4400e-01
3.0872e-01	4.2825e-01	8.3579e-01	1.5081e-01
8.6655e-01	1.6191e-01	2.1877e-01	4.1834e-01
3.5022e-01	4.2882e-01	6.8359e-01	4.7557e-01
9.7368e-02	2.9817e-01	6.2475e-01	7.1505e-01
5.5356e-01	4.2311e-01	2.6434e-01	6.6685e-01
4.0268e-01	8.2331e-01	2.7744e-01	2.8817e-01
1.7617e-01	7.3381e-01	6.1312e-01	2.3361e-01
2.1231e-01	1.1912e-01	9.2005e-01	3.0700e-01
1.1076e-02	2.1621e-02	8.9078e-01	4.5379e-01
6.3369e-01	3.4386e-01	1.8309e-01	6.6833e-01
1.0620e-02	1.4284e-01	9.0567e-01	3.9905e-01
5.1408e-01	3.7247e-01	2.3430e-01	7.3627e-01
9.8149e-03	6.3714e-03	2.5619e-02	9.9960e-01
4.0452e-01	1.2958e-01	5.6502e-01	7.0734e-01
4.3564e-01	1.8891e-01	6.2165e-01	6.2297e-01
3.6900e-03	1.2549e-03	1.9740e-01	9.8031e-01
1.7403e-01	9.6003e-01	2.0539e-01	7.6592e-02
2.9609e-01	8.1335e-01	4.9765e-01	5.6057e-02
3.4293e-04	1.1615e-03	7.0874e-02	9.9748e-01
4.8961e-02	1.2360e-01	3.3430e-02	9.9056e-01
5.5789e-01	5.8285e-01	2.9650e-01	5.1101e-01
1.7620e-01	5.0169e-01	8.4365e-01	7.4272e-02
1.8036e-01	2.7250e-01	6.7841e-01	6.5801e-01
2.9560e-01	3.0988e-01	8.7932e-01	2.0830e-01
3.8880e-01	8.6754e-01	3.7578e-02	3.0788e-01
7.3704e-01	4.0595e-01	6.3581e-02	5.3659e-01
2.3199e-02	8.3231e-03	9.9896e-01	3.8432e-02
3.8096e-02	7.1592e-01	4.6780e-01	5.1689e-01
1.2823e-01	4.9789e-02	6.8146e-01	7.1882e-01
4.2235e-01	7.7481e-01	2.5310e-01	3.9652e-01
4.9734e-01	2.4855e-01	8.3095e-01	1.9922e-02
1.9412e-01	8.4650e-01	4.6370e-01	1.7534e-01
6.5199e-01	2.0448e-01	1.0647e-01	7.2233e-01
9.4157e-02	9.6884e-01	1.7678e-01	1.4573e-01
6.4251e-02	6.6673e-02	6.0273e-02	9.9388e-01
3.5576e-02	3.8166e-02	1.0324e-01	9.9329e-01
3.6430e-01	2.0640e-01	8.8534e-01	2.0213e-01
1.4769e-01	2.1853e-01	7.6932e-01	5.8187e-01
2.9710e-02	5.5244e-02	2.7836e-02	9.9764e-01
9.7660e-02	1.8677e-01	8.4372e-01	4.9368e-01
4.5754e-01	2.1252e-01	8.2449e-01	2.5634e-01
3.6705e-01	3.9687e-01	8.3506e-01	1.0217e-01
6.1123e-01	2.2829e-01	2.2286e-01	7.2430e-01
6.5913e-01	6.8386e-02	3.6240e-01	6.5539e-01
1.1371e-03	2.2227e-03	4.6892e-02	9.9890e-01
3.8937e-01	6.8066e-01	6.1062e-01	1.1057e-01
1.8950e-02	2.6627e-02	5.7636e-03	9.9945e-01
3.8307e-01	3.1592e-01	8.6221e-01	1.0026e-01
2.3694e-02	9.3248e-01	3.5691e-01	5.0281e-02
6.7402e-03	3.4610e-02	7.1489e-03	9.9935e-01
1.1284e-02	3.4848e-02	8.7943e-02	9.9545e-01
5.4879e-02	7.6367e-01	4.9994e-02	6.4132e-01
9.4934e-03	3.1502e-02	5.8644e-02	9.9774e-01
4.1367e-01	1.3447e-01	6.5605e-01	6.1676e-01
3.9040e-01	1.4149e-01	8.7414e-01	2.5191e-01
6.8402e-01	7.5433e-02	1.3498e-01	7.1288e-01
1.9456e-01	2.3600e-01	5.8694e-01	7.4963e-01
7.0162e-01	1.3838e-01	6.3140e-01	2.9985e-01
1.6644e-01	3.6875e-01	7.4831e-01	5.2569e-01
8.7103e-02	1.0694e-01	7.1673e-03	9.9042e-01
4.1336e-01	5.6782e-01	4.4047e-01	5.5919e-01
5.9440e-01	3.8691e-02	7.5092e-01	2.8514e-01
9.2134e-01	2.8945e-01	2.1443e-02	2.5864e-01
6.2342e-01	5.9713e-03	6.8524e-01	3.7652e-01
2.3028e-02	6.7721e-03	1.0986e-02	9.9965e-01
5.9356e-01	5.0027e-02	3.0620e-01	7.4258e-01
6.4721e-01	3.2290e-01	6.8879e-01	4.9143e-02
3.4679e-01	1.9516e-01	5.9514e-01	6.9818e-01
7.1619e-03	6.1143e-02	6.2394e-02	9.9615e-01
2.9329e-01	4.8490e-01	6.8255e-01	4.6150e-01
4.1576e-02	4.0055e-02	6.2672e-02	9.9636e-01
5.3792e-01	6.9531e-01	2.0308e-01	4.3121e-01
2.9483e-03	6.6717e-02	1.1384e-01	9.9125e-01
4.7944e-02	5.1636e-01	8.5062e-01	8.6724e-02
4.6811e-01	5.2743e-01	9.4276e-02	7.0271e-01
8.1063e-01	1.3036e-01	8.3578e-02	5.6472e-01
4.7603e-02	2.3357e-02	1.3277e-02	9.9850e-01
1.3277e-01	2.5834e-01	9.5680e-01	1.2615e-02
2.9149e-01	1.3363e-01	9.1360e-01	2.5002e-01
5.4475e-01	2.0876e-01	3.9862e-01	7.0766e-01
5.0114e-02	8.0594e-02	9.5101e-01	2.9423e-01
6.0209e-01	2.2921e-01	2.7356e-01	7.1422e-01
6.7082e-01	1.5234e-01	2.0711e-01	6.9562e-01
1.8860e-01	1.3437e-01	9.3104e-01	2.8203e-01
2.6646e-01	5.3330e-01	4.1492e-01	6.8733e-01
8.2724e-01	2.1313e-01	4.7447e-02	5.1768e-01
8.2231e-01	2.1675e-02	3.1536e-01	4.7316e-01
2.0722e-02	1.0783e-01	1.5980e-01	9.8102e-01
3.1959e-02	2.7803e-01	7.5424e-01	5.9397e-01
7.3895e-02	2.4976e-01	7.8061e-01	5.6817e-01
5.4901e-02	4.5520e-02	7.6431e-01	6.4090e-01
3.5111e-01	6.8880e-01	6.3363e-01	2.8060e-02
3.6599e-01	1.0542e-01	9.0425e-01	1.9303e-01
1.6548e-01	5.8974e-02	8.6601e-02	9.8063e-01
1.1187e-01	4.6300e-01	8.3391e-01	2.7877e-01
2.2498e-01	6.5110e-01	4.7517e-01	5.4742e-01
1.4984e-02	3.6004e-03	9.9221e-01	1.2362e-01
5.1502e-01	7.6904e-02	7.3372e-01	4.3645e-01
6.3932e-01	2.7940e-03	7.5312e-01	1.5519e-01
1.8534e-01	6.5891e-01	6.1525e-01	3.9110e-01
4.2478e-01	1.6129e-01	8.1467e-01	3.6035e-01
6.2992e-01	5.6876e-01	4.8685e-01	2.0662e-01
7.1250e-03	9.3525e-02	1.3387e-02	9.9550e-01
7.1609e-02	9.9094e-02	7.8059e-01	6.1297e-01
9.7824e-02	5.2568e-02	8.6995e-01	4.8046e-01
8.9989e-01	2.3948e-01	3.6393e-01	1.9877e-02
2.4751e-02	1.2904e-01	8.4797e-01	5.1350e-01
3.1450e-01	6.0314e-01	7.1360e-01	1.6759e-01
6.0819e-01	1.7132e-01	3.3562e-01	6.9866e-01
2.5149e-02	1.6730e-02	4.1923e-03	9.9953e-01
2.9756e-01	7.6517e-01	4.1527e-01	3.9182e-01
7.1864e-01	2.2019e-02	4.5587e-01	5.2465e-01
6.2668e-01	7.6762e-05	7.6197e-01	1.6332e-01
2.1134e-01	5.4233e-01	4.1189e-01	7.0111e-01
1.1822e-02	1.0902e-02	2.7291e-02	9.9950e-01
1.5199e-01	1.9635e-01	6.4982e-01	7.1838e-01
6.8657e-01	4.2016e-01	5.9335e-01	4.1580e-03
3.2555e-02	3.0014e-01	7.4411e-01	5.9595e-01
7.0356e-01	4.5546e-01	2.6130e-01	4.7883e-01
3.5370e-01	7.7410e-01	4.6730e-01	2.3937e-01
6.9170e-01	5.8814e-01	3.2435e-01	2.6541e-01
4.3290e-02	2.0309e-02	9.6700e-01	2.5026e-01
2.7708e-01	7.8533e-01	2.7070e-01	4.8292e-01
1.5829e-02	3.7743e-02	2.5987e-02	9.9882e-01
2.7744e-01	1.3203e-01	7.5612e-01	5.7782e-01
1.4966e-01	4.3265e-01	8.8431e-01	9.1664e-02
6.8546e-01	1.5088e-01	5.7684e-02	7.0996e-01
1.1295e-01	9.1971e-02	8.3464e-01	5.3119e-01
1.4129e-01	2.2157e-01	9.6360e-01	4.9223e-02
4.2021e-01	1.3318e-01	7.8924e-01	4.2754e-01
6.5576e-01	3.1870e-01	5.5032e-01	4.0689e-01
5.4243e-01	7.7755e-01	3.1770e-01	1.5805e-02
2.6016e-01	5.0539e-01	4.9891e-01	6.5421e-01
7.6432e-02	7.5238e-01	6.3394e-01	1.6187e-01
1.0432e-01	8.4024e-03	8.6992e-01	4.8196e-01
4.1221e-01	2.6730e-01	8.7092e-01	1.1369e-02
2.6471e-01	4.6436e-01	5.6240e-01	6.3088e-01
8.1614e-01	1.2758e-02	2.8302e-01	5.0364e-01
2.1637e-02	1.8454e-02	1.7416e-01	9.8431e-01
2.5524e-01	1.2660e-01	8.0762e-01	5.1632e-01
5.8469e-01	5.0593e-01	2.3649e-02	6.3373e-01
5.2045e-02	6.1905e-01	5.6413e-01	5.4390e-01
7.9474e-01	9.0561e-03	1.6832e-01	5.8307e-01
7.3426e-01	1.9840e-01	2.7816e-01	5.8662e-01
2.7210e-01	1.3799e-01	8.3140e-01	4.6443e-01
4.8133e-02	5.1849e-02	9.7844e-01	1.9404e-01
9.9878e-02	1.3351e-01	9.8113e-01	9.7912e-02
5.5794e-02	7.3577e-02	7.9438e-01	6.0036e-01
2.1591e-01	6.9083e-01	4.8801e-02	6.8830e-01
2.5775e-01	1.6806e-01	9.4210e-01	1.3327e-01
6.3322e-01	3.0668e-01	3.3598e-01	6.2618e-01
2.4089e-01	1.7492e-01	9.2186e-01	2.4807e-01
1.5662e-02	6.3170e-02	1.1757e-01	9.9093e-01
1.4156e-02	5.6821e-01	7.1395e-01	4.0891e-01
4.8795e-02	2.6403e-02	1.6313e-01	9.8504e-01
1.4175e-01	2.6833e-02	8.4644e-01	5.1257e-01
1.6573e-02	7.0198e-03	8.4350e-01	5.3683e-01
6.6011e-03	1.1594e-01	8.8160e-01	4.5749e-01
1.1465e-01	5.7817e-02	8.8105e-02	9.8780e-01
6.3458e-02	6.6847e-02	1.6769e-01	9.8152e-01
1.8439e-01	5.9105e-01	6.8251e-01	3.8838e-01
1.0392e-01	3.7318e-01	6.6869e-01	6.3466e-01
2.0033e-01	2.7283e-01	6.1220e-01	7.1459e-01
3.6175e-01	4.6048e-01	4.1900e-01	6.9393e-01
5.4906e-01	7.4307e-01	1.2882e-01	3.6027e-01
5.8495e-01	6.0182e-01	5.2569e-01	1.3894e-01
9.9605e-04	1.3630e-03	2.6972e-03	9.9999e-01
7.3368e-02	2.7015e-01	8.8875e-01	3.6300e-01
1.2388e-02	1.1880e-02	2.3450e-02	9.9958e-01
4.6366e-02	5.2164e-02	1.4542e-01	9.8691e-01
5.9616e-01	2.8926e-01	7.4864e-01	2.1400e-02
7.8156e-01	3.3843e-01	3.3395e-02	5.2298e-01
3.4268e-01	6.9511e-01	3.8716e-01	4.9949e-01
1.2752e-01	7.8699e-01	4.9892e-01	3.3980e-01
6.0554e-02	8.6366e-02	8.8595e-01	4.5162e-01
2.7941e-02	8.5255e-01	5.7850e-02	5.1868e-01
2.0213e-01	9.5885e-01	1.0308e-01	1.7063e-01
4.7743e-01	2.8534e-01	8.0334e-01	2.1280e-01
4.3344e-03	1.4411e-02	2.3426e-03	9.9988e-01
6.9151e-01	5.4181e-01	5.0263e-02	4.7510e-01
2.1516e-01	6.8427e-01	6.4334e-01	2.6757e-01
2.9132e-01	7.6130e-01	5.0180e-01	2.8941e-01
3.9362e-02	1.9116e-01	7.1189e-01	6.7462e-01
1.9046e-01	2.3288e-01	6.6480e-01	6.8376e-01
1.3788e-01	8.7773e-03	7.2136e-01	6.7864e-01
9.0519e-02	1.0829e-01	7.6753e-01	6.2528e-01
2.6571e-03	8.5354e-01	5.0202e-01	1.3945e-01
1.5108e-01	1.3196e-01	7.9371e-01	5.7427e-01
2.9694e-01	4.4204e-02	8.9280e-01	3.3583e-01
3.7749e-01	4.2239e-01	5.6555e-01	5.9937e-01
5.5124e-01	2.0692e-01	8.0062e-01	1.1099e-01
8.7269e-01	9.7179e-02	2.1265e-01	4.2866e-01
1.0256e-01	4.5936e-01	5.3125e-01	7.0444e-01
1.0624e-01	1.5621e-01	9.6210e-01	1.9665e-01
6.5332e-01	3.0278e-01	1.4670e-01	6.7821e-01
2.3277e-03	2.5644e-03	4.4165e-02	9.9902e-01
4.7125e-01	2.8274e-01	8.3497e-01	2.8441e-02
2.0809e-02	3.9583e-02	9.9097e-01	1.2639e-01
5.2556e-03	1.5148e-02	9.7567e-01	2.1864e-01
2.1535e-02	7.1769e-03	7.9644e-02	9.9656e-01
3.2789e-02	8.5328e-01	1.5476e-01	4.9688e-01
1.3482e-01	6.1433e-01	5.1491e-01	5.8249e-01
9.4608e-02	2.3492e-01	7.8770e-01	5.6160e-01
2.5660e-01	2.0950e-01	8.8516e-01	3.2673e-01
1.5901e-01	9.4794e-02	2.7220e-02	9.8234e-01
2.2712e-01	6.2005e-01	6.9899e-01	2.7453e-01
6.4677e-03	2.8526e-03	5.7582e-02	9.9832e-01
8.6379e-04	6.3466e-03	1.5809e-02	9.9985e-01
2.8455e-01	4.3446e-01	7.8201e-01	3.4458e-01
1.5562e-01	6.5509e-03	1.0955e-01	9.8170e-01
5.0511e-03	2.6697e-02	6.9528e-02	9.9721e-01
3.8124e-01	6.7412e-01	6.1571e-01	1.4533e-01
7.2460e-01	4.2460e-01	3.4354e-01	4.2030e-01
6.7443e-01	5.5265e-01	3.4765e-02	4.8838e-01
1.2394e-03	1.6189e-03	2.4532e-02	9.9970e-01
6.0585e-01	1.9992e-01	2.5951e-01	7.2501e-01
8.9987e-01	1.5308e-01	4.0801e-01	1.7974e-02
6.7984e-01	5.7731e-01	9.8280e-03	4.5215e-01
7.8891e-01	4.4172e-01	4.0573e-01	1.3376e-01
9.2958e-01	1.8527e-01	3.1330e-01	5.8320e-02
8.1611e-01	4.6020e-01	8.7110e-02	3.3852e-01
7.7987e-01	6.1788e-01	5.7985e-02	8.1659e-02
8.4264e-02	7.6235e-01	4.5955e-01	4.4782e-01
2.4664e-01	9.0690e-01	3.3222e-01	7.9513e-02
3.5087e-02	1.2704e-01	2.9170e-02	9.9085e-01
1.0463e-01	9.8624e-02	8.1408e-01	5.6266e-01
8.3615e-01	1.4172e-01	4.7924e-01	2.2607e-01
8.5521e-01	2.1174e-01	4.3232e-01	1.9204e-01
7.7337e-02	5.0754e-02	1.1499e-01	9.8905e-01
6.6800e-01	1.4880e-01	1.6960e-01	7.0914e-01
1.4384e-02	7.6385e-03	1.6617e-02	9.9973e-01
9.4694e-02	7.6549e-02	7.6017e-01	6.3821e-01
3.5041e-02	2.1197e-02	8.1794e-01	5.7384e-01
8.2382e-01	8.3734e-02	4.5839e-01	3.2278e-01
2.5301e-01	3.8446e-01	8.7148e-01	1.6937e-01
3.3450e-02	1.0027e-01	2.3538e-02	9.9412e-01
1.3509e-01	7.8041e-02	7.9611e-03	9.8772e-01
2.0934e-02	1.3702e-02	5.9079e-03	9.9967e-01
4.9646e-01	2.2191e-01	6.1061e-01	5.7570e-01
3.8911e-01	3.8288e-01	7.2148e-01	4.2598e-01
5.8747e-01	1.8043e-01	2.7235e-01	7.4037e-01
8.7348e-01	2.3675e-01	6.1782e-02	4.2090e-01
1.3230e-01	9.3228e-01	1.8253e-01	2.8291e-01
9.3775e-02	3.4601e-01	8.5004e-01	3.8590e-01
4.0904e-02	1.6774e-01	9.2625e-01	3.3503e-01
4.4684e-02	2.3386e-01	7.7930e-01	5.7966e-01
1.0817e-01	2.2593e-02	9.6825e-01	2.2424e-01
4.1851e-02	2.3510e-01	7.6785e-01	5.9446e-01
6.3096e-01	6.7611e-01	3.0661e-01	2.2529e-01
5.6651e-01	6.5011e-01	1.8911e-01	4.6974e-01
6.3356e-02	5.0945e-01	7.9978e-01	3.1112e-01
4.3880e-01	3.6853e-01	3.5429e-01	7.3900e-01
2.2809e-01	5.9580e-01	4.1038e-01	6.5160e-01
7.1124e-01	5.5870e-01	8.1064e-02	4.1883e-01
2.3225e-03	7.6877e-04	9.3000e-02	9.9566e-01
4.7055e-04	2.3671e-04	7.2660e-03	9.9997e-01
9.3167e-01	2.0852e-02	8.0511e-02	3.5366e-01
1.2659e-01	2.4725e-02	9.7810e-02	9.8681e-01
1.2428e-01	6.7777e-01	3.0743e-01	6.5626e-01
6.7362e-03	6.9786e-01	6.9885e-01	1.5667e-01
7.0683e-01	1.2647e-01	3.7164e-02	6.9499e-01
3.6335e-02	1.5106e-03	3.1174e-02	9.9885e-01
1.3367e-01	9.3509e-02	9.5160e-01	2.6048e-01
2.6866e-03	1.7715e-02	6.4457e-03	9.9982e-01
3.3185e-01	5.8901e-01	7.3573e-01	4.0398e-02
1.4620e-01	5.0400e-03	2.0927e-02	9.8902e-01
1.2558e-01	5.0694e-01	4.8770e-01	6.9956e-01
7.2297e-02	1.1902e-01	9.8741e-01	7.5016e-02
5.5895e-01	2.0550e-01	2.9208e-01	7.4835e-01
5.9353e-01	4.2704e-01	6.1987e-01	2.8481e-01
7.7433e-01	5.2913e-01	3.4696e-01	7.5168e-03
8.4179e-02	8.8722e-01	3.6804e-02	4.5211e-01
7.8187e-01	1.3475e-01	1.6314e-01	5.8644e-01
1.2660e-01	8.0606e-01	5.4292e-01	1.9870e-01
6.3989e-01	1.4208e-01	1.4490e-01	7.4118e-01
4.4046e-01	8.9472e-01	6.6824e-03	7.3692e-02
1.3129e-01	3.0423e-01	9.1473e-01	2.3127e-01
5.0761e-04	5.8884e-03	1.4046e-01	9.9007e-01
8.2888e-02	1.2785e-01	7.9106e-01	5.9246e-01
1.4570e-01	6.7435e-02	8.2331e-01	5.4441e-01
3.1297e-01	3.7872e-01	5.0320e-01	7.1092e-01
6.4530e-01	5.2106e-01	9.7505e-02	5.5008e-01
2.4268e-01	9.6596e-01	3.0804e-02	8.4113e-02
2.8784e-01	1.4941e-01	7.0632e-01	6.2923e-01
7.5535e-02	2.9989e-02	7.9000e-01	6.0770e-01
3.3281e-01	4.0316e-01	5.1351e-01	6.8044e-01
6.0517e-01	1.7300e-01	5.3642e-01	5.6223e-01
9.4328e-01	2.5838e-01	8.6135e-02	1.8987e-01
6.3259e-02	3.9161e-02	9.0361e-01	4.2184e-01
1.0662e-02	1.0707e-01	1.8051e-02	9.9403e-01
2.3221e-01	6.6621e-01	6.1634e-01	3.4980e-01
5.3060e-02	3.8379e-01	8.9521e-01	2.2021e-01
6.3934e-01	2.6596e-01	1.9015e-01	6.9595e-01
2.9031e-02	2.6605e-01	8.3897e-01	4.7383e-01
2.5822e-01	8.0324e-01	5.0826e-01	1.7264e-01
5.7492e-02	1.7837e-01	9.0448e-01	3.8313e-01
2.2952e-01	5.9178e-01	5.7817e-01	5.1267e-01
6.5372e-01	4.5607e-01	1.2512e-01	5.9075e-01
5.2805e-01	3.3420e-01	3.7183e-01	6.8645e-01
1.5593e-01	1.2441e-01	9.7516e-01	9.6344e-02
3.9499e-01	2.6885e-01	8.7180e-01	1.0803e-01
1.6872e-01	8.4632e-01	2.8370e-01	4.1807e-01
4.2843e-01	5.5770e-01	3.6758e-01	6.0853e-01
1.8383e-01	7.3965e-01	6.2046e-01	1.8481e-01
1.8534e-01	5.1058e-02	8.1937e-01	5.4007e-01
2.4421e-02	5.1924e-01	7.5473e-01	4.0021e-01
8.4902e-02	7.4302e-01	1.6138e-01	6.4395e-01
3.4144e-01	4.4350e-01	6.9171e-01	4.5637e-01
1.9208e-04	5.5885e-02	1.7543e-02	9.9828e-01
1.3055e-01	2.5814e-02	9.0105e-02	9.8700e-01
2.3060e-01	9.2254e-01	5.9271e-03	3.0937e-01
4.5669e-01	6.7685e-02	7.7127e-01	4.3818e-01
7.2032e-01	1.0461e-01	2.4076e-01	6.4205e-01
1.3286e-01	4.3389e-02	9.4233e-02	9.8569e-01
2.3160e-01	7.3987e-01	4.3307e-01	4.5979e-01
8.5778e-02	9.1744e-01	2.4251e-01	3.0353e-01
2.0721e-02	3.5595e-01	7.5470e-01	5.5073e-01
4.1265e-01	3.4889e-01	5.3465e-01	6.4973e-01
6.9624e-03	1.5801e-02	9.7713e-02	9.9506e-01
9.0842e-01	2.0599e-01	1.9078e-02	3.6328e-01
1.5826e-01	5.0252e-01	5.9874e-01	6.0328e-01
5.1838e-02	3.1951e-02	8.5505e-02	9.9448e-01
3.6738e-01	5.5631e-01	2.2261e-01	7.1133e-01
3.7935e-01	8.3775e-01	3.9249e-01	1.4903e-02
7.4884e-01	8.5130e-02	6.2584e-01	2.0079e-01
1.1528e-01	1.0072e-02	1.6152e-01	9.8006e-01
5.1866e-02	1.2694e-02	6.6527e-01	7.4469e-01
7.3553e-01	3.0183e-01	2.6212e-03	6.0654e-01
2.7786e-01	5.7806e-01	5.8168e-01	5.0029e-01
5.1533e-01	4.4712e-01	7.8546e-02	7.2688e-01
2.1771e-01	1.5145e-02	8.6586e-01	4.5017e-01
2.2969e-02	6.7392e-02	2.2586e-03	9.9746e-01
6.6059e-01	1.7838e-01	5.4036e-01	4.8970e-01
2.5250e-02	6.5334e-02	1.4175e-01	9.8742e-01
7.1717e-01	3.0673e-01	8.1412e-02	6.2045e-01
5.3697e-01	2.8240e-01	6.8428e-01	4.0457e-01
6.5691e-01	3.4218e-01	1.2830e-01	6.5948e-01
3.1020e-02	3.3852e-03	6.7347e-04	9.9951e-01
1.2641e-02	1.3038e-02	7.8863e-01	6.1460e-01
2.6608e-01	4.4637e-01	6.0536e-01	6.0291e-01
4.4113e-01	3.7713e-01	8.1194e-01	6.2673e-02
3.4030e-01	3.0206e-01	8.6595e-01	2.0755e-01
3.4704e-03	8.2601e-03	9.5740e-03	9.9991e-01
2.4724e-01	5.7950e-01	4.4144e-01	6.3889e-01
1.6766e-01	7.4532e-01	4.3577e-01	4.7592e-01
5.8947e-01	3.8625e-01	7.0933e-01	1.3516e-02
6.5322e-01	3.8716e-01	9.9128e-02	6.4311e-01
9.2121e-01	3.2067e-01	1.8204e-01	1.2412e-01
8.3699e-04	3.1792e-05	2.8449e-03	1.0000e+00
5.4618e-01	3.8846e-01	1.3101e-01	7.3049e-01
1.9085e-02	5.5692e-01	4.9515e-01	6.6655e-01
1.8315e-01	1.4204e-03	9.6906e-01	1.6546e-01
5.5455e-01	6.0410e-01	1.3239e-01	5.5679e-01
1.5450e-01	2.4020e-01	7.5847e-01	5.8580e-01
3.3388e-01	9.1076e-01	5.6270e-02	2.3640e-01
5.2190e-02	9.2288e-01	2.6248e-01	2.7689e-01
6.7250e-01	1.9510e-01	6.7137e-01	2.4280e-01
6.2356e-01	6.9124e-01	3.3388e-01	1.4797e-01
1.0171e-01	2.2339e-01	6.3545e-01	7.3209e-01
4.1242e-01	8.2177e-03	8.0263e-01	4.3085e-01
6.3894e-01	3.2676e-02	7.1758e-01	2.7525e-01
1.8909e-01	8.7018e-02	9.6905e-01	1.3275e-01
1.5931e-01	4.7598e-01	5.5016e-01	6.6737e-01
4.8791e-01	7.0554e-02	8.6018e-01	1.3057e-01
5.5938e-01	4.0384e-01	6.3767e-01	3.4261e-01
3.4791e-01	8.8246e-01	2.1865e-01	2.2893e-01
1.6266e-03	6.8466e-04	4.3018e-02	9.9907e-01
8.2107e-03	1.2389e-02	1.3442e-03	9.9989e-01
4.4825e-02	2.1869e-02	8.4463e-01	5.3302e-01
2.0827e-01	1.3592e-01	6.1456e-01	7.4864e-01
8.0357e-01	1.5352e-01	4.2690e-01	3.8531e-01
3.9057e-01	5.7617e-01	2.9861e-01	6.5293e-01
3.5453e-01	8.2523e-01	2.2841e-01	3.7568e-01
7.9933e-01	9.2538e-02	1.8192e-01	5.6516e-01
5.2356e-01	1.4695e-01	4.1630e-01	7.2868e-01
4.9695e-01	4.1481e-02	7.2155e-01	4.8029e-01
6.7371e-03	5.8215e-01	5.7817e-01	5.7164e-01
1.1236e-01	3.2418e-02	3.4732e-02	9.9253e-01
8.3618e-03	5.7643e-02	9.8258e-01	1.7649e-01
1.3662e-02	9.3104e-02	9.7991e-01	1.7582e-01
5.2939e-01	4.6157e-01	7.0825e-01	7.1191e-02
1.4810e-02	5.1829e-02	1.1273e-01	9.9216e-01
4.0392e-02	7.4950e-02	1.3185e-02	9.9628e-01
1.5497e-01	8.1699e-01	3.7966e-01	4.0543e-01
3.5587e-01	1.7043e-01	6.5764e-01	6.4173e-01
3.3204e-01	6.2596e-01	2.5703e-01	6.5716e-01
5.7571e-02	2.2501e-02	4.0474e-02	9.9727e-01
7.2831e-01	1.1683e-01	2.0788e-01	6.4242e-01
1.7592e-01	6.8366e-01	5.2572e-01	4.7463e-01
5.0657e-02	5.4210e-02	1.4768e-01	9.8625e-01
3.4130e-01	2.3651e-01	7.0096e-01	5.7985e-01
2.1060e-01	2.6574e-01	8.9442e-01	2.9163e-01
3.0649e-01	1.0825e-01	7.4330e-01	5.8467e-01
5.2437e-02	4.9738e-02	7.4461e-03	9.9736e-01
1.0357e-01	6.0729e-01	6.5368e-01	4.3951e-01
2.2336e-01	8.2700e-03	8.9673e-01	3.8199e-01
3.5657e-02	8.0063e-03	1.4909e-01	9.8815e-01
1.3338e-01	3.7769e-01	7.5274e-01	5.2245e-01
2.8733e-01	5.4561e-02	6.2526e-01	7.2355e-01
6.8291e-01	2.8970e-01	6.5357e-01	1.5016e-01
6.5006e-01	3.1942e-01	1.9236e-02	6.8922e-01
2.7289e-02	2.2470e-02	6.9790e-01	7.1532e-01
3.0756e-01	5.1567e-01	7.9476e-01	8.8603e-02
6.0457e-01	1.1573e-01	3.8797e-01	6.8599e-01
1.0201e-01	4.2076e-01	6.9618e-01	5.7261e-01
5.3254e-01	6.5062e-01	3.4677e-01	4.1574e-01
1.9216e-01	8.7004e-01	3.7716e-01	2.5268e-01
5.1505e-02	9.5858e-02	1.3837e-01	9.8438e-01
2.3164e-02	1.2693e-02	1.2195e-01	9.9219e-01
6.6084e-01	9.5336e-02	7.2979e-01	1.4695e-01
