0.5467	-0.4017	-1.0000
-0.4577	-0.0807	-2.0000
-0.8455	0.1610	0.0000
-0.0142	-0.1532	-3.0000
0.5095	0.8368	0.0000
0.4858	-0.5187	-1.0000
0.6210	-0.4348	0.0000
-0.5100	-0.2142	-2.0000
-0.7937	-0.0907	-1.0000
0.0734	-0.2474	-3.0000
0.4394	0.7914	-2.0000
0.3493	0.7974	-1.0000
-0.8522	0.1595	0.0000
-0.0361	-0.6658	-1.0000
-0.5975	0.2798	-1.0000
-0.7756	0.0254	-1.0000
-0.3349	0.2245	-2.0000
0.5797	-0.1444	-1.0000
0.4075	0.7559	-2.0000
0.0354	0.1659	-3.0000
-0.4451	-0.3454	-2.0000
0.3451	-0.4107	-2.0000
0.0343	-0.3689	-3.0000
0.5006	0.8619	0.0000
0.4071	0.8169	-2.0000
0.5475	-0.1551	-1.0000
-0.9192	-0.1087	0.0000
-0.2916	0.6286	0.0000
0.1922	-0.4047	-2.0000
0.1523	-0.4361	-2.0000
-0.7933	-0.1005	-1.0000
-0.6496	-0.1612	-1.0000
0.3512	0.7855	-2.0000
0.4417	0.0771	-2.0000
-0.2358	0.4905	-1.0000
0.3927	-0.1093	-3.0000
0.4906	0.1015	-2.0000
-0.3396	-0.0499	-3.0000
-0.2995	-0.1476	-3.0000
0.3130	0.8466	0.0000
-0.2765	0.2800	-3.0000
0.2204	0.0221	-3.0000
-0.1633	-0.4638	-2.0000
0.5839	-0.1944	-1.0000
-0.5956	0.4208	0.0000
0.3373	-0.4622	-2.0000
-0.0114	0.1753	-3.0000
-0.6849	0.1018	-1.0000
-0.5267	-0.4885	0.0000
0.0270	-0.4869	-2.0000
-0.7471	-0.2345	0.0000
0.0758	-0.2714	-3.0000
0.4165	0.8495	0.0000
0.4999	0.8113	-1.0000
0.1162	-0.1837	-3.0000
-0.3062	0.4535	-1.0000
0.1584	-0.7122	-1.0000
0.2061	-0.5325	-2.0000
0.2191	-0.8054	0.0000
-0.3339	-0.3021	-2.0000
0.2193	0.0421	-3.0000
0.4934	0.8611	0.0000
0.5649	-0.4258	-1.0000
0.4755	0.8613	0.0000
0.4918	0.8657	0.0000
0.4790	-0.1677	-2.0000
0.2237	-0.7235	-1.0000
0.4337	-0.3087	-2.0000
0.5159	0.8134	0.0000
-0.2356	0.1404	-3.0000
-0.3174	-0.4103	-2.0000
0.3459	0.8256	0.0000
-0.6562	0.1142	-1.0000
-0.2720	-0.1349	-3.0000
-0.1091	-0.6838	0.0000
0.5454	0.7760	0.0000
0.4701	0.8249	-1.0000
0.2828	-0.0731	-3.0000
0.5360	0.7049	-1.0000
0.4949	0.8496	-1.0000
-0.1391	-0.1572	-3.0000
0.5188	-0.5469	-1.0000
0.5333	0.7786	0.0000
-0.3429	-0.4058	-2.0000
-0.7940	0.1944	0.0000
0.6891	-0.1471	0.0000
0.5777	-0.5701	0.0000
-0.4041	-0.5325	0.0000
-0.3170	-0.6049	0.0000
0.0114	0.2423	-3.0000
0.4573	0.7455	-2.0000
-0.1410	0.4495	-2.0000
0.5120	0.0586	-2.0000
0.3076	0.8499	0.0000
0.4500	-0.7881	0.0000
-0.2293	-0.1885	-3.0000
-0.2314	-0.4243	-2.0000
-0.0869	0.3549	-3.0000
-0.2046	0.3241	-3.0000
0.6273	-0.2068	-1.0000
-0.2654	-0.2101	-3.0000
0.4717	0.7146	-2.0000
0.4747	0.8096	-2.0000
-0.7628	-0.2542	0.0000
0.0648	-0.1250	-3.0000
0.3292	-0.4166	-2.0000
-0.4690	0.5295	0.0000
-0.3190	-0.5094	-1.0000
0.1187	-0.5900	-2.0000
0.2981	-0.2630	-3.0000
-0.5305	-0.3833	-1.0000
-0.1068	-0.6879	0.0000
-0.2211	0.4157	-2.0000
-0.0499	0.1562	-3.0000
0.3625	-0.0056	-3.0000
-0.0555	-0.2752	-3.0000
0.5269	0.8054	0.0000
0.2306	-0.5150	-2.0000
-0.7047	-0.0130	-1.0000
-0.9077	0.0320	0.0000
-0.1022	-0.6032	-1.0000
0.5934	0.0614	-1.0000
0.4967	0.8642	0.0000
0.2933	0.0374	-3.0000
0.4869	-0.5409	-1.0000
0.3004	-0.2748	-3.0000
-0.7128	-0.2395	-1.0000
-0.6311	-0.1175	-1.0000
0.0522	-0.7101	0.0000
0.5143	0.8313	0.0000
0.0943	-0.5422	-2.0000
0.3993	-0.8196	0.0000
-0.5301	-0.1252	-2.0000
0.4922	0.8576	0.0000
0.3007	-0.0194	-3.0000
0.4965	-0.8078	0.0000
-0.1072	-0.2249	-3.0000
0.1676	-0.6247	-1.0000
0.4519	0.8207	-2.0000
0.5562	0.7250	0.0000
0.1801	0.0150	-3.0000
-0.1280	0.3449	-3.0000
-0.3290	0.5330	0.0000
-0.4862	-0.2716	-2.0000
-0.7051	0.2451	0.0000
-0.6784	0.1810	-1.0000
-0.7828	-0.1216	-1.0000
-0.1872	-0.1542	-3.0000
0.3553	-0.7756	0.0000
-0.4077	0.5209	0.0000
0.4676	0.8092	-2.0000
0.1302	-0.1141	-3.0000
0.1635	-0.2999	-3.0000
-0.9512	0.0525	0.0000
0.2192	-0.7167	-1.0000
0.4161	0.8601	0.0000
-0.8552	0.1750	0.0000
-0.5860	-0.2559	-1.0000
0.3220	0.8521	0.0000
0.3938	-0.6682	-1.0000
0.5953	-0.5598	0.0000
-0.0106	-0.4976	-2.0000
0.5132	0.6920	-1.0000
-0.6409	0.1873	-1.0000
0.3677	0.7682	-2.0000
-0.7695	0.1661	0.0000
0.2826	-0.4580	-2.0000
0.3472	0.7871	-2.0000
0.4170	-0.3310	-2.0000
0.1270	-0.0163	-3.0000
0.4654	-0.4013	-2.0000
-0.0532	-0.6308	-1.0000
0.4820	0.8108	-1.0000
-0.5910	0.4418	0.0000
0.3109	-0.2851	-3.0000
-0.8432	0.1029	0.0000
0.5058	0.8240	-1.0000
0.2773	-0.6382	-1.0000
0.4199	-0.6290	-1.0000
0.3624	0.8095	-1.0000
0.4645	0.8590	0.0000
-0.1578	0.3894	-2.0000
-0.3018	0.2809	-2.0000
-0.2686	0.1846	-3.0000
0.5401	-0.5779	0.0000
-0.0158	-0.2677	-3.0000
0.4559	0.8093	-2.0000
-0.0834	0.0669	-3.0000
-0.0523	-0.1897	-3.0000
0.3590	-0.7612	0.0000
-0.8001	-0.0529	-1.0000
0.2352	-0.0594	-3.0000
-0.3126	-0.0604	-3.0000
-0.5416	0.0291	-2.0000
-0.3664	-0.2037	-2.0000
-0.3553	-0.5800	0.0000
-0.3902	0.2777	-2.0000
0.2449	-0.5117	-2.0000
0.5639	-0.3353	-1.0000
0.5267	0.8098	0.0000
-0.3934	-0.4457	-1.0000
0.4860	0.8659	0.0000
-0.2718	-0.6098	0.0000
0.5889	-0.1888	-1.0000
0.2174	-0.1358	-3.0000
0.1120	-0.1544	-3.0000
-0.5834	0.4562	0.0000
-0.8426	0.1810	0.0000
0.5176	0.7115	-1.0000
0.4804	0.7885	-2.0000
-0.2663	-0.1252	-3.0000
0.4244	0.7930	-2.0000
0.6298	-0.3909	0.0000
-0.4860	-0.3152	-1.0000
-0.5335	-0.3237	-1.0000
-0.0979	-0.2907	-3.0000
-0.6417	0.3736	0.0000
0.3841	-0.2249	-2.0000
0.2193	-0.5884	-2.0000
-0.0816	-0.0778	-3.0000
0.0617	-0.5821	-2.0000
-0.3856	0.5254	0.0000
-0.7180	0.1431	-1.0000
-0.4242	0.4672	-1.0000
0.0280	-0.5747	-2.0000
0.4907	0.8490	-1.0000
-0.6394	-0.3244	0.0000
0.2079	0.0747	-3.0000
-0.1428	-0.0708	-3.0000
-0.0662	-0.6714	0.0000
-0.5725	0.1883	-2.0000
0.0397	-0.3428	-3.0000
0.3102	-0.5556	-2.0000
0.3272	-0.4579	-2.0000
0.1868	-0.0741	-3.0000
-0.0920	0.3603	-3.0000
-0.3750	0.4374	-1.0000
0.3612	-0.5680	-1.0000
-0.8365	-0.0448	0.0000
0.3867	0.8356	-1.0000
-0.2875	-0.2623	-2.0000
-0.4585	0.1445	-2.0000
0.3762	0.8329	-1.0000
-0.1896	-0.6667	0.0000
-0.0057	-0.2494	-3.0000
-0.5034	-0.3530	-1.0000
-0.5484	0.3308	-1.0000
-0.1898	-0.5962	-1.0000
-0.2868	-0.4885	-1.0000
0.5519	0.7324	0.0000
0.2942	-0.5732	-2.0000
0.3572	-0.2047	-3.0000
-0.7051	0.2242	-1.0000
-0.4646	-0.3142	-2.0000
-0.5656	-0.2067	-2.0000
-0.6802	-0.1725	-1.0000
0.4688	-0.0391	-2.0000
-0.0971	0.1812	-3.0000
-0.1067	-0.3578	-2.0000
0.5051	-0.0888	-2.0000
0.3729	-0.7715	0.0000
-0.2367	-0.2919	-2.0000
0.0614	-0.2605	-3.0000
0.1710	-0.2245	-3.0000
0.4384	-0.1546	-2.0000
0.4999	0.8659	0.0000
-0.2167	-0.6456	0.0000
0.4576	-0.8257	0.0000
-0.1030	-0.4156	-2.0000
0.1347	-0.0142	-3.0000
0.4693	0.8646	0.0000
-0.2823	-0.4473	-2.0000
0.4013	0.8002	-2.0000
0.5613	-0.1030	-1.0000
-0.2238	-0.6244	0.0000
0.4164	0.7743	-2.0000
-0.4835	0.2644	-2.0000
0.1517	-0.3401	-3.0000
-0.8274	-0.0399	0.0000
0.3401	-0.3487	-2.0000
-0.7862	-0.1802	0.0000
-0.4332	0.2558	-2.0000
-0.4570	-0.3494	-1.0000
0.4848	0.8160	-1.0000
0.4709	0.7835	-2.0000
-0.3151	-0.6210	0.0000
0.4946	0.7671	-1.0000
0.1522	-0.1791	-3.0000
0.3752	0.8313	-1.0000
0.6815	-0.1996	0.0000
-0.6462	0.1326	-1.0000
-0.1330	0.0756	-3.0000
-0.2802	-0.3598	-2.0000
-0.7828	0.1766	0.0000
-0.6980	-0.3265	0.0000
0.6586	-0.0573	0.0000
-0.8548	-0.0533	0.0000
-0.1124	0.3266	-3.0000
0.0967	-0.1815	-3.0000
0.1771	-0.2822	-3.0000
-0.3240	0.0451	-3.0000
-0.5038	-0.3269	-1.0000
-0.5673	-0.4690	0.0000
0.5083	-0.6973	0.0000
0.5375	0.7732	0.0000
0.0463	-0.0304	-3.0000
0.3074	-0.3292	-2.0000
-0.5419	-0.2132	-2.0000
0.5773	-0.4642	0.0000
-0.0992	0.0375	-3.0000
-0.4906	0.2645	-2.0000
0.3870	0.7778	-2.0000
0.5407	-0.5939	0.0000
0.6858	0.0717	0.0000
-0.4101	0.5161	0.0000
-0.1283	-0.4489	-2.0000
-0.7366	0.1358	-1.0000
-0.7274	-0.1521	-1.0000
0.2697	0.0674	-3.0000
-0.6844	0.3191	0.0000
0.4136	0.7400	-2.0000
0.5043	0.8468	0.0000
0.5340	-0.2073	-1.0000
0.4330	-0.2894	-2.0000
-0.6651	-0.3794	0.0000
0.3427	0.7946	-1.0000
-0.5027	-0.2025	-2.0000
-0.4215	0.4149	-1.0000
0.1087	-0.3955	-3.0000
0.3838	0.8464	0.0000
0.0870	-0.1071	-3.0000
0.4337	0.0006	-2.0000
0.4065	0.8294	-1.0000
0.3819	0.8424	0.0000
0.4704	0.8265	-1.0000
-0.3503	-0.5303	0.0000
-0.1973	0.4762	-2.0000
-0.0605	-0.3444	-3.0000
0.2989	-0.0473	-3.0000
0.1598	0.1437	-3.0000
-0.1617	-0.6013	-1.0000
0.1935	0.0693	-3.0000
-0.0563	0.1618	-3.0000
-0.2654	0.5276	-1.0000
0.4627	-0.0921	-2.0000
0.5010	0.8554	0.0000
-0.1059	-0.1964	-3.0000
0.4994	-0.2488	-2.0000
-0.7400	-0.2667	0.0000
-0.7216	-0.3376	0.0000
-0.2974	-0.2925	-2.0000
0.5147	-0.7871	0.0000
-0.0764	-0.3638	-3.0000
-0.1835	-0.3086	-3.0000
0.4593	0.7195	-2.0000
-0.6092	0.4318	0.0000
0.1188	0.2100	-3.0000
0.6518	-0.3866	0.0000
0.4753	-0.3490	-2.0000
0.3872	-0.4337	-2.0000
0.3900	0.8190	-1.0000
0.0730	-0.5213	-2.0000
0.6607	-0.3209	0.0000
0.4592	0.7725	-2.0000
-0.5639	0.0996	-2.0000
-0.0580	-0.0682	-3.0000
0.3531	-0.2906	-2.0000
0.5380	-0.3362	-1.0000
0.1392	-0.2589	-3.0000
-0.1699	-0.4097	-2.0000
0.0657	0.1556	-3.0000
0.1362	-0.1139	-3.0000
0.0461	0.0921	-3.0000
0.1721	0.0928	-3.0000
0.5329	0.8043	0.0000
0.5283	-0.4941	-1.0000
0.5507	0.7559	0.0000
-0.3522	0.4718	-1.0000
-0.0209	0.3337	-3.0000
0.4784	0.7806	-2.0000
0.4365	0.7735	-2.0000
0.2062	0.1720	-3.0000
-0.8758	0.0843	0.0000
0.3280	0.8413	0.0000
0.4272	-0.3516	-2.0000
0.3284	-0.7326	-1.0000
-0.0489	-0.4950	-2.0000
-0.3122	0.3378	-2.0000
-0.0969	0.0333	-3.0000
-0.8456	-0.2022	0.0000
0.3032	0.1179	-3.0000
-0.0504	0.3079	-3.0000
0.4276	0.7324	-2.0000
0.3823	0.8564	0.0000
0.4915	0.8055	-1.0000
0.1822	-0.6913	-1.0000
0.4974	0.8626	0.0000
0.4159	-0.6617	-1.0000
0.4791	0.8291	-1.0000
-0.2214	0.2261	-3.0000
-0.2073	0.4858	-2.0000
0.7035	-0.1061	0.0000
-0.2240	0.2735	-3.0000
0.3148	-0.4433	-2.0000
-0.0401	-0.1086	-3.0000
-0.1269	0.3239	-3.0000
0.3715	0.0561	-3.0000
-0.6682	0.1451	-1.0000
-0.8035	0.1231	0.0000
-0.4131	-0.5468	0.0000
0.3930	0.8404	0.0000
-0.6145	-0.3145	-1.0000
-0.5770	-0.3902	0.0000
-0.0564	0.0849	-3.0000
0.2361	-0.3651	-3.0000
-0.2101	-0.5734	-1.0000
-0.6788	-0.1775	-1.0000
0.4307	0.8609	0.0000
0.4805	0.8086	-1.0000
-0.1976	-0.0047	-3.0000
0.4969	0.8587	0.0000
-0.1107	0.2301	-3.0000
0.4208	-0.3376	-2.0000
-0.6039	0.1365	-1.0000
0.5141	0.8346	0.0000
-0.4517	-0.1715	-2.0000
0.4212	0.8355	-1.0000
0.4052	0.7880	-2.0000
0.4482	0.8258	-2.0000
0.3555	0.0651	-3.0000
0.1191	0.0210	-3.0000
0.4757	0.8558	0.0000
0.3229	-0.1561	-3.0000
0.3107	0.0469	-3.0000
-0.3786	-0.3716	-2.0000
0.4162	-0.6485	-1.0000
-0.4754	-0.4787	0.0000
0.5722	0.7184	0.0000
0.5981	-0.3879	-1.0000
-0.2993	-0.0212	-3.0000
-0.4681	0.4551	0.0000
-0.1153	-0.1732	-3.0000
-0.9085	-0.0484	0.0000
-0.2447	0.3140	-3.0000
-0.7901	-0.0654	-1.0000
0.4400	-0.6208	-1.0000
-0.9732	-0.0229	0.0000
-0.3467	0.4754	-1.0000
-0.4091	0.4911	0.0000
0.3489	0.8320	0.0000
-0.4748	-0.4143	-1.0000
0.3204	0.0620	-3.0000
0.4682	0.8120	-2.0000
0.4929	0.8408	-1.0000
0.1756	-0.5679	-2.0000
0.3976	0.8342	-1.0000
-0.3899	0.3352	-2.0000
-0.2421	0.4757	-2.0000
-0.3800	0.0839	-3.0000
0.4935	0.8635	0.0000
0.3268	-0.6384	-1.0000
-0.6569	0.2246	-1.0000
0.4814	0.8621	0.0000
0.5677	-0.1119	-1.0000
0.1105	-0.4689	-2.0000
0.3974	0.0303	-3.0000
0.1667	-0.6454	-1.0000
-0.3249	-0.3253	-2.0000
-0.3451	0.4081	-2.0000
0.3354	0.8453	0.0000
0.4989	-0.3146	-2.0000
-0.4443	-0.3563	-1.0000
0.0059	0.3012	-3.0000
0.4373	0.7869	-2.0000
0.2984	-0.4781	-2.0000
-0.7385	-0.2103	-1.0000
-0.2705	0.1261	-3.0000
0.1291	-0.2805	-3.0000
0.5108	0.8373	0.0000
-0.0792	0.3922	-2.0000
0.4387	-0.1998	-2.0000
-0.7718	0.1975	0.0000
-0.6567	0.2025	-1.0000
0.0636	-0.5563	-2.0000
-0.1567	0.1057	-3.0000
0.0260	0.3122	-3.0000
0.5850	-0.0470	-1.0000
-0.9099	-0.0145	0.0000
0.2651	-0.4613	-2.0000
0.4987	0.8337	-1.0000
0.4812	0.7858	-2.0000
0.5111	0.7988	-1.0000
-0.5447	-0.3336	-1.0000
0.4122	-0.4761	-2.0000
0.2147	-0.6862	-1.0000
-0.4364	-0.1601	-2.0000
-0.5669	0.0036	-2.0000
0.2616	-0.6576	-1.0000
-0.4325	0.2207	-2.0000
-0.0070	0.2531	-3.0000
-0.2610	0.1114	-3.0000
0.3424	-0.0405	-3.0000
0.0085	-0.7461	0.0000
-0.5463	-0.3634	-1.0000
0.4998	0.8412	-1.0000
-0.9541	-0.0352	0.0000
0.4461	0.8612	0.0000
0.4863	-0.7706	0.0000
-0.3883	0.5495	0.0000
0.4077	-0.4059	-2.0000
-0.3435	-0.5080	-1.0000
0.4828	0.8589	0.0000
0.2751	0.0856	-3.0000
0.4963	0.8057	-1.0000
0.0448	-0.0998	-3.0000
0.6002	-0.3329	-1.0000
0.2085	-0.7301	-1.0000
0.4613	0.8463	-1.0000
-0.6868	0.1713	-1.0000
0.4655	0.8601	0.0000
0.4003	0.7407	-2.0000
0.5133	0.7234	-1.0000
-0.1786	-0.2424	-3.0000
0.6259	-0.2744	0.0000
-0.6309	-0.2390	-1.0000
0.5353	0.7060	-1.0000
0.4938	0.8053	-1.0000
0.0887	-0.1792	-3.0000
0.3118	-0.3156	-3.0000
0.6415	-0.2319	0.0000
0.4632	0.8627	0.0000
-0.2521	0.4642	-2.0000
-0.5527	-0.4387	0.0000
0.4903	0.8301	-1.0000
0.3900	0.8590	0.0000
0.3689	-0.7586	0.0000
-0.3672	-0.2059	-2.0000
-0.3227	-0.1044	-3.0000
0.5492	0.7249	0.0000
0.5784	-0.2535	-1.0000
0.0185	0.2643	-3.0000
0.3478	-0.7453	0.0000
-0.5580	0.3221	-1.0000
-0.2249	0.2894	-3.0000
-0.2589	-0.3822	-2.0000
0.4571	0.7682	-2.0000
-0.1715	-0.3082	-3.0000
0.3719	0.0373	-3.0000
0.4591	0.7482	-2.0000
-0.2566	-0.1486	-3.0000
0.4216	0.8134	-2.0000
0.1003	-0.3222	-3.0000
-0.1553	-0.4675	-2.0000
-0.4868	0.4170	-1.0000
-0.2504	-0.3601	-2.0000
-0.4154	0.2982	-2.0000
0.0517	-0.7670	0.0000
0.5244	-0.5234	-1.0000
0.4934	0.8577	0.0000
0.1262	0.1089	-3.0000
0.1599	-0.3456	-3.0000
0.5073	0.8513	0.0000
0.4668	0.7360	-2.0000
-0.3018	0.6071	0.0000
-0.3285	0.1663	-3.0000
-0.1268	0.0957	-3.0000
-0.2048	-0.3639	-2.0000
-0.2223	-0.6009	0.0000
0.6439	-0.1034	0.0000
-0.0682	-0.0584	-3.0000
-0.1462	0.2173	-3.0000
-0.1738	-0.5411	-1.0000
-0.0177	0.2907	-3.0000
0.6985	0.0155	0.0000
-0.6735	-0.1994	-1.0000
0.4015	-0.7904	0.0000
0.7064	-0.0006	0.0000
0.2744	0.1186	-3.0000
0.4319	-0.7088	0.0000
0.4672	0.8175	-2.0000
0.5865	-0.3102	-1.0000
-0.2289	-0.2012	-3.0000
0.4078	0.8611	0.0000
0.5049	0.8561	0.0000
-0.3830	-0.2671	-2.0000
-0.2773	0.6116	0.0000
-0.7056	-0.0918	-1.0000
-0.4255	-0.2558	-2.0000
0.2530	-0.3505	-3.0000
0.6260	-0.0322	-1.0000
-0.0176	-0.2936	-3.0000
-0.1920	-0.0054	-3.0000
0.5218	0.6942	-1.0000
-0.5769	0.0518	-2.0000
0.1276	0.0204	-3.0000
0.1387	0.2238	-3.0000
-0.4036	-0.4338	-1.0000
-0.5595	-0.4574	0.0000
0.4834	-0.8066	0.0000
-0.0133	0.0687	-3.0000
0.3063	-0.6062	-1.0000
-0.4457	-0.2868	-2.0000
-0.6796	0.1740	-1.0000
-0.0496	-0.6617	-1.0000
-0.3017	0.0133	-3.0000
-0.5140	0.0165	-2.0000
0.3138	0.0247	-3.0000
-0.3810	0.3288	-2.0000
-0.9640	-0.0299	0.0000
-0.9384	0.0683	0.0000
-0.4662	0.0405	-2.0000
-0.1900	-0.1113	-3.0000
0.5169	0.7587	-1.0000
0.1000	-0.1526	-3.0000
0.4736	-0.4878	-1.0000
0.4018	-0.3626	-2.0000
-0.5451	-0.1778	-2.0000
-0.2690	-0.4003	-2.0000
0.2941	0.8479	0.0000
0.3768	-0.0229	-3.0000
-0.4698	-0.2299	-2.0000
0.0590	0.0707	-3.0000
0.2666	0.1415	-3.0000
-0.2268	0.3227	-3.0000
0.2982	-0.0345	-3.0000
0.2484	-0.3705	-3.0000
0.1306	-0.4326	-2.0000
-0.6148	-0.2529	-1.0000
0.1190	0.0227	-3.0000
0.4449	0.7901	-2.0000
-0.1533	-0.5873	-1.0000
-0.6703	0.1418	-1.0000
-0.7303	0.0947	-1.0000
-0.8149	0.1549	0.0000
-0.0056	0.2272	-3.0000
0.4109	-0.0567	-3.0000
-0.5676	-0.3696	-1.0000
-0.7551	-0.2189	0.0000
0.2670	-0.7109	-1.0000
-0.4612	-0.5013	0.0000
-0.4530	0.3510	-1.0000
0.4551	-0.8447	0.0000
-0.4727	-0.2315	-2.0000
0.2295	-0.8274	0.0000
0.4771	0.7167	-2.0000
0.4418	0.8452	-1.0000
-0.1449	0.0548	-3.0000
-0.2019	0.4411	-2.0000
0.3959	0.0542	-3.0000
-0.2799	0.1137	-3.0000
0.5076	0.8443	0.0000
-0.3196	-0.5707	0.0000
0.2775	-0.3175	-3.0000
0.5228	-0.3503	-1.0000
0.3397	0.8225	-1.0000
-0.6064	0.0653	-2.0000
0.0586	-0.6933	-1.0000
-0.1758	-0.5450	-1.0000
0.5081	0.8413	0.0000
0.3860	-0.1660	-2.0000
0.3733	0.8069	-1.0000
-0.3436	0.2449	-2.0000
-0.2005	-0.2158	-3.0000
0.5476	0.7375	0.0000
-0.5276	0.2876	-1.0000
0.3805	0.7967	-2.0000
0.4355	0.7350	-2.0000
-0.0642	-0.5887	-1.0000
0.4177	0.8403	-1.0000
-0.3515	0.1415	-3.0000
-0.1913	-0.4085	-2.0000
0.4495	0.8599	0.0000
0.3704	-0.6430	-1.0000
0.1120	-0.2777	-3.0000
-0.0559	0.1920	-3.0000
0.4670	-0.6914	0.0000
0.5478	-0.7525	0.0000
-0.1506	0.3346	-3.0000
0.5272	-0.4137	-1.0000
0.0240	0.1376	-3.0000
-0.0846	-0.1947	-3.0000
0.5687	0.0749	-1.0000
0.4887	0.8326	-1.0000
0.4291	-0.7073	0.0000
0.1983	0.0296	-3.0000
-0.6468	0.2585	-1.0000
0.3623	-0.8049	0.0000
0.4987	0.8654	0.0000
0.0813	-0.0035	-3.0000
-0.7852	-0.1031	-1.0000
-0.4182	0.1075	-2.0000
-0.6797	-0.0545	-1.0000
0.3802	-0.7077	-1.0000
0.2652	-0.6750	-1.0000
-0.8132	0.1634	0.0000
0.4406	0.8368	-1.0000
-0.6368	-0.3647	0.0000
0.2219	-0.5109	-2.0000
0.0122	-0.7083	0.0000
0.4823	-0.2009	-2.0000
-0.3947	0.3721	-2.0000
-0.0158	-0.7545	0.0000
-0.1139	-0.3459	-3.0000
-0.0461	-0.1046	-3.0000
-0.5595	0.2529	-1.0000
0.6886	-0.2362	0.0000
-0.5115	-0.0891	-2.0000
0.2897	-0.7617	0.0000
-0.4623	0.2093	-2.0000
0.4264	-0.4534	-2.0000
-0.4909	0.3781	-1.0000
-0.8703	-0.0536	0.0000
-0.9108	-0.1096	0.0000
-0.2442	-0.4953	-1.0000
-0.2638	-0.5507	-1.0000
-0.4417	-0.2575	-2.0000
-0.5477	0.4555	0.0000
-0.0283	-0.5870	-1.0000
-0.0693	0.1672	-3.0000
-0.7497	0.0864	-1.0000
-0.9114	0.0549	0.0000
0.4392	-0.4553	-2.0000
-0.7510	-0.2040	0.0000
0.0238	-0.4953	-2.0000
0.2509	-0.3999	-2.0000
0.5095	0.8233	-1.0000
0.4738	0.8259	-1.0000
-0.0059	-0.2851	-3.0000
0.5219	-0.2836	-1.0000
0.1653	-0.5841	-2.0000
0.6127	-0.3957	0.0000
-0.5841	-0.0562	-2.0000
-0.8311	0.0931	0.0000
-0.1461	0.3397	-3.0000
0.4668	0.8496	-1.0000
-0.9138	0.0788	0.0000
-0.0502	0.2405	-3.0000
-0.1367	0.4521	-2.0000
-0.4856	0.4372	0.0000
-0.0592	-0.1200	-3.0000
0.4112	-0.1601	-2.0000
0.5136	0.8388	0.0000
0.2613	-0.6160	-1.0000
0.6305	-0.4547	0.0000
-0.3319	-0.1510	-3.0000
-0.7501	-0.0404	-1.0000
0.4090	-0.0245	-3.0000
-0.6793	0.3708	0.0000
-0.2922	0.6205	0.0000
0.4505	-0.0055	-2.0000
0.4618	0.8367	-1.0000
0.1268	0.1839	-3.0000
-0.7328	-0.1155	-1.0000
0.1464	-0.7918	0.0000
-0.3520	0.2034	-2.0000
-0.3497	0.4086	-2.0000
-0.7033	0.1776	-1.0000
-0.4087	0.5594	0.0000
-0.7796	-0.2666	0.0000
-0.5927	0.2147	-1.0000
-0.1304	-0.6415	0.0000
0.4913	-0.4301	-1.0000
-0.6239	0.1529	-1.0000
0.6864	-0.2490	0.0000
0.4987	0.8611	0.0000
-0.6424	-0.2644	-1.0000
-0.5399	-0.3102	-1.0000
-0.4468	-0.1760	-2.0000
-0.1255	0.1881	-3.0000
0.3478	-0.4377	-2.0000
0.4195	0.0920	-3.0000
-0.5790	0.1857	-1.0000
0.0889	-0.2867	-3.0000
-0.0422	0.3040	-3.0000
0.6649	-0.2113	0.0000
-0.1298	0.3735	-3.0000
0.5220	0.7406	-1.0000
0.0474	-0.6619	-1.0000
0.4763	0.8361	-1.0000
0.0214	-0.0073	-3.0000
0.0249	-0.6599	-1.0000
-0.8109	0.0766	0.0000
0.4966	-0.7849	0.0000
0.3635	0.8326	0.0000
-0.9543	-0.0192	0.0000
0.4375	0.8644	0.0000
-0.2110	0.0534	-3.0000
0.5787	-0.1307	-1.0000
-0.4669	0.2160	-2.0000
0.4669	-0.2782	-2.0000
0.3788	0.8351	-1.0000
0.2547	-0.5988	-1.0000
0.4937	0.8600	0.0000
-0.0428	-0.7594	0.0000
0.0405	-0.5637	-2.0000
-0.2589	0.0898	-3.0000
0.5025	0.8302	-1.0000
0.1677	-0.0135	-3.0000
0.1165	0.2170	-3.0000
0.4917	0.8594	0.0000
0.5294	0.7753	0.0000
-0.3475	0.4369	-1.0000
0.5302	0.7537	0.0000
0.2469	-0.0343	-3.0000
-0.5308	-0.1360	-2.0000
0.3401	0.7905	-1.0000
0.4225	0.8195	-2.0000
-0.1337	-0.0467	-3.0000
-0.3978	0.2961	-2.0000
0.4942	0.8567	0.0000
0.4120	-0.8567	0.0000
-0.1113	-0.1071	-3.0000
0.5272	0.7773	0.0000
-0.1591	-0.2745	-3.0000
0.4343	-0.1553	-2.0000
-0.1742	-0.3265	-2.0000
-0.0744	-0.6011	-1.0000
0.0412	0.2380	-3.0000
0.1844	0.2138	-3.0000
-0.3945	0.4807	-1.0000
0.2573	-0.1201	-3.0000
-0.3953	0.4078	-1.0000
-0.1430	-0.4985	-2.0000
-0.0388	-0.3450	-3.0000
-0.4318	-0.4526	-1.0000
0.2600	-0.7026	-1.0000
-0.0240	-0.0926	-3.0000
-0.7167	-0.0607	-1.0000
-0.7025	-0.0816	-1.0000
0.4818	0.8607	0.0000
-0.1919	0.2883	-3.0000
-0.2447	-0.2255	-3.0000
-0.0456	-0.6393	-1.0000
0.1419	-0.0803	-3.0000
0.4217	-0.2083	-2.0000
0.6229	0.0761	0.0000
0.3319	-0.5739	-1.0000
0.1920	-0.8077	0.0000
-0.3378	-0.0300	-3.0000
0.0064	-0.0014	-3.0000
0.1511	-0.0663	-3.0000
0.3394	0.7952	-1.0000
-0.0289	-0.6412	-1.0000
0.5814	-0.2648	-1.0000
-0.5991	0.0869	-2.0000
0.4495	0.0755	-2.0000
-0.5134	0.0163	-2.0000
0.4072	-0.4739	-2.0000
-0.0316	0.3404	-3.0000
-0.5659	-0.0000	-2.0000
0.1367	-0.4506	-2.0000
-0.5403	-0.0614	-2.0000
-0.7722	0.0690	-1.0000
0.0379	-0.5357	-2.0000
-0.3839	0.5680	0.0000
0.2016	-0.0067	-3.0000
-0.5256	-0.4944	0.0000
-0.7288	0.2592	0.0000
-0.2356	-0.1307	-3.0000
0.4820	-0.8226	0.0000
0.2709	-0.5736	-2.0000
-0.6255	-0.2505	-1.0000
0.4737	-0.2229	-2.0000
0.6859	-0.0784	0.0000
-0.4326	0.3344	-2.0000
0.5142	0.8391	0.0000
0.4971	0.8366	-1.0000
0.3925	-0.2034	-2.0000
-0.6391	0.1953	-1.0000
0.5555	0.0074	-1.0000
0.4288	0.7286	-2.0000
0.4780	0.8533	-1.0000
-0.4999	-0.0337	-2.0000
0.3206	-0.6619	-1.0000
-0.2579	-0.2533	-3.0000
0.5769	-0.4499	-1.0000
0.1758	-0.3131	-3.0000
-0.8704	-0.1279	0.0000
0.6357	0.0178	0.0000
-0.5040	0.1703	-2.0000
-0.2429	0.1412	-3.0000
-0.1155	-0.1369	-3.0000
-0.8889	0.0759	0.0000
0.5296	0.7882	0.0000
-0.2341	-0.0474	-3.0000
-0.6277	0.2456	-1.0000
-0.2493	-0.5186	-1.0000
-0.0718	-0.3264	-3.0000
0.4656	0.7781	-2.0000
0.3133	-0.6289	-1.0000
-0.3295	-0.4216	-2.0000
-0.3916	0.1707	-2.0000
-0.2203	-0.2057	-3.0000
0.1420	-0.7179	-1.0000
-0.1689	-0.3230	-3.0000
-0.5303	0.4541	0.0000
0.4937	-0.5332	-1.0000
-0.4624	0.2073	-2.0000
-0.7971	0.1151	0.0000
-0.9007	-0.1451	0.0000
0.3785	-0.0826	-3.0000
0.2211	-0.5694	-2.0000
0.4791	0.8439	-1.0000
-0.8011	-0.2475	0.0000
-0.3629	0.4591	-1.0000
0.4275	0.8533	0.0000
0.5039	0.8048	-1.0000
0.0149	-0.7054	0.0000
0.5006	0.8522	0.0000
0.0011	-0.0975	-3.0000
-0.0578	-0.1811	-3.0000
-0.4537	-0.3054	-2.0000
-0.9085	-0.1074	0.0000
-0.2492	0.4190	-2.0000
-0.5676	0.4217	0.0000
-0.1228	-0.1319	-3.0000
0.4052	-0.2533	-2.0000
0.0085	-0.2468	-3.0000
-0.1356	-0.5875	-1.0000
0.0866	-0.0210	-3.0000
-0.2327	0.4231	-2.0000
0.3891	-0.3280	-2.0000
0.1965	-0.2414	-3.0000
-0.3957	-0.4051	-1.0000
-0.4044	-0.4109	-1.0000
0.5261	0.7802	0.0000
-0.3246	-0.2254	-3.0000
-0.9018	0.0242	0.0000
-0.1230	0.0865	-3.0000
0.1542	-0.8198	0.0000
-0.1824	0.4890	-2.0000
0.6718	-0.0113	0.0000
0.1298	-0.7341	0.0000
0.4695	-0.1208	-2.0000
-0.1121	0.2609	-3.0000
-0.2881	-0.3439	-2.0000
-0.5232	0.3459	-1.0000
-0.2030	0.3479	-2.0000
0.4999	0.8553	0.0000
0.2994	-0.4165	-2.0000
0.3155	0.8298	0.0000
0.0697	-0.4368	-2.0000
0.4861	0.8391	-1.0000
-0.6749	0.1273	-1.0000
0.3545	0.7945	-2.0000
0.4132	0.1009	-3.0000
-0.6888	-0.2997	0.0000
-0.5330	-0.4572	0.0000
-0.7910	0.1658	0.0000
-0.4081	0.0888	-2.0000
0.4977	0.7751	-1.0000
-0.7227	-0.2975	0.0000
0.3415	-0.3402	-2.0000
0.0603	0.0749	-3.0000
-0.4132	-0.5239	0.0000
-0.3830	0.2144	-2.0000
-0.1075	-0.5104	-2.0000
0.5583	-0.3565	-1.0000
-0.6689	-0.3795	0.0000
0.4991	0.0547	-2.0000
0.4842	0.8649	0.0000
-0.6974	0.0771	-1.0000
-0.6170	-0.4137	0.0000
0.4210	-0.5122	-1.0000
0.4147	-0.8326	0.0000
-0.0358	-0.1831	-3.0000
0.5305	0.7484	-1.0000
0.4206	0.8311	-1.0000
0.0956	0.0535	-3.0000
0.4666	0.8341	-1.0000
0.0402	-0.1210	-3.0000
-0.4890	-0.0595	-2.0000
0.5887	-0.5254	0.0000
0.1356	-0.6186	-1.0000
-0.3135	-0.5919	0.0000
0.5612	-0.1486	-1.0000
0.0259	-0.2599	-3.0000
-0.2260	0.2057	-3.0000
-0.4732	0.4539	0.0000
0.3150	-0.1051	-3.0000
-0.4184	0.4776	-1.0000
0.4995	0.8616	0.0000
-0.4477	-0.0475	-2.0000
0.2018	-0.1804	-3.0000
-0.6550	0.3029	0.0000
-0.2907	-0.3319	-2.0000
0.0048	-0.0703	-3.0000
0.2756	0.1743	-3.0000
0.4025	-0.1118	-3.0000
0.4542	-0.5018	-1.0000
-0.3907	0.2413	-2.0000
-0.8255	0.1699	0.0000
-0.8121	0.0390	-1.0000
0.1514	-0.5803	-2.0000
0.1660	-0.8038	0.0000
-0.5930	-0.3134	-1.0000
-0.5433	-0.2292	-2.0000
0.1306	-0.5618	-2.0000
0.4357	-0.2748	-2.0000
0.1413	-0.5965	-1.0000
-0.4997	0.1095	-2.0000
0.4784	-0.7318	0.0000
0.0776	-0.4117	-3.0000
0.0327	0.0621	-3.0000
0.3426	-0.6308	-1.0000
0.3586	-0.2721	-2.0000
0.5437	0.6911	0.0000
0.5252	-0.6096	0.0000
0.4914	0.0349	-2.0000
-0.3486	0.5004	-1.0000
0.4459	0.7860	-2.0000
-0.0139	-0.0846	-3.0000
-0.6298	0.4044	0.0000
-0.2308	0.0635	-3.0000
-0.3550	-0.3429	-2.0000
0.4548	0.8551	0.0000
0.4848	0.8517	-1.0000
-0.4787	-0.0617	-2.0000
0.3181	-0.7334	-1.0000
-0.4574	-0.1013	-2.0000
-0.2213	-0.2398	-3.0000
-0.2403	-0.6683	0.0000
-0.2398	-0.6169	0.0000
0.5932	-0.1179	-1.0000
-0.1352	0.0782	-3.0000
0.6601	-0.3771	0.0000
-0.8455	-0.0227	0.0000
-0.5816	0.1118	-2.0000
0.5482	0.7294	0.0000
-0.3665	-0.5066	-1.0000
0.5149	-0.2245	-2.0000
-0.1703	-0.1334	-3.0000
-0.9839	-0.0184	0.0000
0.5766	-0.3784	-1.0000
0.3257	0.1134	-3.0000
-0.2865	-0.1243	-3.0000
0.5263	0.6847	-1.0000
0.5321	0.7987	0.0000
0.2281	-0.5248	-2.0000
-0.7976	0.2157	0.0000
0.4164	-0.4924	-1.0000
0.3334	-0.6886	-1.0000
-0.5923	0.1854	-1.0000
0.3341	-0.1526	-3.0000
0.5660	-0.4664	-1.0000
0.5935	-0.1292	-1.0000
0.7032	0.0194	0.0000
0.4007	-0.5644	-1.0000
0.5083	0.8450	0.0000
0.4128	0.8356	-1.0000
-0.4904	-0.1892	-2.0000
0.5080	-0.4867	-1.0000
0.1246	0.1576	-3.0000
0.2618	-0.3387	-3.0000
0.4975	0.8611	0.0000
-0.7207	-0.2790	0.0000
0.4321	0.7958	-2.0000
0.4461	-0.5172	-1.0000
0.0642	0.2312	-3.0000
-0.1974	-0.6857	0.0000
-0.4114	0.5188	0.0000
-0.8837	0.0980	0.0000
0.4595	-0.2805	-2.0000
0.6022	0.0760	-1.0000
0.3499	0.8263	-1.0000
-0.3174	-0.5648	0.0000
0.5123	0.8373	0.0000
0.0978	-0.1343	-3.0000
-0.4672	0.0828	-2.0000
-0.6391	0.2151	-1.0000
0.4194	0.7635	-2.0000
-0.2087	-0.5297	-1.0000
-0.2123	-0.3883	-2.0000
-0.8647	0.1638	0.0000
0.5661	0.0117	-1.0000
0.6036	0.0198	-1.0000
-0.5881	-0.0495	-2.0000
-0.3300	-0.2533	-2.0000
0.5137	0.7300	-1.0000
-0.3229	-0.2149	-3.0000
-0.6826	0.1847	-1.0000
-0.2637	0.3469	-2.0000
0.3444	-0.5552	-2.0000
-0.0696	-0.5258	-2.0000
0.4292	0.7439	-2.0000
-0.2217	0.1954	-3.0000
-0.9215	-0.0016	0.0000
-0.3705	0.1145	-3.0000
-0.6614	0.1069	-1.0000
-0.2349	-0.5905	0.0000
0.5302	0.7510	-1.0000
0.0013	0.0379	-3.0000
0.3221	0.8356	0.0000
-0.6252	-0.0274	-2.0000
0.1027	0.0142	-3.0000
0.5203	-0.3650	-1.0000
0.5201	0.8072	0.0000
0.4944	0.8660	0.0000
0.1648	-0.6966	-1.0000
-0.0654	-0.2833	-3.0000
0.4513	-0.2546	-2.0000
-0.2557	-0.0388	-3.0000
0.3544	-0.1337	-3.0000
0.4841	0.7796	-2.0000
0.5128	-0.6175	0.0000
0.5796	0.6998	0.0000
0.5065	0.6894	-1.0000
0.4751	0.8445	-1.0000
0.4568	0.7246	-2.0000
0.4517	0.8255	-2.0000
0.2587	-0.5873	-1.0000
-0.2388	0.5718	-1.0000
0.0924	-0.6976	-1.0000
-0.1063	0.2984	-3.0000
0.4143	0.8326	-1.0000
-0.7364	-0.3265	0.0000
-0.5102	0.3539	-1.0000
-0.1439	-0.0129	-3.0000
-0.3341	-0.0522	-3.0000
-0.7317	-0.1107	-1.0000
-0.4669	-0.1416	-2.0000
-0.3089	0.0562	-3.0000
0.3264	0.8027	-1.0000
0.4227	0.8459	-1.0000
0.5025	0.8202	-1.0000
0.4619	0.0208	-2.0000
-0.8481	0.0500	0.0000
0.3158	-0.6929	-1.0000
-0.1460	0.2580	-3.0000
-0.1773	0.4866	-2.0000
-0.4903	-0.1138	-2.0000
-0.5033	-0.3993	-1.0000
0.4957	0.8660	0.0000
-0.2647	0.0432	-3.0000
-0.9059	0.0072	0.0000
0.6598	-0.1133	0.0000
0.4574	0.7785	-2.0000
-0.1888	-0.3401	-2.0000
0.4823	-0.5973	-1.0000
0.6083	-0.4797	0.0000
-0.3666	-0.5606	0.0000
-0.0153	-0.6246	-1.0000
0.4479	0.7606	-2.0000
0.4600	0.8357	-1.0000
0.0708	-0.6948	-1.0000
0.5287	0.7873	0.0000
-0.0386	-0.2381	-3.0000
-0.0857	-0.7116	0.0000
-0.4392	0.3052	-2.0000
0.0833	-0.2040	-3.0000
-0.4137	-0.1075	-2.0000
0.4337	0.8227	-2.0000
0.3940	-0.0101	-3.0000
-0.8137	0.1217	0.0000
-0.6350	-0.2520	-1.0000
0.2775	0.1514	-3.0000
-0.2765	0.1893	-3.0000
-0.5157	-0.1097	-2.0000
-0.5497	-0.1876	-2.0000
0.1631	-0.0964	-3.0000
0.6475	0.0356	0.0000
-0.6461	0.1353	-1.0000
0.1582	-0.5515	-2.0000
-0.7421	-0.1801	-1.0000
-0.2074	0.3014	-3.0000
0.0844	-0.1264	-3.0000
-0.8867	0.1598	0.0000
-0.1746	-0.0065	-3.0000
-0.4257	0.5646	0.0000
0.3528	-0.0213	-3.0000
-0.5947	-0.0597	-2.0000
0.7000	-0.0710	0.0000
0.4142	-0.1636	-2.0000
0.1737	-0.4886	-2.0000
0.4413	-0.5491	-1.0000
-0.0751	0.3781	-3.0000
-0.7834	0.0440	-1.0000
-0.2449	-0.1013	-3.0000
0.0120	-0.1084	-3.0000
-0.6002	0.3794	0.0000
-0.3461	-0.0785	-3.0000
-0.0267	-0.1599	-3.0000
-0.1496	-0.1555	-3.0000
0.3138	0.8218	0.0000
-0.7942	-0.1495	0.0000
-0.7379	0.2394	0.0000
0.4295	0.8330	-1.0000
-0.5822	0.0320	-2.0000
-0.7511	0.2597	0.0000
-0.7928	-0.0665	-1.0000
0.5835	-0.0346	-1.0000
0.5001	0.8364	-1.0000
-0.5513	0.0997	-2.0000
-0.1110	-0.5371	-1.0000
-0.2694	0.5910	0.0000
0.5048	0.8238	-1.0000
0.0647	-0.2819	-3.0000
-0.2443	-0.4255	-2.0000
0.4764	0.8034	-2.0000
-0.2910	-0.5800	0.0000
-0.1539	0.3726	-3.0000
0.4735	0.8601	0.0000
-0.2885	0.1471	-3.0000
0.4626	0.0377	-2.0000
0.4662	-0.7711	0.0000
-0.2541	-0.1160	-3.0000
0.4263	-0.4378	-2.0000
0.2729	-0.1638	-3.0000
-0.0552	-0.5783	-1.0000
0.3719	0.0257	-3.0000
-0.2273	0.3783	-2.0000
0.0029	-0.1941	-3.0000
-0.3087	0.1352	-3.0000
0.5518	-0.3958	-1.0000
-0.8645	0.0608	0.0000
-0.1349	-0.2370	-3.0000
0.5022	0.8134	-1.0000
-0.3990	0.5127	0.0000
-0.3913	0.3109	-2.0000
0.4573	0.8457	-1.0000
0.5728	0.0118	-1.0000
0.4921	0.8417	-1.0000
0.6030	-0.0040	-1.0000
0.0240	-0.0005	-3.0000
-0.2705	-0.6407	0.0000
-0.3535	-0.4932	-1.0000
0.3179	-0.1520	-3.0000
0.4055	-0.7447	0.0000
0.3790	0.8134	-1.0000
0.2661	-0.7744	0.0000
0.1904	-0.1423	-3.0000
-0.5701	-0.0425	-2.0000
0.2451	-0.7887	0.0000
0.4713	0.7221	-2.0000
0.4179	-0.4321	-2.0000
0.4953	0.8634	0.0000
0.4147	-0.3771	-2.0000
0.4072	0.8136	-2.0000
-0.6772	-0.2349	-1.0000
0.4253	0.7445	-2.0000
0.1690	-0.3383	-3.0000
0.0785	0.0532	-3.0000
-0.7525	-0.1097	-1.0000
-0.1234	-0.4057	-2.0000
-0.4572	-0.1100	-2.0000
0.0779	-0.0258	-3.0000
0.5790	-0.2586	-1.0000
0.5717	-0.7095	0.0000
0.4568	0.8595	0.0000
0.5265	0.7922	0.0000
0.2081	0.1592	-3.0000
0.3172	-0.1118	-3.0000
-0.4985	-0.1818	-2.0000
0.4985	0.8462	-1.0000
0.6277	-0.2262	-1.0000
0.6728	0.0667	0.0000
-0.0544	-0.0443	-3.0000
0.3441	0.8466	0.0000
0.6026	-0.0664	-1.0000
0.3457	-0.7979	0.0000
-0.0029	-0.5074	-2.0000
-0.8726	0.1339	0.0000
-0.1383	0.0061	-3.0000
-0.1535	-0.5980	-1.0000
0.2790	-0.3879	-2.0000
0.1491	0.1081	-3.0000
0.5001	0.7898	-1.0000
-0.4215	0.4201	-1.0000
-0.1170	0.1401	-3.0000
0.4643	0.8341	-1.0000
-0.3707	0.1119	-3.0000
0.6735	-0.0454	0.0000
0.6228	-0.3402	0.0000
0.3431	0.8406	0.0000
-0.0049	0.2709	-3.0000
-0.4400	0.3017	-2.0000
0.1542	-0.8166	0.0000
0.2607	-0.6723	-1.0000
-0.2770	-0.4982	-1.0000
-0.8650	-0.0223	0.0000
-0.1986	-0.0128	-3.0000
0.4977	0.8041	-1.0000
0.0893	0.2710	-3.0000
0.3269	0.8392	0.0000
0.4357	-0.8101	0.0000
0.4072	-0.1981	-2.0000
-0.6501	0.2356	-1.0000
0.5294	0.7917	0.0000
-0.3229	0.5969	0.0000
0.6389	-0.3189	0.0000
0.2539	-0.1579	-3.0000
0.5035	0.7914	-1.0000
-0.3584	0.1442	-3.0000
0.5040	0.7019	-1.0000
0.4614	0.8471	-1.0000
0.1740	-0.0868	-3.0000
0.4088	0.8603	0.0000
0.5491	-0.7132	0.0000
0.4571	0.7357	-2.0000
0.3144	-0.1612	-3.0000
-0.3561	-0.0424	-3.0000
-0.7422	-0.0889	-1.0000
0.0577	-0.4051	-3.0000
0.2498	-0.3179	-3.0000
0.5355	0.7378	0.0000
0.5651	-0.2673	-1.0000
0.4966	0.7337	-2.0000
0.4899	0.0111	-2.0000
0.4909	0.8407	-1.0000
0.5740	-0.5321	0.0000
-0.7346	-0.0467	-1.0000
-0.3958	0.4879	-1.0000
0.2950	0.0064	-3.0000
0.6174	-0.2967	0.0000
0.4714	0.8506	-1.0000
0.0158	-0.6086	-1.0000
0.2454	-0.6877	-1.0000
0.4755	0.8118	-2.0000
0.5717	-0.3846	-1.0000
0.3186	-0.0550	-3.0000
0.3400	0.8389	0.0000
0.4184	0.8268	-1.0000
0.1387	-0.4200	-2.0000
-0.0326	-0.1558	-3.0000
-0.5009	-0.4746	0.0000
0.0958	-0.5375	-2.0000
0.1257	-0.2217	-3.0000
-0.0271	-0.3430	-3.0000
0.3863	0.7615	-2.0000
0.5674	0.0841	-1.0000
0.4073	0.8269	-1.0000
0.5356	0.7809	0.0000
0.3608	-0.0423	-3.0000
-0.5644	0.2765	-1.0000
-0.0610	-0.2745	-3.0000
-0.2373	0.2429	-3.0000
0.5735	-0.3036	-1.0000
-0.5743	-0.3003	-1.0000
-0.4646	0.0805	-2.0000
0.4433	-0.6611	-1.0000
0.4837	0.7994	-2.0000
-0.6071	0.1185	-2.0000
0.5293	-0.7337	0.0000
-0.1020	-0.4913	-2.0000
-0.0299	-0.3362	-3.0000
0.4081	0.8553	0.0000
0.3042	0.0183	-3.0000
0.3121	-0.5977	-1.0000
0.3264	-0.6750	-1.0000
-0.6855	-0.2011	-1.0000
-0.4920	0.3950	-1.0000
0.3885	0.8428	0.0000
-0.6355	0.2718	-1.0000
0.2845	-0.2929	-3.0000
-0.3374	0.2957	-2.0000
-0.2020	-0.0619	-3.0000
0.1572	0.2058	-3.0000
0.1377	-0.1236	-3.0000
-0.1660	0.2290	-3.0000
0.2687	-0.1024	-3.0000
0.4939	-0.8051	0.0000
0.0480	-0.6439	-1.0000
0.3217	-0.0117	-3.0000
-0.2797	0.1880	-3.0000
0.3858	-0.5915	-1.0000
-0.2673	-0.1808	-3.0000
0.1242	0.2378	-3.0000
-0.6619	-0.3480	0.0000
-0.7119	-0.3050	0.0000
0.5005	-0.2692	-2.0000
-0.2284	-0.6649	0.0000
0.5041	-0.3187	-1.0000
0.4758	0.0309	-2.0000
-0.8256	-0.0335	-1.0000
-0.2209	-0.0896	-3.0000
0.4824	0.7656	-2.0000
-0.2291	0.5238	-1.0000
-0.3790	0.3739	-2.0000
-0.4658	0.2387	-2.0000
-0.0217	-0.6448	-1.0000
0.5003	0.8561	0.0000
-0.2894	0.6016	0.0000
-0.4992	-0.0360	-2.0000
0.4663	-0.7562	0.0000
-0.7011	-0.3381	0.0000
0.1233	-0.4932	-2.0000
-0.8410	-0.1610	0.0000
0.6408	-0.3665	0.0000
0.2414	-0.4437	-2.0000
-0.0274	-0.4551	-2.0000
0.1952	-0.5050	-2.0000
-0.5686	-0.3587	-1.0000
0.4833	-0.0152	-2.0000
-0.8180	-0.1962	0.0000
-0.6821	0.2927	0.0000
0.1205	-0.2942	-3.0000
-0.2816	-0.0499	-3.0000
0.4309	0.8521	0.0000
-0.2042	0.4026	-2.0000
0.6319	-0.1417	-1.0000
0.1637	-0.5150	-2.0000
-0.3492	0.2444	-2.0000
0.4948	0.8108	-1.0000
0.3325	-0.0849	-3.0000
0.6690	-0.2564	0.0000
0.2151	-0.0420	-3.0000
0.4270	0.7785	-2.0000
0.6655	-0.0488	0.0000
-0.3418	-0.3513	-2.0000
0.6355	-0.3655	0.0000
-0.4186	-0.0745	-2.0000
-0.2907	-0.0639	-3.0000
0.6154	-0.4604	0.0000
-0.3168	-0.1503	-3.0000
-0.6581	-0.2776	-1.0000
-0.2853	0.4387	-2.0000
0.0088	-0.4643	-2.0000
-0.3234	0.1656	-3.0000
-0.3970	0.4308	-1.0000
0.4158	-0.1003	-2.0000
-0.5025	-0.0164	-2.0000
0.2363	0.0940	-3.0000
-0.6387	-0.1261	-1.0000
-0.4488	-0.5054	0.0000
-0.7623	0.1298	-1.0000
-0.3236	0.6162	0.0000
-0.7755	0.1194	-1.0000
0.4478	0.8580	0.0000
0.0781	-0.6652	-1.0000
-0.5202	0.3114	-1.0000
0.0227	-0.0762	-3.0000
0.2978	-0.0105	-3.0000
0.0492	0.1615	-3.0000
0.0931	-0.4309	-2.0000
0.2667	-0.5474	-2.0000
0.4646	0.7095	-2.0000
-0.5056	-0.2245	-2.0000
-0.3586	0.1569	-3.0000
-0.4990	-0.2158	-2.0000
-0.6300	0.1967	-1.0000
-0.1892	0.4879	-2.0000
0.4591	0.7532	-2.0000
0.5815	-0.0282	-1.0000
-0.2015	-0.6775	0.0000
-0.3844	0.0685	-3.0000
-0.2547	-0.6333	0.0000
-0.4627	0.2990	-2.0000
-0.1644	0.2349	-3.0000
0.0324	-0.0676	-3.0000
0.4633	-0.8459	0.0000
-0.4450	0.0451	-2.0000
0.5947	-0.3202	-1.0000
0.4412	0.8193	-2.0000
0.4625	-0.7149	0.0000
-0.4409	-0.0355	-2.0000
0.4831	0.8417	-1.0000
0.4504	0.7638	-2.0000
0.4764	0.8234	-1.0000
-0.7885	0.1663	0.0000
-0.4687	0.5277	0.0000
0.4537	0.7624	-2.0000
-0.2930	0.1683	-3.0000
0.5463	0.6904	0.0000
0.2319	-0.5184	-2.0000
0.2182	-0.4050	-2.0000
-0.5133	-0.4548	0.0000
0.5116	0.0328	-2.0000
0.0315	-0.6954	-1.0000
0.4981	-0.2503	-2.0000
-0.0270	-0.7122	0.0000
0.5299	-0.6056	0.0000
0.4924	-0.3308	-2.0000
-0.5689	0.1108	-2.0000
0.3360	-0.5606	-2.0000
0.0198	-0.7496	0.0000
0.0843	0.1883	-3.0000
0.2117	-0.0689	-3.0000
0.4253	0.8617	0.0000
-0.5998	-0.1228	-2.0000
-0.1319	-0.2028	-3.0000
0.5911	-0.3151	-1.0000
-0.1070	0.1636	-3.0000
-0.0475	-0.5593	-1.0000
0.0269	0.0879	-3.0000
0.4912	0.8639	0.0000
0.4745	0.8070	-2.0000
0.5141	-0.2825	-1.0000
0.5073	-0.5549	-1.0000
0.4898	0.8592	0.0000
0.5251	0.7446	-1.0000
-0.3313	0.0390	-3.0000
-0.2321	0.1954	-3.0000
0.6329	-0.1854	0.0000
0.3933	0.7849	-2.0000
0.5340	0.7654	0.0000
-0.3883	-0.0520	-3.0000
-0.4542	-0.4759	0.0000
0.0993	-0.5154	-2.0000
0.5099	0.8400	0.0000
0.5981	-0.2292	-1.0000
-0.5132	0.1345	-2.0000
0.3975	-0.8003	0.0000
0.3416	-0.6608	-1.0000
0.4403	0.7418	-2.0000
0.0892	-0.7593	0.0000
0.1419	0.1023	-3.0000
0.0612	0.0089	-3.0000
-0.1170	-0.6764	0.0000
0.6599	-0.2369	0.0000
0.4005	-0.5736	-1.0000
0.5058	0.7296	-1.0000
-0.0236	-0.2382	-3.0000
0.1202	-0.3837	-3.0000
0.5328	0.7316	-1.0000
-0.4139	-0.5018	0.0000
0.3865	0.8090	-2.0000
-0.3976	-0.3540	-2.0000
-0.5025	0.0666	-2.0000
-0.6730	-0.1598	-1.0000
0.0980	0.0463	-3.0000
0.2378	-0.5555	-2.0000
-0.3597	0.3495	-2.0000
-0.1527	0.2611	-3.0000
-0.5881	-0.3326	-1.0000
0.5222	0.8100	0.0000
-0.1946	0.2726	-3.0000
-0.5478	-0.4567	0.0000
0.3508	0.8314	0.0000
0.3009	-0.6432	-1.0000
-0.2730	0.5456	-1.0000
0.4013	-0.3173	-2.0000
-0.2204	-0.6567	0.0000
0.0336	0.1566	-3.0000
0.4696	0.8182	-2.0000
0.3617	0.1209	-3.0000
-0.7873	0.2201	0.0000
-0.4773	0.0500	-2.0000
-0.4009	0.2294	-2.0000
0.1098	-0.0010	-3.0000
-0.6176	-0.1292	-1.0000
-0.4906	0.2446	-2.0000
0.4974	-0.0567	-2.0000
0.6308	-0.2033	0.0000
0.2643	-0.6857	-1.0000
0.4862	0.8430	-1.0000
0.5681	0.7118	0.0000
0.2771	-0.7878	0.0000
0.0911	-0.4126	-3.0000
-0.5099	-0.2750	-2.0000
0.6388	-0.2237	0.0000
-0.5052	-0.0494	-2.0000
-0.0034	0.1324	-3.0000
0.5483	-0.4798	-1.0000
0.4834	0.8563	0.0000
0.5811	0.0855	-1.0000
0.5019	0.8628	0.0000
0.5823	-0.0571	-1.0000
-0.5439	0.3739	-1.0000
0.3328	-0.6230	-1.0000
0.5115	-0.1847	-2.0000
0.4118	-0.5586	-1.0000
-0.3690	-0.2170	-2.0000
0.4618	0.8391	-1.0000
-0.6000	-0.2244	-1.0000
-0.9118	0.0994	0.0000
-0.3457	0.4771	-1.0000
0.3310	-0.8019	0.0000
-0.6609	-0.1551	-1.0000
0.0756	0.2186	-3.0000
0.1333	0.1744	-3.0000
0.0066	0.1346	-3.0000
0.4964	0.8617	0.0000
0.3878	-0.3618	-2.0000
-0.8008	-0.1461	0.0000
0.4918	0.8215	-1.0000
0.4977	0.8648	0.0000
-0.1893	-0.2316	-3.0000
-0.6827	0.1624	-1.0000
0.5346	-0.0397	-2.0000
0.7050	-0.0962	0.0000
0.6071	-0.1186	-1.0000
-0.0026	-0.1872	-3.0000
0.5736	-0.2296	-1.0000
0.1822	-0.1318	-3.0000
-0.8096	-0.1432	0.0000
0.2752	-0.6572	-1.0000
-0.3411	-0.5232	-1.0000
-0.4340	0.5578	0.0000
-0.2297	-0.3135	-2.0000
-0.6386	0.3346	0.0000
-0.3955	-0.2543	-2.0000
0.5013	0.7907	-1.0000
0.5276	-0.1563	-2.0000
0.4823	0.7636	-2.0000
-0.8358	-0.1657	0.0000
0.4752	0.0048	-2.0000
-0.7236	0.2900	0.0000
-0.9142	-0.0004	0.0000
-0.5288	-0.0726	-2.0000
0.4145	0.8304	-1.0000
0.1166	0.2043	-3.0000
0.4006	0.8591	0.0000
0.3715	-0.1392	-3.0000
0.5333	-0.5355	-1.0000
0.3818	-0.7194	0.0000
0.1041	-0.5952	-1.0000
0.6706	-0.0187	0.0000
-0.5066	-0.0314	-2.0000
-0.2522	-0.1944	-3.0000
-0.5319	-0.3276	-1.0000
0.0662	0.1592	-3.0000
-0.2646	0.0511	-3.0000
0.1063	0.1526	-3.0000
-0.9095	-0.0714	0.0000
-0.2854	-0.4245	-2.0000
-0.7806	-0.0760	-1.0000
0.4949	-0.2208	-2.0000
-0.2114	0.4870	-2.0000
-0.8433	-0.2009	0.0000
0.4551	0.1038	-2.0000
0.6455	-0.1320	0.0000
0.6247	-0.4937	0.0000
-0.2153	-0.3540	-2.0000
0.4639	0.8565	0.0000
-0.3394	-0.1237	-3.0000
0.4915	0.8555	0.0000
0.5220	0.7435	-1.0000
0.4072	0.8595	0.0000
-0.0245	-0.4765	-2.0000
-0.0615	0.0090	-3.0000
0.2300	-0.5552	-2.0000
0.2378	-0.6849	-1.0000
0.3335	0.0449	-3.0000
0.1307	-0.0191	-3.0000
0.6543	-0.2150	0.0000
0.3703	0.0835	-3.0000
0.3431	0.8009	-1.0000
0.4850	0.7585	-2.0000
-0.4081	0.4327	-1.0000
0.0216	-0.2509	-3.0000
0.6323	-0.0489	-1.0000
0.2189	-0.3155	-3.0000
0.5649	-0.5518	0.0000
-0.0384	-0.4901	-2.0000
-0.1626	-0.4756	-2.0000
0.5257	-0.7402	0.0000
-0.4399	-0.0064	-2.0000
-0.5994	-0.0957	-2.0000
0.4132	-0.7408	0.0000
0.2422	-0.5702	-2.0000
-0.4178	0.2643	-2.0000
0.1058	-0.5147	-2.0000
-0.2935	0.0443	-3.0000
-0.1316	-0.1420	-3.0000
-0.2621	0.4249	-2.0000
-0.5816	0.4422	0.0000
0.4704	0.7310	-2.0000
0.3543	0.8389	0.0000
-0.3868	-0.1724	-2.0000
-0.3735	0.5133	0.0000
0.2453	-0.5829	-2.0000
-0.2447	-0.1126	-3.0000
-0.4836	0.4843	0.0000
-0.0310	-0.0344	-3.0000
-0.6033	-0.2069	-1.0000
0.4623	-0.5297	-1.0000
-0.1395	-0.0393	-3.0000
0.5499	0.6973	0.0000
0.4994	0.8654	0.0000
-0.8030	-0.1063	0.0000
0.0557	-0.7018	0.0000
-0.7127	0.1224	-1.0000
0.2220	-0.3190	-3.0000
-0.0243	-0.0952	-3.0000
0.2056	0.0863	-3.0000
-0.2803	-0.3200	-2.0000
-0.1307	-0.1382	-3.0000
0.1532	0.2349	-3.0000
0.0531	0.2511	-3.0000
0.5005	-0.0896	-2.0000
0.2129	-0.4915	-2.0000
-0.2280	0.3040	-3.0000
0.6086	-0.3466	0.0000
0.4410	0.7688	-2.0000
0.6034	-0.2448	-1.0000
-0.6991	-0.0179	-1.0000
0.1648	-0.5740	-2.0000
-0.4676	-0.1959	-2.0000
0.4966	-0.2887	-2.0000
-0.2593	0.1902	-3.0000
0.0011	-0.3925	-3.0000
0.6380	-0.1851	0.0000
0.2479	-0.3809	-2.0000
0.6768	-0.0070	0.0000
0.4580	-0.2715	-2.0000
0.4887	0.7963	-1.0000
-0.2057	0.4372	-2.0000
0.4030	0.7660	-2.0000
0.4543	-0.1227	-2.0000
-0.1779	-0.6844	0.0000
0.3098	-0.0939	-3.0000
0.3985	0.8145	-1.0000
0.1232	-0.1200	-3.0000
0.5202	-0.0107	-2.0000
0.4566	0.8113	-2.0000
-0.0017	0.2381	-3.0000
0.4571	0.8594	0.0000
-0.8174	0.0178	0.0000
0.4639	-0.5688	-1.0000
-0.2605	0.5956	0.0000
0.4147	0.7631	-2.0000
0.3839	-0.5349	-1.0000
-0.3609	-0.1402	-3.0000
-0.3739	-0.3788	-2.0000
-0.4796	-0.1382	-2.0000
-0.7554	0.0597	-1.0000
0.2428	-0.7317	-1.0000
-0.2341	0.4974	-1.0000
0.0792	0.1428	-3.0000
0.2378	0.0883	-3.0000
0.3378	0.7981	-1.0000
-0.3129	-0.4260	-2.0000
0.5218	0.8194	0.0000
0.4319	-0.2056	-2.0000
-0.6525	-0.0196	-1.0000
-0.7274	-0.3019	0.0000
0.4115	0.8394	-1.0000
0.2546	-0.8110	0.0000
-0.8853	-0.0532	0.0000
0.1514	-0.2098	-3.0000
0.4922	0.7616	-2.0000
0.3451	-0.8453	0.0000
0.5328	-0.5178	-1.0000
0.4996	0.8659	0.0000
0.5198	0.7492	-1.0000
0.4932	0.7483	-2.0000
-0.0345	-0.5175	-2.0000
-0.7573	-0.2482	0.0000
0.3091	-0.5040	-2.0000
0.4506	0.8230	-2.0000
-0.2579	-0.5799	0.0000
0.3685	0.8108	-1.0000
0.4190	0.7746	-2.0000
0.4998	0.8135	-1.0000
0.4220	-0.4689	-2.0000
0.3185	-0.5605	-2.0000
-0.3237	0.1564	-3.0000
0.6415	-0.4497	0.0000
-0.2635	0.0334	-3.0000
0.5085	0.8242	-1.0000
0.3509	-0.8432	0.0000
0.4030	0.8245	-1.0000
-0.1983	0.1090	-3.0000
0.6231	-0.4039	0.0000
0.4416	0.8330	-1.0000
-0.5186	0.1627	-2.0000
0.4036	0.0436	-3.0000
-0.0628	0.2560	-3.0000
0.3959	-0.4725	-2.0000
-0.3017	0.5368	-1.0000
0.4994	0.8208	-1.0000
0.1418	0.2302	-3.0000
-0.4022	-0.0148	-3.0000
0.0392	-0.4292	-2.0000
-0.3528	0.0119	-3.0000
0.5228	-0.7793	0.0000
0.5879	-0.2506	-1.0000
0.5475	-0.0216	-1.0000
-0.3988	0.4630	-1.0000
-0.8400	0.1978	0.0000
0.4404	0.8309	-1.0000
0.4998	0.8146	-1.0000
0.4896	0.7826	-2.0000
0.0413	-0.2449	-3.0000
0.2800	0.0359	-3.0000
-0.1969	0.4869	-2.0000
0.0869	0.2613	-3.0000
-0.4223	0.2182	-2.0000
-0.4619	-0.2487	-2.0000
0.2580	0.0155	-3.0000
-0.3196	-0.3978	-2.0000
-0.3542	-0.0474	-3.0000
0.4965	-0.0367	-2.0000
0.0377	-0.2485	-3.0000
0.5837	-0.6261	0.0000
-0.0952	0.3550	-3.0000
-0.3872	-0.3230	-2.0000
0.6078	-0.4584	0.0000
-0.1986	0.2003	-3.0000
0.5713	-0.6807	0.0000
0.3115	-0.6719	-1.0000
0.4784	0.8589	0.0000
0.0436	-0.2736	-3.0000
0.4686	0.8284	-1.0000
-0.3070	-0.3639	-2.0000
0.2455	-0.3054	-3.0000
0.3802	0.7877	-2.0000
0.5640	-0.6509	0.0000
-0.7533	-0.2755	0.0000
-0.0080	0.0501	-3.0000
-0.0497	-0.6589	-1.0000
0.5801	0.6908	0.0000
-0.3127	0.1107	-3.0000
-0.6608	-0.1438	-1.0000
0.5106	0.7696	-1.0000
-0.1558	-0.6369	0.0000
-0.6830	0.0017	-1.0000
0.1049	0.1575	-3.0000
-0.1245	0.3643	-3.0000
0.4983	0.8642	0.0000
0.3683	-0.0988	-3.0000
-0.7382	-0.0068	-1.0000
0.4977	0.8494	0.0000
-0.2769	-0.0028	-3.0000
-0.3773	-0.3281	-2.0000
-0.0130	-0.5498	-2.0000
-0.4800	0.4807	0.0000
-0.6000	-0.3679	0.0000
0.0902	-0.6705	-1.0000
-0.0782	-0.0344	-3.0000
0.2317	-0.0456	-3.0000
-0.2717	0.2955	-2.0000
0.4870	-0.8518	0.0000
0.3755	-0.6404	-1.0000
0.3657	-0.7092	-1.0000
-0.0719	-0.2000	-3.0000
-0.3887	-0.3898	-1.0000
0.3568	-0.0046	-3.0000
0.2384	-0.3530	-3.0000
0.2861	0.0361	-3.0000
-0.8135	-0.1390	0.0000
-0.1443	-0.3960	-2.0000
0.4800	-0.5294	-1.0000
-0.2010	0.4102	-2.0000
0.5126	0.8236	0.0000
-0.7525	0.1996	0.0000
-0.1071	0.1453	-3.0000
-0.3180	0.3260	-2.0000
-0.3455	-0.3048	-2.0000
-0.2314	0.1952	-3.0000
-0.0291	0.3244	-3.0000
-0.2814	0.5137	-1.0000
-0.1382	-0.1974	-3.0000
0.2470	-0.4382	-2.0000
-0.5559	-0.3366	-1.0000
0.4987	0.8485	0.0000
0.1998	-0.2074	-3.0000
0.0322	-0.0025	-3.0000
0.4905	-0.0045	-2.0000
-0.3750	-0.5050	-1.0000
-0.1298	0.3576	-3.0000
0.4624	0.0553	-2.0000
-0.1967	-0.1332	-3.0000
0.3114	-0.3026	-3.0000
-0.3597	0.5011	-1.0000
-0.4480	-0.0485	-2.0000
0.1668	-0.4374	-2.0000
0.6215	-0.3425	0.0000
-0.1850	0.3211	-3.0000
-0.1129	0.1935	-3.0000
0.2208	-0.3824	-3.0000
0.4452	0.8321	-1.0000
-0.2673	-0.0038	-3.0000
-0.5397	0.4886	0.0000
-0.4094	0.3986	-1.0000
0.4332	-0.2290	-2.0000
0.5464	-0.6007	0.0000
0.1054	-0.5353	-2.0000
-0.7067	-0.2022	-1.0000
0.3595	-0.7124	-1.0000
0.4614	0.0015	-2.0000
-0.1653	0.4117	-2.0000
0.3388	-0.7737	0.0000
-0.2643	0.2233	-3.0000
0.5097	0.8379	0.0000
0.6566	-0.1056	0.0000
-0.6445	0.2996	0.0000
-0.6833	0.3558	0.0000
0.5219	-0.3542	-1.0000
-0.4616	0.2546	-2.0000
-0.6310	0.2802	-1.0000
0.6040	-0.3691	-1.0000
-0.3408	0.1002	-3.0000
-0.4791	-0.2759	-2.0000
0.1842	-0.4869	-2.0000
-0.6702	-0.1844	-1.0000
0.1543	-0.1195	-3.0000
0.4910	0.8563	0.0000
0.1425	0.0050	-3.0000
0.4226	0.7570	-2.0000
0.1170	-0.7542	0.0000
0.2514	0.1540	-3.0000
0.3648	0.8330	0.0000
0.4722	0.8300	-1.0000
0.0217	0.0817	-3.0000
-0.1404	0.0144	-3.0000
0.5205	0.8014	0.0000
0.4516	0.8004	-2.0000
-0.4728	0.2604	-2.0000
-0.1265	-0.1000	-3.0000
0.4747	-0.4716	-1.0000
-0.3975	-0.4097	-1.0000
-0.3161	-0.1393	-3.0000
0.4690	0.8044	-2.0000
0.2949	-0.6138	-1.0000
0.0226	-0.6055	-1.0000
0.2159	-0.2948	-3.0000
0.0685	-0.3997	-3.0000
0.5878	-0.3741	-1.0000
-0.4622	0.2561	-2.0000
0.2803	-0.2831	-3.0000
0.2022	-0.3510	-3.0000
0.3762	0.7593	-2.0000
-0.2007	-0.6350	0.0000
-0.3074	0.6081	0.0000
0.4370	0.7645	-2.0000
-0.2494	-0.5227	-1.0000
0.4393	-0.5768	-1.0000
0.7060	-0.0602	0.0000
0.0107	-0.2858	-3.0000
0.1967	-0.5842	-2.0000
0.5047	-0.3513	-1.0000
0.4000	-0.5048	-1.0000
0.5535	-0.5778	0.0000
-0.7051	0.2917	0.0000
-0.5184	0.3493	-1.0000
-0.2060	-0.5126	-1.0000
-0.4394	0.5211	0.0000
0.3522	-0.2526	-2.0000
-0.1681	0.0386	-3.0000
0.5427	-0.4251	-1.0000
-0.6992	-0.1471	-1.0000
-0.3392	-0.2146	-2.0000
0.4370	0.7398	-2.0000
0.3005	-0.5869	-1.0000
0.4530	0.7948	-2.0000
-0.0138	0.2138	-3.0000
0.1692	-0.6901	-1.0000
-0.3378	0.5133	-1.0000
-0.0780	-0.0007	-3.0000
-0.7554	0.0234	-1.0000
-0.8104	-0.1599	0.0000
-0.4528	-0.3887	-1.0000
0.2695	-0.8385	0.0000
-0.0530	-0.6919	0.0000
-0.8695	-0.0416	0.0000
-0.3081	0.0845	-3.0000
0.1440	0.0582	-3.0000
-0.2695	0.3774	-2.0000
-0.0936	-0.6714	0.0000
-0.7956	-0.2006	0.0000
0.5026	0.8493	0.0000
-0.7476	0.1389	-1.0000
-0.3743	0.0890	-3.0000
0.4030	0.7968	-2.0000
0.4633	0.7942	-2.0000
-0.5709	0.3226	-1.0000
0.3903	-0.7105	-1.0000
0.2431	-0.6765	-1.0000
0.2738	-0.1547	-3.0000
-0.3579	0.2231	-2.0000
0.1507	-0.0491	-3.0000
-0.4806	0.3460	-1.0000
0.5662	0.6898	0.0000
0.5523	-0.6358	0.0000
0.5037	0.7201	-1.0000
-0.0976	0.3947	-2.0000
-0.4185	0.3926	-1.0000
0.0860	-0.6274	-1.0000
0.3559	-0.4675	-2.0000
0.5285	0.0296	-2.0000
0.4982	0.8548	0.0000
-0.6911	0.2571	0.0000
-0.1380	-0.4818	-2.0000
0.4753	0.7857	-2.0000
0.4396	0.8297	-1.0000
-0.4444	0.3677	-1.0000
0.4262	0.7686	-2.0000
0.4045	0.8269	-1.0000
0.1862	-0.0178	-3.0000
-0.2884	-0.1054	-3.0000
-0.5800	0.4471	0.0000
0.4376	-0.0213	-2.0000
0.3038	0.8334	0.0000
0.4225	0.7725	-2.0000
-0.4658	0.1204	-2.0000
-0.6961	0.0306	-1.0000
-0.3545	-0.4838	-1.0000
-0.2073	-0.5225	-1.0000
0.2370	0.0820	-3.0000
-0.2737	0.4870	-1.0000
0.5979	-0.5094	0.0000
0.6673	0.0392	0.0000
0.0821	-0.4604	-2.0000
0.4638	-0.4200	-1.0000
0.0111	-0.4862	-2.0000
0.2532	-0.6245	-1.0000
0.4633	0.8397	-1.0000
0.4767	0.7904	-2.0000
0.4823	0.7358	-2.0000
0.6465	-0.0564	0.0000
0.3682	-0.2050	-3.0000
0.4988	0.8589	0.0000
-0.5864	0.4466	0.0000
0.4841	0.8507	-1.0000
-0.1533	0.0820	-3.0000
0.4484	0.7870	-2.0000
0.4122	0.7835	-2.0000
-0.7455	-0.0690	-1.0000
0.6079	0.0531	-1.0000
0.5719	0.0593	-1.0000
0.3523	0.7853	-2.0000
0.5012	0.8575	0.0000
0.2762	0.0010	-3.0000
0.4994	0.8605	0.0000
0.4910	-0.1189	-2.0000
0.6379	-0.0317	0.0000
-0.8943	0.0093	0.0000
0.0146	-0.5941	-1.0000
-0.8591	-0.1488	0.0000
0.4659	0.7247	-2.0000
0.3470	-0.5603	-1.0000
0.5743	-0.4784	0.0000
0.0716	-0.2606	-3.0000
0.4869	0.8338	-1.0000
-0.0110	-0.2773	-3.0000
0.6067	-0.5408	0.0000
0.4052	0.8370	-1.0000
0.4001	0.8354	-1.0000
-0.9744	-0.0220	0.0000
-0.0079	-0.1862	-3.0000
0.4005	0.8437	0.0000
0.4354	0.7477	-2.0000
-0.6774	-0.0996	-1.0000
0.5188	-0.4476	-1.0000
-0.3889	-0.0388	-3.0000
0.1041	0.1645	-3.0000
0.0015	-0.4442	-2.0000
-0.3037	0.2899	-2.0000
-0.0892	-0.2436	-3.0000
0.5531	0.7607	0.0000
-0.2944	0.1460	-3.0000
-0.2061	-0.4535	-2.0000
0.2587	0.0912	-3.0000
0.4161	-0.8468	0.0000
-0.5741	-0.2457	-1.0000
-0.0145	-0.6848	0.0000
-0.4904	0.0845	-2.0000
0.1911	-0.0099	-3.0000
0.3734	0.7812	-2.0000
0.3426	0.0327	-3.0000
-0.0455	-0.2965	-3.0000
0.4359	0.7737	-2.0000
0.4232	0.7390	-2.0000
0.4527	0.8607	0.0000
0.5966	-0.0879	-1.0000
0.5793	-0.4518	-1.0000
0.2520	-0.7656	0.0000
-0.3438	0.5635	0.0000
0.5223	0.7985	0.0000
0.4610	0.8488	-1.0000
-0.0911	-0.0724	-3.0000
0.0145	-0.5420	-2.0000
-0.3200	-0.2936	-2.0000
-0.0436	0.2774	-3.0000
-0.6998	0.1871	-1.0000
-0.2526	0.4245	-2.0000
-0.0902	0.1520	-3.0000
-0.1650	-0.1920	-3.0000
0.3413	-0.3040	-2.0000
0.0781	0.0399	-3.0000
-0.3368	0.4268	-1.0000
-0.0212	0.1497	-3.0000
-0.0671	-0.4150	-2.0000
0.3376	-0.5658	-1.0000
-0.8514	-0.1765	0.0000
0.3933	-0.8427	0.0000
0.5438	-0.7224	0.0000
0.4403	0.7917	-2.0000
0.4820	0.7903	-2.0000
0.4487	0.0859	-2.0000
0.3455	-0.7429	0.0000
0.4821	0.0059	-2.0000
-0.7078	0.2579	0.0000
-0.0219	-0.0778	-3.0000
0.5586	0.7270	0.0000
0.6531	-0.3990	0.0000
-0.3488	-0.5725	0.0000
0.6755	-0.0811	0.0000
-0.5392	0.3675	-1.0000
0.3899	0.0733	-3.0000
0.4372	0.8332	-1.0000
0.5805	-0.6386	0.0000
0.1992	-0.0018	-3.0000
0.5674	-0.5419	0.0000
-0.3361	0.1908	-3.0000
-0.3306	0.2022	-3.0000
-0.2815	0.5634	0.0000
-0.3976	-0.0813	-3.0000
-0.4964	-0.5106	0.0000
-0.1102	-0.3262	-3.0000
-0.7087	-0.1339	-1.0000
0.4471	0.8528	0.0000
0.2792	-0.8465	0.0000
-0.8056	0.1062	0.0000
-0.8311	0.0126	0.0000
0.0299	-0.5543	-2.0000
0.6003	-0.6313	0.0000
-0.2754	-0.2712	-2.0000
0.5195	0.8101	0.0000
-0.3218	-0.1931	-3.0000
-0.7745	0.1253	-1.0000
-0.4217	-0.2600	-2.0000
0.2967	0.1481	-3.0000
-0.3258	-0.4433	-1.0000
-0.4878	-0.4213	-1.0000
0.0701	-0.7968	0.0000
-0.2749	-0.3479	-2.0000
0.2244	-0.7840	0.0000
0.3860	0.8557	0.0000
0.4396	-0.5475	-1.0000
0.2227	-0.4973	-2.0000
0.3286	-0.2310	-3.0000
-0.1891	-0.2995	-3.0000
0.5495	0.7021	0.0000
-0.4962	0.2771	-1.0000
0.4639	0.8402	-1.0000
0.1289	0.0393	-3.0000
0.3556	-0.8128	0.0000
0.2124	0.0856	-3.0000
0.3591	-0.6525	-1.0000
0.4958	0.8610	0.0000
0.0724	0.1693	-3.0000
-0.2327	0.1117	-3.0000
0.4595	-0.5584	-1.0000
-0.6813	-0.1280	-1.0000
0.4514	0.7656	-2.0000
-0.9136	0.0323	0.0000
0.3708	-0.4429	-2.0000
-0.1588	-0.2299	-3.0000
0.0593	-0.2078	-3.0000
-0.3815	0.0184	-3.0000
-0.1191	-0.0948	-3.0000
0.3972	-0.1910	-2.0000
0.5268	0.7420	-1.0000
0.5121	0.8405	0.0000
0.5320	0.8037	0.0000
0.3708	-0.1672	-3.0000
-0.3477	0.3661	-2.0000
-0.0150	0.2806	-3.0000
0.4484	0.7934	-2.0000
-0.3642	-0.1837	-2.0000
0.4983	0.8658	0.0000
0.5807	-0.0530	-1.0000
-0.1894	-0.1505	-3.0000
0.4143	-0.0912	-3.0000
-0.1151	-0.2268	-3.0000
0.3947	0.8528	0.0000
0.0532	0.2433	-3.0000
-0.4397	0.1272	-2.0000
0.4530	-0.2046	-2.0000
-0.6810	0.1076	-1.0000
0.6827	-0.2666	0.0000
-0.2980	-0.3196	-2.0000
0.4926	0.8639	0.0000
0.4664	-0.1931	-2.0000
-0.3486	0.1909	-2.0000
-0.3249	0.5857	0.0000
-0.0578	-0.7115	0.0000
-0.0695	-0.4664	-2.0000
0.1581	-0.3315	-3.0000
0.1815	-0.3933	-3.0000
0.3070	-0.6231	-1.0000
-0.0779	0.0287	-3.0000
-0.1137	0.0763	-3.0000
0.6700	-0.2076	0.0000
0.3045	0.0213	-3.0000
0.4358	0.8579	0.0000
-0.0462	-0.1403	-3.0000
-0.2743	-0.0962	-3.0000
-0.5452	-0.1598	-2.0000
0.0187	-0.1663	-3.0000
-0.7186	-0.0668	-1.0000
-0.6963	-0.0991	-1.0000
0.4909	0.7308	-2.0000
0.6013	-0.5887	0.0000
0.4526	-0.4321	-2.0000
-0.6552	-0.1140	-1.0000
-0.6059	-0.0115	-2.0000
0.5226	0.8233	0.0000
0.3929	0.7972	-2.0000
-0.6223	-0.1089	-2.0000
-0.0782	-0.5466	-2.0000
-0.7547	0.0278	-1.0000
0.5018	0.8621	0.0000
0.4958	-0.6037	-1.0000
-0.6455	-0.1729	-1.0000
0.6364	-0.2116	0.0000
0.4761	0.7136	-2.0000
0.4196	0.0602	-3.0000
-0.1673	-0.0253	-3.0000
0.5288	0.7730	0.0000
0.4742	0.8404	-1.0000
-0.7075	-0.2763	0.0000
0.5332	0.7817	0.0000
0.1987	-0.5857	-2.0000
-0.3134	0.2141	-3.0000
-0.5640	-0.0777	-2.0000
-0.6067	0.0496	-2.0000
0.5191	0.7632	-1.0000
-0.9379	0.0396	0.0000
-0.3174	-0.3193	-2.0000
0.4816	-0.0702	-2.0000
0.1013	-0.0419	-3.0000
-0.1080	-0.0536	-3.0000
-0.4078	0.3899	-1.0000
0.4423	-0.5871	-1.0000
-0.9263	-0.1040	0.0000
-0.1233	-0.4193	-2.0000
-0.2210	0.2845	-3.0000
0.4669	0.8628	0.0000
-0.4488	-0.4216	-1.0000
0.5379	-0.5100	-1.0000
-0.0715	-0.0779	-3.0000
0.4317	0.1004	-2.0000
-0.2983	-0.4908	-1.0000
-0.2493	0.4923	-1.0000
0.6886	-0.2323	0.0000
0.4899	-0.2651	-2.0000
-0.8080	0.2210	0.0000
-0.6103	0.0527	-2.0000
-0.4614	0.2465	-2.0000
0.5172	0.7943	-1.0000
0.1876	-0.7287	0.0000
0.2219	-0.5162	-2.0000
-0.3821	0.5221	0.0000
0.2270	-0.6843	-1.0000
-0.7508	0.0252	-1.0000
0.6301	-0.2654	0.0000
0.0305	0.0745	-3.0000
0.4946	-0.3406	-1.0000
-0.8159	-0.2301	0.0000
-0.3915	-0.1991	-2.0000
0.6190	-0.0673	-1.0000
-0.0363	0.0803	-3.0000
-0.0384	-0.4149	-2.0000
-0.1884	-0.1844	-3.0000
-0.2343	-0.1411	-3.0000
0.5401	0.6908	0.0000
-0.3668	0.5208	0.0000
0.0544	-0.2803	-3.0000
0.1670	0.1741	-3.0000
-0.3423	-0.3133	-2.0000
-0.2054	-0.5435	-1.0000
-0.4313	0.5272	0.0000
0.5018	0.7453	-1.0000
0.4839	0.8397	-1.0000
-0.3486	-0.4679	-1.0000
0.6306	-0.3211	0.0000
-0.3759	-0.5957	0.0000
0.6045	-0.3741	0.0000
0.5189	0.7046	-1.0000
0.5804	0.6953	0.0000
-0.7805	-0.2616	0.0000
0.1855	-0.3955	-3.0000
-0.1561	0.0345	-3.0000
0.4281	0.7877	-2.0000
0.3175	-0.0284	-3.0000
0.4790	0.8410	-1.0000
-0.1946	0.3828	-2.0000
0.3375	0.0850	-3.0000
-0.6916	0.2426	-1.0000
0.5705	0.6885	0.0000
-0.1462	0.3241	-3.0000
0.5146	-0.0716	-2.0000
-0.3461	0.2589	-2.0000
0.3941	-0.8025	0.0000
0.4722	0.8346	-1.0000
-0.6847	0.0348	-1.0000
0.5088	0.7090	-1.0000
0.4297	-0.3056	-2.0000
-0.0370	-0.5251	-2.0000
0.1846	0.0592	-3.0000
-0.0407	0.2738	-3.0000
0.0424	-0.1680	-3.0000
-0.0159	-0.1237	-3.0000
0.5282	0.7728	0.0000
-0.4735	-0.1161	-2.0000
0.4789	-0.7959	0.0000
-0.1685	-0.0967	-3.0000
-0.3401	-0.1000	-3.0000
-0.2072	0.1713	-3.0000
0.1991	-0.6123	-1.0000
-0.3588	-0.6037	0.0000
-0.8187	-0.0975	0.0000
0.3619	0.1201	-3.0000
0.3008	0.8466	0.0000
0.1657	-0.5313	-2.0000
0.6240	-0.0965	-1.0000
-0.1121	-0.4056	-2.0000
0.4737	-0.2164	-2.0000
0.4539	0.7721	-2.0000
-0.5315	-0.0563	-2.0000
0.1776	-0.2020	-3.0000
0.4479	0.8358	-1.0000
-0.5890	-0.3116	-1.0000
0.1514	0.1612	-3.0000
-0.0206	-0.5443	-2.0000
0.4820	0.8473	-1.0000
0.5231	0.0825	-2.0000
0.4978	0.8660	0.0000
0.5871	-0.6421	0.0000
0.5666	-0.3714	-1.0000
0.2959	0.8477	0.0000
0.4865	0.7624	-2.0000
0.5325	-0.4352	-1.0000
-0.8713	-0.0990	0.0000
0.3946	-0.2673	-2.0000
0.3807	-0.0380	-3.0000
-0.0340	-0.0664	-3.0000
0.3692	-0.8082	0.0000
0.0521	0.1722	-3.0000
0.3680	0.7674	-2.0000
-0.6170	-0.0770	-2.0000
0.0671	-0.1258	-3.0000
0.3747	0.7830	-2.0000
0.4257	0.8541	0.0000
-0.0353	-0.4181	-2.0000
0.4739	-0.5106	-1.0000
0.2048	-0.0315	-3.0000
-0.1815	0.1990	-3.0000
0.3720	0.7776	-2.0000
0.7032	-0.0288	0.0000
-0.3968	-0.4129	-1.0000
0.6106	-0.4205	0.0000
0.4741	0.8431	-1.0000
0.4210	0.7844	-2.0000
0.4887	0.8270	-1.0000
-0.5863	0.3390	-1.0000
-0.1021	-0.0171	-3.0000
0.3018	-0.4624	-2.0000
0.6261	0.0536	0.0000
-0.0495	-0.2734	-3.0000
0.4455	-0.7707	0.0000
-0.4997	-0.0117	-2.0000
0.1325	-0.3744	-3.0000
0.1289	0.2077	-3.0000
-0.1360	0.2479	-3.0000
-0.9070	-0.0274	0.0000
0.0957	0.2474	-3.0000
0.6642	-0.0730	0.0000
-0.3401	0.2906	-2.0000
-0.5576	0.2865	-1.0000
0.5034	0.8266	-1.0000
0.5279	-0.2178	-1.0000
-0.5795	-0.3672	0.0000
0.4700	0.8376	-1.0000
0.3028	-0.7273	-1.0000
-0.3370	0.1769	-3.0000
-0.7038	0.3440	0.0000
0.0945	-0.0952	-3.0000
-0.8937	-0.0773	0.0000
-0.4080	0.0803	-3.0000
0.4994	0.8660	0.0000
-0.4368	-0.2151	-2.0000
0.3819	-0.8555	0.0000
-0.3283	-0.0715	-3.0000
0.6603	-0.3909	0.0000
-0.4692	0.1453	-2.0000
0.3219	0.0312	-3.0000
0.4159	0.7635	-2.0000
-0.6400	-0.3781	0.0000
-0.1922	-0.2128	-3.0000
0.3445	0.1379	-3.0000
0.4957	0.8234	-1.0000
0.4895	0.8550	0.0000
0.1888	-0.1408	-3.0000
-0.5023	-0.2724	-2.0000
-0.4566	0.4281	-1.0000
-0.1138	0.3245	-3.0000
-0.2102	-0.4916	-1.0000
-0.5177	0.4555	0.0000
0.4167	0.0867	-3.0000
-0.9010	0.1036	0.0000
0.3429	0.8271	0.0000
-0.4806	-0.3122	-2.0000
-0.6311	0.3542	0.0000
0.4129	-0.4136	-2.0000
-0.5763	-0.4249	0.0000
-0.8333	-0.1997	0.0000
0.2729	-0.4693	-2.0000
0.5830	-0.5849	0.0000
-0.5561	0.0392	-2.0000
0.0384	-0.5650	-2.0000
0.4623	0.7688	-2.0000
-0.4084	0.3441	-2.0000
-0.5326	-0.2431	-2.0000
0.4340	0.8583	0.0000
-0.5163	-0.4327	0.0000
-0.2529	0.3208	-2.0000
0.4666	0.8484	-1.0000
-0.0519	-0.0914	-3.0000
0.0695	-0.2805	-3.0000
0.4222	-0.2047	-2.0000
0.0969	-0.0355	-3.0000
-0.2515	-0.6024	0.0000
0.4171	0.8353	-1.0000
-0.0375	-0.5993	-1.0000
-0.9288	-0.0686	0.0000
0.4929	0.8552	0.0000
0.4119	-0.3723	-2.0000
-0.2848	0.3897	-2.0000
0.0670	0.2125	-3.0000
-0.3008	0.2175	-3.0000
0.5045	0.8513	0.0000
-0.0254	0.2350	-3.0000
-0.3717	0.4008	-1.0000
0.5097	-0.2347	-2.0000
0.1180	0.2567	-3.0000
0.3256	-0.8175	0.0000
0.4910	0.8487	-1.0000
-0.2028	0.1685	-3.0000
0.2974	-0.1014	-3.0000
0.4453	0.8639	0.0000
-0.3488	-0.4718	-1.0000
0.0406	-0.6441	-1.0000
-0.7295	-0.0701	-1.0000
-0.7731	-0.2504	0.0000
-0.5833	0.2727	-1.0000
0.4926	0.7691	-2.0000
-0.0465	0.2601	-3.0000
-0.0240	0.2886	-3.0000
-0.1953	0.4685	-2.0000
0.4994	0.7670	-1.0000
0.4069	-0.2515	-2.0000
-0.4953	-0.2896	-2.0000
-0.1443	-0.7081	0.0000
-0.9136	-0.0861	0.0000
-0.5751	0.1871	-2.0000
0.5791	-0.7011	0.0000
0.4775	-0.0099	-2.0000
-0.2236	0.4264	-2.0000
0.5087	-0.4598	-1.0000
-0.0949	0.3698	-3.0000
-0.1536	-0.1159	-3.0000
0.4538	0.8629	0.0000
0.5064	0.0205	-2.0000
-0.1222	-0.2449	-3.0000
-0.5003	0.2211	-2.0000
-0.5361	0.3092	-1.0000
-0.8954	0.0989	0.0000
0.1655	-0.7528	0.0000
0.3878	0.8581	0.0000
-0.0199	-0.5721	-1.0000
-0.1767	0.1932	-3.0000
-0.5170	-0.2840	-1.0000
0.4248	0.8258	-1.0000
-0.3566	-0.3118	-2.0000
0.0351	0.0123	-3.0000
-0.6345	-0.1345	-1.0000
-0.2948	-0.0457	-3.0000
0.4984	0.8434	-1.0000
0.2520	-0.2828	-3.0000
0.3744	0.8206	-1.0000
-0.3492	0.6143	0.0000
0.4510	-0.4552	-1.0000
-0.2622	0.1045	-3.0000
-0.3235	-0.4687	-1.0000
0.4556	0.7643	-2.0000
-0.1884	0.2295	-3.0000
0.0088	0.1343	-3.0000
0.4627	0.8019	-2.0000
0.0111	0.0971	-3.0000
-0.1831	0.4074	-2.0000
-0.1196	-0.3250	-3.0000
0.4055	0.7815	-2.0000
0.3990	-0.8585	0.0000
-0.1737	0.3091	-3.0000
-0.0649	-0.1292	-3.0000
-0.6708	-0.0743	-1.0000
-0.6408	0.3412	0.0000
0.4107	0.8300	-1.0000
-0.1586	0.3151	-3.0000
0.2388	-0.1724	-3.0000
0.6780	-0.2894	0.0000
-0.1852	0.2388	-3.0000
0.5524	-0.0349	-1.0000
0.4408	0.7782	-2.0000
-0.0984	0.3133	-3.0000
-0.6072	0.2099	-1.0000
-0.8478	0.0717	0.0000
0.4960	0.8579	0.0000
-0.3205	0.1855	-3.0000
-0.4050	-0.1498	-2.0000
0.1990	-0.7194	-1.0000
-0.1490	0.2678	-3.0000
0.2864	-0.1134	-3.0000
-0.0425	0.0368	-3.0000
-0.3546	-0.5389	0.0000
-0.2662	-0.1367	-3.0000
0.0236	-0.5596	-2.0000
0.3881	-0.1546	-3.0000
-0.4182	-0.0630	-3.0000
0.4782	-0.4652	-1.0000
-0.2412	0.3309	-2.0000
-0.2378	-0.3574	-2.0000
0.0651	0.2791	-3.0000
-0.6069	0.4306	0.0000
-0.7250	0.1255	-1.0000
0.0171	-0.0902	-3.0000
0.4380	0.7324	-2.0000
0.0599	0.1193	-3.0000
-0.4765	-0.4488	0.0000
0.3502	0.1453	-3.0000
0.4830	0.8399	-1.0000
-0.2785	0.0659	-3.0000
0.3757	-0.3383	-2.0000
0.2894	-0.7829	0.0000
-0.0771	0.2157	-3.0000
0.4089	0.7678	-2.0000
0.2039	0.0460	-3.0000
0.3649	0.8014	-1.0000
-0.0931	-0.6704	0.0000
0.3870	0.8285	-1.0000
0.4404	0.8071	-2.0000
0.3889	0.8043	-2.0000
-0.8817	0.1367	0.0000
-0.4423	0.5157	0.0000
-0.6469	-0.0362	-1.0000
0.2652	-0.3325	-3.0000
-0.2076	0.2885	-3.0000
0.3067	0.1203	-3.0000
-0.4678	0.4355	-1.0000
-0.2927	0.5992	0.0000
0.4219	0.7973	-2.0000
0.4691	0.7650	-2.0000
-0.5442	0.2648	-1.0000
0.1377	-0.3646	-3.0000
0.4109	-0.6624	-1.0000
0.5533	0.0384	-1.0000
0.5878	-0.4630	0.0000
-0.2360	0.0774	-3.0000
0.3305	-0.5196	-2.0000
0.2927	-0.1691	-3.0000
0.4194	0.7947	-2.0000
0.2319	-0.5486	-2.0000
-0.5666	0.1336	-2.0000
-0.9393	0.0353	0.0000
-0.1133	-0.4904	-2.0000
-0.6164	0.1804	-1.0000
0.3545	0.0903	-3.0000
0.5886	-0.3303	-1.0000
0.4091	0.8351	-1.0000
0.0810	-0.4242	-3.0000
0.4219	0.7513	-2.0000
0.4996	0.7499	-1.0000
-0.1803	-0.1023	-3.0000
0.4992	0.8658	0.0000
-0.7005	0.2144	-1.0000
0.4767	0.8643	0.0000
0.6540	-0.2095	0.0000
0.0775	-0.5688	-2.0000
0.2685	0.1755	-3.0000
0.3673	-0.4503	-2.0000
-0.1889	-0.3070	-3.0000
-0.0529	-0.6747	0.0000
-0.2474	0.3666	-2.0000
-0.5868	0.4178	0.0000
-0.4880	0.1690	-2.0000
0.6014	-0.2877	-1.0000
0.5596	0.6791	0.0000
0.5578	-0.5312	0.0000
-0.4765	-0.1736	-2.0000
-0.1280	-0.4598	-2.0000
-0.5608	-0.4250	0.0000
0.4412	-0.0272	-2.0000
0.3416	0.8334	0.0000
-0.0058	0.2538	-3.0000
-0.9518	0.0303	0.0000
-0.2962	-0.3203	-2.0000
0.3863	0.7969	-2.0000
0.2911	-0.5050	-2.0000
0.3408	-0.7846	0.0000
0.0876	-0.4961	-2.0000
0.3895	-0.1548	-3.0000
-0.4158	0.3449	-2.0000
-0.6126	-0.3127	-1.0000
0.4885	0.8414	-1.0000
0.5197	0.7419	-1.0000
-0.1121	0.1990	-3.0000
-0.4427	0.1196	-2.0000
-0.0723	0.2190	-3.0000
0.0196	-0.2150	-3.0000
0.4331	0.8331	-1.0000
0.2149	-0.4601	-2.0000
-0.7848	0.2730	0.0000
0.4709	-0.8153	0.0000
0.5617	0.7141	0.0000
0.5147	0.8142	0.0000
0.5202	0.7111	-1.0000
0.4962	0.7671	-1.0000
0.5701	0.0508	-1.0000
0.4953	0.8483	-1.0000
-0.3096	0.0656	-3.0000
-0.5825	0.4044	0.0000
0.3434	0.8216	-1.0000
-0.7043	0.1628	-1.0000
-0.3608	-0.5739	0.0000
0.3252	-0.6239	-1.0000
0.3394	-0.0656	-3.0000
0.4780	0.7563	-2.0000
0.1326	0.0702	-3.0000
0.1919	-0.4739	-2.0000
-0.1821	0.3025	-3.0000
0.5535	-0.6653	0.0000
-0.5137	0.3929	-1.0000
0.0877	-0.1294	-3.0000
0.4364	-0.4841	-1.0000
0.1428	0.1673	-3.0000
-0.9102	-0.0284	0.0000
-0.2938	0.2571	-3.0000
0.4920	0.7224	-2.0000
0.1249	0.0727	-3.0000
0.4622	0.8569	0.0000
0.6066	-0.0195	-1.0000
-0.2530	0.4083	-2.0000
0.0098	-0.0697	-3.0000
-0.4096	0.3141	-2.0000
0.1087	-0.4546	-2.0000
0.4064	0.8270	-1.0000
-0.6305	0.0027	-2.0000
0.6305	-0.1017	-1.0000
0.0015	-0.1102	-3.0000
-0.7653	0.1649	0.0000
-0.7134	0.0957	-1.0000
0.0319	-0.6688	-1.0000
-0.5075	-0.2314	-2.0000
0.4490	0.7993	-2.0000
-0.0360	0.3477	-3.0000
-0.8262	-0.1146	0.0000
0.5194	0.7918	-1.0000
0.4236	0.8239	-1.0000
0.5014	-0.0869	-2.0000
0.4813	-0.2432	-2.0000
0.6875	-0.1686	0.0000
-0.1884	-0.2237	-3.0000
0.5349	-0.1514	-2.0000
0.2376	-0.6154	-1.0000
0.4247	0.1002	-3.0000
-0.4444	-0.0167	-2.0000
-0.4767	0.0135	-2.0000
0.5015	0.8306	-1.0000
-0.4638	0.2000	-2.0000
0.1383	-0.5234	-2.0000
0.5215	0.8075	0.0000
0.6218	-0.5503	0.0000
-0.4131	-0.2077	-2.0000
-0.2230	0.5152	-1.0000
0.4744	0.8435	-1.0000
0.4807	0.8647	0.0000
0.4517	-0.7150	0.0000
0.5489	-0.2604	-1.0000
-0.7682	0.0831	-1.0000
-0.1300	-0.5254	-1.0000
-0.0449	-0.5518	-2.0000
0.4659	0.8156	-2.0000
-0.0932	0.1241	-3.0000
0.4730	0.7960	-2.0000
-0.3127	0.5071	-1.0000
-0.7005	-0.3246	0.0000
-0.3393	-0.4327	-1.0000
-0.4941	-0.0001	-2.0000
0.4951	0.8593	0.0000
0.5116	0.8435	0.0000
-0.4559	-0.3761	-1.0000
-0.4631	0.4096	-1.0000
0.3062	-0.3259	-3.0000
0.1449	-0.3945	-3.0000
0.0811	-0.2709	-3.0000
0.6275	-0.1135	-1.0000
0.4358	0.8508	-1.0000
-0.1662	0.0461	-3.0000
-0.4847	0.3228	-1.0000
-0.2752	0.2722	-3.0000
0.2033	-0.0632	-3.0000
0.3327	-0.2891	-3.0000
0.0912	-0.5186	-2.0000
-0.3134	0.2852	-2.0000
-0.7588	0.1579	-1.0000
-0.1006	0.0389	-3.0000
0.0486	-0.3255	-3.0000
0.5413	-0.7041	0.0000
0.1081	-0.6704	-1.0000
0.3795	0.8520	0.0000
0.4394	-0.4093	-2.0000
-0.5372	-0.4392	0.0000
0.6220	-0.1817	-1.0000
-0.2808	-0.0036	-3.0000
0.5384	-0.5034	-1.0000
0.3287	-0.0593	-3.0000
0.6938	0.0303	0.0000
0.5154	-0.0912	-2.0000
0.4026	0.7993	-2.0000
-0.1463	-0.6815	0.0000
0.4580	-0.3349	-2.0000
0.3087	0.0310	-3.0000
0.0131	0.3194	-3.0000
0.3101	-0.5545	-2.0000
-0.2534	-0.5481	-1.0000
-0.0146	-0.6406	-1.0000
0.4234	0.7985	-2.0000
0.5206	-0.4424	-1.0000
0.4559	0.0068	-2.0000
0.5825	-0.1479	-1.0000
0.5013	-0.8494	0.0000
0.3990	0.0601	-3.0000
0.3767	0.7835	-2.0000
-0.7070	-0.3252	0.0000
-0.4503	-0.5158	0.0000
0.4432	0.8572	0.0000
-0.3302	-0.1258	-3.0000
-0.8255	-0.1727	0.0000
-0.4027	-0.0427	-3.0000
0.5060	-0.8506	0.0000
0.3805	0.8385	0.0000
-0.8483	0.1404	0.0000
0.4461	0.8563	0.0000
-0.0638	-0.2078	-3.0000
0.3826	0.7529	-2.0000
-0.2164	-0.2443	-3.0000
-0.5415	0.1237	-2.0000
0.3400	-0.3608	-2.0000
-0.5470	0.1774	-2.0000
0.3341	-0.3701	-2.0000
-0.1541	0.2010	-3.0000
-0.2173	-0.5830	-1.0000
-0.3310	-0.2579	-2.0000
-0.3421	-0.1015	-3.0000
0.5458	0.6835	0.0000
0.3289	-0.1091	-3.0000
-0.2272	0.3725	-2.0000
0.4533	-0.2533	-2.0000
0.4491	0.8130	-2.0000
0.6002	-0.3611	-1.0000
-0.1761	0.2795	-3.0000
0.3914	0.7842	-2.0000
0.4543	-0.7667	0.0000
-0.0979	0.1492	-3.0000
-0.0838	0.2511	-3.0000
0.3654	-0.5160	-2.0000
-0.9502	0.0421	0.0000
0.4668	0.7616	-2.0000
-0.0336	-0.1374	-3.0000
-0.0535	0.0478	-3.0000
-0.0774	-0.5679	-1.0000
-0.5695	0.0810	-2.0000
0.4555	-0.3082	-2.0000
0.0329	-0.5302	-2.0000
0.0412	0.0153	-3.0000
0.3720	0.7819	-2.0000
0.4972	0.8595	0.0000
0.1196	-0.1030	-3.0000
0.6918	-0.2378	0.0000
-0.7429	-0.2011	-1.0000
0.2520	-0.2580	-3.0000
0.3160	-0.3324	-2.0000
0.0954	-0.4451	-2.0000
0.4984	0.8233	-1.0000
0.5280	-0.7842	0.0000
0.6341	-0.3062	0.0000
-0.5133	-0.2954	-1.0000
0.4488	-0.7609	0.0000
0.5050	0.8486	0.0000
0.3975	-0.5991	-1.0000
-0.4892	-0.4632	0.0000
-0.2070	-0.5895	-1.0000
0.2565	0.1570	-3.0000
0.4856	0.8594	0.0000
0.2598	-0.7164	-1.0000
-0.4581	0.0623	-2.0000
0.4929	-0.1217	-2.0000
-0.6557	0.3313	0.0000
-0.5699	0.0558	-2.0000
-0.2880	0.6045	0.0000
0.5080	0.7468	-1.0000
-0.2265	0.0046	-3.0000
-0.2679	-0.5636	-1.0000
-0.5026	-0.3080	-1.0000
0.2629	-0.3605	-3.0000
-0.1646	0.0929	-3.0000
-0.5224	-0.0837	-2.0000
0.3353	-0.1135	-3.0000
-0.1873	0.4093	-2.0000
0.2322	-0.5012	-2.0000
0.3480	0.8263	-1.0000
-0.4245	-0.3888	-1.0000
0.3779	-0.6389	-1.0000
0.2851	-0.6120	-1.0000
-0.0385	-0.1318	-3.0000
0.0591	-0.6307	-1.0000
0.6216	-0.5259	0.0000
-0.3499	-0.1950	-3.0000
0.2081	-0.6516	-1.0000
-0.4732	0.1693	-2.0000
0.5004	0.8609	0.0000
0.1878	-0.5298	-2.0000
0.0732	0.1212	-3.0000
-0.4239	-0.2758	-2.0000
0.3306	-0.4988	-2.0000
0.6460	-0.1826	0.0000
0.5138	0.7825	-1.0000
0.5407	0.7816	0.0000
-0.0808	-0.3156	-3.0000
0.1919	-0.7606	0.0000
0.2756	-0.5491	-2.0000
-0.8694	-0.1142	0.0000
0.4453	0.7883	-2.0000
-0.7360	0.1762	-1.0000
-0.1977	-0.3191	-2.0000
0.5016	0.8517	0.0000
0.2012	0.0686	-3.0000
0.6343	-0.3799	0.0000
0.1867	0.1212	-3.0000
-0.0884	-0.6919	0.0000
0.4353	0.8509	0.0000
0.0822	0.2549	-3.0000
0.4239	-0.4681	-2.0000
-0.2842	0.3791	-2.0000
0.0526	-0.0158	-3.0000
0.4245	0.0826	-3.0000
-0.0189	-0.3906	-2.0000
-0.0495	0.3642	-2.0000
-0.1118	0.0522	-3.0000
0.3348	-0.2768	-3.0000
0.1576	-0.2095	-3.0000
-0.3557	0.4041	-2.0000
0.4421	0.7388	-2.0000
-0.8693	-0.0838	0.0000
-0.6227	-0.2402	-1.0000
-0.1702	0.3516	-3.0000
-0.3155	0.4504	-1.0000
0.3921	0.7702	-2.0000
0.2464	-0.2032	-3.0000
-0.0514	0.2165	-3.0000
0.3862	0.8224	-1.0000
-0.5400	-0.2462	-2.0000
-0.3122	-0.2929	-2.0000
-0.7230	-0.0571	-1.0000
-0.6962	0.1524	-1.0000
0.5241	0.8015	0.0000
0.1247	0.2165	-3.0000
0.4951	0.8408	-1.0000
0.4394	0.8287	-1.0000
0.0712	-0.6462	-1.0000
-0.5673	0.0648	-2.0000
-0.0363	-0.6351	-1.0000
0.2998	0.8460	0.0000
-0.5760	0.3335	-1.0000
0.2318	-0.3096	-3.0000
0.1016	-0.0433	-3.0000
0.4110	-0.6419	-1.0000
0.3868	-0.7380	0.0000
-0.3223	-0.0404	-3.0000
0.1145	-0.5942	-2.0000
-0.1802	0.1062	-3.0000
-0.3584	0.2362	-2.0000
0.5516	-0.2381	-1.0000
0.1665	-0.1807	-3.0000
-0.1058	-0.6840	0.0000
-0.5964	-0.3800	0.0000
-0.2704	-0.0144	-3.0000
-0.6197	0.1872	-1.0000
-0.4316	-0.4775	0.0000
0.4377	0.7880	-2.0000
0.4886	0.8570	0.0000
-0.3191	-0.1051	-3.0000
-0.2284	-0.5391	-1.0000
0.3573	-0.8556	0.0000
0.3712	0.8333	0.0000
0.1904	-0.7488	0.0000
0.4885	0.7881	-1.0000
0.1743	-0.8045	0.0000
0.3625	-0.0747	-3.0000
0.4450	0.8101	-2.0000
0.4278	-0.5528	-1.0000
-0.2026	0.3282	-3.0000
0.4875	-0.1369	-2.0000
-0.2179	-0.0931	-3.0000
0.4370	0.8502	-1.0000
0.4344	0.0138	-2.0000
0.4149	0.8228	-1.0000
-0.0677	-0.0123	-3.0000
-0.3879	0.2338	-2.0000
0.6050	-0.0015	-1.0000
-0.0793	-0.6399	-1.0000
-0.4130	-0.3727	-2.0000
-0.2496	-0.0114	-3.0000
0.3901	-0.2898	-2.0000
0.5847	-0.0595	-1.0000
0.4649	0.8234	-2.0000
0.3379	-0.2982	-2.0000
-0.5722	-0.1077	-2.0000
-0.4244	-0.2870	-2.0000
0.3653	0.8314	-1.0000
-0.6172	-0.1765	-1.0000
0.3505	-0.2147	-3.0000
0.1206	-0.2415	-3.0000
-0.0938	0.3069	-3.0000
0.6458	-0.1676	0.0000
0.1372	-0.2400	-3.0000
0.2972	0.1209	-3.0000
0.0876	0.0569	-3.0000
-0.6204	0.3962	0.0000
0.4741	-0.5459	-1.0000
0.3952	0.8229	-1.0000
-0.6380	-0.1559	-1.0000
0.4906	0.8341	-1.0000
-0.5322	-0.2749	-1.0000
0.5233	-0.6892	0.0000
0.6451	0.0192	0.0000
-0.2550	0.5134	-1.0000
-0.7178	-0.1839	-1.0000
-0.1095	0.2787	-3.0000
-0.4260	0.3499	-2.0000
0.5703	0.0449	-1.0000
0.6941	0.0441	0.0000
-0.8938	0.1477	0.0000
-0.4301	-0.3891	-1.0000
0.6272	0.0255	-1.0000
0.5091	-0.5079	-1.0000
0.3704	0.8453	0.0000
-0.1225	-0.5207	-2.0000
-0.6312	-0.0477	-2.0000
0.4457	-0.0030	-2.0000
-0.1987	-0.6837	0.0000
-0.4868	0.5238	0.0000
0.4977	0.8652	0.0000
-0.0312	-0.6217	-1.0000
-0.1138	0.1251	-3.0000
0.3385	0.7996	-1.0000
0.0350	0.0339	-3.0000
-0.7023	0.2256	-1.0000
0.4397	-0.0511	-2.0000
-0.3603	-0.0012	-3.0000
0.3925	0.8392	0.0000
0.2784	-0.1139	-3.0000
0.0507	-0.2379	-3.0000
0.3510	-0.4179	-2.0000
0.4875	0.8242	-1.0000
-0.4643	0.4319	-1.0000
0.5082	0.8458	0.0000
-0.3969	-0.4489	-1.0000
-0.4925	0.2381	-2.0000
0.3657	-0.6879	-1.0000
-0.4998	-0.0829	-2.0000
0.5501	0.7123	0.0000
0.5002	0.8231	-1.0000
0.4812	0.7090	-2.0000
-0.3339	-0.5477	0.0000
-0.0104	-0.6714	-1.0000
-0.0825	-0.6180	-1.0000
0.3333	-0.0502	-3.0000
-0.5104	0.1623	-2.0000
0.4982	0.8566	0.0000
0.3852	0.7911	-2.0000
0.4745	0.8370	-1.0000
0.1967	-0.3648	-3.0000
-0.3230	0.2837	-2.0000
-0.2855	0.1691	-3.0000
-0.2530	-0.6389	0.0000
0.3890	0.8034	-2.0000
-0.1208	0.1645	-3.0000
-0.3680	-0.5256	0.0000
0.5819	-0.3640	-1.0000
0.4362	0.8529	0.0000
0.1639	-0.6624	-1.0000
-0.4651	0.4772	0.0000
-0.5157	0.3643	-1.0000
0.2517	-0.2667	-3.0000
0.4128	0.7794	-2.0000
0.4256	0.7712	-2.0000
-0.1520	-0.0342	-3.0000
0.1982	-0.7429	0.0000
0.4089	-0.0502	-3.0000
-0.4053	0.3911	-1.0000
0.0006	-0.7168	0.0000
-0.1796	0.1259	-3.0000
-0.1278	-0.5543	-1.0000
0.0948	-0.7432	0.0000
-0.1359	-0.2003	-3.0000
0.4748	0.7473	-2.0000
0.4919	0.7766	-1.0000
-0.2137	-0.0363	-3.0000
0.4678	0.0627	-2.0000
0.0955	-0.2988	-3.0000
0.4892	0.8569	0.0000
0.3683	-0.3701	-2.0000
-0.3346	-0.1723	-3.0000
-0.4199	-0.1238	-2.0000
0.5761	-0.1842	-1.0000
-0.5226	-0.2396	-2.0000
-0.1824	-0.0832	-3.0000
0.5303	-0.6742	0.0000
0.4198	-0.3681	-2.0000
-0.8707	-0.1147	0.0000
0.5008	0.8542	0.0000
-0.6094	0.1918	-1.0000
-0.6481	-0.0608	-1.0000
-0.5976	0.2678	-1.0000
0.3845	-0.3819	-2.0000
-0.6774	-0.3629	0.0000
-0.0404	-0.7336	0.0000
0.3688	0.8126	-1.0000
0.0406	-0.0786	-3.0000
0.3981	-0.5519	-1.0000
-0.0481	-0.3278	-3.0000
0.3879	0.7681	-2.0000
-0.4896	0.4852	0.0000
-0.4798	-0.4098	-1.0000
0.1225	-0.5306	-2.0000
0.0761	0.2327	-3.0000
-0.3308	0.3488	-2.0000
-0.6192	0.0782	-1.0000
-0.2447	0.5286	-1.0000
0.5067	0.8302	0.0000
-0.1605	-0.3112	-3.0000
0.4835	0.1049	-2.0000
-0.2832	0.5954	0.0000
-0.4032	0.4644	-1.0000
0.3027	-0.5355	-2.0000
-0.7090	-0.0953	-1.0000
0.3105	-0.4357	-2.0000
-0.2824	0.4435	-2.0000
-0.2378	0.4021	-2.0000
0.2060	-0.4693	-2.0000
0.4924	0.8467	-1.0000
0.4303	0.0004	-3.0000
0.1531	-0.3945	-3.0000
0.2349	-0.8039	0.0000
0.3407	0.0494	-3.0000
0.4027	-0.8286	0.0000
-0.3395	0.2343	-2.0000
0.1902	-0.1908	-3.0000
0.4853	0.8447	-1.0000
-0.0052	-0.4198	-2.0000
0.1755	-0.6059	-1.0000
-0.1777	-0.5356	-1.0000
-0.0739	0.1060	-3.0000
-0.6055	-0.2593	-1.0000
-0.3327	0.5891	0.0000
-0.4485	-0.3123	-2.0000
-0.4963	-0.1499	-2.0000
-0.1568	-0.4211	-2.0000
-0.3996	0.5308	0.0000
-0.2869	0.1061	-3.0000
0.2545	-0.3657	-3.0000
-0.4212	0.4491	-1.0000
-0.4165	0.0622	-2.0000
0.6451	-0.4456	0.0000
0.3080	-0.2954	-3.0000
0.1465	-0.0981	-3.0000
0.4856	-0.2839	-2.0000
0.4830	0.8230	-1.0000
0.4517	-0.3153	-2.0000
0.3708	-0.8574	0.0000
0.4533	-0.3317	-2.0000
-0.6175	-0.0360	-2.0000
0.6452	-0.1412	0.0000
-0.6544	-0.0327	-1.0000
-0.1611	-0.0366	-3.0000
-0.0060	0.2452	-3.0000
0.5360	-0.1650	-1.0000
0.5118	0.7515	-1.0000
-0.2224	-0.5476	-1.0000
0.5058	-0.3897	-1.0000
0.2082	-0.2539	-3.0000
0.1434	-0.8097	0.0000
-0.1256	0.4049	-2.0000
0.4773	0.7557	-2.0000
0.5372	0.7934	0.0000
-0.3372	-0.0484	-3.0000
-0.5825	0.0029	-2.0000
-0.3029	0.4318	-2.0000
-0.0024	0.2539	-3.0000
0.6039	-0.1828	-1.0000
0.3736	-0.4714	-2.0000
-0.8884	0.0334	0.0000
0.2945	-0.3976	-2.0000
0.0868	-0.5983	-1.0000
-0.5991	0.1368	-2.0000
-0.7271	0.2357	0.0000
0.0994	-0.0020	-3.0000
0.4774	0.6996	-2.0000
0.2255	-0.4729	-2.0000
-0.4096	0.1099	-2.0000
-0.6088	-0.0489	-2.0000
-0.1618	-0.3318	-3.0000
-0.0561	0.2230	-3.0000
-0.4548	-0.3655	-1.0000
-0.9177	-0.0248	0.0000
-0.1959	0.1214	-3.0000
0.6062	-0.3147	-1.0000
-0.3611	0.3962	-2.0000
0.3990	-0.2366	-2.0000
0.4714	0.8522	-1.0000
-0.8951	-0.1502	0.0000
-0.4613	0.4477	0.0000
-0.6236	-0.3629	0.0000
-0.0165	-0.6400	-1.0000
-0.7768	0.1717	0.0000
-0.0654	0.3512	-3.0000
0.5009	0.8638	0.0000
-0.3167	0.5053	-1.0000
0.3860	0.8483	0.0000
-0.2717	-0.4683	-1.0000
-0.7214	-0.0778	-1.0000
0.5467	-0.7242	0.0000
-0.5845	0.0057	-2.0000
0.4507	-0.5820	-1.0000
-0.2343	0.2090	-3.0000
0.1771	-0.6220	-1.0000
-0.1128	-0.3057	-3.0000
0.1065	-0.5639	-2.0000
-0.3339	-0.4164	-2.0000
-0.7518	-0.2246	0.0000
0.3126	-0.8038	0.0000
0.3807	0.8050	-2.0000
0.3992	0.1154	-3.0000
-0.6283	-0.3597	0.0000
0.0615	-0.7096	0.0000
-0.7449	-0.3113	0.0000
0.4861	0.7267	-2.0000
0.4756	0.7928	-2.0000
-0.0048	0.2170	-3.0000
-0.1426	0.3972	-2.0000
0.5117	0.0094	-2.0000
-0.5002	0.3225	-1.0000
0.1488	-0.4897	-2.0000
-0.0102	-0.1379	-3.0000
0.4102	-0.6725	-1.0000
0.1818	0.1954	-3.0000
-0.5062	-0.1038	-2.0000
0.6429	-0.4941	0.0000
0.6204	-0.1593	-1.0000
0.1019	-0.4900	-2.0000
0.2620	-0.5138	-2.0000
0.4892	-0.0243	-2.0000
0.0230	-0.3226	-3.0000
0.4908	0.8482	-1.0000
-0.1908	-0.5693	-1.0000
-0.4150	0.5356	0.0000
-0.5371	-0.3620	-1.0000
0.4568	0.7233	-2.0000
0.4858	-0.2444	-2.0000
0.5072	0.7979	-1.0000
0.4256	-0.4797	-1.0000
-0.7280	0.1585	-1.0000
0.3974	-0.6069	-1.0000
-0.1102	0.0821	-3.0000
0.6466	-0.3944	0.0000
-0.0113	-0.6544	-1.0000
0.4059	0.1047	-3.0000
0.0769	-0.0651	-3.0000
-0.1552	-0.5934	-1.0000
-0.3971	0.4236	-1.0000
-0.4520	-0.3446	-2.0000
0.5149	-0.2266	-2.0000
0.2030	0.1150	-3.0000
0.5348	0.0783	-2.0000
-0.6370	0.3233	0.0000
0.5602	0.6869	0.0000
0.7045	-0.0165	0.0000
-0.1137	0.3957	-2.0000
0.5288	0.7825	0.0000
0.5386	-0.6525	0.0000
-0.1194	0.0795	-3.0000
0.0074	0.0062	-3.0000
0.0913	-0.2745	-3.0000
0.0067	0.0497	-3.0000
-0.5012	-0.4550	0.0000
-0.6678	-0.1558	-1.0000
0.6141	-0.0796	-1.0000
0.3476	-0.1518	-3.0000
0.2005	0.1062	-3.0000
-0.1954	0.2406	-3.0000
0.0243	-0.4144	-2.0000
-0.7498	-0.1214	-1.0000
-0.2872	0.0464	-3.0000
-0.4556	0.2609	-2.0000
-0.0739	-0.1199	-3.0000
0.4737	0.8529	-1.0000
0.6278	-0.1292	-1.0000
-0.6749	0.2962	0.0000
0.2264	0.0828	-3.0000
0.4599	-0.5697	-1.0000
0.5101	0.7849	-1.0000
-0.1334	0.0217	-3.0000
0.3260	-0.0742	-3.0000
0.3894	-0.0775	-3.0000
0.3698	0.7799	-2.0000
0.2912	0.0954	-3.0000
-0.7947	-0.0024	-1.0000
0.2062	-0.2655	-3.0000
0.4906	0.8387	-1.0000
-0.7591	-0.1407	-1.0000
0.5806	-0.4236	-1.0000
-0.1739	0.3136	-3.0000
0.0676	-0.4130	-3.0000
0.1821	-0.0569	-3.0000
0.3885	0.8527	0.0000
0.2805	-0.2874	-3.0000
-0.3931	0.3532	-2.0000
-0.3926	-0.2457	-2.0000
0.4045	0.8458	0.0000
0.0674	-0.1227	-3.0000
-0.1681	-0.0146	-3.0000
0.4933	0.8140	-1.0000
-0.6710	0.2248	-1.0000
-0.7245	0.2477	0.0000
0.2607	0.0661	-3.0000
0.4845	0.7986	-1.0000
0.6656	-0.0939	0.0000
-0.2962	0.4266	-2.0000
0.2036	-0.5683	-2.0000
0.2065	-0.3901	-3.0000
0.4788	0.8650	0.0000
-0.8304	0.1962	0.0000
0.5238	0.7491	-1.0000
0.5778	-0.3197	-1.0000
0.3733	0.8571	0.0000
0.1515	0.1365	-3.0000
-0.5203	-0.0062	-2.0000
0.4681	0.7304	-2.0000
0.1246	-0.2276	-3.0000
-0.4081	0.3702	-1.0000
-0.1876	-0.0852	-3.0000
-0.6234	0.0615	-1.0000
0.0104	-0.4954	-2.0000
0.1110	0.1152	-3.0000
-0.0837	0.3174	-3.0000
0.6857	0.0144	0.0000
0.3847	0.7940	-2.0000
0.5100	0.8315	0.0000
0.3317	-0.1567	-3.0000
-0.3868	-0.2487	-2.0000
0.4100	-0.0928	-3.0000
-0.7204	-0.3372	0.0000
-0.7435	-0.2683	0.0000
0.0318	-0.6049	-1.0000
0.2531	-0.5185	-2.0000
-0.1842	-0.2397	-3.0000
0.2006	0.1993	-3.0000
-0.0973	0.0591	-3.0000
0.3936	0.8265	-1.0000
0.3894	-0.7959	0.0000
-0.3909	-0.3518	-2.0000
0.4603	0.8285	-1.0000
0.3709	-0.8098	0.0000
0.1286	0.2303	-3.0000
0.6289	-0.3558	0.0000
0.5913	-0.5374	0.0000
-0.3687	0.3745	-2.0000
0.4787	0.8514	-1.0000
-0.0957	-0.6903	0.0000
-0.0978	0.0611	-3.0000
-0.8243	0.0507	0.0000
0.6398	-0.0067	0.0000
0.4816	0.8125	-1.0000
-0.6070	0.2952	-1.0000
-0.5862	0.4368	0.0000
-0.1232	0.3777	-3.0000
-0.0023	-0.5514	-2.0000
0.1400	-0.2252	-3.0000
-0.3048	0.3065	-2.0000
-0.3810	-0.2590	-2.0000
0.0182	-0.4461	-2.0000
0.4721	-0.0896	-2.0000
0.2275	-0.4798	-2.0000
0.1748	0.0444	-3.0000
0.2372	0.1243	-3.0000
-0.6590	0.2827	-1.0000
-0.0513	0.3008	-3.0000
0.4627	0.7486	-2.0000
0.5139	0.7667	-1.0000
-0.7908	0.0988	-1.0000
-0.4963	-0.3340	-1.0000
-0.0913	-0.1041	-3.0000
0.6334	-0.0986	0.0000
-0.1681	-0.3712	-2.0000
-0.8142	-0.2184	0.0000
0.4171	0.8390	-1.0000
-0.9149	0.1133	0.0000
0.5274	-0.0589	-2.0000
0.2059	-0.0452	-3.0000
0.5165	0.8146	0.0000
-0.5460	-0.0582	-2.0000
0.3733	0.8070	-1.0000
-0.2632	0.2816	-3.0000
0.0402	-0.7476	0.0000
0.4779	-0.8497	0.0000
0.0872	-0.6577	-1.0000
-0.4468	0.3792	-1.0000
0.4142	0.7848	-2.0000
-0.4418	-0.2763	-2.0000
0.0235	0.0514	-3.0000
-0.7229	-0.2111	-1.0000
-0.7188	-0.2703	0.0000
0.2852	-0.0007	-3.0000
-0.8279	-0.1092	0.0000
-0.4019	0.0316	-3.0000
0.1928	-0.5390	-2.0000
-0.0941	0.3147	-3.0000
-0.1939	-0.5882	-1.0000
0.4145	0.8588	0.0000
0.4379	0.8500	-1.0000
0.1766	0.2178	-3.0000
0.5565	0.7071	0.0000
-0.5400	-0.0146	-2.0000
0.3670	-0.1151	-3.0000
0.2549	0.1753	-3.0000
0.4109	0.8184	-2.0000
-0.0474	0.3348	-3.0000
-0.3130	0.4169	-2.0000
0.6332	-0.0098	0.0000
-0.2918	0.0659	-3.0000
0.0818	0.0079	-3.0000
-0.6808	-0.1322	-1.0000
0.0589	0.0897	-3.0000
-0.2639	-0.1167	-3.0000
0.3247	-0.3339	-2.0000
0.4358	0.8495	-1.0000
-0.4273	-0.5431	0.0000
0.5018	0.8447	0.0000
0.5579	-0.6825	0.0000
0.1718	-0.7675	0.0000
-0.8583	-0.0710	0.0000
0.4403	-0.8478	0.0000
-0.3744	0.3544	-2.0000
