2.6987e-01
3.2579e-01
1.7044e-02
1.6486e-03
1.0866e-01
2.0200e-01
2.8772e-02
2.1598e-01
3.6847e-01
1.4346e-03
8.0404e-02
1.8246e-02
1.6173e-01
2.5115e-02
2.4819e-01
4.6015e-02
4.1740e-01
3.7039e-02
2.1536e-01
1.6553e-01
1.6972e-01
2.2461e-01
1.3535e-01
1.6612e-01
1.7457e-01
2.4732e-01
1.5039e-01
9.1771e-02
1.7976e-01
1.1708e-01
2.5231e-01
3.6036e-02
1.1961e-01
5.3433e-01
2.4043e-02
1.5031e-01
2.8880e-01
1.7915e-01
3.0407e-02
1.4172e-01
1.6375e-01
1.0457e-01
2.0431e-01
3.7906e-02
1.6237e-01
9.4446e-02
3.2286e-03
1.4397e-01
3.0520e-02
2.7334e-02
1.0872e-01
1.3255e-01
8.5179e-02
2.5056e-01
1.7485e-01
2.6535e-02
2.4840e-01
1.5002e-01
2.5457e-02
9.9522e-02
3.7087e-02
2.6487e-02
7.9716e-02
2.3357e-01
5.7320e-01
7.8556e-03
1.6650e-01
2.6735e-03
1.4347e-01
2.3862e-02
5.2619e-02
5.1264e-02
1.3124e-01
2.6963e-01
2.2197e-01
2.2262e-01
6.5458e-02
1.8609e-01
9.0505e-02
3.1521e-01
1.2003e-01
1.3642e-02
3.7398e-02
7.1048e-02
3.0091e-02
3.3141e-01
2.2045e-01
2.3013e-01
1.2701e-01
3.5028e-01
3.2854e-01
2.2846e-01
3.5398e-01
1.4552e-01
2.7774e-01
3.6498e-01
1.7627e-01
1.5456e-02
3.3345e-01
3.3180e-01
1.9913e-01
1.6898e-01
3.7870e-01
3.9645e-02
3.1938e-02
3.1348e-01
1.2668e-01
1.8694e-01
2.2252e-01
2.4883e-01
9.8502e-02
1.3079e-01
4.0513e-01
5.1393e-02
1.4003e-01
1.0756e-01
1.3512e-01
9.0393e-02
2.9108e-01
1.7329e-01
4.9767e-02
2.2237e-01
2.5791e-01
5.5362e-01
1.6094e-01
1.5150e-01
2.7050e-01
1.5407e-01
1.6260e-01
5.7300e-02
2.8109e-01
2.3179e-01
2.2678e-01
1.5237e-01
2.9440e-01
1.2292e-01
3.5675e-02
1.4841e-01
1.6193e-01
7.1906e-01
1.6811e-01
1.6298e-01
3.1146e-02
2.3211e-01
4.2682e-02
1.2737e-01
1.7765e-01
1.8266e-01
3.4337e-01
1.3422e-01
2.5884e-03
2.7298e-01
7.0964e-02
7.5745e-02
4.6685e-03
2.0204e-01
1.9101e-01
2.4425e-01
3.9217e-01
2.0781e-01
1.8485e-01
2.0956e-01
2.7945e-02
7.5317e-02
1.9371e-01
4.0797e-01
1.5728e-02
2.3756e-01
3.6084e-02
2.2965e-01
2.9740e-01
2.8973e-01
2.1773e-01
2.1923e-01
2.3880e-02
5.4281e-02
2.7737e-01
1.2476e-01
2.9834e-02
6.6429e-02
8.5113e-02
2.7788e-01
1.8195e-01
2.8373e-01
2.8885e-02
2.5879e-02
1.5911e-01
2.5285e-01
2.2026e-01
2.1033e-01
2.2899e-02
1.3085e-01
3.4149e-01
1.7531e-01
2.3760e-02
4.6200e-02
1.1061e-02
1.4208e-01
1.9519e-01
2.5362e-01
1.6360e-01
2.6003e-01
1.7032e-02
2.1560e-01
1.1222e-01
2.1667e-01
6.3954e-03
8.1258e-02
1.7205e-01
2.2932e-01
1.1356e-01
9.0173e-02
1.8694e-01
3.4879e-01
1.0709e-01
2.2494e-01
1.3015e-01
3.1019e-02
2.3838e-01
1.6328e-02
4.7743e-02
6.1150e-03
2.0609e-01
2.2448e-02
3.4320e-01
3.1652e-01
2.4673e-01
1.8564e-01
1.0111e-01
2.1801e-01
1.8137e-01
1.7004e-01
2.3906e-02
1.3920e-01
2.6351e-01
2.6088e-02
2.5523e-01
2.0396e-01
1.2410e-01
2.0950e-01
2.5231e-02
6.2455e-02
1.9618e-01
1.3544e-01
9.5838e-02
2.7608e-01
1.3194e-01
1.4834e-01
1.3218e-01
2.3321e-01
4.0306e-01
2.6822e-01
3.7783e-01
3.3366e-01
1.4139e-01
2.2033e-01
9.8793e-02
8.2010e-02
1.5081e-01
1.5004e-01
2.4304e-01
1.6205e-01
2.0024e-01
9.7775e-02
2.4041e-01
1.0145e-01
1.8647e-01
2.2576e-01
2.2384e-02
8.0732e-02
1.2228e-01
1.2778e-01
2.3676e-01
1.4346e-03
4.4275e-02
1.7053e-01
2.4563e-01
9.8207e-02
6.6022e-02
3.7039e-01
2.2532e-01
4.1557e-02
9.2350e-02
6.9180e-02
2.8907e-01
1.2878e-01
5.8510e-02
1.2369e-02
1.8363e-02
2.0438e-02
4.0811e-02
2.7654e-01
1.2041e-01
1.1188e-02
1.9396e-01
4.4204e-02
2.2900e-01
3.4631e-03
3.7115e-01
2.1220e-01
2.8015e-01
1.4677e-01
1.6247e-01
1.7339e-01
3.1853e-02
5.5531e-01
1.6282e-01
9.1979e-02
1.9506e-01
2.5321e-01
4.3103e-01
2.1058e-01
1.0634e-01
4.1363e-02
9.6689e-02
5.4434e-03
2.8043e-01
4.9027e-01
1.9829e-01
1.0295e-01
1.8695e-02
2.4507e-02
2.3268e-01
1.4212e-01
2.6982e-02
1.5263e-01
2.8199e-01
2.7595e-01
2.6714e-01
5.5426e-01
2.1733e-01
4.3342e-03
3.4777e-01
2.0792e-01
2.4594e-02
2.1571e-02
8.7461e-02
2.3858e-01
2.0630e-02
8.8095e-03
1.7122e-01
1.5075e-01
4.6962e-01
3.5584e-01
1.8775e-01
1.3268e-01
1.3208e-01
1.9947e-01
4.0381e-02
4.4380e-02
2.2062e-01
6.6222e-02
2.2270e-01
1.8448e-01
9.4291e-02
3.2420e-01
1.4346e-03
1.4697e-01
2.6645e-01
1.4229e-01
1.7700e-01
1.9008e-01
4.9258e-01
8.5960e-02
3.1350e-02
1.1719e-01
5.7524e-01
1.4744e-01
3.6086e-02
1.0911e-02
2.6967e-01
3.0203e-02
1.3454e-01
5.9548e-02
2.2676e-01
2.0281e-01
1.2940e-01
5.2884e-02
7.0775e-02
2.5045e-01
7.0084e-01
2.1589e-01
2.5282e-01
1.9102e-02
2.0975e-01
1.6939e-01
2.4745e-02
8.9864e-03
1.4346e-03
1.2885e-01
1.5840e-01
1.3620e-01
1.9787e-01
1.9924e-01
3.4275e-01
2.6082e-01
2.3603e-01
8.7155e-03
2.4534e-01
2.0096e-01
1.8591e-01
1.2814e-01
6.1929e-02
1.2003e-01
1.8070e-01
3.1388e-01
2.8623e-01
2.1429e-01
1.6030e-01
2.3462e-01
2.5205e-01
2.1042e-01
2.1758e-01
1.5219e-01
1.7051e-03
1.4446e-01
2.6779e-01
2.1827e-02
1.0584e-01
2.1526e-01
1.0460e-01
4.2542e-02
1.4493e-01
1.7496e-01
5.0341e-02
1.5386e-01
4.6451e-02
3.6131e-02
2.2818e-01
5.3127e-02
2.9305e-01
1.7500e-01
1.8921e-01
1.8599e-01
1.5409e-01
5.0145e-01
2.9102e-02
1.8315e-01
3.9469e-01
1.0009e+00
1.8812e-01
6.8966e-02
2.5707e-01
2.3554e-01
1.5856e-01
3.1498e-01
2.5959e-01
5.6375e-02
2.1348e-01
1.1110e-02
1.3145e-01
2.4336e-01
3.5718e-01
7.2977e-02
1.2972e-01
4.2900e-01
1.6631e-01
1.5640e-01
1.8636e-01
1.4011e-02
2.2698e-01
2.1937e-01
3.8218e-01
2.0858e-01
1.3759e-01
1.3980e-01
2.2265e-01
2.3183e-02
3.0651e-02
2.3057e-01
2.0119e-01
1.5738e-01
5.2406e-02
1.2071e-01
2.4165e-01
7.8276e-02
6.7229e-02
7.4366e-02
1.9361e-02
3.3535e-01
1.9758e-01
3.3064e-01
2.7119e-01
2.5410e-01
2.5925e-02
1.5921e-01
1.9593e-01
2.4994e-01
4.5704e-03
1.9587e-01
2.9958e-02
3.9199e-02
6.6441e-02
1.4262e-01
1.6384e-01
2.6556e-01
1.1738e-01
3.2419e-01
1.2086e-01
2.0025e-01
4.3281e-01
2.1781e-01
3.7557e-01
1.1241e-01
1.5867e-01
6.9574e-02
1.0399e-01
3.2436e-01
2.2573e-01
3.0512e-01
2.6238e-01
4.8149e-02
3.3045e-02
6.6724e-02
1.4792e-01
2.8232e-01
3.1866e-01
1.2199e-01
2.5812e-01
2.1279e-01
2.6775e-01
6.1534e-01
1.0698e-01
1.8340e-01
3.1534e-02
4.3263e-01
1.0060e-02
1.1046e-01
2.7928e-01
2.4724e-01
6.9141e-02
1.0070e-01
3.3355e-01
4.0977e-02
1.9914e-01
1.8475e-01
1.6056e-01
3.1874e-01
8.4134e-02
2.1065e-02
1.9890e-01
2.4741e-01
2.5809e-01
1.5827e-01
1.2727e-01
1.0067e-01
2.2412e-01
1.9590e-01
1.3399e-02
1.2061e-01
5.5683e-02
5.6008e-02
1.5923e-01
1.9579e-01
2.6075e-01
4.5150e-02
1.5535e-01
1.3510e-01
2.0646e-01
9.6590e-02
1.6407e-01
9.1286e-02
3.0507e-02
5.6729e-02
1.1102e-01
1.6868e-01
2.0197e-02
4.4493e-02
1.4766e-02
2.2575e-01
1.1432e-01
1.0263e-02
1.7006e-01
1.9087e-01
2.4477e-01
1.7227e-02
3.3191e-02
1.7380e-01
1.3645e-01
1.5610e-01
3.1034e-01
2.7850e-01
1.9838e-01
6.0939e-03
9.1936e-02
1.7834e-01
4.0977e-02
2.0716e-01
4.4933e-02
1.2201e-01
4.9933e-01
1.6009e-01
3.4679e-01
2.4569e-01
3.5386e-01
3.4121e-02
3.1235e-02
3.9681e-01
1.8680e-01
1.4514e-01
2.1973e-01
2.2966e-01
1.4680e-01
1.9356e-01
6.0338e-02
3.5579e-01
6.8507e-02
2.1727e-02
1.9835e-01
5.6887e-01
4.0142e-01
1.2422e-01
2.3565e-01
5.7380e-01
2.0399e-02
1.8975e-01
9.2082e-03
1.5308e-01
3.3011e-02
2.4883e-01
3.2078e-02
1.4823e-01
1.0643e-01
1.6630e-02
5.4356e-02
1.1673e-01
1.8875e-01
2.6818e-01
1.4350e-01
2.3011e-01
2.6793e-01
1.8698e-01
1.9556e-01
1.2234e-01
2.6621e-02
2.5546e-01
2.6278e-01
1.9210e-01
1.3977e-02
2.0109e-01
2.2899e-01
7.9363e-02
2.2969e-01
1.0369e-01
1.1702e-01
3.4534e-01
5.0541e-02
1.6139e-01
2.4275e-01
1.0943e-01
5.7467e-02
2.0634e-01
1.4769e-01
3.2011e-02
2.8801e-02
1.1484e-01
2.7200e-01
1.2209e-01
1.8628e-01
3.5823e-01
8.4323e-01
4.3224e-01
1.0285e-02
3.7895e-01
8.5677e-02
3.6293e-01
1.1050e-01
2.7262e-01
2.9654e-02
1.5273e-02
9.5949e-02
4.3285e-01
1.5250e-01
2.2380e-01
1.9375e-01
7.7630e-02
6.0959e-02
2.4493e-01
1.0371e-01
5.4055e-01
3.2609e-01
2.2059e-03
4.3803e-02
1.8207e-01
2.4724e-01
6.5615e-02
3.3546e-02
2.2364e-01
1.5294e-01
1.4050e-01
2.2355e-01
1.8877e-01
1.8881e-01
2.7110e-01
2.1347e-01
1.4722e-01
4.7127e-02
1.0432e-01
1.0876e-01
1.9677e-01
2.1576e-01
6.4710e-01
1.3983e-01
1.6720e-01
8.4264e-02
1.1521e-01
3.7806e-02
9.3008e-02
2.2456e-01
2.0035e-01
8.0293e-02
2.5129e-01
1.5368e-01
2.2684e-02
3.1910e-01
8.2230e-03
2.1809e-01
1.4897e-01
3.4447e-01
6.0660e-02
2.5949e-01
2.1108e-01
1.4417e-01
4.0422e-02
2.6925e-01
3.4372e-02
1.7139e-01
2.6316e-01
2.0169e-01
3.9804e-02
1.8287e-01
2.0658e-01
1.7035e-01
1.0297e-01
9.0387e-02
4.9659e-02
4.4272e-01
4.7670e-02
2.2395e-02
1.6766e-01
4.1475e-01
1.4606e-01
5.2613e-02
2.0300e-01
1.4416e-01
2.3193e-01
3.2402e-01
3.8113e-01
2.0409e-03
4.2865e-01
1.3937e-01
3.1252e-01
1.8553e-01
8.9329e-02
6.0822e-02
2.3767e-01
5.2475e-01
1.1878e-01
3.9968e-02
1.0006e-01
1.2659e-01
1.9031e-01
1.2599e-01
1.4435e-01
1.7221e-01
2.3846e-01
3.9164e-03
6.8234e-03
1.7399e-01
2.1865e-01
1.6888e-01
2.5916e-01
1.0392e-01
2.3385e-01
1.0488e-01
2.4508e-01
1.2782e-01
3.8163e-01
2.6169e-01
1.5355e-01
9.4318e-02
1.1023e-02
2.2715e-01
5.3697e-02
1.6945e-01
2.3059e-01
8.5242e-02
2.8484e-01
2.3472e-01
1.8626e-01
1.2011e-01
5.2050e-02
1.1749e-01
3.7577e-02
1.4439e-01
1.3452e-02
3.1635e-02
5.3818e-02
3.3312e-02
1.1803e-01
4.8187e-02
1.3592e-01
2.3483e-01
4.8047e-01
1.7394e-01
1.2319e-01
5.7538e-01
4.3244e-01
1.1665e-02
2.7872e-02
1.9970e-01
1.3508e-01
1.3357e-01
1.7341e-01
3.3720e-02
2.4780e-01
2.4351e-01
2.1560e-01
3.6421e-01
1.7746e-01
1.2591e-01
1.8182e-01
1.8948e-01
1.3040e-01
1.3914e-01
2.2209e-01
7.2584e-02
1.5809e-02
4.1835e-02
3.8548e-01
4.7939e-01
3.9304e-02
2.2059e-01
2.7846e-01
2.5860e-01
2.3882e-01
2.3667e-01
1.9467e-01
7.6727e-02
1.6572e-01
3.1030e-02
3.7137e-01
7.5640e-02
1.5020e-01
2.3061e-01
3.8672e-01
2.0557e-01
1.3387e-01
6.8019e-02
2.6286e-01
2.0576e-01
2.6211e-01
1.8047e-01
2.3938e-01
7.4314e-02
1.5251e-01
2.4587e-01
2.1830e-01
9.8536e-03
3.0493e-01
1.2039e-01
4.1388e-03
9.5075e-02
2.6602e-02
8.8087e-02
1.6906e-02
7.2184e-03
1.4258e-01
7.1797e-02
1.9831e-01
1.4626e-01
4.3636e-01
5.3451e-02
2.1501e-01
2.9562e-01
3.9570e-02
4.7307e-01
3.7997e-02
3.3988e-01
1.0123e-02
1.7143e-01
1.3974e-01
1.0931e-01
9.5763e-02
1.4668e-01
8.2979e-02
7.6202e-02
2.3008e-01
3.7172e-01
1.9343e-01
1.5666e-01
1.8658e-02
1.4211e-01
4.4054e-01
2.1759e-02
1.1733e-01
1.9403e-01
4.5749e-02
4.0181e-01
6.7816e-02
1.8411e-01
2.6071e-01
1.1617e-01
9.0941e-02
2.1712e-01
1.5893e-01
1.7150e-01
1.5218e-01
3.0419e-01
3.0609e-01
3.7790e-02
3.4099e-01
1.3637e-01
7.2129e-02
1.3521e-02
8.8032e-02
5.5321e-03
5.2494e-02
1.6398e-01
2.9320e-01
2.4354e-01
2.4713e-01
5.8103e-02
1.6064e-01
1.3646e-01
4.2937e-01
2.5197e-01
1.4070e-01
8.0597e-02
3.0091e-01
2.5069e-01
2.6233e-01
1.7254e-01
4.3831e-02
2.3948e-01
9.9246e-02
1.3115e-02
1.5090e-01
1.8090e-01
2.5827e-01
9.8595e-02
9.4548e-02
1.0780e-01
9.3801e-02
2.4518e-01
2.2223e-01
5.7503e-03
2.2410e-02
2.5016e-01
9.4232e-02
3.2013e-02
2.8978e-01
1.0962e-01
3.0665e-01
3.3713e-01
1.4287e-01
2.2615e-01
1.2374e-01
1.0042e-01
2.4100e-01
6.6570e-02
4.8520e-02
9.0015e-02
3.2631e-01
2.3362e-01
6.4042e-02
7.1780e-01
2.5913e-01
1.0817e-01
4.0026e-02
1.6869e-01
1.0495e-01
2.7399e-01
2.4914e-01
2.6672e-01
3.3872e-02
2.2112e-01
2.2118e-01
3.8113e-01
2.0164e-01
6.6181e-01
2.0942e-01
1.8220e-01
5.9529e-01
7.9827e-03
2.1072e-01
2.8471e-01
3.4989e-02
4.1459e-02
1.2454e-01
8.8796e-02
1.0032e-01
2.0200e-01
1.7290e-01
8.0879e-02
8.9661e-02
2.6629e-01
3.1143e-01
3.0838e-02
1.9470e-01
2.6032e-01
1.5997e-01
4.2066e-02
1.3417e-01
2.1829e-01
2.1230e-01
1.1140e-01
7.6595e-02
5.4989e-02
2.4946e-01
2.2796e-01
5.9831e-01
2.7590e-01
4.1642e-02
1.2339e-02
1.5690e-01
1.8013e-01
2.0496e-02
1.0280e-01
1.6558e-01
2.1329e-02
1.1420e-02
3.5897e-02
1.5867e-01
1.7033e-01
4.2353e-02
7.2628e-02
2.1724e-01
4.6654e-01
2.3189e-01
3.1558e-02
1.5425e-01
2.1207e-01
1.1000e-01
1.9093e-01
4.2955e-02
2.3857e-01
3.1403e-01
2.5121e-01
1.1599e-01
1.8959e-01
1.2173e-01
9.9600e-03
4.5258e-02
3.1107e-01
4.3788e-01
1.4384e-02
2.9874e-01
2.3448e-01
3.9783e-02
6.1759e-02
2.3400e-01
5.7449e-02
2.4850e-02
2.0383e-01
1.2174e-01
1.0828e-02
1.3612e-01
2.3057e-01
2.0472e-01
1.4346e-03
2.3654e-02
3.9725e-01
6.2449e-02
2.0656e-01
3.0370e-01
2.8161e-01
2.3686e-01
2.5352e-01
1.6447e-01
2.1060e-01
3.0497e-01
2.1304e-01
2.7557e-01
1.6915e-01
2.1278e-01
1.6864e-01
3.8572e-01
4.3307e-02
2.2499e-01
2.6107e-02
1.6632e-01
1.8702e-01
4.8602e-02
2.4310e-01
1.9017e-01
8.5062e-02
2.0710e-01
4.1432e-01
5.0560e-01
5.0614e-01
5.5954e-02
1.1064e-01
1.9935e-01
4.3463e-01
1.0934e-01
3.8744e-02
2.0370e-01
1.3469e-01
1.7972e-01
1.6731e-01
4.3421e-01
2.5779e-01
1.6276e-01
2.1623e-01
1.2052e-01
1.5755e-01
2.0828e-01
2.2732e-01
1.0935e-01
2.2322e-01
2.1108e-01
3.3648e-02
4.0960e-02
1.3065e-01
3.0320e-01
3.3573e-01
9.2077e-02
2.9563e-01
7.8573e-02
9.8409e-02
2.7605e-01
1.4145e-02
1.4346e-03
3.3741e-01
4.3649e-02
2.5914e-01
1.4276e-01
2.2510e-01
1.7953e-01
2.4220e-01
2.2656e-01
1.4687e-01
2.4812e-01
1.6984e-01
1.9702e-01
7.7771e-02
2.7537e-01
8.4358e-02
1.0850e-01
3.4155e-01
1.1753e-01
2.1214e-01
2.6661e-01
5.5022e-02
3.7823e-02
2.7704e-01
1.4667e-01
8.3806e-02
2.2738e-01
1.5983e-01
6.5774e-02
1.3201e-01
2.3657e-01
1.8171e-01
2.6901e-01
1.9038e-02
1.2341e-01
1.4256e-01
1.9121e-01
1.9654e-01
3.0356e-01
2.5843e-01
5.7621e-01
3.5403e-01
6.7144e-01
2.6129e-01
2.1646e-01
1.4018e-01
1.7923e-01
1.5899e-01
1.4219e-01
2.9984e-01
5.2379e-03
2.3010e-01
2.2002e-01
2.5100e-01
1.5178e-01
1.4414e-01
1.1518e-02
2.0302e-01
1.8048e-01
8.9209e-02
1.6230e-01
2.6376e-01
8.7259e-02
9.4609e-02
1.6233e-01
3.4752e-02
2.5254e-03
4.3641e-02
6.2238e-02
2.9410e-01
2.3384e-02
3.1272e-01
3.3273e-01
6.0848e-02
6.6744e-02
1.9033e-01
1.4137e-01
2.1267e-02
2.3912e-01
2.0825e-01
1.2246e-01
2.1886e-01
7.2935e-02
2.1451e-01
2.5077e-02
2.1429e-01
1.9402e-01
5.6983e-02
3.1359e-01
1.3274e-01
1.6836e-01
3.5030e-01
1.2677e-02
3.1900e-02
1.3912e-02
3.4161e-02
1.2886e-01
1.7536e-01
5.1882e-02
9.8133e-02
3.1065e-01
1.0791e-01
2.4188e-01
2.4699e-01
7.4108e-02
1.8528e-01
1.1169e-01
3.0725e-02
1.8554e-02
4.9945e-01
2.6986e-02
1.6901e-01
4.4477e-01
2.6310e-01
4.1343e-02
8.6239e-02
4.9167e-01
1.4757e-01
2.9843e-01
3.5482e-02
7.1893e-03
2.5119e-02
3.9968e-02
2.4182e-01
2.5535e-01
1.2003e-01
2.1457e-01
1.8574e-01
4.5066e-02
5.4123e-01
2.2570e-02
1.4346e-03
2.5062e-01
2.2125e-01
2.6003e-01
9.5562e-03
2.1377e-02
3.8054e-03
2.1466e-01
1.1787e-01
4.9130e-01
2.3817e-01
3.4746e-01
2.0323e-01
1.3783e-01
3.0627e-01
2.7388e-01
2.1639e-01
2.7200e-01
2.7708e-01
2.9231e-01
1.4905e-01
8.3605e-02
2.3090e-01
1.8424e-01
6.1035e-02
1.2921e-01
1.7532e-01
9.4899e-02
2.2399e-01
1.3345e-01
2.5320e-01
1.7145e-02
8.2486e-02
3.2458e-02
1.1545e-02
3.7763e-01
2.5116e-01
2.2007e-01
1.1540e-01
1.4346e-03
2.5483e-01
2.6162e-01
3.0663e-01
1.3879e-01
2.5335e-01
2.4872e-02
2.6365e-01
7.3176e-03
1.2715e-02
1.9291e-01
9.2238e-02
2.2486e-02
2.3399e-01
2.0668e-01
4.4011e-02
1.4896e-02
1.1558e-01
1.7144e-01
6.2163e-02
3.4518e-02
2.4579e-01
2.1402e-01
1.6454e-01
4.0765e-02
3.3286e-01
1.1299e-01
3.9353e-02
6.7975e-02
1.4285e-02
2.1180e-01
3.1723e-01
2.7770e-02
1.7910e-01
3.5215e-01
1.9386e-01
4.0070e-02
6.1875e-02
6.6716e-01
1.3769e-01
1.8434e-01
1.5830e-01
4.0800e-02
3.1877e-01
2.8759e-01
1.1572e-01
2.8832e-01
1.8866e-01
3.0277e-01
1.2306e-01
1.1202e-01
2.3116e-01
9.2782e-03
5.3916e-03
2.2575e-02
2.3905e-01
2.1370e-01
6.8408e-02
2.6661e-01
2.6457e-01
1.7086e-01
1.8878e-01
3.3807e-01
4.0397e-01
6.8351e-03
3.9240e-02
2.2293e-01
1.0076e-01
9.6029e-02
1.8112e-01
6.9450e-02
1.3194e-02
9.1129e-02
1.0571e-01
1.2203e-01
1.2257e-01
8.6558e-02
3.9521e-02
3.9751e-01
2.1724e-01
3.1272e-02
2.1021e-01
2.0029e-01
1.8775e-01
2.2623e-01
3.5464e-01
1.2197e-01
1.8351e-01
2.1538e-01
1.0810e-01
5.4843e-02
1.7103e-01
1.9238e-01
1.8727e-01
7.6786e-03
1.1634e-01
1.2266e-01
1.3857e-02
3.9647e-03
2.4017e-01
3.4316e-02
1.5924e-01
2.0339e-01
9.1669e-03
2.4792e-01
5.5802e-02
6.7641e-03
2.7051e-02
1.9073e-03
1.6294e-01
2.7333e-02
1.9942e-01
1.3973e-01
1.3987e-01
4.7854e-01
1.5458e-01
1.3143e-01
4.8747e-01
1.9208e-01
4.9476e-02
1.7556e-01
6.3982e-01
7.5049e-02
8.9203e-02
5.2651e-02
2.1956e-01
7.9156e-02
1.8761e-01
1.1919e-01
4.1449e-01
2.6690e-01
6.7327e-02
1.2766e-01
4.0591e-01
2.1783e-01
2.1960e-01
1.4453e-01
4.1881e-01
1.1993e-01
1.7504e-01
1.7808e-01
5.3271e-02
2.4744e-02
1.7775e-01
1.0901e-01
3.5513e-01
1.6207e-01
1.6264e-02
1.7216e-01
1.7405e-02
3.6402e-01
1.5992e-01
2.6349e-01
1.2914e-01
3.9061e-01
5.6252e-02
2.4294e-02
2.2459e-02
1.6616e-01
1.0559e-01
2.6664e-02
1.9269e-01
1.8089e-02
2.0953e-01
1.5715e-01
4.1942e-01
2.1260e-01
4.5300e-01
1.2925e-01
8.2488e-02
6.2897e-02
2.5606e-01
2.4938e-01
8.5998e-02
2.3035e-01
8.1377e-02
3.8508e-01
1.8053e-01
3.7687e-02
4.5068e-01
1.7988e-01
1.4853e-01
3.4512e-01
3.0625e-01
7.0371e-02
7.6525e-02
1.5485e-01
2.3080e-01
1.6935e-03
2.0885e-01
1.2467e-01
2.3757e-01
7.8390e-03
1.3517e-01
1.4346e-03
2.8065e-01
7.8970e-02
1.1850e-01
1.1969e-02
2.3104e-02
4.8942e-02
2.1489e-01
1.2337e-01
1.6236e-01
1.4138e-01
1.4763e-01
1.8506e-01
9.4282e-02
2.1121e-01
2.5364e-01
1.7081e-01
2.0503e-01
1.9565e-01
2.5456e-01
2.4677e-01
3.0582e-02
2.0786e-01
2.2630e-01
6.4146e-02
9.6282e-02
4.3123e-01
1.1330e-01
3.1199e-01
2.6947e-01
4.7297e-02
1.7695e-01
2.2197e-01
1.9234e-01
2.3047e-01
2.4838e-01
1.4956e-01
2.9449e-02
1.9016e-01
1.5030e-01
1.8173e-01
1.5237e-01
3.7783e-02
2.5035e-01
1.0285e-01
3.6934e-02
3.1440e-01
7.2441e-03
9.5110e-02
2.3516e-01
4.8317e-01
3.5689e-02
1.8460e-02
8.4545e-02
2.2851e-01
3.9133e-02
1.0989e-01
7.9928e-03
3.9763e-01
1.8761e-01
2.0654e-01
2.3305e-01
3.9262e-02
1.0585e-02
3.0328e-02
2.0297e-02
4.1622e-01
1.4433e-01
1.9654e-01
3.6876e-02
1.6566e-01
4.5869e-02
3.6558e-01
1.6652e-01
4.2458e-02
8.6456e-02
2.3226e-01
1.8438e-01
2.3438e-01
3.7742e-03
1.9889e-01
2.6128e-01
1.8341e-01
2.5747e-01
9.4939e-02
2.4259e-01
2.2046e-01
1.1854e-01
1.7441e-01
1.2548e-02
4.9460e-02
2.9860e-01
1.7525e-02
1.3707e-02
4.8792e-01
8.3776e-02
2.8400e-02
1.4481e-01
1.0669e-01
1.4894e-01
2.0088e-01
1.2514e-01
1.3949e-01
2.2611e-01
1.4346e-03
1.1995e-01
3.1050e-01
2.6505e-01
3.4492e-02
9.0096e-02
1.1824e-01
1.7321e-01
2.2841e-01
6.7886e-02
1.2055e-02
6.0825e-02
5.9622e-02
5.3615e-01
3.3948e-01
3.1198e-01
2.1804e-01
1.5494e-01
3.5289e-01
4.3972e-02
1.0775e-02
2.6064e-01
1.7465e-01
5.4549e-02
3.9188e-02
2.8156e-01
1.3380e-01
4.6352e-03
2.6076e-01
8.6573e-02
5.2306e-02
7.8322e-02
2.4210e-01
2.1825e-01
2.5548e-01
8.5660e-02
6.8101e-02
2.0431e-01
7.8705e-02
1.8609e-01
2.0393e-01
2.4145e-01
5.4763e-01
4.1424e-01
1.7537e-01
2.5903e-01
2.8916e-01
2.2132e-02
1.3969e-01
2.9729e-01
3.2697e-01
1.5110e-01
1.8106e-01
1.3079e-01
3.0036e-01
7.8245e-02
1.1926e-01
3.1104e-01
1.8256e-01
2.1302e-01
7.5741e-02
1.0524e-01
1.9603e-01
2.3613e-01
2.5406e-01
1.8827e-01
5.3952e-02
2.1334e-01
1.0383e-01
2.3558e-01
3.1547e-01
8.7016e-03
2.5082e-01
2.2399e-02
3.0079e-01
2.7217e-01
1.7802e-01
2.2222e-01
1.5240e-01
9.0971e-02
1.7217e-01
2.6254e-01
1.9374e-01
4.4878e-02
3.0737e-01
1.0632e-01
1.7510e-01
2.3583e-01
2.2788e-01
7.5066e-03
1.1985e-01
2.1168e-02
2.6489e-01
7.3346e-02
2.3830e-01
1.7826e-01
9.8408e-02
1.8180e-01
2.3949e-01
8.4222e-03
1.1262e-01
5.8061e-03
2.5096e-02
2.2142e-01
2.0785e-01
1.2327e-01
2.2780e-01
3.3512e-01
2.7870e-01
2.3426e-01
7.4733e-02
1.3460e-01
1.6207e-01
3.1806e-01
2.1142e-02
7.6511e-02
4.7199e-02
8.9904e-02
2.0327e-01
2.5593e-01
2.1299e-01
3.7199e-02
2.6230e-01
3.8077e-02
1.7333e-01
2.0595e-01
3.9815e-03
1.3564e-01
2.2136e-01
1.3298e-01
2.9470e-01
1.7359e-02
4.7018e-02
1.1925e-01
1.7059e-01
4.8187e-01
1.5620e-02
1.4472e-01
5.1114e-02
7.9782e-02
4.5945e-02
1.0066e-01
1.0124e-01
1.3964e-01
7.2821e-02
3.1448e-01
2.9774e-02
2.3237e-01
6.8804e-02
1.6203e-01
3.3295e-01
4.1407e-02
2.1845e-01
1.2465e-01
3.5949e-02
1.9023e-01
3.0395e-03
4.2421e-02
1.9731e-02
4.5251e-01
2.2791e-01
1.7558e-01
4.6819e-02
2.3862e-01
1.4362e-01
1.4363e-01
2.0478e-01
1.7599e-01
5.6749e-01
1.3722e-01
3.8692e-01
1.0653e-01
1.7103e-01
4.6553e-01
1.8628e-02
1.4369e-01
3.8107e-02
2.4733e-03
4.3842e-02
4.8505e-02
5.0038e-01
3.7193e-02
1.2653e-01
2.4438e-01
1.8598e-01
8.7942e-02
2.9372e-01
1.6550e-01
9.7729e-02
2.0276e-01
1.2225e-01
1.1110e-01
6.3591e-02
2.6308e-01
3.0068e-01
2.6422e-01
2.3357e-01
2.4782e-01
1.3946e-01
2.8041e-03
2.1360e-01
2.5369e-01
5.7438e-02
2.5763e-01
2.2464e-01
1.9205e-01
1.3421e-01
1.6036e-01
2.6798e-01
9.1533e-02
1.9915e-01
2.5396e-01
5.6362e-02
2.1024e-01
7.7858e-02
2.2497e-01
1.5219e-01
3.6579e-02
1.2610e-01
1.3067e-01
4.0145e-02
8.4520e-02
1.2976e-01
1.1672e-02
1.7871e-01
1.2290e-01
1.7208e-01
1.3395e-01
1.8781e-01
1.6077e-01
3.8208e-01
2.8152e-01
4.3460e-01
1.4920e-01
1.7792e-01
1.7039e-01
7.8242e-03
2.6467e-03
4.2227e-02
3.3408e-01
2.5528e-01
9.2454e-02
1.9957e-01
2.3872e-01
5.3780e-01
1.5411e-01
4.0058e-02
7.7638e-02
2.3954e-01
9.8354e-02
2.2421e-01
3.3175e-01
4.7883e-02
1.8740e-01
1.6920e-01
2.4781e-02
7.0801e-02
1.5806e-01
2.1579e-01
2.1974e-01
1.1416e-01
6.6923e-02
4.9640e-02
1.0145e-01
1.8700e-02
1.8233e-01
1.2026e-02
1.1662e-01
1.3875e-01
9.5520e-02
3.8524e-02
2.4893e-01
3.1632e-01
8.9200e-02
1.8719e-01
7.4123e-03
1.0032e-01
2.9616e-01
9.5339e-03
8.5239e-02
5.6619e-01
1.7847e-01
3.2084e-01
3.8497e-01
7.8519e-02
3.3213e-01
3.4386e-01
1.8475e-01
2.5970e-02
1.0790e-02
2.9046e-01
2.0768e-01
2.8144e-01
2.7782e-02
2.8293e-01
2.0978e-01
2.1118e-01
2.1751e-01
1.9909e-01
3.9803e-01
1.4603e-01
3.0973e-01
9.2933e-02
2.4859e-01
4.2769e-02
3.1735e-01
2.9667e-01
1.2447e-01
5.9372e-01
1.8253e-01
2.1356e-01
3.4327e-02
1.8816e-01
1.5768e-01
1.9361e-01
1.5350e-01
2.9447e-01
2.4888e-01
2.3445e-01
3.1401e-01
2.8999e-01
4.2626e-02
1.4378e-01
1.4579e-01
2.3645e-01
4.1222e-02
1.3837e-01
3.1369e-01
1.4532e-02
1.7608e-01
2.0229e-01
1.9288e-01
1.3316e-01
1.0559e-01
3.5678e-01
9.8641e-03
1.1139e-01
6.7659e-02
4.1097e-01
4.4704e-02
4.8001e-02
1.0051e-02
1.8214e-01
2.3246e-02
2.3514e-01
2.7269e-02
2.4576e-01
2.7684e-01
2.0661e-01
1.6484e-01
1.3390e-01
2.1856e-01
2.4341e-01
1.5576e-01
7.9904e-02
2.4662e-01
2.5003e-01
9.0956e-02
1.3009e-01
2.1326e-01
2.6733e-01
2.7620e-01
1.2190e-01
1.4010e-01
4.7355e-02
2.1308e-01
1.6404e-01
1.4495e-02
3.3815e-02
4.8038e-01
2.2276e-01
9.4107e-02
8.0756e-03
5.5567e-01
2.9577e-01
1.8230e-01
2.1696e-01
2.7685e-01
1.6900e-01
1.6125e-01
3.6970e-01
8.1003e-01
1.8404e-01
5.4546e-02
2.4692e-01
5.7973e-02
1.6181e-01
2.0594e-01
1.4414e-01
9.5735e-02
1.7636e-01
1.1647e-01
2.8422e-01
6.5718e-03
2.4882e-01
4.2315e-02
1.5783e-01
5.8910e-02
4.4806e-02
5.9785e-02
2.8337e-01
1.6655e-02
2.0297e-01
1.8640e-01
2.8078e-01
2.1284e-01
1.3521e-02
1.6766e-01
9.0947e-02
2.2398e-01
1.3313e-01
7.9374e-02
1.4614e-02
1.8206e-01
2.9789e-01
1.2776e-02
9.4030e-02
6.5251e-02
8.5756e-02
2.7065e-02
8.3888e-02
2.4663e-01
2.1745e-01
5.2595e-02
3.8252e-02
3.3619e-01
1.5602e-01
1.6940e-01
1.3237e-01
7.1245e-02
1.3331e-01
3.6776e-01
1.7732e-01
2.4480e-01
1.0844e-01
3.9084e-01
5.7614e-02
3.8452e-01
1.4842e-02
2.6569e-01
1.1377e-01
1.8185e-01
4.2549e-01
5.6911e-03
1.3636e-01
2.0392e-01
3.5872e-02
2.6394e-01
1.7560e-01
1.9139e-01
2.8831e-01
1.1701e-01
3.3862e-02
1.3942e-01
3.1400e-01
8.1766e-02
1.2464e-02
4.6657e-02
2.6323e-01
1.9789e-01
2.9001e-02
1.9021e-01
2.8841e-01
8.1456e-02
1.4425e-01
2.1036e-01
1.3764e-01
4.1404e-01
2.7330e-03
1.2189e-01
2.0857e-01
2.2323e-01
7.5370e-02
2.7940e-01
1.0350e-01
1.5685e-01
2.2287e-01
2.6049e-01
6.9185e-02
1.4180e-01
2.0189e-01
3.1194e-03
1.8501e-01
6.3186e-02
3.6507e-02
8.5449e-02
2.3205e-01
3.4008e-02
1.6509e-01
3.9379e-02
1.7768e-01
1.0696e-01
3.0919e-03
1.8261e-01
2.3796e-01
6.4230e-03
3.1556e-02
2.4880e-01
1.9921e-03
2.9642e-01
1.3871e-01
1.4526e-01
1.9044e-01
1.0162e-02
3.8570e-01
9.0655e-02
4.1957e-01
1.8842e-01
2.4169e-01
5.2685e-02
4.4013e-01
1.4346e-03
1.1924e-01
3.1311e-01
2.3419e-02
1.9282e-01
2.4128e-01
1.5160e-01
1.2590e-01
2.2246e-01
3.6850e-01
2.0460e-01
3.0882e-01
3.4254e-02
8.6918e-02
2.5449e-01
2.2294e-01
2.2581e-02
2.2402e-01
1.0266e-01
1.4087e-02
1.7264e-01
1.7143e-01
7.1975e-01
2.8760e-01
3.4887e-02
3.6014e-02
3.4487e-01
1.5813e-01
6.4427e-02
2.8165e-02
2.2812e-01
4.8681e-02
2.0988e-01
1.9031e-01
4.8151e-03
5.3106e-02
9.3572e-02
9.3297e-02
1.8005e-01
5.9834e-02
1.3112e-01
1.5064e-01
1.6390e-01
1.5004e-01
5.6536e-02
1.5119e-01
1.4420e-01
1.4084e-01
1.1352e-01
2.3355e-01
2.1565e-01
1.0898e-01
5.5706e-02
3.6258e-01
4.5016e-02
2.5657e-01
1.9174e-01
2.1038e-01
4.0929e-03
4.7524e-02
3.0779e-01
4.5714e-03
8.3558e-02
1.6909e-01
2.4447e-01
9.1969e-02
4.7391e-01
1.3885e-01
4.1747e-02
2.4725e-01
2.9370e-01
8.6696e-02
1.8085e-01
1.5502e-01
3.3400e-03
2.3871e-01
4.0176e-02
2.4082e-01
6.8795e-02
3.9072e-01
2.0487e-02
2.8983e-02
2.6339e-01
1.3716e-01
1.1987e-02
3.7634e-01
1.6068e-01
2.4450e-01
8.7433e-02
1.4665e-01
5.0412e-02
2.5578e-01
1.3497e-01
3.6968e-01
2.3728e-01
5.8588e-02
1.7109e-01
2.1908e-01
2.6692e-01
2.1215e-02
2.3245e-01
2.1042e-02
3.3616e-01
2.9942e-02
2.0057e-01
1.9443e-01
6.1377e-03
1.0892e-01
3.4623e-01
1.1486e-01
1.5899e-01
2.5238e-01
1.7868e-03
8.3148e-02
1.5785e-01
3.9394e-01
2.1554e-01
6.3660e-02
1.5697e-01
3.3267e-02
4.0546e-01
1.5817e-02
7.1371e-02
3.7158e-01
2.0789e-01
7.1885e-02
2.4193e-01
3.0085e-02
2.4303e-01
5.7602e-02
7.9791e-02
1.7310e-02
9.1829e-02
1.4446e-01
1.7815e-01
2.0662e-01
1.4231e-01
1.7694e-01
1.3531e-01
4.7041e-01
1.5656e-01
9.0202e-02
5.1063e-02
1.3518e-01
2.5593e-01
1.3227e-02
5.6857e-02
2.3610e-01
2.2742e-01
1.2176e-01
2.0847e-01
2.0625e-01
6.2012e-02
6.5075e-02
2.8923e-02
1.1287e-02
2.1639e-01
3.9228e-02
3.1263e-01
1.5636e-01
2.0004e-02
2.5090e-01
5.4900e-02
1.3594e-01
9.2610e-02
7.3784e-02
1.4816e-01
2.6281e-01
2.2858e-01
2.4455e-01
8.0052e-02
3.5230e-02
1.2703e-01
1.7535e-01
2.4232e-01
4.5524e-01
4.5398e-02
1.5346e-01
2.0106e-01
1.3953e-01
1.3017e-02
2.6505e-01
4.3703e-02
7.4474e-02
3.1354e-02
1.5183e-01
5.5344e-01
5.1499e-02
1.6021e-01
2.4491e-01
2.4094e-01
1.7908e-01
2.1625e-02
2.3506e-01
1.2479e-01
1.6422e-01
2.3733e-03
1.1874e-02
3.0816e-02
2.4419e-01
5.3796e-02
5.6674e-01
2.0027e-01
2.7050e-02
1.4563e-01
1.0065e-01
3.2193e-02
2.7790e-01
1.8402e-01
1.3974e-01
2.2020e-02
1.3185e-01
1.2921e-01
1.8203e-01
1.2633e-01
1.9579e-01
2.7199e-01
2.2280e-01
8.8382e-03
1.7140e-01
2.0299e-02
7.5932e-02
1.9879e-01
2.4504e-01
3.4830e-01
1.8066e-01
2.1399e-02
1.0285e-01
1.0826e-02
3.5263e-02
4.7906e-01
1.2758e-01
3.1994e-01
8.1308e-02
3.2526e-02
1.2083e-01
1.4681e-01
1.9702e-01
1.0172e-01
1.7750e-01
2.0519e-01
9.4924e-02
2.3873e-01
9.6285e-02
2.7427e-01
2.4748e-01
1.8638e-01
1.1833e-01
1.8795e-02
1.7467e-01
2.2401e-01
3.1674e-02
2.6795e-01
1.6211e-01
1.6410e-01
1.1188e-01
4.4321e-02
2.5217e-02
3.8534e-01
1.6639e-01
5.8744e-02
1.3964e-01
1.7094e-01
7.3503e-01
3.0852e-02
1.6850e-01
1.5195e-01
6.9408e-02
5.0794e-01
1.8493e-01
8.1144e-02
4.4245e-03
1.9977e-01
3.0836e-02
1.8479e-01
5.6852e-02
1.5007e-01
3.7463e-01
1.5177e-01
2.9145e-01
2.0113e-01
1.8831e-01
7.3465e-01
1.2534e-01
2.7204e-01
3.7477e-02
2.9833e-01
2.6258e-01
2.2744e-01
3.4338e-02
1.7907e-01
2.4475e-01
5.5300e-02
1.2955e-01
1.5839e-01
6.4154e-02
3.4172e-01
4.0273e-02
3.2732e-01
2.0437e-01
4.5964e-01
5.6231e-01
2.6554e-02
3.6259e-02
7.5248e-02
1.5413e-01
1.6210e-01
1.7028e-01
1.4065e-01
1.9108e-01
3.9687e-02
2.6993e-01
1.4529e-01
2.2375e-01
4.1367e-02
1.0219e-01
1.0290e-01
2.0525e-03
9.0480e-02
1.7572e-01
1.0214e-02
2.6366e-01
2.2303e-01
1.9533e-01
2.7940e-01
3.2970e-01
4.6016e-02
2.1802e-01
2.9837e-01
1.0832e-01
9.4369e-02
1.7046e-01
2.1698e-01
1.8716e-01
1.0225e-01
1.6769e-01
2.7016e-01
2.5269e-01
3.2943e-02
1.3950e-01
6.3797e-02
3.2229e-01
7.3959e-02
1.8926e-01
1.2748e-01
3.1308e-01
1.7284e-01
1.7865e-01
2.2061e-02
2.7927e-01
1.1705e-01
2.5268e-01
3.3464e-01
2.7158e-01
1.3253e-01
2.2063e-01
1.0678e-01
1.9371e-01
4.2760e-01
2.3481e-01
4.6467e-02
2.6945e-01
4.0594e-01
1.1794e-01
5.1198e-02
2.4068e-01
1.8267e-01
1.6294e-01
1.9976e-01
1.3540e-01
1.2277e-01
2.7252e-01
4.0687e-01
1.0916e-01
2.2608e-01
3.0823e-01
1.0571e-01
2.2303e-01
1.7182e-02
2.8339e-01
1.3335e-01
1.2855e-01
1.4712e-01
1.3274e-01
1.6093e-01
7.6223e-02
1.5740e-01
2.1490e-01
4.4417e-02
1.9926e-01
7.9722e-02
6.1671e-02
3.5518e-01
2.5210e-01
3.9453e-01
1.4959e-01
1.8508e-01
2.0658e-01
1.5218e-01
3.5556e-02
2.2052e-01
1.4984e-01
2.9805e-01
2.6955e-01
2.3636e-01
2.5438e-01
2.3808e-01
4.5405e-01
2.5580e-01
1.8009e-02
2.3556e-01
3.4497e-01
1.2794e-01
3.7157e-01
2.2153e-01
3.3347e-02
1.7608e-01
8.1657e-02
2.2139e-01
3.9873e-01
1.2578e-01
2.5515e-01
1.6309e-02
1.5898e-02
1.4559e-01
4.4416e-02
3.9360e-01
4.6712e-01
4.1970e-02
6.9871e-02
1.6313e-01
1.4453e-01
1.4234e-01
1.7873e-02
2.4119e-01
1.9160e-01
1.1727e-01
8.6931e-02
2.3572e-01
1.7722e-01
4.9250e-01
1.9622e-01
2.3954e-01
2.4547e-01
1.6474e-01
2.8176e-01
1.7529e-01
9.3592e-02
1.7584e-01
3.1209e-02
3.8099e-01
1.8107e-01
2.0363e-01
8.9793e-02
1.9244e-01
2.9012e-01
1.8211e-02
1.6831e-01
3.6959e-01
2.2227e-01
1.6467e-01
1.5610e-01
2.0244e-01
2.1313e-01
2.2434e-01
8.9364e-02
2.9735e-01
3.5392e-02
3.5572e-01
1.2079e-01
3.6450e-01
1.6214e-01
2.4518e-01
2.0570e-01
2.5592e-01
2.0464e-01
4.6758e-02
3.8048e-03
3.5063e-01
1.3651e-01
1.3479e-01
8.8262e-03
2.1162e-01
9.0725e-02
9.7544e-02
3.1797e-02
4.4009e-02
1.0900e-01
2.2070e-01
2.1449e-01
1.8517e-01
2.1668e-01
3.1154e-01
9.6909e-02
7.7017e-02
7.3563e-02
6.8167e-03
1.3168e-01
2.4179e-01
3.0414e-02
2.5192e-01
2.5347e-01
4.1214e-02
1.3235e-02
8.2984e-02
1.3562e-01
2.6200e-01
2.2535e-01
2.7968e-02
1.7877e-01
8.4520e-02
8.4932e-02
1.5075e-01
2.9852e-02
2.4182e-01
3.1849e-01
7.6130e-03
1.4221e-01
1.7151e-01
2.3984e-01
3.8148e-01
1.3802e-01
2.0558e-01
3.7176e-01
4.0274e-03
5.5652e-02
1.3834e-02
1.4195e-01
6.3644e-02
2.3163e-01
2.7763e-01
1.6413e-01
2.1964e-01
2.7708e-01
2.1414e-02
1.2858e-01
3.0101e-01
2.0806e-01
1.1657e-01
1.6414e-02
3.7949e-01
6.7817e-02
1.2410e-02
1.9070e-01
1.3675e-01
3.9251e-01
4.3312e-01
2.2805e-02
2.9806e-02
3.0624e-01
3.0968e-02
1.6004e-01
1.5980e-01
2.1661e-01
2.5079e-01
2.5497e-01
9.9455e-02
5.4475e-02
1.4299e-01
2.1989e-01
7.0732e-02
2.1210e-02
4.3354e-02
4.6537e-01
1.7506e-01
5.0845e-02
1.1310e-02
1.3735e-01
2.7412e-01
4.3035e-02
4.1414e-02
4.4321e-01
1.0452e-01
3.0784e-01
2.0392e-01
1.6954e-01
2.5055e-01
1.6803e-02
1.8351e-02
2.1723e-01
2.1804e-01
1.9036e-01
1.8346e-01
3.7568e-03
2.3774e-01
2.5410e-01
1.8049e-01
3.3328e-02
2.9755e-02
5.0555e-02
8.8129e-02
1.5912e-01
3.5594e-01
1.8151e-01
1.6542e-01
2.5962e-02
2.1594e-01
1.9636e-01
1.7962e-02
1.4375e-02
5.0149e-02
1.5313e-03
1.3909e-01
1.0907e-01
1.0187e-01
2.6355e-01
3.0109e-02
4.1521e-01
1.6184e-01
1.3448e-01
1.7734e-01
1.5234e-01
5.2487e-02
1.9277e-01
5.6733e-02
8.7861e-02
2.4733e-01
3.9729e-01
2.9418e-02
2.7299e-01
6.7198e-02
1.6668e-02
4.2983e-02
1.2959e-02
2.8376e-01
2.1487e-01
2.1207e-01
2.8002e-01
2.0556e-01
1.1041e-01
1.5445e-01
2.3322e-01
2.3450e-01
3.7358e-01
1.5004e-01
7.4024e-02
1.7637e-01
2.5146e-01
3.4068e-01
2.2872e-01
3.1066e-01
8.2539e-02
1.8713e-01
2.8136e-01
2.3110e-01
6.5454e-02
1.1135e-01
1.9378e-01
2.0140e-01
3.2103e-01
6.2469e-02
5.1099e-02
3.8832e-01
1.4346e-03
2.5933e-01
2.2130e-02
2.1190e-02
2.3045e-01
2.5144e-01
3.2282e-01
4.4518e-02
1.6383e-01
2.1766e-01
2.1744e-03
1.2216e-01
6.1022e-02
2.6411e-01
1.1382e-01
1.2830e-02
8.4834e-02
2.7765e-02
1.5821e-01
1.4714e-01
2.2277e-01
1.5743e-01
1.8755e-01
3.6462e-01
1.0954e-01
8.3057e-02
4.4764e-01
1.9084e-01
2.4276e-01
2.8799e-01
4.9137e-02
2.6040e-01
1.9688e-01
1.1652e-01
1.8131e-01
2.6781e-01
2.1814e-01
2.6357e-03
1.9857e-02
2.0488e-01
1.1019e-01
2.9055e-02
1.3874e-01
9.8785e-02
2.4961e-01
2.4185e-01
2.0161e-01
2.2169e-01
2.8140e-02
1.9103e-01
1.4005e-01
1.4126e-01
6.1172e-02
1.4235e-01
2.2467e-01
2.1044e-01
1.4625e-01
2.0559e-01
1.9373e-01
1.5565e-02
1.8003e-01
9.7469e-03
2.1232e-01
2.5610e-01
7.5463e-02
3.6169e-02
2.0802e-01
1.6084e-01
2.1125e-01
3.8642e-01
2.1315e-01
9.7154e-02
7.4036e-02
1.5402e-01
5.4076e-02
1.8885e-01
2.3559e-01
2.3217e-02
1.0950e-01
1.9615e-01
6.5692e-02
2.6406e-01
2.6505e-01
7.2415e-02
1.5355e-01
2.1229e-01
7.0400e-02
1.5310e-01
2.4476e-01
2.8077e-01
1.2684e-02
2.4171e-01
2.1356e-02
1.4500e-01
4.8939e-02
1.4609e-01
3.1267e-02
1.5754e-01
3.1988e-01
3.2332e-01
9.6336e-02
1.5571e-01
3.0901e-02
1.6569e-02
5.9501e-02
2.9185e-01
2.0038e-01
3.0638e-01
2.1400e-01
5.7976e-02
3.6962e-01
1.6609e-01
1.3967e-01
1.4403e-01
1.5136e-01
1.2951e-01
3.6047e-02
7.2459e-02
1.5252e-01
2.0362e-01
2.5625e-02
9.1125e-02
4.0133e-01
2.7661e-01
4.7063e-02
2.8498e-01
7.3246e-02
2.0006e-02
1.9551e-01
1.8499e-01
4.3830e-02
3.4295e-02
3.1740e-01
7.3318e-02
2.2840e-01
2.1818e-01
2.3697e-01
1.5367e-01
2.7997e-01
1.6205e-01
1.0874e-01
3.5248e-01
1.9088e-01
1.8268e-01
2.6587e-01
1.9500e-01
3.7097e-02
1.4326e-02
8.6276e-02
7.3968e-02
1.7983e-01
1.7564e-01
2.6849e-01
1.1612e-01
2.0581e-01
3.9827e-02
1.7747e-01
1.7035e-01
2.6577e-01
1.1431e-01
1.2746e-01
4.3871e-01
1.2981e-01
2.6045e-02
1.2307e-01
2.2134e-01
1.4952e-01
2.3242e-01
2.6495e-01
7.4950e-02
1.9169e-01
4.3567e-03
2.7583e-01
3.0203e-01
5.5244e-02
3.3099e-03
1.1014e-01
2.2488e-01
1.3877e-01
1.9492e-01
1.2256e-01
6.4030e-02
1.8754e-02
1.5143e-01
2.3814e-01
2.4158e-01
3.8132e-02
2.1197e-01
1.6197e-01
2.6061e-01
5.0948e-02
2.5577e-01
1.4550e-01
1.5862e-01
4.9625e-01
1.1058e-01
2.0189e-01
2.0567e-01
5.9007e-02
3.5314e-01
1.9648e-01
1.3941e-01
1.0043e-01
1.1513e-01
1.0591e-01
6.7069e-02
1.6682e-01
2.6218e-01
2.2666e-02
2.7607e-01
1.4880e-01
2.4930e-01
1.9829e-01
6.2461e-02
2.2660e-01
2.2199e-01
1.4318e-01
3.2098e-01
1.1027e-01
2.9748e-01
1.0765e-01
2.2159e-01
5.2167e-01
1.7755e-01
1.6896e-02
2.3762e-01
1.9436e-01
1.9915e-01
9.0289e-02
1.5894e-01
3.0972e-01
5.4534e-01
2.9736e-01
1.8327e-01
1.8986e-01
2.8781e-01
1.9324e-01
2.0266e-01
1.5652e-01
2.2128e-01
1.9443e-01
2.6070e-01
1.5169e-01
4.6869e-01
2.6005e-01
1.4185e-01
7.2071e-02
1.1632e-01
1.6157e-02
3.3804e-02
2.9365e-02
1.1356e-01
2.1666e-01
7.3151e-03
1.0009e-01
4.7214e-01
5.7376e-02
1.1177e-01
2.8868e-02
1.8654e-01
3.7025e-01
4.0874e-02
5.3589e-02
2.9824e-01
2.0268e-01
2.1204e-01
5.6387e-02
2.4378e-01
4.4350e-02
2.6570e-03
2.4252e-01
1.5524e-01
1.0930e-01
2.5017e-01
1.1900e-01
4.4140e-02
1.2131e-01
3.0313e-01
1.7314e-01
3.2832e-01
1.1919e-01
2.0708e-01
7.6840e-02
1.8353e-01
1.0524e-01
2.6524e-02
4.3687e-02
2.2114e-01
1.6993e-01
2.1663e-01
2.3585e-01
1.5660e-01
2.5376e-01
6.7029e-02
1.9208e-01
1.9625e-01
1.8208e-01
3.9273e-01
2.3023e-01
1.7355e-01
1.0949e-01
1.6476e-01
2.7490e-01
4.6051e-02
6.8929e-02
9.4386e-02
6.7621e-02
3.6669e-02
2.0237e-01
2.2310e-01
3.0948e-01
3.5079e-02
1.1222e-02
5.4591e-02
1.9224e-01
1.1326e-01
1.1317e-01
1.6968e-02
1.3365e-01
1.6145e-01
7.0538e-02
2.0454e-01
1.5049e-01
3.0764e-01
2.2686e-01
2.8781e-01
1.0148e-01
2.2431e-01
4.6607e-02
9.5337e-02
3.6060e-01
3.4328e-03
2.3782e-01
1.2443e-01
3.2502e-01
1.3833e-02
2.0000e-02
2.3042e-01
1.9974e-01
1.9796e-01
2.2833e-01
3.8533e-01
2.7394e-01
2.6761e-01
2.1356e-01
3.5146e-02
2.7358e-01
1.5129e-01
4.0028e-01
1.5967e-01
5.1657e-02
1.9757e-01
5.9302e-02
2.4058e-01
2.1749e-01
1.4500e-01
5.4075e-02
2.1138e-01
1.7770e-02
3.3181e-02
2.3854e-01
4.6465e-02
4.3490e-02
1.9087e-01
2.2733e-01
1.9534e-01
2.7669e-01
3.0365e-01
2.2187e-01
1.2398e-01
2.3942e-01
1.8364e-01
4.9596e-02
1.1515e-01
1.2960e-01
2.3292e-01
2.4755e-01
2.2818e-01
1.8374e-01
2.3997e-01
4.8530e-02
1.3898e-01
1.7514e-01
3.1469e-01
2.0439e-01
1.1117e-01
3.4042e-01
5.1467e-02
2.6596e-01
2.3673e-01
9.5046e-02
2.4361e-01
2.1505e-01
8.2407e-02
2.9821e-01
1.4346e-03
2.3060e-01
3.3022e-01
1.8497e-01
5.2645e-02
2.1150e-01
8.5318e-02
2.2520e-01
3.5842e-01
5.1148e-01
3.6795e-01
1.5898e-01
4.8982e-02
1.6655e-01
3.4057e-02
4.6802e-02
3.0108e-02
4.2755e-01
1.4170e-01
2.5655e-01
2.4116e-01
1.6997e-01
4.8262e-02
2.5730e-01
2.8360e-02
3.3733e-02
3.1772e-01
2.0122e-02
2.4326e-01
1.2818e-01
2.4288e-01
3.3867e-01
1.6570e-01
1.6051e-01
2.1893e-01
3.6183e-01
1.4202e-01
2.1799e-01
1.4455e-02
2.4364e-01
5.1485e-02
3.4128e-01
2.8225e-01
1.3849e-01
2.7244e-01
1.5594e-01
2.2755e-01
2.9052e-02
2.0057e-01
1.5702e-01
1.1660e-01
2.5703e-01
3.5772e-02
2.1958e-02
3.8952e-02
2.1303e-01
5.6059e-02
2.0411e-01
2.0269e-01
2.3058e-01
1.0375e-01
1.5282e-01
3.1426e-01
1.6328e-01
2.0546e-02
1.5291e-01
1.2497e-01
8.0209e-02
4.4680e-01
2.3821e-01
4.3703e-01
2.7874e-01
5.2367e-02
2.8144e-01
4.9844e-02
2.9059e-01
1.9973e-01
3.0649e-01
3.6717e-01
2.5919e-01
2.0665e-01
1.1242e-01
9.4221e-03
1.3155e-01
5.5258e-03
3.1363e-01
4.2324e-02
8.7780e-02
7.2632e-02
7.5681e-02
1.5801e-01
1.6797e-01
4.3807e-02
2.3330e-01
1.7503e-02
2.0001e-01
1.6091e-01
2.5589e-01
2.1239e-01
2.3011e-01
2.2193e-01
1.4798e-01
1.0085e-01
1.9264e-01
1.6268e-01
3.1735e-03
2.8730e-02
5.0173e-02
7.5114e-03
1.2523e-02
4.1926e-02
2.1685e-01
2.2956e-01
2.7326e-01
2.7542e-01
2.1536e-01
3.5747e-02
2.6892e-01
2.6539e-01
2.6391e-01
3.4146e-01
2.2086e-01
1.8643e-01
9.1023e-02
1.0162e-01
3.8918e-01
2.0505e-01
1.6333e-01
8.7080e-03
2.7127e-02
6.8644e-03
2.2252e-01
2.1576e-01
4.4006e-01
1.4659e-01
1.0093e-01
7.3867e-02
2.0401e-01
2.2152e-01
1.3449e-01
2.3206e-01
1.8046e-01
3.4014e-02
2.6688e-02
1.1138e-02
8.1565e-02
1.7460e-01
3.0331e-01
3.8903e-01
1.4914e-01
9.6251e-02
5.6993e-02
1.8947e-01
6.8832e-02
1.5045e-01
1.5628e-01
1.5205e-01
7.9126e-02
4.9018e-01
4.6621e-01
2.5011e-01
5.6361e-03
1.6774e-01
1.4215e-01
2.4593e-01
3.9555e-01
5.5715e-02
2.6758e-01
4.9488e-01
1.9011e-01
1.2824e-01
1.7100e-01
2.9237e-01
7.1057e-02
1.1758e-01
4.0969e-01
1.7351e-01
2.2456e-01
2.3244e-01
2.2639e-02
3.2039e-01
4.3277e-01
1.2472e-01
3.4825e-02
1.4332e-01
7.8222e-02
1.7159e-01
2.5355e-01
2.6286e-01
2.1549e-02
1.2750e-01
2.4011e-01
8.9929e-02
2.4976e-01
6.3170e-02
1.3479e-01
7.4768e-02
1.5694e-01
3.9780e-01
2.1611e-01
9.4043e-02
3.8461e-01
1.5661e-01
2.6275e-02
2.7750e-01
1.1797e-01
1.3937e-01
5.1070e-01
1.0444e-01
2.2181e-01
2.6803e-01
5.3623e-02
3.1786e-01
2.8457e-01
2.2528e-01
3.5794e-02
5.0079e-03
2.7614e-01
1.4811e-01
1.0506e-01
5.9138e-02
2.1019e-01
2.9485e-01
1.3528e-01
2.4261e-01
2.7747e-01
3.3308e-02
3.9685e-02
1.1847e-01
3.7566e-02
1.4488e-01
3.1771e-02
4.2056e-01
2.4755e-01
4.4042e-01
3.8794e-02
1.7792e-01
1.5703e-01
1.7678e-01
1.3008e-01
1.3420e-01
9.4575e-02
4.2506e-01
1.4346e-03
2.0441e-01
1.6369e-01
4.4139e-01
4.0931e-02
1.5531e-01
5.1883e-02
1.6618e-01
3.6540e-01
2.4811e-01
3.9697e-02
7.1699e-03
2.7595e-02
1.5970e-01
2.6546e-01
1.1626e-01
1.4450e-01
1.8919e-02
1.1736e-01
2.7713e-01
3.3228e-02
3.8499e-01
1.4895e-01
4.0573e-02
2.9281e-01
1.5191e-01
1.3275e-01
6.8154e-02
9.8712e-02
1.7939e-01
2.0769e-01
5.9348e-02
1.5241e-01
1.9292e-01
2.8889e-02
1.8599e-01
1.3148e-01
2.6510e-01
2.5033e-01
7.1848e-02
3.0672e-01
3.4268e-02
2.4910e-01
5.0366e-02
2.1557e-02
2.4809e-02
2.4331e-02
3.1082e-02
1.9798e-01
2.6474e-01
1.4716e-01
1.8040e-02
2.3074e-03
3.7996e-02
9.9850e-03
2.9581e-02
5.1856e-02
1.3420e-01
3.0560e-01
1.5957e-01
1.5530e-02
1.3615e-01
2.1037e-01
2.2320e-01
2.3734e-01
3.6444e-01
9.6600e-02
4.4830e-02
1.3584e-02
5.8612e-02
1.8126e-01
2.2234e-01
1.4687e-01
1.0957e-01
2.2864e-02
2.5458e-02
9.5635e-02
3.1489e-02
2.3584e-01
3.9958e-02
1.5172e-01
2.2116e-01
7.6466e-02
4.7853e-01
1.8982e-01
1.2526e-01
1.7475e-01
1.7128e-01
2.0839e-01
1.0035e-01
1.9805e-01
1.4346e-03
1.6321e-02
6.7036e-03
2.4518e-01
3.0639e-01
6.1287e-02
3.0356e-01
1.5909e-01
4.2335e-03
1.0357e-02
2.0745e-01
2.6244e-02
1.7524e-01
1.6125e-01
1.7619e-01
9.9908e-02
3.5219e-01
1.7009e-01
1.7734e-02
2.6003e-01
2.5027e-01
1.8300e-01
3.4583e-02
6.9591e-01
2.1171e-01
1.5785e-01
1.6545e-01
2.6228e-01
1.8171e-01
3.9611e-02
2.1969e-01
9.1516e-02
9.0411e-02
2.5186e-01
3.5004e-02
8.2194e-02
1.8764e-01
1.3249e-01
4.0383e-01
1.6604e-01
1.4346e-03
6.3182e-03
2.5665e-01
2.2148e-01
7.1432e-03
2.3695e-01
1.1673e-01
2.1660e-01
2.3084e-01
2.0161e-01
5.6574e-02
1.8075e-01
2.6182e-01
9.2807e-02
3.3328e-01
1.1065e-01
4.2750e-02
4.3691e-02
5.5972e-02
2.0991e-01
1.5746e-01
1.6198e-01
8.9063e-02
1.6961e-01
2.5971e-01
5.5119e-01
2.0356e-02
2.4330e-02
5.6027e-01
2.0538e-01
1.2190e-02
4.6027e-02
9.4422e-02
1.5262e-01
2.5027e-02
6.0712e-01
1.4115e-01
2.0693e-01
2.6006e-01
1.0121e-01
2.4098e-01
1.9907e-02
1.0201e-01
3.0632e-01
2.9563e-01
3.8806e-01
2.4698e-01
2.4842e-01
1.4604e-01
6.8673e-02
4.3340e-01
2.6674e-01
7.1267e-02
2.0899e-01
5.4166e-02
8.1305e-02
4.9537e-01
4.7930e-01
2.3825e-01
8.8471e-03
1.6134e-01
1.0634e-01
2.1476e-01
3.6955e-01
1.4828e-01
1.2555e-01
2.5254e-01
1.2529e-01
1.4054e-01
1.3917e-01
8.6149e-02
1.2665e-01
1.8827e-01
1.9750e-01
1.0967e-01
2.1532e-01
1.4863e-01
2.4851e-02
1.6158e-01
4.8798e-01
5.8611e-01
2.4629e-01
6.6437e-02
3.7281e-02
4.7545e-02
2.2060e-01
1.1595e-02
1.4387e-02
2.8427e-01
2.4779e-01
7.5647e-03
2.5549e-01
1.8465e-01
1.2242e-01
1.6068e-01
4.8417e-01
8.1094e-02
1.9666e-01
4.0305e-01
5.2881e-02
7.6909e-03
2.0886e-01
1.7248e-01
1.8022e-01
2.1360e-01
7.3307e-02
1.1640e-01
2.7244e-01
2.3391e-01
4.2689e-03
1.5514e-01
7.0312e-02
2.8660e-01
1.4035e-01
1.8325e-01
1.7202e-02
1.3577e-01
2.9344e-01
1.0528e-01
2.1683e-01
1.9864e-01
7.8326e-03
2.0672e-01
3.2783e-02
2.8091e-01
2.7601e-01
1.2609e-01
4.5323e-02
2.3887e-01
2.4884e-01
2.5915e-01
2.7709e-01
2.0480e-02
2.2059e-01
2.3617e-02
1.9149e-01
7.9279e-02
2.4209e-01
1.5999e-01
1.8509e-01
3.7950e-01
3.8590e-01
4.4733e-02
4.2550e-01
5.3925e-02
1.3691e-01
3.1583e-01
3.7954e-02
2.5125e-01
2.5453e-01
2.3881e-01
6.1726e-03
2.2982e-01
1.7236e-01
2.2519e-01
3.2432e-01
2.7971e-01
3.1428e-01
5.4228e-02
2.1692e-01
2.1543e-01
3.3173e-02
3.6812e-01
4.2811e-01
1.5314e-01
4.5466e-01
2.8515e-02
2.1737e-01
1.8231e-01
2.1991e-02
2.6516e-01
2.0259e-01
3.3643e-01
2.1918e-02
6.5495e-02
3.4369e-02
2.4581e-01
5.7035e-02
1.1240e-01
2.0662e-02
6.8773e-02
9.0491e-02
5.8078e-02
1.9240e-01
9.1663e-02
2.9387e-01
9.3144e-03
1.6957e-01
1.8130e-01
2.3911e-01
1.5160e-01
1.9805e-01
1.0250e-01
3.9144e-01
5.8102e-02
8.4015e-02
3.7993e-01
2.8142e-01
5.0318e-01
2.6244e-01
1.2891e-01
5.6330e-01
3.3583e-03
3.9298e-02
2.9088e-02
2.8582e-01
2.1684e-01
4.0725e-01
5.0341e-03
1.3221e-02
2.5696e-01
2.0431e-01
2.1420e-01
2.8282e-02
5.2711e-02
1.6145e-01
3.0274e-01
6.2290e-02
2.0397e-01
2.2356e-02
7.6791e-02
2.9478e-02
2.0605e-01
3.0572e-01
1.5786e-01
3.9982e-02
1.3396e-01
4.2287e-02
4.4607e-02
2.3128e-01
1.2200e-02
2.9000e-01
2.0202e-01
3.7832e-02
3.4704e-02
1.7841e-01
1.4293e-01
5.7687e-01
4.1469e-02
1.4957e-01
1.4445e-01
1.1788e-01
2.3437e-01
3.6177e-02
8.0151e-02
4.4970e-01
3.1622e-01
1.3055e-01
4.3253e-02
3.4728e-02
2.1069e-01
3.0582e-02
4.0591e-01
2.8442e-01
6.9064e-03
3.2769e-03
8.8624e-03
1.3411e-01
8.2537e-02
2.5304e-02
1.7946e-01
1.3472e-02
6.1997e-02
4.6495e-02
3.4148e-01
1.0487e-01
1.9229e-01
2.4415e-01
1.6908e-01
1.0002e-01
1.1162e-01
2.8879e-01
1.2257e-01
2.5942e-01
1.8703e-01
5.1023e-01
7.0049e-02
1.3165e-01
1.3568e-01
4.4688e-02
1.8630e-01
1.6500e-01
4.4837e-02
2.7520e-01
5.2013e-02
1.4025e-01
8.0262e-02
1.4156e-01
2.0637e-01
4.2864e-02
1.5005e-01
1.7694e-01
2.2210e-01
2.1349e-01
1.1897e-01
2.8162e-01
1.9895e-01
1.5528e-01
2.5354e-02
2.0240e-01
2.1182e-01
1.5620e-01
1.2781e-01
2.9752e-01
1.0097e-01
4.0500e-01
5.5811e-02
1.8484e-01
1.3798e-01
7.0288e-02
1.8322e-01
4.9290e-01
2.7600e-01
1.4765e-01
1.7051e-02
1.7566e-01
1.6464e-02
2.0021e-01
1.7942e-01
2.2808e-01
2.0904e-01
2.9627e-02
2.8929e-01
3.1744e-01
1.2826e-01
1.4516e-01
1.7030e-02
2.9120e-02
9.2131e-02
1.8680e-01
2.3596e-01
3.5255e-01
5.5892e-01
4.3724e-02
1.5912e-02
3.4978e-01
1.0178e-01
2.5183e-01
4.2599e-02
1.7813e-01
1.2168e-01
3.1322e-01
2.2256e-01
2.4519e-02
2.9707e-01
4.9666e-01
1.3183e-01
2.7984e-01
9.2605e-02
3.6819e-01
4.2993e-01
2.6696e-01
1.5738e-01
2.0600e-01
2.0541e-01
3.4680e-02
4.5643e-01
1.2795e-01
5.8558e-02
2.9959e-01
2.3616e-01
7.0340e-02
2.4579e-02
1.2133e-01
2.7788e-01
1.8693e-02
8.8087e-02
1.8665e-01
1.8198e-01
8.3018e-02
4.8072e-01
2.1800e-01
1.4786e-01
1.8627e-01
1.6087e-01
2.4140e-01
2.3669e-01
4.5964e-01
2.1543e-01
1.3059e-01
6.2055e-01
8.2351e-02
1.8816e-01
1.7047e-01
2.2870e-01
1.1629e-01
2.0653e-01
2.2996e-01
3.6667e-01
1.4004e-02
2.4356e-01
3.7008e-01
1.0595e+01
1.2233e-01
1.6213e-02
2.5248e-01
3.3680e-01
4.0902e-01
2.3201e-01
1.2701e-01
1.0578e-01
1.3208e-01
2.0465e-01
1.3839e-01
1.8151e-01
2.2027e-03
2.2733e-01
1.4276e-01
2.2829e-01
4.9765e-03
1.6090e-01
2.4020e-01
2.9017e-01
7.2518e-02
1.2633e-01
1.1727e-01
1.7127e-01
1.5320e-01
8.1776e-02
5.4177e-03
3.2106e-01
2.4338e-01
1.7577e-01
1.7034e-02
4.5922e-02
1.3342e-01
2.1810e-01
1.5567e-01
2.2510e-01
4.2092e-01
3.9970e-02
1.1510e-01
7.4127e-02
1.8900e-02
4.7538e-03
2.5354e-01
2.3566e-01
1.8735e-01
2.7011e-01
1.1079e-01
1.0138e-01
8.7797e-02
6.9080e-02
2.2349e-01
1.7623e-01
4.5645e-01
2.0834e-01
3.7290e-01
2.3371e-01
9.1376e-02
2.8666e-01
2.7408e-01
4.9180e-02
8.3951e-03
2.3459e-01
3.3952e-02
4.9136e-01
2.0051e-01
1.3207e-01
2.3339e-01
1.7180e-01
2.1084e-01
4.0738e-01
1.7906e-01
2.1374e-03
7.2696e-02
2.3984e-02
1.9151e-01
2.0602e-01
1.7049e-01
2.4234e-01
2.3626e-01
1.5241e-01
4.8365e-02
4.2038e-02
3.9674e-01
2.2491e-01
2.9597e-02
5.1322e-02
1.2308e-01
4.0623e-02
7.8004e-02
2.6745e-02
2.6916e-01
9.0963e-02
1.1542e-01
1.8077e-01
1.1476e-01
1.5737e-02
1.1387e-01
2.6162e-01
2.8342e-01
6.9474e-02
4.3588e-02
1.6298e-01
1.9270e-02
3.1604e-02
1.9087e-01
2.7612e-02
1.1555e-01
5.1394e-01
1.1187e-01
1.7497e-01
9.6879e-02
1.1319e-01
1.7453e-01
1.9492e-01
6.1559e-02
2.7050e-01
5.7917e-02
1.3338e-01
2.1925e-01
1.3956e-01
2.4205e-01
2.1529e-01
2.2143e-01
2.7328e-01
5.6916e-02
9.9413e-01
3.8539e-01
2.1910e-01
3.6928e-01
1.9149e-01
2.1512e-01
9.8654e-02
6.1053e-03
2.1717e-01
1.9628e-01
6.3547e-02
4.3825e-01
1.8583e-01
1.0938e-02
1.8537e-01
2.4523e-01
6.7989e-02
2.3048e-01
1.2030e-01
4.7180e-01
2.1981e-01
4.5886e-01
5.0031e-02
1.7062e-01
1.9308e-01
4.2165e-01
1.7356e-02
9.5116e-02
2.4016e-01
9.6103e-03
1.9395e-01
1.3558e-01
5.9627e-02
9.3003e-02
4.6825e-01
3.1322e-01
2.4375e-01
1.8586e-01
1.3779e-01
4.6744e-02
2.3207e-01
3.3843e-02
2.9731e-01
2.5020e-01
2.3063e-01
1.0435e-02
1.6839e-02
1.1526e-01
3.4431e-02
1.3074e-01
4.5835e-02
5.9480e-02
6.6529e-02
1.2952e-01
4.0273e-02
2.1366e-01
5.3851e-01
1.6408e-01
2.2991e-01
9.8610e-02
2.1792e-02
2.6700e-02
2.9730e-02
1.3340e-02
2.6785e-01
2.4444e-01
1.7576e-01
1.5636e-01
5.1969e-01
2.3114e-01
1.1345e-01
2.5329e-01
1.0425e-01
1.4805e-01
2.6662e-01
2.6466e-01
4.3809e-02
1.3549e-01
2.2865e-01
2.0994e-01
1.5732e-01
2.0129e-01
1.3112e-01
2.8830e-01
1.8531e-01
1.7703e-01
2.4566e-02
2.9638e-01
3.0763e-01
2.2643e-01
2.2443e-01
7.3860e-02
1.1553e-01
2.2469e-01
1.7593e-02
3.8139e-02
3.5061e-01
3.3324e-02
1.8443e-01
1.0443e-02
6.5952e-02
1.4999e-01
1.1838e-01
2.9063e-01
1.5081e-01
2.7355e-02
1.1742e-01
2.7617e-01
1.5817e-01
2.7625e-01
7.9802e-02
2.5139e-01
9.8194e-03
1.9587e-01
5.2143e-02
8.0586e-02
7.5799e-02
2.1668e-02
3.7147e-01
1.5464e-01
1.8746e-01
1.1621e-01
8.7393e-02
2.7130e-01
1.4318e-01
2.8660e-02
1.7902e-01
1.8387e-01
8.9867e-02
3.0257e-01
9.4918e-02
1.9165e-01
4.9214e-01
2.4177e-01
1.2039e-01
9.6996e-03
1.0229e-01
5.2897e-01
1.2557e-01
6.2769e-02
2.3853e-01
1.9069e-01
2.0837e-01
8.7879e-02
5.7509e-01
3.5530e-02
4.6030e-01
3.0532e-01
5.8447e-02
7.2868e-02
1.9814e-01
2.8986e-01
1.5213e-01
1.1525e-01
8.8765e-02
3.4002e-02
2.8509e-01
4.1622e-02
5.5721e-02
3.6956e-03
4.1378e-02
1.4864e-01
2.5046e-01
3.4118e-01
2.6413e-01
8.4234e-02
1.8520e-02
3.3894e-01
2.9486e-02
8.2247e-03
3.9591e-02
2.2644e-01
1.6648e-02
1.1264e-01
1.8504e-01
5.0030e-01
1.3184e-02
1.0086e-02
1.8788e-01
2.0326e-01
2.7153e-02
2.4362e-01
1.6948e-01
1.4630e-01
1.9845e-02
5.6406e-02
1.3303e-01
2.1400e-01
2.6652e-01
5.7134e-03
2.4517e-01
1.4477e-01
2.3468e-01
2.2142e-01
5.7343e-03
2.7318e-02
1.9691e-01
5.0024e-01
3.3733e-01
7.3226e-02
1.9400e-01
7.2909e-02
2.1986e-01
3.1888e-01
1.1812e-01
3.2042e-01
4.6419e-01
3.4013e-02
2.2275e-01
1.9591e-01
1.5413e-02
3.4940e-01
1.6527e-01
2.2313e-01
2.7883e-01
2.2288e-01
2.8731e-01
2.8719e-01
1.7274e-01
1.0295e-01
6.1592e-03
1.7181e-01
1.4124e-01
2.8242e-01
2.4146e-01
2.7563e-01
2.4921e-01
1.7066e-02
1.6181e-01
1.8899e-02
3.9238e-02
1.3299e-01
2.2444e-01
6.4606e-03
1.4732e-01
1.6733e-01
2.1378e-01
1.1980e-02
2.0390e-01
2.1432e-01
1.7417e-01
2.7503e-01
4.5042e-03
1.4039e-01
2.7717e-01
2.5534e-01
9.4110e-02
2.4900e-01
9.1677e-02
9.4024e-02
9.9460e-02
1.2098e-01
1.4313e-02
1.9015e-01
5.0139e-01
7.6396e-02
1.1910e-01
2.3396e-01
1.9894e-02
5.7849e-02
3.0116e-01
2.6406e-01
1.8458e-01
1.2363e-01
3.4441e-02
2.6876e-01
1.5366e-01
5.5444e-02
1.5708e-01
1.6039e-01
1.1750e-01
8.5756e-02
2.5939e-02
5.6414e-02
5.2690e-01
2.3957e-01
3.4022e-01
1.6140e-01
3.8546e-01
3.6042e-02
6.5104e-01
1.5253e-01
2.6199e-01
4.1306e-02
2.1927e-02
2.0221e-01
2.0229e-01
2.7760e+00
1.8357e-01
4.1435e-01
1.4394e-01
4.6061e-01
2.4391e-01
3.6088e-02
2.0825e-01
4.3562e-01
4.7560e-03
1.7798e-01
1.7601e-01
1.3302e-01
6.9324e-02
4.0374e-01
3.8117e-02
1.8490e-01
2.5260e-01
1.3754e-01
2.1440e-01
1.5560e-01
2.5703e-01
3.0134e-02
9.3104e-02
1.8468e-01
1.0966e-02
3.9662e-01
2.0874e-02
1.2272e-01
9.6311e-02
1.2021e-01
9.5944e-03
6.7796e-02
4.8428e-02
3.9352e-03
6.6975e-02
3.5792e-02
6.2479e-02
1.8681e-01
1.7116e-01
9.5791e-02
4.0953e-01
1.8023e-02
4.5075e-02
4.8394e-01
2.4971e-01
1.9827e-01
2.5401e-01
3.8363e-01
5.6573e-01
2.5230e-01
1.8990e-01
1.8792e-02
2.7883e-01
1.1404e-01
2.4248e-01
1.1828e-01
1.0700e-01
1.4036e-01
2.4306e-01
8.5504e-02
2.9085e-01
1.2309e-01
3.5307e-02
4.3341e-01
1.3101e-01
1.0670e-01
2.6443e-01
3.7497e-02
9.0814e-02
1.7433e-01
2.6429e-01
5.4554e-02
2.0052e-01
3.2373e-01
1.2445e-01
7.7846e-02
1.4017e-01
1.4346e-03
6.6174e-02
2.4187e-02
6.1488e-02
1.7400e-01
2.0476e-01
1.4274e-01
1.6629e-01
2.7309e-01
1.6792e-01
2.0153e-01
5.1357e-01
4.8262e-02
6.9067e-03
1.4346e-03
4.0685e-02
2.9931e-01
1.4166e-01
3.6496e-01
4.9729e-02
2.2841e-01
3.0248e-02
9.1332e-02
2.3377e-01
1.7663e-01
7.2235e-02
2.4044e-01
1.6443e-01
2.7834e-03
1.4245e-01
1.2464e-01
1.8570e-01
3.3860e-02
8.1064e-02
4.7528e-02
5.5468e-02
4.7164e-01
1.4346e-03
3.1443e-01
1.4799e-01
8.5269e-02
2.9457e-01
2.2607e-01
9.2680e-02
1.4288e-01
4.6498e-02
5.3975e-02
2.8803e-01
9.2826e-02
4.3410e-01
1.0793e-02
3.8759e-02
8.1626e-02
1.1326e-01
3.4984e-02
2.0165e-02
2.5997e-01
3.6826e-01
1.7175e-01
2.5954e-01
4.4813e-01
3.1562e-02
3.7955e-02
9.2868e-02
9.6627e-02
2.5750e-01
4.0307e-01
2.3386e-01
2.1944e-01
1.0090e-01
2.2224e-01
5.7478e-01
1.8042e-01
4.1658e-03
7.3572e-02
1.8265e-01
6.2580e-02
1.8187e-01
2.3196e-02
3.3226e-01
5.7355e-03
9.5542e-02
1.3219e-01
3.9682e-02
1.1338e-01
1.5114e-01
1.1806e-01
4.2373e-02
3.4884e-01
1.2886e-01
6.3704e-02
2.3819e-01
3.4822e-02
3.1326e-01
2.3248e-01
4.0365e-01
1.3369e-01
2.2876e-01
2.8459e-01
9.0862e-03
2.0331e-01
4.4168e-02
1.4532e-01
1.6376e-01
3.9931e-01
1.0335e-01
1.8684e-01
1.7676e-01
3.4143e-03
1.0110e-02
2.6650e-01
5.4910e-02
2.1819e-01
1.9094e-01
1.3675e-01
1.0742e-01
2.0861e-01
2.9639e-02
4.3044e-01
2.0747e-01
1.8384e-01
1.1747e-01
8.1489e-02
1.5809e-01
1.0379e-01
2.0532e-01
4.0291e-02
2.1984e-01
2.1714e-01
9.0769e-03
2.8319e-01
2.5703e-01
9.2836e-02
2.7835e-01
1.2695e-01
8.7861e-02
6.7087e-01
1.8270e-01
1.7276e-01
4.1050e-01
1.4830e-02
1.3117e-01
4.5389e-02
6.1471e-03
1.6565e-01
1.6738e-01
3.3362e-02
1.6423e-01
1.8146e-01
1.5477e-02
3.9260e-01
1.8180e-01
9.9873e-02
2.5515e-01
4.0075e-02
1.1377e-01
6.8080e-01
4.0409e-01
4.1185e-01
5.9930e-02
3.0790e-01
3.2500e-01
1.0002e-01
3.7707e-02
2.2864e-01
4.9116e-02
4.1904e-02
1.5403e-01
1.6803e-01
1.5400e-01
3.2630e-01
3.5814e-02
3.3160e-02
1.9712e-02
2.7362e-01
2.0904e-01
2.8445e-01
1.6801e-01
3.0996e-02
1.7179e-01
3.0442e-02
2.7022e-01
8.1611e-02
3.2054e-01
9.5010e-02
1.0064e-01
3.6023e-01
1.1267e-01
2.5214e-01
4.5684e-01
2.0544e-01
2.8194e-01
3.8985e-01
2.6587e-01
1.1761e-01
2.6823e-01
2.1819e-01
4.6702e-01
2.5295e-01
1.2564e-01
1.4346e-03
2.8315e-01
1.6289e-02
5.9319e-02
3.7431e-02
9.9996e-02
1.1817e-01
5.2818e-02
2.0897e-01
1.9996e-01
2.8588e-01
1.0175e-01
2.1273e-01
1.7786e-01
4.3571e-02
2.4228e-01
2.1073e-01
1.9282e-01
3.8834e-01
1.8403e-01
2.4059e-01
1.4743e-01
2.3546e-02
5.0520e-02
2.1926e-02
1.3177e-02
1.7670e-01
8.8502e-03
1.6600e-02
1.6625e-01
6.3598e-02
1.1067e-02
6.5038e-02
2.2690e-01
2.7088e-01
5.8539e-02
2.5996e-01
4.5642e-03
2.8240e-01
5.8904e-02
2.6687e-02
4.8869e-01
6.3648e-02
3.5223e-01
3.2123e-02
1.2960e-01
1.2636e-01
9.3563e-02
1.6646e-01
3.8159e-01
9.0178e-02
1.2089e-01
2.0194e-01
7.4678e-02
1.2661e-01
5.4278e-02
6.0543e-02
2.6123e-01
1.3613e-01
2.2447e-01
6.1860e-03
2.4995e-01
2.0976e-01
1.1899e-01
1.2503e-01
2.4091e-01
2.9574e-02
1.1096e-01
1.8541e-01
8.4315e-02
1.3314e-01
7.5470e-03
3.8558e-02
5.3288e-02
4.4939e-01
1.5904e-01
1.1309e-02
1.0745e-01
5.0849e-02
2.2435e-01
8.6296e-02
5.3224e-02
1.3008e-01
2.2455e-01
2.0454e-01
1.5501e-01
4.2797e-02
1.2990e-01
2.0916e-01
2.2712e-01
1.3470e-01
2.2659e-02
1.7100e-01
2.8093e-02
2.2964e-01
8.0172e-03
1.5486e-01
6.7385e-02
5.3908e-01
1.7954e-01
1.3805e-02
1.9796e-01
1.0996e-01
1.4090e-02
4.9041e-01
1.2010e-01
2.4377e-01
6.4193e-03
1.2195e-01
4.8750e-01
9.5481e-02
2.7462e-01
1.5439e-01
2.2237e-01
6.1174e-02
1.5225e-01
1.2796e-01
3.1317e-02
2.4294e-01
3.3909e-01
1.3060e-01
1.6069e-01
1.6652e-01
1.4291e-01
7.4591e-03
4.0375e-03
3.5070e-01
2.7634e-01
2.7606e-01
1.1264e-01
1.1413e-01
6.3462e-01
2.5706e-01
3.4804e-01
1.5861e-01
8.3486e-02
5.7068e-01
2.3863e-01
2.5287e-01
9.1163e-02
5.9611e-02
1.4529e-01
3.6452e-01
2.3328e-01
2.5662e-02
1.9590e-01
1.9513e-01
1.7852e-01
1.5975e-01
2.9793e-01
4.6955e-02
2.2938e-01
1.7916e-01
2.7300e-02
1.0059e+00
1.9185e-01
3.5775e-03
1.8890e-01
1.8437e-01
2.6642e-01
2.2651e-01
3.2633e-02
4.4908e-01
2.2514e-01
2.5831e-01
1.2844e-01
1.1561e-02
1.4826e-01
2.7094e-01
2.1441e-01
2.4901e-01
4.7794e-02
1.9683e-01
1.3311e-01
3.6825e-02
1.4803e-01
6.7565e-02
1.1406e-02
1.9248e-01
1.8632e-01
1.6487e-01
2.3474e-02
1.6998e-01
2.3807e-02
2.4206e-02
2.8600e-01
2.6147e-01
8.9187e-02
1.3911e-01
1.1396e-02
1.8478e-01
2.0975e-02
2.3849e-01
2.0392e-01
9.0437e-02
3.1343e-01
1.3578e-01
1.6331e-01
7.7886e-02
1.6994e-01
3.9812e-02
1.4759e-01
4.7356e-01
1.3250e-01
1.6986e-01
6.0143e-02
2.7957e-02
1.7718e-01
2.2045e-01
1.6856e-01
2.5035e-01
3.6910e-01
1.5873e-01
1.0963e-01
2.7216e-01
2.8632e-01
3.1546e-01
1.2527e-01
3.0942e-03
7.2577e-02
3.5631e-02
4.1613e-01
7.3754e-02
4.5662e-02
4.2868e-02
1.1000e-01
5.3002e-02
1.5560e-01
4.5590e-03
2.6005e-02
1.4380e-02
1.3721e-01
4.3967e-02
1.6799e-02
3.1429e-01
2.4036e-01
1.2245e-01
2.3602e-01
2.1532e-01
2.1296e-01
1.0072e-01
1.0237e-01
8.8026e-02
1.3505e-01
1.4346e-03
3.0496e-02
1.1632e-01
1.0716e-01
1.2718e-01
8.1586e-02
7.7912e-02
6.1159e-02
2.3401e-01
9.0371e-03
8.2789e-02
3.3237e-01
2.1115e-01
1.0166e-01
9.1128e-02
1.3077e-01
2.5992e-01
7.3397e-02
3.3993e-01
8.6204e-02
2.6807e-01
2.6789e-01
6.5840e-01
9.5545e-02
2.3857e-01
3.9197e-02
7.2577e-03
2.8207e-02
1.2213e-01
1.3280e-01
2.6606e-01
2.6792e-01
1.7468e-01
4.6481e-02
1.5023e-01
2.6063e-01
2.1840e-01
3.9843e-01
2.8408e-01
5.7923e-02
2.4566e-01
9.7584e-02
1.9740e-02
3.5061e-02
1.3336e-01
1.0323e-01
3.6335e-01
4.2442e-01
8.0621e-02
9.3992e-02
7.3052e-02
6.4448e-02
5.6324e-02
2.7730e-02
4.8447e-01
1.1757e-02
6.0655e-02
1.6915e-01
2.6767e-01
2.9620e-01
2.2718e-01
1.8640e-01
2.7439e-01
1.6888e-01
2.3503e-01
1.0035e-01
2.5998e-01
6.4257e-02
1.7040e-01
1.5809e-01
2.0668e-01
2.8865e-01
1.9694e-01
5.7392e-02
1.3122e-01
2.8466e-01
2.0860e-01
3.1424e-01
5.1192e-02
1.4241e-01
3.3808e-02
1.2689e-01
1.9259e-01
1.6206e-01
1.4264e-01
1.9572e-02
1.5087e-01
3.4214e-01
1.8382e-01
7.9520e-03
1.1759e-01
2.4419e-01
1.4239e-01
2.9326e-01
1.9020e-01
2.2404e-02
1.3819e-02
3.1909e-01
1.4661e-01
5.5298e-02
3.0960e-01
1.4377e-01
3.7415e-02
2.4401e-01
2.1379e-01
1.0010e-02
1.3912e-01
1.4249e-01
1.2280e-01
1.3647e-01
1.1364e-01
1.0117e-01
1.6680e-02
1.3958e-01
2.1781e-01
2.5349e-02
2.6372e-02
1.6251e-01
2.8954e-03
1.8546e-01
2.7749e-01
7.5615e-01
7.3201e-02
3.8391e-01
8.7572e-02
5.5324e-02
2.6334e-03
1.7247e-01
1.0900e-02
1.6835e-01
2.2747e-01
3.5600e-01
7.6655e-02
1.7403e-01
1.2668e-02
1.5410e-01
3.3449e-01
1.6188e-01
1.2569e-01
2.0595e-01
2.0686e-01
1.9131e-01
1.4972e-01
2.6255e-01
1.2836e-01
5.1723e-01
2.4976e-01
1.3865e-02
9.9219e-02
3.7995e-01
2.0612e-01
2.4182e-01
1.3186e-01
5.8335e-01
2.0753e-01
1.3819e-01
3.0101e-01
2.4624e-01
1.6304e-01
1.3618e-01
1.6989e-01
1.6651e-02
2.8185e-01
3.6341e-01
3.3889e-02
3.3534e-02
1.0201e-01
1.8745e-01
1.9257e-01
2.6494e-01
1.9037e-01
7.4750e-02
1.7353e-01
3.0786e-01
3.9207e-01
1.5914e-01
1.4586e-01
4.5481e-02
1.2638e-01
1.1479e-02
5.2438e-02
2.2051e-01
2.0875e-02
3.6782e-02
2.6152e-01
2.5567e-01
3.6138e-01
1.6565e-01
2.3627e-01
1.9583e-02
2.5774e-02
2.4594e-01
2.4675e-01
1.1716e-01
4.2837e-01
2.3333e-01
4.5021e-02
1.8506e-01
2.5384e-01
1.3352e-02
1.8532e-01
9.8050e-02
9.6403e-02
6.3048e-02
3.3660e-02
1.6549e-01
2.3029e-01
9.0671e-02
4.1909e-03
2.2972e-01
4.0299e-02
3.7649e-01
7.2254e-02
1.4346e-03
1.4916e-01
5.0786e-01
3.0079e-01
8.5206e-03
9.9371e-02
3.1883e-01
1.4092e-02
3.6455e-01
8.4457e-02
1.7364e-01
1.9824e-01
2.8943e-01
1.3188e-01
4.8702e-02
1.5784e-01
5.7234e-02
8.5070e-03
2.6579e-01
3.8653e-01
1.7795e-01
1.3908e-02
1.4330e-01
1.3682e-02
7.8466e-02
2.1730e-01
2.6680e-01
1.1019e-01
1.0722e-02
5.0366e-01
1.1714e-01
1.8719e-01
7.8912e-02
3.8979e-01
1.0070e-01
2.8929e-01
3.9297e-01
2.0951e-01
9.6705e-02
3.3145e-01
2.0087e-01
4.5729e-02
7.9391e-02
2.4326e-01
2.4309e-01
2.1954e-01
3.5047e-01
1.8793e-01
1.1142e-02
4.1614e-01
2.5034e-01
1.7813e-01
2.0611e-01
3.0341e-01
1.7509e-01
5.9094e-02
6.6948e-03
1.4346e-03
2.6126e-03
6.9656e-02
1.4180e-01
4.3507e-01
2.2327e-01
2.5877e-01
2.8232e-01
1.9134e-01
8.8843e-02
1.7823e-01
1.7743e-01
3.9397e-01
1.9777e-01
1.6141e-02
3.0485e-01
2.9045e-01
1.4794e-01
1.2724e-02
2.2515e-01
1.3587e-01
6.7828e-02
5.3823e-02
5.7629e-01
1.1914e-01
2.6588e-01
8.6496e-02
2.2171e-01
3.3393e-01
2.2086e-01
9.3410e-02
1.0222e-01
1.4346e-03
2.1574e-01
2.3764e-01
8.4571e-02
2.5105e-01
1.9382e-02
1.6808e-01
3.8340e-02
3.0486e-01
1.9553e-01
1.5367e-01
2.8276e-01
4.0386e-01
4.5028e-01
7.7232e-02
6.0337e-02
2.0084e-01
4.4814e-02
1.7790e-01
2.0256e-01
1.6499e-02
3.8588e-01
2.1880e-02
2.6116e-01
2.6585e-01
6.4460e-02
1.2978e-01
1.5327e-01
4.6729e-02
1.9771e-01
2.2398e-02
3.3456e-02
1.2938e-01
1.7898e-01
2.2470e-01
9.2251e-02
2.0311e-01
2.9715e-02
1.1800e-01
1.9640e-01
1.7787e-01
2.1568e-01
9.5080e-02
1.6318e-01
3.1331e-01
1.8494e-02
1.9187e-02
1.2768e-01
2.4494e-01
2.8218e-01
6.5485e-02
2.9807e-01
1.3137e-01
2.3848e-02
2.3847e-02
6.1687e-03
2.2387e-01
1.1392e-01
1.4557e-01
2.7794e-01
1.7215e-01
1.2232e-01
3.0793e-01
2.1148e-01
1.1384e-01
1.0166e-01
1.8880e-01
7.7529e-02
1.2304e-01
2.7858e-01
1.8569e-01
4.8300e-01
8.9735e-02
1.2994e-01
2.0065e-01
7.0203e-02
4.2489e-02
4.2462e-01
2.8092e-01
1.3691e-01
1.6710e-01
2.5859e-02
1.3943e-01
2.0141e-01
1.2856e-02
1.9441e-01
2.0700e-01
2.0149e-01
1.4521e-01
3.0948e-01
1.8426e-01
2.6691e-01
3.3331e-01
1.8319e-01
1.9105e-01
1.8803e-01
1.2455e-01
2.9810e-01
1.4054e-02
1.3725e-01
5.5823e-02
2.7416e-01
4.1345e-01
1.9144e-02
5.0061e-02
2.1299e-01
2.1002e-01
4.1303e-01
2.0920e-02
9.9963e-03
9.6009e-02
1.5770e-01
3.0058e-01
3.6407e-01
3.6387e-02
2.2721e-01
2.3158e-01
2.8009e-02
3.6528e-02
3.9024e-01
5.0566e-01
3.8513e-01
6.7893e-02
2.5663e-02
3.8094e-01
1.1700e-01
4.9658e-02
1.5915e-01
3.2323e-01
3.1884e-01
6.5028e-02
1.1484e-01
2.6188e-01
1.9535e-01
1.4408e-01
1.9594e-02
1.6208e-01
4.4785e-01
2.1361e-01
1.1818e-01
2.3266e-02
3.0535e-01
2.5881e-01
1.0449e-01
8.5691e-02
1.2906e-01
1.8918e-01
4.0329e-01
3.8722e-02
1.1699e-01
2.1657e-01
2.0019e-01
1.0723e-01
1.7899e-01
1.0012e-01
1.6201e-02
1.3928e-01
3.9148e-01
3.2720e-02
8.5642e-02
3.4707e-01
1.4223e-01
1.3154e-01
1.7501e-01
2.4421e-01
1.3354e-01
1.4397e-01
1.1583e-01
2.4621e-01
2.6934e-01
1.4886e-01
2.9528e-01
1.9002e-01
1.6749e-01
1.1450e-01
2.6599e-01
2.4328e-01
2.0466e-01
2.5523e-01
3.4389e-02
2.1733e-01
2.3123e-01
2.1167e-01
3.8730e-01
1.3532e-02
3.2828e-01
1.3184e-01
1.2052e-02
1.9750e-01
2.8000e-02
1.0282e-02
2.1375e-01
2.3087e-03
2.7994e-01
6.3695e-02
6.7100e-01
2.2608e-01
1.0396e-02
1.0076e-01
5.5953e-01
2.5686e-01
2.3027e-02
1.6645e-01
2.8606e-01
1.0714e-01
8.6508e-03
4.1670e-01
2.9311e-01
1.1664e-01
2.2207e-01
1.7127e-01
2.4875e-01
4.9668e-02
2.2055e-02
1.1498e-01
2.9161e-01
6.0578e-02
4.3098e-02
7.6979e-03
5.9040e-02
1.3798e-01
1.1144e-01
1.0953e-01
2.6947e-01
2.4077e-01
2.0422e-01
1.2497e-01
1.0196e-01
1.8371e-01
3.7172e-01
3.0986e-01
3.5345e-02
2.5391e-01
8.6726e-02
3.1504e-02
1.0389e-01
1.0067e-01
2.3443e-01
1.3430e-01
2.0255e-01
2.3363e-01
4.9395e-02
3.6185e-01
1.6383e-01
4.4706e-02
3.8646e-02
2.3968e-01
9.7392e-02
3.4588e-02
1.9220e-01
1.4284e-01
2.6838e-01
3.1043e-01
2.8043e-02
2.4371e-01
4.5908e-02
5.1652e-03
1.9172e-01
1.4542e-02
1.1781e-01
2.4251e-01
1.7701e-01
4.6935e-02
2.4773e-01
7.4259e-02
1.3926e-01
2.0689e-02
1.8521e-01
1.9266e-01
2.7672e-02
2.8756e-01
6.4340e-02
1.7627e-01
1.9513e-01
9.6552e-02
1.4346e-03
2.5621e-02
4.3730e-02
2.6503e-01
1.5583e-02
2.4582e-02
2.8818e-01
1.9251e-01
2.3109e-01
2.4111e-02
2.1956e-01
2.1183e-01
2.1051e-02
1.3919e-01
6.5368e-02
2.0731e-01
1.0680e-01
1.6476e-01
3.8634e-01
6.4745e-01
5.9750e-02
1.2385e-01
9.2486e-02
2.1558e-01
2.7221e-01
3.0540e-01
1.1041e-01
1.5658e-02
1.4430e-01
1.5029e-01
2.2779e-01
1.7081e-01
3.5898e-01
3.6566e-02
9.5469e-02
2.7651e-01
3.7426e-01
1.7074e-01
2.1875e-01
1.1130e-01
3.7203e-01
1.9887e-01
1.9008e-02
4.2775e-02
5.0031e-01
3.8235e-02
9.7486e-02
1.1446e-01
1.7324e-02
2.1982e-01
4.1658e-01
2.2021e-01
1.9767e-01
5.5296e-02
4.0260e-01
2.7059e-01
1.3828e-02
1.4346e-03
3.1090e-02
2.9993e-01
2.5717e-01
1.9361e-01
1.5876e-01
1.5760e-02
7.9905e-02
3.7617e-02
1.7582e-02
2.5005e-01
1.2350e-02
7.7553e-02
2.2412e-01
2.4528e-01
1.5521e-01
4.6753e-01
1.3563e-01
2.9635e-01
3.4961e-01
2.0147e-01
1.8802e-01
1.4829e-01
1.3784e-01
4.0040e-01
4.6519e-02
2.7012e-01
4.6636e-02
2.1168e-01
3.3158e-01
1.7108e-01
1.7807e-01
4.2077e-01
5.9120e-02
2.2376e-01
1.3789e-01
9.6099e-02
8.8051e-02
1.7156e-01
1.9710e-01
4.0508e-02
2.5753e-02
2.4574e-01
1.5381e-01
2.2507e-01
1.2500e-02
1.3667e-01
2.9056e-01
2.2829e-01
2.1586e-01
3.9604e-01
1.0788e-01
1.9509e-01
2.1972e-01
2.5993e-01
2.4685e-01
1.9993e-01
2.5551e-01
3.6397e-02
1.4327e-01
1.8340e-01
8.6446e-03
1.8188e-01
7.8041e-03
1.8242e-01
1.6242e-01
1.6870e-02
2.3686e-01
1.2532e-01
2.6384e-01
3.8965e-02
2.0619e-02
2.4618e-01
1.8832e-01
7.5044e-02
2.2771e-01
2.7979e-01
1.7964e-01
4.6010e-02
9.3640e-02
2.2486e-01
4.6708e-01
1.5379e-01
1.1405e-01
1.5643e-02
5.7123e+00
7.9157e-02
1.5769e-01
2.9193e-01
1.4791e-01
1.8227e-01
1.1547e-01
2.4323e-01
3.3345e-01
9.8694e-02
3.7708e-01
3.5727e-02
2.7620e-01
2.2408e-01
2.0393e-01
3.2980e-01
1.0674e-01
2.1354e-01
2.9690e-01
3.5448e-01
2.0256e-01
1.5358e-02
1.7371e-01
5.3442e-02
8.7718e-02
2.7101e-01
3.0302e-02
3.7878e-01
2.3870e-02
3.2077e-01
2.1861e-01
1.8509e-01
1.9205e-02
3.3732e-02
1.9860e-01
4.7066e-01
1.4411e-01
6.7685e-01
2.2784e-01
2.3194e-01
1.7757e-01
3.0896e-01
1.2616e-01
2.5188e-01
1.4346e-03
1.1605e-02
5.6353e-01
1.6162e-01
5.5848e-02
4.5619e-02
7.5756e-02
5.8932e-01
1.8636e-01
1.5551e-02
1.3921e-01
4.1405e-01
3.4424e-01
1.0446e-01
2.7758e-01
1.0110e-02
2.0434e-01
2.7204e-01
3.9534e-01
1.6689e-01
3.2693e-01
4.1590e-01
3.4830e-01
2.3408e-01
5.0339e-02
2.2933e-01
2.1120e-02
1.3863e-01
2.6852e-01
2.9671e-01
4.7757e-02
9.8517e-02
1.1608e-01
5.0326e-02
5.2085e-02
6.4453e-02
1.2742e-01
3.2386e-01
1.3209e-01
2.6985e-01
2.4275e-01
2.0238e-01
3.3667e-02
2.5814e-01
2.4063e-02
1.4841e-01
4.9214e-02
7.7472e-03
9.1512e-01
3.3203e-02
9.9855e-03
1.8502e-01
1.8104e-01
7.1569e-02
1.1999e-01
1.2907e-01
2.8671e-01
1.9865e-01
2.1135e-01
9.4341e-02
1.6285e-01
1.5147e-01
1.0581e-02
1.9137e-01
3.8863e-02
4.6812e-01
2.6415e-01
1.2165e-02
2.7971e-01
1.6065e-01
6.9759e-02
2.6963e-02
2.0414e-01
2.8493e-03
3.1183e-01
1.3612e-01
9.1622e-02
1.2208e-01
2.4633e-01
4.1072e-01
3.4918e-02
1.7586e-01
1.5759e-01
1.3850e-01
4.6484e-02
7.7936e-02
1.4029e-01
2.6779e-01
1.9421e-02
2.2963e-02
7.0817e-02
1.9466e-01
1.4309e-01
6.5979e-02
2.7834e-01
2.1238e-01
1.9273e-01
3.3670e-02
2.2633e-01
1.8206e-01
1.2822e-01
4.3836e-02
3.8278e-01
1.3765e-02
2.8854e-01
2.6367e-01
3.3940e-02
2.8083e-01
1.3305e-01
9.4146e-03
7.4937e-02
1.6225e-01
4.1960e-01
1.4976e-01
1.3417e-02
3.9031e-01
8.3094e-02
7.1107e-03
1.2907e-01
1.7940e-01
1.1113e-01
2.0682e-01
2.1659e-01
1.9294e-01
4.3716e-01
1.9725e-01
4.8585e-02
2.0725e-01
2.6849e-02
4.8648e-02
4.3055e-01
1.7515e-01
1.9787e-01
2.6208e-01
4.3505e-01
2.3169e-02
8.7836e-02
9.8762e-02
2.7008e-01
3.7569e-01
3.6410e-01
1.8066e-01
3.4830e-01
8.7068e-02
9.6235e-02
2.4171e-01
2.5090e-01
2.5348e-02
2.8967e-01
4.3610e-02
1.9739e-01
4.6090e-02
2.9780e-01
1.7987e-01
1.2679e-01
2.8017e-01
2.4036e-01
1.4104e-01
8.9096e-02
5.0309e-02
1.8136e-01
3.1749e-01
8.8705e-02
4.3671e-01
5.2806e-02
1.8157e-02
4.3576e-02
1.6293e-01
2.4510e-01
7.2449e-03
1.0724e-01
2.6786e-01
2.4410e-01
2.3114e-01
2.1465e-01
1.2343e-01
2.1357e-02
1.1707e-01
2.9582e-01
1.4052e-01
2.4288e-01
2.2862e-01
2.2783e-01
3.7770e-01
2.1061e-01
2.0756e-01
2.8127e-02
2.6470e-01
4.5343e-02
5.4447e-01
6.0008e-02
1.2556e-01
1.7042e-01
1.8495e-01
1.7391e-01
1.6597e-01
9.0275e-03
4.6709e-02
3.2361e-01
3.5548e-02
1.8568e-02
8.9276e-02
4.9500e-02
1.7443e-01
1.4665e-01
1.4677e-01
3.1070e-01
1.7969e-01
1.5156e-01
5.6826e-02
1.9079e-01
2.1575e-01
1.4694e-01
1.0910e-01
1.3754e-01
2.1293e-01
3.9008e-01
1.7299e-01
6.5903e-02
1.2015e-01
3.6889e-02
9.4562e-02
3.6487e-01
2.0493e-01
1.5674e-03
3.1139e-01
2.4985e-01
1.5858e-01
2.7918e-01
6.2675e-02
2.2822e-01
2.5234e-01
2.5763e-01
1.0557e-01
2.5852e-01
1.9093e-01
1.0282e-01
1.8916e-01
3.1037e-01
1.1138e-01
1.6242e-01
1.5876e-01
6.9056e-03
2.0273e-01
1.5005e-01
1.8049e-01
1.0111e-01
1.0870e-01
1.4939e-01
1.2421e-01
3.6303e-02
2.4984e-01
3.6022e-01
4.9177e-02
2.8020e-01
2.0310e-01
3.3501e-01
2.2462e-01
1.1045e-01
4.1300e-01
7.6856e-02
2.8115e-01
2.0050e-01
1.5003e-01
3.7743e-02
2.6031e-02
3.7384e-01
1.2608e-01
2.0119e-01
4.9873e-01
1.3099e-01
1.6969e-01
2.1029e-01
2.2317e-01
1.7057e-01
2.2691e-01
4.1740e-01
1.9020e-01
1.7626e-01
1.5978e-01
6.5797e-02
2.4091e-01
2.3706e-01
1.7353e-01
2.5930e-01
2.7680e-01
6.0424e-02
1.1024e-01
2.6028e-01
2.0992e-02
2.2120e-01
2.0757e-02
1.2634e-01
2.3874e-01
1.7148e-01
2.2642e-01
2.5730e-01
6.7042e-03
5.3874e-02
8.7018e-02
2.1342e-01
8.9510e-03
1.4910e-01
5.2382e-01
5.4378e-02
1.6947e-02
1.8364e-01
7.9072e-03
1.8533e-01
2.2800e-01
6.1010e-02
1.3612e-01
2.8691e-01
3.0623e-01
4.5439e-01
1.3205e-01
1.6631e-01
1.2924e-01
2.8068e-02
3.8595e-01
9.6113e-02
2.1730e-01
1.3222e-01
2.1310e-01
1.6092e-02
1.9346e-01
9.5047e-02
2.1663e-01
6.5939e-02
2.5817e-01
1.1970e-01
1.1172e-01
6.2089e-02
2.7472e-01
3.6453e-02
2.3716e-02
3.4895e-01
4.1389e-02
3.3801e-02
1.9063e-01
5.5789e-01
1.3763e-01
1.0984e-01
2.4481e-01
3.8981e-01
9.2978e-02
1.0878e-01
4.7384e-02
1.2101e-01
1.4394e-01
1.7449e-01
4.4257e-01
4.6984e-02
1.9563e-01
1.5557e-01
1.5304e-01
1.0723e-01
2.0964e-01
3.0641e-01
1.2171e-02
3.0460e-01
4.7148e-02
8.4078e-03
2.4380e-01
1.9332e-01
1.1543e-01
2.5238e-01
2.3242e-01
7.8501e-03
1.1239e-01
2.2748e-01
1.5607e-02
2.4598e-01
7.9839e-02
2.4052e-01
2.7589e-01
2.3303e-01
3.0841e-01
2.8426e-01
6.7462e-02
8.2175e-02
1.4846e-01
2.0900e-02
4.2287e-02
7.4907e-01
2.5048e-01
3.1359e-01
2.8797e-01
1.8225e-01
1.7933e-01
4.8137e-02
1.6506e-01
1.6663e-01
1.7831e-01
3.2781e-01
3.1193e-01
1.9345e-01
8.2869e-02
1.1157e-01
2.6552e-02
2.6183e-01
1.6400e-01
6.9431e-03
2.2190e-01
9.0406e-02
1.8471e-01
2.2074e-01
1.8510e-01
5.1200e-03
1.1347e-01
1.0379e-01
3.3952e-02
1.6322e-01
2.0704e-01
8.2558e-02
6.9888e-03
5.3475e-02
3.4874e-02
2.8652e-01
1.8360e-01
2.2876e-01
9.1541e-02
2.0031e-01
3.9297e-01
2.9105e-02
2.6953e-01
4.4605e-02
1.0496e-01
2.2642e-01
1.3396e-01
1.0518e-01
3.3536e-01
2.8086e-01
1.3978e-01
2.6053e-01
9.7025e-03
1.9598e-01
3.5686e-01
2.8347e-01
2.3301e-02
7.9233e-03
5.5120e-02
2.7313e-01
4.9065e-01
3.3190e-01
3.5727e-03
3.7726e-01
2.2682e-01
1.8616e-01
1.3639e-01
2.5473e-01
2.8258e-01
1.9981e-01
2.2933e-01
4.0589e-02
3.6980e-01
9.6396e-03
1.1398e-01
3.1268e-01
5.7732e-02
3.7515e-01
2.7915e-02
1.3134e-01
1.5114e-01
1.7222e-01
4.6409e-02
4.0990e-01
2.6416e-01
2.0541e-01
1.1807e-01
2.5431e-01
1.4389e-01
1.0433e-01
9.9377e-02
1.8654e-02
1.4432e-01
1.2226e-01
9.2124e-02
1.8203e-01
2.5037e-01
2.1171e-01
3.8675e-01
2.1666e-01
1.8526e-01
7.4409e-02
4.1950e-02
6.4223e-02
1.8142e-02
3.9659e-02
1.2256e-02
3.9135e-01
1.1964e-01
1.0304e-02
2.0783e-01
3.1578e-02
3.6223e-01
1.6368e-01
2.1604e-01
2.2957e-01
7.4630e-02
6.5316e-02
2.6031e-01
2.4933e-01
4.3306e-02
1.2512e-01
9.0505e-03
8.2076e-02
1.7033e-01
7.9278e-02
2.2035e-01
1.2656e-01
2.7042e-01
4.6964e-01
2.2244e-01
4.8108e-01
2.1434e-01
1.7297e-01
1.8578e-01
5.0471e-02
1.6057e-01
1.6079e-01
1.1094e-01
1.2577e-01
5.1871e-02
2.1924e-01
5.7279e-01
1.3051e-01
9.1561e-02
1.0669e-01
2.1753e-01
2.3137e-01
2.4810e-01
1.3940e-01
3.8591e-01
2.2175e-01
2.2155e-01
2.3856e-01
3.6980e-01
6.0478e-02
8.5280e-02
1.2209e-01
3.3398e-02
2.5796e-01
3.5369e-01
1.8640e-01
8.7086e-02
1.2394e-01
1.3942e-01
6.9365e-02
4.2585e-01
1.4593e-02
4.2710e-01
5.8817e-01
4.8137e-01
1.7393e-01
2.2178e-01
3.4278e-01
9.8717e-02
2.5574e-01
3.8099e-01
1.3248e-01
7.7928e-02
1.8306e-02
1.6141e-01
2.5508e-02
2.8203e-01
1.9481e-01
1.3173e-02
7.0920e-02
1.2015e-01
1.9692e-01
1.0966e-01
2.6342e-01
2.2990e-01
2.7739e-01
3.3857e-02
6.9503e-01
4.2845e-01
2.2885e-01
4.0439e-02
2.9090e-01
2.1175e-01
2.2755e-01
1.3970e-01
2.8145e-02
1.7122e-01
1.3272e-02
2.2719e-01
6.6140e-01
3.1010e-02
3.6766e-02
4.1510e-02
1.6337e-01
1.7499e-02
3.6665e-02
7.8691e-02
2.2920e-01
1.8119e-01
3.2539e-01
1.3163e-01
2.4172e-01
9.5378e-03
9.4824e-02
9.7194e-02
1.5865e-01
6.3984e-02
5.2890e-02
1.4125e-01
1.9794e-01
9.2372e-02
2.6240e-01
2.7394e-01
1.1465e-01
3.2591e-01
6.1013e-02
1.6254e-01
1.1531e-01
1.0839e-01
1.5439e-01
1.6015e-01
5.1184e-02
1.5883e-01
2.4203e-01
2.0756e-01
3.0940e-02
3.3620e-01
4.1843e-01
2.0731e-01
2.4613e-01
1.6176e-01
1.6607e-01
6.0863e-02
4.7464e-02
1.8675e-01
1.4146e-01
1.0949e-01
7.7674e-02
1.4788e-01
2.3295e-01
1.6047e-01
1.9678e-01
2.1432e-01
1.6449e-01
1.4501e-01
5.0553e-01
1.4567e-01
5.0596e-01
1.9862e-01
1.4346e-03
2.0984e-01
6.9086e-02
1.5082e-02
2.3546e-01
2.9908e-01
1.0602e-01
3.7702e-02
2.0854e-01
2.0455e-01
1.7394e-01
4.1466e-02
1.5623e-01
1.2577e-01
1.4628e-01
1.8854e-01
1.0436e-01
1.2348e-01
5.8512e-01
2.2221e-01
8.6085e-02
2.3413e-01
4.0794e-02
5.1487e-02
2.5569e-01
2.9763e-01
7.0623e-03
1.3286e-01
1.7587e-01
3.4690e-01
4.3155e-01
3.0239e-02
6.4178e-01
3.0873e-02
7.4203e-02
2.6021e-02
2.8488e-02
1.0345e-01
4.2335e-02
2.3450e-01
1.2823e-01
1.3326e-01
1.2699e-02
2.3427e-01
1.7457e-01
1.3035e-01
1.0412e-02
3.3389e-02
4.6549e-01
2.2302e-01
1.9261e-01
1.2575e-01
6.0990e-01
1.5055e-01
4.0304e-01
1.6814e-01
1.8786e-01
1.3496e-01
1.0588e-01
1.0894e-01
4.0802e-01
1.9863e-01
4.9060e-02
4.6277e-01
1.3269e-01
1.7059e-01
2.1519e-01
3.9430e-02
3.0583e-01
1.9591e-01
1.3638e-01
1.8992e-01
9.1947e-02
1.6818e-01
8.0523e-02
2.0259e-01
7.4535e-02
2.1249e-01
4.8785e-02
2.5136e-01
2.5966e-02
1.1284e-01
1.5760e-01
1.3507e-01
4.3967e-02
2.4447e-01
2.0814e-02
2.3849e-01
1.9644e-01
3.5384e-01
1.9753e-01
1.0106e-01
1.3470e-01
1.3142e-01
6.2344e-02
6.9981e-02
1.7306e-02
2.2791e-01
3.6738e-01
1.7351e-01
3.3820e-01
2.5331e-01
1.2516e-01
2.7358e-02
1.4879e-01
1.1646e-02
1.8195e-01
2.7256e-01
2.2576e-01
2.1218e-01
1.5233e-01
1.6230e-01
3.3827e-02
2.3962e-02
1.3852e-01
2.0953e-01
2.2289e-01
2.0432e-01
1.5840e-01
3.2324e-01
2.2494e-01
2.0422e-01
1.5870e-01
1.5305e-01
3.3604e-01
5.0958e-01
4.4611e-02
2.8139e-01
1.3124e-01
1.5557e-01
1.7022e-01
1.4980e-01
3.4773e-02
5.8843e-01
2.2222e-01
1.9457e-01
3.2252e-02
1.1379e-01
2.0761e-01
5.6856e-01
5.0242e-01
5.5091e-02
1.7308e-01
2.0528e-01
2.8043e-01
1.3394e-01
1.7423e-01
3.8849e-02
1.6185e-01
1.9260e-01
4.2954e-02
2.4059e-01
1.8061e-01
2.6226e-01
1.5489e-01
4.0623e-01
2.9932e-01
4.6354e-01
1.5723e-02
3.7455e-01
3.3064e-01
2.4606e-01
1.2630e-01
9.8694e-02
2.1660e-01
3.7587e-01
2.3709e-02
1.1557e-01
2.8654e-01
1.8739e-01
2.2694e-01
3.7277e-02
3.3062e-01
8.0244e-02
1.4607e-01
2.1788e-02
3.6371e-02
1.5063e-01
2.3006e-01
4.2218e-01
1.4948e-01
2.2266e-01
3.8189e-01
2.7564e-02
3.1785e-02
1.1158e-01
3.0757e-02
1.1057e-02
1.8158e-01
1.9035e-01
1.1900e-01
8.8604e-02
1.0949e-01
8.3362e-02
1.8763e-01
2.9397e-01
2.3223e-01
2.9408e-01
5.2378e-02
1.9155e-01
1.6582e-01
1.4378e-01
1.4873e-01
4.3018e-02
1.8916e-01
1.6091e-01
1.7419e-01
4.0381e-02
2.1322e-01
9.2708e-02
2.3418e-01
2.1441e-01
4.3126e-01
4.1015e-02
5.2413e-03
1.1228e-01
2.5201e-01
4.6253e-02
1.8360e-01
8.6141e-02
2.6364e-01
1.1423e-01
1.3680e-02
2.5756e-01
1.6433e-01
2.1577e-01
3.6725e-01
1.4124e-01
4.2753e-02
1.9974e-01
1.4821e-02
2.8860e-01
1.8256e-01
1.9329e-01
8.1148e-02
4.1186e-01
3.8232e-02
2.7246e-01
1.3141e-01
5.2941e-01
1.4346e-03
1.8145e-01
2.8783e-01
6.4718e-01
1.1782e-01
1.2971e-01
7.3401e-01
1.9234e-01
1.3655e-01
2.3017e-01
2.3942e-01
2.4169e-01
1.5627e-01
2.3972e-01
5.8487e-02
1.1310e-02
2.9460e-02
3.1007e-01
4.9045e-01
2.5416e-01
1.6190e-02
2.6865e-01
1.4346e-03
3.0378e-02
3.8799e-01
2.8170e-02
1.8356e-01
1.7862e-01
2.8819e-01
2.2355e-01
4.3112e-02
2.2193e-01
2.3290e-01
2.5070e-01
1.4346e-03
3.7591e-02
9.1091e-02
2.3933e-01
3.2433e-01
9.2258e-02
2.8453e-01
1.8666e-01
1.1457e-01
1.7874e-01
1.7023e-01
3.3728e-02
2.3702e-01
5.0610e-02
2.6754e-01
7.4992e-02
2.1174e-01
7.4537e-02
2.2462e-01
2.2505e-01
1.0641e-01
3.4888e-02
2.0717e-02
1.1214e-01
1.4427e-01
1.2498e-01
2.1939e-02
2.6357e-01
3.2226e-02
2.1519e-01
1.0127e-01
1.2380e-01
4.8795e-02
2.2755e-01
2.2442e-01
1.9182e-01
1.7324e-01
2.4766e-01
1.9500e-01
1.2500e-02
1.6534e-01
1.4225e-01
3.4709e-01
1.9742e-01
1.8126e-02
2.1541e-01
1.7702e-02
3.7596e-01
4.5815e-02
6.8448e-02
3.5741e-01
1.8403e-01
1.1767e-02
1.0808e-01
1.0223e-01
4.9853e-01
1.7214e-02
1.2528e-01
9.4900e-02
7.0529e-02
1.5313e-01
7.9039e-03
1.7115e-02
3.1038e-01
2.1691e-01
2.5047e-01
1.1322e-01
2.1616e-01
1.1660e-01
6.8922e-02
5.0937e-02
1.7995e-01
6.3740e-01
2.6526e-01
1.5909e-01
9.9248e-02
3.3750e-01
3.6712e-01
1.5422e-01
1.6091e-01
8.7255e-02
3.1331e-01
2.2369e-02
1.3444e-01
1.8973e-01
8.3611e-02
2.6046e-01
6.2920e-02
6.6202e-02
1.2501e-01
2.5015e-01
4.2236e-02
2.0686e-01
4.7395e-02
2.8018e-01
2.5868e-01
1.7230e-01
1.5879e-01
1.5074e-01
3.8799e-02
1.3543e-02
5.0204e-01
4.3149e-02
1.0151e-01
2.7408e-01
2.1138e-01
9.5582e-03
5.6320e-03
1.5296e-02
1.7841e-02
6.4529e-02
2.5182e-01
7.8324e-02
3.0139e-02
2.5727e-01
1.0019e-01
8.6429e-02
3.8721e-01
7.5873e-02
8.8263e-02
1.9433e-02
2.9940e-01
1.3404e-01
2.1219e-01
3.3823e-01
2.1237e-01
4.0733e-01
1.4174e-02
1.1016e-01
3.1602e-02
3.1807e-02
4.7236e-02
2.9846e-01
2.1665e-01
4.0274e-01
1.3412e-01
1.4556e-01
1.1840e-01
