899	2439	1032	265	1166	1168	785	1555	1046	793	153	158	2464	929	2723	2595	1579	2476	302	437	2103	3064	2363	576	2116	3142	1863	201	2762	1097	206	1105	2259	1115	3291	618	747	1132	374	2040	1021	1918
2436	2310	3079	2313	2189	401	1425	2714	27	1822	2423	3105	1059	3111	2217	810	1587	2359	2107	2877	2750	2367	705	1733	582	75	2262	856	349	93	2655	1247	609	865	3171	355	2925	2926	2029	2293	2935	763	1276
1025	3076	389	2311	1801	270	2194	2578	534	1943	26	1564	285	2332	3229	676	3246	48	2227	2099	3130	2365	573	446	958	701	64	1477	2507	2768	2003	1877	2146	3299	2152	1769	106	748	2800	2673	2162	3058	2934	2296	2557
643	3331	1668	903	3336	1545	2185	2700	1296	1171	2452	3225	156	2210	1443	2086	2856	1449	556	173	687	1073	1459	2484	1731	324	583	712	1224	2383	1618	1747	597	1370	2526	608	1765	741	1012	757	1914	2811	1789
641	135	1037	2445	912	784	23	409	3226	1699	39	2092	3116	561	563	2936	2229	313	1981	960	1601	962	3010	2241	3011	207	2644	85	1621	1750	88	854	859	351	2272	735	994	2659	357	2547	758	376	505	2044
1288	393	1147	12	267	1297	2450	1809	2969	2075	2076	2077	289	2597	2085	1575	3240	1963	1086	2881	195	837	199	1360	720	469	2389	3159	2263	1627	863	2145	743	1384	2408	362	1261	2804	1526	1655	1784	502	1531	2559
2	3333	2437	2950	139	1039	530	3099	155	1693	2717	2718	417	2596	1445	1061	2088	424	2607	947	1722	58	1727	1983	1474	2371	964	3269	2119	585	1484	981	598	2137	3289	1255	3049	2026	1257	1645	753	243	116	122	1404	383
1283	1797	2693	1798	266	396	782	2703	2167	1048	160	931	2725	2087	1066	1535	44	2220	1331	1596	1597	1342	2175	1725	1992	716	1613	2254	1235	2388	119	2012	3038	2783	3040	2014	3170	2019	3298	2912	1387	2669	2288	3313	882	2419	2164	1271	249	639
129	2691	1284	2821	774	131	1412	3209	2567	1927	532	927	1188	294	1324	304	2427	442	2619	1092	1606	459	974	3150	2128	2391	216	991	1504	1381	487	877	2414	1134	1393	3316	1140	2168	506	507	764	382
1409	6	2054	1287	2570	650	3086	1423	2574	914	3221	663	895	2204	1054	1571	2348	1204	3125	2614	951	694	3257	2361	3260	3004	1469	319	1345	2118	3017	202	462	2002	84	2772	87	1367	345	1498	94	2527	1890	1508	2533	103	1386	2157	111	1139	1524	1273	508	1407
1924	1028	3334	2695	2058	2320	1022	538	671	1320	1964	2604	2350	940	696	954	2746	1594	61	3263	1728	63	1991	74	1232	82	3027	212	2131	86	1368	2397	478	2017	1634	1380	2276	2918	1383	2930	633	1662	2815
2560	2177	2823	1160	1289	519	2955	2316	651	274	658	792	1816	1566	2721	2343	295	3113	2988	1709	686	3247	175	2868	436	1465	3002	829	1214	3005	711	2760	972	2381	1874	2386	1753	857	1501	2781	1248	3053	1135	883	1657	1787
4	1546	2576	1427	2837	149	2326	1945	1913	1179	2334	1950	2719	2849	1185	1060	420	2985	1194	938	1706	303	2480	1201	948	3254	3128	2490	3259	575	329	1737	2124	1875	2771	2774	348	481	1507	3174	2919	1001	1259	3179	2672	1145
1667	260	2819	3335	905	529	3218	2963	1941	2582	1944	1309	1055	1183	2976	799	3107	293	2726	1065	1453	1199	180	1589	314	2491	321	1866	333	2000	2769	2258	2517	1494	1496	2777	730	732	2654	1249	2405	1126	1394	2809	2813	1279
1153	1923	908	1549	2451	148	280	1949	1951	1830	296	558	946	1458	52	2869	1462	50	1971	698	3192	2109	2623	449	3266	2498	1351	1229	2639	1488	1620	2908	221	2660	3173	1642	3306	1514	1648	1397	1272	1791
1026	3332	133	2057	907	3213	2958	3090	408	2203	412	2974	800	675	2083	3109	809	3242	2094	1584	2738	3124	568	312	2235	1857	1217	1096	1227	1872	978	1623	2522	2398	3169	3308	878	1527	3067	511
128	2059	1805	2197	535	1304	2201	1817	1691	2972	2724	1573	932	1834	1835	2097	2995	1845	440	2104	2874	2105	189	2238	1470	2879	3265	578	707	2249	2384	984	3294	1887	2016	229	2409	2540	1006	2031	238	2294	1015	637
898	2565	2824	523	2571	781	142	783	144	1553	1812	278	410	1659	541	1184	2341	2982	165	683	812	2861	431	2102	567	184	3129	448	68	71	2248	335	2512	722	1492	2260	1876	3287	1625	226	738	1892	2022	1896	2286	1007	760	3323
2944	1669	1542	1670	1682	925	2081	802	3106	1313	2598	1707	2355	308	1972	2046	2872	2233	2878	1089	835	1604	2375	2633	1740	1104	3024	980	3284	1111	1881	475	1373	992	1253	1254	1640	2794	2928	1399	2680	126
2688	385	3201	516	2056	654	146	2195	1426	790	30	1311	1957	1064	1716	438	1849	1339	1467	190	2111	1090	2631	2888	2763	589	79	2640	3280	725	2903	603	1759	2271	2786	99	2532	871	1513	504	1018	636	893
2817	3330	1029	1414	2696	8	1163	13	656	1424	1938	1557	1176	3101	2461	2338	1189	2602	2605	1586	692	2357	2743	3191	2232	56	2494	66	1603	2115	966	78	1749	2775	223	1123	3305	875	1391	1138	3314	242	3190	2679	1016	1529	252
515	3204	3205	1800	525	2959	1044	154	411	1824	288	1952	3104	1191	553	2735	176	689	819	824	444	1854	3262	3139	3143	1869	81	2004	852	2009	2778	2144	225	2662	110	239	2420	247	1144	2298	2941	510
2949	645	2569	2953	2060	397	15	2586	796	1314	2857	1195	2222	2615	316	1726	2243	1732	2558	714	1868	3148	2894	1487	1615	1489	3156	1112	3035	1122	2921	1131	2028	3312	1009	1523	1908	638
2308	2698	1552	2065	1041	1684	1940	3227	668	159	2851	1063	3112	2089	1451	557	2353	1715	825	62	450	455	1225	1098	2635	2378	719	340	3028	1238	1880	3160	1242	2651	734	1127	2538	491	2027	3181	3186	503
1543	1033	395	3084	780	2193	1937	3217	2708	1301	2973	415	2209	1316	1580	685	1075	435	317	445	2624	832	1348	1221	1350	1480	1352	3018	2508	3151	2008	3290	2523	1626	222	375	2400	866	995	3043	1768	745	489	107	2668	1263	3056	756	2551	2810	765
896	2305	776	1544	777	1294	1818	2463	1318	2552	2860	2221	2606	2237	1987	3268	580	1349	453	2893	343	3163	1499	1631	1379	1124	494	752	2929	2675	632	1790
1154	2692	517	902	2951	2312	1671	1930	1286	2956	1811	1428	1049	3228	1308	1565	2977	1956	171	1841	178	1844	1080	2236	574	1219	1222	1734	842	3149	3154	1502	1119	1766	1258	630	124
3073	3203	518	2055	1036	2960	1045	2709	2587	1051	2588	542	1310	2848	416	1958	2855	1708	3118	3253	2101	693	1336	1213	447	1216	710	200	2634	843	203	461	3023	2767	2130	1107	861	3300	612	2406	377	873	492	2796	246	121	2426	3195
0	904	906	2315	1931	524	14	145	1554	918	2844	2847	672	2975	1823	3108	2599	936	1577	426	2216	3115	942	1455	1337	2876	198	3283	596	120	1246	1760	2913	2658	2916	1638	2920	885	2424	3194	2939	1277	1023
1925	2182	5	1804	539	2335	2853	1832	43	1585	2937	957	3008	961	3012	2374	1609	460	2253	332	592	2257	2256	3157	2134	3030	602	1114	1376	482	1636	486	1771	497	2034	627	1267	245	2425	1916	1917	255
3072	1665	1418	533	2838	2711	1942	1305	2713	1190	682	1069	1582	47	816	2225	2481	179	695	1720	827	327	586	2126	1743	1361	2898	2514	2773	2261	214	1116	1885	2268	3048	1004	2802	1141	886	631	1528
2183	2442	1291	766	17	657	1556	1558	1174	2328	407	2202	1442	2467	678	943	177	53	2999	1978	828	1599	1741	1997	208	466	1364	3164	2657	2914	868	2407	2024	236	1518	2799	2161	2674	118	889	2428	1278
1281	778	2449	787	1685	2965	1562	667	924	157	2337	1186	163	1574	1071	1968	2608	2352	1078	1591	1986	2629	1990	967	2120	841	3285	2010	3301	614	2153	3180	367	248	3326
2304	513	2948	521	137	3216	2196	1563	2333	1439	1567	2593	801	1315	681	1962	301	1967	1330	2226	2356	1333	821	571	1088	1220	2884	1988	1095	2503	1996	1228	463	2135	2661	1509	2278	360	1900	2927	1266	1402	2172
1161	1803	526	1806	398	1429	1047	1560	3098	31	1057	162	2601	2987	2091	3120	1329	2866	1717	2871	2489	325	72	1864	973	975	1878	1751	989	2784	2277	3046	2924	1901	750	1904	2033	1905	3062	761	2045
1664	2433	3074	1926	394	11	2187	653	273	2840	283	290	1321	3248	1074	691	1976	1208	3006	3136	3014	713	969	717	2647	600	1754	2915	1893	742	2279	1510	2795	759	2797	1143
1921	664	25	923	1695	34	805	2215	2479	1457	950	55	2617	704	2114	1347	963	2754	3267	1861	2890	2255	1106	726	2904	728	3296	2018	2787	869	2917	1770	2539	237	2292	2549	1269	762
640	1793	1422	1934	3088	1042	660	2453	791	2456	282	2459	2465	2984	2600	3114	1193	172	1965	1711	2486	1975	1724	322	836	1486	334	2770	1371	3045	2536	2670	2682	2555	3068
771	1293	1040	3220	2071	2455	2074	286	1826	418	3234	2852	1701	423	3236	2991	2354	3256	3007	2240	2880	1605	1994	1482	2380	76	2125	3022	2641	3155	213	1110	471	2521	2528	2021	1767	999	2663	2416	127	3071
1922	1539	2438	2186	2191	2192	3089	271	2835	1306	2845	1317	170	428	2863	944	1082	1340	1341	1473	2630	457	2895	721	2899	1109	2646	470	218	3165	3168	224	2923	1515	1772	755	2932	3320	250	2429	890
2826	2323	20	531	24	2205	2079	167	1578	3123	2230	3126	1592	700	1471	1730	1093	1478	1735	1739	1745	2385	1617	468	220	3166	864	102	230	2664	108	2931	1660	1533	254	1151
1920	2435	1030	2184	138	3082	1548	2314	655	400	1815	1688	2585	3102	32	806	1446	2732	1198	1970	822	310	1721	2749	2621	579	844	1485	1103	1744	83	1237	3032	729	2393	3292	860	996	358	232	1647	3066	253
1027	2309	1415	2707	276	3095	794	2208	1703	1452	1713	1083	956	452	709	70	2500	3271	2377	209	1369	2011	2396	2525	2395	993	1377	1637	2665	490	493	1775	2417	1649
2561	2307	1540	901	2694	3211	2188	2701	1170	3222	1559	150	1686	2970	1440	550	434	307	2742	1206	3000	3131	3132	3261	1998	1614	847	3029	347	92	1375	3050	2542	2546	3322	1148	2814
1158	2952	3337	1275	143	911	3223	665	1434	930	1187	1704	3117	3122	1076	1593	1466	2106	1468	1472	2883	454	1234	2901	1758	2274	2667	1644	1516	1903	1780	3061	379
259	3081	3085	2062	2704	2448	272	2580	2471	2228	1974	3255	186	3135	2755	456	1999	1616	336	593	2387	1883	731	2524	483	2148	997	616	2281	1898	364	1520	2808	2042
2180	1162	2957	2446	2702	2190	284	2207	1955	2854	3241	2730	1197	1969	2610	1973	2627	1736	1738	2636	1231	3153	2642	853	601	1755	1630	2782	359	1897	1129	2548	1909	1654	3065	509
2432	130	2563	3078	7	1679	1935	2964	2710	1436	1954	804	1192	552	42	555	959	1343	2756	2757	2637	2643	1236	1879	96	617	496	1521	2545	3188	3063	888	1786
1408	386	644	1541	132	1796	2573	2066	2962	2581	789	1814	1438	1325	2990	3249	2231	3003	699	849	2392	2138	2780	607	2150	2534	3303	2535	3310	1014
384	1794	913	3092	2325	2198	1056	1062	45	57	315	2751	193	1218	326	2759	3145	1867	2902	2006	862	2015	3295	1378	2410	1260	879	2544	1136	1778	629	1782
2816	769	642	1038	788	920	281	2716	1694	2078	544	36	422	808	2886	3019	1233	211	851	2394	474	1500	1252	101	233	361	1643	2411	363	1008	3317	2805	2807	1656	2297	2300	3199
2049	2947	647	2568	10	2457	1050	670	3232	161	545	2340	292	427	562	2741	1463	1848	1598	2625	65	67	708	197	3009	3146	715	2686	3021	2653	615	1000	620	1650	1010	2302
897	1157	2441	2827	403	21	1687	2331	1307	3231	1696	2212	3237	168	2873	2234	2112	196	587	1100	3282	467	1493	1497	2266	2020	2790	2280	3051	3052	1517	2165	117	2169	2301
2572	1435	1948	1441	1572	2468	933	1072	2745	697	2364	706	323	3141	2252	3026	723	2390	3031	473	2652	605	1628	112	1392	2160	2803	1651	369	1400
387	2954	1550	2583	2336	2082	164	548	166	935	1838	1714	2996	1460	1590	2487	311	2368	584	1995	3276	846	2136	3033	998	3302	2793	105	1130	1390	498	2047
2440	3212	2322	2211	1833	425	2475	2218	1837	554	1456	49	1985	2117	1607	1865	2121	3274	2007	344	90	91	1120	354	488	1385	1777	241	1530	380	1406
256	1537	2052	1420	1680	1298	1683	921	2841	1698	2979	939	1068	3244	59	1595	3016	3144	1354	2505	3277	985	1372	990	480	737	1382	872	1389	2287	1142	1398	767
1536	2566	1416	268	275	3093	1173	2980	1831	2344	2351	2993	1338	1723	3137	971	2892	1742	1870	1108	2516	1884	2656	2792	2163	1912	1915
2434	264	2063	2579	2473	2733	1328	1203	2612	1977	1210	955	1851	1081	1984	834	3273	3152	2897	464	3034	1243	2275	1125	1388	2159	2671	495	2037	1017
1675	2836	916	2967	2712	2590	2846	1697	2594	2731	1070	814	2865	1843	2740	566	2242	1993	3275	1871	1619	2519	2650	1244	1503	2403	2032	2299
2317	1933	3087	279	1561	2073	2728	1710	2736	2370	2628	845	2510	850	1622	2779	2269	350	1889	610	749	1401	1019	2687
1	18	661	2327	536	666	3103	2080	1960	1450	181	1077	952	1084	1856	2766	3288	1264	2933	2038	2554	891	2942
3329	1285	520	2575	1172	29	33	941	690	1588	182	2998	2493	3134	1855	194	2245	2504	724	1239	2649	3041	870	366	1137
2818	3077	2053	392	16	2069	3094	1464	2108	1982	320	2765	982	217	2399	1763	740	3044	1005	1646	240	626	754	1658
258	261	1419	1932	1433	28	1692	1821	937	1322	1454	815	2224	1966	306	949	2889	331	2900	2143	479	867	3172	2151	3185	3057	2166	1150
1410	1928	2830	2831	659	1175	3096	3224	926	40	1200	2096	2362	443	2620	2502	3270	2513	2648	3036	2788	2155	2801	625	2676	2553	2685
770	775	3207	2443	1547	2829	528	2833	2584	1690	1437	2722	3245	2095	945	2098	3127	1079	1860	2638	2001	2264	352	3309	3055	623	2683	894
2564	1292	1808	2706	1302	2199	2839	2206	414	1444	1712	1853	702	2110	1087	2501	2885	458	2382	848	3161	988	3297	1762	635	1002	235	874	2171
1681	2715	1953	35	3110	2983	2997	2358	1850	2373	588	1495	1756	3037	353	98	97	485	746	1907	2035	3059	1270	378	251	1534
1282	648	1785	669	1053	543	546	1828	2090	174	1858	328	2123	465	337	2905	987	2141	733	2147	744	2413	2418	2677	2295	3321	3198
1152	2562	1413	1164	141	652	1677	1300	2966	22	677	2474	1840	564	2492	1602	2506	2122	3025	1624	2529	1635	100	1512	2943
900	3206	1417	2318	406	1303	2720	2345	297	2219	2737	818	2100	823	3319	831	2113	1353	472	1882	2273	1764	3315	1781	2550	1911	3318	125
1155	391	3210	1034	1810	402	405	1180	547	3239	2729	2477	429	1327	3121	2482	3251	2379	1746	2530	2537	619	109	3182	1902	1776	2290	887	1020
1795	773	1672	2825	537	37	38	813	560	2613	1461	1209	1212	1344	2882	838	1608	1102	1873	1490	1365	1366	2776	2270	1761	2531	231	3311	1910	2812
390	3080	1802	1043	277	2462	2858	3243	300	2349	3250	1332	1335	2488	3258	2875	572	830	581	3015	3281	1363	1240	3039	1891	1641	114
2050	2690	1156	522	1035	2968	1946	2978	1827	432	2744	2366	3147	595	215	2907	2910	1118	2791	622	1906	1525	2041	2170	892	2431
2051	399	1169	1299	551	1576	2603	2862	1202	183	1980	192	577	451	3140	73	1226	2764	1113	95	1632	2149	876
3200	3202	1411	1678	2064	662	152	1689	2460	540	549	2609	2994	2739	439	2495	2369	2499	1099	1356	590	2645	1121	2922	2543	3184	501	1274	381
3075	2179	2961	2850	299	3119	433	1334	2372	210	727	2139	604	1250	1251	2283	3054	2158	1522	1395	1403
3328	512	772	649	2699	3083	2447	2842	922	798	934	2346	2485	1215	3020	3279	977	1362	979	1491	477	606	1128	115	1396	1652	3324	3197	2430	1919
2697	2705	2577	673	1058	1700	2469	2342	1319	2347	1196	1839	1205	1207	2246	2247	2251	2267	476	1757	356	2025	368	3187	2043
2176	2068	1813	1959	1447	817	1846	185	2748	1085	318	1600	2250	2515	858	2402	3177	2156	499	500	2422	2039	123	1661
1792	263	136	1290	1421	147	1177	1568	2466	2989	2483	51	2870	2496	1346	1358	338	89	751	880	2678	1788	3070
2945	2306	134	262	3219	2330	795	1312	1569	1829	421	1705	1842	1719	570	69	1862	1479	1611	1101	976	2909	736	2023	2154	2412	624	2291	244	1146
9	2454	1431	2734	820	2618	1852	1989	77	1359	2896	1748	2133	983	346	2906	1374	3167	3042	1639	1511	1133	1774	2415	2421	634	2303
768	2822	2834	917	3097	3100	2589	1182	2591	2727	3133	1475	2887	3272	204	339	3307	2541	884	1783	3193
1729	3233	2785	1859	611	1825	1031	680	1773	3183	1936	2992	80	1013	2518	1752	2843	1052	2013
257	674	803	2946	2986	1355	1326	1230	2129	786	1779	2036	2867	441	2556	3230	191
1280	2592	419	3235	2376	1674	46	1807	2864	60	188	2321	2132	1653	2971	1820	1149	287
227	1476	2789	484	41	1481	1612	1676	910	591	1583	718	2444	19	54	3001	2140	1405
2820	1929	1167	2067	915	1432	298	1836	1211	2747	965	1610	2005	342	2520	3293	1886	2289	881	1265	1268	373	2681	2684
2265	228	234	1899	684	205	2030	527	1581	3215	370	113	341	2200	2329	2938	1532
1024	1505	613	646	2181	2282	811	2666	1357	2284	1295	565	1718	855	2072	1181	3069
928	1570	291	3	2981	3238	679	3208	1159	3047	1323	1067	2093	3278	559	1551	371	2142
2048	1666	2178	3138	2470	3175	1702	1895	140	2478	2611	3060	2806	151	2616	3286	1947	1117
2752	833	807	2761	1165	1262	2511	3189	3158	2174	1979	3196	2622
3264	739	2214	840	2472	2798	2127	2832	2324	372	797	413	3327
1888	2689	2339	2244	104	1961	330	1483	968	2061	2285	594	404	3252	953	187	703
2401	1894	2632	970	269	3214	621	1519	628	309	2360	219	2911
1633	514	388	1673	430	2223	599	1241	1178	2239
2753	1094	169	1003	2859	909	365	1939	2070	569	3162	1819	826	2173
2497	1538	2084	3013	2213	1799	3304	1256	2891	2509	2319	1011	1629
1091	2404	3178	3091	1430	986	3325	1663
2626	839	1448	3176	688	919	2940
1506	2758	1223	779	305	2458	1245
1847	2828
