0.3509	-0.2579	-1.0000
-0.3276	-0.0577	-2.0000
-0.4785	0.0911	0.0000
-0.0111	-0.1196	-3.0000
0.2599	0.4268	0.0000
0.3057	-0.3264	-1.0000
0.3788	-0.2652	0.0000
-0.3507	-0.1473	-2.0000
-0.4707	-0.0538	-1.0000
0.0562	-0.1893	-3.0000
0.2397	0.4317	-2.0000
0.1960	0.4476	-1.0000
-0.4799	0.0898	0.0000
-0.0233	-0.4304	-1.0000
-0.3879	0.1817	-1.0000
-0.4674	0.0153	-1.0000
-0.2455	0.1646	-2.0000
0.3896	-0.0970	-1.0000
0.2309	0.4283	-2.0000
0.0275	0.1292	-3.0000
-0.3045	-0.2363	-2.0000
0.2392	-0.2846	-2.0000
0.0254	-0.2735	-3.0000
0.2511	0.4324	0.0000
0.2207	0.4427	-2.0000
0.3734	-0.1058	-1.0000
-0.4929	-0.0583	0.0000
-0.1855	0.4000	0.0000
0.1385	-0.2916	-2.0000
0.1091	-0.3125	-2.0000
-0.4702	-0.0596	-1.0000
-0.4194	-0.1041	-1.0000
0.1987	0.4444	-2.0000
0.3182	0.0556	-2.0000
-0.1628	0.3387	-1.0000
0.2874	-0.0800	-3.0000
0.3456	0.0715	-2.0000
-0.2540	-0.0373	-3.0000
-0.2247	-0.1107	-3.0000
0.1711	0.4628	0.0000
-0.2034	0.2060	-3.0000
0.1700	0.0170	-3.0000
-0.1155	-0.3282	-2.0000
0.3886	-0.1294	-1.0000
-0.3704	0.2617	0.0000
0.2297	-0.3148	-2.0000
-0.0088	0.1364	-3.0000
-0.4360	0.0648	-1.0000
-0.3299	-0.3060	0.0000
0.0191	-0.3451	-2.0000
-0.4481	-0.1406	0.0000
0.0577	-0.2065	-3.0000
0.2192	0.4471	0.0000
0.2614	0.4243	-1.0000
0.0897	-0.1418	-3.0000
-0.2112	0.3127	-1.0000
0.0985	-0.4428	-1.0000
0.1404	-0.3629	-2.0000
0.1265	-0.4650	0.0000
-0.2404	-0.2175	-2.0000
0.1691	0.0324	-3.0000
0.2486	0.4338	0.0000
0.3562	-0.2685	-1.0000
0.2416	0.4376	0.0000
0.2470	0.4347	0.0000
0.3365	-0.1178	-2.0000
0.1365	-0.4416	-1.0000
0.3012	-0.2144	-2.0000
0.2673	0.4214	0.0000
-0.1796	0.1070	-3.0000
-0.2219	-0.2868	-2.0000
0.1903	0.4542	0.0000
-0.4245	0.0739	-1.0000
-0.2058	-0.1021	-3.0000
-0.0694	-0.4353	0.0000
0.2864	0.4075	0.0000
0.2467	0.4328	-1.0000
0.2146	-0.0555	-3.0000
0.2972	0.3909	-1.0000
0.2516	0.4319	-1.0000
-0.1076	-0.1216	-3.0000
0.3174	-0.3346	-1.0000
0.2813	0.4106	0.0000
-0.2383	-0.2820	-2.0000
-0.4644	0.1137	0.0000
0.4353	-0.0929	0.0000
0.3393	-0.3348	0.0000
-0.2610	-0.3440	0.0000
-0.2030	-0.3873	0.0000
0.0087	0.1861	-3.0000
0.2558	0.4171	-2.0000
-0.1007	0.3209	-2.0000
0.3584	0.0410	-2.0000
0.1680	0.4641	0.0000
0.2450	-0.4291	0.0000
-0.1738	-0.1429	-3.0000
-0.1643	-0.3013	-2.0000
-0.0646	0.2635	-3.0000
-0.1510	0.2393	-3.0000
0.4070	-0.1342	-1.0000
-0.1988	-0.1574	-3.0000
0.2678	0.4057	-2.0000
0.2516	0.4290	-2.0000
-0.4507	-0.1502	0.0000
0.0507	-0.0977	-3.0000
0.2288	-0.2895	-2.0000
-0.2958	0.3339	0.0000
-0.2140	-0.3418	-1.0000
0.0796	-0.3957	-2.0000
0.2190	-0.1931	-3.0000
-0.3455	-0.2497	-1.0000
-0.0678	-0.4369	0.0000
-0.1578	0.2967	-2.0000
-0.0389	0.1217	-3.0000
0.2694	-0.0042	-3.0000
-0.0423	-0.2094	-3.0000
0.2732	0.4176	0.0000
0.1577	-0.3521	-2.0000
-0.4452	-0.0082	-1.0000
-0.4941	0.0174	0.0000
-0.0682	-0.4024	-1.0000
0.3990	0.0413	-1.0000
0.2491	0.4335	0.0000
0.2224	0.0284	-3.0000
0.3031	-0.3367	-1.0000
0.2199	-0.2011	-3.0000
-0.4367	-0.1467	-1.0000
-0.4140	-0.0771	-1.0000
0.0328	-0.4465	0.0000
0.2629	0.4249	0.0000
0.0649	-0.3733	-2.0000
0.2167	-0.4447	0.0000
-0.3660	-0.0865	-2.0000
0.2488	0.4336	0.0000
0.2276	-0.0147	-3.0000
0.2609	-0.4244	0.0000
-0.0822	-0.1725	-3.0000
0.1096	-0.4086	-1.0000
0.2398	0.4355	-2.0000
0.3012	0.3926	0.0000
0.1399	0.0117	-3.0000
-0.0950	0.2559	-3.0000
-0.2177	0.3527	0.0000
-0.3337	-0.1864	-2.0000
-0.4336	0.1507	0.0000
-0.4293	0.1145	-1.0000
-0.4664	-0.0725	-1.0000
-0.1438	-0.1184	-3.0000
0.2022	-0.4415	0.0000
-0.2644	0.3378	0.0000
0.2486	0.4303	-2.0000
0.1013	-0.0888	-3.0000
0.1223	-0.2244	-3.0000
-0.4979	0.0275	0.0000
0.1345	-0.4398	-1.0000
0.2171	0.4488	0.0000
-0.4793	0.0981	0.0000
-0.3850	-0.1681	-1.0000
0.1748	0.4626	0.0000
0.2373	-0.4027	-1.0000
0.3482	-0.3275	0.0000
-0.0075	-0.3511	-2.0000
0.2901	0.3912	-1.0000
-0.4142	0.1211	-1.0000
0.2095	0.4377	-2.0000
-0.4601	0.0993	0.0000
0.1957	-0.3172	-2.0000
0.1965	0.4454	-2.0000
0.2896	-0.2299	-2.0000
0.0994	-0.0128	-3.0000
0.3100	-0.2673	-2.0000
-0.0351	-0.4158	-1.0000
0.2543	0.4278	-1.0000
-0.3655	0.2732	0.0000
0.2263	-0.2075	-3.0000
-0.4814	0.0587	0.0000
0.2612	0.4254	-1.0000
0.1761	-0.4054	-1.0000
0.2565	-0.3842	-1.0000
0.2007	0.4483	-1.0000
0.2376	0.4395	0.0000
-0.1149	0.2836	-2.0000
-0.2205	0.2052	-2.0000
-0.2020	0.1388	-3.0000
0.3220	-0.3445	0.0000
-0.0121	-0.2044	-3.0000
0.2437	0.4325	-2.0000
-0.0654	0.0525	-3.0000
-0.0406	-0.1471	-3.0000
0.2062	-0.4372	0.0000
-0.4734	-0.0313	-1.0000
0.1806	-0.0456	-3.0000
-0.2355	-0.0455	-3.0000
-0.3744	0.0201	-2.0000
-0.2670	-0.1485	-2.0000
-0.2279	-0.3720	0.0000
-0.2776	0.1975	-2.0000
0.1672	-0.3494	-2.0000
0.3668	-0.2181	-1.0000
0.2721	0.4184	0.0000
-0.2649	-0.3001	-1.0000
0.2447	0.4360	0.0000
-0.1757	-0.3941	0.0000
0.3913	-0.1255	-1.0000
0.1664	-0.1040	-3.0000
0.0869	-0.1198	-3.0000
-0.3601	0.2816	0.0000
-0.4764	0.1023	0.0000
0.2883	0.3963	-1.0000
0.2580	0.4235	-2.0000
-0.2020	-0.0950	-3.0000
0.2326	0.4347	-2.0000
0.3885	-0.2411	0.0000
-0.3299	-0.2139	-1.0000
-0.3535	-0.2145	-1.0000
-0.0740	-0.2198	-3.0000
-0.3956	0.2304	0.0000
0.2771	-0.1622	-2.0000
0.1450	-0.3890	-2.0000
-0.0640	-0.0610	-3.0000
0.0417	-0.3938	-2.0000
-0.2515	0.3427	0.0000
-0.4457	0.0888	-1.0000
-0.2800	0.3083	-1.0000
0.0190	-0.3908	-2.0000
0.2501	0.4327	-1.0000
-0.4008	-0.2034	0.0000
0.1604	0.0576	-3.0000
-0.1114	-0.0552	-3.0000
-0.0426	-0.4321	0.0000
-0.3838	0.1262	-2.0000
0.0296	-0.2563	-3.0000
0.2041	-0.3656	-2.0000
0.2239	-0.3133	-2.0000
0.1447	-0.0574	-3.0000
-0.0682	0.2670	-3.0000
-0.2549	0.2973	-1.0000
0.2326	-0.3658	-1.0000
-0.4819	-0.0258	0.0000
0.2082	0.4498	-1.0000
-0.2118	-0.1932	-2.0000
-0.3260	0.1027	-2.0000
0.2037	0.4510	-1.0000
-0.1206	-0.4242	0.0000
-0.0044	-0.1913	-3.0000
-0.3353	-0.2351	-1.0000
-0.3600	0.2172	-1.0000
-0.1257	-0.3947	-1.0000
-0.1959	-0.3337	-1.0000
0.2980	0.3955	0.0000
0.1927	-0.3754	-2.0000
0.2610	-0.1495	-3.0000
-0.4355	0.1385	-1.0000
-0.3183	-0.2152	-2.0000
-0.3793	-0.1386	-2.0000
-0.4306	-0.1092	-1.0000
0.3347	-0.0279	-2.0000
-0.0751	0.1402	-3.0000
-0.0790	-0.2650	-2.0000
0.3540	-0.0622	-2.0000
0.2116	-0.4378	0.0000
-0.1752	-0.2161	-2.0000
0.0469	-0.1989	-3.0000
0.1301	-0.1708	-3.0000
0.3137	-0.1106	-2.0000
0.2500	0.4330	0.0000
-0.1389	-0.4139	0.0000
0.2413	-0.4355	0.0000
-0.0748	-0.3018	-2.0000
0.1053	-0.0111	-3.0000
0.2384	0.4393	0.0000
-0.1964	-0.3112	-2.0000
0.2207	0.4402	-2.0000
0.3825	-0.0702	-1.0000
-0.1450	-0.4045	0.0000
0.2321	0.4316	-2.0000
-0.3328	0.1820	-2.0000
0.1124	-0.2519	-3.0000
-0.4801	-0.0231	0.0000
0.2411	-0.2472	-2.0000
-0.4636	-0.1063	0.0000
-0.3050	0.1801	-2.0000
-0.3108	-0.2376	-1.0000
0.2544	0.4283	-1.0000
0.2549	0.4241	-2.0000
-0.2001	-0.3944	0.0000
0.2681	0.4158	-1.0000
0.1171	-0.1378	-3.0000
0.2035	0.4508	-1.0000
0.4290	-0.1256	0.0000
-0.4196	0.0861	-1.0000
-0.1038	0.0590	-3.0000
-0.2013	-0.2584	-2.0000
-0.4630	0.1045	0.0000
-0.4223	-0.1975	0.0000
0.4272	-0.0372	0.0000
-0.4854	-0.0303	0.0000
-0.0840	0.2441	-3.0000
0.0748	-0.1404	-3.0000
0.1329	-0.2117	-3.0000
-0.2435	0.0339	-3.0000
-0.3381	-0.2194	-1.0000
-0.3513	-0.2904	0.0000
0.2871	-0.3939	0.0000
0.2840	0.4086	0.0000
0.0365	-0.0239	-3.0000
0.2213	-0.2369	-2.0000
-0.3672	-0.1445	-2.0000
0.3562	-0.2865	0.0000
-0.0778	0.0295	-3.0000
-0.3366	0.1815	-2.0000
0.2175	0.4372	-2.0000
0.3195	-0.3510	0.0000
0.4372	0.0457	0.0000
-0.2663	0.3352	0.0000
-0.0917	-0.3210	-2.0000
-0.4522	0.0834	-1.0000
-0.4483	-0.0938	-1.0000
0.2054	0.0514	-3.0000
-0.4184	0.1951	0.0000
0.2364	0.4229	-2.0000
0.2558	0.4295	0.0000
0.3635	-0.1411	-1.0000
0.3024	-0.2021	-2.0000
-0.4037	-0.2303	0.0000
0.1932	0.4478	-1.0000
-0.3476	-0.1400	-2.0000
-0.2842	0.2798	-1.0000
0.0795	-0.2892	-3.0000
0.2050	0.4522	0.0000
0.0681	-0.0838	-3.0000
0.3142	0.0004	-2.0000
0.2182	0.4453	-1.0000
0.2048	0.4518	0.0000
0.2465	0.4330	-1.0000
-0.2306	-0.3491	0.0000
-0.1381	0.3333	-2.0000
-0.0451	-0.2571	-3.0000
0.2262	-0.0358	-3.0000
0.1234	0.1110	-3.0000
-0.1072	-0.3987	-1.0000
0.1497	0.0536	-3.0000
-0.0438	0.1260	-3.0000
-0.1790	0.3559	-1.0000
0.3302	-0.0657	-2.0000
0.2527	0.4314	0.0000
-0.0816	-0.1514	-3.0000
0.3425	-0.1707	-2.0000
-0.4427	-0.1595	0.0000
-0.4286	-0.2005	0.0000
-0.2169	-0.2134	-2.0000
0.2723	-0.4165	0.0000
-0.0566	-0.2696	-3.0000
-0.1365	-0.2297	-3.0000
0.2613	0.4093	-2.0000
-0.3745	0.2654	0.0000
0.0913	0.1613	-3.0000
0.3977	-0.2359	0.0000
0.3207	-0.2356	-2.0000
0.2625	-0.2940	-2.0000
0.2124	0.4460	-1.0000
0.0508	-0.3631	-2.0000
0.4094	-0.1989	0.0000
0.2519	0.4237	-2.0000
-0.3840	0.0678	-2.0000
-0.0456	-0.0536	-3.0000
0.2535	-0.2086	-2.0000
0.3543	-0.2214	-1.0000
0.1056	-0.1964	-3.0000
-0.1226	-0.2958	-2.0000
0.0512	0.1211	-3.0000
0.1059	-0.0886	-3.0000
0.0362	0.0723	-3.0000
0.1334	0.0720	-3.0000
0.2757	0.4161	0.0000
0.3298	-0.3084	-1.0000
0.2927	0.4017	0.0000
-0.2378	0.3186	-1.0000
-0.0157	0.2502	-3.0000
0.2587	0.4221	-2.0000
0.2415	0.4280	-2.0000
0.1574	0.1313	-3.0000
-0.4881	0.0470	0.0000
0.1793	0.4598	0.0000
0.2937	-0.2417	-2.0000
0.1941	-0.4331	-1.0000
-0.0345	-0.3493	-2.0000
-0.2239	0.2422	-2.0000
-0.0761	0.0261	-3.0000
-0.4753	-0.1136	0.0000
0.2280	0.0886	-3.0000
-0.0380	0.2324	-3.0000
0.2443	0.4184	-2.0000
0.2027	0.4541	0.0000
0.2593	0.4249	-1.0000
0.1143	-0.4339	-1.0000
0.2498	0.4331	0.0000
0.2496	-0.3971	-1.0000
0.2495	0.4318	-1.0000
-0.1669	0.1705	-3.0000
-0.1443	0.3380	-2.0000
0.4424	-0.0667	0.0000
-0.1670	0.2039	-3.0000
0.2174	-0.3062	-2.0000
-0.0314	-0.0852	-3.0000
-0.0948	0.2418	-3.0000
0.2749	0.0415	-3.0000
-0.4277	0.0928	-1.0000
-0.4716	0.0723	0.0000
-0.2642	-0.3496	0.0000
0.2102	0.4496	0.0000
-0.3917	-0.2005	-1.0000
-0.3664	-0.2478	0.0000
-0.0442	0.0667	-3.0000
0.1710	-0.2645	-3.0000
-0.1402	-0.3827	-1.0000
-0.4297	-0.1124	-1.0000
0.2233	0.4463	0.0000
0.2542	0.4277	-1.0000
-0.1531	-0.0036	-3.0000
0.2504	0.4327	0.0000
-0.0848	0.1762	-3.0000
0.2912	-0.2337	-2.0000
-0.4012	0.0907	-1.0000
0.2621	0.4255	0.0000
-0.3208	-0.1218	-2.0000
0.2237	0.4439	-1.0000
0.2246	0.4367	-2.0000
0.2372	0.4372	-2.0000
0.2643	0.0484	-3.0000
0.0934	0.0165	-3.0000
0.2428	0.4367	0.0000
0.2403	-0.1162	-3.0000
0.2344	0.0354	-3.0000
-0.2632	-0.2584	-2.0000
0.2517	-0.3922	-1.0000
-0.3060	-0.3081	0.0000
0.3086	0.3875	0.0000
0.3758	-0.2437	-1.0000
-0.2267	-0.0160	-3.0000
-0.3051	0.2967	0.0000
-0.0892	-0.1340	-3.0000
-0.4939	-0.0263	0.0000
-0.1797	0.2306	-3.0000
-0.4706	-0.0390	-1.0000
0.2679	-0.3780	-1.0000
-0.4996	-0.0117	0.0000
-0.2342	0.3211	-1.0000
-0.2687	0.3226	0.0000
0.1908	0.4550	0.0000
-0.3136	-0.2736	-1.0000
0.2408	0.0466	-3.0000
0.2484	0.4307	-2.0000
0.2526	0.4309	-1.0000
0.1182	-0.3823	-2.0000
0.2134	0.4477	-1.0000
-0.2731	0.2348	-2.0000
-0.1680	0.3302	-2.0000
-0.2800	0.0618	-3.0000
0.2481	0.4341	0.0000
0.2048	-0.4001	-1.0000
-0.4177	0.1428	-1.0000
0.2437	0.4364	0.0000
0.3853	-0.0759	-1.0000
0.0785	-0.3332	-2.0000
0.2918	0.0222	-3.0000
0.1078	-0.4173	-1.0000
-0.2331	-0.2333	-2.0000
-0.2395	0.2832	-2.0000
0.1823	0.4595	0.0000
0.3367	-0.2123	-2.0000
-0.3031	-0.2431	-1.0000
0.0045	0.2280	-3.0000
0.2395	0.4310	-2.0000
0.2041	-0.3270	-2.0000
-0.4476	-0.1274	-1.0000
-0.2049	0.0956	-3.0000
0.0976	-0.2119	-3.0000
0.2603	0.4266	0.0000
-0.0581	0.2878	-2.0000
0.3116	-0.1420	-2.0000
-0.4584	0.1173	0.0000
-0.4194	0.1293	-1.0000
0.0436	-0.3812	-2.0000
-0.1216	0.0821	-3.0000
0.0196	0.2356	-3.0000
0.3954	-0.0318	-1.0000
-0.4945	-0.0079	0.0000
0.1841	-0.3204	-2.0000
0.2564	0.4286	-1.0000
0.2588	0.4227	-2.0000
0.2684	0.4196	-1.0000
-0.3580	-0.2192	-1.0000
0.2722	-0.3144	-2.0000
0.1344	-0.4295	-1.0000
-0.3124	-0.1146	-2.0000
-0.3872	0.0024	-2.0000
0.1649	-0.4146	-1.0000
-0.3069	0.1566	-2.0000
-0.0054	0.1940	-3.0000
-0.1985	0.0847	-3.0000
0.2559	-0.0303	-3.0000
0.0052	-0.4588	0.0000
-0.3555	-0.2365	-1.0000
0.2552	0.4296	-1.0000
-0.4984	-0.0184	0.0000
0.2297	0.4434	0.0000
0.2639	-0.4183	0.0000
-0.2501	0.3540	0.0000
0.2772	-0.2760	-2.0000
-0.2290	-0.3386	-1.0000
0.2449	0.4357	0.0000
0.2090	0.0650	-3.0000
0.2611	0.4240	-1.0000
0.0351	-0.0783	-3.0000
0.3835	-0.2127	-1.0000
0.1271	-0.4450	-1.0000
0.2388	0.4382	-1.0000
-0.4331	0.1080	-1.0000
0.2378	0.4394	0.0000
0.2298	0.4252	-2.0000
0.2843	0.4006	-1.0000
-0.1352	-0.1835	-3.0000
0.4006	-0.1756	0.0000
-0.4061	-0.1538	-1.0000
0.2967	0.3913	-1.0000
0.2602	0.4244	-1.0000
0.0687	-0.1388	-3.0000
0.2251	-0.2278	-3.0000
0.4109	-0.1485	0.0000
0.2364	0.4402	0.0000
-0.1754	0.3230	-2.0000
-0.3490	-0.2770	0.0000
0.2538	0.4297	-1.0000
0.2058	0.4532	0.0000
0.2115	-0.4350	0.0000
-0.2674	-0.1500	-2.0000
-0.2417	-0.0782	-3.0000
0.2985	0.3940	0.0000
0.3816	-0.1672	-1.0000
0.0141	0.2020	-3.0000
0.2026	-0.4343	0.0000
-0.3655	0.2110	-1.0000
-0.1669	0.2148	-3.0000
-0.1856	-0.2739	-2.0000
0.2517	0.4230	-2.0000
-0.1279	-0.2298	-3.0000
0.2754	0.0276	-3.0000
0.2562	0.4175	-2.0000
-0.1945	-0.1126	-3.0000
0.2278	0.4396	-2.0000
0.0751	-0.2414	-3.0000
-0.1098	-0.3307	-2.0000
-0.3195	0.2737	-1.0000
-0.1811	-0.2605	-2.0000
-0.2914	0.2091	-2.0000
0.0313	-0.4645	0.0000
0.3236	-0.3230	-1.0000
0.2493	0.4333	0.0000
0.0983	0.0848	-3.0000
0.1182	-0.2553	-3.0000
0.2559	0.4295	0.0000
0.2618	0.4128	-2.0000
-0.1938	0.3898	0.0000
-0.2437	0.1234	-3.0000
-0.0989	0.0747	-3.0000
-0.1494	-0.2653	-2.0000
-0.1459	-0.3944	0.0000
0.4198	-0.0674	0.0000
-0.0536	-0.0459	-3.0000
-0.1118	0.1662	-3.0000
-0.1186	-0.3693	-1.0000
-0.0134	0.2207	-3.0000
0.4428	0.0098	0.0000
-0.4261	-0.1262	-1.0000
0.2225	-0.4380	0.0000
0.4457	-0.0004	0.0000
0.2078	0.0899	-3.0000
0.2502	-0.4106	0.0000
0.2469	0.4320	-2.0000
0.3799	-0.2009	-1.0000
-0.1732	-0.1522	-3.0000
0.2133	0.4504	0.0000
0.2540	0.4307	0.0000
-0.2739	-0.1910	-2.0000
-0.1788	0.3943	0.0000
-0.4439	-0.0578	-1.0000
-0.3005	-0.1806	-2.0000
0.1834	-0.2541	-3.0000
0.4140	-0.0213	-1.0000
-0.0133	-0.2227	-3.0000
-0.1490	-0.0042	-3.0000
0.2934	0.3903	-1.0000
-0.3915	0.0352	-2.0000
0.0999	0.0160	-3.0000
0.1060	0.1711	-3.0000
-0.2720	-0.2924	-1.0000
-0.3495	-0.2857	0.0000
0.2558	-0.4268	0.0000
-0.0105	0.0541	-3.0000
0.1965	-0.3890	-1.0000
-0.3099	-0.1995	-2.0000
-0.4302	0.1102	-1.0000
-0.0321	-0.4286	-1.0000
-0.2284	0.0101	-3.0000
-0.3601	0.0116	-2.0000
0.2367	0.0186	-3.0000
-0.2682	0.2314	-2.0000
-0.4991	-0.0155	0.0000
-0.4964	0.0361	0.0000
-0.3333	0.0289	-2.0000
-0.1466	-0.0859	-3.0000
0.2789	0.4093	-1.0000
0.0777	-0.1186	-3.0000
0.3038	-0.3129	-1.0000
0.2779	-0.2508	-2.0000
-0.3711	-0.1210	-2.0000
-0.1911	-0.2844	-2.0000
0.1615	0.4655	0.0000
0.2786	-0.0169	-3.0000
-0.3278	-0.1604	-2.0000
0.0463	0.0556	-3.0000
0.2018	0.1071	-3.0000
-0.1668	0.2373	-3.0000
0.2258	-0.0261	-3.0000
0.1791	-0.2672	-3.0000
0.0940	-0.3112	-2.0000
-0.3980	-0.1637	-1.0000
0.0933	0.0178	-3.0000
0.2424	0.4304	-2.0000
-0.1025	-0.3928	-1.0000
-0.4287	0.0907	-1.0000
-0.4521	0.0586	-1.0000
-0.4724	0.0898	0.0000
-0.0043	0.1751	-3.0000
0.2999	-0.0414	-3.0000
-0.3647	-0.2375	-1.0000
-0.4518	-0.1310	0.0000
0.1627	-0.4333	-1.0000
-0.2956	-0.3213	0.0000
-0.3084	0.2390	-1.0000
0.2366	-0.4392	0.0000
-0.3293	-0.1612	-2.0000
0.1301	-0.4689	0.0000
0.2698	0.4053	-2.0000
0.2309	0.4417	-1.0000
-0.1131	0.0427	-3.0000
-0.1432	0.3130	-2.0000
0.2905	0.0397	-3.0000
-0.2119	0.0860	-3.0000
0.2576	0.4284	0.0000
-0.2082	-0.3718	0.0000
0.2020	-0.2311	-3.0000
0.3453	-0.2314	-1.0000
0.1877	0.4544	-1.0000
-0.4049	0.0436	-2.0000
0.0372	-0.4404	-1.0000
-0.1197	-0.3711	-1.0000
0.2584	0.4278	0.0000
0.2811	-0.1209	-2.0000
0.2064	0.4461	-1.0000
-0.2502	0.1783	-2.0000
-0.1520	-0.1637	-3.0000
0.2953	0.3977	0.0000
-0.3540	0.1930	-1.0000
0.2114	0.4427	-2.0000
0.2476	0.4179	-2.0000
-0.0433	-0.3968	-1.0000
0.2213	0.4453	-1.0000
-0.2598	0.1046	-3.0000
-0.1377	-0.2940	-2.0000
0.2313	0.4425	0.0000
0.2284	-0.3965	-1.0000
0.0849	-0.2103	-3.0000
-0.0433	0.1488	-3.0000
0.2697	-0.3993	0.0000
0.2923	-0.4016	0.0000
-0.1118	0.2483	-3.0000
0.3401	-0.2669	-1.0000
0.0188	0.1076	-3.0000
-0.0654	-0.1505	-3.0000
0.3870	0.0510	-1.0000
0.2527	0.4305	-1.0000
0.2491	-0.4106	0.0000
0.1536	0.0229	-3.0000
-0.4107	0.1641	-1.0000
0.2014	-0.4474	0.0000
0.2497	0.4332	0.0000
0.0640	-0.0027	-3.0000
-0.4679	-0.0614	-1.0000
-0.3033	0.0780	-2.0000
-0.4355	-0.0349	-1.0000
0.2247	-0.4182	-1.0000
0.1654	-0.4208	-1.0000
-0.4714	0.0948	0.0000
0.2320	0.4406	-1.0000
-0.3949	-0.2262	0.0000
0.1523	-0.3506	-2.0000
0.0077	-0.4464	0.0000
0.3365	-0.1402	-2.0000
-0.2728	0.2572	-2.0000
-0.0096	-0.4614	0.0000
-0.0846	-0.2570	-3.0000
-0.0361	-0.0821	-3.0000
-0.3728	0.1685	-1.0000
0.4285	-0.1470	0.0000
-0.3575	-0.0622	-2.0000
0.1697	-0.4463	0.0000
-0.3248	0.1470	-2.0000
0.2827	-0.3006	-2.0000
-0.3261	0.2511	-1.0000
-0.4882	-0.0301	0.0000
-0.4919	-0.0592	0.0000
-0.1680	-0.3408	-1.0000
-0.1761	-0.3676	-1.0000
-0.3098	-0.1806	-2.0000
-0.3443	0.2864	0.0000
-0.0191	-0.3966	-1.0000
-0.0539	0.1299	-3.0000
-0.4585	0.0528	-1.0000
-0.4941	0.0298	0.0000
0.2896	-0.3002	-2.0000
-0.4519	-0.1228	0.0000
0.0168	-0.3498	-2.0000
0.1790	-0.2853	-2.0000
0.2627	0.4245	-1.0000
0.2480	0.4323	-1.0000
-0.0045	-0.2168	-3.0000
0.3514	-0.1910	-1.0000
0.1105	-0.3906	-2.0000
0.3809	-0.2460	0.0000
-0.3949	-0.0380	-2.0000
-0.4793	0.0537	0.0000
-0.1083	0.2519	-3.0000
0.2405	0.4376	-1.0000
-0.4936	0.0426	0.0000
-0.0385	0.1846	-3.0000
-0.0975	0.3226	-2.0000
-0.3164	0.2849	0.0000
-0.0463	-0.0939	-3.0000
0.2971	-0.1157	-2.0000
0.2610	0.4262	0.0000
0.1687	-0.3977	-1.0000
0.3795	-0.2737	0.0000
-0.2466	-0.1122	-3.0000
-0.4598	-0.0248	-1.0000
0.2991	-0.0179	-3.0000
-0.4100	0.2238	0.0000
-0.1868	0.3965	0.0000
0.3243	-0.0039	-2.0000
0.2409	0.4365	-1.0000
0.0978	0.1418	-3.0000
-0.4520	-0.0713	-1.0000
0.0864	-0.4673	0.0000
-0.2578	0.1489	-2.0000
-0.2422	0.2831	-2.0000
-0.4385	0.1107	-1.0000
-0.2601	0.3560	0.0000
-0.4539	-0.1552	0.0000
-0.3913	0.1418	-1.0000
-0.0849	-0.4177	0.0000
0.3202	-0.2803	-1.0000
-0.4092	0.1003	-1.0000
0.4265	-0.1547	0.0000
0.2506	0.4326	0.0000
-0.4084	-0.1681	-1.0000
-0.3580	-0.2057	-1.0000
-0.3178	-0.1252	-2.0000
-0.0967	0.1450	-3.0000
0.2384	-0.3000	-2.0000
0.3045	0.0668	-3.0000
-0.3871	0.1241	-1.0000
0.0674	-0.2171	-3.0000
-0.0319	0.2297	-3.0000
0.4218	-0.1341	0.0000
-0.0954	0.2745	-3.0000
0.2845	0.4037	-1.0000
0.0307	-0.4287	-1.0000
0.2470	0.4336	-1.0000
0.0169	-0.0058	-3.0000
0.0161	-0.4282	-1.0000
-0.4754	0.0449	0.0000
0.2655	-0.4196	0.0000
0.1977	0.4529	0.0000
-0.4987	-0.0100	0.0000
0.2255	0.4455	0.0000
-0.1629	0.0413	-3.0000
0.3898	-0.0880	-1.0000
-0.3270	0.1513	-2.0000
0.3225	-0.1922	-2.0000
0.2045	0.4510	-1.0000
0.1662	-0.3908	-1.0000
0.2489	0.4336	0.0000
-0.0260	-0.4625	0.0000
0.0277	-0.3853	-2.0000
-0.1974	0.0685	-3.0000
0.2586	0.4272	-1.0000
0.1306	-0.0105	-3.0000
0.0894	0.1665	-3.0000
0.2483	0.4339	0.0000
0.2805	0.4107	0.0000
-0.2383	0.2996	-1.0000
0.2852	0.4054	0.0000
0.1893	-0.0263	-3.0000
-0.3659	-0.0937	-2.0000
0.1924	0.4472	-1.0000
0.2272	0.4406	-2.0000
-0.1045	-0.0365	-3.0000
-0.2809	0.2091	-2.0000
0.2498	0.4330	0.0000
0.2160	-0.4491	0.0000
-0.0868	-0.0836	-3.0000
0.2792	0.4116	0.0000
-0.1199	-0.2069	-3.0000
0.3113	-0.1113	-2.0000
-0.1292	-0.2421	-2.0000
-0.0498	-0.4023	-1.0000
0.0316	0.1828	-3.0000
0.1403	0.1627	-3.0000
-0.2617	0.3189	-1.0000
0.1957	-0.0913	-3.0000
-0.2698	0.2784	-1.0000
-0.0999	-0.3485	-2.0000
-0.0290	-0.2577	-3.0000
-0.2859	-0.2996	-1.0000
0.1596	-0.4312	-1.0000
-0.0188	-0.0727	-3.0000
-0.4487	-0.0380	-1.0000
-0.4432	-0.0515	-1.0000
0.2442	0.4362	0.0000
-0.1434	0.2154	-3.0000
-0.1836	-0.1692	-3.0000
-0.0300	-0.4196	-1.0000
0.1106	-0.0626	-3.0000
0.3011	-0.1487	-2.0000
0.4118	0.0503	0.0000
0.2151	-0.3718	-1.0000
0.1112	-0.4679	0.0000
-0.2530	-0.0224	-3.0000
0.0050	-0.0011	-3.0000
0.1177	-0.0516	-3.0000
0.1914	0.4484	-1.0000
-0.0190	-0.4206	-1.0000
0.3820	-0.1739	-1.0000
-0.4010	0.0582	-2.0000
0.3229	0.0542	-2.0000
-0.3597	0.0115	-2.0000
0.2697	-0.3138	-2.0000
-0.0236	0.2546	-3.0000
-0.3867	-0.0000	-2.0000
0.0976	-0.3217	-2.0000
-0.3733	-0.0424	-2.0000
-0.4656	0.0416	-1.0000
0.0263	-0.3713	-2.0000
-0.2454	0.3631	0.0000
0.1561	-0.0052	-3.0000
-0.3286	-0.3090	0.0000
-0.4400	0.1565	0.0000
-0.1799	-0.0998	-3.0000
0.2521	-0.4301	0.0000
0.1785	-0.3778	-2.0000
-0.4028	-0.1613	-1.0000
0.3303	-0.1555	-2.0000
0.4371	-0.0500	0.0000
-0.2984	0.2306	-2.0000
0.2611	0.4262	0.0000
0.2551	0.4294	-1.0000
0.2835	-0.1469	-2.0000
-0.4129	0.1262	-1.0000
0.3814	0.0051	-1.0000
0.2455	0.4171	-2.0000
0.2442	0.4359	-1.0000
-0.3523	-0.0237	-2.0000
0.1986	-0.4099	-1.0000
-0.1918	-0.1884	-3.0000
0.3582	-0.2793	-1.0000
0.1308	-0.2330	-3.0000
-0.4852	-0.0713	0.0000
0.4183	0.0117	0.0000
-0.3501	0.1183	-2.0000
-0.1849	0.1075	-3.0000
-0.0898	-0.1064	-3.0000
-0.4904	0.0419	0.0000
0.2778	0.4135	0.0000
-0.1799	-0.0365	-3.0000
-0.4041	0.1581	-1.0000
-0.1695	-0.3527	-1.0000
-0.0538	-0.2448	-3.0000
0.2536	0.4239	-2.0000
0.1982	-0.3978	-1.0000
-0.2286	-0.2924	-2.0000
-0.2845	0.1240	-2.0000
-0.1668	-0.1557	-3.0000
0.0881	-0.4457	-1.0000
-0.1255	-0.2400	-3.0000
-0.3364	0.2880	0.0000
0.3075	-0.3321	-1.0000
-0.3250	0.1457	-2.0000
-0.4704	0.0680	0.0000
-0.4886	-0.0787	0.0000
0.2790	-0.0609	-3.0000
0.1475	-0.3800	-2.0000
0.2465	0.4343	-1.0000
-0.4613	-0.1425	0.0000
-0.2455	0.3106	-1.0000
0.2233	0.4457	0.0000
0.2643	0.4223	-1.0000
0.0094	-0.4454	0.0000
0.2532	0.4310	0.0000
0.0009	-0.0766	-3.0000
-0.0448	-0.1405	-3.0000
-0.3129	-0.2107	-2.0000
-0.4918	-0.0581	0.0000
-0.1766	0.2970	-2.0000
-0.3581	0.2660	0.0000
-0.0954	-0.1025	-3.0000
0.2884	-0.1802	-2.0000
0.0065	-0.1894	-3.0000
-0.0909	-0.3938	-1.0000
0.0681	-0.0165	-3.0000
-0.1653	0.3005	-2.0000
0.2732	-0.2303	-2.0000
0.1483	-0.1823	-3.0000
-0.2704	-0.2768	-1.0000
-0.2748	-0.2793	-1.0000
0.2782	0.4125	0.0000
-0.2386	-0.1657	-3.0000
-0.4934	0.0132	0.0000
-0.0960	0.0675	-3.0000
0.0891	-0.4735	0.0000
-0.1273	0.3413	-2.0000
0.4329	-0.0073	0.0000
0.0799	-0.4517	0.0000
0.3331	-0.0857	-2.0000
-0.0853	0.1984	-3.0000
-0.2076	-0.2478	-2.0000
-0.3461	0.2288	-1.0000
-0.1488	0.2551	-2.0000
0.2523	0.4316	0.0000
0.2098	-0.2919	-2.0000
0.1746	0.4593	0.0000
0.0503	-0.3155	-2.0000
0.2503	0.4321	-1.0000
-0.4312	0.0813	-1.0000
0.1990	0.4461	-2.0000
0.3004	0.0733	-3.0000
-0.4223	-0.1837	0.0000
-0.3373	-0.2893	0.0000
-0.4659	0.0977	0.0000
-0.2976	0.0647	-2.0000
0.2678	0.4171	-1.0000
-0.4339	-0.1786	0.0000
0.2426	-0.2417	-2.0000
0.0473	0.0589	-3.0000
-0.2671	-0.3387	0.0000
-0.2770	0.1550	-2.0000
-0.0750	-0.3563	-2.0000
0.3618	-0.2310	-1.0000
-0.4051	-0.2298	0.0000
0.3514	0.0385	-2.0000
0.2442	0.4362	0.0000
-0.4415	0.0488	-1.0000
-0.3803	-0.2550	0.0000
0.2728	-0.3319	-1.0000
0.2214	-0.4446	0.0000
-0.0278	-0.1422	-3.0000
0.2864	0.4040	-1.0000
0.2243	0.4432	-1.0000
0.0750	0.0419	-3.0000
0.2434	0.4351	-1.0000
0.0315	-0.0947	-3.0000
-0.3459	-0.0421	-2.0000
0.3514	-0.3137	0.0000
0.0894	-0.4077	-1.0000
-0.2023	-0.3820	0.0000
0.3805	-0.1008	-1.0000
0.0198	-0.1988	-3.0000
-0.1709	0.1555	-3.0000
-0.3079	0.2954	0.0000
0.2364	-0.0789	-3.0000
-0.2755	0.3145	-1.0000
0.2508	0.4326	0.0000
-0.3224	-0.0342	-2.0000
0.1540	-0.1376	-3.0000
-0.4094	0.1893	0.0000
-0.2101	-0.2398	-2.0000
0.0038	-0.0553	-3.0000
0.2072	0.1310	-3.0000
0.2934	-0.0815	-3.0000
0.2918	-0.3224	-1.0000
-0.2803	0.1731	-2.0000
-0.4737	0.0975	0.0000
-0.4766	0.0229	-1.0000
0.1016	-0.3896	-2.0000
0.0969	-0.4690	0.0000
-0.3825	-0.2022	-1.0000
-0.3668	-0.1547	-2.0000
0.0888	-0.3817	-2.0000
0.3050	-0.1924	-2.0000
0.0942	-0.3976	-1.0000
-0.3505	0.0768	-2.0000
0.2677	-0.4096	0.0000
0.0566	-0.3000	-3.0000
0.0257	0.0488	-3.0000
0.2146	-0.3951	-1.0000
0.2582	-0.1959	-2.0000
0.3030	0.3852	0.0000
0.3100	-0.3599	0.0000
0.3475	0.0246	-2.0000
-0.2327	0.3341	-1.0000
0.2435	0.4293	-2.0000
-0.0109	-0.0665	-3.0000
-0.3867	0.2483	0.0000
-0.1774	0.0488	-3.0000
-0.2510	-0.2425	-2.0000
0.2345	0.4408	0.0000
0.2472	0.4343	-1.0000
-0.3401	-0.0438	-2.0000
0.1885	-0.4346	-1.0000
-0.3269	-0.0724	-2.0000
-0.1664	-0.1803	-3.0000
-0.1513	-0.4208	0.0000
-0.1555	-0.4000	0.0000
0.3971	-0.0790	-1.0000
-0.1055	0.0610	-3.0000
0.4021	-0.2297	0.0000
-0.4841	-0.0130	0.0000
-0.3921	0.0754	-2.0000
0.2972	0.3954	0.0000
-0.2427	-0.3354	-1.0000
0.3525	-0.1537	-2.0000
-0.1315	-0.1031	-3.0000
-0.5000	-0.0093	0.0000
0.3676	-0.2413	-1.0000
0.2434	0.0847	-3.0000
-0.2163	-0.0938	-3.0000
0.2970	0.3864	-1.0000
0.2765	0.4151	0.0000
0.1553	-0.3574	-2.0000
-0.4635	0.1253	0.0000
0.2726	-0.3224	-1.0000
0.2024	-0.4181	-1.0000
-0.3932	0.1231	-1.0000
0.2479	-0.1133	-3.0000
0.3510	-0.2892	-1.0000
0.3968	-0.0864	-1.0000
0.4445	0.0122	0.0000
0.2551	-0.3593	-1.0000
0.2577	0.4283	0.0000
0.2200	0.4453	-1.0000
-0.3417	-0.1318	-2.0000
0.3211	-0.3077	-1.0000
0.0965	0.1220	-3.0000
0.1902	-0.2460	-3.0000
0.2501	0.4329	0.0000
-0.4353	-0.1685	0.0000
0.2357	0.4339	-2.0000
0.2856	-0.3311	-1.0000
0.0494	0.1776	-3.0000
-0.1240	-0.4308	0.0000
-0.2667	0.3363	0.0000
-0.4888	0.0542	0.0000
0.3182	-0.1942	-2.0000
0.4027	0.0508	-1.0000
0.1921	0.4537	-1.0000
-0.2075	-0.3692	0.0000
0.2608	0.4263	0.0000
0.0762	-0.1046	-3.0000
-0.3330	0.0590	-2.0000
-0.4114	0.1385	-1.0000
0.2353	0.4283	-2.0000
-0.1423	-0.3613	-1.0000
-0.1533	-0.2804	-2.0000
-0.4818	0.0912	0.0000
0.3867	0.0080	-1.0000
0.4043	0.0133	-1.0000
-0.3969	-0.0334	-2.0000
-0.2408	-0.1848	-2.0000
0.2832	0.4024	-1.0000
-0.2380	-0.1584	-3.0000
-0.4306	0.1165	-1.0000
-0.1909	0.2512	-2.0000
0.2244	-0.3618	-2.0000
-0.0484	-0.3656	-2.0000
0.2432	0.4214	-2.0000
-0.1681	0.1481	-3.0000
-0.4959	-0.0009	0.0000
-0.2731	0.0844	-3.0000
-0.4268	0.0690	-1.0000
-0.1546	-0.3887	0.0000
0.2857	0.4047	-1.0000
0.0010	0.0299	-3.0000
0.1771	0.4595	0.0000
-0.4139	-0.0181	-2.0000
0.0806	0.0112	-3.0000
0.3425	-0.2402	-1.0000
0.2702	0.4193	0.0000
0.2479	0.4342	0.0000
0.1034	-0.4369	-1.0000
-0.0497	-0.2151	-3.0000
0.3155	-0.1780	-2.0000
-0.1957	-0.0297	-3.0000
0.2620	-0.0988	-3.0000
0.2613	0.4207	-2.0000
0.3032	-0.3651	0.0000
0.3152	0.3806	0.0000
0.2877	0.3916	-1.0000
0.2448	0.4352	-1.0000
0.2593	0.4112	-2.0000
0.2388	0.4364	-2.0000
0.1697	-0.3852	-1.0000
-0.1586	0.3797	-1.0000
0.0584	-0.4410	-1.0000
-0.0801	0.2249	-3.0000
0.2212	0.4445	-1.0000
-0.4346	-0.1927	0.0000
-0.3386	0.2349	-1.0000
-0.1125	-0.0101	-3.0000
-0.2503	-0.0391	-3.0000
-0.4519	-0.0684	-1.0000
-0.3309	-0.1004	-2.0000
-0.2331	0.0424	-3.0000
0.1838	0.4520	-1.0000
0.2226	0.4454	-1.0000
0.2607	0.4254	-1.0000
0.3308	0.0149	-2.0000
-0.4842	0.0285	0.0000
0.1922	-0.4217	-1.0000
-0.1107	0.1955	-3.0000
-0.1240	0.3402	-2.0000
-0.3452	-0.0801	-2.0000
-0.3301	-0.2619	-1.0000
0.2484	0.4339	0.0000
-0.2021	0.0330	-3.0000
-0.4941	0.0039	0.0000
0.4258	-0.0731	0.0000
0.2500	0.4255	-2.0000
-0.1391	-0.2506	-2.0000
0.2923	-0.3620	-1.0000
0.3668	-0.2893	0.0000
-0.2366	-0.3618	0.0000
-0.0101	-0.4137	-1.0000
0.2489	0.4227	-2.0000
0.2404	0.4367	-1.0000
0.0449	-0.4406	-1.0000
0.2777	0.4135	0.0000
-0.0296	-0.1830	-3.0000
-0.0538	-0.4461	0.0000
-0.3047	0.2117	-2.0000
0.0643	-0.1574	-3.0000
-0.3005	-0.0781	-2.0000
0.2316	0.4392	-2.0000
0.2897	-0.0074	-3.0000
-0.4741	0.0709	0.0000
-0.4066	-0.1613	-1.0000
0.2092	0.1142	-3.0000
-0.2073	0.1419	-3.0000
-0.3591	-0.0764	-2.0000
-0.3728	-0.1272	-2.0000
0.1266	-0.0748	-3.0000
0.4230	0.0233	0.0000
-0.4194	0.0878	-1.0000
0.1076	-0.3753	-2.0000
-0.4511	-0.1095	-1.0000
-0.1540	0.2238	-3.0000
0.0659	-0.0987	-3.0000
-0.4856	0.0875	0.0000
-0.1358	-0.0050	-3.0000
-0.2685	0.3561	0.0000
0.2630	-0.0159	-3.0000
-0.3997	-0.0401	-2.0000
0.4424	-0.0449	0.0000
0.2988	-0.1180	-2.0000
0.1214	-0.3415	-2.0000
0.2788	-0.3469	-1.0000
-0.0554	0.2789	-3.0000
-0.4693	0.0264	-1.0000
-0.1872	-0.0774	-3.0000
0.0094	-0.0850	-3.0000
-0.3779	0.2389	0.0000
-0.2579	-0.0585	-3.0000
-0.0208	-0.1246	-3.0000
-0.1156	-0.1201	-3.0000
0.1749	0.4579	0.0000
-0.4678	-0.0881	0.0000
-0.4448	0.1443	0.0000
0.2279	0.4419	-1.0000
-0.3944	0.0217	-2.0000
-0.4467	0.1545	0.0000
-0.4712	-0.0395	-1.0000
0.3948	-0.0234	-1.0000
0.2563	0.4287	-1.0000
-0.3778	0.0683	-2.0000
-0.0765	-0.3702	-1.0000
-0.1759	0.3859	0.0000
0.2608	0.4256	-1.0000
0.0491	-0.2141	-3.0000
-0.1730	-0.3012	-2.0000
0.2534	0.4274	-2.0000
-0.1901	-0.3789	0.0000
-0.1128	0.2731	-3.0000
0.2410	0.4378	0.0000
-0.2170	0.1107	-3.0000
0.3311	0.0270	-2.0000
0.2552	-0.4222	0.0000
-0.1935	-0.0884	-3.0000
0.2845	-0.2921	-2.0000
0.2056	-0.1234	-3.0000
-0.0374	-0.3921	-1.0000
0.2755	0.0191	-3.0000
-0.1642	0.2733	-2.0000
0.0022	-0.1505	-3.0000
-0.2313	0.1013	-3.0000
0.3541	-0.2540	-1.0000
-0.4870	0.0342	0.0000
-0.1029	-0.1808	-3.0000
0.2619	0.4243	-1.0000
-0.2606	0.3348	0.0000
-0.2759	0.2192	-2.0000
0.2373	0.4389	-1.0000
0.3899	0.0081	-1.0000
0.2521	0.4313	-1.0000
0.4041	-0.0027	-1.0000
0.0189	-0.0004	-3.0000
-0.1719	-0.4071	0.0000
-0.2365	-0.3299	-1.0000
0.2370	-0.1133	-3.0000
0.2317	-0.4256	0.0000
0.2081	0.4466	-1.0000
0.1554	-0.4525	0.0000
0.1464	-0.1094	-3.0000
-0.3884	-0.0290	-2.0000
0.1425	-0.4584	0.0000
0.2663	0.4080	-2.0000
0.2803	-0.2899	-2.0000
0.2488	0.4337	0.0000
0.2841	-0.2583	-2.0000
0.2213	0.4421	-2.0000
-0.4246	-0.1473	-1.0000
0.2412	0.4222	-2.0000
0.1250	-0.2501	-3.0000
0.0617	0.0418	-3.0000
-0.4584	-0.0668	-1.0000
-0.0898	-0.2951	-2.0000
-0.3265	-0.0786	-2.0000
0.0612	-0.0203	-3.0000
0.3814	-0.1704	-1.0000
0.3104	-0.3851	0.0000
0.2344	0.4411	0.0000
0.2758	0.4150	0.0000
0.1591	0.1217	-3.0000
0.2377	-0.0838	-3.0000
-0.3465	-0.1264	-2.0000
0.2537	0.4306	-1.0000
0.4057	-0.1462	-1.0000
0.4325	0.0429	0.0000
-0.0428	-0.0349	-3.0000
0.1863	0.4584	0.0000
0.4031	-0.0444	-1.0000
0.1942	-0.4483	0.0000
-0.0021	-0.3565	-2.0000
-0.4851	0.0744	0.0000
-0.1081	0.0048	-3.0000
-0.1021	-0.3977	-1.0000
0.1986	-0.2761	-2.0000
0.1158	0.0840	-3.0000
0.2659	0.4199	-1.0000
-0.2837	0.2827	-1.0000
-0.0909	0.1088	-3.0000
0.2425	0.4356	-1.0000
-0.2733	0.0825	-3.0000
0.4332	-0.0292	0.0000
0.3921	-0.2142	0.0000
0.1867	0.4575	0.0000
-0.0037	0.2067	-3.0000
-0.3054	0.2094	-2.0000
0.0893	-0.4728	0.0000
0.1630	-0.4203	-1.0000
-0.1889	-0.3397	-1.0000
-0.4878	-0.0126	0.0000
-0.1539	-0.0099	-3.0000
0.2620	0.4233	-1.0000
0.0679	0.2060	-3.0000
0.1790	0.4595	0.0000
0.2347	-0.4365	0.0000
0.2928	-0.1425	-2.0000
-0.4141	0.1501	-1.0000
0.2770	0.4143	0.0000
-0.2073	0.3832	0.0000
0.4012	-0.2003	0.0000
0.1923	-0.1196	-3.0000
0.2669	0.4196	-1.0000
-0.2643	0.1063	-3.0000
0.2843	0.3960	-1.0000
0.2387	0.4383	-1.0000
0.1349	-0.0673	-3.0000
0.2139	0.4501	0.0000
0.3009	-0.3908	0.0000
0.2575	0.4144	-2.0000
0.2344	-0.1201	-3.0000
-0.2650	-0.0316	-3.0000
-0.4561	-0.0547	-1.0000
0.0422	-0.2963	-3.0000
0.1830	-0.2329	-3.0000
0.2905	0.4003	0.0000
0.3741	-0.1770	-1.0000
0.2753	0.4067	-2.0000
0.3468	0.0079	-2.0000
0.2519	0.4313	-1.0000
0.3442	-0.3191	0.0000
-0.4549	-0.0289	-1.0000
-0.2616	0.3225	-1.0000
0.2237	0.0048	-3.0000
0.3947	-0.1897	0.0000
0.2421	0.4368	-1.0000
0.0106	-0.4066	-1.0000
0.1525	-0.4274	-1.0000
0.2514	0.4293	-2.0000
0.3646	-0.2453	-1.0000
0.2397	-0.0414	-3.0000
0.1854	0.4576	0.0000
0.2240	0.4428	-1.0000
0.1002	-0.3033	-2.0000
-0.0255	-0.1215	-3.0000
-0.3194	-0.3026	0.0000
0.0661	-0.3709	-2.0000
0.0962	-0.1698	-3.0000
-0.0202	-0.2565	-3.0000
0.2197	0.4331	-2.0000
0.3861	0.0572	-1.0000
0.2190	0.4447	-1.0000
0.2817	0.4107	0.0000
0.2681	-0.0314	-3.0000
-0.3730	0.1827	-1.0000
-0.0464	-0.2089	-3.0000
-0.1777	0.1819	-3.0000
0.3746	-0.1983	-1.0000
-0.3754	-0.1963	-1.0000
-0.3316	0.0574	-2.0000
0.2634	-0.3927	-1.0000
0.2573	0.4252	-2.0000
-0.4035	0.0788	-2.0000
0.2889	-0.4005	0.0000
-0.0719	-0.3461	-2.0000
-0.0224	-0.2519	-3.0000
0.2145	0.4495	0.0000
0.2301	0.0139	-3.0000
0.2008	-0.3847	-1.0000
0.2002	-0.4141	-1.0000
-0.4305	-0.1263	-1.0000
-0.3247	0.2607	-1.0000
0.2078	0.4508	0.0000
-0.4049	0.1731	-1.0000
0.2082	-0.2143	-3.0000
-0.2431	0.2130	-2.0000
-0.1562	-0.0478	-3.0000
0.1203	0.1575	-3.0000
0.1070	-0.0960	-3.0000
-0.1263	0.1742	-3.0000
0.2042	-0.0778	-3.0000
0.2603	-0.4244	0.0000
0.0314	-0.4214	-1.0000
0.2421	-0.0088	-3.0000
-0.2096	0.1409	-3.0000
0.2435	-0.3733	-1.0000
-0.2011	-0.1361	-3.0000
0.0948	0.1815	-3.0000
-0.4067	-0.2138	0.0000
-0.4295	-0.1840	0.0000
0.3415	-0.1837	-2.0000
-0.1445	-0.4205	0.0000
0.3390	-0.2143	-1.0000
0.3388	0.0220	-2.0000
-0.4798	-0.0195	-1.0000
-0.1698	-0.0689	-3.0000
0.2632	0.4177	-2.0000
-0.1561	0.3568	-1.0000
-0.2632	0.2597	-2.0000
-0.3249	0.1665	-2.0000
-0.0142	-0.4222	-1.0000
0.2522	0.4316	0.0000
-0.1870	0.3887	0.0000
-0.3518	-0.0254	-2.0000
0.2580	-0.4184	0.0000
-0.4218	-0.2034	0.0000
0.0866	-0.3464	-2.0000
-0.4776	-0.0915	0.0000
0.3961	-0.2266	0.0000
0.1698	-0.3120	-2.0000
-0.0197	-0.3269	-2.0000
0.1350	-0.3492	-2.0000
-0.3665	-0.2312	-1.0000
0.3431	-0.0108	-2.0000
-0.4700	-0.1128	0.0000
-0.4206	0.1805	0.0000
0.0908	-0.2217	-3.0000
-0.2141	-0.0379	-3.0000
0.2250	0.4449	0.0000
-0.1469	0.2897	-2.0000
0.4131	-0.0926	-1.0000
0.1133	-0.3563	-2.0000
-0.2538	0.1777	-2.0000
0.2595	0.4253	-1.0000
0.2486	-0.0635	-3.0000
0.4194	-0.1608	0.0000
0.1660	-0.0324	-3.0000
0.2363	0.4308	-2.0000
0.4301	-0.0315	0.0000
-0.2420	-0.2488	-2.0000
0.3942	-0.2267	0.0000
-0.3044	-0.0541	-2.0000
-0.2203	-0.0485	-3.0000
0.3727	-0.2788	0.0000
-0.2364	-0.1122	-3.0000
-0.4133	-0.1743	-1.0000
-0.1990	0.3060	-2.0000
0.0063	-0.3324	-2.0000
-0.2404	0.1231	-3.0000
-0.2685	0.2914	-1.0000
0.3020	-0.0728	-2.0000
-0.3539	-0.0115	-2.0000
0.1810	0.0720	-3.0000
-0.4168	-0.0823	-1.0000
-0.2886	-0.3250	0.0000
-0.4603	0.0784	-1.0000
-0.2055	0.3914	0.0000
-0.4645	0.0715	-1.0000
0.2310	0.4426	0.0000
0.0504	-0.4293	-1.0000
-0.3480	0.2083	-1.0000
0.0178	-0.0599	-3.0000
0.2256	-0.0080	-3.0000
0.0383	0.1258	-3.0000
0.0673	-0.3114	-2.0000
0.1781	-0.3657	-2.0000
0.2654	0.4054	-2.0000
-0.3477	-0.1544	-2.0000
-0.2640	0.1155	-3.0000
-0.3448	-0.1491	-2.0000
-0.4090	0.1277	-1.0000
-0.1320	0.3403	-2.0000
0.2553	0.4188	-2.0000
0.3940	-0.0191	-1.0000
-0.1271	-0.4274	0.0000
-0.2831	0.0505	-3.0000
-0.1631	-0.4056	0.0000
-0.3185	0.2058	-2.0000
-0.1250	0.1785	-3.0000
0.0255	-0.0532	-3.0000
0.2398	-0.4378	0.0000
-0.3208	0.0325	-2.0000
0.3824	-0.2059	-1.0000
0.2354	0.4372	-2.0000
0.2636	-0.4074	0.0000
-0.3185	-0.0256	-2.0000
0.2486	0.4331	-1.0000
0.2495	0.4231	-2.0000
0.2496	0.4313	-1.0000
-0.4652	0.0981	0.0000
-0.2959	0.3331	0.0000
0.2512	0.4222	-2.0000
-0.2195	0.1261	-3.0000
0.3042	0.3844	0.0000
0.1583	-0.3538	-2.0000
0.1564	-0.2904	-2.0000
-0.3281	-0.2907	0.0000
0.3585	0.0230	-2.0000
0.0200	-0.4417	-1.0000
0.3417	-0.1717	-2.0000
-0.0170	-0.4477	0.0000
0.3128	-0.3575	0.0000
0.3317	-0.2228	-2.0000
-0.3861	0.0752	-2.0000
0.2189	-0.3652	-2.0000
0.0122	-0.4598	0.0000
0.0653	0.1457	-3.0000
0.1632	-0.0531	-3.0000
0.2208	0.4474	0.0000
-0.4000	-0.0819	-2.0000
-0.1013	-0.1558	-3.0000
0.3814	-0.2033	-1.0000
-0.0830	0.1268	-3.0000
-0.0325	-0.3830	-1.0000
0.0212	0.0690	-3.0000
0.2471	0.4346	0.0000
0.2520	0.4285	-2.0000
0.3475	-0.1910	-1.0000
0.3108	-0.3399	-1.0000
0.2476	0.4343	0.0000
0.2850	0.4041	-1.0000
-0.2485	0.0293	-3.0000
-0.1756	0.1479	-3.0000
0.4109	-0.1204	0.0000
0.2195	0.4379	-2.0000
0.2843	0.4075	0.0000
-0.2858	-0.0383	-3.0000
-0.2952	-0.3093	0.0000
0.0692	-0.3592	-2.0000
0.2593	0.4272	0.0000
0.3926	-0.1504	-1.0000
-0.3568	0.0935	-2.0000
0.2190	-0.4409	0.0000
0.2104	-0.4070	-1.0000
0.2487	0.4190	-2.0000
0.0542	-0.4612	0.0000
0.1104	0.0796	-3.0000
0.0482	0.0070	-3.0000
-0.0747	-0.4322	0.0000
0.4177	-0.1499	0.0000
0.2538	-0.3635	-1.0000
0.2799	0.4038	-1.0000
-0.0182	-0.1831	-3.0000
0.0882	-0.2814	-3.0000
0.2907	0.3991	-1.0000
-0.2702	-0.3276	0.0000
0.2124	0.4445	-2.0000
-0.2762	-0.2459	-2.0000
-0.3532	0.0468	-2.0000
-0.4286	-0.1018	-1.0000
0.0769	0.0363	-3.0000
0.1593	-0.3720	-2.0000
-0.2534	0.2462	-2.0000
-0.1155	0.1976	-3.0000
-0.3783	-0.2139	-1.0000
0.2704	0.4194	0.0000
-0.1459	0.2044	-3.0000
-0.3442	-0.2870	0.0000
0.1918	0.4546	0.0000
0.1894	-0.4049	-1.0000
-0.1823	0.3643	-1.0000
0.2814	-0.2225	-2.0000
-0.1403	-0.4180	0.0000
0.0262	0.1221	-3.0000
0.2478	0.4317	-2.0000
0.2671	0.0893	-3.0000
-0.4605	0.1287	0.0000
-0.3395	0.0356	-2.0000
-0.2873	0.1644	-2.0000
0.0861	-0.0008	-3.0000
-0.4077	-0.0853	-1.0000
-0.3382	0.1686	-2.0000
0.3505	-0.0399	-2.0000
0.4087	-0.1317	0.0000
0.1637	-0.4248	-1.0000
0.2495	0.4327	-1.0000
0.3084	0.3865	0.0000
0.1599	-0.4547	0.0000
0.0663	-0.3003	-3.0000
-0.3461	-0.1866	-2.0000
0.4104	-0.1437	0.0000
-0.3549	-0.0347	-2.0000
-0.0027	0.1036	-3.0000
0.3411	-0.2985	-1.0000
0.2457	0.4352	0.0000
0.3926	0.0578	-1.0000
0.2514	0.4322	0.0000
0.3939	-0.0387	-1.0000
-0.3531	0.2427	-1.0000
0.2100	-0.3931	-1.0000
0.3533	-0.1276	-2.0000
0.2619	-0.3552	-1.0000
-0.2680	-0.1576	-2.0000
0.2405	0.4369	-1.0000
-0.3939	-0.1473	-1.0000
-0.4925	0.0537	0.0000
-0.2334	0.3221	-1.0000
0.1863	-0.4513	0.0000
-0.4243	-0.0995	-1.0000
0.0582	0.1683	-3.0000
0.1028	0.1346	-3.0000
0.0051	0.1053	-3.0000
0.2496	0.4332	0.0000
0.2696	-0.2515	-2.0000
-0.4697	-0.0857	0.0000
0.2562	0.4279	-1.0000
0.2494	0.4333	0.0000
-0.1434	-0.1755	-3.0000
-0.4321	0.1028	-1.0000
0.3706	-0.0275	-2.0000
0.4433	-0.0605	0.0000
0.4034	-0.0788	-1.0000
-0.0021	-0.1453	-3.0000
0.3813	-0.1526	-1.0000
0.1405	-0.1016	-3.0000
-0.4720	-0.0835	0.0000
0.1730	-0.4131	-1.0000
-0.2260	-0.3466	-1.0000
-0.2738	0.3519	0.0000
-0.1693	-0.2310	-2.0000
-0.3993	0.2092	0.0000
-0.2824	-0.1816	-2.0000
0.2662	0.4198	-1.0000
0.3632	-0.1076	-2.0000
0.2635	0.4173	-2.0000
-0.4762	-0.0944	0.0000
0.3386	0.0034	-2.0000
-0.4350	0.1743	0.0000
-0.4951	-0.0002	0.0000
-0.3671	-0.0504	-2.0000
0.2217	0.4441	-1.0000
0.0897	0.1571	-3.0000
0.2105	0.4514	0.0000
0.2729	-0.1023	-3.0000
0.3258	-0.3272	-1.0000
0.2238	-0.4217	0.0000
0.0697	-0.3986	-1.0000
0.4324	-0.0121	0.0000
-0.3559	-0.0220	-2.0000
-0.1900	-0.1465	-3.0000
-0.3524	-0.2170	-1.0000
0.0515	0.1239	-3.0000
-0.2020	0.0390	-3.0000
0.0826	0.1185	-3.0000
-0.4934	-0.0387	0.0000
-0.2002	-0.2977	-2.0000
-0.4677	-0.0455	-1.0000
0.3421	-0.1526	-2.0000
-0.1469	0.3384	-2.0000
-0.4749	-0.1132	0.0000
0.3254	0.0742	-2.0000
0.4192	-0.0857	0.0000
0.3710	-0.2932	0.0000
-0.1572	-0.2585	-2.0000
0.2379	0.4392	0.0000
-0.2524	-0.0920	-3.0000
0.2490	0.4334	0.0000
0.2839	0.4045	-1.0000
0.2133	0.4503	0.0000
-0.0174	-0.3393	-2.0000
-0.0484	0.0071	-3.0000
0.1543	-0.3725	-2.0000
0.1483	-0.4271	-1.0000
0.2499	0.0336	-3.0000
0.1022	-0.0150	-3.0000
0.4174	-0.1371	0.0000
0.2737	0.0617	-3.0000
0.1924	0.4492	-1.0000
0.2656	0.4155	-2.0000
-0.2747	0.2913	-1.0000
0.0166	-0.1923	-3.0000
0.4165	-0.0322	-1.0000
0.1615	-0.2328	-3.0000
0.3371	-0.3293	0.0000
-0.0272	-0.3468	-2.0000
-0.1145	-0.3349	-2.0000
0.2862	-0.4029	0.0000
-0.3181	-0.0046	-2.0000
-0.4009	-0.0640	-2.0000
0.2361	-0.4232	0.0000
0.1609	-0.3787	-2.0000
-0.2953	0.1868	-2.0000
0.0738	-0.3587	-2.0000
-0.2224	0.0336	-3.0000
-0.1021	-0.1101	-3.0000
-0.1848	0.2996	-2.0000
-0.3614	0.2748	0.0000
0.2643	0.4107	-2.0000
0.1924	0.4555	0.0000
-0.2815	-0.1254	-2.0000
-0.2460	0.3381	0.0000
0.1617	-0.3844	-2.0000
-0.1868	-0.0860	-3.0000
-0.3093	0.3098	0.0000
-0.0245	-0.0271	-3.0000
-0.3967	-0.1360	-1.0000
0.2923	-0.3349	-1.0000
-0.1090	-0.0307	-3.0000
0.3043	0.3858	0.0000
0.2499	0.4331	0.0000
-0.4723	-0.0625	0.0000
0.0352	-0.4435	0.0000
-0.4450	0.0764	-1.0000
0.1636	-0.2350	-3.0000
-0.0191	-0.0748	-3.0000
0.1585	0.0665	-3.0000
-0.2038	-0.2327	-2.0000
-0.1014	-0.1073	-3.0000
0.1166	0.1788	-3.0000
0.0407	0.1922	-3.0000
0.3514	-0.0629	-2.0000
0.1476	-0.3408	-2.0000
-0.1685	0.2247	-3.0000
0.3855	-0.2195	0.0000
0.2444	0.4260	-2.0000
0.3936	-0.1597	-1.0000
-0.4432	-0.0113	-1.0000
0.1108	-0.3859	-2.0000
-0.3286	-0.1377	-2.0000
0.3378	-0.1964	-2.0000
-0.1952	0.1432	-3.0000
0.0008	-0.2888	-3.0000
0.4130	-0.1198	0.0000
0.1781	-0.2738	-2.0000
0.4349	-0.0045	0.0000
0.3181	-0.1886	-2.0000
0.2599	0.4235	-1.0000
-0.1460	0.3105	-2.0000
0.2271	0.4317	-2.0000
0.3243	-0.0876	-2.0000
-0.1122	-0.4317	0.0000
0.2331	-0.0706	-3.0000
0.2171	0.4437	-1.0000
0.0959	-0.0934	-3.0000
0.3633	-0.0075	-2.0000
0.2436	0.4328	-2.0000
-0.0013	0.1830	-3.0000
0.2346	0.4410	0.0000
-0.4781	0.0104	0.0000
0.2876	-0.3526	-1.0000
-0.1701	0.3888	0.0000
0.2331	0.4290	-2.0000
0.2494	-0.3475	-1.0000
-0.2661	-0.1034	-3.0000
-0.2597	-0.2632	-2.0000
-0.3383	-0.0975	-2.0000
-0.4610	0.0364	-1.0000
0.1468	-0.4424	-1.0000
-0.1612	0.3425	-1.0000
0.0617	0.1113	-3.0000
0.1822	0.0677	-3.0000
0.1902	0.4493	-1.0000
-0.2178	-0.2964	-2.0000
0.2682	0.4212	0.0000
0.3073	-0.1463	-2.0000
-0.4254	-0.0128	-1.0000
-0.4348	-0.1805	0.0000
0.2188	0.4462	-1.0000
0.1452	-0.4627	0.0000
-0.4906	-0.0295	0.0000
0.1159	-0.1605	-3.0000
0.2681	0.4149	-2.0000
0.1870	-0.4581	0.0000
0.3283	-0.3191	-1.0000
0.2499	0.4331	0.0000
0.2819	0.4063	-1.0000
0.2710	0.4113	-2.0000
-0.0241	-0.3617	-2.0000
-0.4497	-0.1474	0.0000
0.2084	-0.3399	-2.0000
0.2388	0.4362	-2.0000
-0.1698	-0.3820	0.0000
0.2035	0.4477	-1.0000
0.2332	0.4312	-2.0000
0.2610	0.4248	-1.0000
0.2785	-0.3095	-2.0000
0.2086	-0.3670	-2.0000
-0.2409	0.1164	-3.0000
0.3845	-0.2695	0.0000
-0.2013	0.0255	-3.0000
0.2621	0.4249	-1.0000
0.1901	-0.4569	0.0000
0.2175	0.4449	-1.0000
-0.1528	0.0840	-3.0000
0.3840	-0.2490	0.0000
0.2331	0.4397	-1.0000
-0.3583	0.1124	-2.0000
0.2955	0.0319	-3.0000
-0.0480	0.1957	-3.0000
0.2634	-0.3143	-2.0000
-0.2008	0.3573	-1.0000
0.2593	0.4262	-1.0000
0.1082	0.1757	-3.0000
-0.2949	-0.0108	-3.0000
0.0285	-0.3114	-2.0000
-0.2631	0.0089	-3.0000
0.2771	-0.4131	0.0000
0.3862	-0.1646	-1.0000
0.3774	-0.0149	-1.0000
-0.2661	0.3089	-1.0000
-0.4745	0.1118	0.0000
0.2330	0.4395	-1.0000
0.2607	0.4250	-1.0000
0.2630	0.4204	-2.0000
0.0317	-0.1879	-3.0000
0.2130	0.0273	-3.0000
-0.1372	0.3393	-2.0000
0.0662	0.1991	-3.0000
-0.3009	0.1555	-2.0000
-0.3220	-0.1734	-2.0000
0.1974	0.0119	-3.0000
-0.2243	-0.2791	-2.0000
-0.2638	-0.0353	-3.0000
0.3503	-0.0259	-2.0000
0.0289	-0.1905	-3.0000
0.3315	-0.3555	0.0000
-0.0707	0.2635	-3.0000
-0.2724	-0.2273	-2.0000
0.3699	-0.2790	0.0000
-0.1511	0.1524	-3.0000
0.3160	-0.3765	0.0000
0.1923	-0.4147	-1.0000
0.2432	0.4366	0.0000
0.0332	-0.2085	-3.0000
0.2454	0.4337	-1.0000
-0.2187	-0.2592	-2.0000
0.1807	-0.2247	-3.0000
0.2127	0.4407	-2.0000
0.3190	-0.3681	0.0000
-0.4457	-0.1630	0.0000
-0.0063	0.0395	-3.0000
-0.0322	-0.4275	-1.0000
0.3173	0.3778	0.0000
-0.2347	0.0831	-3.0000
-0.4249	-0.0925	-1.0000
0.2741	0.4132	-1.0000
-0.1014	-0.4145	0.0000
-0.4374	0.0011	-1.0000
0.0814	0.1222	-3.0000
-0.0918	0.2688	-3.0000
0.2497	0.4332	0.0000
0.2720	-0.0730	-3.0000
-0.4564	-0.0042	-1.0000
0.2527	0.4312	0.0000
-0.2110	-0.0021	-3.0000
-0.2660	-0.2313	-2.0000
-0.0090	-0.3787	-2.0000
-0.3080	0.3084	0.0000
-0.3793	-0.2326	0.0000
0.0580	-0.4309	-1.0000
-0.0614	-0.0271	-3.0000
0.1782	-0.0351	-3.0000
-0.1993	0.2168	-2.0000
0.2481	-0.4339	0.0000
0.2315	-0.3948	-1.0000
0.2169	-0.4207	-1.0000
-0.0555	-0.1546	-3.0000
-0.2677	-0.2684	-1.0000
0.2656	-0.0034	-3.0000
0.1733	-0.2565	-3.0000
0.2173	0.0274	-3.0000
-0.4731	-0.0808	0.0000
-0.1051	-0.2883	-2.0000
0.3013	-0.3323	-1.0000
-0.1443	0.2945	-2.0000
0.2638	0.4240	0.0000
-0.4527	0.1201	0.0000
-0.0832	0.1130	-3.0000
-0.2285	0.2342	-2.0000
-0.2477	-0.2186	-2.0000
-0.1751	0.1477	-3.0000
-0.0219	0.2439	-3.0000
-0.1903	0.3474	-1.0000
-0.1062	-0.1517	-3.0000
0.1739	-0.3085	-2.0000
-0.3630	-0.2198	-1.0000
0.2533	0.4309	0.0000
0.1518	-0.1576	-3.0000
0.0254	-0.0019	-3.0000
0.3472	-0.0032	-2.0000
-0.2478	-0.3337	-1.0000
-0.0959	0.2642	-3.0000
0.3308	0.0396	-2.0000
-0.1512	-0.1024	-3.0000
0.2256	-0.2192	-3.0000
-0.2393	0.3333	-1.0000
-0.3226	-0.0349	-2.0000
0.1192	-0.3126	-2.0000
0.3913	-0.2157	0.0000
-0.1371	0.2381	-3.0000
-0.0871	0.1492	-3.0000
0.1595	-0.2762	-3.0000
0.2348	0.4389	-1.0000
-0.2041	-0.0029	-3.0000
-0.3359	0.3041	0.0000
-0.2789	0.2716	-1.0000
0.3067	-0.1622	-2.0000
0.3208	-0.3527	0.0000
0.0727	-0.3694	-2.0000
-0.4379	-0.1253	-1.0000
0.2132	-0.4226	-1.0000
0.3307	0.0011	-2.0000
-0.1193	0.2972	-2.0000
0.1941	-0.4433	0.0000
-0.1975	0.1668	-3.0000
0.2597	0.4269	0.0000
0.4249	-0.0683	0.0000
-0.4056	0.1886	0.0000
-0.4134	0.2153	0.0000
0.3445	-0.2338	-1.0000
-0.3214	0.1772	-2.0000
-0.4022	0.1786	-1.0000
0.3808	-0.2326	-1.0000
-0.2540	0.0747	-3.0000
-0.3295	-0.1898	-2.0000
0.1286	-0.3400	-2.0000
-0.4260	-0.1172	-1.0000
0.1196	-0.0927	-3.0000
0.2486	0.4336	0.0000
0.1114	0.0039	-3.0000
0.2379	0.4261	-2.0000
0.0711	-0.4585	0.0000
0.1906	0.1168	-3.0000
0.1983	0.4528	0.0000
0.2465	0.4333	-1.0000
0.0170	0.0642	-3.0000
-0.1098	0.0112	-3.0000
0.2716	0.4181	0.0000
0.2434	0.4315	-2.0000
-0.3273	0.1802	-2.0000
-0.0986	-0.0780	-3.0000
0.3064	-0.3044	-1.0000
-0.2709	-0.2793	-1.0000
-0.2363	-0.1041	-3.0000
0.2502	0.4290	-2.0000
0.1890	-0.3935	-1.0000
0.0151	-0.4052	-1.0000
0.1603	-0.2189	-3.0000
0.0502	-0.2927	-3.0000
0.3731	-0.2375	-1.0000
-0.3216	0.1782	-2.0000
0.2058	-0.2079	-3.0000
0.1481	-0.2571	-3.0000
0.2150	0.4340	-2.0000
-0.1299	-0.4108	0.0000
-0.1970	0.3897	0.0000
0.2433	0.4256	-2.0000
-0.1693	-0.3548	-1.0000
0.2739	-0.3596	-1.0000
0.4448	-0.0379	0.0000
0.0082	-0.2172	-3.0000
0.1309	-0.3887	-2.0000
0.3361	-0.2339	-1.0000
0.2620	-0.3307	-1.0000
0.3278	-0.3422	0.0000
-0.4288	0.1774	0.0000
-0.3433	0.2313	-1.0000
-0.1417	-0.3526	-1.0000
-0.2816	0.3339	0.0000
0.2552	-0.1831	-2.0000
-0.1308	0.0300	-3.0000
0.3461	-0.2711	-1.0000
-0.4390	-0.0924	-1.0000
-0.2488	-0.1574	-2.0000
0.2475	0.4190	-2.0000
0.1951	-0.3811	-1.0000
0.2451	0.4300	-2.0000
-0.0107	0.1652	-3.0000
0.1065	-0.4343	-1.0000
-0.2250	0.3419	-1.0000
-0.0614	-0.0005	-3.0000
-0.4616	0.0143	-1.0000
-0.4711	-0.0930	0.0000
-0.3045	-0.2614	-1.0000
0.1501	-0.4669	0.0000
-0.0337	-0.4400	0.0000
-0.4883	-0.0234	0.0000
-0.2320	0.0636	-3.0000
0.1123	0.0454	-3.0000
-0.1930	0.2702	-2.0000
-0.0601	-0.4312	0.0000
-0.4644	-0.1171	0.0000
0.2546	0.4302	0.0000
-0.4554	0.0846	-1.0000
-0.2762	0.0657	-3.0000
0.2221	0.4391	-2.0000
0.2497	0.4280	-2.0000
-0.3715	0.2099	-1.0000
0.2294	-0.4176	-1.0000
0.1522	-0.4235	-1.0000
0.2065	-0.1166	-3.0000
-0.2606	0.1624	-2.0000
0.1175	-0.0383	-3.0000
-0.3240	0.2332	-1.0000
0.3121	0.3803	0.0000
0.3170	-0.3650	0.0000
0.2808	0.4015	-1.0000
-0.0715	0.2889	-2.0000
-0.2848	0.2671	-1.0000
0.0567	-0.4136	-1.0000
0.2405	-0.3158	-2.0000
0.3675	0.0206	-2.0000
0.2517	0.4319	0.0000
-0.4275	0.1591	0.0000
-0.0972	-0.3395	-2.0000
0.2564	0.4238	-2.0000
0.2329	0.4395	-1.0000
-0.3020	0.2499	-1.0000
0.2376	0.4285	-2.0000
0.2178	0.4452	-1.0000
0.1445	-0.0138	-3.0000
-0.2180	-0.0797	-3.0000
-0.3600	0.2775	0.0000
0.3166	-0.0154	-2.0000
0.1683	0.4615	0.0000
0.2352	0.4301	-2.0000
-0.3311	0.0856	-2.0000
-0.4420	0.0194	-1.0000
-0.2380	-0.3248	-1.0000
-0.1419	-0.3577	-1.0000
0.1816	0.0629	-3.0000
-0.1877	0.3339	-1.0000
0.3578	-0.3049	0.0000
0.4309	0.0253	0.0000
0.0587	-0.3291	-2.0000
0.3070	-0.2780	-1.0000
0.0079	-0.3448	-2.0000
0.1630	-0.4020	-1.0000
0.2410	0.4367	-1.0000
0.2561	0.4246	-2.0000
0.2687	0.4099	-2.0000
0.4223	-0.0368	0.0000
0.2681	-0.1492	-3.0000
0.2511	0.4323	0.0000
-0.3628	0.2763	0.0000
0.2471	0.4343	-1.0000
-0.1193	0.0638	-3.0000
0.2445	0.4291	-2.0000
0.2286	0.4345	-2.0000
-0.4578	-0.0424	-1.0000
0.4058	0.0354	-1.0000
0.3889	0.0403	-1.0000
0.1993	0.4442	-2.0000
0.2523	0.4316	0.0000
0.2104	0.0007	-3.0000
0.2510	0.4324	0.0000
0.3453	-0.0836	-2.0000
0.4191	-0.0208	0.0000
-0.4925	0.0051	0.0000
0.0098	-0.4000	-1.0000
-0.4819	-0.0835	0.0000
0.2634	0.4097	-2.0000
0.2254	-0.3639	-1.0000
0.3528	-0.2939	0.0000
0.0546	-0.1989	-3.0000
0.2517	0.4310	-1.0000
-0.0083	-0.2112	-3.0000
0.3561	-0.3174	0.0000
0.2164	0.4469	-1.0000
0.2143	0.4475	-1.0000
-0.4997	-0.0113	0.0000
-0.0061	-0.1446	-3.0000
0.2131	0.4489	0.0000
0.2454	0.4214	-2.0000
-0.4333	-0.0637	-1.0000
0.3317	-0.2862	-1.0000
-0.2863	-0.0286	-3.0000
0.0807	0.1276	-3.0000
0.0011	-0.3206	-2.0000
-0.2213	0.2112	-2.0000
-0.0683	-0.1864	-3.0000
0.2926	0.4024	0.0000
-0.2212	0.1097	-3.0000
-0.1454	-0.3200	-2.0000
0.1972	0.0695	-3.0000
0.2195	-0.4468	0.0000
-0.3803	-0.1628	-1.0000
-0.0093	-0.4379	0.0000
-0.3461	0.0597	-2.0000
0.1483	-0.0077	-3.0000
0.2104	0.4401	-2.0000
0.2561	0.0245	-3.0000
-0.0344	-0.2246	-3.0000
0.2412	0.4281	-2.0000
0.2411	0.4211	-2.0000
0.2325	0.4420	0.0000
0.3998	-0.0589	-1.0000
0.3589	-0.2800	-1.0000
0.1486	-0.4516	0.0000
-0.2231	0.3657	0.0000
0.2729	0.4172	0.0000
0.2382	0.4386	-1.0000
-0.0714	-0.0568	-3.0000
0.0100	-0.3747	-2.0000
-0.2319	-0.2127	-2.0000
-0.0332	0.2112	-3.0000
-0.4366	0.1167	-1.0000
-0.1785	0.3000	-2.0000
-0.0702	0.1182	-3.0000
-0.1264	-0.1471	-3.0000
0.2450	-0.2183	-2.0000
0.0614	0.0313	-3.0000
-0.2327	0.2948	-1.0000
-0.0165	0.1168	-3.0000
-0.0489	-0.3023	-2.0000
0.2193	-0.3675	-1.0000
-0.4785	-0.0992	0.0000
0.2101	-0.4500	0.0000
0.2969	-0.3945	0.0000
0.2400	0.4316	-2.0000
0.2583	0.4236	-2.0000
0.3221	0.0616	-2.0000
0.2018	-0.4339	0.0000
0.3425	0.0042	-2.0000
-0.4332	0.1578	0.0000
-0.0172	-0.0612	-3.0000
0.3017	0.3926	0.0000
0.3964	-0.2422	0.0000
-0.2250	-0.3694	0.0000
0.4331	-0.0520	0.0000
-0.3516	0.2396	-1.0000
0.2864	0.0539	-3.0000
0.2311	0.4406	-1.0000
0.3278	-0.3607	0.0000
0.1543	-0.0014	-3.0000
0.3398	-0.3245	0.0000
-0.2478	0.1407	-3.0000
-0.2437	0.1490	-3.0000
-0.1859	0.3721	0.0000
-0.2912	-0.0596	-3.0000
-0.3121	-0.3211	0.0000
-0.0824	-0.2439	-3.0000
-0.4431	-0.0837	-1.0000
0.2317	0.4419	0.0000
0.1541	-0.4672	0.0000
-0.4730	0.0624	0.0000
-0.4812	0.0073	0.0000
0.0205	-0.3808	-2.0000
0.3368	-0.3542	0.0000
-0.2031	-0.2000	-2.0000
0.2694	0.4200	0.0000
-0.2382	-0.1429	-3.0000
-0.4639	0.0751	-1.0000
-0.2979	-0.1836	-2.0000
0.2227	0.1111	-3.0000
-0.2244	-0.3053	-1.0000
-0.3195	-0.2760	-1.0000
0.0415	-0.4721	0.0000
-0.1985	-0.2512	-2.0000
0.1314	-0.4592	0.0000
0.2045	0.4533	0.0000
0.2781	-0.3464	-1.0000
0.1538	-0.3433	-2.0000
0.2410	-0.1694	-3.0000
-0.1409	-0.2232	-3.0000
0.3032	0.3874	0.0000
-0.3386	0.1891	-1.0000
0.2411	0.4367	-1.0000
0.1008	0.0307	-3.0000
0.1970	-0.4502	0.0000
0.1636	0.0660	-3.0000
0.2210	-0.4016	-1.0000
0.2495	0.4333	0.0000
0.0562	0.1315	-3.0000
-0.1781	0.0855	-3.0000
0.2868	-0.3486	-1.0000
-0.4335	-0.0815	-1.0000
0.2496	0.4234	-2.0000
-0.4948	0.0175	0.0000
0.2518	-0.3008	-2.0000
-0.1209	-0.1751	-3.0000
0.0458	-0.1604	-3.0000
-0.2818	0.0136	-3.0000
-0.0930	-0.0740	-3.0000
0.2870	-0.1381	-2.0000
0.2862	0.4031	-1.0000
0.2601	0.4268	0.0000
0.2754	0.4162	0.0000
0.2714	-0.1224	-3.0000
-0.2446	0.2575	-2.0000
-0.0114	0.2135	-3.0000
0.2433	0.4305	-2.0000
-0.2665	-0.1344	-2.0000
0.2494	0.4334	0.0000
0.3932	-0.0359	-1.0000
-0.1455	-0.1156	-3.0000
0.3013	-0.0663	-3.0000
-0.0881	-0.1737	-3.0000
0.2089	0.4514	0.0000
0.0408	0.1866	-3.0000
-0.3156	0.0913	-2.0000
0.3197	-0.1444	-2.0000
-0.4343	0.0686	-1.0000
0.4235	-0.1654	0.0000
-0.2157	-0.2313	-2.0000
0.2477	0.4343	0.0000
0.3280	-0.1358	-2.0000
-0.2561	0.1402	-2.0000
-0.2096	0.3780	0.0000
-0.0363	-0.4469	0.0000
-0.0496	-0.3329	-2.0000
0.1173	-0.2461	-3.0000
0.1316	-0.2851	-3.0000
0.1951	-0.3961	-1.0000
-0.0612	0.0225	-3.0000
-0.0889	0.0597	-3.0000
0.4241	-0.1314	0.0000
0.2303	0.0161	-3.0000
0.2260	0.4449	0.0000
-0.0361	-0.1096	-3.0000
-0.2083	-0.0730	-3.0000
-0.3721	-0.1091	-2.0000
0.0146	-0.1295	-3.0000
-0.4492	-0.0418	-1.0000
-0.4403	-0.0627	-1.0000
0.2733	0.4069	-2.0000
0.3453	-0.3381	0.0000
0.2995	-0.2860	-2.0000
-0.4241	-0.0738	-1.0000
-0.4055	-0.0077	-2.0000
0.2677	0.4218	0.0000
0.2173	0.4409	-2.0000
-0.4106	-0.0718	-2.0000
-0.0538	-0.3760	-2.0000
-0.4614	0.0170	-1.0000
0.2515	0.4321	0.0000
0.2976	-0.3624	-1.0000
-0.4170	-0.1117	-1.0000
0.4104	-0.1365	0.0000
0.2699	0.4046	-2.0000
0.3052	0.0438	-3.0000
-0.1302	-0.0197	-3.0000
0.2807	0.4103	0.0000
0.2453	0.4347	-1.0000
-0.4313	-0.1684	0.0000
0.2806	0.4113	0.0000
0.1320	-0.3892	-2.0000
-0.2316	0.1582	-3.0000
-0.3847	-0.0530	-2.0000
-0.4054	0.0331	-2.0000
0.2788	0.4100	-1.0000
-0.4971	0.0210	0.0000
-0.2285	-0.2299	-2.0000
0.3415	-0.0498	-2.0000
0.0794	-0.0328	-3.0000
-0.0846	-0.0420	-3.0000
-0.2788	0.2666	-1.0000
0.2740	-0.3637	-1.0000
-0.4939	-0.0554	0.0000
-0.0892	-0.3035	-2.0000
-0.1644	0.2116	-3.0000
0.2379	0.4395	0.0000
-0.2988	-0.2806	-1.0000
0.3318	-0.3146	-1.0000
-0.0561	-0.0611	-3.0000
0.3116	0.0725	-2.0000
-0.2029	-0.3339	-1.0000
-0.1715	0.3387	-1.0000
0.4289	-0.1447	0.0000
0.3362	-0.1819	-2.0000
-0.4655	0.1273	0.0000
-0.4069	0.0351	-2.0000
-0.3218	0.1720	-2.0000
0.2718	0.4174	-1.0000
0.1149	-0.4462	0.0000
0.1519	-0.3534	-2.0000
-0.2499	0.3415	0.0000
0.1419	-0.4278	-1.0000
-0.4602	0.0154	-1.0000
0.4032	-0.1698	0.0000
0.0240	0.0586	-3.0000
0.3319	-0.2286	-1.0000
-0.4665	-0.1316	0.0000
-0.2831	-0.1440	-2.0000
0.4104	-0.0446	-1.0000
-0.0285	0.0631	-3.0000
-0.0280	-0.3026	-2.0000
-0.1440	-0.1410	-3.0000
-0.1786	-0.1076	-3.0000
0.3016	0.3858	0.0000
-0.2413	0.3426	0.0000
0.0413	-0.2131	-3.0000
0.1283	0.1338	-3.0000
-0.2451	-0.2243	-2.0000
-0.1393	-0.3685	-1.0000
-0.2764	0.3379	0.0000
0.2753	0.4089	-1.0000
0.2493	0.4326	-1.0000
-0.2360	-0.3169	-1.0000
0.3976	-0.2024	0.0000
-0.2375	-0.3764	0.0000
0.3803	-0.2354	0.0000
0.2902	0.3940	-1.0000
0.3165	0.3791	0.0000
-0.4546	-0.1524	0.0000
0.1343	-0.2862	-3.0000
-0.1217	0.0269	-3.0000
0.2352	0.4328	-2.0000
0.2392	-0.0214	-3.0000
0.2471	0.4338	-1.0000
-0.1412	0.2779	-2.0000
0.2520	0.0635	-3.0000
-0.4291	0.1505	-1.0000
0.3141	0.3791	0.0000
-0.1089	0.2415	-3.0000
0.3595	-0.0500	-2.0000
-0.2510	0.1878	-2.0000
0.2170	-0.4419	0.0000
0.2456	0.4341	-1.0000
-0.4377	0.0222	-1.0000
0.2851	0.3973	-1.0000
0.2991	-0.2128	-2.0000
-0.0258	-0.3657	-2.0000
0.1431	0.0459	-3.0000
-0.0310	0.2086	-3.0000
0.0330	-0.1307	-3.0000
-0.0124	-0.0969	-3.0000
0.2805	0.4104	0.0000
-0.3357	-0.0823	-2.0000
0.2560	-0.4255	0.0000
-0.1307	-0.0750	-3.0000
-0.2535	-0.0745	-3.0000
-0.1582	0.1308	-3.0000
0.1304	-0.4012	-1.0000
-0.2270	-0.3820	0.0000
-0.4764	-0.0567	0.0000
0.2673	0.0887	-3.0000
0.1650	0.4644	0.0000
0.1137	-0.3647	-2.0000
0.4117	-0.0636	-1.0000
-0.0816	-0.2954	-2.0000
0.3308	-0.1511	-2.0000
0.2496	0.4246	-2.0000
-0.3688	-0.0391	-2.0000
0.1356	-0.1542	-3.0000
0.2353	0.4390	-1.0000
-0.3809	-0.2015	-1.0000
0.1168	0.1244	-3.0000
-0.0142	-0.3758	-2.0000
0.2470	0.4342	-1.0000
0.3637	0.0574	-2.0000
0.2492	0.4335	0.0000
0.3297	-0.3606	0.0000
0.3639	-0.2386	-1.0000
0.1624	0.4653	0.0000
0.2656	0.4161	-2.0000
0.3399	-0.2778	-1.0000
-0.4868	-0.0553	0.0000
0.2810	-0.1903	-2.0000
0.2811	-0.0280	-3.0000
-0.0267	-0.0522	-3.0000
0.2043	-0.4471	0.0000
0.0405	0.1339	-3.0000
0.2097	0.4374	-2.0000
-0.4094	-0.0511	-2.0000
0.0524	-0.0983	-3.0000
0.2107	0.4404	-2.0000
0.2224	0.4461	0.0000
-0.0257	-0.3047	-2.0000
0.3009	-0.3241	-1.0000
0.1584	-0.0243	-3.0000
-0.1385	0.1519	-3.0000
0.2102	0.4394	-2.0000
0.4444	-0.0182	0.0000
-0.2702	-0.2812	-1.0000
0.3767	-0.2594	0.0000
0.2447	0.4351	-1.0000
0.2325	0.4333	-2.0000
0.2538	0.4295	-1.0000
-0.3767	0.2178	-1.0000
-0.0801	-0.0134	-3.0000
0.2076	-0.3181	-2.0000
0.4138	0.0354	0.0000
-0.0377	-0.2083	-3.0000
0.2461	-0.4258	0.0000
-0.3523	-0.0083	-2.0000
0.0973	-0.2750	-3.0000
0.0989	0.1594	-3.0000
-0.1035	0.1886	-3.0000
-0.4941	-0.0149	0.0000
0.0731	0.1890	-3.0000
0.4290	-0.0471	0.0000
-0.2451	0.2095	-2.0000
-0.3689	0.1895	-1.0000
0.2597	0.4264	-1.0000
0.3597	-0.1484	-1.0000
-0.3704	-0.2347	0.0000
0.2441	0.4351	-1.0000
0.1810	-0.4346	-1.0000
-0.2490	0.1307	-3.0000
-0.4219	0.2063	0.0000
0.0739	-0.0745	-3.0000
-0.4911	-0.0425	0.0000
-0.2977	0.0586	-3.0000
0.2498	0.4331	0.0000
-0.3098	-0.1525	-2.0000
0.2027	-0.4541	0.0000
-0.2461	-0.0536	-3.0000
0.4002	-0.2369	0.0000
-0.3321	0.1028	-2.0000
0.2422	0.0235	-3.0000
0.2336	0.4289	-2.0000
-0.3944	-0.2330	0.0000
-0.1461	-0.1617	-3.0000
0.2553	0.1022	-3.0000
0.2573	0.4274	-1.0000
0.2483	0.4338	0.0000
0.1452	-0.1083	-3.0000
-0.3423	-0.1856	-2.0000
-0.3022	0.2834	-1.0000
-0.0851	0.2426	-3.0000
-0.1458	-0.3411	-1.0000
-0.3301	0.2905	0.0000
0.3029	0.0630	-3.0000
-0.4910	0.0564	0.0000
0.1886	0.4549	0.0000
-0.3272	-0.2125	-2.0000
-0.3939	0.2211	0.0000
0.2794	-0.2799	-2.0000
-0.3615	-0.2665	0.0000
-0.4730	-0.1133	0.0000
0.1886	-0.3243	-2.0000
0.3388	-0.3399	0.0000
-0.3816	0.0269	-2.0000
0.0262	-0.3860	-2.0000
0.2539	0.4222	-2.0000
-0.2834	0.2388	-2.0000
-0.3603	-0.1644	-2.0000
0.2251	0.4453	0.0000
-0.3325	-0.2787	0.0000
-0.1850	0.2347	-2.0000
0.2406	0.4375	-1.0000
-0.0407	-0.0718	-3.0000
0.0528	-0.2131	-3.0000
0.3016	-0.1463	-2.0000
0.0761	-0.0278	-3.0000
-0.1640	-0.3927	0.0000
0.2220	0.4445	-1.0000
-0.0252	-0.4022	-1.0000
-0.4956	-0.0366	0.0000
0.2496	0.4331	0.0000
0.2829	-0.2557	-2.0000
-0.2023	0.2768	-2.0000
0.0516	0.1639	-3.0000
-0.2229	0.1612	-3.0000
0.2549	0.4301	0.0000
-0.0195	0.1807	-3.0000
-0.2564	0.2765	-1.0000
0.3490	-0.1607	-2.0000
0.0898	0.1953	-3.0000
0.1814	-0.4555	0.0000
0.2503	0.4325	-1.0000
-0.1550	0.1288	-3.0000
0.2243	-0.0765	-3.0000
0.2288	0.4439	0.0000
-0.2358	-0.3190	-1.0000
0.0266	-0.4216	-1.0000
-0.4527	-0.0435	-1.0000
-0.4539	-0.1470	0.0000
-0.3822	0.1787	-1.0000
0.2669	0.4166	-2.0000
-0.0355	0.1988	-3.0000
-0.0183	0.2191	-3.0000
-0.1372	0.3291	-2.0000
0.2701	0.4148	-1.0000
0.2896	-0.1789	-2.0000
-0.3371	-0.1971	-2.0000
-0.0901	-0.4423	0.0000
-0.4933	-0.0465	0.0000
-0.3851	0.1253	-2.0000
0.3148	-0.3812	0.0000
0.3399	-0.0071	-2.0000
-0.1589	0.3030	-2.0000
0.3251	-0.2939	-1.0000
-0.0701	0.2731	-3.0000
-0.1191	-0.0899	-3.0000
0.2325	0.4421	0.0000
0.3558	0.0144	-2.0000
-0.0932	-0.1867	-3.0000
-0.3451	0.1525	-2.0000
-0.3562	0.2055	-1.0000
-0.4904	0.0542	0.0000
0.1001	-0.4552	0.0000
0.2049	0.4534	0.0000
-0.0135	-0.3896	-1.0000
-0.1351	0.1477	-3.0000
-0.3490	-0.1917	-1.0000
0.2271	0.4414	-1.0000
-0.2543	-0.2224	-2.0000
0.0277	0.0097	-3.0000
-0.4146	-0.0879	-1.0000
-0.2234	-0.0346	-3.0000
0.2542	0.4302	-1.0000
0.1863	-0.2090	-3.0000
0.2048	0.4488	-1.0000
-0.2203	0.3876	0.0000
0.2960	-0.2987	-1.0000
-0.1995	0.0795	-3.0000
-0.2207	-0.3197	-1.0000
0.2517	0.4223	-2.0000
-0.1428	0.1740	-3.0000
0.0069	0.1051	-3.0000
0.2480	0.4297	-2.0000
0.0088	0.0763	-3.0000
-0.1320	0.2937	-2.0000
-0.0893	-0.2428	-3.0000
0.2258	0.4351	-2.0000
0.2099	-0.4517	0.0000
-0.1295	0.2303	-3.0000
-0.0507	-0.1009	-3.0000
-0.4317	-0.0478	-1.0000
-0.3994	0.2126	0.0000
0.2200	0.4447	-1.0000
-0.1183	0.2349	-3.0000
0.1811	-0.1307	-3.0000
0.4194	-0.1790	0.0000
-0.1402	0.1807	-3.0000
0.3797	-0.0240	-1.0000
0.2426	0.4284	-2.0000
-0.0739	0.2353	-3.0000
-0.3982	0.1376	-1.0000
-0.4835	0.0409	0.0000
0.2502	0.4328	0.0000
-0.2376	0.1375	-3.0000
-0.2937	-0.1087	-2.0000
0.1224	-0.4423	-1.0000
-0.1127	0.2025	-3.0000
0.2164	-0.0857	-3.0000
-0.0335	0.0290	-3.0000
-0.2322	-0.3529	0.0000
-0.2016	-0.1036	-3.0000
0.0162	-0.3835	-2.0000
0.2829	-0.1127	-3.0000
-0.3044	-0.0459	-3.0000
0.3091	-0.3007	-1.0000
-0.1764	0.2420	-2.0000
-0.1727	-0.2595	-2.0000
0.0495	0.2121	-3.0000
-0.3737	0.2652	0.0000
-0.4490	0.0777	-1.0000
0.0134	-0.0709	-3.0000
0.2492	0.4167	-2.0000
0.0468	0.0933	-3.0000
-0.3103	-0.2923	0.0000
0.2588	0.1074	-3.0000
0.2489	0.4328	-1.0000
-0.2117	0.0501	-3.0000
0.2641	-0.2379	-2.0000
0.1671	-0.4520	0.0000
-0.0594	0.1661	-3.0000
0.2296	0.4312	-2.0000
0.1577	0.0356	-3.0000
0.2032	0.4462	-1.0000
-0.0598	-0.4308	0.0000
0.2095	0.4484	-1.0000
0.2373	0.4349	-2.0000
0.2143	0.4431	-2.0000
-0.4864	0.0754	0.0000
-0.2838	0.3309	0.0000
-0.4229	-0.0237	-1.0000
0.1928	-0.2417	-3.0000
-0.1547	0.2149	-3.0000
0.2303	0.0903	-3.0000
-0.3074	0.2861	-1.0000
-0.1892	0.3874	0.0000
0.2308	0.4361	-2.0000
0.2576	0.4200	-2.0000
-0.3643	0.1773	-1.0000
0.1014	-0.2685	-3.0000
0.2469	-0.3982	-1.0000
0.3801	0.0264	-1.0000
0.3609	-0.2843	0.0000
-0.1810	0.0594	-3.0000
0.2199	-0.3458	-2.0000
0.2192	-0.1267	-3.0000
0.2301	0.4359	-2.0000
0.1560	-0.3691	-2.0000
-0.3840	0.0906	-2.0000
-0.4973	0.0187	0.0000
-0.0797	-0.3452	-2.0000
-0.4043	0.1184	-1.0000
0.2632	0.0670	-3.0000
0.3786	-0.2125	-1.0000
0.2185	0.4459	-1.0000
0.0588	-0.3076	-3.0000
0.2385	0.4247	-2.0000
0.2735	0.4105	-1.0000
-0.1395	-0.0791	-3.0000
0.2497	0.4332	0.0000
-0.4347	0.1331	-1.0000
0.2414	0.4377	0.0000
0.4177	-0.1338	0.0000
0.0527	-0.3870	-2.0000
0.2021	0.1321	-3.0000
0.2490	-0.3053	-2.0000
-0.1406	-0.2283	-3.0000
-0.0340	-0.4336	0.0000
-0.1787	0.2648	-2.0000
-0.3670	0.2614	0.0000
-0.3415	0.1183	-2.0000
0.3888	-0.1860	-1.0000
0.3117	0.3783	0.0000
0.3374	-0.3213	0.0000
-0.3349	-0.1220	-2.0000
-0.0911	-0.3274	-2.0000
-0.3545	-0.2687	0.0000
0.3186	-0.0197	-2.0000
0.1871	0.4563	0.0000
-0.0045	0.1944	-3.0000
-0.4984	0.0159	0.0000
-0.2145	-0.2319	-2.0000
0.2142	0.4418	-2.0000
0.1971	-0.3421	-2.0000
0.1936	-0.4458	0.0000
0.0616	-0.3491	-2.0000
0.2838	-0.1128	-3.0000
-0.2877	0.2386	-2.0000
-0.3911	-0.1997	-1.0000
0.2508	0.4319	-1.0000
0.2833	0.4045	-1.0000
-0.0863	0.1533	-3.0000
-0.3177	0.0858	-2.0000
-0.0557	0.1686	-3.0000
0.0152	-0.1661	-3.0000
0.2294	0.4413	-1.0000
0.1510	-0.3232	-2.0000
-0.4545	0.1581	0.0000
0.2489	-0.4309	0.0000
0.3055	0.3884	0.0000
0.2666	0.4218	0.0000
0.2895	0.3957	-1.0000
0.2687	0.4155	-1.0000
0.3882	0.0346	-1.0000
0.2520	0.4316	-1.0000
-0.2334	0.0495	-3.0000
-0.3670	0.2548	0.0000
0.1896	0.4537	-1.0000
-0.4398	0.1017	-1.0000
-0.2318	-0.3686	0.0000
0.2055	-0.3944	-1.0000
0.2536	-0.0491	-3.0000
0.2631	0.4162	-2.0000
0.1035	0.0548	-3.0000
0.1346	-0.3323	-2.0000
-0.1357	0.2255	-3.0000
0.3120	-0.3750	0.0000
-0.3361	0.2570	-1.0000
0.0684	-0.1009	-3.0000
0.2846	-0.3157	-1.0000
0.1102	0.1291	-3.0000
-0.4944	-0.0154	0.0000
-0.2164	0.1893	-3.0000
0.2754	0.4043	-2.0000
0.0976	0.0568	-3.0000
0.2371	0.4396	0.0000
0.4056	-0.0131	-1.0000
-0.1799	0.2903	-2.0000
0.0077	-0.0548	-3.0000
-0.2867	0.2198	-2.0000
0.0777	-0.3250	-2.0000
0.2186	0.4449	-1.0000
-0.4163	0.0018	-2.0000
0.4143	-0.0668	-1.0000
0.0012	-0.0865	-3.0000
-0.4590	0.0989	0.0000
-0.4464	0.0599	-1.0000
0.0206	-0.4317	-1.0000
-0.3482	-0.1588	-2.0000
0.2425	0.4317	-2.0000
-0.0268	0.2595	-3.0000
-0.4773	-0.0662	0.0000
0.2731	0.4164	-1.0000
0.2269	0.4413	-1.0000
0.3520	-0.0610	-2.0000
0.3331	-0.1684	-2.0000
0.4334	-0.1063	0.0000
-0.1429	-0.1697	-3.0000
0.3673	-0.1040	-2.0000
0.1543	-0.3995	-1.0000
0.3074	0.0725	-3.0000
-0.3207	-0.0120	-2.0000
-0.3395	0.0096	-2.0000
0.2581	0.4275	-1.0000
-0.3262	0.1407	-2.0000
0.0957	-0.3619	-2.0000
0.2707	0.4191	0.0000
0.3602	-0.3187	0.0000
-0.2960	-0.1488	-2.0000
-0.1527	0.3528	-1.0000
0.2447	0.4351	-1.0000
0.2429	0.4369	0.0000
0.2586	-0.4093	0.0000
0.3669	-0.1740	-1.0000
-0.4640	0.0502	-1.0000
-0.0899	-0.3634	-1.0000
-0.0309	-0.3794	-2.0000
0.2467	0.4319	-2.0000
-0.0727	0.0968	-3.0000
0.2534	0.4265	-2.0000
-0.2104	0.3411	-1.0000
-0.4233	-0.1962	0.0000
-0.2337	-0.2981	-1.0000
-0.3493	-0.0001	-2.0000
0.2496	0.4332	0.0000
0.2592	0.4274	0.0000
-0.3076	-0.2537	-1.0000
-0.3078	0.2723	-1.0000
0.2207	-0.2349	-3.0000
0.1055	-0.2874	-3.0000
0.0617	-0.2061	-3.0000
0.4125	-0.0746	-1.0000
0.2273	0.4438	-1.0000
-0.1293	0.0359	-3.0000
-0.3284	0.2187	-1.0000
-0.2029	0.2007	-3.0000
0.1571	-0.0489	-3.0000
0.2404	-0.2089	-3.0000
0.0635	-0.3612	-2.0000
-0.2280	0.2075	-2.0000
-0.4576	0.0952	-1.0000
-0.0789	0.0306	-3.0000
0.0365	-0.2445	-3.0000
0.2996	-0.3897	0.0000
0.0694	-0.4302	-1.0000
0.2022	0.4538	0.0000
0.2948	-0.2747	-2.0000
-0.3417	-0.2794	0.0000
0.4065	-0.1188	-1.0000
-0.2137	-0.0027	-3.0000
0.3331	-0.3114	-1.0000
0.2465	-0.0445	-3.0000
0.4410	0.0192	0.0000
0.3594	-0.0636	-2.0000
0.2215	0.4398	-2.0000
-0.0928	-0.4326	0.0000
0.3127	-0.2286	-2.0000
0.2331	0.0234	-3.0000
0.0098	0.2406	-3.0000
0.2042	-0.3651	-2.0000
-0.1698	-0.3672	-1.0000
-0.0096	-0.4205	-1.0000
0.2312	0.4361	-2.0000
0.3333	-0.2832	-1.0000
0.3274	0.0049	-2.0000
0.3907	-0.0992	-1.0000
0.2541	-0.4306	0.0000
0.2924	0.0440	-3.0000
0.2116	0.4402	-2.0000
-0.4255	-0.1957	0.0000
-0.2880	-0.3299	0.0000
0.2293	0.4433	0.0000
-0.2462	-0.0938	-3.0000
-0.4736	-0.0991	0.0000
-0.2950	-0.0313	-3.0000
0.2557	-0.4297	0.0000
0.2048	0.4513	0.0000
-0.4804	0.0795	0.0000
0.2306	0.4427	0.0000
-0.0493	-0.1605	-3.0000
0.2192	0.4313	-2.0000
-0.1627	-0.1837	-3.0000
-0.3719	0.0850	-2.0000
0.2401	-0.2548	-2.0000
-0.3720	0.1207	-2.0000
0.2356	-0.2610	-2.0000
-0.1180	0.1540	-3.0000
-0.1441	-0.3867	-1.0000
-0.2412	-0.1880	-2.0000
-0.2548	-0.0756	-3.0000
0.3053	0.3824	0.0000
0.2457	-0.0815	-3.0000
-0.1645	0.2696	-2.0000
0.3167	-0.1770	-2.0000
0.2400	0.4345	-2.0000
0.3801	-0.2287	-1.0000
-0.1322	0.2098	-3.0000
0.2186	0.4381	-2.0000
0.2508	-0.4232	0.0000
-0.0761	0.1160	-3.0000
-0.0641	0.1919	-3.0000
0.2410	-0.3403	-2.0000
-0.4981	0.0221	0.0000
0.2572	0.4196	-2.0000
-0.0263	-0.1074	-3.0000
-0.0421	0.0376	-3.0000
-0.0527	-0.3866	-1.0000
-0.3873	0.0551	-2.0000
0.3137	-0.2122	-2.0000
0.0228	-0.3684	-2.0000
0.0325	0.0121	-3.0000
0.2096	0.4405	-2.0000
0.2503	0.4328	0.0000
0.0933	-0.0803	-3.0000
0.4295	-0.1476	0.0000
-0.4497	-0.1218	-1.0000
0.1874	-0.1919	-3.0000
0.2267	-0.2385	-2.0000
0.0686	-0.3198	-2.0000
0.2584	0.4268	-1.0000
0.2781	-0.4131	0.0000
0.4006	-0.1935	0.0000
-0.3460	-0.1991	-1.0000
0.2493	-0.4227	0.0000
0.2556	0.4296	0.0000
0.2488	-0.3750	-1.0000
-0.3150	-0.2983	0.0000
-0.1371	-0.3905	-1.0000
0.1942	0.1189	-3.0000
0.2459	0.4352	0.0000
0.1581	-0.4358	-1.0000
-0.3282	0.0446	-2.0000
0.3462	-0.0854	-2.0000
-0.4064	0.2053	0.0000
-0.3881	0.0380	-2.0000
-0.1858	0.3902	0.0000
0.2776	0.4081	-1.0000
-0.1746	0.0035	-3.0000
-0.1775	-0.3735	-1.0000
-0.3393	-0.2079	-1.0000
0.1896	-0.2599	-3.0000
-0.1278	0.0721	-3.0000
-0.3634	-0.0582	-2.0000
0.2499	-0.0846	-3.0000
-0.1349	0.2947	-2.0000
0.1597	-0.3447	-2.0000
0.1912	0.4540	-1.0000
-0.2886	-0.2644	-1.0000
0.2330	-0.3939	-1.0000
0.1834	-0.3937	-1.0000
-0.0301	-0.1031	-3.0000
0.0390	-0.4157	-1.0000
0.3644	-0.3083	0.0000
-0.2568	-0.1431	-3.0000
0.1332	-0.4169	-1.0000
-0.3332	0.1192	-2.0000
0.2512	0.4323	0.0000
0.1285	-0.3626	-2.0000
0.0572	0.0947	-3.0000
-0.2981	-0.1939	-2.0000
0.2221	-0.3351	-2.0000
0.4165	-0.1177	0.0000
0.2728	0.4155	-1.0000
0.2834	0.4098	0.0000
-0.0607	-0.2373	-3.0000
0.1149	-0.4556	0.0000
0.1835	-0.3657	-2.0000
-0.4857	-0.0638	0.0000
0.2429	0.4299	-2.0000
-0.4495	0.1076	-1.0000
-0.1463	-0.2362	-2.0000
0.2537	0.4307	0.0000
0.1555	0.0530	-3.0000
0.3918	-0.2346	0.0000
0.1440	0.0935	-3.0000
-0.0561	-0.4391	0.0000
0.2271	0.4439	0.0000
0.0628	0.1946	-3.0000
0.2797	-0.3088	-2.0000
-0.2026	0.2703	-2.0000
0.0415	-0.0125	-3.0000
0.3078	0.0599	-3.0000
-0.0139	-0.2876	-2.0000
-0.0367	0.2702	-2.0000
-0.0876	0.0409	-3.0000
0.2425	-0.2005	-3.0000
0.1205	-0.1602	-3.0000
-0.2463	0.2799	-2.0000
0.2500	0.4179	-2.0000
-0.4871	-0.0470	0.0000
-0.4025	-0.1552	-1.0000
-0.1253	0.2589	-3.0000
-0.2173	0.3102	-1.0000
0.2212	0.4345	-2.0000
0.1856	-0.1530	-3.0000
-0.0396	0.1670	-3.0000
0.2101	0.4473	-1.0000
-0.3638	-0.1659	-2.0000
-0.2268	-0.2127	-2.0000
-0.4509	-0.0356	-1.0000
-0.4376	0.0958	-1.0000
0.2729	0.4174	0.0000
0.0956	0.1660	-3.0000
0.2535	0.4305	-1.0000
0.2329	0.4393	-1.0000
0.0465	-0.4218	-1.0000
-0.3867	0.0442	-2.0000
-0.0239	-0.4179	-1.0000
0.1646	0.4644	0.0000
-0.3727	0.2158	-1.0000
0.1709	-0.2282	-3.0000
0.0797	-0.0340	-3.0000
0.2500	-0.3905	-1.0000
0.2235	-0.4265	0.0000
-0.2424	-0.0304	-3.0000
0.0766	-0.3978	-2.0000
-0.1393	0.0821	-3.0000
-0.2602	0.1715	-2.0000
0.3701	-0.1597	-1.0000
0.1278	-0.1387	-3.0000
-0.0673	-0.4355	0.0000
-0.3762	-0.2397	0.0000
-0.2063	-0.0110	-3.0000
-0.4052	0.1224	-1.0000
-0.2829	-0.3129	0.0000
0.2395	0.4312	-2.0000
0.2476	0.4343	0.0000
-0.2392	-0.0788	-3.0000
-0.1545	-0.3647	-1.0000
0.1913	-0.4581	0.0000
0.2013	0.4518	0.0000
0.1150	-0.4522	0.0000
0.2615	0.4218	-1.0000
0.1015	-0.4685	0.0000
0.2687	-0.0554	-3.0000
0.2388	0.4347	-2.0000
0.2712	-0.3504	-1.0000
-0.1494	0.2421	-3.0000
0.3427	-0.0962	-2.0000
-0.1676	-0.0716	-3.0000
0.2279	0.4435	-1.0000
0.3146	0.0100	-2.0000
0.2232	0.4426	-1.0000
-0.0533	-0.0097	-3.0000
-0.2790	0.1682	-2.0000
0.4050	-0.0010	-1.0000
-0.0519	-0.4190	-1.0000
-0.2836	-0.2559	-2.0000
-0.1914	-0.0088	-3.0000
0.2767	-0.2055	-2.0000
0.3950	-0.0402	-1.0000
0.2448	0.4336	-2.0000
0.2432	-0.2147	-2.0000
-0.3878	-0.0730	-2.0000
-0.2976	-0.2012	-2.0000
0.1988	0.4524	-1.0000
-0.4049	-0.1158	-1.0000
0.2562	-0.1569	-3.0000
0.0920	-0.1843	-3.0000
-0.0706	0.2311	-3.0000
0.4173	-0.1083	0.0000
0.1045	-0.1829	-3.0000
0.2238	0.0910	-3.0000
0.0688	0.0447	-3.0000
-0.3841	0.2453	0.0000
0.2960	-0.3408	-1.0000
0.2141	0.4459	-1.0000
-0.4150	-0.1014	-1.0000
0.2531	0.4303	-1.0000
-0.3575	-0.1847	-1.0000
0.2950	-0.3885	0.0000
0.4222	0.0126	0.0000
-0.1736	0.3495	-1.0000
-0.4430	-0.1135	-1.0000
-0.0829	0.2111	-3.0000
-0.2932	0.2408	-2.0000
0.3884	0.0306	-1.0000
0.4409	0.0280	0.0000
-0.4875	0.0806	0.0000
-0.2918	-0.2640	-1.0000
0.4146	0.0168	-1.0000
0.3186	-0.3179	-1.0000
0.1990	0.4541	0.0000
-0.0850	-0.3612	-2.0000
-0.4162	-0.0315	-2.0000
0.3214	-0.0021	-2.0000
-0.1250	-0.4300	0.0000
-0.3055	0.3287	0.0000
0.2493	0.4334	0.0000
-0.0207	-0.4123	-1.0000
-0.0886	0.0974	-3.0000
0.1903	0.4496	-1.0000
0.0276	0.0267	-3.0000
-0.4344	0.1395	-1.0000
0.3175	-0.0369	-2.0000
-0.2680	-0.0009	-3.0000
0.2102	0.4495	0.0000
0.2108	-0.0862	-3.0000
0.0389	-0.1827	-3.0000
0.2422	-0.2884	-2.0000
0.2539	0.4292	-1.0000
-0.3059	0.2845	-1.0000
0.2574	0.4285	0.0000
-0.2666	-0.3015	-1.0000
-0.3397	0.1642	-2.0000
0.2199	-0.4136	-1.0000
-0.3513	-0.0583	-2.0000
0.3014	0.3902	0.0000
0.2591	0.4265	-1.0000
0.2730	0.4023	-2.0000
-0.2191	-0.3594	0.0000
-0.0067	-0.4329	-1.0000
-0.0547	-0.4096	-1.0000
0.2497	-0.0376	-3.0000
-0.3540	0.1125	-2.0000
0.2514	0.4322	0.0000
0.2146	0.4407	-2.0000
0.2461	0.4341	-1.0000
0.1436	-0.2663	-3.0000
-0.2344	0.2059	-2.0000
-0.2143	0.1269	-3.0000
-0.1616	-0.4080	0.0000
0.2144	0.4429	-2.0000
-0.0935	0.1273	-3.0000
-0.2414	-0.3448	0.0000
0.3717	-0.2325	-1.0000
0.2271	0.4440	0.0000
0.1050	-0.4243	-1.0000
-0.3008	0.3086	0.0000
-0.3403	0.2404	-1.0000
0.1868	-0.1980	-3.0000
0.2296	0.4334	-2.0000
0.2369	0.4293	-2.0000
-0.1186	-0.0267	-3.0000
0.1200	-0.4498	0.0000
0.2988	-0.0367	-3.0000
-0.2773	0.2676	-1.0000
0.0004	-0.4493	0.0000
-0.1386	0.0972	-3.0000
-0.0872	-0.3782	-1.0000
0.0582	-0.4561	0.0000
-0.1044	-0.1538	-3.0000
0.2633	0.4144	-2.0000
0.2651	0.4186	-1.0000
-0.1650	-0.0280	-3.0000
0.3338	0.0448	-2.0000
0.0721	-0.2255	-3.0000
0.2478	0.4341	0.0000
0.2570	-0.2583	-2.0000
-0.2476	-0.1275	-3.0000
-0.3039	-0.0896	-2.0000
0.3857	-0.1233	-1.0000
-0.3555	-0.1630	-2.0000
-0.1412	-0.0645	-3.0000
0.3007	-0.3823	0.0000
0.2879	-0.2524	-2.0000
-0.4859	-0.0640	0.0000
0.2528	0.4313	0.0000
-0.4005	0.1261	-1.0000
-0.4230	-0.0397	-1.0000
-0.3891	0.1744	-1.0000
0.2658	-0.2640	-2.0000
-0.4104	-0.2199	0.0000
-0.0251	-0.4546	0.0000
0.2033	0.4480	-1.0000
0.0319	-0.0618	-3.0000
0.2552	-0.3539	-1.0000
-0.0361	-0.2460	-3.0000
0.2195	0.4346	-2.0000
-0.3123	0.3094	0.0000
-0.3167	-0.2705	-1.0000
0.0846	-0.3664	-2.0000
0.0584	0.1786	-3.0000
-0.2352	0.2479	-2.0000
-0.4103	0.0518	-1.0000
-0.1657	0.3581	-1.0000
0.2602	0.4263	0.0000
-0.1198	-0.2323	-3.0000
0.3416	0.0741	-2.0000
-0.1839	0.3866	0.0000
-0.2685	0.3092	-1.0000
0.2015	-0.3565	-2.0000
-0.4450	-0.0598	-1.0000
0.2154	-0.3022	-2.0000
-0.1967	0.3090	-2.0000
-0.1701	0.2875	-2.0000
0.1444	-0.3289	-2.0000
0.2512	0.4319	-1.0000
0.3122	0.0003	-3.0000
0.1114	-0.2870	-3.0000
0.1353	-0.4631	0.0000
0.2547	0.0370	-3.0000
0.2167	-0.4459	0.0000
-0.2480	0.1712	-2.0000
0.1452	-0.1457	-3.0000
0.2488	0.4331	-1.0000
-0.0038	-0.3058	-2.0000
0.1158	-0.3999	-1.0000
-0.1215	-0.3663	-1.0000
-0.0579	0.0830	-3.0000
-0.3934	-0.1685	-1.0000
-0.2138	0.3786	0.0000
-0.3094	-0.2155	-2.0000
-0.3470	-0.1048	-2.0000
-0.1129	-0.3033	-2.0000
-0.2587	0.3436	0.0000
-0.2169	0.0802	-3.0000
0.1835	-0.2638	-3.0000
-0.2803	0.2989	-1.0000
-0.3033	0.0453	-2.0000
0.3865	-0.2669	0.0000
0.2238	-0.2147	-3.0000
0.1139	-0.0763	-3.0000
0.3323	-0.1943	-2.0000
0.2523	0.4299	-1.0000
0.3109	-0.2170	-2.0000
0.1973	-0.4562	0.0000
0.3104	-0.2271	-2.0000
-0.4104	-0.0239	-2.0000
0.4186	-0.0916	0.0000
-0.4260	-0.0213	-1.0000
-0.1255	-0.0285	-3.0000
-0.0046	0.1882	-3.0000
0.3671	-0.1130	-1.0000
0.2782	0.4085	-1.0000
-0.1500	-0.3694	-1.0000
0.3324	-0.2561	-1.0000
0.1564	-0.1907	-3.0000
0.0836	-0.4719	0.0000
-0.0914	0.2945	-2.0000
0.2628	0.4162	-2.0000
0.2796	0.4130	0.0000
-0.2524	-0.0362	-3.0000
-0.3947	0.0020	-2.0000
-0.2108	0.3006	-2.0000
-0.0018	0.1945	-3.0000
0.3985	-0.1207	-1.0000
0.2506	-0.3161	-2.0000
-0.4914	0.0185	0.0000
0.2081	-0.2809	-2.0000
0.0582	-0.4006	-1.0000
-0.3991	0.0911	-2.0000
-0.4417	0.1432	0.0000
0.0780	-0.0016	-3.0000
0.2730	0.4000	-2.0000
0.1572	-0.3297	-2.0000
-0.2980	0.0800	-2.0000
-0.4064	-0.0326	-2.0000
-0.1200	-0.2461	-3.0000
-0.0432	0.1717	-3.0000
-0.3080	-0.2476	-1.0000
-0.4954	-0.0134	0.0000
-0.1508	0.0935	-3.0000
0.3881	-0.2014	-1.0000
-0.2504	0.2747	-2.0000
0.2856	-0.1694	-2.0000
0.2418	0.4371	-1.0000
-0.4875	-0.0818	0.0000
-0.3024	0.2935	0.0000
-0.3898	-0.2268	0.0000
-0.0108	-0.4202	-1.0000
-0.4617	0.1021	0.0000
-0.0487	0.2615	-3.0000
0.2508	0.4325	0.0000
-0.2130	0.3398	-1.0000
0.2057	0.4521	0.0000
-0.1879	-0.3239	-1.0000
-0.4498	-0.0485	-1.0000
0.2977	-0.3944	0.0000
-0.3956	0.0038	-2.0000
0.2790	-0.3603	-1.0000
-0.1768	0.1577	-3.0000
0.1159	-0.4068	-1.0000
-0.0848	-0.2298	-3.0000
0.0725	-0.3837	-2.0000
-0.2318	-0.2891	-2.0000
-0.4504	-0.1345	0.0000
0.1766	-0.4542	0.0000
0.2102	0.4445	-2.0000
0.2912	0.0842	-3.0000
-0.3921	-0.2245	0.0000
0.0387	-0.4461	0.0000
-0.4390	-0.1835	0.0000
0.2720	0.4067	-2.0000
0.2551	0.4253	-2.0000
-0.0037	0.1675	-3.0000
-0.1038	0.2891	-2.0000
0.3588	0.0066	-2.0000
-0.3366	0.2171	-1.0000
0.1043	-0.3433	-2.0000
-0.0079	-0.1078	-3.0000
0.2451	-0.4019	-1.0000
0.1389	0.1492	-3.0000
-0.3542	-0.0726	-2.0000
0.3778	-0.2904	0.0000
0.4072	-0.1046	-1.0000
0.0718	-0.3453	-2.0000
0.1780	-0.3491	-2.0000
0.3463	-0.0172	-2.0000
0.0173	-0.2427	-3.0000
0.2503	0.4325	-1.0000
-0.1281	-0.3821	-1.0000
-0.2666	0.3440	0.0000
-0.3512	-0.2367	-1.0000
0.2595	0.4109	-2.0000
0.3355	-0.1688	-2.0000
0.2671	0.4202	-1.0000
0.2793	-0.3147	-1.0000
-0.4481	0.0976	-1.0000
0.2477	-0.3783	-1.0000
-0.0862	0.0642	-3.0000
0.3946	-0.2407	0.0000
-0.0073	-0.4262	-1.0000
0.2957	0.0763	-3.0000
0.0604	-0.0511	-3.0000
-0.1035	-0.3955	-1.0000
-0.2693	0.2872	-1.0000
-0.3085	-0.2352	-2.0000
0.3523	-0.1551	-2.0000
0.1562	0.0885	-3.0000
0.3699	0.0542	-2.0000
-0.4000	0.2030	0.0000
0.3104	0.3806	0.0000
0.4450	-0.0104	0.0000
-0.0831	0.2892	-2.0000
0.2787	0.4124	0.0000
0.3082	-0.3734	0.0000
-0.0933	0.0621	-3.0000
0.0058	0.0049	-3.0000
0.0694	-0.2085	-3.0000
0.0053	0.0391	-3.0000
-0.3221	-0.2924	0.0000
-0.4269	-0.0996	-1.0000
0.4079	-0.0529	-1.0000
0.2569	-0.1122	-3.0000
0.1545	0.0818	-3.0000
-0.1476	0.1817	-3.0000
0.0177	-0.3025	-2.0000
-0.4570	-0.0740	-1.0000
-0.2180	0.0352	-3.0000
-0.3175	0.1819	-2.0000
-0.0578	-0.0937	-3.0000
0.2426	0.4367	-1.0000
0.4120	-0.0848	-1.0000
-0.4176	0.1833	0.0000
0.1739	0.0636	-3.0000
0.2854	-0.3536	-1.0000
0.2709	0.4168	-1.0000
-0.1044	0.0170	-3.0000
0.2445	-0.0557	-3.0000
0.2861	-0.0569	-3.0000
0.2088	0.4403	-2.0000
0.2201	0.0721	-3.0000
-0.4726	-0.0014	-1.0000
0.1546	-0.1990	-3.0000
0.2522	0.4311	-1.0000
-0.4587	-0.0851	-1.0000
0.3635	-0.2652	-1.0000
-0.1294	0.2334	-3.0000
0.0493	-0.3010	-3.0000
0.1413	-0.0441	-3.0000
0.2061	0.4524	0.0000
0.2057	-0.2108	-3.0000
-0.2736	0.2458	-2.0000
-0.2812	-0.1760	-2.0000
0.2145	0.4486	0.0000
0.0527	-0.0959	-3.0000
-0.1309	-0.0114	-3.0000
0.2582	0.4262	-1.0000
-0.4232	0.1417	-1.0000
-0.4397	0.1504	0.0000
0.1990	0.0504	-3.0000
0.2578	0.4248	-1.0000
0.4289	-0.0605	0.0000
-0.2070	0.2981	-2.0000
0.1364	-0.3807	-2.0000
0.1492	-0.2819	-3.0000
0.2421	0.4374	0.0000
-0.4727	0.1117	0.0000
0.2836	0.4055	-1.0000
0.3749	-0.2074	-1.0000
0.1985	0.4556	0.0000
0.1173	0.1056	-3.0000
-0.3634	-0.0044	-2.0000
0.2634	0.4110	-2.0000
0.0954	-0.1741	-3.0000
-0.2809	0.2548	-1.0000
-0.1451	-0.0659	-3.0000
-0.4125	0.0407	-1.0000
0.0074	-0.3499	-2.0000
0.0866	0.0898	-3.0000
-0.0629	0.2384	-3.0000
0.4382	0.0092	0.0000
0.2139	0.4414	-2.0000
0.2612	0.4259	0.0000
0.2462	-0.1163	-3.0000
-0.2774	-0.1783	-2.0000
0.2986	-0.0676	-3.0000
-0.4282	-0.2005	0.0000
-0.4436	-0.1601	0.0000
0.0213	-0.4048	-1.0000
0.1719	-0.3522	-2.0000
-0.1394	-0.1814	-3.0000
0.1526	0.1516	-3.0000
-0.0763	0.0464	-3.0000
0.2128	0.4469	-1.0000
0.2159	-0.4412	0.0000
-0.2723	-0.2451	-2.0000
0.2419	0.4354	-1.0000
0.2048	-0.4472	0.0000
0.0983	0.1760	-3.0000
0.3927	-0.2222	0.0000
0.3505	-0.3185	0.0000
-0.2569	0.2609	-2.0000
0.2448	0.4355	-1.0000
-0.0608	-0.4382	0.0000
-0.0767	0.0479	-3.0000
-0.4792	0.0295	0.0000
0.4201	-0.0044	0.0000
0.2538	0.4282	-1.0000
-0.3906	0.1899	-1.0000
-0.3641	0.2713	0.0000
-0.0905	0.2774	-3.0000
-0.0016	-0.3795	-2.0000
0.1069	-0.1721	-3.0000
-0.2210	0.2223	-2.0000
-0.2731	-0.1857	-2.0000
0.0131	-0.3217	-2.0000
0.3356	-0.0637	-2.0000
0.1581	-0.3335	-2.0000
0.1359	0.0345	-3.0000
0.1811	0.0949	-3.0000
-0.4131	0.1772	-1.0000
-0.0388	0.2275	-3.0000
0.2577	0.4170	-2.0000
0.2761	0.4119	-1.0000
-0.4696	0.0587	-1.0000
-0.3335	-0.2245	-1.0000
-0.0714	-0.0814	-3.0000
0.4156	-0.0647	0.0000
-0.1230	-0.2717	-2.0000
-0.4672	-0.1253	0.0000
0.2214	0.4452	-1.0000
-0.4922	0.0610	0.0000
0.3665	-0.0409	-2.0000
0.1591	-0.0349	-3.0000
0.2672	0.4215	0.0000
-0.3762	-0.0401	-2.0000
0.2064	0.4461	-1.0000
-0.1942	0.2077	-3.0000
0.0247	-0.4590	0.0000
0.2450	-0.4355	0.0000
0.0565	-0.4260	-1.0000
-0.3021	0.2565	-1.0000
0.2293	0.4345	-2.0000
-0.3085	-0.1930	-2.0000
0.0185	0.0405	-3.0000
-0.4426	-0.1292	-1.0000
-0.4356	-0.1638	0.0000
0.2168	-0.0005	-3.0000
-0.4780	-0.0630	0.0000
-0.2946	0.0231	-3.0000
0.1313	-0.3670	-2.0000
-0.0707	0.2364	-3.0000
-0.1288	-0.3907	-1.0000
0.2167	0.4489	0.0000
0.2284	0.4432	-1.0000
0.1344	0.1658	-3.0000
0.3049	0.3874	0.0000
-0.3737	-0.0101	-2.0000
0.2708	-0.0849	-3.0000
0.1925	0.1324	-3.0000
0.2221	0.4424	-2.0000
-0.0355	0.2507	-3.0000
-0.2185	0.2910	-2.0000
0.4173	-0.0064	0.0000
-0.2210	0.0499	-3.0000
0.0643	0.0062	-3.0000
-0.4331	-0.0841	-1.0000
0.0462	0.0704	-3.0000
-0.2005	-0.0886	-3.0000
0.2323	-0.2389	-2.0000
0.2276	0.4436	-1.0000
-0.2723	-0.3461	0.0000
0.2553	0.4297	0.0000
0.3104	-0.3798	0.0000
0.1028	-0.4591	0.0000
-0.4855	-0.0402	0.0000
0.2298	-0.4426	0.0000
-0.2621	0.2481	-2.0000
