7.0514e-01	3.0000e-03	7.0906e-01
9.7552e-01	6.3333e-03	2.1981e-01
4.1910e-01	8.3333e-03	9.0790e-01
8.4089e-01	1.1667e-02	5.4109e-01
8.2220e-02	1.3667e-02	9.9652e-01
9.9987e-01	1.5000e-02	5.2160e-03
6.0420e-01	1.7000e-02	7.9665e-01
9.3733e-01	2.0333e-02	3.4786e-01
2.9423e-01	2.2333e-02	9.5547e-01
7.6103e-01	2.5667e-02	6.4821e-01
9.8994e-01	2.9000e-02	1.3846e-01
4.9241e-01	3.1000e-02	8.6981e-01
8.8223e-01	3.4333e-02	4.6957e-01
1.6412e-01	3.6333e-02	9.8577e-01
6.6749e-01	3.9667e-02	7.4356e-01
9.6215e-01	4.3000e-02	2.6909e-01
3.7183e-01	4.5000e-02	9.2721e-01
8.1127e-01	4.8333e-02	5.8268e-01
3.1190e-02	5.0333e-02	9.9825e-01
9.9708e-01	5.1667e-02	5.6198e-02
5.6201e-01	5.3667e-02	8.2539e-01
9.1704e-01	5.7000e-02	3.9471e-01
2.4469e-01	5.9000e-02	9.6780e-01
7.2576e-01	6.2333e-02	6.8512e-01
9.7988e-01	6.5667e-02	1.8850e-01
4.4654e-01	6.7667e-02	8.9220e-01
8.5544e-01	7.1000e-02	5.1301e-01
1.1334e-01	7.3000e-02	9.9087e-01
6.2731e-01	7.6333e-02	7.7502e-01
9.4502e-01	7.9667e-02	3.1715e-01
3.2324e-01	8.1667e-02	9.4279e-01
7.7854e-01	8.5000e-02	6.2181e-01
9.9035e-01	8.8333e-02	1.0676e-01
5.1775e-01	9.0333e-02	8.5075e-01
8.9320e-01	9.3667e-02	4.3980e-01
1.9439e-01	9.5667e-02	9.7625e-01
6.8778e-01	9.9000e-02	7.1914e-01
9.6597e-01	1.0233e-01	2.3755e-01
3.9913e-01	1.0433e-01	9.1094e-01
8.2540e-01	1.0767e-01	5.5419e-01
6.2388e-02	1.0967e-01	9.9201e-01
9.9352e-01	1.1100e-01	2.4574e-02
5.8486e-01	1.1300e-01	8.0323e-01
9.2423e-01	1.1633e-01	3.6367e-01
2.7366e-01	1.1833e-01	9.5452e-01
7.4292e-01	1.2167e-01	6.5823e-01
9.7972e-01	1.2500e-01	1.5657e-01
4.7172e-01	1.2700e-01	8.7255e-01
8.6596e-01	1.3033e-01	4.8282e-01
1.4368e-01	1.3233e-01	9.8074e-01
6.4732e-01	1.3567e-01	7.5004e-01
9.4831e-01	1.3900e-01	2.8528e-01
3.5049e-01	1.4100e-01	9.2589e-01
7.9229e-01	1.4433e-01	5.9282e-01
1.1595e-02	1.4633e-01	9.8917e-01
9.8620e-01	1.4767e-01	7.4913e-02
5.4042e-01	1.4967e-01	8.2797e-01
8.9992e-01	1.5300e-01	4.0834e-01
2.2342e-01	1.5500e-01	9.6232e-01
7.0464e-01	1.5833e-01	6.9168e-01
9.6526e-01	1.6167e-01	2.0529e-01
4.2424e-01	1.6367e-01	8.9064e-01
8.3551e-01	1.6700e-01	5.2349e-01
9.2885e-02	1.6900e-01	9.8123e-01
6.0467e-01	1.7233e-01	7.7761e-01
9.2700e-01	1.7567e-01	3.3137e-01
3.0094e-01	1.7767e-01	9.3695e-01
7.5634e-01	1.8100e-01	6.2864e-01
9.7496e-01	1.8433e-01	1.2439e-01
4.9430e-01	1.8633e-01	8.4909e-01
8.7223e-01	1.8967e-01	4.5083e-01
1.7285e-01	1.9167e-01	9.6612e-01
6.6394e-01	1.9500e-01	7.2191e-01
9.4703e-01	1.9833e-01	2.5259e-01
3.7560e-01	2.0033e-01	9.0487e-01
8.0202e-01	2.0367e-01	5.6150e-01
4.2356e-02	2.0567e-01	9.7771e-01
9.7738e-01	2.0700e-01	4.3271e-02
5.6009e-01	2.0900e-01	8.0163e-01
9.0218e-01	2.1233e-01	3.7549e-01
2.5082e-01	2.1433e-01	9.4401e-01
7.1777e-01	2.1767e-01	6.6139e-01
9.5987e-01	2.2100e-01	1.7267e-01
4.4678e-01	2.2300e-01	8.6641e-01
8.4133e-01	2.2633e-01	4.9085e-01
1.2230e-01	2.2833e-01	9.6587e-01
6.2110e-01	2.3167e-01	7.4871e-01
9.2515e-01	2.3500e-01	2.9812e-01
3.2614e-01	2.3700e-01	9.1513e-01
7.6572e-01	2.4033e-01	5.9659e-01
9.6546e-01	2.4367e-01	9.2316e-02
5.1389e-01	2.4567e-01	8.2193e-01
8.7398e-01	2.4900e-01	4.1732e-01
2.0047e-01	2.5100e-01	9.4700e-01
6.7682e-01	2.5433e-01	6.9082e-01
9.4099e-01	2.5767e-01	2.1941e-01
3.9819e-01	2.5967e-01	8.7978e-01
8.0743e-01	2.6300e-01	5.2811e-01
7.2123e-02	2.6500e-01	9.6155e-01
9.6380e-01	2.6633e-01	1.2212e-02
5.7639e-01	2.6833e-01	7.7186e-01
8.9974e-01	2.7167e-01	3.4156e-01
2.7621e-01	2.7367e-01	9.2131e-01
7.2682e-01	2.7700e-01	6.2849e-01
9.4963e-01	2.8033e-01	1.4004e-01
4.6637e-01	2.8233e-01	8.3832e-01
8.4259e-01	2.8567e-01	4.5656e-01
1.5024e-01	2.8767e-01	9.4587e-01
6.3378e-01	2.9100e-01	7.1669e-01
9.1844e-01	2.9433e-01	2.6426e-01
3.4887e-01	2.9633e-01	8.8909e-01
7.7072e-01	2.9967e-01	5.6231e-01
2.2671e-02	3.0167e-01	9.5314e-01
9.5105e-01	3.0300e-01	6.0718e-02
5.3012e-01	3.0500e-01	7.9117e-01
8.7095e-01	3.0833e-01	3.8259e-01
2.2614e-01	3.1033e-01	9.2334e-01
6.8560e-01	3.1367e-01	6.5694e-01
9.2999e-01	3.1700e-01	1.8610e-01
4.1786e-01	3.1900e-01	8.5067e-01
8.0818e-01	3.2233e-01	4.9289e-01
1.0050e-01	3.2433e-01	9.4059e-01
5.8892e-01	3.2767e-01	7.3879e-01
8.9233e-01	3.3100e-01	3.0689e-01
2.9916e-01	3.3300e-01	8.9421e-01
7.3145e-01	3.3633e-01	5.9318e-01
9.3435e-01	3.3967e-01	1.0778e-01
4.8259e-01	3.4167e-01	8.0646e-01
8.3895e-01	3.4500e-01	4.2088e-01
1.7629e-01	3.4700e-01	9.2115e-01
6.4230e-01	3.5033e-01	6.8170e-01
9.0662e-01	3.5367e-01	2.3013e-01
3.6869e-01	3.5567e-01	8.5882e-01
7.7098e-01	3.5900e-01	5.2603e-01
5.1595e-02	3.6100e-01	9.3114e-01
9.3157e-01	3.6233e-01	2.9991e-02
5.4255e-01	3.6433e-01	7.5691e-01
8.6281e-01	3.6767e-01	3.4695e-01
2.4941e-01	3.6967e-01	8.9506e-01
6.8986e-01	3.7300e-01	6.2046e-01
9.1376e-01	3.7633e-01	1.5303e-01
4.3414e-01	3.7833e-01	8.1755e-01
8.0392e-01	3.8167e-01	4.5612e-01
1.2705e-01	3.8367e-01	9.1469e-01
5.9724e-01	3.8700e-01	7.0252e-01
8.7964e-01	3.9033e-01	2.7179e-01
3.1922e-01	3.9233e-01	8.6265e-01
7.3122e-01	3.9567e-01	5.5567e-01
3.9161e-03	3.9767e-01	9.1752e-01
9.1377e-01	3.9900e-01	7.6266e-02
4.9498e-01	4.0100e-01	7.7084e-01
8.3004e-01	4.0433e-01	3.8412e-01
2.0000e-01	4.0633e-01	8.9157e-01
6.4623e-01	4.0967e-01	6.4387e-01
8.8937e-01	4.1300e-01	1.9609e-01
3.8512e-01	4.1500e-01	8.2429e-01
7.6608e-01	4.1833e-01	4.8797e-01
7.8776e-02	4.2033e-01	9.0394e-01
9.0675e-01	4.2167e-01	5.5326e-04
5.5070e-01	4.2367e-01	7.1919e-01
8.4919e-01	4.2700e-01	3.1071e-01
2.6982e-01	4.2900e-01	8.6207e-01
6.8914e-01	4.3233e-01	5.8153e-01
8.9200e-01	4.3567e-01	1.2057e-01
4.4656e-01	4.3767e-01	7.8041e-01
7.9421e-01	4.4100e-01	4.1803e-01
1.5131e-01	4.4300e-01	8.8366e-01
6.0084e-01	4.4633e-01	6.6315e-01
8.6129e-01	4.4967e-01	2.3661e-01
3.3589e-01	4.5167e-01	8.2654e-01
7.2566e-01	4.5500e-01	5.1614e-01
3.1873e-02	4.5700e-01	8.8890e-01
8.8759e-01	4.5833e-01	4.5926e-02
5.0301e-01	4.6033e-01	7.3149e-01
8.1543e-01	4.6367e-01	3.4653e-01
2.2087e-01	4.6567e-01	8.5696e-01
6.4502e-01	4.6900e-01	6.0331e-01
8.6631e-01	4.7233e-01	1.6252e-01
3.9764e-01	4.7433e-01	7.8543e-01
7.5552e-01	4.7767e-01	4.4836e-01
1.0374e-01	4.7967e-01	8.7130e-01
5.5402e-01	4.8300e-01	6.7807e-01
8.2964e-01	4.8633e-01	2.7419e-01
2.8682e-01	4.8833e-01	8.2417e-01
6.8290e-01	4.9167e-01	5.4029e-01
8.6431e-01	4.9500e-01	8.9150e-02
4.5453e-01	4.9700e-01	7.3918e-01
7.7853e-01	5.0033e-01	3.7889e-01
1.7277e-01	5.0233e-01	8.4724e-01
5.9916e-01	5.0567e-01	6.2073e-01
8.3680e-01	5.0900e-01	2.0170e-01
3.4859e-01	5.1100e-01	7.8573e-01
7.1419e-01	5.1433e-01	4.7476e-01
5.7689e-02	5.1633e-01	8.5444e-01
8.5541e-01	5.1767e-01	1.7216e-02
5.0608e-01	5.1967e-01	6.8835e-01
7.9457e-01	5.2300e-01	3.0843e-01
2.3833e-01	5.2500e-01	8.1705e-01
6.3807e-01	5.2833e-01	5.6011e-01
8.3695e-01	5.3167e-01	1.2981e-01
4.0561e-01	5.3367e-01	7.4208e-01
7.3868e-01	5.3700e-01	4.0741e-01
1.2593e-01	5.3900e-01	8.3284e-01
5.5186e-01	5.4233e-01	6.3350e-01
8.0358e-01	5.4567e-01	2.3771e-01
2.9981e-01	5.4767e-01	7.8114e-01
6.7047e-01	5.5100e-01	4.9686e-01
1.3604e-02	5.5300e-01	8.3307e-01
8.3019e-01	5.5433e-01	5.9217e-02
4.5739e-01	5.5633e-01	6.9375e-01
7.5623e-01	5.5967e-01	3.3895e-01
1.9082e-01	5.6167e-01	8.0506e-01
5.9147e-01	5.6500e-01	5.7527e-01
8.0558e-01	5.6833e-01	1.6746e-01
3.5665e-01	5.7033e-01	7.3995e-01
6.9610e-01	5.7367e-01	4.3169e-01
8.0808e-02	5.7567e-01	8.1368e-01
5.0345e-01	5.7900e-01	6.4132e-01
7.6676e-01	5.8233e-01	2.7011e-01
2.5172e-01	5.8433e-01	7.7149e-01
6.2461e-01	5.8767e-01	5.1431e-01
8.0065e-01	5.9100e-01	9.8407e-02
4.0830e-01	5.9300e-01	6.9400e-01
7.1480e-01	5.9633e-01	3.6530e-01
1.4474e-01	5.9833e-01	7.8806e-01
5.4340e-01	6.0167e-01	5.8541e-01
7.7027e-01	6.0500e-01	2.0165e-01
3.0804e-01	6.0700e-01	7.3257e-01
6.5100e-01	6.1033e-01	4.5132e-01
3.7856e-02	6.1233e-01	7.8969e-01
7.8895e-01	6.1367e-01	3.1287e-02
4.5430e-01	6.1567e-01	6.4387e-01
7.2648e-01	6.1900e-01	2.9844e-01
2.0476e-01	6.2100e-01	7.5659e-01
5.7689e-01	6.2433e-01	5.2669e-01
7.6681e-01	6.2767e-01	1.3430e-01
3.5923e-01	6.2967e-01	6.8882e-01
6.7046e-01	6.3300e-01	3.8703e-01
1.0057e-01	6.3500e-01	7.6594e-01
4.9419e-01	6.3833e-01	5.9017e-01
7.3109e-01	6.4167e-01	2.3188e-01
2.6024e-01	6.4367e-01	7.1970e-01
6.0363e-01	6.4700e-01	4.6585e-01
7.5652e-01	6.5033e-01	6.8823e-02
4.0476e-01	6.5233e-01	6.4080e-01
6.8285e-01	6.5567e-01	3.2220e-01
1.5941e-01	6.5767e-01	7.3625e-01
5.2761e-01	6.6100e-01	5.3358e-01
7.2869e-01	6.6433e-01	1.6637e-01
3.1059e-01	6.6633e-01	6.7789e-01
6.2339e-01	6.6967e-01	4.0365e-01
5.8817e-02	6.7167e-01	7.3852e-01
7.3962e-01	6.7300e-01	5.9641e-03
4.4418e-01	6.7500e-01	5.8913e-01
6.8812e-01	6.7833e-01	2.5761e-01
2.1370e-01	6.8033e-01	7.0106e-01
5.5423e-01	6.8367e-01	4.7480e-01
7.1936e-01	6.8700e-01	1.0270e-01
3.5526e-01	6.8900e-01	6.3172e-01
6.3601e-01	6.9233e-01	3.4084e-01
1.1617e-01	6.9433e-01	7.1022e-01
4.7706e-01	6.9767e-01	5.3449e-01
6.8626e-01	7.0100e-01	1.9404e-01
2.6283e-01	7.0300e-01	6.6084e-01
5.7377e-01	7.0633e-01	4.1458e-01
2.0036e-02	7.0833e-01	7.0559e-01
7.0331e-01	7.0967e-01	4.1649e-02
3.9373e-01	7.1167e-01	5.8181e-01
6.4138e-01	7.1500e-01	2.7823e-01
1.6894e-01	7.1700e-01	6.7629e-01
5.0303e-01	7.2033e-01	4.7758e-01
6.7735e-01	7.2367e-01	1.3230e-01
3.0619e-01	7.2567e-01	6.1616e-01
5.8604e-01	7.2900e-01	3.5372e-01
7.5620e-02	7.3100e-01	6.7817e-01
4.2555e-01	7.3433e-01	5.2883e-01
6.3947e-01	7.3767e-01	2.1664e-01
2.1645e-01	7.3967e-01	6.3722e-01
5.2177e-01	7.4300e-01	4.1917e-01
6.6153e-01	7.4633e-01	7.3221e-02
3.4323e-01	7.4833e-01	5.6762e-01
5.9087e-01	7.5167e-01	2.9303e-01
1.2652e-01	7.5367e-01	6.4496e-01
4.5027e-01	7.5700e-01	4.7350e-01
6.3030e-01	7.6033e-01	1.5691e-01
2.5804e-01	7.6233e-01	5.9352e-01
5.3301e-01	7.6567e-01	3.6008e-01
3.8403e-02	7.6767e-01	6.3970e-01
6.3901e-01	7.6900e-01	1.7626e-02
3.7339e-01	7.7100e-01	5.1588e-01
5.8817e-01	7.7433e-01	2.3337e-01
1.7199e-01	7.7633e-01	6.0640e-01
4.6751e-01	7.7967e-01	4.1660e-01
6.1395e-01	7.8300e-01	9.9911e-02
2.9306e-01	7.8500e-01	5.4579e-01
5.3651e-01	7.8833e-01	3.0114e-01
8.7084e-02	7.9033e-01	6.0646e-01
3.9616e-01	7.9367e-01	4.6168e-01
5.7788e-01	7.9700e-01	1.7564e-01
2.1128e-01	7.9900e-01	5.6299e-01
4.7689e-01	8.0233e-01	3.5894e-01
5.2730e-03	8.0433e-01	5.9415e-01
5.9054e-01	8.0567e-01	4.6549e-02
3.2088e-01	8.0767e-01	4.9468e-01
5.3208e-01	8.1100e-01	2.4326e-01
1.3007e-01	8.1300e-01	5.6755e-01
4.1103e-01	8.1633e-01	4.0577e-01
5.5997e-01	8.1967e-01	1.2076e-01
2.4364e-01	8.2167e-01	5.1527e-01
4.7804e-01	8.2500e-01	3.0141e-01
5.1389e-02	8.2700e-01	5.5985e-01
3.4083e-01	8.3033e-01	4.4089e-01
5.1951e-01	8.3367e-01	1.8737e-01
1.6647e-01	8.3567e-01	5.2340e-01
4.1747e-01	8.3900e-01	3.4900e-01
5.3443e-01	8.4233e-01	6.9733e-02
2.6825e-01	8.4433e-01	4.6383e-01
4.7060e-01	8.4767e-01	2.4494e-01
9.1392e-02	8.4967e-01	5.1934e-01
3.5221e-01	8.5300e-01	3.8515e-01
4.9860e-01	8.5633e-01	1.3451e-01
1.9536e-01	8.5833e-01	4.7445e-01
4.1489e-01	8.6167e-01	2.9223e-01
2.0383e-02	8.6367e-01	5.0365e-01
5.0122e-01	8.6500e-01	2.3620e-02
2.8424e-01	8.6700e-01	4.0929e-01
4.5412e-01	8.7033e-01	1.9052e-01
1.2420e-01	8.7233e-01	4.7287e-01
3.5420e-01	8.7567e-01	3.2825e-01
4.6905e-01	8.7900e-01	8.5757e-02
2.1564e-01	8.8100e-01	4.2112e-01
4.0257e-01	8.8433e-01	2.3641e-01
5.6860e-02	8.8633e-01	4.5954e-01
2.9053e-01	8.8967e-01	3.5226e-01
4.2797e-01	8.9300e-01	1.3926e-01
1.4855e-01	8.9500e-01	4.2060e-01
3.4578e-01	8.9833e-01	2.7099e-01
4.3035e-01	9.0167e-01	4.2386e-02
2.2599e-01	9.0367e-01	3.6375e-01
3.7951e-01	9.0700e-01	1.8254e-01
8.5159e-02	9.0900e-01	4.0800e-01
2.8571e-01	9.1233e-01	2.9329e-01
3.9118e-01	9.1567e-01	9.2385e-02
1.6281e-01	9.1767e-01	3.6246e-01
3.2541e-01	9.2100e-01	2.1416e-01
2.7690e-02	9.2300e-01	3.8380e-01
3.8154e-01	9.2433e-01	5.9208e-03
2.2454e-01	9.2633e-01	3.0247e-01
3.4405e-01	9.2967e-01	1.3173e-01
1.0334e-01	9.3167e-01	3.4831e-01
2.6760e-01	9.3500e-01	2.3273e-01
3.4189e-01	9.3833e-01	5.1413e-02
1.6457e-01	9.4033e-01	2.9781e-01
2.9048e-01	9.4367e-01	1.5847e-01
5.0092e-02	9.4567e-01	3.2126e-01
2.0818e-01	9.4900e-01	2.3677e-01
2.9292e-01	9.5233e-01	8.5186e-02
1.0833e-01	9.5433e-01	2.7841e-01
2.3208e-01	9.5767e-01	1.7034e-01
5.8851e-03	9.5967e-01	2.8108e-01
2.7594e-01	9.6100e-01	1.8405e-02
1.4938e-01	9.6300e-01	2.2432e-01
2.3527e-01	9.6633e-01	1.0415e-01
5.8700e-02	9.6833e-01	2.4266e-01
1.7019e-01	9.7167e-01	1.6401e-01
2.1776e-01	9.7500e-01	4.4221e-02
9.3470e-02	9.7700e-01	1.9166e-01
1.6819e-01	9.8033e-01	1.0324e-01
1.9352e-02	9.8233e-01	1.8614e-01
4.9719e-03	9.8567e-01	1.6863e-01
1.6045e-01	9.8700e-01	9.3265e-03
8.3034e-02	9.8900e-01	1.2241e-01
1.1344e-01	9.9233e-01	4.9062e-02
2.5876e-02	9.9433e-01	1.0311e-01
4.9564e-02	9.9767e-01	4.6954e-02
