9.9287e-01	3.3333e-04	1.1922e-01
5.0948e-01	2.3333e-03	8.6048e-01
8.9171e-01	5.6667e-03	4.5257e-01
1.8338e-01	7.6667e-03	9.8301e-01
6.8232e-01	1.1000e-02	7.3097e-01
9.6800e-01	1.4333e-02	2.5053e-01
3.9014e-01	1.6333e-02	9.2061e-01
8.2325e-01	1.9667e-02	5.6734e-01
5.0654e-02	2.1667e-02	9.9848e-01
9.9906e-01	2.3000e-02	3.6831e-02
5.7861e-01	2.5000e-02	8.1522e-01
9.2567e-01	2.8333e-02	3.7726e-01
2.6381e-01	3.0333e-02	9.6410e-01
7.3997e-01	3.3667e-02	6.7180e-01
9.8481e-01	3.7000e-02	1.6965e-01
4.6452e-01	3.9000e-02	8.8470e-01
8.6667e-01	4.2333e-02	4.9708e-01
1.3282e-01	4.4333e-02	9.9015e-01
6.4341e-01	4.7667e-02	7.6404e-01
9.5280e-01	5.1000e-02	2.9927e-01
3.4218e-01	5.3000e-02	9.3814e-01
7.9210e-01	5.6333e-02	6.0779e-01
9.9436e-01	5.9667e-02	8.7666e-02
5.3537e-01	6.1667e-02	8.4236e-01
9.0365e-01	6.5000e-02	4.2331e-01
2.1385e-01	6.7000e-02	9.7457e-01
7.0335e-01	7.0333e-02	7.0735e-01
9.7288e-01	7.3667e-02	2.1927e-01
4.1786e-01	7.5667e-02	9.0536e-01
8.3828e-01	7.9000e-02	5.3948e-01
8.1898e-02	8.1000e-02	9.9334e-01
9.9659e-01	8.2333e-02	5.2585e-03
6.0209e-01	8.4333e-02	7.9396e-01
9.3389e-01	8.7667e-02	3.4665e-01
2.9306e-01	8.9667e-02	9.5188e-01
7.5794e-01	9.3000e-02	6.4566e-01
9.8575e-01	9.6333e-02	1.3793e-01
4.9021e-01	9.8333e-02	8.6604e-01
8.7815e-01	1.0167e-01	4.6746e-01
1.6329e-01	1.0367e-01	9.8112e-01
6.6413e-01	1.0700e-01	7.3992e-01
9.5715e-01	1.1033e-01	2.6775e-01
3.6979e-01	1.1233e-01	9.2230e-01
8.0673e-01	1.1567e-01	5.7949e-01
3.0953e-02	1.1767e-01	9.9257e-01
9.9132e-01	1.1900e-01	5.5932e-02
5.5863e-01	1.2100e-01	8.2054e-01
9.1138e-01	1.2433e-01	3.9234e-01
2.4309e-01	1.2633e-01	9.6174e-01
7.2099e-01	1.2967e-01	6.8070e-01
9.7326e-01	1.3300e-01	1.8729e-01
4.4342e-01	1.3500e-01	8.8609e-01
8.4933e-01	1.3833e-01	5.0941e-01
1.1246e-01	1.4033e-01	9.8370e-01
6.2257e-01	1.4367e-01	7.6926e-01
9.3772e-01	1.4700e-01	3.1476e-01
3.2065e-01	1.4900e-01	9.3541e-01
7.7221e-01	1.5233e-01	6.1683e-01
9.8211e-01	1.5567e-01	1.0593e-01
5.1332e-01	1.5767e-01	8.4359e-01
8.8541e-01	1.6100e-01	4.3603e-01
1.9262e-01	1.6300e-01	9.6764e-01
6.8150e-01	1.6633e-01	7.1267e-01
9.5697e-01	1.6967e-01	2.3540e-01
3.9531e-01	1.7167e-01	9.0236e-01
8.1738e-01	1.7500e-01	5.4887e-01
6.1717e-02	1.7700e-01	9.8227e-01
9.8367e-01	1.7833e-01	2.4390e-02
5.7893e-01	1.8033e-01	7.9518e-01
9.1470e-01	1.8367e-01	3.5999e-01
2.7075e-01	1.8567e-01	9.4458e-01
7.3495e-01	1.8900e-01	6.5125e-01
9.6902e-01	1.9233e-01	1.5492e-01
4.6646e-01	1.9433e-01	8.6293e-01
8.5615e-01	1.9767e-01	4.7742e-01
1.4198e-01	1.9967e-01	9.6952e-01
6.3972e-01	2.0300e-01	7.4132e-01
9.3698e-01	2.0633e-01	2.8194e-01
3.4620e-01	2.0833e-01	9.1474e-01
7.8250e-01	2.1167e-01	5.8557e-01
1.1392e-02	2.1367e-01	9.7684e-01
9.7380e-01	2.1500e-01	7.4030e-02
5.3351e-01	2.1700e-01	8.1748e-01
8.8824e-01	2.2033e-01	4.0310e-01
2.2044e-01	2.2233e-01	9.4972e-01
6.9519e-01	2.2567e-01	6.8248e-01
9.5212e-01	2.2900e-01	2.0256e-01
4.1835e-01	2.3100e-01	8.7842e-01
8.2378e-01	2.3433e-01	5.1621e-01
9.1513e-02	2.3633e-01	9.6735e-01
5.9592e-01	2.3967e-01	7.6645e-01
9.1340e-01	2.4300e-01	3.2657e-01
2.9643e-01	2.4500e-01	9.2309e-01
7.4491e-01	2.4833e-01	6.1922e-01
9.6002e-01	2.5167e-01	1.2255e-01
4.8660e-01	2.5367e-01	8.3599e-01
8.5849e-01	2.5700e-01	4.4379e-01
1.7005e-01	2.5900e-01	9.5079e-01
6.5319e-01	2.6233e-01	7.1030e-01
9.3149e-01	2.6567e-01	2.4850e-01
3.6933e-01	2.6767e-01	8.8992e-01
7.8850e-01	2.7100e-01	5.5211e-01
4.1579e-02	2.7300e-01	9.6112e-01
9.6069e-01	2.7433e-01	4.2589e-02
5.5039e-01	2.7633e-01	7.8785e-01
8.8637e-01	2.7967e-01	3.6897e-01
2.4634e-01	2.8167e-01	9.2735e-01
7.0486e-01	2.8500e-01	6.4957e-01
9.4239e-01	2.8833e-01	1.6959e-01
4.3853e-01	2.9033e-01	8.5053e-01
8.2563e-01	2.9367e-01	4.8176e-01
1.1995e-01	2.9567e-01	9.4773e-01
6.0922e-01	2.9900e-01	7.3447e-01
9.0724e-01	3.0233e-01	2.9241e-01
3.1973e-01	3.0433e-01	8.9730e-01
7.5054e-01	3.0767e-01	5.8484e-01
9.4609e-01	3.1100e-01	9.0521e-02
5.0345e-01	3.1300e-01	8.0534e-01
8.5604e-01	3.1633e-01	4.0881e-01
1.9627e-01	3.1833e-01	9.2744e-01
6.6260e-01	3.2167e-01	6.7638e-01
9.2100e-01	3.2500e-01	2.1480e-01
3.8962e-01	3.2700e-01	8.6097e-01
7.8988e-01	3.3033e-01	5.1670e-01
7.0490e-02	3.3233e-01	9.4052e-01
9.4261e-01	3.3367e-01	1.2000e-02
5.6358e-01	3.3567e-01	7.5479e-01
8.7952e-01	3.3900e-01	3.3395e-01
2.6990e-01	3.4100e-01	9.0048e-01
7.1013e-01	3.4433e-01	6.1413e-01
9.2758e-01	3.4767e-01	1.3685e-01
4.5541e-01	3.4967e-01	8.1874e-01
8.2260e-01	3.5300e-01	4.4579e-01
1.4660e-01	3.5500e-01	9.2330e-01
6.1841e-01	3.5833e-01	6.9940e-01
8.9594e-01	3.6167e-01	2.5785e-01
3.4022e-01	3.6367e-01	8.6718e-01
7.5144e-01	3.6700e-01	5.4831e-01
2.2045e-02	3.6900e-01	9.2917e-01
9.2701e-01	3.7033e-01	5.9238e-02
5.1657e-01	3.7233e-01	7.7105e-01
8.4847e-01	3.7567e-01	3.7278e-01
2.2021e-01	3.7767e-01	8.9937e-01
6.6754e-01	3.8100e-01	6.3971e-01
9.0524e-01	3.8433e-01	1.8120e-01
4.0661e-01	3.8633e-01	8.2790e-01
7.8624e-01	3.8967e-01	4.7957e-01
9.7697e-02	3.9167e-01	9.1491e-01
5.7260e-01	3.9500e-01	7.1840e-01
8.6736e-01	3.9833e-01	2.9836e-01
2.9068e-01	4.0033e-01	8.6904e-01
7.1057e-01	4.0367e-01	5.7632e-01
9.0741e-01	4.0700e-01	1.0472e-01
4.6853e-01	4.0900e-01	7.8307e-01
8.1428e-01	4.1233e-01	4.0857e-01
1.7103e-01	4.1433e-01	8.9391e-01
6.2305e-01	4.1767e-01	6.6134e-01
8.7917e-01	4.2100e-01	2.2322e-01
3.5740e-01	4.2300e-01	8.3267e-01
7.4718e-01	4.2633e-01	5.0986e-01
4.9940e-02	4.2833e-01	9.0224e-01
9.0252e-01	4.2967e-01	2.9110e-02
5.2547e-01	4.3167e-01	7.3318e-01
8.3540e-01	4.3500e-01	3.3599e-01
2.4139e-01	4.3700e-01	8.6647e-01
6.6752e-01	4.4033e-01	6.0044e-01
8.8387e-01	4.4367e-01	1.4808e-01
4.1981e-01	4.4567e-01	7.9066e-01
7.7713e-01	4.4900e-01	4.4098e-01
1.2274e-01	4.5100e-01	8.8404e-01
5.7696e-01	4.5433e-01	6.7875e-01
8.4948e-01	4.5767e-01	2.6253e-01
3.0816e-01	4.5967e-01	8.3291e-01
7.0568e-01	4.6300e-01	5.3633e-01
3.7257e-03	4.6500e-01	8.8530e-01
8.8154e-01	4.6633e-01	7.3628e-02
4.7736e-01	4.6833e-01	7.4350e-01
8.0022e-01	4.7167e-01	3.7037e-01
1.9272e-01	4.7367e-01	8.5936e-01
6.2258e-01	4.7700e-01	6.2038e-01
8.5650e-01	4.8033e-01	1.8890e-01
3.7075e-01	4.8233e-01	7.9366e-01
7.3725e-01	4.8567e-01	4.6967e-01
7.5743e-02	4.8767e-01	8.6974e-01
8.7228e-01	4.8900e-01	5.8440e-04
5.2958e-01	4.9100e-01	6.9171e-01
8.1633e-01	4.9433e-01	2.9874e-01
2.5926e-01	4.9633e-01	8.2851e-01
6.6198e-01	4.9967e-01	5.5868e-01
8.5649e-01	5.0300e-01	1.1582e-01
4.2862e-01	5.0500e-01	7.4917e-01
7.6202e-01	5.0833e-01	4.0115e-01
1.4509e-01	5.1033e-01	8.4765e-01
5.7604e-01	5.1367e-01	6.3586e-01
8.2539e-01	5.1700e-01	2.2680e-01
3.2176e-01	5.1900e-01	7.9190e-01
6.9486e-01	5.2233e-01	4.9430e-01
3.0462e-02	5.2433e-01	8.5097e-01
8.4955e-01	5.2567e-01	4.4009e-02
4.8127e-01	5.2767e-01	6.9996e-01
7.7985e-01	5.3100e-01	3.3147e-01
2.1112e-01	5.3300e-01	8.1935e-01
6.1637e-01	5.3633e-01	5.7658e-01
8.2744e-01	5.3967e-01	1.5528e-01
3.7964e-01	5.4167e-01	7.4998e-01
7.2100e-01	5.4500e-01	4.2794e-01
9.8919e-02	5.4700e-01	8.3127e-01
5.2824e-01	5.5033e-01	6.4660e-01
7.9066e-01	5.5367e-01	2.6136e-01
2.7322e-01	5.5567e-01	7.8523e-01
6.5023e-01	5.5900e-01	5.1451e-01
8.2254e-01	5.6233e-01	8.4892e-02
4.3238e-01	5.6433e-01	7.0326e-01
7.4023e-01	5.6767e-01	3.6031e-01
1.6417e-01	5.6967e-01	8.0531e-01
5.6914e-01	5.7300e-01	5.8970e-01
7.9445e-01	5.7633e-01	1.9154e-01
3.3079e-01	5.7833e-01	7.4573e-01
6.7738e-01	5.8167e-01	4.5035e-01
5.4650e-02	5.8367e-01	8.1015e-01
8.1087e-01	5.8500e-01	1.6368e-02
4.7952e-01	5.8700e-01	6.5230e-01
7.5244e-01	5.9033e-01	2.9213e-01
2.2557e-01	5.9233e-01	7.7347e-01
6.0362e-01	5.9567e-01	5.2993e-01
7.9128e-01	5.9900e-01	1.2277e-01
3.8330e-01	6.0100e-01	7.0134e-01
6.9763e-01	6.0433e-01	3.8482e-01
1.1885e-01	6.0633e-01	7.8628e-01
5.2062e-01	6.0967e-01	5.9772e-01
7.5762e-01	6.1300e-01	2.2416e-01
2.8251e-01	6.1500e-01	7.3618e-01
6.3140e-01	6.1833e-01	4.6797e-01
1.2759e-02	6.2033e-01	7.8423e-01
7.8129e-01	6.2167e-01	5.5777e-02
4.3023e-01	6.2367e-01	6.5264e-01
7.1086e-01	6.2700e-01	3.1866e-01
1.7925e-01	6.2900e-01	7.5646e-01
5.5532e-01	6.3233e-01	5.4017e-01
7.5580e-01	6.3567e-01	1.5716e-01
3.3442e-01	6.3767e-01	6.9393e-01
6.5227e-01	6.4100e-01	4.0456e-01
7.5642e-02	6.4300e-01	7.6212e-01
4.7114e-01	6.4633e-01	6.0023e-01
7.1701e-01	6.4967e-01	2.5263e-01
2.3524e-01	6.5167e-01	7.2111e-01
5.8330e-01	6.5500e-01	4.8035e-01
7.4710e-01	6.5833e-01	9.1871e-02
3.8077e-01	6.6033e-01	6.4728e-01
6.6607e-01	6.6367e-01	3.4044e-01
1.3477e-01	6.6567e-01	7.3398e-01
5.0562e-01	6.6900e-01	5.4478e-01
7.1611e-01	6.7233e-01	1.8751e-01
2.8619e-01	6.7433e-01	6.8071e-01
6.0432e-01	6.7767e-01	4.1901e-01
3.5079e-02	6.7967e-01	7.3268e-01
7.3171e-01	6.8100e-01	2.9061e-02
4.2106e-01	6.8300e-01	5.9684e-01
6.7272e-01	6.8633e-01	2.7640e-01
1.8946e-01	6.8833e-01	7.0022e-01
5.3334e-01	6.9167e-01	4.8698e-01
7.0822e-01	6.9500e-01	1.2408e-01
3.3154e-01	6.9700e-01	6.3582e-01
6.1819e-01	7.0033e-01	3.5690e-01
9.2633e-02	7.0233e-01	7.0580e-01
4.5486e-01	7.0567e-01	5.4327e-01
6.7220e-01	7.0900e-01	2.1324e-01
2.3908e-01	7.1100e-01	6.6130e-01
5.5398e-01	7.1433e-01	4.2759e-01
6.9352e-01	7.1767e-01	6.3133e-02
3.7076e-01	7.1967e-01	5.8704e-01
6.2477e-01	7.2300e-01	2.9484e-01
1.4570e-01	7.2500e-01	6.7316e-01
4.8176e-01	7.2833e-01	4.8727e-01
6.6455e-01	7.3167e-01	1.5177e-01
2.8300e-01	7.3367e-01	6.1777e-01
5.6732e-01	7.3700e-01	3.6739e-01
5.3446e-02	7.3900e-01	6.7158e-01
6.7222e-01	7.4033e-01	5.4608e-03
4.0334e-01	7.4233e-01	5.3503e-01
6.2401e-01	7.4567e-01	2.3365e-01
1.9359e-01	7.4767e-01	6.3523e-01
5.0143e-01	7.5100e-01	4.2962e-01
6.4990e-01	7.5433e-01	9.2824e-02
3.2063e-01	7.5633e-01	5.7023e-01
5.7317e-01	7.5967e-01	3.0721e-01
1.0456e-01	7.6167e-01	6.3948e-01
4.2883e-01	7.6500e-01	4.8050e-01
6.1589e-01	7.6833e-01	1.7418e-01
2.3561e-01	7.7033e-01	5.9251e-01
5.1354e-01	7.7367e-01	3.7111e-01
1.7877e-02	7.7567e-01	6.3089e-01
6.2840e-01	7.7700e-01	3.7251e-02
3.5139e-01	7.7900e-01	5.1931e-01
5.7140e-01	7.8233e-01	2.4791e-01
1.5031e-01	7.8433e-01	6.0185e-01
4.4678e-01	7.8767e-01	4.2423e-01
6.0046e-01	7.9100e-01	1.1732e-01
2.7108e-01	7.9300e-01	5.4559e-01
5.1782e-01	7.9633e-01	3.1259e-01
6.6701e-02	7.9833e-01	5.9851e-01
3.7473e-01	8.0167e-01	4.6573e-01
5.6189e-01	8.0500e-01	1.9039e-01
1.8991e-01	8.0700e-01	5.5918e-01
4.5679e-01	8.1033e-01	3.6702e-01
5.7780e-01	8.1367e-01	6.3988e-02
2.9932e-01	8.1567e-01	4.9507e-01
5.1404e-01	8.1900e-01	2.5496e-01
1.0987e-01	8.2100e-01	5.6026e-01
3.9008e-01	8.2433e-01	4.1025e-01
5.4459e-01	8.2767e-01	1.3561e-01
2.2255e-01	8.2967e-01	5.1198e-01
4.5844e-01	8.3300e-01	3.0974e-01
3.2941e-02	8.3500e-01	5.4926e-01
5.4801e-01	8.3633e-01	1.5149e-02
3.1961e-01	8.3833e-01	4.4164e-01
5.0192e-01	8.4167e-01	1.9919e-01
1.4646e-01	8.4367e-01	5.1650e-01
3.9686e-01	8.4700e-01	3.5368e-01
5.1941e-01	8.5033e-01	8.4558e-02
2.4739e-01	8.5233e-01	4.6079e-01
4.5128e-01	8.5567e-01	2.5334e-01
7.3057e-02	8.5767e-01	5.0899e-01
3.3118e-01	8.6100e-01	3.8600e-01
4.8118e-01	8.6433e-01	1.4628e-01
1.7547e-01	8.6633e-01	4.6763e-01
3.9438e-01	8.6967e-01	2.9688e-01
4.3201e-03	8.7167e-01	4.9008e-01
4.8621e-01	8.7300e-01	3.8355e-02
2.6343e-01	8.7500e-01	4.0617e-01
4.3475e-01	8.7833e-01	1.9879e-01
1.0593e-01	8.8033e-01	4.6238e-01
3.3311e-01	8.8367e-01	3.2889e-01
4.5139e-01	8.8700e-01	9.7375e-02
1.9571e-01	8.8900e-01	4.1398e-01
3.8180e-01	8.9233e-01	2.4077e-01
4.0869e-02	8.9433e-01	4.4553e-01
2.6950e-01	8.9767e-01	3.4866e-01
4.0808e-01	9.0100e-01	1.4721e-01
1.3020e-01	9.0300e-01	4.0944e-01
3.2418e-01	9.0633e-01	2.7105e-01
4.1184e-01	9.0967e-01	5.3763e-02
2.0571e-01	9.1167e-01	3.5574e-01
3.5787e-01	9.1500e-01	1.8629e-01
6.9109e-02	9.1700e-01	3.9285e-01
2.6394e-01	9.2033e-01	2.8866e-01
3.6997e-01	9.2367e-01	9.9828e-02
1.4403e-01	9.2567e-01	3.4985e-01
3.0255e-01	9.2900e-01	2.1313e-01
1.4738e-02	9.3100e-01	3.6472e-01
3.6120e-01	9.3233e-01	1.7043e-02
2.0328e-01	9.3433e-01	2.9275e-01
3.2047e-01	9.3767e-01	1.3447e-01
8.6884e-02	9.3967e-01	3.3087e-01
2.4408e-01	9.4300e-01	2.2622e-01
3.1792e-01	9.4633e-01	5.8146e-02
1.4459e-01	9.4833e-01	2.8241e-01
2.6483e-01	9.5167e-01	1.5554e-01
3.6927e-02	9.5367e-01	2.9859e-01
1.8456e-01	9.5700e-01	2.2380e-01
2.6516e-01	9.6033e-01	8.6298e-02
9.0525e-02	9.6233e-01	2.5636e-01
2.0446e-01	9.6567e-01	1.6026e-01
2.4587e-01	9.6900e-01	2.4231e-02
1.2616e-01	9.7100e-01	2.0309e-01
2.0286e-01	9.7433e-01	9.7588e-02
4.4175e-02	9.7633e-01	2.1171e-01
1.3999e-01	9.7967e-01	1.4372e-01
1.7869e-01	9.8300e-01	4.2212e-02
7.0693e-02	9.8500e-01	1.5741e-01
1.2722e-01	9.8833e-01	8.3739e-02
9.9729e-03	9.9033e-01	1.3835e-01
1.2881e-01	9.9167e-01	2.0067e-03
6.6972e-02	9.9367e-01	9.0229e-02
7.2283e-02	9.9700e-01	2.7681e-02
1.2715e-02	9.9900e-01	4.2864e-02
