0.9343	-0.1030	0.0000
0.0763	-0.7445	0.0000
0.6630	-0.3876	0.0000
-0.3154	-0.8462	0.0000
0.3105	-0.6246	0.0000
0.8365	-0.2048	0.0000
-0.0808	-0.7846	0.0000
0.5297	-0.4751	0.0000
-0.4635	-0.8475	0.0000
0.9705	-0.0118	0.0000
0.1571	-0.6856	0.0000
0.7235	-0.3026	0.0000
-0.2365	-0.8102	0.0000
0.3867	-0.5536	0.0000
0.8826	-0.1149	0.0000
0.0006	-0.7338	0.0000
0.5972	-0.3945	0.0000
-0.3882	-0.8206	0.0000
0.2364	-0.6215	0.0000
0.7785	-0.2153	0.0000
-0.1561	-0.7680	0.0000
0.4598	-0.4784	-1.0000
0.9219	-0.0241	0.0000
0.0817	-0.6773	0.0000
0.6600	-0.3108	0.0000
-0.3103	-0.7875	0.0000
0.3137	-0.5527	-1.0000
0.8274	-0.1262	0.0000
-0.0750	-0.7199	0.0000
0.5291	-0.3995	-1.0000
-0.4593	-0.7916	0.0000
0.9541	0.0671	0.0000
0.1616	-0.6157	-1.0000
0.7174	-0.2246	0.0000
-0.2307	-0.7481	0.0000
0.3881	-0.4795	-1.0000
0.8697	-0.0360	0.0000
0.0061	-0.6661	-1.0000
0.5939	-0.3173	-1.0000
-0.3827	-0.7613	0.0000
0.2396	-0.5491	-1.0000
0.7690	-0.1365	0.0000
-0.1501	-0.7028	-1.0000
0.4590	-0.4024	-1.0000
-0.5284	-0.7591	0.0000
0.9051	0.0549	0.0000
0.0863	-0.6070	-1.0000
0.6535	-0.2325	-1.0000
-0.3042	-0.7249	0.0000
0.3151	-0.4781	-1.0000
0.8141	-0.0470	0.0000
-0.0694	-0.6517	-1.0000
0.5255	-0.3219	-1.0000
-0.4534	-0.7318	0.0000
0.1648	-0.5428	-1.0000
0.7075	-0.1455	-1.0000
-0.2244	-0.6824	-1.0000
0.3872	-0.4030	-1.0000
0.8524	0.0433	0.0000
0.0108	-0.5952	-1.0000
0.5872	-0.2386	-1.0000
-0.3762	-0.6982	0.0000
0.2410	-0.4740	-2.0000
0.7553	-0.0569	-1.0000
-0.1442	-0.6340	-1.0000
0.4553	-0.3244	-1.0000
-0.5221	-0.6988	0.0000
0.8835	0.1337	0.0000
0.0896	-0.5335	-2.0000
0.6434	-0.1529	-1.0000
-0.2975	-0.6585	-1.0000
0.3142	-0.4011	-2.0000
0.7964	0.0326	-1.0000
-0.0643	-0.5802	-1.0000
0.5187	-0.2427	-1.0000
-0.4464	-0.6680	-1.0000
0.1664	-0.4671	-2.0000
0.6935	-0.0655	-1.0000
-0.2181	-0.6130	-1.0000
0.3835	-0.3244	-2.0000
-0.5883	-0.6622	0.0000
0.8303	0.1224	0.0000
0.0145	-0.5211	-2.0000
0.5768	-0.1585	-1.0000
-0.3690	-0.6312	-1.0000
0.2402	-0.3964	-2.0000
0.7372	0.0230	-1.0000
-0.1388	-0.5618	-2.0000
0.4484	-0.2446	-2.0000
-0.5144	-0.6344	0.0000
0.0914	-0.4571	-2.0000
0.6291	-0.0725	-2.0000
-0.2906	-0.5884	-1.0000
0.3105	-0.3218	-2.0000
0.7738	0.1121	-1.0000
-0.0603	-0.5053	-2.0000
0.5082	-0.1621	-2.0000
-0.4385	-0.6003	-1.0000
0.1657	-0.3887	-2.0000
0.6750	0.0149	-1.0000
-0.2121	-0.5400	-2.0000
0.3766	-0.2439	-2.0000
-0.5798	-0.5972	0.0000
0.8032	0.2011	0.0000
0.0166	-0.4439	-2.0000
0.5623	-0.0775	-2.0000
-0.3615	-0.5603	-1.0000
0.2367	-0.3164	-2.0000
0.7142	0.1031	-1.0000
-0.1342	-0.4862	-2.0000
0.4378	-0.1632	-2.0000
-0.5057	-0.5659	-1.0000
0.0911	-0.3779	-2.0000
0.6103	0.0086	-2.0000
-0.2840	-0.5146	-2.0000
0.3037	-0.2405	-2.0000
0.7462	0.1914	-1.0000
-0.0577	-0.4273	-2.0000
0.4936	-0.0803	-2.0000
-0.4302	-0.5286	-1.0000
0.1625	-0.3078	-3.0000
0.6517	0.0956	-1.0000
-0.2070	-0.4634	-2.0000
0.3660	-0.1617	-2.0000
-0.5701	-0.5278	0.0000
0.7707	0.2792	0.0000
0.0167	-0.3637	-2.0000
0.5433	0.0044	-2.0000
-0.3540	-0.4856	-1.0000
0.2301	-0.2342	-3.0000
0.6860	0.1829	-1.0000
-0.1310	-0.4071	-2.0000
0.4231	-0.0805	-2.0000
-0.4964	-0.4932	-1.0000
0.0882	-0.2960	-3.0000
0.5866	0.0901	-1.0000
-0.2781	-0.4370	-2.0000
0.2932	-0.1574	-3.0000
-0.6314	-0.4862	0.0000
0.7130	0.2700	0.0000
-0.0570	-0.3461	-2.0000
0.4743	0.0025	-2.0000
-0.4218	-0.4528	-1.0000
0.1561	-0.2246	-3.0000
0.6230	0.1762	-1.0000
-0.2030	-0.3833	-2.0000
0.3512	-0.0781	-3.0000
-0.5596	-0.4541	0.0000
0.0143	-0.2807	-3.0000
0.5192	0.0867	-2.0000
-0.3471	-0.4068	-2.0000
0.2197	-0.1499	-3.0000
0.6521	0.2623	-1.0000
-0.1297	-0.3247	-2.0000
0.4036	0.0032	-2.0000
-0.4868	-0.4163	-1.0000
0.0822	-0.2115	-3.0000
0.5574	0.1716	-1.0000
-0.2732	-0.3556	-2.0000
0.2785	-0.0726	-3.0000
-0.6196	-0.4114	0.0000
0.6738	0.3476	0.0000
-0.0588	-0.2617	-3.0000
0.4499	0.0859	-2.0000
-0.4137	-0.3728	-2.0000
0.1461	-0.1390	-3.0000
0.5884	0.2564	-1.0000
-0.2008	-0.2995	-2.0000
0.3317	0.0069	-3.0000
-0.5487	-0.3759	-1.0000
0.0088	-0.1949	-3.0000
0.4895	0.1693	-2.0000
-0.3412	-0.3240	-2.0000
0.2052	-0.0637	-3.0000
-0.6759	-0.3648	0.0000
0.6120	0.3407	0.0000
-0.1307	-0.2389	-3.0000
0.3790	0.0878	-2.0000
-0.4774	-0.3348	-1.0000
0.0726	-0.1245	-3.0000
0.5221	0.2528	-1.0000
-0.2700	-0.2703	-2.0000
0.2589	0.0138	-3.0000
-0.6071	-0.3317	0.0000
0.6280	0.4238	0.0000
-0.0636	-0.1743	-3.0000
0.4197	0.1696	-2.0000
-0.4064	-0.2884	-2.0000
0.1317	-0.0513	-3.0000
0.5474	0.3359	-1.0000
-0.2009	-0.2120	-3.0000
0.3068	0.0929	-3.0000
-0.5377	-0.2929	-1.0000
-0.0003	-0.1062	-3.0000
0.4535	0.2517	-2.0000
-0.3366	-0.2370	-2.0000
0.1856	0.0242	-3.0000
-0.6616	-0.2836	0.0000
0.5650	0.4179	0.0000
-0.1347	-0.1497	-3.0000
0.3483	0.1730	-2.0000
-0.4686	-0.2486	-2.0000
0.0586	-0.0351	-3.0000
0.4800	0.3335	-1.0000
-0.2688	-0.1809	-3.0000
0.2338	0.1014	-3.0000
-0.5943	-0.2469	-1.0000
-0.0721	-0.0837	-3.0000
0.3829	0.2535	-2.0000
-0.4004	-0.1994	-2.0000
0.1123	0.0385	-3.0000
0.4990	0.4142	-1.0000
-0.2038	-0.1207	-3.0000
0.2757	0.1798	-3.0000
-0.5271	-0.2047	-2.0000
-0.0138	-0.0147	-3.0000
0.4104	0.3338	-2.0000
-0.3341	-0.1454	-3.0000
0.1604	0.1138	-3.0000
-0.6465	-0.1967	0.0000
0.5103	0.4933	0.0000
-0.1423	-0.0568	-3.0000
0.3107	0.2586	-2.0000
-0.4608	-0.1574	-2.0000
0.0394	0.0569	-3.0000
0.4303	0.4131	-1.0000
-0.2705	-0.0873	-3.0000
0.2022	0.1903	-3.0000
-0.5814	-0.1564	-1.0000
-0.0850	0.0102	-3.0000
0.3387	0.3373	-2.0000
-0.3962	-0.1054	-3.0000
0.0870	0.1303	-3.0000
-0.6940	-0.1424	0.0000
0.4425	0.4909	0.0000
-0.2103	-0.0253	-3.0000
0.2373	0.2674	-3.0000
-0.5171	-0.1108	-2.0000
-0.0326	0.0798	-3.0000
0.3591	0.4151	-1.0000
-0.3343	-0.0490	-3.0000
0.1284	0.2050	-3.0000
-0.6311	-0.1036	-1.0000
-0.1543	0.0398	-3.0000
0.2652	0.3443	-2.0000
-0.4545	-0.0605	-2.0000
0.0141	0.1513	-3.0000
0.3717	0.4914	-1.0000
-0.2757	0.0111	-3.0000
0.1631	0.2803	-3.0000
-0.5689	-0.0595	-2.0000
-0.1032	0.1076	-3.0000
0.2856	0.4205	-2.0000
-0.3944	-0.0058	-3.0000
0.0546	0.2242	-3.0000
-0.6754	-0.0462	0.0000
0.3763	0.5656	0.0000
-0.2213	0.0745	-3.0000
0.1905	0.3555	-2.0000
-0.5084	-0.0106	-2.0000
-0.0577	0.1774	-3.0000
0.2981	0.4952	-1.0000
-0.3377	0.0528	-3.0000
0.0883	0.2978	-3.0000
-0.6155	-0.0033	-1.0000
-0.1718	0.1407	-3.0000
0.2103	0.4300	-2.0000
-0.4504	0.0429	-3.0000
-0.0186	0.2486	-3.0000
0.3025	0.5678	0.0000
-0.2852	0.1148	-3.0000
0.1147	0.3713	-3.0000
-0.5572	0.0447	-2.0000
-0.1281	0.2089	-3.0000
0.2220	0.5030	-1.0000
-0.3958	0.1003	-3.0000
0.0136	0.3205	-3.0000
-0.6561	0.0582	0.0000
0.2987	0.6375	0.0000
-0.2378	0.1796	-3.0000
0.1332	0.4441	-2.0000
-0.5014	0.0973	-2.0000
-0.0908	0.2786	-3.0000
0.2255	0.5738	0.0000
-0.3455	0.1612	-3.0000
0.0383	0.3924	-3.0000
-0.6000	0.1058	-1.0000
-0.1962	0.2466	-3.0000
0.1435	0.5153	-1.0000
-0.4491	0.1540	-3.0000
-0.0606	0.3491	-3.0000
-0.6898	0.1253	0.0000
0.2204	0.6417	0.0000
-0.3005	0.2251	-3.0000
0.0549	0.4635	-2.0000
-0.5465	0.1581	-2.0000
-0.1613	0.3151	-3.0000
0.1452	0.5843	-1.0000
-0.4013	0.2144	-3.0000
-0.0384	0.4195	-3.0000
-0.6359	0.1731	0.0000
-0.2615	0.2912	-3.0000
0.0628	0.5331	-2.0000
-0.4967	0.2147	-2.0000
-0.1340	0.3844	-3.0000
0.1378	0.6503	0.0000
-0.3590	0.2779	-3.0000
-0.0246	0.4892	-3.0000
-0.5847	0.2259	-1.0000
-0.2296	0.3590	-3.0000
0.0615	0.6003	-1.0000
-0.4516	0.2754	-2.0000
-0.1149	0.4538	-3.0000
-0.6635	0.2476	0.0000
0.1210	0.7123	0.0000
-0.3232	0.3439	-3.0000
-0.0202	0.5572	-2.0000
-0.5373	0.2836	-1.0000
-0.2058	0.4278	-3.0000
0.0505	0.6642	-1.0000
-0.4123	0.3394	-3.0000
-0.1052	0.5224	-3.0000
-0.6143	0.3022	-1.0000
-0.2950	0.4119	-3.0000
-0.0259	0.6228	-1.0000
-0.4950	0.3456	-2.0000
-0.1912	0.4967	-3.0000
-0.6809	0.3308	0.0000
0.0289	0.7240	0.0000
-0.3802	0.4065	-3.0000
-0.1059	0.5894	-2.0000
-0.5693	0.3623	-1.0000
-0.2758	0.4811	-3.0000
-0.0427	0.6849	-1.0000
-0.4592	0.4119	-2.0000
-0.1871	0.5651	-3.0000
-0.6332	0.3891	0.0000
-0.3567	0.4761	-3.0000
-0.1181	0.6538	-2.0000
-0.5297	0.4279	-1.0000
-0.2672	0.5509	-3.0000
-0.0719	0.7424	0.0000
-0.4313	0.4821	-2.0000
-0.1952	0.6320	-2.0000
-0.5898	0.4545	0.0000
-0.3435	0.5478	-2.0000
-0.1441	0.7146	-1.0000
-0.4973	0.4993	-2.0000
-0.2712	0.6209	-2.0000
-0.6373	0.4910	0.0000
-0.1157	0.7939	0.0000
-0.4135	0.5564	-2.0000
-0.2181	0.6966	-2.0000
-0.5522	0.5279	-1.0000
-0.3435	0.6217	-2.0000
-0.1868	0.7704	-1.0000
-0.4743	0.5775	-1.0000
-0.2916	0.6905	-2.0000
-0.5933	0.5681	0.0000
-0.4091	0.6359	-2.0000
-0.2609	0.7581	-1.0000
-0.5226	0.6123	-1.0000
-0.3616	0.6986	-1.0000
-0.2535	0.8195	0.0000
-0.4644	0.6660	-1.0000
-0.3362	0.7604	-1.0000
-0.5538	0.6631	0.0000
-0.4251	0.7250	-1.0000
-0.3371	0.8160	0.0000
-0.5043	0.7178	0.0000
-0.4123	0.7846	-1.0000
-0.5584	0.7389	0.0000
-0.3714	0.8584	0.0000
-0.4787	0.7836	0.0000
-0.4437	0.8408	0.0000
-0.5122	0.8293	0.0000
