-3.3537e-01
-3.8596e-01
-1.7111e-01
-3.7847e-01
-3.0802e-01
-2.4229e-01
-7.3385e-02
-3.3322e-01
-3.2624e-01
-1.2807e-02
-4.0564e-01
-3.9114e-01
-1.7819e-01
-2.1924e-01
-4.3747e-03
-1.2451e-01
-3.8005e-01
-9.4427e-02
-2.1862e-01
-3.9656e-01
-3.8544e-01
-3.1017e-01
-4.8183e-02
-8.7321e-02
-2.4294e-01
-2.0991e-01
-1.6070e-01
-2.1612e-01
-4.0071e-01
-1.5499e-01
-9.6398e-02
-2.3451e-01
-2.7382e-01
-1.9589e-01
-2.6564e-01
-3.8358e-01
-3.2550e-01
-9.9722e-02
-1.4971e-01
-3.9787e-01
-3.7666e-01
-2.5953e-02
-4.5052e-01
-1.1680e-01
-2.0521e-01
-3.3044e-01
-3.2727e-01
-4.0626e-01
-4.5527e-01
-4.7738e-01
-2.6203e-01
-3.5620e-01
-3.5439e-01
-2.8161e-02
-3.4108e-01
-2.4873e-01
-1.2924e-01
-1.9371e-01
-4.7056e-01
-1.3727e-01
-2.8555e-01
-1.3670e-02
-3.3200e-01
-1.6302e-01
-1.9122e-01
-1.1208e-01
-1.9592e-01
-6.4359e-02
-3.2964e-01
-4.3431e-01
-4.3925e-01
-3.0814e-01
-3.5651e-01
-2.6591e-01
-3.1830e-01
-3.5581e-01
-2.7896e-01
-3.7244e-01
-3.5090e-01
-3.0042e-01
-3.3299e-01
-2.0178e-01
-5.5784e-02
-3.0971e-01
-2.8304e-01
-3.7036e-01
-3.1491e-01
-5.7970e-03
-3.5356e-01
-3.8417e-01
-3.9500e-01
-1.0236e-02
-3.0757e-01
-3.2360e-01
-3.3953e-01
-3.5749e-01
-2.1563e-01
-5.0124e-02
-1.0546e-01
-3.6644e-01
-2.4506e-01
-9.0461e-02
-4.6889e-01
-3.2098e-01
-1.0242e-01
-1.8592e-01
-2.3880e-01
-3.8305e-02
-7.7408e-02
-3.3358e-02
-2.7635e-01
-3.8495e-01
-4.6285e-02
-1.3884e-01
-1.9552e-01
-1.2531e-02
-4.0775e-01
-2.9404e-01
-1.6864e-01
-1.5710e-01
-1.6369e-01
-2.6377e-01
-4.5831e-01
-2.9562e-01
-2.6740e-01
-4.3145e-01
-2.6637e-01
-3.7866e-01
-3.8648e-01
-1.8390e-01
-8.9048e-03
-3.9984e-01
-4.3799e-01
-4.3925e-01
-9.9718e-02
-2.7132e-01
-3.6321e-01
-1.9930e-01
-3.9555e-01
-2.6182e-01
-1.4106e-01
-8.8240e-02
-1.3805e-01
-2.8689e-01
-3.3359e-03
-2.6383e-01
-1.4589e-01
-3.8355e-01
-5.6090e-02
-2.6878e-01
-1.2474e-01
-1.5799e-01
-2.1597e-01
-3.7214e-01
-1.8596e-01
-3.5473e-01
-4.6469e-01
-3.6988e-01
-1.9216e-01
-3.0639e-01
-6.5891e-02
-2.4931e-01
-1.2484e-01
-2.6374e-01
-1.6205e-01
-2.0632e-01
-2.1068e-01
-2.3156e-02
-5.1105e-02
-2.1476e-01
-3.7251e-01
-2.9189e-01
-7.0646e-02
-2.7380e-01
-1.7369e-01
-3.0555e-01
-4.0693e-01
-2.3044e-01
-4.6836e-01
-4.3032e-01
-1.6107e-01
-4.3243e-01
-2.7846e-01
-2.6125e-01
-3.1002e-01
-3.3280e-01
-4.3808e-02
-2.7317e-01
-4.5338e-01
-4.3437e-01
-3.0825e-01
-7.3201e-02
-2.1929e-02
-3.5260e-01
-1.6941e-01
-1.8662e-01
-1.4789e-01
-2.9165e-01
-3.1986e-01
-6.2888e-02
-6.3529e-02
-3.4636e-03
-3.9510e-02
-2.1420e-01
-4.0786e-01
-3.7361e-01
-2.7879e-01
-2.7333e-01
-4.5402e-01
-1.3953e-01
-3.8483e-01
-2.5467e-01
-1.3926e-01
-7.5152e-02
-1.9746e-01
-2.5707e-01
-1.1180e-02
-2.8102e-01
-8.6073e-02
-2.3048e-01
-1.5764e-01
-2.6770e-01
-3.5058e-01
-3.2573e-01
-2.6220e-01
-4.3630e-01
-4.0971e-01
-4.0098e-01
-3.2862e-01
-4.9505e-02
-1.2269e-01
-4.3594e-01
-4.6653e-01
-1.9315e-02
-2.3205e-01
-2.6370e-02
-6.0859e-02
-8.6715e-02
-4.7891e-01
-1.5468e-01
-1.2181e-01
-2.1424e-01
-3.2735e-01
-1.8403e-01
-3.7046e-02
-2.0925e-02
-2.9374e-01
-6.5318e-02
-2.3378e-01
-2.7378e-01
-2.8882e-01
-2.9685e-01
-2.4666e-01
-2.8209e-01
-3.5017e-01
-3.8585e-01
-1.0502e-01
-3.5153e-01
-4.6252e-01
-3.7337e-01
-2.8161e-01
-3.2892e-01
-6.6790e-02
-2.6141e-01
-1.9746e-01
-5.7962e-02
-2.8559e-01
