0.2186	0.0702	0.0000
0.2185	0.0701	0.0000
0.2185	0.0700	0.0000
0.2184	0.0700	-1.0000
0.2184	0.0700	0.0000
0.2184	0.0700	0.0000
0.2184	0.0700	-1.0000
0.2184	0.0700	-2.0000
0.2184	0.0700	-2.0000
0.2184	0.0700	-2.0000
0.2184	0.0700	-2.0000
0.2184	0.0700	-2.0000
0.2184	0.0700	-2.0000
0.2184	0.0700	-2.0000
0.2184	0.0700	-2.0000
0.2184	0.0700	-2.0000
0.2184	0.0700	-2.0000
0.2184	0.0700	-2.0000
0.2184	0.0700	-2.0000
0.2184	0.0700	-2.0000
0.2184	0.0700	-2.0000
0.2184	0.0699	0.0000
0.2184	0.0699	0.0000
0.2184	0.0699	0.0000
0.2184	0.0699	0.0000
0.2184	0.0699	0.0000
0.2184	0.0699	0.0000
0.2184	0.0699	0.0000
0.2184	0.0699	0.0000
0.2184	0.0699	0.0000
0.2184	0.0699	-1.0000
0.2184	0.0699	-1.0000
0.2184	0.0699	0.0000
0.2184	0.0699	0.0000
0.2184	0.0699	0.0000
0.2184	0.0699	0.0000
0.2184	0.0699	-1.0000
0.2184	0.0699	0.0000
0.2184	0.0699	-1.0000
0.2184	0.0699	-1.0000
0.2184	0.0699	-1.0000
0.2184	0.0699	-1.0000
0.2184	0.0699	-1.0000
0.2184	0.0699	-1.0000
0.2184	0.0699	-1.0000
0.2184	0.0699	-1.0000
0.2184	0.0699	-1.0000
0.2184	0.0699	-1.0000
0.2184	0.0699	-1.0000
0.2184	0.0699	-1.0000
0.2184	0.0699	-1.0000
0.2184	0.0699	0.0000
0.2184	0.0699	0.0000
0.2184	0.0699	-1.0000
0.2184	0.0699	0.0000
0.2184	0.0699	-1.0000
0.2184	0.0699	-2.0000
0.2184	0.0699	-1.0000
0.2184	0.0699	-1.0000
0.2184	0.0699	-1.0000
0.2184	0.0699	-1.0000
0.2184	0.0699	-1.0000
0.2184	0.0699	0.0000
0.2184	0.0699	-2.0000
0.2184	0.0699	-2.0000
0.2184	0.0699	-2.0000
0.2184	0.0699	-2.0000
0.2184	0.0699	-2.0000
0.2184	0.0699	-2.0000
0.2184	0.0699	-2.0000
0.2184	0.0699	0.0000
0.2184	0.0699	-2.0000
0.2184	0.0699	-2.0000
0.2184	0.0699	-2.0000
0.2184	0.0699	0.0000
0.2184	0.0699	0.0000
0.2184	0.0699	-1.0000
0.2184	0.0699	-2.0000
0.2184	0.0699	-1.0000
0.2184	0.0699	-2.0000
0.2184	0.0699	-2.0000
0.2184	0.0699	-2.0000
0.2184	0.0699	-1.0000
0.2184	0.0699	-2.0000
0.2184	0.0699	0.0000
0.2184	0.0699	-1.0000
0.2184	0.0699	-1.0000
0.2170	0.0671	0.0000
0.2170	0.0669	0.0000
0.2170	0.0669	0.0000
0.2170	0.0669	0.0000
0.2170	0.0669	0.0000
0.2170	0.0669	0.0000
0.2170	0.0669	0.0000
0.2169	0.0669	0.0000
0.1369	0.0125	-3.0000
0.1087	0.3071	-2.0000
0.2115	0.3978	0.0000
0.2694	0.4181	0.0000
0.2929	0.4044	0.0000
0.3007	0.3811	0.0000
0.3027	0.3562	0.0000
0.3011	0.3331	0.0000
0.2975	0.3128	-1.0000
0.2948	0.2942	0.0000
0.2912	0.2782	0.0000
0.2877	0.2641	0.0000
0.2835	0.2520	-1.0000
0.2807	0.2408	0.0000
0.2783	0.2308	0.0000
0.2749	0.2222	-1.0000
0.2730	0.2140	0.0000
0.2702	0.2070	0.0000
0.2688	0.2003	0.0000
0.2664	0.1945	0.0000
0.2642	0.1891	-1.0000
0.2633	0.1839	0.0000
0.2614	0.1794	0.0000
0.2596	0.1752	0.0000
0.2579	0.1714	-1.0000
0.2564	0.1678	-1.0000
0.2561	0.1642	0.0000
0.2547	0.1610	0.0000
0.2534	0.1581	0.0000
0.2522	0.1554	-1.0000
0.2511	0.1528	-1.0000
0.2500	0.1504	-1.0000
0.2501	0.1478	0.0000
0.2492	0.1457	0.0000
0.2483	0.1436	0.0000
0.2474	0.1417	0.0000
0.2465	0.1399	0.0000
0.2458	0.1381	0.0000
0.2450	0.1364	-1.0000
0.2443	0.1349	-1.0000
0.2436	0.1334	-1.0000
0.2429	0.1319	-1.0000
0.2435	0.1303	0.0000
0.2429	0.1290	0.0000
0.2423	0.1278	0.0000
0.2417	0.1265	0.0000
0.2412	0.1254	0.0000
0.2407	0.1243	0.0000
0.2402	0.1232	0.0000
0.2397	0.1222	0.0000
0.2393	0.1212	0.0000
0.2388	0.1203	0.0000
0.2384	0.1193	-1.0000
0.2380	0.1185	-1.0000
0.2376	0.1176	-1.0000
0.2372	0.1168	-1.0000
0.2368	0.1160	-1.0000
0.2365	0.1152	-1.0000
0.2361	0.1145	-1.0000
0.2358	0.1138	-1.0000
0.2355	0.1131	-1.0000
0.2352	0.1124	-1.0000
0.2360	0.1116	0.0000
0.2357	0.1109	0.0000
0.2354	0.1103	0.0000
0.2351	0.1097	0.0000
0.2349	0.1092	0.0000
0.2346	0.1086	0.0000
0.2344	0.1081	0.0000
0.2341	0.1075	0.0000
0.2339	0.1070	0.0000
0.2336	0.1065	0.0000
0.2334	0.1060	0.0000
0.2332	0.1055	0.0000
0.2329	0.1051	0.0000
0.2327	0.1046	0.0000
0.2325	0.1042	0.0000
0.2323	0.1038	-1.0000
0.2321	0.1034	-1.0000
0.2319	0.1029	-1.0000
0.2317	0.1025	-1.0000
0.2316	0.1022	-1.0000
0.2314	0.1018	-1.0000
0.2312	0.1014	-1.0000
0.2281	0.0949	-1.0000
0.2231	0.0846	-2.0000
0.2206	0.0744	0.0000
0.2135	0.0648	0.0000
0.2137	0.0644	0.0000
0.2134	0.0646	0.0000
0.2133	0.0645	0.0000
0.2133	0.0644	0.0000
0.2135	0.0641	0.0000
0.2133	0.0641	0.0000
0.2132	0.0640	0.0000
0.2122	0.0638	-1.0000
0.2119	0.0638	-2.0000
0.2118	0.0637	-2.0000
0.2116	0.0636	-2.0000
0.2119	0.0631	0.0000
0.2116	0.0631	-1.0000
0.2113	0.0629	-1.0000
0.2101	0.0627	-2.0000
0.2099	0.0624	-2.0000
0.2101	0.0618	-1.0000
0.2097	0.0616	-2.0000
0.2081	0.0614	-2.0000
0.2079	0.0608	-2.0000
0.2078	0.0600	-2.0000
0.2043	0.0587	-2.0000
0.1929	0.0510	-2.0000
0.1720	0.0367	-3.0000
0.1597	0.3568	0.0000
0.2115	0.3978	0.0000
0.2472	0.4146	0.0000
0.2694	0.4181	0.0000
0.2829	0.4140	-1.0000
0.2929	0.4044	0.0000
0.2984	0.3930	0.0000
0.3007	0.3811	0.0000
0.3027	0.3683	0.0000
0.3027	0.3562	0.0000
0.3021	0.3444	0.0000
0.3011	0.3331	0.0000
0.3000	0.3224	0.0000
0.2975	0.3128	-1.0000
0.2962	0.3032	0.0000
0.2948	0.2942	0.0000
0.2924	0.2862	0.0000
0.2912	0.2782	0.0000
0.2888	0.2712	0.0000
0.2877	0.2641	0.0000
0.2856	0.2578	0.0000
0.2835	0.2520	-1.0000
0.2826	0.2460	0.0000
0.2807	0.2408	0.0000
0.2788	0.2359	-1.0000
0.2783	0.2308	0.0000
0.2766	0.2264	0.0000
0.2749	0.2222	-1.0000
0.2745	0.2178	0.0000
0.2730	0.2140	0.0000
0.2716	0.2104	0.0000
0.2702	0.2070	-1.0000
0.2689	0.2037	-1.0000
0.2688	0.2003	0.0000
0.2676	0.1973	0.0000
0.2664	0.1945	0.0000
0.2653	0.1917	0.0000
0.2642	0.1891	-1.0000
0.2631	0.1866	-1.0000
0.2633	0.1839	0.0000
0.2623	0.1816	0.0000
0.2614	0.1794	0.0000
0.2605	0.1773	0.0000
0.2596	0.1752	0.0000
0.2587	0.1733	-1.0000
0.2579	0.1714	-1.0000
0.2571	0.1695	-1.0000
0.2564	0.1678	-1.0000
0.2568	0.1658	0.0000
0.2561	0.1642	0.0000
0.2554	0.1626	0.0000
0.2547	0.1610	0.0000
0.2541	0.1595	0.0000
0.2534	0.1581	0.0000
0.2528	0.1567	0.0000
0.2522	0.1553	-1.0000
0.2516	0.1541	-1.0000
0.2511	0.1528	-1.0000
0.2505	0.1515	-1.0000
0.2500	0.1504	-1.0000
0.2495	0.1492	-1.0000
0.2501	0.1478	0.0000
0.2496	0.1467	0.0000
0.2492	0.1457	0.0000
0.2487	0.1446	0.0000
0.2483	0.1436	0.0000
0.2478	0.1426	0.0000
0.2474	0.1417	0.0000
0.2470	0.1408	0.0000
0.2465	0.1398	0.0000
0.2461	0.1390	0.0000
0.2458	0.1381	-1.0000
0.2454	0.1373	-1.0000
0.2450	0.1364	-1.0000
0.2446	0.1356	-1.0000
0.2443	0.1349	-1.0000
0.2439	0.1341	-1.0000
0.2424	0.1309	-1.0000
0.2373	0.1198	-1.0000
0.2334	0.1088	-1.0000
0.2271	0.0983	-2.0000
0.2221	0.0878	-2.0000
0.2172	0.0776	-2.0000
0.2123	0.0676	-2.0000
0.2105	0.0617	0.0000
0.2098	0.0612	-1.0000
0.2081	0.0614	-2.0000
0.2076	0.0606	-2.0000
0.2071	0.0580	0.0000
0.2024	0.0576	-2.0000
0.1962	0.0526	-2.0000
0.1905	0.0488	-2.0000
0.0691	0.0569	-3.0000
0.1373	0.3355	-1.0000
0.1796	0.3737	0.0000
0.2115	0.3978	0.0000
0.2363	0.4113	0.0000
0.2556	0.4170	0.0000
0.2694	0.4181	0.0000
0.2799	0.4156	0.0000
0.2867	0.4111	0.0000
0.2929	0.4044	0.0000
0.2965	0.3972	0.0000
0.2990	0.3893	0.0000
0.3007	0.3811	0.0000
0.3018	0.3728	0.0000
0.3024	0.3644	0.0000
0.3027	0.3562	0.0000
0.3015	0.3487	-1.0000
0.3014	0.3408	0.0000
0.3011	0.3331	0.0000
0.2995	0.3263	-1.0000
0.2991	0.3191	0.0000
0.2975	0.3128	-1.0000
0.2970	0.3061	0.0000
0.2953	0.3003	-1.0000
0.2948	0.2942	0.0000
0.2932	0.2888	0.0000
0.2916	0.2836	-1.0000
0.2912	0.2782	0.0000
0.2896	0.2735	0.0000
0.2880	0.2689	-1.0000
0.2877	0.2641	0.0000
0.2863	0.2599	0.0000
0.2849	0.2559	0.0000
0.2835	0.2520	-1.0000
0.2833	0.2478	0.0000
0.2820	0.2442	0.0000
0.2807	0.2408	0.0000
0.2795	0.2375	-1.0000
0.2794	0.2339	0.0000
0.2783	0.2308	0.0000
0.2771	0.2278	0.0000
0.2760	0.2249	0.0000
0.2749	0.2222	-1.0000
0.2739	0.2195	-1.0000
0.2740	0.2165	0.0000
0.2730	0.2140	0.0000
0.2721	0.2116	0.0000
0.2711	0.2093	0.0000
0.2702	0.2070	0.0000
0.2693	0.2048	-1.0000
0.2685	0.2027	-1.0000
0.2688	0.2003	0.0000
0.2680	0.1983	0.0000
0.2672	0.1963	0.0000
0.2664	0.1945	0.0000
0.2656	0.1926	0.0000
0.2649	0.1909	0.0000
0.2642	0.1891	-1.0000
0.2635	0.1874	-1.0000
0.2628	0.1858	-1.0000
0.2633	0.1839	0.0000
0.2626	0.1824	0.0000
0.2620	0.1809	0.0000
0.2614	0.1794	0.0000
0.2608	0.1780	0.0000
0.2602	0.1766	0.0000
0.2596	0.1752	0.0000
0.2590	0.1739	0.0000
0.2585	0.1726	-1.0000
0.2579	0.1714	-1.0000
0.2574	0.1701	-1.0000
0.2569	0.1689	-1.0000
0.2564	0.1678	-1.0000
0.2571	0.1664	0.0000
0.2534	0.1581	0.0000
0.2481	0.1463	-1.0000
0.2429	0.1348	-1.0000
0.2377	0.1236	-1.0000
0.2327	0.1125	-2.0000
0.2274	0.1016	-2.0000
0.2260	0.0906	-1.0000
0.2173	0.0805	-2.0000
0.2124	0.0704	-2.0000
0.2061	0.0601	-2.0000
0.2070	0.0591	-2.0000
0.2060	0.0595	-2.0000
0.2053	0.0573	-2.0000
0.2037	0.0560	-2.0000
0.2021	0.0564	-2.0000
0.2004	0.0561	-2.0000
0.1982	0.0539	-2.0000
0.1977	0.0521	-2.0000
0.1782	0.0402	-2.0000
0.1076	-0.0074	-3.0000
0.0439	-0.0502	-3.0000
0.1251	0.3231	-2.0000
0.1597	0.3568	0.0000
0.1886	0.3808	0.0000
0.2115	0.3978	0.0000
0.2317	0.4082	0.0000
0.2472	0.4146	0.0000
0.2588	0.4181	0.0000
0.2694	0.4181	0.0000
0.2769	0.4168	0.0000
0.2829	0.4140	-1.0000
0.2890	0.4092	0.0000
0.2929	0.4044	0.0000
0.2960	0.3989	0.0000
0.2984	0.3930	0.0000
0.2991	0.3875	-1.0000
0.3007	0.3811	0.0000
0.3018	0.3747	0.0000
0.3027	0.3683	0.0000
0.3022	0.3625	0.0000
0.3027	0.3562	0.0000
0.3018	0.3505	-1.0000
0.3021	0.3444	0.0000
0.3010	0.3390	-1.0000
0.3011	0.3331	0.0000
0.3000	0.3280	0.0000
0.3000	0.3224	0.0000
0.2987	0.3175	0.0000
0.2975	0.3128	-1.0000
0.2974	0.3077	0.0000
0.2962	0.3032	0.0000
0.2949	0.2989	-1.0000
0.2948	0.2942	0.0000
0.2936	0.2901	0.0000
0.2924	0.2862	0.0000
0.2923	0.2819	0.0000
0.2912	0.2782	0.0000
0.2900	0.2746	0.0000
0.2888	0.2712	-1.0000
0.2877	0.2678	-1.0000
0.2877	0.2641	0.0000
0.2866	0.2609	0.0000
0.2856	0.2578	0.0000
0.2845	0.2549	-1.0000
0.2835	0.2520	-1.0000
0.2836	0.2487	0.0000
0.2826	0.2460	0.0000
0.2817	0.2434	0.0000
0.2807	0.2408	-1.0000
0.2798	0.2383	-1.0000
0.2788	0.2359	-1.0000
0.2791	0.2331	0.0000
0.2783	0.2308	0.0000
0.2774	0.2285	0.0000
0.2766	0.2264	0.0000
0.2757	0.2242	0.0000
0.2749	0.2222	-1.0000
0.2741	0.2201	-1.0000
0.2745	0.2178	0.0000
0.2738	0.2159	0.0000
0.2730	0.2140	0.0000
0.2723	0.2122	0.0000
0.2716	0.2104	0.0000
0.2709	0.2087	0.0000
0.2702	0.2070	-1.0000
0.2696	0.2054	-1.0000
0.2689	0.2037	-1.0000
0.2683	0.2022	-1.0000
0.2688	0.2003	0.0000
0.2682	0.1988	0.0000
0.2633	0.1873	-1.0000
0.2586	0.1762	-1.0000
0.2526	0.1626	-1.0000
0.2474	0.1508	-1.0000
0.2459	0.1384	-1.0000
0.2368	0.1274	-2.0000
0.2315	0.1161	-2.0000
0.2264	0.1051	-2.0000
0.2287	0.0935	0.0000
0.2163	0.0838	-2.0000
0.2113	0.0734	-2.0000
0.2064	0.0633	-2.0000
0.2020	0.0569	-2.0000
0.2019	0.0564	-2.0000
0.2000	0.0550	-2.0000
0.1600	0.0281	-3.0000
0.0823	-0.0240	-3.0000
0.0300	-0.1003	-2.0000
0.1170	0.3153	-2.0000
0.1469	0.3445	-1.0000
0.1716	0.3675	0.0000
0.1931	0.3850	0.0000
0.2115	0.3978	0.0000
0.2274	0.4068	0.0000
0.2411	0.4127	0.0000
0.2516	0.4167	0.0000
0.2618	0.4179	0.0000
0.2694	0.4181	0.0000
0.2757	0.4171	0.0000
0.2812	0.4150	0.0000
0.2857	0.4121	0.0000
0.2896	0.4084	0.0000
0.2929	0.4044	0.0000
0.2944	0.4006	-1.0000
0.2968	0.3958	0.0000
0.2988	0.3908	0.0000
0.3005	0.3857	0.0000
0.3007	0.3811	0.0000
0.3019	0.3759	0.0000
0.3017	0.3712	0.0000
0.3025	0.3660	0.0000
0.3021	0.3613	-1.0000
0.3027	0.3562	0.0000
0.3020	0.3516	0.0000
0.3025	0.3466	0.0000
0.3017	0.3422	0.0000
0.3008	0.3379	-1.0000
0.3011	0.3331	0.0000
0.3002	0.3290	0.0000
0.2992	0.3249	-1.0000
0.2995	0.3204	0.0000
0.2985	0.3166	0.0000
0.2975	0.3128	-1.0000
0.2977	0.3086	0.0000
0.2967	0.3050	0.0000
0.2957	0.3014	0.0000
0.2946	0.2980	-1.0000
0.2948	0.2942	0.0000
0.2929	0.2878	0.0000
0.2919	0.2847	-1.0000
0.2921	0.2812	0.0000
0.2912	0.2782	0.0000
0.2902	0.2753	0.0000
0.2893	0.2725	0.0000
0.2884	0.2698	-1.0000
0.2877	0.2641	0.0000
0.2869	0.2615	0.0000
0.2860	0.2591	0.0000
0.2851	0.2566	0.0000
0.2843	0.2543	-1.0000
0.2835	0.2520	-1.0000
0.2830	0.2471	0.0000
0.2822	0.2449	0.0000
0.2815	0.2428	0.0000
0.2807	0.2408	-1.0000
0.2800	0.2388	-1.0000
0.2792	0.2368	-1.0000
0.2797	0.2345	0.0000
0.2790	0.2326	0.0000
0.2783	0.2308	0.0000
0.2731	0.2177	-1.0000
0.2674	0.2038	-1.0000
0.2625	0.1922	-1.0000
0.2572	0.1796	-1.0000
0.2519	0.1673	-1.0000
0.2466	0.1552	-1.0000
0.2412	0.1433	-2.0000
0.2307	0.1200	-2.0000
0.2330	0.1079	-1.0000
0.2253	0.0972	-2.0000
0.2238	0.0861	-2.0000
0.2200	0.0756	-2.0000
0.2053	0.0662	-2.0000
0.2002	0.0552	-2.0000
0.1986	0.0550	-2.0000
0.1967	0.0535	-2.0000
0.1964	0.0529	-2.0000
0.1927	0.0499	-2.0000
0.1908	0.0492	-2.0000
0.1874	0.0472	-2.0000
0.1840	0.0442	-2.0000
0.1759	0.0391	-3.0000
0.1681	0.0341	-3.0000
0.1563	0.0257	-3.0000
0.0982	-0.0133	-3.0000
0.1123	0.3095	-2.0000
0.1373	0.3355	-1.0000
0.1597	0.3568	0.0000
0.1796	0.3737	0.0000
0.1972	0.3870	-1.0000
0.2115	0.3978	0.0000
0.2254	0.4053	0.0000
0.2363	0.4113	0.0000
0.2472	0.4146	0.0000
0.2556	0.4170	0.0000
0.2629	0.4181	0.0000
0.2694	0.4181	0.0000
0.2750	0.4172	0.0000
0.2799	0.4156	0.0000
0.2829	0.4140	-1.0000
0.2867	0.4111	0.0000
0.2900	0.4079	0.0000
0.2929	0.4044	0.0000
0.2942	0.4012	-1.0000
0.2965	0.3972	0.0000
0.2984	0.3930	0.0000
0.2990	0.3893	0.0000
0.3005	0.3849	0.0000
0.3007	0.3811	-1.0000
0.3019	0.3766	0.0000
0.3018	0.3728	0.0000
0.3027	0.3683	0.0000
0.3024	0.3644	0.0000
0.3020	0.3606	-1.0000
0.3027	0.3562	0.0000
0.3021	0.3524	0.0000
0.3015	0.3487	-1.0000
0.3021	0.3444	0.0000
0.3014	0.3408	-1.0000
0.3007	0.3372	-1.0000
0.3011	0.3331	0.0000
0.3004	0.3296	0.0000
0.2995	0.3263	-1.0000
0.3000	0.3224	0.0000
0.2991	0.3191	0.0000
0.2983	0.3159	0.0000
0.2975	0.3128	-1.0000
0.2978	0.3092	0.0000
0.2970	0.3061	0.0000
0.2962	0.3032	0.0000
0.2953	0.3003	-1.0000
0.2945	0.2975	-1.0000
0.2948	0.2942	0.0000
0.2940	0.2915	0.0000
0.2932	0.2888	0.0000
0.2924	0.2862	-1.0000
0.2916	0.2836	-1.0000
0.2920	0.2807	0.0000
0.2912	0.2782	0.0000
0.2904	0.2758	0.0000
0.2896	0.2735	0.0000
0.2888	0.2712	-1.0000
0.2880	0.2689	-1.0000
0.2885	0.2662	0.0000
0.2877	0.2641	0.0000
0.2870	0.2620	0.0000
0.2826	0.2499	-1.0000
0.2773	0.2362	-1.0000
0.2724	0.2237	-1.0000
0.2670	0.2102	-1.0000
0.2616	0.1970	-1.0000
0.2579	0.1845	-1.0000
0.2511	0.1721	-1.0000
0.2459	0.1601	-2.0000
0.2404	0.1475	-2.0000
0.2427	0.1345	-1.0000
0.2299	0.1241	-2.0000
0.2247	0.1128	-2.0000
0.2305	0.1000	-1.0000
0.2253	0.0892	-2.0000
0.2214	0.0785	-2.0000
0.2041	0.0690	-2.0000
0.1995	0.0589	-2.0000
0.1947	0.0522	-2.0000
0.1946	0.0513	-2.0000
0.1889	0.0479	-2.0000
0.1848	0.0449	-2.0000
0.1797	0.0423	-2.0000
0.1777	0.0408	-3.0000
0.0899	0.2191	-3.0000
0.0800	0.1526	-3.0000
0.1076	-0.0074	-3.0000
0.0439	-0.0502	-3.0000
0.1299	0.3288	0.0000
0.1502	0.3483	0.0000
0.1687	0.3644	0.0000
0.1854	0.3776	-1.0000
0.1992	0.3888	0.0000
0.2115	0.3978	0.0000
0.2239	0.4042	0.0000
0.2337	0.4096	0.0000
0.2425	0.4135	0.0000
0.2504	0.4161	0.0000
0.2575	0.4177	0.0000
0.2637	0.4183	0.0000
0.2694	0.4181	0.0000
0.2744	0.4173	0.0000
0.2776	0.4166	-1.0000
0.2817	0.4147	0.0000
0.2853	0.4124	0.0000
0.2873	0.4105	-1.0000
0.2902	0.4075	0.0000
0.2929	0.4044	0.0000
0.2940	0.4017	-1.0000
0.2962	0.3982	0.0000
0.2969	0.3952	-1.0000
0.2987	0.3914	0.0000
0.2991	0.3883	0.0000
0.3005	0.3844	0.0000
0.3007	0.3811	-1.0000
0.3019	0.3772	0.0000
0.3018	0.3739	0.0000
0.3016	0.3706	-1.0000
0.3026	0.3666	0.0000
0.3023	0.3633	0.0000
0.3019	0.3600	-1.0000
0.3027	0.3562	0.0000
0.3022	0.3529	0.0000
0.3017	0.3497	-1.0000
0.3024	0.3460	0.0000
0.3018	0.3428	0.0000
0.3012	0.3397	-1.0000
0.3005	0.3367	-1.0000
0.3011	0.3331	0.0000
0.3005	0.3301	0.0000
0.2998	0.3272	-1.0000
0.2991	0.3244	-1.0000
0.2996	0.3210	0.0000
0.2989	0.3182	0.0000
0.2982	0.3155	0.0000
0.2975	0.3128	-1.0000
0.2979	0.3096	0.0000
0.2972	0.3070	0.0000
0.2965	0.3045	0.0000
0.2958	0.3020	0.0000
0.2951	0.2995	-1.0000
0.2944	0.2971	-1.0000
0.2948	0.2942	0.0000
0.2941	0.2919	0.0000
0.2913	0.2832	-1.0000
0.2868	0.2703	-1.0000
0.2818	0.2564	-1.0000
0.2768	0.2428	-1.0000
0.2716	0.2294	-1.0000
0.2719	0.2150	-1.0000
0.2611	0.2028	-1.0000
0.2557	0.1898	-1.0000
0.2504	0.1769	-2.0000
0.2449	0.1643	-2.0000
0.2396	0.1522	-2.0000
0.2342	0.1399	-2.0000
0.2289	0.1280	-2.0000
0.2236	0.1163	-2.0000
0.2183	0.1047	-2.0000
0.2268	0.0923	-1.0000
0.2156	0.0822	-2.0000
0.2043	0.0721	-2.0000
0.2005	0.0616	-2.0000
0.1937	0.0495	-2.0000
0.1923	0.0488	-2.0000
0.1910	0.0489	-2.0000
0.1894	0.0483	-2.0000
0.1878	0.0464	-2.0000
0.1856	0.0459	-2.0000
0.1849	0.0451	-2.0000
0.1813	0.0428	-2.0000
0.1795	0.0414	-2.0000
0.1755	0.0388	-3.0000
0.1720	0.0367	-3.0000
0.1510	0.0227	-3.0000
0.1369	0.0125	-3.0000
0.1257	0.0054	-3.0000
0.1134	-0.0037	-3.0000
0.0360	-0.0745	-3.0000
0.1251	0.3231	-2.0000
0.1438	0.3410	-1.0000
0.1597	0.3568	0.0000
0.1755	0.3696	-1.0000
0.1886	0.3808	-1.0000
0.2006	0.3902	0.0000
0.2115	0.3978	0.0000
0.2227	0.4034	-1.0000
0.2317	0.4082	0.0000
0.2398	0.4119	0.0000
0.2472	0.4146	0.0000
0.2527	0.4171	0.0000
0.2588	0.4181	0.0000
0.2643	0.4184	0.0000
0.2694	0.4181	0.0000
0.2727	0.4181	-1.0000
0.2769	0.4168	0.0000
0.2807	0.4152	0.0000
0.2829	0.4140	-1.0000
0.2861	0.4117	0.0000
0.2890	0.4092	0.0000
0.2904	0.4072	0.0000
0.2929	0.4044	0.0000
0.2939	0.4020	-1.0000
0.2960	0.3989	0.0000
0.2967	0.3963	0.0000
0.2984	0.3930	0.0000
0.2988	0.3903	0.0000
0.2991	0.3875	-1.0000
0.3006	0.3840	0.0000
0.3007	0.3811	-1.0000
0.3007	0.3783	-1.0000
0.3018	0.3747	0.0000
0.3017	0.3718	0.0000
0.3027	0.3683	0.0000
0.3025	0.3654	0.0000
0.3022	0.3625	0.0000
0.3019	0.3596	-1.0000
0.3027	0.3562	0.0000
0.3023	0.3533	0.0000
0.3018	0.3505	-1.0000
0.3026	0.3471	0.0000
0.3021	0.3444	0.0000
0.3016	0.3417	0.0000
0.3010	0.3390	-1.0000
0.3017	0.3357	0.0000
0.3011	0.3331	0.0000
0.3005	0.3305	0.0000
0.3000	0.3280	-1.0000
0.2994	0.3254	-1.0000
0.3000	0.3224	0.0000
0.2993	0.3199	0.0000
0.2987	0.3175	0.0000
0.2947	0.3042	-1.0000
0.2904	0.2904	-1.0000
0.2857	0.2765	-1.0000
0.2809	0.2626	-1.0000
0.2760	0.2487	-1.0000
0.2707	0.2351	-1.0000
0.2654	0.2214	-1.0000
0.2602	0.2083	-1.0000
0.2549	0.1950	-2.0000
0.2495	0.1820	-2.0000
0.2441	0.1692	-2.0000
0.2386	0.1565	-2.0000
0.2329	0.1433	-2.0000
0.2396	0.1305	-1.0000
0.2227	0.1203	-2.0000
0.2337	0.1067	0.0000
0.2185	0.0967	-2.0000
0.2243	0.0845	-1.0000
0.2030	0.0750	-2.0000
0.2019	0.0644	-2.0000
0.1969	0.0541	-2.0000
0.1905	0.0488	-2.0000
0.1890	0.0482	-2.0000
0.1886	0.0475	-2.0000
0.1876	0.0463	-2.0000
0.1833	0.0443	-2.0000
0.1815	0.0433	-2.0000
0.1773	0.0397	-3.0000
0.1663	0.0330	-3.0000
0.1639	0.0307	-3.0000
0.1504	0.0216	-3.0000
0.1433	0.0175	-3.0000
0.1369	0.0125	-3.0000
0.1159	-0.0012	-3.0000
0.0823	-0.0240	-3.0000
0.0559	-0.0423	-3.0000
0.0300	-0.1003	-2.0000
0.1214	0.3186	-2.0000
0.1373	0.3355	-1.0000
0.1521	0.3504	0.0000
0.1670	0.3627	-1.0000
0.1796	0.3737	0.0000
0.1911	0.3832	0.0000
0.2017	0.3912	0.0000
0.2115	0.3978	0.0000
0.2205	0.4033	0.0000
0.2288	0.4078	0.0000
0.2363	0.4113	0.0000
0.2433	0.4139	0.0000
0.2497	0.4158	0.0000
0.2556	0.4170	0.0000
0.2598	0.4184	-1.0000
0.2648	0.4185	0.0000
0.2694	0.4181	0.0000
0.2723	0.4181	-1.0000
0.2763	0.4170	0.0000
0.2799	0.4156	0.0000
0.2820	0.4146	0.0000
0.2851	0.4126	0.0000
0.2867	0.4111	0.0000
0.2894	0.4088	0.0000
0.2906	0.4070	0.0000
0.2929	0.4044	0.0000
0.2938	0.4023	-1.0000
0.2958	0.3994	0.0000
0.2965	0.3972	0.0000
0.2970	0.3949	-1.0000
0.2986	0.3918	0.0000
0.2990	0.3893	0.0000
0.2992	0.3869	-1.0000
0.3006	0.3837	0.0000
0.3007	0.3811	-1.0000
0.3007	0.3786	-1.0000
0.3019	0.3754	0.0000
0.3018	0.3728	0.0000
0.3016	0.3702	-1.0000
0.3026	0.3670	0.0000
0.3024	0.3644	0.0000
0.3021	0.3619	-1.0000
0.3018	0.3593	-1.0000
0.3027	0.3562	0.0000
0.3023	0.3536	0.0000
0.3019	0.3511	-1.0000
0.3015	0.3487	-1.0000
0.3023	0.3456	0.0000
0.3019	0.3432	0.0000
0.3011	0.3400	-1.0000
0.2972	0.3245	-1.0000
0.2932	0.3107	-1.0000
0.2891	0.2968	-1.0000
0.2846	0.2830	-1.0000
0.2798	0.2690	-1.0000
0.2748	0.2547	-1.0000
0.2698	0.2411	-1.0000
0.2762	0.2253	0.0000
0.2597	0.2145	-1.0000
0.2542	0.2009	-2.0000
0.2486	0.1869	-2.0000
0.2436	0.1749	-2.0000
0.2379	0.1613	-2.0000
0.2323	0.1484	-2.0000
0.2269	0.1359	-2.0000
0.2217	0.1242	-2.0000
0.2341	0.1103	-1.0000
0.2122	0.1003	-2.0000
0.2072	0.0895	-2.0000
0.2022	0.0788	-2.0000
0.1971	0.0677	-2.0000
0.1932	0.0571	-2.0000
0.1877	0.0481	-2.0000
0.1851	0.0452	-2.0000
0.1843	0.0437	-2.0000
0.1829	0.0436	-2.0000
0.1813	0.0426	-2.0000
0.1795	0.0417	-3.0000
0.1743	0.0379	-3.0000
0.1700	0.0354	-3.0000
0.1682	0.0330	-3.0000
0.1643	0.0315	-3.0000
0.1619	0.0293	-3.0000
0.1582	0.0267	-3.0000
0.1529	0.0240	-3.0000
0.1292	0.0071	-3.0000
0.1076	-0.0074	-3.0000
0.0720	-0.0313	-3.0000
0.0439	-0.0502	-3.0000
0.0260	-0.1285	-2.0000
-0.1238	-0.1842	-1.0000
0.1170	0.3153	-2.0000
0.1331	0.3305	-2.0000
0.1469	0.3445	-1.0000
0.1597	0.3568	0.0000
0.1716	0.3675	0.0000
0.1827	0.3769	0.0000
0.1931	0.3850	0.0000
0.2026	0.3920	0.0000
0.2115	0.3978	0.0000
0.2198	0.4028	0.0000
0.2274	0.4068	0.0000
0.2345	0.4101	0.0000
0.2411	0.4127	0.0000
0.2472	0.4146	0.0000
0.2516	0.4167	0.0000
0.2569	0.4175	0.0000
0.2618	0.4179	0.0000
0.2651	0.4186	0.0000
0.2694	0.4181	0.0000
0.2721	0.4181	-1.0000
0.2757	0.4171	0.0000
0.2779	0.4165	-1.0000
0.2812	0.4150	0.0000
0.2829	0.4140	-1.0000
0.2857	0.4121	0.0000
0.2871	0.4107	-1.0000
0.2896	0.4084	0.0000
0.2907	0.4068	-1.0000
0.2929	0.4044	0.0000
0.2937	0.4025	0.0000
0.2944	0.4006	-1.0000
0.2963	0.3979	0.0000
0.2968	0.3958	0.0000
0.2984	0.3930	0.0000
0.2988	0.3908	0.0000
0.2990	0.3886	0.0000
0.3005	0.3857	0.0000
0.3006	0.3834	0.0000
0.3007	0.3811	-1.0000
0.3007	0.3788	-1.0000
0.3019	0.3759	0.0000
0.3018	0.3736	0.0000
0.3017	0.3712	-1.0000
0.3027	0.3683	0.0000
0.3025	0.3660	0.0000
0.3023	0.3637	0.0000
0.3013	0.3574	-1.0000
0.2985	0.3444	-1.0000
0.2953	0.3309	-1.0000
0.2916	0.3172	-1.0000
0.2880	0.3047	-1.0000
0.2833	0.2894	-1.0000
0.2787	0.2752	-1.0000
0.2739	0.2612	-1.0000
0.2689	0.2471	-1.0000
0.2637	0.2332	-1.0000
0.2587	0.2200	-2.0000
0.2533	0.2062	-2.0000
0.2478	0.1924	-2.0000
0.2426	0.1795	-2.0000
0.2370	0.1661	-2.0000
0.2500	0.1505	-1.0000
0.2208	0.1285	-2.0000
0.2167	0.1163	-2.0000
0.2116	0.1050	-2.0000
0.2061	0.0929	-2.0000
0.2010	0.0819	-2.0000
0.1907	0.0600	-2.0000
0.1858	0.0497	-2.0000
0.1793	0.0413	-3.0000
0.1775	0.0403	-3.0000
0.1739	0.0380	-3.0000
0.1681	0.0336	-3.0000
0.1665	0.0315	-3.0000
0.1600	0.0281	-3.0000
0.1524	0.0230	-3.0000
0.1471	0.0200	-3.0000
0.1428	0.0165	-3.0000
0.1215	0.0021	-3.0000
0.1116	-0.0048	-3.0000
0.0823	-0.0240	-3.0000
0.0620	-0.0381	-3.0000
0.1144	0.3121	-2.0000
0.1282	0.3268	-1.0000
0.1411	0.3399	0.0000
0.1546	0.3511	-1.0000
0.1659	0.3615	-1.0000
0.1766	0.3707	-1.0000
0.1866	0.3788	-1.0000
0.1959	0.3859	-1.0000
0.2046	0.3920	-1.0000
0.2115	0.3978	0.0000
0.2192	0.4023	0.0000
0.2263	0.4060	0.0000
0.2330	0.4091	0.0000
0.2379	0.4123	0.0000
0.2438	0.4142	0.0000
0.2493	0.4156	0.0000
0.2531	0.4173	0.0000
0.2579	0.4178	0.0000
0.2624	0.4180	0.0000
0.2654	0.4186	0.0000
0.2694	0.4181	0.0000
0.2718	0.4181	-1.0000
0.2753	0.4172	0.0000
0.2774	0.4167	-1.0000
0.2805	0.4153	0.0000
0.2821	0.4145	0.0000
0.2849	0.4127	0.0000
0.2863	0.4116	0.0000
0.2875	0.4103	-1.0000
0.2898	0.4082	0.0000
0.2908	0.4067	-1.0000
0.2929	0.4044	0.0000
0.2936	0.4027	0.0000
0.2943	0.4009	-1.0000
0.2961	0.3984	0.0000
0.2966	0.3965	0.0000
0.2970	0.3946	-1.0000
0.2986	0.3920	0.0000
0.2989	0.3900	0.0000
0.2991	0.3880	-1.0000
0.3005	0.3853	0.0000
0.3006	0.3832	0.0000
0.3007	0.3811	-1.0000
0.3003	0.3767	-1.0000
0.2985	0.3635	-1.0000
0.2961	0.3507	-1.0000
0.2931	0.3370	-1.0000
0.2898	0.3237	-1.0000
0.2856	0.3085	-1.0000
0.2818	0.2956	-1.0000
0.2774	0.2816	-1.0000
0.2726	0.2672	-1.0000
0.2678	0.2533	-1.0000
0.2627	0.2390	-2.0000
0.2576	0.2252	-2.0000
0.2522	0.2111	-2.0000
0.2637	0.1949	-1.0000
0.2416	0.1843	-2.0000
0.2355	0.1696	-2.0000
0.2307	0.1583	-2.0000
0.2251	0.1449	-2.0000
0.2197	0.1324	-2.0000
0.2157	0.1204	-2.0000
0.2104	0.1084	-2.0000
0.2049	0.0963	-2.0000
0.1997	0.0849	-2.0000
0.2086	0.0729	-2.0000
0.1898	0.0631	-2.0000
0.1759	0.0387	-3.0000
0.1739	0.0378	-3.0000
0.1701	0.0355	-3.0000
0.1681	0.0341	-3.0000
0.1662	0.0325	-3.0000
0.1640	0.0309	-3.0000
0.1608	0.0289	-3.0000
0.1508	0.0223	-3.0000
0.1468	0.0194	-3.0000
0.0938	0.2359	-3.0000
0.1233	0.0032	-3.0000
0.1138	-0.0028	-3.0000
0.1041	-0.0104	-3.0000
0.0902	-0.0188	-3.0000
0.0338	-0.0830	-2.0000
0.1123	0.3095	-2.0000
0.1251	0.3231	-2.0000
0.1373	0.3355	-1.0000
0.1488	0.3467	0.0000
0.1597	0.3568	0.0000
0.1699	0.3657	0.0000
0.1796	0.3737	0.0000
0.1886	0.3808	0.0000
0.1972	0.3870	-1.0000
0.2052	0.3925	-1.0000
0.2115	0.3978	0.0000
0.2187	0.4019	0.0000
0.2254	0.4053	0.0000
0.2317	0.4082	0.0000
0.2363	0.4113	0.0000
0.2419	0.4132	0.0000
0.2472	0.4146	0.0000
0.2509	0.4163	0.0000
0.2556	0.4170	0.0000
0.2588	0.4181	-1.0000
0.2629	0.4181	0.0000
0.2656	0.4186	-1.0000
0.2694	0.4181	0.0000
0.2716	0.4182	-1.0000
0.2750	0.4172	0.0000
0.2769	0.4168	0.0000
0.2799	0.4156	0.0000
0.2815	0.4148	0.0000
0.2829	0.4140	-1.0000
0.2855	0.4123	0.0000
0.2867	0.4111	0.0000
0.2890	0.4092	0.0000
0.2900	0.4079	0.0000
0.2909	0.4065	-1.0000
0.2929	0.4044	0.0000
0.2936	0.4028	0.0000
0.2942	0.4012	-1.0000
0.2960	0.3989	0.0000
0.2965	0.3972	0.0000
0.2969	0.3954	-1.0000
0.2972	0.3928	-1.0000
0.2968	0.3831	-1.0000
0.2954	0.3695	-1.0000
0.2936	0.3575	-1.0000
0.2909	0.3438	-1.0000
0.2877	0.3297	-1.0000
0.2842	0.3161	-1.0000
0.2803	0.3022	-1.0000
0.2761	0.2885	-1.0000
0.2725	0.2770	-1.0000
0.2668	0.2599	-1.0000
0.2616	0.2451	-2.0000
0.2702	0.4176	-1.0000
0.2514	0.2174	-2.0000
0.2462	0.2039	-2.0000
0.2628	0.1859	-1.0000
0.2353	0.1762	-2.0000
0.2299	0.1630	-2.0000
0.2494	0.1462	0.0000
0.2229	0.1367	-2.0000
0.2135	0.1248	-2.0000
0.2094	0.1124	-2.0000
0.2042	0.1007	-2.0000
0.2202	0.0866	-2.0000
0.1974	0.0770	-2.0000
0.1883	0.0660	-2.0000
0.1755	0.0388	-3.0000
0.1741	0.0375	-3.0000
0.1705	0.0352	-3.0000
0.1684	0.0341	-3.0000
0.1075	0.3022	-3.0000
0.1565	0.0261	-3.0000
0.1466	0.0189	-3.0000
0.1413	0.0158	-3.0000
0.1369	0.0125	-3.0000
0.1159	-0.0012	-3.0000
0.0961	-0.0149	-3.0000
0.0823	-0.0240	-3.0000
0.0439	-0.0502	-3.0000
0.1104	0.3072	-3.0000
0.1225	0.3200	-2.0000
0.1341	0.3317	-1.0000
0.1450	0.3424	-1.0000
0.1554	0.3520	-1.0000
0.1652	0.3607	-1.0000
0.1745	0.3686	-1.0000
0.1820	0.3762	0.0000
0.1904	0.3825	0.0000
0.1983	0.3880	0.0000
0.2057	0.3929	-1.0000
0.2115	0.3978	0.0000
0.2182	0.4016	0.0000
0.2246	0.4047	0.0000
0.2293	0.4081	0.0000
0.2349	0.4104	0.0000
0.2403	0.4122	0.0000
0.2441	0.4144	0.0000
0.2490	0.4154	0.0000
0.2523	0.4169	0.0000
0.2566	0.4174	0.0000
0.2595	0.4183	-1.0000
0.2634	0.4182	0.0000
0.2658	0.4186	-1.0000
0.2694	0.4181	0.0000
0.2715	0.4182	-1.0000
0.2747	0.4173	0.0000
0.2764	0.4169	0.0000
0.2781	0.4165	-1.0000
0.2809	0.4151	0.0000
0.2823	0.4144	0.0000
0.2848	0.4128	0.0000
0.2860	0.4118	0.0000
0.2870	0.4108	-1.0000
0.2893	0.4089	0.0000
0.2901	0.4077	0.0000
0.2909	0.4064	-1.0000
0.2929	0.4044	0.0000
0.2920	0.4031	-1.0000
0.2927	0.3868	-1.0000
0.2924	0.3757	-1.0000
0.2904	0.3628	-1.0000
0.2864	0.4072	-1.0000
0.2855	0.3366	-1.0000
0.2829	0.4085	-1.0000
0.2785	0.3088	-1.0000
0.2739	0.2928	-1.0000
0.2700	0.2799	-1.0000
0.2653	0.2654	-2.0000
0.2606	0.2514	-2.0000
0.2553	0.2365	-2.0000
0.2507	0.2240	-2.0000
0.2449	0.2085	-2.0000
0.2395	0.1945	-2.0000
0.2342	0.1810	-2.0000
0.2290	0.1680	-2.0000
0.2234	0.1547	-2.0000
0.2192	0.1415	-2.0000
0.2399	0.1253	-1.0000
0.2084	0.1164	-2.0000
0.2044	0.1041	-2.0000
0.2255	0.0895	-1.0000
0.1922	0.0802	-2.0000
0.1869	0.0688	-2.0000
0.1821	0.0584	-3.0000
0.1721	0.0370	-3.0000
0.1702	0.0356	-3.0000
0.1678	0.0331	-3.0000
0.1658	0.0319	-3.0000
0.1627	0.0303	-3.0000
0.1609	0.0285	-3.0000
0.1489	0.0210	-3.0000
0.1451	0.0185	-3.0000
0.1411	0.0157	-3.0000
0.1314	0.0088	-3.0000
0.1254	0.0048	-3.0000
0.0812	0.1639	-3.0000
0.1099	-0.0054	-3.0000
0.0740	0.1117	-3.0000
0.0898	-0.0196	-3.0000
0.0759	-0.0290	-3.0000
0.0402	-0.0619	-3.0000
0.0270	-0.1187	-2.0000
0.1190	0.3177	-1.0000
0.1299	0.3288	0.0000
0.1403	0.3390	0.0000
0.1502	0.3483	0.0000
0.1597	0.3568	0.0000
0.1687	0.3644	-1.0000
0.1772	0.3714	-1.0000
0.1854	0.3776	-1.0000
0.1918	0.3838	0.0000
0.1992	0.3888	0.0000
0.2062	0.3933	-1.0000
0.2115	0.3978	0.0000
0.2178	0.4013	0.0000
0.2239	0.4042	-1.0000
0.2283	0.4075	0.0000
0.2337	0.4096	0.0000
0.2376	0.4120	0.0000
0.2425	0.4135	0.0000
0.2472	0.4146	0.0000
0.2504	0.4161	0.0000
0.2547	0.4167	0.0000
0.2575	0.4177	0.0000
0.2600	0.4185	-1.0000
0.2637	0.4183	0.0000
0.2660	0.4187	-1.0000
0.2694	0.4181	0.0000
0.2713	0.4182	-1.0000
0.2744	0.4173	0.0000
0.2761	0.4170	0.0000
0.2776	0.4166	-1.0000
0.2803	0.4154	0.0000
0.2817	0.4147	0.0000
0.2829	0.4140	-1.0000
0.2853	0.4124	0.0000
0.2861	0.4112	0.0000
0.2889	0.4037	-1.0000
0.2828	0.4130	-1.0000
0.2881	0.3807	-1.0000
0.2871	0.3688	-1.0000
0.2854	0.3562	-1.0000
0.2819	0.4038	-1.0000
0.2832	0.3996	-1.0000
0.2789	0.4031	-1.0000
0.2728	0.3011	-1.0000
0.2685	0.2863	-1.0000
0.2642	0.2724	-2.0000
0.2544	0.2433	-2.0000
0.2493	0.2289	-2.0000
0.2672	0.2107	-1.0000
0.2388	0.2006	-2.0000
0.2333	0.1867	-2.0000
0.2280	0.1730	-2.0000
0.2508	0.1552	-1.0000
0.2169	0.1464	-2.0000
0.2116	0.1335	-2.0000
0.2128	0.1199	-2.0000
0.2302	0.1049	-2.0000
0.1967	0.0964	-2.0000
0.1913	0.0844	-2.0000
0.1855	0.0716	-2.0000
0.1822	0.0614	-3.0000
0.1909	0.0496	-2.0000
0.1708	0.0397	-3.0000
0.1660	0.0323	-3.0000
0.1640	0.0310	-3.0000
0.1623	0.0294	-3.0000
0.1567	0.0264	-3.0000
0.1545	0.0246	-3.0000
0.1486	0.0205	-3.0000
0.1449	0.0181	-3.0000
0.1419	0.0146	-3.0000
0.1314	0.0092	-3.0000
0.1197	0.0012	-3.0000
0.0794	0.1471	-3.0000
0.1040	-0.0094	-3.0000
0.0941	-0.0161	-3.0000
0.0517	-0.0456	-3.0000
0.0360	-0.0745	-3.0000
0.0239	-0.1392	-1.0000
-0.1734	-0.2657	-1.0000
0.1170	0.3153	-2.0000
0.1274	0.3258	-1.0000
0.1373	0.3355	-1.0000
0.1469	0.3445	-1.0000
0.1559	0.3527	-1.0000
0.1646	0.3601	-1.0000
0.1716	0.3675	0.0000
0.1796	0.3737	0.0000
0.1871	0.3793	-1.0000
0.1931	0.3850	0.0000
0.2000	0.3896	0.0000
0.2065	0.3936	-1.0000
0.2115	0.3978	0.0000
0.2175	0.4010	0.0000
0.2232	0.4038	-1.0000
0.2274	0.4068	0.0000
0.2326	0.4089	0.0000
0.2363	0.4113	0.0000
0.2411	0.4127	0.0000
0.2444	0.4145	0.0000
0.2487	0.4153	0.0000
0.2516	0.4167	0.0000
0.2556	0.4170	0.0000
0.2581	0.4179	0.0000
0.2618	0.4179	0.0000
0.2640	0.4184	0.0000
0.2661	0.4187	-1.0000
0.2694	0.4181	0.0000
0.2712	0.4182	-1.0000
0.2742	0.4173	0.0000
0.2757	0.4171	0.0000
0.2772	0.4167	-1.0000
0.2802	0.4122	-1.0000
0.2801	0.4110	-1.0000
0.2818	0.4049	-1.0000
0.2838	0.3858	-1.0000
0.2837	0.3747	-1.0000
0.2823	0.3627	-1.0000
0.2802	0.3492	-1.0000
0.2782	0.3390	-1.0000
0.2745	0.3218	-1.0000
0.2697	0.3086	-1.0000
0.2656	0.2932	-1.0000
0.2614	0.2794	-2.0000
0.2568	0.2645	-2.0000
0.2519	0.2499	-2.0000
0.2481	0.2349	-2.0000
0.2430	0.2206	-2.0000
0.2376	0.2060	-2.0000
0.2323	0.1921	-2.0000
0.2356	0.1769	-2.0000
0.2214	0.1644	-2.0000
0.2159	0.1511	-2.0000
0.2105	0.1380	-2.0000
0.2049	0.1249	-2.0000
0.2042	0.1121	-2.0000
0.2163	0.0977	-2.0000
0.2243	0.0845	-1.0000
0.1849	0.0762	-3.0000
0.2049	0.0627	-2.0000
0.1758	0.0534	-3.0000
0.1644	0.0318	-3.0000
0.1624	0.0302	-3.0000
0.1587	0.0270	-3.0000
0.1507	0.0221	-3.0000
0.1409	0.0152	-3.0000
0.0899	0.2191	-3.0000
0.1273	0.0059	-3.0000
0.1154	-0.0023	-3.0000
0.0982	-0.0133	-3.0000
0.0882	-0.0201	-3.0000
0.0762	-0.0283	-3.0000
0.0439	-0.0502	-3.0000
0.0335	-0.0872	-2.0000
0.1152	0.3131	-2.0000
0.1251	0.3231	-2.0000
0.1347	0.3324	-1.0000
0.1438	0.3410	-1.0000
0.1513	0.3495	0.0000
0.1597	0.3568	0.0000
0.1677	0.3635	-1.0000
0.1755	0.3696	-1.0000
0.1816	0.3757	0.0000
0.1886	0.3808	-1.0000
0.1954	0.3854	-1.0000
0.2006	0.3902	0.0000
0.2069	0.3939	-1.0000
0.2115	0.3978	0.0000
0.2172	0.4008	0.0000
0.2227	0.4034	-1.0000
0.2267	0.4063	0.0000
0.2317	0.4082	0.0000
0.2352	0.4105	0.0000
0.2398	0.4119	0.0000
0.2430	0.4137	0.0000
0.2472	0.4146	0.0000
0.2500	0.4159	0.0000
0.2527	0.4171	0.0000
0.2564	0.4173	0.0000
0.2588	0.4181	-1.0000
0.2622	0.4180	0.0000
0.2643	0.4184	0.0000
0.2663	0.4187	-1.0000
0.2694	0.4181	0.0000
0.2799	0.4153	0.0000
0.2762	0.4067	-1.0000
0.2764	0.4044	-1.0000
0.2792	0.3797	-1.0000
0.2492	0.4155	0.0000
0.2713	0.3309	-1.0000
0.2638	0.3003	-1.0000
0.2596	0.2854	-2.0000
0.2551	0.2705	-2.0000
0.2506	0.2562	-2.0000
0.2453	0.2405	-2.0000
0.2404	0.2262	-2.0000
0.2349	0.2111	-2.0000
0.2300	0.1980	-2.0000
0.2255	0.1827	-2.0000
0.2149	0.1560	-2.0000
0.2097	0.1432	-2.0000
0.2040	0.1295	-2.0000
0.1981	0.1157	-2.0000
0.1879	0.0918	-3.0000
0.1824	0.0798	-3.0000
0.2002	0.0662	-2.0000
0.1681	0.0454	-3.0000
0.1631	0.0345	-3.0000
0.1569	0.0265	-3.0000
0.1548	0.0251	-3.0000
0.1527	0.0234	-3.0000
0.1477	0.0188	-3.0000
0.1330	0.0096	-3.0000
0.1275	0.0064	-3.0000
0.1218	0.0028	-3.0000
0.1159	-0.0012	-3.0000
0.0937	-0.0170	-3.0000
0.0823	-0.0240	-3.0000
0.0702	-0.0324	-3.0000
0.0559	-0.0423	-3.0000
0.0411	-0.0593	-3.0000
-0.1063	-0.1698	-2.0000
0.1136	0.3112	-2.0000
0.1231	0.3207	-2.0000
0.1323	0.3296	-2.0000
0.1398	0.3384	0.0000
0.1483	0.3461	-1.0000
0.1564	0.3531	-1.0000
0.1642	0.3597	-1.0000
0.1704	0.3663	0.0000
0.1777	0.3718	-1.0000
0.1846	0.3768	-1.0000
0.1900	0.3821	0.0000
0.1964	0.3863	-1.0000
0.2012	0.3907	0.0000
0.2071	0.3941	-1.0000
0.2115	0.3978	-1.0000
0.2170	0.4006	0.0000
0.2209	0.4037	0.0000
0.2260	0.4058	0.0000
0.2295	0.4083	0.0000
0.2342	0.4099	0.0000
0.2374	0.4119	0.0000
0.2417	0.4130	0.0000
0.2446	0.4146	0.0000
0.2486	0.4152	0.0000
0.2511	0.4164	0.0000
0.2548	0.4167	0.0000
0.2571	0.4176	0.0000
0.2596	0.4175	-1.0000
0.2673	0.4076	-1.0000
0.2490	0.4153	0.0000
0.2737	0.3963	-1.0000
0.2411	0.4127	0.0000
0.2745	0.3733	-1.0000
0.2736	0.3612	-1.0000
0.2706	0.3488	-1.0000
0.2682	0.3353	-1.0000
0.2653	0.3212	-1.0000
0.2618	0.3069	-1.0000
0.2576	0.2910	-2.0000
0.2537	0.2774	-2.0000
0.2495	0.2637	-2.0000
0.2443	0.2477	-2.0000
0.2424	0.2324	-2.0000
0.2356	0.2180	-2.0000
0.2594	0.1988	-1.0000
0.2235	0.1894	-2.0000
0.2380	0.1721	-2.0000
0.2126	0.1614	-2.0000
0.2071	0.1470	-2.0000
0.1974	0.1210	-2.0000
0.2309	0.1036	-1.0000
0.1866	0.0956	-3.0000
0.1812	0.0833	-3.0000
0.2174	0.0680	0.0000
0.1706	0.0597	-3.0000
0.1668	0.0483	-3.0000
0.1617	0.0372	-3.0000
0.1544	0.0245	-3.0000
0.1524	0.0229	-3.0000
0.1489	0.0211	-3.0000
0.1467	0.0192	-3.0000
0.1431	0.0172	-3.0000
0.1408	0.0149	-3.0000
0.0899	0.2191	-3.0000
0.0884	0.2067	-3.0000
0.1277	0.0068	-3.0000
0.1177	-0.0002	-3.0000
0.1119	-0.0046	-3.0000
0.0762	0.1239	-3.0000
0.0976	-0.0144	-3.0000
0.0880	-0.0206	-3.0000
0.0782	-0.0282	-3.0000
0.0499	-0.0464	-3.0000
0.0285	-0.1139	-2.0000
-0.1917	-0.3078	-1.0000
0.1123	0.3095	-2.0000
0.1214	0.3186	-2.0000
0.1289	0.3276	0.0000
0.1373	0.3355	-1.0000
0.1455	0.3429	-1.0000
0.1521	0.3504	0.0000
0.1597	0.3568	0.0000
0.1670	0.3627	-1.0000
0.1728	0.3687	0.0000
0.1796	0.3737	0.0000
0.1861	0.3783	-1.0000
0.1911	0.3832	0.0000
0.1972	0.3870	-1.0000
0.2017	0.3912	0.0000
0.2074	0.3943	-1.0000
0.2115	0.3978	-1.0000
0.2168	0.4004	0.0000
0.2205	0.4033	0.0000
0.2254	0.4053	0.0000
0.2288	0.4078	0.0000
0.2333	0.4093	0.0000
0.2363	0.4113	0.0000
0.2405	0.4123	0.0000
0.2433	0.4139	0.0000
0.2472	0.4146	0.0000
0.2485	0.4152	0.0000
0.2373	0.4113	0.0000
0.2332	0.4093	0.0000
0.2106	0.3971	-1.0000
0.2591	0.3115	-1.0000
0.2560	0.2989	-2.0000
0.2519	0.2840	-2.0000
0.2471	0.2677	-2.0000
0.2429	0.2537	-2.0000
0.2380	0.2391	-2.0000
0.2325	0.2232	-2.0000
0.2277	0.2095	-2.0000
0.2625	0.1885	-1.0000
0.2172	0.1807	-2.0000
0.2115	0.1665	-2.0000
0.2456	0.1468	-1.0000
0.2019	0.1387	-2.0000
0.1951	0.1254	-2.0000
0.1908	0.1123	-2.0000
0.2244	0.0953	-2.0000
0.1747	0.0750	-3.0000
0.1694	0.0630	-3.0000
0.1873	0.0500	-2.0000
0.1603	0.0400	-3.0000
0.1566	0.0290	-3.0000
0.1509	0.0224	-3.0000
0.1487	0.0207	-3.0000
0.1432	0.0168	-3.0000
0.1394	0.0148	-3.0000
0.1331	0.0099	-3.0000
0.1292	0.0071	-3.0000
0.1237	0.0041	-3.0000
0.1195	0.0007	-3.0000
0.0790	0.1497	-3.0000
0.1076	-0.0074	-3.0000
0.1000	-0.0122	-3.0000
0.0920	-0.0177	-3.0000
0.0720	-0.0313	-3.0000
0.0439	-0.0502	-3.0000
0.0260	-0.1285	-2.0000
-0.1958	-0.3193	-1.0000
0.1110	0.3079	-2.0000
0.1184	0.3171	-1.0000
0.1269	0.3253	-1.0000
0.1351	0.3329	-1.0000
0.1430	0.3401	-2.0000
0.1494	0.3473	0.0000
0.1567	0.3535	-1.0000
0.1626	0.3599	0.0000
0.1695	0.3653	0.0000
0.1761	0.3702	-1.0000
0.1812	0.3754	0.0000
0.1874	0.3797	-1.0000
0.1921	0.3842	0.0000
0.1979	0.3877	-1.0000
0.2022	0.3916	0.0000
0.2076	0.3945	-1.0000
0.2115	0.3978	-1.0000
0.2166	0.4002	0.0000
0.2201	0.4030	0.0000
0.2248	0.4049	0.0000
0.2281	0.4073	0.0000
0.2324	0.4087	0.0000
0.2354	0.4107	0.0000
0.2371	0.4116	0.0000
0.2336	0.4095	0.0000
0.2258	0.4055	0.0000
0.2208	0.4036	0.0000
0.2172	0.4007	0.0000
0.2134	0.3977	-1.0000
0.2042	0.3916	-1.0000
0.1948	0.3847	-1.0000
0.2571	0.3199	-1.0000
0.2538	0.3056	-2.0000
0.2484	0.2887	-2.0000
0.2445	0.2761	-2.0000
0.2399	0.2606	-2.0000
0.2353	0.2460	-2.0000
0.2303	0.2308	-2.0000
0.2265	0.2155	-2.0000
0.2212	0.2007	-2.0000
0.2150	0.1841	-2.0000
0.2104	0.1717	-2.0000
0.2046	0.1568	-2.0000
0.1995	0.1440	-2.0000
0.1939	0.1301	-2.0000
0.1886	0.1168	-3.0000
0.1829	0.1039	-3.0000
0.1787	0.0909	-3.0000
0.1734	0.0785	-3.0000
0.1681	0.0664	-3.0000
0.1628	0.0545	-3.0000
0.1576	0.0431	-3.0000
0.1538	0.0318	-3.0000
0.1451	0.0186	-3.0000
0.1395	0.0145	-3.0000
0.1369	0.0125	-3.0000
0.1332	0.0101	-3.0000
0.1293	0.0075	-3.0000
0.1253	0.0046	-3.0000
0.1198	0.0014	-3.0000
0.1155	-0.0021	-3.0000
0.1096	-0.0060	-3.0000
0.0758	0.1180	-3.0000
0.0959	-0.0153	-3.0000
0.0677	-0.0348	-3.0000
0.0540	-0.0435	-3.0000
0.0407	-0.0577	-3.0000
0.0328	-0.0898	-2.0000
0.1170	0.3153	-2.0000
0.1251	0.3231	-2.0000
0.1331	0.3305	-2.0000
0.1394	0.3380	0.0000
0.1469	0.3445	-1.0000
0.1540	0.3505	-1.0000
0.1597	0.3568	0.0000
0.1664	0.3620	-1.0000
0.1716	0.3675	0.0000
0.1779	0.3721	-1.0000
0.1827	0.3769	0.0000
0.1886	0.3808	-1.0000
0.1931	0.3850	0.0000
0.1986	0.3883	0.0000
0.2026	0.3920	0.0000
0.2078	0.3947	-1.0000
0.2115	0.3978	-1.0000
0.2164	0.4001	-1.0000
0.2198	0.4028	0.0000
0.2243	0.4046	0.0000
0.2230	0.4036	-1.0000
0.2160	0.3991	-1.0000
0.1820	0.3762	0.0000
0.2430	0.2837	-2.0000
0.2379	0.2662	-2.0000
0.2339	0.2525	-2.0000
0.2290	0.2372	-2.0000
0.2239	0.2222	-2.0000
0.2186	0.2069	-2.0000
0.2148	0.1918	-2.0000
0.2071	0.1754	-2.0000
0.2038	0.1628	-2.0000
0.1982	0.1486	-2.0000
0.1927	0.1347	-2.0000
0.2352	0.1153	-1.0000
0.1831	0.1078	-3.0000
0.1755	0.0930	-3.0000
0.1708	0.0822	-3.0000
0.2043	0.0668	-2.0000
0.1963	0.0554	-2.0000
0.1561	0.0458	-3.0000
0.0979	0.2536	-3.0000
0.1460	0.0235	-3.0000
0.1428	0.0165	-3.0000
0.1393	0.0146	-3.0000
0.1333	0.0102	-3.0000
0.1294	0.0077	-3.0000
0.1255	0.0050	-3.0000
0.0828	0.1725	-3.0000
0.1159	-0.0012	-3.0000
0.1116	-0.0048	-3.0000
0.1057	-0.0088	-3.0000
0.0918	-0.0183	-3.0000
0.0738	-0.0305	-3.0000
-0.2094	-0.3310	0.0000
0.1156	0.3136	-2.0000
0.1235	0.3212	-2.0000
0.1299	0.3288	0.0000
0.1373	0.3355	-1.0000
0.1445	0.3419	-1.0000
0.1502	0.3483	0.0000
0.1570	0.3538	-1.0000
0.1623	0.3596	0.0000
0.1687	0.3644	-1.0000
0.1749	0.3690	-1.0000
0.1796	0.3737	-1.0000
0.1854	0.3776	-1.0000
0.1897	0.3818	0.0000
0.1952	0.3852	-1.0000
0.1992	0.3888	0.0000
0.2043	0.3917	-1.0000
0.2080	0.3949	-1.0000
0.2115	0.3978	-1.0000
0.2159	0.3997	-1.0000
0.2029	0.3921	0.0000
0.1991	0.3887	0.0000
0.1901	0.3822	0.0000
0.1861	0.3783	-1.0000
0.1807	0.3749	0.0000
0.1668	0.3624	-1.0000
0.1403	0.3390	0.0000
0.1356	0.3335	-1.0000
0.2224	0.2281	-2.0000
0.1247	0.3226	-2.0000
0.2068	0.1832	-2.0000
0.1087	0.3057	-3.0000
0.1957	0.1540	-2.0000
0.1902	0.1397	-2.0000
0.1847	0.1260	-3.0000
0.1804	0.1122	-3.0000
0.1737	0.0960	-3.0000
0.1697	0.0863	-3.0000
0.1641	0.0735	-3.0000
0.1595	0.0596	-3.0000
0.1497	0.0375	-3.0000
0.0937	0.2367	-3.0000
0.1369	0.0125	-3.0000
0.0881	0.2093	-3.0000
0.1296	0.0080	-3.0000
0.1217	0.0027	-3.0000
0.1177	-0.0004	-3.0000
0.0794	0.1471	-3.0000
0.1017	-0.0115	-3.0000
0.0941	-0.0161	-3.0000
0.0877	-0.0212	-3.0000
0.0782	-0.0270	-3.0000
0.0682	-0.0337	-3.0000
0.0578	-0.0413	-3.0000
0.0360	-0.0745	-3.0000
0.0290	-0.1110	-2.0000
-0.0858	-0.1547	-2.0000
0.1144	0.3121	-2.0000
0.1221	0.3194	-2.0000
0.1282	0.3268	-1.0000
0.1354	0.3333	-1.0000
0.1411	0.3399	0.0000
0.1479	0.3457	-1.0000
0.1546	0.3511	-1.0000
0.1597	0.3568	0.0000
0.1659	0.3615	-1.0000
0.1707	0.3666	0.0000
0.1766	0.3707	-1.0000
0.1810	0.3752	0.0000
0.1866	0.3788	-1.0000
0.1907	0.3828	0.0000
0.1959	0.3858	-1.0000
0.1997	0.3893	0.0000
0.2046	0.3920	-1.0000
0.2009	0.3904	0.0000
0.1973	0.3871	-1.0000
0.1886	0.3808	0.0000
0.1848	0.3771	-1.0000
0.1796	0.3738	0.0000
0.1757	0.3698	-1.0000
0.1703	0.3661	0.0000
0.1662	0.3618	-1.0000
0.1509	0.3490	0.0000
0.1304	0.3294	0.0000
0.1199	0.3188	-1.0000
0.2588	0.2125	-2.0000
0.2109	0.2038	-2.0000
0.2041	0.1890	-2.0000
0.2000	0.1738	-2.0000
0.1945	0.1590	-2.0000
0.1904	0.1446	-2.0000
0.1835	0.1307	-3.0000
0.1767	0.1140	-3.0000
0.1773	0.1030	-3.0000
0.1669	0.0900	-3.0000
0.2013	0.0739	-2.0000
0.1575	0.0647	-3.0000
0.1521	0.0524	-3.0000
0.1469	0.0405	-3.0000
0.0913	0.2301	-3.0000
0.1379	0.0176	-3.0000
0.1334	0.0104	-3.0000
0.1297	0.0082	-3.0000
0.1272	0.0058	-3.0000
0.1233	0.0032	-3.0000
0.1193	0.0003	-3.0000
0.0769	0.1364	-3.0000
0.0978	-0.0141	-3.0000
0.0690	0.0573	-3.0000
0.0741	-0.0299	-3.0000
0.0338	-0.0830	-2.0000
0.0217	-0.1572	-1.0000
-0.3837	-0.7288	0.0000
0.1133	0.3107	-2.0000
0.1194	0.3182	-1.0000
0.1266	0.3249	-1.0000
0.1336	0.3312	-1.0000
0.1391	0.3377	0.0000
0.1458	0.3433	-1.0000
0.1510	0.3491	0.0000
0.1573	0.3541	-1.0000
0.1621	0.3593	0.0000
0.1680	0.3637	-1.0000
0.1725	0.3684	0.0000
0.1782	0.3723	-1.0000
0.1823	0.3765	0.0000
0.1877	0.3799	-1.0000
0.1915	0.3836	0.0000
0.1909	0.3830	0.0000
0.1873	0.3795	-1.0000
0.1748	0.3689	-1.0000
0.1657	0.3612	-1.0000
0.1604	0.3575	0.0000
0.1563	0.3530	-1.0000
0.1467	0.3443	-1.0000
0.1325	0.3299	-2.0000
0.1121	0.3092	-2.0000
0.1064	0.3049	-3.0000
0.2028	0.1949	-2.0000
0.1973	0.1797	-2.0000
0.1920	0.1648	-2.0000
0.1864	0.1501	-3.0000
0.1020	0.2746	-3.0000
0.2310	0.1148	-2.0000
0.1741	0.1074	-3.0000
0.2200	0.0887	-2.0000
0.1600	0.0808	-3.0000
0.1534	0.0652	-3.0000
0.1506	0.0556	-3.0000
0.1509	0.0432	-3.0000
0.1402	0.0317	-3.0000
0.1351	0.0202	-3.0000
0.1298	0.0085	-3.0000
0.1273	0.0061	-3.0000
0.1236	0.0036	-3.0000
0.1196	0.0010	-3.0000
0.1156	-0.0019	-3.0000
0.0776	0.1411	-3.0000
0.0745	0.1290	-3.0000
0.0999	-0.0125	-3.0000
0.0939	-0.0167	-3.0000
0.0869	-0.0224	-3.0000
0.0700	-0.0328	-3.0000
0.0600	-0.0396	-3.0000
0.0480	-0.0474	-3.0000
0.0392	-0.0637	-3.0000
0.0318	-0.0916	-2.0000
0.0237	-0.1350	-2.0000
0.1122	0.3095	-2.0000
0.1181	0.3167	-1.0000
0.1251	0.3231	-2.0000
0.1307	0.3297	0.0000
0.1373	0.3355	-1.0000
0.1438	0.3410	-1.0000
0.1488	0.3467	0.0000
0.1550	0.3516	-1.0000
0.1597	0.3568	-1.0000
0.1655	0.3611	-1.0000
0.1699	0.3657	0.0000
0.1755	0.3696	-1.0000
0.1796	0.3737	-1.0000
0.1812	0.3754	0.0000
0.1777	0.3718	-1.0000
0.1727	0.3686	0.0000
0.1690	0.3647	0.0000
0.1652	0.3607	-1.0000
0.1600	0.3571	0.0000
0.1561	0.3529	-1.0000
0.1509	0.3490	0.0000
0.1469	0.3445	-1.0000
0.1374	0.3356	0.0000
0.1235	0.3212	-2.0000
0.1179	0.3164	-1.0000
0.1136	0.3111	-2.0000
0.1088	0.3067	-2.0000
0.1076	0.2974	-3.0000
0.2463	0.1779	-2.0000
0.1906	0.1702	-2.0000
0.1886	0.1396	-3.0000
0.1741	0.1264	-3.0000
0.1684	0.1122	-3.0000
0.2066	0.0940	-2.0000
0.1587	0.0849	-3.0000
0.1631	0.0712	-3.0000
0.1480	0.0592	-3.0000
0.1834	0.0445	-2.0000
0.0894	0.2103	-3.0000
0.0876	0.2013	-3.0000
0.1338	0.0114	-3.0000
0.0844	0.1813	-3.0000
0.1203	0.0011	-3.0000
0.0806	0.1582	-3.0000
0.1119	-0.0042	-3.0000
0.1076	-0.0074	-3.0000
0.1019	-0.0110	-3.0000
0.0718	0.0788	-3.0000
0.0743	-0.0294	-3.0000
0.0380	-0.0708	-3.0000
0.0300	-0.1003	-2.0000
0.0228	-0.1484	-1.0000
-0.1602	-0.2231	-1.0000
0.1113	0.3083	-2.0000
0.1170	0.3153	-2.0000
0.1238	0.3215	-2.0000
0.1291	0.3279	0.0000
0.1356	0.3336	-1.0000
0.1407	0.3394	0.0000
0.1468	0.3445	-1.0000
0.1516	0.3498	0.0000
0.1575	0.3543	-1.0000
0.1619	0.3591	0.0000
0.1675	0.3632	-1.0000
0.1716	0.3675	0.0000
0.1684	0.3641	-1.0000
0.1647	0.3602	-1.0000
0.1597	0.3568	-1.0000
0.1470	0.3447	-1.0000
0.1431	0.3402	-1.0000
0.1379	0.3362	0.0000
0.1339	0.3315	-1.0000
0.1286	0.3273	-1.0000
0.1245	0.3224	-2.0000
0.1191	0.3179	-1.0000
0.1150	0.3128	-2.0000
0.1108	0.3077	-2.0000
0.1036	0.2974	-3.0000
0.0992	0.3003	-3.0000
0.1030	0.2816	-3.0000
0.2608	0.1813	-1.0000
0.1878	0.1762	-2.0000
0.1814	0.1583	-3.0000
0.2269	0.1393	-2.0000
0.1713	0.1314	-3.0000
0.1669	0.1164	-3.0000
0.1871	0.1002	-3.0000
0.1493	0.0727	-3.0000
0.0899	0.2191	-3.0000
0.1848	0.0475	-2.0000
0.1357	0.0375	-3.0000
0.1305	0.0255	-3.0000
0.1255	0.0141	-3.0000
0.1136	-0.0033	-3.0000
0.1095	-0.0063	-3.0000
0.0752	0.1213	-3.0000
0.0982	-0.0133	-3.0000
0.0923	-0.0173	-3.0000
0.0861	-0.0217	-3.0000
0.0798	-0.0265	-3.0000
0.0718	-0.0320	-3.0000
0.0417	-0.0556	-3.0000
0.0354	-0.0781	-3.0000
0.0284	-0.1093	-2.0000
0.0218	-0.1573	0.0000
-0.1633	-0.2344	-1.0000
-0.5000	-0.8660	0.0000
0.1104	0.3072	-3.0000
0.1159	0.3140	-2.0000
0.1225	0.3200	-2.0000
0.1277	0.3262	-1.0000
0.1341	0.3317	-1.0000
0.1389	0.3374	0.0000
0.1450	0.3424	-1.0000
0.1496	0.3476	0.0000
0.1554	0.3520	-1.0000
0.1597	0.3568	-1.0000
0.1594	0.3565	-1.0000
0.1558	0.3525	-1.0000
0.1509	0.3490	0.0000
0.1434	0.3406	-1.0000
0.1383	0.3367	0.0000
0.1345	0.3322	-1.0000
0.1294	0.3282	0.0000
0.1255	0.3235	-1.0000
0.1215	0.3188	-2.0000
0.1163	0.3144	-2.0000
0.1123	0.3095	-2.0000
0.1075	0.3014	-3.0000
0.1077	0.2970	-3.0000
0.1065	0.2928	-3.0000
0.1042	0.2840	-3.0000
0.1031	0.2793	-3.0000
0.1020	0.2744	-3.0000
0.1827	0.1664	-3.0000
0.1755	0.1514	-3.0000
0.2305	0.1286	-2.0000
0.1647	0.1225	-3.0000
0.2241	0.1003	-2.0000
0.1522	0.0908	-3.0000
0.1472	0.0776	-3.0000
0.0874	0.2028	-3.0000
0.1343	0.0409	-3.0000
0.1290	0.0286	-3.0000
0.0825	0.1747	-3.0000
0.1188	0.0052	-3.0000
0.1140	-0.0025	-3.0000
0.1059	-0.0085	-3.0000
0.1002	-0.0119	-3.0000
0.0958	-0.0156	-3.0000
0.0691	0.0569	-3.0000
0.0479	-0.0477	-3.0000
0.0345	-0.0853	-2.0000
0.0270	-0.1187	-2.0000
0.1149	0.3127	-2.0000
0.1214	0.3186	-2.0000
0.1264	0.3246	-1.0000
0.1326	0.3300	-2.0000
0.1373	0.3355	-1.0000
0.1432	0.3404	-1.0000
0.1477	0.3455	-1.0000
0.1509	0.3490	0.0000
0.1473	0.3450	-1.0000
0.1437	0.3409	-1.0000
0.1388	0.3372	0.0000
0.1351	0.3329	-1.0000
0.1301	0.3290	0.0000
0.1263	0.3246	-1.0000
0.1225	0.3200	-2.0000
0.1174	0.3159	-2.0000
0.1136	0.3111	-2.0000
0.1087	0.3068	-2.0000
0.1088	0.3028	-3.0000
0.1076	0.2990	-3.0000
0.1029	0.2824	-3.0000
0.1018	0.2778	-3.0000
0.0997	0.2680	-3.0000
0.0976	0.2573	-3.0000
0.1798	0.1723	-3.0000
0.1726	0.1566	-3.0000
0.1672	0.1417	-3.0000
0.1631	0.1311	-3.0000
0.1560	0.1122	-3.0000
0.1490	0.0941	-3.0000
0.1760	0.0813	-3.0000
0.1408	0.0703	-3.0000
0.1903	0.0535	-2.0000
0.1315	0.0442	-3.0000
0.1261	0.0317	-3.0000
0.1250	0.0194	-3.0000
0.1157	0.0076	-3.0000
0.1120	-0.0038	-3.0000
0.0764	0.1311	-3.0000
0.1030	-0.0115	-3.0000
0.0698	0.0671	-3.0000
0.0799	-0.0264	-3.0000
0.0640	-0.0369	-3.0000
0.0439	-0.0502	-3.0000
0.0388	-0.0681	-3.0000
0.0322	-0.0927	-2.0000
0.0260	-0.1285	-2.0000
0.1190	0.3177	-1.0000
0.1251	0.3231	-2.0000
0.1299	0.3288	0.0000
0.1358	0.3338	-1.0000
0.1403	0.3390	0.0000
0.1392	0.3377	0.0000
0.1356	0.3335	-1.0000
0.1307	0.3298	0.0000
0.1271	0.3255	-1.0000
0.1235	0.3212	-2.0000
0.1185	0.3172	-1.0000
0.1148	0.3126	-2.0000
0.1111	0.3080	-2.0000
0.1088	0.3044	-3.0000
0.1067	0.3050	-3.0000
0.1001	0.2956	-3.0000
0.0970	0.2989	-3.0000
0.1008	0.2712	-3.0000
0.0987	0.2619	-3.0000
0.0958	0.2446	-3.0000
0.1643	0.1473	-3.0000
0.1573	0.1283	-3.0000
0.1546	0.1170	-3.0000
0.1492	0.1027	-3.0000
0.1435	0.0882	-3.0000
0.1383	0.0743	-3.0000
0.1368	0.0605	-3.0000
0.1668	0.0454	-3.0000
0.0819	0.1686	-3.0000
0.0806	0.1582	-3.0000
0.1140	0.0103	-3.0000
0.1040	-0.0094	-3.0000
0.0747	0.1082	-3.0000
0.0941	-0.0161	-3.0000
0.0897	-0.0199	-3.0000
0.0691	0.0569	-3.0000
0.0761	-0.0286	-3.0000
0.0601	-0.0393	-3.0000
0.0517	-0.0456	-3.0000
0.0415	-0.0549	-3.0000
0.0300	-0.1003	-2.0000
0.0239	-0.1392	-1.0000
0.1131	0.3105	-2.0000
0.1179	0.3165	-1.0000
0.1240	0.3217	-2.0000
0.1286	0.3273	0.0000
0.1327	0.3301	-2.0000
0.1279	0.3264	-1.0000
0.1244	0.3222	-2.0000
0.1195	0.3184	-1.0000
0.1160	0.3141	-2.0000
0.1124	0.3096	-2.0000
0.1087	0.3059	-3.0000
0.1088	0.3020	-3.0000
0.1078	0.2987	-3.0000
0.1064	0.2949	-3.0000
0.1052	0.2912	-3.0000
0.1041	0.2873	-3.0000
0.1031	0.2786	-3.0000
0.1020	0.2742	-3.0000
0.1009	0.2696	-3.0000
0.0998	0.2649	-3.0000
0.0989	0.2599	-3.0000
0.0837	0.2916	-2.0000
0.2342	0.1930	-2.0000
0.1573	0.1372	-3.0000
0.1517	0.1220	-3.0000
0.1461	0.1072	-3.0000
0.2191	0.0713	0.0000
0.0832	0.1800	-3.0000
0.1255	0.0511	-3.0000
0.1200	0.0377	-3.0000
0.0779	0.1390	-3.0000
0.1062	0.0019	-3.0000
0.1021	-0.0106	-3.0000
0.0962	-0.0146	-3.0000
0.0722	0.0837	-3.0000
0.0860	-0.0220	-3.0000
0.0723	-0.0308	-3.0000
0.0658	-0.0359	-3.0000
0.0579	-0.0418	-3.0000
0.0478	-0.0479	-3.0000
0.0399	-0.0605	-3.0000
0.0347	-0.0808	-2.0000
-0.1773	-0.2742	-1.0000
0.1123	0.3095	-2.0000
0.1170	0.3153	-2.0000
0.1229	0.3204	-2.0000
0.1218	0.3191	-2.0000
0.1171	0.3154	-2.0000
0.1088	0.3036	-3.0000
0.1076	0.3003	-3.0000
0.1065	0.2928	-3.0000
0.1019	0.2772	-3.0000
0.1007	0.2730	-3.0000
0.1010	0.2681	-3.0000
0.0998	0.2638	-3.0000
0.0979	0.2536	-3.0000
0.0946	0.2433	-3.0000
0.0937	0.2376	-3.0000
0.1493	0.1274	-3.0000
0.1434	0.1121	-3.0000
0.0848	0.1898	-3.0000
0.1280	0.0685	-3.0000
0.0813	0.1632	-3.0000
0.1169	0.0409	-3.0000
0.1131	0.0284	-3.0000
0.0738	0.1053	-3.0000
0.0722	0.0907	-3.0000
0.0712	0.0747	-3.0000
0.0691	0.0569	-3.0000
0.0620	-0.0381	-3.0000
0.0538	-0.0438	-3.0000
0.0439	-0.0502	-3.0000
0.0383	-0.0661	-3.0000
-0.1790	-0.2818	-1.0000
0.1115	0.3085	-2.0000
0.1147	0.3125	-2.0000
0.1113	0.3083	-2.0000
0.1088	0.3050	-3.0000
0.1066	0.3055	-2.0000
0.1054	0.2873	-3.0000
0.1008	0.2927	-3.0000
0.1031	0.2796	-3.0000
0.0997	0.2671	-3.0000
0.0986	0.2626	-3.0000
0.0866	0.2910	-3.0000
0.0956	0.2478	-3.0000
0.0946	0.2425	-3.0000
0.0937	0.2370	-3.0000
0.0874	0.2441	-3.0000
0.0920	0.2251	-3.0000
0.0865	0.1984	-3.0000
0.2160	0.1086	-2.0000
0.1346	0.1020	-3.0000
0.1297	0.0851	-3.0000
0.1865	0.0678	-2.0000
0.0795	0.1561	-3.0000
0.1154	0.0449	-3.0000
0.1100	0.0316	-3.0000
0.0763	0.1231	-3.0000
0.1008	0.0062	-3.0000
0.0724	0.0970	-3.0000
0.0859	-0.0221	-3.0000
0.0800	-0.0260	-3.0000
0.0739	-0.0303	-3.0000
0.0662	-0.0351	-3.0000
0.0500	-0.0460	-3.0000
0.0429	-0.0543	-3.0000
0.0367	-0.0717	-3.0000
0.0218	-0.1573	0.0000
0.1087	0.3071	-2.0000
0.1087	0.3032	-3.0000
0.1076	0.2998	-3.0000
0.1064	0.2966	-3.0000
0.1041	0.2861	-3.0000
0.1030	0.2822	-3.0000
0.1031	0.2780	-3.0000
0.1020	0.2740	-3.0000
0.1009	0.2700	-3.0000
0.0998	0.2657	-3.0000
0.0987	0.2613	-3.0000
0.0866	0.2771	-3.0000
0.0957	0.2470	-3.0000
0.0947	0.2418	-3.0000
0.0929	0.2308	-3.0000
0.0920	0.2249	-3.0000
0.2433	0.1416	-1.0000
0.2345	0.1110	-1.0000
0.1316	0.1069	-3.0000
0.1367	0.0908	-3.0000
0.1218	0.0768	-3.0000
0.1172	0.0625	-3.0000
0.1707	0.0452	-3.0000
0.0755	0.1274	-3.0000
0.0748	0.1155	-3.0000
0.1034	0.0088	-3.0000
0.0925	-0.0034	-3.0000
0.0691	0.0569	-3.0000
0.0778	-0.0281	-3.0000
0.0702	-0.0324	-3.0000
0.0639	-0.0371	-3.0000
0.0559	-0.0423	-3.0000
0.0411	-0.0593	-3.0000
0.0352	-0.0773	-3.0000
0.0300	-0.1003	-2.0000
0.0246	-0.1331	-2.0000
-0.1486	-0.1982	-1.0000
0.1087	0.3071	-2.0000
0.1087	0.3071	-2.0000
0.1086	0.3069	-2.0000
0.1071	0.3004	-3.0000
0.1044	0.2946	-3.0000
0.1051	0.2884	-3.0000
0.0995	0.2977	-3.0000
0.1030	0.2806	-3.0000
0.1019	0.2768	-3.0000
0.1008	0.2713	-3.0000
0.0999	0.2644	-3.0000
0.0988	0.2601	-3.0000
0.0887	0.2814	-3.0000
0.0920	0.2247	-3.0000
0.0891	0.2129	-3.0000
0.0884	0.2063	-3.0000
0.0858	0.1926	-3.0000
0.1280	0.1101	-3.0000
0.0802	0.1606	-3.0000
0.0788	0.1514	-3.0000
0.1357	0.0650	-3.0000
0.1696	0.0487	-3.0000
0.1037	0.0384	-3.0000
0.0729	0.0948	-3.0000
0.0892	-0.0009	-3.0000
0.0982	-0.0131	-3.0000
0.0804	-0.0251	-3.0000
0.0741	-0.0299	-3.0000
0.0679	-0.0343	-3.0000
0.0536	-0.0444	-3.0000
0.0439	-0.0502	-3.0000
0.0393	-0.0644	-3.0000
0.0291	-0.1070	-2.0000
0.0218	-0.1573	0.0000
-0.1538	-0.2011	-1.0000
0.1008	0.3017	-2.0000
0.1027	0.3030	-2.0000
0.1014	0.2967	-3.0000
0.1003	0.2855	-3.0000
0.1009	0.2790	-3.0000
0.1004	0.2730	-3.0000
0.0943	0.2828	-3.0000
0.0999	0.2632	-3.0000
0.0988	0.2590	-3.0000
0.0968	0.2501	-3.0000
0.0948	0.2405	-3.0000
0.0938	0.2354	-3.0000
0.0929	0.2301	-3.0000
0.0884	0.2067	-3.0000
0.0852	0.1863	-3.0000
0.0833	0.1789	-3.0000
0.0816	0.1711	-3.0000
0.1197	0.1015	-3.0000
0.1505	0.0829	-3.0000
0.1100	0.0709	-3.0000
0.1045	0.0563	-3.0000
0.0608	0.1364	-3.0000
0.0715	0.0871	-3.0000
0.0859	0.0018	-3.0000
0.0691	0.0569	-3.0000
0.0770	-0.0230	-3.0000
0.0718	-0.0318	-3.0000
0.0300	0.0332	-2.0000
0.0428	-0.0538	-3.0000
0.0285	-0.1139	-2.0000
0.0218	-0.1573	0.0000
-0.1541	-0.2118	-1.0000
0.0971	0.2994	-3.0000
0.0970	0.2875	-3.0000
0.0914	0.2962	-2.0000
0.0905	0.2908	-3.0000
0.0958	0.2562	-3.0000
0.0815	0.2897	-2.0000
0.0816	0.2799	-3.0000
0.0948	0.2399	-3.0000
0.0939	0.2349	-3.0000
0.0921	0.2244	-3.0000
0.0891	0.2132	-3.0000
0.0876	0.2008	-3.0000
0.0851	0.1873	-3.0000
0.0445	0.2674	-2.0000
0.0811	0.1646	-3.0000
0.0781	0.1376	-3.0000
0.1432	0.0724	-3.0000
0.1013	0.0603	-3.0000
0.0738	0.1053	-3.0000
0.0918	0.0316	-3.0000
0.0716	0.0794	-3.0000
0.0703	0.0647	-3.0000
0.0788	-0.0083	-3.0000
0.0735	-0.0210	-3.0000
0.0686	-0.0328	-3.0000
0.0620	-0.0381	-3.0000
0.0476	-0.0483	-3.0000
0.0409	-0.0585	-3.0000
0.0360	-0.0745	-3.0000
0.0311	-0.0944	-2.0000
0.0263	-0.1211	-2.0000
-0.1197	-0.1783	-1.0000
-0.1587	-0.2165	-1.0000
0.1069	0.3051	-3.0000
0.0933	0.2959	-3.0000
0.0926	0.2902	-3.0000
0.0939	0.2846	-3.0000
0.0926	0.2778	-3.0000
0.0921	0.2717	-3.0000
0.0929	0.2650	-3.0000
0.0924	0.2584	-3.0000
0.0920	0.2518	-3.0000
0.0904	0.2496	-3.0000
0.0913	0.2303	-3.0000
0.0907	0.2245	-3.0000
0.0890	0.2134	-3.0000
0.0616	0.2697	-2.0000
0.0855	0.1951	-3.0000
0.0849	0.1884	-3.0000
0.0826	0.1741	-3.0000
0.0776	0.1407	-3.0000
0.1020	0.0800	-3.0000
0.0915	0.0514	-3.0000
0.0940	0.0495	-3.0000
0.0885	0.0351	-3.0000
0.0832	0.0211	-3.0000
0.0691	0.0569	-3.0000
0.0755	-0.0057	-3.0000
0.0687	-0.0185	-3.0000
0.0598	-0.0399	-3.0000
0.0439	-0.0502	-3.0000
0.0390	-0.0631	-3.0000
0.0359	-0.0795	-3.0000
0.0300	-0.1003	-2.0000
-0.0903	-0.1592	-2.0000
0.0218	-0.1573	0.0000
0.0988	0.3005	-2.0000
0.0899	0.2929	-3.0000
0.0889	0.2866	-3.0000
0.0888	0.2740	-3.0000
0.0882	0.2676	-3.0000
0.0882	0.2473	-3.0000
0.0875	0.2255	-3.0000
0.0874	0.2178	-3.0000
0.0875	0.2019	-3.0000
0.0848	0.1893	-3.0000
0.0824	0.1757	-3.0000
0.0801	0.1520	-3.0000
0.0773	0.1342	-3.0000
0.0758	0.1249	-3.0000
0.0935	0.0746	-3.0000
0.0727	0.1031	-3.0000
0.1774	0.0484	-3.0000
0.0719	0.0782	-3.0000
0.0796	0.0244	-3.0000
0.0734	0.0084	-3.0000
0.0653	-0.0160	-3.0000
0.0580	-0.0408	-3.0000
0.0498	-0.0467	-3.0000
0.0427	-0.0535	-3.0000
0.0343	-0.0846	-2.0000
0.0289	-0.1063	-2.0000
0.0244	-0.1365	-2.0000
-0.1242	-0.2002	-1.0000
0.0915	0.2967	-2.0000
0.0930	0.2843	-3.0000
0.0836	0.2703	-3.0000
0.0839	0.2568	-3.0000
0.0834	0.2499	-3.0000
0.0830	0.2429	-3.0000
0.0826	0.2359	-3.0000
0.0824	0.2283	-3.0000
0.0823	0.2206	-3.0000
0.0863	0.2130	-3.0000
0.0822	0.2044	-3.0000
0.0846	0.1962	-3.0000
0.0831	0.1780	-3.0000
0.0758	0.1180	-3.0000
0.0726	0.0963	-3.0000
0.0721	0.0841	-3.0000
0.1197	0.0407	-3.0000
0.0691	0.0569	-3.0000
0.0708	0.0137	-3.0000
0.0937	-0.0005	-3.0000
0.0407	-0.0577	-3.0000
0.0369	-0.0722	-3.0000
0.0328	-0.0898	-2.0000
0.0279	-0.1124	-2.0000
0.0230	-0.1449	-1.0000
-0.0983	-0.1648	-2.0000
0.1009	0.3022	-2.0000
0.0854	0.2924	-2.0000
0.0805	0.2855	-2.0000
0.0814	0.2792	-3.0000
0.0759	0.2850	-2.0000
0.0798	0.2661	-3.0000
0.0792	0.2595	-3.0000
0.0786	0.2526	-3.0000
0.0781	0.2452	-3.0000
0.0777	0.2384	-3.0000
0.0802	0.2319	-3.0000
0.0769	0.2155	-3.0000
0.0769	0.2073	-3.0000
0.0769	0.1990	-3.0000
0.0774	0.1809	-3.0000
0.0764	0.1717	-3.0000
0.0773	0.1408	-3.0000
0.0764	0.1311	-3.0000
0.1822	0.1199	-3.0000
0.0921	0.0615	-3.0000
0.1183	0.0444	-3.0000
0.0704	0.0168	-3.0000
0.0619	0.0028	-3.0000
0.0566	-0.0109	-3.0000
0.0529	-0.0242	-3.0000
0.0493	-0.0369	-3.0000
0.0402	-0.0619	-3.0000
0.0366	-0.0767	-3.0000
0.0313	-0.0950	-2.0000
-0.1353	-0.1898	-1.0000
-0.1654	-0.2492	-1.0000
-0.2045	-0.3368	0.0000
0.0949	0.2978	-3.0000
0.0780	0.2884	-2.0000
0.0766	0.2819	-2.0000
0.0759	0.2753	-2.0000
0.0752	0.2688	-3.0000
0.0760	0.2619	-3.0000
0.0735	0.2568	-3.0000
0.0721	0.2524	-3.0000
0.0742	0.2408	-3.0000
0.0740	0.2336	-3.0000
0.0735	0.2258	-3.0000
0.0730	0.2098	-3.0000
0.0716	0.2017	-3.0000
0.0716	0.1930	-3.0000
0.0719	0.1840	-3.0000
0.0721	0.1745	-3.0000
0.0716	0.1547	-3.0000
0.0710	0.1441	-3.0000
0.0719	0.1212	-3.0000
0.0744	0.1089	-3.0000
0.0726	0.0957	-3.0000
0.1920	0.0740	-2.0000
0.0732	0.0507	-3.0000
0.0653	0.0203	-3.0000
0.0858	0.0053	-3.0000
0.0451	-0.0473	-3.0000
0.0396	-0.0654	-3.0000
0.0349	-0.0814	-2.0000
-0.1403	-0.1926	-1.0000
-0.2079	-0.3370	0.0000
-0.2670	-0.4004	0.0000
0.0874	0.2938	-2.0000
0.0742	0.2848	-2.0000
0.0714	0.2781	-2.0000
0.0719	0.2712	-2.0000
0.0705	0.2578	-3.0000
0.0699	0.2508	-3.0000
0.0694	0.2436	-3.0000
0.0689	0.2362	-3.0000
0.0681	0.2207	-3.0000
0.0683	0.2130	-3.0000
0.0676	0.2042	-3.0000
0.0325	0.2498	-2.0000
0.0652	0.1679	-3.0000
0.0657	0.1578	-3.0000
0.0649	0.1474	-3.0000
0.0654	0.1369	-3.0000
0.2365	0.1240	-1.0000
0.0651	0.1125	-3.0000
0.0662	0.0553	-3.0000
0.0666	0.0236	-3.0000
0.0915	0.0083	-3.0000
0.0572	-0.0054	-3.0000
0.0534	-0.0192	-3.0000
0.0496	-0.0325	-3.0000
0.0403	-0.0622	-3.0000
0.0331	-0.0860	-2.0000
0.0287	-0.1057	-2.0000
0.0242	-0.1321	-2.0000
-0.1112	-0.1728	-2.0000
-0.2193	-0.3143	0.0000
-0.2648	-0.4468	0.0000
0.0970	0.2994	-2.0000
0.0799	0.2897	-2.0000
0.0682	0.2804	-2.0000
0.0666	0.2674	-2.0000
0.0658	0.2605	-2.0000
0.0652	0.2536	-2.0000
0.0645	0.2464	-3.0000
0.0634	0.2314	-3.0000
0.0632	0.2237	-3.0000
0.0626	0.2155	-3.0000
0.0628	0.2075	-3.0000
0.0627	0.1989	-3.0000
0.0607	0.1898	-3.0000
0.0609	0.1708	-3.0000
0.0598	0.1610	-3.0000
0.0588	0.1507	-3.0000
0.0594	0.1396	-3.0000
0.0584	0.0899	-3.0000
0.0760	0.0588	-3.0000
0.0704	0.0428	-3.0000
0.0679	0.0271	-3.0000
0.0621	0.0117	-3.0000
0.0583	-0.0025	-3.0000
0.0605	-0.0166	-3.0000
-0.0309	0.0302	-2.0000
0.0351	-0.0822	-2.0000
0.0290	-0.1110	-2.0000
0.0238	-0.1392	-2.0000
-0.1736	-0.2648	-1.0000
0.0218	-0.1573	0.0000
0.1066	0.3054	-2.0000
0.0895	0.2953	-2.0000
0.0737	0.2850	-2.0000
0.0629	0.2768	-2.0000
0.0612	0.2732	-2.0000
0.0626	0.2629	-2.0000
0.0611	0.2488	-2.0000
0.0605	0.2411	-2.0000
0.0427	0.2654	-2.0000
0.0576	0.2184	-3.0000
0.0569	0.2014	-3.0000
0.0558	0.1932	-3.0000
0.0553	0.1739	-3.0000
0.0543	0.1537	-3.0000
0.0705	0.1327	-3.0000
0.0514	0.0939	-3.0000
0.0519	0.0796	-3.0000
0.0506	0.0645	-3.0000
0.0733	0.0466	-3.0000
0.0594	0.0005	-3.0000
0.0554	-0.0139	-3.0000
0.0417	-0.0557	-3.0000
0.0221	-0.1469	-1.0000
-0.0899	-0.1593	-2.0000
0.0218	-0.1573	0.0000
-0.1749	-0.2722	-1.0000
0.0991	0.3012	-2.0000
0.0833	0.2906	-2.0000
0.0661	0.2806	-2.0000
0.0588	0.2726	-2.0000
0.0564	0.2516	-2.0000
0.0556	0.2443	-2.0000
0.0552	0.2369	-2.0000
0.0546	0.2291	-2.0000
0.0540	0.2211	-2.0000
0.0539	0.2130	-2.0000
0.0499	0.2093	-2.0000
0.0497	0.1866	-2.0000
0.0496	0.1770	-3.0000
0.0484	0.1566	-3.0000
0.0472	0.1464	-2.0000
0.0582	0.1357	-3.0000
0.0497	0.0978	-3.0000
0.0430	0.0690	-2.0000
0.0748	0.0506	-3.0000
0.0690	0.0344	-3.0000
0.0565	-0.0111	-3.0000
0.0630	-0.0251	-3.0000
0.0471	-0.0388	-3.0000
0.0425	-0.0525	-3.0000
0.0361	-0.0750	-3.0000
-0.0936	-0.1594	-2.0000
-0.1217	-0.1800	-1.0000
-0.2150	-0.3520	0.0000
0.0929	0.2965	-3.0000
0.0757	0.2862	-2.0000
0.0583	0.2761	-2.0000
0.0542	0.2696	-2.0000
0.0525	0.2616	-2.0000
0.0517	0.2545	-2.0000
0.0508	0.2471	-2.0000
0.0502	0.2397	-2.0000
0.0421	0.2192	-2.0000
0.0488	0.2238	-2.0000
0.0483	0.2155	-2.0000
0.0457	0.1893	-2.0000
0.0440	0.1703	-2.0000
0.0425	0.1602	-2.0000
0.0412	0.1496	-2.0000
0.0563	0.1152	-3.0000
0.0377	0.1017	-2.0000
0.0374	0.0879	-2.0000
0.0358	0.0733	-2.0000
0.0763	0.0548	-3.0000
0.0618	0.0067	-3.0000
0.0561	-0.0082	-3.0000
0.0773	-0.0223	-3.0000
0.0480	-0.0365	-3.0000
0.0441	-0.0498	-3.0000
0.0311	-0.0990	-2.0000
-0.1241	-0.1833	-1.0000
-0.1582	-0.1981	-1.0000
-0.2169	-0.3582	0.0000
0.0815	0.2899	-2.0000
0.0624	0.2789	-2.0000
0.1026	0.3026	-2.0000
0.0680	0.2817	-2.0000
0.0506	0.2716	-2.0000
0.0467	0.2692	-2.0000
0.0484	0.2570	-2.0000
0.0452	0.2530	-2.0000
0.0471	0.2426	-2.0000
0.0445	0.2347	-2.0000
0.0440	0.2268	-2.0000
0.0479	0.2194	-2.0000
0.0426	0.2100	-2.0000
0.0406	0.2000	-2.0000
0.0403	0.1923	-2.0000
0.0310	0.1507	-2.0000
0.0354	0.1528	-2.0000
0.0340	0.1422	-2.0000
0.0370	0.1305	-2.0000
0.0319	0.1184	-2.0000
0.0311	0.1056	-2.0000
0.2008	0.0844	-2.0000
0.0286	0.0776	-2.0000
0.0260	0.0642	-2.0000
0.0702	0.0423	-3.0000
0.0247	0.0279	-2.0000
0.0861	0.0095	-3.0000
0.0531	-0.0199	-3.0000
0.0387	-0.0678	-3.0000
0.0313	-0.0949	-2.0000
-0.1012	-0.1645	-2.0000
0.0218	-0.1573	0.0000
0.1087	0.3071	-2.0000
0.1087	0.3071	-2.0000
0.0950	0.2982	-2.0000
0.0776	0.2875	-2.0000
0.0602	0.2770	-2.0000
0.0447	0.2670	-2.0000
0.0438	0.2600	-2.0000
0.0396	0.2376	-2.0000
0.0388	0.2281	-2.0000
0.0235	0.2538	-2.0000
0.0375	0.2130	-2.0000
0.0355	0.2045	-2.0000
0.0331	0.1863	-2.0000
0.0307	0.1799	-2.0000
0.0311	0.1666	-2.0000
0.0296	0.1563	-2.0000
0.0245	0.1094	-2.0000
0.0216	0.0819	-2.0000
0.0213	0.0667	-2.0000
0.0709	0.0398	-3.0000
0.0688	0.0296	-3.0000
0.0500	-0.0316	-3.0000
0.0393	-0.0643	-3.0000
0.0253	-0.1269	-2.0000
-0.1039	-0.1667	-2.0000
-0.1785	-0.3169	-1.0000
0.1048	0.3046	-2.0000
0.0874	0.2936	-2.0000
0.0699	0.2828	-2.0000
0.0524	0.2723	-2.0000
0.0381	0.2555	-2.0000
0.0371	0.2479	-2.0000
0.0324	0.2161	-2.0000
0.0306	0.2076	-2.0000
0.0298	0.1985	-2.0000
0.0292	0.1891	-2.0000
0.0299	0.1701	-2.0000
0.0253	0.1593	-2.0000
0.0237	0.1486	-2.0000
0.0219	0.1383	-2.0000
0.0209	0.1255	-2.0000
0.0178	0.1009	-2.0000
0.0142	0.0711	-2.0000
0.0107	0.0381	-2.0000
0.0641	0.0170	-3.0000
0.0568	-0.0143	-3.0000
0.0510	-0.0290	-3.0000
0.0453	-0.0432	-3.0000
0.0265	-0.1214	-2.0000
-0.1067	-0.1686	-2.0000
-0.1365	-0.1842	-1.0000
-0.2255	-0.3641	0.0000
-0.2730	-0.4628	0.0000
0.0972	0.3000	-2.0000
0.0796	0.2889	-2.0000
0.0621	0.2780	-2.0000
0.0445	0.2673	-2.0000
0.0334	0.2584	-2.0000
0.0324	0.2509	-2.0000
0.0314	0.2432	-2.0000
0.0305	0.2352	-2.0000
0.0282	0.2274	-2.0000
0.0267	0.2102	-2.0000
0.0239	0.1922	-2.0000
0.0219	0.1828	-2.0000
0.0200	0.1731	-2.0000
0.0106	0.1039	-2.0000
0.0073	0.0755	-2.0000
0.0051	0.0599	-2.0000
0.0093	0.0424	-2.0000
0.0687	0.0206	-3.0000
-0.0084	0.0164	-2.0000
0.0477	-0.0408	-3.0000
0.0277	-0.1162	-2.0000
-0.1137	-0.1594	-2.0000
0.1084	0.3063	-2.0000
0.0718	0.2841	-2.0000
0.0351	0.2627	-1.0000
0.0277	0.2539	-2.0000
0.0251	0.2305	-2.0000
0.0224	0.2220	-2.0000
0.0193	0.2046	-2.0000
0.0186	0.1954	-2.0000
0.0163	0.1661	-2.0000
0.0106	0.1444	-2.0000
0.0072	0.1205	-2.0000
0.0043	0.1078	-2.0000
0.0034	0.0942	-2.0000
0.0005	0.0798	-2.0000
0.0735	0.0417	-3.0000
-0.0060	0.0302	-2.0000
-0.0093	0.0109	-2.0000
0.0516	-0.0236	-3.0000
-0.0881	-0.1577	-2.0000
-0.2283	-0.3682	0.0000
0.1008	0.3016	-2.0000
0.0640	0.2791	-2.0000
0.0270	0.2575	-1.0000
0.0209	0.2413	-2.0000
0.0174	0.2250	-2.0000
0.0142	0.2077	-2.0000
0.0134	0.1985	-2.0000
0.0156	0.1897	-2.0000
0.0084	0.1693	-2.0000
0.0065	0.1587	-2.0000
0.0046	0.1478	-2.0000
0.0045	0.1369	-2.0000
0.0012	0.1242	-2.0000
-0.0062	0.0840	-2.0000
-0.0099	0.0713	-2.0000
-0.0113	0.0528	-2.0000
0.0668	0.0285	-3.0000
0.0621	0.0114	-3.0000
0.0574	-0.0050	-3.0000
0.0360	-0.0747	-3.0000
0.0289	-0.1063	-2.0000
0.0212	-0.1561	-1.0000
-0.1326	-0.2252	-1.0000
0.0930	0.2967	-3.0000
0.0738	0.2854	-2.0000
0.0546	0.2744	-2.0000
0.0368	0.2631	-2.0000
0.0189	0.2521	-2.0000
0.0161	0.2443	-2.0000
0.0132	0.2332	-2.0000
0.0115	0.2195	-2.0000
0.0106	0.2105	-2.0000
0.0563	0.2092	-3.0000
0.0060	0.1924	-2.0000
0.0030	0.1725	-2.0000
0.0009	0.1621	-2.0000
-0.0030	0.1398	-2.0000
-0.0049	0.1278	-2.0000
-0.0082	0.1153	-2.0000
-0.0127	0.0882	-2.0000
-0.0160	0.0573	-2.0000
0.0661	0.0266	-3.0000
0.0634	0.0151	-3.0000
0.0617	-0.0017	-3.0000
0.0493	-0.0333	-3.0000
0.0448	-0.0481	-3.0000
0.0380	-0.0707	-3.0000
-0.0955	-0.1624	-2.0000
-0.1465	-0.1938	-1.0000
-0.2325	-0.3652	0.0000
0.1043	0.3033	-3.0000
0.0838	0.2921	-2.0000
0.0659	0.2802	-2.0000
0.0466	0.2691	-2.0000
0.0287	0.2577	-2.0000
0.0113	0.2474	-2.0000
0.0102	0.2392	-2.0000
0.0091	0.2309	-2.0000
0.0388	0.2190	-2.0000
0.0002	0.1875	-2.0000
-0.0024	0.1758	-2.0000
-0.0046	0.1655	-2.0000
-0.0088	0.1433	-2.0000
-0.0108	0.1316	-2.0000
-0.0249	0.1396	-2.0000
-0.0160	0.1060	-2.0000
-0.0192	0.0924	-2.0000
0.0749	0.0554	-3.0000
-0.0280	0.0454	-2.0000
0.0649	0.0189	-3.0000
-0.0362	0.0081	-2.0000
0.0551	-0.0147	-3.0000
0.0504	-0.0305	-3.0000
0.0319	-0.0966	-2.0000
0.0229	-0.1409	-1.0000
0.0218	-0.1573	0.0000
-0.1688	-0.2486	-1.0000
-0.1928	-0.3284	-1.0000
-0.2335	-0.3757	0.0000
0.0952	0.2986	-2.0000
0.0905	0.2903	-3.0000
0.0565	0.2753	-2.0000
0.0385	0.2636	-2.0000
0.0190	0.2525	-1.0000
0.0043	0.2340	-2.0000
0.0006	0.2168	-2.0000
-0.0029	0.1985	-2.0000
-0.0124	0.1581	-2.0000
-0.0495	0.2117	0.0000
-0.0166	0.1351	-2.0000
-0.0221	0.1100	-2.0000
-0.0255	0.0964	-2.0000
-0.0288	0.0820	-2.0000
0.0766	0.0603	-3.0000
-0.0349	0.0503	-2.0000
-0.0410	0.0364	-2.0000
-0.0516	-0.0296	-2.0000
0.0320	-0.0921	-2.0000
-0.1077	-0.1485	-2.0000
-0.2361	-0.3786	0.0000
-0.3970	-0.7721	0.0000
0.1067	0.3056	-2.0000
0.0873	0.2934	-2.0000
0.0679	0.2815	-2.0000
0.0289	0.2584	-2.0000
0.0093	0.2472	-1.0000
-0.0006	0.2371	-2.0000
-0.0033	0.2287	-2.0000
-0.0070	0.2112	-2.0000
-0.0081	0.2019	-2.0000
-0.0106	0.1923	-2.0000
-0.0155	0.1722	-2.0000
-0.0179	0.1615	-2.0000
-0.0202	0.1504	-2.0000
-0.0224	0.1387	-2.0000
-0.0261	0.1267	-2.0000
-0.0282	0.1139	-2.0000
-0.0318	0.1005	-2.0000
-0.0340	0.0545	-2.0000
-0.0465	0.0379	-2.0000
-0.0423	0.0172	-2.0000
0.0561	-0.0082	-3.0000
0.0572	-0.0247	-3.0000
0.0553	-0.0404	-3.0000
0.0336	-0.0875	-2.0000
0.0256	-0.1275	-2.0000
-0.1291	-0.1784	-1.0000
-0.1715	-0.2611	-1.0000
-0.4571	-0.7378	0.0000
0.0780	0.2884	-2.0000
-0.0081	0.2320	-1.0000
-0.0093	0.2232	-2.0000
-0.0120	0.2144	-2.0000
-0.0158	0.1955	-2.0000
-0.0182	0.1859	-2.0000
-0.0209	0.1756	-2.0000
-0.0258	0.1539	-2.0000
-0.0281	0.1424	-2.0000
-0.0342	0.1177	-2.0000
0.2147	0.1000	-2.0000
-0.0515	0.0879	-2.0000
-0.0496	0.0594	-2.0000
0.0679	0.0315	-3.0000
0.0772	-0.0049	-3.0000
0.0524	-0.0217	-3.0000
0.0474	-0.0380	-3.0000
0.0416	-0.0551	-3.0000
-0.1104	-0.0975	-2.0000
-0.1299	-0.1855	-1.0000
0.0218	-0.1573	0.0000
0.0895	0.2953	-2.0000
0.0489	0.2711	-1.0000
0.0291	0.2591	-1.0000
0.0108	0.2471	-2.0000
-0.0090	0.2356	-1.0000
-0.0142	0.2264	-1.0000
-0.0170	0.2176	-2.0000
-0.0070	0.2101	-2.0000
-0.0209	0.1988	-2.0000
-0.0236	0.1891	-2.0000
-0.0343	0.1478	-2.0000
-0.0477	0.0947	-2.0000
-0.0550	0.0644	-2.0000
-0.0585	0.0477	-2.0000
0.0775	-0.0184	-3.0000
0.0485	-0.0352	-3.0000
0.0436	-0.0511	-3.0000
-0.0954	-0.0875	-2.0000
-0.1140	-0.1579	-2.0000
-0.1751	-0.2708	-1.0000
-0.2029	-0.3293	0.0000
0.0218	-0.1573	-1.0000
0.1024	0.3021	-3.0000
0.0814	0.2897	-2.0000
0.0604	0.2775	-2.0000
0.0406	0.2652	-2.0000
0.0208	0.2531	-2.0000
0.0009	0.2413	-1.0000
-0.0190	0.2297	-1.0000
-0.0353	0.2200	0.0000
-0.0288	0.1925	-2.0000
-0.0342	0.1721	-2.0000
-0.0367	0.1610	-2.0000
-0.0393	0.1495	-2.0000
-0.0437	0.1386	-2.0000
-0.0615	0.0690	-2.0000
-0.0651	0.0525	-2.0000
-0.0651	0.0344	-2.0000
-0.0756	0.0162	-2.0000
-0.0824	-0.0043	-2.0000
-0.0873	-0.0267	-2.0000
-0.0926	-0.0524	-2.0000
0.0374	-0.0741	-3.0000
-0.1119	-0.1104	-2.0000
-0.1370	-0.1838	-1.0000
-0.1546	-0.2285	-1.0000
-0.1773	-0.2742	-1.0000
0.0931	0.2969	-2.0000
0.0719	0.2843	-2.0000
0.0507	0.2720	-2.0000
0.0309	0.2595	-2.0000
0.0109	0.2473	-2.0000
-0.0091	0.2354	-1.0000
-0.0269	0.2242	-1.0000
-0.0282	0.2148	-1.0000
-0.0311	0.2055	-1.0000
-0.0367	0.1858	-2.0000
-0.0422	0.1645	-2.0000
0.2291	0.1412	-2.0000
-0.0558	0.1164	-2.0000
-0.0596	0.1029	-2.0000
-0.0678	0.0734	-2.0000
0.0617	0.0065	-3.0000
0.0563	-0.0118	-3.0000
-0.0948	-0.0201	-2.0000
-0.1325	-0.0647	-1.0000
0.0218	-0.1573	-1.0000
0.0218	-0.1573	-1.0000
0.0836	0.2915	-2.0000
0.0623	0.2788	-2.0000
0.0252	0.2545	-2.0000
0.0009	0.2413	-1.0000
-0.0192	0.2292	-1.0000
-0.0330	0.2183	-1.0000
-0.0390	0.1992	-1.0000
-0.0419	0.1892	-1.0000
-0.0447	0.1788	-2.0000
-0.0475	0.1680	-2.0000
-0.0546	0.1453	-2.0000
-0.0573	0.1330	-2.0000
-0.0616	0.1203	-2.0000
-0.0658	0.1069	-2.0000
-0.0798	0.0621	-2.0000
0.1490	0.0271	-3.0000
0.0878	0.0100	-3.0000
0.0561	-0.0082	-3.0000
-0.1025	-0.0128	-2.0000
-0.1091	-0.0372	-2.0000
-0.1183	-0.0628	-2.0000
0.0311	-0.0990	-2.0000
-0.1862	-0.2645	-1.0000
-0.2941	-0.5232	0.0000
0.0967	0.2987	-3.0000
0.0526	0.2730	-2.0000
0.0311	0.2603	-1.0000
0.0110	0.2476	-1.0000
-0.0092	0.2351	-1.0000
0.0587	0.2392	-2.0000
-0.0411	0.2122	-1.0000
-0.0528	0.1715	-2.0000
-0.0573	0.1607	-2.0000
-0.0603	0.1370	-2.0000
-0.0673	0.1242	-2.0000
-0.0716	0.1110	-2.0000
-0.0802	0.0823	-2.0000
0.0750	0.0561	-3.0000
0.0633	0.0148	-3.0000
0.0576	-0.0045	-3.0000
0.0519	-0.0229	-3.0000
0.0464	-0.0404	-3.0000
0.0400	-0.0611	-3.0000
0.0225	-0.1439	-1.0000
-0.1801	-0.2037	-1.0000
-0.2470	-0.3781	0.0000
0.1086	0.3069	-2.0000
0.0643	0.2801	-2.0000
0.0428	0.2670	-2.0000
0.0009	0.2413	-1.0000
-0.0209	0.2291	0.0000
-0.0413	0.2167	0.0000
-0.0490	0.2061	0.0000
-0.0551	0.1858	-1.0000
-0.0627	0.1642	-1.0000
-0.0774	0.1150	-2.0000
-0.0862	0.0865	-2.0000
0.0754	0.0617	-3.0000
-0.1043	0.0368	-2.0000
-0.1086	0.0186	-2.0000
0.0476	-0.0374	-3.0000
0.0420	-0.0567	-3.0000
0.0324	-0.0887	-2.0000
-0.1420	-0.1112	-1.0000
-0.1505	-0.1519	-1.0000
-0.1927	-0.2002	-1.0000
0.0217	-0.1572	-1.0000
-0.2286	-0.2975	0.0000
-0.2528	-0.3650	0.0000
0.0991	0.3012	-2.0000
0.0545	0.2741	-2.0000
0.0329	0.2608	-2.0000
0.0111	0.2479	-1.0000
-0.0092	0.2348	-1.0000
-0.0517	0.2100	0.0000
-0.0602	0.1892	-1.0000
-0.0630	0.1789	-1.0000
-0.0680	0.1679	-1.0000
-0.0710	0.1563	-1.0000
-0.0756	0.1445	-1.0000
-0.0785	0.1319	-2.0000
-0.0831	0.1190	-2.0000
-0.0877	0.1053	-2.0000
-0.0922	0.0909	-2.0000
-0.0997	0.0799	-1.0000
-0.1145	0.0237	-1.0000
-0.1179	0.0032	-2.0000
-0.1247	-0.0194	-1.0000
-0.1353	-0.0734	-1.0000
-0.1491	-0.1471	-1.0000
-0.2336	-0.2873	0.0000
-0.3966	-0.7775	0.0000
0.0895	0.2953	-2.0000
-0.0416	0.2156	0.0000
-0.0622	0.2030	0.0000
-0.0701	0.1825	-1.0000
-0.0732	0.1714	-1.0000
-0.0763	0.1600	-1.0000
-0.0858	0.1360	-1.0000
-0.0930	0.1095	-1.0000
-0.1037	0.0639	-1.0000
-0.1094	0.0466	-1.0000
-0.1183	0.0074	-1.0000
-0.1233	-0.0152	-1.0000
0.0356	-0.0786	-3.0000
-0.1742	-0.1916	-1.0000
0.0218	-0.1573	-1.0000
0.1029	0.3034	-2.0000
0.0797	0.2892	-2.0000
0.0565	0.2753	-2.0000
0.0346	0.2614	-2.0000
-0.0315	0.2216	-1.0000
-0.0537	0.2089	0.0000
-0.0680	0.1968	0.0000
-0.0711	0.1864	0.0000
-0.0845	0.1402	-1.0000
-0.0916	0.1138	-1.0000
-0.0959	0.0995	-1.0000
-0.1041	0.0682	-1.0000
-0.1080	0.0508	-1.0000
-0.1117	0.0320	-1.0000
-0.1169	0.0116	-1.0000
0.0515	-0.0277	-3.0000
-0.1265	-0.0360	-2.0000
0.0373	-0.0736	-3.0000
-0.2313	-0.2816	0.0000
0.0932	0.2973	-2.0000
0.0699	0.2828	-2.0000
0.0465	0.2688	-2.0000
0.0230	0.2551	-1.0000
0.0009	0.2413	-1.0000
-0.0435	0.2147	0.0000
-0.0695	0.1908	0.0000
-0.0726	0.1799	-1.0000
-0.0772	0.1688	0.0000
-0.0830	0.1445	-1.0000
-0.0901	0.1181	-1.0000
-0.1027	0.0725	-1.0000
0.0707	0.0392	-3.0000
-0.1155	0.0159	-2.0000
-0.1205	-0.0065	-2.0000
-0.1271	-0.0317	-1.0000
0.0375	-0.0688	-3.0000
-0.1386	-0.0931	-1.0000
-0.1471	-0.1328	-1.0000
-0.1661	-0.1821	-1.0000
0.0834	0.2909	-2.0000
0.0350	0.2624	-1.0000
0.0128	0.2481	-2.0000
-0.0110	0.2346	-1.0000
-0.0333	0.2210	0.0000
-0.0558	0.2077	0.0000
-0.0727	0.1847	0.0000
-0.0757	0.1733	0.0000
-0.0786	0.1614	-1.0000
-0.0815	0.1490	-1.0000
-0.0681	0.2005	0.0000
-0.0887	0.1225	-1.0000
-0.0930	0.1082	-1.0000
-0.0972	0.0930	-1.0000
-0.1012	0.0768	-1.0000
0.0754	0.0216	-3.0000
-0.1142	0.0203	-2.0000
-0.1192	-0.0021	-2.0000
-0.1257	-0.0272	-1.0000
-0.1318	-0.0556	-1.0000
-0.1392	-0.0886	-1.0000
-0.2539	-0.3395	0.0000
-0.3941	-0.5216	0.0000
0.0970	0.2994	-2.0000
0.0484	0.2698	-2.0000
0.0272	0.2562	-2.0000
0.0009	0.2413	-1.0000
-0.0681	0.2004	0.0000
-0.0711	0.1894	0.0000
-0.0742	0.1779	0.0000
-0.0800	0.1535	-1.0000
-0.0845	0.1407	-1.0000
-0.0957	0.0975	-1.0000
-0.0998	0.0813	-1.0000
0.0732	0.0507	-3.0000
-0.1093	0.0452	-1.0000
-0.1146	0.0248	-1.0000
0.0410	-0.0589	-3.0000
-0.1379	-0.0838	-1.0000
-0.1444	-0.1228	-1.0000
-0.1584	-0.1718	-1.0000
-0.2293	-0.2724	0.0000
-0.2540	-0.3371	0.0000
-0.3935	-0.7629	0.0000
0.0606	0.2782	-1.0000
0.0368	0.2631	-2.0000
0.0129	0.2485	-2.0000
-0.0111	0.2342	-1.0000
-0.0535	0.2070	0.0000
-0.0984	0.0858	-1.0000
-0.1023	0.0684	-2.0000
-0.1079	0.0497	-1.0000
0.1076	0.0085	-3.0000
0.0560	-0.0125	-3.0000
0.0553	-0.0331	-3.0000
-0.1291	-0.0462	-1.0000
0.0329	-0.0901	-2.0000
-0.1431	-0.1178	-1.0000
0.0218	-0.1573	-1.0000
-0.2068	-0.2180	-1.0000
-0.2270	-0.2689	0.0000
-0.2515	-0.3343	0.0000
0.1008	0.3019	-2.0000
0.0757	0.2862	-2.0000
0.0504	0.2710	-2.0000
0.0250	0.2561	-1.0000
-0.0475	0.2127	0.0000
-0.0681	0.1990	0.0000
-0.0711	0.1875	0.0000
-0.0741	0.1755	-1.0000
-0.0787	0.1632	0.0000
-0.0815	0.1500	-1.0000
-0.0860	0.1364	-1.0000
-0.0929	0.1067	-1.0000
-0.1027	0.0731	-1.0000
0.1192	0.0360	-3.0000
-0.1119	0.0340	-1.0000
-0.1169	0.0116	-1.0000
-0.1217	-0.0133	-2.0000
0.0441	-0.0498	-3.0000
-0.1352	-0.0740	-1.0000
-0.1534	-0.1611	-1.0000
-0.1810	-0.2169	-1.0000
-0.2271	-0.2658	0.0000
0.0895	0.2953	-2.0000
0.0641	0.2794	-2.0000
0.0386	0.2639	-2.0000
0.0130	0.2489	-1.0000
-0.0355	0.2192	0.0000
-0.0600	0.2049	0.0000
-0.0696	0.1924	0.0000
-0.0726	0.1804	-1.0000
-0.0801	0.1549	-1.0000
-0.0914	0.1114	-2.0000
-0.1051	0.0591	-1.0000
-0.1105	0.0387	-1.0000
0.0508	-0.0258	-3.0000
-0.1284	-0.0366	-1.0000
0.0356	-0.0786	-3.0000
-0.1426	-0.1076	-1.0000
-0.2248	-0.2621	0.0000
-0.2837	-0.4240	0.0000
0.1048	0.3046	-2.0000
0.0780	0.2884	-2.0000
0.0009	0.2413	-1.0000
-0.0250	0.2264	0.0000
-0.0495	0.2116	0.0000
-0.0680	0.1975	0.0000
-0.0710	0.1855	-1.0000
-0.0830	0.1462	-1.0000
-0.1037	0.0639	-2.0000
-0.1209	-0.0036	-1.0000
-0.1271	-0.0317	-1.0000
-0.1326	-0.0639	-1.0000
-0.1413	-0.1024	-1.0000
-0.2024	-0.2067	-1.0000
-0.3869	-0.7403	0.0000
0.0663	0.2812	-2.0000
0.0132	0.2493	-1.0000
-0.0128	0.2338	0.0000
-0.0159	0.2216	-1.0000
-0.0695	0.1906	0.0000
-0.0742	0.1782	0.0000
-0.0771	0.1649	-1.0000
-0.0860	0.1368	-1.0000
-0.0903	0.1214	-1.0000
-0.0985	0.0876	-1.0000
0.0744	0.0544	-3.0000
-0.1078	0.0485	-1.0000
0.0616	0.0061	-3.0000
0.0540	-0.0175	-3.0000
-0.1314	-0.0588	-2.0000
-0.1400	-0.0970	-1.0000
-0.1495	-0.1444	-1.0000
0.0817	0.2904	-2.0000
0.0270	0.2575	-1.0000
-0.0253	0.2256	-1.0000
-0.0516	0.2103	0.0000
-0.0680	0.1959	0.0000
-0.0726	0.1834	0.0000
-0.0756	0.1701	-1.0000
-0.0845	0.1419	-1.0000
-0.0889	0.1265	-1.0000
-0.0931	0.1102	-1.0000
0.1638	0.0863	-3.0000
-0.1064	0.0535	-1.0000
0.0621	0.0114	-3.0000
-0.1321	-0.0536	-1.0000
-0.1388	-0.0916	-1.0000
-0.1686	-0.1977	-1.0000
0.0986	0.2999	-3.0000
0.0699	0.2828	-2.0000
0.0410	0.2663	-1.0000
-0.0130	0.2334	-1.0000
-0.0395	0.2171	0.0000
-0.0741	0.1755	-1.0000
-0.0831	0.1472	-1.0000
-0.0917	0.1154	-1.0000
-0.0958	0.0978	-1.0000
-0.1014	0.0791	-1.0000
0.1547	0.0396	-3.0000
-0.1103	0.0363	-2.0000
0.0561	-0.0082	-3.0000
-0.1232	-0.0162	-1.0000
0.0311	-0.0990	-2.0000
-0.1979	-0.1944	-1.0000
-0.2180	-0.2472	0.0000
-0.2449	-0.3146	0.0000
0.0855	0.2927	-2.0000
0.0565	0.2753	-2.0000
0.0288	0.2581	-2.0000
0.0009	0.2413	-1.0000
-0.0271	0.2250	0.0000
-0.0537	0.2089	0.0000
-0.0772	0.1671	0.0000
-0.0816	0.1525	0.0000
-0.0860	0.1371	-1.0000
-0.0903	0.1207	-1.0000
0.0731	0.0504	-3.0000
-0.1089	0.0416	-2.0000
-0.1156	0.0169	-1.0000
-0.1363	-0.0805	-1.0000
-0.1956	-0.1900	-1.0000
-0.2181	-0.2436	0.0000
0.1027	0.3030	-2.0000
0.0736	0.2847	-2.0000
0.0429	0.2674	-1.0000
-0.0131	0.2329	-1.0000
-0.0414	0.2164	0.0000
-0.0711	0.1866	0.0000
-0.0802	0.1581	0.0000
-0.0889	0.1261	-1.0000
-0.0930	0.1085	-1.0000
0.0757	0.0581	-3.0000
-0.1076	0.0470	-2.0000
-0.1144	0.0223	-1.0000
0.0518	-0.0233	-3.0000
-0.1283	-0.0373	-1.0000
-0.1351	-0.0748	-1.0000
0.0218	-0.1573	-1.0000
-0.2158	-0.2393	0.0000
-0.2353	-0.3150	0.0000
0.0291	0.2591	-1.0000
-0.0274	0.2240	-1.0000
-0.0558	0.2073	0.0000
-0.0787	0.1638	0.0000
-0.0815	0.1480	-1.0000
-0.0916	0.1141	-1.0000
-0.0956	0.0952	-2.0000
-0.1011	0.0748	-1.0000
-0.1063	0.0525	-2.0000
0.0807	0.0074	-3.0000
-0.1194	0.0001	-1.0000
-0.1271	-0.0317	-1.0000
0.0356	-0.0786	-3.0000
0.0235	-0.1422	-1.0000
-0.1710	-0.1769	-1.0000
-0.2136	-0.2350	0.0000
-0.2767	-0.4041	0.0000
0.1083	0.3060	-2.0000
0.0760	0.2872	-2.0000
0.0151	0.2504	-1.0000
-0.0148	0.2327	0.0000
-0.0434	0.2151	0.0000
-0.0727	0.1844	0.0000
-0.0756	0.1694	-1.0000
-0.0800	0.1538	-1.0000
-0.0860	0.1375	-1.0000
-0.0902	0.1198	-1.0000
-0.0942	0.1010	-2.0000
-0.0998	0.0804	-1.0000
-0.1050	0.0581	-2.0000
0.0615	0.0100	-3.0000
-0.1259	-0.0259	-1.0000
0.0368	-0.0720	-3.0000
0.0255	-0.1313	-2.0000
-0.2769	-0.4013	0.0000
0.0949	0.2978	-3.0000
0.0623	0.2788	-2.0000
-0.0293	0.2233	-1.0000
-0.0581	0.2055	0.0000
-0.0712	0.1905	0.0000
-0.0888	0.1257	-1.0000
-0.1169	0.0116	-1.0000
0.0487	-0.0348	-3.0000
0.0265	-0.1214	-2.0000
0.0218	-0.1573	-1.0000
0.0168	0.2507	-2.0000
-0.0082	0.2336	-1.0000
-0.0680	0.1966	0.0000
-0.0726	0.1817	0.0000
-0.0971	0.0922	-1.0000
-0.1025	0.0698	-1.0000
-0.1093	0.0452	-1.0000
0.0583	-0.0025	-3.0000
0.0505	-0.0301	-3.0000
-0.1304	-0.0509	-1.0000
-0.2091	-0.2217	-1.0000
-0.2746	-0.3946	0.0000
-0.4039	-0.7962	0.0000
0.0991	0.3012	-2.0000
0.0661	0.2806	-2.0000
0.0329	0.2608	-2.0000
0.0009	0.2413	-1.0000
0.0136	0.2312	-2.0000
-0.0736	0.1724	-1.0000
-0.0844	0.1378	-1.0000
-0.0902	0.1188	-1.0000
-0.1012	0.0759	-1.0000
-0.1080	0.0513	-1.0000
-0.1145	0.0237	-1.0000
-0.1156	0.0164	-1.0000
0.0294	-0.1034	-2.0000
-0.1491	-0.1471	-1.0000
0.0853	0.2921	-2.0000
0.0506	0.2715	-2.0000
0.0170	0.2513	-1.0000
-0.0152	0.2315	-1.0000
-0.0476	0.2123	0.0000
-0.0696	0.1948	0.0000
-0.0742	0.1789	0.0000
-0.0830	0.1442	-1.0000
-0.0945	0.1046	-1.0000
-0.0681	0.2003	0.0000
-0.1133	0.0299	-1.0000
-0.1192	-0.0015	-2.0000
0.0449	-0.0477	-3.0000
-0.1380	-0.0828	-1.0000
-0.2046	-0.2118	-1.0000
-0.2338	-0.2833	0.0000
0.0218	-0.1573	-1.0000
0.1048	0.3046	-2.0000
0.0348	0.2619	-2.0000
0.0009	0.2413	-1.0000
-0.0332	0.2215	0.0000
-0.0660	0.2019	0.0000
-0.0711	0.1854	0.0000
-0.0816	0.1508	-1.0000
-0.0931	0.1111	-1.0000
-0.1037	0.0639	-2.0000
0.0553	-0.0143	-3.0000
0.0334	-0.0867	-2.0000
-0.2315	-0.2786	0.0000
-0.2698	-0.3835	0.0000
0.0895	0.2953	-2.0000
0.0542	0.2731	-2.0000
-0.0170	0.2311	0.0000
-0.0741	0.1755	-1.0000
-0.0844	0.1383	-1.0000
-0.0956	0.0952	-2.0000
-0.1091	0.0429	-1.0000
0.0592	-0.0082	-3.0000
-0.1260	-0.0249	-1.0000
0.0356	-0.0786	-3.0000
0.0218	-0.1573	-1.0000
-0.2292	-0.2738	0.0000
-0.2655	-0.3881	0.0000
0.0738	0.2854	-2.0000
0.0368	0.2631	-2.0000
0.0009	0.2413	-1.0000
-0.0352	0.2203	0.0000
-0.0681	0.1997	0.0000
-0.0771	0.1645	-1.0000
-0.0830	0.1453	-1.0000
-0.0943	0.1020	-1.0000
-0.1013	0.0773	-1.0000
0.0683	0.0326	-3.0000
-0.1158	0.0184	-1.0000
-0.1230	-0.0180	-2.0000
0.0227	-0.1481	-1.0000
-0.2203	-0.2733	0.0000
0.0952	0.2986	-2.0000
0.0565	0.2753	-2.0000
0.0190	0.2525	-1.0000
-0.0172	0.2303	-1.0000
-0.0712	0.1901	0.0000
-0.0756	0.1718	-1.0000
-0.0816	0.1525	-1.0000
0.0613	0.0053	-3.0000
0.0575	-0.0276	-3.0000
-0.1319	-0.0547	-1.0000
-0.1422	-0.1102	-1.0000
-0.2645	-0.3746	0.0000
-0.3869	-0.7399	0.0000
0.1063	0.2943	-3.0000
0.0010	0.2414	-2.0000
-0.0680	0.1975	0.0000
-0.0741	0.1796	0.0000
-0.0786	0.1598	-1.0000
-0.0844	0.1389	-1.0000
0.0626	0.0130	-3.0000
0.0416	-0.0551	-3.0000
0.0265	-0.1214	-2.0000
-0.2520	-0.4034	0.0000
0.1024	0.3021	-3.0000
0.0208	0.2531	-2.0000
-0.0166	0.2304	-1.0000
-0.0561	0.2066	0.0000
-0.0711	0.1871	0.0000
-0.0704	0.1682	-1.0000
-0.0831	0.1466	-1.0000
0.0752	0.0610	-3.0000
0.0549	-0.0152	-3.0000
0.0286	-0.1099	-2.0000
-0.2202	-0.2529	0.0000
-0.2564	-0.3804	0.0000
0.0009	0.2413	-1.0000
-0.0394	0.2174	0.0000
-0.0696	0.1953	0.0000
-0.0800	0.1544	-1.0000
-0.0874	0.1317	-1.0000
-0.1014	0.0791	-1.0000
-0.1271	-0.0317	-1.0000
0.0311	-0.0990	-2.0000
0.1086	0.3069	-2.0000
0.0763	0.2822	-2.0000
0.0212	0.2542	-1.0000
-0.0209	0.2291	0.0000
-0.0601	0.2043	0.0000
-0.0727	0.1839	0.0000
-0.0787	0.1627	0.0000
-0.0844	0.1397	-1.0000
-0.0916	0.1148	-1.0000
-0.0985	0.0870	-1.0000
0.0710	0.0400	-3.0000
0.0652	-0.0006	-3.0000
0.0476	-0.0374	-3.0000
-0.1367	-0.0777	-1.0000
-0.2158	-0.2412	0.0000
0.1087	0.3071	-2.0000
0.0895	0.2953	-2.0000
0.0446	0.2679	-2.0000
0.0009	0.2413	-1.0000
-0.0416	0.2156	0.0000
-0.1037	0.0639	-2.0000
0.0623	0.0078	-3.0000
0.0502	-0.0311	-3.0000
-0.1339	-0.0690	-1.0000
-0.1477	-0.1423	-1.0000
-0.0212	0.2279	-1.0000
-0.0660	0.2019	0.0000
-0.0801	0.1569	-1.0000
-0.0874	0.1317	-1.0000
-0.0944	0.1038	-1.0000
0.0757	0.0626	-3.0000
0.0641	0.0170	-3.0000
0.0514	-0.0242	-3.0000
-0.1332	-0.0601	-1.0000
-0.1471	-0.1328	-1.0000
-0.2114	-0.2285	-1.0000
0.0218	-0.1573	-1.0000
0.0970	0.2994	-2.0000
0.0484	0.2698	-2.0000
0.0009	0.2413	-1.0000
-0.0455	0.2138	0.0000
-0.0711	0.1894	0.0000
-0.0845	0.1407	-1.0000
-0.0915	0.1127	-1.0000
0.0663	0.0271	-3.0000
-0.1197	0.0024	-1.0000
0.0410	-0.0589	-3.0000
-0.2496	-0.3439	0.0000
0.0757	0.2862	-2.0000
0.0250	0.2561	-1.0000
-0.0232	0.2269	-1.0000
-0.0680	0.1990	0.0000
-0.0886	0.1219	-1.0000
-0.0970	0.0904	-2.0000
-0.1065	0.0544	-1.0000
-0.1169	0.0116	-1.0000
-0.1278	-0.0414	-2.0000
-0.1439	-0.1129	-1.0000
-0.2046	-0.2142	-1.0000
0.1048	0.3046	-2.0000
0.0524	0.2723	-2.0000
0.0009	0.2413	-1.0000
-0.0495	0.2116	0.0000
-0.0786	0.1598	-1.0000
-0.0959	0.1001	-1.0000
0.0597	0.0011	-3.0000
0.0265	-0.1214	-2.0000
0.0218	-0.1573	-1.0000
0.0817	0.2904	-2.0000
0.0270	0.2575	-1.0000
-0.0253	0.2256	-1.0000
-0.0680	0.1959	0.0000
-0.0845	0.1419	-1.0000
-0.0914	0.1110	-2.0000
0.0759	0.0584	-3.0000
0.0482	-0.0359	-3.0000
-0.1388	-0.0916	-1.0000
-0.3837	-0.7296	0.0000
0.0565	0.2753	-2.0000
-0.0537	0.2089	0.0000
-0.0726	0.1810	-1.0000
-0.0903	0.1207	-1.0000
0.0663	0.0229	-3.0000
0.0320	-0.0921	-2.0000
-0.1701	-0.1869	-1.0000
-0.2425	-0.3108	0.0000
-0.4620	-0.7101	0.0000
0.0895	0.2953	-2.0000
0.0291	0.2591	-1.0000
-0.0696	0.1924	0.0000
-0.0787	0.1638	0.0000
-0.0874	0.1317	-1.0000
-0.0956	0.0952	-2.0000
0.0711	0.0359	-3.0000
-0.1194	0.0001	-1.0000
0.0356	-0.0786	-3.0000
0.0623	0.2788	-2.0000
0.0009	0.2413	-1.0000
-0.0581	0.2055	0.0000
-0.0829	0.1432	-1.0000
0.0732	0.0507	-3.0000
-0.1169	0.0116	-1.0000
-0.1316	-0.0571	-1.0000
0.0991	0.3012	-2.0000
0.0329	0.2608	-2.0000
-0.0312	0.2224	0.0000
-0.0711	0.1881	0.0000
-0.0801	0.1556	-1.0000
-0.0902	0.1188	-1.0000
-0.1012	0.0759	-1.0000
0.0425	-0.0525	-3.0000
-0.1491	-0.1471	-1.0000
0.0699	0.2828	-2.0000
0.0009	0.2413	-2.0000
-0.0660	0.2019	0.0000
-0.0874	0.1317	-1.0000
-0.0986	0.0886	-1.0000
-0.1103	0.0363	-2.0000
0.0453	-0.0432	-3.0000
-0.1471	-0.1328	-1.0000
-0.3807	-0.7163	0.0000
-0.0352	0.2203	0.0000
-0.0830	0.1453	-1.0000
-0.1079	0.0497	-1.0000
-0.1230	-0.0180	-2.0000
-0.1431	-0.1178	-1.0000
-0.2270	-0.2689	0.0000
-0.4620	-0.7089	0.0000
0.0009	0.2413	-2.0000
-0.0680	0.1975	0.0000
-0.0786	0.1598	-1.0000
-0.0917	0.1164	-1.0000
0.0732	0.0507	-3.0000
0.0644	-0.0216	-3.0000
0.0265	-0.1214	-2.0000
-0.4542	-0.6933	0.0000
0.0410	0.2663	-1.0000
-0.0394	0.2174	0.0000
-0.0741	0.1755	-1.0000
-0.1169	0.0116	-1.0000
0.0218	-0.1573	-1.0000
0.0896	0.2954	-2.0000
0.0009	0.2413	-2.0000
-0.0696	0.1924	0.0000
-0.0815	0.1480	-1.0000
0.0762	0.0075	-3.0000
0.0356	-0.0786	-3.0000
-0.2136	-0.2350	-1.0000
0.0484	0.2698	-2.0000
-0.0455	0.2138	0.0000
-0.0771	0.1660	-1.0000
-0.1093	0.0452	-1.0000
-0.1304	-0.0509	-1.0000
0.1048	0.3046	-2.0000
0.0009	0.2413	-2.0000
-0.0711	0.1854	-1.0000
-0.0874	0.1317	-1.0000
0.0732	0.0507	-3.0000
0.0453	-0.0432	-3.0000
0.0565	0.2753	-2.0000
-0.0537	0.2089	0.0000
-0.0816	0.1525	-1.0000
-0.1219	-0.0109	-1.0000
0.0009	0.2413	-2.0000
-0.0929	0.1067	-1.0000
0.0561	-0.0082	-3.0000
0.0699	0.2828	-2.0000
-0.0660	0.2019	0.0000
0.0657	0.0170	-3.0000
0.0009	0.2413	-2.0000
0.0732	0.0507	-3.0000
0.0265	-0.1214	-2.0000
0.0895	0.2953	-2.0000
0.0356	-0.0786	-3.0000
-0.3807	-0.7155	0.0000
0.0009	0.2413	-2.0000
0.0453	-0.0432	-3.0000
0.0561	-0.0082	-3.0000
0.0009	0.2413	-2.0000
0.0732	0.0507	-3.0000
-0.0874	0.1317	-1.0000
0.0009	0.2413	-2.0000
0.0009	0.2413	-2.0000
