1024	3204	137	399	788	3477	404	1429	792	1560	664	1023	540	157	1186	419	1443	933	935	683	428	302	305	306	1203	308	181	704	839	1355	847	1364	213	1493	215	88	1625	471	1495	1497	1108	2014	864	3683	484	489	235	1644	240	3441	626	499	1012	372	246	1271	3192	1275	127
2177	2946	1923	1025	3209	1801	523	138	268	1036	401	767	1557	406	405	411	669	158	1696	1700	1188	934	940	303	944	438	3127	3642	451	964	581	329	588	845	846	592	337	209	848	1748	89	219	1502	97	610	3691	113	116	1269	1272	507	3582	255
0	1282	771	516	3465	139	269	397	3730	407	3224	1431	1050	159	1569	1571	1190	1575	1966	1968	304	692	444	575	1344	576	1861	1863	1865	333	1359	849	594	3283	212	210	3670	343	856	216	3418	90	858	606	3423	222	350	226	1632	1124	2918	359	487	620	3440
256	1	3203	1413	773	3723	781	1427	22	3225	1179	1435	541	797	3485	160	672	1698	1565	1189	422	1198	3503	1970	1206	314	1341	577	2116	452	3400	1353	461	590	208	1107	1496	91	3676	1500	3550	1119	1760	98	99	1636	1638	104	1257	106	105	360	1130	884	757	1274	1151
128	2	1028	3461	1285	1288	140	3087	1044	3349	534	25	665	668	413	1694	161	1574	681	937	3243	1708	939	941	3249	433	1852	3517	700	2113	961	1859	3524	3525	580	3271	705	323	326	971	843	1352	462	1354	1872	850	217	2906	247	92	860	1630	1498	3298	485	102	486	1640	236	109	495	3187	501	1911	121
513	257	4	1926	776	1417	1034	270	3471	528	3607	1047	26	1822	415	1439	162	1187	677	1573	1704	425	938	429	3633	1972	3641	3130	954	573	578	968	585	3148	1489	1109	1110	1111	3288	344	218	1499	93	1117	351	1122	1508	101	1766	232	361	876	1263	3188	3319	761
1921	1273	1928	1032	3210	520	524	141	1020	271	661	1814	24	3355	3484	798	1823	3618	675	163	3498	686	946	317	959	1350	1480	3528	1867	1357	3406	207	338	2259	600	3289	1113	1501	94	867	483	870	3560	873	1642	1641	493	494	111	241	3059	627	117	756	1270	505	764
769	129	779	3597	3086	1039	1425	1530	1428	789	1430	3223	663	1689	2074	2330	27	1433	417	164	932	679	1194	1579	942	3248	1201	3635	3126	952	3386	570	445	319	965	453	842	1104	597	853	2775	87	1628	3422	224	352	611	3685	229	615	2027	491	752	753	2546	628	503	248	122
258	3716	1030	395	1420	1806	272	2577	529	3603	1808	2069	410	1051	28	1563	542	667	1184	1572	165	1576	3497	1192	3502	689	948	1204	439	187	3265	2114	321	3654	710	454	3529	587	972	3149	844	1356	84	3547	2012	862	607	3559	1256	3561	362	492	621	498	1021	510
259	517	3462	782	142	766	785	273	535	29	1278	3104	3110	936	1577	684	815	943	434	51	950	183	2362	956	3645	446	701	1857	962	1345	711	584	1484	3405	3662	3535	1743	1868	3539	1365	1494	3161	345	603	1115	3677	1503	865	1764	3431	488	1258	363	749	622	242	1267	1022
130	1283	3460	774	3081	3596	525	1037	143	656	1041	1810	3476	21	1812	1818	666	1820	931	166	1191	3242	1196	52	309	3383	696	188	189	706	1348	3321	1351	969	330	3404	334	1360	1105	3282	1746	339	1120	3170	1506	2020	2917	1125	616	237	877	880	114	3699	3320	249	1019	2429
1280	260	398	1423	657	274	530	660	23	1048	2072	793	1180	3103	671	420	167	423	426	3627	3370	430	2867	307	54	1207	440	313	186	3387	312	571	574	2111	455	3272	2632	1097	1098	1103	2896	214	3287	855	353	3682	1127	3304	1639	233	1131	364	881	885	758	760	3705	1276
2817	1027	5	1286	786	275	1045	1432	536	794	3354	1436	3230	1183	799	1438	1570	33	3365	168	2607	1199	3250	435	693	2997	311	184	1209	62	3646	447	324	583	327	841	589	1487	593	595	3546	346	221	3549	3167	3168	354	1762	2022	1259	1645	2029	2031	1264	755	3189	118	123	1918
2690	1026	772	514	1414	131	3211	144	3348	409	2722	34	674	169	1964	301	690	3252	3382	310	3512	185	697	3129	70	456	973	1358	1106	1492	3540	2774	1623	852	1753	857	859	1626	1755	227	612	3301	1637	3303	1128	617	874	490	108	3693	623	1266	243	373	250	763	508	894
768	1924	261	3336	521	1035	780	526	2576	400	1042	1554	276	531	790	1558	402	1816	1426	32	1568	1185	1705	170	3371	3372	1578	687	945	182	1978	1347	579	707	1096	74	1099	2893	3661	340	598	604	608	1761	355	100	2661	868	230	1123	365	112	497	3570	3575
1029	518	1289	1422	145	658	277	662	2967	1692	412	3488	1699	35	171	1202	316	957	702	1342	960	448	194	963	3270	3399	75	1740	331	3150	335	1100	1362	2515	347	861	1118	223	225	1635	3432	3562	1643	2154	366	2545	3186	506	500	502	759	1914	511
132	1930	1804	396	783	3088	146	3478	1561	3356	3357	1181	418	291	37	295	680	427	2988	2989	172	431	3636	1205	2996	441	955	1980	3518	322	1481	970	3147	76	2895	591	1363	1491	211	1366	1112	601	1114	3421	863	2923	1132	1260	238	882	1268	3703	251	124
1281	770	262	3591	3335	1033	1802	1040	278	537	1434	795	1049	414	1567	292	678	38	1703	682	1195	173	694	3385	953	2748	3519	1349	582	838	457	78	1617	1749	1751	3034	1631	613	618	878	751	624	367	1011	115	3318	3066	1916	3711
1920	3717	1799	263	777	1418	522	1551	527	1424	787	2068	403	1815	538	670	673	676	39	1193	3626	1706	1197	174	685	436	1973	698	708	3142	1095	458	82	467	3290	220	866	1634	1126	2024	234	3439	3185	244	886	119	504	1279
1284	775	3338	1038	147	532	1046	2070	3606	279	2970	2972	416	1697	36	1702	3240	3241	424	300	175	2224	691	1975	1208	442	318	320	325	1862	328	3273	586	1864	3021	1101	3409	1361	851	596	85	1116	348	3041	356	3300	871	875	110	754	3058	252	765	3583
133	1031	519	1415	3470	2193	791	408	1277	1437	3614	3358	1695	421	40	176	688	3251	3381	949	1976	569	3384	572	966	1866	336	341	86	605	1758	1759	3040	3169	1121	357	3558	1129	2025	619	368	625	3190	3323	3581
515	264	3337	784	1043	148	280	539	796	1052	1564	30	3229	930	3628	1580	432	177	1969	947	1200	1971	951	1337	3131	3516	3644	315	449	3014	712	1485	463	3542	1629	1504	3297	3428	614	107	1646	239	369	1145	3706	509
512	1922	3459	1287	3472	3347	1555	281	31	3489	3111	3369	1707	178	443	1343	450	1860	709	967	840	2633	459	3403	1869	1488	854	599	602	1757	609	482	228	869	3306	879	496	245	3062	125	253
134	265	1291	149	1559	1690	3101	3364	1701	3108	3496	41	2987	695	699	958	332	3020	3538	1747	342	1016	3291	349	3552	103	872	231	1133	3694	1261	2800	370	883	1912	1017	762	1148
3584	641	3334	3080	3592	778	3341	1809	1811	150	3479	3480	282	42	2606	437	1334	1210	1338	703	3264	460	974	3663	1744	1367	1624	120	1633	1765	358	3687	1392	1015	3447	3064	3322
2945	1929	1290	1419	1807	2066	533	151	283	1053	1566	543	800	1693	3620	3109	3623	43	3501	817	3254	1214	3647	3137	3141	3398	3269	1482	3407	3154	1368	3553	1763	3305	3307	3692	371	887	126
3	135	266	3218	1562	1821	1054	3368	44	1967	3504	2995	3640	3256	3132	1216	713	3530	717	3022	975	2894	3153	1490	2514	1873	3671	1754	1627	3165	3430	2156	1134	3696	629	3451	3324	3325	254
3712	3458	3331	1927	3464	136	3466	3339	1421	3601	659	152	2969	1819	1055	1440	801	1824	3619	3112	45	1211	1346	1988	976	1874	3672	1369	3035	2013	989	3039	1505	2018	3173	3181	1135	1648	630	1014	888
3329	267	3085	1805	1295	3089	3222	3736	153	2840	2973	3359	544	1056	802	3494	1960	46	3123	3507	3509	1336	1851	1212	1339	2112	1858	3013	714	464	977	3155	2901	3686	1262	750	1136	1265	2158	889
2689	3202	1416	1292	3469	3213	1296	1297	3217	1556	154	284	3613	1182	3102	1441	1057	803	3373	47	3121	1589	3637	3515	3133	1213	3263	1854	3135	3138	2117	3274	715	1871	3279	978	3541	1752	2396	3293	3166	1767	2026	3308	3183	1137	374	631	890	3195	3196
3585	2948	3589	3208	1293	3598	2839	1176	1817	1175	155	1307	2331	3100	1058	804	3113	1066	1965	48	3379	3253	2363	1982	195	2115	1102	3281	979	1620	3415	1370	3551	3424	3042	1507	3435	3564	3569	1138	3315	3317	3063	891	3452	1917	1919
1800	3340	1294	3220	1303	2457	1177	156	545	1442	1059	1959	3625	3505	50	3125	3258	3134	1215	3522	3139	196	716	1486	1230	3408	3410	3286	1750	1371	3294	2021	2023	1255	3180	3565	1139	2296	1018	3707
3201	2820	1925	3590	3212	1813	3353	3233	49	2866	3511	3389	2109	1855	3277	1870	3151	465	1745	980	3157	1621	1372	3678	3296	1509	2277	3177	3433	1647	632	1915	3455
903	3214	3215	2064	2073	3226	1178	546	805	3374	3124	1974	3191	55	3259	3395	2630	3023	3152	3667	3675	1756	1373	3679	3171	1510	3563	748	2544	3314	1140	3445	1013	375	633	892
3330	1411	6	3463	1803	3475	3221	1913	3610	2075	286	1060	3377	2482	53	3388	1340	190	1217	3523	3194	3450	2513	981	1374	3425	3554	1511	3449	634	3580	638
3200	1412	3079	2966	3611	1691	285	3099	3362	547	1444	806	3239	551	3632	179	57	3262	3012	2119	1483	3531	718	3664	3665	466	2773	3548	1375	1512	2030	3700	1141	893
2944	3345	1298	1174	2071	927	3231	3490	3363	1061	3506	1720	1592	58	1218	3397	3655	3657	1619	727	3681	3172	3302	1513	3434	3438	3310	1521	3574
2688	3718	3595	3599	3605	807	3114	3380	59	199	2892	3276	3412	982	1376	2019	2276	376	3179	2028	3695	1909	1142	1527	3448	3708
3090	2067	1299	3617	548	3492	1062	3115	813	3247	1333	3255	1979	60	3391	3394	1219	3658	719	2660	2152	635	2032	1649	379	3193	3579	3453	3327
2563	3720	1932	3608	1445	3237	1581	3120	1977	61	1856	3136	3650	3653	1233	3156	983	3033	2395	3295	1377	3043	2150	1514	1143	895
642	7	394	2575	1300	3609	3612	1825	1063	808	2986	3116	2605	3510	63	1220	3017	3275	720	3411	3669	1622	3292	3175	3176	2797	3313	1650	377	3067	636
643	8	3467	2456	3481	2974	1311	929	3491	549	3629	1582	64	1476	2772	468	3159	984	3680	1378	3684	3044	747	1144	3068	3198
896	1688	1446	1064	553	3117	2747	3260	3390	65	1221	1094	200	3673	2916	1515	3056	3698	1907	3576	3199
1410	3343	287	2721	809	1583	3122	2483	180	192	3648	66	3011	3024	3413	985	1379	2155	1516	2295	3710
897	3719	2574	2065	2965	1687	3232	3361	1447	1065	3118	2865	191	3392	67	1222	721	3417	3045	1651	637
193	2659	1517	1709	3055	1936	3119	3376	1875	3725	469	1301	1910	56	3095	3091	926
3731	3092	3094	1448	810	1584	2998	2110	69	1479	2631	1616	986	1883	1380	3054	378	1652	1146	2428	3069	3070
2816	3072	898	1381	3046	71	1223	1769	554	2985	9	1710	1585	722	3734	3032	2843	2108	2077	3071
1796	2949	10	1302	3737	550	552	811	1981	3009	3527	72	203	3025	987	3047	3048	3049	3050	1518	1653	1147	2943
3008	385	2976	899	1224	1449	73	1067	11	2157	2999	723	3027	3029	2198	3738	3028	2746	1596
1382	383	2950	2153	3019	2924	77	3084	1519	2771	1523	470	1335	3000	3002	3007
2977	2914	3427	3003	1225	1450	1963	2922	2925	79	1711	3228	1586	1686	3001	2971	988	3006	639
928	2978	3107	2951	2845	12	812	3534	1742	80	2044	3184	1654	2902	1304	2873	3004	3005
288	900	2981	3622	1383	3429	2952	1962	1931	1068	13	2958	2926	1520	81	3444
2979	2980	2118	1385	3690	1451	2953	3660	14	1712	2994	83	724	1587	2195	2938	2874	2046	2975
481	68	1478	2888	2954	3018	3727	15	2959	2927	3537	2173	3061	1655	2937	1149
386	2955	2956	16	3474	2579	2196	20	3352	1305	3227	2846	2732	1226	3026	2899	2903	2394	2913	1384	2928	2034
2912	2882	2844	1254	3145	2602	1452	1069	2159	17	2929	19	2872	1173	2869	2935	1656	2875	2076	3038
640	2017	2016	2692	3207	3500	2061	18	2904	1588	2930	2934	2933	2936	2458	3351	1150	2847
1156	901	1798	2696	289	3106	1713	3514	2886	198	3146	1227	3402	1741	2910	1768	2796	2801	2931	2932	3446
1409	2821	3083	1550	2197	1306	2848	290	2481	3634	3268	197	1991	2517	2905	2780	1885	2909	3573	380	2814
3715	2822	2849	2858	1453	1070	2993	2871	2361	2877	1983	202	2900	725	2260	3285	472	2907	2908	2794	2033	381
1795	2947	2695	2062	2833	1657	293	294	814	816	2616	2878	2879	2884	837	2377	728	3545	2779	2011	2781	3164	3299	1522	2297	2813
384	2880	96	2883	2851	1152	902	3457	2728	201	3206	2604	1228	2832	1553	1714	726	473	3037	2558
2881	2753	2723	390	2823	2857	1386	3594	2573	2782	1391	2063	2992	2802	990	2455	2329	3420	382
387	3652	2853	2852	2856	2120	2298	204	2957	1071	2831	1715	2803	2838	1590	3704	474
3616	2242	2754	2724	2854	2855	2824	2664	2729	1229	3246	3697	2226	1394	1076	1658	2811	476	3454	2783
2826	2827	2828	2830	1308	1826	296	555	2752	3266	2776	475	477	991	480	2784	2791	1010	3571	2804	2687
836	1797	2727	2792	904	2825	1387	556	2829	2634	1072	3057	2609	2810	1724	3487
1153	644	388	389	2698	3346	2968	3105	1958	1454	2749	3267	1477	2766	2778	731	992	2665	3443	2805	2809	2299
2819	2697	3082	1933	1310	297	557	819	3128	3016	2636	2637	3284	729	732	2785	3555	2149	2790	3442	1524	2807	2808
645	2694	905	3473	1309	3486	2078	2730	559	1073	2611	2870	1591	3144	3659	730	2786	3556	2789	2666	3316	2294	2806
1154	647	1941	1659	3615	3624	3499	558	818	820	2612	1853	2751	2755	2765	2787	2788	2921	2667	1388	3572	2427
646	2580	2842	2731	1455	560	1460	3643	1725	2756	2762	2891	2764	1231	2393	3163	993	2151	1770	2410	3709
2720	2757	3333	3143	2919	906	2763	2699	205	1835	2160	2512	1074	3728	1716	2741	1525	733	2079
1155	907	2700	2716	1827	298	561	2740	2229	2484	2107	2876	2758	2761	1232	3668	3036	994	2915	2668	1389	1906	2035	1908
1316	2760	3722	908	2712	1390	2733	2734	2608	2897	2739	821	1878	3639	568	3350	2714	1660
1093	3238	2759	3513	2701	823	2669	1456	2736	2738	1075	2799	1717	2359	2713	3098	2172	734	735
1828	1157	648	3244	2670	2735	1552	2737	2706	2638	2610	1685	822	2711	824	1593	2547	2777	2798
1312	3162	2726	3367	3245	2094	911	2480	2703	2194	562	1457	2613	2710	1879	2704	2708	2333	2485	1661
2366	995	2691	3366	2663	649	2572	909	2750	2639	2671	2705	2707	1876	2548	1718	1526	2680	2942
1408	737	736	2537	1772	2702	1934	910	2225	2578	3604	2709	2581	2549	1594	3483	1599
996	1829	1092	2488	3205	2920	2060	2991	2672	2640	1234	2227	563	1077	2678	2679	2676	2332
2369	1313	3557	1158	1961	3593	1997	912	2673	2641	2675	2644	2454	2582	1880	825	1850	2614	1662
2725	2121	2603	3182	2192	913	2674	2642	1235	1937	2518	1719	2550	1945	3065	2430
3456	738	2818	2583	2245	1830	1989	3015	3401	2635	2543	1618	2643	2645	2486	2615	2648	1595	826	2651
1984	1314	739	2519	2693	391	650	1773	2426	1458	2293	2646	2647	2584	2617	2010	2235	2841	1877	2364
2850	2370	3140	997	2662	2431	1994	1393	1938	914	1172	2516	2551	2520	2650	827	1663
998	2552	651	2585	3280	3419	1236	1078	2487	1528	1881	2618	2619	2398	2015
2042	1315	3396	740	3332	2123	2553	1774	2161	2522	564	3060	2521	2586	2523	2620	2367
2432	1990	3495	1159	1160	1831	1771	2125	2446	2990	2898	1459	2489	2554	2587	2397	2621
2460	1664	1986	3651	2271	2086	2399	1001	3536	915	2228	2868	1721	1529	2490	2588	2590	2623
2625	2309	2502	2122	1395	917	3702	1079	2555	2524	2589	2303
2624	1665	2592	999	2124	1775	3729	2459	2199	2491	2556	2334	2591
2400	2593	2433	2525	2658	1985	1161	746	1833	2092	1163	206	2511	2837	1237	2261	2043	2492	2557
2080	2231	3010	2338	741	1832	1332	2677	2461	1239	2036	2649	2365	1597	2526
2401	2594	1794	2434	1317	2087	1000	2162	916	1238	3160	1722	2300	2493
1666	2392	2402	2527	2353	1939	1240	2301	1080	1884	2200	2462	2559
2528	2560	2595	2335	1162	2282	2479	1776	2258	2262	3416	2463
2561	2529	2081	2403	1957	1318	1320	1992	3178	2318	2864	2163	565	2263	1081	1531	2494
2464	2562	2530	1082	2223	1935	2719	2164	1461	2106	1723	828	829	2495
2496	2465	2531	2564	2435	3526	1319	2404	2542	1777	2745	1396	2037	918	919	2136	2425	1083	1598
2497	1667	2088	1905	1940	2165	2038	2328	1241	1242	1532	2239
2336	2466	2532	2406	1993	1002	2571	1834	2510	2191	1397	1462	2166	2201
2498	2468	1253	2533	3078	478	2405	2129	1778	2045	2264	1084	1533	2302
2368	2082	1475	2499	2436	1668	3326	2089	1684	2230	1398	1466	2622
1600	2337	2467	2534	1325	2478	1943	2292	2039	920	2265
1463	1987	2083	2437	1898	3219	1779	566	2391	1886
2304	2469	1669	2407	1321	1164	3602	1942	2202	2203	2174	1535
1601	2305	2148	2084	1464	2348	1836	1839	830	2130	2232	3097	2009	1534
2306	2629	2440	2408	2090	2411	1003	1322	2316	2964	2040	2233	2234	1726	2207
2211	1540	2085	2246	1670	1783	3533	1165	3342	2126	2257	2127	2131	2167	1465	921	2236
2657	2178	1539	2500	1602	742	2315	1996	1323	1882	2453	1399	2360	2266	2237	2270	1887
2272	1537	2208	1603	2052	2439	1401	2047	2283	1548	1837	3666	2101	2269	2041	1467	1085	2175
1536	1889	3714	1090	2273	1604	2470	2984	1897	2378	652	2189	1901	2350	1005	1846	2168	1243	2268	1086
2565	393	3732	2326	2347	1324	1845	2238	832	1729	2241	2390	2267	1888	2409	745	3051	1004	2413	2414	2288	1780	2169	2170
2307	2308	1671	2190	655	1682	2204	2209	1331	2100	1728	2374	1610	1995	2770	1244	1248	743	2412	1781	1400	1403	1790
2049	1538	2147	2501	2341	2311	1838	925	2002	1087	2132	1843	95	1944	2137	3674	2171	2205	2143	831
1793	2274	2339	2340	2213	2342	1541	2313	1546	2091	2445	1166	1167	1171	2452	2003	2007	2008	1245
2048	2176	2438	1672	1673	2059	2443	922	2343	2345	2221	2103	1727	2376	1738	1739	2128	2138	1250	2423	1407
2210	1730	2371	1605	2181	1607	1734	2312	2344	2188	2380	1549	1615	2133	1782	1951	2206	1471
2240	1890	1474	2372	1606	2057	2442	2346	2093	1840	2290	1844	2358	2105	1947
1088	1891	2275	835	1251	2375	1674	2284	653	2222	2254	1402	1841	1678	2134	1946	1948	1949
1731	1252	1788	2310	2279	2441	2251	1676	1998	1007	2291	2325	2135	2327	1246
2050	2243	2373	1736	1545	1737	1675	1609	2317	1326	1903	1328	1847	2424	2104
1892	1732	2278	1893	1544	2379	2252	2095	1904	1842	1950	1683	1787	2686
2244	2216	2249	2314	392	1900	1006	1999	2256	1902	2451	1784	3261	1247
2146	2051	2212	3077	1542	1894	2349	2382	2863	1680	1009	2253	2001	923	1468
2179	1733	2471	2280	2472	2535	744	3468	2220	654	1896	2096
1895	1608	2281	2536	1611	2541	1679	2000	2097	2389	2141
2656	1953	2180	2474	2795	1614	2351	2320	2415	2354	2255	1785	1786	2941	1469
1792	2055	2504	2217	2186	1677	1327	1681	2963	3257	924
1473	2053	2214	2247	1543	2473	1547	2444	1899	2388	2102	3096	1849
1952	1089	1954	2145	2215	2185	2381	3568	2352	2289	2098	2324	1470
833	1249	2503	2248	2187	1612	2509	1613	2384	2139	2685	1791
1955	1956	2218	2319	1168	3631	1169	1329	2006	1406
834	1091	3236	2983	1735	2447	2417	2323	1848	2140	1405
3426	2054	299	2416	2385	1330	479
3234	3586	2183	2058	2862	3278	1170	2099	1789
1472	2144	3588	2182	2056	2570	2285	2383	2004	3093	2142	2911
567	2250	2219	1008	2322	2418	3543	2744	2815
2596	2287	3378	2357	2005	3578	1404
3076	2567	2184	2890	2477	3630	2356	2684
3521	2982	3437	2286	3375	2387	2420
3073	2475	3052	2321	2962	2769	2681	2655
2885	3689	3309	3344	2386	2355	2422	3158	2715	2717	2718
3360	2597	2569	2538	2508	2540	2961	2419	2683	2940	2652
3393	3656	2859	3312	2448	2450	3216	2421	2939
3688	2601	3053	3600	3701	3544	3197
3713	2626	3721	2889	2768	2449	2812
2476	3726	3567	3733	3482
2628	3493	2568	2505	2834	3414	3735
3328	3649	3235	2793	2861	3566	2960	2836	3508	2742
3075	3174	2506	2507	3724	3031	2835	2743	2653	2654
2598	2599	2600	2887	3638	3577
3587	3621	2566	2539	3436	3532	3311	2682
3520	3074	2627	2860	2767	3030
