1.8605e-01
1.4286e-01
3.3326e-04
2.1429e-01
3.3326e-04
3.3326e-04
3.3326e-04
3.3326e-04
3.3326e-04
3.3326e-04
3.3326e-04
3.3326e-04
3.3326e-04
3.3326e-04
3.3326e-04
3.3326e-04
3.3326e-04
3.3326e-04
2.3574e-01
2.3574e-01
2.3574e-01
3.3326e-04
3.3326e-04
3.3326e-04
3.3326e-04
3.3326e-04
3.3326e-04
3.3326e-04
3.3326e-04
3.3326e-04
3.3326e-04
3.3326e-04
3.3326e-04
3.3326e-04
3.3326e-04
3.3326e-04
3.3326e-04
3.3326e-04
3.3326e-04
3.3326e-04
3.3326e-04
3.3326e-04
3.3326e-04
3.3326e-04
3.3326e-04
3.3326e-04
3.3326e-04
3.3326e-04
3.3326e-04
3.3326e-04
3.3326e-04
3.3326e-04
3.3326e-04
3.3326e-04
3.3326e-04
3.3326e-04
3.3326e-04
3.3326e-04
3.3326e-04
3.3326e-04
3.3326e-04
3.3326e-04
3.3326e-04
3.3326e-04
3.3326e-04
3.3326e-04
3.3326e-04
3.3326e-04
3.3326e-04
3.3326e-04
3.3326e-04
3.3326e-04
3.3326e-04
3.3326e-04
3.3326e-04
3.3326e-04
3.3326e-04
3.3326e-04
3.3326e-04
3.3326e-04
3.3326e-04
3.3326e-04
3.3326e-04
3.3326e-04
2.3359e-01
3.3326e-04
3.3326e-04
3.4211e-01
3.3326e-04
3.3326e-04
3.3326e-04
3.3326e-04
3.3326e-04
3.3326e-04
1.3258e+00
6.8644e-01
3.3326e-04
3.3326e-04
3.3326e-04
1.7691e-01
1.9946e-01
2.3452e-01
2.6608e-01
2.5564e-01
3.0038e-01
2.8662e-01
2.7579e-01
3.3326e-04
2.6044e-01
3.3326e-04
2.2066e-01
2.4725e-01
2.4190e-01
2.4389e-01
3.3326e-04
3.3326e-04
2.3982e-01
3.3326e-04
2.3578e-01
2.0614e-01
3.3326e-04
2.3446e-01
2.3293e-01
3.3326e-04
3.3326e-04
1.9913e-01
1.5403e-01
3.3326e-04
2.2993e-01
2.2872e-01
2.2778e-01
3.3326e-04
2.1305e-01
2.0144e-01
3.3326e-04
1.5815e-01
1.1179e-01
2.2736e-01
2.2636e-01
2.2577e-01
2.2488e-01
2.2426e-01
2.2353e-01
2.2284e-01
2.1945e-01
2.1610e-01
2.1247e-01
2.0747e-01
2.0237e-01
1.9580e-01
1.8866e-01
1.7890e-01
1.6947e-01
1.5499e-01
1.3705e-01
1.1159e-01
7.1141e-02
2.2283e-01
2.2244e-01
2.2181e-01
2.2153e-01
2.2126e-01
2.2074e-01
2.2013e-01
2.1983e-01
2.0755e-01
2.1716e-01
2.1686e-01
2.1529e-01
2.1410e-01
2.1228e-01
2.1053e-01
2.1061e-01
2.0882e-01
2.0628e-01
2.0545e-01
2.0422e-01
2.0232e-01
2.0063e-01
1.0462e-01
1.9500e-02
2.3021e-01
3.3326e-04
3.3326e-04
3.3326e-04
6.1039e-01
3.0159e-01
3.3326e-04
3.3326e-04
7.5424e-01
3.3326e-04
3.3326e-04
3.3326e-04
2.7966e-01
3.3326e-04
3.3326e-04
6.9269e-01
1.3743e-01
2.8963e-01
3.3326e-04
5.7533e-01
8.6420e-02
3.3326e-04
4.3925e-01
5.3579e-01
5.1153e-01
5.8538e-01
3.3326e-04
3.3326e-04
1.2901e-01
3.3326e-04
3.3326e-04
1.7691e-01
1.9162e-01
1.9946e-01
2.2125e-01
2.3452e-01
2.4974e-01
2.6608e-01
2.8491e-01
2.5564e-01
3.0503e-01
3.0038e-01
2.6660e-01
2.8662e-01
2.6668e-01
2.7579e-01
2.7113e-01
3.3326e-04
2.6335e-01
2.6044e-01
1.1269e-01
3.3326e-04
2.5418e-01
2.2066e-01
3.3326e-04
2.4725e-01
2.4541e-01
2.4190e-01
1.9178e-01
2.4389e-01
2.4244e-01
3.3326e-04
2.3998e-01
3.3326e-04
1.6282e-01
2.3982e-01
2.3867e-01
3.3326e-04
2.3672e-01
2.3578e-01
2.2598e-01
2.0614e-01
1.7262e-01
1.0684e-01
2.3521e-01
2.3446e-01
2.3379e-01
2.3293e-01
2.3217e-01
3.3326e-04
2.2838e-01
2.2115e-01
2.1255e-01
1.9913e-01
1.7929e-01
1.5403e-01
1.0554e-01
2.3100e-01
2.3044e-01
2.2993e-01
2.2939e-01
2.2872e-01
2.2818e-01
2.2778e-01
2.2685e-01
2.2333e-01
2.0408e-01
2.1305e-01
2.0942e-01
2.0144e-01
1.9418e-01
1.8682e-01
1.7319e-01
3.6139e-02
5.9035e-02
4.5499e-02
1.2225e-01
8.2422e-02
7.7551e-02
2.5187e-02
3.3326e-04
4.0541e-01
3.3326e-04
6.9934e-01
8.1633e-02
1.9858e-01
7.2949e-01
7.2822e-01
5.7073e-02
3.3326e-04
3.3326e-04
3.3326e-04
3.3326e-04
3.3326e-04
3.3326e-04
1.5422e-01
3.3326e-04
1.7691e-01
1.8338e-01
1.9097e-01
1.9946e-01
2.1027e-01
2.2266e-01
2.3452e-01
1.6760e-01
2.5094e-01
2.6608e-01
2.7209e-01
2.8673e-01
2.5564e-01
3.0524e-01
3.0230e-01
3.0038e-01
2.9199e-01
3.3326e-04
2.8662e-01
2.8275e-01
1.9877e-01
2.7579e-01
2.7260e-01
2.6987e-01
3.3326e-04
2.6757e-01
2.6238e-01
2.6044e-01
1.9234e-01
2.5874e-01
2.5708e-01
2.5492e-01
2.5344e-01
2.2066e-01
1.2684e-01
2.4854e-01
2.4725e-01
2.4599e-01
2.4491e-01
2.4190e-01
2.1489e-01
1.5943e-01
2.4389e-01
2.4292e-01
2.4208e-01
2.4116e-01
2.4035e-01
2.3510e-01
2.1599e-01
3.3326e-04
1.3622e-01
2.3982e-01
2.3902e-01
2.3841e-01
2.3769e-01
2.3702e-01
2.3645e-01
2.3578e-01
2.3108e-01
2.2023e-01
2.0614e-01
1.8473e-01
1.5632e-01
1.0684e-01
2.3553e-01
2.3191e-01
8.4538e-02
1.1619e-01
7.7996e-02
2.7242e-02
7.3185e-02
1.8686e-01
6.5780e-02
4.2249e-02
3.2757e-01
3.3326e-04
5.1439e-01
5.3459e-02
3.3326e-04
3.3326e-04
2.8415e-01
6.7322e-01
3.3326e-04
3.3326e-04
6.0057e-01
3.5714e-01
3.3326e-04
3.3326e-04
3.3326e-04
3.3326e-04
1.1875e-01
1.2901e-01
3.3326e-04
3.3326e-04
3.3326e-04
3.3326e-04
1.7061e-01
1.7691e-01
1.8394e-01
1.9162e-01
1.9073e-01
1.9946e-01
2.0992e-01
2.2125e-01
2.2298e-01
2.3452e-01
2.3654e-01
2.4974e-01
2.5197e-01
2.6608e-01
2.6972e-01
2.8491e-01
2.8763e-01
2.5564e-01
3.0423e-01
3.0503e-01
2.9093e-01
3.0038e-01
2.9319e-01
2.6660e-01
2.8976e-01
2.8662e-01
2.8360e-01
2.6668e-01
1.3196e-01
2.7579e-01
2.7341e-01
2.7113e-01
2.6908e-01
2.0902e-01
2.6807e-01
2.6335e-01
2.6179e-01
2.6044e-01
2.1692e-01
1.1269e-01
2.5827e-01
2.5708e-01
2.5597e-01
2.5418e-01
2.5027e-01
2.2066e-01
1.6197e-01
2.4931e-01
2.4828e-01
2.4725e-01
2.4629e-01
2.4541e-01
2.4462e-01
2.4190e-01
2.2240e-01
1.9178e-01
1.3762e-01
2.4389e-01
2.4319e-01
1.9749e-01
1.3245e-01
1.0874e-01
1.1313e-01
2.1916e-01
5.5252e-02
5.4440e-02
4.4502e-02
2.1994e-01
8.8354e-02
4.2095e-02
5.2815e-02
4.2308e-01
7.2994e-01
7.1115e-01
6.7095e-01
5.2621e-01
8.7045e-02
3.3326e-04
3.3326e-04
3.3326e-04
3.3326e-04
3.3326e-04
3.3326e-04
3.3326e-04
3.3326e-04
1.3833e-01
1.4350e-01
3.3326e-04
3.3326e-04
7.9365e-02
1.6992e-01
1.7691e-01
1.7511e-01
1.8298e-01
1.9119e-01
1.9971e-01
1.9946e-01
2.0988e-01
2.1182e-01
2.2153e-01
2.2315e-01
2.3452e-01
2.3624e-01
2.4907e-01
2.5046e-01
2.2686e-01
2.6608e-01
2.6926e-01
2.3639e-01
2.8599e-01
2.8818e-01
2.5564e-01
3.0362e-01
3.0608e-01
3.0341e-01
2.6687e-01
3.0038e-01
2.9097e-01
2.0906e-01
2.8897e-01
2.8662e-01
2.8428e-01
2.8194e-01
2.3108e-01
2.7579e-01
2.7381e-01
2.7212e-01
2.7036e-01
2.6344e-01
2.0902e-01
2.6393e-01
2.6274e-01
2.6157e-01
2.6044e-01
2.2788e-01
1.6589e-01
2.5902e-01
2.5807e-01
2.5708e-01
1.5047e-01
1.7117e-01
1.1884e-01
9.3162e-02
6.7476e-02
7.6379e-02
5.8095e-02
4.5525e-02
4.2334e-02
8.8773e-02
1.2333e-01
9.5203e-02
3.6943e-02
1.1905e-01
2.5349e-01
2.0468e-01
8.4746e-02
6.3802e-01
3.3326e-04
1.4942e-01
3.3326e-04
3.3326e-04
2.8571e-01
6.4954e-01
1.8935e-01
3.3326e-04
3.3326e-04
3.3326e-04
3.3326e-04
3.3326e-04
3.3326e-04
3.3326e-04
3.3326e-04
1.2901e-01
3.3326e-04
3.3326e-04
1.4350e-01
3.3326e-04
1.5422e-01
3.3326e-04
3.3326e-04
1.6949e-01
1.7691e-01
1.7538e-01
1.8338e-01
1.9162e-01
1.9097e-01
1.9965e-01
1.9946e-01
2.0985e-01
2.1027e-01
2.2125e-01
2.2266e-01
2.2329e-01
2.3452e-01
2.3538e-01
1.6760e-01
2.4974e-01
2.5094e-01
1.4609e-01
2.6608e-01
2.6893e-01
2.7209e-01
2.8491e-01
2.8673e-01
2.8856e-01
2.5564e-01
3.0322e-01
3.0524e-01
3.0503e-01
3.0230e-01
2.4557e-01
3.0038e-01
2.9450e-01
2.9199e-01
2.6660e-01
3.3326e-04
2.8865e-01
2.8662e-01
2.8462e-01
2.8275e-01
2.6668e-01
1.9877e-01
2.7738e-01
2.7579e-01
2.7417e-01
1.6512e-01
1.3382e-01
1.4955e-01
1.0508e-01
1.0781e-01
8.2663e-02
7.9569e-02
6.1858e-02
6.5001e-02
1.0009e-01
4.6313e-02
4.1287e-02
1.9240e-01
1.7704e-01
1.6783e-01
2.9347e-02
1.6872e-02
3.2319e-01
5.3010e-01
8.7912e-02
7.2982e-01
2.0106e-01
2.3913e-01
3.5456e-01
3.3705e-01
6.0057e-01
3.5714e-01
3.3326e-04
3.3326e-04
3.3326e-04
3.3326e-04
3.3326e-04
3.3326e-04
3.3326e-04
3.3326e-04
3.3326e-04
3.3326e-04
3.3326e-04
3.3326e-04
3.3326e-04
3.3326e-04
3.3326e-04
3.3326e-04
8.0645e-02
1.4440e-02
1.6918e-01
1.7691e-01
1.7558e-01
1.8371e-01
1.8284e-01
1.9130e-01
1.9084e-01
1.9961e-01
1.9946e-01
2.0984e-01
2.1021e-01
2.1187e-01
2.2144e-01
2.2283e-01
2.2340e-01
2.3452e-01
2.3526e-01
2.3675e-01
2.4927e-01
2.5024e-01
2.5130e-01
7.6989e-02
2.6608e-01
2.6874e-01
2.7006e-01
1.9468e-01
2.8567e-01
2.8724e-01
2.8884e-01
2.5564e-01
3.0294e-01
3.0465e-01
3.0644e-01
3.0396e-01
3.0138e-01
2.2433e-01
3.0038e-01
2.9479e-01
1.7134e-01
2.2424e-01
1.7787e-01
1.4328e-01
1.3790e-01
1.3623e-01
8.1481e-02
8.3724e-02
6.9711e-02
7.2862e-02
7.0265e-02
5.3081e-02
4.6086e-02
4.7727e-02
3.9886e-02
1.9909e-01
7.2368e-02
2.9189e-02
2.8840e-02
3.3326e-04
3.3326e-04
3.3326e-04
3.3326e-04
3.3326e-04
3.3326e-04
2.3529e-01
4.4171e-01
3.3326e-04
6.4657e-01
5.8538e-01
1.5385e-01
6.8644e-01
2.0833e-01
7.2375e-01
4.0115e-02
3.3326e-04
3.3326e-04
3.3326e-04
3.3326e-04
3.3326e-04
3.3326e-04
3.3326e-04
1.1616e-01
1.1875e-01
1.2197e-01
1.2901e-01
3.3326e-04
3.3326e-04
3.3326e-04
3.3326e-04
3.3326e-04
3.3326e-04
3.3326e-04
3.3326e-04
1.0398e-01
1.7061e-01
1.6897e-01
1.7691e-01
1.7572e-01
1.8394e-01
1.8313e-01
1.9162e-01
1.9111e-01
1.9073e-01
1.9959e-01
1.9946e-01
1.1792e-01
2.0992e-01
2.1177e-01
2.2125e-01
2.2161e-01
2.2298e-01
2.2345e-01
2.3452e-01
2.3516e-01
2.3654e-01
2.4889e-01
2.4974e-01
2.5065e-01
2.5197e-01
2.6502e-01
2.6608e-01
2.6772e-01
2.6972e-01
2.6746e-01
2.8491e-01
2.8627e-01
2.8763e-01
2.4588e-01
2.0389e-01
1.6683e-01
1.5591e-01
1.1136e-01
1.3463e-01
1.0422e-01
1.0427e-01
8.6424e-02
7.5059e-02
6.4916e-02
6.9600e-02
5.8163e-02
6.5148e-02
4.9021e-02
2.1847e-01
3.9403e-02
2.0507e-01
4.0161e-02
3.6549e-02
8.4498e-02
3.3326e-04
9.5588e-02
7.2560e-01
2.4312e-01
1.6154e-01
2.0751e-01
7.0090e-01
2.6613e-01
7.2253e-01
7.1101e-01
1.9780e-01
6.8644e-01
2.0264e-01
5.2621e-01
5.7101e-01
8.7045e-02
9.3736e-02
3.3326e-04
3.3326e-04
3.3326e-04
3.3326e-04
3.3326e-04
3.3326e-04
3.3326e-04
3.3326e-04
3.3326e-04
3.3326e-04
3.3326e-04
3.3326e-04
3.3326e-04
3.3326e-04
3.3326e-04
3.3326e-04
3.3326e-04
3.3326e-04
1.5422e-01
3.3326e-04
5.2632e-02
3.3326e-04
1.7021e-01
1.6880e-01
1.7691e-01
1.7585e-01
1.8416e-01
1.8338e-01
1.8275e-01
1.9137e-01
1.9097e-01
1.5462e-01
1.9956e-01
1.9946e-01
1.9387e-01
2.0989e-01
2.1027e-01
2.1189e-01
2.2140e-01
2.2266e-01
2.2307e-01
2.2352e-01
2.3452e-01
2.3508e-01
2.3637e-01
1.6760e-01
2.4935e-01
2.5014e-01
2.5137e-01
2.2964e-01
1.9716e-01
1.7631e-01
1.9307e-01
1.6566e-01
1.5334e-01
1.3603e-01
2.5372e-01
1.0183e-01
9.2101e-02
8.1547e-02
8.3818e-02
7.1104e-02
5.9000e-02
5.7108e-02
4.9821e-02
8.2733e-02
5.0161e-02
4.1762e-02
3.7918e-02
2.3414e-02
3.1476e-02
5.9994e-02
3.3326e-04
3.3326e-04
7.1489e-01
4.7818e-01
1.2644e-01
3.3326e-04
6.3673e-01
3.3326e-04
1.9298e-01
7.2708e-01
6.7075e-01
1.9459e-01
6.8118e-01
6.0057e-01
2.0492e-01
3.5714e-01
8.0229e-02
3.3326e-04
3.3326e-04
3.3326e-04
3.3326e-04
3.3326e-04
3.3326e-04
3.3326e-04
3.3326e-04
3.3326e-04
3.3326e-04
3.3326e-04
3.3326e-04
3.3326e-04
3.3326e-04
1.2901e-01
3.3326e-04
3.3326e-04
1.3833e-01
3.3326e-04
3.3326e-04
3.3326e-04
3.3326e-04
3.3326e-04
3.3326e-04
3.3326e-04
7.9365e-02
3.3326e-04
1.6992e-01
1.6867e-01
1.7691e-01
1.7594e-01
1.7511e-01
1.8360e-01
1.8298e-01
1.9162e-01
1.9119e-01
1.9088e-01
1.9971e-01
1.9955e-01
1.9946e-01
1.9963e-01
2.0988e-01
2.1024e-01
2.1182e-01
2.2125e-01
2.2153e-01
2.2277e-01
2.2433e-01
2.2851e-01
2.3378e-01
2.4420e-01
2.3226e-01
2.0401e-01
1.8035e-01
1.5315e-01
1.4664e-01
1.1977e-01
1.0873e-01
9.8122e-02
8.6414e-02
8.3838e-02
7.0911e-02
1.7268e-01
5.0412e-02
5.1031e-02
4.3442e-02
4.0518e-02
3.5882e-02
3.6931e-02
3.4880e-02
6.6499e-01
4.4000e-01
4.4321e-01
7.6923e-02
3.3326e-04
6.7095e-01
3.3333e-01
2.0000e-01
6.6245e-01
6.1648e-01
3.3326e-04
3.3326e-04
5.5491e-01
3.3326e-04
3.3326e-04
3.3326e-04
3.3326e-04
3.3326e-04
3.3326e-04
3.3326e-04
3.3326e-04
3.3326e-04
3.3326e-04
3.3326e-04
3.3326e-04
3.3326e-04
3.3326e-04
3.3326e-04
3.3326e-04
3.3326e-04
3.3326e-04
3.3326e-04
3.3326e-04
3.3326e-04
3.3326e-04
3.3326e-04
3.3326e-04
3.3326e-04
3.3326e-04
7.1429e-02
1.0598e-01
4.6296e-02
1.6968e-01
1.6857e-01
1.7691e-01
1.7602e-01
1.7525e-01
1.8379e-01
1.8319e-01
1.8271e-01
1.9141e-01
1.9107e-01
1.9081e-01
1.9967e-01
1.9953e-01
1.9946e-01
1.9987e-01
2.0228e-01
2.0550e-01
2.0979e-01
2.1620e-01
2.2270e-01
1.9419e-01
1.7020e-01
1.5531e-01
1.3580e-01
1.2180e-01
1.1321e-01
1.0525e-01
1.4433e-01
7.9735e-02
7.2923e-02
6.8876e-02
5.8480e-02
5.1639e-02
5.2027e-02
4.3276e-02
4.1316e-02
4.0801e-02
2.2143e-02
2.1081e-02
3.3326e-04
3.9024e-01
3.3326e-04
3.8854e-01
3.3326e-04
2.5581e-01
3.3326e-04
2.0000e-01
1.8627e-01
4.8324e-01
7.0569e-01
2.0541e-01
4.6022e-01
1.9903e-01
8.1928e-02
3.3326e-04
3.3326e-04
3.3326e-04
3.3326e-04
3.3326e-04
3.3326e-04
3.3326e-04
3.3326e-04
3.3326e-04
3.3326e-04
3.3326e-04
3.3326e-04
3.3326e-04
1.1875e-01
3.3326e-04
3.3326e-04
1.2901e-01
3.3326e-04
3.3326e-04
3.3326e-04
3.3326e-04
3.3326e-04
3.3326e-04
3.3326e-04
3.3326e-04
3.3326e-04
1.5422e-01
3.3326e-04
3.3326e-04
8.8235e-02
3.3326e-04
1.7061e-01
1.6949e-01
1.6849e-01
1.7691e-01
1.7610e-01
1.7538e-01
1.8394e-01
1.8338e-01
1.8290e-01
1.3650e-01
1.8294e-01
1.8466e-01
1.8684e-01
1.9035e-01
1.9461e-01
1.9971e-01
2.0901e-01
1.7946e-01
1.7604e-01
1.6041e-01
1.3922e-01
1.5464e-02
1.0747e-01
9.9242e-02
1.3333e-01
7.9530e-02
6.7483e-02
2.3018e-01
5.7715e-02
5.0466e-02
4.4850e-02
4.2296e-02
3.1415e-02
3.2500e-02
3.0105e-02
3.3326e-04
2.3077e-01
3.3326e-04
3.3326e-04
1.1202e-01
2.4096e-01
7.1758e-01
3.3326e-04
6.8644e-01
2.0264e-01
1.9048e-01
5.2621e-01
3.5714e-01
1.0627e+00
3.3326e-04
3.3326e-04
3.3326e-04
3.3326e-04
3.3326e-04
1.0377e-01
3.3326e-04
3.3326e-04
3.3326e-04
3.3326e-04
3.3326e-04
3.3326e-04
3.3326e-04
3.3326e-04
3.3326e-04
3.3326e-04
3.3326e-04
3.3326e-04
3.3326e-04
3.3326e-04
3.3326e-04
3.3326e-04
3.3326e-04
3.3326e-04
3.3326e-04
3.3326e-04
3.3326e-04
3.3326e-04
3.3326e-04
3.3326e-04
1.6269e-01
9.6220e-02
3.3326e-04
1.7033e-01
1.6932e-01
1.6842e-01
1.7691e-01
1.6720e-01
1.6641e-01
1.6674e-01
1.6898e-01
1.5182e-01
1.7482e-01
1.1592e-01
1.8401e-01
1.9391e-01
1.8105e-01
1.6109e-01
1.4057e-01
1.2711e-01
1.1337e-01
9.9579e-02
9.1360e-02
8.0909e-02
6.8784e-02
6.5649e-02
6.1672e-02
1.0521e-01
4.7117e-02
4.4572e-02
1.7796e-01
3.3167e-02
3.1288e-02
2.9536e-02
2.6923e-01
3.3326e-04
7.1529e-01
7.2184e-01
3.3326e-04
3.3326e-04
1.8447e-01
1.8421e-01
2.3404e-01
3.8920e-01
2.3404e-01
3.6760e-01
2.0430e-01
2.6349e-01
1.8644e-01
5.6970e-01
2.2932e-01
8.7518e-02
3.3326e-04
3.3326e-04
3.3326e-04
3.3326e-04
3.3326e-04
3.3326e-04
3.3326e-04
3.3326e-04
3.3326e-04
3.3326e-04
3.3326e-04
3.3326e-04
3.3326e-04
3.3326e-04
3.3326e-04
3.3326e-04
3.3326e-04
3.3326e-04
1.2901e-01
3.3326e-04
1.3261e-01
3.3326e-04
3.3326e-04
3.3326e-04
3.3326e-04
3.3326e-04
3.3326e-04
3.3326e-04
3.3326e-04
3.3326e-04
3.3326e-04
3.3326e-04
3.3326e-04
8.0645e-02
1.6243e-01
1.5985e-01
8.5554e-02
1.5004e-01
1.5105e-01
1.5283e-01
1.0798e-01
1.0496e-01
5.7969e-02
1.6767e-01
1.7660e-01
1.6753e-01
1.3307e-01
1.2412e-01
1.0531e-01
9.5799e-02
8.7761e-02
7.8615e-02
1.1512e-01
6.4486e-02
5.4403e-02
4.9336e-02
6.1988e-02
4.6144e-02
3.7136e-02
2.9500e-02
3.2877e-02
2.3239e-01
3.8439e-02
2.8205e-01
1.2000e-01
3.3326e-04
1.8644e-01
2.2727e-01
6.2784e-01
4.7941e-01
3.3326e-04
2.6543e-01
2.0245e-01
3.6461e-01
3.5736e-01
2.0455e-01
6.3944e-01
4.0115e-02
3.3326e-04
3.3326e-04
3.3326e-04
3.3326e-04
3.3326e-04
3.3326e-04
3.3326e-04
3.3326e-04
3.3326e-04
3.3326e-04
3.3326e-04
3.3326e-04
3.3326e-04
3.3326e-04
3.3326e-04
3.3326e-04
3.3326e-04
3.3326e-04
3.3326e-04
3.3326e-04
3.3326e-04
3.3326e-04
3.3326e-04
3.3326e-04
3.3326e-04
3.3326e-04
1.3833e-01
3.3326e-04
3.3326e-04
1.4350e-01
3.3326e-04
1.4931e-01
3.3326e-04
3.3326e-04
1.0684e-01
1.4376e-01
9.8798e-02
1.3290e-01
1.3298e-01
1.3427e-01
1.3626e-01
1.3819e-01
1.4205e-01
1.3546e-01
1.4000e-01
1.4827e-01
1.5762e-01
1.3716e-01
1.2909e-01
1.1376e-01
1.0041e-01
9.1750e-02
8.0959e-02
7.6815e-02
6.6690e-02
5.9020e-02
5.1750e-02
3.1011e-02
4.6620e-02
3.3326e-04
3.4221e-02
7.5160e-02
3.3844e-02
1.1700e-01
1.9231e-01
3.3326e-04
1.9192e-01
1.7460e-01
3.5456e-01
9.0909e-02
7.2294e-01
1.8935e-01
1.6038e-01
1.8033e-01
3.5714e-01
1.3973e-01
3.3326e-04
3.3326e-04
3.3326e-04
3.3326e-04
3.3326e-04
3.3326e-04
3.3326e-04
3.3326e-04
3.3326e-04
3.3326e-04
3.3326e-04
3.3326e-04
3.3326e-04
3.3326e-04
3.3326e-04
1.1616e-01
3.3326e-04
1.1875e-01
3.3326e-04
1.2197e-01
3.3326e-04
1.2901e-01
3.3326e-04
3.3326e-04
3.3326e-04
3.3326e-04
3.3326e-04
3.3326e-04
3.3326e-04
3.3326e-04
1.5419e-01
6.5552e-02
3.3326e-04
8.9315e-02
3.3326e-04
1.0972e-01
1.1772e-01
1.2187e-01
1.3411e-01
1.4488e-01
1.2901e-01
1.1299e-01
1.0530e-01
9.3838e-02
8.8554e-02
7.0634e-02
6.4326e-02
5.4026e-02
4.8750e-02
3.4669e-02
3.4427e-02
2.7038e-02
2.8659e-02
2.6553e-02
3.3326e-04
1.5054e-01
3.3326e-04
3.3326e-04
7.2225e-01
1.8966e-01
1.7143e-01
3.3326e-04
6.9874e-01
5.2621e-01
2.1739e-01
5.7101e-01
2.4143e-01
3.3326e-04
3.3326e-04
3.3326e-04
9.5365e-02
3.3326e-04
3.3326e-04
3.3326e-04
1.0153e-01
3.3326e-04
3.3326e-04
1.0612e-01
3.3326e-04
3.3326e-04
3.3326e-04
3.3326e-04
3.3326e-04
3.3326e-04
3.3326e-04
3.3326e-04
3.3326e-04
3.3326e-04
3.3326e-04
3.3326e-04
3.3326e-04
3.3326e-04
3.3326e-04
3.3326e-04
3.3326e-04
3.3326e-04
3.3326e-04
3.3326e-04
3.3326e-04
3.3326e-04
5.2067e-02
6.7464e-02
6.0004e-02
7.2101e-02
8.1602e-02
8.9785e-02
9.8897e-02
1.0265e-01
1.5620e-01
1.3591e-01
1.2800e-01
1.1607e-01
8.2331e-02
8.9001e-02
7.4235e-02
7.2214e-02
5.7500e-02
5.2324e-02
4.1441e-02
4.0916e-02
3.9497e-02
2.2930e-01
3.0144e-02
3.8264e-02
3.5749e-02
6.6570e-01
7.0775e-01
1.9084e-01
1.6418e-01
1.9380e-01
7.1916e-01
3.5456e-01
3.8409e-01
2.0741e-01
3.1429e-01
3.3326e-04
3.0597e-01
7.2018e-01
2.2131e-01
3.3326e-04
1.9643e-01
1.0400e-01
2.2502e-01
3.3326e-04
9.3736e-02
3.3326e-04
3.3326e-04
3.3326e-04
3.3326e-04
3.3326e-04
3.3326e-04
3.3326e-04
3.3326e-04
3.3326e-04
3.3326e-04
3.3326e-04
3.3326e-04
3.3326e-04
3.3326e-04
3.3326e-04
3.3326e-04
3.3326e-04
3.3326e-04
3.3326e-04
3.3326e-04
3.3326e-04
3.3326e-04
1.2901e-01
3.3326e-04
3.3326e-04
3.3326e-04
3.3326e-04
5.9957e-02
6.8516e-02
7.6380e-02
8.6545e-02
1.4553e-01
1.3241e-01
1.1830e-01
1.0504e-01
1.2340e-01
8.2766e-02
7.7087e-02
6.3608e-02
6.1868e-02
5.2308e-02
4.8962e-02
4.8748e-02
3.2222e-02
3.4186e-02
2.5287e-02
2.7340e-02
4.6940e-02
2.0122e-01
1.5686e-01
3.3326e-04
8.4142e-02
2.1538e-01
6.8118e-01
2.0455e-01
1.7188e-01
3.4325e-01
6.0057e-01
4.0476e-01
2.7193e-01
2.0492e-01
3.5714e-01
8.0229e-02
2.5242e-01
3.3326e-04
3.3326e-04
3.3326e-04
3.3326e-04
9.7471e-02
3.3326e-04
3.3326e-04
3.3326e-04
3.3326e-04
3.3326e-04
3.3326e-04
3.3326e-04
3.3326e-04
3.3326e-04
3.3326e-04
3.3326e-04
3.3326e-04
3.3326e-04
3.3326e-04
3.3326e-04
3.3326e-04
3.3326e-04
3.3326e-04
3.3326e-04
3.3326e-04
3.3326e-04
3.3326e-04
3.3326e-04
1.1371e-01
1.1085e-01
1.0815e-01
2.9797e-02
4.0941e-02
3.8053e-02
4.6716e-02
1.3185e-01
1.3858e-01
1.2388e-01
1.1319e-01
1.0027e-01
8.9882e-02
8.1006e-02
7.1046e-02
6.5098e-02
5.8440e-02
4.6855e-02
4.7767e-02
4.0714e-02
3.7451e-02
3.4945e-02
2.9896e-02
2.6980e-02
2.7782e-02
1.7857e-01
3.3326e-04
6.8644e-01
1.7857e-01
1.8033e-01
6.7135e-01
1.0417e-01
6.0000e-02
2.0313e-01
2.9160e-01
5.1744e-01
7.2239e-01
1.8333e-01
1.3483e-01
1.4855e-01
3.3326e-04
3.3326e-04
3.3326e-04
3.3326e-04
3.3326e-04
9.8626e-02
3.3326e-04
3.3326e-04
3.3326e-04
3.3326e-04
3.3326e-04
3.3326e-04
3.3326e-04
3.3326e-04
3.3326e-04
3.3326e-04
3.3326e-04
3.3326e-04
3.3326e-04
3.3326e-04
3.3326e-04
3.3326e-04
3.3326e-04
1.3055e-02
3.2623e-02
1.4157e-01
1.3222e-01
1.1992e-01
1.0433e-01
9.3271e-02
8.2991e-02
7.6593e-02
6.8676e-02
6.0681e-02
7.3761e-02
4.8926e-02
4.0538e-02
3.6719e-02
4.1473e-02
3.8029e-02
2.6595e-02
5.4814e-01
2.3092e-02
6.6245e-01
2.1384e-01
2.0755e-01
1.9130e-01
1.1905e-01
3.9704e-01
2.0264e-01
5.9599e-01
6.7370e-01
6.9672e-01
7.0732e-01
1.6069e-01
3.3326e-04
3.3326e-04
3.3326e-04
3.3326e-04
3.3326e-04
3.3326e-04
3.3326e-04
3.3326e-04
3.3326e-04
3.3326e-04
3.3326e-04
3.3326e-04
3.3326e-04
3.3326e-04
3.3326e-04
3.3326e-04
3.3326e-04
3.3326e-04
3.3326e-04
3.3326e-04
3.3326e-04
3.3326e-04
3.3326e-04
3.3326e-04
3.3326e-04
3.3326e-04
3.3326e-04
1.1813e-01
3.3326e-04
8.9505e-02
3.3326e-04
7.0332e-02
6.3397e-02
5.7240e-02
5.0241e-02
4.5177e-02
3.9275e-02
3.3639e-02
3.3704e-02
3.0551e-02
4.6679e-01
6.8644e-01
2.2788e-01
2.0245e-01
1.9130e-01
4.1056e-01
3.6461e-01
7.0084e-01
2.0455e-01
7.1271e-01
2.9630e-01
2.0000e-01
6.9291e-01
4.0115e-02
1.2628e-01
8.1374e-03
3.3326e-04
3.3326e-04
3.3326e-04
3.3326e-04
3.3326e-04
3.3326e-04
3.3326e-04
3.3326e-04
3.3326e-04
3.3326e-04
3.3326e-04
3.3326e-04
3.3326e-04
3.3326e-04
3.3326e-04
3.3326e-04
3.3326e-04
3.3326e-04
3.3326e-04
3.3326e-04
3.3326e-04
3.3326e-04
3.3326e-04
3.3326e-04
3.3326e-04
3.3326e-04
3.3326e-04
3.3326e-04
1.1339e-01
1.0372e-01
9.3239e-02
8.6306e-02
7.4910e-02
6.9003e-02
5.8583e-02
5.1413e-02
2.7326e-02
4.3474e-02
2.9353e-02
3.6265e-02
2.9224e-02
3.0668e-02
3.2143e-01
3.0135e-02
1.9048e-01
1.3636e-01
6.9953e-01
7.0569e-01
7.2253e-01
2.4070e-01
2.2000e-01
5.8781e-02
1.9835e-01
8.1928e-02
5.2083e-03
3.3326e-04
3.3326e-04
3.3326e-04
3.3326e-04
3.3326e-04
3.3326e-04
3.3326e-04
3.3326e-04
3.3326e-04
3.3326e-04
3.3326e-04
3.3326e-04
3.3326e-04
3.3326e-04
3.3326e-04
3.3326e-04
3.3326e-04
3.3326e-04
3.3326e-04
3.3326e-04
3.3326e-04
3.3326e-04
3.3326e-04
3.3326e-04
3.3326e-04
6.9895e-01
8.8240e-02
8.8962e-02
7.8635e-02
6.9814e-02
5.1590e-01
4.6189e-02
4.8398e-02
6.1333e-02
4.1409e-02
3.3155e-02
3.3989e-02
2.7477e-02
2.6012e-02
2.7315e-02
2.0000e-01
2.1875e-01
3.3326e-04
1.9200e-01
2.0000e-01
3.3326e-04
2.9389e-01
5.1977e-01
2.0370e-01
3.3326e-04
4.2815e-01
1.3924e-01
2.1196e-01
1.7803e-01
1.1111e-01
4.2017e-02
3.3326e-04
3.3326e-04
3.3326e-04
3.3326e-04
3.3326e-04
3.3326e-04
3.3326e-04
3.3326e-04
3.3326e-04
3.3326e-04
3.3326e-04
3.3326e-04
3.3326e-04
3.3326e-04
3.3326e-04
3.3326e-04
3.3326e-04
3.3326e-04
3.3326e-04
3.3326e-04
3.3326e-04
3.3326e-04
3.3326e-04
3.3326e-04
3.3326e-04
3.3326e-04
3.3326e-04
5.8895e-01
7.9824e-02
8.3384e-02
6.1962e-02
5.8844e-02
5.2482e-02
3.9242e-02
4.2719e-02
3.4982e-02
3.3860e-02
2.0468e-01
4.7611e-01
4.5689e-01
2.3392e-01
4.1420e-01
3.3326e-04
3.4979e-01
1.8033e-01
6.0057e-01
1.8447e-01
1.7908e-01
1.9910e-01
2.1359e-01
8.7045e-02
2.5522e-02
2.1168e-01
3.3326e-04
3.3326e-04
3.3326e-04
3.3326e-04
3.3326e-04
3.3326e-04
3.3326e-04
3.3326e-04
3.3326e-04
3.3326e-04
3.3326e-04
3.3326e-04
3.3326e-04
3.3326e-04
3.3326e-04
3.3326e-04
3.3326e-04
3.3326e-04
3.3326e-04
3.3326e-04
3.3326e-04
3.3326e-04
3.3326e-04
3.3326e-04
5.3025e-01
3.3326e-04
4.8953e-01
4.4501e-02
4.8025e-02
7.6927e-02
6.1609e-02
6.1970e-02
5.4961e-02
4.2341e-02
3.6923e-02
3.5456e-01
6.3915e-02
3.4461e-02
2.9150e-02
3.6839e-02
1.9277e-01
7.0694e-01
2.4851e-01
1.8935e-01
1.4444e-01
2.2353e-01
7.1111e-01
7.1830e-01
1.7103e-01
1.3503e-01
1.0479e-01
3.3326e-04
2.1738e-01
1.4022e-01
1.0627e+00
3.3326e-04
3.3326e-04
3.3326e-04
3.3326e-04
3.3326e-04
3.3326e-04
3.3326e-04
3.3326e-04
3.3326e-04
3.3326e-04
3.3326e-04
3.3326e-04
3.3326e-04
3.3326e-04
3.3326e-04
3.3326e-04
3.3326e-04
3.3326e-04
3.3326e-04
3.3326e-04
8.9945e-02
6.2036e-01
3.3326e-04
5.4705e-01
5.6137e-01
5.3011e-01
5.0183e-02
7.4618e-02
5.8861e-02
5.7780e-02
8.4979e-02
4.6254e-02
3.5787e-02
4.2864e-01
3.1091e-02
3.0658e-02
3.2956e-01
2.4188e-02
1.0794e-01
3.3326e-04
2.0561e-01
5.9016e-01
5.7073e-02
2.0325e-01
1.8618e-01
8.7518e-02
3.3326e-04
9.3736e-02
3.3326e-04
3.3326e-04
3.3326e-04
3.3326e-04
3.3326e-04
3.3326e-04
3.3326e-04
3.3326e-04
3.3326e-04
3.3326e-04
3.3326e-04
3.3326e-04
3.3326e-04
3.3326e-04
3.3326e-04
3.3326e-04
5.8601e-01
3.5788e-01
4.1812e-01
9.8684e-02
1.6610e-01
4.0014e-01
3.3326e-04
4.0311e-02
6.8573e-02
6.4414e-02
5.4837e-02
4.8035e-02
3.5843e-02
3.8590e-02
3.3581e-02
3.0651e-02
2.9253e-02
2.6863e-02
2.3263e-02
5.5195e-02
2.8218e-01
3.3326e-04
1.1224e-01
3.3326e-04
2.2857e-01
3.5714e-01
2.2130e-01
1.5266e-01
8.0229e-02
3.3326e-04
3.3326e-04
3.3326e-04
3.3326e-04
3.3326e-04
3.3326e-04
3.3326e-04
3.3326e-04
3.3326e-04
3.3326e-04
3.3326e-04
3.3326e-04
3.3326e-04
4.3883e-01
3.3326e-04
3.7206e-01
3.3326e-04
5.0836e-01
3.5265e-01
5.1178e-01
3.5224e-02
6.3368e-02
5.7019e-02
5.1438e-02
4.5341e-02
3.6686e-02
3.6278e-02
2.9240e-02
3.3646e-01
3.4979e-01
2.5516e-02
3.5736e-01
2.5197e-01
2.0455e-01
7.2389e-01
5.7073e-02
2.3611e-01
2.1260e-01
6.3944e-01
9.6692e-02
8.7045e-02
3.3326e-04
3.3326e-04
3.3326e-04
3.3326e-04
3.3326e-04
3.3326e-04
3.3326e-04
3.3326e-04
3.3326e-04
3.3326e-04
3.3326e-04
3.3326e-04
6.8304e-01
2.3899e-01
4.7233e-01
4.2623e-01
1.3543e-01
5.6983e-01
5.4087e-01
5.5546e-01
5.2652e-01
2.8011e-01
3.3326e-04
8.8821e-02
5.4439e-02
6.0233e-02
5.2366e-02
2.2093e-01
2.9057e-01
3.6063e-02
3.1396e-02
2.9488e-01
2.7446e-02
2.0468e-01
1.1987e-01
2.0606e-01
2.0833e-01
1.4734e-01
6.0795e-01
6.9301e-01
1.9178e-01
1.4885e-01
1.2673e-01
2.1668e-01
3.3326e-04
3.3326e-04
3.3326e-04
3.3326e-04
3.3326e-04
5.6305e-01
3.3326e-04
5.7571e-01
2.2294e-01
3.3326e-04
5.7340e-01
5.6282e-01
5.4814e-01
3.4121e-01
4.3406e-01
5.8426e-02
5.6304e-02
3.9349e-01
3.9826e-02
3.7656e-01
3.3029e-02
3.1206e-02
2.6149e-01
2.4560e-01
1.5470e-01
5.7073e-02
5.5491e-01
2.0952e-01
3.5714e-01
8.9552e-02
1.4618e-01
3.3326e-04
3.3326e-04
3.3326e-04
2.6913e-01
3.3326e-04
5.8884e-01
4.4681e-01
5.5725e-01
3.3129e-01
2.6160e-01
3.3326e-04
4.3882e-01
4.1978e-01
4.6089e-01
4.0525e-01
4.8959e-01
3.9941e-01
4.1852e-02
5.3203e-02
4.7626e-02
2.9677e-02
2.9555e-01
3.6759e-02
3.2826e-02
3.1653e-01
2.9067e-02
2.0292e-01
5.0147e-01
2.3158e-01
1.8182e-01
1.5674e-01
2.0325e-01
2.7827e-01
1.0441e-01
3.3326e-04
3.3326e-04
6.4492e-01
6.1627e-02
2.4102e-01
3.8270e-01
4.3493e-01
5.7525e-01
5.4575e-01
5.5075e-01
4.7224e-01
4.2487e-01
5.0414e-01
4.6387e-01
4.7179e-01
4.5774e-01
4.9072e-01
4.7160e-02
7.7180e-02
5.6169e-02
4.6501e-02
4.4009e-02
1.4377e-02
2.8275e-02
7.9692e-02
1.7938e-01
2.8912e-02
2.7623e-02
5.7073e-02
7.1664e-01
2.1739e-01
6.2465e-01
5.7101e-01
2.4143e-01
6.9588e-02
8.7045e-02
4.3783e-02
1.5091e-01
3.3326e-04
3.3326e-04
3.3326e-04
6.7084e-01
4.5812e-01
5.8826e-01
3.7534e-01
5.4515e-01
2.9666e-01
4.9744e-01
5.5115e-01
5.1125e-01
3.9014e-01
4.9227e-01
3.8347e-01
4.0097e-01
3.6499e-01
2.1454e-02
3.1441e-01
1.7494e-01
3.6359e-02
2.8979e-02
3.6979e-02
2.3600e-01
2.9184e-02
2.1500e-01
2.3741e-01
1.9835e-01
2.0652e-01
7.2265e-01
3.5714e-01
2.1630e-01
1.2442e-01
3.3326e-04
1.7735e-01
4.3957e-01
1.9246e-01
6.2948e-01
4.4236e-01
5.6564e-01
5.0310e-01
5.4795e-02
5.6358e-01
5.3584e-01
4.9194e-01
5.1252e-01
4.9300e-01
4.6866e-01
3.8409e-01
4.2727e-01
3.5461e-01
2.7650e-01
1.5147e-02
4.3635e-02
4.4768e-02
3.9692e-02
2.5385e-01
2.2377e-01
2.9099e-02
5.7073e-02
5.3621e-02
1.5625e-01
7.2626e-02
2.6045e-01
1.0400e-01
3.3326e-04
4.9147e-02
3.3326e-04
5.7175e-01
2.8937e-01
4.6145e-01
4.0501e-01
3.3326e-04
2.5167e-01
5.2026e-01
5.0160e-01
4.9453e-01
3.6211e-01
4.6549e-01
4.2102e-01
3.3326e-04
3.5485e-01
3.1597e-01
3.7736e-02
4.1360e-02
2.6149e-01
3.6891e-02
1.8271e-01
1.0153e-01
2.6626e-02
2.7209e-02
4.8860e-02
5.5491e-01
6.9367e-01
1.9430e-01
4.0115e-02
1.2212e-01
8.0925e-02
5.3550e-02
1.5852e-01
3.3326e-04
1.1174e-01
5.0899e-01
3.3326e-04
5.3074e-01
4.4419e-01
5.8141e-01
5.2837e-01
5.1700e-01
5.3184e-01
2.7597e-01
5.4711e-02
3.5063e-01
5.7446e-01
3.3326e-04
4.1461e-01
3.5463e-01
3.3326e-04
4.9387e-02
4.1650e-02
4.0573e-02
3.7652e-02
3.2573e-02
5.7073e-02
2.4489e-02
2.8081e-02
6.8763e-01
3.5714e-01
1.2587e-01
1.9158e-01
8.7045e-02
3.0295e-02
3.3326e-04
2.0415e-01
5.3642e-01
5.3316e-01
5.8459e-01
5.5060e-01
5.5072e-01
4.8591e-01
4.7284e-01
4.4731e-01
4.0600e-01
2.7078e-01
3.4307e-01
3.2334e-01
3.0033e-01
4.8122e-02
1.9687e-01
2.7445e-02
1.7426e-01
3.5418e-02
3.2725e-02
2.9412e-02
2.5287e-01
5.9026e-01
2.4468e-01
1.6814e-01
1.2049e-01
4.9965e-02
3.3326e-04
9.5697e-02
6.2122e-01
4.9427e-01
5.6725e-01
5.3502e-01
5.1517e-01
4.8934e-01
4.9124e-01
4.6063e-01
4.9197e-01
4.4018e-01
4.4170e-01
4.0041e-01
2.9160e-01
2.1502e-01
2.0841e-01
3.1988e-02
5.7073e-02
3.5704e-02
2.7218e-02
1.3483e-01
1.4286e-01
1.4855e-01
6.9583e-02
3.0137e-02
6.8728e-02
1.8039e-01
1.8914e-01
4.9038e-01
6.0089e-01
5.5411e-01
5.4024e-01
4.8668e-01
4.4983e-01
5.0253e-01
4.0288e-01
3.4569e-01
3.7657e-01
3.5362e-01
3.5550e-01
4.1353e-01
3.0616e-01
2.8445e-01
2.8218e-01
5.3302e-02
4.2311e-02
3.4346e-02
3.7989e-02
3.3261e-02
3.1058e-02
3.1199e-02
2.7279e-02
2.2932e-01
1.9373e-01
1.3809e-01
4.2382e-02
2.0832e-01
1.5112e-01
6.4124e-01
3.3326e-04
3.3326e-04
5.1371e-01
4.6280e-01
5.8533e-01
4.9244e-01
4.3991e-01
5.3876e-01
4.9861e-01
5.1644e-01
5.0031e-01
3.4724e-01
3.5685e-01
4.1024e-01
4.3821e-01
3.7632e-01
2.9837e-01
2.7129e-01
2.9014e-01
2.3115e-01
3.2979e-02
4.4893e-02
3.8164e-02
2.9968e-02
3.3071e-02
2.4384e-01
1.5462e-01
6.1330e-02
1.3717e-03
5.6883e-02
2.0162e-01
3.3326e-04
4.2145e-01
6.0402e-01
5.5614e-01
5.4827e-01
5.3165e-01
5.0841e-01
4.8724e-01
4.4123e-01
4.8602e-01
5.9410e-01
3.0276e-01
3.2340e-01
3.1267e-01
3.6118e-01
5.0914e-02
2.9778e-01
6.3506e-02
3.7209e-02
3.0027e-02
3.3846e-02
2.9145e-02
2.6620e-02
2.3688e-01
6.1069e-02
1.1411e-01
2.4272e-02
2.8979e-02
2.2046e-01
3.3326e-04
2.1658e-01
1.5416e-01
3.9318e-01
5.2900e-01
4.4741e-01
4.5578e-01
4.1969e-01
4.1034e-01
4.5827e-01
4.9097e-01
4.6130e-01
4.4379e-01
3.7608e-01
4.2149e-01
3.4330e-01
2.8598e-01
3.1464e-01
2.7877e-01
4.6353e-02
4.3165e-02
3.8547e-02
3.5914e-02
3.2811e-02
2.9002e-02
2.8452e-01
1.8432e-01
1.2628e-01
4.2120e-02
2.0500e-01
3.3326e-04
2.0569e-01
4.9007e-01
3.4250e-01
1.5046e-01
4.7287e-01
6.1105e-01
5.8305e-01
5.6314e-01
6.7565e-01
4.0042e-01
4.5441e-01
3.2354e-01
4.3100e-01
4.0205e-01
2.4522e-01
2.2589e-01
2.5846e-01
1.7256e-01
4.3623e-02
3.3833e-02
2.9362e-02
1.7829e-01
2.1242e-02
3.3326e-04
3.3326e-04
2.1122e-01
1.9246e-01
7.2307e-01
2.1077e-01
6.4577e-01
5.6551e-01
5.5834e-01
5.2884e-01
5.1776e-01
5.3117e-01
5.0573e-01
4.6337e-01
3.3261e-01
3.7636e-01
3.6302e-01
3.4269e-01
3.5061e-01
2.7138e-01
2.2709e-01
4.4710e-02
4.0321e-02
3.0300e-02
2.5904e-02
3.5052e-02
1.7857e-01
9.9768e-02
3.3879e-02
3.0218e-02
1.4801e-01
7.1758e-01
6.9926e-01
6.1381e-01
1.0215e-01
5.1521e-01
4.3198e-01
4.7306e-01
5.1967e-01
3.2538e-01
5.5055e-01
5.4192e-01
4.7637e-01
4.5687e-01
4.2083e-01
3.8017e-01
3.1921e-01
3.0122e-01
2.8907e-01
2.8054e-01
4.4939e-02
3.5295e-02
3.3326e-04
3.9545e-02
3.2717e-02
2.7500e-01
1.3185e-01
3.7758e-02
2.6097e-01
1.2286e-01
2.2243e-01
2.0685e-01
2.1377e-01
2.4412e-01
3.3326e-04
1.5000e-01
6.2735e-01
5.3488e-01
5.5609e-01
5.3442e-01
5.3629e-01
4.9506e-01
5.2293e-01
2.2425e-01
4.9048e-01
3.2944e-01
3.6023e-01
3.1920e-01
3.6626e-01
2.9586e-01
2.8393e-01
3.5960e-02
2.7519e-01
2.4301e-01
4.2410e-02
5.6695e-02
3.0734e-02
2.8556e-02
2.0951e-01
1.3459e-01
3.3326e-04
3.3326e-04
3.3326e-04
3.3326e-04
1.8283e-01
6.7206e-01
6.4580e-01
1.4806e-01
5.2104e-01
4.7559e-01
5.6683e-01
3.5321e-01
5.3687e-01
4.3647e-01
3.3588e-01
3.1008e-01
3.0758e-01
2.9701e-01
3.0574e-01
2.6144e-01
2.8412e-01
4.1985e-02
3.9679e-02
2.7736e-02
2.1197e-01
7.4150e-02
7.1371e-02
6.7809e-02
2.0906e-01
1.4421e-01
6.5000e-01
3.3326e-04
5.6250e-01
5.6813e-01
5.3510e-01
3.2126e-01
4.3678e-01
5.0682e-01
4.2392e-01
4.6201e-01
4.1619e-01
4.1170e-01
3.8775e-01
3.3326e-04
2.8627e-01
1.7156e-01
3.3326e-04
3.0358e-02
2.7640e-02
3.3326e-04
8.4677e-02
6.9937e-02
3.3326e-04
7.2997e-02
3.2885e-02
1.7243e-01
5.6711e-01
6.7711e-01
7.1110e-01
4.8652e-01
5.6552e-01
5.5560e-01
5.8587e-01
5.2295e-01
5.5509e-01
5.2920e-01
4.3255e-01
4.2823e-01
3.1266e-01
3.1110e-01
2.7014e-01
2.0145e-01
3.6479e-02
1.1781e-01
2.5921e-02
8.8456e-02
8.1228e-02
1.7694e-01
5.4110e-01
2.0514e-01
4.7101e-01
5.4904e-01
5.4017e-01
5.0401e-01
5.2975e-01
4.9064e-01
3.8136e-01
4.0536e-01
3.2488e-01
3.3558e-01
3.2523e-01
3.9175e-02
1.9212e-01
9.0913e-02
2.9844e-02
2.4062e-02
1.0570e-01
3.6463e-01
7.1496e-01
3.2131e-01
5.6227e-01
5.1394e-01
3.7006e-01
4.6891e-01
4.4502e-01
4.9014e-01
4.2786e-01
4.1713e-01
3.0850e-01
3.9287e-01
3.1249e-01
3.0474e-01
2.6529e-01
3.8189e-02
3.3326e-04
3.1343e-02
6.3830e-02
3.3326e-04
1.0436e-02
2.3003e-02
1.6118e-01
2.1092e-01
1.8636e-01
4.3465e-01
6.5027e-01
5.1750e-01
5.7748e-01
5.0301e-01
5.6884e-01
1.0707e-01
4.8293e-01
4.6312e-01
4.4303e-01
4.5579e-01
4.0996e-01
3.5358e-01
3.2398e-01
3.1624e-01
3.8724e-02
3.6580e-02
3.1849e-02
3.2540e-02
4.1359e-02
2.0779e-01
5.3760e-02
1.0265e-01
1.1453e-01
7.9791e-01
1.9140e-01
7.1339e-01
2.3913e-01
7.2130e-01
3.3326e-04
5.6801e-01
6.2166e-01
5.1416e-01
2.0652e-01
4.7664e-01
4.6761e-01
4.3428e-01
4.3752e-01
4.7811e-01
3.7777e-01
3.3693e-01
4.4708e-02
2.4074e-01
3.6826e-02
1.7110e-01
3.0100e-02
2.7422e-02
1.5984e-01
2.8725e-02
3.3326e-04
2.4454e-01
3.3326e-04
9.6389e-02
1.8425e-01
5.0962e-01
5.8891e-01
7.2414e-01
2.3239e-01
6.5228e-01
5.9306e-01
5.5981e-01
4.5904e-01
3.3326e-04
4.3839e-01
4.0591e-01
3.5350e-01
3.5926e-01
4.5901e-02
3.1244e-01
2.9196e-01
2.1323e-02
1.3496e-01
8.7313e-02
1.0864e-01
3.3326e-04
2.1097e-01
6.7299e-01
6.9918e-01
1.8793e-01
1.2334e-01
6.4086e-01
5.6995e-01
5.1940e-01
5.7887e-01
5.3926e-01
4.9526e-01
4.7148e-01
4.8584e-01
4.5255e-01
3.9521e-01
4.1638e-01
3.7953e-01
3.4179e-01
2.5241e-01
1.1088e-01
3.3326e-04
2.9594e-02
4.5833e-02
1.5278e-01
7.7215e-02
5.6683e-02
1.9105e-01
4.3183e-04
2.0517e-01
2.5748e-01
5.7125e-01
5.2529e-01
5.5850e-01
4.8881e-01
4.9772e-01
5.1861e-01
4.7676e-01
4.3201e-01
5.1350e-02
4.0419e-01
1.9308e-01
4.0258e-02
2.9597e-02
2.8571e-02
2.9813e-02
1.1483e-01
7.4882e-02
4.3027e-02
3.3326e-04
4.9007e-01
1.6301e-01
2.0000e-01
6.7152e-01
2.0244e-01
5.2761e-01
4.7115e-01
5.5066e-01
5.6919e-01
5.3238e-01
3.3326e-04
3.7483e-01
3.5638e-01
3.4537e-01
3.1679e-02
2.7464e-02
6.9003e-01
1.4673e-02
7.8077e-02
2.0683e-01
1.7525e-01
3.3326e-04
7.1089e-01
6.2984e-01
1.7125e-01
6.8411e-01
7.0515e-01
6.9722e-01
1.9524e-01
1.8855e-01
5.3634e-01
5.1983e-01
5.1665e-01
4.9632e-01
4.7358e-01
3.6993e-01
3.7972e-01
3.2960e-01
3.2314e-01
2.7409e-01
1.6892e-01
4.2989e-02
2.1920e-01
8.0637e-02
2.7376e-02
3.3326e-04
2.1668e-01
2.1364e-01
2.0000e-01
1.8514e-01
6.2367e-01
1.9762e-01
2.1333e-01
3.3326e-04
6.1783e-01
5.7915e-01
5.3867e-01
5.1901e-01
6.0277e-02
4.1955e-01
3.9192e-01
3.8376e-01
3.4582e-02
3.0766e-02
2.3821e-01
3.6296e-01
3.3326e-04
3.3326e-04
2.1510e-01
2.0583e-01
5.7795e-01
6.9722e-01
6.5491e-01
5.8325e-01
5.6178e-01
5.8314e-01
5.5866e-01
5.5685e-01
5.1219e-01
5.1571e-01
4.7421e-01
4.3556e-01
3.1453e-01
2.9134e-02
3.0764e-02
3.3326e-04
2.6378e-01
2.1046e-01
1.5191e-01
1.3185e-01
2.8664e-01
3.5292e-02
7.1625e-01
1.8559e-01
2.0147e-01
1.8636e-01
1.7660e-01
1.4200e-01
5.6325e-01
5.4650e-01
5.1177e-01
5.1376e-01
4.8343e-01
4.3520e-01
4.0707e-01
4.5607e-02
3.5771e-02
3.2325e-02
2.9193e-02
2.7719e-02
1.9197e-01
2.6549e-02
2.1603e-01
9.2164e-02
2.0247e-01
1.9353e-01
3.6369e-01
6.9722e-01
2.0863e-01
2.0703e-01
6.4468e-01
5.6639e-01
5.2178e-01
4.5011e-01
4.0405e-01
3.3326e-04
1.6948e-01
3.2673e-01
2.7778e-02
2.4336e-01
1.0559e-01
3.2291e-01
2.5452e-01
1.9054e-01
5.2083e-03
2.0416e-01
1.6618e-01
1.9246e-01
2.1065e-01
4.6055e-01
2.0522e-01
7.2417e-01
6.7762e-01
5.8638e-01
5.7188e-01
5.0376e-01
5.2345e-01
4.4837e-01
4.8082e-01
4.8264e-01
4.3696e-01
4.2020e-01
5.0994e-01
4.1393e-01
4.3894e-01
2.1138e-01
3.1849e-01
2.6121e-01
3.3982e-01
3.3326e-04
4.9007e-01
7.0943e-01
6.9402e-01
2.6934e-01
1.7082e-01
5.1698e-01
9.6154e-02
3.1141e-01
4.6834e-01
1.0497e-01
3.9498e-01
2.6212e-01
1.5993e-01
2.2738e-01
3.3326e-04
1.5179e-01
2.4378e-01
5.8891e-01
6.9547e-01
7.1879e-01
6.7874e-01
6.8173e-01
5.9241e-01
4.7917e-01
5.0646e-01
3.1107e-01
9.1168e-02
2.8918e-01
4.2452e-01
4.0544e-01
3.2787e-02
3.9821e-01
2.0924e-01
3.3678e-01
1.5241e-01
6.5000e-01
6.6312e-01
5.9701e-01
6.9722e-01
5.6701e-01
6.3466e-01
6.3310e-01
2.3518e-01
5.0769e-01
4.9817e-01
3.6422e-01
4.1813e-02
4.1006e-01
3.8685e-01
3.6404e-01
8.1218e-02
3.4076e-01
2.7985e-01
2.2135e-01
1.9140e-01
1.9070e-01
7.2349e-01
1.9298e-01
4.5967e-01
2.1333e-01
2.5882e-01
4.4152e-01
4.9386e-01
5.6575e-01
5.7176e-01
5.5989e-01
4.3188e-01
3.7025e-01
4.1793e-01
3.6905e-02
4.4894e-01
4.1831e-01
3.7384e-01
3.4464e-01
2.9677e-01
3.6821e-01
6.9179e-03
2.1658e-01
6.8714e-01
4.2473e-01
6.9722e-01
5.7531e-01
3.4574e-01
4.3077e-01
6.0357e-01
4.4292e-01
4.6379e-01
4.8799e-01
3.3326e-04
2.9745e-01
3.9344e-01
2.2135e-01
2.7424e-01
2.9029e-01
2.4540e-01
3.3058e-01
3.1098e-01
3.3326e-04
1.4420e-01
4.3465e-01
1.8966e-01
4.6935e-01
6.6195e-01
4.9461e-01
5.1075e-01
3.6966e-01
2.7394e-02
3.0147e-02
3.3935e-02
3.5684e-01
1.5600e-01
3.1782e-01
3.3326e-04
2.7065e-01
3.3025e-01
3.6119e-01
1.7125e-01
6.9926e-01
6.7370e-01
5.5868e-01
2.0500e-01
6.2593e-01
5.2901e-01
5.9102e-01
3.3811e-01
5.1680e-01
3.2064e-01
5.0733e-01
3.0297e-01
3.3624e-02
3.3011e-01
4.0544e-01
4.1353e-01
2.7500e-01
3.2783e-01
2.5693e-01
2.8025e-01
3.2579e-01
3.3326e-04
1.6078e-01
1.6078e-01
2.0246e-01
7.0482e-01
2.1058e-01
3.3326e-04
6.2173e-01
5.8382e-01
5.4935e-01
4.7056e-01
3.6994e-01
2.8801e-02
1.0263e-01
1.5993e-01
3.0279e-01
3.2507e-01
2.7935e-01
2.0906e-01
3.3326e-04
6.9722e-01
1.9928e-01
4.9560e-01
6.6667e-01
3.3326e-04
3.8879e-01
4.6834e-01
2.3016e-01
3.6404e-01
3.4831e-01
3.0067e-01
1.8083e-01
6.9548e-04
1.9794e-01
1.9571e-01
1.8267e-01
6.0185e-01
6.4258e-01
4.0391e-01
5.8261e-01
2.7766e-01
1.7179e-01
4.0896e-01
4.5318e-02
4.3144e-01
3.5343e-02
2.9875e-02
3.7254e-01
2.8411e-01
1.7096e-01
1.9583e-01
3.3326e-04
6.9110e-01
2.6346e-01
6.9774e-01
4.2808e-01
6.0577e-01
3.2609e-01
5.0803e-01
2.2759e-01
4.0227e-02
4.5946e-01
3.5127e-02
2.7591e-01
3.3154e-01
2.6748e-01
7.1043e-01
6.5000e-01
2.0169e-01
2.0625e-01
6.5227e-01
5.9102e-01
2.6562e-01
4.3427e-01
4.4280e-01
2.0423e-01
2.8405e-02
3.3326e-04
3.1755e-02
3.2286e-01
1.3185e-01
9.8290e-02
3.1503e-01
3.1527e-01
2.0505e-01
5.8891e-01
1.9643e-01
6.9722e-01
2.1636e-01
6.7874e-01
4.4987e-01
2.8384e-01
2.1583e-01
2.9424e-01
4.4385e-02
4.6790e-01
3.7467e-01
3.3873e-01
5.7016e-02
2.8747e-01
1.9246e-01
7.2352e-01
1.6928e-01
6.2934e-01
1.9680e-01
5.8090e-01
3.8579e-01
5.1372e-01
4.0557e-01
4.8955e-02
4.7706e-01
4.3148e-01
3.1979e-02
1.9027e-01
3.3767e-01
3.3326e-04
3.0504e-01
2.8766e-01
2.0000e-01
7.1589e-01
1.3016e-01
2.4102e-01
5.9922e-01
5.0000e-01
5.3364e-01
4.9950e-01
4.8578e-01
3.0336e-02
3.4449e-01
3.6404e-01
1.5993e-01
3.7227e-02
4.0070e-02
3.0113e-01
3.0696e-01
9.4103e-01
2.1101e-01
3.0562e-01
2.1520e-01
2.0448e-01
3.0829e-01
6.1768e-01
6.0011e-01
1.3151e-01
3.8591e-01
5.2829e-01
5.0486e-01
4.8473e-01
3.4311e-02
3.5546e-01
1.3251e-01
6.1580e-02
2.9113e-01
6.4124e-01
2.0583e-01
5.2969e-01
6.6836e-01
1.0599e-01
5.2033e-01
4.0544e-01
2.7167e-02
8.4677e-02
3.3326e-04
7.1667e-01
3.3326e-04
6.8874e-01
5.6140e-01
4.2697e-01
4.8816e-01
2.9745e-01
3.2811e-02
2.8438e-02
3.5033e-01
2.7637e-01
2.8682e-01
3.3326e-04
1.9246e-01
3.3326e-04
4.6055e-01
6.9722e-01
2.8612e-03
5.3971e-01
5.7585e-01
4.5983e-01
4.5907e-01
2.3679e-01
4.1393e-01
3.9546e-01
1.1724e-01
2.6121e-01
7.0300e-01
2.1099e-01
1.9643e-01
6.8542e-01
6.7407e-01
3.3694e-01
3.0368e-01
5.2549e-01
3.6931e-01
5.7705e-01
3.0860e-01
4.0172e-01
3.4810e-02
2.3411e-01
2.3124e-01
2.4257e-01
3.3326e-04
2.0906e-01
1.9880e-01
6.9722e-01
2.0500e-01
4.5121e-01
6.3013e-01
4.6755e-01
9.6463e-03
4.6834e-01
3.0570e-02
1.1395e-01
3.3414e-01
3.3664e-01
4.9007e-01
7.2403e-01
2.0522e-01
5.9102e-01
5.6684e-01
5.3364e-01
4.2706e-01
3.1452e-02
3.3770e-01
1.5993e-01
3.3326e-04
3.3246e-01
1.8765e-01
3.3326e-04
4.3465e-01
3.3326e-04
1.9560e-01
6.0069e-01
5.9800e-01
4.6109e-01
5.1129e-01
3.8695e-01
3.9927e-02
2.8393e-01
3.8585e-01
2.4783e-02
3.2409e-01
1.8425e-01
5.8891e-01
2.3239e-01
6.9103e-01
2.1782e-01
5.4382e-01
2.8384e-01
3.4087e-02
3.3629e-02
3.1904e-01
3.1780e-01
3.0966e-01
3.3326e-04
5.5787e-01
3.3326e-04
3.3326e-04
1.0704e-01
5.8069e-01
5.4224e-01
3.5384e-02
1.1483e-01
8.4677e-02
1.6472e-02
7.1089e-01
7.0515e-01
3.3326e-04
7.2427e-01
5.5347e-01
4.8993e-01
3.3463e-01
3.3326e-04
3.1735e-02
1.1619e-01
3.2009e-01
1.7808e-01
6.9722e-01
1.6275e-01
2.3855e-01
5.9267e-01
4.6993e-01
2.0423e-01
3.6404e-01
1.3185e-01
2.0247e-01
6.5383e-01
2.1333e-01
2.0863e-01
6.8796e-01
3.7804e-01
3.9436e-01
5.0450e-01
4.7082e-01
4.4703e-01
4.2202e-02
3.2273e-02
2.7778e-02
2.6440e-01
3.0877e-01
2.0315e-01
4.9007e-01
1.9524e-01
6.9722e-01
7.0943e-01
4.6834e-01
3.4641e-02
3.0219e-02
3.2251e-01
2.9790e-01
7.0085e-01
4.5121e-01
4.8380e-01
4.6993e-01
4.3123e-01
3.3326e-04
3.8081e-02
2.9221e-02
1.8029e-01
2.7985e-01
2.9058e-01
3.3326e-04
2.1658e-01
6.8714e-01
6.9722e-01
5.8765e-01
3.4574e-01
4.4292e-01
5.2874e-01
3.8689e-02
1.6029e-01
2.2135e-01
5.6487e-02
6.9926e-01
3.3326e-04
6.4280e-01
3.3326e-04
5.6571e-01
5.0531e-01
4.2681e-01
4.0544e-01
3.7806e-01
1.6802e-01
2.5715e-01
2.0906e-01
5.7448e-01
6.9722e-01
4.9560e-01
5.8069e-01
2.3129e-01
3.4469e-02
8.4677e-02
3.3326e-04
1.9583e-01
3.3326e-04
6.9110e-01
6.9774e-01
3.2609e-01
5.5534e-01
4.7399e-02
2.8045e-02
3.3154e-01
3.3326e-04
5.8891e-01
6.7874e-01
5.9727e-01
2.9424e-01
3.8114e-02
1.3496e-01
2.2535e-01
3.5320e-01
3.3326e-04
4.9007e-01
2.0000e-01
5.5810e-01
2.4102e-01
4.6993e-01
5.3364e-01
4.0049e-02
3.4449e-01
1.5993e-01
2.0583e-01
6.9722e-01
6.6836e-01
5.6674e-01
4.4893e-02
4.0544e-01
3.6171e-01
1.9246e-01
4.6055e-01
2.0476e-01
4.8086e-01
5.5664e-01
4.5983e-01
4.5907e-01
1.7857e-01
2.6121e-01
6.5000e-01
6.9722e-01
4.5121e-01
4.6993e-01
3.2975e-01
4.6002e-01
3.3326e-04
2.7985e-01
5.2727e-02
1.9560e-01
4.6109e-01
3.6966e-01
3.8585e-01
3.1782e-01
3.3025e-01
3.3326e-04
6.9722e-01
6.6667e-01
5.8069e-01
3.4264e-01
4.4893e-02
2.6641e-02
8.4677e-02
1.4395e-01
2.0169e-01
1.6275e-01
5.9102e-01
4.0544e-01
3.3326e-04
3.3326e-04
6.9722e-01
5.5810e-01
5.9922e-01
3.2232e-02
1.5993e-01
3.3326e-04
6.8714e-01
5.8765e-01
5.3065e-01
2.9745e-01
3.5033e-01
2.0906e-01
6.9722e-01
6.3013e-01
4.6993e-01
4.4893e-02
3.4021e-02
5.8891e-01
6.7874e-01
2.8384e-01
3.8235e-01
6.9722e-01
5.0733e-01
3.3326e-04
6.5000e-01
4.5121e-01
3.7715e-02
6.9722e-01
4.4893e-02
8.4677e-02
4.9007e-01
1.5993e-01
1.5068e-01
6.9722e-01
3.4021e-02
3.3326e-04
6.9722e-01
4.4893e-02
4.6993e-01
6.9722e-01
6.9722e-01
