161	33	700	516	5	130	487	551	615	681	169	105	486	175	626	24	57	60	190
0	133	139	15	26	540	162	36	164	679	41	557	702	71	72	73	592	83	214	87	224	96	116	630	631	637
128	645	8	9	650	266	138	145	658	19	159	165	552	556	48	689	51	53	566	67	588	80	213	100	103	123	125
2	4	132	510	265	10	651	652	22	29	669	674	558	177	50	449	69	586	458	74	206	475	91	226	614	106	501	250	381	126	127
3	518	647	394	143	144	21	23	158	32	179	54	56	319	64	196	202	203	465	468	597	93	488	114	124	509
392	146	18	665	155	417	34	39	168	40	176	436	578	70	593	602	97	617	495	500	117	118
1	641	131	137	523	16	276	661	156	670	550	294	682	173	180	185	188	448	704	66	579	198	460	208	95	225	354	485	616	110	496
14	403	532	20	148	28	672	547	163	166	167	559	47	307	570	445	192	65	194	79	467	607	618	620	108	112
512	129	644	136	13	142	150	27	37	553	42	684	686	46	564	693	58	191	703	332	207	82	342	88	104	107	627	503
391	7	11	149	151	154	539	541	157	31	416	677	680	560	178	435	437	182	186	81	84	99	368	635	382
642	6	17	407	418	172	174	433	183	698	61	446	455	215	90	474	92	606	621	113	370	122
135	141	527	25	160	171	428	429	49	184	697	59	62	63	707	580	197	582	201	331	204	205	78	591	209	598	86	601	98	356	101
517	395	657	664	153	666	667	35	43	306	691	563	55	187	193	457	585	478	94	610	484	109	367
12	659	147	405	30	676	44	45	181	438	569	444	577	708	200	75	77	341	469	473	223	119	120	639
390	140	653	404	534	538	546	170	52	694	705	195	710	462	344	216	604	102	371	628	499
450	451	217	357	38	355	515	654	111	238	85	696	121	603	508	638
673	545	709	422	472	330	490	76	526	494	240	402	595	629	343	152	218
483	643	199	264	427	624	528	210	594	309	439	249	636	542	479
513	514	646	521	415	548	554	685	305	575	320	68	456	590	211	212	605	222	611	237	372	505
248	353	675	263	648	296	584	334	687	625	561	699	308	662	221	571	219	701
640	322	227	706	389	230	358	613	683	524	236	600	688	529	242	340	440	220
576	231	574	234	235	493	497	530	565	89	507	380	317	318	671
544	482	229	262	293	232	233	329	522	430	304	690	470	247	634	543
228	295	267	555	491	366	463	623	464	275	246	535	536	537	310	251	476
352	481	419	612	261	328	393	345	369	274	498	660	245	406	409	443	668	573
480	260	452	134	327	663	447	695	365	432	401	434	562	244	373	277	599	189	286	287
292	581	678	583	424	426	622	335	303	241	466	243	531	633	502	471	441	316
608	321	259	387	420	549	649	525	656	273	115	379	315	572	414
258	388	519	359	520	587	492	459	333	655	272	339	252	285	351
257	291	323	297	239	506	596	692	533	568	410	477	511
256	421	453	454	268	302	400	504	346	284	253	255
288	423	425	363	301	338	278	632	442	283	254	383
609	290	619	396	589	431	374	567	408	314	411	413
384	385	386	326	362	269	270	399	271	397	279	282	347	412
289	281	298	398	337	375	280	313	378
376	299	300	461	364	312	377	348	350
324	325	361	336	311
349	360	489
