79.99 	
61.89 	
40.27 	
41.05 	
44.30 	
47.03 	
43.70 	
36.45 	
45.85 	
39.29 	
38.07 	
28.02 	
43.01 	
42.33 	
47.81 	
52.91 	
39.36 	
56.14 	
40.56 	
42.62 	
41.84 	
28.24 	
8.06 	
44.21 	
52.52 	
53.30 	
41.15 	
52.12 	
37.43 	
38.60 	
55.26 	
52.91 	
41.72 	
42.13 	
53.69 	
38.41 	
30.08 	
37.72 	
42.23 	
36.25 	
50.46 	
43.70 	
39.00 	
53.10 	
41.54 	
35.08 	
15.05 	
40.76 	
26.26 	
32.82 	
39.78 	
46.93 	
33.12 	
49.19 	
14.59 	
14.64 	
41.93 	
9.13 	
50.95 	
33.02 	
54.38 	
51.73 	
9.87 	
50.66 	
48.70 	
55.06 	
44.70 	
30.28 	
40.86 	
71.99 	
34.40 	
28.80 	
33.40 	
36.30 	
29.00 	
37.80 	
40.20 	
33.40 	
28.10 	
41.30 	
33.40 	
25.20 	
41.10 	
35.30 	
28.30 	
28.60 	
35.30 	
24.40 	
35.30 	
39.30 	
40.60 	
35.30 	
24.10 	
46.20 	
42.80 	
49.20 	
46.80 	
45.70 	
55.60 	
54.90 	
49.20 	
34.90 	
46.90 	
49.20 	
33.40 	
54.10 	
55.90 	
49.80 	
47.10 	
55.90 	
38.00 	
55.90 	
56.10 	
59.09 	
22.90 	
35.10 	
61.09 	
59.80 	
60.29 	
61.80 	
56.70 	
68.30 	
66.90 	
60.29 	
50.70 	
56.40 	
60.29 	
55.50 	
68.50 	
71.30 	
74.70 	
52.20 	
71.30 	
67.70 	
71.30 	
66.00 	
74.50 	
71.30 	
49.90 	
63.40 	
64.90 	
64.30 	
64.90 	
60.20 	
72.30 	
69.30 	
64.30 	
55.20 	
58.80 	
64.30 	
66.10 	
73.70 	
77.30 	
80.20 	
54.90 	
77.30 	
72.99 	
77.30 	
71.70 	
79.40 	
77.30 	
59.89 	
64.90 	
66.60 	
65.20 	
66.70 	
62.50 	
74.19 	
70.70 	
65.20 	
57.60 	
59.20 	
65.20 	
68.10 	
75.50 	
79.30 	
56.50 	
79.30 	
76.80 	
79.30 	
73.30 	
82.60 	
79.30 	
67.80 	
11.58 	
24.45 	
24.89 	
29.45 	
40.71 	
10.38 	
22.14 	
22.84 	
27.66 	
34.56 	
12.45 	
24.99 	
25.72 	
33.96 	
37.34 	
15.04 	
21.06 	
26.40 	
35.34 	
40.57 	
12.47 	
20.92 	
24.90 	
34.20 	
39.61 	
10.03 	
20.08 	
24.48 	
31.54 	
35.34 	
9.45 	
22.72 	
28.47 	
38.56 	
40.39 	
10.76 	
25.48 	
21.54 	
28.63 	
33.54 	
7.75 	
17.82 	
24.24 	
32.85 	
39.23 	
18.00 	
30.39 	
45.71 	
50.77 	
53.90 	
13.18 	
17.84 	
40.23 	
47.13 	
49.97 	
13.36 	
22.32 	
24.54 	
31.35 	
40.86 	
19.93 	
25.69 	
30.23 	
39.59 	
44.30 	
13.82 	
24.92 	
29.22 	
38.33 	
42.35 	
13.54 	
26.31 	
31.64 	
42.55 	
42.92 	
13.33 	
25.37 	
37.40 	
44.40 	
47.74 	
19.52 	
31.35 	
38.50 	
45.08 	
47.82 	
15.44 	
26.77 	
33.73 	
42.70 	
45.84 	
17.22 	
29.93 	
29.65 	
36.97 	
43.58 	
13.12 	
24.43 	
32.66 	
36.64 	
44.21 	
13.62 	
21.60 	
27.77 	
35.57 	
45.37 	
7.32 	
21.50 	
31.27 	
43.50 	
48.67 	
7.40 	
23.51 	
31.12 	
39.15 	
48.15 	
22.50 	
34.67 	
34.74 	
45.08 	
48.97 	
23.14 	
41.89 	
48.28 	
51.04 	
55.64 	
22.95 	
35.23 	
39.94 	
48.72 	
52.04 	
21.02 	
33.36 	
33.94 	
44.14 	
45.37 	
15.36 	
28.68 	
30.85 	
42.03 	
51.06 	
21.78 	
42.29 	
50.60 	
55.83 	
60.95 	
23.52 	
42.22 	
52.50 	
60.32 	
66.42 	
23.80 	
38.77 	
51.33 	
56.85 	
58.61 	
21.91 	
36.99 	
47.40 	
51.96 	
56.74 	
17.57 	
33.73 	
40.15 	
46.64 	
50.08 	
17.37 	
33.70 	
45.94 	
51.43 	
59.30 	
30.45 	
47.71 	
63.14 	
66.82 	
66.95 	
27.42 	
35.96 	
55.51 	
61.99 	
63.53 	
18.02 	
38.60 	
52.20 	
53.96 	
56.63 	
15.34 	
26.05 	
30.22 	
37.27 	
46.23 	
16.28 	
25.62 	
31.97 	
36.30 	
43.06 	
67.57 	
57.23 	
81.75 	
64.02 	
78.80 	
41.37 	
60.28 	
56.83 	
51.02 	
55.55 	
44.13 	
39.38 	
55.65 	
47.28 	
44.33 	
52.30 	
49.25 	
41.37 	
29.16 	
39.40 	
39.30 	
67.87 	
58.52 	
53.58 	
59.00 	
76.24 	
69.84 	
14.40 	
19.42 	
20.73 	
14.94 	
21.29 	
23.08 	
15.52 	
15.82 	
12.55 	
8.49 	
15.61 	
12.18 	
11.98 	
16.88 	
33.09 	
34.24 	
31.81 	
29.75 	
33.01 	
32.90 	
29.55 	
19.42 	
24.66 	
29.59 	
24.28 	
20.73 	
26.20 	
46.39 	
39.16 	
41.20 	
33.69 	
38.20 	
41.41 	
37.81 	
24.85 	
27.22 	
44.64 	
37.27 	
33.27 	
36.56 	
53.72 	
48.59 	
51.72 	
35.85 	
53.77 	
53.46 	
48.99 	
31.72 	
39.64 	
51.26 	
43.39 	
39.27 	
37.96 	
55.02 	
49.99 	
53.66 	
37.68 	
56.06 	
56.81 	
50.94 	
33.56 	
41.16 	
52.96 	
44.28 	
40.15 	
57.03 	
44.42 	
51.02 	
53.39 	
35.36 	
25.02 	
23.35 	
52.01 	
38.02 	
39.30 	
61.07 	
56.14 	
55.25 	
54.77 	
50.24 	
46.68 	
46.68 	
22.75 	
25.51 	
34.77 	
36.84 	
45.90 	
41.67 	
56.34 	
47.97 	
61.46 	
44.03 	
55.45 	
55.55 	
57.92 	
25.61 	
33.49 	
59.59 	
29.55 	
37.92 	
61.86 	
62.05 	
32.01 	
72.10 	
39.00 	
65.70 	
32.11 	
40.29 	
74.36 	
21.97 	
9.85 	
15.07 	
23.25 	
43.73 	
13.40 	
24.13 	
44.52 	
62.94 	
59.49 	
25.12 	
23.64 	
35.75 	
38.61 	
68.75 	
66.78 	
23.85 	
32.07 	
11.65 	
19.20 	
48.85 	
39.60 	
43.94 	
34.57 	
54.32 	
24.40 	
15.62 	
21.86 	
10.22 	
14.60 	
18.75 	
31.97 	
23.40 	
25.57 	
41.68 	
27.74 	
8.20 	
9.62 	
25.42 	
15.69 	
27.94 	
32.63 	
17.24 	
19.77 	
39.44 	
25.75 	
33.08 	
24.07 	
21.82 	
21.07 	
14.84 	
32.05 	
11.96 	
25.45 	
22.49 	
25.22 	
39.70 	
13.09 	
38.70 	
7.51 	
17.58 	
21.18 	
18.20 	
17.20 	
22.63 	
21.86 	
12.37 	
25.73 	
37.81 	
21.92 	
33.04 	
14.54 	
26.91 	
8.00 	
31.90 	
10.34 	
19.77 	
37.44 	
11.48 	
24.44 	
17.60 	
10.73 	
31.38 	
13.22 	
20.97 	
27.04 	
32.04 	
35.17 	
36.45 	
38.89 	
6.47 	
12.84 	
18.42 	
21.95 	
24.10 	
25.08 	
21.26 	
25.97 	
11.36 	
31.25 	
32.33 	
33.70 	
9.31 	
26.94 	
27.63 	
29.79 	
34.49 	
36.15 	
12.54 	
27.53 	
32.92 	
9.99 	
7.84 	
12.25 	
11.17 	
17.34 	
17.54 	
30.57 	
14.20 	
24.50 	
15.58 	
26.85 	
26.06 	
38.21 	
43.70 	
30.14 	
12.73 	
20.87 	
20.28 	
34.29 	
19.54 	
47.71 	
43.38 	
29.89 	
6.90 	
33.19 	
4.90 	
4.57 	
25.46 	
24.29 	
33.95 	
11.41 	
20.59 	
25.89 	
29.23 	
31.02 	
10.39 	
33.66 	
27.87 	
19.35 	
11.39 	
12.79 	
39.32 	
4.78 	
16.11 	
43.38 	
20.42 	
6.94 	
15.03 	
13.57 	
32.53 	
15.75 	
7.68 	
38.80 	
33.00 	
17.28 	
24.28 	
24.05 	
36.59 	
50.73 	
13.66 	
14.14 	
47.78 	
2.33 	
16.89 	
23.52 	
6.81 	
39.70 	
17.96 	
32.88 	
22.35 	
10.79 	
7.72 	
41.68 	
9.56 	
6.88 	
50.53 	
17.17 	
30.44 	
9.73 	
3.32 	
26.32 	
43.25 	
6.28 	
32.10 	
36.96 	
54.60 	
21.48 	
9.69 	
8.37 	
39.66 	
10.09 	
4.83 	
10.35 	
43.57 	
51.86 	
11.85 	
17.24 	
27.83 	
35.76 	
38.70 	
14.31 	
17.44 	
31.74 	
37.91 	
39.38 	
15.87 	
9.01 	
33.61 	
40.66 	
40.86 	
12.05 	
17.54 	
18.91 	
25.18 	
30.96 	
43.89 	
54.28 	
36.94 	
14.50 	
22.44 	
12.64 	
26.06 	
33.21 	
36.94 	
44.09 	
52.61 	
59.76 	
67.31 	
69.66 	
71.62 	
74.17 	
18.13 	
22.53 	
27.34 	
29.98 	
31.35 	
32.72 	
6.27 	
14.70 	
23.22 	
27.92 	
31.35 	
39.00 	
41.24 	
14.99 	
13.52 	
24.00 	
37.42 	
11.47 	
22.44 	
21.16 	
31.84 	
14.80 	
25.18 	
17.54 	
14.20 	
21.65 	
29.39 	
13.52 	
16.26 	
31.45 	
37.23 	
18.13 	
32.72 	
39.49 	
41.05 	
42.13 	
18.13 	
26.74 	
61.92 	
47.22 	
51.04 	
55.16 	
41.64 	
13.71 	
19.69 	
31.65 	
19.11 	
39.58 	
48.79 	
24.00 	
37.42 	
11.47 	
19.69 	
14.99 	
27.92 	
34.68 	
37.33 	
38.11 	
33.80 	
42.42 	
48.40 	
55.94 	
58.78 	
67.11 	
20.77 	
25.18 	
29.59 	
21.75 	
39.09 	
24.39 	
50.51 	
74.99 	
37.17 	
33.76 	
16.50 	
19.99 	
36.35 	
33.69 	
15.42 	
33.42 	
39.05 	
27.68 	
26.86 	
45.30 	
30.12 	
15.57 	
44.61 	
53.52 	
57.21 	
65.91 	
52.82 	
33.40 	
18.03 	
37.36 	
32.84 	
42.64 	
40.06 	
41.94 	
61.23 	
40.87 	
33.30 	
52.42 	
15.09 	
38.46 	
37.26 	
35.23 	
42.13 	
31.87 	
41.54 	
39.45 	
37.91 	
44.28 	
31.18 	
23.69 	
32.76 	
32.40 	
28.63 	
36.80 	
18.28 	
33.06 	
31.42 	
31.03 	
44.39 	
12.18 	
25.56 	
36.44 	
32.96 	
23.84 	
26.23 	
17.95 	
40.68 	
19.01 	
33.72 	
8.54 	
13.46 	
32.24 	
23.52 	
29.72 	
49.77 	
52.44 	
40.93 	
44.86 	
13.20 	
37.43 	
29.87 	
56.61 	
12.46 	
23.79 	
13.29 	
39.42 	
46.23 	
44.52 	
23.74 	
26.14 	
15.52 	
43.57 	
35.86 	
41.05 	
28.99 	
46.24 	
26.92 	
10.54 	
25.10 	
29.07 	
9.74 	
33.80 	
39.84 	
26.97 	
27.23 	
30.65 	
33.05 	
24.58 	
21.91 	
30.88 	
15.34 	
24.34 	
23.89 	
22.93 	
29.41 	
28.63 	
36.80 	
18.29 	
32.72 	
31.42 	
28.94 	
40.93 	
12.18 	
25.56 	
36.44 	
32.96 	
23.84 	
26.23 	
17.96 	
38.63 	
19.01 	
33.72 	
8.54 	
13.46 	
32.25 	
23.52 	
29.73 	
49.77 	
52.45 	
40.93 	
44.87 	
13.20 	
37.43 	
29.87 	
56.62 	
12.46 	
23.79 	
13.29 	
39.42 	
46.23 	
44.52 	
23.74 	
26.15 	
15.53 	
43.58 	
35.87 	
41.05 	
28.99 	
46.25 	
26.92 	
10.54 	
25.10 	
29.07 	
9.74 	
33.80 	
37.17 	
33.76 	
16.50 	
19.99 	
36.35 	
38.22 	
15.42 	
33.42 	
39.06 	
27.68 	
26.86 	
45.30 	
30.12 	
15.57 	
44.61 	
53.52 	
57.22 	
65.91 	
52.83 	
33.40 	
18.03 	
37.36 	
35.31 	
42.64 	
40.06 	
43.80 	
61.24 	
40.87 	
33.31 	
52.43 	
15.09 	
38.46 	
37.27 	
35.23 	
42.14 	
31.88 	
41.54 	
39.46 	
37.92 	
44.28 	
31.18 	
23.70 	
32.77 	
32.40 	
