-2.0271e+00
-2.4173e+00
-2.1219e+00
-2.3475e+00
-2.1783e+00
-3.1191e+00
-2.9298e+00
-4.0191e+00
-1.9514e+00
-5.1739e-01
-1.9420e+00
-5.4996e-01
-2.0906e+00
-2.3108e+00
-1.5852e+00
-1.3076e+00
-4.0263e+00
-1.8647e+00
-3.3255e+00
-2.4874e+00
-1.0204e+00
-6.2930e-01
-4.4242e-01
-1.5721e+00
-1.6968e+00
-1.5325e+00
-2.6378e+00
-3.3093e+00
-4.3668e+00
-1.7968e+00
-2.0065e+00
-3.3179e+00
-1.4651e+00
-1.8535e+00
-9.4787e-01
-1.4548e+00
-2.3736e+00
-4.4028e+00
-6.2329e-01
-1.5557e+00
-1.0556e+00
-7.2240e-01
-5.0738e+00
-4.0342e+00
-3.0078e+00
-1.5999e+00
-1.8904e+00
-2.0224e+00
-2.2532e+00
-3.0179e+00
-7.9318e-01
-1.2342e+00
-6.3929e-01
-1.5460e+00
-1.4631e+00
-3.6631e+00
-2.7066e+00
-6.6956e-01
-3.0578e+00
-2.3634e+00
-9.7033e-01
-2.3521e+00
-1.6982e+00
-3.8827e+00
-1.8818e+00
-1.9316e+00
-3.7827e+00
-9.8935e-01
-7.4945e-01
-8.2625e-01
-1.5965e+00
-1.4607e+00
-1.8857e+00
-3.4552e+00
-3.5010e-01
-1.8163e+00
-1.6526e+00
-1.4405e+00
-2.3665e+00
-1.8956e+00
-2.4688e+00
-2.0344e+00
-1.4478e+00
-2.9254e+00
-2.2708e+00
-8.1860e-01
-2.0007e+00
-1.7614e+00
-1.4814e+00
-1.8891e+00
-3.1330e+00
-3.3063e+00
-3.9254e+00
-1.9385e+00
-7.3937e-01
-1.6303e+00
-1.4794e+00
-8.7373e-01
-3.4894e-01
-1.6521e+00
-4.4916e+00
-2.5219e-01
-1.3246e+00
-5.0156e+00
-1.5733e+00
-1.8755e+00
-1.3448e+00
-1.8173e+00
-2.8147e+00
-1.6221e+00
-2.1579e+00
-1.4060e+00
-1.3119e+00
-2.1517e+00
-4.7490e-01
-1.1788e+00
-4.1358e-01
-1.8470e+00
-4.8413e-01
-1.7069e+00
-1.7004e+00
-4.1128e+00
-3.4834e+00
-1.7006e+00
-2.2545e+00
-2.3611e+00
-1.4637e+00
-5.6858e-01
-5.2103e-01
-1.9862e+00
-3.0796e+00
-1.1040e+00
-7.3636e-01
-6.1051e-01
-2.5631e+00
-3.1678e+00
-1.5036e+00
-2.2544e+00
-1.4438e+00
-1.6202e+00
-1.2133e+00
-3.8380e+00
-1.5696e+00
-2.0973e+00
-4.6731e+00
-3.0896e+00
-2.5096e+00
-1.8934e+00
-1.1776e+00
-1.3586e+00
-1.2788e+00
-1.5382e+00
-1.7890e+00
-7.8874e-01
-4.1083e+00
-1.4062e+00
-2.0517e+00
-1.9566e+00
-2.2804e+00
-1.9287e+00
-1.8027e+00
-1.4069e+00
-2.2809e+00
-1.1957e+00
-2.9598e+00
-1.0855e+00
-3.0199e+00
-1.2388e+00
-2.1473e+00
-4.8024e+00
-6.8052e-01
-1.4318e+00
-2.3720e+00
-1.4383e+00
-9.4626e-01
-1.8117e+00
-9.2175e-01
-1.9370e+00
-6.1694e-01
-8.3331e-01
-5.4393e+00
-1.4848e+00
-3.7097e+00
-2.3078e+00
-2.0178e+00
-1.5673e+00
-1.5114e+00
-1.4471e+00
-2.1624e+00
-2.0986e+00
-2.0668e+00
-1.9112e+00
-9.3571e-01
-5.4169e-01
-2.4331e+00
-2.0815e+00
-2.8134e+00
-1.3201e+00
-2.4345e+00
-1.8533e+00
-1.8886e+00
-1.5692e+00
-1.9046e+00
-1.4276e+00
-3.8514e+00
-1.6871e+00
-4.9639e-01
-1.6664e+00
-1.6970e+00
-1.4218e+00
-2.7548e+00
-9.8465e-01
-2.0706e+00
-2.0336e+00
-7.9785e-01
-5.0483e-01
-4.0038e+00
-8.4252e-01
-1.6628e+00
-3.2278e+00
-1.5541e+00
-2.0593e+00
-2.2758e+00
-2.2121e+00
-1.2983e+00
-2.3671e+00
-1.8292e+00
-2.8982e+00
-1.8497e+00
-1.3591e+00
-4.6072e+00
-2.3440e+00
-9.3438e-01
-3.5407e+00
-4.5677e+00
-5.9696e-01
-1.9845e+00
-1.2669e+00
-4.1166e+00
-7.9626e-01
-9.3047e-01
-4.5491e+00
-2.3280e+00
-9.4376e-01
-8.5595e-01
-2.0353e+00
-1.2440e+00
-1.8461e+00
-2.4227e+00
-1.6229e+00
-3.0539e+00
-1.0280e+00
-6.7642e-01
-1.6285e+00
-3.2512e+00
-7.0907e-01
-1.4386e+00
-9.2436e-01
-1.6572e+00
-2.0646e+00
-1.0902e+00
-1.6931e+00
-3.2936e+00
-4.1621e+00
-1.4511e+00
-2.3462e+00
-2.0170e+00
-1.4843e+00
-1.6416e+00
-2.5318e+00
-3.5379e+00
-2.8914e+00
-1.1763e+00
-1.4363e+00
-1.8173e+00
-1.1319e+00
-4.3681e+00
-1.6555e+00
-1.6602e+00
-2.0045e+00
-3.0097e+00
-3.1120e+00
-1.6403e+00
-2.8095e+00
-2.4495e+00
-5.6243e-01
-1.6201e+00
-2.2059e+00
-2.0781e+00
-4.1827e+00
-2.1681e+00
-1.9186e+00
-1.3150e+00
-1.8103e+00
-1.5781e+00
-3.0015e+00
-1.7274e+00
-8.2646e-01
-4.8484e+00
-1.3923e+00
-1.4988e+00
-3.3027e+00
-2.2684e+00
-2.3922e+00
-1.0470e+00
-2.5842e+00
-2.2120e+00
-4.1027e+00
-3.4627e+00
-1.7039e+00
-2.4629e+00
-2.2028e+00
-1.7689e+00
-2.3998e+00
-2.1404e+00
-1.1470e+00
-4.0076e+00
-3.6325e+00
-5.3215e+00
-1.8576e+00
-3.3973e+00
-2.0807e+00
-1.4672e+00
-4.5334e+00
-1.8904e+00
-1.9310e+00
-1.2639e+00
-1.6304e+00
-3.4105e+00
-4.0108e+00
-5.7452e-01
-1.1128e+00
-2.5067e+00
-3.2685e+00
-3.3048e+00
