1.0211e+00
9.7934e-01
9.7933e-01
9.7930e-01
9.7999e-01
9.7937e-01
9.7937e-01
9.7924e-01
9.7930e-01
9.7924e-01
9.7937e-01
9.7937e-01
9.7996e-01
9.7937e-01
9.7924e-01
9.7930e-01
9.7943e-01
9.7924e-01
9.7930e-01
9.7996e-01
9.7937e-01
9.7937e-01
9.7924e-01
9.7937e-01
9.7924e-01
9.7930e-01
9.7886e-01
9.8015e-01
9.7911e-01
9.7911e-01
9.7911e-01
9.7911e-01
9.7975e-01
9.7911e-01
9.7977e-01
9.8039e-01
9.7784e-01
9.7847e-01
9.7975e-01
9.7911e-01
9.7911e-01
9.7911e-01
9.7977e-01
9.7911e-01
9.7975e-01
9.7911e-01
9.7975e-01
9.7784e-01
9.7847e-01
9.8040e-01
9.7911e-01
9.7911e-01
9.7911e-01
9.7911e-01
9.7911e-01
9.7975e-01
9.7911e-01
9.8040e-01
9.7784e-01
9.7847e-01
9.7975e-01
9.7911e-01
9.7911e-01
9.7911e-01
9.7977e-01
9.7911e-01
9.7975e-01
9.7911e-01
9.7911e-01
9.7911e-01
9.7911e-01
9.7975e-01
9.8040e-01
9.7911e-01
9.7911e-01
9.7911e-01
9.7911e-01
9.7975e-01
9.7911e-01
9.7784e-01
9.7977e-01
9.7911e-01
9.7975e-01
9.7911e-01
9.7911e-01
9.7911e-01
9.7911e-01
9.7977e-01
9.8039e-01
9.7911e-01
9.7784e-01
9.7911e-01
9.7911e-01
9.7975e-01
9.7911e-01
9.7977e-01
9.7911e-01
9.7911e-01
9.7911e-01
9.7975e-01
9.7911e-01
3.2396e-01
3.2458e-01
3.2760e-01
3.2252e-01
3.2716e-01
3.2633e-01
3.2842e-01
3.2647e-01
3.2322e-01
7.1905e-01
3.2433e-01
3.2546e-01
3.2834e-01
3.2500e-01
3.2478e-01
3.2921e-01
3.2595e-01
3.2351e-01
3.2709e-01
3.2585e-01
3.2671e-01
3.2588e-01
3.2982e-01
3.2420e-01
4.7540e-01
3.2585e-01
3.2258e-01
5.2857e-01
3.2241e-01
3.2645e-01
3.2198e-01
3.2312e-01
3.2376e-01
3.2379e-01
3.2457e-01
3.2200e-01
3.2242e-01
3.2571e-01
3.2318e-01
3.2918e-01
4.0439e-01
4.5079e-01
3.2349e-01
3.2234e-01
3.2316e-01
3.2550e-01
5.9193e-01
3.2353e-01
3.2739e-01
3.2694e-01
3.2396e-01
1.2757e+00
3.2545e-01
3.2534e-01
3.2394e-01
3.2774e-01
3.2255e-01
3.2231e-01
3.2409e-01
3.2424e-01
3.2567e-01
3.2928e-01
3.2648e-01
3.2211e-01
3.2256e-01
3.2215e-01
5.3030e-01
3.2328e-01
3.2703e-01
3.2514e-01
3.2527e-01
3.8901e-01
3.2698e-01
3.2182e-01
4.8731e-01
3.2513e-01
3.2309e-01
3.2370e-01
1.1437e+00
3.2730e-01
3.2621e-01
3.2433e-01
3.2254e-01
3.2706e-01
3.3043e-01
3.2409e-01
3.2270e-01
3.2453e-01
3.3040e-01
3.2629e-01
6.6393e-01
3.2949e-01
5.7088e-01
3.2190e-01
3.2099e-01
3.2661e-01
3.2389e-01
7.3012e-01
3.2581e-01
3.2284e-01
3.2215e-01
4.1477e-01
3.2775e-01
3.2255e-01
3.2252e-01
3.2349e-01
4.5969e-01
3.2871e-01
4.8346e-01
3.2795e-01
3.2422e-01
5.7457e-01
3.2421e-01
3.2536e-01
3.7215e-01
6.8040e-01
3.2389e-01
6.0818e-01
3.2728e-01
3.2483e-01
3.2460e-01
3.2422e-01
3.2433e-01
3.2276e-01
3.2289e-01
3.2251e-01
3.2861e-01
3.2454e-01
3.2698e-01
3.2356e-01
3.2439e-01
1.2114e+00
3.2670e-01
3.2525e-01
3.9078e-01
3.2262e-01
3.2815e-01
3.2528e-01
3.2308e-01
3.2732e-01
3.2827e-01
3.2491e-01
3.2699e-01
3.2512e-01
3.2293e-01
3.2950e-01
3.2249e-01
3.2828e-01
3.2508e-01
3.2393e-01
3.2548e-01
3.2384e-01
3.2598e-01
3.2663e-01
3.2530e-01
3.2826e-01
3.2517e-01
3.2905e-01
3.2301e-01
3.2258e-01
3.2554e-01
3.2491e-01
3.2373e-01
4.7062e-01
7.0846e-01
3.3004e-01
3.2500e-01
3.2582e-01
3.2470e-01
3.2525e-01
3.2256e-01
3.2699e-01
3.2276e-01
3.2278e-01
3.2568e-01
3.2318e-01
3.2584e-01
3.2382e-01
4.2112e-01
3.2469e-01
3.2477e-01
3.2792e-01
3.2540e-01
4.2480e-01
3.2401e-01
3.2687e-01
3.2959e-01
3.3027e-01
3.2256e-01
4.5839e-01
3.2551e-01
3.2882e-01
3.3064e-01
7.7364e-01
3.2668e-01
3.3094e-01
3.2404e-01
3.2895e-01
3.2326e-01
3.2440e-01
3.2195e-01
3.2572e-01
4.6250e-01
3.2525e-01
3.3707e-01
3.2336e-01
3.2607e-01
3.2355e-01
3.3091e-01
3.2605e-01
5.0033e-01
3.2664e-01
3.2582e-01
3.3019e-01
3.2596e-01
3.2680e-01
3.2436e-01
3.2300e-01
3.2591e-01
3.2536e-01
3.2339e-01
3.2577e-01
3.2636e-01
3.2448e-01
3.2436e-01
3.9032e-01
6.2211e-01
3.2316e-01
3.2632e-01
3.2501e-01
3.2458e-01
3.2312e-01
3.2751e-01
3.2707e-01
3.2560e-01
3.2610e-01
3.2330e-01
3.2262e-01
3.9851e-01
3.3052e-01
3.2726e-01
3.2365e-01
3.2657e-01
3.2397e-01
3.2584e-01
3.3052e-01
6.4694e-01
3.2761e-01
3.3066e-01
3.2329e-01
3.2318e-01
3.2615e-01
3.2324e-01
3.3255e-01
3.2663e-01
3.2303e-01
3.2397e-01
3.2372e-01
3.2246e-01
3.2531e-01
3.2428e-01
3.2821e-01
3.2552e-01
3.2400e-01
3.2386e-01
6.3531e-01
3.2707e-01
3.2454e-01
3.3051e-01
3.2277e-01
3.2920e-01
3.2218e-01
3.2874e-01
3.3062e-01
3.2553e-01
3.2363e-01
3.2353e-01
3.2420e-01
3.2961e-01
3.3095e-01
3.2440e-01
3.2566e-01
6.0566e-01
4.7473e-01
3.2344e-01
3.2797e-01
3.2888e-01
3.2810e-01
3.2933e-01
3.2221e-01
3.2402e-01
3.2424e-01
3.2210e-01
5.4035e-01
3.2217e-01
3.2394e-01
3.2280e-01
3.2219e-01
3.2608e-01
3.2302e-01
3.2621e-01
3.2786e-01
3.2783e-01
3.2308e-01
3.2267e-01
3.2836e-01
3.4195e-01
3.2795e-01
4.4397e-01
3.2257e-01
3.2516e-01
3.2890e-01
3.2370e-01
3.2400e-01
3.2796e-01
3.2778e-01
3.2380e-01
3.2448e-01
3.2353e-01
3.2904e-01
3.2497e-01
3.3352e-01
3.2607e-01
3.2387e-01
3.3927e-01
3.2900e-01
3.2834e-01
3.2761e-01
3.2942e-01
3.2387e-01
3.2323e-01
3.2197e-01
3.2274e-01
3.2367e-01
3.2729e-01
3.3017e-01
3.2460e-01
3.2721e-01
6.6456e-01
5.1468e-01
3.2354e-01
3.2158e-01
3.3061e-01
3.2598e-01
3.2237e-01
3.2540e-01
3.2377e-01
5.3270e-01
3.0255e+00
3.2618e-01
3.2326e-01
3.2845e-01
3.2480e-01
3.2287e-01
3.2281e-01
3.2366e-01
3.3102e-01
3.2451e-01
5.4871e-01
3.3010e-01
3.2274e-01
3.2533e-01
3.2309e-01
3.2733e-01
3.2420e-01
3.2334e-01
3.2307e-01
3.2651e-01
3.2499e-01
3.2770e-01
3.2297e-01
3.2431e-01
3.2531e-01
6.0863e-01
3.2621e-01
3.2252e-01
4.4979e-01
3.2425e-01
3.2304e-01
3.2239e-01
3.5074e-01
3.2583e-01
3.2198e-01
3.2504e-01
3.2737e-01
3.2324e-01
3.2383e-01
3.2605e-01
3.2625e-01
3.2461e-01
3.2181e-01
3.2489e-01
4.2567e-01
3.2651e-01
3.2566e-01
3.8253e-01
3.2269e-01
3.2748e-01
3.2333e-01
3.2446e-01
3.2679e-01
3.2200e-01
3.2254e-01
3.2199e-01
3.2735e-01
3.2582e-01
3.2407e-01
3.2939e-01
3.2346e-01
3.2533e-01
3.2279e-01
3.2567e-01
3.2306e-01
3.2521e-01
3.2380e-01
3.2327e-01
3.2257e-01
3.2958e-01
3.2192e-01
3.2161e-01
3.2855e-01
3.2390e-01
3.2414e-01
2.6827e+00
3.2765e-01
3.2322e-01
3.2457e-01
5.0316e-01
3.2532e-01
3.2806e-01
3.3042e-01
3.2222e-01
3.2348e-01
5.3680e-01
3.2815e-01
3.2536e-01
3.2275e-01
3.2318e-01
4.4063e-01
3.2474e-01
3.2242e-01
3.2264e-01
3.2219e-01
3.3082e-01
3.2248e-01
3.2412e-01
3.2399e-01
3.2381e-01
3.2346e-01
3.2266e-01
3.2566e-01
3.2480e-01
3.2378e-01
3.2660e-01
3.2634e-01
3.2675e-01
3.2197e-01
3.2188e-01
3.2770e-01
3.3096e-01
3.2633e-01
3.2512e-01
3.3003e-01
4.6125e-01
3.2860e-01
6.3639e-01
3.2623e-01
3.2365e-01
3.2901e-01
3.2181e-01
3.2924e-01
3.2268e-01
3.3289e-01
3.2859e-01
3.2214e-01
3.2146e-01
3.2165e-01
3.2903e-01
3.2498e-01
3.2421e-01
3.2468e-01
3.2211e-01
3.2759e-01
3.2203e-01
3.2363e-01
6.9920e-01
5.5514e-01
4.4285e-01
3.2198e-01
3.2334e-01
3.2496e-01
3.2574e-01
3.3046e-01
3.2200e-01
3.2464e-01
3.3072e-01
3.2499e-01
3.2584e-01
3.2366e-01
3.2195e-01
3.2628e-01
3.2809e-01
3.2287e-01
3.2259e-01
5.3252e-01
3.2473e-01
3.2964e-01
3.2593e-01
3.2287e-01
3.2205e-01
3.2916e-01
3.2480e-01
3.2330e-01
3.2586e-01
3.2560e-01
3.2183e-01
3.2333e-01
1.0714e+00
3.3090e-01
3.2482e-01
3.7622e-01
3.2383e-01
3.2508e-01
3.2454e-01
3.2283e-01
6.0488e-01
3.2214e-01
3.2584e-01
3.2928e-01
3.2387e-01
3.2245e-01
3.2313e-01
3.2558e-01
3.2334e-01
3.2394e-01
3.2463e-01
3.2394e-01
3.2627e-01
3.2619e-01
3.2479e-01
3.2352e-01
3.2435e-01
3.2442e-01
3.2840e-01
3.2790e-01
3.2407e-01
3.2385e-01
3.2462e-01
3.2643e-01
3.2901e-01
3.2404e-01
3.2461e-01
3.2998e-01
3.2296e-01
3.2316e-01
3.2285e-01
3.2535e-01
3.2733e-01
3.3125e-01
3.2308e-01
4.5088e-01
3.2647e-01
3.2375e-01
3.2273e-01
4.8230e-01
3.2572e-01
3.2457e-01
3.2359e-01
1.0596e+00
3.2565e-01
3.2483e-01
3.2407e-01
3.2276e-01
3.2312e-01
3.2171e-01
9.8069e-01
3.2577e-01
4.1246e-01
3.2614e-01
3.2562e-01
3.2797e-01
5.9250e-01
3.9598e-01
3.2619e-01
3.2420e-01
3.7746e-01
4.7800e-01
3.2740e-01
3.2808e-01
3.3113e-01
3.2311e-01
3.3048e-01
3.2476e-01
3.2430e-01
3.2207e-01
3.2246e-01
3.2565e-01
5.2562e-01
3.2586e-01
2.5620e+00
3.2544e-01
3.7957e-01
4.0764e-01
3.2318e-01
3.2369e-01
3.2321e-01
3.2657e-01
3.2672e-01
3.2176e-01
3.2419e-01
3.2518e-01
3.2703e-01
3.2597e-01
3.2359e-01
3.2756e-01
3.2432e-01
3.2707e-01
3.2677e-01
3.2364e-01
4.2974e-01
5.0000e-01
3.2792e-01
7.6099e-01
3.2911e-01
3.2366e-01
3.2530e-01
3.7998e-01
3.2432e-01
3.2540e-01
3.2229e-01
3.2214e-01
3.2722e-01
3.2375e-01
5.4048e-01
3.2456e-01
3.2584e-01
3.8560e-01
3.2648e-01
2.1081e+00
3.2351e-01
3.2820e-01
3.3388e-01
3.2397e-01
3.2511e-01
3.2626e-01
3.2712e-01
3.2272e-01
3.2564e-01
3.2723e-01
3.2606e-01
4.7854e-01
3.2394e-01
3.2349e-01
3.2196e-01
3.2396e-01
3.2240e-01
3.2422e-01
3.2186e-01
3.2831e-01
3.2335e-01
3.2807e-01
3.2360e-01
3.2232e-01
3.2622e-01
3.2897e-01
3.2482e-01
3.2585e-01
3.2386e-01
3.3062e-01
3.2221e-01
3.2208e-01
4.7564e-01
9.1755e-01
3.2395e-01
3.2364e-01
3.2246e-01
3.2779e-01
3.2271e-01
3.2460e-01
3.2554e-01
5.1529e-01
3.2483e-01
3.2626e-01
3.2324e-01
3.2841e-01
3.2598e-01
3.3089e-01
3.6082e-01
3.2575e-01
3.3057e-01
3.2200e-01
3.2237e-01
3.2312e-01
3.2970e-01
3.2525e-01
3.3031e-01
3.8419e-01
3.5440e-01
3.2509e-01
3.2760e-01
3.2954e-01
3.2243e-01
3.2767e-01
3.3047e-01
3.2316e-01
3.2362e-01
3.2286e-01
7.1729e-01
3.2569e-01
7.7731e-01
1.6738e+00
3.2851e-01
3.2590e-01
3.2340e-01
3.2197e-01
3.2404e-01
3.2584e-01
3.2340e-01
3.2509e-01
3.2534e-01
9.1281e-01
3.2452e-01
3.2731e-01
3.2232e-01
3.2706e-01
3.2186e-01
3.3028e-01
3.2700e-01
3.2295e-01
1.1345e+00
3.2316e-01
5.9744e-01
4.6865e-01
3.2358e-01
3.2695e-01
3.2523e-01
3.2269e-01
6.3082e-01
5.3059e-01
3.2681e-01
3.2264e-01
3.3089e-01
3.2239e-01
3.2408e-01
3.2636e-01
3.2624e-01
3.2630e-01
3.2763e-01
3.2674e-01
5.4654e-01
3.2380e-01
3.2565e-01
3.2364e-01
3.2257e-01
3.2210e-01
1.2908e+00
3.8356e-01
3.2486e-01
3.2832e-01
1.0669e+00
3.2692e-01
3.2622e-01
3.2295e-01
3.2417e-01
3.2513e-01
3.2374e-01
3.2448e-01
3.2334e-01
3.2478e-01
3.2298e-01
3.2415e-01
3.2584e-01
3.2262e-01
3.2499e-01
9.4587e-01
3.2263e-01
3.2840e-01
3.2637e-01
3.3042e-01
3.2721e-01
3.2468e-01
3.2328e-01
3.2831e-01
5.3573e-01
3.2596e-01
7.5492e-01
3.6704e-01
3.2317e-01
3.2460e-01
3.2705e-01
3.2381e-01
3.2612e-01
3.2565e-01
3.2868e-01
3.2586e-01
3.2607e-01
3.2226e-01
3.2298e-01
3.2348e-01
8.2953e-01
3.2418e-01
3.3142e-01
3.2400e-01
3.2746e-01
3.2886e-01
3.2680e-01
3.2809e-01
3.9663e-01
3.2551e-01
3.2687e-01
3.2398e-01
3.2169e-01
3.2640e-01
3.2267e-01
3.2561e-01
3.2331e-01
3.2491e-01
3.2841e-01
3.2493e-01
3.2440e-01
3.2980e-01
5.8591e-01
1.8132e+00
1.0290e+00
3.2258e-01
3.2750e-01
3.2230e-01
3.2799e-01
3.2342e-01
3.2601e-01
3.2562e-01
3.2915e-01
3.2320e-01
5.6189e-01
3.3275e-01
3.2627e-01
3.2473e-01
3.2199e-01
3.2384e-01
3.2867e-01
3.2673e-01
3.2426e-01
3.2469e-01
3.2648e-01
5.4575e-01
3.2434e-01
3.2721e-01
3.2468e-01
3.2260e-01
3.2446e-01
3.2462e-01
3.2619e-01
3.2220e-01
2.3493e+00
3.2208e-01
3.2200e-01
3.2332e-01
3.2326e-01
3.2528e-01
3.2855e-01
5.4153e-01
3.2667e-01
3.2297e-01
3.2871e-01
3.6072e-01
3.2444e-01
3.2474e-01
3.2369e-01
1.9858e+00
3.2350e-01
3.2887e-01
3.2336e-01
3.2421e-01
6.4530e-01
3.2712e-01
3.2262e-01
3.2770e-01
3.2520e-01
4.8651e-01
3.2237e-01
3.2786e-01
3.2793e-01
7.7468e-01
3.2836e-01
3.2896e-01
3.2223e-01
3.2848e-01
3.2419e-01
3.2375e-01
3.2392e-01
3.2495e-01
3.2277e-01
3.2337e-01
3.6955e-01
3.2906e-01
3.2592e-01
3.2222e-01
3.2635e-01
3.0350e+00
3.2948e-01
1.6511e+00
3.2586e-01
3.2311e-01
3.2765e-01
3.8057e-01
3.2641e-01
3.2835e-01
3.2451e-01
3.2271e-01
3.2479e-01
3.2629e-01
3.2327e-01
3.2702e-01
3.2509e-01
3.2630e-01
3.2288e-01
3.2580e-01
4.4067e-01
3.2287e-01
3.2526e-01
3.3004e-01
3.2308e-01
3.2679e-01
3.2932e-01
3.2374e-01
3.2730e-01
3.2715e-01
3.2349e-01
3.2571e-01
3.2358e-01
3.2682e-01
3.2573e-01
3.2182e-01
3.2511e-01
3.2487e-01
3.2352e-01
3.2629e-01
4.2720e-01
3.2187e-01
4.7437e-01
3.2972e-01
3.2293e-01
3.2287e-01
