0.0000	1.0000	0.0000
0.0001	0.9878	0.0000
0.0001	0.9755	0.0000
0.0002	0.9633	0.0000
0.0002	0.9511	0.0000
0.0003	0.9389	0.0000
0.0004	0.9266	-1.0000
0.0004	0.9144	-1.0000
0.0005	0.9022	-2.0000
0.0005	0.8900	0.0000
0.0006	0.8777	-1.0000
0.0007	0.8655	-1.0000
0.0007	0.8533	-2.0000
0.0008	0.8410	-2.0000
0.0009	0.8288	0.0000
0.0009	0.8166	-1.0000
0.0010	0.8044	-1.0000
0.0010	0.7921	-2.0000
0.0011	0.7799	-2.0000
0.0012	0.7677	-3.0000
0.0012	0.7554	-1.0000
0.0013	0.7432	-1.0000
0.0013	0.7310	-2.0000
0.0014	0.7188	-2.0000
0.0015	0.7066	-1.0000
0.0015	0.6943	0.0000
0.0016	0.6821	0.0000
0.0016	0.6699	-1.0000
0.0017	0.6576	-3.0000
0.0018	0.6454	-2.0000
0.0018	0.6332	0.0000
0.0019	0.6210	0.0000
0.0020	0.6087	-1.0000
0.0020	0.5965	0.0000
0.0021	0.5843	-1.0000
0.0021	0.5720	-3.0000
0.0022	0.5598	0.0000
0.0022	0.5476	0.0000
0.0023	0.5354	0.0000
0.0024	0.5231	-2.0000
0.0024	0.5109	-1.0000
0.0025	0.4987	0.0000
0.0026	0.4865	0.0000
0.0026	0.4742	0.0000
0.0027	0.4620	-1.0000
0.0028	0.4498	0.0000
0.0028	0.4375	-2.0000
0.0029	0.4253	0.0000
0.0029	0.4131	-2.0000
0.0030	0.4009	0.0000
0.0030	0.3886	-1.0000
0.0031	0.3764	-1.0000
0.0032	0.3642	0.0000
0.0032	0.3519	0.0000
0.0033	0.3397	-1.0000
0.0034	0.3275	-2.0000
0.0034	0.3153	-1.0000
0.0035	0.3030	-1.0000
0.0035	0.2908	0.0000
0.0036	0.2786	-1.0000
0.0037	0.2664	0.0000
0.0037	0.2541	-1.0000
0.0038	0.2419	-1.0000
0.0038	0.2297	0.0000
0.0039	0.2174	-1.0000
0.0040	0.2052	0.0000
0.0040	0.1930	-2.0000
0.0041	0.1808	-1.0000
0.0041	0.1685	-1.0000
0.0042	0.1563	0.0000
0.0043	0.1441	0.0000
0.0043	0.1319	-1.0000
0.0044	0.1196	-1.0000
0.0045	0.1074	-1.0000
0.0045	0.0952	0.0000
0.0046	0.0829	0.0000
0.0046	0.0707	0.0000
0.0047	0.0585	-1.0000
0.0048	0.0463	0.0000
0.0048	0.0340	0.0000
0.0049	0.0218	-1.0000
0.0049	0.0096	0.0000
0.0050	-0.0026	0.0000
0.0051	-0.0149	0.0000
0.0051	-0.0271	0.0000
0.0052	-0.0393	0.0000
0.0053	-0.0516	0.0000
0.0053	-0.0638	-1.0000
0.0054	-0.0760	0.0000
0.0054	-0.0882	0.0000
0.0055	-0.1005	0.0000
0.0055	-0.1127	0.0000
0.0056	-0.1249	0.0000
0.0057	-0.1371	0.0000
0.0057	-0.1494	0.0000
0.0058	-0.1616	0.0000
0.0059	-0.1738	0.0000
0.0059	-0.1861	0.0000
0.0060	-0.1983	0.0000
0.0060	-0.2105	0.0000
0.0061	-0.2227	0.0000
0.1692	-0.5901	-1.0000
0.1762	-0.6565	-2.0000
-0.0656	-0.6580	-2.0000
-0.2108	-0.7169	-1.0000
0.1754	-0.5498	-3.0000
0.0468	-0.5342	-3.0000
-0.0514	-0.6501	-3.0000
0.0524	-0.8308	-1.0000
-0.0552	-0.4216	-2.0000
0.0092	-0.8277	0.0000
0.2340	-0.5516	-1.0000
-0.0233	-0.5515	0.0000
0.4235	-0.5343	0.0000
-0.1187	-0.7625	-2.0000
0.0068	-0.5312	-3.0000
0.0233	-0.4499	-3.0000
-0.0251	-0.4045	-1.0000
0.0673	-0.6194	0.0000
0.1674	-0.5207	-3.0000
0.0091	-0.4373	0.0000
0.1754	-0.5316	-2.0000
0.0271	-0.6562	-3.0000
0.0721	-0.6009	-2.0000
-0.0059	-0.7737	-2.0000
0.1462	-0.6839	-3.0000
-0.0596	-0.6621	-1.0000
-0.0882	-0.6940	-2.0000
-0.0019	-0.6201	0.0000
-0.0918	-0.3990	-1.0000
-0.0567	-0.8585	-1.0000
-0.1499	-0.5165	-3.0000
0.1257	-0.7622	-2.0000
-0.2190	-0.6476	-2.0000
-0.1432	-0.5023	-3.0000
0.0358	-0.7212	-3.0000
0.1197	-0.4785	-2.0000
0.0221	-0.5404	0.0000
-0.1499	-0.4037	-1.0000
-0.0426	-0.6111	-1.0000
-0.0273	-0.5213	-3.0000
-0.0991	-0.4849	-2.0000
0.0472	-0.6762	-1.0000
-0.2507	-0.5365	-2.0000
-0.0654	-0.4374	-2.0000
-0.0758	-0.6186	0.0000
-0.3119	-0.5074	0.0000
-0.1951	-0.7742	-1.0000
0.2874	-0.5428	0.0000
-0.1417	-0.5312	-2.0000
0.2729	-0.3903	0.0000
0.0449	-0.7463	-3.0000
0.0703	-0.4707	-1.0000
-0.0653	-0.9052	0.0000
0.0232	-0.3798	-2.0000
-0.3391	-0.5373	-1.0000
0.1440	-0.5737	-3.0000
0.2613	-0.6748	-2.0000
0.0288	-0.7318	-3.0000
0.1489	-0.7657	-1.0000
-0.0808	-0.5269	-2.0000
-0.1982	-0.4556	-2.0000
0.0810	-0.3352	0.0000
-0.1309	-0.6423	-1.0000
0.1610	-0.5387	-3.0000
0.1422	-0.4792	-2.0000
0.4043	-0.4795	0.0000
-0.1667	-0.6965	-2.0000
0.2989	-0.6017	-1.0000
0.0337	-0.4003	-1.0000
-0.0092	-0.7996	-2.0000
0.2476	-0.5495	-2.0000
-0.0217	-0.6956	-2.0000
0.3304	-0.5163	-1.0000
0.1092	-0.4401	-2.0000
-0.0614	-0.6367	-3.0000
0.3118	-0.5282	-2.0000
-0.0330	-0.7800	-2.0000
0.0870	-0.6158	0.0000
0.0155	-0.7202	-2.0000
0.1621	-0.6353	-1.0000
0.0273	-0.4280	-3.0000
0.1164	-0.6189	-1.0000
-0.1621	-0.4870	-2.0000
0.1168	-0.5519	-1.0000
-0.2705	-0.5667	-2.0000
-0.0241	-0.5694	0.0000
0.1244	-0.4530	-3.0000
-0.0885	-0.6192	-1.0000
-0.0246	-0.4841	0.0000
-0.0996	-0.6379	-3.0000
-0.1281	-0.5909	-3.0000
-0.2199	-0.5975	0.0000
-0.0216	-0.6371	-2.0000
0.3637	-0.4913	-1.0000
0.0649	-0.6075	-2.0000
0.2243	-0.6630	-2.0000
0.0888	-0.4641	0.0000
0.0632	-0.8160	-2.0000
0.0936	-0.6331	-3.0000
0.0735	-0.3999	0.0000
0.2905	-0.7405	0.0000
0.1226	-0.6423	-3.0000
-0.0890	-0.5823	-1.0000
-0.0835	-0.8537	-1.0000
-0.1415	-0.5080	-2.0000
-0.0630	-0.4654	-1.0000
0.0562	-0.5338	-3.0000
0.1828	-0.5503	-3.0000
-0.0489	-0.7746	-1.0000
0.2814	-0.6889	-1.0000
-0.0026	-0.6526	-2.0000
0.0260	-0.5674	-2.0000
-0.3620	-0.5413	-1.0000
0.2738	-0.5669	0.0000
0.2862	-0.5579	-1.0000
-0.1608	-0.5394	-2.0000
-0.2811	-0.4982	0.0000
-0.1939	-0.6260	-1.0000
-0.0859	-0.4448	0.0000
0.0372	-0.5049	-2.0000
-0.1525	-0.7840	0.0000
-0.0463	-0.3943	-2.0000
-0.0875	-0.4739	-2.0000
-0.0267	-0.5476	0.0000
-0.0474	-0.5018	0.0000
-0.0794	-0.5080	-2.0000
-0.0699	-0.5068	0.0000
-0.1848	-0.6239	-2.0000
0.2716	-0.5141	-1.0000
-0.2276	-0.6929	-2.0000
0.0092	-0.4453	-1.0000
-0.1456	-0.5966	-2.0000
-0.1785	-0.5713	-2.0000
-0.0858	-0.5740	-3.0000
0.0070	-0.7571	-2.0000
-0.1085	-0.4751	-2.0000
-0.0709	-0.3451	-1.0000
0.3276	-0.4806	0.0000
0.2242	-0.5040	-2.0000
0.1295	-0.7821	-2.0000
0.0141	-0.4640	0.0000
-0.1719	-0.5069	-2.0000
0.1236	-0.5276	-3.0000
-0.2052	-0.5478	-2.0000
0.0465	-0.5267	-2.0000
-0.1534	-0.7785	0.0000
0.1345	-0.6431	-2.0000
-0.1072	-0.5988	-2.0000
0.1612	-0.8196	-1.0000
0.2105	-0.5977	-1.0000
-0.0101	-0.7001	-3.0000
0.0017	-0.6695	-3.0000
0.1071	-0.7552	0.0000
0.0086	-0.4469	-2.0000
-0.0116	-0.7132	-2.0000
-0.0986	-0.6958	-3.0000
0.0173	-0.4114	0.0000
-0.1557	-0.7152	-2.0000
-0.2249	-0.6972	-2.0000
-0.0876	-0.5007	-1.0000
0.1789	-0.5180	-2.0000
0.1252	-0.6329	-3.0000
-0.2506	-0.4546	0.0000
0.0037	-0.4732	0.0000
-0.0804	-0.8436	-2.0000
-0.0169	-0.3608	-1.0000
0.0964	-0.6305	-3.0000
0.3351	-0.5063	-1.0000
0.0123	-0.9102	0.0000
-0.1016	-0.5889	-2.0000
0.1713	-0.5631	-2.0000
0.1568	-0.4286	-2.0000
-0.1162	-0.5612	-2.0000
0.2305	-0.6278	-3.0000
-0.0029	-0.8893	-1.0000
0.0514	-0.5215	-2.0000
-0.1096	-0.6922	-2.0000
0.0926	-0.7626	-2.0000
-0.1496	-0.4024	-1.0000
-0.3559	-0.6574	0.0000
-0.2514	-0.6040	-1.0000
0.0368	-0.5419	-3.0000
0.0346	-0.5047	-3.0000
-0.0908	-0.7324	-1.0000
-0.2852	-0.7374	0.0000
0.1355	-0.4381	-2.0000
-0.0444	-0.4724	-1.0000
-0.1160	-0.8648	-1.0000
0.3921	-0.6433	0.0000
-0.0777	-0.4425	-1.0000
-0.1751	-0.6985	-3.0000
-0.0144	-0.8831	-1.0000
0.0059	-0.8065	-3.0000
0.2221	-0.5217	-2.0000
0.0408	-0.4438	-3.0000
0.1110	-0.7520	-1.0000
-0.3182	-0.4742	-1.0000
0.1165	-0.6070	-3.0000
0.1143	-0.3553	0.0000
-0.0222	-0.3702	-1.0000
0.0401	-0.5307	-1.0000
0.0487	-0.8444	-1.0000
0.1837	-0.4778	-3.0000
0.3267	-0.4272	0.0000
-0.1948	-0.5665	-2.0000
0.0793	-0.9760	0.0000
0.0461	-0.4729	-3.0000
0.0067	-0.5776	-3.0000
-0.0196	-0.3412	0.0000
-0.0151	-0.6183	-2.0000
-0.0046	-0.9404	0.0000
-0.0903	-0.5189	-2.0000
-0.0302	-0.5223	-2.0000
0.0654	-0.5965	-2.0000
0.0947	-0.4849	-1.0000
0.2144	-0.4651	-3.0000
0.0223	-0.4416	-3.0000
-0.0034	-0.5542	-2.0000
0.2041	-0.6285	-1.0000
0.1289	-0.6374	-2.0000
0.3484	-0.5064	0.0000
0.2876	-0.7229	0.0000
-0.3005	-0.6646	0.0000
-0.3105	-0.6322	0.0000
-0.3811	-0.5202	0.0000
0.0675	-0.6043	-3.0000
-0.1187	-0.7799	0.0000
0.0444	-0.3992	-2.0000
0.0914	-0.7337	-2.0000
0.0964	-0.5599	-3.0000
-0.1653	-0.7302	-2.0000
0.1324	-0.4909	-3.0000
0.2082	-0.5111	-3.0000
0.0452	-0.7387	-3.0000
0.0546	-0.3928	0.0000
0.2888	-0.5362	-2.0000
0.0467	-0.4707	-1.0000
0.1820	-0.4635	-3.0000
-0.0859	-0.3979	-1.0000
-0.1070	-0.8024	0.0000
-0.4229	-0.5585	0.0000
-0.0687	-0.6674	-3.0000
-0.1163	-0.6372	-3.0000
0.2170	-0.6710	-1.0000
0.0484	-0.3520	-2.0000
0.3345	-0.4941	0.0000
0.2576	-0.6338	-2.0000
0.2690	-0.4386	-1.0000
0.0281	-0.8971	-1.0000
-0.1393	-0.5695	-3.0000
-0.0284	-0.5185	-1.0000
-0.1002	-0.5522	0.0000
0.0193	-0.6698	-2.0000
-0.1451	-0.5971	-1.0000
0.2546	-0.6592	-2.0000
-0.1282	-0.6341	-3.0000
-0.1505	-0.5442	-2.0000
0.2449	-0.4553	-2.0000
-0.0037	-0.7241	-3.0000
-0.0985	-0.5063	-3.0000
0.1412	-0.4620	-3.0000
-0.0950	-0.7959	-1.0000
-0.0093	-0.6686	-2.0000
-0.1425	-0.7259	-3.0000
0.3899	-0.5437	-1.0000
-0.2559	-0.5736	-1.0000
-0.2712	-0.5894	0.0000
0.1012	-0.5499	-3.0000
0.0841	-0.6655	-3.0000
-0.0354	-0.4346	-3.0000
-0.0247	-0.7728	-3.0000
-0.1573	-0.7089	-2.0000
0.0226	-0.6438	-3.0000
-0.1676	-0.4688	-2.0000
-0.2541	-0.5603	-2.0000
-0.0992	-0.6213	-3.0000
0.0595	-0.8544	-1.0000
0.1233	-0.5311	-3.0000
0.1138	-0.5284	-3.0000
0.1751	-0.4977	-3.0000
-0.0698	-0.5119	-1.0000
0.1332	-0.4688	-1.0000
0.1375	-0.3637	0.0000
0.0324	-0.4173	-2.0000
0.1006	-0.6671	-1.0000
-0.1894	-0.8287	0.0000
0.2187	-0.4129	-1.0000
0.1928	-0.5994	-1.0000
0.4055	-0.5260	0.0000
0.0783	-0.6308	-3.0000
0.2343	-0.7445	-1.0000
-0.2365	-0.7512	-1.0000
-0.1589	-0.5335	-2.0000
-0.2051	-0.5446	-3.0000
-0.0521	-0.4417	-3.0000
0.0387	-0.8214	-2.0000
0.2163	-0.5333	-3.0000
-0.0579	-0.7495	-1.0000
0.2639	-0.5511	-3.0000
0.0602	-0.4923	-3.0000
0.2240	-0.5468	-1.0000
0.1030	-0.5729	-3.0000
-0.3911	-0.5363	0.0000
-0.0209	-0.9902	0.0000
-0.0254	-0.4867	-3.0000
-0.1999	-0.4848	-1.0000
0.1360	-0.5813	-1.0000
0.2313	-0.3804	-1.0000
0.1650	-0.4017	-1.0000
-0.0088	-0.4409	-3.0000
-0.1360	-0.5874	-2.0000
0.1243	-0.4448	-1.0000
0.1946	-0.6399	-1.0000
0.1959	-0.4950	-1.0000
-0.0070	-0.5526	-3.0000
0.0306	-0.4557	-3.0000
-0.1705	-0.4826	-3.0000
0.0164	-0.6521	-3.0000
0.1146	-0.5763	-3.0000
0.1866	-0.4619	-2.0000
-0.1561	-0.6504	-3.0000
0.0507	-0.6021	-2.0000
-0.1653	-0.6561	-2.0000
0.3155	-0.5097	0.0000
0.1451	-0.5086	-1.0000
0.1439	-0.4904	-3.0000
0.0441	-0.5021	-3.0000
0.1588	-0.7920	-1.0000
-0.0563	-0.5870	-3.0000
0.0688	-0.7747	-3.0000
0.0073	-0.2712	0.0000
0.1924	-0.4931	-1.0000
-0.1592	-0.5467	-2.0000
0.1356	-0.7388	-3.0000
0.2129	-0.3884	-1.0000
-0.1514	-0.4671	-2.0000
0.1610	-0.5165	-3.0000
-0.0861	-0.4933	-3.0000
-0.1850	-0.5762	-3.0000
-0.0704	-0.4474	-3.0000
0.0544	-0.5608	-3.0000
-0.2420	-0.6216	-2.0000
0.0001	-0.5388	-3.0000
-0.0745	-0.5624	-3.0000
0.0834	-0.3497	-1.0000
0.0683	-0.5038	-1.0000
0.0050	-0.5127	-3.0000
0.0509	-0.6289	-3.0000
-0.0563	-0.4266	-1.0000
0.0617	-0.6809	-3.0000
0.0660	-0.7407	-3.0000
0.2710	-0.6153	-1.0000
-0.0284	-0.3387	-1.0000
-0.0418	-0.4881	-3.0000
0.1529	-0.5565	-3.0000
-0.1714	-0.6224	-1.0000
0.0909	-0.6060	-1.0000
0.0420	-0.9692	0.0000
-0.1400	-0.6718	-3.0000
-0.0488	-0.5695	-3.0000
0.2362	-0.3733	-1.0000
-0.0410	-0.5461	-3.0000
-0.0391	-0.9655	0.0000
0.0454	-0.9621	0.0000
0.1186	-0.4494	-2.0000
0.1454	-0.5944	0.0000
-0.0614	-0.5163	-3.0000
0.0369	-0.3801	0.0000
0.2292	-0.6946	-2.0000
0.1085	-0.5628	-3.0000
0.0236	-0.7979	-2.0000
0.0369	-0.5122	0.0000
-0.1925	-0.5300	-3.0000
0.2872	-0.4647	-2.0000
0.4525	-0.5526	0.0000
0.2217	-0.5053	-3.0000
-0.0434	-0.7538	-3.0000
-0.0118	-0.4060	-3.0000
-0.0783	-0.5093	-2.0000
0.0368	-0.6326	-3.0000
-0.0106	-0.6897	-3.0000
-0.1911	-0.5924	-3.0000
-0.1536	-0.3713	-1.0000
-0.0026	-0.5380	-1.0000
-0.1457	-0.5075	-3.0000
-0.1015	-0.5579	-3.0000
0.3591	-0.4615	0.0000
-0.1912	-0.4981	-1.0000
0.1178	-0.3745	0.0000
0.1090	-0.6562	-2.0000
-0.0345	-0.3800	-1.0000
-0.1595	-0.5717	-2.0000
0.0147	-0.3997	0.0000
0.1797	-0.4487	-2.0000
-0.1074	-0.4150	-2.0000
0.0476	-0.4946	-3.0000
0.2425	-0.6128	-3.0000
0.0960	-0.6746	-3.0000
0.0136	-0.4856	-3.0000
-0.0759	-0.4695	-1.0000
0.1676	-0.7208	-3.0000
-0.2695	-0.6776	-1.0000
0.0665	-0.6364	-3.0000
-0.0445	-0.6769	-1.0000
-0.0461	-0.6532	-3.0000
0.0735	-0.8275	-1.0000
-0.1258	-0.4384	-1.0000
0.0173	-0.2414	0.0000
-0.0578	-0.7054	0.0000
-0.0239	-0.5373	0.0000
0.0223	-0.7257	-3.0000
-0.0341	-0.4829	-2.0000
-0.1842	-0.5372	-1.0000
-0.1714	-0.6397	-1.0000
0.1077	-0.5676	-1.0000
0.2475	-0.6508	0.0000
-0.0855	-0.5629	-2.0000
-0.0503	-0.6555	0.0000
-0.2815	-0.5387	0.0000
0.1880	-0.6524	-1.0000
0.1449	-0.3977	0.0000
-0.1382	-0.3596	0.0000
-0.1684	-0.5154	-2.0000
0.1356	-0.5082	-2.0000
-0.1974	-0.4253	0.0000
-0.2887	-0.6666	0.0000
0.3480	-0.5203	0.0000
-0.1038	-0.4873	-1.0000
-0.3362	-0.6712	0.0000
0.1235	-0.6628	-3.0000
-0.0222	-0.7448	-3.0000
0.1457	-0.6656	-1.0000
0.1132	-0.6996	-2.0000
-0.0529	-0.8525	0.0000
-0.1520	-0.3949	-1.0000
0.0405	-0.7086	-2.0000
0.4436	-0.5173	0.0000
0.0149	-0.8537	-1.0000
-0.0055	-0.7776	-1.0000
-0.0278	-0.5900	-2.0000
0.1319	-0.7548	0.0000
-0.0182	-0.3314	0.0000
0.0596	-0.6862	-3.0000
0.3163	-0.5827	-1.0000
0.0016	-0.5326	-3.0000
-0.3172	-0.5974	-1.0000
0.0851	-0.5229	-3.0000
-0.0371	-0.3230	0.0000
-0.1825	-0.5587	-3.0000
0.1690	-0.5152	-3.0000
0.0041	-0.5507	0.0000
-0.0701	-0.7144	-2.0000
-0.1133	-0.7679	-1.0000
0.1206	-0.7249	-3.0000
0.0665	-0.4700	0.0000
0.0365	-0.7757	0.0000
0.0139	-0.4796	0.0000
0.2601	-0.4913	-1.0000
-0.0014	-0.5065	-2.0000
-0.1522	-0.7848	0.0000
-0.1927	-0.6027	-3.0000
-0.1076	-0.8317	-1.0000
0.1027	-0.5253	-2.0000
0.0233	-0.7368	-1.0000
-0.0467	-0.5698	-3.0000
-0.0417	-0.4106	-1.0000
-0.0842	-0.6223	0.0000
0.0678	-0.7782	-3.0000
0.0218	-0.3490	-1.0000
0.3914	-0.5207	0.0000
0.2579	-0.5415	-1.0000
0.0418	-0.8309	0.0000
-0.0495	-0.7787	-3.0000
-0.2518	-0.6247	-1.0000
0.0238	-0.7585	-1.0000
-0.0600	-0.7360	0.0000
-0.1592	-0.5106	-2.0000
-0.1176	-0.3738	0.0000
0.0310	-0.7257	0.0000
-0.2298	-0.6905	-1.0000
-0.1337	-0.5028	-2.0000
0.0574	-0.3313	-1.0000
0.0575	-0.9482	0.0000
0.4086	-0.5354	0.0000
0.1358	-0.6205	0.0000
-0.2267	-0.5043	0.0000
-0.0163	-0.5681	-3.0000
0.1829	-0.5626	-3.0000
0.0510	-0.5645	-3.0000
0.0861	-0.3706	-2.0000
0.2147	-0.6858	-2.0000
-0.2015	-0.6504	-2.0000
0.0283	-0.3762	-1.0000
0.1829	-0.6712	0.0000
-0.1930	-0.4825	-1.0000
-0.0845	-0.8385	-1.0000
0.0832	-0.7136	-2.0000
0.1146	-0.5061	-3.0000
-0.0204	-0.4340	0.0000
0.1401	-0.8398	0.0000
0.1373	-0.4194	-2.0000
-0.0101	-0.7777	-2.0000
0.2593	-0.5418	-1.0000
-0.0906	-0.6605	-1.0000
-0.0156	-0.6478	-3.0000
0.0182	-0.8080	0.0000
0.0551	-0.6250	-3.0000
-0.2228	-0.4188	0.0000
-0.3113	-0.4457	0.0000
0.0724	-0.6775	-1.0000
0.2165	-0.5559	-2.0000
0.0665	-0.3393	0.0000
0.0552	-0.6669	-2.0000
0.0999	-0.6537	-2.0000
0.0343	-0.5419	-3.0000
-0.0518	-0.5461	0.0000
0.0828	-0.7366	-2.0000
-0.0861	-0.4446	-1.0000
-0.4214	-0.5480	0.0000
0.3293	-0.4945	0.0000
-0.3773	-0.6261	0.0000
0.1039	-0.7345	-1.0000
-0.0823	-0.7356	-2.0000
-0.0735	-0.8771	0.0000
0.0061	-0.6486	0.0000
0.2259	-0.4902	-3.0000
-0.1925	-0.4324	-1.0000
-0.2061	-0.7000	-2.0000
0.0592	-0.4408	-2.0000
0.1274	-0.5830	-3.0000
-0.2971	-0.4515	0.0000
0.2371	-0.5953	-3.0000
0.0972	-0.6933	-2.0000
-0.2143	-0.5762	-2.0000
-0.2128	-0.7328	0.0000
0.0556	-0.4540	-2.0000
0.0887	-0.8528	0.0000
-0.1008	-0.3860	0.0000
0.2260	-0.4650	-2.0000
0.2479	-0.5732	0.0000
-0.3416	-0.5305	0.0000
-0.2055	-0.4708	0.0000
0.2645	-0.5692	-2.0000
0.2510	-0.5498	-2.0000
0.3601	-0.6035	0.0000
-0.1542	-0.4467	-2.0000
0.3091	-0.6969	0.0000
-0.3027	-0.4981	-1.0000
0.2291	-0.7218	-1.0000
-0.0801	-0.7137	-3.0000
0.0743	-0.5022	-3.0000
0.1576	-0.6709	-2.0000
-0.0826	-0.5641	-2.0000
-0.3457	-0.5427	0.0000
-0.1107	-0.5225	-2.0000
-0.0406	-0.2886	0.0000
-0.0476	-0.8637	-1.0000
0.0856	-0.7171	-1.0000
-0.1775	-0.3502	0.0000
-0.0941	-0.5443	-3.0000
0.3278	-0.4797	-1.0000
0.0241	-0.6345	-3.0000
0.0482	-0.4338	0.0000
0.1485	-0.6392	-3.0000
0.2098	-0.4027	-2.0000
-0.1520	-0.8264	-1.0000
-0.1372	-0.7353	-3.0000
0.0186	-0.3946	-2.0000
-0.0641	-0.6208	-3.0000
0.0614	-0.6651	-3.0000
-0.0686	-0.5180	-1.0000
-0.2516	-0.5386	0.0000
-0.0980	-0.4460	-2.0000
0.0050	-0.6057	-2.0000
0.0267	-0.6519	-3.0000
-0.0761	-0.8051	-2.0000
-0.4655	-0.5646	0.0000
-0.2024	-0.4145	-1.0000
0.1528	-0.7255	-2.0000
0.0261	-0.8747	-1.0000
0.0514	-0.8751	-1.0000
-0.0455	-0.5969	-3.0000
-0.1518	-0.5673	-1.0000
0.4673	-0.5270	0.0000
-0.0708	-0.7291	-3.0000
0.2041	-0.6030	-2.0000
-0.0556	-0.5350	-2.0000
0.0242	-0.6777	-1.0000
0.3787	-0.5539	0.0000
0.1323	-0.6475	-2.0000
-0.0716	-0.4905	-3.0000
-0.1014	-0.5736	-3.0000
0.0590	-0.8273	-2.0000
0.1155	-0.7092	-2.0000
0.0082	-0.5210	-2.0000
-0.1398	-0.6456	-3.0000
0.2922	-0.6242	-2.0000
0.0504	-0.5363	-3.0000
-0.4465	-0.5153	0.0000
-0.1206	-0.5050	-3.0000
0.1423	-0.5678	0.0000
-0.0736	-0.4181	-2.0000
-0.0615	-0.3880	-2.0000
0.1707	-0.4833	-2.0000
-0.1647	-0.4515	0.0000
0.2798	-0.6395	-1.0000
-0.1303	-0.4458	-1.0000
0.0831	-0.3004	0.0000
0.3829	-0.5581	-1.0000
0.2470	-0.6951	-1.0000
-0.0339	-0.4565	-2.0000
0.3741	-0.5402	0.0000
-0.2163	-0.6123	0.0000
-0.0379	-0.4068	-2.0000
0.0688	-0.6039	-3.0000
0.0940	-0.7739	-2.0000
-0.1470	-0.5573	-3.0000
-0.0220	-0.5326	-3.0000
0.1568	-0.7705	-1.0000
-0.0367	-0.7636	-2.0000
0.0862	-0.4758	-2.0000
0.1385	-0.6290	-2.0000
-0.2036	-0.5366	-2.0000
0.0853	-0.5552	-3.0000
0.2308	-0.5891	-3.0000
0.0203	-0.8192	-2.0000
0.1731	-0.4652	-1.0000
0.3354	-0.5261	-1.0000
0.0039	-0.7406	-3.0000
0.3213	-0.5770	-1.0000
0.0080	-0.5745	-3.0000
-0.0182	-0.3091	0.0000
0.2519	-0.6567	0.0000
0.2240	-0.5063	-1.0000
-0.2052	-0.7299	-2.0000
-0.2853	-0.6594	0.0000
0.2379	-0.6016	0.0000
0.0062	-0.5089	-3.0000
0.2549	-0.5129	-2.0000
-0.0805	-0.6194	-2.0000
0.1195	-0.4486	-1.0000
-0.0041	-0.7570	-1.0000
0.0378	-0.5247	0.0000
-0.0753	-0.5940	-3.0000
0.0235	-0.5862	-3.0000
-0.3380	-0.4989	-1.0000
0.0857	-0.5256	-2.0000
0.1734	-0.5404	-3.0000
0.0068	-0.9883	0.0000
0.0907	-0.7985	-1.0000
-0.0292	-0.9088	-1.0000
0.0938	-0.5572	-3.0000
-0.1102	-0.8431	-1.0000
-0.1580	-0.5898	-1.0000
0.2721	-0.4896	-2.0000
0.1931	-0.5813	0.0000
-0.1315	-0.4674	-2.0000
0.1185	-0.5360	-3.0000
-0.2914	-0.5727	0.0000
0.1413	-0.4623	-2.0000
0.0808	-0.4686	-2.0000
0.1538	-0.4060	0.0000
-0.2111	-0.6925	-2.0000
0.0746	-0.8535	-1.0000
-0.0661	-0.6641	-2.0000
0.0581	-0.5800	-1.0000
-0.1938	-0.6596	-2.0000
-0.1059	-0.6630	-2.0000
-0.1465	-0.8683	0.0000
0.0557	-0.5307	-2.0000
-0.2977	-0.5514	-1.0000
-0.0915	-0.6329	-3.0000
0.2277	-0.6131	-2.0000
0.0998	-0.7256	-1.0000
-0.0369	-0.4738	-3.0000
0.2497	-0.5813	-2.0000
0.0105	-0.3017	-1.0000
0.1987	-0.6069	-2.0000
-0.0482	-0.7208	-3.0000
-0.0778	-0.3049	0.0000
0.0138	-0.5670	-2.0000
-0.0023	-0.6077	-2.0000
0.0593	-0.2902	0.0000
-0.0414	-0.4538	-2.0000
0.2182	-0.7911	0.0000
-0.1251	-0.5886	-2.0000
0.2303	-0.6222	-2.0000
-0.1503	-0.5787	-3.0000
-0.1828	-0.4911	-3.0000
0.0641	-0.6402	-3.0000
0.2857	-0.6840	0.0000
0.0639	-0.4825	-3.0000
0.0061	-0.6215	-3.0000
0.2598	-0.5321	-1.0000
-0.2555	-0.6108	-2.0000
-0.0639	-0.6523	-1.0000
0.1221	-0.7243	-2.0000
-0.0177	-0.4086	-2.0000
-0.2176	-0.4542	-2.0000
0.2098	-0.7675	0.0000
0.0727	-0.5459	-3.0000
-0.0373	-0.6108	-3.0000
0.0070	-0.9515	0.0000
0.0795	-0.5784	-3.0000
-0.1252	-0.7201	-3.0000
0.1402	-0.3429	0.0000
0.0366	-0.8782	-1.0000
0.2452	-0.4743	-2.0000
0.1686	-0.5919	-2.0000
0.0483	-0.4839	-2.0000
-0.2314	-0.6471	-1.0000
0.0476	-0.4958	-3.0000
0.1454	-0.4858	-3.0000
-0.0011	-0.8409	-1.0000
0.1700	-0.6591	-3.0000
0.1367	-0.6932	-2.0000
-0.0417	-0.7202	-3.0000
-0.1099	-0.5953	0.0000
0.0193	-0.5316	-1.0000
-0.1295	-0.4612	-1.0000
0.0050	-0.4210	-2.0000
-0.0979	-0.7488	-1.0000
0.2944	-0.4504	0.0000
-0.1496	-0.6776	0.0000
-0.0171	-0.4997	-3.0000
0.0731	-0.5757	-3.0000
-0.0141	-0.4474	-3.0000
0.1666	-0.8071	-2.0000
0.1528	-0.4575	-2.0000
0.0717	-0.5473	-3.0000
-0.0471	-0.5996	-3.0000
-0.0491	-0.8192	-1.0000
0.0757	-0.4381	-3.0000
-0.0051	-0.5690	-3.0000
-0.2331	-0.4678	-2.0000
-0.2238	-0.5494	-2.0000
-0.1026	-0.5291	-3.0000
0.1727	-0.5636	-3.0000
-0.2991	-0.4793	-1.0000
-0.0704	-0.6043	-3.0000
-0.0061	-0.3768	-2.0000
-0.0885	-0.6160	-1.0000
0.3379	-0.5275	-1.0000
-0.1525	-0.7096	-2.0000
0.0888	-0.6892	-2.0000
-0.2302	-0.5905	-2.0000
-0.0244	-0.5775	-3.0000
0.1284	-0.4558	0.0000
-0.0120	-0.4684	-3.0000
0.1873	-0.7665	0.0000
0.1502	-0.7632	-2.0000
0.0861	-0.7449	-1.0000
0.1588	-0.7385	-3.0000
0.1916	-0.4537	-1.0000
0.1184	-0.8179	-1.0000
0.2996	-0.4737	0.0000
0.2286	-0.4781	-1.0000
-0.4313	-0.5329	0.0000
-0.0989	-0.7486	-3.0000
0.2188	-0.4175	0.0000
-0.0420	-0.4831	-2.0000
-0.1827	-0.6192	-3.0000
-0.0079	-0.6628	-3.0000
-0.1546	-0.3924	0.0000
-0.0441	-0.7520	-1.0000
0.2087	-0.7038	-1.0000
-0.3440	-0.5533	0.0000
-0.1331	-0.5326	-1.0000
-0.0227	-0.7771	-3.0000
0.1250	-0.5066	0.0000
0.1663	-0.7278	-2.0000
-0.1068	-0.6741	-3.0000
0.1009	-0.7259	-2.0000
0.1293	-0.5685	-3.0000
0.1815	-0.4726	-3.0000
-0.1973	-0.4524	-1.0000
0.0802	-0.6912	-2.0000
-0.0040	-0.7103	-2.0000
0.3324	-0.5919	0.0000
-0.3681	-0.5661	-1.0000
0.1835	-0.4940	-3.0000
0.0198	-0.7165	-3.0000
-0.0541	-0.5803	-3.0000
-0.0435	-0.5227	-3.0000
0.2785	-0.4130	-1.0000
-0.3928	-0.5061	0.0000
0.3017	-0.4388	0.0000
0.0446	-0.7769	-2.0000
-0.1076	-0.4358	-3.0000
0.1189	-0.6792	-3.0000
0.2445	-0.5150	-2.0000
-0.0765	-0.5517	-2.0000
0.2917	-0.5858	-1.0000
-0.2351	-0.7089	-1.0000
0.1862	-0.6545	-3.0000
0.2900	-0.5021	-2.0000
-0.0734	-0.4737	-3.0000
0.1797	-0.6389	0.0000
-0.1481	-0.5338	-1.0000
0.1203	-0.7249	-3.0000
0.1734	-0.4250	-1.0000
-0.1786	-0.5154	-3.0000
0.1375	-0.4332	-2.0000
0.0532	-0.4927	-2.0000
0.0605	-0.4991	-3.0000
0.0958	-0.6367	-3.0000
0.0987	-0.6555	-3.0000
0.2868	-0.6406	0.0000
0.0042	-0.5281	-2.0000
0.3003	-0.4888	-1.0000
0.0437	-0.2946	0.0000
0.0076	-0.8028	-2.0000
-0.1105	-0.8190	0.0000
0.1494	-0.5199	-3.0000
-0.0912	-0.5061	-3.0000
-0.2387	-0.5182	-2.0000
0.2819	-0.5400	-2.0000
0.2215	-0.5367	0.0000
0.0751	-0.5997	-3.0000
-0.0484	-0.5055	-2.0000
-0.1839	-0.5943	-3.0000
-0.2997	-0.6375	0.0000
-0.0503	-0.3138	-1.0000
-0.1262	-0.5387	-3.0000
-0.1716	-0.5196	0.0000
0.0579	-0.5601	-3.0000
0.0418	-0.6810	-1.0000
-0.0980	-0.4435	-2.0000
0.3241	-0.7059	0.0000
0.1764	-0.5061	-2.0000
-0.2158	-0.6048	-1.0000
0.1397	-0.7084	-3.0000
-0.0780	-0.4801	-3.0000
0.2554	-0.5570	-2.0000
0.2924	-0.6841	0.0000
0.0689	-0.9480	0.0000
0.0115	-0.6714	0.0000
0.0521	-0.4428	0.0000
0.0840	-0.6025	-3.0000
-0.1394	-0.5454	-3.0000
-0.0250	-0.8961	-1.0000
0.0284	-0.6250	-3.0000
0.0644	-0.3846	-1.0000
0.3769	-0.4797	-1.0000
0.1823	-0.5692	-2.0000
-0.1463	-0.5653	-3.0000
-0.1699	-0.6022	-3.0000
-0.0904	-0.5675	-3.0000
0.0715	-0.4800	-3.0000
0.0163	-0.4306	0.0000
-0.1250	-0.6827	-1.0000
0.1017	-0.7186	-1.0000
-0.0395	-0.3779	-2.0000
0.1060	-0.4611	-1.0000
-0.1210	-0.5579	-2.0000
0.2307	-0.5536	-2.0000
0.0065	-0.7733	-3.0000
0.0570	-0.4462	-3.0000
-0.2895	-0.5070	0.0000
0.0798	-0.6779	-3.0000
-0.1024	-0.6389	-3.0000
-0.0435	-0.3469	-1.0000
0.1176	-0.5925	-3.0000
0.3381	-0.5492	-1.0000
-0.1069	-0.8347	-2.0000
0.0308	-0.7127	-3.0000
-0.0051	-0.8282	-1.0000
0.0453	-0.7266	-3.0000
0.1973	-0.8248	0.0000
0.0918	-0.7565	-3.0000
-0.1773	-0.7605	-2.0000
0.2835	-0.5912	-1.0000
0.1085	-0.6957	-2.0000
0.2561	-0.6036	0.0000
0.1339	-0.5035	-3.0000
0.0221	-0.3706	0.0000
-0.0340	-0.7532	-2.0000
0.0280	-0.4980	-1.0000
0.1152	-0.6100	-3.0000
0.2522	-0.6387	-2.0000
0.0091	-0.6104	-2.0000
-0.1985	-0.6922	-1.0000
0.1956	-0.6638	-1.0000
-0.0809	-0.4624	0.0000
0.1171	-0.5458	-3.0000
0.1360	-0.8919	0.0000
-0.1925	-0.7410	0.0000
-0.1046	-0.6264	0.0000
0.1391	-0.6481	-3.0000
-0.1256	-0.5084	-2.0000
0.2548	-0.6905	-1.0000
0.0299	-0.8308	0.0000
0.3308	-0.5762	-2.0000
-0.2467	-0.7311	-1.0000
-0.0084	-0.8974	0.0000
0.1192	-0.7263	0.0000
-0.1644	-0.5222	-3.0000
0.1158	-0.5333	-3.0000
0.1810	-0.4836	-3.0000
-0.1041	-0.8188	-1.0000
0.3153	-0.6599	0.0000
-0.0445	-0.3979	-1.0000
0.0505	-0.9177	0.0000
0.0153	-0.4388	-2.0000
0.1132	-0.6345	-3.0000
-0.3864	-0.5178	-1.0000
0.2674	-0.6313	-2.0000
-0.1802	-0.6540	-2.0000
0.1089	-0.2858	0.0000
0.0736	-0.7562	-2.0000
0.2999	-0.5948	-2.0000
0.0147	-0.7310	-1.0000
0.0712	-0.6525	-3.0000
-0.0062	-0.5391	-3.0000
-0.2758	-0.4709	0.0000
0.3867	-0.5262	0.0000
0.0114	-0.4740	-3.0000
0.0781	-0.9266	0.0000
0.2481	-0.7168	-1.0000
-0.1468	-0.4516	-2.0000
-0.1471	-0.7621	0.0000
-0.0911	-0.4390	-2.0000
0.3429	-0.6313	0.0000
0.1602	-0.4491	-3.0000
0.2414	-0.5110	-2.0000
0.0736	-0.8436	0.0000
-0.0080	-0.6887	-1.0000
0.0527	-0.9252	0.0000
-0.0588	-0.5122	-3.0000
-0.0672	-0.4363	-2.0000
-0.0942	-0.5985	-1.0000
0.3714	-0.5503	-1.0000
0.0249	-0.6360	-3.0000
-0.2454	-0.6596	-1.0000
0.0937	-0.4858	-3.0000
-0.0733	-0.6295	-3.0000
-0.2634	-0.6218	-1.0000
0.1205	-0.6915	0.0000
-0.2736	-0.5096	-1.0000
-0.1281	-0.6366	-2.0000
-0.0047	-0.7553	-1.0000
-0.0268	-0.3559	0.0000
-0.1388	-0.8598	0.0000
-0.1201	-0.4582	-1.0000
0.0180	-0.4201	0.0000
0.2888	-0.5252	-2.0000
-0.1336	-0.5052	-1.0000
0.1438	-0.5853	-2.0000
-0.1144	-0.6626	-2.0000
-0.2256	-0.7070	-1.0000
0.3790	-0.5310	-1.0000
0.0432	-0.5798	-3.0000
0.1750	-0.7108	-1.0000
-0.0055	-0.7089	-3.0000
-0.1710	-0.8051	0.0000
-0.0936	-0.6516	-3.0000
0.0015	-0.3188	0.0000
0.0381	-0.3752	0.0000
0.0082	-0.7475	-3.0000
-0.3501	-0.4759	0.0000
-0.1485	-0.5192	0.0000
-0.0146	-0.9725	0.0000
0.0206	-0.5563	-1.0000
0.0975	-0.5843	-3.0000
-0.0426	-0.8706	-1.0000
0.0718	-0.5734	-3.0000
-0.0691	-0.4626	-3.0000
0.2360	-0.4841	0.0000
0.0864	-0.8711	-1.0000
-0.1772	-0.6724	-3.0000
0.1400	-0.4908	-3.0000
-0.2242	-0.4632	-1.0000
-0.1023	-0.6876	-1.0000
-0.0968	-0.4018	-1.0000
-0.0971	-0.5386	0.0000
0.0709	-0.4538	-3.0000
-0.0684	-0.5158	-1.0000
0.0322	-0.5616	0.0000
-0.0556	-0.5111	0.0000
0.1278	-0.4588	-2.0000
-0.0461	-0.3564	0.0000
0.0156	-0.7324	-3.0000
0.0258	-0.7480	-3.0000
0.0305	-0.7252	0.0000
0.0692	-0.6967	-3.0000
0.0343	-0.3866	-2.0000
-0.1470	-0.7447	-2.0000
0.2665	-0.5522	0.0000
-0.2886	-0.5524	-1.0000
0.0884	-0.3720	0.0000
-0.0541	-0.5355	-3.0000
0.1468	-0.5437	-3.0000
-0.0206	-0.6249	-1.0000
0.1658	-0.4756	0.0000
0.2353	-0.7518	-1.0000
0.3541	-0.4794	0.0000
0.3671	-0.4360	0.0000
0.2546	-0.4945	-2.0000
0.0157	-0.8122	-2.0000
-0.1705	-0.4745	-2.0000
0.2534	-0.6201	0.0000
-0.0104	-0.6820	-1.0000
0.0724	-0.3403	-1.0000
0.2759	-0.6398	0.0000
-0.1804	-0.7234	-1.0000
0.3635	-0.6276	0.0000
0.1738	-0.5207	-2.0000
0.2620	-0.4117	0.0000
-0.0908	-0.7735	-1.0000
-0.1145	-0.6007	-3.0000
0.0511	-0.6126	-3.0000
-0.1264	-0.6630	-3.0000
0.0611	-0.8394	-1.0000
-0.0353	-0.7448	-1.0000
0.0835	-0.5516	-2.0000
-0.0580	-0.6306	-3.0000
0.0355	-0.4749	-1.0000
0.1905	-0.6646	-1.0000
-0.2730	-0.4631	0.0000
0.1864	-0.4760	-2.0000
0.2164	-0.7042	0.0000
0.0066	-0.6711	-3.0000
-0.0407	-0.6386	-3.0000
-0.0235	-0.8674	-1.0000
-0.1844	-0.5759	-3.0000
0.1902	-0.4780	0.0000
0.0454	-0.5210	0.0000
-0.1560	-0.6095	-3.0000
0.0924	-0.4961	-2.0000
-0.0000	-0.7144	-1.0000
0.2833	-0.6170	-2.0000
-0.4055	-0.5094	0.0000
-0.1317	-0.6723	0.0000
0.1181	-0.5957	-3.0000
0.1868	-0.5259	0.0000
0.1352	-0.6413	-2.0000
-0.0756	-0.4361	-3.0000
0.0135	-0.6389	-3.0000
-0.1059	-0.7081	-3.0000
0.2892	-0.6194	-1.0000
0.2189	-0.4719	0.0000
0.3111	-0.6074	0.0000
0.1700	-0.5776	-3.0000
-0.1817	-0.4928	0.0000
0.1837	-0.8364	0.0000
0.2283	-0.3639	0.0000
-0.0628	-0.6383	-3.0000
-0.0757	-0.8741	0.0000
0.0354	-0.4848	0.0000
-0.1393	-0.5189	-2.0000
0.0356	-0.4846	-3.0000
0.0292	-0.5018	-2.0000
0.0764	-0.6409	0.0000
0.1121	-0.4880	-3.0000
-0.1031	-0.4160	-1.0000
-0.2277	-0.4616	-1.0000
0.0637	-0.5365	-3.0000
0.0231	-0.7270	-3.0000
0.0516	-0.4857	-1.0000
-0.0812	-0.6137	-3.0000
-0.2203	-0.4004	0.0000
-0.0404	-0.6946	-3.0000
-0.1469	-0.4032	0.0000
-0.3456	-0.4996	0.0000
-0.0253	-0.4687	0.0000
0.0703	-0.7726	-2.0000
-0.0963	-0.4253	-1.0000
0.3872	-0.4785	0.0000
0.0419	-0.4620	-2.0000
-0.0766	-0.5836	-1.0000
0.1553	-0.4500	-1.0000
0.1936	-0.5733	-2.0000
-0.0400	-0.8364	-2.0000
0.0461	-0.4475	-2.0000
0.1493	-0.4658	-1.0000
-0.0558	-0.4744	-3.0000
0.3465	-0.6139	-1.0000
-0.0593	-0.4960	-3.0000
-0.1948	-0.6022	-2.0000
0.2384	-0.7633	-1.0000
-0.1107	-0.7456	-1.0000
-0.1138	-0.8473	-1.0000
-0.0448	-0.5603	-3.0000
-0.0480	-0.7900	-2.0000
-0.0206	-0.4327	-2.0000
0.0335	-0.5945	-2.0000
0.3027	-0.5588	-2.0000
0.1344	-0.5225	-2.0000
-0.4573	-0.5615	0.0000
0.1649	-0.4150	-2.0000
-0.0045	-0.3788	0.0000
-0.0118	-0.5803	-3.0000
-0.0608	-0.9384	0.0000
-0.0509	-0.3704	-1.0000
0.0591	-0.5457	-3.0000
-0.0074	-0.4941	-2.0000
-0.2444	-0.6855	-1.0000
-0.2479	-0.5241	-2.0000
-0.0982	-0.4550	-2.0000
0.1539	-0.8268	0.0000
-0.0691	-0.8567	-2.0000
0.0285	-0.8249	-1.0000
-0.0095	-0.5068	-2.0000
0.0020	-0.3285	-1.0000
-0.0246	-0.6297	-2.0000
-0.0645	-0.6724	-1.0000
0.0409	-0.6506	-1.0000
0.0061	-0.6408	-3.0000
0.0141	-0.8227	-1.0000
0.0734	-0.4826	-1.0000
-0.1286	-0.4686	-2.0000
0.4507	-0.5128	0.0000
-0.0417	-0.7656	-1.0000
0.0070	-0.9052	-1.0000
-0.0287	-0.6918	-3.0000
0.2903	-0.5165	0.0000
0.0107	-0.7627	-1.0000
-0.0464	-0.5035	-3.0000
0.1226	-0.8534	0.0000
0.1521	-0.5870	-2.0000
-0.0167	-0.6661	-3.0000
0.1177	-0.7429	-2.0000
0.0825	-0.8614	-1.0000
0.1485	-0.6362	-3.0000
-0.1242	-0.6767	-2.0000
-0.0019	-0.5436	-1.0000
-0.1075	-0.5928	-2.0000
-0.1649	-0.7251	-2.0000
0.2056	-0.6710	-2.0000
-0.0281	-0.7445	-2.0000
-0.2707	-0.7204	-1.0000
-0.2167	-0.6733	-1.0000
-0.3567	-0.6006	0.0000
0.0464	-0.8378	-1.0000
-0.2154	-0.5459	-2.0000
-0.1275	-0.5114	0.0000
0.0232	-0.5371	-3.0000
0.2187	-0.7414	-2.0000
0.0753	-0.4125	0.0000
-0.0523	-0.7754	-2.0000
-0.2388	-0.6394	-2.0000
0.0775	-0.7044	-2.0000
-0.0653	-0.4230	-2.0000
-0.1175	-0.5935	-3.0000
0.1178	-0.6788	-2.0000
-0.0811	-0.5698	-2.0000
-0.1549	-0.5331	-1.0000
0.2828	-0.5569	0.0000
0.1703	-0.4212	-1.0000
-0.0707	-0.3767	0.0000
0.0946	-0.5809	-3.0000
0.0619	-0.5578	-3.0000
0.0623	-0.3421	-1.0000
0.0940	-0.5622	-3.0000
0.2016	-0.7911	-1.0000
0.3540	-0.5530	-1.0000
0.2740	-0.6314	0.0000
0.1167	-0.4993	-3.0000
0.1325	-0.6748	-3.0000
0.2516	-0.5957	-2.0000
-0.0503	-0.8156	-2.0000
0.0766	-0.6884	-2.0000
0.0323	-0.7896	-1.0000
-0.0602	-0.6703	-2.0000
0.2709	-0.6198	-2.0000
-0.0244	-0.5623	-1.0000
-0.1124	-0.7973	-2.0000
0.1271	-0.5137	-3.0000
0.3417	-0.6308	-1.0000
0.0319	-0.4592	-3.0000
-0.3134	-0.6217	-1.0000
0.1397	-0.6479	-3.0000
0.0710	-0.8034	0.0000
0.0615	-0.4762	-2.0000
0.3265	-0.5638	-1.0000
-0.0545	-0.9373	0.0000
0.0836	-0.5454	-3.0000
-0.0520	-0.3894	0.0000
-0.0777	-0.8033	-2.0000
-0.3717	-0.6554	0.0000
0.0037	-0.5274	-1.0000
0.0554	-0.6827	-3.0000
0.2655	-0.6364	-1.0000
0.0622	-0.4913	-3.0000
0.1058	-0.5327	-2.0000
-0.0489	-0.8584	-2.0000
-0.1315	-0.6095	0.0000
-0.0628	-0.5896	-1.0000
-0.0993	-0.7206	-3.0000
0.1664	-0.7886	-1.0000
-0.0506	-0.7906	-1.0000
