0.0000e+00	0.0000e+00	0.0000e+00	0.0000e+00	0.0000e+00	0.0000e+00	0.0000e+00	1.0000e+00
1.1118e-03	1.1129e-03	1.1115e-03	1.1129e-03	1.1127e-03	1.1135e-03	1.1125e-03	9.9747e-01
2.2235e-03	2.2258e-03	2.2230e-03	2.2258e-03	2.2253e-03	2.2271e-03	2.2251e-03	9.9495e-01
3.3353e-03	3.3387e-03	3.3345e-03	3.3388e-03	3.3380e-03	3.3406e-03	3.3376e-03	9.9242e-01
4.4471e-03	4.4516e-03	4.4460e-03	4.4517e-03	4.4507e-03	4.4541e-03	4.4502e-03	9.8990e-01
5.5588e-03	5.5645e-03	5.5575e-03	5.5646e-03	5.5633e-03	5.5677e-03	5.5627e-03	9.8737e-01
6.6706e-03	6.6774e-03	6.6690e-03	6.6775e-03	6.6760e-03	6.6812e-03	6.6753e-03	9.8484e-01
7.7823e-03	7.7903e-03	7.7805e-03	7.7904e-03	7.7887e-03	7.7947e-03	7.7878e-03	9.8232e-01
8.8941e-03	8.9031e-03	8.8920e-03	8.9034e-03	8.9014e-03	8.9083e-03	8.9004e-03	9.7979e-01
1.0006e-02	1.0016e-02	1.0003e-02	1.0016e-02	1.0014e-02	1.0022e-02	1.0013e-02	9.7727e-01
1.1118e-02	1.1129e-02	1.1115e-02	1.1129e-02	1.1127e-02	1.1135e-02	1.1125e-02	9.7474e-01
1.2229e-02	1.2242e-02	1.2226e-02	1.2242e-02	1.2239e-02	1.2249e-02	1.2238e-02	9.7221e-01
1.3341e-02	1.3355e-02	1.3338e-02	1.3355e-02	1.3352e-02	1.3362e-02	1.3351e-02	9.6969e-01
1.4453e-02	1.4468e-02	1.4449e-02	1.4468e-02	1.4465e-02	1.4476e-02	1.4463e-02	9.6716e-01
1.5565e-02	1.5581e-02	1.5561e-02	1.5581e-02	1.5577e-02	1.5589e-02	1.5576e-02	9.6464e-01
1.6676e-02	1.6693e-02	1.6672e-02	1.6694e-02	1.6690e-02	1.6703e-02	1.6688e-02	9.6211e-01
1.7788e-02	1.7806e-02	1.7784e-02	1.7807e-02	1.7803e-02	1.7817e-02	1.7801e-02	9.5959e-01
1.8900e-02	1.8919e-02	1.8895e-02	1.8920e-02	1.8915e-02	1.8930e-02	1.8913e-02	9.5706e-01
2.0012e-02	2.0032e-02	2.0007e-02	2.0033e-02	2.0028e-02	2.0044e-02	2.0026e-02	9.5453e-01
2.1124e-02	2.1145e-02	2.1118e-02	2.1145e-02	2.1141e-02	2.1157e-02	2.1138e-02	9.5201e-01
2.2235e-02	2.2258e-02	2.2230e-02	2.2258e-02	2.2253e-02	2.2271e-02	2.2251e-02	9.4948e-01
2.3347e-02	2.3371e-02	2.3341e-02	2.3371e-02	2.3366e-02	2.3384e-02	2.3363e-02	9.4696e-01
2.4459e-02	2.4484e-02	2.4453e-02	2.4484e-02	2.4479e-02	2.4498e-02	2.4476e-02	9.4443e-01
2.5571e-02	2.5597e-02	2.5564e-02	2.5597e-02	2.5591e-02	2.5611e-02	2.5589e-02	9.4190e-01
2.6682e-02	2.6709e-02	2.6676e-02	2.6710e-02	2.6704e-02	2.6725e-02	2.6701e-02	9.3938e-01
2.7794e-02	2.7822e-02	2.7787e-02	2.7823e-02	2.7817e-02	2.7838e-02	2.7814e-02	9.3685e-01
2.8906e-02	2.8935e-02	2.8899e-02	2.8936e-02	2.8929e-02	2.8952e-02	2.8926e-02	9.3433e-01
3.0018e-02	3.0048e-02	3.0010e-02	3.0049e-02	3.0042e-02	3.0065e-02	3.0039e-02	9.3180e-01
3.1129e-02	3.1161e-02	3.1122e-02	3.1162e-02	3.1155e-02	3.1179e-02	3.1151e-02	9.2927e-01
3.2241e-02	3.2274e-02	3.2233e-02	3.2275e-02	3.2267e-02	3.2292e-02	3.2264e-02	9.2675e-01
3.3353e-02	3.3387e-02	3.3345e-02	3.3388e-02	3.3380e-02	3.3406e-02	3.3376e-02	9.2422e-01
3.4465e-02	3.4500e-02	3.4456e-02	3.4501e-02	3.4493e-02	3.4520e-02	3.4489e-02	9.2170e-01
3.5576e-02	3.5613e-02	3.5568e-02	3.5613e-02	3.5605e-02	3.5633e-02	3.5602e-02	9.1917e-01
3.6688e-02	3.6725e-02	3.6679e-02	3.6726e-02	3.6718e-02	3.6747e-02	3.6714e-02	9.1664e-01
3.7800e-02	3.7838e-02	3.7791e-02	3.7839e-02	3.7831e-02	3.7860e-02	3.7827e-02	9.1412e-01
3.8912e-02	3.8951e-02	3.8902e-02	3.8952e-02	3.8943e-02	3.8974e-02	3.8939e-02	9.1159e-01
4.0023e-02	4.0064e-02	4.0014e-02	4.0065e-02	4.0056e-02	4.0087e-02	4.0052e-02	9.0907e-01
4.1135e-02	4.1177e-02	4.1125e-02	4.1178e-02	4.1169e-02	4.1201e-02	4.1164e-02	9.0654e-01
4.2247e-02	4.2290e-02	4.2237e-02	4.2291e-02	4.2281e-02	4.2314e-02	4.2277e-02	9.0401e-01
4.3359e-02	4.3403e-02	4.3348e-02	4.3404e-02	4.3394e-02	4.3428e-02	4.3389e-02	9.0149e-01
4.4471e-02	4.4516e-02	4.4460e-02	4.4517e-02	4.4507e-02	4.4541e-02	4.4502e-02	8.9896e-01
4.5582e-02	4.5629e-02	4.5571e-02	4.5630e-02	4.5619e-02	4.5655e-02	4.5614e-02	8.9644e-01
4.6694e-02	4.6742e-02	4.6683e-02	4.6743e-02	4.6732e-02	4.6768e-02	4.6727e-02	8.9391e-01
4.7806e-02	4.7854e-02	4.7794e-02	4.7856e-02	4.7845e-02	4.7882e-02	4.7840e-02	8.9139e-01
4.8918e-02	4.8967e-02	4.8906e-02	4.8968e-02	4.8957e-02	4.8995e-02	4.8952e-02	8.8886e-01
5.0029e-02	5.0080e-02	5.0017e-02	5.0081e-02	5.0070e-02	5.0109e-02	5.0065e-02	8.8633e-01
5.1141e-02	5.1193e-02	5.1129e-02	5.1194e-02	5.1183e-02	5.1223e-02	5.1177e-02	8.8381e-01
5.2253e-02	5.2306e-02	5.2240e-02	5.2307e-02	5.2295e-02	5.2336e-02	5.2290e-02	8.8128e-01
5.3365e-02	5.3419e-02	5.3352e-02	5.3420e-02	5.3408e-02	5.3450e-02	5.3402e-02	8.7876e-01
5.4476e-02	5.4532e-02	5.4463e-02	5.4533e-02	5.4521e-02	5.4563e-02	5.4515e-02	8.7623e-01
5.5588e-02	5.5645e-02	5.5575e-02	5.5646e-02	5.5633e-02	5.5677e-02	5.5627e-02	8.7370e-01
5.6700e-02	5.6758e-02	5.6686e-02	5.6759e-02	5.6746e-02	5.6790e-02	5.6740e-02	8.7118e-01
5.7812e-02	5.7870e-02	5.7798e-02	5.7872e-02	5.7859e-02	5.7904e-02	5.7852e-02	8.6865e-01
5.8923e-02	5.8983e-02	5.8909e-02	5.8985e-02	5.8971e-02	5.9017e-02	5.8965e-02	8.6613e-01
6.0035e-02	6.0096e-02	6.0021e-02	6.0098e-02	6.0084e-02	6.0131e-02	6.0078e-02	8.6360e-01
6.1147e-02	6.1209e-02	6.1132e-02	6.1211e-02	6.1197e-02	6.1244e-02	6.1190e-02	8.6107e-01
6.2259e-02	6.2322e-02	6.2244e-02	6.2323e-02	6.2309e-02	6.2358e-02	6.2303e-02	8.5855e-01
6.3371e-02	6.3435e-02	6.3355e-02	6.3436e-02	6.3422e-02	6.3471e-02	6.3415e-02	8.5602e-01
6.4482e-02	6.4548e-02	6.4467e-02	6.4549e-02	6.4535e-02	6.4585e-02	6.4528e-02	8.5350e-01
6.5594e-02	6.5661e-02	6.5578e-02	6.5662e-02	6.5647e-02	6.5698e-02	6.5640e-02	8.5097e-01
6.6706e-02	6.6774e-02	6.6690e-02	6.6775e-02	6.6760e-02	6.6812e-02	6.6753e-02	8.4844e-01
6.7818e-02	6.7886e-02	6.7801e-02	6.7888e-02	6.7873e-02	6.7926e-02	6.7865e-02	8.4592e-01
6.8929e-02	6.8999e-02	6.8913e-02	6.9001e-02	6.8985e-02	6.9039e-02	6.8978e-02	8.4339e-01
7.0041e-02	7.0112e-02	7.0024e-02	7.0114e-02	7.0098e-02	7.0153e-02	7.0090e-02	8.4087e-01
7.1153e-02	7.1225e-02	7.1136e-02	7.1227e-02	7.1211e-02	7.1266e-02	7.1203e-02	8.3834e-01
7.2265e-02	7.2338e-02	7.2247e-02	7.2340e-02	7.2323e-02	7.2380e-02	7.2316e-02	8.3582e-01
7.3376e-02	7.3451e-02	7.3359e-02	7.3453e-02	7.3436e-02	7.3493e-02	7.3428e-02	8.3329e-01
7.4488e-02	7.4564e-02	7.4470e-02	7.4566e-02	7.4549e-02	7.4607e-02	7.4541e-02	8.3076e-01
7.5600e-02	7.5677e-02	7.5582e-02	7.5679e-02	7.5662e-02	7.5720e-02	7.5653e-02	8.2824e-01
7.6712e-02	7.6790e-02	7.6693e-02	7.6791e-02	7.6774e-02	7.6834e-02	7.6766e-02	8.2571e-01
7.7823e-02	7.7903e-02	7.7805e-02	7.7904e-02	7.7887e-02	7.7947e-02	7.7878e-02	8.2319e-01
7.8935e-02	7.9015e-02	7.8916e-02	7.9017e-02	7.9000e-02	7.9061e-02	7.8991e-02	8.2066e-01
8.0047e-02	8.0128e-02	8.0028e-02	8.0130e-02	8.0112e-02	8.0174e-02	8.0103e-02	8.1813e-01
8.1159e-02	8.1241e-02	8.1139e-02	8.1243e-02	8.1225e-02	8.1288e-02	8.1216e-02	8.1561e-01
8.2270e-02	8.2354e-02	8.2251e-02	8.2356e-02	8.2338e-02	8.2401e-02	8.2328e-02	8.1308e-01
8.3382e-02	8.3467e-02	8.3362e-02	8.3469e-02	8.3450e-02	8.3515e-02	8.3441e-02	8.1056e-01
8.4494e-02	8.4580e-02	8.4474e-02	8.4582e-02	8.4563e-02	8.4629e-02	8.4554e-02	8.0803e-01
8.5606e-02	8.5693e-02	8.5585e-02	8.5695e-02	8.5676e-02	8.5742e-02	8.5666e-02	8.0550e-01
8.6718e-02	8.6806e-02	8.6697e-02	8.6808e-02	8.6788e-02	8.6856e-02	8.6779e-02	8.0298e-01
8.7829e-02	8.7919e-02	8.7808e-02	8.7921e-02	8.7901e-02	8.7969e-02	8.7891e-02	8.0045e-01
8.8941e-02	8.9031e-02	8.8920e-02	8.9034e-02	8.9014e-02	8.9083e-02	8.9004e-02	7.9793e-01
9.0053e-02	9.0144e-02	9.0031e-02	9.0146e-02	9.0126e-02	9.0196e-02	9.0116e-02	7.9540e-01
9.1165e-02	9.1257e-02	9.1142e-02	9.1259e-02	9.1239e-02	9.1310e-02	9.1229e-02	7.9287e-01
9.2276e-02	9.2370e-02	9.2254e-02	9.2372e-02	9.2352e-02	9.2423e-02	9.2341e-02	7.9035e-01
9.3388e-02	9.3483e-02	9.3365e-02	9.3485e-02	9.3464e-02	9.3537e-02	9.3454e-02	7.8782e-01
9.4500e-02	9.4596e-02	9.4477e-02	9.4598e-02	9.4577e-02	9.4650e-02	9.4566e-02	7.8530e-01
9.5612e-02	9.5709e-02	9.5588e-02	9.5711e-02	9.5690e-02	9.5764e-02	9.5679e-02	7.8277e-01
9.6723e-02	9.6822e-02	9.6700e-02	9.6824e-02	9.6802e-02	9.6877e-02	9.6792e-02	7.8024e-01
9.7835e-02	9.7935e-02	9.7811e-02	9.7937e-02	9.7915e-02	9.7991e-02	9.7904e-02	7.7772e-01
9.8947e-02	9.9047e-02	9.8923e-02	9.9050e-02	9.9028e-02	9.9104e-02	9.9017e-02	7.7519e-01
1.0006e-01	1.0016e-01	1.0003e-01	1.0016e-01	1.0014e-01	1.0022e-01	1.0013e-01	7.7267e-01
1.0117e-01	1.0127e-01	1.0115e-01	1.0128e-01	1.0125e-01	1.0133e-01	1.0124e-01	7.7014e-01
1.0228e-01	1.0239e-01	1.0226e-01	1.0239e-01	1.0237e-01	1.0245e-01	1.0235e-01	7.6762e-01
1.0339e-01	1.0350e-01	1.0337e-01	1.0350e-01	1.0348e-01	1.0356e-01	1.0347e-01	7.6509e-01
1.0451e-01	1.0461e-01	1.0448e-01	1.0461e-01	1.0459e-01	1.0467e-01	1.0458e-01	7.6256e-01
1.0562e-01	1.0572e-01	1.0559e-01	1.0573e-01	1.0570e-01	1.0579e-01	1.0569e-01	7.6004e-01
1.0673e-01	1.0684e-01	1.0670e-01	1.0684e-01	1.0682e-01	1.0690e-01	1.0680e-01	7.5751e-01
1.0784e-01	1.0795e-01	1.0781e-01	1.0795e-01	1.0793e-01	1.0801e-01	1.0792e-01	7.5499e-01
1.0895e-01	1.0906e-01	1.0893e-01	1.0907e-01	1.0904e-01	1.0913e-01	1.0903e-01	7.5246e-01
1.1006e-01	1.1018e-01	1.1004e-01	1.1018e-01	1.1015e-01	1.1024e-01	1.1014e-01	7.4993e-01
1.1118e-01	1.1129e-01	1.1115e-01	1.1129e-01	1.1127e-01	1.1135e-01	1.1125e-01	7.4741e-01
9.5594e-01	5.1786e-01	4.4098e-01	7.1479e-01	6.4032e-01	3.8128e-01	7.4840e-01	2.3358e-01
4.0426e-01	5.6284e-01	4.2924e-01	4.2653e-01	3.3352e-01	3.6970e-01	5.8208e-01	4.1687e-01
2.8265e-01	3.3065e-01	6.3130e-01	7.6149e-01	6.7333e-01	4.5144e-01	3.8111e-01	3.5957e-01
7.2884e-01	4.3536e-01	6.3765e-01	3.0797e-01	3.5314e-01	5.4500e-01	6.3208e-01	3.4134e-01
5.4517e-01	6.5169e-01	9.1974e-01	7.8436e-01	5.8645e-01	8.6906e-01	9.2472e-01	1.0852e-01
8.8131e-01	6.2398e-01	3.7654e-01	9.3285e-01	5.3880e-01	8.6530e-01	5.8626e-01	1.7613e-01
8.6440e-01	8.0051e-01	8.9254e-01	4.0258e-01	5.3322e-01	5.7687e-01	9.6794e-01	1.4295e-01
8.3116e-01	8.4782e-01	4.7490e-01	5.4093e-01	5.6145e-01	5.5782e-01	6.9893e-01	2.1752e-01
5.8458e-01	4.0588e-01	8.6448e-01	4.1893e-01	4.0670e-01	9.4756e-01	8.8660e-01	2.1727e-01
5.1497e-01	3.5601e-01	4.9276e-01	8.2934e-01	3.2053e-01	7.1644e-01	3.8560e-01	3.4489e-01
5.9486e-01	7.1068e-01	5.4589e-01	9.9208e-01	5.5724e-01	6.4926e-01	7.3054e-01	1.7959e-01
7.8395e-01	9.9621e-01	6.4735e-01	5.2306e-01	5.6984e-01	6.3290e-01	9.1834e-01	1.3824e-01
6.7831e-01	5.6115e-01	6.5099e-01	3.8982e-01	6.5631e-01	9.4427e-01	9.7649e-01	1.6868e-01
9.1042e-01	9.6216e-01	7.0130e-01	7.4030e-01	8.6675e-01	7.6133e-01	5.1155e-01	8.4025e-02
3.0250e-01	3.0862e-01	5.7878e-01	3.8851e-01	2.4207e-01	3.1987e-01	3.2692e-01	5.0778e-01
5.8346e-01	6.7668e-01	6.2321e-01	8.0820e-01	9.1722e-01	6.8126e-01	5.6036e-01	1.6967e-01
3.8049e-01	7.6696e-01	5.1447e-01	3.0974e-01	8.3466e-01	7.6940e-01	3.3503e-01	3.0304e-01
8.8124e-01	9.6327e-01	8.1830e-01	9.6252e-01	4.5551e-01	8.1996e-01	6.0824e-01	7.6188e-02
7.5382e-01	8.5228e-01	9.9809e-01	5.6083e-01	9.5248e-01	7.0079e-01	8.1349e-01	5.8724e-02
2.4546e-01	5.4736e-01	2.5431e-01	3.6810e-01	3.4816e-01	2.9210e-01	4.9477e-01	4.9606e-01
3.9616e-01	5.2903e-01	4.3400e-01	9.8406e-01	3.0075e-01	6.3425e-01	4.0344e-01	3.3554e-01
8.6184e-01	6.6754e-01	7.7111e-01	8.8913e-01	6.7115e-01	8.7176e-01	9.8402e-01	4.6743e-02
7.1268e-01	5.5056e-01	7.4922e-01	4.6198e-01	7.8586e-01	8.4304e-01	9.7168e-01	1.3776e-01
4.4659e-01	5.8713e-01	7.9798e-01	5.7458e-01	6.0683e-01	8.6424e-01	7.2584e-01	2.0475e-01
6.7642e-01	5.3770e-01	8.6796e-01	5.0507e-01	4.8729e-01	7.9689e-01	3.4732e-01	2.5926e-01
3.3958e-01	3.7756e-01	2.5555e-01	6.6204e-01	2.6734e-01	2.9635e-01	6.9096e-01	4.4794e-01
4.2480e-01	8.7560e-01	5.8643e-01	3.8627e-01	4.0894e-01	4.9073e-01	9.9909e-01	2.6594e-01
8.8341e-01	3.7501e-01	4.9658e-01	5.7659e-01	3.8251e-01	3.9336e-01	8.9593e-01	2.8978e-01
5.8439e-01	4.5413e-01	6.3166e-01	3.9160e-01	4.3322e-01	9.1346e-01	4.4744e-01	3.1078e-01
8.8373e-01	7.2856e-01	7.8163e-01	3.5352e-01	7.9720e-01	3.7772e-01	4.4046e-01	2.3875e-01
7.3107e-01	4.2708e-01	5.1928e-01	3.6050e-01	2.7495e-01	6.8390e-01	2.6745e-01	3.9471e-01
3.3041e-01	9.3527e-01	4.9838e-01	8.0508e-01	4.0650e-01	6.1312e-01	5.8273e-01	2.6605e-01
8.2070e-01	3.9269e-01	7.8326e-01	6.6064e-01	7.6038e-01	5.0520e-01	4.3394e-01	2.3962e-01
7.8975e-01	3.4128e-01	7.3929e-01	4.3244e-01	3.1960e-01	7.3720e-01	5.2662e-01	3.0642e-01
8.5953e-01	1.0000e+00	5.7424e-01	9.4151e-01	7.4768e-01	7.5148e-01	5.1806e-01	9.2754e-02
8.5064e-01	8.5881e-01	7.1994e-01	7.4758e-01	3.8673e-01	5.8433e-01	7.2950e-01	1.6577e-01
4.4563e-01	3.8347e-01	9.5728e-01	6.1009e-01	4.7111e-01	9.3733e-01	7.6728e-01	2.0912e-01
4.5750e-01	4.7863e-01	6.4849e-01	7.9158e-01	6.6452e-01	3.8923e-01	9.9939e-01	2.2938e-01
5.3701e-01	3.2061e-01	3.5636e-01	4.4389e-01	7.4222e-01	4.1188e-01	4.2330e-01	3.9883e-01
3.2785e-01	4.2984e-01	3.3592e-01	5.5964e-01	9.4383e-01	6.6092e-01	4.9277e-01	3.2575e-01
5.0339e-01	4.3882e-01	9.8034e-01	8.0593e-01	3.5840e-01	4.7710e-01	3.7379e-01	2.9909e-01
3.1440e-01	3.0954e-01	3.2751e-01	7.3672e-01	6.6960e-01	4.9312e-01	4.9098e-01	3.8375e-01
7.6551e-01	9.4993e-01	8.1188e-01	6.1804e-01	9.8299e-01	7.2376e-01	6.5132e-01	7.6972e-02
4.8058e-01	9.2830e-01	7.7749e-01	4.6263e-01	7.8900e-01	3.6175e-01	4.0319e-01	2.6149e-01
4.8106e-01	5.3437e-01	3.0476e-01	7.2701e-01	4.2181e-01	6.3228e-01	4.1046e-01	3.5966e-01
9.8370e-01	4.7653e-01	3.3618e-01	5.4490e-01	6.0379e-01	7.2760e-01	3.4011e-01	2.8850e-01
6.4596e-01	3.4420e-01	6.3004e-01	5.3306e-01	5.2421e-01	9.0480e-01	4.2873e-01	2.8877e-01
7.1318e-01	7.1172e-01	7.2978e-01	4.8142e-01	5.2275e-01	4.5880e-01	3.2866e-01	2.9789e-01
5.9822e-01	5.3989e-01	9.7482e-01	4.3998e-01	7.0067e-01	9.5731e-01	5.1930e-01	1.8669e-01
8.4602e-01	4.4025e-01	9.6607e-01	9.7200e-01	8.0350e-01	4.7759e-01	6.8237e-01	1.2169e-01
3.8560e-01	4.1090e-01	9.5440e-01	5.5749e-01	8.1506e-01	4.5324e-01	9.4417e-01	2.1636e-01
9.6068e-01	7.0055e-01	4.0547e-01	9.0188e-01	7.7857e-01	7.1146e-01	5.7708e-01	1.4338e-01
2.9064e-01	7.5055e-01	7.2891e-01	4.0623e-01	4.0537e-01	3.9285e-01	3.7213e-01	3.8301e-01
3.6991e-01	5.8436e-01	5.8569e-01	6.9715e-01	8.7540e-01	4.1950e-01	7.4762e-01	2.5065e-01
9.2618e-01	6.0652e-01	7.0029e-01	7.4106e-01	6.8215e-01	3.7162e-01	8.0613e-01	1.7191e-01
5.2057e-01	8.7280e-01	5.4387e-01	6.5090e-01	3.0880e-01	3.2026e-01	5.3551e-01	3.2540e-01
7.6485e-01	9.0769e-01	8.0073e-01	7.5289e-01	5.1818e-01	6.7885e-01	9.6805e-01	9.2885e-02
5.2674e-01	4.1655e-01	3.7109e-01	4.8082e-01	4.0433e-01	3.0348e-01	9.7136e-01	3.6489e-01
7.3272e-01	8.2971e-01	5.4913e-01	5.1224e-01	3.7188e-01	5.6436e-01	7.9221e-01	2.4032e-01
8.4569e-01	4.6075e-01	9.8531e-01	9.3065e-01	5.1091e-01	6.5611e-01	9.1532e-01	1.0511e-01
9.6266e-01	8.3245e-01	7.3886e-01	9.6797e-01	5.5743e-01	8.7386e-01	8.2879e-01	4.0295e-02
5.3134e-01	6.4986e-01	5.0475e-01	3.9499e-01	5.9953e-01	8.3589e-01	6.3704e-01	2.6859e-01
8.0574e-01	7.9394e-01	5.4671e-01	8.7626e-01	4.5074e-01	9.6807e-01	3.8901e-01	1.7252e-01
5.6656e-01	8.4229e-01	8.5296e-01	8.7437e-01	5.4453e-01	7.1888e-01	3.7006e-01	1.8111e-01
4.3581e-01	7.2397e-01	4.5431e-01	8.9684e-01	3.7749e-01	6.1647e-01	8.7809e-01	2.3602e-01
8.1304e-01	5.1521e-01	7.4343e-01	5.8310e-01	5.8758e-01	5.0120e-01	6.5002e-01	2.3441e-01
7.8452e-01	8.9995e-01	6.1745e-01	4.1011e-01	9.0113e-01	4.9429e-01	7.4182e-01	1.6978e-01
4.0387e-01	8.3110e-01	5.2513e-01	6.4555e-01	8.8331e-01	6.7522e-01	4.0732e-01	2.3766e-01
5.9516e-01	3.0030e-01	5.0890e-01	3.0674e-01	4.9107e-01	9.0050e-01	5.6112e-01	3.3805e-01
8.3005e-01	8.0190e-01	4.5357e-01	4.9212e-01	6.9789e-01	5.5643e-01	6.3562e-01	2.2396e-01
8.5518e-01	9.4751e-01	4.3471e-01	5.1656e-01	4.1476e-01	7.7412e-01	6.2683e-01	2.0951e-01
9.2299e-01	5.2983e-01	3.4372e-01	5.6349e-01	4.8110e-01	6.7809e-01	8.6074e-01	2.3641e-01
4.6376e-01	6.0106e-01	9.5576e-01	8.9195e-01	7.2700e-01	5.3991e-01	4.9427e-01	1.9469e-01
9.4701e-01	3.3088e-01	9.4484e-01	4.3443e-01	5.1561e-01	6.1659e-01	3.3971e-01	2.7190e-01
5.6143e-01	2.7166e-01	4.5051e-01	4.6643e-01	5.2509e-01	7.1017e-01	2.8628e-01	3.9370e-01
6.4836e-01	7.8138e-01	9.9158e-01	5.7287e-01	8.6058e-01	4.2959e-01	8.7600e-01	1.2559e-01
9.8023e-01	9.1619e-01	9.4934e-01	4.9919e-01	6.3662e-01	3.7057e-01	4.6282e-01	1.7457e-01
8.2596e-01	4.1405e-01	7.8901e-01	7.2069e-01	7.7997e-01	4.4604e-01	8.2713e-01	1.7633e-01
8.8596e-01	8.0661e-01	4.6825e-01	4.5460e-01	3.5657e-01	3.9691e-01	8.0303e-01	2.6588e-01
8.9726e-01	7.8769e-01	9.3468e-01	4.0197e-01	9.3760e-01	5.8924e-01	5.1066e-01	1.3996e-01
5.6550e-01	4.0672e-01	9.7073e-01	8.6376e-01	7.1864e-01	4.0946e-01	7.8981e-01	1.8743e-01
4.6485e-01	3.0571e-01	4.5338e-01	6.0920e-01	3.7514e-01	3.2649e-01	3.9511e-01	4.4215e-01
6.1610e-01	4.4959e-01	4.2292e-01	3.0520e-01	7.2362e-01	8.6199e-01	3.0121e-01	3.3567e-01
6.0564e-01	5.5673e-01	3.2802e-01	4.4456e-01	3.4544e-01	9.0424e-01	9.7389e-01	2.6789e-01
8.2640e-01	6.8186e-01	7.8199e-01	4.9485e-01	8.0227e-01	8.3003e-01	6.1065e-01	1.4442e-01
9.3036e-01	6.0933e-01	5.2081e-01	7.2087e-01	5.7643e-01	5.2494e-01	8.5633e-01	1.8542e-01
8.1555e-01	7.1567e-01	4.5847e-01	8.7171e-01	5.7666e-01	9.0158e-01	4.6603e-01	1.7605e-01
3.6648e-01	5.1719e-01	9.0288e-01	5.1375e-01	6.1321e-01	6.9517e-01	8.7401e-01	2.2181e-01
4.3919e-01	9.2908e-01	6.9973e-01	7.3930e-01	7.4349e-01	3.7268e-01	9.2024e-01	1.7059e-01
7.4595e-01	5.1622e-01	6.4705e-01	7.0574e-01	4.9711e-01	9.7137e-01	4.2101e-01	2.1876e-01
6.5752e-01	5.2547e-01	4.2737e-01	6.1252e-01	3.9399e-01	5.9777e-01	3.9299e-01	3.4601e-01
7.5241e-01	3.6523e-01	4.1823e-01	7.8026e-01	2.7760e-01	3.6696e-01	4.7627e-01	3.7019e-01
2.7145e-01	6.5452e-01	2.7000e-01	2.1055e-01	3.5761e-01	2.1734e-01	3.3000e-01	5.2993e-01
5.7252e-01	6.1698e-01	3.7268e-01	6.7778e-01	4.1299e-01	3.3621e-01	8.0324e-01	3.1978e-01
1.0000e+00	8.9915e-01	8.6343e-01	7.1260e-01	8.4962e-01	8.9177e-01	8.2924e-01	0.0000e+00
6.5688e-01	5.2647e-01	8.9020e-01	8.8844e-01	7.4396e-01	6.1842e-01	4.8034e-01	1.7610e-01
7.7653e-01	8.1517e-01	8.5775e-01	7.1668e-01	9.4317e-01	5.4909e-01	8.2828e-01	7.9321e-02
4.3252e-01	6.6831e-01	5.1144e-01	4.1157e-01	5.6469e-01	5.5411e-01	7.9041e-01	2.9983e-01
5.4479e-01	4.0150e-01	3.2180e-01	7.7773e-01	4.8760e-01	3.5923e-01	3.9077e-01	3.9201e-01
8.5255e-01	7.3016e-01	6.0912e-01	9.2589e-01	6.4647e-01	7.1689e-01	8.8560e-01	9.6396e-02
4.2626e-01	5.9448e-01	7.2129e-01	4.0559e-01	7.8882e-01	8.5124e-01	4.1824e-01	2.6112e-01
8.2442e-01	7.4134e-01	3.6285e-01	4.1305e-01	7.2264e-01	6.5212e-01	8.6631e-01	2.0764e-01
8.4541e-01	5.3130e-01	9.7181e-01	9.3348e-01	5.7164e-01	4.0926e-01	7.5802e-01	1.4536e-01
5.8072e-01	7.5028e-01	5.5252e-01	8.4237e-01	4.5643e-01	5.7529e-01	9.2035e-01	1.9414e-01
6.0759e-01	8.8262e-01	4.7949e-01	3.5556e-01	9.7912e-01	3.9178e-01	5.0898e-01	2.6120e-01
9.6233e-01	8.9837e-01	4.7068e-01	8.7345e-01	4.0280e-01	9.5356e-01	8.4946e-01	9.0193e-02
5.3822e-01	6.3043e-01	4.9684e-01	8.1675e-01	4.5245e-01	7.7237e-01	3.5105e-01	2.8212e-01
4.7782e-01	6.4618e-01	4.9858e-01	7.5954e-01	8.0022e-01	8.3352e-01	7.4521e-01	1.8239e-01
7.1672e-01	5.5509e-01	8.4210e-01	5.3451e-01	4.5786e-01	6.8811e-01	4.9738e-01	2.4887e-01
6.1001e-01	6.6897e-01	4.1953e-01	8.6832e-01	9.2782e-01	5.6877e-01	7.5167e-01	1.7469e-01
6.1022e-01	3.6624e-01	7.1699e-01	7.1626e-01	6.8174e-01	8.5256e-01	3.8187e-01	2.4409e-01
5.7695e-01	4.4155e-01	6.3216e-01	5.7941e-01	8.4067e-01	8.4894e-01	3.8343e-01	2.4733e-01
6.8392e-01	7.5504e-01	4.4208e-01	4.1657e-01	4.0407e-01	7.5459e-01	8.0461e-01	2.5333e-01
6.5276e-01	7.7257e-01	4.9411e-01	6.6435e-01	3.8323e-01	5.9385e-01	5.4765e-01	2.7493e-01
6.1528e-01	8.6381e-01	7.9918e-01	7.6314e-01	6.2453e-01	8.0369e-01	7.3089e-01	1.1998e-01
6.0080e-01	4.1005e-01	5.7508e-01	7.2251e-01	3.8450e-01	3.2590e-01	4.3680e-01	3.6753e-01
4.4722e-01	9.0183e-01	3.3187e-01	3.8961e-01	3.0728e-01	6.7973e-01	7.1051e-01	3.2329e-01
5.5043e-01	6.2247e-01	8.1434e-01	6.9619e-01	4.3448e-01	3.3355e-01	8.4278e-01	2.4851e-01
4.2346e-01	3.1231e-01	6.3827e-01	4.4144e-01	3.8138e-01	4.9729e-01	2.9522e-01	4.3370e-01
6.2990e-01	4.7282e-01	6.0628e-01	5.2096e-01	6.8067e-01	9.0456e-01	9.4283e-01	1.8278e-01
3.1181e-01	5.8147e-01	5.2135e-01	3.4795e-01	4.4640e-01	5.8011e-01	7.2117e-01	3.5983e-01
6.6656e-01	7.1908e-01	5.7179e-01	7.4224e-01	6.6905e-01	4.1049e-01	9.4701e-01	1.8725e-01
3.4946e-01	4.7704e-01	8.2742e-01	5.2133e-01	3.2835e-01	5.8671e-01	6.5317e-01	3.2670e-01
8.8396e-01	6.7847e-01	9.0113e-01	4.0908e-01	5.5953e-01	5.6589e-01	7.5121e-01	1.8392e-01
7.5323e-01	9.7058e-01	6.9892e-01	8.2558e-01	9.9899e-01	4.7719e-01	6.6198e-01	9.3567e-02
6.0906e-01	8.0963e-01	5.5448e-01	3.8326e-01	3.2266e-01	6.2339e-01	8.2441e-01	2.7232e-01
5.3921e-01	6.8038e-01	7.5753e-01	8.9062e-01	9.8203e-01	4.9174e-01	9.9195e-01	1.0110e-01
8.1775e-01	8.5383e-01	8.8058e-01	7.2795e-01	7.0479e-01	4.1697e-01	7.9365e-01	1.2061e-01
4.6943e-01	3.8927e-01	4.1738e-01	4.9372e-01	6.8358e-01	8.1911e-01	8.5303e-01	2.7256e-01
8.3592e-01	3.2080e-01	3.4308e-01	3.6623e-01	5.4814e-01	3.0497e-01	9.2309e-01	3.4104e-01
7.3917e-01	8.4721e-01	8.5860e-01	4.7464e-01	5.3051e-01	9.4250e-01	8.5803e-01	1.1285e-01
6.6754e-01	6.3171e-01	7.1827e-01	5.3498e-01	6.2072e-01	7.8390e-01	8.6481e-01	1.7369e-01
4.7756e-01	8.1652e-01	9.6117e-01	8.1767e-01	4.6814e-01	7.1495e-01	7.2308e-01	1.5138e-01
5.0630e-01	8.6145e-01	5.8806e-01	4.2748e-01	5.9904e-01	6.1990e-01	5.6517e-01	2.6658e-01
9.4868e-01	5.4914e-01	8.5484e-01	4.7312e-01	6.2849e-01	9.1943e-01	7.4061e-01	1.3216e-01
6.7244e-01	3.7044e-01	3.5367e-01	4.1507e-01	6.9991e-01	7.9218e-01	7.8022e-01	2.7844e-01
5.1615e-01	3.7601e-01	3.9611e-01	7.9712e-01	8.2161e-01	6.3704e-01	6.0137e-01	2.6973e-01
5.7750e-01	4.1166e-01	7.6366e-01	8.2855e-01	9.5543e-01	6.7243e-01	8.0404e-01	1.4653e-01
6.6452e-01	4.1306e-01	8.9197e-01	6.9395e-01	3.6280e-01	5.5177e-01	5.0231e-01	2.7885e-01
9.9496e-01	8.0325e-01	7.4749e-01	8.9739e-01	9.7666e-01	9.0257e-01	4.7193e-01	3.5721e-02
7.6892e-01	6.9484e-01	3.6578e-01	8.9140e-01	3.9049e-01	3.5339e-01	7.2404e-01	2.6352e-01
4.3201e-01	7.2224e-01	5.6577e-01	4.0440e-01	4.6576e-01	3.2364e-01	8.9998e-01	3.1672e-01
5.2314e-01	7.4617e-01	3.1803e-01	8.1275e-01	5.5257e-01	4.4443e-01	3.6572e-01	3.2401e-01
8.0232e-01	7.6043e-01	8.6768e-01	4.9881e-01	7.6822e-01	9.9235e-01	9.3455e-01	5.9819e-02
7.7093e-01	5.2107e-01	6.1332e-01	4.9140e-01	6.9067e-01	7.8681e-01	5.2514e-01	2.3365e-01
3.8434e-01	8.5673e-01	4.6958e-01	8.5224e-01	6.1941e-01	9.5386e-01	7.1574e-01	1.6954e-01
6.7263e-01	8.4065e-01	8.9876e-01	3.9665e-01	5.9817e-01	5.5776e-01	9.2359e-01	1.6423e-01
2.9318e-01	3.2012e-01	4.4669e-01	3.7459e-01	5.4341e-01	9.6999e-01	4.7249e-01	3.7262e-01
3.6264e-01	7.6387e-01	4.7256e-01	8.7833e-01	6.2242e-01	6.2807e-01	4.8052e-01	2.6081e-01
4.9142e-01	9.9071e-01	6.2196e-01	6.8475e-01	8.2225e-01	4.2777e-01	3.8910e-01	2.2960e-01
9.1986e-01	7.6640e-01	4.9173e-01	7.8338e-01	6.0190e-01	3.5601e-01	6.3101e-01	2.1220e-01
3.3728e-01	4.5395e-01	6.5805e-01	3.7079e-01	5.2964e-01	5.9806e-01	6.8292e-01	3.4272e-01
3.8138e-01	5.2733e-01	4.4941e-01	7.6208e-01	6.1475e-01	6.0983e-01	3.8239e-01	3.2908e-01
3.6438e-01	5.0836e-01	7.2346e-01	8.1374e-01	3.1900e-01	6.9044e-01	3.5551e-01	3.2228e-01
3.9415e-01	4.2364e-01	3.1089e-01	8.5583e-01	4.2224e-01	3.5651e-01	6.6062e-01	3.7210e-01
5.9753e-01	5.6082e-01	9.0502e-01	9.0587e-01	8.8901e-01	8.1654e-01	7.4965e-01	8.8192e-02
3.7100e-01	3.8952e-01	6.0680e-01	6.8397e-01	6.5105e-01	9.0134e-01	6.3656e-01	2.5628e-01
3.1582e-01	3.9301e-01	3.1692e-01	6.7075e-01	9.4016e-01	5.2891e-01	4.8094e-01	3.4054e-01
3.2206e-01	3.4827e-01	8.4636e-01	3.0377e-01	6.7036e-01	8.9477e-01	3.4165e-01	3.2903e-01
7.0622e-01	9.8729e-01	6.6220e-01	3.8047e-01	6.8569e-01	8.0599e-01	6.3938e-01	1.6727e-01
9.6939e-01	4.8534e-01	4.6382e-01	6.5894e-01	7.7622e-01	9.5706e-01	6.7511e-01	1.5045e-01
6.3429e-01	9.3442e-01	9.9267e-01	8.3024e-01	4.9250e-01	5.2230e-01	4.2694e-01	1.7202e-01
5.3267e-01	3.5474e-01	3.5938e-01	7.2444e-01	3.3371e-01	5.0372e-01	3.0963e-01	4.1545e-01
8.7892e-01	8.1199e-01	9.9669e-01	6.3074e-01	4.3145e-01	7.7104e-01	9.9651e-01	7.4954e-02
3.9050e-01	7.0813e-01	6.4017e-01	9.8179e-01	8.7682e-01	3.4844e-01	5.3447e-01	2.2217e-01
3.5993e-01	5.9703e-01	6.2232e-01	5.4257e-01	9.1471e-01	6.3386e-01	5.1542e-01	2.6397e-01
8.5560e-01	7.1091e-01	5.8109e-01	7.3518e-01	5.7941e-01	7.4668e-01	9.6427e-01	1.2386e-01
9.7167e-01	8.0690e-01	4.2364e-01	8.1122e-01	4.0063e-01	6.7095e-01	9.5898e-01	1.4219e-01
5.5142e-01	3.9370e-01	6.4648e-01	8.2751e-01	4.0939e-01	3.5574e-01	6.9292e-01	3.0771e-01
2.9910e-01	7.3711e-01	3.9469e-01	3.8889e-01	6.2624e-01	5.1308e-01	4.1629e-01	3.7899e-01
5.4102e-01	6.1374e-01	8.8213e-01	6.0941e-01	6.4047e-01	3.4463e-01	8.6776e-01	2.1942e-01
6.1791e-01	8.4961e-01	7.7841e-01	4.4537e-01	7.9364e-01	4.4813e-01	4.4535e-01	2.3658e-01
5.6007e-01	6.2001e-01	8.1313e-01	6.1737e-01	5.4099e-01	6.3893e-01	7.9111e-01	2.0777e-01
6.9680e-01	5.6297e-01	6.2531e-01	3.7128e-01	7.0143e-01	8.3226e-01	8.8040e-01	1.9518e-01
4.6633e-01	5.6965e-01	6.3071e-01	3.3171e-01	3.2230e-01	4.1150e-01	5.6695e-01	3.8974e-01
5.8592e-01	4.6457e-01	3.2590e-01	9.5289e-01	4.1089e-01	5.6572e-01	7.6001e-01	2.8101e-01
4.2513e-01	4.2203e-01	3.8846e-01	5.8041e-01	7.7563e-01	7.4822e-01	5.0141e-01	3.1290e-01
3.2721e-01	4.1678e-01	7.9137e-01	3.0099e-01	6.0311e-01	8.2224e-01	5.4881e-01	3.1721e-01
5.0791e-01	4.4799e-01	9.3313e-01	9.6592e-01	4.2759e-01	7.7940e-01	4.5268e-01	2.1729e-01
3.6607e-01	4.5770e-01	9.2005e-01	8.7562e-01	7.7123e-01	7.5789e-01	6.4001e-01	1.7843e-01
6.8260e-01	4.7935e-01	5.7011e-01	5.9607e-01	6.1157e-01	7.0784e-01	7.2937e-01	2.3684e-01
9.9067e-01	7.5627e-01	7.1456e-01	5.5353e-01	7.1527e-01	4.8899e-01	9.9000e-01	1.1866e-01
2.4955e-01	5.9239e-01	2.1822e-01	2.8326e-01	4.6459e-01	3.4895e-01	2.7426e-01	5.1296e-01
3.7885e-01	5.7639e-01	8.0639e-01	9.0795e-01	9.5280e-01	4.7434e-01	9.5822e-01	1.4062e-01
4.0292e-01	5.0430e-01	5.2039e-01	8.3599e-01	9.7255e-01	8.7025e-01	9.0966e-01	1.4622e-01
8.6193e-01	9.8751e-01	4.4987e-01	7.9781e-01	6.2297e-01	6.1961e-01	7.0624e-01	1.4192e-01
5.7280e-01	8.9507e-01	9.6582e-01	8.6985e-01	5.1488e-01	6.0657e-01	8.8344e-01	1.0463e-01
6.3280e-01	5.2475e-01	3.3827e-01	6.0780e-01	4.3859e-01	3.2555e-01	8.2647e-01	3.3370e-01
6.7805e-01	8.9950e-01	5.9242e-01	5.9433e-01	4.6157e-01	7.2181e-01	7.0719e-01	1.9741e-01
7.8195e-01	6.0462e-01	9.6962e-01	5.4516e-01	6.4252e-01	5.4153e-01	6.3329e-01	1.8826e-01
4.8556e-01	7.7877e-01	8.7534e-01	6.7859e-01	7.0752e-01	9.1424e-01	5.0988e-01	1.5555e-01
6.1057e-01	8.1330e-01	4.1934e-01	7.3193e-01	6.8829e-01	3.4967e-01	8.5728e-01	2.2358e-01
6.9171e-01	9.9896e-01	9.7590e-01	6.5630e-01	8.4399e-01	5.6850e-01	8.3194e-01	6.7878e-02
4.9789e-01	6.7229e-01	9.5703e-01	5.1120e-01	6.9376e-01	4.0976e-01	7.5984e-01	2.1905e-01
5.5704e-01	6.1156e-01	7.4394e-01	9.7294e-01	4.5214e-01	8.4492e-01	5.8907e-01	1.8086e-01
7.5731e-01	5.1374e-01	6.4085e-01	8.5441e-01	5.2179e-01	3.2673e-01	3.5457e-01	2.9461e-01
6.2631e-01	9.4623e-01	5.5275e-01	6.9012e-01	9.4424e-01	5.5841e-01	8.6725e-01	1.2215e-01
3.9732e-01	3.6376e-01	2.5196e-01	4.4425e-01	5.6462e-01	3.4683e-01	3.5175e-01	4.7190e-01
7.2170e-01	7.2927e-01	4.7321e-01	7.8254e-01	3.3590e-01	3.1683e-01	5.3807e-01	3.0484e-01
9.8139e-01	7.1096e-01	4.3152e-01	4.8613e-01	4.7805e-01	4.4951e-01	6.3631e-01	2.6561e-01
6.4194e-01	4.2149e-01	8.8466e-01	9.4570e-01	3.3615e-01	3.4222e-01	3.9629e-01	2.9472e-01
5.7652e-01	6.7014e-01	7.6401e-01	3.7837e-01	5.6630e-01	6.6281e-01	3.0894e-01	3.0064e-01
4.9288e-01	5.0158e-01	7.8020e-01	4.6753e-01	6.8480e-01	4.6189e-01	5.7251e-01	2.9576e-01
9.6553e-01	4.3977e-01	5.9485e-01	6.9828e-01	6.9489e-01	5.9894e-01	8.6027e-01	1.6931e-01
7.6880e-01	9.5872e-01	8.2076e-01	6.4212e-01	5.5536e-01	3.7476e-01	5.2906e-01	1.9809e-01
7.4972e-01	8.7737e-01	4.3878e-01	8.8726e-01	3.7969e-01	6.2782e-01	8.7875e-01	1.7124e-01
5.7418e-01	5.5333e-01	4.4291e-01	3.7807e-01	5.3743e-01	9.7688e-01	6.5627e-01	2.7348e-01
4.2847e-01	3.3475e-01	8.0710e-01	3.2725e-01	7.0244e-01	4.4035e-01	5.4539e-01	3.4905e-01
4.0955e-01	4.9371e-01	7.8178e-01	9.1967e-01	3.8353e-01	9.3579e-01	5.1189e-01	2.2850e-01
3.6395e-01	7.1227e-01	8.8268e-01	5.8289e-01	7.4295e-01	4.4483e-01	7.3014e-01	2.2506e-01
4.6422e-01	2.9766e-01	2.9278e-01	6.1795e-01	5.2593e-01	7.6054e-01	5.3241e-01	3.6254e-01
9.4698e-01	7.6775e-01	7.6753e-01	9.7181e-01	9.2310e-01	4.5121e-01	9.3510e-01	4.0036e-02
7.8622e-01	3.5769e-01	2.7404e-01	5.4433e-01	4.1200e-01	2.9847e-01	3.4327e-01	4.2991e-01
8.4464e-01	7.4646e-01	4.2694e-01	3.6591e-01	3.1209e-01	5.6166e-01	7.0748e-01	2.9524e-01
9.6696e-01	3.2910e-01	4.7415e-01	5.4649e-01	4.4752e-01	4.0389e-01	4.3722e-01	3.4626e-01
5.2133e-01	3.6437e-01	6.5029e-01	7.6239e-01	4.4798e-01	4.5919e-01	8.9305e-01	2.7630e-01
7.4860e-01	7.5523e-01	9.1569e-01	4.8352e-01	6.7210e-01	6.5444e-01	4.9562e-01	1.8736e-01
4.6740e-01	4.3328e-01	5.2669e-01	9.9008e-01	9.7525e-01	3.9944e-01	7.0472e-01	2.1983e-01
8.2964e-01	6.8408e-01	6.5086e-01	5.6803e-01	5.2949e-01	8.6088e-01	8.1566e-01	1.5713e-01
7.4136e-01	7.8426e-01	5.2810e-01	9.8651e-01	8.0909e-01	9.1368e-01	6.2465e-01	9.3476e-02
6.5549e-01	9.9372e-01	9.8095e-01	5.9402e-01	6.8467e-01	7.1457e-01	7.3320e-01	9.7789e-02
6.7706e-01	5.8483e-01	8.8682e-01	3.6264e-01	4.7778e-01	8.9268e-01	7.5251e-01	2.0028e-01
7.0152e-01	6.0553e-01	6.6694e-01	7.9417e-01	4.3974e-01	7.5074e-01	6.9701e-01	1.9729e-01
6.5419e-01	4.2766e-01	4.3851e-01	3.1735e-01	5.4413e-01	5.9054e-01	3.9211e-01	3.8049e-01
4.0769e-01	6.0328e-01	7.1049e-01	6.5999e-01	3.4372e-01	5.0254e-01	9.9159e-01	2.5919e-01
6.0267e-01	5.4258e-01	8.5623e-01	9.9064e-01	7.0189e-01	5.0093e-01	5.3990e-01	1.8602e-01
7.0697e-01	5.7470e-01	7.3539e-01	4.6532e-01	4.4971e-01	3.9800e-01	5.5237e-01	3.0693e-01
2.9086e-01	7.0100e-01	3.7074e-01	6.6944e-01	3.0620e-01	4.5177e-01	8.1603e-01	3.4627e-01
9.2410e-01	6.8699e-01	8.7631e-01	4.8418e-01	9.1321e-01	7.8030e-01	4.4218e-01	1.3315e-01
6.8493e-01	6.2929e-01	8.2016e-01	8.4600e-01	3.7923e-01	3.6828e-01	8.4792e-01	2.0855e-01
7.6952e-01	5.1980e-01	7.5275e-01	4.3066e-01	9.3829e-01	5.8999e-01	5.4076e-01	2.1339e-01
5.4701e-01	6.5414e-01	6.3786e-01	4.3096e-01	3.9968e-01	8.4721e-01	6.0979e-01	2.7237e-01
4.4607e-01	4.5370e-01	7.9529e-01	3.7945e-01	7.2072e-01	2.8094e-01	3.2702e-01	3.7494e-01
6.0707e-01	6.6544e-01	6.1692e-01	5.7501e-01	6.1259e-01	4.3415e-01	7.3234e-01	2.5574e-01
5.5561e-01	7.8279e-01	5.0998e-01	8.5390e-01	7.8059e-01	5.7569e-01	5.9984e-01	1.9693e-01
5.1074e-01	8.0888e-01	6.1098e-01	4.4272e-01	8.1880e-01	4.1162e-01	8.9771e-01	2.1915e-01
9.9412e-01	4.7310e-01	4.0999e-01	3.4727e-01	3.6709e-01	8.8601e-01	3.6235e-01	3.1303e-01
8.7918e-01	3.5074e-01	5.8927e-01	5.1289e-01	3.7161e-01	7.9060e-01	8.5074e-01	2.4134e-01
6.6222e-01	8.0453e-01	5.4450e-01	5.3141e-01	3.5813e-01	4.2006e-01	7.4733e-01	2.8062e-01
4.5853e-01	5.3619e-01	9.4963e-01	6.8765e-01	5.1939e-01	7.4270e-01	1.0000e+00	1.6343e-01
4.5873e-01	5.7667e-01	5.5810e-01	8.3975e-01	3.2946e-01	3.2345e-01	7.2706e-01	3.1681e-01
9.0309e-01	6.1742e-01	9.2734e-01	9.5771e-01	8.7346e-01	5.4956e-01	9.7244e-01	3.4693e-02
8.1101e-01	6.4449e-01	7.0081e-01	4.0513e-01	4.7480e-01	7.5206e-01	4.4583e-01	2.5707e-01
3.2573e-01	5.7343e-01	4.5098e-01	4.2544e-01	8.7798e-01	5.2731e-01	8.9510e-01	2.7957e-01
3.5740e-01	2.9385e-01	4.8823e-01	3.3003e-01	3.8786e-01	8.4643e-01	3.3141e-01	4.2726e-01
3.7128e-01	5.3633e-01	5.2632e-01	5.9046e-01	4.4875e-01	7.5429e-01	6.0339e-01	3.1437e-01
3.2019e-01	6.3889e-01	3.3241e-01	3.2134e-01	9.9817e-01	5.3058e-01	9.3563e-01	2.7941e-01
6.1979e-01	4.7102e-01	5.1124e-01	6.6611e-01	5.9252e-01	5.1701e-01	3.9778e-01	3.2218e-01
6.8580e-01	7.1822e-01	3.1375e-01	6.5201e-01	3.1301e-01	3.4137e-01	9.2683e-01	2.9727e-01
6.5821e-01	7.7183e-01	8.1985e-01	5.1549e-01	3.4837e-01	7.7222e-01	3.9690e-01	2.5016e-01
8.6283e-01	4.3011e-01	7.3314e-01	4.4720e-01	7.7040e-01	8.2350e-01	7.6975e-01	1.7153e-01
5.7039e-01	5.8847e-01	7.2480e-01	9.4946e-01	3.3815e-01	5.2595e-01	4.4891e-01	2.6957e-01
7.1833e-01	5.2230e-01	8.6908e-01	4.9988e-01	8.8209e-01	7.2558e-01	5.7787e-01	1.7745e-01
8.4928e-01	8.0486e-01	9.1491e-01	7.2104e-01	8.9251e-01	5.0749e-01	7.1767e-01	9.0498e-02
6.4954e-01	4.3402e-01	7.9039e-01	3.4505e-01	3.6369e-01	9.7898e-01	8.3394e-01	2.3418e-01
6.9827e-01	9.3161e-01	5.5930e-01	4.1940e-01	7.7169e-01	6.9597e-01	5.4594e-01	2.0205e-01
3.1844e-01	3.2820e-01	2.3658e-01	2.5649e-01	5.2301e-01	3.1650e-01	4.5452e-01	5.1258e-01
9.6136e-01	3.5223e-01	8.8130e-01	4.5799e-01	7.7496e-01	3.8550e-01	5.0361e-01	2.4522e-01
3.6966e-01	3.5376e-01	7.2522e-01	6.7417e-01	5.8445e-01	8.0799e-01	9.7920e-01	2.2018e-01
5.6270e-01	4.2119e-01	5.9286e-01	6.2132e-01	7.6339e-01	3.4913e-01	6.9636e-01	2.8930e-01
3.4529e-01	2.4003e-01	2.3998e-01	6.6961e-01	6.5999e-01	2.4848e-01	2.9981e-01	4.7435e-01
6.9747e-01	9.3236e-01	7.4204e-01	6.0845e-01	4.2814e-01	4.5764e-01	7.9385e-01	1.9663e-01
5.2107e-01	6.7998e-01	6.7203e-01	7.9517e-01	4.5566e-01	7.7032e-01	9.9019e-01	1.6485e-01
6.5181e-01	9.9704e-01	5.0589e-01	4.3972e-01	8.2839e-01	7.5883e-01	9.1330e-01	1.3498e-01
9.1668e-01	4.3254e-01	4.0273e-01	3.6106e-01	6.3986e-01	3.4813e-01	6.2214e-01	3.2955e-01
8.5084e-01	7.9755e-01	8.0422e-01	5.8078e-01	8.5618e-01	6.8005e-01	6.1329e-01	1.2243e-01
5.3072e-01	8.9056e-01	6.0938e-01	8.2335e-01	9.8128e-01	7.0653e-01	5.5022e-01	1.3541e-01
4.3417e-01	2.8911e-01	3.7209e-01	4.3381e-01	8.2934e-01	2.7480e-01	7.4389e-01	3.7868e-01
3.8788e-01	5.3563e-01	8.8892e-01	8.5528e-01	6.8909e-01	5.9307e-01	4.4319e-01	2.3453e-01
4.1355e-01	3.3144e-01	7.8889e-01	8.3413e-01	5.8624e-01	7.8572e-01	3.1768e-01	2.8215e-01
7.4486e-01	5.2166e-01	5.3822e-01	6.6324e-01	4.5919e-01	9.8786e-01	8.5419e-01	1.8120e-01
3.9173e-01	4.4607e-01	9.3672e-01	9.1892e-01	3.9554e-01	5.8024e-01	7.8543e-01	2.2578e-01
3.4482e-01	3.5635e-01	7.5715e-01	8.0058e-01	9.6982e-01	8.5076e-01	3.6241e-01	2.2765e-01
4.3183e-01	4.6480e-01	7.9920e-01	6.4990e-01	8.3719e-01	6.7288e-01	9.5925e-01	1.7466e-01
7.8680e-01	8.9737e-01	6.6419e-01	6.0419e-01	6.3410e-01	8.9498e-01	7.4325e-01	1.1653e-01
8.0431e-01	8.4479e-01	5.7286e-01	7.6934e-01	4.7432e-01	7.5275e-01	9.1512e-01	1.2950e-01
4.0694e-01	7.2845e-01	8.7130e-01	8.7136e-01	9.1663e-01	7.9711e-01	4.0561e-01	1.4882e-01
8.6489e-01	7.3164e-01	7.6120e-01	7.5446e-01	4.1609e-01	8.6496e-01	9.5306e-01	9.9273e-02
7.1736e-01	5.7949e-01	5.5710e-01	7.3869e-01	4.1278e-01	9.5871e-01	5.6228e-01	2.1566e-01
7.7797e-01	3.6605e-01	3.9182e-01	5.6307e-01	5.2585e-01	5.7921e-01	8.4966e-01	2.8270e-01
9.4431e-01	7.0623e-01	3.3677e-01	3.3945e-01	3.6190e-01	9.0792e-01	3.3548e-01	2.9999e-01
7.2734e-01	8.6505e-01	9.0967e-01	8.7319e-01	6.3339e-01	7.1977e-01	4.1180e-01	1.2851e-01
3.7790e-01	7.2013e-01	4.1977e-01	8.1552e-01	8.8852e-01	8.9940e-01	3.9228e-01	2.1755e-01
3.8885e-01	6.1270e-01	3.6215e-01	8.3819e-01	7.7293e-01	6.2459e-01	9.4559e-01	2.1305e-01
6.6119e-01	6.3085e-01	3.9681e-01	9.8286e-01	5.6726e-01	9.3785e-01	5.1252e-01	1.9258e-01
6.1091e-01	5.1309e-01	8.2794e-01	6.8666e-01	5.0994e-01	5.3181e-01	5.1368e-01	2.6274e-01
9.8946e-01	3.8178e-01	3.4335e-01	3.3530e-01	3.5894e-01	3.2190e-01	6.0305e-01	3.8479e-01
3.9791e-01	7.0962e-01	9.1311e-01	6.3465e-01	4.9798e-01	8.4760e-01	5.6949e-01	2.0940e-01
3.5084e-01	9.9033e-01	7.0712e-01	6.3555e-01	4.0993e-01	7.4776e-01	4.8366e-01	2.4422e-01
4.6343e-01	5.8259e-01	3.4382e-01	4.1265e-01	4.6243e-01	9.9553e-01	6.0176e-01	3.0995e-01
7.0713e-01	7.7021e-01	8.2529e-01	7.6604e-01	6.8881e-01	7.7273e-01	5.1218e-01	1.4240e-01
4.1564e-01	3.0263e-01	9.1069e-01	3.5433e-01	4.3935e-01	6.4752e-01	6.7185e-01	3.2688e-01
6.3878e-01	6.9930e-01	4.5865e-01	9.4561e-01	6.6290e-01	4.9412e-01	8.6755e-01	1.8152e-01
3.7705e-01	5.0978e-01	2.8839e-01	5.6998e-01	9.2032e-01	4.7409e-01	3.1438e-01	3.6784e-01
6.5782e-01	6.1297e-01	4.9056e-01	4.4208e-01	4.7453e-01	8.1027e-01	6.8201e-01	2.6619e-01
7.7175e-01	6.3436e-01	8.7089e-01	5.5154e-01	3.5482e-01	6.8425e-01	6.6541e-01	2.1463e-01
5.7957e-01	9.5297e-01	5.2724e-01	6.6367e-01	6.6558e-01	3.7424e-01	6.6150e-01	2.3005e-01
6.3832e-01	7.8246e-01	4.4861e-01	8.2877e-01	8.6920e-01	6.6524e-01	7.8382e-01	1.4614e-01
5.1475e-01	5.1677e-01	3.3195e-01	6.5458e-01	3.3196e-01	5.3062e-01	9.4377e-01	3.1526e-01
4.3816e-01	3.8782e-01	6.1005e-01	3.6891e-01	5.9179e-01	6.5447e-01	2.7974e-01	3.8526e-01
3.8194e-01	5.5790e-01	4.6558e-01	9.0713e-01	9.6674e-01	4.4907e-01	4.5652e-01	2.6412e-01
8.3742e-01	2.9998e-01	3.0445e-01	6.5835e-01	2.8497e-01	2.6034e-01	3.6101e-01	4.3125e-01
5.7599e-01	4.2301e-01	9.0233e-01	9.6044e-01	5.2994e-01	4.2794e-01	6.5773e-01	2.2252e-01
4.9023e-01	6.3207e-01	8.1065e-01	4.4171e-01	6.3695e-01	7.1944e-01	5.8185e-01	2.4591e-01
9.2243e-01	3.3421e-01	7.4823e-01	3.2465e-01	3.9909e-01	4.7494e-01	6.9624e-01	3.0444e-01
4.6698e-01	7.4285e-01	6.1982e-01	3.2227e-01	7.0659e-01	5.6701e-01	3.0861e-01	3.2804e-01
7.7629e-01	3.7292e-01	3.3510e-01	6.5067e-01	8.1084e-01	3.6291e-01	4.8646e-01	3.1936e-01
5.6717e-01	7.9192e-01	4.4357e-01	5.0573e-01	7.8475e-01	4.3705e-01	4.7684e-01	2.8933e-01
8.6576e-01	5.1755e-01	6.3432e-01	4.4331e-01	6.7234e-01	5.2828e-01	7.4596e-01	2.3244e-01
5.4267e-01	3.3943e-01	7.9338e-01	5.7348e-01	6.2662e-01	4.1001e-01	7.8160e-01	2.8072e-01
3.3811e-01	5.6804e-01	4.1017e-01	7.2216e-01	5.0650e-01	9.6675e-01	5.4548e-01	2.8230e-01
4.7174e-01	4.1521e-01	4.6746e-01	6.0632e-01	5.7319e-01	3.0536e-01	6.2798e-01	3.6590e-01
5.5231e-01	3.7235e-01	6.2673e-01	6.3767e-01	9.2153e-01	3.5019e-01	3.1077e-01	3.2270e-01
3.5294e-01	3.2451e-01	3.0152e-01	6.3415e-01	6.8613e-01	9.0194e-01	5.0429e-01	3.3220e-01
7.0526e-01	9.0827e-01	2.9533e-01	2.9780e-01	5.3585e-01	3.4423e-01	5.7539e-01	3.3826e-01
3.4300e-01	6.2681e-01	9.8625e-01	6.6163e-01	3.7395e-01	3.4547e-01	7.3381e-01	2.8020e-01
3.9564e-01	4.2563e-01	7.8608e-01	6.1996e-01	8.5011e-01	4.8270e-01	7.2516e-01	2.4981e-01
4.7103e-01	4.8183e-01	3.6120e-01	9.5160e-01	3.7343e-01	6.7217e-01	8.0560e-01	2.7380e-01
7.9227e-01	8.7054e-01	7.1597e-01	7.1396e-01	5.7023e-01	7.0865e-01	9.1233e-01	1.0812e-01
6.4761e-01	3.9933e-01	5.8181e-01	5.9537e-01	6.5788e-01	5.8555e-01	6.6598e-01	2.7136e-01
7.4956e-01	8.8573e-01	2.8891e-01	3.6031e-01	3.3054e-01	3.8577e-01	4.0516e-01	3.7461e-01
8.3718e-01	8.1924e-01	8.9230e-01	8.7410e-01	8.9067e-01	6.6865e-01	4.8198e-01	8.2532e-02
7.2519e-01	4.6100e-01	4.3013e-01	4.5243e-01	7.3366e-01	8.6250e-01	7.0254e-01	2.3821e-01
6.0455e-01	5.8922e-01	7.9735e-01	9.7954e-01	5.8854e-01	5.3748e-01	9.7720e-01	1.3792e-01
7.6941e-01	8.6840e-01	7.7690e-01	7.7926e-01	9.0351e-01	4.0194e-01	5.4382e-01	1.4224e-01
3.0789e-01	4.5436e-01	3.1393e-01	6.4155e-01	4.7223e-01	2.5839e-01	5.1587e-01	4.3731e-01
4.9644e-01	3.0358e-01	3.3369e-01	6.6376e-01	8.7513e-01	6.4496e-01	4.3864e-01	3.2496e-01
7.0345e-01	6.2052e-01	4.2245e-01	5.1151e-01	5.2323e-01	7.3869e-01	5.4006e-01	2.8184e-01
8.5137e-01	9.2685e-01	7.0914e-01	5.6187e-01	4.5586e-01	9.8198e-01	8.5138e-01	1.0041e-01
7.8831e-01	5.5567e-01	4.8361e-01	9.4177e-01	5.4371e-01	7.0537e-01	3.7303e-01	2.3479e-01
7.7046e-01	4.5699e-01	3.2472e-01	3.6246e-01	5.5679e-01	6.7955e-01	9.8201e-01	2.7146e-01
5.0576e-01	7.0933e-01	3.0244e-01	5.8501e-01	3.8549e-01	4.9113e-01	4.7726e-01	3.6749e-01
5.4823e-01	5.3920e-01	7.6203e-01	7.5464e-01	5.9555e-01	8.4467e-01	5.2232e-01	2.0993e-01
5.3214e-01	3.8285e-01	6.3598e-01	3.2231e-01	5.5251e-01	9.7589e-01	6.9745e-01	2.7627e-01
9.3852e-01	7.1282e-01	4.2444e-01	5.9502e-01	8.8818e-01	7.7164e-01	6.1311e-01	1.5642e-01
9.8470e-01	8.0259e-01	8.8782e-01	9.4849e-01	6.4539e-01	8.3542e-01	7.3668e-01	2.9046e-02
9.1813e-01	7.5699e-01	8.6502e-01	3.8495e-01	6.2736e-01	8.9645e-01	6.1460e-01	1.3937e-01
8.8534e-01	5.0775e-01	4.1852e-01	7.4518e-01	7.8367e-01	6.9980e-01	4.9999e-01	2.1367e-01
3.0463e-01	2.8461e-01	9.2337e-01	4.5589e-01	5.2730e-01	4.2668e-01	3.4365e-01	3.9439e-01
3.5545e-01	2.8454e-01	3.3700e-01	6.7886e-01	6.8408e-01	3.7840e-01	5.4041e-01	3.9552e-01
8.1214e-01	7.1710e-01	6.3925e-01	6.5371e-01	3.7982e-01	6.4863e-01	3.7719e-01	2.5797e-01
5.7475e-01	9.1816e-01	9.0412e-01	5.0384e-01	7.4046e-01	7.7174e-01	9.2166e-01	1.0092e-01
3.7051e-01	4.2738e-01	9.6854e-01	6.1498e-01	8.4691e-01	6.1746e-01	6.4944e-01	2.2002e-01
7.7478e-01	5.5476e-01	7.1137e-01	4.2391e-01	7.1424e-01	7.9267e-01	4.1929e-01	2.3482e-01
5.1912e-01	4.0165e-01	8.9977e-01	7.0464e-01	5.4513e-01	8.4354e-01	6.4717e-01	2.1070e-01
8.6157e-01	4.8803e-01	9.7938e-01	8.4387e-01	6.7287e-01	9.2612e-01	7.5274e-01	7.3952e-02
3.8585e-01	5.8575e-01	9.3879e-01	5.8112e-01	5.0178e-01	3.7143e-01	7.2449e-01	2.7760e-01
8.2731e-01	5.9550e-01	5.4263e-01	3.5874e-01	6.3562e-01	9.8516e-01	7.2999e-01	1.9456e-01
3.9832e-01	3.5179e-01	6.0241e-01	3.7543e-01	8.9732e-01	7.0561e-01	8.7743e-01	2.6077e-01
3.5106e-01	3.4781e-01	3.6765e-01	6.1689e-01	9.2332e-01	4.0249e-01	6.3156e-01	3.4132e-01
3.5611e-01	7.0158e-01	8.8945e-01	3.6440e-01	8.3397e-01	3.5181e-01	5.7391e-01	2.8016e-01
7.8693e-01	6.1965e-01	4.7232e-01	6.2694e-01	8.7722e-01	6.9155e-01	6.2323e-01	1.9131e-01
5.3357e-01	6.6415e-01	7.2614e-01	8.2169e-01	7.7429e-01	4.9380e-01	8.8057e-01	1.6342e-01
9.3625e-01	9.9448e-01	4.2716e-01	9.7097e-01	4.8526e-01	8.4254e-01	5.6467e-01	1.1706e-01
4.9502e-01	5.8318e-01	7.3203e-01	5.7303e-01	8.6099e-01	7.2194e-01	4.6262e-01	2.2948e-01
5.1089e-01	8.4950e-01	3.7427e-01	5.3252e-01	5.4006e-01	9.8326e-01	7.1459e-01	2.1874e-01
3.9397e-01	6.4954e-01	9.4518e-01	8.5654e-01	6.3156e-01	8.1372e-01	8.7141e-01	1.2546e-01
4.7851e-01	5.9329e-01	4.4744e-01	5.3747e-01	7.5437e-01	3.2860e-01	6.5875e-01	3.1892e-01
3.7262e-01	4.1113e-01	4.2808e-01	7.7639e-01	6.4022e-01	7.6781e-01	9.2789e-01	2.4439e-01
3.6353e-01	5.1474e-01	6.7756e-01	7.6576e-01	3.8961e-01	5.4589e-01	9.8285e-01	2.5628e-01
7.0012e-01	6.7636e-01	4.5406e-01	2.8780e-01	3.4947e-01	6.7151e-01	3.8796e-01	3.5740e-01
6.3476e-01	5.5928e-01	5.7348e-01	4.7869e-01	8.9539e-01	5.7557e-01	5.8305e-01	2.4771e-01
6.4676e-01	5.0182e-01	8.4567e-01	3.8374e-01	5.6036e-01	4.5645e-01	7.7681e-01	2.6589e-01
8.1565e-01	9.5610e-01	8.8955e-01	6.6569e-01	6.0113e-01	9.7419e-01	5.7776e-01	8.0300e-02
8.8636e-01	4.2716e-01	2.7658e-01	3.8897e-01	4.0857e-01	7.3908e-01	2.7672e-01	3.7498e-01
4.8358e-01	9.5163e-01	7.9301e-01	9.1997e-01	4.6514e-01	9.1197e-01	7.0438e-01	1.1588e-01
8.4097e-01	7.6311e-01	8.2427e-01	4.5715e-01	8.1136e-01	4.6514e-01	4.7764e-01	1.9949e-01
9.6607e-01	8.0637e-01	4.2782e-01	8.8371e-01	9.5645e-01	8.7407e-01	6.5725e-01	6.7338e-02
4.1004e-01	5.9814e-01	4.7843e-01	4.8241e-01	2.9146e-01	3.8393e-01	7.1014e-01	3.8190e-01
5.0457e-01	9.7649e-01	9.4815e-01	5.3434e-01	4.1453e-01	9.1013e-01	4.5133e-01	1.8539e-01
6.0152e-01	9.0674e-01	9.6833e-01	5.4762e-01	4.8072e-01	3.6039e-01	4.6745e-01	2.4303e-01
7.2627e-01	8.1223e-01	5.8225e-01	7.7878e-01	5.6188e-01	4.0068e-01	3.6173e-01	2.5854e-01
3.6581e-01	5.1945e-01	9.2235e-01	4.1495e-01	7.6925e-01	8.4865e-01	3.5618e-01	2.6242e-01
8.3787e-01	5.3389e-01	4.7664e-01	6.1436e-01	5.6080e-01	7.4320e-01	7.9257e-01	2.1096e-01
8.7766e-01	6.6951e-01	8.4848e-01	9.0426e-01	5.3182e-01	4.6107e-01	8.1239e-01	1.3343e-01
7.6518e-01	7.8973e-01	7.1002e-01	4.4509e-01	4.2302e-01	4.9103e-01	4.9456e-01	2.7344e-01
4.9871e-01	6.3870e-01	6.3356e-01	8.5165e-01	7.2768e-01	5.2946e-01	9.5368e-01	1.7206e-01
6.3549e-01	6.4089e-01	5.6974e-01	8.5728e-01	8.5697e-01	6.0318e-01	8.0441e-01	1.5298e-01
7.9393e-01	8.8187e-01	7.3688e-01	8.0890e-01	8.7519e-01	7.7751e-01	7.1854e-01	6.4308e-02
4.9305e-01	3.3763e-01	9.3462e-01	5.7481e-01	6.9802e-01	7.6176e-01	5.6500e-01	2.3851e-01
8.9525e-01	6.9732e-01	7.5233e-01	8.3522e-01	6.7599e-01	8.3405e-01	8.2213e-01	7.5720e-02
3.9488e-01	6.3630e-01	9.2702e-01	4.9629e-01	6.1037e-01	6.1910e-01	4.7858e-01	2.6723e-01
5.7238e-01	5.1526e-01	1.0000e+00	4.0973e-01	8.9278e-01	9.5028e-01	5.0624e-01	1.7016e-01
8.7495e-01	4.6168e-01	6.2002e-01	8.2817e-01	5.4172e-01	4.0669e-01	5.1412e-01	2.5517e-01
9.6050e-01	7.0021e-01	7.9697e-01	9.3614e-01	5.9577e-01	8.3459e-01	5.5690e-01	9.4329e-02
8.1733e-01	7.5733e-01	3.4224e-01	6.8579e-01	7.3780e-01	4.6915e-01	6.1111e-01	2.3062e-01
8.6046e-01	9.4048e-01	8.9159e-01	9.4357e-01	8.3356e-01	7.8663e-01	4.8548e-01	4.3153e-02
9.5844e-01	6.9175e-01	7.6482e-01	7.5193e-01	8.9914e-01	9.6163e-01	5.2748e-01	6.9642e-02
4.8581e-01	8.1914e-01	5.4696e-01	8.4586e-01	4.4381e-01	8.4631e-01	4.3069e-01	2.3099e-01
9.2865e-01	5.9076e-01	4.7807e-01	8.6945e-01	5.9391e-01	9.6689e-01	4.0440e-01	1.7228e-01
4.7923e-01	5.8042e-01	8.6166e-01	7.3029e-01	7.9456e-01	9.5784e-01	8.6689e-01	1.1001e-01
4.7706e-01	4.8119e-01	7.5628e-01	7.8189e-01	4.8477e-01	7.8331e-01	6.9808e-01	2.2469e-01
7.0439e-01	7.3327e-01	8.8545e-01	4.4244e-01	8.3866e-01	3.9572e-01	4.6927e-01	2.2366e-01
8.4786e-01	9.1521e-01	7.1963e-01	7.0404e-01	9.3869e-01	1.0000e+00	9.0175e-01	2.6945e-03
8.7318e-01	8.6178e-01	6.9856e-01	7.1416e-01	5.0855e-01	6.3598e-01	7.0532e-01	1.4875e-01
8.8406e-01	3.2181e-01	4.0009e-01	5.2690e-01	4.2639e-01	2.9101e-01	4.9718e-01	3.8286e-01
3.7846e-01	5.3166e-01	6.4982e-01	9.9801e-01	4.4468e-01	7.8362e-01	6.6248e-01	2.2669e-01
9.0540e-01	9.1853e-01	3.9431e-01	4.5579e-01	8.0329e-01	7.0322e-01	8.3066e-01	1.4685e-01
3.1898e-01	5.3212e-01	5.9803e-01	7.1753e-01	3.5930e-01	8.1980e-01	5.7159e-01	3.0210e-01
9.8986e-01	7.3073e-01	8.7287e-01	5.5832e-01	7.4482e-01	7.8168e-01	5.2692e-01	1.1925e-01
3.8379e-01	4.9271e-01	4.7940e-01	2.8891e-01	7.4995e-01	4.9554e-01	5.9846e-01	3.6287e-01
8.9088e-01	7.3267e-01	5.0528e-01	3.9264e-01	7.3100e-01	6.2929e-01	3.7992e-01	2.5317e-01
3.0418e-01	6.2474e-01	4.8961e-01	6.6719e-01	3.5718e-01	3.8806e-01	5.3304e-01	3.8058e-01
7.1455e-01	4.6334e-01	6.6322e-01	4.3410e-01	5.9351e-01	7.8402e-01	5.5216e-01	2.6123e-01
8.2854e-01	6.8788e-01	3.6479e-01	8.1228e-01	7.2465e-01	3.6650e-01	7.6625e-01	2.1214e-01
6.4077e-01	3.0599e-01	2.9843e-01	6.9633e-01	3.8315e-01	4.7324e-01	6.2649e-01	3.7200e-01
4.1766e-01	5.8213e-01	5.3227e-01	5.8168e-01	9.3708e-01	7.0699e-01	6.0767e-01	2.3850e-01
4.4604e-01	5.4555e-01	7.6887e-01	5.8703e-01	4.3583e-01	3.3830e-01	6.7190e-01	3.1957e-01
7.0896e-01	6.4288e-01	5.0702e-01	9.9298e-01	6.2555e-01	4.8732e-01	7.4038e-01	1.9028e-01
9.5128e-01	7.8932e-01	3.4499e-01	6.9190e-01	9.0629e-01	3.4711e-01	3.8459e-01	2.3135e-01
7.5570e-01	5.4679e-01	9.9731e-01	9.1766e-01	9.1988e-01	8.2847e-01	4.1536e-01	9.4310e-02
9.2991e-01	7.5497e-01	5.9171e-01	5.4772e-01	6.1624e-01	8.6745e-01	8.7099e-01	1.2302e-01
3.3454e-01	7.7588e-01	6.6984e-01	9.0003e-01	3.3726e-01	3.6121e-01	9.3861e-01	2.4529e-01
8.0358e-01	5.0591e-01	6.3844e-01	8.4248e-01	4.8816e-01	9.5529e-01	4.4966e-01	1.9335e-01
6.1390e-01	6.9542e-01	6.2402e-01	3.4075e-01	9.0219e-01	5.3020e-01	7.2464e-01	2.2912e-01
5.6442e-01	9.8453e-01	5.5899e-01	3.9760e-01	5.4553e-01	7.8057e-01	6.6476e-01	2.1992e-01
7.6263e-01	6.3419e-01	4.1708e-01	5.1452e-01	9.8942e-01	4.6145e-01	8.9570e-01	1.9453e-01
5.2329e-01	9.5140e-01	3.3578e-01	4.6748e-01	5.8171e-01	4.7091e-01	5.1440e-01	3.1235e-01
5.2417e-01	6.4156e-01	4.3703e-01	3.8197e-01	9.4403e-01	6.2040e-01	3.3415e-01	3.0691e-01
3.5023e-01	9.4889e-01	8.5021e-01	4.5679e-01	3.5450e-01	5.4491e-01	8.2264e-01	2.4374e-01
5.6683e-01	9.3070e-01	8.1619e-01	7.9240e-01	7.1468e-01	9.0338e-01	8.8524e-01	6.1979e-02
4.8262e-01	7.3109e-01	8.1567e-01	6.0400e-01	4.3721e-01	5.3846e-01	6.4913e-01	2.5366e-01
5.6602e-01	7.0879e-01	5.9107e-01	4.5893e-01	8.6623e-01	3.3287e-01	3.0652e-01	3.1435e-01
3.5630e-01	7.3677e-01	6.8267e-01	5.8906e-01	6.5885e-01	9.2246e-01	6.8577e-01	2.0072e-01
7.6299e-01	8.2412e-01	8.9641e-01	7.2383e-01	9.7280e-01	5.6099e-01	6.6763e-01	9.0374e-02
4.2979e-01	9.9398e-01	5.8892e-01	5.3846e-01	8.5360e-01	3.7946e-01	8.5583e-01	1.9951e-01
6.2180e-01	5.7381e-01	8.2192e-01	9.5035e-01	5.2869e-01	5.1080e-01	5.1974e-01	2.1549e-01
9.5710e-01	3.5748e-01	4.9134e-01	5.5490e-01	6.5757e-01	7.2045e-01	4.3132e-01	2.6615e-01
4.8880e-01	4.7220e-01	4.2284e-01	8.0771e-01	9.4199e-01	5.9624e-01	4.2807e-01	2.6796e-01
2.9850e-01	4.3731e-01	2.2940e-01	3.5912e-01	5.0114e-01	3.6316e-01	3.0953e-01	5.0346e-01
8.7684e-01	7.2738e-01	8.6263e-01	5.9291e-01	4.2897e-01	7.1120e-01	6.0614e-01	1.7589e-01
9.1725e-01	6.6068e-01	8.0131e-01	5.1679e-01	9.0294e-01	9.3187e-01	5.2948e-01	1.1147e-01
3.8117e-01	6.1354e-01	5.0041e-01	3.5177e-01	7.1222e-01	9.8245e-01	7.5839e-01	2.4783e-01
9.5521e-01	4.5537e-01	6.6467e-01	9.8612e-01	9.0821e-01	9.1864e-01	8.6006e-01	4.2249e-02
3.5564e-01	5.5238e-01	7.7372e-01	5.8068e-01	6.2804e-01	8.8417e-01	6.5852e-01	2.2889e-01
5.8554e-01	8.2877e-01	6.7942e-01	7.6649e-01	3.3736e-01	3.9658e-01	4.0959e-01	2.8976e-01
8.1520e-01	8.8292e-01	8.0155e-01	5.1075e-01	8.4825e-01	7.4487e-01	6.3856e-01	1.1404e-01
5.1810e-01	5.6584e-01	4.5538e-01	8.0009e-01	5.9021e-01	5.7331e-01	7.9510e-01	2.4806e-01
5.9051e-01	3.4348e-01	6.1948e-01	3.0890e-01	2.9039e-01	4.7332e-01	8.6651e-01	3.6227e-01
8.9570e-01	9.8705e-01	7.7580e-01	3.8791e-01	9.4333e-01	6.9372e-01	4.6561e-01	1.2723e-01
4.1649e-01	4.7124e-01	8.6298e-01	3.5701e-01	9.0703e-01	9.8766e-01	5.7335e-01	2.0864e-01
8.8462e-01	9.3492e-01	7.3584e-01	7.5207e-01	9.8260e-01	9.5254e-01	7.1708e-01	1.2267e-02
4.3367e-01	5.0268e-01	9.6496e-01	6.1047e-01	3.6169e-01	7.9235e-01	4.9933e-01	2.6687e-01
4.9928e-01	6.8096e-01	9.3144e-01	8.4161e-01	4.0359e-01	5.9101e-01	5.0331e-01	2.2627e-01
7.5898e-01	8.6231e-01	9.4251e-01	5.4228e-01	9.3888e-01	7.5116e-01	4.7480e-01	1.0995e-01
2.4772e-01	6.6980e-01	2.9310e-01	5.5248e-01	3.8096e-01	3.6907e-01	2.8305e-01	4.6118e-01
4.1482e-01	7.3576e-01	3.8231e-01	9.6069e-01	6.7699e-01	5.2095e-01	5.2563e-01	2.5957e-01
3.9974e-01	4.8052e-01	6.5628e-01	6.0556e-01	5.8389e-01	3.9637e-01	9.9832e-01	2.7317e-01
5.3449e-01	3.7467e-01	5.5037e-01	9.8013e-01	3.1008e-01	6.4127e-01	3.2086e-01	3.3122e-01
3.8298e-01	2.8937e-01	8.5649e-01	2.7976e-01	5.0036e-01	3.9962e-01	3.8699e-01	4.1859e-01
5.4981e-01	4.3276e-01	9.5673e-01	4.6246e-01	6.1646e-01	4.3308e-01	6.0104e-01	2.8281e-01
7.3749e-01	4.3924e-01	6.1568e-01	6.1102e-01	7.4478e-01	3.2442e-01	5.7970e-01	2.8284e-01
4.0795e-01	3.4866e-01	4.1604e-01	6.0697e-01	6.9432e-01	4.5102e-01	7.6156e-01	3.3481e-01
5.9678e-01	3.4907e-01	4.9375e-01	8.1347e-01	3.0295e-01	7.8259e-01	3.9659e-01	3.2792e-01
9.3430e-01	3.9169e-01	5.8780e-01	3.5658e-01	4.3256e-01	4.7555e-01	5.7267e-01	3.2556e-01
5.1338e-01	4.5347e-01	6.9640e-01	6.1383e-01	5.3825e-01	9.0026e-01	8.4464e-01	2.1085e-01
5.1644e-01	5.5729e-01	5.2767e-01	3.6829e-01	6.2175e-01	5.7107e-01	5.0308e-01	3.3777e-01
9.0957e-01	8.7436e-01	8.6375e-01	3.9524e-01	8.6746e-01	6.4848e-01	4.1197e-01	1.5250e-01
4.5104e-01	4.4316e-01	5.3312e-01	3.9866e-01	3.9852e-01	2.6588e-01	5.0847e-01	4.3234e-01
4.0194e-01	5.6552e-01	9.7936e-01	4.7940e-01	4.7168e-01	3.3806e-01	4.5480e-01	3.3413e-01
8.3586e-01	6.8306e-01	4.4690e-01	7.9726e-01	9.5556e-01	6.0494e-01	4.9437e-01	1.7427e-01
8.3029e-01	6.6850e-01	4.8120e-01	3.4752e-01	3.1347e-01	7.4458e-01	4.6432e-01	3.1162e-01
8.2287e-01	3.5976e-01	5.5953e-01	7.6439e-01	6.3815e-01	7.0270e-01	3.8701e-01	2.5705e-01
3.7249e-01	6.5227e-01	7.6544e-01	6.1863e-01	4.9006e-01	9.4495e-01	4.4364e-01	2.4957e-01
4.4356e-01	8.0837e-01	8.3501e-01	8.3558e-01	7.7945e-01	9.9647e-01	7.5511e-01	8.4116e-02
7.0310e-01	4.2506e-01	5.7386e-01	8.1063e-01	6.3438e-01	5.1212e-01	8.9953e-01	2.1102e-01
9.1253e-01	4.8391e-01	7.1103e-01	9.5489e-01	5.2017e-01	5.4294e-01	4.3301e-01	2.1103e-01
3.4863e-01	4.2824e-01	5.1625e-01	9.0324e-01	7.5227e-01	8.0954e-01	7.7790e-01	2.1432e-01
3.4683e-01	6.3590e-01	4.9555e-01	6.3215e-01	5.0713e-01	6.6958e-01	4.2754e-01	3.3085e-01
5.5184e-01	6.2948e-01	7.9154e-01	6.6138e-01	8.9393e-01	9.0244e-01	5.6266e-01	1.4940e-01
3.4360e-01	2.4704e-01	3.1333e-01	2.3749e-01	4.4324e-01	5.4865e-01	4.5882e-01	4.9011e-01
5.4838e-01	3.7405e-01	3.7715e-01	7.1761e-01	7.6790e-01	5.4828e-01	9.1924e-01	2.5450e-01
5.3464e-01	8.2649e-01	4.3548e-01	3.4672e-01	4.3621e-01	3.1937e-01	4.9753e-01	3.7595e-01
9.5499e-01	8.8614e-01	6.8701e-01	4.9385e-01	5.5802e-01	6.2158e-01	9.2409e-01	1.3055e-01
9.2201e-01	6.4729e-01	5.2567e-01	9.3147e-01	3.8026e-01	5.1664e-01	4.7584e-01	2.3366e-01
3.6016e-01	3.7907e-01	4.3907e-01	4.9755e-01	8.2878e-01	4.5960e-01	7.3683e-01	3.3275e-01
9.7480e-01	8.3289e-01	7.6333e-01	6.1140e-01	5.3688e-01	6.1459e-01	3.5837e-01	1.9204e-01
4.0208e-01	8.4386e-01	3.7356e-01	3.7188e-01	6.8405e-01	3.2694e-01	7.4136e-01	3.2670e-01
3.5890e-01	9.0404e-01	7.4366e-01	7.7861e-01	3.5142e-01	7.7810e-01	6.4476e-01	2.1097e-01
8.0847e-01	5.4482e-01	3.1522e-01	9.9127e-01	3.6804e-01	3.1479e-01	4.7902e-01	3.1562e-01
3.8317e-01	7.8329e-01	3.0656e-01	4.7601e-01	6.4611e-01	5.8339e-01	2.8915e-01	3.6592e-01
8.8488e-01	4.5581e-01	4.2834e-01	6.2782e-01	8.4140e-01	4.6783e-01	3.9558e-01	2.7587e-01
5.9916e-01	3.3452e-01	5.5423e-01	5.2163e-01	2.8575e-01	7.0685e-01	4.6093e-01	3.6651e-01
6.8709e-01	3.1865e-01	3.6454e-01	4.4407e-01	3.0928e-01	2.5403e-01	5.0699e-01	4.4854e-01
9.3461e-01	5.4604e-01	4.6471e-01	4.3209e-01	8.0965e-01	9.9507e-01	7.0644e-01	1.6425e-01
4.9355e-01	3.7680e-01	6.6091e-01	4.0740e-01	7.2027e-01	8.5373e-01	5.1094e-01	2.8699e-01
9.0772e-01	2.9983e-01	7.0382e-01	5.7270e-01	3.6828e-01	5.5137e-01	3.6039e-01	3.2372e-01
3.5223e-01	4.8312e-01	8.2908e-01	1.0000e+00	4.1673e-01	8.9069e-01	5.4650e-01	2.1681e-01
7.2678e-01	8.8029e-01	5.5210e-01	3.7376e-01	7.6977e-01	7.4597e-01	6.8695e-01	1.8595e-01
8.5496e-01	6.3320e-01	5.7742e-01	4.9522e-01	7.8607e-01	6.2408e-01	6.3963e-01	2.0366e-01
8.4706e-01	8.7312e-01	5.3942e-01	6.8966e-01	6.3861e-01	9.7778e-01	9.3422e-01	7.7534e-02
6.6900e-01	7.0656e-01	3.5447e-01	3.3647e-01	9.3943e-01	3.8278e-01	5.5546e-01	2.9824e-01
5.9946e-01	5.7430e-01	9.1101e-01	8.5883e-01	6.2682e-01	5.6979e-01	8.6307e-01	1.4792e-01
8.7014e-01	4.4924e-01	7.0698e-01	3.5833e-01	6.6528e-01	8.3059e-01	4.0189e-01	2.5021e-01
4.5601e-01	7.0716e-01	5.1200e-01	4.2372e-01	5.6221e-01	5.1128e-01	5.9143e-01	3.2384e-01
7.1613e-01	7.1777e-01	8.9556e-01	4.7531e-01	4.9408e-01	4.7523e-01	5.2474e-01	2.4785e-01
9.6320e-01	6.8474e-01	6.5868e-01	7.3855e-01	9.4798e-01	7.7891e-01	8.7847e-01	5.6101e-02
9.6896e-01	5.7000e-01	9.7303e-01	6.2714e-01	9.1246e-01	6.5642e-01	9.6353e-01	5.3052e-02
4.9896e-01	7.8159e-01	5.0598e-01	7.3136e-01	5.0982e-01	8.1946e-01	4.6382e-01	2.4625e-01
6.4504e-01	6.2151e-01	4.9345e-01	3.8086e-01	7.6853e-01	4.3951e-01	7.6905e-01	2.7356e-01
7.9036e-01	6.7714e-01	8.0892e-01	4.5415e-01	9.6176e-01	6.6115e-01	6.0512e-01	1.5426e-01
4.4948e-01	8.1768e-01	7.2504e-01	4.6037e-01	8.9018e-01	8.6715e-01	5.0465e-01	1.8896e-01
6.7684e-01	6.2164e-01	4.3266e-01	6.4926e-01	7.0175e-01	4.1600e-01	7.9441e-01	2.4880e-01
4.0593e-01	5.2245e-01	4.5876e-01	5.6331e-01	3.5905e-01	4.8643e-01	6.0066e-01	3.7596e-01
7.2025e-01	4.7427e-01	4.3598e-01	9.5359e-01	4.4666e-01	4.3043e-01	7.9620e-01	2.5379e-01
6.7462e-01	9.4971e-01	7.2589e-01	5.5911e-01	9.6891e-01	6.2199e-01	9.9444e-01	7.8223e-02
8.0532e-01	5.6692e-01	3.8391e-01	9.6316e-01	7.7144e-01	8.2432e-01	4.6965e-01	1.7902e-01
5.2714e-01	9.1435e-01	6.4463e-01	6.7941e-01	6.1886e-01	4.9243e-01	6.1083e-01	2.2113e-01
7.7236e-01	4.9513e-01	3.3024e-01	5.5710e-01	5.5918e-01	8.6660e-01	6.9681e-01	2.5099e-01
8.8782e-01	4.8470e-01	4.7128e-01	5.6122e-01	6.7014e-01	8.7781e-01	6.4212e-01	2.0589e-01
7.2912e-01	7.8403e-01	8.5435e-01	9.5530e-01	9.6746e-01	5.3815e-01	6.6890e-01	7.7824e-02
4.0938e-01	7.6157e-01	5.3289e-01	9.2401e-01	4.8640e-01	4.7159e-01	7.5640e-01	2.4179e-01
2.8963e-01	5.6235e-01	7.4713e-01	3.4994e-01	3.7459e-01	6.3830e-01	5.2074e-01	3.6372e-01
8.3636e-01	9.1358e-01	7.0765e-01	9.7795e-01	7.2690e-01	7.8503e-01	4.9621e-01	8.5479e-02
6.2280e-01	4.9580e-01	9.5207e-01	3.9996e-01	6.3013e-01	5.5377e-01	9.2418e-01	2.0813e-01
5.5440e-01	8.7915e-01	6.5878e-01	4.8888e-01	9.5921e-01	7.6574e-01	3.6552e-01	1.9504e-01
7.9272e-01	3.5871e-01	8.2982e-01	5.3117e-01	4.0145e-01	8.0766e-01	7.2560e-01	2.2683e-01
9.2144e-01	9.0810e-01	7.4663e-01	7.1795e-01	3.6383e-01	6.8606e-01	4.6410e-01	1.7562e-01
3.2891e-01	6.6239e-01	3.5471e-01	8.9590e-01	5.6617e-01	7.8194e-01	5.2695e-01	2.7382e-01
8.8688e-01	9.0210e-01	5.1035e-01	3.9444e-01	3.7088e-01	3.8300e-01	7.0132e-01	2.6913e-01
7.1529e-01	5.8726e-01	6.4943e-01	4.8465e-01	8.4764e-01	7.3240e-01	8.4124e-01	1.6858e-01
7.2838e-01	6.3523e-01	3.7873e-01	4.1326e-01	6.0357e-01	7.0150e-01	5.6651e-01	2.8648e-01
4.3098e-01	3.8755e-01	4.0732e-01	9.1155e-01	4.5363e-01	8.0171e-01	7.7247e-01	2.6695e-01
5.9353e-01	3.9740e-01	6.9019e-01	5.3693e-01	7.6545e-01	7.1396e-01	4.6052e-01	2.6789e-01
5.7518e-01	3.0317e-01	3.6413e-01	4.7998e-01	3.5092e-01	7.1636e-01	7.8645e-01	3.5048e-01
6.3413e-01	8.5754e-01	7.3023e-01	7.6465e-01	6.7044e-01	5.6257e-01	4.4594e-01	1.9588e-01
5.0110e-01	6.9996e-01	8.4023e-01	4.9541e-01	6.4617e-01	8.2461e-01	7.8476e-01	1.7790e-01
6.0170e-01	8.5957e-01	6.2645e-01	7.2530e-01	5.0506e-01	7.2000e-01	9.9384e-01	1.4392e-01
9.0782e-01	7.7968e-01	4.2383e-01	4.0364e-01	7.3432e-01	8.1514e-01	8.0164e-01	1.6744e-01
6.6342e-01	4.5736e-01	7.4842e-01	3.8450e-01	9.2522e-01	6.3440e-01	4.3461e-01	2.5510e-01
4.1041e-01	6.9679e-01	6.8981e-01	6.5040e-01	9.7192e-01	6.6737e-01	7.2134e-01	1.7569e-01
6.4909e-01	2.9550e-01	4.6689e-01	3.0128e-01	3.7238e-01	5.5261e-01	5.4910e-01	4.0568e-01
5.4577e-01	5.4568e-01	3.1898e-01	7.0294e-01	4.6057e-01	5.1615e-01	2.7622e-01	3.8027e-01
5.6409e-01	6.5087e-01	8.4488e-01	9.4886e-01	9.0999e-01	7.4625e-01	8.9799e-01	6.8551e-02
7.7139e-01	7.3128e-01	5.3721e-01	5.3008e-01	4.6666e-01	8.9695e-01	8.1499e-01	1.8413e-01
8.3848e-01	8.1999e-01	7.0877e-01	3.9584e-01	7.4527e-01	9.3259e-01	4.8519e-01	1.5890e-01
6.3214e-01	5.0500e-01	4.5564e-01	6.3166e-01	7.0590e-01	9.0498e-01	3.7330e-01	2.6077e-01
5.0763e-01	8.1740e-01	7.3395e-01	8.3938e-01	8.4290e-01	4.9470e-01	8.6811e-01	1.3365e-01
4.0493e-01	5.5995e-01	8.2658e-01	4.0484e-01	5.7481e-01	5.2433e-01	7.5387e-01	2.8329e-01
8.7202e-01	3.9614e-01	2.9491e-01	5.7371e-01	7.5237e-01	3.8890e-01	4.0412e-01	3.3540e-01
4.7341e-01	4.1206e-01	3.4877e-01	6.0127e-01	8.3977e-01	8.8074e-01	5.8407e-01	2.7052e-01
8.9952e-01	7.8787e-01	8.1242e-01	8.9262e-01	7.8840e-01	4.6491e-01	5.5553e-01	1.1981e-01
7.4214e-01	5.4759e-01	4.1477e-01	9.3688e-01	3.1748e-01	3.6585e-01	6.7991e-01	2.8965e-01
8.8892e-01	7.9598e-01	6.9014e-01	9.2335e-01	9.7008e-01	8.2527e-01	6.7373e-01	3.9529e-02
2.9157e-01	3.8644e-01	5.1065e-01	3.2259e-01	4.4645e-01	7.8303e-01	4.6784e-01	4.0266e-01
9.4754e-01	6.6474e-01	6.0214e-01	8.0726e-01	9.5423e-01	8.5430e-01	9.1965e-01	4.2025e-02
7.0377e-01	8.6456e-01	9.6764e-01	6.2981e-01	8.3220e-01	8.5790e-01	6.7627e-01	7.2895e-02
8.4051e-01	9.4468e-01	6.4178e-01	5.5950e-01	9.1519e-01	6.3968e-01	9.2646e-01	8.2031e-02
4.8237e-01	4.9835e-01	2.8478e-01	4.1725e-01	7.3662e-01	5.2609e-01	5.5493e-01	3.6125e-01
8.1328e-01	3.4655e-01	5.9061e-01	5.8768e-01	3.8245e-01	3.9219e-01	4.3673e-01	3.5418e-01
4.1222e-01	8.0147e-01	7.6601e-01	6.5420e-01	8.8544e-01	8.0471e-01	6.7226e-01	1.4898e-01
5.2345e-01	9.5202e-01	8.3286e-01	5.8651e-01	9.0766e-01	6.1376e-01	3.7416e-01	1.7816e-01
8.2209e-01	4.1435e-01	9.5135e-01	5.0229e-01	5.3130e-01	7.6855e-01	5.9663e-01	2.0702e-01
6.1495e-01	6.9858e-01	8.9769e-01	8.1630e-01	9.8100e-01	6.8175e-01	5.0042e-01	1.2135e-01
6.2715e-01	5.7189e-01	6.9413e-01	8.6291e-01	7.1660e-01	4.2027e-01	6.4501e-01	2.1396e-01
2.6301e-01	5.1890e-01	6.8106e-01	3.3863e-01	4.1726e-01	2.8313e-01	6.0921e-01	4.1640e-01
8.5354e-01	5.7083e-01	3.7400e-01	3.5741e-01	6.3755e-01	6.5573e-01	5.1319e-01	2.9567e-01
3.6518e-01	4.4810e-01	7.3493e-01	8.7893e-01	3.5873e-01	3.7081e-01	8.5965e-01	2.8798e-01
3.7011e-01	6.1231e-01	6.7307e-01	4.5347e-01	7.4563e-01	9.0684e-01	4.3187e-01	2.6294e-01
3.4427e-01	7.3398e-01	9.8760e-01	3.5693e-01	9.0345e-01	3.7784e-01	6.5804e-01	2.3888e-01
4.4428e-01	7.0853e-01	6.5223e-01	7.5407e-01	7.8454e-01	7.2945e-01	5.6156e-01	2.0030e-01
3.7197e-01	9.3970e-01	6.5178e-01	4.6920e-01	7.8937e-01	4.9834e-01	5.8070e-01	2.4761e-01
4.1420e-01	4.8706e-01	3.8276e-01	5.9141e-01	8.2466e-01	5.2127e-01	7.6303e-01	2.9257e-01
4.4694e-01	4.4864e-01	9.3356e-01	8.2300e-01	3.5961e-01	6.7434e-01	6.6683e-01	2.4022e-01
9.7957e-01	8.0415e-01	9.7703e-01	9.5616e-01	9.5147e-01	6.9668e-01	4.8355e-01	2.7956e-02
6.1664e-01	4.8977e-01	8.5880e-01	4.6093e-01	6.0898e-01	7.4988e-01	4.7018e-01	2.5408e-01
8.7529e-01	7.7116e-01	3.9792e-01	9.2989e-01	5.8989e-01	5.0150e-01	3.5490e-01	2.3065e-01
4.7379e-01	6.1202e-01	8.3090e-01	8.3377e-01	4.9144e-01	4.9490e-01	5.9975e-01	2.4254e-01
9.1590e-01	9.7302e-01	4.1321e-01	8.0994e-01	4.3018e-01	4.6887e-01	7.8918e-01	1.7676e-01
6.4098e-01	9.7047e-01	7.8672e-01	5.1498e-01	6.5225e-01	7.5087e-01	7.8521e-01	1.3402e-01
5.6847e-01	5.9350e-01	4.9933e-01	8.8888e-01	1.0000e+00	4.5218e-01	8.3425e-01	1.7162e-01
6.3883e-01	3.6899e-01	7.4472e-01	3.6651e-01	9.5509e-01	3.7377e-01	8.8848e-01	2.4252e-01
3.9094e-01	4.2931e-01	5.3652e-01	5.1299e-01	3.4552e-01	5.7159e-01	4.5777e-01	3.9751e-01
6.1247e-01	5.7753e-01	5.1754e-01	8.8825e-01	6.1282e-01	6.5061e-01	6.6280e-01	2.1627e-01
9.7650e-01	3.2747e-01	7.4310e-01	7.7060e-01	3.8169e-01	3.2305e-01	4.1618e-01	2.9893e-01
6.7610e-01	7.1153e-01	7.7998e-01	7.8316e-01	6.6075e-01	4.1489e-01	3.7045e-01	2.3396e-01
7.0503e-01	7.5316e-01	6.7576e-01	6.8369e-01	3.9281e-01	6.4676e-01	4.8467e-01	2.4180e-01
8.1139e-01	3.7855e-01	7.6464e-01	3.2427e-01	5.7573e-01	4.9282e-01	7.6547e-01	2.7422e-01
2.6066e-01	6.5629e-01	3.4619e-01	5.6876e-01	3.0028e-01	4.9027e-01	4.1448e-01	4.2703e-01
7.9640e-01	7.1829e-01	8.4690e-01	5.4982e-01	4.6143e-01	4.4750e-01	3.7155e-01	2.6302e-01
4.4132e-01	3.8600e-01	2.3092e-01	2.4459e-01	4.2166e-01	5.7806e-01	2.9087e-01	4.8994e-01
3.4279e-01	4.9146e-01	7.8523e-01	7.3645e-01	3.6977e-01	8.6350e-01	3.6877e-01	2.9631e-01
9.7136e-01	6.2965e-01	5.6139e-01	9.7063e-01	3.6413e-01	6.0224e-01	4.5700e-01	2.1135e-01
4.8418e-01	4.6713e-01	2.7196e-01	5.3725e-01	7.9603e-01	2.8914e-01	4.3553e-01	3.9232e-01
3.6163e-01	2.6068e-01	3.9122e-01	3.8132e-01	7.1080e-01	3.9723e-01	6.2131e-01	4.1460e-01
7.5779e-01	4.2169e-01	5.9014e-01	4.2896e-01	6.6169e-01	7.0659e-01	8.7898e-01	2.2704e-01
7.5594e-01	5.2753e-01	5.0944e-01	5.0809e-01	9.8064e-01	4.2290e-01	9.5683e-01	1.9644e-01
6.8927e-01	5.2853e-01	5.2789e-01	5.5801e-01	3.8824e-01	4.0132e-01	6.0283e-01	3.3341e-01
9.4631e-01	6.9467e-01	7.0017e-01	9.8860e-01	8.4332e-01	8.4917e-01	8.8466e-01	1.9737e-02
5.8266e-01	4.8998e-01	9.1148e-01	3.3044e-01	8.6640e-01	3.6857e-01	3.2331e-01	3.0828e-01
9.8337e-01	7.1579e-01	8.3348e-01	9.5072e-01	9.3340e-01	4.5594e-01	6.1288e-01	7.9452e-02
9.9269e-01	7.2197e-01	6.2022e-01	6.7586e-01	6.1122e-01	9.4860e-01	9.3137e-01	7.7205e-02
6.7129e-01	8.6297e-01	6.5485e-01	7.9434e-01	9.8510e-01	8.7076e-01	8.2630e-01	5.4014e-02
6.9011e-01	4.3384e-01	7.5657e-01	5.8803e-01	3.8218e-01	5.5145e-01	3.8726e-01	3.2015e-01
3.7623e-01	4.0518e-01	2.9601e-01	5.6409e-01	4.4271e-01	5.3893e-01	7.2986e-01	3.8217e-01
6.2434e-01	3.6340e-01	4.7530e-01	3.5109e-01	5.2344e-01	4.1754e-01	4.9536e-01	3.9664e-01
9.0729e-01	6.5933e-01	8.9890e-01	8.4531e-01	5.2701e-01	8.4231e-01	9.2910e-01	6.1939e-02
4.6181e-01	4.4281e-01	6.7237e-01	7.8284e-01	8.0818e-01	9.1446e-01	4.0165e-01	2.2167e-01
