1.5870e+00
6.2985e-01
6.2985e-01
6.3025e-01
6.2982e-01
6.2985e-01
6.2982e-01
6.2985e-01
6.2977e-01
6.3024e-01
6.2982e-01
6.2985e-01
6.2982e-01
6.2985e-01
6.3027e-01
6.2977e-01
6.2985e-01
6.2982e-01
6.2985e-01
6.2982e-01
6.3022e-01
6.2987e-01
6.2982e-01
6.2985e-01
6.3000e-01
6.3017e-01
6.3031e-01
6.2943e-01
6.2943e-01
6.2967e-01
6.3056e-01
6.2992e-01
6.2943e-01
6.2967e-01
6.2992e-01
6.2943e-01
6.3031e-01
6.2943e-01
6.2992e-01
6.2943e-01
6.2967e-01
6.3031e-01
6.2992e-01
6.2992e-01
6.2943e-01
6.2992e-01
6.2943e-01
6.3007e-01
6.2943e-01
6.3017e-01
6.2943e-01
6.2967e-01
6.3007e-01
6.2992e-01
6.2992e-01
6.2943e-01
6.2992e-01
6.2992e-01
6.3031e-01
6.2943e-01
6.2967e-01
6.2992e-01
6.2992e-01
6.3031e-01
6.2943e-01
6.2992e-01
6.2943e-01
6.2967e-01
6.3007e-01
6.3056e-01
6.2943e-01
6.2943e-01
6.2967e-01
6.2992e-01
6.3031e-01
6.2992e-01
6.2992e-01
6.2992e-01
6.2992e-01
6.3007e-01
6.2943e-01
6.2992e-01
6.2992e-01
6.2992e-01
6.2992e-01
6.3031e-01
6.2943e-01
6.2943e-01
6.3017e-01
6.2943e-01
6.3007e-01
6.2943e-01
6.2992e-01
6.2943e-01
6.2967e-01
6.2992e-01
6.3031e-01
6.2992e-01
6.2943e-01
6.2967e-01
6.2976e-01
9.2928e-01
5.6879e-01
2.3639e-01
2.3514e-01
2.3617e-01
4.9734e-01
2.3519e-01
7.2463e-01
3.0000e-01
6.3253e-01
2.3487e-01
4.9027e-01
3.0446e-01
4.6044e-01
4.4306e-01
2.3601e-01
2.7266e-01
2.3516e-01
2.6725e-01
4.0282e-01
8.2496e-01
3.2231e-01
2.3531e-01
2.5985e-01
2.3613e-01
2.3598e-01
4.6071e-01
6.6757e-01
2.3698e-01
6.0523e-01
2.3590e-01
2.5373e-01
1.0261e+00
5.5075e-01
5.3780e-01
2.3642e-01
2.3673e-01
3.6452e-01
8.9264e-01
7.8268e-01
2.3500e-01
4.0564e-01
7.0420e-01
2.6770e-01
2.3645e-01
2.3757e-01
2.3721e-01
6.1420e-01
2.3674e-01
1.3358e+00
2.3542e-01
5.2958e-01
2.3596e-01
2.8308e-01
2.5383e-01
3.8681e-01
2.3572e-01
6.8062e-01
6.4396e-01
2.3555e-01
2.3633e-01
3.0590e-01
2.3642e-01
5.6632e-01
6.3937e-01
6.4849e-01
4.2303e-01
7.2442e-01
5.5175e-01
2.3676e-01
2.3667e-01
5.2246e-01
3.1294e-01
4.4378e-01
2.3622e-01
2.3701e-01
3.0249e-01
8.8865e-01
2.3498e-01
6.1741e-01
2.3532e-01
3.3508e-01
2.3588e-01
3.7870e-01
4.8249e-01
6.3674e-01
3.4220e-01
2.3645e-01
7.8113e-01
2.3686e-01
4.3212e-01
2.1843e+00
2.3591e-01
2.3562e-01
3.3028e-01
2.7153e-01
7.9842e-01
2.3665e-01
4.0828e-01
4.1473e-01
2.3615e-01
6.1000e-01
5.9188e-01
2.3609e-01
2.3758e-01
3.1125e-01
2.3668e-01
3.3232e-01
3.1030e-01
2.3673e-01
2.3661e-01
2.3569e-01
2.3532e-01
6.1742e-01
2.3614e-01
2.3598e-01
9.9229e-01
3.0347e-01
3.6176e-01
8.5070e-01
2.3637e-01
2.3656e-01
2.3591e-01
7.9479e-01
3.3344e-01
3.3474e-01
2.7102e-01
2.3595e-01
9.3433e-01
3.3671e-01
3.6733e-01
8.1900e-01
2.3514e-01
2.6414e-01
2.3606e-01
2.3687e-01
6.0736e-01
2.5466e+00
2.3654e-01
2.8555e-01
5.0997e-01
6.7549e-01
5.8917e-01
1.0354e+00
3.4545e-01
2.3528e-01
4.2682e-01
2.3631e-01
1.1310e+00
2.3567e-01
2.3611e-01
2.3662e-01
3.7453e-01
8.2097e-01
2.5229e-01
2.3596e-01
3.4943e-01
6.4425e-01
2.3574e-01
1.5234e+00
2.3662e-01
1.0642e+00
1.5375e+00
3.0351e-01
2.9720e-01
2.7086e-01
2.3595e-01
2.3574e-01
3.3003e+00
4.4362e-01
2.3675e-01
2.8825e-01
4.1191e-01
2.3689e-01
1.0640e+00
2.3535e-01
2.3702e-01
4.1020e-01
2.3593e-01
2.3642e-01
2.3616e-01
2.3661e-01
2.3527e-01
3.0225e-01
3.0490e-01
2.3636e-01
2.8149e-01
6.3410e-01
4.4864e-01
5.7500e-01
2.3638e-01
1.3466e+00
8.3756e-01
2.3630e-01
5.0236e-01
6.1533e-01
2.3680e-01
3.6595e-01
1.3441e+00
3.7869e-01
3.3732e-01
9.9663e-01
2.3630e-01
2.3226e+00
2.4381e+00
2.3545e-01
3.3058e-01
2.3628e-01
2.3689e-01
6.3053e-01
4.2272e-01
4.7162e-01
7.6829e-01
4.3225e-01
2.3608e-01
5.1520e-01
2.3601e-01
2.3670e-01
7.7197e-01
1.4010e+00
2.3554e-01
2.3611e-01
2.3604e-01
5.6867e-01
2.5180e-01
6.8343e-01
2.7277e-01
2.3633e-01
2.3722e-01
2.3604e-01
2.5767e-01
2.5293e-01
2.3524e-01
6.2325e-01
2.3538e-01
3.2588e-01
2.3532e-01
2.3599e-01
2.8475e-01
2.3608e-01
1.2340e+00
2.3655e-01
3.7124e-01
2.5715e-01
2.3742e-01
3.4152e-01
5.6190e-01
2.3657e-01
4.7648e-01
2.6543e-01
5.1326e-01
2.3498e-01
2.3661e-01
4.6168e-01
2.6334e-01
4.9521e-01
5.4990e-01
5.6076e-01
2.3595e-01
2.3678e-01
2.3684e-01
3.5076e-01
7.0073e-01
3.9719e-01
2.3539e-01
8.6203e-01
2.3670e-01
5.9368e-01
7.2446e-01
7.6157e-01
2.3507e-01
2.3553e-01
3.4752e-01
4.9611e-01
2.7694e-01
3.5598e-01
2.3556e-01
2.3640e-01
2.3651e-01
2.3672e-01
2.3527e-01
2.3560e-01
2.5307e-01
2.3569e-01
2.3562e-01
1.3670e+00
7.4859e-01
2.3449e-01
5.0552e-01
3.4595e-01
2.3602e-01
2.3583e-01
2.3631e-01
2.3674e-01
2.3608e-01
3.3449e-01
5.1161e-01
3.4702e-01
4.2756e-01
2.3657e-01
1.2897e+00
2.3643e-01
2.3578e-01
2.3695e-01
2.3563e-01
3.7197e-01
8.5341e-01
2.3617e-01
1.1364e+00
7.1470e-01
2.3593e-01
4.5614e-01
5.4992e-01
2.3679e-01
2.3660e-01
2.3528e-01
4.4374e-01
1.4870e+00
2.3583e-01
1.5023e+00
2.3647e-01
3.5286e-01
2.3619e-01
1.3104e+00
3.4712e-01
3.9944e-01
2.3572e-01
2.3600e-01
2.6361e-01
2.3622e-01
2.3692e-01
2.3607e-01
4.8350e-01
3.9561e-01
4.3649e-01
3.9014e-01
4.1531e-01
2.9565e-01
2.3528e-01
2.3585e-01
4.5093e-01
2.3604e-01
2.3611e-01
2.7121e-01
5.5273e-01
3.1855e-01
2.3521e-01
2.3637e-01
2.8131e-01
8.4444e-01
2.3744e-01
4.5565e-01
5.0309e-01
5.2502e-01
2.3826e-01
2.3723e-01
2.3702e-01
2.3650e-01
4.7059e-01
2.5322e-01
2.3557e-01
2.3658e-01
2.3568e-01
2.3666e-01
2.1923e+00
2.3743e-01
1.1501e+00
3.7064e-01
3.8915e-01
2.3626e-01
2.3741e-01
2.3611e-01
8.9134e-01
5.9694e-01
2.3643e-01
4.4287e-01
2.4258e-01
5.5844e-01
2.6773e-01
3.0378e-01
2.3605e-01
3.0817e-01
1.2685e+00
7.0008e-01
3.8829e-01
2.3656e-01
2.3694e-01
2.3571e-01
4.8254e-01
1.0155e+00
4.9451e-01
3.1267e-01
1.3573e+00
9.7821e-01
8.3112e-01
2.3565e-01
2.3577e-01
2.5896e-01
8.0129e-01
2.3636e-01
5.1468e-01
3.3212e-01
4.3855e-01
4.1876e-01
2.4930e-01
6.9136e-01
6.8272e-01
2.3581e-01
4.6818e-01
8.1714e-01
1.5357e+00
2.3615e-01
3.0631e-01
3.4074e-01
1.7284e+00
2.3655e-01
2.3638e-01
4.1405e-01
2.3639e-01
4.4332e-01
8.3154e-01
7.8831e-01
2.3586e-01
6.3198e-01
6.5816e-01
2.3584e-01
7.6312e-01
2.7610e-01
2.7589e-01
5.1350e-01
3.7582e-01
5.2183e-01
2.4451e-01
2.8194e-01
2.3715e-01
2.3693e-01
2.6204e-01
2.3594e-01
3.1977e-01
1.0723e+00
3.3622e-01
2.3641e-01
2.3656e-01
2.5191e-01
8.0769e-01
2.4428e-01
1.0783e+00
5.1116e-01
2.3596e-01
9.1818e-01
5.9691e-01
6.3012e-01
6.2010e-01
2.7216e-01
3.3226e-01
2.3482e-01
1.1269e+00
7.1952e-01
1.2381e+00
2.3689e-01
2.3651e-01
2.3587e-01
4.3194e-01
2.3526e-01
1.2796e+00
2.3595e-01
1.3720e+00
2.5466e-01
6.3692e-01
6.1849e-01
3.7693e-01
1.0116e+00
6.5117e-01
2.5743e-01
2.3660e-01
2.3643e-01
4.7020e-01
3.5144e-01
3.6651e-01
1.2541e+00
3.5838e-01
8.4180e-01
2.3610e-01
2.3514e-01
2.3685e-01
3.2861e-01
5.4143e-01
2.3592e-01
2.3642e-01
2.3598e-01
3.6911e-01
3.8625e-01
2.6020e-01
3.8647e-01
1.3572e+00
3.5447e-01
2.3672e-01
3.5477e-01
4.4457e-01
2.3545e-01
3.2392e-01
4.8838e-01
1.6196e+00
3.5635e-01
2.3574e-01
2.3596e-01
8.2442e-01
1.1517e+00
1.7678e+00
7.5288e-01
7.7540e-01
2.3561e-01
2.3625e-01
3.2891e-01
2.9810e-01
1.2238e+00
4.7783e-01
3.5529e-01
2.3551e-01
2.3620e-01
2.3661e-01
2.3540e-01
2.3534e-01
2.8783e-01
2.9022e-01
2.3580e-01
4.0750e-01
7.9740e-01
7.0194e-01
2.3487e-01
3.0688e-01
2.3686e-01
6.8584e-01
4.1015e-01
3.6410e-01
2.3626e-01
4.6969e-01
5.9138e-01
1.7106e+00
6.8095e-01
2.3721e-01
2.5723e-01
3.0857e-01
2.3684e-01
3.1369e-01
3.3469e-01
6.0322e-01
2.3647e-01
2.9819e-01
6.1775e-01
3.7803e-01
2.3552e-01
9.0000e-01
2.3662e-01
2.3661e-01
3.2757e-01
8.9901e-01
2.7770e-01
6.9804e-01
2.3577e-01
4.8161e-01
2.3698e-01
4.4811e-01
9.3969e-01
2.8256e-01
4.9879e-01
2.3529e-01
2.3617e-01
2.8933e-01
2.3651e-01
2.6638e-01
8.0697e-01
6.6901e-01
2.3631e-01
3.8562e-01
3.4491e-01
4.5293e-01
2.3523e-01
2.4478e-01
4.5099e-01
2.3618e-01
4.5254e-01
2.3635e-01
2.3538e-01
2.4724e-01
3.1618e-01
6.9322e-01
2.4652e+00
7.4927e-01
2.5047e-01
2.7858e-01
1.0273e+00
6.6788e-01
3.3884e-01
2.7082e-01
7.0232e-01
2.7332e-01
7.0916e-01
3.1668e-01
3.4729e-01
5.2496e-01
6.4490e-01
2.3680e-01
3.1715e-01
3.5644e-01
2.3709e-01
4.4626e-01
2.5462e-01
2.3515e-01
3.7976e-01
5.9662e-01
2.3464e-01
3.3100e-01
4.1480e-01
3.6322e-01
3.3658e-01
6.1352e-01
8.6951e-01
2.5966e-01
2.6733e-01
1.6044e+00
3.3913e-01
2.5497e-01
5.2866e-01
3.4665e-01
1.0844e+00
1.0173e+00
2.6775e-01
4.1102e-01
3.0310e-01
3.1364e-01
5.7352e-01
2.3623e-01
4.2157e-01
3.1611e-01
3.7688e-01
4.9334e-01
4.2818e-01
2.3677e-01
2.3606e-01
4.0552e-01
3.1957e-01
2.7725e-01
6.0602e-01
2.8134e-01
2.3578e-01
3.5849e-01
2.3615e-01
2.3639e-01
6.3000e-01
3.9734e-01
4.8827e-01
2.3636e-01
8.0182e-01
1.2113e+00
2.3561e-01
2.8320e-01
6.7220e-01
8.2488e-01
5.7713e-01
2.6491e-01
3.6886e+00
5.1203e-01
3.6826e-01
2.3631e-01
2.3569e-01
8.7688e-01
2.3654e-01
3.6342e-01
2.3563e-01
6.3482e-01
3.2611e-01
5.9646e-01
2.3533e-01
5.4316e-01
2.3651e-01
2.5836e-01
6.6278e-01
2.3685e-01
1.6465e+00
2.3539e-01
2.9496e-01
5.1990e-01
9.8259e-01
2.3596e-01
2.3635e-01
1.2954e+00
2.3660e-01
3.6309e-01
3.2560e-01
1.1571e+00
2.3595e-01
2.3576e-01
4.5590e-01
2.3627e-01
4.2350e-01
5.3560e-01
3.1681e-01
3.4396e-01
3.6037e-01
2.3509e-01
3.8691e-01
2.3676e-01
2.3661e-01
9.6831e-01
1.5268e+00
2.6573e-01
2.3526e-01
2.4368e-01
5.0474e-01
2.3550e-01
5.4114e-01
8.5806e-01
2.5387e-01
3.6280e-01
1.5974e+00
5.7131e-01
2.3465e-01
2.3456e-01
2.3690e-01
7.2616e-01
2.9358e-01
6.7472e-01
2.3658e-01
6.4801e-01
2.3677e-01
2.3581e-01
5.7998e-01
5.8874e-01
2.3512e-01
2.3627e-01
2.3648e-01
6.1283e-01
5.4279e-01
2.6831e-01
2.3592e-01
5.5207e-01
2.3629e-01
5.6569e-01
2.3578e-01
2.3524e-01
3.5346e-01
4.8537e-01
2.3531e-01
3.5626e-01
1.1601e+00
2.3739e-01
7.4097e-01
2.3635e-01
8.9855e-01
4.4157e-01
2.3591e-01
4.5900e-01
4.2856e-01
5.6828e-01
5.9514e-01
8.0453e-01
4.1752e-01
2.3659e-01
8.3623e-01
4.1744e-01
5.5811e-01
2.3743e-01
2.3667e-01
3.0590e-01
2.3584e-01
2.3605e-01
8.4609e-01
1.1578e+00
3.9785e-01
5.9743e-01
6.0998e-01
5.5932e-01
2.8848e-01
2.3657e-01
5.7411e-01
2.3683e-01
7.7724e-01
4.6823e-01
2.3680e-01
2.3614e-01
5.5289e-01
2.3630e-01
5.0186e-01
2.3598e-01
4.1048e-01
5.1501e-01
2.3520e-01
4.0940e-01
2.3715e-01
4.1782e-01
6.9746e-01
2.3548e-01
2.3645e-01
4.4383e-01
3.4731e-01
3.1497e-01
2.8365e-01
3.4363e-01
3.8166e-01
2.3576e-01
5.6288e-01
2.3689e-01
2.3711e-01
2.3615e-01
2.3570e-01
2.3620e-01
5.9603e-01
4.4684e-01
2.3631e-01
1.8034e+00
2.8359e-01
2.5382e+00
2.7129e-01
3.1888e-01
4.3551e-01
2.3583e-01
2.7985e-01
3.6245e-01
6.9423e-01
2.3622e-01
2.3561e-01
2.3657e-01
2.9569e-01
4.7252e-01
2.5226e-01
2.3567e-01
2.3622e-01
9.0221e-01
2.3609e-01
7.1675e-01
6.0534e-01
2.8567e-01
3.9927e-01
3.6786e-01
2.3646e-01
2.3558e-01
4.9029e-01
4.6594e-01
2.3643e-01
2.3684e-01
6.0789e-01
2.3479e-01
1.1267e+00
2.5017e-01
2.3594e-01
1.2210e+00
7.8152e-01
4.9298e-01
2.3693e-01
6.0882e-01
8.1373e-01
4.6864e-01
1.3496e+00
2.3664e-01
4.5691e-01
2.3627e-01
4.8825e-01
2.3690e-01
4.3759e-01
2.3634e-01
2.6105e-01
4.9646e-01
2.3654e-01
2.3594e-01
1.4692e+00
2.3666e-01
4.3851e-01
3.0001e-01
2.3609e-01
4.2001e-01
5.0988e-01
2.3697e-01
9.8761e-01
2.3645e-01
5.5897e-01
3.0031e-01
2.3704e-01
1.1804e+00
1.0620e+00
3.0674e-01
2.3552e-01
2.3650e-01
2.3595e-01
6.8906e-01
2.6530e-01
2.3547e-01
2.7234e-01
2.3614e-01
8.1967e-01
6.8399e-01
2.3560e-01
2.3815e-01
4.3323e-01
2.3591e-01
2.3602e-01
3.1972e-01
3.5689e-01
2.4847e-01
3.9397e-01
2.6114e-01
1.5506e+00
3.7377e+00
7.9519e-01
1.4792e+00
2.3571e-01
2.3684e-01
2.3645e-01
5.9347e-01
4.5365e-01
2.3696e-01
3.5753e-01
8.5951e-01
2.4021e-01
2.3718e-01
2.3561e-01
3.2728e-01
2.6755e-01
4.0188e-01
2.7832e-01
2.3717e-01
2.3567e-01
2.3624e-01
2.8054e-01
2.3648e-01
2.3639e-01
2.3687e-01
2.3542e-01
3.1075e-01
5.6167e-01
3.7587e-01
2.3668e-01
2.3641e-01
4.4962e-01
4.5654e-01
2.3575e-01
1.0271e+00
4.5665e-01
2.3552e-01
6.5635e-01
1.3081e+00
1.3595e+00
4.7674e-01
2.3747e-01
3.0102e-01
3.4693e-01
5.0284e-01
6.0701e-01
4.2688e-01
2.3609e-01
2.9046e-01
4.9358e-01
1.3865e+00
7.4936e-01
4.0726e-01
7.1630e-01
3.5963e-01
4.0922e-01
3.6443e-01
3.0743e-01
7.8853e-01
2.3684e-01
2.3620e-01
2.3663e-01
7.6409e-01
2.3481e-01
2.8772e-01
2.8105e-01
2.3583e-01
2.3517e-01
6.3380e-01
3.1573e-01
1.5870e+00
1.2992e+00
2.3524e-01
2.3428e-01
2.3713e-01
2.3503e-01
5.3869e-01
3.9730e-01
2.3733e-01
4.7006e-01
2.3607e-01
5.1099e-01
5.9656e-01
1.0055e+00
1.3914e+00
2.6529e-01
3.4090e-01
5.8151e-01
3.2616e-01
4.9011e-01
1.1995e+00
3.6566e-01
6.2453e-01
2.3663e-01
4.3055e-01
4.0300e-01
5.5278e-01
2.3510e-01
2.4964e-01
6.8927e-01
3.6324e-01
2.3557e-01
4.0172e-01
2.3545e-01
2.3983e-01
2.3652e-01
5.7221e-01
2.3588e-01
4.1871e-01
2.3658e-01
3.1438e-01
5.5292e-01
2.3641e-01
4.9445e-01
2.3665e-01
2.9066e-01
3.5953e-01
2.3594e-01
2.6197e-01
2.5826e-01
5.4466e-01
8.4474e-01
8.7619e-01
3.2968e-01
1.3383e+00
2.3610e-01
2.3596e-01
1.2866e+00
6.2245e-01
5.2533e-01
2.3597e-01
2.3516e-01
5.3014e-01
2.3554e-01
2.3644e-01
5.7352e-01
2.3551e-01
2.3511e-01
6.0104e-01
2.3645e-01
2.3657e-01
2.3537e-01
3.6952e-01
2.2910e+00
2.3634e-01
2.5683e-01
3.3891e-01
2.3704e-01
6.3645e-01
2.9688e-01
5.1050e-01
5.1322e-01
2.3734e-01
4.1501e-01
2.3502e-01
3.4561e-01
5.5542e-01
2.3700e-01
7.0814e-01
3.3820e-01
2.3629e-01
1.3101e+00
2.3692e-01
2.3626e-01
7.1068e-01
4.1383e-01
3.2092e-01
2.3598e-01
4.9718e-01
5.9103e-01
7.5752e-01
5.2298e-01
4.8926e-01
2.3576e-01
2.7723e-01
5.0301e-01
2.3676e-01
3.4506e-01
4.4684e-01
2.3654e-01
2.3651e-01
2.3589e-01
2.3630e-01
2.3721e-01
3.4814e-01
3.3240e-01
3.6437e-01
2.3611e-01
2.3584e-01
2.3680e-01
3.6310e-01
2.3698e-01
2.3594e-01
2.3486e-01
5.1118e-01
3.0713e-01
8.2269e-01
2.3681e-01
1.3087e+00
9.2215e-01
3.3254e-01
3.3524e-01
1.5860e+00
2.3651e-01
4.6991e-01
2.3650e-01
2.3741e-01
2.3686e-01
3.3661e-01
3.8162e+00
2.3633e-01
2.3710e-01
2.4110e-01
3.9790e-01
7.6450e-01
3.0453e-01
2.3655e-01
3.5032e-01
2.3678e-01
2.3632e-01
2.3452e-01
4.0177e-01
4.2186e-01
2.3650e-01
2.3640e-01
4.5609e-01
2.3456e-01
7.7559e-01
2.8241e-01
3.6588e-01
1.0648e+00
2.3570e-01
4.4928e-01
8.3566e-01
5.5603e-01
8.3360e-01
2.3492e-01
2.3659e-01
9.7361e-01
2.3606e-01
2.3659e-01
2.3142e+00
2.3637e-01
2.3582e-01
1.1819e+00
2.3500e-01
4.4836e-01
5.6424e-01
5.0070e-01
2.9899e-01
2.3601e-01
2.3604e-01
2.3702e-01
3.0584e-01
4.6356e-01
1.8030e+00
5.8725e-01
3.2553e-01
2.3661e-01
2.3584e-01
2.3607e-01
2.3640e-01
3.6083e-01
2.7920e-01
3.0941e-01
2.3683e-01
2.3644e-01
6.1711e-01
5.8224e-01
2.3705e-01
7.5490e-01
7.0312e-01
2.3671e-01
1.0307e+00
9.0191e-01
2.3709e-01
8.0996e-01
2.3685e-01
1.6753e+00
4.2420e-01
8.6627e-01
2.3639e-01
1.1088e+00
7.1716e-01
7.5213e-01
3.5923e-01
1.6188e+00
2.3555e-01
2.3625e-01
