-0.1010	0.1010	0.0000
-0.1010	0.1010	0.0000
-0.1010	0.1010	-1.0000
-0.1010	0.1010	-1.0000
-0.1010	0.1010	-2.0000
-0.1010	0.1010	-2.0000
-0.1010	0.1010	0.0000
-0.1010	0.1010	-2.0000
-0.1010	0.1010	-1.0000
-0.1010	0.1010	-2.0000
-0.1009	0.1009	-2.0000
-0.1009	0.1009	0.0000
-0.1009	0.1009	-2.0000
-0.1009	0.1009	-1.0000
-0.1009	0.1009	-2.0000
-0.1008	0.1008	-2.0000
-0.1008	0.1008	-2.0000
-0.1008	0.1008	-2.0000
-0.1008	0.1008	-1.0000
-0.1007	0.1007	-2.0000
-0.1007	0.1007	-2.0000
-0.1007	0.1007	-2.0000
-0.1006	0.1006	-2.0000
-0.1006	0.1006	-1.0000
-0.1006	0.1006	-2.0000
-0.1005	0.1005	-1.0000
-0.1005	0.1005	-2.0000
-0.1004	0.1005	-2.0000
-0.1004	0.1004	0.0000
-0.1003	0.1004	-2.0000
-0.1003	0.1003	-2.0000
-0.1002	0.1003	-2.0000
-0.1002	0.1002	-2.0000
-0.1001	0.1002	0.0000
-0.1001	0.1001	-2.0000
-0.1000	0.1001	-1.0000
-0.1000	0.1000	-2.0000
-0.0999	0.0999	-2.0000
-0.0998	0.0999	0.0000
-0.0998	0.0998	-2.0000
-0.0997	0.0997	-1.0000
-0.0996	0.0997	-2.0000
-0.0996	0.0996	-2.0000
-0.0995	0.0995	-2.0000
-0.0994	0.0995	-2.0000
-0.0993	0.0994	-1.0000
-0.0993	0.0993	-2.0000
-0.0992	0.0992	-2.0000
-0.0991	0.0991	-2.0000
-0.0990	0.0991	-2.0000
-0.0989	0.0990	-1.0000
-0.0988	0.0989	-3.0000
-0.0988	0.0988	-2.0000
-0.0987	0.0987	-2.0000
-0.0986	0.0986	-2.0000
-0.0985	0.0985	0.0000
-0.0984	0.0984	-2.0000
-0.0983	0.0983	-2.0000
-0.0982	0.0982	-2.0000
-0.0981	0.0981	-2.0000
-0.0980	0.0980	-1.0000
-0.0978	0.0979	-2.0000
-0.0977	0.0978	-1.0000
-0.0976	0.0977	-2.0000
-0.0975	0.0976	-2.0000
-0.0974	0.0974	-2.0000
-0.0973	0.0973	-2.0000
-0.0971	0.0972	-1.0000
-0.0970	0.0971	-2.0000
-0.0969	0.0969	-2.0000
-0.0968	0.0968	-2.0000
-0.0966	0.0967	-2.0000
-0.0965	0.0966	-1.0000
-0.0964	0.0964	-3.0000
-0.0962	0.0963	-2.0000
-0.0961	0.0961	-2.0000
-0.0959	0.0960	-2.0000
-0.0958	0.0959	-1.0000
-0.0956	0.0957	-2.0000
-0.0955	0.0956	-1.0000
-0.0953	0.0954	-2.0000
-0.0952	0.0953	-2.0000
-0.0950	0.0951	0.0000
-0.0949	0.0949	-2.0000
-0.0947	0.0948	-1.0000
-0.0945	0.0946	-2.0000
-0.0944	0.0944	-2.0000
-0.0942	0.0943	0.0000
-0.0940	0.0941	-2.0000
-0.0938	0.0939	-1.0000
-0.0937	0.0938	0.0000
-0.0935	0.0936	0.0000
-0.0933	0.0934	-1.0000
-0.0931	0.0932	0.0000
-0.0929	0.0930	0.0000
-0.0927	0.0928	0.0000
-0.0925	0.0926	0.0000
-0.0924	0.0924	0.0000
-0.0921	0.0922	0.0000
-0.0919	0.0920	0.0000
-0.0917	0.0918	0.0000
0.0693	-0.1200	0.0000
-0.0888	-0.0010	-1.0000
0.3233	-0.1667	0.0000
-0.1355	0.0486	0.0000
0.4662	-0.3319	0.0000
0.2242	-0.1056	0.0000
-0.0198	-0.2277	0.0000
-0.0011	-0.1355	-1.0000
0.1411	0.0315	0.0000
0.1282	-0.0729	0.0000
0.2740	-0.2437	0.0000
0.0890	-0.2329	0.0000
0.2151	0.0186	0.0000
0.3766	-0.5569	0.0000
-0.0524	-0.0528	0.0000
0.4353	-0.3527	-1.0000
0.1685	-0.0983	0.0000
0.2152	-0.5376	0.0000
0.3887	-0.4447	0.0000
-0.0530	0.0613	0.0000
0.1074	-0.1226	0.0000
0.4979	-0.4196	0.0000
0.3328	-0.0920	0.0000
0.3663	-0.1558	-1.0000
0.0960	-0.2696	0.0000
-0.0144	0.0847	0.0000
-0.0374	-0.0569	0.0000
-0.0580	0.0136	0.0000
0.0628	-0.0184	0.0000
-0.0721	-0.3209	0.0000
-0.1253	-0.0444	0.0000
0.1775	-0.1939	0.0000
0.2210	-0.2909	0.0000
-0.0230	-0.0050	0.0000
0.3552	-0.4868	0.0000
-0.0099	-0.3660	0.0000
0.3482	-0.0671	0.0000
0.2755	-0.1860	0.0000
0.1064	0.0505	0.0000
0.3486	0.0660	0.0000
0.0854	-0.3151	0.0000
0.2975	0.0522	0.0000
0.3893	-0.4947	0.0000
0.0622	-0.3928	0.0000
0.1012	-0.0193	0.0000
0.0936	-0.0310	0.0000
0.2023	-0.0482	0.0000
-0.0687	-0.3471	0.0000
0.2789	-0.1962	0.0000
0.3668	-0.4046	0.0000
0.3594	-0.1403	0.0000
0.3129	-0.2221	0.0000
-0.0190	-0.2239	0.0000
0.3300	-0.1880	-1.0000
0.1121	-0.3612	0.0000
-0.1498	-0.2555	0.0000
0.2228	-0.4282	0.0000
-0.0560	0.0799	0.0000
-0.1128	-0.1108	0.0000
0.3161	-0.3015	0.0000
0.3685	-0.4783	0.0000
0.1363	0.0342	-1.0000
0.1436	-0.3682	0.0000
0.2526	-0.5464	0.0000
0.1557	-0.0939	0.0000
0.0896	-0.2187	-1.0000
0.0663	-0.2133	0.0000
0.3411	-0.2811	0.0000
0.0941	0.1836	0.0000
0.0423	-0.1147	0.0000
-0.0456	-0.0752	0.0000
0.0533	0.1189	0.0000
0.3793	-0.4490	0.0000
0.0610	-0.1739	0.0000
0.1367	0.0199	0.0000
0.2161	-0.4215	0.0000
-0.0582	-0.4921	0.0000
0.2771	-0.2463	0.0000
-0.2321	-0.0793	0.0000
0.1207	-0.3777	0.0000
0.3342	-0.2923	0.0000
0.0102	-0.0580	-1.0000
0.1058	0.0326	0.0000
0.0098	0.2025	0.0000
0.2738	-0.2815	-1.0000
0.1209	-0.1652	-1.0000
0.2368	-0.2599	-1.0000
0.3508	-0.0965	0.0000
0.2528	-0.3858	0.0000
0.2030	-0.2435	0.0000
-0.0041	-0.0895	-1.0000
-0.0870	-0.0739	0.0000
-0.1471	0.0056	0.0000
-0.0548	-0.0505	-1.0000
0.5320	-0.5620	0.0000
0.3793	-0.4413	-1.0000
0.3704	-0.5294	-1.0000
0.0885	0.0155	0.0000
0.0539	-0.0702	-1.0000
0.3612	-0.3409	-1.0000
0.2780	-0.1580	0.0000
0.0685	0.0884	0.0000
0.1671	-0.4219	0.0000
0.1495	-0.2077	-1.0000
-0.0030	-0.1563	0.0000
0.1480	-0.2048	0.0000
0.1632	-0.2331	0.0000
0.4864	-0.1170	-1.0000
0.0598	-0.2328	0.0000
0.3628	-0.1601	0.0000
0.3721	-0.2125	0.0000
0.3523	-0.1757	-1.0000
-0.0559	0.0655	-1.0000
-0.0263	-0.1766	-1.0000
0.3884	-0.4298	-1.0000
-0.0286	-0.1901	-1.0000
-0.0795	0.1047	0.0000
0.0017	-0.2946	0.0000
0.0413	-0.0801	-1.0000
0.3383	0.0201	0.0000
0.0684	0.0710	0.0000
0.1486	-0.2753	0.0000
0.0945	-0.0820	0.0000
-0.0105	-0.2120	-1.0000
0.3072	-0.5573	0.0000
-0.1426	-0.0065	0.0000
0.4576	-0.4233	0.0000
0.1554	-0.5398	0.0000
0.3180	0.1890	0.0000
-0.0693	0.1581	0.0000
0.1573	-0.2449	0.0000
0.2508	-0.1437	-1.0000
0.2943	-0.3958	0.0000
0.0798	-0.1431	-1.0000
0.2314	-0.1656	0.0000
0.2000	0.2508	0.0000
0.3885	0.0212	0.0000
0.5651	-0.2072	0.0000
0.0566	-0.2251	0.0000
0.5032	-0.6341	0.0000
-0.0877	-0.1417	0.0000
-0.0705	-0.0784	0.0000
0.0708	-0.1890	0.0000
0.3621	-0.3011	0.0000
0.1942	-0.1084	-2.0000
0.4440	-0.1597	0.0000
0.0395	-0.2247	0.0000
0.2437	0.1387	0.0000
0.3138	-0.2300	0.0000
0.1888	-0.4440	0.0000
-0.0006	-0.3173	0.0000
0.1570	0.0404	-1.0000
0.2683	-0.1460	-1.0000
0.1568	-0.2446	0.0000
0.0976	0.0154	0.0000
0.6428	-0.3981	0.0000
0.4626	-0.0225	0.0000
0.3412	0.0299	0.0000
0.2584	-0.0388	0.0000
0.1165	-0.1693	0.0000
0.3648	-0.0388	0.0000
0.1094	-0.5706	0.0000
0.0314	-0.0509	0.0000
0.1326	-0.3673	0.0000
0.2944	-0.4084	0.0000
0.3570	-0.1668	0.0000
0.2580	-0.2245	-1.0000
0.0537	-0.1333	0.0000
0.0663	-0.1556	0.0000
0.1004	-0.0423	0.0000
0.1204	-0.3065	0.0000
0.0560	-0.3701	-1.0000
0.2174	-0.2214	-1.0000
0.1855	0.0393	0.0000
-0.1409	-0.0466	-1.0000
0.1273	0.0505	0.0000
0.3323	0.0524	-1.0000
0.2278	0.0339	0.0000
0.2868	-0.2968	0.0000
0.6015	-0.2590	0.0000
0.2343	-0.0332	-2.0000
0.1265	-0.3218	0.0000
-0.0304	0.0294	0.0000
0.5100	-0.3368	0.0000
0.6283	-0.0698	0.0000
0.1810	-0.2565	0.0000
0.2826	-0.4721	0.0000
-0.0624	0.0185	-1.0000
0.0683	-0.1987	-1.0000
0.1305	-0.3184	-1.0000
0.4326	-0.4237	0.0000
0.0894	-0.1915	0.0000
0.3556	-0.5223	0.0000
0.1463	-0.2857	0.0000
0.2914	-0.3091	-1.0000
0.0067	-0.3810	0.0000
0.3352	-0.3021	0.0000
0.0464	0.0492	-1.0000
-0.1603	-0.2511	0.0000
-0.1213	-0.0829	0.0000
-0.0145	-0.3478	0.0000
0.0302	-0.2491	0.0000
0.1464	-0.1647	-1.0000
0.2868	-0.1113	0.0000
-0.0332	-0.4968	0.0000
0.0412	-0.1618	0.0000
0.1072	0.1203	-1.0000
0.1349	-0.0251	0.0000
0.3001	-0.2284	0.0000
0.2790	-0.3019	-1.0000
0.2377	0.1738	0.0000
0.3519	-0.5772	0.0000
-0.0981	-0.0156	0.0000
-0.2287	0.0414	0.0000
-0.0344	-0.0556	0.0000
0.1716	-0.0724	0.0000
0.1247	-0.3690	0.0000
0.3634	-0.1704	0.0000
0.1652	-0.1586	-1.0000
0.4759	-0.3511	0.0000
0.3116	-0.4351	0.0000
0.0656	-0.0593	0.0000
0.1768	-0.2254	-1.0000
-0.0141	0.0496	-1.0000
0.0841	-0.1480	0.0000
0.3183	-0.4298	0.0000
-0.1056	-0.2013	-1.0000
0.0415	-0.0052	0.0000
0.2505	-0.4017	0.0000
-0.0260	-0.3486	0.0000
0.1807	-0.1879	0.0000
0.0316	-0.0534	-1.0000
0.0317	-0.2305	0.0000
0.0716	-0.1989	-2.0000
0.3224	-0.2955	-1.0000
0.1146	-0.1667	0.0000
-0.0772	0.0410	0.0000
0.0671	0.0928	0.0000
-0.1561	-0.1455	-1.0000
0.3696	-0.1981	0.0000
-0.0195	-0.1812	0.0000
0.4649	-0.5273	0.0000
-0.0301	-0.1730	-1.0000
0.2671	0.0626	-1.0000
0.1033	0.0845	0.0000
0.2079	-0.0188	-1.0000
0.1962	0.1500	0.0000
0.1290	-0.1688	-1.0000
-0.1656	-0.0223	0.0000
-0.0414	-0.3061	0.0000
0.2870	-0.0281	0.0000
0.0429	-0.3326	0.0000
0.3128	-0.2334	-1.0000
0.3034	-0.5716	0.0000
0.0287	0.0678	0.0000
0.1169	-0.1771	-1.0000
0.0009	0.1515	0.0000
0.0890	-0.2016	0.0000
0.4677	-0.0059	0.0000
0.1717	-0.1280	-1.0000
0.1402	-0.0069	0.0000
-0.0568	-0.3253	0.0000
0.2825	-0.2100	0.0000
0.2350	-0.0733	0.0000
-0.0742	0.0500	0.0000
0.2867	-0.4355	-1.0000
0.4641	-0.4191	0.0000
0.1267	0.1052	0.0000
0.4001	-0.3714	0.0000
0.3888	-0.2340	0.0000
0.2045	-0.0251	0.0000
0.2754	-0.1968	0.0000
0.5584	-0.2357	0.0000
0.5151	-0.1445	0.0000
0.2676	-0.2997	-1.0000
0.1671	-0.2493	-1.0000
0.5481	-0.5139	0.0000
0.1785	-0.3175	0.0000
0.1467	-0.1543	0.0000
0.1088	0.1422	0.0000
-0.1345	0.0066	0.0000
0.2947	-0.6314	0.0000
0.4520	-0.2137	0.0000
0.4221	-0.0051	0.0000
0.2842	-0.1421	0.0000
0.1360	-0.2900	-1.0000
-0.1918	0.0990	0.0000
0.2995	-0.2881	0.0000
0.1790	-0.2835	0.0000
0.0994	0.1399	0.0000
0.3501	-0.5112	-1.0000
0.1371	0.0580	0.0000
0.2360	-0.1989	0.0000
0.2054	-0.0571	0.0000
0.0459	0.0437	-2.0000
-0.0280	-0.2216	0.0000
0.0746	-0.2929	0.0000
0.3973	-0.2000	0.0000
0.0210	0.0945	0.0000
0.1301	-0.0709	0.0000
0.3384	-0.2300	0.0000
-0.1304	-0.0382	0.0000
0.2170	-0.2954	0.0000
0.2062	-0.1654	-1.0000
-0.0995	0.0321	0.0000
0.0495	-0.1918	0.0000
0.1133	-0.0330	0.0000
0.0685	-0.1775	-1.0000
0.0687	-0.0721	-1.0000
0.1921	-0.0935	0.0000
0.3151	-0.0184	0.0000
0.0760	-0.0569	-1.0000
0.1822	-0.2637	0.0000
0.3730	0.1469	0.0000
-0.1983	0.0243	0.0000
0.0576	-0.2676	0.0000
0.3764	-0.1552	0.0000
0.1840	0.0558	0.0000
0.2431	-0.3705	-1.0000
0.2282	-0.0357	-1.0000
-0.2561	-0.0363	0.0000
0.4126	-0.6790	-1.0000
0.2258	0.1315	-1.0000
0.3216	-0.3459	0.0000
0.1953	-0.5979	0.0000
0.0563	-0.0273	0.0000
0.3324	0.0636	0.0000
0.0603	-0.0112	-1.0000
0.1160	-0.2587	0.0000
0.1828	-0.2575	0.0000
0.0392	0.2469	0.0000
-0.0416	-0.0310	-1.0000
0.3638	-0.2779	-1.0000
0.1660	0.1316	0.0000
0.2653	-0.1222	0.0000
0.4491	-0.5848	0.0000
0.1054	-0.2348	0.0000
0.2796	-0.1176	-1.0000
0.1661	-0.1305	0.0000
0.2329	0.0520	0.0000
-0.0417	-0.3273	-1.0000
0.3478	-0.3098	0.0000
0.4658	-0.1797	0.0000
0.1509	-0.1890	-1.0000
0.3837	-0.1546	-1.0000
0.5106	-0.3503	0.0000
0.1096	-0.2413	0.0000
0.1082	0.0503	0.0000
0.3509	0.1349	0.0000
0.2866	0.0471	0.0000
0.1130	-0.2342	0.0000
0.2836	-0.1272	-1.0000
0.3686	-0.3518	-1.0000
0.1710	-0.2698	0.0000
0.3579	-0.2646	-1.0000
0.1805	0.0275	0.0000
0.5596	-0.3258	0.0000
0.0911	-0.0926	-1.0000
0.4473	0.0856	0.0000
0.2099	-0.1180	0.0000
-0.1735	-0.0052	0.0000
0.1988	-0.1110	-1.0000
0.0057	-0.0927	0.0000
0.2938	-0.5092	0.0000
-0.0548	0.0669	0.0000
0.3544	-0.4028	0.0000
0.0438	-0.3954	-1.0000
0.4478	-0.2747	0.0000
-0.0949	-0.0196	0.0000
0.1197	-0.3479	0.0000
-0.0700	-0.4329	0.0000
0.0044	-0.4430	0.0000
0.3168	-0.2004	0.0000
0.1732	0.0018	-1.0000
0.1323	-0.4579	0.0000
-0.1469	-0.2565	-1.0000
0.3826	-0.2638	0.0000
0.4177	-0.2614	-1.0000
0.5034	-0.5316	-1.0000
0.3994	-0.1096	0.0000
0.4433	-0.4215	-1.0000
0.2177	-0.2554	-1.0000
0.3365	-0.1868	0.0000
0.0726	-0.2768	-1.0000
0.3419	-0.5119	0.0000
0.0907	-0.1310	0.0000
0.4702	-0.7184	0.0000
0.4766	-0.5101	0.0000
0.2045	-0.2895	0.0000
0.2580	-0.2621	0.0000
0.6180	-0.2757	0.0000
0.3364	-0.1608	-1.0000
0.0340	-0.3884	0.0000
0.5528	-0.4710	0.0000
0.1069	-0.3810	-1.0000
-0.0931	-0.0136	0.0000
0.3469	-0.1627	0.0000
0.1395	-0.0158	0.0000
0.2322	-0.0874	0.0000
0.2601	-0.4302	0.0000
0.1082	0.0793	-1.0000
0.0143	-0.1730	0.0000
0.0414	-0.1324	0.0000
0.1399	-0.0431	-1.0000
0.0889	-0.1630	0.0000
0.0447	0.1187	0.0000
0.3953	-0.0917	-1.0000
0.0154	-0.2057	-1.0000
0.1975	-0.2426	0.0000
0.0376	-0.2887	0.0000
0.5123	-0.5393	0.0000
0.2069	-0.1580	0.0000
0.0720	-0.2674	0.0000
0.2358	-0.2678	0.0000
0.0942	-0.0802	0.0000
0.0714	-0.0728	0.0000
0.1387	-0.0429	0.0000
-0.0048	-0.0589	0.0000
0.1326	-0.0974	0.0000
0.0288	-0.1774	0.0000
0.5544	-0.4583	0.0000
0.0772	-0.2709	-1.0000
0.0191	-0.3232	0.0000
0.4184	-0.1771	0.0000
0.3617	-0.5709	0.0000
0.1881	-0.2403	0.0000
0.1882	-0.4040	-1.0000
0.1877	-0.0356	0.0000
0.3570	-0.1367	0.0000
0.0201	0.0534	-1.0000
0.0301	-0.3332	-1.0000
0.3301	-0.3500	0.0000
0.2663	0.1014	0.0000
0.6214	-0.2572	0.0000
0.4134	-0.1345	-1.0000
-0.0923	-0.3974	0.0000
0.2710	-0.3859	0.0000
0.2568	-0.0655	-1.0000
-0.1143	0.1178	0.0000
0.1362	-0.3640	0.0000
0.3637	-0.0621	0.0000
0.5475	-0.5429	0.0000
0.1686	-0.1928	0.0000
0.1453	-0.3964	0.0000
0.3063	-0.5022	0.0000
0.0142	-0.0954	0.0000
0.2690	-0.1803	0.0000
0.1949	-0.1077	0.0000
0.1042	-0.1677	0.0000
0.0384	-0.0455	0.0000
0.1100	-0.1617	0.0000
0.0845	-0.2037	0.0000
0.2530	0.0773	0.0000
0.1068	-0.0613	0.0000
-0.1011	0.0117	-1.0000
0.3417	-0.0381	-1.0000
0.0616	-0.0210	-1.0000
0.1014	-0.4045	0.0000
-0.0942	-0.0594	0.0000
0.0106	-0.2615	0.0000
0.2794	-0.2816	0.0000
-0.1769	-0.0095	0.0000
0.2605	-0.1662	0.0000
0.2769	-0.2521	0.0000
0.6387	-0.4309	0.0000
0.2650	-0.1084	0.0000
0.1473	-0.3650	0.0000
0.5676	-0.0226	0.0000
0.2028	-0.1337	-1.0000
0.4962	-0.3408	-1.0000
0.0483	0.2126	0.0000
0.3289	0.0943	0.0000
-0.1797	-0.0885	0.0000
0.0463	-0.2404	0.0000
-0.0235	-0.2929	-1.0000
0.2650	0.0797	0.0000
0.0335	-0.4785	0.0000
-0.0017	-0.0085	0.0000
0.2096	-0.2819	0.0000
-0.0935	-0.1375	0.0000
0.1071	-0.0854	0.0000
0.1369	-0.1532	0.0000
0.0107	0.0166	0.0000
-0.1568	0.0347	0.0000
0.2314	0.0489	0.0000
0.2803	0.0123	-1.0000
0.0036	-0.1392	0.0000
0.3675	-0.2277	0.0000
0.1137	-0.0796	0.0000
0.1550	-0.1457	-1.0000
0.3278	-0.2359	0.0000
-0.0309	-0.0124	0.0000
0.3599	-0.3565	-1.0000
0.1093	-0.0980	0.0000
0.0421	-0.0625	-1.0000
-0.0613	-0.3158	-1.0000
0.4956	-0.3574	0.0000
0.4271	-0.3625	0.0000
0.2135	-0.2199	-1.0000
0.0289	-0.0106	0.0000
0.2245	-0.2870	0.0000
0.3431	-0.2555	0.0000
0.1085	-0.0997	-1.0000
0.0251	-0.0141	-1.0000
0.0685	-0.0786	0.0000
0.3420	-0.3555	0.0000
0.3478	-0.1621	0.0000
0.1589	-0.3445	-1.0000
0.1559	0.1466	0.0000
0.2393	0.0116	-1.0000
0.4207	-0.6118	0.0000
0.1828	-0.2218	-1.0000
0.0615	-0.0471	0.0000
0.3875	-0.5910	0.0000
0.1350	-0.0887	0.0000
0.2602	-0.3463	0.0000
0.1223	-0.0276	0.0000
-0.0233	-0.4366	0.0000
0.3408	-0.0635	0.0000
-0.2598	-0.1135	0.0000
0.2954	-0.0920	-1.0000
0.0342	0.0599	-1.0000
0.3210	0.0819	0.0000
0.2976	-0.1240	-1.0000
0.0661	0.2329	0.0000
0.2099	-0.5034	-1.0000
0.3096	-0.1848	0.0000
0.2325	-0.2531	0.0000
0.1180	0.0405	0.0000
0.1856	-0.1433	0.0000
0.4767	-0.2546	0.0000
-0.0617	0.1517	-1.0000
0.0438	-0.1205	0.0000
0.6471	-0.4323	0.0000
0.0810	-0.0586	-1.0000
0.1439	-0.2597	0.0000
0.2740	-0.1191	0.0000
0.4036	-0.4338	0.0000
0.1375	-0.0869	-1.0000
0.0579	-0.0209	0.0000
0.3843	0.1136	0.0000
0.2379	-0.6210	0.0000
-0.0884	-0.1212	0.0000
0.5488	-0.5351	0.0000
0.1386	0.1017	0.0000
0.5467	-0.3230	0.0000
0.4528	-0.4901	0.0000
0.2899	-0.3184	0.0000
0.1172	0.1252	0.0000
-0.0574	-0.1242	-1.0000
0.5276	-0.3324	0.0000
0.2852	-0.4986	0.0000
0.1693	-0.1333	0.0000
0.4711	-0.5464	0.0000
0.2347	-0.3537	-1.0000
-0.0243	-0.0685	0.0000
-0.0024	0.0715	0.0000
0.1295	-0.1703	0.0000
0.3198	-0.1526	0.0000
0.1565	-0.2280	0.0000
0.4455	-0.3095	-1.0000
0.2043	-0.2344	0.0000
0.2904	0.0573	-1.0000
0.2280	-0.1906	0.0000
0.4653	-0.7207	0.0000
0.1818	-0.1745	-1.0000
0.0665	-0.3265	0.0000
0.1909	-0.3418	-1.0000
-0.0366	-0.2054	0.0000
0.2365	-0.2935	-1.0000
0.3484	-0.2141	0.0000
0.1289	-0.0329	0.0000
0.0546	-0.0280	-1.0000
0.2959	-0.1694	-1.0000
-0.0337	-0.2626	0.0000
0.1092	-0.5295	0.0000
0.0053	-0.3209	-1.0000
-0.0019	0.0215	0.0000
0.0213	-0.0431	0.0000
-0.0891	-0.4106	0.0000
-0.0324	0.1436	0.0000
0.2389	-0.2286	0.0000
0.0115	-0.3074	0.0000
0.0702	-0.0217	0.0000
0.1610	0.1459	0.0000
0.1834	0.0806	-1.0000
0.1529	-0.0712	0.0000
-0.0955	-0.1000	-2.0000
0.5859	-0.4579	0.0000
0.0355	-0.2538	0.0000
0.3131	-0.6188	0.0000
0.3213	-0.2510	0.0000
0.5789	-0.4165	0.0000
0.0027	-0.2123	-1.0000
0.1305	0.1608	-1.0000
-0.0328	0.0443	-1.0000
0.3518	-0.4145	0.0000
0.4892	-0.2447	0.0000
