0.0000e+00	0.0000e+00	0.0000e+00	1.0000e+00
4.2074e-03	4.2256e-03	4.2685e-03	9.9200e-01
8.4149e-03	8.4512e-03	8.5369e-03	9.8400e-01
1.2622e-02	1.2677e-02	1.2805e-02	9.7599e-01
1.6830e-02	1.6902e-02	1.7074e-02	9.6799e-01
2.1037e-02	2.1128e-02	2.1342e-02	9.5999e-01
2.5245e-02	2.5353e-02	2.5611e-02	9.5199e-01
2.9452e-02	2.9579e-02	2.9879e-02	9.4399e-01
3.3660e-02	3.3805e-02	3.4148e-02	9.3599e-01
3.7867e-02	3.8030e-02	3.8416e-02	9.2798e-01
4.2074e-02	4.2256e-02	4.2685e-02	9.1998e-01
4.6282e-02	4.6481e-02	4.6953e-02	9.1198e-01
5.0489e-02	5.0707e-02	5.1222e-02	9.0398e-01
5.4697e-02	5.4932e-02	5.5490e-02	8.9598e-01
5.8904e-02	5.9158e-02	5.9758e-02	8.8797e-01
6.3112e-02	6.3384e-02	6.4027e-02	8.7997e-01
6.7319e-02	6.7609e-02	6.8295e-02	8.7197e-01
7.1526e-02	7.1835e-02	7.2564e-02	8.6397e-01
7.5734e-02	7.6060e-02	7.6832e-02	8.5597e-01
7.9941e-02	8.0286e-02	8.1101e-02	8.4797e-01
8.4149e-02	8.4512e-02	8.5369e-02	8.3996e-01
8.8356e-02	8.8737e-02	8.9638e-02	8.3196e-01
9.2564e-02	9.2963e-02	9.3906e-02	8.2396e-01
9.6771e-02	9.7188e-02	9.8175e-02	8.1596e-01
1.0098e-01	1.0141e-01	1.0244e-01	8.0796e-01
1.0519e-01	1.0564e-01	1.0671e-01	7.9995e-01
1.0939e-01	1.0986e-01	1.1098e-01	7.9195e-01
1.1360e-01	1.1409e-01	1.1525e-01	7.8395e-01
1.1781e-01	1.1832e-01	1.1952e-01	7.7595e-01
1.2202e-01	1.2254e-01	1.2379e-01	7.6795e-01
1.2622e-01	1.2677e-01	1.2805e-01	7.5994e-01
1.3043e-01	1.3099e-01	1.3232e-01	7.5194e-01
1.3464e-01	1.3522e-01	1.3659e-01	7.4394e-01
1.3885e-01	1.3944e-01	1.4086e-01	7.3594e-01
1.4305e-01	1.4367e-01	1.4513e-01	7.2794e-01
1.4726e-01	1.4790e-01	1.4940e-01	7.1994e-01
1.5147e-01	1.5212e-01	1.5366e-01	7.1193e-01
1.5568e-01	1.5635e-01	1.5793e-01	7.0393e-01
1.5988e-01	1.6057e-01	1.6220e-01	6.9593e-01
1.6409e-01	1.6480e-01	1.6647e-01	6.8793e-01
1.6830e-01	1.6902e-01	1.7074e-01	6.7993e-01
1.7250e-01	1.7325e-01	1.7501e-01	6.7192e-01
1.7671e-01	1.7747e-01	1.7928e-01	6.6392e-01
1.8092e-01	1.8170e-01	1.8354e-01	6.5592e-01
1.8513e-01	1.8593e-01	1.8781e-01	6.4792e-01
1.8933e-01	1.9015e-01	1.9208e-01	6.3992e-01
1.9354e-01	1.9438e-01	1.9635e-01	6.3192e-01
1.9775e-01	1.9860e-01	2.0062e-01	6.2391e-01
2.0196e-01	2.0283e-01	2.0489e-01	6.1591e-01
2.0616e-01	2.0705e-01	2.0915e-01	6.0791e-01
2.1037e-01	2.1128e-01	2.1342e-01	5.9991e-01
2.1458e-01	2.1550e-01	2.1769e-01	5.9191e-01
2.1879e-01	2.1973e-01	2.2196e-01	5.8390e-01
2.2299e-01	2.2396e-01	2.2623e-01	5.7590e-01
2.2720e-01	2.2818e-01	2.3050e-01	5.6790e-01
2.3141e-01	2.3241e-01	2.3477e-01	5.5990e-01
2.3562e-01	2.3663e-01	2.3903e-01	5.5190e-01
2.3982e-01	2.4086e-01	2.4330e-01	5.4390e-01
2.4403e-01	2.4508e-01	2.4757e-01	5.3589e-01
2.4824e-01	2.4931e-01	2.5184e-01	5.2789e-01
2.5245e-01	2.5353e-01	2.5611e-01	5.1989e-01
2.5665e-01	2.5776e-01	2.6038e-01	5.1189e-01
2.6086e-01	2.6199e-01	2.6464e-01	5.0389e-01
2.6507e-01	2.6621e-01	2.6891e-01	4.9588e-01
2.6928e-01	2.7044e-01	2.7318e-01	4.8788e-01
2.7348e-01	2.7466e-01	2.7745e-01	4.7988e-01
2.7769e-01	2.7889e-01	2.8172e-01	4.7188e-01
2.8190e-01	2.8311e-01	2.8599e-01	4.6388e-01
2.8611e-01	2.8734e-01	2.9026e-01	4.5587e-01
2.9031e-01	2.9156e-01	2.9452e-01	4.4787e-01
2.9452e-01	2.9579e-01	2.9879e-01	4.3987e-01
2.9873e-01	3.0002e-01	3.0306e-01	4.3187e-01
3.0294e-01	3.0424e-01	3.0733e-01	4.2387e-01
3.0714e-01	3.0847e-01	3.1160e-01	4.1587e-01
3.1135e-01	3.1269e-01	3.1587e-01	4.0786e-01
3.1556e-01	3.1692e-01	3.2013e-01	3.9986e-01
3.1977e-01	3.2114e-01	3.2440e-01	3.9186e-01
3.2397e-01	3.2537e-01	3.2867e-01	3.8386e-01
3.2818e-01	3.2959e-01	3.3294e-01	3.7586e-01
3.3239e-01	3.3382e-01	3.3721e-01	3.6785e-01
3.3660e-01	3.3805e-01	3.4148e-01	3.5985e-01
3.4080e-01	3.4227e-01	3.4575e-01	3.5185e-01
3.4501e-01	3.4650e-01	3.5001e-01	3.4385e-01
3.4922e-01	3.5072e-01	3.5428e-01	3.3585e-01
3.5342e-01	3.5495e-01	3.5855e-01	3.2785e-01
3.5763e-01	3.5917e-01	3.6282e-01	3.1984e-01
3.6184e-01	3.6340e-01	3.6709e-01	3.1184e-01
3.6605e-01	3.6763e-01	3.7136e-01	3.0384e-01
3.7025e-01	3.7185e-01	3.7562e-01	2.9584e-01
3.7446e-01	3.7608e-01	3.7989e-01	2.8784e-01
3.7867e-01	3.8030e-01	3.8416e-01	2.7983e-01
3.8288e-01	3.8453e-01	3.8843e-01	2.7183e-01
3.8708e-01	3.8875e-01	3.9270e-01	2.6383e-01
3.9129e-01	3.9298e-01	3.9697e-01	2.5583e-01
3.9550e-01	3.9720e-01	4.0124e-01	2.4783e-01
3.9971e-01	4.0143e-01	4.0550e-01	2.3983e-01
4.0391e-01	4.0566e-01	4.0977e-01	2.3182e-01
4.0812e-01	4.0988e-01	4.1404e-01	2.2382e-01
4.1233e-01	4.1411e-01	4.1831e-01	2.1582e-01
4.1654e-01	4.1833e-01	4.2258e-01	2.0782e-01
4.2074e-01	4.2256e-01	4.2685e-01	1.9982e-01
4.9148e-01	6.6171e-01	6.6070e-01	7.1592e-02
5.4835e-01	6.9239e-01	7.2452e-01	3.5854e-02
7.3914e-01	6.6656e-01	6.7357e-01	8.5531e-03
7.8133e-01	7.2562e-01	5.7058e-01	8.6770e-03
6.2447e-01	5.7717e-01	7.9986e-01	2.7380e-02
6.1640e-01	5.9204e-01	6.6320e-01	5.7801e-02
6.7482e-01	6.8205e-01	6.2338e-01	3.1939e-02
5.4463e-01	8.5816e-01	5.9703e-01	2.7374e-02
6.6165e-01	5.0303e-01	6.0649e-01	8.1401e-02
6.0145e-01	8.4217e-01	6.1063e-01	1.4463e-02
6.3423e-01	5.6381e-01	8.6824e-01	1.2196e-02
7.8762e-01	5.5393e-01	7.6431e-01	2.4255e-03
5.5209e-01	5.4530e-01	9.7556e-01	1.0955e-02
6.7868e-01	7.8420e-01	5.5995e-01	2.1705e-02
6.8470e-01	5.7107e-01	6.9153e-01	3.9890e-02
5.9890e-01	5.3496e-01	6.2216e-01	8.5090e-02
5.9574e-01	5.0864e-01	5.7060e-01	1.0415e-01
7.1355e-01	6.1995e-01	7.8085e-01	5.3104e-04
5.7513e-01	5.7396e-01	7.4257e-01	5.3292e-02
6.7085e-01	5.0005e-01	6.7993e-01	6.2709e-02
6.1420e-01	5.6633e-01	7.8965e-01	3.4777e-02
6.8193e-01	6.6935e-01	7.0901e-01	1.3187e-02
5.0344e-01	6.8425e-01	5.7551e-01	8.3376e-02
6.3642e-01	7.8798e-01	6.3053e-01	1.4315e-02
5.6108e-01	7.1534e-01	7.0727e-01	3.1438e-02
5.7044e-01	7.3313e-01	5.1081e-01	7.1038e-02
6.1856e-01	7.4598e-01	5.3038e-01	5.1971e-02
4.8274e-01	7.2168e-01	4.8089e-01	1.0161e-01
6.2210e-01	5.0674e-01	5.3035e-01	1.0777e-01
6.3759e-01	8.6573e-01	5.8090e-01	7.2630e-03
7.7672e-01	5.5373e-01	6.2685e-01	3.7274e-02
5.8136e-01	7.7476e-01	7.0710e-01	1.2593e-02
8.0031e-01	6.6387e-01	5.8131e-01	1.6267e-02
7.1402e-01	5.6495e-01	5.7080e-01	6.2658e-02
5.8666e-01	7.5669e-01	6.2247e-01	3.5442e-02
6.0951e-01	5.3578e-01	7.2919e-01	5.7291e-02
7.7445e-01	5.4139e-01	7.9660e-01	9.5516e-04
6.9853e-01	4.9238e-01	5.4868e-01	8.8702e-02
6.3934e-01	6.6240e-01	5.9679e-01	5.1251e-02
6.7911e-01	5.7170e-01	6.5185e-01	5.0366e-02
6.4608e-01	5.6847e-01	5.4703e-01	8.3545e-02
5.0548e-01	7.4905e-01	5.5268e-01	7.2900e-02
8.5201e-01	5.6034e-01	6.0133e-01	2.3791e-02
6.9919e-01	5.0336e-01	6.3381e-01	6.5996e-02
7.8501e-01	6.1908e-01	7.0924e-01	5.2746e-04
9.1859e-01	5.2295e-01	6.0666e-01	1.5562e-02
7.5107e-01	7.8048e-01	5.5598e-01	6.3051e-03
5.0224e-01	5.9690e-01	7.8969e-01	5.4147e-02
7.2963e-01	5.8209e-01	5.8797e-01	5.0864e-02
4.9089e-01	4.8071e-01	7.6383e-01	9.0410e-02
5.6338e-01	7.8408e-01	6.0825e-01	3.7824e-02
6.8212e-01	5.1114e-01	7.5246e-01	4.0411e-02
6.2627e-01	9.0948e-01	5.6093e-01	4.2761e-03
4.8832e-01	5.2053e-01	5.1157e-01	1.4071e-01
9.1648e-01	5.5309e-01	5.7738e-01	1.5793e-02
5.3455e-01	6.3674e-01	6.7855e-01	6.3082e-02
5.4614e-01	6.9185e-01	8.0740e-01	1.7086e-02
5.5532e-01	7.7847e-01	5.8414e-01	4.6718e-02
5.2977e-01	7.9291e-01	6.7868e-01	2.7218e-02
7.5052e-01	5.5911e-01	6.6975e-01	3.2175e-02
7.6913e-01	5.1661e-01	5.7096e-01	6.0962e-02
5.0926e-01	4.6553e-01	5.9029e-01	1.3030e-01
6.3400e-01	7.0634e-01	5.0309e-01	6.4080e-02
5.4998e-01	5.9938e-01	7.1100e-01	6.0651e-02
6.1182e-01	5.3122e-01	7.5400e-01	5.2008e-02
5.1857e-01	5.1739e-01	9.2292e-01	3.7867e-02
7.6086e-01	7.0853e-01	5.9414e-01	1.2067e-02
5.7444e-01	6.1485e-01	8.7335e-01	1.3130e-02
5.4064e-01	5.1512e-01	5.7437e-01	1.1483e-01
6.4159e-01	8.0760e-01	6.3240e-01	8.0029e-03
6.2962e-01	5.6125e-01	8.7721e-01	1.1799e-02
7.0694e-01	7.0094e-01	6.8526e-01	5.3292e-03
5.5112e-01	5.4869e-01	8.8156e-01	3.2411e-02
5.2359e-01	5.3948e-01	6.3282e-01	9.9425e-02
7.2364e-01	6.5442e-01	6.6225e-01	1.7763e-02
5.4788e-01	5.6312e-01	8.5967e-01	3.4896e-02
6.5823e-01	7.8989e-01	6.2523e-01	9.9205e-03
4.8187e-01	7.0170e-01	5.6891e-01	8.5919e-02
5.3572e-01	7.7909e-01	5.5124e-01	5.8939e-02
6.5248e-01	6.3813e-01	8.1455e-01	2.8481e-03
5.8381e-01	5.2226e-01	6.1112e-01	9.4271e-02
4.8886e-01	6.9601e-01	6.0528e-01	7.7080e-02
7.7350e-01	5.3347e-01	6.1144e-01	4.6448e-02
7.0385e-01	5.5970e-01	8.2063e-01	7.7753e-03
8.1073e-01	6.0423e-01	5.4020e-01	3.7539e-02
7.8285e-01	5.7040e-01	7.5871e-01	9.6950e-04
5.7502e-01	5.2741e-01	6.9944e-01	7.4444e-02
5.8872e-01	6.9691e-01	5.0022e-01	7.7750e-02
7.4686e-01	5.1525e-01	7.2229e-01	3.1115e-02
7.1415e-01	6.6628e-01	6.1458e-01	2.8382e-02
7.4235e-01	6.2296e-01	6.1422e-01	3.2017e-02
7.2418e-01	6.5261e-01	5.0427e-01	5.5082e-02
5.8777e-01	6.9914e-01	5.6617e-01	6.1990e-02
5.2885e-01	5.3068e-01	8.9253e-01	3.9399e-02
5.5407e-01	6.7166e-01	6.1895e-01	6.4139e-02
5.4709e-01	6.8896e-01	7.7142e-01	2.5975e-02
6.6994e-01	5.0696e-01	7.5870e-01	4.2835e-02
5.8573e-01	8.2849e-01	6.4897e-01	1.2456e-02
5.5488e-01	6.8663e-01	6.4844e-01	5.3495e-02
5.3409e-01	5.0974e-01	6.0757e-01	1.0988e-01
5.3959e-01	7.4195e-01	8.3005e-01	1.4775e-03
6.3263e-01	6.5882e-01	7.5525e-01	1.6564e-02
5.8425e-01	6.6893e-01	4.9530e-01	8.6586e-02
6.4829e-01	8.6284e-01	5.6484e-01	9.1662e-03
6.5511e-01	5.9168e-01	5.1366e-01	8.3725e-02
7.3022e-01	5.1376e-01	6.6724e-01	4.8323e-02
6.2466e-01	5.8672e-01	6.8083e-01	5.2965e-02
5.3885e-01	6.0885e-01	7.2170e-01	5.8549e-02
5.6475e-01	8.2425e-01	5.1587e-01	4.9637e-02
5.2470e-01	7.0768e-01	8.0613e-01	1.8733e-02
7.0451e-01	6.6349e-01	7.0193e-01	1.0864e-02
5.1278e-01	6.6232e-01	5.3876e-01	9.4958e-02
9.3112e-01	5.5504e-01	5.6915e-01	1.3778e-02
4.9848e-01	6.2045e-01	7.7227e-01	5.3550e-02
5.2279e-01	6.0153e-01	8.0898e-01	4.3646e-02
7.0020e-01	6.0358e-01	5.3945e-01	6.4144e-02
8.8581e-01	5.2219e-01	6.0467e-01	2.4003e-02
7.4088e-01	6.6436e-01	5.4698e-01	3.8321e-02
7.3353e-01	5.0012e-01	6.4765e-01	5.5356e-02
7.0436e-01	5.3655e-01	7.4158e-01	3.1659e-02
7.2413e-01	7.9064e-01	5.7164e-01	6.6323e-03
6.2162e-01	4.9457e-01	5.7533e-01	1.0022e-01
7.2515e-01	5.2716e-01	6.3763e-01	5.3296e-02
7.8924e-01	5.5081e-01	7.6258e-01	3.1833e-03
5.1704e-01	6.2162e-01	4.6965e-01	1.1977e-01
5.9568e-01	6.0268e-01	5.1629e-01	9.4634e-02
7.9919e-01	5.2221e-01	7.2928e-01	1.5389e-02
7.9673e-01	6.3961e-01	6.1191e-01	1.5688e-02
6.0379e-01	5.3795e-01	8.7543e-01	2.3869e-02
7.7103e-01	7.1334e-01	5.4344e-01	2.0390e-02
5.4885e-01	5.5300e-01	5.5803e-01	1.0774e-01
7.1925e-01	6.3969e-01	5.7361e-01	4.3062e-02
8.2399e-01	5.8543e-01	6.4546e-01	1.4174e-02
6.9212e-01	6.2042e-01	6.0633e-01	4.6409e-02
6.2424e-01	7.7680e-01	6.3122e-01	1.9695e-02
7.6518e-01	5.1683e-01	6.5665e-01	4.1769e-02
5.4692e-01	4.8791e-01	4.7599e-01	1.4284e-01
4.9885e-01	5.4037e-01	8.2642e-01	5.9730e-02
5.0198e-01	5.7767e-01	7.2616e-01	7.3649e-02
5.6359e-01	7.9692e-01	6.9305e-01	1.4865e-02
4.6431e-01	5.9949e-01	4.7844e-01	1.3549e-01
6.9116e-01	5.8281e-01	5.1923e-01	7.5949e-02
5.4557e-01	5.9916e-01	6.6913e-01	7.1564e-02
8.2277e-01	5.7197e-01	6.1754e-01	2.4191e-02
5.1006e-01	6.2661e-01	5.5658e-01	9.9882e-02
7.3532e-01	7.8208e-01	5.8190e-01	3.5946e-03
5.1051e-01	7.0384e-01	6.4502e-01	6.0770e-02
7.9496e-01	6.0524e-01	6.8778e-01	6.4676e-03
5.4105e-01	8.2988e-01	7.0227e-01	1.0259e-02
5.0955e-01	6.5310e-01	7.2008e-01	5.5418e-02
6.5899e-01	7.2067e-01	6.4886e-01	2.0587e-02
6.9569e-01	6.7970e-01	6.9737e-01	1.0194e-02
5.0512e-01	8.0174e-01	6.1218e-01	4.6570e-02
5.1763e-01	5.6639e-01	5.2620e-01	1.1946e-01
5.4080e-01	7.7664e-01	5.2923e-01	6.3472e-02
6.5111e-01	7.3700e-01	5.5254e-01	4.1166e-02
5.8177e-01	5.1155e-01	5.9910e-01	1.0010e-01
6.9258e-01	7.4766e-01	5.3692e-01	3.2444e-02
7.6522e-01	7.1851e-01	5.4035e-01	2.1272e-02
7.9077e-01	5.2383e-01	7.0313e-01	2.3138e-02
4.9923e-01	5.9858e-01	6.7815e-01	8.0606e-02
5.9117e-01	6.6660e-01	7.1639e-01	3.3685e-02
7.4272e-01	5.3575e-01	4.9210e-01	8.1191e-02
4.7348e-01	6.0541e-01	4.7714e-01	1.3221e-01
6.4927e-01	8.5371e-01	5.6884e-01	1.0157e-02
5.8772e-01	4.7480e-01	5.7082e-01	1.1402e-01
5.3123e-01	6.9299e-01	6.2761e-01	6.2493e-02
5.1771e-01	5.5253e-01	8.5277e-01	4.6192e-02
5.1211e-01	9.4237e-01	5.2442e-01	3.2186e-02
7.7531e-01	6.0368e-01	6.7370e-01	1.4807e-02
5.1379e-01	6.3092e-01	6.8505e-01	6.7869e-02
5.5060e-01	5.1091e-01	7.0741e-01	8.2289e-02
7.6363e-01	5.8855e-01	6.4741e-01	2.7324e-02
5.5692e-01	6.5559e-01	7.8738e-01	2.7799e-02
5.6785e-01	9.0709e-01	5.6493e-01	1.7793e-02
5.3137e-01	6.1335e-01	5.8274e-01	9.1824e-02
6.3096e-01	7.4386e-01	5.2134e-01	5.1646e-02
6.1604e-01	7.6814e-01	7.0863e-01	5.5557e-03
6.7552e-01	5.0008e-01	5.2595e-01	9.7675e-02
8.9714e-01	6.6075e-01	5.4129e-01	3.3636e-03
7.9448e-01	6.3699e-01	5.4313e-01	3.2960e-02
5.8427e-01	6.1236e-01	6.2108e-01	7.0499e-02
6.2593e-01	5.6684e-01	6.6056e-01	6.2117e-02
6.1851e-01	7.7754e-01	5.2773e-01	4.5132e-02
8.2118e-01	7.4107e-01	5.3600e-01	3.6506e-03
5.4246e-01	5.2570e-01	6.7792e-01	8.7631e-02
5.1893e-01	5.9655e-01	4.7457e-01	1.2411e-01
6.6680e-01	8.7098e-01	5.5080e-01	6.1303e-03
5.3224e-01	6.4691e-01	9.2434e-01	3.6276e-03
5.6328e-01	5.6172e-01	4.8558e-01	1.1923e-01
7.5012e-01	7.1587e-01	5.7500e-01	1.7367e-02
5.9716e-01	8.9310e-01	5.8277e-01	9.9586e-03
6.1893e-01	8.1898e-01	6.2484e-01	1.2471e-02
6.0142e-01	5.5440e-01	8.2355e-01	3.2695e-02
5.4478e-01	5.4739e-01	5.8556e-01	1.0359e-01
6.0231e-01	7.6132e-01	7.1327e-01	9.3453e-03
8.3561e-01	5.2894e-01	5.1741e-01	5.4788e-02
5.1415e-01	6.7668e-01	6.3062e-01	6.9709e-02
5.2569e-01	4.6920e-01	6.3997e-01	1.1389e-01
5.3417e-01	5.0388e-01	5.1202e-01	1.3364e-01
4.9373e-01	6.3730e-01	5.3379e-01	1.0657e-01
5.7020e-01	8.6008e-01	6.1893e-01	1.5708e-02
5.8141e-01	5.3386e-01	7.6510e-01	5.6013e-02
5.0302e-01	4.9576e-01	8.2976e-01	6.8516e-02
7.6515e-01	6.0709e-01	5.7035e-01	4.0632e-02
5.2686e-01	9.7725e-01	6.0615e-01	1.2707e-03
5.6107e-01	5.6371e-01	6.0713e-01	9.0798e-02
6.1051e-01	6.3697e-01	6.1723e-01	5.9336e-02
4.7652e-01	5.0195e-01	4.5695e-01	1.6071e-01
5.8567e-01	6.8345e-01	5.7062e-01	6.5160e-02
5.7762e-01	9.4496e-01	5.7307e-01	4.5988e-03
5.8372e-01	6.1806e-01	4.9342e-01	9.9196e-02
7.0243e-01	5.6418e-01	6.7220e-01	4.1832e-02
5.0042e-01	6.8315e-01	5.6578e-01	8.6635e-02
6.7825e-01	5.1946e-01	7.7292e-01	3.4565e-02
5.2489e-01	5.3933e-01	7.3925e-01	7.4212e-02
5.8485e-01	5.3378e-01	6.0720e-01	9.2215e-02
5.1060e-01	6.5805e-01	5.0723e-01	1.0388e-01
6.1979e-01	6.3714e-01	8.2385e-01	8.6723e-03
6.6025e-01	6.4313e-01	7.8913e-01	5.7727e-03
5.0357e-01	5.5547e-01	8.5193e-01	4.9053e-02
5.3926e-01	7.2839e-01	8.2685e-01	5.5133e-03
8.3784e-01	6.7873e-01	5.3730e-01	1.4138e-02
8.3345e-01	6.5611e-01	5.2294e-01	2.3903e-02
9.3089e-01	5.4174e-01	5.4981e-01	2.1513e-02
5.3373e-01	6.7635e-01	6.0125e-01	7.2013e-02
6.4200e-01	8.1223e-01	5.2332e-01	3.2370e-02
4.7298e-01	5.3809e-01	5.1738e-01	1.3884e-01
5.4850e-01	7.7080e-01	6.3990e-01	3.7086e-02
5.3287e-01	6.3526e-01	6.2930e-01	7.5371e-02
7.4167e-01	7.4283e-01	5.7642e-01	1.2661e-02
6.2122e-01	5.3890e-01	7.5365e-01	4.8038e-02
5.1956e-01	5.7972e-01	7.2772e-01	6.8620e-02
5.7291e-01	7.7424e-01	6.1812e-01	3.5573e-02
4.5605e-01	5.3738e-01	5.1069e-01	1.4459e-01
5.8283e-01	5.6056e-01	8.7163e-01	2.4393e-02
4.7242e-01	5.9560e-01	5.1917e-01	1.2494e-01
5.5339e-01	5.3327e-01	7.3540e-01	6.9773e-02
5.9760e-01	5.1413e-01	5.1174e-01	1.1620e-01
6.8614e-01	8.1140e-01	5.7916e-01	8.9873e-03
9.6682e-01	5.6688e-01	5.4389e-01	8.4092e-03
6.3595e-01	7.1410e-01	5.6730e-01	4.6732e-02
6.7042e-01	6.8558e-01	5.5412e-01	4.8377e-02
5.9777e-01	6.7747e-01	8.1475e-01	6.4931e-03
4.9519e-01	4.9065e-01	5.4356e-01	1.3865e-01
5.7201e-01	5.2199e-01	9.0647e-01	2.7930e-02
5.7613e-01	6.4800e-01	8.3375e-01	1.4161e-02
5.0509e-01	5.1505e-01	7.7413e-01	7.6490e-02
5.5951e-01	9.1072e-01	5.8758e-01	1.3611e-02
6.7733e-01	6.3256e-01	5.3801e-01	6.3061e-02
7.7372e-01	5.3355e-01	7.4533e-01	1.5002e-02
8.2464e-01	5.5490e-01	7.2441e-01	2.7424e-03
6.9871e-01	6.7547e-01	7.1805e-01	5.6297e-03
6.4893e-01	6.6684e-01	5.0386e-01	6.9699e-02
5.6117e-01	6.7479e-01	8.1575e-01	1.5594e-02
7.3639e-01	6.6016e-01	6.0816e-01	2.6047e-02
7.7207e-01	5.7806e-01	6.2153e-01	3.3865e-02
5.5477e-01	5.1418e-01	7.9969e-01	5.8899e-02
6.8067e-01	7.3060e-01	6.7702e-01	6.4842e-03
7.4121e-01	5.4936e-01	6.4271e-01	4.3034e-02
5.7050e-01	5.3329e-01	7.1173e-01	7.1247e-02
6.9964e-01	7.9869e-01	6.0466e-01	2.8145e-03
5.7289e-01	7.2789e-01	5.6356e-01	5.9334e-02
6.8895e-01	7.5518e-01	5.4649e-01	2.9286e-02
5.5151e-01	5.5949e-01	9.4137e-01	1.5747e-02
7.8199e-01	6.1803e-01	5.2610e-01	4.4409e-02
8.9009e-01	5.9245e-01	6.1889e-01	3.0209e-03
6.0821e-01	5.9749e-01	7.0941e-01	4.7631e-02
6.4837e-01	6.7893e-01	7.3243e-01	1.3412e-02
5.5975e-01	5.4865e-01	5.2435e-01	1.1408e-01
5.9417e-01	8.0697e-01	5.6952e-01	3.4162e-02
7.6176e-01	7.1643e-01	6.0450e-01	7.5543e-03
5.2416e-01	7.2041e-01	5.4673e-01	7.6635e-02
7.5910e-01	5.2531e-01	5.9155e-01	5.6461e-02
8.1433e-01	5.9457e-01	5.6027e-01	3.4267e-02
7.1681e-01	6.5179e-01	6.1757e-01	3.0478e-02
5.4367e-01	8.7627e-01	6.0320e-01	2.1870e-02
5.7981e-01	5.8901e-01	7.0310e-01	5.7868e-02
6.0557e-01	5.7877e-01	7.1937e-01	5.0352e-02
5.2873e-01	5.7162e-01	7.0385e-01	7.3950e-02
7.9852e-01	5.2655e-01	7.2870e-01	1.4659e-02
4.7844e-01	5.7544e-01	6.1165e-01	1.0661e-01
4.5570e-01	4.9832e-01	5.9320e-01	1.3459e-01
5.1621e-01	5.3843e-01	5.4862e-01	1.2116e-01
6.6743e-01	6.6975e-01	7.6808e-01	2.6971e-03
7.2487e-01	8.3346e-01	5.3551e-01	4.7901e-03
5.1580e-01	4.9974e-01	7.3449e-01	8.6857e-02
6.4752e-01	6.0517e-01	8.4037e-01	5.7772e-03
5.5393e-01	5.4121e-01	9.5948e-01	1.5256e-02
6.6414e-01	6.4592e-01	7.4240e-01	1.5138e-02
5.6261e-01	7.4704e-01	7.9691e-01	2.5657e-03
7.9441e-01	7.5324e-01	5.5791e-01	1.9970e-03
8.1032e-01	5.5642e-01	6.5140e-01	2.2897e-02
7.4371e-01	5.9956e-01	5.3862e-01	5.4948e-02
6.6671e-01	5.1671e-01	6.1466e-01	7.5048e-02
6.0243e-01	8.3110e-01	6.4112e-01	9.7067e-03
5.5600e-01	5.8226e-01	7.7226e-01	4.8917e-02
5.6728e-01	8.0467e-01	5.0943e-01	5.5181e-02
5.6121e-01	5.8563e-01	8.2515e-01	3.4489e-02
5.0452e-01	5.9831e-01	5.6477e-01	1.0598e-01
6.3293e-01	5.6230e-01	8.5697e-01	1.5503e-02
6.1353e-01	6.1375e-01	7.1654e-01	4.0843e-02
9.7271e-01	5.4066e-01	5.8158e-01	4.3835e-03
5.5671e-01	9.9635e-01	5.3582e-01	6.1341e-03
5.9332e-01	5.7610e-01	5.6795e-01	8.9379e-02
8.0292e-01	5.2758e-01	6.0302e-01	4.2817e-02
6.2967e-01	6.0813e-01	7.6567e-01	2.6823e-02
4.8129e-01	4.8427e-01	7.1263e-01	1.0385e-01
5.1015e-01	5.0300e-01	6.7512e-01	1.0134e-01
6.6104e-01	5.1006e-01	6.5224e-01	6.9163e-02
7.9988e-01	5.9964e-01	6.6389e-01	1.2221e-02
6.2026e-01	5.0360e-01	7.4456e-01	5.8752e-02
5.1012e-01	6.9001e-01	7.0475e-01	5.0137e-02
6.3940e-01	5.2326e-01	8.3527e-01	2.8294e-02
7.1454e-01	5.7963e-01	7.0755e-01	2.7014e-02
6.4717e-01	5.1988e-01	6.7776e-01	6.4156e-02
7.5880e-01	5.3707e-01	5.8834e-01	5.4501e-02
6.3434e-01	6.8622e-01	6.5076e-01	3.4157e-02
6.5363e-01	5.9900e-01	7.6825e-01	2.2687e-02
5.1356e-01	5.4629e-01	7.0016e-01	8.4416e-02
7.4939e-01	6.7365e-01	5.9331e-01	2.3243e-02
5.0602e-01	6.8830e-01	5.5676e-01	8.6199e-02
6.7888e-01	7.0692e-01	5.1361e-01	5.0809e-02
6.0471e-01	5.2573e-01	9.2023e-01	1.6044e-02
6.5361e-01	5.3848e-01	7.9874e-01	2.9870e-02
6.0249e-01	5.4353e-01	7.4641e-01	5.3093e-02
5.6604e-01	5.8582e-01	6.1015e-01	8.3678e-02
5.7478e-01	7.9517e-01	7.3358e-01	3.1201e-03
7.3485e-01	6.0901e-01	6.7855e-01	2.2027e-02
5.5067e-01	8.0740e-01	6.1947e-01	3.2696e-02
4.4810e-01	4.5111e-01	4.5541e-01	1.7986e-01
4.8801e-01	5.8023e-01	6.8040e-01	8.7087e-02
8.2749e-01	5.6055e-01	6.6826e-01	1.3887e-02
5.9692e-01	7.4804e-01	7.3249e-01	9.2700e-03
4.8714e-01	4.9199e-01	7.0009e-01	1.0357e-01
7.6104e-01	5.2011e-01	6.0963e-01	5.2996e-02
5.2211e-01	5.9207e-01	6.8316e-01	7.5533e-02
6.6658e-01	5.6499e-01	5.8049e-01	7.1655e-02
7.6724e-01	6.1233e-01	5.8224e-01	3.6110e-02
6.7412e-01	5.2200e-01	6.0374e-01	7.4591e-02
5.7008e-01	6.2973e-01	6.2445e-01	6.8972e-02
7.8614e-01	6.5262e-01	5.4413e-01	3.1009e-02
6.0890e-01	6.0746e-01	6.0899e-01	6.8636e-02
6.8596e-01	6.1121e-01	6.1151e-01	4.8838e-02
4.8924e-01	4.8445e-01	5.7267e-01	1.3471e-01
4.6791e-01	6.2001e-01	5.3626e-01	1.1623e-01
6.9216e-01	5.5358e-01	6.9721e-01	4.0924e-02
6.0766e-01	6.7115e-01	6.5854e-01	4.2242e-02
5.9486e-01	5.3276e-01	5.3854e-01	1.0616e-01
5.4069e-01	7.3672e-01	6.0244e-01	5.5791e-02
5.7550e-01	7.7097e-01	6.4155e-01	3.0243e-02
6.0616e-01	6.1898e-01	8.7715e-01	3.7220e-03
5.3928e-01	4.7761e-01	5.1088e-01	1.3891e-01
6.0542e-01	5.7574e-01	5.6365e-01	8.7597e-02
6.4989e-01	5.7714e-01	8.0280e-01	2.0653e-02
6.7728e-01	6.8139e-01	5.0590e-01	5.9038e-02
5.3016e-01	6.7462e-01	6.2104e-01	6.8630e-02
5.4116e-01	9.7336e-01	5.8312e-01	4.1901e-03
7.6409e-01	6.8229e-01	6.2406e-01	1.0498e-02
6.9591e-01	6.0831e-01	6.4708e-01	3.8825e-02
4.8467e-01	4.7633e-01	7.2089e-01	1.0299e-01
7.2394e-01	5.7725e-01	6.8295e-01	3.1108e-02
5.8637e-01	9.6852e-01	5.4728e-01	2.9870e-03
5.3191e-01	9.7052e-01	5.7736e-01	8.4117e-03
6.0446e-01	5.1437e-01	7.2306e-01	6.4996e-02
6.7046e-01	6.0138e-01	8.1586e-01	6.9626e-03
6.9488e-01	5.6809e-01	6.3352e-01	5.1768e-02
4.5404e-01	5.3125e-01	4.9096e-01	1.5115e-01
5.6623e-01	7.0633e-01	7.9544e-01	1.1685e-02
6.4976e-01	5.9068e-01	7.5831e-01	2.7906e-02
5.5390e-01	8.3352e-01	5.7747e-01	3.5586e-02
7.4861e-01	5.2563e-01	7.8547e-01	1.3438e-02
7.2284e-01	5.9330e-01	5.3037e-01	6.3324e-02
5.3938e-01	5.1966e-01	8.2660e-01	5.4954e-02
5.2988e-01	5.6307e-01	9.8238e-01	1.0434e-02
5.9175e-01	5.4486e-01	8.1350e-01	3.9609e-02
6.7413e-01	7.6459e-01	6.3074e-01	1.0839e-02
5.5642e-01	5.2237e-01	5.4464e-01	1.1634e-01
5.7619e-01	6.1093e-01	4.9791e-01	1.0162e-01
5.7863e-01	6.8788e-01	6.1541e-01	5.5291e-02
5.9239e-01	7.3779e-01	5.8178e-01	4.8086e-02
7.6302e-01	6.2819e-01	5.7189e-01	3.5785e-02
6.2738e-01	4.9406e-01	4.7374e-01	1.2278e-01
7.5753e-01	5.5056e-01	7.5491e-01	1.2577e-02
6.8157e-01	5.8198e-01	5.3588e-01	7.4523e-02
7.0309e-01	6.0618e-01	6.0160e-01	4.8278e-02
5.0395e-01	5.1701e-01	8.6301e-01	5.5470e-02
8.1590e-01	5.3174e-01	6.2475e-01	3.3655e-02
4.6410e-01	5.0756e-01	5.8194e-01	1.3304e-01
5.1173e-01	7.1879e-01	6.2078e-01	6.2620e-02
5.9702e-01	4.9009e-01	5.6256e-01	1.1012e-01
6.7212e-01	6.4018e-01	5.1267e-01	6.8432e-02
6.2907e-01	4.8450e-01	6.4379e-01	8.4792e-02
5.7955e-01	5.1176e-01	7.5925e-01	6.3057e-02
6.7559e-01	5.0223e-01	5.6817e-01	8.7257e-02
5.4028e-01	5.8886e-01	5.8785e-01	9.4306e-02
5.4021e-01	6.4757e-01	7.8267e-01	3.4773e-02
6.4785e-01	6.8420e-01	7.4383e-01	9.6151e-03
6.2286e-01	5.5655e-01	6.3647e-01	7.0928e-02
5.7520e-01	5.7864e-01	4.9926e-01	1.0918e-01
5.6645e-01	7.3910e-01	7.3406e-01	1.8262e-02
8.3361e-01	6.8498e-01	5.6416e-01	7.3716e-03
5.8720e-01	6.8207e-01	6.5371e-01	4.5655e-02
7.2801e-01	6.8211e-01	6.8356e-01	5.1744e-03
6.7933e-01	6.8179e-01	6.3325e-01	2.8614e-02
5.7314e-01	8.4066e-01	6.4661e-01	1.3120e-02
6.1008e-01	5.4967e-01	4.8429e-01	1.1126e-01
4.3500e-01	4.3007e-01	4.5228e-01	1.8869e-01
5.5852e-01	7.7239e-01	5.0070e-01	6.6947e-02
7.9375e-01	5.4018e-01	7.6983e-01	2.9260e-03
5.8475e-01	7.6356e-01	6.0708e-01	3.7876e-02
5.3873e-01	5.9549e-01	5.0467e-01	1.1260e-01
8.3506e-01	5.5475e-01	6.5085e-01	1.7539e-02
7.8092e-01	6.5584e-01	6.0956e-01	1.6155e-02
5.0213e-01	6.5106e-01	6.0982e-01	8.3503e-02
5.9848e-01	6.5511e-01	8.4603e-01	4.2873e-03
5.8655e-01	6.5168e-01	5.0101e-01	8.8786e-02
7.5451e-01	6.5580e-01	7.0420e-01	2.6665e-04
8.9737e-01	5.5065e-01	6.1584e-01	1.1902e-02
6.2836e-01	6.5625e-01	8.1639e-01	3.8613e-03
5.2410e-01	4.9830e-01	6.6899e-01	1.0057e-01
6.2847e-01	4.8128e-01	4.9027e-01	1.2167e-01
6.9132e-01	5.8896e-01	5.2293e-01	7.3588e-02
6.5064e-01	5.4111e-01	7.8627e-01	3.2876e-02
7.5831e-01	4.9602e-01	5.6089e-01	7.0765e-02
8.5871e-01	6.7017e-01	5.6997e-01	3.5490e-03
5.8777e-01	5.3463e-01	9.3579e-01	1.4318e-02
6.0124e-01	5.8842e-01	4.9745e-01	1.0110e-01
8.7460e-01	6.7683e-01	5.3842e-01	5.5874e-03
6.2860e-01	6.7685e-01	7.5207e-01	1.4001e-02
6.4395e-01	7.6488e-01	6.2172e-01	2.0058e-02
5.4863e-01	7.0535e-01	6.9431e-01	3.9797e-02
5.4549e-01	7.4025e-01	6.5866e-01	4.0637e-02
6.4750e-01	8.5638e-01	5.9465e-01	3.8973e-03
6.6478e-01	4.9855e-01	5.1281e-01	1.0367e-01
6.6357e-01	7.1622e-01	7.0405e-01	7.6206e-03
5.4064e-01	5.3211e-01	9.8424e-01	1.4766e-02
6.1752e-01	8.5599e-01	6.3239e-01	2.2767e-03
5.3382e-01	8.3024e-01	5.2833e-01	5.2653e-02
7.5067e-01	6.0005e-01	7.2283e-01	1.0013e-02
5.0390e-01	7.9721e-01	6.3580e-01	4.2400e-02
4.8426e-01	4.9076e-01	4.6610e-01	1.5937e-01
5.6856e-01	7.3072e-01	6.2813e-01	4.4564e-02
5.7146e-01	5.9730e-01	8.8780e-01	1.4608e-02
6.8045e-01	5.7482e-01	6.8201e-01	4.2241e-02
8.7074e-01	6.1502e-01	5.5351e-01	1.7602e-02
5.3257e-01	6.0758e-01	6.1771e-01	8.4711e-02
5.4495e-01	4.6444e-01	5.0785e-01	1.4139e-01
7.2464e-01	6.1398e-01	5.4218e-01	5.5233e-02
5.5954e-01	5.7517e-01	7.2851e-01	6.0006e-02
4.9747e-01	6.5884e-01	5.0159e-01	1.0813e-01
6.0400e-01	7.6464e-01	5.3386e-01	5.0200e-02
6.5480e-01	7.9665e-01	5.4146e-01	2.8764e-02
5.4427e-01	7.5977e-01	6.6486e-01	3.4857e-02
5.0214e-01	5.7999e-01	5.6863e-01	1.0997e-01
5.2620e-01	8.2366e-01	5.6275e-01	4.7954e-02
7.2553e-01	5.1242e-01	7.3944e-01	3.2837e-02
5.8017e-01	5.3069e-01	8.4029e-01	3.9439e-02
6.9113e-01	5.5025e-01	6.8970e-01	4.3716e-02
6.7982e-01	8.0812e-01	5.2759e-01	2.3352e-02
7.8690e-01	6.2772e-01	5.9419e-01	2.4994e-02
6.4350e-01	8.5150e-01	5.3592e-01	1.9768e-02
6.7468e-01	5.5198e-01	7.7740e-01	2.6667e-02
5.2922e-01	7.9360e-01	5.5250e-01	5.6754e-02
6.4928e-01	6.2598e-01	6.0258e-01	5.6156e-02
6.6020e-01	4.9214e-01	6.1851e-01	8.1507e-02
5.7829e-01	7.0261e-01	4.9408e-01	8.0318e-02
5.7476e-01	8.0118e-01	6.4259e-01	2.3025e-02
5.0054e-01	4.9120e-01	5.2238e-01	1.4221e-01
5.5850e-01	5.3787e-01	9.4995e-01	1.7192e-02
6.2904e-01	5.5307e-01	8.8695e-01	1.1588e-02
5.3291e-01	8.6475e-01	5.7467e-01	3.3842e-02
6.4108e-01	7.9854e-01	5.9157e-01	1.9840e-02
8.5073e-01	6.3232e-01	5.9889e-01	7.6295e-03
5.2924e-01	8.1100e-01	5.5303e-01	5.2507e-02
5.6896e-01	7.9351e-01	5.0900e-01	5.7523e-02
8.0207e-01	5.4106e-01	6.4287e-01	3.0492e-02
6.2454e-01	4.9035e-01	5.0698e-01	1.1654e-01
4.9785e-01	7.9509e-01	5.2885e-01	6.9402e-02
7.5556e-01	7.1772e-01	5.2573e-01	2.7182e-02
7.1598e-01	5.6277e-01	5.8232e-01	6.0007e-02
5.0455e-01	4.6860e-01	5.6195e-01	1.3734e-01
5.2600e-01	9.5928e-01	5.8348e-01	1.1042e-02
5.5892e-01	5.4639e-01	9.6756e-01	1.0949e-02
6.7433e-01	6.2281e-01	8.1012e-01	2.3178e-03
8.6847e-01	5.2345e-01	6.4174e-01	1.9142e-02
6.8436e-01	6.0546e-01	6.6802e-01	3.7337e-02
5.8265e-01	6.0206e-01	7.6556e-01	3.9465e-02
6.1641e-01	6.1573e-01	6.6737e-01	5.1212e-02
4.9911e-01	4.9703e-01	5.8518e-01	1.2646e-01
5.4568e-01	7.0977e-01	7.6039e-01	2.3973e-02
7.4265e-01	6.8484e-01	5.4114e-01	3.4422e-02
4.6843e-01	5.2424e-01	4.9671e-01	1.4804e-01
6.3008e-01	6.7173e-01	8.1303e-01	5.7409e-04
7.0677e-01	5.6117e-01	5.1378e-01	7.8638e-02
6.3288e-01	8.5667e-01	5.4841e-01	1.8140e-02
5.7672e-01	7.4531e-01	6.5996e-01	3.1711e-02
5.9680e-01	5.6392e-01	7.1138e-01	5.7828e-02
4.9774e-01	5.6900e-01	4.7739e-01	1.3501e-01
5.3044e-01	8.5422e-01	6.7051e-01	1.4463e-02
5.2918e-01	5.1534e-01	6.6647e-01	9.5925e-02
6.1419e-01	8.0054e-01	6.0410e-01	2.2820e-02
5.1070e-01	5.9823e-01	7.7004e-01	5.6426e-02
6.4152e-01	7.1060e-01	5.5088e-01	5.0082e-02
5.8416e-01	7.0800e-01	5.6854e-01	6.0198e-02
6.4012e-01	8.0974e-01	6.5837e-01	1.7603e-03
6.4765e-01	6.5194e-01	7.0277e-01	2.6920e-02
7.6899e-01	4.9151e-01	5.4616e-01	7.2748e-02
8.2764e-01	5.0769e-01	5.1636e-01	6.1956e-02
4.9520e-01	7.4926e-01	5.6758e-01	7.1804e-02
6.3385e-01	5.7073e-01	8.5039e-01	1.4833e-02
4.5453e-01	4.9247e-01	5.2102e-01	1.5317e-01
6.1595e-01	6.9786e-01	6.7118e-01	3.0987e-02
6.1231e-01	6.8009e-01	7.1225e-01	2.6435e-02
7.1349e-01	5.6356e-01	7.4775e-01	2.1649e-02
8.0017e-01	5.5015e-01	7.4837e-01	4.0719e-03
6.3319e-01	7.4242e-01	7.1595e-01	5.8520e-03
7.1671e-01	5.0646e-01	6.3064e-01	6.1840e-02
9.9092e-01	5.4890e-01	5.6949e-01	9.3733e-04
5.0941e-01	5.4722e-01	8.3868e-01	5.2722e-02
9.2754e-01	6.2795e-01	5.5020e-01	1.8120e-03
5.8231e-01	7.5616e-01	6.8626e-01	2.1650e-02
7.1439e-01	7.4191e-01	6.3206e-01	6.3266e-03
6.1757e-01	8.9164e-01	5.4407e-01	1.4520e-02
4.8074e-01	7.4399e-01	4.8680e-01	9.5420e-02
5.3023e-01	5.5534e-01	7.5617e-01	6.5188e-02
6.9700e-01	5.2427e-01	5.0449e-01	9.1872e-02
7.4195e-01	7.2606e-01	5.3585e-01	2.6072e-02
5.6773e-01	5.3270e-01	6.2695e-01	9.1911e-02
6.5416e-01	6.0180e-01	7.8158e-01	1.8774e-02
8.4463e-01	5.0319e-01	5.4749e-01	5.1689e-02
5.7945e-01	6.1948e-01	8.1660e-01	2.4146e-02
5.5285e-01	7.3538e-01	6.5002e-01	4.2065e-02
7.8000e-01	6.1303e-01	5.6566e-01	3.6795e-02
7.6736e-01	7.4417e-01	5.5452e-01	1.1367e-02
5.8762e-01	5.3649e-01	6.4323e-01	8.2470e-02
5.3468e-01	8.7287e-01	6.2341e-01	2.0076e-02
6.4575e-01	4.8894e-01	5.4500e-01	1.0292e-01
5.4761e-01	5.2838e-01	7.7357e-01	6.3361e-02
5.9684e-01	5.9290e-01	8.4478e-01	1.9695e-02
9.5101e-01	5.3486e-01	6.0941e-01	4.3942e-03
8.2152e-01	5.1021e-01	6.1605e-01	3.9456e-02
5.4214e-01	6.0738e-01	8.0664e-01	3.8210e-02
5.2275e-01	6.0170e-01	7.7371e-01	5.1881e-02
5.1394e-01	6.2778e-01	8.7407e-01	2.4284e-02
6.9841e-01	5.2801e-01	5.4424e-01	8.1337e-02
5.4202e-01	7.0230e-01	8.5109e-01	5.3538e-03
8.6514e-01	5.3410e-01	5.6240e-01	3.6004e-02
5.5126e-01	7.3402e-01	7.8038e-01	1.2219e-02
7.0888e-01	7.2589e-01	6.2881e-01	1.2191e-02
5.6636e-01	5.8002e-01	6.4065e-01	7.7827e-02
5.9122e-01	6.9117e-01	7.4882e-01	2.0256e-02
7.7135e-01	5.8155e-01	6.8875e-01	1.7460e-02
8.8980e-01	5.6890e-01	5.4408e-01	2.6194e-02
6.1642e-01	6.1242e-01	5.0569e-01	8.9880e-02
4.9020e-01	4.5813e-01	4.4963e-01	1.6955e-01
6.2727e-01	8.7218e-01	5.7964e-01	8.4841e-03
5.0029e-01	7.7690e-01	5.8589e-01	5.9760e-02
6.6002e-01	4.6904e-01	4.8253e-01	1.1888e-01
7.0630e-01	5.9258e-01	6.1225e-01	4.8239e-02
5.2457e-01	5.2977e-01	8.5236e-01	5.0044e-02
5.9851e-01	6.8424e-01	6.2262e-01	4.9738e-02
4.6072e-01	5.7001e-01	5.0889e-01	1.3618e-01
5.7706e-01	6.7266e-01	7.2560e-01	3.3446e-02
4.8947e-01	5.0325e-01	6.9928e-01	1.0054e-01
7.1540e-01	8.2817e-01	5.6344e-01	1.7482e-03
6.9374e-01	7.5996e-01	5.5653e-01	2.4663e-02
5.1617e-01	5.2275e-01	5.3481e-01	1.2812e-01
7.2044e-01	6.4332e-01	6.5634e-01	2.2537e-02
5.6065e-01	7.1640e-01	6.2202e-01	5.1268e-02
7.8960e-01	5.3462e-01	7.2104e-01	1.6663e-02
7.5408e-01	5.9951e-01	5.0252e-01	6.0953e-02
6.6292e-01	5.3040e-01	5.6488e-01	8.4371e-02
6.8398e-01	6.3192e-01	6.8895e-01	2.6259e-02
6.3894e-01	6.8238e-01	6.6563e-01	3.0489e-02
6.6192e-01	8.1694e-01	5.8585e-01	1.1869e-02
1.0000e+00	5.6726e-01	5.3446e-01	2.6388e-03
7.1240e-01	5.0577e-01	5.1001e-01	9.1297e-02
5.8417e-01	7.3890e-01	7.3702e-01	1.3400e-02
6.0403e-01	8.7598e-01	6.3018e-01	1.2679e-03
5.8398e-01	8.7915e-01	6.3538e-01	4.0641e-03
6.7545e-01	6.3768e-01	6.2992e-01	4.0758e-02
8.1677e-01	5.7988e-01	6.6502e-01	1.2617e-02
5.3271e-01	5.3847e-01	1.0000e+00	1.1454e-02
6.5035e-01	7.5895e-01	5.7953e-01	2.9826e-02
5.3782e-01	6.4785e-01	7.4194e-01	4.4818e-02
5.5903e-01	6.3399e-01	5.0347e-01	9.8940e-02
4.9809e-01	7.5749e-01	5.2231e-01	7.9777e-02
5.1107e-01	5.8529e-01	8.8980e-01	3.1340e-02
5.1261e-01	7.0703e-01	6.4493e-01	5.9535e-02
6.4944e-01	5.6650e-01	5.7784e-01	7.5996e-02
7.3710e-01	6.0591e-01	6.3567e-01	3.2274e-02
5.4502e-01	8.5395e-01	6.0405e-01	2.6635e-02
5.9359e-01	7.2923e-01	7.0905e-01	2.0003e-02
7.2961e-01	5.4545e-01	7.3779e-01	2.4437e-02
7.6743e-01	6.5978e-01	6.2761e-01	1.4201e-02
5.4836e-01	6.4422e-01	8.4054e-01	2.0068e-02
6.8049e-01	5.6856e-01	7.3090e-01	3.2259e-02
9.9495e-01	5.2570e-01	5.4848e-01	1.0396e-02
7.2994e-01	5.5677e-01	6.0930e-01	5.1789e-02
6.3211e-01	5.9507e-01	7.7441e-01	2.7285e-02
6.5732e-01	5.0534e-01	5.8374e-01	8.7215e-02
5.7487e-01	5.1017e-01	5.1338e-01	1.2216e-01
6.1767e-01	5.2688e-01	7.8838e-01	4.3589e-02
6.4308e-01	5.5505e-01	4.7834e-01	1.0353e-01
5.6375e-01	6.5309e-01	8.4351e-01	1.3612e-02
7.4601e-01	5.0460e-01	6.1573e-01	5.8811e-02
4.6749e-01	4.5291e-01	5.5056e-01	1.5253e-01
5.6637e-01	5.6672e-01	9.4927e-01	8.6524e-03
5.3614e-01	7.1480e-01	7.8312e-01	1.9719e-02
5.4480e-01	5.7177e-01	5.1094e-01	1.1530e-01
5.9631e-01	5.4250e-01	9.7041e-01	2.3141e-03
7.2246e-01	6.6454e-01	5.0621e-01	5.2211e-02
5.9611e-01	5.1280e-01	5.5818e-01	1.0599e-01
5.9154e-01	6.5366e-01	6.6038e-01	4.9786e-02
5.3632e-01	8.0744e-01	6.3028e-01	3.3565e-02
7.9796e-01	5.7810e-01	6.5100e-01	2.0797e-02
6.7011e-01	5.8325e-01	6.4814e-01	5.0644e-02
5.3814e-01	7.9213e-01	6.9495e-01	2.1600e-02
5.9285e-01	8.0230e-01	5.5612e-01	3.8720e-02
6.4461e-01	5.2655e-01	7.3079e-01	5.0756e-02
5.0968e-01	6.9203e-01	6.4816e-01	6.3025e-02
7.4442e-01	5.9253e-01	5.4086e-01	5.5917e-02
6.1886e-01	6.0076e-01	7.0412e-01	4.5562e-02
5.3654e-01	6.3205e-01	7.6739e-01	4.2900e-02
5.9654e-01	8.3503e-01	6.1685e-01	1.5865e-02
6.2034e-01	5.1079e-01	7.9340e-01	4.5586e-02
5.0818e-01	5.7209e-01	8.4358e-01	4.5981e-02
6.0991e-01	7.6951e-01	6.1385e-01	2.8899e-02
5.1907e-01	6.1172e-01	8.4038e-01	3.4760e-02
6.5965e-01	6.1544e-01	6.6765e-01	4.0936e-02
4.7813e-01	4.7506e-01	4.5997e-01	1.6598e-01
5.3813e-01	6.8208e-01	7.9007e-01	2.5362e-02
4.8891e-01	5.8458e-01	7.1287e-01	7.8235e-02
7.4022e-01	7.5077e-01	5.3501e-01	2.0831e-02
8.6512e-01	6.6122e-01	5.7982e-01	1.8324e-03
6.2858e-01	6.0569e-01	8.6646e-01	4.0422e-03
5.7841e-01	5.9370e-01	5.8463e-01	8.4849e-02
5.8796e-01	5.4623e-01	8.4288e-01	3.3302e-02
5.9209e-01	6.9432e-01	5.1157e-01	7.4901e-02
6.1453e-01	5.0970e-01	7.3402e-01	6.1138e-02
5.5269e-01	8.0610e-01	5.4864e-01	4.9119e-02
4.9663e-01	6.3174e-01	5.3441e-01	1.0705e-01
6.6206e-01	6.4608e-01	5.8674e-01	5.2070e-02
6.0930e-01	6.4118e-01	6.3280e-01	5.4981e-02
8.7049e-01	5.3938e-01	5.3248e-01	4.0493e-02
5.6224e-01	5.9839e-01	6.4796e-01	7.2741e-02
6.3018e-01	5.6780e-01	8.0354e-01	2.7376e-02
5.2933e-01	1.0000e+00	5.3614e-01	1.1706e-02
5.3091e-01	8.3007e-01	6.2162e-01	3.1522e-02
5.8732e-01	9.2038e-01	5.5808e-01	1.1626e-02
5.2544e-01	6.3641e-01	6.1922e-01	7.9228e-02
6.4163e-01	8.6187e-01	5.3147e-01	1.8799e-02
7.2924e-01	6.3270e-01	5.7121e-01	4.2904e-02
5.2968e-01	5.4638e-01	8.0175e-01	5.6757e-02
6.6628e-01	5.8336e-01	8.5934e-01	2.0368e-03
6.3491e-01	5.6468e-01	5.0342e-01	9.7317e-02
5.4356e-01	6.0770e-01	6.6210e-01	7.1668e-02
8.0325e-01	6.1593e-01	5.1189e-01	4.3182e-02
4.8466e-01	5.6624e-01	6.2598e-01	1.0395e-01
4.9874e-01	5.7741e-01	5.7959e-01	1.0883e-01
4.8174e-01	5.1949e-01	6.3555e-01	1.1346e-01
7.6850e-01	7.1078e-01	5.5741e-01	1.8327e-02
5.5606e-01	8.6794e-01	6.3067e-01	1.4459e-02
7.4391e-01	6.6978e-01	6.7777e-01	5.6725e-03
7.2384e-01	5.8592e-01	7.8192e-01	5.8858e-03
7.6107e-01	6.8377e-01	5.6726e-01	2.4175e-02
7.3159e-01	6.8113e-01	6.2572e-01	1.8109e-02
6.9478e-01	8.6887e-01	5.4831e-01	5.6171e-04
7.1596e-01	5.4947e-01	7.7167e-01	1.8791e-02
8.5172e-01	5.8140e-01	5.5401e-01	2.9961e-02
7.0061e-01	6.6587e-01	6.0913e-01	3.2977e-02
6.2075e-01	6.1990e-01	8.4843e-01	6.7658e-03
5.0998e-01	7.7733e-01	6.0974e-01	5.1766e-02
5.8249e-01	5.7194e-01	5.4558e-01	9.8182e-02
5.2904e-01	6.2498e-01	7.7879e-01	4.3686e-02
4.8669e-01	4.6037e-01	4.9718e-01	1.5871e-01
6.0119e-01	6.2783e-01	7.9989e-01	2.0913e-02
6.8277e-01	7.3560e-01	6.3453e-01	1.4760e-02
5.5906e-01	4.5205e-01	4.8127e-01	1.4720e-01
5.1799e-01	6.6236e-01	5.3181e-01	9.5340e-02
5.3079e-01	6.9343e-01	5.2849e-01	8.5720e-02
4.5449e-01	4.5418e-01	5.1380e-01	1.6393e-01
6.2979e-01	5.3859e-01	5.8836e-01	8.4804e-02
5.2447e-01	8.0235e-01	7.4269e-01	1.1244e-02
6.6173e-01	6.5129e-01	5.3660e-01	6.2663e-02
6.0636e-01	6.3226e-01	8.3663e-01	1.0027e-02
7.7243e-01	6.0576e-01	6.2210e-01	2.7091e-02
7.8578e-01	5.3598e-01	6.0296e-01	4.4921e-02
5.5290e-01	6.9865e-01	6.1698e-01	5.8491e-02
5.1553e-01	7.0637e-01	8.0120e-01	2.2381e-02
5.9262e-01	5.5602e-01	6.5656e-01	7.3537e-02
5.4359e-01	6.9813e-01	5.4972e-01	7.6589e-02
6.0978e-01	5.5246e-01	8.6957e-01	2.0383e-02
7.9952e-01	6.4136e-01	5.4400e-01	3.0526e-02
5.5950e-01	7.3018e-01	4.9560e-01	7.7905e-02
5.2262e-01	7.6723e-01	6.4471e-01	4.2958e-02
6.1160e-01	5.0448e-01	5.9388e-01	9.5910e-02
7.5231e-01	5.2555e-01	5.3469e-01	7.1342e-02
5.1669e-01	7.8786e-01	7.2645e-01	2.0331e-02
6.2742e-01	5.9238e-01	7.0008e-01	4.6460e-02
6.5434e-01	6.5542e-01	6.1702e-01	4.4600e-02
5.2050e-01	9.7357e-01	5.2751e-01	2.2081e-02
6.6631e-01	6.0247e-01	7.4577e-01	2.4117e-02
7.4060e-01	7.2754e-01	6.1540e-01	7.4017e-03
4.5341e-01	4.8188e-01	5.9359e-01	1.3894e-01
5.6519e-01	8.9160e-01	6.0183e-01	1.3448e-02
5.5722e-01	5.2855e-01	8.0245e-01	5.4266e-02
6.4707e-01	6.0385e-01	8.1570e-01	1.1977e-02
5.0738e-01	5.9264e-01	5.5564e-01	1.0878e-01
8.3765e-01	6.5153e-01	6.0630e-01	4.4553e-03
5.9278e-01	5.6980e-01	6.4037e-01	7.4030e-02
5.3793e-01	5.6417e-01	6.8333e-01	7.8337e-02
5.6037e-01	8.7050e-01	5.5928e-01	2.9560e-02
5.8172e-01	6.8290e-01	7.5177e-01	2.3782e-02
5.1959e-01	7.4051e-01	6.5632e-01	4.7282e-02
5.9439e-01	7.6758e-01	5.5267e-01	4.7384e-02
8.0132e-01	6.0050e-01	6.9146e-01	5.2120e-03
5.0307e-01	6.3837e-01	5.2234e-01	1.0678e-01
6.1457e-01	5.6706e-01	4.8512e-01	1.0588e-01
6.2765e-01	5.0411e-01	6.3267e-01	8.3092e-02
7.2830e-01	7.5020e-01	6.3043e-01	1.4392e-03
5.5082e-01	5.0239e-01	8.4518e-01	5.1969e-02
7.9058e-01	6.7869e-01	6.4095e-01	1.0944e-03
6.3895e-01	5.6764e-01	6.2189e-01	6.7895e-02
6.7215e-01	5.9933e-01	7.4522e-01	2.3603e-02
6.2974e-01	5.2828e-01	6.1568e-01	8.0857e-02
5.4602e-01	8.1685e-01	7.1263e-01	9.7343e-03
4.8592e-01	5.5973e-01	6.3875e-01	1.0220e-01
6.8789e-01	5.7060e-01	7.5961e-01	2.3289e-02
7.0805e-01	6.2766e-01	6.6097e-01	2.8103e-02
6.6038e-01	8.2387e-01	6.1125e-01	4.6405e-03
5.5871e-01	5.3088e-01	6.3442e-01	9.2736e-02
6.4115e-01	6.2056e-01	6.3609e-01	5.1517e-02
7.4166e-01	5.4354e-01	5.0861e-01	7.5731e-02
8.5196e-01	5.6569e-01	6.2819e-01	1.6242e-02
7.0065e-01	5.8401e-01	5.9801e-01	5.4949e-02
6.4322e-01	5.8169e-01	8.1593e-01	1.8085e-02
8.1516e-01	5.3727e-01	5.1607e-01	5.7993e-02
6.7589e-01	6.4821e-01	6.0552e-01	4.3879e-02
5.7985e-01	4.8871e-01	5.7374e-01	1.1191e-01
7.1625e-01	6.4567e-01	6.2772e-01	2.9680e-02
5.9411e-01	5.3998e-01	9.3200e-01	1.2434e-02
7.6458e-01	7.1504e-01	6.1207e-01	5.4408e-03
5.0700e-01	7.5117e-01	5.9584e-01	6.1925e-02
7.5797e-01	6.3598e-01	5.2779e-01	4.5475e-02
6.6214e-01	6.2305e-01	6.3778e-01	4.5542e-02
4.6960e-01	5.6915e-01	5.9796e-01	1.1340e-01
6.7958e-01	5.2579e-01	6.6763e-01	5.7426e-02
5.1179e-01	7.9317e-01	6.9905e-01	2.6661e-02
5.7245e-01	7.7439e-01	7.2261e-01	1.1163e-02
6.3585e-01	7.4748e-01	7.2195e-01	2.6153e-03
5.6998e-01	7.5374e-01	7.2879e-01	1.5192e-02
4.8783e-01	5.4854e-01	6.7944e-01	9.4856e-02
5.1781e-01	8.4545e-01	6.3625e-01	2.7568e-02
5.7776e-01	5.0994e-01	8.7736e-01	3.6237e-02
4.8948e-01	5.6061e-01	7.1809e-01	8.2550e-02
9.8944e-01	5.3915e-01	5.5815e-01	6.2529e-03
7.1083e-01	7.5698e-01	6.1190e-01	8.3303e-03
4.7334e-01	5.1965e-01	6.9218e-01	1.0215e-01
5.6715e-01	5.8634e-01	5.2517e-01	1.0320e-01
7.3084e-01	6.6057e-01	5.4817e-01	4.1328e-02
6.5989e-01	6.8977e-01	6.5201e-01	2.6951e-02
6.2995e-01	5.1032e-01	4.7536e-01	1.1794e-01
5.6629e-01	8.0447e-01	5.2215e-01	5.2480e-02
5.1941e-01	7.3548e-01	7.2808e-01	3.1701e-02
9.0055e-01	5.7305e-01	5.5656e-01	1.9731e-02
8.2128e-01	5.4663e-01	6.8814e-01	1.3998e-02
6.4193e-01	7.9181e-01	6.1921e-01	1.4752e-02
7.0278e-01	5.2193e-01	8.2783e-01	1.5284e-02
5.3013e-01	7.5888e-01	6.9642e-01	3.1032e-02
6.4865e-01	7.2190e-01	5.4190e-01	4.7820e-02
5.3786e-01	7.6678e-01	6.3876e-01	4.0834e-02
5.7752e-01	6.1892e-01	7.0679e-01	5.0465e-02
5.2438e-01	5.5180e-01	7.0587e-01	7.9202e-02
7.2794e-01	5.2953e-01	5.3060e-01	7.7151e-02
5.3207e-01	7.4482e-01	6.1232e-01	5.3605e-02
5.3343e-01	7.7573e-01	5.2939e-01	6.5401e-02
5.9059e-01	5.9441e-01	9.2298e-01	2.5002e-03
9.2337e-01	5.7925e-01	5.5530e-01	1.3137e-02
6.0112e-01	5.3945e-01	7.8460e-01	4.5434e-02
6.1661e-01	7.4449e-01	6.3639e-01	2.7947e-02
7.1622e-01	6.1027e-01	6.6214e-01	3.0004e-02
6.8923e-01	5.7202e-01	6.4572e-01	4.9323e-02
5.0137e-01	4.9400e-01	7.7991e-01	8.1006e-02
9.1618e-01	5.3812e-01	5.2343e-01	3.2048e-02
4.8954e-01	5.1501e-01	7.9121e-01	7.6196e-02
5.3256e-01	8.2071e-01	5.7716e-01	4.3767e-02
6.9659e-01	5.1107e-01	5.8896e-01	7.5300e-02
5.4630e-01	7.2237e-01	6.6519e-01	4.3148e-02
5.4840e-01	5.6497e-01	7.9295e-01	4.9968e-02
7.7352e-01	5.6951e-01	6.9702e-01	1.7856e-02
5.0755e-01	6.2885e-01	7.9928e-01	4.3076e-02
7.7307e-01	7.2687e-01	5.3795e-01	1.7989e-02
5.5334e-01	6.8692e-01	7.3954e-01	3.2443e-02
5.6337e-01	5.4019e-01	8.5338e-01	3.8115e-02
5.9351e-01	5.7457e-01	5.2016e-01	1.0090e-01
6.4248e-01	6.4154e-01	8.2222e-01	2.6182e-03
8.3297e-01	5.4596e-01	6.8486e-01	1.2148e-02
5.6893e-01	7.5041e-01	6.8926e-01	2.5493e-02
5.3039e-01	5.1251e-01	7.0379e-01	8.7558e-02
7.3623e-01	5.7380e-01	5.5760e-01	5.8375e-02
5.0188e-01	5.3691e-01	6.3936e-01	1.0366e-01
7.0180e-01	5.2462e-01	7.5498e-01	3.1951e-02
6.1692e-01	5.6085e-01	6.7747e-01	6.1715e-02
5.5999e-01	6.8717e-01	6.5576e-01	5.0438e-02
5.5641e-01	7.0315e-01	6.5514e-01	4.7649e-02
5.1061e-01	6.7293e-01	7.9745e-01	3.2342e-02
5.2753e-01	6.2905e-01	5.3174e-01	1.0097e-01
5.5559e-01	5.3047e-01	8.5590e-01	4.1673e-02
4.5275e-01	4.6132e-01	4.9644e-01	1.6672e-01
5.5252e-01	8.4102e-01	5.6011e-01	3.8207e-02
6.3670e-01	8.4432e-01	5.2623e-01	2.5351e-02
5.8225e-01	5.7402e-01	7.3161e-01	5.4154e-02
6.2656e-01	5.9156e-01	5.3533e-01	8.5462e-02
7.8132e-01	5.7025e-01	5.4258e-01	5.2016e-02
6.0620e-01	5.5605e-01	8.8813e-01	1.6037e-02
4.8989e-01	6.0921e-01	7.1143e-01	7.2508e-02
6.6757e-01	6.2009e-01	7.4267e-01	2.0374e-02
7.5476e-01	5.3404e-01	7.0635e-01	2.8526e-02
8.0705e-01	6.1153e-01	6.2316e-01	1.7246e-02
8.4792e-01	6.5286e-01	5.4818e-01	1.5315e-02
5.1505e-01	4.7087e-01	4.6471e-01	1.5709e-01
7.7391e-01	5.6834e-01	6.4771e-01	2.9596e-02
8.5767e-01	5.2946e-01	6.8604e-01	9.9036e-03
6.7996e-01	5.8659e-01	7.3790e-01	2.6475e-02
6.9236e-01	6.8267e-01	7.3420e-01	1.6534e-03
7.1877e-01	5.0701e-01	6.2075e-01	6.3537e-02
5.2860e-01	7.1185e-01	8.5267e-01	5.9129e-03
6.2303e-01	5.4221e-01	7.9939e-01	3.6105e-02
7.4747e-01	6.4880e-01	5.3163e-01	4.4034e-02
5.8770e-01	7.2619e-01	7.2740e-01	1.7825e-02
6.1646e-01	5.7190e-01	5.3851e-01	9.1772e-02
5.5674e-01	5.9366e-01	8.1215e-01	3.6695e-02
5.5319e-01	6.9081e-01	8.4557e-01	6.7111e-03
5.4897e-01	9.4812e-01	6.1791e-01	1.5509e-04
7.1309e-01	6.7273e-01	7.2459e-01	1.3279e-03
5.0608e-01	5.5921e-01	5.5823e-01	1.1639e-01
5.6248e-01	6.6078e-01	6.4651e-01	5.8259e-02
7.1723e-01	5.9787e-01	5.7788e-01	5.2442e-02
6.1367e-01	8.9930e-01	5.8866e-01	3.1849e-03
5.9328e-01	6.7771e-01	6.2167e-01	5.2750e-02
4.8027e-01	5.1970e-01	5.4463e-01	1.3507e-01
5.2680e-01	5.1961e-01	9.0368e-01	3.9894e-02
6.5160e-01	5.8118e-01	8.3390e-01	1.2003e-02
7.8698e-01	5.8863e-01	6.4068e-01	2.3335e-02
7.2612e-01	6.4617e-01	5.5619e-01	4.3979e-02
6.7731e-01	6.2169e-01	5.8695e-01	5.4170e-02
6.5508e-01	5.2875e-01	7.2656e-01	4.8740e-02
4.7214e-01	5.6906e-01	4.8841e-01	1.3849e-01
6.8233e-01	7.1945e-01	5.5738e-01	3.6762e-02
6.3647e-01	7.2305e-01	7.3821e-01	4.4394e-03
5.4455e-01	5.0942e-01	5.0502e-01	1.3151e-01
4.7447e-01	5.7586e-01	5.8051e-01	1.1475e-01
6.3755e-01	6.3488e-01	5.1658e-01	7.6988e-02
6.3024e-01	5.6756e-01	8.6097e-01	1.3962e-02
6.3410e-01	7.8619e-01	6.4059e-01	1.2933e-02
6.0942e-01	5.2161e-01	6.6645e-01	7.5369e-02
7.9272e-01	5.6642e-01	5.0318e-01	5.9443e-02
5.3170e-01	7.3428e-01	6.1150e-01	5.6383e-02
7.3194e-01	6.6079e-01	6.2957e-01	2.1939e-02
5.5058e-01	4.8279e-01	5.0709e-01	1.3589e-01
5.1460e-01	6.6455e-01	6.3222e-01	7.2098e-02
5.9541e-01	5.5695e-01	9.3356e-01	7.7435e-03
6.4345e-01	8.5382e-01	5.3658e-01	1.9075e-02
5.5938e-01	7.6113e-01	5.9015e-01	4.8450e-02
6.4092e-01	8.3018e-01	6.3586e-01	2.0084e-03
5.5412e-01	7.7162e-01	5.9942e-01	4.5045e-02
5.4195e-01	8.2687e-01	7.3924e-01	2.0936e-03
5.6869e-01	7.8147e-01	6.6046e-01	2.4946e-02
7.3026e-01	7.7401e-01	5.5295e-01	1.3495e-02
6.1086e-01	5.9532e-01	8.9439e-01	4.1655e-03
6.4720e-01	6.9916e-01	7.5570e-01	3.4464e-03
6.1143e-01	6.1032e-01	8.6757e-01	6.7630e-03
6.1594e-01	5.5088e-01	7.4988e-01	4.7341e-02
4.5720e-01	5.2516e-01	4.7927e-01	1.5458e-01
6.7975e-01	7.6018e-01	6.4576e-01	7.0258e-03
4.9817e-01	6.1147e-01	5.2615e-01	1.1342e-01
5.4031e-01	6.6942e-01	6.5554e-01	5.9370e-02
5.2107e-01	6.7395e-01	7.7325e-01	3.5286e-02
7.2668e-01	6.1866e-01	7.3582e-01	8.2664e-03
7.9271e-01	6.9893e-01	5.9426e-01	6.7375e-03
5.1066e-01	7.0899e-01	7.0627e-01	4.5161e-02
7.5285e-01	5.0603e-01	6.7196e-01	4.3667e-02
6.3791e-01	5.7985e-01	7.5502e-01	3.4056e-02
5.3198e-01	8.9654e-01	6.6802e-01	4.6616e-03
7.8295e-01	7.4098e-01	5.9045e-01	0.0000e+00
5.9990e-01	7.0157e-01	4.9532e-01	7.5135e-02
5.2506e-01	7.0151e-01	6.6417e-01	5.3374e-02
6.3390e-01	5.9710e-01	5.0829e-01	8.8741e-02
5.3003e-01	7.1192e-01	7.8479e-01	2.1463e-02
6.2548e-01	8.3156e-01	6.5540e-01	7.7405e-04
5.4899e-01	5.9790e-01	8.7983e-01	2.1676e-02
7.7708e-01	7.4547e-01	5.3040e-01	1.4404e-02
6.1001e-01	8.9856e-01	6.0162e-01	1.1923e-03
6.0667e-01	7.3737e-01	7.2586e-01	1.1027e-02
7.5502e-01	5.6940e-01	5.9065e-01	4.7206e-02
6.5013e-01	5.6536e-01	7.6593e-01	3.2026e-02
5.1887e-01	5.6287e-01	6.9983e-01	7.9307e-02
6.3742e-01	8.4269e-01	5.3331e-01	2.3908e-02
5.4680e-01	6.6932e-01	8.6212e-01	9.4379e-03
6.4422e-01	4.8851e-01	5.9968e-01	9.0577e-02
5.2313e-01	9.3700e-01	5.7364e-01	1.9303e-02
6.4646e-01	5.0933e-01	6.6178e-01	7.0565e-02
6.3788e-01	6.5232e-01	7.5105e-01	1.7841e-02
9.2775e-01	5.4199e-01	5.4131e-01	2.4194e-02
5.5259e-01	6.5307e-01	8.2004e-01	2.1770e-02
7.0513e-01	6.9799e-01	5.2496e-01	4.4021e-02
4.4498e-01	4.4480e-01	5.5392e-01	1.5901e-01
5.2510e-01	8.0128e-01	5.9869e-01	4.5092e-02
5.9375e-01	6.0169e-01	8.9364e-01	6.9019e-03
5.0084e-01	8.0134e-01	5.1555e-01	7.0330e-02
5.0869e-01	7.2412e-01	5.7992e-01	7.1658e-02
5.5664e-01	6.2881e-01	5.5040e-01	8.9735e-02
7.7458e-01	5.4157e-01	4.9880e-01	7.0665e-02
5.3117e-01	5.5365e-01	9.1785e-01	2.7475e-02
6.4027e-01	5.4093e-01	6.5164e-01	6.6931e-02
5.2188e-01	9.3946e-01	5.9996e-01	1.2853e-02
5.5985e-01	7.2309e-01	8.0793e-01	6.3100e-03
7.0955e-01	5.2635e-01	5.6280e-01	7.4731e-02
7.0379e-01	7.7968e-01	5.5668e-01	1.7567e-02
6.3719e-01	5.3326e-01	5.4605e-01	9.4223e-02
5.6718e-01	6.3325e-01	9.1006e-01	1.9006e-03
5.4078e-01	5.3058e-01	7.0095e-01	8.1481e-02
5.7224e-01	5.5322e-01	8.1366e-01	4.2229e-02
5.1082e-01	8.7737e-01	5.8442e-01	3.3818e-02
6.3860e-01	7.1881e-01	6.3060e-01	3.0152e-02
5.6068e-01	9.2833e-01	6.1337e-01	3.1185e-03
6.0385e-01	5.9902e-01	5.4504e-01	8.6821e-02
6.8360e-01	5.0881e-01	6.1637e-01	7.2501e-02
7.9326e-01	6.0323e-01	6.9910e-01	4.6956e-03
5.6455e-01	5.6330e-01	9.3600e-01	1.3005e-02
6.0521e-01	6.8271e-01	6.3012e-01	4.6750e-02
8.3186e-01	6.6657e-01	5.8644e-01	6.9236e-03
6.2375e-01	5.4116e-01	7.1745e-01	5.5386e-02
6.7291e-01	6.7023e-01	5.9957e-01	4.0768e-02
8.5108e-01	6.3199e-01	5.8772e-01	1.0240e-02
4.9416e-01	7.5192e-01	6.1470e-01	6.0380e-02
8.2193e-01	5.5437e-01	5.4833e-01	4.4773e-02
6.5806e-01	6.9207e-01	5.3000e-01	5.5430e-02
5.3440e-01	8.1183e-01	5.2975e-01	5.6540e-02
5.7904e-01	4.7607e-01	5.5229e-01	1.2012e-01
6.9478e-01	8.6058e-01	5.5596e-01	7.3121e-04
6.8643e-01	5.3543e-01	5.6634e-01	7.7247e-02
4.6920e-01	5.6137e-01	4.8718e-01	1.4130e-01
5.2402e-01	5.7415e-01	8.1287e-01	4.8925e-02
8.0262e-01	5.3165e-01	6.6907e-01	2.6451e-02
5.0781e-01	6.5639e-01	6.5166e-01	7.1089e-02
7.5995e-01	6.7162e-01	6.4552e-01	8.9812e-03
7.7711e-01	7.2204e-01	5.5149e-01	1.5000e-02
5.5129e-01	5.5134e-01	9.3033e-01	2.0316e-02
6.1690e-01	6.2937e-01	6.6007e-01	4.9580e-02
5.6320e-01	7.3084e-01	7.3824e-01	2.0006e-02
6.3104e-01	7.3759e-01	6.2555e-01	2.8689e-02
7.3636e-01	8.0657e-01	5.6538e-01	1.4239e-03
6.5123e-01	7.0026e-01	5.5761e-01	4.8646e-02
4.4781e-01	4.9079e-01	4.4933e-01	1.7196e-01
4.7436e-01	5.1930e-01	5.1248e-01	1.4410e-01
6.0661e-01	7.7550e-01	6.1481e-01	2.8041e-02
8.6163e-01	5.2643e-01	5.1153e-01	5.0575e-02
8.3774e-01	5.3238e-01	6.8924e-01	1.3201e-02
5.5282e-01	9.8236e-01	5.3818e-01	9.8174e-03
5.1252e-01	6.5446e-01	5.3315e-01	9.8194e-02
5.2109e-01	6.5929e-01	6.1856e-01	7.5001e-02
5.9860e-01	8.8772e-01	5.5604e-01	1.7152e-02
6.2019e-01	6.1751e-01	6.9197e-01	4.4130e-02
6.6381e-01	5.3797e-01	5.9469e-01	7.5382e-02
4.8885e-01	5.6431e-01	7.2484e-01	8.0243e-02
5.5238e-01	8.8134e-01	6.3880e-01	1.0259e-02
7.4468e-01	6.9725e-01	5.6750e-01	2.4827e-02
5.9909e-01	5.4584e-01	7.3907e-01	5.5073e-02
7.9253e-01	5.1870e-01	5.6836e-01	5.5514e-02
6.2272e-01	7.4193e-01	5.2038e-01	5.4284e-02
5.8015e-01	5.2597e-01	4.8333e-01	1.2421e-01
8.3517e-01	5.3933e-01	7.3808e-01	7.2210e-04
5.4027e-01	5.5148e-01	6.1115e-01	9.7697e-02
7.7931e-01	5.3678e-01	7.1095e-01	2.0964e-02
7.6008e-01	5.6212e-01	7.9229e-01	4.7515e-04
7.8210e-01	5.2950e-01	7.2646e-01	1.8386e-02
6.0163e-01	5.2129e-01	7.2948e-01	6.2526e-02
5.1332e-01	5.0519e-01	4.6719e-01	1.4879e-01
6.4687e-01	7.4652e-01	6.6246e-01	1.4163e-02
6.3048e-01	7.6346e-01	6.5628e-01	1.5499e-02
4.8754e-01	7.9870e-01	5.1805e-01	7.3529e-02
6.3596e-01	7.1169e-01	7.0521e-01	1.4984e-02
5.4283e-01	5.0314e-01	5.7711e-01	1.1651e-01
6.7405e-01	7.7693e-01	5.2701e-01	3.2245e-02
6.2083e-01	5.6320e-01	8.8734e-01	1.1049e-02
8.5474e-01	5.7930e-01	5.6610e-01	2.6910e-02
5.3945e-01	4.8237e-01	6.2787e-01	1.1033e-01
6.6725e-01	5.9276e-01	6.1316e-01	5.7266e-02
6.3380e-01	5.7412e-01	7.8061e-01	3.0393e-02
5.2827e-01	7.1174e-01	5.0768e-01	8.6860e-02
4.7547e-01	5.7588e-01	6.4132e-01	1.0026e-01
5.4070e-01	7.6115e-01	7.7605e-01	9.3218e-03
5.1449e-01	5.2834e-01	8.6855e-01	4.8984e-02
4.9420e-01	4.9857e-01	8.6126e-01	6.2564e-02
5.1397e-01	5.5964e-01	7.6858e-01	6.5127e-02
6.1152e-01	8.2453e-01	6.2720e-01	1.2363e-02
7.2869e-01	5.4201e-01	5.5823e-01	6.7545e-02
6.1390e-01	6.2328e-01	8.6731e-01	3.1710e-03
6.4647e-01	7.1090e-01	6.3606e-01	2.8874e-02
4.6885e-01	4.8670e-01	5.4125e-01	1.4639e-01
5.6010e-01	6.5550e-01	8.3605e-01	1.5657e-02
7.6831e-01	7.3004e-01	5.8791e-01	6.6631e-03
5.6271e-01	6.2799e-01	9.2626e-01	4.1207e-04
5.6923e-01	5.7504e-01	7.4305e-01	5.4325e-02
5.1750e-01	4.8997e-01	7.7947e-01	7.8227e-02
6.1052e-01	8.1385e-01	5.1977e-01	4.0305e-02
7.2098e-01	6.3642e-01	6.0650e-01	3.5720e-02
6.0016e-01	6.6080e-01	6.5123e-01	4.8189e-02
6.9334e-01	6.9962e-01	5.6697e-01	3.6593e-02
5.4326e-01	8.6400e-01	6.0440e-01	2.4591e-02
5.5997e-01	7.9943e-01	5.2464e-01	5.4592e-02
6.5776e-01	5.8333e-01	7.4123e-01	3.1743e-02
6.0393e-01	6.9461e-01	5.4590e-01	6.3973e-02
5.2959e-01	5.7934e-01	5.6514e-01	1.0442e-01
5.1267e-01	7.0984e-01	7.0317e-01	4.5212e-02
8.4033e-01	5.0968e-01	5.6729e-01	4.6537e-02
5.7273e-01	5.3521e-01	7.5909e-01	5.9163e-02
5.0899e-01	7.3831e-01	7.2541e-01	3.4136e-02
6.1485e-01	7.1088e-01	6.2143e-01	3.9828e-02
6.9122e-01	6.6442e-01	6.5053e-01	2.5849e-02
6.1518e-01	8.7525e-01	5.9168e-01	7.8101e-03
7.9297e-01	6.0210e-01	6.0862e-01	2.6234e-02
4.7824e-01	5.7217e-01	6.6840e-01	9.4129e-02
4.6492e-01	6.3941e-01	5.1037e-01	1.1841e-01
7.4027e-01	6.4406e-01	5.8428e-01	3.4532e-02
6.4939e-01	5.3998e-01	7.4175e-01	4.3873e-02
5.2823e-01	7.8024e-01	5.2822e-01	6.5842e-02
5.6196e-01	6.3495e-01	8.4529e-01	1.7916e-02
9.5557e-01	5.2816e-01	5.5009e-01	1.8797e-02
7.8154e-01	6.7444e-01	6.4989e-01	2.1549e-03
6.0917e-01	6.3097e-01	7.2727e-01	3.5292e-02
6.8227e-01	5.3360e-01	8.6911e-01	7.7230e-03
6.0098e-01	6.6778e-01	7.3618e-01	2.6435e-02
6.6554e-01	5.1711e-01	5.8990e-01	8.1032e-02
6.5708e-01	6.6741e-01	6.7058e-01	2.8558e-02
6.9028e-01	7.3334e-01	5.8437e-01	2.5262e-02
5.6342e-01	6.3518e-01	8.5263e-01	1.5793e-02
6.0458e-01	5.1350e-01	8.2347e-01	4.1644e-02
5.8879e-01	6.1164e-01	8.9986e-01	4.2680e-03
5.6839e-01	6.2205e-01	7.3843e-01	4.4480e-02
8.2850e-01	5.2085e-01	6.4680e-01	2.8071e-02
5.3600e-01	8.4111e-01	7.1970e-01	4.7185e-03
4.7900e-01	4.7234e-01	7.0733e-01	1.0846e-01
6.1939e-01	6.9578e-01	5.5662e-01	5.7509e-02
6.2051e-01	8.8849e-01	5.4486e-01	1.4380e-02
7.2280e-01	5.1357e-01	7.5821e-01	2.8816e-02
6.5046e-01	6.0188e-01	5.1114e-01	8.3007e-02
5.5842e-01	5.7615e-01	5.9399e-01	9.1563e-02
5.2423e-01	6.0432e-01	5.5342e-01	1.0253e-01
6.9952e-01	6.4091e-01	7.7594e-01	5.5025e-05
6.3264e-01	5.3611e-01	7.4474e-01	4.8073e-02
6.3436e-01	5.1801e-01	5.3130e-01	1.0196e-01
8.0958e-01	5.1154e-01	5.8188e-01	4.9987e-02
5.1281e-01	6.3023e-01	5.7651e-01	9.3701e-02
5.9597e-01	7.6022e-01	6.1912e-01	3.3177e-02
5.5402e-01	5.7566e-01	6.0561e-01	8.9999e-02
6.6806e-01	6.6082e-01	5.8689e-01	4.7119e-02
7.0659e-01	4.9997e-01	4.8625e-01	9.9617e-02
6.7228e-01	7.1692e-01	6.3187e-01	2.2299e-02
6.2966e-01	5.1776e-01	4.8276e-01	1.1451e-01
9.1729e-01	5.2351e-01	5.7168e-01	2.3938e-02
5.0875e-01	5.9375e-01	4.8350e-01	1.2509e-01
5.4558e-01	8.0736e-01	6.1593e-01	3.4744e-02
7.0066e-01	4.9894e-01	6.0436e-01	7.3593e-02
5.3250e-01	5.1452e-01	9.1974e-01	3.5979e-02
5.1391e-01	5.7366e-01	5.5578e-01	1.1169e-01
7.7995e-01	5.9291e-01	7.0338e-01	9.2973e-03
4.9396e-01	5.5010e-01	6.4926e-01	1.0010e-01
4.9904e-01	6.4062e-01	6.9267e-01	6.7296e-02
5.8749e-01	8.6381e-01	5.4754e-01	2.7446e-02
5.4001e-01	5.5121e-01	5.8610e-01	1.0369e-01
4.7878e-01	5.6985e-01	6.2807e-01	1.0400e-01
6.8373e-01	5.3742e-01	6.2798e-01	6.2975e-02
5.4673e-01	6.2621e-01	8.9328e-01	1.2359e-02
7.1339e-01	5.4422e-01	6.5408e-01	4.8200e-02
8.1044e-01	6.1867e-01	6.1563e-01	1.6515e-02
5.3916e-01	7.7043e-01	7.7757e-01	7.1352e-03
7.3130e-01	7.4896e-01	6.2057e-01	3.3293e-03
6.4560e-01	8.6449e-01	5.3178e-01	1.7162e-02
7.3406e-01	5.8553e-01	6.8928e-01	2.5259e-02
6.0402e-01	8.2150e-01	5.5602e-01	3.1544e-02
6.2959e-01	5.1765e-01	6.0895e-01	8.4986e-02
7.0514e-01	6.0942e-01	7.3861e-01	1.4918e-02
5.2356e-01	5.9884e-01	8.2626e-01	4.0052e-02
4.9964e-01	6.1050e-01	6.3401e-01	8.8028e-02
9.9924e-01	5.6346e-01	5.4194e-01	1.9662e-03
5.1939e-01	5.1028e-01	6.8430e-01	9.5272e-02
5.8779e-01	4.8702e-01	5.8325e-01	1.0819e-01
5.6318e-01	6.6074e-01	5.5136e-01	8.0398e-02
6.0674e-01	9.4293e-01	5.4591e-01	4.5223e-03
5.6025e-01	4.9949e-01	5.0933e-01	1.2911e-01
5.3576e-01	6.2977e-01	5.9482e-01	8.4064e-02
5.9528e-01	5.7794e-01	5.8793e-01	8.3794e-02
7.9732e-01	7.0048e-01	5.5293e-01	1.4960e-02
8.0988e-01	5.6580e-01	5.6201e-01	4.1727e-02
6.1909e-01	5.5437e-01	5.2094e-01	9.9414e-02
5.6558e-01	8.2774e-01	7.1949e-01	8.9909e-04
6.1449e-01	8.7549e-01	5.4535e-01	1.8775e-02
5.9000e-01	8.4061e-01	6.1854e-01	1.5701e-02
5.6101e-01	6.0165e-01	5.5153e-01	9.4859e-02
4.7423e-01	4.8846e-01	4.7628e-01	1.5992e-01
5.7635e-01	6.9806e-01	5.5171e-01	6.8350e-02
5.6615e-01	7.4398e-01	5.0169e-01	7.1628e-02
6.9443e-01	6.5743e-01	7.3532e-01	6.8699e-03
6.8507e-01	6.5966e-01	6.9122e-01	1.8904e-02
6.0383e-01	8.3632e-01	6.1792e-01	1.3574e-02
6.6403e-01	5.2704e-01	7.3741e-01	4.4472e-02
6.4226e-01	5.6235e-01	5.1369e-01	9.3716e-02
5.2536e-01	5.3289e-01	9.7610e-01	2.0123e-02
5.6654e-01	8.1494e-01	5.2489e-01	4.9299e-02
5.8580e-01	9.1122e-01	5.9278e-01	6.0263e-03
6.6465e-01	7.1537e-01	6.3595e-01	2.3523e-02
6.2509e-01	5.2826e-01	9.1543e-01	1.1728e-02
5.2545e-01	8.1829e-01	5.3619e-01	5.5628e-02
6.6307e-01	5.6701e-01	6.1665e-01	6.3538e-02
5.6685e-01	8.5470e-01	6.8946e-01	1.2542e-03
6.5123e-01	6.0142e-01	8.0334e-01	1.4461e-02
5.8571e-01	7.2238e-01	5.6903e-01	5.6310e-02
6.1535e-01	7.4775e-01	7.3306e-01	4.8212e-03
5.4492e-01	8.7711e-01	6.2741e-01	1.5702e-02
5.8717e-01	6.6637e-01	7.3564e-01	3.0181e-02
7.3939e-01	6.9266e-01	6.1519e-01	1.5993e-02
5.1935e-01	6.4586e-01	5.1746e-01	1.0228e-01
7.5867e-01	6.1435e-01	6.5116e-01	2.1518e-02
7.2876e-01	7.4355e-01	5.6389e-01	1.8496e-02
5.8311e-01	6.8525e-01	7.8871e-01	1.4240e-02
6.2771e-01	7.7191e-01	5.9966e-01	2.7422e-02
8.2085e-01	7.2470e-01	5.5011e-01	4.2949e-03
7.7947e-01	6.9219e-01	5.6276e-01	1.8862e-02
8.8787e-01	6.1850e-01	5.3122e-01	1.7925e-02
5.4131e-01	8.6628e-01	5.8768e-01	2.8435e-02
8.3681e-01	5.6698e-01	6.2144e-01	2.1121e-02
8.3287e-01	5.2399e-01	7.0535e-01	1.2571e-02
7.0114e-01	5.6649e-01	7.2438e-01	2.9367e-02
5.4919e-01	7.5262e-01	7.6794e-01	1.1224e-02
4.5640e-01	5.4930e-01	5.3175e-01	1.3676e-01
5.8733e-01	8.1695e-01	5.3505e-01	4.1501e-02
8.3037e-01	6.4953e-01	5.9159e-01	1.0105e-02
5.0506e-01	7.6632e-01	5.8259e-01	6.1906e-02
5.8429e-01	5.3559e-01	5.1899e-01	1.1259e-01
7.2080e-01	6.3127e-01	6.0333e-01	3.7725e-02
6.5011e-01	6.8259e-01	7.6792e-01	3.8135e-03
5.9186e-01	6.5440e-01	5.1079e-01	8.4586e-02
8.3040e-01	5.4766e-01	6.7549e-01	1.4551e-02
6.3127e-01	5.5995e-01	9.1405e-01	3.0788e-03
5.4931e-01	5.0284e-01	7.1965e-01	8.1634e-02
5.9873e-01	4.9363e-01	5.2805e-01	1.1696e-01
6.0138e-01	6.2647e-01	6.9599e-01	4.5538e-02
5.8162e-01	6.2149e-01	6.4353e-01	6.3707e-02
5.0728e-01	4.7542e-01	5.6956e-01	1.3329e-01
5.3499e-01	6.3682e-01	6.2896e-01	7.4578e-02
5.2550e-01	8.0508e-01	7.2708e-01	1.4012e-02
5.8139e-01	5.6236e-01	9.3544e-01	9.3547e-03
6.0210e-01	6.3302e-01	8.7612e-01	1.6067e-03
5.9565e-01	5.5846e-01	7.1240e-01	5.9153e-02
5.8164e-01	7.0274e-01	7.1416e-01	2.7918e-02
5.5162e-01	6.2767e-01	8.0320e-01	3.1959e-02
6.0983e-01	8.4047e-01	5.5951e-01	2.4855e-02
5.0190e-01	7.5473e-01	5.7851e-01	6.6356e-02
5.3061e-01	8.3404e-01	5.6291e-01	4.4412e-02
7.3182e-01	6.7827e-01	6.7160e-01	7.9808e-03
5.4638e-01	6.4550e-01	8.1726e-01	2.5692e-02
5.2426e-01	6.6339e-01	4.9988e-01	1.0109e-01
6.7568e-01	8.1227e-01	5.6324e-01	1.5002e-02
5.6630e-01	5.7933e-01	6.9343e-01	6.5636e-02
5.5868e-01	6.3628e-01	9.0039e-01	5.4714e-03
6.2289e-01	5.3170e-01	6.5476e-01	7.2520e-02
8.3786e-01	6.4648e-01	5.2444e-01	2.4782e-02
5.8800e-01	6.7714e-01	7.2775e-01	2.9281e-02
5.0208e-01	8.4871e-01	5.7313e-01	4.5328e-02
5.0175e-01	5.8606e-01	5.6322e-01	1.0990e-01
5.2449e-01	5.9806e-01	8.5101e-01	3.4214e-02
5.8506e-01	9.4908e-01	5.3056e-01	1.1818e-02
6.5276e-01	5.8018e-01	7.3639e-01	3.4814e-02
5.1486e-01	5.3243e-01	4.6287e-01	1.4299e-01
6.4745e-01	8.2130e-01	5.6977e-01	1.8046e-02
9.0517e-01	6.5912e-01	5.3347e-01	3.6735e-03
5.0255e-01	6.3810e-01	5.0629e-01	1.1073e-01
6.4421e-01	6.9981e-01	6.9965e-01	1.7138e-02
5.9859e-01	6.4004e-01	8.6412e-01	3.5911e-03
6.0186e-01	5.5996e-01	6.6410e-01	6.8639e-02
6.4649e-01	5.6812e-01	7.5231e-01	3.5426e-02
6.0641e-01	8.7606e-01	5.5754e-01	1.7704e-02
6.2754e-01	6.8246e-01	4.9603e-01	7.2922e-02
7.7758e-01	5.9605e-01	7.1476e-01	6.4513e-03
7.0926e-01	7.3499e-01	6.0994e-01	1.4368e-02
5.7490e-01	7.9091e-01	7.4130e-01	2.2921e-03
6.5834e-01	8.0176e-01	6.0770e-01	1.1191e-02
