0.0000	0.3333	0.0000
0.0000	0.3333	0.0000
0.0001	0.3332	0.0000
0.0001	0.3331	0.0000
0.0002	0.3329	0.0000
0.0002	0.3326	0.0000
0.0003	0.3323	-1.0000
0.0003	0.3319	-1.0000
0.0003	0.3314	-2.0000
0.0004	0.3309	0.0000
0.0004	0.3303	-1.0000
0.0005	0.3296	-1.0000
0.0005	0.3289	-2.0000
0.0006	0.3280	-2.0000
0.0006	0.3271	0.0000
0.0006	0.3262	-1.0000
0.0007	0.3251	-1.0000
0.0007	0.3240	-2.0000
0.0008	0.3227	-2.0000
0.0008	0.3214	-3.0000
0.0009	0.3200	-1.0000
0.0009	0.3185	-1.0000
0.0010	0.3169	-2.0000
0.0010	0.3152	-2.0000
0.0011	0.3135	-1.0000
0.0011	0.3116	0.0000
0.0012	0.3096	0.0000
0.0012	0.3076	-1.0000
0.0013	0.3054	-3.0000
0.0013	0.3031	-2.0000
0.0014	0.3007	0.0000
0.0014	0.2982	0.0000
0.0015	0.2956	-1.0000
0.0015	0.2929	0.0000
0.0016	0.2901	-1.0000
0.0016	0.2872	-3.0000
0.0017	0.2841	0.0000
0.0017	0.2809	0.0000
0.0018	0.2777	0.0000
0.0018	0.2742	-2.0000
0.0019	0.2707	-1.0000
0.0019	0.2670	0.0000
0.0020	0.2633	0.0000
0.0020	0.2593	0.0000
0.0021	0.2553	-1.0000
0.0021	0.2511	0.0000
0.0022	0.2468	-2.0000
0.0022	0.2424	0.0000
0.0023	0.2378	-2.0000
0.0023	0.2331	0.0000
0.0024	0.2282	-1.0000
0.0024	0.2232	-1.0000
0.0025	0.2181	0.0000
0.0025	0.2128	0.0000
0.0026	0.2074	-1.0000
0.0026	0.2019	-2.0000
0.0027	0.1962	-1.0000
0.0027	0.1903	-1.0000
0.0028	0.1844	0.0000
0.0028	0.1782	-1.0000
0.0029	0.1720	0.0000
0.0029	0.1655	-1.0000
0.0030	0.1590	-1.0000
0.0030	0.1523	0.0000
0.0031	0.1454	-1.0000
0.0031	0.1384	0.0000
0.0032	0.1313	-2.0000
0.0032	0.1240	-1.0000
0.0033	0.1165	-1.0000
0.0033	0.1090	0.0000
0.0033	0.1013	0.0000
0.0034	0.0934	-1.0000
0.0034	0.0854	-1.0000
0.0035	0.0773	-1.0000
0.0035	0.0690	0.0000
0.0035	0.0606	0.0000
0.0036	0.0520	0.0000
0.0036	0.0433	-1.0000
0.0037	0.0345	0.0000
0.0037	0.0256	0.0000
0.0037	0.0165	-1.0000
0.0038	0.0073	0.0000
0.0038	-0.0020	0.0000
0.0039	-0.0115	0.0000
0.0039	-0.0210	0.0000
0.0039	-0.0307	0.0000
0.0040	-0.0405	0.0000
0.0040	-0.0504	-1.0000
0.0040	-0.0604	0.0000
0.0040	-0.0705	0.0000
0.0041	-0.0807	0.0000
0.0041	-0.0910	0.0000
0.0041	-0.1014	0.0000
0.0042	-0.1119	0.0000
0.0042	-0.1224	0.0000
0.0042	-0.1331	0.0000
0.0042	-0.1438	0.0000
0.0042	-0.1546	0.0000
0.0043	-0.1655	0.0000
0.0043	-0.1764	0.0000
0.0043	-0.1874	0.0000
0.1063	-0.5537	-1.0000
0.0982	-0.6403	-2.0000
-0.0304	-0.6871	-2.0000
-0.1059	-0.7033	-1.0000
0.0773	-0.5875	-3.0000
0.0256	-0.5486	-3.0000
-0.0281	-0.6502	-3.0000
0.0337	-0.6931	-1.0000
-0.0297	-0.4388	-2.0000
0.0055	-0.7243	0.0000
0.0884	-0.5964	-1.0000
-0.0081	-0.6149	0.0000
0.1443	-0.5565	0.0000
-0.0695	-0.7001	-2.0000
0.0033	-0.5674	-3.0000
0.0134	-0.4575	-3.0000
-0.0151	-0.4032	-1.0000
0.0267	-0.6710	0.0000
0.0863	-0.5396	-3.0000
0.0044	-0.4693	0.0000
0.0797	-0.5664	-2.0000
0.0130	-0.6812	-3.0000
0.0486	-0.5418	-2.0000
-0.0034	-0.7210	-2.0000
0.0824	-0.6606	-3.0000
-0.0403	-0.5830	-1.0000
-0.0565	-0.6276	-2.0000
-0.0013	-0.5133	0.0000
-0.0554	-0.3941	-1.0000
-0.0338	-0.7382	-1.0000
-0.0680	-0.5533	-3.0000
0.0695	-0.7183	-2.0000
-0.1045	-0.6596	-2.0000
-0.0768	-0.5168	-3.0000
0.0217	-0.6686	-3.0000
0.0595	-0.5062	-2.0000
0.0073	-0.6057	0.0000
-0.0816	-0.4142	-1.0000
-0.0249	-0.6016	-1.0000
-0.0139	-0.5486	-3.0000
-0.0589	-0.4819	-2.0000
0.0325	-0.5826	-1.0000
-0.1033	-0.5724	-2.0000
-0.0325	-0.4657	-2.0000
-0.0301	-0.6698	0.0000
-0.1090	-0.5460	0.0000
-0.1044	-0.7254	-1.0000
0.1509	-0.5427	0.0000
-0.0733	-0.5508	-2.0000
0.1441	-0.3950	0.0000
0.0282	-0.6678	-3.0000
0.0301	-0.5157	-1.0000
-0.0399	-0.7381	0.0000
0.0158	-0.3462	-2.0000
-0.1268	-0.5679	-1.0000
0.0852	-0.5609	-3.0000
0.1295	-0.6680	-2.0000
0.0187	-0.6471	-3.0000
0.0897	-0.6878	-1.0000
-0.0360	-0.5700	-2.0000
-0.0967	-0.4791	-2.0000
0.0503	-0.3245	0.0000
-0.0841	-0.5880	-1.0000
0.0895	-0.5432	-3.0000
0.0678	-0.5106	-2.0000
0.1617	-0.4961	0.0000
-0.0838	-0.6946	-2.0000
0.1251	-0.6257	-1.0000
0.0212	-0.3887	-1.0000
-0.0052	-0.7372	-2.0000
0.0924	-0.5934	-2.0000
-0.0104	-0.7121	-2.0000
0.1383	-0.5405	-1.0000
0.0665	-0.4325	-2.0000
-0.0296	-0.6632	-3.0000
0.1372	-0.5500	-2.0000
-0.0184	-0.7304	-2.0000
0.0599	-0.5414	0.0000
0.0105	-0.6192	-2.0000
0.0675	-0.6743	-1.0000
0.0160	-0.4312	-3.0000
0.0775	-0.5578	-1.0000
-0.0750	-0.5203	-2.0000
0.0428	-0.6090	-1.0000
-0.1320	-0.5786	-2.0000
-0.0086	-0.6316	0.0000
0.0668	-0.4688	-3.0000
-0.0592	-0.5573	-1.0000
-0.0099	-0.5352	0.0000
-0.0520	-0.6477	-3.0000
-0.0637	-0.6141	-3.0000
-0.1271	-0.5783	0.0000
-0.0138	-0.5942	-2.0000
0.1529	-0.5103	-1.0000
0.0404	-0.5785	-2.0000
0.1173	-0.6539	-2.0000
0.0382	-0.5074	0.0000
0.0372	-0.7278	-2.0000
0.0566	-0.6062	-3.0000
0.0449	-0.3932	0.0000
0.1404	-0.7133	0.0000
0.0587	-0.6655	-3.0000
-0.0597	-0.5284	-1.0000
-0.0500	-0.7330	-1.0000
-0.0863	-0.4941	-2.0000
-0.0286	-0.5049	-1.0000
0.0298	-0.5541	-3.0000
0.1017	-0.5516	-3.0000
-0.0331	-0.6424	-1.0000
0.1436	-0.6689	-1.0000
-0.0012	-0.6824	-2.0000
0.0178	-0.5097	-2.0000
-0.1329	-0.5692	-1.0000
0.1486	-0.5596	0.0000
0.1430	-0.5651	-1.0000
-0.0916	-0.5384	-2.0000
-0.1061	-0.5364	0.0000
-0.1054	-0.6200	-1.0000
-0.0397	-0.4804	0.0000
0.0158	-0.5532	-2.0000
-0.0832	-0.7308	0.0000
-0.0268	-0.3991	-2.0000
-0.0420	-0.5070	-2.0000
-0.0092	-0.6109	0.0000
-0.0335	-0.4409	0.0000
-0.0513	-0.4813	-2.0000
-0.0251	-0.5652	0.0000
-0.0847	-0.6500	-2.0000
0.1057	-0.5522	-1.0000
-0.1198	-0.6736	-2.0000
0.0059	-0.4275	-1.0000
-0.0788	-0.6017	-2.0000
-0.0728	-0.6152	-2.0000
-0.0462	-0.5872	-3.0000
0.0040	-0.7074	-2.0000
-0.0474	-0.5169	-2.0000
-0.0469	-0.3199	-1.0000
0.1606	-0.4888	0.0000
0.1273	-0.5000	-2.0000
0.0742	-0.7168	-2.0000
0.0102	-0.4002	0.0000
-0.1002	-0.5019	-2.0000
0.0725	-0.5239	-3.0000
-0.0875	-0.5856	-2.0000
0.0313	-0.4839	-2.0000
-0.0815	-0.7356	0.0000
0.0851	-0.5949	-2.0000
-0.0432	-0.6482	-2.0000
0.0933	-0.7269	-1.0000
0.1218	-0.5797	-1.0000
-0.0055	-0.6901	-3.0000
0.0008	-0.6926	-3.0000
0.0703	-0.6473	0.0000
0.0058	-0.4135	-2.0000
-0.0079	-0.6085	-2.0000
-0.0599	-0.6488	-3.0000
0.0103	-0.4127	0.0000
-0.0916	-0.6666	-2.0000
-0.1198	-0.6741	-2.0000
-0.0338	-0.5541	-1.0000
0.1082	-0.5028	-2.0000
0.0671	-0.6364	-3.0000
-0.1386	-0.4543	0.0000
0.0026	-0.4093	0.0000
-0.0480	-0.7315	-2.0000
-0.0101	-0.3598	-1.0000
0.0609	-0.5893	-3.0000
0.1546	-0.5201	-1.0000
0.0084	-0.6647	0.0000
-0.0436	-0.6333	-2.0000
0.1023	-0.5465	-2.0000
0.0850	-0.4405	-2.0000
-0.0528	-0.5996	-2.0000
0.1158	-0.6332	-3.0000
-0.0019	-0.7085	-1.0000
0.0333	-0.4936	-2.0000
-0.0699	-0.6268	-2.0000
0.0490	-0.7335	-2.0000
-0.0857	-0.4047	-1.0000
-0.1503	-0.6606	0.0000
-0.1263	-0.6096	-1.0000
0.0220	-0.5364	-3.0000
0.0187	-0.5233	-3.0000
-0.0583	-0.6484	-1.0000
-0.1403	-0.7082	0.0000
0.0771	-0.4433	-2.0000
-0.0311	-0.4205	-1.0000
-0.0689	-0.7373	-1.0000
0.1588	-0.6469	0.0000
-0.0519	-0.4101	-1.0000
-0.0917	-0.6863	-3.0000
-0.0089	-0.7295	-1.0000
0.0035	-0.7284	-3.0000
0.0965	-0.5566	-2.0000
0.0256	-0.4315	-3.0000
0.0594	-0.7229	-1.0000
-0.1497	-0.4883	-1.0000
0.0742	-0.5668	-3.0000
0.0671	-0.3542	0.0000
-0.0146	-0.3475	-1.0000
0.0278	-0.4750	-1.0000
0.0300	-0.7200	-1.0000
0.0897	-0.5033	-3.0000
0.1560	-0.4388	0.0000
-0.0985	-0.5827	-2.0000
0.0499	-0.7240	0.0000
0.0281	-0.4665	-3.0000
0.0039	-0.5727	-3.0000
-0.0137	-0.3000	0.0000
-0.0095	-0.5817	-2.0000
-0.0029	-0.7293	0.0000
-0.0601	-0.4798	-2.0000
-0.0145	-0.5584	-2.0000
0.0445	-0.5346	-2.0000
0.0394	-0.5319	-1.0000
0.1157	-0.4731	-3.0000
0.0132	-0.4435	-3.0000
-0.0024	-0.4893	-2.0000
0.0880	-0.6597	-1.0000
0.0556	-0.6750	-2.0000
0.1638	-0.5157	0.0000
0.1397	-0.7013	0.0000
-0.1428	-0.6604	0.0000
-0.1507	-0.6292	0.0000
-0.1439	-0.5436	0.0000
0.0435	-0.5635	-3.0000
-0.0747	-0.6790	0.0000
0.0306	-0.3604	-2.0000
0.0565	-0.6660	-2.0000
0.0601	-0.5373	-3.0000
-0.0875	-0.7060	-2.0000
0.0626	-0.5243	-3.0000
0.1161	-0.5121	-3.0000
0.0279	-0.6715	-3.0000
0.0381	-0.3496	0.0000
0.1180	-0.5681	-2.0000
0.0328	-0.4185	-1.0000
0.0957	-0.4787	-3.0000
-0.0539	-0.3845	-1.0000
-0.0608	-0.7319	0.0000
-0.1500	-0.5766	0.0000
-0.0417	-0.6312	-3.0000
-0.0687	-0.6149	-3.0000
0.0990	-0.6860	-1.0000
0.0317	-0.3294	-2.0000
0.1278	-0.5247	0.0000
0.1167	-0.6507	-2.0000
0.1401	-0.4463	-1.0000
0.0178	-0.7174	-1.0000
-0.0822	-0.5584	-3.0000
-0.0105	-0.5772	-1.0000
-0.0348	-0.6129	0.0000
0.0089	-0.6987	-2.0000
-0.0913	-0.5606	-1.0000
0.1219	-0.6634	-2.0000
-0.0653	-0.6473	-3.0000
-0.0699	-0.5781	-2.0000
0.1163	-0.4777	-2.0000
-0.0019	-0.7224	-3.0000
-0.0462	-0.5426	-3.0000
0.0752	-0.4783	-3.0000
-0.0516	-0.7444	-1.0000
-0.0060	-0.6088	-2.0000
-0.0835	-0.6763	-3.0000
0.1446	-0.5666	-1.0000
-0.1330	-0.5764	-1.0000
-0.1011	-0.6284	0.0000
0.0528	-0.5700	-3.0000
0.0409	-0.6843	-3.0000
-0.0230	-0.4126	-3.0000
-0.0156	-0.6784	-3.0000
-0.0779	-0.7075	-2.0000
0.0154	-0.5683	-3.0000
-0.0812	-0.4960	-2.0000
-0.1199	-0.5799	-2.0000
-0.0513	-0.6358	-3.0000
0.0380	-0.7037	-1.0000
0.0669	-0.5440	-3.0000
0.0585	-0.5515	-3.0000
0.0995	-0.4990	-3.0000
-0.0252	-0.5704	-1.0000
0.0865	-0.4410	-1.0000
0.0894	-0.3400	0.0000
0.0213	-0.3930	-2.0000
0.0448	-0.6983	-1.0000
-0.1069	-0.7351	0.0000
0.1180	-0.4201	-1.0000
0.0763	-0.6434	-1.0000
0.1429	-0.5498	0.0000
0.0364	-0.6627	-3.0000
0.1162	-0.7208	-1.0000
-0.1183	-0.7223	-1.0000
-0.0654	-0.5790	-2.0000
-0.1105	-0.5501	-3.0000
-0.0277	-0.4612	-3.0000
0.0226	-0.7346	-2.0000
0.1094	-0.5497	-3.0000
-0.0393	-0.6289	-1.0000
0.1221	-0.5731	-3.0000
0.0402	-0.4571	-3.0000
0.0868	-0.5909	-1.0000
0.0531	-0.5934	-3.0000
-0.1265	-0.5662	0.0000
-0.0135	-0.7057	0.0000
-0.0156	-0.4773	-3.0000
-0.0889	-0.5188	-1.0000
0.0636	-0.6138	-1.0000
0.1313	-0.3781	-1.0000
0.0960	-0.4004	-1.0000
-0.0045	-0.4667	-3.0000
-0.0566	-0.6326	-2.0000
0.0588	-0.4766	-1.0000
0.1153	-0.6082	-1.0000
0.0774	-0.5396	-1.0000
-0.0031	-0.5967	-3.0000
0.0155	-0.4835	-3.0000
-0.0833	-0.5088	-3.0000
0.0091	-0.6483	-3.0000
0.0514	-0.6159	-3.0000
0.1070	-0.4614	-2.0000
-0.0796	-0.6576	-3.0000
0.0346	-0.5375	-2.0000
-0.1006	-0.6144	-2.0000
0.1106	-0.5482	0.0000
0.0605	-0.5539	-1.0000
0.0706	-0.5185	-3.0000
0.0269	-0.4943	-3.0000
0.0853	-0.7393	-1.0000
-0.0257	-0.6263	-3.0000
0.0433	-0.6810	-3.0000
0.0051	-0.2358	0.0000
0.1164	-0.4784	-1.0000
-0.0615	-0.5970	-2.0000
0.0711	-0.7178	-3.0000
0.1223	-0.3856	-1.0000
-0.0713	-0.4987	-2.0000
0.0948	-0.5099	-3.0000
-0.0484	-0.5026	-3.0000
-0.0920	-0.5954	-3.0000
-0.0377	-0.4658	-3.0000
0.0329	-0.5487	-3.0000
-0.1234	-0.6231	-2.0000
0.0001	-0.5374	-3.0000
-0.0401	-0.5773	-3.0000
0.0537	-0.3312	-1.0000
0.0478	-0.4472	-1.0000
0.0024	-0.5519	-3.0000
0.0288	-0.6244	-3.0000
-0.0350	-0.4164	-1.0000
0.0398	-0.6183	-3.0000
0.0397	-0.6822	-3.0000
0.1071	-0.6479	-1.0000
-0.0184	-0.3197	-1.0000
-0.0255	-0.4803	-3.0000
0.0644	-0.6005	-3.0000
-0.1048	-0.5871	-1.0000
0.0577	-0.5693	-1.0000
0.0267	-0.7198	0.0000
-0.0671	-0.6877	-3.0000
-0.0248	-0.5953	-3.0000
0.1319	-0.3729	-1.0000
-0.0188	-0.5873	-3.0000
-0.0247	-0.7243	0.0000
0.0293	-0.7109	0.0000
0.0594	-0.4753	-2.0000
0.0580	-0.6425	0.0000
-0.0314	-0.5427	-3.0000
0.0260	-0.3344	0.0000
0.1132	-0.6887	-2.0000
0.0497	-0.6010	-3.0000
0.0153	-0.6758	-2.0000
0.0131	-0.5723	0.0000
-0.1073	-0.5313	-3.0000
0.1333	-0.4849	-2.0000
0.1586	-0.5665	0.0000
0.0991	-0.5374	-3.0000
-0.0236	-0.7231	-3.0000
-0.0075	-0.3911	-3.0000
-0.0521	-0.4717	-2.0000
0.0225	-0.6044	-3.0000
-0.0067	-0.6363	-3.0000
-0.0972	-0.6054	-3.0000
-0.0958	-0.3563	-1.0000
-0.0010	-0.5965	-1.0000
-0.0846	-0.5057	-3.0000
-0.0540	-0.5740	-3.0000
0.1635	-0.4739	0.0000
-0.0805	-0.5382	-1.0000
0.0772	-0.3497	0.0000
0.0706	-0.5967	-2.0000
-0.0206	-0.3784	-1.0000
-0.0968	-0.5501	-2.0000
0.0078	-0.4181	0.0000
0.0879	-0.4733	-2.0000
-0.0592	-0.4264	-2.0000
0.0303	-0.4752	-3.0000
0.1249	-0.6143	-3.0000
0.0460	-0.6937	-3.0000
0.0076	-0.4996	-3.0000
-0.0501	-0.4393	-1.0000
0.0908	-0.6941	-3.0000
-0.1246	-0.6804	-1.0000
0.0388	-0.6218	-3.0000
-0.0207	-0.7026	-1.0000
-0.0247	-0.6570	-3.0000
0.0439	-0.7261	-1.0000
-0.0808	-0.4162	-1.0000
0.0120	-0.2081	0.0000
-0.0398	-0.5991	0.0000
-0.0080	-0.6016	0.0000
0.0138	-0.6648	-3.0000
-0.0231	-0.4427	-2.0000
-0.0721	-0.5843	-1.0000
-0.0812	-0.6601	-1.0000
0.0702	-0.5274	-1.0000
0.1062	-0.6736	0.0000
-0.0569	-0.5169	-2.0000
-0.0215	-0.6961	0.0000
-0.1026	-0.5795	0.0000
0.0814	-0.6817	-1.0000
0.0837	-0.3990	0.0000
-0.0847	-0.3493	0.0000
-0.0980	-0.5106	-2.0000
0.0581	-0.5517	-2.0000
-0.0982	-0.4453	0.0000
-0.1263	-0.6767	0.0000
0.1217	-0.5543	0.0000
-0.0673	-0.4598	-1.0000
-0.1493	-0.6690	0.0000
0.0599	-0.6801	-3.0000
-0.0127	-0.7040	-3.0000
0.0844	-0.6395	-1.0000
0.0687	-0.6506	-2.0000
-0.0308	-0.7466	0.0000
-0.0890	-0.3930	-1.0000
0.0202	-0.7142	-2.0000
0.1505	-0.5366	0.0000
0.0086	-0.7512	-1.0000
-0.0038	-0.6359	-1.0000
-0.0115	-0.6412	-2.0000
0.0849	-0.6552	0.0000
-0.0126	-0.2949	0.0000
0.0365	-0.6416	-3.0000
0.1287	-0.6084	-1.0000
0.0008	-0.5660	-3.0000
-0.1374	-0.6145	-1.0000
0.0533	-0.5041	-3.0000
-0.0239	-0.3057	0.0000
-0.1008	-0.5603	-3.0000
0.0903	-0.5279	-3.0000
0.0029	-0.4806	0.0000
-0.0454	-0.6359	-2.0000
-0.0693	-0.6864	-1.0000
0.0728	-0.6674	-3.0000
0.0441	-0.4390	0.0000
0.0246	-0.6469	0.0000
0.0057	-0.5300	0.0000
0.1121	-0.5224	-1.0000
-0.0007	-0.5443	-2.0000
-0.0917	-0.6966	0.0000
-0.0918	-0.6250	-3.0000
-0.0666	-0.7083	-1.0000
0.0432	-0.5728	-2.0000
0.0158	-0.6255	-1.0000
-0.0266	-0.5725	-3.0000
-0.0221	-0.4299	-1.0000
-0.0571	-0.5536	0.0000
0.0408	-0.7024	-3.0000
0.0145	-0.3239	-1.0000
0.1397	-0.5464	0.0000
0.0941	-0.5856	-1.0000
0.0276	-0.6775	0.0000
-0.0293	-0.7095	-3.0000
-0.1064	-0.6520	-1.0000
0.0161	-0.6362	-1.0000
-0.0407	-0.6228	0.0000
-0.0671	-0.5537	-2.0000
-0.0717	-0.3656	0.0000
0.0218	-0.5962	0.0000
-0.1260	-0.6612	-1.0000
-0.0705	-0.5207	-2.0000
0.0366	-0.3155	-1.0000
0.0371	-0.7086	0.0000
0.1403	-0.5599	0.0000
0.0547	-0.6666	0.0000
-0.0832	-0.5506	0.0000
-0.0082	-0.5967	-3.0000
0.0910	-0.5834	-3.0000
0.0280	-0.5764	-3.0000
0.0548	-0.3545	-2.0000
0.1146	-0.6676	-2.0000
-0.1103	-0.6366	-2.0000
0.0197	-0.3357	-1.0000
0.0797	-0.6970	0.0000
-0.1103	-0.4812	-1.0000
-0.0523	-0.7130	-1.0000
0.0490	-0.6727	-2.0000
0.0599	-0.5269	-3.0000
-0.0143	-0.3854	0.0000
0.0847	-0.7189	0.0000
0.0797	-0.4205	-2.0000
-0.0061	-0.7038	-2.0000
0.1388	-0.5423	-1.0000
-0.0556	-0.6219	-1.0000
-0.0100	-0.6011	-3.0000
0.0100	-0.7509	0.0000
0.0280	-0.6448	-3.0000
-0.1108	-0.4364	0.0000
-0.1473	-0.4600	0.0000
0.0497	-0.5846	-1.0000
0.0852	-0.5996	-2.0000
0.0454	-0.3060	0.0000
0.0306	-0.6592	-2.0000
0.0526	-0.6589	-2.0000
0.0143	-0.5928	-3.0000
-0.0180	-0.6085	0.0000
0.0424	-0.7260	-2.0000
-0.0419	-0.4749	-1.0000
-0.1336	-0.5729	0.0000
0.1568	-0.5057	0.0000
-0.1468	-0.6391	0.0000
0.0590	-0.6962	-1.0000
-0.0423	-0.7245	-2.0000
-0.0461	-0.7176	0.0000
0.0044	-0.5313	0.0000
0.1193	-0.5002	-3.0000
-0.1107	-0.4310	-1.0000
-0.1140	-0.6690	-2.0000
0.0348	-0.4428	-2.0000
0.0558	-0.6241	-3.0000
-0.1314	-0.4745	0.0000
0.1095	-0.6175	-3.0000
0.0591	-0.6470	-2.0000
-0.1067	-0.5918	-2.0000
-0.1114	-0.7040	0.0000
0.0316	-0.4631	-2.0000
0.0560	-0.7073	0.0000
-0.0583	-0.3887	0.0000
0.1131	-0.4831	-2.0000
0.1054	-0.6055	0.0000
-0.1102	-0.5687	0.0000
-0.0861	-0.5088	0.0000
0.1299	-0.5813	-2.0000
0.1321	-0.5539	-2.0000
0.1641	-0.6059	0.0000
-0.0855	-0.4549	-2.0000
0.1432	-0.6876	0.0000
-0.1278	-0.5252	-1.0000
0.1182	-0.6982	-1.0000
-0.0416	-0.7072	-3.0000
0.0438	-0.5015	-3.0000
0.0809	-0.6725	-2.0000
-0.0346	-0.6128	-2.0000
-0.1445	-0.5630	0.0000
-0.0710	-0.4950	-2.0000
-0.0278	-0.2561	0.0000
-0.0287	-0.7351	-1.0000
0.0577	-0.6157	-1.0000
-0.1056	-0.3430	0.0000
-0.0490	-0.5654	-3.0000
0.1489	-0.4968	-1.0000
0.0144	-0.6149	-3.0000
0.0339	-0.3836	0.0000
0.0800	-0.6384	-3.0000
0.1210	-0.3997	-2.0000
-0.0845	-0.7452	-1.0000
-0.0792	-0.6878	-3.0000
0.0123	-0.3701	-2.0000
-0.0312	-0.6476	-3.0000
0.0381	-0.6226	-3.0000
-0.0257	-0.5747	-1.0000
-0.1385	-0.5343	0.0000
-0.0556	-0.4537	-2.0000
0.0024	-0.6348	-2.0000
0.0145	-0.6540	-3.0000
-0.0442	-0.7277	-2.0000
-0.1549	-0.5773	0.0000
-0.1130	-0.4175	-1.0000
0.0808	-0.7052	-2.0000
0.0153	-0.7517	-1.0000
0.0306	-0.7446	-1.0000
-0.0244	-0.6098	-3.0000
-0.0606	-0.6155	-1.0000
0.1550	-0.5425	0.0000
-0.0420	-0.6802	-3.0000
0.1117	-0.5988	-2.0000
-0.0376	-0.4888	-2.0000
0.0171	-0.5687	-1.0000
0.1667	-0.5629	0.0000
0.0836	-0.5987	-2.0000
-0.0412	-0.4959	-3.0000
-0.0492	-0.6039	-3.0000
0.0377	-0.6950	-2.0000
0.0627	-0.6911	-2.0000
0.0034	-0.5731	-2.0000
-0.0661	-0.6686	-3.0000
0.1357	-0.6334	-2.0000
0.0229	-0.5785	-3.0000
-0.1448	-0.5357	0.0000
-0.0603	-0.5319	-3.0000
0.0651	-0.6034	0.0000
-0.0408	-0.4300	-2.0000
-0.0393	-0.3716	-2.0000
0.0763	-0.5196	-2.0000
-0.1033	-0.4323	0.0000
0.1268	-0.6518	-1.0000
-0.0619	-0.4767	-1.0000
0.0543	-0.2787	0.0000
0.1363	-0.5841	-1.0000
0.1289	-0.6743	-1.0000
-0.0226	-0.4243	-2.0000
0.1184	-0.5744	0.0000
-0.1253	-0.5901	0.0000
-0.0230	-0.4028	-2.0000
0.0395	-0.5999	-3.0000
0.0592	-0.6781	-2.0000
-0.0623	-0.6009	-3.0000
-0.0115	-0.5564	-3.0000
0.0920	-0.6994	-1.0000
-0.0236	-0.6674	-2.0000
0.0407	-0.5113	-2.0000
0.0872	-0.5857	-2.0000
-0.1091	-0.5439	-2.0000
0.0443	-0.5767	-3.0000
0.1217	-0.5913	-3.0000
0.0122	-0.7211	-2.0000
0.0759	-0.5023	-1.0000
0.1599	-0.5347	-1.0000
0.0024	-0.6859	-3.0000
0.1537	-0.5831	-1.0000
0.0042	-0.5965	-3.0000
-0.0126	-0.2736	0.0000
0.1294	-0.6488	0.0000
0.1309	-0.4957	-1.0000
-0.1140	-0.6873	-2.0000
-0.1213	-0.6751	0.0000
0.0922	-0.6418	0.0000
0.0038	-0.4970	-3.0000
0.1087	-0.5458	-2.0000
-0.0533	-0.5630	-2.0000
0.0580	-0.4780	-1.0000
-0.0027	-0.6440	-1.0000
0.0261	-0.4716	0.0000
-0.0432	-0.5908	-3.0000
0.0136	-0.5838	-3.0000
-0.1475	-0.5178	-1.0000
0.0506	-0.5226	-2.0000
0.0750	-0.5804	-3.0000
0.0045	-0.6910	0.0000
0.0578	-0.6835	-1.0000
-0.0185	-0.7195	-1.0000
0.0594	-0.5300	-3.0000
-0.0685	-0.7096	-1.0000
-0.0845	-0.5971	-1.0000
0.1341	-0.5044	-2.0000
0.0704	-0.6322	0.0000
-0.0819	-0.4518	-2.0000
0.0704	-0.5290	-3.0000
-0.1489	-0.5731	0.0000
0.0900	-0.4402	-2.0000
0.0532	-0.4395	-2.0000
0.0957	-0.3914	0.0000
-0.1097	-0.6786	-2.0000
0.0459	-0.7214	-1.0000
-0.0302	-0.6942	-2.0000
0.0224	-0.6364	-1.0000
-0.1004	-0.6573	-2.0000
-0.0532	-0.6749	-2.0000
-0.0844	-0.7475	0.0000
0.0220	-0.5851	-2.0000
-0.1323	-0.5727	-1.0000
-0.0490	-0.6388	-3.0000
0.0931	-0.6488	-2.0000
0.0655	-0.6335	-1.0000
-0.0234	-0.4574	-3.0000
0.1304	-0.5837	-2.0000
0.0070	-0.2749	-1.0000
0.0918	-0.6327	-2.0000
-0.0258	-0.7066	-3.0000
-0.0501	-0.2864	0.0000
0.0095	-0.5090	-2.0000
-0.0016	-0.5406	-2.0000
0.0400	-0.2620	0.0000
-0.0239	-0.4603	-2.0000
0.1222	-0.7170	0.0000
-0.0755	-0.5694	-2.0000
0.0989	-0.6514	-2.0000
-0.0702	-0.6102	-3.0000
-0.0840	-0.5236	-3.0000
0.0402	-0.6010	-3.0000
0.1483	-0.6606	0.0000
0.0358	-0.4937	-3.0000
0.0041	-0.5621	-3.0000
0.1018	-0.5713	-1.0000
-0.1274	-0.6162	-2.0000
-0.0440	-0.5669	-1.0000
0.0768	-0.6508	-2.0000
-0.0102	-0.4148	-2.0000
-0.1136	-0.4668	-2.0000
0.1209	-0.6966	0.0000
0.0375	-0.5698	-3.0000
-0.0210	-0.6119	-3.0000
0.0047	-0.6777	0.0000
0.0363	-0.6175	-3.0000
-0.0633	-0.7147	-3.0000
0.0906	-0.3209	0.0000
0.0229	-0.7215	-1.0000
0.1162	-0.4972	-2.0000
0.0701	-0.6343	-2.0000
0.0323	-0.4487	-2.0000
-0.0994	-0.6721	-1.0000
0.0273	-0.5026	-3.0000
0.0837	-0.4874	-3.0000
-0.0007	-0.6872	-1.0000
0.0879	-0.6607	-3.0000
0.0851	-0.6347	-2.0000
-0.0268	-0.6436	-3.0000
-0.0434	-0.6465	0.0000
0.0134	-0.4752	-1.0000
-0.0832	-0.4370	-1.0000
0.0027	-0.4373	-2.0000
-0.0494	-0.7360	-1.0000
0.1296	-0.4746	0.0000
-0.0668	-0.7023	0.0000
-0.0095	-0.5131	-3.0000
0.0331	-0.6164	-3.0000
-0.0078	-0.4602	-3.0000
0.0948	-0.7269	-2.0000
0.0959	-0.4390	-2.0000
0.0306	-0.5949	-3.0000
-0.0231	-0.6280	-3.0000
-0.0278	-0.7450	-1.0000
0.0445	-0.4397	-3.0000
-0.0028	-0.5791	-3.0000
-0.1275	-0.4712	-2.0000
-0.0884	-0.5918	-2.0000
-0.0546	-0.5466	-3.0000
0.0718	-0.6069	-3.0000
-0.1460	-0.4915	-1.0000
-0.0389	-0.6087	-3.0000
-0.0037	-0.3744	-2.0000
-0.0452	-0.6344	-1.0000
0.1181	-0.5631	-1.0000
-0.0745	-0.7114	-2.0000
0.0591	-0.6067	-2.0000
-0.1241	-0.5875	-2.0000
-0.0131	-0.5922	-3.0000
0.0846	-0.4244	0.0000
-0.0059	-0.5003	-3.0000
0.1120	-0.6858	0.0000
0.0822	-0.7194	-2.0000
0.0436	-0.7340	-1.0000
0.0864	-0.7054	-3.0000
0.1149	-0.4434	-1.0000
0.0751	-0.6908	-1.0000
0.1198	-0.5055	0.0000
0.1318	-0.4718	-1.0000
-0.1398	-0.5556	0.0000
-0.0525	-0.7240	-3.0000
0.1296	-0.4084	0.0000
-0.0274	-0.4561	-2.0000
-0.1005	-0.6132	-3.0000
-0.0042	-0.6646	-3.0000
-0.0967	-0.3764	0.0000
-0.0298	-0.6355	-1.0000
0.1196	-0.6611	-1.0000
-0.1384	-0.5769	0.0000
-0.0500	-0.5866	-1.0000
-0.0130	-0.7204	-3.0000
0.0446	-0.5631	0.0000
0.0982	-0.6723	-2.0000
-0.0656	-0.6296	-3.0000
0.0630	-0.6565	-2.0000
0.0706	-0.5768	-3.0000
0.1026	-0.4752	-3.0000
-0.1070	-0.4610	-1.0000
0.0516	-0.6245	-2.0000
-0.0028	-0.6040	-2.0000
0.1213	-0.6230	0.0000
-0.1417	-0.5883	-1.0000
0.0848	-0.5261	-3.0000
0.0115	-0.6822	-3.0000
-0.0261	-0.6128	-3.0000
-0.0221	-0.5505	-3.0000
0.1432	-0.4211	-1.0000
-0.1590	-0.5227	0.0000
0.1558	-0.4439	0.0000
0.0295	-0.6565	-2.0000
-0.0567	-0.4546	-3.0000
0.0715	-0.6398	-3.0000
0.1203	-0.5329	-2.0000
-0.0313	-0.6027	-2.0000
0.1513	-0.5822	-1.0000
-0.1242	-0.6824	-1.0000
0.1012	-0.6440	-3.0000
0.1254	-0.5292	-2.0000
-0.0469	-0.4530	-3.0000
0.0750	-0.6754	0.0000
-0.0545	-0.5879	-1.0000
0.0690	-0.6856	-3.0000
0.0963	-0.4316	-1.0000
-0.0946	-0.5287	-3.0000
0.0846	-0.4219	-2.0000
0.0220	-0.5420	-2.0000
0.0323	-0.5193	-3.0000
0.0573	-0.6128	-3.0000
0.0594	-0.6247	-3.0000
0.1499	-0.6265	0.0000
0.0029	-0.4831	-2.0000
0.1302	-0.5143	-1.0000
0.0299	-0.2629	0.0000
0.0050	-0.6694	-2.0000
-0.0695	-0.6957	0.0000
0.0775	-0.5392	-3.0000
-0.0563	-0.4928	-3.0000
-0.1204	-0.5327	-2.0000
0.1070	-0.5785	-2.0000
0.1304	-0.5216	0.0000
0.0346	-0.6366	-3.0000
-0.0200	-0.5559	-2.0000
-0.0809	-0.6288	-3.0000
-0.1374	-0.6445	0.0000
-0.0340	-0.2847	-1.0000
-0.0560	-0.5796	-3.0000
-0.0593	-0.5747	0.0000
0.0262	-0.6023	-3.0000
0.0190	-0.7096	-1.0000
-0.0482	-0.4720	-2.0000
0.1525	-0.6883	0.0000
0.0771	-0.5447	-2.0000
-0.1178	-0.5987	-1.0000
0.0745	-0.6929	-3.0000
-0.0481	-0.4689	-3.0000
0.1217	-0.5758	-2.0000
0.1346	-0.6824	0.0000
0.0425	-0.7375	0.0000
0.0051	-0.7051	0.0000
0.0345	-0.4147	0.0000
0.0504	-0.5854	-3.0000
-0.0745	-0.5587	-3.0000
-0.0151	-0.7438	-1.0000
0.0170	-0.6058	-3.0000
0.0431	-0.3553	-1.0000
0.1549	-0.4987	-1.0000
0.0721	-0.6157	-2.0000
-0.0645	-0.6047	-3.0000
-0.0930	-0.6016	-3.0000
-0.0507	-0.5726	-3.0000
0.0335	-0.5170	-3.0000
0.0115	-0.3790	0.0000
-0.0729	-0.6515	-1.0000
0.0502	-0.7209	-1.0000
-0.0260	-0.3549	-2.0000
0.0708	-0.4265	-1.0000
-0.0758	-0.5322	-2.0000
0.0893	-0.5970	-2.0000
0.0037	-0.7237	-3.0000
0.0306	-0.4646	-3.0000
-0.1496	-0.5113	0.0000
0.0514	-0.6158	-3.0000
-0.0510	-0.6571	-3.0000
-0.0281	-0.3284	-1.0000
0.0746	-0.5567	-3.0000
0.1181	-0.5844	-1.0000
-0.0661	-0.7098	-2.0000
0.0198	-0.6405	-3.0000
-0.0028	-0.7518	-1.0000
0.0290	-0.6497	-3.0000
0.1088	-0.7409	0.0000
0.0544	-0.6947	-3.0000
-0.0980	-0.7110	-2.0000
0.1064	-0.6281	-1.0000
0.0511	-0.7120	-2.0000
0.1021	-0.6387	0.0000
0.0644	-0.5350	-3.0000
0.0156	-0.3249	0.0000
-0.0180	-0.7302	-2.0000
0.0193	-0.4493	-1.0000
0.0700	-0.5857	-3.0000
0.1350	-0.6256	-2.0000
0.0039	-0.6581	-2.0000
-0.0947	-0.6973	-1.0000
0.1159	-0.6255	-1.0000
-0.0351	-0.5052	0.0000
0.0547	-0.5816	-3.0000
0.0818	-0.7365	0.0000
-0.0941	-0.7277	0.0000
-0.0696	-0.5638	0.0000
0.0852	-0.6097	-3.0000
-0.0787	-0.4882	-2.0000
0.1335	-0.6688	-1.0000
0.0167	-0.7544	0.0000
0.1414	-0.5951	-2.0000
-0.1308	-0.6940	-1.0000
-0.0050	-0.7487	0.0000
0.0623	-0.7120	0.0000
-0.0814	-0.5469	-3.0000
0.0519	-0.5741	-3.0000
0.1039	-0.4827	-3.0000
-0.0651	-0.6995	-1.0000
0.1417	-0.6630	0.0000
-0.0245	-0.4111	-1.0000
0.0332	-0.6966	0.0000
0.0079	-0.4636	-2.0000
0.0541	-0.6599	-3.0000
-0.1489	-0.5389	-1.0000
0.1281	-0.6387	-2.0000
-0.1053	-0.6243	-2.0000
0.0716	-0.2621	0.0000
0.0482	-0.6520	-2.0000
0.1163	-0.6264	-2.0000
0.0104	-0.5944	-1.0000
0.0479	-0.5795	-3.0000
-0.0041	-0.5061	-3.0000
-0.1456	-0.4750	0.0000
0.1553	-0.5443	0.0000
0.0060	-0.4954	-3.0000
0.0502	-0.7103	0.0000
0.1211	-0.7034	-1.0000
-0.0787	-0.4659	-2.0000
-0.0838	-0.7062	0.0000
-0.0541	-0.4379	-2.0000
0.1352	-0.6498	0.0000
0.0890	-0.4569	-3.0000
0.1111	-0.5378	-2.0000
0.0489	-0.6751	0.0000
-0.0045	-0.6696	-1.0000
0.0324	-0.7370	0.0000
-0.0368	-0.4954	-3.0000
-0.0349	-0.4589	-2.0000
-0.0373	-0.6503	-1.0000
0.1366	-0.5767	-1.0000
0.0146	-0.6206	-3.0000
-0.1101	-0.6748	-1.0000
0.0466	-0.5148	-3.0000
-0.0412	-0.6260	-3.0000
-0.1131	-0.6458	-1.0000
0.0796	-0.6090	0.0000
-0.1279	-0.5301	-1.0000
-0.0785	-0.6019	-2.0000
-0.0032	-0.6269	-1.0000
-0.0163	-0.3503	0.0000
-0.0795	-0.7484	0.0000
-0.0663	-0.4696	-1.0000
0.0127	-0.3696	0.0000
0.1421	-0.5367	-2.0000
-0.0536	-0.5537	-1.0000
0.0899	-0.5540	-2.0000
-0.0534	-0.6867	-2.0000
-0.1167	-0.6878	-1.0000
0.1437	-0.5547	-1.0000
0.0240	-0.5878	-3.0000
0.0946	-0.6872	-1.0000
-0.0032	-0.6787	-3.0000
-0.0923	-0.7423	0.0000
-0.0564	-0.6212	-3.0000
0.0011	-0.2745	0.0000
0.0261	-0.3394	0.0000
0.0049	-0.6889	-3.0000
-0.1586	-0.4895	0.0000
-0.0534	-0.5741	0.0000
-0.0095	-0.7031	0.0000
0.0142	-0.4998	-1.0000
0.0623	-0.5492	-3.0000
-0.0269	-0.7132	-1.0000
0.0380	-0.5907	-3.0000
-0.0381	-0.4767	-3.0000
0.1352	-0.4780	0.0000
0.0528	-0.7290	-1.0000
-0.0941	-0.6636	-3.0000
0.0698	-0.5171	-3.0000
-0.1059	-0.4881	-1.0000
-0.0658	-0.6208	-1.0000
-0.0632	-0.3779	-1.0000
-0.0317	-0.6018	0.0000
0.0437	-0.4449	-3.0000
-0.0267	-0.5699	-1.0000
0.0112	-0.6251	0.0000
-0.0209	-0.5678	0.0000
0.0638	-0.4849	-2.0000
-0.0316	-0.3219	0.0000
0.0084	-0.7120	-3.0000
0.0144	-0.7136	-3.0000
0.0218	-0.5868	0.0000
0.0358	-0.6970	-3.0000
0.0213	-0.3771	-2.0000
-0.0892	-0.6737	-2.0000
0.0989	-0.5940	0.0000
-0.1254	-0.5775	-1.0000
0.0522	-0.3713	0.0000
-0.0296	-0.5498	-3.0000
0.0659	-0.5820	-3.0000
-0.0144	-0.5433	-1.0000
0.1051	-0.4520	0.0000
0.1237	-0.7113	-1.0000
0.1583	-0.4942	0.0000
0.1684	-0.4464	0.0000
0.1345	-0.5009	-2.0000
0.0092	-0.7288	-2.0000
-0.0902	-0.4894	-2.0000
0.1010	-0.6541	0.0000
-0.0058	-0.6693	-1.0000
0.0483	-0.3133	-1.0000
0.1274	-0.6500	0.0000
-0.0905	-0.7122	-1.0000
0.1392	-0.6452	0.0000
0.0901	-0.5380	-2.0000
0.1324	-0.4237	0.0000
-0.0590	-0.6625	-1.0000
-0.0595	-0.6161	-3.0000
0.0294	-0.6072	-3.0000
-0.0719	-0.6446	-3.0000
0.0390	-0.6988	-1.0000
-0.0239	-0.6306	-1.0000
0.0387	-0.5898	-2.0000
-0.0370	-0.5875	-3.0000
0.0232	-0.4499	-1.0000
0.1130	-0.6262	-1.0000
-0.1187	-0.4909	0.0000
0.0928	-0.4987	-2.0000
0.1257	-0.6559	0.0000
0.0039	-0.6463	-3.0000
-0.0209	-0.6539	-3.0000
-0.0142	-0.7369	-1.0000
-0.0847	-0.6064	-3.0000
0.1171	-0.4601	0.0000
0.0325	-0.4515	0.0000
-0.0811	-0.6200	-3.0000
0.0428	-0.5341	-2.0000
-0.0000	-0.6034	-1.0000
0.1279	-0.6328	-2.0000
-0.1442	-0.5325	0.0000
-0.0588	-0.6995	0.0000
0.0606	-0.6140	-3.0000
0.0635	-0.5810	0.0000
0.0696	-0.6507	-2.0000
-0.0415	-0.4503	-3.0000
0.0071	-0.6506	-3.0000
-0.0596	-0.6815	-3.0000
0.1285	-0.6359	-1.0000
0.0932	-0.5078	0.0000
0.1204	-0.6362	0.0000
0.0899	-0.5877	-3.0000
-0.0718	-0.5383	0.0000
0.1044	-0.7371	0.0000
0.1299	-0.3610	0.0000
-0.0391	-0.6018	-3.0000
-0.0473	-0.7183	0.0000
0.0140	-0.5373	0.0000
-0.0859	-0.5015	-2.0000
0.0221	-0.4731	-3.0000
0.0194	-0.4676	-2.0000
0.0316	-0.6861	0.0000
0.0528	-0.5229	-3.0000
-0.0618	-0.4124	-1.0000
-0.1025	-0.4910	-1.0000
0.0422	-0.4980	-3.0000
0.0140	-0.6745	-3.0000
0.0318	-0.4756	-1.0000
-0.0464	-0.6081	-3.0000
-0.1261	-0.3974	0.0000
-0.0220	-0.6848	-3.0000
-0.0917	-0.3880	0.0000
-0.1289	-0.5297	0.0000
-0.0177	-0.4174	0.0000
0.0446	-0.6763	-2.0000
-0.0494	-0.4480	-1.0000
0.1526	-0.4990	0.0000
0.0277	-0.4324	-2.0000
-0.0308	-0.6355	-1.0000
0.0956	-0.4366	-1.0000
0.1164	-0.5510	-2.0000
-0.0258	-0.6924	-2.0000
0.0290	-0.4338	-2.0000
0.0954	-0.4420	-1.0000
-0.0288	-0.4991	-3.0000
0.1457	-0.6274	-1.0000
-0.0285	-0.5308	-3.0000
-0.0862	-0.6340	-2.0000
0.1253	-0.7176	-1.0000
-0.0564	-0.7311	-1.0000
-0.0704	-0.7129	-1.0000
-0.0200	-0.6037	-3.0000
-0.0305	-0.6845	-2.0000
-0.0116	-0.4445	-2.0000
0.0146	-0.6398	-2.0000
0.1469	-0.5678	-2.0000
0.0851	-0.4972	-2.0000
-0.1503	-0.5768	0.0000
0.0945	-0.4166	-2.0000
-0.0027	-0.3796	0.0000
-0.0077	-0.5400	-3.0000
-0.0380	-0.7289	0.0000
-0.0328	-0.3520	-1.0000
0.0379	-0.5177	-3.0000
-0.0044	-0.4894	-2.0000
-0.1221	-0.6769	-1.0000
-0.1166	-0.5467	-2.0000
-0.0610	-0.4425	-2.0000
0.0850	-0.7477	0.0000
-0.0436	-0.7103	-2.0000
0.0173	-0.7214	-1.0000
-0.0061	-0.4816	-2.0000
0.0014	-0.2925	-1.0000
-0.0160	-0.5799	-2.0000
-0.0441	-0.5838	-1.0000
0.0184	-0.6858	-1.0000
0.0030	-0.6652	-3.0000
0.0084	-0.7263	-1.0000
0.0333	-0.5228	-1.0000
-0.0788	-0.4573	-2.0000
0.1600	-0.5284	0.0000
-0.0280	-0.6433	-1.0000
0.0043	-0.7351	-1.0000
-0.0157	-0.6819	-3.0000
0.0990	-0.5599	0.0000
0.0074	-0.6291	-1.0000
-0.0252	-0.5204	-3.0000
0.0700	-0.7495	0.0000
0.0643	-0.6296	-2.0000
-0.0106	-0.6139	-3.0000
0.0602	-0.7279	-2.0000
0.0513	-0.7172	-1.0000
0.0778	-0.6417	-3.0000
-0.0627	-0.6833	-2.0000
-0.0013	-0.4877	-1.0000
-0.0493	-0.6288	-2.0000
-0.0902	-0.6943	-2.0000
0.1002	-0.6769	-2.0000
-0.0167	-0.6893	-2.0000
-0.1308	-0.7034	-1.0000
-0.1099	-0.6690	-1.0000
-0.1543	-0.6101	0.0000
0.0301	-0.6899	-1.0000
-0.0887	-0.5858	-2.0000
-0.0447	-0.5686	0.0000
0.0103	-0.5822	-3.0000
0.1153	-0.7072	-2.0000
0.0521	-0.3705	0.0000
-0.0343	-0.6612	-2.0000
-0.1063	-0.6601	-2.0000
0.0522	-0.6097	-2.0000
-0.0416	-0.4063	-2.0000
-0.0612	-0.6090	-3.0000
0.0540	-0.7024	-2.0000
-0.0534	-0.5271	-2.0000
-0.0584	-0.5852	-1.0000
0.0966	-0.6013	0.0000
0.0907	-0.4345	-1.0000
-0.0435	-0.3686	0.0000
0.0511	-0.5926	-3.0000
0.0363	-0.5547	-3.0000
0.0395	-0.3273	-1.0000
0.0585	-0.5398	-3.0000
0.1150	-0.7132	-1.0000
0.1265	-0.5841	-1.0000
0.1096	-0.6606	0.0000
0.0609	-0.5204	-3.0000
0.0723	-0.6640	-3.0000
0.1234	-0.6070	-2.0000
-0.0316	-0.6997	-2.0000
0.0519	-0.5978	-2.0000
0.0217	-0.6550	-1.0000
-0.0283	-0.6948	-2.0000
0.1312	-0.6267	-2.0000
-0.0170	-0.4970	-1.0000
-0.0658	-0.7184	-2.0000
0.0706	-0.5225	-3.0000
0.1394	-0.6461	-1.0000
0.0172	-0.4780	-3.0000
-0.1504	-0.6218	-1.0000
0.0741	-0.6495	-3.0000
0.0482	-0.6512	0.0000
0.0410	-0.4427	-2.0000
0.1519	-0.5744	-1.0000
-0.0351	-0.7100	0.0000
0.0394	-0.5820	-3.0000
-0.0360	-0.3493	0.0000
-0.0466	-0.7141	-2.0000
-0.1562	-0.6563	0.0000
0.0026	-0.4670	-1.0000
0.0286	-0.6881	-3.0000
0.1096	-0.6630	-1.0000
0.0343	-0.5057	-3.0000
0.0488	-0.5708	-2.0000
-0.0307	-0.7134	-2.0000
-0.0852	-0.5607	0.0000
-0.0249	-0.6431	-1.0000
-0.0529	-0.7050	-3.0000
0.0884	-0.7396	-1.0000
-0.0289	-0.7288	-1.0000
