0.5000	0.8660	0.0000
0.4942	0.8563	0.0000
0.4885	0.8465	0.0000
0.4827	0.8367	0.0000
0.4770	0.8270	0.0000
0.4712	0.8172	0.0000
0.4655	0.8074	0.0000
0.4597	0.7977	0.0000
0.4540	0.7879	0.0000
0.4482	0.7782	-1.0000
0.4425	0.7684	-1.0000
0.4367	0.7586	-1.0000
0.4310	0.7489	0.0000
0.4252	0.7391	0.0000
0.4195	0.7293	0.0000
0.4137	0.7196	-1.0000
0.4080	0.7098	-1.0000
0.4022	0.7001	-1.0000
0.3965	0.6903	-1.0000
0.3907	0.6805	0.0000
0.3850	0.6708	0.0000
0.3792	0.6610	-1.0000
0.3735	0.6512	-1.0000
0.3677	0.6415	-1.0000
0.3620	0.6317	-1.0000
0.3562	0.6220	-1.0000
0.3505	0.6122	-2.0000
0.3447	0.6024	0.0000
0.3390	0.5927	0.0000
0.3332	0.5829	0.0000
0.3275	0.5731	-1.0000
0.3217	0.5634	-2.0000
0.3160	0.5536	0.0000
0.3102	0.5439	-1.0000
0.3045	0.5341	0.0000
0.2987	0.5243	0.0000
0.2930	0.5146	-1.0000
0.2872	0.5048	-1.0000
0.2815	0.4950	0.0000
0.2757	0.4853	-1.0000
0.2700	0.4755	-1.0000
0.2642	0.4657	-1.0000
0.2585	0.4560	-1.0000
0.2527	0.4462	-1.0000
0.2469	0.4365	0.0000
0.2412	0.4267	-1.0000
0.2354	0.4169	0.0000
0.2297	0.4072	-1.0000
0.2239	0.3974	-2.0000
0.2182	0.3876	0.0000
0.2124	0.3779	0.0000
0.2067	0.3681	0.0000
0.2009	0.3584	-1.0000
0.1952	0.3486	-1.0000
0.1894	0.3388	-1.0000
0.1837	0.3291	-1.0000
0.1779	0.3193	-1.0000
0.1722	0.3095	0.0000
0.1664	0.2998	-1.0000
0.1607	0.2900	-1.0000
0.1549	0.2803	0.0000
0.1492	0.2705	-1.0000
0.1434	0.2607	-1.0000
0.1377	0.2510	-1.0000
0.1319	0.2412	-1.0000
0.1262	0.2314	-1.0000
0.1204	0.2217	0.0000
0.1147	0.2119	0.0000
0.1089	0.2021	0.0000
0.1032	0.1924	-1.0000
0.0974	0.1826	-1.0000
0.0917	0.1729	-1.0000
0.0859	0.1631	0.0000
0.0802	0.1533	0.0000
0.0744	0.1436	0.0000
0.0687	0.1338	-1.0000
0.0629	0.1240	-1.0000
0.0572	0.1143	0.0000
0.0514	0.1045	0.0000
0.0457	0.0948	-1.0000
0.0399	0.0850	0.0000
0.0342	0.0752	0.0000
0.0284	0.0655	0.0000
0.0227	0.0557	0.0000
0.0169	0.0460	0.0000
0.0112	0.0362	0.0000
0.0054	0.0264	-1.0000
-0.0004	0.0167	0.0000
-0.0061	0.0069	0.0000
-0.0119	-0.0029	0.0000
-0.0176	-0.0126	-1.0000
-0.0234	-0.0224	0.0000
-0.0291	-0.0322	0.0000
-0.0349	-0.0419	0.0000
-0.0406	-0.0517	0.0000
-0.0464	-0.0614	0.0000
-0.0521	-0.0712	0.0000
-0.0579	-0.0810	0.0000
-0.0636	-0.0907	0.0000
-0.0694	-0.1005	0.0000
-0.0751	-0.1103	0.0000
-0.1587	-0.4284	-3.0000
-0.4589	-0.4727	-3.0000
-0.0815	-0.1790	0.0000
-0.1134	-0.6829	-2.0000
-0.1233	-0.7055	0.0000
-0.2025	-0.4639	-3.0000
-0.3346	-0.5489	-3.0000
-0.1472	-0.4412	0.0000
-0.1066	-0.5314	-2.0000
-0.5037	-0.5704	-1.0000
-0.1114	-0.7700	-1.0000
-0.3823	-0.5110	-3.0000
-0.1678	-0.6518	-3.0000
-0.3867	-0.6312	-2.0000
-0.1208	-0.1711	0.0000
-0.5545	-0.4828	-2.0000
-0.2361	-0.3269	-3.0000
-0.2499	-0.6530	-3.0000
-0.0374	-0.6942	0.0000
-0.3092	-0.5935	-3.0000
-0.3203	-0.4555	-2.0000
-0.5858	-0.3625	-1.0000
-0.7075	-0.4255	0.0000
-0.2362	-0.3847	-2.0000
-0.1409	-0.4318	-1.0000
-0.4228	-0.5995	-2.0000
-0.1722	-0.4890	0.0000
-0.1990	-0.3851	-3.0000
-0.1932	-0.4502	-3.0000
-0.5039	-0.5323	-1.0000
-0.0822	-0.2226	0.0000
-0.0549	-0.6714	-1.0000
-0.1062	-0.7191	-2.0000
-0.0488	-0.7889	0.0000
-0.3557	-0.3722	0.0000
-0.0539	-0.7650	0.0000
-0.3488	-0.5864	-3.0000
-0.5909	-0.4015	-1.0000
-0.1307	-0.4645	-3.0000
-0.0236	-0.8660	0.0000
-0.5209	-0.3161	0.0000
-0.1221	-0.3702	-1.0000
-0.2342	-0.2533	0.0000
-0.3075	-0.3623	-3.0000
-0.4174	-0.3206	0.0000
-0.3500	-0.6000	-3.0000
-0.2936	-0.6441	-2.0000
-0.2595	-0.2765	-2.0000
-0.2553	-0.4633	-3.0000
-0.2040	-0.6819	-1.0000
-0.4727	-0.5010	-2.0000
-0.1966	-0.3152	-2.0000
-0.1467	-0.2540	0.0000
-0.0698	-0.5930	-2.0000
-0.2382	-0.3668	-2.0000
-0.0841	-0.2585	0.0000
-0.5960	-0.5124	0.0000
-0.1780	-0.2877	-2.0000
-0.2629	-0.6657	-2.0000
-0.4743	-0.4821	-2.0000
-0.2417	-0.7292	-1.0000
-0.6569	-0.4048	0.0000
-0.1557	-0.6855	-2.0000
-0.6258	-0.4222	-1.0000
-0.6653	-0.4231	0.0000
-0.4074	-0.5181	-2.0000
-0.0687	-0.8202	0.0000
-0.1352	-0.7985	0.0000
-0.0862	-0.4757	0.0000
-0.5052	-0.5147	-1.0000
-0.0786	-0.4433	-1.0000
-0.0736	-0.8188	0.0000
-0.0821	-0.8073	0.0000
-0.3587	-0.5409	-3.0000
-0.4600	-0.5376	-2.0000
-0.4265	-0.5359	-2.0000
-0.3511	-0.4469	-3.0000
-0.4250	-0.4600	-3.0000
-0.6315	-0.4167	-1.0000
-0.1777	-0.2244	-2.0000
-0.3398	-0.5565	-3.0000
-0.3444	-0.6098	-3.0000
-0.3062	-0.6884	-1.0000
-0.6617	-0.3958	0.0000
-0.0672	-0.5048	-2.0000
-0.4369	-0.6302	0.0000
-0.1012	-0.2186	-1.0000
-0.2704	-0.6723	-2.0000
-0.4395	-0.2866	0.0000
-0.3701	-0.4979	-3.0000
-0.0270	-0.7574	0.0000
-0.4817	-0.3122	-1.0000
-0.4171	-0.5464	-3.0000
-0.4771	-0.5871	-1.0000
-0.3418	-0.3101	-3.0000
-0.2293	-0.4768	-3.0000
-0.3757	-0.3711	-3.0000
-0.5589	-0.4087	0.0000
-0.3607	-0.3912	-3.0000
-0.2373	-0.5225	-3.0000
-0.1784	-0.6418	-2.0000
-0.1635	-0.6060	-3.0000
-0.3359	-0.4788	-3.0000
-0.6858	-0.3931	0.0000
-0.1279	-0.7077	-2.0000
-0.3167	-0.3286	0.0000
-0.6985	-0.4680	0.0000
-0.4713	-0.4638	-3.0000
-0.1750	-0.7214	-1.0000
-0.3030	-0.5119	-3.0000
-0.6651	-0.4199	0.0000
-0.0234	-0.8239	0.0000
-0.1767	-0.6414	-2.0000
-0.1126	-0.4655	-3.0000
-0.4034	-0.4015	-3.0000
-0.2782	-0.2274	-1.0000
-0.2883	-0.6157	-1.0000
-0.3495	-0.2408	0.0000
-0.2119	-0.7036	-2.0000
-0.2846	-0.6841	-2.0000
-0.5373	-0.5012	-2.0000
-0.3292	-0.4548	-3.0000
-0.1531	-0.5489	-2.0000
-0.1798	-0.3986	-3.0000
-0.3085	-0.2295	0.0000
-0.1681	-0.6726	-3.0000
-0.6013	-0.4341	-2.0000
-0.2795	-0.5514	-3.0000
-0.6561	-0.4202	-1.0000
-0.4312	-0.3289	-2.0000
-0.2210	-0.5382	-3.0000
-0.3052	-0.5880	-3.0000
-0.4517	-0.3083	0.0000
-0.1327	-0.6381	-1.0000
-0.5021	-0.4442	-2.0000
-0.4353	-0.6021	-2.0000
-0.2882	-0.4328	-3.0000
-0.1237	-0.7817	-1.0000
-0.3652	-0.2833	0.0000
-0.4336	-0.3557	-3.0000
-0.1165	-0.7457	-1.0000
-0.0875	-0.2216	0.0000
-0.2715	-0.7095	-1.0000
-0.2353	-0.5636	-3.0000
-0.0849	-0.6505	-2.0000
-0.3308	-0.6740	0.0000
-0.1002	-0.2820	-1.0000
-0.0677	-0.6135	-2.0000
-0.4658	-0.5430	-3.0000
-0.7411	-0.4314	0.0000
-0.1023	-0.5917	-2.0000
-0.2328	-0.6084	-3.0000
-0.2819	-0.3043	-3.0000
-0.1079	-0.1604	0.0000
-0.1120	-0.2941	-2.0000
-0.1226	-0.3415	-2.0000
-0.1590	-0.2968	-2.0000
-0.0277	-0.7772	0.0000
-0.3109	-0.6252	-2.0000
-0.3351	-0.6025	-3.0000
-0.0899	-0.1790	0.0000
-0.3739	-0.3511	-3.0000
-0.0375	-0.6946	0.0000
-0.5068	-0.3609	-1.0000
-0.3688	-0.4268	-3.0000
-0.7062	-0.4346	0.0000
-0.0777	-0.5339	-1.0000
-0.1653	-0.6339	-2.0000
-0.2302	-0.5988	-3.0000
-0.2783	-0.3398	-2.0000
-0.1614	-0.7307	-1.0000
-0.1542	-0.1922	-1.0000
-0.1197	-0.7771	-1.0000
-0.0748	-0.4939	0.0000
-0.4493	-0.6181	0.0000
-0.0694	-0.4925	-2.0000
-0.2648	-0.4025	-3.0000
-0.0790	-0.6034	-2.0000
-0.4970	-0.4795	-2.0000
-0.0583	-0.6186	-1.0000
-0.3596	-0.3252	-1.0000
-0.0721	-0.2193	0.0000
-0.1580	-0.1883	0.0000
-0.0420	-0.6304	0.0000
-0.4102	-0.3398	-1.0000
-0.5236	-0.4079	-1.0000
-0.1162	-0.2584	-2.0000
-0.1497	-0.4225	-3.0000
-0.3885	-0.6297	-2.0000
-0.1002	-0.2056	-1.0000
-0.0941	-0.2352	-1.0000
-0.0791	-0.6992	-2.0000
-0.1491	-0.1550	0.0000
-0.6229	-0.3640	0.0000
-0.4629	-0.3803	-2.0000
-0.2538	-0.2985	-2.0000
-0.4382	-0.3087	-2.0000
-0.1553	-0.4231	-1.0000
-0.0385	-0.7629	-1.0000
-0.3649	-0.2893	-1.0000
-0.3629	-0.3343	-3.0000
-0.4684	-0.5013	-2.0000
-0.3288	-0.5781	-3.0000
-0.1146	-0.6025	-1.0000
-0.4951	-0.4054	-2.0000
-0.1676	-0.3489	-2.0000
-0.1170	-0.6891	0.0000
-0.0954	-0.8235	0.0000
-0.5414	-0.4964	-1.0000
-0.0757	-0.5785	-1.0000
-0.6231	-0.4739	0.0000
-0.6757	-0.4827	0.0000
-0.2465	-0.2377	-2.0000
-0.4012	-0.2893	-2.0000
-0.3149	-0.3930	-3.0000
-0.4889	-0.3674	-2.0000
-0.1057	-0.2088	-1.0000
-0.4119	-0.4078	-3.0000
-0.0798	-0.3170	-1.0000
-0.0975	-0.2719	0.0000
-0.3529	-0.6613	-1.0000
-0.0857	-0.6887	-2.0000
-0.2449	-0.7093	-1.0000
-0.6883	-0.4851	0.0000
-0.2210	-0.3571	-3.0000
-0.5700	-0.3406	0.0000
-0.1747	-0.5996	-3.0000
-0.2591	-0.3951	-3.0000
-0.2853	-0.2915	-2.0000
-0.3651	-0.6727	0.0000
-0.0562	-0.6772	-1.0000
-0.4271	-0.6220	-1.0000
-0.0777	-0.5443	-2.0000
-0.3082	-0.3175	-1.0000
-0.1523	-0.6184	-3.0000
-0.1440	-0.2821	-1.0000
-0.1698	-0.4575	-3.0000
-0.0807	-0.3551	-2.0000
-0.4415	-0.4590	-3.0000
-0.6964	-0.4815	0.0000
-0.3017	-0.2797	-2.0000
-0.4599	-0.6051	-1.0000
-0.1028	-0.2007	-1.0000
-0.1352	-0.4462	-3.0000
-0.2100	-0.5207	-1.0000
-0.6523	-0.4114	0.0000
-0.0502	-0.6119	-1.0000
-0.1306	-0.2128	-1.0000
-0.1478	-0.4307	-3.0000
-0.1386	-0.3518	-2.0000
-0.4225	-0.6078	-2.0000
-0.2502	-0.3842	-3.0000
-0.1900	-0.4659	-1.0000
-0.3609	-0.4843	-3.0000
-0.2704	-0.5582	-3.0000
-0.1972	-0.6502	-3.0000
-0.4866	-0.5931	-1.0000
-0.4521	-0.3322	-2.0000
-0.4158	-0.6265	-1.0000
-0.3474	-0.4098	-3.0000
-0.5325	-0.4170	-2.0000
-0.0803	-0.7053	-2.0000
-0.2446	-0.3362	-3.0000
-0.3185	-0.6311	-1.0000
-0.2812	-0.7115	0.0000
-0.0621	-0.3281	0.0000
-0.2355	-0.7297	-1.0000
-0.1888	-0.2321	-2.0000
-0.1078	-0.4546	-3.0000
-0.4869	-0.4832	-2.0000
-0.2215	-0.3851	-2.0000
-0.6229	-0.4407	-1.0000
-0.2377	-0.5874	-3.0000
-0.0450	-0.5653	0.0000
-0.2623	-0.5917	-3.0000
-0.1516	-0.4820	-2.0000
-0.4181	-0.5468	-3.0000
-0.1850	-0.6899	-2.0000
-0.0729	-0.2939	0.0000
-0.1278	-0.3266	-1.0000
-0.6435	-0.4345	-1.0000
-0.3148	-0.3481	-2.0000
-0.0559	-0.4092	0.0000
-0.0296	-0.8190	0.0000
-0.1295	-0.4811	-3.0000
-0.2247	-0.5538	-3.0000
-0.0573	-0.4213	0.0000
-0.0730	-0.5300	-1.0000
-0.4421	-0.3844	-3.0000
-0.2912	-0.6954	-1.0000
-0.1612	-0.7362	-2.0000
-0.0519	-0.6134	-1.0000
-0.4571	-0.5453	-2.0000
-0.2934	-0.5231	-3.0000
-0.3694	-0.2467	0.0000
-0.0930	-0.2648	-1.0000
-0.3641	-0.5653	-3.0000
-0.3015	-0.4732	-3.0000
-0.1563	-0.6825	-2.0000
-0.0836	-0.2115	0.0000
-0.3703	-0.6390	-1.0000
-0.4004	-0.5018	-2.0000
-0.1674	-0.6426	-3.0000
-0.5052	-0.5382	-2.0000
-0.3948	-0.4790	-3.0000
-0.2959	-0.2631	-2.0000
-0.1166	-0.3421	-2.0000
-0.0693	-0.6537	-1.0000
-0.2064	-0.6434	-3.0000
-0.3312	-0.6881	0.0000
-0.4688	-0.3793	-2.0000
-0.1129	-0.4061	0.0000
-0.2064	-0.7429	-1.0000
-0.2576	-0.5356	-3.0000
-0.2478	-0.4426	-3.0000
-0.0844	-0.6763	0.0000
-0.1106	-0.1367	0.0000
-0.2392	-0.6473	-2.0000
-0.0992	-0.4831	-2.0000
-0.0954	-0.7940	-1.0000
-0.1334	-0.7038	-2.0000
-0.1450	-0.7696	-1.0000
-0.1269	-0.6581	-2.0000
-0.4075	-0.6107	-2.0000
-0.0345	-0.6797	0.0000
-0.3370	-0.3310	-3.0000
-0.2666	-0.6880	-2.0000
-0.5197	-0.4085	-2.0000
-0.6987	-0.4781	0.0000
-0.1325	-0.2681	-2.0000
-0.1054	-0.1518	0.0000
-0.3280	-0.4937	-3.0000
-0.2459	-0.5044	-3.0000
-0.1282	-0.2368	-2.0000
-0.3656	-0.5711	-3.0000
-0.4480	-0.5988	-1.0000
-0.1483	-0.2276	-2.0000
-0.4614	-0.3508	-1.0000
-0.7233	-0.4078	0.0000
-0.5599	-0.5447	0.0000
-0.3525	-0.5060	-3.0000
-0.6716	-0.3883	0.0000
-0.4925	-0.3374	-2.0000
-0.6021	-0.3936	-1.0000
-0.5143	-0.4966	-2.0000
-0.4210	-0.5968	-2.0000
-0.2225	-0.4652	-3.0000
-0.0802	-0.7410	0.0000
-0.6570	-0.3847	0.0000
-0.2156	-0.6987	-1.0000
-0.3495	-0.5888	-3.0000
-0.5354	-0.5507	-1.0000
-0.0505	-0.7047	0.0000
-0.2759	-0.5602	-3.0000
-0.0947	-0.5641	-3.0000
-0.1272	-0.3597	-2.0000
-0.1178	-0.5882	-3.0000
-0.2693	-0.3840	-3.0000
-0.4281	-0.4993	-3.0000
-0.0945	-0.7675	0.0000
-0.4585	-0.6106	0.0000
-0.0932	-0.1268	0.0000
-0.4308	-0.5378	-3.0000
-0.3637	-0.3412	-1.0000
-0.2464	-0.3377	-3.0000
-0.6750	-0.4892	0.0000
-0.2511	-0.5290	-3.0000
-0.1141	-0.7316	-2.0000
-0.2529	-0.6590	0.0000
-0.1268	-0.2033	-1.0000
-0.4146	-0.6163	-2.0000
-0.1795	-0.7485	-1.0000
-0.3587	-0.3277	0.0000
-0.1104	-0.3809	-2.0000
-0.3716	-0.3001	-2.0000
-0.1639	-0.7774	0.0000
-0.2212	-0.2919	-2.0000
-0.1391	-0.7164	-2.0000
-0.2368	-0.5230	-3.0000
-0.5167	-0.3828	0.0000
-0.5292	-0.4947	-1.0000
-0.0642	-0.4171	0.0000
-0.2040	-0.7056	-2.0000
-0.5985	-0.4083	-1.0000
-0.5535	-0.4404	-2.0000
-0.0783	-0.4571	-1.0000
-0.5732	-0.5226	-1.0000
-0.4071	-0.6210	-2.0000
-0.0726	-0.7660	-1.0000
-0.0916	-0.1760	0.0000
-0.2127	-0.7079	-2.0000
-0.3887	-0.3147	-3.0000
-0.0315	-0.6818	0.0000
-0.0493	-0.7360	-1.0000
-0.0587	-0.4234	-1.0000
-0.2534	-0.5663	-3.0000
-0.3217	-0.4933	-3.0000
-0.5757	-0.3605	-1.0000
-0.3694	-0.3555	-3.0000
-0.4783	-0.4857	-2.0000
-0.1900	-0.7073	-1.0000
-0.5125	-0.3813	-2.0000
-0.1672	-0.3464	-3.0000
-0.5815	-0.3452	0.0000
-0.1732	-0.6657	-3.0000
-0.2369	-0.4605	-3.0000
-0.3570	-0.5484	-3.0000
-0.2918	-0.3317	-2.0000
-0.3606	-0.6208	-1.0000
-0.1241	-0.5621	-3.0000
-0.5795	-0.4365	-2.0000
-0.0955	-0.7592	-1.0000
-0.1243	-0.2284	-1.0000
-0.6550	-0.4795	0.0000
-0.4612	-0.3615	-2.0000
-0.0648	-0.4245	-1.0000
-0.1427	-0.2388	0.0000
-0.2197	-0.5636	-3.0000
-0.3936	-0.4763	-3.0000
-0.0960	-0.2749	-1.0000
-0.3388	-0.3274	-2.0000
-0.1510	-0.5353	-3.0000
-0.1861	-0.4683	-2.0000
-0.2502	-0.1959	0.0000
-0.2382	-0.3363	-2.0000
-0.3200	-0.2351	0.0000
-0.5520	-0.5633	0.0000
-0.1791	-0.5293	-3.0000
-0.5965	-0.4755	-1.0000
-0.2629	-0.4153	-2.0000
-0.0363	-0.7488	0.0000
-0.2509	-0.4920	-3.0000
-0.3054	-0.3672	0.0000
-0.1901	-0.3857	-3.0000
-0.0595	-0.8400	0.0000
-0.2519	-0.5802	-3.0000
-0.2476	-0.6383	-2.0000
-0.3902	-0.6002	0.0000
-0.4815	-0.5276	-2.0000
-0.5587	-0.4285	-1.0000
-0.1772	-0.1944	0.0000
-0.3217	-0.5022	-3.0000
-0.0727	-0.6273	-2.0000
-0.1283	-0.3223	-2.0000
-0.0932	-0.6535	-2.0000
-0.0745	-0.5956	-2.0000
-0.3195	-0.3964	-3.0000
-0.1438	-0.5315	-3.0000
-0.0894	-0.7096	-1.0000
-0.5039	-0.4897	-2.0000
-0.1469	-0.5028	0.0000
-0.5921	-0.3964	-1.0000
-0.4002	-0.5208	-3.0000
-0.1530	-0.3976	-3.0000
-0.3146	-0.4452	-3.0000
-0.1480	-0.7047	-1.0000
-0.3356	-0.4258	-3.0000
-0.1753	-0.6747	-3.0000
-0.0571	-0.8271	0.0000
-0.3404	-0.2953	-1.0000
-0.3119	-0.5984	-3.0000
-0.1028	-0.6706	-2.0000
-0.3007	-0.4850	-1.0000
-0.5075	-0.4327	-2.0000
-0.3472	-0.2968	-2.0000
-0.4190	-0.5944	-1.0000
-0.0772	-0.6531	-2.0000
-0.1929	-0.4697	-3.0000
-0.0825	-0.2050	0.0000
-0.0569	-0.8259	0.0000
-0.0628	-0.3619	-1.0000
-0.2257	-0.7088	-2.0000
-0.5484	-0.4205	-2.0000
-0.0265	-0.8549	0.0000
-0.3323	-0.5289	-2.0000
-0.3157	-0.3706	-3.0000
-0.0643	-0.4302	-1.0000
-0.2007	-0.5101	-3.0000
-0.4985	-0.3136	-1.0000
-0.3840	-0.3635	0.0000
-0.1160	-0.3736	-3.0000
-0.5287	-0.3868	-2.0000
-0.2536	-0.2056	0.0000
-0.0764	-0.5315	-2.0000
-0.6140	-0.5042	-1.0000
-0.3059	-0.2165	0.0000
-0.2290	-0.6766	-2.0000
-0.4018	-0.3575	-1.0000
-0.1412	-0.7239	-2.0000
-0.4930	-0.5954	0.0000
-0.4551	-0.6047	0.0000
-0.4946	-0.5053	-2.0000
-0.2589	-0.6120	-3.0000
-0.1689	-0.6714	-3.0000
-0.1833	-0.1786	0.0000
-0.0747	-0.2689	0.0000
-0.2417	-0.3266	-3.0000
-0.2402	-0.2663	-1.0000
-0.4730	-0.3419	-2.0000
-0.3034	-0.3347	-1.0000
-0.3316	-0.6511	-1.0000
-0.0577	-0.4685	-1.0000
-0.0749	-0.4555	-2.0000
-0.2606	-0.7220	0.0000
-0.2095	-0.3104	-3.0000
-0.3768	-0.2520	0.0000
-0.1790	-0.7677	0.0000
-0.3990	-0.4467	-3.0000
-0.2147	-0.4148	-3.0000
-0.1474	-0.1796	-1.0000
-0.3864	-0.4299	-3.0000
-0.3220	-0.6072	-3.0000
-0.1791	-0.5612	-3.0000
-0.6376	-0.4922	0.0000
-0.7153	-0.4446	0.0000
-0.2158	-0.5140	-3.0000
-0.3076	-0.6253	-3.0000
-0.4396	-0.2800	0.0000
-0.0929	-0.3522	0.0000
-0.4036	-0.6123	-2.0000
-0.0473	-0.6198	-1.0000
-0.1447	-0.4353	-3.0000
-0.6803	-0.4370	0.0000
-0.0587	-0.5784	-2.0000
-0.1354	-0.4741	-3.0000
-0.1211	-0.3317	-2.0000
-0.1297	-0.2089	-1.0000
-0.5887	-0.3764	-1.0000
-0.1125	-0.4315	-1.0000
-0.1631	-0.2521	-2.0000
-0.2534	-0.3723	-3.0000
-0.2953	-0.3581	-3.0000
-0.2983	-0.3965	-3.0000
-0.1023	-0.4543	-2.0000
-0.0896	-0.2782	0.0000
-0.5126	-0.3860	-2.0000
-0.2845	-0.5662	-3.0000
-0.3533	-0.3824	-3.0000
-0.1041	-0.1984	0.0000
-0.4370	-0.5625	-2.0000
-0.3015	-0.2944	-2.0000
-0.1981	-0.3913	-3.0000
-0.6018	-0.4758	-1.0000
-0.3004	-0.4240	-3.0000
-0.4428	-0.3260	-2.0000
-0.2483	-0.6407	-3.0000
-0.3342	-0.2434	0.0000
-0.2189	-0.5898	-3.0000
-0.2266	-0.3694	0.0000
-0.2805	-0.3012	-2.0000
-0.1463	-0.6107	-2.0000
-0.5326	-0.5313	-1.0000
-0.3908	-0.5019	-3.0000
-0.3131	-0.2318	-1.0000
-0.2067	-0.4561	-3.0000
-0.2971	-0.2251	0.0000
-0.3543	-0.6042	-2.0000
-0.3718	-0.5908	-2.0000
-0.0525	-0.4265	0.0000
-0.4220	-0.4665	-3.0000
-0.3450	-0.2752	-1.0000
-0.3356	-0.6289	-2.0000
-0.0618	-0.4208	-1.0000
-0.2027	-0.4065	-1.0000
-0.3391	-0.3930	-2.0000
-0.4340	-0.5445	-1.0000
-0.1173	-0.2314	-1.0000
-0.0615	-0.7423	-1.0000
-0.0799	-0.8024	0.0000
-0.0841	-0.5426	-1.0000
-0.5031	-0.3785	-1.0000
-0.5577	-0.5135	0.0000
-0.1429	-0.6642	-3.0000
-0.1169	-0.7236	-2.0000
-0.0688	-0.4228	-1.0000
-0.1147	-0.6412	-2.0000
-0.1293	-0.2915	-1.0000
-0.1248	-0.2845	0.0000
-0.1178	-0.1754	-1.0000
-0.0761	-0.6471	-2.0000
-0.0831	-0.8176	0.0000
-0.0377	-0.8037	0.0000
-0.2776	-0.4661	-3.0000
-0.3346	-0.4392	-3.0000
-0.1689	-0.2025	-1.0000
-0.2886	-0.3869	-2.0000
-0.6487	-0.4741	-1.0000
-0.2361	-0.6949	0.0000
-0.2395	-0.5349	-3.0000
-0.3865	-0.4254	-3.0000
-0.3304	-0.3931	-3.0000
-0.1389	-0.6883	-2.0000
-0.2620	-0.7284	0.0000
-0.5743	-0.3823	-1.0000
-0.0959	-0.3402	-2.0000
-0.4457	-0.5651	-2.0000
-0.3045	-0.3720	-3.0000
-0.5401	-0.3759	-2.0000
-0.2025	-0.2577	-2.0000
-0.5575	-0.3389	-1.0000
-0.3869	-0.3163	-3.0000
-0.3818	-0.5444	-3.0000
-0.0450	-0.7981	0.0000
-0.5201	-0.5212	0.0000
-0.2923	-0.3169	0.0000
-0.1033	-0.7097	-1.0000
-0.3446	-0.3436	-3.0000
-0.2072	-0.3326	-1.0000
-0.1231	-0.7994	0.0000
-0.2305	-0.3814	-3.0000
-0.0574	-0.5797	-1.0000
-0.1694	-0.4649	-1.0000
-0.1647	-0.4133	-3.0000
-0.3230	-0.4224	-3.0000
-0.1372	-0.3151	-1.0000
-0.1365	-0.2124	0.0000
-0.2162	-0.3529	-1.0000
-0.3317	-0.4388	-3.0000
-0.4035	-0.2768	-1.0000
-0.2209	-0.4954	-3.0000
-0.2260	-0.2503	-2.0000
-0.2207	-0.3756	-3.0000
-0.3471	-0.2708	-2.0000
-0.5545	-0.4636	-1.0000
-0.0629	-0.7516	-1.0000
-0.4402	-0.3497	-3.0000
-0.4138	-0.6037	0.0000
-0.4828	-0.5817	-1.0000
-0.5839	-0.4629	-2.0000
-0.2219	-0.4435	-3.0000
-0.3289	-0.5991	-3.0000
-0.3063	-0.3828	-3.0000
-0.0715	-0.3326	0.0000
-0.0992	-0.5280	-2.0000
-0.4539	-0.3207	-2.0000
-0.2550	-0.2494	-2.0000
-0.5904	-0.4917	-1.0000
-0.2657	-0.6027	-2.0000
-0.3931	-0.3998	-3.0000
-0.2989	-0.2985	-3.0000
-0.4974	-0.5216	-1.0000
-0.2509	-0.6373	-3.0000
-0.1905	-0.7341	-1.0000
-0.1353	-0.1974	-1.0000
-0.1492	-0.5391	-3.0000
-0.3938	-0.3302	-2.0000
-0.0662	-0.4506	0.0000
-0.0742	-0.6058	-1.0000
-0.1827	-0.5702	-3.0000
-0.1993	-0.4365	-3.0000
-0.5060	-0.4342	-1.0000
-0.1659	-0.1645	0.0000
-0.4551	-0.3662	-3.0000
-0.1879	-0.6570	-3.0000
-0.3746	-0.6418	-2.0000
-0.4666	-0.4670	-2.0000
-0.6864	-0.3976	0.0000
-0.4915	-0.4892	-2.0000
-0.0360	-0.7045	0.0000
-0.7031	-0.4699	0.0000
-0.2315	-0.2708	-1.0000
-0.4758	-0.3806	-2.0000
-0.2541	-0.2335	-2.0000
-0.4649	-0.4964	-3.0000
-0.2167	-0.5989	-2.0000
-0.0640	-0.6341	-2.0000
-0.2285	-0.6143	-3.0000
-0.2642	-0.4991	-3.0000
-0.4143	-0.5628	-2.0000
-0.3827	-0.6277	-2.0000
-0.1462	-0.3380	0.0000
-0.6695	-0.4718	0.0000
-0.5112	-0.4707	-1.0000
-0.4583	-0.4871	-3.0000
-0.1674	-0.2663	-2.0000
-0.1433	-0.7179	-2.0000
-0.6307	-0.4407	-1.0000
-0.1271	-0.7891	0.0000
-0.4709	-0.3787	-2.0000
-0.4609	-0.5667	-1.0000
-0.3054	-0.6792	-1.0000
-0.2530	-0.5105	-3.0000
-0.0870	-0.5749	-2.0000
-0.4324	-0.6342	0.0000
-0.2691	-0.7050	-1.0000
-0.2899	-0.3556	-3.0000
-0.3364	-0.3108	-3.0000
-0.4772	-0.5404	-2.0000
-0.2452	-0.3363	-2.0000
-0.0325	-0.7092	0.0000
-0.1667	-0.3874	-2.0000
-0.0777	-0.6788	-2.0000
-0.4163	-0.2955	-1.0000
-0.3395	-0.3091	-1.0000
-0.4660	-0.3232	-1.0000
-0.2986	-0.4936	-3.0000
-0.0825	-0.4061	-2.0000
-0.3501	-0.3892	-3.0000
-0.3589	-0.3785	-2.0000
-0.3638	-0.4472	-3.0000
-0.0447	-0.5682	0.0000
-0.2105	-0.3922	-3.0000
-0.5636	-0.3595	-1.0000
-0.2158	-0.5873	-3.0000
-0.4007	-0.4318	-3.0000
-0.1819	-0.6798	-2.0000
-0.3030	-0.4123	-3.0000
-0.6720	-0.4672	0.0000
-0.1113	-0.5422	-2.0000
-0.2075	-0.2135	-1.0000
-0.1501	-0.1449	0.0000
-0.3721	-0.3685	-2.0000
-0.1610	-0.4945	-3.0000
-0.3961	-0.3118	-2.0000
-0.1866	-0.4193	-2.0000
-0.3353	-0.5347	-2.0000
-0.0953	-0.3377	-2.0000
-0.4963	-0.3194	-1.0000
-0.2692	-0.5250	-3.0000
-0.4792	-0.3481	-2.0000
-0.1099	-0.5226	-2.0000
-0.1639	-0.4549	-3.0000
-0.1013	-0.1486	0.0000
-0.1217	-0.7505	-2.0000
-0.4436	-0.3769	-1.0000
-0.1349	-0.6467	-3.0000
-0.2254	-0.6373	-2.0000
-0.2357	-0.4421	-3.0000
-0.4564	-0.5535	-1.0000
-0.2005	-0.5051	-3.0000
-0.4593	-0.3844	-3.0000
-0.1390	-0.1596	0.0000
-0.2483	-0.3091	-3.0000
-0.2003	-0.4092	-3.0000
-0.0647	-0.5948	0.0000
-0.1320	-0.3253	-1.0000
-0.3672	-0.3311	-1.0000
-0.1234	-0.5200	-3.0000
-0.1723	-0.7229	0.0000
-0.3581	-0.4299	-3.0000
-0.2245	-0.4189	-3.0000
-0.1011	-0.7434	-1.0000
-0.3307	-0.4592	-3.0000
-0.1231	-0.7932	-1.0000
-0.4257	-0.3355	-3.0000
-0.6361	-0.4930	0.0000
-0.1207	-0.4762	-1.0000
-0.0795	-0.2429	0.0000
-0.4541	-0.4985	-1.0000
-0.0483	-0.4828	0.0000
-0.4423	-0.4782	-3.0000
-0.3683	-0.5618	-3.0000
-0.4788	-0.4865	-3.0000
-0.2581	-0.3920	-1.0000
-0.5721	-0.5046	-2.0000
-0.1479	-0.6045	-3.0000
-0.0895	-0.3525	-2.0000
-0.5220	-0.5041	-2.0000
-0.3721	-0.4816	-3.0000
-0.0640	-0.2987	0.0000
-0.0992	-0.2999	-2.0000
-0.1706	-0.6473	-3.0000
-0.2864	-0.4252	-3.0000
-0.4494	-0.5549	-3.0000
-0.1050	-0.3473	0.0000
-0.3317	-0.6385	-2.0000
-0.1679	-0.2697	-1.0000
-0.1459	-0.5439	-2.0000
-0.4004	-0.4576	-3.0000
-0.2489	-0.7176	0.0000
-0.7087	-0.4119	0.0000
-0.3963	-0.3126	-2.0000
-0.2057	-0.4470	-3.0000
-0.3269	-0.6842	-1.0000
-0.0759	-0.1650	0.0000
-0.0859	-0.2454	-1.0000
-0.1690	-0.6799	-3.0000
-0.6361	-0.4950	0.0000
-0.5765	-0.4552	-2.0000
-0.3474	-0.5731	-2.0000
-0.3595	-0.3963	-2.0000
-0.6178	-0.5244	0.0000
-0.0617	-0.3315	0.0000
-0.4998	-0.5758	0.0000
-0.4139	-0.3035	0.0000
-0.4698	-0.4493	-3.0000
-0.2766	-0.4963	-3.0000
-0.0892	-0.6583	-2.0000
-0.4540	-0.2891	0.0000
-0.2373	-0.6343	-3.0000
-0.6154	-0.5245	0.0000
-0.3783	-0.2592	-1.0000
-0.0951	-0.7588	-2.0000
-0.2245	-0.3099	-1.0000
-0.5693	-0.5013	-1.0000
-0.5907	-0.4516	-1.0000
-0.0563	-0.7167	-1.0000
-0.1804	-0.3926	-1.0000
-0.1199	-0.7177	0.0000
-0.7123	-0.4104	0.0000
-0.1587	-0.3907	-3.0000
-0.3399	-0.3613	-2.0000
-0.7273	-0.4233	0.0000
-0.5578	-0.4531	-2.0000
-0.0746	-0.5563	-2.0000
-0.3958	-0.4477	-3.0000
-0.1861	-0.7009	-2.0000
-0.1795	-0.3890	0.0000
-0.4934	-0.5023	-2.0000
-0.0878	-0.6745	-2.0000
-0.2477	-0.3344	-2.0000
-0.1715	-0.4871	-3.0000
-0.1473	-0.5366	-3.0000
-0.4182	-0.4561	-3.0000
-0.0953	-0.3569	-1.0000
-0.6080	-0.4742	-1.0000
-0.2143	-0.6499	-3.0000
-0.3741	-0.6644	0.0000
-0.0365	-0.6860	0.0000
-0.2379	-0.3192	-1.0000
-0.1659	-0.2835	-2.0000
-0.1553	-0.5299	-3.0000
-0.0458	-0.5590	-1.0000
-0.2873	-0.2217	-1.0000
-0.7266	-0.4156	0.0000
-0.3940	-0.4517	-3.0000
-0.3517	-0.6121	-3.0000
-0.5518	-0.4362	-2.0000
-0.1437	-0.3817	-2.0000
-0.4502	-0.5801	-2.0000
-0.1996	-0.7440	0.0000
-0.3424	-0.5305	-3.0000
-0.3928	-0.6017	-2.0000
-0.1296	-0.6351	-2.0000
-0.5695	-0.3416	0.0000
-0.7175	-0.4258	0.0000
-0.4130	-0.3670	-3.0000
-0.2645	-0.3270	-3.0000
-0.1346	-0.7674	0.0000
-0.0445	-0.8012	-1.0000
-0.2023	-0.3254	-2.0000
-0.2917	-0.2367	-1.0000
-0.1284	-0.5359	-2.0000
-0.5462	-0.4971	-2.0000
-0.2387	-0.2283	-1.0000
-0.2476	-0.4956	-2.0000
-0.1214	-0.1838	-1.0000
-0.3567	-0.6189	-1.0000
-0.2327	-0.4686	-3.0000
-0.2318	-0.5988	-3.0000
-0.3143	-0.4826	-3.0000
-0.3738	-0.5869	-3.0000
-0.2791	-0.2828	-2.0000
-0.0391	-0.6647	-1.0000
-0.1345	-0.5650	-3.0000
-0.3734	-0.5932	-3.0000
-0.5020	-0.5366	-2.0000
-0.2467	-0.3236	-2.0000
-0.1129	-0.7555	-1.0000
-0.0976	-0.7931	0.0000
-0.2472	-0.4412	-3.0000
-0.2774	-0.7067	0.0000
-0.2974	-0.4112	-2.0000
-0.0531	-0.4469	0.0000
-0.6126	-0.3806	-1.0000
-0.6032	-0.5175	0.0000
-0.3609	-0.5984	-2.0000
-0.1724	-0.4428	-1.0000
-0.0685	-0.2054	0.0000
-0.3943	-0.6514	0.0000
-0.0573	-0.4184	0.0000
-0.1815	-0.4388	-3.0000
-0.4285	-0.4187	-3.0000
-0.5423	-0.4907	-2.0000
-0.2444	-0.5099	-3.0000
-0.1581	-0.5737	-3.0000
-0.1305	-0.5626	-1.0000
-0.3324	-0.5810	-3.0000
-0.1102	-0.1267	0.0000
-0.1917	-0.7269	-2.0000
-0.0702	-0.3184	0.0000
-0.3549	-0.2637	-2.0000
-0.1436	-0.6083	-2.0000
-0.1874	-0.5960	-2.0000
-0.0419	-0.7406	-1.0000
-0.5076	-0.5351	-2.0000
-0.2025	-0.5258	-3.0000
-0.2826	-0.6802	-2.0000
-0.3480	-0.5376	-3.0000
-0.2338	-0.7201	-1.0000
-0.1311	-0.4850	-1.0000
-0.2787	-0.4030	-3.0000
-0.1112	-0.7669	-2.0000
-0.5738	-0.5017	-1.0000
-0.0627	-0.3486	0.0000
-0.0605	-0.8305	0.0000
-0.4427	-0.3582	-2.0000
-0.1024	-0.7800	-1.0000
-0.4829	-0.2982	0.0000
-0.1411	-0.2613	-2.0000
-0.0608	-0.4030	0.0000
-0.1337	-0.2976	-2.0000
-0.0933	-0.7050	-1.0000
-0.3710	-0.4700	-2.0000
-0.5492	-0.3613	-1.0000
-0.1870	-0.4105	-3.0000
-0.3660	-0.5751	-1.0000
-0.1455	-0.4975	-2.0000
-0.1131	-0.7180	-1.0000
-0.3197	-0.5254	-3.0000
-0.0410	-0.7223	-1.0000
-0.6003	-0.4005	-2.0000
-0.3989	-0.6212	-2.0000
-0.2986	-0.6966	-1.0000
-0.2024	-0.6791	-2.0000
-0.2728	-0.3636	0.0000
-0.3847	-0.2677	-1.0000
-0.3195	-0.6769	-1.0000
-0.3067	-0.4878	-3.0000
-0.3001	-0.3651	-2.0000
-0.1554	-0.6905	-2.0000
-0.4695	-0.4770	-3.0000
-0.2346	-0.4865	-2.0000
-0.2860	-0.4495	-3.0000
-0.0649	-0.6294	-2.0000
-0.2465	-0.3542	-3.0000
-0.1053	-0.5433	-2.0000
-0.4815	-0.5771	-1.0000
-0.6022	-0.4154	-1.0000
-0.4288	-0.5298	-2.0000
-0.5523	-0.3678	-1.0000
-0.1612	-0.3011	0.0000
-0.1520	-0.4785	-3.0000
-0.1292	-0.5583	-1.0000
-0.5121	-0.5340	-1.0000
-0.2775	-0.3094	-2.0000
-0.1879	-0.2397	-2.0000
-0.2886	-0.2794	-1.0000
-0.0708	-0.5720	-1.0000
-0.4082	-0.4000	-3.0000
-0.5199	-0.3359	-1.0000
-0.4298	-0.5514	-3.0000
-0.0822	-0.5897	-2.0000
