1.6755e+03	6.1448e+00	2.3153e-01
1.6726e+03	6.6903e+00	1.8462e-01
1.6712e+03	6.8586e+00	1.6180e-01
1.6726e+03	6.6903e+00	1.8462e-01
1.6718e+03	6.7947e+00	1.7152e-01
1.6706e+03	6.9103e+00	1.5220e-01
1.6744e+03	6.3826e+00	2.1378e-01
1.6723e+03	6.7387e+00	1.7887e-01
1.6712e+03	6.8586e+00	1.6180e-01
1.6755e+03	6.1446e+00	2.3148e-01
1.6726e+03	6.6903e+00	1.8462e-01
1.6717e+03	6.8100e+00	1.6935e-01
1.6708e+03	6.8999e+00	1.5432e-01
1.6746e+03	6.3382e+00	2.1729e-01
1.6729e+03	6.6484e+00	1.8924e-01
1.6712e+03	6.8586e+00	1.6180e-01
1.6704e+03	6.9277e+00	1.4840e-01
1.6747e+03	6.3217e+00	2.1858e-01
1.6739e+03	6.4774e+00	2.0576e-01
1.6731e+03	6.6121e+00	1.9304e-01
1.6716e+03	6.8194e+00	1.6797e-01
1.6733e+03	6.5804e+00	1.9621e-01
1.6719e+03	6.7829e+00	1.7315e-01
1.6712e+03	6.8586e+00	1.6180e-01
1.6705e+03	6.9178e+00	1.5061e-01
1.6742e+03	6.4319e+00	2.1001e-01
1.6728e+03	6.6583e+00	1.8817e-01
1.6722e+03	6.7493e+00	1.7754e-01
1.6709e+03	6.8879e+00	1.5662e-01
1.6703e+03	6.9363e+00	1.4636e-01
1.6749e+03	6.2855e+00	2.2133e-01
1.6738e+03	6.4995e+00	2.0379e-01
1.6718e+03	6.7947e+00	1.7152e-01
1.6755e+03	6.1428e+00	2.3160e-01
1.6704e+03	6.9277e+00	1.4840e-01
1.6739e+03	6.4865e+00	2.0496e-01
1.6733e+03	6.5772e+00	1.9651e-01
1.6728e+03	6.6644e+00	1.8751e-01
1.6718e+03	6.8034e+00	1.7030e-01
1.6712e+03	6.8586e+00	1.6180e-01
1.6707e+03	6.9045e+00	1.5339e-01
1.6702e+03	6.9414e+00	1.4509e-01
1.6750e+03	6.2617e+00	2.2354e-01
1.6730e+03	6.6407e+00	1.9006e-01
1.6725e+03	6.7136e+00	1.8191e-01
1.6715e+03	6.8338e+00	1.6582e-01
1.6705e+03	6.9208e+00	1.4996e-01
1.6745e+03	6.3581e+00	2.1576e-01
1.6740e+03	6.4529e+00	2.0789e-01
1.6736e+03	6.5399e+00	2.0009e-01
1.6731e+03	6.6193e+00	1.9269e-01
1.6722e+03	6.7549e+00	1.7766e-01
1.6708e+03	6.8999e+00	1.5432e-01
1.6703e+03	6.9343e+00	1.4705e-01
1.6750e+03	6.2498e+00	2.2480e-01
1.6746e+03	6.3477e+00	2.1655e-01
1.6732e+03	6.5990e+00	1.9445e-01
1.6714e+03	6.8365e+00	1.6537e-01
1.6710e+03	6.8791e+00	1.5825e-01
1.6706e+03	6.9151e+00	1.5122e-01
1.6702e+03	6.9448e+00	1.4422e-01
1.6751e+03	6.2447e+00	2.2476e-01
1.6738e+03	6.5034e+00	2.0344e-01
1.6721e+03	6.7657e+00	1.7543e-01
1.6708e+03	6.8961e+00	1.5507e-01
1.6704e+03	6.9277e+00	1.4840e-01
1.6751e+03	6.2401e+00	2.2565e-01
1.6734e+03	6.5633e+00	1.9790e-01
1.6733e+03	6.6393e+00	1.8963e-01
1.6722e+03	6.7453e+00	1.7805e-01
1.6718e+03	6.7947e+00	1.7152e-01
1.6714e+03	6.8387e+00	1.6503e-01
1.6710e+03	6.8772e+00	1.5859e-01
1.6706e+03	6.9103e+00	1.5220e-01
1.6751e+03	6.2359e+00	2.2623e-01
1.6728e+03	6.6716e+00	1.8672e-01
1.6709e+03	6.8929e+00	1.5568e-01
1.6744e+03	6.3920e+00	2.1299e-01
1.6740e+03	6.4647e+00	2.0687e-01
1.6736e+03	6.5326e+00	2.0081e-01
1.6732e+03	6.5957e+00	1.9469e-01
1.6729e+03	6.6542e+00	1.8881e-01
1.6725e+03	6.7076e+00	1.8262e-01
1.6721e+03	6.7565e+00	1.7664e-01
1.6714e+03	6.8405e+00	1.6476e-01
1.6711e+03	6.8756e+00	1.5887e-01
1.6707e+03	6.9063e+00	1.5303e-01
1.6703e+03	6.9326e+00	1.4724e-01
1.6751e+03	6.2282e+00	2.2557e-01
1.6748e+03	6.3905e+00	2.1342e-01
1.6737e+03	6.5189e+00	2.0205e-01
1.6733e+03	6.5804e+00	1.9621e-01
1.6723e+03	6.7387e+00	1.7887e-01
1.6719e+03	6.7829e+00	1.7314e-01
1.6716e+03	6.8228e+00	1.6746e-01
1.6712e+03	6.8586e+00	1.6180e-01
1.6705e+03	6.9178e+00	1.5061e-01
1.6751e+03	6.2252e+00	2.2627e-01
1.6748e+03	6.3016e+00	2.2012e-01
1.6741e+03	6.4420e+00	2.0885e-01
1.6717e+03	6.8058e+00	1.6995e-01
1.6714e+03	6.8420e+00	1.6452e-01
1.6711e+03	6.8743e+00	1.5910e-01
1.6707e+03	6.9029e+00	1.5373e-01
1.6704e+03	6.9277e+00	1.4840e-01
1.6752e+03	6.2223e+00	2.2826e-01
1.6738e+03	6.4940e+00	2.0429e-01
1.6735e+03	6.5526e+00	1.9904e-01
1.6725e+03	6.7056e+00	1.8285e-01
1.6725e+03	6.7133e+00	1.8194e-01
1.6719e+03	6.7899e+00	1.7268e-01
1.6716e+03	6.8257e+00	1.6702e-01
1.6712e+03	6.8586e+00	1.6180e-01
1.6706e+03	6.9138e+00	1.5147e-01
1.6703e+03	6.9363e+00	1.4636e-01
1.6753e+03	6.4466e+00	2.0811e-01
1.6729e+03	6.6436e+00	1.8978e-01
1.6726e+03	6.6903e+00	1.8462e-01
1.6723e+03	6.7336e+00	1.7951e-01
1.6714e+03	6.8432e+00	1.6431e-01
1.6711e+03	6.8732e+00	1.5930e-01
1.6708e+03	6.8999e+00	1.5432e-01
1.6705e+03	6.9234e+00	1.4938e-01
1.6736e+03	6.5279e+00	2.0120e-01
1.6730e+03	6.6296e+00	1.9123e-01
1.6727e+03	6.6757e+00	1.8629e-01
1.6724e+03	6.7185e+00	1.8133e-01
1.6721e+03	6.7582e+00	1.7641e-01
1.6715e+03	6.8282e+00	1.6665e-01
1.6712e+03	6.8586e+00	1.6180e-01
1.6709e+03	6.8860e+00	1.5699e-01
1.6704e+03	6.9318e+00	1.4745e-01
1.6755e+03	6.1446e+00	2.3148e-01
1.6752e+03	6.2144e+00	2.2812e-01
1.6751e+03	6.3531e+00	2.1516e-01
1.6743e+03	6.4049e+00	2.1198e-01
1.6734e+03	6.5680e+00	1.9742e-01
1.6731e+03	6.6163e+00	1.9260e-01
1.6725e+03	6.7041e+00	1.8303e-01
1.6722e+03	6.7435e+00	1.7831e-01
1.6714e+03	6.8443e+00	1.6414e-01
1.6711e+03	6.8722e+00	1.5947e-01
1.6708e+03	6.8973e+00	1.5484e-01
1.6705e+03	6.9196e+00	1.5024e-01
1.6755e+03	6.1446e+00	2.3148e-01
1.6752e+03	6.2121e+00	2.2808e-01
1.6743e+03	6.3970e+00	2.1258e-01
1.6738e+03	6.5060e+00	2.0321e-01
1.6735e+03	6.5566e+00	1.9889e-01
1.6732e+03	6.6038e+00	1.9388e-01
1.6715e+03	6.8303e+00	1.6632e-01
1.6712e+03	6.8586e+00	1.6180e-01
1.6710e+03	6.8842e+00	1.5731e-01
1.6707e+03	6.9073e+00	1.5284e-01
1.6704e+03	6.9277e+00	1.4840e-01
1.6749e+03	6.2726e+00	2.2288e-01
1.6746e+03	6.3324e+00	2.1779e-01
1.6744e+03	6.3897e+00	2.1354e-01
1.6738e+03	6.4960e+00	2.0415e-01
1.6735e+03	6.5451e+00	1.9959e-01
1.6733e+03	6.5918e+00	1.9510e-01
1.6730e+03	6.6365e+00	1.9141e-01
1.6724e+03	6.7159e+00	1.8169e-01
1.6719e+03	6.7856e+00	1.7278e-01
1.6716e+03	6.8167e+00	1.6837e-01
1.6708e+03	6.8950e+00	1.5530e-01
1.6752e+03	6.2079e+00	2.2709e-01
1.6749e+03	6.2686e+00	2.2261e-01
1.6733e+03	6.5804e+00	1.9621e-01
1.6725e+03	6.7034e+00	1.8368e-01
1.6718e+03	6.8034e+00	1.7030e-01
1.6715e+03	6.8322e+00	1.6604e-01
1.6712e+03	6.8586e+00	1.6180e-01
1.6707e+03	6.9045e+00	1.5339e-01
1.6705e+03	6.9241e+00	1.4923e-01
1.6702e+03	6.9414e+00	1.4509e-01
1.6755e+03	6.1446e+00	2.3148e-01
1.6752e+03	6.2060e+00	2.2785e-01
1.6750e+03	6.2651e+00	2.2338e-01
1.6744e+03	6.3760e+00	2.1438e-01
1.6739e+03	6.4774e+00	2.0576e-01
1.6737e+03	6.5246e+00	2.0151e-01
1.6734e+03	6.5695e+00	1.9728e-01
1.6729e+03	6.6523e+00	1.8882e-01
1.6724e+03	6.7259e+00	1.8043e-01
1.6723e+03	6.7340e+00	1.7946e-01
1.6719e+03	6.7908e+00	1.7233e-01
1.6714e+03	6.8469e+00	1.6418e-01
1.6704e+03	6.9312e+00	1.4759e-01
1.6775e+03	6.2836e+00	2.1382e-01
1.6747e+03	6.3172e+00	2.2107e-01
1.6745e+03	6.3698e+00	2.1524e-01
1.6742e+03	6.4204e+00	2.1067e-01
1.6735e+03	6.5592e+00	1.9828e-01
1.6732e+03	6.6011e+00	1.9417e-01
1.6725e+03	6.7136e+00	1.8191e-01
1.6722e+03	6.7469e+00	1.7788e-01
1.6720e+03	6.7779e+00	1.7382e-01
1.6717e+03	6.8069e+00	1.6979e-01
1.6713e+03	6.8650e+00	1.6067e-01
1.6709e+03	6.8909e+00	1.5605e-01
1.6706e+03	6.9142e+00	1.5139e-01
1.6703e+03	6.9348e+00	1.4672e-01
1.6752e+03	6.2026e+00	2.2781e-01
1.6750e+03	6.2584e+00	2.2336e-01
1.6745e+03	6.3637e+00	2.1527e-01
1.6742e+03	6.4133e+00	2.1124e-01
1.6740e+03	6.4604e+00	2.0724e-01
1.6735e+03	6.5493e+00	1.9924e-01
1.6728e+03	6.6681e+00	1.8702e-01
1.6725e+03	6.7433e+00	1.7796e-01
1.6723e+03	6.7782e+00	1.7341e-01
1.6719e+03	6.8416e+00	1.6426e-01
1.6750e+03	6.2555e+00	2.2463e-01
1.6748e+03	6.3081e+00	2.2152e-01
1.6743e+03	6.4019e+00	2.1218e-01
1.6739e+03	6.4985e+00	2.0370e-01
1.6737e+03	6.5445e+00	1.9923e-01
1.6735e+03	6.5884e+00	1.9480e-01
1.6734e+03	6.6307e+00	1.9034e-01
1.6724e+03	6.8154e+00	1.6779e-01
1.6722e+03	6.8463e+00	1.6323e-01
1.6721e+03	6.8707e+00	1.5937e-01
1.6708e+03	6.9012e+00	1.5406e-01
1.6702e+03	6.9437e+00	1.4449e-01
1.6752e+03	6.1995e+00	2.2771e-01
1.6750e+03	6.2527e+00	2.2473e-01
1.6750e+03	6.3058e+00	2.1968e-01
1.6749e+03	6.3583e+00	2.1484e-01
1.6747e+03	6.4070e+00	2.1154e-01
1.6740e+03	6.5473e+00	1.9819e-01
1.6739e+03	6.5912e+00	1.9361e-01
1.6738e+03	6.6336e+00	1.8914e-01
1.6736e+03	6.6746e+00	1.8469e-01
1.6730e+03	6.7866e+00	1.7123e-01
1.6728e+03	6.8199e+00	1.6672e-01
1.6726e+03	6.8512e+00	1.6220e-01
1.6724e+03	6.8801e+00	1.5764e-01
1.6753e+03	6.1994e+00	2.2766e-01
1.6759e+03	6.2564e+00	2.2056e-01
1.6749e+03	6.3063e+00	2.1950e-01
1.6751e+03	6.3573e+00	2.1457e-01
1.6746e+03	6.4086e+00	2.1098e-01
1.6747e+03	6.5030e+00	2.0102e-01
1.6745e+03	6.5490e+00	1.9667e-01
1.6740e+03	6.6779e+00	1.8349e-01
1.6738e+03	6.7197e+00	1.7869e-01
1.6734e+03	6.7908e+00	1.7013e-01
1.6730e+03	6.8560e+00	1.6113e-01
1.6727e+03	6.8853e+00	1.5660e-01
1.6703e+03	6.9334e+00	1.4706e-01
1.6755e+03	6.1999e+00	2.2670e-01
1.6757e+03	6.2534e+00	2.2123e-01
1.6757e+03	6.3059e+00	2.1669e-01
1.6754e+03	6.4080e+00	2.0822e-01
1.6753e+03	6.4571e+00	2.0395e-01
1.6754e+03	6.5137e+00	1.9999e-01
1.6749e+03	6.5513e+00	1.9535e-01
1.6748e+03	6.5962e+00	1.9102e-01
1.6746e+03	6.6395e+00	1.8666e-01
1.6742e+03	6.7210e+00	1.7787e-01
1.6740e+03	6.7590e+00	1.7345e-01
1.6736e+03	6.8291e+00	1.6453e-01
1.6734e+03	6.8604e+00	1.6012e-01
1.6731e+03	6.8905e+00	1.5555e-01
1.6703e+03	6.9381e+00	1.4591e-01
1.6756e+03	6.1446e+00	2.3117e-01
1.6759e+03	6.2002e+00	2.2526e-01
1.6761e+03	6.3062e+00	2.1520e-01
1.6760e+03	6.3586e+00	2.1099e-01
1.6758e+03	6.4094e+00	2.0686e-01
1.6757e+03	6.4587e+00	2.0255e-01
1.6750e+03	6.6425e+00	1.8539e-01
1.6748e+03	6.6851e+00	1.8122e-01
1.6742e+03	6.7994e+00	1.6785e-01
1.6740e+03	6.8323e+00	1.6359e-01
1.6755e+03	6.1446e+00	2.3148e-01
1.6769e+03	6.2557e+00	2.1970e-01
1.6757e+03	6.3100e+00	2.1642e-01
1.6764e+03	6.3596e+00	2.0948e-01
1.6762e+03	6.4109e+00	2.0547e-01
1.6761e+03	6.4591e+00	2.0121e-01
1.6759e+03	6.5088e+00	1.9690e-01
1.6755e+03	6.5605e+00	1.9446e-01
1.6754e+03	6.6454e+00	1.8409e-01
1.6752e+03	6.6878e+00	1.7978e-01
1.6748e+03	6.7675e+00	1.7116e-01
1.6753e+03	6.2583e+00	2.2227e-01
1.6755e+03	6.3655e+00	2.1189e-01
1.6763e+03	6.5111e+00	1.9564e-01
1.6760e+03	6.6041e+00	1.8704e-01
1.6756e+03	6.6910e+00	1.7850e-01
1.6752e+03	6.7698e+00	1.6998e-01
1.6747e+03	6.8432e+00	1.6110e-01
1.6704e+03	6.9318e+00	1.4744e-01
1.6754e+03	6.2028e+00	2.2678e-01
1.6777e+03	6.2561e+00	2.1415e-01
1.6772e+03	6.3096e+00	2.1123e-01
1.6771e+03	6.4131e+00	2.0233e-01
1.6768e+03	6.5126e+00	1.9405e-01
1.6766e+03	6.5604e+00	1.8986e-01
1.6763e+03	6.6493e+00	1.8162e-01
1.6760e+03	6.6944e+00	1.7719e-01
1.6756e+03	6.7751e+00	1.6861e-01
1.6751e+03	6.8479e+00	1.5992e-01
1.6749e+03	6.8812e+00	1.5556e-01
1.6746e+03	6.9118e+00	1.5114e-01
1.6755e+03	6.1446e+00	2.3148e-01
1.6753e+03	6.2036e+00	2.2703e-01
1.6751e+03	6.2619e+00	2.2309e-01
1.6782e+03	6.3131e+00	2.0983e-01
1.6774e+03	6.4653e+00	1.9668e-01
1.6777e+03	6.4486e+00	1.9729e-01
1.6769e+03	6.6093e+00	1.8427e-01
1.6767e+03	6.6542e+00	1.8010e-01
1.6762e+03	6.7395e+00	1.7161e-01
1.6760e+03	6.7792e+00	1.6734e-01
1.6795e+03	6.3769e+00	1.9741e-01
1.6756e+03	6.8557e+00	1.5824e-01
1.6756e+03	6.1446e+00	2.3116e-01
1.6753e+03	6.2045e+00	2.2710e-01
1.6765e+03	6.2602e+00	2.1775e-01
1.6783e+03	6.3041e+00	2.0761e-01
1.6781e+03	6.3637e+00	2.0323e-01
1.6778e+03	6.4669e+00	1.9516e-01
1.6768e+03	6.5215e+00	1.9317e-01
1.6771e+03	6.6575e+00	1.7872e-01
1.6764e+03	6.7834e+00	1.6606e-01
1.6762e+03	6.8215e+00	1.6179e-01
1.6760e+03	6.8522e+00	1.5810e-01
1.6754e+03	6.8924e+00	1.5333e-01
1.6754e+03	6.9228e+00	1.4882e-01
1.6755e+03	6.1446e+00	2.3148e-01
1.6763e+03	6.2625e+00	2.1893e-01
1.6787e+03	6.3112e+00	2.0555e-01
1.6786e+03	6.3647e+00	2.0159e-01
1.6777e+03	6.6147e+00	1.8141e-01
1.6776e+03	6.6547e+00	1.7775e-01
1.6773e+03	6.7046e+00	1.7313e-01
1.6771e+03	6.7468e+00	1.6897e-01
1.6764e+03	6.8625e+00	1.5624e-01
1.6761e+03	6.8965e+00	1.5197e-01
1.6704e+03	6.9300e+00	1.4786e-01
1.6753e+03	6.2062e+00	2.2719e-01
1.6750e+03	6.2666e+00	2.2277e-01
1.6790e+03	6.3659e+00	1.9994e-01
1.6789e+03	6.4185e+00	1.9600e-01
1.6787e+03	6.4658e+00	1.9231e-01
1.6788e+03	6.5258e+00	1.8902e-01
1.6784e+03	6.5696e+00	1.8399e-01
1.6783e+03	6.6502e+00	1.7635e-01
1.6775e+03	6.7507e+00	1.6759e-01
1.6771e+03	6.8312e+00	1.5912e-01
1.6768e+03	6.8675e+00	1.5498e-01
1.6763e+03	6.9342e+00	1.4639e-01
1.6755e+03	6.1446e+00	2.3137e-01
1.6798e+03	6.2558e+00	2.0612e-01
1.6796e+03	6.3127e+00	2.0218e-01
1.6794e+03	6.3673e+00	1.9867e-01
1.6793e+03	6.4199e+00	1.9436e-01
1.6777e+03	6.5319e+00	1.9031e-01
1.6788e+03	6.5719e+00	1.8246e-01
1.6784e+03	6.6665e+00	1.7439e-01
1.6782e+03	6.7114e+00	1.7031e-01
1.6794e+03	6.5999e+00	1.7807e-01
1.6777e+03	6.7959e+00	1.6205e-01
1.6774e+03	6.8379e+00	1.5837e-01
1.6770e+03	6.9075e+00	1.4942e-01
1.6756e+03	6.1446e+00	2.3114e-01
1.6756e+03	6.2075e+00	2.2575e-01
1.6802e+03	6.2579e+00	2.0425e-01
1.6800e+03	6.3136e+00	2.0063e-01
1.6799e+03	6.3680e+00	1.9675e-01
1.6798e+03	6.4213e+00	1.9274e-01
1.6796e+03	6.4736e+00	1.8887e-01
1.6795e+03	6.5165e+00	1.8539e-01
1.6792e+03	6.5742e+00	1.8091e-01
1.6791e+03	6.6226e+00	1.7693e-01
1.6789e+03	6.6695e+00	1.7291e-01
1.6784e+03	6.7586e+00	1.6475e-01
1.6779e+03	6.8397e+00	1.5655e-01
1.6708e+03	6.8950e+00	1.5527e-01
1.6755e+03	6.1446e+00	2.3148e-01
1.6767e+03	6.3275e+00	2.1180e-01
1.6759e+03	6.5009e+00	1.9928e-01
1.6799e+03	6.5264e+00	1.8325e-01
1.6793e+03	6.6726e+00	1.7140e-01
1.6809e+03	6.5044e+00	1.8177e-01
1.6789e+03	6.7622e+00	1.6335e-01
1.6784e+03	6.8445e+00	1.5517e-01
1.6781e+03	6.8825e+00	1.5103e-01
1.6778e+03	6.9180e+00	1.4687e-01
1.6756e+03	6.1446e+00	2.3115e-01
1.6754e+03	6.2095e+00	2.2648e-01
1.6812e+03	6.2549e+00	2.0084e-01
1.6807e+03	6.3160e+00	1.9795e-01
1.6803e+03	6.5284e+00	1.8161e-01
1.6802e+03	6.5789e+00	1.7773e-01
1.6800e+03	6.6280e+00	1.7383e-01
1.6798e+03	6.6757e+00	1.6989e-01
1.6795e+03	6.7217e+00	1.6590e-01
1.6791e+03	6.8086e+00	1.5784e-01
1.6824e+03	6.4652e+00	1.7973e-01
1.6783e+03	6.9237e+00	1.4553e-01
1.6756e+03	6.1446e+00	2.3112e-01
1.6779e+03	6.2077e+00	2.1810e-01
1.6773e+03	6.2703e+00	2.1468e-01
1.6815e+03	6.3147e+00	1.9512e-01
1.6757e+03	6.3952e+00	2.0849e-01
1.6810e+03	6.4790e+00	1.8393e-01
1.6808e+03	6.5304e+00	1.7997e-01
1.6806e+03	6.5812e+00	1.7610e-01
1.6804e+03	6.6306e+00	1.7222e-01
1.6802e+03	6.6787e+00	1.6832e-01
1.6798e+03	6.7699e+00	1.6041e-01
1.6793e+03	6.8528e+00	1.5245e-01
1.6706e+03	6.9135e+00	1.5153e-01
1.6788e+03	6.9325e+00	1.4367e-01
1.6755e+03	6.1446e+00	2.3148e-01
1.6761e+03	6.2106e+00	2.2373e-01
1.6756e+03	6.2759e+00	2.1986e-01
1.6755e+03	6.3387e+00	2.1429e-01
1.6816e+03	6.4264e+00	1.8580e-01
1.6753e+03	6.5160e+00	1.9820e-01
1.6813e+03	6.5252e+00	1.7867e-01
1.6807e+03	6.6766e+00	1.6708e-01
1.6803e+03	6.7709e+00	1.5911e-01
1.6797e+03	6.8574e+00	1.5102e-01
1.6755e+03	6.1446e+00	2.3148e-01
1.6780e+03	6.2094e+00	2.1761e-01
1.6777e+03	6.2726e+00	2.1239e-01
1.6776e+03	6.3945e+00	2.0252e-01
1.6807e+03	6.7777e+00	1.5735e-01
1.6799e+03	6.9025e+00	1.4549e-01
1.6756e+03	6.2132e+00	2.2535e-01
1.6807e+03	6.2670e+00	2.0174e-01
1.6829e+03	6.3177e+00	1.8950e-01
1.6827e+03	6.3738e+00	1.8586e-01
1.6826e+03	6.4290e+00	1.8221e-01
1.6825e+03	6.4742e+00	1.7899e-01
1.6822e+03	6.5362e+00	1.7480e-01
1.6822e+03	6.5913e+00	1.7134e-01
1.6818e+03	6.6387e+00	1.6729e-01
1.6812e+03	6.7817e+00	1.5580e-01
1.6807e+03	6.8681e+00	1.4796e-01
1.6804e+03	6.9091e+00	1.4385e-01
1.6756e+03	6.1446e+00	2.3114e-01
1.6759e+03	6.2139e+00	2.2419e-01
1.6815e+03	6.2667e+00	1.9858e-01
1.6834e+03	6.3192e+00	1.8718e-01
1.6811e+03	6.3854e+00	1.9102e-01
1.6829e+03	6.4847e+00	1.7671e-01
1.6825e+03	6.5904e+00	1.6933e-01
1.6823e+03	6.6414e+00	1.6559e-01
1.6821e+03	6.6910e+00	1.6183e-01
1.6718e+03	6.7995e+00	1.7085e-01
1.6814e+03	6.8307e+00	1.5025e-01
1.6811e+03	6.8730e+00	1.4644e-01
1.6819e+03	6.2674e+00	1.9687e-01
1.6779e+03	6.3421e+00	2.0592e-01
1.6837e+03	6.3751e+00	1.8213e-01
1.6773e+03	6.4692e+00	1.9776e-01
1.6833e+03	6.4864e+00	1.7488e-01
1.6826e+03	6.6941e+00	1.6013e-01
1.6823e+03	6.7432e+00	1.5650e-01
1.6811e+03	6.9204e+00	1.4120e-01
1.6758e+03	6.2165e+00	2.2502e-01
1.6828e+03	6.3286e+00	1.9134e-01
1.6841e+03	6.3769e+00	1.8025e-01
1.6834e+03	6.5444e+00	1.7023e-01
1.6831e+03	6.5992e+00	1.6703e-01
1.6828e+03	6.6509e+00	1.6319e-01
1.6823e+03	6.7520e+00	1.5592e-01
1.6820e+03	6.7994e+00	1.5205e-01
1.6817e+03	6.8452e+00	1.4818e-01
1.6810e+03	6.9300e+00	1.4025e-01
1.6753e+03	6.2179e+00	2.2576e-01
1.6757e+03	6.2882e+00	2.1846e-01
1.6836e+03	6.4885e+00	1.7368e-01
1.6831e+03	6.6052e+00	1.6629e-01
1.6828e+03	6.6591e+00	1.6281e-01
1.6825e+03	6.7104e+00	1.5897e-01
1.6822e+03	6.7596e+00	1.5522e-01
1.6819e+03	6.8087e+00	1.5130e-01
1.6708e+03	6.8988e+00	1.5453e-01
1.6813e+03	6.8985e+00	1.4333e-01
1.6755e+03	6.1446e+00	2.3159e-01
1.6844e+03	6.3176e+00	1.8346e-01
1.6841e+03	6.3844e+00	1.7977e-01
1.6781e+03	6.5399e+00	1.8858e-01
1.6833e+03	6.5573e+00	1.6950e-01
1.6830e+03	6.6126e+00	1.6587e-01
1.6827e+03	6.6664e+00	1.6211e-01
1.6753e+03	6.2205e+00	2.2591e-01
1.6799e+03	6.3473e+00	1.9857e-01
1.6841e+03	6.3885e+00	1.7961e-01
1.6839e+03	6.4484e+00	1.7639e-01
1.6830e+03	6.6198e+00	1.6531e-01
1.6827e+03	6.6746e+00	1.6155e-01
1.6818e+03	6.8279e+00	1.4973e-01
1.6811e+03	6.9184e+00	1.4140e-01
1.6756e+03	6.1446e+00	2.3117e-01
1.6757e+03	6.2212e+00	2.2424e-01
1.6812e+03	6.2800e+00	1.9890e-01
1.6779e+03	6.3600e+00	2.0582e-01
1.6832e+03	6.5705e+00	1.6856e-01
1.6826e+03	6.6829e+00	1.6096e-01
1.6820e+03	6.7881e+00	1.5297e-01
1.6817e+03	6.8375e+00	1.4885e-01
1.6810e+03	6.9286e+00	1.4038e-01
1.6793e+03	6.2166e+00	2.1103e-01
1.6769e+03	6.2949e+00	2.1394e-01
1.6838e+03	6.4582e+00	1.7552e-01
1.6832e+03	6.5776e+00	1.6811e-01
1.6831e+03	6.6031e+00	1.6643e-01
1.6820e+03	6.7978e+00	1.5218e-01
1.6810e+03	6.9390e+00	1.3932e-01
1.6784e+03	6.2202e+00	2.1516e-01
1.6823e+03	6.2812e+00	1.9436e-01
1.6804e+03	6.4878e+00	1.8610e-01
1.6825e+03	6.7003e+00	1.5968e-01
1.6819e+03	6.8078e+00	1.5137e-01
1.6753e+03	6.2260e+00	2.2562e-01
1.6840e+03	6.4040e+00	1.7865e-01
1.6831e+03	6.5925e+00	1.6716e-01
1.6828e+03	6.6518e+00	1.6313e-01
1.6721e+03	6.7759e+00	1.7399e-01
1.6815e+03	6.8685e+00	1.4611e-01
1.6752e+03	6.2275e+00	2.2537e-01
1.6831e+03	6.6003e+00	1.6665e-01
1.6828e+03	6.6605e+00	1.6252e-01
1.6824e+03	6.7188e+00	1.5832e-01
1.6794e+03	6.2226e+00	2.1051e-01
1.6756e+03	6.3092e+00	2.1684e-01
1.6811e+03	6.3634e+00	1.9254e-01
1.6804e+03	6.4367e+00	1.8949e-01
1.6830e+03	6.6083e+00	1.6609e-01
1.6820e+03	6.7854e+00	1.5323e-01
1.6817e+03	6.8393e+00	1.4869e-01
1.6813e+03	6.8904e+00	1.4409e-01
1.6843e+03	6.3528e+00	1.8168e-01
1.6837e+03	6.4877e+00	1.7393e-01
1.6833e+03	6.5528e+00	1.6971e-01
1.6830e+03	6.6166e+00	1.6553e-01
1.6827e+03	6.6787e+00	1.6126e-01
1.6820e+03	6.7958e+00	1.5234e-01
1.6816e+03	6.8504e+00	1.4773e-01
1.6704e+03	6.9318e+00	1.4744e-01
1.6772e+03	6.2302e+00	2.2042e-01
1.6826e+03	6.6882e+00	1.6056e-01
1.6756e+03	6.1446e+00	2.3115e-01
1.6833e+03	6.2938e+00	1.8965e-01
1.6842e+03	6.3608e+00	1.8109e-01
1.6839e+03	6.4313e+00	1.7711e-01
1.6832e+03	6.5684e+00	1.6876e-01
1.6829e+03	6.6342e+00	1.6435e-01
1.6811e+03	6.9251e+00	1.4073e-01
1.6834e+03	6.2964e+00	1.8908e-01
1.6842e+03	6.3652e+00	1.8085e-01
1.6839e+03	6.4370e+00	1.7675e-01
1.6836e+03	6.5076e+00	1.7258e-01
1.6832e+03	6.5765e+00	1.6820e-01
1.6825e+03	6.7083e+00	1.5911e-01
1.6818e+03	6.8296e+00	1.4953e-01
1.6814e+03	6.8853e+00	1.4457e-01
1.6755e+03	6.1446e+00	2.3125e-01
1.6833e+03	6.2999e+00	1.8926e-01
1.6782e+03	6.6939e+00	1.7360e-01
1.6793e+03	6.7449e+00	1.6407e-01
1.6817e+03	6.8415e+00	1.4850e-01
1.6813e+03	6.8976e+00	1.4342e-01
1.6755e+03	6.1446e+00	2.3126e-01
1.6758e+03	6.2385e+00	2.2220e-01
1.6750e+03	6.3313e+00	2.1696e-01
1.6831e+03	6.5938e+00	1.6708e-01
1.6828e+03	6.6630e+00	1.6235e-01
1.6824e+03	6.7298e+00	1.5753e-01
1.6816e+03	6.8538e+00	1.4743e-01
1.6812e+03	6.9101e+00	1.4221e-01
1.6800e+03	6.2329e+00	2.0689e-01
1.6813e+03	6.3151e+00	1.9711e-01
1.6805e+03	6.4772e+00	1.8571e-01
1.6835e+03	6.5261e+00	1.7138e-01
1.6827e+03	6.6734e+00	1.6163e-01
1.6819e+03	6.8055e+00	1.5155e-01
1.6815e+03	6.8664e+00	1.4631e-01
1.6811e+03	6.9230e+00	1.4095e-01
1.6758e+03	6.2426e+00	2.2180e-01
1.6842e+03	6.3733e+00	1.8039e-01
1.6755e+03	6.5126e+00	1.9805e-01
1.6818e+03	6.8180e+00	1.5051e-01
1.6814e+03	6.8793e+00	1.4513e-01
1.6810e+03	6.9361e+00	1.3961e-01
1.6802e+03	6.2366e+00	2.0609e-01
1.6822e+03	6.7649e+00	1.5481e-01
1.6755e+03	6.1446e+00	2.3135e-01
1.6755e+03	6.3463e+00	2.1406e-01
1.6841e+03	6.3956e+00	1.7930e-01
1.6837e+03	6.4765e+00	1.7441e-01
1.6829e+03	6.6331e+00	1.6455e-01
1.6821e+03	6.7776e+00	1.5385e-01
1.6817e+03	6.8442e+00	1.4827e-01
1.6703e+03	6.9348e+00	1.4672e-01
1.6751e+03	6.2508e+00	2.2378e-01
1.6833e+03	6.5652e+00	1.6896e-01
1.6829e+03	6.6434e+00	1.6370e-01
1.6816e+03	6.8579e+00	1.4706e-01
1.6756e+03	6.1446e+00	2.3115e-01
1.6757e+03	6.2521e+00	2.2129e-01
1.6761e+03	6.3540e+00	2.1178e-01
1.6836e+03	6.4922e+00	1.7349e-01
1.6832e+03	6.5747e+00	1.6829e-01
1.6828e+03	6.6547e+00	1.6293e-01
1.6824e+03	6.7313e+00	1.5739e-01
1.6706e+03	6.9115e+00	1.5196e-01
1.6807e+03	6.2426e+00	2.0379e-01
1.6840e+03	6.4121e+00	1.7819e-01
1.6814e+03	6.8867e+00	1.4444e-01
1.6804e+03	6.2481e+00	2.0513e-01
1.6765e+03	6.3622e+00	2.0919e-01
1.6839e+03	6.4205e+00	1.7771e-01
1.6836e+03	6.5096e+00	1.7254e-01
1.6828e+03	6.6519e+00	1.6312e-01
1.6822e+03	6.7579e+00	1.5536e-01
1.6817e+03	6.8325e+00	1.4928e-01
1.6751e+03	6.2617e+00	2.2272e-01
1.6844e+03	6.3347e+00	1.8260e-01
1.6839e+03	6.4276e+00	1.7730e-01
1.6831e+03	6.6067e+00	1.6620e-01
1.6816e+03	6.8469e+00	1.4803e-01
1.6811e+03	6.2516e+00	2.0159e-01
1.6843e+03	6.3397e+00	1.8226e-01
1.6795e+03	6.4622e+00	1.9045e-01
1.6825e+03	6.7049e+00	1.5937e-01
1.6820e+03	6.7867e+00	1.5308e-01
1.6816e+03	6.8642e+00	1.4676e-01
1.6755e+03	6.1446e+00	2.3133e-01
1.6843e+03	6.3450e+00	1.8197e-01
1.6834e+03	6.5383e+00	1.7061e-01
1.6830e+03	6.6309e+00	1.6466e-01
1.6755e+03	6.1446e+00	2.3126e-01
1.6811e+03	6.2575e+00	2.0101e-01
1.6838e+03	6.4513e+00	1.7596e-01
1.6824e+03	6.7334e+00	1.5723e-01
1.6806e+03	6.2618e+00	2.0233e-01
1.6842e+03	6.3567e+00	1.8136e-01
1.6823e+03	6.7488e+00	1.5606e-01
1.6812e+03	6.9140e+00	1.4200e-01
1.6832e+03	6.5723e+00	1.6845e-01
1.6827e+03	6.6711e+00	1.6178e-01
1.6810e+03	6.9312e+00	1.4012e-01
1.6818e+03	6.2659e+00	1.9760e-01
1.6842e+03	6.3697e+00	1.8060e-01
1.6737e+03	6.5398e+00	2.0015e-01
1.6832e+03	6.5849e+00	1.6763e-01
1.6752e+03	6.4207e+00	2.0823e-01
1.6825e+03	6.7021e+00	1.5957e-01
1.6756e+03	6.1446e+00	2.3113e-01
1.6822e+03	6.2726e+00	1.9542e-01
1.6836e+03	6.5009e+00	1.7311e-01
1.6830e+03	6.6130e+00	1.6598e-01
1.6812e+03	6.9083e+00	1.4239e-01
1.6830e+03	6.6280e+00	1.6496e-01
1.6823e+03	6.7365e+00	1.5700e-01
1.6755e+03	6.1446e+00	2.3148e-01
1.6822e+03	6.2816e+00	1.9480e-01
1.6741e+03	6.4523e+00	2.0809e-01
1.6835e+03	6.5251e+00	1.7154e-01
1.6822e+03	6.7551e+00	1.5557e-01
1.6826e+03	6.2853e+00	1.9301e-01
1.6840e+03	6.4105e+00	1.7828e-01
1.6821e+03	6.7749e+00	1.5402e-01
1.6821e+03	6.2934e+00	1.9573e-01
1.6833e+03	6.5519e+00	1.6975e-01
1.6813e+03	6.9017e+00	1.4302e-01
1.6818e+03	6.8180e+00	1.5051e-01
1.6756e+03	6.1446e+00	2.3113e-01
1.6838e+03	6.4429e+00	1.7640e-01
1.6745e+03	6.6496e+00	1.8758e-01
1.6837e+03	6.3047e+00	1.8703e-01
1.6838e+03	6.4555e+00	1.7566e-01
1.6756e+03	6.1446e+00	2.3118e-01
1.6827e+03	6.3179e+00	1.9223e-01
1.6830e+03	6.6223e+00	1.6514e-01
1.6813e+03	6.8927e+00	1.4390e-01
1.6755e+03	6.1446e+00	2.3129e-01
1.6837e+03	6.4842e+00	1.7398e-01
1.6829e+03	6.6434e+00	1.6370e-01
1.6820e+03	6.7905e+00	1.5277e-01
1.6702e+03	6.9437e+00	1.4449e-01
1.6755e+03	6.1446e+00	2.3125e-01
1.6836e+03	6.5008e+00	1.7306e-01
1.6827e+03	6.6664e+00	1.6211e-01
1.6826e+03	6.3423e+00	1.8866e-01
1.6835e+03	6.5186e+00	1.7189e-01
1.6826e+03	6.6914e+00	1.6033e-01
1.6816e+03	6.8476e+00	1.4798e-01
1.6756e+03	6.1446e+00	2.3114e-01
1.6814e+03	6.8793e+00	1.4512e-01
1.6823e+03	6.7488e+00	1.5606e-01
1.6702e+03	6.9393e+00	1.4562e-01
1.6721e+03	6.8398e+00	1.6456e-01
1.6756e+03	6.1446e+00	2.3118e-01
1.6756e+03	6.1446e+00	2.3115e-01
1.6840e+03	6.4012e+00	1.7881e-01
1.6708e+03	6.9012e+00	1.5406e-01
1.6755e+03	6.1446e+00	2.3124e-01
1.6837e+03	6.4692e+00	1.7487e-01
1.6755e+03	6.1446e+00	2.3148e-01
1.6832e+03	6.5849e+00	1.6763e-01
1.6755e+03	6.1447e+00	2.3147e-01
