2.0414e-01	7.5788e-01	6.1964e-01
8.2567e-01	4.5674e-01	3.3114e-01
1.3036e-01	6.8329e-01	7.1841e-01
3.4062e-01	8.3543e-01	4.3132e-01
7.9550e-01	5.4188e-01	2.7120e-01
8.4561e-01	6.9167e-02	5.2930e-01
4.3291e-01	8.5335e-01	2.9048e-01
3.5461e-01	6.8800e-01	6.3317e-01
4.4561e-01	8.9325e-01	5.9463e-02
3.2332e-01	8.3693e-01	4.4161e-01
2.8889e-01	8.4319e-01	4.5340e-01
1.2852e-01	7.0674e-01	6.9570e-01
8.6424e-01	4.1123e-01	2.8980e-01
8.1167e-01	2.6932e-01	5.1832e-01
4.3198e-01	8.6272e-01	2.6287e-01
1.0826e-01	1.9590e-04	9.9412e-01
6.5983e-01	4.3117e-01	6.1540e-01
7.4601e-01	2.9104e-01	5.9897e-01
1.1442e-01	9.2918e-01	3.5148e-01
1.4475e-01	6.4653e-01	7.4903e-01
2.7140e-01	6.0642e-01	7.4739e-01
7.2458e-01	2.0137e-02	6.8890e-01
8.9454e-01	3.8790e-01	2.2210e-01
9.8290e-01	7.2628e-02	1.6921e-01
9.8629e-01	1.1045e-01	1.2262e-01
6.9496e-01	1.1551e-01	7.0971e-01
6.9746e-01	1.2549e-01	7.0555e-01
8.8414e-01	4.5848e-01	8.9920e-02
6.8561e-02	9.8612e-01	1.5120e-01
8.0326e-02	1.6694e-01	9.8269e-01
7.8560e-01	4.7350e-01	3.9828e-01
6.3299e-01	4.6078e-01	6.2210e-01
3.6944e-01	5.4924e-01	7.4957e-01
7.5297e-01	6.5265e-01	8.4182e-02
2.1119e-01	9.3008e-01	3.0057e-01
1.0897e-02	4.2985e-03	9.9993e-01
4.0823e-01	8.7218e-01	2.6954e-01
2.4709e-02	1.1656e-01	9.9288e-01
4.9071e-01	5.3559e-01	6.8728e-01
1.8624e-02	1.1222e-01	9.9351e-01
5.0431e-01	7.9235e-01	3.4331e-01
7.6638e-01	6.3352e-01	1.0642e-01
3.1744e-04	6.4775e-02	9.9790e-01
8.8631e-01	4.2729e-01	1.7855e-01
5.5934e-01	5.2754e-01	6.3940e-01
3.4229e-01	6.6728e-01	6.6149e-01
9.7764e-01	3.0441e-02	2.0807e-01
7.1681e-01	1.9002e-01	6.7087e-01
5.3608e-03	1.3548e-02	9.9989e-01
8.1456e-01	2.0018e-01	5.4444e-01
6.2194e-01	7.2538e-01	2.9499e-01
4.7389e-01	6.1042e-01	6.3468e-01
8.8493e-01	2.9516e-01	3.6024e-01
2.8991e-01	7.7081e-01	5.6728e-01
8.2786e-01	4.0908e-01	3.8380e-01
7.7858e-01	2.8105e-01	5.6109e-01
6.8400e-01	7.2826e-01	4.2198e-02
9.0890e-01	3.8655e-01	1.5649e-01
3.8615e-02	1.3397e-01	9.9023e-01
7.6131e-01	4.0734e-01	5.0446e-01
8.1851e-02	9.4264e-01	3.2363e-01
6.2584e-01	6.4557e-01	4.3767e-01
9.1681e-01	3.5449e-01	1.8387e-01
7.4024e-01	6.6350e-01	1.0868e-01
1.0202e-03	2.3542e-02	9.9972e-01
7.1510e-01	6.9202e-01	9.8706e-02
6.0974e-01	7.6845e-01	1.9414e-01
2.7997e-01	8.1333e-01	5.1001e-01
1.2045e-04	9.0330e-02	9.9591e-01
6.6590e-01	5.8144e-01	4.6745e-01
3.1367e-01	9.0766e-01	2.7887e-01
4.8376e-01	8.2091e-01	3.0345e-01
2.3604e-02	8.9537e-01	4.4469e-01
4.8157e-01	6.1069e-01	6.2861e-01
8.0093e-01	1.6879e-01	5.7447e-01
6.7635e-01	1.6579e-01	7.1768e-01
2.1024e-01	6.3252e-01	7.4546e-01
7.4125e-01	4.2273e-01	5.2138e-01
5.3599e-01	8.3816e-01	1.0103e-01
1.5006e-01	2.5766e-02	9.8834e-01
3.4650e-01	7.6363e-01	5.4481e-01
1.4489e-03	5.7515e-03	9.9998e-01
9.0181e-02	8.5863e-01	5.0461e-01
2.8565e-02	9.1626e-01	3.9957e-01
1.3237e-01	9.9092e-01	2.3378e-02
1.0519e-01	8.3855e-01	5.3458e-01
1.2806e-02	2.7634e-02	9.9954e-01
4.7177e-01	4.9357e-01	7.3063e-01
7.8272e-01	3.4747e-01	5.1635e-01
3.0574e-01	8.4746e-01	4.3398e-01
2.9247e-01	6.7204e-01	6.8031e-01
8.4700e-01	7.7158e-02	5.2596e-01
5.6379e-02	5.3332e-02	9.9698e-01
7.0578e-01	2.3854e-01	6.6707e-01
7.2451e-02	9.3808e-01	3.3876e-01
2.9485e-01	9.5310e-01	6.8243e-02
3.9957e-01	6.9614e-01	5.9643e-01
9.0027e-01	4.2544e-01	9.2242e-02
8.4288e-01	4.5700e-01	2.8408e-01
4.6942e-02	1.9286e-02	9.9871e-01
4.5213e-01	6.8278e-01	5.7392e-01
2.5061e-02	7.9409e-01	6.0729e-01
7.0249e-01	5.9506e-02	7.0920e-01
7.1790e-01	5.7025e-03	6.9613e-01
8.8854e-01	3.5286e-01	2.9324e-01
7.2624e-01	5.5252e-01	4.0903e-01
6.7748e-03	8.5761e-02	9.9629e-01
9.9775e-01	1.6888e-02	6.4925e-02
5.2431e-01	8.5068e-01	3.8087e-02
2.8440e-03	1.7216e-03	9.9999e-01
4.9071e-01	8.1723e-01	3.0223e-01
4.2047e-01	6.0277e-01	6.7814e-01
9.5319e-01	3.0151e-01	2.2587e-02
2.0331e-01	7.5721e-01	6.2073e-01
1.2221e-01	8.8658e-01	4.4615e-01
2.6531e-01	9.5934e-01	9.6302e-02
3.3443e-01	9.1872e-01	2.1003e-01
1.2502e-02	8.3885e-03	9.9989e-01
7.5887e-01	1.6347e-01	6.3039e-01
6.1748e-01	4.1229e-01	6.6988e-01
2.2871e-01	8.7365e-01	4.2944e-01
3.1345e-01	7.0453e-01	6.3670e-01
3.0027e-02	3.2279e-02	9.9903e-01
8.9870e-02	8.0352e-01	5.8845e-01
7.0815e-01	1.0616e-02	7.0598e-01
7.5547e-01	6.5057e-01	7.7683e-02
5.0157e-01	4.9919e-01	7.0656e-01
5.9352e-01	7.9862e-01	9.9727e-02
8.1780e-01	5.4466e-01	1.8585e-01
8.0613e-01	5.9078e-01	3.3750e-02
8.5135e-01	1.1885e-02	5.2447e-01
8.0779e-01	9.4639e-02	5.8182e-01
1.6080e-02	9.6711e-01	2.5386e-01
1.3639e-01	8.4768e-01	5.1267e-01
1.8112e-02	7.6507e-01	6.4370e-01
3.7191e-01	6.2806e-01	6.8354e-01
2.1698e-02	9.8984e-01	1.4049e-01
7.2262e-01	3.0847e-02	6.9056e-01
2.8037e-01	9.5304e-01	1.1447e-01
1.1630e-01	7.7182e-01	6.2511e-01
8.1576e-01	1.6216e-01	5.5519e-01
1.1501e-01	2.5724e-02	9.9303e-01
1.7828e-01	8.6972e-01	4.6023e-01
6.5027e-01	4.4792e-01	6.1361e-01
1.4901e-02	9.3923e-02	9.9547e-01
6.3781e-01	6.7982e-01	3.6200e-01
3.7098e-01	6.9868e-01	6.1173e-01
8.7201e-01	4.0311e-01	2.7768e-01
6.6502e-01	7.1351e-01	2.2058e-01
7.6123e-01	2.3164e-01	6.0569e-01
4.3018e-01	9.0207e-01	3.4909e-02
7.5130e-02	1.5436e-01	9.8515e-01
6.7358e-01	6.9658e-01	2.4712e-01
3.0867e-01	8.2501e-01	4.7337e-01
3.0394e-01	8.0321e-01	5.1232e-01
7.4781e-03	8.9693e-01	4.4211e-01
6.7419e-01	1.0094e-01	7.3163e-01
6.5983e-02	1.7991e-01	9.8147e-01
8.9793e-01	1.2243e-01	4.2276e-01
5.4639e-01	7.5024e-01	3.7228e-01
7.4487e-01	4.6834e-01	4.7521e-01
2.3087e-01	7.0754e-01	6.6790e-01
1.0918e-02	8.7173e-01	4.8986e-01
6.1445e-01	7.8495e-01	7.9461e-02
1.4852e-01	1.2047e-01	9.8154e-01
8.8507e-01	4.1484e-01	2.1109e-01
2.9346e-01	8.2184e-01	4.8832e-01
6.5640e-01	6.1855e-01	4.3191e-01
8.3469e-01	5.3923e-01	1.1191e-01
5.2231e-01	4.1635e-01	7.4420e-01
3.9634e-01	6.6455e-01	6.3347e-01
9.8912e-01	9.2380e-03	1.4684e-01
1.3519e-01	4.8119e-03	9.9081e-01
4.0503e-01	9.1389e-01	2.7618e-02
2.8576e-01	6.3552e-01	7.1726e-01
3.9724e-02	1.6234e-01	9.8594e-01
2.1542e-01	9.1893e-01	3.3040e-01
5.8466e-01	4.5744e-01	6.7002e-01
9.2895e-01	7.0426e-02	3.6344e-01
8.2751e-01	5.6054e-01	3.2143e-02
1.3279e-01	6.0238e-02	9.8931e-01
8.3692e-02	6.6867e-01	7.3883e-01
8.2898e-02	1.2184e-01	9.8908e-01
5.5385e-01	6.9957e-01	4.5151e-01
7.2605e-01	3.7679e-01	5.7522e-01
8.6305e-01	2.7972e-01	4.2060e-01
5.7588e-01	7.3365e-01	3.6072e-01
9.4702e-01	3.6423e-02	3.1910e-01
2.2518e-01	9.3230e-01	2.8304e-01
1.3417e-02	1.6082e-01	9.8689e-01
8.0374e-01	3.2713e-01	4.9699e-01
6.6384e-03	3.7238e-03	9.9997e-01
2.7842e-02	8.4891e-01	5.2781e-01
6.6571e-01	1.8723e-01	7.2234e-01
4.4810e-01	8.7825e-01	1.6699e-01
6.1879e-01	4.8626e-01	6.1696e-01
3.8530e-01	9.1378e-01	1.2866e-01
7.1679e-02	1.0120e-01	9.9228e-01
2.7994e-02	9.4897e-01	3.1411e-01
9.1658e-02	7.4897e-01	6.5623e-01
9.5599e-01	5.4954e-02	2.8821e-01
1.7272e-01	8.8888e-01	4.2433e-01
7.4321e-01	5.8821e-01	3.1883e-01
6.1572e-03	6.8876e-01	7.2496e-01
9.0419e-01	1.4109e-01	4.0315e-01
2.7866e-01	9.5917e-01	4.8451e-02
5.1265e-02	1.7247e-01	9.8368e-01
1.0967e-01	9.0001e-01	4.2185e-01
5.5734e-01	3.8122e-01	7.3759e-01
1.8744e-01	6.9780e-03	9.8225e-01
6.5127e-03	5.7170e-02	9.9834e-01
1.5857e-01	1.1178e-01	9.8100e-01
6.3023e-01	6.8877e-01	3.5834e-01
9.9707e-01	6.6629e-03	7.6233e-02
2.7291e-01	6.0438e-01	7.4849e-01
4.0769e-02	1.9360e-01	9.8023e-01
1.0980e-01	9.3644e-01	3.3321e-01
3.6154e-01	8.9325e-01	2.6720e-01
4.4669e-03	1.1575e-01	9.9327e-01
6.6748e-01	2.6757e-01	6.9489e-01
7.1062e-01	4.3494e-04	7.0358e-01
8.3499e-01	4.3711e-01	3.3425e-01
7.5515e-01	5.3673e-02	6.5335e-01
6.2905e-01	7.6515e-01	1.3729e-01
9.6850e-01	1.3969e-01	2.0615e-01
2.4665e-01	8.0015e-01	5.4674e-01
6.7796e-01	6.1956e-01	3.9562e-01
1.5671e-01	2.1029e-02	9.8742e-01
4.9676e-01	6.5485e-01	5.6957e-01
9.7170e-01	2.2991e-01	5.4283e-02
3.5161e-03	9.9661e-02	9.9502e-01
1.1114e-01	1.2955e-01	9.8532e-01
5.9637e-02	9.9087e-01	1.2092e-01
8.1870e-01	9.8870e-02	5.6565e-01
1.5441e-01	8.2498e-01	5.4365e-01
5.8373e-01	7.1902e-01	3.7719e-01
7.4253e-02	3.3997e-02	9.9666e-01
1.3889e-01	4.5531e-02	9.8926e-01
8.7413e-01	1.6730e-01	4.5596e-01
7.7452e-01	5.1270e-01	3.7049e-01
2.8574e-02	5.1314e-02	9.9827e-01
1.2089e-01	8.8890e-02	9.8868e-01
7.2673e-01	2.3292e-01	6.4623e-01
8.2593e-01	4.7663e-01	3.0111e-01
9.1088e-01	1.4402e-01	3.8671e-01
6.2484e-01	6.0281e-01	4.9618e-01
6.4198e-01	2.2174e-01	7.3396e-01
8.0162e-03	7.5066e-03	9.9994e-01
3.5450e-01	9.3212e-01	7.3980e-02
9.9107e-01	1.1337e-01	7.0179e-02
8.2093e-01	5.2580e-01	2.2271e-01
7.3032e-01	3.3970e-01	5.9265e-01
4.3783e-01	7.2772e-01	5.2794e-01
7.0319e-01	1.3695e-01	6.9769e-01
6.6099e-02	9.8448e-02	9.9294e-01
5.5968e-01	7.2741e-01	3.9704e-01
4.8225e-01	6.8161e-01	5.5031e-01
2.4741e-01	9.5658e-01	1.5411e-01
6.5002e-02	1.3586e-01	9.8859e-01
8.0754e-02	5.3235e-03	9.9672e-01
9.0268e-02	9.7480e-01	2.0400e-01
1.2971e-01	9.1337e-01	3.8591e-01
5.5225e-01	8.2594e-01	1.1332e-01
6.4217e-01	4.6042e-01	6.1288e-01
1.1654e-02	3.6249e-02	9.9927e-01
6.6741e-01	6.9939e-02	7.4140e-01
6.7130e-01	5.1792e-01	5.3020e-01
7.2871e-01	6.4397e-02	6.8178e-01
1.6376e-01	7.2045e-02	9.8387e-01
3.6253e-01	8.9935e-01	2.4443e-01
8.6037e-01	4.5526e-01	2.2914e-01
8.7576e-01	1.6249e-01	4.5458e-01
8.4939e-01	5.2081e-01	8.5443e-02
6.1305e-01	6.9259e-01	3.8012e-01
6.8175e-01	6.1736e-01	3.9254e-01
9.1758e-01	3.2589e-01	2.2769e-01
8.8643e-01	4.2554e-02	4.6090e-01
6.2413e-01	4.9796e-01	6.0208e-01
2.5111e-02	6.3259e-02	9.9768e-01
2.3899e-01	8.4339e-01	4.8122e-01
2.1313e-01	9.4055e-01	2.6448e-01
5.3956e-01	5.3421e-01	6.5077e-01
7.0473e-01	6.9950e-01	1.1854e-01
8.5197e-01	4.6895e-01	2.3289e-01
7.8084e-01	2.3578e-01	5.7853e-01
1.0583e-01	3.1070e-04	9.9438e-01
9.8646e-01	1.2697e-01	1.0382e-01
2.7183e-01	6.2796e-01	7.2923e-01
1.6623e-01	7.1876e-01	6.7509e-01
7.0583e-01	2.1134e-01	6.7612e-01
2.5772e-02	3.1865e-03	9.9966e-01
7.2583e-01	3.9440e-01	5.6358e-01
4.6688e-02	1.7570e-01	9.8334e-01
3.3324e-01	8.0897e-01	4.8427e-01
2.8282e-01	9.4762e-01	1.4845e-01
1.2955e-02	1.0031e-02	9.9987e-01
6.9168e-02	1.2027e-02	9.9753e-01
9.5486e-01	2.4742e-02	2.9602e-01
6.4600e-01	5.4388e-01	5.3561e-01
7.7754e-01	3.4896e-01	5.2313e-01
9.2190e-01	3.3436e-01	1.9572e-01
4.3640e-02	2.7152e-02	9.9868e-01
7.3871e-01	2.4741e-02	6.7357e-01
6.8520e-02	1.3699e-01	9.8820e-01
6.5852e-01	4.6662e-01	5.9045e-01
7.0955e-01	3.5628e-01	6.0794e-01
3.9190e-01	6.9319e-01	6.0490e-01
5.1435e-01	6.9082e-01	5.0814e-01
5.4882e-03	9.7569e-01	2.1910e-01
8.3789e-01	5.0174e-01	2.1494e-01
8.1672e-01	2.0263e-01	5.4028e-01
2.8308e-01	8.6264e-01	4.1919e-01
6.9535e-02	1.0311e-01	9.9224e-01
2.3915e-02	5.7627e-02	9.9805e-01
1.2908e-02	9.0911e-01	4.1636e-01
2.1825e-01	9.7046e-01	1.0286e-01
1.4686e-01	7.5351e-02	9.8628e-01
7.5331e-03	3.9359e-03	9.9996e-01
7.4095e-01	6.2527e-01	2.4503e-01
5.8205e-02	1.1808e-01	9.9130e-01
9.9436e-01	9.3904e-02	4.9225e-02
2.5198e-01	9.6637e-01	5.1265e-02
5.8857e-02	3.6828e-02	9.9759e-01
1.2032e-01	6.9196e-01	7.1184e-01
1.7299e-01	3.8051e-02	9.8419e-01
9.1341e-01	3.0570e-01	2.6874e-01
6.6924e-01	2.8526e-01	6.8611e-01
9.4490e-02	2.4753e-02	9.9522e-01
1.3490e-01	8.0149e-01	5.8259e-01
7.3299e-01	1.4199e-01	6.6525e-01
9.2003e-01	5.5867e-02	3.8784e-01
1.6411e-01	9.7700e-01	1.3613e-01
1.6690e-01	2.4685e-02	9.8566e-01
7.3871e-01	3.6817e-01	5.6459e-01
2.8366e-01	8.7826e-01	3.8497e-01
4.2322e-01	9.0106e-01	9.4750e-02
7.5690e-02	6.4178e-02	9.9506e-01
1.2688e-01	6.7510e-02	9.8962e-01
8.5804e-01	4.7154e-01	2.0351e-01
2.7260e-02	7.5459e-02	9.9678e-01
2.7041e-01	7.5432e-01	5.9823e-01
7.1063e-01	3.8297e-01	5.9020e-01
6.0281e-01	7.3749e-01	3.0451e-01
9.9678e-01	6.7327e-02	4.3529e-02
4.2572e-01	5.4617e-01	7.2143e-01
5.3525e-02	1.8032e-03	9.9856e-01
8.3448e-01	3.3419e-01	4.3815e-01
6.2083e-01	6.3526e-01	4.5936e-01
8.0299e-01	5.1712e-01	2.9630e-01
1.7869e-01	8.9565e-01	4.0727e-01
7.8755e-01	3.5554e-01	5.0334e-01
4.4393e-01	7.0084e-01	5.5834e-01
4.7124e-02	7.1882e-01	6.9360e-01
6.7967e-01	1.0194e-01	7.2640e-01
8.1203e-01	4.0676e-01	4.1851e-01
7.5644e-01	9.7990e-02	6.4668e-01
2.3128e-01	8.4259e-01	4.8636e-01
5.9488e-01	3.9207e-01	7.0171e-01
8.9353e-01	4.3527e-01	1.1019e-01
1.8882e-01	7.4138e-01	6.4398e-01
2.2503e-01	6.6217e-01	7.1477e-01
1.0479e-01	1.6738e-01	9.8031e-01
7.5752e-01	5.6348e-01	3.2963e-01
1.2580e-01	5.3033e-02	9.9064e-01
5.4627e-01	7.6531e-01	3.4043e-01
5.7451e-01	6.9667e-01	4.2963e-01
6.7654e-01	6.1773e-01	4.0087e-01
8.6335e-01	4.8754e-01	1.3011e-01
3.9644e-01	9.1073e-01	1.1581e-01
5.4764e-01	8.2146e-01	1.5905e-01
1.4795e-01	6.9001e-01	7.0852e-01
7.8703e-01	3.9806e-01	4.7131e-01
4.6222e-01	8.5106e-01	2.4910e-01
6.5064e-01	6.3771e-01	4.1230e-01
8.3227e-01	2.3892e-01	5.0023e-01
2.3222e-01	9.7104e-01	5.6226e-02
3.1142e-01	8.8335e-01	3.5030e-01
6.4792e-01	5.0495e-01	5.7028e-01
1.5602e-01	3.5637e-02	9.8711e-01
3.0595e-03	6.3249e-02	9.9799e-01
5.1893e-01	5.8183e-01	6.2625e-01
5.3449e-02	6.9309e-02	9.9616e-01
2.6340e-02	6.6787e-01	7.4382e-01
6.5975e-01	6.6019e-01	3.5899e-01
4.2603e-01	8.3255e-01	3.5406e-01
9.3578e-01	2.5496e-01	2.4353e-01
6.6794e-01	7.4336e-01	3.5780e-02
5.6522e-01	7.9610e-01	2.1624e-01
6.9872e-01	4.5146e-02	7.1397e-01
4.2593e-01	8.9815e-01	1.0913e-01
6.0199e-02	3.3186e-04	9.9819e-01
1.0175e-01	8.6066e-01	4.9891e-01
3.9997e-03	9.7976e-01	2.0014e-01
6.6338e-02	1.1664e-01	9.9096e-01
8.5561e-02	9.9629e-01	9.1854e-03
5.0841e-01	8.1368e-01	2.8187e-01
3.0905e-03	2.8309e-03	9.9999e-01
7.1135e-01	6.7512e-02	6.9958e-01
4.6593e-02	1.6328e-01	9.8548e-01
1.1451e-01	1.3184e-01	9.8463e-01
8.0246e-01	6.6560e-02	5.9299e-01
6.7634e-01	7.3358e-01	6.6536e-02
9.4184e-01	1.3139e-01	3.0932e-01
1.9481e-02	6.9324e-01	7.2044e-01
7.5186e-02	9.2711e-01	3.6717e-01
2.3976e-01	9.4206e-01	2.3461e-01
9.7377e-01	2.2607e-01	2.5812e-02
2.2770e-02	3.4977e-02	9.9913e-01
6.6116e-01	2.9870e-01	6.8822e-01
8.4249e-01	1.0333e-02	5.3861e-01
8.7793e-01	2.5450e-01	4.0555e-01
1.3532e-01	4.1074e-02	9.8995e-01
5.5235e-01	8.1396e-01	1.7993e-01
9.7614e-01	2.0740e-01	6.4333e-02
1.7252e-02	7.2028e-03	9.9983e-01
6.1297e-01	6.7260e-01	4.1458e-01
2.3173e-01	9.6486e-01	1.2390e-01
3.3318e-01	9.2710e-01	1.7170e-01
9.0404e-02	8.8022e-01	4.6587e-01
2.7298e-01	6.3895e-01	7.1918e-01
7.0912e-01	1.9027e-02	7.0483e-01
2.0073e-01	9.1735e-01	3.4376e-01
6.1855e-01	4.3545e-01	6.5405e-01
8.4229e-01	5.0378e-01	1.9173e-01
8.1539e-02	9.9328e-01	8.2107e-02
8.7563e-01	2.2743e-01	4.2608e-01
7.2832e-02	5.7480e-02	9.9569e-01
7.7060e-01	6.2634e-01	1.1782e-01
6.3962e-01	4.9079e-01	5.9162e-01
7.5797e-01	1.5430e-02	6.5211e-01
7.8093e-01	1.5848e-01	6.0418e-01
9.8448e-01	1.4082e-01	1.0472e-01
2.0288e-01	9.1380e-01	3.5187e-01
5.5324e-01	4.6416e-01	6.9172e-01
1.5471e-01	9.3741e-01	3.1199e-01
1.6037e-01	7.7635e-01	6.0956e-01
6.4107e-01	7.6321e-01	8.0897e-02
7.5071e-01	2.7553e-01	6.0043e-01
2.1508e-01	9.7463e-01	6.1962e-02
8.7666e-01	2.7549e-01	3.9443e-01
6.6125e-01	6.1082e-01	4.3548e-01
6.2437e-01	7.8109e-01	8.0918e-03
6.9930e-01	7.1225e-01	6.0703e-02
9.3870e-01	2.9974e-01	1.7027e-01
6.6799e-01	7.2662e-01	1.6066e-01
7.2413e-01	5.9925e-01	3.4137e-01
2.6169e-02	1.0962e-02	9.9960e-01
3.4555e-01	8.9473e-01	2.8294e-01
9.2874e-01	3.1847e-01	1.8980e-01
3.1166e-01	9.1471e-01	2.5726e-01
7.8353e-01	3.2323e-01	5.3066e-01
8.0122e-01	4.4408e-01	4.0105e-01
9.0689e-01	2.6799e-01	3.2515e-01
5.3234e-01	7.9467e-01	2.9173e-01
1.2833e-02	1.7339e-01	9.8477e-01
9.7940e-01	1.6106e-01	1.2180e-01
4.1849e-01	7.0516e-01	5.7237e-01
5.1764e-02	7.1800e-02	9.9607e-01
2.9505e-02	1.1951e-01	9.9239e-01
3.0651e-01	7.4961e-01	5.8663e-01
8.9559e-02	4.8468e-02	9.9480e-01
4.6002e-01	6.6982e-01	5.8285e-01
5.4564e-01	4.8788e-01	6.8136e-01
8.3579e-01	8.9089e-02	5.4178e-01
1.6053e-01	9.3572e-02	9.8259e-01
6.0498e-01	2.8939e-01	7.4179e-01
8.9708e-02	1.7076e-01	9.8122e-01
7.2692e-01	1.1567e-01	6.7691e-01
7.6473e-01	5.9321e-01	2.5159e-01
6.7034e-01	2.7081e-01	6.9087e-01
7.9056e-01	6.1104e-01	4.0593e-02
2.6932e-01	6.4687e-01	7.1346e-01
7.5267e-01	5.9879e-01	2.7374e-01
9.4585e-01	3.2156e-01	4.4407e-02
2.1086e-01	8.5796e-01	4.6845e-01
7.9463e-01	4.0919e-01	4.4847e-01
5.2624e-01	4.5797e-01	7.1647e-01
2.3819e-01	7.0871e-01	6.6407e-01
1.7415e-01	2.8760e-02	9.8430e-01
3.9684e-01	7.6823e-01	5.0234e-01
3.8481e-02	9.7493e-02	9.9449e-01
6.0497e-01	7.9293e-01	7.2590e-02
1.8087e-01	5.3588e-02	9.8205e-01
7.8661e-01	5.8835e-01	1.8729e-01
6.0786e-01	7.1033e-01	3.5487e-01
7.9775e-01	5.8147e-01	1.5962e-01
6.1091e-02	9.7080e-01	2.3199e-01
2.1699e-02	3.3482e-02	9.9920e-01
4.9727e-01	8.6231e-01	9.5636e-02
1.4000e-02	1.2603e-01	9.9193e-01
9.7938e-01	1.3618e-01	1.4922e-01
2.1228e-01	9.5102e-01	2.2473e-01
4.6015e-01	5.4812e-01	6.9845e-01
4.6722e-01	7.1571e-01	5.1911e-01
2.0034e-01	7.1217e-01	6.7281e-01
5.9230e-01	5.2166e-01	6.1405e-01
3.3301e-01	7.1202e-01	6.1817e-01
4.2761e-01	9.0385e-01	1.4227e-02
7.6949e-02	1.3696e-01	9.8758e-01
4.4659e-02	4.1495e-02	9.9814e-01
9.3295e-01	3.3737e-01	1.2564e-01
1.2003e-01	9.6924e-03	9.9272e-01
6.6866e-01	7.0107e-01	2.4779e-01
4.1580e-02	9.9286e-01	1.1180e-01
8.6842e-01	3.5482e-01	3.4634e-01
6.7086e-01	3.9081e-02	7.4056e-01
1.7741e-01	8.0916e-01	5.6016e-01
8.5939e-01	8.9285e-03	5.1125e-01
3.6968e-01	8.5808e-01	3.5641e-01
1.6957e-01	9.8529e-01	2.1290e-02
3.5210e-03	1.4489e-01	9.8944e-01
1.6284e-01	9.6032e-01	2.2641e-01
6.1207e-01	2.8113e-01	7.3914e-01
8.7453e-01	3.4375e-01	3.4209e-01
9.5972e-01	2.7718e-01	4.5823e-02
8.2388e-02	9.2732e-01	3.6510e-01
9.4300e-01	2.0944e-02	3.3214e-01
7.5542e-01	1.3921e-02	6.5510e-01
6.1860e-01	6.2395e-01	4.7752e-01
7.4817e-02	2.4404e-02	9.9690e-01
2.3738e-01	7.4671e-01	6.2135e-01
8.6698e-01	4.3982e-01	2.3432e-01
1.4491e-02	6.3364e-02	9.9789e-01
1.8329e-01	6.6159e-03	9.8304e-01
6.8703e-02	1.7679e-01	9.8185e-01
8.7811e-01	3.8399e-01	2.8544e-01
3.4283e-01	7.5071e-01	5.6471e-01
6.7107e-01	9.8840e-02	7.3478e-01
2.0006e-01	8.6633e-01	4.5765e-01
8.5326e-01	5.1800e-01	6.0233e-02
7.4381e-01	6.0106e-01	2.9237e-01
7.8322e-01	6.0122e-01	1.5845e-01
1.9907e-01	8.6913e-01	4.5276e-01
5.6488e-01	6.6863e-01	4.8357e-01
7.4803e-01	6.6300e-01	2.9760e-02
1.0522e-02	3.1584e-02	9.9945e-01
4.6040e-01	6.2541e-01	6.3000e-01
6.9321e-02	2.6377e-02	9.9725e-01
5.7249e-01	6.8746e-01	4.4683e-01
1.7828e-02	8.9569e-01	4.4431e-01
1.6686e-01	8.1593e-01	5.5355e-01
9.9429e-02	9.1534e-01	3.9022e-01
1.2197e-02	1.7595e-02	9.9977e-01
5.1690e-03	3.6034e-02	9.9934e-01
8.4376e-01	1.6894e-01	5.0944e-01
5.6653e-01	5.9803e-01	5.6692e-01
7.6956e-01	6.3850e-01	9.4692e-03
5.2889e-01	8.0371e-01	2.7262e-01
9.4568e-01	2.0557e-01	2.5186e-01
8.2948e-01	4.8576e-01	2.7569e-01
4.8437e-01	4.7074e-01	7.3742e-01
9.5486e-01	1.1419e-01	2.7424e-01
4.2820e-01	6.1036e-01	6.6641e-01
9.6176e-01	1.7323e-01	2.1215e-01
5.9363e-01	7.1656e-01	3.6625e-01
3.6229e-01	6.3222e-01	6.8487e-01
8.6509e-01	1.4699e-01	4.7959e-01
1.8886e-01	7.3848e-01	6.4729e-01
9.0455e-01	4.0210e-01	1.4180e-01
7.2961e-01	1.8393e-01	6.5867e-01
1.9740e-02	1.1527e-01	9.9314e-01
8.4838e-01	1.7025e-01	5.0126e-01
9.0254e-01	4.9109e-02	4.2780e-01
8.4116e-01	4.3039e-01	3.2744e-01
6.7501e-01	4.6724e-01	5.7100e-01
4.8418e-01	8.7474e-01	1.9792e-02
2.8533e-01	9.5024e-01	1.2500e-01
7.6406e-02	7.8950e-02	9.9395e-01
4.4661e-01	8.5647e-01	2.5884e-01
9.8903e-03	9.3290e-02	9.9559e-01
1.5006e-01	9.7483e-01	1.6489e-01
7.7937e-01	4.7728e-01	4.0594e-01
3.3604e-02	2.7149e-02	9.9907e-01
4.3965e-02	1.4964e-01	9.8776e-01
7.5818e-01	5.4840e-01	3.5272e-01
5.2664e-02	5.5364e-02	9.9708e-01
5.2141e-02	8.3267e-01	5.5131e-01
7.6309e-01	6.3504e-01	1.2007e-01
7.8871e-03	2.5008e-02	9.9966e-01
2.7965e-01	7.3051e-01	6.2302e-01
2.7119e-01	7.3285e-01	6.2401e-01
5.9602e-01	7.9580e-01	1.0708e-01
9.4594e-01	2.6836e-01	1.8214e-01
6.5435e-01	6.3536e-01	4.1005e-01
1.1099e-01	7.9207e-01	6.0026e-01
6.6458e-01	1.7885e-01	7.2549e-01
9.2443e-01	1.0906e-01	3.6542e-01
5.4563e-01	5.7799e-01	6.0680e-01
8.5541e-01	2.2800e-01	4.6507e-01
1.5669e-04	8.2897e-04	1.0000e+00
9.2144e-01	2.9028e-01	2.5825e-01
2.8268e-01	8.4413e-01	4.5556e-01
3.9109e-02	8.2222e-02	9.9585e-01
4.7412e-01	8.8006e-01	2.6743e-02
6.2686e-01	6.6044e-01	4.1337e-01
6.2770e-01	7.6437e-01	1.4742e-01
9.9571e-01	9.2388e-02	5.7578e-03
3.3159e-01	9.0202e-01	2.7642e-01
5.6562e-01	3.8831e-01	7.2752e-01
5.0085e-02	9.7690e-01	2.0776e-01
8.1896e-01	7.9382e-02	5.6833e-01
1.6464e-02	1.7994e-01	9.8354e-01
1.9735e-01	9.7897e-01	5.1596e-02
6.0857e-01	7.1937e-01	3.3488e-01
1.2042e-01	8.4163e-01	5.2646e-01
2.7821e-02	3.5538e-03	9.9961e-01
4.2457e-01	7.2880e-01	5.3721e-01
8.1083e-01	5.2172e-01	2.6527e-01
4.7339e-01	4.6801e-01	7.4623e-01
5.7680e-03	7.1678e-02	9.9741e-01
6.2751e-01	7.6599e-01	1.3963e-01
1.5606e-01	7.8836e-01	5.9509e-01
1.6931e-01	8.5227e-01	4.9494e-01
9.5822e-01	2.8066e-01	5.5093e-02
7.6585e-01	4.0489e-02	6.4174e-01
7.1636e-01	6.7182e-01	1.8840e-01
4.5721e-01	6.0746e-01	6.4957e-01
3.4560e-01	8.3632e-01	4.2559e-01
8.0472e-01	1.0615e-01	5.8408e-01
2.8919e-01	7.7527e-01	5.6154e-01
9.5575e-01	1.5540e-01	2.4978e-01
3.9064e-01	9.0918e-01	1.4417e-01
3.4270e-01	9.3853e-01	4.1342e-02
4.0276e-01	7.1075e-01	5.7673e-01
7.4817e-01	6.5983e-01	6.9823e-02
8.0583e-01	5.5689e-01	2.0130e-01
4.0984e-01	6.6954e-01	6.1947e-01
9.1621e-01	2.4078e-01	3.2029e-01
9.5578e-01	1.7474e-01	2.3655e-01
7.1850e-02	1.0276e-01	9.9211e-01
5.7086e-01	6.1137e-01	5.4804e-01
9.3468e-01	1.0826e-01	3.3862e-01
6.6044e-01	3.7732e-01	6.4918e-01
3.9535e-01	6.5356e-01	6.4541e-01
9.7865e-01	2.0551e-01	2.9649e-03
7.5837e-01	4.6336e-01	4.5844e-01
5.6850e-01	7.8953e-01	2.3119e-01
9.8657e-01	7.7470e-02	1.4377e-01
7.2388e-01	3.3542e-01	6.0290e-01
1.5641e-01	7.7319e-01	6.1459e-01
1.9508e-02	4.9040e-02	9.9861e-01
1.1040e-01	1.3583e-02	9.9379e-01
7.0905e-01	5.3207e-02	7.0314e-01
1.2624e-01	7.9841e-01	5.8874e-01
9.5859e-01	1.8074e-01	2.2009e-01
5.2982e-01	5.7098e-01	6.2712e-01
1.4419e-01	9.0023e-01	4.1086e-01
4.3697e-01	5.5506e-01	7.0779e-01
9.7772e-04	1.2553e-02	9.9992e-01
9.9017e-01	1.3656e-01	3.0379e-02
5.2212e-01	7.0754e-01	4.7622e-01
7.2100e-02	8.1958e-02	9.9402e-01
6.4901e-01	7.2904e-01	2.1745e-01
6.7894e-01	7.0728e-01	1.9694e-01
6.5556e-01	1.2428e-01	7.4484e-01
7.3937e-01	6.7310e-01	1.6404e-02
4.3704e-02	9.9219e-01	1.1679e-01
7.4107e-01	6.6844e-01	6.3182e-02
1.3899e-01	2.9576e-02	9.8985e-01
7.2580e-01	5.8026e-01	3.6947e-01
3.7855e-01	7.8356e-01	4.9268e-01
2.9898e-01	9.5425e-01	4.3896e-03
9.5893e-03	9.8148e-01	1.9133e-01
6.5974e-01	7.3237e-01	1.6844e-01
7.8259e-01	3.1687e-01	5.3586e-01
1.3259e-01	9.8698e-01	9.1038e-02
7.3519e-01	6.4971e-01	1.9330e-01
3.6269e-01	9.3181e-01	1.3435e-02
7.8171e-01	2.8529e-01	5.5456e-01
9.2013e-01	2.2376e-01	3.2138e-01
8.1789e-02	9.0595e-02	9.9252e-01
8.3712e-01	4.8123e-01	2.6008e-01
7.2456e-01	5.0749e-01	4.6634e-01
6.8266e-01	5.1173e-01	5.2163e-01
9.4583e-01	4.1754e-02	3.2196e-01
6.0999e-01	3.9113e-01	6.8915e-01
8.4979e-01	6.2078e-02	5.2345e-01
5.4255e-02	1.2169e-01	9.9108e-01
8.0120e-01	5.4823e-01	2.3983e-01
6.7323e-01	4.7950e-01	5.6288e-01
2.8298e-01	9.4036e-01	1.8878e-01
3.3097e-01	7.1990e-01	6.1008e-01
6.2843e-01	7.7771e-01	1.5276e-02
3.6521e-02	2.8820e-02	9.9892e-01
9.9003e-01	3.9220e-02	1.3527e-01
5.3539e-01	4.4138e-01	7.2010e-01
3.2522e-02	1.6034e-01	9.8653e-01
7.7259e-02	8.4725e-02	9.9340e-01
4.8434e-01	5.3287e-01	6.9388e-01
1.1819e-03	1.8673e-01	9.8241e-01
5.7058e-01	6.8720e-01	4.4966e-01
4.9232e-01	8.1138e-01	3.1511e-01
8.4006e-01	8.9866e-03	5.4241e-01
7.7480e-01	5.8245e-01	2.4586e-01
8.8962e-01	4.4902e-01	8.3410e-02
9.4845e-01	2.3833e-02	3.1603e-01
9.5903e-01	1.0621e-01	2.6263e-01
7.9801e-01	5.8814e-01	1.3139e-01
9.7061e-01	1.7599e-01	1.6415e-01
9.5650e-01	2.8698e-01	5.2422e-02
7.5777e-01	2.0989e-01	6.1785e-01
4.8199e-04	1.8159e-03	1.0000e+00
7.2249e-01	1.1123e-01	6.8238e-01
7.6718e-01	6.0424e-02	6.3858e-01
8.9337e-01	2.0872e-01	3.9790e-01
5.2432e-01	4.4059e-01	7.2867e-01
1.8886e-01	9.6587e-01	1.7727e-01
9.7400e-01	1.4134e-01	1.7704e-01
7.9330e-01	3.4811e-01	4.9949e-01
1.0692e-02	1.9446e-01	9.8085e-01
2.4455e-02	2.9707e-03	9.9970e-01
7.0147e-02	2.9475e-02	9.9710e-01
1.1434e-01	9.9288e-01	3.3390e-02
8.5210e-01	1.2985e-01	5.0702e-01
3.1534e-01	6.4400e-01	6.9701e-01
2.2892e-01	9.7344e-01	6.6704e-04
8.4853e-01	4.7215e-01	2.3890e-01
8.4242e-02	1.5425e-01	9.8443e-01
6.9920e-01	2.6349e-01	6.6459e-01
5.6982e-01	5.5759e-01	6.0365e-01
3.3333e-01	6.9416e-01	6.3800e-01
2.1545e-01	6.5073e-01	7.2810e-01
4.4527e-01	8.9522e-01	1.7593e-02
9.2998e-01	3.4513e-01	1.2658e-01
7.0670e-01	6.7593e-01	2.0902e-01
8.9524e-01	2.3010e-01	3.8156e-01
7.5092e-01	5.6840e-01	3.3622e-01
6.7500e-01	6.8279e-01	2.7959e-01
1.3759e-01	1.3277e-02	9.9040e-01
7.6362e-01	5.9862e-01	2.4195e-01
8.5586e-01	4.9443e-01	1.5177e-01
4.9343e-01	8.6423e-01	9.8096e-02
1.9768e-01	6.6095e-01	7.2392e-01
9.9578e-01	8.9569e-02	2.0230e-02
2.2924e-01	7.3093e-01	6.4280e-01
6.2536e-01	5.8180e-01	5.2004e-01
7.3667e-01	3.5990e-01	5.7252e-01
8.8607e-01	2.6709e-01	3.7887e-01
9.8494e-01	4.8823e-02	1.6585e-01
7.2262e-01	6.4217e-01	2.5581e-01
8.7485e-01	4.9369e-02	4.8187e-01
4.8913e-02	6.8328e-02	9.9646e-01
3.8807e-02	3.8077e-03	9.9924e-01
4.0381e-03	1.9232e-02	9.9981e-01
2.8115e-01	6.5669e-01	6.9980e-01
4.0528e-02	7.0027e-01	7.1273e-01
4.4145e-01	8.9142e-01	1.0239e-01
5.4493e-01	4.0686e-01	7.3315e-01
6.1061e-01	6.6058e-01	4.3680e-01
9.1482e-01	3.4128e-01	2.1594e-01
2.0266e-01	9.3296e-01	2.9750e-01
4.9286e-02	3.0760e-02	9.9831e-01
6.6940e-03	2.1875e-02	9.9974e-01
2.9236e-01	9.0218e-01	3.1716e-01
3.0408e-01	9.4954e-01	7.6896e-02
8.5018e-01	2.0252e-01	4.8597e-01
9.8307e-01	1.6737e-01	7.4644e-02
9.8969e-01	5.4000e-02	1.3269e-01
8.0320e-01	5.9570e-01	3.7417e-03
2.4548e-01	9.1947e-01	3.0710e-01
2.1564e-02	2.6427e-02	9.9942e-01
5.6734e-01	5.6693e-01	5.9726e-01
9.6797e-02	9.8016e-01	1.7294e-01
9.0169e-02	9.2212e-01	3.7625e-01
5.0351e-01	8.4603e-01	1.7523e-01
6.3143e-01	7.7534e-01	1.1986e-02
7.7371e-01	5.5213e-01	3.1068e-01
8.3805e-02	4.8541e-02	9.9530e-01
6.2165e-02	6.4450e-02	9.9598e-01
3.3703e-03	8.3091e-02	9.9654e-01
9.1102e-01	2.6793e-01	3.1347e-01
5.4713e-01	5.1111e-01	6.6288e-01
8.5805e-01	8.7982e-02	5.0598e-01
6.0354e-01	6.9903e-01	3.8352e-01
9.0621e-01	3.9430e-01	1.5271e-01
1.1081e-01	7.2987e-01	6.7455e-01
7.8384e-01	3.1884e-01	5.3285e-01
2.2100e-01	9.1134e-01	3.4731e-01
4.9196e-03	4.0368e-03	9.9998e-01
5.6084e-01	3.6546e-01	7.4290e-01
6.5545e-01	1.6909e-01	7.3606e-01
8.9353e-01	3.5049e-01	2.8063e-01
4.6717e-01	8.0124e-01	3.7384e-01
7.1407e-01	6.4729e-01	2.6669e-01
6.6030e-01	7.3895e-01	1.3397e-01
6.5631e-01	7.5302e-01	4.7045e-02
5.4089e-01	7.5298e-01	3.7478e-01
1.5209e-01	9.2916e-01	3.3696e-01
7.3953e-02	6.8057e-02	9.9494e-01
4.7708e-01	8.6796e-01	1.3799e-01
7.6113e-01	6.4612e-01	5.6699e-02
7.3873e-01	4.8318e-01	4.6990e-01
4.9811e-01	8.0240e-01	3.2869e-01
1.0217e-01	8.9994e-01	4.2387e-01
8.8557e-01	2.4672e-01	3.9358e-01
6.6012e-02	9.2950e-01	3.6286e-01
9.2303e-01	8.4949e-02	3.7523e-01
3.4927e-01	9.1944e-01	1.8064e-01
1.0835e-02	3.0399e-02	9.9948e-01
1.4579e-01	8.1651e-01	5.5863e-01
1.5012e-02	8.4141e-01	5.4018e-01
2.9766e-01	7.5763e-01	5.8086e-01
2.4643e-01	7.0150e-01	6.6871e-01
9.2953e-01	2.6012e-01	2.6136e-01
7.6877e-01	5.3608e-01	3.4873e-01
1.2265e-01	6.0881e-02	9.9058e-01
1.6882e-01	7.0975e-01	6.8392e-01
6.5719e-01	3.7337e-01	6.5475e-01
5.5202e-01	5.2493e-01	6.4786e-01
6.8099e-01	3.3392e-01	6.5173e-01
9.6440e-02	1.7074e-01	9.8058e-01
1.4837e-01	8.5660e-01	4.9418e-01
4.7610e-02	5.5225e-02	9.9734e-01
3.4108e-01	8.5570e-01	3.8916e-01
9.4838e-01	7.3171e-02	3.0858e-01
1.4471e-01	9.6919e-01	1.9935e-01
4.3339e-01	5.5487e-01	7.1014e-01
6.3235e-01	6.7605e-01	3.7826e-01
8.0145e-01	5.0262e-01	3.2412e-01
4.7231e-01	7.3084e-01	4.9274e-01
8.4455e-01	4.8366e-01	2.2983e-01
1.8934e-01	9.8121e-01	3.7217e-02
1.1418e-01	9.5538e-02	9.8886e-01
2.9689e-03	2.9696e-02	9.9955e-01
7.0565e-01	7.0856e-01	1.5512e-03
7.8779e-01	6.0162e-01	1.3208e-01
4.2415e-01	7.6989e-01	4.7683e-01
1.9039e-02	4.3544e-02	9.9887e-01
8.6970e-01	4.8597e-01	8.6387e-02
7.8935e-02	3.2693e-02	9.9634e-01
8.3952e-01	5.4329e-01	6.3034e-03
1.1409e-01	8.0914e-01	5.7644e-01
6.4808e-01	2.0216e-01	7.3425e-01
5.3705e-01	4.3290e-01	7.2400e-01
6.3845e-01	7.3655e-01	2.2334e-01
4.1905e-01	8.0827e-01	4.1364e-01
6.3698e-01	2.4771e-01	7.3000e-01
1.8575e-02	1.2798e-01	9.9160e-01
3.4842e-02	3.4669e-03	9.9939e-01
7.9449e-01	6.0702e-01	1.7925e-02
4.2971e-01	5.7931e-01	6.9264e-01
8.1270e-01	5.3274e-01	2.3604e-01
8.0194e-01	3.7688e-01	4.6351e-01
9.0975e-01	2.8072e-01	3.0587e-01
8.0590e-01	5.4733e-01	2.2575e-01
7.5894e-01	5.4451e-01	3.5708e-01
3.2772e-01	9.2693e-01	1.8277e-01
3.2631e-01	9.3250e-01	1.5478e-01
7.1621e-01	2.3588e-01	6.5681e-01
9.2992e-01	2.9966e-01	2.1318e-01
5.4056e-01	7.1212e-01	4.4797e-01
1.3464e-01	9.3480e-02	9.8648e-01
6.4582e-01	3.8267e-01	6.6067e-01
2.1567e-01	8.5478e-01	4.7206e-01
8.9119e-01	9.6836e-02	4.4317e-01
1.5361e-01	1.3113e-02	9.8804e-01
6.0564e-01	4.4473e-01	6.5986e-01
3.1853e-01	8.5726e-01	4.0453e-01
8.6811e-01	2.8235e-01	4.0825e-01
4.8269e-02	9.5435e-02	9.9426e-01
8.3275e-01	4.6591e-01	2.9910e-01
1.7919e-01	3.4442e-02	9.8321e-01
7.5833e-01	6.5122e-01	2.9016e-02
1.7633e-01	8.2836e-01	5.3172e-01
7.7379e-01	3.6930e-01	5.1466e-01
2.2028e-01	6.4478e-01	7.3194e-01
1.3156e-02	4.0056e-02	9.9911e-01
2.6823e-02	4.9509e-02	9.9841e-01
2.7947e-02	2.4226e-02	9.9932e-01
1.2991e-01	1.1400e-01	9.8495e-01
3.5987e-01	6.8719e-01	6.3108e-01
1.1897e-01	9.0773e-01	4.0234e-01
3.9642e-01	7.7114e-01	4.9818e-01
1.5431e-01	8.5708e-01	4.9153e-01
7.1644e-01	1.7242e-01	6.7600e-01
2.8658e-01	6.2865e-01	7.2296e-01
3.4048e-01	6.2530e-01	7.0219e-01
2.5007e-01	9.6489e-01	8.0318e-02
1.1397e-02	1.5881e-01	9.8724e-01
7.3369e-01	6.5960e-01	1.6320e-01
3.4945e-02	8.1521e-01	5.7810e-01
3.7339e-01	8.7840e-01	2.9833e-01
5.3906e-01	4.4382e-01	7.1585e-01
1.5040e-02	8.2239e-03	9.9985e-01
6.3820e-01	7.6452e-01	9.0563e-02
1.1120e-01	8.7018e-01	4.8003e-01
6.0167e-01	7.5149e-01	2.7066e-01
9.0977e-01	2.3075e-01	3.4507e-01
7.8083e-01	1.8723e-01	5.9603e-01
1.6134e-03	1.3833e-03	1.0000e+00
4.5348e-02	1.5595e-01	9.8672e-01
4.2326e-01	6.6937e-01	6.1057e-01
3.0127e-01	9.5321e-01	2.4915e-02
1.0860e-01	2.9903e-02	9.9364e-01
4.4806e-02	9.3626e-01	3.4843e-01
6.1817e-01	7.4396e-01	2.5375e-01
8.8934e-01	1.4182e-01	4.3470e-01
7.4778e-01	4.9709e-01	4.4014e-01
9.4948e-01	1.2476e-01	2.8796e-01
8.1050e-03	5.2640e-03	9.9995e-01
4.0623e-02	9.5314e-02	9.9462e-01
7.1335e-01	5.5542e-01	4.2736e-01
5.1250e-01	5.7747e-01	6.3551e-01
1.1538e-01	9.9104e-01	6.7239e-02
2.5625e-01	8.4869e-01	4.6267e-01
7.5063e-02	1.0312e-01	9.9183e-01
1.6871e-01	6.5491e-01	7.3664e-01
7.1168e-01	4.3812e-01	5.4915e-01
2.6751e-02	6.0702e-02	9.9780e-01
7.6792e-01	2.2131e-02	6.4016e-01
7.2697e-01	3.7164e-02	6.8566e-01
5.3017e-01	6.9546e-01	4.8503e-01
6.6872e-01	3.4601e-01	6.5810e-01
7.0283e-01	1.2325e-01	7.0060e-01
3.9604e-01	7.3294e-01	5.5313e-01
3.7578e-01	8.4893e-01	3.7163e-01
2.5537e-02	1.3840e-01	9.9005e-01
6.4860e-01	7.3495e-01	1.9790e-01
6.7139e-01	6.4291e-01	3.6865e-01
1.7374e-01	7.1353e-01	6.7874e-01
7.2247e-01	4.8769e-01	4.9011e-01
8.3037e-01	2.6704e-02	5.5657e-01
5.6350e-01	4.6929e-01	6.7988e-01
7.6931e-03	7.4665e-02	9.9718e-01
6.9451e-01	5.4498e-01	4.6973e-01
4.9453e-01	8.5390e-01	1.6215e-01
8.1338e-01	2.3180e-01	5.3356e-01
3.7900e-01	7.1725e-01	5.8474e-01
7.4605e-01	5.1866e-01	4.1761e-01
7.2210e-01	2.7076e-01	6.3660e-01
3.6523e-01	8.3312e-01	4.1536e-01
4.4760e-02	9.0035e-01	4.3285e-01
9.1333e-01	4.0707e-01	1.0826e-02
8.9305e-01	2.2239e-01	3.9116e-01
4.3957e-02	7.6603e-01	6.4130e-01
4.0756e-01	8.9653e-01	1.7358e-01
2.6982e-01	6.8974e-01	6.7191e-01
1.3182e-02	7.8026e-01	6.2532e-01
8.4543e-01	3.0327e-01	4.3964e-01
9.5675e-01	2.5208e-01	1.4523e-01
9.7092e-01	2.8712e-02	2.3769e-01
3.8103e-02	1.2484e-01	9.9144e-01
3.1225e-01	7.6907e-01	5.5770e-01
9.6209e-01	2.4098e-01	1.2774e-01
8.8874e-01	3.8081e-01	2.5521e-01
6.9758e-01	3.3664e-01	6.3250e-01
4.0591e-02	2.1677e-02	9.9894e-01
9.2673e-01	3.7363e-01	3.9603e-02
5.6959e-01	7.5417e-01	3.2679e-01
3.0380e-01	9.4815e-01	9.3363e-02
5.4059e-01	6.0965e-01	5.7973e-01
2.7602e-01	9.4526e-01	1.7407e-01
8.7216e-01	3.6028e-02	4.8789e-01
9.2980e-01	1.9368e-01	3.1298e-01
4.4361e-01	5.0581e-01	7.3984e-01
5.4247e-01	6.6962e-01	5.0728e-01
2.4817e-02	4.2376e-02	9.9879e-01
7.4152e-01	1.0055e-01	6.6335e-01
4.5916e-01	7.6579e-01	4.5027e-01
1.8527e-02	8.4338e-03	9.9979e-01
9.0256e-01	4.2792e-01	4.7532e-02
7.5841e-01	3.6845e-01	5.3765e-01
5.9610e-01	5.4740e-01	5.8738e-01
5.3973e-01	8.3876e-01	7.1904e-02
1.3489e-01	7.5972e-02	9.8794e-01
9.2401e-01	1.8155e-02	3.8193e-01
2.0618e-01	9.5667e-01	2.0559e-01
5.4629e-02	2.5005e-03	9.9850e-01
2.8683e-02	9.9261e-02	9.9465e-01
8.6135e-02	8.0579e-01	5.8590e-01
5.9712e-01	7.0014e-01	3.9148e-01
9.4402e-01	2.6634e-01	1.9467e-01
5.3839e-01	3.9057e-01	7.4672e-01
6.9492e-01	7.1361e-01	8.8540e-02
1.4703e-01	7.7125e-02	9.8612e-01
4.4230e-01	6.7180e-01	5.9418e-01
3.3319e-01	8.1265e-01	4.7811e-01
1.1205e-01	6.8277e-02	9.9135e-01
8.3368e-01	1.7568e-02	5.5197e-01
1.8091e-01	8.3722e-01	5.1608e-01
4.3198e-01	7.1573e-01	5.4875e-01
5.7429e-01	8.0362e-01	1.5616e-01
5.6554e-01	4.9503e-01	6.5962e-01
9.1978e-01	3.8270e-01	8.6837e-02
3.6544e-01	7.7598e-01	5.1410e-01
8.8006e-01	1.1062e-01	4.6180e-01
8.4432e-01	4.3923e-01	3.0692e-01
6.0572e-01	6.0424e-01	5.1769e-01
2.7796e-02	4.0618e-02	9.9879e-01
9.5114e-02	1.0476e-02	9.9541e-01
5.8894e-01	5.0819e-01	6.2841e-01
3.9037e-02	5.5408e-02	9.9770e-01
4.5215e-01	8.6863e-01	2.0259e-01
4.1218e-01	5.6997e-01	7.1080e-01
9.3128e-01	2.2484e-01	2.8664e-01
7.9024e-01	5.9597e-01	1.4265e-01
8.0094e-01	2.4563e-01	5.4604e-01
9.6776e-01	2.4501e-01	5.8369e-02
8.4043e-01	2.6270e-01	4.7399e-01
4.5732e-01	8.6982e-01	1.8511e-01
5.3252e-01	8.1124e-01	2.4150e-01
