-9.3090e-01
-1.4060e+00
-1.2416e+00
-8.8904e-01
-8.0770e-01
-4.8513e-01
-5.5987e-01
-2.1469e+00
-4.6899e-02
-1.5992e+00
-1.1190e+00
-1.4063e+00
-2.1576e+00
-1.7528e+00
-3.1268e-01
-1.8764e+00
-5.9930e-01
-9.5634e-01
-1.2330e-01
-1.4291e+00
-1.2286e+00
-1.1231e-01
-1.0436e+00
-6.3772e-01
-5.5209e-01
-3.9454e-02
-6.9605e-01
-1.5631e+00
-1.3051e+00
-1.3444e+00
-1.7120e+00
-1.0040e+00
-1.5378e+00
-2.8679e-01
-1.5428e+00
-1.9251e+00
-5.4032e-01
-7.0866e-01
-1.2845e+00
-1.4597e+00
-1.2600e+00
-8.3441e-01
-2.2766e-01
-7.1155e-01
-1.7363e+00
-1.5946e+00
-9.9298e-01
-7.0012e-02
-3.5012e-01
-1.6263e+00
-1.0145e+00
-1.0097e+00
-1.2150e+00
-8.3130e-01
-2.1879e+00
-6.7227e-01
-6.6642e-01
-5.9740e-01
-3.4570e-01
-3.5678e-01
-2.0248e+00
-1.7339e-01
-4.2665e-01
-1.4409e+00
-8.9584e-01
-7.0198e-01
-1.1591e-01
-1.4641e+00
-9.3391e-01
-9.1691e-01
-1.0111e+00
-1.5689e+00
-5.6375e-02
-1.2901e+00
-1.2206e+00
-9.4194e-01
-1.0255e+00
-1.9296e+00
-7.5903e-01
-1.3006e-01
-4.7307e-01
-8.8478e-01
-3.2723e-01
-1.3542e+00
-1.3013e-01
-6.0003e-01
-1.4657e-01
-1.0346e+00
-2.2556e-01
-7.6827e-01
-1.4843e+00
-1.7052e+00
-2.0709e+00
-1.2163e+00
-1.9055e+00
-3.7131e-01
-5.1208e-02
-1.9806e+00
-1.9988e+00
-1.1087e+00
-1.8475e+00
-5.2681e-01
-5.8322e-01
-1.7137e+00
-1.7806e+00
-1.8752e+00
-1.1799e+00
-1.3791e+00
-2.0152e-01
-5.9493e-01
-1.7765e+00
-3.8345e-01
-1.7976e-02
-1.2385e+00
-1.8445e+00
-3.9461e-01
-1.0116e+00
-1.2777e+00
-2.4284e-01
-6.3987e-02
-2.0100e+00
-1.0610e+00
-1.7131e+00
-2.9415e-01
-8.1007e-01
-1.2549e+00
-2.8264e-02
-1.3959e+00
-4.9379e-02
-1.8720e+00
-1.5857e+00
-8.8054e-01
-6.7149e-01
-6.0560e-01
-8.1416e-01
-3.1736e-02
-1.2035e+00
-8.4342e-01
-9.5196e-01
-1.5528e+00
-1.0232e+00
-1.8997e+00
-2.0514e+00
-7.3777e-01
-2.2363e-02
-1.0261e+00
-1.4241e+00
-1.4943e+00
-2.6307e-03
-8.1516e-01
-7.3434e-01
-5.6103e-01
-6.9292e-01
-1.9788e+00
-3.5283e-01
-9.6172e-01
-1.7918e+00
-6.5734e-01
-5.6994e-02
-1.4349e+00
-2.5967e-01
-4.1766e-01
-1.7561e+00
-1.2107e-01
-2.0141e+00
-7.3054e-01
-4.8847e-01
-1.0753e+00
-9.2376e-01
-1.0532e+00
-1.0484e+00
-9.3223e-01
-1.8665e+00
-6.1193e-01
-1.5995e+00
-2.8592e-01
-1.4083e+00
-1.9690e+00
-1.7692e+00
-5.1582e-01
-1.7587e+00
-8.0116e-01
-5.0091e-01
-2.0769e+00
-2.0125e-01
-6.1364e-01
-1.9439e+00
-1.7679e+00
-4.6667e-01
-5.2311e-01
-1.1202e+00
-3.6705e-01
-1.6560e+00
-1.7170e-01
-6.5503e-01
-1.4389e+00
-2.0574e-01
-3.5182e-01
-4.6344e-01
-1.8970e+00
-1.9522e+00
-1.8370e+00
-4.8950e-01
-4.7468e-01
-2.0905e+00
-1.8378e+00
-1.2730e+00
-3.4061e-01
-1.2977e+00
-1.1370e+00
-2.9181e-01
-1.8628e+00
-1.8538e+00
-7.7435e-01
-9.6724e-01
-1.7758e+00
-1.8525e+00
-2.0518e+00
-2.8317e-01
-2.0675e+00
-1.4270e+00
-2.2897e-01
-4.6005e-01
-8.2655e-01
-2.1776e-01
-1.8491e+00
-4.7359e-01
-6.6809e-01
-3.8109e-01
-1.3464e+00
-8.0294e-01
-1.1329e+00
-1.2768e+00
-1.3704e+00
-7.8568e-01
-1.8522e+00
-1.3689e+00
-1.2973e+00
-9.3139e-01
-7.6931e-01
-3.1919e-01
-1.5160e+00
-2.8260e-01
-8.9853e-01
-1.6109e+00
-8.5338e-01
-1.2503e+00
-1.4057e-01
-4.2233e-01
-1.0981e+00
-1.3356e+00
-1.2960e+00
-1.2771e+00
-1.4601e+00
-1.1475e-01
-9.3986e-01
-1.3565e+00
-9.0765e-01
-7.1673e-01
-1.4025e+00
-6.6933e-01
-1.8452e+00
-1.2936e+00
-2.5374e-01
-1.9720e+00
-2.1231e-01
-6.1931e-01
-1.3615e+00
-1.3421e+00
-1.5074e+00
-1.4759e+00
-1.7316e+00
-1.5569e+00
-1.6936e+00
-1.1361e+00
-3.6919e-01
-1.7593e+00
-6.5586e-01
-1.8458e+00
-1.9044e+00
-4.0861e-01
-1.7685e-01
-1.8212e+00
-5.9590e-01
-1.3438e+00
-1.2489e+00
-1.5738e+00
-3.0417e-01
-1.6147e+00
-6.4067e-01
-3.5030e-01
-1.7213e+00
-8.4940e-01
-8.2417e-01
-1.4823e+00
-1.6251e+00
-1.6921e+00
-1.5310e+00
-1.9843e-01
-7.4855e-01
-1.4476e+00
-1.8189e+00
-1.5463e-02
-5.1185e-01
-1.3474e+00
-1.3577e+00
-5.9297e-01
-5.0449e-01
-1.8123e+00
-1.9797e+00
-1.2298e+00
-1.9098e+00
-2.8070e-02
-1.3736e+00
-1.4217e+00
-1.0854e+00
-2.1966e-01
-8.9777e-02
-2.0132e+00
-2.7090e-01
-2.9354e-01
-5.5978e-01
-3.3969e-01
-4.3601e-01
-8.4480e-01
-1.8630e-02
-6.5991e-01
-1.0331e+00
-1.6980e+00
-6.2546e-01
-2.1167e+00
-1.9408e+00
-1.1484e+00
-1.3754e+00
-5.8810e-01
-7.7979e-01
-1.4779e+00
-4.1579e-01
-4.5438e-01
-5.7989e-01
-7.3086e-01
-2.0631e+00
-6.7730e-01
-7.0403e-01
-2.6345e-01
-8.6936e-01
-1.3737e+00
-3.8586e-01
-1.7396e+00
-1.6739e+00
-1.7116e+00
-9.0805e-01
-1.2027e+00
-4.2696e-01
-9.8209e-01
-4.5820e-01
-4.7513e-02
-1.6551e+00
-1.6647e+00
-2.0155e+00
-4.9791e-01
-1.9753e+00
-1.3394e-01
-1.4480e+00
-1.0988e+00
-1.6589e+00
-7.8623e-01
-1.6962e+00
-2.6130e-01
-1.3630e+00
-2.1647e+00
-1.1968e+00
-9.9806e-01
-1.8464e+00
-6.6339e-01
-1.2617e-01
-1.2377e-01
-4.3815e-01
-1.6440e+00
-1.8159e+00
-8.7311e-01
-1.1185e+00
-1.2765e-01
-6.1132e-01
-2.3207e-01
-1.2879e+00
-6.2249e-01
-1.5698e+00
-2.7782e-01
-9.1392e-01
-1.6400e+00
-7.0095e-01
-3.1715e-01
-1.7270e+00
-4.3058e-01
-1.1478e+00
-1.5727e+00
-4.3366e-01
-2.1539e+00
-1.1466e+00
-6.5595e-01
-8.0327e-01
-2.1350e+00
-8.2154e-01
-9.1763e-01
-9.1802e-01
-4.6705e-01
-1.5355e+00
-1.4031e+00
-9.5317e-01
-1.1199e+00
-1.2023e+00
-1.6852e+00
-1.0883e+00
-1.7307e+00
-9.3075e-01
-1.1512e+00
-1.7899e-01
-2.1159e+00
-9.7572e-01
-4.5215e-02
-8.8194e-01
-2.9431e-01
-3.7213e-01
-7.7470e-01
-2.5598e-01
-1.7521e+00
-5.6518e-01
-1.4294e-01
-1.1540e+00
-1.9058e+00
-1.3759e+00
-8.4517e-01
-1.2967e+00
-8.7108e-01
-2.0559e+00
-4.1905e-01
-1.8477e-01
-1.7301e+00
-1.9743e+00
-8.2322e-01
-1.9405e+00
-7.8344e-01
-1.6330e+00
-5.5863e-01
-7.5192e-01
-1.1580e+00
-1.9760e+00
-1.3101e+00
-1.0234e+00
-2.9560e-01
-1.4287e+00
-1.8072e+00
-2.4703e-01
-1.6890e+00
-8.2952e-01
-1.6845e+00
-6.2146e-01
-2.1298e+00
-4.1654e-01
-5.9479e-01
-1.1033e+00
-2.0751e+00
-1.5993e+00
-1.8760e+00
-1.7932e+00
-1.8145e+00
-1.7918e+00
-5.7779e-01
-1.6669e+00
-1.2122e+00
-5.2255e-01
-1.5402e-01
-1.1576e+00
-1.9993e+00
-1.1718e+00
-1.1486e+00
-7.5441e-02
-3.7347e-01
-5.5027e-02
-3.5517e-01
-1.2039e+00
-1.3518e+00
-8.7336e-01
-1.1136e+00
-5.7606e-01
-1.6118e+00
-2.4559e-01
-1.6089e+00
-5.7304e-01
-2.0653e+00
-1.9150e+00
-1.8084e+00
-1.1047e+00
-1.6990e+00
-1.5069e+00
-2.0723e-01
-1.9252e-02
-1.4148e+00
-5.1145e-01
-9.4871e-01
-1.4159e+00
-5.7196e-01
-1.8960e+00
-1.9944e+00
-1.1860e+00
-4.1692e-01
-1.2639e+00
-1.6679e+00
-1.7639e+00
-2.1512e+00
-3.5278e-01
-2.0661e+00
-9.6032e-01
-6.4927e-01
-4.3720e-01
-1.7914e+00
-1.1280e+00
-2.3023e-01
-1.2500e-01
-7.9571e-01
-8.7018e-01
-1.1944e+00
-1.9315e+00
-1.4463e+00
-1.6062e+00
-1.2225e+00
-1.4647e+00
-4.9572e-01
-1.0028e+00
-2.9410e-01
-1.2371e+00
-1.8966e+00
-1.4750e+00
-1.7875e+00
-1.4571e+00
-5.0351e-02
-1.7814e+00
-1.3929e+00
-1.0524e+00
-4.7808e-01
-3.9306e-01
-1.7180e+00
-7.6841e-01
-1.3277e+00
-1.6428e+00
-6.8271e-01
-5.2637e-01
-1.8200e-01
-1.1414e+00
-1.5512e+00
-1.2344e+00
-2.1223e+00
-1.9600e-01
-9.7303e-01
-7.7393e-01
-1.4104e+00
-9.2940e-01
-1.6525e+00
-2.5776e-01
-1.4935e+00
-1.3365e+00
-1.5972e+00
-1.1179e+00
-3.8603e-01
-2.2847e-01
-1.0347e+00
-1.7256e+00
-1.4387e+00
-2.1434e-01
-1.1910e+00
-1.8459e+00
-9.8318e-01
-1.9160e+00
-1.9832e+00
-9.9863e-01
-1.5710e+00
-1.1084e+00
-2.9941e-01
-3.6496e-02
-6.9737e-02
-9.6567e-01
-1.8482e+00
-9.9239e-01
-1.5614e+00
-3.6509e-01
-1.9381e+00
-2.0464e+00
-6.3030e-01
-1.5830e+00
-4.3824e-01
-6.6320e-01
-1.1671e+00
-1.9517e+00
-7.0406e-01
-8.2106e-01
-9.6024e-01
-1.7231e+00
-2.0026e+00
-1.7264e+00
-1.0922e+00
-2.1712e+00
-1.6115e+00
-1.2914e-02
-1.6984e+00
-2.0391e+00
-9.5488e-01
-1.3980e+00
-4.9451e-01
-4.6037e-01
-6.0677e-01
-5.1197e-01
-5.7229e-01
-8.6450e-01
-1.3404e+00
-4.9965e-01
-1.1297e+00
-1.8122e+00
-2.6422e-01
-7.5495e-01
-2.0588e+00
-1.0687e+00
-1.3931e+00
-4.3779e-01
-2.1051e+00
-1.0449e+00
-1.1964e+00
-1.3469e+00
-1.7973e+00
-8.3742e-01
-1.8785e-01
-1.7619e+00
-9.1015e-01
-2.6750e-01
-2.0066e+00
-1.1428e+00
-1.2948e+00
-5.8962e-01
-1.4131e+00
-1.0225e+00
-1.1714e+00
-2.2121e-01
-1.3711e+00
-1.1284e+00
-1.9376e+00
-8.3506e-01
-8.0030e-01
-9.9382e-02
-1.2373e+00
-3.6007e-01
-8.6496e-01
-3.5550e-01
-3.7762e-01
-1.2750e+00
-1.5432e+00
-1.6229e+00
-8.3239e-01
-1.5611e+00
-1.4161e-01
-3.4252e-01
-4.0543e-01
-4.6104e-01
-1.4663e+00
-1.4302e+00
-1.3806e+00
-1.5641e+00
-1.6120e+00
-1.0240e+00
-5.3585e-01
-2.0031e+00
-8.4730e-01
-1.0977e+00
-9.5740e-01
-6.3074e-01
-3.0289e-01
-1.0037e-01
-1.0395e+00
-4.0772e-01
-5.4317e-01
-1.9855e+00
-1.6903e+00
-1.3415e+00
-1.2040e+00
-5.0172e-01
-1.3766e+00
-4.4472e-01
-5.5605e-01
-9.1091e-01
-9.0425e-01
-8.6950e-01
-1.4930e+00
-5.2826e-02
-1.7065e+00
-1.6387e+00
-8.7605e-01
-6.3029e-01
-1.0138e+00
-1.9182e-01
-1.7168e+00
-1.2654e+00
-2.1596e+00
-2.0345e+00
-7.4537e-01
-1.5833e+00
-1.4385e+00
-1.2186e+00
-1.4376e+00
-2.1622e+00
-4.4604e-01
-1.7706e+00
-4.9560e-01
-4.2905e-01
-2.1248e+00
-7.2062e-01
-1.9945e-01
-5.0716e-01
-1.9971e+00
-6.9554e-01
-1.1904e+00
-1.5333e+00
-9.3364e-01
-1.3386e+00
-3.7664e-01
-1.7611e+00
-8.7948e-01
-6.8438e-01
-7.7598e-01
-1.0074e+00
-1.2793e+00
-3.9901e-01
-1.6360e+00
-6.6940e-01
-1.4573e+00
-1.1543e-02
-4.7026e-01
-1.9867e+00
-1.4815e+00
-1.4071e+00
-8.6280e-01
-3.3859e-01
-1.7430e+00
-1.5829e+00
-1.8229e+00
-2.1270e+00
-1.9169e+00
-5.9813e-01
-1.1826e+00
-3.3674e-01
-1.8181e+00
-1.2734e+00
-1.1010e-01
-3.2912e-02
-5.8698e-01
-2.7704e-01
-1.2633e+00
-3.3954e-02
-4.7721e-02
-2.6858e-01
-2.0328e+00
-1.2206e+00
-1.0901e+00
-4.5866e-01
-1.0796e+00
-7.4961e-01
-9.6047e-01
-1.0859e+00
-6.4005e-01
-6.6887e-01
-8.7816e-01
-6.8738e-01
-1.1958e+00
-1.2909e+00
-1.9980e-01
-9.4672e-01
-1.0284e+00
-1.4552e+00
-6.0926e-01
-1.8757e-01
-8.9637e-01
-1.1446e+00
-7.4892e-01
-1.5430e+00
-1.3877e-01
-7.3305e-01
-5.9990e-03
-6.5350e-01
-1.4822e+00
-8.4137e-01
-6.9173e-01
-1.9987e+00
-1.7747e+00
-5.7663e-01
-1.5441e-01
-9.1630e-01
-1.5393e+00
-1.2135e+00
-1.1140e+00
-4.8967e-02
-3.4770e-01
-1.3891e+00
-1.4350e+00
-6.5509e-01
-6.3789e-01
-1.6022e+00
-1.0336e-01
-4.9378e-01
-1.1661e+00
-2.1414e-01
-6.7006e-01
-3.4475e-01
-1.6558e+00
-1.2223e+00
-1.6186e+00
-3.0947e-01
-1.6450e+00
-1.7822e+00
-5.7567e-01
-8.7791e-01
-2.6201e-01
-2.9497e-01
-1.0357e-01
-6.7954e-01
-1.0365e+00
-1.8001e+00
-1.5449e+00
-1.0421e+00
-1.6360e+00
-1.4627e+00
-1.5710e+00
-4.3727e-01
-7.8031e-01
-7.3288e-02
-1.7000e+00
-8.5753e-01
-5.1548e-01
-1.0335e+00
-2.0649e+00
-1.1267e+00
-1.9933e+00
-1.8764e+00
-2.9516e-01
-6.1875e-01
-3.2230e-01
-1.3297e+00
-1.0551e+00
-1.7037e-01
-1.6136e+00
-2.0356e-01
-1.0872e+00
-1.4354e+00
-1.3638e+00
-1.3244e-02
-1.5745e+00
-1.5506e+00
-1.4068e+00
-1.2589e+00
-1.4299e+00
-6.0976e-01
-1.7505e+00
-1.8927e+00
-1.7561e-01
-1.7750e+00
-2.4305e-02
-7.8128e-01
-1.8494e+00
-1.7588e+00
-2.7815e-01
-2.0664e+00
-1.5198e+00
-2.2673e-01
-7.1643e-01
-1.1575e+00
-1.0232e+00
-1.4024e+00
-1.5774e+00
-1.9490e+00
-1.6565e+00
-3.0729e-01
-1.7343e+00
-1.6358e+00
-4.5793e-01
-6.2880e-01
-1.0451e+00
-1.6144e+00
-3.1087e-01
-1.0880e+00
-1.1827e+00
-6.1624e-01
-2.0616e-01
-7.5663e-01
-1.7839e-01
-2.7585e-01
-1.1281e+00
-1.7547e+00
-2.3934e-01
-1.0202e+00
-2.6612e-01
-1.3295e+00
-1.4400e+00
-1.2603e+00
-8.8251e-01
-2.7787e-01
-1.2118e+00
-1.7221e+00
-7.9970e-01
-1.6900e+00
-1.2652e+00
-1.6824e-01
-2.0132e+00
-1.7853e-01
-1.8994e+00
-1.1101e+00
-1.6634e+00
-5.9463e-01
-4.0662e-01
-1.4984e+00
-5.0910e-01
-4.7943e-01
-1.1496e+00
-5.1533e-01
-1.3423e+00
-1.3373e+00
-1.1134e+00
-1.5993e-01
-8.4261e-01
-1.8409e+00
-2.1402e+00
-6.2188e-01
-4.4430e-01
-1.6934e+00
-5.0151e-01
-9.8585e-01
-1.3337e+00
-1.6931e+00
-1.5100e-01
-1.9296e+00
-7.9694e-01
-4.1728e-01
-1.6319e+00
-1.3923e+00
-2.4139e-02
-1.1273e+00
-1.5688e+00
-1.1305e+00
-3.8929e-01
-2.1037e+00
-1.5050e-01
-1.6360e+00
-1.7654e+00
-1.5320e+00
-1.5430e+00
-8.0322e-01
-1.6313e+00
-3.9613e-01
-1.5775e+00
-1.6049e+00
-1.1391e+00
-1.8495e+00
-9.2039e-01
-4.6443e-01
-1.2318e+00
-1.3269e+00
-1.6847e-01
-1.4083e-01
-2.1221e+00
-1.4908e+00
-9.5733e-01
-1.8211e+00
-1.5293e+00
-8.3361e-01
-1.9528e+00
-2.2443e-01
-1.0895e-01
-2.5560e-02
-1.2844e+00
-1.9413e+00
-1.8803e+00
-9.4006e-01
-2.2046e-01
-7.1594e-01
-2.0569e+00
-1.6601e+00
-3.2164e-01
-1.0400e+00
-1.0910e+00
-4.4330e-01
-6.3574e-01
-1.8077e+00
-2.4029e-01
-9.3463e-01
-8.6425e-01
-1.0942e+00
-3.1612e-01
-1.0571e+00
-5.9241e-02
-1.2636e+00
-1.1873e+00
-9.1729e-01
-2.1109e+00
-1.9798e+00
-1.3403e+00
-8.3078e-01
-1.8052e+00
-1.2226e+00
-1.0628e+00
-7.8464e-01
-8.5175e-01
-9.6802e-01
-1.3258e+00
-3.6248e-01
-2.0877e+00
-3.2635e-01
-1.2197e-01
-4.7484e-01
-3.6328e-02
-1.2500e+00
-6.0375e-01
-4.0324e-01
-1.3804e+00
-6.7291e-01
-2.1154e-01
-7.0927e-01
-2.0611e+00
-6.6582e-01
-9.9834e-01
-3.4347e-01
-9.2258e-01
-3.7002e-01
-1.6645e+00
-1.3719e+00
-1.2489e-01
-2.3125e-01
-5.9436e-01
-5.1668e-01
-2.2505e-01
-1.5122e+00
-1.8584e+00
-9.2590e-01
-9.6323e-01
-4.3187e-01
-1.8469e+00
-1.7166e+00
-1.4926e+00
-1.3756e+00
-9.4287e-02
-1.3414e+00
-5.5696e-01
-1.8523e+00
-6.9157e-01
-6.3515e-01
-1.6478e+00
-1.7003e+00
-1.5640e+00
-1.1412e+00
-1.4123e+00
-4.2497e-01
-1.5406e+00
-1.8437e-01
-1.9996e+00
-1.2907e+00
-1.6507e+00
-4.8202e-01
-1.8644e+00
-1.1125e-01
-7.0783e-01
-5.5234e-01
-2.2703e-01
-8.8558e-01
-2.0383e+00
-3.8403e-01
-1.1906e+00
-6.6277e-01
-1.3733e+00
-6.0827e-02
-1.3447e+00
-1.6867e+00
-1.4390e+00
-5.2222e-02
-1.7612e+00
-1.0624e-01
-1.6695e+00
-7.1333e-01
-2.8484e-01
-1.9845e+00
-3.2512e-01
-1.0757e+00
-3.9898e-01
-2.0109e+00
-3.1835e-01
-7.8193e-01
-5.1941e-01
-6.7737e-01
-1.7452e+00
-2.0529e+00
-1.3168e+00
-9.5333e-01
-1.1006e+00
-6.8283e-01
-3.4114e-01
-5.4493e-01
-1.6888e+00
-1.0931e+00
-6.7387e-01
-1.3166e+00
-3.5566e-01
-4.6660e-01
-1.1742e+00
-9.7775e-01
-1.5783e-01
-1.8695e+00
-7.2230e-01
-1.1935e+00
-1.0171e+00
-1.6333e+00
-1.2780e+00
-1.8470e+00
-1.5784e+00
-7.9462e-01
-1.1020e+00
-2.4826e-02
-6.5301e-03
-1.8777e+00
-1.3914e+00
-5.9373e-01
-1.7730e+00
-4.2036e-01
-2.1486e+00
-3.5714e-01
-2.5716e-01
-6.5588e-01
-2.0321e+00
-9.5558e-01
-1.8980e+00
-6.9880e-03
-2.0205e+00
-8.5051e-01
-7.6030e-01
-1.0689e+00
-1.1308e+00
-1.6696e+00
-1.4964e+00
-5.8883e-01
-1.6254e+00
-3.2256e-01
-1.5377e+00
-1.6564e+00
-7.8889e-01
-3.6880e-02
-9.5753e-01
-6.1149e-01
-6.2750e-02
-3.7431e-01
-1.1915e+00
-7.8319e-01
-1.7834e+00
-1.2569e+00
-1.5318e+00
-2.6577e-01
-9.2907e-02
-7.7512e-01
-2.7678e-01
-1.7619e+00
-1.4244e+00
-5.7989e-01
-2.5169e-01
-8.2798e-01
-1.4409e+00
-4.7071e-01
-7.8516e-01
-1.0366e+00
-1.5133e+00
-6.4450e-02
-1.0946e+00
-4.6592e-02
-8.4106e-02
-1.3555e+00
-1.9132e+00
-4.6858e-01
-2.3003e-01
-1.7848e+00
-1.3383e+00
-1.1894e+00
-1.6090e-01
-7.0527e-01
-4.1532e-01
-1.3131e+00
-1.3268e+00
-5.7840e-01
-1.1395e+00
-1.1234e-02
-2.0709e+00
-2.9779e-01
-6.9158e-01
-1.6354e+00
-3.5441e-01
-1.4849e+00
-8.3962e-01
-2.2990e-02
-1.1165e+00
-1.5598e+00
-1.5264e+00
-7.6776e-01
-1.9098e+00
-4.3673e-01
-1.6050e+00
-2.1194e-01
-1.2238e+00
-1.2874e+00
-2.1415e+00
-5.6960e-02
-1.5307e+00
-1.2756e+00
-1.0675e+00
-8.7132e-03
-1.5441e+00
-1.0232e+00
-1.3421e+00
-2.1535e+00
-9.8459e-01
-1.2436e+00
-6.6208e-01
-1.0478e+00
-7.0324e-01
-1.3689e+00
-3.9175e-01
-6.2818e-01
-1.9318e+00
-1.7033e+00
-1.1891e+00
-3.2735e-01
-1.7010e+00
-1.2398e-01
