-1.5558e-01
-3.2650e-02
-5.1098e-02
-2.3637e-02
-5.1779e-02
-1.5563e-01
-1.3421e-01
-8.4567e-02
-1.1807e-01
-2.5370e-02
-3.5453e-02
-3.4915e-02
-5.4319e-03
-1.2479e-02
-1.0153e-02
-1.0979e-02
-1.5166e-02
-1.3823e-01
-3.8094e-02
-1.9935e-02
-2.5176e-02
-2.4697e-02
-1.9980e-02
-3.4537e-02
-3.4539e-02
-1.3986e-02
-6.3255e-03
-6.5961e-02
-2.8224e-03
-1.1107e-01
-1.3296e-01
-4.6778e-02
-6.1255e-02
-1.5122e-01
-2.1206e-02
-3.6631e-02
-3.3194e-02
-2.3833e-04
-3.4516e-02
-1.5411e-02
-6.1651e-02
-2.4917e-02
-2.5432e-02
-1.3333e-02
-7.9014e-02
-5.1048e-02
-2.2872e-02
-1.1447e-01
-3.7965e-02
-3.2564e-02
-1.4579e-01
-1.5207e-01
-9.6712e-03
-3.8916e-02
-3.7492e-02
-2.9334e-02
-9.3437e-02
-9.1518e-02
-3.1272e-02
-1.2644e-01
-1.2489e-02
-1.1232e-01
-1.8505e-02
-1.9938e-02
-3.7341e-02
-6.8512e-03
-3.2644e-02
-8.9371e-02
-6.8554e-02
-6.2929e-02
-2.5358e-02
-2.2223e-02
-3.0863e-02
-4.6305e-02
-5.2596e-02
-1.9158e-02
-3.5591e-02
-2.4811e-02
-1.0132e-01
-4.9487e-02
-1.1253e-01
-1.7961e-02
-1.1009e-02
-1.8116e-02
-2.2389e-02
-1.8926e-02
-1.2669e-01
-1.9562e-02
-1.7344e-02
-2.8314e-02
-1.5975e-02
-1.4469e-01
-3.3704e-02
-2.9211e-02
-3.6435e-02
-4.4770e-02
-1.3853e-01
-3.8454e-02
-1.6675e-02
-3.5043e-02
-1.3898e-01
-2.9079e-02
-2.2857e-02
-9.3369e-02
-1.3682e-01
-3.3171e-02
-2.2269e-02
-3.6897e-03
-2.8455e-02
-8.1819e-02
-1.8202e-02
-3.5097e-02
-7.3473e-02
-1.0296e-01
-2.3705e-02
-2.4989e-02
-2.5287e-02
-3.4416e-02
-2.6216e-02
-1.5821e-01
-2.3961e-02
-2.3502e-02
-9.9047e-02
-1.9500e-02
-2.9412e-02
-2.8260e-02
-3.2779e-02
-3.5244e-02
-7.1231e-03
-2.8250e-02
-2.5924e-02
-8.5676e-02
-1.2083e-02
-7.6599e-04
-2.6911e-02
-1.0503e-01
-9.9280e-02
-1.2141e-02
-7.9020e-03
-7.8442e-03
-2.0475e-02
-3.7149e-02
-2.4065e-02
-4.6216e-02
-3.1151e-02
-2.2939e-02
-5.4004e-02
-3.4198e-03
-2.0037e-02
-3.1512e-03
-1.1725e-02
-4.0700e-02
-1.5680e-02
-5.7105e-02
-7.8783e-02
-7.2016e-02
-1.1632e-02
-3.1168e-02
-2.9296e-02
-7.9065e-03
-1.3122e-01
-1.3188e-02
-3.2880e-02
-9.8951e-02
-4.5003e-02
-2.7566e-02
-3.6956e-02
-8.5931e-02
-6.5294e-03
-4.0548e-02
-7.7899e-02
-1.2483e-02
-2.7339e-02
-2.8202e-02
-3.7853e-02
-2.0454e-02
-3.4568e-03
-8.8321e-02
-2.7330e-02
-2.4443e-02
-1.3682e-01
-2.7363e-03
-7.8014e-02
-2.7565e-02
-1.1940e-01
-1.1207e-01
-1.1429e-01
-2.4999e-02
-2.7285e-02
-6.0523e-02
-2.3931e-02
-2.0939e-02
-3.9006e-02
-3.2900e-02
-2.2273e-03
-8.2943e-03
-2.7724e-02
-2.2163e-02
-1.4607e-01
-1.6857e-02
-1.2353e-01
-1.3261e-02
-1.2356e-01
-1.5873e-02
-6.2103e-02
-2.9906e-02
-1.2830e-01
-1.0219e-01
-2.0311e-02
-1.4562e-01
-9.7600e-02
-1.0916e-02
-1.2747e-01
-7.0168e-03
-2.7481e-02
-1.7841e-02
-3.3700e-02
-3.4735e-02
-1.0827e-02
-3.6027e-02
-1.1783e-01
-1.2297e-01
-6.0318e-03
-2.3813e-02
-3.3745e-02
-7.8667e-02
-3.2202e-02
-1.5885e-01
-9.9597e-02
-6.4958e-02
-1.2880e-01
-1.0231e-01
-8.4045e-03
-5.0670e-03
-1.0443e-01
-6.9881e-02
-9.9664e-02
-1.2176e-02
-4.1251e-02
-1.0575e-01
-2.2503e-02
-9.7822e-02
-2.9557e-02
-8.1334e-02
-2.4657e-02
-2.2462e-02
-1.5484e-02
-4.1953e-02
-6.9770e-03
-1.2425e-01
-1.8812e-02
-2.6937e-02
-9.0753e-02
-8.2020e-02
-1.3233e-02
-1.3216e-03
-9.5718e-02
-1.3954e-02
-2.1930e-02
-9.5454e-02
-2.5028e-02
-2.0340e-02
-4.6558e-02
-3.2366e-02
-1.1411e-01
-5.0743e-03
-1.5703e-02
-8.2150e-02
-9.9822e-02
-1.4258e-02
-1.1509e-02
-1.0526e-01
-1.5576e-02
-2.7485e-02
-1.4716e-01
-1.6181e-02
-2.1596e-02
-1.5151e-02
-5.0899e-03
-2.6550e-02
-1.4500e-01
-2.4454e-02
-1.1665e-01
-2.5916e-02
-6.6282e-02
-2.7205e-02
-3.4117e-02
-6.1396e-03
-3.7574e-02
-3.7958e-02
-3.3744e-02
-3.2854e-02
-1.6095e-02
-3.8899e-02
-2.6110e-02
-1.3214e-01
-1.2925e-01
-8.5070e-02
-2.4422e-02
-2.7233e-02
-8.9264e-02
-1.2464e-01
-6.5870e-02
-7.1171e-02
-3.4259e-02
-3.0035e-02
-1.3550e-02
-9.5913e-02
-5.4459e-02
-1.4413e-03
-5.0741e-02
-3.5000e-02
-2.2087e-02
-1.1170e-02
-1.1138e-01
-3.7497e-02
-7.3119e-02
-1.6759e-02
-3.0382e-02
-1.3737e-01
-4.8522e-02
-3.0243e-02
-4.3151e-02
-2.1002e-02
-2.1381e-02
-7.7378e-02
-3.0526e-02
-1.4933e-01
-2.8237e-02
-2.7381e-02
-8.4301e-02
-8.0317e-02
-2.1681e-02
-1.3364e-02
-3.9692e-02
-1.0960e-01
-1.9325e-02
-1.0929e-01
-3.8859e-02
-1.0701e-01
-3.9797e-02
-7.3663e-03
-6.6397e-03
-1.7834e-02
-1.1196e-02
-5.7964e-04
-1.0863e-02
-5.8853e-02
-3.3255e-02
-2.4741e-02
-5.2667e-02
-1.2923e-01
-3.8777e-02
-2.1369e-02
-5.6414e-03
-2.6975e-02
-2.8468e-02
-2.8767e-03
-2.4505e-02
-5.8506e-03
-1.5781e-01
-7.1763e-02
-3.9253e-02
-9.2276e-02
-3.3739e-02
-9.1321e-03
-7.5668e-02
-2.0807e-02
-1.2107e-01
-3.7847e-02
-2.7040e-02
-1.4470e-01
-2.5555e-02
-3.9858e-02
-1.0153e-01
-1.1446e-01
-1.9445e-02
-9.0831e-02
-3.5021e-02
-4.5855e-02
-2.1467e-02
-2.2493e-02
-9.5253e-02
-2.4071e-02
-3.3313e-02
-1.5365e-02
-9.7678e-02
-1.0652e-02
-2.2253e-02
-4.6510e-02
-3.1675e-02
-9.3141e-02
-3.9919e-02
-6.9055e-02
-9.2059e-03
-1.4420e-01
-7.3866e-03
-2.6158e-02
-3.8786e-02
-1.4873e-01
-2.9745e-02
-4.7532e-04
-4.8391e-03
-1.3799e-01
-4.2086e-03
-3.3226e-02
-1.4794e-02
-1.4072e-02
-3.9196e-02
-1.1434e-01
-1.9949e-02
-1.1025e-01
-4.8381e-02
-3.5644e-02
-2.5841e-02
-1.0574e-01
-6.1544e-03
-1.0062e-03
-3.1757e-02
-2.8103e-02
-7.6779e-02
-8.3895e-02
-1.6501e-02
-2.2622e-02
-3.1065e-02
-7.4421e-02
-2.2993e-02
-1.4026e-03
-2.3593e-02
-3.7439e-02
-1.4472e-01
-2.8821e-02
-1.2250e-01
-1.0107e-01
-1.1340e-01
-2.6268e-02
-6.0822e-02
-9.1177e-02
-3.5444e-02
-1.1493e-02
-2.9397e-02
-1.6600e-02
-1.6152e-02
-2.8869e-02
-1.5522e-01
-1.3445e-01
-2.6022e-02
-6.1682e-02
-3.6729e-02
-1.3101e-01
-1.2442e-01
-3.6557e-02
-7.9188e-02
-9.4166e-03
-1.3345e-01
-2.5918e-02
-7.1997e-03
-1.0434e-02
-1.3114e-01
-9.3634e-03
-1.2110e-02
-5.3818e-02
-1.4990e-02
-1.3164e-01
-3.9799e-02
-3.1935e-02
-9.7212e-03
-4.9064e-02
-1.1870e-01
-2.1265e-02
-6.6309e-02
-1.6102e-02
-1.4794e-01
-2.9752e-02
-1.5583e-02
-1.2848e-01
-2.0042e-02
-1.4653e-02
-2.2178e-02
-4.7850e-03
-3.8100e-02
-1.0477e-03
-1.7692e-02
-1.2354e-02
-4.1605e-02
-3.7268e-02
-3.1428e-02
-3.7039e-02
-1.3493e-01
-1.6974e-02
-1.6059e-02
-3.5904e-02
-1.0340e-01
-8.2761e-02
-2.8286e-02
-5.9878e-04
-1.7916e-02
-3.9371e-02
-3.2017e-03
-8.3575e-02
-9.0979e-05
-1.5547e-02
-1.6145e-02
-2.7775e-05
-2.4950e-02
-3.6088e-02
-2.1257e-02
-9.8437e-03
-5.7225e-02
-3.9681e-02
-1.2155e-02
-3.3063e-02
-9.6132e-02
-1.0829e-01
-2.8573e-02
-3.9691e-02
-1.0486e-01
-9.0331e-02
-2.3887e-02
-2.4490e-02
-7.9645e-02
-9.9688e-02
-2.9715e-02
-2.0803e-02
-2.5298e-02
-1.4577e-02
-3.8665e-02
-2.2099e-02
-6.6317e-02
-1.1286e-02
-1.1539e-01
-1.6106e-02
-2.7186e-02
-3.7822e-03
-3.4044e-02
-3.1597e-03
-9.5343e-03
-1.0973e-01
-5.6949e-02
-1.6323e-02
-2.8359e-02
-1.0804e-01
-1.6811e-02
-1.1549e-01
-2.0773e-02
-4.1186e-02
-2.5836e-02
-1.0133e-01
-3.8515e-02
-8.9458e-02
-1.4821e-01
-4.1109e-02
-2.6018e-02
-6.4013e-03
-3.6458e-02
-5.4182e-02
-7.2359e-02
-2.8639e-02
-3.5928e-02
-1.9304e-03
-4.5033e-02
-1.2293e-02
-5.1401e-04
-1.1875e-01
-2.1404e-02
-1.8212e-02
-1.1559e-01
-2.3652e-02
-3.8631e-02
-3.0171e-02
-1.3219e-02
-6.3101e-03
-3.0424e-02
-2.0613e-03
-2.6569e-02
-1.0789e-01
-2.2152e-02
-9.5082e-02
-2.7337e-02
-5.1391e-03
-2.2152e-02
-2.4636e-02
-5.9040e-03
-8.9946e-02
-3.9839e-02
-1.0854e-01
-3.3682e-02
-1.1390e-01
-2.4201e-03
-3.3198e-02
-8.0127e-02
-6.6388e-02
-1.9026e-02
-3.4445e-02
-3.7127e-02
-3.5642e-02
-3.0749e-02
-3.9981e-02
-1.7107e-02
-3.1416e-02
-1.5782e-01
-2.0488e-02
-1.8449e-02
-5.3187e-02
-8.9134e-02
-3.0125e-03
-3.0390e-02
-9.6874e-02
-1.2242e-02
-3.0840e-02
-1.1547e-02
-3.1065e-02
-1.0398e-01
-2.9829e-02
-1.9811e-02
-3.2864e-02
-2.0599e-02
-1.1482e-02
-1.6540e-02
-4.0974e-03
-1.4018e-02
-5.4112e-02
-1.4016e-01
-3.3836e-02
-1.1478e-02
-1.2432e-01
-1.2428e-01
-1.4754e-02
-9.0695e-02
-2.8254e-02
-1.1846e-01
-2.9912e-02
-3.2028e-02
-3.2835e-02
-1.1561e-02
-3.5032e-03
-1.0840e-01
-5.6927e-02
-2.2353e-02
-3.1191e-02
-3.2237e-02
-1.6893e-02
-8.5435e-02
-1.2693e-01
-2.1579e-02
-2.1035e-02
-1.5414e-02
-2.9252e-02
-3.9050e-02
-2.0338e-03
-1.2789e-02
-2.9019e-02
-7.0964e-03
-2.8639e-02
-4.0360e-03
-6.8144e-02
-3.5060e-02
-8.6019e-02
-3.6260e-02
-1.5886e-03
-3.3802e-02
-1.0582e-01
-1.5272e-01
-7.6307e-03
-6.7586e-02
-2.7483e-02
-1.0631e-01
-4.4319e-03
-3.9044e-02
-1.1116e-01
-1.1614e-01
-2.3296e-02
-3.6662e-02
-4.3451e-02
-9.0375e-03
-1.3713e-01
-1.8177e-02
-3.1867e-03
-3.3902e-02
-2.7179e-02
-2.3189e-02
-1.3760e-02
-1.4706e-01
-1.2067e-01
-3.2838e-02
-4.0939e-02
-2.4542e-02
-1.9076e-02
-3.9746e-02
-3.6451e-02
-3.9015e-03
-1.0901e-01
-5.5022e-03
-2.4968e-02
-3.4412e-02
-2.1399e-02
-3.3014e-02
-1.4880e-02
-1.4951e-02
-3.0001e-02
-2.2275e-02
-7.7872e-03
-3.2516e-02
-1.0806e-02
-3.2698e-02
-9.8583e-02
-1.4213e-01
-6.7777e-06
-1.4608e-01
-9.5671e-03
-9.6868e-02
-7.8860e-02
-3.7398e-02
-1.5675e-02
-2.4153e-02
-6.6228e-02
-1.3719e-02
-1.5257e-01
-1.8453e-02
-2.3961e-02
-8.6856e-02
-1.4920e-02
-2.8090e-02
-4.6846e-02
-4.4497e-02
-2.5725e-02
-2.6322e-02
-6.1068e-02
-1.2046e-02
-1.9120e-02
-1.2992e-02
-3.5427e-02
-2.7397e-02
-7.1492e-03
-1.6623e-02
-3.4297e-02
-3.7955e-02
-2.9892e-02
-2.8251e-02
-1.1183e-01
-4.3500e-02
-4.9677e-02
-5.7042e-02
-2.1581e-02
-6.1700e-02
-1.6904e-02
-2.1632e-02
-4.2486e-02
-3.1353e-02
-1.4457e-01
-4.0093e-02
-3.5161e-02
-1.6417e-02
-2.2565e-02
-1.4220e-01
-3.4245e-02
-1.4170e-01
-3.9718e-02
-5.6953e-03
-4.6724e-02
-9.7027e-03
-2.6625e-02
-1.0148e-02
-8.8458e-03
-3.8200e-02
-1.8435e-02
-1.0225e-01
-1.5607e-02
-1.1749e-01
-3.9153e-02
-1.5387e-01
-2.5015e-02
-1.0404e-01
-8.9746e-03
-1.5994e-01
-1.4828e-01
-2.8468e-02
-1.4472e-01
-1.7639e-02
-3.9822e-02
-3.0543e-03
-3.4281e-02
-1.0487e-02
-8.3823e-02
-1.8082e-02
-1.5466e-03
-5.0153e-02
-2.8264e-02
-1.6215e-02
-1.4346e-01
-2.6153e-02
-3.7869e-03
-2.3892e-02
-1.5354e-01
-8.5299e-03
-2.1826e-02
-6.8792e-03
-3.2534e-02
-4.2381e-02
-1.1693e-01
-3.9329e-02
-4.5842e-02
-3.7242e-02
-3.2455e-02
-1.5596e-02
-2.2739e-02
-1.4003e-01
-3.7368e-02
-1.5768e-02
-8.3379e-02
-6.7821e-02
-1.4452e-01
-1.4829e-01
-2.4060e-02
-1.4245e-02
-1.4299e-01
-9.9561e-03
-1.7347e-02
-1.9767e-02
-6.1654e-02
-3.8598e-02
-5.5266e-02
-4.5014e-03
-1.4137e-02
-1.7322e-02
-1.1620e-01
-7.0724e-02
-3.8604e-02
-3.0286e-02
-1.5630e-01
-2.9348e-02
-5.8414e-03
-2.4819e-02
-3.6754e-02
-1.4945e-01
-1.2763e-01
-8.2746e-02
-2.9631e-02
-1.1368e-01
-6.6451e-02
-6.6651e-02
-5.7331e-03
-1.6458e-02
-3.4843e-03
-1.0367e-01
-1.2312e-02
-2.7352e-02
-1.3096e-02
-8.8072e-02
-1.6469e-02
-1.8439e-02
-2.8533e-02
-3.9847e-02
-2.4025e-02
-4.0695e-04
-4.4321e-02
-5.7022e-02
-1.1100e-01
-3.7840e-02
-3.6930e-02
-1.0563e-01
-7.6339e-02
-1.3431e-01
-8.2764e-02
-1.2223e-01
-3.3440e-02
-2.1109e-02
-2.8771e-02
-1.9495e-02
-5.6528e-02
-8.1816e-03
-5.5088e-03
-2.7834e-02
-7.4160e-04
-6.9112e-03
-2.1956e-02
-3.6942e-02
-6.8917e-03
-9.4663e-03
-6.4510e-02
-2.5438e-02
-2.2261e-02
-2.8427e-02
-1.2932e-01
-3.9298e-02
-1.9257e-03
-6.8546e-03
-1.2036e-01
-2.5177e-03
-1.3230e-01
-1.9069e-02
-2.0440e-02
-1.0102e-01
-7.6553e-02
-3.6861e-02
-5.8263e-03
-1.9456e-02
-2.8721e-02
-3.9520e-02
-1.2438e-02
-3.5001e-02
-1.0349e-02
-1.5399e-01
-2.3423e-02
-8.3314e-02
-1.6298e-02
-4.1743e-04
-2.1301e-02
-2.5861e-02
-1.3926e-02
-4.3234e-02
-5.5995e-02
-9.5605e-02
-3.9716e-02
-1.0772e-01
-8.4470e-03
-8.3142e-03
-8.9635e-02
-5.3322e-02
-3.9465e-02
-3.1157e-02
-2.8586e-02
-5.5519e-05
-6.5358e-02
-1.5854e-01
-3.2944e-02
-4.7985e-02
-1.2880e-02
-3.0840e-02
-3.2653e-02
-2.8412e-02
-2.7004e-02
-7.7955e-02
-2.7280e-02
-2.1947e-02
-5.9801e-02
-8.0301e-02
-1.5111e-01
-1.2011e-01
-3.8076e-02
-2.8949e-03
-3.9405e-02
-1.2116e-01
-5.9569e-02
-6.1587e-03
-5.0279e-03
-1.5212e-01
-2.9424e-02
-2.1306e-02
-2.7281e-02
-4.7526e-03
-1.3691e-02
-2.6045e-02
-1.5713e-01
-2.6557e-02
-1.6871e-02
-1.2978e-02
-3.3201e-02
-9.2441e-03
-1.2813e-02
-1.5122e-01
-2.5964e-02
-1.4061e-01
-4.1306e-02
-1.0209e-01
-1.4255e-02
-9.4091e-03
-5.5214e-03
-1.9178e-02
-2.1654e-02
-1.7363e-02
-1.0191e-01
-3.3542e-02
-2.5858e-02
-1.7082e-02
-2.7824e-02
-4.6424e-02
-1.2669e-02
-7.6862e-02
-3.4556e-02
-8.0801e-02
-1.3253e-01
-2.3739e-02
-3.6739e-02
-1.3666e-01
-1.3566e-02
-1.1234e-03
-2.8011e-02
-6.8844e-04
-1.9286e-02
-1.3347e-01
-3.2346e-04
-2.3287e-02
-2.0274e-02
-1.0468e-02
-3.4709e-02
-1.1389e-01
-6.4656e-03
-2.4220e-02
-1.2809e-02
-1.4056e-01
-2.6568e-02
-1.3323e-02
-8.6822e-02
-4.9863e-02
-6.6407e-03
-2.4795e-02
-2.0903e-02
-1.5530e-02
-3.5682e-02
-3.4501e-02
-1.5649e-01
-1.3231e-02
-3.5581e-02
-1.3674e-01
-3.6916e-02
-8.5476e-03
-1.9440e-02
-5.7919e-02
-2.4470e-02
-4.8875e-02
-1.0360e-02
-2.5569e-02
-8.5235e-02
-8.0637e-02
-3.5273e-02
-3.6026e-02
-1.3657e-02
-2.1450e-02
-3.8459e-02
-9.5477e-02
-1.3695e-01
-1.6808e-02
-2.9588e-02
-1.3598e-01
-1.6256e-02
-1.5378e-01
-1.8771e-02
-3.5935e-03
-1.3295e-02
-3.8331e-02
-6.0035e-02
-9.8148e-02
-2.0342e-02
-1.3124e-01
-9.9061e-03
-3.8518e-02
-3.9751e-03
-2.8477e-02
-1.2411e-01
-9.6014e-02
-1.4376e-01
-2.9774e-02
-1.6461e-02
-7.6363e-02
-7.6858e-02
-1.4077e-02
-2.4748e-02
-3.4673e-02
-2.8664e-02
-3.1136e-02
-1.2811e-03
-1.1602e-01
-1.1228e-01
-8.4847e-02
-1.4285e-02
-5.7653e-02
-2.3235e-02
-3.2885e-02
-5.4441e-03
-3.5591e-02
-1.1754e-01
-1.5236e-02
-6.6007e-02
-2.9262e-02
-3.8928e-02
-2.6416e-03
-7.7856e-02
-3.3133e-02
-1.3119e-02
-3.6654e-02
-2.3983e-02
-5.1813e-02
-2.7594e-02
-6.6922e-02
-3.8932e-02
-8.6075e-02
-7.5400e-02
-1.1592e-01
-9.6385e-02
-7.8014e-02
-1.2341e-01
-6.2313e-02
-8.2582e-03
-3.6317e-02
-2.7088e-02
-1.1806e-01
-2.1504e-02
-3.1708e-02
-3.9656e-02
-1.2862e-02
-2.5291e-02
-3.5845e-02
-2.6437e-02
-3.7537e-02
-1.3289e-02
-3.1129e-02
-5.0546e-03
-1.1777e-01
-1.0111e-01
-6.0813e-02
-1.1058e-01
-1.7209e-02
-3.4136e-02
-1.4543e-02
-1.4397e-01
-3.4025e-02
-1.2229e-02
-2.1625e-02
-2.5401e-02
-1.2916e-02
-7.6984e-02
-3.7922e-02
-1.0596e-01
-1.2756e-01
-2.4063e-02
-4.9642e-03
-7.9967e-02
-1.8486e-02
-1.2916e-01
-1.1475e-02
-3.3126e-02
-3.1223e-02
-1.3832e-02
-3.5766e-02
-1.7423e-03
-2.2102e-02
-1.8779e-02
-1.5396e-01
-6.6785e-03
-1.3752e-01
-5.2706e-02
-2.9442e-02
-1.5977e-01
-1.2606e-01
-9.1636e-02
-7.2007e-02
-3.2922e-02
-1.1151e-01
-8.9721e-02
-1.6835e-03
-3.8363e-02
-3.8173e-02
-5.0263e-03
-2.3335e-02
-1.0306e-02
-3.7597e-02
-1.2837e-01
-1.2655e-01
-2.1403e-02
-4.8668e-04
-1.5989e-02
-8.6448e-03
-7.2041e-03
-2.7564e-02
-5.6266e-02
-6.3662e-02
-9.8399e-02
-2.6281e-02
-9.4685e-02
-3.2103e-02
-3.2143e-02
-6.9728e-02
-1.7017e-02
-2.1755e-02
-1.0845e-02
-5.0386e-02
-1.3497e-01
-2.2726e-02
-3.6550e-02
-6.1308e-02
-1.6000e-01
-1.3464e-01
-1.4143e-01
-2.7463e-02
-1.3500e-02
-3.4338e-02
-2.5057e-02
-8.3097e-02
-4.2978e-04
-3.9373e-02
-3.6787e-02
-1.3160e-01
-3.5790e-02
-3.1125e-02
-5.9871e-03
-3.7368e-02
-3.1992e-02
-6.2807e-02
-6.5396e-03
-2.7807e-02
-5.6253e-02
-1.4793e-02
-3.6936e-02
-6.2092e-02
-3.5054e-02
-5.8111e-03
-1.5003e-01
-2.7384e-02
-2.8777e-02
-2.0239e-02
-3.7474e-02
-4.7728e-03
-8.2097e-02
-9.3458e-02
-6.1775e-03
-3.4431e-02
-3.3276e-02
-6.8336e-03
-7.7761e-02
-2.2646e-02
-1.1836e-01
-1.4308e-02
-3.5096e-02
-7.2485e-03
-2.0826e-02
-3.2076e-02
-3.6308e-03
-1.3250e-02
-1.2150e-01
-1.4159e-01
-3.2620e-02
-5.2285e-02
-2.5776e-02
-1.1879e-02
-7.2241e-02
-3.4427e-02
-4.6760e-02
-1.8774e-02
-7.0910e-03
-3.9013e-03
-1.3403e-01
-1.3518e-02
-6.6506e-02
-8.2641e-02
-4.9581e-02
-2.7017e-02
-1.2788e-02
-2.9488e-02
-5.5469e-03
-8.7758e-02
-3.7259e-02
-3.5406e-02
-5.8409e-03
-1.2737e-02
-9.0446e-04
-9.8738e-02
-1.6686e-02
-1.5569e-01
-2.2321e-02
-2.2856e-02
-3.6151e-02
-4.8065e-02
-2.4933e-03
-1.3454e-01
-3.7741e-02
-1.1131e-01
-1.4531e-01
-3.6820e-02
-6.9835e-03
-2.2453e-02
-2.0775e-02
-9.0012e-03
-3.8393e-02
-2.7410e-02
-5.6026e-02
-3.1133e-02
-3.4390e-02
-6.7438e-02
-1.6104e-03
-3.7484e-02
-2.3101e-03
-2.9910e-02
-9.7866e-02
-5.8429e-03
-2.8499e-02
-3.6041e-02
-7.2689e-03
-1.2530e-01
-7.3910e-02
-2.3387e-02
-1.6927e-02
-1.0504e-01
-8.7848e-03
-2.4028e-02
-1.0344e-01
-3.0581e-02
-1.1139e-01
-3.3470e-02
-3.4137e-02
-3.5020e-02
-3.4760e-02
-7.0367e-02
-1.3103e-02
-9.4306e-02
-2.0032e-02
-2.8249e-02
-7.5608e-03
-3.7356e-02
-3.1944e-02
-3.0394e-02
-1.0469e-02
-6.1498e-02
-1.1393e-02
-2.0922e-02
-4.5644e-02
-3.1118e-02
-1.8492e-03
-5.2298e-03
-1.7783e-02
-3.2901e-02
-3.9640e-02
-4.3301e-03
-3.1434e-02
-1.1653e-01
-3.7402e-02
-1.3774e-01
-5.1654e-03
-3.9206e-02
-3.5770e-02
-2.0585e-02
-9.2589e-02
-3.4866e-02
-7.9853e-03
-1.8568e-02
-8.5775e-02
-7.8148e-02
-2.5350e-03
-9.3507e-02
-3.0312e-02
-1.2770e-02
-1.6191e-02
-2.4327e-02
-1.3183e-02
-3.3121e-02
-8.4673e-02
-9.8108e-02
-2.6688e-02
-6.1935e-02
-2.8553e-02
-1.0850e-02
-2.8273e-02
-3.7491e-02
-1.1683e-01
-4.3556e-02
-8.9555e-03
-3.4653e-02
-1.3998e-02
-3.9400e-02
-1.3321e-01
-1.5874e-02
-5.9360e-02
-6.4956e-03
-7.3526e-02
-8.8754e-03
-3.7166e-02
-1.1232e-01
-2.5235e-02
-1.4807e-02
-2.5202e-02
-1.5461e-01
-5.8404e-02
-3.1782e-02
-9.5288e-02
-1.1614e-01
-3.2858e-02
-3.4403e-02
-6.2480e-03
-1.5018e-01
-2.0507e-02
-1.9222e-02
-3.3586e-02
-1.6532e-02
-1.8439e-03
-3.4553e-02
-3.6321e-02
-3.9568e-02
-1.5710e-01
-1.0031e-01
-4.6337e-03
-1.0120e-01
-5.2556e-02
-1.1920e-01
-5.9784e-02
-1.5986e-02
-3.3513e-02
-1.2007e-01
-3.6719e-02
-4.8877e-03
-1.5034e-02
-1.7408e-02
-9.7314e-02
-1.0113e-02
-2.3907e-02
-7.3298e-03
-3.8015e-02
-1.1649e-01
-3.3456e-02
-6.2227e-03
-4.2418e-02
-3.4309e-02
-5.3066e-03
-1.5287e-02
-9.8462e-02
-1.3490e-01
-1.1044e-01
-2.1099e-02
-1.5041e-02
-6.5377e-02
-6.3815e-02
-1.8365e-03
-4.5296e-02
-9.9082e-02
-1.6858e-02
-1.0914e-01
-9.1290e-02
-7.0050e-02
-1.2748e-01
-1.2675e-02
-1.2564e-01
-3.9446e-02
-3.2536e-02
-1.3704e-02
-1.1921e-01
-8.0043e-02
-5.8180e-03
-4.0584e-02
-1.5958e-02
-1.2102e-02
-2.3804e-02
-6.3173e-03
-4.1611e-02
-8.9261e-02
-1.3267e-01
-8.9617e-03
-5.3322e-02
-7.2530e-02
-3.4504e-02
-1.3416e-02
-1.7263e-02
-1.2377e-01
-1.1815e-01
-3.8097e-03
-2.9040e-02
-2.1248e-02
-2.9589e-02
-7.2111e-02
-9.0543e-03
-3.9060e-02
-1.7600e-02
-8.2885e-02
-1.9888e-02
-1.8686e-02
-2.7055e-02
-2.6308e-02
-3.3651e-02
-1.4256e-01
-1.9537e-02
-3.9189e-02
-9.1956e-03
-1.2948e-01
-2.5143e-02
-1.2129e-01
-6.9201e-03
-9.6893e-02
-2.6401e-02
-4.4758e-02
-1.1980e-01
-2.7140e-02
-2.3001e-02
-8.0153e-03
-1.5086e-01
-9.2403e-02
-1.4181e-01
-1.5475e-02
-1.1017e-02
-1.5019e-03
-3.2680e-02
-3.3522e-02
-1.0615e-01
-1.0653e-01
-3.7928e-02
-8.9296e-03
-1.2873e-01
-3.8571e-02
-2.7826e-02
-2.8348e-02
-7.3470e-02
-3.3790e-02
-2.8465e-04
-7.2610e-02
-9.2585e-02
-1.1782e-01
-8.5185e-03
-2.9209e-02
-1.3962e-02
-3.2879e-02
-2.8814e-02
-1.3819e-02
-2.8995e-02
-3.8315e-02
-1.2371e-02
-1.5118e-01
-1.5018e-02
-1.5646e-02
-1.7163e-02
-7.8292e-03
-1.0568e-01
-2.5018e-02
-5.8105e-02
-7.4950e-03
-5.9854e-02
-3.6638e-02
-2.5882e-04
-1.0759e-01
-4.7415e-03
-1.9062e-02
-1.9898e-02
-1.4205e-01
-3.9320e-02
-3.4514e-02
-1.4079e-01
-1.4493e-01
-3.5554e-02
-8.0363e-03
-2.5877e-02
-1.3526e-02
-1.0807e-01
-3.5885e-02
-1.8486e-02
-3.1687e-02
-1.1679e-01
-3.6874e-02
-4.6155e-02
-2.7440e-02
-2.0509e-02
-2.8414e-03
-4.2355e-03
-1.4143e-02
-6.9018e-02
-4.1252e-02
-1.1779e-03
-1.1343e-02
-1.1925e-01
-1.2394e-01
-1.4496e-01
-2.1359e-02
-2.0384e-02
-2.9945e-02
-4.0436e-02
-1.5264e-01
-1.4349e-02
-2.7232e-02
-1.1323e-01
-1.0457e-01
-8.8704e-03
-8.1953e-02
-1.2532e-01
-2.8281e-02
-2.6100e-02
-8.3539e-04
-8.6082e-03
-7.1566e-03
-3.8467e-02
-9.9302e-02
-1.7439e-02
-1.4034e-01
-6.4677e-02
-8.4128e-03
-1.0446e-01
-3.9785e-02
-7.4433e-03
-1.9401e-02
-3.6346e-02
-8.2354e-02
-5.3983e-03
-3.9865e-02
-2.3188e-02
-9.5674e-03
-2.7826e-02
-3.7332e-02
-2.9779e-02
-3.5800e-02
-8.3361e-02
-2.6101e-02
-2.9813e-02
-3.5503e-02
-1.5221e-02
-1.9952e-02
-1.2369e-01
-1.1946e-01
-1.4414e-01
-3.2350e-02
-1.2559e-01
-2.0001e-02
-3.2688e-02
-8.1904e-02
-5.6992e-02
-1.8311e-02
-5.0621e-03
-2.7434e-02
-1.8761e-02
-1.3491e-01
-1.3132e-01
-1.3110e-02
-7.7355e-02
-3.1735e-02
-1.2573e-01
-5.6366e-03
-1.1239e-01
-3.6935e-02
-2.0521e-02
-3.2544e-02
-2.9057e-02
-1.1062e-02
-6.2559e-03
-6.9716e-03
-1.8773e-02
-1.5064e-01
-4.9807e-03
-1.5291e-02
-1.8877e-02
-3.6616e-02
-1.6397e-03
-1.9789e-02
-3.4785e-02
-5.0476e-02
-2.6147e-04
-1.3791e-01
-3.4864e-02
-6.5695e-02
-1.9299e-02
-3.3322e-02
-8.8659e-03
-1.2079e-01
-1.2979e-01
-2.7913e-03
-1.9887e-02
-1.5188e-02
-2.1613e-03
-1.3223e-02
-3.7408e-02
-1.0991e-02
-2.6369e-02
-1.7139e-02
-3.6309e-02
-3.7485e-02
-5.7340e-02
-9.5751e-02
-1.8997e-02
-1.3687e-02
-6.1520e-02
-1.3736e-01
-2.5870e-02
-1.0064e-01
-1.2963e-01
-5.6804e-02
-7.9808e-02
-3.5936e-02
-1.8865e-02
-8.6686e-02
-4.0378e-02
-7.2226e-03
-2.7567e-02
-2.8444e-02
-2.6948e-02
-1.2253e-01
-1.0966e-01
-1.4140e-01
-1.9174e-02
-1.0845e-01
-3.5992e-02
-8.8308e-02
-1.3487e-02
-1.9810e-02
-2.9863e-02
-9.7114e-02
-5.8813e-02
-5.5216e-03
-2.5299e-02
-3.2519e-02
-3.1876e-03
-3.2727e-02
-7.8588e-02
-1.3333e-01
-1.5882e-01
-1.0438e-04
-8.7516e-04
-1.8677e-03
-2.4115e-02
-5.2492e-03
-5.6639e-03
-6.7237e-03
-5.3183e-02
-1.0280e-02
-3.2838e-02
-1.3742e-01
-1.9748e-02
-4.1495e-02
-5.1310e-02
-8.1626e-03
-2.9628e-02
-1.4399e-02
-1.4970e-02
-3.7081e-02
-2.6681e-02
-2.3811e-03
-1.4440e-01
-5.8262e-03
-3.1337e-02
-1.8288e-02
-1.4385e-01
-1.2349e-02
-1.4211e-02
-1.5964e-01
-9.9246e-02
-2.7488e-02
-1.7283e-02
-4.3054e-03
-3.3504e-02
-3.6918e-02
-2.5198e-02
-8.7459e-03
-4.3627e-02
-4.0728e-03
-3.5069e-02
-1.4757e-01
-3.4139e-02
-1.3521e-01
-3.6740e-02
-3.5778e-03
-3.1341e-02
-6.9269e-02
-9.8465e-02
-3.2753e-02
-8.8989e-02
-2.3448e-02
-9.6386e-02
-3.1617e-02
-2.1699e-02
-3.7221e-02
-1.2220e-01
-2.3689e-02
-1.5438e-02
-2.1081e-02
-2.4735e-02
-3.7017e-02
-8.5824e-02
-3.1002e-02
-1.1754e-02
-1.1312e-01
-1.0849e-01
-2.1885e-02
-2.4484e-02
-3.5285e-02
-3.6892e-02
-2.0399e-02
-1.3384e-01
-2.3093e-02
-9.1879e-02
-1.4524e-02
-1.1576e-01
-1.0211e-01
-5.9660e-04
-2.7934e-02
-2.3777e-03
-2.2791e-02
-5.9393e-02
-7.0625e-02
-6.2908e-03
-9.9021e-02
-1.2257e-01
-1.5331e-02
-3.4996e-02
-6.2503e-03
-5.8679e-04
-4.3812e-02
-3.7717e-02
-3.2226e-02
-2.9998e-02
-1.7848e-02
-2.0410e-03
-3.8281e-02
-8.2568e-02
-1.5800e-01
-9.9126e-02
-1.8427e-02
-3.5998e-02
-2.0573e-02
-3.4415e-02
-9.2826e-02
-6.8147e-02
-2.7346e-02
-8.2852e-02
-1.3199e-01
-3.8697e-02
-6.5641e-03
-1.3970e-01
-3.8327e-02
-8.9986e-02
-2.4568e-02
-4.7612e-02
-1.0035e-02
-1.1402e-01
-2.3087e-02
-1.0133e-02
-7.2708e-02
-3.3249e-02
-2.2485e-02
-3.0046e-02
-1.0883e-02
-1.1213e-01
-3.5889e-02
-4.5828e-02
-1.2288e-02
-2.8915e-02
-1.3812e-01
-1.4056e-01
-9.4758e-03
-3.5943e-02
-2.1587e-02
-3.6616e-02
-2.1378e-03
-1.1850e-01
-5.4484e-02
-1.8520e-02
-1.9831e-02
-1.4321e-01
-1.4072e-01
-1.5827e-01
-6.7382e-02
-2.4551e-02
-1.4566e-01
-2.7924e-02
-3.0527e-02
-7.1976e-02
-2.6967e-02
-2.4860e-03
-1.0750e-02
-5.4943e-02
-3.7362e-02
-5.5830e-02
-1.2466e-01
-1.3046e-01
-9.8221e-02
-2.2331e-02
-1.5879e-02
-1.8992e-02
-1.4017e-01
-4.5146e-03
-1.4438e-02
-1.8569e-03
-3.9308e-02
-2.7583e-02
-1.0845e-01
-1.2392e-02
-2.4763e-02
-1.4149e-01
-3.4356e-04
-9.8215e-03
-8.3622e-03
-1.1782e-02
-9.8319e-02
-9.5290e-03
-9.1752e-02
-2.6139e-02
-3.9575e-02
-2.5842e-02
-2.3229e-02
-8.7778e-03
-1.1603e-01
-1.8434e-02
-5.6508e-02
-6.1980e-03
-2.3027e-03
-3.1601e-02
-3.5796e-02
-2.1377e-04
-3.4420e-02
-3.5201e-02
-2.2815e-02
-7.4074e-02
-2.0849e-02
-1.1964e-02
-1.0700e-01
-2.0578e-02
-1.9007e-02
-3.6697e-02
-4.7972e-02
-8.3842e-02
-3.5460e-02
-1.8750e-03
-2.2083e-02
-5.1063e-02
-1.3696e-01
-4.0698e-02
-1.1075e-01
-3.7693e-02
-1.4194e-02
-1.2711e-01
-7.0017e-03
-3.8647e-02
-1.1638e-01
-2.8453e-02
-2.2537e-02
-6.5568e-03
-1.4156e-01
-1.7029e-02
-2.5629e-02
-8.9276e-03
-1.0437e-02
-1.4881e-01
-1.8798e-02
-1.0064e-01
-2.4011e-02
-3.9855e-02
-2.3533e-03
-1.5310e-02
-6.7451e-02
-1.3606e-02
-3.5041e-02
-1.9022e-02
-2.9642e-02
-3.5930e-02
-1.2183e-02
-1.5337e-02
-3.1289e-02
-1.9327e-04
-1.2979e-02
-3.5133e-02
-1.4803e-01
-8.3129e-02
-1.5441e-01
-1.2961e-01
-9.9397e-02
-1.3103e-02
-2.7474e-02
-1.5654e-01
-2.2182e-02
-2.6023e-02
-1.4925e-01
-7.7432e-02
-4.5180e-03
-1.0382e-01
-3.9276e-02
-9.1719e-02
-1.1436e-02
-7.3901e-02
-2.5378e-02
-1.1351e-01
-9.1961e-02
-1.6394e-02
-2.9226e-02
-3.8745e-02
-7.7393e-02
-1.3671e-01
-5.0217e-02
-2.3334e-02
-2.0992e-02
-3.4988e-02
-4.4132e-03
-1.4065e-01
-1.3946e-01
-2.9557e-02
-1.0783e-01
-1.8167e-02
-3.8808e-02
-3.3294e-02
-3.8386e-02
-3.5963e-02
-3.4633e-02
-1.2294e-02
-3.0199e-02
-3.8006e-02
-1.5383e-01
-1.6806e-02
-3.7177e-02
-5.3049e-02
-3.7623e-02
-3.6154e-02
-1.2033e-01
-9.1914e-02
-1.3012e-02
-1.1223e-01
-3.0185e-02
-3.6467e-02
-3.5278e-02
-1.0901e-01
-2.7874e-02
-1.3455e-02
-1.8109e-02
-5.2599e-02
-9.2845e-02
-1.3901e-02
-2.8143e-02
-6.4724e-02
-4.4063e-03
-3.4617e-02
-9.8753e-03
-7.4695e-03
-3.0308e-02
-7.2880e-04
-5.7183e-02
-8.7288e-02
-1.9750e-02
-3.3658e-02
-3.0213e-02
-1.1011e-01
-5.8828e-02
-9.3852e-02
-1.4633e-02
-5.5377e-02
-3.2421e-02
-1.4997e-02
-3.6401e-02
-1.0899e-01
-1.0867e-02
-1.0709e-01
-2.3404e-02
-3.3125e-02
-3.9080e-02
-1.3748e-01
-9.0487e-02
-1.7112e-03
-3.8680e-02
-6.4595e-02
-3.1514e-02
-1.0157e-02
-1.4028e-02
-1.7369e-02
-1.5770e-02
-2.5997e-02
-3.2856e-02
-1.2251e-01
-1.4803e-01
-1.7226e-02
-2.0532e-02
-1.1613e-03
-3.8192e-02
-8.6190e-02
-1.2742e-02
-6.6162e-02
-6.5673e-02
-1.0913e-02
-2.1743e-03
-1.3064e-02
-3.8866e-02
-4.5776e-02
-1.5863e-02
-7.5346e-03
-3.8253e-02
-1.0098e-01
-1.0196e-03
-1.4867e-02
-5.3845e-04
-3.4037e-02
-2.0251e-02
-7.2520e-03
-9.7081e-02
-3.8087e-02
-6.3936e-02
-5.0262e-02
-5.1775e-02
-1.3274e-01
-7.8263e-02
-6.2705e-03
-3.0817e-02
-9.4611e-02
-2.0862e-02
-3.8573e-02
-1.6654e-02
-2.8387e-03
-9.9813e-03
-1.6446e-02
-6.9541e-02
-1.3980e-02
-3.5979e-02
-2.4587e-02
-3.1096e-02
-2.5090e-02
-5.0034e-03
-3.6298e-02
-3.0275e-02
-3.6037e-02
-1.0663e-01
-3.7962e-02
-1.5426e-02
-2.9441e-02
-4.2113e-02
-3.9765e-02
-5.1983e-02
-3.6339e-02
-4.8886e-02
-1.3686e-02
-3.9880e-02
-3.8208e-02
-2.0750e-02
-1.0283e-02
-3.9441e-02
-2.3656e-02
-1.1776e-01
-5.7707e-03
-9.6178e-02
-1.2260e-01
-1.2873e-01
-1.3630e-01
-1.8516e-02
-1.5144e-02
-3.0290e-02
-4.0992e-03
-2.7103e-02
-1.0946e-01
-2.9716e-02
-6.2259e-03
-3.8834e-02
-1.7148e-02
-7.6431e-03
-7.3857e-03
-1.2237e-02
-9.3589e-03
-3.1236e-03
-1.4274e-01
-1.1444e-01
-1.0428e-01
-8.9364e-02
-5.1735e-02
-3.1754e-02
-1.0629e-01
-3.8192e-02
-1.1198e-02
-2.3690e-02
-1.1911e-01
-8.0427e-02
-1.2203e-01
-1.0279e-01
-7.7677e-02
-2.6608e-02
-3.6990e-02
-8.8583e-02
-1.9967e-03
-2.5051e-02
-2.4488e-02
-3.1150e-02
-1.9426e-02
-2.5170e-02
-1.9026e-02
-2.0685e-02
-3.1927e-02
-3.8472e-03
-3.3087e-02
-8.1400e-02
-3.0752e-02
-3.3975e-02
-2.3911e-02
-1.2622e-01
-2.2359e-02
-4.5959e-02
-1.6738e-02
-1.7958e-02
-6.4992e-02
-2.3815e-02
-1.0225e-01
-2.0589e-02
-2.7062e-02
-9.8401e-02
-7.2571e-03
-3.6323e-02
-3.2046e-02
-1.3691e-01
-3.8380e-02
-2.3616e-02
-3.8876e-02
-1.2055e-01
-1.3682e-02
-6.7561e-02
-2.5556e-02
-1.7530e-02
-1.5435e-01
-1.4505e-01
-3.9979e-02
-4.2665e-03
-2.8072e-02
-9.4543e-03
-1.4743e-01
-1.0644e-01
-1.9929e-02
-8.9199e-02
-3.0490e-02
-3.9813e-02
-1.8601e-02
-3.9810e-02
-2.6330e-02
-1.5220e-02
-7.2065e-02
-1.7359e-02
-1.3502e-01
-1.5721e-01
-8.0321e-04
-1.0363e-02
-1.0275e-01
-1.0044e-02
-2.3610e-02
-1.0715e-01
-3.8548e-03
-5.8927e-02
-9.1621e-02
-2.4151e-02
-2.6923e-02
-1.3618e-01
-1.0291e-02
-1.6948e-02
-2.8904e-02
-2.3130e-02
-5.7140e-03
-6.7326e-02
-9.7641e-03
-1.1757e-02
-2.4537e-02
-3.5590e-02
-3.0385e-02
-1.0081e-01
-6.2370e-03
-2.4648e-02
-2.7513e-02
-7.5636e-03
-1.5573e-01
-4.6237e-02
-1.0511e-02
-1.3819e-02
-2.9176e-02
-2.6552e-02
-8.6390e-03
-1.2881e-01
-6.6047e-02
-4.6285e-02
-1.4180e-01
-8.9781e-02
-5.6710e-02
-1.2981e-03
-3.0753e-02
-8.0089e-02
-2.7295e-02
-5.6069e-02
-2.5028e-02
-1.5253e-01
-2.1583e-04
-2.8625e-02
-3.7843e-02
-1.3260e-01
-3.9221e-02
-1.2987e-01
-2.6568e-02
-3.9915e-02
-3.2238e-02
-2.2222e-02
-3.4076e-02
-1.0709e-01
-1.4810e-01
-9.3497e-03
-2.3424e-02
-7.5956e-02
-3.8344e-02
-5.9950e-02
-1.2423e-01
-3.1466e-02
-6.4711e-03
-1.3533e-02
-2.4062e-02
-8.0260e-03
-1.8967e-02
-3.1044e-02
-1.1637e-01
-7.5886e-03
-3.4970e-02
-2.9780e-02
-2.6149e-02
-9.3719e-02
-4.6667e-03
-1.4988e-01
-3.1129e-02
-2.6777e-02
-1.2713e-01
-3.1801e-02
-1.2337e-01
-1.0035e-01
-1.9211e-03
-2.3038e-03
-9.0986e-02
-9.3852e-02
-1.3437e-01
-2.0676e-02
-2.1216e-02
-9.7699e-03
-1.7243e-02
-1.2856e-01
-5.4915e-02
-4.9195e-02
-1.2755e-01
-7.4862e-02
-4.0861e-02
-8.5809e-02
-1.1670e-01
-2.9902e-02
-3.4456e-02
-1.0569e-01
-1.2053e-01
-1.0631e-01
-1.5278e-02
-3.4631e-02
-7.5610e-02
-1.8302e-02
-1.2371e-01
-1.2726e-02
-8.5976e-03
-1.3933e-02
-3.5156e-02
-8.9340e-03
-2.0278e-02
-3.8350e-02
-1.8432e-02
-1.0220e-01
-1.2053e-02
-3.0737e-02
-1.7411e-02
-5.4554e-02
-1.3954e-01
-1.6630e-02
-4.9576e-02
-3.0523e-02
-4.5099e-03
-2.1977e-02
-1.4338e-02
-3.2455e-02
-8.2489e-02
-1.0092e-01
-9.2208e-02
-2.8927e-02
-3.2500e-02
-2.5498e-02
-1.2700e-01
-6.8996e-03
-1.3488e-01
-3.3940e-02
-1.2659e-01
-6.6190e-02
-1.1240e-02
-2.1396e-02
-1.0070e-02
-1.2779e-01
-3.0837e-02
-3.4036e-02
-1.0422e-01
-1.1364e-01
-1.8614e-02
-3.6239e-02
-8.8305e-03
-3.3227e-02
-1.9233e-02
-3.4753e-02
-3.9247e-02
-3.6823e-02
-3.8416e-02
-3.0147e-02
