9.9779e-01	5.3167e-02	3.9865e-02
5.8015e-01	5.1235e-01	6.3318e-01
3.0734e-01	9.4555e-01	1.0713e-01
6.6653e-01	5.6485e-01	4.8650e-01
9.4589e-01	1.2394e-01	2.9989e-01
9.9782e-01	6.0139e-02	2.7309e-02
3.1990e-02	1.5684e-01	9.8711e-01
6.3441e-02	2.6455e-01	9.6228e-01
2.0325e-01	9.7904e-01	1.3260e-02
5.3015e-01	6.7145e-01	5.1778e-01
5.2745e-01	5.7797e-01	6.2270e-01
6.0145e-01	5.1783e-01	6.0837e-01
6.7199e-01	4.2059e-01	6.0954e-01
5.5497e-01	6.9285e-01	4.6039e-01
7.0186e-02	3.7324e-01	9.2508e-01
5.4524e-01	6.9909e-01	4.6259e-01
4.7594e-01	5.4195e-01	6.9266e-01
9.8911e-01	4.7191e-02	1.3938e-01
3.3619e-01	7.1881e-02	9.3905e-01
3.2258e-01	9.2997e-01	1.7637e-01
6.5196e-01	4.8151e-01	5.8574e-01
5.7826e-01	6.5745e-01	4.8308e-01
7.5173e-02	3.5982e-01	9.2999e-01
5.3375e-01	5.5933e-01	6.3424e-01
5.4946e-01	5.4194e-01	6.3591e-01
1.5978e-01	3.3934e-01	9.2699e-01
4.6749e-01	5.2192e-01	7.1348e-01
2.7590e-01	9.5298e-01	1.2533e-01
6.9135e-01	4.2211e-01	5.8639e-01
9.7554e-01	4.0001e-02	2.1617e-01
9.8648e-01	1.3865e-01	8.7367e-02
3.2906e-01	9.4339e-01	4.1667e-02
9.5063e-01	3.0772e-01	4.0165e-02
9.3355e-02	9.9561e-01	6.8712e-03
6.6861e-01	4.7519e-01	5.7198e-01
6.0909e-01	5.8970e-01	5.3035e-01
5.2827e-01	5.5732e-01	6.4056e-01
4.5580e-01	5.1797e-01	7.2385e-01
6.3604e-01	5.4193e-01	5.4933e-01
5.6723e-02	9.2771e-01	3.6898e-01
2.2204e-01	2.1594e-01	9.5083e-01
4.7326e-01	6.1563e-01	6.3010e-01
5.8618e-01	4.8219e-01	6.5107e-01
6.6558e-01	4.4205e-01	6.0133e-01
2.4016e-01	1.4721e-01	9.5951e-01
2.6449e-01	1.8981e-01	9.4552e-01
4.7352e-01	6.5640e-01	5.8729e-01
1.0259e-01	1.8570e-01	9.7724e-01
5.6333e-01	5.5378e-01	6.1317e-01
5.8609e-01	6.2994e-01	5.0958e-01
3.2584e-02	1.1445e-01	9.9289e-01
9.9603e-01	4.8073e-02	7.4870e-02
9.2484e-01	2.2109e-01	3.0951e-01
5.6631e-01	5.6106e-01	6.0375e-01
6.1732e-01	5.5963e-01	5.5293e-01
4.9040e-01	6.2282e-01	6.0959e-01
9.6672e-01	2.5564e-01	1.0060e-02
9.6576e-01	2.3331e-01	1.1347e-01
1.3602e-01	9.3564e-01	3.2570e-01
9.8322e-01	4.5288e-03	1.8238e-01
5.1071e-01	7.0400e-01	4.9351e-01
1.1169e-01	1.8612e-01	9.7616e-01
6.5608e-01	4.5602e-01	6.0133e-01
5.2710e-01	6.8598e-01	5.0160e-01
6.1000e-01	5.8203e-01	5.3772e-01
5.3340e-01	4.6027e-01	7.0967e-01
6.3981e-01	5.1964e-01	5.6623e-01
9.6469e-01	4.0949e-02	2.6020e-01
2.8446e-01	9.1865e-02	9.5428e-01
1.4474e-01	2.7160e-01	9.5146e-01
6.7167e-01	5.2706e-01	5.2064e-01
5.6227e-01	6.7087e-01	4.8352e-01
6.4119e-01	5.0621e-01	5.7674e-01
9.4315e-01	5.6869e-02	3.2746e-01
9.4630e-01	3.2321e-01	7.4664e-03
3.3800e-01	1.4710e-01	9.2958e-01
5.6416e-01	6.2781e-01	5.3626e-01
5.2097e-01	5.2455e-01	6.7338e-01
2.3288e-01	9.7066e-01	5.9899e-02
9.4474e-01	2.0525e-01	2.5560e-01
1.5496e-01	9.7627e-01	1.5130e-01
6.3068e-01	4.5011e-01	6.3218e-01
6.3701e-01	6.3946e-01	4.3047e-01
4.9861e-01	5.2389e-01	6.9060e-01
4.9687e-01	6.7707e-01	5.4285e-01
5.7531e-01	6.7156e-01	4.6692e-01
9.5775e-02	9.8334e-01	1.5447e-01
3.4575e-01	1.2634e-01	9.2978e-01
3.5941e-01	9.2867e-01	9.1604e-02
6.3125e-01	4.8733e-01	6.0335e-01
4.4608e-01	6.1400e-01	6.5117e-01
9.9234e-01	1.0153e-01	7.0317e-02
5.4865e-01	5.3797e-01	6.3997e-01
5.1062e-01	5.5762e-01	6.5447e-01
6.2482e-01	5.4800e-01	5.5614e-01
9.4238e-01	9.6368e-02	3.2035e-01
1.4580e-01	9.8960e-03	9.8926e-01
6.0672e-01	5.7230e-01	5.5169e-01
9.2834e-01	2.8598e-01	2.3750e-01
5.9646e-01	5.1918e-01	6.1211e-01
1.3996e-01	3.6352e-02	9.8949e-01
3.4548e-01	9.3454e-01	8.5302e-02
5.8951e-01	4.7266e-01	6.5504e-01
9.4519e-02	9.6668e-01	2.3788e-01
6.0972e-02	1.3904e-01	9.8841e-01
5.1426e-01	6.3058e-01	5.8130e-01
4.7599e-01	5.7700e-01	6.6371e-01
9.2184e-01	3.8600e-01	3.4705e-02
6.2482e-01	6.1042e-01	4.8681e-01
9.6091e-01	1.4698e-01	2.3463e-01
4.9422e-01	6.8955e-01	5.2940e-01
5.8413e-01	6.2081e-01	5.2287e-01
2.9013e-01	9.5674e-01	2.1887e-02
5.7393e-02	9.7148e-01	2.3007e-01
8.6001e-02	3.5250e-01	9.3185e-01
4.8027e-01	6.5142e-01	5.8736e-01
4.9759e-01	6.6611e-01	5.5560e-01
5.1481e-01	6.0421e-01	6.0819e-01
5.1392e-01	6.6804e-01	5.3816e-01
2.2142e-02	9.9911e-01	3.6001e-02
6.4495e-01	6.0043e-01	4.7277e-01
5.2771e-02	9.3175e-01	3.5924e-01
1.2364e-01	2.1151e-01	9.6952e-01
4.6166e-01	5.9227e-01	6.6037e-01
9.9739e-02	3.4114e-01	9.3471e-01
6.3380e-01	6.0032e-01	4.8777e-01
5.0685e-01	5.9980e-01	6.1914e-01
5.8017e-01	5.2528e-01	6.2249e-01
9.2356e-01	5.9511e-02	3.7880e-01
5.2892e-01	6.6233e-01	5.3062e-01
6.0457e-01	6.3688e-01	4.7840e-01
2.1188e-01	1.6748e-01	9.6284e-01
1.5528e-01	9.2604e-01	3.4400e-01
5.1965e-01	4.5575e-01	7.2267e-01
5.9962e-01	4.8299e-01	6.3810e-01
2.2779e-01	4.8226e-02	9.7252e-01
9.6964e-01	2.3985e-01	4.7635e-02
4.9487e-01	5.0815e-01	7.0490e-01
4.2891e-01	6.7500e-01	6.0034e-01
4.3126e-01	6.8020e-01	5.9274e-01
4.7275e-01	5.7252e-01	6.6987e-01
5.7854e-01	5.3782e-01	6.1322e-01
4.7056e-01	6.3400e-01	6.1369e-01
2.2927e-01	9.4311e-01	2.4079e-01
9.3558e-01	3.4289e-01	8.4401e-02
3.6381e-01	9.3147e-01	2.1875e-03
9.4700e-01	2.6340e-01	1.8386e-01
6.2550e-01	4.1279e-01	6.6209e-01
6.1653e-01	4.5737e-01	6.4086e-01
4.2906e-01	6.9912e-01	5.7196e-01
7.0546e-01	4.9054e-01	5.1156e-01
9.4035e-01	3.2711e-01	9.3496e-02
1.6912e-02	9.2784e-01	3.7259e-01
3.1657e-01	9.4855e-01	5.5640e-03
9.5939e-01	2.7662e-01	5.5216e-02
9.5601e-01	1.8836e-01	2.2488e-01
6.7393e-01	4.4028e-01	5.9327e-01
5.1100e-01	6.4349e-01	5.6991e-01
4.8998e-01	6.1320e-01	6.1960e-01
9.2395e-01	2.1236e-01	3.1814e-01
9.8561e-01	1.2489e-01	1.1393e-01
5.6085e-01	6.8914e-01	4.5885e-01
3.4512e-01	9.3644e-01	6.3033e-02
9.6948e-01	1.6472e-01	1.8161e-01
9.4250e-01	2.5925e-01	2.1091e-01
4.8566e-01	5.9840e-01	6.3722e-01
6.2016e-01	5.6405e-01	5.4520e-01
9.6297e-01	2.2572e-01	1.4747e-01
4.6659e-01	5.2374e-01	7.1273e-01
6.3997e-02	3.3435e-01	9.4027e-01
2.8284e-01	2.0380e-02	9.5895e-01
2.9873e-01	2.2987e-01	9.2624e-01
4.9696e-01	6.5559e-01	5.6854e-01
5.2477e-01	6.6231e-01	5.3476e-01
5.5694e-01	6.1454e-01	5.5872e-01
9.3023e-01	2.1174e-01	2.9974e-01
7.2095e-01	5.0659e-01	4.7287e-01
1.5359e-01	2.1635e-01	9.6416e-01
6.4161e-01	4.8630e-01	5.9317e-01
6.6032e-01	5.7398e-01	4.8428e-01
1.2918e-02	9.8841e-01	1.5126e-01
5.0162e-01	4.7542e-01	7.2274e-01
9.5901e-01	2.5742e-01	1.1849e-01
5.2977e-01	6.6465e-01	5.2686e-01
9.7970e-01	1.5954e-02	1.9985e-01
9.7604e-01	1.8487e-01	1.1480e-01
9.7714e-01	5.2324e-03	2.1252e-01
6.6026e-01	4.8739e-01	5.7140e-01
9.3364e-01	1.4129e-01	3.2916e-01
3.1136e-01	7.6846e-03	9.5026e-01
6.5467e-01	5.8618e-01	4.7729e-01
5.6415e-01	4.7854e-01	6.7286e-01
5.8390e-01	5.9513e-01	5.5216e-01
9.3645e-01	2.5590e-01	2.3995e-01
7.2418e-01	4.9454e-01	4.8062e-01
4.2378e-01	6.3122e-01	6.4959e-01
6.4501e-01	4.9007e-01	5.8633e-01
6.2645e-01	4.6340e-01	6.2676e-01
1.1294e-01	9.9304e-01	3.3537e-02
4.5604e-01	5.8736e-01	6.6860e-01
1.4928e-01	9.8176e-01	1.1770e-01
4.5450e-01	5.6942e-01	6.8498e-01
1.0694e-01	9.8178e-01	1.5709e-01
5.4668e-01	4.7468e-01	6.8980e-01
2.6811e-01	1.5368e-01	9.5105e-01
5.3056e-01	6.5630e-01	5.3646e-01
2.0074e-02	1.7620e-01	9.8415e-01
9.7109e-01	4.0934e-02	2.3517e-01
6.0145e-01	4.6122e-01	6.5233e-01
9.9281e-01	1.0908e-01	4.9241e-02
2.4362e-01	9.6880e-01	4.5550e-02
2.9386e-01	2.3911e-01	9.2546e-01
9.8374e-01	1.4873e-01	1.0070e-01
1.8045e-01	3.3848e-01	9.2351e-01
4.9776e-01	5.6802e-01	6.5543e-01
6.9182e-01	5.1836e-01	5.0268e-01
5.1125e-01	6.1447e-01	6.0087e-01
6.1476e-01	5.9499e-01	5.1773e-01
6.3065e-01	4.3026e-01	6.4588e-01
5.8864e-01	5.2676e-01	6.1321e-01
9.0256e-02	1.8325e-01	9.7892e-01
3.5294e-02	9.8149e-01	1.8825e-01
6.9228e-01	5.7709e-01	4.3327e-01
4.7596e-01	6.5337e-01	5.8871e-01
5.3232e-01	6.3865e-01	5.5566e-01
1.6392e-01	9.5933e-01	2.2980e-01
5.8557e-01	5.0814e-01	6.3158e-01
6.9396e-03	9.9943e-01	3.3158e-02
1.9491e-01	1.4664e-01	9.6980e-01
9.5248e-01	1.3826e-01	2.7142e-01
1.6658e-01	9.8440e-01	5.6591e-02
1.5819e-01	9.7115e-01	1.7842e-01
5.5679e-01	6.9875e-01	4.4915e-01
6.7857e-01	6.0118e-01	4.2205e-01
2.3181e-01	3.2528e-02	9.7222e-01
9.5494e-01	9.4346e-02	2.8140e-01
1.3818e-01	2.0083e-01	9.6983e-01
5.3068e-01	7.0131e-01	4.7596e-01
3.3481e-01	9.4063e-01	5.5917e-02
1.0921e-01	9.7288e-01	2.0393e-01
6.6086e-01	5.8120e-01	4.7484e-01
2.4635e-01	9.6891e-01	2.2885e-02
5.2284e-01	5.4335e-01	6.5682e-01
9.6067e-01	9.2525e-02	2.6184e-01
5.1228e-01	5.3336e-01	6.7313e-01
5.4128e-01	4.9830e-01	6.7729e-01
6.9259e-01	4.7810e-01	5.4013e-01
9.4098e-01	3.2357e-01	9.9317e-02
3.5432e-01	9.2349e-01	1.4705e-01
9.8212e-01	8.7834e-02	1.6649e-01
5.0152e-01	6.8911e-01	5.2306e-01
6.2098e-01	6.1934e-01	4.8042e-01
4.8490e-02	2.5631e-01	9.6538e-01
9.6101e-01	7.4603e-02	2.6626e-01
5.4697e-01	6.9457e-01	4.6733e-01
3.4571e-01	9.2066e-01	1.8129e-01
2.5103e-01	1.5219e-02	9.6786e-01
3.7262e-01	9.2698e-01	4.3210e-02
6.5878e-01	5.8681e-01	4.7081e-01
2.5200e-01	9.6773e-01	1.3224e-03
4.8377e-01	6.5616e-01	5.7915e-01
9.3017e-01	1.2143e-01	3.4647e-01
7.2478e-02	9.4328e-01	3.2399e-01
5.0412e-01	6.0556e-01	6.1576e-01
9.7706e-01	1.5603e-02	2.1240e-01
4.1823e-01	6.1628e-01	6.6730e-01
5.8539e-01	4.5370e-01	6.7192e-01
5.8563e-02	2.7001e-01	9.6107e-01
4.9857e-02	9.6991e-01	2.3830e-01
5.1376e-01	7.0009e-01	4.9591e-01
9.2575e-01	2.1175e-01	3.1327e-01
9.7263e-01	2.1594e-01	8.5786e-02
6.9469e-01	4.8502e-01	5.3119e-01
7.6856e-02	3.4960e-01	9.3374e-01
8.6452e-02	9.9358e-01	7.3001e-02
5.8823e-01	4.5388e-01	6.6931e-01
9.3080e-01	3.0926e-01	1.9487e-01
5.3775e-01	6.9390e-01	4.7888e-01
6.7138e-01	6.1099e-01	4.1944e-01
4.9394e-01	5.6897e-01	6.5749e-01
1.2224e-01	9.9250e-01	1.9255e-03
5.3407e-01	5.1093e-01	6.7359e-01
1.5029e-01	9.7833e-01	1.4245e-01
4.7781e-01	6.0758e-01	6.3447e-01
9.5314e-01	2.7082e-01	1.3483e-01
4.9153e-01	5.7840e-01	6.5104e-01
6.0605e-01	5.1308e-01	6.0783e-01
7.1328e-01	5.2411e-01	4.6533e-01
6.0248e-01	5.3705e-01	5.9042e-01
5.9841e-01	5.4007e-01	5.9180e-01
6.1841e-01	5.1234e-01	5.9589e-01
9.3643e-01	3.1956e-01	1.4486e-01
6.5030e-01	6.1478e-01	4.4627e-01
6.0202e-01	5.5548e-01	5.7360e-01
6.4815e-01	5.8812e-01	4.8375e-01
1.0316e-01	9.8607e-01	1.3046e-01
1.5522e-01	9.8463e-01	8.0123e-02
9.6253e-01	4.3582e-02	2.6763e-01
4.8621e-01	5.7005e-01	6.6231e-01
5.0834e-01	5.5010e-01	6.6256e-01
2.1256e-02	9.6463e-01	2.6274e-01
5.6151e-02	9.8232e-01	1.7859e-01
9.5294e-01	2.9407e-01	7.3725e-02
2.2059e-01	9.5559e-01	1.9544e-01
6.3730e-01	5.4933e-01	5.4045e-01
5.6903e-01	5.0686e-01	6.4754e-01
6.6800e-01	5.9734e-01	4.4381e-01
1.0386e-01	2.2863e-01	9.6796e-01
3.2056e-01	2.5904e-04	9.4723e-01
1.9912e-01	9.2072e-01	3.3560e-01
9.5674e-02	3.1164e-01	9.4537e-01
5.2172e-01	5.8585e-01	6.2015e-01
6.6997e-01	4.8152e-01	5.6505e-01
4.7340e-01	5.3051e-01	7.0317e-01
1.1346e-01	9.7569e-01	1.8750e-01
2.2834e-01	2.5809e-01	9.3875e-01
9.5656e-01	2.7024e-01	1.0937e-01
6.8326e-01	5.5951e-01	4.6915e-01
5.1320e-01	5.6085e-01	6.4967e-01
9.8868e-01	7.6924e-02	1.2878e-01
6.4819e-02	9.4426e-01	3.2275e-01
6.5483e-01	5.3989e-01	5.2888e-01
2.6314e-02	9.4158e-01	3.3577e-01
2.3338e-01	2.8232e-01	9.3050e-01
5.1967e-01	5.1319e-01	6.8307e-01
1.6829e-01	2.2933e-01	9.5869e-01
6.0752e-01	6.2072e-01	4.9560e-01
3.7048e-02	9.9466e-01	9.6281e-02
4.9013e-01	5.9149e-01	6.4024e-01
4.9410e-01	6.5272e-01	5.7430e-01
2.2234e-01	9.6215e-01	1.5758e-01
9.6016e-01	1.9240e-01	2.0267e-01
4.6691e-01	5.9591e-01	6.5336e-01
6.9712e-01	5.3827e-01	4.7360e-01
5.9143e-01	5.7207e-01	5.6828e-01
1.4711e-02	9.7480e-01	2.2261e-01
4.9910e-01	5.2773e-01	6.8731e-01
4.0788e-04	9.7465e-01	2.2375e-01
5.9033e-01	5.9128e-01	5.4944e-01
9.9914e-02	2.0569e-01	9.7350e-01
5.6567e-01	5.8255e-01	5.8365e-01
3.6521e-01	1.1588e-01	9.2368e-01
4.2611e-01	5.9979e-01	6.7726e-01
6.0034e-01	6.5811e-01	4.5440e-01
6.9759e-01	4.6113e-01	5.4839e-01
7.2034e-01	4.4825e-01	5.2933e-01
7.0732e-01	4.8972e-01	5.0978e-01
9.9913e-02	2.9767e-01	9.4943e-01
6.1431e-01	5.0871e-01	6.0319e-01
4.7231e-01	6.2114e-01	6.2539e-01
3.0535e-01	9.4633e-01	1.0590e-01
1.7201e-01	9.8462e-01	3.0660e-02
5.6005e-01	6.0537e-01	5.6557e-01
6.0505e-01	6.4737e-01	4.6350e-01
4.3216e-01	6.9258e-01	5.7756e-01
4.9626e-01	5.6746e-01	6.5705e-01
6.2750e-01	4.8724e-01	6.0731e-01
2.5030e-01	9.2144e-01	2.9715e-01
6.4463e-01	5.9910e-01	4.7490e-01
3.3225e-02	9.2293e-01	3.8354e-01
9.9890e-01	2.1967e-02	4.1309e-02
9.5588e-01	9.8998e-02	2.7657e-01
2.8497e-01	1.8946e-01	9.3963e-01
2.5799e-01	9.6614e-01	4.2908e-03
5.7815e-01	6.3010e-01	5.1838e-01
2.5327e-01	2.8466e-01	9.2457e-01
4.4137e-02	9.5783e-01	2.8391e-01
4.6418e-01	5.9626e-01	6.5499e-01
9.8053e-01	1.8618e-01	6.2347e-02
5.8349e-01	5.4108e-01	6.0562e-01
6.2865e-01	6.1079e-01	4.8138e-01
6.4550e-02	1.0521e-01	9.9235e-01
5.9889e-01	6.4218e-01	4.7847e-01
1.1524e-01	9.3993e-01	3.2133e-01
2.1933e-01	9.7522e-02	9.7077e-01
3.3101e-02	9.7723e-01	2.0960e-01
6.5776e-01	4.6018e-01	5.9632e-01
2.5610e-01	4.8846e-02	9.6542e-01
5.2486e-01	5.7837e-01	6.2450e-01
1.0369e-01	9.4293e-01	3.1644e-01
6.7127e-01	4.7955e-01	5.6518e-01
4.6451e-01	6.2718e-01	6.2520e-01
1.2651e-01	9.6763e-01	2.1839e-01
9.3204e-01	3.0704e-01	1.9245e-01
5.1320e-01	6.2737e-01	5.8569e-01
2.1439e-01	9.2768e-01	3.0568e-01
9.6884e-01	2.0142e-01	1.4415e-01
7.1176e-02	3.7243e-01	9.2533e-01
3.3824e-01	9.3113e-01	1.3636e-01
1.1201e-02	3.3188e-01	9.4326e-01
3.5084e-01	9.3584e-01	3.3479e-02
9.6657e-01	2.2327e-03	2.5639e-01
5.7055e-01	5.8319e-01	5.7824e-01
1.0536e-01	9.5453e-01	2.7888e-01
7.0870e-01	5.2133e-01	4.7536e-01
9.9210e-01	3.9948e-02	1.1890e-01
7.1478e-01	4.9321e-01	4.9582e-01
9.3308e-01	3.5904e-01	2.1355e-02
5.7712e-01	6.0158e-01	5.5231e-01
9.9436e-01	1.0595e-01	3.8684e-03
6.5004e-01	5.6523e-01	5.0790e-01
9.2024e-01	3.8829e-01	4.8911e-02
7.1602e-01	5.2137e-01	4.6422e-01
2.4999e-02	9.8899e-01	1.4584e-01
9.2210e-01	3.4920e-01	1.6669e-01
5.9630e-01	6.2020e-01	5.0969e-01
5.8330e-01	6.7478e-01	4.5214e-01
4.7001e-01	5.4630e-01	6.9329e-01
5.7186e-01	5.9927e-01	5.6022e-01
8.6753e-02	1.9394e-01	9.7717e-01
6.3069e-01	4.5625e-01	6.2775e-01
9.7512e-01	8.1091e-02	2.0629e-01
1.3382e-01	9.4419e-01	3.0099e-01
5.2263e-01	6.0845e-01	5.9719e-01
4.7636e-01	6.1831e-01	6.2512e-01
2.1998e-01	9.7287e-01	7.1620e-02
6.0987e-01	6.7068e-01	4.2218e-01
6.5759e-01	4.0620e-01	6.3449e-01
3.1728e-01	1.5319e-01	9.3588e-01
5.4584e-01	6.6103e-01	5.1488e-01
1.5262e-01	2.4124e-01	9.5839e-01
2.2277e-01	9.6195e-01	1.5821e-01
4.9216e-01	6.9385e-01	5.2568e-01
4.6720e-01	6.4392e-01	6.0588e-01
6.1100e-01	4.9772e-01	6.1559e-01
9.5721e-01	1.9941e-01	2.0973e-01
9.3150e-01	2.5411e-01	2.6028e-01
7.2568e-01	4.8016e-01	4.9278e-01
5.3144e-01	6.7626e-01	5.1014e-01
5.5439e-01	6.1788e-01	5.5757e-01
2.1467e-02	1.2148e-01	9.9236e-01
4.9846e-01	6.4774e-01	5.7617e-01
1.4776e-01	1.2375e-01	9.8125e-01
3.1231e-02	2.3894e-01	9.7053e-01
8.3238e-02	9.7670e-01	1.9781e-01
6.1276e-01	6.2906e-01	4.7834e-01
3.0908e-01	3.4467e-02	9.5041e-01
2.5685e-01	9.6559e-01	4.0824e-02
6.2385e-01	5.2845e-01	5.7581e-01
6.9695e-01	4.6165e-01	5.4876e-01
2.9147e-01	2.0343e-01	9.3470e-01
5.8872e-01	4.5483e-01	6.6823e-01
5.0544e-01	5.0981e-01	6.9615e-01
6.1712e-01	6.1718e-01	4.8811e-01
6.1536e-02	3.1470e-02	9.9761e-01
5.6363e-02	9.8722e-01	1.4903e-01
6.6968e-01	5.2443e-01	5.2584e-01
9.5084e-01	4.4380e-02	3.0648e-01
2.5082e-01	9.3836e-01	2.3783e-01
8.7241e-02	9.8551e-01	1.4548e-01
9.8221e-01	1.7457e-01	6.9165e-02
6.2074e-01	5.3857e-01	5.6976e-01
4.3294e-02	9.5959e-01	2.7804e-01
6.6837e-01	4.3086e-01	6.0633e-01
1.1750e-01	9.8672e-01	1.1213e-01
6.0261e-01	6.3845e-01	4.7880e-01
4.2161e-01	6.5579e-01	6.2625e-01
9.2522e-01	3.4407e-01	1.5998e-01
9.8557e-01	4.5783e-02	1.6295e-01
3.6258e-01	1.1618e-01	9.2468e-01
4.3533e-01	6.5597e-01	6.1660e-01
6.8718e-02	9.4691e-01	3.1407e-01
6.6776e-01	5.9397e-01	4.4866e-01
1.3800e-01	9.8582e-01	9.5483e-02
5.8721e-01	5.7749e-01	5.6718e-01
6.4450e-01	5.6039e-01	5.2018e-01
6.9987e-01	5.4882e-01	4.5713e-01
1.4573e-02	9.4453e-01	3.2810e-01
1.6980e-01	1.0974e-01	9.7935e-01
4.8364e-01	5.5714e-01	6.7505e-01
4.2143e-02	2.9953e-01	9.5315e-01
5.3161e-01	6.9353e-01	4.8621e-01
9.9397e-01	9.4193e-02	5.6142e-02
2.2454e-01	2.7494e-01	9.3488e-01
6.7538e-01	4.5569e-01	5.7984e-01
6.5530e-02	9.8424e-01	1.6423e-01
2.0528e-01	3.0483e-01	9.3002e-01
4.5049e-01	5.8650e-01	6.7311e-01
4.6359e-01	6.3127e-01	6.2176e-01
3.6379e-01	9.2239e-01	1.2981e-01
6.0215e-01	5.4251e-01	5.8574e-01
9.2052e-01	2.5945e-01	2.9210e-01
5.5802e-01	4.7263e-01	6.8208e-01
6.5872e-01	4.3672e-01	6.1267e-01
4.3679e-02	9.4080e-01	3.3613e-01
6.1465e-01	5.4088e-01	5.7416e-01
6.1908e-01	4.9975e-01	6.0580e-01
5.8189e-01	5.3562e-01	6.1198e-01
9.8747e-01	4.4207e-02	1.5151e-01
6.8674e-01	4.7597e-01	5.4940e-01
6.0642e-01	6.5698e-01	4.4791e-01
5.8858e-01	6.1390e-01	5.2603e-01
1.3418e-01	1.9441e-01	9.7170e-01
4.7937e-02	2.7102e-01	9.6138e-01
5.7192e-01	4.9859e-01	6.5139e-01
4.3136e-01	7.1020e-01	5.5637e-01
5.8493e-01	4.5991e-01	6.6809e-01
5.9722e-01	5.6355e-01	5.7073e-01
4.1085e-01	6.4739e-01	6.4194e-01
9.6179e-01	1.6283e-01	2.2011e-01
4.6463e-01	7.2631e-01	5.0655e-01
4.6149e-01	6.8191e-01	5.6748e-01
6.8178e-01	5.6544e-01	4.6417e-01
9.2001e-01	3.5614e-01	1.6351e-01
1.8673e-01	9.3248e-01	3.0923e-01
5.7128e-01	5.3470e-01	6.2269e-01
6.3770e-01	6.1706e-01	4.6106e-01
6.3447e-01	6.4397e-01	4.2750e-01
1.5600e-01	2.7531e-01	9.4861e-01
5.7947e-01	5.8865e-01	5.6366e-01
6.6128e-01	4.3683e-01	6.0983e-01
6.3766e-01	5.6765e-01	5.2073e-01
9.6807e-01	1.0956e-01	2.2549e-01
2.0975e-01	9.7415e-01	8.3949e-02
6.2140e-01	4.8701e-01	6.1375e-01
5.6351e-01	5.8060e-01	5.8767e-01
2.3274e-01	9.7243e-01	1.4674e-02
2.2884e-02	2.6064e-01	9.6517e-01
6.5203e-01	4.7556e-01	5.9051e-01
5.9731e-01	4.7535e-01	6.4596e-01
1.4360e-01	2.4108e-01	9.5982e-01
9.6984e-01	1.6247e-01	1.8168e-01
9.3486e-01	3.5162e-01	4.9074e-02
3.6373e-01	4.5324e-02	9.3040e-01
5.6057e-01	4.9449e-01	6.6426e-01
6.8914e-01	5.5501e-01	4.6588e-01
5.9781e-01	5.8502e-01	5.4806e-01
5.9800e-01	4.6756e-01	6.5098e-01
1.2468e-01	2.7558e-01	9.5316e-01
4.7491e-01	5.2893e-01	7.0335e-01
2.0993e-01	9.7770e-01	6.2101e-03
5.7542e-01	6.7686e-01	4.5908e-01
6.5213e-01	4.9237e-01	5.7646e-01
5.8978e-01	6.8794e-01	4.2297e-01
6.3855e-01	5.4623e-01	5.4211e-01
5.7704e-01	4.2676e-01	6.9635e-01
5.7063e-01	4.4458e-01	6.9045e-01
1.2202e-01	9.7487e-01	1.8641e-01
1.8174e-01	9.4847e-01	2.5955e-01
3.7150e-01	9.2816e-01	2.2489e-02
6.5849e-01	5.1057e-01	5.5291e-01
9.7402e-01	1.7184e-01	1.4750e-01
1.3720e-01	9.2841e-01	3.4531e-01
2.0450e-01	9.7775e-01	4.6835e-02
3.6021e-01	6.8041e-02	9.3039e-01
6.5822e-03	3.3947e-01	9.4059e-01
5.0719e-01	5.4480e-01	6.6780e-01
2.3244e-01	9.7066e-01	6.1504e-02
5.7412e-01	5.5119e-01	6.0546e-01
6.8018e-02	9.6473e-01	2.5431e-01
9.9410e-01	1.0190e-01	3.7043e-02
3.2412e-01	9.4055e-01	1.0152e-01
9.3301e-01	3.4839e-01	9.0106e-02
4.9613e-01	4.9018e-01	7.1665e-01
5.4867e-01	5.5558e-01	6.2473e-01
3.0554e-01	9.8297e-02	9.4709e-01
9.5618e-01	2.6540e-01	1.2363e-01
4.8734e-01	6.1267e-01	6.2220e-01
5.2631e-01	5.8811e-01	6.1411e-01
9.2097e-01	3.8952e-01	9.7332e-03
2.0637e-01	2.6282e-01	9.4252e-01
5.5932e-01	4.5740e-01	6.9134e-01
5.7714e-01	6.9984e-01	4.2088e-01
1.9802e-02	2.0108e-01	9.7937e-01
6.0272e-01	4.6417e-01	6.4906e-01
4.5099e-01	6.3580e-01	6.2639e-01
1.3708e-02	2.0911e-01	9.7780e-01
5.4489e-01	4.9953e-01	6.7347e-01
6.0471e-01	5.7339e-01	5.5276e-01
5.8268e-01	6.4009e-01	5.0077e-01
6.6947e-01	5.9601e-01	4.4338e-01
3.1155e-01	2.2521e-01	9.2316e-01
6.2898e-01	5.9797e-01	4.9681e-01
6.7248e-01	6.1509e-01	4.1162e-01
9.3328e-01	2.9221e-01	2.0879e-01
1.7281e-01	1.4686e-01	9.7395e-01
3.4465e-01	1.1964e-01	9.3108e-01
1.2035e-01	9.6754e-01	2.2222e-01
5.8346e-01	6.4781e-01	4.8982e-01
7.1862e-01	5.0169e-01	4.8155e-01
4.8235e-01	5.6392e-01	6.7032e-01
5.8109e-01	4.8163e-01	6.5602e-01
9.2295e-01	2.5665e-01	2.8687e-01
1.6895e-01	2.0071e-01	9.6497e-01
5.7644e-01	5.6879e-01	5.8669e-01
1.8880e-02	2.2459e-01	9.7427e-01
5.3455e-01	5.5249e-01	6.3954e-01
9.7695e-01	6.7250e-03	2.1336e-01
7.0241e-01	4.2955e-01	5.6755e-01
5.3338e-01	5.5087e-01	6.4191e-01
2.5380e-01	1.1775e-01	9.6006e-01
2.8793e-01	9.5319e-01	9.2285e-02
5.7589e-01	6.7106e-01	4.6694e-01
5.9016e-01	6.1971e-01	5.1737e-01
5.3321e-01	6.0353e-01	5.9283e-01
6.2601e-01	5.6866e-01	5.3360e-01
6.0210e-01	4.9732e-01	6.2461e-01
5.7760e-01	5.7416e-01	5.8028e-01
6.5000e-01	6.1278e-01	4.4944e-01
5.3001e-01	6.4997e-01	5.4463e-01
1.7213e-02	9.9891e-01	4.3361e-02
6.6345e-01	4.6757e-01	5.8414e-01
9.2922e-01	7.6757e-02	3.6145e-01
1.7756e-01	9.4659e-01	2.6913e-01
2.6147e-01	9.6457e-01	3.5248e-02
4.2392e-01	6.9317e-01	5.8293e-01
5.7386e-01	6.4416e-01	5.0570e-01
9.6844e-01	6.2752e-03	2.4918e-01
6.5775e-01	6.1413e-01	4.3614e-01
5.5605e-01	5.1840e-01	6.4967e-01
4.3508e-01	6.1073e-01	6.6160e-01
6.1398e-01	6.1265e-01	4.9768e-01
2.0188e-01	9.7199e-01	1.2033e-01
4.9264e-01	6.2288e-01	6.0772e-01
4.8791e-01	6.8261e-01	5.4405e-01
6.1625e-01	6.0281e-01	5.0682e-01
5.2382e-01	6.8477e-01	5.0666e-01
9.2574e-01	3.7623e-01	3.8115e-02
6.8973e-01	5.4283e-01	4.7918e-01
4.6034e-01	7.1654e-01	5.2408e-01
9.2701e-01	2.3672e-01	2.9089e-01
3.0053e-01	9.4706e-01	1.1300e-01
9.9008e-01	3.5651e-02	1.3589e-01
6.2361e-01	5.8825e-01	5.1485e-01
4.6108e-01	6.9665e-01	5.4962e-01
9.8216e-01	1.5966e-01	9.9334e-02
1.3426e-01	9.8214e-01	1.3182e-01
9.2738e-01	3.7079e-01	4.9862e-02
4.1987e-02	9.6535e-01	2.5757e-01
6.0134e-01	4.8751e-01	6.3303e-01
9.7923e-01	4.7064e-04	2.0276e-01
5.6458e-01	5.0895e-01	6.4978e-01
5.4982e-01	6.4683e-01	5.2849e-01
5.0650e-01	6.1499e-01	6.0436e-01
6.3567e-01	4.3196e-01	6.3979e-01
5.8303e-01	4.2497e-01	6.9244e-01
1.8144e-01	9.7420e-01	1.3421e-01
2.8671e-01	9.4846e-01	1.3496e-01
3.5623e-01	7.7510e-02	9.3118e-01
5.3178e-01	6.5115e-01	5.4149e-01
5.9826e-01	6.2246e-01	5.0461e-01
6.9417e-01	5.1601e-01	5.0186e-01
9.6272e-01	2.5491e-01	9.0522e-02
9.8347e-01	1.2770e-01	1.2840e-01
4.6462e-01	6.0306e-01	6.4842e-01
5.5715e-01	4.8294e-01	6.7554e-01
4.5796e-01	6.7894e-01	5.7386e-01
6.4640e-01	5.0002e-01	5.7633e-01
5.6208e-01	5.6708e-01	6.0208e-01
5.0818e-01	7.2302e-01	4.6797e-01
4.3639e-01	6.5104e-01	6.2106e-01
6.5465e-01	5.5881e-01	5.0908e-01
7.1275e-01	5.1927e-01	4.7154e-01
4.9837e-01	6.4889e-01	5.7495e-01
4.2212e-01	5.9375e-01	6.8504e-01
9.5407e-01	2.9854e-01	2.4913e-02
6.0156e-01	6.0754e-01	5.1867e-01
1.4897e-01	9.6301e-01	2.2455e-01
5.4895e-01	5.5376e-01	6.2610e-01
6.1758e-01	6.7117e-01	4.1004e-01
3.2902e-01	1.1816e-01	9.3690e-01
1.7175e-01	9.7291e-01	1.5474e-01
8.2126e-02	2.2753e-02	9.9636e-01
6.4549e-01	4.2179e-01	6.3674e-01
1.7993e-01	9.5379e-01	2.4063e-01
3.8434e-02	3.5588e-01	9.3374e-01
9.7316e-01	1.6030e-01	1.6513e-01
6.3304e-01	6.5395e-01	4.1426e-01
5.8501e-01	5.9385e-01	5.5236e-01
9.7558e-01	1.3939e-01	1.6975e-01
9.7807e-01	5.8139e-02	1.9999e-01
5.0376e-01	6.7598e-01	5.3784e-01
5.9267e-01	5.2992e-01	6.0657e-01
9.4173e-01	9.1883e-02	3.2359e-01
5.2375e-01	4.7299e-01	7.0849e-01
1.5796e-02	9.8857e-01	1.4995e-01
6.1534e-01	4.5205e-01	6.4576e-01
6.0012e-01	4.1811e-01	6.8194e-01
5.2025e-01	5.7592e-01	6.3060e-01
5.6712e-01	4.9718e-01	6.5665e-01
6.2005e-01	6.3041e-01	4.6703e-01
7.7171e-02	3.6734e-01	9.2688e-01
7.3954e-03	1.1331e-01	9.9353e-01
1.8755e-01	6.1401e-02	9.8033e-01
5.1041e-01	5.8726e-01	6.2818e-01
2.6304e-01	9.4047e-01	2.1524e-01
3.6176e-01	9.3227e-01	3.8243e-04
9.2954e-01	3.1494e-01	1.9177e-01
5.6664e-01	5.8908e-01	5.7611e-01
5.4781e-01	5.5648e-01	6.2469e-01
6.5753e-01	4.1332e-01	6.2994e-01
2.2401e-01	9.7450e-01	1.2904e-02
2.9690e-01	9.2275e-01	2.4572e-01
3.6028e-01	9.3248e-01	2.5972e-02
5.1921e-01	6.2384e-01	5.8417e-01
4.6117e-01	6.2039e-01	6.3438e-01
5.1904e-01	6.3680e-01	5.7016e-01
5.5241e-01	4.6828e-01	6.8961e-01
1.8497e-01	9.2748e-01	3.2492e-01
3.5447e-01	9.3500e-01	1.1289e-02
1.3285e-01	9.3114e-01	3.3961e-01
9.2389e-01	3.6352e-01	1.1946e-01
5.8754e-01	5.0884e-01	6.2918e-01
4.4901e-01	5.6800e-01	6.8976e-01
5.5186e-01	6.4380e-01	5.3007e-01
9.6929e-01	5.1310e-02	2.4050e-01
1.3196e-01	9.9107e-01	1.9350e-02
6.4770e-01	4.0334e-01	6.4638e-01
4.4773e-02	1.0895e-01	9.9304e-01
4.2833e-01	6.5742e-01	6.1995e-01
9.6843e-01	2.2921e-01	9.7979e-02
2.4413e-01	9.5943e-01	1.4106e-01
5.5561e-01	6.1824e-01	5.5595e-01
2.8577e-01	2.3970e-01	9.2784e-01
5.5760e-01	6.6822e-01	4.9250e-01
2.7394e-01	1.2858e-01	9.5311e-01
7.7931e-02	9.2686e-01	3.6723e-01
9.9628e-01	6.4683e-02	5.6871e-02
4.7412e-01	5.5916e-01	6.8011e-01
6.6148e-01	5.7393e-01	4.8275e-01
2.3235e-01	1.3349e-01	9.6343e-01
1.1108e-01	9.2746e-01	3.5704e-01
6.3687e-01	4.8798e-01	5.9688e-01
2.2127e-01	2.4697e-01	9.4342e-01
9.4225e-01	1.9084e-02	3.3437e-01
5.7635e-01	4.8738e-01	6.5596e-01
6.2154e-01	4.7807e-01	6.2059e-01
9.5053e-01	2.7139e-01	1.5111e-01
6.4526e-01	6.2902e-01	4.3357e-01
5.4911e-01	4.8235e-01	6.8251e-01
1.0115e-01	9.2650e-01	3.6245e-01
5.2991e-01	5.7285e-01	6.2533e-01
6.6504e-01	5.3324e-01	5.2286e-01
3.8004e-01	5.0815e-02	9.2357e-01
6.2791e-01	6.3763e-01	4.4626e-01
5.7446e-01	5.2297e-01	6.2968e-01
5.4128e-01	5.8568e-01	6.0332e-01
6.5613e-01	5.3958e-01	5.2759e-01
6.5999e-01	5.1346e-01	5.4843e-01
9.7592e-01	3.6165e-02	2.1513e-01
9.4175e-01	1.8219e-02	3.3582e-01
2.8604e-01	9.4484e-01	1.5957e-01
7.4487e-02	3.0783e-01	9.4852e-01
5.3061e-01	5.0398e-01	6.8151e-01
2.1433e-01	9.5085e-01	2.2349e-01
4.9694e-01	5.2152e-01	6.9359e-01
4.6582e-01	6.5120e-01	5.9912e-01
3.3762e-01	8.7063e-03	9.4124e-01
5.9685e-01	6.2672e-01	5.0100e-01
4.7806e-02	1.1438e-01	9.9229e-01
9.4005e-01	3.1070e-01	1.4064e-01
2.5380e-01	2.3776e-01	9.3758e-01
5.5493e-01	6.8577e-01	4.7093e-01
6.7983e-01	5.2163e-01	5.1549e-01
9.0989e-02	9.9110e-01	9.7165e-02
6.1921e-01	5.9204e-01	5.1581e-01
9.9085e-01	1.2801e-01	4.2766e-02
5.9098e-01	5.7022e-01	5.7061e-01
4.4716e-01	7.0603e-01	5.4915e-01
9.4336e-01	3.0218e-01	1.3695e-01
6.5732e-01	4.2869e-01	6.1981e-01
4.8259e-01	6.4059e-01	5.9728e-01
7.0377e-01	5.3496e-01	4.6747e-01
1.4082e-01	9.2442e-01	3.5442e-01
5.7792e-01	6.0626e-01	5.4631e-01
6.4237e-01	4.5233e-01	6.1867e-01
2.8417e-03	2.3856e-01	9.7112e-01
6.9099e-01	4.7535e-01	5.4459e-01
9.7874e-01	1.4902e-01	1.4091e-01
5.8707e-01	5.5344e-01	5.9081e-01
9.9693e-01	1.0292e-02	7.7573e-02
4.7605e-01	6.4179e-01	6.0123e-01
1.6812e-01	9.7202e-01	1.6404e-01
4.7722e-01	5.1829e-01	7.0968e-01
7.4498e-03	9.9997e-01	1.0803e-03
1.9814e-02	9.9414e-01	1.0627e-01
3.4089e-01	1.0489e-01	9.3423e-01
5.8702e-02	9.9236e-01	1.0851e-01
5.8395e-01	4.5953e-01	6.6920e-01
5.6738e-01	5.8619e-01	5.7832e-01
3.0844e-01	2.3590e-01	9.2153e-01
5.9254e-01	5.1587e-01	6.1869e-01
9.2524e-01	3.7820e-01	2.9864e-02
1.0233e-01	2.5349e-01	9.6191e-01
5.3733e-01	6.8811e-01	4.8763e-01
1.2900e-01	9.2077e-01	3.6815e-01
3.2175e-01	5.7512e-02	9.4508e-01
6.0693e-01	4.8652e-01	6.2845e-01
5.5566e-01	4.6993e-01	6.8586e-01
1.0595e-01	7.2443e-02	9.9173e-01
6.2133e-01	6.2129e-01	4.7744e-01
6.0708e-01	6.7616e-01	4.1746e-01
4.9673e-01	6.7146e-01	5.4992e-01
9.9677e-01	1.4309e-02	7.9023e-02
6.2531e-01	4.2498e-01	6.5451e-01
5.1931e-01	5.1511e-01	6.8190e-01
5.2709e-01	7.1135e-01	4.6493e-01
6.1022e-01	5.0471e-01	6.1065e-01
5.2737e-02	3.3373e-01	9.4119e-01
9.7847e-01	4.3429e-02	2.0179e-01
5.5601e-01	5.8794e-01	5.8752e-01
1.2079e-01	3.1034e-01	9.4292e-01
6.1941e-01	5.5444e-01	5.5581e-01
3.3514e-01	1.0563e-01	9.3623e-01
6.6728e-01	5.9306e-01	4.5058e-01
3.6407e-01	9.3137e-01	1.1710e-03
1.2699e-01	9.9002e-01	6.1171e-02
5.7613e-01	6.1308e-01	5.4056e-01
5.4256e-01	6.9132e-01	4.7719e-01
9.6169e-01	1.4169e-01	2.3469e-01
9.5391e-01	2.7951e-01	1.0921e-01
9.9226e-01	3.0534e-03	1.2414e-01
7.2319e-02	9.9414e-01	8.0314e-02
6.5858e-01	5.7896e-01	4.8071e-01
2.2870e-01	2.9688e-01	9.2712e-01
1.0615e-01	7.5305e-02	9.9149e-01
4.3066e-01	6.6264e-01	6.1273e-01
6.4922e-01	4.5005e-01	6.1317e-01
6.3088e-01	4.5568e-01	6.2797e-01
2.8289e-01	9.5083e-01	1.2611e-01
5.5724e-01	5.6656e-01	6.0703e-01
9.4763e-01	3.1929e-01	6.9172e-03
6.6331e-01	4.1580e-01	6.2219e-01
5.1249e-01	7.0045e-01	4.9671e-01
5.4690e-01	6.8690e-01	4.7861e-01
1.5262e-01	9.7810e-01	1.4153e-01
2.8997e-01	5.6600e-02	9.5536e-01
5.4645e-01	5.9221e-01	5.9219e-01
5.2689e-01	6.5443e-01	5.4231e-01
9.9815e-01	1.2736e-03	6.0773e-02
6.1333e-01	4.9019e-01	6.1931e-01
2.2212e-01	9.2292e-01	3.1445e-01
6.4725e-01	5.9433e-01	4.7732e-01
5.8039e-01	6.1455e-01	5.3430e-01
1.0242e-01	9.9473e-01	5.4427e-03
3.9618e-02	9.8382e-01	1.7475e-01
2.1319e-01	1.7410e-01	9.6137e-01
6.4401e-01	5.0038e-01	5.7867e-01
2.1085e-01	9.7684e-01	3.6420e-02
2.2112e-01	9.5323e-01	2.0608e-01
9.5333e-01	1.2943e-01	2.7280e-01
6.3564e-01	6.4956e-01	4.1718e-01
6.8030e-01	4.6403e-01	5.6734e-01
6.8270e-01	5.9841e-01	4.1932e-01
9.7184e-01	4.0985e-02	2.3206e-01
6.3022e-01	4.3419e-01	6.4366e-01
6.5223e-01	4.9346e-01	5.7541e-01
6.7350e-02	3.7010e-01	9.2655e-01
9.6404e-01	1.9504e-01	1.8054e-01
9.2823e-01	2.7990e-01	2.4503e-01
6.1092e-01	4.5358e-01	6.4887e-01
5.7364e-01	4.9863e-01	6.4985e-01
5.8173e-01	5.8295e-01	5.6724e-01
6.6549e-01	5.6515e-01	4.8758e-01
6.7582e-01	6.1365e-01	4.0830e-01
3.1893e-01	9.4216e-01	1.0303e-01
1.9748e-01	2.4764e-01	9.4851e-01
1.1174e-01	1.8951e-01	9.7550e-01
3.4024e-01	5.1615e-02	9.3892e-01
6.1872e-01	5.6928e-01	5.4139e-01
1.9925e-01	1.1802e-01	9.7282e-01
2.3193e-01	9.5817e-01	1.6768e-01
1.5902e-01	9.8716e-01	1.5339e-02
9.6138e-01	2.2907e-01	1.5255e-01
5.6981e-02	1.8483e-01	9.8112e-01
5.5019e-01	6.4096e-01	5.3521e-01
6.8280e-01	5.2969e-01	5.0320e-01
6.3855e-01	4.9205e-01	5.9173e-01
4.7599e-01	6.7719e-01	5.6111e-01
8.4695e-02	3.0598e-01	9.4826e-01
2.6078e-01	2.7938e-01	9.2409e-01
3.5568e-01	1.4839e-01	9.2275e-01
1.4554e-01	3.2652e-01	9.3392e-01
7.1143e-01	4.3350e-01	5.5312e-01
5.4098e-01	7.0718e-01	4.5524e-01
3.6367e-01	3.2023e-02	9.3098e-01
5.7700e-02	9.3847e-01	3.4050e-01
6.9438e-01	4.3818e-01	5.7082e-01
6.9243e-01	5.6691e-01	4.4627e-01
9.5225e-01	2.7924e-01	1.2343e-01
3.5433e-01	9.3272e-01	6.6978e-02
5.6322e-01	4.8309e-01	6.7038e-01
6.4687e-01	5.7987e-01	4.9529e-01
8.6985e-02	9.8466e-01	1.5126e-01
5.5567e-01	5.8562e-01	5.9015e-01
7.2461e-01	4.7862e-01	4.9585e-01
6.4386e-01	4.1977e-01	6.3972e-01
9.8018e-01	1.9188e-01	4.9267e-02
9.2126e-01	2.6550e-01	2.8424e-01
9.8615e-01	6.5050e-02	1.5257e-01
5.5460e-01	6.8066e-01	4.7866e-01
6.2502e-01	4.5787e-01	6.3222e-01
2.3604e-01	9.7051e-01	4.8943e-02
9.5828e-01	2.4680e-01	1.4420e-01
6.1265e-01	5.8254e-01	5.3415e-01
6.9983e-01	5.6300e-01	4.3963e-01
1.0831e-01	9.2973e-01	3.5196e-01
2.7586e-01	2.2555e-01	9.3436e-01
5.7267e-01	5.6451e-01	5.9446e-01
6.9673e-01	4.6668e-01	5.4477e-01
5.3252e-01	6.3054e-01	5.6466e-01
4.8870e-01	7.0836e-01	5.0932e-01
7.6807e-02	1.0123e-02	9.9699e-01
9.3171e-01	1.7314e-01	3.1928e-01
1.4621e-01	2.3203e-01	9.6166e-01
6.4498e-01	4.4597e-01	6.2057e-01
5.8587e-01	4.1704e-01	6.9487e-01
5.6842e-01	6.7014e-01	4.7730e-01
6.0233e-01	4.7867e-01	6.3880e-01
6.9570e-01	4.7419e-01	5.3958e-01
2.1620e-01	2.5810e-01	9.4162e-01
3.1014e-01	9.4800e-01	7.1531e-02
2.4957e-01	3.2744e-02	9.6780e-01
5.6595e-01	5.8968e-01	5.7617e-01
9.7386e-01	2.2689e-01	1.0973e-02
4.7403e-01	5.2051e-01	7.1019e-01
6.9012e-01	4.3964e-01	5.7485e-01
2.3225e-01	1.2323e-01	9.6482e-01
1.8951e-01	2.6061e-01	9.4666e-01
5.7104e-01	5.6481e-01	5.9573e-01
5.9283e-01	6.3034e-01	5.0122e-01
9.3429e-01	3.3884e-01	1.1084e-01
3.8565e-01	9.2003e-01	6.9430e-02
1.3012e-01	2.7472e-01	9.5268e-01
3.7791e-02	9.9927e-01	5.1933e-03
5.4355e-01	5.3861e-01	6.4378e-01
9.4399e-01	2.9339e-01	1.5100e-01
4.6525e-01	6.9455e-01	5.4877e-01
1.3271e-01	3.2769e-01	9.3542e-01
9.3633e-01	2.8440e-01	2.0594e-01
3.5555e-01	9.3421e-01	2.8996e-02
2.0530e-01	2.9398e-01	9.3350e-01
2.7625e-01	6.3617e-02	9.5898e-01
6.2530e-01	6.1376e-01	4.8198e-01
6.8019e-01	5.3327e-01	5.0296e-01
6.0305e-02	3.0668e-01	9.4990e-01
2.7123e-01	6.7428e-02	9.6015e-01
1.1364e-02	9.9556e-01	9.3485e-02
1.9394e-01	4.3299e-02	9.8006e-01
8.1660e-02	3.3398e-01	9.3904e-01
4.8728e-01	7.2318e-01	4.8946e-01
3.3871e-01	4.7276e-02	9.3970e-01
2.3551e-02	1.9470e-01	9.8058e-01
2.3283e-01	2.0905e-01	9.4978e-01
4.1870e-01	6.2964e-01	6.5440e-01
2.8739e-01	9.2251e-01	2.5763e-01
2.1107e-02	9.9606e-01	8.6133e-02
5.5088e-01	5.1627e-01	6.5574e-01
5.4675e-01	4.9061e-01	6.7851e-01
6.5752e-01	5.6443e-01	4.9908e-01
4.9646e-01	7.1966e-01	4.8541e-01
3.7403e-01	3.2547e-02	9.2685e-01
3.2696e-01	9.3302e-01	1.5022e-01
9.9857e-01	2.5309e-02	4.7161e-02
6.3488e-01	6.0497e-01	4.8055e-01
9.2844e-01	2.2338e-01	2.9684e-01
6.6791e-01	5.9888e-01	4.4186e-01
5.3417e-01	6.4204e-01	5.4995e-01
5.4041e-01	4.6139e-01	7.0362e-01
6.6158e-01	6.0797e-01	4.3895e-01
8.8034e-02	9.9561e-01	3.1771e-02
5.6117e-01	6.6233e-01	4.9640e-01
1.1886e-01	7.1872e-02	9.9031e-01
9.4065e-01	2.7859e-01	1.9380e-01
9.7104e-01	7.2609e-02	2.2760e-01
5.9956e-02	9.2713e-01	3.6992e-01
7.1077e-01	4.9616e-01	4.9862e-01
6.3815e-01	6.4751e-01	4.1654e-01
6.1295e-01	4.5536e-01	6.4571e-01
6.1980e-01	6.3433e-01	4.6203e-01
4.7536e-01	5.5206e-01	6.8503e-01
9.7096e-01	2.1843e-01	9.7644e-02
6.2340e-02	9.3677e-01	3.4435e-01
6.2609e-01	6.1724e-01	4.7648e-01
4.7465e-01	5.5192e-01	6.8563e-01
6.3551e-01	4.8628e-01	5.9971e-01
2.4301e-01	2.2648e-01	9.4321e-01
6.1706e-01	6.5463e-01	4.3670e-01
1.0085e-01	2.6691e-01	9.5843e-01
5.3878e-01	6.3541e-01	5.5314e-01
2.7745e-01	9.6040e-01	2.5549e-02
2.0936e-02	1.6383e-01	9.8627e-01
6.0819e-01	6.3945e-01	4.7033e-01
6.0562e-01	5.9326e-01	5.3035e-01
1.5228e-01	3.3322e-03	9.8833e-01
6.1983e-01	4.3862e-01	6.5072e-01
9.1990e-02	3.7961e-01	9.2056e-01
6.5861e-01	5.0717e-01	5.5589e-01
3.8924e-01	9.2034e-01	3.8235e-02
3.2656e-01	1.7066e-01	9.2964e-01
1.6145e-01	9.8674e-01	1.6880e-02
5.8165e-01	4.1854e-01	6.9750e-01
4.9320e-01	5.5217e-01	6.7221e-01
5.2856e-01	5.0144e-01	6.8497e-01
1.1108e-01	3.6277e-01	9.2523e-01
9.3735e-01	2.5186e-01	2.4069e-01
9.7695e-01	7.5762e-02	1.9959e-01
4.2994e-01	6.8553e-01	5.8754e-01
4.7060e-01	6.2903e-01	6.1875e-01
6.0594e-01	6.6312e-01	4.3945e-01
4.2602e-03	9.9028e-01	1.3903e-01
4.8262e-01	6.4133e-01	5.9647e-01
4.5222e-01	6.8228e-01	5.7445e-01
1.6921e-01	2.0786e-01	9.6341e-01
1.0053e-01	9.4493e-01	3.1144e-01
5.6668e-01	4.3963e-01	6.9685e-01
6.5082e-01	4.7901e-01	5.8904e-01
6.1681e-01	4.5999e-01	6.3872e-01
5.4980e-01	4.7169e-01	6.8937e-01
5.5441e-01	5.4448e-01	6.2942e-01
6.3455e-01	5.5875e-01	5.3398e-01
9.9824e-01	1.4050e-02	5.7536e-02
4.4002e-01	6.6082e-01	6.0803e-01
6.0399e-01	5.2184e-01	6.0239e-01
9.8837e-01	1.3382e-02	1.5148e-01
2.7554e-01	2.0826e-01	9.3846e-01
6.1089e-01	6.6629e-01	4.2763e-01
6.6126e-01	5.9109e-01	4.6189e-01
1.3397e-01	9.4896e-01	2.8553e-01
5.3457e-01	6.7347e-01	5.1056e-01
2.3127e-01	9.4444e-01	2.3356e-01
5.2641e-01	7.0558e-01	4.7439e-01
5.4076e-01	5.0939e-01	6.6940e-01
2.6630e-01	9.6262e-01	4.9498e-02
9.6032e-01	1.5156e-01	2.3413e-01
5.2204e-01	5.8961e-01	6.1631e-01
5.8779e-01	5.2700e-01	6.1382e-01
1.1977e-02	3.7529e-01	9.2683e-01
5.9293e-01	4.6717e-01	6.5589e-01
6.0551e-01	5.5010e-01	5.7510e-01
7.2300e-02	9.6774e-01	2.4136e-01
9.8848e-01	9.7282e-02	1.1598e-01
6.1114e-01	4.4893e-01	6.5190e-01
6.4963e-01	5.6739e-01	5.0602e-01
5.6689e-02	1.4375e-01	9.8799e-01
6.4055e-01	4.4535e-01	6.2558e-01
9.9689e-01	7.2546e-02	3.0775e-02
6.7663e-01	4.7135e-01	5.6568e-01
5.5760e-01	7.0552e-01	4.3739e-01
9.2665e-01	3.7593e-01	8.8365e-04
5.9941e-01	5.4431e-01	5.8688e-01
9.5002e-01	2.0093e-01	2.3894e-01
1.7405e-01	9.6907e-01	1.7494e-01
4.8809e-01	5.4608e-01	6.8085e-01
1.2868e-01	9.8562e-01	1.0951e-01
5.8939e-01	6.7918e-01	4.3742e-01
5.4552e-01	5.9161e-01	5.9364e-01
4.7657e-01	5.0387e-01	7.2042e-01
5.9445e-01	4.9011e-01	6.3752e-01
1.2923e-02	9.8205e-01	1.8816e-01
9.6801e-01	2.3112e-01	9.7709e-02
1.1703e-01	4.9734e-02	9.9188e-01
5.2928e-01	5.3718e-01	6.5673e-01
6.1504e-01	4.4724e-01	6.4939e-01
9.5818e-01	2.4528e-01	1.4741e-01
6.9301e-02	2.7679e-01	9.5843e-01
4.9574e-01	5.1335e-01	7.0051e-01
3.4964e-01	9.3237e-01	9.1832e-02
5.1928e-02	3.4453e-01	9.3734e-01
6.5911e-01	5.4671e-01	5.1642e-01
5.5056e-01	6.5001e-01	5.2381e-01
7.2446e-01	4.6753e-01	5.0652e-01
2.0219e-01	5.1093e-02	9.7801e-01
1.7175e-01	1.3287e-01	9.7614e-01
9.6242e-01	1.6642e-01	2.1458e-01
7.0035e-01	5.0879e-01	5.0064e-01
1.1118e-01	2.9558e-01	9.4883e-01
4.6883e-01	6.4122e-01	6.0748e-01
5.4948e-01	6.4344e-01	5.3296e-01
3.0707e-01	2.3301e-01	9.2272e-01
5.9134e-01	5.2342e-01	6.1348e-01
1.7666e-01	1.0392e-01	9.7877e-01
5.6699e-01	6.8270e-01	4.6091e-01
8.6442e-02	2.9036e-01	9.5300e-01
9.3463e-01	8.8578e-02	3.4441e-01
6.0377e-01	5.6401e-01	5.6334e-01
6.6193e-01	6.2698e-01	4.1079e-01
1.8607e-01	9.5893e-01	2.1409e-01
5.2257e-01	6.3833e-01	5.6521e-01
6.8188e-01	4.5105e-01	5.7583e-01
5.3408e-01	5.7940e-01	6.1568e-01
5.6632e-01	6.6507e-01	4.8679e-01
1.4092e-02	3.2413e-01	9.4591e-01
5.1157e-01	5.4758e-01	6.6216e-01
1.2906e-01	9.5346e-01	2.7250e-01
5.8094e-01	5.5223e-01	5.9795e-01
9.6304e-01	2.2012e-01	1.5526e-01
9.5770e-01	2.8739e-01	1.4826e-02
9.2400e-03	9.7796e-01	2.0859e-01
9.6819e-01	2.4560e-01	4.7789e-02
2.6832e-01	9.1166e-02	9.5901e-01
1.1595e-01	9.8170e-01	1.5104e-01
2.2869e-01	2.0737e-01	9.5116e-01
3.6248e-01	9.2413e-01	1.2082e-01
5.3709e-01	6.2211e-01	5.6966e-01
4.8709e-01	5.8827e-01	6.4551e-01
2.0334e-01	9.7903e-01	1.2407e-02
5.5475e-01	4.8587e-01	6.7541e-01
5.9896e-01	6.2382e-01	5.0208e-01
5.6790e-01	5.7161e-01	5.9224e-01
6.1918e-01	4.3686e-01	6.5251e-01
6.0877e-01	6.3511e-01	4.7544e-01
3.4647e-01	1.6161e-02	9.3792e-01
9.3322e-01	3.0105e-01	1.9614e-01
5.8098e-01	5.3959e-01	6.0935e-01
4.9989e-01	5.0644e-01	7.0258e-01
6.4172e-01	5.7398e-01	5.0868e-01
4.5196e-01	5.3918e-01	7.1064e-01
1.4738e-01	1.4166e-01	9.7888e-01
2.3393e-01	9.7056e-01	5.7448e-02
2.9669e-01	9.3274e-02	9.5041e-01
1.2685e-01	9.7529e-01	1.8087e-01
4.9754e-01	5.2190e-01	6.9288e-01
6.1865e-01	5.9342e-01	5.1490e-01
3.7312e-01	3.0825e-02	9.2727e-01
6.3701e-02	1.0914e-01	9.9198e-01
5.1937e-01	5.7907e-01	6.2844e-01
5.0411e-01	7.0489e-01	4.9900e-01
5.8594e-01	6.5997e-01	4.7023e-01
5.0635e-01	5.4386e-01	6.6920e-01
2.8278e-01	2.4842e-01	9.2646e-01
1.2831e-01	2.5462e-01	9.5849e-01
6.1023e-01	5.7409e-01	5.4593e-01
9.7298e-01	8.8011e-02	2.1346e-01
9.8378e-01	1.7930e-02	1.7849e-01
6.2959e-01	4.7008e-01	6.1858e-01
4.1976e-01	6.7340e-01	6.0855e-01
2.7256e-01	9.5998e-01	6.4369e-02
6.0203e-01	4.5578e-01	6.5561e-01
1.3371e-01	9.8458e-01	1.1282e-01
6.7634e-01	4.4108e-01	5.8993e-01
9.3656e-01	3.4019e-01	8.4396e-02
6.4014e-01	5.0782e-01	5.7649e-01
5.4116e-01	4.7283e-01	6.9539e-01
9.3788e-01	3.0909e-01	1.5760e-01
3.8702e-01	4.6998e-02	9.2087e-01
3.0164e-01	9.3105e-01	2.0532e-01
4.6625e-01	5.7587e-01	6.7156e-01
9.9698e-01	5.2005e-03	7.7488e-02
5.5741e-01	7.0112e-01	4.4467e-01
9.8876e-01	6.2414e-02	1.3586e-01
9.4635e-01	2.0513e-01	2.4968e-01
9.3472e-01	3.1843e-01	1.5779e-01
2.5984e-03	9.9988e-01	1.5022e-02
5.3848e-02	1.7535e-01	9.8303e-01
9.6582e-01	1.0187e-01	2.3837e-01
3.3464e-02	2.9144e-01	9.5600e-01
1.5835e-01	3.1300e-01	9.3646e-01
2.1478e-01	4.2116e-02	9.7575e-01
9.6486e-01	1.4047e-01	2.2207e-01
2.3132e-01	3.1391e-01	9.2084e-01
6.0746e-01	5.7239e-01	5.5078e-01
5.4851e-01	5.7333e-01	6.0863e-01
6.1373e-01	4.1866e-01	6.6937e-01
5.8519e-01	4.7578e-01	6.5664e-01
9.2515e-01	2.5533e-01	2.8089e-01
6.0346e-01	5.3753e-01	5.8898e-01
1.5563e-02	9.8418e-01	1.7646e-01
6.4186e-02	9.8327e-01	1.7044e-01
2.9724e-01	2.1317e-01	9.3070e-01
6.6353e-01	6.2859e-01	4.0571e-01
9.2799e-01	3.4189e-01	1.4812e-01
2.7189e-01	9.2432e-01	2.6778e-01
7.0042e-01	5.5719e-01	4.4604e-01
6.0044e-01	6.3568e-01	4.8515e-01
3.1782e-01	9.4813e-01	5.5858e-03
9.5183e-01	2.8617e-01	1.1011e-01
9.6920e-01	2.4549e-01	1.9619e-02
4.8163e-01	6.4210e-01	5.9644e-01
2.4438e-01	6.7269e-02	9.6734e-01
6.0765e-01	6.1486e-01	5.0270e-01
6.4403e-01	5.2177e-01	5.5944e-01
3.8921e-02	2.9448e-01	9.5486e-01
6.6994e-01	4.5753e-01	5.8468e-01
6.3472e-01	6.1911e-01	4.6242e-01
4.9849e-01	5.0047e-01	7.0784e-01
2.1648e-01	2.4443e-01	9.4519e-01
4.4085e-02	1.5144e-01	9.8748e-01
6.5309e-01	4.7108e-01	5.9292e-01
5.4644e-01	6.2375e-01	5.5887e-01
3.0938e-01	2.3296e-02	9.5065e-01
5.8899e-04	1.6806e-04	1.0000e+00
1.4613e-01	6.1982e-02	9.8732e-01
9.9072e-01	1.3550e-01	1.1048e-02
5.7668e-01	4.9325e-01	6.5126e-01
6.4586e-01	4.3775e-01	6.2550e-01
5.1446e-01	6.0280e-01	6.0989e-01
6.1604e-01	6.2936e-01	4.7371e-01
9.6155e-01	2.7450e-01	8.6563e-03
7.0854e-01	5.6047e-01	4.2877e-01
5.5950e-01	5.9490e-01	5.7711e-01
5.5737e-01	6.2246e-01	5.4944e-01
1.6741e-01	9.8580e-01	1.3193e-02
5.5379e-01	5.4574e-01	6.2888e-01
6.5140e-01	5.3146e-01	5.4150e-01
6.2523e-01	6.5853e-01	4.1883e-01
1.1174e-02	9.3868e-01	3.4460e-01
6.3151e-01	5.8685e-01	5.0675e-01
2.5793e-01	1.6824e-01	9.5140e-01
4.2890e-01	5.9080e-01	6.8337e-01
6.5941e-01	5.0686e-01	5.5521e-01
9.4813e-01	3.0806e-01	7.8469e-02
2.2294e-01	3.0039e-01	9.2740e-01
6.1077e-01	5.3386e-01	5.8477e-01
9.5105e-01	2.7226e-01	1.4625e-01
5.9973e-01	6.0924e-01	5.1880e-01
4.1835e-01	6.5846e-01	6.2563e-01
9.8528e-02	9.9502e-01	1.5361e-02
4.9123e-01	5.8050e-01	6.4940e-01
6.5730e-01	5.1237e-01	5.5267e-01
6.5698e-01	5.9509e-01	4.6287e-01
5.3607e-01	5.9153e-01	6.0227e-01
6.0752e-01	6.7444e-01	4.1958e-01
9.6105e-01	1.6550e-01	2.2135e-01
1.4560e-01	2.1033e-01	9.6673e-01
5.1334e-01	4.7404e-01	7.1538e-01
5.4000e-01	6.3631e-01	5.5092e-01
6.3956e-01	5.2690e-01	5.5977e-01
7.0779e-01	5.3952e-01	4.5602e-01
2.9949e-02	9.5888e-01	2.8223e-01
6.3189e-01	6.1989e-01	4.6524e-01
1.8099e-01	9.1913e-02	9.7918e-01
6.9676e-01	4.8005e-01	5.3299e-01
5.4809e-01	5.4664e-01	6.3307e-01
5.8653e-01	4.3216e-01	6.8500e-01
5.1813e-01	5.1275e-01	6.8456e-01
5.0944e-01	6.3479e-01	5.8096e-01
4.1211e-01	6.3650e-01	6.5195e-01
4.8722e-01	5.2032e-01	7.0134e-01
9.8075e-01	1.1874e-01	1.5502e-01
9.9079e-01	1.0865e-01	8.0755e-02
6.0305e-01	6.1700e-01	5.0561e-01
9.4614e-01	1.7683e-01	2.7119e-01
5.0440e-01	5.4824e-01	6.6710e-01
2.0849e-01	3.1491e-01	9.2594e-01
9.5612e-01	7.6146e-02	2.8290e-01
6.3106e-01	5.7015e-01	5.2601e-01
2.0812e-01	2.5831e-01	9.4338e-01
5.3627e-01	4.9051e-01	6.8688e-01
5.1963e-01	4.7123e-01	7.1269e-01
5.3381e-01	7.1412e-01	4.5286e-01
4.1778e-02	1.5512e-01	9.8701e-01
7.0200e-01	4.9835e-01	5.0876e-01
2.7164e-02	9.5325e-01	3.0095e-01
9.6132e-01	1.4263e-01	2.3563e-01
4.7171e-02	9.4479e-01	3.2426e-01
6.6604e-01	5.3528e-01	5.1949e-01
5.6135e-01	4.5753e-01	6.8960e-01
5.3142e-01	6.5791e-01	5.3362e-01
6.9439e-01	4.3332e-01	5.7450e-01
2.1595e-01	1.5589e-01	9.6388e-01
6.1848e-01	5.4843e-01	5.6277e-01
6.1267e-01	5.9358e-01	5.2182e-01
5.9006e-01	4.2755e-01	6.8486e-01
4.3514e-01	6.3468e-01	6.3862e-01
3.8707e-01	5.4296e-02	9.2045e-01
1.1210e-01	9.6937e-01	2.1854e-01
6.0838e-01	4.4918e-01	6.5430e-01
9.9785e-01	6.2807e-02	1.8915e-02
5.9112e-01	6.5518e-01	4.7043e-01
6.7902e-01	5.2215e-01	5.1603e-01
5.3677e-01	6.2344e-01	5.6851e-01
9.4403e-01	2.1741e-01	2.4806e-01
7.0886e-01	5.5351e-01	4.3719e-01
1.5749e-01	2.2160e-02	9.8727e-01
5.8395e-01	6.0608e-01	5.4007e-01
2.1732e-01	2.9380e-02	9.7566e-01
1.1269e-02	1.2047e-01	9.9265e-01
5.5000e-01	5.5702e-01	6.2228e-01
4.7631e-01	7.1403e-01	5.1311e-01
6.4477e-01	6.0529e-01	4.6680e-01
4.7906e-01	6.7399e-01	5.6235e-01
3.3229e-01	1.8677e-01	9.2450e-01
6.0859e-01	5.5401e-01	5.6806e-01
5.5017e-01	5.0894e-01	6.6204e-01
1.1991e-01	9.4801e-01	2.9478e-01
6.2074e-01	4.9852e-01	6.0511e-01
5.7150e-01	5.2505e-01	6.3064e-01
9.5372e-01	1.2017e-02	3.0046e-01
5.8605e-01	4.1957e-01	6.9319e-01
5.5470e-01	6.1753e-01	5.5765e-01
4.7081e-01	7.2295e-01	5.0566e-01
6.5426e-01	5.5043e-01	5.1862e-01
5.8545e-02	2.4029e-01	9.6893e-01
4.3577e-01	6.9596e-01	5.7074e-01
9.3425e-01	3.3513e-01	1.2192e-01
6.2736e-01	5.5459e-01	5.4668e-01
6.5096e-01	6.3152e-01	4.2122e-01
1.3788e-01	1.2404e-01	9.8265e-01
9.5696e-01	2.6110e-01	1.2675e-01
4.7935e-01	5.7725e-01	6.6107e-01
6.2626e-01	4.4723e-01	6.3858e-01
1.2914e-01	9.7252e-01	1.9373e-01
6.2647e-01	4.2547e-01	6.5308e-01
4.7381e-01	5.9742e-01	6.4699e-01
9.7172e-01	1.2603e-01	1.9968e-01
4.7674e-02	9.3529e-01	3.5065e-01
5.2170e-02	2.1284e-01	9.7569e-01
6.3770e-01	5.2551e-01	5.6319e-01
6.3576e-01	5.6039e-01	5.3083e-01
5.2503e-01	5.7800e-01	6.2471e-01
6.1944e-01	5.1953e-01	5.8854e-01
1.9132e-01	2.2588e-01	9.5518e-01
7.0177e-01	4.8757e-01	5.1941e-01
9.6715e-01	1.3147e-01	2.1755e-01
6.4847e-01	4.5898e-01	6.0732e-01
5.1757e-01	6.6109e-01	5.4321e-01
7.0690e-01	5.3873e-01	4.5833e-01
6.1766e-01	5.6355e-01	5.4855e-01
5.0217e-01	6.0520e-01	6.1770e-01
6.5037e-01	5.1470e-01	5.5866e-01
4.6328e-01	7.0098e-01	5.4222e-01
9.5075e-01	8.5201e-02	2.9802e-01
6.8639e-01	5.7275e-01	4.4814e-01
4.8719e-01	5.5000e-01	6.7835e-01
9.4282e-01	1.0755e-01	3.1547e-01
5.2411e-01	6.5018e-01	5.5007e-01
9.8196e-02	3.7717e-01	9.2092e-01
6.7778e-01	6.0198e-01	4.2218e-01
6.9219e-01	5.1483e-01	5.0579e-01
6.1030e-01	5.0657e-01	6.0903e-01
5.6903e-01	5.6998e-01	5.9273e-01
9.2217e-01	2.5827e-02	3.8593e-01
5.4313e-01	5.3144e-01	6.5006e-01
1.9507e-01	9.7826e-01	7.0314e-02
2.6996e-01	2.1439e-01	9.3870e-01
1.4642e-01	2.6432e-02	9.8887e-01
5.6818e-01	4.3546e-01	6.9825e-01
5.8273e-01	5.5499e-01	5.9365e-01
6.2071e-01	5.2889e-01	5.7878e-01
3.5457e-01	9.3029e-01	9.4017e-02
4.9767e-02	2.5258e-01	9.6629e-01
5.3551e-01	5.5942e-01	6.3268e-01
5.9654e-01	6.7748e-01	4.3031e-01
6.4519e-01	6.1508e-01	4.5323e-01
2.0449e-01	1.7616e-01	9.6289e-01
2.2858e-01	9.5907e-01	1.6712e-01
6.0835e-01	6.7695e-01	4.1431e-01
9.6675e-01	2.3579e-01	9.8938e-02
6.1239e-01	4.9433e-01	6.1694e-01
7.0313e-01	5.1399e-01	4.9135e-01
5.9642e-01	6.6395e-01	4.5107e-01
6.7376e-01	5.3519e-01	5.0952e-01
9.2659e-01	8.9315e-02	3.6531e-01
9.3656e-01	3.3165e-01	1.1342e-01
9.6234e-01	3.4951e-02	2.6961e-01
2.4644e-01	9.6905e-01	1.4180e-02
2.5164e-01	2.5602e-01	9.3334e-01
3.0210e-01	6.6290e-02	9.5097e-01
5.5215e-01	6.5812e-01	5.1187e-01
4.4346e-01	5.8009e-01	6.8325e-01
5.4101e-01	5.1951e-01	6.6138e-01
6.0168e-01	5.9207e-01	5.3612e-01
2.0584e-01	1.8127e-02	9.7842e-01
9.4178e-01	2.4309e-01	2.3230e-01
6.1533e-01	4.2766e-01	6.6217e-01
9.3733e-01	3.1085e-01	1.5745e-01
6.2851e-01	4.3885e-01	6.4217e-01
5.5743e-01	5.8433e-01	5.8977e-01
1.3619e-01	9.8660e-01	8.9817e-02
4.4808e-01	6.0378e-01	6.5930e-01
2.4385e-01	9.4968e-01	1.9658e-01
4.2709e-01	6.8027e-01	5.9568e-01
7.5488e-02	2.8090e-01	9.5676e-01
5.6415e-01	4.4626e-01	6.9468e-01
5.9353e-01	6.0266e-01	5.3341e-01
2.0972e-01	5.5953e-02	9.7616e-01
5.9787e-01	6.4373e-01	4.7766e-01
5.0507e-01	5.0589e-01	6.9927e-01
4.7664e-01	6.4121e-01	6.0138e-01
9.9730e-01	6.9673e-02	2.3090e-02
1.2002e-02	9.4920e-01	3.1444e-01
6.4892e-01	5.3770e-01	5.3831e-01
4.6177e-02	9.6764e-01	2.4806e-01
1.4421e-01	1.5026e-01	9.7807e-01
5.1790e-01	6.3707e-01	5.7089e-01
5.2147e-01	6.2708e-01	5.7865e-01
6.4395e-01	4.1825e-01	6.4062e-01
9.9509e-01	8.0022e-02	5.8266e-02
4.5913e-01	6.4183e-01	6.1422e-01
6.5915e-01	4.5997e-01	5.9493e-01
6.3165e-01	5.1849e-01	5.7635e-01
6.9443e-01	4.9596e-01	5.2134e-01
6.7969e-01	4.1344e-01	6.0588e-01
5.1969e-01	5.8483e-01	6.2281e-01
5.7163e-01	5.3593e-01	6.2130e-01
5.9410e-01	5.7040e-01	5.6718e-01
9.9855e-01	1.3738e-02	5.2015e-02
1.8405e-01	1.5786e-01	9.7016e-01
5.6160e-01	7.0221e-01	4.3761e-01
2.3480e-01	5.3010e-02	9.7060e-01
9.4628e-01	1.4947e-01	2.8674e-01
8.4409e-02	1.8237e-01	9.7960e-01
2.0148e-01	9.4989e-01	2.3898e-01
4.6256e-01	5.6769e-01	6.8100e-01
6.0273e-01	5.1007e-01	6.1363e-01
9.8004e-01	1.9672e-01	2.8825e-02
6.1504e-01	5.7987e-01	5.3429e-01
5.8217e-01	4.2846e-01	6.9102e-01
3.3308e-01	1.6962e-01	9.2752e-01
4.7716e-01	5.4945e-01	6.8587e-01
2.4810e-01	1.2148e-02	9.6866e-01
6.8955e-01	5.7061e-01	4.4600e-01
9.3195e-01	2.9743e-01	2.0736e-01
6.8878e-01	5.7992e-01	4.3506e-01
6.1027e-01	5.7230e-01	5.4776e-01
1.1732e-01	9.7824e-01	1.7110e-01
9.3673e-01	2.2545e-01	2.6780e-01
4.5178e-01	7.0727e-01	5.4375e-01
2.2729e-01	9.4121e-01	2.4993e-01
5.1643e-01	5.9099e-01	6.1970e-01
9.2265e-01	1.9457e-01	3.3295e-01
6.0407e-01	6.6015e-01	4.4642e-01
9.6923e-01	2.2218e-01	1.0596e-01
1.0799e-01	9.8745e-01	1.1522e-01
9.5848e-02	1.9941e-01	9.7522e-01
6.5612e-01	4.6587e-01	5.9369e-01
4.7420e-01	5.4398e-01	6.9226e-01
2.4708e-01	1.7702e-01	9.5269e-01
1.3682e-01	9.5191e-01	2.7414e-01
4.1474e-01	6.8293e-01	6.0133e-01
9.4265e-01	3.3371e-01	7.0875e-03
2.4307e-01	9.6954e-01	3.0140e-02
6.6650e-01	5.9070e-01	4.5481e-01
1.0055e-01	9.7457e-01	2.0025e-01
1.9171e-01	1.7543e-01	9.6565e-01
6.6394e-02	2.8900e-01	9.5502e-01
9.4587e-02	9.8374e-01	1.5266e-01
6.0865e-01	4.3844e-01	6.6130e-01
1.7862e-01	9.8282e-01	4.6479e-02
5.5885e-01	5.9132e-01	5.8140e-01
5.4758e-01	6.4516e-01	5.3285e-01
3.7337e-01	9.2685e-01	3.9215e-02
1.9138e-01	6.1216e-02	9.7961e-01
2.7978e-01	9.0949e-03	9.6002e-01
1.7912e-01	3.4082e-01	9.2291e-01
9.4029e-01	3.1609e-01	1.2624e-01
3.2984e-01	1.7338e-01	9.2798e-01
9.2605e-01	1.7459e-01	3.3459e-01
4.7762e-01	6.5610e-01	5.8430e-01
6.9899e-01	5.6324e-01	4.4065e-01
2.6274e-01	2.1413e-01	9.4081e-01
1.5893e-01	2.1031e-01	9.6463e-01
1.6456e-01	9.8634e-01	7.8428e-03
4.3764e-01	5.8301e-01	6.8452e-01
9.4666e-01	2.8361e-01	1.5297e-01
9.5626e-01	2.4672e-01	1.5711e-01
2.1509e-01	9.3725e-01	2.7440e-01
4.3794e-01	6.4928e-01	6.2180e-01
4.6909e-01	5.6208e-01	6.8119e-01
3.4836e-02	9.8188e-01	1.8626e-01
9.7908e-01	1.1339e-01	1.6897e-01
9.2190e-01	3.6011e-01	1.4287e-01
5.5753e-01	6.5502e-01	5.1001e-01
6.6099e-01	4.6923e-01	5.8559e-01
5.0482e-01	5.6953e-01	6.4869e-01
2.4791e-01	1.5652e-01	9.5606e-01
1.4151e-01	9.2453e-01	3.5387e-01
5.5391e-01	5.9688e-01	5.8045e-01
6.0611e-01	4.5224e-01	6.5429e-01
2.5237e-01	9.6144e-01	1.0926e-01
5.2091e-01	5.0696e-01	6.8677e-01
6.4569e-01	4.5371e-01	6.1419e-01
6.5609e-01	4.9563e-01	5.6912e-01
5.3541e-01	6.6815e-01	5.1663e-01
6.3764e-01	5.2787e-01	5.6104e-01
1.2155e-01	5.0904e-02	9.9128e-01
6.5145e-01	4.5810e-01	6.0478e-01
5.7432e-01	5.9850e-01	5.5853e-01
5.0234e-01	4.9195e-01	7.1108e-01
9.8474e-01	1.2445e-01	1.2165e-01
2.6571e-02	9.3257e-01	3.6001e-01
1.3941e-01	1.3747e-01	9.8065e-01
4.3944e-01	5.6838e-01	6.9559e-01
9.6845e-01	2.3925e-01	6.9779e-02
4.8215e-01	5.9607e-01	6.4205e-01
3.3367e-01	2.4184e-02	9.4238e-01
9.7990e-01	1.5845e-01	1.2121e-01
5.1124e-01	6.6391e-01	5.4576e-01
5.1493e-01	6.7855e-01	5.2385e-01
6.3883e-01	6.4283e-01	4.2270e-01
9.9543e-01	4.9730e-02	8.1501e-02
2.5683e-01	9.6620e-01	2.2153e-02
9.9091e-01	1.3323e-01	1.8853e-02
6.8898e-01	4.7068e-01	5.5116e-01
6.3737e-01	4.3049e-01	6.3909e-01
3.8639e-01	5.4068e-02	9.2075e-01
5.0561e-01	6.1423e-01	6.0587e-01
9.3676e-01	1.2612e-01	3.2645e-01
1.7430e-01	1.5081e-01	9.7308e-01
9.7326e-01	2.2656e-01	3.7771e-02
6.0809e-01	5.7837e-01	5.4380e-01
7.1077e-01	4.8276e-01	5.1162e-01
1.7118e-01	4.1524e-02	9.8436e-01
5.9660e-01	5.4651e-01	5.8771e-01
5.6934e-01	4.9828e-01	6.5389e-01
6.1214e-01	4.8623e-01	6.2360e-01
9.5673e-01	2.2794e-01	1.8084e-01
6.2097e-01	5.9227e-01	5.1344e-01
6.1686e-01	6.7349e-01	4.0731e-01
2.3513e-02	2.9142e-01	9.5631e-01
9.6629e-01	2.3788e-01	9.8456e-02
9.7891e-01	6.3524e-02	1.9417e-01
6.5507e-01	6.2468e-01	4.2503e-01
6.5613e-01	5.1456e-01	5.5201e-01
4.6478e-01	5.5413e-01	6.9060e-01
6.1233e-01	5.0652e-01	6.0703e-01
6.0781e-01	6.2603e-01	4.8853e-01
4.9628e-01	5.1193e-01	7.0116e-01
6.5939e-01	5.2516e-01	5.3798e-01
5.4387e-01	5.8830e-01	5.9842e-01
5.5511e-01	6.9298e-01	4.6003e-01
9.9559e-01	2.9338e-02	8.9113e-02
4.4381e-01	6.1226e-01	6.5435e-01
3.1750e-01	9.2782e-01	1.9580e-01
9.2858e-01	8.8363e-02	3.6046e-01
3.0152e-01	9.2391e-01	2.3552e-01
5.0694e-02	2.2586e-01	9.7284e-01
6.2980e-01	4.7361e-01	6.1566e-01
1.6445e-01	9.4905e-01	2.6880e-01
7.0943e-01	4.6389e-01	5.3059e-01
2.6431e-01	9.4993e-01	1.6666e-01
5.9799e-01	6.0204e-01	5.2911e-01
4.0734e-01	6.7384e-01	6.1646e-01
2.2365e-01	9.7380e-01	4.1256e-02
5.3744e-01	4.5238e-01	7.1169e-01
6.1754e-01	4.5432e-01	6.4206e-01
6.7747e-01	5.5840e-01	4.7877e-01
9.1473e-02	9.9102e-01	9.7500e-02
5.6369e-01	5.6960e-01	5.9817e-01
6.0888e-01	5.1543e-01	6.0299e-01
4.4064e-02	1.3108e-01	9.9039e-01
1.2229e-01	9.9247e-01	7.5765e-03
6.2913e-01	5.3910e-01	5.5998e-01
4.5741e-01	5.4187e-01	7.0509e-01
6.5468e-01	4.8711e-01	5.7803e-01
3.3830e-01	1.6329e-01	9.2676e-01
2.2191e-01	9.7404e-01	4.4853e-02
5.8772e-01	5.2617e-01	6.1460e-01
6.9051e-01	5.1497e-01	5.0794e-01
3.5223e-01	9.3584e-01	1.1566e-02
1.0218e-01	9.7840e-01	1.7972e-01
6.0640e-01	5.9129e-01	5.3165e-01
2.9849e-01	1.4665e-01	9.4308e-01
5.1846e-01	5.3835e-01	6.6436e-01
4.5999e-01	6.0930e-01	6.4588e-01
4.3036e-01	5.6781e-01	7.0170e-01
6.8616e-01	4.2333e-01	5.9158e-01
7.0036e-01	5.1343e-01	4.9586e-01
1.0532e-01	2.7896e-01	9.5451e-01
7.4299e-02	3.3121e-01	9.4063e-01
4.3801e-01	7.1333e-01	5.4709e-01
6.0665e-01	6.6504e-01	4.3554e-01
9.7962e-01	1.9721e-01	3.8053e-02
1.1593e-01	1.4931e-01	9.8197e-01
9.9248e-01	1.2023e-01	2.2912e-02
9.3068e-01	2.6995e-01	2.4690e-01
6.7755e-01	5.5557e-01	4.8194e-01
6.5359e-01	5.1707e-01	5.5268e-01
9.4022e-01	3.2830e-01	9.0603e-02
6.7791e-02	9.9632e-01	5.2450e-02
6.4093e-01	6.2913e-01	4.3977e-01
5.4273e-01	5.1399e-01	6.6427e-01
9.7662e-01	8.8674e-03	2.1481e-01
1.9395e-01	9.7229e-01	1.3054e-01
6.3811e-01	4.2488e-01	6.4210e-01
1.4188e-01	9.6098e-01	2.3748e-01
5.0711e-02	1.7836e-01	9.8266e-01
6.5035e-01	5.7407e-01	4.9748e-01
6.5644e-01	4.8999e-01	5.7358e-01
2.7094e-01	9.2042e-01	2.8182e-01
6.5726e-01	4.2564e-01	6.2196e-01
5.6672e-01	6.9606e-01	4.4083e-01
5.6917e-01	5.5391e-01	6.0764e-01
7.6626e-02	2.3217e-01	9.6965e-01
5.9434e-01	6.6302e-01	4.5515e-01
9.9017e-01	9.1524e-02	1.0578e-01
3.0464e-01	1.5611e-02	9.5234e-01
1.3713e-01	3.5642e-01	9.2421e-01
2.0167e-01	1.1874e-01	9.7223e-01
5.6874e-01	5.8881e-01	5.7432e-01
6.9245e-01	5.7294e-01	4.3846e-01
6.1839e-01	6.4060e-01	4.5523e-01
5.3988e-01	6.2333e-01	5.6567e-01
2.5952e-01	9.3760e-02	9.6118e-01
7.1341e-01	4.6036e-01	5.2832e-01
5.8352e-01	5.6800e-01	5.8042e-01
4.7419e-01	6.5515e-01	5.8815e-01
7.0143e-01	5.4527e-01	4.5899e-01
6.1752e-01	4.8389e-01	6.2009e-01
5.8309e-01	6.0939e-01	5.3725e-01
6.3903e-01	5.8640e-01	4.9776e-01
6.2443e-01	5.7067e-01	5.3331e-01
1.3424e-01	2.3906e-01	9.6168e-01
5.7459e-01	6.5593e-01	4.8950e-01
6.5653e-01	5.2862e-01	5.3808e-01
5.3633e-01	5.6332e-01	6.2851e-01
5.4974e-01	6.8996e-01	4.7088e-01
9.8926e-02	3.5406e-01	9.2998e-01
4.2437e-02	9.8184e-01	1.8488e-01
9.7973e-01	1.0446e-02	2.0006e-01
5.7592e-02	9.9207e-01	1.1173e-01
5.9975e-01	6.2083e-01	5.0484e-01
9.8279e-01	6.4419e-02	1.7312e-01
9.3000e-01	2.8883e-01	2.2733e-01
5.0549e-01	6.1083e-01	6.0940e-01
1.2104e-02	9.6095e-01	2.7645e-01
9.4850e-01	3.1312e-01	4.8085e-02
6.9067e-01	5.0353e-01	5.1906e-01
3.7916e-01	7.1941e-02	9.2253e-01
4.8375e-01	6.3256e-01	6.0486e-01
5.1579e-01	5.0806e-01	6.8981e-01
1.9254e-02	1.5672e-01	9.8745e-01
9.8566e-01	1.1920e-01	1.1944e-01
3.0273e-01	9.2655e-01	2.2328e-01
2.3429e-01	1.6139e-01	9.5868e-01
5.3119e-01	6.4869e-01	5.4502e-01
9.8287e-01	2.9423e-02	1.8196e-01
4.7898e-01	7.1733e-01	5.0598e-01
5.7452e-02	2.0914e-01	9.7620e-01
9.3847e-01	2.3982e-01	2.4852e-01
3.3708e-02	9.3026e-01	3.6535e-01
6.1449e-01	6.0618e-01	5.0492e-01
5.5024e-01	6.5706e-01	5.1527e-01
1.6019e-02	3.7833e-01	9.2553e-01
4.7996e-01	5.0670e-01	7.1616e-01
6.5643e-01	6.2593e-01	4.2109e-01
5.8728e-01	4.6139e-01	6.6500e-01
9.9532e-01	8.5818e-02	4.4466e-02
1.4160e-01	9.2249e-01	3.5911e-01
4.4959e-01	6.6747e-01	5.9359e-01
5.9954e-01	6.5664e-01	4.5758e-01
2.8807e-01	1.9129e-01	9.3831e-01
3.2741e-01	2.1188e-01	9.2082e-01
6.5634e-01	5.9735e-01	4.6086e-01
5.1836e-01	5.9340e-01	6.1578e-01
1.2331e-01	9.4524e-01	3.0219e-01
9.2013e-01	1.6026e-01	3.5732e-01
1.3668e-01	5.7331e-02	9.8895e-01
9.7257e-02	9.3743e-01	3.3431e-01
2.0600e-01	2.2281e-01	9.5285e-01
4.6284e-01	6.6388e-01	5.8740e-01
5.8034e-01	5.1539e-01	6.3054e-01
4.6522e-01	7.0635e-01	5.3352e-01
7.1567e-02	9.8040e-01	1.8357e-01
9.8490e-01	1.6615e-01	4.8742e-02
4.1419e-01	6.7455e-01	6.1109e-01
6.4217e-01	4.5708e-01	6.1539e-01
6.9230e-01	4.7528e-01	5.4299e-01
4.8671e-01	7.2450e-01	4.8808e-01
6.2483e-01	4.3707e-01	6.4696e-01
5.3929e-01	5.7940e-01	6.1111e-01
5.3177e-01	7.0317e-01	4.7199e-01
5.6628e-01	6.5917e-01	4.9480e-01
3.0201e-01	9.2857e-01	2.1575e-01
5.2890e-01	6.1262e-01	5.8733e-01
3.0447e-01	1.6143e-01	9.3874e-01
9.4867e-01	7.8886e-02	3.0627e-01
9.6788e-01	1.1271e-01	2.2475e-01
6.6208e-01	5.9119e-01	4.6059e-01
6.3497e-01	4.3775e-01	6.3654e-01
2.6597e-01	9.5076e-01	1.5910e-01
1.1638e-01	9.4693e-02	9.8868e-01
4.9069e-01	6.5844e-01	5.7069e-01
9.3057e-02	2.2320e-01	9.7032e-01
9.8482e-01	6.5394e-02	1.6082e-01
3.0042e-01	9.4840e-01	1.0139e-01
9.5990e-01	4.4787e-02	2.7673e-01
5.2507e-01	5.9330e-01	6.1016e-01
6.8854e-01	4.9870e-01	5.2651e-01
2.3894e-01	1.2197e-01	9.6334e-01
9.4019e-01	3.3918e-01	3.1633e-02
2.8951e-01	2.5125e-01	9.2361e-01
4.8925e-01	5.8702e-01	6.4501e-01
6.5709e-01	5.0829e-01	5.5666e-01
6.5418e-01	5.7369e-01	4.9288e-01
9.8126e-01	1.9262e-01	4.6703e-03
1.7933e-01	9.7483e-01	1.3247e-01
9.9070e-01	1.3046e-01	3.8682e-02
9.2959e-01	3.4387e-01	1.3273e-01
7.4539e-02	9.7422e-01	2.1292e-01
5.7067e-01	6.2344e-01	5.3447e-01
2.6227e-01	9.6415e-01	4.0250e-02
6.5214e-01	4.3864e-01	6.1831e-01
5.3149e-01	6.8557e-01	4.9751e-01
5.0817e-01	5.6556e-01	6.4954e-01
5.9526e-02	2.4157e-01	9.6856e-01
9.4941e-01	4.3110e-02	3.1108e-01
4.4651e-01	5.4954e-01	7.0614e-01
4.9403e-01	6.6396e-01	5.6133e-01
6.4415e-01	5.5363e-01	5.2779e-01
4.6932e-01	5.0996e-01	7.2088e-01
6.4482e-01	5.4000e-01	5.4093e-01
7.6419e-02	2.7187e-01	9.5929e-01
1.6165e-01	1.8959e-02	9.8667e-01
1.8036e-02	2.9178e-02	9.9941e-01
7.2800e-01	4.7960e-01	4.8990e-01
7.2292e-01	5.1789e-01	4.5736e-01
2.8914e-01	9.2093e-01	2.6130e-01
4.8138e-01	6.5904e-01	5.7787e-01
1.9513e-01	9.2262e-01	3.3270e-01
4.2878e-01	5.8577e-01	6.8777e-01
4.6823e-01	7.1275e-01	5.2225e-01
2.7722e-01	9.4659e-01	1.6466e-01
9.2514e-01	1.3981e-01	3.5294e-01
5.1456e-01	5.7721e-01	6.3408e-01
9.8871e-01	1.3862e-01	5.6926e-02
6.1529e-01	4.5668e-01	6.4254e-01
2.7799e-01	9.4075e-01	1.9420e-01
3.2451e-01	9.4566e-01	2.0748e-02
5.0714e-01	4.8466e-01	7.1268e-01
9.3481e-01	2.4082e-01	2.6101e-01
5.9785e-01	4.4585e-01	6.6617e-01
5.3910e-01	4.7740e-01	6.9387e-01
5.8205e-01	6.1162e-01	5.3585e-01
5.2994e-01	6.6750e-01	5.2308e-01
9.2119e-01	2.9546e-01	2.5321e-01
9.5938e-02	7.9580e-02	9.9220e-01
4.2424e-01	6.7850e-01	5.9971e-01
2.7010e-01	9.3567e-01	2.2709e-01
6.4068e-01	6.2093e-01	4.5164e-01
9.9192e-01	9.0911e-02	8.8448e-02
5.0038e-01	5.0307e-01	7.0466e-01
9.2711e-01	2.7796e-01	2.5142e-01
9.9982e-01	1.8292e-02	5.3075e-03
2.0818e-01	9.6962e-01	1.2842e-01
6.3019e-01	6.0753e-01	4.8350e-01
5.9874e-01	6.6030e-01	4.5334e-01
6.0458e-01	4.1932e-01	6.7724e-01
5.2093e-01	6.3455e-01	5.7095e-01
5.3489e-01	5.8163e-01	6.1286e-01
5.5886e-01	4.9521e-01	6.6517e-01
4.7942e-01	7.1064e-01	5.1492e-01
9.4181e-01	1.3471e-01	3.0796e-01
5.4750e-01	4.4436e-01	7.0907e-01
5.7842e-01	6.2426e-01	5.2511e-01
9.9350e-02	9.9379e-01	5.0174e-02
6.3603e-01	5.5937e-01	5.3158e-01
9.8760e-01	1.5665e-01	9.9500e-03
5.2983e-01	5.9845e-01	6.0095e-01
4.2783e-01	6.9595e-01	5.7673e-01
6.2496e-01	5.0043e-01	5.9917e-01
2.7712e-01	1.0897e-01	9.5463e-01
9.6923e-01	2.8444e-02	2.4450e-01
6.4107e-01	5.6156e-01	5.2315e-01
9.6449e-01	2.5027e-01	8.4345e-02
6.1730e-01	4.6810e-01	6.3231e-01
2.4581e-01	4.6693e-02	9.6819e-01
6.3350e-01	5.0552e-01	5.8576e-01
9.3085e-01	2.3636e-02	3.6464e-01
5.3355e-01	5.9940e-01	5.9670e-01
9.8110e-01	1.8229e-01	6.4945e-02
2.2155e-02	3.6218e-01	9.3184e-01
1.4324e-01	9.2772e-01	3.4470e-01
1.5139e-01	9.3054e-01	3.3343e-01
4.8270e-01	6.5673e-01	5.7940e-01
5.8950e-01	6.0691e-01	5.3306e-01
9.6291e-01	2.6804e-01	3.0876e-02
5.4223e-01	5.3022e-01	6.5181e-01
5.2082e-01	7.0415e-01	4.8262e-01
1.5180e-01	9.7656e-01	1.5260e-01
9.7424e-01	1.8150e-01	1.3382e-01
5.1598e-01	5.1863e-01	6.8176e-01
5.9448e-01	6.4796e-01	4.7617e-01
5.5005e-01	6.3197e-01	5.4595e-01
6.1927e-01	5.6839e-01	5.4170e-01
6.7529e-01	5.6117e-01	4.7862e-01
1.6104e-01	9.8692e-01	7.5598e-03
6.7551e-01	4.9961e-01	5.4229e-01
2.1579e-01	1.4281e-01	9.6594e-01
4.4114e-01	6.4869e-01	6.2016e-01
9.7788e-01	1.5635e-02	2.0858e-01
1.5491e-01	1.8181e-01	9.7105e-01
4.2751e-01	7.0682e-01	5.6360e-01
6.5267e-01	5.7132e-01	4.9762e-01
6.8132e-01	4.1556e-01	6.0259e-01
5.5067e-01	4.9261e-01	6.7387e-01
2.1369e-01	9.4970e-01	2.2894e-01
1.9808e-01	2.1941e-01	9.5531e-01
6.7697e-01	6.0094e-01	4.2494e-01
9.6951e-01	2.2353e-01	1.0042e-01
9.8129e-01	1.5057e-01	1.2002e-01
6.5098e-01	4.4402e-01	6.1570e-01
9.3750e-01	3.0634e-01	1.6509e-01
6.2323e-01	6.5984e-01	4.1975e-01
1.4725e-01	9.2029e-01	3.6246e-01
1.2553e-01	3.1154e-01	9.4191e-01
5.7295e-01	5.4494e-01	6.1218e-01
5.0550e-01	5.9424e-01	6.2558e-01
5.6223e-01	5.1075e-01	6.5041e-01
4.4977e-01	6.3210e-01	6.3099e-01
9.2102e-01	9.5081e-02	3.7773e-01
5.6024e-01	6.1070e-01	5.5962e-01
9.6128e-01	1.8750e-02	2.7492e-01
3.7514e-02	2.4383e-02	9.9900e-01
2.4318e-01	2.8523e-02	9.6956e-01
4.6471e-01	6.7161e-01	5.7705e-01
5.9612e-01	5.2499e-01	6.0748e-01
6.0693e-01	6.4763e-01	4.6067e-01
5.3338e-01	5.5893e-01	6.3490e-01
5.8925e-03	2.5693e-01	9.6641e-01
1.7061e-01	9.5407e-01	2.4624e-01
5.6434e-01	6.5738e-01	4.9937e-01
9.6143e-01	2.7001e-01	5.2494e-02
9.3703e-02	1.3796e-01	9.8599e-01
6.0435e-01	5.5384e-01	5.7274e-01
5.7729e-01	4.3441e-01	6.9139e-01
9.8985e-01	1.9947e-02	1.4072e-01
5.6077e-01	6.1025e-01	5.5958e-01
2.5293e-01	9.6499e-01	6.9383e-02
4.7168e-01	6.2204e-01	6.2498e-01
9.4381e-01	2.7309e-01	1.8615e-01
9.2502e-01	3.7781e-01	4.0020e-02
1.2781e-01	1.7065e-01	9.7701e-01
3.4890e-01	1.0245e-01	9.3154e-01
4.6794e-01	5.3425e-01	7.0399e-01
1.5874e-01	9.5635e-01	2.4533e-01
5.8449e-01	6.2837e-01	5.1334e-01
9.3124e-01	1.5865e-01	3.2805e-01
6.4940e-01	5.0955e-01	5.6448e-01
6.8655e-01	5.7400e-01	4.4628e-01
2.0516e-01	7.2175e-02	9.7606e-01
6.2733e-01	5.4110e-01	5.6006e-01
2.3874e-01	2.3220e-01	9.4291e-01
9.2614e-01	3.3958e-01	1.6414e-01
5.0386e-01	6.5198e-01	5.6661e-01
1.4186e-01	9.8906e-01	4.0496e-02
9.9028e-01	1.0702e-01	8.8820e-02
5.7280e-01	4.4339e-01	6.8942e-01
5.6665e-01	5.3669e-01	6.2520e-01
4.6753e-01	5.9310e-01	6.5548e-01
5.2894e-01	5.9833e-01	6.0185e-01
5.5319e-01	4.3658e-01	7.0949e-01
1.6089e-01	1.2323e-01	9.7925e-01
1.5748e-01	9.4724e-01	2.7917e-01
5.3303e-01	4.9226e-01	6.8815e-01
4.5694e-01	6.1520e-01	6.4245e-01
1.2082e-01	9.9160e-01	4.6120e-02
9.9036e-01	7.2823e-02	1.1781e-01
1.6241e-02	3.8273e-02	9.9914e-01
9.5369e-01	7.2579e-02	2.9190e-01
5.4659e-01	5.0133e-01	6.7075e-01
5.1848e-02	9.9283e-01	1.0772e-01
6.3671e-01	4.8714e-01	5.9774e-01
5.1256e-01	6.4851e-01	5.6278e-01
2.8283e-01	9.5599e-01	7.8063e-02
4.3951e-02	9.3348e-01	3.5592e-01
6.5300e-01	6.3717e-01	4.0939e-01
2.8219e-01	2.5308e-01	9.2538e-01
2.7435e-01	9.4747e-01	1.6441e-01
5.8187e-01	6.0997e-01	5.3793e-01
9.4792e-01	4.6357e-02	3.1513e-01
1.1978e-01	1.4382e-01	9.8233e-01
9.8523e-01	1.4928e-01	8.3890e-02
1.6145e-01	1.8643e-01	9.6911e-01
5.9520e-01	6.5243e-01	4.6912e-01
4.4664e-01	6.0983e-01	6.5469e-01
6.4375e-01	4.5437e-01	6.1574e-01
1.1429e-01	9.9008e-01	8.1677e-02
6.7142e-01	4.1787e-01	6.1203e-01
4.8745e-01	5.2410e-01	6.9836e-01
9.2093e-01	2.6499e-01	2.8578e-01
5.8159e-01	5.9313e-01	5.5674e-01
6.3650e-01	4.8550e-01	5.9929e-01
1.9777e-01	1.0850e-01	9.7423e-01
9.2620e-01	2.9087e-01	2.3991e-01
6.5920e-01	5.7467e-01	4.8499e-01
9.9075e-01	7.1947e-02	1.1509e-01
4.4820e-01	7.2089e-01	5.2862e-01
4.7640e-01	7.0746e-01	5.2205e-01
3.2625e-01	1.9863e-01	9.2418e-01
6.9377e-01	5.5562e-01	4.5822e-01
8.9991e-02	9.6916e-01	2.2942e-01
4.2664e-01	6.4332e-01	6.3570e-01
2.8597e-02	9.6588e-01	2.5742e-01
9.3307e-01	1.7980e-01	3.1153e-01
5.6040e-01	5.8542e-01	5.8587e-01
4.9911e-01	6.6447e-01	5.5622e-01
4.8165e-01	5.7147e-01	6.6441e-01
4.6872e-01	7.0785e-01	5.2844e-01
1.3681e-01	9.7801e-01	1.5740e-01
5.1203e-01	6.9070e-01	5.1064e-01
1.2021e-01	2.9388e-01	9.4825e-01
3.4821e-01	1.6321e-01	9.2310e-01
5.8336e-01	4.2216e-01	6.9388e-01
5.1849e-01	6.4559e-01	5.6069e-01
6.2904e-01	5.4913e-01	5.5024e-01
9.2011e-01	3.2688e-01	2.1575e-01
5.2710e-01	6.3186e-01	5.6826e-01
6.3247e-01	5.4639e-01	5.4903e-01
6.7835e-01	5.3102e-01	5.0780e-01
2.8994e-01	9.5704e-01	3.6959e-03
6.3331e-01	6.2289e-01	4.5926e-01
4.7987e-01	5.2491e-01	7.0299e-01
2.0982e-01	9.0985e-02	9.7350e-01
3.5760e-01	9.3029e-01	8.1762e-02
4.5504e-01	6.1192e-01	6.4691e-01
3.4495e-01	2.2654e-02	9.3835e-01
9.4399e-01	1.7954e-01	2.7687e-01
1.6608e-01	2.1709e-01	9.6192e-01
6.0815e-01	5.2133e-01	5.9863e-01
5.9168e-01	6.8932e-01	4.1803e-01
5.5632e-01	4.8668e-01	6.7354e-01
2.3188e-01	9.4553e-01	2.2848e-01
7.5135e-02	9.8848e-01	1.3137e-01
8.4246e-02	9.4035e-01	3.2962e-01
6.8634e-02	9.7538e-01	2.0960e-01
6.1539e-01	5.6272e-01	5.5194e-01
5.0862e-01	5.0052e-01	7.0056e-01
1.5185e-01	9.7780e-02	9.8355e-01
4.2339e-01	6.6680e-01	6.1329e-01
5.5422e-01	5.7134e-01	6.0532e-01
1.7129e-01	9.7819e-01	1.1750e-01
9.3423e-01	4.0082e-02	3.5442e-01
4.7353e-01	5.8460e-01	6.5880e-01
6.8286e-01	5.9157e-01	4.2866e-01
1.3099e-01	9.9078e-01	3.4565e-02
4.7223e-01	5.5559e-01	6.8434e-01
9.2969e-02	9.3281e-01	3.4816e-01
2.1477e-01	3.1502e-01	9.2446e-01
4.2897e-01	6.4100e-01	6.3648e-01
7.9950e-02	6.9020e-02	9.9441e-01
6.8016e-01	4.7620e-01	5.5732e-01
9.7032e-01	5.7169e-02	2.3497e-01
6.0211e-01	6.4357e-01	4.7252e-01
5.8159e-01	5.6750e-01	5.8283e-01
4.1246e-01	6.1428e-01	6.7271e-01
5.0313e-01	5.0946e-01	6.9807e-01
9.5373e-01	2.2282e-01	2.0189e-01
4.8820e-01	5.2036e-01	7.0063e-01
6.5300e-02	3.4175e-01	9.3752e-01
6.8879e-01	5.2146e-01	5.0363e-01
6.4781e-01	5.0418e-01	5.7109e-01
5.3094e-01	5.7647e-01	6.2111e-01
7.0467e-01	4.9320e-01	5.1008e-01
5.6836e-01	6.8186e-01	4.6047e-01
5.7954e-01	5.0669e-01	6.3828e-01
4.9566e-01	7.2749e-01	4.7443e-01
1.7706e-01	3.3206e-01	9.2649e-01
5.2735e-01	5.7457e-01	6.2592e-01
6.0203e-02	9.1173e-02	9.9401e-01
9.6156e-01	4.3553e-04	2.7458e-01
7.1938e-02	2.0089e-02	9.9721e-01
9.8480e-01	1.2408e-01	1.2152e-01
9.6970e-01	3.0509e-03	2.4429e-01
6.9719e-01	4.7194e-01	5.3963e-01
5.3338e-01	5.2305e-01	6.6478e-01
9.9827e-01	5.7961e-02	9.9430e-03
6.7945e-01	5.0298e-01	5.3419e-01
5.3913e-01	5.1239e-01	6.6843e-01
1.0040e-01	2.5425e-02	9.9462e-01
2.4427e-01	1.4559e-01	9.5872e-01
9.2226e-01	2.4966e-01	2.9514e-01
1.2594e-01	1.9882e-01	9.7191e-01
5.6315e-01	5.6946e-01	5.9881e-01
9.6586e-01	1.3627e-01	2.2034e-01
6.8493e-01	5.7537e-01	4.4701e-01
2.8325e-03	2.9024e-01	9.5695e-01
6.4556e-01	4.7903e-01	5.9480e-01
9.7675e-01	1.3609e-01	1.6562e-01
9.6598e-01	2.1873e-01	1.3798e-01
4.4593e-01	6.4221e-01	6.2347e-01
5.7465e-01	6.4733e-01	5.0074e-01
6.0415e-01	5.5481e-01	5.7201e-01
9.5870e-01	2.2065e-01	1.7949e-01
1.4916e-01	3.0070e-02	9.8836e-01
1.9224e-01	2.6422e-01	9.4511e-01
6.6299e-01	4.8082e-01	5.7381e-01
6.4721e-01	4.6207e-01	6.0631e-01
5.3998e-01	5.5469e-01	6.3304e-01
7.0115e-01	4.3560e-01	5.6448e-01
1.0645e-01	8.9034e-02	9.9032e-01
5.1620e-03	1.4286e-01	9.8973e-01
5.1857e-01	5.4860e-01	6.5584e-01
6.9041e-02	9.7391e-01	2.1616e-01
5.3606e-01	4.8885e-01	6.8823e-01
5.4936e-01	5.8606e-01	5.9560e-01
5.1178e-01	5.8962e-01	6.2485e-01
5.4621e-01	5.8216e-01	6.0228e-01
6.2780e-01	5.5463e-01	5.4612e-01
5.8924e-01	5.1864e-01	6.1952e-01
4.4179e-01	5.9374e-01	6.7253e-01
6.5339e-01	5.2014e-01	5.5003e-01
5.9808e-01	5.4051e-01	5.9173e-01
6.4705e-02	9.9691e-01	4.4450e-02
3.2621e-01	1.7792e-01	9.2840e-01
6.1914e-01	5.4826e-01	5.6221e-01
2.1124e-01	9.4652e-01	2.4387e-01
5.4413e-01	6.1278e-01	5.7309e-01
2.8645e-01	1.9483e-01	9.3808e-01
1.7530e-01	9.8017e-01	9.2434e-02
9.6596e-01	1.8625e-01	1.7955e-01
5.6547e-01	6.8732e-01	4.5589e-01
1.6619e-01	1.3993e-01	9.7611e-01
6.3425e-01	5.9176e-01	4.9754e-01
6.0405e-01	5.2799e-01	5.9695e-01
2.9235e-01	1.8806e-01	9.3764e-01
2.0034e-01	9.7451e-01	1.0099e-01
4.8416e-01	6.1536e-01	6.2203e-01
9.2673e-01	3.5455e-01	1.2437e-01
6.1522e-01	6.4600e-01	4.5187e-01
3.1647e-01	9.4630e-01	6.6041e-02
6.7489e-02	9.6642e-01	2.4794e-01
5.7676e-01	4.5264e-01	6.8005e-01
6.5668e-01	5.6038e-01	5.0472e-01
2.6429e-01	1.5217e-01	9.5236e-01
6.6414e-01	4.1572e-01	6.2136e-01
5.9037e-01	6.1879e-01	5.1822e-01
4.5890e-01	5.4663e-01	7.0044e-01
4.4288e-01	6.9683e-01	5.6417e-01
6.4375e-01	5.7521e-01	5.0470e-01
2.3678e-01	3.1123e-01	9.2036e-01
2.1800e-01	9.4859e-01	2.2946e-01
2.2398e-01	1.4569e-01	9.6364e-01
4.8432e-01	5.4897e-01	6.8122e-01
6.1441e-01	6.0115e-01	5.1100e-01
5.6018e-01	6.5045e-01	5.1294e-01
1.9091e-01	9.7505e-01	1.1323e-01
1.3201e-02	9.4941e-01	3.1375e-01
9.6693e-01	1.4926e-01	2.0682e-01
6.8533e-01	4.6108e-01	5.6367e-01
3.7905e-02	3.1694e-01	9.4769e-01
5.2447e-01	5.5744e-01	6.4358e-01
5.5170e-01	6.8966e-01	4.6904e-01
5.4102e-01	6.2335e-01	5.6457e-01
2.1480e-01	9.7450e-01	6.4965e-02
4.5683e-01	6.9594e-01	5.5405e-01
2.1493e-01	7.7593e-02	9.7354e-01
3.5292e-01	9.3170e-01	8.5904e-02
9.3656e-01	3.4691e-01	5.0006e-02
5.6771e-01	6.0162e-01	5.6192e-01
1.2177e-01	9.8874e-01	8.6967e-02
8.5453e-02	9.6524e-01	2.4699e-01
9.2086e-01	2.1099e-01	3.2788e-01
5.5183e-01	5.7589e-01	6.0318e-01
9.5230e-01	3.0497e-01	1.1029e-02
3.3786e-01	9.3576e-01	1.0105e-01
5.5163e-01	6.9808e-01	4.5650e-01
9.2701e-01	3.4589e-01	1.4494e-01
4.5201e-01	6.5601e-01	6.0443e-01
9.2788e-01	3.7245e-01	1.7537e-02
4.7694e-01	6.1795e-01	6.2503e-01
6.2519e-01	5.0913e-01	5.9154e-01
1.9081e-01	9.8125e-01	2.7106e-02
9.9401e-01	1.5122e-02	1.0821e-01
6.4878e-01	4.4956e-01	6.1398e-01
9.3027e-01	1.9237e-01	3.1241e-01
3.9018e-01	9.2058e-01	1.7155e-02
5.6877e-01	5.5162e-01	6.1010e-01
2.0130e-01	1.7868e-01	9.6310e-01
6.8199e-01	5.7681e-01	4.4965e-01
9.5308e-01	1.1632e-01	2.7948e-01
2.4728e-01	9.5284e-01	1.7593e-01
6.9323e-01	4.5339e-01	5.6024e-01
7.2136e-01	5.1604e-01	4.6190e-01
4.7812e-01	5.3101e-01	6.9959e-01
1.6507e-01	9.3943e-01	3.0036e-01
1.9777e-01	9.4289e-01	2.6805e-01
5.2010e-01	4.9503e-01	6.9602e-01
1.7920e-01	3.3844e-01	9.2377e-01
5.5187e-01	6.0946e-01	5.6921e-01
2.3450e-01	5.6237e-02	9.7049e-01
7.2218e-01	5.2013e-01	4.5598e-01
9.2743e-01	2.5550e-01	2.7311e-01
4.1466e-01	5.9295e-01	6.9026e-01
6.2576e-01	5.8361e-01	5.1752e-01
6.7956e-01	4.8464e-01	5.5075e-01
7.0882e-01	4.6076e-01	5.3411e-01
2.3968e-01	6.6967e-02	9.6854e-01
5.8341e-01	6.0388e-01	5.4311e-01
2.9789e-01	7.0832e-02	9.5197e-01
2.3272e-02	9.4513e-01	3.2586e-01
2.5232e-01	2.0404e-01	9.4589e-01
9.8637e-01	4.6269e-02	1.5791e-01
9.5913e-01	2.7273e-01	7.5385e-02
4.3426e-01	6.9248e-01	5.7610e-01
5.6576e-01	5.1193e-01	6.4641e-01
2.3829e-01	9.6731e-01	8.6817e-02
5.4480e-01	6.8008e-01	4.9060e-01
5.5210e-01	6.0519e-01	5.7352e-01
6.9128e-01	5.3642e-01	4.8413e-01
1.8494e-01	9.2142e-01	3.4174e-01
6.2342e-01	4.2885e-01	6.5379e-01
1.4782e-01	9.2822e-01	3.4140e-01
1.1475e-01	2.7431e-01	9.5477e-01
6.9959e-01	4.8766e-01	5.2227e-01
5.7156e-01	5.3387e-01	6.2314e-01
2.2981e-01	2.7931e-01	9.3229e-01
5.7805e-01	6.3973e-01	5.0656e-01
4.8045e-01	6.5091e-01	5.8777e-01
4.4232e-01	7.0481e-01	5.5461e-01
6.1974e-01	5.7536e-01	5.3375e-01
6.1611e-01	4.9414e-01	6.1339e-01
5.3168e-01	5.7628e-01	6.2066e-01
1.8599e-01	1.3441e-01	9.7331e-01
5.4877e-01	5.7000e-01	6.1152e-01
6.5573e-01	6.0957e-01	4.4547e-01
5.3996e-01	6.5766e-01	5.2529e-01
2.2179e-01	9.4106e-01	2.5538e-01
2.1953e-01	2.6159e-01	9.3988e-01
9.4599e-01	3.1356e-01	8.2329e-02
6.2193e-01	5.6980e-01	5.3715e-01
9.4444e-01	6.0559e-02	3.2305e-01
9.2684e-01	1.3079e-01	3.5193e-01
3.6729e-02	3.3936e-01	9.3994e-01
6.0819e-01	5.7372e-01	5.4859e-01
5.6500e-01	4.7750e-01	6.7288e-01
4.3000e-01	6.5561e-01	6.2071e-01
5.9431e-01	5.7635e-01	5.6090e-01
5.9900e-01	6.4673e-01	4.7217e-01
3.8411e-02	9.7888e-01	2.0080e-01
4.1906e-01	6.6286e-01	6.2048e-01
2.4340e-01	9.6809e-01	5.9681e-02
7.8945e-02	9.8130e-01	1.7554e-01
9.8437e-01	1.6038e-01	7.2789e-02
9.8815e-01	1.2676e-01	8.6521e-02
4.5471e-01	6.0665e-01	6.5208e-01
9.2757e-01	2.0290e-01	3.1375e-01
5.0935e-01	6.4783e-01	5.6646e-01
9.2205e-01	3.7504e-01	9.5753e-02
5.9853e-01	6.3839e-01	4.8396e-01
2.1873e-01	9.7473e-01	4.5353e-02
5.2718e-01	5.3918e-01	6.5678e-01
7.0939e-01	4.5588e-01	5.3754e-01
3.2521e-01	9.3942e-01	1.0832e-01
5.9490e-01	6.6319e-01	4.5416e-01
2.0209e-01	9.2382e-01	3.2514e-01
9.2369e-01	9.4384e-02	3.7133e-01
2.4924e-01	9.2612e-01	2.8316e-01
6.9041e-01	4.4386e-01	5.7125e-01
5.9937e-01	4.1821e-01	6.8254e-01
7.3469e-02	9.9137e-01	1.0856e-01
9.7722e-01	1.7200e-01	1.2432e-01
1.0256e-01	9.7214e-01	2.1078e-01
1.6896e-01	2.0210e-01	9.6468e-01
2.9811e-01	9.4587e-01	1.2831e-01
5.7659e-01	5.1004e-01	6.3829e-01
1.9769e-02	2.2934e-01	9.7315e-01
5.6918e-01	5.5134e-01	6.0997e-01
4.9127e-01	5.0911e-01	7.0672e-01
6.7471e-01	5.3915e-01	5.0407e-01
1.7909e-01	9.7955e-01	9.1668e-02
2.5576e-01	1.1214e-01	9.6021e-01
9.8101e-01	1.8704e-01	5.1282e-02
2.3626e-01	9.7140e-01	2.3843e-02
8.2367e-02	9.5884e-01	2.7174e-01
5.1588e-01	6.6698e-01	5.3760e-01
6.2087e-01	5.4918e-01	5.5939e-01
9.6429e-01	2.4836e-01	9.1963e-02
1.9568e-01	9.2100e-01	3.3685e-01
4.8408e-01	5.7863e-01	6.5639e-01
5.5529e-01	6.6823e-01	4.9510e-01
6.4941e-01	5.5296e-01	5.2201e-01
6.1435e-01	6.4403e-01	4.5586e-01
6.6763e-01	4.9969e-01	5.5188e-01
9.2951e-01	6.3227e-02	3.6333e-01
6.6674e-01	5.7766e-01	4.7093e-01
5.0173e-01	6.1207e-01	6.1126e-01
3.5713e-01	1.5005e-01	9.2192e-01
6.0351e-01	6.1472e-01	5.0784e-01
2.0317e-01	9.6070e-01	1.8915e-01
5.7859e-01	5.0489e-01	6.4056e-01
6.2295e-01	5.8837e-01	5.1551e-01
9.3196e-01	1.0676e-01	3.4650e-01
1.2589e-01	9.8311e-01	1.3285e-01
4.8904e-01	6.7376e-01	5.5397e-01
1.4578e-01	9.4298e-01	2.9923e-01
3.4691e-01	1.3337e-01	9.2837e-01
4.9619e-01	6.9063e-01	5.2614e-01
9.5250e-01	7.2623e-02	2.9577e-01
9.3191e-01	3.5082e-01	9.2070e-02
9.7112e-01	1.8780e-01	1.4714e-01
5.6456e-01	6.7342e-01	4.7726e-01
9.3353e-01	2.5282e-02	3.5760e-01
9.6920e-01	2.2628e-01	9.7193e-02
9.2363e-01	3.6474e-01	1.1778e-01
6.2538e-01	5.4632e-01	5.5717e-01
5.6879e-01	5.1542e-01	6.4096e-01
1.4181e-01	5.3334e-02	9.8846e-01
2.6393e-01	2.1969e-01	9.3919e-01
5.9014e-01	4.7482e-01	6.5290e-01
3.1272e-01	9.3944e-01	1.4023e-01
1.7689e-01	9.8027e-01	8.8156e-02
6.7609e-01	5.8435e-01	4.4882e-01
1.1603e-01	9.5378e-01	2.7720e-01
1.5300e-01	9.3278e-01	3.2637e-01
6.5269e-01	6.0837e-01	4.5153e-01
3.7745e-02	9.9717e-01	6.4945e-02
9.9252e-01	1.3684e-03	1.2204e-01
5.7953e-01	5.7362e-01	5.7888e-01
4.3649e-01	5.6213e-01	7.0249e-01
2.0131e-01	2.9505e-01	9.3404e-01
6.1682e-01	6.6018e-01	4.2860e-01
6.0371e-03	1.1176e-01	9.9372e-01
2.2781e-01	9.7322e-01	3.0715e-02
6.3220e-01	6.2624e-01	4.5622e-01
2.5173e-01	7.8597e-02	9.6460e-01
5.7814e-01	5.0403e-01	6.4164e-01
9.3991e-01	9.6326e-02	3.2756e-01
3.6026e-01	9.2930e-01	8.1318e-02
9.3990e-01	2.0113e-01	2.7591e-01
4.8969e-01	5.7581e-01	6.5471e-01
9.2761e-01	5.4998e-02	3.6948e-01
1.3195e-02	2.9296e-01	9.5603e-01
3.4657e-01	9.2868e-01	1.3208e-01
1.5498e-01	2.8320e-02	9.8751e-01
9.9861e-01	3.6475e-02	3.8134e-02
4.5544e-01	7.2249e-01	5.2018e-01
4.3423e-01	6.6967e-01	6.0248e-01
1.6428e-01	9.7137e-01	1.7160e-01
9.2502e-01	3.5608e-01	1.3245e-01
6.5854e-01	5.8088e-01	4.7843e-01
9.7357e-01	3.4273e-03	2.2834e-01
4.2103e-01	5.9573e-01	6.8398e-01
1.6952e-01	2.6417e-01	9.4946e-01
2.0895e-01	9.6581e-01	1.5345e-01
6.7484e-01	5.1275e-01	5.3073e-01
6.2888e-01	4.8094e-01	6.1091e-01
1.2451e-01	9.8809e-01	9.0412e-02
7.0258e-01	4.6559e-01	5.3816e-01
3.1362e-01	9.2847e-01	1.9895e-01
2.9566e-01	1.9846e-01	9.3445e-01
9.3156e-01	2.6398e-01	2.5000e-01
7.1389e-01	5.2445e-01	4.6402e-01
5.6819e-02	2.9546e-01	9.5366e-01
6.5481e-01	6.2265e-01	4.2841e-01
5.2747e-01	7.0283e-01	4.7729e-01
4.8074e-01	5.8245e-01	6.5547e-01
3.4400e-01	9.3779e-01	4.6953e-02
5.2368e-01	6.5344e-01	5.4661e-01
9.7040e-01	2.4007e-01	2.6101e-02
6.3130e-01	6.5278e-01	4.1872e-01
5.5997e-01	4.9267e-01	6.6612e-01
5.7329e-01	6.5286e-01	4.9508e-01
6.1666e-01	6.6327e-01	4.2403e-01
4.0222e-02	9.9786e-01	5.1496e-02
1.9331e-01	2.7048e-01	9.4312e-01
5.9468e-01	6.7481e-01	4.3702e-01
4.3825e-01	6.4084e-01	6.3029e-01
5.0054e-01	6.4747e-01	5.7466e-01
6.3893e-01	4.8168e-01	5.9979e-01
4.3621e-01	6.8407e-01	5.8461e-01
1.5563e-01	8.2009e-02	9.8441e-01
1.9949e-01	2.2793e-01	9.5302e-01
2.9118e-01	9.4314e-01	1.6031e-01
9.9090e-01	2.3680e-02	1.3249e-01
1.0483e-01	9.6489e-01	2.4082e-01
3.0279e-01	9.4565e-02	9.4836e-01
5.7783e-01	6.9842e-01	4.2229e-01
2.6297e-01	2.3647e-01	9.3538e-01
2.6089e-01	9.6004e-01	1.0125e-01
6.5274e-01	4.9359e-01	5.7471e-01
3.0656e-01	9.4803e-01	8.5141e-02
6.3763e-01	4.7494e-01	6.0652e-01
9.9627e-01	4.6552e-02	7.2702e-02
9.2011e-01	2.8240e-01	2.7139e-01
5.4201e-01	6.6010e-01	5.2009e-01
9.3892e-01	1.0515e-01	3.2767e-01
1.5550e-01	5.5024e-02	9.8630e-01
5.8895e-01	5.5434e-01	5.8809e-01
8.6093e-02	9.8493e-01	1.4997e-01
5.4968e-01	5.0619e-01	6.6455e-01
5.6994e-01	5.8221e-01	5.7983e-01
9.3612e-01	2.3250e-01	2.6386e-01
5.7924e-01	4.7484e-01	6.6258e-01
6.3754e-01	5.3555e-01	5.5382e-01
1.0528e-01	2.0280e-01	9.7354e-01
8.6120e-02	6.6668e-02	9.9405e-01
1.5103e-01	3.4952e-01	9.2467e-01
1.8609e-01	3.1190e-01	9.3171e-01
9.5798e-01	1.6371e-01	2.3553e-01
5.9723e-01	5.4396e-01	5.8942e-01
9.4997e-01	3.1063e-01	3.2464e-02
9.8212e-01	1.2061e-01	1.4458e-01
6.4831e-01	5.2351e-01	5.5285e-01
6.6128e-01	4.2061e-01	6.2112e-01
5.8664e-01	6.7496e-01	4.4753e-01
5.8726e-01	6.5369e-01	4.7729e-01
5.2579e-01	7.0976e-01	4.6881e-01
5.8718e-01	4.6198e-01	6.6468e-01
6.1978e-01	6.0656e-01	4.9796e-01
1.8843e-01	8.7466e-02	9.7818e-01
3.4832e-01	9.2379e-01	1.5898e-01
6.3093e-01	5.6391e-01	5.3286e-01
6.4191e-01	5.8161e-01	4.9967e-01
4.7891e-01	6.3515e-01	6.0600e-01
9.6686e-01	8.0298e-02	2.4235e-01
5.6214e-01	4.3740e-01	7.0191e-01
9.9494e-01	1.0042e-01	2.6217e-03
4.9957e-01	5.9890e-01	6.2590e-01
6.6498e-01	5.0998e-01	5.4564e-01
1.3668e-01	9.8356e-01	1.1799e-01
3.4170e-01	9.3590e-01	8.5640e-02
2.9264e-02	9.8168e-01	1.8825e-01
9.7017e-01	1.8635e-01	1.5504e-01
5.5171e-01	7.1042e-01	4.3695e-01
1.1065e-01	3.7314e-01	9.2115e-01
9.6549e-01	2.2809e-01	1.2568e-01
9.6693e-01	2.4461e-01	7.2251e-02
9.4100e-03	1.5930e-01	9.8718e-01
5.9833e-01	6.5382e-01	4.6317e-01
3.0168e-01	9.3061e-01	2.0726e-01
4.5887e-01	5.4625e-01	7.0074e-01
5.9254e-01	6.6458e-01	4.5522e-01
6.8734e-02	9.8428e-01	1.6268e-01
9.4746e-01	2.2386e-01	2.2850e-01
3.2605e-01	9.4460e-01	3.7753e-02
1.1436e-01	9.8378e-01	1.3823e-01
4.4551e-02	2.8520e-01	9.5743e-01
6.7078e-03	3.3992e-01	9.4043e-01
1.2649e-01	9.6290e-01	2.3836e-01
9.7835e-01	1.4098e-01	1.5151e-01
5.3751e-01	5.2954e-01	6.5625e-01
6.3642e-01	5.4815e-01	5.4268e-01
2.2712e-01	9.7284e-01	4.4657e-02
9.8026e-01	8.0531e-02	1.8055e-01
9.7316e-01	1.9932e-01	1.1506e-01
5.5726e-01	6.8696e-01	4.6642e-01
6.1130e-01	5.9972e-01	5.1639e-01
1.2425e-01	2.5917e-01	9.5781e-01
5.6852e-01	4.6852e-01	6.7622e-01
1.8132e-01	5.5577e-02	9.8185e-01
6.9401e-01	4.6347e-01	5.5095e-01
4.2780e-01	6.6639e-01	6.1067e-01
6.0137e-01	4.4359e-01	6.6452e-01
5.2592e-01	5.7769e-01	6.2424e-01
6.8573e-01	4.3840e-01	5.8101e-01
6.0280e-01	6.5140e-01	4.6077e-01
6.0496e-01	5.7810e-01	5.4757e-01
5.7048e-01	6.7501e-01	4.6788e-01
2.1782e-01	9.7110e-01	9.7573e-02
4.3898e-01	6.6823e-01	6.0064e-01
5.2470e-01	5.4725e-01	6.5208e-01
6.7721e-01	4.6526e-01	5.7002e-01
9.4728e-01	2.7838e-01	1.5866e-01
9.8977e-01	6.9848e-02	1.2441e-01
1.3865e-01	3.4498e-01	9.2832e-01
3.2760e-01	9.4479e-01	7.4737e-03
2.1998e-02	9.3526e-01	3.5327e-01
7.1654e-01	4.6341e-01	5.2137e-01
5.2271e-01	5.1238e-01	6.8135e-01
5.4750e-01	6.9239e-01	4.6994e-01
1.4229e-01	3.2130e-01	9.3623e-01
2.3886e-01	1.3767e-01	9.6124e-01
1.9222e-01	1.4580e-01	9.7046e-01
9.6610e-01	2.3281e-01	1.1154e-01
5.5893e-01	5.0864e-01	6.5489e-01
5.8696e-01	5.0898e-01	6.2962e-01
6.6080e-01	5.6760e-01	4.9108e-01
1.7317e-01	9.8350e-01	5.2364e-02
6.2138e-01	4.2159e-01	6.6041e-01
1.8755e-02	9.8744e-01	1.5687e-01
5.3521e-01	5.5334e-01	6.3825e-01
3.7124e-02	1.7818e-01	9.8330e-01
9.5309e-01	2.7017e-01	1.3646e-01
3.6578e-01	9.7124e-02	9.2562e-01
9.3070e-01	1.0832e-01	3.4938e-01
6.7165e-01	4.3414e-01	6.0035e-01
9.8389e-01	2.1014e-03	1.7874e-01
5.3579e-02	9.3542e-01	3.4946e-01
5.9516e-01	6.1774e-01	5.1398e-01
9.7211e-01	1.1938e-01	2.0186e-01
1.5084e-01	9.7682e-01	1.5189e-01
4.7614e-01	5.5654e-01	6.8084e-01
6.0785e-01	5.2685e-01	5.9410e-01
4.9273e-01	5.0046e-01	7.1187e-01
5.5875e-01	5.2739e-01	6.4005e-01
5.4410e-01	4.8613e-01	6.8384e-01
5.4458e-01	5.4802e-01	6.3491e-01
5.8186e-01	5.5581e-01	5.9373e-01
5.5207e-01	6.2241e-01	5.5482e-01
3.3299e-01	9.3921e-01	8.3698e-02
6.1639e-01	6.1355e-01	4.9358e-01
