1661.7	8.2997	0.067601
1661.7	8.2999	0.067581
1661.7	8.3	0.067574
1661.7	8.3	0.067571
1661.7	8.3001	0.067568
1661.7	8.3001	0.067567
1661.7	8.3001	0.067566
1661.7	8.3001	0.067565
1661.7	8.3001	0.067565
1661.7	8.3001	0.067564
1661.7	8.3001	0.067564
1661.7	8.3001	0.067564
1661.7	8.3001	0.067563
1661.7	8.3001	0.067563
1661.7	8.3001	0.067563
1661.7	8.3001	0.067563
1661.7	8.3001	0.067563
1661.7	8.3001	0.067563
1661.7	8.3001	0.067562
1661.7	8.3001	0.067562
1661.7	8.3001	0.067562
1661.7	8.3002	0.067562
1661.7	8.3002	0.067562
1661.7	8.3002	0.067562
1661.7	8.3002	0.067562
1661.7	8.3002	0.067562
1661.7	8.3002	0.067562
1661.7	8.3002	0.067562
1661.7	8.3002	0.067562
1661.7	8.3002	0.067562
1661.7	8.3002	0.067561
1661.7	8.3002	0.067561
1661.7	8.3002	0.067561
1661.7	8.3002	0.067561
1661.7	8.3002	0.067561
1661.7	8.3002	0.067561
1661.7	8.3002	0.067561
1661.7	8.3002	0.067561
1661.7	8.3002	0.067561
1661.7	8.3002	0.067561
1661.7	8.3002	0.067561
1661.7	8.3002	0.067561
1661.7	8.3002	0.067561
1661.7	8.3002	0.067561
1661.7	8.3002	0.067561
1661.7	8.3002	0.067561
1661.7	8.3002	0.067561
1661.7	8.3002	0.067561
1661.7	8.3002	0.067561
1661.7	8.3002	0.067561
1661.7	8.3002	0.067561
1661.7	8.3002	0.06756
1661.7	8.3002	0.06756
1661.7	8.3002	0.067561
1661.7	8.3002	0.06756
1661.7	8.3002	0.067561
1661.7	8.3002	0.067561
1661.7	8.3002	0.067561
1661.7	8.3002	0.067561
1661.7	8.3002	0.067561
1661.7	8.3002	0.067561
1661.7	8.3002	0.067561
1661.7	8.3002	0.06756
1661.7	8.3002	0.067561
1661.7	8.3002	0.067561
1661.7	8.3002	0.067561
1661.7	8.3002	0.067561
1661.7	8.3002	0.067561
1661.7	8.3002	0.067561
1661.7	8.3002	0.067561
1661.7	8.3002	0.06756
1661.7	8.3002	0.067561
1661.7	8.3002	0.067561
1661.7	8.3002	0.067561
1661.7	8.3002	0.06756
1661.7	8.3002	0.06756
1661.7	8.3002	0.06756
1661.7	8.3002	0.067561
1661.7	8.3002	0.06756
1661.7	8.3002	0.067561
1661.7	8.3002	0.067561
1661.7	8.3002	0.067561
1661.7	8.3002	0.06756
1661.7	8.3002	0.067561
1661.7	8.3002	0.067556
1661.7	8.3002	0.06756
1661.7	8.3002	0.06756
1661.7	8.3046	0.0672
1661.7	8.3053	0.067174
1661.7	8.3053	0.067174
1661.7	8.3053	0.067174
1661.7	8.3052	0.067174
1661.7	8.3052	0.067174
1661.7	8.3052	0.067174
1661.7	8.3051	0.067174
1665.9	8.3861	0.059623
1675.5	6.1448	0.23153
1666.4	6.9448	0.0818
1665.4	7.2361	0.094899
1664.6	7.4511	0.098893
1664.1	7.5938	0.098882
1663.8	7.6954	0.09758
1663.5	7.7715	0.0959
1663.3	7.8306	0.09418
1663.2	7.8778	0.092544
1663	7.9163	0.091034
1662.9	7.9485	0.089659
1662.8	7.9756	0.088412
1662.8	7.9989	0.087283
1662.7	8.019	0.086259
1662.6	8.0367	0.085329
1662.6	8.0522	0.084481
1662.5	8.066	0.083707
1662.5	8.0784	0.082998
1662.4	8.0895	0.082346
1662.4	8.0996	0.081746
1662.4	8.1087	0.081191
1662.3	8.117	0.080676
1662.3	8.1247	0.080199
1662.3	8.1317	0.079754
1662.3	8.1382	0.079339
1662.3	8.1442	0.078951
1662.2	8.1498	0.078587
1662.2	8.155	0.078245
1662.2	8.1598	0.077924
1662.2	8.1644	0.077621
1662.2	8.1686	0.077335
1662.2	8.1726	0.077065
1662.1	8.1764	0.07681
1662.1	8.1799	0.076567
1662.1	8.1833	0.076337
1662.1	8.1864	0.076118
1662.1	8.1894	0.07591
1662.1	8.1923	0.075712
1662.1	8.195	0.075522
1662.1	8.1975	0.075342
1662.1	8.2	0.075169
1662.1	8.2023	0.075004
1662	8.2045	0.074846
1662	8.2067	0.074694
1662	8.2087	0.074548
1662	8.2107	0.074408
1662	8.2125	0.074274
1662	8.2143	0.074145
1662	8.216	0.074021
1662	8.2177	0.073901
1662	8.2193	0.073784
1662	8.2208	0.073674
1662	8.2223	0.073567
1662	8.2237	0.073463
1662	8.2251	0.073363
1662	8.2264	0.073266
1662	8.2277	0.073172
1662	8.2289	0.073082
1662	8.2301	0.072994
1662	8.2312	0.072909
1662	8.2323	0.072827
1662	8.2334	0.072747
1661.9	8.2345	0.072669
1661.9	8.2355	0.072594
1661.9	8.2365	0.072521
1661.9	8.2374	0.07245
1661.9	8.2383	0.072381
1661.9	8.2392	0.072314
1661.9	8.2401	0.072249
1661.9	8.2409	0.072185
1661.9	8.2418	0.072123
1661.9	8.2426	0.072063
1661.9	8.2433	0.072005
1661.9	8.2441	0.071947
1661.9	8.2448	0.071892
1661.9	8.2456	0.071838
1661.9	8.2463	0.071785
1661.9	8.2469	0.071733
1661.9	8.2476	0.071683
1661.9	8.2483	0.071633
1661.9	8.2489	0.071585
1661.9	8.2495	0.071539
1661.9	8.2501	0.071493
1661.9	8.2507	0.071448
1661.9	8.261	0.070652
1661.9	8.2771	0.069384
1661.7	8.2932	0.068126
1661.9	8.3089	0.066878
1661.9	8.3116	0.066867
1661.9	8.3089	0.066847
1661.9	8.3086	0.066834
1661.9	8.3096	0.066824
1661.9	8.3115	0.066817
1661.9	8.3105	0.066798
1661.9	8.3103	0.066781
1662	8.3129	0.066772
1662	8.3113	0.066748
1662	8.3111	0.066726
1662	8.3103	0.0667
1662	8.3144	0.066689
1662	8.3123	0.066653
1662	8.3115	0.066619
1662.1	8.3125	0.066587
1662.1	8.313	0.066549
1662.1	8.3168	0.066518
1662.1	8.3151	0.066458
1662.2	8.314	0.066393
1662.2	8.3156	0.066327
1662.2	8.3184	0.06625
1662.4	8.3184	0.066016
1663	8.3291	0.064926
1664.1	8.3504	0.062947
1665.9	7.0819	0.089066
1665.4	7.2361	0.094899
1664.9	7.3557	0.097715
1664.6	7.4511	0.098893
1664.4	7.529	0.09915
1664.1	7.5938	0.098882
1663.9	7.6485	0.098314
1663.8	7.6954	0.09758
1663.6	7.736	0.096759
1663.5	7.7715	0.0959
1663.4	7.8028	0.095035
1663.3	7.8306	0.09418
1663.2	7.8554	0.093348
1663.2	7.8778	0.092544
1663.1	7.898	0.091772
1663	7.9163	0.091034
1663	7.9331	0.09033
1662.9	7.9485	0.089659
1662.9	7.9626	0.08902
1662.8	7.9756	0.088412
1662.8	7.9877	0.087833
1662.8	7.9989	0.087283
1662.7	8.0093	0.086758
1662.7	8.019	0.086259
1662.7	8.0281	0.085783
1662.6	8.0367	0.085329
1662.6	8.0447	0.084895
1662.6	8.0522	0.084481
1662.5	8.0593	0.084086
1662.5	8.066	0.083707
1662.5	8.0724	0.083345
1662.5	8.0784	0.082998
1662.5	8.0841	0.082665
1662.4	8.0895	0.082346
1662.4	8.0947	0.08204
1662.4	8.0996	0.081746
1662.4	8.1042	0.081463
1662.4	8.1087	0.081191
1662.4	8.113	0.080929
1662.3	8.117	0.080676
1662.3	8.121	0.080433
1662.3	8.1247	0.080199
1662.3	8.1283	0.079972
1662.3	8.1317	0.079754
1662.3	8.135	0.079543
1662.3	8.1382	0.079339
1662.3	8.1413	0.079141
1662.3	8.1442	0.07895
1662.2	8.1471	0.078765
1662.2	8.1498	0.078587
1662.2	8.1524	0.078413
1662.2	8.155	0.078245
1662.2	8.1575	0.078082
1662.2	8.1599	0.077924
1662.2	8.1622	0.07777
1662.2	8.1644	0.077619
1662.2	8.1665	0.077476
1662.2	8.1686	0.077335
1662.2	8.1707	0.077198
1662.2	8.1726	0.077065
1662.2	8.1745	0.076935
1662.1	8.1764	0.076808
1662.1	8.1782	0.076686
1662.1	8.1799	0.076567
1662.1	8.1816	0.076451
1662.1	8.1833	0.076337
1662.1	8.1849	0.076226
1662.1	8.1864	0.076118
1662.1	8.1879	0.076013
1662.1	8.1894	0.075909
1662.1	8.1909	0.075809
1662.1	8.1923	0.075712
1662.1	8.1936	0.075616
1662.1	8.195	0.075522
1662.1	8.1963	0.075431
1662.1	8.1975	0.075341
1662.1	8.1988	0.075254
1662.1	8.204	0.074882
1662.1	8.2215	0.0736
1662	8.2388	0.072312
1662.1	8.2555	0.071026
1662.1	8.272	0.069739
1662.1	8.288	0.068467
1662.1	8.3038	0.067194
1662.1	8.3194	0.066549
1662.1	8.3178	0.066437
1662.2	8.3141	0.066394
1662.2	8.3145	0.066282
1662.3	8.3301	0.066124
1662.5	8.3191	0.065854
1662.8	8.3269	0.065164
1663.1	8.3323	0.064628
1671.5	8.2874	0.06405
1672.6	6.6903	0.18462
1666.1	7.02	0.08603
1665.7	7.138	0.091477
1665.4	7.2361	0.094899
1665.1	7.3189	0.097008
1664.8	7.3898	0.098245
1664.6	7.4511	0.098893
1664.4	7.5046	0.099138
1664.3	7.5519	0.099105
1664.1	7.5938	0.098882
1664	7.6313	0.098527
1663.9	7.665	0.098083
1663.8	7.6954	0.09758
1663.7	7.7231	0.097039
1663.6	7.7484	0.096475
1663.5	7.7715	0.0959
1663.5	7.7928	0.095323
1663.4	7.8124	0.094748
1663.3	7.8306	0.09418
1663.3	7.8474	0.093622
1663.2	7.8631	0.093076
1663.2	7.8778	0.092544
1663.1	7.8915	0.092026
1663.1	7.9043	0.091523
1663	7.9163	0.091034
1663	7.9277	0.090561
1663	7.9384	0.090103
1662.9	7.9485	0.089659
1662.9	7.958	0.089229
1662.9	7.967	0.088814
1662.8	7.9756	0.088412
1662.8	7.9838	0.088023
1662.8	7.9915	0.087647
1662.8	7.9989	0.087283
1662.7	8.0059	0.08693
1662.7	8.0126	0.086589
1662.7	8.019	0.086259
1662.7	8.0252	0.085939
1662.6	8.031	0.085629
1662.6	8.0367	0.085328
1662.6	8.0421	0.085037
1662.6	8.0473	0.084755
1662.6	8.0522	0.084481
1662.6	8.057	0.084215
1662.5	8.0616	0.083958
1662.5	8.066	0.083707
1662.5	8.0703	0.083463
1662.5	8.0744	0.083227
1662.5	8.0784	0.082998
1662.5	8.0822	0.082774
1662.5	8.0859	0.082557
1662.4	8.0895	0.082346
1662.4	8.093	0.082141
1662.4	8.0963	0.08194
1662.4	8.0996	0.081745
1662.4	8.1027	0.081556
1662.4	8.1057	0.081371
1662.4	8.1087	0.08119
1662.4	8.1116	0.081015
1662.4	8.1143	0.080843
1662.3	8.117	0.080676
1662.3	8.1197	0.080513
1662.3	8.1222	0.080354
1662.3	8.1247	0.080198
1662.3	8.1271	0.080047
1662.3	8.1294	0.079898
1662.3	8.1317	0.079754
1662.3	8.1339	0.079612
1662.3	8.1361	0.079474
1662.3	8.1382	0.079339
1662.3	8.1403	0.079207
1662.3	8.1423	0.079077
1662.3	8.1442	0.07895
1662.2	8.1461	0.078827
1662.2	8.1596	0.077923
1662.2	8.1788	0.076608
1662.2	8.1972	0.075303
1662.2	8.2151	0.074005
1662.2	8.2335	0.072716
1662.2	8.25	0.071397
1661.9	8.2678	0.070123
1662.2	8.2832	0.068813
1662.2	8.2992	0.06753
1662.3	8.3153	0.066208
1662.3	8.3245	0.066203
1662.3	8.3176	0.066143
1662.4	8.33	0.066004
1662.5	8.3336	0.065836
1662.5	8.3224	0.065726
1662.6	8.3214	0.065643
1662.7	8.3252	0.065359
1662.8	8.3379	0.065269
1663.8	8.3497	0.063503
1667.4	8.415	0.05694
1670.6	8.4757	0.051298
1671.2	6.8586	0.1618
1666.2	6.9867	0.084228
1665.9	7.0819	0.089066
1665.6	7.1642	0.092488
1665.4	7.2361	0.094899
1665.1	7.2994	0.096577
1664.9	7.3557	0.097715
1664.8	7.4059	0.098453
1664.6	7.4511	0.098893
1664.5	7.4919	0.099106
1664.4	7.529	0.09915
1664.2	7.5628	0.099065
1664.1	7.5938	0.098882
1664	7.6223	0.098626
1663.9	7.6485	0.098314
1663.9	7.6729	0.097962
1663.8	7.6954	0.09758
1663.7	7.7164	0.097177
1663.6	7.736	0.096759
1663.6	7.7543	0.096332
1663.5	7.7715	0.0959
1663.5	7.7876	0.095467
1663.4	7.8028	0.095035
1663.4	7.8171	0.094605
1663.3	7.8306	0.09418
1663.3	7.8433	0.093761
1663.2	7.8554	0.093348
1663.2	7.8669	0.092942
1663.2	7.8778	0.092544
1663.1	7.8881	0.092154
1663.1	7.898	0.091772
1663.1	7.9074	0.091399
1663	7.9163	0.091034
1663	7.9249	0.090678
1663	7.9331	0.09033
1662.9	7.9409	0.08999
1662.9	7.9485	0.089659
1662.9	7.9557	0.089335
1662.9	7.9626	0.08902
1662.9	7.9692	0.088712
1662.8	7.9756	0.088412
1662.8	7.9818	0.088119
1662.8	7.9877	0.087833
1662.8	7.9934	0.087555
1662.8	7.9989	0.087282
1662.7	8.0042	0.087017
1662.7	8.0093	0.086758
1662.7	8.0143	0.086506
1662.7	8.019	0.086259
1662.7	8.0237	0.086017
1662.7	8.0281	0.085783
1662.6	8.0325	0.085553
1662.6	8.0367	0.085328
1662.6	8.0407	0.085109
1662.6	8.0447	0.084895
1662.6	8.0485	0.084686
1662.6	8.0522	0.084481
1662.6	8.0558	0.084281
1662.5	8.0593	0.084085
1662.5	8.0627	0.083894
1662.5	8.066	0.083707
1662.5	8.0692	0.083524
1662.5	8.0724	0.083345
1662.5	8.0754	0.08317
1662.5	8.0784	0.082998
1662.5	8.0813	0.08283
1662.5	8.0841	0.082665
1662.5	8.0868	0.082504
1662.4	8.0895	0.082346
1662.4	8.0921	0.082191
1662.4	8.1115	0.08099
1662.4	8.1298	0.079813
1662.4	8.152	0.078347
1662.4	8.1712	0.077042
1662.1	8.1916	0.075742
1662.4	8.2088	0.074397
1662.4	8.2268	0.073075
1662.4	8.2443	0.071772
1661.8	8.263	0.070502
1662.4	8.2783	0.069179
1662.4	8.2944	0.067875
1662.4	8.3102	0.066599
1662.5	8.3201	0.065757
1662.5	8.3213	0.065703
1662.6	8.3242	0.065514
1664.7	8.3632	0.061754
1668.7	8.4388	0.054729
1672.4	8.7535	0.049404
1666.3	6.9658	0.083042
1666	7.0455	0.087329
1665.8	7.1162	0.090578
1665.6	7.1793	0.093041
1665.4	7.2361	0.094899
1665.2	7.2874	0.096289
1665	7.3339	0.097314
1664.9	7.3764	0.098052
1664.7	7.4153	0.098562
1664.6	7.4511	0.098892
1664.5	7.484	0.099079
1664.4	7.5146	0.09915
1664.3	7.5429	0.09913
1664.2	7.5692	0.099035
1664.1	7.5938	0.098882
1664.1	7.6168	0.098682
1664	7.6383	0.098445
1663.9	7.6585	0.098178
1663.8	7.6775	0.097888
1663.8	7.6954	0.09758
1663.7	7.7123	0.097259
1663.7	7.7283	0.096927
1663.6	7.7435	0.096589
1663.6	7.7579	0.096246
1663.5	7.7715	0.0959
1663.5	7.7845	0.095554
1663.4	7.7968	0.095207
1663.4	7.8086	0.094862
1663.4	7.8198	0.09452
1663.3	7.8306	0.09418
1663.3	7.8408	0.093844
1663.3	7.8507	0.093512
1663.2	7.8601	0.093184
1663.2	7.8691	0.092862
1663.2	7.8778	0.092544
1663.1	7.8861	0.092231
1663.1	7.8941	0.091924
1663.1	7.9018	0.091622
1663.1	7.9092	0.091325
1663	7.9163	0.091034
1663	7.9299	0.090468
1663	7.9363	0.090193
1662.9	7.9425	0.089923
1662.9	7.9485	0.089659
1662.9	7.9543	0.089399
1662.9	7.9599	0.089145
1662.9	7.9653	0.088896
1662.8	7.9756	0.088412
1662.8	7.9806	0.088177
1662.8	7.9853	0.087947
1662.8	7.99	0.087721
1662.8	7.9945	0.087499
1662.8	7.9989	0.087282
1662.7	8.0073	0.086861
1662.7	8.0113	0.086656
1662.7	8.0152	0.086455
1662.7	8.019	0.086259
1662.7	8.0228	0.086066
1662.7	8.0264	0.085876
1662.6	8.0299	0.08569
1662.6	8.0333	0.085508
1662.6	8.0367	0.085328
1662.6	8.0593	0.084034
1662.6	8.0831	0.082626
1662.6	8.1027	0.081428
1662.6	8.1237	0.080106
1662.6	8.144	0.078785
1662.6	8.1639	0.07746
1662.6	8.1831	0.076137
1662.6	8.2206	0.073477
1662	8.2404	0.072201
1662.2	8.257	0.070869
1661.9	8.2746	0.06957
1661.8	8.2914	0.068268
1662.6	8.3055	0.066935
1662.6	8.324	0.065543
1662.7	8.3231	0.065481
1662.8	8.3256	0.065281
1662.8	8.3267	0.065204
1663	8.3328	0.064823
1663.1	8.3323	0.064696
1663.3	8.3359	0.064412
1663.5	8.3441	0.064065
1663.9	8.3484	0.063294
1664.3	8.3543	0.062585
1664.9	8.3668	0.06143
1667.9	8.4235	0.056157
1672.6	6.6903	0.18462
1666.3	6.9516	0.082204
1666.1	7.02	0.08603
1665.9	7.0819	0.089066
1665.7	7.138	0.091477
1665.5	7.1892	0.093388
1665.4	7.2361	0.094899
1665.2	7.2792	0.096086
1665.1	7.3189	0.097008
1664.9	7.3557	0.097715
1664.8	7.3898	0.098245
1664.7	7.4215	0.098629
1664.6	7.4511	0.098892
1664.5	7.4787	0.099056
1664.4	7.5046	0.099138
1664.4	7.529	0.09915
1664.3	7.5519	0.099105
1664.2	7.5734	0.099013
1664.1	7.5938	0.098882
1664.1	7.613	0.098718
1664	7.6313	0.098527
1663.9	7.6485	0.098314
1663.9	7.665	0.098083
1663.8	7.6806	0.097837
1663.8	7.6954	0.09758
1663.7	7.7096	0.097313
1663.7	7.7231	0.097039
1663.6	7.736	0.096759
1663.6	7.7484	0.096475
1663.6	7.7602	0.096189
1663.5	7.7715	0.0959
1663.5	7.7824	0.095612
1663.5	7.7928	0.095323
1663.4	7.8028	0.095035
1663.4	7.8124	0.094748
1663.4	7.8217	0.094463
1663.3	7.8306	0.09418
1663.3	7.8392	0.0939
1663.3	7.8474	0.093622
1663.2	7.8554	0.093348
1663.2	7.8631	0.093076
1663.2	7.8706	0.092808
1663.2	7.8778	0.092544
1663.1	7.8847	0.092283
1663.1	7.8915	0.092026
1663.1	7.898	0.091772
1663.1	7.9043	0.091523
1663.1	7.9104	0.091276
1663	7.9163	0.091034
1663	7.9221	0.090796
1663	7.9277	0.090561
1663	7.9331	0.09033
1663	7.9384	0.090102
1662.9	7.9435	0.089879
1662.9	7.9485	0.089659
1662.9	7.9533	0.089442
1662.9	7.958	0.089229
1662.9	7.9626	0.08902
1662.9	7.967	0.088814
1662.8	7.9714	0.088611
1662.8	7.9756	0.088412
1662.8	7.9797	0.088216
1662.8	8.0018	0.08708
1662.8	8.0264	0.08576
1662.8	8.0484	0.084536
1662.8	8.0718	0.083183
1662.8	8.0942	0.081843
1662.7	8.1157	0.080582
1662.8	8.1358	0.079221
1662.8	8.1554	0.077932
1662.8	8.1759	0.076547
1662.2	8.1976	0.075269
1662.8	8.2137	0.073898
1662.8	8.2317	0.072583
1661.9	8.2529	0.07128
1661.9	8.2699	0.069951
1661.8	8.2868	0.068635
1662.8	8.3009	0.067263
1662.8	8.3184	0.065993
1662.9	8.3273	0.065093
1662.9	8.3304	0.065017
1663.2	8.3339	0.064511
1663.4	8.3382	0.064082
1663.7	8.3422	0.06371
1663.8	8.3444	0.063504
1668.2	7.4023	0.074421
1669.5	7.7621	0.069627
1667.4	8.415	0.05694
1670.6	8.4757	0.051298
1671.8	6.7947	0.17152
1670.6	6.9103	0.1522
1666.2	7.0012	0.085026
1666	7.0561	0.08785
1665.8	7.1066	0.090167
1665.6	7.1531	0.092069
1665.5	7.1962	0.093627
1665.4	7.2361	0.094899
1665.2	7.2732	0.095934
1665.1	7.3079	0.096768
1665	7.3402	0.097436
1664.9	7.3706	0.097962
1664.8	7.3991	0.098368
1664.7	7.4258	0.098673
1664.6	7.4511	0.098893
1664.5	7.4749	0.099038
1664.5	7.4974	0.099122
1664.4	7.5187	0.099152
1664.3	7.5389	0.099137
1664.3	7.5581	0.099084
1664.2	7.5764	0.098997
1664.1	7.5938	0.098882
1664.1	7.6103	0.098743
1664	7.6261	0.098584
1664	7.6412	0.098408
1663.9	7.6557	0.098217
1663.9	7.6695	0.098014
1663.8	7.6827	0.097801
1663.8	7.6954	0.09758
1663.7	7.7076	0.097352
1663.7	7.7193	0.097118
1663.7	7.7306	0.096879
1663.6	7.7414	0.096638
1663.6	7.7518	0.096393
1663.6	7.7618	0.096147
1663.5	7.7715	0.0959
1663.5	7.7808	0.095653
1663.5	7.7898	0.095405
1663.4	7.7985	0.095158
1663.4	7.807	0.094911
1663.4	7.8151	0.094666
1663.4	7.8229	0.094422
1663.3	7.8306	0.09418
1663.3	7.8379	0.09394
1663.3	7.8451	0.093701
1663.3	7.852	0.093465
1663.2	7.8588	0.093231
1663.2	7.8653	0.093
1663.2	7.8716	0.09277
1663.2	7.8778	0.092544
1663.1	7.8837	0.09232
1663.1	7.8896	0.092099
1663.1	7.8952	0.091881
1663.1	7.9007	0.091665
1663.1	7.9061	0.091452
1663.1	7.9113	0.091242
1663	7.9163	0.091034
1663	7.9213	0.09083
1663	7.9384	0.090055
1663	7.9632	0.088877
1663	7.9891	0.087588
1663	8.0139	0.086296
1663	8.0378	0.084996
1662.6	8.0641	0.083758
1663	8.084	0.082351
1663	8.1058	0.08101
1663	8.1282	0.07967
1663	8.1482	0.078317
1663	8.168	0.076994
1663	8.1882	0.075629
1663	8.2073	0.074292
1663	8.2258	0.07294
1663	8.2443	0.071579
1661.9	8.2649	0.070338
1662.4	8.2806	0.068981
1662.9	8.2957	0.06763
1662.8	8.3125	0.066324
1663	8.3407	0.064883
1663.1	8.3429	0.064804
1663.1	8.3348	0.064685
1663.2	8.3354	0.064587
1663.3	8.3415	0.064381
1663.4	8.3379	0.064243
1663.4	8.3379	0.064105
1663.6	8.3418	0.063798
1663.7	8.3446	0.063622
1663.9	8.3473	0.063229
1664.1	8.3504	0.062947
1665.2	8.3712	0.061009
1665.9	8.3861	0.059623
1666.5	8.3964	0.058667
1667.1	8.4097	0.057434
1671.5	8.6072	0.0502
1674.4	6.3826	0.21378
1672.3	6.7387	0.17887
1671.2	6.8586	0.1618
1666.2	6.9867	0.084228
1666	7.0361	0.086856
1665.9	7.0819	0.089066
1665.7	7.1245	0.090925
1665.6	7.1642	0.092488
1665.5	7.2013	0.0938
1665.4	7.2361	0.094899
1665.2	7.2687	0.095816
1665.1	7.2994	0.096577
1665	7.3284	0.097203
1664.9	7.3557	0.097715
1664.9	7.3815	0.098127
1664.8	7.4059	0.098453
1664.7	7.4291	0.098705
1664.6	7.4511	0.098893
1664.6	7.472	0.099024
1664.5	7.4919	0.099106
1664.4	7.5109	0.099147
1664.4	7.529	0.09915
1664.3	7.5463	0.099121
1664.2	7.5628	0.099065
1664.2	7.5786	0.098984
1664.1	7.5938	0.098882
1664.1	7.6083	0.098762
1664	7.6223	0.098626
1664	7.6357	0.098476
1663.9	7.6485	0.098314
1663.9	7.6609	0.098143
1663.9	7.6729	0.097962
1663.8	7.6843	0.097774
1663.8	7.6954	0.09758
1663.8	7.7061	0.09738
1663.7	7.7164	0.097177
1663.7	7.7264	0.096969
1663.6	7.736	0.096759
1663.6	7.7453	0.096546
1663.6	7.7543	0.096332
1663.6	7.7631	0.096117
1663.5	7.7715	0.0959
1663.5	7.7797	0.095684
1663.5	7.7876	0.095467
1663.4	7.7953	0.095251
1663.4	7.8028	0.095035
1663.4	7.81	0.094819
1663.4	7.8171	0.094605
1663.3	7.8239	0.094392
1663.3	7.8306	0.09418
1663.3	7.837	0.09397
1663.3	7.8433	0.093761
1663.3	7.8495	0.093553
1663.2	7.8554	0.093348
1663.2	7.8612	0.093144
1663.2	7.8669	0.092942
1663.2	7.8949	0.091798
1663.2	7.9229	0.090583
1663.2	7.9502	0.089333
1663.2	7.9765	0.088059
1663.2	8.003	0.086768
1663.2	8.0267	0.085458
1663.2	8.0509	0.084121
1663.2	8.0738	0.08281
1663.2	8.0964	0.081465
1663.2	8.1186	0.080119
1663.2	8.1398	0.078768
1663.2	8.1606	0.077393
1663.2	8.1821	0.075946
1662.3	8.2042	0.074787
1663.2	8.2192	0.07335
1661.9	8.2422	0.072087
1662.7	8.2574	0.070687
1661.8	8.2772	0.069386
1663.1	8.2911	0.067952
1662.8	8.3081	0.066676
1662.8	8.3244	0.065356
1663.1	8.3323	0.06463
1663.2	8.3337	0.064542
1663.2	8.3342	0.064448
1663.3	8.3411	0.064365
1663.5	8.3392	0.063996
1663.6	8.3407	0.06386
1663.8	8.3468	0.063372
1664.4	8.356	0.062425
1664.5	8.3594	0.062112
1665.2	8.3728	0.060864
1665.6	8.3789	0.060299
1665.9	8.3861	0.059623
1667	8.406	0.057775
1668.7	8.4388	0.054729
1670	8.4647	0.052322
1672.4	8.7535	0.049404
1675.5	6.1446	0.23148
1672.6	6.6903	0.18462
1671.7	6.81	0.16935
1670.8	6.8999	0.15432
1666.2	6.9752	0.083579
1666.1	7.02	0.08603
1666	7.0619	0.08813
1665.8	7.1012	0.089932
1665.7	7.138	0.091477
1665.6	7.1727	0.0928
1665.5	7.2053	0.093932
1665.4	7.2361	0.094899
1665.3	7.2652	0.095722
1665.2	7.2928	0.09642
1665.1	7.3189	0.097008
1665	7.3437	0.097501
1664.9	7.3673	0.09791
1664.8	7.3898	0.098245
1664.8	7.4112	0.098515
1664.7	7.4316	0.098729
1664.6	7.4511	0.098893
1664.6	7.4697	0.099012
1664.5	7.4876	0.099092
1664.4	7.5046	0.099138
1664.4	7.521	0.099153
1664.3	7.5368	0.099141
1664.3	7.5519	0.099105
1664.2	7.5664	0.099049
1664.2	7.5803	0.098974
1664.1	7.5938	0.098882
1664.1	7.6067	0.098776
1664	7.6192	0.098657
1664	7.6313	0.098527
1664	7.6429	0.098388
1663.9	7.6541	0.098239
1663.9	7.665	0.098083
1663.9	7.6755	0.097921
1663.8	7.6856	0.097753
1663.8	7.6954	0.09758
1663.8	7.7049	0.097403
1663.7	7.7142	0.097222
1663.7	7.7231	0.097039
1663.7	7.7318	0.096853
1663.6	7.7402	0.096665
1663.6	7.7484	0.096475
1663.6	7.7563	0.096284
1663.6	7.764	0.096093
1663.5	7.7715	0.0959
1663.5	7.7788	0.095708
1663.5	7.7859	0.095515
1663.5	7.7928	0.095323
1663.4	7.7995	0.095131
1663.4	7.806	0.094939
1663.4	7.8139	0.094683
1663.4	7.8496	0.093401
1663.4	7.8797	0.092227
1663.4	7.9086	0.09103
1663.4	7.9362	0.089801
1663.4	7.9634	0.088533
1663.4	7.9904	0.087214
1663.4	8.0151	0.085928
1662.6	8.0465	0.084795
1663.4	8.0622	0.083343
1663.4	8.0858	0.081974
1663.4	8.1095	0.080547
1663.4	8.1296	0.079292
1663.4	8.1523	0.077852
1663.4	8.1733	0.076445
1663.4	8.1938	0.075059
1663.4	8.2128	0.073734
1662	8.2363	0.072496
1663.3	8.2505	0.070982
1663.3	8.2678	0.069687
1663.3	8.2848	0.068377
1663.3	8.3029	0.067021
1663.2	8.3192	0.065684
1663.3	8.3332	0.064517
1663.4	8.338	0.064137
1663.5	8.3478	0.064054
1663.5	8.34	0.063907
1663.6	8.3427	0.063781
1663.7	8.3432	0.06364
1664	8.3517	0.063155
1664.2	8.3523	0.062765
1664.3	8.3596	0.062501
1664.5	8.3582	0.06222
1664.6	8.3614	0.061919
1664.8	8.3657	0.061581
1665.1	8.3693	0.061192
1666.3	8.3939	0.0589
1667.4	8.415	0.05694
1669.2	8.4492	0.053763
1670.6	8.4757	0.051298
1673.3	8.9164	0.048887
1681.1	9.019	0.046035
1674.6	6.3382	0.21729
1672.9	6.6484	0.18924
1671.2	6.8586	0.1618
1670.4	6.9277	0.1484
1666.3	6.9658	0.083042
1666.1	7.0069	0.085334
1666	7.0455	0.087329
1665.9	7.0819	0.089066
1665.8	7.1162	0.090578
1665.7	7.1486	0.091895
1665.6	7.1793	0.093041
1665.5	7.2084	0.094036
1665.4	7.2361	0.094899
1665.3	7.2624	0.095646
1665.2	7.2874	0.096289
1665.1	7.3112	0.096842
1665	7.3339	0.097314
1664.9	7.3557	0.097715
1664.9	7.3764	0.098052
1664.8	7.3963	0.098332
1664.7	7.4153	0.098562
1664.7	7.4336	0.098748
1664.6	7.4511	0.098893
1664.6	7.4679	0.099002
1664.5	7.484	0.099079
1664.5	7.4996	0.099127
1664.4	7.5146	0.09915
1664.4	7.529	0.09915
1664.3	7.5429	0.09913
1664.3	7.5563	0.099091
1664.2	7.5692	0.099035
1664.2	7.5817	0.098965
1664.1	7.5938	0.098882
1664.1	7.6055	0.098787
1664.1	7.6168	0.098682
1664	7.6277	0.098567
1664	7.6383	0.098445
1663.9	7.6485	0.098314
1663.9	7.6585	0.098178
1663.9	7.6681	0.098035
1663.8	7.6775	0.097888
1663.8	7.6866	0.097736
1663.8	7.6954	0.09758
1663.8	7.704	0.097421
1663.7	7.7123	0.097259
1663.7	7.7204	0.097094
1663.7	7.7283	0.096927
1663.6	7.736	0.096759
1663.6	7.7435	0.096589
1663.6	7.7508	0.096418
1663.6	7.768	0.095936
1663.6	7.8011	0.094898
1663.6	7.8329	0.093798
1663.6	7.8636	0.092656
1663.6	7.8905	0.091584
1663.6	7.9219	0.090255
1663.6	7.95	0.088988
1663.6	7.9769	0.087709
1663.6	8.0031	0.086399
1663.6	8.0284	0.085074
1663.6	8.0517	0.083792
1663.6	8.0759	0.082421
1663.6	8.0997	0.081029
1663.6	8.1213	0.079699
1663.6	8.1437	0.078289
1662.2	8.172	0.077078
1663.6	8.2052	0.07417
1663.5	8.2247	0.072794
1663.5	8.2428	0.071482
1663.5	8.2621	0.070049
1663.5	8.2798	0.068718
1663.5	8.3143	0.066007
1663.5	8.3306	0.064688
1663.7	8.3436	0.06358
1663.8	8.3452	0.063441
1664	8.3485	0.063125
1664.3	8.3563	0.062544
1664.4	8.3637	0.062323
1664.7	8.3632	0.061754
1665.1	8.3706	0.061065
1665.4	8.3751	0.060649
1665.6	8.3802	0.060174
1666.7	8.4013	0.058214
1667.2	8.4113	0.057291
1668.7	8.4388	0.05473
1669.7	8.4588	0.052875
1674.7	6.3217	0.21858
1673.9	6.4774	0.20576
1673.1	6.6121	0.19304
1671.6	6.8194	0.16797
1666.3	6.9581	0.08259
1666.2	6.9959	0.08474
1666.1	7.0317	0.086635
1665.9	7.0656	0.088306
1665.8	7.0977	0.089779
1665.7	7.1282	0.091079
1665.6	7.1572	0.092224
1665.5	7.1847	0.093233
1665.4	7.211	0.09412
1665.4	7.2361	0.094899
1665.3	7.26	0.095582
1665.2	7.2829	0.09618
1665.1	7.3048	0.0967
1665.1	7.3258	0.097151
1665	7.3459	0.097541
1664.9	7.3652	0.097876
1664.9	7.3837	0.09816
1664.8	7.4016	0.0984
1664.7	7.4187	0.098599
1664.7	7.4352	0.098762
1664.6	7.4511	0.098893
1664.6	7.4664	0.098993
1664.5	7.4812	0.099067
1664.5	7.4954	0.099117
1664.4	7.5092	0.099145
1664.4	7.5225	0.099153
1664.3	7.5354	0.099143
1664.3	7.5478	0.099117
1664.3	7.5598	0.099077
1664.2	7.5715	0.099024
1664.2	7.5828	0.098958
1664.1	7.5938	0.098882
1664.1	7.6044	0.098796
1664.1	7.6147	0.098702
1664	7.6247	0.0986
1664	7.6345	0.09849
1664	7.6439	0.098374
1663.9	7.6531	0.098253
1663.9	7.662	0.098126
1663.9	7.6707	0.097995
1663.8	7.6792	0.09786
1663.8	7.6874	0.097722
1663.8	7.6954	0.09758
1663.8	7.7098	0.09726
1663.8	7.7481	0.096261
1663.8	7.7822	0.095258
1663.8	7.8161	0.094156
1663.8	7.847	0.093064
1663.8	7.8803	0.091789
1663.8	7.9075	0.090677
1663.8	7.9361	0.089445
1663.8	7.9642	0.088142
1663.8	7.9905	0.086868
1663.8	8.0168	0.085527
1663.8	8.042	0.08421
1663.8	8.0665	0.082819
1662.6	8.0983	0.081705
1663.8	8.1129	0.08012
1663.8	8.1374	0.078574
1663.8	8.1561	0.077374
1663.8	8.1782	0.075922
1663.8	8.1985	0.074543
1663.7	8.2177	0.07321
1663.7	8.237	0.071832
1663.7	8.2564	0.070407
1663.7	8.2745	0.069045
1662.6	8.2957	0.067791
1663.7	8.3103	0.066377
1663.9	8.35	0.063269
1664	8.35	0.063114
1664.2	8.3523	0.062771
1664.3	8.3544	0.06258
1664.4	8.3576	0.062373
1664.5	8.359	0.062142
1664.7	8.3642	0.061897
1665.2	8.3718	0.060957
1665.4	8.376	0.060568
1667.8	7.3121	0.075758
1666.6	8.3997	0.058363
1667.1	8.4083	0.057561
1667.6	8.4227	0.056608
1668.3	8.4314	0.055421
1671.8	8.6549	0.049904
1673.3	6.5804	0.19621
1671.9	6.7829	0.17315
1671.2	6.8586	0.1618
1670.5	6.9178	0.15061
1666.3	6.9516	0.082204
1666.2	6.9867	0.084228
1666.1	7.02	0.08603
1666	7.0517	0.087635
1665.9	7.0819	0.089066
1665.8	7.1106	0.090341
1665.7	7.138	0.091477
1665.6	7.1642	0.092488
1665.5	7.1892	0.093388
1665.4	7.2132	0.094189
1665.4	7.2361	0.094899
1665.3	7.2581	0.095529
1665.2	7.2792	0.096086
1665.1	7.2994	0.096577
1665.1	7.3189	0.097008
1665	7.3376	0.097386
1664.9	7.3557	0.097715
1664.9	7.373	0.098
1664.8	7.3898	0.098245
1664.8	7.4059	0.098453
1664.7	7.4215	0.098629
1664.7	7.4365	0.098774
1664.6	7.4511	0.098893
1664.6	7.4651	0.098986
1664.5	7.4787	0.099056
1664.5	7.4919	0.099106
1664.4	7.5046	0.099138
1664.4	7.517	0.099152
1664.4	7.529	0.09915
1664.3	7.5406	0.099134
1664.3	7.5519	0.099105
1664.2	7.5628	0.099065
1664.2	7.5734	0.099013
1664.2	7.5837	0.098952
1664.1	7.5938	0.098882
1664.1	7.6035	0.098804
1664.1	7.613	0.098718
1664	7.6223	0.098626
1664	7.6313	0.098527
1664	7.64	0.098423
1664	7.6517	0.098251
1664	7.6853	0.097565
1664	7.7272	0.096559
1664	7.7615	0.095646
1664	7.7966	0.094567
1664	7.8311	0.09343
1664	7.8616	0.0923
1664	7.8918	0.091119
1664	7.9203	0.089929
1664	7.9431	0.088914
1664	7.9766	0.087367
1664	8.0045	0.085994
1664.6	7.4582	0.09889
1664	8.0545	0.083342
1664	8.0781	0.082012
1662.4	8.1142	0.080853
1664	8.1259	0.079193
1664	8.1484	0.077813
1662.1	8.1791	0.076623
1663.7	8.1918	0.07505
1664	8.2107	0.073627
1663.9	8.2305	0.072241
1663.9	8.2489	0.070881
1662.2	8.2737	0.069567
1663.6	8.2872	0.068109
1663.9	8.3043	0.066692
1663.9	8.3473	0.063236
1664	8.3519	0.063106
1664.2	8.3562	0.062798
1664.3	8.356	0.062618
1666.5	6.9698	0.081357
1664.9	8.3661	0.061487
1665.4	8.3767	0.060498
1665.7	8.3817	0.060089
1665.9	8.3861	0.059623
1667	8.406	0.057775
1668	8.4258	0.055942
1668.7	8.4388	0.054729
1670.6	8.4757	0.051298
1674.2	6.4319	0.21001
1672.8	6.6583	0.18817
1672.2	6.7493	0.17754
1670.9	6.8879	0.15662
1670.3	6.9363	0.14636
1666.3	6.946	0.081871
1666.2	6.9787	0.083781
1666.1	7.0099	0.085497
1666	7.0397	0.08704
1665.9	7.0681	0.088426
1665.8	7.0953	0.089673
1665.7	7.1213	0.090793
1665.7	7.1462	0.0918
1665.6	7.1701	0.092705
1665.5	7.193	0.093518
1665.4	7.215	0.094246
1665.4	7.2361	0.094899
1665.3	7.2564	0.095483
1665.2	7.276	0.096004
1665.2	7.2948	0.096469
1665.1	7.313	0.096881
1665	7.3305	0.097247
1665	7.3474	0.097569
1664.9	7.3638	0.097852
1664.9	7.3795	0.098099
1664.8	7.3948	0.098313
1664.8	7.4095	0.098497
1664.7	7.4238	0.098653
1664.7	7.4377	0.098784
1664.6	7.4511	0.098893
1664.6	7.4641	0.098979
1664.5	7.4767	0.099047
1664.5	7.4889	0.099097
1664.5	7.5008	0.09913
1664.4	7.5123	0.099148
1664.4	7.5235	0.099153
1664.3	7.5344	0.099144
1664.3	7.545	0.099125
1664.3	7.5553	0.099094
1664.2	7.5653	0.099054
1664.2	7.575	0.099005
1664.2	7.5845	0.098947
1664.1	7.5938	0.098882
1664.2	7.6031	0.098761
1664.2	7.6673	0.097658
1664.2	7.7064	0.096876
1664.2	7.7423	0.095897
1664.4	7.5747	0.098816
1664.2	7.8112	0.093845
1664.5	7.5593	0.098768
1664.2	7.8755	0.091546
1664.2	7.9094	0.090182
1664.2	7.9359	0.08905
1664.2	7.9644	0.087756
1664.2	7.9914	0.086476
1664.2	8.019	0.085076
1664.2	8.0417	0.083882
1664.2	8.0692	0.082377
1664.2	8.0935	0.080982
1664.2	8.1167	0.079611
1664.2	8.1395	0.078262
1664.2	8.1608	0.076848
1664.1	8.1824	0.075448
1662.1	8.2126	0.074241
1664.1	8.2237	0.072653
1664	8.2435	0.071259
1661.9	8.2695	0.069989
1664.1	8.2818	0.068405
1664.1	8.2996	0.067003
1664.1	8.316	0.065717
1664.1	8.3499	0.062983
1664.2	8.3525	0.062801
1664.3	8.3566	0.062472
1664.4	8.358	0.062286
1664.6	8.3619	0.062092
1664.7	8.3662	0.061882
1665.3	8.3737	0.060783
1665.5	8.3774	0.060438
1665.7	8.3815	0.060054
1666.2	8.392	0.059139
1666.5	8.3973	0.058584
1669.3	7.7003	0.070391
1667.3	8.4121	0.057212
1670.4	7.9874	0.067038
1668.3	8.4325	0.05532
1669	8.4459	0.054076
1671	8.5369	0.050703
1673	8.8593	0.049026
1674.9	6.2855	0.22133
1673.8	6.4995	0.20379
1671.8	6.7947	0.17152
1666.3	6.9718	0.083389
1666.2	7.0012	0.085026
1666.1	7.0292	0.086508
1666	7.0561	0.08785
1665.9	7.0819	0.089066
1665.8	7.1066	0.090167
1665.7	7.1303	0.091165
1665.6	7.1531	0.092069
1665.6	7.175	0.092887
1665.5	7.1962	0.093627
1665.4	7.2165	0.094295
1665.4	7.2361	0.094899
1665.3	7.255	0.095444
1665.2	7.2732	0.095934
1665.2	7.2908	0.096374
1665.1	7.3079	0.096768
1665.1	7.3243	0.097121
1665	7.3402	0.097436
1664.9	7.3557	0.097715
1664.9	7.3706	0.097962
1664.8	7.385	0.098179
1664.8	7.3991	0.098368
1664.8	7.4126	0.098532
1664.7	7.4258	0.098673
1664.7	7.4386	0.098793
1664.6	7.4511	0.098893
1664.6	7.4631	0.098974
1664.5	7.4749	0.099038
1664.5	7.4863	0.099087
1664.5	7.4974	0.099122
1664.4	7.5082	0.099143
1664.4	7.5187	0.099152
1664.4	7.529	0.09915
1664.3	7.5389	0.099137
1664.3	7.548	0.099087
1664.3	7.5927	0.09868
1664.4	7.5317	0.099081
1664.4	7.6823	0.097052
1664.4	7.7203	0.096186
1664.4	7.7569	0.095235
1664.6	7.5808	0.098405
1664.6	7.604	0.098169
1664.7	7.5755	0.098237
1664.4	7.89	0.090766
1664.4	7.9209	0.089494
1664.4	7.9492	0.088266
1664.4	8.0052	0.085609
1664.4	8.0317	0.084251
1662.8	8.0708	0.083239
1664.4	8.0825	0.081502
1664.4	8.1062	0.080101
1664.4	8.1299	0.078708
1662.3	8.1646	0.077575
1664.4	8.174	0.07588
1664.4	8.1958	0.074487
1663.9	8.2183	0.073104
1662.1	8.2448	0.071817
1664.3	8.255	0.070276
1664.3	8.2744	0.068851
1664.3	8.2948	0.067306
1664.2	8.3116	0.066074
1663.1	8.3311	0.064725
1664.3	8.3454	0.063313
1664.4	8.3572	0.06234
1664.5	8.3589	0.062159
1664.6	8.3635	0.061972
1664.9	8.3657	0.061527
1665	8.3683	0.061279
1665.3	8.3744	0.060712
1665.5	8.3779	0.060386
1665.7	8.3907	0.060049
1666.2	8.391	0.059174
1666.8	8.4026	0.058092
1669.6	7.792	0.069266
1667.6	8.4179	0.056673
1668.1	8.4275	0.055783
1670.2	8.4693	0.0519
1671.5	8.6072	0.0502
1673.7	8.9775	0.048785
1683.4	9.2682	0.042037
1675.5	6.1428	0.2316
1670.4	6.9277	0.1484
1666.3	6.9658	0.083042
1666.2	6.9935	0.084605
1666.1	7.02	0.08603
1666	7.0455	0.087329
1665.9	7.07	0.088513
1665.8	7.0935	0.089593
1665.8	7.1162	0.090579
1665.7	7.138	0.091477
1665.6	7.159	0.092295
1665.6	7.1793	0.093041
1665.5	7.1989	0.09372
1665.4	7.2178	0.094338
1665.4	7.2361	0.094899
1665.3	7.2538	0.095409
1665.2	7.2708	0.095871
1665.2	7.2874	0.096289
1665.1	7.3034	0.096667
1665.1	7.3189	0.097008
1665	7.3339	0.097314
1665	7.3485	0.097589
1664.9	7.3627	0.097834
1664.9	7.3764	0.098052
1664.8	7.3898	0.098245
1664.8	7.4027	0.098414
1664.7	7.4153	0.098562
1664.7	7.4276	0.098691
1664.7	7.4395	0.0988
1664.6	7.4511	0.098892
1664.6	7.4624	0.098969
1664.5	7.4733	0.099031
1664.5	7.484	0.099079
1664.5	7.4945	0.099114
1664.5	7.5293	0.098918
1664.5	7.5332	0.098825
1664.6	7.5761	0.098474
1664.6	7.6579	0.097238
1664.6	7.6983	0.096464
1664.6	7.7343	0.095571
1664.6	7.7718	0.094543
1664.6	7.7982	0.093741
1664.6	7.8406	0.09236
1664.7	7.8721	0.091219
1664.7	7.906	0.089922
1664.7	7.9342	0.08872
1664.7	7.9639	0.087404
1664.7	7.992	0.086071
1664.6	8.0193	0.084721
1664.6	8.0455	0.083357
1664.6	8.0715	0.081942
1664.6	8.0958	0.080563
1664	8.1246	0.079271
1664.6	8.1433	0.077724
1664.6	8.1655	0.07632
1664.6	8.1871	0.074903
1664.6	8.2086	0.073463
1664.3	8.2334	0.072145
1662.9	8.2555	0.070763
1661.8	8.2773	0.069388
1664.5	8.2871	0.067823
1662.5	8.311	0.066509
1664.4	8.3236	0.065032
1664.5	8.3576	0.062269
1664.6	8.3601	0.062044
1664.8	8.3676	0.06166
1665.2	8.3721	0.060932
1665.7	8.3823	0.06
1668.2	7.4023	0.074421
1666.4	8.3958	0.058739
1667	8.4077	0.057619
1667.9	8.4235	0.056157
1668.4	8.4333	0.055244
1669	8.4449	0.054167
1670.6	8.4757	0.051298
1671.9	8.6791	0.049768
1673.9	6.4865	0.20496
1673.3	6.5772	0.19651
1672.8	6.6644	0.18751
1671.8	6.8034	0.1703
1671.2	6.8586	0.1618
1670.7	6.9045	0.15339
1670.2	6.9414	0.14509
1666.3	6.9605	0.082732
1666.2	6.9867	0.084228
1666.1	7.0118	0.085599
1666	7.0361	0.086856
1666	7.0594	0.088008
1665.9	7.0819	0.089066
1665.8	7.1035	0.090036
1665.7	7.1245	0.090925
1665.7	7.1447	0.091741
1665.6	7.1642	0.092488
1665.5	7.1831	0.093173
1665.5	7.2013	0.0938
1665.4	7.219	0.094374
1665.4	7.2361	0.094899
1665.3	7.2527	0.095379
1665.2	7.2687	0.095816
1665.2	7.2843	0.096214
1665.1	7.2994	0.096577
1665.1	7.3141	0.096905
1665	7.3284	0.097203
1665	7.3422	0.097473
1664.9	7.3557	0.097715
1664.9	7.3687	0.097933
1664.9	7.3815	0.098127
1664.8	7.3938	0.0983
1664.8	7.4059	0.098453
1664.7	7.4176	0.098588
1664.7	7.4291	0.098705
1664.7	7.4402	0.098806
1664.6	7.4511	0.098893
1664.4	7.5057	0.099123
1664.7	7.546	0.098371
1664.8	7.566	0.098226
1664.8	7.6735	0.096632
1664.9	7.3647	0.097868
1664.9	7.8166	0.092902
1664.9	7.8878	0.090388
1664.9	7.9196	0.089116
1664.9	7.95	0.087817
1664.9	7.9783	0.086536
1664.9	8.0082	0.085094
1664.9	8.0349	0.083766
1664.9	8.0618	0.082311
1664.9	8.085	0.081028
1664.8	8.111	0.079527
1664.8	8.1565	0.076766
1664.8	8.1778	0.075401
1664.8	8.2007	0.073908
1664.8	8.223	0.07237
1664.8	8.2632	0.069642
1664.8	8.2811	0.068198
1663	8.3052	0.066872
1664.7	8.336	0.063983
1664.7	8.3531	0.062593
1664.9	8.3666	0.06156
1665	8.3678	0.061343
1665.1	8.3706	0.061114
1665.4	8.3841	0.060617
1666.1	8.3904	0.059233
1666.4	8.395	0.0588
1666.7	8.4003	0.058317
1667	8.4061	0.057775
1668.1	8.4288	0.055662
1668.7	8.4388	0.054729
1669.3	8.4506	0.053631
1670	8.4647	0.052322
1670.9	8.523	0.050812
1680.4	8.9944	0.047254
1675	6.2617	0.22354
1673	6.6407	0.19006
1672.5	6.7136	0.18191
1671.5	6.8338	0.16582
1670.5	6.9208	0.14996
1666.3	6.9558	0.082454
1666.2	6.9806	0.083887
1666.1	7.0045	0.085208
1666.1	7.0276	0.086424
1666	7.0499	0.087546
1665.9	7.0714	0.08858
1665.8	7.0922	0.089533
1665.8	7.1122	0.090411
1665.7	7.1317	0.091221
1665.6	7.1505	0.091967
1665.6	7.1687	0.092655
1665.5	7.1863	0.093288
1665.5	7.2034	0.093871
1665.4	7.22	0.094407
1665.4	7.2361	0.094899
1665.3	7.2517	0.095352
1665.3	7.2669	0.095766
1665.2	7.2816	0.096147
1665.2	7.2959	0.096494
1665.1	7.3098	0.096812
1665.1	7.3234	0.097102
1665	7.3366	0.097365
1665	7.3494	0.097604
1664.9	7.3619	0.09782
1664.9	7.374	0.098015
1664.8	7.3859	0.098191
1664.8	7.3974	0.098347
1664.8	7.4137	0.098447
1664.9	7.5092	0.098072
1664.9	7.3644	0.097844
1665	7.6003	0.097562
1665	7.334	0.097314
1665	7.6891	0.09601
1665	7.7283	0.095127
1665.1	7.766	0.094154
1665.1	7.8021	0.093104
1665.1	7.8369	0.091982
1665.1	7.8704	0.090804
1665.1	7.9051	0.089474
1665.1	7.9337	0.088302
1665.1	7.9614	0.087091
1665.1	7.9927	0.085652
1664.9	8.0224	0.084335
1665	8.0482	0.082914
1663	8.0909	0.081937
1665.1	8.099	0.080079
1663.7	8.1334	0.078886
1665.1	8.1471	0.077223
1665.1	8.1729	0.075727
1665	8.2141	0.072899
1662	8.2471	0.071687
1665	8.2552	0.070018
1665	8.2749	0.068581
1661.7	8.3033	0.067308
1665	8.3128	0.065729
1664.9	8.331	0.064328
1664.9	8.3486	0.062921
1665	8.3685	0.061264
1665.1	8.371	0.061042
1665.3	8.3735	0.060802
1665.4	8.3763	0.060544
1665.6	8.3793	0.060263
1665.7	8.3827	0.059957
1668.2	7.4023	0.074421
1668.4	7.4677	0.073487
1666.4	8.3944	0.058853
1666.9	8.4046	0.057908
1667.2	8.4126	0.057355
1670.1	7.9199	0.067782
1667.9	8.4251	0.056006
1668.4	8.4339	0.055186
1668.9	8.4482	0.054244
1670.3	8.4704	0.051797
1672.8	8.832	0.049109
1684.3	9.4044	0.04058
1674.5	6.3581	0.21576
1674	6.4529	0.20789
1673.6	6.5399	0.20009
1673.1	6.6193	0.19269
1672.2	6.7549	0.17766
1670.8	6.8999	0.15432
1670.3	6.9343	0.14705
1666.3	6.9516	0.082204
1666.2	6.9752	0.083579
1666.2	6.998	0.084852
1666.1	7.02	0.08603
1666	7.0413	0.08712
1666	7.0619	0.08813
1665.9	7.0819	0.089066
1665.8	7.1012	0.089932
1665.8	7.1199	0.090734
1665.7	7.138	0.091477
1665.6	7.1556	0.092164
1665.6	7.1727	0.0928
1665.5	7.1892	0.093388
1665.5	7.2053	0.093932
1665.4	7.2209	0.094435
1665.4	7.2361	0.094899
1665.3	7.2509	0.095327
1665.3	7.2652	0.095722
1665.2	7.2792	0.096086
1665.2	7.2928	0.09642
1665.1	7.306	0.096727
1665.1	7.3189	0.097008
1665	7.3315	0.097266
1665	7.3437	0.097501
1664.9	7.3557	0.097715
1664.9	7.3619	0.097815
1665.1	7.3249	0.097054
1665.1	7.3058	0.096723
1665.4	7.2327	0.094797
1665.3	7.8565	0.091046
1665.3	7.8855	0.090008
1665.3	7.9176	0.088746
1665.3	7.9512	0.087327
1665.3	7.9802	0.086084
1665.3	8.0073	0.084753
1665.3	8.037	0.083266
1665.3	8.062	0.081964
1662.5	8.1095	0.081085
1665.3	8.1139	0.079132
1665.3	8.1374	0.07767
1662.4	8.1777	0.076592
1665.2	8.1842	0.074781
1665.3	8.2069	0.073317
1665.2	8.2274	0.071864
1662.2	8.2601	0.070638
1665.2	8.288	0.067548
1665.2	8.3075	0.066106
1663.4	8.3302	0.064743
1665.1	8.3436	0.063255
1665	8.3614	0.061852
1665.2	8.3716	0.060977
1665.3	8.3741	0.060747
1665.6	8.3816	0.060235
1665.8	8.3828	0.059939
1666.1	8.3899	0.059278
1666.3	8.3939	0.0589
1666.6	8.3984	0.058484
1666.8	8.4034	0.058024
1669.6	7.7781	0.069433
1667.4	8.415	0.05694
1667.8	8.422	0.056296
1668.2	8.4298	0.055565
1669.2	8.4492	0.053763
1670.6	8.4757	0.051298
1673.3	8.9164	0.048887
1684.5	9.4412	0.040183
1675	6.2498	0.2248
1674.6	6.3477	0.21655
1673.2	6.599	0.19445
1671.4	6.8365	0.16537
1671	6.8791	0.15825
1670.6	6.9151	0.15122
1670.2	6.9448	0.14422
1666.3	6.9477	0.081977
1666.3	6.9703	0.083298
1666.2	6.9921	0.084526
1666.1	7.0131	0.085668
1666	7.0336	0.086728
1666	7.0533	0.087715
1665.9	7.0725	0.088632
1665.9	7.0911	0.089484
1665.8	7.1091	0.090277
1665.7	7.1266	0.091014
1665.7	7.1436	0.091699
1665.6	7.1601	0.092336
1665.6	7.1762	0.092928
1665.5	7.1918	0.093477
1665.5	7.207	0.093987
1665.4	7.2217	0.09446
1665.4	7.2361	0.094899
1665.3	7.2501	0.095306
1665.3	7.2637	0.095682
1665.2	7.277	0.09603
1665.2	7.2899	0.096352
1665.1	7.3026	0.096648
1665.1	7.3149	0.096922
1665.1	7.3226	0.097069
1665.1	7.3073	0.096756
1665.2	7.2817	0.096121
1665.3	7.2663	0.095751
1665.3	7.2524	0.09537
1665.3	7.2382	0.094962
1665.4	7.2095	0.094072
1665.5	7.1811	0.093085
1665.5	7.833	0.091586
1665.5	7.867	0.090423
1665.6	7.9081	0.088985
1665.6	7.9327	0.087891
1665.6	7.9643	0.086538
1665.6	7.9932	0.085227
1665.6	8.0219	0.083838
1665.5	8.0496	0.082433
1665.5	8.0765	0.081015
1665.5	8.1058	0.07937
1665.5	8.1273	0.078129
1665.5	8.1527	0.076594
1665.5	8.1743	0.075248
1665.5	8.1976	0.073752
1665.5	8.2206	0.072308
1665.5	8.2406	0.070845
1665.4	8.2616	0.06937
1665.4	8.2817	0.067917
1665.4	8.3013	0.06647
1665.4	8.3203	0.065031
1665.4	8.3384	0.063602
1665.3	8.3564	0.062174
1665.5	8.3772	0.060457
1665.8	8.3851	0.059929
1665.9	8.3861	0.059623
1666.1	8.3897	0.059297
1666.3	8.3935	0.058942
1666.5	8.3977	0.058552
1666.8	8.4024	0.058125
1667	8.4076	0.057653
1667.3	8.413	0.057128
1670.2	7.9522	0.067422
1668	8.4264	0.055884
1669.4	8.4541	0.05331
1670.1	8.4664	0.052169
1670.9	8.5137	0.050887
1672	8.6937	0.04969
1675.1	6.2447	0.22476
1673.8	6.5034	0.20344
1672.1	6.7657	0.17543
1670.8	6.8961	0.15507
1670.4	6.9277	0.1484
1666.3	6.9658	0.083042
1666.2	6.9867	0.084228
1666.1	7.0069	0.085334
1666.1	7.0265	0.086366
1666	7.0455	0.087329
1665.9	7.0639	0.088227
1665.9	7.0819	0.089066
1665.8	7.0993	0.089848
1665.8	7.1162	0.090579
1665.7	7.1326	0.09126
1665.7	7.1486	0.091895
1665.6	7.1642	0.092488
1665.6	7.1793	0.093041
1665.5	7.1941	0.093556
1665.5	7.2085	0.094036
1665.4	7.2224	0.094483
1665.4	7.2361	0.094899
1665.3	7.2494	0.095286
1665.3	7.2624	0.095646
1665.2	7.275	0.09598
1665.2	7.2698	0.095843
1665.3	7.2508	0.0952
1665.7	7.1463	0.091799
1665.8	7.914	0.088418
1665.8	7.9506	0.086902
1665.8	7.979	0.0857
1665.8	8.0081	0.084313
1665.8	8.0363	0.082924
1665.8	8.0643	0.08148
1665.7	8.0915	0.080056
1665.8	8.1202	0.078378
1665.7	8.1417	0.077133
1665.7	8.1657	0.075659
1665.7	8.189	0.074181
1662.1	8.229	0.073062
1665.6	8.234	0.071254
1665.7	8.258	0.069557
1665.7	8.2753	0.068294
1662.7	8.3045	0.066998
1662.9	8.3222	0.06551
1665.6	8.3337	0.063911
1667.4	7.2178	0.077216
1665.6	8.3693	0.061079
1665.6	8.3802	0.060174
1665.8	8.3831	0.05991
1666.1	8.3895	0.059314
1666.3	8.3931	0.058979
1666.5	8.3971	0.058613
1669.1	7.6532	0.07099
1667	8.406	0.057775
1667.2	8.4112	0.057291
1667.5	8.417	0.056755
1668.2	8.4309	0.055487
1669.1	8.4481	0.053866
1685	9.4615	0.039488
1675.1	6.2401	0.22565
1673.4	6.5633	0.1979
1673.3	6.6393	0.18963
1672.2	6.7453	0.17805
1671.8	6.7947	0.17152
1671.4	6.8387	0.16503
1671	6.8772	0.15859
1670.6	6.9103	0.1522
1666.3	6.9618	0.082806
1666.2	6.9818	0.083953
1666.2	7.0012	0.085026
1666.1	7.02	0.08603
1666	7.0383	0.08697
1666	7.0561	0.08785
1665.9	7.0734	0.088674
1665.9	7.0902	0.089445
1665.8	7.1066	0.090167
1665.7	7.1225	0.090844
1665.7	7.138	0.091477
1665.6	7.1531	0.092069
1665.6	7.1678	0.092623
1665.5	7.1822	0.093142
1665.5	7.1962	0.093627
1665.4	7.2098	0.09408
1665.4	7.2231	0.094504
1665.4	7.2361	0.094899
1665.3	7.2479	0.095237
1665.5	7.2098	0.094058
1665.5	7.1958	0.093612
1665.6	7.1691	0.092668
1665.6	7.1555	0.092162
1665.7	7.142	0.091633
1665.8	7.1005	0.089901
1666.1	7.0293	0.086509
1666.1	7.0147	0.085752
1666	8.0233	0.083368
1666.2	6.9854	0.084154
1666	8.1052	0.079076
1666.4	6.9515	0.081682
1666	8.1559	0.076113
1666	8.18	0.074621
1666	8.203	0.073148
1665.9	8.2257	0.071656
1665.9	8.2521	0.069833
1665.9	8.2685	0.068732
1665.9	8.2887	0.067226
1665.8	8.3111	0.065577
1665.8	8.3467	0.062846
1667.8	7.3079	0.075821
1665.9	8.3861	0.059623
1668.4	7.4547	0.07367
1666.3	8.3927	0.059012
1666.7	8.4005	0.058293
1666.9	8.405	0.057884
1669.6	7.792	0.069266
1667.7	8.4209	0.056393
1668.1	8.4275	0.055783
1668.4	8.4349	0.055102
1668.9	8.4431	0.054332
1669.4	8.4525	0.053459
1669.9	8.4633	0.052457
1671.5	8.6072	0.0502
1672.7	8.8159	0.049162
1679.6	8.9742	0.048701
1675.1	6.2359	0.22623
1672.8	6.6716	0.18672
1670.9	6.8929	0.15568
1666.3	6.9581	0.082589
1666.2	6.9773	0.083699
1666.2	6.9959	0.08474
1666.1	7.0141	0.085717
1666.1	7.0317	0.086635
1666	7.0489	0.087497
1665.9	7.0656	0.088306
1665.9	7.0819	0.089066
1665.8	7.0977	0.089779
1665.8	7.1131	0.09045
1665.7	7.1282	0.091079
1665.7	7.1429	0.091669
1665.6	7.1572	0.092224
1665.6	7.1711	0.092744
1665.5	7.1847	0.093232
1665.5	7.198	0.09369
1665.4	7.211	0.09412
1665.5	7.2023	0.093833
1665.5	7.1897	0.093404
1665.6	7.1641	0.092486
1665.6	7.1513	0.091996
1665.7	7.1382	0.091484
1665.7	7.1254	0.090959
1665.8	7.1119	0.090395
1665.8	7.0986	0.089817
1666	7.0581	0.087944
1666.2	7.0028	0.085112
1666.3	6.9746	0.083546
1663.4	8.0655	0.083141
1666.2	8.0673	0.080992
1666.3	8.094	0.079521
1666.2	8.1203	0.078049
1666.2	8.1461	0.076555
1666.1	8.171	0.075091
1666.2	8.1946	0.07359
1666.2	8.222	0.07177
1665.9	8.2446	0.070689
1666.2	8.2618	0.069087
1663.2	8.293	0.067798
1666.1	8.3023	0.06614
1666.1	8.3224	0.064657
1666.1	8.3412	0.063189
1668	7.3417	0.075249
1666	8.3779	0.060283
1666.1	8.3892	0.059343
1666.3	8.3925	0.059042
1666.4	8.3959	0.058716
1666.6	8.3997	0.058363
1666.8	8.4038	0.05798
1669.9	7.8514	0.068565
1667.9	8.4247	0.056041
1671.5	8.2857	0.064065
1669.1	8.4472	0.053949
1671.8	8.6549	0.049904
1674.3	9.0804	0.048719
1691.4	10.427	0.031792
1674.4	6.392	0.21299
1674	6.4647	0.20687
1673.6	6.5326	0.20081
1673.2	6.5957	0.19469
1672.9	6.6542	0.18881
1672.5	6.7076	0.18262
1672.1	6.7565	0.17664
1671.4	6.8405	0.16476
1671.1	6.8756	0.15887
1670.7	6.9063	0.15303
1670.3	6.9326	0.14724
1666.3	6.9547	0.082389
1666.3	6.9731	0.083463
1666.2	6.9911	0.084474
1666.1	7.0086	0.085426
1666.1	7.0256	0.086322
1666	7.0422	0.087166
1666	7.0584	0.08796
1665.9	7.0741	0.088708
1665.9	7.0895	0.089413
1665.8	7.1045	0.090076
1665.8	7.1191	0.0907
1665.7	7.1333	0.091288
1665.7	7.1473	0.091842
1665.6	7.1608	0.092363
1665.6	7.1741	0.092853
1665.6	7.172	0.092775
1665.6	7.1597	0.092318
1665.7	7.1224	0.090835
1665.8	7.0968	0.08974
1665.9	7.084	0.089163
1665.9	7.0711	0.088564
1666	7.045	0.087302
1666.1	7.0052	0.085243
1666.3	6.9511	0.082174
1666.5	6.9481	0.081496
1666.5	8.0824	0.079997
1666.5	8.109	0.078514
1666.5	8.1355	0.077033
1666.5	8.1605	0.07553
1667	7.1092	0.078973
1662.4	8.2291	0.072926
1666.2	8.2332	0.071046
1662.3	8.2704	0.069809
1666.4	8.2756	0.06798
1666.4	8.3012	0.066147
1666.3	8.3164	0.065004
1665.9	8.3376	0.063565
1666.3	8.3551	0.062069
1666.3	8.3732	0.060602
1666.3	8.392	0.059077
1666.4	8.3954	0.05876
1666.6	8.3997	0.058428
1666.8	8.4029	0.058066
1667	8.4071	0.057674
1669.8	7.8256	0.068867
1670.1	7.887	0.068013
1667.8	8.4226	0.056267
1668.1	8.4284	0.055699
1668.5	8.4435	0.055088
1669.3	8.4513	0.053579
1669.8	8.461	0.052688
1670.4	8.4717	0.05167
1671.1	8.5469	0.050626
1672.1	8.7036	0.049639
1673.6	8.9525	0.048821
1675.1	6.2282	0.22557
1674.8	6.3905	0.21342
1673.7	6.5189	0.20205
1673.3	6.5804	0.19621
1672.3	6.7387	0.17887
1671.9	6.7829	0.17314
1671.6	6.8228	0.16746
1671.2	6.8586	0.1618
1670.5	6.9178	0.15061
1666.3	6.9515	0.082204
1666.3	6.9693	0.083245
1666.2	6.9867	0.084228
1666.2	7.0036	0.085155
1666.1	7.02	0.08603
1666	7.0361	0.086856
1666	7.0517	0.087635
1665.9	7.067	0.088371
1665.9	7.0819	0.089066
1665.8	7.0964	0.089722
1665.8	7.1106	0.090341
1665.7	7.1245	0.090925
1665.7	7.138	0.091477
1665.7	7.1436	0.0917
1665.7	7.1317	0.091221
1665.8	7.1196	0.090722
1665.8	7.1074	0.090205
1665.8	7.0952	0.089669
1665.9	7.0829	0.089113
1665.9	7.0705	0.088539
1666	7.0581	0.087944
1666	7.0455	0.087329
1666.1	7.0202	0.086039
1666.2	6.9817	0.083947
1666.3	6.9687	0.083206
1666.3	6.9556	0.082444
1666.4	6.9476	0.081769
1666.5	6.9919	0.08097
1663.3	8.1248	0.07965
1666.7	8.1244	0.077479
1666.1	8.1801	0.074574
1666.7	8.2	0.072967
1666.7	8.2234	0.071427
1663.5	8.2606	0.07019
1666.6	8.2681	0.068398
1665.9	8.2925	0.066951
1666.6	8.3099	0.065399
1663.5	8.3387	0.064024
1668.3	7.448	0.073766
1668.5	7.4967	0.073081
1666.1	8.3875	0.059468
1668.9	7.6051	0.071616
1666.8	8.4063	0.058154
1669.4	7.7313	0.070006
1667.2	8.4104	0.057375
1667.4	8.415	0.05694
1667.7	8.4202	0.056464
1671	8.168	0.065186
1669.1	8.4465	0.054018
1671.3	8.587	0.050336
1672.4	8.7535	0.049404
1674	9.0302	0.048735
1682.6	9.1091	0.043317
1675.1	6.2252	0.22627
1674.8	6.3016	0.22012
1674.1	6.442	0.20885
1671.7	6.8058	0.16995
1671.4	6.842	0.16452
1671.1	6.8743	0.1591
1670.7	6.9029	0.15373
1670.4	6.9277	0.1484
1666.3	6.9487	0.082031
1666.3	6.9658	0.083042
1666.2	6.9826	0.083997
1666.2	6.9989	0.0849
1666.1	7.0148	0.085755
1666.1	7.0303	0.086564
1666	7.0455	0.087328
1666	7.0603	0.088052
1665.9	7.0748	0.088737
1665.9	7.0889	0.089385
1665.8	7.1027	0.089998
1665.8	7.1162	0.090579
1665.8	7.1055	0.09012
1665.8	7.0937	0.089603
1665.9	7.082	0.089069
1666	7.046	0.087354
1666	7.0339	0.086746
1666.1	7.0217	0.086119
1666.1	7.0095	0.085472
1666.2	6.9972	0.084807
1666.2	6.9848	0.084121
1666.3	6.9723	0.083416
1666.3	6.9598	0.082691
1666.3	6.9472	0.081945
1666.7	6.9831	0.080783
1666.9	6.9596	0.08082
1666.9	7.0743	0.079557
1662.4	8.1217	0.080359
1667	8.1125	0.077954
1667	8.1439	0.076173
1663.5	8.1876	0.075404
1667	8.1902	0.073403
1666.9	8.2152	0.07182
1665.1	8.2473	0.070519
1666.9	8.2877	0.066926
1668.2	7.4023	0.074421
1663.5	8.3341	0.064409
1666.8	8.3444	0.062723
1666.8	8.3637	0.061228
1666.8	8.3821	0.059772
1667.1	8.4091	0.057491
1667.3	8.4135	0.057084
1670.2	7.9345	0.067619
1667.9	8.4235	0.056157
1668.2	8.4293	0.055627
1668.5	8.4354	0.055043
1668.8	8.4425	0.054398
1669.2	8.4501	0.053679
1670.8	8.5021	0.050983
1671.6	8.6275	0.050069
1672.7	8.8053	0.0492
1674.3	9.0811	0.048719
1682.8	9.1524	0.042963
1694.2	10.591	0.030424
1675.2	6.2223	0.22826
1673.8	6.494	0.20429
1673.5	6.5526	0.19904
1672.5	6.7056	0.18285
1672.5	6.7133	0.18194
1671.9	6.7899	0.17268
1671.6	6.8257	0.16702
1671.2	6.8586	0.1618
1670.6	6.9138	0.15147
1670.3	6.9363	0.14636
1666.3	6.946	0.081871
1666.3	6.9626	0.082852
1666.2	6.9787	0.083781
1666.2	6.9945	0.084662
1666.1	7.0099	0.085497
1666.1	7.025	0.086289
1666	7.0397	0.087039
1666	7.0541	0.087751
1665.9	7.0681	0.088426
1665.9	7.0819	0.089066
1665.9	7.081	0.089026
1665.9	7.0696	0.088494
1666	7.0581	0.087944
1666	7.0348	0.086793
1666.1	7.0231	0.086192
1666.1	7.0114	0.085573
1666.2	6.9995	0.084936
1666.2	6.9876	0.084281
1666.2	6.9757	0.083608
1666.3	6.9637	0.082916
1666.3	6.9516	0.082205
1666.5	6.9731	0.081298
1666.5	6.9938	0.080937
1666.6	7.0152	0.080565
1666.8	7.0608	0.079785
1666.9	7.085	0.079376
1667	7.1103	0.078954
1667.1	8.1297	0.076946
1667.2	8.1546	0.075388
1662.9	8.2062	0.07438
1667.2	8.2039	0.07239
1662.4	8.2519	0.071192
1667.2	8.257	0.068923
1667.2	8.2809	0.067469
1668.5	7.489	0.073188
1667	8.3386	0.063115
1667	8.3581	0.061591
1669.1	7.6418	0.071137
1667	8.3959	0.058606
1667.1	8.408	0.057595
1667.5	8.4171	0.056799
1667.8	8.4214	0.056348
1668	8.4272	0.055858
1671.5	8.2874	0.06405
1670.4	8.4722	0.051628
1671.8	8.6687	0.049825
1673	8.8593	0.049026
1675.3	6.4466	0.20811
1672.9	6.6436	0.18978
1672.6	6.6903	0.18462
1672.3	6.7336	0.17951
1671.4	6.8432	0.16431
1671.1	6.8732	0.1593
1670.8	6.8999	0.15432
1670.5	6.9234	0.14938
1666.3	6.9595	0.082674
1666.2	6.9752	0.083579
1666.2	6.9905	0.084438
1666.1	7.0054	0.085254
1666.1	7.02	0.08603
1666	7.0343	0.086766
1666	7.0483	0.087466
1666	7.0581	0.087944
1666	7.0469	0.087399
1666	7.0357	0.086837
1666.1	7.0244	0.08626
1666.1	7.0131	0.085666
1666.2	7.0017	0.085055
1666.2	6.9903	0.084428
1666.2	6.9788	0.083784
1666.3	6.9672	0.083123
1666.3	6.9556	0.082444
1666.4	6.9462	0.081776
1666.4	6.965	0.081443
1666.5	6.9845	0.081099
1666.9	7.0705	0.07962
1667	7.0943	0.079222
1667.2	7.1449	0.078386
1667.4	7.2002	0.077495
1667.4	8.1173	0.077399
1667.5	8.1443	0.075809
1667.5	8.1701	0.074299
1667.5	8.1879	0.073193
1667.5	8.2205	0.071198
1667.5	8.2507	0.069225
1665.3	8.2774	0.068267
1667.4	8.2897	0.066548
1663.3	8.3248	0.065211
1667.3	8.3331	0.063483
1667.3	8.3525	0.061942
1667	8.373	0.060435
1667.3	8.3913	0.058912
1667.2	8.4097	0.057422
1670	7.8806	0.068228
1667.7	8.4289	0.056548
1671.3	8.2322	0.064561
1668.8	8.4428	0.054424
1669.6	8.4571	0.053031
1670.6	8.4757	0.051298
1671.2	8.5719	0.050442
1672.1	8.7106	0.049604
1673.3	8.9164	0.048887
1673.6	6.5279	0.2012
1673	6.6296	0.19123
1672.7	6.6757	0.18629
1672.4	6.7185	0.18133
1672.1	6.7582	0.17641
1671.5	6.8282	0.16665
1671.2	6.8586	0.1618
1670.9	6.886	0.15699
1670.4	6.9318	0.14745
1666.3	6.9718	0.083389
1666.2	6.9867	0.084228
1666.2	7.0012	0.085025
1666.1	7.0154	0.085785
1666.1	7.0292	0.086508
1666.1	7.0256	0.086323
1666.1	7.0147	0.085751
1666.2	7.0038	0.085166
1666.2	6.9928	0.084565
1666.2	6.9817	0.083947
1666.3	6.9705	0.083313
1666.3	6.9594	0.082664
1666.3	6.9481	0.081999
1666.4	6.9575	0.081575
1666.5	6.95	0.081524
1666.9	6.9879	0.08049
1667	6.9598	0.080584
1667.1	7.1272	0.078675
1667.3	7.1757	0.077887
1667.6	7.2658	0.076466
1667.8	8.1593	0.074756
1667.8	8.192	0.072803
1667.7	8.2112	0.071638
1667.7	8.2353	0.070105
1667.7	8.2594	0.068508
1667.7	8.2843	0.066976
1667.4	8.3056	0.065404
1664.8	8.3356	0.063978
1669.2	7.6747	0.070715
1669.4	7.7313	0.070006
1667.5	8.3864	0.059235
1667.6	8.4179	0.056673
1670.4	8.0059	0.06684
1668.1	8.4275	0.055783
1668.3	8.4329	0.055279
1671.5	8.2874	0.06405
1669	8.4453	0.054125
1669.8	8.4604	0.052721
1670.2	8.4693	0.0519
1670.8	8.4983	0.051015
1672.4	8.7535	0.049404
1673.7	8.9775	0.048785
1675.5	6.1446	0.23148
1675.2	6.2144	0.22812
1675.1	6.3531	0.21516
1674.3	6.4049	0.21198
1673.4	6.568	0.19742
1673.1	6.6163	0.1926
1672.5	6.7041	0.18303
1672.2	6.7435	0.17831
1671.4	6.8443	0.16414
1671.1	6.8722	0.15947
1670.8	6.8973	0.15484
1670.5	6.9196	0.15024
1666.3	6.954	0.082351
1666.3	6.9687	0.08321
1666.2	6.9831	0.084029
1666.2	6.9972	0.084809
1666.1	7.0057	0.085268
1666.2	6.995	0.084689
1666.2	6.9843	0.084097
1666.3	6.9736	0.08349
1666.3	6.9628	0.082867
1666.3	6.952	0.08223
1666.4	6.9504	0.081698
1666.4	6.9683	0.081384
1666.5	6.9874	0.081086
1666.6	7.0055	0.080733
1666.7	7.0251	0.080394
1666.8	7.0454	0.080046
1666.9	7.0884	0.079319
1667	7.1112	0.078939
1667.1	7.1349	0.078549
1667.2	7.1596	0.078146
1667.3	7.1859	0.077737
1667.7	6.9712	0.079408
1664.5	8.095	0.080697
1668	8.1754	0.073654
1668	8.2013	0.072079
1668	8.2266	0.070502
1661.7	8.298	0.067739
1669	7.6132	0.07151
1667.9	8.3195	0.064213
1667.9	8.3416	0.062612
1669.8	7.8367	0.068737
1667.8	8.3993	0.058139
1667.7	8.4196	0.056511
1668	8.4254	0.05598
1670.9	8.1408	0.065447
1668.5	8.4359	0.055001
1669.2	8.4485	0.053834
1669.5	8.4557	0.053163
1669.9	8.4658	0.052424
1670.4	8.4726	0.051594
1671	8.5292	0.050763
1671.7	8.6429	0.049975
1683.6	9.2967	0.041761
1675.5	6.1446	0.23148
1675.2	6.2121	0.22808
1674.3	6.397	0.21258
1673.8	6.506	0.20321
1673.5	6.5566	0.19889
1673.2	6.6038	0.19388
1671.5	6.8303	0.16632
1671.2	6.8586	0.1618
1671	6.8842	0.15731
1670.7	6.9073	0.15284
1670.4	6.9277	0.1484
1666.3	6.9516	0.082204
1666.3	6.9658	0.083042
1666.2	6.9798	0.083841
1666.2	6.9765	0.083653
1666.3	6.9661	0.083056
1666.4	6.9609	0.081512
1666.5	6.9786	0.081203
1666.6	7.0152	0.080564
1667	7.0967	0.079181
1667.1	7.119	0.07881
1667.1	7.1423	0.078429
1667.2	7.164	0.078057
1667.4	7.2178	0.077216
1667.7	7.2737	0.076343
1667.8	7.3037	0.075886
1668.3	8.1941	0.072582
1668.3	8.2182	0.070957
1668.8	7.5598	0.072219
1668.2	8.2904	0.06618
1669.3	7.7044	0.070341
1668.2	8.3352	0.062954
1668.1	8.3556	0.061446
1670.5	8.0222	0.066666
1670.8	8.1024	0.065832
1671.1	8.1903	0.064961
1671.5	8.2874	0.06405
1669.7	8.4588	0.052875
1670.1	8.4668	0.052128
1670.6	8.4757	0.051298
1671.2	8.5602	0.050527
1683.7	9.3235	0.041501
1674.9	6.2726	0.22288
1674.6	6.3324	0.21779
1674.4	6.3897	0.21354
1673.8	6.496	0.20415
1673.5	6.5451	0.19959
1673.3	6.5918	0.1951
1673	6.6365	0.19141
1672.4	6.7159	0.18169
1671.9	6.7856	0.17278
1671.6	6.8167	0.16837
1670.8	6.895	0.1553
1666.3	6.9492	0.082065
1666.3	6.959	0.082643
1666.3	6.9488	0.082042
1666.4	6.9546	0.081626
1666.5	6.9475	0.081566
1666.7	7.0434	0.08008
1666.9	7.007	0.080304
1666.9	7.0834	0.079403
1667.2	7.1489	0.078318
1667.3	7.1726	0.077935
1667.6	6.985	0.079525
1667.6	7.2497	0.076716
1667.7	7.2775	0.076285
1667.8	7.3066	0.075841
1668	7.25	0.076056
1668	7.3689	0.074909
1668.6	7.5132	0.072854
1663.3	8.2375	0.071959
1668.6	8.2331	0.069777
1668.5	8.2611	0.067963
1664.1	8.3012	0.066883
1669.5	7.7435	0.069848
1668.4	8.3278	0.063386
1668.4	8.3495	0.061802
1670.1	7.9238	0.067738
1668.3	8.3908	0.058661
1670.7	8.0679	0.066186
1668.5	8.4361	0.054984
1668.8	8.4417	0.054463
1669.1	8.4478	0.053896
1669.5	8.4545	0.053276
1670.3	8.4699	0.051843
1670.7	8.4952	0.051041
1671.4	8.5915	0.050305
1674.3	9.0811	0.048719
1675.2	6.2079	0.22709
1674.9	6.2686	0.22261
1673.3	6.5804	0.19621
1672.5	6.7034	0.18368
1671.8	6.8034	0.1703
1671.5	6.8322	0.16604
1671.2	6.8586	0.1618
1670.7	6.9045	0.15339
1670.5	6.9241	0.14923
1670.2	6.9414	0.14509
1666.4	6.9448	0.0818
1666.4	6.9622	0.081474
1666.5	6.9808	0.081164
1666.6	6.9977	0.080868
1666.8	7.0505	0.079948
1666.9	7.0712	0.079608
1666.9	7.0914	0.079273
1667	7.112	0.078928
1667.1	7.1334	0.078574
1667.2	7.1557	0.07821
1667.3	7.1788	0.077836
1667.7	7.0604	0.078452
1667.6	7.254	0.076649
1667.7	7.281	0.076231
1667.9	7.339	0.075354
1668	7.3699	0.074895
1662.4	8.1863	0.07602
1662	8.2354	0.072577
1668.9	8.2234	0.070211
1668.2	8.2533	0.068669
1668.8	8.2742	0.066969
1668.8	8.3033	0.065455
1664.5	8.3364	0.063989
1670.1	7.9012	0.067992
1670.3	7.9664	0.067267
1668.2	8.3869	0.059002
1668.6	8.4057	0.057416
1671.5	8.2874	0.06405
1668.9	8.4451	0.054205
1669.3	8.4506	0.053631
1669.6	8.4574	0.053007
1670	8.4647	0.052322
1670.9	8.523	0.050812
1671.6	8.623	0.050098
1672.4	8.7535	0.049404
1673.5	8.942	0.048838
1682	9.0223	0.044381
1675.5	6.1446	0.23148
1675.2	6.206	0.22785
1675	6.2651	0.22338
1674.4	6.376	0.21438
1673.9	6.4774	0.20576
1673.7	6.5246	0.20151
1673.4	6.5695	0.19728
1672.9	6.6523	0.18882
1672.4	6.7259	0.18043
1672.3	6.734	0.17946
1671.9	6.7908	0.17233
1671.4	6.8469	0.16418
1666.4	6.9448	0.0818
1670.4	6.9312	0.14759
1666.4	6.9448	0.0818
1666.4	6.9451	0.081772
1666.5	6.9737	0.081172
1666.7	7.0026	0.080615
1666.7	7.0363	0.08016
1666.9	6.9732	0.080619
1666.9	7.079	0.079477
1667	7.0987	0.079148
1667.1	7.1268	0.078683
1667.2	7.1619	0.078109
1667.3	7.1846	0.077744
1667.6	7.0459	0.078907
1668	7.3709	0.07488
1668.3	7.4352	0.073948
1668.4	7.4697	0.073458
1668.7	7.5441	0.072432
1669.2	8.2181	0.070478
1669.4	7.7189	0.070159
1669.6	7.7694	0.069539
1667.6	8.2982	0.0659
1664.7	8.3307	0.0644
1669	8.3367	0.062529
1670.7	8.0798	0.066063
1668.9	8.4008	0.05773
1667.9	8.4231	0.056178
1668.8	8.4401	0.054589
1669.1	8.4472	0.053949
1669.4	8.4534	0.053373
1670.1	8.4676	0.052056
1670.6	8.4757	0.051298
1671.1	8.5509	0.050596
1672.6	8.7922	0.049248
1674.3	9.0811	0.048719
1682.2	9.0247	0.044095
1677.5	6.2836	0.21382
1674.7	6.3172	0.22107
1674.5	6.3698	0.21524
1674.2	6.4204	0.21067
1673.5	6.5592	0.19828
1673.2	6.6011	0.19417
1672.5	6.7136	0.18191
1672.2	6.7469	0.17788
1672	6.7779	0.17382
1671.7	6.8069	0.16979
1671.3	6.865	0.16067
1670.9	6.8909	0.15605
1670.6	6.9142	0.15139
1670.3	6.9348	0.14672
1666.8	6.9535	0.080988
1666.7	6.9515	0.081181
1666.8	6.9811	0.080617
1667	7.0474	0.079743
1667	7.081	0.079247
1667.1	7.1161	0.078783
1667.3	7.0476	0.079251
1667.2	7.1678	0.078014
1667.3	7.1898	0.077658
1667.5	7.237	0.076914
1667.7	7.2877	0.07613
1667.8	7.3145	0.075721
1667.9	7.3426	0.0753
1668.4	7.4677	0.073487
1668.8	7.5779	0.071974
1669	7.619	0.071434
1669.2	7.662	0.070878
1669.5	8.2298	0.069457
1667.1	8.2704	0.068057
1669.4	8.2815	0.066173
1669.4	8.306	0.064535
1670.5	7.8047	0.067742
1670.9	8.1224	0.065631
1669.2	8.3955	0.05805
1671.5	8.2874	0.06405
1669.1	8.436	0.05487
1669.2	8.4499	0.053701
1673.2	8.3074	0.060923
1670.7	8.4927	0.051063
1672.8	8.832	0.049109
1674.3	9.0811	0.048719
1682.3	9.0718	0.043823
1675.2	6.2026	0.22781
1675	6.2584	0.22336
1674.5	6.3637	0.21527
1674.2	6.4133	0.21124
1674	6.4604	0.20724
1673.5	6.5493	0.19924
1672.8	6.6681	0.18702
1672.5	6.7433	0.17796
1672.3	6.7782	0.17341
1671.9	6.8416	0.16426
1667	6.959	0.080643
1667.1	7.0237	0.079713
1667.3	6.964	0.080128
1667.4	6.9933	0.079677
1667.5	7.2025	0.077336
1667.8	6.9735	0.079145
1667.9	7.0317	0.078424
1667.7	7.2907	0.076084
1667.8	7.3169	0.075685
1668	7.3726	0.074855
1668.3	7.4333	0.073975
1668.5	7.4996	0.073041
1668.8	7.5725	0.072048
1669.7	7.0103	0.075731
1669.3	7.6969	0.070435
1669.8	7.844	0.06865
1667.3	8.2868	0.066814
1669.7	8.298	0.064932
1670.5	8.0222	0.066666
1669.6	8.3457	0.061639
1671	8.1644	0.065214
1671.3	8.2446	0.064445
1669.4	8.4113	0.056764
1669.4	8.4318	0.055134
1669.4	8.4511	0.053572
1669.7	8.4588	0.052875
1670.4	8.4731	0.051544
1670.9	8.5179	0.050853
1671.5	8.6072	0.0502
1672.2	8.72	0.049557
1673.1	8.8733	0.048988
1680.9	9.0001	0.046321
1682.5	9.0841	0.043569
1675	6.2555	0.22463
1674.8	6.3081	0.22152
1674.3	6.4019	0.21218
1673.9	6.4985	0.2037
1673.7	6.5445	0.19923
1673.5	6.5884	0.1948
1673.4	6.6307	0.19034
1672.4	6.8154	0.16779
1672.2	6.8463	0.16323
1672.1	6.8707	0.15937
1670.8	6.9012	0.15406
1670.2	6.9437	0.14449
1666.5	6.9511	0.081552
1667.2	6.9682	0.080187
1667.3	7.0007	0.079721
1667.3	7.0364	0.079368
1667.4	7.0685	0.078775
1667.5	7.1041	0.078306
1667.5	7.1402	0.077811
1667.6	7.1776	0.077317
1667.7	7.2162	0.076821
1667.8	7.2251	0.076591
1668	7.3411	0.07527
1668.1	7.3734	0.074843
1668.3	7.4324	0.073988
1668.9	7.0394	0.076702
1668.7	7.5312	0.072607
1668.8	7.5672	0.07212
1669.1	7.645	0.071096
1669.8	7.8278	0.068841
1670.1	8.2635	0.067005
1670.1	8.3109	0.06385
1669.9	8.3149	0.063674
1669.9	8.3388	0.06201
1669.9	8.3627	0.060369
1671.5	8.2874	0.06405
1669.7	8.4069	0.057089
1669.8	8.4266	0.055455
1669.8	8.4614	0.052634
1670.6	8.4757	0.051298
1671.1	8.5433	0.050654
1671.6	8.6357	0.050019
1672.4	8.7535	0.049404
1679.8	8.9851	0.04839
1674.3	9.0811	0.048719
1675.2	6.1995	0.22771
1675	6.2527	0.22473
1675	6.3058	0.21968
1674.9	6.3583	0.21484
1674.7	6.407	0.21154
1674	6.5473	0.19819
1673.9	6.5912	0.19361
1673.8	6.6336	0.18914
1673.6	6.6746	0.18469
1673	6.7866	0.17123
1672.8	6.8199	0.16672
1672.6	6.8512	0.1622
1672.4	6.8801	0.15764
1666.9	6.9555	0.080804
1667.4	6.979	0.079802
1667.5	7.011	0.079267
1667.6	7.0794	0.078295
1667.7	7.1157	0.0778
1667.9	7.2301	0.076294
1668.2	7.3559	0.074731
1668.3	7.4008	0.074197
1668.5	7.494	0.073119
1668.8	7.5623	0.072186
1669.1	7.6368	0.071198
1669.5	7.7652	0.06959
1669.9	7.8631	0.068429
1670.1	7.9133	0.067831
1670.5	8.2709	0.066336
1670.6	8.0347	0.066533
1664.1	8.3318	0.064441
1671	8.1706	0.065153
1670.2	8.355	0.060711
1670.2	8.3814	0.058789
1670.1	8.4217	0.055768
1669.9	8.4625	0.052517
1670.3	8.4708	0.051758
1670.7	8.4905	0.051081
1671.8	8.6645	0.049849
1672.6	8.7878	0.049264
1673.6	8.9618	0.048806
1681.3	9.0942	0.045765
1675.3	6.1994	0.22766
1675.9	6.2564	0.22056
1674.9	6.3063	0.2195
1675.1	6.3573	0.21457
1674.6	6.4086	0.21098
1674.7	6.503	0.20102
1674.5	6.549	0.19667
1674	6.6779	0.18349
1673.8	6.7197	0.17869
1673.4	6.7908	0.17013
1673	6.856	0.16113
1672.7	6.8853	0.1566
1670.3	6.9334	0.14706
1667.3	6.9622	0.08018
1667.3	7.0303	0.079269
1667.9	7.0913	0.077797
1668	7.1655	0.076786
1668.1	7.2043	0.076273
1668.2	7.2444	0.075752
1668.3	7.2842	0.075236
1668.4	7.3285	0.074692
1668.5	7.3731	0.074164
1668.4	7.4246	0.073799
1668.7	7.4662	0.073049
1668.7	7.5195	0.072601
1669	7.6208	0.071337
1670.2	7.9522	0.067422
1670.7	8.0719	0.066144
1670.9	8.1384	0.06547
1668	8.3364	0.06295
1671.5	8.2874	0.06405
1670.5	8.3715	0.059393
1668.6	8.4011	0.0578
1670.9	8.5137	0.050887
1671.4	8.5944	0.050286
1672	8.6937	0.04969
1672.8	8.823	0.049138
1673.9	9.01	0.04875
1680.1	8.9907	0.047802
1675.5	6.1999	0.2267
1675.7	6.2534	0.22123
1675.7	6.3059	0.21669
1675.4	6.408	0.20822
1675.3	6.4571	0.20395
1675.4	6.5137	0.19999
1674.9	6.5513	0.19535
1674.8	6.5962	0.19102
1674.6	6.6395	0.18666
1674.2	6.721	0.17787
1674	6.759	0.17345
1673.6	6.8291	0.16453
1673.4	6.8604	0.16012
1673.1	6.8905	0.15555
1670.3	6.9381	0.14591
1666.8	6.953	0.08104
1667.6	6.9691	0.079546
1667.9	6.9978	0.078794
1667.9	7.0328	0.078342
1668.1	6.9869	0.078525
1668.1	7.1033	0.077292
1668.2	7.1403	0.076776
1668.3	7.1787	0.076256
1668.4	7.2199	0.075697
1668.5	7.2591	0.075197
1668.5	7.3073	0.074883
1668.8	7.3897	0.073559
1668.9	7.437	0.072994
1669	7.4841	0.072433
1669.2	7.5891	0.071258
1669.4	7.644	0.070664
1669.8	7.8251	0.068821
1670	7.8806	0.068228
1666	8.2128	0.072483
1670.3	8.2944	0.064952
1668.2	8.33	0.063369
1670.6	8.3658	0.05976
1670.8	8.3884	0.058058
1670.8	8.4109	0.056377
1670.7	8.4328	0.05471
1670.6	8.454	0.053058
1671	8.5369	0.050703
1671.5	8.6201	0.050116
1672.2	8.7234	0.049542
1681.5	9.0155	0.04524
1683	9.2133	0.042636
1684.9	9.4944	0.03965
1675.6	6.1446	0.23117
1675.9	6.2002	0.22526
1676.1	6.3062	0.2152
1676	6.3586	0.21099
1675.8	6.4094	0.20686
1675.7	6.4587	0.20255
1675	6.6425	0.18539
1674.8	6.6851	0.18122
1674.2	6.7994	0.16785
1674	6.8323	0.16359
1667.1	6.9598	0.080402
1668	6.976	0.078902
1668.1	7.0061	0.078328
1668.2	7.0426	0.077803
1668.3	7.0786	0.077288
1668.3	7.1158	0.076789
1668.5	7.1438	0.076321
1668.6	7.1644	0.075933
1668.6	7.2325	0.075173
1668.7	7.2752	0.074666
1668.8	7.3172	0.074074
1669	7.4079	0.072944
1669.2	7.4559	0.072367
1669.3	7.5054	0.071783
1669.4	7.5583	0.071208
1669.5	7.6116	0.070583
1669.8	7.7264	0.06935
1670	7.7891	0.068714
1670.3	7.9229	0.067414
1670.4	8.0013	0.066862
1670.7	8.0739	0.0661
1663.9	8.2914	0.067679
1671.2	8.307	0.063558
1671	8.3587	0.06012
1669.3	8.3893	0.058485
1670.6	8.4709	0.051683
1671.1	8.5568	0.050552
1671.7	8.6462	0.049956
1681.7	9.0185	0.044994
1685	9.4881	0.039487
1687.1	9.6111	0.035997
1675.5	6.1446	0.23148
1676.9	6.2557	0.2197
1675.7	6.31	0.21642
1676.4	6.3596	0.20948
1676.2	6.4109	0.20547
1676.1	6.4591	0.20121
1675.9	6.5088	0.1969
1675.5	6.5605	0.19446
1675.4	6.6454	0.18409
1675.2	6.6878	0.17978
1674.8	6.7675	0.17116
1667.5	6.9668	0.079753
1668.2	6.9866	0.078445
1668.4	7.0188	0.07781
1668.4	7.0541	0.077291
1668.6	7.1276	0.076238
1668.7	7.1664	0.075699
1668.8	7.2062	0.075154
1668.9	7.2473	0.074605
1669.1	7.3336	0.073476
1669.2	7.3816	0.072983
1669.3	7.4263	0.072315
1670.4	7.0803	0.073871
1669.9	7.6353	0.069882
1670	7.6928	0.069256
1670.2	7.7537	0.068612
1670.3	7.8124	0.067979
1662.3	8.2143	0.074021
1670.7	7.9554	0.066616
1671.6	8.2857	0.063778
1671	8.3533	0.060514
1669	8.3856	0.058871
1670.9	8.4015	0.057052
1670.8	8.4243	0.055339
1670.7	8.4464	0.05364
1671	8.5389	0.050691
1671.9	8.6718	0.049808
1672.6	8.7843	0.049278
1673.5	8.9362	0.048848
1680.6	8.9981	0.046994
1685.2	9.3769	0.039357
1687.3	9.7833	0.035914
1675.3	6.2583	0.22227
1675.5	6.3655	0.21189
1676.3	6.5111	0.19564
1676	6.6041	0.18704
1675.6	6.691	0.1785
1675.2	6.7698	0.16998
1674.7	6.8432	0.1611
1670.4	6.9318	0.14744
1667	6.9573	0.080635
1667.9	6.974	0.079098
1668.5	6.9947	0.077822
1668.7	7.0652	0.076772
1668.8	7.1025	0.076233
1668.9	7.1406	0.07569
1669	7.1799	0.075139
1669.2	7.2623	0.074016
1669.3	7.3066	0.073476
1669.4	7.3506	0.072858
1669.5	7.3992	0.072338
1669.6	7.448	0.071753
1669.8	7.4955	0.071059
1670	7.6023	0.069808
1670.2	7.659	0.06917
1670.4	7.7187	0.068518
1670.5	7.781	0.067855
1671.3	8.067	0.065076
1671.2	8.293	0.064441
1671.2	8.3207	0.062674
1671	8.3476	0.060919
1671	8.373	0.059109
1670.9	8.3967	0.057405
1670.4	8.4213	0.05568
1675.4	8.1556	0.057686
1671.7	8.651	0.049927
1672.7	8.8159	0.049162
1673.7	8.9774	0.048785
1683.4	9.2638	0.042037
1674.3	9.0811	0.048719
1675.4	6.2028	0.22678
1677.7	6.2561	0.21415
1677.2	6.3096	0.21123
1677.1	6.4131	0.20233
1676.8	6.5126	0.19405
1676.6	6.5604	0.18986
1676.3	6.6493	0.18162
1676	6.6944	0.17719
1675.6	6.7751	0.16861
1675.1	6.8479	0.15992
1674.9	6.8812	0.15556
1674.6	6.9118	0.15114
1666.5	6.9475	0.081551
1667.4	6.9645	0.07997
1668.2	6.9812	0.07842
1668.8	7.0053	0.077311
1668.9	7.02	0.076961
1668.9	7.0774	0.076233
1669.1	7.1537	0.07513
1669.2	7.1953	0.074534
1669.8	7.0171	0.07549
1669.6	7.3223	0.072831
1669.8	7.4156	0.071626
1670	7.468	0.071092
1670.2	7.57	0.069746
1670.5	7.6841	0.06843
1670.2	7.8552	0.068036
1671.5	8.0246	0.064934
1671.7	8.1074	0.064232
1672	8.1908	0.063434
1671.1	8.3143	0.063115
1670.9	8.3917	0.057766
1670.8	8.4156	0.056005
1670.8	8.5028	0.050978
1674	9.0211	0.048741
1679.8	8.9876	0.048441
1674.3	9.0811	0.048719
1683.5	9.2923	0.041852
1675.5	6.1446	0.23148
1675.3	6.2036	0.22703
1675.1	6.2619	0.22309
1678.2	6.3131	0.20983
1677.4	6.4653	0.19668
1677.7	6.4486	0.19729
1676.9	6.6093	0.18427
1676.7	6.6542	0.1801
1676.2	6.7395	0.17161
1676	6.7792	0.16734
1679.5	6.3769	0.19741
1675.6	6.8557	0.15824
1666.9	6.9547	0.080882
1667.7	6.9718	0.079294
1668.6	6.9885	0.077736
1669	7.0162	0.076787
1669.3	7.1278	0.075123
1669.4	7.1673	0.074554
1669.5	7.209	0.074012
1669.6	7.251	0.073418
1669.7	7.2947	0.072824
1669.8	7.3412	0.072263
1670	7.3501	0.071811
1670.3	7.485	0.070319
1670.4	7.5377	0.069674
1670.7	7.6515	0.068322
1670.9	7.7095	0.067669
1670.6	7.7999	0.067552
1671.5	7.997	0.065052
1672.2	8.1447	0.063278
1671.1	8.3074	0.063563
1671.1	8.3347	0.061746
1670.8	8.4112	0.056355
1670	8.4366	0.054599
1670.7	8.4567	0.052818
1670.7	8.4849	0.05113
1671.5	8.6102	0.05018
1679.9	8.9774	0.048189
1681	9.0058	0.046263
1685.3	9.5305	0.038897
1675.6	6.1446	0.23116
1675.3	6.2045	0.2271
1676.5	6.2602	0.21775
1678.3	6.3041	0.20761
1678.1	6.3637	0.20323
1677.8	6.4669	0.19516
1676.8	6.5215	0.19317
1677.1	6.6575	0.17872
1676.4	6.7834	0.16606
1676.2	6.8215	0.16179
1676	6.8522	0.1581
1675.4	6.8924	0.15333
1675.4	6.9228	0.14882
1667.2	6.962	0.0802
1668.1	6.9792	0.078605
1669	6.996	0.077041
1669.3	7.0304	0.076408
1669.4	7.0641	0.075689
1669.5	7.102	0.075126
1669.6	7.1409	0.074547
1669.7	7.1817	0.073981
1670.3	7.2829	0.072193
1669.9	7.2658	0.07277
1670	7.3103	0.072159
1670.4	7.4541	0.070267
1670.7	7.5594	0.068952
1670.9	7.616	0.068273
1671.1	7.6751	0.067583
1671	7.9169	0.06634
1671.9	7.9424	0.06468
1672.1	8.0188	0.063914
1672.4	8.1003	0.063134
1671.1	8.3004	0.064026
1670.9	8.3813	0.058523
1670.9	8.4061	0.056708
1669.1	8.4349	0.054957
1670.7	8.4529	0.053121
1670.6	8.4749	0.051353
1672.3	8.7467	0.049434
1681.1	9.0142	0.046035
1682.3	8.9991	0.04389
1685.4	9.5511	0.038764
1675.5	6.1446	0.23148
1676.3	6.2625	0.21893
1678.7	6.3112	0.20555
1678.6	6.3647	0.20159
1677.7	6.6147	0.18141
1677.6	6.6547	0.17775
1677.3	6.7046	0.17313
1677.1	6.7468	0.16897
1667.8	6.9731	0.079167
1676.4	6.8625	0.15624
1676.1	6.8965	0.15197
1670.4	6.93	0.14786
1668.8	6.9916	0.077447
1666.7	6.9519	0.081142
1668.5	6.9867	0.077903
1669.4	7.0038	0.076343
1669.6	7.0075	0.075974
1669.6	7.076	0.075126
1669.8	7.0942	0.074713
1669.8	7.1563	0.074031
1670	7.1955	0.073357
1670.1	7.2386	0.072772
1670	7.2904	0.072436
1670.3	7.3272	0.071507
1670.6	7.3933	0.07086
1670.6	7.4235	0.070219
1671.5	7.6415	0.06715
1671.3	7.6413	0.067492
1671.5	7.7	0.066798
1671.5	7.7714	0.066206
1671.9	7.8317	0.065323
1672.1	7.9022	0.064564
1663.6	8.2757	0.069004
1672.6	8.0563	0.062995
1672.9	8.1264	0.062211
1671.2	8.3214	0.062627
1673.5	8.3257	0.060488
1669.4	8.3824	0.058998
1670.8	8.4256	0.055247
1671.2	8.5701	0.050455
1672.2	8.7227	0.049545
1680.2	8.9836	0.047708
1674.3	9.0811	0.048719
1675.3	6.2062	0.22719
1675	6.2666	0.22277
1679	6.3659	0.19994
1678.9	6.4185	0.196
1678.7	6.4658	0.19231
1678.8	6.5258	0.18902
1678.4	6.5696	0.18399
1678.3	6.6502	0.17635
1677.5	6.7507	0.16759
1677.1	6.8312	0.15912
1676.8	6.8675	0.15498
1676.3	6.9342	0.14639
1666.4	6.9448	0.0818
1666.4	6.9448	0.0818
1667.1	6.9594	0.080443
1668	6.9771	0.0788
1668.9	6.9944	0.077189
1669.7	7.0134	0.075712
1669.8	7.0509	0.075158
1670.2	7.1683	0.073347
1670.3	7.216	0.072603
1670.8	7.0401	0.073774
1670.5	7.2984	0.071479
1670.7	7.3448	0.070833
1671	7.4432	0.069513
1671.2	7.4773	0.069021
1671.3	7.5497	0.068139
1671.5	7.6067	0.067439
1672.3	7.8627	0.064455
1672.8	8.013	0.062865
1673	8.095	0.062036
1671.1	8.3256	0.062347
1671	8.343	0.061204
1670.7	8.4449	0.053756
1671.1	8.5502	0.050601
1673.3	8.9064	0.048908
1680.3	8.9861	0.047478
1684	9.4702	0.041201
1675.5	6.1446	0.23137
1679.8	6.2558	0.20612
1679.6	6.3127	0.20218
1679.4	6.3673	0.19867
1679.3	6.4199	0.19436
1677.7	6.5319	0.19031
1678.8	6.5719	0.18246
1678.4	6.6665	0.17439
1678.2	6.7114	0.17031
1679.4	6.5999	0.17807
1677.7	6.7959	0.16205
1677.4	6.8379	0.15837
1677	6.9075	0.14942
1666.6	6.9489	0.081418
1667.5	6.9671	0.079732
1668.4	6.9848	0.07808
1669.3	7.0023	0.076462
1670.1	7.0624	0.074554
1670.2	7.1016	0.073945
1670.7	7.2686	0.07146
1670.9	7.3176	0.070842
1671	7.363	0.070146
1671.1	7.4122	0.069467
1671.3	7.5247	0.068284
1671.6	7.5728	0.067365
1671.8	7.6311	0.066638
1672	7.6854	0.065928
1672.2	7.7563	0.065133
1672.9	7.921	0.064027
1673.2	8.0505	0.061903
1673.8	8.2268	0.060159
1671	8.3642	0.059739
1670.7	8.4166	0.05596
1670.7	8.4406	0.054087
1670.7	8.464	0.052235
1673.1	8.8752	0.048983
1680.4	8.9875	0.047254
1681.5	8.989	0.045392
1685.7	9.558	0.038391
1687.6	9.8221	0.035364
1675.6	6.1446	0.23114
1675.6	6.2075	0.22575
1680.2	6.2579	0.20425
1680	6.3136	0.20063
1679.9	6.368	0.19675
1679.8	6.4213	0.19274
1679.6	6.4736	0.18887
1679.5	6.5165	0.18539
1679.2	6.5742	0.18091
1679.1	6.6226	0.17693
1678.9	6.6695	0.17291
1678.4	6.7586	0.16475
1677.9	6.8397	0.15655
1670.8	6.895	0.15527
1667	6.9566	0.080701
1667.9	6.9749	0.079006
1668.8	6.9927	0.077347
1669.7	7.0102	0.075721
1670.3	7.0364	0.074566
1670.4	7.0748	0.073959
1670.5	7.1142	0.073344
1670.6	7.1551	0.072718
1670.8	7.1971	0.072083
1671	7.2861	0.070779
1671.3	7.3814	0.069429
1671.5	7.4319	0.068735
1671.7	7.4845	0.068027
1672.9	7.8551	0.063454
1673.4	8.0068	0.061779
1673.7	8.0898	0.060907
1673.8	8.2002	0.060312
1670.8	8.3589	0.06018
1674.8	8.2958	0.058262
1670.6	8.4604	0.052548
1672.9	8.8451	0.049068
1680.5	8.925	0.04704
1675.5	6.1446	0.23148
1676.7	6.3275	0.2118
1675.9	6.5009	0.19928
1679.9	6.5264	0.18325
1679.3	6.6726	0.1714
1680.9	6.5044	0.18177
1678.9	6.7622	0.16335
1678.4	6.8445	0.15517
1678.1	6.8825	0.15103
1677.8	6.918	0.14687
1666.4	6.9458	0.081711
1668.3	6.9828	0.078267
1670.2	7.0183	0.074967
1670.6	7.0484	0.073969
1670.9	7.1712	0.072146
1671.1	7.2124	0.071422
1671.4	7.3031	0.070083
1671.5	7.3508	0.069396
1671.9	7.5108	0.06737
1672.4	7.6226	0.065776
1672.8	7.7476	0.064173
1673.1	7.8158	0.063357
1673.3	7.8899	0.062559
1673.6	7.9639	0.061662
1671	8.3248	0.06261
1674.5	8.2235	0.058938
1674.9	8.3227	0.05797
1670.8	8.4317	0.054779
1679.7	8.9816	0.048478
1685.8	9.567	0.038165
1675.6	6.1446	0.23115
1675.4	6.2095	0.22648
1681.2	6.2549	0.20084
1680.7	6.316	0.19795
1680.3	6.5284	0.18161
1680.2	6.5789	0.17773
1680	6.628	0.17383
1679.8	6.6757	0.16989
1679.5	6.7217	0.1659
1679.1	6.8086	0.15784
1682.4	6.4652	0.17973
1678.3	6.9237	0.14553
1666.8	6.9539	0.080985
1668.7	6.9909	0.077513
1670.6	7.0266	0.074197
1671	7.1006	0.07272
1671.3	7.1841	0.071414
1671.6	7.2734	0.070062
1671.7	7.3206	0.069368
1671.7	7.3773	0.068892
1672.2	7.4724	0.067208
1672.4	7.5287	0.066451
1672.6	7.5863	0.065683
1672.8	7.6578	0.065136
1673	7.7105	0.064095
1673.8	7.9219	0.06155
1674.1	7.9831	0.060711
1674.4	8.0845	0.059742
1671.1	8.3449	0.061065
1671	8.3736	0.059078
1670.9	8.4008	0.057102
1671.5	8.6082	0.050193
1672.6	8.7878	0.049265
1674.3	9.0734	0.04872
1681.8	9.1852	0.044822
1675.6	6.1446	0.23112
1677.9	6.2077	0.2181
1677.3	6.2703	0.21468
1681.5	6.3147	0.19512
1675.7	6.3952	0.20849
1681	6.479	0.18393
1680.8	6.5304	0.17997
1680.6	6.5812	0.1761
1680.4	6.6306	0.17222
1680.2	6.6787	0.16832
1679.8	6.7699	0.16041
1679.3	6.8528	0.15245
1670.6	6.9135	0.15153
1678.8	6.9325	0.14367
1667.2	6.9618	0.080224
1668.2	6.9807	0.078465
1669.2	6.9992	0.076745
1670.1	7.0173	0.075062
1671	7.0351	0.073414
1671.2	7.0735	0.072729
1671.4	7.1255	0.07177
1671.6	7.1992	0.070734
1671.7	7.2441	0.070044
1669.8	7.3773	0.07219
1672.1	7.3389	0.068637
1672.4	7.441	0.067158
1672.6	7.4948	0.066402
1673	7.6113	0.06483
1673.2	7.6735	0.064017
1673.5	7.7392	0.063177
1674	7.8805	0.061457
1674.5	8.0444	0.0597
1671.1	8.348	0.060848
1671	8.3673	0.059515
1670.7	8.3962	0.057517
1670.7	8.4476	0.05354
1670.6	8.4721	0.051586
1671.3	8.586	0.050343
1680	8.9875	0.048049
1681.9	9.0082	0.044619
1685.9	9.5465	0.037956
1675.5	6.1446	0.23148
1676.1	6.2106	0.22373
1675.6	6.2759	0.21986
1675.5	6.3387	0.21429
1681.6	6.4264	0.1858
1675.3	6.516	0.1982
1681.3	6.5252	0.17867
1680.7	6.6766	0.16708
1680.3	6.7709	0.15911
1679.7	6.8574	0.15102
1666.6	6.9506	0.081265
1667.7	6.97	0.079458
1668.6	6.989	0.077691
1669.6	7.0076	0.075962
1670.5	7.0258	0.07427
1671.4	7.0464	0.072741
1671.5	7.0865	0.072082
1671.6	7.1278	0.071411
1670.4	7.2692	0.071979
1672.5	7.3681	0.068188
1672.6	7.4087	0.067121
1672.8	7.4621	0.066354
1673.2	7.5761	0.064769
1673.4	7.6362	0.063952
1673.9	7.5547	0.063765
1673.9	7.7686	0.062242
1674.2	7.8397	0.061363
1671.2	8.2993	0.064078
1675.1	8.0792	0.058538
1671	8.3608	0.059966
1675.9	8.2666	0.056505
1670.8	8.4169	0.0559
1670.7	8.4431	0.053892
1672.2	8.7333	0.049495
1673.8	8.9865	0.048774
1674.3	9.0811	0.048719
1683.1	9.2032	0.042481
1684.5	9.4855	0.040333
1686	9.5851	0.037852
1675.5	6.1446	0.23148
1678	6.2094	0.21761
1677.7	6.2726	0.21239
1677.6	6.3945	0.20252
1680.7	6.7777	0.15735
1679.9	6.9025	0.14549
1667.1	6.9589	0.080494
1667.4	6.9956	0.079642
1669.1	6.9975	0.0769
1670	7.0162	0.075163
1671	7.0345	0.073463
1671.8	7.0999	0.071417
1672.1	7.1858	0.070031
1672.4	7.2778	0.068583
1673.2	7.484	0.065523
1674.4	7.0997	0.067419
1673.6	7.6011	0.063886
1674.1	7.7298	0.062166
1674.4	7.7992	0.061271
1674.7	7.8726	0.06035
1671.2	8.2913	0.064614
1675.3	8.033	0.058424
1675.7	8.0949	0.057473
1676.9	8.4257	0.054158
1672.1	8.707	0.049622
1680.2	8.8884	0.047649
1686.1	9.5919	0.037755
1691.8	10.513	0.031791
1675.6	6.2132	0.22535
1680.7	6.267	0.20174
1682.9	6.3177	0.1895
1682.7	6.3738	0.18586
1682.6	6.429	0.18221
1682.5	6.4742	0.17899
1682.2	6.5362	0.1748
1682.2	6.5913	0.17134
1681.8	6.6387	0.16729
1681.2	6.7817	0.1558
1680.7	6.8681	0.14796
1680.4	6.9091	0.14385
1666.5	6.9472	0.081576
1667.5	6.9673	0.079706
1668.5	6.987	0.077879
1670.5	7.025	0.074348
1671.5	7.0434	0.07264
1672	7.0721	0.071428
1672.2	7.1141	0.070723
1672.5	7.2014	0.06931
1672.6	7.2463	0.06858
1672.8	7.2953	0.067824
1673.2	7.3963	0.066282
1673.4	7.4506	0.065483
1673.6	7.5067	0.064666
1673.8	7.5655	0.06383
1674.1	7.627	0.062974
1674.3	7.6911	0.062096
1674.6	7.7596	0.061191
1675.2	8.0103	0.05864
1675.9	8.0736	0.057297
1676.1	8.2127	0.056813
1670.9	8.4061	0.056708
1670.4	8.4347	0.054643
1670.1	8.4613	0.052589
1671.9	8.6811	0.049757
1673.3	8.9104	0.048899
1681.2	8.9782	0.045853
1683.3	9.2519	0.04218
1693.2	10.357	0.031791
1675.6	6.1446	0.23114
1675.9	6.2139	0.22419
1681.5	6.2667	0.19858
1683.4	6.3192	0.18718
1681.1	6.3854	0.19102
1682.9	6.4847	0.17671
1682.5	6.5904	0.16933
1682.3	6.6414	0.16559
1682.1	6.691	0.16183
1671.8	6.7995	0.17085
1681.4	6.8307	0.15025
1681.1	6.873	0.14644
1668	6.976	0.078901
1672.4	7.0854	0.070743
1672.5	7.1279	0.07003
1672.7	7.1719	0.069304
1673	7.2645	0.067809
1673.2	7.3141	0.067059
1673.4	7.3643	0.06625
1673.8	7.4725	0.064623
1674	7.5302	0.063779
1674.5	7.654	0.062027
1663.1	8.2514	0.070994
1675.5	7.7759	0.059515
1675.8	7.9502	0.058267
1671.1	8.3399	0.061409
1669.6	8.4053	0.057187
1670.8	8.4285	0.05502
1670.7	8.4554	0.052927
1670.8	8.4992	0.051008
1679.7	8.6253	0.048812
1681.3	9.0102	0.04567
1674.3	9.0811	0.048719
1681.9	6.2674	0.19687
1677.9	6.3421	0.20592
1683.7	6.3751	0.18213
1677.3	6.4692	0.19776
1683.3	6.4864	0.17488
1682.6	6.6941	0.16013
1682.3	6.7432	0.1565
1681.1	6.9204	0.1412
1667.4	6.9645	0.07997
1669.5	7.0047	0.076234
1670.5	7.0241	0.07443
1671.4	7.0431	0.072667
1672.4	7.0616	0.070944
1672.7	7.0992	0.070039
1672.9	7.1426	0.069306
1672.5	7.2061	0.069218
1673.2	7.2339	0.067798
1673.4	7.2821	0.067021
1674.4	7.5139	0.064173
1675.3	7.7506	0.060103
1675.9	7.8998	0.058124
1676.2	7.9812	0.057086
1669.2	8.4281	0.05547
1670.7	8.4508	0.053291
1670.6	8.4777	0.051192
1679.1	8.6149	0.049943
1680.5	8.9172	0.047075
1683.5	9.2865	0.041897
1684.8	9.4683	0.03982
1674.3	9.0811	0.048719
1675.8	6.2165	0.22502
1682.8	6.3286	0.19134
1684.1	6.3769	0.18025
1683.4	6.5444	0.17023
1683.1	6.5992	0.16703
1682.8	6.6509	0.16319
1682.3	6.752	0.15592
1682	6.7994	0.15205
1681.7	6.8452	0.14818
1681	6.93	0.14025
1666.7	6.9525	0.081089
1667.8	6.9734	0.079142
1668.9	6.9939	0.077244
1669.9	7.0138	0.075385
1670.9	7.0334	0.073572
1671.9	7.0524	0.071801
1672.9	7.0711	0.070071
1673.7	7.0865	0.068639
1673.6	7.2508	0.06701
1674	7.3498	0.0654
1674.2	7.4051	0.064552
1674.4	7.4609	0.063691
1674.7	7.5138	0.062841
1676.1	7.8568	0.058039
1676.4	7.9363	0.056992
1676.6	8.0381	0.05613
1677.2	8.1112	0.054785
1677.7	8.2081	0.053617
1678.1	8.3127	0.0524
1678.6	8.439	0.051237
1671.4	8.6057	0.05021
1679.9	8.6879	0.048374
1681.5	8.9846	0.045324
1682.5	9.1491	0.043621
1683.6	9.2967	0.041761
1675.3	6.2179	0.22576
1675.7	6.2882	0.21846
1683.6	6.4885	0.17368
1683.1	6.6052	0.16629
1682.8	6.6591	0.16281
1682.5	6.7104	0.15897
1682.2	6.7596	0.15522
1681.9	6.8087	0.1513
1670.8	6.8988	0.15453
1681.3	6.8985	0.14333
1667.2	6.9614	0.080253
1668.3	6.9825	0.078295
1669.4	7.0031	0.076383
1670.4	7.0232	0.074518
1671.4	7.0428	0.072696
1672.4	7.0619	0.070916
1673.3	7.0844	0.069327
1673.4	7.128	0.068567
1673.6	7.1733	0.067793
1674	7.2687	0.066195
1674.4	7.3717	0.064525
1663.4	8.1847	0.075649
1675.4	7.6062	0.060931
1675.7	7.6738	0.060002
1676.3	7.8146	0.057959
1670.9	8.3817	0.058493
1670.8	8.4123	0.056266
1678.3	8.2574	0.05228
1680.1	8.3944	0.048656
1674.3	9.0811	0.048719
1674.3	9.0809	0.048719
1675.5	6.1446	0.23159
1684.4	6.3176	0.18346
1684.1	6.3844	0.17977
1678.1	6.5399	0.18858
1683.3	6.5573	0.1695
1683	6.6126	0.16587
1682.7	6.6664	0.16211
1667.7	6.9706	0.079399
1668.8	6.9918	0.077429
1670.7	7.0382	0.07389
1671.9	7.0524	0.071801
1672.9	7.0717	0.070013
1673.6	7.0992	0.068602
1674	7.1893	0.067001
1674.2	7.2372	0.066187
1674.4	7.2869	0.065355
1674.6	7.3387	0.064504
1675.1	7.4487	0.062739
1675.3	7.5075	0.061821
1675.6	7.5689	0.060881
1675.9	7.6335	0.059913
1676.9	7.8487	0.056825
1665.5	8.3637	0.061556
1669.3	8.3821	0.059065
1670.9	8.4061	0.056708
1678.5	8.1973	0.052179
1679	8.3123	0.050898
1679.6	8.4253	0.049528
1672.3	8.7467	0.049434
1683.8	9.2372	0.041527
1688.5	9.9886	0.034748
1675.3	6.2205	0.22591
1679.9	6.3473	0.19857
1684.1	6.3885	0.17961
1683.9	6.4484	0.17639
1683	6.6198	0.16531
1682.7	6.6746	0.16155
1681.8	6.8279	0.14973
1681.1	6.9184	0.1414
1667	6.9582	0.080556
1669.3	7.0014	0.076543
1670.4	7.0222	0.074611
1671.4	7.0425	0.072726
1672.4	7.0623	0.070886
1669.4	7.2155	0.07442
1674	7.1131	0.067808
1674.8	7.3058	0.064488
1675.1	7.3584	0.063612
1675.4	7.4786	0.06194
1675.8	7.5321	0.060837
1676.1	7.5954	0.059862
1676.7	7.7317	0.057822
1671.2	8.2979	0.064142
1671	8.3678	0.059481
1670.9	8.3999	0.057169
1670.8	8.4304	0.054877
1670.7	8.4594	0.05261
1671	8.5327	0.050736
1673.9	9.004	0.048755
1683.2	8.9954	0.043424
1686.4	9.5668	0.037153
1675.6	6.1446	0.23117
1675.7	6.2212	0.22424
1681.2	6.28	0.1989
1677.9	6.36	0.20582
1683.2	6.5705	0.16856
1682.6	6.6829	0.16096
1682	6.7881	0.15297
1681.7	6.8375	0.14885
1681	6.9286	0.14038
1666.4	6.9451	0.081771
1668.7	6.9897	0.07763
1669.8	7.0111	0.075638
1671.9	7.0524	0.071801
1673	7.0723	0.069952
1674	7.0917	0.068147
1674.4	7.1285	0.067023
1674.8	7.223	0.065341
1675.3	7.3253	0.063592
1676.3	7.5577	0.059817
1676.9	7.6916	0.057756
1671.3	8.2881	0.064745
1678.1	7.9254	0.054395
1678.4	8.0081	0.053216
1670.7	8.4544	0.052999
1670.8	8.5087	0.050928
1672	8.6875	0.049722
1680.9	8.6123	0.046719
1681.6	8.7965	0.045277
1683.7	8.9697	0.043537
1674.3	9.0804	0.048719
1685.4	9.2935	0.039361
1686.5	9.5068	0.037083
1679.3	6.2166	0.21103
1676.9	6.2949	0.21394
1683.8	6.4582	0.17552
1683.2	6.5776	0.16811
1683.1	6.6031	0.16643
1682	6.7978	0.15218
1681	6.939	0.13932
1666.9	6.9547	0.080882
1669.2	6.9995	0.076715
1670.3	7.0211	0.074712
1671.4	7.0421	0.072759
1672.4	7.0626	0.070854
1674.5	7.1022	0.067187
1675	7.1915	0.065338
1675.2	7.2424	0.06452
1675.5	7.2919	0.063581
1675.7	7.3455	0.062666
1676	7.4013	0.061729
1676.2	7.4595	0.060766
1676.5	7.5204	0.059776
1676.8	7.5843	0.058758
1677.1	7.6515	0.057706
1677.5	7.6935	0.056743
1678.6	7.968	0.053221
1678.9	8.0677	0.052058
1679.4	8.1771	0.05085
1680.3	8.4353	0.048273
1681.5	8.7755	0.045432
1685.5	9.2426	0.039376
1691.8	10.526	0.031791
1678.4	6.2202	0.21516
1682.3	6.2812	0.19436
1680.4	6.4878	0.1861
1682.5	6.7003	0.15968
1681.9	6.8078	0.15137
1667.4	6.9645	0.07997
1674	7.0931	0.06802
1675	7.1129	0.066207
1675.5	7.2085	0.064471
1675.7	7.2591	0.063571
1675.9	7.3117	0.062652
1676.5	7.4237	0.060739
1677	7.5497	0.058784
1677.8	7.7716	0.055692
1678.2	7.8562	0.054597
1678.9	8.0474	0.05229
1679.3	8.1567	0.051069
1671.6	8.6305	0.050051
1682.9	8.9523	0.043922
1674.3	9.0811	0.048719
1675.3	6.226	0.22562
1684	6.404	0.17865
1683.1	6.5925	0.16716
1682.8	6.6518	0.16313
1672.1	6.7759	0.17399
1681.5	6.8685	0.14611
1666.7	6.9509	0.081232
1667.9	6.9745	0.079037
1669.1	6.9975	0.0769
1670.2	7.0199	0.07482
1673.5	7.0837	0.068896
1674.6	7.1039	0.067021
1675.3	7.133	0.065516
1675.5	7.1821	0.064656
1676.4	7.4017	0.061031
1676.9	7.5291	0.059088
1677.2	7.5984	0.058077
1677.8	7.751	0.055965
1678.1	7.8356	0.054859
1678.4	7.9271	0.053715
1678.8	8.0267	0.052528
1670.7	8.4384	0.054256
1679.6	8.2573	0.050009
1671.4	8.6026	0.05023
1685.4	9.2251	0.039624
1675.2	6.2275	0.22537
1683.1	6.6003	0.16665
1682.8	6.6605	0.16252
1682.4	6.7188	0.15832
1667.2	6.9611	0.08029
1668.4	6.9848	0.07808
1669.6	7.008	0.07593
1670.8	7.0305	0.073838
1671.9	7.0524	0.071801
1674.1	7.0946	0.067884
1675.4	7.1609	0.065024
1675.6	7.2122	0.064139
1675.9	7.2657	0.063234
1676.3	7.3807	0.061364
1676.8	7.5081	0.0594
1677.7	7.73	0.056246
1671.1	8.3266	0.062283
1678.7	8.0057	0.052774
1679.1	8.115	0.051527
1679.6	8.2362	0.050227
1671.3	8.5751	0.05042
1680.6	8.5282	0.047436
1681.3	8.7106	0.045927
1682.5	8.9189	0.044267
1679.4	6.2226	0.21051
1675.6	6.3092	0.21684
1681.1	6.3634	0.19254
1680.4	6.4367	0.18949
1683	6.6083	0.16609
1682	6.7854	0.15323
1681.7	6.8393	0.14869
1681.3	6.8904	0.14409
1667.7	6.9715	0.079323
1670.2	7.0187	0.074936
1671.3	7.0413	0.072832
1672.5	7.0634	0.070783
1673.6	7.0848	0.068789
1674.7	7.1057	0.066847
1675.6	7.1906	0.064508
1675.8	7.2442	0.063595
1676	7.3004	0.062664
1676.2	7.3592	0.061705
1675.3	7.117	0.0658
1676.7	7.4867	0.059722
1677	7.556	0.05869
1677.3	7.6298	0.057629
1677.6	7.7087	0.056535
1670.4	8.3589	0.060354
1678.6	7.9843	0.053026
1679	8.0935	0.051766
1679.5	8.2146	0.050452
1680	8.3507	0.049076
1680.6	8.5063	0.04763
1686.4	9.4072	0.03743
1691.4	9.8634	0.034943
1684.3	6.3528	0.18168
1683.7	6.4877	0.17393
1683.3	6.5528	0.16971
1683	6.6166	0.16553
1682.7	6.6787	0.16126
1682	6.7958	0.15234
1681.6	6.8504	0.14773
1670.4	6.9318	0.14744
1667	6.9573	0.080635
1669.5	7.0062	0.076093
1670.6	7.0338	0.074116
1671.9	7.0524	0.071801
1675.3	7.1174	0.065793
1675.5	7.1687	0.064889
1675.7	7.2223	0.063966
1676.1	7.3374	0.062057
1676.4	7.3994	0.061068
1677.2	7.608	0.057938
1677.5	7.6869	0.056833
1671.2	8.3072	0.063561
1678.2	7.863	0.054511
1678.6	7.9625	0.053286
1670.9	8.5207	0.050831
1680.5	8.484	0.047829
1681.1	8.6656	0.046283
1682.1	8.8801	0.044616
1685.3	9.1939	0.040019
1686.4	9.3987	0.037528
1691.7	10.496	0.031791
1677.2	6.2302	0.22042
1682.6	6.6882	0.16056
1668.9	6.9931	0.077315
1670.1	7.0173	0.075062
1671.3	7.0409	0.072872
1672.5	7.0638	0.070744
1674.6	7.1142	0.066892
1677.4	7.6647	0.05714
1677.7	7.7494	0.055987
1678.1	7.8408	0.054793
1667.9	8.3882	0.058982
1670.8	8.4133	0.056178
1670.3	8.4488	0.053551
1679.8	8.3062	0.049514
1672	8.6958	0.049679
1681	8.6426	0.04647
1674.3	9.0811	0.048719
1684.3	9.02	0.042576
1685.2	9.1834	0.040161
1686.3	9.392	0.037633
1675.6	6.1446	0.23115
1683.3	6.2938	0.18965
1684.2	6.3608	0.18109
1683.9	6.4313	0.17711
1683.2	6.5684	0.16876
1682.9	6.6342	0.16435
1681.1	6.9251	0.14073
1666.8	6.9533	0.08101
1668.1	6.9792	0.078605
1669.4	7.0043	0.07627
1670.7	7.0287	0.074003
1674.3	7.0979	0.067579
1675.3	7.1234	0.065686
1675.5	7.1771	0.064743
1675.7	7.2333	0.063779
1676	7.2923	0.062793
1676.2	7.3544	0.061782
1676.5	7.4199	0.060746
1677	7.5632	0.058586
1677.7	7.7268	0.056291
1667.9	8.3439	0.062399
1678.4	7.9176	0.053831
1678.8	8.0267	0.052528
1679.2	8.1476	0.051169
1670.6	8.4749	0.051353
1680.3	8.4382	0.048246
1681.8	8.8365	0.044973
1683.3	9.0475	0.042916
1685.2	9.1726	0.040309
1683.4	6.2964	0.18908
1684.2	6.3652	0.18085
1683.9	6.437	0.17675
1683.6	6.5076	0.17258
1683.2	6.5765	0.1682
1682.5	6.7083	0.15911
1681.8	6.8296	0.14953
1681.4	6.8853	0.14457
1667.4	6.9645	0.079971
1668.7	6.9906	0.077548
1670	7.0159	0.075198
1671.3	7.0404	0.072916
1673.7	7.0874	0.068549
1674.9	7.1099	0.066457
1675.4	7.1538	0.06515
1675.6	7.21	0.064175
1676.1	7.3312	0.062157
1676.9	7.5401	0.058924
1677.9	7.7951	0.055383
1678.3	7.8945	0.054116
1670.8	8.4352	0.054505
1679.7	8.2599	0.049982
1671.6	8.6305	0.050051
1680.9	8.5952	0.046861
1685.1	9.1615	0.040462
1687.7	9.665	0.035023
1675.5	6.1446	0.23125
1683.3	6.2999	0.18926
1678.2	6.6939	0.1736
1679.3	6.7449	0.16407
1681.7	6.8415	0.1485
1681.3	6.8976	0.14342
1666.6	6.9489	0.081418
1668	6.976	0.078902
1671.9	7.0524	0.071801
1673.2	7.0764	0.069572
1674.4	7.0997	0.067408
1675.3	7.13	0.065569
1675.5	7.1868	0.064598
1676.3	7.3731	0.061483
1677.8	7.7716	0.055692
1679.1	8.1007	0.051686
1679.6	8.2362	0.050227
1680.1	8.3907	0.048691
1680.8	8.5709	0.047067
1684.1	8.9836	0.043166
1691.5	10.451	0.031791
1675.5	6.1446	0.23126
1675.8	6.2385	0.2222
1675	6.3313	0.21696
1683.1	6.5938	0.16708
1682.8	6.663	0.16235
1682.4	6.7298	0.15753
1681.6	6.8538	0.14743
1681.2	6.9101	0.14221
1668.6	6.9878	0.077802
1671.3	7.0399	0.072964
1672.6	7.0648	0.070655
1672.8	7.1197	0.069609
1675.4	7.162	0.065006
1675.7	7.2211	0.063986
1675.9	7.2833	0.062941
1676.5	7.4185	0.060768
1676.8	7.4924	0.059635
1677.4	7.6561	0.057261
1671.2	8.3007	0.063957
1678.1	7.8469	0.054715
1670.9	8.3825	0.058448
1670.8	8.4215	0.055557
1680	8.3662	0.048925
1680.7	8.5461	0.04728
1681.5	8.7628	0.045528
1680	6.2329	0.20689
1681.3	6.3151	0.19711
1680.5	6.4772	0.18571
1683.5	6.5261	0.17138
1682.7	6.6734	0.16163
1681.9	6.8055	0.15155
1681.5	6.8664	0.14631
1681.1	6.923	0.14095
1667.8	6.9725	0.079225
1670.6	7.0266	0.074198
1673.2	7.0774	0.069477
1674.5	7.1017	0.067223
1675.3	7.1372	0.065442
1675.6	7.1964	0.064412
1675.8	7.2586	0.063353
1676.4	7.3939	0.061155
1676.7	7.4678	0.060008
1677	7.5467	0.058827
1666.3	8.2666	0.068633
1678	7.8223	0.05503
1671	8.3735	0.059078
1680	8.3413	0.049168
1680.6	8.5209	0.0475
1682.7	8.9828	0.043704
1675.8	6.2426	0.2218
1684.2	6.3733	0.18039
1675.5	6.5126	0.19805
1681.8	6.818	0.15051
1681.4	6.8793	0.14513
1681	6.9361	0.13961
1666.9	6.9562	0.080739
1668.4	6.9848	0.07808
1669.9	7.0125	0.075507
1672.6	7.0653	0.070604
1673.9	7.0908	0.068231
1675.7	7.2333	0.063779
1676.3	7.3686	0.061554
1676.9	7.5216	0.059198
1677.2	7.6064	0.057963
1677.6	7.6978	0.056683
1665.5	8.3437	0.063147
1678.3	7.9062	0.053973
1670.9	8.4061	0.056707
1679.3	8.1619	0.051014
1672.3	8.7467	0.049434
1683.9	8.9441	0.043828
1684.8	9.1141	0.041139
1686	9.3286	0.038318
1680.2	6.2366	0.20609
1682.2	6.7649	0.15481
1667.6	6.9687	0.07958
1669.1	6.9975	0.0769
1670.5	7.0254	0.074308
1671.9	7.0524	0.071801
1673.3	7.0785	0.069373
1674.6	7.1039	0.067021
1675.9	7.2732	0.063109
1676.2	7.3429	0.061968
1676.5	7.4169	0.060794
1676.8	7.4959	0.059583
1671.2	8.3075	0.063525
1678.2	7.8805	0.054292
1678.7	8.001	0.052829
1680.4	8.4689	0.047965
1683.8	8.9302	0.044068
1684.8	9.1014	0.041326
1675.5	6.1446	0.23135
1675.5	6.3463	0.21406
1684.1	6.3956	0.1793
1683.7	6.4765	0.17441
1682.9	6.6331	0.16455
1682.1	6.7776	0.15385
1681.7	6.8442	0.14827
1670.3	6.9348	0.14672
1666.7	6.9515	0.081181
1668.2	6.9817	0.078393
1669.8	7.0106	0.075684
1672.6	7.0659	0.070549
1674	7.0922	0.068106
1675.5	7.1809	0.064676
1676.1	7.3165	0.062396
1676.7	7.4696	0.059981
1677	7.5544	0.058715
1671.2	8.2944	0.064359
1678.1	7.8542	0.054623
1678.6	7.9747	0.053141
1670.8	8.4311	0.054823
1679.7	8.2633	0.049947
1680.3	8.442	0.04821
1674.3	9.0811	0.048719
1684.7	9.0883	0.041521
1685.7	9.3487	0.038679
1675.1	6.2508	0.22378
1683.3	6.5652	0.16896
1682.9	6.6434	0.1637
1681.6	6.8579	0.14706
1670.5	7.0241	0.07443
1673.3	7.0798	0.069259
1674.7	7.1065	0.06681
1676	7.2894	0.06284
1676.2	7.3635	0.061636
1676.9	7.5275	0.059111
1677.2	7.619	0.057783
1677.6	7.7184	0.056403
1678	7.8273	0.054966
1669.7	8.3847	0.058716
1679	8.0826	0.051888
1679.6	8.2362	0.050227
1671.6	8.6305	0.050051
1673.8	8.9946	0.048765
1682.7	8.8956	0.044553
1684.6	9.0747	0.041725
1687.4	9.6058	0.035512
1675.6	6.1446	0.23115
1675.7	6.2521	0.22129
1676.1	6.354	0.21178
1683.6	6.4922	0.17349
1683.2	6.5747	0.16829
1682.8	6.6547	0.16293
1682.4	6.7313	0.15739
1670.6	6.9115	0.15196
1666.4	6.9462	0.081668
1668.1	6.9779	0.078721
1671.2	7.038	0.073136
1672.7	7.0665	0.070488
1674.1	7.0941	0.06793
1675.6	7.1919	0.064486
1675.8	7.2617	0.063301
1676.1	7.3359	0.062081
1676.5	7.415	0.060823
1676.8	7.4999	0.059523
1677.1	7.5905	0.058189
1677.5	7.6909	0.056778
1677.9	7.7998	0.055322
1671	8.3758	0.058916
1679.5	8.2084	0.050517
1671.4	8.5934	0.050292
1673.4	8.9324	0.048855
1687.4	9.5961	0.035594
1680.7	6.2426	0.20379
1684	6.4121	0.17819
1681.4	6.8867	0.14444
1667.1	6.9598	0.080402
1668.8	6.9918	0.077429
1673.4	7.0811	0.069134
1674.8	7.1088	0.06656
1675.5	7.1635	0.06498
1676.7	7.4716	0.05995
1678.8	8.0267	0.052528
1670.7	8.4501	0.053344
1673.1	8.8752	0.048983
1674.3	9.0811	0.048719
1680.4	6.2481	0.20513
1676.5	6.3622	0.20919
1683.9	6.4205	0.17771
1683.6	6.5096	0.17254
1682.8	6.6519	0.16312
1682.2	6.7579	0.15536
1681.7	6.8325	0.14928
1671.1	7.0373	0.073205
1672.4	7.0779	0.070867
1675.3	7.1342	0.065494
1675.6	7.2042	0.064276
1677.3	7.6337	0.057574
1677.7	7.7426	0.056077
1678.2	7.863	0.054511
1670.9	8.3967	0.057405
1670.7	8.4424	0.053944
1679.9	8.3286	0.049292
1684.4	9.0315	0.042394
1687.3	9.5759	0.035771
1692	10.559	0.03179
1675.1	6.2617	0.22272
1684.4	6.3347	0.1826
1683.9	6.4276	0.1773
1683.1	6.6067	0.1662
1681.6	6.8469	0.14803
1666.9	6.9547	0.080882
1668.6	6.9885	0.077737
1670.3	7.0211	0.074712
1671.9	7.0524	0.071801
1671.5	7.1525	0.071768
1675.7	7.2512	0.063597
1676.4	7.4129	0.060856
1676.8	7.5045	0.059453
1677.6	7.713	0.056477
1678.1	7.8333	0.054889
1678.6	7.968	0.053221
1678.7	8.0036	0.052799
1672.5	8.7712	0.04933
1681.5	8.7755	0.045432
1681.1	6.2516	0.20159
1684.3	6.3397	0.18226
1679.5	6.4622	0.19045
1682.5	6.7049	0.15937
1682	6.7867	0.15308
1681.6	6.8642	0.14676
1667.6	6.9695	0.079506
1669.4	7.0036	0.076332
1671.1	7.0365	0.073282
1672.7	7.0681	0.070348
1674.3	7.0985	0.067524
1675.4	7.1435	0.065331
1675.7	7.2179	0.064042
1676.3	7.3823	0.061338
1677.1	7.5736	0.058435
1675.3	7.1176	0.06579
1678.5	7.9375	0.053589
1679	8.0904	0.051801
1670.6	8.4714	0.051639
1680.5	8.4795	0.047869
1684.2	9.0001	0.042895
1685.5	9.2286	0.039557
1674.3	9.0811	0.048719
1675.5	6.1446	0.23133
1684.3	6.345	0.18197
1683.4	6.5383	0.17061
1683	6.6309	0.16466
1666.6	6.9489	0.081418
1670.2	7.0193	0.074877
1671.9	7.0524	0.071801
1673.6	7.0842	0.068844
1675.2	7.1148	0.066
1675.5	7.1863	0.064584
1676.2	7.3509	0.061839
1677	7.5422	0.058893
1677.8	7.7716	0.055692
1670.8	8.4162	0.055956
1671.9	8.676	0.049785
1685.4	9.2141	0.039749
1687.1	9.543	0.03607
1675.5	6.1446	0.23126
1681.1	6.2575	0.20101
1683.8	6.4513	0.17596
1682.4	6.7334	0.15723
1667.4	6.9645	0.07997
1669.2	7.0008	0.076599
1672.8	7.0689	0.070266
1675.7	7.2333	0.063779
1676.4	7.4103	0.060896
1677.2	7.619	0.057783
1678.2	7.874	0.054373
1670.7	8.4069	0.056717
1679.5	8.2037	0.050567
1671.6	8.6305	0.050051
1674.3	9.0811	0.048719
1685.3	9.199	0.039949
1687	9.569	0.03623
1680.6	6.2618	0.20233
1684.2	6.3567	0.18136
1682.3	6.7488	0.15606
1681.2	6.914	0.142
1668.2	6.9807	0.078466
1670.1	7.0173	0.075062
1671.9	7.0524	0.071802
1673.7	7.0861	0.068674
1675.3	7.1204	0.065741
1675.9	7.2852	0.06291
1676.3	7.3771	0.06142
1677.1	7.5858	0.058257
1677.6	7.7063	0.056568
1671.1	8.3379	0.061533
1678.7	7.9935	0.052917
1679.3	8.1704	0.050922
1674	9.0282	0.048736
1685	9.2126	0.040242
1683.2	6.5723	0.16845
1682.7	6.6711	0.16178
1681	6.9312	0.14012
1667.1	6.9589	0.080494
1669.1	6.9975	0.0769
1671	7.0345	0.073463
1672.8	7.0699	0.070174
1675.5	7.1655	0.064945
1675.8	7.2509	0.063483
1676.2	7.3429	0.061968
1670.9	8.3836	0.058357
1670.3	8.4397	0.054269
1680	8.3463	0.049118
1680.9	8.6072	0.046761
1686.9	9.5206	0.036441
1691.5	10.45	0.031792
1681.8	6.2659	0.1976
1684.2	6.3697	0.1806
1673.7	6.5398	0.20015
1683.2	6.5849	0.16763
1666.6	7.0072	0.08067
1671.9	7.0529	0.071822
1675.3	7.13	0.06557
1675.7	7.2163	0.064108
1676	7.3075	0.062543
1676.4	7.4074	0.060942
1671	8.3709	0.059263
1670.8	8.4992	0.051008
1673.1	8.8752	0.048983
1686.7	9.6526	0.036778
1675.2	6.4207	0.20823
1682.5	6.7021	0.15957
1666.7	6.9525	0.081089
1670.9	7.0334	0.073572
1672.8	7.0752	0.070244
1674.7	7.1071	0.066723
1675.5	7.1789	0.064712
1675.6	7.2832	0.063483
1676.3	7.371	0.061518
1671.3	8.2894	0.064669
1670.8	8.4178	0.055834
1672.7	8.8089	0.049187
1684.9	9.1325	0.040873
1686.7	9.5592	0.036807
1675.6	6.1446	0.23113
1682.2	6.2726	0.19542
1683.6	6.5009	0.17311
1683	6.613	0.16598
1681.2	6.9083	0.14239
1671.9	7.0524	0.071801
1673.9	7.0905	0.068266
1675.4	7.1411	0.065374
1676.1	7.3333	0.062122
1676.6	7.4426	0.060394
1677.6	7.6978	0.056683
1679.6	8.2362	0.050227
1672.3	8.7467	0.049434
1683	6.628	0.16496
1682.3	6.7365	0.157
1666.4	6.9451	0.081771
1668.1	7.0024	0.078319
1670.9	7.032	0.073696
1673	7.0723	0.069952
1674.9	7.1107	0.066386
1675.6	7.1943	0.064447
1676	7.2944	0.062758
1676.4	7.4038	0.060999
1676.9	7.5244	0.059156
1677.4	7.6591	0.057218
1671.1	8.3254	0.062372
1670.5	8.3949	0.057663
1670.7	8.4544	0.052999
1680.4	8.4555	0.048087
1684.7	9.0949	0.041422
1675.5	6.1446	0.23148
1682.2	6.2816	0.1948
1674.1	6.4523	0.20809
1683.5	6.5251	0.17154
1682.2	6.7551	0.15557
1666.4	6.9448	0.081798
1667.4	6.9645	0.07997
1669.7	7.0096	0.075779
1671.9	7.0524	0.071801
1674	7.0931	0.06802
1677.8	7.7716	0.055692
1670.9	8.3798	0.058657
1670.7	8.444	0.053821
1680.2	8.4146	0.048465
1681.4	8.7542	0.045592
1682.6	6.2853	0.19301
1684	6.4105	0.17828
1682.1	6.7749	0.15402
1673	7.0738	0.069817
1675.2	7.1148	0.066
1676.1	7.3218	0.06231
1676.6	7.4426	0.060394
1677.1	7.5774	0.058379
1671.3	8.2867	0.064833
1671	8.3641	0.059739
1670.8	8.4326	0.054708
1680.1	8.3724	0.048866
1681.3	8.7106	0.045927
1684.5	9.0536	0.042047
1674.3	9.0811	0.048719
1682.1	6.2934	0.19573
1683.3	6.5519	0.16975
1681.3	6.9017	0.14302
1667	6.9573	0.080635
1669.5	7.0062	0.076093
1671.9	7.0524	0.071801
1674.2	7.0962	0.067737
1675.5	7.1687	0.064889
1676.4	7.3994	0.061068
1676.9	7.5342	0.059011
1671.1	8.3471	0.060911
1679	8.0717	0.052012
1670.9	8.5207	0.050831
1686.3	9.4333	0.037589
1681.8	6.818	0.15051
1668.1	6.9792	0.078605
1670.7	7.0287	0.074004
1673.1	7.0755	0.06966
1675.3	7.1235	0.065689
1676.7	7.4894	0.059681
1677.3	7.6421	0.057456
1678	7.8182	0.055083
1678.8	8.0267	0.052528
1679.7	8.2833	0.049744
1681	8.6191	0.046662
1684.2	9.0082	0.042765
1675.6	6.1446	0.23113
1683.8	6.4429	0.1764
1674.5	6.6496	0.18758
1666.6	6.9489	0.081418
1669.3	7.0022	0.076462
1671.9	7.0524	0.071801
1674.4	7.0997	0.067408
1676	7.3075	0.062543
1677.2	7.5954	0.058119
1670.9	8.3908	0.057842
1673.1	8.8752	0.048983
1674.3	9.0811	0.048719
1683.7	6.3047	0.18703
1683.8	6.4555	0.17566
1667.8	6.9725	0.079225
1670.6	7.0266	0.074198
1673.2	7.0774	0.069477
1675.3	7.1372	0.065442
1676.4	7.3939	0.061155
1676.9	7.5421	0.058895
1671.2	8.2937	0.064399
1670.7	8.4519	0.053199
1680.6	8.5209	0.0475
1691.4	10.429	0.031792
1675.6	6.1446	0.23118
1682.7	6.3179	0.19223
1683	6.6223	0.16514
1681.3	6.8927	0.1439
1669.1	6.9975	0.0769
1674.6	7.1039	0.067021
1675.6	7.2074	0.06422
1676.8	7.4959	0.059583
1671	8.3542	0.060432
1672.1	8.707	0.049622
1682.7	8.9359	0.044093
1685.9	9.3176	0.03845
1693.3	10.283	0.031792
1675.5	6.1446	0.23129
1683.7	6.4842	0.17398
1682.9	6.6434	0.1637
1682	6.7905	0.15277
1670.2	6.9437	0.14449
1667.4	6.9645	0.07997
1670.5	7.0241	0.07443
1675.4	7.1538	0.065149
1676	7.2894	0.06284
1676.6	7.4426	0.060394
1677.2	7.619	0.057783
1671	8.3326	0.061925
1679	8.0826	0.051888
1671.6	8.6305	0.050051
1675.5	6.1446	0.23125
1683.6	6.5008	0.17306
1682.7	6.6664	0.16211
1668.8	6.9918	0.077429
1671.9	7.0524	0.071801
1674.8	7.1088	0.06656
1676.3	7.3867	0.061268
1671.2	8.307	0.063558
1678.8	8.0267	0.052528
1680	8.358	0.049005
1682.6	6.3423	0.18866
1683.5	6.5186	0.17189
1682.6	6.6914	0.16033
1681.6	6.8476	0.14798
1666.9	6.9547	0.080882
1670.3	7.0211	0.074712
1673.5	7.0826	0.068997
1675.5	7.1742	0.064793
1676.1	7.3279	0.062211
1676.8	7.5045	0.059453
1677.6	7.713	0.056477
1670.7	8.4849	0.05113
1681.5	8.7755	0.045432
1675.6	6.1446	0.23114
1681.4	6.8793	0.14512
1668.4	6.9848	0.07808
1671.9	7.0524	0.071801
1675.2	7.1148	0.066
1676.6	7.4426	0.060394
1677.4	7.6512	0.057329
1678.3	7.9062	0.053972
1670.7	8.464	0.052235
1681.3	8.7106	0.045927
1691.3	10.4	0.031792
1682.3	6.7488	0.15606
1670.2	6.9393	0.14562
1673.7	7.0861	0.068674
1676.3	7.3771	0.06142
1678.1	7.8408	0.054793
1679.3	8.1704	0.050922
1681	8.6426	0.04647
1685.2	9.1834	0.040161
1693.3	10.28	0.031792
1672.1	6.8398	0.16456
1671.9	7.0524	0.071801
1675.3	7.13	0.065569
1676	7.3075	0.062543
1676.9	7.5165	0.059274
1671.2	8.307	0.063558
1670	8.4309	0.055044
1673.1	8.8752	0.048983
1693.1	10.25	0.031792
1675.6	6.1446	0.23118
1669.9	7.0125	0.075507
1673.9	7.0905	0.068266
1675.7	7.2333	0.063779
1678.8	8.0267	0.052528
1674.3	9.0811	0.048719
1675.6	6.1446	0.23115
1684	6.4012	0.17881
1670.8	6.9012	0.15406
1667.4	6.9647	0.079983
1671.9	7.0524	0.071801
1675.4	7.1538	0.065149
1676.2	7.3635	0.061636
1670	8.3836	0.058703
1671.6	8.6305	0.050051
1684.6	9.0748	0.041725
1669.5	7.0062	0.076093
1674.2	7.0962	0.067737
1675.9	7.2784	0.063022
1678.2	7.863	0.054511
1679.9	8.3286	0.049292
1666.6	6.9489	0.081418
1671.9	7.0524	0.071801
1675.5	7.1863	0.064584
1676.6	7.4426	0.060394
1671.2	8.307	0.063558
1670.7	8.464	0.052234
1675.5	6.1446	0.23124
1683.7	6.4692	0.17487
1669.1	6.9975	0.0769
1674.6	7.1039	0.067021
1676.2	7.3429	0.061968
1679.2	8.136	0.051295
1671.9	7.0524	0.071801
1677	7.5632	0.058586
1670.9	8.4061	0.056708
1675.5	6.1446	0.23148
1668.4	6.9848	0.07808
1675.2	7.1148	0.066
1670.9	8.3647	0.059746
1683.2	6.5849	0.16763
1671.9	7.0524	0.071801
1671.2	8.307	0.063558
1673.1	8.8752	0.048983
1667.4	6.9645	0.07997
1671.6	8.6305	0.050051
1691.3	10.398	0.031794
1671.9	7.0524	0.071801
1670.7	8.464	0.052234
1670.9	8.4061	0.056708
1675.5	6.1447	0.23147
1671.9	7.0524	0.071801
1671.2	8.307	0.063558
1676.6	7.4426	0.060394
1671.9	7.0524	0.071801
1671.9	7.0524	0.071801
