3.7519e-02
1.4257e-01
2.2330e-01
8.9810e-04
4.8704e-02
1.9344e-01
4.3204e-01
2.5568e-01
2.2174e-02
1.9529e-01
1.7637e-02
9.6350e-02
2.0224e-01
1.6212e-02
1.3328e-01
1.6949e-02
2.6984e-01
3.7783e-02
1.0619e-01
4.8053e-02
1.1416e-02
2.9886e-02
2.6655e-02
2.1964e-01
1.1182e-01
3.7166e-02
1.3835e-01
7.0204e-02
9.7722e-02
1.1009e-01
4.5976e-01
3.8320e-02
1.9495e-03
1.1100e-01
2.5477e-01
2.1816e-01
1.6469e-02
1.6188e-01
2.2799e-01
4.0468e-02
6.3377e-02
1.1394e-01
8.0209e-02
5.2571e-02
4.5455e-02
1.7246e-02
9.3450e-02
1.5700e-01
3.2464e-01
7.7204e-02
1.5141e-01
3.7741e-02
2.9302e-02
7.8478e-02
1.1578e-01
2.6064e-01
2.5167e-02
6.8421e-01
9.4302e-02
1.9947e-01
1.1680e-01
7.9808e-02
1.8454e-01
1.4260e-01
4.5342e-02
6.0353e-01
5.9451e-02
4.5197e-02
1.8579e-01
1.6915e-01
5.3681e-02
9.4495e-01
1.2379e-01
1.4860e-01
1.6653e-02
1.5938e-02
9.9519e-03
2.3407e-01
2.0473e-01
4.6781e-01
5.9481e-02
7.4805e-03
1.2958e-01
5.5236e-01
1.0993e-01
8.8874e-03
2.4458e-01
1.3780e-02
2.5000e-01
2.4266e-01
2.4032e-01
9.2387e-02
2.1842e-02
2.1643e-01
1.8268e-01
1.4270e-01
3.7673e-01
2.1023e-01
6.3277e-02
3.5962e-01
1.1162e-01
1.2215e-01
3.6362e-01
1.5611e-01
3.2423e-01
2.3548e-01
2.8215e-02
4.6748e-02
9.7054e-02
4.6946e-03
7.7079e-01
3.6278e-01
5.0120e-02
3.7445e-02
2.2962e-02
5.7715e-02
1.5971e-01
6.9515e-02
1.6056e-01
9.1171e-02
6.6498e-03
6.7626e-02
3.5185e-01
2.7049e-01
1.4469e-01
8.7439e-02
6.5367e-01
6.4809e-02
9.7965e-02
1.2001e-01
5.8941e-02
1.2492e-01
1.0257e-01
3.3598e-01
4.3515e-01
2.3960e-01
3.6728e-01
4.9166e-02
2.7708e-02
4.4282e-02
3.2207e-01
1.5703e-01
9.7764e-02
1.0213e-02
1.3181e-01
4.5520e-02
1.4244e-01
6.1190e-02
1.6471e-01
7.1304e-01
6.1107e-02
4.7020e-02
1.2154e-01
7.0719e-02
2.3672e-02
2.3881e-02
4.7150e-02
1.5400e-01
9.7977e-02
5.2677e-02
5.7414e-02
2.3232e-02
9.3435e-02
8.2629e-01
5.9831e-02
1.4539e-02
9.7768e-01
2.1277e-02
1.2771e-01
6.6350e-02
1.3856e-01
4.9798e-01
9.8151e-01
1.1255e-01
6.1748e-02
1.2016e-02
1.2731e-01
3.3732e-01
5.7543e-02
9.5545e-02
1.0590e-01
4.2564e-02
1.2013e-01
2.2807e-01
3.4792e-01
2.8933e-01
6.0450e-02
1.9102e-01
1.5958e-01
9.4947e-01
1.7816e-02
6.8605e-02
5.0148e-01
2.6512e-02
6.8101e-02
2.7250e-01
1.0868e-01
4.9559e-02
5.5962e-02
1.2686e-01
5.1197e-02
1.5792e-01
4.6108e-01
8.3563e-02
1.7206e-01
1.3533e-01
1.3862e-01
5.8713e-02
1.9638e-01
1.0903e-01
2.5543e-01
7.1371e-02
5.8627e-02
1.3655e-01
2.1268e-01
1.2237e-02
1.5056e-01
7.8640e-02
1.5104e-01
5.4668e-02
1.0744e-01
1.5326e-01
1.8351e-02
1.2678e-01
1.0192e-01
1.2896e-01
1.3848e-01
1.9098e-01
2.7412e-01
1.6614e-01
1.6506e-01
2.0428e-02
4.7658e-02
5.3144e-01
1.9316e-01
1.0097e-01
1.1772e-01
7.2701e-02
7.0295e-02
7.6655e-02
1.2541e-01
3.1527e-01
8.2535e-02
7.1102e-02
7.0461e-02
2.0948e-01
2.7990e-01
1.2141e-01
1.2039e-01
1.3609e-01
2.7292e-01
2.6271e-01
7.6399e-02
1.5321e-01
3.4333e-01
6.5873e-03
2.4273e-02
6.2512e-03
3.1555e-02
1.1391e-01
8.4643e-02
1.3176e-01
1.6530e-01
8.1436e-01
1.2674e-01
1.1211e-01
1.4927e-01
1.4143e-01
2.1189e-03
1.1182e-01
1.0780e-01
2.2621e-02
2.7498e-01
1.5012e-01
4.4174e-02
1.3877e-02
1.1065e-01
2.3394e-02
2.3699e-02
2.0627e-01
5.9565e-01
8.7891e-02
8.6148e-03
3.3905e-03
4.8370e-02
1.2279e-01
2.3252e-01
4.6269e-01
1.3396e-01
2.8853e-01
1.8670e-02
4.7221e-02
1.4187e-01
7.6014e-02
1.3223e-01
7.7455e-02
1.2894e-01
1.7383e-01
3.1380e-02
3.3940e-01
5.0554e-02
1.7310e-01
1.0613e-01
4.1834e-01
6.3378e-02
1.2522e-01
2.7184e-02
2.3374e-01
1.1459e-01
2.0250e-02
4.5523e-02
4.8520e-01
1.3231e-01
1.2382e-01
9.0291e-02
2.8422e-02
4.0021e-01
1.0211e-01
1.8918e-01
3.6659e-01
4.0241e-01
3.1281e-01
2.0510e-01
3.9550e-02
2.6295e-02
7.7221e-02
7.2603e-02
1.9819e-01
1.0218e-01
5.4095e-01
1.5789e-01
5.7707e-02
2.2712e-01
1.4338e-01
6.0071e-02
8.0860e-02
4.8764e-02
1.1439e-01
5.9516e-01
2.3692e-01
1.2203e-01
6.0851e-02
2.9147e-01
2.2689e-01
3.5214e-01
8.5837e-04
9.0903e-02
2.5323e-01
1.3394e-01
1.6698e-01
2.3965e-01
5.1408e-02
3.5347e-01
5.4502e-04
1.2186e-01
3.5085e-01
2.0046e-01
9.0461e-03
2.0098e-02
8.7393e-02
1.1639e-01
3.0747e-01
5.4502e-04
6.5092e-03
2.8210e-01
1.3086e-01
1.3062e-01
5.4958e-02
1.6814e-01
1.0455e-01
1.8567e-01
1.6049e-02
4.1260e-01
5.2105e-02
4.4693e-02
2.9193e-02
6.9637e-01
1.2916e-01
1.2098e-01
7.5100e-01
9.0717e-02
2.8161e-02
8.9195e-02
2.3045e-01
1.8735e-01
1.9673e-01
2.8748e-01
1.0150e-01
1.0727e-01
3.9344e-03
9.0032e-02
6.1020e-02
3.5332e-01
6.6285e-02
1.4744e-01
3.5216e-01
1.3937e-01
9.4606e-02
8.3158e-01
1.0946e-01
1.4085e-02
1.4847e-01
3.2261e-02
1.7614e-01
1.2173e-01
7.0950e-02
1.9771e-02
3.4582e-01
7.3550e-02
8.4518e-01
2.8221e-02
1.0420e-02
2.3217e-01
7.5565e-02
1.9022e-01
1.0168e-01
7.3040e-03
2.0571e-01
8.3991e-02
5.5192e-02
1.5495e-01
2.0703e-02
5.5284e-02
1.8664e-01
1.3164e-01
4.8014e-02
5.6397e-03
7.2464e-02
5.4695e-02
4.0266e-01
2.6869e-01
1.7943e-01
1.0817e-01
1.9998e-01
1.7199e-01
7.7289e-01
6.7515e-02
7.0745e-02
8.3548e-01
2.5185e-01
1.0793e-01
5.6376e-01
7.2850e-01
9.9176e-02
7.2195e-02
1.9421e-01
1.4105e-02
3.5115e-02
4.6024e-02
1.4184e-01
1.1507e-01
8.2340e-02
6.6897e-02
7.9993e-02
7.8360e-01
3.7563e-02
1.5309e-02
1.0785e-01
3.5961e-01
1.3455e-01
1.6198e-01
7.3694e-02
1.4630e-01
2.1298e-01
4.3431e-01
1.8127e-01
1.9147e-01
1.5058e-01
4.9527e-02
3.3712e-03
1.3071e-01
8.4264e-02
3.2192e-02
4.0387e-01
1.5517e-01
4.0313e-02
6.2751e-02
9.6513e-02
1.4499e-01
1.6929e-02
7.2544e-02
7.4333e-02
1.4946e-01
5.1087e-02
6.0092e-02
5.0464e-03
1.5029e-01
1.7066e-02
1.1257e-01
9.8598e-03
6.7412e-02
1.3598e-01
1.0802e-01
3.3784e-01
2.3048e-02
4.2227e-02
1.3549e-01
1.1190e-01
7.8125e-03
6.9382e-02
2.1206e-03
1.3496e-01
1.8179e-02
1.6373e-01
1.7251e-01
1.1048e-01
1.9682e-01
1.3361e-01
1.2601e-01
3.0592e-01
3.2396e-02
1.6091e-01
1.4999e-01
3.1299e-01
1.3759e-01
7.1259e-01
2.8537e-02
3.5814e-01
1.7156e-01
2.3859e-03
3.4068e-01
1.4353e-01
2.0071e-01
4.9537e-01
1.2257e-01
2.5046e-02
5.9465e-02
8.7143e-02
1.9107e-02
7.7211e-02
1.4327e-01
1.8200e-01
1.1252e-01
1.4925e-02
2.4666e-01
1.4581e-01
4.2488e-02
1.5551e-01
2.2449e-01
1.7013e-01
2.5286e-02
3.3464e-01
6.6652e-02
2.1109e-01
2.8803e-01
1.1920e-01
1.5481e-01
1.1414e-01
2.3598e-01
5.6198e-02
1.2489e-01
6.0365e-02
2.0370e-01
4.9042e-01
1.3716e-01
2.0452e-01
1.0368e-01
1.2955e-01
4.7774e-01
7.8745e-02
6.3446e-01
9.7788e-02
8.3426e-02
3.7944e-02
1.1630e-01
7.2212e-01
1.9594e-02
7.1543e-01
4.1777e-01
2.7023e-01
1.6649e-02
4.9504e-02
1.4746e-01
5.3483e-01
1.0631e-02
1.1737e-01
1.7596e-01
6.0452e-02
4.9817e-02
4.3131e-03
1.4410e-01
8.0259e-02
3.5317e-01
6.6809e-02
4.7183e-02
1.1027e-01
8.7855e-02
5.2288e-01
5.3510e-02
1.6942e-01
7.0051e-01
8.6263e-02
1.1796e-01
2.3799e-03
6.6377e-01
8.3569e-02
3.3760e-02
1.5248e-01
8.2604e-02
3.4437e-02
3.8035e-02
7.8140e-02
1.1039e-01
1.1677e-01
4.2957e-01
6.9874e-03
6.6007e-02
2.2532e-02
2.9941e-02
1.2468e-01
2.3672e-01
5.5990e-02
4.2706e-01
1.0512e-01
9.8522e-02
2.0493e-01
3.2190e-02
5.3459e-02
9.4578e-02
5.9668e-02
1.3115e-01
1.9914e-02
1.2282e-01
8.7394e-02
4.4658e-01
5.5122e-02
1.1298e-01
5.3497e-02
1.1047e-01
6.7592e-01
7.8094e-02
2.9204e-01
2.0960e-01
3.6538e-01
1.1539e-01
1.4252e-02
8.8822e-02
2.3423e-01
3.7637e-01
1.1141e-01
5.2978e-01
2.4448e-01
1.2728e-01
6.0152e-01
1.3376e-01
7.2906e-02
1.8919e-01
1.4696e-01
3.6809e-02
1.2865e-01
6.3563e-01
2.4430e-02
9.1468e-02
2.0108e-01
6.6702e-03
7.0376e-01
9.5055e-02
1.4104e-01
2.7940e-01
2.1336e-01
2.7946e-01
8.8271e-02
3.7171e-01
5.1988e-02
2.6889e-01
1.2521e-01
6.8280e-02
2.5563e-02
2.4067e-01
4.9286e-02
1.2295e-01
2.4242e-02
2.0133e-01
9.9052e-02
1.9637e-01
1.3542e-01
1.4779e-02
1.4242e-01
3.1125e-01
2.0180e-01
1.2887e-01
1.6533e-02
3.7298e-01
3.4806e-03
1.1508e-01
6.0928e-01
6.1235e-01
8.6317e-02
2.4166e-01
3.9115e-01
1.1950e-01
2.9112e-01
2.1722e-01
5.5437e-02
2.5873e-01
9.0421e-02
2.3013e-02
7.5990e-02
2.5582e-02
1.5210e-01
1.0786e-01
3.7907e-01
1.4466e-01
1.9154e-01
6.8350e-02
9.6388e-02
4.1026e-01
4.0910e-02
1.5667e-01
3.0195e-02
2.6605e-01
9.8720e-02
5.0721e-01
3.1392e-02
1.9084e-01
8.0349e-02
2.4865e-01
3.0350e-01
9.6875e-01
4.0729e-01
4.0494e-02
2.1672e-02
6.3136e-02
2.4396e-01
8.0400e-02
7.0133e-02
1.9879e-01
6.7146e-01
3.9095e-02
6.4078e-02
2.6760e-01
2.3072e-01
1.2392e-01
1.1616e-01
5.3212e-02
1.9418e-02
1.8966e-01
1.7264e-01
2.4872e-02
1.1563e-01
7.5735e-02
5.1761e-02
1.4987e-01
1.0454e-01
2.5700e-01
1.1395e-01
7.9291e-02
2.4410e-02
4.9758e-02
6.9827e-01
5.5628e-02
6.8615e-02
2.6870e-01
1.3567e-01
4.9240e-02
2.2199e-01
8.4039e-02
7.6796e-02
1.4792e-01
4.7749e-02
1.2191e-01
2.1357e-01
2.2340e-01
1.7184e-01
3.2677e-02
9.5238e-02
2.4045e-02
7.8402e-02
2.0856e-01
1.4927e-01
6.2444e-01
5.0040e-02
1.0973e-01
1.1418e-01
1.1719e-01
9.4916e-02
1.1401e-01
1.0920e-01
2.9395e-02
1.9985e-01
7.9671e-02
7.6399e-01
9.2398e-02
3.0095e-02
2.0603e-02
6.0212e-02
5.5735e-02
1.5131e-01
1.7628e-01
7.9111e-03
1.2772e-01
2.4458e-01
4.8225e-02
2.6434e-01
5.1949e-01
4.4917e-01
2.0316e-01
5.6836e-01
1.0580e-01
3.0041e-01
1.7367e-01
1.7608e-01
8.3432e-02
8.2418e-02
1.2690e-02
1.9324e-01
1.1656e-01
1.5120e-01
1.2606e-01
1.0746e-01
1.1837e-01
1.2665e-01
7.5387e-02
5.2956e-01
5.9417e-02
1.6529e-02
6.9902e-01
1.3509e-01
1.5104e-02
1.4083e-01
2.8659e-01
4.0219e-01
6.7194e-02
1.8375e-01
1.2531e-01
1.6360e-01
8.8648e-02
1.0736e-01
5.5048e-02
2.8696e-01
1.4119e-02
1.1414e-01
6.4422e-02
9.6313e-02
2.4534e-01
4.3304e-02
2.9191e-01
4.0108e-02
1.6615e-01
4.8286e-02
1.3028e-01
7.2070e-02
2.0069e-01
1.5794e-01
6.6744e-02
1.1812e-01
1.9846e-01
4.0607e-02
9.5195e-02
3.4866e-02
2.5657e-03
1.4272e-01
1.0675e-02
7.7501e-02
8.7795e-02
8.6291e-02
1.1987e-01
7.2068e-02
4.6160e-02
2.4915e-02
4.5496e-01
6.1554e-02
2.4016e-01
2.5115e-01
6.3941e-02
6.9888e-02
2.2888e-01
3.3298e-01
2.3929e-01
1.4576e-01
1.0104e-01
3.7065e-03
4.4512e-01
7.1759e-02
3.5241e-01
4.6469e-01
2.8320e-02
3.8833e-02
5.9305e-02
1.3830e-01
1.3642e-01
3.2477e-02
5.9090e-02
4.7904e-01
1.6730e-01
1.3224e-01
2.2261e-01
1.2944e-01
5.6634e-02
1.4967e-01
9.7611e-02
5.3530e-01
2.9646e-02
1.3079e-01
8.9297e-02
1.1329e-01
2.7689e-01
1.2127e-01
4.4211e-02
3.4053e-01
2.3244e-02
2.0959e-01
3.0916e-02
2.7636e-01
2.7594e-01
2.1976e-01
1.1530e-01
2.2570e-01
1.9484e-01
1.2770e-01
1.1528e-01
1.1013e-01
1.4889e-01
2.1997e-01
1.0068e-01
2.3454e-01
1.8323e-03
1.4744e-01
1.8567e-01
6.5900e-01
1.9855e-01
2.4396e-01
9.7844e-03
3.4925e-01
5.4044e-01
2.7169e-01
1.0188e+00
1.0924e-01
6.0740e-02
1.2181e-01
1.0499e-02
1.3198e-01
9.4875e-02
5.1787e-02
4.7741e-01
3.3727e-02
2.8244e-01
3.3918e-01
1.1536e-02
1.4194e-01
7.5576e-02
2.0633e-01
1.4029e-01
7.6818e-03
7.4139e-02
1.4848e-02
2.0700e-01
1.6729e-01
2.1975e-01
8.7160e-02
1.0576e-01
1.3951e-01
5.4125e-02
2.5079e-01
4.5553e-02
2.4993e-01
1.4387e-02
5.5711e-02
8.8927e-02
8.2314e-02
2.5456e-01
1.5127e-01
9.9617e-02
9.4802e-02
2.7109e-01
2.0371e-01
2.6496e-01
1.8949e-01
1.4650e-02
2.7248e-01
8.1047e-02
8.2593e-02
5.1544e-02
1.0755e-01
8.0774e-02
1.4109e-01
2.4117e-01
3.9551e-01
4.3902e-02
4.9227e-01
9.7743e-02
4.6696e-02
2.2146e-02
1.1847e-02
8.9399e-02
1.4133e-01
