1.5492e-01	1.7894e-01	6.4506e-01	4.2005e-01
1.6597e-01	3.5212e-01	2.4842e-01	5.8460e-01
7.7891e-01	5.6959e-01	6.2223e-01	1.6774e-01
3.2563e-01	1.7475e-01	1.6265e-01	7.4783e-01
9.1342e-02	2.0366e-01	6.1839e-01	5.0286e-01
4.1303e-01	3.8345e-01	5.7369e-02	9.3051e-01
1.1858e-01	7.6981e-02	5.0816e-01	5.7843e-01
4.2803e-01	4.0674e-01	3.9740e-01	3.1010e-01
2.0258e-01	3.0114e-01	9.6738e-01	3.3905e-01
5.8761e-01	5.3416e-01	6.3946e-01	1.5662e-01
2.8853e-01	4.2134e-01	1.2664e-01	7.7550e-01
3.3302e-01	3.9084e-01	1.3589e-01	6.9558e-01
5.0527e-01	5.0413e-01	4.3332e-01	2.8753e-01
3.2906e-01	2.2448e-01	3.5054e-01	3.7627e-01
1.6782e-01	3.7675e-01	9.2366e-01	3.7274e-01
5.8545e-01	6.5446e-01	4.8277e-01	2.5530e-01
8.5713e-02	1.9588e-01	6.7935e-01	5.2187e-01
6.7463e-02	2.3948e-01	4.2367e-01	5.7828e-01
9.5150e-01	6.0883e-01	9.7989e-02	7.4000e-01
2.2041e-01	4.1171e-01	6.8239e-01	3.1005e-01
2.5698e-01	1.1668e-01	5.1671e-01	4.4321e-01
2.8747e-01	5.0295e-03	4.5804e-01	8.4828e-01
1.5011e-01	1.6879e-01	5.6365e-01	4.2358e-01
7.7156e-01	5.5257e-01	7.6596e-01	8.0317e-02
1.2320e-01	2.2561e-01	1.7600e-01	7.3936e-01
3.9785e-01	8.0219e-01	9.0246e-01	1.3414e-01
8.5838e-01	7.5660e-01	1.6159e-01	5.7873e-01
4.7657e-01	3.1591e-01	6.8265e-01	2.2881e-01
8.1072e-01	6.7878e-01	4.9088e-01	2.4306e-01
5.2463e-01	3.9360e-01	7.4462e-01	1.6690e-01
3.2691e-01	2.3835e-01	5.0075e-01	3.0638e-01
7.6223e-01	5.2703e-01	1.1483e-01	7.3206e-01
4.8810e-01	5.3848e-01	6.8014e-01	1.5251e-01
5.3645e-03	5.4587e-01	5.4959e-01	8.2546e-01
2.5104e-01	3.2145e-01	6.1332e-01	2.8596e-01
4.4260e-01	3.8116e-01	2.0465e-01	5.3563e-01
4.2913e-01	2.3014e-01	9.0960e-01	2.8429e-01
7.6179e-01	8.0815e-01	6.0222e-01	1.3164e-01
2.1504e-01	1.7574e-01	2.7138e-01	4.5943e-01
2.9460e-01	1.8845e-01	2.4789e-01	4.9968e-01
1.1215e-01	2.5577e-01	4.5020e-01	4.6040e-01
5.9610e-01	4.6339e-01	8.2802e-01	9.8878e-02
4.9523e-01	3.2607e-01	9.7272e-01	1.7219e-01
8.4122e-01	6.6911e-01	1.1584e-01	6.6673e-01
6.5150e-01	6.8609e-01	4.6942e-01	2.6079e-01
2.0602e-01	4.2791e-01	6.1196e-01	3.3821e-01
2.0439e-01	1.3289e-01	2.4022e-01	5.5600e-01
8.0175e-01	9.5865e-01	5.5735e-01	1.5730e-01
6.8055e-01	6.1535e-01	8.2969e-01	2.0422e-02
3.0613e-01	1.9056e-01	4.2419e-01	3.6226e-01
6.6563e-01	4.0480e-01	7.8548e-01	1.5397e-01
6.9714e-01	5.6203e-01	7.2598e-01	9.7997e-02
2.6578e-01	2.9491e-01	1.4656e-01	6.7418e-01
3.0112e-01	1.4854e-01	7.6992e-01	3.9948e-01
4.4014e-01	4.4299e-01	3.6125e-01	3.4032e-01
2.5535e-01	2.0193e-01	8.2330e-01	3.5002e-01
6.2294e-01	6.6180e-01	7.8090e-01	5.0590e-02
8.9641e-01	7.0402e-01	1.4744e-01	6.1423e-01
7.0603e-01	8.9954e-01	6.4343e-01	1.1289e-01
5.2901e-02	2.6635e-01	7.4445e-01	6.0013e-01
5.5539e-01	5.9656e-01	4.6399e-01	2.6803e-01
3.9560e-01	3.1622e-01	5.8749e-02	9.7860e-01
6.0354e-01	2.1606e-01	9.1824e-01	3.0873e-01
6.7641e-01	6.3933e-01	5.9750e-01	1.6152e-01
1.7178e-01	1.1154e-01	5.6718e-01	4.7314e-01
5.4699e-01	5.3529e-01	8.4609e-01	7.0914e-02
7.3450e-01	9.5122e-01	6.1892e-01	1.2532e-01
3.2391e-01	1.2948e-01	4.0343e-01	4.6393e-01
2.4254e-01	5.8342e-01	8.2348e-01	2.9233e-01
5.1931e-01	5.3144e-01	8.1440e-01	9.2218e-02
5.8065e-01	8.3045e-01	6.2959e-01	1.7151e-01
1.6769e-01	3.0714e-01	4.2966e-01	3.8949e-01
5.8827e-01	1.7687e-01	9.7444e-01	3.5820e-01
2.7462e-01	1.5505e-01	5.9146e-01	3.8214e-01
3.0129e-01	2.3170e-01	1.6027e-01	6.5351e-01
5.3898e-01	5.6869e-01	6.2649e-02	8.1581e-01
5.4778e-01	8.0094e-01	6.6555e-01	1.5701e-01
4.3965e-01	4.9424e-01	5.6361e-01	2.1647e-01
5.8407e-02	1.9419e-01	4.5796e-01	5.9445e-01
3.3839e-01	2.6293e-02	7.6525e-01	6.8608e-01
6.1766e-01	4.4844e-01	4.4733e-02	9.1655e-01
2.4690e-01	4.2787e-01	1.3109e-01	8.2639e-01
1.6421e-01	4.1641e-02	3.4208e-01	7.2016e-01
1.3264e-01	2.5974e-01	3.8691e-01	4.4214e-01
8.7709e-01	8.6998e-01	5.7026e-01	1.3267e-01
3.3998e-01	5.0395e-02	3.2877e-01	7.8638e-01
7.6786e-01	3.7528e-01	9.1136e-01	1.4183e-01
7.4581e-01	7.5686e-01	5.7639e-01	1.5975e-01
3.8973e-02	3.4331e-01	7.8372e-01	6.4229e-01
1.6095e-01	3.3415e-01	8.1087e-01	3.8229e-01
7.1848e-01	6.5588e-01	5.4355e-01	1.9883e-01
4.2905e-01	2.7059e-01	6.0711e-01	2.7254e-01
5.5310e-01	5.7694e-01	4.4826e-01	2.7891e-01
7.1030e-01	6.1609e-01	6.4902e-01	1.2924e-01
2.7938e-01	3.7183e-01	2.9730e-01	4.1089e-01
5.5658e-01	3.9080e-01	9.3393e-01	1.1783e-01
6.2730e-01	4.9260e-01	9.4103e-01	3.5604e-02
3.1744e-01	4.7842e-01	5.0340e-01	2.8929e-01
3.4825e-01	3.3925e-01	3.3282e-01	3.5663e-01
2.6402e-01	3.1881e-01	7.6803e-01	2.7425e-01
4.1778e-01	6.0840e-01	5.7269e-01	2.3772e-01
6.3557e-01	6.7749e-01	3.2109e-02	8.2443e-01
2.0087e-01	3.5415e-01	8.7932e-01	3.2896e-01
2.8769e-01	2.4151e-01	3.9889e-01	3.3351e-01
6.3654e-01	5.8269e-01	5.4148e-01	2.0883e-01
4.2737e-01	2.7616e-01	5.2037e-01	2.9066e-01
2.3159e-01	4.1724e-01	7.6446e-01	2.9252e-01
1.5783e-01	2.7214e-01	2.8412e-01	4.8293e-01
2.4099e-02	1.5768e-01	4.7008e-01	7.3505e-01
4.6628e-01	6.9931e-01	8.3591e-01	9.7066e-02
3.3192e-01	2.6069e-01	2.6997e-01	4.3200e-01
9.2400e-01	8.1014e-01	5.1010e-01	1.9727e-01
2.7383e-01	4.1049e-03	4.3398e-01	8.6772e-01
2.9566e-01	5.2729e-01	7.6913e-01	2.3689e-01
3.3747e-01	2.7966e-01	4.5818e-01	2.9639e-01
3.9437e-01	1.5250e-01	9.0264e-01	3.9453e-01
6.1304e-01	7.5055e-01	6.7177e-01	1.1842e-01
2.6116e-01	4.0220e-01	7.4432e-01	2.6451e-01
7.8727e-01	7.4917e-01	4.0016e-02	7.4989e-01
1.2811e-01	3.4956e-02	3.4596e-01	7.6184e-01
5.5310e-01	5.7335e-01	4.8793e-01	2.4884e-01
2.0179e-01	2.3421e-01	7.0170e-01	3.5090e-01
3.2356e-01	3.1967e-01	5.7930e-01	2.5628e-01
7.2869e-01	6.7883e-01	1.8353e-02	8.1982e-01
9.5998e-02	1.4309e-01	4.9026e-01	5.1530e-01
1.7609e-01	1.7147e-01	3.9819e-01	4.0291e-01
2.4747e-01	1.0528e-01	1.5392e-01	8.8094e-01
2.3968e-01	2.3261e-01	5.9556e-01	3.2063e-01
8.7960e-01	8.2254e-01	6.3333e-01	8.2570e-02
3.2035e-01	2.9262e-01	3.2233e-01	3.6726e-01
2.7977e-01	4.0847e-01	1.8209e-01	6.2079e-01
5.6045e-01	8.3447e-01	6.6820e-01	1.5417e-01
6.5701e-01	8.5296e-01	6.4717e-01	1.2674e-01
4.0286e-01	2.9741e-02	4.3759e-01	7.8716e-01
5.3849e-01	4.5274e-02	5.5968e-01	7.0092e-01
8.3572e-01	9.6206e-01	5.2217e-01	1.8037e-01
1.5221e-01	1.9869e-01	3.0431e-01	4.5443e-01
2.6155e-01	5.5852e-02	5.3800e-01	5.9636e-01
2.6468e-01	3.5100e-01	8.1761e-01	2.6490e-01
7.0761e-01	6.2469e-01	5.5065e-01	1.9800e-01
2.4963e-01	9.4788e-02	5.7868e-01	4.8783e-01
5.3216e-01	4.7527e-01	5.6969e-01	2.0540e-01
5.4311e-01	4.8698e-01	4.9811e-01	2.4521e-01
6.3263e-01	7.7294e-01	7.0540e-01	8.8447e-02
4.3996e-01	7.6585e-01	9.1066e-01	8.7712e-02
8.2982e-01	5.9755e-01	1.5467e-01	6.4371e-01
3.4966e-01	2.5387e-01	6.7789e-01	2.7563e-01
5.8646e-01	7.4122e-01	5.6277e-01	2.0476e-01
3.9378e-02	1.6015e-01	7.1686e-01	6.5106e-01
7.9581e-01	7.4463e-01	1.3307e-01	6.2094e-01
8.6290e-02	1.5129e-01	3.2220e-01	5.7442e-01
5.0619e-01	3.8444e-01	9.0973e-01	1.3527e-01
4.4995e-01	5.0867e-01	5.3662e-02	8.9079e-01
6.2246e-01	5.4877e-01	4.7845e-01	2.5824e-01
8.9482e-01	8.9578e-01	4.0987e-01	2.8327e-01
1.2333e-01	1.6836e-01	5.5144e-01	4.5561e-01
2.8686e-01	4.2938e-01	5.7617e-01	2.7122e-01
6.4460e-01	8.3425e-01	1.0628e-01	6.9710e-01
5.0364e-01	4.9990e-01	8.8284e-03	9.9946e-01
2.5341e-01	1.7250e-01	3.2053e-01	4.2093e-01
6.1546e-01	5.1057e-01	9.0718e-01	4.0942e-02
4.2425e-01	6.6115e-01	8.9197e-01	1.0373e-01
2.4804e-01	3.1786e-01	4.5950e-01	3.1187e-01
1.4981e-01	4.9215e-02	6.9103e-01	6.2902e-01
3.0952e-01	4.2268e-01	4.3561e-01	3.1025e-01
2.2674e-01	1.0804e-01	7.0306e-01	4.7250e-01
8.1825e-01	8.2077e-01	1.2743e-01	6.1227e-01
6.2976e-01	4.8447e-01	7.6512e-01	1.1186e-01
6.4253e-01	5.4808e-01	7.7081e-01	8.1591e-02
8.0842e-02	2.7435e-01	5.4928e-01	5.2373e-01
5.3035e-01	3.7814e-01	8.1307e-01	1.5823e-01
7.8494e-01	6.5342e-01	6.4722e-01	1.2033e-01
3.9305e-01	2.3511e-01	4.2181e-01	3.5041e-01
6.2906e-01	4.0164e-01	8.7469e-01	1.2229e-01
3.1265e-01	2.1316e-01	5.3196e-01	3.2019e-01
7.6513e-01	7.0868e-01	7.5203e-01	2.7866e-02
1.7992e-01	2.3593e-01	3.1167e-01	4.2000e-01
3.4270e-01	3.9676e-01	4.9145e-01	2.6720e-01
3.4737e-01	2.2124e-01	4.2984e-01	3.4287e-01
9.0565e-01	8.5542e-01	3.7011e-01	3.2783e-01
3.9089e-01	4.9303e-01	1.7133e-01	6.1835e-01
3.3998e-01	5.5359e-02	6.3831e-01	6.0047e-01
8.8826e-01	8.3360e-01	4.9035e-01	2.1353e-01
4.2245e-01	4.9571e-01	4.8846e-01	2.5917e-01
2.0597e-01	5.4625e-02	7.4366e-01	6.0081e-01
3.7050e-02	5.1571e-01	6.7234e-01	6.7109e-01
3.4248e-01	3.3778e-01	4.5386e-01	2.8351e-01
2.3863e-01	3.2062e-01	3.3847e-01	3.7597e-01
4.7854e-02	1.4839e-01	4.0357e-01	6.5899e-01
6.3472e-02	2.3892e-01	6.9857e-01	5.6991e-01
2.5918e-01	8.8159e-02	3.8074e-01	5.4146e-01
7.9255e-01	6.0451e-01	7.7839e-01	4.6427e-02
4.5761e-01	3.2149e-01	6.5096e-01	2.3081e-01
1.7981e-02	3.3769e-01	3.6945e-01	8.7864e-01
6.5831e-02	1.4936e-01	4.0590e-01	5.9508e-01
2.7832e-01	3.3994e-01	6.8054e-01	2.6157e-01
9.2712e-01	7.9839e-01	5.7224e-01	1.4129e-01
6.9556e-01	8.6990e-01	6.7538e-01	8.9133e-02
6.3395e-01	7.3811e-01	7.7473e-01	4.1922e-02
4.2795e-01	2.9003e-01	5.1825e-01	2.8253e-01
2.8365e-01	4.0609e-01	4.4676e-01	3.1319e-01
4.0084e-01	3.1795e-01	5.5796e-01	2.5266e-01
5.3075e-01	7.2355e-01	8.2171e-01	6.3960e-02
3.8627e-01	4.5695e-01	5.4883e-02	9.3594e-01
5.2811e-01	5.2556e-01	4.7109e-01	2.6064e-01
6.6171e-01	6.3290e-01	4.5985e-01	2.6852e-01
7.1373e-01	7.3729e-01	1.8332e-01	5.6438e-01
5.1623e-01	4.9121e-01	9.2604e-01	7.0082e-02
2.9205e-01	2.4026e-01	1.6763e-01	6.2241e-01
7.6826e-01	5.7750e-01	6.5224e-01	1.4222e-01
8.2866e-03	3.0688e-01	5.7075e-01	7.7599e-01
2.8096e-01	3.5208e-01	2.7918e-01	4.2269e-01
6.7690e-01	5.5382e-01	4.9758e-01	2.4947e-01
4.6381e-01	6.9356e-01	8.4767e-02	8.3153e-01
1.0173e-01	1.7851e-01	4.9529e-01	4.8367e-01
6.0706e-01	6.5904e-01	5.1252e-01	2.2949e-01
3.7457e-01	3.4262e-01	5.5016e-01	2.4693e-01
4.4718e-01	3.2028e-01	4.2992e-01	3.1201e-01
9.4622e-01	7.7471e-01	1.6525e-01	5.6810e-01
5.1099e-01	5.5823e-01	4.7757e-01	2.5897e-01
3.1810e-01	4.1681e-01	7.1783e-01	2.2357e-01
8.8915e-01	6.6790e-01	7.0579e-01	7.1698e-02
7.4141e-01	6.2296e-01	7.8024e-01	3.9473e-02
3.0987e-01	7.0413e-02	6.5877e-01	5.5321e-01
8.9768e-01	6.2853e-01	7.3223e-02	7.5415e-01
4.4471e-01	5.3663e-01	5.9001e-01	2.0540e-01
8.6582e-01	7.5833e-01	1.2038e-01	6.2932e-01
2.5619e-01	7.8502e-02	6.9601e-01	5.3161e-01
7.3798e-01	8.2336e-01	6.7785e-01	7.3167e-02
5.9421e-01	3.2304e-01	7.3541e-01	2.2592e-01
7.4810e-01	3.5208e-01	8.0400e-01	2.0525e-01
6.3980e-01	7.2208e-01	6.4779e-01	1.2635e-01
6.3791e-01	6.0572e-01	1.0923e-01	6.9484e-01
1.4240e-01	2.7007e-01	5.0260e-01	4.0320e-01
5.8915e-01	7.2726e-01	7.4264e-01	8.0611e-02
5.4840e-01	6.0615e-01	5.4426e-01	2.1230e-01
3.4015e-01	4.7873e-01	1.3488e-01	7.3157e-01
3.9710e-01	6.3216e-01	7.3162e-01	1.8155e-01
1.6738e-01	1.0762e-01	3.2604e-01	5.1545e-01
8.3170e-02	2.4116e-01	6.5960e-01	5.1844e-01
6.1973e-01	9.6902e-01	6.3607e-01	1.7004e-01
5.2432e-01	6.5065e-01	6.3977e-01	1.6308e-01
9.2521e-02	1.6866e-01	1.9381e-01	7.4729e-01
7.8936e-02	2.0163e-01	3.5429e-01	5.6727e-01
2.2912e-01	2.6069e-01	4.5038e-01	3.2685e-01
7.5140e-01	8.1351e-01	5.6806e-01	1.6294e-01
2.7660e-01	1.3691e-01	5.8445e-01	4.0849e-01
7.4907e-01	9.4309e-01	1.2620e-01	6.2966e-01
8.3528e-01	9.0904e-01	2.2462e-01	4.8759e-01
6.1388e-01	5.4077e-01	8.0623e-02	7.6914e-01
4.3644e-01	9.6512e-02	5.3187e-01	5.3994e-01
7.2900e-01	6.5424e-01	1.5463e-01	6.1169e-01
1.7556e-01	1.7911e-01	4.0489e-01	3.9679e-01
2.5068e-01	2.1455e-01	5.4681e-01	3.2700e-01
4.2883e-01	2.6660e-02	3.5469e-01	9.2282e-01
5.1746e-01	3.9697e-01	8.3520e-01	1.4202e-01
1.0637e-01	3.2024e-01	4.3812e-01	4.9856e-01
7.9343e-01	7.8331e-01	5.4289e-01	1.8052e-01
6.9151e-01	8.2824e-01	6.3523e-01	1.2224e-01
2.1029e-01	1.9813e-01	3.2383e-01	4.0124e-01
9.9796e-02	2.1580e-01	7.0192e-01	4.9028e-01
3.6519e-01	2.6467e-01	4.7444e-01	3.0075e-01
7.1998e-01	6.0230e-01	6.3117e-01	1.4516e-01
1.2199e-02	3.5519e-01	6.7838e-01	7.3804e-01
2.9368e-01	4.0475e-01	4.3896e-01	3.1118e-01
7.8817e-03	4.3318e-01	4.4522e-01	8.8050e-01
6.2990e-01	5.4911e-01	3.6905e-02	8.5984e-01
2.1697e-01	2.5205e-01	2.1038e-01	5.2760e-01
1.7143e-01	2.8947e-01	6.0552e-01	3.6216e-01
2.3753e-01	2.3766e-01	2.5847e-01	4.4307e-01
7.0387e-01	7.2368e-01	4.9749e-01	2.3243e-01
2.5619e-01	2.8238e-01	4.1128e-01	3.2396e-01
2.3625e-01	2.5482e-01	5.1543e-01	3.1520e-01
5.4567e-01	5.9509e-01	1.6216e-01	6.1492e-01
3.6845e-01	4.0743e-01	1.0213e-01	7.8481e-01
1.1763e-02	3.6785e-01	6.2469e-01	7.4989e-01
3.9961e-01	3.2451e-01	5.9776e-01	2.4002e-01
2.9212e-02	4.8227e-01	6.0693e-01	7.0924e-01
2.9940e-01	3.1946e-01	4.6228e-01	2.9007e-01
5.3312e-01	3.2767e-01	5.5655e-01	2.7088e-01
8.0521e-02	1.3718e-01	2.5208e-01	6.7408e-01
1.2894e-01	3.3720e-02	4.2353e-01	7.2579e-01
6.7316e-01	5.0240e-01	5.3756e-01	2.3400e-01
7.2570e-01	8.5486e-01	6.1473e-01	1.2900e-01
3.5564e-01	4.2277e-01	1.2294e-01	7.3015e-01
1.6733e-01	1.9834e-01	5.1680e-01	3.8538e-01
5.1376e-01	3.9676e-01	6.8446e-01	1.8326e-01
2.8466e-01	7.2185e-02	8.0483e-01	5.5228e-01
3.9226e-01	5.3373e-01	6.6987e-01	1.9457e-01
7.6971e-01	5.9250e-01	7.4820e-01	7.1845e-02
7.7006e-01	4.5073e-01	8.5592e-01	9.8585e-02
2.1913e-01	3.6375e-01	5.1248e-01	3.2715e-01
1.0899e-01	1.4465e-01	5.2262e-01	4.9234e-01
6.6634e-01	3.6323e-01	8.3101e-01	1.7131e-01
3.0292e-01	1.5115e-01	4.7894e-01	3.9615e-01
2.5707e-01	3.1786e-01	5.7379e-01	2.8571e-01
2.3929e-01	4.3910e-01	5.9732e-01	3.0785e-01
5.9179e-01	3.4551e-01	6.8605e-01	2.2308e-01
3.4732e-01	3.6949e-01	9.7884e-01	1.9281e-01
5.9111e-02	3.5675e-01	6.8442e-01	5.8818e-01
2.6582e-01	2.3520e-01	5.9860e-01	3.0834e-01
2.3467e-01	3.5549e-01	3.4530e-01	3.8680e-01
5.9161e-01	7.6114e-01	8.5415e-01	1.0040e-02
1.2352e-01	2.8130e-01	1.7402e-01	7.9935e-01
7.2416e-01	6.2849e-01	1.5520e-01	6.1644e-01
2.2380e-01	2.4384e-01	6.1028e-01	3.2450e-01
5.1825e-01	5.0439e-01	8.8038e-01	7.8358e-02
8.5081e-01	8.8614e-01	4.5844e-01	2.4291e-01
2.2045e-01	3.8635e-01	4.5214e-01	3.5158e-01
5.4743e-01	5.5037e-01	5.1512e-01	2.3008e-01
3.1524e-01	4.1650e-01	1.2488e-01	7.5082e-01
3.6114e-01	3.6435e-01	2.2471e-01	4.8871e-01
5.5205e-01	8.8878e-01	7.9827e-01	7.6350e-02
2.1706e-01	3.0308e-01	1.9310e-01	5.8446e-01
6.5995e-01	7.4234e-01	5.3826e-01	2.0520e-01
5.8981e-01	8.0102e-01	1.5361e-01	6.5067e-01
5.1821e-01	7.0696e-01	2.5511e-02	9.1322e-01
1.9724e-02	4.0501e-01	7.8332e-01	6.9940e-01
5.8541e-01	5.4842e-01	4.8281e-01	2.5241e-01
8.2476e-01	6.7524e-01	4.4142e-02	7.6777e-01
5.7445e-01	6.9905e-01	1.8322e-02	8.8266e-01
8.4025e-01	5.0513e-01	7.6137e-01	1.1940e-01
6.8059e-01	4.6231e-01	8.8915e-01	7.1453e-02
1.6483e-01	8.6548e-02	6.9782e-01	5.3436e-01
2.2283e-01	2.2872e-01	1.4070e-01	7.1693e-01
7.5527e-01	8.7141e-01	6.9605e-01	4.9219e-02
5.7770e-01	7.7168e-01	7.4775e-01	8.3941e-02
5.1671e-01	7.1759e-01	1.0742e-01	7.4945e-01
7.1694e-01	6.2719e-01	4.8043e-01	2.5437e-01
7.5083e-01	8.4877e-01	5.9318e-01	1.4041e-01
4.9224e-01	5.0539e-01	4.6620e-01	2.6456e-01
3.8803e-01	3.4685e-01	2.3427e-01	4.7686e-01
7.3745e-01	5.8817e-01	6.6335e-01	1.2846e-01
2.7669e-01	2.3961e-01	1.8517e-01	5.7358e-01
1.4110e-01	1.0502e-01	6.4537e-01	5.1246e-01
7.1268e-01	4.1478e-01	8.1325e-01	1.4056e-01
4.1642e-01	2.1779e-01	6.6436e-01	3.1187e-01
2.9958e-01	5.7854e-01	9.3155e-01	2.0569e-01
7.0713e-01	7.0851e-01	3.6354e-02	7.8584e-01
7.1921e-02	1.3174e-01	3.5279e-01	6.0919e-01
5.8365e-01	6.8816e-01	7.7394e-01	6.5380e-02
4.3521e-01	4.2312e-01	4.8859e-01	2.5418e-01
2.1315e-01	8.1726e-02	6.5894e-01	5.2583e-01
1.4328e-01	1.7557e-01	1.8870e-01	6.5013e-01
9.5708e-02	9.1543e-02	6.5709e-01	5.8279e-01
1.4671e-01	1.0333e-01	3.6416e-01	5.1672e-01
7.6267e-01	7.0639e-01	4.9414e-01	2.3365e-01
9.9494e-01	7.5233e-01	4.5333e-01	2.7181e-01
6.0538e-01	4.2813e-01	6.1451e-01	2.0549e-01
4.1804e-01	5.3654e-01	6.5039e-01	1.8953e-01
5.2274e-01	5.9759e-01	6.0513e-01	1.7983e-01
1.4391e-01	1.1382e-01	4.7876e-01	4.8421e-01
1.1453e-01	2.9189e-01	5.8472e-01	4.5007e-01
9.5188e-02	3.4638e-01	8.3560e-01	5.0095e-01
3.1494e-01	3.3860e-01	1.0725e-01	7.8971e-01
7.2262e-01	5.3606e-01	8.2718e-01	5.3480e-02
5.2080e-01	4.8970e-01	7.8807e-03	1.0000e+00
6.4121e-01	5.4756e-01	5.9732e-01	1.7817e-01
3.7844e-01	2.0945e-01	5.5135e-01	3.2886e-01
4.2183e-01	3.7641e-01	2.3947e-01	4.7397e-01
2.8512e-02	3.2512e-01	3.9242e-01	7.9357e-01
4.8062e-01	5.0107e-01	5.4241e-01	2.1989e-01
1.5880e-01	3.0710e-01	9.3411e-01	3.9292e-01
2.3013e-01	2.8861e-01	6.1517e-01	3.0609e-01
4.3120e-01	3.4780e-01	1.0271e-01	7.9490e-01
3.7461e-01	2.1986e-01	5.6396e-01	3.1564e-01
1.5042e-01	3.1514e-01	7.9104e-01	3.9811e-01
3.0961e-01	2.4803e-01	2.6208e-01	4.4047e-01
9.2114e-01	8.3356e-01	5.2266e-01	1.7983e-01
6.3927e-01	6.2127e-01	6.4726e-01	1.3350e-01
4.0101e-01	4.4632e-01	3.4644e-01	3.5526e-01
5.7625e-01	5.3399e-01	8.7411e-02	7.5890e-01
1.0302e-01	2.4678e-01	6.1257e-01	4.7216e-01
2.6767e-01	3.5212e-01	2.8893e-01	4.1741e-01
1.1941e-01	9.7644e-02	3.2388e-01	5.7461e-01
6.7685e-01	3.0109e-01	9.5875e-01	1.9834e-01
9.6068e-03	2.2422e-01	4.4848e-01	8.1253e-01
2.1785e-01	3.5804e-01	9.1520e-01	3.0849e-01
3.2211e-01	3.9330e-01	6.4188e-01	2.3459e-01
4.6971e-01	5.6869e-01	5.9190e-01	1.9962e-01
2.4294e-01	1.2440e-01	2.1104e-01	6.5008e-01
2.2556e-01	1.3327e-01	2.6305e-01	5.2623e-01
8.4171e-01	8.9470e-01	5.8066e-01	1.2684e-01
2.1121e-01	4.6968e-02	5.5378e-01	6.2339e-01
7.3485e-01	3.8894e-01	9.0788e-01	1.2674e-01
7.4432e-01	6.9672e-01	1.8050e-01	5.6898e-01
7.5413e-01	6.7965e-01	6.2905e-02	7.4220e-01
4.8916e-01	4.9856e-01	6.7869e-01	1.5706e-01
5.6871e-02	5.0253e-01	8.3159e-01	5.9518e-01
1.1717e-01	2.7145e-01	6.9376e-01	4.4929e-01
5.5508e-01	3.0429e-01	6.5348e-01	2.5858e-01
2.8099e-02	4.1426e-01	5.3597e-01	7.2819e-01
4.0804e-02	1.8270e-01	3.1854e-01	7.4220e-01
3.7584e-01	2.0007e-01	4.8339e-01	3.5364e-01
5.9432e-02	1.7579e-01	2.8037e-01	7.0302e-01
5.3880e-01	5.8900e-01	7.4630e-01	1.0387e-01
6.8746e-01	4.8633e-01	6.2029e-01	1.9007e-01
5.8263e-01	7.3111e-01	8.0651e-01	4.4811e-02
4.8687e-01	4.4895e-01	4.3830e-01	2.8395e-01
8.0307e-01	7.4870e-01	4.8511e-01	2.3586e-01
3.7738e-01	2.8234e-01	9.3494e-02	8.7071e-01
4.3992e-01	6.8678e-01	8.0977e-01	1.2621e-01
4.2289e-01	3.8462e-01	3.7329e-01	3.2862e-01
3.4284e-01	2.1770e-01	8.3009e-01	3.0883e-01
3.1313e-01	5.3242e-02	4.2543e-01	6.5743e-01
3.8090e-01	4.8923e-01	8.4393e-01	1.5593e-01
8.3994e-01	8.4873e-01	1.6278e-01	5.6207e-01
4.1976e-01	4.6149e-01	6.9742e-01	1.7503e-01
7.3877e-01	6.4037e-01	5.6488e-01	1.8522e-01
8.0668e-01	5.8506e-01	1.2589e-01	6.8823e-01
1.3901e-01	1.9860e-01	2.8394e-01	4.8984e-01
6.4715e-01	6.6828e-01	6.5872e-01	1.1969e-01
3.5960e-01	2.7456e-01	5.8608e-01	2.6926e-01
1.9840e-01	4.7739e-01	7.8108e-01	3.3797e-01
6.7773e-01	5.8731e-01	5.3125e-01	2.1749e-01
1.9400e-01	3.6435e-01	8.0012e-01	3.3572e-01
5.9597e-01	3.9179e-01	7.7781e-01	1.5966e-01
6.0871e-02	1.1801e-01	6.5603e-01	6.1570e-01
4.5756e-01	5.2155e-01	4.6492e-01	2.7063e-01
4.5048e-01	6.4862e-01	9.4684e-02	8.0724e-01
8.3568e-01	1.0000e+00	2.6931e-01	4.3734e-01
2.9707e-01	4.5850e-01	8.5257e-01	2.2058e-01
5.8338e-01	5.2785e-01	1.3725e-02	9.3790e-01
4.4212e-01	3.8743e-01	9.4795e-01	1.4296e-01
1.6227e-01	7.6968e-02	3.8175e-01	5.6531e-01
8.7304e-01	8.0988e-01	6.0689e-01	1.1039e-01
6.3302e-01	5.5287e-01	5.6740e-01	1.9575e-01
6.7945e-01	8.3287e-01	9.5124e-02	6.9621e-01
9.5774e-02	7.5949e-02	6.6463e-01	6.0850e-01
1.3609e-01	1.9515e-01	3.2383e-01	4.6178e-01
3.8557e-01	5.3835e-01	5.6647e-01	2.3997e-01
2.8646e-01	1.8058e-01	2.3436e-01	5.2696e-01
3.9754e-01	6.4828e-01	8.2462e-01	1.4844e-01
2.0919e-01	1.5894e-01	4.6175e-01	3.8983e-01
8.1156e-01	6.7014e-01	1.2523e-01	6.5165e-01
4.5052e-01	4.7968e-01	5.0437e-01	2.4384e-01
6.6664e-01	6.2045e-01	8.2229e-01	2.5662e-02
4.3697e-01	2.4907e-01	9.7757e-01	2.5765e-01
2.1768e-01	3.7619e-01	5.1667e-01	3.3057e-01
3.4649e-01	3.3622e-01	4.1970e-01	2.9908e-01
7.7864e-01	7.5328e-01	6.0755e-01	1.3027e-01
3.5181e-01	4.5721e-01	5.3967e-01	2.5163e-01
6.6352e-01	8.7867e-01	5.9018e-01	1.7361e-01
3.4583e-01	2.7629e-01	6.0402e-01	2.6686e-01
4.4124e-01	4.5786e-01	4.8743e-02	9.1998e-01
9.6064e-02	1.4705e-01	5.5409e-01	5.1462e-01
3.8337e-01	3.7044e-01	7.9174e-01	1.9320e-01
5.2027e-01	4.5224e-01	5.4192e-01	2.2391e-01
2.0751e-01	1.7721e-01	3.0127e-01	4.3087e-01
8.1072e-01	6.5161e-01	1.4898e-01	6.2525e-01
7.9398e-02	1.3029e-01	2.3916e-01	7.0234e-01
6.0715e-01	7.4455e-01	5.6960e-01	1.9369e-01
5.6041e-01	5.6666e-01	1.8037e-01	5.8117e-01
8.7792e-01	5.2647e-01	8.1637e-02	8.1845e-01
4.8106e-01	3.8734e-01	1.5727e-01	6.4053e-01
4.4964e-01	2.7046e-01	8.6046e-01	2.4232e-01
5.0157e-01	5.6882e-01	6.2835e-01	1.7195e-01
2.3132e-01	6.5596e-02	6.5819e-01	5.6428e-01
4.1021e-01	3.8881e-01	3.6950e-01	3.3008e-01
8.1772e-01	7.8158e-01	6.4488e-01	8.9231e-02
3.3461e-01	2.1943e-01	8.7826e-01	3.0937e-01
6.6075e-01	8.2786e-01	5.5457e-01	1.9874e-01
4.6720e-01	5.2634e-01	4.8973e-01	2.5364e-01
3.3078e-01	4.6123e-01	6.7221e-01	2.2352e-01
4.4810e-01	4.9251e-01	5.8511e-01	2.0481e-01
4.5994e-01	5.8178e-01	5.9741e-01	2.0148e-01
5.0311e-01	4.9134e-01	1.6736e-01	6.0370e-01
6.3153e-01	5.9232e-01	5.3504e-01	2.1230e-01
2.0949e-01	4.1763e-01	8.9536e-01	3.1358e-01
1.6535e-01	3.7347e-01	4.1318e-01	4.2936e-01
6.8086e-01	6.4158e-01	1.1655e-01	6.7280e-01
9.2682e-01	8.2669e-01	3.9294e-01	3.0868e-01
3.9050e-01	7.1180e-01	9.2582e-01	1.2278e-01
3.1819e-01	4.1746e-01	7.8989e-01	2.1465e-01
2.9927e-01	3.9477e-01	3.7496e-01	3.4345e-01
2.1218e-01	1.3981e-01	2.9056e-01	4.8102e-01
5.0377e-01	4.9299e-01	7.7900e-01	1.1906e-01
6.5657e-01	3.6512e-03	6.5956e-01	7.7638e-01
6.4724e-01	3.5865e-01	8.0266e-02	9.4314e-01
6.8750e-01	4.3331e-01	3.4273e-02	9.7478e-01
6.1159e-01	7.5997e-01	3.4692e-02	8.2526e-01
4.2742e-01	1.7510e-01	7.2964e-01	3.6348e-01
6.2492e-01	4.3733e-01	7.1602e-01	1.5706e-01
5.9685e-01	6.2421e-01	7.6904e-01	7.0718e-02
5.8558e-01	7.6460e-01	6.5255e-01	1.4330e-01
3.9859e-01	6.1963e-01	7.3699e-02	9.0445e-01
6.9124e-01	5.0776e-01	5.9940e-01	1.9457e-01
4.4331e-01	3.8332e-01	9.6919e-01	1.4158e-01
6.6642e-01	6.3920e-01	5.5144e-01	1.9546e-01
7.6971e-01	7.2221e-01	6.8975e-01	7.0963e-02
3.4565e-01	4.0575e-01	4.0462e-01	3.1157e-01
4.3164e-01	5.5235e-01	5.6206e-01	2.2557e-01
2.9887e-01	2.7651e-01	3.9462e-01	3.2328e-01
1.3233e-01	2.5127e-01	6.2320e-01	4.2020e-01
3.2013e-01	2.3027e-01	4.8744e-01	3.1432e-01
6.4988e-01	6.0801e-01	6.1028e-01	1.5843e-01
1.8032e-01	2.2114e-02	5.3787e-01	7.2849e-01
2.9122e-01	1.5924e-01	1.1447e-01	9.2958e-01
6.2312e-01	6.7446e-01	6.1381e-01	1.5407e-01
1.1057e-01	1.2607e-01	6.6137e-01	5.1971e-01
5.7660e-01	3.3838e-01	8.3044e-01	1.8502e-01
3.3377e-01	1.2161e-01	4.9635e-01	4.5232e-01
2.7016e-02	3.7718e-01	6.3192e-01	6.9450e-01
3.2409e-01	2.9759e-01	3.4944e-01	3.4576e-01
2.9993e-01	4.1201e-01	4.3098e-01	3.1427e-01
3.4688e-01	9.4636e-02	5.8780e-01	5.0140e-01
3.1089e-01	3.0999e-01	9.3058e-01	2.4693e-01
1.2003e-01	2.7340e-01	5.3399e-01	4.3881e-01
2.2683e-01	2.8035e-01	3.6601e-01	3.5722e-01
2.6789e-01	3.1820e-01	4.9009e-01	2.9370e-01
4.4203e-01	4.6537e-01	4.3521e-01	2.8576e-01
7.2381e-01	7.7285e-01	7.2642e-01	4.3293e-02
5.3317e-01	4.6075e-01	4.9511e-01	2.5011e-01
1.0461e-01	1.6779e-01	3.6610e-01	5.0149e-01
9.1410e-01	8.0024e-01	4.2314e-01	2.8439e-01
2.2758e-01	3.5691e-02	3.5984e-01	7.4465e-01
6.1520e-01	5.4665e-01	5.6458e-01	1.9800e-01
3.7276e-01	6.2918e-01	7.7495e-01	1.8316e-01
2.6186e-01	2.8385e-01	9.4830e-01	2.9228e-01
4.4615e-02	4.8503e-01	8.4494e-01	6.2339e-01
4.9440e-01	4.1023e-02	5.8591e-01	6.8715e-01
7.9532e-01	7.5868e-01	5.7639e-01	1.5417e-01
1.8652e-01	1.6308e-01	2.9704e-01	4.5179e-01
4.2799e-01	3.7541e-01	5.4518e-01	2.3708e-01
3.1529e-01	1.3167e-01	4.6765e-01	4.3352e-01
2.5196e-01	2.9902e-01	5.6167e-01	2.9247e-01
6.6739e-01	7.3197e-01	1.4850e-01	6.2021e-01
3.4772e-01	1.5595e-01	5.6920e-01	3.8738e-01
3.2686e-01	6.1220e-01	9.0916e-01	1.8365e-01
4.4190e-01	2.8342e-01	8.2392e-01	2.3380e-01
9.4011e-01	8.6934e-01	3.1167e-01	3.8303e-01
1.3448e-01	2.6972e-01	5.8128e-01	4.1363e-01
2.5953e-01	3.7304e-01	4.0365e-01	3.3905e-01
2.3026e-01	2.0811e-01	3.1224e-01	3.9997e-01
3.4909e-01	3.7671e-01	5.8666e-01	2.3635e-01
3.2845e-01	1.5842e-01	5.5937e-01	3.8102e-01
7.0163e-01	9.6569e-01	6.4329e-01	1.1940e-01
3.7267e-01	4.5695e-01	6.1491e-01	2.1686e-01
7.0484e-01	7.8672e-01	4.4200e-01	2.8390e-01
2.8052e-01	7.6821e-02	5.3275e-01	5.3671e-01
7.8956e-01	7.2744e-01	6.6788e-02	7.1713e-01
4.9805e-01	4.3491e-01	9.3226e-01	1.0143e-01
2.4694e-01	4.0674e-01	5.7723e-01	2.9766e-01
2.2393e-01	2.1576e-01	1.3783e-01	7.3152e-01
5.3185e-01	4.6896e-01	7.3793e-01	1.3527e-01
3.3861e-01	1.7708e-01	4.4262e-01	3.8053e-01
1.2603e-01	2.9941e-01	7.8883e-01	4.3866e-01
7.8124e-01	8.9785e-01	5.3262e-01	1.8688e-01
7.4955e-01	6.7122e-01	7.9743e-01	9.4520e-03
7.4973e-01	6.6301e-01	6.1566e-01	1.4173e-01
3.6092e-01	1.7708e-01	5.6272e-01	3.6133e-01
3.2246e-01	1.3074e-01	2.6204e-01	6.0101e-01
4.3525e-01	3.7118e-01	3.9559e-01	3.1569e-01
6.1386e-02	3.5960e-01	8.4300e-01	5.8068e-01
6.9556e-01	7.6067e-01	1.2545e-01	6.4626e-01
6.3256e-02	2.8083e-01	6.4087e-01	5.6942e-01
2.0804e-01	2.2682e-01	5.3324e-01	3.4076e-01
2.6943e-01	7.5918e-02	3.2075e-01	6.3563e-01
3.9991e-01	5.6743e-01	6.5246e-01	2.0109e-01
9.3813e-01	6.3920e-01	6.7842e-01	1.1166e-01
2.3304e-01	2.5711e-01	2.3423e-01	4.7799e-01
2.8620e-01	3.0883e-01	1.5097e-01	6.5400e-01
2.7423e-01	2.0664e-01	4.2992e-01	3.4331e-01
2.0324e-01	1.1117e-01	4.2878e-01	4.6334e-01
3.3047e-01	2.3913e-01	9.2476e-01	2.9105e-01
8.9121e-01	8.0759e-01	5.9719e-01	1.1798e-01
1.2831e-01	1.6205e-01	4.8348e-01	4.4934e-01
3.6365e-01	2.1446e-01	4.9864e-01	3.3146e-01
6.3975e-01	4.8931e-01	6.7710e-01	1.5157e-01
6.4834e-01	8.6536e-01	6.2129e-02	7.6257e-01
1.5296e-01	1.8624e-01	3.2542e-01	4.4209e-01
4.9726e-01	5.8148e-01	5.7202e-01	2.0398e-01
1.6883e-01	2.3494e-01	1.8358e-01	6.3235e-01
4.3415e-01	3.4996e-01	5.4540e-01	2.4516e-01
3.3003e-01	3.5152e-01	3.1713e-01	3.7181e-01
9.9351e-02	3.1177e-01	6.6304e-01	4.8406e-01
3.6876e-01	2.2401e-01	6.0944e-01	3.0540e-01
1.8824e-01	2.2690e-01	6.6613e-01	3.6295e-01
6.0409e-02	3.3873e-01	2.6213e-01	8.6885e-01
5.3717e-01	6.1600e-01	9.3146e-01	1.8953e-02
9.0200e-01	9.1609e-01	4.8868e-01	2.0104e-01
1.4553e-01	1.2290e-01	3.7267e-01	4.8190e-01
4.3820e-01	3.2784e-01	5.7127e-01	2.4654e-01
6.6647e-01	7.3910e-01	6.5471e-01	1.1435e-01
1.8648e-01	3.9283e-01	5.9278e-01	3.5614e-01
5.4743e-01	5.4216e-01	9.0092e-01	4.7848e-02
2.9658e-01	4.0255e-01	4.7634e-01	2.9242e-01
3.9089e-01	3.6262e-01	4.3702e-01	2.8679e-01
1.1599e-01	1.5630e-01	6.7309e-01	4.8700e-01
2.7718e-01	3.9844e-01	6.4999e-01	2.6084e-01
3.5344e-01	1.4220e-02	5.1706e-01	7.8148e-01
5.6155e-01	5.3140e-01	8.5005e-01	6.6605e-02
1.3321e-01	3.0045e-01	2.4498e-01	6.1046e-01
6.2770e-01	5.7119e-01	4.7664e-01	2.5760e-01
2.9509e-01	5.4626e-01	8.8360e-01	2.1798e-01
1.0109e-01	2.9016e-01	7.1377e-01	4.8141e-01
5.0663e-01	5.7383e-01	6.7590e-02	8.1796e-01
3.8306e-01	2.1420e-01	5.2178e-01	3.3097e-01
5.9319e-01	4.5509e-01	5.1076e-01	2.5099e-01
3.5727e-01	5.4194e-01	6.3192e-01	2.2930e-01
3.0098e-01	3.3056e-01	1.1976e-01	7.5116e-01
4.7640e-01	4.4593e-01	4.1877e-01	2.9698e-01
6.0239e-01	6.3501e-01	1.6631e-01	6.0228e-01
2.4113e-01	3.9529e-01	8.2254e-02	9.9598e-01
3.3166e-01	3.5575e-01	1.8222e-01	5.7001e-01
3.9675e-01	3.7796e-01	4.6408e-01	2.7127e-01
2.9623e-01	5.6591e-02	4.6373e-01	6.1923e-01
1.6258e-01	3.5640e-01	2.5133e-01	5.9009e-01
4.5598e-01	8.0232e-01	8.0814e-01	1.2988e-01
4.0989e-02	2.0552e-01	6.0605e-01	6.3896e-01
2.4948e-02	4.2463e-01	6.1068e-01	7.1208e-01
7.3160e-01	8.8874e-01	5.9609e-01	1.4413e-01
7.7299e-02	1.6365e-01	2.7257e-01	6.4651e-01
6.3535e-01	3.1077e-01	8.3599e-01	2.1583e-01
2.4153e-01	2.7780e-01	6.6194e-01	3.0139e-01
1.6931e-01	4.5754e-02	3.9365e-01	6.6874e-01
1.6487e-01	1.5392e-01	3.3221e-01	4.4772e-01
6.3896e-01	5.9967e-01	5.1790e-01	2.2415e-01
7.8291e-01	3.8518e-01	8.8271e-01	1.4580e-01
2.0140e-01	5.8600e-02	4.9423e-01	5.8974e-01
3.3760e-01	4.4831e-01	4.4495e-01	3.0006e-01
1.8225e-01	1.6598e-01	6.0226e-01	4.0208e-01
2.3797e-01	2.2772e-01	5.8952e-01	3.2401e-01
1.9271e-02	3.5256e-01	4.3186e-01	8.1169e-01
4.2460e-01	3.6893e-01	4.0833e-01	3.0574e-01
4.9651e-01	2.2781e-01	8.0466e-01	2.9639e-01
2.0021e-01	3.0209e-01	7.0095e-01	3.3155e-01
2.6648e-01	2.3395e-01	6.4479e-01	3.0942e-01
2.6450e-01	4.2329e-01	5.5625e-01	2.9154e-01
6.5925e-01	7.0069e-01	7.3492e-02	7.3921e-01
4.2218e-01	7.7968e-01	8.8311e-01	1.1759e-01
3.3901e-01	5.5006e-01	6.1566e-01	2.4923e-01
7.8179e-02	3.5126e-01	6.7313e-01	5.3808e-01
3.9952e-01	4.9022e-01	9.5927e-01	1.2048e-01
5.3607e-01	4.2476e-01	5.2552e-01	2.4120e-01
3.6933e-01	4.7821e-01	7.9694e-01	1.7371e-01
2.4615e-01	2.1459e-01	1.9906e-01	5.5052e-01
8.5808e-01	6.7386e-01	1.0725e-01	6.7756e-01
2.9966e-01	1.2794e-01	4.4755e-01	4.4018e-01
1.0797e-01	2.5607e-01	2.6486e-01	6.0174e-01
2.4193e-01	1.0204e-01	3.8876e-01	4.9601e-01
2.3225e-01	1.6408e-01	1.2082e-01	8.5107e-01
1.8855e-01	2.1385e-01	4.9463e-01	3.6055e-01
3.4961e-01	3.0628e-01	7.8412e-01	2.3640e-01
5.4109e-01	6.0559e-01	5.1124e-01	2.3591e-01
7.8146e-01	4.3504e-01	7.6477e-01	1.5853e-01
3.1520e-01	3.7960e-01	9.2788e-02	8.4754e-01
9.3593e-01	8.9224e-01	2.2960e-01	4.6618e-01
6.4834e-01	5.4652e-01	7.0372e-01	1.1675e-01
2.8461e-01	5.6493e-01	9.4354e-01	2.1960e-01
2.1139e-01	4.4779e-01	8.3842e-01	3.1383e-01
7.5541e-01	9.1661e-01	5.8313e-01	1.4849e-01
4.7028e-01	7.2493e-01	8.6156e-01	8.3697e-02
1.5269e-01	2.1606e-01	3.2163e-01	4.4013e-01
3.2435e-01	5.0124e-01	6.9028e-01	2.2724e-01
4.3301e-01	4.2515e-01	6.7181e-01	1.8483e-01
6.9822e-02	2.7305e-01	6.2941e-01	5.5086e-01
6.7558e-01	4.7765e-01	6.3210e-01	1.8507e-01
3.5287e-01	3.1704e-01	9.8519e-01	2.1862e-01
8.4663e-01	8.2366e-01	5.9944e-01	1.1783e-01
3.8315e-01	5.7330e-02	2.9342e-01	8.6072e-01
6.1991e-01	9.3700e-01	6.3823e-01	1.6269e-01
2.2164e-01	2.0202e-01	3.7285e-01	3.7117e-01
3.3597e-01	5.0500e-01	7.2391e-01	2.1122e-01
1.8190e-01	2.3295e-01	5.1614e-01	3.5893e-01
1.5902e-01	3.2024e-01	3.7355e-01	4.3205e-01
3.4521e-01	1.7665e-01	4.9780e-01	3.6838e-01
1.8503e-01	1.9523e-01	1.9575e-01	5.8323e-01
4.8175e-02	3.0805e-01	7.0174e-01	6.1477e-01
3.4878e-01	3.6612e-01	2.8337e-01	4.0786e-01
8.8085e-02	1.7397e-01	3.3155e-01	5.5581e-01
7.2714e-02	2.9470e-01	4.2322e-01	5.8269e-01
4.9026e-01	3.3916e-01	9.8959e-02	8.3579e-01
7.8485e-01	8.1109e-01	1.2942e-01	6.1746e-01
6.2501e-01	7.2160e-01	8.1365e-01	2.2234e-02
1.2513e-01	6.1707e-02	2.5067e-01	7.4896e-01
4.6452e-01	4.0769e-01	8.4678e-02	8.1929e-01
7.1105e-01	5.8878e-01	2.5815e-02	8.5234e-01
8.0544e-01	6.7394e-01	7.0200e-01	7.2188e-02
3.0010e-01	3.9611e-01	3.1343e-01	3.9522e-01
2.9487e-01	3.0040e-01	2.1915e-01	4.9356e-01
6.9644e-01	6.5441e-01	6.0402e-01	1.5373e-01
1.2735e-01	2.2215e-01	4.9851e-01	4.2754e-01
1.6723e-02	3.6089e-01	5.6832e-01	7.4636e-01
5.9157e-01	5.7271e-01	6.8318e-01	1.2577e-01
3.0722e-02	2.3192e-01	5.9084e-01	6.7609e-01
7.7178e-01	6.4512e-01	7.3616e-01	5.8769e-02
7.0990e-01	6.1220e-01	7.1800e-01	8.5117e-02
7.2465e-01	7.2951e-01	6.4532e-01	1.1029e-01
3.2215e-01	3.6586e-01	9.5830e-02	8.2913e-01
2.7018e-01	4.1313e-01	6.8358e-01	2.6255e-01
1.0000e+00	7.3478e-01	5.8384e-01	1.5427e-01
4.5673e-01	5.1381e-01	6.4052e-01	1.7890e-01
3.4429e-01	5.5585e-01	6.5797e-01	2.3155e-01
7.1206e-01	7.6516e-01	6.3479e-01	1.1778e-01
4.7530e-01	3.2451e-01	9.0347e-01	1.8620e-01
2.9434e-01	3.9404e-01	1.1408e-01	7.9534e-01
5.2142e-01	1.9353e-02	7.5785e-01	7.0160e-01
4.9933e-01	6.2049e-01	6.0076e-01	1.9090e-01
6.7910e-01	3.5074e-01	7.2990e-01	2.2161e-01
4.8555e-01	4.7350e-01	4.3605e-01	2.8469e-01
4.9330e-01	5.2885e-01	5.0860e-01	2.3841e-01
5.7366e-01	5.6307e-01	8.2224e-01	6.4842e-02
2.1227e-01	2.6877e-01	4.6263e-01	3.3371e-01
5.7652e-01	6.3527e-01	1.3131e-01	6.6458e-01
7.9581e-01	5.7284e-01	1.6595e-01	6.3255e-01
5.6961e-01	6.5895e-01	6.4039e-01	1.4908e-01
4.1554e-01	4.7972e-01	4.1340e-01	3.0604e-01
2.6728e-01	3.6439e-01	9.2670e-01	2.5692e-01
3.0486e-01	2.7184e-01	4.6576e-01	2.9810e-01
5.1715e-01	6.0274e-01	8.7046e-01	5.6957e-02
3.0422e-02	1.9683e-01	4.3623e-01	7.1169e-01
4.5633e-01	3.9257e-01	4.3301e-01	2.9051e-01
7.5690e-01	5.0742e-01	7.7623e-01	9.9074e-02
8.9830e-01	7.0830e-01	7.8437e-02	7.0209e-01
4.5197e-01	4.6065e-02	7.4502e-01	6.2981e-01
4.6082e-01	4.1577e-01	5.2958e-01	2.3488e-01
3.9697e-01	6.9110e-01	8.3855e-01	1.4820e-01
2.6006e-01	1.0470e-01	3.4570e-01	5.2025e-01
3.8931e-01	4.9130e-01	1.3867e-01	6.9166e-01
2.9896e-01	1.9938e-01	7.7680e-01	3.3518e-01
8.1112e-01	6.6794e-01	4.8709e-01	2.4898e-01
7.6491e-01	6.2356e-01	7.8205e-01	3.6290e-02
5.5139e-01	6.3281e-01	5.6316e-01	2.0119e-01
4.7854e-02	4.4792e-01	5.9640e-01	6.5111e-01
6.2301e-02	3.5022e-01	7.1236e-01	5.7794e-01
1.9506e-01	6.4710e-02	3.7642e-01	6.0189e-01
5.6032e-01	4.6555e-01	8.0245e-01	1.1053e-01
2.2340e-01	1.4519e-01	4.8118e-01	4.0134e-01
2.7038e-02	4.1988e-01	3.9480e-01	8.5396e-01
3.2325e-01	3.9058e-01	6.4448e-01	2.3380e-01
4.5167e-01	4.1632e-02	6.7238e-01	6.5224e-01
3.4090e-01	1.3460e-01	3.3578e-01	5.1197e-01
4.7209e-01	6.7736e-01	9.3653e-01	4.9366e-02
8.4162e-01	6.9179e-01	8.1902e-02	7.0474e-01
5.3634e-01	5.3321e-01	5.2103e-01	2.2714e-01
4.8322e-01	4.3314e-01	7.1055e-01	1.6264e-01
1.8626e-01	3.1678e-01	6.1592e-01	3.4429e-01
6.7252e-02	2.2548e-01	3.5799e-01	6.0919e-01
9.3164e-03	4.1257e-01	6.4559e-01	7.5435e-01
4.3076e-01	2.8459e-01	5.9807e-01	2.6431e-01
3.3271e-01	1.7281e-01	4.9648e-01	3.7029e-01
2.8422e-01	3.9564e-01	5.4148e-01	2.7670e-01
4.8626e-01	5.1610e-01	4.5756e-01	2.7151e-01
3.3210e-01	3.1410e-01	3.0021e-01	3.8645e-01
3.7716e-01	3.2070e-02	6.4043e-01	6.7917e-01
8.1539e-01	5.4108e-01	6.2368e-01	1.8586e-01
7.7517e-01	4.6192e-01	6.7251e-02	8.8520e-01
4.0880e-01	2.8385e-01	5.5096e-01	2.7327e-01
7.6905e-01	5.9669e-01	1.6053e-01	6.2427e-01
6.7030e-01	7.6520e-01	7.9985e-01	8.2276e-03
6.0825e-01	1.8161e-02	7.8359e-01	6.9514e-01
5.0505e-01	8.3956e-01	7.5053e-01	1.3365e-01
1.2014e-01	1.2276e-01	7.4714e-01	5.1898e-01
3.3351e-01	1.4475e-01	6.4162e-01	3.9982e-01
2.3418e-01	4.1858e-01	9.9903e-01	2.7842e-01
2.4109e-01	3.3893e-02	7.5772e-01	6.6183e-01
7.2425e-01	5.7737e-01	1.7176e-02	8.7595e-01
3.6946e-01	4.0086e-01	4.6571e-01	2.7249e-01
1.4860e-01	1.9406e-01	4.6637e-01	4.0702e-01
2.7405e-01	7.6528e-02	4.2997e-01	5.5855e-01
6.1502e-01	4.0484e-01	5.8308e-02	9.2737e-01
1.9783e-01	1.5924e-01	6.0883e-01	3.9977e-01
7.3367e-01	7.9865e-01	1.1994e-01	6.4269e-01
6.2022e-01	5.4505e-01	7.7266e-01	8.4137e-02
6.0908e-01	4.1015e-01	7.8597e-01	1.4531e-01
1.4592e-01	1.0055e-01	2.5631e-01	6.0938e-01
4.7385e-01	2.2556e-01	8.8602e-01	2.9056e-01
6.9195e-01	7.2147e-01	6.7604e-01	9.4128e-02
7.9334e-01	6.0226e-01	8.0667e-02	7.4818e-01
1.6808e-01	1.7090e-01	4.8978e-01	4.0110e-01
4.1307e-01	3.6461e-01	7.6054e-01	1.9124e-01
8.8012e-01	9.1821e-01	2.1986e-01	4.8230e-01
7.2698e-01	5.6337e-01	7.2413e-01	9.8878e-02
1.9136e-01	2.3805e-01	1.7261e-01	6.3671e-01
5.7533e-01	4.3111e-01	7.0416e-01	1.6171e-01
6.9287e-01	8.8372e-01	1.4418e-01	6.2790e-01
6.5947e-01	9.0446e-01	7.0161e-01	8.5802e-02
7.3037e-01	8.9284e-01	4.5826e-01	2.7102e-01
4.3882e-01	6.2214e-01	7.6261e-01	1.4124e-01
7.7644e-01	8.5992e-01	5.1852e-01	2.0128e-01
1.8093e-01	2.9379e-01	3.1123e-01	4.3602e-01
4.6346e-01	7.4930e-01	4.8704e-02	9.2786e-01
2.6978e-01	4.5362e-01	8.8025e-01	2.4409e-01
8.9337e-01	8.2271e-01	6.2928e-01	8.4480e-02
7.4511e-01	8.1105e-01	1.1461e-01	6.4616e-01
3.1384e-01	1.3840e-01	4.3420e-01	4.3068e-01
1.7644e-01	9.8625e-02	5.7220e-01	4.9434e-01
2.6353e-01	5.1868e-02	6.1279e-01	6.0444e-01
4.5774e-01	5.3563e-01	5.2786e-01	2.3390e-01
2.9944e-01	3.0658e-01	5.0860e-01	2.7920e-01
7.7986e-02	1.1433e-01	3.9365e-01	5.9445e-01
6.5265e-01	8.7348e-01	7.3537e-01	6.0532e-02
4.2553e-01	6.4651e-01	9.6887e-02	8.2541e-01
6.3962e-01	6.0792e-01	6.0627e-01	1.6166e-01
6.9564e-01	6.4534e-01	6.4259e-01	1.2787e-01
7.0528e-01	6.7615e-01	6.4312e-01	1.2155e-01
6.5657e-01	2.1027e-01	9.7025e-01	3.1270e-01
5.1335e-02	2.9288e-01	2.7729e-01	8.2712e-01
2.8725e-01	1.2656e-01	4.1450e-01	4.4885e-01
7.3455e-01	6.5403e-01	5.4818e-01	1.9565e-01
7.9977e-01	6.3207e-01	7.9764e-02	7.3422e-01
2.8343e-01	3.5954e-02	4.1362e-01	7.2339e-01
2.4576e-01	2.4609e-01	3.0052e-01	3.9561e-01
5.4923e-01	5.3585e-01	2.5917e-03	9.7630e-01
5.6213e-01	7.8745e-01	7.7623e-01	7.5028e-02
8.2670e-01	6.7338e-01	5.3073e-01	2.1078e-01
4.5074e-01	2.4197e-02	7.6605e-01	6.8941e-01
4.1615e-01	1.9182e-01	8.6971e-01	3.3513e-01
3.3406e-02	2.2526e-01	3.3904e-01	7.7154e-01
3.6576e-01	2.2513e-01	2.4088e-01	5.1707e-01
1.0453e-01	2.6536e-01	4.9348e-01	4.7133e-01
4.5140e-01	4.9644e-01	6.6961e-01	1.7023e-01
3.9432e-01	2.2539e-01	1.0204e-01	9.3521e-01
2.4518e-01	2.5114e-01	3.6782e-01	3.5002e-01
5.7476e-01	6.8410e-01	5.0829e-01	2.4105e-01
6.5062e-01	7.7566e-01	7.2545e-01	6.7437e-02
5.7154e-01	7.7700e-01	1.0654e-01	7.2878e-01
4.8106e-01	1.6549e-03	5.4928e-01	8.3261e-01
8.6001e-01	9.0166e-01	1.9826e-01	5.1193e-01
8.6507e-01	6.5994e-01	7.4939e-01	4.0550e-02
7.5717e-01	6.4733e-01	6.7013e-02	7.4739e-01
2.4351e-01	9.2822e-02	3.1881e-01	5.6658e-01
6.4134e-01	5.2868e-01	5.5532e-01	2.0951e-01
2.0813e-01	2.4566e-01	3.8713e-01	3.5854e-01
4.8366e-01	7.4230e-01	7.2294e-01	1.4751e-01
2.1601e-01	3.2745e-01	2.6235e-01	4.7353e-01
2.3695e-01	2.0863e-01	2.8267e-01	4.2485e-01
1.6241e-01	3.3376e-01	4.8365e-01	3.9027e-01
7.9453e-01	8.3179e-01	6.1698e-01	1.1024e-01
2.1156e-01	8.9693e-02	6.3417e-01	5.0634e-01
5.5256e-02	7.2587e-02	4.2023e-01	7.1840e-01
1.9145e-01	3.4914e-01	4.4244e-01	3.7112e-01
5.2419e-01	7.2657e-01	7.5538e-01	1.0407e-01
1.1969e-01	1.6032e-01	7.2188e-01	4.8416e-01
6.1718e-01	6.2836e-01	7.2783e-01	8.7663e-02
4.1787e-01	4.0423e-01	2.5164e-01	4.5551e-01
6.3949e-01	4.7501e-01	7.5375e-01	1.2160e-01
5.5024e-01	3.9883e-01	5.2773e-01	2.5182e-01
4.5329e-01	3.5545e-01	5.7145e-01	2.3537e-01
9.1238e-01	8.5689e-01	4.8987e-01	2.0765e-01
3.5866e-02	2.6488e-01	4.0454e-01	7.1938e-01
7.4713e-01	2.9444e-01	8.9964e-01	2.3126e-01
1.3870e-01	3.1336e-01	2.7698e-01	5.5610e-01
8.2806e-01	6.8202e-01	5.5823e-01	1.8502e-01
5.0962e-01	5.6368e-01	9.3600e-01	4.4321e-02
3.7791e-01	1.8871e-01	5.5510e-01	3.5158e-01
7.6284e-01	8.4414e-01	6.6039e-02	7.0283e-01
4.3706e-01	1.5466e-01	7.4943e-01	3.9556e-01
5.4479e-01	5.5724e-01	6.8847e-01	1.3331e-01
2.2199e-01	4.0030e-01	7.0192e-01	3.0570e-01
5.7449e-01	2.3628e-01	9.9819e-01	2.6715e-01
4.0431e-01	6.0835e-01	6.6489e-01	2.0030e-01
7.1461e-01	5.1567e-01	6.0155e-01	1.9389e-01
7.2570e-01	7.6957e-01	4.3270e-01	2.8880e-01
4.1325e-01	4.1988e-01	1.0425e-01	7.6243e-01
4.8238e-01	2.8900e-01	7.1836e-01	2.4325e-01
4.4302e-02	3.2546e-01	6.7221e-01	6.2873e-01
2.9843e-01	4.3258e-01	6.0191e-01	2.5760e-01
4.0387e-01	4.3288e-01	1.9209e-01	5.5546e-01
4.7851e-01	8.5387e-01	8.2634e-01	1.0941e-01
3.2559e-01	2.6471e-01	4.8453e-01	2.9497e-01
8.3686e-01	9.5856e-01	5.2861e-01	1.7386e-01
1.2386e-01	1.9908e-01	2.0985e-01	6.3402e-01
3.4204e-01	2.8372e-01	2.7504e-01	4.2074e-01
2.5271e-01	3.5744e-01	5.2257e-01	2.9678e-01
9.7041e-02	1.0906e-01	2.2925e-01	6.9798e-01
5.9755e-01	5.3490e-01	4.4852e-01	2.8043e-01
3.4781e-01	2.8688e-01	6.5797e-01	2.5535e-01
4.8797e-01	6.1699e-01	9.1833e-01	5.1814e-02
3.6651e-01	5.0174e-02	6.6718e-01	6.1732e-01
7.9867e-01	7.1102e-01	5.3033e-01	2.0148e-01
4.3045e-01	1.6490e-01	7.7402e-01	3.7749e-01
5.3062e-01	3.8682e-01	7.2982e-01	1.7489e-01
3.4433e-01	1.5073e-01	4.2071e-01	4.2857e-01
5.1222e-01	3.2689e-01	5.3350e-01	2.7538e-01
2.2855e-01	2.8524e-01	4.5778e-01	3.2318e-01
5.2833e-01	8.8017e-03	5.1882e-01	8.3834e-01
2.5522e-01	3.7654e-01	5.5699e-01	2.9017e-01
3.4816e-01	3.2849e-01	6.3131e-01	2.3943e-01
1.5567e-01	6.3807e-02	6.1645e-01	5.8539e-01
3.8764e-01	7.3909e-02	7.6349e-01	5.5145e-01
8.1455e-01	8.0651e-01	4.0216e-01	3.0863e-01
6.8909e-01	6.4530e-01	5.2852e-01	2.1196e-01
7.6254e-01	3.0101e-01	8.9461e-01	2.2763e-01
7.4335e-01	8.2423e-01	4.8092e-01	2.4242e-01
1.5646e-01	1.7406e-01	4.7043e-01	4.0923e-01
1.5124e-01	7.0802e-02	3.3172e-01	6.1492e-01
5.3018e-01	8.4713e-01	8.0501e-01	8.2521e-02
3.7479e-01	1.8080e-01	8.3732e-01	3.5109e-01
5.1248e-01	2.1476e-01	9.7333e-01	2.9859e-01
3.0867e-02	3.2685e-01	3.3494e-01	8.5656e-01
1.8635e-01	2.7906e-01	6.9905e-01	3.5031e-01
3.2154e-01	2.9712e-01	2.2735e-01	4.8068e-01
4.7116e-01	1.6100e-02	7.2986e-01	7.1801e-01
4.7952e-01	6.1777e-01	7.8046e-01	1.1127e-01
5.1464e-01	5.9673e-01	1.5629e-02	9.4236e-01
2.6327e-01	5.0387e-01	7.4066e-01	2.7048e-01
1.8388e-01	2.3006e-01	3.7333e-01	3.8205e-01
5.7801e-01	4.0324e-01	7.5529e-01	1.5872e-01
1.1592e-01	2.1614e-01	6.5185e-01	4.5629e-01
2.6617e-01	7.9349e-02	2.0875e-01	8.2942e-01
3.6268e-01	2.5633e-01	1.4396e-01	7.1193e-01
3.3742e-01	5.1563e-01	6.3307e-01	2.3654e-01
8.9390e-01	7.9238e-01	3.8951e-01	3.1980e-01
6.1383e-01	6.4560e-01	1.9200e-01	5.6305e-01
5.1733e-01	7.2424e-01	6.6956e-01	1.5730e-01
6.8059e-01	8.2997e-01	3.9263e-02	7.7722e-01
3.2928e-01	4.0752e-01	4.4932e-01	2.9154e-01
6.2233e-01	8.9967e-01	7.2876e-01	8.3746e-02
3.2206e-01	3.6738e-01	2.4322e-01	4.6369e-01
7.9004e-01	7.4135e-01	5.2522e-01	2.0128e-01
6.3826e-01	4.5820e-01	6.2245e-01	1.9315e-01
2.6787e-02	3.1760e-01	4.4958e-01	7.5048e-01
5.4624e-01	7.5289e-01	4.7011e-02	8.4892e-01
3.5010e-01	2.9020e-01	6.6829e-01	2.5222e-01
2.6633e-02	5.3002e-01	6.6546e-01	7.0234e-01
5.1596e-01	5.9738e-01	3.0007e-02	9.0426e-01
8.2736e-01	7.2346e-01	4.8074e-01	2.4389e-01
4.7547e-01	6.3341e-01	8.7015e-01	7.6595e-02
2.4862e-01	4.1478e-01	7.2404e-01	2.7778e-01
2.7656e-01	1.2591e-01	3.5046e-01	4.7774e-01
1.5985e-01	1.9182e-01	5.8348e-01	4.0036e-01
1.5408e-01	1.0301e-01	1.7428e-01	7.7144e-01
6.9855e-01	5.7793e-01	6.7484e-02	7.7849e-01
4.6262e-01	5.9483e-01	5.7568e-01	2.1407e-01
4.0541e-01	4.1547e-01	3.9131e-01	3.1427e-01
4.4053e-01	2.0292e-01	8.8681e-01	3.1956e-01
6.4006e-01	2.7543e-01	9.1498e-01	2.3625e-01
2.6353e-01	2.5745e-01	4.1608e-01	3.2421e-01
2.7159e-01	7.6826e-02	2.3692e-01	7.7555e-01
3.4323e-01	3.9235e-01	8.3004e-01	2.0001e-01
2.7128e-01	1.3463e-01	5.1168e-01	4.1310e-01
3.3452e-01	2.5884e-01	2.2978e-01	4.9194e-01
8.1380e-01	9.8747e-01	4.5760e-01	2.5080e-01
3.2316e-01	5.0565e-01	5.4038e-01	2.7768e-01
4.5153e-01	5.5780e-01	6.2905e-02	8.6420e-01
6.7426e-01	5.5063e-01	8.4772e-01	3.8640e-02
3.5155e-01	1.6978e-01	4.6285e-01	3.8817e-01
6.2378e-01	4.5029e-01	7.0372e-01	1.5549e-01
9.5049e-01	9.1872e-01	3.5799e-01	3.2484e-01
3.4319e-01	3.3225e-01	1.1386e-01	7.5875e-01
2.1477e-01	2.6061e-01	4.6585e-01	3.3234e-01
8.1495e-01	5.4739e-01	6.3501e-01	1.7449e-01
3.2994e-01	2.5395e-01	8.9218e-02	9.0342e-01
5.6402e-01	4.4036e-01	4.6325e-01	2.8052e-01
3.4394e-01	1.7211e-01	9.4786e-01	3.6745e-01
1.5484e-01	3.8237e-01	4.4209e-01	4.3636e-01
3.8183e-01	5.0158e-01	1.7675e-01	6.1541e-01
2.8637e-01	3.5787e-01	6.5784e-01	2.5555e-01
3.4288e-01	1.4338e-01	4.4725e-01	4.2965e-01
1.2969e-01	1.4602e-01	6.0949e-01	4.7020e-01
2.4862e-01	2.6990e-01	2.7072e-01	4.2421e-01
1.7116e-01	8.4413e-02	7.1404e-01	5.3700e-01
4.4775e-01	1.9890e-01	6.1892e-01	3.4678e-01
2.4184e-01	2.5391e-01	4.7664e-01	3.1755e-01
7.5153e-01	5.3559e-01	6.8089e-01	1.3977e-01
4.3820e-01	3.3164e-01	5.7216e-01	2.4443e-01
5.2001e-01	7.8897e-01	7.0919e-01	1.4163e-01
7.1613e-02	2.7076e-01	7.5701e-01	5.5081e-01
2.7973e-01	1.2155e-01	5.6647e-01	4.3455e-01
4.3956e-01	3.9870e-01	1.1090e-01	7.4514e-01
4.2632e-01	5.2060e-01	9.6602e-01	9.3932e-02
2.7502e-01	1.4618e-02	6.6873e-01	7.3706e-01
4.6975e-01	5.3373e-01	4.5756e-01	2.7548e-01
4.4036e-01	2.5088e-01	6.8287e-01	2.7871e-01
4.9985e-01	5.9703e-01	7.0874e-02	8.1454e-01
2.7066e-01	3.4754e-01	4.8423e-01	2.9468e-01
3.2616e-01	3.1358e-01	6.5705e-01	2.4825e-01
8.7907e-01	6.2451e-01	1.6000e-01	6.3196e-01
3.0076e-01	3.7770e-01	2.9629e-01	4.0555e-01
2.0038e-01	2.8276e-02	6.3109e-01	6.8862e-01
7.6394e-01	8.0729e-01	3.5380e-02	7.4940e-01
3.2096e-01	5.4255e-01	1.0000e+00	1.7087e-01
1.2252e-01	2.8269e-01	3.1255e-01	5.2334e-01
3.3830e-01	3.8864e-01	5.0216e-01	2.6402e-01
3.3122e-01	3.0459e-01	4.5258e-01	2.9066e-01
3.6400e-01	2.3740e-01	8.1519e-01	2.8518e-01
1.4591e-01	3.0108e-02	4.5522e-01	7.2197e-01
6.7681e-01	8.7832e-01	5.9873e-01	1.6108e-01
4.6086e-01	3.9352e-01	4.8938e-01	2.5878e-01
3.5516e-01	5.7361e-01	6.4858e-01	2.3126e-01
7.8494e-01	7.6862e-01	5.6042e-02	7.2242e-01
1.0239e-01	2.2301e-01	3.0717e-01	5.4410e-01
3.9679e-01	7.1841e-01	7.4507e-01	1.9257e-01
7.6003e-01	6.8384e-01	4.3014e-02	7.7154e-01
4.4313e-01	4.7665e-01	8.9219e-01	1.1416e-01
4.6236e-01	4.3945e-01	1.6741e-01	6.0351e-01
6.0402e-01	8.0720e-01	7.8901e-01	4.4468e-02
3.0495e-01	6.4629e-01	8.1479e-01	2.3527e-01
1.9942e-01	1.3870e-01	2.0650e-01	6.1075e-01
2.5359e-01	2.2639e-01	1.5740e-01	6.5508e-01
3.9699e-02	1.3328e-01	4.6316e-01	6.8152e-01
7.5224e-01	5.4030e-01	6.9711e-01	1.2743e-01
4.0863e-01	1.1429e-02	7.5653e-01	7.3304e-01
2.1517e-01	1.6347e-01	5.3227e-01	3.8200e-01
2.0038e-01	1.3352e-01	4.6219e-01	4.2377e-01
5.3651e-01	4.2446e-01	7.4276e-02	8.4480e-01
4.0414e-01	4.0514e-01	4.2230e-01	2.9306e-01
5.3321e-01	3.5515e-01	5.2746e-01	2.6803e-01
1.4294e-01	2.6030e-01	5.1208e-01	4.0129e-01
2.5852e-01	7.1165e-02	3.0973e-01	6.5890e-01
6.6651e-01	6.4957e-01	4.5593e-01	2.7132e-01
2.7625e-01	1.0486e-01	5.1393e-01	4.6927e-01
1.4775e-01	1.4294e-01	4.3363e-01	4.4493e-01
8.6666e-01	5.9876e-01	6.5088e-01	1.4555e-01
8.7181e-01	7.1620e-01	5.4016e-01	1.9359e-01
2.0866e-01	2.1372e-01	1.6397e-01	6.5018e-01
7.1452e-01	6.2140e-01	6.1597e-01	1.5084e-01
1.4763e-01	5.4828e-02	3.0916e-01	6.9435e-01
4.9889e-01	4.7233e-01	4.8683e-01	2.5163e-01
5.4633e-01	4.5202e-01	9.3080e-01	7.9534e-02
7.3063e-01	6.7105e-01	8.1634e-01	0.0000e+00
2.7511e-01	8.3709e-02	2.2193e-01	7.8765e-01
9.0459e-01	8.0716e-01	6.2637e-01	8.9965e-02
5.7933e-01	6.3964e-01	6.9129e-01	1.1646e-01
4.1074e-01	5.7232e-01	8.8673e-01	1.1754e-01
5.6402e-01	1.4799e-02	5.9913e-01	7.7090e-01
1.2633e-01	2.8117e-01	4.2023e-01	4.4767e-01
1.4235e-01	2.5521e-01	7.8205e-01	4.1780e-01
3.1942e-01	5.3166e-01	9.7192e-01	1.7817e-01
1.8687e-01	8.3298e-02	6.1495e-01	5.2554e-01
5.7687e-01	5.7007e-01	4.4535e-01	2.8038e-01
5.7436e-01	4.7155e-01	8.6231e-01	8.5068e-02
9.6244e-02	2.3109e-01	5.7374e-01	4.8538e-01
1.7631e-01	1.7631e-01	1.3457e-01	7.8848e-01
3.3157e-01	8.3126e-02	6.6745e-01	5.2309e-01
1.4128e-01	1.7155e-01	1.5564e-01	7.5263e-01
2.9183e-01	4.8845e-01	6.4281e-01	2.6181e-01
4.4639e-01	3.5515e-01	7.4066e-01	1.9359e-01
5.5698e-01	5.8126e-01	0.0000e+00	9.5901e-01
3.1705e-01	2.0062e-02	6.9676e-01	7.1257e-01
1.8652e-01	3.3104e-01	1.3457e-01	8.3599e-01
9.7688e-02	9.2208e-02	5.3491e-01	5.7481e-01
1.3582e-01	2.1139e-01	1.4026e-01	8.2159e-01
3.2140e-01	3.0304e-01	6.5656e-01	2.5403e-01
3.2594e-01	2.7530e-01	3.6553e-01	3.4032e-01
5.4091e-01	5.0457e-01	6.2319e-02	8.3236e-01
6.6541e-01	7.6676e-01	1.1923e-01	6.6419e-01
6.3852e-01	7.8145e-01	7.5419e-01	5.1912e-02
5.9412e-01	5.5235e-01	5.5144e-01	2.0525e-01
4.5290e-01	5.9435e-01	6.2007e-01	1.9443e-01
6.6977e-01	6.5260e-01	5.7833e-01	1.7425e-01
4.5228e-01	3.9032e-01	7.4105e-01	1.7567e-01
7.4867e-01	9.1388e-01	6.5039e-01	9.0357e-02
4.2394e-01	3.3246e-01	7.4498e-01	2.0834e-01
6.8508e-01	5.5659e-01	8.1788e-01	5.0100e-02
4.3134e-01	2.6385e-01	5.2627e-01	2.9869e-01
3.5621e-01	4.9591e-02	6.7040e-01	6.1766e-01
1.1661e-01	8.4115e-02	4.5337e-01	5.6746e-01
5.1416e-01	4.9493e-01	6.5330e-01	1.6372e-01
6.3267e-01	5.7322e-01	5.7639e-01	1.8635e-01
3.3461e-01	4.6697e-01	6.8446e-01	2.1867e-01
1.5337e-01	3.8444e-01	7.2012e-01	3.9390e-01
1.6342e-01	3.9663e-01	6.3690e-01	3.8420e-01
2.3629e-01	2.8031e-01	9.0255e-01	3.1309e-01
3.6950e-01	1.8391e-01	5.8489e-01	3.5183e-01
7.8036e-01	4.3755e-01	8.8289e-01	9.7507e-02
3.3892e-01	3.7770e-01	4.4288e-01	2.8826e-01
3.8007e-01	1.6788e-01	6.8124e-01	3.6941e-01
4.0770e-01	5.0958e-01	6.6115e-01	1.8865e-01
2.8226e-02	2.3256e-01	4.3314e-01	7.2741e-01
4.2764e-01	5.3909e-01	5.8467e-01	2.1397e-01
4.0260e-01	8.0279e-01	8.8928e-01	1.3571e-01
2.9126e-01	4.7164e-01	1.0341e-01	8.8398e-01
1.4821e-01	5.6068e-02	4.7166e-01	6.1595e-01
2.4285e-01	4.3127e-02	7.3532e-01	6.3196e-01
5.3022e-01	7.9195e-01	7.1077e-01	1.3517e-01
5.8769e-01	5.7055e-01	4.5359e-01	2.7396e-01
5.0888e-01	4.7932e-02	7.8482e-01	6.2310e-01
8.1528e-02	3.0935e-01	4.5395e-01	5.5027e-01
4.0427e-01	3.8630e-01	8.9766e-01	1.6504e-01
5.5640e-01	6.8423e-01	1.3757e-01	6.6688e-01
8.3378e-01	4.5073e-01	8.7214e-01	9.6822e-02
4.9066e-01	6.4089e-01	6.9786e-01	1.4447e-01
6.4952e-01	6.1993e-01	5.4730e-01	2.0074e-01
2.1755e-01	2.6571e-01	5.8445e-01	3.2088e-01
3.9270e-01	6.3215e-02	8.8258e-01	5.7775e-01
3.4363e-01	5.2829e-01	6.1914e-01	2.3978e-01
4.6183e-01	2.7469e-01	7.5753e-02	9.9672e-01
2.2146e-01	3.2542e-01	5.0952e-01	3.1936e-01
6.4688e-01	4.7968e-01	8.3106e-01	8.5656e-02
5.3550e-01	5.5801e-01	1.3575e-02	9.4368e-01
5.2842e-01	4.7428e-01	2.0950e-01	5.3470e-01
9.5604e-01	8.2479e-01	2.5419e-01	4.5340e-01
3.2044e-01	6.7216e-02	4.9692e-01	5.8201e-01
2.5275e-01	1.4826e-01	1.4123e-01	8.1478e-01
4.0854e-01	3.8669e-01	4.9727e-01	2.5457e-01
1.0670e-01	7.2993e-02	6.0698e-01	6.0062e-01
7.0471e-01	4.2437e-01	8.1360e-01	1.3208e-01
3.9692e-01	1.8901e-01	8.9638e-01	3.3910e-01
7.9919e-01	6.9685e-01	6.6538e-01	9.3638e-02
6.0283e-01	4.7523e-01	6.0579e-01	1.9075e-01
4.0924e-01	3.2853e-01	3.9237e-01	3.2230e-01
5.8637e-01	6.7105e-01	6.5806e-01	1.3370e-01
8.8452e-01	7.3102e-01	4.5941e-01	2.6475e-01
7.2284e-01	5.2094e-01	7.1055e-01	1.2591e-01
8.4333e-01	8.4592e-01	4.7012e-01	2.3605e-01
6.0354e-01	4.5505e-01	3.2585e-02	9.4187e-01
8.2305e-01	5.5451e-01	7.5344e-01	9.0896e-02
3.9565e-01	5.8476e-01	6.3721e-01	2.1279e-01
1.8621e-01	3.1881e-01	7.3339e-01	3.4639e-01
3.3201e-01	3.4805e-02	5.8723e-01	6.7320e-01
2.9249e-01	2.7664e-01	1.5498e-01	6.4288e-01
3.9083e-02	1.4448e-01	4.3138e-01	6.8627e-01
2.7300e-01	4.5475e-01	9.3155e-01	2.3615e-01
1.1067e-01	3.5541e-01	6.3981e-01	4.6697e-01
6.5567e-02	3.5096e-01	6.0424e-01	5.7544e-01
8.1754e-01	6.7356e-01	2.7618e-02	7.9436e-01
2.8831e-01	3.1816e-01	3.5310e-01	3.4551e-01
9.7481e-02	2.4099e-01	2.2841e-01	6.9034e-01
2.6323e-01	3.7239e-01	7.6120e-01	2.6392e-01
6.9648e-01	7.7747e-01	1.4431e-01	6.1977e-01
2.3035e-01	2.8104e-01	4.8132e-01	3.1765e-01
9.0779e-02	3.2987e-01	4.5143e-01	5.3592e-01
3.1802e-01	2.7685e-01	3.5601e-01	3.4517e-01
6.2734e-01	6.0425e-01	6.0266e-01	1.6524e-01
4.1074e-01	2.5676e-01	8.6187e-01	2.5893e-01
6.1018e-01	5.4838e-01	7.4639e-01	9.6969e-02
4.7832e-02	6.2611e-01	8.4776e-01	6.1301e-01
9.3601e-01	9.2300e-01	4.2657e-01	2.5638e-01
3.8152e-01	2.4272e-01	3.7188e-01	3.6887e-01
2.7577e-01	1.3666e-01	3.6456e-01	4.4899e-01
2.2589e-02	4.5332e-01	5.0450e-01	7.7805e-01
4.7534e-01	3.8272e-01	6.2086e-01	2.0907e-01
5.9447e-01	8.1239e-01	7.5979e-01	6.9592e-02
4.3248e-01	4.7358e-01	4.3579e-01	2.8709e-01
9.7910e-01	7.5712e-01	4.9701e-01	2.2646e-01
8.2371e-01	8.5979e-01	6.0517e-01	1.1176e-01
2.5049e-02	4.2173e-01	5.5528e-01	7.3162e-01
6.3144e-01	5.1541e-01	4.5465e-01	2.8341e-01
1.9000e-01	3.2577e-01	1.5881e-01	7.3770e-01
3.6722e-01	3.6124e-01	5.3117e-01	2.4942e-01
8.8589e-01	8.2280e-01	6.3589e-01	7.9289e-02
4.6328e-01	3.0153e-01	4.5033e-01	3.1544e-01
4.8756e-02	2.7469e-01	4.8665e-01	6.3152e-01
6.8759e-01	6.9468e-01	7.1739e-01	6.9347e-02
7.6113e-01	8.3002e-01	4.5183e-01	2.6652e-01
5.9451e-01	6.9758e-01	6.8437e-01	1.1494e-01
4.3882e-01	6.0122e-01	6.3470e-01	1.9448e-01
6.7008e-01	6.3786e-01	5.8600e-01	1.7023e-01
5.4171e-01	5.1109e-01	8.7381e-01	7.0767e-02
4.9647e-01	6.4979e-01	6.1707e-01	1.8644e-01
6.2690e-01	7.9346e-01	7.7186e-01	4.4664e-02
6.4398e-01	6.4672e-01	1.6631e-01	5.9783e-01
2.9408e-01	2.1913e-01	3.1797e-01	3.9370e-01
5.6182e-01	8.4086e-01	1.3312e-01	7.0807e-01
3.3518e-01	6.8590e-02	8.7932e-01	5.6359e-01
1.6843e-01	1.8465e-01	2.0359e-01	5.8186e-01
6.4732e-01	9.0727e-01	1.5727e-01	6.3652e-01
3.1031e-01	0.0000e+00	6.1315e-01	8.0890e-01
9.9146e-01	7.2977e-01	5.0327e-01	2.3184e-01
2.9760e-01	1.2875e-01	6.2148e-01	4.2353e-01
4.9068e-02	3.8401e-01	6.4603e-01	6.2373e-01
4.9427e-01	2.6873e-01	5.8564e-01	2.9384e-01
7.3248e-01	7.9735e-01	4.5923e-01	2.6372e-01
2.6939e-01	3.4988e-01	6.4620e-01	2.6823e-01
8.9359e-01	7.4403e-01	9.6447e-02	6.6345e-01
9.3117e-01	6.4724e-01	7.1095e-01	8.0024e-02
6.2800e-01	8.7003e-01	1.5229e-01	6.4675e-01
1.8212e-01	2.7796e-02	5.6017e-01	6.9984e-01
2.9672e-01	4.2281e-01	5.9300e-01	2.5961e-01
3.5714e-01	3.2927e-01	7.0853e-01	2.2778e-01
1.8348e-01	2.0474e-01	1.4043e-01	7.4964e-01
8.9346e-01	9.1626e-01	2.7055e-01	4.2539e-01
7.9856e-02	2.2880e-01	6.1244e-01	5.2456e-01
5.4153e-01	4.6650e-01	1.1610e-01	7.1634e-01
5.1671e-01	3.4292e-01	9.2873e-01	1.6196e-01
8.2076e-01	8.2051e-01	5.0512e-01	2.0814e-01
3.0371e-01	1.3408e-01	6.9455e-01	4.1775e-01
5.9253e-01	6.0166e-01	1.3678e-01	6.5160e-01
1.2299e-01	3.0389e-02	5.5572e-01	7.1238e-01
2.0179e-01	3.8259e-01	7.6657e-01	3.2587e-01
8.9768e-01	6.8483e-01	7.2126e-01	5.1472e-02
5.9258e-01	6.3262e-02	8.7222e-01	5.7848e-01
3.0574e-01	2.4713e-01	6.7688e-01	2.8860e-01
3.3025e-01	3.4884e-01	2.5503e-01	4.4160e-01
4.1184e-01	2.2146e-01	9.1925e-01	2.9561e-01
8.5486e-01	6.3354e-01	5.1282e-02	7.8035e-01
5.3687e-01	6.3467e-01	5.5915e-01	2.0736e-01
6.8557e-01	6.3372e-01	6.2328e-01	1.4384e-01
1.3344e-01	2.0988e-01	3.2621e-01	4.6354e-01
4.8965e-01	1.3814e-02	7.4811e-01	7.2065e-01
6.8548e-01	6.3143e-01	5.0357e-02	7.8873e-01
4.7327e-01	5.0759e-01	3.2422e-02	9.4084e-01
4.3679e-01	5.6009e-01	1.1196e-01	7.4964e-01
3.2448e-01	2.4246e-01	6.9420e-01	2.8782e-01
4.1162e-01	2.3010e-01	1.1619e-01	8.8599e-01
1.6263e-01	1.6546e-01	3.0969e-01	4.5389e-01
5.6868e-01	2.1423e-02	4.0802e-01	9.4040e-01
4.0599e-01	3.4085e-01	3.7677e-01	3.2930e-01
5.2692e-01	5.5080e-01	1.5726e-02	9.4510e-01
1.7367e-01	6.1975e-02	3.8691e-01	6.0811e-01
4.9589e-01	5.6164e-01	6.4598e-01	1.6480e-01
8.1015e-01	6.2227e-01	7.6168e-01	4.9268e-02
2.5539e-01	3.8159e-01	6.7053e-01	2.7528e-01
8.2765e-02	1.7834e-01	5.2028e-01	5.2436e-01
0.0000e+00	2.5248e-01	5.0128e-01	8.3995e-01
2.5887e-01	9.3885e-02	3.4367e-01	5.4978e-01
2.0078e-01	2.7206e-01	4.6875e-01	3.4110e-01
4.5752e-01	3.8086e-01	1.3559e-01	6.8818e-01
3.4658e-01	5.6229e-01	8.6733e-01	1.7298e-01
4.5629e-01	4.5168e-01	1.8773e-01	5.6418e-01
8.6793e-01	8.8502e-01	4.5954e-01	2.3909e-01
6.6510e-01	6.4521e-01	5.4968e-01	1.9634e-01
5.4435e-01	8.1433e-01	5.1357e-02	8.5190e-01
1.6923e-01	1.6879e-01	4.2737e-01	4.0487e-01
1.5660e-01	2.0781e-01	4.6285e-01	3.9336e-01
4.7587e-01	3.6759e-01	3.9149e-01	3.2915e-01
4.8876e-01	6.9058e-01	1.9129e-02	9.5636e-01
3.0446e-01	4.0454e-01	6.7975e-01	2.3816e-01
3.9767e-01	6.0161e-01	7.4564e-01	1.7175e-01
1.4640e-01	1.6395e-01	3.0409e-01	4.7373e-01
8.2602e-03	2.8701e-01	7.0381e-01	7.5263e-01
6.8741e-01	5.8515e-01	5.8983e-01	1.7660e-01
1.7424e-01	1.1772e-01	4.9313e-01	4.5761e-01
2.0531e-01	1.7250e-01	4.1520e-01	3.8420e-01
4.5180e-01	4.1180e-01	4.1212e-01	3.0143e-01
1.9449e-01	2.1139e-01	7.0280e-01	3.6941e-01
5.5302e-01	6.1833e-01	7.1073e-01	1.1445e-01
5.8391e-01	7.4593e-01	6.5281e-02	7.8735e-01
1.2315e-01	2.0927e-01	5.7806e-01	4.3974e-01
8.3902e-01	8.3805e-01	4.8277e-01	2.2528e-01
6.7131e-01	3.9222e-01	7.0324e-01	1.9830e-01
9.1969e-01	7.9545e-01	5.3302e-01	1.7924e-01
7.7209e-01	6.5294e-01	6.6316e-02	7.4563e-01
4.3376e-01	4.2368e-01	5.5827e-01	2.2264e-01
5.7577e-01	3.9153e-01	6.3664e-01	2.0897e-01
1.0037e-01	3.3795e-01	3.1788e-01	6.1952e-01
2.8633e-01	4.9614e-01	8.8601e-02	9.6190e-01
4.6276e-01	4.8149e-01	6.4537e-01	1.7768e-01
1.2555e-01	5.3523e-02	6.6485e-01	6.3010e-01
