1.0014e+00	1.0597e+00	2.2809e+00	2.0812e+00
1.0265e+00	1.4605e+00	1.3810e+00	2.4172e+00
2.4193e+00	1.9638e+00	2.2291e+00	1.5660e+00
1.3893e+00	1.0500e+00	1.1864e+00	2.7505e+00
8.5692e-01	1.1169e+00	2.2204e+00	2.2503e+00
1.5879e+00	1.5330e+00	9.4754e-01	3.1235e+00
9.1882e-01	8.2373e-01	1.9703e+00	2.4046e+00
1.6220e+00	1.5869e+00	1.7190e+00	1.8567e+00
1.1097e+00	1.3425e+00	3.0122e+00	1.9158e+00
1.9846e+00	1.8818e+00	2.2682e+00	1.5433e+00
1.3050e+00	1.6207e+00	1.1047e+00	2.8070e+00
1.4061e+00	1.5501e+00	1.1257e+00	2.6438e+00
1.7975e+00	1.8123e+00	1.8005e+00	1.8106e+00
1.3971e+00	1.1651e+00	1.6127e+00	1.9918e+00
1.0307e+00	1.5175e+00	2.9130e+00	1.9846e+00
1.9797e+00	2.1602e+00	1.9127e+00	1.7448e+00
8.4413e-01	1.0989e+00	2.3587e+00	2.2891e+00
8.0266e-01	1.1998e+00	1.7786e+00	2.4043e+00
2.8115e+00	2.0546e+00	1.0397e+00	2.7345e+00
1.1502e+00	1.5984e+00	2.3656e+00	1.8566e+00
1.2333e+00	9.1560e-01	1.9897e+00	2.1285e+00
1.3026e+00	6.5721e-01	1.8566e+00	2.9556e+00
9.9045e-01	1.0362e+00	2.0962e+00	2.0884e+00
2.4026e+00	1.9244e+00	2.5552e+00	1.3875e+00
9.2932e-01	1.1677e+00	1.2167e+00	2.7332e+00
1.5534e+00	2.5021e+00	2.8649e+00	1.4974e+00
2.5999e+00	2.3966e+00	1.1840e+00	2.4052e+00
1.7323e+00	1.3767e+00	2.3662e+00	1.6907e+00
2.4916e+00	2.2165e+00	1.9311e+00	1.7198e+00
1.8415e+00	1.5565e+00	2.5068e+00	1.5643e+00
1.3922e+00	1.1972e+00	1.9535e+00	1.8491e+00
2.3814e+00	1.8653e+00	1.0779e+00	2.7183e+00
1.7585e+00	1.8918e+00	2.3605e+00	1.5349e+00
6.6155e-01	1.9089e+00	2.0643e+00	2.9090e+00
1.2198e+00	1.3895e+00	2.2089e+00	1.8074e+00
1.6551e+00	1.5277e+00	1.2817e+00	2.3172e+00
1.6245e+00	1.1782e+00	2.8811e+00	1.8040e+00
2.3804e+00	2.5159e+00	2.1837e+00	1.4923e+00
1.1380e+00	1.0523e+00	1.4331e+00	2.1616e+00
1.3188e+00	1.0817e+00	1.3798e+00	2.2438e+00
9.0420e-01	1.2375e+00	1.8388e+00	2.1636e+00
2.0039e+00	1.7180e+00	2.6960e+00	1.4254e+00
1.7747e+00	1.4002e+00	3.0243e+00	1.5751e+00
2.5609e+00	2.1941e+00	1.0802e+00	2.5849e+00
2.1298e+00	2.2334e+00	1.8824e+00	1.7560e+00
1.1175e+00	1.6359e+00	2.2058e+00	1.9141e+00
1.1138e+00	9.5311e-01	1.3624e+00	2.3588e+00
2.4712e+00	2.8642e+00	2.0819e+00	1.5447e+00
2.1958e+00	2.0697e+00	2.6998e+00	1.2652e+00
1.3450e+00	1.0866e+00	1.7798e+00	1.9632e+00
2.1619e+00	1.5824e+00	2.5995e+00	1.5379e+00
2.2335e+00	1.9463e+00	2.4645e+00	1.4236e+00
1.2533e+00	1.3281e+00	1.1499e+00	2.6001e+00
1.3336e+00	9.8933e-01	2.5642e+00	2.0392e+00
1.6495e+00	1.6708e+00	1.6370e+00	1.9184e+00
1.2296e+00	1.1129e+00	2.6853e+00	1.9382e+00
2.0649e+00	2.1772e+00	2.5891e+00	1.3268e+00
2.6863e+00	2.2749e+00	1.1519e+00	2.4777e+00
2.2537e+00	2.7274e+00	2.2772e+00	1.4540e+00
7.6957e-01	1.2620e+00	2.5064e+00	2.4489e+00
1.9114e+00	2.0262e+00	1.8701e+00	1.7708e+00
1.5483e+00	1.3774e+00	9.5067e-01	3.2217e+00
2.0208e+00	1.1456e+00	2.9007e+00	1.8539e+00
2.1864e+00	2.1252e+00	2.1730e+00	1.5533e+00
1.0397e+00	9.0371e-01	2.1042e+00	2.1896e+00
1.8923e+00	1.8844e+00	2.7370e+00	1.3683e+00
2.3184e+00	2.8470e+00	2.2216e+00	1.4794e+00
1.3854e+00	9.4522e-01	1.7327e+00	2.1708e+00
1.2005e+00	1.9958e+00	2.6857e+00	1.8204e+00
1.8294e+00	1.8755e+00	2.6651e+00	1.4118e+00
1.9688e+00	2.5675e+00	2.2458e+00	1.5737e+00
1.0304e+00	1.3564e+00	1.7922e+00	2.0188e+00
1.9861e+00	1.0549e+00	3.0282e+00	1.9549e+00
1.2734e+00	1.0044e+00	2.1593e+00	2.0038e+00
1.3340e+00	1.1818e+00	1.1810e+00	2.5579e+00
1.8741e+00	1.9617e+00	9.5952e-01	2.8893e+00
1.8941e+00	2.4992e+00	2.3274e+00	1.5441e+00
1.6484e+00	1.7894e+00	2.0961e+00	1.6655e+00
7.8208e-01	1.0950e+00	1.8564e+00	2.4373e+00
1.4183e+00	7.0642e-01	2.5536e+00	2.6244e+00
2.0529e+00	1.6834e+00	9.1887e-01	3.0950e+00
1.2104e+00	1.6358e+00	1.1148e+00	2.9109e+00
1.0225e+00	7.4194e-01	1.5935e+00	2.6940e+00
9.5076e-01	1.2467e+00	1.6952e+00	2.1263e+00
2.6424e+00	2.6590e+00	2.1112e+00	1.4944e+00
1.4219e+00	7.6220e-01	1.5633e+00	2.8292e+00
2.3942e+00	1.5141e+00	2.8851e+00	1.5131e+00
2.3441e+00	2.3972e+00	2.1251e+00	1.5497e+00
7.3792e-01	1.4401e+00	2.5955e+00	2.5350e+00
1.0151e+00	1.4189e+00	2.6571e+00	2.0041e+00
2.2820e+00	2.1635e+00	2.0506e+00	1.6295e+00
1.6243e+00	1.2718e+00	2.1948e+00	1.7800e+00
1.9062e+00	1.9808e+00	1.8344e+00	1.7930e+00
2.2634e+00	2.0714e+00	2.2899e+00	1.4874e+00
1.2842e+00	1.5061e+00	1.4919e+00	2.0625e+00
1.9141e+00	1.5500e+00	2.9363e+00	1.4641e+00
2.0748e+00	1.7856e+00	2.9524e+00	1.2962e+00
1.3707e+00	1.7528e+00	1.9595e+00	1.8142e+00
1.4407e+00	1.4307e+00	1.5725e+00	1.9517e+00
1.2493e+00	1.3834e+00	2.5599e+00	1.7835e+00
1.5987e+00	2.0536e+00	2.1167e+00	1.7089e+00
2.0936e+00	2.2135e+00	8.9023e-01	2.9069e+00
1.1058e+00	1.4652e+00	2.8124e+00	1.8952e+00
1.3031e+00	1.2045e+00	1.7224e+00	1.9045e+00
2.0958e+00	1.9941e+00	2.0459e+00	1.6499e+00
1.6205e+00	1.2847e+00	1.9980e+00	1.8170e+00
1.1756e+00	1.6112e+00	2.5518e+00	1.8208e+00
1.0080e+00	1.2754e+00	1.4620e+00	2.2096e+00
7.0412e-01	1.0105e+00	1.8839e+00	2.7244e+00
1.7089e+00	2.2640e+00	2.7139e+00	1.4217e+00
1.4036e+00	1.2489e+00	1.4299e+00	2.1056e+00
2.7490e+00	2.5205e+00	1.9747e+00	1.6263e+00
1.2716e+00	6.5507e-01	1.8020e+00	2.9953e+00
1.3212e+00	1.8659e+00	2.5624e+00	1.7072e+00
1.4162e+00	1.2928e+00	1.8569e+00	1.8287e+00
1.5455e+00	9.9851e-01	2.8653e+00	2.0291e+00
2.0424e+00	2.3826e+00	2.3415e+00	1.4653e+00
1.2428e+00	1.5764e+00	2.5061e+00	1.7636e+00
2.4383e+00	2.3794e+00	9.0817e-01	2.7547e+00
9.4047e-01	7.2647e-01	1.6023e+00	2.7791e+00
1.9062e+00	1.9725e+00	1.9244e+00	1.7316e+00
1.1079e+00	1.1876e+00	2.4094e+00	1.9400e+00
1.3846e+00	1.3854e+00	2.1317e+00	1.7468e+00
2.3052e+00	2.2166e+00	8.5902e-01	2.8975e+00
8.6750e-01	9.7672e-01	1.9297e+00	2.2757e+00
1.0495e+00	1.0424e+00	1.7208e+00	2.0462e+00
1.2117e+00	8.8923e-01	1.1666e+00	3.0223e+00
1.1940e+00	1.1839e+00	2.1686e+00	1.8782e+00
2.6481e+00	2.5492e+00	2.2543e+00	1.3921e+00
1.3773e+00	1.3228e+00	1.5487e+00	1.9734e+00
1.2851e+00	1.5909e+00	1.2305e+00	2.4911e+00
1.9229e+00	2.5768e+00	2.3334e+00	1.5383e+00
2.1423e+00	2.6196e+00	2.2857e+00	1.4823e+00
1.5648e+00	7.1440e-01	1.8102e+00	2.8308e+00
1.8730e+00	7.5035e-01	2.0872e+00	2.6547e+00
2.5484e+00	2.8721e+00	2.0021e+00	1.5918e+00
9.9524e-01	1.1054e+00	1.5078e+00	2.1514e+00
1.2437e+00	7.7483e-01	2.0380e+00	2.4412e+00
1.2508e+00	1.4579e+00	2.6724e+00	1.7644e+00
2.2573e+00	2.0913e+00	2.0667e+00	1.6278e+00
1.2166e+00	8.6494e-01	2.1303e+00	2.2196e+00
1.8586e+00	1.7455e+00	2.1099e+00	1.6429e+00
1.8835e+00	1.7726e+00	1.9475e+00	1.7242e+00
2.0869e+00	2.4344e+00	2.4178e+00	1.4041e+00
1.6491e+00	2.4180e+00	2.8835e+00	1.4026e+00
2.5350e+00	2.0285e+00	1.1683e+00	2.5379e+00
1.4439e+00	1.2331e+00	2.3554e+00	1.7863e+00
1.9820e+00	2.3610e+00	2.0942e+00	1.6416e+00
7.3884e-01	1.0162e+00	2.4438e+00	2.5529e+00
2.4577e+00	2.3689e+00	1.1193e+00	2.4914e+00
8.4544e-01	9.9571e-01	1.5484e+00	2.3964e+00
1.7996e+00	1.5353e+00	2.8814e+00	1.4997e+00
1.6718e+00	1.8228e+00	9.3913e-01	3.0424e+00
2.0638e+00	1.9156e+00	1.9029e+00	1.7508e+00
2.6827e+00	2.7187e+00	1.7473e+00	1.8019e+00
9.2961e-01	1.0352e+00	2.0685e+00	2.1538e+00
1.3012e+00	1.6393e+00	2.1246e+00	1.7773e+00
2.1141e+00	2.5763e+00	1.0585e+00	2.6469e+00
1.7938e+00	1.8025e+00	8.3741e-01	3.2643e+00
1.2252e+00	1.0448e+00	1.5446e+00	2.0830e+00
2.0479e+00	1.8272e+00	2.8756e+00	1.3071e+00
1.6134e+00	2.1757e+00	2.8411e+00	1.4353e+00
1.2130e+00	1.3812e+00	1.8599e+00	1.8603e+00
9.8977e-01	7.5947e-01	2.3852e+00	2.5079e+00
1.3527e+00	1.6238e+00	1.8057e+00	1.8570e+00
1.1646e+00	8.9561e-01	2.4125e+00	2.1883e+00
2.5087e+00	2.5451e+00	1.1065e+00	2.4737e+00
2.0804e+00	1.7668e+00	2.5533e+00	1.4519e+00
2.1094e+00	1.9140e+00	2.5662e+00	1.3901e+00
8.3306e-01	1.2805e+00	2.0636e+00	2.2929e+00
1.8545e+00	1.5207e+00	2.6621e+00	1.5466e+00
2.4330e+00	2.1578e+00	2.2858e+00	1.4692e+00
1.5425e+00	1.1897e+00	1.7744e+00	1.9390e+00
2.0788e+00	1.5751e+00	2.8019e+00	1.4732e+00
1.3598e+00	1.1389e+00	2.0243e+00	1.8773e+00
2.3880e+00	2.2857e+00	2.5236e+00	1.2804e+00
1.0582e+00	1.1916e+00	1.5245e+00	2.0811e+00
1.4281e+00	1.5638e+00	1.9324e+00	1.7691e+00
1.4387e+00	1.1576e+00	1.7926e+00	1.9236e+00
2.7073e+00	2.6253e+00	1.6571e+00	1.8929e+00
1.5376e+00	1.7866e+00	1.2061e+00	2.4861e+00
1.4219e+00	7.7369e-01	2.2656e+00	2.4496e+00
2.6678e+00	2.5748e+00	1.9299e+00	1.6595e+00
1.6093e+00	1.7928e+00	1.9256e+00	1.7527e+00
1.1174e+00	7.7199e-01	2.5046e+00	2.4503e+00
7.3355e-01	1.8391e+00	2.3428e+00	2.5938e+00
1.4276e+00	1.4273e+00	1.8471e+00	1.8024e+00
1.1916e+00	1.3876e+00	1.5853e+00	1.9912e+00
7.5810e-01	9.8900e-01	1.7330e+00	2.5691e+00
7.9359e-01	1.1985e+00	2.4023e+00	2.3872e+00
1.2383e+00	8.4960e-01	1.6812e+00	2.3291e+00
2.4503e+00	2.0446e+00	2.5834e+00	1.3183e+00
1.6892e+00	1.3896e+00	2.2943e+00	1.6948e+00
6.9022e-01	1.4271e+00	1.6556e+00	3.0176e+00
7.9895e-01	9.9124e-01	1.7383e+00	2.4386e+00
1.2818e+00	1.4323e+00	2.3614e+00	1.7576e+00
2.7561e+00	2.4933e+00	2.1157e+00	1.5120e+00
2.2299e+00	2.6588e+00	2.3497e+00	1.4055e+00
2.0899e+00	2.3538e+00	2.5751e+00	1.3091e+00
1.6218e+00	1.3168e+00	1.9932e+00	1.8004e+00
1.2939e+00	1.5854e+00	1.8310e+00	1.8630e+00
1.5602e+00	1.3814e+00	2.0833e+00	1.7394e+00
1.8554e+00	2.3201e+00	2.6817e+00	1.3541e+00
1.5271e+00	1.7031e+00	9.4190e-01	3.1346e+00
1.8494e+00	1.8619e+00	1.8862e+00	1.7557e+00
2.1530e+00	2.1103e+00	1.8607e+00	1.7718e+00
2.2712e+00	2.3519e+00	1.2333e+00	2.3759e+00
1.8224e+00	1.7824e+00	2.9184e+00	1.3666e+00
1.3130e+00	1.2016e+00	1.1977e+00	2.4944e+00
2.3951e+00	1.9821e+00	2.2972e+00	1.5139e+00
6.6819e-01	1.3558e+00	2.1123e+00	2.8080e+00
1.2878e+00	1.4604e+00	1.4508e+00	2.0866e+00
2.1875e+00	1.9273e+00	1.9463e+00	1.7329e+00
1.7033e+00	2.2507e+00	1.0097e+00	2.9214e+00
8.8052e-01	1.0587e+00	1.9411e+00	2.2111e+00
2.0288e+00	2.1708e+00	1.9802e+00	1.6921e+00
1.5005e+00	1.4385e+00	2.0656e+00	1.7277e+00
1.6655e+00	1.3868e+00	1.7928e+00	1.8606e+00
2.7995e+00	2.4385e+00	1.1923e+00	2.3835e+00
1.8105e+00	1.9375e+00	1.9009e+00	1.7523e+00
1.3722e+00	1.6102e+00	2.4460e+00	1.6800e+00
2.6698e+00	2.1913e+00	2.4187e+00	1.3699e+00
2.3341e+00	2.0873e+00	2.5876e+00	1.3041e+00
1.3535e+00	8.0853e-01	2.3120e+00	2.3531e+00
2.6892e+00	2.1002e+00	9.8351e-01	2.7634e+00
1.6599e+00	1.8875e+00	2.1560e+00	1.6429e+00
2.6168e+00	2.4006e+00	1.0905e+00	2.5085e+00
1.2315e+00	8.2725e-01	2.3965e+00	2.3090e+00
2.3263e+00	2.5511e+00	2.3553e+00	1.3729e+00
1.9996e+00	1.3932e+00	2.4859e+00	1.6848e+00
2.3493e+00	1.4604e+00	2.6415e+00	1.6426e+00
2.1032e+00	2.3167e+00	2.2871e+00	1.4815e+00
2.0989e+00	2.0474e+00	1.0652e+00	2.6423e+00
9.7295e-01	1.2706e+00	1.9577e+00	2.0468e+00
1.9881e+00	2.3287e+00	2.5023e+00	1.3881e+00
1.8955e+00	2.0484e+00	2.0522e+00	1.6570e+00
1.4223e+00	1.7535e+00	1.1234e+00	2.7173e+00
1.5517e+00	2.1086e+00	2.4773e+00	1.5942e+00
1.0297e+00	8.9464e-01	1.5571e+00	2.2760e+00
8.3835e-01	1.2037e+00	2.3139e+00	2.2821e+00
2.0576e+00	2.8882e+00	2.2605e+00	1.5707e+00
1.8408e+00	2.1514e+00	2.2689e+00	1.5565e+00
8.5960e-01	1.0359e+00	1.2571e+00	2.7494e+00
8.2873e-01	1.1122e+00	1.6212e+00	2.3818e+00
1.1700e+00	1.2489e+00	1.8392e+00	1.8909e+00
2.3568e+00	2.5283e+00	2.1062e+00	1.5562e+00
1.2779e+00	9.6242e-01	2.1434e+00	2.0576e+00
2.3515e+00	2.8282e+00	1.1037e+00	2.5092e+00
2.5474e+00	2.7494e+00	1.3270e+00	2.2191e+00
2.0443e+00	1.8971e+00	1.0003e+00	2.7940e+00
1.6411e+00	8.6893e-01	2.0241e+00	2.3260e+00
2.3059e+00	2.1597e+00	1.1682e+00	2.4725e+00
1.0483e+00	1.0601e+00	1.7360e+00	2.0337e+00
1.2190e+00	1.1421e+00	2.0580e+00	1.8912e+00
1.6238e+00	7.0727e-01	1.6221e+00	3.1078e+00
1.8252e+00	1.5643e+00	2.7123e+00	1.5135e+00
8.9108e-01	1.3867e+00	1.8114e+00	2.2415e+00
2.4523e+00	2.4584e+00	2.0491e+00	1.5921e+00
2.2207e+00	2.5624e+00	2.2586e+00	1.4731e+00
1.1272e+00	1.1041e+00	1.5521e+00	2.0428e+00
8.7613e-01	1.1450e+00	2.4099e+00	2.2246e+00
1.4792e+00	1.2581e+00	1.8938e+00	1.8376e+00
2.2854e+00	2.0395e+00	2.2494e+00	1.5199e+00
6.7708e-01	1.4676e+00	2.3565e+00	2.7305e+00
1.3167e+00	1.5823e+00	1.8133e+00	1.8589e+00
6.6727e-01	1.6481e+00	1.8275e+00	3.0214e+00
2.0807e+00	1.9164e+00	9.0111e-01	2.9792e+00
1.1424e+00	1.2289e+00	1.2947e+00	2.3008e+00
1.0389e+00	1.3155e+00	2.1912e+00	1.9630e+00
1.1891e+00	1.1956e+00	1.4038e+00	2.1282e+00
2.2488e+00	2.3204e+00	1.9461e+00	1.6981e+00
1.2315e+00	1.2991e+00	1.7505e+00	1.8850e+00
1.1862e+00	1.2353e+00	1.9868e+00	1.8671e+00
1.8893e+00	2.0228e+00	1.1853e+00	2.4791e+00
1.4866e+00	1.5885e+00	1.0491e+00	2.8260e+00
6.7609e-01	1.4969e+00	2.2347e+00	2.7547e+00
1.5574e+00	1.3966e+00	2.1736e+00	1.7136e+00
7.1574e-01	1.7617e+00	2.1944e+00	2.6717e+00
1.3297e+00	1.3849e+00	1.8662e+00	1.8158e+00
1.8608e+00	1.4039e+00	2.0801e+00	1.7766e+00
8.3233e-01	9.6305e-01	1.3893e+00	2.5999e+00
9.4236e-01	7.2361e-01	1.7783e+00	2.7055e+00
2.1790e+00	1.8083e+00	2.0370e+00	1.7013e+00
2.2984e+00	2.6240e+00	2.2121e+00	1.4869e+00
1.4575e+00	1.6240e+00	1.0963e+00	2.7144e+00
1.0296e+00	1.1046e+00	1.9899e+00	2.0104e+00
1.8168e+00	1.5638e+00	2.3703e+00	1.5977e+00
1.2962e+00	8.1263e-01	2.6434e+00	2.3512e+00
1.5407e+00	1.8808e+00	2.3372e+00	1.6208e+00
2.3984e+00	2.0168e+00	2.5149e+00	1.3702e+00
2.3992e+00	1.6887e+00	2.7593e+00	1.4248e+00
1.1473e+00	1.4874e+00	1.9801e+00	1.8915e+00
8.9702e-01	9.8033e-01	2.0031e+00	2.2288e+00
2.1635e+00	1.4862e+00	2.7028e+00	1.5733e+00
1.3377e+00	9.9539e-01	1.9040e+00	2.0324e+00
1.2335e+00	1.3812e+00	2.1192e+00	1.8069e+00
1.1931e+00	1.6618e+00	2.1726e+00	1.8521e+00
1.9941e+00	1.4452e+00	2.3739e+00	1.6790e+00
1.4386e+00	1.5007e+00	3.0382e+00	1.6172e+00
7.8368e-01	1.4712e+00	2.3702e+00	2.4245e+00
1.2534e+00	1.1899e+00	2.1755e+00	1.8531e+00
1.1826e+00	1.4683e+00	1.6008e+00	2.0133e+00
1.9937e+00	2.4071e+00	2.7553e+00	1.2440e+00
9.3004e-01	1.2966e+00	1.2122e+00	2.8557e+00
2.2949e+00	2.1001e+00	1.1695e+00	2.4822e+00
1.1579e+00	1.2099e+00	2.2020e+00	1.8861e+00
1.8270e+00	1.8129e+00	2.8148e+00	1.3835e+00
2.5827e+00	2.6964e+00	1.8575e+00	1.7195e+00
1.1503e+00	1.5397e+00	1.8432e+00	1.9414e+00
1.8933e+00	1.9193e+00	1.9861e+00	1.6933e+00
1.3657e+00	1.6095e+00	1.1007e+00	2.7566e+00
1.4700e+00	1.4888e+00	1.3272e+00	2.2214e+00
1.9038e+00	2.7025e+00	2.6285e+00	1.3794e+00
1.1426e+00	1.3470e+00	1.2555e+00	2.4169e+00
2.1490e+00	2.3636e+00	2.0386e+00	1.6425e+00
1.9896e+00	2.4994e+00	1.1659e+00	2.5521e+00
1.8269e+00	2.2817e+00	8.7526e-01	3.0882e+00
6.9418e-01	1.5829e+00	2.5946e+00	2.6516e+00
1.9796e+00	1.9148e+00	1.9128e+00	1.7389e+00
2.5235e+00	2.2083e+00	9.1753e-01	2.7912e+00
1.9547e+00	2.2634e+00	8.5895e-01	3.0258e+00
2.5587e+00	1.8146e+00	2.5448e+00	1.4673e+00
2.1959e+00	1.7155e+00	2.8347e+00	1.3694e+00
1.0239e+00	8.4587e-01	2.4006e+00	2.3146e+00
1.1557e+00	1.1749e+00	1.1366e+00	2.6874e+00
2.3656e+00	2.6623e+00	2.3966e+00	1.3240e+00
1.9621e+00	2.4315e+00	2.5139e+00	1.3949e+00
1.8235e+00	2.3063e+00	1.0611e+00	2.7538e+00
2.2785e+00	2.0971e+00	1.9074e+00	1.7429e+00
2.3555e+00	2.6099e+00	2.1632e+00	1.5102e+00
1.7679e+00	1.8152e+00	1.8751e+00	1.7637e+00
1.5311e+00	1.4483e+00	1.3489e+00	2.1972e+00
2.3251e+00	2.0068e+00	2.3224e+00	1.4858e+00
1.2781e+00	1.2001e+00	1.2375e+00	2.3947e+00
9.6999e-01	8.8862e-01	2.2816e+00	2.2699e+00
2.2688e+00	1.6055e+00	2.6625e+00	1.5105e+00
1.5956e+00	1.1496e+00	2.3247e+00	1.8603e+00
1.3301e+00	1.9845e+00	2.9309e+00	1.6435e+00
2.2562e+00	2.2853e+00	8.9986e-01	2.8281e+00
8.1279e-01	9.5045e-01	1.6178e+00	2.4674e+00
1.9756e+00	2.2382e+00	2.5733e+00	1.3570e+00
1.6383e+00	1.6248e+00	1.9259e+00	1.7425e+00
1.1337e+00	8.3471e-01	2.3124e+00	2.2972e+00
9.7495e-01	1.0519e+00	1.2455e+00	2.5510e+00
8.6684e-01	8.5743e-01	2.3082e+00	2.4135e+00
9.8273e-01	8.8471e-01	1.6436e+00	2.2786e+00
2.3824e+00	2.2804e+00	1.9385e+00	1.7006e+00
2.9102e+00	2.3867e+00	1.8459e+00	1.7785e+00
2.0250e+00	1.6364e+00	2.2116e+00	1.6431e+00
1.5993e+00	1.8873e+00	2.2930e+00	1.6105e+00
1.8372e+00	2.0286e+00	2.1903e+00	1.5907e+00
9.7638e-01	9.0899e-01	1.9036e+00	2.2122e+00
9.0961e-01	1.3211e+00	2.1440e+00	2.1425e+00
8.6566e-01	1.4472e+00	2.7132e+00	2.2464e+00
1.3650e+00	1.4292e+00	1.0607e+00	2.8360e+00
2.2914e+00	1.8862e+00	2.6941e+00	1.3327e+00
1.8328e+00	1.7789e+00	8.3526e-01	3.2654e+00
2.1064e+00	1.9128e+00	2.1726e+00	1.5873e+00
1.5093e+00	1.1303e+00	2.0683e+00	1.8950e+00
1.6079e+00	1.5167e+00	1.3607e+00	2.1913e+00
7.1415e-01	1.3980e+00	1.7077e+00	2.8439e+00
1.7415e+00	1.8052e+00	2.0480e+00	1.6725e+00
1.0102e+00	1.3563e+00	2.9367e+00	2.0258e+00
1.1723e+00	1.3135e+00	2.2131e+00	1.8485e+00
1.6292e+00	1.4505e+00	1.0504e+00	2.8466e+00
1.5006e+00	1.1544e+00	2.0969e+00	1.8680e+00
9.9116e-01	1.3749e+00	2.6121e+00	2.0364e+00
1.3529e+00	1.2196e+00	1.4120e+00	2.1229e+00
2.7425e+00	2.5747e+00	2.0032e+00	1.5907e+00
2.1020e+00	2.0834e+00	2.2859e+00	1.4961e+00
1.5606e+00	1.6785e+00	1.6034e+00	1.9489e+00
1.9588e+00	1.8814e+00	1.0157e+00	2.7731e+00
8.8346e-01	1.2167e+00	2.2072e+00	2.1876e+00
1.2576e+00	1.4605e+00	1.4729e+00	2.0758e+00
9.2071e-01	8.7155e-01	1.5522e+00	2.3968e+00
2.1874e+00	1.3424e+00	2.9926e+00	1.6285e+00
6.7119e-01	1.1645e+00	1.8349e+00	2.8826e+00
1.1444e+00	1.4742e+00	2.8938e+00	1.8534e+00
1.3813e+00	1.5558e+00	2.2737e+00	1.7025e+00
1.7167e+00	1.9617e+00	2.1603e+00	1.6311e+00
1.2014e+00	9.3348e-01	1.2962e+00	2.5509e+00
1.1619e+00	9.5399e-01	1.4142e+00	2.2980e+00
2.5620e+00	2.7162e+00	2.1348e+00	1.4825e+00
1.1293e+00	7.5427e-01	2.0738e+00	2.4964e+00
2.3192e+00	1.5457e+00	2.8772e+00	1.4823e+00
2.3407e+00	2.2580e+00	1.2269e+00	2.3853e+00
2.3630e+00	2.2185e+00	9.6010e-01	2.7390e+00
1.7609e+00	1.7994e+00	2.3572e+00	1.5442e+00
7.7859e-01	1.8086e+00	2.7041e+00	2.4388e+00
9.1561e-01	1.2738e+00	2.3914e+00	2.1409e+00
1.9107e+00	1.3498e+00	2.3000e+00	1.7515e+00
7.1321e-01	1.6043e+00	2.0334e+00	2.7104e+00
7.4208e-01	1.0684e+00	1.5401e+00	2.7390e+00
1.5034e+00	1.1086e+00	1.9141e+00	1.9456e+00
7.8441e-01	1.0524e+00	1.4535e+00	2.6590e+00
1.8737e+00	2.0087e+00	2.5106e+00	1.4356e+00
2.2115e+00	1.7711e+00	2.2247e+00	1.6116e+00
1.9733e+00	2.3376e+00	2.6472e+00	1.3150e+00
1.7557e+00	1.6846e+00	1.8118e+00	1.8033e+00
2.4742e+00	2.3783e+00	1.9180e+00	1.7051e+00
1.5069e+00	1.2990e+00	1.0295e+00	3.0014e+00
1.6490e+00	2.2350e+00	2.6546e+00	1.4812e+00
1.6103e+00	1.5357e+00	1.6643e+00	1.8945e+00
1.4284e+00	1.1494e+00	2.7007e+00	1.8541e+00
1.3609e+00	7.6879e-01	1.7826e+00	2.5659e+00
1.5149e+00	1.7778e+00	2.7321e+00	1.5419e+00
2.5580e+00	2.6098e+00	1.1867e+00	2.3712e+00
1.6032e+00	1.7136e+00	2.3997e+00	1.5809e+00
2.3281e+00	2.1276e+00	2.0990e+00	1.6017e+00
2.4824e+00	1.9996e+00	1.1030e+00	2.6288e+00
9.6523e-01	1.1052e+00	1.4616e+00	2.2237e+00
2.1199e+00	2.1922e+00	2.3119e+00	1.4679e+00
1.4665e+00	1.2810e+00	2.1471e+00	1.7733e+00
1.1002e+00	1.7504e+00	2.5895e+00	1.9136e+00
2.1894e+00	2.0048e+00	2.0227e+00	1.6676e+00
1.0902e+00	1.4888e+00	2.6327e+00	1.9090e+00
2.0036e+00	1.5523e+00	2.5821e+00	1.5495e+00
7.8768e-01	9.1869e-01	2.3058e+00	2.4807e+00
1.6891e+00	1.8526e+00	1.8722e+00	1.7761e+00
1.6730e+00	2.1467e+00	1.0322e+00	2.8718e+00
2.5483e+00	2.9599e+00	1.4284e+00	2.1165e+00
1.3244e+00	1.7067e+00	2.7517e+00	1.6739e+00
1.9750e+00	1.8672e+00	8.4852e-01	3.1386e+00
1.6540e+00	1.5422e+00	2.9681e+00	1.5154e+00
1.0181e+00	8.2370e-01	1.6835e+00	2.3778e+00
2.6332e+00	2.5199e+00	2.1943e+00	1.4489e+00
2.0878e+00	1.9251e+00	2.1047e+00	1.6232e+00
2.1933e+00	2.5731e+00	1.0332e+00	2.6451e+00
8.6699e-01	8.2134e-01	2.3253e+00	2.4660e+00
9.5861e-01	1.0972e+00	1.5521e+00	2.1664e+00
1.5255e+00	1.8915e+00	2.1026e+00	1.7135e+00
1.3003e+00	1.0635e+00	1.3491e+00	2.2995e+00
1.5527e+00	2.1459e+00	2.6883e+00	1.5266e+00
1.1247e+00	1.0134e+00	1.8650e+00	2.0195e+00
2.4935e+00	2.1965e+00	1.1015e+00	2.5541e+00
1.6731e+00	1.7557e+00	1.9617e+00	1.7214e+00
2.1642e+00	2.0815e+00	2.6830e+00	1.2759e+00
1.6423e+00	1.2220e+00	3.0353e+00	1.7496e+00
1.1440e+00	1.5162e+00	1.9896e+00	1.8985e+00
1.4367e+00	1.4237e+00	1.7696e+00	1.8342e+00
2.4187e+00	2.3889e+00	2.1958e+00	1.4895e+00
1.4488e+00	1.7037e+00	2.0418e+00	1.7373e+00
2.1571e+00	2.6791e+00	2.1564e+00	1.5780e+00
1.4352e+00	1.2850e+00	2.1878e+00	1.7684e+00
1.6520e+00	1.7052e+00	9.2797e-01	3.1020e+00
8.6765e-01	9.8589e-01	2.0745e+00	2.2743e+00
1.5205e+00	1.5029e+00	2.6137e+00	1.6180e+00
1.8316e+00	1.6922e+00	2.0469e+00	1.6807e+00
1.1209e+00	1.0557e+00	1.5009e+00	2.1033e+00
2.4916e+00	2.1536e+00	1.1554e+00	2.5002e+00
8.2978e-01	9.4710e-01	1.3600e+00	2.6576e+00
2.0290e+00	2.3687e+00	2.1097e+00	1.6190e+00
1.9228e+00	1.9570e+00	1.2266e+00	2.4102e+00
2.6443e+00	1.8640e+00	1.0026e+00	2.8947e+00
1.7425e+00	1.5420e+00	1.1742e+00	2.5314e+00
1.6711e+00	1.2715e+00	2.7696e+00	1.7183e+00
1.7891e+00	1.9620e+00	2.2430e+00	1.5746e+00
1.1750e+00	7.9738e-01	2.3107e+00	2.3757e+00
1.5815e+00	1.5454e+00	1.6557e+00	1.8975e+00
2.5075e+00	2.4544e+00	2.2805e+00	1.4057e+00
1.4097e+00	1.1534e+00	2.8100e+00	1.8552e+00
2.1508e+00	2.5615e+00	2.0756e+00	1.6293e+00
1.7110e+00	1.8637e+00	1.9285e+00	1.7414e+00
1.4010e+00	1.7130e+00	2.3425e+00	1.6799e+00
1.6676e+00	1.7854e+00	2.1449e+00	1.6417e+00
1.6945e+00	1.9920e+00	2.1728e+00	1.6349e+00
1.7926e+00	1.7827e+00	1.1971e+00	2.4562e+00
2.0844e+00	2.0164e+00	2.0313e+00	1.6570e+00
1.1254e+00	1.6121e+00	2.8488e+00	1.8638e+00
1.0251e+00	1.5099e+00	1.7548e+00	2.1002e+00
2.1965e+00	2.1304e+00	1.0818e+00	2.5973e+00
2.7554e+00	2.5588e+00	1.7089e+00	1.8538e+00
1.5367e+00	2.2929e+00	2.9179e+00	1.4742e+00
1.3724e+00	1.6117e+00	2.6095e+00	1.6618e+00
1.3294e+00	1.5592e+00	1.6681e+00	1.9248e+00
1.1315e+00	9.6913e-01	1.4766e+00	2.2057e+00
1.7941e+00	1.7865e+00	2.5848e+00	1.4666e+00
2.1413e+00	6.5402e-01	2.3138e+00	2.8088e+00
2.1201e+00	1.4756e+00	9.9949e-01	3.1493e+00
2.2116e+00	1.6484e+00	8.9514e-01	3.2139e+00
2.0391e+00	2.4044e+00	8.9609e-01	2.9086e+00
1.6206e+00	1.0508e+00	2.4728e+00	1.9657e+00
2.0694e+00	1.6577e+00	2.4419e+00	1.5442e+00
2.0056e+00	2.0902e+00	2.5622e+00	1.3679e+00
1.9800e+00	2.4151e+00	2.2979e+00	1.5161e+00
1.5551e+00	2.0796e+00	9.8459e-01	3.0703e+00
2.2201e+00	1.8207e+00	2.1773e+00	1.6208e+00
1.6567e+00	1.5327e+00	3.0163e+00	1.5126e+00
2.1637e+00	2.1249e+00	2.0685e+00	1.6226e+00
2.3984e+00	2.3170e+00	2.3823e+00	1.3684e+00
1.4348e+00	1.5846e+00	1.7354e+00	1.8597e+00
1.6302e+00	1.9239e+00	2.0926e+00	1.6841e+00
1.3285e+00	1.2855e+00	1.7127e+00	1.8836e+00
9.5007e-01	1.2271e+00	2.2313e+00	2.0815e+00
1.3768e+00	1.1785e+00	1.9233e+00	1.8653e+00
2.1261e+00	2.0527e+00	2.2020e+00	1.5470e+00
1.0591e+00	6.9675e-01	2.0377e+00	2.7110e+00
1.3111e+00	1.0141e+00	1.0771e+00	3.1216e+00
2.0653e+00	2.2065e+00	2.2100e+00	1.5381e+00
9.0061e-01	9.3733e-01	2.3179e+00	2.2847e+00
1.9596e+00	1.4287e+00	2.7015e+00	1.6013e+00
1.4078e+00	9.2701e-01	1.9435e+00	2.1471e+00
7.1075e-01	1.5185e+00	2.2511e+00	2.6416e+00
1.3858e+00	1.3343e+00	1.6102e+00	1.9295e+00
1.3309e+00	1.5991e+00	1.7952e+00	1.8652e+00
1.4376e+00	8.6459e-01	2.1510e+00	2.2473e+00
1.3558e+00	1.3630e+00	2.9287e+00	1.7277e+00
9.2210e-01	1.2783e+00	2.0289e+00	2.1195e+00
1.1648e+00	1.2944e+00	1.6478e+00	1.9529e+00
1.2581e+00	1.3820e+00	1.9293e+00	1.8232e+00
1.6538e+00	1.7226e+00	1.8048e+00	1.8070e+00
2.2941e+00	2.4342e+00	2.4655e+00	1.3119e+00
1.8609e+00	1.7119e+00	1.9407e+00	1.7342e+00
8.8706e-01	1.0339e+00	1.6480e+00	2.2475e+00
2.7265e+00	2.4976e+00	1.7774e+00	1.8042e+00
1.1665e+00	7.2817e-01	1.6338e+00	2.7440e+00
2.0473e+00	1.9107e+00	2.0983e+00	1.6278e+00
1.4964e+00	2.1017e+00	2.5756e+00	1.5975e+00
1.2444e+00	1.3025e+00	2.9689e+00	1.8203e+00
7.5074e-01	1.7681e+00	2.7344e+00	2.4964e+00
1.7728e+00	7.4051e-01	2.1467e+00	2.6266e+00
2.4566e+00	2.4014e+00	2.1251e+00	1.5383e+00
1.0732e+00	1.0230e+00	1.4913e+00	2.1460e+00
1.6219e+00	1.5144e+00	2.0543e+00	1.7076e+00
1.3658e+00	9.5030e-01	1.8784e+00	2.1087e+00
1.2219e+00	1.3376e+00	2.0917e+00	1.8207e+00
2.1659e+00	2.3396e+00	1.1543e+00	2.4899e+00
1.4395e+00	1.0065e+00	2.1088e+00	2.0145e+00
1.3921e+00	2.0624e+00	2.8801e+00	1.5985e+00
1.6535e+00	1.3015e+00	2.6867e+00	1.7009e+00
2.7856e+00	2.6575e+00	1.5245e+00	2.0056e+00
9.5494e-01	1.2698e+00	2.1362e+00	2.0681e+00
1.2391e+00	1.5089e+00	1.7332e+00	1.9158e+00
1.1726e+00	1.1272e+00	1.5258e+00	2.0402e+00
1.4426e+00	1.5174e+00	2.1484e+00	1.7061e+00
1.3957e+00	1.0122e+00	2.0865e+00	2.0015e+00
2.2437e+00	2.8805e+00	2.2769e+00	1.4673e+00
1.4962e+00	1.7031e+00	2.2125e+00	1.6663e+00
2.2510e+00	2.4663e+00	1.8202e+00	1.8032e+00
1.2868e+00	8.2336e-01	2.0261e+00	2.3194e+00
2.4435e+00	2.3291e+00	9.6891e-01	2.6878e+00
1.7811e+00	1.6521e+00	2.9325e+00	1.4306e+00
1.2105e+00	1.5869e+00	2.1270e+00	1.8313e+00
1.1582e+00	1.1449e+00	1.1301e+00	2.7172e+00
1.8579e+00	1.7309e+00	2.4916e+00	1.4997e+00
1.4188e+00	1.0554e+00	1.8216e+00	2.0005e+00
9.3574e-01	1.3385e+00	2.6071e+00	2.1192e+00
2.4246e+00	2.7235e+00	2.0258e+00	1.6051e+00
2.3526e+00	2.1990e+00	2.6266e+00	1.2428e+00
2.3530e+00	2.1800e+00	2.2142e+00	1.5129e+00
1.4695e+00	1.0554e+00	2.0941e+00	1.9613e+00
1.3821e+00	9.4814e-01	1.4119e+00	2.4507e+00
1.6384e+00	1.5046e+00	1.7149e+00	1.8681e+00
7.8885e-01	1.4778e+00	2.7300e+00	2.4092e+00
2.2299e+00	2.4060e+00	1.1020e+00	2.5431e+00
7.9310e-01	1.2955e+00	2.2714e+00	2.3862e+00
1.1221e+00	1.1705e+00	2.0272e+00	1.9193e+00
1.2616e+00	8.2127e-01	1.5451e+00	2.5214e+00
1.5581e+00	1.9588e+00	2.2977e+00	1.6341e+00
2.7811e+00	2.1249e+00	2.3566e+00	1.4515e+00
1.1789e+00	1.2406e+00	1.3488e+00	2.1995e+00
1.2997e+00	1.3603e+00	1.1599e+00	2.5589e+00
1.2725e+00	1.1238e+00	1.7928e+00	1.9245e+00
1.1112e+00	9.0286e-01	1.7902e+00	2.1696e+00
1.4003e+00	1.1990e+00	2.9155e+00	1.8178e+00
2.6745e+00	2.5146e+00	2.1723e+00	1.4644e+00
9.4092e-01	1.0206e+00	1.9143e+00	2.1410e+00
1.4757e+00	1.1419e+00	1.9487e+00	1.9003e+00
2.1031e+00	1.7780e+00	2.3536e+00	1.5330e+00
2.1226e+00	2.6483e+00	9.5834e-01	2.7806e+00
9.9693e-01	1.0766e+00	1.5557e+00	2.1262e+00
1.7793e+00	1.9913e+00	2.1152e+00	1.6400e+00
1.0330e+00	1.1893e+00	1.2339e+00	2.5147e+00
1.6359e+00	1.4555e+00	2.0548e+00	1.7241e+00
1.3993e+00	1.4591e+00	1.5369e+00	1.9827e+00
8.7512e-01	1.3671e+00	2.3217e+00	2.2119e+00
1.4873e+00	1.1640e+00	2.2001e+00	1.8471e+00
1.0771e+00	1.1707e+00	2.3287e+00	1.9646e+00
7.8663e-01	1.4295e+00	1.4121e+00	2.9976e+00
1.8700e+00	2.0712e+00	2.9307e+00	1.2622e+00
2.6990e+00	2.7657e+00	1.9261e+00	1.6340e+00
9.8005e-01	9.3001e-01	1.6629e+00	2.2075e+00
1.6451e+00	1.4043e+00	2.1135e+00	1.7269e+00
2.1638e+00	2.3561e+00	2.3028e+00	1.4570e+00
1.0731e+00	1.5547e+00	2.1623e+00	1.9507e+00
1.8933e+00	1.9003e+00	2.8614e+00	1.3212e+00
1.3233e+00	1.5772e+00	1.8981e+00	1.8206e+00
1.5376e+00	1.4848e+00	1.8089e+00	1.8091e+00
9.1294e-01	1.0073e+00	2.3445e+00	2.2179e+00
1.2792e+00	1.5677e+00	2.2921e+00	1.7561e+00
1.4525e+00	6.7848e-01	1.9905e+00	2.8192e+00
1.9254e+00	1.8754e+00	2.7460e+00	1.3595e+00
9.5206e-01	1.3409e+00	1.3732e+00	2.4700e+00
2.0757e+00	1.9675e+00	1.8988e+00	1.7495e+00
1.3199e+00	1.9098e+00	2.8221e+00	1.6686e+00
8.7907e-01	1.3171e+00	2.4368e+00	2.2065e+00
1.8006e+00	1.9736e+00	9.7073e-01	2.8937e+00
1.5198e+00	1.1413e+00	2.0012e+00	1.8993e+00
1.9973e+00	1.6988e+00	1.9762e+00	1.7360e+00
1.4612e+00	1.8998e+00	2.2511e+00	1.6917e+00
1.3333e+00	1.4106e+00	1.0891e+00	2.7573e+00
1.7319e+00	1.6776e+00	1.7675e+00	1.8299e+00
2.0182e+00	2.1152e+00	1.1947e+00	2.4533e+00
1.1973e+00	1.5604e+00	1.0040e+00	3.2572e+00
1.4030e+00	1.4689e+00	1.2308e+00	2.3874e+00
1.5509e+00	1.5203e+00	1.8703e+00	1.7774e+00
1.3225e+00	7.7654e-01	1.8695e+00	2.4879e+00
1.0188e+00	1.4704e+00	1.3876e+00	2.4284e+00
1.6855e+00	2.5024e+00	2.6509e+00	1.4887e+00
7.4250e-01	1.1212e+00	2.1924e+00	2.5282e+00
7.0605e-01	1.6283e+00	2.2029e+00	2.6775e+00
2.3118e+00	2.7024e+00	2.1698e+00	1.5178e+00
8.2501e-01	1.0243e+00	1.4358e+00	2.5436e+00
2.0931e+00	1.3648e+00	2.7141e+00	1.6642e+00
1.1982e+00	1.2885e+00	2.3192e+00	1.8389e+00
1.0341e+00	7.5146e-01	1.7105e+00	2.5890e+00
1.0240e+00	1.0018e+00	1.5711e+00	2.1377e+00
2.1013e+00	2.0334e+00	1.9924e+00	1.6812e+00
2.4284e+00	1.5370e+00	2.8201e+00	1.5212e+00
1.1070e+00	7.8119e-01	1.9387e+00	2.4277e+00
1.4165e+00	1.6831e+00	1.8269e+00	1.8362e+00
1.0635e+00	1.0297e+00	2.1838e+00	2.0445e+00
1.1901e+00	1.1726e+00	2.1549e+00	1.8851e+00
6.9315e-01	1.4615e+00	1.7972e+00	2.8809e+00
1.6142e+00	1.4994e+00	1.7438e+00	1.8478e+00
1.7776e+00	1.1728e+00	2.6430e+00	1.8287e+00
1.1043e+00	1.3447e+00	2.4077e+00	1.9005e+00
1.2549e+00	1.1870e+00	2.2803e+00	1.8553e+00
1.2504e+00	1.6252e+00	2.0794e+00	1.8188e+00
2.1474e+00	2.2672e+00	9.8412e-01	2.7329e+00
1.6087e+00	2.4500e+00	2.8210e+00	1.4636e+00
1.4197e+00	1.9186e+00	2.2142e+00	1.7324e+00
8.2701e-01	1.4585e+00	2.3446e+00	2.3222e+00
1.5572e+00	1.7801e+00	2.9938e+00	1.4695e+00
1.8675e+00	1.6286e+00	2.0097e+00	1.7160e+00
1.4886e+00	1.7523e+00	2.6255e+00	1.5782e+00
1.2087e+00	1.1422e+00	1.2690e+00	2.3476e+00
2.5992e+00	2.2051e+00	1.0607e+00	2.6070e+00
1.3303e+00	9.4167e-01	1.8328e+00	2.1223e+00
8.9471e-01	1.2382e+00	1.4183e+00	2.4522e+00
1.1991e+00	8.8172e-01	1.6994e+00	2.2363e+00
1.1771e+00	1.0253e+00	1.0915e+00	2.9613e+00
1.0778e+00	1.1405e+00	1.9396e+00	1.9597e+00
1.4438e+00	1.3544e+00	2.5964e+00	1.7062e+00
1.8789e+00	2.0471e+00	1.9773e+00	1.7052e+00
2.4251e+00	1.6524e+00	2.5525e+00	1.5472e+00
1.3656e+00	1.5241e+00	1.0279e+00	2.9541e+00
2.7761e+00	2.7105e+00	1.3383e+00	2.1754e+00
2.1226e+00	1.9104e+00	2.4140e+00	1.4619e+00
1.2961e+00	1.9530e+00	2.9581e+00	1.6719e+00
1.1297e+00	1.6819e+00	2.7196e+00	1.8643e+00
2.3659e+00	2.7669e+00	2.1404e+00	1.5267e+00
1.7180e+00	2.3233e+00	2.7721e+00	1.3944e+00
9.9632e-01	1.1456e+00	1.5471e+00	2.1222e+00
1.3864e+00	1.8056e+00	2.3835e+00	1.6875e+00
1.6333e+00	1.6295e+00	2.3416e+00	1.6009e+00
8.0802e-01	1.2775e+00	2.2454e+00	2.3483e+00
2.1845e+00	1.7510e+00	2.2515e+00	1.6014e+00
1.4512e+00	1.3793e+00	3.0526e+00	1.6699e+00
2.5732e+00	2.5518e+00	2.1774e+00	1.4641e+00
1.5200e+00	7.7825e-01	1.4831e+00	2.9810e+00
2.0580e+00	2.8141e+00	2.2654e+00	1.5557e+00
1.1530e+00	1.1131e+00	1.6633e+00	1.9814e+00
1.4128e+00	1.8143e+00	2.4598e+00	1.6548e+00
1.0627e+00	1.1847e+00	1.9884e+00	1.9564e+00
1.0107e+00	1.3867e+00	1.6649e+00	2.1057e+00
1.4338e+00	1.0544e+00	1.9468e+00	1.9757e+00
1.0698e+00	1.0974e+00	1.2615e+00	2.4144e+00
7.5883e-01	1.3585e+00	2.4095e+00	2.4788e+00
1.4419e+00	1.4929e+00	1.4603e+00	2.0563e+00
8.4952e-01	1.0482e+00	1.5696e+00	2.3584e+00
8.1459e-01	1.3276e+00	1.7776e+00	2.4133e+00
1.7634e+00	1.4305e+00	1.0419e+00	2.9301e+00
2.4328e+00	2.5227e+00	1.1110e+00	2.4843e+00
2.0696e+00	2.3156e+00	2.6634e+00	1.2689e+00
9.3369e-01	7.8838e-01	1.3861e+00	2.7528e+00
1.7049e+00	1.5891e+00	1.0095e+00	2.8964e+00
2.2651e+00	2.0082e+00	8.7595e-01	2.9639e+00
2.4796e+00	2.2053e+00	2.4101e+00	1.3709e+00
1.3313e+00	1.5623e+00	1.5285e+00	2.0305e+00
1.3194e+00	1.3408e+00	1.3146e+00	2.2313e+00
2.2319e+00	2.1601e+00	2.1878e+00	1.5374e+00
9.3875e-01	1.1597e+00	1.9484e+00	2.0965e+00
6.8736e-01	1.4808e+00	2.1068e+00	2.7475e+00
1.9936e+00	1.9710e+00	2.3674e+00	1.4803e+00
7.1917e-01	1.1823e+00	2.1579e+00	2.6040e+00
2.4031e+00	2.1386e+00	2.4876e+00	1.3435e+00
2.2625e+00	2.0624e+00	2.4464e+00	1.3973e+00
2.2960e+00	2.3339e+00	2.2815e+00	1.4487e+00
1.3814e+00	1.4923e+00	1.0348e+00	2.9165e+00
1.2633e+00	1.6017e+00	2.3683e+00	1.7596e+00
2.9217e+00	2.3461e+00	2.1420e+00	1.5385e+00
1.6872e+00	1.8347e+00	2.2706e+00	1.5888e+00
1.4317e+00	1.9320e+00	2.3102e+00	1.6963e+00
2.2674e+00	2.4164e+00	2.2576e+00	1.4640e+00
1.7294e+00	1.3966e+00	2.8672e+00	1.6037e+00
1.3182e+00	1.5575e+00	1.0762e+00	2.8475e+00
1.8342e+00	6.9036e-01	2.5368e+00	2.6561e+00
1.7840e+00	2.0816e+00	2.1804e+00	1.6133e+00
2.1925e+00	1.4573e+00	2.4734e+00	1.6760e+00
1.7527e+00	1.7414e+00	1.8067e+00	1.8048e+00
1.7703e+00	1.8695e+00	1.9713e+00	1.7103e+00
1.9529e+00	1.9487e+00	2.6829e+00	1.3559e+00
1.1317e+00	1.2676e+00	1.8670e+00	1.9049e+00
1.9594e+00	2.1158e+00	1.1153e+00	2.5805e+00
2.4577e+00	1.9713e+00	1.1939e+00	2.5151e+00
1.9437e+00	2.1706e+00	2.2703e+00	1.5279e+00
1.5936e+00	1.7558e+00	1.7553e+00	1.8484e+00
1.2567e+00	1.4889e+00	2.9199e+00	1.7481e+00
1.3421e+00	1.2747e+00	1.8741e+00	1.8322e+00
1.8245e+00	2.0405e+00	2.7923e+00	1.3398e+00
7.1849e-01	1.1011e+00	1.8071e+00	2.6767e+00
1.6863e+00	1.5541e+00	1.7998e+00	1.8167e+00
2.3693e+00	1.8199e+00	2.5785e+00	1.4258e+00
2.6906e+00	2.2848e+00	9.9534e-01	2.6571e+00
1.6764e+00	7.5218e-01	2.5077e+00	2.5095e+00
1.6965e+00	1.6078e+00	2.0189e+00	1.7031e+00
1.5514e+00	2.2450e+00	2.7199e+00	1.5261e+00
1.2403e+00	8.8787e-01	1.6017e+00	2.2858e+00
1.5340e+00	1.7826e+00	1.1320e+00	2.6358e+00
1.3287e+00	1.1070e+00	2.5798e+00	1.9079e+00
2.4925e+00	2.1914e+00	1.9225e+00	1.7319e+00
2.3875e+00	2.0887e+00	2.5917e+00	1.2976e+00
1.9023e+00	2.1101e+00	2.0951e+00	1.6343e+00
7.5810e-01	1.6822e+00	2.1705e+00	2.5530e+00
7.9093e-01	1.4561e+00	2.4336e+00	2.4036e+00
1.0926e+00	7.9533e-01	1.6714e+00	2.4525e+00
1.9226e+00	1.7230e+00	2.6380e+00	1.4492e+00
1.1570e+00	9.8158e-01	1.9091e+00	2.0430e+00
7.1080e-01	1.6173e+00	1.7131e+00	2.9672e+00
1.3839e+00	1.5495e+00	2.2796e+00	1.7009e+00
1.6757e+00	7.4192e-01	2.3429e+00	2.5553e+00
1.4240e+00	9.5708e-01	1.5792e+00	2.2689e+00
1.7221e+00	2.2132e+00	2.9422e+00	1.3243e+00
2.5618e+00	2.2466e+00	1.0032e+00	2.6625e+00
1.8681e+00	1.8796e+00	1.9995e+00	1.6873e+00
1.7474e+00	1.6480e+00	2.4295e+00	1.5556e+00
1.0726e+00	1.3787e+00	2.2148e+00	1.9265e+00
8.0218e-01	1.1674e+00	1.6296e+00	2.4674e+00
6.7053e-01	1.6004e+00	2.2821e+00	2.7638e+00
1.6282e+00	1.3042e+00	2.1743e+00	1.7632e+00
1.4054e+00	1.0455e+00	1.9438e+00	1.9796e+00
1.2952e+00	1.5612e+00	2.0459e+00	1.7885e+00
1.7543e+00	1.8400e+00	1.8555e+00	1.7779e+00
1.4040e+00	1.3725e+00	1.4985e+00	2.0126e+00
1.5064e+00	7.1979e-01	2.2704e+00	2.6103e+00
2.5022e+00	1.8978e+00	2.2324e+00	1.6030e+00
2.4108e+00	1.7146e+00	9.6996e-01	3.0310e+00
1.5783e+00	1.3025e+00	2.0674e+00	1.7815e+00
2.3969e+00	2.0265e+00	1.1816e+00	2.4982e+00
2.1725e+00	2.4165e+00	2.6321e+00	1.2403e+00
2.0315e+00	6.8760e-01	2.5952e+00	2.6429e+00
1.7970e+00	2.5886e+00	2.5202e+00	1.4964e+00
9.2235e-01	9.2968e-01	2.5125e+00	2.2832e+00
1.4072e+00	9.8058e-01	2.2731e+00	2.0399e+00
1.1815e+00	1.6143e+00	3.0840e+00	1.7920e+00
1.1972e+00	7.2401e-01	2.5365e+00	2.5749e+00
2.2951e+00	1.9818e+00	8.5635e-01	3.0121e+00
1.4889e+00	1.5733e+00	1.8740e+00	1.7799e+00
9.8702e-01	1.0947e+00	1.8755e+00	2.0546e+00
1.2721e+00	8.2268e-01	1.7929e+00	2.3640e+00
2.0469e+00	1.5825e+00	9.4967e-01	3.1171e+00
1.0989e+00	1.0141e+00	2.1987e+00	2.0398e+00
2.3165e+00	2.4939e+00	1.0895e+00	2.5358e+00
2.0587e+00	1.9070e+00	2.5704e+00	1.3953e+00
2.0334e+00	1.5948e+00	2.6006e+00	1.5202e+00
9.8094e-01	8.7827e-01	1.3989e+00	2.4678e+00
1.7261e+00	1.1676e+00	2.8276e+00	1.8168e+00
2.2217e+00	2.3153e+00	2.3512e+00	1.4157e+00
2.4521e+00	2.0394e+00	1.0004e+00	2.7512e+00
1.0313e+00	1.0411e+00	1.9286e+00	2.0425e+00
1.5880e+00	1.4894e+00	2.5429e+00	1.6140e+00
2.6493e+00	2.7706e+00	1.3162e+00	2.2083e+00
2.3013e+00	1.9494e+00	2.4603e+00	1.4254e+00
1.0842e+00	1.1965e+00	1.2090e+00	2.5236e+00
1.9567e+00	1.6433e+00	2.4150e+00	1.5537e+00
2.2238e+00	2.6908e+00	1.1445e+00	2.5056e+00
2.1479e+00	2.7388e+00	2.4092e+00	1.3987e+00
2.3090e+00	2.7119e+00	1.8571e+00	1.7769e+00
1.6465e+00	2.0854e+00	2.5476e+00	1.5119e+00
2.4137e+00	2.6357e+00	1.9938e+00	1.6345e+00
1.0605e+00	1.3255e+00	1.5235e+00	2.1138e+00
1.7025e+00	2.3797e+00	9.2788e-01	3.1181e+00
1.2624e+00	1.6954e+00	2.8145e+00	1.7219e+00
2.6794e+00	2.5496e+00	2.2451e+00	1.3960e+00
2.3425e+00	2.5226e+00	1.0774e+00	2.5429e+00
1.3625e+00	9.6587e-01	1.8025e+00	2.1029e+00
1.0503e+00	8.7382e-01	2.1156e+00	2.2329e+00
1.2482e+00	7.6561e-01	2.2077e+00	2.4577e+00
1.6895e+00	1.8852e+00	2.0150e+00	1.7011e+00
1.3298e+00	1.3551e+00	1.9713e+00	1.7936e+00
8.2657e-01	9.1017e-01	1.7105e+00	2.4373e+00
2.1324e+00	2.6671e+00	2.4858e+00	1.3471e+00
1.6163e+00	2.1418e+00	1.0372e+00	2.9089e+00
2.1028e+00	2.0525e+00	2.1929e+00	1.5536e+00
2.2301e+00	2.1391e+00	2.2753e+00	1.4846e+00
2.2520e+00	2.2104e+00	2.2765e+00	1.4717e+00
2.1413e+00	1.1322e+00	3.0187e+00	1.8620e+00
7.6601e-01	1.3234e+00	1.4465e+00	2.9124e+00
1.3021e+00	9.3847e-01	1.7578e+00	2.1400e+00
2.3185e+00	2.1592e+00	2.0611e+00	1.6230e+00
2.4667e+00	2.1084e+00	9.9835e-01	2.7227e+00
1.2934e+00	7.2878e-01	1.7558e+00	2.7006e+00
1.2078e+00	1.2151e+00	1.4992e+00	2.0313e+00
1.8974e+00	1.8857e+00	8.2326e-01	3.2170e+00
1.9267e+00	2.4680e+00	2.5785e+00	1.3767e+00
2.5279e+00	2.2040e+00	2.0215e+00	1.6539e+00
1.6736e+00	7.0157e-01	2.5554e+00	2.6312e+00
1.5950e+00	1.0895e+00	2.7906e+00	1.9078e+00
7.2527e-01	1.1669e+00	1.5866e+00	2.7989e+00
1.4805e+00	1.1666e+00	1.3639e+00	2.2793e+00
8.8689e-01	1.2597e+00	1.9370e+00	2.1859e+00
1.6751e+00	1.7945e+00	2.3366e+00	1.5711e+00
1.5454e+00	1.1672e+00	1.0489e+00	3.1331e+00
1.2065e+00	1.2268e+00	1.6519e+00	1.9382e+00
1.9554e+00	2.2288e+00	1.9706e+00	1.7157e+00
2.1278e+00	2.4407e+00	2.4633e+00	1.3612e+00
1.9481e+00	2.4438e+00	1.0591e+00	2.7116e+00
1.7425e+00	6.4940e-01	2.0636e+00	2.9236e+00
2.6036e+00	2.7323e+00	1.2672e+00	2.2688e+00
2.6151e+00	2.1729e+00	2.5176e+00	1.3063e+00
2.3699e+00	2.1437e+00	9.6942e-01	2.7496e+00
1.2027e+00	8.6039e-01	1.5407e+00	2.3804e+00
2.1067e+00	1.8691e+00	2.0773e+00	1.6513e+00
1.1223e+00	1.2141e+00	1.6957e+00	1.9556e+00
1.7484e+00	2.3635e+00	2.4576e+00	1.5247e+00
1.1402e+00	1.4034e+00	1.4126e+00	2.1904e+00
1.1878e+00	1.1284e+00	1.4587e+00	2.0910e+00
1.0184e+00	1.4180e+00	1.9147e+00	2.0204e+00
2.4548e+00	2.5706e+00	2.2172e+00	1.4486e+00
1.1301e+00	8.5315e-01	2.2562e+00	2.2574e+00
7.7492e-01	8.1356e-01	1.7708e+00	2.6904e+00
1.0844e+00	1.4536e+00	1.8212e+00	1.9813e+00
1.8405e+00	2.3271e+00	2.5312e+00	1.4360e+00
9.2133e-01	1.0166e+00	2.4552e+00	2.2121e+00
2.0518e+00	2.0998e+00	2.4687e+00	1.4025e+00
1.5989e+00	1.5811e+00	1.3883e+00	2.1536e+00
2.1025e+00	1.7449e+00	2.5275e+00	1.4718e+00
1.8997e+00	1.5686e+00	2.0147e+00	1.7377e+00
1.6794e+00	1.4682e+00	2.1139e+00	1.7041e+00
2.7226e+00	2.6287e+00	1.9288e+00	1.6475e+00
7.3086e-01	1.2586e+00	1.7352e+00	2.6924e+00
2.3471e+00	1.3270e+00	2.8585e+00	1.6957e+00
9.6454e-01	1.3708e+00	1.4458e+00	2.3590e+00
2.5310e+00	2.2240e+00	2.0839e+00	1.6013e+00
1.8074e+00	1.9501e+00	2.9410e+00	1.3140e+00
1.5081e+00	1.0823e+00	2.0768e+00	1.9414e+00
2.3828e+00	2.5992e+00	9.6721e-01	2.6586e+00
1.6425e+00	1.0035e+00	2.5177e+00	2.0312e+00
1.8873e+00	1.9352e+00	2.3794e+00	1.4957e+00
1.1538e+00	1.5720e+00	2.4099e+00	1.8477e+00
1.9548e+00	1.1924e+00	3.0821e+00	1.7690e+00
1.5681e+00	2.0535e+00	2.3259e+00	1.6325e+00
2.2732e+00	1.8390e+00	2.1822e+00	1.6194e+00
2.2984e+00	2.4266e+00	1.7991e+00	1.8132e+00
1.5884e+00	1.6173e+00	1.0539e+00	2.7803e+00
1.7455e+00	1.3144e+00	2.4472e+00	1.7202e+00
7.5003e-01	1.3988e+00	2.3425e+00	2.5073e+00
1.3275e+00	1.6467e+00	2.1830e+00	1.7495e+00
1.5671e+00	1.6474e+00	1.2532e+00	2.3577e+00
1.7367e+00	2.6217e+00	2.6922e+00	1.4469e+00
1.3892e+00	1.2582e+00	1.9167e+00	1.8258e+00
2.5510e+00	2.8640e+00	2.0167e+00	1.5785e+00
9.3081e-01	1.1063e+00	1.2935e+00	2.5181e+00
1.4266e+00	1.3022e+00	1.4414e+00	2.0826e+00
1.2236e+00	1.4728e+00	2.0030e+00	1.8295e+00
8.6987e-01	8.9797e-01	1.3375e+00	2.6487e+00
2.0072e+00	1.8835e+00	1.8350e+00	1.7961e+00
1.4397e+00	1.3095e+00	2.3102e+00	1.7449e+00
1.7582e+00	2.0735e+00	2.9009e+00	1.3293e+00
1.4822e+00	7.6169e-01	2.3311e+00	2.4840e+00
2.4642e+00	2.2911e+00	2.0206e+00	1.6349e+00
1.6275e+00	1.0272e+00	2.5735e+00	1.9943e+00
1.8551e+00	1.5408e+00	2.4732e+00	1.5806e+00
1.4318e+00	9.9440e-01	1.7719e+00	2.0986e+00
1.8133e+00	1.4021e+00	2.0278e+00	1.7858e+00
1.1687e+00	1.3057e+00	1.8560e+00	1.8834e+00
1.8499e+00	6.6594e-01	1.9945e+00	2.9353e+00
1.2293e+00	1.5170e+00	2.0811e+00	1.8160e+00
1.4405e+00	1.4058e+00	2.2497e+00	1.7124e+00
1.0031e+00	7.9324e-01	2.2160e+00	2.4188e+00
1.5302e+00	8.1662e-01	2.5496e+00	2.3495e+00
2.5003e+00	2.5121e+00	1.7298e+00	1.8537e+00
2.2152e+00	2.1390e+00	2.0165e+00	1.6563e+00
2.3821e+00	1.3422e+00	2.8471e+00	1.6883e+00
2.3385e+00	2.5531e+00	1.9085e+00	1.7185e+00
1.0049e+00	1.0484e+00	1.8847e+00	2.0591e+00
9.9303e-01	8.0943e-01	1.5700e+00	2.4791e+00
1.8541e+00	2.6061e+00	2.6438e+00	1.3920e+00
1.5010e+00	1.0640e+00	2.7171e+00	1.9404e+00
1.8139e+00	1.1426e+00	3.0257e+00	1.8332e+00
7.1950e-01	1.4020e+00	1.5773e+00	2.9725e+00
1.0728e+00	1.2914e+00	2.4034e+00	1.9388e+00
1.3800e+00	1.3332e+00	1.3332e+00	2.2050e+00
1.7200e+00	6.8283e-01	2.4733e+00	2.6896e+00
1.7390e+00	2.0753e+00	2.5881e+00	1.4507e+00
1.8188e+00	2.0266e+00	8.5284e-01	3.1477e+00
1.2476e+00	1.8117e+00	2.4978e+00	1.7758e+00
1.0672e+00	1.1780e+00	1.6644e+00	2.0036e+00
1.9628e+00	1.5788e+00	2.5310e+00	1.5476e+00
9.1277e-01	1.1458e+00	2.2963e+00	2.1552e+00
1.2542e+00	8.2921e-01	1.2910e+00	2.9171e+00
1.4735e+00	1.2388e+00	1.1440e+00	2.6772e+00
1.4161e+00	1.8389e+00	2.2537e+00	1.7065e+00
2.6806e+00	2.4794e+00	1.7011e+00	1.8765e+00
2.0442e+00	2.1397e+00	1.2530e+00	2.3732e+00
1.8249e+00	2.3217e+00	2.3365e+00	1.5447e+00
2.1959e+00	2.5664e+00	9.0646e-01	2.8105e+00
1.3976e+00	1.5887e+00	1.8368e+00	1.8188e+00
2.0635e+00	2.7277e+00	2.4708e+00	1.3945e+00
1.3812e+00	1.4958e+00	1.3692e+00	2.1703e+00
2.4446e+00	2.3613e+00	2.0090e+00	1.6345e+00
2.0997e+00	1.7060e+00	2.2296e+00	1.6179e+00
7.1023e-01	1.3806e+00	1.8374e+00	2.7559e+00
1.8906e+00	2.3880e+00	9.2404e-01	2.9569e+00
1.4449e+00	1.3172e+00	2.3336e+00	1.7385e+00
7.0988e-01	1.8722e+00	2.3272e+00	2.6576e+00
1.8218e+00	2.0281e+00	8.8546e-01	3.0699e+00
2.5294e+00	2.3199e+00	1.9081e+00	1.7215e+00
1.7298e+00	2.1115e+00	2.7916e+00	1.3799e+00
1.2143e+00	1.6055e+00	2.4601e+00	1.7907e+00
1.2778e+00	9.3697e-01	1.6125e+00	2.1990e+00
1.0126e+00	1.0895e+00	2.1412e+00	2.0410e+00
9.9948e-01	8.8396e-01	1.2128e+00	2.7987e+00
2.2367e+00	1.9831e+00	9.7049e-01	2.8131e+00
1.7006e+00	2.0222e+00	2.1235e+00	1.6606e+00
1.5706e+00	1.6071e+00	1.7052e+00	1.8652e+00
1.6504e+00	1.1152e+00	2.8294e+00	1.8760e+00
2.1038e+00	1.2830e+00	2.8933e+00	1.7059e+00
1.2482e+00	1.2414e+00	1.7614e+00	1.8855e+00
1.2665e+00	8.2337e-01	1.3549e+00	2.8071e+00
1.4293e+00	1.5536e+00	2.7006e+00	1.6319e+00
1.2658e+00	9.5714e-01	1.9783e+00	2.0670e+00
1.4095e+00	1.2446e+00	1.3387e+00	2.2280e+00
2.4986e+00	2.9309e+00	1.8556e+00	1.7356e+00
1.3837e+00	1.8158e+00	2.0434e+00	1.7905e+00
1.6754e+00	1.9365e+00	9.6010e-01	2.9881e+00
2.1815e+00	1.9199e+00	2.7407e+00	1.3024e+00
1.4482e+00	1.0385e+00	1.8675e+00	2.0161e+00
2.0668e+00	1.6877e+00	2.4140e+00	1.5410e+00
2.8092e+00	2.7718e+00	1.6296e+00	1.8868e+00
1.4292e+00	1.4145e+00	1.0757e+00	2.7728e+00
1.1374e+00	1.2487e+00	1.8743e+00	1.9021e+00
2.5012e+00	1.9124e+00	2.2581e+00	1.5798e+00
1.3991e+00	1.2333e+00	1.0198e+00	3.0682e+00
1.9310e+00	1.6647e+00	1.8684e+00	1.7963e+00
1.4309e+00	1.0439e+00	2.9679e+00	1.9738e+00
1.0012e+00	1.5305e+00	1.8204e+00	2.1145e+00
1.5170e+00	1.8064e+00	1.2184e+00	2.4801e+00
1.3001e+00	1.4738e+00	2.3099e+00	1.7453e+00
1.4285e+00	9.7740e-01	1.8321e+00	2.1008e+00
9.4405e-01	9.8351e-01	2.2002e+00	2.1836e+00
1.2143e+00	1.2702e+00	1.4316e+00	2.0897e+00
1.0383e+00	8.4093e-01	2.4374e+00	2.3200e+00
1.6668e+00	1.1059e+00	2.2216e+00	1.9316e+00
1.1989e+00	1.2332e+00	1.8988e+00	1.8719e+00
2.3571e+00	1.8851e+00	2.3622e+00	1.5089e+00
1.6451e+00	1.4131e+00	2.1155e+00	1.7226e+00
1.8310e+00	2.4715e+00	2.4264e+00	1.5127e+00
8.1209e-01	1.2722e+00	2.5349e+00	2.3482e+00
1.2850e+00	9.2688e-01	2.1026e+00	2.1108e+00
1.6482e+00	1.5683e+00	1.0690e+00	2.7450e+00
1.6181e+00	1.8504e+00	3.0091e+00	1.4153e+00
1.2743e+00	6.7940e-01	2.3346e+00	2.7285e+00
1.7168e+00	1.8808e+00	1.8555e+00	1.7860e+00
1.6500e+00	1.2262e+00	2.3667e+00	1.7926e+00
1.7852e+00	2.0273e+00	9.7818e-01	2.8867e+00
1.2644e+00	1.4499e+00	1.9160e+00	1.8252e+00
1.3905e+00	1.3713e+00	2.3081e+00	1.7304e+00
2.6469e+00	2.0909e+00	1.1804e+00	2.5139e+00
1.3328e+00	1.5197e+00	1.4896e+00	2.0516e+00
1.1047e+00	7.1101e-01	2.2492e+00	2.6296e+00
2.3853e+00	2.5139e+00	8.9765e-01	2.7537e+00
1.3787e+00	1.9012e+00	3.0862e+00	1.5724e+00
9.2777e-01	1.2998e+00	1.5265e+00	2.2921e+00
1.4181e+00	1.5450e+00	1.9567e+00	1.7626e+00
1.4020e+00	1.3505e+00	1.8442e+00	1.8170e+00
1.4765e+00	1.1950e+00	2.6669e+00	1.8058e+00
9.8092e-01	7.1525e-01	1.8502e+00	2.6977e+00
2.1873e+00	2.6783e+00	2.1758e+00	1.5524e+00
1.6966e+00	1.5563e+00	1.9277e+00	1.7519e+00
1.4564e+00	1.9731e+00	2.2889e+00	1.6957e+00
2.4330e+00	2.4244e+00	9.4453e-01	2.6986e+00
8.8203e-01	1.1617e+00	1.5143e+00	2.3345e+00
1.5510e+00	2.3082e+00	2.5078e+00	1.6167e+00
2.3764e+00	2.2282e+00	9.1497e-01	2.7989e+00
1.6563e+00	1.7487e+00	2.8416e+00	1.4566e+00
1.7000e+00	1.6626e+00	1.1972e+00	2.4558e+00
2.0219e+00	2.5137e+00	2.6075e+00	1.3143e+00
1.3423e+00	2.1413e+00	2.6660e+00	1.7039e+00
1.1025e+00	9.6656e-01	1.2859e+00	2.4706e+00
1.2256e+00	1.1695e+00	1.1745e+00	2.5611e+00
7.3957e-01	9.5403e-01	1.8682e+00	2.6151e+00
2.3587e+00	1.8960e+00	2.3990e+00	1.4837e+00
1.5779e+00	6.7202e-01	2.5338e+00	2.7203e+00
1.1383e+00	1.0239e+00	2.0250e+00	2.0035e+00
1.1047e+00	9.5459e-01	1.8660e+00	2.0888e+00
1.8685e+00	1.6279e+00	9.8590e-01	2.9485e+00
1.5677e+00	1.5832e+00	1.7755e+00	1.8219e+00
1.8610e+00	1.4675e+00	2.0141e+00	1.7708e+00
9.7417e-01	1.2480e+00	1.9792e+00	2.0429e+00
1.2368e+00	8.1027e-01	1.5201e+00	2.5689e+00
2.1639e+00	2.1489e+00	1.8518e+00	1.7775e+00
1.2771e+00	8.8826e-01	1.9834e+00	2.1817e+00
9.8509e-01	9.7637e-01	1.8012e+00	2.1320e+00
2.6187e+00	2.0313e+00	2.2941e+00	1.5207e+00
2.6304e+00	2.3031e+00	2.0429e+00	1.6188e+00
1.1235e+00	1.1402e+00	1.1894e+00	2.5511e+00
2.2730e+00	2.0837e+00	2.2149e+00	1.5315e+00
9.8482e-01	7.7246e-01	1.5188e+00	2.6413e+00
1.7830e+00	1.7387e+00	1.9219e+00	1.7373e+00
1.8908e+00	1.6917e+00	2.9292e+00	1.3859e+00
2.3096e+00	2.1986e+00	2.6695e+00	1.2235e+00
1.2745e+00	8.3930e-01	1.3209e+00	2.8318e+00
2.7049e+00	2.5136e+00	2.2385e+00	1.4072e+00
1.9658e+00	2.1259e+00	2.3858e+00	1.4613e+00
1.5827e+00	1.9701e+00	2.8292e+00	1.4635e+00
1.9310e+00	6.7982e-01	2.1767e+00	2.7976e+00
9.3642e-01	1.2963e+00	1.7708e+00	2.1376e+00
9.7283e-01	1.2362e+00	2.5917e+00	2.0766e+00
1.3752e+00	1.8760e+00	3.0225e+00	1.5873e+00
1.0740e+00	8.3835e-01	2.2126e+00	2.2966e+00
1.9602e+00	1.9649e+00	1.8278e+00	1.7960e+00
1.9545e+00	1.7369e+00	2.7738e+00	1.3972e+00
8.6806e-01	1.1804e+00	2.1191e+00	2.2146e+00
1.0500e+00	1.0536e+00	1.1227e+00	2.8335e+00
1.4028e+00	8.3795e-01	2.3317e+00	2.2916e+00
9.7039e-01	1.0426e+00	1.1705e+00	2.7603e+00
1.3125e+00	1.7760e+00	2.2758e+00	1.7581e+00
1.6637e+00	1.4675e+00	2.4978e+00	1.6188e+00
1.9150e+00	1.9908e+00	8.1738e-01	3.1817e+00
1.3698e+00	6.9200e-01	2.3982e+00	2.6785e+00
1.0732e+00	1.4117e+00	1.1227e+00	2.9305e+00
8.7134e-01	8.5897e-01	2.0310e+00	2.3972e+00
9.5800e-01	1.1348e+00	1.1356e+00	2.9011e+00
1.3797e+00	1.3469e+00	2.3070e+00	1.7422e+00
1.3900e+00	1.2827e+00	1.6467e+00	1.9184e+00
1.8785e+00	1.8133e+00	9.5877e-01	2.9231e+00
2.1614e+00	2.4201e+00	1.0879e+00	2.5797e+00
2.1003e+00	2.4541e+00	2.5285e+00	1.3295e+00
1.9994e+00	1.9239e+00	2.0685e+00	1.6426e+00
1.6785e+00	2.0211e+00	2.2242e+00	1.6205e+00
2.1713e+00	2.1559e+00	2.1295e+00	1.5793e+00
1.6771e+00	1.5489e+00	2.4987e+00	1.5822e+00
2.3506e+00	2.7606e+00	2.2930e+00	1.4080e+00
1.6127e+00	1.4150e+00	2.5076e+00	1.6489e+00
2.2061e+00	1.9337e+00	2.6730e+00	1.3258e+00
1.6295e+00	1.2562e+00	2.0114e+00	1.8334e+00
1.4588e+00	7.6034e-01	2.3384e+00	2.4847e+00
9.1434e-01	8.4024e-01	1.8460e+00	2.3822e+00
1.8177e+00	1.7910e+00	2.2996e+00	1.5578e+00
2.0870e+00	1.9722e+00	2.1251e+00	1.6040e+00
1.4097e+00	1.7263e+00	2.3703e+00	1.6700e+00
9.9786e-01	1.5353e+00	2.4512e+00	2.0278e+00
1.0207e+00	1.5635e+00	2.2624e+00	2.0080e+00
1.1863e+00	1.2943e+00	2.8651e+00	1.8628e+00
1.4890e+00	1.0712e+00	2.1444e+00	1.9419e+00
2.4226e+00	1.6582e+00	2.8205e+00	1.4226e+00
1.4195e+00	1.5197e+00	1.8222e+00	1.8121e+00
1.5130e+00	1.0341e+00	2.3630e+00	1.9778e+00
1.5758e+00	1.8249e+00	2.3174e+00	1.6087e+00
7.1350e-01	1.1838e+00	1.8001e+00	2.7088e+00
1.6211e+00	1.8932e+00	2.1439e+00	1.6604e+00
1.5642e+00	2.5035e+00	2.8350e+00	1.5006e+00
1.3112e+00	1.7371e+00	1.0520e+00	3.0285e+00
9.8614e-01	7.7533e-01	1.8875e+00	2.4812e+00
1.2012e+00	7.4538e-01	2.4857e+00	2.5139e+00
1.8542e+00	2.4784e+00	2.4300e+00	1.4995e+00
1.9848e+00	1.9660e+00	1.8465e+00	1.7829e+00
1.8057e+00	7.5650e-01	2.5980e+00	2.4958e+00
8.3462e-01	1.3615e+00	1.8473e+00	2.3471e+00
1.5680e+00	1.5396e+00	2.8540e+00	1.5605e+00
1.9137e+00	2.2291e+00	1.1295e+00	2.5852e+00
2.5440e+00	1.6887e+00	2.7961e+00	1.4212e+00
1.7643e+00	2.1288e+00	2.4007e+00	1.5185e+00
2.1253e+00	2.0803e+00	2.0591e+00	1.6334e+00
1.1437e+00	1.2605e+00	2.1434e+00	1.8787e+00
1.5417e+00	7.9187e-01	2.8198e+00	2.4032e+00
1.4302e+00	1.8682e+00	2.2221e+00	1.7131e+00
1.6988e+00	1.2813e+00	9.8925e-01	3.2587e+00
1.1526e+00	1.3987e+00	1.9734e+00	1.8756e+00
2.1193e+00	1.7557e+00	2.7029e+00	1.3984e+00
1.8662e+00	1.9370e+00	8.4818e-01	3.1504e+00
1.8501e+00	1.7432e+00	1.2927e+00	2.3153e+00
2.8218e+00	2.5544e+00	1.3941e+00	2.1493e+00
1.3775e+00	8.0113e-01	1.9448e+00	2.4119e+00
1.2237e+00	9.8870e-01	1.1378e+00	2.8872e+00
1.5777e+00	1.5405e+00	1.9456e+00	1.7433e+00
8.9182e-01	8.1450e-01	2.1945e+00	2.4499e+00
2.2507e+00	1.6277e+00	2.6633e+00	1.4932e+00
1.5513e+00	1.0830e+00	2.8511e+00	1.9159e+00
2.4654e+00	2.2583e+00	2.3270e+00	1.4147e+00
2.0192e+00	1.7454e+00	2.1918e+00	1.6130e+00
1.5793e+00	1.4059e+00	1.7076e+00	1.8816e+00
1.9818e+00	2.1986e+00	2.3104e+00	1.4965e+00
2.6593e+00	2.3374e+00	1.8597e+00	1.7641e+00
2.2919e+00	1.8512e+00	2.4295e+00	1.4806e+00
2.5657e+00	2.6033e+00	1.8840e+00	1.7055e+00
2.0208e+00	1.6987e+00	8.9131e-01	3.1467e+00
2.5196e+00	1.9289e+00	2.5268e+00	1.4091e+00
1.5484e+00	1.9989e+00	2.2631e+00	1.6580e+00
1.0725e+00	1.3834e+00	2.4813e+00	1.9308e+00
1.4038e+00	7.2612e-01	2.1497e+00	2.5981e+00
1.3140e+00	1.2858e+00	1.1690e+00	2.5362e+00
7.3817e-01	9.7995e-01	1.7961e+00	2.6248e+00
1.2697e+00	1.6980e+00	2.9309e+00	1.7057e+00
9.0085e-01	1.4681e+00	2.2690e+00	2.1770e+00
7.9835e-01	1.4578e+00	2.1883e+00	2.3985e+00
2.5071e+00	2.2044e+00	8.8004e-01	2.8455e+00
1.3045e+00	1.3819e+00	1.6185e+00	1.9290e+00
8.7087e-01	1.2033e+00	1.3356e+00	2.6331e+00
1.2475e+00	1.5074e+00	2.5444e+00	1.7624e+00
2.2320e+00	2.4449e+00	1.1448e+00	2.4890e+00
1.1728e+00	1.2960e+00	1.9094e+00	1.8721e+00
8.5564e-01	1.4090e+00	1.8416e+00	2.3178e+00
1.3720e+00	1.2863e+00	1.6251e+00	1.9283e+00
2.0749e+00	2.0440e+00	2.1847e+00	1.5609e+00
1.5827e+00	1.2398e+00	2.7728e+00	1.7522e+00
2.0359e+00	1.9147e+00	2.5108e+00	1.4215e+00
7.5805e-01	2.0946e+00	2.7408e+00	2.4752e+00
2.7763e+00	2.7817e+00	1.7852e+00	1.7470e+00
1.5163e+00	1.2073e+00	1.6611e+00	1.9767e+00
1.2760e+00	9.6185e-01	1.6445e+00	2.1403e+00
7.0069e-01	1.6947e+00	1.9620e+00	2.8122e+00
1.7295e+00	1.5313e+00	2.2260e+00	1.6504e+00
2.0002e+00	2.5257e+00	2.5412e+00	1.3656e+00
1.6321e+00	1.7416e+00	1.8061e+00	1.8097e+00
2.8742e+00	2.3978e+00	1.9450e+00	1.6859e+00
2.5211e+00	2.6354e+00	2.1904e+00	1.4517e+00
7.0628e-01	1.6216e+00	2.0772e+00	2.7174e+00
2.0842e+00	1.8384e+00	1.8489e+00	1.8022e+00
1.0811e+00	1.3995e+00	1.1777e+00	2.7298e+00
1.4838e+00	1.4816e+00	2.0225e+00	1.7328e+00
2.6624e+00	2.5498e+00	2.2601e+00	1.3854e+00
1.7021e+00	1.3434e+00	1.8391e+00	1.8676e+00
7.6015e-01	1.2813e+00	1.9215e+00	2.5130e+00
2.2118e+00	2.2533e+00	2.4450e+00	1.3651e+00
2.3789e+00	2.5665e+00	1.8425e+00	1.7677e+00
2.0003e+00	2.2600e+00	2.3701e+00	1.4582e+00
1.6465e+00	2.0370e+00	2.2574e+00	1.6206e+00
2.1720e+00	2.1218e+00	2.1469e+00	1.5711e+00
1.8803e+00	1.8284e+00	2.7999e+00	1.3680e+00
1.7775e+00	2.1494e+00	2.2174e+00	1.6042e+00
2.0739e+00	2.4819e+00	2.5686e+00	1.3147e+00
2.1127e+00	2.1423e+00	1.1947e+00	2.4442e+00
1.3176e+00	1.1527e+00	1.5388e+00	2.0274e+00
1.9260e+00	2.5916e+00	1.1194e+00	2.6693e+00
1.4110e+00	8.0431e-01	2.8124e+00	2.3743e+00
1.0321e+00	1.0729e+00	1.2793e+00	2.4116e+00
2.1203e+00	2.7453e+00	1.1742e+00	2.5232e+00
1.3545e+00	6.4557e-01	2.2085e+00	2.8752e+00
2.9023e+00	2.3345e+00	1.9592e+00	1.6969e+00
1.3256e+00	9.4355e-01	2.2274e+00	2.0883e+00
7.6086e-01	1.5343e+00	2.2831e+00	2.4971e+00
1.7725e+00	1.2675e+00	2.1461e+00	1.8235e+00
2.3138e+00	2.4909e+00	1.8593e+00	1.7620e+00
1.2615e+00	1.4553e+00	2.2835e+00	1.7712e+00
2.6799e+00	2.3675e+00	1.0362e+00	2.5782e+00
2.7653e+00	2.1435e+00	2.4304e+00	1.3869e+00
2.0764e+00	2.6591e+00	1.1629e+00	2.5441e+00
1.0632e+00	7.0990e-01	2.0883e+00	2.6525e+00
1.3236e+00	1.6241e+00	2.1628e+00	1.7536e+00
1.4609e+00	1.4076e+00	2.4249e+00	1.6886e+00
1.0663e+00	1.1194e+00	1.1360e+00	2.7542e+00
2.6796e+00	2.7661e+00	1.4312e+00	2.0921e+00
8.3082e-01	1.1751e+00	2.2069e+00	2.2946e+00
1.8799e+00	1.7252e+00	1.0808e+00	2.6862e+00
1.8235e+00	1.4392e+00	2.9245e+00	1.5542e+00
2.5144e+00	2.5445e+00	1.9634e+00	1.6485e+00
1.3395e+00	9.5588e-01	2.3932e+00	2.0765e+00
1.9958e+00	2.0380e+00	1.1277e+00	2.5540e+00
9.2884e-01	7.1590e-01	2.0782e+00	2.6781e+00
1.1079e+00	1.5310e+00	2.5566e+00	1.8889e+00
2.6892e+00	2.2305e+00	2.4538e+00	1.3286e+00
1.9959e+00	7.9198e-01	2.7963e+00	2.4047e+00
1.3441e+00	1.2175e+00	2.3531e+00	1.8128e+00
1.3998e+00	1.4529e+00	1.3960e+00	2.1252e+00
1.5852e+00	1.1581e+00	2.9030e+00	1.8271e+00
2.5919e+00	2.1118e+00	9.3373e-01	2.8169e+00
1.8693e+00	2.1144e+00	2.0860e+00	1.6469e+00
2.2072e+00	2.1122e+00	2.2315e+00	1.5172e+00
9.5257e-01	1.1313e+00	1.5575e+00	2.1700e+00
1.7620e+00	6.7754e-01	2.5147e+00	2.6950e+00
2.2070e+00	2.1069e+00	9.3163e-01	2.8340e+00
1.7248e+00	1.8203e+00	8.9094e-01	3.1446e+00
1.6419e+00	1.9418e+00	1.0714e+00	2.7542e+00
1.3867e+00	1.2067e+00	2.3924e+00	1.8112e+00
1.5847e+00	1.1781e+00	1.0810e+00	3.0326e+00
1.0189e+00	1.0285e+00	1.5200e+00	2.1503e+00
1.9416e+00	6.9515e-01	1.7431e+00	3.1437e+00
1.5719e+00	1.4344e+00	1.6722e+00	1.8959e+00
1.8467e+00	1.9203e+00	8.5306e-01	3.1533e+00
1.0440e+00	7.8900e-01	1.6952e+00	2.4652e+00
1.7762e+00	1.9454e+00	2.2830e+00	1.5600e+00
2.4903e+00	2.0857e+00	2.5455e+00	1.3241e+00
1.2297e+00	1.5287e+00	2.3387e+00	1.7856e+00
8.3743e-01	1.0583e+00	1.9978e+00	2.2942e+00
6.4936e-01	1.2299e+00	1.9547e+00	2.9386e+00
1.2376e+00	8.6285e-01	1.5971e+00	2.3461e+00
1.1056e+00	1.2752e+00	1.8809e+00	1.9200e+00
1.6890e+00	1.5270e+00	1.1250e+00	2.6287e+00
1.4369e+00	1.9469e+00	2.7852e+00	1.5767e+00
1.6862e+00	1.6909e+00	1.2433e+00	2.3755e+00
2.6216e+00	2.6938e+00	1.8600e+00	1.7117e+00
2.1607e+00	2.1388e+00	2.0645e+00	1.6244e+00
1.8863e+00	2.5302e+00	9.3390e-01	2.9630e+00
1.0339e+00	1.0362e+00	1.7870e+00	2.0502e+00
1.0052e+00	1.1265e+00	1.8675e+00	2.0267e+00
1.7307e+00	1.4963e+00	1.7056e+00	1.8956e+00
1.7600e+00	2.2438e+00	8.6078e-01	3.1763e+00
1.3412e+00	1.5818e+00	2.3596e+00	1.7098e+00
1.5530e+00	2.0379e+00	2.5091e+00	1.5742e+00
9.8202e-01	1.0250e+00	1.5073e+00	2.1908e+00
6.6813e-01	1.3098e+00	2.4142e+00	2.7603e+00
2.2114e+00	1.9998e+00	2.1556e+00	1.5841e+00
1.0453e+00	9.1801e-01	1.9362e+00	2.1579e+00
1.1159e+00	1.0448e+00	1.7594e+00	2.0080e+00
1.6760e+00	1.5986e+00	1.7524e+00	1.8390e+00
1.0913e+00	1.1348e+00	2.4119e+00	1.9778e+00
1.9060e+00	2.0766e+00	2.4299e+00	1.4572e+00
1.9762e+00	2.3719e+00	9.6549e-01	2.8312e+00
9.2921e-01	1.1299e+00	2.1289e+00	2.1214e+00
2.5559e+00	2.5851e+00	1.9127e+00	1.6835e+00
2.1748e+00	1.5533e+00	2.4129e+00	1.6284e+00
2.7392e+00	2.4865e+00	2.0267e+00	1.5895e+00
2.4038e+00	2.1567e+00	9.6784e-01	2.7460e+00
1.6350e+00	1.6261e+00	2.0840e+00	1.6781e+00
1.9577e+00	1.5517e+00	2.2618e+00	1.6502e+00
8.7744e-01	1.4277e+00	1.5386e+00	2.4885e+00
1.3000e+00	1.7938e+00	1.0184e+00	3.1876e+00
1.7009e+00	1.7599e+00	2.2816e+00	1.5863e+00
9.3466e-01	7.6944e-01	2.3258e+00	2.5101e+00
