4.9599e-01	3.2895e-02	7.5094e-01
2.1152e-01	3.3599e-01	2.1673e-01
8.5304e-02	7.9971e-02	9.7597e-01
5.6324e-01	3.9360e-02	7.2105e-01
5.7411e-01	4.8608e-01	1.0199e-01
8.6360e-02	1.2199e-01	7.8513e-01
1.2943e-01	1.6609e-01	4.3290e-01
9.7023e-02	2.2479e-01	4.6257e-01
7.6789e-01	1.2043e-02	8.5784e-01
8.6940e-02	1.2100e-01	7.8626e-01
5.2682e-02	5.2018e-01	6.4783e-01
3.9854e-02	3.1446e-01	7.3182e-01
9.8606e-02	1.2955e-01	6.8274e-01
3.5869e-01	1.9821e-01	2.3027e-01
2.0988e-01	5.2080e-02	7.6341e-01
3.1356e-01	4.0960e-01	1.5428e-01
3.1551e-01	3.0075e-01	1.6574e-01
6.9732e-02	3.7514e-01	5.3935e-01
6.7758e-01	6.4164e-01	6.6565e-02
5.4688e-01	2.9403e-02	7.7272e-01
6.0072e-01	7.3168e-01	7.4576e-02
5.0765e-01	3.9824e-01	1.2518e-01
4.8300e-01	4.0371e-01	1.2292e-01
3.3620e-01	3.4402e-01	1.5073e-01
6.0652e-01	6.2553e-01	7.7340e-02
5.0940e-02	4.9630e-01	6.5098e-01
2.3100e-01	4.8744e-02	7.5314e-01
3.2168e-01	3.9219e-01	1.5073e-01
3.4576e-01	2.6723e-01	1.7550e-01
7.6541e-03	3.1754e-01	9.9272e-01
2.5011e-01	2.5816e-01	2.0223e-01
3.6930e-01	2.5096e-01	1.8537e-01
3.5853e-01	8.8468e-02	4.5868e-01
7.7492e-01	6.8992e-01	4.9021e-02
2.6784e-01	1.4545e-01	3.0558e-01
3.3525e-01	3.1889e-01	1.5648e-01
9.6970e-02	3.2817e-01	4.2602e-01
3.4459e-01	3.7551e-01	1.4419e-01
2.6140e-01	9.5037e-02	4.4520e-01
5.1811e-01	6.0479e-01	9.5504e-02
5.8810e-01	7.0780e-01	7.7960e-02
5.6282e-01	5.4947e-01	9.1048e-02
1.6892e-03	4.0799e-01	9.8956e-01
4.0129e-01	6.7980e-02	5.5142e-01
7.7043e-01	6.2428e-01	6.6001e-02
3.7943e-01	8.6904e-02	4.6799e-01
5.9745e-01	5.5469e-01	8.7324e-02
2.4583e-01	6.3236e-02	6.2515e-01
1.6221e-01	1.2308e-01	4.6229e-01
7.0883e-01	8.5950e-01	4.1124e-02
4.4130e-02	2.0243e-01	8.3336e-01
6.9220e-01	8.7019e-01	4.6314e-02
5.0971e-01	4.1393e-02	7.0350e-01
9.6131e-01	7.2276e-01	3.1590e-02
6.5007e-01	6.8330e-01	6.5098e-02
1.0225e-01	1.8173e-01	5.0212e-01
6.6707e-01	9.3390e-01	5.6862e-02
2.3026e-01	1.9550e-01	2.5193e-01
3.2443e-01	1.2715e-01	3.3976e-01
6.2130e-02	1.3002e-01	8.9857e-01
6.2653e-01	6.0744e-01	7.6832e-02
6.7188e-01	5.8920e-01	7.6832e-02
3.2168e-01	3.4960e-01	1.5372e-01
2.0777e-01	2.4815e-02	9.8031e-01
4.1807e-01	5.1251e-01	1.2061e-01
1.7172e-01	2.2365e-01	2.8279e-01
1.9848e-02	6.4753e-01	8.2129e-01
3.5505e-01	2.1578e-01	2.1228e-01
2.4076e-01	7.1995e-02	5.7443e-01
1.9341e-01	7.2151e-02	6.4997e-01
3.7189e-01	4.4156e-01	1.3324e-01
1.8206e-01	2.0269e-01	2.8510e-01
2.8653e-01	3.3000e-02	8.1429e-01
8.1403e-01	7.6598e-01	2.8882e-02
4.3196e-01	5.2549e-02	6.3344e-01
8.0279e-01	6.2778e-01	6.4986e-02
8.5510e-01	6.0625e-01	7.4632e-02
1.4348e-01	1.0843e-01	5.7759e-01
8.9580e-02	1.5577e-01	6.3677e-01
2.2028e-01	1.4607e-01	3.2549e-01
1.7895e-02	4.2629e-01	8.5514e-01
6.9954e-01	5.2325e-01	9.5617e-02
2.3015e-01	3.4251e-02	8.7155e-01
2.1680e-01	2.3976e-01	2.2982e-01
5.5511e-01	5.7465e-01	8.9412e-02
2.9292e-01	4.1914e-01	1.6534e-01
9.8712e-02	1.7006e-01	5.4510e-01
5.9824e-01	7.1979e-01	7.5196e-02
1.0082e-01	1.7579e-01	5.2135e-01
1.9162e-01	9.2378e-02	5.3218e-01
9.8976e-02	1.6906e-01	5.4645e-01
3.8492e-01	2.9298e-02	7.8789e-01
2.0603e-01	3.7864e-01	2.2694e-01
8.2717e-02	8.4611e-02	9.6672e-01
2.8600e-01	1.8517e-01	2.4443e-01
1.6633e-01	5.8284e-02	8.1779e-01
1.4902e-01	1.3398e-01	4.5896e-01
2.9165e-01	1.2381e-01	3.4789e-01
5.6963e-01	7.1473e-01	8.3488e-02
1.5351e-01	1.3200e-01	4.5360e-01
5.9496e-01	5.6939e-01	8.5237e-02
8.6845e-01	7.4924e-01	2.7134e-02
1.1624e-01	1.8262e-01	4.4503e-01
1.8212e-01	6.6938e-02	7.1332e-01
2.6673e-01	1.9169e-01	2.4121e-01
9.9557e-02	2.4132e-01	4.3871e-01
7.4308e-01	9.9051e-03	8.6884e-01
1.6047e-02	6.3909e-01	8.4081e-01
6.7900e-01	6.1891e-01	7.0401e-02
6.9679e-01	5.4838e-01	8.7324e-02
1.7283e-01	2.0405e-01	2.9537e-01
1.6464e-01	2.5670e-01	2.7788e-01
3.6476e-02	4.5793e-01	7.2505e-01
4.1987e-01	3.2635e-01	1.4780e-01
4.2605e-01	3.3485e-01	1.4458e-01
1.0526e-01	3.2958e-01	3.9956e-01
3.8582e-01	3.5189e-01	1.4080e-01
4.5149e-01	7.8198e-04	9.8804e-01
2.0239e-01	6.0682e-02	7.1242e-01
3.0062e-01	8.8416e-02	4.5913e-01
7.3617e-01	5.4687e-01	8.9694e-02
3.2485e-01	9.0502e-02	4.4881e-01
1.7457e-01	1.1396e-01	4.6895e-01
3.0020e-01	3.1185e-01	1.6686e-01
9.1290e-01	8.1008e-01	6.4309e-03
6.7499e-01	8.4454e-03	8.8261e-01
1.6417e-01	1.5770e-01	3.6848e-01
5.7670e-01	5.0735e-01	9.7140e-02
3.4042e-01	2.0269e-01	2.2390e-01
1.9637e-02	2.9309e-01	9.1200e-01
4.1068e-02	3.9282e-01	6.9854e-01
1.8349e-01	3.2770e-01	2.4629e-01
1.0663e-02	3.1952e-01	9.6615e-01
1.1233e-01	2.1562e-01	4.1479e-01
1.2954e-01	1.7042e-01	4.2393e-01
8.7891e-02	1.0807e-01	8.3765e-01
2.7096e-01	2.8615e-01	1.8367e-01
6.7166e-01	5.7017e-01	8.1176e-02
5.4381e-01	6.8976e-01	9.0540e-02
7.4303e-01	6.1985e-01	6.7524e-02
1.7958e-01	2.8099e-01	2.5283e-01
3.8719e-01	3.8979e-01	1.3319e-01
3.6011e-01	4.2748e-01	1.3697e-01
9.6959e-01	6.8371e-01	4.7442e-02
4.4426e-01	4.3786e-01	1.1824e-01
8.8091e-01	7.0587e-01	3.9262e-02
2.2039e-01	3.0341e-02	9.1798e-01
3.0928e-01	1.6656e-01	2.6666e-01
2.7719e-01	1.4498e-01	3.0451e-01
2.2730e-01	1.9409e-01	2.5492e-01
4.8131e-01	4.2488e-02	6.9453e-01
7.9075e-02	3.5273e-01	4.9574e-01
6.6950e-01	6.5384e-01	6.5606e-02
4.2298e-01	4.8858e-01	1.1886e-01
6.6839e-01	9.0689e-01	5.5396e-02
6.0943e-01	3.6440e-02	7.4141e-01
4.0345e-01	3.7275e-02	7.2674e-01
5.5427e-02	2.5779e-01	6.6204e-01
1.7103e-02	4.7190e-01	8.5012e-01
3.7526e-01	5.9639e-02	5.9113e-01
7.5190e-01	6.2559e-01	6.5832e-02
4.7028e-01	3.5481e-01	1.3877e-01
3.2844e-01	4.1080e-02	7.2105e-01
1.7752e-01	1.8100e-01	3.1291e-01
5.8193e-01	4.9088e-01	1.0081e-01
7.1843e-02	3.6143e-01	5.2846e-01
1.8460e-01	1.8413e-01	3.0061e-01
3.4111e-01	1.9993e-01	2.2677e-01
6.8344e-01	6.7996e-01	6.0303e-02
5.2666e-01	5.9900e-01	9.3530e-02
4.2863e-01	4.3291e-01	1.2100e-01
1.7705e-01	2.4831e-01	2.6417e-01
2.0444e-01	1.9888e-01	2.6643e-01
1.7367e-02	3.2405e-01	9.0698e-01
1.0151e-01	3.4147e-01	4.1231e-01
3.8096e-01	4.6205e-01	1.3059e-01
2.4704e-01	3.3730e-01	1.8892e-01
1.6269e-01	2.5211e-01	2.8222e-01
3.9891e-01	4.6246e-01	1.2535e-01
5.8092e-01	0.0000e+00	9.4979e-01
5.3014e-01	5.4530e-01	9.5504e-02
5.0929e-01	1.5640e-02	8.6055e-01
6.6163e-01	6.4112e-01	6.8314e-02
2.1162e-01	7.9658e-02	5.6738e-01
1.8074e-01	1.1339e-01	4.5936e-01
1.0959e-01	2.1979e-01	4.2009e-01
6.4247e-01	7.1140e-01	6.4591e-02
8.1028e-02	1.8340e-01	6.1155e-01
8.8260e-01	8.1238e-01	9.7027e-03
2.0159e-01	1.8033e-01	2.8798e-01
4.2034e-01	5.2315e-01	1.2038e-01
4.2003e-01	8.3933e-03	9.3964e-01
1.4622e-01	1.5926e-01	4.0182e-01
5.3848e-01	6.7016e-01	9.1330e-02
4.3069e-01	2.8151e-02	7.8592e-01
1.0067e-01	1.4102e-01	6.2549e-01
3.7389e-01	2.9272e-01	1.6201e-01
3.0986e-01	1.6740e-01	2.6547e-01
7.0059e-01	1.5848e-02	8.4374e-01
2.4008e-01	1.8142e-02	9.8860e-01
8.3509e-02	3.3026e-01	4.7645e-01
5.5479e-02	2.2010e-01	7.1270e-01
2.5903e-01	2.5467e-01	1.9970e-01
3.9844e-01	2.9715e-03	9.9396e-01
2.1785e-01	7.2464e-02	6.0208e-01
3.6339e-01	3.0888e-01	1.5592e-01
7.6916e-01	8.2358e-01	2.7754e-02
3.7500e-01	4.1497e-02	7.0243e-01
9.6020e-02	1.3158e-01	6.8872e-01
7.2350e-01	7.9783e-01	4.0616e-02
1.7668e-01	1.0479e-01	5.0274e-01
4.5503e-01	4.8483e-03	9.5431e-01
5.2507e-01	2.0071e-02	8.2936e-01
3.9015e-01	4.0382e-01	1.3087e-01
1.2120e-01	1.0604e-01	6.8032e-01
1.3371e-01	3.4913e-01	3.3017e-01
2.6626e-01	3.2869e-01	1.7820e-01
1.6290e-01	3.0930e-01	2.7354e-01
5.1204e-02	1.8491e-01	8.1706e-01
2.1959e-02	6.8460e-01	8.1170e-01
1.8581e-02	3.3714e-01	8.8797e-01
7.5486e-02	3.0680e-01	5.1453e-01
8.2527e-01	6.3732e-01	6.2109e-02
6.7832e-01	6.9002e-01	5.9796e-02
4.0989e-01	3.3359e-01	1.4498e-01
3.7643e-01	3.1801e-01	1.5169e-01
3.0606e-01	1.8622e-01	2.4138e-01
8.3245e-02	1.5285e-01	6.8523e-01
1.1782e-01	2.4075e-01	3.7931e-01
3.8524e-01	3.6951e-01	1.3691e-01
8.2290e-01	8.2551e-01	1.6585e-02
1.8043e-01	3.4329e-01	2.5154e-01
3.7062e-01	1.1917e-01	3.6628e-01
1.4379e-01	1.9414e-01	3.5375e-01
2.2060e-01	8.0440e-02	5.4973e-01
3.9400e-01	4.3285e-01	1.2755e-01
1.0695e-01	3.1848e-01	3.9392e-01
2.7275e-01	3.4642e-01	1.7363e-01
6.1233e-03	4.8144e-01	9.2650e-01
1.2864e-01	3.2812e-01	3.3824e-01
4.5423e-01	4.3734e-01	1.1717e-01
1.1275e-01	1.8444e-01	4.5428e-01
6.3186e-02	3.2510e-01	5.7432e-01
1.7678e-01	3.1884e-01	2.5436e-01
3.4924e-01	4.0793e-01	1.4075e-01
1.6185e-01	8.6122e-02	6.4134e-01
3.0194e-01	3.0586e-01	1.6782e-01
1.7209e-02	2.7870e-01	9.4539e-01
2.8801e-01	5.4530e-02	6.4726e-01
4.7772e-02	2.6395e-01	7.1213e-01
1.4596e-01	1.1370e-01	5.4448e-01
3.1208e-01	2.4168e-01	1.9298e-01
1.0030e-03	5.1418e-01	9.5352e-01
8.0891e-01	9.1122e-01	8.2360e-03
1.1735e-01	2.1869e-01	3.9618e-01
6.1777e-01	2.2156e-02	8.1384e-01
4.7857e-01	3.7989e-01	1.3008e-01
5.4635e-02	4.6346e-01	6.2645e-01
6.0410e-01	2.4294e-02	8.0228e-01
6.3630e-01	6.1104e-01	7.5309e-02
5.5701e-01	5.0354e-01	9.8663e-02
7.1131e-01	7.2271e-01	5.0714e-02
3.4834e-01	3.7931e-01	1.4283e-01
1.8328e-01	2.1359e-01	2.7523e-01
4.3681e-01	4.0173e-01	1.2506e-01
5.0596e-01	5.2012e-01	1.0115e-01
2.9988e-01	3.5439e-01	1.6083e-01
4.2362e-01	4.0898e-01	1.2501e-01
6.9267e-01	9.2305e-01	4.6201e-02
8.2147e-01	7.0582e-01	4.1970e-02
5.9919e-01	6.2189e-01	7.8750e-02
4.2309e-01	5.3696e-02	6.2645e-01
1.8903e-01	2.8876e-01	2.4088e-01
2.9508e-01	8.4558e-02	4.7645e-01
2.7998e-01	3.9876e-01	1.7087e-01
1.1582e-01	3.7238e-01	3.7733e-01
5.6931e-01	5.8326e-01	8.6591e-02
9.8480e-01	6.9440e-01	4.3211e-02
4.1063e-01	6.8345e-02	5.5119e-01
1.0536e-01	1.0353e-01	7.6928e-01
2.1505e-01	2.3559e-01	2.3309e-01
7.3469e-01	6.3570e-01	6.3801e-02
6.1186e-01	8.2103e-01	7.3673e-02
3.6745e-01	2.3991e-01	1.9315e-01
4.8427e-01	4.1815e-01	1.1914e-01
7.2962e-01	7.8412e-01	4.0503e-02
2.4467e-01	3.2239e-01	1.9112e-01
1.7156e-01	2.4575e-01	2.7207e-01
3.3784e-02	2.0582e-01	9.0720e-01
1.2959e-01	1.3153e-01	5.2885e-01
5.3695e-01	6.7334e-01	9.1950e-02
9.1126e-01	7.0457e-01	3.8980e-02
4.0963e-02	2.4017e-01	7.9495e-01
3.6423e-03	5.6157e-01	9.2289e-01
2.8811e-01	4.7284e-02	6.9944e-01
3.7072e-01	4.3781e-01	1.3358e-01
3.3942e-02	2.4763e-01	8.4194e-01
6.3503e-02	2.1030e-01	6.7169e-01
6.0272e-01	4.9494e-01	1.0002e-01
1.2025e-01	1.7292e-01	4.4864e-01
6.1154e-01	5.2826e-01	9.1837e-02
2.7476e-01	7.2672e-02	5.4273e-01
4.3016e-01	4.4834e-01	1.1920e-01
2.0064e-01	1.2366e-01	3.9612e-01
5.1415e-01	5.8226e-01	9.6576e-02
7.0867e-01	6.7282e-01	5.8273e-02
4.9404e-01	6.1307e-01	1.0222e-01
1.3661e-01	1.0400e-01	6.2566e-01
7.4372e-01	8.1462e-01	3.4467e-02
7.7967e-02	3.5643e-01	5.0082e-01
3.0828e-02	5.4567e-01	7.6138e-01
1.3967e-01	2.1812e-01	3.4016e-01
8.5990e-02	2.8631e-01	4.7194e-01
3.0089e-02	2.6264e-01	8.5536e-01
7.8320e-01	9.4151e-01	1.3426e-02
5.7686e-01	4.7477e-01	1.0492e-01
2.5644e-01	2.7072e-01	1.9467e-01
5.1362e-01	4.7670e-01	1.0588e-01
2.9914e-01	1.2428e-01	3.4614e-01
2.6826e-01	2.8506e-01	1.8508e-01
1.2542e-01	1.7428e-01	4.2940e-01
3.0263e-01	2.4424e-01	1.9276e-01
1.0251e-01	7.1108e-02	9.4951e-01
9.3328e-02	3.4131e-01	4.3961e-01
5.2470e-01	2.7369e-02	7.8423e-01
6.3382e-01	7.3131e-01	6.5719e-02
1.7050e-02	4.7201e-01	8.5074e-01
1.7858e-01	2.9559e-02	9.9521e-01
2.6499e-02	7.7985e-01	7.9681e-01
2.3923e-01	2.4700e-01	2.1244e-01
3.9163e-01	3.8713e-01	1.3290e-01
5.9935e-01	6.7746e-01	7.5534e-02
1.7040e-01	2.7646e-01	2.6530e-01
2.9598e-01	1.8319e-01	2.4556e-01
4.3386e-01	3.6612e-01	1.3403e-01
6.1798e-01	6.9122e-01	7.0909e-02
3.1672e-03	5.3654e-01	9.3202e-01
4.3285e-01	4.4213e-01	1.1937e-01
1.7013e-01	1.4613e-01	3.8196e-01
9.1216e-02	1.0682e-01	8.2569e-01
4.6379e-01	4.5981e-01	1.1305e-01
5.1177e-01	3.9412e-02	7.1462e-01
2.4055e-01	1.0948e-01	4.0486e-01
3.3905e-01	3.3365e-01	1.5214e-01
1.3619e-01	1.3852e-01	4.8226e-01
3.6766e-01	4.8983e-01	1.3691e-01
7.2603e-01	8.2322e-01	3.8078e-02
1.0763e-01	2.3345e-01	4.1552e-01
8.1804e-01	9.0627e-01	6.3180e-03
1.6559e-01	7.2829e-02	7.1721e-01
9.7762e-02	2.3877e-01	4.4762e-01
5.0058e-01	4.2420e-01	1.1745e-01
1.3112e-01	2.2996e-01	3.5127e-01
4.1142e-01	7.3663e-02	5.2761e-01
4.8538e-01	4.8040e-01	1.0791e-01
1.3894e-01	1.3534e-01	4.8367e-01
1.5108e-01	7.4966e-02	7.4841e-01
4.6294e-02	4.6643e-01	6.6966e-01
3.7357e-01	2.4247e-01	1.9169e-01
9.2853e-01	7.6045e-01	1.9575e-02
3.3942e-02	3.0857e-01	7.8186e-01
1.2653e-01	2.2756e-01	3.6413e-01
3.6481e-01	2.2829e-01	2.0212e-01
9.9646e-01	7.2036e-01	3.2267e-02
1.0510e-01	2.1520e-01	4.4057e-01
3.9675e-01	4.1961e-01	1.2794e-01
2.1337e-01	3.3657e-01	2.1504e-01
6.2046e-01	2.3459e-03	9.2559e-01
1.6591e-01	7.2777e-02	7.1665e-01
3.1757e-01	3.6039e-01	1.5383e-01
9.1269e-02	2.5555e-01	4.6280e-01
3.6835e-01	1.0353e-01	4.0926e-01
2.2060e-01	2.6056e-01	2.1876e-01
3.3694e-01	1.3773e-01	3.1810e-01
3.7452e-01	1.5160e-01	2.9858e-01
4.1243e-01	5.0933e-02	6.4106e-01
1.9975e-01	1.6401e-01	3.1156e-01
2.7249e-01	3.4355e-02	8.1695e-01
4.6896e-01	4.5621e-01	1.1288e-01
2.0661e-01	1.7808e-01	2.8646e-01
3.1424e-01	3.9146e-01	1.5366e-01
1.4970e-01	3.5142e-01	2.9943e-01
4.5635e-01	4.0011e-01	1.2433e-01
2.9925e-01	1.7193e-01	2.5949e-01
2.3548e-01	7.3141e-02	5.7381e-01
6.7568e-02	1.7120e-01	7.3323e-01
2.8595e-01	1.7965e-01	2.5092e-01
4.6875e-02	3.3026e-01	6.7383e-01
4.3117e-01	4.5032e-01	1.1886e-01
3.8339e-01	1.5567e-01	2.9368e-01
3.3884e-01	4.8379e-02	6.6475e-01
4.6078e-01	4.0267e-01	1.2354e-01
2.2139e-01	2.6744e-01	2.1605e-01
3.7236e-01	6.4800e-02	5.6389e-01
8.3530e-01	7.7302e-01	2.4708e-02
1.1439e-01	1.9529e-01	4.3183e-01
2.3131e-01	3.3453e-01	2.0003e-01
1.1682e-01	3.1165e-01	3.6600e-01
2.0861e-01	2.0326e-01	2.5932e-01
1.2194e-02	6.0150e-01	8.6422e-01
3.1762e-01	4.1998e-01	1.5299e-01
3.1831e-01	2.3757e-01	1.9507e-01
6.8708e-01	8.8849e-01	4.8006e-02
6.3239e-02	1.3977e-01	8.5954e-01
6.5947e-01	6.7271e-01	6.4591e-02
4.5714e-02	3.7968e-01	6.7045e-01
8.2506e-02	3.7321e-01	4.8423e-01
1.2067e-01	1.5389e-01	4.9123e-01
5.9797e-01	6.7913e-01	7.5760e-02
1.8127e-01	1.8429e-01	3.0439e-01
5.0259e-01	4.1706e-02	7.0096e-01
9.3117e-02	3.5851e-01	4.4266e-01
2.9286e-01	3.3031e-01	1.6613e-01
6.5657e-01	1.1156e-02	8.7003e-01
4.0329e-02	1.5546e-01	9.6429e-01
6.9911e-01	8.0127e-01	4.6370e-02
4.4769e-01	3.0732e-01	1.5857e-01
9.5017e-02	8.7843e-02	8.9722e-01
5.6794e-01	5.1277e-01	9.6407e-02
1.1149e-01	3.5048e-01	3.8427e-01
3.8556e-01	3.4032e-01	1.4390e-01
4.1021e-01	9.4985e-02	4.4695e-01
2.4525e-01	3.4225e-01	1.8999e-01
7.7650e-02	2.4002e-01	5.4019e-01
2.8917e-01	4.8952e-02	6.8607e-01
3.4449e-01	1.8882e-01	2.3941e-01
7.7354e-01	2.6535e-02	7.9861e-01
4.1454e-01	3.3912e-01	1.4300e-01
3.5732e-01	7.3819e-02	5.1938e-01
1.2970e-01	2.1911e-01	3.6227e-01
2.3612e-01	8.7739e-02	4.9433e-01
8.5621e-01	8.8463e-01	0.0000e+00
4.8928e-01	4.8066e-01	1.0746e-01
1.7937e-01	8.5966e-02	5.9418e-01
8.6661e-01	8.3928e-01	6.2616e-03
1.7330e-01	1.8194e-01	3.1743e-01
5.7512e-01	7.2464e-03	9.0438e-01
3.1356e-01	1.3361e-01	3.2482e-01
1.9141e-01	1.7245e-01	3.0778e-01
2.5069e-01	2.9684e-01	1.9078e-01
3.2021e-01	6.3810e-02	5.7404e-01
2.2698e-01	1.6380e-01	2.9142e-01
2.1215e-01	2.2333e-01	2.4212e-01
6.4216e-01	7.0238e-01	6.5155e-02
4.5772e-01	8.8103e-03	9.2266e-01
3.6603e-01	3.6362e-01	1.4108e-01
7.1131e-01	1.5692e-02	8.4408e-01
5.4529e-01	1.1469e-02	8.8227e-01
5.4930e-01	4.7774e-01	1.0419e-01
2.6515e-01	2.6118e-02	8.9389e-01
3.0437e-01	9.8269e-02	4.2150e-01
4.2568e-01	1.5118e-02	8.8419e-01
4.5503e-01	3.7222e-01	1.3206e-01
3.8836e-01	2.1270e-02	8.4921e-01
1.6961e-01	1.8726e-01	3.1630e-01
4.6358e-01	5.5385e-01	1.0882e-01
6.8951e-01	5.7074e-01	8.0894e-02
4.5745e-01	4.1706e-01	1.2049e-01
1.3260e-01	2.3022e-01	3.4772e-01
2.7930e-01	4.6346e-02	7.1383e-01
3.0564e-01	1.2611e-01	3.4163e-01
2.5517e-01	3.5909e-01	1.8373e-01
6.4928e-02	1.7105e-01	7.5230e-01
8.0500e-02	2.3225e-01	5.3269e-01
1.9415e-01	1.2699e-01	3.9465e-01
2.1965e-01	7.6478e-02	5.7427e-01
2.6895e-01	9.1648e-02	4.5535e-01
1.9779e-01	3.6180e-02	9.1059e-01
5.9887e-01	5.0094e-01	9.8381e-02
2.4757e-02	7.9350e-01	8.0380e-01
3.3256e-01	3.7603e-01	1.4768e-01
7.4103e-01	8.7207e-01	3.0857e-02
3.6893e-01	2.5362e-01	1.8356e-01
1.6132e-01	1.2694e-01	4.5129e-01
3.4248e-01	3.7504e-01	1.4481e-01
5.1489e-01	4.4672e-01	1.1181e-01
4.1591e-01	3.2577e-01	1.4797e-01
4.3961e-01	8.0805e-03	9.3462e-01
5.3737e-02	2.9001e-01	6.4704e-01
6.1286e-02	4.1742e-01	5.8532e-01
1.5387e-01	3.3385e-01	2.8961e-01
0.0000e+00	4.4057e-01	9.8855e-01
2.5354e-01	5.9066e-02	6.4534e-01
5.9971e-01	6.8262e-01	7.5252e-02
3.1197e-02	4.1685e-01	7.6132e-01
4.3766e-01	6.3184e-02	5.8064e-01
3.2997e-01	2.6634e-01	1.7713e-01
4.3423e-01	5.4629e-01	1.1717e-01
5.6667e-01	5.4749e-01	9.0935e-02
1.3698e-01	3.5413e-01	3.2431e-01
9.4225e-02	3.2275e-01	4.3549e-01
9.3111e-01	8.0821e-01	4.9078e-03
4.4141e-01	4.6810e-01	1.1564e-01
2.9313e-01	2.7453e-01	1.8012e-01
2.6320e-01	3.9282e-01	1.8068e-01
8.9385e-01	6.8648e-01	4.5524e-02
3.1672e-01	2.3663e-01	1.9580e-01
2.8875e-01	1.0213e-01	4.1056e-01
2.8875e-02	5.9504e-01	7.7475e-01
4.0145e-01	3.1305e-01	1.5299e-01
2.9191e-02	6.0995e-01	7.7402e-01
7.7460e-01	8.3630e-01	2.5103e-02
6.9294e-01	5.5187e-01	8.6196e-02
3.1181e-01	2.4471e-01	1.9118e-01
5.1098e-02	1.3101e-01	9.6153e-01
5.1900e-01	4.9421e-01	1.0267e-01
3.3266e-01	2.7656e-01	1.7194e-01
1.5783e-01	2.9058e-01	2.8194e-01
2.8927e-02	2.5331e-01	8.7606e-01
2.7122e-01	1.8533e-01	2.4697e-01
5.2592e-01	6.2173e-01	9.3642e-02
8.4269e-01	7.9997e-01	1.8052e-02
9.1375e-02	2.7244e-01	4.5450e-01
1.3751e-01	1.3518e-01	4.8875e-01
2.8531e-01	3.5466e-01	1.6709e-01
2.2503e-01	2.0702e-01	2.4494e-01
6.7620e-02	4.3009e-01	5.5841e-01
2.5095e-01	2.7385e-01	1.9631e-01
3.5188e-01	3.2510e-01	1.5203e-01
2.9973e-01	4.1664e-01	1.6145e-01
1.4332e-01	2.4732e-01	3.1664e-01
7.6726e-01	7.5060e-01	3.8134e-02
1.7235e-01	7.4497e-02	6.8630e-01
2.4034e-01	2.4805e-01	2.1137e-01
4.0752e-02	2.9017e-01	7.4175e-01
4.6247e-01	5.5735e-01	1.0921e-01
1.4242e-01	3.3182e-01	3.0992e-01
1.9742e-02	4.7857e-01	8.3105e-01
3.5642e-01	4.6617e-01	1.3950e-01
4.0345e-01	3.2061e-02	7.6285e-01
2.0054e-01	4.8066e-02	8.1339e-01
3.6972e-01	3.4298e-01	1.4486e-01
3.3599e-01	5.6772e-02	6.1167e-01
4.1997e-01	5.2200e-01	1.2044e-01
2.5686e-01	3.0549e-01	1.8599e-01
5.7696e-02	1.9039e-01	7.5580e-01
6.5187e-01	9.1200e-01	6.2334e-02
9.6970e-02	2.8902e-01	4.2850e-01
3.1767e-01	3.2760e-01	1.5852e-01
7.2582e-02	1.9878e-01	6.3164e-01
2.2910e-02	7.4377e-01	8.0922e-01
2.3744e-01	1.3925e-01	3.2871e-01
7.1521e-01	6.0932e-01	7.0796e-02
7.7861e-02	1.9607e-01	6.0332e-01
2.4646e-01	1.1558e-01	3.8258e-01
2.8299e-01	2.2990e-02	9.0179e-01
7.2582e-02	3.1139e-01	5.2767e-01
3.4037e-01	2.7630e-01	1.7132e-01
2.8748e-01	3.3271e-01	1.6794e-01
5.8214e-01	4.9004e-01	1.0103e-01
2.8220e-01	4.4625e-02	7.2471e-01
4.0519e-01	2.8704e-01	1.6568e-01
1.4680e-01	7.8094e-02	7.4265e-01
2.4435e-01	1.9242e-01	2.4810e-01
1.6031e-01	2.8782e-01	2.7833e-01
3.2908e-01	3.5059e-01	1.5146e-01
6.0209e-01	5.7205e-01	8.4222e-02
3.2612e-01	2.5263e-01	1.8497e-01
2.3142e-01	1.5108e-01	3.0936e-01
3.0580e-01	8.8573e-02	4.5755e-01
2.2128e-01	2.3376e-01	2.2971e-01
4.5703e-01	4.1310e-01	1.2134e-01
4.4405e-01	3.7363e-01	1.3166e-01
7.4171e-01	9.7101e-01	2.7077e-02
3.8213e-01	2.9642e-01	1.6021e-01
1.6670e-01	1.8622e-01	3.2177e-01
1.2780e-01	3.5439e-01	3.4416e-01
1.9843e-01	2.3251e-01	2.4838e-01
2.3316e-01	2.7182e-01	2.0692e-01
1.6306e-01	1.1276e-01	4.9963e-01
8.6793e-01	6.4211e-01	6.1319e-02
3.2918e-01	4.1998e-01	1.4802e-01
3.1509e-01	1.1323e-01	3.7457e-01
1.4094e-01	1.9174e-01	3.6267e-01
3.5420e-02	5.4530e-01	7.3701e-01
4.6595e-01	4.5167e-01	1.1384e-01
8.5853e-01	8.6863e-01	2.2000e-03
7.9160e-01	6.6865e-01	5.3252e-02
7.0518e-01	8.7785e-01	4.1857e-02
3.3604e-01	4.5053e-01	1.4684e-01
3.8007e-02	2.5696e-01	7.9709e-01
6.1713e-01	6.8887e-01	7.1191e-02
2.8917e-01	2.8563e-01	1.7736e-01
4.9699e-01	6.1532e-01	1.0143e-01
5.0201e-01	5.8638e-01	9.9396e-02
6.7261e-01	7.2094e-01	5.7765e-02
3.7136e-01	2.7333e-01	1.7177e-01
2.4710e-01	2.0524e-01	2.3518e-01
5.8552e-01	5.0907e-01	9.6576e-02
3.8244e-01	3.8416e-01	1.3482e-01
1.6834e-01	1.8715e-01	3.1827e-01
1.5414e-02	3.4303e-01	9.1064e-01
3.0981e-01	4.8691e-02	6.7496e-01
8.2950e-01	5.8842e-01	8.0160e-02
1.5841e-01	1.9331e-01	3.2707e-01
3.1181e-01	3.8421e-01	1.5474e-01
1.8106e-02	6.1453e-01	8.3088e-01
3.3515e-01	3.7259e-01	1.4718e-01
5.8361e-01	5.2414e-01	9.3530e-02
2.3860e-02	7.1134e-01	8.0408e-01
4.5017e-01	1.6943e-02	8.6320e-01
7.3944e-01	9.0830e-01	2.9616e-02
9.1174e-01	7.7098e-01	1.7544e-02
4.4938e-01	4.6220e-01	1.1480e-01
1.3107e-01	2.0842e-01	3.6803e-01
4.1543e-02	4.8029e-01	6.9719e-01
1.2511e-02	4.1805e-01	8.9902e-01
1.5092e-01	3.5121e-01	2.9723e-01
8.8192e-01	6.5775e-01	5.5847e-02
7.2793e-01	7.7708e-01	4.1575e-02
1.2917e-01	7.3037e-02	8.3849e-01
6.5921e-01	1.5118e-02	8.4921e-01
1.4981e-01	2.4685e-01	3.0490e-01
4.5466e-01	4.7899e-01	1.1248e-01
3.4898e-01	2.2709e-01	2.0212e-01
3.3610e-01	2.7943e-01	1.7031e-01
1.3255e-01	3.5476e-01	3.3373e-01
3.9326e-01	4.5829e-01	1.2693e-01
3.7848e-02	3.2760e-01	7.3989e-01
6.8914e-01	5.9180e-01	7.5647e-02
2.6182e-01	2.0436e-02	9.4522e-01
3.3889e-02	5.6595e-01	7.4694e-01
9.2610e-01	8.1066e-01	4.7385e-03
3.1150e-01	1.7996e-01	2.4866e-01
2.1606e-01	1.2908e-01	3.6611e-01
7.2688e-02	3.4809e-01	5.2400e-01
5.7353e-01	5.8320e-01	8.6027e-02
5.4302e-01	7.5070e-03	9.0912e-01
3.3187e-01	3.8609e-01	1.4723e-01
2.3147e-01	1.8439e-01	2.6265e-01
4.1865e-01	3.4527e-01	1.4086e-01
3.1081e-01	2.4825e-01	1.8920e-01
1.0167e-01	7.2672e-02	9.4483e-01
2.8341e-01	2.6056e-01	1.8864e-01
5.0053e-01	4.7732e-01	1.0679e-01
4.4024e-02	4.8467e-01	6.8404e-01
7.8690e-01	6.9127e-01	4.7837e-02
1.6301e-01	1.0969e-01	5.1295e-01
2.7175e-01	1.6354e-01	2.7483e-01
7.8035e-01	8.9688e-01	1.7713e-02
1.4311e-01	1.9393e-01	3.5533e-01
2.7412e-01	1.3664e-01	3.2143e-01
4.3022e-02	2.8485e-01	7.2855e-01
1.9452e-01	1.5019e-01	3.4038e-01
1.9616e-01	3.2244e-01	2.3162e-01
4.7424e-01	4.1961e-01	1.1908e-01
3.3905e-01	3.0200e-01	1.6105e-01
2.2466e-01	5.5364e-02	7.1163e-01
3.7194e-01	2.2031e-01	2.0979e-01
2.6008e-01	1.6161e-02	9.8223e-01
2.2487e-01	2.3413e-01	2.2717e-01
3.1825e-01	4.1497e-01	1.5248e-01
7.3680e-01	6.5499e-01	5.9345e-02
3.3520e-02	1.7052e-01	9.7659e-01
9.5133e-01	6.5181e-01	6.0698e-02
2.0518e-01	2.3121e-01	2.4308e-01
3.2058e-01	4.5146e-02	6.9470e-01
6.6565e-02	2.9330e-01	5.6518e-01
1.4722e-01	2.5409e-01	3.0693e-01
1.9917e-01	3.1545e-01	2.2847e-01
3.1292e-01	2.5321e-01	1.8610e-01
4.3887e-01	1.0896e-02	9.1262e-01
1.8739e-01	1.1662e-01	4.3651e-01
3.8756e-01	5.1819e-02	6.3558e-01
6.6406e-02	1.3883e-01	8.4250e-01
9.8184e-03	6.0307e-01	8.7764e-01
2.3575e-01	3.5804e-01	1.9738e-01
3.6033e-01	2.2141e-01	2.0765e-01
1.6776e-01	9.8269e-02	5.5514e-01
4.8860e-01	3.9016e-01	1.2704e-01
4.2446e-01	4.4531e-01	1.2044e-01
4.5360e-01	5.5317e-01	1.1164e-01
9.4964e-02	9.8321e-02	8.4679e-01
3.4686e-01	9.4359e-03	9.6818e-01
2.6890e-01	1.5864e-01	2.8285e-01
4.1718e-01	3.9193e-01	1.2879e-01
6.0077e-01	7.2730e-01	7.4576e-02
1.6364e-01	3.0091e-01	2.7252e-01
1.1867e-01	1.6698e-01	4.6658e-01
2.1706e-01	8.5549e-02	5.2682e-01
3.0105e-01	3.5935e-01	1.6004e-01
5.6746e-02	4.1143e-01	6.0738e-01
2.8484e-01	2.6728e-01	1.8537e-01
5.7617e-01	4.5152e-01	1.1158e-01
5.8034e-01	5.7684e-01	8.5801e-02
2.4298e-01	2.1666e-01	2.2813e-01
1.8180e-01	1.4342e-01	3.7000e-01
6.1001e-01	6.5734e-01	7.4293e-02
1.2801e-01	2.5691e-01	3.4586e-01
1.2674e-01	2.0962e-01	3.7790e-01
2.9297e-02	3.0492e-01	8.2202e-01
2.4166e-01	1.4800e-01	3.0970e-01
1.4480e-01	1.0578e-01	5.8628e-01
6.5673e-01	8.0179e-01	5.8160e-02
1.1677e-01	1.3273e-01	5.7720e-01
5.7242e-01	5.2497e-01	9.3981e-02
1.2204e-01	3.6221e-01	3.5934e-01
4.3919e-02	3.5726e-01	6.8573e-01
6.2141e-01	7.6937e-01	6.8822e-02
8.1403e-01	9.0100e-01	7.9540e-03
7.5681e-01	8.8573e-01	2.5385e-02
1.2231e-01	1.8736e-01	4.1727e-01
2.9265e-01	1.8246e-01	2.4674e-01
1.3936e-01	8.9772e-02	6.9651e-01
5.3231e-01	4.6971e-01	1.0633e-01
5.0343e-01	5.4431e-01	9.9961e-02
1.4332e-01	1.4905e-01	4.3211e-01
4.8696e-01	4.6137e-02	6.7507e-01
8.1556e-01	8.8390e-01	9.6463e-03
4.2161e-01	5.2758e-02	6.3124e-01
2.4451e-01	1.0604e-01	4.1383e-01
5.5078e-01	5.1408e-01	9.7140e-02
2.5665e-01	2.1077e-01	2.2700e-01
6.8481e-01	5.6496e-01	8.2417e-02
3.2026e-01	2.3996e-01	1.9326e-01
2.2783e-01	3.5705e-01	2.0364e-01
2.7660e-01	3.1566e-01	1.7493e-01
2.9587e-01	2.9178e-01	1.7346e-01
1.9737e-01	1.7980e-01	2.9249e-01
1.5372e-01	2.4888e-01	2.9746e-01
9.0762e-01	6.7939e-01	4.8119e-02
6.1930e-01	5.0631e-01	9.7253e-02
3.6977e-01	3.8004e-02	7.2844e-01
9.7181e-02	2.3705e-01	4.5118e-01
2.5021e-02	7.4799e-01	8.0104e-01
7.1732e-01	8.7796e-01	3.7852e-02
8.7099e-02	1.1855e-01	7.9596e-01
1.6090e-01	1.6495e-01	3.6120e-01
4.9192e-01	6.0489e-01	1.0250e-01
5.4212e-01	4.7988e-01	1.0385e-01
1.5414e-01	1.1094e-01	5.3167e-01
2.8827e-01	3.3062e-01	1.6788e-01
3.2232e-01	7.3715e-02	5.2130e-01
5.2576e-01	5.1574e-01	9.9114e-02
5.1995e-01	1.0426e-03	9.6091e-01
6.7599e-01	9.2529e-01	5.2857e-02
2.7286e-01	3.3239e-01	1.7454e-01
6.9204e-02	2.3501e-01	5.9536e-01
3.9342e-01	2.5774e-01	1.8255e-01
5.1235e-01	5.1189e-01	1.0115e-01
5.7200e-01	7.1791e-01	8.2868e-02
3.4840e-03	5.2612e-01	9.3281e-01
3.1746e-01	3.5830e-01	1.5406e-01
1.9758e-01	3.2880e-01	2.3033e-01
2.8801e-01	2.1791e-01	2.1318e-01
7.1854e-01	7.6968e-01	4.4226e-02
2.3385e-01	3.5116e-01	1.9851e-01
1.5889e-02	7.4716e-01	8.3833e-01
9.5703e-01	7.0206e-01	3.9713e-02
1.9579e-01	1.6317e-01	3.1669e-01
1.9267e-02	5.8544e-01	8.2558e-01
6.1333e-01	5.4770e-01	8.7719e-02
1.3123e-01	2.4789e-01	3.4180e-01
7.2297e-01	7.1734e-01	4.9642e-02
4.1443e-01	5.0005e-01	1.2134e-01
1.5102e-01	1.0051e-01	5.9271e-01
7.7085e-01	9.5793e-01	1.6698e-02
4.3132e-01	1.5588e-02	8.7894e-01
3.8207e-01	3.4699e-01	1.4244e-01
4.1359e-01	4.9844e-01	1.2151e-01
6.6982e-01	6.5671e-01	6.5155e-02
2.4974e-01	1.0671e-01	4.0864e-01
7.8178e-02	8.6435e-02	9.7890e-01
7.2582e-02	1.8736e-01	6.5674e-01
3.3552e-01	1.3278e-01	3.2826e-01
3.3895e-01	2.4737e-01	1.8740e-01
1.0000e+00	6.7709e-01	5.1391e-02
7.6124e-01	9.3598e-01	2.1098e-02
3.4042e-01	3.0643e-01	1.5936e-01
5.7274e-02	2.1452e-01	7.0920e-01
1.5018e-01	1.7558e-01	3.6464e-01
7.4741e-01	6.1433e-01	6.8934e-02
5.2877e-01	5.1684e-01	9.8663e-02
7.3438e-01	6.7120e-01	5.6129e-02
3.0617e-01	6.4018e-02	5.7709e-01
7.8252e-01	6.8158e-01	5.0432e-02
5.8277e-02	3.2306e-01	6.0315e-01
1.8106e-02	3.0091e-01	9.1820e-01
5.4951e-02	4.2138e-01	6.1798e-01
9.1955e-02	1.7558e-01	5.6676e-01
4.0910e-01	1.8507e-02	8.6315e-01
1.6718e-01	1.9852e-01	3.0817e-01
3.8123e-01	4.3963e-01	1.3054e-01
2.1611e-01	3.6008e-01	2.1425e-01
6.9626e-01	1.0322e-02	8.7082e-01
1.6744e-01	3.2353e-01	2.6739e-01
1.1075e-01	3.5903e-01	3.8788e-01
7.7792e-01	7.8542e-01	3.1026e-02
2.3026e-01	7.0743e-02	5.9508e-01
4.4257e-01	6.2767e-02	5.8352e-01
4.5503e-01	4.4964e-01	1.1536e-01
3.2205e-01	3.1733e-01	1.5970e-01
4.7788e-01	5.9008e-01	1.0600e-01
3.1751e-01	3.1034e-01	1.6252e-01
1.4089e-01	2.0311e-01	3.5048e-01
2.2867e-01	2.6348e-01	2.1228e-01
1.0869e-01	9.9573e-02	7.7373e-01
1.5234e-01	2.1374e-01	3.1906e-01
7.4821e-01	6.6896e-01	5.5565e-02
1.1402e-01	1.8319e-01	4.5185e-01
3.3641e-01	3.5095e-01	1.4949e-01
6.5298e-02	1.7819e-01	7.3047e-01
7.4177e-01	8.4762e-01	3.2211e-02
5.0063e-01	4.3546e-01	1.1468e-01
7.4625e-01	5.9040e-01	7.5873e-02
1.0520e-01	8.0127e-02	8.9242e-01
9.7234e-02	3.1316e-01	4.2500e-01
7.7492e-01	7.7583e-01	3.2944e-02
1.3424e-01	3.1123e-01	3.2476e-01
3.2359e-01	1.9060e-01	2.3619e-01
4.2378e-01	3.9344e-01	1.2783e-01
8.9406e-01	7.5748e-01	2.2847e-02
3.5605e-01	2.5805e-02	8.2654e-01
2.1901e-01	2.4533e-01	2.2570e-01
3.5447e-01	2.4288e-01	1.9039e-01
5.6567e-01	4.7831e-01	1.0391e-01
2.2751e-01	1.9930e-01	2.5001e-01
2.9350e-02	2.0827e-01	9.3693e-01
5.8171e-01	4.8134e-01	1.0323e-01
2.4446e-01	5.2497e-02	7.0452e-01
2.8674e-01	1.7673e-01	2.5447e-01
2.7159e-01	2.2005e-01	2.1526e-01
4.7619e-01	4.2019e-01	1.1891e-01
1.3661e-01	1.0140e-01	6.3981e-01
7.1542e-01	7.4606e-01	4.7273e-02
3.8091e-01	3.4866e-01	1.4210e-01
3.6201e-01	2.0764e-01	2.2079e-01
2.4335e-02	3.2468e-01	8.4848e-01
1.4411e-02	4.7644e-01	8.6828e-01
1.0652e-01	2.1750e-01	4.3296e-01
2.9350e-02	5.3988e-01	7.6911e-01
4.8760e-01	4.6570e-01	1.0966e-01
6.0193e-01	5.2961e-01	9.1781e-02
5.0480e-01	4.6377e-01	1.0870e-01
3.1641e-01	3.2739e-01	1.5885e-01
8.3884e-01	6.6515e-01	5.3083e-02
3.0780e-01	2.5732e-01	1.8469e-01
4.2615e-01	3.3578e-01	1.4424e-01
3.5035e-01	3.2421e-01	1.5248e-01
4.5756e-01	5.2393e-01	1.1017e-01
7.9856e-01	9.3661e-01	8.9130e-03
2.6394e-03	4.2086e-01	9.7614e-01
9.8765e-02	1.3064e-01	6.7733e-01
2.3860e-01	6.4175e-02	6.2746e-01
3.4581e-01	8.0231e-02	4.9055e-01
6.4152e-01	6.2168e-01	7.3222e-02
2.3812e-01	3.2541e-01	1.9530e-01
2.4910e-01	3.6159e-01	1.8785e-01
3.3071e-01	2.8047e-02	8.2214e-01
3.4370e-01	1.7423e-01	2.5786e-01
6.3044e-01	4.6351e-01	1.1141e-01
1.3144e-02	2.5764e-01	1.0000e+00
4.5033e-01	5.5182e-01	1.1254e-01
4.0699e-01	4.7195e-01	1.2309e-01
4.9921e-01	4.4578e-01	1.1248e-01
6.6934e-01	7.6744e-01	5.5565e-02
6.6042e-01	6.3935e-01	6.8709e-02
5.6382e-01	2.2521e-02	8.1238e-01
4.9472e-01	3.8781e-01	1.2811e-01
3.3958e-01	1.6297e-01	2.7371e-01
1.5884e-01	2.4356e-01	2.9119e-01
4.4019e-01	5.0709e-01	1.1446e-01
1.5250e-01	2.5357e-01	2.9785e-01
1.1687e-01	8.0857e-02	8.4007e-01
9.4109e-01	7.1854e-01	3.3508e-02
2.8056e-01	3.8682e-01	1.6968e-01
3.0717e-01	1.9909e-01	2.2751e-01
1.1112e-01	2.1270e-01	4.2173e-01
2.7998e-01	1.6078e-01	2.7749e-01
1.8507e-01	5.7710e-02	7.7368e-01
9.2942e-01	7.6838e-01	1.6980e-02
6.6211e-01	9.0298e-01	5.7765e-02
1.5572e-01	1.3622e-01	4.3572e-01
4.4626e-01	4.9781e-01	1.1316e-01
1.9357e-01	2.7479e-01	2.3834e-01
2.4952e-01	1.9315e-01	2.4533e-01
9.7920e-01	7.2026e-01	3.2380e-02
4.6738e-01	1.8142e-02	8.5074e-01
5.8842e-01	7.0624e-01	7.7847e-02
2.3992e-01	5.2758e-02	7.0869e-01
3.0627e-01	3.7181e-01	1.5733e-01
5.6366e-01	4.7685e-01	1.0425e-01
5.2080e-01	4.4151e-01	1.1299e-01
2.2049e-01	1.4164e-01	3.3424e-01
3.0859e-01	3.5919e-01	1.5710e-01
3.3852e-01	3.7697e-01	1.4577e-01
2.5106e-01	1.0562e-01	4.1169e-01
7.4177e-01	8.0706e-01	3.5595e-02
6.8924e-01	1.2877e-02	8.5875e-01
3.7210e-01	3.9443e-01	1.3556e-01
6.3133e-02	3.1712e-01	5.7652e-01
1.3894e-01	1.8517e-01	3.7559e-01
7.3902e-02	3.5612e-01	5.1864e-01
7.6351e-01	8.4579e-01	2.6739e-02
7.6135e-01	6.6057e-01	5.6637e-02
1.4780e-02	2.9173e-01	9.5380e-01
1.3366e-01	1.2402e-01	5.4296e-01
2.8922e-01	1.5608e-01	2.8364e-01
4.9404e-01	3.8687e-01	1.2834e-01
2.2551e-01	2.7922e-01	2.1008e-01
3.6999e-01	1.1641e-01	3.7322e-01
3.4401e-01	3.2411e-01	1.5355e-01
7.2281e-01	5.6230e-01	8.3883e-02
2.6483e-01	3.1212e-01	1.8091e-01
1.1386e-01	1.7282e-01	4.7216e-01
3.0865e-01	2.2276e-01	2.0652e-01
5.9016e-01	5.8539e-01	8.3658e-02
1.2706e-01	1.0937e-01	6.3711e-01
1.6797e-01	7.6686e-02	6.8365e-01
3.1820e-01	5.6199e-02	6.2069e-01
3.1942e-01	6.4018e-02	5.7314e-01
7.1791e-03	3.1889e-01	9.9566e-01
2.6489e-01	5.9222e-02	6.3305e-01
3.3662e-01	3.1587e-01	1.5710e-01
7.7745e-01	9.0517e-01	1.7882e-02
1.4443e-01	5.6094e-02	8.9547e-01
5.5896e-01	4.1289e-02	7.1101e-01
4.1887e-01	4.0574e-01	1.2614e-01
1.5915e-01	8.3881e-02	6.6368e-01
1.5688e-01	1.9596e-01	3.2685e-01
9.1427e-02	1.6823e-01	5.8865e-01
1.1977e-01	2.5013e-01	3.6927e-01
9.7730e-01	7.0968e-01	3.6667e-02
1.3228e-01	1.4561e-01	4.7357e-01
2.1421e-01	1.5181e-01	3.1929e-01
2.1527e-01	9.0919e-02	5.0200e-01
1.8233e-01	1.9070e-01	2.9616e-01
3.1371e-01	1.6005e-02	9.3501e-01
7.0149e-01	8.3511e-01	4.4170e-02
9.1111e-02	2.9105e-01	4.4994e-01
2.1104e-01	3.7697e-01	2.2147e-01
2.4916e-02	2.0655e-01	9.7366e-01
2.8611e-02	3.4366e-01	8.0296e-01
9.1005e-01	7.0983e-01	3.7175e-02
2.6584e-01	2.3522e-01	2.0709e-01
7.1579e-01	6.9857e-03	8.8509e-01
2.8605e-01	1.6802e-01	2.6603e-01
1.6311e-01	2.5785e-01	2.7980e-01
7.2556e-01	5.7387e-01	8.0442e-02
2.6573e-01	5.7919e-02	6.4139e-01
4.3813e-03	4.8681e-01	9.3783e-01
1.5604e-01	9.4776e-02	6.0811e-01
7.4388e-01	7.5759e-01	4.0842e-02
5.3262e-01	6.6646e-01	9.2966e-02
4.1702e-03	5.6391e-01	9.1894e-01
6.7013e-01	8.7306e-01	5.3985e-02
1.0700e-01	2.6322e-01	4.0165e-01
2.0946e-01	6.4331e-02	6.7191e-01
1.2986e-01	1.0661e-01	6.3948e-01
5.5954e-03	3.3464e-01	9.9808e-01
4.2641e-01	3.6508e-01	1.3454e-01
4.3217e-01	4.3197e-01	1.2061e-01
5.7295e-01	2.3564e-02	8.0628e-01
3.2248e-01	2.9012e-01	1.6788e-01
4.2177e-01	3.4121e-01	1.4221e-01
3.1519e-01	2.6535e-01	1.7950e-01
4.0899e-01	5.7606e-02	6.0411e-01
1.0188e-02	5.3383e-01	8.8594e-01
3.4496e-01	5.8597e-02	5.9926e-01
4.6981e-02	4.5006e-01	6.6396e-01
1.0014e-01	1.5968e-01	5.6609e-01
2.9439e-01	3.4220e-01	1.6410e-01
6.2083e-01	6.7125e-01	7.1360e-02
6.2352e-01	5.6553e-01	8.3771e-02
2.9598e-01	2.3673e-01	1.9851e-01
7.3902e-02	1.9195e-01	6.3733e-01
3.0437e-01	3.1045e-01	1.6596e-01
7.7597e-02	2.3866e-01	5.4160e-01
5.4592e-01	3.2061e-02	7.5794e-01
1.2331e-01	2.4836e-01	3.6069e-01
3.1382e-01	1.7063e-01	2.6096e-01
7.2825e-01	8.3823e-01	3.6498e-02
5.7981e-01	4.8817e-01	1.0148e-01
3.4053e-01	3.8807e-01	1.4436e-01
6.8898e-01	8.2259e-01	4.8232e-02
7.9022e-02	3.0727e-01	4.9788e-01
7.7650e-02	2.1885e-01	5.6541e-01
2.5459e-01	1.6072e-01	2.8358e-01
6.7367e-01	2.5336e-02	7.9918e-01
1.5213e-01	1.4936e-01	4.0988e-01
2.2049e-01	3.4214e-01	2.0895e-01
4.2230e-02	3.8745e-01	6.9171e-01
7.1294e-01	1.0000e+00	3.8980e-02
4.2478e-01	3.0815e-01	1.5615e-01
4.4510e-01	3.7587e-01	1.3099e-01
2.1527e-01	5.2914e-02	7.4688e-01
