-0.1041	0.6218	0.0000
0.0648	-0.1033	-2.0000
0.4427	0.7760	0.0000
-0.1830	0.5904	0.0000
-0.2801	-0.3326	-2.0000
0.3672	0.5743	-1.0000
0.1701	0.2311	-2.0000
0.2467	0.2059	-2.0000
-0.3329	0.7325	0.0000
0.3667	0.5761	-1.0000
0.5313	0.1105	0.0000
0.4833	0.3614	-1.0000
0.3075	0.4791	-1.0000
-0.1445	0.0278	-2.0000
0.1979	0.6160	-1.0000
-0.0316	-0.2211	-2.0000
-0.0823	-0.1169	-3.0000
0.3875	0.1422	-1.0000
-0.3235	-0.4980	-1.0000
-0.1458	0.6437	0.0000
-0.1976	-0.5691	-1.0000
-0.2459	-0.2365	-2.0000
-0.2197	-0.2432	-2.0000
-0.0888	-0.1674	-3.0000
-0.2551	-0.4747	-1.0000
0.5227	0.1340	0.0000
0.1699	0.6100	-1.0000
-0.0502	-0.2091	-3.0000
-0.1244	-0.0794	-3.0000
0.6475	0.5847	0.0000
-0.0199	-0.0484	-3.0000
-0.1511	-0.0568	-2.0000
-0.0850	0.3206	-1.0000
-0.4054	-0.5550	0.0000
-0.0423	0.1387	-2.0000
-0.0976	-0.1407	-3.0000
0.2801	0.0847	-1.0000
-0.0847	-0.2003	-3.0000
0.0087	0.3033	-2.0000
-0.1680	-0.4411	-1.0000
-0.1952	-0.5455	-1.0000
-0.2426	-0.3970	-2.0000
0.6971	0.5037	0.0000
-0.0916	0.4187	-1.0000
-0.4253	-0.4835	0.0000
-0.1020	0.3300	-1.0000
-0.2764	-0.4048	-2.0000
0.0984	0.4866	-1.0000
0.1305	0.2938	-2.0000
-0.2585	-0.7087	0.0000
0.4738	0.5464	0.0000
-0.2339	-0.7135	0.0000
-0.1373	0.5734	0.0000
-0.5841	-0.5986	0.0000
-0.2759	-0.5354	-1.0000
0.2397	0.2775	-2.0000
-0.1717	-0.7595	0.0000
-0.0065	0.0489	-3.0000
-0.0910	0.1841	-2.0000
0.4522	0.6656	0.0000
-0.2844	-0.4595	-2.0000
-0.3389	-0.4437	-1.0000
-0.0700	-0.1696	-3.0000
0.2948	0.8275	0.0000
-0.1015	-0.3394	-2.0000
0.0815	0.0512	-3.0000
0.7146	0.1505	0.0000
-0.1410	-0.0030	-2.0000
0.0825	0.4351	-2.0000
0.1677	0.5004	-1.0000
-0.0845	-0.2670	-2.0000
0.0618	0.0714	-3.0000
0.1371	0.6766	-1.0000
-0.4166	-0.6383	0.0000
-0.0890	0.5031	-1.0000
-0.4564	-0.4874	0.0000
-0.5147	-0.4604	0.0000
0.1995	0.4063	-2.0000
0.3067	0.4166	-1.0000
0.0155	0.1554	-3.0000
0.6228	0.3714	0.0000
-0.3901	-0.3703	-1.0000
0.2228	0.7251	0.0000
0.0180	-0.0086	-3.0000
-0.2231	-0.4202	-2.0000
-0.0007	-0.2198	-2.0000
0.2589	0.3248	-2.0000
-0.2007	-0.5582	-1.0000
0.2477	0.2993	-2.0000
0.1207	0.3809	-2.0000
0.2588	0.3268	-2.0000
0.0237	0.6570	0.0000
0.0968	-0.1314	-2.0000
0.4429	0.7639	0.0000
-0.0712	0.0513	-3.0000
0.2717	0.6578	0.0000
0.1474	0.2814	-2.0000
-0.0558	0.1941	-2.0000
-0.1705	-0.5467	-1.0000
0.1393	0.2785	-2.0000
-0.2676	-0.4193	-2.0000
-0.4803	-0.6254	0.0000
0.1976	0.2273	-2.0000
0.2080	0.5598	-1.0000
-0.0503	0.0429	-3.0000
0.2405	0.1709	-2.0000
-0.3037	0.7439	0.0000
0.7239	0.1747	0.0000
-0.3343	-0.4750	-1.0000
-0.3789	-0.3993	-1.0000
0.0769	0.0791	-3.0000
0.1026	0.0183	-3.0000
0.5550	0.2313	0.0000
-0.1828	-0.1546	-3.0000
-0.1863	-0.1648	-2.0000
0.2593	0.0606	-1.0000
-0.1395	-0.1828	-3.0000
0.0429	0.8550	0.0000
0.1842	0.5644	-1.0000
-0.0268	0.3210	-2.0000
-0.4179	-0.3959	0.0000
-0.0552	0.3103	-1.0000
0.1169	0.3074	-2.0000
-0.0608	-0.1256	-3.0000
-0.5046	-0.6960	0.0000
-0.2295	0.7570	0.0000
0.0989	0.1825	-3.0000
-0.2745	-0.3553	-2.0000
-0.1271	0.0184	-2.0000
0.5829	0.5360	0.0000
0.5046	0.2648	-1.0000
0.1035	-0.0705	-2.0000
0.6322	0.5600	0.0000
0.2029	0.1725	-2.0000
0.1676	0.2195	-2.0000
0.3850	0.6318	0.0000
-0.0361	-0.0888	-3.0000
-0.3460	-0.4235	-1.0000
-0.1537	-0.5189	-1.0000
-0.3993	-0.4783	-1.0000
0.0873	-0.0244	-3.0000
-0.1257	-0.2222	-3.0000
-0.0779	-0.2516	-3.0000
-0.6040	-0.5510	0.0000
-0.1662	-0.2768	-3.0000
-0.5083	-0.5773	0.0000
0.2538	0.7687	0.0000
-0.0927	0.0867	-2.0000
-0.0524	0.1382	-2.0000
-0.0028	0.0527	-3.0000
-0.1128	0.5647	-1.0000
0.3452	0.1239	-1.0000
-0.3098	-0.5094	-1.0000
-0.1193	-0.3202	-2.0000
-0.1872	-0.7374	0.0000
-0.2205	0.6105	0.0000
-0.0214	0.5971	-1.0000
0.4045	0.3501	-1.0000
0.6439	0.3275	0.0000
-0.0499	0.4603	-1.0000
-0.4062	-0.4848	-1.0000
-0.2235	-0.1871	-2.0000
0.0526	0.5889	-1.0000
0.0694	0.1142	-3.0000
-0.2861	-0.3378	-2.0000
0.3731	0.1447	-1.0000
0.0578	0.1009	-3.0000
-0.1278	0.0232	-2.0000
-0.3133	-0.5366	-1.0000
-0.1804	-0.4377	-1.0000
-0.1517	-0.2701	-3.0000
0.0792	0.0137	-3.0000
0.0282	0.0585	-3.0000
0.5981	0.5048	0.0000
0.2754	0.0613	-1.0000
-0.0846	-0.2871	-2.0000
0.0161	-0.1285	-3.0000
0.1045	0.0261	-3.0000
-0.1050	-0.2919	-2.0000
-0.1060	0.8225	0.0000
-0.2097	-0.3895	-2.0000
-0.0712	0.7317	0.0000
-0.3069	-0.4961	-1.0000
0.1119	0.4224	-2.0000
0.1056	0.2996	-2.0000
0.2103	0.1735	-2.0000
-0.2545	-0.5602	-1.0000
0.3164	0.3708	-1.0000
-0.4716	-0.6951	0.0000
0.0326	0.0932	-3.0000
-0.0986	-0.3488	-2.0000
0.0540	0.8065	0.0000
0.1343	0.2101	-3.0000
-0.1577	-0.5013	-1.0000
-0.0237	0.6562	0.0000
0.2826	0.4196	-1.0000
-0.1465	-0.1132	-3.0000
-0.0934	0.0849	-2.0000
-0.2708	0.7170	0.0000
0.2633	0.8404	0.0000
0.3198	0.1266	-1.0000
0.4109	0.4266	-1.0000
-0.0318	-0.0476	-3.0000
0.1000	0.8582	0.0000
0.1194	0.4587	-2.0000
-0.1310	-0.1325	-3.0000
-0.3435	-0.6892	0.0000
-0.0030	0.5724	-1.0000
0.3141	0.4825	-1.0000
-0.3043	-0.6558	0.0000
0.1271	0.3446	-2.0000
0.0245	0.8223	0.0000
-0.1004	0.7009	0.0000
-0.1228	-0.2364	-3.0000
0.2720	0.4973	-1.0000
0.2059	-0.0164	-1.0000
-0.0128	-0.1303	-3.0000
0.1285	-0.0310	-2.0000
0.4498	0.5475	0.0000
0.7262	0.1101	0.0000
0.5940	0.4770	0.0000
0.3352	0.1799	-1.0000
-0.4756	-0.4981	0.0000
-0.3034	-0.5458	-1.0000
-0.1706	-0.1633	-3.0000
-0.1416	-0.1440	-3.0000
-0.0923	0.0478	-3.0000
0.3358	0.4611	-1.0000
0.1922	0.1200	-2.0000
-0.1320	-0.2014	-3.0000
-0.4019	-0.7005	0.0000
0.1170	-0.0795	-2.0000
-0.1279	0.2140	-1.0000
0.1302	0.1382	-3.0000
0.0945	0.4064	-2.0000
-0.1138	-0.2644	-3.0000
0.2492	0.0653	-1.0000
-0.0127	-0.1496	-3.0000
0.6978	0.3854	0.0000
0.2045	0.0088	-2.0000
-0.1770	-0.2773	-3.0000
0.2066	0.2337	-2.0000
0.3865	0.2158	-1.0000
0.1098	-0.0558	-2.0000
-0.0749	-0.2314	-3.0000
0.2019	0.4808	-2.0000
-0.0651	-0.1195	-3.0000
0.5948	0.5774	0.0000
0.0629	0.5133	-1.0000
0.4403	0.3881	-1.0000
0.1831	0.3731	-2.0000
-0.0948	-0.0422	-3.0000
0.7328	0.3805	0.0000
-0.3492	-0.7820	0.0000
0.1901	0.1537	-2.0000
-0.1998	0.6856	0.0000
-0.2236	-0.2163	-2.0000
0.4903	0.1412	0.0000
-0.1908	0.6738	0.0000
-0.2931	-0.4640	-1.0000
-0.2559	-0.3506	-2.0000
-0.3246	-0.5820	-1.0000
-0.0873	-0.2048	-3.0000
0.0611	0.0534	-3.0000
-0.1734	-0.2396	-3.0000
-0.1953	-0.3628	-2.0000
-0.0423	-0.1676	-3.0000
-0.1566	-0.2459	-3.0000
-0.2080	-0.7594	0.0000
-0.4476	-0.5749	0.0000
-0.2489	-0.4704	-1.0000
-0.0830	0.4960	-1.0000
0.0758	-0.0415	-3.0000
-0.0146	0.3394	-2.0000
0.0048	-0.1974	-2.0000
0.2590	0.0043	-1.0000
-0.2344	-0.4301	-2.0000
-0.6160	-0.5639	0.0000
-0.1009	0.4182	-1.0000
0.3310	0.5766	-1.0000
0.0193	-0.0022	-3.0000
-0.3849	-0.4953	-1.0000
-0.1645	-0.6472	0.0000
-0.1509	-0.0405	-2.0000
-0.2156	-0.2590	-2.0000
-0.3173	-0.6440	-1.0000
0.0121	-0.1137	-3.0000
0.0873	0.0228	-3.0000
0.5227	0.6074	0.0000
0.2006	0.3441	-2.0000
-0.1543	-0.5035	-1.0000
-0.5395	-0.5764	0.0000
0.4766	0.4805	-1.0000
0.7386	0.3129	0.0000
0.0853	0.5648	-1.0000
-0.0850	-0.2635	-2.0000
0.5108	0.5147	0.0000
0.3775	0.3996	-1.0000
-0.3052	-0.3420	-1.0000
0.1905	0.2388	-2.0000
-0.3015	-0.3780	-1.0000
0.0329	0.4071	-1.0000
-0.1464	-0.2850	-3.0000
0.0592	0.2360	-3.0000
-0.1747	-0.4206	-1.0000
-0.3431	-0.5322	-1.0000
-0.1364	-0.4424	-1.0000
0.2282	0.4518	-2.0000
-0.3192	-0.6756	0.0000
0.3507	0.1250	-1.0000
0.6227	0.1868	0.0000
0.1395	0.1057	-3.0000
0.2931	0.1608	-1.0000
0.5289	0.5133	0.0000
-0.3057	-0.8037	0.0000
-0.2870	-0.3203	-1.0000
-0.0237	-0.0659	-3.0000
-0.2223	-0.3211	-2.0000
-0.0639	0.1921	-2.0000
-0.0332	-0.0866	-3.0000
0.1764	0.2209	-2.0000
-0.0841	-0.0446	-3.0000
0.4078	0.7607	0.0000
0.2971	0.0851	-1.0000
-0.1189	0.6555	0.0000
-0.2353	-0.5764	-1.0000
0.6443	0.3280	0.0000
0.3338	0.8363	0.0000
0.7618	0.0147	0.0000
-0.0095	-0.0299	-3.0000
-0.1316	-0.2202	-3.0000
-0.2229	-0.5213	-1.0000
0.1005	-0.0097	-2.0000
-0.0816	0.0540	-3.0000
-0.1838	-0.2010	-3.0000
-0.2369	-0.5372	-1.0000
0.7311	0.3425	0.0000
-0.1521	-0.2795	-3.0000
0.0939	0.2042	-3.0000
0.3750	0.6226	0.0000
-0.1774	-0.3003	-3.0000
-0.1348	0.5847	0.0000
0.0166	0.2558	-2.0000
-0.0962	-0.1572	-3.0000
0.1742	0.2977	-2.0000
-0.0543	-0.3056	-1.0000
-0.2954	-0.6800	0.0000
0.2169	0.1577	-2.0000
-0.3617	-0.7794	0.0000
0.2294	0.5581	-1.0000
0.2454	0.1809	-2.0000
-0.2298	-0.2657	-2.0000
0.1595	0.1051	-2.0000
-0.1108	0.3931	-1.0000
-0.1912	-0.3226	-2.0000
0.1706	0.3017	-2.0000
0.2606	0.5832	-1.0000
0.5218	0.1760	0.0000
-0.1565	-0.0440	-2.0000
-0.5385	-0.6416	0.0000
0.5113	0.4099	0.0000
0.1693	0.1183	-2.0000
-0.1496	-0.0227	-2.0000
-0.6201	-0.5959	0.0000
0.2228	0.1952	-2.0000
-0.1230	-0.2526	-3.0000
0.0624	-0.1052	-2.0000
-0.1565	0.7996	0.0000
0.2288	0.5576	-1.0000
-0.0605	-0.1789	-3.0000
0.2679	0.1795	-2.0000
-0.1120	0.2648	-1.0000
0.0191	-0.0362	-3.0000
-0.1090	0.1562	-2.0000
-0.1494	0.1273	-1.0000
-0.0664	0.5111	-1.0000
0.0380	0.1278	-3.0000
0.1532	0.6777	0.0000
-0.1844	-0.2973	-3.0000
0.0257	0.0939	-3.0000
-0.0417	-0.2059	-3.0000
0.1757	-0.0450	-2.0000
-0.1941	-0.2388	-3.0000
-0.0835	0.0758	-3.0000
0.0880	0.4336	-2.0000
0.3846	0.4867	-1.0000
-0.0707	0.0617	-3.0000
0.4552	0.2975	-1.0000
-0.1466	-0.2871	-3.0000
-0.1587	0.1195	-1.0000
0.0177	0.5338	-1.0000
-0.1977	-0.2417	-3.0000
0.0204	-0.0445	-3.0000
-0.0580	0.4322	-1.0000
-0.4364	-0.6481	0.0000
0.1992	0.2048	-2.0000
0.0360	-0.1165	-2.0000
0.2220	0.0471	-2.0000
0.0227	0.0485	-3.0000
0.7207	0.2275	0.0000
-0.0311	-0.2312	-2.0000
-0.1020	-0.0368	-3.0000
-0.2188	-0.7279	0.0000
0.4364	0.6233	0.0000
-0.2908	-0.5266	-1.0000
0.4794	0.2518	-1.0000
0.3462	0.0961	-1.0000
0.2019	0.2921	-2.0000
-0.2205	-0.5225	-1.0000
0.0631	0.1040	-3.0000
-0.1313	0.5709	0.0000
0.3075	0.0729	-1.0000
-0.0446	-0.1422	-3.0000
-0.2160	0.7438	0.0000
0.5195	0.7005	0.0000
-0.2753	-0.6538	0.0000
-0.2147	-0.1288	-1.0000
0.3975	0.7009	0.0000
-0.2634	-0.3606	-2.0000
0.2559	0.0293	-1.0000
-0.1435	-0.1701	-3.0000
-0.1392	0.3048	-1.0000
0.0209	-0.1319	-3.0000
0.3125	0.2600	-1.0000
0.0783	0.5518	-1.0000
-0.1304	0.0438	-2.0000
-0.3610	0.6686	0.0000
-0.1735	-0.1698	-3.0000
-0.0607	0.3859	-1.0000
0.1610	0.1240	-3.0000
0.0549	0.3521	-2.0000
-0.4139	-0.7661	0.0000
-0.1952	-0.3232	-2.0000
0.1607	0.4401	-2.0000
-0.4438	-0.7214	0.0000
0.0764	0.1173	-3.0000
-0.1193	0.7769	0.0000
-0.0843	0.1656	-2.0000
0.0487	0.1172	-3.0000
-0.0069	-0.0919	-3.0000
-0.0013	0.4419	-1.0000
0.0006	0.1105	-3.0000
0.0206	0.0163	-3.0000
-0.2584	-0.5519	-1.0000
0.0080	0.7914	0.0000
-0.1137	-0.1927	-3.0000
-0.2814	0.7174	0.0000
-0.0984	0.7541	0.0000
-0.2583	-0.3235	-2.0000
0.1949	0.7515	0.0000
-0.0445	0.2799	-2.0000
0.0240	0.7526	0.0000
-0.2029	-0.2080	-2.0000
0.0469	0.7170	0.0000
0.0822	0.1118	-3.0000
-0.1322	-0.3854	-1.0000
-0.3637	-0.4242	-1.0000
-0.1887	-0.2568	-3.0000
0.1564	0.1018	-2.0000
0.1008	0.5781	-1.0000
-0.0718	0.1866	-2.0000
0.0162	-0.1519	-2.0000
0.3967	0.5034	-1.0000
0.3020	0.2602	-1.0000
0.0667	0.2318	-3.0000
0.1057	0.4311	-2.0000
0.0045	0.3150	-2.0000
0.2756	0.7573	0.0000
-0.2992	-0.3486	-1.0000
0.7739	0.0089	0.0000
-0.0707	-0.1978	-3.0000
-0.2896	-0.7285	0.0000
-0.1503	-0.0607	-3.0000
0.1278	0.2809	-2.0000
-0.0826	-0.1994	-3.0000
-0.2356	-0.2900	-2.0000
-0.1790	-0.1540	-3.0000
0.0317	0.8024	0.0000
0.4148	0.3092	-1.0000
0.4401	0.1454	-1.0000
0.1579	-0.0383	-2.0000
0.7146	0.4746	0.0000
0.0987	0.5077	-1.0000
-0.2208	-0.5260	-1.0000
0.5579	0.2983	0.0000
-0.1157	0.4481	-1.0000
-0.1082	-0.0773	-3.0000
-0.1025	-0.3716	-1.0000
-0.2475	-0.3954	-2.0000
0.2022	-0.0258	-1.0000
0.2849	0.0976	-1.0000
-0.5246	-0.6957	0.0000
-0.1495	-0.3052	-2.0000
-0.0658	-0.0818	-3.0000
0.0235	-0.1837	-2.0000
-0.5278	-0.5551	0.0000
-0.1005	-0.0354	-3.0000
-0.0324	0.2671	-2.0000
0.6560	0.1556	0.0000
-0.1684	-0.1386	-3.0000
0.6628	0.1421	0.0000
-0.3439	-0.7025	0.0000
-0.3739	-0.4033	-1.0000
-0.0939	-0.0464	-3.0000
0.4952	0.7193	0.0000
-0.2206	-0.3391	-2.0000
-0.1084	-0.0906	-3.0000
0.1284	-0.0075	-2.0000
0.5358	0.5393	0.0000
-0.0551	0.0534	-3.0000
-0.1682	-0.4573	-1.0000
-0.4337	-0.6772	0.0000
0.2721	0.1577	-1.0000
0.1745	0.3062	-2.0000
-0.0244	-0.1624	-3.0000
0.0009	0.0328	-3.0000
0.4266	0.1111	-1.0000
-0.0159	-0.0672	-3.0000
-0.1133	-0.1499	-3.0000
-0.0107	-0.2210	-2.0000
0.1387	0.0600	-2.0000
-0.3729	-0.6170	0.0000
0.2080	0.5298	-1.0000
-0.0106	-0.0318	-3.0000
0.4752	0.3911	-1.0000
-0.1292	-0.3881	-1.0000
0.1784	-0.0190	-2.0000
0.6351	0.3053	0.0000
-0.0536	-0.2829	-2.0000
-0.0060	0.6329	-1.0000
0.2302	0.6628	0.0000
-0.1258	-0.1716	-3.0000
-0.0018	0.4806	-1.0000
-0.0988	-0.3478	-2.0000
-0.0111	-0.1035	-3.0000
0.4154	0.4897	-1.0000
-0.1647	-0.7358	0.0000
0.2618	0.1208	-2.0000
-0.0746	-0.1464	-3.0000
0.3426	0.3749	-1.0000
0.7536	0.0567	0.0000
-0.0035	0.1641	-3.0000
-0.3752	-0.4664	-1.0000
0.3218	0.3527	-1.0000
0.0026	0.2312	-2.0000
0.1794	0.7611	0.0000
0.3469	0.1873	-1.0000
-0.1166	-0.0909	-3.0000
-0.0372	-0.1427	-3.0000
-0.2866	-0.3369	-1.0000
0.1025	0.5890	-1.0000
-0.1788	-0.1051	-2.0000
0.2636	0.5755	-1.0000
-0.0241	0.0482	-3.0000
0.1228	-0.0082	-2.0000
-0.0781	-0.1725	-3.0000
-0.2740	-0.4225	-2.0000
-0.1073	-0.0586	-3.0000
-0.0012	0.1371	-3.0000
-0.0327	0.3195	-2.0000
0.0105	-0.0035	-3.0000
-0.1898	-0.2527	-3.0000
-0.1914	-0.2096	-3.0000
-0.2427	-0.8175	0.0000
-0.1538	-0.1180	-3.0000
0.0873	0.1174	-3.0000
0.2215	-0.0089	-1.0000
0.0420	0.0137	-3.0000
0.0062	-0.0562	-3.0000
0.1431	0.3350	-2.0000
-0.5162	-0.5030	0.0000
-0.0452	-0.2355	-2.0000
-0.0712	0.2263	-2.0000
0.1363	0.1480	-3.0000
0.6057	0.1660	0.0000
-0.1832	-0.2926	-3.0000
-0.4231	-0.7504	0.0000
-0.4306	-0.5330	0.0000
-0.2453	-0.7240	0.0000
-0.0374	-0.2630	-2.0000
0.4890	0.4678	0.0000
-0.2371	-0.5349	-1.0000
-0.0577	-0.0938	-3.0000
-0.1386	-0.4450	-1.0000
-0.1591	-0.4217	-1.0000
-0.2833	-0.5743	-1.0000
-0.1488	-0.0880	-3.0000
-0.0269	0.0259	-3.0000
-0.2827	-0.3572	-2.0000
-0.1230	-0.2159	-3.0000
0.0844	0.1136	-3.0000
0.6114	0.4916	0.0000
0.0520	0.5424	-1.0000
-0.4952	-0.4402	0.0000
0.1018	0.1158	-3.0000
-0.0423	-0.1987	-3.0000
0.7046	0.1874	0.0000
-0.0753	-0.1952	-3.0000
-0.2748	-0.3729	-2.0000
0.7339	0.0803	0.0000
-0.0101	0.7329	0.0000
-0.2705	-0.7610	0.0000
-0.5175	-0.6525	0.0000
-0.1609	-0.3009	-2.0000
0.1572	0.1382	-3.0000
0.5472	0.1878	0.0000
0.6460	0.4165	0.0000
0.1733	-0.0467	-2.0000
-0.5251	-0.5213	0.0000
-0.3186	-0.6370	-1.0000
0.3266	0.6629	0.0000
-0.2270	0.7223	0.0000
0.1261	0.0503	-3.0000
-0.1589	-0.3174	-2.0000
-0.1344	-0.0216	-2.0000
-0.1112	-0.0945	-3.0000
0.2117	-0.0182	-1.0000
-0.1007	-0.2870	-2.0000
0.4959	0.3571	-1.0000
-0.3554	-0.4470	-1.0000
0.2210	0.8009	0.0000
0.6226	0.1567	0.0000
-0.5184	-0.6979	0.0000
-0.0972	0.0595	-2.0000
0.0315	0.2053	-3.0000
0.3634	0.1523	-1.0000
-0.2389	-0.4306	-2.0000
-0.0847	0.7808	0.0000
-0.0652	-0.2069	-3.0000
-0.0080	0.0678	-3.0000
-0.1756	-0.1770	-3.0000
-0.0921	-0.0511	-3.0000
0.4071	0.7553	0.0000
-0.0588	-0.0623	-3.0000
-0.2085	-0.3209	-2.0000
0.5403	0.1727	0.0000
-0.4173	-0.5572	0.0000
0.1483	0.3492	-2.0000
-0.0526	0.0964	-3.0000
-0.3231	-0.7614	0.0000
0.1315	0.1398	-3.0000
-0.0451	0.1600	-2.0000
0.4637	0.3843	-1.0000
0.0508	0.1647	-3.0000
0.0809	-0.0787	-2.0000
-0.2049	-0.2603	-2.0000
-0.1075	-0.1221	-3.0000
0.1588	0.5683	-1.0000
-0.1569	-0.0091	-2.0000
0.2391	0.8366	0.0000
0.0058	-0.0060	-3.0000
-0.0345	-0.2273	-2.0000
-0.3796	-0.5158	-1.0000
0.5400	0.6981	0.0000
-0.5951	-0.5119	0.0000
0.0320	0.0103	-3.0000
0.0493	0.5625	-1.0000
0.3627	0.2355	-1.0000
0.1333	0.0458	-2.0000
0.0728	-0.0753	-2.0000
-0.0933	-0.0581	-3.0000
0.0229	0.7809	0.0000
0.0892	0.2770	-2.0000
-0.0439	0.5056	-1.0000
0.4243	0.6094	0.0000
0.7305	0.2378	0.0000
0.0420	-0.1391	-2.0000
-0.1458	-0.0119	-2.0000
0.1589	0.3957	-2.0000
-0.2300	-0.2279	-2.0000
-0.1416	-0.2813	-3.0000
-0.1212	-0.3824	-1.0000
0.3776	0.6482	0.0000
0.1419	0.8303	0.0000
-0.0482	0.1076	-3.0000
-0.1568	-0.2279	-3.0000
-0.1998	-0.5653	-1.0000
0.1231	-0.0246	-2.0000
0.1981	0.2595	-2.0000
0.0891	0.3822	-2.0000
-0.0414	-0.1726	-3.0000
0.4527	0.1697	-1.0000
-0.0585	-0.0709	-3.0000
-0.2946	-0.2944	-1.0000
-0.2490	-0.4253	-2.0000
-0.0206	0.0099	-3.0000
0.0749	0.1962	-3.0000
-0.2442	-0.5049	-1.0000
0.1734	0.0770	-2.0000
0.1670	0.1457	-3.0000
0.5342	0.4478	0.0000
-0.0128	0.1400	-3.0000
0.2012	0.4161	-2.0000
-0.2268	-0.6440	0.0000
0.2382	0.3849	-2.0000
-0.2629	-0.3732	-2.0000
0.2387	-0.0025	-1.0000
0.4776	0.2845	-1.0000
-0.2023	-0.6067	0.0000
-0.3596	-0.7734	0.0000
-0.3013	-0.7451	0.0000
0.1800	0.1991	-2.0000
-0.0781	0.0557	-3.0000
0.2538	0.5255	-1.0000
-0.2443	-0.3147	-2.0000
-0.1813	-0.3848	-2.0000
0.1473	0.2451	-2.0000
-0.1264	0.5447	-1.0000
-0.3688	-0.7571	0.0000
-0.0796	0.5010	-1.0000
0.0154	0.2666	-2.0000
-0.2452	-0.3611	-2.0000
-0.0378	0.0141	-3.0000
-0.3611	-0.4179	-1.0000
-0.1037	-0.0404	-3.0000
0.0525	-0.1329	-2.0000
-0.0313	-0.1219	-3.0000
-0.0633	-0.1025	-3.0000
0.0388	0.0976	-3.0000
0.1194	0.0421	-3.0000
-0.5439	-0.5467	0.0000
-0.3175	-0.3543	-1.0000
0.0135	0.5979	-1.0000
0.2469	0.1854	-2.0000
0.7495	0.0459	0.0000
-0.2594	-0.7276	0.0000
0.3702	0.5867	-1.0000
0.1022	0.1700	-3.0000
-0.1382	-0.4351	-1.0000
-0.2503	-0.3257	-2.0000
0.1672	0.3644	-2.0000
-0.0390	-0.1409	-3.0000
-0.0248	0.3876	-1.0000
-0.2183	-0.3608	-2.0000
-0.0390	0.8313	0.0000
-0.1869	-0.7555	0.0000
-0.0194	-0.1367	-3.0000
0.3460	0.3121	-1.0000
-0.1733	-0.0651	-2.0000
-0.2058	-0.3557	-2.0000
-0.1716	-0.5500	0.0000
0.7260	0.3522	0.0000
-0.0613	-0.1769	-3.0000
0.0820	-0.0853	-2.0000
-0.0725	-0.0041	-3.0000
-0.3116	-0.6283	-1.0000
0.0410	-0.1322	-2.0000
0.7769	0.0790	0.0000
-0.5861	-0.5736	0.0000
0.0441	0.1330	-3.0000
0.6862	0.2080	0.0000
-0.2956	-0.3984	-1.0000
0.1636	0.0813	-2.0000
-0.3395	-0.5782	-1.0000
-0.1037	-0.3280	-2.0000
0.1956	0.4263	-2.0000
-0.2835	-0.8151	0.0000
0.0159	0.7477	0.0000
-0.1374	-0.1771	-3.0000
-0.1036	-0.3264	-2.0000
-0.3089	-0.5123	-1.0000
0.0079	0.2615	-2.0000
0.4545	0.7729	0.0000
0.3495	0.4065	-1.0000
-0.1050	0.1693	-2.0000
-0.1216	-0.0519	-3.0000
-0.6358	-0.5419	0.0000
-0.2827	-0.7923	0.0000
-0.1075	-0.1274	-3.0000
0.4046	0.4284	-1.0000
0.1199	0.1637	-3.0000
-0.4058	-0.4723	-1.0000
-0.2210	-0.3622	-2.0000
-0.3707	-0.5327	-1.0000
0.0144	0.4443	-1.0000
-0.4165	-0.5466	0.0000
0.4048	0.2426	-1.0000
0.5914	0.5346	0.0000
0.4647	0.1703	-1.0000
0.2792	0.3388	-1.0000
0.0317	0.7315	0.0000
0.0862	0.0950	-3.0000
-0.0961	-0.2677	-2.0000
0.0711	-0.1263	-2.0000
-0.2557	0.7452	0.0000
0.1280	-0.0486	-2.0000
0.2627	0.0250	-1.0000
-0.3697	-0.6533	0.0000
0.1027	0.4541	-2.0000
-0.1194	0.4510	-1.0000
-0.1725	-0.2895	-3.0000
-0.0835	-0.1365	-3.0000
-0.1298	-0.4192	-1.0000
-0.0811	-0.1280	-3.0000
0.1359	0.1276	-3.0000
0.0092	-0.0443	-3.0000
0.3280	0.5838	-1.0000
0.1141	0.0912	-3.0000
-0.3859	-0.5312	-1.0000
0.2035	0.2327	-2.0000
-0.0862	-0.1745	-3.0000
0.3890	0.4783	-1.0000
-0.3019	-0.7062	0.0000
-0.2256	-0.2778	-2.0000
-0.4131	-0.4456	-1.0000
0.3811	0.7035	0.0000
0.2718	0.0969	-1.0000
-0.3705	-0.6434	0.0000
0.1838	0.0117	-2.0000
-0.1102	0.0395	-2.0000
-0.1631	-0.2300	-3.0000
-0.5039	-0.6362	0.0000
0.0701	0.6935	0.0000
0.0165	-0.0170	-3.0000
-0.1378	-0.0455	-3.0000
-0.2746	-0.3242	-2.0000
-0.0029	0.0439	-3.0000
0.5433	0.6310	0.0000
-0.2894	-0.3275	-1.0000
0.1340	0.5647	-1.0000
-0.0711	0.0673	-3.0000
-0.0539	-0.0041	-3.0000
-0.2066	-0.2609	-2.0000
0.2340	0.4663	-2.0000
-0.3188	-0.6052	-1.0000
-0.1355	-0.1789	-3.0000
-0.1478	0.0114	-2.0000
0.5622	0.4536	0.0000
0.6579	0.3393	0.0000
0.2187	0.1866	-2.0000
0.6251	0.1985	0.0000
-0.1999	-0.3083	-2.0000
-0.2912	-0.3792	-1.0000
-0.2186	-0.3075	-2.0000
-0.0733	-0.1460	-3.0000
-0.4797	-0.5301	0.0000
-0.0868	-0.0629	-3.0000
-0.1861	-0.1659	-2.0000
-0.1120	-0.1487	-3.0000
-0.1405	-0.3583	-2.0000
-0.3258	-0.8034	0.0000
0.6959	0.4809	0.0000
0.3052	0.4734	-1.0000
0.1072	0.4878	-1.0000
-0.0604	0.3553	-1.0000
-0.2941	-0.4750	-1.0000
0.0222	-0.1127	-3.0000
0.0256	-0.1505	-2.0000
0.0944	0.6877	0.0000
-0.1277	0.0724	-2.0000
-0.3430	-0.3049	-1.0000
0.6157	0.6429	0.0000
-0.1182	-0.3804	-1.0000
-0.1095	-0.3021	-2.0000
-0.2201	-0.2886	-2.0000
-0.2578	-0.6165	-1.0000
-0.3064	-0.4942	-1.0000
-0.1464	0.6840	0.0000
-0.2368	-0.2249	-2.0000
-0.1212	0.0959	-2.0000
0.1085	0.0412	-3.0000
-0.1294	-0.3400	-2.0000
0.1232	0.0383	-3.0000
0.3436	0.6575	0.0000
-0.5651	-0.5933	0.0000
-0.0023	-0.1880	-2.0000
-0.0939	0.0246	-3.0000
0.2061	0.1810	-2.0000
-0.0608	0.1011	-3.0000
0.2306	0.6200	-1.0000
-0.5367	-0.6507	0.0000
-0.1817	-0.7320	0.0000
0.1302	0.2594	-2.0000
-0.1408	-0.3331	-2.0000
0.0630	-0.0316	-3.0000
-0.0303	0.0452	-3.0000
-0.6029	-0.5957	0.0000
-0.0329	0.7211	0.0000
-0.1964	-0.5442	-1.0000
0.1408	0.5681	-1.0000
-0.0417	-0.1857	-3.0000
-0.2731	-0.3227	-2.0000
-0.2436	-0.2845	-2.0000
0.0174	0.1668	-3.0000
-0.0504	-0.1750	-3.0000
-0.0772	-0.2002	-3.0000
0.0076	0.2651	-2.0000
-0.3204	-0.6681	0.0000
-0.2534	0.7325	0.0000
-0.1071	-0.2242	-3.0000
0.3837	0.2246	-1.0000
0.1414	0.1649	-3.0000
0.3635	0.1407	-1.0000
-0.3272	-0.7093	0.0000
-0.4027	-0.5230	-1.0000
0.6080	0.5734	0.0000
0.1998	0.3628	-2.0000
-0.0694	0.1105	-2.0000
-0.2364	-0.2239	-2.0000
0.0191	-0.0599	-3.0000
-0.1252	0.2224	-1.0000
-0.1052	-0.1477	-3.0000
-0.3997	-0.4143	-1.0000
-0.0183	-0.1136	-3.0000
0.2086	0.2592	-2.0000
-0.0940	-0.0141	-3.0000
-0.2556	-0.4345	-2.0000
0.2462	0.4570	-1.0000
0.2122	0.5256	-1.0000
0.0202	0.4889	-1.0000
-0.0008	0.4409	-1.0000
0.6501	0.5861	0.0000
0.0812	0.4969	-1.0000
-0.1001	-0.1375	-3.0000
-0.3159	-0.7684	0.0000
0.3314	0.7269	0.0000
-0.1828	0.5800	0.0000
-0.1529	-0.2421	-3.0000
0.2146	0.5021	-1.0000
0.1045	0.1134	-3.0000
0.2870	0.3641	-1.0000
0.1899	0.1032	-2.0000
-0.6041	-0.5828	0.0000
0.1773	0.2840	-2.0000
0.0213	0.1450	-3.0000
0.0812	0.3560	-2.0000
0.0611	0.0913	-3.0000
0.1618	0.7959	0.0000
-0.2619	-0.6850	0.0000
0.2794	0.1376	-1.0000
0.0882	-0.1347	-2.0000
0.5652	0.6643	0.0000
0.5447	0.3978	0.0000
-0.5365	-0.5825	0.0000
-0.0447	-0.0244	-3.0000
-0.2698	0.7605	0.0000
-0.0690	0.0849	-3.0000
0.1057	0.0190	-3.0000
-0.3984	-0.4273	-1.0000
0.0839	0.5053	-1.0000
0.7079	0.3906	0.0000
0.1954	0.4446	-2.0000
-0.3447	-0.6207	0.0000
-0.1529	-0.4967	-1.0000
0.7373	0.3075	0.0000
-0.2066	-0.7093	0.0000
0.2254	0.1199	-2.0000
0.1587	0.5262	-1.0000
0.2432	0.4615	-1.0000
0.6608	0.5746	0.0000
-0.1766	-0.1997	-3.0000
-0.1559	-0.2696	-3.0000
-0.1580	0.6779	0.0000
-0.0935	-0.1059	-3.0000
-0.1801	-0.1723	-3.0000
-0.0928	-0.0743	-3.0000
-0.0781	0.4733	-1.0000
0.6997	0.3049	0.0000
-0.0160	0.4682	-1.0000
0.5100	0.1852	0.0000
0.2627	0.3520	-2.0000
-0.0412	-0.1542	-3.0000
-0.2495	-0.5195	-1.0000
-0.2989	-0.4172	-1.0000
-0.0784	-0.0331	-3.0000
0.3407	0.3857	-1.0000
-0.0662	-0.1251	-3.0000
0.3125	0.2624	-1.0000
-0.1509	0.6286	0.0000
0.1812	0.0973	-2.0000
-0.0980	0.0782	-2.0000
-0.2909	-0.6943	0.0000
-0.2850	-0.3349	-2.0000
-0.0743	-0.2111	-3.0000
-0.2536	-0.6706	0.0000
0.3236	0.1651	-1.0000
0.3145	0.3001	-1.0000
-0.0324	0.1064	-3.0000
-0.2614	0.6702	0.0000
0.1275	0.2256	-3.0000
0.0551	-0.1153	-2.0000
0.4974	0.2635	-1.0000
-0.1935	-0.8323	0.0000
-0.1926	-0.1316	-2.0000
-0.1917	-0.2121	-3.0000
0.1846	0.6010	-1.0000
