-6.0459e-01
-3.2929e-01
-1.6784e-01
-3.0161e-01
-2.2810e+00
-1.3297e+00
-1.2206e+00
-8.6210e-01
-8.4698e-01
-1.8879e+00
-6.2478e-01
-9.4078e-01
-8.6157e-01
-9.9568e-01
-1.4462e+00
-1.9159e-01
-4.6213e-02
-1.2149e+00
-1.5319e+00
-1.2068e+00
-5.0724e-01
-8.0170e-01
-4.5950e-02
-1.2162e-01
-3.7960e-01
-1.0443e+00
-6.9266e-01
-1.8810e+00
-3.8071e-01
-1.7047e+00
-1.5028e+00
-4.0709e-01
-1.0975e+00
-8.1058e-02
-7.6481e-01
-5.3271e-01
-1.2992e+00
-2.6788e-01
-1.9815e-02
-9.5880e-01
-4.4456e-01
-9.0568e-02
-1.8435e+00
-1.8404e-01
-5.4910e-03
-3.1047e-01
-9.1052e-01
-1.5547e+00
-1.1222e-01
-6.4946e-01
-2.6202e+00
-2.1086e+00
-1.0630e+00
-9.5074e-01
-5.6540e-01
-1.1585e+00
-7.6081e-02
-3.9542e-02
-6.5298e-01
-9.6379e-01
-2.6761e-01
-1.0282e+00
-1.6627e-01
-7.7338e-01
-1.1123e+00
-1.8882e-01
-7.6930e-01
-1.6109e+00
-1.0909e+00
-5.7686e-01
-4.3783e-01
-2.1356e+00
-5.4595e-01
-5.2132e-01
-3.0224e-01
-8.8907e-01
-1.2791e+00
-1.0309e+00
-1.0499e+00
-8.5376e-01
-4.9818e-01
-6.2477e-01
-1.4826e+00
-9.0673e-01
-1.2773e+00
-1.9765e-01
-8.4193e-01
-1.1550e+00
-7.6027e-01
-8.9144e-01
-8.5806e-01
-1.2090e+00
-2.4132e-01
-4.9651e-01
-1.0437e+00
-3.3306e-01
-9.3245e-01
-1.3797e+00
-3.2537e-01
-5.6600e-01
-1.2330e+00
-3.9787e-02
-1.6754e+00
-1.8965e+00
-1.2782e-01
-1.5233e+00
-7.2255e-01
-2.2918e-01
-1.5833e-01
-1.3368e+00
-4.1524e-01
-1.2782e+00
-8.2018e-01
-1.5745e-01
-9.8878e-01
-2.8199e-01
-1.5160e+00
-7.1764e-01
-1.9936e+00
-4.0190e-01
-1.7980e+00
-1.9018e+00
-1.6053e+00
-1.2355e+00
-7.0468e-01
-1.7894e+00
-5.4859e-02
-1.7897e+00
-4.8660e-02
-4.7032e-01
-4.4019e-01
-2.4083e+00
-4.9638e-01
-4.1194e-01
-1.0136e+00
-1.6634e+00
-1.4719e+00
-5.3833e-02
-9.4723e-01
-1.2466e+00
-7.4608e-01
-7.3986e-01
-2.9313e-01
-1.8283e+00
-4.5978e-01
-1.1346e+00
-1.4686e+00
-8.7313e-01
-9.7012e-01
-5.6414e-01
-8.1759e-01
-5.1441e-01
-4.1627e-02
-1.8894e-01
-3.2065e-01
-2.0314e-01
-1.0479e+00
-6.6996e-01
-2.1621e-01
-4.0780e-01
-5.2080e-02
-2.3341e-01
-7.0778e-02
-9.8354e-01
-1.1963e-01
-3.3271e-01
-1.4141e+00
-2.6236e-01
-1.4000e+00
-5.2270e-01
-1.0969e+00
-9.8715e-01
-8.0905e-01
-4.7844e-01
-8.4140e-01
-2.0740e+00
-1.2719e+00
-3.0520e-01
-4.3235e-01
-2.5692e-01
-1.4455e+00
-1.4206e+00
-1.5374e+00
-7.7235e-01
-7.9343e-01
-1.5589e+00
-1.9401e-01
-7.3710e-01
-9.0140e-02
-6.0483e-01
-2.7851e-01
-7.1505e-01
-9.4759e-01
-2.0562e+00
-4.9834e-01
-3.1733e-01
-2.4247e-01
-4.8170e-02
-6.0738e-02
-5.0629e-02
-6.3824e-01
-4.9174e-01
-6.9936e-01
-1.1224e+00
-1.0306e+00
-5.0531e-01
-4.2875e-01
-2.1007e-01
-6.2267e-01
-6.8190e-01
-8.1017e-02
-1.1160e-01
-2.2566e+00
-7.2848e-02
-8.5623e-01
-9.6122e-01
-2.6581e-01
-1.0980e+00
-2.9499e-01
-2.0993e+00
-1.2151e-02
-5.8680e-01
-2.6319e-01
-4.3118e-01
-2.2642e-02
-1.7441e-01
-1.3355e+00
-2.6056e-02
-4.2193e-01
-1.2433e+00
-2.0003e-01
-2.6779e-02
-1.7025e+00
-1.2637e+00
-2.0436e+00
-1.9309e-01
-1.5994e-01
-6.8534e-01
-1.3265e+00
-8.1003e-01
-6.7322e-03
-6.9743e-01
-9.0438e-01
-5.5511e-01
-6.5329e-01
-7.9101e-01
-2.5312e+00
-6.1457e-01
-2.1800e-01
-1.5194e+00
-1.8175e-01
-5.4861e-01
-4.9315e-02
-1.6808e+00
-1.5763e+00
-8.5973e-01
-8.3182e-02
-1.4340e-01
-3.5768e-02
-2.6147e-01
-3.0700e-01
-1.9403e+00
-3.5795e-01
-8.8440e-01
-9.7725e-01
-1.4210e+00
-7.4101e-01
-4.9585e-01
-2.6382e-01
-1.3703e+00
-2.8578e-01
-6.7843e-01
-1.4137e+00
-1.0717e+00
-9.9406e-01
-1.9769e+00
-1.4005e-01
-4.8441e-01
-4.6506e-01
-4.9839e-01
-4.2971e-01
-1.6737e-01
-1.2114e+00
-1.3078e+00
-1.5012e+00
-7.9449e-01
-7.8727e-01
-2.0257e-01
-2.3675e+00
-9.3201e-01
-3.4547e-01
-1.0745e+00
-9.9144e-01
-2.4594e+00
-1.4566e+00
-7.9581e-01
-7.0430e-01
-3.5628e-01
-8.4458e-02
-1.1547e+00
-2.2338e+00
-1.5457e-01
-4.8355e-02
-1.5950e+00
-5.2835e-01
-6.0278e-01
-1.7847e+00
-1.5888e+00
-9.0361e-02
-9.5643e-01
-1.3580e+00
-3.9939e-01
-1.7785e+00
-1.4458e-02
-6.9610e-02
-3.4808e-01
-1.5634e+00
-3.9205e-01
-2.5047e+00
-1.4766e+00
-5.4193e-01
-1.3440e+00
-6.6472e-02
-1.5192e+00
-1.3717e-01
-1.0761e+00
-1.6843e-02
-1.1391e+00
-2.3949e-01
-4.1904e-01
-1.2457e+00
-1.1884e+00
-1.9173e+00
-7.9235e-02
-4.5457e-01
-3.6070e-01
-1.3843e+00
-8.6747e-02
-2.1067e+00
-7.0927e-01
-5.3652e-01
-4.9864e-02
-1.9468e+00
-8.0554e-01
-5.1288e-01
-3.3895e-02
-6.1108e-01
-4.8125e-01
-1.3546e+00
-1.8910e-01
-1.2155e+00
-8.4144e-01
-5.9704e-01
-6.5857e-01
-1.3299e+00
-9.7444e-01
-5.2611e-01
-4.3755e-02
-1.0029e+00
-2.6064e-01
-1.9614e+00
-2.4158e-01
-6.8986e-01
-6.3335e-01
-6.1691e-01
-5.7218e-01
-1.1277e-01
-1.0283e+00
-7.3716e-01
-4.7699e-01
-8.5122e-02
-1.0441e+00
-2.4518e+00
-2.2114e-01
-1.4605e+00
-1.2936e+00
-2.0749e+00
-1.0292e+00
-1.7600e+00
-1.0965e+00
-7.4586e-01
-4.9221e-01
-1.9443e+00
-1.4298e+00
-1.0585e-01
-4.9802e-01
-6.7019e-01
-2.3853e+00
-2.1926e+00
-1.7627e-01
-1.3875e+00
-4.3453e-02
-2.2606e+00
-4.7582e-01
-9.8519e-01
-2.6651e+00
-6.5154e-01
-1.7309e-01
-9.7151e-01
-4.6193e-02
-1.0837e-01
-1.5042e+00
-9.2219e-01
-3.1927e-01
-2.3112e-01
-7.1830e-01
-9.0889e-02
-1.2249e+00
-1.8949e+00
-2.3978e-01
-3.5314e-02
-1.7186e+00
-1.1907e+00
-7.0894e-01
-6.1695e-01
-2.9645e-01
-7.7587e-01
-1.2006e-02
-9.2952e-01
-6.7824e-01
-5.4847e-01
-1.4675e+00
-1.4267e+00
-9.1318e-02
-4.7477e-01
-6.5535e-01
-9.6644e-01
-2.3789e-01
-1.3916e+00
-9.6311e-01
-2.8541e-01
-1.0336e+00
-2.3278e-01
-1.1124e+00
-2.1906e-01
-2.3207e+00
-2.0883e+00
-5.7324e-01
-2.2177e-01
-1.3950e-01
-1.7950e-01
-8.0230e-01
-6.4705e-01
-4.8620e-01
-1.0460e-02
-3.8935e-01
-2.7419e-01
-1.1917e-01
-7.1624e-01
-3.2834e-01
-7.5289e-01
-2.3780e-01
-1.6479e+00
-9.9318e-02
-1.0032e+00
-1.2591e-01
-2.7971e-01
-7.2667e-01
-2.1252e-01
-1.2522e+00
-2.7430e-01
-1.7260e-01
-6.3895e-01
-4.6037e-01
-1.3648e+00
-5.0215e-01
-8.0273e-01
-1.2709e+00
-3.1992e-01
-8.3940e-02
-2.1796e+00
-1.1885e+00
-1.2324e+00
-8.7968e-01
-5.6599e-01
-1.9379e+00
-1.7586e+00
-2.0089e+00
-1.5397e+00
-8.7375e-01
-8.3229e-01
-2.2276e+00
-2.1401e-01
-1.1696e+00
-7.0792e-01
-2.1149e+00
-4.7251e-01
-1.3412e+00
-1.8181e-01
-1.1487e-01
-2.7951e+00
-1.5814e+00
-7.1310e-01
-3.0328e-01
-1.8885e+00
-6.2443e-01
-6.6741e-01
-5.8504e-01
-1.4728e+00
-2.9003e-01
-4.2919e-01
-1.0179e+00
-1.5350e+00
-6.6767e-01
-7.9629e-03
-4.4150e-01
-2.1018e-01
-9.5268e-02
-1.8151e+00
-3.6061e-01
-9.7284e-01
-2.1490e+00
-6.7667e-01
-9.1228e-01
-2.2118e+00
-1.1214e+00
-8.9922e-03
-5.7994e-02
-8.6040e-01
-8.0183e-01
-5.9594e-01
-9.4227e-01
-9.7782e-01
-4.5736e-01
-1.7855e+00
-3.5117e-01
-5.6418e-01
-2.6426e+00
-3.8594e-01
-1.6563e+00
-1.9536e+00
-4.7357e-01
-2.3554e+00
-4.2596e-01
-7.6121e-01
-7.8093e-01
-4.7559e-02
-1.1934e+00
-8.9228e-01
-4.3864e-01
-8.5406e-01
-8.3668e-01
-5.0135e-01
-6.0153e-03
-1.4206e+00
-2.4597e+00
-6.9946e-01
-1.3894e+00
-1.3624e+00
-1.0177e-01
-3.6583e-01
-2.2398e+00
-1.0664e+00
-1.0973e+00
-5.3163e-01
-2.0749e+00
-7.8544e-01
-2.0521e+00
-1.1026e-01
-1.2246e+00
-1.4446e+00
-1.3812e+00
-9.0656e-01
-2.4393e-01
-6.5948e-01
-1.2172e+00
-6.8472e-01
-1.2695e+00
-1.3726e-01
-1.1921e+00
-2.0345e+00
-1.0575e+00
-2.5009e-01
-7.9152e-01
-2.1649e+00
-4.4197e-01
-6.6420e-02
-2.7286e-01
-1.4712e+00
-1.7023e-01
-2.1266e-01
-8.8956e-01
-9.6378e-01
-1.4009e+00
-2.2401e-01
-6.7874e-02
-1.1815e+00
-1.7841e+00
-3.6916e-01
-5.6704e-01
-2.4020e-01
-5.7743e-01
-2.0057e+00
-6.0834e-01
-8.3334e-01
-2.8370e-02
-1.3647e+00
-9.4390e-01
-1.0641e+00
-1.4326e-01
-1.8012e+00
-3.8742e-01
-8.9516e-01
-1.2548e+00
-2.6191e-01
-8.2140e-02
-7.9564e-01
-2.6365e-01
-1.0232e+00
-1.3544e-01
-2.5971e-01
-1.7703e+00
-9.0716e-01
-3.5949e-02
-1.2042e+00
-1.0157e+00
-1.7493e+00
-1.9447e+00
-4.6825e-01
-3.3518e-01
-2.3660e+00
-1.1763e+00
-7.7762e-01
-1.4651e+00
-6.0507e-01
-9.5515e-01
-1.4216e+00
-9.0786e-02
-1.9936e+00
-1.2304e+00
-1.1856e+00
-3.6438e-01
-1.3690e+00
-3.9676e-01
-9.8606e-01
-2.7459e-01
-1.7251e+00
-1.5670e+00
-1.3756e+00
-1.8552e+00
-1.0961e+00
-1.1017e+00
-3.2605e-01
-1.4936e+00
-1.3673e+00
-3.7989e-01
-4.5141e-01
-5.7482e-01
-4.8091e-01
-1.6557e-01
-1.4030e+00
-5.5573e-01
-2.1959e-01
-1.3979e+00
-1.1660e+00
-5.3406e-01
-1.9411e-01
-5.2818e-01
-7.1545e-01
-1.6231e+00
-8.9779e-01
-2.3989e-01
-7.9254e-01
-3.2764e-01
-8.1545e-01
-6.4685e-02
-9.6475e-01
-8.8920e-01
-2.1907e-01
-3.4763e-01
-8.8277e-02
-4.1647e-01
-2.1497e-01
-2.0695e+00
-4.2733e-01
-1.0840e+00
-3.5406e-01
-1.6125e+00
-1.0394e+00
-4.6269e-01
-1.5771e+00
-1.6683e-01
-1.8143e+00
-1.5350e+00
-1.1057e+00
-9.8810e-02
-1.6207e+00
-1.6711e-01
-9.2455e-02
-2.3944e-01
-1.8719e+00
-3.5969e-01
-8.3631e-01
-1.1307e+00
-5.6465e-01
-1.2569e+00
-6.9558e-01
-1.6627e+00
-3.5277e-01
-8.6636e-01
-2.0499e-01
-1.6499e+00
-2.8659e-01
-1.4324e+00
-3.4481e-01
-2.1174e-01
-9.2340e-01
-1.9660e+00
-8.9800e-01
-9.8110e-01
-5.5367e-01
-3.8912e-01
-8.7557e-01
-9.6291e-01
-1.9441e+00
-8.3780e-02
-7.2387e-01
-1.4540e+00
-8.5415e-02
-5.9538e-01
-1.1487e+00
-8.6776e-01
-1.2665e+00
-5.2844e-01
-7.8356e-01
-1.7292e+00
-3.9004e-01
-1.0911e+00
-1.1209e+00
-1.1814e-01
-5.1255e-01
-8.1721e-01
-1.5825e+00
-1.4920e+00
-1.6857e+00
-7.5051e-01
-2.5535e-01
-7.7576e-02
-2.5633e-01
-6.7800e-01
-1.5392e-02
-1.5746e+00
-6.9501e-02
-4.8199e-02
-7.8288e-01
-6.9877e-01
-1.7102e+00
-2.1837e+00
-3.5622e-02
-7.6604e-01
-6.5124e-01
-2.1640e-02
-9.1827e-01
-1.1565e+00
-7.9329e-02
-1.3897e+00
-5.3827e-01
-1.2358e-02
-8.1600e-01
-6.2939e-01
-1.6676e-01
-1.7693e+00
-1.1392e+00
-1.6054e+00
-9.0894e-01
-4.7247e-01
-1.5061e-01
-1.1224e+00
-1.8262e-01
-8.1026e-01
-3.6849e-01
-1.0409e-01
-1.8169e-01
-1.1561e-02
-8.8239e-01
-1.8004e-01
-1.1156e+00
-6.4305e-01
-5.7252e-01
-1.1394e+00
-1.1803e+00
-3.4676e-01
-1.8841e-01
-8.8519e-01
-1.3557e+00
-1.1315e+00
-3.1408e-01
-1.4674e+00
-1.3300e+00
-1.3728e+00
-1.5649e+00
-5.7580e-01
-3.4106e-01
-4.4492e-01
-1.1581e-01
-1.1445e+00
-2.0481e+00
-3.0114e-01
-2.7531e-01
-4.2251e-02
-1.0822e+00
-1.2287e+00
-4.4721e-01
-1.2014e-01
-1.7476e+00
-8.1245e-01
-7.0598e-03
-1.4523e+00
-3.0289e-01
-2.4806e-01
-5.6282e-01
-3.8266e-01
-1.2938e-01
-5.8535e-01
-2.2304e+00
-2.5977e-01
-1.6176e+00
-5.9411e-01
-1.1649e+00
-1.2872e+00
-1.5014e+00
-4.8494e-01
-1.1523e+00
-6.9055e-01
-1.0604e+00
-8.3942e-01
-2.6190e+00
-6.3272e-01
-2.1894e+00
-1.7181e+00
-1.0471e+00
-1.6695e+00
-1.7345e+00
-1.4637e+00
-2.5567e+00
-2.2240e+00
-8.6729e-01
-7.5902e-01
-4.4149e-01
-7.9250e-01
-1.3975e+00
-4.2856e-01
-6.3741e-01
-1.1437e+00
-1.5514e+00
-1.5284e+00
-4.3054e-02
-7.3769e-01
-6.2347e-01
-2.7861e-01
-6.3594e-01
-1.2315e+00
-1.7937e+00
-2.0585e+00
-1.2186e+00
-1.6395e+00
-3.0784e-01
-6.9412e-01
-8.1729e-01
-8.0885e-01
-1.4199e+00
-9.4535e-01
-3.6759e-01
-1.6884e+00
-1.8891e+00
-3.6433e-01
-1.0747e+00
-1.9988e+00
-1.2152e-01
-7.9597e-01
-1.8284e-01
-1.8827e+00
-6.2557e-01
-1.8270e+00
-1.7275e+00
-4.1563e-01
-8.2534e-01
-9.8452e-01
-5.0195e-01
-7.5501e-01
-3.0813e-02
-1.1410e-01
-9.1114e-01
-1.2644e+00
-2.0477e+00
-1.7852e+00
-3.9720e-01
-2.1363e-01
-4.6069e-01
-2.5640e+00
-1.1689e-01
-8.4141e-01
-1.1664e+00
-6.4556e-01
-1.4620e+00
-1.7691e+00
-8.0116e-01
-1.3643e+00
-1.4585e+00
-2.0520e-01
-1.1769e-01
-4.5156e-01
-3.1998e-02
-2.1422e-01
-1.3282e+00
-2.6473e+00
-1.1855e-01
-4.2835e-01
-2.3234e-01
-1.6786e+00
-1.1286e+00
-8.1835e-01
-3.5419e-01
-5.6692e-01
-2.1068e-01
-1.6128e+00
-3.7997e-01
-1.4312e+00
-7.1288e-02
-2.7406e-01
-3.4094e-01
-5.4729e-01
-1.3238e+00
-1.0052e+00
-5.2823e-02
-1.1272e+00
-1.3206e-02
-5.7577e-01
-2.1192e+00
-1.3837e+00
-1.3566e-01
-2.9254e-01
-3.0899e-01
-3.5465e-01
-8.9328e-01
-6.1950e-01
-7.2050e-01
-5.1459e-01
-1.5616e+00
-8.9966e-01
-1.2573e+00
-4.6532e-01
-1.1895e+00
-7.9729e-01
-8.0021e-01
-3.6368e-01
-1.3912e+00
-4.3808e-01
-1.0329e+00
-2.6554e-01
-1.2238e+00
-6.0485e-01
-8.6523e-01
-1.2395e+00
-1.7615e-01
-4.0189e-01
-4.0716e-01
-1.1747e+00
-1.1987e+00
-7.7260e-02
-6.6088e-01
-9.0674e-01
-1.6772e+00
-1.5231e+00
-1.0658e+00
-4.2273e-01
-1.1056e+00
-1.1745e+00
-1.7346e+00
-3.7375e-01
-9.2145e-01
-1.3302e+00
-1.4590e+00
-9.9965e-01
-7.7057e-01
-5.3024e-01
-1.2817e+00
-1.1527e+00
-4.1327e-02
-2.9605e-01
-9.7266e-01
-4.2272e-02
-4.2212e-01
-6.4048e-01
-1.2647e-01
-7.0527e-02
-5.6180e-01
-6.4478e-01
-4.9385e-02
-6.4655e-01
-2.1909e-01
-9.3757e-01
-7.0036e-01
-2.1422e+00
-8.5559e-01
-6.6555e-01
-4.0883e-01
-4.0326e-01
-1.8212e+00
-1.0413e+00
-1.8381e+00
-1.1336e-01
-1.7511e+00
-1.6240e+00
-1.8697e-01
-1.2022e+00
-7.1955e-01
-1.6249e+00
-5.0446e-02
-8.7540e-01
-1.8918e+00
-2.1640e+00
-6.8894e-01
-1.3853e+00
-1.3722e+00
-8.3660e-01
-5.6473e-01
-7.1998e-01
-1.0068e+00
-5.0040e-01
-2.2677e-01
-1.5689e+00
-1.1500e-01
-2.5693e-02
-3.1433e-01
-1.1668e+00
-1.0788e+00
-1.2516e+00
-1.3285e+00
-5.2938e-01
-6.6327e-01
-3.4944e-01
-1.2114e+00
-5.4097e-01
-3.3462e-02
-1.9651e+00
-1.5164e-01
-4.2341e-01
-7.2798e-01
-1.0741e+00
-1.0900e+00
-7.2477e-01
-2.1967e-01
-1.8882e+00
-1.8263e+00
-2.2111e-01
-1.1820e+00
-1.6014e+00
-8.8486e-01
-1.2858e+00
-1.2751e+00
-3.5668e-01
-4.8713e-01
-1.4080e+00
-1.7668e+00
-7.3788e-01
-1.2026e+00
-8.3731e-01
-6.3003e-01
-2.9745e-01
-4.2694e-01
-1.8744e+00
-1.0393e+00
-1.0400e+00
-1.9715e+00
-1.4287e+00
-3.3024e-02
-1.2524e+00
-4.4927e-01
-1.3302e+00
-1.1822e+00
-1.9422e+00
-1.6231e+00
-2.1303e-02
-4.3439e-01
-5.0212e-01
-8.2595e-02
-3.6899e-01
-1.1184e+00
-1.2234e+00
-1.2518e+00
-7.2244e-02
-2.5049e-01
-1.2717e+00
-1.2559e+00
-1.0658e+00
-2.2189e-01
-4.5956e-01
-3.9588e-01
-1.3583e+00
-5.8743e-01
-9.0116e-01
-5.9976e-02
-3.4858e-02
-1.5144e-01
-2.1061e+00
-1.3212e+00
-1.8354e-01
-2.7388e-01
-1.0238e+00
-4.9817e-01
-1.7039e-01
-9.3788e-01
-4.3162e-01
-1.8521e+00
-3.7586e-01
-1.0859e-01
-9.2749e-01
-5.8980e-01
-1.4875e-01
-1.3451e+00
-1.4614e-01
-3.7961e-01
-5.2446e-01
-2.2373e+00
-3.2698e-01
-1.0112e-01
-1.4012e+00
-3.0939e-01
-1.9254e+00
-1.4039e+00
-8.7059e-01
-6.4200e-01
-2.4742e-01
-2.0694e-01
-1.5792e+00
-7.0898e-01
-1.1806e+00
-5.0630e-01
-4.4853e-01
-1.0981e+00
-5.1619e-01
-1.3605e+00
-2.9560e-01
-3.4516e-01
-1.2136e+00
-2.1104e+00
-1.1726e-01
-1.0840e-01
-2.7639e-01
-2.4094e-01
-1.2314e+00
-9.5315e-01
-4.7162e-01
-2.4234e-01
-8.6419e-01
-1.7207e+00
-2.9723e-01
-3.9666e-01
-8.4588e-01
-2.0163e+00
-1.2966e+00
-8.4855e-01
-9.7740e-01
-1.2674e+00
-2.0665e+00
-3.3477e-01
-1.6254e+00
-4.6449e-01
-7.4805e-01
-1.3016e+00
-6.2285e-01
-1.1263e+00
-6.6901e-01
-5.5122e-03
-1.9131e+00
-5.0694e-01
-6.2062e-01
-1.9653e+00
-6.8348e-02
-5.6229e-01
-1.2646e+00
-2.2183e+00
-2.0346e+00
-1.0592e+00
-1.2033e+00
-4.3029e-01
-5.6436e-02
-3.6289e-01
-6.8449e-01
-1.8104e+00
-5.0186e-01
-1.3674e+00
-3.3198e-01
-1.5262e+00
-1.9667e-01
-7.1720e-01
-1.3013e+00
-4.4227e-01
-1.6835e-01
-3.1856e-01
-8.3589e-02
-4.1709e-02
-5.9005e-01
-2.7250e-01
-1.5101e+00
-3.4127e-01
-2.9545e-01
-1.2251e+00
-1.5831e+00
-2.3539e+00
-1.1390e+00
-1.6331e+00
-1.7548e-01
-1.1937e+00
-1.1414e+00
-7.6819e-02
-1.9428e-01
-2.0327e+00
-1.0142e+00
-7.2350e-01
-2.1697e+00
-9.0080e-01
-8.3632e-01
-3.7317e-02
-3.2281e-01
-7.6862e-01
-5.5688e-01
-8.6479e-01
-7.1208e-01
-6.1369e-01
-1.2825e+00
-7.7403e-01
-1.3567e+00
-3.3008e-01
-5.2766e-01
-9.2479e-01
-1.4048e+00
-9.2782e-02
-6.7751e-01
-2.1972e+00
-8.4538e-01
-1.3900e+00
-9.0449e-01
-1.7610e+00
-8.5341e-01
-1.3217e-01
-2.4361e-01
-4.8074e-01
-1.3369e+00
-4.6439e-03
-9.4759e-01
-1.0719e-01
-7.6533e-01
-2.1710e+00
-1.3639e+00
-1.2903e+00
-2.3939e+00
-1.1862e+00
-5.3848e-01
-1.5625e+00
-1.0675e+00
-9.6349e-01
-9.1545e-01
-1.0913e+00
-8.9236e-02
-8.4056e-01
-4.7664e-02
-8.3900e-01
-2.3804e+00
-1.9695e+00
-1.3542e+00
-1.5092e-01
-9.1291e-01
-1.1323e+00
-8.3651e-01
-2.5601e-01
-4.3869e-01
-6.8161e-01
-4.9211e-01
-5.2551e-01
-1.0735e+00
-9.3911e-01
-2.4687e+00
-6.2852e-01
-1.9862e+00
-3.2873e-01
-2.5307e+00
-2.1697e+00
-4.6316e-01
-2.0995e-02
-4.5917e-02
-7.3905e-01
-5.0093e-01
-1.5206e+00
-5.1395e-01
-7.1936e-02
-1.9452e-01
-1.2610e+00
-1.8854e+00
-3.6376e-01
-1.4398e-01
-1.3871e+00
-1.5360e+00
-3.5580e-01
-1.1574e+00
-1.9319e+00
-7.2736e-02
-1.7614e+00
-3.6726e-01
-1.1904e-02
-7.6207e-01
-9.6300e-01
-3.8835e-01
-7.4040e-01
-2.7726e-02
-4.1408e-01
-1.7334e+00
-7.0668e-01
-2.8439e-01
-3.9146e-02
-2.4606e+00
-1.8672e+00
-5.1402e-01
-1.1139e+00
-2.4106e+00
-2.0587e+00
-3.8388e-01
-1.3682e+00
-2.0443e+00
-1.0600e+00
-7.1417e-02
-1.6459e+00
-7.0646e-01
-5.6412e-01
-1.3842e+00
-5.8675e-01
-3.6362e-01
-1.4871e-01
-2.7747e+00
-6.7899e-01
-7.1640e-01
-8.3484e-01
-1.9555e+00
-1.0616e+00
-3.5662e-01
-2.0472e-01
-2.2418e+00
-1.4720e+00
-2.0086e+00
-8.0134e-01
-3.7963e-01
-1.3071e+00
-1.6047e+00
-2.2566e-01
-7.2712e-01
-2.2265e-01
-5.3629e-01
-2.3394e+00
-4.8636e-01
-5.4019e-01
-6.1842e-01
-2.0073e+00
-7.2029e-01
-1.1127e+00
-3.1450e-01
-5.3827e-01
-8.8027e-02
-1.6005e+00
-1.0102e+00
-4.0501e-01
-3.2547e-01
-1.5378e+00
-3.3431e-01
-3.1422e-01
-1.1421e+00
-6.0184e-01
-3.2638e-02
-7.0513e-01
-8.8295e-01
-1.4096e+00
-9.3809e-01
-1.3673e-01
-3.3887e-01
-9.2644e-01
-7.7626e-01
-1.9897e+00
-1.1106e+00
-4.6656e-01
-9.7545e-01
-1.4660e+00
-2.6452e-01
-4.1996e-01
-8.7306e-01
-1.5251e-02
-2.1542e-01
-6.3443e-01
-9.0489e-01
-1.3239e+00
-1.3589e+00
-1.5719e-01
-8.7566e-01
-8.7378e-01
-1.0545e+00
-5.0304e-01
-1.9492e+00
-3.1452e-01
-6.4800e-01
-7.7999e-02
-1.2389e-01
-1.7335e-01
-2.4718e-01
-1.1302e+00
-1.4093e-01
-4.0167e-01
-3.9289e-01
-5.7890e-02
-4.8812e-01
-3.4926e-01
-1.7593e+00
-9.3638e-01
-4.9781e-01
-6.3075e-01
-2.2621e+00
-1.4380e-01
-1.5908e+00
-9.3828e-01
-3.4634e-01
-1.1453e+00
-1.5720e-01
-1.6233e+00
-4.9903e-02
-1.0372e-01
-3.7741e-01
-1.7953e+00
-2.5172e-01
-2.4897e-01
-4.0033e-01
-4.3882e-01
-1.5192e+00
-1.1695e-01
-1.1647e+00
-8.1161e-01
-1.3556e+00
-5.9996e-01
-8.7203e-01
-5.9178e-01
-7.4120e-01
-3.2656e-01
-2.7891e-01
-4.0945e-01
-1.2145e+00
-8.3185e-01
-1.8049e+00
-6.4555e-01
-1.4687e+00
-1.1003e+00
-5.8357e-01
-3.2210e-01
-1.1033e+00
-1.4390e+00
-7.7651e-01
-9.3725e-01
-6.8711e-01
-6.6480e-01
-2.3161e-01
-2.4522e+00
-7.9939e-02
-3.8410e-01
-1.0794e+00
-1.9770e+00
-1.8770e+00
-8.4834e-01
-9.3086e-01
-1.2469e-01
-7.1857e-01
-3.0782e-01
-1.5221e-01
-2.0813e-01
-1.4084e+00
-1.0644e+00
-3.5068e-01
-3.1112e-01
-6.0035e-01
-1.5566e+00
-2.0987e+00
-1.0447e+00
-6.8969e-01
-2.6284e-01
-1.4535e+00
-1.4597e+00
-1.4962e+00
-8.9958e-01
-2.4867e-01
-8.3487e-01
-1.5598e+00
-1.2452e+00
-5.1991e-01
-2.2238e-01
-1.5438e+00
-4.2807e-01
-6.1710e-01
-2.2615e-01
-8.9347e-01
-1.4541e+00
-6.1003e-02
-9.7467e-01
-6.0735e-01
-1.4486e+00
-1.0758e+00
-5.1960e-02
-6.5264e-01
-2.6011e+00
-1.2036e-01
-3.9014e-01
-8.8319e-01
-7.2689e-01
-9.0626e-01
-6.3746e-02
-7.9770e-01
-2.3027e-01
-6.8140e-01
-4.7702e-01
-1.7634e+00
-3.6606e-01
-1.1392e+00
-1.3643e-01
-6.0778e-01
-1.7635e+00
-7.5773e-01
-2.0536e-01
-1.3556e+00
-1.3577e+00
-4.8763e-01
-1.0454e+00
-2.6531e-01
-6.9291e-01
-1.1556e+00
-1.3469e+00
-4.7460e-01
-1.1106e+00
-1.3719e+00
-8.0562e-02
-1.9104e-01
-1.2449e+00
-5.8086e-01
-4.5842e-02
-8.2519e-02
-3.5083e-02
-1.0428e+00
-7.1316e-01
-2.5693e-02
-4.9480e-01
-4.2330e-01
-4.2608e-01
-4.5725e-01
-9.2059e-01
-9.4799e-01
-1.6032e+00
-6.2073e-01
-7.1981e-01
-3.2856e-01
-2.3395e-01
-6.1847e-01
-1.4275e+00
-4.5895e-01
-1.3381e+00
-4.3632e-01
-1.7111e+00
-7.6024e-02
-4.4310e-01
-7.6027e-01
-1.3493e+00
-1.0048e+00
-1.8942e-01
-7.1941e-01
-5.9186e-01
-1.1855e+00
-1.9616e+00
-1.0454e-01
-6.3829e-01
-1.2778e+00
-1.3477e+00
-1.1028e+00
-2.1505e+00
-7.7092e-01
-7.3890e-02
-2.0537e+00
-4.8358e-02
-1.5183e+00
-3.0745e-01
-1.1474e+00
-1.3618e-01
-7.3688e-01
-4.6160e-02
-1.7469e+00
-1.8321e+00
-2.0509e+00
-5.7928e-01
-8.4108e-01
-2.1325e+00
-8.2588e-01
-9.1330e-01
-2.1922e-03
-1.2135e+00
-5.4559e-01
-5.7279e-01
-1.6042e+00
-7.6778e-01
-1.2140e+00
-1.9235e-01
-5.8995e-01
-1.3829e-02
-3.0155e-01
-9.8044e-01
-6.6379e-01
-3.8061e-02
-9.3974e-01
-1.8624e-02
-2.2564e-01
-4.4997e-02
-1.9288e+00
-1.4841e+00
-5.0789e-01
-2.2266e-02
-1.2468e+00
-6.9367e-02
-2.6907e-01
-6.6738e-01
-4.0591e-02
-4.6305e-02
-3.5437e-02
-1.1886e-01
-5.3212e-01
-5.2130e-01
-9.0113e-01
-1.6485e-02
-1.0383e+00
-4.7337e-01
-1.7430e+00
-1.5570e-01
-2.6530e-01
-1.1148e+00
-3.9713e-01
-7.9039e-02
-5.7437e-01
-7.0127e-01
-1.3305e+00
-1.1106e-01
-5.0856e-01
-9.6417e-01
-6.0737e-01
-2.4160e+00
-2.0126e-01
-1.0147e+00
-2.2481e-01
-8.2636e-01
-3.1633e-01
-9.1891e-02
-5.9909e-01
-9.1577e-01
-1.3344e+00
-1.0649e+00
-4.5155e-01
-7.0080e-01
-7.3849e-01
-6.6760e-01
-9.1055e-01
-5.9541e-02
-1.2448e+00
-6.3568e-01
-1.8806e-01
-2.5617e-01
-1.1049e+00
-1.2820e-01
-1.2649e-01
-1.0054e+00
-1.8475e+00
-3.7216e-01
-1.4308e+00
-2.0540e+00
-1.2631e+00
-6.2578e-01
-1.6889e+00
-2.0260e+00
-4.8171e-02
-1.2807e+00
-1.0707e+00
-5.4765e-01
-5.3602e-01
-1.7262e+00
-2.5019e-02
-6.7459e-01
-9.9655e-01
-2.4749e-01
-6.6865e-01
-1.6284e-01
-4.1298e-01
-1.2021e+00
-3.5415e-01
-2.7459e-02
-7.0745e-01
-3.0658e-01
-5.7494e-02
-5.2902e-01
-2.3028e+00
-1.4460e-01
-5.0388e-01
-8.4890e-01
-1.0205e+00
-1.0014e+00
-7.0895e-01
-6.4848e-01
-1.7092e+00
-1.8803e+00
-1.1698e+00
-6.9844e-02
-7.8673e-01
-6.0788e-01
-4.1591e-01
-2.2721e-01
-3.9012e-01
-3.8677e-01
-2.2856e+00
-3.0442e-01
-5.5045e-01
-8.0780e-01
-8.7889e-01
-9.0551e-01
-5.7102e-01
-1.1208e+00
-1.2102e+00
-1.4755e+00
-1.1699e+00
-8.0075e-02
-6.2986e-01
-9.0436e-01
-8.9856e-01
-8.0600e-01
-1.4474e+00
-8.2086e-01
-1.0448e-01
-1.3072e+00
-1.1326e+00
-1.7441e-01
-1.4698e-01
-2.0967e+00
-4.5798e-02
-1.4408e+00
-1.9504e+00
-1.8817e+00
-4.2925e-01
-7.8177e-01
-8.1350e-01
-1.1681e+00
-8.7206e-01
-1.7299e+00
-9.2792e-01
-3.7045e-01
-9.6209e-01
-1.6564e+00
-8.3558e-01
-6.7456e-01
-7.9968e-01
-4.7915e-01
-1.3691e+00
-3.3231e-02
-3.2322e-01
-3.0705e-01
-1.0050e+00
-4.4330e-01
-2.6189e-01
-7.7253e-01
-5.6924e-01
-9.9426e-01
-3.1110e-01
-1.2469e+00
-2.1230e+00
-3.3747e-01
-1.8810e+00
-6.8102e-01
-1.1008e+00
-9.4687e-01
-8.0030e-01
-3.9085e-01
-1.4172e-01
-3.4192e-02
-9.6345e-01
-8.3864e-01
-9.6295e-01
-8.3323e-01
-1.4296e-01
-9.9096e-01
-7.8157e-01
-1.3660e+00
-6.9192e-01
-2.0468e+00
-1.7756e+00
-1.4027e+00
-7.8284e-01
-1.0996e+00
-1.3985e+00
-5.4674e-01
-2.8406e-01
-7.8580e-01
-1.0391e-01
-1.2290e-01
-2.9575e-02
-6.0772e-01
-7.2804e-02
-6.7364e-01
-5.2014e-01
-2.4370e-01
-3.2723e-01
-6.7529e-01
-9.0388e-01
-5.4746e-01
-1.7872e+00
-1.8524e+00
-4.5630e-01
-1.0298e+00
-7.7020e-01
-1.6329e+00
-2.1950e-01
-3.1653e-02
-1.1939e-01
-1.3613e+00
-1.8314e+00
-2.1316e-01
-2.4488e-01
-6.6007e-01
-7.5677e-01
-3.1265e-01
-4.5872e-01
-5.1185e-01
-1.1981e+00
-6.2084e-01
-2.3939e-01
-5.9094e-01
-4.0339e-01
-8.1329e-01
-3.6224e-01
-9.6090e-01
-4.6372e-01
-1.7924e-01
-8.6761e-01
-1.8721e+00
-1.2039e-01
-1.4645e+00
-1.4825e-01
-2.2323e-01
-1.4569e+00
-1.6371e+00
-2.0380e-01
-1.7836e+00
-7.0693e-01
-5.9857e-01
-4.9916e-01
-4.5261e-01
-4.3773e-01
-5.5468e-01
-1.0886e-01
-2.8174e-01
-6.0725e-01
-8.3090e-02
-1.6503e+00
-1.2840e+00
-2.1822e+00
-1.8181e+00
-5.9242e-01
-1.9652e+00
-7.4010e-01
-3.0043e-02
-6.8906e-01
-1.1298e+00
-3.8418e-01
-1.7654e+00
-5.1514e-01
-8.0960e-01
-1.2884e+00
-1.0874e+00
-2.4883e-01
-9.2727e-01
-1.5293e+00
-1.2890e+00
-1.4736e+00
-3.8496e-01
-7.4936e-01
-1.9531e-01
-7.0134e-01
-8.2889e-01
-9.8981e-01
-1.1310e+00
-3.2915e-01
-2.9784e-01
-1.4741e+00
-8.6108e-01
-2.9760e-01
-8.7355e-01
-2.2804e+00
-1.1683e+00
-1.2706e+00
-1.6236e+00
-1.7938e+00
-1.1381e+00
-2.0877e-02
-1.7759e+00
-1.1553e-02
-1.8628e+00
-3.2816e-01
-7.1239e-01
-2.9411e-01
-4.7558e-01
-2.1682e-01
-8.8330e-01
-1.1262e+00
-1.1715e-01
-9.0050e-01
-1.1798e+00
-8.6875e-01
-1.3222e+00
-1.0238e+00
-2.9697e-01
-1.8770e+00
-1.5135e-01
-2.0363e+00
-3.9220e-01
-1.5286e+00
-9.5357e-01
-2.4874e-01
-1.5739e-01
-1.2607e-01
-1.4771e+00
-1.6913e-02
-1.1009e-01
-8.9717e-01
-1.5055e+00
-1.3489e+00
-1.1661e+00
-3.6385e-01
-1.1007e+00
-1.0779e+00
-2.3057e+00
-5.1706e-01
-3.1539e-01
-1.0595e+00
-7.4055e-02
-4.0097e-01
-1.8648e+00
-7.6999e-02
-1.3206e+00
-3.1598e-01
-7.2337e-01
-4.4555e-01
-6.1612e-01
-1.6556e+00
-1.0926e+00
-9.0938e-01
-6.5658e-01
-7.9950e-02
-1.0783e+00
-1.9114e+00
-1.5185e+00
-3.4382e-01
-1.2510e+00
-6.2941e-01
-4.5162e-01
-1.4694e+00
-1.6907e+00
-4.1670e-01
-3.8490e-01
-8.9326e-01
-1.0776e+00
-3.3960e-01
-4.0098e-01
-1.0112e+00
-1.9461e-01
-1.0123e+00
-8.7359e-01
-6.9422e-01
-9.6257e-01
-1.5165e+00
-5.7582e-01
-4.6732e-01
-2.3069e-02
-5.7457e-02
-4.4834e-01
-2.4434e-01
-8.2891e-01
-1.4173e+00
-3.8693e-02
-1.3938e+00
-1.4727e+00
-1.6592e+00
-8.3003e-01
-8.7739e-01
-9.0909e-01
-7.8733e-01
-1.3109e+00
-9.5827e-01
-2.9668e-01
-2.3012e-01
-2.0383e-01
-8.3298e-01
-1.5007e+00
-5.5906e-01
-1.1227e+00
-6.7918e-01
-2.8916e-01
-1.4838e+00
-5.5166e-01
-6.7736e-01
-4.6103e-01
-8.3073e-01
-8.0807e-01
-9.0691e-01
-6.7725e-02
-1.2126e+00
-1.6525e+00
-1.1171e+00
-1.5507e+00
-1.0460e+00
-1.0653e+00
-1.2534e+00
-1.2544e+00
-4.1761e-01
-8.9370e-01
-5.7230e-01
-1.1867e+00
-2.3999e+00
-9.0770e-02
-1.0383e+00
-1.1068e+00
-6.7834e-01
-1.0167e-01
-1.0585e-01
-1.0062e+00
-4.9194e-01
-1.4370e+00
-1.8634e-01
-3.9489e-01
-1.0906e+00
-1.0402e-01
-3.5921e-01
-7.0261e-01
-1.9709e+00
-4.0000e-01
-2.9754e-01
-9.1753e-01
-1.3652e+00
-1.6989e+00
-3.2063e-01
-1.0001e+00
-1.1375e+00
-6.5067e-01
-5.4333e-02
-1.1912e+00
-8.5232e-01
-2.1437e+00
-2.2026e+00
-5.3101e-01
-8.9551e-01
-1.9047e-01
-4.7282e-01
-6.8884e-01
-1.1248e+00
-2.1286e-01
-1.2344e+00
-7.6783e-01
-5.9641e-01
-1.4569e+00
-1.4857e+00
-2.3677e-01
-1.3516e+00
-1.8304e+00
-1.5529e-01
-1.9081e+00
-7.6478e-01
-2.4671e+00
-1.8463e-01
-1.0391e-01
-1.6635e-01
-9.4535e-01
-1.4176e-01
-7.7929e-01
-9.9882e-01
-1.6011e+00
-1.2824e+00
-6.5359e-01
-1.1137e-01
-1.1039e+00
-3.9869e-01
-1.2936e+00
-1.5914e+00
-5.3176e-01
-1.2299e-01
-1.6665e+00
-1.5270e+00
-1.4044e+00
-6.8988e-03
-5.2607e-01
-9.9425e-01
-4.7555e-01
-2.4328e-01
-2.8885e-01
-1.7850e+00
-4.7875e-01
-8.4687e-01
-1.3692e+00
-1.8246e+00
-4.7505e-01
-1.2780e+00
-2.4725e-01
-7.4994e-01
-6.0973e-01
-9.6879e-01
-3.2493e-01
-2.6697e-01
-3.5405e-02
-1.2157e+00
-8.2942e-01
-9.5867e-01
-5.9246e-01
-3.0156e-01
-3.2281e-01
-5.4802e-01
-7.4543e-01
-1.1178e+00
-1.5130e+00
-3.3219e-01
-1.4046e+00
-8.1782e-01
-6.8973e-02
-1.7806e-02
-1.4898e+00
-1.1486e+00
-1.4087e-01
-1.0008e+00
-4.4299e-02
-1.6248e-01
-1.4128e+00
-1.1154e+00
-5.7737e-01
-1.2057e+00
-1.7060e+00
-1.4845e+00
-2.8897e-01
-6.8640e-01
-1.0043e+00
-1.0284e-01
-9.7097e-01
-1.7590e-01
-6.9958e-01
-9.4752e-01
-1.2415e+00
-5.3859e-02
-1.6166e-01
-1.0389e+00
-9.0338e-01
-3.6742e-01
-1.1801e-01
-3.2648e-01
-4.5765e-01
-5.5726e-01
-5.7899e-02
-4.1303e-01
-7.4039e-01
-9.9576e-01
-1.7100e+00
-1.3481e+00
-6.8436e-01
-6.9145e-01
-2.4114e+00
-7.2431e-01
-2.0865e-01
-8.5802e-01
-1.6876e+00
-1.7371e-01
-9.5753e-01
-1.8573e-01
-5.4849e-01
-1.9902e+00
-1.0775e+00
-4.7968e-01
-7.1700e-01
-4.5296e-01
-5.7595e-02
-3.5395e-01
-1.9740e+00
-6.6026e-02
-2.2144e+00
-2.3031e-01
-8.0212e-01
-8.5143e-01
-8.1846e-01
-3.5515e-02
-7.4229e-01
-1.8260e+00
-7.4424e-01
-6.3867e-01
-1.4814e+00
-1.8649e+00
-4.3740e-01
-6.3499e-01
-5.5595e-01
-1.9005e-02
-4.4403e-02
-1.2097e+00
-1.1454e+00
-3.9484e-02
-7.6809e-01
-1.7725e+00
-9.3888e-01
-6.9598e-02
-7.4104e-01
-1.6401e-01
-5.2723e-01
-1.4191e+00
-3.3432e-01
-4.4687e-01
-1.4502e+00
-8.1612e-01
-1.8790e+00
-4.5954e-01
-2.8479e-01
-1.4204e+00
-1.3830e+00
-6.1751e-01
-2.2119e-01
-1.6558e+00
-1.6080e+00
-2.3928e-01
-1.6559e+00
-7.2956e-03
-2.1653e-01
-1.3366e-01
-1.5382e+00
-1.2094e+00
-9.9975e-01
-2.5568e-01
-7.6561e-01
-7.3699e-01
-8.8868e-02
-6.9845e-01
-9.4228e-01
-8.0333e-01
-4.9373e-01
-6.1277e-01
-3.8825e-02
-1.0724e+00
-3.0461e-01
-5.7323e-01
-8.1290e-01
-2.9692e-01
-2.3076e+00
-1.6178e+00
-1.2710e+00
-1.1568e+00
-1.3115e+00
-2.3707e-01
-8.5990e-01
-1.8976e+00
-1.1358e+00
-4.7248e-01
-1.0066e+00
-9.2022e-01
-6.8276e-01
-8.3072e-01
-2.2263e-01
-1.2097e+00
-9.1598e-01
-1.8992e+00
-2.9360e-01
-6.8216e-02
-4.9159e-01
-8.1679e-01
-3.7235e-01
-1.6284e+00
-1.0950e+00
-2.5856e-01
-1.6144e+00
-8.5261e-01
-1.1217e-01
-1.9556e+00
-1.0816e-01
-1.0153e+00
-7.8711e-01
-1.6256e+00
-1.0310e-01
-3.8107e-01
-1.7680e+00
-1.3372e+00
-8.2838e-01
-2.5548e+00
-1.2587e+00
-1.1890e+00
-8.6454e-02
-1.4023e+00
-3.2847e-02
-1.1774e+00
-2.6740e-01
-1.3848e+00
-4.4762e-01
-1.2070e+00
-4.1410e-01
-4.1681e-01
-1.6106e+00
-4.8838e-02
-1.6305e+00
-8.0857e-01
-2.2391e-01
-8.7358e-02
-1.1749e+00
-1.4494e-01
-1.0077e+00
-1.7644e-01
-6.2358e-01
-1.5268e+00
-1.2639e+00
-2.0791e+00
-5.9124e-01
-1.6536e+00
-5.8007e-01
-3.2077e-01
-1.2685e+00
-3.9655e-01
-3.9731e-01
-1.6620e+00
-9.3363e-01
-1.3054e-01
-5.0003e-01
-1.2646e+00
-2.6772e+00
-2.1261e+00
-1.8603e+00
-3.8150e-01
-3.0519e-01
-1.8540e-01
-1.4365e+00
-9.8961e-01
-7.6965e-01
-4.9519e-01
-1.5478e-01
-6.1264e-01
-1.0890e+00
-8.8467e-01
-4.7009e-01
-1.9923e+00
-1.4482e-01
-3.5572e-01
-5.0486e-03
-1.3106e+00
-2.1208e+00
-2.5276e-01
-3.0325e-01
-7.1127e-01
-4.2394e-01
-1.8107e-01
-5.6091e-01
-1.7493e+00
-1.0531e-01
-1.9530e+00
-6.5121e-02
-9.4946e-01
-1.6441e+00
-7.0468e-01
-2.3253e-01
-8.8357e-02
-3.1974e-01
-1.3800e+00
-7.4796e-02
-9.0167e-01
-1.6934e-01
-3.2376e-01
-1.3906e+00
-6.1310e-01
-7.4788e-01
-1.7635e-01
-8.7325e-01
-2.7046e-01
-1.8335e+00
-3.1839e-02
-1.2674e-01
-1.6918e+00
-2.9256e-01
-3.4350e-01
-2.1538e+00
-1.9823e+00
-1.1218e-01
-9.6383e-02
-7.1926e-02
-6.7259e-01
-1.6045e+00
-9.8753e-01
-1.4553e+00
-2.2454e+00
-3.5540e-01
-5.6917e-01
-5.9611e-01
-1.3056e+00
-9.1717e-01
-2.8765e-01
-2.4687e-01
-6.3127e-01
-1.1518e-01
-9.2371e-01
-1.5118e+00
-1.1425e+00
-1.3401e+00
-1.1276e+00
-2.4145e+00
-4.0635e-01
-1.9773e+00
-1.3172e+00
-3.7749e-01
-5.3533e-01
-1.9026e+00
-1.0483e+00
-1.5337e+00
-1.3251e-01
-5.3718e-02
-6.2095e-01
-2.0059e+00
-2.8244e-01
-2.7790e-01
-2.3788e-01
-1.1492e+00
-1.2213e+00
-7.8509e-01
-3.2620e-01
-1.7796e+00
-6.5053e-01
-1.5329e-01
-7.1351e-01
-2.2055e+00
-7.1011e-01
-1.0549e+00
-2.0791e-01
-1.1423e+00
-1.1578e+00
-1.1715e+00
-1.6474e+00
-9.2738e-02
-2.0410e-01
-1.1230e+00
-2.7828e-01
-1.1747e+00
-9.9141e-02
-3.6463e-01
-1.3435e-01
-3.1137e-01
-1.1068e-01
-2.1487e-01
-1.0701e+00
-4.7171e-01
-3.4112e-01
-1.4491e+00
-8.1140e-01
-2.8895e-01
-3.8953e-01
-1.5635e-01
-1.3786e+00
-1.1923e+00
-2.2126e+00
-1.1059e+00
-2.2708e-01
-1.3445e+00
-6.5807e-01
-1.5648e-01
-4.3297e-01
-5.9280e-01
-9.7192e-01
-4.7048e-01
-3.8502e-01
-1.5097e+00
-1.5682e+00
-1.8474e-01
-3.6361e-01
-3.5034e-01
-1.7426e-01
-2.6960e-01
-9.3585e-01
-5.0544e-01
-9.1406e-01
-8.6768e-01
-3.7758e-01
-2.3022e+00
-5.8615e-01
-6.2942e-01
-1.6424e+00
-1.4163e+00
-1.5783e+00
-1.0655e+00
-1.7961e+00
-8.0814e-01
-8.0986e-02
-2.3134e-01
-8.6610e-01
-2.4567e+00
-1.7051e-01
-2.4713e-01
-3.8434e-01
-3.8578e-01
-9.4253e-01
-4.3716e-01
-9.5262e-01
-1.8466e+00
-7.5445e-01
-3.9355e-01
-6.8736e-01
-1.0159e+00
-5.2127e-02
-1.1013e-01
-3.8332e-01
-8.5605e-01
-1.9067e+00
-1.2929e+00
-3.4071e-01
-1.2146e+00
-6.5472e-02
-1.1203e+00
-4.4056e-01
-5.2300e-01
-3.2566e-01
-1.0984e+00
-1.8380e+00
-4.5420e-01
-9.1151e-01
-7.1265e-01
-2.9137e-01
-1.2800e-02
-4.9070e-01
-8.8104e-01
-7.1688e-01
-2.4098e-01
-1.0087e+00
-9.4315e-01
-3.2072e-01
-6.3359e-01
-2.3976e-01
-7.9025e-01
-2.4708e-01
-7.2924e-03
-1.0636e+00
-2.5323e-01
-1.1491e+00
-9.9051e-02
-1.2884e+00
-2.1913e-01
-8.3484e-01
-1.3581e+00
-8.7274e-01
-4.8525e-02
-1.5476e+00
-6.1425e-01
-1.3639e-01
-1.2610e+00
-8.8526e-01
-8.0081e-01
-1.0564e+00
-5.5274e-01
-1.4009e+00
-2.8227e-02
-1.9586e+00
-2.9082e-01
-3.8775e-01
-1.2336e-02
-1.5596e+00
-1.6514e+00
-1.1173e+00
-6.1183e-01
-5.5820e-01
-3.0360e-01
-1.1275e+00
-1.7742e+00
-2.3192e+00
-5.7506e-01
-4.9155e-01
-9.1040e-01
-1.5402e+00
-1.2308e+00
-1.4564e-01
-1.4483e+00
-8.9943e-02
-5.8256e-02
-3.1634e-01
-7.6994e-01
-1.1934e+00
-2.3016e-01
-1.7719e+00
-6.7431e-01
-1.0507e+00
-3.1942e-01
-8.8296e-01
-1.0873e+00
-2.1163e-01
-1.1131e+00
-3.6763e-01
-7.4522e-01
-4.0366e-01
-1.8610e+00
-1.7652e+00
-3.5618e-01
-2.2476e+00
-6.4489e-01
-1.0837e+00
-1.5834e-01
-1.2445e+00
-1.0562e+00
-1.0361e+00
-1.4696e+00
-1.6891e+00
-1.3257e-01
-2.2155e-01
-1.5562e+00
-2.8064e-01
-4.1333e-01
-1.4143e+00
-1.9065e-01
-5.5615e-01
-2.2297e+00
-1.2471e+00
-5.1529e-01
-7.9777e-01
-3.8283e-01
-2.4132e-01
-5.2716e-01
-5.3905e-02
-1.1812e+00
-7.9578e-01
-8.5556e-02
-2.3871e+00
-4.4294e-01
-1.1228e-01
-2.0456e+00
-1.0124e-01
-9.8855e-02
-6.8564e-02
-1.0261e-02
-7.9034e-01
-1.0762e+00
-1.3977e+00
-4.0068e-01
-8.2656e-02
-1.5998e-01
-1.0721e-01
-3.2664e-01
-1.0932e+00
-7.8864e-01
-9.3451e-01
-1.7064e+00
-1.4949e+00
-1.1243e+00
-3.7832e-01
-6.5477e-01
-1.6819e+00
-2.2280e+00
-7.2136e-01
-1.4876e+00
-5.9294e-01
-1.1711e+00
-1.1402e-01
-1.6464e-01
-1.0853e-01
-1.3093e+00
-1.3313e+00
-6.9089e-01
-7.1826e-01
-1.6802e+00
-7.1630e-01
-1.5905e+00
-8.3347e-01
-1.6750e+00
-5.2968e-01
-1.0026e+00
-2.2921e+00
-3.2654e-01
-4.4676e-01
-1.3534e+00
-7.2217e-01
-1.5363e-01
-9.1727e-01
-2.4357e-01
-1.7794e-01
-5.2364e-01
-2.5357e-01
-4.1838e-02
-1.5082e+00
-1.7809e+00
-6.4864e-01
-2.7240e-01
-1.3859e+00
-1.2034e+00
-1.0661e+00
-1.9297e+00
-1.1805e+00
-1.1299e-01
-5.9471e-01
-1.4626e+00
-8.6044e-01
-9.8970e-01
-5.9498e-01
-2.3433e+00
-9.4202e-02
-2.2882e-02
-1.4142e+00
-1.5781e+00
-1.7020e-01
-1.4721e+00
-1.9082e+00
-6.6176e-01
-4.3500e-01
-6.6582e-01
-3.3647e-02
-1.1852e+00
-6.3269e-01
-8.5117e-01
-2.4493e-01
-2.6884e-01
-1.5471e+00
-7.5436e-02
-8.9329e-01
-1.6691e-01
-5.0863e-02
-1.3094e+00
-3.3827e-01
-1.7371e+00
-5.7372e-01
-6.8435e-01
-1.6076e-01
-7.4507e-01
-3.1363e-01
-1.0084e+00
-4.9956e-01
-1.4459e+00
-9.4111e-01
-1.8691e+00
-1.2840e+00
-1.5198e+00
-3.3119e-01
-9.2836e-01
-4.9233e-01
-7.2068e-01
-3.2780e-01
-1.1609e+00
-2.9627e-01
-1.7312e+00
-1.1129e+00
-1.2742e+00
-1.0314e+00
-2.3116e-01
-4.7444e-01
-9.5013e-01
-1.2690e+00
-3.1018e-01
-2.5018e-01
-1.3249e+00
-1.4174e+00
-3.1426e-01
-6.9075e-01
-2.7533e-01
-2.9539e-01
-1.6047e+00
-1.6658e+00
-1.3721e+00
-1.4440e+00
-5.5356e-01
-3.8606e-01
-2.5347e-02
-2.2168e+00
-1.2845e+00
-3.3600e-01
-4.4366e-01
-1.7150e-01
-3.9647e-01
-1.0235e+00
-6.1786e-01
-2.4501e-01
-5.3171e-01
-6.7258e-01
-1.1959e-01
-1.4199e+00
-1.9803e+00
-7.2602e-01
-1.5835e+00
-1.1190e-01
-1.1300e+00
-1.2870e+00
-1.5258e+00
-1.0525e+00
-1.6838e+00
-8.3445e-01
-9.8096e-02
-1.1582e+00
-4.9040e-01
-1.0865e+00
-3.1644e-01
-7.2634e-02
-1.6469e+00
-3.1869e-01
-1.0739e+00
-1.4944e+00
-9.6550e-01
-9.6459e-01
-3.9177e-01
-2.8208e-01
-8.1246e-01
-1.2550e-01
-3.2044e-01
-1.8669e+00
-5.8954e-01
-1.9261e+00
-1.4039e+00
-1.7105e+00
-3.8633e-01
-4.7129e-01
-2.9431e-01
-7.0601e-01
-4.2776e-01
-9.4487e-02
-1.4808e+00
-3.1180e-01
-1.2196e+00
-3.3581e-01
-2.2979e-01
-8.4775e-01
-5.7544e-01
-3.2449e-01
-1.4457e-01
-2.0940e-01
-4.0763e-01
-3.3092e-01
-1.1015e+00
-6.0103e-01
-2.2800e-01
-1.1840e+00
-9.9682e-01
-2.1065e-02
-1.0344e+00
-1.8200e-01
-3.0159e-01
-5.8546e-01
-1.0578e+00
-1.4345e+00
-3.6846e-01
-4.3851e-01
-4.4576e-01
-4.9465e-01
-4.5095e-02
-1.0160e+00
-1.5508e+00
-7.7450e-01
-3.5828e-01
-1.5417e-01
-2.7442e-01
-2.0837e+00
-3.7550e-01
-2.2699e-01
-4.9321e-01
-6.9825e-01
-2.1670e+00
-1.8937e+00
-1.5879e+00
-8.9073e-01
-1.6524e+00
-1.0453e+00
-1.2662e-01
-8.0652e-01
-8.3023e-01
-1.5368e+00
-5.4593e-01
-1.4477e+00
-9.4812e-01
-5.9914e-01
-3.9350e-01
-1.0123e+00
-1.2101e+00
-1.7269e+00
-1.1548e+00
-2.5939e-01
-1.7868e+00
-1.2133e+00
-9.9611e-01
-7.6372e-01
-9.6168e-01
-7.1073e-01
-2.1786e-01
-7.3642e-01
-1.3682e+00
-6.5753e-01
-1.3167e+00
-1.7736e+00
-9.1715e-02
-2.9351e-01
-6.0043e-01
-1.9667e+00
-5.8275e-02
-6.5396e-01
-2.6224e-01
-8.0016e-02
-4.2919e-02
-1.2476e+00
-3.5527e-01
-1.8128e+00
-5.7850e-01
-9.4562e-01
-1.7859e-01
-2.7016e-01
-2.4547e-01
-3.8735e-01
-2.1351e+00
-9.7103e-01
-2.7414e-01
-2.4270e+00
-1.6883e+00
-9.6146e-01
-6.1116e-01
-5.1664e-01
-1.9971e-01
-3.3561e-01
-2.1113e-01
-8.0107e-03
-2.8469e-01
-9.5383e-01
-9.9603e-01
-1.0395e+00
-1.1239e+00
-1.2372e+00
-9.6795e-01
-2.0945e+00
-5.7525e-01
-4.7269e-01
-9.3570e-01
-1.2095e+00
-2.7619e-01
-8.2944e-01
-3.6704e-01
-2.1960e+00
-5.6751e-02
-4.5823e-01
-5.2245e-01
-1.1788e+00
-8.4373e-02
-2.8870e-01
-1.4341e+00
-8.6772e-01
-1.1010e+00
-5.9555e-01
-2.0669e-01
-1.1703e+00
-1.2453e-01
-1.2511e-02
-9.8011e-01
-3.4599e-01
-9.0764e-01
-2.0167e+00
-9.2155e-01
-1.1803e+00
-6.9881e-01
-2.2888e+00
-6.9635e-02
-2.0636e-02
-1.5797e+00
-6.8159e-01
-1.7201e-02
-5.2968e-01
-1.3969e+00
-4.2377e-01
-7.2708e-01
-3.0153e-01
-8.3957e-01
-1.9568e+00
-5.0183e-01
-6.3886e-01
-7.8864e-01
-2.0102e+00
-1.3671e+00
-5.0926e-01
-1.2181e+00
-3.8765e-01
-1.0587e-02
-2.3321e-01
-8.5971e-01
-4.4440e-01
-1.1356e+00
-8.5373e-01
-6.2547e-01
-1.7329e+00
-1.3087e+00
-2.6566e-01
-9.9833e-01
-9.1426e-01
-2.0563e+00
-1.6069e+00
-1.7857e+00
-5.6735e-01
-8.7052e-03
-3.0704e-01
-7.6991e-02
-1.2833e+00
-2.6862e-01
-1.1531e+00
-9.8270e-01
-7.8616e-01
-4.5313e-01
-6.2186e-01
-2.4944e-01
-1.1264e+00
-2.8440e-01
-2.7254e-01
-4.8651e-01
-1.1166e+00
-2.2738e+00
-1.4373e-01
-2.1491e+00
-1.8678e+00
-2.3539e+00
-2.0776e+00
-3.3906e-01
-1.2996e+00
-8.5871e-01
-1.1876e+00
-2.4390e-01
-8.6205e-02
-5.3451e-01
-1.2572e+00
-1.4516e-01
-8.1768e-01
-1.8122e+00
-1.4562e-01
-1.5778e+00
-9.7165e-01
-1.2212e+00
-2.9930e-01
-2.1533e+00
-2.8997e-01
-2.1233e+00
-1.3290e+00
-8.2901e-01
-6.1851e-01
-3.6631e-01
-1.9068e+00
-1.2352e+00
-1.4736e+00
-9.5015e-01
-8.1549e-01
-1.4842e+00
-8.5096e-02
-9.3541e-01
-1.6799e+00
-8.4059e-01
-7.2546e-01
-1.8359e-01
-4.6948e-01
-4.7445e-02
-8.7572e-01
-1.1601e+00
-1.0030e+00
-1.0665e+00
-2.2887e-01
-1.0583e+00
-2.6470e-01
-2.3274e+00
-1.0702e+00
-4.6584e-01
-1.1667e+00
-6.0403e-01
-2.4821e+00
-2.0194e-02
-5.4398e-01
-7.0247e-02
-1.2713e-01
-8.7056e-01
-5.2855e-01
-4.4146e-02
-6.3352e-01
-7.9261e-01
-9.6664e-02
-5.2708e-01
-2.4523e-01
-1.5713e+00
-1.3019e+00
-1.1070e+00
-1.2746e+00
-8.8883e-01
-4.0334e-01
-1.0189e+00
-7.4123e-01
-6.3683e-01
-1.8528e+00
-1.6407e+00
-2.1438e-01
-4.3005e-01
-1.7350e+00
-1.3402e+00
-1.7747e-01
-3.5751e-01
-5.2660e-01
-8.5663e-01
-2.1428e-01
-1.2537e+00
-4.8872e-01
-5.7842e-01
-6.0762e-01
-1.2989e+00
-2.4835e-01
-2.0098e+00
-1.4285e-01
-2.8879e-01
-2.6553e-01
-9.1567e-01
-5.4394e-01
-1.5135e+00
-2.7318e-01
-7.8948e-01
-1.8182e+00
-4.9163e-01
-2.5445e+00
-3.5759e-01
-3.7291e-01
-5.2923e-01
-5.4784e-01
-1.4933e+00
-1.6692e-01
-3.9536e-01
-8.8306e-01
-1.0022e+00
-4.3446e-01
-2.2520e-01
-1.7950e-01
-5.6234e-01
-4.1359e-01
-1.0249e-01
-3.4772e-01
-4.8664e-01
-1.9103e+00
-1.1181e+00
-3.4727e-01
-2.5417e-01
-8.2943e-01
-5.9347e-01
-1.2647e+00
-1.9672e-01
-2.7763e-01
-5.9858e-02
-7.8789e-01
-5.4181e-01
-6.8112e-01
-5.6343e-01
-2.7999e-01
-1.5164e+00
-6.1487e-01
-1.2728e+00
-6.7029e-01
-4.1425e-01
-3.6535e-01
-1.4140e+00
-2.0055e-01
-7.4402e-01
-6.6508e-02
-8.7174e-01
-6.0607e-01
-1.0827e+00
-9.1477e-03
-1.2104e+00
-1.2686e+00
-1.2085e+00
-1.0622e+00
-1.6813e-01
-6.3673e-01
-2.3125e+00
-5.2651e-01
-2.0486e+00
-2.0132e+00
-2.1271e-01
-1.0310e+00
-1.3562e+00
-1.7455e+00
-1.3043e+00
-4.1505e-01
-9.6707e-01
-2.3470e+00
-1.1782e+00
-2.8199e-01
-1.8049e-01
-4.1947e-01
-8.7088e-01
-1.2685e+00
-1.7430e-01
-8.8742e-02
-3.4228e-01
-3.1604e-01
-8.7436e-01
-7.9400e-02
-8.8727e-01
-2.2094e-01
-2.6670e-01
-2.0504e-01
-5.7214e-01
-1.4157e+00
-2.1995e+00
-2.2639e+00
-2.7769e-01
-5.7352e-01
-6.9941e-01
-3.7205e-01
-1.7471e-01
-5.8888e-01
-1.0549e+00
-6.0497e-01
-1.9547e-01
-9.3606e-01
-2.5941e-01
-4.9914e-02
-1.6589e+00
-7.9562e-01
-1.9301e+00
-1.7789e+00
-1.5110e+00
-7.4878e-01
-3.0280e-01
-8.0938e-01
-7.0278e-01
-2.2849e-01
-2.4621e-01
-1.7701e-01
-1.6251e+00
-6.4249e-01
-7.4827e-01
-1.5019e-01
-1.0166e+00
-2.5250e-01
-2.4264e-01
-2.0922e+00
-4.2441e-01
-6.6667e-01
-1.7227e-01
-9.2965e-01
-9.3435e-01
-8.9534e-01
-6.4019e-01
-8.7871e-02
-1.5226e+00
-1.6317e+00
-9.2863e-02
-1.2333e-01
-1.9736e+00
-5.2940e-01
-1.0191e+00
-1.6840e-01
-1.0864e+00
-2.5460e-01
-8.9421e-02
-1.4838e+00
-6.7269e-01
-9.7382e-03
-5.2803e-01
-2.0149e-01
-1.0150e+00
-1.2869e-01
-5.8366e-01
-3.2379e-01
-1.3065e-01
-2.6829e-01
-3.4824e-01
-1.1409e-01
-4.0990e-01
-1.2042e+00
-8.0431e-02
-2.3356e+00
-9.9532e-03
-4.0615e-01
-1.2955e+00
-1.0995e+00
-3.0743e-01
-9.3803e-03
-6.0865e-01
-1.0979e+00
-8.8816e-01
-9.8058e-01
-3.8828e-01
-1.3576e+00
-1.0717e+00
-9.5637e-01
-9.7645e-01
-9.8447e-01
-5.0554e-01
-1.1409e+00
-4.6864e-01
-9.6848e-01
-5.4414e-01
-1.2647e+00
-1.9525e-01
-1.5003e+00
-1.5424e-01
-6.9213e-01
-1.8757e-01
-2.1521e+00
-3.8090e-01
-2.5397e+00
-1.0208e+00
-1.5762e+00
-4.2827e-01
-9.1739e-02
-5.4131e-01
-1.0455e+00
-1.5968e+00
-3.8196e-01
-1.5475e+00
-8.8557e-01
-6.3003e-01
-4.4358e-01
-1.4044e-01
-1.1209e+00
-8.2881e-02
-3.8967e-01
-3.1596e-01
-1.8830e+00
-1.3773e+00
-2.2765e+00
-1.8063e+00
-1.2169e+00
-6.4065e-01
-2.1964e+00
-2.5887e-01
-2.6019e-01
-4.3266e-01
-9.1114e-01
-5.1807e-01
-4.7674e-01
-4.1040e-01
-1.6978e-01
-2.1295e-01
-1.6340e+00
-1.2965e+00
-6.6543e-01
-1.0793e+00
-6.4694e-02
-4.0171e-01
-8.6336e-01
-4.1960e-01
-7.1792e-01
-1.4638e+00
-6.8197e-01
-8.4216e-02
-5.8930e-01
-8.5684e-01
-1.1968e+00
-1.1965e+00
-3.2779e-02
-9.4304e-01
-7.6752e-01
-1.9465e+00
-1.0211e-01
-6.4907e-01
-1.4506e+00
-3.8477e-01
-1.2832e+00
-1.7601e-01
-4.3572e-01
-2.4440e+00
-1.1874e+00
-1.2320e+00
-1.8670e+00
-1.1473e+00
-2.2658e+00
-5.3220e-01
-4.8370e-01
-6.9843e-01
-7.1577e-01
-4.5010e-02
-5.9928e-01
-1.3447e+00
-9.9297e-01
-3.1668e-01
-1.3612e+00
-1.3472e+00
-9.8579e-01
-6.4566e-01
-1.3412e+00
-4.0063e-01
-9.0073e-01
-1.7283e+00
-2.1792e+00
-9.6350e-01
-1.7816e+00
-1.1718e+00
-7.7349e-01
-8.5210e-01
-5.9352e-01
-2.4387e+00
-5.3918e-01
-1.1734e+00
-1.4085e+00
-2.1178e+00
-7.3405e-01
-1.3085e+00
-5.6844e-01
-1.0810e+00
-1.0497e+00
-9.4616e-01
-6.1987e-01
-3.8827e-01
-9.5440e-01
-4.7489e-02
-7.9572e-01
-1.7110e+00
-1.9365e+00
-1.4704e+00
-2.6624e-01
-1.0582e+00
-6.7722e-01
-1.1218e+00
-2.8307e-01
-7.4763e-01
-1.2647e+00
-1.7062e+00
-4.9669e-01
-1.4871e+00
-1.2025e-01
-1.3218e+00
-2.5464e+00
-1.4455e+00
-3.6577e-01
-5.7035e-01
-5.5841e-01
-1.0936e+00
-1.9653e-01
-6.6825e-01
-4.4079e-01
-1.2648e+00
-3.4430e-01
-3.7135e-02
-9.4069e-01
-9.4596e-01
-2.1673e+00
-2.0597e-01
-9.8312e-01
-9.4058e-01
-2.3734e+00
-1.6298e+00
-2.1906e-01
-5.5861e-01
-1.6558e+00
-2.0854e+00
-3.4734e-01
-2.8877e-01
-4.3501e-01
-4.1094e-01
-5.4131e-01
-1.2926e+00
-2.6317e-01
-5.8037e-01
-1.0374e-01
-5.7522e-02
-3.2731e-01
-4.6121e-01
-1.3793e+00
-1.7747e+00
-2.0326e-02
-9.1227e-01
-7.5809e-01
-9.1023e-01
-2.1752e+00
-7.2307e-01
-4.9560e-01
-1.0324e+00
-2.4495e+00
-7.0985e-01
-1.2560e+00
-1.1706e-01
-2.5001e+00
-7.0517e-01
-2.5432e-01
-1.4103e-02
-2.6751e+00
-4.4787e-01
-1.5134e+00
-8.3293e-01
-2.4591e+00
-8.6775e-01
-5.6741e-01
-1.1439e+00
-1.2196e+00
-9.1171e-01
-1.5600e+00
-1.3751e+00
-2.6752e-01
-2.0135e+00
-2.0892e-01
-1.7748e+00
-5.8019e-01
-1.6232e-01
-4.5443e-01
-1.2220e+00
-1.1045e+00
-2.0375e-01
-3.9569e-01
-1.0500e+00
-6.6593e-01
-3.6336e-01
-2.3135e-02
-1.1926e-01
-8.3270e-01
-1.2748e+00
-7.2238e-01
-2.2087e-01
-8.2112e-01
-9.3516e-01
-4.9164e-01
-1.3332e+00
-1.7949e+00
-2.1204e+00
-9.3508e-02
-6.6015e-01
-2.3350e-01
-1.2859e-01
-1.8243e+00
-6.9595e-01
-5.1147e-01
-1.0690e+00
-7.5239e-01
-2.5063e+00
-7.0909e-01
-1.6278e+00
-1.5209e+00
-6.4284e-01
-9.6082e-01
-1.1105e+00
-1.1231e+00
-3.9437e-01
-7.7604e-01
-1.1972e+00
-1.9255e+00
-2.1634e+00
-4.3833e-01
-2.6674e+00
-1.0001e+00
-9.5143e-01
-1.4180e+00
-1.5883e+00
-4.0332e-02
-5.0837e-01
-9.1990e-01
-8.2323e-02
-8.7199e-01
-2.6044e-01
-1.0687e+00
-1.4575e-02
-7.1411e-01
-3.9240e-01
-1.0138e+00
-2.8861e-03
-1.3129e+00
-8.6908e-01
-6.9339e-01
-5.7060e-01
-1.2063e+00
-5.6551e-01
-4.6977e-01
-6.5807e-01
-1.7685e+00
-8.7723e-03
-3.6227e-01
-8.1595e-01
-1.7347e+00
-2.8606e-01
-5.0805e-02
-2.1388e+00
-4.5013e-01
-9.5049e-01
-6.6980e-01
-1.3585e+00
-8.4921e-02
-1.6590e+00
-7.6712e-01
-2.3778e+00
-4.4280e-01
-1.3209e+00
-3.1461e-01
-4.7904e-01
-2.6990e-01
-1.0077e+00
-1.3202e+00
-1.9881e+00
-1.4556e+00
-7.6418e-01
-1.5519e+00
-1.9598e-01
-3.1480e-01
-2.6635e-01
-1.6265e-01
-1.5621e+00
-1.0282e-01
-1.4742e+00
-3.8738e-01
-4.8152e-01
-5.8317e-01
-3.9469e-01
-1.5183e-01
-6.7052e-01
-3.8941e-02
-4.0917e-01
-4.3589e-01
-6.8776e-01
-1.9474e+00
-1.9150e+00
-1.4079e+00
-8.6480e-01
-1.5683e+00
-1.6108e+00
-1.2439e+00
-1.1285e+00
-1.1960e-01
-1.1144e+00
-9.5792e-01
-8.5941e-03
-1.0247e+00
-6.0426e-01
-2.1719e-01
-1.0800e+00
-8.3883e-01
-5.4649e-01
-1.7544e+00
-1.1443e+00
-4.4225e-01
-2.5587e-01
-2.0450e+00
-1.2124e+00
-6.0009e-01
-1.8815e+00
-3.1670e-01
-1.8622e+00
-2.6933e-01
-5.5935e-01
-8.7964e-01
-1.5530e+00
-4.7327e-02
-3.4540e-01
-6.8744e-01
-1.7993e+00
-6.2897e-01
-1.8788e+00
-1.0922e+00
-2.2430e+00
-1.6805e-01
-1.8431e+00
-5.6705e-01
-2.1121e-01
-1.9551e+00
-1.9976e+00
-5.0958e-01
-1.3856e+00
-1.7901e+00
-2.4668e-01
-5.3063e-01
-2.6886e-01
-7.3757e-01
-2.6961e-01
-1.6898e+00
-3.7664e-01
-1.0729e+00
-1.6939e+00
-6.6567e-01
-7.9208e-01
-3.8704e-01
-8.4410e-01
-1.3661e-01
-4.9249e-01
-3.9803e-01
-6.2671e-02
-7.4027e-01
-1.1543e+00
-4.9044e-01
-3.5464e-01
-1.0641e+00
-9.9514e-01
-1.2391e+00
-3.6234e-01
-3.2558e-01
-2.2133e+00
-5.7985e-01
-2.9128e-01
-4.0993e-01
-1.7446e+00
-3.2939e-01
-2.2399e-01
-2.4655e+00
-2.1582e-01
-1.8702e+00
-5.4489e-01
-6.5211e-01
-7.1257e-02
-8.0252e-01
-1.8583e+00
-1.6768e+00
-1.9270e-01
-1.9331e+00
-8.2182e-01
-1.2330e+00
-5.5770e-01
-4.9922e-01
-2.1911e+00
-1.1304e+00
-2.6201e+00
-1.8378e+00
-4.5772e-01
-2.6392e-01
-1.4689e+00
-1.3489e+00
-8.6639e-01
-1.0799e+00
-1.4838e+00
-4.4301e-01
-1.8028e-01
-6.0751e-01
-1.2750e+00
-4.0383e-01
-1.3454e-01
-6.3127e-01
-2.1214e-01
-3.8319e-01
-1.5179e-01
-9.5073e-02
-4.7330e-01
-5.8511e-01
-6.4377e-02
-7.8031e-01
-1.9844e+00
-5.6934e-01
-1.2268e+00
-8.9150e-01
-3.8981e-01
-1.6665e+00
-2.9328e-01
-1.0485e+00
-1.5608e+00
-1.0953e+00
-2.5839e-01
-7.1046e-01
-1.3523e+00
-9.5358e-01
-3.2391e-01
-2.7538e-01
-5.5884e-01
-4.7508e-01
-6.0080e-01
-1.2772e+00
-4.3412e-01
-1.0117e+00
-1.0328e+00
-3.7207e-01
-1.9132e+00
-1.6724e-01
-8.7789e-01
-6.0285e-01
-1.3664e+00
-1.4471e+00
-6.4973e-01
-9.5889e-01
-2.6021e-01
-7.5385e-01
-8.3493e-02
-1.0436e+00
-3.9542e-01
-4.6263e-01
-9.6939e-01
-2.4940e+00
-9.9563e-01
-1.1811e+00
-8.0312e-01
-5.5530e-01
-3.2020e-01
-1.1913e+00
-1.3468e+00
-1.7799e-01
-6.3597e-01
-1.3027e+00
-1.7823e+00
-9.7034e-01
-1.5577e+00
-8.9217e-01
-2.7606e-01
-4.6629e-01
-6.2040e-02
-5.1027e-01
-1.3131e+00
-5.0377e-01
-1.9677e+00
-1.0501e+00
-4.7301e-01
-1.1903e+00
-4.2034e-01
-9.7718e-01
-1.0178e+00
-2.3692e+00
-8.8142e-01
-1.6547e+00
-9.0403e-01
