-0.2510	0.0163	0.0000
0.2270	-0.2886	0.0000
-0.0335	0.4308	0.0000
0.1783	0.0347	0.0000
-0.0414	-0.1022	-3.0000
0.2521	0.0076	-3.0000
0.0850	-0.0245	-3.0000
-0.1817	-0.0452	0.0000
0.3401	0.0852	0.0000
-0.0877	-0.0328	-3.0000
0.1652	-0.1931	0.0000
-0.0924	0.2300	-2.0000
0.0457	-0.1505	0.0000
-0.1997	-0.0931	-2.0000
0.2953	-0.2121	-2.0000
-0.3336	-0.1581	0.0000
-0.2507	-0.2701	0.0000
0.1101	-0.0932	-2.0000
0.2728	-0.0534	-3.0000
0.2468	0.0536	-2.0000
0.1747	0.1622	-2.0000
-0.0290	-0.2869	0.0000
0.1392	0.1435	0.0000
-0.0672	-0.0246	0.0000
0.0136	0.1053	0.0000
-0.0495	0.2080	-2.0000
0.1528	-0.0989	0.0000
0.0505	0.2262	-3.0000
0.1438	0.2145	-2.0000
0.1305	-0.0428	-3.0000
0.2046	0.1225	-3.0000
0.2337	0.1255	-3.0000
0.1468	0.1491	-2.0000
0.0135	-0.2417	0.0000
0.2925	0.0413	-2.0000
0.0370	0.3904	-2.0000
-0.0155	0.2647	-2.0000
0.3885	-0.0997	0.0000
0.2303	0.0471	0.0000
0.1277	0.0525	0.0000
0.0821	0.0436	0.0000
-0.0224	0.4451	0.0000
0.0110	-0.0724	-3.0000
-0.1038	0.2598	0.0000
-0.1749	0.2861	0.0000
0.1524	-0.0344	0.0000
0.0317	-0.0706	-2.0000
-0.0125	0.2835	-3.0000
0.3130	-0.2264	0.0000
0.2387	0.0163	0.0000
0.1191	-0.0239	-3.0000
-0.0303	-0.2151	-3.0000
-0.0953	-0.1113	-2.0000
0.1731	0.1029	-2.0000
-0.2024	0.0184	0.0000
0.1386	0.0409	-2.0000
0.2529	0.0262	0.0000
0.0212	-0.0568	0.0000
0.0010	0.1508	0.0000
-0.0989	0.0668	-2.0000
-0.2236	-0.2913	0.0000
-0.1074	0.2796	-2.0000
0.3630	0.0346	0.0000
0.1658	0.0281	-2.0000
0.2797	0.0195	-2.0000
-0.1537	-0.1653	0.0000
-0.1224	0.4413	0.0000
-0.0597	-0.2677	-2.0000
-0.1717	0.2078	-2.0000
0.2599	0.1915	0.0000
-0.1815	0.2945	0.0000
-0.0152	-0.0719	-3.0000
-0.1886	0.2980	0.0000
0.2016	0.1295	0.0000
0.0166	0.1396	-2.0000
0.2246	-0.0047	-2.0000
0.1159	-0.0577	-2.0000
-0.2214	0.0992	-2.0000
-0.0392	0.3217	-2.0000
0.1559	0.0116	0.0000
0.0117	0.2277	0.0000
0.0832	0.3665	-2.0000
-0.0995	0.2207	-2.0000
0.2359	0.0728	-2.0000
0.0609	0.0881	-3.0000
-0.0685	-0.1749	0.0000
-0.3115	-0.2297	0.0000
0.0943	-0.1614	-2.0000
0.2252	-0.3337	0.0000
0.0495	0.1093	-2.0000
0.0048	0.2816	-2.0000
-0.3335	-0.0410	-2.0000
0.0540	-0.0996	0.0000
0.1013	0.0762	0.0000
0.1236	0.0488	-2.0000
-0.3531	0.1259	0.0000
-0.3114	0.3229	-2.0000
0.1256	-0.1648	-2.0000
-0.1691	-0.0513	0.0000
0.2452	0.0765	-2.0000
-0.0533	-0.0046	-2.0000
0.0188	0.2937	0.0000
-0.0904	-0.1869	-2.0000
0.1814	0.0717	-3.0000
0.1427	0.3551	0.0000
0.1694	0.0879	-3.0000
0.3039	0.1213	-2.0000
0.1855	0.3391	0.0000
0.0944	0.0781	0.0000
0.1391	-0.1339	-2.0000
0.4119	-0.1994	0.0000
-0.0983	-0.2605	-2.0000
-0.1027	-0.0242	0.0000
0.1825	-0.1670	0.0000
0.2173	-0.1030	-2.0000
0.2213	0.2833	0.0000
-0.0009	-0.0778	-2.0000
0.1637	0.0247	0.0000
-0.0676	-0.2846	-3.0000
0.3782	-0.0828	0.0000
0.1870	0.1802	-3.0000
0.0166	0.0092	-3.0000
0.1286	0.1353	-3.0000
0.1614	0.0766	-2.0000
-0.0258	-0.1049	0.0000
0.0945	0.1347	-3.0000
0.2275	0.3300	0.0000
0.0372	0.0752	-3.0000
-0.0645	-0.1852	0.0000
0.4253	0.0834	0.0000
0.1715	0.1794	0.0000
-0.0149	0.1814	-3.0000
0.3027	-0.2795	0.0000
0.2455	0.0757	0.0000
0.0890	0.1907	-2.0000
0.1526	0.0316	-3.0000
0.1239	0.1703	-2.0000
-0.0541	-0.3406	0.0000
0.0064	-0.0568	0.0000
-0.0584	-0.2188	-2.0000
0.2689	-0.1322	0.0000
0.0892	0.2135	0.0000
-0.2616	-0.1059	0.0000
0.2695	-0.1452	-3.0000
0.2336	0.0923	0.0000
-0.0991	0.3108	-2.0000
-0.1728	0.1880	-3.0000
0.1647	-0.3498	0.0000
-0.4549	0.0312	0.0000
0.1148	0.0388	0.0000
0.0840	0.1066	-2.0000
0.1043	-0.2871	0.0000
-0.1034	-0.1451	0.0000
0.1699	0.3816	0.0000
0.2540	0.2956	0.0000
0.1976	0.3930	0.0000
0.1337	0.1507	-2.0000
-0.1069	-0.0228	0.0000
-0.0696	0.2471	0.0000
0.2580	0.2762	0.0000
-0.0935	0.0729	0.0000
-0.0522	0.2868	0.0000
-0.1408	-0.0909	0.0000
0.2620	0.0872	-3.0000
0.2240	0.0360	0.0000
-0.0211	0.4190	0.0000
0.0483	0.1135	-2.0000
0.3050	0.1249	0.0000
0.0866	-0.0872	-2.0000
0.2014	0.0213	0.0000
0.3653	-0.1586	-2.0000
-0.3901	0.0209	-2.0000
-0.0598	0.3464	-2.0000
0.3338	-0.0424	0.0000
-0.1316	-0.2589	-2.0000
0.1486	-0.2756	-3.0000
0.1918	-0.1812	-3.0000
0.3416	0.1489	0.0000
0.3910	-0.2457	0.0000
0.2003	0.3890	0.0000
0.2034	0.0242	-3.0000
-0.2133	-0.0317	-2.0000
-0.0488	-0.2225	-2.0000
0.2721	0.0936	-2.0000
-0.0860	-0.2088	-2.0000
0.1226	0.1328	-3.0000
0.2595	-0.3591	0.0000
-0.0326	-0.3057	0.0000
-0.0679	-0.0988	0.0000
0.1571	0.1764	0.0000
0.0527	-0.3814	0.0000
0.2314	0.1998	0.0000
0.1640	-0.1670	0.0000
0.1247	-0.0373	-3.0000
-0.0412	0.2094	0.0000
-0.1621	0.1087	0.0000
0.1569	-0.1703	0.0000
-0.1992	-0.1729	0.0000
-0.0048	0.4038	0.0000
-0.2467	-0.1501	0.0000
0.2002	0.1849	0.0000
-0.0600	0.3329	0.0000
-0.0050	0.2273	-2.0000
-0.1833	-0.0644	-2.0000
0.1139	-0.0701	-2.0000
-0.1225	-0.3044	0.0000
0.2200	-0.0079	0.0000
-0.2231	-0.0694	0.0000
0.0162	0.2013	0.0000
0.0270	-0.2504	0.0000
-0.1741	0.1917	0.0000
0.1010	-0.0200	0.0000
0.2122	-0.0140	-3.0000
-0.0743	0.4763	0.0000
0.1183	-0.2572	0.0000
0.2423	0.0772	-2.0000
0.1314	-0.0845	0.0000
0.0079	0.0806	-2.0000
0.0486	-0.1447	0.0000
0.0263	0.1331	-3.0000
0.0774	-0.1827	0.0000
-0.3261	0.0329	0.0000
0.4009	-0.2129	0.0000
0.2496	-0.1922	0.0000
-0.1056	-0.1425	0.0000
-0.1613	0.3675	0.0000
0.1164	-0.2950	-2.0000
-0.0836	0.1514	0.0000
0.0536	0.0069	0.0000
-0.3152	0.0396	-2.0000
0.2792	0.1934	0.0000
0.0574	0.3939	0.0000
-0.2046	-0.1140	-2.0000
0.2581	0.0997	-3.0000
0.0055	0.0060	-3.0000
-0.0228	-0.1706	0.0000
0.0756	-0.2888	0.0000
0.3189	0.1166	-2.0000
0.2687	-0.1418	-2.0000
-0.1829	-0.1854	-2.0000
-0.0792	0.2381	0.0000
0.1929	0.1349	-2.0000
-0.0125	0.1684	-2.0000
-0.3003	0.0115	0.0000
-0.1909	-0.0843	0.0000
0.2580	-0.0416	-2.0000
-0.0499	0.1287	-3.0000
0.2752	-0.0006	0.0000
0.0808	0.1169	0.0000
0.1415	0.0507	-2.0000
0.3376	-0.2073	0.0000
-0.0271	-0.2145	0.0000
-0.2256	-0.1163	0.0000
0.3067	-0.0474	-3.0000
0.0226	0.0164	-2.0000
0.3297	-0.2333	0.0000
-0.1158	0.1346	0.0000
-0.2999	-0.0940	0.0000
0.1117	0.4176	0.0000
-0.0081	-0.1715	0.0000
0.0528	0.1747	0.0000
0.1299	-0.0134	-3.0000
0.1102	0.2674	0.0000
0.1247	-0.0515	-2.0000
-0.1855	0.0904	0.0000
0.1406	-0.2124	-2.0000
0.3015	0.0817	-3.0000
0.3993	-0.1627	0.0000
0.3569	-0.0261	0.0000
0.1727	0.1579	-2.0000
0.3216	-0.3364	0.0000
-0.1872	0.2647	0.0000
-0.1250	0.1285	-2.0000
-0.0990	0.2528	-2.0000
0.1548	0.0868	-3.0000
0.0502	-0.0220	-3.0000
-0.2103	-0.0919	0.0000
-0.0059	-0.4250	0.0000
-0.0463	-0.0731	0.0000
-0.1419	0.2549	0.0000
0.2723	0.1915	-2.0000
-0.1056	0.1042	0.0000
0.3675	-0.0434	-3.0000
0.0932	-0.0282	-3.0000
-0.0442	-0.3146	-2.0000
0.2346	0.1051	-3.0000
0.1868	-0.3655	0.0000
0.2283	0.1363	0.0000
0.1780	0.0175	-3.0000
0.1693	0.1804	-3.0000
0.1390	0.0436	0.0000
-0.2635	-0.0893	-2.0000
0.2587	0.1726	-2.0000
-0.0491	0.1455	-3.0000
-0.0915	0.1681	-2.0000
-0.2377	0.0911	0.0000
0.3037	0.0336	0.0000
-0.0028	-0.2285	0.0000
-0.3408	0.2862	0.0000
0.3027	-0.0371	-2.0000
0.1609	-0.0981	-3.0000
0.4301	-0.0040	0.0000
-0.2829	-0.3742	0.0000
0.0371	-0.0651	-2.0000
0.0452	-0.0796	0.0000
0.1020	0.3295	0.0000
0.0916	0.2662	-3.0000
-0.1083	-0.0941	-3.0000
-0.2392	0.1260	0.0000
-0.2422	-0.1962	0.0000
0.0050	0.1767	-2.0000
0.0881	0.1174	0.0000
0.1073	0.0201	-3.0000
0.1708	-0.3466	0.0000
0.1278	0.1074	0.0000
0.2812	-0.1668	0.0000
-0.0315	0.1355	-3.0000
0.1658	-0.2417	0.0000
0.0038	0.1675	-3.0000
0.0518	0.1404	-3.0000
0.0004	-0.0265	0.0000
-0.0370	0.1676	-2.0000
0.2992	0.0636	0.0000
0.2662	-0.1011	-3.0000
0.0018	-0.2731	0.0000
-0.0950	-0.0856	-2.0000
0.1811	0.1167	0.0000
-0.0305	0.0825	-2.0000
-0.1109	0.1793	0.0000
0.0070	0.3650	0.0000
-0.3041	0.1938	-2.0000
-0.2245	0.0782	-2.0000
-0.0391	0.0655	-3.0000
0.1590	0.1017	0.0000
0.0947	0.3374	-2.0000
-0.1586	-0.0164	0.0000
0.0561	0.1757	-3.0000
0.0937	0.0133	0.0000
0.1154	-0.0510	-3.0000
-0.0964	-0.1639	0.0000
-0.0304	-0.1354	0.0000
0.1978	0.0664	0.0000
0.1404	-0.0374	-3.0000
-0.2663	-0.1003	-2.0000
0.1451	0.1084	0.0000
-0.1879	0.1604	0.0000
-0.0009	0.1458	0.0000
0.0852	0.2208	0.0000
-0.0709	0.2949	-2.0000
0.2314	-0.4360	0.0000
0.1587	0.1904	-2.0000
0.2086	0.2036	0.0000
-0.0385	0.2481	-2.0000
-0.0800	-0.3988	0.0000
-0.1190	-0.0311	-2.0000
-0.3193	0.2316	-2.0000
0.0891	0.0109	0.0000
0.0166	-0.2724	0.0000
0.2346	0.0516	-2.0000
0.1305	0.1473	0.0000
0.1094	-0.0302	-3.0000
0.4239	-0.1667	0.0000
0.2440	0.0448	0.0000
0.2760	0.1525	-2.0000
-0.0569	-0.0002	0.0000
-0.2174	0.3370	0.0000
0.1661	0.3227	0.0000
-0.2652	-0.1098	-2.0000
-0.2734	0.1853	0.0000
-0.0991	-0.0383	0.0000
0.1627	-0.4655	0.0000
-0.0388	0.0279	-2.0000
0.0064	0.0104	-3.0000
-0.1126	0.0420	0.0000
-0.1484	0.3377	-2.0000
-0.0719	-0.0512	-2.0000
0.1856	0.0408	-3.0000
-0.1324	0.2078	-2.0000
0.0264	-0.0423	-3.0000
-0.0585	0.0660	-2.0000
0.2240	-0.0283	0.0000
-0.2675	0.0441	0.0000
-0.1523	0.0547	-3.0000
0.3162	-0.0199	-2.0000
0.2091	0.1418	0.0000
0.1090	0.1168	0.0000
0.1038	-0.1475	0.0000
0.0237	0.0205	-3.0000
-0.0153	0.1025	-3.0000
-0.4806	-0.0272	0.0000
0.1909	0.2750	-3.0000
-0.3321	0.2402	0.0000
-0.0214	-0.2643	-3.0000
-0.0540	-0.2065	0.0000
0.0320	-0.2231	-2.0000
-0.0738	-0.0188	-3.0000
-0.0926	-0.1278	-2.0000
0.3730	-0.2804	0.0000
0.1233	0.3203	-3.0000
-0.1420	0.2483	0.0000
0.0637	0.0170	0.0000
0.2016	0.1877	-3.0000
0.2380	0.1077	-2.0000
0.0798	0.0531	0.0000
0.1104	-0.2714	0.0000
0.1057	0.2613	-2.0000
-0.3153	-0.3393	0.0000
0.2801	-0.1632	-2.0000
0.0418	-0.1926	-3.0000
0.1284	0.0049	0.0000
-0.0089	-0.1247	0.0000
0.1541	0.0173	-3.0000
-0.0522	0.1196	-2.0000
0.1637	-0.0140	0.0000
0.2433	0.3014	-2.0000
-0.1886	0.2719	0.0000
-0.0097	0.0002	0.0000
-0.1396	0.4746	0.0000
-0.2933	0.2545	0.0000
0.2936	0.2031	0.0000
0.0518	0.3119	0.0000
0.2202	0.0679	-3.0000
0.1559	0.1248	-3.0000
0.2149	0.3182	0.0000
-0.1129	0.2068	0.0000
-0.1041	-0.2128	0.0000
0.3253	-0.1409	-2.0000
-0.2951	-0.0413	0.0000
0.1832	-0.2015	-3.0000
-0.0881	0.1594	0.0000
-0.1979	0.3741	0.0000
0.0585	0.0058	-2.0000
-0.1146	-0.1297	0.0000
-0.2259	-0.0247	-2.0000
0.1831	0.1609	0.0000
-0.0414	-0.0735	-3.0000
0.2214	-0.1247	-3.0000
-0.0879	-0.2358	0.0000
0.0411	0.0309	0.0000
-0.4195	0.0431	0.0000
-0.1148	0.0342	0.0000
-0.0459	0.1686	0.0000
0.2600	0.1331	-2.0000
0.2215	0.3557	0.0000
-0.1292	0.1432	0.0000
0.3045	0.0790	0.0000
0.2604	0.1653	0.0000
0.1179	0.0376	0.0000
0.1385	-0.0292	0.0000
0.2979	-0.0272	0.0000
0.0694	0.2063	0.0000
-0.0367	-0.2411	0.0000
-0.1434	0.0260	-3.0000
0.1088	0.0136	0.0000
0.1639	-0.2426	-2.0000
-0.4243	0.2332	0.0000
-0.2785	-0.2149	0.0000
0.2292	-0.0165	0.0000
0.0900	-0.0578	0.0000
0.2227	0.0790	-3.0000
0.0920	-0.2009	0.0000
-0.4599	0.2794	0.0000
0.2509	-0.2200	-2.0000
0.2736	0.0321	0.0000
0.1981	-0.0353	-2.0000
0.2616	0.0538	0.0000
-0.2374	-0.1499	-2.0000
0.1900	0.1159	-3.0000
-0.0360	-0.2867	0.0000
-0.0075	0.3163	0.0000
-0.0678	-0.0249	-3.0000
0.1916	0.0485	-2.0000
0.3041	-0.1543	-2.0000
-0.0230	0.3274	-2.0000
0.1555	0.3135	0.0000
0.0079	0.1338	-3.0000
0.1291	0.1886	-3.0000
0.1887	-0.1504	-3.0000
0.1034	-0.0558	-2.0000
-0.0071	0.2527	-2.0000
0.2783	0.1259	-2.0000
-0.0542	0.0000	-3.0000
0.1805	0.0037	0.0000
0.1798	0.1659	-2.0000
0.3182	0.2197	-2.0000
0.0557	0.0266	-3.0000
0.2020	0.2096	0.0000
0.2078	-0.1020	-2.0000
-0.3012	-0.1293	0.0000
-0.2375	-0.2916	0.0000
0.0091	0.0102	-3.0000
0.2967	-0.0635	-3.0000
-0.1258	-0.3222	-2.0000
0.4239	-0.0759	0.0000
-0.0299	0.0617	-3.0000
0.1949	0.0382	0.0000
0.1943	0.1807	-2.0000
-0.0186	-0.1384	0.0000
0.1018	0.1514	-2.0000
0.2470	-0.3516	0.0000
0.3260	-0.0953	0.0000
0.0618	-0.3000	-2.0000
0.1914	-0.1041	-2.0000
0.2076	-0.0001	0.0000
0.0096	0.2122	0.0000
-0.0152	0.1690	0.0000
0.2293	0.1727	-2.0000
-0.2002	-0.0330	0.0000
0.0285	-0.0310	-3.0000
-0.2642	0.3160	0.0000
0.2150	0.0135	-2.0000
0.0021	-0.1148	-3.0000
0.1244	0.2669	-3.0000
-0.0794	0.2976	-2.0000
0.1605	0.0254	-3.0000
0.1246	-0.2539	-2.0000
-0.0379	-0.1152	0.0000
-0.2321	-0.3451	0.0000
-0.1093	0.0343	-2.0000
-0.1234	-0.0951	0.0000
-0.2550	-0.2833	0.0000
0.0634	-0.1587	-2.0000
-0.2394	0.1399	-2.0000
-0.2239	-0.1492	0.0000
0.2863	-0.0697	-3.0000
-0.1064	-0.1682	0.0000
0.0535	0.4087	-2.0000
-0.0556	0.0334	-3.0000
0.4035	0.0127	0.0000
0.1524	-0.1724	-2.0000
0.1069	0.0717	-3.0000
0.1177	-0.0391	0.0000
-0.0077	0.1168	-3.0000
0.0764	0.2054	0.0000
0.3213	-0.0902	0.0000
-0.2460	-0.0648	0.0000
-0.0029	-0.2305	0.0000
0.2929	0.1138	-2.0000
0.1447	0.2087	-2.0000
-0.0240	-0.2575	0.0000
-0.2022	-0.1749	-2.0000
0.1834	0.1659	-2.0000
0.1648	0.0994	0.0000
0.3143	-0.0026	0.0000
-0.0030	0.0518	-2.0000
-0.0174	0.0765	-3.0000
0.2497	0.0591	0.0000
-0.0832	-0.1618	-2.0000
0.0585	-0.0715	-2.0000
-0.4110	0.1959	0.0000
-0.1539	-0.2662	0.0000
0.0769	-0.0105	-3.0000
-0.0895	0.3973	-2.0000
-0.0417	0.3160	-2.0000
0.1290	0.1231	-2.0000
-0.0363	0.0898	-3.0000
-0.2159	-0.0542	-2.0000
-0.0130	-0.1006	-3.0000
-0.2483	0.1565	0.0000
0.1397	-0.2499	-2.0000
-0.2023	0.1629	-2.0000
-0.0502	-0.0291	-2.0000
0.2232	0.1604	-3.0000
-0.1688	0.3392	0.0000
-0.0365	0.3077	0.0000
0.1832	0.1239	-3.0000
0.1833	-0.1495	0.0000
0.2552	-0.2002	-2.0000
0.1061	0.0349	0.0000
-0.1582	-0.2536	-2.0000
-0.0425	-0.2345	-3.0000
0.1508	0.0160	-3.0000
0.1158	0.2622	-3.0000
0.2085	0.1085	0.0000
0.0354	-0.1195	-3.0000
0.2041	0.1260	0.0000
-0.1661	-0.2353	0.0000
0.2525	0.0829	0.0000
0.1377	0.2138	-3.0000
0.1172	0.0961	0.0000
-0.0447	-0.0860	0.0000
0.0715	0.3285	-3.0000
0.2641	0.0664	-2.0000
0.2613	0.0505	-3.0000
-0.1585	0.1865	0.0000
-0.1580	-0.0983	0.0000
-0.0554	-0.1779	-2.0000
-0.0496	0.0538	-3.0000
0.4181	-0.0665	0.0000
-0.0358	0.3828	0.0000
0.2829	0.0855	0.0000
-0.0482	0.3497	-2.0000
0.0753	0.0960	-3.0000
0.0496	-0.0282	0.0000
-0.0604	0.2153	0.0000
-0.4058	-0.0343	0.0000
-0.1486	-0.1273	-2.0000
0.0308	-0.0655	-2.0000
0.1415	-0.1531	-2.0000
-0.2125	-0.4119	0.0000
0.0553	-0.0153	-3.0000
-0.1198	-0.3957	0.0000
0.0776	-0.0809	0.0000
-0.2009	-0.1545	-2.0000
-0.1062	0.3522	0.0000
0.2315	0.2235	0.0000
-0.0272	-0.1812	0.0000
0.1320	-0.0141	0.0000
0.3438	-0.1847	-2.0000
-0.2597	-0.0895	0.0000
-0.1278	-0.1937	0.0000
0.0818	0.0754	-3.0000
0.2185	-0.1593	0.0000
-0.0053	0.3862	0.0000
-0.2179	0.1988	-2.0000
0.0213	0.2229	-2.0000
-0.0970	-0.0093	-3.0000
0.1683	0.0433	-3.0000
-0.1582	-0.1926	0.0000
0.1494	0.2590	0.0000
0.0682	-0.0299	-3.0000
-0.0784	0.2833	-2.0000
0.2122	-0.1475	0.0000
-0.0413	-0.0897	-2.0000
0.0600	0.2089	0.0000
0.1564	0.3053	-2.0000
0.1599	-0.0657	-2.0000
0.3775	0.0009	0.0000
0.0169	0.0071	-3.0000
0.0102	-0.2541	-2.0000
0.0616	0.2667	-2.0000
-0.0996	0.1715	0.0000
-0.0696	0.3200	-3.0000
0.0429	0.1382	0.0000
-0.0614	0.0776	-2.0000
0.1675	-0.0518	0.0000
0.2535	-0.0137	-3.0000
-0.2077	0.0231	-2.0000
-0.0966	-0.0472	-2.0000
-0.3189	0.0046	-3.0000
-0.0615	0.1542	-2.0000
0.2442	0.0090	-2.0000
0.0521	0.1725	0.0000
-0.2166	0.1101	-2.0000
-0.0461	0.2286	-2.0000
-0.4330	0.1236	0.0000
0.1306	-0.1112	0.0000
-0.0215	-0.4159	0.0000
0.1576	0.2089	0.0000
0.3880	-0.0564	0.0000
0.1228	-0.2234	-2.0000
-0.0499	-0.2339	0.0000
-0.1690	0.3054	0.0000
-0.1728	-0.0426	-3.0000
-0.1349	0.0100	-2.0000
0.2228	0.0598	0.0000
0.2524	0.2143	0.0000
0.2291	0.0874	0.0000
-0.0895	0.2734	0.0000
-0.0571	-0.1821	-3.0000
-0.0369	0.3511	-2.0000
-0.2166	-0.1962	0.0000
0.1138	0.1080	0.0000
-0.2493	-0.0428	0.0000
-0.0667	0.1143	0.0000
-0.2057	-0.0863	0.0000
-0.1571	0.0594	-2.0000
-0.1275	-0.3146	-2.0000
-0.0406	0.0550	0.0000
0.2964	0.2280	0.0000
-0.2214	0.1774	0.0000
0.1596	-0.1322	-2.0000
0.0901	-0.0442	0.0000
0.1379	0.0223	-3.0000
0.1561	-0.1673	0.0000
-0.2567	0.2514	-2.0000
0.1713	-0.1066	0.0000
0.1953	0.0442	-3.0000
0.0232	-0.1874	-2.0000
0.1218	0.0368	0.0000
0.1261	0.2104	-3.0000
0.1458	0.4082	0.0000
0.2063	-0.0214	-3.0000
-0.2148	-0.0715	-2.0000
0.1791	0.2802	-2.0000
0.1633	-0.1060	0.0000
0.1070	0.2425	-3.0000
0.4300	-0.1246	0.0000
-0.1553	-0.1484	0.0000
-0.1316	-0.1030	0.0000
0.1046	-0.1197	-3.0000
0.2879	0.1494	-2.0000
0.2105	0.2297	0.0000
-0.1535	0.2021	-2.0000
-0.2574	-0.1105	0.0000
-0.1078	-0.2143	-2.0000
0.0879	-0.0760	-2.0000
-0.1122	0.1575	-2.0000
0.1755	-0.1937	0.0000
0.0623	0.0581	-2.0000
-0.3160	0.2705	0.0000
-0.0300	-0.0300	-2.0000
0.0806	0.1479	0.0000
-0.0177	0.1521	-3.0000
0.2647	-0.0560	0.0000
0.1948	0.0951	0.0000
0.1816	0.1993	-2.0000
0.0302	0.1376	-3.0000
0.0729	0.4260	0.0000
-0.1053	0.2832	-2.0000
-0.1016	0.1521	0.0000
0.3331	0.1323	0.0000
0.3532	-0.1419	-2.0000
0.1399	-0.0775	-2.0000
-0.0597	0.0231	-3.0000
0.2095	0.4481	0.0000
0.1184	0.1983	0.0000
-0.0579	0.3191	-3.0000
0.0658	0.0189	0.0000
0.2952	0.1846	0.0000
0.0513	0.0343	-2.0000
-0.0253	0.1545	-2.0000
-0.0071	0.1593	-2.0000
0.1783	0.2634	-3.0000
-0.0718	0.2075	-2.0000
0.1356	0.1104	-3.0000
-0.1475	-0.4251	0.0000
0.1424	0.0550	-2.0000
0.1616	-0.2263	-2.0000
-0.0195	0.2215	0.0000
0.0588	-0.0041	0.0000
-0.0768	0.3392	0.0000
-0.0000	0.0327	-2.0000
0.0514	0.2230	-2.0000
-0.3048	0.0313	-2.0000
-0.0101	0.3766	-2.0000
0.1344	0.1058	0.0000
-0.0977	0.0703	0.0000
0.3291	-0.0444	0.0000
0.1829	-0.1043	0.0000
-0.0901	-0.0505	0.0000
0.2916	-0.0551	-3.0000
0.1463	0.2854	0.0000
0.0083	0.2647	0.0000
0.0762	0.2993	-2.0000
0.1245	0.3025	-2.0000
0.0493	-0.2451	-3.0000
0.1071	0.0863	-3.0000
-0.2457	-0.2935	0.0000
0.2701	-0.0871	0.0000
0.2072	0.2287	-2.0000
-0.1524	0.4194	0.0000
-0.0688	-0.1761	-2.0000
0.1226	0.1043	-2.0000
0.2588	0.1681	0.0000
-0.1664	0.1967	-2.0000
-0.1382	0.3594	0.0000
0.3489	0.0496	0.0000
0.3775	-0.0891	-2.0000
0.1209	-0.3560	0.0000
0.0812	0.0590	0.0000
0.1875	0.0302	-3.0000
0.0261	-0.2863	-2.0000
0.2107	0.1013	-3.0000
0.0073	-0.0316	-2.0000
0.0191	-0.1919	0.0000
0.0565	0.1947	0.0000
-0.1380	0.3657	-2.0000
0.0653	-0.2945	0.0000
-0.2506	0.1687	-2.0000
0.2553	-0.0737	0.0000
0.1433	0.0195	0.0000
0.2177	0.0312	0.0000
0.3078	0.3629	0.0000
0.0546	-0.2295	-2.0000
0.1745	-0.1510	0.0000
-0.1179	0.3496	-2.0000
0.1656	0.1441	-2.0000
0.0381	-0.1713	0.0000
0.1185	0.0702	-2.0000
0.1396	0.1754	-3.0000
0.0459	0.1577	0.0000
0.0205	0.0910	0.0000
0.3103	0.1447	-3.0000
-0.3751	0.1994	-2.0000
0.2582	0.0962	-2.0000
0.1182	0.1392	-2.0000
-0.0360	-0.2050	-3.0000
0.1456	-0.0432	-2.0000
0.0957	0.0963	-3.0000
0.1738	0.0811	-2.0000
0.2489	-0.1065	0.0000
0.1257	0.2004	0.0000
0.4376	-0.1865	0.0000
-0.2443	0.1624	0.0000
0.2220	0.1770	-3.0000
0.0460	-0.2003	-3.0000
-0.1893	-0.1979	0.0000
0.1671	-0.2934	0.0000
-0.2289	0.0656	0.0000
0.0630	0.0841	-2.0000
0.0717	0.3112	-2.0000
0.1209	0.0090	0.0000
0.2747	0.1967	0.0000
0.0576	0.0373	-3.0000
-0.1322	0.3118	-2.0000
0.1735	-0.1351	0.0000
0.2317	-0.2871	-2.0000
-0.1231	0.4525	0.0000
0.0353	0.2701	0.0000
0.1777	0.2269	0.0000
-0.3849	0.0362	0.0000
0.2559	-0.2436	0.0000
-0.1028	0.1975	0.0000
-0.0859	0.1050	-3.0000
0.0211	0.0692	0.0000
0.1280	-0.0305	-3.0000
-0.4505	-0.1369	0.0000
-0.0097	0.2250	-2.0000
-0.2150	-0.0922	-2.0000
0.3012	-0.1345	-2.0000
0.0905	0.2927	0.0000
-0.0700	0.2152	0.0000
-0.0305	0.1946	0.0000
0.0252	-0.0152	-2.0000
0.3484	0.1235	-2.0000
0.0176	-0.0306	-3.0000
-0.1528	-0.1202	0.0000
-0.1357	0.1464	-3.0000
0.2109	-0.2160	-3.0000
0.1067	-0.3635	-2.0000
-0.1412	-0.1163	-2.0000
0.1731	-0.1361	-2.0000
0.1640	-0.0501	-2.0000
-0.0170	-0.0022	-3.0000
0.0949	0.0193	-3.0000
-0.2348	-0.0175	-2.0000
0.1238	0.2438	0.0000
-0.0057	-0.0799	0.0000
-0.3136	0.1014	0.0000
-0.0062	-0.0902	-2.0000
0.1625	-0.1690	0.0000
0.1449	-0.1264	0.0000
0.1894	0.1216	-2.0000
-0.1012	-0.1453	-3.0000
0.1790	0.0994	-3.0000
0.0474	0.2570	0.0000
-0.2074	0.2195	0.0000
-0.1759	0.3354	0.0000
0.2759	0.3678	0.0000
0.2509	-0.0107	0.0000
0.0829	-0.0383	-2.0000
0.0761	0.2165	-3.0000
0.0533	0.2586	-3.0000
0.1765	-0.2112	-3.0000
-0.1860	-0.0320	-2.0000
0.0793	-0.1302	0.0000
0.3218	-0.1739	0.0000
-0.1558	0.0345	0.0000
-0.1140	0.4135	-2.0000
0.0728	0.2017	-2.0000
0.2392	0.0932	-2.0000
0.0085	0.3313	0.0000
0.1469	0.1116	-3.0000
0.1133	-0.0997	-3.0000
0.0995	0.1284	0.0000
-0.2510	0.1503	0.0000
0.1432	-0.0600	-3.0000
0.3799	0.0651	0.0000
0.0852	0.0885	0.0000
0.3610	0.0859	0.0000
-0.1721	0.0618	-3.0000
-0.1781	0.0280	0.0000
-0.0563	0.2781	-3.0000
0.0761	-0.0605	-3.0000
-0.1287	0.3740	0.0000
0.1393	0.3344	-2.0000
0.0320	-0.0130	-2.0000
-0.3243	0.2495	0.0000
-0.1989	0.0307	0.0000
0.4426	-0.1436	0.0000
-0.2857	-0.0274	0.0000
-0.1841	0.1300	-2.0000
-0.1130	-0.0354	-2.0000
0.0741	0.1974	-3.0000
-0.2141	0.1261	-3.0000
0.3922	-0.0109	0.0000
0.0918	-0.0152	0.0000
-0.0494	-0.1263	0.0000
0.0649	0.0307	-3.0000
-0.1115	0.2138	0.0000
0.2694	-0.2707	-2.0000
0.0918	0.1866	-2.0000
-0.0305	0.0901	-2.0000
0.2082	-0.1397	-2.0000
0.0969	0.1803	-3.0000
0.1092	0.1231	0.0000
0.0783	-0.2185	-2.0000
0.1227	0.1993	-3.0000
-0.2424	-0.1464	0.0000
0.1136	0.0094	0.0000
0.1384	0.0161	0.0000
-0.1752	0.1528	0.0000
0.0492	-0.2625	0.0000
-0.1225	0.3009	-2.0000
-0.0091	-0.0173	-3.0000
0.3120	0.1837	0.0000
0.0042	0.0121	0.0000
0.1198	-0.0561	0.0000
-0.0078	-0.0997	-2.0000
-0.0930	-0.0915	-2.0000
0.1138	0.1946	-3.0000
0.0473	0.2242	0.0000
0.2394	0.2215	0.0000
-0.1930	0.2476	0.0000
0.2477	0.0064	-3.0000
0.0404	0.3628	0.0000
0.0651	0.0417	-2.0000
-0.3014	0.0691	0.0000
0.1955	0.1054	0.0000
-0.0071	-0.3972	0.0000
0.0847	-0.0866	0.0000
0.2652	-0.1151	-2.0000
-0.1056	-0.0822	-2.0000
-0.2510	0.1238	0.0000
-0.1389	-0.1747	-2.0000
0.2039	-0.1580	0.0000
-0.2380	-0.0740	0.0000
0.1194	0.1531	-3.0000
-0.2333	-0.1402	-2.0000
-0.1691	0.3192	0.0000
0.2075	0.1350	0.0000
0.0628	0.3089	0.0000
0.0879	0.0463	0.0000
0.2302	0.1482	-2.0000
-0.2478	0.0804	0.0000
0.1540	-0.2591	-2.0000
-0.3644	0.2203	0.0000
-0.1701	-0.0636	-2.0000
0.3196	0.0378	-2.0000
-0.0691	0.0884	-2.0000
-0.1328	-0.1859	0.0000
-0.2158	0.0694	-2.0000
0.1734	0.2186	-3.0000
-0.1523	-0.1071	0.0000
-0.2263	0.0501	0.0000
-0.0765	0.1712	-3.0000
0.1479	-0.1038	0.0000
-0.0825	-0.1697	0.0000
0.0560	-0.3343	0.0000
0.0144	0.3188	-2.0000
-0.1033	0.2241	-2.0000
0.1269	0.0802	-2.0000
0.2023	-0.3280	-2.0000
0.0968	0.1639	0.0000
0.3199	-0.2515	0.0000
0.2927	0.1534	0.0000
0.2219	0.0528	-2.0000
-0.0497	-0.2833	-2.0000
0.2693	0.3173	0.0000
0.3026	0.1389	0.0000
-0.3289	-0.1832	0.0000
-0.0669	-0.1434	-3.0000
0.2422	-0.2806	-2.0000
0.1274	0.2264	-2.0000
0.1090	-0.0462	0.0000
-0.0540	0.0071	-2.0000
0.1554	-0.1335	-2.0000
0.1445	0.1756	-3.0000
0.3907	0.0604	0.0000
-0.0387	-0.0113	-2.0000
0.1285	0.0581	-2.0000
0.0285	-0.0012	-3.0000
0.2851	0.0716	-2.0000
0.1214	0.3936	-2.0000
0.0579	0.1254	0.0000
-0.0229	0.1513	-2.0000
0.1341	0.1466	-2.0000
0.1249	-0.1808	0.0000
0.2479	0.1785	0.0000
0.0771	0.0487	-2.0000
0.1405	-0.2602	0.0000
0.1636	0.1962	-3.0000
-0.0810	-0.0853	0.0000
0.2142	0.0799	0.0000
0.0976	-0.0059	0.0000
0.2538	0.2466	0.0000
0.1665	0.1434	-3.0000
0.0367	0.0781	0.0000
0.4295	-0.1768	0.0000
0.3129	-0.1648	0.0000
-0.0074	-0.0762	-2.0000
-0.0393	-0.2508	-2.0000
-0.1948	-0.1032	-3.0000
0.3665	-0.0919	0.0000
0.1689	0.1896	-3.0000
0.1815	0.2092	0.0000
-0.2320	0.3566	0.0000
0.1384	-0.1101	-3.0000
0.1035	0.0794	0.0000
0.0280	0.1233	-3.0000
0.1067	0.4291	0.0000
0.1886	0.1291	-3.0000
-0.0360	0.0423	-3.0000
0.3857	-0.0911	0.0000
0.1682	0.2096	-2.0000
0.0514	0.2724	-2.0000
0.1429	0.0877	-3.0000
0.2671	-0.3466	0.0000
0.0011	-0.2332	0.0000
0.0081	-0.0761	-3.0000
0.0383	-0.2365	-3.0000
0.1204	0.3003	0.0000
-0.0928	0.2207	-2.0000
0.0057	0.1534	-2.0000
0.2682	0.0110	-2.0000
0.2084	0.1249	-3.0000
-0.1573	0.3113	0.0000
0.0874	-0.0853	0.0000
0.0001	-0.1368	0.0000
0.2322	0.0249	0.0000
-0.0981	0.0135	-2.0000
0.0695	-0.1417	0.0000
0.3905	-0.1104	0.0000
-0.1209	0.3050	0.0000
0.3145	-0.0229	-2.0000
0.1741	-0.0221	-3.0000
0.1365	0.0975	-2.0000
0.0658	-0.0241	-2.0000
0.2345	0.0413	0.0000
0.0127	0.1480	0.0000
-0.0267	-0.1542	0.0000
-0.1825	0.0468	-2.0000
0.1404	-0.2429	0.0000
0.0469	0.2065	0.0000
-0.0838	-0.0606	-3.0000
-0.0858	-0.1518	0.0000
0.2763	0.0435	0.0000
0.0277	0.3575	-2.0000
-0.1768	0.1616	-2.0000
0.2286	-0.0238	-2.0000
-0.0066	0.2733	-2.0000
-0.1803	0.1228	0.0000
0.0667	0.1758	-3.0000
0.0897	0.1604	-3.0000
0.1648	0.3522	0.0000
-0.1607	-0.3278	-2.0000
0.1302	0.1667	-3.0000
0.0653	-0.0088	0.0000
0.2555	0.0834	-2.0000
-0.2086	-0.0860	-2.0000
0.1035	-0.1807	0.0000
0.3385	-0.1338	0.0000
0.1493	-0.1896	-2.0000
-0.1128	0.0171	-2.0000
0.0488	0.1351	-2.0000
0.2401	-0.1251	-2.0000
-0.1795	0.1599	0.0000
0.1299	0.1193	-2.0000
0.3953	-0.0312	0.0000
-0.3641	0.0162	0.0000
-0.0209	0.1069	-3.0000
0.2454	-0.1776	-2.0000
0.0625	-0.3012	-2.0000
0.0969	0.1289	-3.0000
-0.0537	0.2421	-2.0000
0.2942	0.3793	0.0000
-0.0228	0.2310	-2.0000
0.1670	0.0991	0.0000
-0.3439	0.2306	-2.0000
0.0184	0.1051	-3.0000
-0.1780	0.0129	-3.0000
0.2351	0.1928	-3.0000
0.3956	-0.0752	0.0000
-0.1624	0.1898	0.0000
0.1830	0.2878	0.0000
-0.1341	-0.2775	0.0000
0.0557	-0.1244	0.0000
0.0134	0.0349	-2.0000
0.0251	0.1509	-2.0000
0.0817	0.0502	-2.0000
0.3521	-0.2213	0.0000
-0.2751	-0.0719	0.0000
-0.2258	-0.2278	-2.0000
0.0330	0.2057	-3.0000
0.2239	-0.0586	-2.0000
-0.2820	0.2444	0.0000
-0.0982	0.0346	0.0000
0.2851	0.0688	0.0000
-0.0846	-0.0695	-2.0000
0.0722	0.0558	0.0000
0.2372	0.1523	-3.0000
-0.1025	0.4458	0.0000
0.3525	0.2341	0.0000
-0.1576	-0.2923	0.0000
-0.0057	0.0366	-3.0000
0.0929	-0.1877	-2.0000
0.1938	-0.0794	0.0000
0.3337	-0.0796	0.0000
0.3258	0.0360	-2.0000
0.0760	0.2931	0.0000
-0.1900	0.2635	0.0000
-0.0935	-0.2189	-2.0000
0.0005	0.0187	0.0000
0.1495	-0.0458	-3.0000
0.3213	-0.1423	0.0000
-0.2092	-0.3111	0.0000
-0.0018	0.2043	-3.0000
-0.2573	-0.0104	0.0000
0.0806	-0.0225	0.0000
0.2453	-0.0608	-2.0000
0.2565	-0.0599	0.0000
0.1249	-0.0859	0.0000
0.0491	0.0232	0.0000
0.0922	0.1143	-3.0000
-0.1005	-0.1985	0.0000
-0.1899	-0.2398	0.0000
-0.2726	0.2248	-2.0000
-0.1094	-0.0762	0.0000
-0.1549	0.0803	-3.0000
0.3146	0.0974	-2.0000
-0.1051	0.0867	0.0000
0.1341	0.1606	-3.0000
0.1937	0.2793	0.0000
0.3156	0.2924	0.0000
-0.2171	-0.1071	-3.0000
-0.1102	0.1632	0.0000
-0.0997	-0.0200	-2.0000
0.0624	0.2282	-3.0000
0.1577	-0.1966	0.0000
-0.1775	-0.1467	-2.0000
-0.0068	-0.4362	0.0000
-0.0952	0.3461	-2.0000
0.1182	0.1317	0.0000
-0.1856	0.0497	0.0000
-0.1866	0.3400	-2.0000
0.2414	-0.0440	-3.0000
-0.3531	0.1568	0.0000
0.1304	0.3237	0.0000
0.3374	0.1292	0.0000
0.0751	0.0050	0.0000
-0.0844	-0.0438	-2.0000
-0.1356	0.1826	-2.0000
0.2763	0.2473	0.0000
-0.0287	-0.3335	0.0000
-0.0059	0.1513	-2.0000
-0.0109	0.1146	-2.0000
0.1745	-0.3077	0.0000
-0.2947	-0.0128	0.0000
-0.0240	0.2065	-2.0000
0.1993	0.0947	-3.0000
-0.2147	0.0067	-2.0000
-0.0289	0.2802	0.0000
0.0166	0.2643	-3.0000
0.2245	0.0829	-2.0000
-0.0104	0.2001	-2.0000
0.3120	-0.0159	0.0000
-0.1564	0.1781	-3.0000
-0.0065	-0.1104	0.0000
-0.0166	0.2422	-2.0000
0.3181	0.0460	-3.0000
0.2816	0.1468	-2.0000
0.3022	0.0562	-2.0000
-0.1223	0.2719	0.0000
0.0059	0.2904	0.0000
0.0345	0.0927	-3.0000
-0.0105	-0.0942	0.0000
-0.1150	-0.1257	0.0000
-0.0132	0.1016	-3.0000
0.3038	0.1841	0.0000
0.2667	0.0578	0.0000
0.1880	-0.2459	-2.0000
0.0175	0.0501	-3.0000
-0.0254	0.0581	-3.0000
0.2951	-0.1571	-2.0000
0.1001	-0.0622	-2.0000
0.3479	0.1016	0.0000
0.0381	-0.1167	0.0000
0.0058	-0.0447	0.0000
0.3724	0.0542	-2.0000
0.1699	0.1536	-3.0000
0.3710	0.0004	0.0000
0.0118	-0.1172	-2.0000
0.1368	-0.1260	0.0000
0.0760	0.0528	-3.0000
-0.4445	-0.1778	0.0000
0.0776	0.2386	-2.0000
-0.0443	0.2851	-2.0000
0.2988	0.1310	0.0000
0.3057	0.2973	0.0000
0.1380	0.1448	0.0000
-0.0747	0.0327	0.0000
0.2909	0.1932	0.0000
0.1536	-0.2730	0.0000
0.0551	-0.0270	0.0000
-0.0645	-0.1356	-3.0000
0.3829	-0.1329	0.0000
-0.2134	-0.1578	0.0000
-0.0539	0.1021	-2.0000
0.2776	0.0521	-3.0000
0.0478	0.1022	-3.0000
-0.0666	0.1414	-2.0000
0.1681	-0.0605	-3.0000
0.1687	0.4673	0.0000
0.2127	0.0437	-2.0000
0.2469	0.1176	-3.0000
0.3573	0.1592	0.0000
-0.2077	0.1963	0.0000
0.2052	-0.0340	-3.0000
0.1231	-0.2357	-2.0000
-0.0198	-0.0115	0.0000
0.1950	0.0069	-3.0000
-0.0276	0.1536	-2.0000
-0.0282	0.1572	0.0000
0.2240	0.2076	0.0000
-0.0979	0.1259	0.0000
0.0812	0.2370	-2.0000
0.3117	-0.0675	0.0000
-0.1903	0.1481	0.0000
-0.0057	0.0841	0.0000
0.1940	-0.2799	0.0000
-0.0550	0.0726	-2.0000
-0.0251	0.2343	0.0000
0.0596	-0.1760	-2.0000
0.2416	0.0357	-2.0000
0.1349	0.0792	0.0000
0.1977	-0.1145	-2.0000
0.1286	-0.1184	-2.0000
0.2354	0.1420	0.0000
0.1439	-0.0796	0.0000
0.1212	-0.0419	-3.0000
0.1940	-0.1070	0.0000
0.2155	0.0969	-3.0000
-0.1501	-0.1055	0.0000
-0.1296	0.1880	-3.0000
-0.1898	0.3099	0.0000
0.0151	0.1887	0.0000
-0.1053	0.3643	0.0000
0.2074	-0.0551	0.0000
0.0516	-0.0149	-2.0000
-0.0835	0.1224	0.0000
0.0056	0.4079	-2.0000
0.2687	0.0355	0.0000
-0.1272	0.2035	0.0000
-0.1633	-0.0158	-3.0000
0.0625	0.0372	-2.0000
0.1075	-0.1756	-2.0000
0.1805	-0.0125	-3.0000
-0.4049	-0.0423	-2.0000
0.2457	-0.1755	0.0000
0.1501	-0.1007	-2.0000
0.1961	0.2189	-3.0000
0.0865	0.3331	-2.0000
-0.0798	-0.0406	-2.0000
0.1792	0.1793	-2.0000
0.0199	-0.1341	0.0000
-0.0570	0.1081	0.0000
0.4282	-0.0917	0.0000
-0.1435	0.1843	-2.0000
0.1050	0.0453	-3.0000
-0.0531	0.0688	-3.0000
0.1809	0.0711	-2.0000
0.3287	-0.3283	0.0000
-0.1230	0.3263	-2.0000
-0.1426	0.2805	-2.0000
0.1076	-0.0698	0.0000
0.0630	-0.1586	0.0000
0.1042	0.1192	0.0000
-0.0218	0.0125	0.0000
-0.4242	0.0594	0.0000
-0.0527	0.2970	0.0000
0.1873	-0.1087	-2.0000
0.0436	0.1685	-2.0000
0.0797	0.1063	-3.0000
-0.1352	0.3253	0.0000
-0.1874	0.1996	-3.0000
-0.0433	0.1882	0.0000
0.0669	-0.1135	-3.0000
0.0470	-0.0272	-3.0000
0.1164	0.0104	0.0000
-0.2214	0.0464	0.0000
-0.0787	-0.3533	0.0000
0.2446	-0.1231	0.0000
0.1051	0.3090	0.0000
0.0158	-0.1151	-3.0000
-0.0580	-0.0849	0.0000
0.0527	0.1024	0.0000
0.1560	0.0483	0.0000
0.1797	0.0295	-2.0000
0.1049	0.0415	-3.0000
0.4564	-0.0957	0.0000
0.2016	0.3026	0.0000
0.1687	0.0376	-3.0000
0.0004	-0.0584	-2.0000
0.2970	0.0927	0.0000
0.1493	0.1777	-2.0000
0.1815	0.0497	-3.0000
0.5114	-0.0018	0.0000
0.1893	0.0526	-3.0000
-0.1054	-0.1085	0.0000
-0.1870	0.3478	0.0000
0.0427	-0.1788	0.0000
0.2157	0.1349	-2.0000
-0.0031	0.3492	0.0000
0.1352	0.2563	-2.0000
-0.2141	-0.0501	0.0000
0.1561	-0.1648	0.0000
0.1180	0.2499	-3.0000
0.0419	0.3610	0.0000
0.3048	-0.0200	0.0000
0.2277	0.0706	0.0000
0.0610	-0.0447	-3.0000
-0.0845	0.0833	-3.0000
-0.0748	0.0810	0.0000
0.0079	0.2238	-2.0000
0.0766	-0.1425	-3.0000
0.1714	0.0296	-3.0000
0.1009	0.0841	0.0000
0.0040	0.0139	-3.0000
0.1403	-0.0840	-3.0000
-0.2879	-0.0272	0.0000
-0.1288	0.2018	0.0000
-0.2776	-0.0937	-2.0000
0.3212	0.0356	0.0000
0.2093	0.0530	0.0000
0.0735	0.1231	-2.0000
0.0074	0.1453	0.0000
0.1415	-0.1733	0.0000
-0.0793	-0.0171	0.0000
-0.0021	0.0815	-3.0000
-0.2749	-0.0970	0.0000
0.1372	-0.0578	0.0000
0.1952	-0.1840	0.0000
-0.0512	-0.0447	-3.0000
0.0728	-0.3243	-2.0000
0.2051	-0.0212	0.0000
0.1640	0.2711	0.0000
0.1770	0.0783	-3.0000
0.1295	-0.1301	-2.0000
-0.1859	0.0146	-3.0000
-0.0684	-0.1133	0.0000
0.1173	0.2030	0.0000
0.1509	0.2582	-2.0000
0.1481	-0.1080	-3.0000
0.1712	-0.2506	0.0000
0.1544	0.0036	-2.0000
0.0376	0.2302	0.0000
-0.0163	-0.2873	0.0000
0.0850	-0.1206	-3.0000
0.2960	-0.1064	0.0000
0.3374	-0.0824	0.0000
-0.0360	0.0522	0.0000
0.0407	-0.0863	-3.0000
-0.1413	-0.1837	0.0000
0.1711	0.1940	-3.0000
0.0357	0.2808	-2.0000
0.1818	0.3727	0.0000
0.0662	0.0356	0.0000
0.0548	0.2033	-3.0000
0.0988	0.1846	-2.0000
-0.3465	0.0876	0.0000
-0.2321	-0.1632	0.0000
-0.0113	0.0659	-2.0000
0.2671	0.2359	0.0000
-0.0904	-0.1234	0.0000
0.1711	-0.0508	-2.0000
-0.0178	0.0409	0.0000
0.2274	0.0201	0.0000
-0.0388	0.3895	0.0000
0.3229	-0.2686	-2.0000
0.1945	0.0959	-2.0000
-0.0687	-0.2531	0.0000
0.0371	-0.1417	0.0000
0.3804	0.0171	0.0000
-0.2854	-0.0986	0.0000
0.1023	0.3114	0.0000
0.0088	0.0198	-3.0000
0.1112	-0.0962	-2.0000
0.0630	0.1762	0.0000
0.0995	0.0984	-2.0000
-0.0913	0.3213	-2.0000
0.1882	-0.0502	0.0000
-0.2893	-0.0067	0.0000
-0.0622	0.1531	0.0000
0.4052	0.0219	0.0000
0.2221	0.0297	0.0000
-0.1046	-0.2210	0.0000
0.2749	-0.1586	0.0000
0.1218	-0.0522	-2.0000
-0.0828	-0.1100	-2.0000
0.2366	-0.1865	0.0000
-0.0963	-0.1129	0.0000
0.1484	-0.0663	-2.0000
0.2253	-0.0597	-2.0000
-0.3339	-0.1410	0.0000
0.1674	0.0438	-3.0000
0.0609	0.1073	0.0000
-0.0064	-0.1772	0.0000
0.0212	0.0335	0.0000
-0.2652	-0.1401	0.0000
0.0309	-0.1847	0.0000
0.2132	-0.2494	0.0000
0.0383	-0.0233	-2.0000
0.1078	0.3590	0.0000
-0.3677	-0.0572	0.0000
0.2723	0.0482	0.0000
0.2459	-0.0222	0.0000
-0.1725	-0.0524	0.0000
0.1254	0.3247	0.0000
0.1668	-0.1261	-3.0000
0.2004	0.2796	-2.0000
-0.0435	-0.0354	0.0000
0.1558	0.1831	0.0000
0.0381	-0.1249	-3.0000
-0.2922	0.1332	0.0000
0.1448	0.1079	-2.0000
-0.1914	-0.1674	-2.0000
0.1061	0.1598	0.0000
0.0944	0.0513	-2.0000
-0.3047	0.0739	0.0000
-0.0368	-0.2756	-3.0000
-0.2912	-0.0674	0.0000
0.0058	0.3648	0.0000
0.2364	0.1301	0.0000
0.2343	-0.0879	-3.0000
0.2759	0.1324	-3.0000
0.2190	-0.4372	0.0000
0.0727	0.2799	0.0000
0.1369	-0.0909	0.0000
0.1442	0.0808	-2.0000
-0.2141	0.2484	0.0000
-0.0884	-0.0277	-2.0000
0.3669	-0.0545	-2.0000
0.2848	0.1680	-3.0000
0.1120	0.0842	0.0000
0.1803	0.2943	-2.0000
-0.3913	-0.1263	0.0000
0.0690	0.2234	-2.0000
0.2834	0.0749	0.0000
0.0110	0.3210	0.0000
-0.1173	0.0849	0.0000
-0.1413	-0.2691	-2.0000
0.1100	-0.0962	0.0000
0.0837	-0.1791	-3.0000
0.1083	0.3118	0.0000
0.1392	0.0455	-3.0000
0.1643	-0.2594	-2.0000
0.3715	-0.0435	0.0000
0.0988	-0.0576	0.0000
-0.0374	0.3476	-2.0000
0.3224	-0.0784	-3.0000
0.0017	0.1076	0.0000
0.0020	0.0840	-3.0000
-0.1285	-0.1227	0.0000
0.0636	0.1500	-3.0000
0.1938	-0.3289	0.0000
-0.0226	0.0633	-3.0000
0.3363	-0.1258	0.0000
0.0804	0.2284	-3.0000
-0.0167	-0.3543	-3.0000
0.2011	-0.0751	-3.0000
0.1725	0.0099	-3.0000
0.3729	0.0013	-3.0000
-0.0457	0.1911	-3.0000
0.1007	0.1460	0.0000
0.0603	0.1509	-3.0000
-0.4527	0.0262	0.0000
0.1346	0.3578	0.0000
-0.0747	-0.4750	0.0000
0.0298	0.1051	-3.0000
0.2003	-0.0132	0.0000
0.3244	0.1521	0.0000
0.0168	-0.2054	0.0000
0.1841	0.1000	0.0000
0.1983	-0.1119	-3.0000
-0.0300	-0.0811	-3.0000
-0.1480	0.0704	-3.0000
-0.0618	-0.1039	0.0000
-0.1429	0.3808	0.0000
0.1818	0.1223	-3.0000
-0.0248	-0.0706	-3.0000
-0.1479	-0.2433	-3.0000
0.1242	-0.0668	0.0000
-0.0369	0.2026	0.0000
-0.0546	0.1011	0.0000
0.1495	0.0942	-3.0000
0.0260	0.0437	-3.0000
0.0941	0.2225	0.0000
0.3174	-0.2803	0.0000
0.1766	0.0997	-3.0000
-0.1695	0.0211	0.0000
0.2014	-0.3087	0.0000
0.0076	-0.0677	0.0000
0.0757	-0.2537	-3.0000
0.1510	0.0020	-3.0000
0.3456	0.0293	0.0000
-0.2919	0.0654	-3.0000
0.0210	0.2462	-3.0000
-0.2162	-0.0049	-3.0000
0.3841	-0.0605	-3.0000
0.1690	-0.0114	0.0000
-0.3998	0.1767	0.0000
0.1044	0.0521	-3.0000
-0.1922	-0.4320	0.0000
0.2340	0.1427	-3.0000
-0.1973	0.1870	0.0000
0.2534	0.2560	0.0000
0.0952	0.1335	-3.0000
-0.2604	-0.0488	0.0000
0.0641	0.2989	0.0000
-0.1176	0.4129	0.0000
0.1165	0.3309	-3.0000
0.2076	0.0112	0.0000
0.1222	0.0822	-3.0000
-0.1672	0.0499	0.0000
0.0759	-0.0778	-3.0000
0.3376	0.0665	0.0000
0.2958	-0.2010	0.0000
0.1459	-0.0970	-3.0000
0.1081	-0.1935	0.0000
-0.1615	-0.2486	0.0000
0.0982	0.1528	-3.0000
0.2414	0.0519	-3.0000
0.1318	0.2752	0.0000
-0.0517	-0.0358	-3.0000
0.2910	-0.3129	0.0000
0.1691	-0.1064	0.0000
-0.0738	-0.0601	-3.0000
-0.1156	-0.0329	-3.0000
0.2582	0.1577	0.0000
0.0800	0.0051	0.0000
0.0226	0.1516	-3.0000
0.0956	-0.0665	0.0000
0.1542	-0.0068	0.0000
-0.0474	0.0221	-3.0000
0.1120	0.0563	0.0000
-0.2541	-0.0604	0.0000
0.3355	0.0228	0.0000
-0.1300	0.1229	0.0000
0.0846	0.0674	-3.0000
-0.3483	-0.0273	0.0000
0.3738	0.0716	0.0000
-0.0703	0.0457	0.0000
-0.5207	-0.0323	0.0000
-0.2987	-0.2567	0.0000
0.0433	0.1808	0.0000
-0.2016	0.1663	-3.0000
0.3283	0.0214	-3.0000
0.0746	0.0583	-3.0000
0.0873	0.1036	-3.0000
-0.0110	-0.0133	0.0000
-0.1396	-0.0802	0.0000
-0.0180	0.4954	0.0000
-0.0065	-0.1309	0.0000
0.3221	-0.0637	-3.0000
-0.1273	0.0340	0.0000
-0.0618	0.2806	-3.0000
-0.1701	0.1321	0.0000
-0.1478	0.0205	-3.0000
-0.2863	0.3173	0.0000
0.3831	-0.0517	0.0000
0.3329	0.1137	0.0000
-0.1190	-0.1874	-3.0000
0.0771	0.2522	-3.0000
0.0105	-0.0632	0.0000
0.0957	0.0559	0.0000
-0.1903	-0.0407	0.0000
0.1988	0.1424	-3.0000
0.0442	0.1441	-3.0000
-0.0678	-0.2274	0.0000
-0.0115	0.1002	0.0000
-0.0223	-0.0371	-3.0000
-0.3040	-0.1322	-3.0000
-0.0911	-0.2592	-3.0000
0.0303	-0.0999	-3.0000
-0.1987	0.1491	-3.0000
-0.2180	-0.0552	0.0000
0.0358	-0.0227	-3.0000
-0.2517	-0.0963	0.0000
-0.2591	-0.0387	-3.0000
0.0982	0.1833	0.0000
-0.0419	0.2137	-3.0000
0.2129	0.1869	0.0000
0.2006	-0.1157	0.0000
0.3644	0.0210	0.0000
-0.0215	-0.1802	-3.0000
-0.0827	-0.0488	-3.0000
0.1329	0.0812	-3.0000
-0.0963	0.3473	0.0000
0.3504	-0.2042	-3.0000
-0.0410	0.0655	-3.0000
0.2324	-0.2355	-3.0000
0.2153	-0.3923	-3.0000
-0.3325	-0.0875	0.0000
0.1432	0.2166	-3.0000
0.1397	0.0092	0.0000
-0.0522	0.1344	0.0000
-0.0441	-0.0500	-3.0000
0.2005	0.1418	-3.0000
0.2690	-0.0731	-3.0000
0.0387	0.0707	0.0000
-0.1823	0.3459	0.0000
0.1588	0.0864	0.0000
0.2590	-0.1703	0.0000
-0.1151	-0.3896	-3.0000
-0.0323	0.2681	0.0000
-0.4036	-0.1407	0.0000
0.1122	-0.1031	-3.0000
-0.1053	0.2254	0.0000
-0.1244	-0.2601	0.0000
0.1946	0.1396	0.0000
-0.1466	0.0422	-3.0000
0.1733	-0.0018	-3.0000
0.2219	-0.1935	0.0000
0.0464	-0.2166	0.0000
0.1589	0.0844	-3.0000
0.1567	-0.2910	0.0000
-0.2078	-0.2926	0.0000
-0.0728	0.0344	0.0000
0.1236	-0.1411	0.0000
-0.0444	-0.1628	0.0000
0.2406	0.3187	0.0000
-0.0288	0.2040	0.0000
0.0450	-0.2910	0.0000
0.1824	-0.1388	0.0000
0.1511	0.0147	-3.0000
0.1019	-0.4090	0.0000
-0.2895	-0.0516	-3.0000
0.1836	0.1985	0.0000
0.0535	0.2058	-3.0000
-0.2186	-0.0958	0.0000
0.4429	0.0763	0.0000
0.0430	0.0521	-3.0000
0.3414	-0.2464	0.0000
0.2516	0.1168	0.0000
0.1729	0.2455	0.0000
0.2350	-0.0464	0.0000
0.1991	-0.2541	-3.0000
0.0937	0.1439	0.0000
-0.0967	-0.3077	0.0000
0.0781	-0.1427	-3.0000
0.2708	0.2403	0.0000
0.0073	-0.0161	-3.0000
-0.0355	-0.1920	0.0000
0.1780	0.0805	-3.0000
0.1994	-0.2265	0.0000
-0.3589	0.0977	-3.0000
-0.0358	0.1510	0.0000
-0.0560	0.1532	0.0000
0.0932	0.1387	-3.0000
0.2501	-0.0338	0.0000
0.1647	0.1401	-3.0000
0.3583	0.0195	-3.0000
-0.0895	0.3512	0.0000
-0.3472	0.0367	0.0000
0.2550	0.1543	0.0000
0.0881	-0.2781	0.0000
0.0155	0.3578	-3.0000
-0.0415	0.1240	0.0000
-0.0369	0.0303	-3.0000
0.2153	0.1949	0.0000
0.3785	-0.0750	0.0000
-0.0939	0.2073	0.0000
0.0062	0.2869	-3.0000
0.3110	-0.3058	0.0000
0.2525	-0.1330	0.0000
0.2318	-0.0630	0.0000
-0.0380	-0.0464	-3.0000
-0.2583	0.2325	0.0000
0.0616	0.0029	-3.0000
0.1473	0.0303	-3.0000
-0.0602	0.0882	-3.0000
-0.2685	0.0985	0.0000
0.0778	0.0069	-3.0000
-0.1782	-0.0260	-3.0000
0.0258	0.1648	0.0000
-0.2052	-0.2327	-3.0000
0.1959	0.1865	-3.0000
0.2530	0.3544	-3.0000
-0.1431	0.0870	0.0000
0.0274	-0.0435	-3.0000
-0.2423	0.0190	0.0000
0.1541	-0.0092	-3.0000
0.3322	-0.3330	-3.0000
0.2556	-0.2252	0.0000
0.1043	-0.1696	0.0000
0.1236	0.1068	0.0000
-0.1992	0.3585	0.0000
-0.1469	0.0002	-3.0000
-0.1705	-0.3547	0.0000
0.2872	0.1584	0.0000
-0.1015	0.0878	0.0000
-0.0308	0.0460	0.0000
-0.0336	0.2315	0.0000
0.2027	0.0904	0.0000
0.1255	0.0922	-3.0000
0.1570	-0.0547	0.0000
0.1376	-0.1818	0.0000
-0.0054	0.1880	-3.0000
0.0878	-0.0856	-3.0000
0.3191	-0.0976	-3.0000
0.1015	0.1307	0.0000
-0.0881	0.0946	0.0000
0.0423	-0.0003	-3.0000
0.1000	0.0603	-3.0000
0.1863	-0.1283	0.0000
0.0392	0.1760	0.0000
0.2646	0.1344	0.0000
-0.1036	-0.2341	0.0000
0.0026	0.2342	0.0000
0.0837	0.3685	0.0000
-0.0450	-0.3376	0.0000
0.1039	0.2030	0.0000
0.0624	0.0803	-3.0000
-0.0831	-0.2133	0.0000
0.0958	0.2550	0.0000
0.1450	-0.0146	-3.0000
0.2347	0.0099	-3.0000
0.1558	0.1516	-3.0000
-0.1096	0.0537	0.0000
0.1326	0.0834	-3.0000
0.0542	-0.1389	-3.0000
0.0755	-0.0189	-3.0000
0.2902	-0.0539	-3.0000
-0.3946	-0.1546	0.0000
0.0263	0.0769	0.0000
0.3603	0.0227	-3.0000
0.0845	0.1543	-3.0000
-0.2036	-0.2677	0.0000
-0.2116	-0.0221	-3.0000
-0.3130	0.2408	0.0000
0.0691	-0.1220	0.0000
0.1703	0.1129	-3.0000
0.3195	-0.1002	-3.0000
0.0077	0.3570	0.0000
-0.2782	0.1045	0.0000
-0.0202	0.0427	-3.0000
-0.2107	-0.0069	0.0000
-0.1979	0.0635	-3.0000
0.1282	-0.0482	-3.0000
-0.0173	0.1854	-3.0000
0.0359	0.2449	-3.0000
0.2297	0.2695	0.0000
-0.1432	0.2806	-3.0000
-0.0341	0.0307	-3.0000
0.0754	0.2900	-3.0000
0.0221	-0.1883	-3.0000
0.0848	-0.1613	-3.0000
-0.2737	-0.0012	0.0000
0.1904	0.0068	0.0000
0.0511	0.0951	-3.0000
-0.1732	0.1568	0.0000
-0.1867	0.0408	0.0000
-0.2479	0.0451	0.0000
0.3092	-0.1296	0.0000
0.1397	0.1774	-3.0000
-0.2810	0.1845	0.0000
0.2143	0.3046	0.0000
-0.0609	0.2646	0.0000
-0.0938	-0.1503	-3.0000
-0.3449	-0.2587	0.0000
-0.0111	0.0134	0.0000
0.0312	-0.0281	0.0000
-0.2830	0.2919	0.0000
0.1319	0.0785	-3.0000
-0.1205	-0.0691	0.0000
0.2966	-0.0142	-3.0000
0.0662	0.0980	-3.0000
0.3873	-0.0327	0.0000
0.2262	-0.1396	-3.0000
0.1113	0.0286	0.0000
0.1615	-0.2135	-3.0000
-0.1108	0.0013	0.0000
0.1495	0.0785	0.0000
0.1579	0.0282	0.0000
0.0747	0.0407	0.0000
-0.0227	-0.3412	0.0000
-0.0024	0.2872	-3.0000
0.2639	0.1412	-3.0000
-0.3557	-0.1936	-3.0000
-0.0134	-0.4126	0.0000
-0.0269	0.1629	0.0000
0.2507	-0.2267	-3.0000
0.2366	-0.3171	0.0000
0.1018	-0.2000	-3.0000
0.1930	0.0968	0.0000
0.0473	0.0023	-3.0000
0.1897	-0.1382	-3.0000
0.0046	0.0522	-3.0000
0.3443	0.1189	-3.0000
0.1486	0.2660	-3.0000
-0.1012	0.0420	-3.0000
0.1158	0.0645	0.0000
0.0684	-0.1462	0.0000
0.1773	0.1505	-3.0000
0.2335	0.1920	0.0000
-0.1656	-0.3503	0.0000
0.0858	0.5027	0.0000
-0.3301	0.2944	0.0000
0.2736	0.0941	0.0000
0.1162	-0.0371	0.0000
0.2649	0.0774	-3.0000
-0.2563	0.0137	0.0000
-0.1496	0.1625	0.0000
-0.0284	-0.1642	-3.0000
0.2228	0.2307	-3.0000
-0.1067	-0.1942	0.0000
-0.2161	0.0653	-3.0000
-0.1230	0.1162	-3.0000
-0.1563	0.3510	0.0000
0.1030	-0.0064	-3.0000
0.0885	-0.3870	-1.0000
0.2165	-0.0469	-3.0000
-0.2420	0.2620	-1.0000
0.2739	-0.3259	-1.0000
-0.0103	-0.0760	-1.0000
0.0967	0.2893	-3.0000
-0.0503	-0.0403	-3.0000
0.1475	0.0774	-1.0000
-0.1702	0.3562	-1.0000
-0.0347	-0.0908	-1.0000
0.0055	-0.1227	-1.0000
0.1097	0.0509	-1.0000
-0.0752	-0.3689	-1.0000
-0.1050	0.1246	-1.0000
0.1954	0.1510	-3.0000
-0.0489	0.1671	-1.0000
0.1846	-0.2279	-1.0000
0.3171	-0.1663	-1.0000
0.1981	-0.2440	-1.0000
0.2972	0.1822	-3.0000
-0.0051	-0.1664	-1.0000
0.2089	0.1751	-3.0000
-0.0657	0.3191	-1.0000
0.3024	0.1579	-1.0000
0.0786	0.2052	-3.0000
0.0256	0.0548	-3.0000
0.1626	0.1539	-1.0000
0.0197	0.1117	-3.0000
0.2172	-0.2366	-1.0000
0.2991	0.0444	-1.0000
-0.0052	0.2477	-3.0000
0.0182	-0.0991	-3.0000
0.0484	-0.2009	-1.0000
0.0022	0.0528	-3.0000
0.2349	0.0107	-1.0000
-0.2520	-0.2072	-1.0000
0.3606	-0.1772	-3.0000
0.0580	0.1938	-1.0000
-0.3352	0.1543	-1.0000
0.0670	-0.1361	-1.0000
-0.1793	-0.1513	-1.0000
-0.0144	-0.1347	-1.0000
0.2983	-0.0699	-1.0000
-0.1571	0.3083	-1.0000
0.2483	-0.0078	-3.0000
0.0914	0.2016	-3.0000
-0.1166	0.2045	-3.0000
0.0925	0.1075	-3.0000
0.1453	0.1693	-1.0000
0.1123	-0.0451	-3.0000
-0.1115	0.2066	-1.0000
0.1486	-0.5066	-1.0000
-0.2346	0.2100	-1.0000
0.1651	0.2868	-3.0000
-0.3782	-0.1898	-1.0000
0.0201	0.1421	-3.0000
0.2128	0.0798	-1.0000
-0.2928	-0.2788	-1.0000
-0.0332	-0.0279	-3.0000
0.1074	-0.0552	-3.0000
-0.3046	-0.2218	-1.0000
-0.1089	-0.0049	-3.0000
-0.1366	0.1232	-3.0000
-0.1545	0.0565	-3.0000
-0.0777	-0.0570	-3.0000
-0.2033	-0.1344	-1.0000
0.1462	-0.0466	-3.0000
-0.3570	-0.1886	-1.0000
0.1500	0.0297	-1.0000
0.0571	0.3608	-1.0000
-0.0627	0.2516	-3.0000
0.0822	0.1996	-3.0000
-0.2267	-0.2497	-1.0000
-0.0878	-0.0472	-1.0000
0.2055	-0.2787	-3.0000
0.0357	-0.0675	-3.0000
-0.2793	0.2756	-1.0000
0.2118	0.0453	-3.0000
0.0301	-0.0739	-3.0000
0.1001	0.1424	-3.0000
-0.1869	-0.1002	-3.0000
0.0692	0.0434	-3.0000
0.0692	0.1086	-3.0000
0.0512	0.2801	-3.0000
0.0108	0.0068	-1.0000
0.0497	0.2634	-3.0000
0.0663	0.1736	-3.0000
0.1528	-0.0438	-3.0000
0.0611	0.1291	-3.0000
0.0218	0.2365	-3.0000
0.0099	0.2491	-1.0000
0.3668	0.2019	-1.0000
0.4169	0.1274	-1.0000
-0.0873	0.2166	-1.0000
0.1379	-0.2417	-3.0000
-0.0468	0.0299	-1.0000
-0.0097	0.3622	-3.0000
-0.0858	0.1692	-3.0000
-0.0580	0.0766	-3.0000
-0.0663	0.0754	-3.0000
0.0031	-0.2129	-1.0000
0.2440	0.1454	-3.0000
-0.0294	0.2475	-3.0000
0.3016	0.2282	-1.0000
-0.0115	-0.1271	-3.0000
0.2808	0.1653	-1.0000
0.2235	-0.0165	-3.0000
-0.0501	0.2371	-3.0000
0.1553	0.1532	-3.0000
0.1104	-0.2796	-1.0000
-0.0556	-0.1068	-1.0000
-0.1647	0.2011	-3.0000
0.3991	0.0785	-1.0000
0.3008	-0.1182	-1.0000
0.0528	-0.2618	-1.0000
0.0624	-0.0082	-3.0000
-0.2207	0.2105	-3.0000
0.3282	0.0666	-3.0000
0.0818	-0.0039	-1.0000
-0.1227	0.3601	-3.0000
-0.1130	0.0916	-3.0000
-0.0386	-0.0831	-3.0000
0.0720	-0.0493	-1.0000
0.2756	0.0111	-1.0000
0.0418	-0.0767	-1.0000
-0.1344	0.3216	-1.0000
0.2473	-0.1079	-1.0000
0.1648	-0.0019	-3.0000
0.1096	0.1890	-1.0000
-0.0802	0.1964	-3.0000
-0.2119	0.3161	-1.0000
0.0143	-0.0694	-1.0000
0.2051	-0.0711	-1.0000
-0.1137	-0.2264	-1.0000
0.1488	-0.2082	-3.0000
0.3084	0.0053	-3.0000
-0.1975	0.1855	-3.0000
0.3327	0.0131	-3.0000
0.0565	0.1039	-1.0000
0.1227	-0.2073	-3.0000
0.1324	-0.0690	-3.0000
-0.1281	0.0010	-3.0000
0.0675	0.0926	-1.0000
-0.2638	0.0339	-3.0000
0.2332	0.1583	-1.0000
0.3366	0.0514	-1.0000
0.2396	0.0666	-3.0000
-0.0845	0.1734	-3.0000
-0.0271	-0.3938	-1.0000
0.2406	0.1555	-3.0000
0.1852	0.1798	-3.0000
0.2067	-0.2714	-3.0000
-0.1276	-0.3061	-1.0000
-0.2385	-0.0911	-1.0000
-0.1439	-0.1244	-1.0000
0.2366	0.1341	-1.0000
0.1461	-0.2486	-3.0000
-0.1450	-0.0757	-1.0000
-0.1203	-0.1374	-1.0000
0.1675	-0.1081	-3.0000
-0.1301	0.0207	-3.0000
-0.2456	0.2070	-1.0000
0.1629	-0.1431	-1.0000
0.4415	0.0302	-1.0000
-0.0108	0.3116	-1.0000
0.3113	-0.1515	-1.0000
-0.1926	-0.1585	-1.0000
0.0651	0.2347	-1.0000
0.2194	-0.0558	-3.0000
0.3431	-0.1263	-1.0000
0.0907	0.0372	-3.0000
-0.0296	-0.1027	-3.0000
-0.1252	-0.0207	-3.0000
0.0850	0.1356	-3.0000
0.2110	-0.3022	-3.0000
0.2211	0.2452	-3.0000
0.1831	-0.3437	-1.0000
0.1867	-0.3381	-3.0000
0.2139	0.0891	-3.0000
0.2922	0.1287	-1.0000
-0.1064	0.2223	-1.0000
0.3916	-0.2391	-1.0000
0.1903	-0.1653	-1.0000
-0.1339	0.0807	-3.0000
0.3067	-0.2504	-1.0000
0.0529	0.0957	-3.0000
-0.0377	0.1010	-3.0000
-0.0787	0.1162	-1.0000
0.2042	-0.1993	-3.0000
0.0435	-0.0052	-1.0000
0.1008	0.0722	-3.0000
-0.0015	-0.0906	-1.0000
0.0888	0.3284	-3.0000
-0.0704	-0.1547	-3.0000
0.0226	0.0852	-1.0000
0.1773	-0.1150	-1.0000
-0.0926	-0.0475	-3.0000
0.0013	0.1401	-3.0000
-0.0759	0.2695	-3.0000
0.0596	-0.0199	-3.0000
0.0205	0.0575	-3.0000
0.1780	0.0541	-3.0000
0.1848	-0.2098	-3.0000
0.0242	-0.0007	-3.0000
0.1793	-0.0599	-1.0000
0.2854	-0.1086	-1.0000
0.2194	-0.0502	-1.0000
-0.1352	-0.0545	-3.0000
0.1013	0.0285	-3.0000
-0.1525	0.4566	-1.0000
-0.1767	0.3397	-3.0000
0.0790	-0.0955	-3.0000
0.2170	-0.0482	-1.0000
0.1301	-0.0048	-1.0000
-0.2055	0.1370	-1.0000
-0.4518	0.0712	-1.0000
0.2691	0.0445	-1.0000
-0.0265	0.2095	-3.0000
-0.0727	-0.1749	-1.0000
0.1967	-0.0690	-1.0000
-0.0125	-0.1499	-3.0000
0.1394	-0.0279	-1.0000
0.1924	-0.0658	-1.0000
0.1217	0.1476	-3.0000
-0.1408	-0.1681	-3.0000
0.1408	-0.3578	-1.0000
0.3234	0.2103	-1.0000
0.2466	-0.1705	-3.0000
0.0683	-0.0636	-3.0000
-0.1038	0.1293	-3.0000
0.2090	0.0503	-1.0000
0.1426	-0.3555	-3.0000
-0.2154	-0.1421	-3.0000
-0.0382	0.1937	-1.0000
0.2793	0.1430	-1.0000
-0.1256	-0.0079	-3.0000
0.0753	-0.3682	-1.0000
0.0247	0.1523	-3.0000
-0.0515	0.0590	-3.0000
0.3146	-0.3566	-1.0000
-0.0671	0.0198	-1.0000
0.1023	0.2103	-1.0000
-0.0123	-0.2128	-1.0000
0.1225	0.2589	-1.0000
0.1950	0.2354	-2.0000
-0.1218	0.0158	-1.0000
-0.1190	-0.0634	-2.0000
-0.0679	0.0082	-2.0000
0.1703	0.0735	-1.0000
0.0260	-0.2612	-2.0000
0.0162	-0.2066	-2.0000
0.0780	-0.2105	-1.0000
0.2856	0.0106	-2.0000
0.0367	-0.2175	-3.0000
0.2701	0.2401	-1.0000
-0.0309	-0.2481	-3.0000
-0.2115	0.1734	-1.0000
-0.0721	-0.0651	-3.0000
0.0728	-0.0437	-1.0000
0.4562	-0.0577	-1.0000
0.4006	0.0531	-1.0000
0.1388	-0.3021	-2.0000
0.0381	-0.3602	-1.0000
0.3100	0.0953	-2.0000
0.1691	0.0977	-2.0000
0.1815	-0.1774	-3.0000
0.3300	-0.0785	-2.0000
0.2904	0.0360	-1.0000
0.2083	-0.4531	-1.0000
-0.0611	-0.1273	-2.0000
0.1417	0.0486	-1.0000
-0.1988	0.0170	-2.0000
0.1801	-0.0179	-3.0000
0.0817	-0.0531	-1.0000
0.2796	0.0131	-1.0000
0.2101	0.1398	-3.0000
0.0824	0.0850	-3.0000
-0.2834	0.1093	-2.0000
0.1773	0.3202	-1.0000
-0.2803	-0.1163	-1.0000
0.1926	0.2578	-2.0000
0.0702	-0.0733	-1.0000
-0.4657	-0.0996	-1.0000
0.1816	0.1932	-1.0000
0.0623	-0.0486	-3.0000
-0.1003	-0.0977	-1.0000
0.2336	0.1002	-3.0000
-0.1929	-0.0290	-2.0000
0.1392	-0.2373	-3.0000
0.1462	-0.4235	-1.0000
0.0925	0.0090	-2.0000
-0.3054	-0.3356	-1.0000
0.2352	0.2130	-2.0000
0.1623	0.1619	-3.0000
-0.0149	-0.1765	-1.0000
0.1927	0.2415	-1.0000
0.0092	-0.3565	-1.0000
0.1089	-0.2212	-1.0000
-0.2839	-0.1507	-2.0000
0.0135	0.1380	-1.0000
0.0055	0.2460	-2.0000
-0.1961	0.1619	-1.0000
0.0890	-0.0857	-1.0000
0.3028	0.1872	-1.0000
-0.3354	-0.0519	-1.0000
0.3340	0.1493	-1.0000
-0.1605	0.0116	-2.0000
0.1640	-0.0526	-2.0000
-0.0114	0.0439	-1.0000
0.0014	-0.0480	-2.0000
0.1369	0.2503	-2.0000
0.2472	0.0473	-1.0000
-0.0263	-0.0246	-1.0000
0.2866	-0.2470	-3.0000
-0.2764	0.0099	-2.0000
0.2180	-0.1057	-1.0000
0.1145	-0.1343	-2.0000
-0.0009	-0.1373	-1.0000
-0.3718	0.0447	-1.0000
0.1129	0.2768	-3.0000
0.1997	-0.2398	-2.0000
0.2135	-0.0240	-1.0000
-0.0615	0.1424	-2.0000
0.0774	0.1048	-3.0000
-0.1812	0.2174	-2.0000
-0.4818	-0.0879	-1.0000
0.3074	0.0074	-1.0000
0.0127	0.1813	-2.0000
0.2277	-0.2559	-1.0000
0.2488	0.1949	-2.0000
0.0196	0.2010	-1.0000
-0.0619	0.0508	-1.0000
0.1679	-0.1080	-1.0000
0.0139	0.1732	-1.0000
-0.2529	-0.1882	-1.0000
-0.0370	0.2276	-1.0000
0.0647	0.1824	-3.0000
0.3843	-0.1065	-2.0000
0.2722	0.0143	-1.0000
0.1565	0.1767	-1.0000
-0.0590	0.1300	-1.0000
-0.2986	0.0675	-1.0000
-0.1806	0.0501	-1.0000
0.0945	-0.2841	-1.0000
0.1213	0.1607	-1.0000
0.0023	0.1173	-1.0000
0.0754	0.1364	-2.0000
0.0930	-0.3032	-3.0000
0.2292	-0.1337	-2.0000
-0.2651	0.2000	-1.0000
0.2846	-0.1396	-1.0000
0.0830	0.0686	-3.0000
0.0411	0.2057	-1.0000
-0.0573	-0.1080	-1.0000
-0.1688	-0.0735	-1.0000
0.2119	-0.0842	-2.0000
0.1941	-0.1575	-1.0000
0.0998	-0.0340	-2.0000
0.2166	0.1720	-1.0000
-0.3734	-0.0316	-1.0000
0.1486	0.1046	-3.0000
0.1676	0.0752	-2.0000
-0.0897	0.3049	-1.0000
0.1069	-0.4484	-1.0000
0.1326	-0.0672	-1.0000
0.1863	0.2297	-1.0000
0.0443	-0.2258	-1.0000
0.1412	0.0721	-3.0000
0.2913	0.0654	-1.0000
-0.0493	0.0621	-3.0000
0.0333	0.1036	-1.0000
-0.1520	0.3499	-2.0000
-0.2540	0.3615	-1.0000
0.2548	-0.0214	-1.0000
0.0729	0.1934	-1.0000
-0.0370	-0.1988	-2.0000
-0.1853	-0.0853	-3.0000
0.1907	0.1189	-2.0000
0.0563	0.3072	-1.0000
0.0627	0.1626	-3.0000
-0.0217	-0.1568	-3.0000
0.1510	0.2693	-1.0000
0.2116	-0.1845	-1.0000
0.1372	0.1039	-1.0000
-0.0102	0.2806	-1.0000
0.4237	0.0684	-1.0000
0.2015	0.2551	-3.0000
0.1177	-0.1032	-2.0000
0.1810	-0.0614	-1.0000
0.1206	-0.2192	-1.0000
0.0242	-0.1228	-2.0000
0.0513	0.0790	-2.0000
-0.3394	0.3158	-1.0000
0.2251	-0.2929	-2.0000
0.3733	0.1245	-1.0000
0.2174	-0.0044	-2.0000
0.0393	-0.0910	-2.0000
0.1979	-0.1320	-1.0000
0.1209	0.1251	-1.0000
0.0853	-0.3347	-2.0000
0.0387	0.1737	-3.0000
0.0606	-0.1081	-3.0000
0.3416	-0.2094	-1.0000
0.2289	-0.1461	-1.0000
0.1012	0.1109	-2.0000
0.1993	0.0174	-2.0000
-0.1326	0.0253	-2.0000
-0.0275	-0.1310	-1.0000
0.0845	0.2274	-3.0000
0.0906	0.1408	-3.0000
0.2527	0.1374	-2.0000
0.0126	0.1759	-3.0000
-0.1117	0.0715	-1.0000
0.2782	0.1291	-1.0000
0.0900	-0.2333	-1.0000
0.0866	0.2075	-3.0000
0.0620	0.2373	-2.0000
0.0390	0.3614	-2.0000
0.2283	-0.0383	-1.0000
0.0458	0.1487	-2.0000
0.0990	-0.3879	-1.0000
-0.2103	0.0647	-1.0000
0.0881	-0.3086	-1.0000
0.0883	0.0735	-2.0000
0.1556	-0.1923	-2.0000
0.0685	-0.0174	-1.0000
0.2732	0.1190	-2.0000
0.2816	0.0331	-1.0000
0.1474	-0.1050	-2.0000
-0.3822	-0.0553	-1.0000
0.1641	-0.1729	-1.0000
0.3637	-0.0416	-1.0000
0.2148	0.1560	-1.0000
-0.2114	-0.0158	-3.0000
-0.3180	0.0889	-2.0000
0.1650	-0.1134	-2.0000
-0.0256	0.3831	-2.0000
0.0498	-0.0322	-3.0000
0.2637	0.1623	-1.0000
0.0279	0.3578	-1.0000
0.0830	0.1032	-3.0000
0.2166	-0.2300	-2.0000
0.2605	0.1454	-1.0000
0.0907	-0.0172	-2.0000
0.0754	-0.1699	-2.0000
-0.1326	0.0406	-1.0000
-0.3602	0.0349	-1.0000
0.1484	0.2641	-1.0000
-0.3130	0.0112	-2.0000
0.2898	-0.0873	-2.0000
0.0240	0.0927	-3.0000
0.0822	0.2541	-1.0000
0.3371	-0.2086	-1.0000
0.2182	-0.0825	-1.0000
-0.0088	0.0013	-1.0000
0.2267	-0.1181	-1.0000
0.0852	-0.2337	-3.0000
0.0391	0.1726	-2.0000
-0.1260	0.4557	-1.0000
0.0965	-0.1822	-3.0000
0.3276	-0.0187	-2.0000
0.1285	0.0042	-1.0000
0.2306	-0.0556	-3.0000
-0.0209	-0.1112	-1.0000
0.1315	-0.0363	-2.0000
0.0610	0.1330	-1.0000
-0.0606	0.0584	-3.0000
-0.4053	-0.0190	-1.0000
-0.0309	0.3389	-1.0000
-0.1198	0.1033	-3.0000
-0.2604	0.0769	-2.0000
-0.1293	-0.0675	-2.0000
-0.0626	0.0750	-3.0000
0.2234	0.0474	-2.0000
-0.0374	0.2873	-2.0000
-0.0508	-0.0439	-1.0000
-0.1879	-0.0654	-2.0000
-0.0250	-0.1107	-1.0000
-0.1017	0.1743	-2.0000
0.1984	-0.3903	-1.0000
-0.0362	0.1352	-3.0000
0.1127	0.1383	-2.0000
0.2497	0.1587	-3.0000
-0.4219	0.1318	-1.0000
0.0731	0.0906	-1.0000
0.1068	0.2104	-3.0000
0.0769	-0.2037	-1.0000
0.2533	0.1109	-3.0000
0.2093	0.1023	-1.0000
0.0713	-0.1017	-1.0000
0.4095	-0.0223	-1.0000
0.1246	0.0877	-2.0000
0.2436	-0.2418	-1.0000
-0.2649	0.0538	-2.0000
0.4221	-0.2853	-1.0000
0.2573	0.1196	-1.0000
0.1285	0.0332	-3.0000
-0.2997	-0.0475	-2.0000
0.0930	-0.0896	-3.0000
0.2774	0.1244	-1.0000
-0.0080	-0.1370	-2.0000
0.0315	-0.1284	-1.0000
-0.1597	0.4074	-1.0000
-0.1529	0.0223	-2.0000
-0.3151	0.0959	-1.0000
0.1916	-0.1720	-1.0000
0.0258	-0.0967	-3.0000
0.2349	0.0168	-2.0000
-0.0301	0.1317	-1.0000
0.1473	0.1569	-1.0000
0.0167	-0.1253	-2.0000
-0.0556	0.0744	-3.0000
-0.2459	-0.0127	-3.0000
0.1696	-0.0094	-3.0000
0.1271	0.0898	-1.0000
0.1081	0.1117	-1.0000
0.4076	0.0663	-1.0000
0.2132	0.1977	-3.0000
0.1791	-0.2898	-2.0000
0.1452	0.0878	-2.0000
-0.0429	0.0137	-1.0000
0.0133	0.4017	-1.0000
-0.0528	0.1314	-1.0000
0.1093	0.1125	-2.0000
0.0332	0.1369	-3.0000
-0.2907	-0.0809	-1.0000
0.1231	0.1324	-3.0000
-0.1671	0.1928	-1.0000
0.0402	0.0124	-1.0000
-0.3392	-0.1576	-1.0000
0.1028	-0.0016	-3.0000
0.0142	0.0914	-3.0000
0.2571	0.1985	-1.0000
-0.1303	-0.1349	-1.0000
-0.2369	0.3427	-1.0000
-0.0876	-0.1888	-1.0000
-0.0451	0.2099	-1.0000
0.0337	-0.2513	-1.0000
0.2014	0.1458	-3.0000
0.1155	0.0472	-1.0000
0.0017	0.1980	-3.0000
0.2906	-0.1811	-1.0000
0.3614	-0.0841	-2.0000
0.0864	0.2741	-3.0000
-0.2945	0.0277	-1.0000
0.1230	-0.0148	-1.0000
-0.0553	-0.2730	-1.0000
-0.1553	0.0687	-1.0000
0.1423	0.0277	-2.0000
0.4327	-0.0082	-1.0000
0.2491	0.1528	-3.0000
-0.3248	0.2914	-1.0000
0.2361	0.3056	-1.0000
0.0251	0.0844	-2.0000
0.2640	-0.2282	-1.0000
-0.3904	0.2586	-2.0000
0.0282	-0.1836	-1.0000
-0.1606	0.1185	-2.0000
0.3015	-0.1240	-1.0000
0.1135	0.1311	-3.0000
0.0662	-0.2774	-1.0000
0.1560	-0.1058	-1.0000
0.0285	0.0758	-3.0000
0.2185	-0.0170	-1.0000
0.2005	0.1874	-3.0000
0.2193	-0.0678	-3.0000
0.1829	0.0582	-3.0000
-0.0055	-0.3661	-1.0000
0.0339	-0.1718	-1.0000
0.3070	0.3145	-1.0000
-0.1202	0.1574	-1.0000
0.2410	-0.1583	-2.0000
0.1344	0.1516	-2.0000
0.1587	0.2023	-3.0000
-0.0101	0.0801	-3.0000
0.2733	0.1099	-1.0000
-0.0714	0.2348	-2.0000
-0.0742	0.2298	-1.0000
0.1254	0.1385	-3.0000
0.2998	-0.1100	-1.0000
0.0957	0.0801	-1.0000
-0.2497	-0.3517	-1.0000
-0.1660	-0.0929	-1.0000
-0.0187	-0.0836	-1.0000
0.1148	0.0420	-2.0000
0.1826	0.0884	-3.0000
0.1311	0.0633	-2.0000
0.2829	-0.0378	-2.0000
0.2654	0.0027	-2.0000
-0.0771	0.0549	-3.0000
0.4103	-0.1522	-1.0000
0.1331	0.1315	-3.0000
0.2578	0.0796	-3.0000
0.0858	0.0751	-2.0000
-0.2119	0.2567	-1.0000
0.2761	-0.0986	-3.0000
-0.1448	0.1103	-2.0000
0.1607	0.0831	-3.0000
0.1277	-0.4402	-1.0000
0.1968	0.2073	-1.0000
-0.2667	-0.1259	-1.0000
0.2278	0.0275	-3.0000
0.1644	-0.1106	-1.0000
0.1626	-0.0478	-1.0000
0.3149	-0.0666	-1.0000
0.0584	0.1027	-2.0000
-0.1591	0.0476	-2.0000
0.2456	0.0795	-2.0000
-0.0409	0.2889	-1.0000
0.2349	-0.1011	-3.0000
0.0549	0.0059	-1.0000
0.1064	0.3629	-1.0000
0.3230	-0.0112	-1.0000
0.1611	-0.0510	-3.0000
-0.0721	0.1514	-1.0000
0.2564	-0.1538	-2.0000
-0.1075	0.2591	-1.0000
0.1200	-0.1349	-2.0000
0.2006	0.0206	-2.0000
-0.0319	0.0680	-2.0000
0.1447	0.1575	-3.0000
0.1491	-0.0219	-1.0000
-0.0897	0.2325	-1.0000
0.0121	0.3750	-2.0000
-0.2951	-0.3334	-1.0000
0.0822	-0.1639	-2.0000
-0.3097	-0.2005	-1.0000
-0.0101	0.1025	-1.0000
0.3088	-0.3868	-1.0000
-0.0558	0.3034	-1.0000
0.2566	0.2880	-1.0000
0.0729	0.0449	-1.0000
-0.1088	0.0566	-2.0000
-0.0277	0.2695	-1.0000
-0.2514	0.0818	-1.0000
-0.0981	-0.1170	-2.0000
-0.0215	0.0211	-2.0000
-0.1513	-0.2672	-1.0000
0.3653	-0.1436	-1.0000
0.3195	-0.2097	-1.0000
-0.0881	0.1471	-2.0000
-0.0089	0.1429	-3.0000
0.0649	-0.1316	-3.0000
0.1239	0.1070	-1.0000
0.2883	-0.2470	-1.0000
0.1199	0.0191	-2.0000
0.2334	0.1155	-2.0000
0.0257	0.2469	-1.0000
0.1418	-0.0065	-1.0000
0.1658	0.0836	-1.0000
-0.0611	0.2929	-1.0000
0.3186	0.0679	-2.0000
0.0026	0.1176	-1.0000
-0.2010	0.2581	-2.0000
0.1533	-0.1957	-2.0000
0.1648	0.0418	-1.0000
0.2282	-0.1331	-1.0000
0.2904	0.2193	-1.0000
-0.4290	0.0559	-1.0000
-0.0412	0.0314	-1.0000
0.1052	0.1998	-2.0000
-0.1559	0.3198	-1.0000
0.2657	0.0684	-2.0000
0.4095	-0.0019	-2.0000
-0.0982	0.3372	-1.0000
0.0886	-0.0333	-3.0000
0.3735	0.0071	-1.0000
-0.0265	-0.1227	-1.0000
0.1735	-0.0579	-2.0000
0.1283	0.0559	-2.0000
0.0709	-0.1720	-2.0000
0.2673	-0.0485	-2.0000
0.1112	0.1704	-3.0000
0.2245	0.0770	-1.0000
0.2670	0.0248	-1.0000
-0.2366	0.0509	-1.0000
0.2238	0.1156	-3.0000
-0.0567	0.0418	-3.0000
-0.1239	-0.2082	-1.0000
-0.1995	0.1368	-1.0000
-0.2964	0.1918	-1.0000
-0.0575	-0.0861	-1.0000
0.2530	-0.1523	-2.0000
0.0521	-0.2622	-1.0000
-0.0738	-0.1165	-2.0000
-0.0291	-0.0404	-3.0000
-0.1428	-0.0591	-1.0000
0.2844	-0.3123	-1.0000
0.1718	0.1206	-1.0000
0.2237	-0.1781	-2.0000
0.1046	0.0896	-1.0000
0.2136	0.3703	-1.0000
-0.1808	0.2248	-1.0000
0.2242	0.1912	-2.0000
0.1832	-0.0286	-3.0000
0.1523	0.0413	-2.0000
0.1305	0.1164	-1.0000
0.3491	-0.0364	-2.0000
0.1838	0.2322	-2.0000
0.1259	-0.3365	-2.0000
-0.3351	0.1091	-1.0000
0.0260	-0.1641	-1.0000
0.2538	0.2763	-1.0000
0.0835	0.1446	-2.0000
0.0852	0.1105	-3.0000
0.2450	-0.0260	-1.0000
-0.0753	-0.2555	-2.0000
-0.1720	-0.2337	-2.0000
-0.0056	0.2189	-1.0000
-0.3179	0.2191	-1.0000
-0.1654	-0.0707	-1.0000
0.0277	-0.2153	-1.0000
-0.0023	-0.0118	-1.0000
0.1666	-0.0692	-1.0000
-0.3425	-0.0393	-2.0000
0.0112	0.2548	-2.0000
0.1751	-0.1637	-1.0000
-0.2104	-0.1239	-1.0000
0.0407	0.2696	-1.0000
0.2939	-0.0592	-1.0000
-0.1399	-0.3913	-1.0000
-0.3824	-0.0542	-1.0000
0.0870	-0.4200	-2.0000
0.0733	-0.0275	-1.0000
0.0131	0.0832	-2.0000
-0.2986	-0.0647	-1.0000
-0.0678	0.1433	-2.0000
-0.0174	0.2238	-1.0000
-0.0862	0.2610	-1.0000
0.0085	0.1299	-2.0000
-0.0472	0.2169	-2.0000
-0.4093	0.2075	-1.0000
0.2857	0.0107	-3.0000
0.1271	-0.0730	-1.0000
0.1270	-0.1712	-1.0000
-0.0185	-0.3451	-2.0000
0.1220	-0.1448	-1.0000
0.2221	-0.0414	-1.0000
0.2613	0.1727	-2.0000
-0.1285	0.0625	-1.0000
0.1181	0.0909	-3.0000
0.2236	0.1083	-1.0000
0.1509	-0.1966	-3.0000
-0.1138	0.0075	-1.0000
0.0749	0.4154	-1.0000
0.2055	0.2877	-1.0000
0.1654	0.0555	-3.0000
-0.1764	0.1624	-2.0000
-0.0401	-0.0767	-2.0000
-0.0863	0.2985	-1.0000
0.1766	-0.0789	-1.0000
0.0020	0.0173	-1.0000
0.2322	-0.1154	-2.0000
-0.0124	0.0785	-3.0000
0.0817	0.1542	-3.0000
0.2390	-0.2910	-1.0000
-0.4234	0.0699	-1.0000
-0.1919	0.0414	-1.0000
0.3323	-0.0006	-3.0000
0.2235	-0.0788	-2.0000
0.3438	0.1409	-1.0000
-0.0754	-0.0306	-3.0000
-0.2403	0.4280	-1.0000
0.1580	0.3322	-1.0000
0.1918	0.0325	-1.0000
0.0665	0.1143	-2.0000
-0.3956	0.0884	-2.0000
0.1953	0.3729	-1.0000
0.0708	-0.1646	-3.0000
0.1814	0.0992	-2.0000
-0.0299	0.2336	-2.0000
-0.0749	-0.1621	-1.0000
0.2221	0.1307	-2.0000
0.1140	0.0442	-2.0000
-0.0834	0.0806	-1.0000
0.0498	0.2104	-2.0000
0.1476	0.1866	-1.0000
-0.0410	0.2192	-2.0000
0.2223	0.1790	-2.0000
-0.1393	0.1101	-3.0000
-0.2541	-0.0703	-2.0000
0.3132	-0.1987	-1.0000
0.0772	-0.1596	-3.0000
-0.2638	0.2012	-1.0000
-0.0563	0.0868	-2.0000
-0.2551	-0.1014	-1.0000
-0.0813	0.2305	-2.0000
0.0228	-0.0940	-2.0000
0.1993	0.1077	-2.0000
0.1900	-0.0767	-2.0000
0.0574	-0.1591	-3.0000
0.1995	0.0090	-1.0000
0.0004	0.0912	-1.0000
0.0189	-0.2274	-3.0000
-0.2790	0.0278	-1.0000
0.3925	-0.0942	-1.0000
-0.2153	-0.0968	-3.0000
0.4075	-0.1032	-1.0000
-0.0305	0.0711	-1.0000
-0.1515	-0.0065	-3.0000
-0.1696	-0.2034	-2.0000
0.3080	0.0251	-1.0000
-0.1777	-0.2065	-2.0000
0.0016	0.0930	-1.0000
-0.0630	0.2823	-1.0000
-0.2802	0.0257	-1.0000
-0.3773	-0.0840	-1.0000
-0.2000	-0.2215	-2.0000
-0.0611	-0.1153	-1.0000
0.2184	0.0200	-1.0000
-0.0840	-0.1127	-3.0000
0.4073	-0.2134	-1.0000
-0.0353	0.0448	-1.0000
-0.0568	-0.0608	-3.0000
-0.0022	0.2333	-1.0000
0.4933	-0.0581	-1.0000
0.2249	-0.0936	-1.0000
0.3410	-0.2540	-1.0000
-0.1531	0.0341	-1.0000
-0.2338	-0.1612	-1.0000
-0.0642	0.0863	-2.0000
0.2658	0.0034	-1.0000
0.3223	-0.2651	-1.0000
-0.1063	0.3009	-1.0000
-0.2564	-0.0251	-1.0000
0.0024	0.2204	-2.0000
-0.0499	0.0108	-2.0000
-0.0109	0.0663	-1.0000
0.0203	0.0201	-1.0000
0.2468	-0.0874	-3.0000
0.1028	-0.0552	-2.0000
-0.0079	-0.2468	-2.0000
0.1841	0.0267	-1.0000
-0.1736	0.0713	-1.0000
0.1480	0.0506	-3.0000
0.1017	0.1418	-3.0000
-0.2061	-0.1770	-1.0000
-0.0132	0.0197	-2.0000
0.1106	0.1688	-1.0000
-0.0598	-0.1064	-2.0000
-0.0945	0.4867	-1.0000
0.4937	-0.1573	-1.0000
-0.0134	-0.0447	-1.0000
0.0453	-0.0005	-2.0000
0.1722	-0.0434	-2.0000
0.1464	-0.0762	-2.0000
-0.2025	0.2712	-1.0000
0.0827	-0.2210	-3.0000
0.2980	0.0417	-2.0000
-0.0733	0.3112	-2.0000
0.0614	0.3874	-2.0000
-0.0521	-0.2045	-3.0000
0.2599	0.0939	-1.0000
-0.2729	-0.0667	-2.0000
0.1534	0.1033	-3.0000
0.1532	0.4265	-1.0000
0.0434	-0.3537	-1.0000
-0.0079	-0.1463	-2.0000
0.1199	0.3371	-1.0000
-0.1457	-0.0252	-1.0000
0.1411	0.1205	-3.0000
-0.0401	0.2675	-1.0000
0.1822	-0.3087	-1.0000
-0.1616	0.2331	-1.0000
0.2603	-0.0787	-1.0000
0.1918	-0.0896	-1.0000
-0.0228	0.0460	-2.0000
-0.1016	-0.2141	-3.0000
-0.3136	0.2784	-1.0000
-0.2489	0.1918	-1.0000
0.0964	-0.0244	-2.0000
-0.1070	-0.1603	-2.0000
-0.0043	0.3539	-2.0000
0.0341	-0.0219	-3.0000
-0.2047	0.0626	-2.0000
0.0023	0.3120	-1.0000
0.1913	0.0427	-1.0000
-0.0370	-0.1525	-2.0000
-0.1140	0.0935	-1.0000
0.0483	-0.0691	-2.0000
0.1329	0.1168	-1.0000
0.0574	-0.1469	-3.0000
-0.0850	0.3447	-1.0000
0.2716	0.1528	-1.0000
-0.0274	-0.1081	-2.0000
0.3175	-0.1575	-3.0000
0.1670	0.0802	-1.0000
0.1349	-0.0143	-3.0000
0.1880	-0.0132	-3.0000
0.2258	-0.3717	-1.0000
-0.2381	0.2560	-1.0000
0.2428	0.1282	-2.0000
0.2400	0.2938	-1.0000
0.2424	-0.0124	-2.0000
0.1305	-0.0850	-1.0000
0.1058	-0.2212	-1.0000
0.0480	-0.0674	-1.0000
-0.0945	-0.3176	-1.0000
-0.0427	0.1822	-3.0000
-0.2262	0.2229	-1.0000
0.1322	0.0047	-2.0000
0.2315	-0.1877	-1.0000
-0.3184	0.0167	-1.0000
0.1362	0.1757	-3.0000
-0.0160	0.0429	-1.0000
0.1395	0.1615	-3.0000
0.0277	0.4202	-1.0000
0.2994	0.0840	-1.0000
0.2817	0.1029	-1.0000
0.1902	-0.3503	-1.0000
0.1016	-0.0329	-1.0000
-0.1749	-0.0736	-2.0000
0.3252	0.2045	-1.0000
-0.1985	0.1215	-3.0000
0.0683	-0.3734	-1.0000
-0.0028	-0.0533	-3.0000
0.0816	-0.1385	-2.0000
0.3147	-0.0016	-2.0000
0.1897	0.1398	-1.0000
-0.0212	0.0770	-1.0000
0.1517	0.3725	-1.0000
-0.3311	-0.1134	-1.0000
0.0633	-0.1251	-1.0000
0.1743	0.0520	-2.0000
-0.1404	0.3421	-1.0000
0.1003	-0.0464	-3.0000
-0.1264	0.3492	-2.0000
0.1584	0.2133	-3.0000
0.1983	0.1426	-2.0000
0.1120	-0.1815	-1.0000
0.2365	-0.0151	-1.0000
0.0977	-0.3100	-2.0000
0.0932	0.3106	-3.0000
-0.0469	-0.1588	-1.0000
-0.1511	-0.1103	-1.0000
0.1497	-0.0505	-2.0000
0.1278	-0.2284	-2.0000
-0.0566	-0.0860	-1.0000
0.2949	-0.0037	-1.0000
0.2594	-0.0175	-1.0000
0.2670	-0.2956	-1.0000
-0.0673	-0.1069	-2.0000
-0.2518	0.0485	-2.0000
-0.0294	0.3288	-3.0000
-0.2825	-0.0199	-2.0000
0.0129	-0.3174	-1.0000
0.1233	0.0882	-1.0000
0.3261	-0.0279	-1.0000
0.0474	0.0872	-3.0000
-0.0570	-0.2909	-2.0000
-0.2498	0.3261	-1.0000
0.1544	-0.2313	-1.0000
0.2992	0.1244	-1.0000
0.3228	0.1103	-2.0000
-0.0618	-0.0659	-2.0000
0.0737	0.1825	-1.0000
-0.2017	-0.1854	-1.0000
-0.0474	0.2001	-1.0000
0.1985	0.0585	-1.0000
0.0548	0.3187	-1.0000
0.0390	-0.0313	-2.0000
0.1069	-0.1537	-3.0000
-0.0814	-0.1840	-1.0000
-0.0760	0.1117	-2.0000
0.1728	0.3317	-1.0000
0.2052	0.1724	-2.0000
0.1528	0.0858	-3.0000
0.1483	-0.1126	-2.0000
-0.1177	0.0896	-2.0000
-0.1608	-0.0100	-3.0000
0.4142	-0.0845	-2.0000
-0.2275	0.0207	-1.0000
-0.1073	0.4136	-2.0000
0.0303	0.3889	-1.0000
-0.0537	0.1363	-2.0000
0.1667	-0.1216	-1.0000
-0.0511	0.2308	-1.0000
-0.1532	-0.2437	-2.0000
0.1253	-0.0516	-1.0000
0.0116	0.2335	-2.0000
0.1236	0.0049	-3.0000
-0.0386	0.3458	-2.0000
-0.0848	0.3359	-2.0000
0.4073	-0.0235	-1.0000
0.0725	0.2615	-1.0000
-0.0287	0.1299	-1.0000
-0.2025	-0.2531	-1.0000
0.1439	-0.0282	-1.0000
0.1070	0.1600	-3.0000
0.1584	0.3638	-2.0000
0.0901	0.0855	-3.0000
0.2329	0.0667	-2.0000
0.0266	0.2468	-3.0000
-0.1303	-0.2273	-1.0000
-0.2136	-0.0086	-1.0000
0.3621	0.0695	-1.0000
-0.0191	0.1239	-1.0000
-0.1895	-0.3164	-1.0000
-0.0493	-0.0549	-1.0000
0.1948	0.0387	-2.0000
-0.2345	-0.2704	-1.0000
0.1096	-0.0415	-2.0000
0.1769	0.0419	-1.0000
0.0320	0.1725	-1.0000
0.0852	-0.0410	-1.0000
-0.2502	0.3376	-1.0000
0.3208	-0.1390	-1.0000
-0.0850	0.2297	-1.0000
-0.2674	0.0733	-1.0000
-0.1477	-0.1501	-1.0000
0.2150	0.1738	-2.0000
0.0450	0.2272	-2.0000
0.0877	-0.0349	-2.0000
-0.0006	-0.2832	-1.0000
-0.1944	0.0382	-2.0000
0.3176	-0.3278	-2.0000
0.2491	-0.1727	-1.0000
0.2952	-0.0381	-2.0000
0.3686	-0.0122	-1.0000
-0.4466	-0.1634	-1.0000
-0.1018	0.0964	-1.0000
0.1118	0.1724	-2.0000
-0.3082	0.1419	-2.0000
-0.1994	0.1657	-1.0000
0.1058	-0.2845	-1.0000
0.0994	0.2569	-1.0000
0.1905	-0.2373	-1.0000
0.0847	0.0401	-1.0000
0.0478	-0.1523	-2.0000
0.2268	-0.0517	-3.0000
-0.1150	-0.1201	-1.0000
0.3556	0.2037	-1.0000
-0.1297	0.4187	-1.0000
-0.1385	0.3734	-1.0000
0.1359	-0.1835	-3.0000
0.0086	0.2650	-1.0000
0.1024	0.1394	-1.0000
-0.1634	0.0601	-1.0000
-0.0275	-0.3038	-1.0000
0.1242	-0.0539	-3.0000
0.2180	-0.0804	-3.0000
-0.0487	0.0362	-2.0000
-0.0277	0.2146	-2.0000
0.0190	0.0709	-3.0000
0.1559	-0.1739	-2.0000
-0.5355	-0.0229	-1.0000
0.0620	0.2244	-2.0000
0.2715	-0.0459	-2.0000
-0.0495	0.2450	-2.0000
0.3258	0.0767	-2.0000
0.1749	0.1178	-2.0000
-0.0203	-0.0586	-1.0000
0.2651	0.1748	-1.0000
0.2470	0.0366	-1.0000
0.1767	-0.0968	-2.0000
-0.0026	-0.4050	-2.0000
0.1345	-0.0478	-3.0000
0.1960	-0.2301	-2.0000
0.3010	0.3028	-1.0000
-0.0550	-0.0832	-3.0000
0.1107	0.0082	-2.0000
-0.1032	-0.1637	-2.0000
0.2817	-0.0569	-1.0000
0.0154	0.2338	-2.0000
0.2461	0.0274	-1.0000
0.2642	0.1469	-2.0000
-0.0585	-0.3224	-1.0000
0.0582	-0.2997	-2.0000
0.2917	0.3080	-2.0000
-0.0504	0.1885	-2.0000
-0.0621	0.2642	-3.0000
0.1380	0.1397	-1.0000
-0.2417	0.1467	-1.0000
0.0317	0.0949	-1.0000
0.1563	0.0682	-3.0000
-0.1632	-0.4425	-1.0000
0.3205	0.1664	-1.0000
0.1989	-0.1657	-1.0000
-0.1574	-0.2324	-1.0000
0.0663	-0.2059	-1.0000
-0.0244	0.2855	-2.0000
0.1486	-0.3536	-1.0000
0.0636	0.0865	-3.0000
-0.0391	-0.0126	-1.0000
0.1350	0.0799	-2.0000
-0.0722	0.4138	-1.0000
-0.1382	-0.0254	-1.0000
-0.0064	0.0881	-1.0000
-0.3214	0.2483	-1.0000
-0.1103	-0.2325	-3.0000
0.0882	0.1216	-2.0000
0.0538	-0.3262	-1.0000
0.1160	0.0546	-3.0000
0.1579	-0.1481	-2.0000
-0.1721	0.0686	-1.0000
0.2141	-0.2820	-1.0000
0.1845	0.1511	-2.0000
-0.0171	-0.1776	-1.0000
0.1540	0.0597	-1.0000
-0.1857	0.0678	-1.0000
0.3219	0.1099	-1.0000
-0.0067	0.2989	-1.0000
-0.0319	-0.0488	-1.0000
-0.0997	-0.1688	-2.0000
0.1082	0.0446	-2.0000
0.2337	-0.2859	-2.0000
0.2520	-0.0191	-2.0000
0.0184	0.1620	-2.0000
-0.0420	0.0359	-3.0000
0.2797	-0.2409	-1.0000
0.1720	0.3464	-1.0000
0.1146	0.0993	-2.0000
-0.3163	-0.2176	-2.0000
0.1236	0.2646	-1.0000
0.2852	0.0310	-1.0000
-0.2087	0.1060	-1.0000
-0.0127	0.0472	-3.0000
0.0122	-0.0159	-1.0000
0.1035	0.1964	-1.0000
-0.1659	0.0360	-1.0000
-0.0554	0.2327	-2.0000
0.1281	0.2209	-1.0000
0.3675	0.1965	-1.0000
-0.2435	-0.1692	-2.0000
0.0815	0.0455	-1.0000
0.1411	-0.3306	-2.0000
-0.0286	-0.2504	-1.0000
-0.2725	0.2350	-1.0000
0.0797	0.0260	-2.0000
-0.2592	0.2621	-1.0000
0.3449	0.1386	-1.0000
0.1792	-0.3328	-1.0000
-0.1681	0.2787	-1.0000
-0.0094	0.1868	-2.0000
0.2212	0.0394	-3.0000
-0.0659	0.1054	-2.0000
-0.2218	0.2462	-1.0000
0.2376	-0.0669	-1.0000
-0.0138	-0.0745	-3.0000
0.2524	0.2994	-1.0000
0.3875	0.0909	-1.0000
0.0771	0.0261	-2.0000
-0.1605	-0.0785	-2.0000
0.2845	-0.0288	-1.0000
-0.0187	-0.2984	-1.0000
-0.1432	0.1451	-2.0000
-0.1460	0.1270	-1.0000
0.0525	0.2616	-2.0000
0.0078	0.4101	-1.0000
0.0112	-0.0055	-1.0000
0.0340	0.2206	-3.0000
0.3772	-0.1671	-1.0000
0.2602	0.1404	-2.0000
0.1611	0.0579	-2.0000
0.1503	-0.0133	-3.0000
-0.0363	-0.1197	-2.0000
-0.3600	0.2377	-1.0000
0.0106	0.1012	-2.0000
0.2896	0.1325	-1.0000
-0.4210	-0.0009	-1.0000
-0.1133	0.1494	-1.0000
0.2657	0.0504	-2.0000
0.2040	0.2682	-1.0000
-0.1001	0.3181	-2.0000
-0.0206	0.2057	-2.0000
-0.0211	0.1849	-1.0000
0.1640	-0.2136	-3.0000
0.2432	0.0475	-3.0000
-0.1999	0.1561	-1.0000
0.1997	0.1460	-2.0000
-0.0385	0.3502	-2.0000
0.1592	-0.0217	-3.0000
0.0194	-0.2582	-2.0000
0.1825	-0.0064	-3.0000
-0.0755	0.2892	-1.0000
0.3705	0.2808	-1.0000
-0.0087	-0.1208	-1.0000
0.2425	-0.3142	-1.0000
-0.0546	0.1864	-2.0000
-0.0936	0.1165	-1.0000
0.1145	0.0523	-2.0000
-0.0217	0.2842	-2.0000
0.1685	-0.2782	-1.0000
-0.1642	0.3347	-1.0000
-0.0591	-0.0981	-1.0000
-0.1358	0.2243	-1.0000
0.0359	0.1139	-2.0000
0.0706	0.2699	-1.0000
-0.0497	0.1418	-1.0000
0.0088	0.0382	-1.0000
-0.0529	0.0840	-1.0000
0.0099	0.1157	-3.0000
0.1647	0.0889	-1.0000
0.1674	-0.0231	-3.0000
-0.0051	-0.0152	-3.0000
0.0411	0.2085	-3.0000
-0.0748	-0.1560	-3.0000
-0.1191	-0.3008	-1.0000
0.0819	0.2344	-2.0000
-0.0277	-0.0396	-2.0000
0.2160	-0.2245	-2.0000
0.2042	-0.4300	-1.0000
-0.2558	0.0996	-1.0000
0.1351	-0.0544	-1.0000
0.1385	-0.1672	-2.0000
-0.2427	0.1187	-1.0000
-0.0831	-0.1442	-1.0000
0.2354	-0.0473	-3.0000
0.1559	-0.1865	-1.0000
0.0958	-0.0735	-3.0000
0.2561	-0.0222	-2.0000
0.0491	-0.0720	-2.0000
0.1271	-0.2392	-1.0000
0.2056	-0.0857	-3.0000
-0.0143	0.2336	-1.0000
0.1612	-0.0238	-3.0000
-0.1340	0.0996	-2.0000
0.0497	0.1314	-1.0000
0.3394	0.0644	-2.0000
0.0071	0.3979	-1.0000
-0.0570	-0.1904	-3.0000
0.2393	-0.0410	-2.0000
0.0381	0.1634	-3.0000
-0.1316	-0.0316	-1.0000
0.1141	0.1192	-2.0000
-0.1889	-0.0776	-2.0000
0.0205	-0.2422	-1.0000
0.3374	0.0566	-2.0000
0.0457	0.2027	-3.0000
-0.1833	0.3189	-1.0000
0.0678	0.2749	-1.0000
0.3523	-0.1300	-1.0000
0.1415	0.2729	-1.0000
0.2321	-0.2056	-1.0000
-0.1536	-0.0149	-2.0000
0.1362	-0.0466	-2.0000
0.3633	-0.0393	-2.0000
-0.0305	0.2402	-2.0000
0.2009	0.1793	-1.0000
0.0237	-0.0696	-2.0000
-0.2682	0.4051	-1.0000
-0.0059	0.1252	-3.0000
0.2057	-0.0514	-2.0000
-0.1722	-0.2337	-1.0000
0.1578	0.1756	-3.0000
0.2408	-0.1642	-1.0000
-0.1051	-0.1157	-3.0000
0.1591	-0.2395	-1.0000
-0.0665	-0.2571	-1.0000
-0.3147	0.1813	-1.0000
0.0260	0.2991	-1.0000
0.1441	0.1105	-1.0000
-0.1541	-0.0757	-1.0000
-0.0475	0.1265	-1.0000
0.0638	0.1262	-1.0000
-0.4121	0.2480	-1.0000
-0.0267	-0.1680	-1.0000
0.3607	0.1805	-1.0000
0.2917	0.2634	-1.0000
0.0746	0.0775	-2.0000
-0.4208	0.0334	-2.0000
0.2795	-0.1726	-2.0000
0.1289	0.2316	-3.0000
-0.1053	-0.1153	-1.0000
-0.1400	-0.3968	-1.0000
0.0417	-0.1686	-2.0000
0.2246	0.2351	-2.0000
0.0194	-0.0623	-1.0000
0.1092	0.0465	-3.0000
0.2416	0.0204	-3.0000
-0.0322	0.0476	-1.0000
-0.1449	-0.1384	-1.0000
0.2392	0.0754	-3.0000
0.0601	0.2945	-2.0000
0.2641	0.1321	-1.0000
0.1538	0.0093	-1.0000
-0.1719	-0.2887	-1.0000
-0.1980	0.3137	-1.0000
0.2227	0.0818	-1.0000
0.0462	0.0669	-2.0000
-0.1121	0.1266	-1.0000
0.1990	0.2072	-1.0000
-0.1894	-0.0363	-1.0000
0.0153	0.1900	-2.0000
-0.2363	0.2263	-1.0000
-0.0283	0.0454	-3.0000
0.0073	0.3625	-1.0000
-0.2323	0.0916	-1.0000
0.3075	0.0783	-1.0000
0.1448	-0.3214	-2.0000
0.1950	0.0024	-1.0000
-0.0588	-0.2423	-2.0000
0.0793	-0.1486	-1.0000
-0.1303	-0.3592	-1.0000
-0.0246	0.1804	-3.0000
-0.4390	0.0668	-1.0000
-0.0737	-0.0163	-3.0000
-0.2399	0.2728	-1.0000
0.2397	-0.3051	-1.0000
0.1788	0.0042	-1.0000
-0.2317	0.0497	-1.0000
-0.0506	-0.2207	-2.0000
0.2026	-0.0504	-1.0000
-0.1923	-0.0301	-1.0000
-0.0977	-0.0623	-2.0000
0.0164	-0.2476	-2.0000
-0.0692	0.4050	-1.0000
0.0622	-0.2681	-1.0000
0.2247	0.2487	-1.0000
-0.0749	-0.0847	-1.0000
0.2047	0.1898	-1.0000
0.2358	-0.2735	-1.0000
0.1469	0.1812	-1.0000
0.1245	0.2397	-1.0000
-0.1639	0.0526	-3.0000
0.0934	-0.3068	-2.0000
-0.2248	-0.0967	-1.0000
0.3234	-0.0080	-1.0000
-0.1520	-0.1997	-2.0000
0.0088	0.2464	-1.0000
0.2369	-0.0969	-2.0000
0.2874	0.2735	-1.0000
0.0751	0.4270	-1.0000
0.0714	-0.3815	-1.0000
-0.0290	0.1522	-1.0000
-0.1083	0.1769	-1.0000
0.4019	0.0186	-2.0000
-0.1984	0.0293	-2.0000
0.2610	0.1523	-2.0000
-0.0836	-0.1753	-3.0000
-0.1374	0.2126	-1.0000
-0.0449	-0.3384	-2.0000
-0.1388	0.1787	-1.0000
-0.1181	0.2510	-1.0000
0.3119	0.2896	-1.0000
0.1724	0.1005	-3.0000
-0.0804	-0.0180	-1.0000
0.1494	0.1893	-1.0000
0.4430	-0.0928	-1.0000
0.3552	0.0267	-2.0000
0.2605	0.0538	-1.0000
0.2368	-0.2034	-2.0000
-0.0480	-0.4631	-1.0000
0.1811	-0.0107	-2.0000
0.3267	0.0369	-2.0000
0.0954	0.2147	-2.0000
0.2917	0.1867	-2.0000
0.2001	-0.1342	-1.0000
0.2325	0.3642	-1.0000
-0.1834	-0.0136	-3.0000
-0.0852	-0.0394	-1.0000
-0.1227	0.0810	-3.0000
0.0471	0.0756	-3.0000
-0.0890	-0.0081	-1.0000
-0.2146	-0.0301	-2.0000
0.1968	0.0897	-3.0000
-0.0929	0.0335	-3.0000
0.0388	0.1969	-2.0000
-0.0072	0.4663	-1.0000
0.1527	-0.0867	-2.0000
-0.0849	0.1318	-3.0000
0.0920	0.0358	-2.0000
-0.0545	-0.2035	-1.0000
0.0355	0.2478	-1.0000
0.2443	0.1771	-1.0000
-0.0915	0.0502	-1.0000
0.2094	0.2044	-2.0000
-0.3234	-0.0215	-1.0000
0.2688	0.1720	-1.0000
0.1710	0.1273	-1.0000
-0.1507	-0.2551	-1.0000
-0.1909	-0.0449	-1.0000
0.3502	-0.3057	-1.0000
-0.0584	-0.0986	-2.0000
-0.2763	0.0594	-1.0000
-0.1499	0.2666	-1.0000
0.1022	-0.0861	-1.0000
0.2805	-0.3011	-1.0000
0.1362	-0.1518	-3.0000
0.0534	-0.1957	-3.0000
0.0309	0.1869	-3.0000
-0.1147	-0.0745	-1.0000
0.0293	0.2296	-1.0000
0.0974	0.3706	-2.0000
0.1595	0.3751	-1.0000
-0.2335	0.2446	-1.0000
-0.4096	0.0085	-1.0000
0.1962	0.1232	-1.0000
-0.1388	-0.3019	-1.0000
-0.3871	0.2238	-1.0000
0.3124	-0.1012	-2.0000
0.2213	0.1231	-1.0000
0.0330	-0.1733	-1.0000
0.2631	-0.1497	-2.0000
0.1048	0.3470	-2.0000
0.1455	-0.1632	-3.0000
0.0117	0.1914	-3.0000
-0.1716	0.2227	-2.0000
-0.1383	-0.2223	-2.0000
-0.0492	-0.0461	-1.0000
0.2980	0.0454	-2.0000
-0.2308	0.1182	-1.0000
-0.1227	-0.2552	-1.0000
0.2805	-0.3768	-1.0000
-0.0270	-0.2629	-1.0000
0.0767	0.2849	-3.0000
-0.2296	0.2533	-1.0000
0.1959	0.1101	-1.0000
0.3233	-0.1691	-1.0000
0.2551	0.1393	-2.0000
-0.0033	-0.1964	-1.0000
-0.2423	-0.0224	-1.0000
-0.1941	0.0010	-3.0000
0.1915	0.0610	-1.0000
0.3128	0.1439	-2.0000
0.0780	0.1539	-1.0000
0.0847	-0.3897	-2.0000
-0.2538	0.1497	-2.0000
0.1372	0.1878	-1.0000
0.0773	0.0465	-1.0000
0.0918	0.1900	-1.0000
0.1965	-0.0449	-2.0000
0.0289	-0.0904	-2.0000
0.1246	0.0409	-1.0000
0.0249	0.1475	-1.0000
0.0702	0.1782	-3.0000
-0.0424	-0.0616	-1.0000
0.2083	0.1548	-3.0000
0.1854	0.0615	-1.0000
-0.2757	0.1510	-2.0000
0.4399	0.0361	-1.0000
-0.0335	0.0225	-1.0000
0.3287	-0.1447	-3.0000
0.1285	0.0731	-1.0000
0.0338	0.2620	-1.0000
0.1802	0.1341	-2.0000
-0.0745	-0.3775	-1.0000
-0.0847	-0.3366	-2.0000
0.0711	-0.2022	-1.0000
0.1500	0.2062	-1.0000
0.2549	0.0275	-1.0000
-0.1337	-0.0856	-1.0000
-0.0693	0.1454	-1.0000
0.2479	-0.1368	-1.0000
0.4053	0.1044	-1.0000
-0.1455	-0.2070	-1.0000
0.1694	-0.1788	-2.0000
0.1061	0.4157	-1.0000
0.1429	0.0050	-3.0000
-0.0903	0.0610	-1.0000
0.2884	-0.2238	-1.0000
-0.1280	0.3294	-2.0000
-0.1554	0.0657	-2.0000
0.1141	-0.1772	-1.0000
-0.0317	0.1209	-1.0000
0.2809	-0.0511	-1.0000
0.1288	-0.2893	-2.0000
0.0612	0.3289	-2.0000
-0.0045	0.0029	-3.0000
-0.3598	-0.1196	-1.0000
-0.0163	-0.1751	-2.0000
0.1303	0.0507	-2.0000
0.0708	-0.2871	-2.0000
0.1937	0.0028	-2.0000
-0.0872	0.0517	-2.0000
0.2745	-0.1653	-1.0000
0.2080	0.0616	-2.0000
0.3773	0.0773	-1.0000
0.1485	-0.2726	-2.0000
0.0909	0.0542	-1.0000
0.0257	0.1274	-3.0000
0.1541	0.2191	-1.0000
0.1773	0.0726	-3.0000
-0.1099	0.2778	-1.0000
-0.1148	0.0884	-1.0000
0.3367	0.1231	-2.0000
0.0916	0.0304	-3.0000
0.1846	0.0371	-1.0000
-0.0823	-0.0998	-3.0000
-0.1993	0.2746	-2.0000
0.1702	0.1054	-3.0000
-0.1460	-0.0222	-1.0000
-0.1475	0.2212	-1.0000
-0.1667	0.2424	-1.0000
-0.3713	-0.0455	-1.0000
0.1598	-0.1016	-3.0000
-0.0961	0.2578	-1.0000
0.0781	0.1645	-3.0000
0.2286	0.2240	-2.0000
0.1693	-0.0405	-1.0000
0.1638	0.1341	-1.0000
0.1395	0.3116	-1.0000
-0.0821	-0.1006	-2.0000
0.1665	0.2033	-1.0000
0.1884	-0.3249	-1.0000
0.2104	0.0772	-1.0000
0.2979	-0.0656	-3.0000
0.2089	-0.1018	-2.0000
-0.0897	0.0723	-3.0000
-0.0252	-0.1729	-3.0000
0.0874	-0.0039	-2.0000
0.2145	0.1217	-2.0000
-0.0331	-0.0289	-3.0000
0.3071	0.2048	-1.0000
0.1252	0.1775	-1.0000
0.0657	-0.3422	-1.0000
0.0348	0.3953	-2.0000
-0.1780	-0.2712	-1.0000
-0.3935	-0.0904	-1.0000
-0.0819	-0.0611	-1.0000
0.3711	0.2710	-1.0000
0.3392	0.1059	-1.0000
0.2435	0.0227	-3.0000
0.0747	0.0556	-2.0000
-0.1311	0.0651	-1.0000
0.1810	0.0171	-2.0000
-0.1144	0.1777	-1.0000
0.0931	-0.3278	-1.0000
0.0989	0.2212	-1.0000
-0.0850	-0.3168	-1.0000
-0.0456	-0.2619	-1.0000
-0.1525	0.2237	-2.0000
-0.2952	-0.2002	-1.0000
-0.2661	0.1273	-1.0000
0.3163	-0.2004	-1.0000
0.0816	0.2128	-2.0000
0.1182	0.0735	-2.0000
0.0530	-0.0700	-2.0000
0.1437	-0.2897	-1.0000
0.2073	0.0745	-3.0000
-0.3612	0.0364	-1.0000
0.1228	-0.0178	-3.0000
0.2051	-0.1136	-1.0000
0.1488	0.1659	-2.0000
0.2477	-0.2195	-2.0000
0.2277	0.1218	-1.0000
-0.0906	-0.0017	-2.0000
0.2726	0.1542	-1.0000
-0.1166	0.1138	-1.0000
0.0313	-0.0183	-3.0000
-0.1255	0.1081	-2.0000
0.0987	0.2093	-2.0000
-0.0163	-0.0899	-3.0000
0.2295	-0.0770	-2.0000
-0.0675	0.2252	-3.0000
0.0593	-0.1496	-1.0000
-0.1642	0.0508	-1.0000
0.0995	-0.1990	-1.0000
-0.0188	-0.2798	-1.0000
-0.3472	-0.0347	-1.0000
0.2559	-0.1271	-1.0000
0.0576	0.0915	-3.0000
-0.2074	0.0607	-2.0000
-0.2326	-0.0013	-1.0000
-0.0003	-0.1837	-2.0000
0.1417	0.0781	-3.0000
-0.0099	-0.2171	-1.0000
-0.0578	-0.2580	-1.0000
0.1257	0.0165	-2.0000
0.0350	0.0255	-1.0000
0.1545	0.2892	-2.0000
0.0097	-0.0485	-3.0000
0.0305	0.0329	-3.0000
0.1159	-0.2322	-2.0000
-0.0644	-0.1160	-3.0000
0.0121	-0.2514	-2.0000
0.2991	-0.0342	-1.0000
0.1277	-0.2906	-1.0000
0.1461	-0.3145	-1.0000
0.0544	-0.1355	-3.0000
0.2813	-0.0497	-1.0000
-0.0168	-0.2675	-2.0000
-0.2326	0.3359	-2.0000
0.0852	-0.0506	-3.0000
-0.2186	-0.1503	-1.0000
0.0017	0.2156	-2.0000
0.0056	-0.3486	-1.0000
0.0944	0.1729	-2.0000
0.0971	0.0020	-2.0000
-0.1192	-0.1822	-2.0000
0.1844	-0.1946	-1.0000
0.3726	0.0937	-1.0000
-0.1194	-0.0764	-1.0000
0.3144	-0.0805	-1.0000
0.1526	0.0207	-2.0000
-0.1318	-0.0329	-2.0000
-0.0678	0.2497	-2.0000
-0.0845	0.3473	-3.0000
-0.0940	0.4091	-1.0000
0.1527	0.1705	-3.0000
-0.2184	0.0077	-1.0000
0.0574	0.1499	-2.0000
0.1526	-0.3967	-1.0000
-0.0132	0.0428	-1.0000
0.0222	0.3444	-3.0000
-0.2302	-0.1340	-2.0000
0.2226	-0.0283	-1.0000
0.1345	-0.1228	-3.0000
0.1917	0.4078	-1.0000
0.0488	-0.0771	-2.0000
0.0673	-0.0205	-3.0000
0.2517	-0.0100	-3.0000
0.0497	0.0236	-1.0000
-0.0332	-0.1364	-1.0000
0.2463	-0.0697	-1.0000
0.0052	0.0169	-2.0000
-0.2509	-0.0341	-1.0000
-0.1041	-0.0643	-1.0000
0.0683	0.0165	-1.0000
0.2749	-0.0543	-2.0000
0.2432	-0.0037	-1.0000
0.0231	0.2725	-1.0000
0.0208	-0.2199	-1.0000
-0.0486	-0.1508	-2.0000
-0.1104	-0.0826	-3.0000
0.1084	0.1755	-1.0000
0.2460	0.1708	-2.0000
-0.0792	-0.0848	-2.0000
0.0563	-0.0421	-3.0000
-0.1383	0.1832	-2.0000
0.0720	0.2398	-1.0000
-0.2138	0.1213	-1.0000
0.0728	-0.1935	-2.0000
-0.0263	0.1134	-3.0000
0.4062	0.0182	-1.0000
-0.1684	0.0884	-1.0000
0.3332	0.1672	-1.0000
-0.2228	-0.0247	-1.0000
-0.0386	-0.4237	-1.0000
0.0813	0.2043	-2.0000
-0.3886	-0.0528	-1.0000
-0.2893	0.0656	-1.0000
0.2000	0.2072	-1.0000
-0.2031	-0.3548	-1.0000
-0.3031	-0.0328	-1.0000
0.2605	0.2036	-1.0000
-0.0214	0.2491	-2.0000
-0.0549	-0.0362	-2.0000
0.1175	-0.1778	-1.0000
-0.2586	-0.0124	-2.0000
0.1034	-0.0749	-1.0000
0.2573	0.1489	-3.0000
0.1836	-0.0180	-3.0000
-0.0514	-0.2565	-1.0000
-0.1466	0.1261	-1.0000
-0.1540	0.1526	-2.0000
0.0237	-0.0113	-3.0000
0.0015	0.3703	-1.0000
0.1386	0.1664	-2.0000
0.0812	-0.1311	-1.0000
0.0821	0.0238	-3.0000
-0.1477	-0.1088	-1.0000
-0.4031	0.1340	-1.0000
0.1490	0.3581	-1.0000
0.0338	-0.0903	-3.0000
-0.0909	0.1725	-1.0000
-0.0279	0.0654	-2.0000
0.3681	-0.1125	-1.0000
0.0241	0.0391	-3.0000
-0.0514	0.0779	-1.0000
0.2505	0.1487	-1.0000
-0.0922	0.1914	-2.0000
-0.0757	-0.0871	-2.0000
0.2589	0.1038	-3.0000
0.0428	0.0309	-2.0000
-0.0394	-0.1492	-2.0000
-0.0219	-0.1987	-1.0000
0.1340	-0.0520	-3.0000
0.1427	0.3074	-1.0000
0.1713	0.0949	-3.0000
-0.0347	0.1235	-1.0000
-0.3474	0.1989	-1.0000
0.1186	-0.1745	-1.0000
0.0650	-0.2259	-2.0000
0.1372	-0.1541	-2.0000
0.1683	-0.3350	-1.0000
0.1218	0.0970	-1.0000
-0.0314	-0.2466	-2.0000
0.1608	0.0521	-1.0000
0.0540	0.4079	-1.0000
0.2724	-0.2114	-1.0000
-0.1975	0.0668	-1.0000
-0.0131	0.3232	-2.0000
-0.0003	0.1353	-2.0000
0.2686	-0.0983	-1.0000
0.1712	-0.1415	-1.0000
-0.2136	-0.2683	-2.0000
0.3373	-0.0215	-2.0000
0.2565	0.1286	-3.0000
0.0123	0.2530	-3.0000
-0.1802	-0.0904	-3.0000
-0.1435	0.0518	-3.0000
0.2000	0.1139	-1.0000
0.2217	0.1062	-1.0000
0.1915	0.1165	-1.0000
-0.1291	-0.0067	-1.0000
-0.1024	0.1530	-3.0000
0.1035	0.1329	-1.0000
-0.0522	0.0996	-1.0000
0.0084	0.1527	-3.0000
-0.0673	0.1600	-1.0000
0.0482	-0.1222	-3.0000
0.1428	-0.1058	-3.0000
0.1369	0.1599	-3.0000
0.0886	0.1659	-3.0000
0.3091	0.1210	-3.0000
0.3351	0.0336	-3.0000
0.3506	-0.1493	-3.0000
-0.2339	-0.0080	-3.0000
-0.0179	0.1561	-1.0000
0.0991	0.0143	-3.0000
0.3005	0.0403	-3.0000
0.1382	-0.0314	-3.0000
0.1001	0.0762	-3.0000
0.0437	0.1825	-1.0000
0.1032	-0.0513	-3.0000
-0.0141	-0.0906	-3.0000
-0.2137	0.2918	-3.0000
0.0701	0.0390	-3.0000
0.2787	-0.1875	-3.0000
0.3628	0.1109	-1.0000
0.1555	0.1332	-3.0000
0.2026	-0.0432	-3.0000
0.0145	-0.2732	-1.0000
0.1103	-0.4087	-1.0000
-0.0050	0.1314	-1.0000
0.0945	0.1402	-3.0000
-0.2066	-0.0622	-1.0000
-0.1342	-0.0765	-3.0000
0.2075	0.1527	-3.0000
0.1422	0.0961	-3.0000
-0.0629	0.3209	-1.0000
0.1512	-0.1646	-3.0000
0.2232	0.2035	-3.0000
-0.3675	0.1191	-1.0000
-0.2109	-0.0267	-1.0000
0.1093	-0.0563	-3.0000
0.1012	0.0666	-1.0000
0.2991	0.0429	-1.0000
-0.2783	0.1610	-3.0000
-0.0427	0.1862	-3.0000
0.0671	-0.1147	-1.0000
0.1335	-0.1738	-1.0000
0.0979	0.2049	-1.0000
0.2021	-0.0762	-3.0000
-0.2228	0.3078	-1.0000
0.1194	-0.0742	-1.0000
0.0565	-0.0900	-3.0000
0.0621	0.4075	-1.0000
0.2577	0.1955	-3.0000
-0.3755	0.0491	-1.0000
0.1068	0.1134	-3.0000
0.1400	0.1035	-1.0000
-0.1867	-0.0615	-3.0000
-0.0559	0.2135	-1.0000
0.0093	0.1277	-3.0000
-0.1405	0.0294	-1.0000
0.3052	-0.1115	-3.0000
0.1090	0.0049	-1.0000
0.1502	0.1435	-3.0000
-0.2292	0.1838	-1.0000
0.1357	0.0755	-3.0000
0.0804	-0.0476	-3.0000
-0.0142	0.0666	-3.0000
-0.0489	0.2375	-3.0000
0.1757	0.1388	-3.0000
0.1139	-0.1303	-3.0000
-0.0343	0.2677	-1.0000
0.1985	0.2505	-3.0000
-0.1108	-0.1069	-1.0000
-0.1124	-0.2012	-1.0000
0.1087	0.1644	-3.0000
-0.1451	0.2197	-1.0000
-0.0844	-0.0555	-3.0000
-0.0987	-0.2074	-1.0000
0.1705	0.1650	-1.0000
0.2186	-0.3251	-1.0000
-0.0107	0.1940	-1.0000
-0.1312	-0.0517	-1.0000
-0.0763	0.1864	-1.0000
-0.3043	0.1919	-1.0000
0.2021	-0.3843	-1.0000
-0.0088	-0.0257	-1.0000
-0.0507	-0.0406	-1.0000
0.2112	-0.2295	-3.0000
-0.1453	0.1420	-3.0000
-0.0066	-0.1177	-3.0000
-0.0413	-0.1990	-3.0000
0.0265	0.0318	-3.0000
-0.1505	-0.0200	-3.0000
-0.0719	0.0927	-3.0000
-0.0494	0.0126	-3.0000
0.3135	-0.1307	-1.0000
0.0677	0.1404	-3.0000
-0.0664	0.0372	-3.0000
0.0190	0.2367	-2.0000
-0.1077	-0.0342	-3.0000
0.1500	0.1731	-2.0000
0.4256	-0.0600	-2.0000
0.0675	-0.0942	-2.0000
0.2763	0.0743	-3.0000
0.1410	0.0789	-2.0000
-0.1143	-0.0061	-3.0000
0.1582	-0.1543	-3.0000
-0.0824	-0.0527	-2.0000
-0.0612	-0.1384	-2.0000
-0.0566	0.0366	-3.0000
0.1133	0.2743	-3.0000
0.1386	0.0032	-3.0000
-0.0763	-0.0888	-3.0000
0.1170	0.3537	-2.0000
-0.0908	0.2341	-3.0000
0.3007	-0.4181	-2.0000
0.4495	-0.1890	-2.0000
-0.0881	0.1290	-3.0000
0.1479	0.0472	-3.0000
0.3730	-0.0324	-2.0000
0.0997	-0.0424	-2.0000
0.1057	0.3682	-2.0000
0.0724	0.1528	-3.0000
0.1077	0.0834	-2.0000
-0.1292	-0.1356	-3.0000
-0.0313	-0.2003	-3.0000
-0.0152	-0.0055	-3.0000
-0.3273	0.1885	-2.0000
-0.1882	-0.2389	-3.0000
-0.2053	-0.2003	-2.0000
-0.1737	-0.1772	-2.0000
0.0195	0.1499	-3.0000
-0.0251	-0.0659	-3.0000
0.0523	0.3754	-2.0000
0.0953	-0.2172	-3.0000
-0.1224	0.2352	-3.0000
0.2783	-0.1780	-2.0000
-0.0788	-0.0230	-2.0000
0.3465	0.1350	-2.0000
0.3747	-0.1148	-3.0000
-0.3911	0.1427	-2.0000
0.1220	-0.1343	-3.0000
0.4364	0.0822	-2.0000
0.3447	-0.0305	-3.0000
-0.0190	-0.0383	-3.0000
0.1172	0.2891	-3.0000
-0.0741	0.1098	-2.0000
-0.0747	0.4450	-2.0000
0.0210	-0.1259	-2.0000
0.2455	0.1955	-2.0000
-0.0588	0.1694	-2.0000
-0.2130	-0.0586	-2.0000
-0.1752	0.0133	-2.0000
-0.1691	0.0993	-2.0000
0.3039	0.0886	-3.0000
0.1839	0.3524	-2.0000
0.1644	0.0911	-2.0000
0.0436	0.0314	-3.0000
0.0834	-0.2348	-3.0000
0.0266	-0.2200	-3.0000
-0.1618	0.1115	-2.0000
-0.3236	-0.0010	-2.0000
-0.0094	0.1439	-3.0000
0.3708	0.0098	-2.0000
-0.1786	0.2044	-2.0000
-0.0679	0.1732	-2.0000
-0.0287	0.0330	-3.0000
0.1034	0.0434	-3.0000
0.0127	0.2118	-2.0000
-0.0519	0.0670	-3.0000
0.2679	0.1946	-2.0000
0.2053	0.1026	-3.0000
0.2477	-0.1542	-2.0000
-0.0464	0.2866	-2.0000
0.1007	0.1792	-2.0000
0.2953	-0.0663	-3.0000
0.2131	-0.1862	-3.0000
-0.1410	-0.0640	-3.0000
-0.0101	-0.1701	-2.0000
0.2629	-0.0727	-3.0000
0.2864	-0.0220	-3.0000
-0.2159	-0.1798	-3.0000
-0.0469	0.2599	-2.0000
0.1743	0.2103	-2.0000
0.0649	0.1491	-3.0000
0.2683	0.0465	-3.0000
0.0331	-0.0146	-3.0000
-0.0899	0.0749	-3.0000
0.3332	-0.1822	-2.0000
0.1863	0.1663	-2.0000
0.1425	0.1834	-3.0000
0.2334	0.2490	-3.0000
-0.0579	0.1317	-3.0000
0.0986	-0.0209	-3.0000
-0.1888	-0.1300	-3.0000
-0.0606	-0.0181	-2.0000
-0.0527	0.0238	-2.0000
0.1005	0.1800	-2.0000
-0.1754	0.2097	-3.0000
-0.0562	0.3786	-2.0000
0.0754	-0.0117	-2.0000
0.3832	0.0909	-3.0000
-0.0173	-0.1356	-2.0000
0.2525	0.0867	-2.0000
-0.0198	-0.0634	-2.0000
-0.3067	0.1208	-2.0000
0.0187	-0.0194	-2.0000
0.0460	-0.0057	-3.0000
0.4403	-0.2252	-2.0000
-0.3613	0.1194	-2.0000
0.0779	-0.1061	-3.0000
-0.2138	0.1265	-2.0000
0.1214	-0.0377	-3.0000
-0.0016	0.1665	-3.0000
-0.1340	-0.0819	-2.0000
-0.1495	0.0744	-3.0000
-0.1028	0.3258	-2.0000
-0.0208	-0.2666	-3.0000
0.0903	-0.0713	-3.0000
-0.1732	0.2465	-3.0000
0.3856	0.1097	-2.0000
-0.2144	0.3071	-2.0000
-0.0005	0.1302	-3.0000
0.2493	0.0205	-3.0000
0.3596	-0.0467	-2.0000
0.0763	0.3692	-2.0000
-0.0702	0.0525	-2.0000
0.1928	0.2433	-2.0000
0.0810	-0.1607	-2.0000
0.1522	0.2872	-3.0000
0.1166	0.1488	-2.0000
0.1890	0.1281	-3.0000
-0.1112	0.1657	-3.0000
0.0238	-0.0531	-2.0000
-0.1991	0.1158	-3.0000
0.3618	-0.0663	-2.0000
-0.1532	-0.0404	-3.0000
-0.0208	-0.0603	-2.0000
0.3366	-0.1038	-3.0000
-0.0855	0.2578	-3.0000
0.0795	-0.2980	-2.0000
0.0060	0.0433	-3.0000
0.2544	0.1200	-2.0000
-0.0519	0.1631	-2.0000
0.2514	0.1491	-3.0000
-0.2244	0.1424	-3.0000
-0.3451	0.1070	-2.0000
0.3226	-0.0612	-2.0000
-0.0565	0.0004	-3.0000
0.1475	-0.0909	-3.0000
0.1277	0.1796	-3.0000
0.0602	0.1588	-3.0000
-0.0177	0.2233	-2.0000
0.1933	0.1939	-3.0000
-0.0824	0.0095	-2.0000
0.0161	0.1433	-3.0000
-0.2638	0.0836	-3.0000
0.2065	-0.0139	-2.0000
0.1847	-0.3219	-2.0000
0.0289	0.0528	-3.0000
0.2100	0.1176	-3.0000
0.2429	-0.1226	-3.0000
-0.0335	-0.0041	-3.0000
0.2584	-0.2262	-2.0000
-0.2347	0.3870	-2.0000
-0.2164	0.2571	-2.0000
0.4451	0.0735	-2.0000
0.1763	-0.2580	-2.0000
-0.0138	0.1605	-3.0000
-0.5047	0.0488	-2.0000
-0.1929	0.1714	-3.0000
0.0309	-0.1990	-3.0000
-0.1597	0.1198	-2.0000
-0.1876	-0.0006	-3.0000
-0.2758	0.0122	-2.0000
0.0280	0.1449	-3.0000
0.1612	0.1144	-3.0000
-0.1091	-0.1367	-3.0000
0.1299	-0.3283	-2.0000
0.1917	-0.0145	-3.0000
-0.1298	-0.1445	-2.0000
