3.6630e-02
2.1798e-01
1.5569e-01
2.8712e-01
1.0676e-01
5.8434e-01
1.0533e-01
1.0423e-01
3.0201e-01
1.8584e-01
1.0205e-01
5.7810e-02
1.8213e-02
1.5443e-01
5.8856e-02
3.6707e-04
1.6768e-01
9.7031e-02
4.3074e-01
1.6699e-01
1.2898e-01
1.7839e-01
1.0802e-01
2.3724e-01
2.3537e-01
2.1412e-01
2.8150e-01
1.2240e-01
7.2584e-02
1.1073e-01
2.1470e-01
8.7664e-01
1.3561e-01
9.3080e-02
1.0030e-01
1.3816e-01
5.1084e-02
3.0193e-01
5.2560e-01
1.7726e-01
2.4574e-01
2.2513e-01
1.5440e-01
2.3290e-01
5.0884e-02
7.5043e-02
6.7681e-01
2.5282e-01
3.7260e-01
1.4997e-01
3.9792e-02
2.0081e-01
1.0726e-01
2.3222e-01
8.7440e-02
6.8258e-01
2.6268e-01
9.0949e-02
9.9447e-02
1.0211e-01
1.4006e-02
1.5001e-01
5.3746e-01
1.0553e-01
9.6450e-02
3.1548e-01
3.3653e-02
7.0427e-02
1.1253e-01
3.0028e-01
2.5030e-01
1.1494e-01
2.7756e-01
7.0887e-02
2.8096e-02
2.8673e-01
4.0131e-02
7.5437e-02
8.3125e-02
5.8878e-02
1.6702e-01
8.3201e-02
1.7510e-01
1.5047e-01
3.1849e-01
1.5450e-01
2.5556e-01
1.7505e-01
3.7287e-02
1.9624e-01
5.3951e-02
4.2342e-02
3.1550e-02
1.2969e-01
8.3632e-02
2.1544e-01
2.7052e-01
2.5285e-02
1.2503e-01
1.6003e-01
2.0741e-02
8.3364e-01
1.9705e-01
2.8621e-01
1.0762e-01
2.8913e-02
1.4796e-01
7.4670e-02
1.4883e-01
2.0034e-01
8.2371e-02
1.9627e-01
1.2974e-01
1.2816e-01
2.0123e-01
2.2051e-01
1.2746e-01
7.9434e-02
2.0081e-01
2.4067e-01
1.7847e-02
2.1354e-01
2.1240e-01
1.9443e-01
4.0702e-01
4.7217e-01
6.1205e-01
1.9230e-01
1.7708e-01
1.9835e-01
5.3857e-02
2.9279e-02
1.3465e-01
2.9990e-02
4.2231e-01
1.2667e-01
4.6787e-01
2.4860e-02
1.1343e-01
4.1390e-02
1.1996e-01
1.0681e-01
6.1821e-02
1.9696e-01
1.1515e-01
7.2283e-02
1.7992e-01
2.6522e-03
1.5537e-01
1.2953e-01
6.1254e-01
2.7748e-01
4.0183e-01
1.9212e-02
1.4307e-01
6.1833e-02
7.7107e-02
2.4511e-01
2.1702e-01
2.2483e-01
2.8328e-01
1.2837e-01
1.7580e-01
1.0682e-01
1.2674e-01
2.7304e-01
1.4516e-01
1.6649e-01
1.7348e-01
2.0422e-02
1.9715e-01
7.3914e-02
4.4083e-02
1.2667e-01
1.5730e-01
3.2874e-01
3.7765e-01
1.5270e-01
5.9266e-03
2.0131e-01
2.7422e-01
3.7644e-02
1.2736e-01
6.9082e-02
1.8268e-01
6.5995e-02
1.5635e-01
1.6314e-01
2.0530e-01
1.1571e-01
9.8648e-02
2.7777e-01
1.0998e-01
1.7695e-01
2.1454e-01
1.6085e-01
3.0841e-01
1.8695e-01
1.6993e-01
7.7076e-02
1.0179e-01
1.6370e-01
4.1999e-01
3.7053e-01
6.4336e-02
2.8921e-02
1.8863e-01
3.6275e-01
1.8737e-01
2.9338e-01
4.8397e-01
1.2360e-02
2.6330e-02
1.2012e-01
3.3846e-01
1.8954e-02
2.1129e-01
1.2871e-01
9.6980e-02
6.7382e-02
1.5112e-01
7.4629e-02
3.6701e-01
9.2530e-02
5.4503e-02
6.8333e-02
1.3780e-01
3.0655e-02
1.3999e-01
1.0637e-01
1.1327e-01
7.0187e-02
2.9726e-01
8.9273e-02
1.9121e-01
1.2164e-01
7.7093e-03
7.8900e-02
6.6545e-01
8.6669e-02
5.9436e-02
6.7524e-02
3.6691e-01
1.4790e-01
3.0846e-01
1.2731e-01
5.0605e-02
1.1180e-01
6.4789e-01
1.2421e-01
4.9206e-03
1.0977e-01
4.6374e-01
2.9171e-01
9.4483e-02
2.0274e-01
1.5625e-01
3.0878e-01
1.0559e-01
5.5732e-01
1.2082e-01
1.0006e-01
1.8184e-01
1.6849e-01
1.6019e-01
5.8337e-02
1.5784e-01
4.1664e-01
7.0207e-02
3.4676e-01
9.1429e-02
3.0405e-01
2.0000e-01
3.3010e-02
8.1903e-02
7.4185e-02
1.6366e-01
1.0646e-01
2.3695e-01
6.4326e-02
6.8715e-01
2.7294e-01
1.1027e-01
1.7510e-01
1.4002e-01
1.4976e-01
2.2238e-01
3.9991e-02
1.4729e-01
2.0878e-01
2.4991e-01
3.3673e-02
2.8065e-01
1.1905e-01
6.6445e-02
1.8057e-01
8.0129e-02
3.8659e-02
3.7534e-01
2.9986e-02
2.1306e-01
7.5385e-02
3.4341e-01
1.7069e-02
1.2970e-01
1.4806e-01
3.1983e-01
1.5491e-01
7.3035e-02
7.7152e-02
3.2283e-03
2.2985e-02
8.0839e-02
1.8780e-02
6.5841e-02
9.7510e-02
3.7222e-02
1.6538e-01
2.4604e-02
1.8783e-01
2.0782e-01
1.6542e-01
1.7175e-01
1.8834e-01
2.4260e-01
2.2340e-01
2.1661e-01
3.9064e-01
2.1673e-02
1.7007e-01
1.4959e-01
3.1022e-02
2.8336e-01
1.4871e-01
3.1657e-01
3.5053e-02
4.1066e-02
1.4507e-01
1.7110e-01
4.8664e-01
2.2424e-01
1.3359e-01
2.2279e-02
6.0681e-01
2.0321e-02
5.8644e-01
1.4945e-01
4.3807e-02
2.2088e-01
1.7034e-01
1.6592e-01
9.8708e-02
6.8340e-02
1.9767e-01
2.0661e-01
2.5266e-01
2.1347e-01
1.9014e-01
3.9531e-02
3.1491e-02
2.7923e-02
1.2711e-01
5.6079e-01
1.1406e-01
3.4749e-02
4.5202e-02
2.0430e-01
3.0211e-02
2.1616e-01
1.5774e-01
7.8985e-03
1.9817e-01
1.3011e-01
5.6913e-02
9.4992e-01
1.6541e-01
1.4817e-01
2.4142e-01
1.6988e-01
4.9627e-02
1.6363e-01
5.4474e-01
1.5835e-01
5.9649e-02
8.8545e-02
1.7535e-01
2.5982e-01
2.0353e-01
1.0116e-01
7.1088e-02
1.3463e-01
6.4925e-01
2.2053e-01
3.9719e-02
2.2004e-01
2.3197e-01
6.1689e-03
2.7795e-01
6.3912e-02
9.6984e-02
4.0833e-01
1.3313e-01
6.8568e-02
2.2816e-01
1.3325e-01
2.5553e-01
3.7613e-01
3.1184e-01
1.1776e-01
3.8603e-01
5.4255e-01
2.0205e-01
1.7681e-01
2.7922e-02
1.5435e-01
3.7500e-02
8.6578e-02
4.1988e-01
1.4918e-01
1.0810e-01
3.6935e-01
1.9261e-01
1.6597e-01
2.4734e-01
2.9759e-01
1.3603e-01
8.3768e-02
2.1491e-01
1.5954e-01
4.3698e-01
8.2287e-02
2.5746e-01
1.8655e-01
2.4188e-01
1.8245e-01
7.5526e-02
2.6049e-01
6.3200e-02
1.8817e-02
1.5198e-01
1.6421e-01
1.0360e-01
2.8176e-01
1.8578e-01
1.8667e-01
1.0021e-02
2.2960e-01
9.7156e-02
5.3164e-01
5.2494e-02
4.9699e-01
2.5091e-01
1.5471e-01
4.8639e-01
3.1684e-01
2.4545e-01
1.8036e-01
1.4001e-01
1.3727e-01
1.4813e-01
1.6316e-01
6.2945e-02
3.9604e-03
9.7064e-02
1.6208e-01
2.9362e-02
5.3862e-04
8.8171e-02
1.3499e-01
2.7120e-02
1.2417e-01
6.9585e-02
1.9852e-01
1.2253e-01
1.8825e-02
5.1553e-01
2.9278e-01
7.0351e-02
6.6035e-01
1.6200e-01
2.7918e-01
5.7590e-02
6.8716e-02
2.8579e-01
4.3205e-02
3.5505e-01
5.1218e-02
2.3912e-01
6.1514e-02
2.4841e-01
1.7277e-01
1.4224e-01
2.5260e-01
1.4898e-01
2.2818e-01
2.0077e-01
6.4687e-02
8.1394e-02
1.8916e-01
1.6536e-01
3.0907e-01
3.7546e-02
4.9005e-01
1.8060e-01
1.9213e-01
1.2673e-03
5.0004e-01
7.4694e-02
2.4892e-01
2.1931e-01
1.8455e-02
2.1110e-01
2.8640e-02
4.4643e-01
2.5313e-01
5.6334e-02
8.1013e-02
3.6477e-01
2.7799e-01
9.8607e-02
4.0634e-01
1.0871e-01
7.1704e-01
1.3873e-01
1.4218e-02
1.7881e-01
9.9005e-02
6.2706e-02
1.9256e-01
1.9275e-01
5.6420e-01
9.2807e-02
6.9942e-02
4.2938e-01
2.1659e-01
4.2955e-02
6.2483e-02
1.4757e-01
1.5485e-01
1.9937e-01
2.7098e-01
4.4444e-01
3.9075e-02
2.6498e-01
2.4475e-01
1.9485e-01
8.0597e-02
1.8577e-01
3.0723e-01
1.0412e-01
8.6973e-02
2.0620e-02
9.1959e-02
6.4094e-03
1.8600e-01
1.2233e-01
2.7846e-01
7.6172e-02
8.9975e-02
2.4303e-01
3.1502e-01
6.5276e-02
2.4379e-01
2.6612e-01
2.5969e-01
2.1854e-01
2.6496e-01
7.1403e-02
3.0338e-01
4.2890e-01
5.8806e-01
8.1495e-02
1.9777e-01
9.7579e-02
7.1106e-02
7.6262e-03
1.0177e-01
2.5602e-01
1.5685e-01
3.7446e-01
1.4715e-01
5.4619e-01
1.0106e-01
1.0373e-01
1.5843e-01
3.4873e-01
2.8342e-02
1.3947e-01
1.5108e-01
1.2288e-01
4.9784e-01
3.1365e-01
1.6154e-01
1.7737e-02
3.8555e-02
1.2546e-02
2.9210e-01
1.7626e-02
7.3939e-02
1.3457e-01
1.8129e-01
3.0179e-02
1.0697e-01
5.1547e-01
2.1905e-01
1.1694e-01
1.5959e-01
1.6251e-01
1.2050e-02
5.9910e-01
2.2639e-01
3.0041e-01
5.8907e-01
1.5778e-01
1.6963e-01
1.8718e-01
7.1527e-01
3.6196e-02
2.0424e-01
1.0434e-01
1.5625e-02
3.8549e-02
1.9229e-01
1.0872e-01
9.6782e-02
3.9845e-01
1.0602e-01
2.6080e-02
1.2892e-02
2.2242e-01
8.2559e-02
9.0026e-02
3.4836e-02
2.6269e-01
4.4832e-02
2.6004e-01
3.3318e-01
2.0906e-01
1.6402e-01
3.7287e-01
1.6477e-01
2.1919e-01
2.6362e-01
1.2364e-01
1.9659e-02
1.3749e-01
1.4595e-01
3.6173e-01
2.2963e-01
1.2371e-01
8.2100e-02
1.1827e-01
1.3973e-01
2.0188e-01
4.1635e-02
3.3528e-01
1.1465e-01
5.5972e-02
2.7316e-01
1.4851e-01
9.4522e-02
5.7106e-02
4.6794e-01
9.4495e-02
2.0364e-01
4.9745e-02
1.0815e-01
2.7461e-01
1.1302e-01
1.3214e-01
4.8775e-01
6.9358e-03
1.2397e-01
1.4100e-01
2.8493e-01
4.7123e-01
1.3341e-01
1.5387e-01
1.8393e-01
1.6030e-01
1.2495e-01
9.5424e-02
2.6227e-01
5.1340e-01
1.9000e-01
4.0102e-01
2.3325e-01
2.2352e-01
1.5027e-01
1.5455e-01
5.6005e-02
6.5268e-01
2.2795e-01
6.9315e-02
1.2632e-01
3.0901e-01
1.1443e-01
1.0890e-01
9.6588e-02
1.0778e-02
2.0385e-02
5.6457e-02
2.9179e-01
2.4165e-01
2.5561e-01
5.6492e-01
1.2460e-01
3.6229e-02
6.3799e-02
2.4772e-01
2.9382e-01
1.0483e-01
4.0460e-02
2.9620e-01
8.3550e-02
1.9317e-02
1.0889e-01
1.4273e-02
2.4927e-02
2.4572e-02
3.7222e-01
3.8068e-02
1.2285e-01
1.1047e-01
1.4802e-01
6.3922e-03
2.1184e-01
3.0272e-01
2.1374e-01
9.3569e-03
1.6746e-01
6.0286e-02
1.3686e-01
2.3327e-01
2.7809e-01
1.0704e-01
2.2890e-01
1.2363e-01
4.7190e-02
3.4912e-02
5.3123e-02
1.6604e-01
1.1711e-01
1.2147e-01
6.1354e-02
2.6217e-02
5.4140e-02
6.0017e-01
1.2857e-01
5.4780e-01
2.4962e-01
6.7975e-02
9.4776e-02
4.2375e-02
7.1112e-02
1.8712e-01
8.0312e-02
1.4222e-01
1.0813e-01
2.8973e-01
4.5000e-02
2.2093e-01
8.7298e-02
1.1933e-01
3.8443e-01
1.5167e-01
1.0461e+00
2.6243e-01
2.1673e-01
2.2910e-01
7.6255e-02
2.5503e-01
1.8608e-01
5.7703e-02
2.2547e-01
1.0151e-01
3.2698e-02
3.7766e-01
2.9964e-02
3.8792e-01
1.7121e-01
5.8753e-03
2.3945e-01
1.2215e-01
1.7427e-01
1.0948e-01
1.6729e-01
1.1165e-01
4.6953e-02
4.8223e-02
2.5349e-01
3.8970e-01
6.2904e-02
1.6236e-01
1.4157e-01
1.2805e-01
1.3310e-01
5.3114e-02
4.3754e-01
1.6672e-01
2.7980e-02
2.4227e-01
1.9346e-01
3.0067e-01
2.1356e-01
1.9348e-01
9.3121e-02
1.7995e-02
1.8588e-01
8.0065e-02
5.5977e-02
1.1944e-01
1.8733e-01
7.1077e-02
3.6031e-01
2.5145e-02
2.7103e-01
1.8273e-01
5.9559e-02
4.6221e-01
1.5015e-01
2.4661e-01
1.4442e-01
8.6203e-02
4.0476e-01
5.4042e-02
1.7337e-01
4.0453e-01
6.4873e-02
1.7002e-01
8.1877e-02
9.0812e-01
9.7333e-02
2.1033e-01
5.0257e-02
2.4961e-01
2.1603e-02
1.0555e-01
5.2315e-02
1.0245e-01
1.2297e-01
1.6505e-01
1.6125e-01
2.1773e-01
5.2314e-02
3.7131e-01
1.5628e-01
2.8717e-01
8.7359e-02
1.9139e-01
1.5519e-01
2.9006e-01
1.3680e-02
2.0341e-02
1.9775e-01
5.9553e-02
3.0667e-01
1.4011e-01
9.8578e-02
9.1389e-02
2.2182e-01
2.1224e-01
1.4639e-01
5.5630e-01
3.1104e-02
1.2955e-01
7.8199e-01
5.1356e-02
1.7303e-01
4.2818e-01
9.9501e-03
9.5811e-02
1.9704e-02
1.9798e-01
1.4714e-01
5.2427e-02
1.3271e-01
5.0643e-01
8.6408e-02
1.9724e-01
8.6478e-02
5.1072e-02
2.0972e-01
6.2059e-02
3.9399e-01
1.1045e-01
2.4190e-01
3.3561e-01
3.3298e-01
1.2203e-01
4.2486e-02
1.6907e-01
1.7078e-01
5.2439e-02
1.7887e-01
4.5532e-01
1.2719e-01
3.3349e-02
4.8057e-01
1.1101e-01
4.9775e-02
5.9564e-01
1.1292e-01
6.3113e-02
2.9585e-01
1.2584e-01
1.2352e-01
2.8271e-01
5.0092e-02
2.4000e-01
1.2166e-01
1.1494e-01
1.7407e-01
1.1554e-02
2.3724e-01
1.7756e-01
6.0177e-02
1.4064e-01
1.4565e-01
3.6765e-01
7.5897e-02
1.3824e-01
6.6095e-02
4.6759e-01
1.0016e-01
1.7695e-02
1.4861e-01
8.9500e-02
3.3942e-01
3.3412e-01
9.6624e-01
3.2404e-01
8.7819e-02
3.7982e-02
3.4655e-01
7.3368e-03
4.4351e-01
2.2961e-01
1.7888e-01
9.8477e-02
1.3973e-01
1.1459e-01
2.6119e-01
1.1721e-01
3.8531e-01
5.3791e-02
3.1158e-01
3.0968e-02
2.9056e-01
1.9490e-01
2.1882e-02
2.0323e-01
1.7261e-01
8.4756e-02
3.3368e-02
3.1178e-01
7.2907e-02
1.2613e-01
1.4639e-01
7.2512e-02
1.1192e-01
1.0177e-01
3.1447e-01
8.4980e-02
8.6802e-02
3.0275e-02
2.4916e-01
1.7587e-01
1.7573e-01
3.6419e-03
1.0059e-01
1.2514e-01
2.4047e-01
1.8020e-01
1.1279e-01
1.7606e-01
2.2170e-01
3.5348e-01
1.5273e-01
2.8668e-01
1.1620e-01
4.1957e-02
2.2243e-01
3.3213e-01
2.7999e-03
1.9323e-01
4.3611e-01
2.1819e-01
1.3537e-01
5.2482e-01
5.3548e-01
1.0512e-01
2.1812e-01
1.1197e-01
5.0244e-02
8.8474e-02
3.4769e-01
9.1030e-02
4.6605e-02
8.0739e-02
1.0174e-01
1.4503e-01
1.6481e-02
3.8455e-02
3.0458e-01
1.1058e-02
8.9507e-02
2.3875e-01
9.0659e-02
3.2769e-01
3.8179e-02
3.5718e-01
2.7587e-01
6.6613e-01
1.6354e-01
1.4070e-01
2.4652e-01
1.5742e-01
1.0468e-01
3.0409e-01
3.5418e-01
1.8164e-01
4.7804e-02
3.1867e-01
4.1329e-02
2.7856e-01
2.1351e-02
3.8127e-01
4.1564e-02
2.3217e-01
1.8469e-01
1.9948e-01
3.0798e-02
1.9511e-01
1.9154e-01
2.2833e-01
1.1428e-01
2.8869e-01
3.9672e-01
1.9560e-01
1.3234e-01
7.3305e-02
1.0218e-01
4.2459e-01
2.0184e-01
1.8264e-01
2.2960e-01
5.6875e-03
1.3926e-02
3.5238e-01
1.9184e-01
2.0859e-01
1.1845e-01
1.9395e-01
4.9882e-02
3.5520e-01
1.3544e-01
2.1865e-01
1.4973e-01
6.3122e-02
2.1068e-01
8.2891e-02
1.0429e-01
7.4323e-02
8.2712e-02
2.4874e-01
4.3402e-02
1.8168e-01
2.5074e-02
6.8069e-02
2.0803e-01
1.9736e-01
1.6196e-01
2.2054e-02
6.5531e-02
7.0337e-02
9.0607e-02
4.2460e-02
1.1107e-01
1.4741e-01
1.1270e-01
1.8859e-01
1.6319e-01
2.5305e-01
1.1095e+00
5.9304e-02
1.7649e-01
1.8273e-01
1.3113e-01
9.6232e-02
1.3412e-01
1.9248e-01
1.3759e-01
1.9890e-02
1.9521e-01
1.8181e-01
1.7318e-01
1.0888e-01
5.7492e-01
1.3433e-01
1.8061e-01
4.1118e-04
1.0709e-01
1.1101e-01
1.9499e-01
1.4268e-01
2.8485e-02
8.3342e-02
2.9494e-01
1.7458e-01
1.7274e-01
7.6140e-02
6.2073e-02
1.7517e-01
1.4167e-01
1.6905e-01
1.5333e-01
2.3275e-01
2.3044e-01
5.7361e-02
2.3515e-01
8.0400e-02
1.1943e-01
4.1588e-01
1.9708e-01
1.0241e-01
8.0471e-03
2.4191e-01
1.3782e-01
1.0096e-01
5.9163e-02
8.1820e-02
2.0537e-01
1.7307e-01
1.6112e-01
6.5985e-02
2.1031e-01
1.1541e-01
1.1543e-01
1.2388e-01
1.4437e-01
3.2014e-01
9.9075e-02
1.5346e-01
7.7985e-02
7.7821e-02
3.3647e-01
2.6372e-02
7.5265e-01
8.4518e-02
3.4962e-01
2.2653e-01
4.0123e-02
8.7230e-02
3.8135e-02
2.8644e-01
1.4972e-01
1.7161e-01
3.7221e-01
4.8881e-02
1.7315e-01
1.5933e-01
1.3394e-01
2.4141e-01
5.5870e-01
2.0368e-02
9.8529e-02
2.8491e-01
1.7218e-01
1.9321e-02
2.8166e-01
3.2258e-01
3.8456e-02
1.6926e-01
1.8010e-01
1.5169e-01
5.7513e-02
8.1645e-02
2.2595e-01
1.3381e-01
1.9610e-01
1.4043e-01
5.8050e-02
1.6643e-01
1.5758e-01
1.5329e-01
1.2704e-01
3.7993e-01
8.5004e-01
2.4848e-02
7.0263e-02
1.6511e-01
2.0146e-01
1.1309e-01
2.3279e-01
7.5466e-02
1.7803e-01
8.8558e-02
9.5748e-02
2.2949e-01
7.3238e-01
1.5200e-01
5.4541e-02
1.5853e-01
6.5125e-02
2.7485e-02
3.0636e-01
2.5837e-01
1.3472e-03
2.3242e-01
2.0065e-01
1.5309e-01
1.1764e+00
3.2509e-01
1.0813e-01
2.5560e-01
3.9590e-01
5.8354e-02
2.0652e-01
2.0594e-01
3.1579e-01
1.0409e-01
1.0311e-01
6.5528e-02
1.6904e-01
1.1968e-01
1.6372e-01
7.9987e-04
4.9777e-02
1.7470e-01
2.5852e-01
1.8333e-01
