1030	519	8	18	536	25	33	553	42	559	47	1073	1077	1079	569	1084	579	580	72	1108	86	603	1119	1120	96	1133	112	1147	1149	1150	1157	1158	647	135	144	658	148	1173	1174	158	1189	1197	691	1205	1209	1213	193	714	218	733	750	751	240	755	756	757	247	254	265	782	784	797	804	302	820	312	317	325	851	347	860	862	356	362	884	375	907	420	934	940	946	437	962	453	972	973	477	479	994	487	497	1012	1014
518	14	530	1044	21	1057	548	1063	1082	61	62	66	578	1098	79	84	88	95	1127	618	115	118	633	1146	123	126	1151	128	1159	649	1164	1171	660	661	1178	154	1182	160	674	163	1191	184	697	196	1229	210	729	221	224	226	739	747	753	772	263	776	777	792	287	807	298	813	818	316	319	320	321	840	842	845	847	869	877	368	888	376	890	891	382	384	896	388	909	914	916	422	963	472	988	478	480	485	1011	1017	1020
5	1031	1034	541	1055	1064	1066	1069	48	564	565	57	58	59	1090	585	1099	590	80	1105	1123	1125	101	1128	108	111	623	630	1143	119	637	641	133	134	645	651	1167	1177	157	1184	161	1187	677	1194	175	1203	179	185	191	1220	197	708	1224	203	207	1231	722	213	734	230	752	248	761	769	778	275	798	290	819	831	322	337	338	353	377	894	901	397	917	928	417	423	425	427	428	944	442	969	971	982	471	985	1005	496	506	511
514	520	1032	1039	528	23	26	540	31	547	36	43	1071	1086	68	81	85	608	610	611	613	102	131	1160	652	145	659	151	152	668	672	675	166	678	683	685	173	182	699	710	198	1225	713	715	725	222	228	745	746	767	266	785	277	793	281	801	293	805	809	303	817	306	307	315	335	344	355	360	881	400	406	919	409	923	927	936	937	943	436	953	444	959	459	460	978	979	468	986	1006	1013	502	1016
1153	386	515	2	132	646	1019	904	1025	392	650	780	1037	783	913	1046	1048	283	924	1183	673	930	419	802	289	1061	546	808	1067	299	686	816	1201	434	821	695	55	1081	189	829	958	1088	1089	705	323	449	834	70	1095	327	966	1091	202	1097	75	1102	326	717	594	82	724	596	984	857	89	731	989	992	609	997	1129	489	109	242	629	1141	711	763	1023
258	1027	3	260	773	391	10	1038	143	16	401	403	404	149	918	405	24	413	1185	676	421	806	37	41	555	171	687	432	689	50	696	825	440	56	956	833	450	1222	1223	455	457	841	329	76	461	844	591	1104	848	595	340	1112	1117	993	227	249	870	615	872	234	364	749	366	880	1009	1137	499	500	1136	625	632	889	250	383
768	385	517	902	1033	906	1163	394	138	1166	521	1168	656	274	529	788	895	28	1053	415	931	165	551	168	1065	554	304	1072	688	51	181	53	310	694	188	702	65	1096	588	1228	334	721	209	1107	977	853	470	1110	342	606	481	866	354	484	229	483	1001	1131	236	1135	239	113	882	371	116	885	245	251	765	255
257	1026	1155	643	389	6	4	897	137	390	779	396	1165	526	399	147	1172	280	538	284	796	671	543	416	549	167	1192	297	170	557	941	1200	947	1085	446	830	704	961	575	835	451	69	454	583	837	332	206	719	720	592	1106	78	727	600	473	1114	855	732	607	223	738	99	871	232	106	237	1138	380	505	635	764	1021
1	130	771	899	900	262	648	11	395	911	1169	1170	273	17	1045	657	791	920	1049	282	539	795	1054	1059	169	810	1070	948	822	951	314	1211	954	445	1218	194	324	74	1101	339	852	981	854	87	1111	726	602	856	476	93	1118	787	482	612	100	486	231	619	760	372	117	887	1144	639
0	1024	1154	256	1152	1029	905	140	270	912	1043	19	150	663	279	408	411	29	544	1186	424	681	939	1196	45	1198	815	1074	180	52	693	1083	190	64	67	452	965	1094	1219	328	843	208	336	466	850	212	469	343	346	987	220	990	863	352	991	631	1008	626	243	754	501	374	1142	1015	121	892	766
1028	1162	654	15	527	146	407	1175	27	1180	670	800	35	292	935	811	44	684	431	561	1202	690	950	568	313	572	960	577	706	584	1227	1100	974	1103	718	849	983	345	859	348	736	999	873	1002	874	1130	493	1003	1007	875	241	498	369	246	762	124
640	774	775	139	524	1042	915	20	531	786	535	665	921	155	1179	925	414	1052	1056	32	288	933	39	40	296	938	1195	46	558	945	1078	826	698	1214	63	195	1221	838	73	205	333	846	214	215	598	599	90	604	351	97	614	359	621	1134	238	627	1139	1018	507
513	387	903	393	9	267	268	1035	910	1148	1041	22	1047	153	922	667	286	799	932	1060	550	679	1193	682	172	430	563	308	1204	566	823	311	1208	1210	60	828	1215	192	576	836	1092	581	331	463	723	83	91	349	1121	737	867	868	357	233	107	495	883	1140	636	381	638
644	1156	781	655	1176	410	666	794	285	1181	542	1050	545	294	680	426	812	301	300	305	949	438	1212	832	71	968	456	970	589	465	593	597	217	475	92	94	350	1122	995	740	996	358	1124	1000	488	105	363	1004	235	491	110	365	628	634	893	1022
770	516	522	13	276	1051	156	669	159	34	291	1188	38	1062	1068	429	560	1075	1076	692	443	571	964	582	199	200	1230	211	728	730	858	1116	219	864	741	616	104	617	748	620	622	367	879	370	373	886	759	120	378	379	127
512	136	1161	12	141	269	653	1040	532	789	664	537	412	418	164	1190	295	552	556	174	433	178	49	1206	567	1207	54	1080	827	570	957	318	952	448	187	707	1093	839	467	474	225	744	878	1145	253
129	642	259	261	525	142	402	533	534	30	803	1199	176	562	309	441	573	574	447	1216	712	201	204	77	462	464	601	865	742	743	494	504	122	252	125
898	264	523	1036	398	272	662	183	700	701	703	1217	967	586	1226	716	330	458	980	216	1113	1115	861	735	98	1126	103	361	490	624	508
162	709	7	1132	908	942	975	814	876	1010	435	114	926	1109	503	790	824	955	509	510
929	1058	998	587	492	271	976	177	244	341	758	1087
186	278	439	605
