-0.4247	-0.0202	0.0000
0.4428	-0.4838	0.0000
-0.0807	0.7835	0.0000
0.4911	0.0467	0.0000
-0.0386	-0.1688	-3.0000
0.4627	0.1025	-3.0000
0.2359	-0.0141	-3.0000
-0.1638	-0.1067	0.0000
0.7276	0.1210	0.0000
-0.1330	-0.0148	-3.0000
0.3830	-0.2558	0.0000
-0.1321	0.5647	-2.0000
0.0525	-0.1215	0.0000
-0.3673	-0.2411	-2.0000
0.6479	-0.4695	-2.0000
-0.6491	-0.3589	0.0000
-0.3980	-0.3720	0.0000
0.1555	-0.1668	-2.0000
0.5893	-0.1488	-3.0000
0.5443	0.2332	-2.0000
0.4556	0.5199	-2.0000
-0.0856	-0.6173	0.0000
0.2345	0.3734	0.0000
-0.1291	-0.0714	0.0000
-0.0460	0.3513	0.0000
-0.1338	0.5451	-2.0000
0.2335	-0.0716	0.0000
0.1057	0.4506	-3.0000
0.3572	0.5824	-2.0000
0.3064	-0.1077	-3.0000
0.4498	0.3230	-3.0000
0.5522	0.3335	-3.0000
0.3455	0.2574	-2.0000
0.0288	-0.3748	0.0000
0.6493	0.1475	-2.0000
0.0778	0.8770	-2.0000
-0.0011	0.4399	-2.0000
0.8839	-0.1550	0.0000
0.4468	0.1485	0.0000
0.3379	0.0069	0.0000
0.1831	0.0884	0.0000
-0.0237	1.0037	0.0000
0.0412	-0.1262	-3.0000
-0.0066	0.4637	0.0000
-0.3397	0.6525	0.0000
0.2242	-0.0555	0.0000
0.1231	-0.2034	-2.0000
0.0288	0.6174	-3.0000
0.7520	-0.5851	0.0000
0.5437	0.0841	0.0000
0.2344	-0.0425	-3.0000
-0.0651	-0.3724	-3.0000
-0.1220	-0.2230	-2.0000
0.4071	0.3433	-2.0000
-0.3138	0.0622	0.0000
0.2873	0.1204	-2.0000
0.5051	-0.0292	0.0000
0.0027	-0.0332	0.0000
0.1362	0.3592	0.0000
-0.0810	0.2467	-2.0000
-0.3159	-0.4822	0.0000
-0.1665	0.5163	-2.0000
0.7707	0.1264	0.0000
0.3872	-0.0169	-2.0000
0.5464	0.0123	-2.0000
-0.2534	-0.2145	0.0000
-0.3186	0.8520	0.0000
-0.1475	-0.4477	-2.0000
-0.3197	0.4972	-2.0000
0.5429	0.5198	0.0000
-0.3600	0.6850	0.0000
-0.0103	-0.1019	-3.0000
-0.3631	0.6697	0.0000
0.5159	0.3342	0.0000
0.0881	0.3899	-2.0000
0.5498	0.0216	-2.0000
0.2903	-0.0780	-2.0000
-0.3832	0.1294	-2.0000
-0.0662	0.7427	-2.0000
0.3938	0.0034	0.0000
0.1762	0.3694	0.0000
0.1870	0.8526	-2.0000
-0.0775	0.3726	-2.0000
0.5200	0.1060	-2.0000
0.0731	0.2567	-3.0000
-0.0435	-0.2951	0.0000
-0.5517	-0.4082	0.0000
0.1547	-0.3277	-2.0000
0.4852	-0.6351	0.0000
-0.0008	0.3156	-2.0000
-0.0293	0.5875	-2.0000
-0.5813	-0.0436	-2.0000
-0.0155	-0.2919	0.0000
0.3209	0.1570	0.0000
0.1896	0.1050	-2.0000
-0.6077	0.2529	0.0000
-0.5700	0.6164	-2.0000
0.3148	-0.2487	-2.0000
-0.3500	-0.2738	0.0000
0.5124	0.2216	-2.0000
-0.0215	0.0555	-2.0000
0.1020	0.7664	0.0000
-0.1736	-0.3733	-2.0000
0.4367	0.1990	-3.0000
0.3728	0.8048	0.0000
0.4061	0.1401	-3.0000
0.7021	0.3380	-2.0000
0.2641	0.6617	0.0000
0.3242	0.1867	0.0000
0.3229	-0.3484	-2.0000
0.8681	-0.4442	0.0000
-0.1899	-0.5179	-2.0000
-0.2462	-0.0104	0.0000
0.2013	-0.2169	0.0000
0.3406	-0.1426	-2.0000
0.6626	0.6308	0.0000
0.0152	-0.2144	-2.0000
0.3511	0.0450	0.0000
-0.1263	-0.5044	-3.0000
0.7123	-0.0271	0.0000
0.3810	0.3913	-3.0000
0.0410	0.0147	-3.0000
0.2205	0.3319	-3.0000
0.3131	0.1298	-2.0000
-0.0072	-0.2706	0.0000
0.1928	0.3408	-3.0000
0.5693	0.7706	0.0000
0.0819	0.1291	-3.0000
0.0373	-0.5664	0.0000
0.8063	0.2336	0.0000
0.3326	0.3459	0.0000
-0.0134	0.3860	-3.0000
0.6526	-0.4747	0.0000
0.5281	0.2837	0.0000
0.3408	0.3620	-2.0000
0.2934	0.1859	-3.0000
0.3279	0.3270	-2.0000
0.0098	-0.5932	0.0000
-0.0284	-0.0741	0.0000
-0.1338	-0.3528	-2.0000
0.5831	-0.1928	0.0000
0.2346	0.3477	0.0000
-0.3150	-0.2497	0.0000
0.5781	-0.2863	-3.0000
0.4266	0.1140	0.0000
-0.1963	0.6872	-2.0000
-0.3371	0.4236	-3.0000
0.3961	-0.5755	0.0000
-0.8763	0.0726	0.0000
0.3029	-0.0352	0.0000
0.1464	0.2793	-2.0000
0.2564	-0.5129	0.0000
0.0083	-0.1449	0.0000
0.4212	0.7159	0.0000
0.6389	0.5552	0.0000
0.5046	0.7353	0.0000
0.3201	0.2333	-2.0000
-0.2437	-0.0166	0.0000
0.0518	0.3746	0.0000
0.5280	0.4556	0.0000
-0.0475	0.1206	0.0000
-0.1276	0.6818	0.0000
-0.3631	-0.1586	0.0000
0.6029	0.1978	-3.0000
0.6481	0.2297	0.0000
-0.0516	0.9262	0.0000
0.0415	0.2460	-2.0000
0.7071	0.1956	0.0000
0.1863	-0.1194	-2.0000
0.3166	-0.0997	0.0000
0.6828	-0.2683	-2.0000
-0.6929	-0.0280	-2.0000
-0.0155	0.6895	-2.0000
0.7579	-0.1194	0.0000
-0.1326	-0.5129	-2.0000
0.2714	-0.5005	-3.0000
0.4784	-0.2868	-3.0000
0.6946	0.3663	0.0000
0.8676	-0.5475	0.0000
0.4784	0.8562	0.0000
0.3793	0.0710	-3.0000
-0.3620	-0.1900	-2.0000
-0.1364	-0.4244	-2.0000
0.5899	0.3004	-2.0000
-0.0261	-0.3702	-2.0000
0.3290	0.2565	-3.0000
0.5830	-0.6672	0.0000
0.0848	-0.5689	0.0000
-0.2730	-0.2026	0.0000
0.3548	0.4201	0.0000
0.1021	-0.6227	0.0000
0.5019	0.2930	0.0000
0.4580	-0.4349	0.0000
0.2651	-0.0867	-3.0000
-0.1145	0.3749	0.0000
-0.2688	0.3044	0.0000
0.2751	-0.5083	0.0000
-0.5822	-0.1766	0.0000
0.0110	0.8252	0.0000
-0.2683	-0.4378	0.0000
0.3908	0.3438	0.0000
-0.0072	0.8701	0.0000
-0.0080	0.5398	-2.0000
-0.3394	0.0118	-2.0000
0.1550	-0.0346	-2.0000
-0.2607	-0.6146	0.0000
0.4625	0.0961	0.0000
-0.4556	-0.1194	0.0000
-0.0036	0.5361	0.0000
0.0442	-0.3896	0.0000
-0.3690	0.5634	0.0000
0.1734	0.1267	0.0000
0.4175	-0.0207	-3.0000
-0.1782	1.1489	0.0000
0.3520	-0.6349	0.0000
0.5546	0.2322	-2.0000
0.1080	-0.0775	0.0000
-0.0072	0.2019	-2.0000
0.0529	-0.1968	0.0000
0.0591	0.2917	-3.0000
0.1248	-0.3683	0.0000
-0.6085	0.1476	0.0000
0.9511	-0.3853	0.0000
0.5256	-0.3883	0.0000
-0.1624	-0.2588	0.0000
-0.1898	0.7823	0.0000
0.3013	-0.6173	-2.0000
-0.0158	0.4209	0.0000
0.1418	0.1244	0.0000
-0.5532	0.0308	-2.0000
0.5189	0.4637	0.0000
0.1417	0.7119	0.0000
-0.3597	-0.3042	-2.0000
0.6248	0.2541	-3.0000
0.0100	-0.0012	-3.0000
0.0111	-0.2923	0.0000
0.1961	-0.6409	0.0000
0.7007	0.2843	-2.0000
0.4838	-0.1804	-2.0000
-0.2362	-0.3420	-2.0000
-0.0284	0.4992	0.0000
0.4750	0.2734	-2.0000
-0.0684	0.4605	-2.0000
-0.5630	-0.0402	0.0000
-0.5228	-0.1648	0.0000
0.4636	-0.1010	-2.0000
-0.0860	0.2538	-3.0000
0.6197	0.1581	0.0000
0.1299	0.2573	0.0000
0.3538	-0.0236	-2.0000
0.8848	-0.4893	0.0000
-0.0833	-0.4743	0.0000
-0.5611	-0.1066	0.0000
0.6619	-0.0883	-3.0000
0.0773	0.0466	-2.0000
0.7731	-0.4637	0.0000
-0.1502	0.2672	0.0000
-0.6800	-0.2106	0.0000
0.3638	0.8574	0.0000
0.0615	-0.3295	0.0000
0.0794	0.4518	0.0000
0.3142	-0.0266	-3.0000
0.4074	0.4301	0.0000
0.3828	-0.0820	-2.0000
-0.2505	0.2448	0.0000
0.3427	-0.3624	-2.0000
0.6626	0.1679	-3.0000
0.8774	-0.2531	0.0000
0.7440	0.0154	0.0000
0.3135	0.3642	-2.0000
0.5906	-0.5491	0.0000
-0.2956	0.5993	0.0000
-0.1927	0.1907	-2.0000
-0.2613	0.3976	-2.0000
0.3621	0.2288	-3.0000
0.1376	-0.0679	-3.0000
-0.4293	-0.1073	0.0000
0.1233	-0.8376	0.0000
0.0666	-0.1922	0.0000
-0.2061	0.4457	0.0000
0.6150	0.4350	-2.0000
-0.1720	0.2652	0.0000
0.7250	-0.0575	-3.0000
0.1857	-0.0285	-3.0000
-0.0633	-0.6436	-2.0000
0.5280	0.2511	-3.0000
0.3695	-0.8142	0.0000
0.5399	0.4880	0.0000
0.3707	0.0375	-3.0000
0.4221	0.5162	-3.0000
0.2654	0.1265	0.0000
-0.3492	-0.2009	-2.0000
0.5870	0.3120	-2.0000
-0.0893	0.2435	-3.0000
-0.1088	0.3376	-2.0000
-0.3553	0.1827	0.0000
0.5955	-0.0269	0.0000
0.1951	-0.4174	0.0000
-0.6513	0.6588	0.0000
0.7225	-0.0617	-2.0000
0.2719	-0.1488	-3.0000
0.9243	-0.0031	0.0000
-0.6070	-0.5811	0.0000
0.1309	-0.1347	-2.0000
0.2565	-0.1170	0.0000
0.1951	0.6105	0.0000
0.2042	0.5456	-3.0000
-0.1615	-0.1259	-3.0000
-0.2742	0.0892	0.0000
-0.4336	-0.3853	0.0000
0.0378	0.3637	-2.0000
0.2405	0.3565	0.0000
0.2633	0.0935	-3.0000
0.1143	-0.5310	0.0000
0.4686	0.2975	0.0000
0.6921	-0.4180	0.0000
0.0431	0.3316	-3.0000
0.4621	-0.5401	0.0000
0.0063	0.3374	-3.0000
0.1307	0.3050	-3.0000
-0.0285	-0.0251	0.0000
0.0675	0.3301	-2.0000
0.7183	0.1107	0.0000
0.5957	-0.1688	-3.0000
0.0663	-0.5340	0.0000
-0.1664	-0.1275	-2.0000
0.3745	0.2024	0.0000
-0.0354	0.2299	-2.0000
-0.1705	0.3031	0.0000
0.0590	0.7589	0.0000
-0.5570	0.3278	-2.0000
-0.5525	0.2795	-2.0000
-0.0596	0.0875	-3.0000
0.3959	0.2412	0.0000
0.2509	0.8396	-2.0000
-0.1688	0.0549	0.0000
0.1501	0.4324	-3.0000
0.2286	0.0546	0.0000
0.2396	-0.1223	-3.0000
-0.2109	-0.1378	0.0000
-0.0883	-0.2771	0.0000
0.4148	0.1921	0.0000
0.3524	-0.0533	-3.0000
-0.5488	-0.1843	-2.0000
0.2603	0.3320	0.0000
-0.3811	0.5734	0.0000
0.0275	0.3946	0.0000
0.3321	0.4445	0.0000
-0.0505	0.5281	-2.0000
0.4091	-0.8606	0.0000
0.2985	0.3982	-2.0000
0.3540	0.3314	0.0000
-0.0074	0.5737	-2.0000
-0.1427	-0.6887	0.0000
-0.1029	-0.0947	-2.0000
-0.5000	0.5411	-2.0000
0.1763	0.1519	0.0000
0.1259	-0.6120	0.0000
0.4163	-0.0497	-2.0000
0.2701	0.4757	0.0000
0.2371	-0.0703	-3.0000
0.7884	-0.4054	0.0000
0.6091	0.2224	0.0000
0.6837	0.3557	-2.0000
-0.1517	-0.0903	0.0000
-0.3335	0.7842	0.0000
0.4131	0.6248	0.0000
-0.4435	-0.1202	-2.0000
-0.4606	0.3016	0.0000
-0.2203	-0.0392	0.0000
0.3281	-0.9139	0.0000
-0.0191	0.1248	-2.0000
0.0338	0.0397	-3.0000
-0.0675	0.0536	0.0000
-0.3188	0.5692	-2.0000
-0.0358	-0.2215	-2.0000
0.3438	0.0957	-3.0000
-0.3044	0.5459	-2.0000
0.1065	-0.0399	-3.0000
0.0062	0.1334	-2.0000
0.5410	-0.0525	0.0000
-0.4373	0.0857	0.0000
-0.2528	0.0666	-3.0000
0.6907	-0.0693	-2.0000
0.3760	0.1774	0.0000
0.3377	0.1327	0.0000
0.3641	-0.2997	0.0000
0.0279	0.0494	-3.0000
0.0187	0.1969	-3.0000
-0.7885	-0.0402	0.0000
0.4355	0.5483	-3.0000
-0.5692	0.4702	0.0000
-0.0408	-0.4868	-3.0000
-0.0016	-0.4823	0.0000
0.0763	-0.3880	-2.0000
-0.1270	-0.0429	-3.0000
-0.0743	-0.1876	-2.0000
0.7446	-0.6891	0.0000
0.2751	0.7134	-3.0000
-0.2383	0.7088	0.0000
0.1203	0.0871	0.0000
0.3267	0.2895	-3.0000
0.4191	0.2873	-2.0000
0.2475	0.0700	0.0000
0.1560	-0.4699	0.0000
0.2474	0.6571	-2.0000
-0.6114	-0.6083	0.0000
0.5808	-0.3034	-2.0000
0.1377	-0.4327	-3.0000
0.2723	-0.1588	0.0000
-0.0728	-0.0517	0.0000
0.2956	0.0372	-3.0000
-0.0489	0.3461	-2.0000
0.3808	0.1605	0.0000
0.4976	0.5674	-2.0000
-0.2445	0.5013	0.0000
0.1023	0.0295	0.0000
-0.1732	0.9203	0.0000
-0.5515	0.5676	0.0000
0.5065	0.2902	0.0000
0.1981	0.7490	0.0000
0.4793	0.1659	-3.0000
0.3112	0.3044	-3.0000
0.5056	0.6481	0.0000
-0.1656	0.2506	0.0000
-0.1753	-0.4409	0.0000
0.6329	-0.2239	-2.0000
-0.5449	0.0887	0.0000
0.4293	-0.4105	-3.0000
-0.1224	0.1756	0.0000
-0.3777	0.8534	0.0000
0.2190	0.0375	-2.0000
-0.0698	-0.2009	0.0000
-0.3759	-0.1279	-2.0000
0.4482	0.3869	0.0000
-0.0835	-0.1291	-3.0000
0.4399	-0.2851	-3.0000
-0.2176	-0.5172	0.0000
0.1447	0.1717	0.0000
-0.7904	0.1432	0.0000
-0.1182	0.0247	0.0000
-0.0666	0.4250	0.0000
0.5553	0.2702	-2.0000
0.5480	0.6798	0.0000
-0.1530	0.4266	0.0000
0.8226	0.1231	0.0000
0.5946	0.2671	0.0000
0.1407	0.1395	0.0000
0.2511	0.0360	0.0000
0.5506	-0.0828	0.0000
0.2802	0.4219	0.0000
0.0355	-0.4643	0.0000
-0.1624	0.0861	-3.0000
0.2863	0.1039	0.0000
0.2744	-0.3932	-2.0000
-0.9338	0.5444	0.0000
-0.5379	-0.3084	0.0000
0.3842	0.0784	0.0000
0.2911	0.0203	0.0000
0.4977	0.1632	-3.0000
0.2940	-0.4043	0.0000
-0.8291	0.5601	0.0000
0.6471	-0.3715	-2.0000
0.6307	0.2062	0.0000
0.3821	-0.0863	-2.0000
0.5532	0.0556	0.0000
-0.4419	-0.2268	-2.0000
0.4006	0.3639	-3.0000
-0.0911	-0.3661	0.0000
0.0542	0.6602	0.0000
-0.0894	-0.0450	-3.0000
0.5548	0.0962	-2.0000
0.6352	-0.2656	-2.0000
-0.0618	0.7133	-2.0000
0.2938	0.5849	0.0000
0.0922	0.2199	-3.0000
0.3040	0.3902	-3.0000
0.4206	-0.2485	-3.0000
0.2010	-0.1675	-2.0000
-0.0281	0.5228	-2.0000
0.6772	0.3589	-2.0000
-0.0979	-0.0030	-3.0000
0.2680	0.1547	0.0000
0.4445	0.2905	-2.0000
0.6702	0.4222	-2.0000
0.1446	0.0510	-3.0000
0.4474	0.3649	0.0000
0.3124	-0.0687	-2.0000
-0.4604	-0.3978	0.0000
-0.3388	-0.4998	0.0000
0.0125	0.0175	-3.0000
0.6376	-0.0846	-3.0000
-0.1564	-0.5962	-2.0000
0.7567	-0.2632	0.0000
-0.0060	0.1707	-3.0000
0.4291	0.0692	0.0000
0.4727	0.4414	-2.0000
0.0140	-0.2578	0.0000
0.3560	0.3054	-2.0000
0.4745	-0.6328	0.0000
0.8027	-0.2015	0.0000
0.0302	-0.5891	-2.0000
0.3720	-0.1718	-2.0000
0.4114	-0.0961	0.0000
-0.1857	0.5601	0.0000
-0.1375	0.1862	0.0000
0.6066	0.4931	-2.0000
-0.3068	0.0758	0.0000
0.1568	-0.0598	-3.0000
-0.4088	0.5896	0.0000
0.5070	-0.0373	-2.0000
0.0300	-0.2273	-3.0000
0.3075	0.6788	-3.0000
-0.0943	0.7337	-2.0000
0.3464	0.0309	-3.0000
0.2540	-0.5121	-2.0000
-0.1014	-0.1541	0.0000
-0.3836	-0.5402	0.0000
-0.0359	0.1177	-2.0000
-0.2938	-0.1950	0.0000
-0.4736	-0.4996	0.0000
0.1124	-0.1907	-2.0000
-0.4387	0.3287	-2.0000
-0.3525	-0.2354	0.0000
0.6197	-0.1386	-3.0000
-0.1765	-0.2447	0.0000
0.1024	0.9645	-2.0000
-0.1208	0.0750	-3.0000
0.9010	0.0514	0.0000
0.2898	-0.3428	-2.0000
0.2434	0.1262	-3.0000
0.3764	0.0575	0.0000
-0.0037	0.2360	-3.0000
0.2053	0.2019	0.0000
0.6830	-0.2378	0.0000
-0.4256	-0.1045	0.0000
0.1468	-0.5180	0.0000
0.5516	0.2110	-2.0000
0.4030	0.4166	-2.0000
-0.0043	-0.4176	0.0000
-0.3064	-0.2492	-2.0000
0.4173	0.4394	-2.0000
0.2924	0.2980	0.0000
0.5934	0.0036	0.0000
0.0496	0.1424	-2.0000
-0.0207	0.1583	-3.0000
0.6352	0.0075	0.0000
-0.0650	-0.2908	-2.0000
0.0440	-0.0542	-2.0000
-0.7255	0.2042	0.0000
-0.1541	-0.3975	0.0000
0.1770	-0.0247	-3.0000
-0.1096	0.6974	-2.0000
-0.0106	0.7529	-2.0000
0.2980	0.3438	-2.0000
-0.0675	0.2122	-3.0000
-0.2960	-0.1168	-2.0000
0.0059	-0.1817	-3.0000
-0.4480	0.3842	0.0000
0.2532	-0.4900	-2.0000
-0.3690	0.4249	-2.0000
-0.0188	-0.1323	-2.0000
0.5300	0.3934	-3.0000
-0.2530	0.7568	0.0000
-0.0643	0.6207	0.0000
0.4089	0.3181	-3.0000
0.3281	-0.3002	0.0000
0.5045	-0.3614	-2.0000
0.3110	0.2127	0.0000
-0.3180	-0.3665	-2.0000
-0.0676	-0.4481	-3.0000
0.3812	0.0826	-3.0000
0.2903	0.6772	-3.0000
0.4642	0.3644	0.0000
0.0688	-0.2585	-3.0000
0.4890	0.3590	0.0000
-0.4134	-0.2260	0.0000
0.6010	0.1072	0.0000
0.3292	0.5155	-3.0000
0.2798	0.1647	0.0000
-0.2805	-0.1192	0.0000
0.2090	0.7681	-3.0000
0.4858	0.1078	-2.0000
0.5962	0.1915	-3.0000
-0.3973	0.4913	0.0000
-0.2290	-0.0865	0.0000
-0.1250	-0.2467	-2.0000
-0.0563	0.1555	-3.0000
0.8616	-0.0208	0.0000
-0.0152	0.7941	0.0000
0.6738	0.1313	0.0000
-0.0375	0.9017	-2.0000
0.1904	0.1950	-3.0000
0.0164	-0.0876	0.0000
-0.0082	0.4393	0.0000
-0.6645	-0.2054	0.0000
-0.1834	-0.3309	-2.0000
0.1142	-0.0065	-2.0000
0.3316	-0.2435	-2.0000
-0.3154	-0.8212	0.0000
0.1607	0.0262	-3.0000
-0.1144	-0.8014	0.0000
0.2772	-0.0890	0.0000
-0.3297	-0.2109	-2.0000
-0.1040	0.7295	0.0000
0.6820	0.5850	0.0000
0.0641	-0.3065	0.0000
0.1452	0.0079	0.0000
0.7554	-0.3482	-2.0000
-0.3997	-0.2774	0.0000
-0.2463	-0.3574	0.0000
0.1929	0.1488	-3.0000
0.4194	-0.4761	0.0000
0.0359	0.8655	0.0000
-0.3084	0.4274	-2.0000
0.0532	0.5077	-2.0000
-0.1596	0.0458	-3.0000
0.3258	0.1160	-3.0000
-0.2407	-0.2264	0.0000
0.2638	0.5277	0.0000
0.1609	-0.0231	-3.0000
-0.1256	0.6501	-2.0000
0.5141	-0.2376	0.0000
-0.0202	-0.1962	-2.0000
0.1634	0.3861	0.0000
0.3455	0.4685	-2.0000
0.3243	-0.1065	-2.0000
0.8794	0.1310	0.0000
0.0447	0.0320	-3.0000
0.1554	-0.4759	-2.0000
0.1978	0.5475	-2.0000
-0.2100	0.5537	0.0000
-0.1583	0.7447	-3.0000
0.0790	0.3481	0.0000
-0.1828	0.1998	-2.0000
0.5015	-0.1515	0.0000
0.5529	-0.0356	-3.0000
-0.3309	0.0166	-2.0000
-0.0759	-0.1366	-2.0000
-0.5370	0.0000	-3.0000
-0.1520	0.4882	-2.0000
0.5361	0.0328	-2.0000
0.1523	0.3208	0.0000
-0.3659	0.1630	-2.0000
-0.1517	0.4075	-2.0000
-0.8402	0.3452	0.0000
0.2225	-0.0873	0.0000
-0.0628	-0.7651	0.0000
0.3710	0.6175	0.0000
0.6091	-0.1023	0.0000
0.3452	-0.4442	-2.0000
-0.0576	-0.4342	0.0000
-0.2626	0.6309	0.0000
-0.2030	-0.0790	-3.0000
-0.2248	-0.0098	-2.0000
0.4220	0.1083	0.0000
0.3460	0.4219	0.0000
0.5468	0.1535	0.0000
-0.2141	0.4211	0.0000
-0.1386	-0.2760	-3.0000
-0.1310	0.7208	-2.0000
-0.3333	-0.4074	0.0000
0.3412	0.0718	0.0000
-0.3412	-0.1795	0.0000
-0.1226	0.1673	0.0000
-0.4191	-0.1083	0.0000
-0.2509	0.0275	-2.0000
-0.2257	-0.5830	-2.0000
0.1054	0.1136	0.0000
0.7525	0.5077	0.0000
-0.2580	0.5096	0.0000
0.4516	-0.1670	-2.0000
0.1790	-0.0608	0.0000
0.2810	0.0118	-3.0000
0.3911	-0.3245	0.0000
-0.5676	0.5489	-2.0000
0.4189	-0.2620	0.0000
0.3667	0.1398	-3.0000
0.1294	-0.3356	-2.0000
0.2683	0.0620	0.0000
0.2627	0.3918	-3.0000
0.2508	0.9147	0.0000
0.4520	-0.0525	-3.0000
-0.3714	-0.1238	-2.0000
0.2959	0.4830	-2.0000
0.2087	-0.2348	0.0000
0.2735	0.5484	-3.0000
1.0278	-0.1978	0.0000
-0.2020	-0.2800	0.0000
-0.1641	-0.0611	0.0000
0.2530	-0.2420	-3.0000
0.6574	0.3769	-2.0000
0.5806	0.4226	0.0000
-0.2718	0.4336	-2.0000
-0.4438	-0.3729	0.0000
-0.1646	-0.3281	-2.0000
0.2420	-0.0652	-2.0000
-0.1728	0.3001	-2.0000
0.2996	-0.4517	0.0000
0.1225	0.1921	-2.0000
-0.6664	0.4756	0.0000
-0.0992	-0.1167	-2.0000
0.1258	0.4556	0.0000
-0.0561	0.3792	-3.0000
0.5577	0.0221	0.0000
0.4416	0.1843	0.0000
0.3476	0.3594	-2.0000
0.0875	0.2463	-3.0000
0.1550	0.8347	0.0000
-0.1635	0.5460	-2.0000
-0.2045	0.3150	0.0000
0.7516	0.3299	0.0000
0.7620	-0.2483	-2.0000
0.3030	-0.0810	-2.0000
-0.1152	0.0850	-3.0000
0.3470	0.8422	0.0000
0.2750	0.4260	0.0000
-0.1247	0.6960	-3.0000
0.1510	0.0772	0.0000
0.6681	0.2907	0.0000
0.0874	-0.0230	-2.0000
-0.0858	0.4221	-2.0000
0.0408	0.2551	-2.0000
0.4587	0.6383	-3.0000
-0.0834	0.3362	-2.0000
0.2780	0.1605	-3.0000
-0.1790	-0.7698	0.0000
0.3246	0.0966	-2.0000
0.4495	-0.5369	-2.0000
0.0993	0.5893	0.0000
0.3285	-0.0730	0.0000
-0.1159	0.6535	0.0000
0.0343	-0.0274	-2.0000
0.1079	0.3346	-2.0000
-0.5474	0.0696	-2.0000
-0.0197	0.8640	-2.0000
0.1739	0.1258	0.0000
-0.2636	0.1011	0.0000
0.8137	-0.1600	0.0000
0.3733	-0.1601	0.0000
-0.1862	0.0805	0.0000
0.6430	-0.0618	-3.0000
0.3613	0.7414	0.0000
0.0088	0.6757	0.0000
0.1818	0.5475	-2.0000
0.3501	0.5718	-2.0000
0.0878	-0.3919	-3.0000
0.2350	0.2164	-3.0000
-0.5627	-0.5069	0.0000
0.5680	-0.2225	0.0000
0.4823	0.5978	-2.0000
-0.1900	0.8993	0.0000
-0.0138	-0.2767	-2.0000
0.3650	0.2108	-2.0000
0.5874	0.4933	0.0000
-0.3470	0.4597	-2.0000
-0.2049	0.6976	0.0000
0.7422	0.0982	0.0000
0.7020	-0.2027	-2.0000
0.2288	-0.6252	0.0000
0.2635	0.2138	0.0000
0.4431	0.1486	-3.0000
0.0631	-0.3933	-2.0000
0.4852	0.2129	-3.0000
0.0381	-0.0024	-2.0000
0.2109	-0.3410	0.0000
0.2208	0.5224	0.0000
-0.3004	0.8304	-2.0000
0.2441	-0.4580	0.0000
-0.3962	0.2692	-2.0000
0.5001	-0.0063	0.0000
0.2694	0.0668	0.0000
0.6274	0.2016	0.0000
0.6625	0.7476	0.0000
0.1403	-0.4864	-2.0000
0.3047	-0.1838	0.0000
-0.2351	0.8176	-2.0000
0.3994	0.2832	-2.0000
0.1074	-0.1784	0.0000
0.3959	0.1860	-2.0000
0.3327	0.4298	-3.0000
0.2082	0.3153	0.0000
-0.0414	0.0020	0.0000
0.7405	0.2989	-3.0000
-0.6523	0.3615	-2.0000
0.4454	0.2621	-2.0000
0.3179	0.4114	-2.0000
-0.0764	-0.3426	-3.0000
0.3291	-0.1166	-2.0000
0.2596	0.2812	-3.0000
0.3741	0.2005	-2.0000
0.4849	-0.0776	0.0000
0.2991	0.5652	0.0000
0.8206	-0.2842	0.0000
-0.5140	0.1969	0.0000
0.5062	0.3816	-3.0000
0.0808	-0.3297	-3.0000
-0.2026	-0.4580	0.0000
0.3271	-0.4488	0.0000
-0.4942	0.1639	0.0000
0.1092	0.2286	-2.0000
0.1022	0.6320	-2.0000
0.3788	0.0346	0.0000
0.5984	0.5296	0.0000
0.1271	0.0345	-3.0000
-0.2322	0.7500	-2.0000
0.4961	-0.1690	0.0000
0.4670	-0.6300	-2.0000
-0.1820	1.0142	0.0000
0.0366	0.5960	0.0000
0.4419	0.4624	0.0000
-0.7375	0.0481	0.0000
0.5957	-0.3941	0.0000
-0.2005	0.3390	0.0000
-0.1763	0.2289	-3.0000
-0.1081	0.2892	0.0000
0.3342	-0.0444	-3.0000
-0.8354	-0.3123	0.0000
-0.0807	0.5059	-2.0000
-0.3796	-0.2339	-2.0000
0.6441	-0.2314	-2.0000
0.2370	0.6140	0.0000
-0.0871	0.3560	0.0000
0.0247	0.4808	0.0000
0.0269	0.0260	-2.0000
0.7471	0.3077	-2.0000
0.0389	-0.0603	-3.0000
-0.2329	-0.1334	0.0000
-0.2562	0.3429	-3.0000
0.3908	-0.4355	-3.0000
0.1863	-0.7524	-2.0000
-0.2916	-0.1349	-2.0000
0.2663	-0.2407	-2.0000
0.4361	-0.1160	-2.0000
-0.0063	-0.0301	-3.0000
0.1738	0.1018	-3.0000
-0.3211	-0.0135	-2.0000
0.2916	0.2966	0.0000
-0.0205	-0.2814	0.0000
-0.5601	0.2757	0.0000
0.0697	-0.1961	-2.0000
0.1242	-0.1838	0.0000
0.1964	-0.1682	0.0000
0.3903	0.3305	-2.0000
-0.1604	-0.2103	-3.0000
0.4134	0.2484	-3.0000
0.1068	0.6448	0.0000
-0.3221	0.3548	0.0000
-0.4989	0.7880	0.0000
0.6154	0.7344	0.0000
0.6663	-0.0918	0.0000
0.1751	-0.0022	-2.0000
0.1852	0.5031	-3.0000
0.1137	0.5151	-3.0000
0.4336	-0.3398	-3.0000
-0.3946	-0.1241	-2.0000
0.2199	-0.2243	0.0000
0.5603	-0.2777	0.0000
-0.2429	0.0505	0.0000
-0.2413	0.8045	-2.0000
0.2001	0.3557	-2.0000
0.5515	0.1814	-2.0000
0.0477	0.6632	0.0000
0.2669	0.2600	-3.0000
0.2824	-0.1610	-3.0000
0.2615	0.4673	0.0000
-0.5017	0.2362	0.0000
0.3508	-0.0530	-3.0000
0.8659	0.2170	0.0000
0.2714	0.2450	0.0000
0.7286	0.0289	0.0000
-0.3249	0.0981	-3.0000
-0.3019	0.1416	0.0000
-0.0931	0.5763	-3.0000
0.1702	-0.1242	-3.0000
-0.1808	0.7977	0.0000
0.2496	0.7427	-2.0000
0.0092	0.0261	-2.0000
-0.6552	0.6727	0.0000
-0.2948	0.0626	0.0000
0.9781	-0.1956	0.0000
-0.6023	-0.0451	0.0000
-0.2881	0.3108	-2.0000
-0.1793	0.0377	-2.0000
0.1547	0.4329	-3.0000
-0.4547	0.3485	-3.0000
0.8680	0.0301	0.0000
-0.0313	0.0754	0.0000
-0.0523	-0.1572	0.0000
0.1369	0.0793	-3.0000
-0.1249	0.3644	0.0000
0.6144	-0.4880	-2.0000
0.2335	0.2688	-2.0000
-0.0743	0.2109	-2.0000
0.4111	-0.2928	-2.0000
0.1969	0.3166	-3.0000
0.1286	0.3949	0.0000
0.1015	-0.3446	-2.0000
0.3023	0.4738	-3.0000
-0.3813	-0.4003	0.0000
0.1586	0.1580	0.0000
0.2091	0.0689	0.0000
-0.1484	0.1092	0.0000
0.1450	-0.4038	0.0000
-0.2722	0.6243	-2.0000
-0.0151	-0.0432	-3.0000
0.5774	0.3499	0.0000
0.2284	0.0123	0.0000
0.4546	-0.1532	0.0000
0.0112	-0.1984	-2.0000
-0.1280	-0.1997	-2.0000
0.2671	0.5124	-3.0000
0.1550	0.5763	0.0000
0.4825	0.4166	0.0000
-0.4186	0.7232	0.0000
0.5621	0.0542	-3.0000
0.0507	0.8687	0.0000
0.1172	0.1533	-2.0000
-0.5361	0.1737	0.0000
0.4446	0.2627	0.0000
-0.0011	-0.6509	0.0000
0.3493	-0.2144	0.0000
0.6248	-0.2090	-2.0000
-0.1104	-0.1248	-2.0000
-0.5387	0.4158	0.0000
-0.1632	-0.3417	-2.0000
0.5149	-0.2076	0.0000
-0.4763	-0.1171	0.0000
0.2671	0.3531	-3.0000
-0.3698	-0.2267	-2.0000
-0.2425	0.6663	0.0000
0.5106	0.4642	0.0000
0.1124	0.4610	0.0000
0.1526	0.2134	0.0000
0.6017	0.3069	-2.0000
-0.4582	0.2244	0.0000
0.2188	-0.4481	-2.0000
-0.7404	0.4666	0.0000
-0.3660	-0.1216	-2.0000
0.7302	0.1396	-2.0000
-0.1302	0.1119	-2.0000
-0.2987	-0.4517	0.0000
-0.2882	0.2045	-2.0000
0.3830	0.5199	-3.0000
-0.2362	-0.2571	0.0000
-0.2758	-0.0500	0.0000
-0.0575	0.3002	-3.0000
0.3944	-0.1891	0.0000
-0.1427	-0.3630	0.0000
0.0449	-0.6238	0.0000
0.0403	0.6128	-2.0000
-0.1429	0.5673	-2.0000
0.2406	0.2014	-2.0000
0.3012	-0.6190	-2.0000
0.3194	0.5250	0.0000
0.6000	-0.4007	0.0000
0.6666	0.3900	0.0000
0.5139	0.0935	-2.0000
-0.0996	-0.5104	-2.0000
0.6549	0.5798	0.0000
0.6634	0.1780	0.0000
-0.6034	-0.3272	0.0000
-0.1508	-0.2735	-3.0000
0.4014	-0.5351	-2.0000
0.3429	0.5656	-2.0000
0.2849	-0.0515	0.0000
-0.1366	0.1544	-2.0000
0.4035	-0.2037	-2.0000
0.3094	0.4364	-3.0000
0.9080	0.2085	0.0000
-0.0290	0.0081	-2.0000
0.3256	0.1337	-2.0000
0.1503	-0.0381	-3.0000
0.6729	0.1697	-2.0000
0.2928	0.8189	-2.0000
0.1497	0.3866	0.0000
-0.0146	0.3218	-2.0000
0.3408	0.2250	-2.0000
0.2710	-0.2224	0.0000
0.5416	0.4786	0.0000
0.1878	0.1802	-2.0000
0.0695	-0.3639	0.0000
0.3837	0.4920	-3.0000
-0.1243	-0.2101	0.0000
0.3768	0.1957	0.0000
0.2609	-0.1165	0.0000
0.4650	0.4784	0.0000
0.3928	0.3713	-3.0000
0.0731	0.0290	0.0000
0.8868	-0.4326	0.0000
0.7323	-0.3906	0.0000
0.0458	-0.1223	-2.0000
0.0021	-0.4798	-2.0000
-0.3602	-0.1958	-3.0000
0.7300	-0.1192	0.0000
0.4184	0.4971	-3.0000
0.2977	0.3683	0.0000
-0.4159	0.8201	0.0000
0.2687	-0.2675	-3.0000
0.3270	0.0524	0.0000
0.1212	0.2581	-3.0000
0.2946	0.8281	0.0000
0.4209	0.3156	-3.0000
-0.1310	0.1482	-3.0000
0.8209	-0.0592	0.0000
0.3876	0.4897	-2.0000
0.1966	0.6396	-2.0000
0.2706	0.1190	-3.0000
0.5030	-0.7064	0.0000
0.1708	-0.4280	0.0000
0.0657	-0.1860	-3.0000
0.0525	-0.3988	-3.0000
0.2232	0.6406	0.0000
-0.1037	0.3900	-2.0000
0.0478	0.3031	-2.0000
0.4814	0.0453	-2.0000
0.4683	0.2993	-3.0000
-0.1642	0.5149	0.0000
0.1504	-0.0415	0.0000
0.0403	-0.2113	0.0000
0.4751	0.0906	0.0000
-0.2633	0.1209	-2.0000
0.1220	-0.4198	0.0000
0.7506	-0.2650	0.0000
-0.0623	0.5304	0.0000
0.6394	0.0314	-2.0000
0.4302	0.0156	-3.0000
0.3157	0.1434	-2.0000
0.1996	-0.1559	-2.0000
0.5575	0.0992	0.0000
-0.0139	0.4614	0.0000
-0.0213	-0.3672	0.0000
-0.2312	0.1569	-2.0000
0.3904	-0.5410	0.0000
0.2198	0.5673	0.0000
-0.1444	-0.1440	-3.0000
-0.1020	-0.1809	0.0000
0.7446	0.1944	0.0000
0.0568	0.8316	-2.0000
-0.2853	0.3378	-2.0000
0.5557	0.0565	-2.0000
0.1015	0.5725	-2.0000
-0.4060	0.1939	0.0000
0.1741	0.3502	-3.0000
0.1969	0.3844	-3.0000
0.3470	0.6150	0.0000
-0.2488	-0.5634	-2.0000
0.3414	0.3214	-3.0000
0.0845	0.0646	0.0000
0.5380	0.1754	-2.0000
-0.3207	-0.0634	-2.0000
0.1683	-0.3599	0.0000
0.4674	-0.2899	0.0000
0.1680	-0.3737	-2.0000
-0.1880	0.0064	-2.0000
0.0609	0.3607	-2.0000
0.5799	-0.2001	-2.0000
-0.2448	0.2756	0.0000
0.2719	0.3160	-2.0000
0.8781	-0.1051	0.0000
-0.5500	-0.0088	0.0000
-0.0146	0.2497	-3.0000
0.6310	-0.4096	-2.0000
0.1805	-0.5210	-2.0000
0.2025	0.3027	-3.0000
-0.0008	0.4995	-2.0000
0.6000	0.7536	0.0000
-0.0265	0.4956	-2.0000
0.2185	0.2984	0.0000
-0.6416	0.4032	-2.0000
0.0628	0.2121	-3.0000
-0.2675	-0.0086	-3.0000
0.5196	0.3593	-3.0000
0.5319	-0.2202	0.0000
-0.4057	0.2849	0.0000
0.4430	0.6745	0.0000
-0.2083	-0.4417	0.0000
0.1146	-0.2604	0.0000
0.1033	0.1227	-2.0000
0.1283	0.3818	-2.0000
0.1592	0.1311	-2.0000
0.7971	-0.5025	0.0000
-0.4768	-0.1255	0.0000
-0.3656	-0.3854	-2.0000
0.0628	0.5216	-3.0000
0.4500	-0.2005	-2.0000
-0.6473	0.6292	0.0000
-0.0025	0.1179	0.0000
0.6501	0.2519	0.0000
-0.1833	-0.0816	-2.0000
0.1422	0.0253	0.0000
0.4980	0.4029	-3.0000
-0.1554	1.0600	0.0000
0.7515	0.4232	0.0000
-0.3276	-0.4887	0.0000
0.0050	0.0904	-3.0000
0.1801	-0.4535	-2.0000
0.4823	-0.0799	0.0000
0.7718	-0.1249	0.0000
0.7068	0.1060	-2.0000
0.1292	0.7336	0.0000
-0.2721	0.4872	0.0000
-0.1951	-0.2711	-2.0000
-0.0079	0.2000	0.0000
0.2009	-0.0913	-3.0000
0.5046	-0.2362	0.0000
-0.3227	-0.4767	0.0000
0.0014	0.5392	-3.0000
-0.4137	0.0737	0.0000
0.1232	0.1598	0.0000
0.4692	-0.0383	-2.0000
0.5197	0.0448	0.0000
0.3834	-0.1579	0.0000
0.0139	0.0781	0.0000
0.2100	0.2756	-3.0000
-0.1865	-0.5939	0.0000
-0.1568	-0.5953	0.0000
-0.4409	0.3970	-2.0000
-0.1954	-0.2807	0.0000
-0.3473	0.1930	-3.0000
0.6387	0.1385	-2.0000
-0.3232	0.1477	0.0000
0.2723	0.4294	-3.0000
0.3735	0.3736	0.0000
0.5841	0.5528	0.0000
-0.3562	-0.1430	-3.0000
-0.2882	0.0826	0.0000
-0.2616	0.0885	-2.0000
0.1400	0.5971	-3.0000
0.2398	-0.2962	0.0000
-0.2888	-0.2888	-2.0000
-0.0166	-0.7848	0.0000
-0.1964	0.6494	-2.0000
0.2491	0.4084	0.0000
-0.2386	0.1591	0.0000
-0.2919	0.6510	-2.0000
0.4643	-0.0982	-3.0000
-0.5798	0.1846	0.0000
0.3303	0.8440	0.0000
0.7099	0.3737	0.0000
0.0306	-0.0137	0.0000
-0.1301	-0.0713	-2.0000
-0.4002	0.5122	-2.0000
0.7143	0.4033	0.0000
-0.0832	-0.7322	0.0000
0.0089	0.3121	-2.0000
-0.0020	0.1861	-2.0000
0.4549	-0.5440	0.0000
-0.5218	0.1045	0.0000
0.0818	0.3944	-2.0000
0.4230	0.1969	-3.0000
-0.2644	0.0588	-2.0000
-0.0406	0.3639	0.0000
0.0349	0.6635	-3.0000
0.4180	0.1641	-2.0000
-0.0728	0.3555	-2.0000
0.6572	0.0325	0.0000
-0.3289	0.3706	-3.0000
0.2036	-0.2237	0.0000
-0.0568	0.6118	-2.0000
0.6486	0.1184	-3.0000
0.5670	0.3863	-2.0000
0.6015	0.1552	-2.0000
-0.1125	0.5107	0.0000
0.0575	0.7337	0.0000
0.0889	0.2643	-3.0000
0.1447	-0.2716	0.0000
-0.2102	-0.4630	0.0000
0.0237	0.2068	-3.0000
0.8068	0.3551	0.0000
0.6321	0.0425	0.0000
0.4299	-0.4229	-2.0000
0.0941	0.1317	-3.0000
0.0223	0.1076	-3.0000
0.7155	-0.2880	-2.0000
0.3774	-0.1327	-2.0000
0.7523	0.2247	0.0000
0.1957	-0.1783	0.0000
-0.0245	-0.0001	0.0000
0.6836	0.1640	-2.0000
0.4014	0.3202	-3.0000
0.7710	-0.0458	0.0000
0.0805	-0.2287	-2.0000
0.4376	-0.2061	0.0000
0.2060	0.1581	-3.0000
-0.8305	-0.3402	0.0000
0.2094	0.5828	-2.0000
-0.0049	0.5454	-2.0000
0.4591	0.0687	0.0000
0.6505	0.5635	0.0000
0.2913	0.3547	0.0000
-0.1012	0.0968	0.0000
0.5076	0.3515	0.0000
0.3932	-0.3621	0.0000
0.1674	-0.0826	0.0000
-0.0295	-0.1949	-3.0000
0.8711	-0.2197	0.0000
-0.3435	-0.1781	0.0000
0.0318	0.3050	-2.0000
0.6037	0.1223	-3.0000
0.1158	0.2150	-3.0000
-0.1280	0.3087	-2.0000
0.3187	-0.1492	-3.0000
0.3944	0.9441	0.0000
0.4082	0.0707	-2.0000
0.5619	0.2796	-3.0000
0.8883	0.4176	0.0000
-0.4645	0.5814	0.0000
0.4318	-0.1070	-3.0000
0.1326	-0.5117	-2.0000
-0.0447	-0.0401	0.0000
0.4218	-0.0016	-3.0000
0.0620	0.2553	-2.0000
-0.1135	0.3580	0.0000
0.4712	0.5974	0.0000
-0.3564	0.3461	0.0000
0.1913	0.5357	-2.0000
0.6445	-0.0039	0.0000
-0.3070	0.3749	0.0000
0.0511	0.1669	0.0000
0.4519	-0.5989	0.0000
-0.0040	0.2166	-2.0000
-0.0465	0.4443	0.0000
0.0561	-0.2721	-2.0000
0.5709	0.1107	-2.0000
0.4711	0.1762	0.0000
0.4583	-0.2608	-2.0000
0.3419	-0.3036	-2.0000
0.5764	0.2571	0.0000
0.3668	-0.0890	0.0000
0.1982	-0.0186	-3.0000
0.5651	-0.2336	0.0000
0.4531	0.1557	-3.0000
-0.2019	-0.3136	0.0000
-0.2003	0.4585	-3.0000
-0.4170	0.6754	0.0000
-0.0029	0.0986	0.0000
-0.1312	0.7032	0.0000
0.4386	-0.0848	0.0000
0.1959	-0.0085	-2.0000
-0.0549	0.3541	0.0000
0.0534	0.8532	-2.0000
0.4441	0.0591	0.0000
-0.1698	0.3666	0.0000
-0.2987	0.0032	-3.0000
0.2237	0.0931	-2.0000
0.1802	-0.4301	-2.0000
0.3934	-0.0078	-3.0000
-0.7400	-0.0276	-2.0000
0.4757	-0.1639	0.0000
0.2677	-0.2083	-2.0000
0.4851	0.4468	-3.0000
0.2001	0.6359	-2.0000
-0.1511	-0.0544	-2.0000
0.4750	0.3671	-2.0000
0.0322	-0.1264	0.0000
0.0242	0.2369	0.0000
0.7346	-0.2128	0.0000
-0.1830	0.3056	-2.0000
0.2155	0.0883	-3.0000
-0.1546	0.2004	-3.0000
0.3295	0.0897	-2.0000
0.5675	-0.5422	0.0000
-0.2634	0.7853	-2.0000
-0.2066	0.5921	-2.0000
0.2292	-0.1935	0.0000
0.2148	-0.2402	0.0000
0.2888	0.1727	0.0000
-0.0594	0.0932	0.0000
-0.7549	0.1872	0.0000
-0.1701	0.5491	0.0000
0.4235	-0.1459	-2.0000
0.0891	0.4152	-2.0000
0.1714	0.1648	-3.0000
-0.3816	0.6978	0.0000
-0.3202	0.4336	-3.0000
-0.0980	0.6167	0.0000
0.1399	-0.2148	-3.0000
0.1314	-0.0087	-3.0000
0.1310	0.1770	0.0000
-0.4109	-0.0718	0.0000
-0.0537	-0.6656	0.0000
0.6450	-0.1728	0.0000
0.2921	0.7641	0.0000
0.0539	-0.2348	-3.0000
-0.1250	-0.1448	0.0000
0.1450	0.1920	0.0000
0.3183	0.0194	0.0000
0.3477	0.0586	-2.0000
0.2422	0.0970	-3.0000
0.8293	-0.2544	0.0000
0.4675	0.6212	0.0000
0.2890	0.0964	-3.0000
0.0172	-0.0736	-2.0000
0.6809	0.3611	0.0000
0.3449	0.3201	-2.0000
0.3939	0.0855	-3.0000
1.0389	0.0535	0.0000
0.3363	0.0111	-3.0000
-0.1400	-0.3016	0.0000
-0.2942	0.8656	0.0000
0.1794	-0.2012	0.0000
0.5118	0.2708	-2.0000
0.0102	0.6805	0.0000
0.2925	0.4744	-2.0000
-0.6121	-0.0100	0.0000
0.4866	-0.4357	0.0000
0.2507	0.4764	-3.0000
0.1035	0.5546	0.0000
0.7800	0.0376	0.0000
0.4958	0.0867	0.0000
0.1272	-0.0819	-3.0000
-0.1612	0.2045	-3.0000
-0.1758	0.2960	0.0000
0.0216	0.5521	-2.0000
0.1777	-0.2771	-3.0000
0.3943	0.0374	-3.0000
0.2088	0.0301	0.0000
0.0648	0.0804	-3.0000
0.2724	-0.2291	-3.0000
-0.5189	0.0171	0.0000
-0.1529	0.4691	0.0000
-0.5748	-0.1325	-2.0000
0.5387	0.0952	0.0000
0.4126	0.1883	0.0000
0.2366	0.2993	-2.0000
-0.0611	0.3829	0.0000
0.3675	-0.2693	0.0000
-0.2323	0.0189	0.0000
0.0015	0.1514	-3.0000
-0.3848	-0.1157	0.0000
0.3638	-0.1521	0.0000
0.4265	-0.2525	0.0000
-0.0821	-0.0840	-3.0000
0.0385	-0.5549	-2.0000
0.4867	-0.0714	0.0000
0.4842	0.5145	0.0000
0.3521	0.1577	-3.0000
0.3464	-0.2238	-2.0000
-0.3303	0.0386	-3.0000
-0.1069	-0.0949	0.0000
0.1777	0.4425	0.0000
0.3745	0.5256	-2.0000
0.3495	-0.2171	-3.0000
0.3455	-0.5103	0.0000
0.3632	-0.0089	-2.0000
0.1723	0.6143	0.0000
0.0300	-0.6738	0.0000
0.1596	-0.2169	-3.0000
0.6022	-0.3111	0.0000
0.6353	-0.2244	0.0000
0.0081	0.0148	0.0000
0.1244	-0.1947	-3.0000
-0.2864	-0.3901	0.0000
0.4006	0.4163	-3.0000
0.1076	0.7381	-2.0000
0.4694	0.7852	0.0000
-0.0057	0.2026	0.0000
0.1485	0.5105	-3.0000
0.2678	0.4674	-2.0000
-0.7668	0.1534	0.0000
-0.3473	-0.1693	0.0000
-0.0585	0.0837	-2.0000
0.4458	0.3293	0.0000
-0.0955	-0.2035	0.0000
0.3702	-0.0507	-2.0000
0.0286	0.2234	0.0000
0.4513	0.0827	0.0000
0.0518	0.8715	0.0000
0.7161	-0.4666	-2.0000
0.3621	0.2185	-2.0000
-0.0252	-0.4593	0.0000
0.1034	-0.1667	0.0000
0.6989	-0.1023	0.0000
-0.4675	-0.1309	0.0000
0.2596	0.4969	0.0000
0.0156	0.0432	-3.0000
0.2899	-0.1359	-2.0000
0.1003	0.4038	0.0000
0.1961	0.2452	-2.0000
-0.2190	0.6928	-2.0000
0.3157	0.0657	0.0000
-0.5342	-0.0708	0.0000
0.0028	0.3601	0.0000
0.8879	0.1617	0.0000
0.6030	0.2204	0.0000
-0.1984	-0.3819	0.0000
0.4507	-0.3604	0.0000
0.3165	0.0412	-2.0000
-0.1401	-0.3013	-2.0000
0.5385	-0.3637	0.0000
-0.1650	-0.2205	0.0000
0.4255	-0.0978	-2.0000
0.4928	-0.2343	-2.0000
-0.5431	-0.3086	0.0000
0.3142	0.1514	-3.0000
0.0734	0.3220	0.0000
-0.0102	-0.2523	0.0000
-0.1409	0.1552	0.0000
-0.5654	-0.4195	0.0000
0.0502	-0.1984	0.0000
0.3803	-0.5102	0.0000
0.0231	0.0107	-2.0000
0.4171	0.7955	0.0000
-0.7327	-0.1136	0.0000
0.3920	0.1404	0.0000
0.5893	-0.1644	0.0000
-0.5000	0.0392	0.0000
0.2743	0.6353	0.0000
0.3159	-0.1772	-3.0000
0.2831	0.4579	-2.0000
0.0173	0.0267	0.0000
0.4193	0.3654	0.0000
0.1117	-0.2350	-3.0000
-0.6429	0.1264	0.0000
0.3079	0.1143	-2.0000
-0.2270	-0.3669	-2.0000
0.2152	0.4671	0.0000
0.2701	0.1886	-2.0000
-0.5856	0.3275	0.0000
-0.0052	-0.5155	-3.0000
-0.4449	-0.2010	0.0000
0.0233	0.6338	0.0000
0.6010	0.4072	0.0000
0.4183	-0.0953	-3.0000
0.6550	0.3174	-3.0000
0.4665	-0.8658	0.0000
0.1700	0.4670	0.0000
0.4183	-0.1102	0.0000
0.3323	0.0626	-2.0000
-0.5119	0.4983	0.0000
-0.1710	0.0045	-2.0000
0.7351	-0.1704	-2.0000
0.5751	0.3285	-3.0000
0.1748	0.0994	0.0000
0.3478	0.5813	-2.0000
-0.7210	-0.1967	0.0000
0.1502	0.5316	-2.0000
0.5527	0.2756	0.0000
-0.0868	0.6103	0.0000
-0.2052	0.0364	0.0000
-0.2645	-0.5217	-2.0000
0.2232	-0.2106	0.0000
0.1423	-0.2777	-3.0000
0.3180	0.6321	0.0000
0.2153	0.0509	-3.0000
0.4038	-0.4599	-2.0000
0.7968	-0.0686	0.0000
0.1666	-0.0873	0.0000
-0.0208	0.7749	-2.0000
0.7225	-0.1353	-3.0000
0.0046	0.1623	0.0000
-0.0103	0.2094	-3.0000
-0.2575	-0.3975	0.0000
0.1602	0.3861	-3.0000
0.3002	-0.5574	0.0000
-0.0163	0.1369	-3.0000
0.8259	-0.2741	0.0000
0.1832	0.6004	-3.0000
-0.0964	-0.5971	-3.0000
0.3906	-0.1237	-3.0000
0.3450	0.1097	-3.0000
0.6305	0.0077	-3.0000
-0.0534	0.5545	-3.0000
0.2307	0.3772	0.0000
0.1197	0.5127	-3.0000
-0.7138	0.0409	0.0000
0.3761	0.7138	0.0000
-0.1060	-0.9270	0.0000
0.0562	0.1553	-3.0000
0.3363	-0.0716	0.0000
0.7035	0.2766	0.0000
0.1387	-0.4963	0.0000
0.3924	0.1323	0.0000
0.3141	-0.1448	-3.0000
-0.0102	-0.1505	-3.0000
-0.2513	0.1622	-3.0000
-0.1035	-0.2373	0.0000
-0.2481	0.7368	0.0000
0.3407	0.3076	-3.0000
-0.0867	-0.0360	-3.0000
-0.2404	-0.4278	-3.0000
0.2663	-0.1588	0.0000
-0.0231	0.3752	0.0000
-0.1328	0.0015	0.0000
0.3788	0.2351	-3.0000
0.1470	0.0989	-3.0000
0.2338	0.4375	0.0000
0.5975	-0.5251	0.0000
0.4387	0.1851	-3.0000
-0.3295	0.0131	0.0000
0.4493	-0.6607	0.0000
0.1171	-0.1783	0.0000
0.0725	-0.4327	-3.0000
0.2467	0.0059	-3.0000
0.7731	0.1397	0.0000
-0.4598	0.1991	-3.0000
0.1079	0.5147	-3.0000
-0.3728	0.0831	-3.0000
0.7860	-0.0513	-3.0000
0.4400	-0.0744	0.0000
-0.8255	0.2672	0.0000
0.2137	0.1002	-3.0000
-0.3917	-0.7092	0.0000
0.6389	0.3921	-3.0000
-0.3752	0.4639	0.0000
0.5604	0.5842	0.0000
0.1227	0.3550	-3.0000
-0.5065	0.0056	0.0000
-0.0075	0.5693	0.0000
-0.2598	0.6690	0.0000
0.3027	0.5341	-3.0000
0.3198	-0.1117	0.0000
0.2614	0.1866	-3.0000
-0.1711	0.0108	0.0000
-0.0190	-0.1146	-3.0000
0.8923	0.2089	0.0000
0.5900	-0.4355	0.0000
0.3372	-0.1621	-3.0000
0.2657	-0.3061	0.0000
-0.4183	-0.5185	0.0000
0.3199	0.4043	-3.0000
0.5051	0.1017	-3.0000
0.2795	0.5628	0.0000
-0.0240	0.0282	-3.0000
0.4600	-0.6316	0.0000
0.3306	-0.2538	0.0000
0.0258	-0.0439	-3.0000
-0.2463	-0.0118	-3.0000
0.5906	0.3098	0.0000
0.1643	-0.1419	0.0000
-0.0115	0.2132	-3.0000
0.2862	-0.1573	0.0000
0.5395	-0.0209	0.0000
-0.0604	0.0967	-3.0000
0.2317	0.0494	0.0000
-0.3674	0.0240	0.0000
0.7065	0.0722	0.0000
-0.1646	0.1762	0.0000
0.1988	0.2619	-3.0000
-0.7976	0.0643	0.0000
0.8892	0.2376	0.0000
-0.0346	0.2962	0.0000
-0.9719	-0.0967	0.0000
-0.5320	-0.5094	0.0000
0.0931	0.3988	0.0000
-0.4132	0.3848	-3.0000
0.7128	0.1164	-3.0000
0.1916	0.1297	-3.0000
0.2782	0.2670	-3.0000
0.0629	0.0538	0.0000
-0.3983	-0.1713	0.0000
-0.0584	1.1073	0.0000
0.0395	-0.2123	0.0000
0.6385	-0.1310	-3.0000
-0.1957	0.1112	0.0000
-0.1432	0.6721	-3.0000
-0.3116	0.2922	0.0000
-0.2004	0.0761	-3.0000
-0.4181	0.6591	0.0000
0.7400	-0.1184	0.0000
0.6679	0.0650	0.0000
-0.2501	-0.3670	-3.0000
0.2183	0.3922	-3.0000
0.1226	-0.0067	0.0000
0.1661	0.2896	0.0000
-0.3650	-0.0602	0.0000
0.5131	0.3786	-3.0000
0.1048	0.3032	-3.0000
-0.0245	-0.3488	0.0000
0.0762	0.3048	0.0000
0.0636	-0.1200	-3.0000
-0.4629	-0.2791	-3.0000
-0.1853	-0.4453	-3.0000
0.0926	-0.1691	-3.0000
-0.3561	0.4071	-3.0000
-0.2538	-0.1280	0.0000
0.0631	0.0098	-3.0000
-0.4046	-0.0491	0.0000
-0.4771	-0.0169	-3.0000
0.2798	0.3290	0.0000
-0.1666	0.3785	-3.0000
0.5814	0.4259	0.0000
0.3408	-0.0949	0.0000
0.8724	0.1629	0.0000
-0.0351	-0.3449	-3.0000
-0.0927	-0.1069	-3.0000
0.2234	0.1779	-3.0000
-0.2294	0.5946	0.0000
0.7294	-0.3246	-3.0000
-0.1210	0.1719	-3.0000
0.3368	-0.4721	-3.0000
0.3978	-0.7372	-3.0000
-0.6379	-0.0503	0.0000
0.2869	0.4341	-3.0000
0.3661	0.2198	0.0000
-0.0117	0.2801	0.0000
-0.0342	-0.1126	-3.0000
0.4605	0.4401	-3.0000
0.5514	-0.1096	-3.0000
0.1108	0.0088	0.0000
-0.3396	0.7410	0.0000
0.3171	0.0064	0.0000
0.6916	-0.3089	0.0000
-0.1443	-0.6733	-3.0000
-0.0228	0.4466	0.0000
-0.6485	-0.2798	0.0000
0.2164	-0.1565	-3.0000
-0.1520	0.4268	0.0000
-0.0831	-0.4552	0.0000
0.4411	0.3481	0.0000
-0.2118	0.0922	-3.0000
0.3182	0.0749	-3.0000
0.4437	-0.2901	0.0000
0.0371	-0.3023	0.0000
0.4395	0.1525	-3.0000
0.0855	-0.4705	0.0000
-0.5146	-0.5372	0.0000
-0.1529	0.2171	0.0000
0.3239	-0.1540	0.0000
-0.0680	-0.2960	0.0000
0.5144	0.7096	0.0000
-0.0752	0.2894	0.0000
0.1791	-0.6371	0.0000
0.5607	-0.2327	0.0000
0.1921	0.0846	-3.0000
0.2823	-0.6767	0.0000
-0.4070	-0.1230	-3.0000
0.5357	0.4460	0.0000
0.1016	0.4183	-3.0000
-0.3026	-0.1252	0.0000
0.9280	0.2188	0.0000
0.0903	0.0099	-3.0000
0.7015	-0.4098	0.0000
0.5694	0.2208	0.0000
0.3378	0.4080	0.0000
0.4538	0.0575	0.0000
0.5201	-0.4977	-3.0000
0.2030	0.3197	0.0000
-0.2178	-0.5924	0.0000
0.1995	-0.1344	-3.0000
0.6117	0.4480	0.0000
0.0288	-0.0635	-3.0000
-0.0104	-0.2637	0.0000
0.3884	0.1746	-3.0000
0.2262	-0.5568	0.0000
-0.5504	0.2017	-3.0000
-0.0491	0.4151	0.0000
-0.0399	0.4554	0.0000
0.2904	0.4307	-3.0000
0.5932	0.0162	0.0000
0.3287	0.3428	-3.0000
0.7646	0.0635	-3.0000
-0.0972	0.7271	0.0000
-0.7815	0.1330	0.0000
0.5695	0.2583	0.0000
0.2223	-0.5966	0.0000
0.1253	0.7967	-3.0000
-0.0017	0.3788	0.0000
-0.1695	-0.0092	-3.0000
0.2978	0.4579	0.0000
0.9233	-0.1140	0.0000
-0.2068	0.6533	0.0000
0.0747	0.6821	-3.0000
0.5940	-0.5079	0.0000
0.6055	-0.2248	0.0000
0.5933	-0.1489	0.0000
-0.0052	-0.1514	-3.0000
-0.4782	0.4271	0.0000
0.1797	0.0908	-3.0000
0.3090	0.0477	-3.0000
-0.1583	0.2364	-3.0000
-0.6642	0.3036	0.0000
0.1381	0.0191	-3.0000
-0.3024	-0.0368	-3.0000
0.3321	0.2915	0.0000
-0.3448	-0.4097	-3.0000
0.3701	0.2938	-3.0000
0.5349	0.7438	-3.0000
-0.1792	0.3256	0.0000
0.0365	-0.0951	-3.0000
-0.4901	-0.0600	0.0000
0.3543	-0.0244	-3.0000
0.6303	-0.6266	-3.0000
0.5580	-0.4584	0.0000
0.3130	-0.1607	0.0000
0.2697	0.2669	0.0000
-0.4972	0.6232	0.0000
-0.2743	0.0708	-3.0000
-0.2828	-0.7655	0.0000
0.5418	0.1725	0.0000
-0.0611	0.1759	0.0000
-0.0180	0.1140	0.0000
0.0170	0.5156	0.0000
0.5257	0.1760	0.0000
0.2600	0.2126	-3.0000
0.4678	-0.0566	0.0000
0.4797	-0.3721	0.0000
0.0589	0.4348	-3.0000
0.2094	-0.1995	-3.0000
0.6224	-0.1369	-3.0000
0.3656	0.3760	0.0000
-0.0684	0.2768	0.0000
0.0877	-0.0407	-3.0000
0.2606	0.1156	-3.0000
0.3654	-0.3641	0.0000
0.0289	0.2790	0.0000
0.7080	0.3015	0.0000
-0.0483	-0.4391	0.0000
0.0390	0.4703	0.0000
0.1347	0.6735	0.0000
-0.1251	-0.5624	0.0000
0.3237	0.5111	0.0000
0.0850	0.1240	-3.0000
-0.1307	-0.3256	0.0000
0.3511	0.4409	0.0000
0.3284	-0.0706	-3.0000
0.4614	0.1442	-3.0000
0.4257	0.3393	-3.0000
-0.1220	-0.0850	0.0000
0.3018	0.2356	-3.0000
0.1516	-0.2896	-3.0000
0.2213	-0.0067	-3.0000
0.6612	-0.1792	-3.0000
-0.7116	-0.2024	0.0000
0.1686	0.3445	0.0000
0.6811	0.0758	-3.0000
0.2574	0.3824	-3.0000
-0.3124	-0.5632	0.0000
-0.4073	-0.1600	-3.0000
-0.5508	0.3361	0.0000
0.1053	-0.0602	0.0000
0.3610	0.2903	-3.0000
0.6887	-0.2576	-3.0000
0.0178	0.9329	0.0000
-0.3646	0.3123	0.0000
-0.0100	0.0490	-3.0000
-0.2477	-0.1545	0.0000
-0.4471	0.1902	-3.0000
0.2140	-0.0411	-3.0000
0.0148	0.3896	-3.0000
0.1016	0.6130	-3.0000
0.5433	0.4409	0.0000
-0.2962	0.6427	-3.0000
0.0884	0.1033	-3.0000
0.1295	0.4660	-3.0000
0.0829	-0.4086	-3.0000
0.2325	-0.2545	-3.0000
-0.5124	0.0030	0.0000
0.3698	0.0790	0.0000
0.1345	0.1878	-3.0000
-0.3245	0.1651	0.0000
-0.2425	-0.1067	0.0000
-0.5239	0.2339	0.0000
0.4560	-0.1827	0.0000
0.3117	0.3873	-3.0000
-0.3842	0.4070	0.0000
0.5459	0.5785	0.0000
-0.0938	0.6003	0.0000
-0.1211	-0.3462	-3.0000
-0.6384	-0.4890	0.0000
0.0649	0.0357	0.0000
0.2593	-0.0227	0.0000
-0.6595	0.5844	0.0000
0.2411	0.1895	-3.0000
-0.2031	-0.1512	0.0000
0.6245	-0.0345	-3.0000
0.1587	0.2286	-3.0000
0.9284	-0.0764	0.0000
0.3761	-0.3092	-3.0000
0.3596	0.1290	0.0000
0.4089	-0.3031	-3.0000
-0.1761	0.0210	0.0000
0.4344	0.1307	0.0000
0.2891	0.0773	0.0000
0.2042	0.1619	0.0000
-0.1439	-0.7359	0.0000
0.0837	0.6886	-3.0000
0.6125	0.3177	-3.0000
-0.5791	-0.3363	-3.0000
-0.1120	-0.7762	0.0000
-0.0527	0.3291	0.0000
0.4489	-0.3991	-3.0000
0.5208	-0.5703	0.0000
0.1916	-0.3625	-3.0000
0.4216	0.0702	0.0000
0.0859	0.0032	-3.0000
0.2873	-0.2804	-3.0000
-0.0255	0.1306	-3.0000
0.7555	0.1734	-3.0000
0.2841	0.5357	-3.0000
-0.1350	0.1242	-3.0000
0.1247	0.2283	0.0000
0.2467	-0.2148	0.0000
0.4148	0.3365	-3.0000
0.5691	0.2955	0.0000
-0.1646	-0.6295	0.0000
0.2007	1.0851	0.0000
-0.7111	0.7289	0.0000
0.6755	0.2978	0.0000
0.3764	-0.1592	0.0000
0.6120	0.2181	-3.0000
-0.4444	-0.0045	0.0000
-0.1454	0.4722	0.0000
-0.0282	-0.3237	-3.0000
0.5977	0.4534	-3.0000
-0.1154	-0.3286	0.0000
-0.3667	0.0602	-3.0000
-0.2761	0.2371	-3.0000
-0.3147	0.7368	0.0000
0.1852	0.0710	-3.0000
0.1424	-0.7702	-1.0000
0.3446	-0.0977	-3.0000
-0.3954	0.5503	-1.0000
0.5106	-0.4976	-1.0000
0.0630	-0.0752	-1.0000
0.1522	0.5936	-3.0000
-0.1065	-0.0318	-3.0000
0.3872	0.1106	-1.0000
-0.3124	0.6037	-1.0000
0.0314	-0.2446	-1.0000
-0.0628	-0.1843	-1.0000
0.1147	0.1670	-1.0000
-0.1906	-0.6253	-1.0000
-0.2528	0.4267	-1.0000
0.4338	0.3854	-3.0000
-0.0511	0.4270	-1.0000
0.4827	-0.3568	-1.0000
0.8127	-0.3405	-1.0000
0.4058	-0.4042	-1.0000
0.6804	0.4281	-3.0000
0.0154	-0.3326	-1.0000
0.4241	0.3710	-3.0000
-0.1699	0.7566	-1.0000
0.5420	0.1561	-1.0000
0.2382	0.5054	-3.0000
0.0310	0.0610	-3.0000
0.3627	0.4114	-1.0000
0.0477	0.3398	-3.0000
0.3149	-0.4981	-1.0000
0.8104	0.0278	-1.0000
-0.0240	0.5211	-3.0000
0.0491	-0.2079	-3.0000
0.1238	-0.4086	-1.0000
-0.0280	0.1189	-3.0000
0.5472	-0.0759	-1.0000
-0.4288	-0.3502	-1.0000
0.7303	-0.2249	-3.0000
0.1700	0.4130	-1.0000
-0.7592	0.4454	-1.0000
0.1282	-0.2147	-1.0000
-0.4986	-0.2149	-1.0000
-0.0904	-0.1719	-1.0000
0.6079	-0.0984	-1.0000
-0.1814	0.5384	-1.0000
0.5263	0.0311	-3.0000
0.2800	0.4542	-3.0000
-0.2280	0.4144	-3.0000
0.1993	0.2482	-3.0000
0.1936	0.2030	-1.0000
0.2307	-0.1085	-3.0000
-0.0486	0.3161	-1.0000
0.3854	-1.0154	-1.0000
-0.3555	0.4165	-1.0000
0.3953	0.6068	-3.0000
-0.6673	-0.4089	-1.0000
0.0693	0.3537	-3.0000
0.3561	0.1135	-1.0000
-0.5360	-0.5637	-1.0000
-0.1106	0.0169	-3.0000
0.2468	-0.1282	-3.0000
-0.4965	-0.4615	-1.0000
-0.0958	-0.0338	-3.0000
-0.2170	0.1780	-3.0000
-0.1992	0.1493	-3.0000
-0.0671	-0.0512	-3.0000
-0.3107	-0.3420	-1.0000
0.4013	-0.0958	-3.0000
-0.6718	-0.4095	-1.0000
0.3721	0.1529	-1.0000
0.1153	0.5950	-1.0000
-0.0178	0.4734	-3.0000
0.1585	0.3802	-3.0000
-0.3417	-0.4322	-1.0000
-0.2589	-0.0833	-1.0000
0.4245	-0.4735	-3.0000
0.1207	-0.1984	-3.0000
-0.5674	0.6741	-1.0000
0.5161	0.1194	-3.0000
0.0749	-0.1484	-3.0000
0.2779	0.3813	-3.0000
-0.3118	-0.2375	-3.0000
0.1875	0.0024	-3.0000
0.1465	0.2525	-3.0000
0.1570	0.6042	-3.0000
0.0040	0.0689	-1.0000
0.1228	0.5404	-3.0000
0.1620	0.5037	-3.0000
0.3299	-0.1471	-3.0000
0.2355	0.3732	-3.0000
0.0784	0.6049	-3.0000
-0.0244	0.6283	-1.0000
0.7105	0.3235	-1.0000
0.8884	0.3250	-1.0000
-0.0253	0.5315	-1.0000
0.2563	-0.5247	-3.0000
-0.0370	0.0975	-1.0000
0.0320	0.8366	-3.0000
-0.0933	0.3716	-3.0000
-0.1993	0.2785	-3.0000
-0.0552	0.1702	-3.0000
-0.0422	-0.2740	-1.0000
0.6426	0.3710	-3.0000
-0.0110	0.4571	-3.0000
0.5804	0.4116	-1.0000
0.0074	-0.2080	-3.0000
0.4958	0.4224	-1.0000
0.4690	-0.0707	-3.0000
-0.0690	0.5666	-3.0000
0.3232	0.4314	-3.0000
0.1361	-0.5134	-1.0000
0.0891	-0.3377	-1.0000
-0.2809	0.4184	-3.0000
0.6224	0.1197	-1.0000
0.6336	-0.1187	-1.0000
0.1513	-0.4499	-1.0000
0.1786	0.0227	-3.0000
-0.3311	0.5035	-3.0000
0.6969	0.1501	-3.0000
0.1013	0.0046	-1.0000
-0.2588	0.8180	-3.0000
-0.1539	0.1873	-3.0000
-0.0666	-0.1566	-3.0000
0.1536	-0.2228	-1.0000
0.6390	0.0167	-1.0000
0.0544	-0.1436	-1.0000
-0.2434	0.7264	-1.0000
0.4917	-0.2398	-1.0000
0.3383	-0.0305	-3.0000
0.2217	0.4821	-1.0000
-0.0901	0.5152	-3.0000
-0.4042	0.6638	-1.0000
0.0521	-0.0626	-1.0000
0.5066	-0.3355	-1.0000
-0.0789	-0.4132	-1.0000
0.3213	-0.3978	-3.0000
0.5780	-0.0048	-3.0000
-0.3720	0.5032	-3.0000
0.7012	0.0636	-3.0000
0.2166	0.2977	-1.0000
0.1869	-0.3522	-3.0000
0.2383	-0.0631	-3.0000
-0.2695	-0.0601	-3.0000
0.1970	0.1512	-1.0000
-0.5075	0.1930	-3.0000
0.5131	0.3315	-1.0000
0.7884	0.1850	-1.0000
0.4296	0.1607	-3.0000
-0.1858	0.3517	-3.0000
0.0246	-0.8445	-1.0000
0.5030	0.3936	-3.0000
0.4447	0.3754	-3.0000
0.3441	-0.4831	-3.0000
-0.2534	-0.5281	-1.0000
-0.4144	-0.0986	-1.0000
-0.1866	-0.3402	-1.0000
0.5628	0.2426	-1.0000
0.3605	-0.5066	-3.0000
-0.2663	-0.0598	-1.0000
-0.1415	-0.2388	-1.0000
0.3735	-0.3116	-3.0000
-0.1409	0.0845	-3.0000
-0.5356	0.4090	-1.0000
0.3433	-0.4047	-1.0000
0.7557	0.0556	-1.0000
-0.0579	0.7752	-1.0000
0.5941	-0.3198	-1.0000
-0.4612	-0.0953	-1.0000
0.1767	0.5997	-1.0000
0.4812	-0.0204	-3.0000
0.7950	-0.2670	-1.0000
0.2291	0.0829	-3.0000
-0.0426	-0.1930	-3.0000
-0.2240	0.0674	-3.0000
0.1334	0.4078	-3.0000
0.5191	-0.5538	-3.0000
0.4987	0.5878	-3.0000
0.4259	-0.7283	-1.0000
0.3761	-0.6011	-3.0000
0.5457	0.1030	-3.0000
0.5489	0.1859	-1.0000
-0.1911	0.2897	-1.0000
0.8198	-0.4188	-1.0000
0.3400	-0.1915	-1.0000
-0.1639	0.1349	-3.0000
0.7490	-0.4734	-1.0000
0.1793	0.0927	-3.0000
-0.1132	0.3236	-3.0000
-0.2168	0.0346	-1.0000
0.3965	-0.3515	-3.0000
0.1690	0.0477	-1.0000
0.2884	0.2287	-3.0000
0.0905	-0.0770	-1.0000
0.2419	0.6442	-3.0000
-0.0577	-0.2350	-3.0000
0.0868	0.1802	-1.0000
0.6393	-0.2425	-1.0000
-0.0128	-0.1040	-3.0000
0.0817	0.2915	-3.0000
-0.1574	0.6018	-3.0000
0.1446	-0.0682	-3.0000
0.1739	0.0680	-3.0000
0.2996	0.1347	-3.0000
0.3942	-0.5199	-3.0000
0.0556	0.0665	-3.0000
0.2864	-0.2172	-1.0000
0.5721	-0.2682	-1.0000
0.5228	-0.0456	-1.0000
-0.3015	-0.1141	-3.0000
0.2184	0.0734	-3.0000
-0.2612	0.8424	-1.0000
-0.3019	0.7687	-3.0000
0.3176	-0.2108	-3.0000
0.5678	-0.2384	-1.0000
0.1480	-0.0284	-1.0000
-0.2341	0.3645	-1.0000
-0.7964	0.1104	-1.0000
0.6420	0.1833	-1.0000
-0.0481	0.5130	-3.0000
-0.0312	-0.4725	-1.0000
0.2880	-0.0323	-1.0000
0.0605	-0.2674	-3.0000
0.3231	-0.0864	-1.0000
0.2680	-0.2148	-1.0000
0.3068	0.4713	-3.0000
-0.2543	-0.3548	-3.0000
0.1930	-0.8165	-1.0000
0.8003	0.3503	-1.0000
0.4540	-0.3291	-3.0000
0.2910	-0.1117	-3.0000
-0.1573	0.3066	-3.0000
0.4676	0.2987	-1.0000
0.3194	-0.6576	-3.0000
-0.3271	-0.3136	-3.0000
0.0412	0.2900	-1.0000
0.5247	0.3757	-1.0000
-0.1642	-0.0344	-3.0000
0.1711	-0.6756	-1.0000
0.0476	0.3572	-3.0000
-0.0630	0.1226	-3.0000
0.6937	-0.6420	-1.0000
-0.0416	0.1378	-1.0000
0.2412	0.4060	-1.0000
0.0054	-0.4143	-1.0000
0.3193	0.5741	-1.0000
0.4473	0.4971	-2.0000
-0.1419	0.2087	-1.0000
-0.1791	-0.0528	-2.0000
-0.1006	0.1311	-2.0000
0.5126	0.3239	-1.0000
0.0613	-0.3734	-2.0000
0.0757	-0.3591	-2.0000
0.1245	-0.4850	-1.0000
0.6264	0.0003	-2.0000
0.0302	-0.4133	-3.0000
0.7025	0.5246	-1.0000
-0.0294	-0.4359	-3.0000
-0.3928	0.2177	-1.0000
-0.1167	-0.1177	-3.0000
0.1863	0.0915	-1.0000
0.7851	-0.1648	-1.0000
0.8250	0.1532	-1.0000
0.3011	-0.5672	-2.0000
0.0619	-0.6476	-1.0000
0.6879	0.2318	-2.0000
0.4684	0.2651	-2.0000
0.4029	-0.3482	-3.0000
0.5676	-0.1798	-2.0000
0.5753	0.0717	-1.0000
0.4750	-0.9643	-1.0000
-0.0064	-0.2852	-2.0000
0.3922	0.1668	-1.0000
-0.3774	0.0219	-2.0000
0.4408	-0.0189	-3.0000
0.2349	-0.0709	-1.0000
0.3220	0.0138	-1.0000
0.4259	0.3153	-3.0000
0.2098	0.1619	-3.0000
-0.4507	0.2542	-2.0000
0.3189	0.6595	-1.0000
-0.5289	-0.3447	-1.0000
0.3324	0.4372	-2.0000
0.1368	-0.0353	-1.0000
-0.8794	-0.1094	-1.0000
0.5101	0.4776	-1.0000
0.1764	-0.1168	-3.0000
-0.1020	-0.1056	-1.0000
0.6051	0.2625	-3.0000
-0.3212	0.0139	-2.0000
0.2849	-0.4724	-3.0000
0.2731	-0.6971	-1.0000
0.3183	0.0122	-2.0000
-0.5971	-0.6088	-1.0000
0.4912	0.4475	-2.0000
0.3900	0.4433	-3.0000
-0.0475	-0.3779	-1.0000
0.3704	0.5315	-1.0000
0.1029	-0.7697	-1.0000
0.2508	-0.2921	-1.0000
-0.5065	-0.2238	-2.0000
0.1036	0.2559	-1.0000
0.0847	0.6454	-2.0000
-0.2685	0.4075	-1.0000
0.1742	-0.2087	-1.0000
0.5700	0.2946	-1.0000
-0.5592	-0.0459	-1.0000
0.6519	0.2062	-1.0000
-0.3546	0.1313	-2.0000
0.3109	-0.0772	-2.0000
-0.0397	0.1527	-1.0000
-0.0509	-0.0099	-2.0000
0.2579	0.4727	-2.0000
0.5337	0.1424	-1.0000
0.0493	-0.0472	-1.0000
0.6185	-0.4491	-3.0000
-0.5094	0.1008	-2.0000
0.4244	-0.1665	-1.0000
0.2837	-0.2495	-2.0000
0.1558	-0.2834	-1.0000
-0.5595	0.0467	-1.0000
0.2087	0.5490	-3.0000
0.4855	-0.5218	-2.0000
0.4643	-0.0782	-1.0000
-0.1171	0.3899	-2.0000
0.1134	0.2432	-3.0000
-0.3983	0.3259	-2.0000
-0.9057	-0.2025	-1.0000
0.7252	0.0359	-1.0000
0.0905	0.4544	-2.0000
0.5990	-0.5864	-1.0000
0.5176	0.3026	-2.0000
0.0977	0.1079	-1.0000
-0.1344	0.2332	-1.0000
0.1632	-0.1827	-1.0000
0.0652	0.3974	-1.0000
-0.4187	-0.2214	-1.0000
-0.1407	0.4472	-1.0000
0.1784	0.4753	-3.0000
0.8013	-0.2060	-2.0000
0.5357	0.2106	-1.0000
0.3991	0.5135	-1.0000
0.0949	0.2749	-1.0000
-0.6141	0.3405	-1.0000
-0.3339	0.2225	-1.0000
0.2096	-0.5512	-1.0000
0.3661	0.4411	-1.0000
0.1018	0.2360	-1.0000
0.2528	0.2119	-2.0000
0.2159	-0.5515	-3.0000
0.3716	-0.2924	-2.0000
-0.4562	0.5135	-1.0000
0.5071	-0.2371	-1.0000
0.1599	0.1582	-3.0000
0.1730	0.4817	-1.0000
-0.1764	-0.0182	-1.0000
-0.3227	-0.0679	-1.0000
0.4226	-0.1635	-2.0000
0.5957	-0.3160	-1.0000
0.2517	-0.0784	-2.0000
0.5108	0.3446	-1.0000
-0.7035	0.0657	-1.0000
0.3087	0.2448	-3.0000
0.3891	0.1873	-2.0000
-0.1832	0.6142	-1.0000
0.2285	-0.8127	-1.0000
0.2604	-0.1331	-1.0000
0.2900	0.5682	-1.0000
0.3235	-0.4530	-1.0000
0.3161	0.1224	-3.0000
0.6797	0.1670	-1.0000
-0.0761	0.1505	-3.0000
0.0011	0.3831	-1.0000
-0.2568	0.6229	-2.0000
-0.4660	0.7557	-1.0000
0.4129	-0.0073	-1.0000
-0.0182	0.5196	-1.0000
-0.0008	-0.3261	-2.0000
-0.3319	-0.1241	-3.0000
0.3744	0.1971	-2.0000
0.3002	0.7008	-1.0000
0.1455	0.3807	-3.0000
-0.0115	-0.2639	-3.0000
0.3598	0.3887	-1.0000
0.5291	-0.3559	-1.0000
0.3718	0.2993	-1.0000
0.0662	0.4623	-1.0000
0.7295	0.1698	-1.0000
0.4199	0.4868	-3.0000
0.2744	-0.1761	-2.0000
0.3038	-0.0909	-1.0000
0.2346	-0.4840	-1.0000
0.0409	-0.2876	-2.0000
0.1214	0.2112	-2.0000
-0.7925	0.6516	-1.0000
0.3904	-0.5375	-2.0000
0.8306	0.3438	-1.0000
0.5170	0.0004	-2.0000
0.1014	-0.1095	-2.0000
0.4514	-0.2207	-1.0000
0.4391	0.3394	-1.0000
0.2113	-0.6456	-2.0000
0.0530	0.4535	-3.0000
0.2062	-0.2316	-3.0000
0.7036	-0.3732	-1.0000
0.4483	-0.1922	-1.0000
0.1589	0.2679	-2.0000
0.5107	0.0019	-2.0000
-0.0971	0.0916	-2.0000
0.0397	-0.3787	-1.0000
0.2007	0.4589	-3.0000
0.1866	0.3217	-3.0000
0.6150	0.4322	-2.0000
0.0484	0.3315	-3.0000
-0.1255	0.1346	-1.0000
0.5450	0.3946	-1.0000
0.2588	-0.2926	-1.0000
0.1840	0.3223	-3.0000
0.1460	0.4359	-2.0000
0.0474	0.8116	-2.0000
0.6059	0.0210	-1.0000
0.0968	0.4320	-2.0000
0.2458	-0.6880	-1.0000
-0.4138	0.0553	-1.0000
0.1774	-0.6168	-1.0000
0.3067	0.1692	-2.0000
0.3729	-0.3686	-2.0000
0.2995	0.0256	-1.0000
0.6794	0.2215	-2.0000
0.6163	0.2282	-1.0000
0.3672	-0.1973	-2.0000
-0.7944	0.0118	-1.0000
0.3872	-0.3087	-1.0000
0.7230	-0.1057	-1.0000
0.4165	0.3392	-1.0000
-0.3780	-0.0248	-3.0000
-0.5870	0.2043	-2.0000
0.4388	-0.2195	-2.0000
-0.0360	0.8605	-2.0000
0.1471	0.0206	-3.0000
0.4897	0.2619	-1.0000
0.0648	0.5445	-1.0000
0.1839	0.2538	-3.0000
0.4599	-0.3495	-2.0000
0.6662	0.3822	-1.0000
0.0909	-0.0680	-2.0000
0.0974	-0.3382	-2.0000
-0.1676	0.1307	-1.0000
-0.6837	0.0372	-1.0000
0.1005	0.4586	-1.0000
-0.4835	0.0327	-2.0000
0.5471	-0.0356	-2.0000
0.1140	0.1377	-3.0000
0.1408	0.5037	-1.0000
0.6225	-0.3990	-1.0000
0.3921	-0.1860	-1.0000
0.1624	0.1186	-1.0000
0.3396	-0.1506	-1.0000
0.1746	-0.4541	-3.0000
0.1055	0.2514	-2.0000
-0.1865	1.0305	-1.0000
0.2627	-0.3459	-3.0000
0.7278	-0.0862	-2.0000
0.3059	-0.1130	-1.0000
0.5256	-0.0805	-3.0000
-0.1392	-0.2800	-1.0000
0.2979	0.0282	-2.0000
0.1628	0.2847	-1.0000
-0.0495	0.2026	-3.0000
-0.7555	0.0713	-1.0000
0.0083	0.7450	-1.0000
-0.2760	0.2367	-3.0000
-0.5020	0.1644	-2.0000
-0.1966	-0.1312	-2.0000
-0.1356	0.1691	-3.0000
0.3808	0.1015	-2.0000
-0.0554	0.6214	-2.0000
0.0997	0.0856	-1.0000
-0.3481	-0.0987	-2.0000
-0.0331	-0.1131	-1.0000
-0.2088	0.5182	-2.0000
0.2276	-0.6904	-1.0000
0.0331	0.3596	-3.0000
0.2483	0.4078	-2.0000
0.5874	0.3770	-3.0000
-0.7913	0.3056	-1.0000
0.3029	0.0135	-1.0000
0.2661	0.4444	-3.0000
-0.0249	-0.2367	-1.0000
0.5789	0.2309	-3.0000
0.5380	0.2458	-1.0000
0.0631	0.0164	-1.0000
1.0542	-0.0661	-1.0000
0.2028	0.2317	-2.0000
0.6735	-0.4134	-1.0000
-0.4297	0.0348	-2.0000
0.6785	-0.6315	-1.0000
0.6620	0.2306	-1.0000
0.2653	0.0756	-3.0000
-0.5406	-0.0137	-2.0000
0.2364	-0.2097	-3.0000
0.5415	0.3234	-1.0000
-0.0748	-0.1999	-2.0000
0.2323	-0.2349	-1.0000
-0.3430	0.7941	-1.0000
-0.3008	0.0930	-2.0000
-0.5859	0.2679	-1.0000
0.2910	-0.3526	-1.0000
0.0476	-0.2289	-3.0000
0.4729	0.0180	-2.0000
0.0758	0.2761	-1.0000
0.3738	0.3184	-1.0000
0.0753	-0.3653	-2.0000
-0.1135	0.1350	-3.0000
-0.4686	0.0026	-3.0000
0.4318	-0.0133	-3.0000
0.3823	0.2219	-1.0000
0.2103	0.2141	-1.0000
0.9621	-0.0056	-1.0000
0.4791	0.3506	-3.0000
0.2603	-0.5145	-2.0000
0.3445	0.1830	-2.0000
-0.1809	0.1081	-1.0000
0.1002	0.8601	-1.0000
-0.1585	0.1997	-1.0000
0.1835	0.3239	-2.0000
0.0713	0.3789	-3.0000
-0.5906	-0.1545	-1.0000
0.3018	0.2846	-3.0000
-0.1839	0.5796	-1.0000
0.1007	-0.1950	-1.0000
-0.5937	-0.1600	-1.0000
0.2552	0.0660	-3.0000
0.0578	0.1990	-3.0000
0.6267	0.3837	-1.0000
-0.0523	-0.2486	-1.0000
-0.4245	0.6620	-1.0000
-0.0966	-0.2766	-1.0000
-0.0932	0.2347	-1.0000
0.0355	-0.3932	-1.0000
0.4298	0.2949	-3.0000
0.2945	0.1664	-1.0000
0.0340	0.4416	-3.0000
0.4518	-0.1489	-1.0000
0.7003	-0.1750	-2.0000
0.2416	0.5560	-3.0000
-0.5319	0.1378	-1.0000
0.2767	0.0463	-1.0000
-0.0932	-0.5766	-1.0000
-0.2597	0.0587	-1.0000
0.2943	0.0794	-2.0000
1.0563	-0.0841	-1.0000
0.6148	0.3456	-3.0000
-0.5221	0.6538	-1.0000
0.5971	0.5754	-1.0000
0.1876	0.1707	-2.0000
0.5601	-0.4107	-1.0000
-0.7479	0.5208	-2.0000
0.0677	-0.5045	-1.0000
-0.3013	0.1271	-2.0000
0.6908	-0.0676	-1.0000
0.2254	0.2888	-3.0000
0.1445	-0.6119	-1.0000
0.3399	-0.3415	-1.0000
0.1741	0.1320	-3.0000
0.5811	0.0252	-1.0000
0.5342	0.5011	-3.0000
0.4509	-0.1216	-3.0000
0.4172	0.1214	-3.0000
0.0209	-0.5739	-1.0000
0.0977	-0.3078	-1.0000
0.5958	0.6639	-1.0000
-0.1097	0.3721	-1.0000
0.5068	-0.3745	-2.0000
0.3244	0.3997	-2.0000
0.3793	0.4174	-3.0000
-0.0165	0.1466	-3.0000
0.5705	0.3004	-1.0000
-0.1110	0.6524	-2.0000
-0.1570	0.3347	-1.0000
0.2729	0.3451	-3.0000
0.4782	-0.2510	-1.0000
0.2042	0.3253	-1.0000
-0.3969	-0.7724	-1.0000
-0.3535	-0.1471	-1.0000
-0.0288	-0.0420	-1.0000
0.2774	0.1626	-2.0000
0.4598	0.2421	-3.0000
0.2963	0.2258	-2.0000
0.5245	-0.0857	-2.0000
0.6669	0.0710	-2.0000
-0.1395	0.1388	-3.0000
0.9170	-0.3133	-1.0000
0.3335	0.3241	-3.0000
0.6039	0.1762	-3.0000
0.1738	0.2268	-2.0000
-0.3218	0.6275	-1.0000
0.5568	-0.1538	-3.0000
-0.3099	0.3913	-2.0000
0.4049	0.1276	-3.0000
0.3237	-0.9636	-1.0000
0.5958	0.5692	-1.0000
-0.4075	-0.2792	-1.0000
0.4187	0.0747	-3.0000
0.3773	-0.1210	-1.0000
0.4270	-0.1856	-1.0000
0.5794	-0.1523	-1.0000
0.1164	0.1577	-2.0000
-0.3220	0.0691	-2.0000
0.5372	0.2239	-2.0000
0.0650	0.5051	-1.0000
0.4138	-0.2268	-3.0000
0.1625	-0.0165	-1.0000
0.3436	0.7433	-1.0000
0.5343	0.0128	-1.0000
0.3637	-0.1070	-3.0000
-0.0526	0.4285	-1.0000
0.6346	-0.2293	-2.0000
-0.1505	0.3523	-1.0000
0.1441	-0.2027	-2.0000
0.4688	0.1014	-2.0000
-0.0658	0.1503	-2.0000
0.3308	0.3519	-3.0000
0.4006	0.0124	-1.0000
-0.1331	0.3763	-1.0000
0.0082	0.7802	-2.0000
-0.5780	-0.6175	-1.0000
0.1996	-0.2428	-2.0000
-0.6310	-0.4157	-1.0000
0.0256	0.3043	-1.0000
0.6456	-0.6713	-1.0000
-0.0134	0.4733	-1.0000
0.5854	0.6344	-1.0000
0.1231	-0.0543	-1.0000
-0.1255	0.1936	-2.0000
-0.0750	0.6420	-1.0000
-0.3320	0.1554	-1.0000
-0.1227	-0.1129	-2.0000
0.0095	0.0326	-2.0000
-0.2381	-0.4408	-1.0000
0.7279	-0.3008	-1.0000
0.6531	-0.3218	-1.0000
-0.1371	0.2166	-2.0000
0.0528	0.3625	-3.0000
0.1144	-0.2072	-3.0000
0.4381	0.1887	-1.0000
0.5585	-0.4636	-1.0000
0.1523	0.1007	-2.0000
0.5121	0.2378	-2.0000
-0.0351	0.6421	-1.0000
0.2550	0.0503	-1.0000
0.2761	0.2991	-1.0000
-0.0929	0.5912	-1.0000
0.7442	0.1470	-2.0000
-0.0244	0.3500	-1.0000
-0.3562	0.5431	-2.0000
0.2315	-0.3861	-2.0000
0.3166	0.1635	-1.0000
0.5402	-0.1535	-1.0000
0.5759	0.4706	-1.0000
-0.7821	0.0941	-1.0000
-0.1707	0.0742	-1.0000
0.2393	0.4934	-2.0000
-0.2925	0.4427	-1.0000
0.5789	0.1561	-2.0000
0.7535	0.0343	-2.0000
-0.1662	0.8298	-1.0000
0.2092	-0.0959	-3.0000
0.5744	0.0394	-1.0000
-0.0435	-0.3006	-1.0000
0.3059	-0.0327	-2.0000
0.2179	0.0509	-2.0000
0.1517	-0.2477	-2.0000
0.5679	-0.0775	-2.0000
0.2809	0.3691	-3.0000
0.4179	0.0514	-1.0000
0.4581	0.0962	-1.0000
-0.2396	0.1783	-1.0000
0.5125	0.3711	-3.0000
-0.1196	0.0685	-3.0000
-0.0316	-0.5047	-1.0000
-0.2159	0.3331	-1.0000
-0.5044	0.5710	-1.0000
-0.0565	-0.1491	-1.0000
0.6440	-0.3935	-2.0000
0.1673	-0.4745	-1.0000
0.0045	-0.2977	-2.0000
-0.0483	-0.1164	-3.0000
-0.2991	0.0544	-1.0000
0.5673	-0.5425	-1.0000
0.4899	0.3827	-1.0000
0.6062	-0.3612	-2.0000
0.2030	0.4022	-1.0000
0.3047	0.7402	-1.0000
-0.3777	0.4035	-1.0000
0.4318	0.4730	-2.0000
0.3548	-0.0669	-3.0000
0.2045	0.1414	-2.0000
0.1391	0.2515	-1.0000
0.7922	-0.0918	-2.0000
0.5048	0.5915	-2.0000
0.3103	-0.6931	-2.0000
-0.6807	0.3421	-1.0000
0.0985	-0.1924	-1.0000
0.5471	0.5412	-1.0000
0.1565	0.3177	-2.0000
0.2220	0.2681	-3.0000
0.6630	-0.2015	-1.0000
-0.1265	-0.4291	-2.0000
-0.2238	-0.3387	-2.0000
0.0982	0.6085	-1.0000
-0.5792	0.6515	-1.0000
-0.3106	-0.2227	-1.0000
0.0648	-0.2521	-1.0000
-0.0075	0.1371	-1.0000
0.4028	-0.0573	-1.0000
-0.6452	0.0622	-2.0000
-0.0099	0.6582	-2.0000
0.5229	-0.2994	-1.0000
-0.4173	-0.1190	-1.0000
0.2931	0.6081	-1.0000
0.7253	-0.0693	-1.0000
-0.1111	-0.7028	-1.0000
-0.7781	0.0955	-1.0000
0.1842	-0.7704	-2.0000
0.1736	-0.0193	-1.0000
0.0610	0.2339	-2.0000
-0.6480	-0.0918	-1.0000
-0.1524	0.2496	-2.0000
-0.0030	0.4177	-1.0000
-0.0875	0.5037	-1.0000
0.0567	0.3648	-2.0000
-0.1050	0.5797	-2.0000
-0.9260	0.4622	-1.0000
0.6175	0.0282	-3.0000
0.2570	-0.2031	-1.0000
0.1529	-0.1482	-1.0000
0.0152	-0.6660	-2.0000
0.2160	-0.3408	-1.0000
0.4665	-0.1572	-1.0000
0.5712	0.4158	-2.0000
-0.0893	0.0348	-1.0000
0.2360	0.2314	-3.0000
0.5037	0.2280	-1.0000
0.3508	-0.3390	-3.0000
-0.2113	0.0495	-1.0000
0.1304	0.9059	-1.0000
0.2533	0.5000	-1.0000
0.3501	0.1230	-3.0000
-0.2553	0.2960	-2.0000
0.0022	-0.1851	-2.0000
-0.1461	0.4652	-1.0000
0.5661	-0.1740	-1.0000
0.1553	0.1369	-1.0000
0.4142	-0.1860	-2.0000
-0.0644	0.1404	-3.0000
0.1796	0.3058	-3.0000
0.5839	-0.6116	-1.0000
-0.7854	0.1482	-1.0000
-0.2231	0.1259	-1.0000
0.6289	0.0224	-3.0000
0.3979	-0.2473	-2.0000
0.7971	0.3952	-1.0000
-0.0840	-0.0163	-3.0000
-0.4252	0.9744	-1.0000
0.4457	0.5485	-1.0000
0.3871	0.1191	-1.0000
0.2081	0.3816	-2.0000
-0.7712	0.1657	-2.0000
0.3781	0.6952	-1.0000
0.1895	-0.2958	-3.0000
0.3873	0.2522	-2.0000
-0.1005	0.5917	-2.0000
-0.0584	-0.3325	-1.0000
0.5732	0.3669	-2.0000
0.3027	0.1135	-2.0000
-0.1481	0.0193	-1.0000
0.1799	0.5530	-2.0000
0.3589	0.3409	-1.0000
0.0212	0.4359	-2.0000
0.5781	0.5072	-2.0000
-0.2929	0.1566	-3.0000
-0.4904	-0.1358	-2.0000
0.4836	-0.3391	-1.0000
0.1575	-0.2993	-3.0000
-0.4644	0.4278	-1.0000
-0.0906	0.3090	-2.0000
-0.3791	-0.2450	-1.0000
-0.0501	0.3440	-2.0000
0.1431	-0.1515	-2.0000
0.4096	0.2208	-2.0000
0.4216	-0.1929	-2.0000
0.1288	-0.3377	-3.0000
0.6092	0.0597	-1.0000
0.0596	0.3668	-1.0000
-0.0363	-0.3831	-3.0000
-0.5011	0.0926	-1.0000
0.6545	-0.1961	-1.0000
-0.3400	-0.1100	-3.0000
0.9324	-0.1513	-1.0000
-0.0524	0.3066	-1.0000
-0.2203	-0.0181	-3.0000
-0.2671	-0.4064	-2.0000
0.8238	-0.0548	-1.0000
-0.3343	-0.3239	-2.0000
-0.0250	0.2741	-1.0000
-0.0446	0.5717	-1.0000
-0.5242	0.1459	-1.0000
-0.6898	-0.1424	-1.0000
-0.3085	-0.4040	-2.0000
-0.1099	-0.3252	-1.0000
0.4304	0.2666	-1.0000
-0.1365	-0.1955	-3.0000
0.7632	-0.3878	-1.0000
-0.0294	0.2317	-1.0000
-0.1305	-0.1197	-3.0000
-0.0807	0.3881	-1.0000
1.0407	-0.1659	-1.0000
0.3408	-0.1774	-1.0000
0.6394	-0.5040	-1.0000
-0.1278	0.0408	-1.0000
-0.5217	-0.2424	-1.0000
-0.0991	0.1756	-2.0000
0.5914	0.1044	-1.0000
0.5582	-0.6545	-1.0000
-0.0466	0.5777	-1.0000
-0.3317	-0.0376	-1.0000
0.0409	0.6191	-2.0000
-0.0846	-0.0762	-2.0000
0.0661	0.1383	-1.0000
0.1050	0.0972	-1.0000
0.4641	-0.1289	-3.0000
0.1352	-0.1518	-2.0000
-0.0003	-0.4405	-2.0000
0.4457	0.0812	-1.0000
-0.3000	0.1079	-1.0000
0.2919	0.0771	-3.0000
0.2060	0.3230	-3.0000
-0.3532	-0.2736	-1.0000
-0.0701	-0.0204	-2.0000
0.1726	0.2411	-1.0000
-0.2077	-0.0895	-2.0000
-0.1541	0.9869	-1.0000
1.0320	-0.3246	-1.0000
0.0259	-0.2023	-1.0000
0.1074	0.1096	-2.0000
0.2319	-0.0851	-2.0000
0.4176	-0.1342	-2.0000
-0.2576	0.4306	-1.0000
0.2276	-0.4222	-3.0000
0.7121	0.0483	-2.0000
-0.1494	0.4815	-2.0000
0.2152	0.8136	-2.0000
-0.0471	-0.3823	-3.0000
0.4848	0.1786	-1.0000
-0.5306	-0.1485	-2.0000
0.3374	0.1917	-3.0000
0.3838	0.8882	-1.0000
-0.0050	-0.6438	-1.0000
-0.1190	-0.2280	-2.0000
0.3161	0.7488	-1.0000
-0.1809	-0.0181	-1.0000
0.3373	0.3670	-3.0000
-0.1686	0.6492	-1.0000
0.1896	-0.6805	-1.0000
-0.2037	0.4284	-1.0000
0.6771	-0.0861	-1.0000
0.3876	-0.0822	-1.0000
-0.0020	0.1568	-2.0000
-0.1358	-0.4542	-3.0000
-0.6199	0.5279	-1.0000
-0.4939	0.3259	-1.0000
0.2622	-0.0989	-2.0000
-0.2319	-0.2366	-2.0000
0.0552	0.6994	-2.0000
0.0786	-0.0191	-3.0000
-0.3128	0.1391	-2.0000
0.0912	0.8125	-1.0000
0.3737	0.0959	-1.0000
-0.0580	-0.2733	-2.0000
-0.1177	0.1538	-1.0000
0.2486	-0.1331	-2.0000
0.2284	0.1830	-1.0000
0.1200	-0.2786	-3.0000
-0.0972	0.5321	-1.0000
0.6516	0.3760	-1.0000
0.0297	-0.2123	-2.0000
0.6266	-0.2959	-3.0000
0.4876	0.1898	-1.0000
0.3114	-0.0642	-3.0000
0.3501	0.0552	-3.0000
0.4181	-0.6739	-1.0000
-0.3088	0.5648	-1.0000
0.6257	0.3750	-2.0000
0.5687	0.5689	-1.0000
0.5443	0.0734	-2.0000
0.2345	-0.1415	-1.0000
0.2686	-0.4625	-1.0000
0.1319	-0.1979	-1.0000
-0.1762	-0.5938	-1.0000
-0.0052	0.3617	-3.0000
-0.4834	0.5970	-1.0000
0.2759	-0.0366	-2.0000
0.2927	-0.2830	-1.0000
-0.6075	0.1846	-1.0000
0.2985	0.3832	-3.0000
0.0417	0.1264	-1.0000
0.2861	0.3641	-3.0000
0.1427	0.8459	-1.0000
0.6767	0.2144	-1.0000
0.7518	0.2500	-1.0000
0.3409	-0.5932	-1.0000
0.2512	-0.0016	-1.0000
-0.2811	-0.1965	-2.0000
0.6009	0.2813	-1.0000
-0.3430	0.3365	-3.0000
0.1205	-0.5741	-1.0000
-0.0106	-0.1863	-3.0000
0.2710	-0.2356	-2.0000
0.6316	-0.0752	-2.0000
0.3867	0.3281	-1.0000
-0.1164	0.0528	-1.0000
0.4100	0.8779	-1.0000
-0.5124	-0.2372	-1.0000
0.1316	-0.3766	-1.0000
0.4860	0.1161	-2.0000
-0.1939	0.7481	-1.0000
0.2750	-0.0310	-3.0000
-0.2710	0.7242	-2.0000
0.3208	0.5005	-3.0000
0.4160	0.4023	-2.0000
0.2112	-0.2466	-1.0000
0.4749	-0.0275	-1.0000
0.2452	-0.5258	-2.0000
0.2267	0.5691	-3.0000
-0.1600	-0.2757	-1.0000
-0.3960	-0.2614	-1.0000
0.2976	-0.0470	-2.0000
0.2153	-0.5216	-2.0000
0.0057	-0.2250	-1.0000
0.7000	-0.1111	-1.0000
0.3099	-0.0956	-1.0000
0.5793	-0.5384	-1.0000
-0.1271	-0.1621	-2.0000
-0.4725	0.0198	-2.0000
-0.0226	0.5727	-3.0000
-0.5365	0.0605	-2.0000
0.0616	-0.6110	-1.0000
0.4120	0.1074	-1.0000
0.7310	-0.1169	-1.0000
0.1318	0.1494	-3.0000
-0.1119	-0.4480	-2.0000
-0.3883	0.7493	-1.0000
0.3945	-0.4367	-1.0000
0.6747	0.3032	-1.0000
0.6951	0.2966	-2.0000
-0.0479	-0.1301	-2.0000
0.0923	0.2582	-1.0000
-0.2902	-0.3655	-1.0000
-0.1446	0.3325	-1.0000
0.3691	0.1004	-1.0000
0.3479	0.6274	-1.0000
0.0478	0.0227	-2.0000
0.1765	-0.2711	-3.0000
-0.1171	-0.3454	-1.0000
-0.1596	0.1313	-2.0000
0.2821	0.7672	-1.0000
0.3948	0.4149	-2.0000
0.4739	0.2179	-3.0000
0.3134	-0.2722	-2.0000
-0.1532	0.2823	-2.0000
-0.2186	-0.0026	-3.0000
0.7687	-0.1600	-2.0000
-0.4419	0.1830	-1.0000
-0.2207	0.7921	-2.0000
0.0883	0.5880	-1.0000
-0.1043	0.2101	-2.0000
0.4566	-0.1149	-1.0000
-0.0959	0.6145	-1.0000
-0.2689	-0.4627	-2.0000
0.3198	-0.1785	-1.0000
0.0658	0.5761	-2.0000
0.3176	0.0758	-3.0000
-0.0854	0.6046	-2.0000
-0.1233	0.5885	-2.0000
0.8804	0.0020	-1.0000
0.1904	0.5671	-1.0000
-0.0442	0.3030	-1.0000
-0.4127	-0.4224	-1.0000
0.5561	-0.0013	-1.0000
0.2215	0.3668	-3.0000
0.4165	0.7448	-2.0000
0.2306	0.1886	-3.0000
0.3972	0.1207	-2.0000
0.1259	0.5321	-3.0000
-0.1013	-0.3461	-1.0000
-0.5014	0.0391	-1.0000
0.8822	0.1721	-1.0000
0.1266	0.2762	-1.0000
-0.2339	-0.5146	-1.0000
-0.0632	0.0527	-1.0000
0.3980	0.1068	-2.0000
-0.4236	-0.4859	-1.0000
0.2955	-0.0129	-2.0000
0.3669	0.2047	-1.0000
0.1357	0.3390	-1.0000
0.2433	-0.0550	-1.0000
-0.3884	0.6117	-1.0000
0.6762	-0.4244	-1.0000
-0.2005	0.2992	-1.0000
-0.7552	0.2545	-1.0000
-0.2889	-0.1833	-1.0000
0.5456	0.4551	-2.0000
0.0422	0.4657	-2.0000
0.2452	0.0030	-2.0000
0.0403	-0.3960	-1.0000
-0.3590	0.1293	-2.0000
0.5790	-0.6097	-2.0000
0.7484	-0.3030	-1.0000
0.6325	0.0076	-2.0000
0.8474	-0.1113	-1.0000
-0.8785	-0.2694	-1.0000
-0.2305	0.2193	-1.0000
0.2114	0.4390	-2.0000
-0.6252	0.3379	-2.0000
-0.2129	0.5001	-1.0000
0.0839	-0.4365	-1.0000
0.1885	0.5087	-1.0000
0.3617	-0.4682	-1.0000
0.0292	0.2232	-1.0000
0.1503	-0.3176	-2.0000
0.5595	-0.1725	-3.0000
-0.1826	-0.2211	-1.0000
0.8221	0.3440	-1.0000
-0.1798	0.9754	-1.0000
-0.2890	0.6775	-1.0000
0.2357	-0.2884	-3.0000
0.0255	0.5020	-1.0000
0.1534	0.2721	-1.0000
-0.2447	0.2027	-1.0000
-0.0148	-0.5797	-1.0000
0.1999	-0.0616	-3.0000
0.3743	-0.1544	-3.0000
-0.1598	0.0013	-2.0000
-0.0231	0.5391	-2.0000
0.0460	0.1701	-3.0000
0.4652	-0.3148	-2.0000
-0.9222	-0.0654	-1.0000
0.1882	0.4778	-2.0000
0.5531	-0.0628	-2.0000
-0.0491	0.4869	-2.0000
0.8149	0.1747	-2.0000
0.4333	0.2050	-2.0000
-0.0945	-0.2116	-1.0000
0.5641	0.2533	-1.0000
0.5123	0.1475	-1.0000
0.3862	-0.1295	-2.0000
0.0025	-0.7241	-2.0000
0.3336	-0.0084	-3.0000
0.3888	-0.3858	-2.0000
0.5364	0.5319	-1.0000
-0.1070	-0.2428	-3.0000
0.2611	0.0545	-2.0000
-0.1707	-0.2846	-2.0000
0.6109	-0.1567	-1.0000
0.0140	0.2910	-2.0000
0.4629	0.2068	-1.0000
0.5710	0.3736	-2.0000
-0.1051	-0.6405	-1.0000
0.1290	-0.4630	-2.0000
0.6493	0.5896	-2.0000
-0.1034	0.3619	-2.0000
-0.1534	0.4869	-3.0000
0.4089	0.4471	-1.0000
-0.4337	0.3547	-1.0000
0.0285	0.0711	-1.0000
0.3275	0.2060	-3.0000
-0.3299	-0.8301	-1.0000
0.6049	0.2326	-1.0000
0.5489	-0.3167	-1.0000
-0.2497	-0.3988	-1.0000
0.1732	-0.3481	-1.0000
-0.0290	0.5806	-2.0000
0.2938	-0.6203	-1.0000
0.1321	0.2400	-3.0000
-0.0616	0.0133	-1.0000
0.2880	0.1379	-2.0000
-0.2010	0.7523	-1.0000
-0.2276	0.0007	-1.0000
0.1412	0.2700	-1.0000
-0.6477	0.3635	-1.0000
-0.2220	-0.4212	-3.0000
0.1050	0.1267	-2.0000
0.1963	-0.7101	-1.0000
0.2354	0.1065	-3.0000
0.2168	-0.3288	-2.0000
-0.3708	0.1258	-1.0000
0.5288	-0.4741	-1.0000
0.4868	0.4292	-2.0000
-0.0961	-0.3657	-1.0000
0.3942	0.2185	-1.0000
-0.5731	0.2366	-1.0000
0.6815	0.3603	-1.0000
0.0688	0.6758	-1.0000
0.0031	-0.2106	-1.0000
-0.0900	-0.2962	-2.0000
0.1507	0.1370	-2.0000
0.4004	-0.4425	-2.0000
0.4857	-0.0675	-2.0000
0.0922	0.3326	-2.0000
-0.0513	0.0697	-3.0000
0.4953	-0.3863	-1.0000
0.4342	0.7294	-1.0000
0.2117	0.2474	-2.0000
-0.5519	-0.4294	-2.0000
0.4506	0.6509	-1.0000
0.6901	-0.0332	-1.0000
-0.2945	0.2105	-1.0000
0.0048	0.1117	-3.0000
0.0715	0.0742	-1.0000
0.1128	0.3975	-1.0000
-0.2879	0.1614	-1.0000
-0.1706	0.5808	-2.0000
0.1514	0.4123	-1.0000
0.8573	0.4274	-1.0000
-0.4226	-0.3225	-2.0000
0.1423	0.1964	-1.0000
0.3364	-0.6817	-2.0000
-0.0819	-0.4018	-1.0000
-0.4132	0.4406	-1.0000
0.2170	0.1052	-2.0000
-0.3461	0.3490	-1.0000
0.6972	0.2515	-1.0000
0.3355	-0.6985	-1.0000
-0.3063	0.5625	-1.0000
0.0370	0.4295	-2.0000
0.4881	0.1167	-3.0000
-0.1993	0.2804	-2.0000
-0.5283	0.5377	-1.0000
0.3702	-0.1256	-1.0000
-0.0020	-0.1348	-3.0000
0.5051	0.7162	-1.0000
0.9382	0.2894	-1.0000
0.0603	0.0644	-2.0000
-0.2445	-0.0174	-2.0000
0.5626	0.0670	-1.0000
0.0588	-0.5569	-1.0000
-0.2067	0.3256	-2.0000
-0.1622	0.0997	-1.0000
0.1352	0.5617	-2.0000
0.0342	0.7239	-1.0000
0.0804	-0.0238	-1.0000
0.1107	0.4522	-3.0000
0.9047	-0.3383	-1.0000
0.5218	0.2593	-2.0000
0.3317	0.1966	-2.0000
0.3065	-0.0598	-3.0000
-0.0386	-0.1994	-2.0000
-0.7347	0.3875	-1.0000
0.0546	0.3217	-2.0000
0.6272	0.4118	-1.0000
-0.7263	-0.1246	-1.0000
-0.2897	0.4421	-1.0000
0.5092	0.1897	-2.0000
0.4492	0.6192	-1.0000
-0.1867	0.7070	-2.0000
0.0056	0.5389	-2.0000
-0.0106	0.3585	-1.0000
0.2822	-0.3584	-3.0000
0.5388	0.0636	-3.0000
-0.2488	0.4217	-1.0000
0.4009	0.4148	-2.0000
-0.0919	0.6344	-2.0000
0.3480	-0.0177	-3.0000
0.0342	-0.5033	-2.0000
0.3554	0.0641	-3.0000
-0.1594	0.6355	-1.0000
0.8067	0.6188	-1.0000
-0.0968	-0.1217	-1.0000
0.3995	-0.6111	-1.0000
-0.0506	0.3011	-2.0000
-0.2308	0.3852	-1.0000
0.2017	0.2166	-2.0000
-0.0578	0.5891	-2.0000
0.5007	-0.5725	-1.0000
-0.4109	0.8101	-1.0000
0.0730	-0.2069	-1.0000
-0.1869	0.6427	-1.0000
0.0449	0.1679	-2.0000
0.1797	0.7294	-1.0000
-0.0390	0.3273	-1.0000
0.2267	0.1015	-1.0000
-0.0334	0.0165	-1.0000
0.0249	0.2447	-3.0000
0.2913	0.2576	-1.0000
0.3753	-0.0418	-3.0000
0.0463	-0.0194	-3.0000
0.0956	0.4216	-3.0000
-0.0862	-0.2760	-3.0000
-0.1646	-0.5810	-1.0000
0.1322	0.4813	-2.0000
-0.0204	-0.0223	-2.0000
0.3431	-0.3898	-2.0000
0.5350	-0.8507	-1.0000
-0.2782	0.3051	-1.0000
0.1815	0.1249	-1.0000
0.2963	-0.2875	-2.0000
-0.2891	0.3387	-1.0000
-0.1454	-0.3411	-1.0000
0.4404	-0.1078	-3.0000
0.2792	-0.4698	-1.0000
0.2448	-0.1017	-3.0000
0.5110	-0.0453	-2.0000
0.0345	-0.1347	-2.0000
0.3409	-0.3487	-1.0000
0.3931	-0.1337	-3.0000
0.0445	0.6560	-1.0000
0.2876	-0.0707	-3.0000
-0.2843	0.2689	-2.0000
-0.0262	0.3799	-1.0000
0.8228	0.1273	-2.0000
-0.0420	0.8834	-1.0000
-0.0731	-0.3377	-3.0000
0.4969	-0.0273	-2.0000
0.0689	0.3781	-3.0000
-0.2379	0.0326	-1.0000
0.2194	0.2273	-2.0000
-0.3284	-0.1875	-2.0000
0.0005	-0.4879	-1.0000
0.6310	0.1808	-2.0000
0.1366	0.4866	-3.0000
-0.4516	0.6498	-1.0000
0.2314	0.5805	-1.0000
0.5598	-0.3090	-1.0000
0.1148	0.4111	-1.0000
0.6321	-0.3164	-1.0000
-0.2419	0.1246	-2.0000
0.3094	-0.0913	-2.0000
0.6173	-0.0914	-2.0000
0.0857	0.4200	-2.0000
0.4590	0.5754	-1.0000
0.0533	-0.1110	-2.0000
-0.4715	0.8269	-1.0000
-0.0086	0.1734	-3.0000
0.5588	-0.0764	-2.0000
-0.2365	-0.5797	-1.0000
0.4014	0.4219	-3.0000
0.6396	-0.2116	-1.0000
-0.1732	-0.2187	-3.0000
0.3674	-0.4631	-1.0000
-0.0498	-0.5338	-1.0000
-0.5779	0.5127	-1.0000
0.2876	0.5818	-1.0000
0.2795	0.1766	-1.0000
-0.1986	-0.1572	-1.0000
-0.0022	0.2697	-1.0000
0.2875	0.2331	-1.0000
-0.8100	0.4280	-1.0000
0.1082	-0.4026	-1.0000
0.6756	0.2200	-1.0000
0.7478	0.4814	-1.0000
0.1600	0.2242	-2.0000
-0.7790	0.0677	-2.0000
0.5156	-0.2425	-2.0000
0.2686	0.5225	-3.0000
-0.1576	-0.0919	-1.0000
-0.2108	-0.7048	-1.0000
0.0060	-0.2761	-2.0000
0.5488	0.5714	-2.0000
0.0853	-0.1169	-1.0000
0.1899	0.1255	-3.0000
0.5300	0.1077	-3.0000
0.0822	0.2233	-1.0000
-0.2122	-0.2684	-1.0000
0.5437	0.1623	-3.0000
0.0168	0.5266	-2.0000
0.5883	0.2762	-1.0000
0.1731	0.0932	-1.0000
-0.3836	-0.5465	-1.0000
-0.3783	0.5159	-1.0000
0.4164	0.3021	-1.0000
0.0818	0.2857	-2.0000
-0.1446	0.2628	-1.0000
0.4171	0.2961	-1.0000
-0.3951	-0.1279	-1.0000
0.0255	0.4798	-2.0000
-0.3679	0.4014	-1.0000
-0.0700	0.0784	-3.0000
0.0338	0.6751	-1.0000
-0.4398	0.3478	-1.0000
0.7854	0.0373	-1.0000
0.2332	-0.5620	-2.0000
0.4833	0.1380	-1.0000
-0.0908	-0.4652	-2.0000
0.2199	-0.2433	-1.0000
-0.3062	-0.5664	-1.0000
-0.0261	0.4373	-3.0000
-0.8006	0.0977	-1.0000
-0.1650	-0.0512	-3.0000
-0.5258	0.4182	-1.0000
0.5328	-0.6105	-1.0000
0.3460	-0.0071	-1.0000
-0.3792	0.1304	-1.0000
-0.1311	-0.4491	-2.0000
0.5567	-0.0976	-1.0000
-0.4333	-0.0832	-1.0000
-0.0654	-0.1460	-2.0000
0.0006	-0.3626	-2.0000
-0.0030	0.9006	-1.0000
0.2892	-0.5403	-1.0000
0.4699	0.5522	-1.0000
-0.0560	-0.2653	-1.0000
0.4684	0.5372	-1.0000
0.3784	-0.6694	-1.0000
0.3160	0.4338	-1.0000
0.3892	0.3964	-1.0000
-0.3760	0.1761	-3.0000
0.1233	-0.5746	-2.0000
-0.3886	-0.0826	-1.0000
0.7001	-0.0355	-1.0000
-0.2587	-0.3616	-2.0000
-0.0240	0.5975	-1.0000
0.3989	-0.1189	-2.0000
0.6318	0.5714	-1.0000
0.2017	0.8299	-1.0000
0.0503	-0.7431	-1.0000
-0.0176	0.2619	-1.0000
-0.2580	0.1772	-1.0000
0.8176	0.1060	-2.0000
-0.3086	0.0105	-2.0000
0.6518	0.4036	-2.0000
-0.1240	-0.2620	-3.0000
-0.3743	0.4916	-1.0000
-0.1067	-0.5406	-2.0000
-0.1435	0.4036	-1.0000
-0.3100	0.5543	-1.0000
0.6924	0.6003	-1.0000
0.4776	0.2396	-3.0000
-0.0574	0.0112	-1.0000
0.4014	0.2761	-1.0000
0.9901	-0.2171	-1.0000
0.7726	0.0490	-2.0000
0.6347	0.1075	-1.0000
0.4953	-0.2736	-2.0000
-0.1192	-0.7173	-1.0000
0.5115	-0.0799	-2.0000
0.7225	0.0908	-2.0000
0.1282	0.4660	-2.0000
0.6513	0.4271	-2.0000
0.4607	-0.4173	-1.0000
0.5058	0.6324	-1.0000
-0.2852	-0.0282	-3.0000
-0.1568	-0.0168	-1.0000
-0.1847	0.1706	-3.0000
0.1044	0.0574	-3.0000
-0.1348	-0.0874	-1.0000
-0.2965	-0.1180	-2.0000
0.4504	0.2724	-3.0000
-0.1838	0.1446	-3.0000
0.0693	0.4690	-2.0000
-0.0126	1.0742	-1.0000
0.4397	-0.1742	-2.0000
-0.1300	0.2272	-3.0000
0.1070	0.0665	-2.0000
-0.2232	-0.2431	-1.0000
0.1510	0.6170	-1.0000
0.6349	0.4458	-1.0000
-0.2336	-0.0158	-1.0000
0.4753	0.3857	-2.0000
-0.7202	-0.0181	-1.0000
0.6549	0.4116	-1.0000
0.5789	0.3374	-1.0000
-0.1863	-0.4171	-1.0000
-0.3801	0.0565	-1.0000
0.6242	-0.5692	-1.0000
-0.0387	-0.1218	-2.0000
-0.4526	-0.0036	-1.0000
-0.3900	0.7569	-1.0000
0.2648	-0.1134	-1.0000
0.4423	-0.5449	-1.0000
0.3848	-0.3047	-3.0000
0.1015	-0.3956	-3.0000
0.0620	0.3703	-3.0000
-0.2013	-0.0705	-1.0000
0.0940	0.3615	-1.0000
0.2727	0.7878	-2.0000
0.3472	0.8221	-1.0000
-0.5156	0.6769	-1.0000
-0.7091	-0.0316	-1.0000
0.4760	0.3152	-1.0000
-0.1408	-0.5286	-1.0000
-0.6883	0.3539	-1.0000
0.7780	-0.2605	-2.0000
0.7157	0.3287	-1.0000
0.1599	-0.2824	-1.0000
0.5029	-0.3239	-2.0000
0.2859	0.7120	-2.0000
0.3137	-0.3094	-3.0000
0.0656	0.4316	-3.0000
-0.3116	0.5053	-2.0000
-0.2295	-0.3344	-2.0000
0.0018	-0.1171	-1.0000
0.7183	0.0911	-2.0000
-0.5060	0.1261	-1.0000
-0.1014	-0.4449	-1.0000
0.6294	-0.7940	-1.0000
-0.0794	-0.3012	-1.0000
0.2094	0.6042	-3.0000
-0.4654	0.5958	-1.0000
0.4049	0.0610	-1.0000
0.9110	-0.3415	-1.0000
0.6734	0.3071	-2.0000
0.0362	-0.3448	-1.0000
-0.3642	-0.0245	-1.0000
-0.3449	0.0227	-3.0000
0.3679	0.1100	-1.0000
0.6396	0.2026	-2.0000
0.2240	0.4524	-1.0000
0.1731	-0.7276	-2.0000
-0.3925	0.3562	-2.0000
0.2955	0.3561	-1.0000
0.2971	0.1626	-1.0000
0.2864	0.4314	-1.0000
0.4074	-0.1070	-2.0000
0.0156	-0.1782	-2.0000
0.2184	0.2909	-1.0000
-0.0042	0.2649	-1.0000
0.1520	0.2592	-3.0000
0.0493	-0.0452	-1.0000
0.4990	0.3639	-3.0000
0.5108	0.2682	-1.0000
-0.5362	0.3278	-2.0000
0.8399	0.1197	-1.0000
-0.0587	0.0584	-1.0000
0.7119	-0.2576	-3.0000
0.3094	-0.0016	-1.0000
0.2646	0.5460	-1.0000
0.4454	0.3579	-2.0000
-0.1674	-0.8130	-1.0000
-0.2141	-0.6462	-2.0000
0.2223	-0.5070	-1.0000
0.3485	0.4107	-1.0000
0.5780	0.0759	-1.0000
-0.1994	0.0480	-1.0000
-0.0755	0.3539	-1.0000
0.4053	-0.3596	-1.0000
0.9407	0.2448	-1.0000
-0.1461	-0.2887	-1.0000
0.3067	-0.2987	-2.0000
0.4167	0.8660	-1.0000
0.2691	0.0543	-3.0000
-0.3454	0.1777	-1.0000
0.7543	-0.4191	-1.0000
-0.2600	0.6184	-2.0000
-0.1523	0.2037	-2.0000
0.2197	-0.2319	-1.0000
-0.0261	0.3069	-1.0000
0.7304	-0.1446	-1.0000
0.3010	-0.4954	-2.0000
0.1975	0.7445	-2.0000
0.0198	0.0873	-3.0000
-0.5799	-0.3296	-1.0000
-0.0483	-0.2664	-2.0000
0.1784	0.1295	-2.0000
0.1541	-0.5129	-2.0000
0.4387	-0.0101	-2.0000
-0.1349	0.0479	-2.0000
0.5608	-0.2365	-1.0000
0.3944	0.2126	-2.0000
0.8070	0.1045	-1.0000
0.3359	-0.6001	-2.0000
0.3198	0.2873	-1.0000
0.0425	0.3013	-3.0000
0.4469	0.6361	-1.0000
0.3771	0.2027	-3.0000
-0.2104	0.6356	-1.0000
-0.0793	0.0953	-1.0000
0.7582	0.2574	-2.0000
0.2033	0.0744	-3.0000
0.3526	0.0191	-1.0000
-0.1505	-0.2140	-3.0000
-0.2864	0.6465	-2.0000
0.3934	0.2520	-3.0000
-0.1288	-0.0629	-1.0000
-0.3238	0.3524	-1.0000
-0.1211	0.3844	-1.0000
-0.6966	-0.0932	-1.0000
0.4038	-0.2056	-3.0000
-0.2546	0.5403	-1.0000
0.1676	0.4038	-3.0000
0.5888	0.5091	-2.0000
0.3946	-0.1167	-1.0000
0.1939	0.3696	-1.0000
0.3914	0.7115	-1.0000
-0.1363	-0.1222	-2.0000
0.4070	0.4855	-1.0000
0.3845	-0.5556	-1.0000
0.3281	0.1489	-1.0000
0.5736	-0.1513	-3.0000
0.3235	-0.0931	-2.0000
-0.1134	0.1478	-3.0000
-0.0097	-0.4181	-3.0000
0.1498	0.0893	-2.0000
0.4990	0.3175	-2.0000
-0.0736	-0.0571	-3.0000
0.6099	0.4726	-1.0000
0.2307	0.4392	-1.0000
0.2520	-0.7876	-1.0000
-0.0163	0.8065	-2.0000
-0.3173	-0.4397	-1.0000
-0.7139	-0.1460	-1.0000
-0.0691	0.0283	-1.0000
0.6707	0.4157	-1.0000
0.7424	0.3272	-1.0000
0.4843	0.0718	-3.0000
0.2820	0.0928	-2.0000
-0.2258	0.1884	-1.0000
0.4446	-0.0300	-2.0000
-0.0471	0.5718	-1.0000
0.1297	-0.6054	-1.0000
0.0482	0.3514	-1.0000
-0.1006	-0.5040	-1.0000
-0.0423	-0.3341	-1.0000
-0.2707	0.5009	-2.0000
-0.5083	-0.3047	-1.0000
-0.4837	0.1588	-1.0000
0.6806	-0.3694	-1.0000
0.2800	0.3486	-2.0000
0.3129	0.2101	-2.0000
0.2141	-0.1098	-2.0000
0.1278	-0.4934	-1.0000
0.5107	0.1961	-3.0000
-0.5568	0.0373	-1.0000
0.2320	-0.0356	-3.0000
0.2905	-0.1628	-1.0000
0.2859	0.4084	-2.0000
0.5161	-0.4584	-2.0000
0.5262	0.2995	-1.0000
-0.2053	-0.0437	-2.0000
0.6845	0.2640	-1.0000
-0.1328	0.1923	-1.0000
0.0476	-0.0174	-3.0000
-0.2457	0.1629	-2.0000
0.1668	0.4078	-2.0000
-0.0695	-0.2013	-3.0000
0.6004	-0.2364	-2.0000
-0.1449	0.4364	-3.0000
0.0905	-0.2535	-1.0000
-0.2765	0.1704	-1.0000
0.3719	-0.3598	-1.0000
-0.1271	-0.4913	-1.0000
-0.5767	-0.0053	-1.0000
0.3903	-0.0859	-1.0000
0.1519	0.2423	-3.0000
-0.3998	0.0284	-2.0000
-0.2675	0.0004	-1.0000
0.0251	-0.3651	-2.0000
0.2599	0.2803	-3.0000
-0.0659	-0.3516	-1.0000
-0.1515	-0.4582	-1.0000
0.2825	0.0135	-2.0000
0.1900	-0.0709	-1.0000
0.3049	0.4934	-2.0000
0.1226	-0.0971	-3.0000
0.0943	0.0542	-3.0000
0.2659	-0.4138	-2.0000
-0.1004	-0.1603	-3.0000
0.0888	-0.4282	-2.0000
0.7621	-0.1447	-1.0000
0.3192	-0.5798	-1.0000
0.2567	-0.5195	-1.0000
0.1034	-0.2575	-3.0000
0.3892	-0.1185	-1.0000
-0.0409	-0.5140	-2.0000
-0.4639	0.6830	-2.0000
0.2084	-0.1542	-3.0000
-0.3287	-0.3524	-1.0000
0.0281	0.3435	-2.0000
0.1461	-0.6726	-1.0000
0.3341	0.3455	-2.0000
0.2749	-0.0885	-2.0000
-0.1146	-0.2835	-2.0000
0.5686	-0.4254	-1.0000
0.6797	0.2665	-1.0000
-0.2873	-0.1283	-1.0000
0.6963	-0.2472	-1.0000
0.3581	0.2222	-2.0000
-0.1758	-0.0138	-2.0000
-0.1716	0.4195	-2.0000
-0.1436	0.7655	-3.0000
-0.1415	0.8651	-1.0000
0.3457	0.4133	-3.0000
-0.4523	0.0194	-1.0000
0.2312	0.3493	-2.0000
0.3795	-0.7192	-1.0000
0.0289	0.2041	-1.0000
0.0710	0.7505	-3.0000
-0.4319	-0.1844	-2.0000
0.6120	-0.0267	-1.0000
0.3267	-0.1942	-3.0000
0.4559	0.7841	-1.0000
0.1688	-0.2015	-2.0000
0.1343	-0.0283	-3.0000
0.6069	-0.0201	-3.0000
0.1793	0.1123	-1.0000
0.0364	-0.2571	-1.0000
0.4647	-0.2731	-1.0000
0.1218	0.0454	-2.0000
-0.4327	-0.1169	-1.0000
-0.1091	-0.2156	-1.0000
0.3546	0.0653	-1.0000
0.5821	-0.0235	-2.0000
0.5951	0.1695	-1.0000
0.0014	0.5036	-1.0000
-0.0182	-0.3562	-1.0000
0.0095	-0.3301	-2.0000
-0.1964	-0.1191	-3.0000
0.2757	0.3928	-1.0000
0.5146	0.3955	-2.0000
-0.0800	-0.0661	-2.0000
0.0896	-0.0989	-3.0000
-0.2356	0.2711	-2.0000
0.1557	0.6966	-1.0000
-0.3252	0.3497	-1.0000
0.1278	-0.3830	-2.0000
-0.0435	0.1706	-3.0000
0.9651	0.0086	-1.0000
-0.3243	0.0681	-1.0000
0.6980	0.3760	-1.0000
-0.2183	-0.0305	-1.0000
0.0206	-0.8513	-1.0000
0.2033	0.4394	-2.0000
-0.6411	-0.0761	-1.0000
-0.4166	0.1346	-1.0000
0.5214	0.5050	-1.0000
-0.2875	-0.6422	-1.0000
-0.4115	-0.0849	-1.0000
0.6638	0.3861	-1.0000
-0.0267	0.5414	-2.0000
-0.0797	-0.1137	-2.0000
0.0645	-0.2732	-1.0000
-0.5255	0.1176	-2.0000
0.3424	-0.0303	-1.0000
0.5716	0.3566	-3.0000
0.3485	-0.0422	-3.0000
-0.1113	-0.4218	-1.0000
-0.3633	0.2290	-1.0000
-0.2231	0.1768	-2.0000
0.0435	-0.0049	-3.0000
0.0501	0.8816	-1.0000
0.3245	0.3801	-2.0000
0.1504	-0.3345	-1.0000
0.1564	0.0425	-3.0000
-0.2596	-0.3264	-1.0000
-0.6728	0.2486	-1.0000
0.2133	0.7763	-1.0000
0.0512	-0.1822	-3.0000
-0.1267	0.4793	-1.0000
-0.0330	0.1137	-2.0000
0.7601	-0.2968	-1.0000
0.0404	0.0617	-3.0000
-0.1300	0.3220	-1.0000
0.4963	0.3091	-1.0000
-0.1230	0.3360	-2.0000
-0.0127	-0.1161	-2.0000
0.5857	0.2098	-3.0000
0.1513	-0.0052	-2.0000
-0.0077	-0.3646	-2.0000
0.0139	-0.3646	-1.0000
0.2982	-0.1314	-3.0000
0.2306	0.6747	-1.0000
0.3544	0.1425	-3.0000
0.0369	0.2107	-1.0000
-0.6072	0.2230	-1.0000
0.3273	-0.1917	-1.0000
0.1197	-0.4295	-2.0000
0.3737	-0.2510	-2.0000
0.4739	-0.5968	-1.0000
0.3644	0.4167	-1.0000
0.0297	-0.5751	-2.0000
0.4699	0.1405	-1.0000
0.2259	0.9045	-1.0000
0.4141	-0.2827	-1.0000
-0.3124	0.0557	-1.0000
-0.0401	0.7866	-2.0000
-0.0181	0.3532	-2.0000
0.5638	-0.2639	-1.0000
0.3246	-0.3242	-1.0000
-0.3203	-0.4381	-2.0000
0.7278	-0.0601	-2.0000
0.5998	0.2877	-3.0000
-0.0002	0.5411	-3.0000
-0.3073	-0.1793	-3.0000
-0.2128	0.1296	-3.0000
0.4713	0.4161	-1.0000
0.5746	0.1214	-1.0000
0.4261	0.2653	-1.0000
-0.2749	-0.0557	-1.0000
-0.1953	0.3995	-3.0000
0.2095	0.2621	-1.0000
-0.0957	0.0752	-1.0000
-0.0125	0.2567	-3.0000
-0.1509	0.2879	-1.0000
0.1151	-0.2358	-3.0000
0.3500	-0.0995	-3.0000
0.2855	0.4133	-3.0000
0.1843	0.4078	-3.0000
0.7633	0.2043	-3.0000
0.7639	0.0058	-3.0000
0.7902	-0.3536	-3.0000
-0.3703	-0.0538	-3.0000
-0.1257	0.3988	-1.0000
0.3756	0.0711	-3.0000
0.4865	0.1035	-3.0000
0.2442	-0.0017	-3.0000
0.2286	0.1773	-3.0000
0.1114	0.2622	-1.0000
0.1860	-0.0817	-3.0000
0.0613	-0.1786	-3.0000
-0.3843	0.6508	-3.0000
0.0858	0.1316	-3.0000
0.5694	-0.3061	-3.0000
0.6475	0.2913	-1.0000
0.3767	0.3096	-3.0000
0.3776	0.0383	-3.0000
0.0247	-0.5066	-1.0000
0.1443	-0.7430	-1.0000
0.0426	0.3739	-1.0000
0.2318	0.3855	-3.0000
-0.2126	0.0327	-1.0000
-0.2123	-0.0222	-3.0000
0.5262	0.3329	-3.0000
0.3920	0.2434	-3.0000
-0.0635	0.7965	-1.0000
0.3680	-0.2739	-3.0000
0.4859	0.4620	-3.0000
-0.7703	0.3527	-1.0000
-0.3579	-0.0298	-1.0000
0.2589	-0.0991	-3.0000
0.3113	0.1343	-1.0000
0.7110	0.0749	-1.0000
-0.4137	0.2353	-3.0000
-0.0656	0.4300	-3.0000
0.0071	-0.2243	-1.0000
0.2768	-0.2690	-1.0000
0.1179	0.2820	-1.0000
0.3540	-0.0807	-3.0000
-0.4156	0.8021	-1.0000
0.3071	-0.0531	-1.0000
0.1275	-0.1370	-3.0000
0.1374	0.8496	-1.0000
0.4696	0.2842	-3.0000
-0.8248	0.1387	-1.0000
0.2093	0.3054	-3.0000
0.2561	0.3868	-1.0000
-0.2765	-0.0853	-3.0000
-0.2254	0.4534	-1.0000
0.0034	0.2404	-3.0000
-0.3332	0.1930	-1.0000
0.6152	-0.2335	-3.0000
0.2212	-0.0298	-1.0000
0.2636	0.3423	-3.0000
-0.3737	0.2258	-1.0000
0.3734	0.1138	-3.0000
0.1417	-0.1171	-3.0000
-0.0642	0.1249	-3.0000
0.0097	0.4494	-3.0000
0.4156	0.3273	-3.0000
0.1652	-0.2623	-3.0000
0.0354	0.6363	-1.0000
0.5085	0.6234	-3.0000
-0.1345	-0.1518	-1.0000
-0.1906	-0.4107	-1.0000
0.2385	0.3869	-3.0000
-0.3237	0.5660	-1.0000
-0.2211	0.0166	-3.0000
-0.2702	-0.4123	-1.0000
0.4046	0.3231	-1.0000
0.5329	-0.5252	-1.0000
0.0477	0.5521	-1.0000
-0.0820	-0.0800	-1.0000
-0.0333	0.2535	-1.0000
-0.6678	0.4231	-1.0000
0.4966	-0.6346	-1.0000
0.0365	-0.0370	-1.0000
-0.1191	0.0376	-1.0000
0.4483	-0.4332	-3.0000
-0.2517	0.3174	-3.0000
0.0784	-0.2163	-3.0000
-0.0301	-0.3972	-3.0000
0.0656	0.0629	-3.0000
-0.2480	-0.0488	-3.0000
-0.0997	0.2859	-3.0000
-0.0774	0.0525	-3.0000
0.5611	-0.0702	-1.0000
0.2065	0.3817	-3.0000
0.0228	0.1842	-3.0000
0.2495	0.5401	-2.0000
-0.1326	-0.1019	-3.0000
0.4165	0.3116	-2.0000
0.7561	-0.1448	-2.0000
0.1366	-0.1496	-2.0000
0.6084	0.2442	-3.0000
0.3839	0.2817	-2.0000
-0.2066	-0.0654	-3.0000
0.3151	-0.2675	-3.0000
-0.2891	-0.0670	-2.0000
0.0039	-0.4391	-2.0000
-0.0950	0.0945	-3.0000
0.2497	0.6241	-3.0000
0.3298	0.0383	-3.0000
-0.1456	-0.1253	-3.0000
0.1465	0.8218	-2.0000
-0.1527	0.5317	-3.0000
0.5598	-0.8480	-2.0000
0.9077	-0.4325	-2.0000
-0.0586	0.2874	-3.0000
0.3370	0.1794	-3.0000
0.7077	0.0054	-2.0000
0.2693	0.0680	-2.0000
0.3149	0.8315	-2.0000
0.1491	0.3631	-3.0000
0.3206	0.2350	-2.0000
-0.1852	-0.2870	-3.0000
-0.0780	-0.3060	-3.0000
-0.0312	0.0031	-3.0000
-0.4931	0.5047	-2.0000
-0.3103	-0.4417	-3.0000
-0.3186	-0.3123	-2.0000
-0.2050	-0.3557	-2.0000
0.0295	0.3003	-3.0000
-0.0074	-0.0779	-3.0000
0.2158	0.6653	-2.0000
0.2436	-0.4604	-3.0000
-0.2018	0.4169	-3.0000
0.6192	-0.2642	-2.0000
-0.0277	-0.0937	-2.0000
0.8150	0.3226	-2.0000
0.6479	-0.2281	-3.0000
-0.6867	0.1916	-2.0000
0.1811	-0.2660	-3.0000
0.9071	0.0399	-2.0000
0.7275	-0.0700	-3.0000
-0.0110	-0.0025	-3.0000
0.3829	0.7147	-3.0000
0.0681	0.1441	-2.0000
-0.1829	0.8805	-2.0000
-0.0003	-0.3189	-2.0000
0.5643	0.5037	-2.0000
-0.1917	0.3439	-2.0000
-0.3633	0.0012	-2.0000
-0.2404	-0.0580	-2.0000
-0.3200	0.3274	-2.0000
0.6701	0.1058	-3.0000
0.4327	0.7314	-2.0000
0.3575	0.1023	-2.0000
0.1986	0.1001	-3.0000
0.2159	-0.3641	-3.0000
0.0124	-0.3322	-3.0000
-0.2635	0.2967	-2.0000
-0.6576	0.0279	-2.0000
0.0281	0.3278	-3.0000
0.5735	0.0187	-2.0000
-0.3550	0.5384	-2.0000
-0.1456	0.3950	-2.0000
-0.0640	0.1123	-3.0000
0.1862	0.1886	-3.0000
0.0499	0.3966	-2.0000
-0.0720	0.0955	-3.0000
0.6614	0.5002	-2.0000
0.3826	0.1580	-3.0000
0.4773	-0.3272	-2.0000
-0.1915	0.5999	-2.0000
0.2617	0.4805	-2.0000
0.5800	0.0166	-3.0000
0.4436	-0.4113	-3.0000
-0.2208	-0.1494	-3.0000
-0.0383	-0.2780	-2.0000
0.5639	-0.1487	-3.0000
0.7142	-0.0824	-3.0000
-0.3710	-0.3029	-3.0000
-0.0955	0.6079	-2.0000
0.3488	0.4088	-2.0000
0.1643	0.3434	-3.0000
0.6018	0.2052	-3.0000
0.0767	-0.0201	-3.0000
-0.1380	0.0943	-3.0000
0.5343	-0.4052	-2.0000
0.2947	0.4265	-2.0000
0.3729	0.4276	-3.0000
0.4897	0.5157	-3.0000
-0.1478	0.4122	-3.0000
0.2575	-0.0675	-3.0000
-0.2870	-0.1848	-3.0000
0.0837	0.0264	-2.0000
-0.1300	0.2843	-2.0000
0.2591	0.3989	-2.0000
-0.4219	0.5498	-3.0000
-0.0429	0.7721	-2.0000
0.2555	-0.0959	-2.0000
0.7350	0.2098	-3.0000
-0.0946	-0.1917	-2.0000
0.3778	0.2331	-2.0000
0.0265	-0.1068	-2.0000
-0.5607	0.2427	-2.0000
0.2432	0.0132	-2.0000
0.0758	0.0328	-3.0000
0.9203	-0.3664	-2.0000
-0.7067	0.4027	-2.0000
0.1883	-0.1985	-3.0000
-0.4172	0.2835	-2.0000
0.3348	0.0420	-3.0000
0.0313	0.1056	-3.0000
-0.0620	-0.1971	-2.0000
-0.2583	0.1815	-3.0000
-0.0162	0.6070	-2.0000
-0.0669	-0.4894	-3.0000
0.1984	-0.1361	-3.0000
-0.3256	0.5474	-3.0000
0.8593	0.3127	-2.0000
-0.4371	0.6791	-2.0000
0.0239	0.2593	-3.0000
0.5018	-0.0071	-3.0000
0.6719	-0.0981	-2.0000
0.2034	0.9391	-2.0000
-0.0200	0.1617	-2.0000
0.4488	0.4168	-2.0000
0.2214	-0.3920	-2.0000
0.3187	0.5457	-3.0000
0.2317	0.2479	-2.0000
0.3885	0.3065	-3.0000
-0.2728	0.4475	-3.0000
0.1925	-0.1068	-2.0000
-0.4048	0.2341	-3.0000
0.7656	-0.3092	-2.0000
-0.2518	-0.0287	-3.0000
0.0346	-0.0692	-2.0000
0.6346	-0.1912	-3.0000
-0.1077	0.4493	-3.0000
0.1323	-0.4673	-2.0000
0.2090	0.0583	-3.0000
0.5666	0.3525	-2.0000
-0.0260	0.3806	-2.0000
0.5255	0.3724	-3.0000
-0.3288	0.3225	-3.0000
-0.5967	0.2022	-2.0000
0.8135	-0.2080	-2.0000
-0.0766	0.1332	-3.0000
0.2831	-0.1685	-3.0000
0.3405	0.3759	-3.0000
0.1175	0.3568	-3.0000
0.0341	0.4544	-2.0000
0.4772	0.4719	-3.0000
-0.0406	-0.0613	-2.0000
0.0515	0.1296	-3.0000
-0.4155	0.1694	-3.0000
0.3184	-0.1648	-2.0000
0.5293	-0.6216	-2.0000
0.1377	0.0803	-3.0000
0.4648	0.2619	-3.0000
0.4717	-0.3010	-3.0000
-0.0533	0.0668	-3.0000
0.4682	-0.4615	-2.0000
-0.5131	0.8150	-2.0000
-0.3474	0.7030	-2.0000
0.9388	0.2527	-2.0000
0.3158	-0.6062	-2.0000
0.0098	0.3267	-3.0000
-0.9375	0.0754	-2.0000
-0.3858	0.3485	-3.0000
0.0837	-0.2930	-3.0000
-0.1898	0.2487	-2.0000
-0.4691	0.0878	-3.0000
-0.5187	0.2140	-2.0000
0.0322	0.3436	-3.0000
0.2923	0.1615	-3.0000
-0.1811	-0.2608	-3.0000
0.1451	-0.6307	-2.0000
0.4085	-0.0547	-3.0000
-0.3199	-0.3024	-2.0000
