8.1278e-01
6.8936e-02
2.9139e-01
5.8029e-02
7.9391e-01
1.1173e-01
2.0256e-01
1.6185e-01
1.0210e+00
3.8620e-05
8.6536e-02
9.5781e-02
1.5674e-01
2.1934e-01
2.2696e-01
6.8840e-02
2.9653e-01
5.6552e-01
5.6893e-01
4.6132e-02
6.2112e-02
3.4097e-02
1.0996e-01
6.3673e-01
5.4939e-01
1.4575e-01
4.1568e-01
3.1790e-01
4.6582e-01
4.8893e-01
3.5746e-02
1.7833e-01
4.1149e-01
3.2245e-02
5.9621e-02
2.4671e-01
8.7473e-02
3.8620e-05
7.2184e-02
3.4455e-01
9.6526e-02
5.2461e-01
1.5116e-02
2.0604e-03
6.5873e-02
4.9483e-01
5.7291e-02
6.4465e-02
2.5581e-01
1.8391e-01
1.0619e-01
2.7375e-02
4.0363e-01
5.1565e-01
1.1402e-01
2.4913e-01
1.2964e-01
2.6186e-01
4.0830e-03
3.3153e-01
3.6108e-01
9.7006e-02
5.5332e-01
8.2197e-02
1.6086e-01
1.3014e-01
1.2516e-02
1.3510e-01
8.1097e-02
2.6688e-01
2.0043e-04
3.8620e-05
1.6966e-01
2.4219e-01
7.5143e-01
1.7215e-01
8.1358e-02
8.6423e-02
3.8673e-01
3.8620e-05
6.3858e-01
6.3966e-01
1.0189e-02
7.1482e-03
4.3890e-01
2.8217e-02
8.8526e-01
1.4981e-01
2.1055e-02
3.8620e-05
4.8442e-01
9.9234e-01
4.2851e-02
4.5519e-02
8.9856e-02
3.7449e-02
2.4913e-01
1.1427e-01
2.5481e-01
1.5589e-01
4.1405e-01
4.8453e-01
1.0770e-03
4.9864e-01
2.5628e-01
1.2138e-01
3.8620e-05
2.3998e-01
9.8755e-02
2.2856e-01
4.1765e-02
1.7696e-01
1.9358e-01
2.1085e-01
1.8420e-01
1.1360e+00
3.5785e-03
2.1885e-01
5.3324e-01
1.5049e-02
3.7972e-02
7.4651e-02
2.7864e-02
1.2864e-01
1.0617e-01
1.0732e-01
3.9230e-01
5.1902e-02
1.2472e-01
1.9541e-01
3.5382e-01
3.8763e-01
6.6846e-01
3.5999e-01
2.3737e-01
3.7421e-01
3.0880e-02
1.8795e-01
5.2652e-01
4.8443e-01
3.1807e-01
2.8813e-01
1.4040e-01
4.4786e-02
1.3006e-01
9.9483e-01
6.0903e-01
2.9205e-01
3.8620e-05
1.3271e-01
1.3857e+00
5.9904e-01
8.7345e-02
7.6654e-02
2.2973e-01
1.8770e-01
2.7902e-01
1.5953e-01
7.5401e-02
2.5573e-01
3.5124e-01
1.9502e-02
3.1243e-01
1.6829e-01
1.4346e-04
8.5639e-03
1.2126e-01
1.2239e-01
8.1556e-02
4.0044e-01
3.8620e-05
4.7878e-02
9.3325e-02
1.2950e-01
2.6003e-01
3.7883e-01
4.7469e-01
2.3845e-01
1.9296e-01
1.0582e-01
3.7735e-01
8.8029e-01
2.3850e-01
7.8110e-02
1.4851e-01
1.3512e-01
9.7488e-02
2.7561e-01
5.1899e-02
9.1504e-02
3.6115e-01
1.5879e-01
1.7494e-01
7.2203e-01
3.6404e-01
3.4460e-01
8.7830e-01
8.0362e-03
6.5706e-02
1.5318e-01
3.9060e-01
2.6066e-01
2.2624e-01
6.8105e-02
8.5882e-01
7.4506e-01
1.4920e-01
1.0339e-01
1.2251e-01
3.8620e-05
9.9796e-01
4.4652e-02
2.6281e-01
5.4360e-01
2.2363e-01
2.2873e-01
1.4542e-01
3.4821e-01
1.0152e-01
3.3665e-01
3.6298e-03
4.7786e-02
1.6843e+00
1.4293e-01
3.6952e-02
2.8250e-01
5.8990e-01
1.5325e-02
2.5300e-01
1.3839e-02
1.6079e-01
1.5433e-01
4.7339e-02
2.6540e-01
1.2981e-01
6.1464e-02
1.9227e-01
4.8794e-01
7.1407e-02
1.3879e-01
6.0977e-02
1.3070e-01
1.1838e-01
6.3413e-02
3.8327e-01
1.1648e+00
3.8620e-05
6.3248e-01
3.9048e-02
3.2454e-03
1.6329e-01
5.0770e-02
1.5392e-01
2.9074e-01
1.9628e-01
2.2760e-01
7.2949e-02
2.6112e-02
4.0261e-01
5.8449e-01
1.9036e-01
1.6206e-01
2.6564e-01
8.6840e-02
3.8420e-01
9.6487e-01
3.2270e-01
3.8620e-05
9.5712e-02
4.3981e-01
1.9168e-01
1.6828e-01
2.7575e-01
1.2616e-01
1.1150e-03
6.2942e-01
2.0743e-01
2.4701e-01
8.0370e-02
2.1359e-02
5.6480e-01
1.5667e-01
1.7332e-01
1.4925e-01
1.6516e-01
1.4281e-01
2.0208e-01
4.5247e-02
2.4877e-01
4.0429e-02
6.2661e-01
8.8334e-02
2.7293e-01
2.2808e-01
1.4829e-02
3.0757e-02
1.1048e-01
1.2389e-01
5.0751e-01
1.9017e-01
5.4255e-02
3.8620e-05
1.6312e-02
3.3182e-01
6.6549e-02
6.1736e-02
3.2371e-01
1.3570e-01
3.1543e-01
3.6835e-01
2.4909e-01
1.2524e-04
1.5570e-02
6.5089e-01
6.3546e-02
1.2663e-01
1.8152e-02
1.5439e-01
9.0510e-01
2.4413e-01
2.5431e-01
5.1052e-02
2.7113e-01
2.7693e-01
1.2331e-01
7.9704e-01
3.8488e-01
4.4524e-01
3.8285e-02
3.8620e-05
3.8449e-01
9.8106e-01
1.5928e-02
1.1438e-01
4.9909e-01
9.4584e-02
4.3738e-02
1.3541e-01
2.0075e-01
2.1601e-01
7.0555e-02
1.8759e-02
6.7091e-01
4.0344e-01
1.8060e-01
4.2229e-02
2.0434e-01
7.2093e-01
1.0957e-01
9.9367e-02
9.2908e-01
1.1016e-01
1.1696e-01
3.8620e-05
9.3927e-02
5.2298e-02
5.0761e-01
1.0278e-01
3.8620e-05
2.2642e-01
8.1155e-01
1.3547e-01
5.0875e-01
2.2191e-01
1.4255e-01
2.3361e-01
2.3373e-02
3.2177e-01
1.0892e-01
3.8591e-02
4.4650e-01
8.4844e-02
7.0215e-02
1.8764e-01
8.7502e-02
6.4111e-01
4.3266e-01
1.4782e-01
3.8620e-05
2.1199e-01
3.0881e-01
1.5111e-01
7.5092e-01
7.7874e-02
2.5915e-01
8.1353e-01
3.8620e-05
1.6726e-02
3.9268e-02
9.7279e-02
2.7476e-01
2.7739e-01
6.5344e-01
4.1704e-01
3.7882e-02
8.2210e-02
5.8904e-02
2.2586e-03
3.8620e-05
2.5672e-01
2.3282e-02
3.6230e-01
3.2742e-02
1.8807e+00
1.4981e-01
3.8620e-05
4.6189e-01
4.1363e-01
3.2912e-02
4.6320e-01
5.3466e-01
4.4304e-02
3.6031e-01
1.5645e-01
1.1959e-01
1.6371e-01
1.4319e-01
4.8391e-01
3.6645e-01
5.8941e-01
3.8620e-05
4.1873e-01
8.5696e-01
1.0012e-01
2.5692e-01
5.4201e-02
9.9778e-02
2.3991e-01
9.1296e-02
4.5014e-02
2.5643e-02
1.3843e-01
2.2569e-01
1.3089e-01
2.6836e-01
1.0056e-01
4.9801e-01
2.7623e-02
3.7590e-02
1.5835e-02
6.7730e-01
4.0240e-01
6.5114e-01
1.0900e-01
1.2600e-01
3.4803e-01
5.3552e-01
3.8620e-05
2.4680e-01
2.5085e-01
6.1581e-03
7.2652e-01
8.7181e-01
1.6195e-02
1.7582e-01
1.0627e-01
9.9367e-02
3.5480e-02
1.0632e-02
4.7201e-01
4.8279e-02
3.0944e-03
1.7065e-01
4.7693e-01
7.6677e-02
8.1391e-02
7.5013e-02
2.7178e-01
3.9045e-01
2.2129e-01
1.9836e-02
1.0189e-01
5.5054e-01
2.5665e-01
1.8304e-01
4.1883e-01
1.6364e-02
1.4536e-01
3.3582e-01
4.3116e-01
1.6784e-01
3.8620e-05
1.4876e-01
3.4319e-01
8.7370e-02
5.9822e-02
5.5127e-02
5.5076e-01
5.0313e-02
5.8932e-02
1.8940e-01
6.6247e-02
1.4543e-01
2.5891e-01
2.0131e-01
1.4744e-01
8.7931e-03
1.3849e-01
3.8620e-05
1.2166e-02
1.3034e-01
3.1937e-01
3.1282e-01
4.7894e-01
6.1677e-01
1.2269e-01
2.2828e-01
2.4799e-02
2.6702e-02
3.2856e-01
3.1985e-01
1.8547e-01
1.6483e-01
9.5984e-01
9.9280e-02
1.3942e-01
3.3291e-01
2.4040e-01
2.3324e-01
4.6945e-01
2.0836e-02
3.7522e-01
3.6935e-01
6.3730e-02
2.0475e-01
1.7724e-01
1.3066e-01
4.2486e-01
1.4615e-01
2.1875e-04
6.2234e-01
2.1599e-01
9.3357e-02
1.0352e+00
3.5007e-03
3.0894e-01
1.9382e-01
4.4665e-01
3.0175e-01
1.3354e-01
1.2999e-01
6.3605e-02
3.4456e-01
1.7804e-01
4.8676e-01
7.0922e-02
2.0197e-01
1.6746e-02
7.5098e-01
1.1210e-01
4.8496e-01
1.1102e-02
3.8620e-05
1.5691e-01
8.2058e-01
2.2710e-01
5.7615e-01
2.9113e-01
1.8544e-01
1.2784e-01
4.1449e-01
2.1032e-01
1.3407e-01
3.8714e-01
2.1084e-01
1.0041e+00
4.9203e-01
3.7153e-02
2.1704e-01
1.2554e-02
3.3175e-01
9.3699e-02
6.6699e-01
4.8176e-01
5.0546e-02
3.1288e-01
6.9977e-02
2.1953e-01
5.4890e-01
2.4474e-02
3.4845e-02
3.0375e-01
2.6548e-01
4.1481e-01
7.2958e-02
1.0137e-01
2.1580e-01
9.7988e-02
2.6898e-01
3.2981e-01
2.6698e-01
3.6369e-01
4.3726e-01
2.2823e-01
4.2351e-01
1.7274e-01
4.5493e-01
1.9671e-01
1.6143e-01
2.5477e-01
3.0939e-02
1.3594e-01
2.0364e-01
1.4006e-01
1.2840e-01
8.4447e-02
1.3144e-01
5.7076e-01
3.8620e-05
5.5808e-01
8.3069e-02
3.8620e-05
2.4409e-01
1.2585e-01
3.4264e-01
7.5768e-02
4.3681e-01
6.7258e-02
5.2378e-02
1.8619e-01
4.7672e-01
7.0846e-02
3.3133e-01
1.4245e-01
4.2695e-01
3.8620e-05
1.8062e-01
1.3178e-01
2.3658e-01
6.6782e-01
3.9506e-01
1.0095e-02
2.1759e-01
1.3357e-01
2.3549e-01
1.5770e-01
1.4680e-02
1.5622e-01
3.1510e-02
1.0000e-01
6.5056e-02
2.2509e-01
2.3036e-01
2.8382e-01
1.4775e-01
7.8400e-01
1.9922e-01
2.4016e-01
1.8280e-03
3.4485e-01
1.3931e-01
1.5302e-01
4.0183e-03
2.4840e-01
6.2802e-02
3.2293e-01
2.2903e-01
2.4594e-01
1.7980e-02
2.8684e-01
2.8965e-01
1.1119e-01
2.2786e-01
2.2786e-01
2.9014e-01
3.8620e-05
8.3441e-03
7.6480e-02
6.3830e-03
3.8620e-05
1.3449e-01
7.7703e-01
5.1023e-01
3.0568e-01
8.9761e-02
1.8197e-02
9.4255e-02
3.8620e-05
5.6529e-02
8.8704e-02
4.0739e-01
4.7769e-01
7.2033e-01
1.7197e-01
8.6527e-02
2.2956e-01
1.6710e-01
3.3352e-02
1.4059e-01
3.7102e-03
4.7351e-01
3.6131e-01
4.8491e-02
2.3519e-01
1.1313e-01
2.1336e-01
8.5994e-02
3.6678e-01
6.8909e-02
3.4666e-01
3.9311e-01
4.9021e-01
1.2033e-01
1.1772e-01
5.0714e-01
4.3201e-02
4.9227e-01
5.0026e-01
3.5720e-01
2.7977e-01
4.6155e-02
1.9113e-01
3.2450e-01
1.8923e-01
1.5452e-01
4.1940e-02
5.9988e-02
5.8293e-01
2.8363e-01
1.0887e-01
1.2702e-01
3.8620e-05
6.5688e-02
7.9639e-01
1.7952e-02
1.8554e-02
1.3525e-01
3.1406e-01
1.9144e-01
5.0462e-02
3.6738e-03
9.5270e-01
3.8620e-05
3.3382e-01
1.7129e-01
1.9056e-03
2.3812e-01
1.0279e-02
2.1016e-01
8.7091e-02
7.3375e-01
4.9052e-02
3.8620e-05
2.5105e-01
9.7177e-02
2.1753e-01
8.1109e-01
9.0715e-03
1.4853e-01
2.8647e-01
9.8689e-02
3.9783e-02
1.3537e-01
3.4800e-01
4.2666e-01
3.2554e-01
1.6059e-01
7.8287e-02
2.0602e-01
5.3454e-01
1.5597e-01
3.9252e-01
5.2686e-01
5.9072e-02
2.3771e-01
8.3217e-02
4.4598e-01
1.1969e-01
7.3293e-02
5.9615e-01
1.0291e+00
1.8460e-01
4.2594e-02
1.6562e-01
6.1919e-01
2.3713e-01
1.2119e-01
1.3519e-01
1.1076e-02
1.4872e-01
8.2032e-02
1.2969e-01
1.5822e-01
1.2989e+00
4.4317e-01
6.5725e-01
1.6124e-01
6.8420e-02
4.5696e-01
1.5811e-01
3.8620e-05
6.0008e-02
9.3613e-01
5.8676e-02
3.0415e-02
7.8984e-02
1.1694e+00
1.0911e-03
3.8620e-05
1.3308e+00
1.3886e-01
1.4167e-01
1.8098e-01
1.8398e-01
1.5920e-02
9.8728e-02
2.1838e-01
3.5278e-01
2.9014e-01
1.2686e-01
6.4571e-01
3.3988e-01
5.9051e-01
3.8620e-05
2.1614e-02
7.7264e-02
1.6952e-01
3.4103e-02
2.1217e-01
7.7455e-02
3.8620e-05
1.3277e-01
1.2724e+00
1.1218e-01
1.5123e-01
3.1176e-01
1.0318e-01
1.1122e-01
1.5244e-01
7.3180e-03
4.2068e-02
8.6331e-02
3.1610e-02
1.0925e-01
4.1354e-01
5.5359e-02
4.2627e-01
1.1024e+00
8.3332e-01
3.8916e-01
1.8916e-02
3.0818e-03
3.6976e-01
1.8992e-01
7.2697e-02
9.9383e-02
8.1196e-02
1.2001e-01
3.3096e-02
3.3861e-02
6.7420e-01
5.4358e-01
6.8548e-02
4.2076e-01
1.4763e-01
4.9580e-01
7.0864e-01
8.7892e-02
1.7507e-01
1.3975e+00
1.2659e-01
4.5330e-02
4.5831e-03
1.7029e-01
2.8534e-01
3.9284e-01
8.5681e-04
3.0444e-02
1.3995e-01
8.6231e-02
1.5163e-01
2.0830e-01
1.8094e-01
1.9264e-01
6.7900e-01
2.1354e-01
1.8672e-03
5.0528e-01
6.5847e-02
1.6175e-01
1.2752e-01
4.1670e-01
2.6878e-01
2.0377e-01
4.7789e-01
2.4407e-01
9.2102e-03
3.5438e-01
2.2684e-01
1.6217e-01
3.8390e-01
1.2010e-01
4.3797e-01
2.8627e-01
1.1900e-01
3.0171e-01
9.1941e-02
2.6805e-01
1.0598e-01
1.3995e-01
1.9549e-01
1.3137e-02
3.2203e-03
2.3230e-01
6.2350e-02
3.8620e-05
1.1544e-02
1.7223e-01
1.0193e-01
1.0133e-01
2.9006e-01
1.3847e-01
7.6609e-02
7.1837e-02
1.1105e+00
5.7530e-01
1.5758e-01
3.9566e-01
2.0542e-01
3.1912e-01
1.6978e-01
9.8070e-04
1.1084e+00
8.3436e-02
2.1080e-01
1.3341e-01
4.0158e-02
3.8620e-05
2.1050e-01
9.6711e-01
1.1291e-01
2.5673e-02
2.0438e-01
5.3941e-02
8.9761e-02
2.2560e-01
4.1639e-01
3.3249e-03
3.4753e-02
9.9246e-01
6.9862e-02
1.2294e-01
1.2312e-01
1.2448e-01
2.4097e-01
1.1133e-01
9.3107e-03
1.0792e-02
1.0303e+00
1.3674e-01
4.4367e-01
9.4519e-02
1.1599e-01
1.2182e-02
1.5683e-01
3.4631e-01
6.2781e-01
2.7023e-01
8.1616e-03
4.1663e-03
2.5713e-01
2.2740e-01
1.5185e-01
7.2178e-03
1.8358e-01
1.9080e-01
1.7731e-01
6.7405e-01
2.3576e-01
3.4291e-01
1.6900e-01
2.4412e-01
1.3088e-02
2.1250e-01
1.7766e-01
4.4903e-01
1.4846e-01
7.0635e-01
1.8012e-01
1.2841e+00
2.3360e-01
9.0091e-02
3.8620e-05
1.9364e-01
2.0035e-01
6.3488e-02
5.4050e-02
1.3734e-01
3.4869e-01
1.1198e-01
6.1364e-01
9.9382e-02
5.6593e-01
3.0547e-01
2.5333e-01
1.0713e-01
1.7459e-03
3.8620e-05
1.4050e-01
1.3385e-01
4.8947e-01
1.1683e-01
3.8620e-05
1.8090e-02
3.9154e-02
6.1043e-02
1.4857e-01
1.3423e-01
1.8096e-02
5.3254e-01
1.0376e-01
1.2832e-01
4.3117e-01
5.8676e-02
4.3188e-02
1.0075e-01
1.2012e-01
2.5678e-01
2.4089e-01
1.4162e-01
2.7840e-02
1.2144e-01
1.3457e-01
1.8453e-01
1.8544e-02
1.7244e-01
6.5909e-02
3.8170e-01
3.0420e-02
3.6307e-01
6.5596e-01
2.9109e-01
1.2597e-01
1.4247e-01
7.3774e-03
5.0361e-01
1.0483e-01
2.4597e-01
2.2310e-01
7.9641e-02
1.2968e-01
1.2006e-01
5.7804e-01
1.2151e-01
1.7942e-01
3.8620e-05
2.3244e-01
7.8403e-02
1.2111e-01
1.2754e-01
3.1010e-01
3.6295e-03
3.1341e-01
1.4276e-01
1.8349e+00
7.8068e-01
3.8620e-05
2.2865e-01
1.3791e-01
3.5845e-01
3.2156e-01
4.6038e-01
7.9815e-03
2.6211e-01
3.5336e-02
2.3860e-01
9.3311e-02
2.3775e-01
4.3425e-01
5.9490e-02
8.2720e-02
1.4048e-01
4.8050e-02
7.8560e-01
2.4557e-01
1.3026e-01
1.5320e-01
1.7292e-01
1.4080e-01
1.1490e-01
2.8004e-01
1.4823e-01
5.4109e-02
3.8620e-05
2.8445e-02
7.6961e-02
2.8370e-01
1.3833e-01
2.1026e-01
2.7454e-01
2.7281e-02
1.8975e-02
3.9093e-01
5.8472e-01
4.8037e-01
3.4108e-01
3.0405e-01
4.1390e-02
1.7433e+00
2.6327e-01
1.7092e-01
5.6223e-02
3.6916e-01
7.5816e-02
1.1742e-01
1.1234e+00
3.7806e-01
1.8346e-01
1.9309e-01
5.9371e-02
1.0795e-01
9.4322e-02
9.9228e-03
5.8948e-01
8.9055e-01
7.8699e-02
9.1961e-02
3.8620e-05
1.2189e-01
1.9469e-01
1.2606e-03
6.6787e-02
2.3997e-01
1.9700e+00
1.6664e-01
3.1210e-02
3.8620e-05
1.5591e-02
2.6664e-01
2.4044e-01
3.5317e-01
4.5954e-01
8.7912e-02
2.5842e-01
1.0509e-01
2.4889e-01
8.2695e-02
3.8067e-02
2.4313e-02
3.7818e-01
7.0660e-02
6.1102e-01
1.5085e-01
2.6771e-01
4.9699e-02
3.7597e-01
2.0203e-01
1.7849e-01
1.1893e-01
2.9753e-01
2.3617e-01
8.1258e-01
5.7961e-01
2.1264e-01
4.2190e-01
1.1114e+00
4.8353e-01
4.0044e-01
2.1143e-02
2.3134e-01
1.5683e-01
2.3550e-01
3.1216e-02
4.0540e-01
2.7585e-01
2.8371e-02
6.5269e-01
2.1467e-01
2.5924e-01
1.0806e-01
1.7072e-01
1.6095e-01
1.7537e-01
6.1715e-02
1.0804e-01
3.3388e-01
4.7261e-01
6.1984e-01
1.4217e-01
1.1003e+00
4.6140e-02
2.8238e-01
1.7647e-01
3.8620e-05
4.8856e-02
6.1585e-01
9.1050e-02
1.9968e-01
1.9859e-01
2.8472e+00
3.7574e-01
7.0576e-01
1.3609e-01
3.0816e-01
6.3538e-01
7.3919e-04
2.0488e-02
1.4693e-01
2.4029e-02
2.4711e-01
2.4429e-01
1.3281e-01
5.5476e-04
5.5337e-01
1.4727e-01
9.5078e-02
5.4138e-03
3.8620e-05
3.0566e-01
1.4463e-01
2.7686e-01
1.0507e-01
7.7702e-02
4.9751e-01
2.2526e-01
1.4271e-01
1.8135e-01
3.8628e-02
9.7743e-02
4.6300e-01
4.1789e-02
1.7561e-01
5.4432e-01
1.8236e-01
2.1977e-01
1.0227e+00
5.5892e-02
2.0995e-02
3.3973e-02
1.9108e-01
2.5693e-01
3.9505e-03
4.5847e-01
6.4798e-02
2.3072e-01
2.4913e-01
4.4049e-01
2.5712e-01
9.1167e-02
2.1625e-01
5.8932e-02
2.9479e-02
2.1410e-02
3.7690e-01
2.6702e-01
1.5708e-01
3.4139e-01
1.1669e-01
3.7102e-02
9.4784e-01
6.1364e-02
3.8620e-05
1.2529e-01
6.1613e-02
3.1858e-01
3.7707e-01
9.5809e-01
2.0035e-01
2.6854e-01
7.0730e-02
3.4661e-01
9.6118e-02
6.2691e-02
1.7534e-01
2.1487e-01
1.8357e-01
2.9510e-01
2.3144e-01
9.1694e-02
6.9610e-01
4.2845e-01
3.5779e-01
1.9669e-01
2.7091e-01
3.9348e-02
6.0442e-02
5.2796e-02
1.8757e-01
9.7176e-01
1.2715e-01
9.2380e-02
1.3342e-01
3.8620e-05
4.4198e-01
3.1573e-01
1.8239e-01
6.6084e-02
1.9222e-01
3.5839e-01
6.4496e-01
2.6608e-01
6.8398e-02
2.2344e-01
2.2685e-01
8.8425e-02
5.1220e-02
6.4709e-01
6.0429e-01
4.8760e-01
3.3910e-02
9.7305e-02
4.3128e-01
5.9432e-01
1.8770e-01
4.9588e-01
8.0436e-02
8.3398e-01
7.7473e-02
2.5013e-01
6.2810e-01
2.2299e-03
2.5758e-02
3.4944e-01
2.6354e-01
8.6063e-03
2.7715e-01
2.3450e-01
4.3381e-02
3.6696e-01
2.0011e-01
3.1291e-01
4.9589e-01
3.4025e-01
2.7433e-02
3.8620e-05
8.5064e-03
4.4877e-02
4.4014e-01
2.3709e-01
1.4855e-01
3.2299e-01
5.2599e-01
3.4207e-01
2.0863e-02
3.1678e-01
4.3590e-01
3.0664e-02
6.9422e-02
2.9987e-01
1.5556e+00
1.0299e-01
3.8620e-05
5.2535e-01
1.5719e-01
4.4808e-01
1.3363e-01
3.9124e-01
5.8305e-01
2.0649e-01
1.1014e-01
2.5863e-01
1.6243e-01
7.3706e-02
2.8498e-01
5.5350e-01
4.4846e-01
2.9958e-01
3.8620e-05
1.4216e-01
2.6969e-01
2.5382e-01
2.8922e-01
8.8910e-03
6.1648e-03
1.7287e-01
2.5075e-01
3.3205e-01
2.7708e-01
1.3084e-01
2.6208e-01
5.1991e-05
7.2750e-02
4.8422e-01
6.3548e-01
1.0644e-01
1.2349e-01
1.6109e-03
1.1473e-01
5.5131e-02
3.8620e-05
1.7917e-01
1.6513e-01
3.9912e-02
9.4505e-02
5.9609e-01
8.3160e-01
7.6504e-02
5.0398e-01
1.6555e+00
1.6271e-01
1.8286e-01
5.8357e-02
1.8871e-02
1.9716e-01
2.0001e-01
2.9549e-01
1.2761e-01
1.0496e+00
3.3898e-01
9.2718e-02
1.5689e-01
7.7598e-03
1.7460e-03
1.3111e-01
5.3540e-01
4.1053e-01
1.2050e-01
9.8370e-02
1.9545e-02
6.4359e-02
3.1725e-01
4.1611e-01
3.4287e-01
1.8755e-01
7.1394e-02
3.6291e-01
9.0723e-02
5.5441e-02
1.4278e-01
3.4481e-01
1.3763e+00
1.1434e-01
5.4827e-01
2.8249e-02
8.3214e-02
1.2601e-01
1.0603e-01
7.4115e-02
2.3337e-01
7.8343e-02
3.8686e-02
6.9137e-02
3.4137e-02
5.6234e-01
1.4709e-01
5.3906e-02
6.5297e-05
1.2721e-01
5.1662e-02
3.8620e-05
2.8994e-01
1.4875e-01
2.0512e-03
6.4649e-02
2.5008e-02
2.2464e-01
1.0077e-01
3.2852e-01
1.4204e-01
1.8052e-01
4.2150e-01
1.2339e-01
1.4706e-01
4.9274e-01
2.3153e-01
7.0652e-02
9.9960e-02
7.0592e-02
1.6533e-02
6.3805e-02
2.0470e-01
4.7006e-01
6.6504e-01
1.9627e-01
1.5393e-01
1.5779e-01
8.7064e-02
7.4832e-02
3.8508e-01
5.4218e-02
3.2453e-01
3.0051e-01
1.2028e-01
1.4382e-01
1.8506e-01
7.0201e-01
5.3003e-01
1.0960e-01
1.5428e-01
1.9800e-02
6.5938e-01
3.0307e-01
5.8450e-01
4.3180e-02
1.3984e-01
5.5558e-01
6.5580e-02
1.4593e-01
2.0293e-01
1.5321e+00
1.6862e-02
6.8983e-02
1.5690e-01
1.9348e-02
7.6539e-02
8.3366e-03
1.3714e-01
8.9298e-02
3.7111e-02
8.0286e-02
2.6497e-01
4.9343e-04
5.3342e-01
2.1938e-01
2.6900e-01
4.6674e-01
6.6562e-01
4.6666e-04
2.1878e-01
9.4730e-02
1.4089e-01
9.7135e-01
6.3004e-02
2.2664e-01
4.8685e-01
2.3275e-01
1.3041e-01
2.9788e-02
4.9960e-01
9.7369e-02
8.9017e-01
3.2433e-01
3.3636e-03
3.2814e-01
2.1987e-01
3.8620e-05
2.1381e-01
4.8642e-02
5.4818e-02
1.6331e+00
2.3691e-01
2.1794e-01
1.8281e-03
6.3350e-01
3.8620e-05
1.8860e-01
5.9602e-02
1.1082e+00
1.0429e-01
1.8291e-03
3.0292e-01
6.0434e-02
1.9346e-04
2.1955e-01
4.8595e-01
1.8426e-01
5.0523e-02
2.3528e-01
2.7314e-01
2.6828e-01
1.9533e-01
3.0365e-01
3.0922e-01
8.9402e-02
1.3145e-01
2.1275e-01
4.5400e-01
4.4290e-01
4.9860e-01
3.8505e-02
4.2556e-01
5.3053e-01
1.2801e-01
1.4946e-01
7.5256e-01
8.9624e-02
3.6832e-01
8.0845e-01
1.1955e-01
8.1979e-02
4.7057e-01
3.5215e-01
2.2903e-01
1.9630e-01
2.7011e-01
4.0144e-02
9.4460e-02
1.2751e-01
1.4257e-01
2.6009e-01
1.7623e-01
9.7061e-01
1.1020e-01
1.0746e+00
5.8404e-01
3.8620e-05
8.5438e-02
3.8295e-02
2.5219e-01
2.1068e-01
3.1518e-02
3.0193e-02
2.0271e-01
3.6685e-01
1.8499e-01
1.3260e-01
5.8793e-01
3.8620e-05
2.5593e-01
4.0891e-01
3.0896e-01
3.2911e-01
2.3786e-01
5.6493e-02
3.8620e-05
5.1894e-02
4.6213e-01
1.9108e-01
1.6010e-01
3.6533e-02
3.7774e-01
5.5276e-01
2.2604e-01
8.1996e-02
9.4848e-02
2.0249e-01
8.3957e-02
1.8584e-04
1.6757e-01
7.7999e-02
1.0687e-01
4.4101e-02
3.0992e-01
8.8995e-02
2.1759e-01
4.7620e-02
6.8395e-01
5.7808e-03
1.0546e-01
3.0118e-01
1.2778e-01
3.2439e-01
2.2645e-01
3.6324e-01
1.5550e-01
1.0384e-01
8.7946e-02
2.5617e-01
1.6060e-01
4.6838e-02
2.2500e-01
1.4469e-01
1.1918e-01
1.2989e-01
8.9257e-02
2.6552e-01
1.8240e-01
2.6066e-01
2.1220e-01
2.3122e-01
3.6172e-01
2.5166e-02
2.4294e-01
3.8620e-05
4.3810e-01
2.7710e-01
9.5445e-02
5.8249e-01
3.5641e-01
1.6341e-01
3.8008e-01
3.0298e-01
3.6323e-01
2.8761e-01
7.5184e-02
3.2518e-02
1.2366e-01
3.0006e-02
2.2551e-01
5.3469e-02
1.9107e-02
2.2310e-01
1.3392e-01
2.2199e-01
3.3627e-01
3.9021e-01
4.4725e-01
3.8620e-05
1.8933e-01
7.7138e-02
5.1008e-01
1.2816e-04
6.3244e-02
2.5993e-01
1.0988e-01
3.9439e-01
5.9369e-02
1.8790e-01
6.1320e-02
3.8620e-05
9.6352e-02
2.4921e-01
5.0618e-01
1.3127e+00
2.9933e-02
8.5016e-02
3.5412e-01
6.0109e-01
3.4299e-03
1.5949e-02
1.7899e-02
6.5101e-01
6.1411e-01
2.7400e-02
5.0186e-01
3.1789e-01
2.0068e-01
9.7520e-01
3.5801e-01
1.3928e-01
1.6881e-01
6.8819e-02
3.4087e-01
1.3489e-01
1.5022e-01
2.6518e-01
2.3190e-01
2.2283e-01
9.0684e-03
2.1321e-01
2.6335e-01
1.4527e-01
2.7983e-02
9.1921e-01
1.6956e-01
1.2553e-01
4.2339e-01
1.3466e-02
3.6534e-02
2.2407e-01
2.1649e-01
2.0801e-01
1.6606e-02
3.2413e-01
2.9675e-01
2.3440e-01
3.2239e-01
6.3606e-02
9.4242e-02
3.6303e-01
6.5350e-02
8.8476e-02
7.9932e-01
7.2585e-02
3.0139e-01
5.8122e-01
4.4160e-02
1.2214e-01
1.7696e-01
2.1545e-01
8.5717e-02
1.1757e-01
5.9372e-01
1.3894e-02
3.8620e-05
2.6900e-01
2.4557e-01
1.4249e-01
1.8318e-01
2.4575e-01
1.5356e-02
1.3653e-01
3.7265e-01
1.9867e-01
1.0679e-01
2.1928e-01
8.9944e-01
3.0061e-01
3.8620e-05
1.9540e-01
2.7464e-01
2.3702e-01
1.2742e-01
3.0262e-01
6.7055e-02
2.1281e-01
3.0409e-02
3.8620e-05
2.0745e-01
4.8039e-02
1.6713e-01
8.7999e-03
2.2048e-01
1.7875e+00
8.1079e-01
1.1066e-01
5.7244e-02
1.9019e-01
4.2863e-02
1.1060e-01
6.4902e-01
7.4455e-01
8.0534e-02
1.2811e+00
1.3035e-01
6.8545e-01
2.8629e-01
4.5667e-02
3.0804e-03
4.0616e-01
4.6556e-01
2.6031e-01
8.0077e-02
1.6543e-01
2.1983e-02
1.6629e-01
4.2561e-02
5.6941e-02
4.9833e-01
2.1210e-01
9.4011e-03
1.0364e+00
4.8298e-03
7.0630e-03
5.3951e-01
2.5094e-01
6.3164e-01
4.6258e-01
6.3894e-02
3.8620e-05
5.0024e-01
3.6502e-01
3.5384e-01
1.0000e-01
2.1788e-01
1.8296e-01
1.7250e-01
1.2946e-01
2.6739e-02
2.2677e-01
3.1724e-02
5.3740e-01
4.6243e-01
1.6252e-01
3.6413e-01
6.7472e-04
7.0974e-01
5.8238e-01
3.5511e-03
4.5104e-02
3.8620e-05
2.1790e-01
4.0195e-05
3.8620e-05
4.2520e-03
3.1621e-01
1.8606e-01
1.2802e-01
8.8819e-02
7.2478e-02
1.0227e-01
1.6963e-01
5.0987e-01
1.6509e-01
1.1191e-01
3.4925e-01
1.0836e-01
1.8761e-01
2.1190e-01
1.1768e-01
6.3801e-02
1.7078e-01
1.7015e-01
5.1240e-02
3.0915e-01
9.4984e-02
1.0766e-02
1.6429e-01
1.0401e-01
1.5525e-01
2.5432e-01
7.3955e-01
3.3121e-01
1.1146e-01
2.5251e-01
4.9099e-01
6.3975e-02
2.0447e-01
3.5923e-01
2.5368e-04
2.5365e-03
4.5908e-02
1.6323e-01
1.4542e-01
9.2168e-02
2.9281e-01
6.1318e-01
2.2261e-02
2.6205e-01
3.1443e-01
1.6752e-02
7.5507e-01
2.9921e-01
1.0383e-01
1.4600e-01
8.6906e-02
2.4691e-02
6.2592e-02
2.4366e-02
6.5580e-01
4.0051e-02
5.0149e-01
1.2814e-01
4.4445e-01
5.5562e-02
1.9548e-01
1.1222e-01
3.4388e-01
2.1340e-01
3.4035e-01
2.7237e-01
4.6918e-01
5.8463e-02
9.0191e-02
1.2060e-01
3.2094e-02
1.0807e-01
7.5360e-01
3.5737e-01
4.3375e-02
9.6363e-02
1.9322e-01
2.6961e-01
3.4245e-01
7.5762e-02
4.3040e-02
1.5954e-01
8.7608e-01
3.6764e-01
4.9661e-01
6.7055e-01
5.7483e-02
4.6157e-02
7.7262e-01
3.8620e-05
2.0106e-01
7.6053e-01
1.0963e-01
1.6031e-01
5.9342e-03
2.5261e-01
3.9916e-02
4.1664e-01
3.3116e-02
1.1089e-01
5.2546e-01
4.5511e-03
2.1325e-04
5.5051e-01
1.1631e-04
4.7533e-01
8.2248e-02
1.3451e-01
1.3743e-01
3.5949e-01
1.9198e-01
3.8620e-05
7.7116e-01
1.5951e-02
6.5467e-01
2.3969e-02
3.7559e-01
2.8325e-02
1.3684e-01
1.9322e-01
3.3008e-01
2.9977e-01
2.2859e-01
1.7925e-01
6.4285e-01
6.5751e-02
3.1063e-01
3.6338e-01
9.8989e-02
8.2436e-02
2.2262e-01
2.3342e-02
2.9434e-01
7.8808e-02
2.8519e-01
4.9527e-02
3.4135e-03
3.4552e-01
1.0077e+00
9.4301e-02
1.4855e-01
8.1175e-01
1.2033e-01
9.6924e-02
9.6973e-02
2.6386e-01
3.1631e-02
2.3707e-01
2.3993e-01
1.1108e-02
4.2703e-01
7.8264e-02
2.4235e-01
3.7809e-01
2.6988e-01
4.4427e-01
3.8620e-05
6.9995e-02
1.3641e-01
1.7307e-01
6.3854e-01
3.7927e-01
3.7648e-01
8.6593e-01
3.8620e-05
1.1744e-01
4.7899e-01
2.1564e-01
1.8610e-02
7.3459e-03
6.5264e-01
4.6540e-02
2.3835e-01
9.4867e-02
2.6453e-01
1.0989e-01
2.8765e-01
1.6822e-02
6.7164e-01
3.0691e-02
4.8437e-01
1.5179e-01
1.9185e-01
2.0658e-01
3.8479e-01
1.5536e-01
2.9057e-01
2.8612e-01
4.1274e-01
1.3056e-01
1.8028e-01
3.2031e-01
5.4902e-03
4.7214e-01
1.1644e-01
3.4859e-01
1.9810e-01
8.5056e-01
5.1706e-02
3.6420e-01
3.4612e-03
9.2947e-01
1.6808e-01
2.7354e-02
8.0901e-02
2.0855e-01
9.2013e-01
8.0101e-02
1.6352e-02
9.9692e-01
5.7850e-02
3.3465e-01
4.2560e-01
3.4536e-02
8.1614e-02
9.6709e-02
1.6772e-01
7.7199e-02
2.9882e-03
1.9586e-01
2.3591e-01
8.3275e-02
1.2053e-01
2.2347e-01
1.7680e-01
5.6650e-01
2.7685e-02
4.8559e-02
8.7520e-02
1.5416e-01
7.6203e-02
1.3967e-01
8.8180e-02
1.4367e+00
1.0418e+00
1.0558e-01
7.8683e-02
1.9828e-02
8.9209e-02
1.6786e-01
1.2148e-01
1.3575e-01
6.2621e-01
1.3627e-01
3.9397e-01
2.2013e-01
5.3972e-02
1.6245e-01
4.2401e-03
8.8912e-03
9.6151e-02
3.3170e-02
6.8773e-02
7.9561e-02
6.0631e-02
2.8544e-01
3.8620e-05
2.7109e-01
5.6179e-02
2.2578e-01
1.6301e-02
4.7164e-01
2.0616e-02
2.0483e-01
6.2161e-04
1.0177e-01
3.8646e-02
3.4130e-01
2.1940e-01
3.8620e-05
4.4847e-01
3.9417e-01
7.3852e-02
5.6137e-01
6.7534e-02
1.5375e-01
5.5208e-01
1.8301e-01
1.6920e-02
2.9025e-01
1.5977e-01
2.8036e-02
9.7979e-01
1.8919e-01
6.3177e-02
1.7109e-01
6.0167e-02
1.6817e-02
3.8620e-05
2.3027e-02
4.3283e-01
5.8324e-02
1.7527e-02
3.9624e-01
1.6021e-01
4.2423e-01
1.9765e-01
2.5804e-01
2.8788e-01
2.4096e-02
2.4052e-01
4.3210e-01
3.4707e-01
1.2389e-01
4.6259e-03
3.0952e-02
8.1142e-02
1.4146e-01
1.8299e-01
2.0848e-01
2.5862e-02
1.7400e-01
1.3281e-01
7.6600e-01
1.2435e-01
9.4699e-02
8.0200e-02
2.3884e-01
1.0098e-01
1.7095e-01
8.0096e-02
1.4673e-01
4.7492e-02
2.1902e-01
2.1461e+00
4.6227e-02
2.5075e-02
1.5081e-01
2.0892e-01
3.5777e-01
1.0695e-01
1.4038e-01
9.0855e-01
8.4868e-02
5.9597e-02
3.3794e-01
6.4274e-01
1.2651e-01
1.2734e+00
1.2577e-01
2.0518e-01
6.8180e-01
3.1298e-01
4.8099e-02
1.0044e-01
1.7852e-01
3.2824e-01
1.3483e-01
1.5606e-01
7.4319e-04
9.7746e-03
9.3022e-01
1.8216e-01
5.1130e-02
6.5215e-01
1.6833e-01
3.3700e-01
1.8789e-02
7.7344e-02
2.0607e-01
3.2491e-01
3.8620e-05
1.3488e-02
5.6692e-02
8.6619e-03
4.9374e-01
5.0607e-02
1.2725e-01
1.9957e-01
1.1033e-01
9.4723e-02
2.1730e-01
2.8883e-01
3.8620e-05
6.2309e-03
2.4084e-01
3.4315e-01
4.0448e-01
3.7777e-01
5.0675e-02
6.7464e-01
3.8620e-05
1.1758e-01
5.3346e-03
2.3895e-02
8.2826e-02
1.2383e-01
2.3055e-02
2.4737e-01
6.9283e-02
7.5058e-02
3.8620e-05
3.8620e-05
2.0031e-01
3.2088e-02
1.0692e-01
6.6678e-01
2.5770e-02
1.2916e-02
6.0432e-02
1.5593e-01
5.1272e-02
2.9250e-01
1.1433e-01
5.9191e-01
5.3380e-02
1.0852e-01
3.3838e-01
1.7254e-01
2.3706e-01
2.0922e-01
2.2777e-01
1.5188e-01
5.1525e-01
1.7132e-01
3.1349e-01
8.2010e-02
4.6133e-01
2.4683e-01
7.1077e-02
9.4273e-01
1.3169e-01
9.7586e-01
3.7235e-01
1.6323e-01
7.4919e-02
7.2375e-01
3.5517e-01
2.1692e-02
2.7745e-02
2.3617e-01
1.3142e-01
1.6161e-01
3.8620e-05
4.2707e-02
2.0593e-01
4.1473e-02
1.9331e-02
1.5407e-01
4.9997e-01
2.2194e-01
2.1041e-01
2.6162e-01
2.4753e-01
2.7332e-01
2.3124e-01
1.4831e-01
7.9226e-02
7.8387e-02
1.1740e-01
5.0697e-01
1.0550e+00
2.1657e-01
1.3909e-01
4.5860e-01
1.7238e-01
1.3832e-01
1.5515e-01
6.8655e-02
9.8440e-04
1.2254e-01
3.3734e-02
1.5045e-01
2.8010e-01
1.9623e-01
1.1634e-01
3.4147e-01
2.7665e-01
7.9565e-02
1.7270e-03
3.4294e-02
6.3865e-02
5.5203e-01
2.6531e-01
1.0726e-03
9.1619e-02
2.5060e-01
1.8886e-01
7.2428e-02
1.8628e-01
1.6002e-01
2.6330e-01
6.7792e-01
4.5875e-01
5.6497e-01
1.4013e-02
2.5338e-01
7.0661e-02
1.1144e-01
7.6554e-02
7.3102e-02
6.7792e-02
4.6984e-02
1.9547e-01
7.2448e-02
5.0977e-01
1.3256e-01
4.0567e-02
1.0743e-03
3.8620e-05
3.8620e-05
8.3745e-02
2.3485e-02
3.4305e-01
2.8245e-01
1.5760e-01
4.0630e-01
8.7722e-01
4.9259e-01
3.8558e-01
4.9323e-02
4.7554e-01
7.5417e-02
7.3961e-01
9.6071e-01
2.8323e-01
5.0824e-01
3.9642e-01
1.5415e-04
1.4359e-01
1.3161e-01
4.3022e-02
3.0152e-02
4.2239e-01
3.1311e-01
6.1407e-02
5.2179e-01
4.2066e-01
8.6043e-02
3.4046e-01
3.8620e-05
8.7799e-02
6.0628e-02
1.1821e-01
2.3536e-01
2.6379e-01
1.7334e-01
1.8720e-01
1.9547e-01
5.8292e-01
8.3438e-02
8.5689e-02
1.1339e-02
3.3659e-02
4.2933e-01
1.5601e-01
1.4302e-01
3.0065e-01
9.9240e-01
3.8620e-05
5.0732e-01
4.3833e-02
4.0153e-01
5.3172e-01
6.3621e-01
3.8569e-02
2.0253e-01
2.5024e-01
1.8008e-01
2.3611e-01
5.8825e-01
5.0561e-01
1.6801e-01
1.6916e-02
4.4062e-02
9.7246e-02
3.5812e-01
3.3046e-01
1.3329e-01
4.9685e-01
4.1216e-01
2.7659e-01
2.9320e-01
5.8104e-01
3.5910e-01
1.1733e-01
1.0413e-01
9.6172e-02
4.2773e-01
1.2408e-01
1.8887e-01
2.8495e-01
3.1952e-02
6.8492e-01
7.2590e-02
2.4907e-01
4.7208e-02
2.8545e-01
2.3334e-01
3.8028e-02
8.4693e-02
1.5706e-01
3.0812e-01
1.5142e-01
1.2363e-03
3.3184e-02
2.2541e-01
4.5146e-01
1.4587e-01
1.1414e-02
2.5237e-01
1.8559e-01
1.7313e-01
2.7688e-01
1.5268e-01
1.0806e-01
3.9723e-01
1.3728e-01
3.8018e-01
1.5593e-01
1.8347e-01
2.7361e-01
3.8620e-05
2.4307e-02
8.2898e-02
8.7741e-01
6.0493e-03
3.7698e-01
2.1338e-01
5.9747e-02
3.1065e-01
3.8620e-05
2.0276e-01
2.0383e-01
1.9483e-01
1.2261e-01
4.9479e-02
1.8900e-01
1.4204e-01
6.2874e-01
9.0950e-02
5.0011e-02
3.9760e-01
4.1911e-01
6.0006e-02
3.7281e-01
1.7128e-01
3.2718e-01
1.0888e-01
4.7415e-02
5.3643e-01
2.1281e-01
8.5909e-02
4.4853e-04
2.0621e-01
2.7561e-01
1.0454e-01
1.8010e-01
3.6572e-02
2.0275e-01
4.1325e-01
1.1862e-01
5.7970e-04
8.1241e-02
7.7801e-01
2.3043e-01
4.5346e-02
2.9370e-01
2.4748e-01
7.9991e-02
2.4690e-03
1.1581e-01
1.6807e-02
1.9452e-01
6.3838e-04
4.6855e-02
2.0124e-01
3.2290e-02
2.1590e-01
2.1769e-01
9.2497e-01
7.4347e-01
6.8338e-01
3.5101e-01
1.5196e-01
3.4675e-01
1.1140e-01
1.4017e-02
1.2165e+00
1.3973e-01
2.6091e-01
2.2910e-01
1.0130e-01
1.6331e-01
1.1644e-02
5.0519e-01
5.0109e-02
6.5359e-01
5.0585e-02
2.9863e-01
2.3780e-01
1.3431e-01
4.8706e-01
7.9461e-01
3.7215e-01
1.3370e-01
5.1713e-01
1.8210e-01
1.9536e-01
4.4988e-01
5.9454e-03
6.7590e-01
6.9043e-03
6.3522e-02
4.2816e-02
9.4746e-01
1.8582e-01
2.0548e-02
4.8910e-01
4.8893e-02
2.0259e-01
5.3033e-01
1.3714e-02
3.4227e-01
3.3912e-02
1.5191e-01
1.0977e-01
7.0368e-01
5.4274e-01
9.4699e-02
7.1324e-01
3.5075e-01
9.7055e-01
3.6270e-01
4.9560e-01
1.7387e-01
2.5063e-01
4.3366e-01
9.1644e-02
9.7904e-02
9.5801e-02
1.4823e-01
7.0303e-01
8.4362e-02
1.5703e-01
1.9898e-01
1.3963e-01
1.3518e-01
1.6888e-01
3.5612e-03
1.5902e-01
1.0479e-01
2.5497e-01
1.9361e-01
4.1693e-01
1.8083e-01
1.2515e-01
5.0353e-01
1.9608e-01
6.9470e-02
7.8896e-02
8.8524e-02
2.4474e-01
1.5929e-01
1.4577e-01
6.5648e-01
1.7585e-01
5.1584e-01
4.0637e-01
3.8620e-05
3.2675e-01
3.7179e-01
2.2352e-01
2.8427e-01
3.8620e-05
3.7990e-01
9.5267e-02
1.6740e-01
3.6502e-02
1.1853e-01
1.4160e-02
3.4168e-01
4.4062e-01
1.4854e-03
1.0214e-01
7.5225e-03
4.6338e-03
2.1554e-01
2.0711e-01
3.8620e-05
7.4147e-02
1.2507e-03
1.2257e-01
1.8325e-01
2.1823e-01
5.1126e-01
8.3112e-01
1.3545e-01
5.4512e-01
3.8620e-05
2.6349e-01
5.0724e-02
5.7995e-04
1.0022e-01
6.7491e-01
1.0834e-01
4.9718e-01
4.7664e-01
7.7919e-01
4.7300e-01
2.3889e-02
9.4547e-01
3.1671e-02
2.6038e-01
2.5775e-01
1.1619e-01
2.2479e-01
5.9784e-01
8.3714e-01
2.4259e-01
9.6714e-02
2.4168e-01
1.4863e-01
9.2608e-02
3.5387e-03
6.9550e-01
3.6746e-02
5.0926e-01
1.3124e-01
7.5675e-02
4.4650e-02
3.3247e-01
3.6723e-01
4.0383e-02
2.7126e-01
1.1512e-01
2.7487e-01
2.5030e-01
3.3187e-02
6.5170e-02
9.4698e-02
5.8971e-01
1.7706e-01
1.1955e-01
2.7654e-02
2.8491e-01
3.9242e-02
4.5845e-01
8.3464e-01
1.3016e-01
1.5297e-01
7.3135e-03
2.0397e-02
2.0321e-01
7.0329e-01
1.9262e-01
1.8000e-01
9.7808e-01
4.1366e-01
4.7465e-01
2.4486e-01
1.2982e-01
3.9530e-02
1.7397e-01
4.6311e-02
8.8033e-02
3.6810e-01
3.0808e-01
1.6500e-01
3.8620e-05
3.8310e-02
1.5520e-01
3.0647e-01
2.2244e-01
1.4028e-01
2.6207e-01
2.6149e-02
3.3257e-01
1.6894e-02
3.8620e-05
7.1533e-05
3.9243e-01
2.8734e-01
1.5106e-01
9.6619e-02
4.7094e-01
1.4087e-01
8.4474e-05
9.0882e-01
3.6299e-02
5.2571e-01
1.4974e-03
1.4735e-02
9.8068e-02
2.0395e-01
6.5020e-02
4.3337e-01
2.4764e-01
1.3487e-01
1.2041e-01
5.7235e-02
3.9028e-01
8.8453e-01
5.9379e-02
1.7054e-01
3.5804e-02
5.5708e-02
3.8620e-05
3.8620e-05
1.2772e-02
4.9762e-02
2.4212e-01
1.5175e-01
1.5391e-01
8.4112e-02
7.4402e-02
7.7010e-02
4.5322e-01
6.9710e-02
1.4841e-01
1.2292e-01
6.2030e-02
6.5826e-02
1.2493e-01
3.7750e-01
1.3701e-01
6.5602e-03
4.9575e-01
1.0682e+00
7.9878e-02
1.4012e-01
2.7905e-01
3.8620e-05
1.4674e-01
4.2928e-02
4.2236e-01
3.7692e-02
1.2124e-01
7.5819e-01
5.7846e-01
9.2100e-02
2.2200e-01
3.3017e-01
4.1829e-01
3.0099e-01
5.3228e-01
1.0891e-01
3.8847e-01
4.9704e-01
3.4161e-01
3.3530e-01
1.6366e-02
1.4259e-02
2.1177e-01
1.8612e-03
5.3186e-01
1.8409e-01
6.8856e-02
9.3400e-02
3.5429e-01
1.1543e-01
4.0816e-02
1.8862e-01
4.5212e-02
2.8849e-01
1.9368e-01
4.2334e-02
8.6304e-02
8.8634e-01
9.9512e-02
4.5309e-02
8.8214e-02
4.2068e-01
4.4612e-01
9.2332e-02
1.4473e-01
2.3122e-01
1.2709e-01
1.5046e-01
8.2695e-03
2.2017e-01
4.5827e-01
9.5862e-01
2.5575e-01
1.8249e-02
1.5905e-01
1.1089e-01
9.2257e-02
1.0489e+00
2.4202e-02
7.3120e-01
1.3623e-01
8.1724e-01
1.7202e-01
6.2248e-01
2.0145e-01
1.5882e-01
1.1736e-01
1.0176e-01
4.0685e-01
5.6298e-01
2.0765e-01
8.5466e-01
7.1667e-03
1.0961e-01
6.3213e-01
4.5062e-01
5.3360e-02
6.0709e-02
4.9986e-02
3.8620e-05
3.8620e-05
1.0037e-01
1.4610e-01
1.0025e-01
1.1625e-01
2.2573e-02
4.2335e-01
1.3914e-01
1.0443e-01
9.2665e-02
5.4345e-02
1.2273e-01
3.5070e-01
2.1881e-01
1.8687e-03
7.6954e-01
5.9668e-01
8.0149e-02
1.4384e-01
5.0284e-02
3.3569e-01
2.1145e-01
2.4200e-01
1.1245e-01
2.5497e-01
2.3557e-01
5.8148e-02
3.6478e-01
2.3943e-01
1.4996e-01
1.0481e-01
6.7610e-02
6.6446e-02
3.7085e-02
1.8099e-02
4.3988e-01
2.6973e-01
2.0981e-01
7.5302e-03
4.1238e-01
1.9389e-04
7.1209e-01
1.1240e-01
5.1692e-01
6.3548e-01
2.8989e-01
1.2090e-02
2.6735e-01
1.9159e-01
7.9988e-01
5.7236e-01
3.9229e-01
1.9119e-01
1.3060e-01
1.0237e-01
5.2019e-01
1.5335e-01
2.0055e-01
1.4216e-01
2.3256e-01
2.2360e-01
2.6795e-01
1.1093e-01
1.5360e-01
5.0719e-01
1.6856e-01
2.9896e-01
3.9230e-01
2.7449e-01
4.5715e-02
1.6517e-01
2.5575e-01
2.1829e-01
4.6596e-01
1.1113e-01
5.5096e-01
3.8620e-05
3.1144e-01
2.0637e-01
3.9229e-01
3.8620e-05
3.6707e-01
9.5626e-02
8.4391e-02
7.3929e-02
2.3316e-01
3.2050e-01
1.2537e-01
4.7976e-01
6.7975e-03
6.1440e-02
6.0044e-01
1.5304e+00
2.0060e-01
1.3750e-01
5.0286e-03
6.9956e-01
2.3487e-01
2.8964e-01
3.8123e-01
1.4076e-01
1.1160e-01
1.9599e-01
1.7634e-01
7.3009e-01
3.0121e-02
1.4934e-01
2.6016e-01
2.9712e-01
6.7413e-01
4.7949e-02
3.8664e-02
1.1383e-01
2.7046e-01
3.6241e-01
1.3643e-01
2.6204e-01
3.1960e-01
5.4149e-02
3.1156e-01
1.3181e-01
1.6920e-01
2.5827e-02
2.3683e-01
1.2812e-01
3.0165e-01
5.0816e-01
4.4561e-01
1.3016e-01
1.0505e-01
2.1642e-01
6.2366e-02
2.0406e-01
3.2999e-01
1.1767e-01
1.6318e-01
8.8926e-02
2.4255e-01
1.2641e-01
2.0825e-01
3.5066e-01
3.1245e-02
1.1454e-01
1.0405e-01
1.6939e-01
5.3406e-02
4.1672e-02
1.5243e-01
1.9509e-01
5.4381e-02
6.0220e-03
5.7107e-02
1.1072e-01
3.3451e-01
1.4895e-01
7.0331e-02
1.1760e-01
5.9081e-02
7.8240e-02
3.4506e-01
1.1281e-01
5.7208e-01
5.3250e-01
6.7300e-01
2.9498e-01
7.1471e-02
1.3172e-01
1.8812e-01
7.6868e-01
6.9760e-02
8.8829e-01
1.5849e-01
5.0746e-02
7.6819e-02
3.3955e-01
6.4281e-02
1.0883e-03
1.8639e-01
2.4486e-01
3.4663e-01
1.2671e-01
2.7329e-01
4.5063e-01
7.3013e-02
1.5311e-01
5.1882e-02
1.7276e-01
6.1442e-01
1.5070e-01
8.3604e-02
2.7296e-01
4.6206e-02
2.4423e-01
4.3357e-03
1.5494e-01
5.2193e-02
9.3945e-02
1.2105e-01
5.1852e-02
4.8250e-01
9.0224e-03
2.5765e-01
5.9950e-03
2.7866e-01
1.5337e-01
2.1349e-01
6.6366e-02
1.3957e-01
1.6187e-02
6.5178e-02
5.9320e-02
4.8787e-02
5.7980e-01
1.0495e-01
6.4452e-01
1.3473e-01
1.2442e-01
3.1278e-01
4.8391e-01
3.9347e-01
4.0222e-02
2.9598e-02
2.2899e-01
2.4296e-01
4.8093e-02
1.0956e-02
3.9625e-03
2.3998e-01
2.8247e-01
2.1956e-01
1.4904e+00
2.0465e-01
2.0871e-01
2.9043e-01
1.7918e-02
2.9351e-01
9.7917e-04
2.6476e-01
6.0577e-01
2.1357e-02
5.4740e-01
2.6565e-02
5.6579e-01
7.1431e-02
2.6152e-01
3.1950e-01
1.2657e-01
2.5515e-01
2.8817e-01
3.5100e-01
3.4659e-02
6.7268e-02
2.1580e-01
3.3048e-01
5.7598e-02
3.9957e-01
2.4864e-03
4.1307e-02
4.7687e-01
9.1208e-02
2.3100e-01
3.2311e-01
1.5132e-01
7.2918e-02
2.0845e-01
2.5610e-03
