-0.4334	-0.0427	-1.0000
-0.0458	0.0261	-1.0000
-0.3171	0.3735	-2.0000
-0.2171	-0.0035	0.0000
-0.5289	0.2674	0.0000
-0.1400	0.0680	0.0000
-0.2608	0.1407	-2.0000
-0.2125	-0.0014	0.0000
-0.3892	0.2322	-2.0000
-0.3389	0.2026	-3.0000
-0.3860	-0.0000	-1.0000
-0.3305	-0.0045	-1.0000
-0.1237	0.2719	0.0000
-0.1194	0.1431	0.0000
-0.2167	0.2486	-1.0000
-0.3904	0.1498	-1.0000
-0.3101	0.3336	0.0000
0.0170	-0.2601	0.0000
-0.2485	-0.0537	-1.0000
-0.4497	0.1658	-1.0000
-0.1594	0.3201	0.0000
-0.3831	0.0648	-1.0000
-0.1335	0.0619	-1.0000
-0.5420	0.2810	-1.0000
-0.5822	0.2093	0.0000
-0.0410	0.2136	0.0000
-0.3975	0.0275	0.0000
-0.2583	0.2858	0.0000
-0.3063	0.0360	-1.0000
-0.2314	0.1674	-2.0000
-0.3602	0.0882	-1.0000
-0.3148	-0.1066	-1.0000
-0.4903	0.1392	-1.0000
-0.2960	-0.0815	-1.0000
-0.1396	0.3160	-1.0000
-0.5943	0.2322	0.0000
-0.3210	-0.1061	0.0000
-0.1708	0.2762	-1.0000
-0.2939	0.0394	-1.0000
-0.1340	0.0736	0.0000
-0.5247	0.2292	0.0000
-0.2058	0.3999	0.0000
-0.2421	0.1436	0.0000
0.0540	-0.0278	0.0000
-0.3712	-0.0227	-2.0000
-0.4634	0.2849	0.0000
-0.4702	0.0695	0.0000
-0.2639	-0.0017	-1.0000
-0.2354	0.2656	0.0000
-0.4798	0.1991	0.0000
-0.4552	0.1905	-1.0000
-0.1653	0.2069	-2.0000
-0.0771	-0.1537	0.0000
-0.3198	-0.0030	-1.0000
-0.3758	0.0644	-1.0000
-0.2314	0.1786	-1.0000
-0.3726	0.0215	-1.0000
-0.1054	0.2087	0.0000
-0.3584	0.4178	0.0000
-0.5377	0.2632	0.0000
-0.3548	0.2087	0.0000
-0.1977	0.3411	-1.0000
-0.4395	0.3258	0.0000
-0.4862	0.1851	-1.0000
-0.0784	-0.0235	-1.0000
0.0233	-0.0218	0.0000
-0.2251	0.1476	-2.0000
-0.3656	-0.0219	-1.0000
-0.4357	0.1357	0.0000
-0.3611	0.1204	-2.0000
-0.3146	-0.0462	-2.0000
-0.2615	-0.0485	-2.0000
-0.0855	-0.0198	-1.0000
-0.2955	-0.1170	0.0000
-0.3066	0.0433	0.0000
-0.2453	0.3420	-1.0000
-0.3190	0.1063	-1.0000
-0.2359	0.3519	-1.0000
-0.1507	0.0267	-1.0000
-0.3999	0.1377	-2.0000
-0.2871	0.0038	0.0000
-0.3441	0.0050	0.0000
-0.2122	0.2382	-2.0000
-0.3665	-0.0056	-1.0000
-0.4055	-0.0581	0.0000
-0.2298	0.1155	-2.0000
-0.0925	0.1138	0.0000
-0.1797	0.0885	-1.0000
-0.3836	-0.0147	-2.0000
-0.4234	0.1357	-2.0000
-0.0336	0.1229	0.0000
-0.2215	0.3272	0.0000
-0.4754	0.1616	0.0000
-0.3545	0.0245	-1.0000
-0.2322	0.1785	-3.0000
-0.2476	0.1033	-2.0000
-0.5057	0.2437	-1.0000
-0.4581	0.0450	0.0000
-0.2186	0.2444	-1.0000
-0.3523	0.0146	-1.0000
-0.3832	0.0652	-1.0000
-0.5275	0.1415	-1.0000
-0.3540	-0.0250	-2.0000
-0.2974	0.3427	0.0000
-0.1905	0.3289	-1.0000
-0.3496	-0.0503	-1.0000
-0.3416	0.0828	-1.0000
-0.0817	-0.1700	0.0000
-0.2431	0.2575	0.0000
-0.2438	0.3559	-1.0000
-0.1988	0.3199	-1.0000
-0.3996	0.0419	0.0000
-0.2205	-0.1919	0.0000
-0.2124	0.2872	0.0000
-0.3588	0.0167	-2.0000
-0.4009	0.1791	-2.0000
-0.3657	0.1020	-2.0000
-0.1013	0.2714	0.0000
-0.2847	-0.0189	0.0000
-0.1777	0.3453	-1.0000
-0.0241	0.0842	0.0000
-0.2989	0.1998	-2.0000
-0.2328	0.3339	0.0000
-0.3137	-0.0353	0.0000
-0.1513	-0.1669	0.0000
-0.2316	0.2870	-1.0000
-0.2471	0.0037	0.0000
-0.3140	0.2391	-3.0000
-0.3755	0.2498	-2.0000
-0.1991	0.3082	-1.0000
-0.3003	0.0834	0.0000
-0.5417	0.2415	0.0000
-0.2522	0.3494	0.0000
-0.3772	0.0131	0.0000
-0.4639	0.2273	-1.0000
-0.4028	0.0547	0.0000
-0.3882	0.0157	-1.0000
-0.1993	0.3009	-2.0000
-0.2234	-0.1233	0.0000
-0.1865	-0.1123	0.0000
-0.3683	0.3396	0.0000
-0.3485	0.2788	0.0000
-0.4613	0.0581	-1.0000
-0.2466	0.0044	-1.0000
-0.1902	-0.1415	0.0000
-0.4803	0.1653	0.0000
-0.4007	0.0225	-2.0000
-0.1400	0.2055	-1.0000
-0.0279	0.0363	0.0000
-0.3570	-0.0268	0.0000
-0.2804	0.3768	0.0000
-0.4756	0.2657	0.0000
-0.0965	-0.0866	0.0000
-0.3570	-0.0137	0.0000
-0.2346	0.2941	0.0000
-0.2460	0.3078	-2.0000
-0.3312	0.0278	0.0000
-0.3859	0.1696	0.0000
-0.3249	-0.1569	-1.0000
-0.1272	0.1377	0.0000
-0.4110	0.0827	0.0000
-0.3670	0.1704	0.0000
-0.5527	0.2588	0.0000
-0.3207	-0.0830	-1.0000
-0.4189	0.1387	-1.0000
-0.3907	0.1155	-1.0000
-0.4305	0.1435	-1.0000
-0.3282	-0.0728	0.0000
-0.4819	0.1576	0.0000
-0.2271	0.3341	0.0000
-0.3456	0.0060	-2.0000
-0.2896	-0.0657	-1.0000
-0.1380	0.2488	-1.0000
-0.4143	0.0323	0.0000
-0.2259	-0.0532	0.0000
-0.4474	0.3217	0.0000
-0.4158	0.0561	0.0000
-0.2318	0.2082	-1.0000
-0.1797	0.2653	-1.0000
-0.1324	0.1004	0.0000
-0.4977	0.0146	0.0000
-0.4318	0.1692	-1.0000
-0.2357	0.1740	-1.0000
-0.3441	0.0476	-1.0000
-0.2662	-0.0384	0.0000
-0.2398	0.3302	-1.0000
-0.3028	0.1490	0.0000
-0.0447	0.4822	0.0000
-0.4979	0.2387	0.0000
-0.5107	0.2067	0.0000
-0.2830	-0.1989	0.0000
-0.3390	0.2220	0.0000
-0.3771	-0.0573	-1.0000
-0.1952	0.3152	0.0000
-0.2066	0.3395	0.0000
-0.0523	0.0263	-1.0000
-0.5122	0.1406	0.0000
-0.4391	0.1870	-1.0000
-0.2513	0.1962	-1.0000
-0.3927	0.1800	-1.0000
-0.4977	0.0757	0.0000
-0.2301	0.2976	0.0000
-0.3713	-0.0536	-1.0000
-0.3039	0.1337	-3.0000
-0.0683	0.0572	-1.0000
-0.5456	0.1646	-1.0000
-0.1659	-0.0938	0.0000
-0.4189	0.1876	0.0000
-0.3237	-0.0696	0.0000
-0.4524	0.1871	-1.0000
-0.1387	0.0127	0.0000
-0.2183	0.1481	-2.0000
-0.2626	-0.0090	0.0000
-0.1657	0.3399	-1.0000
-0.1734	0.3476	0.0000
-0.3665	-0.0906	-1.0000
-0.3835	0.2213	-3.0000
-0.3410	0.0363	0.0000
-0.3894	0.1651	0.0000
-0.3629	0.2583	-2.0000
-0.4096	0.0559	-1.0000
-0.2858	0.1583	-3.0000
-0.4112	0.0953	0.0000
-0.3003	-0.0008	-2.0000
-0.2548	-0.0793	-1.0000
-0.2971	0.2750	-2.0000
-0.3821	-0.0333	0.0000
-0.2384	0.0726	-2.0000
-0.5372	0.2129	0.0000
-0.5285	0.2006	0.0000
-0.3437	-0.0401	0.0000
-0.0394	0.0538	0.0000
-0.4717	0.1459	-1.0000
-0.2000	0.2476	-1.0000
-0.4802	0.2043	0.0000
-0.4508	0.1746	-1.0000
0.1266	0.0250	0.0000
-0.4787	0.2576	0.0000
-0.2628	-0.0664	-1.0000
-0.1906	0.0297	0.0000
-0.2099	0.0287	-1.0000
-0.5161	0.1591	-1.0000
-0.2119	0.3088	0.0000
-0.3648	0.1725	-2.0000
-0.1926	-0.1297	0.0000
-0.5001	0.1170	0.0000
-0.3995	0.1607	-2.0000
-0.2418	-0.1522	0.0000
-0.5409	0.1386	-1.0000
-0.3231	0.0847	0.0000
-0.2557	-0.1436	0.0000
-0.3299	0.0012	0.0000
-0.1868	0.0787	-1.0000
-0.2569	0.1877	-1.0000
-0.3884	-0.0653	-1.0000
-0.2316	0.1881	-1.0000
-0.5463	0.2036	-1.0000
-0.2503	-0.0701	0.0000
-0.4031	0.0430	-1.0000
-0.2420	0.2820	-1.0000
-0.4663	0.0677	0.0000
0.0105	-0.0642	0.0000
-0.2504	0.0300	0.0000
-0.2882	0.1660	0.0000
-0.3699	0.0961	-1.0000
-0.3718	0.4568	0.0000
-0.4914	0.2279	-1.0000
-0.3274	0.1913	0.0000
-0.3309	-0.0715	-1.0000
-0.2727	0.2190	0.0000
-0.5331	0.2048	0.0000
-0.3526	0.3612	0.0000
-0.2020	0.2852	-2.0000
-0.2904	0.0432	0.0000
-0.2178	0.2580	-2.0000
-0.0392	-0.0493	0.0000
-0.2238	0.3226	-1.0000
-0.4682	0.2279	0.0000
-0.0509	-0.1606	0.0000
-0.0689	0.1762	0.0000
-0.5504	0.2458	-1.0000
-0.2224	-0.1450	-1.0000
-0.3401	0.2623	-1.0000
-0.2193	0.2556	-2.0000
-0.2969	0.3376	-1.0000
-0.2838	0.2904	-1.0000
-0.2285	0.2408	-2.0000
-0.0294	-0.0677	-1.0000
-0.2580	0.3064	0.0000
-0.3642	0.0231	-1.0000
-0.3610	0.1467	0.0000
-0.2735	0.3872	0.0000
-0.3825	-0.0254	0.0000
0.0176	-0.0378	-1.0000
-0.4542	0.2389	0.0000
-0.4090	0.0710	0.0000
-0.1479	0.0419	0.0000
-0.3333	-0.0109	-1.0000
-0.1052	-0.0465	0.0000
-0.2882	0.3095	0.0000
-0.2369	0.3377	-2.0000
-0.3524	0.1975	-1.0000
0.0054	-0.0892	-1.0000
-0.3095	0.1198	-1.0000
-0.1823	0.0089	0.0000
-0.3045	0.0841	-2.0000
0.0410	0.0414	0.0000
-0.4345	-0.0138	0.0000
-0.1984	0.3664	-1.0000
0.0647	-0.0420	0.0000
-0.1155	0.2614	0.0000
-0.5049	0.2396	-1.0000
0.0122	-0.0070	0.0000
-0.4958	0.1046	0.0000
-0.2301	0.3325	-2.0000
-0.3276	0.1801	0.0000
-0.1632	0.2899	-1.0000
-0.2031	0.0112	-1.0000
-0.2576	0.3196	-1.0000
-0.4159	-0.0335	0.0000
-0.3310	0.1428	-1.0000
-0.4989	0.2370	-1.0000
-0.2664	0.2482	-2.0000
-0.5455	0.2136	0.0000
-0.3618	-0.0812	-1.0000
-0.5423	0.1907	0.0000
-0.4868	0.1643	0.0000
-0.1409	0.1688	-1.0000
-0.2593	0.4079	0.0000
-0.2057	0.2666	-2.0000
-0.2810	0.2582	-3.0000
-0.2559	0.3414	0.0000
-0.3514	0.2326	-2.0000
-0.1743	0.2111	-1.0000
-0.4040	0.1664	0.0000
-0.2836	-0.0116	-1.0000
-0.2216	0.3105	-1.0000
-0.3317	0.2550	-2.0000
0.0359	-0.0061	-1.0000
-0.1435	0.0653	-1.0000
-0.0758	-0.1392	0.0000
-0.4525	0.1723	-2.0000
-0.2995	0.2702	-1.0000
-0.3161	0.0865	0.0000
-0.1868	-0.0470	0.0000
-0.3895	0.0458	-1.0000
-0.2753	0.1123	-1.0000
-0.1963	0.2881	0.0000
-0.2562	0.2918	-2.0000
-0.3994	0.1672	0.0000
-0.4298	0.1083	0.0000
-0.3465	-0.1282	-1.0000
-0.4727	0.2115	-1.0000
-0.3264	0.1314	-1.0000
-0.0010	-0.0525	0.0000
-0.4310	0.1355	-1.0000
-0.4170	0.2893	0.0000
-0.3389	0.0951	-2.0000
-0.1674	0.1764	-2.0000
-0.3211	0.0656	-1.0000
-0.4477	0.0464	-1.0000
-0.3408	-0.0465	-1.0000
0.0084	-0.1378	0.0000
-0.3230	0.0338	-1.0000
-0.5187	0.1343	0.0000
-0.3592	0.2686	-3.0000
-0.3927	0.0881	-1.0000
-0.3091	0.2072	-1.0000
-0.1514	0.2745	-1.0000
-0.0045	0.0417	0.0000
-0.2546	0.0669	-1.0000
-0.4536	0.1767	-1.0000
-0.0526	-0.0080	0.0000
-0.3315	-0.0605	-1.0000
-0.3137	0.0382	0.0000
-0.3348	0.0463	-1.0000
0.0372	0.1617	0.0000
-0.4929	0.0786	0.0000
-0.2261	0.0117	-1.0000
-0.2680	0.2754	0.0000
-0.1434	0.2682	0.0000
-0.1044	0.2850	-1.0000
-0.4029	0.2331	0.0000
-0.1234	0.2017	-1.0000
-0.0743	-0.2107	0.0000
-0.2461	0.3429	-1.0000
-0.1377	0.2872	-2.0000
-0.4654	0.0845	-1.0000
-0.2648	-0.0714	0.0000
-0.2133	0.3292	-2.0000
-0.3197	0.0678	-1.0000
-0.4246	0.2141	-1.0000
-0.3793	0.0170	0.0000
-0.3635	0.0454	0.0000
-0.1734	0.2539	-1.0000
-0.1997	0.3506	-1.0000
-0.4674	0.2341	-2.0000
-0.1981	0.3421	-1.0000
-0.2722	-0.0225	-1.0000
-0.4976	0.1200	-1.0000
-0.1983	0.3368	-2.0000
-0.2797	-0.0691	-1.0000
-0.3080	-0.0484	-2.0000
-0.1928	0.2045	0.0000
-0.4023	-0.0517	-1.0000
-0.3279	0.0274	-1.0000
-0.2928	-0.0364	-1.0000
-0.1933	0.2432	0.0000
-0.3190	0.0191	0.0000
-0.3801	-0.0189	0.0000
-0.1554	0.3426	0.0000
-0.0611	-0.0052	0.0000
-0.1367	-0.1611	0.0000
-0.2847	0.1885	0.0000
-0.2957	0.1477	-2.0000
-0.3676	-0.0937	0.0000
-0.0588	-0.0087	-1.0000
-0.0572	0.0349	-1.0000
-0.3062	0.4203	0.0000
-0.4481	0.1886	-1.0000
-0.3660	0.2408	0.0000
-0.2773	0.0990	0.0000
-0.2173	0.2726	-1.0000
-0.2571	0.0618	-1.0000
-0.2653	0.2402	-2.0000
-0.2297	0.2530	0.0000
0.0331	-0.0367	0.0000
-0.2421	0.3536	0.0000
-0.3172	-0.0811	0.0000
-0.0919	0.0918	-1.0000
0.0161	-0.0208	-1.0000
-0.2970	0.3416	0.0000
-0.3196	0.3841	-1.0000
-0.1425	0.1694	-1.0000
-0.4751	0.2058	0.0000
-0.2144	-0.0620	0.0000
-0.1457	0.2038	0.0000
-0.1715	0.3187	-1.0000
-0.3997	0.1549	-1.0000
-0.3873	0.1795	0.0000
-0.4173	0.1920	-1.0000
-0.3539	-0.1086	-1.0000
-0.0807	-0.0195	-1.0000
-0.1856	0.2954	-1.0000
-0.3352	0.4103	-2.0000
-0.2272	0.2067	0.0000
-0.4903	0.1347	-1.0000
-0.2034	-0.0024	-1.0000
-0.1302	0.0713	-1.0000
-0.3028	0.3354	-2.0000
-0.3333	-0.0823	-1.0000
-0.2973	-0.1950	0.0000
-0.4153	-0.0362	0.0000
-0.5062	0.2292	0.0000
0.0238	-0.0729	0.0000
-0.3336	0.1083	-2.0000
-0.3422	-0.0769	-1.0000
-0.5479	0.2309	0.0000
-0.0916	0.0393	0.0000
-0.0518	0.0712	0.0000
-0.2126	-0.0497	-1.0000
-0.3561	0.1555	-3.0000
-0.0612	-0.0069	-1.0000
-0.5187	0.0918	0.0000
-0.4067	0.1522	-1.0000
-0.2354	0.3156	-3.0000
0.0745	-0.0921	-1.0000
-0.3517	0.4371	0.0000
-0.5747	0.2493	0.0000
-0.2684	0.1895	0.0000
-0.1633	-0.1265	0.0000
-0.4887	0.1538	-1.0000
-0.3259	0.0834	-1.0000
-0.2024	0.3360	-1.0000
-0.0389	-0.0471	0.0000
-0.4947	-0.0362	0.0000
-0.5028	0.2084	-1.0000
-0.2563	0.1040	0.0000
-0.2436	-0.1020	0.0000
-0.4561	0.0629	-1.0000
-0.2349	0.0187	0.0000
-0.2278	-0.0040	-1.0000
-0.2371	0.1238	-2.0000
-0.2870	-0.0813	-1.0000
-0.1449	-0.1229	0.0000
-0.3243	-0.0270	-2.0000
-0.2540	-0.0548	-1.0000
-0.2611	0.0322	0.0000
-0.3474	0.0308	0.0000
-0.0510	0.0401	0.0000
-0.4800	0.1461	-1.0000
-0.3188	0.2469	-1.0000
-0.2595	0.2714	-2.0000
-0.3910	0.0258	-1.0000
-0.3748	0.0369	-1.0000
-0.3231	-0.0584	0.0000
-0.0958	0.0541	0.0000
-0.4206	0.2008	-1.0000
-0.2678	0.0101	0.0000
-0.1749	0.2622	0.0000
-0.3410	0.2188	0.0000
-0.3590	0.2641	0.0000
-0.2168	0.3648	0.0000
-0.3151	-0.1294	-1.0000
-0.5688	0.2093	0.0000
-0.3617	-0.0686	-1.0000
-0.3700	0.2069	-1.0000
-0.2862	-0.0721	-1.0000
-0.0451	-0.0282	0.0000
-0.1925	0.6269	0.0000
-0.4810	0.2039	-1.0000
-0.2474	0.2394	-3.0000
-0.3190	0.0338	0.0000
-0.3120	0.3653	-2.0000
-0.4313	0.0661	-2.0000
-0.4868	0.0374	0.0000
-0.4609	0.1265	-1.0000
-0.3311	0.0633	-1.0000
-0.3700	0.1273	-1.0000
-0.3657	0.4461	0.0000
-0.3735	0.1817	-1.0000
-0.0428	0.0042	-1.0000
-0.2721	0.3127	-2.0000
-0.3798	0.2246	-1.0000
-0.4005	-0.0554	0.0000
-0.4291	0.0097	0.0000
-0.1912	0.3332	-1.0000
-0.0568	-0.0252	0.0000
-0.3595	0.2863	-3.0000
-0.4730	0.1991	-2.0000
-0.4190	0.0528	-2.0000
-0.4286	0.1003	0.0000
-0.3296	0.0207	0.0000
-0.3142	0.5617	0.0000
-0.1984	0.2078	-1.0000
-0.2835	0.0485	0.0000
-0.5330	0.2543	-2.0000
-0.5154	0.0878	-1.0000
-0.3197	0.0309	0.0000
-0.3186	-0.0073	0.0000
-0.3239	-0.0278	0.0000
-0.2070	0.0126	-1.0000
-0.3278	0.1634	-1.0000
-0.4315	0.1708	-2.0000
-0.0394	-0.0516	-1.0000
-0.4285	0.0828	-1.0000
-0.3127	0.3896	-1.0000
-0.3058	-0.0498	-1.0000
-0.3786	0.4234	0.0000
-0.2646	-0.0590	-1.0000
-0.2943	0.1309	-2.0000
-0.2343	0.2344	-1.0000
-0.1611	0.3081	-1.0000
-0.2286	-0.0891	0.0000
-0.3141	0.2018	0.0000
-0.3112	-0.0731	-1.0000
-0.2910	0.0546	-1.0000
-0.1046	0.0818	-1.0000
-0.0919	0.0516	-1.0000
-0.2222	-0.0012	0.0000
-0.2898	-0.1892	-1.0000
-0.2767	0.2546	-2.0000
-0.5264	0.1637	-1.0000
-0.4256	0.0463	-1.0000
-0.2131	-0.1362	-1.0000
-0.3132	0.0069	0.0000
-0.2513	-0.1281	0.0000
-0.3636	0.0051	-2.0000
0.0351	-0.1167	0.0000
-0.2513	0.0299	-1.0000
-0.4532	0.0197	-1.0000
-0.2705	-0.1015	0.0000
-0.5381	0.2723	0.0000
-0.3295	-0.0175	0.0000
-0.3194	0.0569	-1.0000
-0.4404	0.2167	0.0000
-0.3485	-0.0222	0.0000
-0.3635	0.3571	0.0000
-0.3153	-0.0567	-1.0000
-0.0740	0.0273	0.0000
-0.1853	0.3110	-1.0000
-0.4968	0.1792	-1.0000
-0.2313	0.3375	-1.0000
-0.4056	-0.0231	-1.0000
-0.3733	-0.0036	-1.0000
-0.4482	0.2128	0.0000
-0.1500	0.2615	0.0000
-0.3560	-0.0188	-2.0000
-0.4469	0.2808	0.0000
-0.0742	-0.0307	0.0000
-0.0633	0.0716	0.0000
-0.5463	0.1154	0.0000
-0.3605	0.3671	0.0000
-0.3401	0.1644	0.0000
-0.3312	0.4114	-1.0000
-0.3402	-0.0553	0.0000
-0.5595	0.2403	0.0000
-0.2994	0.0099	0.0000
-0.3657	-0.0023	0.0000
-0.5258	0.1742	0.0000
-0.3905	0.1290	-1.0000
-0.3012	-0.0312	-1.0000
-0.4771	0.1756	0.0000
-0.2564	0.3447	0.0000
-0.4285	-0.0182	0.0000
-0.3183	0.1215	-1.0000
-0.4443	0.1868	0.0000
-0.3653	0.3241	-2.0000
-0.3483	0.2082	-2.0000
-0.5139	0.0162	0.0000
-0.5632	0.2347	0.0000
-0.0003	-0.0060	-1.0000
-0.0923	-0.0226	0.0000
-0.0624	-0.0782	-1.0000
-0.3245	0.1387	-1.0000
-0.4527	0.2199	0.0000
-0.1617	-0.4398	0.0000
-0.3527	0.1607	-2.0000
-0.0573	-0.0113	0.0000
-0.4871	0.0619	0.0000
-0.3896	-0.0614	0.0000
-0.2479	0.1959	-3.0000
0.0090	-0.0123	-1.0000
-0.1781	0.1224	0.0000
-0.2371	0.3575	-1.0000
-0.5559	0.2377	-1.0000
-0.3097	-0.0304	-1.0000
-0.2182	-0.0567	-1.0000
-0.3025	-0.0081	-2.0000
-0.2625	0.2264	-2.0000
-0.4541	0.1918	0.0000
-0.4613	0.2100	-2.0000
-0.2637	0.0606	-2.0000
-0.2965	0.0328	-1.0000
-0.1874	0.2832	0.0000
-0.3357	-0.0372	0.0000
-0.2054	0.2541	-2.0000
-0.5146	0.1275	0.0000
-0.4424	0.1816	-2.0000
-0.3341	0.1933	-3.0000
-0.3890	0.2150	0.0000
-0.0925	-0.0043	-2.0000
-0.2375	0.3923	0.0000
-0.4015	0.1206	0.0000
-0.2458	0.3477	-3.0000
-0.4324	-0.0349	0.0000
-0.2608	-0.1034	0.0000
-0.1861	0.3231	-1.0000
-0.1882	0.2044	-2.0000
-0.4908	0.2598	0.0000
-0.3828	0.0502	0.0000
-0.1295	0.1497	0.0000
-0.3476	0.1577	-1.0000
-0.2426	0.1159	0.0000
-0.5426	0.2323	-1.0000
-0.3094	0.1268	0.0000
-0.2836	0.4062	-1.0000
0.0169	0.0295	0.0000
-0.0378	0.0800	0.0000
-0.3375	0.0100	-2.0000
-0.3635	-0.0863	-1.0000
-0.2017	0.2434	0.0000
-0.3819	-0.0335	-1.0000
-0.3148	0.0472	0.0000
-0.2411	0.2897	-2.0000
-0.1748	0.3271	0.0000
-0.4744	0.2296	-1.0000
-0.3454	-0.0310	0.0000
-0.4235	0.0677	0.0000
-0.3265	0.0896	-3.0000
-0.1756	-0.0804	0.0000
-0.1540	0.2015	0.0000
-0.3390	0.0241	0.0000
-0.3229	0.1397	-1.0000
-0.3141	0.2288	-2.0000
-0.3117	0.1280	-2.0000
-0.2462	-0.0283	-1.0000
-0.0411	0.1625	0.0000
-0.0510	-0.0686	-1.0000
-0.3966	0.0739	-1.0000
-0.4036	0.1467	0.0000
-0.4155	0.0646	0.0000
-0.3332	0.4394	0.0000
0.1296	-0.1032	0.0000
-0.3121	-0.0926	0.0000
-0.3689	0.2293	-2.0000
-0.2170	0.2909	0.0000
-0.4338	0.2330	0.0000
-0.3179	-0.1349	0.0000
0.0210	-0.0515	-1.0000
-0.0522	0.1328	0.0000
-0.5324	0.1790	0.0000
-0.4114	0.1970	-1.0000
-0.3786	0.0697	0.0000
-0.1722	-0.0407	-1.0000
-0.1096	0.0380	-2.0000
-0.3229	-0.0928	-1.0000
-0.4516	0.2222	0.0000
-0.5045	0.2121	0.0000
-0.2701	0.1102	-2.0000
-0.4822	0.1883	0.0000
-0.3163	0.1901	-1.0000
-0.3780	0.0187	-1.0000
-0.3079	0.0401	-2.0000
-0.1947	-0.0520	0.0000
-0.5152	0.1139	-1.0000
-0.0862	0.1426	0.0000
-0.3072	0.4329	0.0000
-0.1904	0.3375	-1.0000
-0.5076	0.1450	0.0000
-0.5531	0.1656	0.0000
-0.3928	0.1399	-2.0000
-0.1697	0.3429	0.0000
-0.3656	-0.0838	-2.0000
-0.3240	-0.0900	0.0000
-0.2418	0.1735	-2.0000
0.0310	-0.0270	-1.0000
-0.4057	0.0538	0.0000
-0.4110	0.0058	0.0000
-0.4103	-0.0190	0.0000
-0.1532	-0.0271	0.0000
-0.2041	-0.0254	-1.0000
-0.1967	0.0581	0.0000
-0.2159	-0.1428	0.0000
-0.3826	0.1566	-1.0000
-0.1623	0.2872	-1.0000
-0.1910	0.2937	-2.0000
-0.3327	0.1250	-1.0000
-0.1780	0.2605	0.0000
-0.3102	-0.0871	-1.0000
-0.4194	0.1934	-1.0000
-0.4076	0.2194	0.0000
-0.3642	-0.0436	-2.0000
-0.3980	-0.0432	0.0000
-0.2594	0.3498	0.0000
-0.0013	0.0482	-1.0000
-0.4148	0.0434	-1.0000
-0.4461	0.1859	-1.0000
-0.4312	0.1035	-2.0000
-0.2216	-0.0216	0.0000
-0.3086	0.3321	-1.0000
-0.4492	0.0962	-1.0000
-0.3283	0.0328	-2.0000
-0.1605	0.2419	0.0000
-0.5244	0.1051	-2.0000
-0.1971	0.3311	-1.0000
-0.1379	0.0637	0.0000
-0.3686	0.1227	-1.0000
-0.3120	-0.0561	-1.0000
-0.4111	0.1695	-1.0000
-0.3265	0.0324	-3.0000
-0.1901	0.3118	-2.0000
-0.2407	0.2048	0.0000
-0.2089	0.2215	-1.0000
-0.2828	-0.1996	0.0000
-0.3142	-0.0052	0.0000
-0.4330	0.1017	0.0000
-0.3085	-0.0501	-1.0000
-0.2375	0.2982	0.0000
-0.0254	0.0550	0.0000
-0.3378	-0.0057	0.0000
-0.4734	0.1450	-1.0000
-0.3278	0.3898	0.0000
-0.0473	-0.0544	-1.0000
-0.2131	0.2951	-1.0000
-0.3655	-0.0860	0.0000
-0.3415	0.0715	0.0000
-0.3372	0.0168	-1.0000
-0.3319	-0.0235	0.0000
-0.1344	0.0773	0.0000
-0.5258	0.2321	-1.0000
-0.3766	0.0363	-1.0000
-0.1667	0.3056	-2.0000
-0.1155	0.1247	-1.0000
-0.0197	-0.1713	0.0000
-0.3455	-0.0644	-1.0000
-0.3555	-0.0037	0.0000
-0.4110	0.0496	-1.0000
-0.3118	0.0504	-1.0000
-0.2793	-0.0180	-1.0000
-0.4082	0.0259	0.0000
-0.4451	0.2088	0.0000
-0.3585	0.4266	0.0000
-0.3626	0.0962	0.0000
-0.5366	0.2162	0.0000
-0.5045	0.2449	-1.0000
0.1135	-0.0387	0.0000
-0.2463	-0.0019	-1.0000
-0.5823	0.2378	0.0000
-0.2344	0.3342	0.0000
-0.2386	0.2943	-2.0000
-0.2777	0.0126	-2.0000
-0.2551	0.2172	0.0000
0.0331	-0.0076	0.0000
-0.1778	0.1383	-1.0000
-0.3483	-0.0418	-1.0000
-0.1885	0.2197	-2.0000
-0.0351	0.0270	0.0000
-0.3318	-0.0276	-1.0000
-0.3151	-0.0059	0.0000
-0.3864	0.0009	0.0000
-0.5479	0.2125	-1.0000
-0.2621	0.0517	-1.0000
-0.2916	0.1106	0.0000
-0.4048	0.0755	-1.0000
-0.2338	-0.0790	0.0000
-0.5325	0.2174	-1.0000
-0.1086	0.0344	0.0000
-0.4013	0.2216	0.0000
-0.2051	0.2704	-1.0000
-0.1155	0.3258	0.0000
-0.2820	0.3649	-1.0000
-0.3363	0.3321	0.0000
-0.3601	0.1716	-2.0000
-0.3500	0.0474	-1.0000
-0.3708	-0.0042	-1.0000
-0.1803	0.3227	-1.0000
-0.2037	0.3013	-1.0000
-0.2789	0.0514	0.0000
-0.1877	0.3479	0.0000
-0.4849	0.2315	0.0000
-0.2384	0.2649	-2.0000
-0.4539	0.0823	0.0000
-0.1168	-0.0408	0.0000
-0.2217	-0.0553	0.0000
-0.3517	0.0928	-1.0000
-0.3599	0.4464	0.0000
-0.3789	0.0191	-1.0000
-0.0597	0.0281	0.0000
-0.2136	0.2886	-2.0000
-0.4428	0.1382	0.0000
-0.3005	-0.0557	-1.0000
-0.2707	0.0571	-2.0000
-0.2898	0.1119	-1.0000
-0.3246	0.1264	-2.0000
-0.3086	0.0279	-1.0000
-0.2488	0.2517	-1.0000
-0.3513	0.0542	-1.0000
-0.1743	0.3702	0.0000
-0.3656	0.0305	-1.0000
-0.1906	0.2002	-2.0000
-0.2482	0.3287	0.0000
-0.3704	0.3827	-1.0000
-0.2942	0.0533	0.0000
-0.3955	0.2025	-1.0000
-0.2798	0.3573	-1.0000
-0.4527	0.2430	0.0000
-0.0513	-0.0187	-1.0000
-0.0396	0.0098	0.0000
-0.4861	0.0124	-1.0000
-0.1118	-0.1002	0.0000
-0.5637	0.1418	0.0000
-0.3787	0.2141	-1.0000
-0.3677	0.0080	-1.0000
-0.2960	0.0847	-1.0000
-0.2351	0.3018	0.0000
-0.2373	0.2799	0.0000
-0.4038	0.0219	0.0000
-0.4525	0.1708	-1.0000
-0.3907	0.0518	-1.0000
-0.3057	-0.0380	0.0000
-0.2041	-0.0047	-1.0000
-0.4491	0.1923	0.0000
-0.1512	-0.1028	0.0000
-0.1416	0.0589	0.0000
-0.4109	0.0607	-1.0000
-0.5111	0.2431	0.0000
-0.3924	0.2854	0.0000
-0.1924	0.2334	-1.0000
0.0302	0.0352	-1.0000
-0.4669	0.2083	-1.0000
-0.2911	-0.1173	-1.0000
-0.2115	-0.0239	-1.0000
-0.5342	0.1257	0.0000
-0.3571	0.0457	0.0000
-0.3321	0.3232	-2.0000
0.0089	-0.0341	0.0000
-0.4455	0.1041	0.0000
-0.4248	0.1676	0.0000
-0.3921	0.0595	0.0000
-0.3018	0.1680	-1.0000
-0.2783	0.0661	0.0000
-0.0116	-0.0118	0.0000
-0.1351	0.2200	-1.0000
-0.1904	-0.1320	0.0000
0.0035	-0.0369	-1.0000
-0.3285	-0.0430	-1.0000
-0.2461	0.3450	-2.0000
-0.1154	0.0220	-1.0000
-0.2870	0.0601	0.0000
-0.1580	0.1115	-1.0000
0.0615	-0.0570	0.0000
-0.3760	-0.0316	0.0000
-0.0694	0.2142	-1.0000
-0.2738	0.1087	0.0000
-0.0082	-0.1070	0.0000
-0.3400	-0.0078	-1.0000
-0.0990	0.0942	0.0000
-0.3604	0.1799	0.0000
-0.4363	0.0976	0.0000
-0.3665	-0.0437	-2.0000
-0.0207	-0.0136	-1.0000
-0.2305	0.2639	-3.0000
-0.2420	-0.0944	0.0000
-0.3271	0.2447	-2.0000
-0.3691	-0.0367	-2.0000
-0.2742	0.3141	0.0000
0.0069	-0.0006	0.0000
-0.0217	-0.0865	-1.0000
-0.2783	0.2916	-3.0000
-0.2042	-0.0489	0.0000
-0.2269	-0.0235	0.0000
-0.2360	-0.0332	-1.0000
-0.3188	-0.0613	-1.0000
-0.4452	-0.5186	0.0000
-0.1888	-0.1061	0.0000
-0.2397	0.1934	-1.0000
-0.0364	0.0114	0.0000
-0.3269	0.1614	-1.0000
-0.3664	0.4067	0.0000
-0.0412	0.0730	0.0000
-0.4659	0.2117	-1.0000
-0.2816	0.0933	-1.0000
-0.1206	0.1642	-1.0000
-0.4527	0.1197	0.0000
-0.3531	-0.0142	-2.0000
-0.3803	0.0117	-1.0000
0.0845	-0.0494	0.0000
-0.2261	-0.0385	0.0000
-0.5362	0.2575	0.0000
-0.5416	0.1823	0.0000
-0.3972	0.0739	-1.0000
-0.3488	0.3313	-2.0000
-0.3471	-0.0783	-1.0000
-0.1635	0.2181	-1.0000
-0.2590	-0.0752	0.0000
-0.2669	0.2751	0.0000
-0.1241	0.3111	-1.0000
0.0509	-0.0377	-1.0000
0.1473	0.1164	0.0000
-0.2469	0.3406	-1.0000
-0.2624	0.3391	-1.0000
-0.3264	-0.0034	-1.0000
-0.0859	-0.0125	-1.0000
-0.1975	0.3342	-1.0000
-0.4890	0.1732	-1.0000
-0.4521	0.2075	-1.0000
-0.5113	0.0919	-1.0000
-0.3641	0.4666	0.0000
-0.2254	0.2477	-1.0000
-0.2360	0.3283	-2.0000
-0.4750	0.0936	0.0000
-0.2308	0.3692	-1.0000
-0.2566	0.1846	0.0000
-0.2446	0.1007	-1.0000
-0.2137	0.2363	0.0000
-0.4063	0.1075	-1.0000
-0.1842	0.2211	0.0000
-0.3108	0.0909	0.0000
-0.0291	0.0101	-1.0000
-0.5521	0.1628	0.0000
-0.2671	0.3193	-1.0000
-0.0519	-0.0390	-2.0000
-0.3438	0.0310	-1.0000
-0.5471	0.1510	0.0000
0.0124	-0.0076	0.0000
-0.3267	0.0659	-1.0000
0.0587	-0.0479	0.0000
-0.3165	0.0393	0.0000
-0.3707	0.0129	0.0000
-0.5901	0.2718	0.0000
-0.1564	0.4502	0.0000
-0.2798	0.0839	-1.0000
-0.1626	-0.0063	0.0000
-0.1554	0.2388	0.0000
-0.3419	0.4349	-1.0000
-0.3345	0.4090	-1.0000
-0.6015	0.2735	0.0000
-0.1219	0.2094	0.0000
-0.4337	0.3476	-1.0000
-0.3594	0.1692	0.0000
-0.3903	0.2137	0.0000
-0.4627	0.2202	-2.0000
-0.2878	0.3221	-1.0000
-0.0382	-0.0479	-1.0000
-0.1458	0.2946	0.0000
-0.3111	0.3725	-2.0000
-0.1585	0.1945	-1.0000
-0.3903	0.0042	-1.0000
-0.2910	0.1140	-1.0000
-0.4128	0.0670	-1.0000
-0.3096	0.0997	0.0000
-0.2269	0.3168	-2.0000
-0.1963	-0.1040	0.0000
-0.1815	0.2708	-1.0000
-0.4460	0.1248	-1.0000
-0.4602	0.1493	-1.0000
-0.3996	-0.0163	-2.0000
-0.2668	0.3194	-2.0000
-0.2673	-0.0202	-1.0000
-0.0694	0.0496	0.0000
-0.2005	0.3062	-2.0000
-0.2956	-0.0146	-2.0000
-0.3995	0.2168	0.0000
-0.2769	0.1592	-2.0000
-0.1872	0.3395	-1.0000
-0.2570	0.3445	-2.0000
-0.2179	-0.0038	-1.0000
-0.1590	0.3096	-1.0000
-0.2994	0.3356	0.0000
-0.3587	-0.0447	-2.0000
-0.3679	-0.0380	-1.0000
-0.3291	0.2613	0.0000
-0.4474	0.1961	0.0000
-0.4587	0.2112	-1.0000
-0.3767	-0.0489	-1.0000
0.0350	0.1900	0.0000
-0.4890	0.2554	0.0000
0.1079	-0.0663	0.0000
-0.3014	0.2194	-2.0000
-0.1609	0.1389	-1.0000
-0.4793	0.0913	-2.0000
-0.2674	0.2824	0.0000
-0.0188	0.0348	-1.0000
-0.1804	0.2385	-1.0000
-0.1098	0.1347	0.0000
-0.1382	0.2076	0.0000
-0.2460	0.2367	-2.0000
-0.4765	0.1128	-1.0000
-0.3328	0.1242	-1.0000
-0.0470	0.1170	-1.0000
-0.3155	0.0160	-1.0000
-0.1872	0.2790	-1.0000
-0.1104	0.1549	0.0000
-0.3220	-0.0052	-1.0000
0.0289	-0.1021	0.0000
-0.0707	0.1010	-1.0000
-0.3450	0.1634	-2.0000
-0.5446	0.1900	0.0000
0.1221	-0.0911	0.0000
-0.2813	0.1914	0.0000
-0.0484	-0.0504	-1.0000
-0.2638	0.1574	0.0000
-0.3672	0.0950	-1.0000
-0.1718	0.3298	-1.0000
-0.3698	-0.0070	-2.0000
-0.0980	0.0224	-2.0000
-0.0265	-0.0272	0.0000
-0.2628	-0.0704	0.0000
-0.3192	-0.0096	-1.0000
-0.2987	0.3693	-1.0000
-0.4031	0.1617	-1.0000
0.0280	-0.0508	0.0000
-0.1325	0.1899	0.0000
-0.2844	0.3678	0.0000
-0.1709	0.0833	0.0000
-0.1295	0.3130	-1.0000
-0.2426	0.0164	-2.0000
-0.3831	0.1520	0.0000
-0.2856	0.0198	0.0000
-0.3968	0.1783	0.0000
-0.3275	0.0718	-1.0000
-0.4677	0.2089	-1.0000
-0.4753	0.0408	0.0000
-0.3388	-0.0117	-1.0000
-0.3256	0.0589	-2.0000
-0.3922	0.0888	0.0000
-0.5540	0.1559	-1.0000
-0.0897	0.1959	-1.0000
-0.0624	0.0659	-2.0000
-0.4464	0.1247	-1.0000
-0.5530	0.1787	0.0000
-0.2285	0.0345	0.0000
-0.4144	0.3951	-1.0000
-0.4655	0.1381	-2.0000
-0.4037	0.1698	0.0000
-0.3033	0.3766	-1.0000
-0.2167	0.3143	-2.0000
-0.2805	-0.0395	-1.0000
-0.1231	0.0845	-1.0000
-0.2857	0.3443	0.0000
-0.2031	-0.0536	0.0000
-0.2955	0.3828	-1.0000
-0.2366	0.3557	-1.0000
-0.3198	0.0173	-1.0000
-0.3957	0.2352	0.0000
-0.0108	0.4038	0.0000
-0.2499	-0.0055	0.0000
-0.2404	-0.0249	0.0000
-0.2378	0.3159	0.0000
-0.3191	0.3545	-1.0000
-0.4460	0.0830	-1.0000
-0.3615	0.0479	0.0000
-0.2875	0.4250	0.0000
-0.4982	0.2398	-1.0000
-0.1927	0.2965	-2.0000
-0.1429	0.1987	0.0000
-0.3850	0.0598	-1.0000
-0.1896	-0.1679	0.0000
0.0005	0.1214	0.0000
-0.0905	-0.0437	0.0000
-0.2456	0.1303	-2.0000
-0.3020	-0.0936	0.0000
-0.4457	0.1907	-1.0000
-0.3519	0.2303	-3.0000
-0.1454	0.0781	0.0000
-0.1806	0.3018	0.0000
-0.3529	-0.0260	0.0000
-0.4152	0.0472	-1.0000
-0.2644	-0.0234	0.0000
-0.3222	0.4047	-1.0000
-0.2474	0.1923	0.0000
-0.3545	0.0715	-2.0000
0.0833	-0.0320	0.0000
-0.5142	0.0901	-1.0000
-0.0819	-0.0669	0.0000
-0.4814	0.1108	0.0000
-0.3012	-0.0138	-2.0000
-0.1251	0.1755	0.0000
-0.4121	0.0430	-1.0000
-0.2758	0.0022	-2.0000
-0.2467	0.1448	0.0000
-0.2332	0.3924	-1.0000
-0.3942	0.3762	-1.0000
-0.0279	0.0123	0.0000
-0.3448	0.2115	0.0000
-0.4338	0.1771	0.0000
-0.3796	0.1246	-2.0000
-0.2670	0.3281	-2.0000
-0.3372	-0.1591	0.0000
-0.5140	0.1749	0.0000
-0.3565	0.3615	-1.0000
-0.5034	0.1644	-1.0000
-0.0982	0.1879	0.0000
-0.1148	0.0855	-1.0000
-0.5490	0.1412	-1.0000
-0.3475	-0.0496	-1.0000
-0.2231	0.0556	-1.0000
-0.3953	0.1275	-1.0000
-0.1719	0.2271	0.0000
-0.5420	0.2113	-1.0000
-0.2174	-0.0880	-1.0000
-0.2402	0.2044	0.0000
-0.0502	0.0287	0.0000
-0.3051	0.2919	-2.0000
-0.3675	0.2148	-1.0000
-0.0990	0.1180	0.0000
-0.2253	-0.0005	0.0000
-0.2695	0.2394	-1.0000
-0.3667	0.0742	-1.0000
-0.0477	0.0603	-1.0000
-0.2682	-0.1721	0.0000
-0.2459	0.2932	0.0000
-0.4332	0.0825	-1.0000
-0.2157	0.3678	0.0000
-0.3351	0.2881	-1.0000
-0.1903	0.2312	-1.0000
0.1060	-0.0501	0.0000
-0.3834	0.1502	0.0000
-0.1226	0.0649	-2.0000
-0.2249	-0.0357	-1.0000
-0.3686	0.2037	0.0000
-0.2434	-0.0048	0.0000
-0.2938	0.1066	0.0000
-0.1493	0.3067	0.0000
-0.4019	0.0328	-1.0000
-0.5291	0.2162	0.0000
-0.4859	0.0890	0.0000
-0.3331	0.2741	0.0000
-0.5407	0.2336	-1.0000
-0.3919	0.1604	-1.0000
-0.2492	-0.0478	0.0000
-0.3311	-0.0801	0.0000
-0.3083	0.1892	0.0000
-0.4281	0.1891	-1.0000
-0.2094	0.2437	0.0000
-0.5279	0.2293	0.0000
-0.4824	0.0552	-1.0000
-0.4482	0.0734	0.0000
-0.2837	0.3957	-1.0000
-0.3685	0.1605	-1.0000
-0.4009	0.2413	-1.0000
-0.1672	-0.0947	-1.0000
-0.2260	-0.0278	-1.0000
-0.1920	0.3315	-2.0000
-0.5230	0.1776	-1.0000
-0.2243	0.1481	-1.0000
-0.2455	0.3925	0.0000
-0.2071	0.1338	-2.0000
-0.3835	0.4669	0.0000
-0.3594	-0.0414	0.0000
-0.2824	0.1657	0.0000
-0.3861	0.0779	-1.0000
-0.2833	0.1142	-2.0000
-0.3073	0.1231	-1.0000
0.0796	-0.0482	0.0000
-0.2881	0.1098	-3.0000
-0.1881	0.3362	-1.0000
-0.3128	-0.0469	-1.0000
-0.5056	0.2266	0.0000
-0.3811	-0.0510	-1.0000
-0.2771	0.2412	-1.0000
-0.1996	0.2956	-1.0000
-0.5699	0.1913	-1.0000
0.0017	0.0689	0.0000
-0.4355	0.1526	0.0000
0.0048	0.0131	0.0000
-0.3380	0.0773	-1.0000
-0.2913	-0.0580	-1.0000
-0.3719	0.2194	0.0000
-0.1126	-0.0284	0.0000
-0.3973	0.0218	0.0000
-0.4879	0.2453	0.0000
-0.3252	-0.1265	0.0000
-0.3996	-0.0139	-2.0000
-0.2595	0.1338	0.0000
-0.4547	0.0962	0.0000
-0.3685	-0.0730	-1.0000
-0.3991	0.1171	0.0000
-0.4130	0.1172	0.0000
-0.2809	-0.0576	0.0000
-0.4920	0.2611	0.0000
-0.5623	0.2711	0.0000
-0.2014	0.2034	-1.0000
-0.4564	0.0812	0.0000
-0.5739	0.2777	0.0000
-0.3381	0.1176	-1.0000
-0.3529	0.0886	0.0000
-0.2078	0.3242	-2.0000
-0.2989	0.0426	-1.0000
-0.1526	0.0836	-2.0000
0.0035	-0.0241	0.0000
-0.5523	0.2426	-1.0000
-0.3250	-0.0598	-1.0000
-0.3293	-0.0778	-1.0000
-0.4622	0.2617	0.0000
-0.2525	0.3903	0.0000
-0.0289	0.0217	0.0000
-0.3035	0.3854	-1.0000
-0.2098	0.0623	0.0000
-0.3393	-0.0835	-1.0000
-0.3764	0.1282	-2.0000
-0.3459	0.0466	-1.0000
-0.3612	0.3800	-1.0000
-0.2417	-0.0987	0.0000
-0.3541	0.0479	-1.0000
-0.2390	0.3413	0.0000
-0.5099	0.2535	0.0000
-0.3861	0.1089	0.0000
-0.5892	0.2826	0.0000
-0.2240	0.0108	0.0000
-0.0378	0.1183	0.0000
-0.1557	0.2610	-1.0000
-0.1984	0.3240	-1.0000
-0.3478	0.0625	0.0000
-0.3128	0.3979	-1.0000
-0.5125	0.2522	0.0000
-0.3190	0.0001	-1.0000
-0.4622	0.1500	0.0000
-0.1977	0.2835	-1.0000
-0.0098	0.0288	0.0000
-0.2565	0.3792	0.0000
-0.1215	0.3070	0.0000
-0.1783	0.2292	0.0000
-0.3829	0.1045	0.0000
-0.1336	0.0920	0.0000
-0.4309	-0.0386	0.0000
-0.3035	0.3792	-2.0000
-0.1719	-0.0601	0.0000
-0.2972	0.4287	0.0000
-0.3400	0.3543	0.0000
-0.5549	0.1934	-1.0000
-0.3862	-0.0976	0.0000
-0.2519	0.3089	0.0000
-0.2434	-0.0418	0.0000
-0.1949	0.1794	-2.0000
-0.2217	0.0213	0.0000
-0.0788	0.0258	-2.0000
-0.4704	0.1845	-1.0000
-0.3089	-0.1170	-1.0000
-0.1265	0.0676	-1.0000
-0.2838	-0.0242	0.0000
-0.2742	0.0348	-1.0000
-0.3831	0.4358	0.0000
-0.4421	0.0078	0.0000
-0.3274	0.0391	0.0000
-0.4543	0.2167	-1.0000
-0.1809	0.1922	-1.0000
-0.1934	0.2774	0.0000
-0.3881	-0.0621	0.0000
-0.3712	-0.1192	0.0000
-0.2308	0.3380	-1.0000
-0.0895	0.1170	-2.0000
-0.3554	0.3561	0.0000
-0.3918	0.1778	0.0000
-0.2148	-0.0172	-1.0000
-0.3576	0.0139	-1.0000
-0.2198	0.3475	0.0000
-0.2608	0.3743	0.0000
-0.3893	-0.0607	0.0000
-0.3595	-0.1126	-1.0000
-0.4887	0.1368	0.0000
-0.3825	0.1783	-1.0000
-0.3310	0.0544	0.0000
-0.3413	0.4197	-1.0000
-0.3394	-0.0643	0.0000
-0.4419	-0.0055	0.0000
-0.2998	0.2729	0.0000
-0.5396	0.1803	0.0000
-0.4360	0.1785	0.0000
-0.5063	0.1262	-2.0000
-0.2884	-0.0558	0.0000
-0.3333	0.2322	-1.0000
-0.5624	0.1955	0.0000
-0.2933	0.3395	-1.0000
-0.1706	0.2801	-1.0000
-0.3590	-0.0739	-1.0000
-0.4185	0.0411	-2.0000
-0.3977	0.2742	-2.0000
-0.3146	0.4131	-1.0000
-0.3715	0.4207	0.0000
-0.5003	0.0400	0.0000
-0.2276	0.3546	-1.0000
-0.5300	0.1531	-1.0000
-0.3011	0.0017	-2.0000
-0.0386	0.0155	-1.0000
-0.0808	0.0543	-1.0000
-0.2842	0.1779	-2.0000
-0.1778	0.1043	-1.0000
-0.2429	0.0093	-1.0000
-0.3690	0.0142	-1.0000
-0.1809	0.2974	0.0000
-0.3549	0.3909	0.0000
-0.3568	-0.0313	-1.0000
-0.1241	0.1565	-2.0000
-0.1945	0.2332	0.0000
-0.3015	0.1060	-1.0000
-0.1717	0.3450	0.0000
-0.1408	0.1192	0.0000
-0.2767	0.2761	0.0000
-0.1355	0.0743	0.0000
-0.3186	-0.0682	-1.0000
-0.1490	0.1961	0.0000
-0.2926	0.2349	-3.0000
-0.2779	0.0346	0.0000
-0.2715	0.3520	-2.0000
-0.4174	0.0929	0.0000
-0.3924	0.0296	-1.0000
-0.3603	-0.0127	0.0000
-0.2321	0.2090	-1.0000
-0.5553	0.1894	0.0000
0.0150	-0.0528	-1.0000
-0.4956	0.1239	0.0000
-0.2597	-0.0174	0.0000
-0.4061	-0.0439	-1.0000
0.0372	0.0506	0.0000
-0.4139	-0.0490	-1.0000
-0.0643	0.2121	0.0000
-0.1807	0.3226	-1.0000
-0.1726	0.3448	-1.0000
-0.0765	-0.0493	-1.0000
-0.3567	0.2548	-1.0000
-0.4984	0.1015	-1.0000
-0.2772	0.1007	-1.0000
-0.2008	0.3046	-2.0000
-0.3955	-0.0264	0.0000
-0.0306	-0.0789	-1.0000
-0.3115	0.3310	-2.0000
-0.3505	0.1635	-2.0000
-0.1735	-0.1272	0.0000
-0.2983	-0.0390	-2.0000
-0.1228	0.0566	0.0000
-0.4287	0.0213	0.0000
-0.2467	0.2306	-1.0000
-0.3522	0.1036	-2.0000
-0.2825	0.1215	-2.0000
-0.4593	0.1721	-1.0000
-0.3799	0.0712	-1.0000
-0.0676	0.0313	0.0000
-0.5051	0.2305	-2.0000
-0.1134	0.1286	0.0000
-0.2978	0.1315	0.0000
-0.2227	0.1446	-2.0000
-0.4246	0.0826	-2.0000
-0.3982	-0.0419	0.0000
-0.2437	0.3477	0.0000
-0.3775	0.0700	0.0000
-0.4998	0.0607	0.0000
-0.2802	-0.0115	-1.0000
-0.4187	0.1246	0.0000
-0.2384	0.2067	-1.0000
-0.2624	-0.0117	-1.0000
-0.0070	-0.0379	0.0000
-0.5076	0.0587	-1.0000
-0.3709	-0.0173	-1.0000
-0.3598	0.4458	0.0000
-0.3181	0.4031	-2.0000
-0.4480	0.2648	0.0000
-0.4511	0.1838	0.0000
-0.3599	0.4357	0.0000
0.0533	0.0729	0.0000
-0.0118	0.0119	-1.0000
-0.3753	-0.0341	-1.0000
-0.3530	0.1931	0.0000
-0.1837	0.2654	0.0000
0.0250	-0.0167	0.0000
-0.3100	-0.0614	0.0000
-0.2020	0.2835	-2.0000
-0.2085	0.3081	-2.0000
-0.2267	0.2892	0.0000
-0.0235	0.0162	0.0000
-0.2322	0.2144	-1.0000
-0.2940	0.3299	0.0000
-0.2643	-0.1021	0.0000
-0.4485	0.2308	0.0000
-0.2163	0.1269	0.0000
-0.2798	0.1676	-1.0000
-0.3954	0.1524	-2.0000
-0.3578	-0.0687	-1.0000
-0.4790	0.0048	-1.0000
-0.1159	-0.2127	0.0000
-0.4765	0.0125	0.0000
-0.3952	0.1266	0.0000
-0.3368	0.0234	-1.0000
-0.4545	0.0690	-1.0000
-0.2848	-0.0138	-1.0000
-0.3579	-0.0419	0.0000
-0.3478	0.1910	0.0000
-0.4409	-0.0052	0.0000
-0.2494	0.0263	0.0000
-0.1361	0.3018	0.0000
-0.4517	0.1482	-1.0000
-0.2162	0.0894	-1.0000
-0.0501	0.0182	0.0000
-0.3370	0.1778	-1.0000
-0.1925	0.3020	-1.0000
-0.2978	0.3726	-1.0000
-0.4512	0.2075	0.0000
-0.3945	0.2051	0.0000
-0.2731	-0.0645	-1.0000
-0.1285	0.2132	-1.0000
-0.2083	0.1201	-2.0000
-0.2434	0.1057	-2.0000
-0.4575	0.0068	0.0000
-0.1988	0.2890	-2.0000
-0.2474	0.2421	-3.0000
-0.4362	0.2320	0.0000
-0.3663	-0.0541	0.0000
-0.2579	0.1585	-1.0000
-0.1429	0.0458	-1.0000
-0.1255	0.2566	0.0000
-0.1339	-0.1142	0.0000
-0.2064	0.0660	0.0000
-0.3547	-0.0060	0.0000
-0.1371	0.0098	-1.0000
-0.3698	-0.0364	0.0000
-0.4876	0.1660	0.0000
-0.3914	0.0833	-2.0000
-0.0360	0.0589	0.0000
0.0358	-0.0266	0.0000
-0.3842	-0.0444	0.0000
-0.2362	0.2435	-1.0000
-0.0212	-0.1152	0.0000
-0.3776	0.0367	-1.0000
-0.2973	0.3892	0.0000
-0.3234	-0.0053	-1.0000
-0.0001	0.0217	0.0000
-0.0083	0.1046	0.0000
-0.3435	0.3854	0.0000
-0.1646	0.3004	0.0000
-0.4398	0.2378	0.0000
-0.2009	0.2563	-1.0000
-0.2348	-0.0625	0.0000
-0.2423	0.3214	-1.0000
-0.2611	-0.0533	-1.0000
-0.1922	0.2352	-1.0000
-0.3761	0.1387	-2.0000
-0.5211	0.1463	0.0000
-0.1806	0.2671	-1.0000
0.0038	0.0069	0.0000
-0.3104	0.3614	0.0000
-0.1839	0.3243	0.0000
-0.4047	0.0301	0.0000
-0.2579	0.3205	-2.0000
-0.3603	-0.1211	0.0000
-0.0646	0.0730	-1.0000
-0.2213	0.0506	0.0000
-0.3107	0.0101	-1.0000
-0.1413	0.1895	-1.0000
-0.5691	0.2554	0.0000
-0.3806	0.1099	-2.0000
-0.3280	-0.0145	0.0000
-0.1700	0.2607	0.0000
-0.4885	0.2503	-1.0000
0.0575	-0.0492	0.0000
-0.4309	0.1315	-2.0000
-0.3959	0.0566	-1.0000
-0.3476	0.0050	0.0000
-0.3170	0.1660	-1.0000
-0.3716	-0.0963	0.0000
-0.4563	0.0514	-1.0000
-0.1730	0.2974	-1.0000
-0.3589	0.4506	0.0000
-0.3073	0.3618	-2.0000
-0.2513	0.0685	0.0000
-0.1610	0.3251	-1.0000
-0.2645	0.3675	0.0000
-0.1847	-0.0536	-1.0000
-0.2920	-0.2178	0.0000
-0.3566	0.1675	-2.0000
-0.1613	0.1175	-2.0000
-0.5708	0.2667	0.0000
-0.3204	-0.0056	-1.0000
-0.5235	0.2215	0.0000
-0.2266	0.3345	0.0000
-0.1287	0.1568	0.0000
-0.2075	0.2737	-1.0000
-0.2488	0.1003	-2.0000
-0.3199	0.4335	0.0000
-0.3136	0.0336	0.0000
-0.0762	-0.0234	0.0000
-0.1611	0.3404	-1.0000
-0.4606	0.1911	-2.0000
-0.3788	0.0047	0.0000
-0.2419	0.0846	-1.0000
-0.3069	0.3151	-1.0000
-0.4997	0.2290	0.0000
-0.2614	0.3611	-2.0000
-0.3424	0.0024	-2.0000
-0.1906	0.1297	0.0000
-0.3866	-0.0372	0.0000
-0.4006	0.1482	0.0000
-0.2583	0.1634	-2.0000
-0.5646	0.2433	0.0000
-0.3841	0.1071	-2.0000
-0.2457	0.2070	-2.0000
-0.4482	0.1348	0.0000
-0.2882	0.3270	-1.0000
-0.2726	0.0502	0.0000
-0.1033	0.0497	-1.0000
-0.2422	-0.0440	0.0000
-0.2887	0.0089	-2.0000
-0.2043	0.3051	-1.0000
-0.3499	0.3307	0.0000
-0.5295	0.1666	0.0000
-0.2859	0.0299	0.0000
-0.3443	0.1833	-1.0000
-0.4918	0.2038	0.0000
-0.2879	0.3536	-1.0000
-0.3777	0.1861	-2.0000
-0.3253	0.3949	0.0000
-0.3846	0.0266	-1.0000
-0.3531	-0.0181	-2.0000
-0.2664	0.1245	-3.0000
-0.2783	0.0795	-1.0000
-0.1671	0.0483	-1.0000
-0.3605	-0.0754	-1.0000
-0.4170	0.0238	0.0000
-0.5654	0.2362	-1.0000
-0.2930	0.3269	-2.0000
-0.4666	0.1991	0.0000
-0.3699	0.3008	-1.0000
-0.2789	0.0374	0.0000
-0.3351	-0.0031	-2.0000
-0.2165	-0.1487	0.0000
-0.1828	0.2800	-1.0000
-0.2371	0.2713	-1.0000
-0.1166	0.1013	0.0000
-0.3043	-0.0623	0.0000
-0.2098	0.3000	-2.0000
-0.1808	0.3375	0.0000
-0.1533	0.3016	0.0000
-0.2068	0.2952	-2.0000
-0.2287	0.1658	-2.0000
-0.3150	0.4226	-1.0000
-0.4848	0.2407	0.0000
-0.2456	0.3000	-3.0000
-0.2831	0.0025	-1.0000
-0.1746	0.2947	-1.0000
-0.3144	-0.1888	0.0000
-0.1342	0.2790	0.0000
-0.2288	0.2349	0.0000
-0.4136	-0.0244	0.0000
-0.2355	0.3338	-1.0000
-0.3929	0.0184	0.0000
-0.3758	-0.0015	-1.0000
-0.4722	0.0946	-1.0000
-0.4577	0.0288	-1.0000
-0.1082	0.1479	-1.0000
-0.2587	0.3468	0.0000
-0.2841	0.3290	-1.0000
-0.4276	0.0955	-1.0000
-0.3117	0.1523	-2.0000
-0.3632	-0.0521	-1.0000
-0.2183	0.2865	-1.0000
-0.1448	0.3321	-1.0000
-0.3456	0.3708	-1.0000
-0.1865	0.3292	-2.0000
-0.4233	0.1609	0.0000
-0.4344	0.2508	0.0000
-0.3764	0.0571	-1.0000
-0.3313	-0.0482	-1.0000
-0.3096	-0.0962	0.0000
-0.2867	-0.0023	-1.0000
-0.3421	0.0323	-1.0000
-0.3131	-0.0207	0.0000
-0.3879	0.0115	-1.0000
-0.2619	0.0579	0.0000
-0.2066	-0.1374	0.0000
-0.2082	0.2317	-3.0000
-0.3474	-0.0268	0.0000
-0.3623	0.0348	0.0000
-0.2681	0.0548	-2.0000
-0.1665	0.3267	-1.0000
-0.3662	0.2684	-2.0000
-0.3417	0.2780	0.0000
-0.2123	0.2907	-1.0000
-0.1859	0.3104	-2.0000
-0.2099	0.3011	-1.0000
-0.3869	0.1175	-1.0000
-0.0460	0.1077	0.0000
-0.4631	0.1546	-2.0000
-0.2520	0.3305	-1.0000
-0.0950	0.0917	-2.0000
-0.1080	0.1366	0.0000
-0.2207	-0.0994	0.0000
-0.1133	0.0972	0.0000
-0.1914	0.2243	-2.0000
-0.3985	0.0824	-2.0000
-0.3465	0.0444	-2.0000
-0.3380	0.0064	-1.0000
-0.2292	0.2224	0.0000
-0.3982	-0.0161	0.0000
-0.1474	0.1203	-1.0000
-0.1892	0.1999	-2.0000
-0.0364	0.3968	0.0000
-0.4209	-0.0031	0.0000
-0.2869	0.1235	-1.0000
-0.2107	-0.0179	-1.0000
-0.3168	0.2015	0.0000
-0.5155	0.1941	0.0000
-0.1634	0.3145	0.0000
-0.3387	0.3253	0.0000
-0.3093	-0.1409	0.0000
-0.3272	0.0653	-1.0000
-0.1745	0.0916	-1.0000
-0.4947	0.2511	-1.0000
-0.2497	0.0884	-1.0000
-0.4975	0.1296	0.0000
-0.1011	0.0952	0.0000
-0.4807	0.0302	-1.0000
-0.4722	0.0024	-1.0000
-0.4811	0.0191	0.0000
-0.4186	0.0405	-2.0000
-0.3683	0.0355	-2.0000
-0.1843	0.0868	0.0000
-0.1493	-0.0890	0.0000
-0.4802	0.1869	0.0000
-0.1974	0.3322	-1.0000
-0.4055	-0.0973	-1.0000
-0.5398	0.1256	-1.0000
-0.2922	-0.1865	-1.0000
-0.2841	0.1011	0.0000
-0.5190	0.2126	0.0000
-0.2489	0.2147	-1.0000
0.0297	-0.0575	-1.0000
-0.3495	0.0937	-2.0000
-0.3394	0.1920	-2.0000
-0.2248	-0.1076	-1.0000
-0.2998	-0.0284	-2.0000
-0.3196	0.0236	-2.0000
-0.2284	0.3394	0.0000
-0.2713	-0.0364	0.0000
-0.2565	0.0390	0.0000
-0.2750	0.3663	0.0000
-0.2347	0.2156	0.0000
-0.3920	0.0302	-1.0000
-0.3497	0.1656	-2.0000
0.0146	0.0424	0.0000
-0.4457	0.1131	0.0000
-0.3701	0.4495	-1.0000
-0.2177	0.3013	-1.0000
-0.3492	0.0749	-1.0000
-0.2926	0.2781	-2.0000
-0.2455	-0.0394	0.0000
-0.2169	0.2288	0.0000
-0.2799	0.0065	-1.0000
-0.3283	-0.0037	-2.0000
-0.3626	0.2838	-2.0000
-0.2898	-0.0307	-2.0000
-0.3254	-0.0144	0.0000
0.0365	0.2505	0.0000
-0.3616	0.3343	0.0000
-0.4748	0.1852	0.0000
-0.0111	-0.0222	0.0000
-0.2396	0.3204	0.0000
-0.1654	-0.1109	0.0000
-0.5120	0.1658	-1.0000
-0.3879	0.1574	0.0000
-0.4663	0.1262	-1.0000
-0.2997	0.2481	-2.0000
-0.1531	0.1604	-2.0000
-0.3682	0.0378	-1.0000
-0.2887	-0.0194	-2.0000
-0.3889	-0.0049	-1.0000
-0.0868	-0.1262	0.0000
-0.2255	0.2815	-1.0000
-0.3452	0.4533	0.0000
-0.2423	0.1879	-1.0000
-0.1014	0.2939	0.0000
-0.0762	0.0259	0.0000
-0.3384	0.0310	0.0000
-0.3518	0.0867	0.0000
0.0234	-0.2113	0.0000
-0.3138	0.3296	-2.0000
-0.2841	0.3328	-1.0000
-0.1528	0.2616	-1.0000
-0.5452	0.1794	-1.0000
-0.3424	0.1088	-1.0000
-0.2477	0.3544	-1.0000
-0.1427	0.1246	-1.0000
-0.2856	0.1433	0.0000
-0.3523	0.2145	0.0000
-0.3849	0.1235	-2.0000
-0.3223	0.0931	0.0000
-0.1475	0.3502	0.0000
-0.3670	0.2166	0.0000
-0.2444	0.0054	-1.0000
-0.4021	0.0631	-1.0000
-0.2584	-0.0294	0.0000
-0.2412	0.2785	0.0000
-0.2363	0.2826	0.0000
-0.4341	0.0964	-1.0000
-0.3921	0.1516	0.0000
-0.3483	0.4349	0.0000
-0.5386	0.1788	0.0000
-0.0992	-0.1875	0.0000
-0.2738	-0.0512	0.0000
-0.2614	0.2412	-1.0000
-0.2278	0.0181	0.0000
-0.3322	0.0351	0.0000
-0.2732	0.3155	-2.0000
-0.3523	0.3568	-1.0000
-0.1151	0.2334	0.0000
-0.3039	0.1924	-2.0000
-0.0638	-0.1580	0.0000
-0.3134	0.2865	-1.0000
-0.3847	0.0010	0.0000
-0.4837	0.0958	-1.0000
-0.3098	0.3387	0.0000
-0.3450	0.1763	-2.0000
-0.4814	0.1684	0.0000
-0.3297	0.1510	-1.0000
-0.3649	0.1044	0.0000
-0.2971	0.3659	-3.0000
-0.3397	0.0436	-2.0000
-0.4548	0.1572	-2.0000
-0.3250	0.3648	-1.0000
-0.1776	0.2373	0.0000
-0.0042	-0.0358	0.0000
-0.4733	0.1293	-2.0000
-0.3791	0.1876	0.0000
-0.2176	0.3621	0.0000
-0.1493	0.0776	0.0000
-0.4402	0.0534	0.0000
-0.3086	0.0796	0.0000
-0.3574	0.0328	0.0000
-0.3232	0.2157	0.0000
-0.2704	0.1927	-1.0000
-0.3442	-0.0241	-1.0000
-0.3414	0.0840	-1.0000
-0.2100	0.3400	-1.0000
-0.3448	-0.1140	0.0000
-0.3055	-0.0252	0.0000
-0.0586	0.0019	0.0000
-0.4495	0.0267	0.0000
-0.3740	-0.0653	-1.0000
-0.3458	0.2649	-2.0000
-0.3872	0.1376	0.0000
-0.2080	0.3421	-1.0000
-0.2661	0.0030	0.0000
-0.4368	0.0198	-1.0000
-0.4196	0.0319	-2.0000
-0.6126	0.2649	0.0000
-0.4838	0.1470	0.0000
-0.5243	0.2325	0.0000
-0.2089	0.3091	-1.0000
-0.2807	0.3644	-1.0000
-0.0687	-0.0198	-1.0000
-0.4217	0.0933	0.0000
-0.4958	0.2333	0.0000
-0.3618	0.0437	0.0000
-0.1714	0.3239	-1.0000
-0.3164	0.3324	0.0000
-0.4210	0.1094	-1.0000
-0.3014	0.1335	0.0000
-0.2352	0.3716	-1.0000
-0.0073	-0.1213	0.0000
-0.2039	0.3041	-1.0000
-0.0841	0.0326	-1.0000
-0.0816	-0.1899	0.0000
-0.1645	0.1999	0.0000
-0.3610	-0.0544	-1.0000
-0.4025	0.1982	-1.0000
-0.4138	0.1191	0.0000
-0.2198	-0.0817	0.0000
-0.0924	-0.1071	0.0000
-0.4067	0.1281	0.0000
-0.3594	0.2003	0.0000
-0.3792	0.0072	-1.0000
-0.1284	0.2819	0.0000
-0.3739	0.4574	0.0000
-0.2894	-0.0170	-2.0000
-0.2277	0.3271	-1.0000
-0.2863	0.0118	0.0000
-0.3321	0.1276	-1.0000
-0.5768	0.2781	0.0000
-0.2714	0.0463	0.0000
-0.4750	0.0391	-1.0000
-0.3704	0.1636	-1.0000
-0.4401	0.1259	-2.0000
-0.3672	0.0895	-1.0000
-0.1635	0.3220	-1.0000
-0.1877	-0.0791	0.0000
-0.4914	0.1484	-1.0000
-0.2472	-0.0206	0.0000
-0.2490	0.0010	0.0000
-0.4983	0.2471	-1.0000
-0.2451	0.2032	-2.0000
-0.4944	0.0784	0.0000
-0.3147	0.2666	-3.0000
-0.3080	0.3083	-2.0000
-0.1894	-0.1784	0.0000
-0.2647	-0.0193	0.0000
-0.2241	0.2589	0.0000
-0.3438	0.1433	-1.0000
-0.3110	0.0604	-1.0000
-0.2790	0.3763	0.0000
-0.3747	-0.0157	-2.0000
-0.4430	0.0061	0.0000
-0.3275	0.1697	-1.0000
-0.2325	0.3488	-1.0000
-0.4173	0.2070	-2.0000
-0.4802	0.2192	-1.0000
-0.0210	-0.1143	0.0000
-0.4785	0.0417	0.0000
-0.4227	0.0139	-1.0000
-0.3686	0.2721	-3.0000
-0.2793	0.1938	-1.0000
-0.3669	-0.0297	0.0000
-0.2872	0.3547	-1.0000
-0.1193	0.0003	0.0000
-0.4872	0.1350	0.0000
-0.3787	-0.0255	-1.0000
-0.2606	0.3712	-1.0000
-0.3837	0.2151	0.0000
-0.3915	-0.0477	0.0000
-0.2095	-0.0251	0.0000
-0.2823	0.0343	0.0000
-0.3003	-0.0441	-1.0000
-0.2690	0.2760	-1.0000
-0.1814	0.2369	0.0000
-0.3912	0.1328	0.0000
-0.5126	0.1644	0.0000
-0.1600	0.1923	-1.0000
-0.5412	0.1751	-1.0000
-0.3391	0.2643	-2.0000
-0.4533	0.1541	0.0000
-0.2728	0.0024	-1.0000
-0.3270	-0.0709	-1.0000
-0.5334	0.1864	-1.0000
-0.2662	0.3307	-1.0000
-0.1133	-0.1685	0.0000
-0.2196	0.2718	-1.0000
-0.1873	0.0238	-1.0000
-0.2795	0.3236	0.0000
-0.1921	0.3053	-2.0000
-0.2810	0.2016	0.0000
-0.1511	-0.1337	0.0000
-0.2164	0.3345	-1.0000
-0.4580	0.1213	0.0000
-0.2343	0.0051	-1.0000
-0.2562	0.3288	-2.0000
-0.1540	-0.0925	0.0000
-0.3369	0.0207	-1.0000
-0.2808	0.1702	0.0000
-0.2733	0.0776	0.0000
-0.2261	0.3127	-1.0000
-0.1607	0.2104	0.0000
-0.2865	-0.1513	0.0000
-0.2187	0.3365	-1.0000
-0.2277	0.3335	0.0000
-0.3124	0.3426	0.0000
-0.3249	-0.0298	-2.0000
-0.3627	-0.0159	0.0000
-0.1834	0.2066	-1.0000
-0.2924	0.1625	-2.0000
-0.2471	0.0027	0.0000
-0.3979	0.1518	-1.0000
-0.4118	0.1547	0.0000
0.0253	-0.0105	0.0000
-0.5286	0.2251	0.0000
-0.5263	0.1925	0.0000
-0.4324	0.2176	0.0000
-0.2358	0.3380	-1.0000
0.0383	0.0142	-1.0000
-0.4789	0.1982	0.0000
-0.1574	0.1414	-1.0000
-0.3151	-0.1432	-1.0000
-0.4135	0.0637	-1.0000
-0.3549	0.0527	0.0000
-0.2068	0.3499	-1.0000
-0.4439	0.0934	-1.0000
-0.2142	0.2694	-1.0000
-0.5062	0.0200	0.0000
-0.2491	0.2922	-2.0000
-0.3345	0.0391	-1.0000
-0.4045	0.1203	0.0000
-0.2654	0.3216	0.0000
-0.3236	0.1053	0.0000
-0.4266	0.1101	-1.0000
-0.4538	0.2351	0.0000
-0.3319	0.3552	-1.0000
-0.1756	0.3194	-1.0000
-0.3388	0.3433	0.0000
-0.3519	0.0203	-1.0000
-0.1253	0.0411	0.0000
-0.2161	0.3429	0.0000
-0.1974	0.0850	0.0000
-0.1545	0.0982	-1.0000
-0.4274	0.0653	-2.0000
-0.2495	-0.0317	-1.0000
-0.4571	0.1503	-1.0000
-0.4579	0.0471	0.0000
-0.3797	0.0558	-1.0000
-0.5149	0.1686	-1.0000
-0.0368	-0.0137	0.0000
-0.4981	0.2105	-1.0000
-0.1992	-0.0924	0.0000
-0.2159	0.3183	-2.0000
-0.1302	-0.0190	0.0000
-0.3188	-0.0146	-2.0000
-0.1819	0.2746	0.0000
-0.3449	0.1817	0.0000
-0.3088	0.1455	-2.0000
-0.3006	0.3654	0.0000
-0.1919	0.3291	-1.0000
-0.2680	-0.1344	0.0000
-0.2627	0.1637	-1.0000
-0.0031	-0.0577	0.0000
-0.5370	0.2078	-1.0000
-0.3297	0.3631	-1.0000
-0.2946	-0.0097	-1.0000
-0.1823	0.2975	0.0000
-0.5142	0.2055	0.0000
-0.3047	0.3228	0.0000
-0.3115	0.1539	0.0000
-0.4008	0.0849	0.0000
-0.0668	-0.0009	0.0000
-0.2558	0.0954	0.0000
-0.2994	0.0332	-2.0000
-0.1328	0.1500	-1.0000
-0.1659	0.3275	-1.0000
-0.0826	0.1103	-1.0000
-0.1945	-0.0825	0.0000
-0.2991	0.0939	-1.0000
-0.3043	0.1778	0.0000
-0.1047	0.0910	-1.0000
-0.1504	0.3117	-1.0000
-0.2966	0.2416	-1.0000
-0.2686	-0.0790	-1.0000
-0.3303	0.0277	-1.0000
-0.4369	0.2240	0.0000
-0.2987	0.0129	0.0000
-0.3373	0.0364	-2.0000
-0.1999	0.2750	0.0000
-0.4176	0.0823	-1.0000
-0.2480	-0.1851	0.0000
-0.3319	-0.0378	-1.0000
-0.4826	0.0900	-1.0000
-0.2370	0.3020	-1.0000
0.0185	-0.0687	0.0000
-0.4308	0.1128	0.0000
-0.1517	0.2728	0.0000
-0.5238	0.1735	-1.0000
-0.3311	0.0086	0.0000
-0.2696	0.1203	-2.0000
-0.2333	0.1901	-1.0000
-0.4693	0.0741	0.0000
-0.2401	-0.0008	-1.0000
-0.1578	0.2944	0.0000
-0.2933	0.0289	-1.0000
-0.2438	0.3481	0.0000
-0.3465	-0.0231	0.0000
-0.4283	0.2296	-1.0000
-0.4117	0.2542	-1.0000
-0.4669	0.2476	0.0000
-0.3655	0.3827	-1.0000
-0.3635	0.4539	-1.0000
-0.2883	0.2084	-2.0000
-0.2157	0.2752	0.0000
-0.1792	0.3185	-1.0000
-0.2240	0.0228	-1.0000
-0.3231	0.3774	-2.0000
-0.3611	-0.0700	0.0000
-0.1072	0.1883	-1.0000
-0.5222	0.2393	0.0000
-0.3447	0.0070	0.0000
-0.5053	0.1817	-1.0000
-0.0005	-0.1454	-1.0000
-0.2213	0.2606	-2.0000
-0.3854	0.1274	-1.0000
-0.3475	-0.0343	-1.0000
-0.0967	0.0066	-1.0000
-0.2070	0.2083	-2.0000
-0.2523	0.2733	0.0000
-0.3038	0.3017	0.0000
-0.5014	0.0977	-1.0000
-0.2910	0.3551	-1.0000
-0.2354	0.3378	0.0000
-0.2390	0.3376	-1.0000
-0.0440	0.0231	-1.0000
0.0571	-0.0707	0.0000
-0.2073	-0.1372	0.0000
-0.3414	0.0259	-1.0000
-0.3149	0.0131	0.0000
-0.3542	0.1157	-2.0000
-0.3806	0.3859	0.0000
-0.3714	0.1688	-1.0000
-0.2372	-0.0869	0.0000
-0.2666	-0.2045	-1.0000
-0.1772	0.3071	0.0000
-0.3449	0.3958	0.0000
-0.2452	0.0647	0.0000
-0.2204	0.1492	-2.0000
-0.2622	0.2907	-1.0000
-0.4830	0.0537	-1.0000
-0.3348	0.1469	-2.0000
-0.4761	0.1958	-1.0000
-0.4660	0.2278	0.0000
-0.1822	0.3651	0.0000
-0.3437	-0.0143	-1.0000
-0.5577	0.2519	0.0000
-0.4338	0.0895	-1.0000
-0.4413	0.1541	0.0000
-0.4020	0.2000	-1.0000
-0.4210	-0.0898	0.0000
-0.3071	-0.1014	-1.0000
0.0284	-0.0157	0.0000
-0.4775	0.2219	0.0000
-0.2601	0.0762	0.0000
-0.5159	0.2478	0.0000
-0.2465	-0.0492	0.0000
-0.1927	0.2765	-2.0000
-0.3527	-0.1313	-1.0000
-0.2381	0.0609	-2.0000
-0.3090	0.3476	-2.0000
-0.2731	-0.0669	0.0000
-0.4506	0.2044	0.0000
-0.2223	-0.1172	0.0000
-0.3263	-0.0234	-1.0000
-0.1852	0.2655	-1.0000
-0.3765	-0.0377	-1.0000
-0.2285	0.2493	-2.0000
0.0035	0.1481	0.0000
-0.4865	0.1349	0.0000
-0.2336	0.1035	0.0000
-0.3434	0.4323	0.0000
-0.4985	0.2002	-1.0000
-0.4626	0.1808	-1.0000
-0.1738	0.1748	-1.0000
-0.0505	0.0631	0.0000
-0.1991	0.3122	-2.0000
-0.4162	0.2178	0.0000
-0.2643	0.3299	-1.0000
-0.2738	0.0450	0.0000
-0.0916	0.1856	0.0000
-0.4940	0.1916	-1.0000
-0.1608	0.5440	0.0000
-0.3297	0.3809	-1.0000
-0.3583	0.1565	-1.0000
-0.3502	0.0053	-1.0000
-0.2655	-0.0628	-1.0000
-0.3767	-0.0285	-1.0000
-0.3645	-0.0053	-1.0000
-0.4304	-0.0082	-1.0000
-0.2282	0.3268	-2.0000
-0.1058	-0.0203	0.0000
-0.2588	0.2959	-1.0000
-0.0345	0.0746	0.0000
-0.1200	0.1398	0.0000
-0.1939	0.3204	-1.0000
-0.3004	-0.1109	0.0000
-0.1901	0.3235	-1.0000
-0.2243	0.0628	-2.0000
-0.3712	0.0615	0.0000
-0.4631	0.1796	-1.0000
-0.4519	0.2199	0.0000
-0.1924	0.3298	-2.0000
-0.3821	-0.0071	-2.0000
-0.2601	0.4813	0.0000
-0.2721	0.0046	-2.0000
-0.0300	-0.0116	0.0000
-0.4917	0.2125	-1.0000
-0.2206	0.2012	0.0000
-0.3244	0.0151	-2.0000
-0.2376	0.0248	-2.0000
-0.2272	-0.0070	-1.0000
-0.2033	0.2555	0.0000
-0.0911	-0.0253	0.0000
-0.3009	-0.0470	-2.0000
-0.3109	0.2372	0.0000
-0.3278	-0.1108	0.0000
-0.2041	0.3234	-2.0000
-0.3155	0.1273	-1.0000
-0.2474	0.3433	-3.0000
-0.4158	-0.0468	-1.0000
-0.3012	-0.0691	-1.0000
-0.5643	0.1947	0.0000
-0.3942	-0.0659	0.0000
-0.2188	-0.0041	0.0000
-0.2513	0.3533	0.0000
-0.5265	0.2177	0.0000
-0.2385	-0.0089	-2.0000
-0.3800	0.0120	-2.0000
-0.2446	-0.0382	-1.0000
-0.2522	0.1409	0.0000
-0.6154	0.2731	0.0000
-0.3721	0.4023	0.0000
-0.4247	0.1571	0.0000
0.0756	-0.0708	0.0000
-0.1863	0.3021	0.0000
-0.0650	0.1517	-1.0000
-0.3027	0.0599	-3.0000
-0.0898	0.0771	-1.0000
-0.2488	-0.0445	-1.0000
-0.2189	0.3427	0.0000
-0.4151	0.1493	-2.0000
-0.3385	0.3346	0.0000
-0.1833	0.3024	-1.0000
-0.4626	0.1575	0.0000
-0.4909	0.1294	-2.0000
0.0339	-0.0677	0.0000
-0.2680	0.4168	0.0000
-0.2921	-0.0533	-1.0000
-0.2963	-0.0195	-1.0000
-0.1575	0.1444	-2.0000
-0.2163	0.2830	-1.0000
-0.2264	-0.0220	0.0000
-0.3742	-0.0435	-1.0000
-0.5011	0.0596	0.0000
-0.4752	0.1104	0.0000
-0.4027	0.1579	0.0000
-0.1440	0.1415	0.0000
-0.3236	0.3692	-1.0000
-0.0221	0.1475	0.0000
-0.2530	0.3138	0.0000
-0.2454	0.3372	-2.0000
-0.5430	0.2628	0.0000
-0.3136	-0.0624	-1.0000
-0.2860	0.1432	-2.0000
-0.0197	-0.0757	0.0000
-0.4801	0.1052	0.0000
-0.2456	0.1023	-2.0000
-0.3556	0.1090	0.0000
-0.3886	-0.0078	-2.0000
-0.5257	0.1933	-1.0000
-0.1511	0.2192	-1.0000
-0.2359	0.3513	-1.0000
-0.3951	0.0648	0.0000
-0.5181	0.0502	-1.0000
-0.4966	0.2165	-1.0000
-0.3752	0.1258	0.0000
-0.1911	0.2410	0.0000
-0.2415	0.2302	0.0000
-0.3942	0.1347	0.0000
-0.4826	0.1816	0.0000
0.0127	-0.0262	0.0000
-0.2729	-0.0238	0.0000
-0.3216	0.2194	-2.0000
-0.1618	0.3441	0.0000
-0.1285	0.1185	-1.0000
-0.1103	0.0306	0.0000
0.0221	-0.0674	0.0000
-0.4352	0.2272	0.0000
-0.2422	0.2812	-1.0000
-0.2318	0.1542	-1.0000
-0.3054	0.2297	-1.0000
-0.1733	0.3365	-1.0000
-0.0642	-0.0069	0.0000
-0.1552	0.3293	0.0000
-0.1358	0.1131	-2.0000
-0.2887	-0.0062	0.0000
-0.4913	0.0860	-1.0000
-0.4892	0.2065	-1.0000
-0.5507	0.2502	-1.0000
-0.3517	-0.0683	0.0000
-0.4673	0.1986	-1.0000
-0.3498	0.0102	-1.0000
-0.5519	0.2311	0.0000
-0.3643	-0.0192	0.0000
-0.4647	0.0987	0.0000
-0.0655	-0.0082	0.0000
-0.2793	0.0062	0.0000
-0.2143	-0.0320	0.0000
-0.1374	0.0508	-1.0000
-0.1705	0.3224	0.0000
-0.0779	0.0331	0.0000
-0.2169	0.3122	-1.0000
-0.2609	0.3654	-1.0000
-0.3081	0.0960	-2.0000
-0.4845	0.0030	0.0000
-0.1184	0.0746	0.0000
-0.1208	0.0957	0.0000
-0.2529	-0.0143	-2.0000
-0.3904	0.0750	0.0000
-0.1789	0.3209	0.0000
-0.2843	0.0898	0.0000
-0.2108	0.2928	-2.0000
-0.0159	0.1414	0.0000
-0.2738	0.2367	-2.0000
-0.2418	0.2738	-1.0000
-0.2782	0.1161	-1.0000
-0.1632	0.2239	0.0000
-0.3929	0.1447	-2.0000
-0.3591	0.4199	0.0000
-0.3835	-0.0201	-1.0000
-0.0339	0.1289	0.0000
-0.0908	0.0203	0.0000
-0.1837	0.3126	-2.0000
-0.1060	0.0217	0.0000
-0.4004	0.0366	-1.0000
-0.1186	0.2818	0.0000
-0.2943	-0.0059	-1.0000
-0.4059	0.0691	0.0000
-0.3227	-0.0588	-1.0000
-0.3460	-0.0237	-2.0000
-0.3211	0.2825	-1.0000
-0.2021	0.3470	0.0000
-0.2906	-0.0623	0.0000
-0.3580	0.2206	0.0000
-0.1962	0.1940	0.0000
-0.4158	0.1869	-1.0000
-0.0943	0.0398	-1.0000
-0.2133	0.3285	-1.0000
-0.3487	-0.0178	0.0000
-0.3267	-0.0979	-1.0000
-0.3843	-0.0439	-1.0000
-0.4847	0.1789	-1.0000
-0.2681	0.3880	0.0000
-0.2981	-0.0536	-1.0000
-0.1773	0.3576	0.0000
-0.2393	0.3067	-2.0000
-0.3663	0.0279	-1.0000
-0.3319	0.2282	0.0000
-0.3945	-0.0541	0.0000
-0.2592	0.2642	0.0000
-0.2912	0.1316	-1.0000
-0.1929	-0.1036	0.0000
-0.1241	0.1916	0.0000
-0.1761	-0.1104	0.0000
-0.3107	-0.0275	0.0000
-0.2302	0.3452	0.0000
-0.4159	0.0960	0.0000
-0.3483	0.0250	0.0000
-0.2406	0.3285	0.0000
-0.4142	0.2225	-1.0000
-0.4888	0.2388	0.0000
-0.3754	-0.0124	-1.0000
-0.3302	0.0234	0.0000
-0.2131	0.2882	-2.0000
-0.3057	0.3674	0.0000
-0.3489	-0.0080	0.0000
-0.3604	0.0194	-2.0000
-0.3244	-0.0919	0.0000
-0.3188	-0.0674	0.0000
-0.1260	0.2062	-1.0000
-0.3500	-0.0866	-1.0000
-0.4073	0.0650	-2.0000
-0.1808	0.2959	-1.0000
-0.3849	0.0888	-1.0000
-0.3085	-0.0129	-2.0000
-0.3500	-0.0133	-3.0000
-0.1320	0.0675	-1.0000
-0.2477	0.3729	0.0000
-0.3195	-0.1096	-1.0000
-0.1775	0.1120	0.0000
-0.2683	-0.1238	0.0000
-0.2920	0.3575	0.0000
-0.3583	-0.0694	0.0000
-0.5049	0.1962	0.0000
-0.5233	0.0762	-1.0000
-0.3899	0.1778	0.0000
-0.2185	-0.0824	0.0000
-0.4465	0.1524	0.0000
-0.2848	-0.0676	-1.0000
-0.5099	0.2715	0.0000
-0.3812	0.0450	0.0000
-0.2182	0.2387	-1.0000
-0.3250	0.0089	0.0000
-0.1451	0.3129	0.0000
-0.4701	0.1007	-1.0000
-0.2196	0.2834	0.0000
-0.3198	-0.0657	0.0000
-0.3702	0.0123	0.0000
-0.4122	0.2140	-2.0000
-0.2637	0.0028	-1.0000
-0.5069	0.1203	-1.0000
-0.2442	0.1728	-1.0000
-0.3866	-0.0081	-1.0000
-0.3618	-0.0687	0.0000
-0.3646	0.1784	-1.0000
-0.4425	0.0961	0.0000
-0.1755	0.1543	0.0000
-0.2641	-0.0091	-1.0000
-0.3814	0.1796	0.0000
-0.3957	0.1934	-1.0000
-0.0408	0.1118	0.0000
-0.1966	0.3155	0.0000
-0.2314	0.3239	-2.0000
-0.2435	0.3563	-2.0000
-0.2281	0.2549	-1.0000
-0.2010	0.3343	0.0000
-0.4177	0.1548	0.0000
-0.1701	0.2788	-1.0000
-0.1531	0.1573	0.0000
-0.5529	0.1963	-1.0000
-0.2753	0.3452	0.0000
-0.0291	0.1386	0.0000
-0.3562	-0.0247	0.0000
-0.2909	-0.0507	-2.0000
-0.2113	0.3622	0.0000
-0.1672	0.3170	-1.0000
-0.0492	-0.0589	0.0000
-0.3225	0.3443	0.0000
-0.2373	0.0955	-2.0000
-0.0562	-0.1498	0.0000
-0.4640	0.1572	-1.0000
-0.2818	0.1906	-3.0000
-0.3572	0.2008	0.0000
-0.3100	0.1386	0.0000
-0.3481	0.3417	0.0000
-0.2262	0.3464	-1.0000
-0.3066	0.3254	-2.0000
-0.3451	-0.0521	-2.0000
-0.3083	0.1149	0.0000
-0.3261	-0.0483	0.0000
-0.2841	0.2696	-3.0000
-0.2364	0.3414	-2.0000
-0.4909	0.1218	-1.0000
0.0389	-0.0448	0.0000
-0.4102	0.0531	-1.0000
-0.3802	0.4348	0.0000
-0.2774	0.3844	-1.0000
-0.2867	0.2920	0.0000
-0.2909	-0.0474	-2.0000
-0.1142	0.0063	-1.0000
-0.2903	0.2933	-3.0000
0.0045	-0.0656	0.0000
-0.5663	0.2486	-1.0000
-0.0397	-0.0282	0.0000
-0.3894	0.1658	0.0000
-0.1236	-0.0353	0.0000
-0.2253	0.0762	-2.0000
-0.3688	-0.1008	-1.0000
-0.2962	-0.0162	-1.0000
-0.2016	0.2982	-1.0000
-0.1894	0.2199	-1.0000
-0.5723	0.2455	0.0000
-0.4796	0.0431	-1.0000
-0.2137	0.3167	-2.0000
-0.5194	0.2171	-1.0000
-0.3033	0.2511	0.0000
-0.4193	0.2706	-1.0000
-0.4162	0.1175	-1.0000
-0.3027	0.3670	-2.0000
-0.2920	0.0172	-1.0000
-0.3647	0.0205	0.0000
-0.1630	0.1326	-1.0000
-0.3216	-0.0050	0.0000
-0.4712	0.1417	-2.0000
-0.3000	-0.0019	0.0000
-0.2259	0.2991	-1.0000
-0.2954	0.0166	0.0000
-0.2664	-0.1225	-1.0000
-0.2333	0.2321	-2.0000
-0.3621	0.1078	-1.0000
-0.4569	0.1672	-1.0000
-0.3948	0.1613	-1.0000
-0.1847	0.3239	0.0000
-0.1707	-0.1160	0.0000
-0.3428	-0.0082	-1.0000
-0.4336	0.1596	0.0000
-0.0213	0.0954	0.0000
-0.1901	0.3211	-1.0000
-0.4688	-0.0388	0.0000
-0.5039	0.2114	-1.0000
-0.2620	0.1594	0.0000
-0.2907	0.2608	0.0000
-0.3459	0.4243	-2.0000
-0.3949	0.1821	0.0000
-0.1264	-0.1165	0.0000
-0.2482	0.0361	0.0000
-0.5300	0.1854	-1.0000
-0.2496	-0.1105	0.0000
-0.3439	0.4141	-1.0000
-0.0935	0.0733	0.0000
-0.5513	0.2286	-1.0000
-0.3568	0.0681	-1.0000
-0.3006	0.1725	-2.0000
-0.3458	0.2006	0.0000
-0.2513	0.3805	0.0000
-0.3296	0.0445	0.0000
-0.2778	0.3691	-2.0000
-0.2972	0.4315	0.0000
-0.2452	0.2852	0.0000
-0.1915	0.1421	0.0000
-0.3599	-0.0384	0.0000
-0.1588	0.1542	0.0000
-0.3409	0.0794	0.0000
-0.0362	-0.0067	0.0000
-0.2128	0.1008	-1.0000
-0.4827	0.1439	-1.0000
-0.3519	0.2818	-2.0000
-0.3698	0.2040	-1.0000
-0.5324	0.1451	0.0000
-0.3977	0.0195	-2.0000
-0.3014	-0.0178	-1.0000
-0.3382	0.1211	0.0000
-0.2565	-0.0189	-1.0000
-0.2872	-0.1201	0.0000
-0.1101	0.0151	-1.0000
-0.2641	0.0912	0.0000
-0.3707	0.1157	-1.0000
-0.2130	0.3355	-1.0000
-0.3718	0.0683	-1.0000
-0.1892	0.3345	0.0000
-0.1930	0.1408	-1.0000
-0.3675	0.1728	-3.0000
-0.5432	0.2103	-1.0000
-0.2787	-0.0714	0.0000
-0.0834	-0.0361	0.0000
-0.3177	-0.1220	-1.0000
-0.3978	0.1341	-1.0000
-0.1262	0.2833	-1.0000
-0.1348	0.1101	0.0000
-0.3655	0.0262	-1.0000
-0.2902	0.0126	0.0000
-0.4947	0.2449	0.0000
-0.0048	-0.1572	0.0000
-0.4951	0.2246	-1.0000
0.0315	0.0083	0.0000
-0.2213	0.1236	-1.0000
-0.2624	0.3315	0.0000
-0.3063	-0.1195	0.0000
-0.2749	0.3855	0.0000
-0.3684	-0.0564	0.0000
-0.4573	0.2032	-2.0000
-0.2568	0.3565	0.0000
-0.1752	0.2188	-1.0000
-0.2992	0.4258	0.0000
-0.1635	0.3149	-2.0000
-0.1371	0.1440	0.0000
-0.4208	0.1343	0.0000
-0.2868	0.0164	0.0000
-0.3828	-0.0179	-1.0000
-0.3205	0.2924	-1.0000
-0.2546	0.1759	0.0000
-0.0150	-0.0548	0.0000
-0.4425	0.1148	0.0000
-0.2942	0.3684	-2.0000
-0.3002	-0.0266	-2.0000
-0.3581	0.3303	0.0000
-0.5359	0.2630	-1.0000
-0.4063	-0.0911	0.0000
0.1176	-0.0819	0.0000
-0.4373	0.2070	0.0000
-0.3471	-0.0615	0.0000
-0.1203	0.0755	0.0000
-0.1646	0.3292	-1.0000
-0.3275	-0.0944	0.0000
-0.3016	0.3979	-1.0000
-0.5393	0.2192	0.0000
-0.2316	0.3438	0.0000
-0.3003	-0.0108	-1.0000
-0.3384	0.0502	0.0000
-0.3701	0.1079	-1.0000
-0.3449	-0.0094	-1.0000
-0.3772	-0.0062	-1.0000
-0.0232	0.1812	0.0000
-0.2919	0.4023	-1.0000
-0.3765	0.1970	0.0000
-0.5471	0.2302	0.0000
-0.1915	0.3318	-1.0000
-0.2641	-0.0495	0.0000
-0.5161	0.0772	0.0000
-0.1539	0.2515	-1.0000
-0.4713	0.1018	-1.0000
-0.2964	0.1323	0.0000
-0.4386	0.2144	0.0000
-0.2236	0.0069	-1.0000
-0.3929	0.1746	0.0000
-0.2587	0.1137	-1.0000
-0.3524	0.1537	-1.0000
-0.3236	-0.0684	-1.0000
-0.3419	-0.0154	-1.0000
-0.4571	0.1938	0.0000
-0.3065	-0.0524	-1.0000
-0.4485	0.1733	-1.0000
-0.2738	0.2201	-3.0000
-0.4938	0.2589	0.0000
-0.3315	-0.0358	0.0000
-0.4227	0.1366	0.0000
-0.1099	0.1069	-1.0000
-0.3073	0.0220	-1.0000
-0.4483	0.1050	-1.0000
-0.1130	0.0842	-1.0000
-0.1366	-0.0422	0.0000
-0.0864	0.0058	0.0000
-0.2275	0.2378	-3.0000
-0.3175	0.3634	-2.0000
-0.0878	0.0236	0.0000
-0.3131	0.1014	-3.0000
-0.1389	-0.1685	0.0000
-0.2289	0.2441	-1.0000
-0.1849	0.2471	0.0000
-0.2547	0.2180	-2.0000
-0.3693	0.0475	-1.0000
-0.3893	0.0555	0.0000
-0.1466	0.2459	-1.0000
-0.5568	0.1853	0.0000
-0.2730	0.3663	-2.0000
-0.2569	-0.0177	0.0000
-0.4455	0.1915	-1.0000
-0.2889	0.3551	0.0000
-0.2423	0.1519	-1.0000
-0.3827	0.0114	-1.0000
-0.5368	0.1815	-1.0000
-0.0508	-0.0374	0.0000
-0.1424	0.1953	0.0000
-0.3316	0.0386	-1.0000
-0.3510	0.4001	0.0000
-0.3963	0.0516	0.0000
-0.2043	0.3636	-1.0000
-0.3062	0.0965	0.0000
-0.5025	0.1050	-1.0000
-0.0513	-0.0263	0.0000
-0.1964	0.3108	-1.0000
-0.2187	0.3152	-2.0000
-0.3472	-0.0481	-2.0000
-0.1031	0.0984	0.0000
-0.3909	0.0527	-1.0000
-0.2338	0.2356	0.0000
-0.2242	-0.1349	-1.0000
-0.3159	-0.0140	-1.0000
-0.2099	0.2056	-1.0000
-0.2427	-0.0064	0.0000
-0.2495	0.2186	-2.0000
-0.1062	0.0663	0.0000
-0.3928	0.0174	-2.0000
-0.2283	-0.1049	0.0000
-0.2606	0.2997	-2.0000
-0.3661	0.3961	0.0000
-0.5261	0.2552	0.0000
-0.2675	0.0072	-1.0000
-0.3868	0.1812	0.0000
-0.3771	0.0429	-1.0000
-0.3715	0.4350	0.0000
-0.4745	0.0584	-1.0000
-0.5004	0.2521	0.0000
-0.2961	-0.1517	-1.0000
-0.5343	0.1740	-1.0000
-0.2178	0.1641	0.0000
-0.2933	0.0244	0.0000
-0.3235	-0.0016	0.0000
-0.4961	0.2228	0.0000
-0.3385	-0.0345	-1.0000
-0.4106	0.2334	0.0000
-0.2188	0.3370	-2.0000
-0.3768	-0.0761	0.0000
-0.4144	0.0088	0.0000
-0.4316	0.0740	0.0000
-0.4336	0.1494	-1.0000
-0.5543	0.1886	-1.0000
-0.1823	0.2555	-1.0000
-0.5008	0.2013	-1.0000
-0.2074	0.2795	-1.0000
-0.4873	0.1467	-1.0000
-0.3670	0.3335	-1.0000
-0.3491	0.0773	-2.0000
-0.2709	-0.1046	-1.0000
-0.2210	0.3106	0.0000
-0.4284	0.0653	-1.0000
-0.3221	0.3920	-1.0000
-0.1663	0.2792	-1.0000
-0.3326	0.0771	-1.0000
-0.2068	0.2576	0.0000
-0.1753	0.0668	0.0000
-0.3132	-0.0620	-1.0000
-0.2888	-0.0595	0.0000
-0.3532	-0.1737	0.0000
-0.2385	0.1623	-1.0000
-0.2685	0.3849	-1.0000
-0.2319	0.2728	0.0000
-0.3174	0.0358	-1.0000
-0.3229	0.3562	0.0000
-0.0732	0.1595	-1.0000
-0.1947	-0.0854	-1.0000
-0.5197	0.2216	0.0000
-0.1738	0.2955	0.0000
-0.2777	0.3489	-1.0000
-0.3524	0.0637	0.0000
-0.5544	0.2639	0.0000
-0.3645	-0.0575	-1.0000
-0.1820	0.2510	-1.0000
-0.2255	0.2995	-1.0000
-0.4216	0.0477	-1.0000
-0.2533	0.3480	0.0000
-0.1858	0.3127	-2.0000
-0.3605	0.1925	-3.0000
-0.0629	-0.0461	-2.0000
-0.0342	0.0360	-1.0000
-0.3687	0.1867	0.0000
-0.4343	0.1832	0.0000
-0.3978	-0.0005	-2.0000
-0.1035	0.0271	-2.0000
-0.2229	0.1070	-2.0000
-0.3571	0.3995	-1.0000
-0.2647	0.3698	-2.0000
-0.3663	0.1985	-2.0000
-0.1988	0.3572	-1.0000
-0.1597	-0.1417	0.0000
-0.3004	-0.1292	0.0000
-0.3625	0.1167	-2.0000
-0.0542	-0.0437	-2.0000
-0.2839	0.3138	-1.0000
-0.4810	0.1523	-1.0000
-0.2409	0.3325	-1.0000
-0.0284	-0.1343	0.0000
-0.2837	0.4119	0.0000
0.0181	-0.0292	-1.0000
-0.2288	0.2599	-1.0000
-0.5183	0.0973	-1.0000
-0.2710	-0.0314	0.0000
-0.3077	-0.0947	0.0000
-0.2242	0.3336	-1.0000
-0.3795	-0.0164	0.0000
-0.4488	0.1972	0.0000
-0.0906	0.0345	0.0000
-0.2803	0.0984	-2.0000
-0.2771	-0.0336	-1.0000
-0.3704	0.1877	-1.0000
-0.3077	-0.1057	0.0000
-0.2649	0.1215	-1.0000
-0.2451	0.3718	-1.0000
-0.2346	0.2021	-2.0000
-0.4125	0.2428	-2.0000
-0.5340	0.1712	-1.0000
-0.3702	0.0214	-1.0000
-0.1780	0.2973	-2.0000
-0.3013	0.1353	0.0000
-0.4292	0.0523	-1.0000
-0.1039	0.2044	0.0000
-0.0668	0.0680	0.0000
-0.1282	0.1047	-1.0000
-0.4032	0.1895	-1.0000
-0.2170	0.0108	0.0000
-0.2652	0.0819	-2.0000
-0.3360	0.1609	-2.0000
-0.4501	0.0889	0.0000
-0.3645	0.1093	0.0000
-0.5290	0.1454	-1.0000
-0.3380	0.3414	-2.0000
-0.3293	0.1577	-3.0000
-0.2989	0.1984	0.0000
-0.3377	0.0493	0.0000
-0.5298	0.1898	0.0000
-0.2603	0.0217	-1.0000
-0.3688	0.0814	-1.0000
-0.3594	-0.0201	-2.0000
-0.4084	0.2368	0.0000
-0.1268	0.2220	0.0000
-0.3724	-0.0364	0.0000
-0.1147	0.0471	0.0000
-0.2562	0.3081	-1.0000
-0.4280	0.2044	0.0000
-0.1892	0.1795	-2.0000
-0.3587	0.0254	-2.0000
-0.2996	-0.0083	-1.0000
-0.1563	0.1398	0.0000
-0.3007	0.3877	-1.0000
-0.3158	-0.0022	-1.0000
-0.3248	0.0372	0.0000
-0.1829	0.0897	-1.0000
-0.5428	0.2251	0.0000
-0.5462	0.1754	0.0000
-0.3627	0.1109	-2.0000
-0.1939	0.2912	-1.0000
-0.0878	0.1245	0.0000
-0.2223	-0.0113	-1.0000
-0.2945	0.2498	-2.0000
-0.4205	0.1266	0.0000
-0.4120	0.1751	0.0000
-0.2878	-0.1096	0.0000
-0.3342	0.3117	-2.0000
-0.2404	0.2614	-2.0000
-0.3664	0.0423	-1.0000
-0.2732	-0.0331	-1.0000
-0.1049	0.1766	0.0000
-0.3716	-0.1012	0.0000
-0.2817	0.0791	-1.0000
-0.4689	0.0624	-1.0000
-0.3451	0.0069	0.0000
-0.3897	-0.0183	0.0000
-0.0848	-0.0566	0.0000
-0.2402	0.3304	-2.0000
-0.4248	0.0158	-1.0000
-0.4677	0.2302	0.0000
-0.2255	-0.0183	0.0000
-0.1979	0.0191	0.0000
-0.3393	0.1020	0.0000
-0.1053	0.1023	0.0000
-0.0708	0.0128	0.0000
-0.2693	0.3964	0.0000
-0.4439	0.2044	-1.0000
-0.3127	0.0464	0.0000
-0.2204	0.3421	-2.0000
-0.3648	0.1091	0.0000
-0.3805	0.2157	0.0000
-0.2452	0.3428	0.0000
-0.4788	0.1538	-1.0000
-0.5492	0.1721	0.0000
-0.0936	0.0200	-1.0000
-0.3464	-0.0019	-1.0000
-0.2080	-0.1368	0.0000
-0.4660	0.1619	0.0000
-0.2256	0.0677	0.0000
-0.3867	0.1981	0.0000
-0.4424	0.1000	0.0000
-0.4811	0.1762	-1.0000
-0.1791	0.2447	-2.0000
-0.3516	0.0217	-1.0000
-0.3372	0.2151	-3.0000
-0.3415	0.0681	-1.0000
-0.3320	0.4992	-1.0000
-0.4384	0.2317	0.0000
-0.4614	0.1544	-1.0000
-0.2218	0.2839	-2.0000
-0.4334	0.1482	0.0000
-0.4802	0.1945	0.0000
-0.2933	-0.0242	-1.0000
-0.0249	-0.0030	-1.0000
-0.2036	-0.1824	-1.0000
-0.3547	0.0542	-1.0000
-0.4355	0.0426	-1.0000
-0.2286	0.2181	-2.0000
-0.3608	0.0368	-1.0000
-0.4163	0.1227	-1.0000
-0.3075	0.1552	-1.0000
-0.2333	0.2087	-1.0000
-0.2113	0.3774	0.0000
-0.3380	0.1640	0.0000
-0.3407	0.4037	-1.0000
-0.2478	0.1855	0.0000
-0.4932	0.1613	-1.0000
-0.2612	0.0990	-2.0000
-0.0753	0.2142	0.0000
-0.1484	0.3333	0.0000
-0.1786	0.0639	-1.0000
-0.0219	-0.0062	0.0000
0.0280	-0.1075	0.0000
-0.4807	-0.0213	0.0000
-0.2261	-0.0126	-1.0000
-0.3692	0.1720	0.0000
-0.2126	-0.1993	0.0000
-0.2823	0.1358	0.0000
-0.0806	-0.0280	-1.0000
-0.5466	0.2610	0.0000
-0.2220	0.0856	0.0000
-0.2154	0.2286	-2.0000
-0.2583	0.3712	0.0000
-0.0717	-0.0482	-1.0000
-0.3314	0.1331	-1.0000
-0.3945	0.0047	0.0000
-0.1064	0.0803	0.0000
-0.2651	0.4000	0.0000
-0.4157	-0.0109	-1.0000
-0.2123	0.1005	-1.0000
-0.3839	0.0437	-1.0000
-0.3657	0.1833	-1.0000
-0.3882	-0.0882	0.0000
-0.3449	0.0491	0.0000
0.0017	0.0338	0.0000
-0.3045	-0.0996	-1.0000
-0.2983	0.3441	-2.0000
-0.1635	0.2541	-1.0000
-0.2177	0.1329	-2.0000
-0.4070	-0.0546	0.0000
-0.3456	0.1955	0.0000
-0.3268	0.2478	-2.0000
-0.1713	0.2397	-1.0000
-0.2949	-0.0589	0.0000
-0.2716	0.0919	-2.0000
-0.5752	0.2554	0.0000
-0.1200	0.1880	0.0000
-0.2495	0.0718	-1.0000
-0.0153	0.0504	0.0000
-0.2609	-0.0415	0.0000
-0.2051	0.0832	-1.0000
-0.3003	-0.0064	-2.0000
-0.1705	0.2660	-1.0000
-0.4351	0.2223	0.0000
-0.1562	0.3137	0.0000
-0.4049	0.0310	-1.0000
-0.4238	0.1645	-2.0000
-0.1943	0.2773	-1.0000
-0.4288	0.2058	0.0000
-0.3710	0.1290	-2.0000
-0.3778	0.2354	-1.0000
-0.2153	0.1541	0.0000
-0.4102	0.0973	0.0000
-0.1679	0.1948	-1.0000
-0.2481	0.2765	-1.0000
-0.5432	0.1277	-1.0000
-0.2861	0.1846	0.0000
-0.2236	0.1715	0.0000
-0.2773	-0.0686	0.0000
-0.4711	0.0371	0.0000
-0.4557	0.1862	-2.0000
-0.1801	0.1934	0.0000
-0.2820	0.0083	0.0000
-0.1729	0.3167	0.0000
-0.5240	0.1950	-1.0000
-0.3099	0.0598	-1.0000
-0.3268	0.4229	0.0000
-0.1604	0.3063	-1.0000
-0.3687	0.0021	0.0000
-0.4686	0.1219	-1.0000
-0.2272	0.0037	-1.0000
-0.2422	-0.0080	0.0000
-0.5371	0.2516	0.0000
-0.4751	0.1568	0.0000
-0.4817	0.2230	-1.0000
-0.3279	0.0654	-1.0000
-0.2106	0.3209	-1.0000
-0.2109	0.2441	-2.0000
-0.0133	0.0241	0.0000
-0.4458	-0.0507	-1.0000
-0.2896	0.3523	0.0000
-0.1570	0.1420	-1.0000
-0.3207	0.2388	-1.0000
-0.1771	0.3209	-1.0000
-0.2937	0.3213	0.0000
-0.2397	0.2789	0.0000
-0.3657	0.0801	0.0000
-0.3736	0.0701	-1.0000
-0.3739	0.0801	-1.0000
-0.3284	0.2117	0.0000
-0.3849	-0.1151	0.0000
-0.1561	-0.1112	0.0000
-0.3584	0.1062	-1.0000
-0.2813	-0.0196	-1.0000
-0.4713	0.3310	0.0000
-0.2897	0.1517	-2.0000
-0.0793	-0.0529	0.0000
-0.2461	0.2032	-2.0000
-0.3678	-0.0780	0.0000
-0.3307	-0.0290	-1.0000
-0.1618	0.2942	-1.0000
-0.3630	-0.0278	0.0000
-0.0890	-0.0944	0.0000
-0.4501	-0.0043	0.0000
-0.2329	0.1406	-2.0000
-0.4801	0.2361	0.0000
-0.5011	0.0705	0.0000
-0.2600	0.3475	0.0000
-0.3238	0.2784	0.0000
-0.3360	-0.0200	0.0000
-0.5153	0.2342	0.0000
-0.3902	0.1302	0.0000
-0.3839	0.0121	0.0000
-0.3675	-0.0711	0.0000
-0.3341	0.3540	-1.0000
-0.0254	-0.0326	0.0000
-0.2534	0.0055	0.0000
-0.4357	-0.0326	-1.0000
-0.1630	0.3159	-2.0000
-0.2894	0.4090	0.0000
-0.2692	0.2310	-3.0000
-0.3447	-0.1243	0.0000
-0.3594	-0.1178	0.0000
-0.3635	-0.0358	0.0000
-0.2286	0.3445	-1.0000
-0.4452	0.0090	-1.0000
-0.3496	-0.0482	-1.0000
-0.2261	0.3844	0.0000
-0.1350	-0.1610	0.0000
-0.0955	0.0334	0.0000
-0.3379	0.3597	0.0000
-0.1977	0.3410	-2.0000
-0.3044	0.1115	-2.0000
-0.3417	0.3768	-1.0000
-0.3130	-0.0472	0.0000
-0.2999	-0.1360	0.0000
-0.5473	0.2354	0.0000
-0.2289	0.3280	0.0000
-0.5118	0.2386	0.0000
-0.4700	0.0837	-1.0000
-0.3093	-0.0146	-1.0000
-0.4405	0.2440	0.0000
-0.2718	0.3507	-1.0000
-0.3395	0.3990	-1.0000
-0.3687	-0.0122	0.0000
-0.2022	0.3771	0.0000
-0.3563	-0.0323	-1.0000
-0.4336	0.2135	0.0000
-0.1663	-0.0489	0.0000
-0.0688	0.1120	-1.0000
-0.1856	0.1779	0.0000
-0.4449	0.0335	0.0000
-0.0920	0.0083	-1.0000
-0.3342	0.0779	-2.0000
-0.1789	0.2591	-3.0000
-0.2784	0.2174	-1.0000
-0.2997	0.0149	-1.0000
-0.2791	0.3727	-1.0000
-0.2628	0.1931	-2.0000
-0.5583	0.1688	0.0000
-0.1775	-0.0942	-1.0000
-0.2334	-0.0406	0.0000
-0.3289	0.1723	0.0000
-0.0181	-0.1127	0.0000
-0.4793	0.2884	0.0000
-0.3405	0.4382	0.0000
-0.3749	0.2771	-1.0000
-0.0983	0.2054	-1.0000
-0.4563	0.1733	-1.0000
-0.3710	0.4179	0.0000
-0.3726	0.2446	0.0000
-0.1985	0.2205	0.0000
-0.1406	0.1488	0.0000
-0.2876	-0.0157	-2.0000
-0.1244	0.0762	0.0000
-0.4353	-0.0266	-1.0000
-0.3354	-0.0107	0.0000
-0.2851	0.1685	0.0000
-0.2085	0.3453	-1.0000
0.0258	0.0263	0.0000
-0.2575	0.0334	-1.0000
-0.2203	0.0101	-1.0000
-0.5217	0.1091	-2.0000
-0.2087	0.0040	0.0000
-0.2283	0.2624	-1.0000
-0.1292	0.1715	0.0000
-0.2152	0.2689	0.0000
-0.2373	0.3659	0.0000
-0.1819	0.3231	-2.0000
-0.2216	0.2960	-2.0000
-0.0808	0.0868	-2.0000
-0.1779	-0.1029	0.0000
-0.0443	0.0469	0.0000
-0.4660	0.1792	-2.0000
-0.4181	0.1360	-1.0000
-0.4900	0.2093	-2.0000
-0.2726	0.0030	-2.0000
-0.3480	0.0514	0.0000
-0.1597	-0.1409	-1.0000
-0.4611	0.1128	-1.0000
-0.0872	-0.0061	-1.0000
-0.3731	0.0117	-1.0000
-0.4570	0.1870	0.0000
-0.2426	-0.0172	0.0000
-0.0841	0.0256	-1.0000
-0.4648	0.0572	-1.0000
-0.0720	-0.0077	0.0000
-0.2943	0.0924	-2.0000
-0.4543	0.0186	0.0000
-0.1554	0.1354	0.0000
-0.1414	-0.0386	-1.0000
-0.2932	-0.2127	0.0000
-0.3220	0.3075	-2.0000
-0.3209	-0.0181	0.0000
-0.5026	0.0729	0.0000
-0.0946	-0.1549	0.0000
-0.3780	-0.1264	0.0000
-0.3786	-0.0702	-1.0000
-0.1148	0.0268	-1.0000
-0.4214	-0.0636	-1.0000
-0.1591	0.3058	-1.0000
-0.3738	0.1825	-3.0000
-0.2634	-0.0933	0.0000
-0.4328	0.1070	0.0000
-0.3201	0.2290	-3.0000
-0.1939	-0.0203	0.0000
-0.2020	0.2578	0.0000
-0.2491	0.1993	-3.0000
-0.1816	0.2094	-2.0000
-0.3328	-0.0214	-1.0000
-0.4680	0.1583	-1.0000
-0.3646	0.4463	0.0000
-0.2353	0.2466	-1.0000
-0.3639	-0.0433	-2.0000
-0.3091	0.1589	0.0000
-0.1812	0.3593	-1.0000
-0.3729	0.1735	-1.0000
-0.4383	0.1816	-1.0000
-0.3154	-0.0736	-1.0000
-0.5061	0.0905	-1.0000
-0.3569	0.4442	0.0000
-0.5148	0.1206	0.0000
-0.1275	0.1062	-1.0000
-0.3167	-0.0006	-1.0000
-0.0669	-0.0253	0.0000
-0.3381	-0.0416	-1.0000
-0.3565	0.0873	-1.0000
-0.2747	0.0571	-1.0000
-0.2416	0.2699	0.0000
-0.2740	-0.0116	-1.0000
0.0821	-0.0562	0.0000
-0.3960	0.1582	-1.0000
-0.1923	-0.0906	0.0000
-0.2110	0.2873	-2.0000
-0.5385	0.2105	-1.0000
-0.1367	0.1048	-1.0000
-0.1758	0.3449	0.0000
-0.2102	0.3271	0.0000
-0.2134	0.2330	-2.0000
-0.1627	0.3587	0.0000
-0.5459	0.1614	-1.0000
-0.3088	0.3518	0.0000
-0.2565	0.1038	-1.0000
-0.0089	0.0159	-1.0000
-0.3366	-0.0264	-1.0000
-0.4584	0.0485	0.0000
-0.3167	-0.0673	0.0000
-0.2996	-0.0314	-2.0000
-0.2333	0.3297	0.0000
-0.2177	0.1512	0.0000
0.0022	-0.1133	-1.0000
-0.2978	0.0736	-2.0000
0.0961	-0.0461	0.0000
-0.3093	-0.0549	-1.0000
-0.3216	-0.0362	-2.0000
-0.0747	0.0023	0.0000
-0.2737	0.3951	-1.0000
-0.3997	0.0455	0.0000
-0.2952	0.0945	0.0000
-0.5340	0.1970	-1.0000
-0.3057	-0.0393	-2.0000
-0.1802	0.3016	0.0000
-0.4880	0.1828	-1.0000
-0.1368	-0.0814	0.0000
-0.2940	0.3346	-1.0000
-0.4323	0.0619	-1.0000
-0.2274	-0.0305	0.0000
-0.2151	0.3307	-2.0000
0.0661	-0.0823	0.0000
-0.1861	0.3228	-1.0000
-0.2475	0.2772	0.0000
-0.5526	0.2025	-1.0000
-0.3523	-0.1470	-1.0000
-0.1210	0.0384	-2.0000
-0.2314	0.0944	-1.0000
-0.4619	0.1712	-1.0000
-0.2535	0.2814	-1.0000
-0.1340	0.1297	0.0000
-0.3067	0.3363	-1.0000
-0.4511	0.0744	0.0000
-0.3428	0.0328	-1.0000
-0.3233	0.0583	0.0000
-0.2946	0.0930	-2.0000
-0.3373	0.0903	-1.0000
-0.0441	-0.0876	0.0000
-0.3297	-0.0424	0.0000
-0.5202	0.2578	0.0000
-0.5149	0.1281	-1.0000
-0.3121	0.2214	-2.0000
-0.4435	0.2152	-1.0000
-0.2274	-0.0107	0.0000
-0.4650	0.1064	0.0000
-0.4835	0.1958	-1.0000
-0.2538	0.3424	-1.0000
-0.0174	0.0251	0.0000
-0.2782	-0.0063	-1.0000
-0.2501	-0.1174	0.0000
-0.1551	0.3176	-1.0000
-0.4220	0.1279	0.0000
-0.3982	0.1647	-1.0000
-0.3775	-0.0670	-1.0000
-0.2507	0.2650	0.0000
-0.3930	-0.0345	-1.0000
-0.5069	0.2105	0.0000
-0.3297	0.1202	0.0000
-0.1871	0.0939	-1.0000
-0.3158	0.0791	-1.0000
-0.1491	0.0529	-1.0000
-0.1462	0.1282	-1.0000
-0.5496	0.2509	-1.0000
-0.4371	0.1772	0.0000
-0.4603	0.0997	0.0000
-0.0649	-0.0282	0.0000
-0.2829	0.3936	0.0000
-0.4110	0.1688	0.0000
-0.3145	0.3959	-2.0000
-0.0751	-0.0147	0.0000
-0.4732	0.2005	0.0000
-0.3978	0.1918	-1.0000
-0.2082	0.2847	-1.0000
-0.2206	0.2483	0.0000
-0.0698	0.0005	-1.0000
-0.5525	0.2519	-1.0000
-0.1467	0.2868	-1.0000
