5.0382e-01
4.1019e-01
2.7617e-01
5.1602e-01
4.6734e-01
3.2469e-01
3.2876e-01
3.4206e-01
4.0252e-01
1.4100e-01
6.6173e-02
1.9262e-01
3.1028e-01
4.7700e-01
1.7343e-01
1.3804e-01
3.4906e-01
2.9409e-01
3.4054e-01
1.4857e-01
1.9753e-01
4.7209e-01
2.0114e-01
4.4705e-01
3.8455e-01
1.2722e-01
2.2538e-01
5.1170e-01
1.4023e-01
8.2676e-02
1.4976e-01
1.9153e-01
5.1519e-01
2.4065e-01
1.3779e-01
4.3122e-01
3.0481e-01
1.7845e-01
5.3813e-01
1.5202e-01
5.0138e-02
1.0372e-01
4.5517e-01
3.5998e-01
1.1745e-01
3.7676e-01
2.1172e-01
1.1807e-01
3.4308e-01
2.7347e-01
2.0289e-01
2.1925e-01
2.5556e-01
2.1185e-01
2.8489e-01
2.2123e-01
1.3256e-01
1.5969e-01
2.7289e-01
1.4554e-01
1.6453e-01
1.2999e-01
1.7947e-01
3.4361e-01
1.7606e-01
2.2318e-01
2.0193e-01
7.3831e-02
1.4365e-01
1.8287e-01
2.4323e-01
1.1176e-01
1.4891e-01
3.9163e-01
2.1552e-01
4.9402e-01
2.2268e-01
1.3444e-01
1.7809e-01
2.9623e-01
4.5075e-01
1.7598e-01
3.1695e-01
2.4024e-01
2.0558e-01
5.3802e-01
1.6241e-01
1.7924e-01
3.5019e-01
2.6518e-01
6.2056e-01
1.5002e-01
4.3892e-01
1.5901e-01
1.3484e-01
3.7643e-01
1.4604e-01
1.6955e-01
2.1147e-01
2.9116e-01
2.9790e-01
4.3715e-01
1.9705e-01
2.6115e-01
2.8593e-01
1.7129e-01
3.1410e-01
1.8841e-01
4.9216e-01
1.5934e-01
3.2541e-01
1.6713e-01
1.8938e-01
1.5489e-01
1.7094e-01
2.0857e-01
1.8969e-01
1.9057e-01
3.8242e-01
5.7856e-01
5.6533e-01
2.4205e-01
3.4290e-01
2.4456e-01
1.3088e-01
5.3947e-01
4.5755e-01
1.6175e-01
1.4816e-01
4.0316e-01
5.3424e-01
3.4849e-01
1.1690e-01
1.8680e-01
1.5627e-01
1.4473e-01
1.6522e-01
2.3615e-01
5.6289e-01
1.1548e-01
1.5911e-01
3.5982e-01
1.2668e-01
8.9198e-02
1.8737e-01
2.3752e-01
1.4316e-01
4.2168e-02
1.5170e-01
1.6210e-01
2.3033e-01
1.7372e-01
1.3813e-01
3.3150e-01
5.9156e-01
2.7833e-01
6.5933e-02
1.5173e-01
6.3013e-01
6.6224e-02
2.3405e-01
1.3851e-01
1.3146e-01
3.6931e-01
3.1660e-01
2.5667e-01
1.4467e-01
5.1791e-01
4.2771e-01
1.5403e-01
2.2955e-01
1.8223e-01
3.0408e-01
2.0088e-01
1.9316e-01
3.9772e-01
1.0142e-01
1.1366e-01
1.1158e-01
4.6307e-01
1.1755e-01
2.1672e-01
2.0827e-01
1.4780e-01
1.5798e-01
6.2569e-01
3.0191e-02
3.3465e-02
2.6154e-01
3.2171e-01
2.1223e-01
3.3689e-01
1.9416e-01
1.1845e-01
5.3972e-01
1.1390e-01
3.3943e-01
2.6462e-01
2.3588e-01
5.0594e-01
5.3867e-01
1.2304e-01
3.4776e-01
2.0902e-01
2.0237e-01
4.7615e-02
2.5103e-01
1.1063e-01
5.2492e-01
1.4933e-01
4.8411e-01
1.1165e-01
2.9979e-01
2.5050e-01
3.4685e-01
1.8613e-01
4.2668e-01
3.8594e-01
3.2429e-01
2.4524e-01
2.0473e-01
1.2328e-01
2.1797e-01
2.0944e-01
4.3458e-01
4.5929e-01
2.2113e-01
2.6310e-01
1.4424e-01
3.5575e-01
1.7208e-01
1.5045e-01
4.2165e-01
4.8541e-01
1.8901e-01
9.8815e-02
1.1028e-01
2.3361e-01
4.8912e-01
1.2128e-01
9.4269e-02
1.6996e-01
4.8921e-01
2.7045e-01
1.4480e-01
6.1061e-01
7.0591e-02
3.5663e-01
3.5545e-01
1.2418e-01
2.0210e-01
1.9908e-01
2.2168e-01
1.7973e-01
2.2315e-01
2.3814e-01
1.6451e-01
3.5565e-01
4.8048e-01
1.8975e-01
2.1784e-01
8.4585e-02
4.2838e-01
4.4603e+00
4.4617e-01
9.9739e-02
2.4486e-01
1.9108e-01
2.1084e-01
1.3196e-01
3.8442e-01
2.0043e-01
4.0265e-01
1.4946e-01
1.3889e-01
2.1872e-01
1.6106e-02
2.0733e-01
3.7332e-01
5.1993e-01
2.3285e-01
4.1143e-01
2.6495e-01
1.4081e-01
4.6179e-01
1.5416e-01
2.4473e-01
1.5243e-01
5.5412e-02
1.5920e-01
5.1497e-01
4.3511e-01
2.0449e-01
1.6777e-01
8.6020e-02
1.9402e-01
1.5852e-01
1.8086e-01
2.8564e-01
5.3269e-01
2.4945e-01
7.3999e-02
4.7928e-01
3.0968e-01
8.3315e-02
2.0665e-01
7.9261e-02
2.1199e-01
2.0093e-01
1.3970e-01
2.0475e-01
2.8942e-01
1.5006e-01
1.7196e-01
1.7777e-01
1.0519e-01
4.4468e-01
1.5839e-01
1.8402e-01
2.9562e-01
5.1801e-01
2.8064e-01
1.7204e-01
1.4520e-01
1.4705e-01
2.8822e-01
3.0210e-01
9.2453e-02
3.9861e-01
2.0106e-01
9.8836e-02
2.0722e-01
5.7278e-01
1.0730e-01
5.5056e-01
9.2934e-02
4.8583e-01
5.1007e-01
1.7425e-01
3.5830e-01
1.8302e-01
4.2565e-01
2.3115e-01
6.4398e-01
2.7020e-01
8.9776e-02
1.8895e-01
2.6743e-01
1.8504e-01
6.7156e-02
2.3173e-01
7.1391e-02
1.5097e-01
6.6049e-01
2.1167e-01
3.1016e-02
1.8007e-01
1.2153e-01
1.2909e-01
1.3630e-01
1.6001e-01
1.6961e-01
1.5757e-01
1.4005e-01
1.1851e-01
1.4829e-01
2.9379e-01
2.0251e-01
1.1782e-01
3.4452e-01
3.4200e-01
1.7754e-01
2.0363e-01
2.3229e-01
1.5085e-01
1.1199e-01
2.5818e-01
1.2283e-01
6.0218e-01
3.2760e-01
1.0637e-01
1.0690e-01
5.3010e-01
3.3448e-01
7.7340e-02
2.9566e-01
8.9708e-02
4.5013e-01
4.9406e-01
3.8901e-01
2.9571e-01
5.6894e-01
3.1298e-01
2.2238e-01
5.0176e-01
1.7498e-01
1.9840e-01
1.3312e-01
3.7881e-01
4.0529e-01
3.0604e-01
1.3111e-01
4.1539e-01
3.7569e-01
1.1614e-01
4.2341e-02
7.0371e-02
1.6018e-01
1.1363e-01
4.1072e-01
7.9217e-01
2.2420e-01
9.5616e-02
1.4922e-01
1.8217e-01
1.8980e-01
3.8641e-01
4.7765e-01
2.4380e-01
2.1974e-01
4.3196e-01
7.1122e-01
1.5973e-01
2.2334e-01
2.1609e-01
5.3739e-01
1.2832e-01
3.1367e-01
1.2472e-01
3.2547e-01
1.5134e-01
1.7918e-01
3.0581e-01
1.4208e-01
4.6842e-01
1.5060e-01
2.0475e-01
2.2990e-01
2.7790e-01
1.0793e-01
1.7938e-01
3.5588e-01
1.1935e-01
1.0806e-01
3.8728e-01
2.8072e-01
2.4661e-01
2.2704e-01
4.7204e-01
2.2569e-01
1.6611e-01
1.6983e-01
2.0850e-01
1.4904e-01
3.2107e-01
8.1765e-02
5.9069e-02
5.6541e-01
1.4612e-01
5.0228e-01
3.3113e-01
4.5629e-01
2.2249e-01
1.2236e-01
1.7230e-01
4.3862e-01
1.7422e-01
2.2272e-01
3.0577e-01
2.4480e-01
1.8876e-01
4.6360e-01
5.8571e-01
5.1849e-01
1.6544e-01
2.8727e-01
3.1592e-01
2.7824e-01
3.3406e-01
3.6467e-01
3.5986e-01
1.9162e-01
4.0873e-01
1.4209e-01
1.3533e-01
2.0200e-01
1.5775e-01
2.3707e-01
3.7395e-01
2.2662e-01
5.3840e-01
2.9733e-01
8.5233e-02
4.7471e-01
1.7600e-01
7.2915e-02
2.0108e-01
3.8660e-01
1.6994e-01
1.5163e-01
7.0008e-02
3.8783e-01
2.1300e-01
1.9380e-01
1.6714e-01
5.7713e-01
1.7077e-01
9.2695e-02
1.6234e-01
1.1421e-01
4.8774e-01
5.6478e-01
1.9323e-01
5.0285e-01
2.5810e-01
1.8677e-01
1.0942e-01
4.5214e-01
1.9598e-01
6.5397e-02
3.6213e-01
2.2666e-01
2.6546e-01
1.3909e-01
1.9501e-01
1.7332e-01
1.3011e-01
4.2704e-01
1.7125e-01
3.3491e-01
2.3470e-01
2.4649e-01
2.0429e-01
1.4930e-01
2.5681e-01
7.3669e-02
9.5640e-02
5.4570e-01
1.1486e-01
5.1220e-01
1.8333e-01
4.4723e-01
2.0066e-01
1.4516e-01
4.6298e-01
2.8160e-01
1.8427e-01
8.9057e-02
3.1363e-01
6.2484e-01
1.5181e-01
1.3227e-01
1.2817e-01
1.7411e-01
2.0081e-01
1.6051e-01
1.9074e-01
3.1703e-01
1.2301e-01
3.5945e-01
3.0441e-01
1.3963e-01
1.5978e-01
7.4428e-02
4.1117e-01
1.0379e-01
1.8326e-01
1.7102e-01
1.1001e-01
2.3578e-01
2.2659e-01
3.1648e-01
1.6045e-01
1.2446e-01
2.9474e-01
4.0827e-01
4.1053e-01
1.7590e-01
1.6321e-01
5.3617e-01
6.2827e-01
3.7691e-01
3.0500e-01
1.0348e-01
1.5465e-01
1.7024e-01
1.8236e-01
2.2177e-01
1.3198e-01
4.6680e-01
1.1654e-01
4.5913e-01
4.3132e-01
1.0825e-01
1.7266e-01
1.7885e-01
3.5979e-01
1.6164e-01
2.3857e-01
4.0657e-01
3.7579e-01
1.6463e-01
1.2398e-01
5.1191e-01
1.5197e-01
5.2423e-01
1.9551e-01
2.5239e-01
1.3274e-01
1.8556e-01
1.8073e-01
3.8004e-01
2.3454e-01
3.0129e-01
1.1940e-01
1.1327e-01
3.3065e-01
3.0992e-01
1.8983e-01
1.8184e-01
3.0977e-01
1.6506e-01
1.3148e-01
1.2905e-01
4.3214e-01
8.7849e-02
1.5325e-01
3.8174e-01
1.2645e-01
4.6163e-01
5.9873e-02
9.3735e-02
2.0437e-01
2.7661e-01
5.0160e-01
1.5528e-01
3.7469e-01
2.1419e-01
1.1340e-01
1.1127e-01
3.6591e-01
5.1187e-01
1.8629e-01
1.8098e-01
4.0635e-01
5.4836e-01
4.7472e-01
3.2367e-01
1.3133e-01
1.8068e-01
1.8486e-01
2.2870e-01
3.0117e-01
8.1725e-02
9.3301e-02
2.0724e-01
1.1936e-01
1.3537e-01
9.9955e-02
1.6932e-01
4.6145e-01
1.7394e-01
3.6573e-01
1.4220e-01
1.9616e-01
1.3089e-01
1.0455e-01
1.6874e-01
2.0114e-01
1.8063e-01
5.5381e-01
2.3573e-01
5.7186e-02
2.2387e-01
2.5381e-01
4.8632e-01
2.0095e-01
4.3825e-01
1.9343e-01
4.4988e-01
1.1672e-01
6.0756e-01
6.5741e-01
5.4263e-01
3.6515e-01
2.4440e-01
2.4145e-01
2.3073e-01
1.5799e-01
1.9322e-01
1.5205e-01
2.9198e-01
7.7494e-01
1.4637e-01
2.2668e-01
3.4265e-01
8.2014e-01
5.7139e-01
5.5611e-01
1.6010e-01
1.7010e-01
1.2794e-01
1.8392e-01
4.4897e-01
1.6350e-01
1.8864e-01
4.6664e-01
5.9478e-01
2.2058e-01
4.0719e-01
1.5197e-01
2.0485e-01
1.2974e-01
2.0575e-01
2.0340e-01
1.8601e-01
1.1309e-01
1.5606e-01
2.3187e-01
2.6198e-01
4.5789e-01
3.4624e-01
4.0808e-01
2.7695e-01
2.1499e-01
4.8675e-01
1.5674e-01
2.0305e-01
1.9608e-01
1.5878e-01
1.3177e-01
6.2156e-01
1.4938e-01
1.5323e-01
4.6861e-01
8.8107e-02
1.4779e-01
4.1527e-01
2.3823e-01
1.6661e-01
6.3359e-01
1.0163e-01
6.0918e-01
1.1014e-01
1.0232e-01
5.1923e-01
1.1610e-01
4.7437e-01
2.9498e-01
1.7332e-01
7.3643e-02
1.9068e-01
5.8554e-01
2.5885e-01
2.1983e-01
9.4738e-02
2.1859e-01
6.5542e-02
6.3973e-02
2.0900e-01
1.6374e-01
2.1229e-01
1.5760e-01
3.1918e-01
5.0142e-01
3.0421e-01
2.0627e-01
4.3205e-01
9.3483e-02
3.8492e-01
1.5110e-01
3.6504e-02
8.4640e-02
3.2730e-01
3.1135e-01
2.4134e-01
1.4607e-01
2.0042e-01
5.1421e-01
1.9624e-01
2.1952e-01
2.1880e-01
5.7050e-01
2.2411e-01
1.6693e-01
1.1359e-01
3.9267e-01
2.4210e-01
5.1943e-01
2.2645e-01
1.1781e-01
1.1447e-01
2.5670e-01
6.1201e-01
1.1259e-01
5.8232e-01
1.3356e-01
1.4466e-01
1.5317e-01
3.7473e-01
3.1006e-01
5.3445e-01
1.3192e-01
4.3080e-01
1.9021e-01
1.0593e-01
4.7170e-01
1.4827e-01
2.0263e-01
1.9731e-01
4.2973e-01
1.3958e-01
2.9102e-01
2.4849e-01
5.7926e-01
4.0894e-01
6.9267e-01
3.5034e-01
1.8969e-01
3.6354e-01
2.8351e-01
4.7797e-01
9.4290e-02
1.3519e-01
1.3046e-01
1.3666e-01
1.9740e-01
1.6282e-01
1.1512e-01
2.6104e-01
2.9351e-01
2.1543e-01
1.4823e-01
5.5095e-01
5.3146e-02
1.0272e-01
5.7157e-01
4.5938e-01
5.8567e-01
2.9710e-01
1.7867e-01
6.1853e-02
3.6756e-01
2.7542e-01
4.4085e-01
5.9893e-02
3.0199e-01
3.8842e-01
1.1887e-01
1.2671e-01
3.1774e-01
2.6663e-01
2.3312e-01
1.2709e-01
2.9821e-01
1.7201e-01
1.8427e-01
1.6386e-01
1.8476e-01
1.0091e-01
2.0660e-01
1.1874e-01
1.6416e-01
2.2553e-01
4.8900e-01
1.9146e-01
1.6125e-01
4.8224e-01
1.6386e-01
2.0454e-01
1.7674e-01
1.2624e+00
1.5871e-01
5.6179e-01
2.2284e-01
2.9768e-01
4.1432e-01
2.8542e-01
2.9749e-01
1.7551e-01
9.3920e-02
8.7515e-02
3.6032e-01
1.2321e-01
4.9929e-02
1.5463e-01
5.4738e-01
9.0743e-02
1.6477e-01
6.4524e-02
2.8085e-01
6.4820e-02
4.8457e-01
2.3839e-01
4.2253e-01
5.1583e-01
2.3300e-01
1.4412e-01
7.4777e-01
2.5844e-01
3.0212e-01
2.4159e-01
4.5449e-01
3.1711e-01
5.7904e-01
3.1142e-01
1.7074e-01
2.4470e-01
4.3527e-01
5.3935e-01
1.1588e-01
3.4906e-01
9.0898e-02
1.5202e-01
1.4681e-01
2.1586e-01
2.3041e-01
1.4587e-01
6.1867e+00
1.8687e-01
2.7803e-01
7.0095e-01
2.5379e-01
5.7938e-01
1.5664e-01
1.5678e-01
1.3005e-01
2.0817e-01
1.1306e-01
3.0973e-01
3.1355e-01
1.8852e-01
7.5820e-02
3.3211e-01
3.7931e-01
3.6725e-01
1.6540e-01
3.2252e-01
4.8128e-02
1.6137e-01
2.5916e-01
3.9419e-01
2.6555e-01
2.7477e-01
1.2244e-01
1.2274e-01
2.0813e-01
2.0722e-01
7.0113e-02
3.0363e-01
2.1075e-01
2.0343e-01
2.4841e-01
1.2561e-01
4.0996e-01
4.2664e-01
1.3190e-01
2.2230e-01
1.9496e-01
2.7647e-01
2.2593e-01
8.6309e-02
4.2818e-01
9.2465e-02
1.1221e-01
3.9515e-01
7.6936e-02
2.2311e-01
4.4631e-01
4.8443e-01
4.5065e-01
1.9983e-01
1.7362e-01
1.1960e-01
1.5925e-01
2.4601e-01
2.1370e-01
3.7727e-01
1.0854e-01
1.6273e-01
1.2454e-01
2.6467e-01
2.5653e-01
5.1827e-01
1.6269e-01
1.6284e-01
2.0826e-01
3.1688e-01
1.4977e-01
3.1758e-01
7.2734e-02
2.6314e-01
1.6098e-01
2.3361e-01
1.1882e-01
6.2988e-01
3.9100e-01
1.6162e-01
1.5661e-01
2.1126e-01
