0.1493	0.2796	-3.0000
0.1438	0.4779	-2.0000
-0.1019	-0.3540	-2.0000
0.3238	-0.3853	0.0000
0.5031	0.2112	-1.0000
-0.1594	-0.0998	-3.0000
0.5221	-0.2516	0.0000
-0.4107	-0.2779	-1.0000
0.3741	0.2520	-1.0000
0.1515	-0.3513	-2.0000
0.0181	-0.5279	-1.0000
0.2127	-0.2775	-3.0000
-0.1087	-0.1074	-3.0000
0.2747	0.4619	0.0000
0.0779	0.2585	-1.0000
-0.4885	-0.2251	0.0000
0.0296	-0.1296	-2.0000
0.4995	0.1723	0.0000
0.4122	-0.3790	-1.0000
-0.5245	0.1140	-1.0000
-0.4564	-0.1135	-2.0000
0.4895	-0.2140	-1.0000
0.0905	-0.0077	-1.0000
-0.0121	-0.1944	-2.0000
0.0648	-0.2511	-1.0000
0.3719	-0.2868	-2.0000
-0.1600	-0.2461	-3.0000
0.0003	0.3548	-3.0000
0.1078	-0.5594	0.0000
-0.5131	0.0709	0.0000
0.0675	-0.1671	0.0000
0.1259	0.1687	0.0000
-0.1815	0.5045	0.0000
0.0148	-0.1461	-1.0000
0.1653	0.0000	-1.0000
-0.5662	0.1094	0.0000
0.1312	-0.5298	0.0000
-0.5311	-0.0197	-1.0000
-0.4746	-0.0053	-2.0000
0.4077	-0.1349	-2.0000
0.1219	-0.1291	-1.0000
0.0301	-0.0108	-3.0000
-0.2281	-0.1436	-3.0000
-0.1547	0.0465	-3.0000
-0.1357	0.2706	-3.0000
-0.0842	0.0816	0.0000
-0.3560	0.0498	-3.0000
0.4285	-0.2900	0.0000
-0.0163	-0.3387	-3.0000
0.1785	-0.0982	0.0000
-0.0161	0.0303	-3.0000
0.2946	0.1779	0.0000
-0.4517	-0.3235	0.0000
-0.0835	0.1023	-3.0000
0.3786	-0.4131	0.0000
-0.2236	0.2935	-3.0000
0.4485	-0.3504	-1.0000
0.0782	-0.3291	-2.0000
-0.3720	0.3095	-2.0000
-0.1155	-0.0194	-3.0000
0.4559	0.2991	-1.0000
0.0121	0.0951	-1.0000
0.3707	0.4102	-1.0000
-0.3342	0.1064	0.0000
-0.0877	0.0513	-3.0000
-0.0516	-0.1615	-3.0000
0.1492	0.2131	-1.0000
0.3204	0.4442	-1.0000
0.0252	0.0166	-1.0000
-0.1593	-0.3542	0.0000
-0.4297	-0.2895	0.0000
-0.3224	-0.2434	-1.0000
0.2730	-0.3013	-1.0000
-0.0998	0.1141	-3.0000
-0.1709	-0.2736	-3.0000
0.2311	-0.5318	0.0000
0.1265	-0.4592	-2.0000
-0.0285	-0.4688	-2.0000
0.0966	-0.0018	-3.0000
0.0433	-0.3382	0.0000
-0.1246	0.2939	-3.0000
0.0522	-0.4400	-3.0000
0.1044	0.3776	-3.0000
-0.0933	-0.1033	-3.0000
-0.0473	0.0365	-1.0000
-0.1767	0.0670	0.0000
-0.0879	0.0323	-2.0000
-0.4096	0.2918	-1.0000
-0.2287	0.3219	-1.0000
-0.2441	0.4086	-2.0000
-0.0516	-0.4742	-1.0000
-0.0102	0.3362	-3.0000
-0.0169	-0.3379	-3.0000
-0.1286	0.4194	-2.0000
0.0856	-0.0452	-3.0000
-0.0184	-0.3535	0.0000
0.1638	-0.0085	-2.0000
0.3315	-0.2693	-1.0000
0.0964	0.2391	-3.0000
-0.3296	0.0935	0.0000
0.1180	0.3360	-3.0000
-0.0781	-0.3986	0.0000
-0.1310	0.0792	0.0000
-0.3913	-0.3697	-1.0000
-0.0850	-0.0430	-3.0000
0.2629	-0.4141	0.0000
-0.1545	-0.1037	0.0000
-0.3657	0.2005	-2.0000
0.3157	0.3952	-1.0000
0.4032	0.2633	0.0000
-0.3128	0.3744	-2.0000
0.0357	0.2127	0.0000
-0.2288	-0.3720	-3.0000
-0.0610	0.2197	-3.0000
0.4524	0.3703	0.0000
0.1514	-0.2659	-3.0000
-0.1055	0.5170	-1.0000
0.4818	-0.0784	-1.0000
-0.3324	0.1669	-3.0000
0.3416	-0.3750	0.0000
0.2059	-0.4178	-2.0000
-0.1815	0.0701	-2.0000
0.0850	0.3353	-3.0000
-0.2386	-0.4013	-2.0000
-0.0352	0.4042	-2.0000
-0.4333	-0.1335	-1.0000
-0.3108	-0.0883	0.0000
0.0586	0.4284	-2.0000
0.3087	0.3795	-2.0000
0.4734	0.2923	0.0000
-0.3623	0.4287	0.0000
0.2014	-0.2570	-1.0000
-0.2098	0.4467	-2.0000
-0.2034	-0.3450	-3.0000
0.0728	-0.3377	0.0000
0.1643	0.1581	0.0000
-0.1453	-0.4594	0.0000
0.0379	0.5301	-1.0000
-0.3033	0.1183	-3.0000
-0.3753	-0.4440	0.0000
0.0061	-0.3616	-3.0000
-0.4636	0.0553	-1.0000
0.2354	-0.0024	0.0000
-0.4126	-0.4031	0.0000
0.3482	0.3718	-1.0000
-0.1944	-0.3195	-1.0000
-0.3215	0.2688	-2.0000
0.0010	0.3801	0.0000
0.3145	-0.3852	0.0000
0.1453	0.0242	-1.0000
-0.3610	0.3319	-2.0000
0.1873	0.5040	0.0000
0.2114	0.0876	0.0000
0.2920	0.2148	-2.0000
-0.2947	-0.2792	-1.0000
-0.0254	0.2344	-1.0000
-0.1285	-0.5279	-1.0000
0.1231	-0.2065	-3.0000
-0.1748	0.5347	0.0000
-0.0725	-0.0455	-3.0000
-0.2360	0.1236	-3.0000
0.2855	-0.4768	0.0000
0.2572	0.1868	-3.0000
0.2323	0.0405	-3.0000
-0.2236	0.1475	-1.0000
-0.0245	-0.0567	-3.0000
-0.3383	0.1529	-2.0000
0.3544	0.0119	-2.0000
-0.2812	-0.0542	-1.0000
0.3710	0.1698	-1.0000
-0.1531	-0.2263	-3.0000
0.2111	0.2949	-2.0000
0.2451	-0.4233	-2.0000
0.1623	0.0977	-2.0000
0.5044	-0.2601	0.0000
-0.1801	-0.4587	0.0000
0.3910	-0.2034	0.0000
-0.0465	0.2711	-3.0000
-0.0001	0.5416	-1.0000
-0.3712	-0.4066	-1.0000
-0.4493	-0.2203	-1.0000
-0.3270	-0.3989	0.0000
-0.1193	-0.1311	-3.0000
0.1697	0.0363	-1.0000
-0.5274	0.2295	0.0000
0.2532	0.2658	-1.0000
-0.3776	0.4579	0.0000
-0.0450	-0.5057	0.0000
0.3360	0.0803	-3.0000
0.1382	-0.5034	-1.0000
-0.3914	-0.0130	-3.0000
-0.1870	-0.4765	-1.0000
0.2191	0.4120	0.0000
0.4426	-0.3909	0.0000
0.3000	0.2354	-3.0000
-0.4719	-0.1991	-1.0000
0.5430	0.1026	0.0000
-0.2835	-0.4430	-1.0000
-0.0128	0.1325	-2.0000
-0.5487	-0.0825	-1.0000
0.0921	0.5635	0.0000
-0.1525	-0.4330	-1.0000
-0.2256	-0.4473	-1.0000
-0.4373	-0.1112	-1.0000
-0.0118	-0.3453	-2.0000
0.0739	0.1519	-3.0000
-0.2517	0.4651	-1.0000
0.0030	0.2606	-3.0000
0.1625	0.5632	0.0000
-0.1528	-0.0242	-3.0000
-0.1474	-0.2330	0.0000
0.0335	0.4311	0.0000
-0.3900	-0.0865	0.0000
-0.1104	0.0846	-3.0000
-0.0406	-0.1306	-1.0000
0.1282	-0.1254	-2.0000
-0.0380	0.5247	-1.0000
0.0044	0.5455	-1.0000
0.3812	-0.2901	-2.0000
0.3103	0.3691	-2.0000
-0.2320	-0.4145	-2.0000
-0.3634	0.1768	-1.0000
-0.2511	-0.3987	-2.0000
-0.1982	0.1875	0.0000
-0.2194	-0.5362	0.0000
-0.1852	0.1581	-3.0000
-0.3293	-0.4647	0.0000
-0.2114	0.0206	-2.0000
-0.3865	0.3300	-2.0000
-0.1218	0.0563	-3.0000
0.3016	-0.4023	-2.0000
0.2576	-0.1179	-3.0000
-0.0489	-0.3684	-3.0000
-0.2005	-0.0429	-3.0000
-0.2262	-0.3720	-2.0000
-0.1039	0.5340	-1.0000
-0.2330	-0.1572	-1.0000
0.4889	-0.0863	0.0000
-0.1958	0.3079	-1.0000
-0.0140	0.4976	0.0000
-0.3725	-0.3392	0.0000
-0.3870	0.3810	0.0000
-0.0150	0.1651	-3.0000
0.1111	-0.0427	-3.0000
0.0219	0.2444	-3.0000
0.2436	0.0234	0.0000
0.4492	0.2784	-1.0000
0.1712	0.5078	0.0000
0.3800	0.3565	-1.0000
-0.0856	-0.1571	-2.0000
-0.5491	0.0727	0.0000
-0.3327	-0.2370	-3.0000
-0.1448	0.1556	-3.0000
0.3627	-0.2569	-1.0000
0.0534	-0.5161	-1.0000
-0.4840	-0.3192	0.0000
0.1591	-0.1681	-3.0000
-0.1123	-0.2394	-3.0000
0.1819	-0.1421	-2.0000
0.0232	0.2856	-3.0000
0.0427	0.4593	-2.0000
-0.0103	-0.2856	-3.0000
-0.1590	-0.1061	-3.0000
-0.0112	-0.0579	-3.0000
-0.0647	-0.1439	-1.0000
-0.4880	0.1913	-2.0000
-0.3283	0.3731	0.0000
0.2516	-0.4092	-2.0000
-0.4108	0.1751	0.0000
0.3328	-0.0671	-3.0000
-0.0015	0.5059	-2.0000
-0.1748	-0.4848	-1.0000
-0.2438	0.0408	-2.0000
-0.0853	0.1446	-2.0000
0.4609	-0.0203	-1.0000
0.3919	0.1558	-2.0000
-0.2688	0.0889	-1.0000
-0.4769	0.0717	-1.0000
-0.0623	0.2184	-1.0000
-0.3936	0.2715	-2.0000
0.1103	0.2027	-2.0000
0.1921	0.0243	-3.0000
-0.4488	0.3807	0.0000
-0.2309	0.0998	-2.0000
0.1610	-0.4264	-2.0000
0.2445	-0.5087	0.0000
-0.2159	-0.1182	-1.0000
-0.3524	0.4074	-1.0000
0.1741	0.3704	-2.0000
-0.4961	0.1364	-1.0000
-0.3814	0.3821	-2.0000
-0.5323	0.1903	-1.0000
-0.1449	-0.4989	0.0000
0.2066	-0.3164	-2.0000
-0.4237	-0.2390	-2.0000
0.1607	-0.2195	-2.0000
0.3347	0.0783	-1.0000
-0.2860	0.0227	0.0000
-0.0313	0.2300	-3.0000
-0.0240	-0.3208	-1.0000
0.2330	-0.4639	-1.0000
-0.4377	-0.3555	0.0000
-0.3115	0.1825	-1.0000
-0.5391	-0.0846	-1.0000
-0.1485	0.2409	-3.0000
-0.3733	0.4229	-1.0000
-0.1082	-0.0124	-3.0000
0.3741	-0.0090	-2.0000
0.0084	0.1445	-3.0000
-0.1399	-0.0979	0.0000
0.3901	-0.2074	-2.0000
0.1577	-0.4713	0.0000
0.2753	-0.1397	-1.0000
0.2376	0.3028	-3.0000
-0.2005	-0.4111	-2.0000
-0.0858	-0.4226	0.0000
0.5129	-0.0299	-1.0000
0.4224	-0.3659	-1.0000
-0.0117	0.4502	-2.0000
0.2034	0.2054	0.0000
-0.0559	0.1994	-1.0000
-0.0506	0.4872	-2.0000
0.0528	-0.1247	-1.0000
0.1388	0.2050	0.0000
-0.3127	0.4215	-1.0000
0.0293	0.2675	0.0000
0.0070	0.1862	-3.0000
0.0255	-0.3317	-2.0000
0.0576	0.3436	-3.0000
0.1984	0.1292	0.0000
0.0753	0.2899	-3.0000
0.4348	0.0411	-1.0000
0.1876	0.3278	-1.0000
-0.3350	-0.0209	-3.0000
-0.1910	0.1905	-2.0000
-0.3329	-0.0770	0.0000
0.2760	-0.0915	0.0000
-0.1907	0.3335	-2.0000
0.2022	-0.4777	-1.0000
-0.1996	-0.4128	-2.0000
0.0068	-0.0648	-3.0000
0.2357	0.0382	-2.0000
0.2862	-0.0408	-1.0000
-0.3941	0.1536	-3.0000
0.0200	0.4412	-3.0000
0.3951	-0.1806	-1.0000
0.1069	-0.0138	0.0000
-0.3242	0.0594	-3.0000
-0.1157	-0.0608	-3.0000
-0.4616	-0.2901	0.0000
0.3606	0.2018	-3.0000
0.3166	0.0094	0.0000
-0.2254	-0.2008	-1.0000
-0.2544	0.0495	0.0000
0.2003	0.1275	-2.0000
0.4751	-0.2961	0.0000
-0.0346	-0.4650	-1.0000
0.1930	0.2603	-3.0000
-0.1641	0.2621	-3.0000
-0.0868	0.1806	-3.0000
0.2389	0.3825	-1.0000
0.2014	0.3460	-1.0000
-0.0430	0.0561	-3.0000
0.2816	0.0706	-1.0000
-0.1710	-0.2530	-3.0000
-0.3921	0.4232	0.0000
-0.0738	-0.3169	-2.0000
-0.1169	0.0266	0.0000
0.3103	0.0689	-3.0000
0.4407	-0.3699	0.0000
0.0476	-0.0132	-1.0000
-0.1635	0.1174	-3.0000
-0.0829	0.5226	-2.0000
-0.0166	-0.5189	-1.0000
0.1523	-0.0438	-3.0000
0.2510	-0.0823	0.0000
-0.2477	0.4717	-2.0000
-0.1661	0.3172	-2.0000
-0.4239	0.1846	0.0000
0.4920	-0.1768	-1.0000
-0.0595	0.4656	-1.0000
0.0221	0.5385	-1.0000
-0.2749	-0.3006	-3.0000
0.3797	-0.3782	0.0000
-0.0149	0.0313	-1.0000
0.0759	0.4958	0.0000
0.2145	0.0028	-1.0000
-0.5776	0.1126	0.0000
0.1806	-0.3595	-1.0000
0.1237	-0.0337	-3.0000
0.0991	0.0297	-3.0000
-0.1804	0.4107	-2.0000
0.0777	-0.3267	-1.0000
0.0044	-0.0540	-3.0000
-0.5044	-0.0856	-1.0000
-0.2405	0.3777	-2.0000
-0.5122	0.2412	0.0000
0.2315	-0.3408	-2.0000
-0.1536	0.4747	-2.0000
0.2017	-0.2468	-1.0000
0.0977	0.0321	-3.0000
-0.3785	-0.2038	-2.0000
0.3074	0.1795	-3.0000
-0.0135	-0.0483	0.0000
0.1947	0.2441	-2.0000
-0.4192	-0.0756	-2.0000
-0.2945	-0.0695	-2.0000
-0.0004	-0.1238	-2.0000
0.1442	0.2218	-2.0000
-0.0038	-0.0843	-3.0000
0.4402	-0.2969	-1.0000
0.4864	-0.3209	0.0000
0.4141	-0.3466	-1.0000
0.0111	0.2649	-3.0000
-0.3933	-0.3091	-2.0000
0.0463	0.1249	-3.0000
-0.5690	0.1297	0.0000
0.4327	0.0307	-1.0000
-0.3329	-0.0418	-2.0000
-0.1829	-0.2422	-2.0000
-0.3118	-0.4818	0.0000
0.0462	-0.4412	-2.0000
0.2937	-0.0122	0.0000
-0.2921	0.3587	-2.0000
0.0221	-0.5170	0.0000
0.5684	-0.1121	0.0000
0.3648	-0.3967	-1.0000
-0.0854	-0.0262	-2.0000
-0.0140	0.0484	-3.0000
0.3198	0.4858	0.0000
0.0149	-0.2644	-3.0000
0.0760	-0.1131	-2.0000
-0.1537	-0.3160	-1.0000
-0.0195	0.4350	-1.0000
-0.5456	-0.0984	-1.0000
-0.1891	0.0323	0.0000
-0.4394	0.0380	-1.0000
-0.0650	0.0391	-3.0000
-0.2284	0.0278	-3.0000
0.2246	0.1602	-1.0000
-0.3277	-0.0951	0.0000
0.2766	-0.0526	-2.0000
-0.0453	-0.5390	0.0000
-0.0098	-0.2159	-1.0000
0.3756	0.2870	-2.0000
0.3803	-0.0062	0.0000
0.0276	0.1492	-3.0000
0.1723	0.1095	0.0000
0.0310	0.4356	-2.0000
-0.2873	0.0065	-3.0000
0.1850	0.3647	-2.0000
0.3138	-0.1926	0.0000
-0.4542	-0.1949	-1.0000
-0.0744	0.2884	-3.0000
0.0084	-0.1875	-3.0000
-0.2868	-0.2325	-2.0000
0.4190	0.3093	-2.0000
-0.4818	0.1842	-2.0000
0.1014	0.5141	-2.0000
0.3399	0.1685	-2.0000
-0.2021	0.3585	-3.0000
0.1732	0.1671	-3.0000
-0.0165	0.3658	-2.0000
-0.2526	-0.0925	-3.0000
0.1400	-0.3967	-1.0000
0.0199	-0.0410	-1.0000
0.2339	-0.3934	-2.0000
-0.3668	-0.4073	0.0000
0.5428	-0.1226	0.0000
-0.0309	0.4332	-2.0000
0.2072	-0.1685	-2.0000
-0.2447	-0.4635	0.0000
0.5259	0.1255	-1.0000
0.0855	-0.1052	-3.0000
-0.0562	-0.0727	-1.0000
0.0309	0.0605	-3.0000
-0.0518	0.1253	0.0000
0.2813	0.1838	0.0000
0.0325	0.3206	-3.0000
-0.1484	-0.4855	-1.0000
0.0310	0.2153	-2.0000
-0.2444	0.2822	-3.0000
-0.0249	0.3958	0.0000
-0.3342	-0.2426	-1.0000
-0.2897	0.3818	-1.0000
-0.2529	-0.3981	-2.0000
0.2887	-0.0944	-3.0000
0.2496	-0.1257	-3.0000
-0.0697	0.3624	-2.0000
0.1403	0.3457	-3.0000
0.1540	0.4952	-2.0000
0.1257	-0.3621	-3.0000
0.2268	0.0995	-3.0000
0.2621	0.0818	-2.0000
-0.4863	0.0601	-1.0000
-0.2102	-0.3477	-2.0000
0.3454	0.4127	-1.0000
0.2196	0.4615	-1.0000
-0.0929	-0.3067	-3.0000
0.0350	-0.2490	-3.0000
-0.1037	-0.3894	-1.0000
0.0497	0.1360	-1.0000
-0.5109	0.2418	-1.0000
0.0587	-0.3418	-1.0000
0.3531	-0.0525	0.0000
0.1950	0.1750	-2.0000
-0.0442	0.2831	-3.0000
-0.1845	-0.3141	-3.0000
-0.5438	-0.2088	0.0000
-0.1556	-0.5316	-1.0000
-0.2676	-0.0990	0.0000
-0.1835	-0.1511	-2.0000
0.1288	-0.0445	-3.0000
-0.0123	-0.0498	-1.0000
0.2674	-0.3376	0.0000
-0.3383	-0.4652	0.0000
0.0377	0.1192	-3.0000
0.4485	0.0549	0.0000
-0.1798	-0.4486	-1.0000
0.4149	-0.1608	-2.0000
-0.0690	0.0581	-3.0000
-0.3311	-0.1588	-1.0000
-0.0586	-0.2116	-2.0000
0.1153	0.3902	-2.0000
0.3167	0.1082	-2.0000
0.1173	0.1072	-3.0000
0.3895	-0.2056	-2.0000
0.4122	0.0106	-2.0000
-0.3165	0.1851	-1.0000
0.1291	-0.0013	-3.0000
0.3409	-0.3293	0.0000
0.0780	-0.3177	-3.0000
-0.0603	-0.0015	-3.0000
-0.0396	-0.1877	0.0000
0.1826	-0.0879	-3.0000
-0.2041	-0.2871	-1.0000
-0.1722	0.2920	-1.0000
-0.1720	0.5145	-1.0000
0.1398	-0.1240	-3.0000
0.1897	-0.2038	-2.0000
-0.0675	0.1389	-2.0000
-0.4637	0.3512	0.0000
0.3968	-0.1115	-2.0000
-0.2690	-0.3623	0.0000
-0.0609	0.3362	-1.0000
-0.1538	0.3018	0.0000
0.4240	-0.2443	0.0000
-0.2244	-0.2099	0.0000
-0.1201	-0.2525	-3.0000
-0.2952	0.4248	-1.0000
0.3914	-0.2734	-2.0000
0.0006	-0.1043	-3.0000
0.0778	0.2101	-3.0000
0.1412	0.5414	0.0000
0.0865	0.2970	0.0000
-0.5088	0.1093	-1.0000
0.1975	0.3540	-2.0000
-0.0389	-0.1310	0.0000
-0.2408	-0.4606	0.0000
-0.0046	0.2096	-1.0000
0.2561	-0.0361	0.0000
-0.0597	-0.5002	-1.0000
-0.2493	0.1143	-3.0000
-0.3936	-0.1661	-2.0000
-0.0755	0.2175	-3.0000
-0.2804	0.0666	-3.0000
0.0507	-0.4582	-1.0000
-0.2237	0.0295	-3.0000
0.3090	-0.3804	0.0000
0.4335	0.2551	-1.0000
0.0029	0.5797	0.0000
0.0587	0.2714	-3.0000
-0.2315	-0.5206	0.0000
0.0402	0.4371	-3.0000
-0.2761	0.0402	-3.0000
0.1890	-0.4554	0.0000
-0.1613	0.4264	-1.0000
-0.4904	0.0478	-1.0000
-0.1105	-0.4536	-2.0000
-0.1963	-0.3606	-1.0000
-0.5344	0.0924	-1.0000
0.2962	0.0951	-3.0000
-0.0626	-0.0413	-3.0000
0.1419	0.1144	-3.0000
0.3644	-0.4240	0.0000
0.1302	-0.5017	0.0000
-0.0490	-0.2207	-3.0000
0.1620	-0.2451	-3.0000
-0.4945	0.2714	0.0000
-0.0687	0.0656	-3.0000
-0.2565	0.4213	-1.0000
-0.3082	-0.4775	0.0000
-0.3316	0.4590	-1.0000
-0.5564	-0.1169	0.0000
0.0008	0.3897	-3.0000
-0.2339	-0.3322	0.0000
-0.0945	0.0267	-3.0000
-0.3316	-0.1673	-2.0000
-0.4620	0.3813	0.0000
0.1456	0.0495	-3.0000
0.0974	0.3447	-1.0000
-0.0130	0.1042	0.0000
-0.4846	0.1198	-1.0000
-0.1530	0.4785	-2.0000
0.4256	0.0264	-2.0000
0.2781	0.3050	-2.0000
-0.2450	0.0445	-3.0000
-0.3064	-0.4168	-1.0000
0.4282	0.0341	-2.0000
-0.2637	0.1817	-3.0000
-0.1538	0.0842	-2.0000
-0.0864	0.4675	-1.0000
0.1344	0.3212	-3.0000
0.3323	-0.4073	-1.0000
0.0124	0.5755	0.0000
-0.1702	-0.1942	-3.0000
-0.3574	-0.0074	-2.0000
-0.0782	-0.2978	-3.0000
0.4914	0.3044	0.0000
0.3480	-0.2443	-1.0000
-0.4702	0.3242	0.0000
0.1784	-0.4298	0.0000
0.1599	-0.2567	-1.0000
0.2813	0.2441	-2.0000
-0.0246	0.0979	-1.0000
0.0201	-0.4706	-2.0000
0.1684	-0.0325	-3.0000
0.1065	0.2429	0.0000
0.0055	-0.3289	-3.0000
-0.2720	-0.3826	-1.0000
-0.0512	0.1434	-3.0000
-0.2518	0.2108	-3.0000
-0.1564	0.0849	-3.0000
-0.0731	-0.4997	-2.0000
-0.1006	0.2582	-1.0000
0.3454	0.3137	-2.0000
-0.2014	-0.1993	-3.0000
-0.0238	0.1544	0.0000
-0.2109	0.1067	-3.0000
-0.2571	-0.3208	-2.0000
0.5128	0.2010	-1.0000
-0.1480	0.4299	-2.0000
-0.2001	-0.4273	-2.0000
-0.2590	-0.4042	0.0000
-0.3204	0.4268	0.0000
-0.5023	0.1939	-1.0000
0.1177	0.0048	-3.0000
0.2936	-0.0436	-3.0000
0.3840	0.0840	-1.0000
-0.4667	0.0708	-2.0000
0.4898	-0.3150	0.0000
-0.0040	-0.2228	-1.0000
0.1109	0.1169	-3.0000
0.5120	-0.1422	-1.0000
-0.3238	0.4540	0.0000
0.3984	-0.1544	0.0000
-0.1597	0.1059	-3.0000
-0.1170	-0.1833	-3.0000
-0.2119	0.1328	-3.0000
0.4355	-0.3782	0.0000
0.0442	0.2351	-3.0000
-0.0177	0.3802	-3.0000
0.0916	0.5398	0.0000
-0.3542	0.0039	-2.0000
0.2790	-0.1413	0.0000
-0.3893	0.3711	-1.0000
0.1551	-0.1363	0.0000
0.2514	0.4281	0.0000
-0.3515	0.1913	-1.0000
-0.2976	0.2149	-2.0000
0.3617	-0.0780	-3.0000
0.0091	0.5255	-1.0000
0.0500	-0.3304	-1.0000
-0.0866	0.4157	0.0000
0.2155	0.4972	-1.0000
-0.3901	0.1960	0.0000
-0.2598	0.3024	-3.0000
0.0949	-0.1072	-3.0000
0.0824	0.5205	-1.0000
0.3225	-0.1285	-2.0000
-0.1437	0.0284	-2.0000
-0.0438	0.2568	0.0000
0.5328	0.1862	0.0000
-0.5055	-0.0206	-1.0000
-0.3002	0.3178	-2.0000
-0.3030	0.0138	-3.0000
-0.5004	0.1240	-2.0000
-0.1758	0.0896	-2.0000
0.4560	-0.3443	0.0000
0.2651	0.1733	-3.0000
-0.1331	0.1450	-3.0000
0.0342	-0.3924	-1.0000
0.2118	-0.3522	-1.0000
0.4377	0.0235	-2.0000
-0.4159	-0.2880	-2.0000
-0.1294	0.0960	-3.0000
0.0107	-0.1819	-3.0000
0.1033	0.0139	-3.0000
-0.2629	0.2838	0.0000
0.1992	0.1134	-2.0000
-0.2251	0.2154	-3.0000
-0.4646	-0.1616	0.0000
0.0569	-0.2738	-3.0000
-0.2100	0.1382	-3.0000
-0.0239	-0.4107	-2.0000
-0.3862	0.3319	-2.0000
0.0433	0.0415	0.0000
-0.2775	0.5134	0.0000
-0.2207	0.0356	-3.0000
-0.2408	-0.0776	-3.0000
-0.0173	-0.2135	0.0000
-0.2993	0.1447	0.0000
-0.1024	0.3815	-1.0000
-0.2311	0.2276	-2.0000
-0.4505	0.1957	0.0000
-0.1971	0.2209	-3.0000
0.1587	-0.0033	0.0000
0.0494	-0.3227	0.0000
0.3073	-0.0440	-2.0000
-0.0565	0.3929	-3.0000
-0.4791	0.1623	-2.0000
0.3297	0.1880	-3.0000
-0.1377	0.1875	-3.0000
-0.0655	-0.5116	-1.0000
-0.0815	0.5810	0.0000
-0.0553	-0.5725	0.0000
0.3368	0.1158	0.0000
0.4036	0.4066	0.0000
-0.1381	0.3986	0.0000
-0.1070	0.1137	-3.0000
0.3554	-0.2588	-2.0000
0.5565	0.0683	0.0000
-0.0746	0.4169	-2.0000
-0.2623	-0.1540	-3.0000
0.2810	-0.0618	-2.0000
-0.2762	0.2006	-1.0000
0.0838	0.2069	-2.0000
-0.1581	-0.3186	-2.0000
-0.4819	0.2206	-1.0000
-0.0203	0.2022	-3.0000
-0.4873	0.0252	-2.0000
-0.0436	0.3739	-2.0000
0.1959	0.0044	-2.0000
-0.0417	-0.5717	0.0000
0.4648	0.0847	-2.0000
-0.0691	0.2517	0.0000
0.0975	0.3284	-3.0000
0.3204	0.0568	-2.0000
-0.1686	-0.5159	0.0000
0.2190	0.1381	-3.0000
0.0523	0.0961	-2.0000
0.1892	0.5074	0.0000
-0.4568	0.2940	-1.0000
0.1651	-0.4334	0.0000
0.3086	-0.3864	-2.0000
0.3551	0.0563	-2.0000
0.0264	0.1086	-3.0000
0.2454	-0.2399	-1.0000
-0.2147	-0.0582	-3.0000
0.5035	0.2623	0.0000
-0.2787	0.3789	0.0000
-0.1061	-0.5454	-1.0000
-0.1586	0.5003	-1.0000
0.3910	0.3498	0.0000
0.1495	-0.3862	-1.0000
-0.1197	-0.2470	-3.0000
-0.0680	0.4409	-1.0000
-0.4456	0.0285	0.0000
-0.4563	-0.2487	-1.0000
-0.4722	-0.3184	-1.0000
0.1112	0.0245	-2.0000
0.4319	0.0015	-2.0000
-0.3516	0.3392	-2.0000
-0.0766	0.4566	-1.0000
-0.5327	-0.1420	-1.0000
0.2153	-0.0028	-2.0000
-0.3764	-0.1440	-1.0000
0.4004	0.0254	-1.0000
0.4414	-0.2624	-2.0000
0.1433	-0.1958	-3.0000
-0.0416	-0.3000	-1.0000
-0.0653	-0.3792	-2.0000
0.0398	-0.0449	-3.0000
0.1024	0.2546	-3.0000
-0.1623	-0.1111	-3.0000
0.3970	-0.2507	-2.0000
0.5126	-0.2654	0.0000
0.4620	-0.3367	0.0000
-0.1128	-0.4711	-2.0000
0.2125	0.0117	-1.0000
-0.0753	0.1134	-3.0000
-0.0377	0.2792	0.0000
-0.0114	0.4818	-2.0000
0.0485	0.3229	-3.0000
-0.1687	-0.4738	-1.0000
-0.3625	-0.0257	0.0000
-0.0273	0.4128	-1.0000
0.2073	0.0108	-3.0000
0.2140	-0.0623	-3.0000
-0.0398	0.2366	-2.0000
0.0178	0.2518	-2.0000
-0.4010	-0.0877	-2.0000
0.3505	0.1983	0.0000
-0.1719	-0.2501	-3.0000
-0.0498	-0.2685	0.0000
0.2153	0.2638	-3.0000
-0.1105	-0.2107	0.0000
0.0616	-0.0288	0.0000
-0.3319	0.0592	-2.0000
0.0458	-0.0370	-3.0000
-0.0085	-0.4748	0.0000
0.0036	0.4640	-2.0000
-0.3698	-0.0400	0.0000
0.3844	-0.2706	-2.0000
-0.0080	0.1607	-3.0000
-0.2957	0.0460	-2.0000
-0.0132	0.2328	-2.0000
-0.2240	0.4655	-2.0000
0.0318	-0.3770	0.0000
0.3307	0.1168	-3.0000
0.4344	0.3468	0.0000
0.3312	0.3035	0.0000
0.3519	0.0137	-3.0000
0.3860	-0.0994	-3.0000
0.0173	-0.2767	-2.0000
0.0573	-0.1843	-3.0000
-0.2449	0.3344	-1.0000
-0.1842	-0.3311	-1.0000
-0.0776	-0.1715	-3.0000
0.0304	0.1150	0.0000
-0.3309	-0.2338	-3.0000
-0.3626	0.3644	-1.0000
-0.1528	-0.0930	0.0000
0.2490	-0.4526	0.0000
-0.1572	-0.0099	-3.0000
-0.2671	0.0402	-3.0000
-0.1817	-0.0083	-3.0000
-0.2013	0.2345	-2.0000
0.1357	-0.0177	-3.0000
-0.1396	-0.2665	-2.0000
-0.0364	0.3273	-1.0000
0.4278	0.0596	-1.0000
-0.0439	-0.2316	-3.0000
-0.2119	0.4202	-1.0000
0.0414	0.3353	-3.0000
-0.2741	0.4770	-1.0000
0.3095	0.0110	-3.0000
-0.2045	-0.4129	-2.0000
0.3369	0.3753	-2.0000
0.2515	-0.2743	-3.0000
-0.2092	0.4395	-1.0000
0.0553	-0.0908	-1.0000
0.0919	0.2056	-3.0000
0.0121	-0.2943	-3.0000
0.1058	0.2927	-3.0000
-0.0192	-0.0225	-3.0000
0.0987	0.0514	-2.0000
0.1548	-0.1234	-3.0000
-0.3098	-0.0414	0.0000
-0.2507	0.2075	-3.0000
0.0724	0.4303	-2.0000
-0.3394	-0.0081	-3.0000
-0.2735	-0.0152	-3.0000
0.1866	0.0004	-3.0000
-0.1021	0.5203	-1.0000
-0.0447	-0.0342	-2.0000
-0.1733	0.4477	0.0000
-0.0664	-0.2493	-3.0000
0.2236	-0.4192	0.0000
0.2529	-0.1026	-2.0000
0.0706	-0.1524	-2.0000
-0.1149	-0.2036	0.0000
0.2206	-0.1487	-3.0000
0.4357	-0.0473	0.0000
-0.2235	0.4403	-2.0000
0.3903	0.2794	-1.0000
0.2268	-0.0182	-1.0000
0.2132	0.4049	-1.0000
0.4371	-0.1509	-2.0000
0.1192	0.0459	0.0000
-0.5354	0.1777	-1.0000
-0.3481	0.1253	-3.0000
0.2184	-0.2373	-3.0000
-0.0944	0.2984	-2.0000
-0.1172	0.4669	-2.0000
-0.3255	0.2113	-1.0000
0.2583	0.4897	-1.0000
-0.3014	-0.0966	0.0000
0.5288	0.0439	-1.0000
-0.2354	-0.3889	-2.0000
0.4205	-0.3622	-1.0000
-0.1834	-0.1686	0.0000
-0.1227	-0.0740	-2.0000
-0.4310	0.0269	0.0000
0.0591	0.3557	-3.0000
0.3445	-0.3990	-2.0000
-0.0886	0.3903	-3.0000
0.0536	0.0444	-1.0000
-0.4208	0.1307	-2.0000
0.2287	0.1423	-1.0000
-0.4577	-0.0071	-2.0000
-0.5141	0.0456	0.0000
-0.2873	0.4084	0.0000
0.3238	0.0756	-2.0000
0.3201	-0.0621	0.0000
-0.2052	-0.0534	-1.0000
-0.1099	-0.0575	-3.0000
-0.2047	0.4619	-2.0000
-0.0272	0.2681	-1.0000
-0.2994	-0.1465	-3.0000
0.4698	0.2681	0.0000
0.4193	-0.0030	-2.0000
-0.1772	-0.2734	-3.0000
-0.5046	0.1240	-1.0000
-0.0883	0.0681	-3.0000
-0.3535	0.3216	-1.0000
-0.2940	-0.0455	-2.0000
-0.3070	-0.3015	0.0000
-0.2744	0.0434	-2.0000
-0.3341	0.0301	-2.0000
-0.1005	0.0969	-2.0000
-0.0261	-0.1443	-2.0000
-0.2445	0.1319	-3.0000
0.3555	-0.3914	-2.0000
-0.0645	-0.2464	-3.0000
-0.1791	0.0899	-2.0000
-0.2000	-0.3241	-1.0000
-0.5329	-0.1881	0.0000
-0.2330	-0.3119	-3.0000
-0.5496	-0.0280	0.0000
0.4549	-0.3755	0.0000
0.2352	0.1044	-2.0000
0.1711	0.1210	0.0000
-0.4280	-0.0021	0.0000
0.2491	-0.1105	-1.0000
0.2443	-0.4736	0.0000
0.5466	-0.1274	0.0000
-0.2077	0.4607	-2.0000
-0.0297	-0.0221	-3.0000
-0.2723	-0.4607	0.0000
0.0207	-0.0746	-3.0000
-0.1244	-0.4201	-2.0000
-0.2325	-0.4508	0.0000
0.2057	0.4608	0.0000
-0.0904	-0.3898	-3.0000
0.1767	-0.1095	-3.0000
0.4199	0.0482	-2.0000
-0.0496	-0.0107	-3.0000
0.2957	-0.4321	-1.0000
0.2896	0.2350	-1.0000
0.4118	0.3889	0.0000
0.2408	0.4025	0.0000
0.0768	-0.2156	-3.0000
-0.1200	-0.3219	-3.0000
-0.3033	0.0170	-1.0000
-0.2043	0.0464	-2.0000
-0.0436	0.2262	-3.0000
0.3143	0.4114	-1.0000
-0.2182	-0.1533	-3.0000
-0.3740	0.3093	-2.0000
0.5608	0.1184	0.0000
0.2339	-0.1825	-2.0000
0.0228	0.3336	-1.0000
-0.0512	-0.2323	0.0000
0.2507	-0.3488	-3.0000
-0.3352	0.3915	-1.0000
0.3963	0.1347	-2.0000
-0.1511	-0.1306	-1.0000
-0.3083	-0.4544	-1.0000
-0.2478	-0.4209	-2.0000
0.3838	-0.1924	-1.0000
0.3174	-0.1948	-2.0000
-0.0954	-0.3146	-3.0000
0.3433	0.0972	-1.0000
0.1813	0.0446	-3.0000
-0.1812	-0.2418	-3.0000
-0.2852	-0.3983	-2.0000
0.3353	-0.2469	-3.0000
0.3577	0.3430	-1.0000
0.0872	0.3380	-3.0000
0.0754	-0.3737	-2.0000
0.3401	0.3590	-1.0000
0.2306	-0.2411	-1.0000
-0.1833	0.2450	-3.0000
-0.2301	-0.1668	-1.0000
0.0225	-0.5328	0.0000
0.1172	0.3901	-2.0000
-0.3928	-0.2559	-2.0000
0.2346	-0.0471	-3.0000
0.3720	0.0939	-2.0000
-0.4674	0.0985	0.0000
-0.2864	0.4536	-1.0000
-0.1270	-0.0586	-2.0000
-0.0692	0.0799	-3.0000
-0.1672	0.3448	-3.0000
-0.1269	-0.3317	0.0000
-0.1689	0.4936	0.0000
-0.2776	-0.1141	-3.0000
0.4306	0.1880	-2.0000
0.0473	-0.5321	-1.0000
0.0986	-0.2128	0.0000
-0.2676	-0.0337	0.0000
0.5085	0.1495	-1.0000
0.5242	0.2072	0.0000
-0.2965	-0.0167	-2.0000
0.4050	0.4204	0.0000
-0.2856	0.1135	-3.0000
0.1842	0.2996	-2.0000
-0.5281	0.0154	-1.0000
0.3777	-0.1161	-3.0000
-0.0637	0.4604	-1.0000
-0.0059	0.1180	-2.0000
0.3380	-0.3586	0.0000
0.3437	0.3267	-2.0000
-0.1976	0.1153	0.0000
-0.2491	-0.4825	-1.0000
0.4814	0.2625	0.0000
0.2795	-0.3614	0.0000
0.2502	0.0096	-3.0000
0.5383	0.1460	-1.0000
-0.2388	0.0279	-2.0000
0.2164	-0.2721	-2.0000
0.2981	-0.4721	-1.0000
-0.5566	-0.1235	0.0000
0.2628	-0.3362	-2.0000
0.3438	-0.2317	0.0000
-0.0278	-0.1984	-2.0000
0.0101	0.0640	0.0000
0.1866	-0.2006	-2.0000
-0.1231	-0.4468	-2.0000
-0.4652	-0.1424	-2.0000
-0.2565	-0.4691	0.0000
0.0453	-0.1079	-3.0000
-0.2952	-0.4996	0.0000
0.0472	-0.2416	-3.0000
0.1810	-0.0916	-2.0000
-0.1156	-0.2544	-2.0000
-0.3168	-0.2895	-1.0000
0.0417	0.1221	-2.0000
-0.4326	-0.2161	-2.0000
-0.0879	-0.1650	-2.0000
-0.4107	0.2376	-1.0000
-0.3911	0.2362	-2.0000
-0.5029	0.2536	-1.0000
0.5117	-0.2209	0.0000
-0.0615	0.0029	-3.0000
-0.0002	0.2566	-2.0000
0.4132	-0.2200	-2.0000
0.0637	-0.4219	-2.0000
0.0308	0.0051	-3.0000
0.0673	-0.0717	-2.0000
-0.0258	0.3492	-3.0000
0.2023	-0.0021	0.0000
-0.1480	-0.5252	-1.0000
-0.1717	0.4041	-2.0000
0.4955	0.1614	-1.0000
0.1634	0.0176	-3.0000
0.0815	-0.1809	-3.0000
-0.1337	0.0233	-3.0000
0.1294	-0.3599	-2.0000
-0.4581	0.0596	-2.0000
0.0133	0.2288	0.0000
-0.1622	-0.0033	0.0000
-0.0141	0.0759	-3.0000
-0.4345	-0.1470	-1.0000
0.1455	-0.0800	-3.0000
-0.3131	-0.3821	-1.0000
-0.4788	-0.0318	-2.0000
-0.1442	-0.0465	-1.0000
0.1651	0.3645	-2.0000
0.3236	-0.3295	0.0000
-0.0153	0.3808	-2.0000
0.1382	-0.3687	-3.0000
0.1494	-0.5146	-1.0000
-0.1822	-0.1050	-3.0000
-0.4589	-0.2937	-1.0000
0.0652	0.5597	0.0000
-0.4055	-0.2720	0.0000
-0.3596	-0.2639	0.0000
0.3159	-0.4161	-1.0000
-0.1480	-0.2502	-3.0000
0.2529	0.4328	0.0000
-0.4865	-0.1468	-1.0000
0.2242	0.0126	0.0000
-0.3675	-0.0279	0.0000
0.0887	-0.3375	0.0000
0.1429	-0.3792	-3.0000
0.3936	0.1913	-2.0000
-0.1445	0.0500	-3.0000
0.1246	-0.2696	0.0000
0.2753	0.4009	-1.0000
-0.2216	0.0098	-2.0000
0.5199	-0.0385	0.0000
-0.2056	-0.3201	-2.0000
-0.4043	-0.4158	0.0000
0.3428	0.1637	-2.0000
0.5545	0.1396	0.0000
-0.0557	0.4235	-3.0000
-0.1964	-0.1333	-3.0000
-0.0930	0.0554	-1.0000
0.3907	0.1830	-2.0000
0.2009	-0.0298	-3.0000
0.0105	0.1678	-2.0000
-0.4059	0.3481	-1.0000
-0.2334	0.1870	-3.0000
0.2045	0.4421	0.0000
0.0202	0.5048	-1.0000
0.3016	0.4439	0.0000
-0.2296	-0.2965	-3.0000
0.2832	-0.3642	-2.0000
0.4250	-0.0303	-1.0000
-0.3528	-0.2813	-2.0000
-0.4022	-0.2986	-1.0000
-0.1220	0.3535	-2.0000
-0.1029	0.3657	0.0000
-0.3938	0.1509	-3.0000
0.5469	-0.0082	0.0000
0.1449	0.0790	-3.0000
0.0387	-0.3401	0.0000
-0.0706	0.2029	-3.0000
-0.0444	-0.4700	-1.0000
-0.1766	0.1786	-3.0000
-0.0270	0.5033	-2.0000
0.0656	0.1654	-2.0000
0.3353	0.0215	-1.0000
0.4067	0.2497	-1.0000
0.2615	-0.2281	0.0000
-0.0539	0.2997	-1.0000
0.2218	0.5288	0.0000
-0.3441	-0.1870	0.0000
-0.3149	-0.2988	-3.0000
0.4373	0.0116	-2.0000
0.4024	0.0274	-3.0000
0.0528	-0.4327	-2.0000
0.3043	-0.2520	-3.0000
0.2204	0.2464	-3.0000
-0.3416	0.3654	-1.0000
0.4678	0.1494	-1.0000
0.0156	-0.2565	-2.0000
-0.1779	0.4397	-2.0000
-0.2762	0.0683	-2.0000
0.4972	0.0974	-1.0000
-0.2974	0.0077	0.0000
-0.5243	-0.2636	0.0000
-0.4130	-0.3231	-1.0000
0.2322	-0.0101	-3.0000
-0.1676	0.1482	0.0000
-0.2271	0.5203	0.0000
-0.2443	0.3728	0.0000
0.1086	0.3723	-1.0000
-0.2405	-0.0641	-3.0000
-0.0678	-0.4069	-3.0000
-0.0547	0.0639	-3.0000
0.1522	0.2507	0.0000
0.0719	0.0005	-1.0000
0.1197	-0.4793	-1.0000
0.3177	0.1225	-3.0000
0.1156	-0.2009	-1.0000
0.0166	-0.1179	-1.0000
0.0985	-0.4024	-2.0000
0.0070	-0.4946	-2.0000
-0.3803	-0.0822	0.0000
-0.1504	0.2384	-1.0000
0.0839	-0.2493	0.0000
0.4375	-0.3231	-1.0000
-0.1280	0.0937	-2.0000
0.4268	-0.0441	-2.0000
0.4358	0.4028	0.0000
-0.1996	0.4601	-1.0000
-0.0617	0.0011	-3.0000
-0.2521	0.4335	0.0000
0.4347	-0.3602	0.0000
-0.5190	0.1449	0.0000
0.3549	-0.2143	-1.0000
0.0505	0.0937	-2.0000
-0.2253	-0.3540	-3.0000
0.4454	0.2004	0.0000
-0.3802	-0.2060	-2.0000
-0.3894	0.4328	0.0000
-0.1466	0.1347	0.0000
-0.3941	-0.0947	0.0000
-0.0886	-0.4976	0.0000
0.0744	0.2503	-1.0000
0.1148	0.0653	-3.0000
-0.3101	-0.1052	-2.0000
-0.2385	-0.0151	0.0000
-0.4091	0.3617	-1.0000
0.3250	0.0601	-3.0000
-0.2013	-0.3358	-2.0000
0.3819	-0.0809	-2.0000
0.1809	0.1688	-3.0000
-0.1239	-0.0425	-3.0000
-0.1383	0.4321	-2.0000
-0.0182	0.0990	-3.0000
0.3432	-0.2806	-2.0000
0.5247	0.0492	0.0000
0.0333	-0.2049	-1.0000
0.3696	0.1491	-3.0000
-0.1291	-0.1201	0.0000
0.3524	-0.0868	0.0000
-0.3232	-0.2189	-3.0000
0.4334	0.0647	-1.0000
-0.1348	-0.2746	0.0000
-0.1516	-0.1722	0.0000
-0.2519	0.1520	-2.0000
0.1213	-0.0409	-2.0000
0.4036	0.1556	-2.0000
0.2719	-0.2771	-3.0000
-0.4983	0.2500	0.0000
0.2524	0.0398	-3.0000
0.4269	0.1990	-1.0000
-0.5307	-0.0917	-1.0000
0.2916	0.4523	0.0000
0.3605	-0.2947	0.0000
0.4991	-0.0417	-2.0000
-0.0561	0.3686	-2.0000
0.4785	-0.0691	-2.0000
0.0139	-0.0524	-1.0000
-0.0643	0.0531	-3.0000
0.2270	-0.2523	-2.0000
0.2888	-0.0407	-2.0000
-0.0944	0.1917	-3.0000
-0.2616	0.2800	-3.0000
0.0518	0.3237	-3.0000
-0.0673	0.2648	-3.0000
-0.0302	0.3098	-1.0000
0.1094	0.2158	0.0000
0.2036	0.4439	-1.0000
0.3392	-0.1082	0.0000
0.5265	-0.2350	0.0000
-0.0875	-0.1374	-3.0000
0.4348	-0.0579	-2.0000
0.0033	0.2546	-3.0000
0.4109	0.4332	0.0000
-0.3093	0.2555	0.0000
0.4326	0.0843	-2.0000
0.2595	-0.3663	0.0000
-0.1901	-0.0665	-2.0000
-0.0032	-0.1898	-2.0000
-0.1169	0.2097	0.0000
0.5004	0.1897	-2.0000
0.3155	-0.0376	0.0000
0.4122	0.3405	-1.0000
-0.3828	-0.3901	-1.0000
0.3860	-0.1426	0.0000
-0.4255	-0.0529	-1.0000
0.0162	-0.4539	-2.0000
-0.2319	0.3635	-2.0000
-0.3692	-0.2561	-2.0000
-0.2140	0.1549	-3.0000
0.3666	-0.2273	-2.0000
-0.5363	0.2268	0.0000
-0.1483	0.2373	-2.0000
-0.2700	0.3816	-1.0000
-0.2098	0.3817	-2.0000
-0.4157	0.4237	0.0000
-0.4166	-0.1068	-1.0000
0.3226	-0.1451	-3.0000
-0.1605	0.3651	-2.0000
0.3294	0.1654	0.0000
0.4832	0.0018	-1.0000
0.0468	0.4405	-3.0000
-0.1663	0.5255	0.0000
0.1226	0.1873	-3.0000
-0.2187	0.0423	-2.0000
-0.3702	-0.1014	-3.0000
-0.4615	-0.2320	-1.0000
0.3462	-0.4003	-1.0000
0.2456	0.3499	-1.0000
0.0669	-0.2626	-2.0000
-0.1239	0.3451	0.0000
-0.4832	-0.0270	-2.0000
0.0139	-0.4319	-3.0000
-0.1207	-0.1519	-3.0000
-0.3987	-0.2725	-2.0000
0.1167	-0.2103	-3.0000
-0.4022	-0.0619	-2.0000
-0.0088	0.4408	-2.0000
0.4006	0.1926	-1.0000
0.0675	0.3593	-2.0000
-0.2556	-0.5136	0.0000
-0.1626	-0.4888	-1.0000
-0.4716	-0.0788	-1.0000
0.1572	-0.2932	-1.0000
-0.3565	-0.1655	-3.0000
-0.0013	-0.1699	-3.0000
-0.2441	0.0286	-3.0000
0.1915	0.3592	0.0000
0.3737	-0.1482	-3.0000
0.4975	0.1446	-1.0000
-0.1039	0.2900	-1.0000
-0.3522	-0.2403	-1.0000
-0.3724	-0.1071	-2.0000
0.0271	0.5218	-1.0000
-0.1440	-0.1327	-1.0000
-0.2165	-0.1295	-2.0000
-0.0414	0.3828	-3.0000
0.2253	-0.0411	-1.0000
-0.3057	0.3561	-2.0000
0.0772	-0.3599	0.0000
0.4092	-0.3470	-1.0000
0.2030	0.2744	-2.0000
-0.4546	-0.3585	0.0000
-0.1746	0.4705	0.0000
-0.2536	-0.3364	-3.0000
0.2255	-0.3658	-2.0000
-0.0112	-0.0115	-2.0000
-0.3251	-0.3933	-2.0000
0.5613	0.0058	-1.0000
-0.0584	-0.1761	-3.0000
0.0254	0.1943	-3.0000
-0.5209	0.0491	-1.0000
-0.1706	0.3474	-3.0000
0.2121	0.1126	0.0000
-0.2210	0.3094	-2.0000
-0.0312	0.2685	0.0000
0.4389	0.1959	-1.0000
0.4016	0.2525	-2.0000
0.3375	-0.3344	-2.0000
-0.3524	-0.0546	-2.0000
-0.0638	0.0088	-2.0000
0.1083	-0.0116	-2.0000
-0.0318	-0.3652	-1.0000
0.0230	-0.2303	-3.0000
0.4261	-0.0900	-2.0000
-0.1057	-0.0133	-3.0000
0.0704	-0.0053	-3.0000
-0.0857	0.1677	-3.0000
-0.0504	0.0329	-3.0000
0.1492	0.2725	0.0000
-0.0477	0.1334	-3.0000
0.1796	-0.5421	0.0000
0.0841	-0.2919	-3.0000
0.3137	-0.1183	-3.0000
-0.0177	-0.5538	0.0000
-0.3905	-0.2965	-1.0000
-0.4086	-0.2225	-2.0000
-0.0912	0.1823	0.0000
0.2861	0.2930	-2.0000
-0.1486	-0.2239	-1.0000
-0.4816	-0.2105	-1.0000
0.1040	0.5298	-1.0000
-0.2014	-0.3318	-3.0000
0.0061	0.3517	-3.0000
-0.0295	-0.4086	-1.0000
-0.0731	0.1753	-1.0000
-0.0247	-0.0824	0.0000
0.0004	-0.2954	-1.0000
0.4191	0.0387	-2.0000
-0.3509	-0.0537	-3.0000
0.3797	-0.3697	-2.0000
-0.2762	0.5118	0.0000
0.1009	0.4608	-2.0000
-0.1758	-0.2404	-3.0000
0.3995	0.2812	0.0000
-0.1988	-0.4449	-2.0000
-0.3383	-0.3765	-2.0000
-0.3241	-0.1569	-2.0000
0.2103	0.2693	-2.0000
-0.1943	-0.2260	-3.0000
-0.2672	-0.0841	-2.0000
-0.0856	0.2701	-1.0000
-0.4072	0.2248	-2.0000
-0.3111	0.3445	-1.0000
-0.0062	-0.3622	-1.0000
-0.3545	-0.2379	-2.0000
-0.2099	0.0172	-3.0000
0.3628	0.0198	-1.0000
0.1719	0.0333	-2.0000
-0.2113	0.4713	-1.0000
0.3833	-0.1420	-3.0000
0.4531	0.1804	-1.0000
-0.3120	-0.0075	-2.0000
0.3473	-0.4186	0.0000
0.1998	-0.2513	-2.0000
-0.3368	0.1355	-2.0000
-0.3902	0.1701	0.0000
0.1098	0.0641	-3.0000
-0.0146	-0.3753	-1.0000
-0.3893	0.3610	0.0000
0.0601	-0.0838	-3.0000
-0.0616	0.1118	-1.0000
0.0683	-0.0160	0.0000
0.3823	0.0032	0.0000
-0.3464	0.0823	-1.0000
-0.1096	0.4655	0.0000
-0.3060	0.1136	-3.0000
-0.2315	0.0934	-3.0000
-0.4029	0.2917	-1.0000
0.4655	0.0637	-2.0000
0.1630	-0.0942	-1.0000
0.2087	0.0662	-2.0000
-0.1429	0.3736	-3.0000
-0.3081	0.0562	-1.0000
0.2956	-0.0277	-3.0000
-0.1754	-0.4681	-2.0000
0.1479	-0.1869	-3.0000
0.1133	-0.1594	-3.0000
0.2354	0.3860	-2.0000
-0.4718	0.0228	0.0000
0.0231	0.3936	-1.0000
0.3253	0.2323	0.0000
-0.2114	0.1504	-1.0000
0.2360	0.3769	-2.0000
-0.2795	-0.0964	-1.0000
0.0630	0.1949	-2.0000
0.3080	-0.3204	-1.0000
-0.0712	-0.0469	-2.0000
0.1674	-0.3935	-2.0000
-0.0011	-0.0555	-2.0000
0.2662	0.4933	0.0000
-0.2557	0.3171	-2.0000
-0.0297	-0.3684	-3.0000
0.3194	0.2959	-2.0000
-0.3866	0.1106	-3.0000
-0.1279	-0.5301	-1.0000
-0.4133	-0.1716	-2.0000
0.2756	0.3141	-1.0000
0.5436	0.0374	-1.0000
-0.4256	0.3799	-1.0000
0.0552	0.0707	-2.0000
0.2503	0.4323	-1.0000
0.0423	0.2426	0.0000
0.4797	0.2441	-1.0000
0.4180	0.3181	-1.0000
-0.0874	-0.0543	-1.0000
0.1407	-0.4973	-1.0000
0.1628	0.3781	0.0000
0.1824	-0.0770	-3.0000
-0.0525	0.1553	-2.0000
-0.2161	0.5152	0.0000
0.0290	-0.1247	-2.0000
0.1855	-0.3109	-3.0000
0.1947	-0.0131	-3.0000
0.3375	-0.4147	0.0000
-0.1426	0.4805	-2.0000
0.2154	-0.3413	-2.0000
0.3701	0.3194	-2.0000
-0.4469	-0.3268	-1.0000
0.2466	-0.1640	-1.0000
0.1273	0.5208	-1.0000
-0.3282	-0.3345	0.0000
-0.0550	0.2267	-3.0000
-0.0812	-0.0683	-1.0000
0.3085	-0.0568	-2.0000
-0.4017	-0.1624	-2.0000
-0.4602	-0.0943	-2.0000
-0.3225	-0.1567	-1.0000
0.1023	-0.0255	-2.0000
0.5025	0.0637	0.0000
-0.2586	0.4790	-1.0000
-0.2458	-0.2491	0.0000
0.1389	-0.0717	-3.0000
-0.2127	-0.1133	-3.0000
0.4199	0.3847	-1.0000
-0.2671	-0.4510	-1.0000
-0.3668	-0.2779	-2.0000
-0.4148	0.4264	0.0000
-0.1081	-0.2684	0.0000
-0.0153	0.3251	-2.0000
-0.4043	0.2448	-2.0000
-0.0219	-0.0932	0.0000
0.0488	-0.3707	-2.0000
0.1644	0.5567	0.0000
-0.1514	-0.4008	-2.0000
0.1076	-0.2473	-3.0000
0.4408	-0.0268	-2.0000
0.0408	0.4564	-2.0000
-0.4811	-0.2836	0.0000
0.3105	-0.3606	-1.0000
0.0789	-0.0262	0.0000
0.3490	0.0509	-3.0000
-0.4378	0.2472	0.0000
0.0272	0.2439	-3.0000
-0.1438	0.0290	-3.0000
0.5331	-0.0717	-1.0000
-0.1176	0.4880	-2.0000
-0.0895	-0.5518	0.0000
-0.0737	-0.2125	-1.0000
0.4641	0.1070	-1.0000
0.0072	0.4562	-2.0000
-0.0087	0.3674	-1.0000
-0.1065	0.3932	-3.0000
-0.4544	0.1377	-2.0000
-0.2726	0.3526	-1.0000
-0.2971	-0.4462	-1.0000
-0.2467	-0.4108	-2.0000
-0.2241	0.4314	-1.0000
-0.1846	-0.3730	-2.0000
0.4383	0.3218	0.0000
0.1297	-0.3510	0.0000
0.3558	0.0880	-1.0000
0.4155	-0.1382	0.0000
0.3064	0.3781	-1.0000
0.4079	0.1274	0.0000
0.2744	0.0077	-2.0000
0.1518	-0.1639	0.0000
-0.2561	0.3132	-1.0000
0.0470	-0.0455	-3.0000
-0.0177	0.0903	-3.0000
-0.2153	-0.0478	-2.0000
-0.3809	-0.1161	0.0000
-0.2097	-0.3555	-2.0000
0.5668	-0.0593	0.0000
0.5021	-0.1164	0.0000
-0.3677	-0.0544	0.0000
0.1603	0.5626	0.0000
-0.2654	-0.2614	0.0000
0.2181	0.2304	-1.0000
0.1058	0.2801	-3.0000
0.3440	-0.3544	-2.0000
0.1082	-0.3833	-3.0000
-0.1586	0.3375	-1.0000
0.3857	-0.1185	-1.0000
0.3659	-0.1314	-1.0000
0.4505	-0.2888	0.0000
-0.4498	0.2416	-2.0000
-0.3706	0.0610	-3.0000
0.3146	0.3728	-1.0000
-0.1263	-0.0325	0.0000
-0.3894	-0.4004	-1.0000
0.4871	-0.1700	0.0000
0.5053	0.1297	0.0000
-0.1701	-0.4372	-2.0000
-0.3360	0.2654	0.0000
-0.2971	0.2877	-3.0000
-0.0274	0.0078	0.0000
0.3594	-0.1446	-2.0000
-0.5189	0.0368	-2.0000
0.2581	0.0905	-1.0000
0.0899	0.1136	-1.0000
0.0498	-0.3167	-2.0000
-0.0135	0.5112	-1.0000
-0.3965	0.2603	-1.0000
0.1610	-0.2297	0.0000
0.1394	-0.4847	-2.0000
-0.0682	0.5525	0.0000
-0.0590	-0.4254	-2.0000
-0.0561	-0.2433	-3.0000
0.3467	-0.4310	0.0000
-0.2431	0.1184	-2.0000
0.0348	-0.4902	-1.0000
0.1858	0.4179	-1.0000
-0.4192	0.1348	-2.0000
-0.0667	-0.0124	-3.0000
0.5067	-0.0544	-1.0000
-0.0102	0.2329	-2.0000
0.3096	0.2479	-3.0000
-0.4880	0.3361	0.0000
-0.5498	-0.1393	0.0000
0.5390	-0.0125	-1.0000
-0.1772	0.4013	-2.0000
0.0490	-0.0710	0.0000
-0.1916	-0.0187	0.0000
0.0645	0.5417	0.0000
0.4995	0.1889	-1.0000
-0.0891	-0.0809	-3.0000
-0.1236	0.0442	-3.0000
0.0609	-0.0635	-3.0000
-0.0144	-0.5436	0.0000
-0.2905	-0.1139	0.0000
0.0651	0.2943	-2.0000
0.1040	-0.1807	-1.0000
0.0002	-0.4706	-2.0000
-0.0417	0.0786	-2.0000
0.2176	-0.3957	-1.0000
-0.1090	-0.4037	-2.0000
0.0266	-0.0915	-3.0000
0.0251	-0.0427	-3.0000
0.2338	-0.1622	0.0000
-0.0506	-0.2790	-3.0000
-0.0841	0.0557	-1.0000
-0.2512	-0.0262	-3.0000
-0.0269	-0.3006	-3.0000
-0.2521	-0.1023	-3.0000
-0.1363	-0.1267	0.0000
-0.4264	-0.0964	-2.0000
-0.1632	-0.3205	0.0000
-0.0313	-0.4859	-1.0000
0.1000	0.0707	-3.0000
0.1699	0.3874	-2.0000
-0.3661	0.0060	-1.0000
-0.2026	0.1431	-3.0000
-0.3911	-0.3680	-1.0000
0.2101	-0.4399	-2.0000
0.4303	-0.0853	0.0000
0.4277	-0.2413	-1.0000
0.0035	0.2190	-3.0000
0.3363	-0.0908	-1.0000
-0.3644	0.4288	-1.0000
0.2914	-0.3647	0.0000
-0.3560	-0.1479	0.0000
-0.3705	0.4073	-1.0000
0.4993	0.1612	-1.0000
-0.0605	0.1802	-3.0000
-0.5603	0.1150	0.0000
0.0731	-0.2102	-1.0000
0.0687	-0.4881	0.0000
-0.3875	-0.0045	-2.0000
-0.5237	-0.0169	0.0000
0.2618	-0.3805	-1.0000
0.1325	-0.4979	-1.0000
-0.3623	0.3082	-2.0000
-0.0233	0.4932	0.0000
0.1650	-0.0667	-1.0000
-0.5143	0.0325	-1.0000
0.1739	0.2528	-3.0000
0.1640	0.2493	-2.0000
-0.4391	0.3525	-1.0000
0.3868	0.0488	-3.0000
0.0238	-0.1532	-2.0000
-0.3469	-0.3821	0.0000
-0.1948	-0.2158	-1.0000
-0.2667	0.2294	-3.0000
0.1131	0.2654	-3.0000
0.0006	0.0720	0.0000
-0.2978	-0.4853	0.0000
-0.0804	0.0464	-3.0000
-0.0571	-0.0901	-3.0000
-0.4468	0.1713	-1.0000
-0.3795	0.0405	0.0000
-0.1699	-0.0524	-3.0000
0.2984	0.2091	-3.0000
0.1644	0.5139	0.0000
-0.0245	-0.2376	-3.0000
0.2813	0.3085	0.0000
-0.0371	-0.4983	-1.0000
0.3441	0.1424	-3.0000
0.0777	0.3486	0.0000
0.2003	0.5051	0.0000
0.0281	-0.5184	-1.0000
0.4066	0.2529	-2.0000
0.3441	0.3643	-1.0000
0.3608	0.1712	-2.0000
-0.4214	0.0619	0.0000
-0.2568	-0.2268	-3.0000
0.0634	-0.2090	-2.0000
-0.0887	-0.2038	0.0000
0.1458	0.4472	-2.0000
0.1255	0.4246	-2.0000
0.3401	-0.2306	0.0000
0.0279	-0.0084	0.0000
-0.1864	-0.4004	-2.0000
-0.1084	0.4518	0.0000
0.2825	0.1813	-3.0000
-0.0713	-0.5234	-1.0000
-0.1363	0.5096	0.0000
-0.0064	-0.3570	-2.0000
0.0718	0.2276	-2.0000
0.0082	0.1909	-3.0000
0.1769	-0.1394	-3.0000
-0.3772	0.4301	-1.0000
0.2715	0.1857	-2.0000
-0.0728	0.5375	0.0000
-0.3882	0.0972	-3.0000
0.1255	0.1918	0.0000
-0.2816	0.0276	-3.0000
-0.0093	0.1421	-3.0000
-0.4144	0.2913	0.0000
-0.2403	-0.1878	-1.0000
0.3544	-0.0459	-3.0000
-0.0440	0.1290	-3.0000
-0.0274	-0.2968	-3.0000
-0.2859	-0.4659	0.0000
-0.0583	0.0122	-3.0000
-0.0504	-0.0295	0.0000
-0.2913	-0.0719	-1.0000
0.3593	0.2367	-2.0000
0.1649	0.3509	-2.0000
0.1112	-0.1035	-3.0000
-0.2840	-0.0402	0.0000
-0.1276	-0.0992	-3.0000
0.3234	-0.0349	0.0000
-0.3132	0.4681	-1.0000
0.1934	-0.4790	-1.0000
0.0598	0.2526	-2.0000
0.1600	0.2823	-2.0000
-0.2874	-0.3846	0.0000
-0.5024	0.0443	-2.0000
-0.5232	0.0566	-1.0000
0.3824	0.1423	0.0000
0.1402	-0.4919	0.0000
0.2880	-0.4983	0.0000
0.0678	0.0418	-3.0000
0.0025	0.5243	0.0000
0.4116	0.4147	0.0000
0.2737	-0.2834	-3.0000
0.0007	0.2796	-3.0000
0.5369	-0.1086	-1.0000
0.4001	0.4479	0.0000
-0.2236	-0.4506	-1.0000
-0.0141	0.4439	-2.0000
0.3675	0.0657	-2.0000
0.2823	0.1743	-1.0000
0.2114	0.2413	-3.0000
-0.0797	-0.1260	-3.0000
0.4986	0.2396	0.0000
-0.3311	-0.2324	-1.0000
-0.0459	0.4258	-3.0000
0.0695	-0.0358	-1.0000
0.2780	0.2701	0.0000
-0.2372	0.1830	0.0000
0.4031	-0.3961	0.0000
-0.1377	0.5020	-2.0000
-0.0574	-0.0873	-3.0000
0.0629	0.0076	-2.0000
0.3428	0.0640	-3.0000
-0.1296	-0.4904	0.0000
-0.2081	-0.4444	-1.0000
0.3688	-0.2604	0.0000
0.0876	0.2831	-1.0000
0.2034	-0.4270	-2.0000
-0.4360	0.2991	-1.0000
-0.2354	0.0052	0.0000
-0.3418	-0.1146	-3.0000
0.3508	-0.0882	-2.0000
0.3887	0.1321	-2.0000
-0.0338	-0.3998	-3.0000
-0.3389	0.1168	-2.0000
0.0279	0.1043	-3.0000
-0.0376	0.0528	-2.0000
0.0241	-0.5315	-1.0000
-0.5163	0.2154	-1.0000
0.2534	0.4689	0.0000
-0.2515	0.3924	-2.0000
0.3344	-0.1840	-3.0000
0.0167	-0.2717	-2.0000
-0.0128	-0.2326	-2.0000
0.3973	0.0112	-2.0000
-0.1388	0.1209	0.0000
0.1238	-0.1965	-3.0000
-0.1218	-0.3778	-3.0000
-0.2767	0.3985	-2.0000
0.5130	0.1889	-1.0000
-0.4551	-0.2065	-1.0000
-0.3222	-0.1187	-3.0000
-0.2059	0.3581	-2.0000
-0.0886	-0.0441	-3.0000
-0.2198	-0.3999	0.0000
-0.1534	0.2202	-2.0000
-0.5332	-0.1336	0.0000
0.3572	-0.1552	-2.0000
0.2745	-0.2921	-3.0000
-0.4502	0.1603	-1.0000
0.3676	0.2787	-2.0000
-0.2462	0.1427	0.0000
0.3653	0.3578	-1.0000
-0.0265	-0.2727	-3.0000
0.2272	0.2153	-1.0000
0.0992	0.3696	0.0000
0.3633	0.3893	-1.0000
-0.0362	-0.5533	0.0000
-0.2187	-0.1280	-3.0000
-0.5101	-0.1430	-1.0000
-0.2139	-0.0023	0.0000
-0.1441	0.0592	-1.0000
-0.0562	-0.3707	0.0000
0.0317	0.2434	-1.0000
-0.3855	0.2480	-2.0000
0.1721	0.2988	-2.0000
0.2309	-0.0917	-2.0000
0.4509	-0.1234	-1.0000
0.0366	-0.2567	-3.0000
0.3692	0.3070	-2.0000
-0.0727	0.4022	-2.0000
-0.1746	-0.3250	-3.0000
0.3184	-0.3816	-2.0000
-0.5499	0.0936	0.0000
-0.1355	0.1195	0.0000
-0.4122	-0.3687	0.0000
0.4317	0.2448	0.0000
-0.0883	0.5019	-2.0000
-0.0115	-0.1977	-3.0000
0.0595	0.1314	0.0000
-0.0315	0.3839	-2.0000
-0.4469	0.0205	0.0000
0.1007	-0.0566	0.0000
-0.0447	0.3151	-1.0000
-0.1404	0.0174	-2.0000
-0.3289	-0.0255	-1.0000
0.2784	-0.3799	0.0000
0.1245	0.3278	-2.0000
0.0274	-0.5408	-1.0000
-0.1805	0.3334	-2.0000
-0.2839	0.0522	-3.0000
-0.4653	-0.2776	0.0000
-0.2268	0.3253	-3.0000
0.0357	-0.1462	-1.0000
-0.1109	-0.0575	-2.0000
-0.0631	0.2097	-2.0000
0.0984	-0.1082	-2.0000
0.4839	-0.3104	0.0000
0.1482	0.2636	-3.0000
0.4658	0.0178	0.0000
0.0098	-0.1215	-3.0000
0.3257	0.1392	-3.0000
-0.3325	-0.3992	0.0000
0.2549	0.0735	-3.0000
0.4567	-0.2483	-1.0000
-0.5091	0.2667	-1.0000
0.3029	-0.4045	-1.0000
-0.1394	0.3527	-3.0000
-0.2141	-0.5046	-1.0000
0.0462	0.3334	-1.0000
-0.2789	-0.2882	-1.0000
-0.0933	-0.3961	-2.0000
0.0084	-0.1397	-2.0000
-0.0328	0.4449	-1.0000
0.0114	-0.0604	-1.0000
0.1889	0.5548	0.0000
0.1793	0.3560	0.0000
0.0013	-0.1103	-1.0000
0.1280	-0.2459	-3.0000
0.0165	-0.1515	0.0000
-0.0635	0.0422	-1.0000
0.1736	0.1558	-1.0000
0.4101	0.3505	-1.0000
-0.0656	0.2147	0.0000
-0.5159	-0.1555	-1.0000
0.3095	-0.0132	-2.0000
-0.4593	0.3387	0.0000
0.4344	-0.1776	0.0000
0.2346	0.5067	-1.0000
0.1344	0.0366	-3.0000
0.1342	0.2857	0.0000
-0.1375	0.0695	-1.0000
0.2688	-0.0229	-2.0000
0.1439	-0.0353	-2.0000
-0.4286	-0.1211	-2.0000
0.5340	0.0672	-1.0000
-0.2264	0.3878	-1.0000
0.3636	-0.1396	-2.0000
0.4445	0.1160	0.0000
0.5101	0.2481	0.0000
-0.3089	-0.2498	0.0000
-0.2545	0.2780	-2.0000
0.1692	-0.5296	0.0000
0.0062	0.3355	-3.0000
-0.1965	-0.3965	-2.0000
0.4874	0.3204	0.0000
0.0769	-0.3198	-3.0000
-0.1152	0.0181	-2.0000
-0.2081	-0.1732	-1.0000
0.1316	-0.4318	-2.0000
-0.0156	0.5366	-1.0000
-0.1022	0.4847	-2.0000
-0.0394	0.0786	-3.0000
0.2647	0.1534	-3.0000
-0.2173	0.1908	-3.0000
-0.1497	0.4141	-3.0000
0.1520	-0.2116	-3.0000
0.4281	0.2796	-1.0000
0.5048	-0.1172	-1.0000
0.3597	0.2862	-1.0000
-0.3215	-0.0632	-1.0000
-0.5454	-0.0685	0.0000
0.0366	0.2877	-1.0000
0.2527	-0.4198	-1.0000
0.0923	0.0308	0.0000
0.1853	0.4976	-1.0000
-0.0343	0.0203	-3.0000
-0.0189	-0.3331	-1.0000
-0.3961	-0.0105	-3.0000
0.3390	-0.0377	-1.0000
-0.3309	0.0588	-3.0000
-0.0535	-0.2411	-2.0000
0.2403	-0.3941	0.0000
-0.3868	-0.0806	-2.0000
-0.1925	-0.1300	-3.0000
0.0175	-0.5297	-1.0000
0.1189	-0.0826	-3.0000
-0.4161	-0.1258	-1.0000
0.3470	0.1941	-2.0000
0.0069	0.0198	-3.0000
0.3264	-0.4520	0.0000
-0.3625	-0.2841	-2.0000
-0.2269	-0.0763	0.0000
0.3952	-0.2166	-2.0000
-0.3642	0.2603	0.0000
-0.5500	0.1183	-1.0000
-0.2161	0.4727	-1.0000
0.0522	0.1298	-1.0000
-0.0639	0.1045	-3.0000
0.4717	0.1266	0.0000
-0.2758	-0.4009	0.0000
0.3357	-0.4212	-1.0000
-0.1141	-0.4269	-2.0000
-0.0285	0.5281	-1.0000
-0.2199	0.5066	0.0000
-0.2448	0.2141	-1.0000
0.4872	0.2242	-1.0000
-0.3825	-0.1165	-2.0000
-0.0318	0.3429	-2.0000
0.3653	0.2318	-2.0000
0.3443	0.1773	-3.0000
-0.3819	0.4203	0.0000
0.3797	0.4509	0.0000
-0.1965	0.2906	-1.0000
-0.0158	0.1459	-3.0000
0.0301	0.3623	0.0000
0.1220	-0.4462	0.0000
-0.2899	0.2777	-3.0000
0.5620	-0.0500	0.0000
0.4101	-0.0555	-1.0000
-0.1359	-0.1364	-2.0000
-0.2452	0.1047	-3.0000
-0.5427	0.2136	0.0000
0.2424	-0.1923	-1.0000
0.2646	0.5156	0.0000
0.2420	-0.1394	0.0000
-0.2851	-0.0579	-3.0000
0.1054	0.1926	-2.0000
0.2112	0.3392	-3.0000
-0.0423	-0.2567	-2.0000
-0.2587	-0.3061	-2.0000
0.4144	-0.1005	0.0000
0.4996	0.0617	-2.0000
0.3332	-0.3226	-2.0000
0.0505	-0.4564	-2.0000
0.3967	-0.0336	-2.0000
0.2304	0.2424	-3.0000
0.0876	0.4740	-2.0000
0.0579	0.0220	-3.0000
-0.3756	0.0887	-3.0000
-0.0169	0.2998	-2.0000
-0.2057	-0.1258	-3.0000
-0.0712	-0.0435	-3.0000
-0.2380	-0.5184	0.0000
-0.2540	-0.1301	-2.0000
0.1933	-0.1832	-3.0000
0.5172	-0.0335	-1.0000
-0.5094	-0.2023	0.0000
-0.0903	0.2016	-2.0000
0.4372	-0.0479	-2.0000
-0.3560	-0.1921	-3.0000
0.1164	0.0845	-3.0000
0.2634	-0.3156	-2.0000
0.3375	0.0913	-1.0000
-0.0919	-0.1844	-2.0000
-0.5286	-0.1846	0.0000
0.5036	0.1892	-1.0000
0.3694	0.0966	-1.0000
0.4431	0.0076	0.0000
-0.0119	-0.5587	0.0000
-0.2431	0.4095	0.0000
-0.0238	-0.3419	-1.0000
0.0000	-0.0348	-3.0000
0.1437	-0.0261	-1.0000
-0.0908	0.0521	-3.0000
0.1375	0.3702	-2.0000
0.5244	-0.1683	0.0000
-0.2215	-0.0270	-3.0000
0.1432	0.3652	-3.0000
0.4222	0.2349	-1.0000
-0.4693	-0.2439	-1.0000
0.0698	-0.4239	0.0000
-0.1012	-0.0408	-3.0000
0.3152	-0.4151	0.0000
-0.1682	0.3759	-2.0000
-0.2520	-0.3903	-1.0000
-0.1448	-0.4111	-1.0000
0.2491	0.4689	-1.0000
-0.1179	0.3944	-1.0000
0.2406	0.2174	-2.0000
0.0896	0.0787	-1.0000
-0.0379	0.1117	-2.0000
-0.1736	0.2021	-1.0000
0.0011	-0.1278	-3.0000
-0.3946	0.1741	-2.0000
-0.2886	-0.0378	-1.0000
0.1185	0.1608	-3.0000
-0.1412	-0.0952	-3.0000
-0.3348	0.1023	-3.0000
0.0750	0.5477	-1.0000
0.1293	0.2716	-3.0000
0.2149	-0.2549	-3.0000
-0.2007	0.0845	-3.0000
-0.0212	0.3437	-2.0000
0.2147	0.2796	-1.0000
0.5035	-0.0235	-1.0000
0.1591	0.1877	-2.0000
0.2342	0.3686	-2.0000
0.4224	0.0044	-2.0000
-0.3417	0.1789	-3.0000
-0.0076	0.0775	0.0000
-0.1191	0.4561	-2.0000
-0.3025	0.3065	-3.0000
-0.2755	0.2959	-1.0000
-0.0503	-0.5187	-1.0000
0.4600	0.3706	0.0000
0.3019	0.3757	-2.0000
-0.2248	0.2774	0.0000
0.1624	-0.4404	-1.0000
0.5509	-0.1702	0.0000
-0.1473	-0.0620	-3.0000
-0.0958	0.1686	-3.0000
-0.2879	0.3237	0.0000
0.3526	-0.3955	-1.0000
0.1086	-0.1598	-3.0000
0.0892	-0.3157	-3.0000
