4.6085e-01	2.9181e-01	6.4627e-01	5.6239e-01
4.2933e-01	1.3379e-01	6.3273e-01	6.5915e-01
6.8363e-01	5.0531e-01	5.2127e-01	1.6734e-01
1.1766e-01	8.3409e-01	5.2843e-01	1.6974e-01
7.6856e-02	3.4796e-01	6.7994e-01	6.6762e-01
6.2735e-01	5.1022e-01	4.5056e-01	4.1520e-01
9.4804e-03	6.5353e-01	7.2407e-01	2.5427e-01
5.5416e-01	7.8708e-01	8.2119e-02	3.0649e-01
1.1153e-01	3.5841e-01	5.1343e-01	8.0155e-01
4.5366e-01	5.7404e-01	6.5825e-01	2.2351e-01
5.5040e-01	6.1372e-01	5.8028e-01	4.8201e-02
3.7563e-01	6.2973e-01	6.1255e-01	3.2937e-01
5.4468e-01	5.7275e-01	4.3831e-01	4.6204e-01
2.8931e-01	4.2227e-02	7.6520e-01	5.9924e-01
5.7689e-01	1.0197e-01	7.4668e-01	3.4790e-01
5.8288e-01	7.5472e-01	1.3756e-02	3.4555e-01
6.3535e-01	3.0892e-01	6.9545e-01	1.9162e-01
4.0233e-02	4.1746e-01	5.9028e-01	7.1794e-01
1.0960e-01	6.9717e-01	7.0492e-01	1.3939e-01
6.4909e-01	4.5932e-01	7.1290e-02	6.3717e-01
6.1261e-01	6.4238e-01	1.3980e-01	4.7604e-01
8.7756e-02	5.5847e-01	7.9066e-01	2.6537e-01
1.1810e-01	7.1250e-01	2.0376e-01	6.9205e-01
6.3129e-01	4.2781e-01	6.1263e-01	2.5538e-01
5.9215e-01	3.4303e-01	7.3324e-01	1.0524e-01
2.1985e-01	6.6713e-01	6.6017e-01	2.9924e-01
5.2283e-01	6.8467e-01	3.6440e-01	3.9125e-01
5.3184e-01	2.7327e-01	5.3222e-01	6.3008e-01
4.1287e-01	7.1475e-01	5.7901e-01	2.5015e-02
8.4069e-01	3.5217e-01	8.1260e-02	4.4636e-01
5.9551e-01	2.2070e-01	7.8071e-01	5.4820e-02
6.2511e-02	4.3367e-01	1.9658e-01	9.1001e-01
7.4040e-01	7.4321e-03	4.0317e-01	5.7285e-01
1.7106e-01	8.5269e-01	1.8575e-01	4.8997e-01
9.3915e-02	6.9658e-01	2.5038e-01	6.9663e-01
7.4985e-01	3.9953e-01	2.8030e-02	5.6403e-01
4.4062e-01	6.1503e-01	6.6579e-01	1.9933e-02
6.6821e-01	5.5479e-01	8.3938e-02	5.2545e-01
6.7746e-01	5.2855e-01	1.6354e-01	5.2153e-01
1.5547e-01	6.7774e-01	5.6439e-01	4.7368e-01
1.6061e-01	8.1044e-01	2.7696e-01	5.2203e-01
4.9862e-01	5.0628e-01	5.2869e-01	4.9576e-01
5.6282e-01	6.2315e-01	3.4196e-01	4.5750e-01
6.8462e-01	3.8282e-01	4.8408e-01	4.2486e-01
5.1956e-01	3.7718e-01	3.8457e-01	6.9525e-01
1.4700e-01	5.7996e-01	6.1797e-02	8.3129e-01
6.9924e-01	4.5084e-01	2.9801e-01	5.0471e-01
6.3843e-02	7.7828e-01	5.7604e-01	2.7844e-01
4.7952e-01	6.9541e-01	4.6214e-01	3.1097e-01
3.7898e-01	1.2635e-01	9.2233e-01	1.4074e-02
5.9245e-01	4.0416e-01	5.7261e-01	4.3088e-01
2.4319e-01	8.0247e-02	9.2915e-01	2.9061e-01
6.3546e-01	7.5669e-01	4.8866e-02	2.1777e-01
3.6299e-01	5.5453e-01	2.8947e-01	7.2224e-01
1.4287e-01	6.4444e-01	7.5641e-01	7.0845e-02
6.0119e-01	3.3401e-01	3.5902e-01	6.6393e-01
6.4436e-02	6.9197e-01	7.1235e-01	1.5497e-01
5.4812e-01	4.8168e-01	6.7529e-01	1.7292e-01
7.8807e-01	2.0296e-01	2.3535e-01	5.6855e-01
6.0653e-01	4.7357e-01	4.8028e-01	4.5551e-01
1.0090e-01	2.5995e-01	6.7769e-01	7.0760e-01
6.7380e-01	1.3938e-01	7.0352e-01	2.2851e-01
1.6514e-01	1.4213e-01	6.8302e-01	7.2454e-01
9.4217e-01	1.5279e-01	2.0790e-01	2.7951e-01
5.6308e-01	4.7008e-01	4.7396e-01	5.1977e-01
5.7495e-01	5.3208e-01	5.1724e-01	3.8116e-01
4.8846e-01	1.2527e-01	8.0835e-01	3.3372e-01
1.6304e-01	1.1279e-01	5.9966e-01	8.0451e-01
1.7515e-01	6.7682e-01	1.9853e-01	7.1821e-01
8.0686e-01	4.0349e-01	4.5702e-01	3.6555e-02
5.6882e-01	7.8882e-01	5.5917e-02	2.7900e-01
8.0518e-01	4.8683e-01	3.0327e-01	2.2464e-01
1.3273e-01	8.5319e-01	4.3664e-01	2.9190e-01
4.9038e-01	4.9542e-01	3.9919e-01	6.2727e-01
5.5155e-01	6.7305e-01	3.7501e-01	3.5949e-01
2.5717e-01	7.5487e-01	6.1609e-01	4.7032e-03
4.3573e-01	6.5908e-01	6.0810e-01	1.5477e-01
4.9514e-01	7.3094e-01	4.5964e-01	1.7374e-01
3.6084e-01	5.9545e-01	4.4544e-01	5.9319e-01
6.0820e-01	3.8834e-01	7.0211e-01	6.1733e-02
5.9331e-01	3.1923e-01	4.5286e-01	6.1618e-01
4.8958e-01	6.5901e-01	5.5693e-01	1.8884e-01
4.7523e-01	2.3861e-01	6.0637e-01	6.2054e-01
6.5538e-01	4.3948e-01	5.3168e-01	3.4768e-01
1.8246e-01	6.5446e-01	1.3765e-01	7.5244e-01
9.3746e-01	1.4192e-02	3.7460e-01	9.1772e-02
2.5639e-01	6.5052e-01	1.7618e-01	7.2452e-01
5.9527e-01	3.0602e-01	1.2637e-01	7.6627e-01
4.3979e-01	2.9476e-01	1.9182e-01	8.5983e-01
5.5442e-01	2.1708e-01	2.6597e-01	7.9153e-01
6.1001e-01	5.9612e-01	5.3021e-01	1.0919e-01
6.2110e-01	1.8420e-01	6.0506e-01	4.9475e-01
5.7175e-01	5.7461e-01	5.5006e-01	2.4995e-01
6.9841e-01	1.2416e-01	4.8823e-01	5.4232e-01
4.7615e-01	5.1315e-01	5.6378e-01	4.6950e-01
1.6373e-01	9.8056e-01	1.3960e-01	1.1226e-01
4.8496e-01	3.6501e-01	7.2480e-01	3.5728e-01
1.4200e-01	7.9821e-01	4.9874e-01	3.4073e-01
4.6989e-01	3.5873e-01	5.7447e-01	5.9582e-01
9.9569e-01	3.8977e-02	1.0725e-01	1.6488e-01
5.0155e-01	2.0998e-01	6.7316e-01	5.3007e-01
3.0056e-01	9.3417e-01	2.0223e-01	1.3038e-01
1.7278e-01	5.8307e-01	4.0144e-02	8.2525e-01
7.2561e-01	6.6520e-01	1.7010e-01	1.6828e-01
6.8669e-01	3.6686e-01	5.5790e-01	3.2916e-01
1.2763e-01	8.7471e-01	4.7095e-01	1.2043e-01
1.7505e-01	8.4871e-01	1.3259e-02	5.3136e-01
6.8992e-01	3.6680e-01	2.7088e-01	5.9728e-01
2.6419e-01	1.9042e-01	6.8420e-01	6.7981e-01
8.6164e-02	6.5148e-02	9.0987e-01	4.2217e-01
6.3080e-01	2.3922e-01	2.5318e-01	7.2727e-01
6.4236e-01	5.2678e-03	7.4718e-01	2.1974e-01
6.5025e-01	6.4543e-01	3.6223e-01	2.3313e-01
4.0921e-01	4.3929e-01	3.5276e-01	7.4938e-01
1.1032e-02	1.2797e-01	6.6086e-01	7.6743e-01
4.6140e-01	5.4497e-01	6.5342e-01	2.8889e-01
6.4271e-01	7.1074e-02	4.7489e-01	6.2949e-01
1.5004e-01	5.0038e-01	7.6550e-01	4.0144e-01
6.6025e-01	4.0445e-01	3.0000e-01	5.9175e-01
5.4303e-02	8.6124e-01	5.0132e-01	1.4673e-01
3.8070e-01	6.3336e-01	6.6397e-01	1.7315e-01
7.7453e-01	2.8734e-01	4.7175e-01	3.5213e-01
5.2934e-01	2.1296e-01	6.5232e-01	5.2847e-01
6.8082e-01	6.3269e-01	3.5521e-01	1.8589e-01
6.4634e-01	1.1941e-01	5.8599e-01	5.0634e-01
8.4295e-01	4.5134e-01	1.7769e-01	2.9161e-01
9.4948e-01	2.4182e-01	2.2547e-01	1.3717e-01
5.3094e-01	1.6388e-01	6.1586e-01	5.8831e-01
2.7019e-01	2.2197e-01	6.5872e-01	6.9392e-01
8.3325e-02	2.0849e-01	7.6814e-01	6.2477e-01
7.9419e-01	4.4044e-02	1.6811e-01	6.1914e-01
4.2479e-01	4.0205e-01	8.0705e-01	1.4433e-01
6.4586e-01	1.6890e-01	3.6570e-01	6.8192e-01
6.5039e-01	6.1708e-01	3.9635e-01	2.5337e-01
1.6357e-01	9.4505e-01	2.5134e-01	1.9463e-01
4.2810e-03	4.3331e-01	1.8430e-01	9.1516e-01
3.7789e-01	9.1919e-01	1.7765e-01	4.0300e-02
5.2173e-01	7.6205e-02	5.7995e-01	6.5112e-01
6.4841e-01	4.3676e-01	3.2782e-01	5.6493e-01
6.9851e-01	7.2243e-01	1.1209e-01	5.0171e-02
5.6156e-01	5.7471e-01	5.6972e-01	2.2570e-01
5.4546e-01	5.5800e-01	8.5408e-02	6.5330e-01
1.2446e-02	7.0404e-01	2.4541e-01	6.9714e-01
7.2565e-01	6.9501e-01	8.9604e-02	8.9361e-02
2.1880e-01	2.1919e-01	6.5898e-01	7.1315e-01
8.0379e-01	4.3063e-01	4.2682e-01	1.0512e-01
6.3168e-01	3.4422e-01	2.7919e-01	6.6985e-01
2.0308e-01	1.1800e-01	2.0440e-01	9.8429e-01
2.5104e-01	5.3718e-01	8.0941e-01	7.4420e-02
9.5629e-02	6.6757e-01	2.3371e-01	7.3151e-01
7.1476e-01	2.4107e-01	2.4489e-01	6.4423e-01
3.9167e-01	4.2805e-02	7.0812e-01	6.1319e-01
6.5724e-03	5.6543e-01	2.2270e-01	8.2598e-01
3.4763e-01	3.1990e-01	7.1475e-01	5.4243e-01
4.4595e-01	8.4174e-01	1.2464e-01	3.2171e-01
7.1170e-01	7.4980e-02	6.4991e-01	2.9886e-01
6.3616e-01	6.5316e-01	4.3307e-01	5.3103e-02
4.8188e-01	5.2988e-01	6.2987e-01	3.3547e-01
5.8447e-01	6.0496e-02	3.3368e-01	7.7033e-01
5.3491e-01	5.3694e-01	4.6420e-01	4.9124e-01
6.4845e-01	4.1497e-01	3.9068e-01	5.3900e-01
2.5568e-01	6.5568e-01	7.1872e-01	4.5178e-02
3.7232e-01	3.6735e-01	6.6670e-01	5.5866e-01
3.5723e-01	5.0825e-01	5.8280e-01	5.5268e-01
3.3638e-01	4.9753e-01	1.1921e-01	8.2343e-01
5.4337e-01	5.0856e-01	5.1785e-01	4.5496e-01
4.7693e-01	4.8559e-01	1.5106e-01	7.4994e-01
2.8173e-01	3.5184e-01	8.2585e-01	3.6451e-01
8.4614e-01	3.3381e-01	3.5249e-01	2.7881e-01
2.4121e-01	2.4599e-01	8.4269e-01	4.3757e-01
5.9654e-01	5.9413e-01	4.3052e-01	3.6474e-01
2.9286e-01	3.5404e-01	5.0714e-01	7.5914e-01
3.3166e-01	6.5863e-01	6.6729e-01	1.6524e-01
2.1728e-01	5.6211e-01	3.6331e-01	7.4118e-01
3.8162e-02	6.2174e-01	7.5703e-01	2.3210e-01
7.5983e-01	5.2289e-01	4.1511e-01	2.4231e-02
1.9712e-02	8.2044e-01	4.4597e-01	3.8979e-01
5.0542e-01	3.6865e-01	4.5828e-01	6.6259e-01
5.2954e-01	7.8817e-02	5.2944e-01	6.8890e-01
6.8998e-01	7.0963e-01	1.6390e-01	1.3705e-01
5.5962e-01	7.5805e-01	6.1603e-02	3.7130e-01
4.7843e-01	8.8667e-01	2.4568e-02	8.2560e-02
4.8115e-01	6.4921e-01	3.7229e-01	4.8990e-01
4.3833e-01	1.3121e-01	8.8048e-01	1.6912e-01
7.8425e-01	2.5901e-01	2.9767e-02	6.0032e-01
1.0311e-01	3.2817e-01	3.7887e-01	8.9101e-01
6.4210e-01	1.1670e-02	5.1138e-02	7.9967e-01
6.4403e-01	5.4074e-01	5.5919e-01	1.4654e-02
3.1806e-01	3.8821e-01	7.4151e-01	4.7169e-01
3.9513e-01	7.1023e-01	5.8768e-01	1.0710e-01
6.7708e-01	5.1307e-01	2.5638e-01	4.9797e-01
5.1053e-01	8.2436e-01	2.6512e-01	1.0747e-01
3.7511e-01	4.6699e-02	7.9639e-01	4.9764e-01
1.3543e-02	7.0401e-01	7.1662e-01	6.3971e-02
2.6060e-01	3.9444e-01	5.6433e-01	7.0564e-01
5.8119e-01	7.3222e-01	5.9618e-02	3.9110e-01
3.9616e-02	3.5420e-01	8.0393e-01	5.0002e-01
7.5978e-01	6.0034e-01	2.8697e-01	7.0519e-02
6.7407e-01	2.0630e-01	6.4924e-01	3.2496e-01
7.4951e-01	5.3952e-01	6.1727e-02	4.2116e-01
4.5678e-01	2.7568e-02	6.0370e-01	6.8220e-01
4.5556e-01	8.4471e-01	2.7051e-01	1.6717e-01
7.1073e-01	6.1236e-01	3.6253e-01	1.1118e-01
8.8342e-01	4.0099e-01	1.4270e-01	2.6363e-01
6.4455e-01	4.4820e-01	6.2297e-01	1.2405e-01
3.0101e-01	5.0640e-01	3.6735e-01	7.5073e-01
7.5260e-01	6.3105e-02	3.2858e-01	6.0263e-01
4.6042e-01	3.8637e-01	4.6341e-01	6.8199e-01
3.3227e-01	6.8457e-03	5.8025e-01	7.7316e-01
5.6252e-01	5.3438e-01	4.1434e-01	5.0923e-01
2.5587e-01	9.1268e-01	9.4005e-02	3.4434e-01
1.9947e-01	4.1897e-02	2.4532e-01	9.8160e-01
9.8360e-01	2.2317e-01	5.1462e-02	1.0387e-01
6.7173e-01	3.5106e-01	5.2283e-01	4.2619e-01
1.9518e-01	8.4095e-01	1.5519e-01	5.1268e-01
2.3309e-01	7.5760e-01	3.4982e-01	5.3033e-01
5.8886e-01	7.6237e-02	5.2961e-01	6.3709e-01
5.5671e-01	4.7311e-02	5.6379e-01	6.3887e-01
2.2513e-01	5.9638e-01	7.4109e-01	2.4584e-01
2.8219e-01	2.2238e-01	6.8156e-01	6.6476e-01
5.5961e-01	7.6868e-01	2.7980e-01	2.0384e-01
8.8961e-01	1.9220e-01	2.2140e-01	3.9701e-01
6.2357e-01	7.0122e-01	3.1236e-01	2.1572e-01
2.3642e-01	3.9512e-01	1.8556e-02	9.2109e-01
6.2861e-01	7.3836e-01	2.8693e-01	1.3041e-02
6.7044e-01	3.5808e-01	4.4607e-01	5.0725e-01
6.5522e-01	7.5080e-01	1.6487e-01	6.2710e-02
3.6469e-01	6.4267e-01	1.7463e-01	6.8284e-01
6.5476e-01	2.6347e-01	1.8685e-01	7.1778e-01
5.1339e-01	5.2081e-01	4.0136e-01	5.8355e-01
2.4555e-01	7.2196e-01	6.3179e-01	1.9023e-01
3.8353e-01	4.9978e-01	6.9161e-01	3.8309e-01
5.2738e-01	6.6969e-01	4.7159e-01	2.7230e-01
5.4450e-01	5.7612e-01	3.5761e-01	5.2720e-01
5.2778e-01	7.7854e-01	2.7248e-01	2.5646e-01
5.6167e-01	8.8897e-02	4.1637e-01	7.4171e-01
3.0854e-01	8.4381e-01	7.1541e-02	4.6759e-01
1.7199e-02	6.9163e-01	5.2433e-01	5.2504e-01
8.2934e-01	8.3007e-02	4.2074e-01	4.0072e-01
6.2743e-01	1.8779e-02	6.0058e-01	5.2688e-01
8.6199e-01	5.0410e-01	1.6093e-01	6.7439e-02
8.6476e-01	1.0184e-03	1.0025e-01	5.3216e-01
4.3493e-01	4.7146e-01	4.2128e-01	6.7219e-01
3.3842e-01	6.3218e-01	4.3560e-01	5.7451e-01
4.0836e-01	4.1264e-01	4.2907e-01	7.2296e-01
2.3141e-01	2.8516e-02	9.7505e-01	5.8153e-02
9.9595e-02	1.6670e-01	8.3239e-01	5.4259e-01
4.1210e-01	8.2633e-03	7.2699e-01	5.7621e-01
1.5602e-01	7.4913e-02	8.3883e-01	5.3964e-01
3.1630e-01	7.9360e-01	2.3657e-01	4.9574e-01
6.2740e-01	5.0447e-01	2.7929e-02	6.2743e-01
6.7388e-01	6.1170e-01	2.9010e-01	3.4117e-01
4.0285e-01	5.0023e-01	2.7174e-01	7.4877e-01
2.0300e-01	4.4679e-01	8.6698e-01	1.3779e-01
4.4963e-01	7.2950e-01	5.2230e-01	1.0803e-01
7.3324e-01	6.7590e-01	3.1584e-02	1.7742e-01
3.4731e-01	6.6984e-01	4.9584e-01	4.6104e-01
6.0344e-01	5.6854e-01	4.7444e-01	3.3680e-01
2.5992e-01	7.2569e-01	4.2573e-01	5.0457e-01
5.9590e-01	2.1809e-01	6.3137e-01	4.7722e-01
4.3770e-01	1.9598e-01	4.8862e-01	7.5976e-01
5.6756e-01	5.5695e-01	5.5478e-01	2.8783e-01
5.3034e-01	6.0666e-01	3.8118e-01	4.8714e-01
6.2219e-01	3.9165e-01	6.0624e-01	3.4126e-01
7.5650e-01	2.6380e-01	6.0304e-01	1.2781e-01
7.5980e-01	3.2919e-01	1.2689e-01	5.8309e-01
8.6117e-01	3.7343e-02	2.1660e-01	4.9889e-01
2.4972e-01	7.7972e-01	5.5542e-01	1.9837e-01
9.5095e-01	1.0242e-01	6.6601e-02	3.4011e-01
3.1703e-01	4.9553e-01	7.0453e-01	4.2475e-01
4.6424e-01	1.3689e-01	4.6231e-01	7.7437e-01
5.1232e-01	8.1825e-01	2.8159e-01	1.0302e-01
3.7063e-01	6.2301e-01	1.4830e-01	7.0492e-01
7.1416e-01	2.4158e-01	5.6702e-01	3.7083e-01
1.0716e-01	3.4626e-01	8.8362e-01	3.2032e-01
2.1530e-01	4.3763e-01	6.2092e-01	6.4130e-01
3.4052e-01	5.7014e-01	8.2858e-02	7.7559e-01
8.5807e-01	3.2944e-01	1.2047e-01	4.2000e-01
2.2860e-01	3.8840e-01	1.6366e-01	9.1078e-01
5.8701e-01	3.3908e-01	1.5435e-01	7.5270e-01
5.3783e-01	2.1168e-01	7.2916e-01	3.9697e-01
4.0148e-01	4.9483e-01	5.9450e-01	5.1967e-01
8.1511e-01	2.1862e-02	5.6207e-03	6.1646e-01
8.2800e-01	2.4466e-01	4.0959e-01	3.4222e-01
4.2037e-01	6.3333e-01	6.3970e-01	1.7503e-01
2.9758e-01	6.3961e-01	7.1860e-01	4.1642e-03
3.0197e-01	8.0934e-01	9.0711e-02	5.2851e-01
5.4354e-01	1.1209e-01	6.4941e-02	8.6378e-01
4.0666e-01	2.5482e-01	6.1593e-01	6.5351e-01
6.1911e-01	4.5382e-01	8.7751e-02	6.6930e-01
6.6899e-01	1.9058e-01	1.6787e-01	7.3319e-01
7.3871e-01	3.3644e-01	5.6076e-02	6.1771e-01
4.6316e-01	8.5603e-01	2.6544e-01	5.8598e-02
3.1510e-01	7.3038e-01	5.3345e-01	3.2341e-01
7.6925e-01	5.6935e-01	1.9197e-01	2.7627e-01
4.7910e-01	4.4964e-01	7.2567e-01	2.4457e-01
2.1966e-01	1.8493e-01	9.2411e-01	2.7667e-01
9.7392e-01	1.1504e-01	2.1938e-01	1.4282e-01
5.3210e-01	3.7432e-01	4.9919e-01	6.0350e-01
2.8235e-01	8.9574e-01	2.5602e-01	2.7486e-01
2.9259e-01	7.4026e-01	6.0459e-01	1.3246e-01
8.5148e-01	5.4981e-01	1.3424e-02	1.2446e-02
4.0944e-01	4.4710e-01	9.6145e-02	8.2265e-01
7.3024e-01	5.5411e-01	7.7534e-02	4.3345e-01
6.6975e-01	2.9515e-01	4.7674e-01	5.2089e-01
7.2203e-01	1.1038e-01	1.6622e-01	6.9776e-01
6.6554e-01	4.0034e-01	5.2260e-01	3.8939e-01
2.8048e-01	4.3653e-01	7.5524e-01	4.2680e-01
3.8043e-01	5.0361e-01	3.8788e-01	7.0273e-01
1.6284e-01	8.4494e-01	1.6692e-02	5.4150e-01
2.2618e-01	6.2422e-01	6.6735e-01	3.6695e-01
2.2814e-01	8.7620e-01	4.3878e-01	7.5605e-02
7.4592e-02	8.1091e-01	3.4896e-01	4.9482e-01
3.7144e-01	2.9502e-01	6.5369e-01	6.1754e-01
6.1107e-01	6.8908e-01	3.6187e-01	2.1162e-01
2.6577e-01	9.6271e-01	1.4695e-01	3.5295e-02
8.1307e-02	5.8502e-01	6.2443e-01	5.3825e-01
1.0083e-01	7.0062e-01	6.9946e-01	1.5633e-01
5.9012e-01	1.3710e-01	5.7233e-01	5.8364e-01
3.5495e-01	1.0447e-03	9.1211e-01	2.3477e-01
7.5034e-01	8.8194e-02	6.1303e-01	2.7914e-01
6.1781e-01	9.8328e-02	5.3784e-01	5.9683e-01
6.2013e-01	2.1853e-01	7.5825e-01	9.8060e-02
4.7563e-01	2.2872e-02	8.5541e-01	2.3869e-01
5.4241e-01	1.3178e-01	1.3242e-01	8.5330e-01
8.6657e-02	2.3450e-01	1.2247e-01	9.9466e-01
5.3912e-01	3.7510e-01	5.4688e-01	5.5020e-01
6.1566e-01	4.2997e-01	6.6388e-01	1.1854e-01
5.2494e-01	2.5006e-01	5.9894e-01	5.8057e-01
3.7714e-01	6.0971e-02	9.0849e-01	2.0335e-01
4.6913e-01	3.3554e-01	5.5053e-01	6.3349e-01
5.9014e-02	5.9128e-01	4.8489e-01	6.7071e-01
1.3911e-01	2.4162e-01	3.5561e-01	9.2455e-01
5.0823e-01	6.2403e-01	1.9975e-01	5.9234e-01
7.5069e-01	2.5996e-01	4.5667e-01	4.3861e-01
9.8254e-01	1.9145e-01	1.4079e-01	9.2004e-02
1.3829e-03	8.0372e-01	2.8270e-01	5.5443e-01
4.8635e-01	3.1453e-01	2.8680e-01	7.9590e-01
2.2211e-01	8.4631e-01	4.9584e-01	7.6615e-02
5.3428e-01	7.7667e-01	2.9876e-01	2.1375e-01
4.8705e-01	5.5627e-01	4.9357e-01	4.8994e-01
1.4460e-01	6.2733e-01	3.6005e-01	7.0551e-01
9.0003e-02	7.1395e-01	3.5978e-01	6.2393e-01
5.9811e-01	4.5297e-01	2.0023e-01	6.6395e-01
5.2631e-01	1.9076e-01	5.5242e-01	6.4806e-01
1.4981e-01	3.8949e-01	8.9991e-01	1.6424e-01
5.1926e-01	8.1058e-02	8.5607e-01	6.6368e-02
6.0195e-01	5.0873e-01	2.8516e-01	5.7953e-01
6.2756e-01	4.6936e-01	4.9328e-01	4.1383e-01
8.3497e-01	5.5280e-01	6.6077e-02	1.4499e-01
2.6114e-01	3.8150e-01	6.5751e-01	6.2218e-01
1.4298e-01	1.0387e-01	9.8169e-01	1.1618e-01
3.2516e-01	8.6473e-01	9.0290e-02	4.0857e-01
2.8113e-01	6.2604e-01	3.2031e-02	7.5891e-01
1.6095e-01	5.2805e-01	3.4850e-01	7.8849e-01
4.3926e-02	5.8541e-01	8.0288e-01	1.5307e-01
6.4510e-01	5.1439e-01	5.8044e-01	4.7061e-02
4.2140e-01	3.1520e-01	6.5171e-01	5.7447e-01
5.1438e-01	3.8735e-01	3.5312e-01	7.1097e-01
5.1775e-01	4.3334e-01	4.3390e-01	6.2817e-01
3.5735e-01	7.1275e-02	8.0730e-01	4.8941e-01
2.0573e-01	2.6460e-01	4.2912e-01	8.7023e-01
3.9065e-01	5.7643e-01	3.5341e-01	6.5591e-01
6.7296e-02	5.9226e-01	3.3791e-01	7.5907e-01
5.3185e-01	6.8395e-01	3.6077e-01	3.8345e-01
6.1111e-01	6.7931e-02	3.7230e-02	8.2246e-01
6.9131e-01	4.5103e-01	5.6252e-01	1.5499e-01
8.9024e-01	5.6041e-03	4.8116e-01	3.5501e-02
2.5548e-01	5.3201e-01	5.4580e-01	6.2346e-01
5.2095e-02	6.4265e-01	7.6788e-01	8.5328e-02
9.2459e-02	7.3171e-01	1.3909e-01	6.9213e-01
5.3903e-01	4.7837e-01	3.8468e-01	6.0908e-01
5.4066e-01	1.1015e-01	4.2863e-01	7.4747e-01
4.4211e-01	7.9971e-01	4.2003e-01	9.1624e-02
4.0294e-01	5.5525e-01	5.4817e-01	5.0844e-01
2.7959e-01	1.7385e-01	9.4613e-01	7.7141e-02
6.6325e-01	1.2325e-01	3.1418e-01	7.0187e-01
7.4720e-01	1.6892e-01	4.6931e-01	4.7578e-01
4.8818e-01	4.2605e-01	4.0237e-02	7.9420e-01
6.7309e-02	6.8933e-01	6.1672e-01	4.0310e-01
3.6326e-01	9.6209e-02	2.8659e-01	9.1459e-01
5.3832e-01	6.1251e-02	5.7316e-01	6.4511e-01
6.5487e-01	6.3285e-01	3.3072e-01	2.9693e-01
1.3954e-01	5.5879e-01	8.2290e-01	5.0902e-02
7.2356e-01	1.1214e-01	6.8104e-01	1.4266e-01
2.6459e-01	3.0281e-02	3.6936e-01	9.2296e-01
8.6329e-02	6.8600e-01	2.8876e-01	6.9286e-01
7.0125e-01	4.2544e-01	2.6954e-03	6.0808e-01
4.3651e-01	4.6103e-01	7.7633e-01	9.2833e-02
3.2888e-01	6.2894e-01	4.3705e-01	5.8278e-01
4.7615e-01	4.6865e-01	5.7964e-01	4.9701e-01
7.3376e-01	1.2079e-01	4.3577e-01	5.4218e-01
1.8654e-01	9.2494e-01	2.7644e-01	2.3427e-01
5.5167e-01	4.7856e-01	5.5663e-01	4.2933e-01
5.9061e-01	6.5163e-01	6.2718e-02	5.0813e-01
6.4532e-01	2.4085e-01	3.4978e-01	6.6848e-01
8.0795e-01	2.2896e-01	3.8650e-02	5.7960e-01
2.6711e-01	7.7139e-01	5.1964e-01	2.9060e-01
6.4401e-01	1.3496e-01	4.2533e-01	6.5433e-01
4.1274e-01	3.6039e-01	8.3760e-01	1.0620e-01
3.8813e-01	5.5434e-01	4.7531e-01	5.9248e-01
6.6159e-01	6.2607e-01	2.4147e-01	3.7716e-01
3.0152e-01	4.1381e-01	6.2046e-01	6.2198e-01
7.3476e-01	7.2361e-02	6.8837e-01	2.2018e-02
2.6484e-01	4.0665e-01	4.5328e-01	7.7816e-01
6.3819e-01	5.8749e-01	2.0593e-01	4.8981e-01
3.9100e-01	7.2700e-01	1.1493e-01	5.8542e-01
6.6476e-01	3.1232e-01	6.6389e-01	2.0097e-01
2.1080e-01	4.1970e-01	3.5170e-01	8.4138e-01
4.4979e-01	6.0714e-01	4.4634e-01	5.1124e-01
1.1444e-01	7.0109e-01	6.6603e-01	2.6301e-01
5.6526e-03	7.0290e-01	7.0026e-01	1.7457e-01
1.3064e-01	7.0010e-01	6.8434e-01	2.0059e-01
5.4425e-01	3.1949e-01	5.5727e-01	5.7037e-01
6.7265e-01	6.8262e-01	1.8967e-01	2.7025e-01
4.2796e-01	4.8683e-01	4.7030e-01	6.2938e-01
6.7351e-01	4.2400e-01	1.8500e-03	6.4084e-01
4.6198e-02	6.0655e-01	4.7065e-01	6.6821e-01
4.1812e-01	6.9327e-01	1.0601e-01	6.1018e-01
4.8655e-01	7.3049e-01	3.0894e-01	4.0342e-01
7.1600e-01	6.8382e-01	2.0870e-01	2.8947e-02
4.7444e-01	6.8765e-01	5.3189e-01	1.9829e-01
2.8043e-02	7.0116e-01	3.1392e-01	6.6994e-01
7.7864e-01	1.5794e-01	3.1869e-01	5.5366e-01
5.7314e-01	5.5951e-01	6.1359e-01	1.8011e-02
9.6330e-03	5.7403e-01	7.2884e-01	3.9964e-01
1.8122e-01	6.9002e-01	6.9551e-01	1.4891e-01
3.2723e-01	6.8234e-01	2.5230e-01	6.3460e-01
4.7139e-01	5.2184e-01	4.5854e-01	5.7450e-01
1.4106e-01	2.5210e-02	6.2604e-01	7.9530e-01
5.6905e-01	5.2311e-01	5.8857e-01	2.7996e-01
3.0647e-01	7.1409e-01	3.7378e-01	5.3749e-01
7.7521e-01	4.2487e-01	4.7883e-01	1.1391e-01
3.6371e-01	1.7425e-01	3.4061e-01	8.8199e-01
6.4248e-01	6.3219e-01	3.3368e-02	4.7008e-01
2.1321e-01	6.5799e-01	2.5748e-02	7.5377e-01
4.8868e-01	5.9515e-01	5.8823e-02	6.6851e-01
5.3584e-01	4.9161e-01	4.7206e-01	5.3048e-01
6.4465e-01	4.6515e-01	3.9847e-01	4.9268e-01
3.8180e-01	1.3689e-01	8.7112e-01	3.0420e-01
3.5282e-01	7.7967e-01	2.5474e-02	5.4984e-01
1.8224e-01	6.8125e-01	4.3383e-01	5.9038e-01
6.0096e-01	6.1826e-01	5.2494e-01	3.2225e-02
1.5784e-01	9.2048e-01	1.4719e-01	3.6339e-01
2.2993e-01	2.9743e-01	6.8055e-01	6.5589e-01
3.1835e-03	6.7647e-01	3.7893e-01	6.6139e-01
5.4141e-01	3.7904e-01	5.7294e-01	5.1576e-01
4.2102e-01	6.7909e-02	8.9259e-01	1.8566e-01
5.6248e-01	1.4249e-01	6.0978e-01	5.7015e-01
4.5832e-01	6.2340e-01	1.9924e-01	6.3404e-01
4.3388e-01	1.8847e-01	7.0547e-01	5.5532e-01
3.3599e-02	8.5010e-01	3.6864e-01	4.0758e-01
5.8665e-01	7.1824e-01	9.5189e-02	4.0217e-01
5.1671e-01	3.5612e-01	4.4057e-01	6.7344e-01
5.8913e-01	4.7182e-01	6.0045e-01	3.0465e-01
5.0449e-01	7.5238e-01	2.1786e-01	4.0156e-01
1.5847e-01	2.6304e-01	6.8149e-01	6.9136e-01
6.7762e-01	3.8686e-01	1.2691e-01	6.4754e-01
4.6045e-01	9.7383e-02	6.0979e-01	6.6697e-01
3.0395e-01	3.1077e-01	7.7190e-01	4.8945e-01
5.6949e-01	2.8750e-01	3.4612e-01	7.2069e-01
3.6687e-01	4.5146e-01	5.3147e-01	6.4518e-01
6.2266e-01	1.6741e-01	5.9641e-01	5.0993e-01
5.7924e-01	5.9107e-01	3.3471e-01	4.8573e-01
4.7932e-01	4.8455e-01	7.3747e-01	8.4196e-02
6.7305e-01	1.4516e-01	7.3014e-01	1.0507e-01
3.6565e-01	6.0334e-01	6.9860e-01	1.7455e-01
8.0296e-01	5.9377e-01	1.6279e-01	5.1163e-02
1.5918e-02	4.9446e-01	8.1911e-01	3.1665e-01
6.2493e-01	1.2341e-01	5.7487e-01	5.4529e-01
1.9677e-01	7.7980e-01	3.9297e-01	4.7704e-01
4.7892e-01	8.7941e-01	1.3317e-01	3.9135e-02
6.5130e-02	4.4019e-01	6.5692e-01	6.3548e-01
4.6506e-01	5.5321e-01	5.5116e-01	4.4873e-01
7.4764e-01	2.3527e-01	6.1618e-01	1.6754e-01
4.9000e-01	4.7974e-01	5.2038e-01	5.3979e-01
7.7123e-01	6.4217e-02	6.2320e-01	1.8819e-01
2.1252e-01	5.3371e-03	9.5445e-01	2.3475e-01
5.1478e-01	2.9711e-01	5.5239e-01	6.1482e-01
6.9771e-01	5.7905e-01	4.4401e-01	5.6821e-02
6.2422e-01	1.7507e-01	6.8328e-01	3.7024e-01
5.5983e-01	3.5873e-01	3.0813e-01	7.1332e-01
2.1059e-01	7.7081e-02	1.7736e-01	9.9246e-01
4.2523e-01	8.5025e-01	5.7854e-02	3.4660e-01
5.1968e-01	2.1340e-01	1.7456e-01	8.4251e-01
7.3668e-01	5.8215e-01	3.4963e-01	1.4492e-01
3.4878e-01	5.2212e-01	6.7036e-01	4.2424e-01
3.9362e-01	4.8786e-01	7.0357e-01	3.6501e-01
6.6022e-01	1.7209e-01	5.5082e-01	5.1375e-01
4.2703e-01	2.8630e-01	5.8753e-01	6.5413e-01
4.0411e-01	1.2038e-01	6.2021e-01	6.9035e-01
4.5200e-01	6.2040e-01	6.0763e-01	2.4795e-01
3.1165e-01	5.1209e-01	5.2002e-01	6.3769e-01
1.3305e-01	5.7657e-01	3.7675e-01	7.4308e-01
8.3123e-01	3.6571e-01	1.2887e-01	4.4134e-01
7.0820e-01	5.6040e-01	4.0856e-01	2.0559e-01
1.6711e-01	1.5887e-01	6.2166e-01	7.7725e-01
2.9707e-01	1.5439e-01	5.7793e-01	7.7372e-01
6.3534e-01	5.4281e-01	5.1125e-01	2.5269e-01
4.3267e-01	6.8284e-01	4.6688e-01	3.9318e-01
7.1958e-01	4.7018e-01	5.2488e-01	8.7405e-02
6.2225e-01	1.3201e-01	7.4015e-01	2.5979e-01
7.6822e-01	2.6520e-01	5.9948e-02	6.1637e-01
1.7293e-01	9.4646e-01	2.4404e-01	1.8886e-01
2.3659e-02	7.2907e-01	3.7091e-01	6.0466e-01
4.3486e-01	1.6238e-01	8.3050e-01	3.3613e-01
5.1587e-01	3.5367e-01	4.6995e-01	6.5406e-01
6.4100e-01	6.0204e-01	4.1667e-01	2.8013e-01
7.4216e-01	6.2425e-01	1.0331e-02	2.9872e-01
6.3689e-01	6.7724e-01	3.9436e-01	4.7797e-02
3.0734e-01	7.9833e-01	4.1135e-02	5.4908e-01
4.0814e-01	7.4817e-01	2.3942e-01	4.9872e-01
4.3209e-01	5.3717e-01	5.5840e-01	4.9185e-01
1.5216e-01	7.7107e-01	1.4035e-01	6.3352e-01
1.2153e-01	8.7245e-01	4.3562e-01	2.3285e-01
7.4046e-01	6.6750e-01	1.7555e-01	2.3926e-02
5.3604e-01	3.9388e-01	5.7891e-01	5.0266e-01
8.9088e-02	2.6008e-01	9.1053e-01	3.3145e-01
5.2333e-01	7.9376e-01	3.0129e-01	1.6713e-01
1.8000e-01	6.5334e-01	6.1532e-01	4.3135e-01
4.8878e-01	5.2169e-01	4.2575e-01	5.8628e-01
9.0434e-01	3.5010e-01	2.4534e-01	1.6863e-01
3.1663e-01	8.2055e-01	2.6033e-01	4.3281e-01
3.3536e-01	2.5844e-01	4.6166e-01	8.1050e-01
2.0096e-01	5.2417e-01	4.9603e-01	6.9168e-01
4.2774e-01	4.6912e-01	5.4090e-01	5.8152e-01
2.3906e-01	5.8644e-01	7.0755e-01	3.4307e-01
1.3984e-01	5.9472e-01	5.3526e-01	6.1170e-01
4.2624e-01	4.4678e-01	1.0997e-01	8.1204e-01
4.3975e-01	5.0729e-01	5.6816e-01	5.0603e-01
4.6190e-02	8.6869e-01	4.6614e-01	2.1218e-01
5.2218e-01	5.4297e-01	6.2771e-01	2.4224e-01
6.2892e-01	4.0536e-01	5.5181e-01	4.0404e-01
7.3707e-01	2.5861e-01	6.3590e-01	7.7903e-02
3.1054e-01	6.5163e-01	4.7433e-01	5.3400e-01
4.0375e-01	8.4818e-01	1.8806e-01	3.2893e-01
8.0797e-01	1.0595e-01	4.5770e-01	3.9729e-01
6.6134e-01	7.4666e-02	3.9711e-01	6.6529e-01
3.9463e-01	6.0992e-01	5.2698e-01	4.7195e-01
2.5036e-01	7.6383e-01	4.3061e-01	4.4222e-01
7.1310e-01	2.2319e-01	5.8918e-01	3.4759e-01
7.2707e-01	1.5772e-01	5.4720e-02	7.0158e-01
1.6096e-01	6.6994e-01	5.5053e-01	5.0003e-01
4.2975e-01	8.9266e-01	9.6357e-02	1.7953e-01
3.0540e-01	2.5698e-01	2.3764e-01	9.1887e-01
2.8353e-01	2.4292e-01	1.0309e-01	9.5601e-01
1.1614e-01	4.6926e-01	8.6894e-01	1.5036e-01
9.1221e-01	2.7479e-01	3.4352e-01	3.9844e-02
6.5386e-01	5.1992e-01	4.9612e-01	2.8420e-01
5.7625e-01	1.6710e-01	2.0244e-01	8.0791e-01
2.1674e-01	5.7556e-01	7.5948e-01	2.4616e-01
5.5465e-01	4.9821e-01	5.5531e-01	4.0291e-01
4.9471e-01	3.6337e-01	5.8101e-01	5.6444e-01
3.6968e-01	6.1917e-02	5.7232e-01	7.5907e-01
5.6081e-01	3.1111e-02	7.7328e-01	3.2705e-01
7.9112e-01	3.6988e-01	1.1099e-01	5.1353e-01
3.3692e-01	2.9313e-01	5.5218e-01	7.3355e-01
1.2185e-01	8.7868e-01	8.0918e-02	4.8745e-01
7.7241e-01	5.6226e-01	3.3328e-01	2.9096e-02
1.7259e-01	3.8815e-01	1.6768e-01	9.2286e-01
1.1108e-02	7.4435e-01	2.6518e-01	6.4342e-01
4.8953e-01	7.7146e-01	4.1224e-01	1.2638e-01
7.3446e-01	3.4829e-01	4.0337e-01	4.5797e-01
8.0486e-01	4.8586e-01	2.3922e-01	2.9821e-01
5.2833e-01	3.9986e-01	4.5271e-01	6.2821e-01
6.4296e-01	4.6396e-01	3.4935e-01	5.3406e-01
5.5298e-01	5.4422e-01	6.3943e-01	8.4494e-02
4.4101e-01	6.0404e-01	2.4299e-01	6.5003e-01
2.5898e-01	5.2693e-01	8.1363e-01	7.4289e-02
1.7274e-01	2.6552e-01	7.6339e-01	5.8808e-01
5.1982e-01	2.1646e-02	5.2432e-01	7.0495e-01
4.9559e-01	3.3494e-01	5.6075e-01	6.0259e-01
5.8944e-01	7.8405e-01	2.4464e-01	2.5039e-02
4.7585e-01	2.1605e-01	5.2424e-01	7.0283e-01
5.7319e-01	5.2889e-01	3.1141e-01	5.7646e-01
3.9806e-01	5.1141e-01	7.7056e-01	7.5978e-03
4.5922e-01	1.8450e-01	2.6752e-01	8.6003e-01
8.5628e-01	3.4964e-01	1.0480e-01	4.1103e-01
5.4761e-01	7.2118e-01	4.1023e-01	1.8422e-01
7.6059e-01	4.9834e-01	4.2453e-01	1.3132e-01
6.6998e-01	4.6723e-01	7.2062e-02	6.0791e-01
3.1122e-01	4.7573e-01	6.0576e-01	5.8481e-01
6.7666e-01	3.5761e-01	5.7956e-01	3.2155e-01
4.7603e-01	3.8357e-01	6.4409e-01	4.8931e-01
9.5755e-02	7.8782e-01	6.1397e-01	9.2794e-02
2.5403e-01	8.7352e-01	4.3492e-01	3.5606e-02
5.2954e-01	6.0813e-01	4.7879e-01	3.8348e-01
4.5345e-01	5.4073e-01	6.5556e-01	3.0475e-01
6.5351e-01	2.8487e-01	3.8850e-02	7.3498e-01
3.3558e-01	5.9416e-01	2.7544e-01	7.0863e-01
5.0605e-01	1.5876e-01	1.8571e-01	8.6106e-01
5.7842e-01	8.2140e-01	1.1655e-01	1.7278e-02
6.4377e-01	8.9939e-02	1.7012e-01	7.7512e-01
6.8949e-01	6.1172e-01	3.1363e-02	4.2757e-01
4.3675e-01	2.7404e-01	4.3759e-01	7.6801e-01
8.4631e-01	4.2088e-01	3.5914e-01	5.9256e-02
3.9652e-01	6.0568e-01	3.1476e-01	6.4542e-01
8.1632e-01	4.4551e-01	3.0344e-01	2.6839e-01
7.6066e-01	6.6061e-02	4.2672e-03	6.8196e-01
4.1439e-01	4.9902e-01	5.5475e-01	5.5076e-01
2.7890e-01	2.8513e-01	3.8295e-01	8.6512e-01
4.0376e-02	5.1721e-01	2.6162e-02	8.8743e-01
6.0923e-01	4.7437e-01	1.0149e-01	6.6164e-01
5.8874e-01	1.5521e-01	3.8930e-01	7.2385e-01
1.5659e-01	5.6326e-01	5.7279e-01	6.0252e-01
2.8452e-01	3.2696e-01	5.8414e-01	7.1506e-01
6.5683e-01	4.5246e-01	3.8870e-01	4.9666e-01
7.2718e-01	6.3675e-01	2.7109e-01	1.3197e-01
2.0374e-01	5.0790e-01	6.5236e-01	5.5133e-01
6.6518e-01	3.7680e-01	3.6785e-01	5.6378e-01
7.7380e-01	2.5821e-01	5.0002e-01	3.3565e-01
6.7243e-01	7.7828e-02	5.2343e-01	5.5052e-01
3.9639e-01	3.2807e-01	5.3773e-01	6.9767e-01
2.1647e-01	7.0471e-01	6.6813e-01	1.6058e-01
4.8175e-01	3.3006e-02	5.0015e-01	7.4983e-01
6.4579e-01	5.3731e-01	4.4560e-01	3.5066e-01
7.7596e-01	4.1653e-01	3.0016e-01	4.0875e-01
6.5165e-01	5.0557e-01	5.3847e-01	2.2950e-01
3.1803e-02	1.7700e-01	7.6830e-01	6.3955e-01
1.4676e-01	7.7475e-01	5.1326e-01	3.7117e-01
8.3395e-01	9.7089e-02	2.2490e-02	5.8124e-01
4.2076e-01	4.9148e-01	7.7106e-01	3.0088e-02
4.6552e-01	3.4556e-01	8.1863e-01	8.6647e-02
1.8309e-01	3.9041e-01	4.6689e-01	8.0243e-01
7.2799e-01	1.0845e-01	6.6254e-01	2.0229e-01
4.3875e-01	7.6441e-01	4.6339e-01	1.6929e-01
4.0191e-01	5.4040e-01	5.6522e-01	5.0624e-01
1.1382e-01	3.3130e-01	2.3144e-01	9.4077e-01
5.6948e-01	5.5296e-01	5.7687e-01	2.4222e-01
7.9783e-01	5.2543e-01	3.2172e-01	9.7289e-02
6.3544e-01	3.2222e-01	5.6592e-01	4.4880e-01
7.4572e-01	2.8513e-01	3.9423e-01	4.9213e-01
5.2408e-01	5.0602e-01	3.7952e-01	6.0256e-01
5.1644e-01	7.4863e-01	4.2078e-01	1.2929e-01
7.6600e-01	1.0911e-01	5.5032e-01	3.5563e-01
2.2403e-01	2.9913e-01	6.1672e-01	7.2110e-01
6.3937e-01	5.6304e-01	4.1191e-01	3.6401e-01
7.3735e-01	2.8490e-02	6.6584e-01	1.8314e-01
5.6227e-01	4.8104e-01	3.6077e-01	6.0055e-01
7.0789e-01	5.7878e-01	3.6332e-01	2.4055e-01
7.0800e-02	2.9934e-01	7.7002e-01	5.8379e-01
6.5388e-01	1.7196e-01	4.4703e-01	6.1868e-01
6.4673e-01	6.5601e-01	3.7876e-01	1.7779e-01
8.3324e-01	4.8568e-01	3.0902e-01	1.7074e-02
5.1290e-01	7.4434e-02	6.6841e-02	8.8705e-01
7.2500e-01	3.4875e-01	1.0478e-01	6.2064e-01
4.9517e-01	4.3317e-01	6.3387e-01	4.3755e-01
3.1896e-01	5.4883e-01	6.1226e-01	4.9985e-01
9.4141e-02	5.5457e-01	4.6383e-01	7.1390e-01
6.9638e-01	4.6401e-01	1.7624e-01	5.5468e-01
1.1789e-02	6.6712e-01	7.3560e-01	1.6695e-01
6.6976e-01	3.4001e-01	6.6141e-01	1.3426e-01
5.2599e-01	3.1974e-01	6.8293e-01	4.2398e-01
8.7029e-02	6.1852e-01	6.8121e-01	4.0934e-01
5.3067e-01	1.3715e-02	4.9314e-02	8.8057e-01
5.9630e-02	7.6754e-01	4.6777e-01	4.6435e-01
4.0723e-01	5.4581e-01	2.6540e-01	7.1450e-01
5.5286e-01	6.0294e-01	4.3474e-01	4.1258e-01
5.6712e-01	4.6215e-01	3.6223e-01	6.1036e-01
5.4768e-02	7.0870e-01	7.0413e-01	1.1413e-01
4.6671e-01	3.8961e-01	5.1111e-01	6.3795e-01
5.1245e-01	2.7098e-01	4.9239e-01	6.8024e-01
3.3562e-01	3.5822e-02	4.6381e-01	8.5055e-01
7.6669e-01	4.1777e-01	3.0471e-01	4.2179e-01
2.4479e-01	2.3454e-01	9.4344e-01	6.5579e-02
7.7874e-01	1.4015e-01	1.7896e-01	6.2125e-01
8.6425e-02	8.4696e-01	2.4278e-01	4.9694e-01
3.1450e-01	4.5589e-03	8.1937e-01	5.0385e-01
8.7295e-01	1.9901e-01	2.4719e-01	4.1525e-01
7.9892e-01	2.4720e-01	3.4090e-01	4.6876e-01
2.1636e-01	6.2702e-01	5.6457e-01	5.1971e-01
5.6798e-01	5.5956e-02	5.8300e-01	6.0881e-01
5.9919e-01	3.9557e-01	7.0405e-01	7.8992e-02
2.7436e-01	6.1572e-02	1.5744e-01	9.8091e-01
3.3054e-01	9.9307e-02	6.3768e-01	7.1711e-01
4.3977e-01	4.0752e-01	2.1503e-02	8.3360e-01
5.6772e-01	3.3727e-01	2.9373e-01	7.2422e-01
3.7091e-01	6.4880e-01	4.5596e-01	5.1424e-01
4.5289e-01	1.0741e-01	5.6798e-01	7.0870e-01
3.2088e-01	4.4393e-01	7.8788e-01	3.1075e-01
7.5248e-01	3.0302e-01	5.1118e-01	3.2871e-01
7.4264e-01	2.8055e-02	6.2677e-01	2.8124e-01
4.5050e-02	3.5531e-01	7.0173e-01	6.4213e-01
5.8215e-01	6.0702e-01	6.3777e-02	5.7211e-01
7.3733e-01	2.3442e-01	3.2511e-01	5.7935e-01
7.2092e-01	4.3360e-01	3.5363e-01	4.4746e-01
7.5516e-01	3.8739e-01	1.2907e-01	5.5038e-01
8.0054e-01	2.4054e-01	4.7365e-01	3.2481e-01
5.6621e-02	6.7984e-01	7.2481e-01	1.5309e-01
3.8086e-01	3.2181e-01	7.3069e-01	4.9327e-01
5.6135e-01	4.3841e-01	4.2904e-01	5.8782e-01
5.8712e-01	4.9227e-01	6.4660e-01	1.1601e-01
1.9554e-01	8.5526e-01	4.3613e-01	2.4600e-01
1.2305e-01	5.7914e-01	5.5031e-01	6.1693e-01
6.8570e-01	6.6924e-01	1.7319e-01	2.8281e-01
6.9900e-01	3.2665e-01	5.1392e-01	4.1233e-01
5.2574e-01	5.5915e-01	5.3725e-01	3.8483e-01
4.7150e-01	4.7903e-01	5.7873e-01	4.9232e-01
3.3589e-01	2.5161e-01	2.1893e-02	9.4158e-01
2.0721e-01	5.4257e-01	3.8823e-01	7.4602e-01
5.8222e-01	4.0156e-01	3.5451e-01	6.4449e-01
5.0282e-01	7.6598e-01	1.1424e-03	4.3808e-01
5.3834e-01	5.2947e-01	6.1279e-01	2.7524e-01
7.2691e-01	3.2453e-01	4.3901e-01	4.5393e-01
6.1173e-01	5.4324e-01	5.7440e-01	1.4522e-01
6.4491e-01	2.6298e-01	1.7977e-01	7.2906e-01
3.0188e-02	6.4617e-01	7.5088e-02	7.9084e-01
6.2010e-01	1.8936e-02	1.9923e-01	7.9283e-01
7.2068e-01	3.8677e-01	4.3086e-01	4.2005e-01
5.8310e-01	5.7574e-01	3.4904e-01	4.8953e-01
7.2231e-01	2.1746e-01	6.7120e-01	2.4088e-03
3.4026e-01	4.8409e-01	3.4626e-02	8.3850e-01
3.1902e-01	1.6767e-01	1.9447e-01	9.4615e-01
7.4591e-01	2.6571e-01	4.1304e-01	4.8681e-01
8.7539e-01	2.1039e-01	1.1221e-01	4.6342e-01
5.8279e-01	3.9287e-01	3.8111e-01	6.3333e-01
4.7717e-02	7.1158e-01	2.0321e-01	7.0194e-01
6.0637e-01	3.5621e-01	7.2167e-01	4.0737e-02
1.9703e-01	6.5268e-01	4.7805e-01	5.8296e-01
5.6683e-01	2.3984e-01	4.9762e-01	6.4263e-01
6.6495e-01	4.1309e-01	1.3239e-01	6.4299e-01
2.7941e-01	4.0826e-01	6.2382e-01	6.3290e-01
6.2384e-01	3.6480e-01	4.6660e-01	5.4306e-01
6.3209e-01	5.8930e-01	5.2089e-01	4.8990e-02
5.8164e-01	1.0018e-02	4.5169e-01	7.0853e-01
5.7241e-01	6.7807e-01	4.8236e-01	7.6143e-03
1.3294e-01	6.8738e-02	9.6940e-01	2.1951e-01
7.9517e-02	1.5008e-02	8.0796e-01	6.0802e-01
3.4921e-01	1.4111e-01	1.7657e-01	9.4336e-01
5.1383e-01	4.8264e-01	4.1391e-01	6.0778e-01
2.3900e-01	6.6480e-01	6.3820e-01	3.3763e-01
1.2529e-02	5.0307e-01	6.2854e-01	6.2018e-01
6.4455e-01	1.5352e-01	5.3097e-01	5.6067e-01
7.2623e-01	4.8857e-01	3.8566e-01	3.3735e-01
1.4840e-01	7.0627e-01	4.0742e-01	5.8938e-01
3.6784e-01	4.1628e-01	8.2316e-02	8.6077e-01
5.5696e-01	2.3911e-01	6.9079e-01	4.2516e-01
4.1899e-01	8.3026e-01	2.5236e-01	3.1081e-01
7.7229e-01	2.9315e-01	1.2168e-01	5.8743e-01
6.4177e-01	2.4794e-01	6.0993e-01	4.2718e-01
7.6660e-01	4.4457e-01	1.5606e-01	4.7609e-01
6.4457e-01	1.5874e-01	5.7458e-01	5.1123e-01
2.2759e-01	6.3877e-01	4.0063e-01	6.4619e-01
4.7513e-01	7.8956e-01	4.1312e-01	4.9322e-03
1.6057e-01	3.6285e-01	8.0429e-01	4.6656e-01
1.2570e-01	2.4719e-01	4.0877e-02	9.9424e-01
4.7687e-01	2.8509e-01	5.9212e-01	6.1323e-01
1.1274e-01	5.9634e-01	4.1249e-01	7.0923e-01
7.1390e-01	5.8871e-01	4.0833e-01	5.0125e-03
4.1357e-01	3.7953e-01	6.7034e-01	5.1351e-01
6.1919e-01	1.6209e-01	7.3946e-01	2.5147e-01
3.8810e-01	1.0623e-02	7.3063e-01	5.8844e-01
7.1349e-01	2.5906e-01	1.2206e-01	6.7488e-01
1.5849e-01	9.1859e-01	3.7901e-01	7.6266e-02
2.0879e-01	7.6506e-01	5.8758e-01	2.0875e-01
1.3150e-01	5.8249e-01	4.6420e-01	6.8350e-01
4.1159e-01	5.1293e-01	4.3514e-01	6.4563e-01
3.4036e-01	3.4824e-01	8.7578e-01	8.6172e-02
6.8133e-01	4.6546e-01	4.2533e-01	4.1034e-01
2.7867e-02	2.8582e-01	6.6052e-01	7.2120e-01
4.0051e-01	1.0262e-01	2.5630e-02	9.4465e-01
5.5941e-01	7.3592e-01	4.0446e-01	5.3790e-02
7.0715e-01	4.6080e-02	4.3325e-01	5.9092e-01
1.3581e-01	7.1483e-02	8.4486e-01	5.3582e-01
4.6983e-01	4.6879e-01	7.5408e-01	7.6796e-02
5.7070e-01	6.1298e-01	4.4271e-01	3.5939e-01
6.7195e-01	8.5069e-02	5.5142e-01	5.2010e-01
9.4116e-01	2.4780e-01	6.5160e-02	2.8571e-01
6.9180e-01	6.5915e-01	1.3503e-01	3.1278e-01
7.0795e-01	6.9423e-01	5.5764e-02	2.0170e-01
2.2275e-01	6.4254e-01	3.2115e-01	6.8979e-01
1.5875e-01	5.7519e-01	5.8477e-01	5.7732e-01
7.9687e-01	1.6444e-01	2.4654e-01	5.6382e-01
6.7202e-01	7.9508e-02	5.3779e-01	5.3588e-01
7.6954e-01	5.5599e-01	6.5780e-02	3.5537e-01
2.2431e-01	6.4050e-01	4.1508e-01	6.3581e-01
4.4137e-01	7.7554e-01	6.1375e-02	4.8235e-01
9.7138e-02	6.0777e-01	4.7946e-01	6.5457e-01
1.5013e-01	6.3865e-01	7.1081e-01	2.8570e-01
4.3805e-01	5.7918e-01	5.9168e-01	3.8289e-01
6.9864e-01	3.8371e-01	6.1240e-01	1.0078e-01
6.3956e-01	5.3800e-01	5.4112e-01	1.7412e-01
5.8703e-01	3.8195e-01	6.4452e-01	3.4287e-01
3.7923e-01	3.9881e-01	4.7783e-01	7.1503e-01
4.5769e-01	6.7394e-01	3.1230e-01	5.2174e-01
2.1887e-01	5.9802e-01	7.2515e-01	2.9344e-01
1.3350e-02	6.7601e-01	7.0507e-01	2.4906e-01
2.3375e-02	7.3988e-01	6.6082e-01	1.7606e-01
5.3903e-01	7.4018e-01	3.9637e-01	1.6240e-01
1.0293e-01	6.7167e-01	3.0148e-01	6.9945e-01
3.9529e-01	5.3511e-01	3.2916e-01	7.0162e-01
7.3737e-01	0.0000e+00	6.3417e-01	2.7946e-01
4.5811e-01	1.6663e-01	4.4419e-01	7.8327e-01
5.1397e-01	2.8623e-01	5.7169e-01	6.0205e-01
7.2699e-01	5.5773e-01	4.2595e-01	4.5255e-02
9.8666e-01	1.7109e-01	9.7498e-02	1.3696e-01
6.6632e-01	5.4277e-02	6.1143e-01	4.5677e-01
3.2138e-01	5.7278e-01	5.0843e-01	5.8634e-01
3.6937e-01	5.6091e-01	5.7778e-01	4.9332e-01
3.4470e-01	4.1865e-01	3.0687e-01	8.1421e-01
6.4404e-01	1.2676e-01	6.8108e-01	3.5984e-01
5.8523e-01	6.3095e-01	1.9033e-01	5.0814e-01
1.3991e-01	5.7754e-02	9.4446e-01	3.1363e-01
6.4473e-01	5.6303e-01	4.3887e-01	3.1780e-01
1.0678e-01	9.8277e-01	4.3728e-02	2.0684e-01
4.1377e-01	2.8507e-01	6.9202e-01	5.4593e-01
1.9871e-01	9.2231e-01	7.6365e-02	3.6089e-01
7.4620e-02	7.5597e-01	1.3563e-01	6.6728e-01
4.7921e-01	5.7513e-01	1.7320e-01	6.7287e-01
2.9800e-01	6.7588e-01	3.3780e-01	6.1419e-01
6.3192e-01	4.9167e-01	6.1478e-01	8.9303e-03
3.9284e-01	1.6385e-01	3.9722e-01	8.4513e-01
3.9227e-01	7.0912e-01	3.1460e-02	6.1782e-01
2.0428e-01	6.7460e-01	6.4920e-01	3.1807e-01
6.2003e-01	2.9216e-01	6.0846e-01	4.3336e-01
3.9498e-01	6.1306e-01	1.2101e-01	7.0591e-01
6.6558e-01	1.6855e-01	6.4052e-01	3.7977e-01
6.2062e-01	1.5095e-01	3.2474e-01	7.3098e-01
9.4460e-02	9.9526e-01	1.3951e-01	2.8166e-02
2.1106e-01	5.0811e-01	5.2310e-01	6.7983e-01
5.8105e-02	1.9733e-01	6.2558e-01	7.8109e-01
2.6026e-02	2.4175e-01	4.2449e-01	9.0389e-01
2.2985e-01	5.6585e-01	5.6374e-01	5.8433e-01
2.4911e-01	5.6501e-01	6.6538e-01	4.4725e-01
3.5654e-01	7.8602e-01	3.7346e-01	3.7599e-01
4.5875e-01	6.1228e-01	5.1546e-01	4.1910e-01
4.0065e-01	2.3151e-01	1.1327e-01	9.1323e-01
4.0953e-01	8.5873e-01	2.0703e-01	2.7648e-01
6.7747e-01	4.2315e-01	5.5925e-01	2.7041e-01
6.5632e-01	4.3649e-02	7.4856e-01	1.5901e-01
6.9785e-01	5.8676e-01	3.0023e-01	3.2752e-01
5.9228e-01	2.2475e-01	1.5046e-01	7.9314e-01
9.1469e-01	1.0651e-01	4.2244e-01	1.5583e-03
7.9789e-02	9.0310e-01	4.4194e-01	8.7125e-03
5.4155e-01	5.4649e-01	3.9412e-01	5.3574e-01
5.9847e-01	5.0856e-01	3.3702e-01	5.5320e-01
6.4222e-01	4.6514e-01	4.3982e-01	4.5729e-01
3.8294e-01	3.9992e-01	1.8183e-01	8.4567e-01
4.3432e-01	5.1713e-01	5.6903e-01	4.9937e-01
3.9081e-01	8.2019e-01	2.5117e-01	3.7200e-01
2.2578e-01	2.1326e-01	1.8264e-01	9.6671e-01
5.9881e-02	5.7413e-01	4.7930e-01	6.9026e-01
5.5528e-01	5.7880e-01	5.0675e-01	3.5398e-01
7.5791e-01	9.7735e-02	3.9616e-01	5.4487e-01
5.4683e-01	2.4256e-01	6.0194e-01	5.5924e-01
7.0062e-01	8.8082e-02	2.8621e-01	6.8218e-01
3.3675e-01	4.6539e-01	6.8425e-01	4.7684e-01
5.1240e-01	8.0410e-01	2.6992e-01	2.0346e-01
2.5025e-01	1.9911e-01	7.0249e-01	6.6262e-01
3.5781e-01	6.0703e-01	6.5262e-01	3.1253e-01
7.7237e-01	5.7062e-02	3.9024e-01	5.3430e-01
6.1683e-01	2.2604e-01	7.5247e-01	1.4006e-01
5.1964e-01	3.1607e-01	6.3693e-01	5.0364e-01
5.7634e-01	5.2394e-01	5.9284e-01	2.5189e-01
4.6896e-01	3.1506e-01	5.8968e-01	6.0662e-01
3.8402e-01	6.2941e-01	3.6747e-01	5.9807e-01
5.6050e-01	2.3016e-01	7.5844e-01	2.7725e-01
3.5476e-01	6.4325e-01	4.9681e-01	4.9272e-01
9.5284e-01	2.1117e-01	2.2640e-01	1.6223e-01
5.9574e-01	4.0349e-01	3.4006e-01	6.3863e-01
4.0408e-01	2.2641e-01	4.8690e-01	7.7134e-01
5.6410e-01	5.7971e-01	2.4402e-01	5.6898e-01
6.2688e-01	5.1791e-01	3.4812e-01	5.0171e-01
4.3936e-01	4.5091e-01	6.5253e-01	4.5127e-01
6.5196e-01	5.5312e-02	4.8322e-01	6.1435e-01
2.5862e-01	7.1541e-01	2.1845e-01	6.4257e-01
4.1016e-01	8.2824e-02	1.8064e-01	9.2411e-01
5.6488e-01	5.8880e-01	4.9118e-01	3.4408e-01
3.6029e-01	4.9749e-01	7.9678e-01	2.9290e-02
1.4266e-01	7.5254e-01	3.7962e-01	5.4909e-01
5.9139e-01	3.0035e-01	7.4314e-01	1.5895e-01
1.6120e-01	9.3732e-01	2.9307e-02	3.4685e-01
3.5982e-01	6.0536e-01	5.7923e-01	4.4089e-01
2.0459e-03	6.9850e-01	4.3979e-01	5.9384e-01
6.1636e-01	1.8516e-01	3.3280e-01	7.2255e-01
2.0799e-01	2.0382e-01	8.0589e-01	5.3980e-01
3.3100e-01	1.4445e-01	9.2996e-01	1.2392e-01
1.9205e-01	1.7520e-01	4.5098e-01	8.8531e-01
1.9685e-01	5.5714e-01	7.2921e-01	3.7271e-01
1.9293e-02	6.3818e-01	1.4082e-01	7.8844e-01
7.5726e-01	3.3577e-01	5.5171e-02	5.9442e-01
5.5108e-01	4.9341e-01	2.1776e-01	6.7004e-01
2.8323e-01	7.3124e-01	4.9711e-01	4.0361e-01
6.9818e-01	1.8666e-01	5.4276e-01	4.6289e-01
5.2126e-01	1.7740e-01	3.7835e-01	7.7651e-01
9.0139e-01	1.3464e-01	2.4682e-01	3.7791e-01
3.0031e-01	4.8507e-02	7.2199e-01	6.4813e-01
3.1854e-01	7.9559e-01	1.4538e-02	5.4808e-01
5.7731e-02	5.2859e-01	6.2398e-01	5.9976e-01
7.2141e-01	5.8184e-01	3.7223e-01	1.6477e-01
1.1380e-01	6.7826e-01	7.1904e-01	1.5619e-01
9.1807e-01	1.9220e-01	3.8358e-01	2.1981e-03
7.1392e-01	3.7794e-01	5.2557e-01	3.1197e-01
4.5157e-01	6.1842e-01	2.7155e-02	6.7560e-01
4.5353e-01	2.9780e-01	5.1778e-01	6.9178e-01
1.9598e-01	7.2007e-01	6.5600e-01	1.6931e-01
5.8936e-01	2.3732e-01	4.7969e-01	6.3704e-01
1.5319e-01	6.4163e-01	2.0344e-01	7.5495e-01
6.4627e-01	4.4837e-01	2.0357e-01	6.1765e-01
9.4013e-02	4.9921e-01	3.1933e-01	8.3148e-01
6.3979e-01	5.5269e-01	1.6705e-01	5.4305e-01
5.6614e-01	5.5792e-01	3.5310e-02	6.3992e-01
8.4380e-01	1.4260e-02	2.6861e-01	5.0403e-01
1.5305e-01	5.6671e-01	4.5365e-01	7.0010e-01
6.4905e-03	7.5681e-01	3.2569e-01	5.9700e-01
8.3624e-01	2.8949e-01	4.3340e-01	2.3749e-01
5.3925e-01	5.5479e-01	4.3377e-01	4.9507e-01
5.5296e-01	1.5723e-01	2.9557e-01	7.9627e-01
2.0181e-01	3.0064e-01	1.7143e-01	9.4987e-01
5.4457e-01	6.6790e-01	2.5791e-01	4.7251e-01
3.8460e-02	3.0024e-01	6.0000e-01	7.6917e-01
1.8744e-01	5.6299e-01	6.0476e-01	5.5882e-01
6.4712e-01	5.7345e-01	4.3241e-01	3.0223e-01
5.9711e-01	4.7176e-01	6.1083e-02	6.8012e-01
4.4743e-01	5.4761e-01	3.6970e-01	6.3424e-01
8.7365e-01	8.2164e-02	1.9832e-01	4.7838e-01
7.4708e-01	4.3472e-01	3.6333e-01	3.8975e-01
8.8609e-01	4.1924e-01	2.5014e-01	6.3614e-02
4.3581e-01	6.0101e-01	1.8811e-01	6.7550e-01
4.2168e-01	6.2293e-01	1.1000e-01	6.8230e-01
3.3977e-01	5.6535e-01	2.5041e-01	7.4047e-01
2.4662e-01	8.1544e-01	2.2192e-01	5.0674e-01
4.6693e-01	5.1152e-01	2.4354e-01	7.1148e-01
2.0457e-01	6.6892e-01	7.0795e-01	1.5604e-01
4.9636e-01	6.6518e-01	4.3243e-01	3.8867e-01
3.5602e-01	5.7220e-01	1.9388e-01	7.4505e-01
7.9446e-01	4.4833e-01	4.2245e-01	1.1888e-01
8.2399e-01	5.3389e-01	1.0292e-02	2.5699e-01
6.4162e-01	6.2881e-01	3.6668e-01	2.9099e-01
8.6113e-01	4.0202e-01	0.0000e+00	3.6155e-01
3.7888e-04	7.1924e-01	6.9901e-01	8.9517e-02
1.9328e-01	5.4848e-01	4.0782e-01	7.3416e-01
3.9694e-02	5.1416e-01	2.1551e-01	8.6147e-01
4.3184e-01	6.5630e-01	7.4383e-03	6.5160e-01
3.4198e-01	2.7160e-01	8.9320e-01	1.5284e-01
1.9748e-01	8.2885e-01	5.3401e-01	7.4393e-02
2.5728e-02	6.3509e-01	6.6022e-01	4.2767e-01
6.1726e-01	1.6243e-01	3.4608e-01	7.2086e-01
5.3527e-01	5.0484e-01	5.0512e-01	4.8360e-01
7.9355e-01	5.6334e-01	2.7995e-01	2.1337e-03
4.6428e-01	5.7725e-01	4.8369e-01	4.9783e-01
6.2482e-01	6.2369e-01	4.5680e-01	1.8607e-01
4.2055e-01	9.1519e-01	8.3984e-02	8.4352e-03
1.8672e-01	8.1789e-02	4.6153e-01	8.9492e-01
6.3568e-01	5.7079e-01	5.0703e-01	1.8785e-01
2.8808e-01	6.8567e-01	4.4660e-01	5.2773e-01
2.1298e-01	3.6415e-01	8.1614e-01	4.1942e-01
6.7583e-01	3.3103e-01	5.9580e-01	3.2171e-01
2.4179e-01	7.2515e-01	6.4024e-01	1.4769e-01
2.6784e-01	7.7752e-02	9.0325e-01	3.4960e-01
6.8776e-03	1.0547e-01	5.8870e-01	8.3093e-01
9.9488e-02	1.1200e-01	4.1508e-01	9.2953e-01
3.8165e-01	7.0087e-01	4.5389e-01	4.2928e-01
5.8858e-01	6.2435e-01	4.4979e-01	2.9352e-01
8.7515e-01	2.7916e-01	3.1414e-01	2.9707e-01
3.3105e-01	6.2482e-01	1.4387e-01	7.2442e-01
5.2755e-01	3.8478e-01	4.8272e-01	6.1488e-01
2.5211e-01	7.1954e-02	7.9552e-01	5.7108e-01
5.8935e-01	5.9902e-01	3.6968e-01	4.3306e-01
6.5487e-01	2.9119e-01	2.1501e-01	6.9775e-01
1.5617e-02	4.3253e-01	6.7335e-01	6.2595e-01
4.0746e-01	4.2827e-01	7.7755e-01	2.5016e-01
6.2728e-01	9.7791e-02	6.7297e-01	4.1244e-01
7.6481e-01	2.3565e-01	6.1696e-01	5.2537e-04
3.3286e-01	6.6226e-01	6.3363e-01	2.6068e-01
5.5507e-01	1.8018e-01	1.3385e-01	8.3512e-01
2.3980e-01	4.2122e-01	6.7552e-01	5.8242e-01
8.4242e-01	2.5701e-01	4.8283e-01	1.2723e-01
5.9940e-01	7.9185e-01	1.6937e-01	9.2404e-02
7.0198e-01	6.2554e-01	3.4317e-01	1.5025e-01
1.1619e-01	7.5535e-01	5.1080e-01	4.2425e-01
2.3248e-01	6.9824e-01	5.4783e-01	4.2810e-01
4.9200e-01	7.1754e-01	3.9398e-01	3.3664e-01
2.2391e-01	1.9710e-01	9.1062e-01	3.0985e-01
3.2325e-01	5.6047e-01	4.8485e-01	6.1813e-01
5.9937e-01	6.1288e-01	4.0387e-01	3.5976e-01
6.0737e-01	7.3962e-01	2.5558e-01	2.0847e-01
2.8784e-01	5.9661e-01	6.9271e-01	3.1691e-01
1.4041e-01	2.4941e-01	5.6282e-01	8.0495e-01
5.0279e-01	2.5482e-01	6.1394e-01	5.8211e-01
5.5061e-01	4.8367e-01	6.8185e-01	1.2494e-01
2.2339e-01	8.7407e-02	8.3167e-01	5.2462e-01
3.8549e-01	3.8979e-01	8.3242e-01	1.4106e-01
6.0425e-01	3.6050e-01	4.0680e-01	6.1541e-01
8.8178e-01	3.0541e-01	3.7327e-01	1.2987e-01
5.5268e-01	6.0208e-01	5.9121e-01	3.1347e-02
5.0987e-01	1.0115e-01	7.2219e-01	4.8485e-01
7.0085e-01	6.2541e-01	2.2328e-01	3.1078e-01
3.2265e-01	5.9095e-01	5.4018e-01	5.3417e-01
2.8040e-01	3.9859e-01	7.3277e-01	5.0102e-01
4.9689e-01	5.2508e-01	1.9083e-02	7.2405e-01
6.0141e-01	1.3261e-01	2.2154e-01	7.9005e-01
7.4746e-01	3.3207e-01	5.2795e-01	2.7922e-01
4.7844e-01	5.1617e-01	4.1581e-01	6.0747e-01
6.7398e-01	2.3171e-01	4.4856e-01	5.7294e-01
1.9235e-01	9.8595e-01	2.1073e-02	1.0577e-01
7.4120e-01	1.4235e-02	4.2392e-01	5.5544e-01
6.1134e-01	5.8331e-01	3.3112e-01	4.5646e-01
2.0017e-01	3.5502e-01	7.2067e-01	5.8676e-01
5.2094e-01	6.2158e-01	5.9860e-01	4.4433e-02
5.4498e-01	2.5416e-01	8.0715e-01	3.9295e-02
9.9394e-01	7.3648e-02	1.8922e-01	3.0009e-02
6.5914e-02	4.3203e-01	6.2655e-01	6.7280e-01
2.9419e-02	3.5129e-01	6.5818e-01	6.9247e-01
4.3402e-01	6.5680e-01	1.6418e-01	6.2705e-01
8.8293e-02	4.8876e-02	7.5313e-01	6.7593e-01
5.5460e-01	4.9487e-01	2.8494e-01	6.3833e-01
4.4581e-01	2.2975e-01	7.1086e-01	5.2081e-01
6.2045e-01	5.5789e-01	6.1917e-02	5.8292e-01
2.2291e-01	6.2437e-01	6.0271e-01	4.7250e-01
4.1682e-01	1.5489e-01	3.3945e-01	8.6159e-01
2.5888e-01	5.4653e-01	2.5345e-01	7.8676e-01
4.2992e-02	8.7225e-01	4.7806e-01	1.6392e-01
2.6006e-01	2.5515e-01	6.9357e-01	6.4838e-01
2.1616e-01	5.1801e-01	1.0488e-02	8.6043e-01
6.2291e-01	7.4266e-01	2.7259e-01	9.6901e-02
7.6046e-03	1.2528e-01	8.6309e-01	5.1192e-01
5.2122e-02	9.0773e-01	4.1161e-01	1.5005e-01
4.0042e-01	4.1141e-01	7.1871e-01	4.2061e-01
5.0533e-02	4.0267e-01	6.8833e-01	6.2760e-01
3.5382e-01	6.4107e-01	1.3498e-01	6.9974e-01
4.1640e-01	4.8697e-01	7.4726e-01	2.1828e-01
2.2966e-01	7.0017e-01	6.8342e-01	6.6671e-02
7.3472e-01	5.7997e-01	3.5942e-02	3.9412e-01
3.1838e-01	6.7025e-01	6.2662e-01	2.7562e-01
1.6873e-01	3.5418e-01	9.2283e-01	6.2558e-02
3.6263e-01	7.5922e-01	3.3700e-01	4.5589e-01
7.0070e-02	6.0752e-01	8.0467e-02	8.1929e-01
4.5587e-01	4.2952e-01	7.5339e-01	2.3951e-01
6.3859e-01	6.1595e-01	4.6159e-01	1.4829e-01
6.8155e-01	6.0727e-01	1.5889e-01	4.1707e-01
5.5301e-01	8.1732e-01	2.0266e-01	8.8605e-02
5.7403e-01	4.2377e-01	6.3691e-01	3.2901e-01
7.0312e-01	6.9437e-01	2.1849e-01	1.1147e-02
5.6134e-01	4.9006e-01	6.2660e-01	2.7104e-01
4.6651e-01	4.0846e-01	7.2832e-01	3.2428e-01
7.1706e-01	4.3825e-01	5.2537e-01	2.0310e-01
8.7125e-01	4.3786e-01	2.5718e-01	1.0271e-01
6.2575e-01	1.8425e-01	7.1316e-01	2.9546e-01
7.5220e-01	5.7598e-01	1.9041e-01	3.0971e-01
3.2547e-01	7.9279e-01	2.4362e-01	4.8722e-01
5.2900e-01	3.6790e-01	8.3989e-02	7.9391e-01
7.1692e-01	3.2403e-01	2.4028e-01	6.0414e-01
7.4337e-01	2.7204e-01	7.0454e-02	6.4314e-01
5.3266e-02	6.5282e-01	6.9973e-01	3.1551e-01
4.5789e-01	5.7409e-01	4.0335e-01	5.7754e-01
6.5055e-01	1.5930e-01	6.5025e-01	3.9316e-01
1.7805e-01	6.6964e-01	6.3653e-01	3.6865e-01
3.8903e-01	7.7870e-01	4.6199e-01	2.2271e-01
3.2974e-01	6.2956e-01	3.5630e-01	6.3745e-01
5.9676e-01	2.7703e-01	7.3547e-01	2.1173e-01
5.7526e-01	2.5212e-01	5.4258e-01	5.8897e-01
3.4461e-02	7.0553e-01	2.3274e-01	6.9940e-01
6.4468e-01	6.5882e-01	4.1175e-01	5.3239e-02
6.0211e-01	2.3341e-01	3.9484e-01	6.8620e-01
1.1120e-01	3.2799e-01	7.8237e-01	5.4212e-01
4.4950e-01	4.5411e-01	6.3022e-01	4.7081e-01
3.4815e-01	7.1506e-01	4.2266e-01	4.6656e-01
6.4242e-01	4.2655e-01	4.8505e-01	4.4779e-01
3.8922e-01	7.1124e-01	5.3144e-01	2.8567e-01
6.3490e-01	5.0991e-01	1.6202e-01	5.9234e-01
6.6879e-01	5.6493e-02	7.0297e-01	2.7764e-01
2.3118e-01	7.0590e-01	7.5574e-02	6.9702e-01
5.6168e-01	4.2057e-01	5.4602e-01	4.8984e-01
8.0675e-01	4.9187e-01	1.9309e-01	3.1751e-01
4.3826e-01	5.3237e-01	5.8813e-01	4.5332e-01
7.6357e-01	5.8746e-01	2.7866e-01	1.4146e-01
6.1672e-01	5.8937e-01	1.2577e-01	5.4212e-01
8.1710e-01	2.4925e-01	5.0373e-01	2.0485e-01
3.4520e-01	2.8825e-01	5.2376e-01	7.5348e-01
9.9873e-03	8.9896e-01	4.2091e-01	1.8346e-01
4.0364e-01	2.7432e-01	3.8727e-01	8.1409e-01
4.5778e-01	5.9092e-01	6.4182e-01	2.1935e-01
4.0787e-01	6.6357e-01	6.3630e-01	6.9957e-02
4.9435e-01	6.4627e-01	3.2894e-01	5.1280e-01
7.5553e-01	6.2918e-01	1.1027e-01	2.2157e-01
4.6576e-01	5.0123e-02	5.6397e-01	7.1012e-01
9.2305e-01	4.1477e-01	6.0725e-02	3.5498e-02
9.4010e-01	3.6354e-01	1.1449e-01	1.1050e-02
2.5232e-01	6.3009e-01	7.3472e-01	1.1659e-01
6.0264e-01	5.9508e-01	4.3766e-01	3.4302e-01
1.5208e-01	1.1376e-01	4.8270e-01	8.8614e-01
8.3248e-01	4.8823e-01	1.0706e-01	2.9711e-01
3.1981e-01	1.0353e-01	9.3985e-01	1.1807e-01
9.4875e-01	2.4474e-01	1.6373e-01	2.1052e-01
5.5257e-01	3.8958e-01	7.4533e-01	5.8036e-02
4.4140e-01	6.1892e-01	6.2461e-01	2.2586e-01
2.2396e-01	3.9342e-01	6.5305e-01	6.3433e-01
5.9937e-01	4.6143e-01	4.4834e-01	5.0983e-01
5.0601e-01	3.1399e-01	8.1108e-01	4.0149e-02
2.6173e-01	2.1769e-01	5.9388e-01	7.5799e-01
3.5306e-01	6.5873e-01	1.5184e-01	6.7891e-01
4.6701e-02	6.1326e-01	5.9261e-01	5.4771e-01
7.1099e-01	5.4256e-01	4.1913e-01	2.2250e-01
6.3133e-01	7.8813e-01	2.6143e-02	6.1578e-02
3.0036e-01	3.0886e-01	7.7795e-01	4.8278e-01
2.9749e-02	3.9168e-01	7.1214e-01	6.0774e-01
5.3161e-01	2.3027e-01	4.6561e-01	7.0048e-01
4.3668e-01	7.1683e-01	2.5822e-01	5.1179e-01
2.2304e-01	6.2594e-01	1.3548e-01	7.6683e-01
2.1526e-01	4.1307e-01	6.2715e-01	6.5190e-01
3.9155e-01	5.2745e-01	5.9191e-01	4.9648e-01
2.8250e-01	4.9052e-01	2.9218e-01	8.0262e-01
7.3969e-01	1.9619e-01	1.7366e-01	6.5554e-01
7.1979e-01	3.1634e-01	4.1199e-01	4.9669e-01
1.2140e-01	4.9463e-02	4.0361e-01	9.3786e-01
5.7043e-01	6.3662e-02	6.0456e-01	5.8271e-01
2.4715e-01	2.2879e-02	7.9748e-01	5.7471e-01
6.9963e-01	5.5962e-01	3.9543e-01	2.5872e-01
2.7250e-01	7.1564e-01	6.0856e-01	2.4864e-01
1.0622e-01	6.3930e-01	5.1763e-01	5.8716e-01
7.6357e-01	5.6077e-01	2.6810e-01	2.4143e-01
7.1425e-01	6.4164e-01	1.9593e-01	2.5982e-01
4.1153e-01	2.8079e-01	2.8065e-01	8.5328e-01
2.8936e-01	1.6428e-01	1.6263e-01	9.6294e-01
6.3195e-01	4.3929e-01	2.2318e-01	6.3249e-01
5.9008e-02	4.6194e-01	7.7583e-01	4.5045e-01
4.8816e-01	3.7043e-01	6.7430e-01	4.4195e-01
5.6167e-02	1.0000e+00	1.0995e-01	6.8722e-02
6.3717e-01	3.0455e-01	5.4353e-01	4.8699e-01
6.4450e-01	5.3175e-01	5.6453e-01	5.7437e-02
6.5419e-01	3.5842e-01	4.4608e-01	5.2857e-01
5.0011e-01	1.4238e-01	4.6524e-01	7.4779e-01
2.6045e-01	4.9288e-01	3.2087e-01	7.9719e-01
9.0649e-02	6.3556e-01	4.0621e-01	6.8002e-01
1.2590e-01	3.5743e-01	5.6865e-01	7.5902e-01
3.1017e-01	3.3573e-01	8.9195e-01	8.0148e-02
7.1400e-01	9.9510e-02	6.0116e-01	3.8241e-01
2.6349e-01	3.1444e-02	5.9100e-01	7.9119e-01
9.6990e-01	2.7305e-01	1.1800e-01	2.4903e-02
6.8005e-01	6.2845e-01	2.9687e-01	2.8580e-01
1.8110e-01	5.4125e-01	6.2750e-01	5.5688e-01
1.9626e-01	5.4859e-01	5.9056e-01	5.8620e-01
5.3808e-01	5.7191e-01	6.1812e-01	1.4157e-01
3.0920e-01	6.1612e-01	6.5949e-01	3.3180e-01
3.0641e-01	3.9757e-01	5.2313e-01	7.1831e-01
7.8454e-01	1.4981e-01	2.5189e-01	5.8321e-01
1.2389e-01	2.8338e-01	8.3747e-01	4.7388e-01
6.2745e-01	4.0752e-01	6.5546e-01	1.7414e-01
6.8017e-01	1.4896e-01	4.2087e-01	6.1502e-01
3.9000e-01	5.9013e-01	1.3465e-01	7.2636e-01
6.5052e-02	4.9985e-01	5.8405e-01	6.6416e-01
1.0000e+00	6.4781e-02	1.4411e-01	7.4936e-02
7.4949e-01	6.4414e-01	4.0945e-04	2.2703e-01
7.9700e-01	5.8381e-01	1.5609e-01	1.6444e-01
3.3964e-01	5.5527e-01	5.5815e-01	5.4368e-01
8.8364e-01	6.7756e-02	4.3862e-01	2.2390e-01
7.1288e-01	2.1385e-02	3.3087e-01	6.5248e-01
3.6985e-01	1.1720e-01	4.7979e-02	9.5487e-01
2.5553e-01	2.3536e-01	3.7777e-01	8.9041e-01
4.9802e-01	6.3717e-01	2.8073e-01	5.5019e-01
5.9667e-01	6.0876e-01	5.0584e-01	1.9863e-01
5.7495e-01	4.3587e-01	5.1548e-01	4.9498e-01
1.9113e-02	2.6791e-01	2.0187e-01	9.7558e-01
1.2995e-01	7.0183e-01	1.9781e-01	7.0304e-01
2.9655e-01	8.4599e-01	4.5133e-01	1.0550e-01
2.2178e-01	5.0377e-01	5.2065e-01	6.8166e-01
1.6075e-01	8.6453e-01	2.7777e-01	4.2057e-01
1.6072e-01	8.3300e-01	1.7704e-01	5.3088e-01
4.2984e-01	6.9328e-01	5.4567e-01	2.3924e-01
4.9653e-01	7.0595e-01	5.0579e-01	1.3817e-01
4.0623e-01	7.4537e-01	2.8787e-02	5.6118e-01
2.7963e-01	3.5448e-01	1.1820e-01	9.1796e-01
8.9447e-02	9.4594e-01	1.8650e-01	2.9296e-01
9.5532e-02	7.1925e-01	6.6258e-01	2.2608e-01
3.1806e-01	5.7203e-01	2.0200e-01	7.6058e-01
1.8386e-01	5.8416e-01	6.1514e-01	5.2412e-01
2.3854e-02	7.1621e-02	6.9578e-01	7.4156e-01
7.0671e-01	1.0857e-01	3.9596e-01	6.1040e-01
3.4068e-01	6.4758e-01	2.8718e-01	6.4952e-01
8.0035e-01	4.1632e-02	3.2998e-01	5.3621e-01
6.1032e-02	7.3826e-01	6.6404e-01	1.6008e-01
8.5082e-01	2.8144e-01	4.3210e-02	4.8329e-01
2.2128e-01	4.1468e-01	8.7408e-01	1.6375e-01
2.4228e-01	5.7348e-01	2.8772e-01	7.5909e-01
6.4957e-01	6.3550e-01	3.7029e-01	2.4968e-01
4.3274e-02	4.0070e-01	5.2521e-01	7.7896e-01
7.0091e-01	5.9258e-01	2.5244e-01	3.5173e-01
7.9161e-01	1.1946e-02	1.0311e-01	6.3894e-01
8.8218e-01	4.1942e-02	4.6109e-01	1.8520e-01
9.3743e-01	3.1019e-01	1.3774e-01	1.9157e-01
6.6688e-01	5.6157e-01	5.0936e-01	4.0155e-02
5.8261e-01	8.7840e-02	7.5263e-01	3.2785e-01
4.2151e-01	5.0011e-01	5.3000e-01	5.6969e-01
4.5940e-01	7.1370e-01	1.6982e-01	5.3457e-01
2.4969e-01	7.2111e-01	1.3825e-02	6.7801e-01
7.8796e-01	1.3607e-01	1.4879e-01	6.1860e-01
2.6667e-01	5.2107e-01	5.7839e-01	5.9647e-01
7.3371e-01	5.2160e-01	4.2416e-01	1.8533e-01
1.9718e-01	6.3168e-01	5.6815e-01	5.1757e-01
3.6046e-01	4.5109e-01	5.3242e-01	6.4837e-01
5.1213e-01	5.7671e-01	3.9833e-01	5.2917e-01
6.5027e-01	1.6968e-01	4.5610e-01	6.1625e-01
5.6203e-01	4.1159e-01	5.4176e-01	5.0232e-01
2.6643e-01	6.2871e-01	6.8146e-01	2.9651e-01
4.1713e-02	5.3841e-01	5.9511e-01	6.2274e-01
6.3608e-01	3.0679e-01	7.1152e-01	1.1463e-01
2.5623e-01	4.2490e-01	6.4937e-01	6.0358e-01
8.3588e-01	2.3037e-01	5.1023e-01	1.1090e-01
1.6931e-01	2.6317e-01	9.4214e-01	1.5612e-01
6.9969e-01	5.7399e-01	3.1171e-01	3.3569e-01
1.0414e-01	5.5358e-01	5.2789e-01	6.6422e-01
8.3173e-01	3.0524e-01	4.8854e-01	2.1262e-02
1.7248e-01	9.1522e-01	2.4485e-03	4.0037e-01
8.1263e-01	2.4765e-01	3.9047e-01	3.9752e-01
5.3172e-01	3.2753e-01	7.3830e-01	2.9076e-01
1.7397e-01	4.5406e-01	5.8186e-01	6.8013e-01
3.3889e-01	6.1195e-01	6.5964e-01	3.0866e-01
6.2448e-01	3.1534e-01	2.5650e-02	7.4862e-01
2.5827e-01	5.7687e-01	4.8489e-01	6.3383e-01
6.5130e-02	4.0938e-01	5.1855e-01	7.7736e-01
6.8898e-01	5.8897e-01	8.1539e-02	4.5406e-01
6.8235e-02	2.1690e-02	4.9235e-01	8.9867e-01
1.8251e-01	4.5641e-01	8.7241e-01	8.9848e-02
1.3108e-01	5.3810e-01	6.9709e-01	4.8159e-01
6.5514e-01	1.6070e-01	5.6491e-01	5.0807e-01
1.3267e-01	5.9478e-01	6.3948e-01	4.9593e-01
6.7497e-01	1.9407e-01	7.1057e-01	1.4450e-01
5.2552e-01	4.9331e-01	4.6357e-01	5.4725e-01
4.0824e-01	4.8754e-01	7.4544e-01	2.3855e-01
1.2326e-01	6.9834e-01	3.9105e-01	6.1650e-01
5.8813e-01	3.7606e-01	4.8446e-01	5.5950e-01
6.8984e-01	2.9373e-01	3.6601e-01	5.8573e-01
4.6518e-01	3.2167e-01	5.2054e-01	6.6997e-01
5.3363e-01	3.6246e-01	4.6372e-01	6.3876e-01
6.9920e-01	6.9155e-02	6.3169e-01	3.6514e-01
4.0210e-02	3.3133e-01	1.6620e-01	9.6150e-01
3.9477e-01	1.1248e-01	7.1519e-01	5.9279e-01
1.2619e-01	2.1233e-01	9.7070e-01	7.0660e-02
1.2315e-02	6.1353e-01	7.5836e-01	2.5246e-01
5.8768e-01	5.2962e-01	4.9171e-01	4.0006e-01
1.8782e-01	5.7614e-01	6.4002e-01	4.9973e-01
5.7065e-01	3.0066e-01	5.7477e-01	5.3473e-01
3.6956e-02	2.8379e-02	6.9438e-01	7.4545e-01
3.9271e-01	3.2341e-01	4.6459e-02	8.9351e-01
1.7461e-01	4.9751e-01	6.1443e-01	6.1441e-01
3.0217e-01	4.4015e-01	8.5217e-01	1.5144e-02
7.6037e-01	3.7211e-01	4.6299e-01	3.1079e-01
2.5773e-01	8.3282e-01	2.5460e-01	4.5200e-01
8.2995e-01	4.3690e-02	5.1965e-01	2.5670e-01
1.0180e-01	3.5111e-01	7.1764e-01	6.1865e-01
6.5976e-02	5.4320e-02	1.0000e+00	7.9508e-04
1.5173e-01	1.5676e-01	7.8399e-01	6.0604e-01
7.4796e-01	6.4971e-01	1.6857e-01	1.2680e-01
1.4876e-01	3.4302e-01	9.1841e-01	1.6521e-01
4.8508e-01	6.7989e-01	7.0035e-02	5.7926e-01
5.1082e-01	6.6696e-01	5.3186e-01	1.7762e-01
7.4328e-01	1.7387e-01	3.8960e-01	5.5086e-01
6.9565e-01	6.1892e-01	2.5079e-01	3.1420e-01
5.7139e-01	4.4609e-01	3.6215e-01	6.1877e-01
2.5084e-01	5.0024e-01	8.0173e-01	2.4283e-01
7.5711e-01	2.7946e-01	2.1728e-02	6.2667e-01
3.5303e-01	3.9906e-01	2.0571e-01	8.5376e-01
7.7994e-01	1.2962e-01	3.3670e-01	5.4812e-01
7.0619e-01	1.8803e-01	4.0563e-01	5.8338e-01
6.8867e-01	5.9625e-02	4.8036e-02	7.5620e-01
8.7478e-01	3.9935e-01	1.7918e-01	2.7231e-01
3.2410e-01	5.0554e-01	7.3068e-01	3.5398e-01
4.9563e-01	2.8715e-01	3.2353e-01	7.8577e-01
1.8049e-02	4.4872e-01	3.6333e-01	8.4768e-01
1.0534e-01	3.6982e-01	8.5480e-01	3.7219e-01
5.0829e-01	1.8991e-01	5.6960e-01	6.4745e-01
5.2872e-01	5.6630e-02	2.9704e-01	8.2642e-01
4.6613e-01	3.7708e-01	6.0119e-01	5.5775e-01
8.2875e-01	2.6419e-01	4.2348e-01	3.0514e-01
7.2212e-01	5.1587e-01	2.8320e-01	4.0510e-01
8.3789e-01	5.2006e-01	1.0595e-01	2.1325e-01
2.1426e-01	6.6235e-01	7.1367e-01	1.4381e-01
2.0450e-01	2.6604e-01	4.7831e-01	8.4233e-01
2.5374e-01	8.5028e-01	3.2139e-01	3.6695e-01
7.8509e-01	4.4038e-02	5.0904e-01	3.9073e-01
6.8314e-01	5.4013e-01	1.5399e-01	5.0419e-01
5.2601e-01	6.4099e-01	5.4421e-01	1.9160e-01
4.6882e-01	6.7236e-01	3.5856e-01	4.8033e-01
6.7880e-01	6.5819e-01	2.0197e-01	3.0602e-01
3.5336e-01	7.0651e-01	4.6310e-01	4.3424e-01
5.1912e-01	6.6134e-01	1.3368e-01	5.5889e-01
4.1351e-01	2.0421e-01	4.0332e-01	8.2226e-01
6.7595e-02	4.2194e-01	4.8603e-01	7.9229e-01
5.6290e-01	1.4053e-01	6.7898e-01	4.7997e-01
7.0929e-01	6.6555e-01	2.7924e-01	7.1319e-03
5.2306e-01	8.0015e-01	3.0932e-01	1.1121e-01
8.6865e-01	4.1016e-01	1.1492e-01	3.1011e-01
1.7466e-01	8.8360e-01	3.4550e-01	3.0355e-01
7.1289e-01	5.5070e-01	2.8824e-01	3.6851e-01
5.9969e-01	4.5924e-01	5.9795e-01	3.0860e-01
4.1492e-01	6.1928e-01	1.9657e-01	6.6926e-01
4.0001e-01	3.6429e-03	8.3887e-01	3.9500e-01
2.6126e-01	5.7365e-01	6.8057e-01	4.0190e-01
7.5610e-02	2.8287e-01	8.4142e-01	4.7733e-01
7.5652e-01	1.0955e-01	5.4331e-01	3.8663e-01
8.4232e-01	4.6654e-01	2.5182e-01	1.9403e-01
4.7122e-01	7.2282e-01	1.1147e-01	5.2732e-01
5.5534e-01	5.5641e-02	6.0049e-01	6.0284e-01
2.3524e-01	8.4599e-01	9.0473e-02	5.0292e-01
7.4602e-01	4.3213e-01	4.3370e-01	3.1029e-01
6.0707e-01	2.0169e-01	5.4921e-01	5.6934e-01
5.7890e-02	7.4372e-01	2.7553e-01	6.3689e-01
5.6179e-01	2.6300e-01	2.1267e-01	7.8865e-01
9.6569e-02	9.8062e-01	1.9973e-01	9.4643e-02
1.4347e-01	6.0879e-01	7.7541e-01	1.4416e-01
2.8963e-01	3.7597e-01	4.9112e-01	7.6055e-01
7.1061e-01	7.0649e-01	4.5862e-02	1.4090e-01
4.0592e-01	2.4398e-02	1.6060e-01	9.3351e-01
6.4347e-01	6.5029e-01	3.4001e-01	2.7096e-01
3.3342e-01	6.9665e-01	5.9629e-01	2.5946e-01
2.2615e-01	6.9960e-01	2.1603e-01	6.7371e-01
6.8082e-01	6.8348e-01	2.4612e-01	1.8484e-01
4.4774e-02	4.9461e-01	7.2470e-01	5.0318e-01
5.6498e-01	5.5420e-01	5.0155e-01	3.8580e-01
5.3180e-01	3.6689e-01	5.6020e-01	5.4917e-01
5.9417e-01	5.4255e-01	5.0158e-02	6.2619e-01
6.3931e-01	2.6010e-01	4.2853e-01	6.1610e-01
1.4653e-02	5.2487e-01	2.3338e-01	8.5048e-01
4.6962e-01	3.2986e-01	2.3976e-01	8.1613e-01
7.2720e-01	1.7542e-02	6.4384e-01	2.8302e-01
1.5707e-01	2.5240e-01	8.3007e-01	4.9539e-01
2.1908e-01	2.8841e-01	7.3957e-01	5.9306e-01
2.4847e-01	6.6910e-01	6.6671e-01	2.5229e-01
4.3519e-01	6.9840e-01	1.0213e-01	5.9210e-01
7.3782e-01	2.3538e-01	6.0377e-01	2.4338e-01
5.4936e-01	2.5677e-01	7.6802e-01	2.4613e-01
6.7477e-01	4.2985e-01	6.1121e-01	7.9667e-02
5.4049e-01	5.4726e-01	5.6760e-01	3.3156e-01
1.9530e-01	5.9172e-01	6.4199e-01	4.7431e-01
3.3639e-01	6.7054e-01	2.4359e-01	6.4634e-01
5.0081e-01	4.7458e-01	5.7603e-01	4.6963e-01
6.8892e-01	2.6746e-01	5.5602e-01	4.1665e-01
5.4507e-01	4.7923e-01	4.9406e-01	5.1096e-01
4.6428e-01	2.0122e-02	8.4139e-01	3.0565e-01
5.9596e-01	3.7427e-01	5.3956e-01	4.9478e-01
3.5881e-01	6.8078e-01	6.5059e-01	1.2827e-02
5.3630e-01	4.9504e-01	6.6055e-01	2.2456e-01
2.7642e-01	6.1996e-01	5.8415e-01	4.7398e-01
5.7864e-01	6.1963e-01	5.4815e-01	1.1284e-02
5.3887e-01	8.0518e-01	8.4622e-02	2.8390e-01
6.6879e-01	6.4318e-01	2.0334e-01	3.5716e-01
1.0923e-01	3.6688e-01	3.4183e-03	9.5767e-01
2.9682e-01	3.2986e-01	6.0942e-01	6.8541e-01
3.3219e-01	8.4981e-01	1.8275e-01	4.0261e-01
7.1862e-01	6.2296e-01	1.2166e-01	3.3306e-01
4.2650e-01	9.1830e-02	5.7342e-01	7.2320e-01
6.6276e-01	5.9657e-01	4.0649e-01	2.5455e-01
5.4591e-01	2.5991e-01	5.5341e-01	6.0353e-01
6.6390e-01	4.5749e-01	6.0528e-01	5.8289e-02
2.6069e-01	4.6596e-01	1.8947e-01	8.5666e-01
7.4934e-01	1.0838e-01	6.6800e-01	2.3610e-02
2.7039e-01	8.8281e-01	2.7081e-01	3.1349e-01
1.9372e-01	3.3552e-01	8.5013e-01	3.8065e-01
7.3126e-01	4.7658e-01	3.0693e-01	4.1995e-01
1.8275e-01	6.5830e-01	7.2079e-01	1.6861e-01
6.3740e-01	3.1846e-02	2.1945e-01	7.7217e-01
3.6387e-01	1.7870e-01	4.8502e-01	8.0578e-01
4.8900e-01	7.2387e-01	3.1857e-01	4.0491e-01
1.3296e-01	1.0682e-01	8.7704e-01	4.7156e-01
6.9168e-01	6.1231e-01	3.9261e-01	1.2644e-01
6.7594e-01	6.8724e-01	2.3429e-01	2.0407e-01
4.8932e-01	7.3097e-01	1.7731e-01	4.7678e-01
4.2576e-01	2.0747e-01	7.6034e-01	4.7142e-01
7.1422e-01	4.9216e-01	4.4388e-01	2.7705e-01
7.6601e-01	4.2126e-01	3.8694e-01	3.3974e-01
7.5107e-01	1.0439e-01	5.6765e-01	3.6119e-01
7.4949e-01	3.1006e-01	2.2584e-01	5.7605e-01
4.8842e-01	2.3906e-01	1.2374e-01	8.6402e-01
6.4864e-01	4.3139e-01	6.3646e-01	8.5891e-02
5.9986e-01	6.9258e-01	2.2343e-01	3.7413e-01
3.7797e-01	6.4071e-01	1.9048e-01	6.7267e-01
1.7455e-01	2.1979e-01	9.3461e-01	2.4390e-01
1.4037e-01	6.4487e-01	2.9845e-01	7.2022e-01
6.9622e-01	1.0688e-01	3.7485e-01	6.3683e-01
2.4146e-01	5.9774e-01	6.5342e-01	4.2517e-01
1.4753e-01	2.7489e-01	8.2156e-01	5.0091e-01
4.3293e-01	6.5170e-01	1.4690e-01	6.3791e-01
6.4975e-02	8.3657e-01	5.5236e-01	8.4010e-02
4.2764e-01	3.9935e-01	8.0623e-01	1.4820e-01
4.9805e-01	5.0053e-01	1.7848e-01	7.1827e-01
4.1990e-01	4.4014e-01	6.6059e-03	8.2709e-01
4.1749e-01	5.0683e-01	5.2003e-01	5.7626e-01
3.3182e-01	8.7046e-01	3.1542e-01	2.3401e-01
8.7524e-01	1.6314e-02	1.0362e-01	5.1307e-01
5.7595e-01	3.8548e-01	6.6659e-01	3.1204e-01
7.5810e-01	1.3745e-01	6.0925e-01	2.4293e-01
5.8018e-01	3.0339e-02	8.2282e-01	1.3035e-02
2.4538e-02	1.2121e-01	9.8850e-01	1.2569e-01
9.2511e-01	2.0148e-01	2.1821e-01	2.9732e-01
3.3911e-01	1.8568e-02	1.8565e-01	9.5615e-01
4.9455e-01	5.2139e-01	2.1087e-01	6.9549e-01
5.4310e-01	5.0562e-01	3.2758e-01	6.1765e-01
8.1896e-01	1.8805e-01	1.8740e-01	5.4718e-01
1.3761e-01	5.1481e-01	6.1576e-01	6.0777e-01
1.3140e-01	7.8373e-01	2.8582e-01	5.6639e-01
1.4991e-01	5.9991e-01	3.4152e-01	7.3845e-01
6.1063e-01	2.5219e-01	4.3730e-01	6.4264e-01
3.7477e-01	6.0585e-01	8.3005e-02	7.2936e-01
3.4622e-01	4.8920e-01	6.7366e-01	4.6053e-01
6.7951e-01	6.1771e-01	4.1037e-01	1.0577e-01
4.0354e-01	6.2027e-01	5.5075e-01	4.1802e-01
5.2042e-01	4.4317e-01	6.8101e-01	2.9960e-01
3.0425e-01	2.4954e-01	5.7574e-01	7.4597e-01
9.2439e-01	2.8121e-01	5.1080e-02	3.1194e-01
6.1989e-01	6.0125e-02	6.6685e-01	4.4120e-01
4.8796e-02	3.6092e-01	4.0307e-01	8.7100e-01
3.2456e-01	4.9314e-01	1.1833e-01	8.3124e-01
3.7766e-01	1.5128e-01	7.4867e-01	5.4980e-01
9.0621e-01	2.8309e-01	3.0931e-01	1.7811e-01
2.2855e-01	4.5045e-01	2.8914e-01	8.4520e-01
2.8931e-01	5.0357e-01	8.0955e-01	1.4321e-01
2.6035e-01	7.3242e-01	1.9565e-01	6.2940e-01
4.0460e-01	6.5471e-01	6.1322e-01	2.2472e-01
2.2105e-01	7.4525e-01	2.2005e-01	6.2058e-01
2.8161e-01	3.8113e-03	7.5567e-01	6.1719e-01
5.6284e-01	3.2391e-01	2.9044e-01	7.3590e-01
5.6307e-01	6.0839e-01	5.2579e-01	2.4186e-01
1.7625e-01	3.2492e-01	5.2047e-01	7.9962e-01
6.3926e-01	4.6307e-01	2.4046e-01	5.9946e-01
6.3109e-01	6.5980e-01	4.3034e-01	5.3131e-02
6.5703e-01	6.2620e-01	2.0623e-01	4.0634e-01
1.7289e-01	3.0067e-01	4.7332e-01	8.4046e-01
7.0978e-02	4.5323e-01	7.4717e-01	5.0601e-01
6.5548e-01	1.5149e-01	6.9036e-02	7.7147e-01
5.9685e-01	2.7345e-01	6.9199e-01	3.3577e-01
2.2251e-01	1.6387e-01	5.3455e-01	8.2891e-01
1.3193e-01	3.2137e-01	1.7928e-01	9.5396e-01
1.0520e-01	2.6393e-01	7.6876e-01	5.9793e-01
1.5579e-01	2.5138e-01	6.8438e-01	6.9350e-01
1.8257e-01	7.7754e-01	9.7612e-02	6.2535e-01
3.9554e-01	7.0678e-01	5.9016e-01	1.1466e-01
2.4131e-02	4.2123e-02	2.5358e-01	1.0000e+00
3.8798e-01	5.6825e-01	5.6479e-01	4.8560e-01
7.0652e-01	2.0298e-01	6.0659e-01	3.4268e-01
7.3393e-01	8.5604e-03	3.5094e-01	6.1640e-01
6.2607e-01	3.3903e-01	6.7929e-01	2.2802e-01
4.2926e-01	5.6288e-01	6.7364e-01	2.5271e-01
3.9638e-01	5.1814e-01	5.9041e-01	5.0464e-01
2.0543e-01	5.8609e-01	7.8970e-01	5.5216e-02
5.5260e-01	1.5640e-01	3.7183e-01	7.6196e-01
2.2337e-01	8.2647e-01	4.6049e-01	2.7567e-01
2.2926e-01	2.5780e-01	6.9602e-01	6.5650e-01
7.8055e-01	6.1856e-01	9.8390e-02	1.6054e-01
1.1160e-01	8.1826e-01	3.5605e-01	4.6880e-01
3.7029e-01	9.7198e-02	5.4243e-01	7.7799e-01
4.2440e-01	9.0189e-01	2.5791e-03	1.7183e-01
4.6263e-01	4.2151e-01	4.1073e-01	6.9438e-01
7.9303e-01	1.9567e-01	5.8214e-01	1.2949e-01
3.4266e-01	4.1479e-01	7.7583e-01	3.5754e-01
6.8113e-01	5.9557e-01	2.3145e-01	3.9893e-01
6.2789e-01	6.1899e-01	1.4877e-01	4.8492e-01
4.0391e-01	7.9936e-01	8.0636e-02	4.7249e-01
5.4508e-01	3.4766e-01	7.0549e-01	3.2507e-01
2.9893e-02	5.4450e-01	5.4827e-01	6.6236e-01
6.3221e-01	1.1343e-01	2.7492e-01	7.4931e-01
3.2505e-01	9.0423e-01	4.7141e-02	3.1625e-01
3.7008e-01	6.1020e-01	4.9605e-01	5.2490e-01
7.3406e-01	4.3534e-01	4.3728e-01	3.2927e-01
9.3203e-02	1.4221e-01	6.8835e-01	7.3246e-01
6.3633e-01	7.2432e-01	2.7416e-01	1.3839e-01
7.4471e-01	5.8388e-01	2.5349e-01	2.6109e-01
7.2075e-01	4.9786e-02	6.0638e-02	7.2424e-01
8.1875e-01	2.7735e-01	5.2543e-01	0.0000e+00
6.5316e-01	1.3670e-01	6.2520e-01	4.3823e-01
7.4346e-01	2.9849e-01	2.2379e-01	5.9123e-01
7.4659e-01	1.0211e-01	6.7236e-01	5.2527e-03
3.5344e-01	8.1176e-01	4.0605e-01	2.7110e-01
3.7695e-01	1.3735e-02	6.4188e-01	6.9612e-01
7.1728e-01	5.2616e-01	4.6541e-01	1.2279e-01
4.4051e-01	6.2438e-01	5.5342e-01	3.6581e-01
1.7527e-01	5.6830e-01	6.2596e-01	5.3180e-01
4.5881e-01	1.9896e-01	5.0814e-01	7.3189e-01
8.1697e-01	5.7534e-01	4.7062e-02	1.6581e-01
1.1636e-01	8.4774e-01	4.9476e-01	2.0406e-01
5.1904e-02	7.5503e-01	1.3098e-01	6.7163e-01
2.8897e-01	4.7621e-01	6.5840e-01	5.3352e-01
9.3092e-01	4.9880e-02	6.7086e-03	4.0978e-01
4.5085e-01	3.9761e-01	4.7743e-01	6.7149e-01
7.3600e-01	3.2356e-01	5.0911e-01	3.4961e-01
7.7530e-02	5.6771e-01	6.9376e-01	4.6274e-01
6.4988e-01	1.0430e-01	4.6964e-01	6.2111e-01
5.3916e-01	7.4895e-01	4.0862e-01	4.5902e-02
7.4918e-01	3.2048e-01	5.8611e-01	1.2010e-01
1.1412e-01	2.8383e-01	8.6516e-01	4.2025e-01
5.7656e-01	1.2944e-01	5.8763e-01	5.8339e-01
2.5130e-01	1.8444e-01	2.4090e-01	9.5270e-01
6.1378e-01	2.2265e-01	4.7669e-01	6.2083e-01
6.9303e-01	4.1771e-01	1.8112e-01	5.9457e-01
8.2867e-01	9.5847e-02	3.2405e-01	4.8571e-01
5.7087e-01	8.1127e-01	1.6753e-01	1.0572e-01
6.3522e-01	6.9185e-01	3.2058e-01	1.9871e-01
7.7830e-01	6.4747e-02	3.7381e-01	5.3693e-01
4.8779e-01	7.9980e-01	2.8260e-01	2.5837e-01
5.6971e-03	2.1405e-01	5.6564e-01	8.2603e-01
1.2365e-01	9.4680e-01	2.8504e-01	1.6472e-01
9.8131e-02	5.5653e-01	4.3826e-01	7.2878e-01
4.6945e-02	3.0440e-01	9.4931e-01	1.1395e-01
1.9874e-01	2.2784e-01	5.6237e-01	7.9920e-01
6.5245e-02	1.2477e-01	9.5098e-01	2.9724e-01
1.4575e-01	6.4842e-01	3.9627e-01	6.6332e-01
7.3499e-02	8.7688e-01	2.3190e-01	4.4773e-01
8.2121e-01	1.3270e-01	3.5816e-01	4.6379e-01
4.7908e-01	5.3435e-01	5.2505e-01	4.8891e-01
4.7975e-01	4.9298e-01	4.6329e-01	5.8984e-01
3.8412e-01	6.9604e-01	1.9073e-01	6.0814e-01
9.3421e-01	3.1956e-01	1.5613e-01	1.7612e-01
7.6478e-01	5.0233e-01	4.1033e-01	1.3785e-01
1.8017e-02	5.8012e-01	6.7353e-01	4.8427e-01
1.6668e-03	3.9706e-01	8.9517e-01	2.3052e-01
9.8136e-01	2.0218e-01	9.9549e-02	1.3034e-01
3.1986e-01	2.3840e-03	5.6267e-01	7.9221e-01
9.1625e-01	3.3032e-01	2.8029e-01	2.4381e-02
3.9637e-01	1.2491e-01	8.4512e-01	3.6263e-01
4.6548e-01	3.2802e-01	5.8384e-01	6.0820e-01
2.3375e-01	6.7536e-01	6.7499e-01	2.2448e-01
4.2450e-01	6.8738e-01	5.4931e-01	2.5749e-01
3.6867e-01	2.5553e-01	1.9074e-01	9.0674e-01
1.6838e-01	3.4384e-01	9.0828e-01	1.9969e-01
2.0593e-01	3.5603e-01	8.9556e-01	2.0172e-01
4.8301e-02	5.1491e-01	8.5598e-01	1.0410e-01
6.3524e-01	3.5011e-01	1.2591e-01	7.1122e-01
5.5588e-01	5.4259e-01	2.0402e-01	6.2938e-01
1.0113e-01	1.8317e-01	4.9216e-01	8.7591e-01
8.7625e-01	1.0667e-01	4.9060e-01	7.2210e-02
7.3142e-01	6.7534e-01	1.4582e-01	1.1597e-01
5.4219e-03	4.2273e-01	8.9471e-01	1.7863e-01
2.8128e-02	2.5279e-01	8.7496e-01	4.3442e-01
5.1405e-01	7.9309e-01	3.0869e-01	1.8512e-01
9.2954e-01	3.7775e-02	1.7654e-01	3.7215e-01
6.4146e-01	3.2361e-01	3.0708e-01	6.5788e-01
9.5456e-02	7.0532e-01	6.7927e-02	7.3074e-01
2.2394e-01	6.5270e-01	5.8221e-01	4.5892e-01
6.4378e-01	5.2705e-01	8.9309e-02	5.8301e-01
8.6436e-02	5.6835e-01	3.3377e-01	7.7795e-01
1.3925e-01	5.4324e-01	2.2605e-01	8.2842e-01
5.8918e-01	4.3548e-01	6.7970e-01	1.3985e-01
4.4706e-01	1.1978e-01	4.2975e-01	8.0712e-01
8.4462e-01	1.8821e-01	1.9304e-01	5.0272e-01
1.6688e-02	9.4218e-01	2.0540e-01	3.0574e-01
4.2717e-01	6.5168e-01	6.3020e-01	1.1288e-01
6.0504e-01	3.9648e-02	4.9495e-01	6.5425e-01
5.8683e-01	6.2073e-01	5.0732e-01	1.8577e-01
5.7535e-01	5.6680e-01	5.1085e-01	3.3428e-01
1.8906e-01	6.6887e-01	7.2312e-01	8.7902e-02
7.9476e-01	2.8093e-01	4.0606e-01	3.9521e-01
5.6111e-01	5.6011e-01	6.2156e-01	5.7378e-02
4.2247e-01	7.0274e-02	7.6340e-01	5.1009e-01
7.9588e-01	3.3654e-01	2.2144e-01	4.9141e-01
5.3655e-01	5.1700e-01	4.7114e-01	5.0465e-01
9.6057e-02	5.9162e-01	6.3867e-01	5.0961e-01
6.4918e-01	1.9940e-01	6.3149e-01	4.0852e-01
2.8925e-01	3.6227e-01	6.2233e-01	6.5872e-01
7.2378e-01	1.5973e-01	1.1833e-02	7.0681e-01
6.6612e-01	6.4402e-01	2.3211e-02	4.1668e-01
7.9057e-02	4.8989e-01	7.4424e-01	4.7236e-01
5.5239e-01	2.4730e-01	3.5014e-01	7.4762e-01
6.2653e-01	1.3145e-01	7.7652e-01	5.9653e-02
2.4138e-01	7.2533e-01	5.5931e-02	6.7407e-01
3.4756e-01	2.9440e-02	4.3806e-01	8.6030e-01
5.7772e-02	3.9307e-01	6.1983e-01	7.0454e-01
5.3802e-01	5.5810e-01	4.5117e-01	4.7561e-01
5.8236e-01	4.7111e-01	4.5561e-01	5.1413e-01
5.1918e-01	4.8190e-01	5.8747e-01	4.2377e-01
4.5770e-01	7.8425e-01	4.3757e-01	5.9480e-02
9.1925e-01	2.8274e-01	2.8255e-01	1.5514e-01
3.1621e-01	3.5810e-01	3.8092e-01	8.2324e-01
5.4421e-01	2.6870e-01	7.9897e-01	9.1430e-02
5.3059e-01	6.5809e-01	5.3090e-01	1.5366e-01
6.9217e-01	2.5133e-01	6.1599e-01	3.2095e-01
1.9310e-01	8.6012e-01	4.5596e-01	1.8430e-01
6.6945e-01	5.4854e-01	5.0066e-01	1.5000e-01
5.9210e-01	4.0945e-01	6.2972e-01	3.2951e-01
3.5770e-01	6.4754e-01	3.7945e-01	5.8664e-01
3.1707e-01	2.3243e-01	9.2377e-01	4.6724e-02
4.5763e-01	7.1528e-01	4.0767e-01	3.7274e-01
7.6942e-01	1.9069e-01	5.8072e-01	2.4250e-01
6.9582e-01	4.5406e-01	3.9660e-01	4.2869e-01
5.0171e-01	6.6022e-01	4.7332e-01	3.3622e-01
5.2988e-01	6.3834e-01	2.9586e-01	5.0778e-01
1.6063e-01	8.7623e-01	1.4696e-02	4.8734e-01
5.8203e-01	6.4633e-01	1.5706e-01	5.0374e-01
2.9796e-01	9.3727e-01	1.0170e-01	2.1220e-01
6.0943e-01	5.7571e-01	5.5760e-01	7.8259e-02
4.5489e-01	4.7234e-01	5.5409e-01	5.4289e-01
3.7917e-01	2.5704e-01	5.7472e-01	7.0746e-01
4.4155e-01	6.4123e-01	9.6686e-02	6.5295e-01
5.4749e-01	4.6548e-01	3.5491e-01	6.3057e-01
6.9131e-01	6.9780e-01	1.6252e-01	1.8658e-01
3.4872e-01	6.8982e-01	6.2549e-01	1.6893e-01
5.4671e-02	2.9440e-01	9.4258e-01	1.7874e-01
1.0612e-01	7.3931e-01	5.8298e-01	3.5150e-01
5.5427e-01	3.4168e-01	5.5840e-01	5.4510e-01
1.0517e-01	7.3041e-01	4.2633e-01	5.5281e-01
6.9863e-01	1.1662e-01	1.7097e-01	7.1986e-01
2.4794e-02	9.1301e-01	4.0991e-01	1.2703e-01
4.0800e-01	7.9790e-01	4.5018e-02	4.7648e-01
7.1341e-01	1.4380e-01	1.8471e-01	6.9563e-01
1.0245e-01	3.2157e-01	7.8957e-01	5.3684e-01
5.2632e-01	4.2008e-01	4.6616e-01	6.0521e-01
6.8680e-01	4.3474e-01	2.9521e-02	6.1746e-01
5.8566e-01	3.1760e-01	7.4754e-01	1.1895e-01
3.0128e-01	8.7689e-01	3.9246e-01	7.1742e-02
7.6570e-01	4.3494e-01	2.7066e-01	4.3004e-01
8.7315e-01	3.7911e-01	3.4787e-02	3.5576e-01
1.7187e-01	8.4390e-01	4.8635e-01	2.0144e-01
4.2292e-01	6.7072e-01	6.1437e-01	1.0492e-01
6.8532e-01	2.8128e-01	2.4457e-01	6.6027e-01
6.3561e-01	2.5708e-02	5.9125e-01	5.2761e-01
4.5348e-01	2.0339e-01	8.6482e-01	1.3517e-01
8.3733e-01	3.8246e-01	8.5719e-02	4.2537e-01
3.0028e-01	4.0065e-01	4.6829e-01	7.5834e-01
4.7657e-01	1.7812e-01	7.6837e-01	4.1647e-01
6.4934e-01	1.9198e-01	6.7896e-02	7.6749e-01
2.3678e-01	5.0650e-01	6.2937e-01	5.6715e-01
2.4339e-01	8.0783e-01	2.6572e-01	4.9865e-01
5.0699e-01	8.6433e-01	4.4855e-02	1.3082e-01
8.0210e-01	3.9117e-01	4.4317e-01	1.8094e-01
5.8317e-01	3.9520e-01	3.1247e-01	6.7033e-01
3.3829e-01	3.9315e-01	4.4724e-01	7.5935e-01
9.5312e-02	5.9632e-01	9.5925e-02	8.2348e-01
5.9199e-01	8.0641e-01	1.4774e-01	2.5299e-02
5.8494e-01	4.4747e-01	4.9822e-01	4.9071e-01
6.3023e-01	4.3770e-01	5.5572e-01	3.5818e-01
8.2994e-01	2.8272e-01	1.6385e-01	4.9255e-01
9.6445e-01	1.8134e-01	1.2126e-01	2.3322e-01
5.7301e-01	5.4547e-01	4.0654e-01	4.9112e-01
2.7286e-01	4.1464e-01	5.7129e-01	6.8232e-01
4.1571e-01	3.8666e-02	6.9433e-01	6.1381e-01
5.6858e-01	5.5021e-01	5.3961e-01	3.2730e-01
4.8090e-02	2.3558e-01	3.8467e-01	9.2341e-01
6.0441e-01	5.9404e-01	5.4408e-01	7.5907e-02
2.7196e-01	4.4039e-01	6.2630e-01	6.1065e-01
5.6770e-01	2.6515e-02	7.4856e-01	3.7301e-01
2.6274e-01	7.1319e-02	5.3811e-01	8.2801e-01
5.0735e-01	6.7235e-01	5.4816e-01	9.4778e-02
1.4825e-01	3.5327e-01	5.9383e-01	7.3600e-01
2.1585e-01	8.3772e-02	8.2966e-01	5.3184e-01
2.8199e-01	3.6588e-01	7.1133e-01	5.5612e-01
9.7458e-01	1.5484e-01	2.9756e-02	2.4099e-01
5.6118e-01	6.8046e-01	3.0317e-01	3.9925e-01
5.8202e-01	3.9752e-01	6.9194e-01	2.0882e-01
8.1681e-01	2.1446e-01	5.5651e-01	4.0878e-03
3.9507e-01	1.9433e-01	5.7552e-01	7.1866e-01
3.7892e-01	2.2760e-01	5.2384e-01	7.5837e-01
1.7792e-02	8.6281e-01	3.9856e-01	3.4602e-01
7.6834e-02	7.2963e-01	1.0465e-01	7.0281e-01
7.2507e-01	5.4642e-01	4.2616e-01	1.3351e-01
3.7584e-01	9.5737e-02	2.3549e-01	9.2483e-01
3.5237e-01	3.6803e-01	6.7843e-01	5.5663e-01
5.1755e-01	7.5310e-01	4.2028e-01	9.4646e-02
6.9809e-01	3.3552e-02	4.5711e-01	5.8385e-01
3.9688e-01	7.9225e-01	3.9012e-01	2.9320e-01
3.1551e-01	4.3097e-01	3.8280e-01	7.8501e-01
5.6724e-01	3.3842e-01	5.7724e-01	5.1147e-01
4.5774e-01	4.7388e-01	6.8474e-01	3.4414e-01
7.4919e-01	7.5975e-02	1.5168e-01	6.7604e-01
3.6501e-01	2.4156e-01	8.0361e-01	4.2912e-01
4.2951e-01	2.1795e-02	3.2701e-01	8.7448e-01
5.5619e-01	5.1588e-01	1.8182e-01	6.5921e-01
8.9134e-02	4.0738e-01	2.2235e-01	9.1413e-01
5.5017e-01	5.5339e-01	2.8887e-01	5.8800e-01
4.2855e-01	4.8960e-01	4.2017e-01	6.6350e-01
5.4600e-01	2.8839e-01	6.2126e-02	8.1826e-01
3.7807e-01	8.1863e-01	1.4000e-01	4.4446e-01
2.5966e-01	5.6844e-01	6.1225e-01	5.1238e-01
5.4732e-01	4.2520e-01	5.0164e-01	5.4938e-01
5.4675e-01	6.0291e-01	5.1532e-01	3.0962e-01
5.3086e-01	8.5181e-01	1.1815e-01	3.5379e-02
4.1110e-01	5.9937e-01	3.6065e-01	6.1592e-01
7.0041e-02	7.6984e-01	1.7506e-02	6.6561e-01
3.6629e-01	7.4304e-01	8.9264e-02	5.8566e-01
2.4305e-01	3.6607e-01	6.3387e-01	6.6422e-01
4.5763e-01	1.9197e-01	7.0323e-01	5.3697e-01
4.3444e-01	5.7273e-01	5.4284e-01	4.6540e-01
9.2761e-01	2.2945e-01	2.8687e-01	1.8454e-01
4.2612e-01	6.8095e-01	3.1326e-01	5.3906e-01
8.5945e-02	8.9480e-02	9.9518e-01	4.1269e-02
6.4868e-01	9.1361e-02	2.0113e-01	7.6268e-01
3.7790e-01	6.4391e-01	6.7010e-01	9.6801e-02
3.3082e-01	4.0648e-01	3.8776e-01	7.8958e-01
4.7249e-01	2.3218e-01	7.0718e-01	5.0015e-01
8.3690e-01	4.9566e-01	2.7971e-01	4.4431e-02
6.8312e-01	4.9564e-01	1.2917e-01	5.5688e-01
6.2984e-01	5.1886e-01	7.2713e-02	6.0842e-01
5.8161e-02	6.2196e-02	9.6800e-01	2.5853e-01
4.5273e-01	5.4572e-01	7.1579e-01	1.3097e-02
2.1717e-01	7.1799e-01	6.7174e-01	2.3626e-02
3.6507e-01	5.7349e-01	4.2413e-01	6.2878e-01
5.8196e-01	4.4396e-02	5.8622e-01	5.9258e-01
7.5308e-02	3.9661e-02	7.6765e-01	6.6067e-01
3.4388e-01	5.9362e-01	6.8183e-01	2.8862e-01
5.7334e-01	2.8350e-01	5.7421e-01	5.4217e-01
6.5225e-02	5.4623e-01	7.5087e-01	3.9162e-01
3.7994e-02	2.3353e-03	6.9377e-01	7.4657e-01
5.5690e-01	7.8454e-01	2.7223e-01	1.5266e-01
6.0432e-01	1.2513e-01	5.8198e-01	5.6078e-01
2.0208e-01	5.3843e-01	5.5176e-01	6.3240e-01
3.0437e-01	1.4404e-01	8.8880e-01	3.3552e-01
4.0245e-01	3.3743e-01	6.4593e-01	5.8222e-01
6.8242e-01	4.0093e-01	5.6054e-01	2.8953e-01
3.3708e-02	3.2615e-01	6.2908e-01	7.3277e-01
4.5160e-01	8.1948e-01	1.0202e-01	3.7752e-01
5.7236e-01	2.0231e-01	5.1281e-01	6.3838e-01
1.0417e-01	7.5581e-01	1.7144e-01	6.5444e-01
4.9486e-02	2.9574e-01	3.6687e-01	9.1280e-01
2.9680e-01	4.2339e-01	4.6461e-02	8.8808e-01
1.0655e-01	6.3653e-01	7.6882e-01	7.0424e-02
6.2157e-01	1.1400e-01	4.2500e-01	6.8075e-01
5.8539e-01	4.9303e-01	5.2101e-01	4.1300e-01
6.0316e-01	2.3814e-01	7.3409e-01	2.4505e-01
3.0444e-01	4.4468e-01	6.8745e-01	5.1384e-01
6.9781e-01	5.6202e-01	4.6666e-01	3.9529e-02
7.0204e-01	6.0754e-01	3.8389e-01	1.1966e-01
3.4646e-02	8.4552e-01	4.5608e-01	3.1230e-01
5.6226e-01	6.9583e-02	7.6232e-01	3.4510e-01
3.4958e-01	7.0025e-01	6.0723e-01	1.9132e-01
7.6759e-01	2.2483e-01	1.5408e-01	6.1661e-01
2.3572e-01	6.9535e-01	9.8397e-04	7.1082e-01
5.2464e-01	6.7879e-01	2.0006e-01	5.0814e-01
2.9468e-01	4.3575e-01	7.9000e-01	3.4251e-01
2.0169e-01	4.7071e-01	5.8973e-01	6.5251e-01
5.7706e-01	6.0301e-01	5.3196e-01	2.0458e-01
8.2633e-01	2.9457e-01	3.0001e-01	4.1764e-01
2.8871e-01	5.5821e-01	3.1345e-01	7.4314e-01
6.8819e-01	2.6422e-01	6.1986e-01	3.1086e-01
4.9279e-01	7.0061e-01	5.2739e-01	8.4428e-02
7.0922e-01	3.3127e-01	6.7312e-02	6.5428e-01
1.9376e-01	8.9730e-02	5.3641e-01	8.4686e-01
7.3307e-01	1.6424e-01	3.5919e-01	5.8885e-01
3.0702e-01	5.2574e-01	7.3487e-01	3.2879e-01
6.1540e-01	4.3711e-01	6.4352e-01	1.9011e-01
3.0485e-01	8.2486e-01	2.9246e-01	4.1057e-01
1.2869e-01	6.0801e-01	5.0589e-01	6.2690e-01
1.8964e-01	5.1287e-01	4.6366e-02	8.6885e-01
4.0245e-01	6.4212e-01	5.2300e-01	4.2234e-01
5.5186e-01	6.9213e-01	4.1283e-01	2.6435e-01
6.1584e-01	2.2298e-01	2.8008e-01	7.3547e-01
7.6130e-02	3.6314e-01	6.9268e-01	6.4490e-01
7.7912e-01	5.5690e-01	1.5850e-01	2.9607e-01
5.2315e-01	6.7659e-01	2.1897e-01	5.0450e-01
5.2195e-01	2.8865e-01	2.9919e-01	7.7770e-01
5.6998e-01	5.0881e-01	4.7845e-01	4.6656e-01
4.0419e-01	9.1070e-01	1.1991e-01	1.2174e-01
7.9483e-01	1.5442e-01	4.9024e-01	3.6560e-01
6.1491e-01	6.7582e-01	2.0599e-02	4.4476e-01
2.8720e-01	5.1183e-01	7.4600e-01	3.4348e-01
3.0538e-01	6.7243e-01	6.0897e-01	3.2326e-01
5.4082e-01	4.5356e-01	7.4349e-02	7.3816e-01
2.5302e-01	2.6226e-01	7.4353e-01	5.8645e-01
2.7340e-01	4.7822e-01	1.6436e-02	8.6756e-01
1.9934e-01	1.1141e-01	8.1428e-01	5.5785e-01
3.9991e-01	7.6161e-01	3.7421e-01	3.8256e-01
1.4463e-01	4.1366e-01	3.7319e-01	8.4918e-01
1.0403e-01	9.8139e-02	2.3546e-01	9.9523e-01
1.9849e-01	1.7797e-01	6.9025e-01	6.9981e-01
5.8608e-01	6.3241e-01	5.2533e-01	1.9613e-02
5.2934e-01	6.4158e-01	3.2489e-01	4.8469e-01
6.0522e-01	6.8424e-01	4.7402e-02	4.4282e-01
2.2964e-01	7.0708e-01	1.8108e-02	7.0041e-01
2.1538e-01	6.1897e-01	7.5194e-02	7.8370e-01
1.7381e-01	9.8847e-01	9.6371e-02	6.0102e-02
6.3925e-01	7.8916e-02	7.1450e-01	3.1089e-01
6.1821e-01	3.6262e-01	2.0051e-01	7.0191e-01
4.6240e-01	1.9131e-01	7.3847e-01	4.7961e-01
3.9672e-01	3.1203e-01	8.4337e-01	2.2024e-01
1.5578e-01	4.5850e-01	8.2879e-01	3.0700e-01
4.7623e-01	6.3305e-01	5.1422e-01	3.6451e-01
2.0417e-01	2.9741e-01	6.3005e-01	7.1570e-01
6.8482e-01	1.0505e-01	5.5532e-01	4.9377e-01
5.5448e-01	6.9643e-01	3.6648e-01	3.1466e-01
2.5506e-01	6.7728e-01	6.7298e-01	1.9932e-01
8.4815e-01	3.2515e-01	4.5582e-03	4.6091e-01
1.9387e-01	5.1749e-01	5.5075e-02	8.6445e-01
5.7940e-01	8.1778e-01	1.6393e-02	1.3965e-01
0.0000e+00	3.2786e-01	4.9762e-01	8.3337e-01
6.0831e-01	1.1247e-01	4.7943e-01	6.5450e-01
3.8225e-01	7.3352e-01	3.7166e-01	4.5478e-01
6.7869e-02	4.8922e-01	1.3049e-01	8.9251e-01
3.9718e-01	2.6377e-01	3.6318e-01	8.3267e-01
9.5092e-01	2.3725e-01	4.4662e-02	2.6510e-01
5.2865e-01	9.8068e-02	8.5033e-01	3.7808e-02
3.0900e-01	2.9923e-01	2.6138e-01	8.9707e-01
3.1614e-01	6.5524e-01	1.9040e-01	6.9092e-01
3.5999e-01	7.0373e-01	4.2729e-02	6.4346e-01
2.9653e-01	4.9886e-01	8.1959e-01	6.0914e-02
2.6572e-01	3.0595e-01	3.9661e-01	8.5536e-01
4.9211e-01	6.9885e-01	5.3235e-01	6.9547e-02
7.5991e-01	1.5107e-01	4.5108e-01	4.7988e-01
5.6065e-01	5.3161e-01	2.9446e-01	5.9580e-01
8.7097e-01	5.0812e-01	2.3994e-02	1.0542e-01
6.1476e-01	3.0193e-01	3.5897e-01	6.6718e-01
6.4441e-01	2.1910e-01	7.4040e-01	7.7000e-02
7.5120e-01	3.0938e-01	5.4652e-01	2.5735e-01
7.2819e-01	1.4822e-01	5.9758e-01	3.4187e-01
2.2507e-01	7.6102e-01	3.1456e-01	5.5187e-01
6.3825e-04	7.3756e-01	6.5620e-01	2.0396e-01
4.3312e-01	3.4281e-01	5.9603e-01	6.1188e-01
3.5637e-02	6.0883e-01	5.0002e-01	6.4358e-01
5.6952e-01	4.7669e-01	5.8143e-01	3.6798e-01
2.8295e-01	4.4836e-01	6.1237e-01	6.1437e-01
8.4719e-01	5.2109e-01	1.9393e-01	9.2863e-03
3.8622e-01	4.1716e-01	6.8091e-01	4.8966e-01
8.9648e-02	5.1677e-01	8.3930e-01	1.8136e-01
7.1620e-01	2.6585e-01	4.4317e-02	6.7934e-01
1.9711e-01	7.8187e-01	5.7827e-01	1.8090e-01
5.6812e-01	2.9185e-01	4.1298e-01	6.8144e-01
6.3889e-01	7.0988e-01	3.2406e-01	7.6039e-02
2.6469e-01	2.7574e-01	3.1492e-01	9.0140e-01
8.5621e-01	4.2737e-01	3.1459e-01	1.1001e-01
5.2237e-01	7.1660e-01	4.1613e-01	2.5237e-01
6.5773e-01	3.1211e-01	6.7490e-01	1.8576e-01
3.8299e-01	1.6811e-01	3.4387e-01	8.7336e-01
1.2966e-01	7.8789e-01	1.4080e-01	6.1665e-01
3.2440e-01	1.1015e-02	6.1833e-01	7.4467e-01
4.1725e-01	1.4528e-03	8.3467e-01	3.8585e-01
1.8871e-01	8.1460e-01	1.8996e-01	5.4632e-01
4.3353e-01	6.1672e-01	5.6970e-01	3.6152e-01
1.3307e-01	8.7803e-01	1.5008e-01	4.6776e-01
1.6255e-01	6.4742e-01	1.0090e-01	7.6960e-01
4.3736e-01	8.9882e-02	8.6741e-01	2.5168e-01
1.3171e-01	2.1626e-01	6.5867e-01	7.3629e-01
7.8560e-01	9.4885e-03	5.9605e-01	2.2714e-01
6.2042e-01	6.8265e-01	4.4681e-02	4.2345e-01
1.9315e-01	6.3158e-01	4.7527e-01	6.1048e-01
6.4780e-01	1.9612e-01	3.6256e-02	7.7004e-01
1.9816e-02	3.4941e-01	9.3657e-01	9.7584e-02
2.7093e-01	7.1750e-02	6.0479e-01	7.7456e-01
3.9831e-01	5.2761e-01	5.2279e-01	5.6806e-01
1.0586e-01	2.6404e-01	2.6114e-01	9.5570e-01
8.3744e-01	1.5171e-01	5.0341e-01	2.2009e-01
1.2495e-01	6.8754e-01	3.7294e-01	6.4037e-01
1.9392e-01	7.0366e-01	3.2302e-01	6.3294e-01
6.7951e-01	5.8374e-01	2.0749e-01	4.3277e-01
4.2955e-02	5.1077e-01	6.1872e-01	6.2264e-01
4.6893e-01	2.1209e-01	2.0374e-01	8.6648e-01
1.4862e-01	7.1789e-01	5.0314e-01	4.8707e-01
2.3411e-02	1.5473e-01	9.4250e-01	3.1701e-01
5.1371e-02	2.7826e-01	7.2526e-01	6.5364e-01
3.6382e-01	8.9421e-01	6.5510e-03	3.0580e-01
7.8235e-01	2.0513e-01	3.7934e-01	4.8733e-01
3.1251e-01	7.7956e-01	5.5624e-01	4.5162e-02
4.5839e-01	3.2493e-01	4.6485e-01	7.1521e-01
6.2379e-01	6.6541e-01	3.7844e-01	2.2157e-01
2.5736e-02	1.8557e-01	7.1765e-01	6.9725e-01
5.3572e-01	5.1598e-01	6.4768e-01	2.1620e-01
3.1561e-01	6.5177e-01	2.1331e-01	6.8747e-01
3.0162e-01	8.5518e-01	8.8961e-02	4.4693e-01
3.4674e-01	7.7854e-01	5.0224e-01	2.0235e-01
5.1522e-01	9.4999e-02	4.9340e-01	7.2552e-01
6.0726e-01	1.3745e-01	4.6425e-01	6.6210e-01
4.4748e-01	5.2883e-01	4.1238e-01	6.2285e-01
3.8286e-01	3.3289e-01	7.3068e-01	4.8387e-01
5.1710e-01	4.4699e-01	3.1166e-01	6.9254e-01
6.5240e-01	1.8826e-01	4.4731e-01	6.1510e-01
4.6442e-01	5.2484e-01	6.5196e-01	3.2433e-01
1.1786e-01	3.1045e-01	6.1325e-01	7.4501e-01
5.0668e-02	6.7106e-01	5.9162e-01	4.7210e-01
1.3352e-01	3.2206e-01	5.2916e-01	8.0337e-01
4.0241e-01	7.1969e-01	9.8685e-02	5.9003e-01
5.9294e-01	6.4388e-01	3.8356e-03	5.1968e-01
2.3559e-01	3.1911e-01	2.7443e-01	9.0882e-01
2.3473e-01	7.9436e-01	5.4771e-01	1.7824e-01
5.3551e-01	1.9391e-02	8.5074e-01	5.2896e-02
3.1239e-01	1.0990e-01	5.5928e-01	7.8984e-01
6.1775e-01	3.8925e-01	5.7314e-01	4.0698e-01
2.4309e-01	9.2899e-01	2.2113e-01	2.2590e-01
5.5670e-01	5.9793e-01	1.7859e-01	5.8245e-01
2.0567e-01	2.4410e-01	9.3240e-01	1.9936e-01
4.9008e-01	5.7102e-01	1.8532e-01	6.6492e-01
6.9259e-01	3.9619e-01	5.9491e-01	1.7632e-01
3.4553e-01	4.9014e-01	8.0659e-01	5.0699e-02
4.9037e-01	6.9194e-01	1.1977e-01	5.5024e-01
5.2133e-01	6.4016e-01	3.4201e-01	4.8313e-01
5.0986e-01	6.8230e-01	5.3548e-01	8.2413e-02
2.9837e-01	6.8455e-01	4.0290e-01	5.5974e-01
4.9191e-01	7.3357e-01	7.4698e-02	4.9821e-01
1.7643e-01	4.3646e-01	5.2062e-01	7.4158e-01
3.0636e-01	6.3434e-01	3.1231e-01	6.6840e-01
1.5471e-01	7.7279e-01	6.2251e-01	8.1424e-02
5.6969e-01	7.5403e-01	1.6987e-01	3.2515e-01
2.7260e-01	7.8568e-01	4.9399e-02	5.8537e-01
1.7296e-01	6.9951e-01	5.9409e-01	3.8774e-01
9.2545e-01	5.8962e-02	1.4564e-01	3.9348e-01
6.7632e-01	4.3883e-01	4.2341e-02	6.2558e-01
5.1266e-01	1.0224e-01	2.2779e-01	8.5523e-01
6.1856e-01	1.4276e-01	7.3975e-01	2.6416e-01
5.9634e-01	3.9831e-01	5.2310e-01	4.9341e-01
1.1775e-02	4.8710e-01	5.0512e-01	7.4165e-01
8.2751e-01	5.0414e-01	2.9290e-01	3.5860e-02
2.0060e-01	7.1354e-01	6.6883e-01	1.3613e-01
6.3167e-01	6.0965e-01	4.7185e-01	1.7035e-01
4.4996e-01	8.8359e-02	4.1208e-01	8.1940e-01
7.2476e-01	3.2652e-02	3.5079e-01	6.2682e-01
3.4342e-01	3.9472e-01	8.6868e-02	8.8121e-01
7.4433e-02	3.5122e-01	6.4051e-01	7.0645e-01
8.1577e-01	4.4604e-01	2.5544e-01	3.1780e-01
3.5292e-01	2.9329e-01	3.1934e-01	8.6162e-01
1.9013e-01	3.8923e-01	5.6966e-01	7.2720e-01
2.7026e-01	4.1277e-01	6.3188e-01	6.2540e-01
7.9690e-01	4.2169e-02	1.3612e-01	6.2402e-01
1.0452e-01	3.0081e-02	7.1899e-01	7.1318e-01
8.2226e-01	1.0794e-01	4.2656e-01	4.0310e-01
6.5266e-01	2.5154e-01	6.2633e-01	3.8001e-01
6.2895e-01	1.2363e-02	7.0068e-01	3.7063e-01
1.5305e-01	9.4330e-01	3.2389e-01	2.2963e-02
6.4101e-01	3.3160e-01	3.1680e-01	6.4919e-01
1.8147e-02	4.7399e-01	7.9592e-01	4.0100e-01
9.5232e-02	6.7324e-01	4.9178e-01	5.7274e-01
3.4357e-01	7.7365e-01	2.1831e-01	5.1838e-01
5.8892e-01	4.7250e-01	3.4870e-01	5.8860e-01
6.9674e-01	3.2637e-01	1.2639e-02	6.7406e-01
3.3507e-01	2.9860e-01	8.9561e-01	8.6674e-02
1.8452e-01	3.2781e-03	5.8534e-01	8.1907e-01
3.2191e-02	8.4564e-01	2.8234e-01	4.8365e-01
6.9976e-01	4.7996e-01	3.6511e-01	4.2211e-01
2.2753e-01	4.5726e-01	3.2773e-01	8.2645e-01
3.4476e-01	3.0152e-01	5.7636e-01	7.0590e-01
3.2535e-01	8.3318e-01	2.8344e-01	3.8236e-01
7.3078e-01	5.5009e-01	3.6803e-01	2.3240e-01
2.2586e-02	2.5353e-01	9.6505e-01	1.1198e-01
1.3415e-01	4.4342e-01	7.3227e-01	5.2461e-01
2.6300e-01	6.4971e-01	6.7738e-01	2.5984e-01
5.2114e-01	6.1147e-01	5.9422e-01	1.4257e-01
1.5137e-01	6.2952e-01	5.2983e-01	5.7627e-01
3.3464e-01	3.8680e-01	5.6809e-01	6.7369e-01
4.7685e-01	1.4948e-01	5.9773e-01	6.5641e-01
3.9187e-01	5.7196e-01	4.4273e-01	5.9916e-01
6.4482e-01	4.7220e-01	2.5669e-01	5.7823e-01
6.7231e-01	1.1349e-01	6.3810e-01	3.9301e-01
5.3368e-01	6.3171e-01	3.4065e-01	4.8182e-01
6.0702e-01	4.5803e-01	5.2401e-01	4.1881e-01
6.7462e-01	6.9311e-01	2.9526e-01	2.7602e-02
7.9256e-01	4.0768e-01	3.9348e-01	2.8084e-01
4.1750e-01	5.5392e-01	6.3498e-01	3.7210e-01
8.5793e-02	4.4097e-01	8.1234e-01	3.9637e-01
6.0084e-01	7.3008e-01	1.0118e-02	3.6858e-01
3.4104e-01	4.5189e-01	2.5590e-01	8.1590e-01
2.0775e-01	5.2285e-01	7.0119e-01	4.6455e-01
6.5421e-01	6.1687e-01	2.6561e-01	3.8901e-01
5.2513e-01	3.2543e-01	6.9409e-01	4.0063e-01
1.9157e-01	8.1601e-01	4.7893e-01	2.9885e-01
6.4227e-02	5.5835e-01	3.9190e-01	7.5872e-01
3.5265e-01	7.8486e-01	2.6700e-01	4.6762e-01
6.4827e-01	6.8384e-01	2.6335e-02	3.7724e-01
8.8608e-02	3.6960e-01	6.8389e-01	6.4935e-01
1.6733e-01	1.7988e-01	9.2951e-01	2.9815e-01
2.6050e-02	6.3247e-01	4.6461e-01	6.4833e-01
5.2801e-01	6.9217e-01	5.0973e-01	4.0342e-02
3.6340e-01	2.0646e-02	1.3078e-02	9.6591e-01
6.7187e-01	4.1393e-01	6.2384e-01	8.9009e-02
4.1646e-01	6.0736e-01	4.1650e-01	5.6432e-01
4.6816e-01	1.3010e-01	8.7529e-01	1.0264e-01
5.9049e-01	4.4445e-01	4.9235e-01	4.9300e-01
4.8371e-01	1.6880e-01	6.9688e-01	5.3018e-01
2.3311e-02	5.0945e-01	8.2644e-01	2.6712e-01
6.5903e-01	4.7567e-01	4.1103e-01	4.4949e-01
4.4318e-01	2.5028e-01	6.1986e-01	6.2616e-01
5.5386e-02	3.6109e-01	5.2081e-01	8.0132e-01
5.9230e-01	7.5252e-01	4.5790e-02	3.3068e-01
5.6112e-01	4.4537e-01	7.0928e-01	1.8025e-02
6.5700e-01	4.1770e-01	5.2521e-01	3.8149e-01
2.8806e-02	8.8645e-01	4.7693e-01	5.4072e-02
7.2785e-01	1.5065e-01	4.5631e-01	5.2433e-01
4.3805e-01	8.9155e-01	1.1838e-01	1.4762e-01
7.3260e-01	5.0490e-01	4.7271e-01	8.8164e-02
2.2087e-01	1.0782e-01	5.5264e-01	8.2639e-01
7.2734e-01	9.5434e-02	5.1091e-01	4.8354e-01
2.2177e-01	4.2841e-01	4.5414e-01	7.7936e-01
5.7106e-01	1.6160e-01	7.8100e-01	2.3618e-01
7.0129e-01	2.0981e-01	6.2638e-01	3.1014e-01
8.1467e-01	1.5693e-01	4.6536e-01	3.5352e-01
5.1831e-01	5.5272e-01	5.1940e-01	4.2859e-01
5.6689e-01	4.4505e-01	1.6977e-01	7.0574e-01
8.8302e-01	2.8906e-01	3.2288e-01	2.4916e-01
5.1483e-01	3.0822e-01	6.7883e-01	4.5316e-01
6.3589e-01	4.8961e-01	4.7277e-01	4.0126e-01
7.3529e-01	3.8602e-01	3.2169e-01	4.9230e-01
4.8344e-01	4.9860e-02	6.0157e-01	6.6352e-01
4.2366e-01	3.5637e-01	5.5910e-01	6.4671e-01
4.1691e-01	5.1699e-01	7.1140e-01	2.6671e-01
4.9625e-01	5.3207e-01	3.1557e-01	6.4147e-01
4.1069e-01	3.1784e-01	3.8895e-01	7.9267e-01
1.8747e-01	3.4518e-01	4.1069e-01	8.5417e-01
1.2226e-01	4.6096e-01	7.7978e-01	4.3055e-01
4.8680e-01	2.4529e-01	7.4202e-01	4.1911e-01
3.6680e-01	2.3255e-01	6.6586e-01	6.3440e-01
1.5868e-01	5.8044e-01	5.7042e-01	5.8702e-01
5.6167e-01	4.4531e-01	2.2532e-01	6.9323e-01
7.1963e-01	4.7712e-02	6.9555e-01	1.2584e-01
5.1483e-01	1.8991e-01	3.7210e-01	7.8106e-01
6.6794e-01	2.9394e-01	3.0931e-01	6.4387e-01
4.2383e-01	2.9834e-01	1.1845e-01	8.8071e-01
5.0008e-01	7.5663e-01	4.3246e-01	1.0373e-01
1.4951e-02	7.5781e-02	7.6887e-01	6.6016e-01
2.9866e-01	1.9366e-01	7.1563e-01	6.2760e-01
2.9598e-01	2.5396e-01	2.7874e-02	9.5458e-01
4.3810e-01	5.6720e-01	7.0089e-01	1.0493e-01
6.0150e-03	6.4439e-01	6.8584e-01	3.6661e-01
6.4330e-01	4.7084e-01	4.7180e-01	4.1361e-01
6.8599e-01	2.8031e-01	5.4311e-01	4.3064e-01
8.9182e-01	2.9241e-02	2.6372e-01	4.1180e-01
2.0746e-01	6.2196e-01	7.5499e-01	1.1678e-01
4.2956e-01	6.0431e-01	5.3627e-01	4.3527e-01
5.0098e-01	5.6787e-01	6.1465e-01	2.6346e-01
