4.7663e-01
5.4230e-01
7.0042e-01
7.6762e-01
6.8928e-01
4.0522e-01
4.7817e-01
5.8956e-01
1.8880e-01
8.1298e-01
3.3618e-01
4.7453e-01
4.2624e-01
3.2250e-01
8.7259e-01
4.3047e-01
8.5264e-01
3.7863e-01
6.0523e-01
4.2540e-01
4.6457e-01
3.8479e-01
4.5245e-01
5.7681e-01
5.0517e-01
5.2295e-01
7.4338e-01
5.4290e-01
4.9635e-01
6.8408e-01
4.0802e-01
7.6434e-01
6.7089e-01
8.3272e-01
6.6299e-01
6.2105e-01
9.0782e-01
5.3397e-01
5.0532e-01
3.0942e-01
4.0912e-01
4.4584e-01
7.1144e-01
1.0578e+00
3.5725e-01
7.7027e-01
1.0322e+00
4.8340e-01
5.0858e-01
6.5654e-01
1.1570e+00
6.1110e-01
3.6322e-01
4.8865e-01
1.0304e+00
6.4432e-01
7.5843e-01
5.3703e-01
8.7237e-01
1.0890e+00
4.0689e-01
7.1523e-01
3.2834e-01
1.1194e+00
5.3579e-01
4.5792e-01
1.1829e+00
4.5020e-01
4.7121e-01
3.5129e-01
5.4430e-01
6.9061e-01
4.2677e-01
4.2444e-01
7.2723e-01
3.9077e-01
8.6734e-01
6.0088e-01
4.3982e-01
5.6015e-01
4.7741e-01
5.9094e-01
3.2847e-01
9.3066e-01
4.1272e-01
5.1355e-01
5.6111e-01
3.8016e-01
8.2839e-01
5.0184e-01
5.7885e-01
4.9217e-01
3.5279e-01
4.4501e-01
7.0510e-01
2.6515e-01
4.5855e-01
7.7514e-01
1.0158e+00
7.7887e-01
6.0432e-01
6.3446e-01
5.6128e-01
6.4537e-01
5.1238e-01
2.1350e-01
7.6406e-01
9.6245e-01
7.8310e-01
7.4116e-01
9.0819e-01
5.5962e-01
5.2315e-01
3.5752e-01
4.9446e-01
4.0744e-01
5.1521e-01
7.6849e-01
9.9458e-01
5.4303e-01
4.5594e-01
4.8246e-01
7.3548e-01
4.4519e-01
8.5751e-01
7.0911e-01
6.1441e-01
4.8080e-01
5.7436e-01
4.5833e-01
5.1954e-01
4.4407e-01
5.5430e-01
6.9959e-01
9.8445e-01
4.2587e-01
5.8428e-01
9.8473e-01
5.4885e-01
6.5467e-01
4.9364e-01
4.0484e-01
4.0018e-01
7.3740e-01
4.5604e-01
6.0208e-01
5.1868e-01
3.9191e-01
3.5736e-01
6.3309e-01
5.7421e-01
3.7878e-01
6.0794e-01
5.0276e-01
5.5584e-01
4.2122e-01
1.0645e+00
6.9531e-01
6.4064e-01
4.3862e-01
5.8345e-01
1.9165e+00
6.1808e-01
6.5068e-01
4.0555e-01
5.0282e-01
4.5455e-01
4.3936e-01
4.4813e-01
7.8730e-01
7.2649e-01
5.9698e-01
3.4576e-01
4.3813e-01
4.5597e-01
4.3354e-01
1.3596e+00
9.3967e-01
5.7399e-01
5.8363e-01
6.8490e-01
5.5109e-01
1.3894e+00
4.7339e-01
8.5483e-01
9.8398e-01
5.5149e-01
3.7357e-01
9.2077e-01
8.0776e-01
1.2634e+00
3.7422e-01
7.8195e-01
4.4786e-01
8.9832e-01
5.6961e-01
3.9018e-01
4.3417e-01
2.9402e-01
4.8755e-01
3.5519e-01
7.0439e-01
4.3707e-01
2.3626e-01
4.7752e-01
6.9372e-01
6.3380e-01
2.9886e-01
5.8751e-01
5.8990e-01
5.5122e-01
6.1529e-01
5.4734e-01
5.6641e-01
4.3871e-01
3.7080e-01
3.1239e-01
5.5741e-01
5.6345e-01
2.9150e-01
6.7708e-01
5.5323e-01
2.9717e-01
5.1544e-01
5.3656e-01
5.5965e-01
3.2245e-01
5.8729e-01
4.6409e-01
6.3824e-01
4.6741e-01
7.2713e-01
7.1051e-01
3.9618e-01
4.7199e-01
5.5688e-01
3.7392e-01
6.6788e-01
9.4389e-01
3.8021e-01
8.5401e-01
3.3761e-01
4.3207e-01
4.7470e-01
6.1802e-01
3.4372e-01
5.2669e-01
7.7029e-01
6.4087e-01
5.3832e-01
4.4698e-01
6.0722e-01
4.5448e-01
7.2199e-01
7.7238e-01
6.9417e-01
1.1685e+00
5.2143e-01
6.0890e-01
6.1779e-01
4.7253e-01
7.8696e-01
6.9057e-01
5.7079e-01
5.5531e-01
6.6903e-01
4.4840e-01
7.1100e-01
4.5862e-01
3.5627e-01
4.0665e-01
4.1468e-01
1.1830e+00
5.1822e-01
9.7247e-01
4.7097e-01
4.4359e-01
4.6631e-01
5.3921e-01
4.3991e-01
8.1102e-01
3.4192e-01
8.8861e-01
6.0959e-01
1.1477e+00
7.7435e-01
4.3567e-01
6.1976e-01
3.6125e-01
4.1870e-01
4.4346e-01
7.4558e-01
7.4740e-01
4.6477e-01
5.6742e-01
7.4045e-01
7.0646e-01
7.1736e-01
6.6040e-01
4.0687e-01
4.7629e-01
6.2987e-01
5.4495e-01
7.0908e-01
4.5941e-01
5.9426e-01
8.5073e-01
6.1855e-01
6.3238e-01
4.3677e-01
4.7378e-01
3.7752e-01
5.5203e-01
4.3343e-01
7.8301e-01
3.0163e-01
6.0752e-01
1.4275e+00
4.9533e-01
4.5130e-01
8.9873e-01
4.9062e-01
4.8199e-01
1.6685e+00
4.9165e-01
3.1331e-01
5.6162e-01
5.7166e-01
7.5462e-01
5.3184e-01
4.8838e-01
8.5911e-01
8.2860e-01
3.9034e-01
6.6643e-01
3.1360e-01
5.9422e-01
5.9842e-01
5.8323e-01
4.0535e-01
4.6375e-01
3.7119e-01
5.3907e-01
5.8990e-01
3.4334e-01
7.2430e-01
4.2457e-01
5.7107e-01
4.0669e-01
8.1591e-01
5.8102e-01
6.5419e-01
2.9383e-01
6.7234e-01
3.1369e-01
5.0908e-01
4.4341e-01
3.9493e-01
5.8867e-01
5.1113e-01
6.0369e-01
9.4794e-01
7.4745e-01
5.4593e-01
5.6583e-01
4.8171e-01
6.2877e-01
1.3083e+00
4.0326e-01
6.7422e-01
4.1612e-01
4.2801e-01
6.4080e-01
5.0727e-01
4.3545e-01
1.2571e+00
5.1366e-01
6.9554e-01
3.3584e-01
6.0441e-01
4.7331e-01
7.1354e-01
5.7927e-01
3.4871e-01
6.1346e-01
8.5950e-01
3.8628e-01
5.1985e-01
4.6328e-01
9.1630e-01
4.0526e-01
4.9397e-01
6.3160e-01
4.6292e-01
5.4203e-01
2.8810e-01
1.0055e+00
5.8828e-01
3.3081e-01
7.4039e-01
4.4355e-01
5.5950e-01
7.1196e-01
7.6063e-01
7.0736e-01
5.2471e-01
4.2068e-01
3.9347e-01
7.5032e-01
5.8995e-01
5.2689e-01
7.8158e-01
3.9033e-01
4.6361e-01
8.5202e-01
1.0072e+00
7.2939e-01
5.4895e-01
5.0898e-01
1.1167e+00
7.1458e-01
6.2870e-01
6.4216e-01
7.0341e-01
4.6482e-01
5.0262e-01
5.2762e-01
5.6035e-01
4.8944e-01
4.7214e-01
6.3495e-01
5.0343e-01
6.1304e-01
4.7481e-01
1.0090e+00
4.6552e-01
5.2750e-01
6.0340e-01
1.2122e+00
5.0474e-01
6.9071e-01
9.6798e-01
8.6236e-01
1.0704e+00
5.4788e-01
4.9889e-01
4.7858e-01
6.1992e-01
1.2873e+00
4.8210e-01
3.9139e-01
3.2271e-01
6.1505e-01
5.1372e-01
4.2309e-01
6.7415e-01
7.7366e-01
3.2236e-01
5.8046e-01
5.0296e-01
7.8256e-01
4.7297e-01
4.5296e-01
5.2989e-01
4.8440e-01
1.5066e+00
6.0896e-01
4.4109e-01
4.9786e-01
6.5886e-01
5.6977e-01
8.8384e-01
4.3513e-01
9.2885e-01
5.2290e-01
4.2867e-01
2.7535e-01
7.2298e-01
3.9503e-01
1.1987e+00
4.5467e-01
5.6041e-01
3.7725e-01
5.0326e-01
4.1249e-01
8.8339e-01
6.2935e-01
3.2759e-01
4.9244e-01
3.5112e-01
1.0860e+00
6.1548e-01
4.5314e-01
9.4837e-01
5.6708e-01
4.2880e-01
5.3116e-01
4.3839e-01
4.6158e-01
8.4915e-01
4.5955e-01
8.3145e-01
7.4438e-01
4.1995e-01
5.9144e-01
6.0107e-01
4.4823e-01
7.4016e-01
4.1240e-01
5.2566e-01
4.4420e-01
1.5020e+00
5.8117e-01
4.3100e-01
4.2282e-01
4.6722e-01
6.7573e-01
4.6142e-01
4.5370e-01
7.0735e-01
6.6355e-01
4.2861e-01
1.0237e+00
3.9391e-01
5.5979e-01
1.0591e+00
6.8810e-01
4.0647e-01
3.4594e-01
5.0783e-01
1.0951e+00
5.7473e-01
7.1568e-01
6.9516e-01
8.4698e-01
4.3116e-01
5.9155e-01
5.3474e-01
4.5284e-01
7.2195e-01
6.0343e-01
5.2257e-01
5.6308e-01
3.6580e-01
5.0519e-01
1.2330e+00
6.0069e-01
4.8054e-01
4.6587e-01
5.9007e-01
3.4483e-01
2.9997e-01
6.4013e-01
4.4433e-01
3.3060e-01
4.8544e-01
5.4020e-01
6.3860e-01
3.8519e-01
8.7118e-01
5.8335e-01
2.7522e-01
4.1729e-01
3.5811e-01
4.2519e-01
2.9462e-01
4.5961e-01
4.1532e-01
4.5429e-01
3.4846e-01
6.9161e-01
4.5678e-01
6.0775e-01
4.6480e-01
6.1528e-01
4.1999e-01
3.2371e-01
5.1402e-01
7.7377e-01
4.9965e-01
5.6299e-01
5.2404e-01
1.0801e+00
1.0159e+00
5.2363e-01
4.7278e-01
4.6134e-01
4.3182e-01
4.9647e-01
4.1495e-01
4.8734e-01
8.7017e-01
4.7842e-01
5.9957e-01
3.6338e-01
5.0629e-01
5.4755e-01
8.6011e-01
6.3616e-01
3.8369e-01
6.3985e-01
6.2003e-01
8.3222e-01
4.0184e-01
5.3263e-01
5.7414e-01
6.1274e-01
5.9054e-01
7.0489e-01
4.5300e-01
6.3808e-01
1.1007e+00
1.5926e+00
3.7345e-01
4.5695e-01
4.5628e-01
6.2498e-01
3.9167e-01
1.0600e+00
1.0445e+00
3.4735e-01
4.8678e-01
3.8794e-01
3.6704e-01
8.7916e-01
1.2831e+00
9.6423e-01
4.9376e-01
5.2003e-01
3.9514e-01
5.3994e-01
4.2641e-01
6.9798e-01
4.1357e-01
4.0594e-01
6.1410e-01
6.5999e-01
6.9795e-01
4.4521e-01
5.5843e-01
8.0498e-01
9.3291e-01
4.4883e-01
7.5500e-01
4.3091e-01
5.2127e-01
7.0726e-01
7.5296e-01
1.0900e+00
1.0969e+00
7.1761e-01
3.0769e-01
6.6638e-01
6.2158e-01
4.8111e-01
7.2228e-01
4.8701e-01
4.7326e-01
4.2734e-01
1.1036e+00
1.0986e+00
4.2691e-01
4.2541e-01
1.3517e+00
6.6118e-01
8.3504e-01
4.1985e-01
3.8970e-01
5.4151e-01
4.7748e-01
4.3010e-01
7.1861e-01
7.6217e-01
4.8477e-01
2.9998e-01
7.7600e-01
5.5915e-01
3.7496e-01
3.9897e-01
6.1282e-01
4.7317e-01
5.4317e-01
5.8829e-01
3.3576e-01
5.2037e-01
1.1628e+00
4.6973e-01
4.1132e-01
5.9126e-01
2.7436e-01
8.6215e-01
3.7937e-01
5.8627e-01
6.7761e-01
5.1029e-01
7.1149e-01
4.7537e-01
7.5930e-01
7.2998e-01
4.4427e-01
5.6774e-01
5.6154e-01
5.4265e-01
5.0792e-01
1.3118e+00
4.6494e-01
7.1225e-01
5.5404e-01
3.3444e-01
5.4077e-01
3.8801e-01
8.7643e-01
1.4430e+00
5.2505e-01
8.9862e-01
5.1519e-01
4.7632e-01
6.2403e-01
1.1300e+00
3.7830e-01
6.2230e-01
4.8758e-01
4.2080e-01
3.6964e-01
6.2957e-01
4.8125e-01
3.7631e-01
1.2576e+00
4.7591e-01
5.7805e-01
4.5804e-01
3.2741e-01
7.2139e-01
5.4977e-01
4.5412e-01
9.8685e-01
4.4955e-01
3.6977e-01
6.2991e-01
4.7758e-01
4.9160e-01
4.8378e-01
6.6445e-01
5.7261e-01
4.2691e-01
6.7991e-01
4.6522e-01
8.2744e-01
4.1415e-01
6.0195e-01
5.8140e-01
7.7856e-01
5.5617e-01
3.9139e-01
4.5598e-01
5.6454e-01
7.1254e-01
6.9142e-01
1.5049e+00
4.8155e-01
6.3898e-01
5.0872e-01
5.3739e-01
4.0623e-01
6.2138e-01
5.7751e-01
5.3065e-01
4.8935e-01
8.5927e-01
4.1623e-01
1.1580e+00
6.4761e-01
6.6225e-01
5.0129e-01
6.1105e-01
5.5168e-01
9.2581e-01
3.6681e-01
5.3820e-01
8.4754e-01
5.0319e-01
4.2079e-01
3.3958e-01
8.1748e-01
4.2573e-01
5.7826e-01
5.5222e-01
3.6521e-01
6.4730e-01
4.8405e-01
5.6171e-01
6.5339e-01
4.3658e-01
6.4020e-01
3.9136e-01
4.1280e-01
4.2721e-01
6.2773e-01
5.6292e-01
3.0609e-01
1.3260e+00
5.9831e-01
6.9783e-01
6.6474e-01
5.1854e-01
6.2839e-01
1.3227e+00
4.9873e-01
8.1590e-01
6.4862e-01
6.1381e-01
4.4143e-01
1.0708e+00
5.8380e-01
1.1314e+00
7.3207e-01
5.8572e-01
9.9994e-01
5.2103e-01
9.6188e-01
4.3899e-01
4.3797e-01
5.0356e-01
6.1117e-01
5.1133e-01
4.1601e-01
4.3099e-01
3.9561e-01
9.0357e-01
6.1259e-01
5.1125e-01
4.1042e-01
3.2439e-01
5.2745e-01
5.8796e-01
5.2875e-01
1.1523e+00
6.8892e-01
6.6477e-01
4.6733e-01
5.3226e-01
8.4330e-01
4.2063e-01
5.0684e-01
4.5508e-01
4.2488e-01
5.0417e-01
4.9330e-01
5.6094e-01
5.0091e-01
5.1288e-01
4.9624e-01
8.9334e-01
9.9274e-01
5.1546e-01
6.6440e-01
5.0971e-01
5.9886e-01
4.5273e-01
5.7047e-01
9.0287e-01
5.1800e-01
3.2816e-01
5.1824e-01
4.4351e-01
3.9660e-01
4.1920e-01
9.1487e-01
2.7019e-01
9.9767e-01
1.0050e+00
5.3990e-01
4.9331e-01
3.9198e-01
5.5688e-01
3.3003e-01
3.2025e-01
6.3403e-01
8.4105e-01
8.1641e-01
6.4029e-01
1.2782e+00
3.3726e-01
6.1189e-01
4.8609e-01
2.7495e-01
4.6047e-01
8.2025e-01
5.7378e-01
8.7447e-01
5.1137e-01
1.9480e+00
4.4192e-01
3.2098e-01
4.2028e-01
4.8746e-01
4.4064e-01
5.1414e-01
1.2292e+00
5.3731e-01
3.6355e-01
5.2607e-01
7.5008e-01
4.5603e-01
9.6090e-01
3.1957e-01
5.9733e-01
3.2825e-01
5.4249e-01
5.0366e-01
3.5423e-01
5.5152e-01
6.1767e-01
3.2308e-01
5.7587e-01
7.4485e-01
6.5305e-01
5.0295e-01
1.0214e+00
7.5729e-01
7.3641e-01
1.1193e+00
5.1500e-01
5.7265e-01
1.0742e+00
8.3662e-01
1.6609e+00
4.7053e-01
4.4921e-01
1.1076e+00
6.1167e-01
4.0131e-01
4.7034e-01
4.9847e-01
4.8563e-01
5.4703e-01
4.3643e-01
8.0168e-01
4.0105e-01
3.6950e-01
4.6969e-01
4.8990e-01
7.6419e-01
1.2343e+00
1.9536e-01
6.5759e-01
3.7493e-01
4.4963e-01
6.7643e-01
3.6742e-01
9.5467e-01
4.7960e-01
1.4197e+00
5.9427e-01
6.3585e-01
4.2323e-01
3.6702e-01
3.2140e-01
6.5999e-01
3.3366e-01
4.8837e-01
2.9451e-01
3.5625e-01
3.4218e-01
4.9166e-01
5.0408e-01
6.5952e-01
8.9074e-01
3.8807e-01
4.6499e-01
3.9670e-01
3.9356e-01
7.1973e-01
1.4280e+00
6.5894e-01
6.1853e-01
6.2174e-01
3.9966e-01
5.3755e-01
4.4406e-01
4.9339e-01
4.8839e-01
2.7282e-01
4.3465e-01
5.9857e-01
7.4703e-01
7.5708e-01
9.5221e-01
3.8902e-01
4.7898e-01
4.6750e-01
7.2215e-01
4.0024e-01
6.1708e-01
4.6718e-01
7.5268e-01
4.5499e-01
4.1518e-01
7.1108e-01
6.8687e-01
3.2889e-01
4.2298e-01
8.9401e-01
8.6589e-01
5.3654e-01
4.9900e-01
5.2930e-01
6.7789e-01
4.6306e-01
6.4869e-01
4.7076e-01
4.4462e-01
4.7024e-01
6.0887e-01
7.7601e-01
1.1028e+00
9.5888e-01
4.4454e-01
4.2964e-01
9.0759e-01
4.6757e-01
3.8462e-01
5.6035e-01
1.0475e+00
6.1126e-01
3.2982e-01
5.5051e-01
3.6452e-01
3.3907e-01
6.7610e-01
6.2155e-01
1.0528e+00
4.8739e-01
7.7206e-01
4.4907e-01
5.1314e-01
5.7042e-01
5.4786e-01
4.5109e-01
4.0862e-01
1.0536e+00
5.3565e-01
4.0734e-01
3.5801e-01
8.8523e-01
4.8571e-01
5.5137e-01
5.3214e-01
1.0163e+00
4.1837e-01
4.2874e-01
4.2189e-01
4.0948e-01
2.8924e-01
4.4573e-01
5.0425e-01
5.6750e-01
4.6714e-01
4.5176e-01
4.5079e-01
4.4770e-01
4.8019e-01
7.2879e-01
7.0190e-01
3.5315e-01
4.5435e-01
5.8907e-01
6.2145e-01
4.6072e-01
6.6070e-01
4.2462e-01
3.7934e-01
6.3958e-01
4.3659e-01
1.1422e+00
9.6349e-01
3.7849e-01
1.0178e+00
4.3979e-01
3.6499e-01
5.4124e-01
6.7141e-01
6.5233e-01
3.2763e-01
3.9179e-01
1.6018e+00
4.1251e-01
4.4360e-01
5.7964e-01
5.4756e-01
1.0307e+00
3.6807e-01
1.3851e+00
6.3961e-01
4.6015e-01
8.1911e-01
1.0763e+00
5.6978e-01
1.0376e+00
1.4666e+00
5.1814e-01
6.1564e-01
6.6597e-01
8.7846e-01
4.7366e-01
8.1640e-01
7.7451e-01
4.1970e-01
4.0062e-01
6.5567e-01
7.3600e-01
6.7036e-01
9.4536e-01
6.2394e-01
6.1583e-01
3.5615e-01
5.8147e-01
3.5593e-01
6.6654e-01
8.0038e-01
6.9396e-01
5.0647e-01
4.9716e-01
5.5863e-01
8.5708e-01
5.0883e-01
4.8448e-01
7.8794e-01
5.8368e-01
4.2776e-01
5.5620e-01
4.4961e-01
9.1029e-01
3.8811e-01
6.1299e-01
4.2992e-01
5.3061e-01
6.3249e-01
3.6386e-01
3.6058e-01
7.9339e-01
5.4337e-01
9.2858e-01
7.3599e-01
3.4279e-01
5.5186e-01
3.7101e-01
9.7652e-01
4.6442e-01
6.1963e-01
9.7588e-01
5.1610e-01
5.4144e-01
9.3592e-01
4.6385e-01
4.3271e-01
7.1641e-01
3.8480e-01
6.7544e-01
5.9752e-01
7.4159e-01
8.7523e-01
1.0108e+00
6.0133e-01
1.2892e+00
4.4766e-01
3.0004e-01
5.0486e-01
7.0096e-01
4.2767e-01
2.9612e-01
4.8931e-01
4.6683e-01
6.7477e-01
6.1244e-01
5.9877e-01
4.0592e-01
1.0724e+00
4.3334e-01
5.5058e-01
1.1495e+00
3.4775e-01
2.0693e-01
3.2067e-01
4.3325e-01
5.4415e-01
6.4497e-01
8.9889e-01
4.9715e-01
4.6684e-01
6.5170e-01
5.8905e-01
4.3897e-01
7.7935e-01
3.9276e-01
4.5149e-01
1.6316e+00
4.7536e-01
3.8206e-01
4.6542e-01
4.6957e-01
4.7896e-01
3.6154e-01
8.3253e-01
4.0592e-01
2.9084e-01
5.7390e-01
7.0235e-01
8.3314e-01
5.5029e-01
8.8380e-01
4.3773e-01
3.9181e-01
5.3574e-01
7.9631e-01
1.0057e+00
7.5361e-01
4.2229e-01
9.4894e-01
5.2452e-01
4.7880e-01
6.5356e-01
5.5262e-01
5.3957e-01
7.1872e-01
8.5393e-01
4.8206e-01
6.1844e-01
5.5731e-01
5.0052e-01
2.8978e-01
7.5146e-01
4.9828e-01
1.0118e+00
8.7953e-01
7.4278e-01
9.3390e-01
4.5957e-01
5.7448e-01
7.1217e-01
4.6718e-01
4.7108e-01
5.1075e-01
4.2189e-01
4.1696e-01
3.4434e-01
5.9784e-01
5.1178e-01
6.0218e-01
4.0974e-01
7.5409e-01
6.4442e-01
5.9343e-01
8.6064e-01
7.6195e-01
5.7263e-01
5.2157e-01
4.9314e-01
6.8835e-01
4.1535e-01
4.0477e-01
2.9807e-01
5.0293e-01
4.5191e-01
1.0300e+00
5.3179e-01
6.4835e-01
4.3031e-01
6.8569e-01
8.6144e-01
5.8723e-01
3.4416e-01
4.2393e-01
6.3712e-01
4.6650e-01
4.2997e-01
2.0460e+00
7.2643e-01
7.7559e-01
9.5666e-01
5.4158e-01
8.5801e-01
9.0792e-01
3.6865e-01
6.0994e-01
5.1879e-01
7.3073e-01
4.2299e-01
3.7192e-01
3.6750e-01
3.1964e-01
1.1802e+00
6.8030e-01
8.7593e-01
4.6344e-01
4.8559e-01
4.7023e-01
3.8589e-01
4.2205e-01
4.1445e-01
7.4690e-01
4.9741e-01
1.8283e+00
6.7467e-01
4.3336e-01
4.5696e-01
5.6732e-01
4.7858e-01
3.8555e-01
4.0605e-01
4.8122e-01
9.7139e-01
1.1273e+00
6.1810e-01
8.6500e-01
5.4770e-01
6.8225e-01
6.2647e-01
1.1012e+00
7.6482e-01
5.1971e-01
3.9695e-01
4.2849e-01
3.9176e-01
1.0801e+00
4.3656e-01
4.1483e-01
4.8942e-01
6.2595e-01
6.0459e-01
3.0888e-01
7.5499e-01
4.4865e-01
1.0621e+00
6.4911e-01
7.1513e-01
6.0137e-01
5.3639e-01
4.9570e-01
7.9742e-01
6.3173e-01
1.1747e+00
3.9633e-01
5.2235e-01
4.0749e-01
7.6200e-01
1.4016e+00
6.9217e-01
8.4339e-01
4.3387e-01
3.9271e-01
5.2531e-01
4.3518e-01
4.5429e-01
5.2328e-01
6.3615e-01
3.7117e-01
6.2616e-01
5.1101e-01
4.1857e-01
7.7508e-01
3.6786e-01
1.2136e+00
4.6864e-01
8.9742e-01
7.6334e-01
4.0754e-01
3.9653e-01
4.4688e-01
8.8320e-01
5.5005e-01
3.9190e-01
4.0875e-01
4.4533e-01
5.4415e-01
1.0985e+00
8.6282e-01
4.8062e-01
4.4476e-01
3.5038e-01
8.1782e-01
3.7847e-01
4.2120e-01
4.2602e-01
7.8037e-01
1.9977e-01
4.7565e-01
1.0152e+00
3.2065e-01
4.6261e-01
3.3881e-01
5.3100e-01
5.2368e-01
4.5323e-01
5.0563e-01
5.2445e-01
5.5943e-01
5.8488e-01
5.3606e-01
4.6226e-01
7.4307e-01
5.4087e-01
5.0194e-01
4.9851e-01
3.8080e-01
5.0619e-01
6.8828e-01
7.6174e-01
5.9135e-01
1.1827e+00
5.3009e-01
5.0257e-01
3.9894e-01
6.7152e-01
7.2440e-01
5.4610e-01
2.7954e-01
5.0671e-01
1.0170e+00
4.4906e-01
1.0088e+00
4.7937e-01
9.2788e-01
5.0950e-01
6.7509e-01
5.9316e-01
5.7346e-01
5.7396e-01
7.7988e-01
6.2728e-01
3.8474e-01
5.4242e-01
6.7891e-01
3.3944e-01
4.5046e-01
2.9513e-01
8.5578e-01
8.0166e-01
4.1924e-01
8.3400e-01
6.2560e-01
8.2794e-01
3.5974e-01
6.5928e-01
5.5357e-01
3.4249e-01
5.1572e-01
5.4802e-01
4.6899e-01
6.2336e-01
4.6486e-01
4.9278e-01
3.6257e-01
8.4557e-01
5.3123e-01
4.0326e-01
5.3740e-01
4.6293e-01
7.7922e-01
3.5504e-01
7.2356e-01
3.8112e-01
4.8533e-01
8.5853e-01
5.2437e-01
3.0374e-01
4.4657e-01
7.8667e-01
5.1812e-01
5.8046e-01
3.8576e-01
5.0012e-01
4.5273e-01
5.3169e-01
4.9711e-01
3.8511e-01
5.6398e-01
3.9861e-01
1.0201e+00
3.4960e-01
6.7718e-01
6.2115e-01
5.8734e-01
1.1139e+00
8.3374e-01
8.2415e-01
3.2872e-01
7.6000e-01
1.1011e+00
3.7882e-01
4.2306e-01
6.1788e-01
6.0984e-01
3.7414e-01
4.0022e-01
8.7300e-01
7.7894e-01
4.5290e-01
7.5392e-01
9.5800e-01
8.2561e-01
5.6171e-01
4.2799e-01
7.8397e-01
6.4420e-01
1.0324e+00
7.0534e-01
4.3742e-01
4.5168e-01
6.2732e-01
6.5673e-01
4.4600e-01
6.8302e-01
1.2619e+00
3.7427e-01
4.9311e-01
4.3320e-01
4.5137e-01
4.9972e-01
6.3941e-01
5.6469e-01
5.0592e-01
3.2848e-01
6.7234e-01
5.1447e-01
9.1611e-01
9.4211e-01
3.8774e-01
5.6759e-01
4.5822e-01
4.2634e-01
5.5796e-01
3.5436e-01
4.6022e-01
4.6949e-01
4.1720e-01
4.0744e-01
5.1638e-01
5.9250e-01
4.1750e-01
5.4576e-01
4.3742e-01
6.2833e-01
3.9630e-01
4.7538e-01
5.6388e-01
4.8223e-01
1.9147e+00
7.4473e-01
5.9236e-01
4.1475e-01
6.7019e-01
4.2390e-01
4.0078e-01
6.5975e-01
5.9771e-01
4.9988e-01
3.7876e-01
4.9261e-01
5.6786e-01
4.9332e-01
3.3555e-01
4.7805e-01
5.7289e-01
5.4042e-01
6.9274e-01
9.5999e-01
1.2825e+00
9.8669e-01
7.1029e-01
7.7520e-01
3.8599e-01
7.7329e-01
4.6056e-01
4.2642e-01
3.6603e-01
5.2750e-01
4.2697e-01
8.3219e-01
7.8414e-01
5.0166e-01
5.3499e-01
4.8601e-01
8.3382e-01
5.4563e-01
6.8578e-01
4.3665e-01
4.5027e-01
9.9113e-01
7.0854e-01
2.7940e-01
4.8612e-01
7.8596e-01
3.6349e-01
5.0239e-01
5.8298e-01
3.7605e-01
5.0553e-01
8.7553e-01
1.1372e+00
5.0211e-01
4.2157e-01
8.1166e-01
3.5767e-01
3.6758e-01
4.8865e-01
4.4897e-01
3.8985e-01
4.8448e-01
4.7024e-01
5.6001e-01
6.7432e-01
6.3141e-01
9.3427e-01
4.7773e-01
5.6549e-01
6.4603e-01
1.1867e+00
4.9317e-01
5.5634e-01
4.3997e-01
5.8166e-01
6.7738e-01
9.3111e-01
4.6651e-01
4.5962e-01
4.9257e-01
8.8240e-01
8.0689e-01
7.3049e-01
7.1612e-01
5.5759e-01
3.7846e-01
7.3488e-01
3.5415e-01
4.5794e-01
4.6590e-01
4.3653e-01
8.2390e-01
8.0137e-01
1.0517e+00
4.6001e-01
3.3756e-01
4.3254e-01
7.0036e-01
7.3720e-01
2.8018e-01
6.4287e-01
6.0603e-01
6.4197e-01
1.3205e+00
6.0220e-01
1.1014e+00
8.1032e-01
5.9788e-01
3.2223e-01
8.3222e-01
4.7856e-01
1.1121e+00
3.7394e-01
9.8027e-01
4.2037e-01
5.5132e-01
4.1490e-01
1.0219e+00
7.1975e-01
7.5982e-01
3.4908e-01
5.4130e-01
4.6856e-01
3.9411e-01
3.5470e-01
6.6097e-01
4.2695e-01
1.0373e+00
5.1359e-01
1.2474e+00
5.8644e-01
6.7025e-01
3.4663e-01
7.7568e-01
7.5035e-01
2.9724e-01
9.7064e-01
4.7588e-01
3.9465e-01
4.9161e-01
9.4329e-01
6.1915e-01
4.6876e-01
5.0799e-01
6.1626e-01
3.9053e-01
3.4718e-01
1.3262e+00
3.0633e-01
7.6655e-01
1.0371e+00
3.6968e-01
4.7184e-01
1.2667e+00
7.6641e-01
3.8805e-01
5.0771e-01
5.6336e-01
1.2594e+00
5.9912e-01
1.1930e+00
3.5491e-01
9.1075e-01
3.4942e-01
9.2142e-01
5.6975e-01
6.5409e-01
4.9663e-01
1.2125e+00
6.3165e-01
5.8217e-01
4.1754e-01
4.2759e-01
7.7393e-01
8.2432e-01
4.3561e-01
4.8223e-01
4.3876e-01
5.1199e-01
5.4111e-01
3.8799e-01
5.3840e-01
4.4878e-01
6.9964e-01
4.7380e-01
5.7814e-01
3.9929e-01
3.7275e-01
8.0821e-01
9.0961e-01
3.3971e-01
7.5677e-01
4.7167e-01
8.0170e-01
8.1653e-01
5.3966e-01
8.0448e-01
5.7062e-01
6.5915e-01
7.3842e-01
6.1437e-01
3.8961e-01
4.1850e-01
4.3924e-01
8.5553e-01
4.1437e-01
1.1143e+00
5.6076e-01
4.5376e-01
5.2877e-01
3.7953e-01
5.7294e-01
5.7911e-01
3.2999e-01
4.5180e-01
5.6159e-01
3.1504e-01
4.7684e-01
1.7245e+00
5.6180e-01
7.2929e-01
5.1391e-01
4.6042e-01
4.9406e-01
6.8259e-01
5.5736e-01
5.6935e-01
5.5793e-01
6.6661e-01
6.8729e-01
4.7496e-01
7.5673e-01
3.7226e-01
6.8963e-01
8.2863e-01
6.6331e-01
4.7868e-01
6.5811e-01
4.5556e-01
5.1098e-01
6.1068e-01
9.6990e-01
4.5703e-01
5.9936e-01
2.8268e-01
4.9004e-01
9.1013e-01
5.5391e-01
4.9771e-01
4.7535e-01
4.7667e-01
5.6563e-01
5.9486e-01
3.8719e-01
5.2407e-01
3.6485e-01
4.3300e-01
1.0893e+00
5.9739e-01
8.4394e-01
7.0645e-01
8.3916e-01
6.5736e-01
5.7797e-01
5.9695e-01
3.9881e-01
5.2417e-01
5.9581e-01
5.3959e-01
8.1669e-01
5.5074e-01
1.4154e+00
4.5337e-01
3.7133e-01
1.8845e+00
4.8370e-01
7.3782e-01
1.1173e+00
4.5064e-01
7.9612e-01
4.9318e-01
8.9596e-01
9.8657e-01
4.4349e-01
4.0426e-01
9.9487e-01
4.4303e-01
2.4926e-01
4.2464e-01
4.4976e-01
5.4557e-01
4.6766e-01
4.4335e-01
1.3540e+00
4.7060e-01
5.1954e-01
4.7514e-01
1.3380e+00
6.5136e-01
9.8247e-01
4.8629e-01
4.3388e-01
8.2989e-01
4.9239e-01
4.1876e-01
5.0187e-01
4.8386e-01
6.3951e-01
3.6710e-01
4.4263e-01
6.2303e-01
3.6990e-01
4.3509e-01
7.3857e-01
4.0037e-01
2.6243e-01
9.9113e-01
4.1832e-01
3.8881e-01
3.9862e-01
4.2335e-01
4.6335e-01
7.2792e-01
3.3617e-01
5.9513e-01
4.1893e-01
7.5486e-01
6.1372e-01
6.9254e-01
6.6910e-01
9.2913e-01
4.5766e-01
5.4390e-01
3.5685e-01
5.9983e-01
6.7341e-01
4.5700e-01
3.3489e-01
5.1662e-01
6.0845e-01
5.3975e-01
4.9036e-01
7.8058e-01
3.9893e-01
5.7475e-01
3.8175e-01
1.1436e+00
1.2574e+00
4.2854e-01
5.9462e-01
4.7325e-01
5.6355e-01
6.9420e-01
5.2867e-01
7.7124e-01
5.0879e-01
5.1645e-01
1.2782e+00
9.2494e-01
7.2210e-01
8.9227e-01
4.1711e-01
4.9661e-01
4.9268e-01
3.0024e-01
9.6283e-01
2.4179e-01
4.1789e-01
4.7564e-01
4.7253e-01
7.3451e-01
5.1317e-01
6.2938e-01
8.0617e-01
4.3227e-01
4.7840e-01
3.3401e-01
5.0697e-01
5.2389e-01
5.4589e-01
4.6941e-01
5.6416e-01
1.1709e+00
5.1335e-01
4.3005e-01
5.1388e-01
5.7020e-01
3.6710e-01
6.5458e-01
5.5757e-01
4.6709e-01
4.5947e-01
7.9500e-01
4.2074e-01
5.8166e-01
1.1769e+00
4.2741e-01
4.2786e-01
5.6578e-01
3.4161e-01
4.1787e-01
4.5548e-01
5.1161e-01
4.9397e-01
5.2925e-01
3.7608e-01
9.0727e-01
7.9264e-01
4.6215e-01
9.6464e-01
8.3109e-01
4.8866e-01
3.9689e-01
6.8902e-01
5.9185e-01
6.3702e-01
3.5164e-01
2.9633e-01
3.8505e-01
1.3430e+00
7.3686e-01
4.9285e-01
4.7991e-01
6.9053e-01
6.9946e-01
4.8458e-01
4.9027e-01
5.3176e-01
4.9395e-01
4.3779e-01
5.6284e-01
5.4919e-01
5.7183e-01
4.4090e-01
3.9214e-01
5.3139e-01
4.4764e-01
1.1189e+00
1.0122e+00
4.3282e-01
4.9880e-01
2.7702e-01
5.4494e-01
4.0825e-01
3.1114e-01
4.8636e-01
4.0537e-01
4.0063e-01
3.8634e-01
4.5972e-01
5.2820e-01
4.9684e-01
6.8114e-01
5.6700e-01
6.0841e-01
1.2117e+00
3.7132e-01
4.3879e-01
9.1093e-01
8.2033e-01
3.5270e-01
7.9208e-01
7.8460e-01
3.9799e-01
3.7121e-01
4.9157e-01
4.9867e-01
4.7041e-01
6.5043e-01
4.6475e-01
3.6668e-01
7.2572e-01
3.5281e-01
3.8052e-01
4.4773e-01
7.5517e-01
1.1670e+00
6.2785e-01
4.6015e-01
4.2527e-01
6.1703e-01
2.4827e-01
4.2285e-01
4.6700e-01
9.2555e-01
7.3979e-01
4.7523e-01
4.7278e-01
9.3207e-01
5.3168e-01
9.0811e-01
6.7293e-01
8.3592e-01
4.3603e-01
4.3523e-01
8.4972e-01
5.1713e-01
6.1007e-01
7.1484e-01
4.7479e-01
4.2844e-01
1.0793e+00
4.2571e-01
4.9085e-01
4.9073e-01
2.4357e-01
3.4084e-01
4.5951e-01
7.0829e-01
6.6269e-01
4.2758e-01
4.2070e-01
3.4237e-01
4.0602e-01
3.8939e-01
9.4531e-01
4.0361e-01
7.0743e-01
7.6180e-01
1.1243e+00
3.4412e-01
7.4261e-01
5.0635e-01
8.5900e-01
5.6023e-01
5.9476e-01
5.7824e-01
9.2335e-01
3.9506e-01
4.5272e-01
1.0155e+00
5.0992e-01
7.3164e-01
7.0984e-01
8.8534e-01
2.6958e-01
4.2766e-01
3.8961e-01
3.3088e-01
8.0536e-01
1.1723e+00
8.0146e-01
4.0738e-01
1.0572e+00
3.9247e-01
4.2509e-01
5.0489e-01
3.3088e-01
1.0173e+00
2.8438e-01
6.4171e-01
4.0216e-01
4.6695e-01
3.1650e-01
4.1493e-01
3.5306e-01
1.4000e+00
4.1854e-01
5.2405e-01
5.2074e-01
3.2287e-01
9.2073e-01
8.7118e-01
8.0487e-01
4.8787e-01
9.0271e-01
8.7821e-01
6.5449e-01
5.6002e-01
5.7065e-01
9.2517e-01
9.4725e-01
4.0948e-01
4.7743e-01
5.3102e-01
7.4988e-01
3.0565e-01
3.9351e-01
3.5355e-01
6.2218e-01
5.7952e-01
5.8241e-01
5.0352e-01
5.9169e-01
9.8106e-01
5.4160e-01
4.0934e-01
7.0362e-01
5.0805e-01
1.6851e+00
6.9706e-01
4.9515e-01
3.9957e-01
4.6902e-01
6.5516e-01
4.0821e-01
4.3029e-01
3.4197e-01
5.7865e-01
7.0527e-01
6.5160e-01
5.7748e-01
4.6545e-01
6.1303e-01
9.0426e-01
9.3855e-01
4.8741e-01
6.5612e-01
6.9540e-01
5.1403e-01
5.1100e-01
6.2897e-01
4.2473e-01
6.9633e-01
5.7485e-01
4.3101e-01
4.3049e-01
4.5823e-01
4.9001e-01
3.7689e-01
4.2224e-01
5.7562e-01
6.2494e-01
5.4445e-01
4.3518e-01
2.2928e-01
4.5864e-01
4.8308e-01
1.4114e+00
7.6689e-01
4.5910e-01
3.9295e-01
4.0516e-01
5.4959e-01
5.7491e-01
5.4025e-01
2.6362e-01
5.1577e-01
6.8070e-01
7.8409e-01
4.7582e-01
4.0371e-01
4.9776e-01
8.0455e-01
3.9141e-01
3.2669e-01
4.8667e-01
5.0123e-01
7.3382e-01
4.9890e-01
6.0742e-01
4.2955e-01
6.2638e-01
5.4655e-01
6.9412e-01
6.1581e-01
7.5045e-01
4.5405e-01
4.1620e-01
7.4151e-01
3.5322e-01
6.2892e-01
5.0857e-01
5.0150e-01
5.1557e-01
1.3217e+00
5.1192e-01
7.4499e-01
4.5037e-01
3.6438e-01
9.2546e-01
5.8477e-01
4.9564e-01
4.7188e-01
9.7654e-01
7.5190e-01
4.3741e-01
7.5435e-01
5.3177e-01
6.9238e-01
7.6619e-01
4.3200e-01
9.4481e-01
4.2358e-01
4.9266e-01
9.2778e-01
6.4578e-01
8.0196e-01
2.6099e-01
5.7606e-01
4.7837e-01
4.4762e-01
4.8089e-01
1.1504e+00
5.3281e-01
5.9591e-01
4.8150e-01
5.5783e-01
5.3285e-01
5.2782e-01
1.3428e+00
5.1013e-01
7.5615e-01
4.2532e-01
8.4540e-01
8.4479e-01
4.1802e-01
3.5874e-01
4.3931e-01
4.5867e-01
4.4232e-01
5.1821e-01
7.6582e-01
1.0983e+00
4.8466e-01
5.1203e-01
4.4270e-01
6.8483e-01
3.4190e-01
3.6145e-01
5.2924e-01
4.6946e-01
3.5850e-01
4.8081e-01
5.4685e-01
5.2073e-01
7.2636e-01
7.2672e-01
6.7573e-01
6.1891e-01
6.4042e-01
5.7385e-01
6.6666e-01
5.3313e-01
1.8127e-01
6.6708e-01
1.4554e+00
8.8917e-01
7.9705e-01
6.9255e-01
6.1914e-01
5.7104e-01
3.9222e-01
5.4494e-01
4.3435e-01
6.1035e-01
5.0643e-01
4.7526e-01
5.3584e-01
4.4187e-01
4.4788e-01
5.0863e-01
1.2892e+00
6.5102e-01
3.5913e-01
5.8117e-01
9.6863e-01
4.4862e-01
4.4663e-01
4.1810e-01
4.2759e-01
6.9819e-01
6.2367e-01
1.0760e+00
2.4918e-01
5.0186e-01
4.2548e-01
6.8593e-01
5.0642e-01
5.7156e-01
4.8403e-01
3.2006e-01
6.4857e-01
8.1897e-01
4.3598e-01
6.8078e-01
5.3838e-01
6.5484e-01
6.6874e-01
3.2938e-01
9.9168e-01
9.8352e-01
7.0791e-01
3.8410e-01
7.2611e-01
4.6259e-01
9.2066e-01
5.8242e-01
5.7792e-01
6.2629e-01
5.9662e-01
5.4810e-01
9.7050e-01
7.6371e-01
4.1796e-01
8.8554e-01
6.2283e-01
8.8434e-01
1.4582e+00
6.5634e-01
3.4289e-01
5.1500e-01
9.1346e-01
4.6788e-01
5.0988e-01
1.0040e+00
5.8009e-01
3.7805e-01
4.2629e-01
7.3049e-01
2.3963e-01
5.8351e-01
3.8301e-01
6.9942e-01
4.9880e-01
4.0657e-01
3.9251e-01
6.3035e-01
6.7266e-01
1.1049e+00
1.2025e+00
5.8621e-01
4.3461e-01
5.8054e-01
5.2909e-01
6.3955e-01
1.2682e+00
3.3471e-01
8.5126e-01
6.0679e-01
4.7114e-01
3.6553e-01
1.1417e+00
6.0572e-01
4.9326e-01
3.5270e-01
5.7557e-01
7.3742e-01
5.5436e-01
4.4252e-01
4.7415e-01
3.8025e-01
3.8009e-01
9.0634e-01
5.1352e-01
6.6247e-01
4.2664e-01
6.8892e-01
7.2166e-01
5.4678e-01
1.0584e+00
6.2288e-01
5.1792e-01
5.5057e-01
6.1639e-01
8.2433e-01
4.8062e-01
6.1620e-01
5.2132e-01
3.7452e-01
4.5140e-01
4.7894e-01
4.6617e-01
1.0533e+00
1.2078e+00
5.7644e-01
6.4507e-01
5.4067e-01
5.5783e-01
6.2008e-01
4.9327e-01
5.3698e-01
8.8568e-01
6.3285e-01
1.2068e+00
4.1561e-01
4.8871e-01
4.0926e-01
6.1699e-01
3.8539e-01
3.8111e-01
5.9443e-01
6.7862e-01
5.2338e-01
9.1669e-01
8.5923e-01
6.3383e-01
4.8635e-01
2.8487e-01
5.6420e-01
3.8522e-01
4.4539e-01
4.4458e-01
6.1924e-01
7.5605e-01
1.5899e+00
5.1474e-01
5.3801e-01
5.8076e-01
1.0930e+00
7.0960e-01
3.6847e-01
4.3492e-01
4.7716e-01
5.7725e-01
4.0691e-01
6.3814e-01
3.6048e-01
5.4266e-01
6.2285e-01
4.2269e-01
5.5331e-01
5.8993e-01
4.3937e-01
6.1490e-01
8.8989e-01
4.8639e-01
8.5917e-01
4.4508e-01
1.5750e+00
6.5167e-01
6.7337e-01
4.4190e-01
1.1285e+00
8.2478e-01
4.5240e-01
4.2238e-01
1.5216e+00
8.0420e-01
9.5974e-01
5.2204e-01
1.2813e+00
3.8205e-01
1.0877e+00
5.6716e-01
3.0827e-01
4.9646e-01
2.1700e-01
5.6165e-01
4.4997e-01
5.2770e-01
5.4312e-01
4.7833e-01
9.6371e-01
7.3267e-01
6.6482e-01
4.7952e-01
9.1955e-01
9.8624e-01
5.5410e-01
7.0167e-01
7.1062e-01
4.7183e-01
4.2435e-01
9.0514e-01
1.0432e+00
7.7882e-01
4.5184e-01
3.4470e-01
4.6797e-01
8.1814e-01
4.6112e-01
4.6061e-01
1.0447e+00
5.5027e-01
1.1408e+00
4.0260e-01
5.6148e-01
4.3442e-01
4.9106e-01
4.6867e-01
6.5258e-01
7.5402e-01
4.5021e-01
5.2631e-01
5.7051e-01
9.5081e-01
6.1465e-01
8.3465e-01
7.3931e-01
6.0545e-01
3.7409e-01
1.1308e+00
4.0505e-01
3.6025e-01
6.1755e-01
4.3508e-01
3.5201e-01
5.4262e-01
4.5114e-01
4.8225e-01
5.0769e-01
1.2256e+00
4.0931e-01
4.7100e-01
5.1896e-01
4.6516e-01
4.4866e-01
6.8200e-01
7.7935e-01
5.0488e-01
3.6095e-01
7.0556e-01
7.8177e-01
2.2297e+00
3.4902e-01
3.9406e-01
5.8627e-01
6.9300e-01
6.6681e-01
4.3674e-01
5.3663e-01
4.0036e-01
5.7131e-01
1.1321e+00
7.5344e-01
7.6483e-01
9.7519e-01
4.2491e-01
5.1240e-01
1.1086e+00
4.2160e-01
6.8211e-01
4.0205e-01
4.9849e-01
4.4533e-01
6.0741e-01
3.1846e-01
8.7350e-01
1.1125e+00
3.6144e-01
6.3387e-01
4.4480e-01
5.5784e-01
2.4531e-01
5.9966e-01
6.0997e-01
3.5322e-01
7.0497e-01
5.4460e-01
9.7716e-01
4.5323e-01
5.1018e-01
6.2100e-01
7.6340e-01
7.1209e-01
4.0643e-01
5.7181e-01
5.2994e-01
3.2013e-01
5.6591e-01
4.8339e-01
5.5889e-01
4.1226e-01
5.0559e-01
9.6549e-01
5.7079e-01
3.9691e-01
5.6101e-01
4.6932e-01
4.2133e-01
4.2364e-01
6.7408e-01
4.4064e-01
1.0637e+00
6.9861e-01
3.9795e-01
5.0976e-01
3.6697e-01
6.5797e-01
4.9019e-01
9.2491e-01
5.0778e-01
7.6146e-01
6.2384e-01
6.0206e-01
7.2147e-01
4.7157e-01
5.1720e-01
4.5903e-01
5.0229e-01
6.8842e-01
4.9548e-01
7.8446e-01
4.2546e-01
5.5148e-01
6.5653e-01
4.7377e-01
5.0416e-01
3.6794e-01
8.0736e-01
6.3579e-01
3.8810e-01
9.2168e-01
8.2521e-01
8.1203e-01
7.2643e-01
9.4562e-01
5.6618e-01
5.6075e-01
6.2897e-01
5.0168e-01
7.3272e-01
5.8923e-01
9.6296e-01
4.4094e-01
6.1220e-01
6.2152e-01
4.7409e-01
4.7867e-01
3.5087e-01
5.4451e-01
3.2285e-01
4.7131e-01
6.7556e-01
4.1673e-01
6.8485e-01
3.9883e-01
1.0466e+00
3.6502e-01
4.9349e-01
4.4571e-01
4.1720e-01
4.8374e-01
8.3837e-01
5.0155e-01
6.2810e-01
4.7440e-01
6.2759e-01
9.2909e-01
4.5640e-01
4.0762e-01
5.8879e-01
8.6775e-01
5.0880e-01
6.7138e-01
5.1837e-01
4.7077e-01
7.7263e-01
4.8052e-01
1.0798e+00
7.9497e-01
7.9267e-01
1.0389e+00
5.4834e-01
1.2479e+00
4.3032e-01
5.9215e-01
5.3032e-01
8.7353e-01
3.9860e-01
4.9419e-01
4.7070e-01
3.6940e-01
3.8350e-01
7.8599e-01
3.9393e-01
5.5738e-01
5.7206e-01
1.3079e+00
4.0950e-01
5.7009e-01
5.1839e-01
5.2271e-01
5.5895e-01
4.4253e-01
6.0634e-01
4.3574e-01
9.6391e-01
4.6182e-01
5.1962e-01
6.6037e-01
1.0777e+00
4.7528e-01
3.2875e-01
9.4421e-01
8.4680e-01
4.3859e-01
4.0974e-01
3.6698e-01
4.3614e-01
5.7522e-01
4.5818e-01
3.0587e-01
4.6423e-01
8.9230e-01
1.6763e+00
4.0083e-01
5.1838e-01
3.3934e-01
6.0109e-01
8.0720e-01
6.2614e-01
9.1199e-01
3.6210e-01
8.0269e-01
6.3857e-01
2.6362e-01
6.2061e-01
6.2465e-01
8.3356e-01
5.0573e-01
1.1780e+00
6.4507e-01
4.6384e-01
4.3696e-01
8.3157e-01
3.7282e-01
7.1470e-01
6.2113e-01
9.1391e-01
5.1194e-01
9.2111e-01
9.9759e-01
9.6039e-01
5.3286e-01
8.4896e-01
6.6380e-01
7.9549e-01
4.4118e-01
6.6886e-01
5.5730e-01
4.8934e-01
5.8245e-01
8.3861e-01
6.3187e-01
6.5037e-01
4.6273e-01
7.8703e-01
2.9295e-01
3.5220e-01
5.6664e-01
7.7889e-01
6.1756e-01
4.1746e-01
6.0185e-01
8.3217e-01
4.2675e-01
4.5780e-01
3.8123e-01
4.5009e-01
4.1658e-01
5.7002e-01
5.9188e-01
5.7401e-01
1.0122e+00
3.8980e-01
7.6240e-01
8.2876e-01
4.6679e-01
6.6538e-01
4.1556e-01
4.4218e-01
5.4009e-01
4.3177e-01
1.0215e+00
6.0697e-01
2.4217e-01
3.8555e-01
1.2619e+00
5.6383e-01
8.8870e-01
2.9925e-01
6.7402e-01
8.1452e-01
5.1657e-01
5.3476e-01
4.0172e-01
4.3430e-01
5.4999e-01
4.2696e-01
6.1569e-01
5.2360e-01
5.4575e-01
7.6776e-01
6.7854e-01
4.3773e-01
4.8313e-01
4.9732e-01
4.0181e-01
3.3410e-01
8.1531e-01
5.0475e-01
2.2196e-01
4.3892e-01
7.4459e-01
5.6756e-01
6.6537e-01
4.7649e-01
4.5827e-01
5.7528e-01
2.0472e+00
5.4076e-01
7.9425e-01
4.0935e-01
5.9267e-01
4.6218e-01
5.3087e-01
4.0119e-01
4.2709e-01
6.1912e-01
5.1165e-01
4.2140e-01
4.4137e-01
5.1684e-01
3.9869e-01
8.9104e-01
4.8503e-01
1.0057e+00
3.5637e-01
3.2034e-01
2.8439e-01
2.8978e-01
5.0117e-01
4.9389e-01
9.7900e-01
6.4597e-01
5.5202e-01
7.5374e-01
5.6907e-01
3.9608e-01
4.0332e-01
4.0352e-01
8.0020e-01
3.8698e-01
4.1442e-01
9.3028e-01
6.5419e-01
3.9819e-01
3.8953e-01
5.9112e-01
3.6343e-01
5.4302e-01
2.8380e-01
4.8976e-01
4.1996e-01
3.3334e-01
6.8567e-01
7.6715e-01
6.6965e-01
6.9787e-01
4.8545e-01
1.1062e+00
6.1793e-01
4.7924e-01
4.1504e-01
3.7613e-01
3.7718e-01
7.8779e-01
3.7147e-01
7.8370e-01
4.1897e-01
2.7529e-01
6.4304e-01
4.8253e-01
4.9610e-01
4.0194e-01
4.1716e-01
6.9941e-01
4.3772e-01
4.8303e-01
5.6795e-01
7.7694e-01
4.8195e-01
6.0072e-01
5.5137e-01
5.4959e-01
6.6076e-01
6.7125e-01
4.5720e-01
7.4450e-01
5.0502e-01
4.7343e-01
7.7213e-01
3.4854e-01
8.1430e-01
6.7040e-01
4.9654e-01
2.4553e-01
6.8502e-01
5.4052e-01
5.1199e-01
4.5983e-01
6.2045e-01
3.4354e-01
5.5921e-01
4.5821e-01
4.3538e-01
5.3559e-01
5.4214e-01
4.6077e-01
1.8965e+00
6.1769e-01
4.2499e-01
5.7969e-01
6.9665e-01
1.6029e+00
3.1278e-01
9.1873e-01
7.3578e-01
4.5549e-01
1.4314e+00
4.2155e-01
4.3936e-01
5.8317e-01
4.5172e-01
9.5259e-01
9.9438e-01
3.2531e-01
7.6727e-01
8.3188e-01
4.4490e-01
5.2253e-01
3.5664e-01
3.4520e-01
8.7394e-01
4.8061e-01
4.3825e-01
4.9547e-01
5.1260e-01
5.6527e-01
5.1507e-01
5.8274e-01
1.1479e+00
6.4372e-01
5.8781e-01
4.6235e-01
4.4106e-01
7.9463e-01
5.2813e-01
4.4490e-01
6.2884e-01
5.6342e-01
1.1492e+00
7.5094e-01
1.2470e+00
3.6810e-01
5.6493e-01
4.9839e-01
6.1198e-01
8.2772e-01
7.5740e-01
4.7189e-01
4.0073e-01
5.9652e-01
8.4785e-01
1.0947e+00
4.7425e-01
3.4333e-01
7.6290e-01
4.0723e-01
8.4855e-01
4.6148e-01
8.4183e-01
5.4620e-01
4.3472e-01
5.5387e-01
6.9033e-01
6.6544e-01
9.9601e-01
4.4106e-01
1.0264e+00
3.8507e-01
4.7086e-01
7.0547e-01
5.6029e-01
6.6200e-01
5.5426e-01
5.7242e-01
3.7190e-01
7.7823e-01
3.7704e-01
4.0656e-01
5.2993e-01
1.0176e+00
8.5997e-01
4.2423e-01
5.3657e-01
8.9887e-01
5.2015e-01
6.0261e-01
5.8973e-01
3.3835e-01
7.3235e-01
4.3068e-01
5.4543e-01
6.6455e-01
5.4596e-01
4.3820e-01
4.9793e-01
4.6517e-01
7.9518e-01
5.4324e-01
4.9564e-01
3.9204e-01
4.8421e-01
4.2028e-01
5.2829e-01
1.1812e+00
9.8061e-01
6.1322e-01
4.9445e-01
6.5470e-01
4.4143e-01
7.0617e-01
6.5833e-01
8.0182e-01
4.5632e-01
9.6256e-01
4.0212e-01
6.7297e-01
4.4094e-01
3.8995e-01
4.8437e-01
5.6195e-01
4.5027e-01
4.4002e-01
6.9057e-01
6.9624e-01
2.9058e-01
3.6151e-01
4.1200e-01
4.2810e-01
4.4717e-01
3.4049e-01
3.0043e-01
5.5759e-01
5.5191e-01
4.0196e-01
4.9959e-01
1.3046e+00
7.0491e-01
9.3353e-01
4.2049e-01
4.4200e-01
6.2822e-01
4.1036e-01
6.1398e-01
3.7450e-01
8.6348e-01
9.2935e-01
4.5998e-01
4.4404e-01
3.7717e-01
4.4580e-01
2.7979e-01
4.4375e-01
6.1048e-01
4.8248e-01
4.9786e-01
4.2031e-01
5.7683e-01
6.5660e-01
4.3143e-01
4.0650e-01
6.6821e-01
5.1328e-01
1.5017e+00
5.8326e-01
4.2871e-01
4.2297e-01
4.0686e-01
4.6166e-01
4.6865e-01
4.4212e-01
5.5199e-01
5.0627e-01
7.8533e-01
3.9758e-01
1.0557e+00
5.9225e-01
6.3103e-01
4.5281e-01
4.2879e-01
5.4226e-01
7.6184e-01
7.4903e-01
1.1708e+00
5.1796e-01
4.8444e-01
7.8868e-01
4.0239e-01
5.9858e-01
4.6482e-01
3.8139e-01
4.7381e-01
7.0429e-01
8.4450e-01
4.9429e-01
5.7333e-01
7.7533e-01
6.8339e-01
5.3428e-01
4.8606e-01
6.0193e-01
3.4308e-01
5.6827e-01
5.6948e-01
7.8128e-01
6.6190e-01
9.8753e-01
6.2834e-01
7.8462e-01
3.4669e-01
1.2901e+00
5.8373e-01
3.8840e-01
8.8695e-01
4.1840e-01
7.6671e-01
4.6590e-01
3.8598e-01
3.8635e-01
5.8914e-01
6.7367e-01
5.6276e-01
4.5543e-01
1.6859e+00
4.2029e-01
8.4086e-01
4.8132e-01
3.4735e-01
4.5328e-01
4.1525e-01
8.5456e-01
6.0044e-01
4.6067e-01
4.3434e-01
3.1787e-01
1.0498e+00
7.6395e-01
4.2482e-01
7.9318e-01
4.1328e-01
5.2843e-01
5.6462e-01
8.2968e-01
6.7479e-01
6.5149e-01
4.0933e-01
5.4427e-01
1.2013e+00
3.8524e-01
5.6599e-01
4.5721e-01
6.9177e-01
7.6215e-01
8.9405e-01
7.8421e-01
6.0106e-01
7.5358e-01
3.7064e-01
1.3393e+00
4.1468e-01
4.4891e-01
4.5872e-01
7.1345e-01
3.6231e-01
6.3728e-01
3.4143e-01
6.6460e-01
4.8525e-01
5.9407e-01
6.6785e-01
4.7443e-01
3.2938e-01
1.1293e+00
8.1877e-01
6.6285e-01
7.0483e-01
1.3327e+00
6.8671e-01
5.0907e-01
8.8143e-01
4.4287e-01
7.3901e-01
3.5417e-01
4.5900e-01
5.5690e-01
6.4276e-01
5.0018e-01
5.0460e-01
8.8051e-01
4.3092e-01
7.8040e-01
5.2254e-01
5.1917e-01
5.2454e-01
3.4580e-01
4.4208e-01
8.1494e-01
8.9643e-01
4.8994e-01
7.3810e-01
3.8062e-01
3.6415e-01
4.1574e-01
7.7941e-01
6.0902e-01
4.5636e-01
5.2424e-01
3.9635e-01
6.0305e-01
4.7532e-01
5.5689e-01
5.3929e-01
1.0564e+00
4.4534e-01
1.2274e+00
6.8092e-01
5.6255e-01
6.2232e-01
5.2114e-01
8.8279e-01
3.1267e-01
4.3560e-01
4.1110e-01
5.3558e-01
8.0412e-01
4.5544e-01
4.2855e-01
7.7565e-01
4.3286e-01
1.4593e+00
8.4448e-01
1.2247e+00
1.1184e+00
5.0149e-01
4.7426e-01
5.4503e-01
6.7144e-01
8.9532e-01
4.8599e-01
4.8998e-01
1.2595e+00
5.6225e-01
3.3419e-01
6.4199e-01
5.6420e-01
6.3212e-01
1.0133e+00
6.8709e-01
8.6938e-01
3.9141e-01
8.2296e-01
9.3450e-01
5.1675e-01
5.5826e-01
5.0978e-01
4.5458e-01
4.5656e-01
8.1694e-01
5.4295e-01
3.5280e-01
4.0031e-01
5.2880e-01
4.6734e-01
4.5979e-01
6.1064e-01
7.1288e-01
5.5482e-01
5.8576e-01
4.3541e-01
6.6701e-01
2.3930e-01
1.0134e+00
5.4443e-01
1.0830e+00
5.8531e-01
6.9398e-01
7.3677e-01
6.0552e-01
4.3168e-01
4.2917e-01
9.0202e-01
5.3182e-01
4.7309e-01
8.3923e-01
5.8472e-01
5.5150e-01
7.1380e-01
5.3434e-01
4.5270e-01
3.7354e-01
5.0216e-01
9.4460e-01
5.1213e-01
3.4567e-01
5.3624e-01
5.8374e-01
8.9501e-01
6.4305e-01
9.1938e-01
1.0842e+00
5.6041e-01
5.0525e-01
7.7653e-01
5.6540e-01
4.0800e-01
8.4694e-01
5.2402e-01
6.2357e-01
4.7434e-01
7.0954e-01
5.8635e-01
4.3784e-01
6.4092e-01
6.5834e-01
5.7492e-01
5.3597e-01
6.6261e-01
5.6362e-01
6.4766e-01
1.1568e+00
7.0940e-01
6.2317e-01
4.6299e-01
4.1209e-01
3.9775e-01
8.5894e-01
1.2050e+00
4.4966e-01
4.9701e-01
4.9260e-01
5.5657e-01
5.3300e-01
4.7195e-01
6.2417e-01
9.4770e-01
5.9392e-01
3.9836e-01
4.6209e-01
2.7381e-01
4.1288e-01
2.3087e-01
4.2702e-01
3.1268e-01
4.9376e-01
4.6889e-01
7.5371e-01
4.4602e-01
7.7975e-01
3.3157e-01
5.1147e-01
4.9929e-01
5.4100e-01
7.3553e-01
4.4039e-01
4.6557e-01
3.4998e-01
1.2016e+00
5.4986e-01
3.2953e-01
3.6507e-01
8.6583e-01
7.5602e-01
3.4416e-01
5.5042e-01
8.5303e-01
6.6247e-01
4.6185e-01
5.3271e-01
6.0884e-01
4.7061e-01
1.0040e+00
5.3885e-01
1.1295e+00
3.7224e-01
5.4774e-01
1.1746e+00
4.1154e-01
3.6262e-01
8.5871e-01
5.5570e-01
3.9380e-01
4.9572e-01
7.3029e-01
3.8493e-01
4.0594e-01
5.8199e-01
4.0949e-01
6.9593e-01
4.0855e-01
6.6617e-01
4.6049e-01
6.0756e-01
5.7496e-01
9.3054e-01
1.1975e+00
4.4541e-01
4.7483e-01
3.9491e-01
4.0622e-01
1.1491e+00
6.8669e-01
6.9925e-01
8.2087e-01
6.6199e-01
6.7960e-01
4.0858e-01
4.1014e-01
7.5934e-01
1.7745e+00
4.8887e-01
6.1704e-01
3.3279e-01
3.3990e-01
5.2731e-01
4.6005e-01
4.2525e-01
5.7687e-01
3.2774e-01
5.3032e-01
3.9553e-01
1.2788e+00
5.7784e-01
8.0354e-01
9.6130e-01
5.1008e-01
4.2767e-01
5.9330e-01
6.8907e-01
3.9460e-01
6.0232e-01
5.6532e-01
8.5357e-01
7.9065e-01
5.0247e-01
4.8405e-01
6.2841e-01
8.5047e-01
5.3020e-01
4.1746e-01
4.2014e-01
6.3963e-01
1.3184e+00
5.7459e-01
1.1793e+00
5.1112e-01
5.2369e-01
4.0560e-01
5.0691e-01
1.1729e+00
5.7353e-01
3.1384e-01
4.4714e-01
7.2084e-01
9.7979e-01
6.5382e-01
6.3395e-01
4.7630e-01
6.5599e-01
5.7623e-01
5.9554e-01
8.7492e-01
5.2846e-01
6.0909e-01
4.7541e-01
4.3239e-01
5.5298e-01
3.5249e-01
2.3639e-01
4.2225e-01
1.0384e+00
7.5589e-01
5.9399e-01
3.7396e-01
6.2519e-01
4.5969e-01
4.3878e-01
4.4330e-01
4.6947e-01
4.6641e-01
5.5113e-01
3.8071e-01
7.1880e-01
7.2192e-01
6.2451e-01
8.3170e-01
6.3890e-01
2.4434e-01
3.8737e-01
3.7143e-01
4.4718e-01
7.5389e-01
6.2894e-01
3.9607e-01
4.8124e-01
9.2025e-01
4.2700e-01
4.5264e-01
6.2867e-01
3.9941e-01
5.3407e-01
3.9799e-01
3.7246e-01
5.4876e-01
6.4411e-01
8.8320e-01
6.1662e-01
3.8151e-01
3.9040e-01
7.5032e-01
4.8628e-01
3.9731e-01
1.3411e+00
5.0545e-01
6.8090e-01
8.2863e-01
7.4177e-01
6.2068e-01
4.2014e-01
5.0003e-01
4.1793e-01
7.3265e-01
6.6436e-01
3.7191e-01
6.4343e-01
7.5920e-01
3.5999e-01
4.3889e-01
4.3269e-01
6.8314e-01
4.1788e-01
5.0084e-01
5.8153e-01
3.3467e-01
3.4688e-01
4.6074e-01
3.5262e-01
4.2231e-01
5.2969e-01
7.8799e-01
6.3830e-01
6.1565e-01
4.8599e-01
5.0943e-01
5.5593e-01
4.6360e-01
5.1491e-01
4.0401e-01
9.2717e-01
6.7178e-01
4.2778e-01
6.1992e-01
7.3711e-01
6.2626e-01
4.8755e-01
1.1492e+00
4.9049e-01
6.3527e-01
4.7372e-01
4.5117e-01
4.4112e-01
5.1757e-01
4.5057e-01
3.2463e-01
4.8025e-01
5.1683e-01
8.1854e-01
6.2635e-01
9.8956e-01
6.1846e-01
3.8756e-01
7.0063e-01
4.5889e-01
9.3034e-01
5.3079e-01
5.8985e-01
6.9033e-01
9.4705e-01
6.5515e-01
5.4667e-01
6.4593e-01
5.5302e-01
4.1361e-01
4.0828e-01
4.9330e-01
4.2439e-01
4.3731e-01
9.0859e-01
4.5060e-01
7.3153e-01
5.2994e-01
3.7571e-01
4.5642e-01
4.9608e-01
3.9576e-01
5.5141e-01
4.2818e-01
6.4453e-01
5.0709e-01
6.1523e-01
5.9911e-01
3.8495e-01
3.5252e-01
4.0829e-01
3.2698e-01
7.4137e-01
5.8530e-01
4.4986e-01
4.7100e-01
5.7138e-01
4.9288e-01
9.2492e-01
4.8635e-01
5.3743e-01
4.2908e-01
1.1993e+00
7.2481e-01
4.3692e-01
7.0849e-01
5.5887e-01
9.2840e-01
4.4841e-01
5.9373e-01
4.1611e-01
6.3938e-01
3.4405e-01
2.9826e-01
7.0210e-01
8.1975e-01
4.4217e-01
8.2212e-01
8.3070e-01
3.8060e-01
1.2228e+00
9.8397e-01
5.4138e-01
1.0550e+00
5.5783e-01
3.8919e-01
3.4546e-01
6.1331e-01
4.9616e-01
4.8271e-01
5.7598e-01
4.3388e-01
2.6994e-01
4.9284e-01
5.0700e-01
5.1550e-01
8.8228e-01
5.6404e-01
5.4172e-01
5.7137e-01
4.6517e-01
4.2309e-01
5.8444e-01
4.2894e-01
3.4593e-01
4.4683e-01
5.5072e-01
4.7405e-01
3.9455e-01
7.6934e-01
5.2743e-01
7.0768e-01
4.9773e-01
3.3145e-01
4.9451e-01
4.2843e-01
4.2501e-01
1.6227e+00
4.9390e-01
8.7227e-01
3.8347e-01
4.8730e-01
8.3448e-01
8.1712e-01
8.0743e-01
5.7485e-01
4.1058e-01
7.5750e-01
4.1351e-01
7.7813e-01
5.5587e-01
6.3120e-01
6.5498e-01
5.3226e-01
5.7596e-01
4.3321e-01
4.2677e-01
4.1385e-01
4.7948e-01
4.9921e-01
7.1529e-01
9.3941e-01
6.4168e-01
4.1364e-01
6.1965e-01
4.9871e-01
5.0940e-01
7.0935e-01
4.2188e-01
5.3156e-01
4.7229e-01
9.9347e-01
1.0942e+00
4.4975e-01
4.3288e-01
8.1917e-01
4.4906e-01
1.0771e+00
5.7256e-01
4.5047e-01
7.7335e-01
9.9901e-01
3.9503e-01
8.0663e-01
7.4955e-01
4.8405e-01
5.9910e-01
6.1791e-01
2.8741e-01
4.1916e-01
5.8506e-01
4.6425e-01
6.8418e-01
7.3250e-01
7.4357e-01
9.2819e-01
5.7829e-01
4.9110e-01
5.9536e-01
3.5362e-01
4.6717e-01
4.9596e-01
7.6105e-01
6.6532e-01
1.3374e+00
3.2923e-01
6.3443e-01
6.8937e-01
4.7691e-01
6.8937e-01
8.1998e-01
4.2712e-01
4.2222e-01
4.9059e-01
4.2601e-01
6.7318e-01
6.4368e-01
5.0956e-01
4.2587e-01
3.9809e-01
7.2136e-01
3.6769e-01
1.2839e+00
5.0042e-01
4.0199e-01
5.5554e-01
8.4678e-01
7.1776e-01
4.6123e-01
4.1590e-01
8.0828e-01
4.8526e-01
5.5532e-01
7.6240e-01
7.2771e-01
4.8392e-01
4.4596e-01
7.3479e-01
6.3162e-01
4.1339e-01
9.3349e-01
8.4717e-01
7.0499e-01
5.1976e-01
8.5000e-01
4.4116e-01
5.4520e-01
6.0579e-01
7.3660e-01
7.8616e-01
8.1881e-01
4.4699e-01
4.8284e-01
2.2514e-01
5.5043e-01
3.6380e-01
4.7706e-01
4.4406e-01
3.7314e-01
5.4341e-01
3.4801e-01
4.7575e-01
4.7758e-01
5.6833e-01
3.2046e-01
4.3570e-01
6.5705e-01
4.1041e-01
3.5866e-01
9.6129e-01
5.4205e-01
5.9580e-01
5.3484e-01
8.3667e-01
4.3557e-01
1.2131e+00
3.4012e-01
7.6653e-01
7.0207e-01
1.0502e+00
6.4352e-01
8.8986e-01
4.2402e-01
5.2349e-01
4.3896e-01
5.2559e-01
9.2651e-01
3.1595e-01
4.0845e-01
4.5979e-01
5.2050e-01
9.7245e-01
7.4389e-01
6.9500e-01
2.8989e-01
1.0173e+00
5.0625e-01
3.0416e-01
7.4671e-01
5.8652e-01
3.6589e-01
4.8590e-01
5.2092e-01
4.7183e-01
3.7122e-01
5.8612e-01
4.0208e-01
6.0293e-01
7.7433e-01
4.7834e-01
4.6828e-01
6.9277e-01
5.3993e-01
4.6309e-01
8.3577e-01
6.1906e-01
7.9431e-01
5.4124e-01
1.1059e+00
8.1016e-01
3.4824e-01
1.1246e+00
5.6450e-01
1.0872e+00
5.6682e-01
4.2544e-01
8.2967e-01
9.1329e-01
5.9126e-01
3.8574e-01
6.6191e-01
5.0846e-01
3.9064e-01
7.8077e-01
6.2386e-01
3.5711e-01
1.0522e+00
5.6512e-01
1.0851e+00
5.0634e-01
7.3350e-01
5.6066e-01
5.5251e-01
5.5357e-01
5.1361e-01
1.2124e+00
6.4811e-01
4.4487e-01
6.5364e-01
4.8817e-01
3.6505e-01
1.9773e+00
6.8154e-01
8.4271e-01
4.4085e-01
1.7003e+00
7.6145e-01
6.0735e-01
5.0202e-01
2.4827e-01
1.0386e+00
1.0240e+00
5.5012e-01
5.7361e-01
6.0225e-01
4.5235e-01
7.4388e-01
6.0315e-01
7.1021e-01
5.1592e-01
5.3386e-01
9.0581e-01
4.3255e-01
5.8494e-01
3.3239e-01
8.6540e-01
2.1776e-01
3.6567e-01
6.8527e-01
3.4913e-01
7.3379e-01
7.0611e-01
4.1224e-01
4.7530e-01
5.6652e-01
5.7359e-01
6.9317e-01
7.7140e-01
4.4683e-01
4.4392e-01
5.4622e-01
9.9352e-01
4.8146e-01
5.2088e-01
7.3989e-01
3.3379e-01
5.5332e-01
6.3489e-01
5.8282e-01
5.6088e-01
4.9152e-01
8.2967e-01
1.2017e+00
8.7983e-01
4.3248e-01
6.7629e-01
3.7924e-01
5.5224e-01
4.1973e-01
5.5242e-01
1.0417e+00
5.0827e-01
4.1942e-01
6.0817e-01
3.3688e-01
4.0795e-01
7.5237e-01
5.1129e-01
4.5943e-01
4.5647e-01
3.3467e-01
4.1518e-01
5.2286e-01
7.9221e-01
4.3656e-01
4.8195e-01
5.4713e-01
