-0.1179	0.1879	-1.0000
-0.0958	0.3553	-1.0000
0.0688	-0.3025	0.0000
-0.2740	-0.0318	0.0000
-0.2122	0.2422	0.0000
-0.0845	0.0053	-3.0000
-0.2420	-0.0375	-1.0000
-0.1513	-0.1355	-1.0000
0.0597	-0.0405	0.0000
-0.0308	0.0925	0.0000
-0.0882	0.0967	-3.0000
0.0242	-0.1238	-1.0000
0.0110	0.0311	-3.0000
-0.0316	-0.0955	-3.0000
0.1536	-0.1796	0.0000
-0.1736	-0.0831	-3.0000
-0.2870	0.0264	0.0000
0.1957	-0.1460	-1.0000
0.1888	-0.1437	0.0000
0.0622	0.1043	-1.0000
-0.2074	-0.0354	-3.0000
0.0151	-0.0327	-3.0000
0.0118	0.1491	-3.0000
-0.1705	-0.0032	0.0000
-0.0311	-0.0857	-3.0000
-0.2828	-0.0898	0.0000
-0.1274	0.0534	0.0000
-0.0029	0.1099	-1.0000
0.1268	0.0633	-3.0000
-0.2515	-0.0296	0.0000
0.1036	-0.0592	-3.0000
0.1345	-0.1844	0.0000
0.0937	-0.0634	0.0000
0.0954	0.1560	0.0000
0.0229	-0.2532	-1.0000
-0.3502	0.0563	-1.0000
-0.4020	-0.0882	0.0000
0.0463	-0.1679	0.0000
-0.0825	0.0658	-1.0000
-0.1084	-0.0262	-3.0000
-0.3413	0.1193	0.0000
0.0560	-0.0582	-3.0000
0.1052	0.1518	0.0000
-0.0574	-0.0472	0.0000
-0.1212	0.2143	-1.0000
-0.1568	0.2850	-1.0000
0.1935	0.1243	0.0000
0.0445	0.1210	-3.0000
-0.0768	0.0392	-3.0000
-0.1159	-0.2106	-1.0000
-0.1820	0.3094	0.0000
0.1931	0.2229	0.0000
-0.0655	-0.2014	-3.0000
-0.1225	-0.0018	-1.0000
0.0297	-0.0792	0.0000
0.1388	-0.0700	0.0000
0.1182	0.1084	0.0000
-0.1325	-0.1098	-3.0000
0.1519	0.0811	0.0000
-0.2549	0.0476	0.0000
0.2053	-0.1271	-1.0000
0.1401	-0.0924	-1.0000
-0.1280	-0.0922	-1.0000
0.1744	0.1611	0.0000
-0.0024	-0.4077	0.0000
0.0587	0.2471	0.0000
0.1229	-0.2174	0.0000
0.0475	-0.0134	-1.0000
0.2298	-0.0846	-1.0000
0.1446	0.0578	-3.0000
-0.0893	-0.0796	0.0000
0.0666	0.0404	0.0000
0.2486	-0.0099	-3.0000
-0.2047	-0.1519	-1.0000
-0.1993	-0.1156	0.0000
-0.0229	0.1250	-3.0000
0.0263	-0.0564	0.0000
0.1912	-0.0217	0.0000
-0.1769	-0.0372	0.0000
0.0070	0.0876	-1.0000
0.0167	0.2578	-3.0000
-0.0170	-0.0402	-1.0000
0.0062	-0.1406	-1.0000
-0.2143	-0.2251	0.0000
0.0209	0.0101	-3.0000
0.0131	-0.1636	-3.0000
0.1235	0.0739	0.0000
0.1628	0.1738	-1.0000
0.1320	0.0487	0.0000
-0.1054	-0.0708	-3.0000
-0.0627	0.1155	-1.0000
-0.1679	-0.1256	-1.0000
0.0763	-0.0472	-1.0000
-0.0511	0.0092	-3.0000
-0.0391	-0.0006	0.0000
-0.0891	-0.2149	-1.0000
-0.0677	0.1124	-3.0000
-0.0051	-0.0524	0.0000
-0.1963	-0.0174	0.0000
-0.0084	-0.3561	0.0000
0.3318	-0.1436	0.0000
0.0837	0.1073	-1.0000
-0.1209	0.0014	0.0000
-0.1614	0.0475	0.0000
0.1215	0.1440	-3.0000
-0.2794	0.1267	-1.0000
-0.1110	-0.3026	0.0000
-0.1883	0.0860	0.0000
0.3250	0.0599	0.0000
-0.0950	-0.1447	-1.0000
0.2172	-0.1734	0.0000
0.0619	-0.0150	-3.0000
-0.0190	0.2245	-1.0000
-0.0870	-0.0979	-3.0000
-0.1233	0.1680	-1.0000
-0.0669	0.0796	-3.0000
-0.2082	-0.0258	0.0000
-0.1812	0.0327	-1.0000
-0.0393	-0.0126	0.0000
-0.0590	-0.0673	0.0000
0.0919	0.1007	0.0000
-0.2754	0.1388	-3.0000
0.1607	0.0821	-1.0000
0.0536	0.0497	-3.0000
-0.2276	-0.1167	0.0000
-0.0709	-0.0460	0.0000
-0.2077	0.1360	-1.0000
0.1601	0.0872	-3.0000
-0.0649	0.1011	0.0000
-0.2543	0.0580	-3.0000
-0.0447	-0.0231	-3.0000
-0.0130	0.2363	-1.0000
-0.0653	0.2981	-1.0000
0.1438	0.1198	0.0000
-0.2448	0.0572	0.0000
-0.0451	0.1477	-3.0000
-0.2303	0.0525	-1.0000
-0.1875	-0.0291	0.0000
-0.2237	0.1034	-1.0000
0.0334	-0.1661	0.0000
0.0798	0.2653	-3.0000
0.0120	0.0646	-3.0000
-0.0811	-0.0228	-1.0000
-0.0983	0.1760	0.0000
0.0779	-0.0643	0.0000
-0.0049	0.0250	0.0000
0.1623	-0.2956	0.0000
-0.0971	0.3403	-1.0000
0.0993	-0.2840	0.0000
0.1885	-0.0351	0.0000
-0.1009	0.0368	-1.0000
-0.0659	0.0596	-1.0000
0.0277	-0.0966	-1.0000
-0.0134	0.3299	-1.0000
-0.2034	-0.1399	-3.0000
0.2169	-0.0190	-1.0000
0.3725	-0.1713	0.0000
-0.0891	0.0483	0.0000
-0.1428	-0.0400	0.0000
-0.1723	-0.1823	-3.0000
0.0828	0.1201	-1.0000
0.0309	-0.0789	0.0000
-0.1843	-0.0898	-1.0000
0.0614	0.1378	0.0000
-0.2085	-0.0786	-1.0000
-0.1583	-0.0697	-1.0000
0.0074	0.0291	-3.0000
-0.3768	0.0420	-1.0000
-0.0424	0.0563	-3.0000
0.0031	-0.2696	0.0000
0.0005	-0.0192	0.0000
0.1873	-0.0613	-1.0000
-0.1868	0.0250	0.0000
-0.0960	-0.2241	-1.0000
0.0100	-0.0207	-1.0000
-0.0477	-0.0568	0.0000
0.1809	-0.0773	0.0000
0.2610	-0.1147	0.0000
0.1194	0.2054	0.0000
0.0813	-0.1561	-1.0000
-0.3394	-0.0323	0.0000
0.1123	0.3483	0.0000
0.2471	0.2086	0.0000
-0.3162	-0.1007	-1.0000
0.1956	0.0196	0.0000
0.0305	-0.2594	0.0000
-0.1936	-0.1265	-3.0000
0.1617	-0.1629	-3.0000
0.0940	0.3812	0.0000
-0.0274	-0.1555	0.0000
0.0862	0.1618	0.0000
-0.0812	-0.2804	0.0000
0.2199	-0.0144	0.0000
0.1673	-0.0550	-3.0000
0.1091	0.1265	0.0000
-0.2278	0.2504	0.0000
-0.0150	-0.0177	-1.0000
0.0165	-0.0255	-1.0000
-0.1299	0.1124	-1.0000
-0.0703	0.2228	-3.0000
-0.3125	0.0580	-1.0000
-0.0186	-0.2095	0.0000
-0.1873	-0.2041	-3.0000
0.0430	0.1606	-1.0000
-0.0163	-0.0545	-3.0000
-0.2796	-0.1234	-1.0000
0.0711	0.2458	0.0000
0.1309	-0.1500	-1.0000
0.0749	-0.2528	0.0000
0.1364	0.0741	-1.0000
-0.3399	-0.1264	-1.0000
0.0748	-0.1413	-1.0000
0.0412	-0.0816	-1.0000
0.0304	0.0943	-1.0000
-0.2287	0.3139	-1.0000
-0.0338	-0.2412	-3.0000
-0.0279	-0.0492	-3.0000
-0.1226	0.0502	-3.0000
-0.1387	0.1598	-1.0000
-0.1010	-0.0763	-3.0000
-0.0229	0.2345	0.0000
-0.2018	-0.2967	-1.0000
0.0279	-0.0980	0.0000
0.0075	-0.1887	0.0000
0.2257	0.0482	-1.0000
0.2057	0.0070	-1.0000
-0.1300	0.0031	-3.0000
-0.0632	0.0238	-1.0000
-0.1252	0.0780	-1.0000
-0.1129	0.3826	0.0000
-0.0110	-0.1047	-3.0000
0.2325	0.0598	0.0000
-0.0362	-0.1906	0.0000
-0.1428	-0.0386	-3.0000
0.0303	0.1237	-3.0000
0.0986	-0.0435	-1.0000
-0.2487	-0.0720	-1.0000
-0.1178	-0.0874	0.0000
0.2335	0.2672	0.0000
0.0280	-0.0656	-3.0000
-0.0312	-0.1640	0.0000
-0.0935	-0.1399	0.0000
0.1899	0.0239	-3.0000
-0.1325	0.3244	-1.0000
0.2739	-0.2127	0.0000
-0.0974	-0.0031	-3.0000
-0.2292	-0.2102	-1.0000
-0.2204	-0.1816	0.0000
-0.1381	-0.0157	0.0000
0.1451	0.2012	-1.0000
-0.0282	-0.2117	-1.0000
0.2322	0.0235	-1.0000
0.0011	-0.0595	-3.0000
0.0082	0.0421	0.0000
-0.1630	0.2627	0.0000
-0.0349	0.0829	0.0000
-0.0106	0.0161	0.0000
0.1957	0.0693	0.0000
0.2300	-0.1444	-1.0000
0.3090	0.0733	0.0000
-0.1156	0.1022	-3.0000
0.0034	0.0795	0.0000
-0.0169	-0.3096	0.0000
-0.0216	-0.2742	0.0000
0.0174	0.0102	0.0000
-0.2551	-0.2054	0.0000
0.0985	-0.2481	-1.0000
0.2625	0.0993	0.0000
0.1203	0.1139	-3.0000
0.0578	0.2550	0.0000
-0.3536	-0.0492	-3.0000
0.1738	-0.1004	-1.0000
-0.1868	0.0378	0.0000
0.1828	0.2756	-1.0000
-0.2953	0.0383	0.0000
-0.1484	-0.0233	-3.0000
-0.0790	0.0692	-3.0000
-0.3051	-0.1419	-3.0000
-0.1856	-0.2197	0.0000
-0.3140	-0.0288	-1.0000
0.0322	-0.1582	0.0000
-0.1283	0.0365	-3.0000
0.2327	0.2121	0.0000
0.1712	0.0836	0.0000
0.0617	0.0425	0.0000
-0.2160	0.0479	-1.0000
-0.2983	0.0328	-3.0000
-0.2213	0.1342	-1.0000
0.1739	0.0126	-3.0000
-0.1303	0.2173	-3.0000
0.0938	-0.1003	-3.0000
-0.2852	-0.2141	-1.0000
0.1082	0.1164	0.0000
-0.0020	0.0038	-3.0000
-0.0483	0.1292	-3.0000
-0.1806	-0.0592	0.0000
-0.0997	0.2480	0.0000
-0.0898	0.1747	-1.0000
0.1926	-0.2951	0.0000
-0.1088	0.1137	0.0000
-0.0182	-0.0379	-3.0000
0.3115	0.1306	-1.0000
-0.2540	0.0450	0.0000
-0.3396	0.1712	0.0000
0.0057	0.0345	-1.0000
0.0935	0.1977	-1.0000
0.0642	-0.1113	0.0000
-0.1753	0.0317	-3.0000
-0.1908	-0.1410	0.0000
0.0238	0.0831	-3.0000
-0.0932	-0.0655	-3.0000
-0.2283	0.0595	-3.0000
-0.0499	0.2298	0.0000
0.1037	-0.0928	-1.0000
0.0304	0.3586	0.0000
-0.0170	-0.0416	-3.0000
0.1644	-0.1344	-1.0000
-0.1307	0.1076	0.0000
0.1004	0.1906	-1.0000
-0.1563	0.2142	-3.0000
0.1862	-0.0368	0.0000
-0.0939	0.1356	-3.0000
-0.1282	0.2570	0.0000
-0.2537	0.1797	0.0000
-0.0206	-0.1223	-3.0000
-0.0908	0.2810	-1.0000
-0.0413	-0.1699	0.0000
-0.3558	-0.1243	0.0000
-0.0276	0.1573	-1.0000
-0.1560	-0.1514	0.0000
0.1286	0.0948	0.0000
0.1354	-0.1969	0.0000
-0.0753	-0.2268	0.0000
-0.1858	-0.0991	-2.0000
0.0395	-0.0522	0.0000
0.0663	-0.0743	-3.0000
-0.0336	-0.2108	-2.0000
-0.0947	-0.1653	0.0000
0.0044	0.0706	-2.0000
-0.0977	-0.0463	-3.0000
-0.0536	0.0001	-2.0000
0.1270	0.0873	-2.0000
0.0600	-0.2647	-2.0000
-0.2265	-0.0610	0.0000
-0.2012	-0.2995	-2.0000
0.1336	-0.0478	0.0000
0.0611	0.1249	-3.0000
-0.2649	0.0217	0.0000
-0.1097	0.1259	-2.0000
0.1712	-0.1408	-2.0000
-0.0874	0.0567	0.0000
-0.1366	0.2264	0.0000
-0.0953	-0.0147	-3.0000
-0.1137	-0.2451	0.0000
0.2668	-0.2040	-2.0000
-0.1217	0.1241	-3.0000
0.0314	-0.0156	-3.0000
0.1943	-0.1004	-3.0000
0.0993	-0.1237	0.0000
0.1561	0.0365	-2.0000
0.0517	0.1698	-2.0000
-0.0803	-0.0962	0.0000
-0.1234	0.1252	0.0000
0.1393	0.3419	-2.0000
0.0658	0.1184	0.0000
0.1470	0.0505	-3.0000
0.0376	0.1207	0.0000
0.1519	-0.2015	0.0000
0.1148	0.1586	-3.0000
-0.1352	0.0321	0.0000
-0.0912	0.2267	0.0000
0.0252	-0.0711	-3.0000
-0.0627	0.1503	0.0000
-0.1175	0.0340	-3.0000
-0.0965	0.2454	-3.0000
0.0754	-0.2254	0.0000
-0.0304	-0.0933	-2.0000
-0.2437	-0.0271	0.0000
-0.0255	-0.0455	-2.0000
-0.0113	-0.0963	-2.0000
-0.1013	0.0812	-3.0000
0.1669	0.1265	0.0000
0.0529	0.2049	-2.0000
0.1882	0.1688	-2.0000
0.0383	0.0870	0.0000
-0.2961	0.0750	0.0000
-0.1782	-0.1339	-2.0000
0.0883	-0.0412	-2.0000
0.1570	-0.0233	-2.0000
-0.0084	0.0590	0.0000
0.1772	-0.1972	-3.0000
0.0130	0.1543	-2.0000
-0.1319	0.1692	0.0000
-0.2678	-0.0192	-2.0000
0.0492	0.1913	0.0000
-0.0781	0.1913	-2.0000
-0.1346	-0.1628	0.0000
-0.3300	-0.1458	-2.0000
0.0383	-0.1757	-2.0000
-0.3516	-0.0536	0.0000
0.1804	0.1113	-2.0000
-0.0646	0.1145	0.0000
-0.0190	0.1045	-2.0000
0.1297	0.2606	0.0000
0.0740	0.0707	0.0000
-0.2283	-0.1441	-2.0000
-0.0676	0.1907	-3.0000
-0.0102	0.0867	0.0000
0.0907	-0.0691	0.0000
-0.0883	0.0955	-2.0000
0.0598	0.1775	0.0000
-0.2965	-0.2125	0.0000
0.1007	-0.1976	0.0000
-0.1029	-0.0029	-2.0000
-0.1786	-0.0423	-2.0000
-0.4340	-0.0390	0.0000
0.0880	0.2594	0.0000
-0.0664	-0.1508	-2.0000
0.0090	-0.0485	-3.0000
-0.3312	0.0271	0.0000
-0.0399	-0.1249	0.0000
0.1434	-0.2979	0.0000
0.0671	0.1589	-2.0000
0.0245	-0.1969	0.0000
0.3269	0.1086	-2.0000
-0.0111	-0.2494	-2.0000
0.1208	0.1518	-2.0000
-0.0571	0.1824	-3.0000
-0.2458	0.0979	-2.0000
-0.1234	0.0923	-3.0000
0.1966	0.0273	0.0000
0.1105	0.0186	-2.0000
-0.1221	-0.3567	0.0000
-0.0784	0.0190	-3.0000
0.1025	0.1285	0.0000
0.1687	-0.0394	-3.0000
0.1543	-0.1943	0.0000
0.0177	0.0523	-2.0000
0.0387	0.0498	0.0000
0.0963	-0.0215	-2.0000
0.0474	-0.1377	0.0000
0.2576	0.2208	0.0000
0.0584	-0.3049	0.0000
-0.4180	0.0150	0.0000
0.1246	0.1736	0.0000
-0.0882	-0.0893	0.0000
-0.0760	-0.0479	0.0000
0.1974	0.1332	0.0000
-0.1293	-0.1620	0.0000
-0.1474	0.0181	-3.0000
-0.2404	-0.1290	-2.0000
-0.0535	0.1120	-2.0000
-0.2421	0.2010	0.0000
-0.0486	0.0786	-2.0000
0.2102	0.1658	-2.0000
-0.1021	-0.0253	0.0000
0.0868	0.1187	0.0000
0.0633	-0.2738	-2.0000
-0.0910	0.0209	-2.0000
-0.1340	-0.0662	-2.0000
-0.2820	-0.2157	0.0000
0.0090	0.0894	-2.0000
0.0490	-0.1577	-2.0000
0.2117	0.0376	-2.0000
-0.1665	-0.0988	-3.0000
-0.1832	-0.0077	0.0000
-0.0718	0.2368	0.0000
0.1086	-0.1186	-3.0000
-0.0707	-0.0112	-3.0000
0.0236	-0.0974	-2.0000
-0.1939	-0.0242	-2.0000
-0.1047	0.0774	0.0000
-0.0914	0.1533	-2.0000
-0.0763	-0.1896	0.0000
-0.1102	-0.1532	0.0000
-0.1360	-0.1525	-2.0000
-0.1461	-0.1586	-2.0000
0.0139	0.0489	0.0000
-0.0283	0.2530	-3.0000
0.1011	-0.0315	0.0000
0.0131	-0.0460	-3.0000
-0.0662	0.0569	0.0000
0.0906	0.0370	-3.0000
-0.2391	-0.0099	-2.0000
0.1039	0.1375	-3.0000
-0.1684	-0.0531	0.0000
0.0772	-0.1026	-2.0000
-0.1760	-0.2098	-2.0000
-0.1178	0.0223	-3.0000
-0.0631	-0.2697	-3.0000
0.2228	0.2351	0.0000
0.0424	0.1315	0.0000
-0.0607	-0.0330	-3.0000
-0.2658	-0.2569	0.0000
-0.0631	-0.0184	0.0000
-0.0448	0.0652	-3.0000
0.1507	0.3324	-2.0000
-0.1517	0.0786	-2.0000
0.0148	0.0697	0.0000
-0.1521	-0.2477	0.0000
-0.1591	-0.2608	0.0000
-0.2412	-0.2699	0.0000
-0.0969	0.0153	0.0000
-0.1193	0.0459	0.0000
0.1207	-0.2660	0.0000
-0.0544	0.2094	0.0000
-0.2953	-0.0615	0.0000
-0.1598	-0.0208	0.0000
-0.0929	-0.0034	-2.0000
0.0448	-0.1737	0.0000
-0.1461	0.1323	-3.0000
0.1846	0.0229	0.0000
0.0150	0.0425	-2.0000
0.2013	-0.0692	-2.0000
0.0361	-0.0330	-3.0000
0.0567	-0.1223	-3.0000
-0.1368	-0.0358	0.0000
0.1967	0.0359	-2.0000
-0.0321	0.1494	-3.0000
-0.1300	-0.1668	-2.0000
-0.1635	0.0088	-2.0000
-0.0348	0.2055	0.0000
0.3036	0.2091	0.0000
0.1893	-0.0219	-2.0000
-0.0879	0.0849	0.0000
-0.3229	-0.2634	0.0000
0.3568	-0.0252	0.0000
0.0433	0.0523	-3.0000
-0.0366	-0.1510	-3.0000
0.0864	0.0604	-2.0000
-0.1839	0.1468	0.0000
-0.0843	-0.1642	0.0000
-0.1974	-0.0983	0.0000
-0.2072	0.0270	0.0000
-0.2056	0.3023	0.0000
-0.0737	-0.1959	-3.0000
0.0497	0.0020	-2.0000
0.1267	-0.0675	-2.0000
0.0029	0.1294	-3.0000
0.2396	0.1650	0.0000
-0.0989	-0.3025	0.0000
-0.1299	0.0168	0.0000
-0.1814	-0.1404	0.0000
0.2060	-0.0934	0.0000
0.1482	0.0184	-2.0000
-0.0489	-0.1194	0.0000
-0.0300	-0.0267	0.0000
0.0669	-0.0515	-3.0000
0.1057	-0.0414	0.0000
-0.0002	-0.0908	-2.0000
-0.1344	-0.2449	-3.0000
0.2831	0.0324	-2.0000
-0.1057	0.0866	-2.0000
-0.0290	0.0977	-2.0000
0.0292	-0.2306	-3.0000
0.0224	0.0589	-3.0000
0.0685	0.1122	-2.0000
-0.1127	-0.2030	0.0000
0.2015	-0.1461	-2.0000
-0.1358	0.3163	0.0000
0.0755	-0.2252	0.0000
0.2572	-0.1834	-2.0000
0.0704	-0.0696	-3.0000
-0.0533	-0.0084	-3.0000
-0.2194	0.0358	-3.0000
0.1043	-0.1128	-2.0000
0.0420	0.0221	-3.0000
0.0891	0.0414	-2.0000
-0.2454	0.0470	-3.0000
-0.0640	0.0363	-3.0000
0.3034	-0.0330	0.0000
-0.0155	-0.1482	-3.0000
-0.3265	0.0005	-2.0000
-0.0319	0.0103	-3.0000
-0.1192	0.1114	0.0000
-0.2151	-0.1839	-3.0000
0.0374	0.1256	-3.0000
0.1208	-0.1883	-3.0000
-0.0188	-0.2883	0.0000
0.1583	0.1937	-2.0000
0.1590	0.0203	0.0000
-0.0238	0.0362	-2.0000
0.1902	0.0113	0.0000
-0.0254	0.0371	0.0000
-0.0195	0.0119	-3.0000
0.0930	0.0592	-3.0000
-0.0420	0.1185	-2.0000
-0.0705	0.2550	-3.0000
-0.1543	0.2633	0.0000
0.0148	0.0626	-2.0000
-0.0407	-0.0757	-3.0000
0.2530	-0.0147	0.0000
-0.0783	-0.0382	-2.0000
0.1129	0.1815	0.0000
-0.0999	-0.0667	-2.0000
0.1747	-0.1879	-2.0000
0.0607	-0.2132	0.0000
0.0072	0.1104	0.0000
-0.2798	0.0468	0.0000
0.0445	0.0672	-2.0000
0.1285	-0.0189	0.0000
0.0171	0.2618	0.0000
-0.0040	-0.1206	0.0000
-0.2935	-0.1134	-2.0000
0.1326	0.1710	-3.0000
0.0284	-0.0189	-3.0000
-0.0506	0.1771	0.0000
0.2466	-0.1573	-2.0000
-0.1607	0.0600	-2.0000
0.2470	-0.1823	-2.0000
0.1106	0.3103	0.0000
0.0666	0.0499	0.0000
-0.0386	-0.1189	0.0000
0.1178	-0.0077	-3.0000
-0.2513	-0.1675	-2.0000
-0.0095	0.1214	-3.0000
-0.2815	-0.2866	0.0000
0.1147	0.1194	-2.0000
-0.3690	0.0252	0.0000
-0.0287	0.1462	0.0000
-0.0583	-0.1760	-2.0000
0.0001	0.0685	-3.0000
0.1399	-0.0435	-3.0000
-0.0070	0.0550	-3.0000
-0.1140	0.0158	0.0000
0.0541	0.0226	0.0000
-0.2060	0.1689	0.0000
0.0401	-0.2708	-2.0000
0.0233	0.1857	-2.0000
-0.2661	-0.0009	0.0000
0.1700	-0.0098	-2.0000
-0.0303	-0.2142	-2.0000
-0.1411	0.3507	0.0000
-0.1726	-0.0374	0.0000
-0.0282	0.1201	-2.0000
0.2131	0.1266	0.0000
-0.2563	-0.0882	-2.0000
-0.0464	0.1496	0.0000
-0.1087	-0.1775	-3.0000
-0.2135	-0.1590	-2.0000
0.0251	0.2663	0.0000
-0.2426	0.1091	0.0000
0.0425	0.1070	-2.0000
-0.0860	-0.3107	0.0000
-0.2353	-0.0369	-2.0000
-0.0309	-0.0214	-2.0000
-0.1825	-0.0584	0.0000
0.1609	-0.0531	0.0000
-0.1501	0.0736	0.0000
-0.0465	0.2109	0.0000
0.0882	-0.0877	0.0000
0.0538	-0.1800	-3.0000
0.0123	0.0978	0.0000
-0.1834	-0.0353	0.0000
0.1924	-0.0985	-3.0000
-0.2818	0.0575	0.0000
0.1687	0.0230	-2.0000
-0.0384	0.1003	-3.0000
-0.2046	-0.1824	-3.0000
0.1744	0.0100	0.0000
0.1313	0.1405	0.0000
-0.0804	-0.0121	-2.0000
-0.1132	0.0880	-2.0000
0.0884	0.2030	0.0000
-0.0081	0.2250	-2.0000
-0.1824	-0.2569	0.0000
-0.0708	0.0925	-3.0000
0.0139	-0.0534	-3.0000
-0.0503	0.2825	-2.0000
0.2098	-0.0290	-3.0000
-0.0103	-0.1969	-3.0000
-0.1293	-0.2014	-2.0000
-0.0583	-0.0449	0.0000
-0.2368	0.2154	-2.0000
-0.0599	-0.0664	-2.0000
-0.2491	0.1445	0.0000
-0.0938	-0.0162	-2.0000
0.0189	-0.1460	-3.0000
-0.3154	-0.0741	-3.0000
-0.1432	0.0745	0.0000
0.1389	0.0719	0.0000
0.0888	-0.3052	0.0000
-0.1766	-0.1288	-2.0000
0.1650	-0.1137	-2.0000
0.0442	-0.0271	0.0000
0.1699	0.1410	0.0000
-0.3206	-0.1725	-2.0000
0.1077	-0.0089	-3.0000
-0.0006	-0.0325	-2.0000
-0.1401	-0.1258	-2.0000
-0.0527	-0.0483	0.0000
-0.1680	0.2022	-3.0000
0.1481	0.1014	-2.0000
-0.0827	0.1114	0.0000
-0.1556	0.0832	-3.0000
-0.1565	-0.0350	-2.0000
0.0928	0.1193	-3.0000
-0.0447	0.1627	0.0000
-0.1021	-0.2285	0.0000
-0.2140	-0.0185	-3.0000
-0.2427	0.0599	0.0000
-0.1585	0.0441	-3.0000
-0.2034	-0.0041	-2.0000
0.0721	0.0942	-2.0000
-0.0687	-0.0014	0.0000
-0.0764	0.0121	-3.0000
-0.0854	-0.0371	0.0000
-0.0900	0.0321	-3.0000
-0.1362	0.0382	-3.0000
0.1763	-0.0384	0.0000
-0.0859	0.0609	-3.0000
-0.3494	0.0794	0.0000
0.2984	-0.0029	0.0000
0.2184	-0.1369	-3.0000
-0.2705	-0.0296	0.0000
-0.1847	0.2237	-3.0000
-0.1488	0.0016	-3.0000
-0.0460	0.0055	0.0000
0.0211	0.0071	0.0000
-0.0229	0.1548	-3.0000
0.2042	-0.0674	0.0000
0.1811	0.0961	0.0000
-0.2108	0.1080	-3.0000
0.0986	0.1145	-3.0000
-0.0581	0.3499	-2.0000
0.0073	-0.0210	-2.0000
-0.1893	0.2328	-2.0000
0.1496	-0.2296	0.0000
0.0375	0.2040	0.0000
-0.0662	-0.0012	-2.0000
-0.1775	0.0104	-2.0000
-0.2316	0.1549	-3.0000
0.0626	-0.1329	0.0000
0.1719	0.0675	0.0000
-0.0124	-0.1631	-3.0000
-0.1550	-0.1968	0.0000
0.0807	-0.0124	-3.0000
-0.1403	0.2651	-2.0000
0.0254	0.1808	-3.0000
-0.0210	0.1310	-2.0000
-0.0144	-0.1154	-2.0000
0.1025	0.1187	0.0000
-0.1792	0.1006	0.0000
-0.0516	-0.1432	0.0000
0.0308	-0.0760	-3.0000
-0.3543	-0.0781	-2.0000
0.0142	0.1093	-2.0000
-0.1231	0.0405	0.0000
0.1025	-0.0328	-3.0000
-0.0519	0.0254	-2.0000
-0.0355	-0.2013	-2.0000
0.2421	-0.0787	0.0000
0.1124	0.0667	-2.0000
-0.0444	-0.1070	-3.0000
-0.3320	0.1015	-3.0000
-0.3013	0.0964	-2.0000
-0.2314	0.0251	0.0000
-0.0681	-0.0799	0.0000
-0.0592	0.0470	0.0000
-0.1170	-0.2107	-2.0000
0.1859	0.1165	0.0000
-0.0395	0.2225	-3.0000
-0.2754	0.1704	-2.0000
-0.1041	-0.0122	-2.0000
-0.0257	0.0910	0.0000
-0.0806	0.3631	0.0000
-0.0926	-0.1507	0.0000
-0.0055	-0.0435	-3.0000
0.0164	0.1422	0.0000
-0.0561	0.0042	-3.0000
-0.0357	-0.0106	0.0000
-0.3931	0.1278	0.0000
-0.0342	-0.1922	0.0000
-0.2329	0.0680	-2.0000
0.1760	0.3143	0.0000
-0.2220	-0.1429	-2.0000
-0.0704	0.1159	0.0000
0.0911	0.0844	-3.0000
-0.0110	-0.1085	-2.0000
0.0823	0.0607	0.0000
0.2003	-0.2263	-3.0000
0.0025	0.1245	-3.0000
0.0380	0.1431	-3.0000
0.0537	-0.0055	0.0000
-0.3644	0.0840	-2.0000
0.0802	0.0010	0.0000
-0.0055	0.0365	-2.0000
-0.1124	-0.1070	-3.0000
-0.0567	-0.0325	0.0000
-0.1855	-0.0850	0.0000
0.0276	0.0199	-2.0000
0.0784	-0.1524	0.0000
-0.1009	-0.0818	-3.0000
0.2385	-0.0552	0.0000
0.1634	0.0145	-3.0000
-0.1108	-0.0280	-3.0000
-0.0413	-0.0724	-3.0000
0.0750	0.1632	-3.0000
-0.2084	0.2495	-2.0000
0.0582	-0.0029	-3.0000
0.1052	0.0126	0.0000
-0.0288	-0.0180	-2.0000
-0.2067	-0.0518	0.0000
-0.1446	0.0912	-2.0000
0.2104	0.0578	0.0000
-0.0623	0.2325	0.0000
-0.1488	-0.1093	0.0000
-0.0532	-0.1333	-2.0000
-0.2988	0.3220	0.0000
-0.1149	0.0649	0.0000
0.1201	-0.0015	0.0000
-0.0590	-0.1969	-3.0000
0.1291	-0.0022	0.0000
0.1075	0.1547	-2.0000
-0.0171	0.0989	0.0000
-0.2531	-0.0686	0.0000
-0.0437	-0.2711	0.0000
-0.0986	-0.1145	0.0000
-0.0192	-0.1061	-2.0000
-0.0354	-0.3570	0.0000
0.0050	0.1611	-2.0000
0.1031	0.0452	-3.0000
0.0921	-0.1309	-2.0000
-0.1321	-0.0108	0.0000
-0.0162	-0.2165	0.0000
-0.1996	0.0029	-3.0000
-0.1366	0.0317	-2.0000
0.1200	0.0886	-3.0000
-0.1543	-0.0976	0.0000
-0.2719	-0.0504	-2.0000
0.1358	-0.0300	-2.0000
-0.1030	0.1758	-2.0000
0.0167	-0.0837	-2.0000
-0.1598	0.0725	0.0000
-0.0136	0.2069	0.0000
-0.0704	0.1978	-3.0000
0.0755	0.0415	0.0000
0.2403	0.0103	-2.0000
-0.1998	0.0147	-3.0000
0.1346	0.2887	-3.0000
0.0131	0.0292	-3.0000
-0.1340	0.0416	0.0000
-0.1711	-0.2377	-3.0000
-0.0548	-0.1242	-3.0000
0.0418	0.0198	-3.0000
0.0058	0.2064	-3.0000
0.1521	-0.0980	-2.0000
-0.0468	-0.0812	-2.0000
-0.1208	0.0911	-3.0000
0.0606	0.1696	-2.0000
0.0380	-0.0635	-2.0000
-0.1965	-0.0980	-3.0000
0.2229	0.2158	0.0000
-0.2215	0.2038	0.0000
-0.0911	-0.1457	-2.0000
-0.3638	0.0257	0.0000
0.0926	-0.1756	-2.0000
-0.2230	-0.0019	0.0000
-0.1198	0.1142	-3.0000
-0.1086	-0.1201	0.0000
-0.2016	-0.2431	0.0000
-0.0504	0.2125	0.0000
-0.1773	-0.2552	-2.0000
0.1680	-0.2156	-2.0000
0.1316	0.2252	-2.0000
0.1468	0.0455	-3.0000
-0.1549	0.3696	-2.0000
-0.0313	-0.2952	0.0000
0.0284	-0.1748	-2.0000
-0.0435	0.2782	0.0000
0.2419	-0.0482	0.0000
-0.0863	-0.1485	-3.0000
-0.1071	0.1565	0.0000
0.1015	0.0257	0.0000
-0.0099	0.2720	0.0000
0.3501	0.0476	-2.0000
-0.0353	0.2148	-2.0000
-0.0600	0.0585	0.0000
0.0806	0.0235	0.0000
0.0471	-0.0970	0.0000
-0.1801	0.0424	-2.0000
0.0649	0.3574	0.0000
0.2086	0.1910	-2.0000
0.2498	0.0032	0.0000
-0.1657	-0.0953	-2.0000
-0.2403	0.0243	-2.0000
0.1627	0.0771	-2.0000
-0.1812	0.0072	0.0000
-0.0757	0.0574	-2.0000
-0.1958	-0.1329	0.0000
-0.3293	0.0633	-3.0000
0.0332	-0.0883	0.0000
-0.1188	0.1252	-3.0000
0.1627	-0.0552	-2.0000
0.1041	-0.0083	-2.0000
0.1059	-0.0537	-2.0000
-0.2708	0.1716	-2.0000
0.0113	-0.1798	0.0000
0.3411	-0.1118	0.0000
0.1075	0.3749	0.0000
0.0802	0.0770	-3.0000
-0.0920	-0.0774	-2.0000
-0.0456	0.3237	0.0000
0.0570	0.0112	-3.0000
-0.2642	-0.1062	0.0000
0.1005	-0.0777	-2.0000
0.0453	0.1180	-2.0000
-0.0237	0.0222	-2.0000
-0.3018	0.0332	-3.0000
0.0267	0.1909	-2.0000
-0.1600	0.0624	-3.0000
-0.0986	0.1664	0.0000
-0.2389	-0.0337	-2.0000
-0.1215	-0.0213	-3.0000
0.0146	0.0301	0.0000
-0.1022	-0.0885	0.0000
0.2236	0.1029	-2.0000
0.2526	-0.0971	-2.0000
0.0431	0.0356	0.0000
-0.0651	-0.1957	-2.0000
-0.0852	-0.3081	0.0000
-0.0841	-0.0664	0.0000
-0.0932	0.2757	-3.0000
0.1097	-0.1047	-2.0000
0.1683	-0.0684	0.0000
-0.1353	0.1879	0.0000
0.0583	-0.1031	0.0000
-0.0217	0.1421	-3.0000
-0.3030	-0.1435	-2.0000
-0.1832	-0.2852	0.0000
0.1330	0.0664	0.0000
0.0358	0.0158	-3.0000
-0.1160	-0.1442	-2.0000
-0.1559	0.1871	-3.0000
-0.0649	0.3035	-2.0000
-0.0778	-0.3456	0.0000
0.0877	0.0855	-3.0000
0.1255	0.0611	0.0000
0.1047	0.2524	-2.0000
0.1792	-0.0497	0.0000
0.0705	0.1948	-3.0000
-0.1359	0.1162	-3.0000
-0.0541	0.0232	0.0000
-0.0096	-0.2093	0.0000
0.0728	0.2251	-2.0000
0.0170	0.0484	0.0000
0.0459	0.0853	-2.0000
0.0850	0.0631	-3.0000
0.1443	-0.0669	0.0000
0.0246	-0.0446	-3.0000
0.0415	-0.2507	0.0000
0.0194	-0.0512	-3.0000
-0.0097	-0.2472	0.0000
0.1743	-0.2036	0.0000
-0.1566	0.0862	-2.0000
0.0079	-0.2397	-2.0000
0.1573	-0.0647	0.0000
-0.0140	-0.0172	-3.0000
-0.1058	-0.0322	0.0000
0.0889	0.2201	-2.0000
-0.2577	0.0952	-3.0000
0.1724	-0.1200	-3.0000
-0.0180	0.0273	-3.0000
0.1625	0.3418	-2.0000
-0.0811	0.0416	-2.0000
0.1937	-0.1217	-2.0000
-0.2220	0.0241	-2.0000
0.0368	0.0371	0.0000
-0.1761	0.0294	-2.0000
0.0626	0.2366	-3.0000
0.1152	0.0393	-3.0000
-0.0375	-0.0316	-3.0000
-0.1923	0.0180	0.0000
0.0343	0.2712	0.0000
0.0475	0.1123	-2.0000
-0.2081	0.0944	0.0000
-0.2524	0.1448	0.0000
-0.0997	-0.0269	-3.0000
-0.1776	-0.1474	-2.0000
0.1545	0.0889	-3.0000
0.0004	-0.0210	0.0000
0.1964	0.1933	0.0000
-0.1029	-0.0740	-2.0000
-0.1097	-0.0618	-3.0000
0.0049	0.2431	0.0000
0.0115	0.0935	0.0000
-0.1592	-0.0143	0.0000
0.1420	-0.0804	0.0000
0.0513	-0.2010	-2.0000
-0.0607	-0.0042	0.0000
-0.1155	0.0316	-3.0000
-0.1634	0.0431	-2.0000
-0.0985	0.0785	-3.0000
-0.0706	0.0775	0.0000
-0.1075	0.0384	-2.0000
-0.0378	-0.1994	0.0000
0.0447	-0.1483	0.0000
-0.1021	-0.1814	-2.0000
0.2324	0.1760	0.0000
-0.1734	-0.0432	-2.0000
0.0341	-0.1461	-3.0000
0.0264	-0.2056	-2.0000
-0.2301	0.0067	0.0000
-0.0194	0.2237	0.0000
-0.0716	-0.1564	-3.0000
-0.0225	0.0060	-3.0000
0.1539	-0.0986	0.0000
-0.1825	-0.1245	0.0000
-0.0445	-0.1247	0.0000
0.0279	0.2273	-2.0000
-0.1659	-0.1037	-3.0000
-0.3045	-0.0205	-3.0000
-0.0932	-0.0499	-3.0000
-0.3549	-0.2246	-2.0000
-0.3632	-0.2040	-2.0000
-0.0894	0.2378	0.0000
-0.0638	0.1789	0.0000
-0.1315	0.1034	-3.0000
-0.0108	-0.0336	-3.0000
-0.0870	-0.2739	0.0000
0.0421	-0.0010	0.0000
-0.0047	-0.2485	-3.0000
-0.0927	0.2576	0.0000
0.1166	-0.2223	0.0000
0.0224	-0.0642	-2.0000
-0.0394	-0.2114	-3.0000
0.1291	-0.2143	0.0000
0.0507	-0.0678	-2.0000
-0.1783	0.0956	-3.0000
-0.2636	-0.0846	-2.0000
0.1776	0.1760	-2.0000
-0.1221	0.0011	0.0000
-0.0088	-0.1860	-2.0000
0.2156	0.3617	0.0000
-0.2456	-0.0805	0.0000
-0.1997	-0.0467	-2.0000
0.0747	-0.2805	-2.0000
0.0017	0.1074	-2.0000
-0.2035	0.1733	-2.0000
-0.1921	0.0596	-3.0000
0.0196	-0.2140	0.0000
0.0638	0.0206	-2.0000
-0.1408	-0.1369	-3.0000
-0.0962	0.1580	-2.0000
-0.0617	-0.2346	0.0000
-0.0270	0.1528	-3.0000
-0.2987	0.2500	0.0000
0.0925	0.1304	0.0000
0.0836	-0.2332	0.0000
-0.0299	0.2265	0.0000
-0.1361	0.0706	-3.0000
0.1659	0.0445	-2.0000
0.1089	-0.1388	-3.0000
-0.3071	-0.1209	0.0000
-0.0943	-0.1224	-3.0000
-0.3543	0.0879	0.0000
0.1318	0.2579	0.0000
0.0051	0.0582	-3.0000
0.1714	-0.0536	-2.0000
0.0469	0.2819	-2.0000
-0.3149	0.1259	0.0000
-0.0218	0.1262	-2.0000
0.0325	0.2548	0.0000
0.2999	-0.2505	0.0000
0.1343	0.0679	-3.0000
0.0906	0.0140	0.0000
-0.2579	-0.0564	-2.0000
-0.1540	0.2563	0.0000
0.0342	0.2036	-2.0000
0.1041	-0.1245	-2.0000
-0.0177	0.1795	-3.0000
0.0641	0.0816	-3.0000
-0.0527	0.1601	-3.0000
-0.1417	0.1260	0.0000
0.0145	0.0993	0.0000
0.0450	-0.2350	0.0000
0.1099	0.0544	-2.0000
-0.0584	0.1081	0.0000
-0.0417	-0.0458	-3.0000
0.1603	-0.0487	0.0000
-0.2046	0.0365	-3.0000
-0.0177	0.2362	-2.0000
-0.1779	0.2899	0.0000
0.1064	0.0492	-2.0000
-0.0068	0.1481	-2.0000
-0.1506	-0.0262	0.0000
-0.0668	-0.1020	-3.0000
-0.2400	0.0194	-3.0000
-0.2644	-0.0846	-2.0000
0.0418	-0.0058	-3.0000
-0.2808	-0.2941	0.0000
0.1358	0.1195	-3.0000
0.1919	0.1709	0.0000
0.2902	-0.0697	0.0000
-0.0159	-0.0273	-3.0000
-0.1924	-0.0630	0.0000
0.0577	-0.0033	0.0000
-0.0498	0.2472	-3.0000
-0.1271	0.0210	0.0000
0.0161	0.0586	0.0000
0.1162	0.1925	-3.0000
-0.1103	0.2761	-2.0000
0.0702	-0.1467	-2.0000
0.0717	0.0761	0.0000
0.0002	0.0888	-3.0000
-0.0777	0.3864	0.0000
-0.0427	-0.1183	0.0000
0.0104	-0.0702	-2.0000
0.0078	-0.0385	-3.0000
-0.0077	0.0693	0.0000
-0.3801	0.0388	0.0000
-0.0660	-0.0248	0.0000
-0.1652	-0.0484	0.0000
-0.1157	0.2731	0.0000
0.2174	-0.2450	0.0000
-0.0064	0.3180	0.0000
-0.0212	0.2760	-2.0000
0.1275	0.0777	0.0000
-0.0305	-0.1900	-2.0000
0.0744	0.1294	0.0000
-0.1589	-0.1677	0.0000
-0.1975	-0.0213	-3.0000
-0.0747	-0.1415	0.0000
-0.1787	0.1603	-2.0000
-0.0467	0.0391	0.0000
0.0082	0.2417	0.0000
0.0109	0.0972	-3.0000
-0.0925	0.0308	0.0000
-0.2959	0.0688	0.0000
0.1510	-0.1101	-2.0000
-0.0301	-0.0168	-2.0000
0.1967	0.0128	-3.0000
-0.0369	0.0608	0.0000
0.0157	0.1000	-3.0000
-0.1719	0.1967	0.0000
-0.0428	0.1822	-3.0000
0.2288	0.1769	-2.0000
0.0765	0.1889	0.0000
-0.1934	0.2056	-3.0000
-0.3651	0.1094	-3.0000
-0.0534	0.0904	0.0000
-0.2561	0.0201	0.0000
-0.0703	-0.0561	0.0000
-0.2653	-0.1250	0.0000
-0.0466	-0.0419	-3.0000
0.0518	0.1974	-2.0000
0.2007	-0.0016	-3.0000
0.1622	-0.0135	0.0000
0.1249	-0.0882	-3.0000
-0.0382	0.0498	-2.0000
0.2681	0.0472	0.0000
-0.0656	0.1017	-3.0000
-0.0003	0.1536	-2.0000
-0.0567	-0.3290	0.0000
-0.0945	0.0555	-3.0000
0.0652	0.2591	-3.0000
-0.0326	-0.0087	0.0000
0.0745	0.1594	-2.0000
0.1560	0.0309	-2.0000
-0.1323	-0.1594	-2.0000
-0.3544	0.1181	0.0000
-0.3876	0.1579	0.0000
0.1561	0.1818	0.0000
-0.1225	0.1640	0.0000
-0.2960	-0.0898	0.0000
-0.2219	-0.0689	-3.0000
0.0441	0.0617	-3.0000
-0.0095	-0.0898	-2.0000
-0.1876	-0.1446	-2.0000
-0.0086	0.1481	-3.0000
0.1582	0.2988	-2.0000
-0.0006	0.0431	0.0000
0.1073	0.1749	-3.0000
-0.1253	0.1504	-2.0000
-0.0107	-0.0541	-3.0000
-0.3203	-0.1036	-2.0000
0.0996	-0.0329	-3.0000
-0.2109	-0.3488	0.0000
-0.0915	-0.1558	-2.0000
0.0119	-0.2789	-2.0000
-0.2346	0.0901	0.0000
0.0467	-0.0240	-3.0000
0.0673	0.0436	-2.0000
0.1475	0.0932	-3.0000
-0.2410	0.2262	-3.0000
-0.0916	0.1293	-2.0000
-0.1694	0.0377	0.0000
0.1482	-0.2193	0.0000
0.0405	-0.0817	-3.0000
-0.1397	0.0966	-3.0000
-0.2430	-0.0995	0.0000
0.1524	0.0386	-2.0000
0.0088	0.0189	-2.0000
-0.0057	-0.0718	-2.0000
0.0162	-0.0203	-2.0000
-0.0070	-0.0231	-3.0000
-0.2214	-0.1095	0.0000
-0.0904	-0.1900	-3.0000
-0.1504	0.1364	-2.0000
-0.0399	0.0976	-3.0000
-0.0538	0.0982	-3.0000
-0.2808	0.0184	-2.0000
-0.0039	0.1513	0.0000
-0.1169	-0.2615	0.0000
-0.0335	0.0916	-2.0000
0.2150	0.1497	-2.0000
-0.2260	0.0173	-3.0000
-0.1382	0.1324	0.0000
-0.2529	-0.0781	0.0000
-0.0535	0.1999	-2.0000
-0.0071	-0.1252	0.0000
0.0426	-0.1555	-3.0000
0.0723	0.2045	-2.0000
0.2477	0.1017	-2.0000
0.0345	-0.0132	0.0000
-0.0563	0.2783	-2.0000
-0.1947	-0.2067	-2.0000
-0.0590	0.0886	-3.0000
0.0992	0.2155	0.0000
-0.1880	0.0813	0.0000
0.1409	0.1828	-3.0000
0.0760	-0.0849	0.0000
-0.0735	-0.0709	0.0000
0.2240	0.0841	0.0000
-0.0448	0.0471	0.0000
-0.1226	0.0085	0.0000
-0.1003	0.1657	-3.0000
0.0785	-0.1005	0.0000
0.1195	0.2052	0.0000
-0.1286	-0.0356	-3.0000
0.1105	-0.2252	-3.0000
0.0271	0.3098	0.0000
-0.3408	0.0632	-2.0000
0.1354	-0.1797	0.0000
0.1833	-0.1987	0.0000
-0.0568	0.2183	0.0000
0.1193	0.0009	0.0000
-0.0294	-0.1842	0.0000
-0.1601	-0.1799	0.0000
0.1254	-0.1572	0.0000
-0.0956	0.0971	-3.0000
-0.2515	0.0640	-2.0000
0.1936	0.0169	-2.0000
-0.1370	0.1091	-3.0000
0.0555	-0.1818	0.0000
-0.2398	0.3035	-2.0000
0.0924	0.1246	0.0000
-0.0109	0.1148	-2.0000
-0.2041	-0.1226	-3.0000
-0.1192	0.0711	-2.0000
0.0451	-0.1485	0.0000
-0.0021	-0.0576	-2.0000
-0.0898	-0.2512	0.0000
0.2163	-0.2111	0.0000
-0.2283	0.0157	0.0000
0.2231	0.0010	-2.0000
-0.1430	0.0419	-3.0000
0.1170	0.0365	-2.0000
-0.0775	0.0161	0.0000
-0.1440	0.1507	-3.0000
-0.0126	0.0310	-2.0000
-0.0747	-0.2249	-2.0000
0.2255	-0.0131	-2.0000
0.0240	-0.0991	-2.0000
0.0191	0.2393	0.0000
-0.0290	0.2406	0.0000
-0.0131	0.0545	0.0000
-0.1829	-0.0275	-3.0000
-0.0256	0.0946	0.0000
-0.0758	0.1613	0.0000
-0.2020	0.0970	-3.0000
-0.0667	-0.2783	-3.0000
0.1316	-0.1909	-3.0000
-0.1375	0.2635	-2.0000
-0.1750	0.1521	-3.0000
-0.2203	0.0672	-3.0000
-0.0483	-0.2501	0.0000
-0.4013	0.0833	-2.0000
0.0838	0.2858	0.0000
-0.3548	0.1636	0.0000
-0.0815	0.1058	-2.0000
-0.0050	-0.0683	0.0000
0.2326	-0.3131	0.0000
0.0802	-0.1713	-3.0000
-0.0279	0.0339	-2.0000
-0.2575	0.1329	-3.0000
0.1178	0.3271	0.0000
0.0130	-0.1424	-3.0000
-0.1675	-0.0610	-2.0000
-0.0962	0.2291	-3.0000
0.0201	-0.1335	0.0000
-0.1270	-0.2820	0.0000
-0.1941	-0.1337	0.0000
0.0839	-0.2177	0.0000
0.0360	0.1183	-2.0000
-0.2182	-0.0511	0.0000
-0.0048	0.0571	-2.0000
0.0628	-0.0567	-2.0000
-0.1564	-0.0205	-3.0000
0.0845	0.0882	-3.0000
-0.1887	-0.0751	0.0000
0.0151	-0.0392	-2.0000
-0.1329	0.2251	0.0000
0.1746	-0.2200	-2.0000
0.2211	0.0174	-3.0000
-0.1756	0.1461	-3.0000
-0.1593	0.0974	-3.0000
-0.0538	0.0350	-3.0000
-0.1475	-0.2712	-2.0000
0.0451	0.0038	-3.0000
-0.0140	0.2001	-2.0000
0.2458	-0.0923	0.0000
0.0158	0.1754	0.0000
-0.2528	0.0336	0.0000
0.1874	-0.1828	0.0000
-0.1096	0.0211	-3.0000
-0.1389	-0.0551	0.0000
0.1526	-0.0409	0.0000
-0.0545	0.0176	0.0000
-0.0782	-0.1482	0.0000
-0.1301	-0.0675	-3.0000
0.1702	-0.1264	0.0000
-0.1650	-0.0880	-2.0000
-0.1163	0.0616	-2.0000
-0.1034	-0.0058	0.0000
0.0518	-0.1638	-3.0000
-0.0660	-0.1444	-3.0000
-0.2370	-0.0479	0.0000
0.0618	0.1020	0.0000
0.1616	-0.0072	0.0000
-0.0817	-0.1069	-2.0000
0.1098	-0.1190	0.0000
0.0637	-0.0231	-3.0000
0.1130	-0.0632	0.0000
-0.0621	-0.1541	0.0000
-0.1158	0.0633	0.0000
0.1712	-0.2064	0.0000
-0.2486	0.0647	-3.0000
-0.1140	-0.0942	0.0000
-0.0220	-0.0893	0.0000
-0.0894	0.0082	0.0000
-0.1422	-0.0274	0.0000
-0.2836	-0.0639	-2.0000
-0.1125	0.2250	-2.0000
0.0327	-0.0988	-3.0000
-0.3565	0.0044	0.0000
0.2625	-0.2150	0.0000
-0.1281	0.0521	-2.0000
0.2251	-0.1307	0.0000
0.0688	0.2729	-3.0000
0.0594	0.0413	-2.0000
-0.2942	-0.1072	0.0000
-0.1075	0.0181	-3.0000
-0.1640	0.0758	-2.0000
0.1704	-0.0378	-2.0000
-0.1321	0.0570	-2.0000
0.0115	-0.0852	-3.0000
-0.0393	0.1450	0.0000
0.0360	-0.1177	-3.0000
0.0251	-0.0387	-3.0000
-0.0925	0.1415	0.0000
0.0411	-0.0265	-2.0000
-0.3214	0.2219	0.0000
-0.0818	0.2590	-2.0000
0.1263	0.0705	0.0000
0.0473	-0.3130	0.0000
0.0562	0.0256	-2.0000
-0.0616	0.0251	-3.0000
0.0042	-0.1361	-3.0000
0.2931	0.1370	0.0000
0.0160	-0.1375	-2.0000
-0.2191	-0.0792	-3.0000
-0.1377	-0.2165	-3.0000
0.0143	-0.1767	-2.0000
-0.0374	-0.0623	-2.0000
0.0495	-0.3432	0.0000
-0.2320	-0.0569	0.0000
0.1709	0.1752	-2.0000
0.2331	-0.0971	0.0000
0.1358	-0.0271	-3.0000
0.0851	0.1787	0.0000
-0.0783	-0.1666	-2.0000
0.1161	0.0958	-3.0000
0.0578	-0.0747	-2.0000
0.0927	-0.0991	-2.0000
0.0266	-0.2586	-2.0000
-0.0858	-0.1945	-3.0000
-0.0332	-0.1473	0.0000
0.0262	0.1044	-2.0000
0.0876	0.0272	-3.0000
0.0038	-0.0522	-2.0000
0.0258	0.2280	-2.0000
-0.0752	0.2134	-2.0000
0.0146	-0.1495	0.0000
-0.1375	0.1262	0.0000
0.0908	0.0225	-2.0000
-0.1815	-0.0178	-3.0000
-0.1139	-0.2376	-2.0000
0.2562	0.1832	-2.0000
-0.1530	-0.0071	-3.0000
-0.1102	0.1477	0.0000
-0.0424	0.1845	0.0000
-0.2359	-0.2543	-2.0000
-0.0316	0.0020	0.0000
-0.1499	-0.1194	-2.0000
-0.0374	-0.0064	-2.0000
-0.1687	0.0233	0.0000
-0.0702	0.1211	0.0000
0.1537	0.2798	-3.0000
0.2131	0.0263	0.0000
-0.0581	-0.2146	-2.0000
-0.1146	0.1964	-3.0000
0.1070	-0.0823	-3.0000
-0.2006	-0.0560	0.0000
0.2097	0.2448	0.0000
-0.2533	0.1685	-3.0000
-0.1935	-0.1959	0.0000
0.0300	-0.0595	-3.0000
-0.1459	0.2758	0.0000
-0.0878	0.1115	-3.0000
0.2909	0.0760	0.0000
0.1938	0.2209	-2.0000
-0.0410	-0.0975	0.0000
-0.3619	-0.0924	-2.0000
-0.1204	0.0347	0.0000
0.1517	0.0526	0.0000
-0.2511	-0.1393	0.0000
0.1089	0.1097	-3.0000
0.0750	0.2484	0.0000
-0.3110	0.0505	-2.0000
0.1000	0.1624	-3.0000
-0.2824	-0.0629	-3.0000
0.2637	-0.1068	-2.0000
-0.2809	0.1569	-3.0000
-0.0023	0.0109	-3.0000
0.1039	-0.1288	-2.0000
-0.0626	0.0444	0.0000
-0.1380	-0.0771	0.0000
-0.2783	0.0262	-2.0000
-0.2540	-0.0605	0.0000
0.0959	-0.1117	0.0000
-0.0821	-0.1612	0.0000
-0.1896	-0.2350	-2.0000
0.0380	0.1162	0.0000
-0.1554	-0.0496	0.0000
0.0655	0.1055	-2.0000
0.0608	-0.0093	-3.0000
0.1467	0.0195	-2.0000
-0.1073	-0.1500	-3.0000
0.0747	0.0705	-2.0000
-0.1722	0.1156	-2.0000
0.0114	0.2526	-2.0000
0.0905	0.0098	-2.0000
0.1638	0.3014	0.0000
0.2110	0.0758	-2.0000
-0.2133	0.0991	0.0000
0.2577	-0.0871	0.0000
-0.1405	-0.0176	-3.0000
-0.1039	-0.1419	0.0000
-0.3592	0.0487	-2.0000
0.0000	-0.1520	-2.0000
0.1899	0.0320	-3.0000
0.1074	0.1824	-2.0000
0.2926	0.1151	0.0000
-0.0819	0.1625	-3.0000
0.0884	0.2781	-2.0000
-0.1111	0.1262	-2.0000
0.2550	-0.2312	0.0000
0.0162	-0.1958	-2.0000
-0.2399	0.1209	0.0000
-0.2504	0.0927	-3.0000
-0.2847	-0.0477	-3.0000
-0.0702	0.1848	-3.0000
0.1942	0.1487	-2.0000
-0.0697	-0.1345	-3.0000
0.1828	0.0562	-3.0000
0.0969	0.1247	-2.0000
0.0596	-0.2334	-3.0000
0.0882	0.0867	0.0000
-0.0535	0.2231	-2.0000
-0.3480	0.2338	0.0000
0.1428	0.0992	0.0000
0.2889	-0.2223	-2.0000
-0.2700	-0.1164	0.0000
-0.1197	-0.3328	0.0000
0.0046	0.0123	-2.0000
0.0997	-0.0025	-2.0000
-0.0869	0.0982	-2.0000
0.1805	0.0421	0.0000
-0.3727	0.1145	-2.0000
-0.1048	0.1005	-3.0000
-0.0783	0.2348	0.0000
0.0457	0.1073	0.0000
0.0637	-0.1454	-3.0000
0.1442	-0.2010	-3.0000
0.0505	-0.2852	0.0000
-0.0613	0.2906	0.0000
-0.0594	-0.0236	-3.0000
-0.0128	0.0218	0.0000
0.2166	0.1081	0.0000
0.2182	0.0906	0.0000
-0.0012	0.1439	0.0000
-0.2582	-0.0450	0.0000
-0.3503	-0.1166	0.0000
0.0117	-0.2706	-2.0000
0.3224	0.0839	0.0000
0.1997	-0.1142	0.0000
-0.1338	-0.1037	-3.0000
-0.0862	0.2711	-2.0000
-0.3536	-0.0920	0.0000
0.0809	0.2993	0.0000
0.1132	0.1720	-3.0000
-0.3036	0.1480	0.0000
0.1438	-0.1639	0.0000
-0.0165	-0.0491	-3.0000
-0.0364	-0.0526	-2.0000
0.0299	-0.1685	-2.0000
0.1675	0.1151	-3.0000
-0.1526	0.1273	-3.0000
0.2973	-0.1893	-2.0000
-0.0062	0.0652	-2.0000
0.1868	-0.0982	0.0000
-0.0824	0.1908	-2.0000
0.1958	0.1536	0.0000
-0.0566	0.0614	-2.0000
0.0586	0.1168	0.0000
-0.1132	-0.0941	0.0000
-0.3100	-0.1463	0.0000
0.0816	0.1654	-2.0000
0.0224	-0.0041	-2.0000
0.0233	-0.0995	-3.0000
-0.0776	-0.1541	0.0000
0.0238	-0.1526	0.0000
0.0376	-0.1470	-3.0000
-0.0022	0.0835	-2.0000
-0.3276	-0.0941	-2.0000
-0.1458	-0.1256	-2.0000
-0.2994	0.0932	0.0000
0.0660	-0.0566	-2.0000
-0.0155	0.2368	-3.0000
-0.0149	0.1177	0.0000
-0.1296	0.1108	-3.0000
0.1359	-0.1136	0.0000
0.0827	-0.1266	-3.0000
-0.0733	-0.0588	-2.0000
0.0736	0.1079	0.0000
-0.0452	0.1169	-3.0000
0.0242	-0.1363	0.0000
-0.2641	0.1760	0.0000
-0.0836	-0.0673	0.0000
-0.2050	0.0827	-3.0000
-0.1033	-0.0029	0.0000
0.0116	-0.1808	0.0000
0.2290	-0.1409	-3.0000
-0.1857	0.1727	0.0000
0.0475	0.0142	-2.0000
0.1784	0.1952	-2.0000
-0.0858	-0.1375	-3.0000
-0.2375	-0.0821	-2.0000
-0.0384	-0.0252	0.0000
0.2215	-0.2253	0.0000
0.1141	-0.0312	-2.0000
-0.1415	0.3780	0.0000
-0.0273	0.1760	-2.0000
-0.0024	-0.0592	0.0000
0.2013	0.3183	0.0000
0.1448	-0.1050	0.0000
-0.0320	-0.0017	0.0000
-0.0871	0.3944	0.0000
-0.0360	-0.2148	0.0000
0.2000	0.1432	0.0000
0.0306	-0.1729	-3.0000
-0.1513	0.0756	0.0000
-0.2017	0.0442	-2.0000
-0.3015	-0.0098	-3.0000
-0.2220	-0.0202	0.0000
-0.0449	0.2626	0.0000
0.0138	-0.0041	-3.0000
-0.2054	0.2035	0.0000
-0.1149	0.0474	0.0000
0.1475	0.0449	-2.0000
-0.0322	0.1862	0.0000
-0.1029	-0.0914	-2.0000
0.0057	0.0947	0.0000
-0.1910	-0.1565	-2.0000
-0.0936	-0.2087	0.0000
-0.0755	0.1612	-3.0000
-0.0615	0.1156	-2.0000
-0.2597	0.2958	0.0000
-0.1121	0.0958	0.0000
-0.2716	0.2029	-2.0000
0.0258	0.1005	-2.0000
-0.0240	0.1861	0.0000
0.1021	-0.1987	-2.0000
-0.1995	-0.1181	-3.0000
0.1364	0.1117	0.0000
0.0393	-0.0637	-3.0000
-0.0800	0.1612	-2.0000
0.0336	0.0108	0.0000
-0.0591	0.0902	0.0000
-0.0489	0.0266	-3.0000
0.0569	-0.0244	-3.0000
-0.0364	-0.1504	0.0000
0.0708	-0.0551	-3.0000
-0.3430	0.1389	-2.0000
-0.1398	-0.0132	-2.0000
-0.1356	-0.1098	-3.0000
-0.0438	-0.0356	0.0000
-0.1597	0.2134	0.0000
-0.0104	0.1561	0.0000
0.3812	-0.0152	0.0000
0.0030	0.0043	0.0000
-0.1111	0.1144	0.0000
-0.3430	-0.1811	0.0000
-0.0267	0.2980	0.0000
0.1526	0.0134	-2.0000
0.0842	0.0768	-2.0000
-0.2834	0.3419	0.0000
0.2620	-0.0013	0.0000
0.0441	-0.0089	-2.0000
-0.1497	0.1724	-2.0000
-0.0159	-0.3003	-2.0000
-0.1407	-0.0472	-2.0000
-0.1110	-0.0125	0.0000
0.0645	0.0925	-2.0000
0.0213	-0.1105	-2.0000
0.1931	0.2342	-3.0000
-0.1005	0.1854	0.0000
-0.0039	0.3797	0.0000
-0.2098	0.2089	-2.0000
-0.0820	0.3636	0.0000
-0.2066	-0.2923	-2.0000
-0.1042	-0.1847	0.0000
0.1282	0.1522	-2.0000
0.0794	0.1362	-3.0000
0.1224	0.2293	-2.0000
-0.1768	-0.1415	-3.0000
0.0481	0.0981	0.0000
0.1260	0.1480	0.0000
0.1011	0.1375	0.0000
-0.2985	-0.0038	0.0000
0.0640	-0.3457	-2.0000
0.2894	-0.1927	-2.0000
-0.1223	-0.1264	-3.0000
-0.0822	0.0957	0.0000
0.2790	-0.1175	0.0000
0.2314	0.2104	-2.0000
-0.1031	-0.1574	-2.0000
0.0692	-0.1444	-2.0000
-0.2518	0.1242	-2.0000
0.1674	-0.0181	0.0000
-0.2640	-0.0102	0.0000
0.2319	-0.2509	0.0000
-0.1078	-0.1141	0.0000
-0.1366	0.2514	0.0000
0.0288	-0.0738	-2.0000
-0.3971	0.0746	0.0000
-0.1312	0.2204	-3.0000
-0.1694	-0.1631	0.0000
-0.2306	-0.1099	-3.0000
0.0112	0.0096	-2.0000
0.0215	-0.0863	-2.0000
0.2480	-0.0539	-2.0000
-0.2357	0.2522	-3.0000
-0.0973	0.0903	0.0000
0.2344	0.1767	0.0000
-0.2165	0.1004	0.0000
-0.0899	-0.0180	-3.0000
-0.3248	-0.1297	-2.0000
-0.1706	-0.0629	-2.0000
0.0022	0.0269	-2.0000
0.0996	0.1898	-3.0000
-0.0921	-0.2549	0.0000
-0.1756	0.2854	0.0000
0.0510	-0.0882	0.0000
-0.2439	-0.2224	-3.0000
-0.1246	-0.1754	0.0000
-0.0296	-0.3195	0.0000
0.2098	0.0746	0.0000
0.1771	0.0811	-3.0000
-0.2286	-0.1155	0.0000
0.2630	0.0581	0.0000
-0.3344	0.0206	-3.0000
-0.0289	0.2193	0.0000
-0.0681	0.1453	0.0000
0.1967	0.1343	-3.0000
0.1017	0.2401	-2.0000
-0.2108	0.0266	0.0000
0.0562	-0.0379	0.0000
-0.2202	0.0786	-3.0000
-0.0657	0.0388	-2.0000
0.2330	0.0657	0.0000
-0.0990	0.1179	-3.0000
0.1758	-0.0153	-3.0000
-0.2921	-0.2046	0.0000
-0.2893	-0.0398	-2.0000
-0.0169	0.1937	0.0000
-0.2543	0.0300	0.0000
-0.3376	0.0621	-3.0000
-0.1416	0.2336	-2.0000
0.1487	-0.3642	0.0000
0.0540	-0.1337	0.0000
-0.2129	-0.1748	-3.0000
-0.0498	-0.0625	0.0000
-0.0421	-0.2603	0.0000
-0.0343	-0.0962	0.0000
-0.0832	0.0993	-2.0000
-0.1568	-0.1629	0.0000
-0.1389	-0.0701	-3.0000
0.0819	0.0197	0.0000
-0.0132	-0.1881	-3.0000
-0.0915	-0.0514	0.0000
-0.0480	0.1090	-2.0000
-0.2567	0.0520	-2.0000
0.2613	-0.0950	0.0000
0.3447	0.0295	0.0000
-0.0629	0.1314	-2.0000
0.0127	-0.3732	-2.0000
-0.0985	0.0357	-3.0000
-0.0735	-0.0106	0.0000
-0.1635	-0.2235	0.0000
0.1939	-0.3363	0.0000
0.2877	0.1110	-2.0000
-0.2316	-0.2151	0.0000
-0.3428	-0.1993	-2.0000
-0.0589	-0.0598	0.0000
-0.0909	0.2053	-3.0000
-0.0630	-0.0942	-3.0000
-0.1351	0.2769	0.0000
-0.0273	0.0350	-3.0000
-0.0360	-0.0232	0.0000
-0.0243	0.0783	-2.0000
-0.0177	-0.0406	-2.0000
-0.3693	0.2096	0.0000
0.0431	-0.0518	-2.0000
-0.0056	-0.0304	0.0000
0.2099	0.1806	0.0000
-0.1186	-0.2669	0.0000
0.1220	-0.1717	0.0000
-0.0708	0.2018	-2.0000
-0.1526	0.1331	0.0000
-0.1203	-0.1230	0.0000
-0.2632	0.2053	-2.0000
-0.0206	-0.0576	0.0000
0.2942	-0.0016	0.0000
-0.2020	0.2197	0.0000
-0.0442	0.1222	0.0000
-0.3278	-0.0600	0.0000
0.0657	0.0849	-3.0000
-0.1181	-0.1297	-3.0000
0.1797	-0.0652	-3.0000
0.1327	0.1167	0.0000
-0.0666	0.0572	-2.0000
0.1616	-0.0877	0.0000
-0.1947	-0.1982	-3.0000
0.0969	0.2050	-2.0000
-0.0988	0.0481	-2.0000
-0.0351	0.1575	-2.0000
-0.0647	0.1552	0.0000
-0.0302	0.0558	0.0000
0.0867	0.0434	-2.0000
0.0026	0.0421	-3.0000
0.0108	-0.1079	0.0000
-0.1465	0.0585	-2.0000
-0.2481	0.0605	-3.0000
-0.0382	-0.2329	0.0000
0.0596	-0.0270	0.0000
-0.1130	0.1059	-2.0000
0.1640	0.2839	0.0000
0.0276	-0.0910	-3.0000
0.0488	0.0222	-2.0000
0.1032	0.2513	0.0000
-0.0522	-0.0327	0.0000
0.1821	-0.1221	0.0000
-0.2212	-0.1794	-3.0000
-0.3750	-0.1104	-2.0000
0.0566	0.1977	-2.0000
-0.0973	0.1495	0.0000
0.0359	-0.1135	0.0000
0.1943	0.1400	-2.0000
0.2473	0.1558	0.0000
-0.1218	0.1512	0.0000
-0.0406	-0.3631	-2.0000
-0.1844	-0.1726	-3.0000
-0.1161	-0.0136	-2.0000
0.2770	0.0275	-3.0000
-0.0641	0.1030	-2.0000
0.1132	-0.0261	0.0000
0.1190	-0.0061	0.0000
-0.0488	0.0512	-3.0000
0.3103	0.1377	-2.0000
0.0641	-0.1114	-2.0000
-0.1683	-0.0441	-2.0000
0.0551	0.3403	0.0000
-0.3869	-0.0276	0.0000
-0.2357	0.1057	-2.0000
-0.0708	0.1215	-2.0000
0.0499	0.0233	0.0000
-0.2428	0.3645	0.0000
-0.1796	0.0511	0.0000
-0.1042	0.0314	-3.0000
-0.1368	0.0890	-2.0000
-0.0715	-0.2664	-2.0000
-0.0325	-0.0174	-3.0000
-0.0311	0.2117	0.0000
-0.3376	0.2641	0.0000
-0.0907	0.1765	0.0000
-0.0211	-0.0569	0.0000
-0.1219	-0.0538	0.0000
-0.1334	-0.0855	0.0000
-0.1530	-0.1432	-3.0000
-0.1127	-0.1914	0.0000
0.1711	-0.1240	-2.0000
-0.0463	0.0038	0.0000
-0.1652	0.2307	0.0000
0.0081	-0.0583	-2.0000
0.3366	0.1084	0.0000
0.1801	0.1080	-2.0000
-0.0508	-0.1775	0.0000
-0.0693	0.1031	-3.0000
0.1926	0.2100	-2.0000
-0.2596	-0.1392	0.0000
0.0884	0.0809	-2.0000
-0.1720	0.4216	0.0000
0.0527	-0.0108	0.0000
-0.2081	-0.0740	0.0000
-0.1563	0.2857	0.0000
-0.0779	0.0852	-2.0000
0.2798	-0.0634	0.0000
-0.0468	0.3882	0.0000
-0.0103	0.1652	-3.0000
-0.0342	-0.0040	-3.0000
-0.0059	0.0683	0.0000
0.2094	0.1336	-2.0000
-0.0238	-0.0726	-2.0000
-0.0541	-0.0949	-3.0000
-0.0503	-0.0676	0.0000
-0.0444	0.0437	0.0000
-0.0491	-0.1421	-2.0000
0.0813	0.1491	-2.0000
-0.1017	-0.0230	0.0000
0.0733	0.2341	-2.0000
-0.2942	-0.0770	-2.0000
-0.2563	0.0937	0.0000
0.1011	-0.0135	0.0000
-0.2572	-0.0838	0.0000
0.0227	0.1790	0.0000
0.1683	0.0187	-3.0000
-0.2041	-0.2113	-2.0000
0.1868	0.3812	0.0000
-0.1602	0.0645	0.0000
0.1770	-0.0794	-2.0000
0.0553	-0.0374	-3.0000
-0.1182	-0.0988	0.0000
0.0460	-0.1261	-2.0000
-0.0878	0.2832	-3.0000
0.2085	0.1537	-2.0000
0.1101	0.1222	-2.0000
0.2150	0.0082	-3.0000
-0.0307	0.2869	-3.0000
-0.1745	0.0074	0.0000
0.1203	-0.0839	-3.0000
-0.0393	-0.1673	-2.0000
-0.0436	0.1663	0.0000
-0.2212	0.0010	0.0000
0.0838	0.1874	-2.0000
-0.2711	-0.1692	-2.0000
-0.1404	-0.0455	-3.0000
0.0561	-0.0778	-3.0000
0.0531	-0.1012	0.0000
0.0755	0.2534	-2.0000
0.0802	-0.0004	0.0000
-0.2100	-0.0185	-2.0000
-0.0046	-0.0967	-2.0000
-0.0975	0.0155	0.0000
0.0020	-0.1371	0.0000
0.1187	-0.0638	0.0000
0.0721	-0.0338	0.0000
0.1196	-0.1632	-2.0000
-0.2376	-0.0839	0.0000
0.2470	-0.0057	-3.0000
0.0923	0.1807	-2.0000
0.0671	-0.3195	0.0000
0.0034	0.0189	-3.0000
0.2097	0.0525	-2.0000
0.2141	0.1705	0.0000
0.1055	-0.3069	0.0000
-0.0043	-0.1307	0.0000
0.1691	-0.0032	0.0000
-0.1279	0.0557	0.0000
-0.1127	-0.0300	-3.0000
-0.0294	0.0999	0.0000
-0.0235	-0.1365	-2.0000
-0.2534	-0.0053	0.0000
0.1850	-0.0789	0.0000
-0.0997	-0.0976	0.0000
0.0211	-0.2680	-2.0000
-0.0069	-0.1457	-2.0000
0.1049	0.0423	0.0000
0.1149	0.3748	0.0000
0.0667	0.0281	-3.0000
0.0562	-0.2745	0.0000
0.0310	-0.1656	-2.0000
0.1312	-0.1605	-2.0000
0.0655	0.1179	0.0000
0.1544	0.2798	0.0000
0.1153	-0.2081	-2.0000
-0.0986	-0.0760	0.0000
-0.1440	0.2987	-3.0000
0.1973	-0.2292	-2.0000
-0.0411	0.0393	-2.0000
0.0100	0.1651	-3.0000
-0.0584	-0.0017	0.0000
-0.1770	0.0391	0.0000
0.0545	0.2409	-3.0000
-0.0077	0.1235	-3.0000
-0.1648	0.0177	-3.0000
-0.0867	-0.1287	-3.0000
-0.1038	-0.0690	-3.0000
-0.0070	-0.2138	-3.0000
0.0523	0.3020	0.0000
-0.1826	-0.0595	-3.0000
0.0624	0.0693	-3.0000
-0.1876	0.0293	-3.0000
0.0081	0.1035	-3.0000
0.1882	0.0115	-3.0000
0.2117	-0.0311	-3.0000
-0.2211	-0.0618	-3.0000
0.2037	-0.2090	0.0000
-0.0594	-0.2545	0.0000
0.0128	-0.1306	-3.0000
-0.2448	0.1742	-3.0000
-0.0210	0.1993	-3.0000
0.0747	0.1167	-3.0000
0.0756	0.2987	-3.0000
0.0365	-0.0940	-3.0000
-0.1016	0.0849	0.0000
-0.0994	-0.1184	-3.0000
0.0418	0.2195	-3.0000
-0.0255	-0.3982	0.0000
0.0377	-0.1652	0.0000
-0.2868	-0.0863	0.0000
-0.0027	0.1900	0.0000
-0.1239	0.0892	-3.0000
-0.1802	0.0683	-3.0000
0.1997	0.2120	-3.0000
-0.0849	0.0426	0.0000
-0.0646	-0.1667	-3.0000
-0.0826	-0.0925	-3.0000
-0.1075	-0.1211	-3.0000
-0.0699	-0.0246	-3.0000
-0.1532	-0.2984	-3.0000
0.3217	0.1452	0.0000
-0.2057	0.1056	0.0000
-0.1055	0.2950	0.0000
-0.0374	0.3087	-3.0000
-0.3088	-0.0579	0.0000
-0.1030	0.1180	-3.0000
-0.1941	0.1439	-3.0000
-0.3052	-0.0223	0.0000
-0.1490	-0.1960	-3.0000
-0.2401	0.0184	0.0000
0.1201	0.3186	-3.0000
0.2635	-0.0075	-3.0000
0.0014	0.0172	-3.0000
-0.0010	0.2638	-3.0000
0.1275	0.1907	0.0000
0.1129	-0.1313	0.0000
-0.0697	0.0379	-3.0000
-0.0644	-0.0974	-3.0000
-0.0204	-0.0484	-3.0000
-0.1344	0.0959	-3.0000
0.0667	0.0341	-3.0000
0.0682	0.0788	-3.0000
0.0112	-0.0000	-3.0000
0.0664	-0.1966	-3.0000
-0.0848	-0.0370	-3.0000
-0.0685	0.1864	0.0000
0.1412	0.1714	-3.0000
0.0319	0.2466	0.0000
0.0455	0.2677	0.0000
-0.1075	0.1335	-3.0000
-0.1675	-0.2221	-3.0000
0.0222	-0.1472	-3.0000
0.0088	0.1011	0.0000
0.1398	-0.2500	0.0000
-0.0512	0.0186	-3.0000
0.2718	0.0746	0.0000
0.0419	0.2895	-3.0000
-0.1508	-0.2695	-3.0000
-0.2559	0.1095	-3.0000
0.2028	-0.0022	-3.0000
0.0531	0.0425	-3.0000
-0.2129	-0.0975	-3.0000
-0.1550	0.0288	-3.0000
0.0066	-0.0679	-3.0000
-0.2009	0.0865	-3.0000
0.0136	-0.1960	-3.0000
-0.0767	-0.2184	-3.0000
0.1807	-0.1759	0.0000
0.0070	0.0035	0.0000
0.0859	-0.2736	-3.0000
0.2374	-0.1550	0.0000
-0.1488	0.1160	-3.0000
-0.2485	0.1849	-3.0000
-0.0028	0.0588	0.0000
-0.1135	-0.0212	0.0000
-0.0531	0.1727	-3.0000
0.0403	0.0427	0.0000
0.1806	-0.0639	0.0000
-0.0238	-0.0508	-3.0000
0.1578	0.1288	-3.0000
0.2441	-0.2027	-3.0000
0.1263	0.2947	-3.0000
-0.3605	0.1464	-3.0000
-0.2105	0.1671	0.0000
0.1118	-0.0532	-3.0000
-0.0596	0.0048	-3.0000
0.0366	0.1875	0.0000
0.1506	0.1254	-3.0000
0.1806	-0.0849	-3.0000
0.0372	-0.0381	-3.0000
0.1313	-0.3596	0.0000
-0.2297	-0.3365	0.0000
0.1522	-0.0125	0.0000
0.1657	0.1594	-3.0000
-0.1020	-0.0332	-3.0000
-0.2023	-0.0839	-3.0000
0.0236	-0.1808	-3.0000
-0.0326	0.0096	-3.0000
0.1983	0.0331	-3.0000
-0.2013	0.1846	0.0000
0.0171	0.2606	0.0000
0.3287	0.0242	-3.0000
-0.0721	-0.1354	-3.0000
-0.1513	0.0125	0.0000
-0.2288	0.0970	-3.0000
-0.1595	-0.0300	0.0000
0.0061	0.0826	0.0000
-0.0688	-0.0789	0.0000
0.1728	0.0282	-3.0000
-0.1578	-0.1124	0.0000
-0.0636	0.2722	0.0000
0.0672	-0.0212	-3.0000
0.3281	-0.0007	0.0000
0.0733	-0.0581	-3.0000
-0.0955	0.1631	-3.0000
-0.1943	0.0907	-3.0000
-0.0672	0.1573	0.0000
-0.0885	0.2275	-3.0000
0.0154	-0.0689	-3.0000
-0.2002	-0.1366	-3.0000
0.0115	-0.1708	0.0000
-0.2331	0.2262	-1.0000
-0.0025	-0.1184	-3.0000
0.0870	0.0401	0.0000
0.2582	0.2281	-1.0000
0.0328	0.1586	-3.0000
-0.0472	0.0081	-1.0000
0.1102	0.0614	0.0000
0.1297	-0.0699	-3.0000
-0.1181	0.0005	-3.0000
0.0665	-0.0395	0.0000
-0.0277	0.0035	-3.0000
-0.1551	-0.2693	0.0000
0.0617	-0.0565	0.0000
-0.1135	-0.0047	0.0000
0.2701	0.0636	-1.0000
0.0935	0.2017	0.0000
-0.0770	-0.0926	-1.0000
0.1860	-0.1543	0.0000
0.2022	-0.0602	-1.0000
0.2000	-0.2763	-1.0000
-0.1738	-0.1176	0.0000
-0.0989	0.3153	0.0000
0.1524	-0.0194	-3.0000
0.1196	-0.1347	0.0000
-0.2312	-0.1557	0.0000
0.0141	0.0060	0.0000
0.0374	-0.1888	0.0000
-0.1945	-0.2798	0.0000
0.0987	0.1037	0.0000
-0.0294	0.0565	-1.0000
0.1626	-0.2551	-3.0000
0.1737	0.0685	-1.0000
-0.0724	-0.0193	-1.0000
0.2406	-0.1529	0.0000
-0.0849	-0.0229	0.0000
-0.0907	-0.1209	0.0000
0.0355	-0.0925	-3.0000
-0.0607	-0.3034	0.0000
-0.0758	-0.0631	0.0000
-0.1608	0.0533	-3.0000
0.0142	-0.0491	-1.0000
-0.1162	0.1168	0.0000
-0.0405	-0.0706	0.0000
-0.2234	-0.2980	-1.0000
-0.2202	0.1665	0.0000
-0.1894	-0.0536	-1.0000
0.2503	-0.1654	0.0000
0.0052	-0.0802	-3.0000
0.0915	-0.1605	-1.0000
-0.2486	0.0284	-1.0000
-0.1873	0.1005	0.0000
0.0959	0.0089	-3.0000
-0.0237	-0.0358	-1.0000
-0.2089	0.0092	0.0000
-0.0653	0.1315	-3.0000
0.1078	0.1549	0.0000
0.0022	0.2415	0.0000
0.0971	0.2379	0.0000
0.2071	0.0590	-1.0000
0.0942	-0.2577	0.0000
-0.1432	-0.0896	0.0000
-0.1720	0.0744	-1.0000
-0.1445	-0.0566	-1.0000
0.0665	-0.2597	0.0000
0.1730	-0.1585	0.0000
0.1458	0.0236	0.0000
-0.0171	0.1910	0.0000
0.0427	-0.0544	-3.0000
-0.2503	-0.0160	-3.0000
0.2568	0.1264	0.0000
0.1351	-0.0197	-1.0000
0.0778	0.1757	-1.0000
0.0267	-0.0710	-3.0000
0.0144	0.0603	-1.0000
0.2986	0.0705	0.0000
-0.0350	-0.2439	-1.0000
-0.1391	-0.0109	-3.0000
-0.1703	-0.2333	-1.0000
-0.0465	-0.0226	0.0000
-0.0668	-0.0501	-3.0000
0.1440	0.0435	-3.0000
-0.0869	-0.2657	0.0000
-0.2070	0.0701	-1.0000
-0.3116	0.1619	0.0000
0.3671	-0.0410	0.0000
-0.0033	0.1842	-1.0000
-0.3596	0.0165	-1.0000
-0.0839	0.1731	-1.0000
-0.1579	0.0454	-1.0000
-0.1391	-0.1258	0.0000
-0.0591	0.1625	-3.0000
0.0664	0.0430	-3.0000
0.0774	-0.1940	-3.0000
-0.3162	-0.2393	0.0000
0.1126	0.0196	0.0000
0.1731	-0.2638	0.0000
0.0251	0.1035	0.0000
-0.1300	-0.0393	-3.0000
0.1801	-0.0176	0.0000
0.0878	0.2163	0.0000
0.0324	0.0490	-3.0000
-0.0508	0.1362	0.0000
-0.0716	-0.0237	0.0000
-0.0716	-0.1864	-1.0000
0.0413	-0.0610	0.0000
-0.0212	-0.2037	0.0000
0.0451	-0.2658	-1.0000
-0.0770	0.1807	0.0000
0.0905	-0.2641	-1.0000
-0.2970	0.0232	-3.0000
-0.3359	-0.0401	-1.0000
-0.0888	0.2418	0.0000
0.1755	-0.0604	-1.0000
0.0608	-0.0054	-3.0000
0.1990	0.1862	-3.0000
-0.2028	0.1812	0.0000
-0.2640	0.0707	0.0000
0.0975	0.0195	-1.0000
0.0362	-0.0618	-3.0000
-0.2290	-0.2753	-1.0000
-0.1119	-0.1938	-1.0000
0.0141	0.2765	0.0000
-0.0768	0.1120	0.0000
0.0555	0.1594	0.0000
0.0415	0.0563	-3.0000
0.0312	0.0542	0.0000
-0.1017	0.1888	-1.0000
0.1892	-0.0022	0.0000
0.0643	0.0657	-1.0000
-0.1664	-0.0373	-1.0000
-0.2308	0.2366	-1.0000
0.0726	0.1258	-3.0000
0.0106	0.0547	-1.0000
0.1778	0.0564	-1.0000
-0.1408	0.1026	-3.0000
0.0488	0.1154	-3.0000
-0.1058	-0.1868	0.0000
0.1083	0.1393	0.0000
0.0118	0.0029	-3.0000
0.0827	-0.0894	-3.0000
-0.1238	-0.0560	-3.0000
0.0364	0.1488	0.0000
-0.3948	0.1509	0.0000
-0.0875	-0.1002	0.0000
-0.0984	0.0436	0.0000
-0.1698	0.2025	-3.0000
-0.0380	-0.2157	0.0000
-0.1830	-0.0201	-3.0000
0.1121	0.0523	0.0000
0.0694	-0.0783	-1.0000
0.2663	0.0357	-1.0000
0.0334	-0.1183	-3.0000
-0.0322	-0.1598	-1.0000
0.0820	0.1665	0.0000
-0.0338	0.2883	-1.0000
-0.1412	0.1964	0.0000
0.0036	-0.0674	-1.0000
0.0635	-0.0451	-3.0000
-0.2251	0.0247	-1.0000
0.1999	-0.2016	0.0000
0.1308	0.2670	0.0000
-0.0061	-0.1374	0.0000
-0.0533	0.0895	-3.0000
-0.0610	0.1143	-3.0000
-0.2904	-0.2095	0.0000
0.0111	-0.1420	0.0000
-0.2475	-0.1387	-1.0000
-0.1256	-0.0264	-3.0000
-0.1893	-0.2872	0.0000
0.0302	0.0497	0.0000
-0.0013	0.1153	-3.0000
0.1084	0.1128	0.0000
-0.0359	-0.1166	-1.0000
-0.1085	-0.0847	0.0000
-0.1531	0.2952	0.0000
0.1011	-0.0307	-3.0000
-0.0594	-0.0141	0.0000
-0.0629	-0.0101	-3.0000
-0.2599	-0.0218	-3.0000
-0.0088	0.2481	0.0000
-0.0272	-0.1553	0.0000
-0.0124	-0.1193	0.0000
0.1678	0.1827	-1.0000
-0.0692	0.2051	0.0000
-0.1764	-0.1774	-1.0000
0.0354	0.0231	0.0000
-0.1256	0.1341	0.0000
-0.2716	0.1171	0.0000
0.2417	0.1842	0.0000
0.2104	-0.0811	-1.0000
0.0070	0.2061	-1.0000
0.2214	-0.2385	-1.0000
0.1691	-0.1111	0.0000
-0.2672	-0.1750	-1.0000
0.0949	0.1589	0.0000
-0.0547	0.0913	0.0000
-0.1279	-0.3666	0.0000
0.0319	-0.1707	-3.0000
0.0159	-0.3172	-1.0000
-0.1839	0.1078	-1.0000
0.0588	0.2702	-3.0000
-0.0444	0.2282	-3.0000
-0.0593	-0.0676	-1.0000
-0.2511	0.0740	-3.0000
-0.1162	0.2087	-2.0000
0.1098	0.2365	-1.0000
-0.1580	-0.0464	-1.0000
-0.0137	-0.1069	-1.0000
-0.2696	0.0052	-1.0000
-0.3427	0.0389	-1.0000
0.1168	-0.0060	-3.0000
-0.0143	-0.0081	-1.0000
0.1852	0.1266	-1.0000
-0.0007	0.2577	-3.0000
-0.0280	0.0021	-1.0000
-0.0516	0.0137	-1.0000
0.0469	-0.1434	-1.0000
0.2545	-0.1552	-1.0000
-0.0745	0.1319	-1.0000
-0.0044	0.1852	-1.0000
-0.0672	0.1221	-1.0000
0.0927	0.0306	-1.0000
0.0128	0.0562	-1.0000
0.2256	0.0236	-1.0000
0.2663	0.0041	-1.0000
-0.2803	0.0244	-1.0000
0.0625	0.1289	-1.0000
0.1337	0.0546	-1.0000
0.0037	-0.2083	-1.0000
0.1731	-0.3278	-1.0000
0.0710	-0.1096	-1.0000
0.0385	-0.1740	-1.0000
0.0422	-0.0009	-1.0000
-0.0402	-0.0411	-1.0000
0.2418	0.0028	-1.0000
-0.1753	0.0642	-1.0000
-0.1112	0.1451	-3.0000
0.0934	0.0081	-1.0000
0.0675	0.3152	-3.0000
-0.0610	0.0622	-1.0000
-0.0766	-0.0513	-1.0000
-0.0198	-0.1200	-3.0000
0.2274	0.1526	-1.0000
-0.1349	0.1569	-1.0000
-0.3102	0.1863	-3.0000
0.0295	0.1404	-1.0000
-0.1254	0.1624	-1.0000
0.1887	-0.2076	-1.0000
-0.1442	0.3922	-1.0000
-0.2351	0.1058	-1.0000
0.2884	0.0319	-1.0000
-0.0027	0.0961	-1.0000
0.1249	-0.0947	-3.0000
0.1035	-0.0140	-1.0000
-0.0381	0.0226	-3.0000
-0.0259	0.0585	-1.0000
0.1224	0.3381	-1.0000
-0.2889	0.2094	-1.0000
-0.0185	0.0064	-1.0000
-0.0767	0.2463	-3.0000
-0.0548	-0.1039	-1.0000
0.0657	-0.2093	-1.0000
-0.1809	-0.0888	-1.0000
-0.0880	-0.0585	-1.0000
-0.3472	0.1097	-1.0000
0.0807	0.1053	-1.0000
-0.0595	-0.1524	-1.0000
0.3130	0.0020	-1.0000
0.0919	-0.1260	-1.0000
-0.1114	-0.0191	-1.0000
0.0869	0.0284	-1.0000
0.0361	-0.0515	-1.0000
-0.2744	0.0424	-1.0000
0.0673	-0.1843	-1.0000
0.0351	0.1754	-1.0000
0.0268	0.1868	-1.0000
-0.0557	0.3162	-1.0000
-0.0570	0.0483	-3.0000
-0.0476	-0.2331	-1.0000
-0.1989	-0.1838	-1.0000
-0.1079	0.0909	-1.0000
-0.1865	0.0643	-1.0000
-0.0713	0.1123	-1.0000
0.0301	-0.0745	-1.0000
0.0444	-0.0151	-1.0000
-0.0280	-0.0821	-3.0000
0.0508	0.0596	-1.0000
0.0028	0.0053	-1.0000
-0.0082	-0.0475	-3.0000
-0.3410	-0.0914	-1.0000
0.0471	-0.1785	-1.0000
-0.0983	0.1560	-1.0000
-0.1413	-0.0904	-1.0000
0.0474	0.1832	-1.0000
0.1524	0.2718	-1.0000
0.0722	0.0883	-3.0000
-0.2610	0.0002	-1.0000
-0.0873	0.0538	-3.0000
-0.2569	-0.0771	-1.0000
-0.1181	0.0752	-1.0000
0.0612	-0.1136	-1.0000
-0.2433	0.0407	-1.0000
0.0532	-0.0419	-3.0000
0.0028	0.0879	-1.0000
-0.2002	-0.2271	-1.0000
0.0028	-0.1093	-1.0000
0.0163	-0.0908	-3.0000
-0.0772	0.1405	-1.0000
0.0362	-0.1708	-1.0000
0.1607	0.2208	-3.0000
0.0949	0.2469	-3.0000
-0.2487	-0.0786	-1.0000
-0.0097	-0.1335	-1.0000
0.2262	-0.1620	-1.0000
0.1778	0.0566	-1.0000
-0.0896	0.1497	-1.0000
-0.0629	0.1463	-1.0000
0.1487	0.0881	-1.0000
-0.1351	-0.0631	-1.0000
-0.0191	0.1898	-1.0000
0.2136	-0.1405	-1.0000
-0.1053	-0.1456	-3.0000
-0.1551	-0.1103	-1.0000
-0.3112	0.0835	-1.0000
0.0079	0.0968	-1.0000
-0.0011	-0.1088	-3.0000
-0.0890	0.0655	-1.0000
-0.2857	0.1549	-1.0000
0.0005	-0.0964	-2.0000
0.1127	-0.1361	-3.0000
-0.0664	-0.0547	-3.0000
-0.1222	-0.2805	-1.0000
0.1316	-0.0424	-3.0000
-0.0839	0.1239	-2.0000
-0.0098	0.1574	-3.0000
-0.2026	-0.0831	-3.0000
0.1417	-0.1910	-1.0000
-0.0428	-0.0172	-1.0000
-0.0862	0.1656	-3.0000
-0.0395	0.0510	-2.0000
-0.1307	-0.0200	-3.0000
0.0348	0.3401	-1.0000
0.1123	0.0374	-1.0000
0.0908	0.0444	-2.0000
-0.1123	-0.0032	-1.0000
0.1484	-0.0248	-1.0000
-0.2178	-0.1295	-2.0000
-0.3261	0.2407	-2.0000
0.2715	0.0782	-1.0000
0.0067	0.0859	-1.0000
-0.1076	-0.0761	-3.0000
-0.3479	0.0652	-2.0000
-0.0588	0.2520	-1.0000
-0.2443	-0.0440	-1.0000
-0.1033	0.0820	-3.0000
0.0169	-0.2542	-2.0000
0.1418	0.0932	-3.0000
0.1418	0.0933	-1.0000
-0.1643	0.1695	-1.0000
-0.2509	-0.0318	-1.0000
-0.0820	0.0640	-2.0000
0.0122	0.2103	-2.0000
0.3020	0.1670	-1.0000
-0.0083	-0.1569	-1.0000
0.0523	-0.0899	-3.0000
-0.2306	0.0988	-3.0000
0.0433	-0.1551	-1.0000
-0.0315	-0.0212	-1.0000
-0.0686	0.0689	-1.0000
-0.0795	-0.1989	-2.0000
0.0745	0.0711	-2.0000
-0.2480	-0.1395	-2.0000
0.0292	-0.0891	-1.0000
0.2328	-0.0996	-2.0000
0.0316	-0.0466	-3.0000
-0.0846	-0.0458	-1.0000
-0.3346	-0.0079	-1.0000
-0.0447	0.0789	-2.0000
0.0425	0.0476	-1.0000
0.1969	-0.1147	-1.0000
-0.2224	0.0342	-2.0000
0.0568	0.0926	-1.0000
0.0149	0.0595	-2.0000
-0.0076	-0.2019	-3.0000
0.3057	-0.1402	-2.0000
0.0314	-0.0537	-3.0000
-0.0735	-0.2218	-3.0000
0.2785	0.2371	-1.0000
-0.1122	0.0571	-1.0000
0.0747	-0.1020	-1.0000
0.1285	0.3138	-1.0000
-0.0357	-0.0414	-1.0000
-0.1289	-0.3353	-1.0000
-0.0441	-0.3464	-1.0000
0.0115	-0.1409	-1.0000
-0.1598	-0.0701	-3.0000
-0.0570	0.1662	-3.0000
0.1151	0.1616	-2.0000
0.0069	0.1732	-2.0000
-0.0667	0.2642	-2.0000
-0.1282	0.1592	-1.0000
-0.1668	0.0375	-3.0000
0.1615	0.0544	-3.0000
-0.0665	0.1384	-2.0000
0.1146	0.0421	-3.0000
-0.2502	0.0768	-1.0000
0.2606	-0.1259	-2.0000
0.0015	0.1506	-3.0000
-0.0133	-0.1463	-1.0000
0.1720	0.0508	-1.0000
-0.1743	-0.0594	-3.0000
-0.3040	-0.1312	-1.0000
0.0642	0.1115	-2.0000
-0.3353	-0.1283	-1.0000
-0.0370	0.1346	-1.0000
-0.0721	0.2409	-1.0000
-0.0548	0.1300	-3.0000
-0.0639	-0.0444	-1.0000
-0.3038	-0.1869	-1.0000
-0.3091	0.0479	-2.0000
-0.0148	0.2741	-3.0000
-0.0611	-0.1807	-1.0000
0.2560	-0.1193	-1.0000
0.0882	-0.1741	-2.0000
-0.0192	-0.1135	-2.0000
0.0826	0.3088	-1.0000
-0.1610	-0.2125	-2.0000
0.0150	-0.0431	-1.0000
-0.0038	-0.1319	-1.0000
-0.1765	-0.1500	-2.0000
-0.1250	-0.1890	-3.0000
0.1170	0.1597	-2.0000
0.1062	-0.0118	-2.0000
-0.0560	-0.1213	-3.0000
-0.0670	0.0177	-1.0000
-0.0170	0.0821	-2.0000
-0.0011	0.2605	-2.0000
-0.3225	-0.0322	-1.0000
-0.2428	0.1250	-1.0000
0.0360	-0.2944	-2.0000
0.0268	0.0378	-3.0000
-0.1813	-0.1397	-1.0000
-0.1197	0.1024	-1.0000
-0.3491	0.0256	-3.0000
0.1027	-0.0652	-1.0000
0.1143	-0.1877	-1.0000
0.0079	-0.0001	-3.0000
0.0644	-0.2811	-2.0000
0.2088	-0.2617	-1.0000
-0.1566	-0.1874	-1.0000
-0.1119	-0.2930	-2.0000
-0.0577	-0.1654	-3.0000
0.0416	0.0304	-3.0000
-0.1513	0.0167	-1.0000
-0.0384	0.0829	-1.0000
0.0393	-0.0283	-2.0000
0.1693	-0.1558	-3.0000
0.1114	0.1866	-1.0000
-0.1327	-0.1694	-2.0000
0.0076	-0.0675	-1.0000
0.0254	-0.0202	-3.0000
-0.2101	0.0878	-3.0000
0.0891	-0.1472	-1.0000
0.1884	-0.2182	-2.0000
-0.1623	-0.0236	-2.0000
0.1621	-0.0024	-1.0000
-0.3170	-0.2279	-1.0000
-0.2336	-0.1087	-2.0000
0.2084	0.2538	-2.0000
-0.1379	-0.2747	-3.0000
-0.3106	0.0616	-1.0000
0.0470	-0.0000	-1.0000
0.0432	-0.2436	-1.0000
0.0174	-0.1693	-1.0000
0.0134	-0.2314	-2.0000
-0.2369	0.2113	-3.0000
-0.1897	0.1105	-1.0000
0.1156	0.0197	-2.0000
-0.0076	0.0397	-2.0000
-0.3943	-0.0227	-1.0000
0.1430	-0.2917	-2.0000
-0.0445	0.0111	-3.0000
0.0850	-0.1040	-2.0000
0.0610	-0.0983	-1.0000
-0.1649	-0.1691	-2.0000
0.0711	0.0768	-3.0000
-0.1578	0.3755	-1.0000
-0.0733	0.2230	-3.0000
0.1745	-0.0538	-2.0000
-0.2350	-0.2680	-2.0000
-0.2232	-0.0165	-2.0000
0.0040	-0.0828	-2.0000
0.0714	-0.0408	-1.0000
0.1353	-0.0750	-1.0000
0.0775	0.0484	-3.0000
-0.1026	0.0294	-2.0000
0.1194	-0.1820	-1.0000
-0.1897	0.1650	-2.0000
-0.0953	0.1244	-1.0000
-0.1725	0.0387	-2.0000
-0.0596	-0.1287	-3.0000
-0.3220	0.0444	-1.0000
0.2432	0.0365	-1.0000
0.0070	-0.1809	-2.0000
0.0072	0.0035	-3.0000
0.0669	0.0049	-2.0000
-0.0043	-0.1407	-2.0000
-0.2709	0.0425	-2.0000
0.1311	0.2991	-1.0000
-0.1491	0.1218	-2.0000
-0.3601	-0.0420	-1.0000
-0.0322	0.0703	-1.0000
0.0329	-0.1089	-3.0000
-0.0749	0.0065	-3.0000
-0.2219	0.3490	-1.0000
-0.0822	0.3111	-2.0000
0.2318	-0.0379	-2.0000
-0.2617	-0.0832	-3.0000
-0.1745	-0.0462	-2.0000
-0.0946	-0.2149	-1.0000
-0.2211	0.0971	-2.0000
0.0641	-0.0781	-3.0000
-0.0728	-0.0803	-1.0000
0.0429	0.2349	-1.0000
-0.0407	0.0543	-1.0000
0.1285	0.1312	-1.0000
-0.0821	-0.0827	-2.0000
0.1695	-0.0998	-2.0000
-0.0252	0.1099	-1.0000
-0.0110	-0.0874	-1.0000
0.0133	-0.0735	-2.0000
-0.2356	0.0552	-3.0000
0.1561	-0.0803	-1.0000
0.1704	-0.0679	-1.0000
-0.1824	-0.1491	-1.0000
-0.1665	0.1581	-3.0000
-0.0527	-0.2678	-1.0000
-0.1252	0.1236	-1.0000
0.2643	0.1688	-1.0000
-0.2522	-0.2733	-2.0000
-0.0598	0.0124	-2.0000
0.0925	-0.2120	-1.0000
0.2154	-0.2380	-2.0000
0.0385	-0.2303	-1.0000
-0.0548	-0.2940	-1.0000
-0.0552	-0.0065	-2.0000
-0.2494	0.1548	-1.0000
0.1618	0.3421	-1.0000
0.0171	0.2246	-2.0000
-0.0843	-0.2303	-1.0000
-0.0065	0.0911	-1.0000
-0.0767	0.1955	-1.0000
-0.0448	-0.2764	-1.0000
0.0912	-0.0662	-2.0000
0.1599	0.1987	-3.0000
0.1444	0.2487	-2.0000
0.1206	-0.0226	-1.0000
-0.0409	0.1076	-3.0000
-0.0784	-0.0518	-1.0000
-0.2286	0.3051	-1.0000
0.1146	-0.0014	-2.0000
0.0047	0.0031	-3.0000
0.0029	0.1868	-3.0000
-0.3159	-0.0204	-1.0000
-0.0124	-0.1790	-2.0000
-0.0829	-0.0356	-1.0000
-0.1131	-0.0812	-1.0000
0.1815	0.0679	-1.0000
0.1722	-0.0979	-1.0000
0.1471	-0.2489	-1.0000
0.0368	0.0498	-1.0000
0.0087	-0.2423	-2.0000
0.0808	-0.0899	-2.0000
-0.1856	-0.0259	-2.0000
-0.1497	0.1445	-3.0000
-0.1279	-0.2425	-2.0000
-0.1568	0.0107	-2.0000
-0.0786	-0.1471	-1.0000
-0.0940	0.1049	-3.0000
-0.1753	0.1417	-2.0000
-0.1161	-0.1107	-1.0000
-0.1081	-0.2965	-1.0000
0.0214	-0.1890	-2.0000
-0.1391	-0.1547	-2.0000
-0.2457	-0.1100	-1.0000
0.0127	-0.0030	-2.0000
-0.1340	0.0447	-3.0000
0.2673	0.1245	-1.0000
-0.1023	-0.0495	-1.0000
-0.1528	-0.2348	-2.0000
-0.2711	-0.0159	-1.0000
-0.0832	0.1927	-1.0000
-0.1215	0.0039	-2.0000
-0.0536	-0.1072	-2.0000
0.1262	-0.1458	-2.0000
-0.1014	0.0873	-1.0000
0.0003	0.1599	-1.0000
0.0500	-0.1520	-1.0000
-0.2084	-0.2963	-1.0000
0.0326	-0.2280	-2.0000
-0.1181	0.0069	-2.0000
-0.1887	0.1512	-1.0000
-0.1138	0.0418	-3.0000
0.0254	0.2002	-2.0000
0.2652	0.0169	-2.0000
0.0673	-0.1274	-2.0000
-0.1455	-0.0617	-3.0000
0.0032	0.1571	-3.0000
-0.2501	-0.0719	-1.0000
0.0747	0.1979	-1.0000
-0.2758	0.1598	-1.0000
0.0107	-0.2281	-2.0000
0.2202	-0.0183	-1.0000
-0.1449	-0.0560	-3.0000
-0.1812	0.1869	-3.0000
-0.0319	-0.1148	-2.0000
-0.0948	-0.0206	-3.0000
-0.0905	-0.0741	-2.0000
0.0698	0.1168	-1.0000
0.0099	-0.1257	-3.0000
0.1940	0.0196	-2.0000
-0.2058	-0.1423	-3.0000
0.0312	0.0274	-1.0000
-0.2491	-0.1330	-1.0000
0.0922	0.1295	-3.0000
0.1651	-0.0169	-2.0000
0.1016	0.1793	-1.0000
-0.0451	0.1258	-1.0000
-0.2539	0.0679	-3.0000
0.1833	-0.1606	-2.0000
-0.1136	-0.0644	-2.0000
-0.3133	0.2438	-1.0000
0.1200	0.0400	-1.0000
-0.2288	0.1006	-3.0000
-0.1233	0.1739	-1.0000
-0.0709	0.1679	-1.0000
-0.0879	0.0093	-1.0000
-0.2314	0.2096	-1.0000
-0.1147	0.0690	-1.0000
0.1141	0.2185	-1.0000
0.1626	0.1226	-2.0000
0.1636	0.1807	-1.0000
-0.1099	-0.2473	-2.0000
0.3480	0.0661	-1.0000
0.0826	-0.1279	-3.0000
-0.2132	0.0968	-1.0000
-0.3031	0.0256	-2.0000
-0.0540	0.1163	-1.0000
-0.0445	0.2686	-3.0000
0.1999	0.0073	-1.0000
-0.0613	0.3293	-1.0000
0.0475	0.1672	-1.0000
0.1373	0.2421	-2.0000
0.0656	0.1159	-1.0000
0.2032	0.0570	-1.0000
0.0182	-0.2244	-1.0000
0.0925	0.1562	-2.0000
-0.0934	0.0988	-2.0000
-0.1799	0.2112	-2.0000
-0.0348	0.0619	-3.0000
-0.2009	0.1254	-2.0000
0.0945	-0.3079	-2.0000
-0.0601	0.0406	-1.0000
-0.1051	-0.1191	-1.0000
-0.2169	0.3426	-2.0000
-0.0418	0.0375	-1.0000
-0.0257	-0.1123	-1.0000
-0.0085	-0.2241	-3.0000
0.0951	-0.0632	-2.0000
-0.2660	-0.2820	-1.0000
-0.2604	0.0016	-1.0000
0.2004	0.1208	-3.0000
0.1308	-0.1092	-2.0000
-0.0750	0.2980	-2.0000
-0.2617	-0.1227	-3.0000
-0.1242	-0.2244	-1.0000
-0.0090	-0.1552	-3.0000
-0.3443	0.0980	-1.0000
-0.2679	0.1534	-3.0000
0.3462	0.0183	-1.0000
0.1839	0.1495	-1.0000
-0.0121	-0.1051	-3.0000
0.1153	-0.1389	-1.0000
0.0563	0.1971	-2.0000
0.0085	0.1958	-1.0000
0.1222	0.0125	-1.0000
0.0446	-0.2413	-1.0000
0.0277	-0.3258	-1.0000
0.1582	0.2514	-1.0000
0.2398	0.0380	-1.0000
0.2838	-0.1553	-2.0000
0.1167	-0.2717	-1.0000
0.0743	-0.1170	-2.0000
-0.2183	-0.2736	-1.0000
-0.0433	-0.0597	-1.0000
-0.2732	0.2173	-1.0000
-0.2041	0.2536	-1.0000
0.1170	0.1890	-1.0000
-0.0236	0.1560	-3.0000
-0.0339	-0.0426	-3.0000
0.1200	0.0410	-1.0000
-0.2439	-0.0802	-2.0000
-0.0358	-0.0452	-1.0000
0.2431	-0.1644	-1.0000
-0.3132	-0.1852	-1.0000
0.1715	-0.0083	-2.0000
-0.1176	-0.2828	-1.0000
-0.2828	0.2174	-1.0000
-0.0470	0.2988	-1.0000
0.0756	0.2296	-2.0000
-0.1382	0.0417	-1.0000
0.1528	0.0863	-1.0000
0.0350	-0.2754	-1.0000
-0.1043	0.0497	-3.0000
0.1906	0.0110	-2.0000
-0.0697	0.1514	-2.0000
0.2072	0.0426	-1.0000
0.0064	0.0625	-1.0000
-0.4054	-0.0874	-1.0000
-0.0245	-0.0083	-2.0000
-0.0895	0.0200	-1.0000
-0.0243	-0.1885	-3.0000
0.0374	0.0887	-1.0000
0.0070	0.0313	-2.0000
0.0207	0.1454	-3.0000
-0.2840	-0.1286	-1.0000
-0.2208	0.1311	-1.0000
0.0258	0.0295	-2.0000
-0.2117	0.0893	-2.0000
-0.3617	-0.0547	-1.0000
0.0897	0.0478	-1.0000
-0.2104	-0.0810	-3.0000
0.0492	0.2185	-3.0000
0.0406	0.1658	-2.0000
-0.2859	-0.1209	-2.0000
-0.0270	0.0802	-3.0000
-0.2291	0.0118	-1.0000
-0.0570	0.1657	-1.0000
0.0054	0.0532	-1.0000
-0.0273	-0.0328	-1.0000
-0.1821	-0.0811	-1.0000
-0.2096	0.1285	-1.0000
-0.0469	-0.0683	-1.0000
-0.3067	0.1518	-1.0000
-0.2177	0.2447	-2.0000
-0.1648	0.1272	-2.0000
-0.0193	-0.1394	-3.0000
0.2029	0.1972	-3.0000
-0.3348	0.0201	-2.0000
0.2316	0.1501	-1.0000
-0.1197	0.1664	-2.0000
-0.2267	-0.1237	-2.0000
-0.0792	-0.0907	-2.0000
0.0386	-0.0294	-1.0000
-0.1415	0.1011	-1.0000
0.0673	0.1335	-1.0000
-0.1006	-0.0496	-3.0000
0.1716	0.1291	-2.0000
0.0111	-0.2384	-1.0000
0.1829	0.0841	-3.0000
-0.0025	0.0669	-3.0000
-0.0813	-0.0475	-3.0000
-0.0481	0.1245	-3.0000
0.2157	-0.1136	-2.0000
0.0210	-0.1016	-3.0000
-0.3888	0.0114	-1.0000
-0.1575	-0.1640	-1.0000
0.0038	-0.2401	-2.0000
0.1567	-0.2583	-1.0000
-0.1896	0.1178	-2.0000
-0.3363	-0.1525	-1.0000
-0.1348	0.0913	-2.0000
-0.1348	-0.1402	-1.0000
-0.2199	-0.0931	-1.0000
-0.2077	0.0056	-3.0000
0.0369	-0.0550	-1.0000
0.0339	-0.0082	-3.0000
0.0783	0.1148	-2.0000
-0.0001	-0.0959	-2.0000
0.1396	0.2343	-1.0000
0.0787	-0.0055	-2.0000
0.3248	-0.0662	-1.0000
-0.1166	0.1215	-3.0000
-0.1880	-0.0320	-2.0000
-0.0797	0.1269	-3.0000
-0.0910	0.0538	-1.0000
-0.1477	0.1849	-1.0000
0.0733	0.2793	-1.0000
-0.3799	0.0275	-1.0000
-0.0634	0.1667	-2.0000
0.1129	-0.0072	-3.0000
-0.3453	-0.1225	-2.0000
-0.1410	0.0631	-3.0000
-0.0565	-0.1471	-3.0000
-0.0790	0.1815	-2.0000
-0.0538	-0.2287	-2.0000
-0.0009	0.1047	-3.0000
-0.1177	0.0157	-2.0000
-0.2577	0.0393	-1.0000
0.0612	-0.0477	-2.0000
0.0475	0.0914	-1.0000
0.0580	0.1435	-2.0000
-0.3300	0.1011	-1.0000
-0.0155	-0.0778	-2.0000
0.0271	-0.1690	-3.0000
-0.3402	0.0566	-3.0000
-0.3050	0.0097	-2.0000
0.1440	0.0550	-1.0000
0.0618	-0.0856	-2.0000
0.3030	-0.0048	-1.0000
-0.1598	-0.1870	-1.0000
-0.0995	0.0606	-3.0000
-0.0458	-0.3568	-2.0000
-0.0737	0.2139	-3.0000
0.1926	0.0372	-3.0000
-0.1176	-0.1055	-1.0000
-0.1819	0.0639	-2.0000
-0.1868	0.3493	-1.0000
-0.1749	0.1883	-3.0000
-0.2000	0.1983	-3.0000
0.2172	0.0588	-1.0000
0.0937	0.0047	-1.0000
0.1170	-0.0896	-2.0000
-0.0483	-0.0769	-2.0000
-0.0814	0.0863	-1.0000
-0.0436	0.0381	-2.0000
-0.1322	-0.0264	-2.0000
-0.0914	0.0084	-2.0000
-0.1881	-0.1003	-3.0000
-0.1066	-0.1673	-3.0000
0.1173	0.1233	-3.0000
-0.2342	-0.0496	-1.0000
0.2563	-0.0599	-1.0000
-0.0487	0.0635	-1.0000
0.0949	0.2139	-2.0000
-0.0849	0.1951	-2.0000
-0.2507	0.1290	-1.0000
0.1290	-0.2606	-2.0000
0.3222	0.0023	-2.0000
0.1440	0.1999	-1.0000
0.0860	0.1223	-3.0000
0.1265	-0.1142	-3.0000
-0.1917	-0.0269	-1.0000
-0.0113	-0.0700	-3.0000
0.0449	-0.0973	-1.0000
-0.2565	0.0495	-3.0000
-0.0994	-0.1202	-3.0000
0.2056	0.0527	-1.0000
-0.1405	-0.1164	-3.0000
-0.1577	-0.0530	-2.0000
0.1410	0.0539	-2.0000
0.1667	-0.0362	-3.0000
0.3356	-0.0423	-2.0000
0.0395	0.1537	-2.0000
-0.0328	0.0854	-3.0000
0.1979	0.0377	-2.0000
-0.0229	0.1873	-1.0000
-0.1553	0.2575	-2.0000
-0.1143	-0.0952	-1.0000
0.0447	0.0795	-1.0000
-0.3864	0.1347	-1.0000
0.0866	-0.1972	-1.0000
0.1992	0.0023	-2.0000
0.0433	-0.1523	-2.0000
0.1521	-0.3330	-1.0000
-0.2197	-0.0116	-1.0000
0.0039	-0.1812	-3.0000
0.0376	0.0651	-2.0000
-0.0988	-0.1387	-2.0000
-0.3212	-0.0716	-1.0000
0.0190	0.2975	-1.0000
-0.0367	-0.0855	-2.0000
-0.0361	0.3056	-2.0000
-0.1373	-0.0975	-2.0000
0.3615	0.0337	-1.0000
0.0581	-0.1723	-1.0000
-0.1793	0.0040	-2.0000
-0.2973	0.1285	-1.0000
0.2311	0.1103	-2.0000
-0.1719	0.1295	-1.0000
0.1819	-0.0535	-3.0000
0.2629	-0.0635	-1.0000
-0.0584	-0.0187	-3.0000
-0.2849	0.0240	-2.0000
0.1687	-0.0872	-2.0000
0.1021	-0.0486	-1.0000
-0.3032	-0.0361	-1.0000
0.0446	-0.0521	-1.0000
-0.1088	-0.0863	-2.0000
-0.1444	0.1679	-2.0000
0.1025	-0.1974	-1.0000
-0.0882	0.1474	-3.0000
-0.2839	-0.0162	-1.0000
0.1515	0.1985	-1.0000
0.1157	0.0760	-2.0000
-0.1965	0.2628	-1.0000
-0.1618	0.1726	-3.0000
0.0719	0.0916	-3.0000
0.3099	0.1548	-1.0000
0.0524	-0.2972	-3.0000
-0.2061	-0.1779	-1.0000
-0.2041	0.0450	-1.0000
0.0251	-0.0546	-1.0000
0.0271	-0.2362	-2.0000
0.0942	0.0731	-2.0000
-0.0341	-0.2394	-2.0000
-0.0191	0.0842	-3.0000
0.1369	0.1753	-2.0000
-0.1388	-0.0105	-2.0000
0.1314	0.2494	-1.0000
-0.0238	0.0165	-3.0000
0.0023	0.0526	-3.0000
-0.0820	-0.0442	-3.0000
0.0056	0.2257	-3.0000
-0.2637	-0.0728	-2.0000
-0.0424	0.1269	-2.0000
0.1217	0.0994	-2.0000
-0.0083	0.2406	-1.0000
-0.0377	-0.2486	-2.0000
0.0213	0.1356	-3.0000
-0.0895	-0.1594	-2.0000
-0.0281	0.1260	-3.0000
-0.0638	-0.1060	-1.0000
-0.0563	-0.2477	-1.0000
-0.0413	-0.1577	-2.0000
0.2314	-0.0122	-1.0000
0.0478	0.0192	-2.0000
0.1792	-0.0250	-1.0000
-0.2978	0.0604	-1.0000
0.1586	0.0247	-1.0000
-0.0052	-0.0969	-2.0000
-0.3174	0.0478	-2.0000
0.1312	0.1129	-1.0000
-0.0260	0.1833	-1.0000
-0.0206	-0.4095	-1.0000
-0.3293	-0.2115	-1.0000
-0.1245	-0.1869	-2.0000
0.2362	0.0521	-3.0000
-0.3203	0.0970	-3.0000
-0.3307	0.0137	-1.0000
-0.1489	-0.0701	-1.0000
-0.0284	-0.0374	-3.0000
-0.0323	-0.1797	-3.0000
0.0777	-0.1589	-2.0000
-0.1120	-0.0374	-3.0000
-0.1613	0.0935	-1.0000
0.0292	-0.2063	-3.0000
0.1566	0.0168	-1.0000
0.1308	0.0237	-1.0000
0.0917	0.1242	-3.0000
0.1372	0.0046	-2.0000
0.2306	-0.1362	-1.0000
0.0482	0.0064	-1.0000
0.0698	0.0323	-1.0000
-0.0611	0.2315	-3.0000
0.0882	0.0953	-1.0000
0.1493	0.1433	-2.0000
0.0599	-0.0705	-2.0000
-0.0531	0.0443	-1.0000
0.0654	-0.0126	-1.0000
-0.0651	-0.1460	-1.0000
-0.2919	-0.0762	-1.0000
-0.0652	0.2375	-3.0000
0.0763	0.1102	-2.0000
0.2664	-0.0246	-1.0000
-0.0009	0.1426	-3.0000
-0.2125	-0.0124	-2.0000
-0.0642	-0.0305	-1.0000
0.0850	-0.0463	-1.0000
0.1446	0.0997	-1.0000
-0.0106	0.0792	-3.0000
0.0582	-0.0107	-3.0000
0.0280	0.1447	-1.0000
0.2210	-0.1625	-1.0000
0.0737	0.1714	-1.0000
-0.0905	-0.0012	-1.0000
0.1091	-0.0257	-1.0000
0.1751	-0.2292	-1.0000
0.0706	-0.0540	-3.0000
-0.0401	-0.0523	-2.0000
-0.2436	0.2960	-1.0000
-0.2340	0.0954	-2.0000
0.0112	0.1891	-3.0000
-0.1143	0.1067	-3.0000
-0.0406	0.0239	-2.0000
0.2111	-0.1163	-1.0000
0.2521	-0.2589	-2.0000
0.1580	-0.1105	-1.0000
0.1247	-0.0085	-2.0000
-0.1658	-0.0100	-3.0000
-0.0785	0.0780	-2.0000
0.1407	0.1790	-1.0000
0.1068	0.0358	-1.0000
0.0348	0.1552	-1.0000
-0.0388	-0.1533	-1.0000
-0.0786	-0.0669	-3.0000
0.2647	0.2731	-2.0000
0.0913	-0.0410	-2.0000
0.1237	-0.1844	-1.0000
0.1953	0.0692	-2.0000
-0.0110	0.0116	-1.0000
0.0646	-0.0572	-3.0000
-0.1948	0.2617	-1.0000
-0.0260	-0.1110	-3.0000
0.2340	-0.0687	-1.0000
-0.0168	0.1235	-3.0000
-0.0903	-0.0272	-1.0000
0.0613	0.3311	-2.0000
-0.2520	-0.1853	-1.0000
-0.0893	0.0299	-1.0000
0.0699	-0.0952	-3.0000
-0.4392	0.0752	-1.0000
-0.1662	-0.0261	-1.0000
-0.0542	0.0536	-3.0000
0.0876	-0.0076	-3.0000
-0.0194	0.0889	-3.0000
0.1531	0.0670	-3.0000
-0.2211	0.0116	-1.0000
-0.0215	0.1849	-3.0000
0.0687	0.0523	-2.0000
-0.0579	-0.2506	-2.0000
0.1134	-0.0724	-3.0000
-0.1491	0.3035	-2.0000
0.3790	-0.0650	-1.0000
0.1778	-0.0197	-1.0000
-0.0427	-0.0816	-1.0000
-0.0462	0.0442	-1.0000
-0.1545	0.0775	-2.0000
0.2840	-0.0332	-2.0000
-0.0711	0.1977	-2.0000
-0.0106	-0.0185	-3.0000
-0.2045	0.1102	-2.0000
0.0959	0.0579	-3.0000
0.2566	-0.0930	-1.0000
-0.1708	0.2794	-1.0000
0.1899	-0.0596	-3.0000
-0.3092	-0.1075	-1.0000
0.0454	0.0113	-3.0000
-0.2211	0.1008	-2.0000
0.0289	-0.0749	-2.0000
0.0084	0.0496	-2.0000
0.0920	0.2535	-1.0000
0.0871	-0.1508	-1.0000
0.0076	0.1881	-2.0000
-0.2366	-0.0300	-3.0000
-0.1658	-0.1583	-2.0000
-0.1637	0.2821	-2.0000
-0.0829	0.0612	-2.0000
-0.0281	0.0062	-3.0000
-0.1175	-0.1085	-1.0000
-0.0442	-0.0450	-3.0000
0.0943	0.3029	-1.0000
-0.1004	0.0267	-3.0000
0.0366	0.1237	-2.0000
0.2695	-0.0589	-2.0000
-0.1032	-0.0048	-3.0000
-0.2145	-0.0548	-2.0000
-0.0782	0.3070	-2.0000
0.1860	-0.0196	-3.0000
-0.0955	0.0227	-3.0000
-0.1745	0.0582	-3.0000
-0.0741	-0.3124	-1.0000
-0.0599	0.0684	-2.0000
0.1973	-0.0454	-1.0000
-0.2686	-0.0628	-1.0000
-0.0206	-0.0608	-2.0000
-0.1407	-0.0724	-2.0000
0.1751	-0.1951	-2.0000
-0.3463	0.0510	-2.0000
0.1021	-0.1737	-2.0000
-0.0027	-0.1612	-1.0000
-0.1235	0.1407	-1.0000
0.0681	0.1658	-2.0000
-0.0734	0.0803	-3.0000
-0.2535	0.1605	-1.0000
-0.1752	-0.1480	-3.0000
-0.2092	0.0896	-1.0000
-0.1145	0.2600	-1.0000
0.1229	-0.0239	-1.0000
-0.2141	-0.0109	-3.0000
-0.2898	-0.0102	-1.0000
0.1489	-0.1811	-2.0000
-0.1411	-0.2299	-2.0000
0.1766	-0.0558	-2.0000
-0.1708	-0.0320	-1.0000
0.0617	0.3202	-2.0000
-0.1005	0.1991	-1.0000
0.2384	-0.1475	-1.0000
0.0500	0.0563	-2.0000
0.0911	0.0812	-3.0000
-0.2561	-0.0975	-1.0000
0.1151	0.0798	-2.0000
-0.1523	0.0695	-1.0000
-0.1638	-0.0480	-1.0000
-0.0210	-0.3505	-1.0000
-0.0061	-0.0555	-2.0000
0.1827	-0.0553	-2.0000
-0.1660	0.0570	-2.0000
-0.1597	-0.0099	-1.0000
-0.0346	0.0098	-2.0000
-0.0576	-0.0959	-3.0000
-0.0936	0.0274	-1.0000
-0.0095	0.0900	-2.0000
-0.2004	0.0552	-2.0000
-0.0594	0.0138	-2.0000
0.0056	-0.0614	-3.0000
-0.0328	-0.1391	-1.0000
0.1274	0.2248	-1.0000
-0.0262	-0.3311	-2.0000
-0.1161	0.1077	-1.0000
0.0225	0.1549	-3.0000
0.1049	0.1061	-1.0000
-0.2562	-0.0996	-3.0000
-0.2093	-0.1448	-1.0000
0.0260	0.0176	-3.0000
-0.1483	-0.1791	-3.0000
-0.1224	0.3183	-1.0000
-0.1377	0.2386	-2.0000
-0.0989	0.1401	-1.0000
-0.1537	-0.2003	-2.0000
0.0834	0.0965	-1.0000
0.0352	0.0974	-2.0000
-0.0904	0.0694	-3.0000
-0.1431	-0.1339	-1.0000
-0.2724	-0.0484	-1.0000
-0.0827	-0.2740	-2.0000
0.1492	0.1022	-1.0000
0.0273	0.0090	-2.0000
-0.0078	-0.0070	-3.0000
0.0675	-0.1916	-1.0000
0.0651	0.0164	-1.0000
-0.1515	-0.0635	-1.0000
-0.1180	0.1683	-1.0000
-0.0077	0.0676	-2.0000
-0.0200	0.1737	-1.0000
0.1426	0.1426	-1.0000
-0.1148	-0.0383	-3.0000
-0.0728	0.0647	-1.0000
-0.1392	0.0670	-1.0000
0.3095	-0.2103	-1.0000
-0.0274	0.0397	-1.0000
-0.2020	-0.2895	-1.0000
-0.2391	-0.2003	-1.0000
0.0550	0.1070	-3.0000
0.0242	-0.2073	-1.0000
0.1851	0.2139	-2.0000
0.1640	-0.0308	-1.0000
-0.0880	0.2218	-3.0000
0.1623	-0.0526	-3.0000
-0.0768	0.0024	-3.0000
0.2654	-0.2053	-1.0000
0.0909	-0.0330	-3.0000
0.0632	0.0199	-1.0000
-0.1380	0.2143	-3.0000
-0.2014	-0.2225	-2.0000
0.0792	0.3501	-1.0000
-0.1031	0.0786	-1.0000
-0.0756	0.2004	-1.0000
0.1663	-0.0583	-2.0000
-0.0841	-0.0603	-2.0000
-0.1167	0.2027	-1.0000
0.1227	-0.1838	-1.0000
0.1223	-0.0706	-1.0000
-0.2885	-0.1459	-2.0000
0.1048	0.0736	-1.0000
-0.0462	-0.0439	-1.0000
0.1925	-0.1190	-2.0000
-0.0274	0.1899	-1.0000
-0.0298	-0.3103	-1.0000
-0.2854	0.2081	-2.0000
-0.1546	-0.2181	-2.0000
-0.1286	0.0183	-2.0000
0.0835	-0.1206	-3.0000
-0.2561	0.0662	-1.0000
0.1398	-0.1786	-2.0000
-0.1182	-0.0852	-2.0000
0.1076	0.3149	-1.0000
0.1120	0.0356	-2.0000
-0.2090	-0.0409	-1.0000
-0.0041	-0.0144	-1.0000
-0.0353	-0.0566	-3.0000
-0.1647	0.1384	-2.0000
-0.2013	-0.2373	-3.0000
-0.3357	0.0731	-1.0000
0.2010	-0.0702	-1.0000
0.1004	-0.0215	-1.0000
-0.0890	0.1590	-2.0000
-0.0235	0.2090	-1.0000
0.1515	0.0287	-2.0000
0.1416	-0.0787	-3.0000
0.1240	-0.0374	-2.0000
-0.3143	-0.0279	-1.0000
-0.1520	-0.1002	-1.0000
-0.1148	0.0899	-3.0000
0.0688	0.1306	-2.0000
-0.0325	0.1715	-3.0000
-0.0647	0.1405	-1.0000
-0.2566	-0.1236	-2.0000
-0.2195	-0.0568	-1.0000
0.1932	-0.1544	-1.0000
0.0191	0.0493	-1.0000
0.0550	0.1029	-3.0000
-0.1964	0.0918	-1.0000
-0.0556	-0.3398	-1.0000
-0.1158	0.1270	-3.0000
0.0863	-0.0931	-2.0000
0.1817	-0.0255	-2.0000
0.1015	-0.0976	-1.0000
0.0584	-0.0078	-3.0000
-0.0620	0.1439	-2.0000
-0.2811	0.0997	-3.0000
0.1528	0.0721	-1.0000
0.2198	0.0885	-1.0000
0.0654	0.1831	-3.0000
0.2300	-0.0146	-3.0000
-0.1286	0.1406	-1.0000
-0.0537	0.1048	-3.0000
-0.0237	-0.1827	-1.0000
-0.0562	0.0387	-1.0000
-0.0924	0.0011	-1.0000
-0.1922	-0.0635	-1.0000
-0.1371	-0.1234	-2.0000
0.0023	-0.2714	-2.0000
0.0036	0.0192	-1.0000
-0.1181	-0.1423	-2.0000
-0.1375	0.1374	-1.0000
0.0126	0.2750	-1.0000
-0.3886	0.0213	-2.0000
-0.3164	0.0929	-1.0000
0.0954	-0.0372	-2.0000
-0.1950	0.0174	-2.0000
-0.1018	0.1526	-2.0000
0.0400	0.0847	-1.0000
-0.2215	-0.0652	-2.0000
-0.2485	-0.3134	-1.0000
0.0332	-0.1843	-1.0000
0.0117	-0.0533	-1.0000
-0.1578	-0.0909	-3.0000
0.2809	0.0717	-1.0000
0.0612	-0.0927	-1.0000
-0.1965	-0.1791	-3.0000
-0.0679	0.0506	-1.0000
-0.3129	0.1037	-1.0000
-0.2166	0.2030	-1.0000
-0.2429	0.0969	-3.0000
0.0748	0.2463	-1.0000
-0.0555	-0.2112	-3.0000
0.1416	-0.1647	-2.0000
0.1418	-0.1169	-1.0000
-0.2903	-0.1958	-2.0000
0.1306	-0.0810	-3.0000
-0.2412	0.1058	-3.0000
-0.1910	0.0881	-3.0000
0.0158	-0.0525	-1.0000
-0.2378	0.0967	-1.0000
-0.0051	-0.0371	-2.0000
0.0579	0.3127	-2.0000
-0.0505	0.1538	-1.0000
0.2449	-0.1326	-2.0000
-0.4179	0.1392	-1.0000
-0.0663	0.1756	-1.0000
-0.0134	0.1568	-1.0000
0.1317	0.1777	-2.0000
-0.1276	-0.0163	-2.0000
-0.0959	-0.0143	-1.0000
0.0253	0.0361	-1.0000
0.0043	0.2757	-1.0000
-0.1996	-0.1526	-2.0000
-0.0708	0.3359	-1.0000
-0.2972	-0.0627	-3.0000
-0.0674	0.2015	-3.0000
-0.2072	-0.1137	-1.0000
-0.0842	0.0160	-2.0000
0.2691	-0.2446	-1.0000
0.2257	0.2224	-1.0000
0.0661	0.0741	-2.0000
-0.1281	-0.0577	-1.0000
0.1109	-0.2567	-2.0000
-0.1361	0.2261	-2.0000
0.1152	-0.1359	-1.0000
-0.0722	-0.0538	-2.0000
0.0388	0.0088	-3.0000
0.1068	0.1700	-2.0000
0.1849	0.1421	-1.0000
0.1278	-0.0345	-1.0000
0.1635	-0.0536	-1.0000
0.0998	-0.1293	-1.0000
0.2503	-0.1347	-1.0000
0.0562	-0.0729	-3.0000
0.0013	-0.1933	-2.0000
0.1633	0.1481	-2.0000
-0.0352	0.1887	-2.0000
-0.2670	-0.1087	-3.0000
0.0127	-0.0587	-1.0000
-0.0267	-0.0479	-3.0000
0.0850	-0.1224	-2.0000
0.0260	-0.0276	-2.0000
-0.3035	0.2155	-1.0000
-0.1934	-0.0149	-1.0000
0.0131	-0.0408	-3.0000
-0.2128	-0.0661	-1.0000
-0.0115	-0.1594	-1.0000
0.0913	-0.0786	-2.0000
0.0304	-0.3191	-1.0000
-0.1237	-0.1722	-2.0000
0.0954	0.2694	-1.0000
-0.1523	0.1075	-1.0000
-0.1718	-0.0822	-1.0000
-0.1464	0.2414	-1.0000
0.1828	0.2020	-2.0000
-0.1077	-0.0721	-3.0000
0.1391	0.1766	-2.0000
-0.1436	0.1219	-3.0000
0.0001	-0.2833	-1.0000
0.1610	0.3102	-1.0000
-0.2154	0.0247	-3.0000
-0.2116	0.2293	-3.0000
-0.0386	-0.0418	-3.0000
-0.2259	-0.1929	-2.0000
-0.1216	0.0131	-3.0000
-0.0310	0.0236	-2.0000
-0.1918	-0.0245	-3.0000
0.0243	-0.1845	-1.0000
-0.1896	-0.1200	-2.0000
0.1575	0.0631	-2.0000
0.0790	-0.0262	-3.0000
0.1040	-0.0203	-3.0000
0.0564	-0.0124	-2.0000
0.0577	-0.2978	-2.0000
-0.0833	0.1383	-2.0000
-0.1469	-0.0669	-3.0000
0.0671	0.1531	-3.0000
0.0436	-0.1324	-1.0000
0.0976	-0.2202	-1.0000
0.2465	-0.1399	-1.0000
0.0200	0.1119	-1.0000
0.0707	-0.0354	-3.0000
0.1515	0.1734	-1.0000
0.0891	0.1478	-2.0000
-0.0773	0.0867	-2.0000
0.1383	-0.1284	-1.0000
-0.0618	0.1032	-1.0000
-0.2627	-0.1468	-2.0000
0.0670	-0.2417	-3.0000
-0.3832	0.1614	-1.0000
0.0667	-0.0297	-1.0000
-0.0843	0.2356	-3.0000
-0.0529	0.0331	-3.0000
0.2273	-0.0001	-1.0000
-0.2442	0.3424	-1.0000
-0.1025	0.1007	-2.0000
0.1817	-0.2323	-1.0000
-0.0820	0.1023	-1.0000
-0.0536	-0.1072	-1.0000
0.1467	-0.1846	-3.0000
0.2036	-0.0366	-1.0000
0.2894	0.0294	-1.0000
0.2144	-0.0942	-1.0000
0.1340	-0.0827	-1.0000
-0.2035	0.1975	-3.0000
-0.0507	-0.0371	-1.0000
0.1022	-0.1900	-2.0000
-0.0513	-0.0011	-1.0000
0.0407	0.0777	-1.0000
0.0418	0.0103	-3.0000
0.1564	0.1819	-2.0000
-0.1331	-0.0361	-1.0000
-0.2049	-0.0811	-1.0000
0.0360	0.1232	-2.0000
-0.2446	-0.1057	-3.0000
0.0116	-0.0298	-1.0000
0.1326	0.0859	-2.0000
-0.0005	-0.0893	-3.0000
0.0814	-0.2950	-1.0000
-0.0270	-0.0072	-3.0000
0.0847	0.1384	-1.0000
-0.0720	0.1983	-1.0000
0.1174	0.0419	-1.0000
0.1024	-0.0686	-1.0000
-0.2731	0.0264	-3.0000
0.1275	0.1726	-1.0000
0.0073	0.1948	-1.0000
0.0788	0.2764	-1.0000
-0.0212	0.1371	-3.0000
0.0753	-0.1961	-2.0000
0.1904	0.0626	-2.0000
-0.1440	0.0423	-2.0000
0.0351	0.3494	-1.0000
0.0268	-0.0412	-1.0000
-0.0563	0.0587	-2.0000
0.1590	-0.1586	-1.0000
0.0173	0.0143	-1.0000
-0.1434	-0.1740	-1.0000
0.2372	-0.0825	-2.0000
-0.1937	-0.0078	-2.0000
0.1967	0.3068	-1.0000
0.0862	0.0202	-1.0000
-0.1648	0.1597	-2.0000
-0.3962	0.1843	-1.0000
-0.1229	0.0793	-3.0000
0.0299	0.3210	-2.0000
0.1553	0.1687	-3.0000
-0.0261	-0.1345	-3.0000
0.0521	-0.0631	-3.0000
0.2418	0.0866	-1.0000
-0.0604	-0.1505	-2.0000
-0.2952	0.0815	-2.0000
-0.0466	0.1711	-3.0000
0.1608	0.0744	-1.0000
-0.2266	0.0450	-1.0000
-0.1183	-0.0409	-1.0000
0.0584	-0.1480	-1.0000
-0.4030	0.1474	-2.0000
-0.1197	-0.1724	-2.0000
0.0723	-0.0620	-1.0000
-0.0899	-0.2136	-1.0000
0.0886	-0.0967	-1.0000
0.0191	-0.0381	-2.0000
-0.1341	-0.3228	-2.0000
-0.0620	0.0498	-1.0000
-0.2031	0.1928	-1.0000
0.0606	0.0526	-2.0000
-0.1747	0.0438	-3.0000
-0.0486	0.1591	-1.0000
-0.2946	-0.0887	-1.0000
-0.0532	-0.2267	-2.0000
0.0352	-0.0523	-3.0000
0.0046	0.0789	-2.0000
-0.1988	-0.0374	-1.0000
-0.0280	-0.0765	-1.0000
-0.1488	0.3269	-2.0000
0.2793	-0.1007	-1.0000
-0.0719	0.0626	-1.0000
0.1709	0.0285	-2.0000
-0.1155	-0.1443	-2.0000
-0.1021	0.1260	-3.0000
0.0779	0.2279	-1.0000
0.0445	0.0386	-2.0000
0.2112	0.0101	-3.0000
-0.0508	0.1237	-3.0000
0.2166	0.0882	-2.0000
-0.1204	-0.2499	-1.0000
0.2842	-0.0011	-2.0000
-0.0777	-0.0070	-1.0000
-0.0469	-0.1367	-2.0000
-0.2387	0.0005	-1.0000
-0.2386	0.1251	-2.0000
0.0504	-0.3268	-2.0000
-0.1360	0.1934	-1.0000
-0.0814	0.0149	-3.0000
-0.1375	0.2565	-2.0000
0.0813	0.1525	-3.0000
-0.2838	-0.1303	-2.0000
-0.2131	-0.1096	-1.0000
-0.3066	0.1310	-3.0000
-0.2006	0.0709	-2.0000
-0.0371	-0.0654	-3.0000
-0.1534	0.0891	-1.0000
0.0047	0.1302	-1.0000
-0.0607	-0.0718	-1.0000
0.0430	0.2220	-1.0000
-0.1379	0.0847	-1.0000
0.0409	0.0233	-1.0000
-0.2829	-0.0647	-3.0000
0.0006	0.0345	-3.0000
-0.0708	-0.1284	-2.0000
0.0176	0.3100	-2.0000
0.0352	-0.0818	-3.0000
-0.0247	-0.0056	-3.0000
-0.2717	-0.2198	-2.0000
0.0839	-0.0485	-1.0000
-0.0990	0.1037	-2.0000
0.1857	0.0150	-1.0000
-0.0923	-0.0269	-2.0000
-0.0577	-0.1024	-1.0000
0.0680	-0.1253	-3.0000
0.1645	0.0769	-3.0000
-0.0896	0.0327	-3.0000
-0.0194	-0.0606	-1.0000
-0.0909	-0.2151	-1.0000
0.0963	-0.1337	-3.0000
-0.1157	0.1061	-3.0000
-0.1350	-0.2073	-2.0000
-0.1687	-0.0190	-2.0000
-0.1459	-0.1717	-3.0000
0.0866	0.1952	-2.0000
-0.0238	-0.1942	-3.0000
-0.1533	-0.1514	-1.0000
-0.0779	0.0206	-3.0000
-0.1486	-0.0044	-2.0000
0.2370	-0.2069	-2.0000
0.0515	-0.1737	-2.0000
-0.1873	-0.2832	-1.0000
-0.2249	0.1711	-1.0000
0.0512	-0.1136	-2.0000
0.2146	-0.0085	-3.0000
0.3035	0.1190	-1.0000
-0.2823	-0.1217	-3.0000
-0.0173	-0.1646	-3.0000
-0.1489	-0.1342	-1.0000
0.0713	-0.0595	-3.0000
-0.1919	0.1345	-1.0000
-0.1079	0.0328	-1.0000
0.0637	0.2115	-2.0000
0.0795	-0.1984	-1.0000
-0.0100	0.1862	-3.0000
0.2266	0.0829	-3.0000
0.0841	0.1866	-2.0000
-0.1127	-0.1942	-1.0000
-0.2233	-0.0059	-1.0000
0.1447	-0.0374	-2.0000
0.1284	-0.0156	-1.0000
-0.0830	-0.0877	-1.0000
-0.2615	-0.1663	-2.0000
0.2637	-0.1288	-2.0000
-0.3694	0.0907	-1.0000
-0.0480	0.0326	-1.0000
-0.0904	0.1875	-2.0000
-0.0005	0.0003	-3.0000
0.1802	-0.1167	-1.0000
-0.1829	-0.2076	-2.0000
0.3167	0.0461	-2.0000
-0.1821	-0.1475	-3.0000
-0.0625	0.1564	-2.0000
0.0106	0.0732	-3.0000
0.2381	-0.1052	-2.0000
-0.2161	-0.0383	-1.0000
-0.0047	-0.1373	-2.0000
0.3916	-0.1344	-1.0000
0.0319	-0.2207	-3.0000
-0.0763	-0.0309	-2.0000
-0.0113	0.0208	-3.0000
0.0307	0.0636	-3.0000
0.1488	-0.1932	-2.0000
0.1044	-0.1975	-2.0000
0.0344	0.3959	-1.0000
0.0435	-0.1153	-1.0000
-0.0045	-0.0079	-3.0000
0.0297	0.2519	-2.0000
-0.1035	-0.3436	-2.0000
0.2479	0.0024	-3.0000
-0.0615	-0.0306	-1.0000
-0.0856	0.2341	-1.0000
-0.0284	-0.0799	-2.0000
0.0322	-0.0922	-1.0000
0.2872	-0.0240	-1.0000
-0.0143	0.0190	-3.0000
0.0802	0.2989	-3.0000
-0.1330	0.1366	-2.0000
-0.1598	0.2028	-2.0000
-0.1317	-0.0335	-2.0000
-0.0828	0.0948	-3.0000
-0.1039	-0.0624	-3.0000
0.1596	-0.1113	-1.0000
-0.0431	0.0982	-2.0000
-0.1289	0.0960	-1.0000
0.3706	0.0367	-1.0000
0.0295	0.1021	-2.0000
0.1442	-0.1755	-1.0000
0.1229	-0.1775	-3.0000
0.1123	-0.2272	-1.0000
0.0825	-0.0280	-2.0000
-0.0920	-0.2721	-1.0000
-0.1224	0.0604	-1.0000
-0.0217	0.2038	-2.0000
0.3167	0.1795	-1.0000
-0.2584	0.0112	-2.0000
0.2684	0.2597	-1.0000
-0.1296	0.2261	-2.0000
-0.0257	0.1329	-2.0000
-0.0493	0.1733	-2.0000
-0.1752	-0.0756	-2.0000
-0.2688	0.2347	-3.0000
-0.0196	-0.0880	-3.0000
0.2330	-0.0988	-2.0000
-0.0016	0.0470	-1.0000
0.0345	-0.1277	-1.0000
0.0717	0.0247	-1.0000
-0.1572	0.3512	-1.0000
-0.1303	-0.1073	-3.0000
-0.0793	0.2177	-2.0000
0.0356	-0.0454	-3.0000
-0.0890	-0.1041	-1.0000
0.1497	0.1796	-1.0000
-0.0790	0.3299	-1.0000
-0.1390	0.0052	-3.0000
-0.0138	0.2245	-1.0000
0.2027	0.2234	-2.0000
-0.0410	-0.0808	-2.0000
-0.1176	0.1162	-2.0000
-0.1010	-0.2330	-2.0000
0.0790	-0.1702	-3.0000
0.0075	-0.0867	-1.0000
-0.4132	-0.0273	-1.0000
0.1683	-0.0362	-3.0000
-0.0146	0.0055	-3.0000
-0.2077	-0.1032	-1.0000
-0.0431	0.0143	-2.0000
-0.2404	-0.0589	-1.0000
0.2426	-0.1642	-2.0000
0.1144	0.2013	-1.0000
0.0648	-0.0680	-3.0000
0.0168	0.2158	-1.0000
0.2679	-0.0495	-1.0000
-0.0011	-0.0781	-2.0000
-0.0947	0.1337	-1.0000
-0.3367	0.0930	-1.0000
0.3900	0.0136	-1.0000
-0.2897	0.1065	-3.0000
-0.1777	-0.2563	-2.0000
-0.0169	0.0444	-2.0000
-0.1958	-0.1335	-1.0000
-0.1479	0.2554	-1.0000
-0.0338	-0.3120	-1.0000
-0.0225	0.2141	-1.0000
-0.2132	0.3205	-1.0000
-0.1199	-0.1335	-2.0000
0.2812	-0.2416	-1.0000
-0.0340	0.1409	-1.0000
0.1754	0.0302	-2.0000
0.2588	-0.2184	-1.0000
-0.0002	-0.3381	-1.0000
0.0919	-0.2593	-2.0000
0.0677	0.0385	-1.0000
-0.1981	-0.0425	-1.0000
0.1091	0.0045	-2.0000
-0.0304	-0.2505	-2.0000
0.0214	0.2028	-1.0000
0.0771	-0.0425	-2.0000
0.0296	-0.1324	-2.0000
0.2272	-0.0703	-2.0000
0.2317	0.1542	-1.0000
-0.0305	-0.0335	-2.0000
0.2096	-0.2286	-2.0000
-0.0891	-0.1351	-3.0000
-0.1985	0.0631	-3.0000
0.2909	-0.0668	-1.0000
-0.3733	-0.0222	-1.0000
0.2416	-0.1724	-2.0000
-0.1526	-0.0706	-1.0000
0.0359	0.1369	-2.0000
0.0032	0.1389	-2.0000
0.1346	0.0646	-2.0000
0.1668	-0.0341	-2.0000
0.0449	-0.0629	-2.0000
-0.0395	0.1633	-3.0000
0.1673	0.0843	-2.0000
0.0810	-0.0541	-3.0000
0.1501	0.1004	-1.0000
0.3365	0.0622	-1.0000
-0.0230	0.2008	-2.0000
-0.1105	0.3602	-1.0000
-0.1535	0.0714	-1.0000
0.2110	0.0182	-2.0000
0.1012	-0.0225	-1.0000
-0.1117	-0.0872	-3.0000
-0.1355	0.1023	-2.0000
0.3640	-0.0077	-1.0000
-0.0133	0.0707	-3.0000
-0.3395	0.0268	-1.0000
-0.1099	-0.0976	-3.0000
0.0491	-0.1491	-1.0000
0.1078	-0.0403	-2.0000
-0.2423	-0.1861	-1.0000
-0.0705	0.2780	-1.0000
-0.1542	0.2922	-2.0000
0.2291	-0.0630	-3.0000
0.0739	-0.0033	-2.0000
0.0883	0.2192	-3.0000
-0.0485	-0.0395	-1.0000
-0.4208	-0.1007	-2.0000
0.1291	-0.0049	-1.0000
-0.2390	0.0640	-2.0000
0.1336	0.0181	-3.0000
-0.2068	-0.0914	-2.0000
0.0938	0.0863	-2.0000
0.0451	-0.0272	-3.0000
-0.2760	0.0194	-2.0000
-0.0925	-0.0187	-3.0000
-0.0038	-0.0290	-2.0000
0.0994	-0.2485	-1.0000
0.3044	-0.2288	-1.0000
-0.0161	-0.0999	-2.0000
0.1222	0.1133	-1.0000
0.1087	-0.0921	-3.0000
-0.2338	-0.1581	-2.0000
-0.2410	0.1570	-1.0000
0.1365	-0.1677	-1.0000
-0.0668	0.1898	-1.0000
-0.1964	0.1712	-2.0000
-0.2863	-0.0985	-1.0000
0.0708	0.1981	-1.0000
-0.4198	-0.1539	-1.0000
-0.0473	-0.0686	-2.0000
0.1770	-0.2717	-1.0000
-0.0516	0.0542	-1.0000
0.0325	0.0630	-2.0000
0.3593	0.0966	-1.0000
-0.2105	-0.0005	-2.0000
-0.1268	-0.0712	-2.0000
0.0077	-0.0758	-1.0000
-0.0912	0.1539	-1.0000
0.1930	-0.0533	-2.0000
-0.0617	-0.0516	-2.0000
0.2101	-0.0858	-1.0000
-0.0020	0.0625	-2.0000
0.0520	0.1842	-1.0000
0.0976	0.0523	-1.0000
-0.0639	0.0146	-1.0000
0.0957	0.0940	-3.0000
-0.0618	0.1502	-3.0000
-0.2020	0.0688	-3.0000
0.1115	-0.2382	-1.0000
-0.1601	0.1428	-1.0000
-0.3094	0.0921	-2.0000
-0.0974	0.0555	-1.0000
-0.0218	-0.1750	-1.0000
0.0521	-0.0547	-2.0000
-0.2952	-0.0201	-1.0000
-0.0382	-0.1641	-3.0000
0.1023	-0.0339	-3.0000
-0.1582	-0.0802	-3.0000
0.0266	-0.3156	-1.0000
0.0256	-0.2474	-1.0000
-0.1074	0.0514	-1.0000
-0.1010	-0.0421	-3.0000
-0.0613	-0.1486	-1.0000
-0.1321	-0.3035	-1.0000
-0.0185	0.3245	-3.0000
-0.1698	0.1755	-1.0000
0.0647	-0.3132	-1.0000
-0.1033	-0.1587	-3.0000
-0.0780	0.1641	-3.0000
0.0540	-0.1401	-3.0000
0.0062	-0.0162	-2.0000
0.0075	-0.0744	-1.0000
-0.1726	-0.0850	-1.0000
0.1201	0.1363	-1.0000
-0.0472	-0.1882	-2.0000
0.1197	-0.0245	-3.0000
0.0793	0.0246	-2.0000
0.1988	-0.1668	-3.0000
-0.1740	0.1141	-1.0000
0.2372	-0.0078	-3.0000
0.1099	-0.0669	-3.0000
0.1508	-0.0581	-2.0000
-0.3748	0.0709	-1.0000
-0.2476	0.3047	-1.0000
-0.2883	-0.1676	-2.0000
-0.0196	0.3004	-2.0000
-0.2157	0.2238	-1.0000
0.0559	0.0218	-2.0000
-0.0014	-0.1773	-1.0000
-0.0137	-0.1231	-1.0000
-0.2516	-0.1848	-1.0000
0.0460	0.0582	-1.0000
0.0476	0.0003	-2.0000
0.0048	0.1630	-1.0000
0.0346	0.0221	-1.0000
-0.0009	0.1271	-3.0000
-0.0552	0.0492	-1.0000
0.0693	0.2002	-1.0000
-0.1485	0.1430	-2.0000
-0.3520	0.0216	-2.0000
0.1187	0.2447	-1.0000
-0.1491	0.0761	-3.0000
-0.0753	-0.0137	-2.0000
0.1113	0.2235	-1.0000
0.0457	0.1209	-1.0000
0.1836	0.2336	-1.0000
0.1440	-0.1394	-1.0000
0.0683	0.0918	-3.0000
0.0607	-0.0441	-3.0000
-0.0784	0.0896	-2.0000
0.1551	0.0182	-1.0000
-0.0408	-0.0697	-3.0000
0.1070	0.2128	-1.0000
-0.3327	0.0235	-2.0000
-0.2170	-0.0724	-1.0000
0.0201	0.0766	-3.0000
0.1165	0.0923	-2.0000
-0.0170	-0.1065	-2.0000
-0.1282	0.0963	-3.0000
0.0360	-0.1283	-1.0000
-0.0482	0.0136	-3.0000
-0.0280	0.0560	-3.0000
0.0677	-0.1344	-1.0000
0.0048	-0.0921	-3.0000
0.0493	0.2456	-2.0000
-0.1735	-0.1846	-1.0000
-0.0958	-0.0695	-2.0000
-0.0930	0.2669	-1.0000
0.1143	0.1169	-2.0000
-0.3361	0.1286	-1.0000
0.1867	0.0227	-1.0000
0.2064	-0.3489	-1.0000
0.1082	0.0601	-3.0000
0.1825	-0.1338	-1.0000
-0.0740	-0.2292	-1.0000
-0.0094	-0.0930	-1.0000
-0.0912	-0.0172	-2.0000
0.0556	-0.3123	-1.0000
0.0649	0.2246	-3.0000
-0.1477	0.1060	-2.0000
-0.0945	0.2796	-3.0000
-0.0346	0.1707	-3.0000
0.0086	0.1650	-1.0000
0.0492	-0.1169	-3.0000
-0.1654	0.1707	-2.0000
-0.1553	-0.0746	-2.0000
-0.0646	-0.2809	-2.0000
-0.1799	-0.0910	-1.0000
0.1344	-0.0600	-1.0000
-0.2554	0.0524	-2.0000
0.0442	-0.1289	-3.0000
-0.2141	-0.1700	-1.0000
-0.2514	0.0950	-1.0000
-0.1235	-0.0297	-2.0000
0.1876	0.1176	-1.0000
-0.2014	0.0252	-2.0000
0.2743	0.0939	-1.0000
0.1416	-0.1036	-2.0000
-0.1304	0.1595	-2.0000
-0.1566	-0.1499	-2.0000
0.0639	-0.0250	-2.0000
0.0929	-0.1122	-3.0000
0.0604	0.0338	-3.0000
-0.0407	-0.0874	-1.0000
-0.0317	0.0064	-1.0000
-0.1420	0.1972	-3.0000
-0.0165	0.1634	-3.0000
-0.0965	-0.0445	-1.0000
-0.3676	0.0433	-1.0000
-0.0507	-0.0152	-3.0000
-0.0077	-0.0048	-1.0000
-0.2800	0.0481	-1.0000
0.0747	0.2683	-2.0000
0.0337	-0.1310	-2.0000
0.1294	0.0772	-1.0000
-0.0409	-0.1412	-1.0000
-0.0026	0.2658	-2.0000
-0.0301	-0.2169	-1.0000
-0.0522	-0.1393	-1.0000
-0.1069	-0.2481	-2.0000
-0.1656	0.1833	-2.0000
0.0294	-0.2740	-3.0000
0.0468	-0.2753	-1.0000
-0.0909	-0.3078	-1.0000
0.0336	-0.0123	-2.0000
0.0825	0.0123	-2.0000
-0.1346	-0.0118	-1.0000
0.2213	0.0400	-2.0000
-0.1774	-0.1942	-1.0000
0.1876	0.1006	-1.0000
-0.0213	-0.2041	-1.0000
-0.0677	-0.2209	-2.0000
-0.0343	-0.0596	-1.0000
0.0237	0.1111	-1.0000
0.1962	-0.0879	-1.0000
-0.0121	-0.2377	-2.0000
-0.1255	0.0375	-1.0000
0.0158	0.0359	-2.0000
-0.0602	0.0888	-1.0000
-0.2275	-0.1284	-3.0000
-0.0743	0.2672	-1.0000
-0.2796	-0.1997	-1.0000
-0.0895	-0.0151	-2.0000
0.0342	0.0938	-3.0000
-0.1495	0.1461	-1.0000
-0.1235	-0.1408	-3.0000
-0.1404	-0.1909	-2.0000
-0.3424	0.2632	-1.0000
-0.2795	-0.2692	-1.0000
-0.0237	0.2327	-1.0000
0.0873	0.2020	-2.0000
0.0594	-0.0305	-1.0000
0.0220	0.2182	-1.0000
-0.0599	-0.1212	-1.0000
-0.2429	0.2096	-2.0000
-0.3227	0.1605	-2.0000
-0.0612	-0.1331	-1.0000
0.0493	0.0129	-1.0000
0.0341	-0.0463	-1.0000
-0.4071	-0.0562	-2.0000
-0.0184	-0.1269	-1.0000
-0.1790	0.0264	-3.0000
0.2161	-0.1466	-1.0000
0.0022	0.1194	-2.0000
-0.0162	-0.1671	-1.0000
-0.0018	-0.1336	-3.0000
0.0551	-0.1491	-3.0000
-0.1591	0.0800	-1.0000
0.1928	0.1628	-2.0000
-0.2398	-0.0474	-1.0000
-0.4133	0.0556	-1.0000
-0.0002	0.0657	-1.0000
-0.1299	-0.0864	-2.0000
-0.2734	-0.1342	-2.0000
0.2540	0.0029	-1.0000
-0.1362	0.0423	-3.0000
0.1386	0.0785	-2.0000
-0.0968	0.1287	-1.0000
0.0298	-0.2093	-2.0000
0.2615	0.1573	-2.0000
0.1023	0.3092	-2.0000
-0.2089	0.0543	-2.0000
-0.3093	0.0512	-1.0000
-0.2436	0.2470	-1.0000
0.1458	0.0255	-3.0000
0.2422	-0.2208	-2.0000
-0.0522	-0.2475	-3.0000
-0.2051	-0.2052	-1.0000
-0.1272	-0.1494	-1.0000
0.2752	-0.0069	-3.0000
-0.0608	-0.1230	-1.0000
-0.0457	0.2126	-3.0000
0.1170	0.0485	-1.0000
-0.3007	-0.0066	-3.0000
0.2561	0.0367	-3.0000
-0.2270	-0.1666	-3.0000
-0.1108	0.0193	-3.0000
-0.1794	0.3021	-1.0000
0.0884	0.0503	-1.0000
0.2424	-0.0135	-1.0000
0.0108	-0.1724	-3.0000
0.0775	0.1288	-1.0000
-0.3526	0.0898	-3.0000
-0.0950	-0.2670	-1.0000
-0.0078	0.1159	-3.0000
-0.2353	0.1799	-3.0000
0.1797	0.0113	-1.0000
-0.0597	-0.2351	-3.0000
-0.0294	0.1899	-3.0000
-0.1866	-0.0748	-3.0000
0.0521	0.0639	-3.0000
0.1278	0.3261	-3.0000
-0.1376	-0.2054	-1.0000
-0.0946	0.0840	-3.0000
-0.2069	-0.0521	-3.0000
-0.0084	-0.0983	-3.0000
0.0482	0.0284	-3.0000
-0.1484	-0.1733	-3.0000
0.1692	0.0915	-1.0000
-0.0462	-0.0839	-1.0000
-0.0440	0.0648	-3.0000
-0.2138	0.0065	-3.0000
0.2027	0.1967	-3.0000
