6.7891e-01	5.2495e-01	5.1495e-01
6.5262e-01	4.3744e-01	6.2063e-01
2.4973e-02	8.0391e-01	5.9659e-01
6.6636e-01	5.1160e-01	5.4414e-01
6.3864e-01	6.1291e-01	4.6677e-01
6.8071e-01	3.7539e-01	6.3107e-01
5.6342e-01	7.2552e-01	3.9655e-01
4.1440e-01	7.4823e-01	5.1990e-01
6.2098e-02	7.4202e-01	6.7002e-01
5.6843e-01	8.1907e-01	7.9820e-02
2.6288e-02	9.9971e-01	2.7841e-02
4.4361e-01	5.7930e-02	8.9740e-01
5.8995e-01	3.6830e-01	7.2091e-01
5.0196e-01	6.9944e-01	5.1046e-01
9.2562e-01	3.7096e-01	7.6192e-02
7.4588e-01	6.5653e-01	1.1353e-01
4.0412e-01	4.6846e-01	7.8832e-01
3.8636e-01	7.9100e-01	4.7610e-01
7.8407e-01	4.4544e-01	4.3353e-01
5.9596e-01	1.9777e-01	7.8085e-01
7.7344e-02	4.4481e-01	8.9550e-01
6.5710e-01	5.9198e-01	4.6816e-01
3.8500e-02	9.1675e-01	3.9955e-01
5.4276e-01	4.7196e-01	6.9703e-01
6.5916e-01	6.2637e-01	4.1747e-01
4.5229e-01	8.7721e-01	1.6254e-01
4.6837e-01	8.2412e-01	3.1981e-01
6.4007e-01	5.8496e-01	4.9971e-01
1.4879e-01	6.8297e-01	7.1774e-01
3.1217e-01	1.1696e-01	9.4608e-01
2.6867e-01	6.0015e-02	9.6474e-01
6.8762e-02	5.4263e-01	8.4020e-01
7.0554e-02	4.6920e-02	1.0000e+00
8.0294e-01	5.0030e-01	3.2501e-01
5.9565e-01	1.7902e-01	7.8564e-01
4.5467e-01	7.0084e-01	5.5152e-01
7.5264e-01	3.7049e-01	5.4599e-01
8.8077e-01	4.2698e-01	2.0544e-01
6.3521e-01	5.1972e-01	5.7316e-01
4.8734e-01	8.4121e-01	2.3544e-01
9.7798e-01	1.9765e-01	6.8220e-02
2.3794e-01	6.7697e-02	9.7234e-01
7.0015e-01	4.8161e-01	5.2877e-01
7.7342e-01	4.4692e-01	4.5093e-01
5.4160e-01	8.2954e-01	1.3762e-01
4.1423e-01	6.8207e-01	6.0472e-01
8.7623e-01	2.2141e-01	4.2928e-01
3.0116e-01	9.5263e-01	4.8904e-02
7.1125e-01	3.9314e-01	5.8455e-01
9.3686e-02	7.7759e-01	6.2412e-01
8.8145e-01	1.6061e-01	4.4545e-01
8.8173e-01	3.1777e-01	3.4970e-01
5.0926e-01	7.8587e-01	3.5211e-01
7.2711e-01	2.8313e-01	6.2741e-01
5.3096e-01	7.1285e-02	8.4723e-01
3.4067e-01	8.4071e-01	4.2250e-01
8.0450e-01	5.6341e-01	1.8880e-01
1.9126e-01	4.7014e-01	8.6468e-01
8.3494e-01	3.8682e-01	3.9263e-01
1.6497e-01	7.1716e-01	6.7957e-01
2.1567e-01	4.7271e-01	8.5744e-01
8.7001e-01	4.7600e-01	1.2927e-01
5.5596e-01	8.3091e-02	8.2982e-01
5.6181e-01	7.1654e-01	4.1486e-01
2.0042e-01	4.9740e-01	8.4704e-01
8.1988e-01	3.0097e-01	4.8852e-01
3.1928e-01	4.2416e-01	8.5037e-01
6.0096e-01	8.7042e-02	7.9717e-01
1.3728e-01	7.3717e-01	6.6407e-01
8.5565e-01	2.2647e-01	4.6678e-01
5.2075e-01	7.7970e-01	3.4898e-01
1.6490e-01	1.9678e-02	9.8962e-01
2.1002e-01	9.0380e-01	3.7458e-01
7.1626e-01	5.4903e-01	4.3208e-01
3.3200e-01	8.3579e-01	4.3897e-01
4.9394e-01	6.5695e-01	5.7150e-01
5.0799e-01	8.0559e-01	3.0614e-01
9.9577e-02	8.7422e-01	4.7722e-01
6.8557e-01	7.3441e-02	7.2666e-01
4.5564e-01	3.9405e-01	8.0090e-01
4.5507e-01	6.9959e-01	5.5276e-01
6.7743e-01	6.9506e-01	2.4171e-01
3.7250e-01	6.4325e-01	6.7124e-01
8.0586e-01	3.0587e-01	5.0852e-01
7.7502e-01	5.4916e-01	3.1365e-01
6.1470e-01	6.0635e-01	5.0608e-01
2.2162e-01	8.9378e-01	3.9164e-01
3.1860e-01	3.1301e-01	8.9781e-01
7.2599e-01	3.9246e-01	5.6649e-01
6.1355e-01	7.1285e-01	3.4089e-01
5.6913e-01	5.5855e-01	6.0538e-01
7.1352e-01	6.7325e-01	1.9488e-01
8.7093e-01	4.9168e-01	1.5651e-03
2.2157e-01	5.3317e-01	8.1936e-01
1.9159e-01	8.8792e-01	4.1999e-01
6.1848e-01	7.8422e-01	5.3163e-02
5.2922e-01	8.4163e-01	1.0943e-01
2.2157e-01	7.0126e-01	6.8004e-01
7.8699e-01	5.3739e-01	3.0404e-01
7.3199e-03	9.1462e-01	4.0625e-01
4.7096e-01	7.9763e-01	3.7821e-01
7.0578e-01	5.3069e-01	4.7076e-01
6.7332e-01	6.8848e-01	2.7050e-01
6.0977e-01	3.4294e-01	7.1688e-01
9.1942e-01	3.9289e-01	2.2940e-02
7.8601e-01	2.4199e-01	5.7066e-01
5.9505e-01	7.1128e-01	3.7544e-01
5.6288e-01	2.6335e-01	7.8607e-01
6.0912e-01	4.8531e-01	6.2927e-01
2.9580e-01	7.7375e-02	9.5544e-01
3.9555e-01	4.8596e-01	7.8201e-01
0.0000e+00	9.8644e-01	1.6690e-01
2.2230e-01	7.3820e-01	6.3921e-01
7.5035e-01	6.1830e-01	2.3468e-01
4.9159e-01	1.8908e-01	8.5292e-01
4.8483e-01	2.8448e-01	8.2984e-01
2.1273e-01	7.4695e-01	6.3222e-01
6.6195e-01	2.7219e-01	7.0064e-01
7.4031e-01	4.5360e-01	4.9770e-01
5.2823e-01	5.7098e-01	6.3053e-01
5.7243e-01	6.2874e-01	5.2804e-01
3.1110e-01	5.5216e-01	7.7620e-01
5.1969e-01	8.5327e-01	4.7563e-02
7.6746e-01	3.4090e-01	5.4462e-01
1.9489e-01	9.4479e-01	2.6516e-01
6.4201e-01	5.2134e-01	5.6396e-01
6.3234e-01	6.2999e-01	4.5230e-01
8.9967e-01	3.4298e-01	2.7091e-01
5.8997e-01	1.0249e-01	8.0355e-01
4.3876e-01	6.9030e-01	5.7727e-01
5.9006e-01	4.9956e-01	6.3631e-01
4.2522e-01	7.8210e-01	4.5715e-01
7.5448e-01	1.2768e-01	6.4583e-01
2.5989e-01	5.3600e-01	8.0602e-01
3.2836e-01	9.2011e-01	2.1507e-01
9.0838e-01	3.4133e-01	2.4228e-01
6.4573e-01	2.2870e-01	7.3090e-01
5.1787e-01	2.9599e-01	8.0531e-01
5.7316e-01	6.3106e-01	5.2445e-01
7.7653e-01	1.6709e-01	6.0943e-01
4.0872e-01	2.6481e-01	8.7638e-01
8.1217e-01	5.8301e-01	2.7156e-02
5.6727e-01	8.1177e-01	1.4002e-01
1.7047e-01	9.8513e-01	3.4441e-02
6.7266e-01	6.9426e-01	2.5697e-01
3.0484e-01	8.1244e-01	4.9885e-01
9.3476e-01	3.0976e-01	1.7463e-01
9.9593e-01	2.9863e-02	8.6203e-02
1.2810e-01	7.2078e-01	6.8374e-01
5.8835e-01	7.7926e-01	2.1698e-01
3.2633e-01	8.7331e-01	3.6325e-01
8.5346e-01	1.5037e-01	5.0051e-01
8.1998e-01	5.4364e-01	1.7990e-01
3.8600e-01	6.0179e-01	7.0157e-01
1.7633e-02	6.1973e-01	7.8753e-01
1.1356e-02	4.0975e-01	9.1546e-01
1.1474e-01	1.0726e-01	9.9113e-01
6.5194e-01	7.0578e-02	7.5745e-01
5.5837e-01	5.8769e-01	5.8744e-01
7.7840e-01	6.2000e-01	9.9662e-02
7.7274e-01	3.4061e-01	5.3725e-01
9.1166e-01	3.4322e-01	2.2675e-01
8.5351e-01	4.8374e-01	1.9447e-01
5.4859e-01	4.2225e-01	7.2403e-01
4.9745e-02	6.5575e-01	7.5613e-01
3.4812e-01	7.1956e-01	6.0298e-01
9.3280e-01	2.3020e-01	2.7811e-01
6.5154e-01	5.6171e-01	5.1150e-01
6.7708e-01	1.7637e-02	7.3811e-01
8.1106e-01	5.4434e-01	2.1499e-01
9.2460e-01	4.7739e-02	3.7906e-01
4.8898e-01	2.0368e-01	8.5105e-01
6.1832e-01	6.9094e-01	3.7580e-01
5.3906e-01	2.8324e-01	7.9586e-01
2.7229e-01	6.2736e-01	7.3213e-01
6.4014e-01	4.2657e-01	6.4101e-01
1.5486e-01	2.6617e-01	9.5479e-01
1.6074e-01	2.0914e-01	9.6801e-01
1.4121e-01	7.9406e-01	5.9347e-01
8.2914e-01	2.4942e-02	5.6021e-01
4.8634e-02	9.7102e-01	2.3611e-01
9.3305e-01	4.8742e-02	3.5747e-01
8.6919e-01	3.8242e-01	3.1439e-01
8.9099e-01	4.0771e-01	2.0048e-01
2.2297e-01	8.2014e-01	5.2892e-01
1.0285e-02	6.3368e-01	7.7642e-01
5.0909e-02	9.9730e-01	6.0363e-02
9.9687e-01	6.1821e-02	5.1257e-02
7.2584e-01	5.9636e-01	3.4389e-01
7.4234e-01	5.5306e-01	3.7940e-01
8.9069e-01	1.5254e-01	4.2951e-01
3.8579e-01	6.7457e-01	6.3155e-01
2.7783e-01	8.0449e-01	5.2693e-01
3.8266e-01	2.0103e-01	9.0486e-01
4.1078e-02	7.5639e-01	6.5534e-01
1.0100e-01	9.6348e-01	2.4994e-01
4.6477e-01	4.0858e-01	7.8817e-01
3.4147e-01	6.3426e-01	6.9603e-01
4.1935e-02	3.8392e-01	9.2577e-01
6.4411e-01	5.8217e-01	4.9777e-01
5.2446e-01	6.5106e-01	5.5052e-01
2.1309e-01	8.8928e-01	4.0643e-01
7.1597e-01	5.6727e-01	4.0820e-01
3.8438e-02	9.2571e-01	3.7822e-01
7.2361e-01	8.3952e-02	6.8729e-01
9.7825e-01	1.9728e-01	6.5446e-02
5.7729e-01	7.4442e-01	3.3674e-01
2.7647e-01	9.4925e-01	1.5201e-01
5.4108e-01	5.1621e-01	6.6607e-01
8.5847e-01	1.6954e-01	4.8550e-01
4.9915e-01	5.3843e-01	6.8119e-01
1.4986e-01	3.8278e-01	9.1486e-01
7.7883e-01	3.9771e-01	4.8651e-01
8.3718e-01	3.6850e-01	4.0533e-01
5.6671e-01	3.9908e-01	7.2319e-01
7.5554e-01	5.9287e-01	2.7962e-01
8.4415e-01	3.6215e-02	5.3654e-01
5.1250e-01	4.2259e-01	7.4999e-01
6.4807e-01	3.8449e-01	6.5952e-01
5.1664e-01	3.1028e-01	8.0067e-01
3.1441e-01	1.1972e-02	9.5252e-01
1.3191e-01	7.1718e-01	6.8680e-01
6.5823e-01	6.9058e-01	3.0078e-01
6.3032e-01	7.2031e-01	2.9064e-01
5.8830e-01	4.4608e-01	6.7667e-01
5.2415e-01	7.1371e-01	4.6620e-01
7.4970e-01	3.0454e-01	5.8938e-01
9.3766e-02	7.6539e-01	6.3911e-01
1.7609e-01	6.5537e-01	7.3713e-01
4.0010e-01	6.0931e-01	6.8692e-01
5.5475e-01	2.1657e-01	8.0601e-01
9.2331e-01	1.5901e-01	3.5062e-01
2.2748e-02	5.2855e-01	8.5171e-01
5.5540e-01	4.9447e-01	6.7080e-01
8.5619e-01	4.6339e-01	2.2923e-01
9.8037e-01	1.9653e-01	2.1672e-02
9.1535e-01	9.9098e-02	3.9141e-01
3.1760e-01	7.3426e-01	6.0211e-01
4.8043e-01	6.1813e-01	6.2426e-01
2.3623e-01	9.5238e-01	1.9462e-01
1.3447e-01	1.8183e-01	9.7757e-01
6.7086e-01	7.0708e-01	2.2454e-01
5.7796e-01	4.8546e-01	6.5811e-01
6.0871e-01	3.5497e-01	7.1187e-01
5.4152e-01	1.9945e-01	8.1941e-01
8.1991e-01	2.6618e-02	5.7365e-01
8.6500e-01	4.9520e-01	8.2050e-02
7.2929e-01	5.4622e-01	4.1333e-01
6.9699e-01	5.9315e-01	4.0423e-01
2.0929e-01	4.1008e-01	8.9084e-01
4.4500e-01	2.9326e-01	8.4902e-01
6.8059e-01	6.8005e-01	2.7360e-01
8.7906e-01	1.8987e-01	4.3855e-01
8.9698e-01	1.5927e-01	4.1361e-01
8.0267e-01	2.9407e-01	5.2048e-01
8.4592e-01	3.5846e-01	3.9604e-01
3.1985e-01	9.1274e-01	2.5567e-01
7.4173e-01	5.1580e-01	4.3002e-01
5.0225e-01	5.3040e-01	6.8522e-01
2.8581e-01	8.5728e-01	4.2994e-01
7.5977e-01	2.9524e-01	5.8110e-01
1.0368e-01	3.5026e-01	9.3423e-01
4.4207e-01	5.2014e-01	7.3325e-01
9.5440e-03	1.0000e+00	2.8659e-02
4.8985e-01	7.2809e-01	4.8116e-01
1.3071e-01	3.4961e-01	9.3105e-01
3.4636e-01	7.3976e-01	5.7891e-01
2.6586e-01	5.0598e-01	8.2342e-01
2.7665e-01	5.9689e-01	7.5576e-01
8.6078e-01	5.0499e-01	6.5175e-02
6.1242e-01	4.1561e-01	6.7465e-01
2.3815e-01	7.5838e-01	6.0896e-01
4.3378e-01	6.2058e-01	6.5546e-01
2.1190e-01	5.2436e-01	8.2763e-01
1.8724e-01	6.3571e-01	7.5156e-01
6.0110e-01	3.1094e-01	7.3862e-01
9.9984e-01	7.3721e-03	2.2109e-02
2.9779e-01	8.4175e-01	4.5204e-01
5.2846e-01	4.2778e-01	7.3573e-01
6.6067e-01	5.5316e-01	5.0908e-01
8.4003e-01	4.4387e-01	3.1291e-01
7.1565e-01	5.2359e-01	4.6372e-01
3.6517e-01	4.8641e-01	7.9648e-01
2.6538e-01	1.8260e-01	9.5001e-01
6.3017e-01	4.6513e-01	6.2373e-01
6.5556e-01	7.2610e-01	2.0837e-01
7.5547e-01	5.5761e-01	3.4508e-01
1.8877e-01	3.0908e-01	9.3541e-01
6.4945e-01	7.5732e-01	7.0768e-02
2.1204e-01	8.9584e-01	3.9224e-01
6.4109e-01	4.8918e-01	5.9326e-01
5.4254e-01	3.5778e-02	8.4209e-01
7.6593e-01	5.7592e-01	2.8672e-01
2.1831e-01	9.2573e-01	3.1045e-01
8.6179e-01	4.9700e-01	1.0250e-01
7.2142e-01	6.4580e-01	2.5088e-01
2.3647e-01	4.2340e-01	8.7761e-01
2.5193e-01	6.3554e-01	7.3238e-01
7.3512e-01	5.1352e-02	6.7817e-01
6.5960e-01	5.3132e-01	5.3331e-01
3.2803e-01	6.5358e-01	6.8445e-01
9.8254e-01	1.6068e-01	9.4816e-02
4.9778e-01	6.8793e-01	5.2996e-01
5.6188e-02	4.7503e-01	8.8136e-01
9.7402e-02	9.0645e-01	4.1283e-01
4.5720e-01	6.9777e-02	8.8965e-01
6.8483e-02	9.7873e-01	1.9569e-01
7.8234e-01	2.9647e-01	5.4945e-01
2.5040e-01	7.1890e-01	6.5077e-01
8.4390e-01	5.1080e-01	1.6479e-01
8.5612e-01	5.1446e-01	5.1116e-02
5.6359e-01	7.3541e-01	3.7753e-01
8.2018e-01	1.9187e-01	5.4062e-01
1.2330e-01	6.8190e-01	7.2362e-01
5.0375e-01	8.3504e-01	2.2243e-01
4.3149e-01	1.2129e-01	8.9698e-01
6.9220e-01	4.7695e-01	5.4334e-01
7.9944e-01	2.2704e-01	5.5790e-01
9.2063e-01	3.8045e-01	8.8789e-02
6.5052e-01	3.5972e-01	6.7106e-01
6.3327e-01	4.9392e-01	5.9775e-01
3.7084e-01	5.7525e-01	7.3159e-01
2.4196e-01	7.9095e-01	5.6408e-01
6.2039e-01	7.8117e-01	7.2259e-02
5.8252e-01	1.7785e-01	7.9575e-01
3.6750e-01	7.1386e-01	5.9818e-01
3.7884e-01	7.2509e-01	5.7711e-01
7.8942e-01	5.9801e-01	1.3944e-01
3.1616e-02	5.1353e-01	8.6063e-01
2.8377e-01	7.7889e-01	5.6133e-01
1.5652e-01	9.6776e-01	1.9938e-01
5.3491e-01	2.8479e-01	7.9812e-01
6.1716e-01	5.3329e-01	5.8041e-01
8.5862e-01	9.1887e-02	5.0585e-01
5.1972e-01	6.0665e-01	6.0354e-01
9.6972e-01	1.8322e-01	1.6215e-01
6.3175e-01	6.0446e-01	4.8685e-01
6.0235e-01	2.1893e-02	8.0059e-01
2.5512e-01	3.1207e-01	9.1837e-01
7.3729e-01	5.3984e-01	4.0743e-01
1.4495e-02	2.5617e-01	9.7004e-01
4.3754e-01	5.2893e-01	7.2964e-01
7.0057e-01	3.1716e-01	6.4126e-01
5.7347e-01	5.6968e-01	5.9065e-01
5.0468e-01	3.4671e-01	7.9328e-01
6.6501e-01	1.1384e-01	7.4052e-01
2.7531e-01	3.9479e-01	8.7962e-01
7.8973e-01	3.6977e-01	4.9097e-01
7.0535e-01	6.6325e-01	2.5108e-01
6.6947e-01	7.3990e-01	6.8221e-02
6.1778e-01	3.1369e-01	7.2343e-01
8.6163e-02	8.1937e-01	5.6899e-01
4.5457e-01	8.6720e-01	2.0465e-01
6.5167e-01	7.5873e-01	5.2590e-03
3.1929e-01	3.3911e-01	8.8797e-01
3.3495e-02	1.3867e-01	9.9336e-01
9.8335e-02	9.2816e-01	3.6079e-01
3.2371e-01	1.9398e-01	9.2927e-01
1.1918e-01	8.7167e-01	4.7737e-01
4.0344e-01	9.0015e-01	1.6582e-01
5.0735e-02	9.0466e-01	4.2508e-01
9.2027e-01	2.4174e-01	3.0856e-01
2.1930e-01	5.2228e-01	8.2701e-01
8.8273e-01	1.2149e-01	4.5527e-01
2.0090e-01	4.1257e-02	9.8221e-01
1.7828e-01	7.3603e-01	6.5544e-01
8.4113e-01	5.3808e-01	5.6599e-02
7.5218e-01	2.8382e-01	5.9656e-01
9.6588e-01	2.5330e-01	5.5842e-02
4.4574e-01	8.9493e-01	2.9805e-02
8.7583e-01	5.8240e-02	4.8055e-01
7.3885e-01	6.1849e-01	2.6845e-01
3.2609e-01	4.2188e-01	8.4890e-01
8.5126e-01	2.7955e-01	4.4538e-01
2.1310e-01	6.3438e-01	7.4572e-01
1.3635e-01	2.1521e-01	9.7045e-01
6.8471e-01	6.4537e-01	3.3971e-01
5.6749e-01	8.1660e-01	1.0713e-01
7.2899e-01	6.8455e-01	1.6441e-02
6.0746e-01	3.8344e-01	6.9794e-01
9.7589e-01	2.9213e-02	2.1700e-01
6.0177e-02	2.0177e-01	9.8112e-01
2.1641e-03	1.3518e-01	9.9444e-01
4.9263e-01	7.6690e-01	4.1276e-01
1.2977e-01	9.6949e-01	2.1001e-01
3.5734e-01	6.5885e-01	6.6427e-01
9.7180e-01	1.6028e-01	1.7362e-01
6.6672e-01	4.6580e-01	5.8367e-01
6.8557e-01	5.1443e-01	5.1675e-01
4.9749e-01	4.4870e-01	7.4489e-01
8.0234e-01	4.9818e-02	5.9664e-01
5.8214e-01	5.2168e-01	6.2571e-01
6.1596e-01	6.8735e-01	3.8618e-01
2.9311e-01	6.8508e-01	6.6926e-01
6.8720e-01	5.2150e-01	5.0736e-01
8.0686e-01	5.3943e-01	2.4164e-01
6.3353e-01	2.7621e-01	7.2509e-01
7.2509e-01	6.6850e-01	1.6631e-01
4.6940e-01	4.3879e-01	7.6882e-01
6.8251e-01	5.8133e-01	4.4438e-01
3.5588e-01	7.6717e-01	5.3556e-01
1.7003e-01	7.0220e-01	6.9390e-01
6.4669e-01	6.2652e-01	4.3643e-01
5.9630e-01	6.9101e-01	4.0994e-01
1.5321e-02	9.7849e-01	2.0809e-01
4.3306e-02	6.3396e-01	7.7501e-01
1.3577e-01	8.1239e-02	9.9093e-01
2.9006e-01	2.3568e-01	9.3077e-01
1.2926e-01	8.9541e-01	4.2796e-01
7.4176e-01	4.9353e-01	4.5552e-01
1.4354e-02	1.0562e-01	9.9792e-01
2.8192e-01	9.5975e-01	7.8416e-03
9.0834e-01	3.9575e-01	1.3596e-01
9.1346e-01	3.6758e-01	1.7524e-01
7.8366e-01	2.5465e-01	5.6836e-01
4.3347e-01	8.6396e-01	2.5762e-01
5.7833e-02	5.7149e-01	8.2156e-01
4.6325e-01	5.8268e-01	6.6999e-01
7.1300e-01	3.3009e-01	6.2057e-01
4.5684e-01	8.2643e-01	3.3043e-01
7.2550e-01	4.9637e-01	4.7819e-01
6.6824e-01	7.4412e-01	9.2313e-03
2.0988e-01	8.0305e-01	5.5982e-01
8.4908e-01	4.5300e-01	2.7259e-01
2.7372e-01	5.4783e-01	7.9331e-01
5.1525e-01	6.1640e-01	5.9744e-01
1.6660e-01	6.9786e-01	6.9912e-01
4.4636e-01	7.9816e-01	4.0608e-01
8.7116e-01	9.2584e-02	4.8365e-01
6.8396e-01	3.9042e-01	6.1822e-01
1.9617e-01	6.0889e-01	7.7135e-01
4.5923e-01	8.5350e-01	2.4753e-01
4.9606e-01	7.7978e-01	3.8331e-01
1.6397e-01	3.7262e-01	9.1663e-01
6.2676e-01	6.2668e-01	4.6456e-01
7.4053e-01	6.3676e-01	2.1568e-01
8.7497e-01	3.8057e-01	3.0020e-01
7.4830e-01	6.5837e-01	8.2669e-02
5.9094e-01	3.5258e-01	7.2796e-01
6.5672e-01	7.4192e-01	1.3635e-01
2.2988e-01	6.5677e-01	7.2075e-01
5.0983e-01	7.4563e-01	4.3057e-01
8.0809e-01	5.6673e-01	1.6140e-01
9.3118e-01	3.1991e-01	1.7549e-01
6.7037e-01	4.3400e-01	6.0378e-01
7.8153e-01	4.9184e-01	3.8497e-01
3.6737e-01	3.7046e-01	8.5604e-01
6.7629e-01	6.6835e-01	3.1081e-01
6.0249e-01	6.3909e-01	4.7964e-01
8.3307e-01	4.6052e-01	3.0738e-01
8.4922e-01	1.6683e-01	5.0250e-01
2.2047e-01	3.2246e-01	9.2380e-01
8.7132e-01	3.1618e-01	3.7637e-01
9.2095e-01	2.0149e-01	3.3450e-01
4.4468e-01	7.9206e-01	4.1973e-01
9.7905e-01	1.8042e-01	9.5349e-02
5.4454e-02	9.7584e-01	2.1382e-01
5.9108e-01	5.1963e-01	6.1894e-01
1.8762e-01	8.6834e-01	4.6099e-01
5.9303e-01	6.3909e-01	4.9137e-01
5.9501e-01	3.9958e-01	6.9963e-01
4.5674e-01	6.1594e-01	6.4404e-01
5.9250e-01	3.0820e-01	7.4674e-01
2.0101e-01	8.9321e-01	4.0396e-01
8.9179e-01	2.0349e-01	4.0528e-01
6.5610e-01	4.5960e-01	6.0049e-01
8.4428e-01	4.7536e-01	2.4821e-01
8.3414e-01	2.9390e-01	4.6812e-01
3.2817e-02	8.8451e-01	4.6744e-01
3.2263e-01	6.5976e-01	6.8106e-01
2.9951e-01	4.2171e-01	8.5881e-01
6.5515e-01	5.9948e-01	4.6124e-01
6.2423e-01	5.5302e-01	5.5359e-01
6.3450e-01	5.8569e-01	5.0598e-01
8.5162e-01	5.1915e-01	7.3626e-02
3.5862e-01	6.0536e-01	7.1303e-01
6.5886e-01	6.5454e-01	3.7200e-01
3.5301e-01	5.5537e-01	7.5555e-01
3.8585e-01	6.9285e-01	6.1126e-01
4.3568e-01	7.4094e-01	5.1285e-01
3.9994e-01	7.1046e-01	5.8104e-01
1.0225e-01	8.3027e-01	5.5008e-01
6.4107e-01	6.3719e-01	4.2919e-01
9.1818e-01	3.2840e-01	2.2231e-01
1.4545e-01	8.6801e-01	4.7673e-01
2.5289e-01	4.8625e-01	8.3936e-01
6.8231e-01	1.9468e-01	7.0694e-01
7.8847e-01	5.1750e-01	3.3344e-01
4.4485e-01	4.6956e-01	7.6522e-01
2.9673e-01	6.9322e-01	6.5911e-01
5.5599e-01	6.4966e-01	5.2019e-01
7.6828e-01	3.8607e-01	5.1213e-01
9.5484e-01	1.3592e-01	2.6501e-01
4.8302e-01	6.6941e-01	5.6634e-01
7.7844e-01	8.1082e-02	6.2442e-01
7.0248e-01	7.7754e-02	7.0973e-01
8.5659e-01	3.9335e-01	3.3495e-01
5.8165e-01	6.9891e-01	4.1757e-01
8.6304e-01	4.6699e-01	1.9328e-01
8.3973e-01	5.2247e-01	1.4872e-01
1.3278e-01	9.0561e-02	9.9053e-01
7.3583e-01	5.0906e-01	4.4793e-01
2.9463e-01	4.4816e-01	8.4694e-01
2.2351e-01	7.6259e-01	6.0926e-01
4.6672e-01	8.7703e-01	1.1592e-01
6.3680e-01	5.4379e-01	5.4835e-01
6.7528e-01	7.1057e-01	1.9865e-01
7.8529e-01	1.2637e-01	6.0800e-01
5.6221e-01	8.2401e-01	7.2784e-02
1.5189e-01	2.1442e-01	9.6829e-01
6.6725e-01	5.4639e-01	5.0779e-01
5.8653e-01	6.2297e-01	5.1926e-01
3.9590e-01	3.2503e-01	8.6179e-01
5.0151e-01	6.4964e-01	5.7327e-01
3.6041e-01	4.6848e-01	8.0939e-01
2.6682e-01	5.1728e-01	8.1600e-01
2.1771e-01	9.7524e-01	4.6782e-02
2.9782e-02	8.4763e-01	5.3195e-01
8.6689e-01	4.5676e-01	2.0036e-01
9.9090e-01	1.3290e-01	2.5798e-02
4.5597e-01	7.7702e-01	4.3553e-01
3.1951e-01	6.2753e-01	7.1248e-01
7.1959e-01	3.4517e-01	6.0444e-01
9.5535e-01	2.9175e-01	4.8816e-02
5.1675e-01	1.8269e-01	8.3923e-01
5.9934e-01	7.8716e-01	1.4671e-01
4.9674e-01	8.5913e-01	1.2473e-01
6.2263e-01	4.4431e-01	6.4622e-01
6.4051e-01	7.2957e-01	2.4071e-01
4.1133e-01	7.8900e-01	4.5803e-01
7.3924e-01	5.8291e-01	3.3832e-01
5.8557e-01	3.3691e-01	7.3972e-01
2.4493e-01	4.5865e-01	8.5719e-01
8.4018e-01	5.0764e-01	1.9156e-01
7.1351e-01	3.3972e-01	6.1472e-01
1.2138e-01	1.2219e-01	9.8858e-01
9.6823e-01	1.5424e-01	1.9749e-01
6.2714e-01	5.8655e-01	5.1413e-01
2.9949e-01	9.5326e-01	4.6775e-02
5.7762e-01	4.9999e-01	6.4737e-01
8.6031e-01	4.6358e-01	2.1277e-01
4.5927e-01	6.7257e-01	5.8223e-01
3.0535e-01	8.4977e-01	4.3141e-01
1.8970e-01	6.9011e-01	7.0092e-01
5.7697e-01	6.7720e-01	4.5814e-01
3.4797e-01	6.4907e-01	6.7883e-01
6.0729e-01	7.6651e-01	2.1000e-01
8.1998e-01	7.2137e-02	5.6959e-01
4.1351e-01	7.7756e-01	4.7542e-01
5.8239e-01	5.9056e-01	5.6043e-01
1.0998e-01	3.1206e-01	9.4706e-01
1.1479e-01	9.5217e-01	2.8501e-01
4.9524e-01	8.5738e-01	1.4162e-01
6.8425e-01	2.2151e-01	6.9702e-01
2.6752e-01	5.4118e-01	8.0002e-01
2.5639e-01	4.0532e-01	8.8056e-01
9.0475e-01	3.0957e-01	2.9342e-01
4.1224e-01	4.0297e-01	8.1989e-01
9.4200e-01	2.0572e-01	2.6597e-01
4.1234e-01	4.6478e-01	7.8622e-01
8.8408e-01	7.5138e-02	4.6265e-01
3.8353e-01	2.4382e-01	8.9382e-01
2.0752e-01	6.0734e-01	7.6958e-01
9.8797e-01	2.8470e-02	1.5271e-01
5.8329e-01	6.8071e-01	4.4464e-01
7.1069e-02	8.9750e-01	4.3723e-01
8.8472e-01	4.4569e-01	1.3724e-01
4.0080e-01	3.0099e-01	8.6828e-01
5.0207e-02	7.1306e-01	7.0193e-01
7.5330e-02	5.5125e-01	8.3396e-01
6.7060e-01	6.7430e-01	3.1027e-01
6.5501e-01	6.5800e-01	3.7270e-01
2.8525e-01	2.4425e-01	9.3005e-01
3.3978e-01	1.3211e-01	9.3441e-01
3.6440e-01	6.4870e-01	6.7044e-01
5.9201e-01	4.2736e-01	6.8552e-01
7.4878e-01	4.7788e-01	4.6071e-01
4.1718e-01	9.0481e-01	8.8013e-02
1.8524e-01	3.2365e-01	9.3116e-01
5.1666e-02	8.1967e-02	9.9890e-01
5.5677e-01	5.8631e-01	5.9035e-01
6.4218e-01	4.1164e-01	6.4873e-01
4.9907e-01	7.7566e-01	3.8776e-01
6.7836e-01	1.1725e-01	7.2767e-01
9.4265e-01	6.1319e-02	3.2907e-01
1.8219e-01	7.7460e-01	6.0790e-01
2.8441e-01	8.6096e-01	4.2341e-01
8.9594e-01	4.3608e-01	8.5625e-02
6.5175e-01	7.3416e-01	1.9134e-01
5.6238e-01	4.8265e-01	6.7361e-01
5.1645e-01	8.5309e-01	7.6908e-02
6.3750e-01	6.2369e-01	4.5379e-01
5.4315e-02	5.7959e-01	8.1608e-01
4.4570e-01	9.1129e-02	8.9358e-01
3.3132e-01	9.0811e-01	2.5753e-01
6.2004e-01	2.3460e-01	7.5114e-01
7.4060e-01	5.1437e-01	4.3367e-01
9.4751e-01	3.1905e-01	2.5235e-02
6.7689e-01	3.2079e-01	6.6464e-01
6.2777e-01	4.2940e-01	6.5135e-01
5.9987e-01	6.8655e-01	4.1222e-01
2.4270e-01	5.2617e-01	8.1788e-01
2.4315e-01	9.6942e-01	4.1705e-02
5.8531e-01	6.3343e-01	5.0779e-01
1.8851e-01	8.6910e-01	4.5919e-01
7.6956e-01	6.3873e-01	9.8331e-03
2.3340e-01	7.3365e-01	6.4048e-01
3.6903e-01	3.7823e-01	8.5189e-01
7.7125e-01	1.7220e-01	6.1473e-01
3.4496e-01	2.9362e-01	8.9459e-01
6.9941e-01	2.2924e-01	6.7914e-01
5.5454e-01	4.2622e-01	7.1708e-01
5.8707e-01	3.2052e-01	7.4583e-01
3.6668e-01	6.7465e-01	6.4283e-01
1.8843e-01	9.5402e-01	2.3488e-01
7.6138e-01	8.4684e-02	6.4479e-01
4.6633e-01	2.8066e-02	8.8718e-01
5.6020e-01	7.3068e-01	3.9158e-01
6.3593e-01	7.6789e-01	7.9016e-02
5.4781e-01	2.4097e-01	8.0382e-01
7.0055e-01	6.1049e-01	3.7068e-01
2.5576e-01	9.2528e-01	2.8167e-01
9.4038e-01	2.4044e-01	2.4129e-01
8.4434e-01	5.2028e-01	1.2891e-01
4.5194e-01	5.2363e-01	7.2463e-01
2.8956e-02	9.1236e-01	4.1034e-01
7.4773e-01	2.0188e-01	6.3457e-01
6.7610e-01	6.0467e-01	4.2236e-01
1.7311e-01	8.6928e-01	4.6493e-01
5.6546e-01	3.3107e-02	8.2687e-01
1.1109e-01	9.9053e-01	8.5282e-02
1.2664e-01	6.3425e-01	7.6546e-01
5.3640e-01	7.9318e-01	2.8952e-01
5.9257e-01	7.3078e-01	3.4003e-01
4.8910e-01	6.3009e-01	6.0516e-01
6.5928e-01	2.2242e-01	7.2058e-01
7.0794e-01	4.1662e-01	5.7209e-01
7.4568e-01	5.8712e-01	3.1605e-01
6.7030e-01	7.4179e-01	2.7718e-02
1.3685e-01	6.6497e-01	7.3690e-01
6.3467e-01	6.5538e-01	4.1082e-01
6.3997e-01	5.8520e-01	4.9957e-01
1.5242e-01	8.4840e-01	5.0896e-01
7.0886e-01	2.4622e-01	6.6308e-01
5.9292e-01	6.7281e-01	4.4392e-01
5.3791e-01	6.6061e-01	5.2542e-01
4.6535e-01	6.2595e-01	6.2791e-01
6.6554e-01	6.4269e-01	3.8070e-01
7.4979e-01	1.6456e-01	6.4291e-01
8.4661e-01	4.7156e-01	2.4753e-01
2.0086e-01	5.5506e-01	8.1005e-01
3.2834e-01	7.8684e-01	5.2446e-01
3.8920e-01	5.1641e-01	7.6539e-01
1.6820e-01	9.8337e-01	7.3491e-02
3.7684e-01	1.6272e-01	9.1502e-01
5.6769e-01	2.8959e-01	7.7318e-01
3.7356e-01	2.0076e-01	9.0874e-01
1.9603e-01	2.4503e-01	9.5285e-01
7.7924e-03	9.9861e-01	6.0089e-02
7.8440e-01	5.5829e-01	2.7113e-01
4.9560e-01	5.1142e-01	7.0436e-01
6.4042e-01	7.2833e-01	2.4471e-01
5.8754e-01	6.9860e-01	4.0972e-01
3.0784e-01	9.5063e-01	4.6055e-02
2.2927e-01	7.6102e-01	6.0908e-01
5.6711e-01	8.1001e-01	1.5057e-01
9.8562e-02	7.5506e-01	6.5066e-01
8.2385e-01	4.9466e-01	2.7759e-01
7.5400e-01	1.7810e-02	6.5873e-01
2.2987e-01	6.4025e-01	7.3557e-01
6.4889e-01	5.2857e-01	5.4907e-01
3.9558e-01	3.4568e-01	8.5380e-01
6.0133e-02	9.9238e-01	1.1132e-01
3.0879e-01	4.8075e-01	8.2353e-01
3.7380e-01	3.3225e-01	8.6893e-01
5.2090e-01	6.8894e-01	5.0570e-01
3.0821e-01	3.7101e-01	8.7903e-01
4.8190e-01	4.9777e-01	7.2352e-01
5.6276e-01	7.8381e-01	2.6370e-01
5.5029e-01	8.3506e-01	1.6636e-02
1.3655e-01	8.9789e-01	4.2035e-01
2.4333e-02	6.6636e-01	7.4803e-01
5.8072e-01	5.8658e-01	5.6636e-01
5.1780e-01	6.1218e-01	5.9958e-01
4.8824e-01	4.2685e-01	7.6374e-01
7.6965e-01	5.4725e-01	3.2989e-01
8.5074e-01	2.9174e-01	4.3848e-01
3.2680e-01	4.7768e-01	8.1831e-01
4.7307e-01	2.2204e-01	8.5547e-01
6.0942e-01	2.4798e-01	7.5554e-01
9.6450e-02	3.7534e-01	9.2517e-01
4.1290e-01	8.1655e-01	4.0495e-01
7.5225e-01	8.6222e-03	6.6093e-01
1.9601e-01	9.3581e-01	2.9468e-01
8.4444e-01	4.3955e-01	3.0705e-01
4.0845e-01	7.4209e-01	5.3334e-01
1.2373e-02	7.0260e-01	7.1417e-01
5.8070e-01	6.2471e-01	5.2373e-01
5.2331e-01	6.1912e-01	5.8746e-01
8.9321e-01	2.1892e-01	3.9390e-01
3.0007e-01	2.6160e-01	9.2054e-01
2.0143e-01	2.7332e-01	9.4393e-01
8.2065e-01	5.1281e-01	2.5294e-01
6.9727e-01	5.2954e-01	4.8462e-01
1.8400e-01	4.6232e-01	8.7049e-01
8.8459e-01	3.5886e-01	2.9874e-01
6.6434e-01	5.8146e-01	4.7111e-01
7.6896e-01	2.1583e-02	6.4097e-01
6.9184e-01	3.0742e-01	6.5543e-01
7.3228e-01	5.0120e-01	4.6249e-01
7.6384e-02	9.4606e-01	3.1675e-01
8.4313e-01	2.8316e-01	4.5849e-01
1.7635e-01	7.8420e-01	5.9713e-01
7.4390e-01	5.9295e-01	3.0927e-01
4.5409e-01	8.3682e-01	3.0715e-01
2.5505e-01	8.0454e-01	5.3834e-01
1.0262e-01	5.0755e-01	8.5858e-01
5.9404e-02	7.5780e-01	6.5226e-01
9.2101e-01	5.1993e-02	3.8719e-01
3.2285e-01	7.1087e-01	6.2704e-01
5.6322e-01	4.7244e-01	6.8016e-01
3.9980e-01	4.4694e-01	8.0299e-01
6.2658e-01	6.5260e-01	4.2742e-01
4.0613e-01	8.4054e-01	3.5998e-01
3.1044e-01	7.9277e-01	5.2647e-01
5.7673e-01	2.3283e-02	8.1933e-01
3.5217e-01	9.0239e-01	2.4978e-01
3.1048e-01	8.4424e-01	4.3856e-01
8.3886e-01	2.3471e-01	4.9263e-01
7.1854e-01	1.7643e-01	6.7489e-01
9.6417e-01	2.6745e-02	2.6472e-01
7.0590e-01	2.4541e-02	7.1019e-01
4.3437e-01	8.9389e-01	1.1288e-01
8.9734e-01	2.2236e-01	3.8234e-01
4.8164e-01	6.7631e-01	5.5921e-01
9.8081e-01	1.8956e-01	4.7791e-02
3.0186e-01	1.8181e-01	9.3911e-01
4.7106e-01	7.3605e-01	4.8781e-01
4.9517e-01	7.9275e-02	8.6811e-01
8.6508e-01	2.1028e-01	4.5679e-01
6.6339e-01	1.8445e-03	7.5072e-01
9.3318e-01	3.4945e-01	8.5071e-02
8.0014e-01	6.0005e-01	1.4241e-03
5.4033e-01	1.3420e-01	8.3346e-01
6.6542e-01	1.3078e-01	7.3732e-01
5.5761e-01	6.6124e-01	5.0348e-01
1.9223e-01	1.9223e-01	9.6575e-01
6.0360e-01	6.3601e-01	4.8236e-01
7.0655e-01	5.9958e-01	3.7707e-01
2.5165e-01	5.3176e-01	8.1148e-01
8.6551e-01	4.9606e-01	7.0783e-02
1.1051e-01	6.7799e-01	7.2938e-01
5.9622e-01	5.3450e-01	6.0097e-01
6.3264e-01	3.3334e-02	7.7628e-01
9.3007e-01	5.0722e-02	3.6494e-01
1.9875e-01	9.7625e-01	9.0144e-02
6.9130e-01	6.5875e-01	2.9794e-01
8.9264e-02	9.8838e-01	1.2623e-01
5.7899e-01	8.1259e-01	6.9508e-02
7.9999e-01	2.8775e-01	5.2813e-01
6.9040e-01	7.1316e-01	1.2263e-01
2.4873e-01	8.2700e-01	5.0610e-01
8.0719e-01	2.1168e-01	5.5273e-01
6.8272e-01	3.8458e-01	6.2327e-01
5.4712e-01	6.7755e-01	4.9315e-01
3.8688e-01	7.8357e-01	4.8790e-01
4.5032e-01	6.6752e-02	8.9342e-01
5.2926e-01	7.1469e-01	4.5880e-01
8.1872e-01	5.6217e-01	1.1784e-01
4.5347e-01	4.3401e-01	7.8110e-01
1.3216e-01	4.8304e-01	8.6867e-01
5.0795e-02	1.3942e-01	9.9251e-01
7.9149e-01	5.9810e-01	1.2666e-01
3.8538e-01	9.2290e-01	1.6970e-02
3.8306e-01	7.3666e-01	5.5926e-01
5.1176e-01	7.9206e-01	3.3405e-01
4.7959e-01	1.5255e-01	8.6706e-01
5.7357e-01	2.8783e-01	7.6947e-01
4.9956e-01	5.9572e-01	6.3103e-01
5.1044e-01	8.5515e-01	9.2590e-02
3.0050e-01	7.4232e-01	6.0102e-01
3.3982e-01	8.4217e-01	4.2027e-01
7.7109e-03	8.1137e-01	5.8684e-01
6.7758e-01	6.6883e-01	3.0693e-01
8.8480e-01	4.4291e-01	1.4553e-01
1.1857e-01	6.3799e-01	7.6363e-01
4.5871e-01	7.3284e-01	5.0425e-01
3.5120e-01	9.3585e-01	3.7282e-02
4.8930e-01	6.1776e-01	6.1765e-01
7.8858e-01	5.2888e-01	3.1468e-01
7.3660e-01	1.3823e-01	6.6416e-01
7.7806e-01	1.6331e-01	6.0849e-01
4.2440e-01	2.0291e-02	9.0835e-01
6.1285e-01	5.5269e-01	5.6656e-01
9.1555e-01	9.5937e-02	3.9174e-01
5.8169e-01	8.1357e-01	1.1984e-02
7.6737e-01	6.1195e-01	1.9228e-01
9.0012e-01	1.9084e-01	3.9275e-01
4.8313e-01	8.4417e-01	2.3353e-01
4.1539e-01	5.5719e-01	7.2146e-01
8.5913e-01	8.6761e-02	5.0589e-01
5.1478e-01	6.3485e-01	5.7808e-01
2.3825e-01	6.1623e-02	9.7266e-01
5.2277e-01	4.7298e-01	7.1158e-01
8.8294e-01	3.5025e-01	3.1358e-01
3.1349e-01	9.4181e-01	1.2367e-01
4.8169e-01	6.6718e-01	5.7012e-01
6.7440e-01	7.2046e-01	1.6265e-01
2.7289e-01	4.6631e-01	8.4442e-01
2.4624e-01	4.8547e-01	8.4180e-01
4.8242e-01	4.8226e-01	7.3368e-01
1.5692e-01	9.0724e-01	3.9206e-01
8.8656e-01	7.1151e-02	4.5849e-01
3.7585e-01	4.5474e-03	9.2987e-01
6.3866e-01	1.4467e-02	7.7189e-01
7.4111e-01	4.7159e-01	4.7934e-01
7.1428e-01	2.1580e-02	7.0180e-01
2.8045e-02	8.1832e-01	5.7639e-01
8.6771e-01	3.9042e-01	3.0856e-01
7.2379e-01	5.4615e-01	4.2303e-01
3.5880e-01	5.0676e-01	7.8657e-01
5.6646e-01	6.7801e-01	4.6998e-01
8.4098e-01	9.6561e-02	5.3402e-01
7.3304e-01	6.7102e-01	1.1247e-01
2.1418e-01	2.1620e-01	9.5593e-01
6.4500e-01	1.8325e-01	7.4432e-01
7.4192e-01	2.8804e-01	6.0738e-01
7.1725e-01	4.3976e-02	6.9767e-01
8.9414e-02	5.8106e-01	8.1187e-01
3.6569e-01	8.4058e-01	4.0118e-01
3.7357e-01	5.0766e-01	7.7902e-01
5.7324e-01	8.1830e-01	4.6477e-02
3.2966e-01	2.3817e-01	9.1673e-01
2.4201e-02	7.1611e-01	7.0021e-01
8.2932e-01	5.5569e-01	6.0583e-02
3.7906e-01	1.7249e-01	9.1229e-01
6.0596e-01	5.2613e-01	5.9859e-01
5.4760e-01	4.7958e-01	6.8793e-01
8.2984e-01	5.5824e-01	2.8179e-03
8.1868e-01	4.1123e-01	4.0201e-01
2.0990e-01	5.4511e-01	8.1454e-01
3.8914e-01	6.1614e-02	9.2228e-01
5.3747e-01	4.3097e-01	7.2724e-01
3.4843e-01	6.8446e-01	6.4262e-01
4.7456e-01	7.2293e-01	5.0389e-01
7.0945e-01	7.0392e-01	3.8295e-02
4.0279e-01	8.0932e-01	4.2907e-01
4.2141e-01	6.1871e-01	6.6528e-01
5.3429e-01	8.3596e-01	1.2689e-01
9.3853e-01	8.8173e-02	3.3473e-01
5.2227e-01	7.5344e-01	4.0086e-01
9.4078e-01	3.3869e-01	2.1048e-02
3.2089e-02	8.0161e-01	5.9934e-01
1.2334e-01	8.4458e-01	5.2311e-01
4.4828e-01	8.0622e-01	3.8752e-01
5.5244e-01	7.9338e-01	2.5680e-01
6.8700e-01	2.3545e-01	6.8967e-01
6.0886e-01	1.9841e-01	7.7060e-01
4.5493e-01	8.4862e-01	2.7127e-01
4.9874e-02	9.0947e-01	4.1473e-01
3.0964e-01	7.5253e-01	5.8330e-01
2.5934e-01	9.6237e-01	8.4887e-02
7.8633e-01	5.7687e-01	2.2197e-01
3.4187e-01	8.1388e-01	4.7156e-01
5.0699e-01	5.0640e-01	6.9983e-01
2.9437e-01	8.3436e-01	4.6782e-01
3.1266e-01	9.1429e-01	2.5903e-01
5.6412e-01	6.7727e-01	4.7388e-01
1.8114e-01	7.4836e-01	6.4042e-01
2.2220e-01	7.5991e-01	6.1310e-01
8.8245e-01	4.4527e-01	1.5246e-01
9.2201e-02	5.5823e-03	9.9932e-01
1.8524e-01	4.4762e-01	8.7793e-01
6.0178e-01	6.0459e-01	5.2354e-01
6.1840e-01	3.0109e-01	7.2828e-01
8.1532e-01	3.8068e-01	4.3759e-01
6.5082e-01	6.2346e-01	4.3466e-01
5.9987e-01	7.1540e-01	3.5948e-01
6.9607e-01	3.5397e-01	6.2663e-01
6.0547e-01	7.7344e-01	1.8871e-01
3.9353e-01	1.2524e-01	9.1387e-01
1.6006e-01	1.1735e-01	9.8360e-01
4.0897e-01	5.7225e-01	7.1324e-01
6.6672e-01	7.2576e-01	1.7058e-01
9.9607e-02	1.4800e-02	9.9849e-01
2.3768e-01	3.5947e-01	9.0555e-01
6.2780e-01	5.2731e-01	5.7437e-01
9.7735e-01	6.8124e-02	2.0103e-01
1.9485e-01	3.2350e-01	9.2923e-01
7.1013e-01	6.9892e-01	8.6578e-02
5.9848e-01	7.2034e-01	3.5183e-01
6.1227e-02	8.0301e-01	5.9514e-01
5.1262e-01	6.9023e-01	5.1240e-01
6.1385e-01	7.2077e-01	3.2314e-01
6.1042e-01	6.5678e-01	4.4420e-01
2.1309e-02	8.2288e-01	5.7011e-01
7.0448e-01	6.2946e-01	3.2893e-01
7.3027e-01	1.4773e-01	6.6913e-01
7.1160e-01	7.0281e-01	3.5078e-03
7.3113e-02	4.6597e-01	8.8497e-01
6.4305e-01	6.7602e-01	3.6105e-01
6.1821e-01	3.2818e-01	7.1655e-01
6.5149e-01	4.7189e-01	5.9594e-01
7.1096e-01	3.6877e-01	6.0067e-01
5.2705e-01	5.7231e-01	6.3030e-01
3.8764e-01	5.0084e-01	7.7653e-01
4.3526e-01	2.5471e-01	8.6647e-01
3.4320e-01	7.3191e-01	5.9072e-01
6.3483e-01	4.4958e-01	6.3041e-01
5.3451e-01	5.3235e-01	6.5860e-01
8.2588e-01	1.2168e-01	5.5226e-01
3.8476e-01	6.1780e-01	6.8812e-01
9.1178e-01	3.9811e-01	1.0177e-01
3.3499e-01	9.3575e-01	1.1265e-01
6.5360e-02	3.6636e-01	9.3153e-01
1.0119e-01	5.9972e-01	7.9667e-01
3.1988e-01	6.1087e-01	7.2675e-01
6.8466e-01	7.0497e-01	1.8603e-01
1.0000e+00	5.2622e-03	1.4285e-02
2.3648e-01	9.0900e-01	3.4483e-01
3.7858e-01	4.6021e-01	8.0580e-01
7.9316e-01	1.1046e-02	6.1082e-01
5.6889e-01	7.4660e-01	3.4613e-01
5.8004e-01	5.3214e-01	6.1875e-01
2.0143e-01	6.6387e-01	7.2278e-01
6.8049e-01	7.0073e-01	2.1521e-01
1.7711e-01	3.6208e-01	9.1841e-01
5.7215e-01	2.9739e-01	7.6685e-01
2.3991e-01	9.6657e-01	9.3964e-02
4.0478e-01	4.1602e-01	8.1707e-01
6.3168e-01	6.7955e-01	3.7431e-01
2.6441e-01	7.8529e-01	5.6187e-01
7.6560e-02	5.2618e-01	8.5000e-01
6.1101e-01	3.8499e-01	6.9396e-01
5.7635e-01	7.0260e-01	4.1875e-01
7.3007e-01	5.3965e-01	4.2055e-01
2.2870e-01	7.7001e-01	5.9782e-01
4.1313e-01	4.1120e-01	8.1532e-01
7.9830e-01	5.9874e-01	6.6875e-02
2.0788e-01	7.7285e-01	6.0177e-01
3.8481e-01	2.8912e-03	9.2618e-01
5.8829e-01	6.8794e-01	4.2645e-01
4.3154e-01	8.3043e-01	3.5375e-01
7.3358e-01	3.5436e-01	5.8172e-01
9.4657e-01	2.4157e-01	2.1436e-01
9.4612e-01	2.3353e-01	2.2501e-01
7.8726e-01	2.8665e-01	5.4762e-01
2.8222e-01	8.0771e-01	5.1956e-01
1.1824e-01	9.8581e-01	1.2235e-01
5.3637e-01	8.4241e-01	5.5131e-02
8.2252e-01	5.6828e-01	2.7511e-02
8.7485e-01	3.6850e-01	3.1533e-01
7.8144e-01	5.1950e-01	3.4671e-01
1.6279e-01	8.8557e-01	4.3691e-01
6.9680e-01	5.5975e-01	4.4989e-01
4.8471e-01	7.3583e-01	4.7449e-01
7.2734e-01	1.3649e-01	6.7472e-01
3.4566e-01	3.7362e-01	8.6375e-01
6.6834e-01	2.5864e-01	6.9969e-01
3.9919e-01	0.0000e+00	9.2003e-01
2.8844e-02	3.5179e-01	9.3903e-01
6.6530e-01	1.0340e-01	7.4179e-01
6.5819e-01	4.4964e-01	6.0576e-01
7.0298e-02	4.1732e-01	9.0931e-01
6.5812e-01	7.4689e-01	9.6646e-02
4.8581e-01	8.7408e-01	2.0755e-02
9.0506e-02	5.1404e-01	8.5606e-01
3.7173e-01	8.6285e-01	3.4394e-01
6.4330e-01	4.6652e-01	6.0902e-01
4.9372e-01	6.8446e-01	5.3825e-01
6.0402e-01	6.5403e-01	4.5690e-01
8.2568e-01	2.3163e-01	5.1596e-01
3.7955e-01	3.0151e-01	8.7767e-01
3.3478e-01	1.4838e-01	9.3377e-01
7.6536e-01	5.9639e-01	2.4281e-01
3.2783e-01	4.5318e-01	8.3182e-01
7.2962e-01	7.3139e-02	6.8212e-01
6.1787e-01	4.0089e-02	7.8787e-01
8.0554e-01	5.7864e-01	1.2850e-01
9.9390e-02	6.4554e-01	7.5999e-01
1.4786e-01	7.1267e-01	6.8825e-01
4.6201e-01	3.6904e-01	8.0917e-01
3.7637e-02	8.9818e-01	4.4002e-01
6.4767e-01	5.0915e-01	5.6863e-01
9.0202e-01	3.7131e-01	2.2090e-01
4.6570e-01	8.6946e-01	1.6626e-01
7.9657e-01	2.9229e-01	5.3079e-01
4.0610e-01	7.8530e-01	4.6901e-01
9.0967e-01	3.7556e-01	1.7809e-01
3.7265e-01	5.9898e-01	7.1120e-01
8.2229e-02	8.1033e-01	5.8246e-01
8.4257e-01	3.8479e-01	3.7797e-01
2.0821e-01	9.0575e-01	3.7085e-01
3.2627e-01	6.1365e-01	7.2151e-01
1.3652e-01	3.9024e-01	9.1378e-01
7.8402e-01	6.2098e-01	0.0000e+00
5.9228e-01	6.8542e-01	4.2497e-01
2.3248e-01	7.9140e-01	5.6746e-01
9.3655e-01	2.6448e-01	2.3075e-01
6.2776e-01	2.9076e-01	7.2442e-01
