-0.1590	-0.0087	-3.0000
-0.1236	0.1586	-3.0000
0.6753	-0.1795	0.0000
-0.1385	0.0282	-3.0000
-0.0988	-0.1266	-3.0000
-0.1775	0.2214	-3.0000
-0.0024	-0.2849	-3.0000
0.2197	-0.1977	-2.0000
0.6439	-0.0624	0.0000
-0.1190	-0.6402	0.0000
0.4875	-0.8417	0.0000
0.0341	0.7270	0.0000
-0.0453	0.3054	-3.0000
0.1030	-0.1637	-3.0000
-0.7020	-0.2553	0.0000
-0.3609	-0.4703	-1.0000
0.2243	0.2770	-3.0000
0.2472	-0.2727	-2.0000
-0.3446	-0.0103	-2.0000
-0.1066	0.5050	-1.0000
0.5928	0.3903	0.0000
-0.1270	-0.1072	-3.0000
0.6196	-0.4479	0.0000
0.0417	0.1949	-3.0000
-0.1372	-0.1809	-3.0000
0.0676	-0.6189	-1.0000
0.1036	-0.4367	-2.0000
-0.0977	-0.0738	-3.0000
0.5516	0.0301	-1.0000
0.2194	0.7180	0.0000
0.2437	0.7835	0.0000
0.6227	0.2577	0.0000
0.4529	0.8254	0.0000
-0.3903	-0.1518	-2.0000
-0.1133	0.5253	-1.0000
0.1715	-0.1293	-3.0000
-0.2944	0.1520	-2.0000
-0.5646	-0.1919	-1.0000
-0.0888	0.0463	-3.0000
0.0510	-0.5246	-1.0000
-0.8450	-0.1121	0.0000
0.2821	0.7834	0.0000
-0.1950	0.0408	-3.0000
-0.3245	0.0035	-2.0000
-0.0580	-0.5992	-1.0000
0.2292	-0.0670	-3.0000
-0.5509	0.1800	-1.0000
0.1996	-0.7826	0.0000
-0.2224	0.1658	-3.0000
0.6072	-0.1329	-1.0000
-0.5784	0.2467	-1.0000
-0.5480	0.0277	-1.0000
0.0597	-0.3756	-2.0000
-0.2718	0.2982	-2.0000
-0.0717	0.6720	0.0000
0.2909	-0.3622	-2.0000
-0.4284	-0.3244	-1.0000
0.4762	0.3417	-1.0000
-0.4452	0.0050	-2.0000
0.5334	-0.0326	-1.0000
0.4494	0.3332	-1.0000
-0.5674	-0.3003	-1.0000
-0.0995	0.6467	-1.0000
0.0039	-0.2613	-3.0000
0.4718	0.3028	-1.0000
-0.4251	0.1624	-2.0000
0.3180	0.3691	-2.0000
-0.1589	0.6150	-1.0000
0.5633	-0.0633	-1.0000
-0.5090	0.2081	-1.0000
0.0436	-0.3730	-2.0000
0.3397	0.8400	0.0000
0.4292	-0.4583	-1.0000
-0.2257	-0.1013	-3.0000
0.3054	-0.3437	-2.0000
0.1203	-0.0740	-3.0000
0.0479	-0.4325	-2.0000
0.5761	-0.3438	0.0000
-0.2855	0.5657	0.0000
0.1418	0.3523	-2.0000
0.1711	-0.1272	-3.0000
-0.2090	-0.3926	-2.0000
0.2847	0.0242	-3.0000
-0.3987	0.1755	-2.0000
-0.3436	-0.2040	-2.0000
-0.0585	-0.0868	-3.0000
0.4211	-0.4349	-1.0000
0.2868	0.5065	-1.0000
-0.2465	0.1507	-3.0000
-0.0867	-0.3221	-2.0000
0.0128	0.0406	-3.0000
-0.2795	-0.4143	-1.0000
-0.6243	-0.4245	0.0000
0.4547	0.2478	-2.0000
0.4624	-0.4052	-1.0000
-0.1998	-0.6331	0.0000
-0.0537	-0.6341	-1.0000
0.4691	-0.0184	-2.0000
-0.3663	-0.2021	-2.0000
0.6531	-0.4403	0.0000
0.1170	-0.3632	-2.0000
-0.2051	-0.0519	-3.0000
-0.1938	-0.3620	-2.0000
-0.0799	0.3238	-3.0000
-0.7115	-0.3204	0.0000
-0.3797	0.2846	-2.0000
-0.0517	-0.2908	-3.0000
-0.0382	0.4527	-2.0000
-0.0518	0.1247	-3.0000
0.2206	0.7604	0.0000
0.2384	0.2564	-3.0000
0.5767	-0.7097	0.0000
0.4664	-0.0857	-2.0000
-0.3239	-0.3322	-2.0000
0.0294	0.5749	-1.0000
0.0723	0.4723	-2.0000
0.4769	-0.0994	-2.0000
-0.1755	0.3710	-2.0000
-0.2647	0.0382	-3.0000
0.0725	0.0516	-3.0000
0.0060	-0.0872	-3.0000
0.3531	0.1940	-2.0000
-0.0693	-0.6978	0.0000
-0.3247	0.1764	-2.0000
0.4101	-0.5886	0.0000
-0.0994	0.0369	-3.0000
-0.0912	-0.1539	-3.0000
-0.5927	-0.0624	-1.0000
-0.1369	0.6071	-1.0000
0.1950	-0.0979	-3.0000
-0.0221	0.1184	-3.0000
0.1944	-0.2814	-2.0000
-0.3677	0.4487	-1.0000
0.4111	0.2338	-2.0000
0.2392	-0.6106	0.0000
-0.6166	-0.0858	-1.0000
-0.1659	0.4349	-2.0000
0.0328	0.4411	-2.0000
0.0046	-0.0923	-3.0000
-0.3883	0.3831	-1.0000
0.1619	0.5296	-1.0000
-0.5071	-0.4814	0.0000
-0.0914	-0.5818	-1.0000
0.3393	-0.8233	0.0000
-0.1970	-0.3787	-2.0000
0.3508	-0.2716	-2.0000
-0.6926	-0.1170	0.0000
-0.9379	0.0488	0.0000
0.5742	-0.0321	-1.0000
-0.0902	-0.4869	-1.0000
0.2919	-0.4417	-1.0000
-0.5280	0.3032	-1.0000
-0.4582	-0.3150	-1.0000
0.2657	0.0864	-3.0000
0.6860	0.1453	0.0000
0.6512	0.4380	0.0000
0.4345	0.7655	0.0000
-0.2379	0.5948	0.0000
0.0292	-0.0002	-3.0000
-0.4186	-0.4506	-1.0000
-0.3338	0.1703	-2.0000
-0.6267	-0.1009	-1.0000
-0.5144	-0.2505	-1.0000
0.0245	0.2613	-3.0000
0.6562	0.0869	0.0000
0.3131	-0.1010	-2.0000
-0.6786	0.0415	-1.0000
-0.1149	-0.0435	-3.0000
-0.2992	0.6239	0.0000
-0.4314	-0.2852	-1.0000
-0.7112	0.2869	0.0000
0.0384	0.5606	-1.0000
-0.0850	-0.2729	-3.0000
0.0005	0.4439	-2.0000
0.4075	0.0907	-2.0000
-0.1064	0.1857	-3.0000
0.4556	0.5964	0.0000
0.4278	0.6572	0.0000
0.5526	-0.1737	-1.0000
-0.5366	0.4636	0.0000
0.5549	-0.6365	0.0000
-0.7299	0.2674	0.0000
-0.5208	-0.0589	-1.0000
-0.5869	-0.1795	-1.0000
0.4516	-0.2522	-1.0000
0.6948	0.1236	0.0000
0.4779	-0.8114	0.0000
-0.9403	-0.0091	0.0000
-0.2557	-0.2186	-2.0000
-0.2761	-0.1504	-3.0000
-0.5997	0.2399	-1.0000
0.2673	-0.0373	-3.0000
0.3879	-0.2404	-2.0000
0.1703	0.6095	-1.0000
0.6648	-0.0875	0.0000
0.5057	-0.6179	0.0000
0.1336	0.3287	-2.0000
0.3237	0.0535	-3.0000
0.6129	0.4693	0.0000
-0.1041	-0.0731	-3.0000
0.0763	-0.0871	-3.0000
0.4348	-0.4182	-1.0000
-0.2282	-0.1378	-3.0000
0.6135	-0.4741	0.0000
-0.3380	0.5225	-1.0000
-0.8469	-0.1142	0.0000
-0.0367	-0.3531	-2.0000
0.2742	-0.6904	0.0000
0.0501	0.1298	-3.0000
-0.5310	0.2736	-1.0000
0.1107	0.1236	-3.0000
0.4990	0.4608	-1.0000
-0.3367	0.0769	-2.0000
-0.4503	0.0319	-2.0000
-0.0056	0.2807	-3.0000
-0.3193	-0.2713	-2.0000
-0.5578	0.4333	0.0000
0.0738	0.2835	-3.0000
-0.1261	0.2382	-3.0000
0.0388	0.4247	-2.0000
0.1678	0.8145	0.0000
0.5701	-0.0263	-1.0000
-0.1626	-0.3376	-2.0000
-0.1248	-0.3721	-2.0000
-0.0269	0.1997	-3.0000
0.0658	-0.2143	-3.0000
-0.3027	0.2467	-2.0000
0.6085	-0.1094	0.0000
0.5202	0.0708	-1.0000
0.2480	0.0672	-3.0000
-0.0435	0.5105	-2.0000
-0.6685	0.1659	0.0000
0.6674	0.2799	0.0000
0.0272	0.1527	-3.0000
-0.5099	-0.2028	-1.0000
-0.8713	-0.1514	0.0000
-0.6701	0.2531	0.0000
0.3506	-0.1144	-2.0000
0.1408	0.0053	-3.0000
0.3373	-0.6562	0.0000
0.4452	0.6891	0.0000
-0.2051	-0.4179	-2.0000
-0.0062	0.1495	-3.0000
-0.0753	0.3091	-3.0000
-0.0321	0.5369	-1.0000
-0.5198	0.4737	0.0000
-0.5764	-0.3578	0.0000
-0.2495	-0.1151	-3.0000
-0.1983	-0.1636	-3.0000
0.4412	0.4164	-1.0000
0.1261	0.4813	-2.0000
-0.2038	-0.3520	-2.0000
-0.5649	0.2154	-1.0000
-0.6105	0.2203	-1.0000
-0.3954	0.1961	-2.0000
-0.4687	0.0325	-2.0000
0.2644	-0.5690	-1.0000
-0.2688	-0.0743	-3.0000
0.1056	0.1341	-3.0000
0.3578	-0.3701	-1.0000
-0.3216	0.2476	-2.0000
0.5386	0.5057	0.0000
0.1846	0.1846	-3.0000
0.5048	-0.8412	0.0000
0.1148	-0.2138	-3.0000
0.5096	0.5035	0.0000
0.3130	-0.1393	-2.0000
0.3988	0.2749	-2.0000
0.3997	0.1376	-2.0000
-0.5757	-0.3809	0.0000
-0.0673	0.2243	-3.0000
0.4455	-0.1294	-2.0000
0.2042	0.0302	-3.0000
0.4641	0.2626	-1.0000
0.5064	0.1003	-1.0000
-0.0763	0.3704	-2.0000
-0.9851	0.0128	0.0000
0.3491	-0.3375	-1.0000
0.0533	0.2667	-3.0000
-0.1296	-0.0382	-3.0000
-0.4616	-0.1134	-2.0000
-0.2220	-0.0518	-3.0000
0.2763	0.2685	-2.0000
0.3009	0.6646	0.0000
-0.0857	0.1374	-3.0000
-0.1883	-0.4484	-2.0000
-0.3041	-0.1841	-2.0000
0.4335	0.5424	-1.0000
-0.2354	-0.5946	0.0000
0.4320	-0.4361	-1.0000
-0.0999	0.0901	-3.0000
-0.1036	0.6983	0.0000
-0.3346	-0.2505	-2.0000
0.3998	-0.5328	-1.0000
-0.5620	-0.3416	-1.0000
-0.2731	-0.3420	-2.0000
0.4140	0.3934	-1.0000
0.4320	0.0839	-2.0000
-0.3704	0.5428	0.0000
-0.1273	0.0017	-3.0000
0.3410	0.0267	-2.0000
-0.8548	-0.0570	0.0000
0.1112	-0.1368	-3.0000
0.6220	0.3519	0.0000
0.5622	-0.4275	0.0000
0.0225	0.7100	0.0000
0.5187	-0.6781	0.0000
-0.3594	0.2191	-2.0000
0.4344	-0.0590	-2.0000
-0.5061	-0.2997	-1.0000
-0.5733	-0.4013	0.0000
-0.0071	-0.3099	-3.0000
-0.4539	0.3020	-1.0000
0.5795	0.0361	-1.0000
0.0250	-0.5305	-1.0000
0.0776	0.6718	-1.0000
-0.1821	0.0575	-3.0000
-0.4070	0.2865	-2.0000
-0.6860	-0.2526	0.0000
-0.1351	0.2696	-3.0000
-0.0874	0.0899	-3.0000
0.2826	0.1354	-3.0000
0.4356	-0.1965	-2.0000
-0.1937	-0.6139	0.0000
-0.0957	0.5351	-1.0000
0.2885	-0.1002	-3.0000
0.2723	-0.1282	-3.0000
-0.4207	-0.3971	-1.0000
0.6555	0.3006	0.0000
0.3863	-0.1884	-2.0000
0.4270	-0.6654	0.0000
0.0065	0.4446	-2.0000
-0.0603	0.0408	-3.0000
-0.5598	0.3585	-1.0000
0.0854	-0.0027	-3.0000
-0.7970	-0.0182	0.0000
-0.0861	-0.1019	-3.0000
-0.1911	0.6744	0.0000
0.3601	0.5251	-1.0000
-0.2637	-0.1147	-3.0000
0.5986	0.6182	0.0000
0.1917	0.1738	-3.0000
-0.2214	0.2807	-2.0000
0.0067	0.0182	-3.0000
0.0653	0.3867	-2.0000
-0.2378	0.5427	-1.0000
0.3619	0.4199	-2.0000
-0.3594	0.1050	-2.0000
-0.2482	-0.3569	-2.0000
-0.2654	-0.5817	0.0000
-0.0992	0.3548	-2.0000
0.6080	-0.2168	0.0000
0.0814	-0.5738	-1.0000
-0.2697	-0.6525	0.0000
0.2943	0.4753	-1.0000
0.5325	0.7402	0.0000
0.5461	-0.4914	0.0000
0.2379	0.6368	-1.0000
0.5553	-0.3415	-1.0000
0.1295	-0.6359	-1.0000
0.6141	-0.4153	0.0000
-0.6451	0.0579	-1.0000
0.4553	0.2639	-2.0000
-0.5943	0.2891	-1.0000
0.3108	0.8149	0.0000
0.5175	-0.0698	-1.0000
-0.5438	-0.4170	0.0000
-0.3120	0.2708	-2.0000
-0.8113	-0.1710	0.0000
0.0166	-0.7492	0.0000
-0.6064	0.3657	0.0000
-0.2954	-0.3031	-2.0000
0.3093	0.3698	-2.0000
-0.4888	0.1436	-1.0000
0.4769	0.0964	-2.0000
0.4565	0.6541	0.0000
-0.1922	-0.2647	-2.0000
-0.1056	-0.6144	-1.0000
-0.3785	-0.5786	0.0000
-0.0668	0.2724	-3.0000
-0.8528	0.1626	0.0000
0.5313	0.6749	0.0000
0.5626	0.7441	0.0000
0.0972	-0.3067	-2.0000
0.4600	-0.6577	0.0000
0.3042	0.0047	-3.0000
-0.8049	0.0116	0.0000
-0.1420	0.1021	-3.0000
-0.1700	0.0020	-3.0000
0.0993	0.2565	-3.0000
-0.4791	0.4736	0.0000
-0.0084	0.0901	-3.0000
-0.0792	-0.2608	-3.0000
0.3841	-0.0137	-2.0000
-0.1728	-0.0122	-3.0000
-0.4163	-0.2579	-2.0000
-0.1329	0.3887	-2.0000
-0.3077	-0.4349	-1.0000
0.1344	0.2858	-3.0000
-0.1697	-0.1186	-3.0000
0.2955	-0.2006	-2.0000
0.5280	-0.0072	-1.0000
-0.1152	-0.1646	-3.0000
-0.0458	-0.2434	-3.0000
0.5780	-0.6672	0.0000
0.6612	0.1222	0.0000
0.4003	0.7878	0.0000
0.2932	0.6020	-1.0000
0.5324	-0.4048	-1.0000
-0.2672	-0.0329	-3.0000
0.5374	0.7728	0.0000
0.2019	-0.8244	0.0000
-0.6425	-0.2250	0.0000
-0.6421	-0.1666	-1.0000
-0.3722	0.2717	-2.0000
0.1273	-0.5251	-1.0000
0.6387	0.2166	0.0000
0.1631	0.0756	-3.0000
-0.2377	0.2516	-2.0000
0.1216	-0.4295	-2.0000
-0.2382	-0.0157	-3.0000
-0.2916	-0.6364	0.0000
0.4716	-0.2106	-1.0000
-0.4863	-0.1562	-2.0000
0.3969	0.2126	-2.0000
0.0917	-0.0164	-3.0000
0.5319	0.0011	-1.0000
0.1558	-0.3396	-2.0000
-0.5830	0.3387	0.0000
-0.1796	0.1973	-3.0000
0.4940	0.1407	-1.0000
0.0913	-0.5248	-1.0000
0.0855	-0.3434	-2.0000
0.4807	0.4711	-1.0000
-0.0811	-0.1404	-3.0000
-0.3143	-0.3647	-2.0000
-0.5346	-0.0696	-1.0000
-0.3778	-0.4986	0.0000
-0.0507	0.3251	-3.0000
-0.2176	-0.5244	-1.0000
0.4589	0.0554	-2.0000
0.0783	-0.2728	-3.0000
-0.4440	-0.3510	-1.0000
-0.6835	-0.1251	-1.0000
-0.1515	0.1470	-3.0000
-0.3431	-0.0926	-2.0000
0.2459	0.4205	-2.0000
-0.1867	-0.3096	-2.0000
-0.0431	-0.1381	-3.0000
-0.4491	-0.1326	-2.0000
-0.5146	0.2907	-1.0000
0.4027	0.5208	-1.0000
-0.5250	0.0521	-1.0000
-0.6530	0.1152	-1.0000
0.1612	-0.3224	-2.0000
-0.8412	-0.0737	0.0000
0.5404	-0.6599	0.0000
-0.0218	0.0860	-3.0000
0.4770	-0.3528	-1.0000
-0.0278	-0.1279	-3.0000
-0.0454	0.2599	-3.0000
0.1732	0.0243	-3.0000
-0.0650	0.3798	-2.0000
0.4476	-0.4237	-1.0000
-0.5874	0.1748	-1.0000
-0.1261	0.1220	-3.0000
-0.4825	-0.1967	-2.0000
-0.4531	0.1509	-2.0000
0.6432	-0.3612	0.0000
0.3478	0.0184	-2.0000
0.3408	0.3785	-2.0000
-0.1248	-0.1197	-3.0000
-0.0709	0.0005	-3.0000
-0.0887	-0.0690	-3.0000
-0.5552	-0.3858	0.0000
0.3006	0.0932	-3.0000
-0.1456	-0.2447	-3.0000
0.3024	0.1734	-2.0000
0.2662	-0.0707	-3.0000
0.1912	-0.1975	-3.0000
0.2458	-0.1121	-3.0000
0.5879	-0.2427	-1.0000
-0.1079	-0.1801	-3.0000
-0.6428	-0.0919	-1.0000
0.5269	-0.3389	-1.0000
0.4099	0.3058	-2.0000
-0.2315	0.4436	-2.0000
-0.3630	-0.1594	-2.0000
0.1725	0.2560	-3.0000
0.3794	-0.0295	-2.0000
0.0289	-0.1121	-3.0000
-0.3192	0.1092	-2.0000
-0.7544	0.1118	0.0000
0.1349	-0.0893	-3.0000
-0.4257	0.4705	0.0000
-0.3087	0.5473	-1.0000
-0.4924	-0.0506	-2.0000
-0.0234	-0.2436	-3.0000
-0.5329	-0.2370	-1.0000
-0.5041	-0.3237	-1.0000
0.4078	0.7794	0.0000
-0.2573	-0.0529	-3.0000
0.3529	0.3454	-2.0000
0.4624	-0.1328	-2.0000
0.0298	-0.6591	-1.0000
-0.0907	0.0039	-3.0000
-0.2207	-0.4433	-1.0000
-0.4181	0.4171	-1.0000
-0.1138	-0.6506	0.0000
0.4395	0.6529	0.0000
-0.1402	-0.0334	-3.0000
-0.0154	-0.0898	-3.0000
0.1975	0.4648	-2.0000
0.1099	-0.0661	-3.0000
0.2785	0.2952	-2.0000
0.3998	0.2587	-2.0000
0.2933	-0.8041	0.0000
0.6600	-0.2734	0.0000
-0.5383	-0.2220	-1.0000
-0.9116	-0.0928	0.0000
0.1503	-0.2957	-2.0000
0.3505	0.0736	-2.0000
-0.2448	0.2245	-3.0000
-0.7851	-0.2104	0.0000
-0.0058	0.5686	-1.0000
-0.1324	-0.5546	-1.0000
-0.0048	-0.6360	-1.0000
-0.0774	0.1749	-3.0000
-0.1554	-0.4234	-2.0000
0.2122	-0.2866	-2.0000
-0.2786	-0.2118	-2.0000
-0.0473	0.3488	-2.0000
0.4130	0.3451	-2.0000
-0.4906	-0.2737	-1.0000
-0.2363	0.2382	-3.0000
0.4340	0.7503	0.0000
-0.7924	0.0375	0.0000
-0.0768	-0.0627	-3.0000
0.2005	-0.7850	0.0000
-0.0039	0.1276	-3.0000
-0.5221	-0.2172	-1.0000
0.1681	-0.0782	-3.0000
0.3352	-0.3623	-1.0000
0.5058	0.0094	-1.0000
-0.0093	-0.1897	-3.0000
0.3160	0.0258	-3.0000
-0.1190	-0.4820	-1.0000
-0.4991	0.4308	0.0000
0.2130	-0.2617	-2.0000
-0.0069	-0.0261	-3.0000
0.5196	0.5499	0.0000
0.5038	-0.5778	0.0000
0.0043	-0.6199	-1.0000
-0.2250	0.4118	-2.0000
0.4031	0.2242	-2.0000
0.3866	0.4116	-1.0000
-0.6033	-0.0140	-1.0000
0.1992	0.3611	-2.0000
-0.7062	0.0522	0.0000
0.2132	0.2784	-3.0000
-0.6152	0.3356	0.0000
0.1853	0.5629	-1.0000
0.4809	0.1405	-2.0000
-0.8974	0.1076	0.0000
-0.0206	-0.2044	-3.0000
0.5963	-0.3986	0.0000
-0.5933	-0.2671	-1.0000
0.1838	0.4913	-2.0000
0.6573	-0.0096	0.0000
0.6173	0.2448	0.0000
-0.1783	-0.3153	-2.0000
-0.1397	-0.2471	-3.0000
0.3019	0.5939	-1.0000
0.1935	0.6948	0.0000
0.2952	0.0188	-3.0000
-0.0356	0.2236	-3.0000
-0.2795	-0.0149	-3.0000
0.0792	-0.7074	0.0000
0.4422	0.5261	-1.0000
0.4888	0.7941	0.0000
0.0316	0.0035	-3.0000
-0.1120	0.2053	-3.0000
0.0826	-0.3359	-2.0000
-0.2559	0.5286	-1.0000
-0.7475	0.2319	0.0000
0.5091	-0.1444	-1.0000
0.3578	-0.3789	-1.0000
-0.6351	-0.3035	0.0000
-0.1890	-0.4701	-1.0000
0.0158	0.1654	-3.0000
-0.0515	-0.6722	0.0000
-0.0988	-0.1471	-3.0000
0.6435	0.2048	0.0000
0.0467	0.6949	-1.0000
0.2515	-0.5634	-1.0000
-0.1272	0.4473	-2.0000
-0.2666	-0.0699	-3.0000
-0.7754	-0.2545	0.0000
-0.1842	0.2978	-2.0000
-0.0874	0.1922	-3.0000
-0.0505	-0.2376	-3.0000
0.4293	0.2526	-2.0000
0.2624	-0.8034	0.0000
-0.0147	-0.1088	-3.0000
0.4756	-0.3550	-1.0000
-0.4453	-0.5446	0.0000
0.4537	-0.0807	-2.0000
0.2460	0.4102	-2.0000
-0.3778	0.3832	-1.0000
0.2491	0.5205	-1.0000
-0.2452	0.3896	-2.0000
0.0171	0.2519	-3.0000
-0.0539	0.3683	-2.0000
0.2921	-0.0276	-3.0000
0.4060	-0.6228	0.0000
-0.3966	0.4851	-1.0000
-0.0087	0.7440	0.0000
0.0009	-0.2937	-3.0000
-0.2125	-0.5966	0.0000
-0.0254	0.4874	-2.0000
-0.2100	-0.2077	-2.0000
0.3477	-0.5574	-1.0000
-0.6995	0.0007	-1.0000
-0.5197	-0.3389	-1.0000
0.1722	0.1741	-3.0000
0.6324	-0.4348	0.0000
-0.3295	0.3747	-1.0000
-0.1626	-0.1579	-3.0000
0.4940	-0.3502	-1.0000
-0.1355	0.6874	0.0000
0.4268	-0.7840	0.0000
0.5732	0.1136	-1.0000
0.0049	-0.4362	-2.0000
-0.0572	-0.3384	-2.0000
0.1285	-0.0216	-3.0000
-0.1878	0.4314	-2.0000
-0.2136	0.1346	-3.0000
-0.2941	-0.2348	-2.0000
-0.2855	-0.6184	0.0000
0.5641	0.0623	-1.0000
-0.1016	-0.2118	-3.0000
-0.0976	-0.0742	-3.0000
0.5263	-0.2940	-1.0000
-0.2542	0.3610	-2.0000
-0.0346	-0.1982	-3.0000
0.0551	-0.1171	-3.0000
0.1616	0.0017	-3.0000
-0.1538	-0.2269	-3.0000
-0.3461	0.4143	-1.0000
-0.4871	-0.1940	-1.0000
0.4817	0.2208	-1.0000
0.3273	-0.2272	-2.0000
0.2517	0.2156	-3.0000
0.3602	-0.7880	0.0000
0.1620	0.6515	-1.0000
-0.0363	0.4188	-2.0000
0.1812	0.6131	-1.0000
0.4029	0.6130	0.0000
0.5216	-0.8128	0.0000
-0.3697	-0.2487	-2.0000
0.1123	0.1671	-3.0000
-0.1539	-0.4188	-2.0000
-0.0334	-0.2502	-3.0000
0.1905	-0.7834	0.0000
0.4558	-0.1316	-2.0000
-0.0868	-0.5711	-1.0000
0.6043	-0.0904	-1.0000
-0.4377	-0.1880	-2.0000
-0.4157	0.5551	0.0000
0.4580	0.0825	-2.0000
-0.1101	0.0178	-3.0000
0.2042	0.4400	-2.0000
0.4917	-0.7630	0.0000
0.3434	0.2969	-2.0000
0.2268	0.4648	-2.0000
0.0764	-0.1587	-3.0000
0.3168	0.4400	-2.0000
0.1287	0.1955	-3.0000
-0.0390	-0.4504	-2.0000
-0.1244	-0.7088	0.0000
0.5226	-0.4136	-1.0000
0.6829	0.0707	0.0000
-0.0043	-0.0175	-3.0000
0.0881	-0.0109	-3.0000
0.1071	0.2918	-3.0000
-0.3311	-0.1882	-2.0000
-0.4856	0.1271	-2.0000
0.3212	0.2950	-2.0000
0.0657	0.5486	-1.0000
-0.1077	0.4396	-2.0000
0.5538	0.4762	0.0000
0.1978	-0.3565	-2.0000
-0.4175	0.5649	0.0000
0.4192	-0.5552	-1.0000
-0.4711	-0.1147	-2.0000
0.2293	-0.1808	-3.0000
0.6960	0.0100	0.0000
-0.0065	-0.0875	-3.0000
0.0800	-0.0274	-3.0000
-0.5868	0.1515	-1.0000
0.2910	0.5707	-1.0000
0.4072	0.5808	-1.0000
-0.4378	-0.2251	-2.0000
-0.1902	-0.0389	-3.0000
0.4824	0.3535	-1.0000
-0.5558	-0.0521	-1.0000
-0.1381	-0.0956	-3.0000
-0.4377	0.5364	0.0000
-0.2104	0.3014	-2.0000
-0.2504	-0.0335	-3.0000
0.5550	-0.5450	0.0000
-0.4723	0.1518	-2.0000
0.5143	-0.1620	-1.0000
-0.2928	-0.2457	-2.0000
0.1179	-0.4587	-1.0000
0.4164	-0.2305	-2.0000
0.5804	0.3040	-1.0000
0.6456	-0.0914	0.0000
-0.7014	0.2903	0.0000
0.3461	-0.0726	-2.0000
0.0131	0.1799	-3.0000
0.2252	0.3083	-2.0000
-0.0866	-0.1950	-3.0000
0.1941	-0.4162	-2.0000
0.3492	-0.2306	-2.0000
-0.1554	0.6894	0.0000
0.2239	-0.5652	-1.0000
0.3309	-0.3513	-1.0000
-0.4752	0.2234	-1.0000
-0.2929	0.4317	-1.0000
-0.8184	0.2061	0.0000
-0.3385	0.5938	0.0000
0.0690	-0.6764	0.0000
-0.5950	0.1385	-1.0000
0.1361	-0.1014	-3.0000
-0.8621	-0.1228	0.0000
0.2586	0.6558	-1.0000
0.1409	-0.2150	-3.0000
-0.0215	0.6832	-1.0000
-0.5315	0.2135	-1.0000
-0.2871	0.6485	0.0000
-0.7159	-0.2290	0.0000
-0.4994	-0.5184	0.0000
-0.0565	0.6056	-1.0000
-0.2314	0.5253	-1.0000
0.0247	-0.1366	-3.0000
0.3868	0.6699	0.0000
-0.0444	-0.1331	-3.0000
-0.2182	-0.1927	-3.0000
0.4200	0.2422	-2.0000
-0.5821	-0.3683	0.0000
0.5932	0.0445	-1.0000
-0.0285	0.0576	-3.0000
-0.2278	0.6434	0.0000
-0.7222	0.2721	0.0000
0.3344	-0.7674	0.0000
-0.2130	-0.3125	-2.0000
0.4680	-0.7466	0.0000
-0.1379	-0.6435	0.0000
-0.3921	0.2082	-2.0000
-0.2725	-0.5114	-1.0000
0.4178	-0.2779	-1.0000
-0.4250	0.2954	-1.0000
-0.1788	0.2067	-3.0000
0.0382	-0.1597	-3.0000
0.2489	-0.2561	-2.0000
0.0298	0.7159	0.0000
0.0575	-0.2216	-3.0000
-0.4787	-0.3848	-1.0000
0.1541	0.3006	-3.0000
0.5437	0.3340	-1.0000
0.5152	0.7388	0.0000
-0.4291	-0.4083	-1.0000
0.0846	-0.7846	0.0000
0.2649	-0.1536	-2.0000
0.0513	-0.3966	-2.0000
0.0302	0.6188	-1.0000
-0.0449	0.4171	-2.0000
0.1138	0.0306	-3.0000
-0.0366	-0.6604	0.0000
0.3712	-0.1224	-2.0000
0.2914	-0.3654	-2.0000
0.6914	-0.1944	0.0000
-0.1897	-0.3134	-2.0000
-0.5906	-0.2575	-1.0000
0.5822	0.1088	-1.0000
0.1598	-0.1980	-3.0000
0.1354	-0.7782	0.0000
0.1284	-0.0001	-3.0000
-0.3668	-0.1855	-2.0000
-0.3354	0.4555	-1.0000
-0.3922	0.3855	-1.0000
0.0399	0.7691	0.0000
-0.0532	0.0120	-3.0000
-0.6717	0.2562	0.0000
-0.1689	-0.6942	0.0000
-0.3653	-0.3634	-1.0000
-0.6083	0.1749	-1.0000
0.0557	-0.5288	-1.0000
0.2239	0.1423	-3.0000
-0.5628	0.3630	0.0000
0.0917	-0.0492	-3.0000
0.2789	0.7890	0.0000
0.0695	0.2066	-3.0000
-0.5510	-0.0318	-1.0000
0.2192	-0.7085	0.0000
0.1370	-0.0841	-3.0000
-0.2328	-0.4831	-1.0000
0.3825	0.3275	-2.0000
0.4174	0.3086	-2.0000
0.1255	0.2177	-3.0000
0.4927	-0.4462	-1.0000
-0.6217	0.3354	0.0000
0.0914	0.8014	0.0000
-0.2455	0.6559	0.0000
-0.2656	0.0067	-3.0000
-0.3526	0.5891	0.0000
0.6693	-0.2095	0.0000
-0.5182	-0.0709	-1.0000
-0.2392	-0.1066	-3.0000
0.2879	0.2423	-2.0000
0.0075	-0.1802	-3.0000
-0.5257	0.3789	-1.0000
-0.3413	-0.4837	-1.0000
0.3719	0.6406	0.0000
-0.1812	0.4859	-1.0000
-0.2942	0.2766	-2.0000
-0.3464	0.5661	0.0000
0.6071	0.1999	0.0000
0.2552	-0.3805	-2.0000
0.2698	0.2350	-3.0000
-0.1409	-0.6684	0.0000
0.2478	0.5877	-1.0000
0.6840	-0.0138	0.0000
-0.5212	-0.4288	0.0000
0.1633	0.6407	-1.0000
-0.0436	0.0628	-3.0000
0.0362	0.1804	-3.0000
-0.5493	-0.4810	0.0000
-0.4121	-0.0080	-2.0000
0.4699	0.2333	-1.0000
0.1028	0.7454	0.0000
0.0416	0.2566	-3.0000
0.3151	-0.0362	-3.0000
0.1388	-0.1897	-3.0000
-0.3383	-0.5764	0.0000
0.2164	-0.3293	-2.0000
0.2206	0.0403	-3.0000
-0.0529	-0.6141	-1.0000
-0.7271	0.2135	0.0000
0.0549	-0.3053	-2.0000
-0.7609	-0.2751	0.0000
0.6684	-0.1752	0.0000
0.5605	-0.2784	-1.0000
0.1486	-0.3626	-2.0000
-0.0274	-0.4647	-2.0000
-0.2244	0.3934	-2.0000
-0.1244	0.4955	-2.0000
0.1050	-0.5000	-1.0000
0.6122	-0.4285	0.0000
0.3583	-0.1466	-2.0000
0.2643	-0.7599	0.0000
-0.3869	-0.3074	-2.0000
0.3008	-0.2965	-2.0000
0.0961	0.1675	-3.0000
0.3567	-0.3174	-2.0000
0.2740	-0.5675	-1.0000
0.0115	-0.1761	-3.0000
0.5132	-0.0935	-1.0000
0.4643	-0.1271	-2.0000
-0.5836	-0.2536	-1.0000
0.4103	0.8606	0.0000
0.4775	0.3727	-1.0000
-0.0377	-0.0702	-3.0000
-0.1037	0.3700	-2.0000
-0.4062	0.0493	-2.0000
-0.1218	-0.1635	-3.0000
-0.0624	-0.3082	-2.0000
-0.2058	0.2361	-3.0000
-0.1244	-0.5064	-1.0000
0.1260	0.6830	-1.0000
0.3904	0.7502	0.0000
0.2338	0.1221	-3.0000
-0.2186	-0.4808	-1.0000
0.4070	0.8519	0.0000
0.3948	0.4729	-1.0000
-0.0770	0.0408	-3.0000
-0.8428	0.1151	0.0000
0.4315	0.5246	-1.0000
-0.3174	-0.5303	-1.0000
-0.0624	-0.3191	-2.0000
0.6378	-0.1800	0.0000
0.0887	-0.1540	-3.0000
-0.0919	-0.3444	-2.0000
-0.0599	-0.1841	-3.0000
0.6752	-0.2189	0.0000
-0.2253	-0.2603	-2.0000
-0.3218	0.4515	-1.0000
-0.3584	-0.6056	0.0000
0.6024	0.3629	0.0000
-0.1245	-0.2728	-2.0000
-0.0958	0.3363	-2.0000
-0.1176	0.1074	-3.0000
-0.2262	0.2008	-3.0000
0.0743	0.0502	-3.0000
0.2510	0.2388	-3.0000
0.1253	0.5298	-1.0000
0.3181	-0.1223	-2.0000
-0.0948	0.1566	-3.0000
0.0610	0.1093	-3.0000
-0.4889	0.3729	-1.0000
0.2682	0.0609	-3.0000
-0.6618	-0.2566	0.0000
0.1892	-0.7128	0.0000
0.5836	0.4895	0.0000
0.5970	0.1706	-1.0000
0.3489	0.1004	-2.0000
-0.2392	-0.4494	-1.0000
-0.9902	0.0078	0.0000
0.3904	-0.4886	-1.0000
0.2544	0.2993	-2.0000
-0.4822	0.5194	0.0000
-0.0225	-0.3468	-2.0000
-0.0046	0.0750	-3.0000
0.4919	0.0510	-2.0000
-0.2225	-0.4205	-2.0000
0.4631	0.4818	-1.0000
-0.0400	0.4066	-2.0000
0.2904	-0.7557	0.0000
0.2118	0.3473	-2.0000
-0.1048	-0.2643	-3.0000
0.4092	-0.1935	-2.0000
0.6115	0.2804	0.0000
-0.0715	0.2676	-3.0000
-0.0157	-0.2458	-3.0000
-0.2500	-0.1031	-3.0000
0.4552	-0.1491	-2.0000
0.2001	0.3500	-2.0000
-0.4655	-0.4606	0.0000
0.4794	-0.1482	-1.0000
0.0797	0.7996	0.0000
-0.0311	-0.2265	-3.0000
0.1605	-0.4128	-2.0000
-0.2655	0.1969	-3.0000
-0.7186	-0.0236	0.0000
-0.7169	-0.0074	0.0000
-0.3701	0.2260	-2.0000
0.3814	-0.2495	-2.0000
0.4358	-0.7478	0.0000
-0.0876	-0.6818	0.0000
-0.5246	-0.4683	0.0000
-0.5329	-0.0460	-1.0000
-0.3483	-0.1496	-2.0000
0.4984	-0.3886	-1.0000
-0.1920	-0.0951	-3.0000
0.1204	-0.2263	-3.0000
-0.3217	0.4661	-1.0000
0.2730	0.4245	-2.0000
-0.1892	0.3820	-2.0000
0.0608	0.7968	0.0000
0.6166	0.5086	0.0000
-0.2427	0.5529	-1.0000
-0.1305	0.1352	-3.0000
0.5930	0.4261	0.0000
-0.2364	-0.5631	-1.0000
-0.0384	-0.7390	0.0000
0.5945	0.2962	0.0000
0.2317	-0.4494	-1.0000
-0.1055	0.1234	-3.0000
0.1176	-0.1266	-3.0000
-0.0486	-0.1707	-3.0000
-0.4519	0.2462	-1.0000
0.2100	0.4990	-2.0000
0.2063	0.6802	-1.0000
-0.3458	-0.3062	-2.0000
0.3147	0.3279	-2.0000
-0.3520	0.5274	0.0000
-0.2039	0.6476	0.0000
-0.4520	-0.3898	-1.0000
0.6034	0.0991	-1.0000
0.5526	-0.0211	-1.0000
0.1271	0.3812	-2.0000
0.6315	-0.3968	0.0000
-0.1088	0.0515	-3.0000
-0.6059	-0.1303	-1.0000
0.0522	-0.6090	-1.0000
-0.3850	0.2065	-2.0000
0.2211	-0.2739	-2.0000
-0.6328	-0.1710	-1.0000
0.2824	0.0972	-3.0000
0.6142	-0.1973	0.0000
-0.4612	-0.0059	-2.0000
0.4301	-0.4632	-1.0000
0.3413	0.0934	-2.0000
0.5155	0.4534	-1.0000
-0.4735	-0.5378	0.0000
-0.0371	-0.2256	-3.0000
0.4469	-0.1939	-2.0000
-0.6889	-0.0292	-1.0000
-0.1202	0.3756	-2.0000
