898	773	263	10	782	658	918	921	410	411	155	795	692	696	185	959	838	851	730	92	353	99	740	995	742	871	235	111	382
519	143	787	404	276	154	668	32	421	679	940	814	179	186	833	579	965	340	597	220	605	355	232	104	625	884	380	895
2	771	516	517	523	147	672	168	681	813	563	180	950	187	960	707	71	328	203	337	468	602	735	369	245	630	378
653	141	405	22	406	792	663	538	156	170	301	816	817	181	198	456	205	725	982	216	364	368	757	887	122	381	638
914	535	30	802	164	40	47	303	306	948	310	831	194	455	584	845	718	592	852	859	731	616	754	755	500	629
384	386	390	14	928	416	291	41	949	568	827	963	195	710	841	335	849	861	95	741	360	366	240	881	370	753
899	8	11	269	913	20	536	794	31	805	550	551	298	812	690	565	318	577	834	330	717	590	977	349	492	109	758	375	891
261	912	29	157	288	547	932	938	304	560	944	945	177	54	569	323	587	207	976	732	990	356	614	746	236	750	508	509	766
265	9	779	146	283	412	800	428	558	176	305	437	824	828	573	966	77	78	474	351	227	231	618	494	239	246	124
134	657	915	408	294	49	693	443	62	964	716	333	973	593	979	96	481	994	738	358	615	377	363	622	495	504	889
770	526	785	666	413	159	293	166	680	811	822	566	315	701	61	67	453	204	211	853	736	998	359	621	751	880	253
128	768	654	910	784	15	148	25	287	552	433	178	823	313	953	190	961	848	988	992	866	483	484	357	361	623	631
256	642	772	151	407	919	797	926	161	44	50	578	835	72	978	345	985	221	94	870	743	628	760	507	639
132	135	776	142	656	28	289	439	183	572	704	68	583	327	458	463	464	209	594	726	984	733	352	872	499	888	252
525	790	665	415	37	556	309	57	442	699	956	700	832	193	450	451	201	980	86	604	744	127
897	518	524	397	150	791	152	798	807	426	46	431	561	184	314	59	64	705	712	586	338	739	228	879	498	114	249
259	648	650	139	401	274	533	540	162	804	422	39	171	51	312	56	60	324	69	967	585	609	883	885
273	149	917	796	542	34	296	430	688	436	951	452	588	87	728	729	858	608	868	234	365	244	761
649	906	140	19	277	543	546	169	555	939	818	182	825	840	714	971	727	91	354	626	506	373	762
781	532	26	924	285	423	686	562	435	317	972	466	723	855	857	346	862	865	997	486	230	362	496	116
395	925	419	676	678	809	553	694	567	55	829	702	322	711	715	93	869	105	619	374	503	635
136	528	280	667	669	414	674	936	942	947	74	76	974	467	595	470	601	97	610	485	112	241	113	632	250	255
512	643	775	145	659	661	664	295	808	689	691	440	957	192	65	449	81	856	991	107	749	115	759
133	267	271	144	671	33	931	292	297	173	946	52	58	446	958	331	213	854	215	348	606	863	98	371	502	254
515	137	777	396	789	308	66	70	839	329	846	83	724	986	607	223	100	102	367	117	251
487	554	651	780	427	174	206	875	655	307	372	84	756	53	219	222
260	393	268	783	17	922	927	673	424	685	557	432	952	826	454	713	975	981	347	860	999	893
160	929	226	637	582	489	874	765	237	462	687	400	633	18	529	344	121	570	445	447
896	514	708	987	520	521	937	266	719	530	275	212	916	89	123	286	383
993	131	376	612	548	43	491	907	282	79	850	820	469	342	920	890	188	350
477	418	196	165	774	7	36	901	900	300	620	877	721	531	598	311	441	189	830
576	769	197	326	103	325	617	905	843	748	106	943	16	339	534	695	438	476
480	257	545	930	613	6	522	172	684	110	559	243	118	247	475	571	479
385	903	392	647	652	12	398	786	409	935	815	955	319	63	321	202	596	88	478	737	878
5	264	488	844	48	819	501	662	214	248	217	379	989	574	191
640	35	709	933	934	262	73	389	45	82	403	799	278	24	153	218	763	636	767
129	225	163	420	810	842	460	429	911	80	497	882	627	341	600	281
482	611	996	101	229	581	42	13	941	270	624	399	722	954	444	541
1	803	677	892	876	575	302	847	175	564	316	734	703
224	544	962	387	644	675	388	969	394	272	402	660	23	599
0	417	706	864	837	806	908	461	493	591	527	465	720	821	471	764	894
258	867	3	646	902	968	970	75	589	210	21	126	284	510
513	290	4	645	745	233	299	108	238	208	434	242	279
320	448	167	200	199	778	490	909	336	788	983	634	539
801	130	641	904	425	459	747	119	27	125	670
38	391	457	138	683	505	334	85	473	698	603
580	836	886	120	537	90	923	511
873	332	752	472	697	158
793	682	549	343
