126.20100000000001
125.20100000000001
125.95100000000001
127.59100000000001
127.461
125.571
125.20100000000001
123.061
121.301
119.541
117.15100000000001
115.391
112.241
108.721
126.416
127.696
128.086
126.96600000000001
126.086
126.986
126.616
124.10600000000001
123.236
121.10600000000001
119.60600000000001
117.976
116.476
113.07600000000001
111.07600000000001
118.12899999999999
119.319
122.779
124.809
126.959
128.629
129.099
127.899
125.499
124.04899999999999
123.689
121.399
120.319
119.229
117.789
116.229
114.779
112.139
109.619
117.195
118.595
122.765
125.045
127.315
129.095
129.235
127.365
124.355
122.365
122.375
120.755
119.135
118.145
115.645
113.775
110.515
108.265
127.12200000000001
125.992
125.87200000000001
126.632
126.64200000000001
124.512
123.39200000000001
121.762
119.632
118.12200000000001
115.37200000000001
113.492
109.22200000000001
106.58200000000001
121.851
124.001
126.661
128.311
128.83100000000002
127.581
125.211
122.211
122.101
120.98100000000001
119.111
117.741
116.241
114.751
112.251
108.991
106.111
127.564
128.454
129.35399999999998
129.494
129.004
127.634
126.514
125.524
124.024
121.514
120.264
118.134
116.134
114.634
110.22399999999999
126.15899999999999
128.179
129.569
129.94899999999998
129.329
127.329
124.439
123.069
122.439
120.189
118.689
117.309
115.679
113.79899999999999
112.169
123.31200000000001
125.47200000000001
127.632
129.292
129.55200000000002
128.312
125.802
122.78200000000001
120.53200000000001
120.162
118.92200000000001
116.792
115.792
114.042
110.652
123.118
125.398
127.54799999999999
128.69799999999998
128.708
126.838
124.838
122.088
120.088
119.598
118.10799999999999
115.60799999999999
113.85799999999999
109.71799999999999
126.395
128.175
129.575
130.715
131.615
131.755
131.015
129.395
126.645
124.395
123.775
121.775
119.535
117.785
116.165
113.665
110.905
107.405
123.54299999999999
126.84299999999999
128.63299999999998
130.173
131.07299999999998
130.72299999999998
128.72299999999998
126.34299999999999
123.213
120.963
120.23299999999999
118.743
115.863
113.73299999999999
128.144
129.134
128.244
128.35399999999998
127.834
125.824
124.304
122.044
118.024
118.134
117.624
114.984
114.47399999999999
119.54
121.66
123.78
126.16
127.53
128.29
127.91
126.79
126.54
126.54
125.16
123.41
122.41
118.41
121.055
123.565
126.195
128.705
130.205
130.435
129.395
127.095
125.305
125.025
124.625
123.465
122.175
117.465
120.595
123.635
126.675
129.465
130.725
130.595
128.805
125.625
123.455
123.445
123.445
122.035
120.505
116.815
125.116
126.486
127.35600000000001
128.216
128.95600000000002
128.816
127.796
126.896
127.006
126.116
124.086
122.816
120.786
115.99600000000001
113.086
122.292
124.69200000000001
126.84200000000001
128.49200000000002
129.002
128.762
126.75200000000001
124.61200000000001
123.86200000000001
123.742
122.23200000000001
120.47200000000001
118.712
120.137
122.147
125.15700000000001
127.417
129.037
129.14700000000002
128.257
125.837
122.79700000000001
121.397
121.62700000000001
120.227
118.82700000000001
116.417
120.147
123.417
126.677
129.05700000000002
130.30700000000002
130.30700000000002
128.67700000000002
125.79700000000001
123.037
121.40700000000001
121.527
120.527
118.26700000000001
115.137
126.758
129.03799999999998
130.688
131.708
131.718
129.468
126.21799999999999
124.338
124.10799999999999
121.728
121.118
118.618
112.848
113.10799999999999
114.258
112.76799999999999
109.63799999999999
123.274
127.314
129.964
131.864
132.134
131.264
128.264
124.25399999999999
122.384
122.39399999999999
120.654
120.03399999999999
117.154
112.524
122.229
123.87899999999999
127.039
129.579
130.469
129.969
128.339
125.319
121.65899999999999
119.649
120.419
119.15899999999999
117.649
114.249
113.12899999999999
120.189
123.609
126.149
128.939
130.349
130.869
129.869
128.119
125.229
122.089
120.209
120.229
118.859
115.969
112.699
127.7
129.88
131.8
133.48
134.0
133.38
130.46
125.89
123.74
123.12
120.33
118.05
116.92
114.9
111.35
127.01100000000001
129.691
131.221
132.251
132.011
129.491
125.581
125.721
123.081
117.911
116.15100000000001
118.441
115.801
115.311
112.541
138.75799999999998
139.918
139.808
139.438
136.798
133.768
130.748
126.838
127.35799999999999
125.728
122.708
122.088
120.458
119.208
115.29799999999999
115.818
135.234
136.384
136.284
135.924
133.174
130.934
128.444
125.194
125.72399999999999
123.354
120.354
118.994
117.134
117.28399999999999
113.14399999999999
111.53399999999999
130.989
131.889
132.149
132.039
130.299
128.929
126.29899999999999
122.539
123.189
121.059
117.809
116.559
114.309
114.079
111.959
110.839
128.679
130.089
130.239
130.269
128.16899999999998
126.189
123.209
119.09899999999999
120.509
119.039
115.309
114.709
113.229
112.639
111.029
110.689
125.81700000000001
127.307
128.92700000000002
129.667
128.64700000000002
128.127
129.377
128.857
126.45700000000001
125.427
122.527
120.24700000000001
117.087
113.29700000000001
120.573
123.583
126.713
128.583
129.953
130.183
129.673
127.76299999999999
127.75299999999999
127.23299999999999
125.20299999999999
123.303
121.90299999999999
119.25299999999999
117.09299999999999
112.803
119.51299999999999
124.40299999999999
127.90299999999999
130.033
131.023
131.013
129.63299999999998
126.863
125.603
125.34299999999999
123.45299999999999
121.31299999999999
120.553
115.413
121.617
125.99700000000001
129.11700000000002
130.987
131.467
130.817
128.907
125.867
124.20700000000001
123.807
122.397
119.73700000000001
117.95700000000001
127.404
127.39399999999999
128.774
130.144
130.644
130.114
128.334
127.054
126.53399999999999
124.36399999999999
121.944
120.53399999999999
116.72399999999999
113.03399999999999
110.36399999999999
121.009
125.809
128.829
130.589
130.829
130.049
128.139
125.589
122.919
121.889
121.499
119.209
116.65899999999999
112.589
108.649
124.12100000000001
126.291
128.971
131.281
133.201
134.111
133.241
131.111
127.59100000000001
123.311
121.431
120.061
116.411
126.807
129.36700000000002
131.80700000000002
133.097
132.127
130.77700000000002
130.567
128.707
124.07700000000001
121.587
119.73700000000001
118.757
117.287
114.927
125.34700000000001
127.637
129.937
132.357
132.757
130.507
127.117
126.26700000000001
124.647
120.49700000000001
119.137
117.137
117.037
116.677
125.741
127.781
129.681
131.471
131.491
128.241
123.991
123.76100000000001
122.771
119.15100000000001
118.291
116.181
115.691
115.59100000000001
128.713
130.123
132.043
134.85299999999998
136.023
134.273
132.513
130.893
128.643
124.353
116.78299999999999
119.34299999999999
118.34299999999999
116.603
113.333
110.31299999999999
127.488
130.558
132.118
132.658
133.19799999999998
132.358
128.338
122.428
120.05799999999999
120.228
117.478
111.818
114.258
113.288
112.68799999999999
111.588
110.868
134.319
135.329
135.459
135.079
131.279
129.889
128.879
126.34899999999999
122.679
121.789
120.779
119.639
116.84899999999999
115.079
114.569
112.039
131.955
133.235
132.355
131.605
127.815
127.315
126.565
124.665
121.635
119.875
119.505
118.365
115.085
112.945
112.065
110.555
127.315
128.335
128.595
128.345
126.835
126.465
126.345
123.835
120.555
118.545
117.925
116.295
113.525
112.265
111.135
109.885
127.29899999999999
128.559
128.809
128.939
127.179
126.04899999999999
125.539
122.149
118.619
117.119
116.859
114.729
112.209
111.459
109.949
108.689
128.35399999999998
129.744
128.484
127.094
121.664
123.304
123.054
122.044
120.154
120.53399999999999
117.50399999999999
115.234
113.334
108.03399999999999
108.03399999999999
107.28399999999999
114.75
115.89
116.02
115.91
114.9
116.55
116.56
114.67
112.16
110.78
109.52
106.88
106.26
104.5
104.13
103.38
130.96
129.45
128.56
129.68
131.06
131.31
135.07
134.43
134.43
133.04
130.89
128.74
125.22
124.336
125.586
127.07600000000001
128.576
131.45600000000002
133.95600000000002
134.826
134.946
134.556
132.796
130.156
127.63600000000001
125.376
126.508
127.63799999999999
129.148
130.908
132.918
134.938
135.938
135.308
134.308
131.918
128.518
125.99799999999999
123.988
122.79
126.78
129.27
131.01
133.01
134.87
135.49
134.11
133.23
130.34
126.59
122.45
119.07
124.318
129.84799999999998
131.97799999999998
133.72799999999998
133.59799999999998
132.828
129.308
125.26799999999999
121.238
117.32799999999999
125.647
128.42700000000002
130.197
132.58700000000002
133.847
133.58700000000002
131.80700000000002
129.77700000000002
125.71700000000001
120.397
116.96700000000001
127.556
129.946
132.086
133.846
134.476
134.226
131.966
126.926
121.146
121.58200000000001
123.742
126.152
128.562
130.722
132.252
133.032
133.042
131.542
128.40200000000002
122.61200000000001
115.81200000000001
120.015
122.905
126.045
128.435
130.195
131.205
130.965
129.965
127.465
123.965
118.955
120.07600000000001
122.96600000000001
125.85600000000001
128.246
129.516
130.156
129.296
127.686
125.57600000000001
122.086
118.10600000000001
125.941
127.101
128.381
129.281
130.311
133.611
136.031
136.941
136.191
135.191
133.311
130.541
127.141
122.471
125.01
126.43
128.99
130.67
131.96
133.13
133.79
132.43
130.05
126.54
124.42
122.17
119.67
115.52
123.595
124.835
126.195
126.805
127.285
129.645
131.515
131.865
130.845
130.065
129.285
127.625
125.715
122.675
119.135
115.215
112.675
122.94
124.17
125.39
126.5
127.22
129.33
130.43
130.4
130.0
128.2
127.04
125.63
123.46
120.92
117.11
112.93
121.78299999999999
122.89299999999999
124.493
125.353
125.963
127.443
128.423
127.89299999999999
126.743
124.84299999999999
123.443
122.413
120.51299999999999
118.113
114.45299999999999
109.663
119.975
121.225
122.845
123.705
123.695
124.685
125.555
124.525
123.255
121.485
120.835
119.945
118.045
115.635
112.355
108.185
118.005
119.115
121.235
123.865
126.995
128.365
124.555
121.885
121.485
120.575
120.055
118.385
116.225
113.045
125.97399999999999
127.22399999999999
129.864
130.614
128.444
120.324
119.17399999999999
118.904
118.634
117.604
117.72399999999999
116.184
113.00399999999999
108.684
133.707
137.007
138.55700000000002
136.83700000000002
134.987
129.86700000000002
130.787
133.207
130.477
123.21700000000001
127.62299999999999
130.07299999999998
130.503
133.22299999999998
135.803
136.10299999999998
136.16299999999998
134.563
131.453
125.68299999999999
121.93299999999999
124.156
130.026
131.836
133.276
135.346
136.536
136.826
135.866
133.376
129.116
124.986
125.12700000000001
127.947
129.267
130.697
132.89700000000002
135.227
137.047
138.607
138.537
137.207
134.227
128.977
125.62700000000001
128.398
130.828
133.378
134.928
135.468
134.498
131.518
127.398
127.68799999999999
124.208
119.708
121.47399999999999
125.054
129.144
132.35399999999998
133.924
135.484
135.164
132.184
126.944
125.094
124.39399999999999
121.28399999999999
116.366
118.696
120.766
122.956
125.02600000000001
125.96600000000001
128.916
131.236
133.436
134.996
135.42600000000002
134.336
131.346
126.066
116.12799999999999
120.07799999999999
122.648
125.348
127.40799999999999
128.718
130.148
132.588
134.268
135.328
135.248
132.898
127.008
125.726
127.206
129.556
131.656
133.756
134.976
135.95600000000002
136.166
134.236
131.186
127.24600000000001
120.95200000000001
123.08200000000001
125.45200000000001
128.082
130.332
132.202
133.062
134.05200000000002
134.15200000000002
133.252
131.582
128.412
124.22200000000001
116.074
116.92399999999999
119.294
121.154
123.89399999999999
126.514
129.014
130.374
130.964
131.184
131.274
131.234
129.934
127.86399999999999
125.044
120.324
119.146
120.13600000000001
122.766
124.756
126.88600000000001
129.006
130.746
131.346
131.446
131.036
130.496
130.086
128.536
126.736
124.426
120.726
119.698
122.93799999999999
125.04799999999999
126.898
128.878
130.34799999999998
131.69799999999998
133.048
134.528
134.22799999999998
134.058
133.75799999999998
131.808
128.97799999999998
125.398
120.538
114.41799999999999
121.54700000000001
123.537
125.527
127.12700000000001
128.86700000000002
130.217
130.947
130.77700000000002
129.977
129.567
129.02700000000002
127.84700000000001
126.537
125.10700000000001
123.177
120.60700000000001
116.01700000000001
112.506
113.796
115.846
117.396
119.806
122.60600000000001
124.27600000000001
125.816
126.35600000000001
126.406
126.82600000000001
126.74600000000001
126.536
125.586
123.126
119.916
115.46600000000001
109.95100000000001
110.491
111.911
115.461
119.62100000000001
122.411
123.09100000000001
126.001
129.30100000000002
126.471
125.26100000000001
124.931
124.101
121.771
118.941
114.861
114.044
114.714
115.14399999999999
115.444
117.514
124.514
135.32399999999998
138.274
131.364
127.61399999999999
126.64399999999999
124.154
123.564
122.72399999999999
119.854
116.146
116.956
118.416
120.766
127.676
136.886
139.226
131.796
128.306
126.846
124.35600000000001
124.166
123.46600000000001
121.99600000000001
117.99600000000001
115.85700000000001
117.927
117.96700000000001
120.65700000000001
123.227
134.247
140.987
131.817
127.197
126.09700000000001
124.12700000000001
123.917
125.727
123.12700000000001
121.65700000000001
116.066
117.38600000000001
120.71600000000001
123.416
129.776
137.026
137.076
128.416
126.446
122.21600000000001
121.256
121.306
120.85600000000001
119.646
118.816
124.155
126.805
128.825
130.335
131.725
132.095
132.595
131.955
130.935
130.795
129.395
125.465
123.305
119.375
126.17
127.92
129.8
131.43
132.05
132.54
133.04
131.78
129.5
128.36
127.73
124.45
121.93
119.91
125.40100000000001
128.401
130.781
132.27100000000002
133.261
133.251
132.611
130.961
127.801
126.021
125.631
122.34100000000001
119.561
126.413
129.053
131.313
133.063
133.553
133.153
132.003
129.97299999999998
126.93299999999999
124.39299999999999
124.25299999999999
120.193
115.89299999999999
131.07399999999998
131.434
132.304
133.664
134.034
133.894
132.114
128.704
127.054
124.904
121.234
116.694
126.59899999999999
129.119
131.129
132.769
133.649
133.649
132.889
130.629
127.229
124.839
123.839
120.569
115.65899999999999
127.251
129.991
131.971
133.211
133.071
132.30100000000002
130.791
128.401
124.881
122.37100000000001
120.851
118.09100000000001
115.321
128.952
131.362
133.012
134.02200000000002
133.40200000000002
131.642
130.392
128.252
124.852
122.08200000000001
120.70200000000001
117.432
131.44799999999998
134.47799999999998
136.75799999999998
137.658
136.678
134.56799999999998
131.458
124.458
129.343
133.023
135.953
137.233
136.88299999999998
133.653
129.653
124.273
128.295
130.955
133.355
134.625
134.515
132.395
127.375
122.235
126.266
128.296
130.20600000000002
132.116
132.886
131.636
129.256
124.346
120.446
133.503
134.533
136.583
138.123
138.523
138.423
137.813
135.433
132.793
128.763
124.23299999999999
123.62299999999999
123.26299999999999
120.243
116.723
117.25299999999999
133.42
134.34
135.38
135.54
133.79
131.92
130.94
129.58
127.71
123.82
119.04
119.19
119.35
116.22
113.08
113.11
130.588
131.56799999999998
137.06799999999998
139.428
140.158
135.368
127.318
127.928
126.648
124.74799999999999
122.21799999999999
121.318
120.79799999999999
118.01799999999999
116.10799999999999
113.958
132.304
133.29399999999998
135.674
136.414
133.774
124.244
125.11399999999999
125.484
124.214
121.824
118.564
117.054
116.914
114.404
112.014
110.124
128.545
129.675
129.415
128.265
122.205
121.315
122.315
122.435
121.165
117.875
114.085
113.315
113.055
110.905
108.625
107.985
124.98700000000001
125.85700000000001
124.71700000000001
123.20700000000001
118.667
119.287
120.037
119.777
118.76700000000001
114.477
110.447
110.31700000000001
110.307
108.40700000000001
107.147
107.26700000000001
130.898
132.158
133.808
134.058
130.638
122.288
124.18799999999999
124.43799999999999
123.178
121.52799999999999
119.88799999999999
118.99799999999999
116.46799999999999
113.29799999999999
123.514
124.64399999999999
122.75399999999999
120.484
115.304
118.084
118.964
119.22399999999999
118.214
114.554
110.89399999999999
110.264
109.25399999999999
106.604
106.22399999999999
104.204
