8.4749e-01	1.2798e+00	1.5073e+00	2.4947e+00
6.9058e-01	3.2979e+00	2.5820e+00	2.6579e+00
3.3253e+00	4.5147e+00	2.3151e+00	3.1219e-01
1.6142e+00	7.1015e+00	1.0433e+00	2.0414e+00
1.4330e+00	2.8839e+00	3.1587e+00	1.5202e+00
2.7212e+00	6.0306e-01	3.7420e+00	2.4019e+00
2.0249e+00	2.2754e+00	2.4213e+00	1.4218e+00
6.2819e-01	1.0781e+00	2.3267e+00	2.9496e+00
3.8090e+00	3.7250e+00	1.7072e+00	1.2264e+00
3.8511e+00	5.1779e+00	3.0797e-01	1.5750e+00
5.2680e+00	7.9257e-01	1.5462e+00	3.2889e+00
5.0431e+00	5.7042e-01	3.4878e+00	1.7583e+00
2.3061e+00	3.0880e+00	3.3447e+00	4.4286e-01
1.6283e+00	2.6068e+00	4.8009e+00	2.1341e-01
1.7868e+00	1.7297e+00	4.4440e+00	8.7237e-01
2.7654e+00	5.3179e+00	9.4195e-01	2.0874e+00
1.5754e+00	3.2223e+00	3.7473e+00	9.9812e-01
1.5931e+00	1.4585e+00	1.5027e+00	2.0315e+00
4.0893e+00	5.8089e-02	3.8531e+00	2.2587e+00
1.6822e+00	7.9771e-01	6.3379e+00	1.0843e+00
2.4430e-01	2.1126e+00	3.8289e+00	3.2904e+00
4.9652e+00	5.6073e-01	4.3411e+00	9.6732e-01
3.3902e+00	2.5890e+00	6.1384e-01	2.8433e+00
3.9049e+00	2.4893e+00	3.1576e+00	2.0890e-01
4.1434e+00	5.3894e+00	7.8188e-01	7.2794e-01
9.1545e-01	4.5066e+00	7.5921e-01	4.2729e+00
1.1657e+00	1.2281e+00	1.8339e+00	1.8974e+00
3.7843e-01	2.0553e+00	4.3213e+00	2.9856e+00
2.8319e+00	2.6022e+00	2.8180e+00	8.4623e-01
7.5603e-01	5.3312e+00	4.2798e+00	4.3899e-01
3.6924e-01	4.6149e+00	4.8968e-01	5.0711e+00
2.9177e+00	5.6511e-01	2.0406e+00	3.2577e+00
1.4436e+00	3.4555e+00	3.4845e+00	1.3138e+00
2.5667e+00	6.1721e+00	1.4902e+00	1.3906e+00
1.4277e+00	6.5500e+00	2.8908e+00	6.1123e-01
2.8634e+00	3.3139e+00	2.6701e+00	7.3044e-01
2.4432e-01	4.5933e+00	4.2335e+00	1.6165e+00
2.0920e+00	7.0680e-01	2.8163e+00	2.5592e+00
4.6570e-01	4.8087e+00	4.7792e+00	7.0291e-01
2.2914e-01	3.4266e+00	2.3968e+00	3.2620e+00
3.7892e+00	9.8863e-01	4.7402e+00	9.2686e-01
3.7248e+00	3.2677e+00	2.4846e+00	5.3792e-01
9.0516e-01	1.4849e+00	2.8966e+00	2.1786e+00
3.6564e+00	2.4139e+00	2.5524e+00	1.1368e+00
8.3170e-01	2.9272e+00	3.9256e+00	1.9765e+00
4.2834e+00	3.3097e+00	7.1354e-02	2.5111e+00
2.0267e+00	6.1447e+00	2.8765e+00	7.1098e-02
2.2479e+00	7.5487e-01	3.1375e+00	2.4078e+00
3.9253e-01	1.6501e+00	1.6877e+00	4.3498e+00
2.5675e+00	5.2035e+00	1.5743e+00	1.7790e+00
3.7732e+00	6.5511e-01	1.9247e+00	3.3041e+00
5.8971e-01	1.4799e+00	1.6860e+00	3.4777e+00
6.9534e+00	1.6853e-01	3.1121e+00	1.0438e+00
3.6031e+00	2.4279e+00	2.8963e+00	7.4793e-01
3.0671e+00	1.2315e+00	5.4772e+00	1.5173e-01
2.6403e+00	2.7410e-01	1.8316e+00	4.0908e+00
3.2380e+00	3.9486e-01	2.5191e+00	3.0228e+00
1.5709e+00	2.3995e+00	4.9871e+00	2.7159e-01
1.3145e+00	1.5125e+00	1.5276e+00	2.0202e+00
3.4413e+00	3.9031e+00	8.3431e-02	2.5604e+00
9.8846e-01	1.4544e+00	1.7815e+00	2.1133e+00
6.5119e+00	3.0410e-01	8.7127e-01	3.4535e+00
3.1800e-01	2.8471e+00	2.9100e+00	2.9624e+00
9.8781e-01	1.1895e-01	7.9632e+00	1.7940e+00
6.1040e-01	9.2884e-02	8.5693e+00	9.3778e-01
2.7184e+00	2.4469e+00	1.7255e+00	1.8608e+00
1.6234e+00	1.8407e+00	1.9416e+00	1.7480e+00
3.8129e+00	4.9456e+00	1.7357e+00	3.3646e-01
2.5515e+00	2.6532e+00	7.5223e-01	2.8471e+00
2.9883e+00	3.0337e+00	1.2758e+00	2.1390e+00
7.8442e-01	1.8773e+00	3.0355e+00	2.4022e+00
5.4378e-01	3.3956e+00	1.8513e+00	3.5370e+00
2.8695e+00	2.0818e+00	8.4995e-01	2.9656e+00
1.4786e+00	2.3635e+00	3.9073e+00	1.1869e+00
3.8325e+00	3.9145e+00	1.9717e+00	7.7293e-01
1.3346e+00	4.3504e+00	2.9253e-01	4.2832e+00
7.9975e-01	1.1601e+00	1.0042e+00	3.7365e+00
3.8884e+00	2.8656e+00	8.7187e-01	2.4021e+00
1.7975e+00	1.6465e+00	5.2054e-01	4.3370e+00
1.7932e+00	1.8418e+00	1.2264e+00	2.4104e+00
7.4472e-01	2.2380e+00	2.2974e+00	2.6465e+00
2.2243e+00	2.0763e+00	3.2800e+00	9.5535e-01
4.0897e-02	5.9327e+00	2.4370e+00	2.6231e+00
1.3282e+00	1.3458e+00	1.3555e+00	2.1706e+00
3.0298e+00	1.8721e+00	2.7552e+00	1.3540e+00
2.2185e+00	2.8954e-01	3.3294e+00	3.2221e+00
2.8955e+00	3.7214e+00	2.8398e+00	2.9973e-01
1.0487e+00	1.6338e+00	1.8399e+00	2.0920e+00
1.0531e+00	4.7569e-01	1.5217e+00	4.2254e+00
4.3461e+00	6.2447e-01	2.1313e+00	3.0678e+00
3.2767e+00	3.6921e+00	2.3622e+00	7.3017e-01
3.8992e+00	1.9633e+00	3.5985e+00	3.9403e-01
1.6248e+00	3.0927e+00	4.9887e-01	4.0502e+00
2.8560e+00	3.1493e+00	5.9453e-01	2.7615e+00
4.7519e+00	2.1255e-01	5.0410e+00	7.3232e-01
1.4205e+00	1.3038e+00	1.6014e+00	1.9446e+00
3.1079e+00	1.0378e-01	3.5863e+00	2.8124e+00
2.0445e+00	6.8153e-01	1.9332e+00	2.9945e+00
6.2573e-01	2.8957e+00	3.2051e+00	2.4665e+00
7.7793e-01	1.7586e+00	1.2529e+00	3.7846e+00
2.6226e+00	2.8578e+00	2.8418e+00	8.0520e-01
3.4372e-01	6.1287e+00	3.5569e+00	1.1450e+00
6.7217e+00	1.9279e+00	1.7696e+00	1.4030e+00
1.7811e+00	7.2788e-01	6.6576e+00	9.5185e-01
2.3539e+00	2.5753e+00	4.9028e-01	3.2849e+00
9.5208e-01	1.8205e+00	6.6281e+00	3.2908e-02
1.3013e+00	6.2744e+00	5.4243e-02	3.4130e+00
2.2157e+00	3.1501e+00	3.1702e+00	7.1750e-01
3.5190e+00	1.3578e+00	3.8591e+00	1.1612e+00
3.9943e+00	1.9984e+00	3.7415e+00	2.8959e-02
6.1619e-01	4.4174e+00	9.0124e-01	4.4936e+00
2.3089e+00	2.3319e+00	2.3383e+00	1.4080e+00
3.5456e+00	3.7100e+00	2.5422e+00	1.8508e-01
4.8855e+00	3.4573e+00	8.4908e-01	1.7264e+00
3.4570e+00	3.1572e+00	5.8862e-01	2.5547e+00
8.8213e-01	4.1597e+00	4.3542e+00	1.1632e+00
1.5310e+00	5.7224e-01	3.3850e+00	2.9398e+00
3.5156e-01	2.2314e+00	2.0842e+00	3.6985e+00
3.4830e-01	1.2036e+00	2.7670e+00	4.2568e+00
2.1013e-01	3.4717e+00	6.1178e-01	6.2233e+00
4.9833e+00	1.0243e+00	3.5107e+00	1.3644e+00
4.5607e+00	1.7176e-01	2.5914e+00	2.9178e+00
6.2266e+00	1.8712e+00	9.4360e-01	2.4921e+00
6.2580e+00	1.9395e+00	2.3781e+00	1.0211e+00
4.2014e+00	2.7533e-01	2.3027e+00	3.1892e+00
2.5390e+00	2.7924e+00	2.2624e+00	1.3732e+00
2.0173e+00	2.6481e-01	3.8986e+00	3.3212e+00
5.8126e-01	1.1646e+00	2.2267e+00	3.1960e+00
6.9914e-01	6.8740e+00	2.4894e+00	1.5850e+00
9.8018e-01	1.6420e+00	2.0222e+00	2.1279e+00
3.2575e+00	2.6996e+00	3.0182e+00	4.0691e-01
4.2992e+00	2.4693e+00	3.0284e+00	3.3208e-01
3.0731e+00	3.3964e+00	1.6884e+00	1.6651e+00
2.1619e+00	1.2768e+00	5.0945e+00	9.3428e-01
1.8482e-01	2.6203e+00	2.9504e+00	3.2101e+00
3.4357e+00	3.8715e+00	1.7560e+00	1.3038e+00
1.5852e+00	1.2267e+00	9.7948e-01	3.3163e+00
2.2470e+00	3.3392e-01	2.2861e+00	3.5364e+00
3.9743e+00	2.5461e-01	3.8042e+00	2.2104e+00
3.8310e+00	1.3804e+00	3.8865e+00	1.0204e+00
1.2511e+00	1.7539e+00	1.1301e+00	2.8964e+00
2.0994e+00	5.0742e-01	2.4179e+00	3.1001e+00
1.1156e-01	2.7507e+00	2.8905e+00	3.2494e+00
7.0873e-01	3.6393e+00	1.4643e+00	3.8747e+00
1.8454e+00	4.6230e+00	2.3645e-01	3.5986e+00
7.4226e-01	5.9784e+00	2.2573e+00	2.3908e+00
1.2788e+00	3.5978e+00	4.5662e+00	6.8783e-01
5.1992e-01	2.0635e+00	3.2649e+00	2.8805e+00
8.4467e-01	1.2110e+00	2.4515e+00	2.2772e+00
7.1162e+00	2.2386e+00	9.7934e-01	1.4457e+00
1.2453e+00	7.9074e-01	2.1739e+00	2.3900e+00
3.5235e+00	6.3565e-01	5.2841e-01	5.6939e+00
2.8806e+00	3.7611e+00	1.7872e+00	1.6026e+00
1.4300e+00	6.0566e-01	3.9187e+00	2.7705e+00
3.6551e+00	3.9196e+00	1.6925e+00	1.2282e+00
4.9663e-01	1.0244e+00	2.0324e+00	3.8383e+00
5.4050e+00	3.1207e+00	2.0901e+00	3.8570e-01
3.9218e+00	6.2694e-01	4.0065e+00	1.8066e+00
4.6225e+00	1.7405e+00	4.4935e-01	3.5678e+00
1.0184e-01	2.8455e+00	2.3594e+00	3.5778e+00
3.6070e+00	3.9275e+00	1.2191e+00	1.7125e+00
8.3289e-01	5.0364e+00	4.5008e+00	2.9132e-01
3.5377e+00	3.3321e+00	2.7155e+00	1.7800e-01
2.7169e+00	8.6101e-01	3.0834e+00	2.2242e+00
2.6607e+00	7.8252e-01	2.6590e+00	2.4764e+00
1.2586e+00	1.0511e+00	1.2146e+00	2.5710e+00
6.8366e+00	2.1880e-01	3.5316e+00	4.2090e-01
4.1157e+00	2.6387e-01	4.0747e+00	1.9846e+00
1.3610e+00	2.2360e+00	4.5480e+00	1.0970e+00
1.1579e+00	1.9347e+00	3.0669e+00	1.8126e+00
1.5849e+00	1.3716e+00	4.8978e+00	1.1093e+00
2.8431e+00	2.7669e+00	2.5494e+00	1.0380e+00
1.5078e+00	5.4491e+00	3.6233e+00	2.4400e-01
2.3835e-01	5.4889e+00	3.8440e+00	1.3841e+00
3.6311e+00	5.5450e+00	1.3910e+00	5.7920e-01
1.2447e+00	1.0943e+00	1.9660e+00	1.9218e+00
1.9064e+00	3.3429e+00	8.9173e-01	3.1129e+00
3.3617e+00	1.4861e+00	4.7966e+00	6.9765e-02
2.1429e+00	2.3487e+00	3.0718e+00	9.9785e-01
2.1607e+00	4.0040e+00	3.0201e-01	3.3692e+00
5.8142e-01	8.3684e-01	4.6058e+00	2.4391e+00
9.9167e-01	1.7203e+00	1.2417e+00	3.0869e+00
2.8805e+00	3.6948e-01	1.0328e+00	5.5963e+00
3.4758e+00	1.5359e+00	4.1449e+00	6.6793e-01
1.5091e+00	9.5403e-01	2.6088e+00	2.0922e+00
1.6421e+00	4.4615e+00	1.5241e-01	3.9426e+00
3.5565e+00	1.4594e+00	4.8146e-01	4.2393e+00
8.6204e-01	9.7941e-01	3.5059e+00	2.2939e+00
3.6014e+00	2.4409e-02	3.8911e+00	2.5005e+00
3.0810e+00	4.2895e+00	7.5361e-01	2.2721e+00
3.4923e+00	4.0338e+00	3.6648e-01	2.3413e+00
4.3649e+00	2.0218e-01	8.0674e-01	5.0721e+00
4.7477e+00	2.7543e+00	1.5248e+00	1.7835e+00
2.8319e-01	3.7668e+00	2.1381e+00	3.4236e+00
4.2656e+00	7.3839e-02	4.4851e+00	1.7731e+00
1.7305e+00	1.6210e+00	1.8431e+00	1.7882e+00
1.9374e+00	1.7682e+00	1.8386e+00	1.7977e+00
2.8142e+00	1.6063e+00	6.0629e-01	3.9431e+00
3.1256e+00	2.4669e-01	2.3585e+00	3.3330e+00
1.1563e+00	7.8653e+00	1.3824e+00	1.3396e+00
4.1129e+00	2.3507e+00	2.9152e+00	7.2652e-01
5.5750e-01	1.1264e+00	1.4679e+00	3.8132e+00
2.6339e+00	2.6245e+00	3.5311e+00	9.8876e-02
3.4047e+00	1.8376e+00	2.2913e-01	3.9638e+00
3.1256e+00	2.9214e+00	1.4559e+00	1.9742e+00
4.8151e-01	8.1922e+00	6.0355e-01	2.0100e+00
3.4255e+00	1.8770e+00	4.9177e-01	3.6185e+00
1.7338e-01	2.2600e+00	3.4372e+00	3.3556e+00
6.9815e-01	4.3293e+00	7.2794e-01	4.6726e+00
2.7455e+00	2.2138e+00	3.5415e+00	4.5238e-01
3.7906e+00	4.9965e+00	1.4388e+00	7.7639e-01
1.2465e+00	3.9094e-01	2.4995e+00	4.1181e+00
1.7993e+00	6.9416e-01	3.6211e+00	2.5524e+00
1.2331e+00	1.1857e-01	5.9995e+00	3.3777e+00
1.1736e+00	2.1725e+00	3.5033e+00	1.7226e+00
5.7878e+00	2.7108e+00	1.8609e+00	1.0526e+00
1.2731e+00	5.5655e-01	2.6195e+00	3.1838e+00
2.9290e+00	1.1812e+00	4.0425e+00	1.4465e+00
7.5873e-01	1.5007e+00	1.8386e+00	2.6299e+00
3.3416e+00	3.1135e+00	7.6210e-01	2.4739e+00
2.3094e+00	7.3496e-01	3.6180e+00	2.3574e+00
1.2431e+00	7.7010e-01	3.1336e+00	2.4480e+00
3.6257e+00	2.7747e+00	1.4364e-01	3.0135e+00
3.8706e+00	1.3917e+00	4.4505e+00	4.0222e-01
3.7854e+00	3.1845e+00	2.3086e+00	8.3169e-01
4.8070e+00	2.3496e+00	1.1009e+00	2.4671e+00
9.2808e-01	6.1665e-01	2.3000e+00	3.0309e+00
3.3761e+00	4.4515e+00	2.4002e+00	9.4539e-02
5.1156e+00	1.4176e-01	6.0870e-01	4.7067e+00
3.6362e+00	2.0997e+00	4.1050e-01	3.4068e+00
1.5798e+00	7.3062e-01	3.0754e+00	2.5379e+00
3.7974e+00	2.5319e+00	1.9352e-01	3.1318e+00
3.1680e+00	2.2329e+00	4.8359e-01	3.2599e+00
8.9282e-01	1.9700e+00	6.6463e+00	2.9440e-01
2.0678e+00	2.7421e+00	9.7971e-01	2.7939e+00
3.2027e+00	3.3747e+00	1.9854e+00	1.3274e+00
7.9084e+00	2.7551e-01	2.5076e+00	4.9191e-01
4.3577e+00	2.2704e-01	5.1158e+00	1.0943e+00
2.5703e+00	2.1011e+00	2.4344e+00	1.3919e+00
3.9307e+00	2.9263e-01	2.0664e+00	3.4685e+00
4.4855e-01	3.7104e+00	3.7229e+00	2.2057e+00
2.1606e+00	1.7892e+00	1.1268e+00	2.6281e+00
2.9839e+00	1.4793e+00	3.5358e+00	1.2801e+00
3.3050e+00	5.1465e+00	1.4872e+00	1.1658e+00
5.8862e+00	1.2605e-01	3.5137e+00	1.5335e+00
1.5470e+00	2.8000e+00	3.2353e+00	1.3584e+00
1.4711e+00	1.2371e+00	1.1292e+00	2.7206e+00
6.3096e-01	1.0808e+00	3.4376e+00	2.7543e+00
1.6154e+00	3.0260e+00	4.2473e-01	4.1992e+00
2.4867e+00	1.9162e+00	2.3069e+00	1.5449e+00
1.8408e+00	4.4573e-01	2.9566e+00	3.2252e+00
2.6311e+00	1.0392e+00	3.7309e+00	1.8138e+00
1.1587e+00	1.4712e+00	2.3390e+00	1.8428e+00
2.8193e+00	3.9102e+00	9.3321e-01	2.3785e+00
3.7746e+00	6.5995e-01	1.2306e+00	4.2848e+00
1.9342e+00	2.4972e+00	9.6088e-01	2.8787e+00
1.7559e+00	6.3157e+00	4.6097e-01	2.8322e+00
8.1502e-01	6.2964e+00	2.9024e+00	1.4782e+00
8.2184e+00	1.3758e+00	2.0346e-01	1.5408e+00
7.2483e-01	8.4550e-01	5.6654e+00	1.6009e+00
1.2808e+00	4.1338e+00	3.9524e+00	9.9013e-01
4.0173e+00	5.9295e+00	7.8590e-01	2.4710e-01
4.6571e+00	4.5185e+00	7.8119e-01	1.0044e+00
5.2615e+00	2.6054e+00	1.5105e+00	1.7840e+00
2.7625e+00	2.4225e+00	2.8627e+00	9.1184e-01
1.9212e+00	7.6191e+00	8.7050e-01	1.3322e+00
3.7261e-01	5.0171e+00	4.0187e+00	1.4330e+00
2.2292e+00	2.4112e+00	3.9793e+00	1.7201e-01
3.4874e+00	4.4145e+00	2.0535e+00	6.3934e-01
9.7229e-02	2.3891e+00	8.1001e-01	6.7478e+00
2.9449e+00	3.2000e+00	2.5067e+00	9.1408e-01
1.9432e+00	1.4717e+00	2.6950e+00	1.5704e+00
2.9023e+00	2.8896e+00	3.0518e+00	3.8525e-01
6.7414e-01	6.5113e-01	2.6282e+00	2.9667e+00
1.0474e+00	9.9374e-01	5.7117e+00	1.2080e+00
8.5211e-01	1.5654e+00	3.6342e+00	2.2458e+00
1.3766e+00	1.4622e+00	1.3517e+00	2.1870e+00
5.6342e-01	2.6697e-03	3.0432e+00	6.9212e+00
5.7809e-01	4.7475e+00	4.7653e+00	6.4406e-01
1.6757e+00	3.0643e+00	2.9968e+00	1.3718e+00
1.5376e+00	9.6938e-01	1.3380e+00	2.6945e+00
5.8109e+00	2.4599e-01	7.4956e-01	4.0327e+00
7.1979e-02	2.2493e+00	4.5944e+00	3.2364e+00
3.9861e+00	1.2616e-01	4.4382e+00	1.9538e+00
5.4462e-01	4.0573e+00	2.1857e+00	3.1129e+00
9.0668e-01	2.4950e+00	5.4382e+00	1.3745e+00
2.3439e+00	4.1210e+00	2.5453e+00	1.1771e+00
2.8127e+00	1.3735e+00	1.6315e-01	5.1945e+00
3.9712e+00	3.4146e+00	9.0267e-01	2.0531e+00
4.9015e+00	2.9794e+00	2.6868e-01	2.4620e+00
4.7423e-01	2.2754e+00	3.6145e+00	2.8138e+00
1.3982e+00	2.1401e+00	2.7933e+00	1.6195e+00
1.3086e-01	4.4187e+00	9.9171e-01	4.8384e+00
2.2426e+00	1.5588e+00	2.5293e+00	1.5908e+00
4.8984e+00	9.5719e-01	3.8449e+00	1.1278e+00
1.6929e+00	1.5024e+00	2.6339e+00	1.5763e+00
6.4574e+00	5.8751e-01	2.4089e+00	2.0669e+00
1.7882e+00	4.1395e-01	2.1345e+00	3.7074e+00
6.8998e-02	7.9407e-01	4.8466e+00	4.5331e+00
2.6863e+00	6.0427e+00	3.7823e-01	2.1776e+00
9.1151e-01	1.2273e+00	1.8392e+00	2.1491e+00
1.5780e+00	9.7352e-01	1.9479e+00	2.1330e+00
1.7102e+00	1.7413e+00	1.2736e+00	2.3311e+00
4.0992e+00	1.5178e+00	1.5840e-01	4.2580e+00
3.1311e-01	2.4160e+00	4.2575e+00	2.8617e+00
9.7923e-01	5.1201e+00	4.2308e+00	4.0916e-01
4.3450e+00	3.0159e+00	2.6170e+00	2.5819e-01
7.7897e-01	3.1698e+00	2.8848e+00	2.3875e+00
1.0143e+00	1.9750e+00	3.2202e+00	1.9935e+00
3.7239e-01	2.4969e+00	4.0197e+00	2.7745e+00
2.5953e+00	1.6347e+00	3.2501e+00	1.2602e+00
3.0433e+00	2.6250e+00	2.2349e+00	1.3502e+00
3.4659e+00	1.6818e+00	4.1822e-02	4.3771e+00
4.1973e+00	4.0048e+00	4.1976e-01	1.9488e+00
3.3004e+00	1.5035e+00	3.2771e+00	1.3858e+00
4.6709e+00	2.9202e+00	1.8159e+00	1.3723e+00
2.7335e+00	1.9242e+00	4.0214e+00	3.7394e-01
2.6646e-01	3.7502e+00	1.8741e+00	3.7638e+00
6.2611e-01	1.4762e+00	6.9564e+00	8.7751e-01
2.2607e+00	2.2670e+00	1.8807e+00	1.7496e+00
1.4477e+00	7.1395e+00	2.6359e-01	2.6044e+00
3.4819e+00	1.0699e+00	3.2417e+00	1.8781e+00
2.7819e+00	4.2637e+00	2.2840e+00	1.0594e+00
7.3138e-01	7.7626e-01	2.6442e+00	2.6920e+00
1.5241e+00	1.5571e+00	1.8679e+00	1.7781e+00
5.8907e+00	2.1067e+00	2.2132e+00	1.2854e+00
1.1562e+00	1.2547e+00	4.5086e-01	5.2360e+00
6.6398e+00	1.9109e+00	1.7270e-02	2.6943e+00
3.4979e+00	1.5836e+00	3.1099e-01	4.2579e+00
1.3967e+00	2.8709e+00	1.0177e+00	3.5133e+00
4.0152e+00	2.6608e+00	1.6342e+00	1.8581e+00
1.4572e+00	1.0347e+00	2.3322e+00	1.9723e+00
2.5859e+00	1.4881e+00	8.9598e-01	3.5395e+00
1.2426e+00	1.3250e+00	1.3810e+00	2.1470e+00
2.6350e+00	1.5011e-01	1.7865e+00	4.3944e+00
4.6632e+00	2.7797e+00	1.9688e+00	1.3339e+00
2.7954e+00	2.6804e+00	7.1992e-01	2.8022e+00
4.1241e-01	3.5866e+00	3.7611e+00	2.2679e+00
9.1071e-01	1.0556e+00	1.6273e+00	2.2080e+00
5.7263e+00	1.0829e+00	3.5846e+00	7.3155e-01
2.4550e+00	3.2049e+00	3.2648e+00	3.3141e-01
4.3946e+00	4.8375e+00	1.3410e+00	2.6561e-01
2.0564e-01	2.0121e-01	5.1763e+00	2.4506e+00
3.6334e+00	2.4979e-01	2.5578e+00	3.0728e+00
4.8126e+00	2.6901e+00	9.9178e-01	2.2677e+00
9.2169e-01	5.0961e+00	3.0891e-01	4.3157e+00
1.8661e+00	7.8143e-01	2.8325e+00	2.4229e+00
5.3668e+00	4.2459e+00	1.1641e+00	4.9719e-02
2.7390e+00	5.2870e-01	2.0646e+00	3.2801e+00
2.3774e+00	6.1770e-01	6.2941e+00	1.4425e+00
6.5711e-01	3.2613e+00	1.2407e+00	4.4460e+00
6.1679e+00	2.5274e+00	1.4480e+00	1.4805e+00
3.0892e+00	4.8639e+00	1.6563e+00	1.3260e+00
1.6781e+00	1.6282e+00	7.1604e-01	3.8197e+00
2.9830e+00	2.8295e+00	1.4674e+00	2.0054e+00
3.1609e+00	6.4993e+00	9.1611e-01	9.0437e-01
1.4502e-01	3.8450e+00	3.8083e+00	2.3418e+00
2.3553e+00	7.2304e+00	6.7117e-01	1.4265e+00
2.5009e+00	2.5754e+00	6.9181e-01	2.9571e+00
3.3476e+00	6.8995e-02	2.3320e+00	3.4835e+00
1.2548e+00	8.6060e+00	1.3904e-01	1.0613e+00
4.1838e+00	3.8312e+00	1.0567e+00	1.6132e+00
2.8320e+00	2.4318e+00	2.6664e+00	1.0650e+00
2.1127e+00	3.8350e-01	3.9071e+00	3.0234e+00
8.4042e+00	6.8511e-01	1.6345e+00	5.4987e-01
2.0530e+00	2.4770e+00	1.1761e+00	2.5079e+00
4.6558e+00	3.3386e+00	1.3620e+00	1.4851e+00
6.4060e+00	1.8358e-01	3.8543e+00	4.7162e-01
3.4749e+00	8.0919e-01	3.9140e+00	1.8347e+00
2.8190e+00	1.2198e+00	4.7247e+00	1.0652e+00
5.5945e+00	3.7388e+00	1.3070e+00	4.7391e-01
8.8884e-01	1.2424e+00	2.8802e+00	2.2172e+00
1.2995e+00	3.5355e+00	4.1975e+00	9.9675e-01
1.9236e+00	1.2666e+00	2.6365e+00	1.7503e+00
1.4180e+00	1.9201e+00	2.5815e+00	1.6330e+00
5.0414e+00	1.6946e-01	2.8509e+00	2.5591e+00
5.1535e+00	5.7784e-01	1.9083e+00	3.1384e+00
5.0494e+00	4.9138e+00	6.9946e-01	1.9736e-02
1.8286e+00	6.2677e+00	2.3782e+00	1.1495e+00
3.4471e+00	6.5642e-01	1.8743e+00	3.3654e+00
2.1027e+00	4.8510e-01	1.8733e+00	3.6382e+00
8.9407e-01	1.1383e-01	5.1862e+00	4.0429e+00
3.0653e+00	2.2503e+00	7.5198e-01	2.9610e+00
2.4837e+00	3.2066e+00	1.2543e+00	2.3131e+00
2.6920e+00	1.7632e+00	3.2853e+00	1.1123e+00
4.2829e+00	4.2176e-01	5.6482e+00	3.0429e-01
2.9966e-01	1.3389e+00	3.0840e+00	4.1862e+00
8.0794e-01	5.2070e-01	1.6977e+00	3.8978e+00
2.3405e+00	2.5881e+00	2.7369e+00	1.0826e+00
2.2257e+00	7.8202e-01	2.5516e+00	2.4812e+00
8.2347e-01	9.2910e-01	2.3795e+00	2.4073e+00
3.1873e+00	1.0661e+00	5.6343e+00	3.4107e-01
1.0581e+00	4.0257e-01	4.5179e+00	3.1792e+00
2.8911e+00	3.0499e+00	1.0814e+00	2.3388e+00
1.5322e+00	9.0664e-01	2.2256e+00	2.1818e+00
3.6400e+00	1.8084e+00	1.8714e-01	3.9777e+00
1.8895e+00	1.6483e+00	3.1253e+00	1.3610e+00
5.8982e-01	3.3652e+00	1.9828e+00	3.3121e+00
4.9917e+00	4.5975e-01	3.7290e+00	1.6493e+00
5.5240e+00	3.8384e+00	1.3540e+00	3.0532e-01
1.4448e+00	5.5009e+00	7.1346e-01	3.3514e+00
5.8632e-01	6.0826e-01	2.7901e+00	3.1036e+00
1.9559e+00	1.9038e+00	2.0019e+00	1.6833e+00
4.1817e+00	1.0609e+00	4.0311e+00	1.1932e+00
3.6792e+00	6.1391e+00	1.0791e+00	2.1549e-01
3.8081e+00	2.0238e+00	3.1338e+00	8.9553e-01
4.8855e+00	4.6750e+00	7.2590e-01	6.4097e-01
3.9698e+00	1.5017e+00	5.6995e-01	3.9385e+00
4.5101e+00	8.3986e-01	4.2260e+00	1.1114e+00
6.8593e-01	1.9603e+00	2.2095e+00	2.7701e+00
3.6884e+00	2.3631e+00	7.7846e-01	2.8342e+00
3.0051e+00	2.5060e+00	6.2297e-01	2.9380e+00
5.3098e+00	4.8894e+00	2.4318e-01	1.4773e-01
1.8717e+00	5.0611e-01	3.6486e+00	2.9491e+00
4.6855e-01	2.1283e+00	3.4602e+00	2.9243e+00
4.5488e+00	3.9763e-01	5.1266e+00	6.6858e-01
5.5389e-01	4.3078e+00	2.9329e+00	2.4445e+00
2.5826e+00	1.6892e+00	8.9132e-01	3.2500e+00
2.6723e+00	6.9911e-01	4.3357e+00	2.1348e+00
1.2675e+00	4.8858e+00	2.9820e+00	1.6837e+00
3.9151e+00	3.0545e+00	2.0364e+00	1.2131e+00
3.4713e+00	1.7376e+00	3.9298e+00	5.2533e-01
1.8306e+00	1.0069e+00	2.3160e-01	6.1375e+00
5.2078e+00	5.2872e-01	2.5847e+00	2.5313e+00
9.2151e-01	6.1651e+00	2.5334e+00	1.8947e+00
2.7877e+00	3.0959e-02	3.1061e+00	3.2184e+00
2.1568e+00	4.0387e-01	1.9640e+00	3.7366e+00
5.2703e-01	3.7997e+00	1.6408e+00	3.8062e+00
2.6355e+00	3.2110e+00	2.2942e+00	1.2775e+00
3.6343e+00	2.9808e+00	2.8905e+00	1.4023e-01
9.1487e-01	1.3211e+00	6.5755e+00	1.7102e-01
5.9308e-01	1.3912e+00	2.0488e-01	7.0296e+00
2.3200e+00	2.1187e+00	1.1558e+00	2.4975e+00
2.7470e+00	2.3997e+00	1.1429e+00	2.4480e+00
2.0330e+00	4.7196e+00	5.2325e-01	3.1935e+00
1.2245e+00	3.5490e+00	3.6799e+00	1.4436e+00
4.8551e+00	5.3355e+00	5.3725e-02	3.4329e-01
2.1739e-01	1.0491e+00	3.1755e+00	4.8903e+00
2.1828e+00	7.4160e-01	2.8336e+00	2.4857e+00
3.3875e+00	4.0227e+00	1.4341e+00	1.6030e+00
2.5753e+00	2.2910e+00	2.2692e+00	1.4455e+00
3.2099e+00	2.9208e+00	3.5468e-01	2.9017e+00
5.6019e+00	3.7162e+00	8.0878e-01	1.0667e+00
2.8348e+00	2.3083e+00	2.3970e+00	1.3414e+00
4.1239e+00	4.1828e-01	2.9766e+00	2.5500e+00
7.9732e+00	1.0945e+00	1.8850e+00	5.9291e-01
1.8477e+00	4.0377e-01	1.1465e+00	5.3389e+00
2.6482e+00	2.2870e+00	1.8911e+00	1.7486e+00
3.6633e+00	1.0385e-01	1.7993e+00	4.0467e+00
3.9857e+00	2.8174e+00	2.9081e+00	1.4326e-01
3.5404e+00	1.9986e-01	3.4995e+00	2.5760e+00
3.9307e+00	2.4750e+00	7.8608e-01	2.7272e+00
5.3671e-01	7.6800e+00	1.6702e+00	1.7559e+00
2.7729e+00	2.9369e+00	1.1858e+00	2.2896e+00
7.9775e+00	1.3160e+00	1.3774e+00	1.0180e+00
3.2993e+00	1.1318e+00	5.0569e+00	7.2720e-01
1.3544e+00	4.7882e-01	3.4509e+00	3.2782e+00
1.9620e+00	1.2926e+00	2.7251e+00	1.7143e+00
4.0751e+00	2.4412e+00	1.1101e+00	2.4718e+00
2.3613e+00	3.6058e+00	3.4303e+00	3.2480e-02
6.6577e+00	6.5842e-01	1.7276e+00	2.5272e+00
2.6662e+00	2.4620e+00	2.3364e+00	1.3435e+00
3.1265e-02	2.7564e+00	7.6639e+00	6.4608e-01
9.1987e-01	4.9468e+00	4.5598e-01	4.3015e+00
1.5465e+00	9.3379e-01	1.4813e+00	2.5294e+00
6.6825e-01	3.9288e+00	3.3752e+00	2.1323e+00
5.1824e+00	3.4636e+00	1.6111e+00	8.1319e-01
9.0096e-01	4.4386e+00	3.7698e+00	1.4814e+00
2.6041e+00	7.5044e-01	3.3137e+00	2.3266e+00
2.7825e+00	1.5895e+00	3.6106e+00	1.1225e+00
1.2879e+00	2.8831e+00	4.8483e-02	5.4970e+00
1.6988e+00	1.8937e+00	8.4124e-01	3.2866e+00
1.0689e+00	2.8396e+00	4.6281e+00	1.3780e+00
4.7402e+00	1.2177e+00	3.9197e+00	8.0445e-01
1.9788e+00	2.2827e+00	8.7521e-01	2.9807e+00
4.0173e+00	4.0911e+00	5.0654e-01	1.9472e+00
3.3686e+00	2.1688e+00	1.0205e+00	2.7430e+00
2.3564e+00	2.8910e+00	3.2032e+00	6.0708e-01
1.0004e+00	2.8775e+00	3.6378e+00	1.8568e+00
7.8289e-01	3.2593e+00	5.0033e+00	1.4261e+00
2.4159e-01	3.3540e+00	3.1411e+00	2.7727e+00
2.5360e+00	5.0742e+00	7.9861e-01	2.4683e+00
6.9346e-01	5.5671e+00	1.9632e+00	2.8685e+00
4.6915e+00	3.5019e+00	2.2018e+00	1.2947e-01
2.3087e+00	7.4193e-01	6.1929e+00	1.2633e+00
3.0946e+00	3.7716e-01	1.4279e+00	4.5867e+00
4.4510e-01	2.6422e+00	2.3948e+00	3.1223e+00
3.3432e+00	2.1274e+00	8.6170e-01	2.9421e+00
6.5082e-01	1.1351e+00	7.8196e-01	4.7699e+00
6.7090e-01	3.2215e+00	3.0969e+00	2.4023e+00
5.4170e-01	4.8232e+00	3.9131e+00	1.5110e+00
2.0385e+00	1.9553e-01	2.8235e+00	3.7165e+00
3.2346e+00	2.1674e+00	3.1225e+00	8.0233e-01
2.2666e+00	2.5712e+00	1.9270e+00	1.7181e+00
2.4876e+00	4.1064e+00	2.0355e+00	1.5885e+00
2.6966e+00	3.5557e+00	3.1643e+00	6.8690e-03
1.2137e+00	7.5625e-02	3.8278e+00	4.8160e+00
3.2028e+00	5.1776e-01	1.7641e+00	3.7097e+00
2.5663e+00	3.1177e+00	1.2852e+00	2.2476e+00
2.4810e+00	3.2549e+00	2.4445e+00	1.2112e+00
5.3786e+00	1.5730e-01	4.8757e+00	7.5005e-02
1.7503e+00	3.8078e+00	3.1133e+00	1.2232e+00
3.2207e+00	3.0500e+00	7.5666e-01	2.5336e+00
2.9754e+00	7.8048e-01	1.7705e+00	3.2768e+00
1.2694e+00	1.1493e+00	4.2720e+00	1.7461e+00
2.6787e+00	4.3822e+00	2.4903e+00	8.6906e-01
3.7825e+00	3.7982e+00	1.7543e+00	1.1481e+00
1.5850e+00	1.1300e+00	4.5194e+00	1.5996e+00
3.1958e+00	1.9385e+00	2.7945e+00	1.2861e+00
1.8945e+00	1.4910e+00	2.9097e+00	1.5126e+00
2.9091e+00	6.2574e-01	3.3788e+00	2.4091e+00
7.2705e-01	6.8973e-01	3.0522e+00	2.7220e+00
8.7081e-01	4.4575e-01	3.5027e+00	3.3307e+00
2.4114e+00	2.4632e+00	2.4791e+00	1.2712e+00
4.1553e-01	6.5081e+00	3.7464e+00	2.9070e-01
7.6539e+00	5.5187e-01	7.7374e-01	2.4668e+00
1.1105e+00	4.2215e+00	3.7903e+00	1.3171e+00
7.2322e-01	9.4821e-01	2.5739e+00	2.6081e+00
2.7187e+00	3.7473e+00	5.1026e-03	3.0996e+00
3.5985e+00	1.4580e+00	2.3557e-01	4.5221e+00
1.8796e+00	9.2518e-01	4.5629e+00	1.9011e+00
2.7727e+00	2.7808e-01	4.8730e+00	2.4863e+00
4.7271e+00	8.5951e-01	3.8780e+00	1.2947e+00
8.0773e+00	8.5871e-01	4.8216e-01	1.9894e+00
1.5277e+00	2.5775e+00	4.3159e+00	8.5547e-01
2.6267e+00	4.3441e+00	2.0449e+00	1.4468e+00
2.9009e+00	7.8977e-01	5.5982e+00	1.2718e+00
4.4431e+00	1.8795e+00	4.6821e-02	3.7312e+00
2.5056e+00	1.7919e+00	2.9392e+00	1.2713e+00
1.9755e+00	2.1123e+00	6.1741e-01	3.5491e+00
2.0775e+00	4.0551e+00	3.5806e+00	1.3239e-01
1.3931e+00	7.9743e-01	1.9497e+00	2.4256e+00
4.6969e-01	4.1267e+00	2.9914e+00	2.5008e+00
1.4750e+00	4.8063e+00	3.5542e+00	8.6578e-01
4.6434e+00	4.8658e+00	1.0043e+00	3.7203e-01
3.1343e+00	3.5597e+00	2.4786e-01	2.7561e+00
4.6682e+00	1.9086e+00	3.3132e-01	3.4581e+00
4.0542e+00	1.4139e+00	4.0391e+00	7.3589e-01
1.4696e+00	1.7566e+00	1.0801e+00	2.7903e+00
1.6080e-01	4.8615e+00	1.3813e-02	5.4046e+00
2.9356e+00	3.4795e+00	2.2164e+00	1.1755e+00
2.6518e+00	3.7333e+00	1.9948e+00	1.5337e+00
8.2270e+00	3.4084e-01	2.3166e+00	3.4545e-02
7.6138e-01	4.1534e+00	3.2427e+00	2.0856e+00
3.0709e+00	9.2739e-01	4.9703e+00	1.3237e+00
5.2651e+00	5.5661e-01	9.1060e-01	4.0438e+00
1.8119e+00	2.7443e+00	2.1642e-01	4.2448e+00
3.2030e+00	4.9344e+00	6.8138e-01	2.0318e+00
2.0557e+00	1.8749e-01	1.2298e+00	5.6892e+00
7.4947e-01	3.9463e+00	3.7217e+00	1.8444e+00
1.8776e-01	3.3305e+00	7.0793e+00	2.5240e-01
2.0574e+00	1.9425e+00	2.3097e+00	1.5083e+00
1.1183e+00	1.1300e+00	1.0438e+00	3.0530e+00
1.8737e+00	2.4680e+00	2.3863e+00	1.5137e+00
2.9154e+00	2.4597e+00	3.2544e+00	4.4999e-01
1.6756e+00	2.8758e+00	4.5155e+00	2.7115e-01
1.9692e+00	1.9344e+00	2.3247e-01	4.5365e+00
9.9832e-01	4.5891e+00	3.5313e+00	1.5279e+00
6.0346e-01	4.2316e+00	4.0835e+00	1.6343e+00
2.6127e+00	2.4606e+00	1.2722e+00	2.2972e+00
1.5619e+00	2.7212e-01	3.1653e+00	3.9829e+00
6.7836e-01	4.2552e+00	4.3483e+00	1.3517e+00
6.0112e+00	3.3137e-01	2.8772e+00	2.0170e+00
3.2327e+00	3.2321e+00	2.1547e+00	1.1807e+00
1.2352e+00	1.2673e+00	3.3481e+00	1.8348e+00
2.2024e+00	2.3214e+00	4.1944e-01	3.6219e+00
2.3569e-01	1.8146e+00	2.0193e+00	4.4094e+00
2.8993e+00	3.0979e+00	2.5845e+00	8.7759e-01
2.5192e-01	1.8783e+00	2.7821e+00	3.7831e+00
3.7522e+00	1.7157e+00	4.2118e+00	3.7418e-02
3.2588e+00	4.6937e-01	4.4831e+00	2.0831e+00
2.8755e+00	1.6674e+00	3.1006e+00	1.3078e+00
7.7782e-01	1.8865e+00	2.2941e+00	2.5149e+00
4.3306e+00	4.8030e+00	7.9019e-01	1.0505e+00
2.1405e+00	2.1656e+00	2.2088e+00	1.5303e+00
3.5605e+00	8.4106e-01	3.3495e+00	2.0538e+00
4.8782e+00	4.1903e+00	9.2076e-01	1.0092e+00
1.6850e+00	1.6700e+00	1.8971e+00	1.7534e+00
6.3266e+00	3.4956e-01	1.2487e+00	3.2864e+00
3.3991e+00	2.9652e+00	1.5035e+00	1.8775e+00
4.1186e+00	2.6013e-01	4.7204e+00	1.5883e+00
8.0555e+00	5.9452e-01	6.3119e-01	2.0958e+00
1.3146e+00	9.9231e-01	1.6844e+00	2.0917e+00
4.5802e+00	6.8752e-01	6.0256e-01	4.6533e+00
8.7375e-01	2.8333e+00	4.8576e+00	1.5971e+00
2.2180e-01	3.8586e+00	2.8021e+00	2.8681e+00
6.2893e+00	2.8426e+00	5.1167e-02	2.0221e+00
1.7062e+00	1.9230e+00	1.2520e+00	2.3965e+00
1.3389e+00	1.2721e+00	2.5540e+00	1.7838e+00
2.2714e+00	1.0311e+00	3.4690e+00	1.9239e+00
1.8492e+00	1.2311e+00	3.8248e+00	1.6118e+00
1.6614e+00	2.3281e+00	3.1458e+00	1.2874e+00
4.2185e+00	8.3833e-01	3.1382e+00	2.0790e+00
6.9242e-01	4.7718e+00	4.5653e+00	7.1826e-01
3.4230e-01	3.9675e+00	3.8189e-01	5.8777e+00
2.7487e+00	2.5197e+00	1.0181e+00	2.5463e+00
1.2304e+00	1.5936e+00	3.4470e+00	1.7151e+00
3.7537e+00	1.6596e+00	3.7481e-01	3.9820e+00
2.8119e+00	6.0577e-01	3.1822e+00	2.5165e+00
2.5508e+00	1.8703e+00	2.8149e+00	1.2820e+00
8.1365e-01	1.2945e+00	3.4380e+00	2.3393e+00
9.2837e-01	1.0111e+00	1.3728e+00	2.3969e+00
4.0834e+00	4.0646e+00	2.0804e+00	2.3202e-01
1.8844e+00	3.3478e-01	2.0504e+00	3.9916e+00
5.1143e-01	1.5970e+00	2.3054e+00	3.3375e+00
2.9007e+00	6.7962e-01	3.1352e+00	2.4223e+00
1.9984e+00	2.8760e+00	3.8578e+00	3.5880e-01
4.1652e+00	7.2184e-01	3.3826e+00	2.0225e+00
2.0671e+00	2.0341e+00	1.9157e+00	1.7335e+00
2.8423e+00	2.7813e+00	2.8124e+00	7.6617e-01
3.0724e+00	8.6645e-01	3.7177e+00	1.9627e+00
3.2470e+00	3.3182e+00	1.2907e-01	2.8546e+00
2.2205e+00	2.4193e+00	9.7336e-01	2.7154e+00
1.6305e-02	2.6511e+00	2.8795e+00	3.4164e+00
3.7446e-01	1.3002e-01	6.4877e+00	2.6446e+00
2.1952e-01	2.2692e+00	2.4943e+00	3.6123e+00
5.1580e+00	6.0507e-01	8.3739e-01	4.1333e+00
4.0867e+00	5.1018e-01	4.8799e+00	1.2518e+00
2.6189e+00	1.6655e-01	6.1016e+00	2.1942e+00
1.1872e+00	6.7158e-01	2.3120e+00	2.7627e+00
3.2580e+00	3.2929e+00	2.9025e+00	5.6912e-02
5.3882e+00	5.9312e-02	1.3769e+00	3.8513e+00
5.1383e-01	2.9978e-01	5.1737e+00	2.6888e+00
2.4887e+00	2.9910e+00	2.2961e+00	1.3507e+00
7.7203e-01	9.7292e-01	1.6528e+00	2.5607e+00
6.8768e+00	8.5340e-01	4.6753e-01	3.1245e+00
1.5518e+00	1.4301e+00	4.3881e+00	1.3189e+00
1.4561e+00	9.9929e-01	1.9659e+00	2.0464e+00
3.6565e+00	2.5787e+00	1.1821e+00	2.3322e+00
1.2464e+00	9.8173e-01	2.9101e+00	2.0813e+00
4.4111e+00	2.9854e+00	2.0709e-02	2.7218e+00
1.4623e+00	1.5566e+00	1.7272e+00	1.8558e+00
4.1724e+00	2.8745e+00	7.9348e-01	2.4075e+00
1.4455e+00	1.3160e+00	1.3288e+00	2.2289e+00
1.0817e+00	1.0075e+00	2.2528e+00	2.0600e+00
9.6148e-01	1.0030e+00	1.5752e+00	2.1862e+00
2.5716e+00	4.1886e+00	2.8580e+00	5.1190e-01
5.6671e+00	6.0677e-01	2.5709e+00	2.3240e+00
6.8552e+00	2.9690e+00	1.3790e+00	1.3419e-01
7.5278e-01	5.0668e+00	1.6088e+00	3.3272e+00
3.2932e+00	4.1567e+00	8.8129e-01	2.0813e+00
1.2018e+00	3.4204e+00	3.4387e+00	1.6292e+00
2.0807e+00	1.2506e+00	3.4631e+00	1.6352e+00
5.4804e+00	7.7144e-01	3.8809e+00	8.8159e-01
5.0999e+00	8.9651e-02	2.3683e+00	3.0077e+00
2.6493e+00	3.2674e+00	1.9890e+00	1.5577e+00
2.0747e-01	7.0504e+00	1.0466e+00	2.9881e+00
1.0699e+00	2.9263e-01	4.1913e+00	3.7954e+00
5.6106e-01	1.3016e+00	1.7533e+00	3.5429e+00
8.2052e-01	4.1694e+00	3.5059e+00	1.8482e+00
1.7909e+00	3.9558e+00	3.5883e+00	6.7546e-01
1.0695e+00	9.8983e-01	2.1960e+00	2.0782e+00
1.8744e-01	4.0318e+00	1.6304e+00	4.0911e+00
2.5731e+00	1.9168e+00	3.0759e+00	1.1030e+00
5.0428e-01	1.5967e+00	4.4678e+00	2.8834e+00
4.0432e+00	7.8587e-01	3.2734e+00	2.0656e+00
4.3776e+00	5.0913e+00	1.1729e+00	2.1668e-01
5.5002e+00	3.6419e-01	3.2952e+00	1.8589e+00
3.3418e+00	5.5594e-01	1.1795e+00	4.7181e+00
2.0388e+00	1.6465e+00	2.5089e+00	1.5231e+00
1.7801e-03	4.5615e+00	5.1053e+00	1.0756e+00
4.4919e+00	3.6512e+00	1.9396e+00	5.9034e-01
2.1201e+00	2.5856e+00	2.1146e+00	1.6121e+00
4.5373e+00	2.9519e+00	1.6843e+00	1.5183e+00
3.0074e-01	5.7700e-01	4.0339e+00	3.4404e+00
2.2639e+00	4.5015e+00	1.1573e+00	2.5382e+00
1.3945e+00	1.5936e+00	1.1207e+00	2.6762e+00
1.6066e+00	1.8485e+00	1.2773e+00	2.3628e+00
6.3417e-01	2.4543e+00	1.6076e+00	3.7305e+00
4.3656e+00	5.7685e+00	1.7328e-01	4.6611e-01
5.5816e+00	2.1593e+00	1.2053e-01	3.0076e+00
1.6042e+00	9.3343e-01	1.9934e+00	2.1971e+00
6.3482e+00	1.9158e+00	1.6921e+00	1.7719e+00
1.3160e+00	2.0914e+00	3.2655e+00	1.5964e+00
9.5606e-02	2.7704e+00	3.2468e+00	3.1169e+00
1.0756e+00	1.6046e+00	1.3380e+00	2.5431e+00
1.3152e+00	1.2781e+00	1.4240e+00	2.0885e+00
5.4965e-01	4.6672e+00	5.1252e+00	2.6088e-01
4.0497e+00	2.1650e-01	9.0318e-01	5.1908e+00
1.9041e+00	2.6856e+00	2.6489e+00	1.3650e+00
4.9010e-01	1.0562e+00	6.0131e+00	2.0806e+00
3.2460e+00	3.1221e+00	2.1847e+00	1.1832e+00
5.2755e+00	3.3966e-02	3.7364e-01	4.8313e+00
1.5175e+00	2.3500e+00	4.2312e+00	9.8642e-01
1.3031e+00	1.1609e+00	3.8417e+00	1.8193e+00
1.8626e+00	2.5644e+00	1.0836e+00	2.7559e+00
1.7346e+00	1.0977e+00	6.1111e+00	4.1340e-01
2.1665e+00	2.0774e+00	3.5222e+00	8.4706e-01
1.5686e+00	1.3837e+00	9.1629e-01	3.3451e+00
4.1144e+00	3.5538e+00	5.0566e-02	2.4300e+00
2.5584e+00	3.0955e+00	2.8906e+00	7.3131e-01
6.7364e-01	2.7220e+00	3.1715e+00	2.4481e+00
1.3369e+00	2.2836e+00	4.5562e+00	1.1204e+00
9.5570e-01	9.5830e-01	1.8826e+00	2.1731e+00
2.2894e+00	1.0871e+00	4.8891e+00	1.3967e+00
1.3932e+00	4.6639e+00	3.8866e-01	3.9857e+00
3.9101e-01	2.4475e+00	3.3204e+00	2.9118e+00
3.9308e+00	8.0530e-01	4.2309e+00	1.4741e+00
1.5603e-02	4.8668e+00	5.0482e+00	7.6182e-01
4.6150e+00	2.1659e-02	5.1588e+00	9.4317e-01
2.6348e+00	1.4971e+00	3.8828e+00	1.1256e+00
2.2911e+00	2.0530e+00	1.0842e+00	2.6119e+00
3.5600e+00	3.3772e+00	2.4806e-01	2.6380e+00
2.4695e+00	3.5348e+00	2.8538e+00	7.6860e-01
1.4277e-01	3.5440e+00	2.2374e+00	3.4757e+00
5.1861e+00	2.1759e+00	2.8755e-01	3.0636e+00
5.0755e+00	1.0890e+00	4.1769e-01	4.0868e+00
1.9550e+00	1.2998e+00	2.1900e+00	1.8368e+00
2.8075e+00	3.3701e+00	2.7132e+00	6.9750e-01
2.6348e+00	1.1820e+00	3.2060e+00	1.7792e+00
5.5919e+00	4.4714e+00	2.5590e-01	4.6493e-01
2.3747e+00	3.6754e+00	2.5204e+00	1.1997e+00
1.0227e+00	1.4542e+00	3.6470e+00	1.9676e+00
1.9819e+00	4.1241e+00	3.7210e+00	3.5209e-02
9.7293e-01	1.0650e+00	4.2741e+00	1.9933e+00
4.2196e+00	6.7112e-01	4.6891e+00	1.1062e+00
3.0333e+00	1.2684e+00	3.2086e+00	1.6854e+00
6.2429e-01	2.7585e+00	4.2372e+00	2.2329e+00
1.1583e+00	1.5188e+00	1.7296e+00	1.9757e+00
1.0024e+00	5.9073e-01	2.8465e+00	2.9954e+00
2.1591e+00	3.6443e+00	3.5950e+00	1.1678e-01
2.4699e+00	3.8474e+00	1.4067e-01	3.2075e+00
2.6218e+00	1.5444e+00	2.1487e-01	4.8259e+00
9.8096e-01	1.0498e+00	1.3891e+00	2.2913e+00
1.4800e+00	1.5593e+00	1.1800e+00	2.4942e+00
6.9825e-01	4.6793e+00	4.9021e+00	3.4041e-01
4.1403e+00	5.7677e+00	2.5248e-01	7.7877e-01
4.0981e+00	2.1440e-01	5.0531e+00	1.4129e+00
1.8483e+00	1.2699e+00	2.0767e+00	1.8662e+00
2.7734e+00	4.0714e+00	2.3405e+00	1.0375e+00
2.5081e+00	7.0241e-01	2.1885e+00	2.8398e+00
1.3032e+00	3.8972e+00	3.1422e-01	4.5487e+00
4.2929e+00	1.7603e+00	3.9141e+00	8.8046e-02
2.6012e+00	1.8221e+00	2.8902e+00	1.2765e+00
6.2115e+00	1.5505e+00	2.5671e+00	1.2606e+00
2.1714e-01	2.3876e+00	3.2945e+00	3.2169e+00
3.1605e-01	4.8692e+00	5.2747e+00	1.2568e-02
2.3698e+00	4.6779e-01	3.1214e+00	2.8671e+00
4.4932e+00	2.5322e+00	2.6260e+00	8.1871e-01
1.0831e+00	4.1984e+00	3.9635e+00	1.2149e+00
6.2171e-01	8.6102e-01	1.6952e+00	3.2865e+00
4.3179e+00	4.4489e+00	5.6256e-01	1.5056e+00
5.8025e-01	1.1059e+00	7.8083e-01	4.9258e+00
9.5778e-02	4.2674e+00	5.8330e+00	5.6072e-01
3.3346e+00	3.8744e+00	1.4009e+00	1.7075e+00
6.9219e-01	1.4302e+00	2.1547e+00	2.7132e+00
4.0968e+00	5.5537e-01	3.3522e+00	2.2009e+00
1.1934e+00	2.2551e-01	4.3104e+00	3.9722e+00
4.8420e-01	3.3442e+00	3.8807e+00	2.2506e+00
2.1785e+00	2.2441e+00	1.0906e+00	2.5743e+00
3.5933e+00	4.1487e+00	1.2895e+00	1.5700e+00
2.5673e+00	5.7109e-01	2.6797e+00	2.7791e+00
1.5972e-01	5.5058e+00	1.6624e+00	3.4760e+00
5.0747e-01	1.4110e+00	3.0372e+00	3.2501e+00
1.0944e+00	1.3063e+00	2.5380e+00	1.9225e+00
7.1977e-01	6.2722e+00	1.4551e+00	2.9528e+00
2.2686e+00	2.2938e+00	1.7822e+00	1.8291e+00
1.9606e+00	2.1506e+00	2.6854e+00	1.3154e+00
4.4126e+00	1.2457e-02	4.3919e+00	1.7720e+00
6.4035e-01	1.1890e+00	3.4772e+00	2.7390e+00
7.5941e-01	1.1284e+00	2.4672e+00	2.4800e+00
2.2505e+00	2.5550e+00	3.2993e+00	7.1119e-01
4.7964e+00	5.0390e+00	6.4225e-01	3.4381e-01
1.2986e+00	1.9955e+00	2.8779e+00	1.6844e+00
7.9288e-01	6.9358e-01	1.1413e+00	3.4888e+00
1.4119e+00	2.2229e+00	2.7558e+00	1.6272e+00
4.5401e+00	4.5039e+00	2.9569e-01	1.4627e+00
2.5263e+00	1.9740e+00	6.5770e-01	3.3523e+00
1.5602e+00	8.4996e-01	4.7259e+00	2.0052e+00
7.0334e-01	2.2162e+00	2.4856e+00	2.6428e+00
1.8458e+00	3.1926e+00	3.3465e+00	9.5472e-01
3.4267e+00	2.4232e+00	2.3253e+00	1.3569e+00
2.4077e+00	5.1476e+00	8.9642e-01	2.4905e+00
3.0425e-01	1.9401e+00	2.3986e+00	3.7556e+00
1.1810e+00	2.9063e+00	5.7966e-02	5.7136e+00
2.7521e+00	2.9313e-01	2.8423e+00	3.0563e+00
3.9059e-01	6.1111e+00	3.2899e+00	1.4648e+00
1.3940e+00	4.0584e+00	2.7076e-01	4.3645e+00
2.1165e+00	3.1929e+00	6.5548e-01	3.1786e+00
1.0082e+00	1.7780e+00	3.1875e+00	2.0060e+00
1.8586e+00	5.6244e+00	3.2288e+00	2.1788e-01
1.2791e+00	3.7905e+00	8.2181e-01	3.9982e+00
5.3922e+00	3.1627e+00	5.8600e-01	1.9349e+00
1.6432e+00	1.5325e+00	3.2539e+00	1.4823e+00
4.0522e+00	3.6013e+00	2.3570e+00	2.2059e-01
3.7119e-01	6.8362e+00	3.3186e+00	7.0200e-01
2.7643e+00	3.2007e+00	2.9387e+00	4.8587e-01
3.1472e+00	4.0937e+00	5.5670e-01	2.4114e+00
3.3689e-01	2.9320e+00	5.7143e+00	1.9207e+00
4.9380e+00	9.5835e-01	4.5265e+00	1.2342e-01
1.2827e+00	8.4637e-01	1.9195e+00	2.2774e+00
3.4931e+00	4.5245e+00	5.8913e-01	2.0262e+00
9.2106e-02	3.2440e+00	1.0338e+00	5.7619e+00
6.8660e+00	1.9671e+00	1.6075e+00	1.4048e+00
1.5026e+00	1.6001e+00	2.1628e+00	1.6794e+00
4.3336e+00	2.0346e+00	3.4057e+00	4.0497e-01
5.1314e-01	2.3250e+00	2.8017e+00	2.8829e+00
1.9519e+00	1.2084e+00	2.5291e+00	1.8327e+00
8.1302e-01	2.8136e+00	3.5452e+00	2.1430e+00
1.2920e+00	1.1306e+00	1.2526e+00	2.4084e+00
6.6024e+00	1.0798e+00	2.2386e-01	3.2886e+00
9.0185e-02	3.8124e+00	2.6497e-01	6.4637e+00
3.2617e+00	1.9777e+00	8.7285e-01	3.0584e+00
3.3439e+00	4.0869e+00	3.2050e-01	2.4337e+00
1.1909e+00	3.4728e+00	9.7627e-01	3.9654e+00
2.1039e+00	1.1061e+00	6.0043e+00	4.7432e-01
2.2169e+00	1.0129e+00	3.0095e+00	2.0286e+00
9.3217e-01	9.4001e-01	5.9655e+00	1.0856e+00
2.7183e+00	2.0473e+00	4.0421e+00	1.3707e-01
1.9747e-01	4.6834e+00	1.7038e+00	3.7512e+00
5.7776e+00	3.9153e-01	8.1506e-01	3.9239e+00
4.3328e+00	5.2120e-01	4.5047e+00	1.3432e+00
1.6765e+00	2.1184e+00	3.4621e+00	1.1878e+00
2.6023e+00	7.3043e-01	2.3963e+00	2.6731e+00
2.1707e+00	2.6577e+00	6.7895e-01	3.1347e+00
3.4469e+00	3.8063e+00	2.2340e+00	7.3778e-01
8.0953e-01	1.5143e+00	4.8746e+00	2.0293e+00
2.9577e+00	2.4029e+00	1.1411e+00	2.4528e+00
2.3262e+00	7.2513e+00	6.9074e-01	1.4247e+00
5.3337e+00	4.1949e+00	6.4108e-01	8.5039e-01
7.2230e+00	5.9123e-01	1.4164e-01	3.1482e+00
8.7650e-01	3.5865e+00	4.4629e-01	5.3441e+00
3.3148e+00	2.7212e+00	1.7393e+00	1.7601e+00
3.9445e+00	3.2350e+00	1.3610e+00	1.7774e+00
1.9225e+00	4.6972e+00	2.9473e+00	1.0769e+00
2.5849e+00	3.3956e+00	1.7143e+00	1.8410e+00
1.4138e+00	2.1412e+00	2.7393e+00	1.6201e+00
9.3488e-01	3.5770e+00	3.5172e+00	1.8640e+00
2.9140e+00	3.0797e+00	1.5280e+00	1.9161e+00
4.7199e-01	6.0375e+00	1.1801e-01	4.1239e+00
7.6737e-01	2.8154e-01	3.9525e+00	3.8995e+00
4.2364e+00	3.6283e-01	2.7606e+00	2.7275e+00
3.2896e-01	3.4196e+00	2.7317e+00	2.9123e+00
4.2662e-01	1.5856e+00	3.0208e+00	3.4526e+00
1.4185e+00	1.3653e+00	1.4410e+00	2.0711e+00
1.2470e+00	1.1626e+00	1.9274e+00	1.8815e+00
5.6398e+00	3.6871e+00	1.1715e+00	6.9288e-01
1.8139e+00	3.3842e+00	3.7323e+00	6.2939e-01
5.6528e+00	1.8200e+00	4.2996e-01	3.1303e+00
4.5268e-01	3.0152e+00	1.6277e+00	4.0704e+00
5.3462e+00	4.2746e+00	5.8676e-01	7.8076e-01
4.8729e-01	8.1762e+00	9.0504e-01	1.8293e+00
2.6608e+00	3.9840e+00	2.8816e+00	4.2016e-01
2.6020e+00	4.2148e-01	2.8145e+00	2.9442e+00
2.0995e+00	4.2617e+00	4.8723e-01	3.2496e+00
3.5788e+00	4.3018e-01	4.0214e+00	2.1410e+00
1.4457e+00	5.6166e-01	3.0433e+00	3.0422e+00
4.0953e+00	1.7661e+00	7.7288e-02	3.9716e+00
3.3780e+00	3.6921e+00	1.7139e+00	1.4388e+00
1.2127e+00	2.7036e+00	5.7655e+00	1.0129e-01
2.4399e+00	2.1321e+00	2.3977e+00	1.4022e+00
1.7365e+00	6.3726e-01	3.0214e+00	2.7489e+00
1.9323e+00	1.6558e+00	2.6688e+00	1.4687e+00
2.4373e+00	4.7948e-01	7.1435e+00	8.0630e-01
2.1661e+00	4.2361e+00	2.8900e+00	9.5348e-01
3.3308e+00	3.7430e+00	1.5535e+00	1.6041e+00
9.8638e-01	3.2357e+00	4.3753e+00	1.4743e+00
1.9362e+00	4.0783e-02	3.7082e+00	3.8588e+00
5.9233e-02	3.2979e+00	3.0837e+00	2.9650e+00
2.1881e+00	3.3102e+00	2.7964e-02	3.6915e+00
3.5716e+00	4.7278e+00	8.5043e-01	1.7041e+00
1.9001e+00	6.6082e-01	1.6638e+00	3.3616e+00
1.2156e+00	1.2236e+00	1.6608e+00	1.9327e+00
3.5298e+00	2.9959e+00	1.2836e+00	2.0446e+00
6.0559e-01	4.3568e+00	1.7691e+00	3.4610e+00
1.8298e+00	3.0997e+00	2.9229e+00	1.2797e+00
2.3968e+00	2.5824e+00	2.2811e+00	1.4097e+00
1.9206e+00	3.1983e-01	4.5727e+00	3.1240e+00
4.0312e+00	1.8762e+00	8.6825e-01	3.1762e+00
2.4851e+00	1.3600e+00	2.7215e+00	1.7304e+00
2.8884e+00	3.8158e-01	2.3616e+00	3.2056e+00
2.7056e+00	1.0797e+00	5.7092e+00	6.2373e-01
4.3311e+00	7.9370e-01	3.6226e+00	1.7406e+00
1.2521e+00	1.2992e+00	2.5541e+00	1.8098e+00
3.1999e+00	4.0626e+00	3.0195e-01	2.5387e+00
8.6030e-01	9.8132e-01	2.9201e+00	2.3330e+00
6.3833e-01	1.2815e+00	3.5429e+00	2.7439e+00
5.2443e-01	7.3513e-01	5.2400e+00	2.1948e+00
1.5474e+00	1.3478e+00	1.1907e+00	2.5137e+00
2.0230e+00	7.4271e+00	1.3042e+00	1.0409e+00
3.3535e+00	1.4901e+00	4.1339e+00	8.0247e-01
6.3406e-01	2.7500e+00	5.0199e+00	1.9567e+00
1.8246e+00	7.2507e-01	1.8610e+00	2.8636e+00
3.3227e-02	1.4736e+00	1.8036e+00	5.5820e+00
6.3261e+00	1.2559e-01	8.1176e-01	3.7015e+00
3.3216e+00	4.1186e+00	1.9323e+00	1.0877e+00
2.0715e-02	1.8371e+00	2.2521e+00	4.7380e+00
5.9060e-01	9.5928e-01	3.5622e+00	2.8112e+00
1.1055e-01	3.8455e-01	5.0703e+00	3.8772e+00
3.7142e-01	3.4430e+00	3.2126e+00	2.6002e+00
8.9313e-01	1.5629e-01	5.5076e+00	3.6591e+00
3.3331e-01	7.5440e-01	2.8407e+00	4.4347e+00
2.5778e+00	1.9632e+00	3.2991e+00	9.3203e-01
4.6670e-01	1.1591e+00	4.6382e+00	2.9367e+00
1.5249e+00	2.3325e+00	2.6395e+00	1.5877e+00
3.9172e-01	2.6510e+00	2.7727e+00	2.9894e+00
3.9880e+00	4.5507e+00	1.4102e+00	9.3680e-01
3.2502e+00	2.1390e-01	6.7449e+00	8.8260e-01
4.9334e+00	3.3951e+00	2.0801e+00	3.4855e-01
7.2165e-02	3.4031e+00	2.4610e+00	3.3446e+00
1.6376e+00	3.5125e+00	4.3500e+00	1.9473e-01
2.0785e+00	1.3779e+00	2.8482e+00	1.6196e+00
3.2068e+00	4.7929e+00	2.3232e-01	2.3356e+00
1.4437e+00	1.5494e+00	1.5011e+00	2.0252e+00
2.3635e+00	4.4488e+00	2.4704e+00	1.2027e+00
4.3391e+00	1.9009e-01	1.0024e+00	4.8347e+00
8.5481e+00	9.5047e-01	5.4427e-01	1.1979e+00
1.8117e+00	3.9122e+00	3.8258e-01	3.7246e+00
7.8217e-01	1.4394e+00	2.4438e+00	2.4234e+00
2.7407e+00	7.1951e+00	1.9447e-01	1.2808e+00
9.4487e-01	7.5969e-01	2.5840e+00	2.5231e+00
2.5521e+00	3.1079e+00	2.9468e+00	6.7001e-01
6.4402e-02	7.5242e-01	8.6828e+00	1.0232e+00
2.5721e+00	2.6207e+00	1.0134e+00	2.5543e+00
2.6547e+00	2.1064e+00	9.8903e-01	2.7494e+00
3.3657e+00	5.3701e+00	1.0931e+00	1.3699e+00
1.8190e-01	5.5121e+00	3.8861e+00	1.3578e+00
4.0598e+00	2.3631e+00	2.6202e+00	1.0813e+00
8.4187e-02	7.4136e+00	1.6561e+00	2.2708e+00
4.7461e+00	3.7837e+00	1.1105e+00	1.3057e+00
2.3447e+00	3.7855e+00	3.0283e-01	3.2255e+00
2.5576e+00	3.3878e+00	2.6181e+00	9.8008e-01
3.4709e-01	2.2773e+00	6.5243e+00	1.9087e+00
2.5041e-01	2.1952e+00	2.9008e+00	3.4221e+00
3.8355e+00	2.0737e+00	3.6740e+00	6.8258e-02
2.2621e+00	3.1292e+00	2.6914e-01	3.4529e+00
1.9929e+00	1.8158e+00	2.4579e+00	1.4752e+00
4.7096e+00	3.4148e+00	1.4604e+00	1.3015e+00
5.4852e-01	3.8370e+00	3.2405e+00	2.3375e+00
2.3708e+00	1.9930e+00	5.6328e-01	3.5374e+00
2.4171e+00	3.0919e-01	5.6013e+00	2.4272e+00
4.8166e+00	3.9650e+00	3.1116e-02	1.8280e+00
3.0367e+00	2.3302e-01	2.3010e+00	3.4218e+00
6.2080e-01	1.8719e+00	5.0788e+00	2.3459e+00
1.9451e+00	7.3858e+00	1.8369e+00	4.9026e-01
9.3201e-01	4.2849e+00	3.5143e+00	1.7031e+00
1.7715e+00	2.2849e+00	2.2803e+00	1.5933e+00
2.2733e+00	1.4542e+00	2.4693e+00	1.6977e+00
6.4568e-01	5.8782e-01	4.0687e+00	2.5877e+00
3.7197e+00	5.4796e-01	7.5134e-01	5.3021e+00
5.3679e+00	4.8020e+00	2.6499e-01	1.9601e-01
5.9997e+00	3.2063e+00	1.4480e+00	7.2547e-01
1.7898e+00	2.0740e+00	3.3475e+00	1.1530e+00
1.7370e+00	2.6781e+00	2.8341e+00	1.3772e+00
3.2581e+00	6.2739e-01	2.6725e+00	2.6683e+00
1.3782e+00	2.7692e+00	4.3716e+00	1.0152e+00
3.3713e+00	3.0777e+00	8.7763e-01	2.3876e+00
6.3447e-01	7.8390e-01	2.1906e+00	3.0625e+00
4.7508e+00	1.8791e+00	2.8874e+00	1.1837e+00
2.0354e+00	7.2278e+00	1.9212e+00	4.5421e-01
4.6556e+00	4.8707e+00	1.2003e+00	5.4265e-03
1.8987e+00	1.2009e+00	2.4591e+00	1.8431e+00
4.1079e-01	4.2057e+00	3.4975e+00	2.1881e+00
2.7859e+00	3.0862e+00	2.9573e+00	4.9098e-01
2.0622e+00	2.4964e+00	1.9998e+00	1.7047e+00
6.4665e-01	1.1261e+00	2.7462e+00	2.8118e+00
1.4370e-01	3.8815e+00	1.9353e+00	3.7592e+00
7.0332e+00	2.3872e+00	5.1457e-01	1.6918e+00
3.6902e-01	3.4493e+00	6.7314e+00	2.2141e-01
2.4541e+00	2.5976e+00	1.0871e+00	2.5006e+00
3.1514e+00	2.7623e+00	3.1355e+00	2.0945e-01
8.0078e-01	3.6368e+00	3.9585e+00	1.7652e+00
1.4793e+00	1.9630e-01	3.8080e+00	4.0652e+00
7.2400e-01	2.2540e+00	4.4049e+00	2.2375e+00
2.4919e+00	2.2940e+00	2.5812e+00	1.2251e+00
1.8722e+00	3.8081e-01	2.4330e+00	3.5639e+00
2.0760e+00	1.5455e+00	2.2562e+00	1.6772e+00
1.1543e+00	8.3896e+00	1.2813e+00	5.4451e-01
1.2281e+00	1.6470e+00	2.0092e+00	1.8586e+00
6.8737e-01	1.0827e+00	1.6513e+00	2.9048e+00
1.3746e+00	1.2333e+00	2.2558e+00	1.7992e+00
1.3110e+00	1.4987e+00	1.7943e+00	1.8525e+00
2.9429e+00	4.2454e+00	1.6395e+00	1.6333e+00
2.3751e+00	4.3807e-01	5.7043e+00	2.1962e+00
3.5364e+00	1.3928e+00	8.3009e-01	3.8620e+00
6.1691e-01	1.0407e+00	2.4901e+00	2.9686e+00
5.2990e-01	3.5495e+00	2.5900e+00	2.8092e+00
4.0387e+00	5.8607e+00	7.2167e-02	9.4063e-01
1.2370e+00	8.8435e-01	2.0004e+00	2.1837e+00
8.0927e-01	6.4715e+00	1.1417e+00	3.0162e+00
2.2001e+00	3.2645e+00	3.7499e-01	3.3875e+00
3.7800e+00	2.0963e+00	7.1919e-01	3.1132e+00
4.5743e+00	2.8939e-01	3.7961e+00	1.9224e+00
2.5213e+00	2.7738e+00	3.8462e-01	3.2301e+00
2.3631e-01	2.3052e+00	2.8418e+00	3.3814e+00
3.7449e+00	2.2024e-01	3.2116e+00	2.6369e+00
2.0904e-01	4.4059e-01	3.9674e+00	3.8410e+00
2.7588e+00	3.0858e+00	3.0877e+00	3.2629e-01
3.0935e-01	4.2968e+00	5.1875e+00	1.0077e+00
2.0777e+00	3.6767e+00	2.6784e+00	1.2926e+00
1.9352e+00	2.3759e+00	2.0171e+00	1.7111e+00
4.4022e+00	2.7196e-01	1.5239e+00	4.0203e+00
8.1642e-01	2.5331e+00	2.4344e+00	2.5142e+00
1.5586e+00	3.6133e+00	3.6065e-01	4.2007e+00
1.1633e-01	9.3774e-01	4.5961e+00	4.4062e+00
2.2580e+00	2.2985e+00	2.9773e+00	1.0197e+00
4.6745e-02	2.4280e+00	3.1154e+00	3.4628e+00
2.0981e+00	2.4975e+00	2.8919e+00	1.1024e+00
7.1165e-01	7.2836e-01	3.3650e+00	2.6238e+00
3.5969e+00	1.4390e+00	8.9831e-01	3.6896e+00
3.7201e+00	3.8078e+00	2.1903e+00	6.0206e-01
2.3959e+00	4.4022e+00	2.4965e+00	1.1479e+00
1.8838e+00	1.4620e+00	2.1630e+00	1.7188e+00
6.7842e-01	5.1954e+00	8.5262e-01	4.0397e+00
2.5856e-01	4.2079e+00	5.6719e+00	6.5689e-01
1.7831e+00	5.7091e-01	4.9066e+00	2.5418e+00
1.1018e+00	1.2803e+00	1.6053e+00	2.0102e+00
1.6986e+00	1.1053e-02	6.8121e+00	2.7442e+00
2.0417e+00	2.8834e+00	1.0226e+00	2.7756e+00
1.3357e+00	1.3626e+00	2.1782e+00	1.7609e+00
5.1992e+00	4.5202e+00	2.8391e-01	8.5977e-01
4.7268e+00	8.3692e-01	1.1179e+00	3.8683e+00
9.0654e-01	2.3370e+00	4.0225e+00	1.9956e+00
3.0313e+00	1.4590e+00	2.8281e+00	1.6757e+00
4.4807e-01	1.1555e+00	3.9253e+00	3.2625e+00
3.2409e+00	2.9149e+00	1.1838e-01	3.0518e+00
2.8764e+00	5.5031e+00	6.7227e-01	2.0955e+00
1.6362e+00	6.5522e-01	1.5658e+00	3.4238e+00
8.1021e-02	8.7849e-01	5.9677e+00	3.6801e+00
4.5735e+00	5.2814e-01	2.5725e+00	2.7031e+00
8.2097e-01	5.1788e+00	4.4948e+00	1.1777e-01
1.7247e+00	1.5004e+00	1.9666e+00	1.7517e+00
5.0551e+00	3.3528e-01	9.2932e-01	4.3138e+00
2.1377e-01	3.9820e+00	5.6818e+00	1.0126e+00
4.2724e+00	2.2003e+00	2.7051e+00	1.1252e+00
4.8828e-01	3.3782e+00	3.2147e+00	2.5073e+00
2.5428e-01	5.7502e+00	4.2445e+00	5.9307e-01
1.5418e+00	5.0800e+00	4.4332e-01	3.6169e+00
4.3646e+00	5.1793e+00	5.3490e-01	8.8229e-01
3.6750e-01	4.2087e+00	3.4341e+00	2.2593e+00
3.8191e+00	4.2584e+00	1.2870e+00	1.3775e+00
4.2897e+00	2.7095e+00	1.2222e-01	2.9213e+00
4.2758e+00	2.5191e-01	3.3514e+00	2.3700e+00
1.1277e-01	3.9235e+00	2.0611e+00	3.6185e+00
1.2483e+00	4.2684e-01	2.1642e+00	4.0807e+00
6.0768e+00	3.1362e+00	4.4278e-01	1.6572e+00
1.7233e+00	2.5486e+00	1.5013e-01	4.5947e+00
2.6793e+00	2.6323e+00	8.9017e-01	2.6641e+00
2.2133e+00	4.5103e-01	3.3615e+00	2.9274e+00
4.6712e+00	3.0753e+00	1.6757e+00	1.3858e+00
5.2001e+00	7.7639e-01	2.4906e+00	2.4527e+00
6.3565e+00	3.5714e-01	1.0039e+00	3.4419e+00
1.8575e+00	5.2774e+00	1.7736e-01	3.3856e+00
4.1198e-01	1.0920e+00	3.1258e+00	3.7600e+00
3.2930e+00	1.9560e+00	3.7941e+00	3.4877e-01
1.6734e+00	4.4743e+00	7.7123e-01	3.4175e+00
4.4461e-01	1.3041e+00	2.3180e+00	3.8544e+00
1.7977e+00	2.2602e+00	1.0111e+00	2.8478e+00
3.8631e+00	5.8959e+00	8.7627e-01	4.8171e-01
7.8279e-01	4.2166e+00	4.9376e-02	5.3731e+00
2.6249e+00	1.6713e+00	2.9771e+00	1.3549e+00
2.4624e+00	8.2621e-01	5.3285e+00	1.6172e+00
2.6799e+00	3.0710e+00	2.8691e+00	6.7986e-01
3.4336e+00	2.9287e+00	2.6758e+00	6.3939e-01
5.4781e+00	6.7803e-01	3.7887e+00	1.1003e+00
8.1838e-01	2.7466e+00	3.5232e+00	2.1552e+00
2.9183e+00	2.7457e+00	9.7882e-01	2.4989e+00
2.2916e+00	3.4662e+00	3.2824e-02	3.5304e+00
1.8897e+00	1.7419e+00	2.6337e+00	1.4475e+00
3.8309e-01	1.9266e+00	3.8288e+00	3.1639e+00
1.9936e+00	6.3699e+00	1.1124e+00	2.1797e+00
2.8008e-01	2.5505e+00	1.3919e-01	7.6411e+00
1.3425e+00	4.7274e-01	3.3660e+00	3.3267e+00
6.4734e-01	3.5825e+00	3.1028e+00	2.3732e+00
2.8364e+00	2.4433e+00	1.7136e+00	1.8761e+00
2.5390e+00	3.3593e+00	2.8732e+00	7.1249e-01
2.8879e+00	1.2630e+00	3.2173e+00	1.6851e+00
5.1809e+00	1.9968e+00	3.1804e+00	4.2555e-01
2.5759e+00	3.3522e+00	2.3554e+00	1.2395e+00
2.5713e+00	2.4250e+00	2.5308e+00	1.2121e+00
7.1950e-01	1.7174e+00	2.5915e+00	2.5814e+00
4.7060e-01	7.3909e-03	5.1798e+00	4.8105e+00
1.2292e+00	6.1068e-01	1.9299e+00	3.1476e+00
3.8713e+00	5.0232e+00	1.3099e+00	8.2109e-01
1.6761e+00	3.5869e+00	3.9826e+00	5.3726e-01
9.0452e+00	1.6703e-01	6.5266e-01	7.0556e-01
6.2015e+00	2.5339e+00	1.5231e+00	1.3746e+00
1.2310e-01	2.8274e+00	2.9013e+00	3.1931e+00
4.2430e+00	2.5021e-01	3.7078e+00	2.1551e+00
7.5096e-01	1.4445e+00	2.2572e+00	2.5151e+00
4.2272e-01	1.0765e+00	3.1070e+00	3.7130e+00
3.5130e+00	1.0994e+00	3.4489e+00	1.7292e+00
2.7078e+00	5.1483e-01	2.8055e+00	2.7884e+00
4.5102e+00	4.4544e-01	4.0859e+00	1.6239e+00
5.6869e+00	1.8674e-01	1.8535e+00	3.2051e+00
6.6299e+00	1.8403e+00	1.9884e+00	1.3304e+00
6.3451e+00	1.0327e+00	7.4861e-01	3.2104e+00
1.2624e+00	9.7366e-01	1.6178e+00	2.1322e+00
3.8294e+00	3.7925e+00	1.1475e+00	1.7244e+00
2.3260e+00	4.0223e+00	4.7659e-01	3.0801e+00
8.7309e+00	7.5324e-01	8.6492e-01	7.3783e-01
3.1771e+00	2.2009e+00	3.6860e+00	9.0418e-02
2.2437e+00	3.1183e-01	4.5354e+00	2.9202e+00
4.5039e+00	4.7304e+00	7.8680e-01	9.4483e-01
1.7391e+00	7.8551e-01	2.5847e+00	2.4309e+00
2.3889e+00	2.1418e+00	1.8632e+00	1.7797e+00
1.1604e+00	1.2059e+00	1.4471e+00	2.0890e+00
2.7064e+00	2.8168e+00	2.0972e+00	1.4740e+00
3.0532e+00	1.6715e-01	3.3942e+00	2.8501e+00
1.8967e+00	3.7433e+00	8.8850e-01	3.1434e+00
2.0208e+00	2.1466e+00	3.0414e+00	1.1283e+00
1.9097e+00	1.7342e+00	1.8731e+00	1.7764e+00
7.6312e-01	1.6059e-01	5.9301e+00	3.3520e+00
1.9158e+00	2.1432e+00	2.3319e+00	1.5016e+00
2.2664e+00	2.7482e+00	9.6448e-01	2.7030e+00
4.9241e-01	6.8090e-01	5.7816e+00	1.8707e+00
2.0911e+00	1.6586e+00	4.8344e+00	4.4923e-01
1.1088e+00	1.1762e+00	2.9235e+00	1.9779e+00
2.8322e+00	3.7908e+00	6.2460e-01	2.6249e+00
3.5923e+00	2.8157e+00	2.5642e+00	8.2449e-01
3.1527e+00	2.7257e+00	4.3873e-02	3.2422e+00
4.0844e+00	5.7233e-01	4.7993e+00	1.2441e+00
3.8788e+00	3.0983e+00	2.1203e+00	1.0972e+00
3.3027e+00	4.0943e+00	5.9116e-01	2.2952e+00
1.6165e+00	1.9700e+00	9.6080e-01	3.0374e+00
4.9340e+00	5.4678e-01	2.5828e+00	2.6005e+00
2.7496e+00	7.2525e-02	4.3821e+00	2.8600e+00
1.1750e+00	8.0625e-01	1.1843e+00	3.1974e+00
3.4007e+00	2.0981e+00	2.5282e+00	1.3934e+00
3.4819e-01	1.9777e+00	1.8591e+00	4.1205e+00
2.3314e+00	2.5745e+00	2.9457e+00	9.3197e-01
4.6999e+00	3.5274e+00	2.1634e+00	1.6667e-01
9.5805e-01	1.5686e+00	1.9820e+00	2.1442e+00
4.8906e-01	3.8760e+00	7.0610e-01	5.3271e+00
1.9454e+00	4.3077e+00	3.2078e+00	8.2646e-01
2.6425e+00	2.3418e+00	3.7676e+00	7.9803e-02
3.3195e+00	3.8692e+00	1.6290e+00	1.4993e+00
4.5919e+00	2.2076e+00	6.0111e-01	3.0041e+00
2.1905e+00	2.8958e-02	3.3550e+00	3.6576e+00
3.8524e+00	1.9519e-01	3.5711e+00	2.4252e+00
3.2805e-01	1.3826e+00	3.2866e+00	3.9185e+00
4.1603e+00	2.2198e+00	5.3859e-01	3.1114e+00
1.3397e+00	7.5935e-01	2.0743e+00	2.4969e+00
1.3601e+00	4.5430e+00	3.7152e+00	9.5009e-01
1.3395e+00	4.0266e+00	6.0309e-01	4.1116e+00
2.4070e+00	2.3362e+00	2.1211e-03	3.9958e+00
3.6314e+00	3.4986e+00	1.6823e+00	1.4377e+00
2.3017e+00	2.3131e+00	2.0172e+00	1.6400e+00
5.8624e-01	7.5776e-01	3.8390e+00	2.6732e+00
9.7450e-01	3.0174e+00	2.3424e-01	5.8749e+00
3.3903e+00	1.9531e+00	3.6506e+00	4.9549e-01
1.0817e+00	5.5925e+00	2.2786e-01	3.9179e+00
8.4701e-03	3.1218e+00	6.3802e+00	1.6668e+00
4.1762e+00	1.1214e+00	4.8661e+00	1.3841e-01
1.1046e+00	4.1058e+00	4.7617e+00	4.2119e-01
6.4429e-02	5.0663e+00	3.7888e-01	4.9963e+00
2.8001e+00	4.2284e-01	1.4763e+00	4.4846e+00
7.6537e-01	4.5405e+00	3.2813e+00	1.9601e+00
2.7281e+00	2.0358e+00	7.3330e-01	3.1611e+00
6.2314e-01	2.8017e+00	2.3448e+00	2.8832e+00
3.6067e+00	2.6385e+00	3.0151e+00	3.5202e-01
1.9789e+00	7.7775e+00	1.7523e-01	1.5274e+00
3.1499e+00	3.5345e+00	1.6344e-01	2.8035e+00
5.5964e+00	1.5507e+00	4.4443e-01	3.3861e+00
1.6626e+00	2.3006e+00	2.4084e+00	1.5871e+00
4.7664e+00	4.3139e+00	1.5524e+00	9.4416e-02
2.5725e+00	1.5832e+00	8.4530e-01	3.4900e+00
8.1564e-01	6.1315e+00	2.2271e+00	2.2926e+00
2.6279e+00	2.8627e+00	9.7475e-02	3.3853e+00
2.3242e+00	2.9204e+00	9.9354e-01	2.6452e+00
2.7733e+00	1.0725e+00	3.6729e+00	1.7649e+00
6.6368e-01	3.3920e+00	3.5304e+00	2.1887e+00
7.3734e-01	2.4133e+00	1.5569e+00	3.5647e+00
4.0305e+00	2.2652e+00	2.7213e+00	1.0662e+00
4.1745e-01	2.1861e+00	2.2883e+00	3.3666e+00
1.4706e+00	4.3567e-01	1.7460e+00	4.1672e+00
1.8705e+00	2.5328e-01	3.1874e+00	3.6559e+00
1.6455e+00	1.5844e+00	5.2374e-01	4.4944e+00
2.3968e+00	4.8989e+00	2.9948e+00	2.2682e-01
1.7560e+00	2.7651e+00	4.4744e+00	1.9130e-01
2.2256e+00	1.9142e+00	1.0321e+00	2.7394e+00
2.4187e+00	6.7694e+00	1.3953e+00	1.1773e+00
2.0923e+00	1.9915e+00	2.0526e+00	1.6460e+00
2.3082e+00	5.5408e+00	1.7682e-01	2.8638e+00
2.6926e+00	3.3687e+00	1.2290e+00	2.2411e+00
2.7238e+00	3.9215e+00	2.1338e+00	1.3304e+00
2.1815e+00	3.8870e+00	2.8567e+00	1.0135e+00
1.0470e+00	2.6088e+00	3.2834e+00	1.9273e+00
3.5242e+00	9.1973e-01	1.0482e-01	5.7475e+00
3.4321e+00	1.0593e+00	4.3102e-03	5.6546e+00
5.2402e+00	4.9594e+00	3.3306e-02	3.3170e-01
2.6561e+00	3.1652e+00	1.6111e+00	1.9086e+00
4.5531e+00	4.6760e-01	4.7168e+00	1.0331e+00
3.0026e+00	3.8665e+00	2.7886e+00	1.8983e-01
5.1597e-01	3.7738e+00	1.1974e+00	4.5364e+00
2.4353e+00	2.2278e+00	1.3270e+00	2.2773e+00
1.9184e+00	3.0152e+00	3.4887e+00	7.7564e-01
1.6178e-01	4.6977e+00	7.1281e-01	4.9341e+00
4.1631e-01	1.3788e+00	3.1014e+00	3.6186e+00
2.3143e+00	3.3828e+00	3.0346e+00	7.3035e-01
6.9454e-01	5.0095e+00	3.3540e+00	1.7975e+00
1.3935e+00	1.3681e+00	4.1902e+00	1.5292e+00
2.5276e+00	2.2581e+00	3.7598e+00	2.9158e-01
2.4311e+00	6.2199e-01	9.9618e-01	5.2826e+00
1.2131e+00	1.1673e+00	1.5061e+00	2.0359e+00
4.3934e+00	6.5858e-01	2.2048e+00	2.9639e+00
6.8496e+00	2.4447e+00	3.6118e-01	1.8783e+00
1.2016e+00	8.0088e-01	2.0643e+00	2.3644e+00
2.6283e+00	3.5330e+00	1.1331e-01	3.1601e+00
1.1994e+00	1.5504e+00	7.1864e-01	4.3289e+00
2.2877e+00	7.1615e+00	1.7646e+00	3.7450e-01
2.5551e+00	2.5736e+00	1.6563e+00	1.9115e+00
5.0154e+00	2.2544e+00	2.8202e+00	7.1521e-01
2.4826e+00	2.6880e+00	2.0110e+00	1.6052e+00
8.8561e-01	9.7985e-01	4.8457e+00	1.8933e+00
1.7402e-01	3.8614e+00	5.5483e+00	1.3126e+00
1.6358e+00	1.3974e+00	1.5379e+00	2.0256e+00
4.4798e+00	3.5362e+00	1.9236e+00	7.4437e-01
9.8883e-01	1.3820e+00	2.3112e+00	2.0272e+00
2.5154e+00	3.0678e+00	1.6011e+00	1.9666e+00
5.2635e-02	3.2614e+00	3.4185e+00	2.8362e+00
1.5879e+00	5.5224e-02	3.2390e+00	4.5734e+00
5.6158e+00	3.1385e+00	2.1182e+00	6.2359e-02
3.5543e+00	1.1673e+00	1.7981e-02	5.3296e+00
1.6526e+00	6.2555e-01	2.3318e+00	2.8924e+00
2.5408e+00	2.1954e+00	1.3443e-01	3.8984e+00
2.5305e+00	2.2149e+00	1.8058e+00	1.8269e+00
3.0246e+00	2.1313e+00	2.8120e-01	3.6071e+00
1.1632e+00	1.5086e+00	1.3728e+00	2.2875e+00
1.5871e+00	6.3561e+00	2.8700e+00	6.3790e-01
3.1534e+00	3.0368e+00	1.8538e+00	1.5660e+00
2.2623e+00	2.2921e+00	3.2989e+00	8.1447e-01
3.1048e+00	4.3543e+00	2.5852e+00	1.8237e-01
1.7960e+00	2.9983e+00	3.3983e+00	9.8804e-01
2.3046e+00	8.2823e-01	3.9112e+00	2.1540e+00
2.9090e+00	2.3154e-01	5.2831e+00	2.2794e+00
3.0169e+00	3.9856e-01	3.1443e+00	2.7231e+00
2.3209e+00	2.3186e+00	7.0243e-01	3.0975e+00
3.6206e+00	3.9199e+00	1.2631e-01	2.4384e+00
5.7566e-02	5.8431e+00	4.5282e+00	8.0683e-02
6.7373e-01	1.0366e+00	3.8204e+00	2.5556e+00
1.5521e+00	1.2181e+00	2.6553e+00	1.7783e+00
3.0331e+00	3.5046e+00	2.1029e+00	1.2437e+00
2.4567e-01	5.9097e+00	4.0937e+00	6.5379e-01
2.0799e+00	3.1157e+00	5.5869e-01	3.3315e+00
4.6285e-01	1.9392e+00	5.5905e+00	2.4440e+00
7.6400e-02	1.5190e+00	5.7122e+00	3.4429e+00
2.2059e+00	1.6923e+00	2.6930e+00	1.4376e+00
3.3096e+00	3.4661e+00	1.1385e+00	2.0622e+00
3.3167e+00	2.4969e+00	3.1553e+00	4.0033e-01
2.2651e+00	4.6771e+00	5.4044e-01	2.9752e+00
2.3081e+00	1.9289e+00	2.5837e+00	1.3681e+00
1.9724e+00	3.9777e+00	3.6501e+00	2.6633e-01
2.4384e+00	2.5283e+00	2.0779e+00	1.5653e+00
6.0527e+00	1.6549e+00	2.6074e+00	1.2040e+00
3.7458e+00	1.8913e+00	3.5279e+00	6.4600e-01
1.7678e+00	1.4419e+00	1.8147e+00	1.8559e+00
1.2778e+00	1.5389e+00	1.1097e+00	2.7749e+00
1.5669e+00	1.7458e+00	2.2869e+00	1.6206e+00
2.6933e+00	1.9166e+00	2.6709e+00	1.3441e+00
8.3104e-01	1.2282e+00	1.3122e+00	2.8348e+00
4.2732e+00	1.0276e+00	7.7171e-01	4.2377e+00
1.9562e-02	2.7558e+00	7.8641e+00	2.4818e-01
3.5619e+00	4.2466e+00	1.4876e+00	1.3592e+00
1.2826e+00	1.7291e+00	1.3443e+00	2.3743e+00
6.6985e+00	3.4168e+00	6.0597e-01	5.2742e-01
8.1407e-01	4.6607e+00	5.6368e-01	4.4986e+00
3.2171e+00	4.5560e-01	3.1965e+00	2.5869e+00
5.5195e+00	6.3158e-02	3.6942e+00	1.6258e+00
5.6418e-01	3.7274e+00	5.4289e+00	1.0701e+00
2.1183e+00	2.5468e+00	4.0573e+00	1.1869e-01
3.4565e+00	4.5193e+00	3.6181e-01	2.1861e+00
2.9822e+00	2.5059e+00	1.6874e-01	3.3683e+00
1.6740e+00	3.3293e-01	4.0664e+00	3.4054e+00
6.4788e-02	3.4662e+00	2.5144e+00	3.2888e+00
5.1198e+00	6.8888e-02	4.6792e+00	8.7329e-01
4.2307e+00	1.2017e+00	3.3651e+00	1.5583e+00
2.7760e+00	2.8097e+00	2.7594e+00	8.3622e-01
6.7496e+00	1.6484e+00	2.0612e+00	1.3499e+00
3.4014e-01	4.6790e+00	3.9803e+00	1.6936e+00
6.2108e-01	1.4955e+00	2.1414e+00	2.9852e+00
6.6812e+00	4.3578e-01	3.1933e+00	1.0441e+00
1.9034e+00	1.7686e+00	2.1252e+00	1.6326e+00
1.1295e+00	1.0592e+00	1.0287e+00	3.1512e+00
3.6736e+00	5.2737e-01	3.0748e+00	2.4843e+00
2.9022e+00	4.6637e+00	8.2256e-01	2.2594e+00
2.7207e+00	2.5236e+00	2.3260e+00	1.3304e+00
1.8124e+00	3.8821e+00	3.6637e+00	5.7216e-01
1.7828e+00	3.8788e+00	3.5464e+00	7.5481e-01
1.0861e+00	9.6735e-01	3.2401e+00	2.1528e+00
5.7346e+00	7.5926e-01	3.3843e+00	1.3370e+00
2.7395e+00	1.9431e-01	4.3767e+00	2.7485e+00
2.5547e+00	4.8528e+00	2.3398e+00	1.0682e+00
3.6920e+00	3.3190e+00	2.1852e+00	9.3878e-01
2.3662e+00	2.1366e+00	4.2319e+00	3.3028e-02
5.3829e+00	1.5585e-01	3.7643e+00	1.5913e+00
4.9676e+00	1.9976e+00	3.4126e+00	9.4087e-02
4.0933e+00	2.1432e+00	3.0104e+00	8.5808e-01
2.1213e+00	5.2173e+00	2.7715e+00	8.7861e-01
3.1818e+00	3.3287e+00	3.0740e-01	2.7746e+00
3.7515e+00	1.6309e+00	3.3247e+00	1.1815e+00
3.7207e+00	3.4952e+00	2.5988e+00	1.0219e-01
6.7062e-01	5.4147e-01	3.2975e+00	2.9431e+00
5.5480e+00	4.3457e-01	7.2304e-01	4.1124e+00
2.1133e+00	2.6423e+00	1.1236e+00	2.5723e+00
1.3609e+00	9.2566e-01	8.2101e-01	4.3104e+00
8.5308e-01	1.1638e+00	1.9035e+00	2.2492e+00
8.0119e-01	5.1430e+00	5.8066e-01	4.1952e+00
2.4369e+00	1.5142e+00	2.9105e+00	1.5077e+00
7.2598e-01	2.9108e+00	2.7915e+00	2.4985e+00
2.5981e+00	2.3727e+00	2.7404e+00	1.0654e+00
2.0647e+00	2.3069e+00	1.1830e-01	4.2472e+00
3.2658e-01	4.1194e-02	3.2631e+00	6.6169e+00
3.3942e+00	2.4841e+00	3.3557e+00	5.5297e-02
1.5005e+00	2.6371e+00	7.6298e-01	3.8200e+00
3.0738e+00	5.2548e+00	9.4930e-01	1.8277e+00
3.6091e+00	7.0806e-01	3.5290e+00	2.0882e+00
1.7331e+00	3.8592e+00	3.5336e+00	8.4342e-01
1.8249e+00	1.6626e+00	4.0322e+00	1.1037e+00
1.5386e+00	2.8292e+00	4.8391e+00	2.6534e-01
1.4278e+00	3.2480e+00	4.3432e+00	7.8028e-01
4.7872e+00	4.1413e+00	1.2101e+00	8.3161e-01
2.9311e+00	2.1873e+00	2.2690e+00	1.5042e+00
2.2665e+00	3.9415e+00	9.3800e-02	3.4102e+00
1.9451e+00	4.9362e-01	2.9489e+00	3.0427e+00
1.6464e+00	9.0065e-01	8.6148e-01	4.5340e+00
2.5211e+00	2.0321e+00	2.8971e+00	1.1342e+00
2.6918e+00	5.8008e-01	5.9903e+00	1.5465e+00
1.4431e+00	7.4480e+00	2.2396e+00	4.7586e-01
1.8652e+00	2.8784e+00	3.2426e+00	1.0281e+00
3.1046e+00	1.0480e+00	3.7714e+00	1.7045e+00
3.5319e+00	2.5364e+00	7.0468e-01	2.7844e+00
1.5779e-01	3.6501e+00	2.5333e+00	3.1627e+00
4.3722e-01	2.4557e+00	3.2832e+00	2.8445e+00
1.0826e+00	4.0964e+00	6.9963e-01	4.3337e+00
9.1850e-01	4.3503e+00	2.6485e-01	4.8784e+00
2.9560e+00	2.0676e+00	1.6451e-01	3.8327e+00
4.1720e+00	3.1174e+00	1.3392e+00	1.8117e+00
6.8007e-01	3.5695e-01	6.9021e+00	1.3266e+00
3.9569e+00	6.0989e-01	4.4859e+00	1.5144e+00
4.3016e+00	3.3403e+00	1.3781e+00	1.5950e+00
6.7053e+00	2.9789e+00	1.4875e+00	1.8026e-01
2.6236e+00	2.8812e+00	3.2685e+00	2.9702e-01
3.4061e+00	3.9817e+00	1.9802e+00	1.0229e+00
3.5916e+00	4.5714e+00	4.0335e-01	2.0476e+00
9.5745e-01	6.0195e+00	2.7566e+00	1.7138e+00
1.6277e+00	1.5314e+00	3.6356e+00	1.4203e+00
4.5501e+00	2.5752e+00	4.8475e-01	2.7690e+00
2.0210e+00	4.2473e+00	2.7684e+00	1.2435e+00
2.7864e+00	2.8654e+00	3.2090e+00	2.5312e-01
5.0719e+00	3.6135e+00	1.1888e+00	1.1993e+00
1.5184e-01	2.2056e+00	3.2641e+00	3.4821e+00
1.2322e+00	3.7256e+00	3.5184e+00	1.5055e+00
4.7994e-01	4.3879e+00	4.7234e+00	1.1601e+00
2.9737e+00	4.8120e+00	2.0318e+00	1.0224e+00
2.2568e+00	1.6094e+00	2.3383e+00	1.6428e+00
3.5317e+00	1.2747e+00	4.1450e+00	1.0752e+00
3.1501e+00	2.4443e+00	7.2256e-01	2.8581e+00
2.2794e+00	2.7386e+00	2.0180e+00	1.6523e+00
2.6227e+00	1.9739e+00	2.2686e+00	1.5644e+00
1.0264e+00	7.5615e-02	1.5698e+00	6.2374e+00
6.4109e-01	2.6472e+00	2.5447e+00	2.7302e+00
6.9147e-01	4.7804e+00	3.7893e+00	1.5126e+00
1.2624e+00	2.3261e+00	7.5130e-01	4.3276e+00
2.1743e+00	3.1324e+00	6.4677e-01	3.1382e+00
3.0455e+00	1.3648e+00	4.3727e+00	9.4688e-01
3.9670e+00	6.1512e+00	7.4105e-01	3.5657e-02
3.2724e+00	3.2322e+00	1.3339e+00	1.9697e+00
2.0433e+00	1.9063e+00	9.1172e-01	2.9666e+00
1.0010e+00	1.1643e+00	1.1081e+00	2.9338e+00
3.4316e+00	2.7908e+00	5.6022e-01	2.7611e+00
1.9902e+00	1.7904e+00	8.9935e-01	3.0601e+00
4.8550e-01	3.6066e+00	1.9220e+00	3.4992e+00
1.8715e+00	3.0567e+00	3.4694e-01	3.8683e+00
3.4054e-01	3.0962e+00	5.5934e+00	1.8429e+00
1.0636e+00	8.7446e-01	1.7079e+00	2.2450e+00
3.1753e+00	4.5204e-01	3.2536e+00	2.5783e+00
4.1851e+00	2.9703e+00	2.6450e+00	3.5259e-01
3.6210e+00	3.0789e+00	1.8581e+00	1.4524e+00
6.8029e+00	1.2489e+00	4.7484e-01	2.9088e+00
1.7506e+00	8.1045e-01	2.9003e+00	2.3623e+00
5.7711e+00	1.5480e+00	5.0378e-01	3.2716e+00
2.4349e+00	7.0763e+00	1.8229e+00	9.0631e-02
5.0800e-02	4.1953e+00	4.2796e+00	1.9610e+00
5.2746e+00	3.7414e-01	2.0582e+00	3.0843e+00
3.6122e+00	1.5734e+00	8.3277e-01	3.5899e+00
2.2213e+00	1.1433e+00	3.7916e+00	1.6997e+00
5.3858e+00	6.8595e-01	2.7665e+00	2.2007e+00
2.5951e+00	5.7872e+00	1.7113e+00	1.3652e+00
2.8438e+00	3.0667e+00	1.8712e+00	1.6165e+00
1.4966e+00	1.7784e+00	3.0362e+00	1.5012e+00
6.5166e+00	2.7387e+00	1.6212e+00	6.9970e-01
1.8258e+00	3.7310e-01	4.6997e+00	3.0344e+00
8.0321e+00	9.9609e-02	1.6663e+00	1.5654e+00
1.3853e+00	1.8194e+00	3.5204e+00	1.5022e+00
3.0571e+00	5.4846e+00	1.3194e+00	1.4216e+00
3.6072e+00	4.0067e+00	2.2714e+00	4.1970e-01
1.8223e+00	1.8867e+00	2.1633e+00	1.6063e+00
1.5435e+00	2.9609e+00	4.1314e+00	8.3820e-01
4.1962e+00	5.4544e-03	6.0441e+00	4.9870e-01
2.0715e+00	3.6973e+00	6.9302e-01	3.1663e+00
4.0079e+00	3.2876e+00	2.4879e+00	3.5509e-01
1.8573e+00	1.8425e+00	1.2296e+00	2.4048e+00
7.0604e-01	1.5864e+00	3.2950e+00	2.5845e+00
1.1473e+00	1.6984e+00	2.4591e+00	1.8641e+00
4.7996e+00	3.2371e-01	2.8251e+00	2.5695e+00
3.0173e+00	3.1458e+00	1.1017e-01	3.0395e+00
4.0762e+00	6.6083e-01	2.0840e+00	3.1112e+00
8.7160e+00	7.1731e-01	1.1222e+00	5.0342e-01
1.3205e+00	9.3885e-01	1.4877e+00	2.3223e+00
3.9347e+00	2.5237e+00	7.3834e-02	3.1802e+00
3.5095e+00	2.3182e+00	1.7647e-02	3.5018e+00
8.0866e-01	4.7092e-01	3.9479e+00	2.9894e+00
2.3503e+00	2.6288e+00	1.8576e+00	1.7617e+00
3.1851e+00	2.9786e+00	2.5519e+00	8.5008e-01
5.4193e+00	2.1032e+00	1.0990e-01	3.1306e+00
9.1423e-01	3.0732e-01	2.3684e+00	5.0068e+00
1.4392e+00	1.7759e+00	1.7886e+00	1.8746e+00
9.6732e-01	3.6460e+00	4.0231e+00	1.5307e+00
1.9907e+00	7.1270e+00	1.2195e+00	1.5072e+00
1.0884e+00	1.1485e+00	1.7185e+00	1.9788e+00
1.4219e-01	2.9556e+00	7.8136e-01	6.4382e+00
5.6482e-02	2.5444e+00	1.8825e-01	7.8794e+00
5.0017e-01	5.4168e+00	4.5568e+00	1.8360e-01
2.8622e+00	6.5809e-01	2.1438e+00	3.0054e+00
5.5843e-01	4.0061e+00	3.5031e+00	2.1307e+00
9.4830e-01	1.8115e+00	3.9324e+00	2.0193e+00
2.1812e+00	1.2920e+00	2.6098e+00	1.7746e+00
3.8580e+00	4.0721e+00	4.9337e-01	2.0520e+00
1.1241e+00	1.9165e+00	6.1093e+00	2.9695e-01
1.9032e+00	3.1342e+00	3.0458e-01	3.8543e+00
2.7710e+00	1.9658e-01	1.5947e+00	4.6461e+00
9.9457e-01	1.0486e+00	1.8657e+00	2.0686e+00
3.3018e+00	2.5160e+00	5.4098e-01	2.9656e+00
2.6894e+00	3.2609e-02	3.2574e+00	3.2277e+00
3.7882e+00	3.4214e+00	1.9222e+00	1.1586e+00
1.2982e+00	9.7912e-01	2.5550e+00	2.0559e+00
7.0532e+00	3.2646e+00	7.2153e-01	8.2920e-02
3.8322e+00	1.4596e+00	7.5088e-01	3.8211e+00
5.0626e+00	4.1334e+00	1.0956e+00	7.2403e-01
1.7649e+00	4.1376e+00	6.8382e-02	3.9640e+00
2.9989e-01	1.4701e+00	2.2589e+00	4.4316e+00
2.8048e+00	7.4391e-01	4.7671e+00	1.8592e+00
4.3829e+00	2.5584e+00	1.0446e+00	2.4098e+00
3.5040e+00	3.2615e+00	6.8875e-01	2.4244e+00
4.6320e+00	7.7145e-01	4.1734e+00	1.1627e+00
7.5816e-01	1.7091e+00	2.6973e+00	2.4828e+00
4.8653e+00	2.0863e+00	3.2641e+00	2.9985e-01
4.0700e+00	3.0869e-01	2.5167e+00	2.9931e+00
3.3600e+00	4.8849e-01	1.8579e+00	3.6004e+00
3.9920e+00	2.9824e+00	2.3143e+00	9.1430e-01
3.4636e+00	3.9390e+00	5.7834e-01	2.2642e+00
3.3532e+00	9.9848e-01	5.0376e+00	9.7403e-01
3.6324e+00	3.3086e+00	1.2045e+00	1.9602e+00
8.1527e+00	8.0574e-01	2.0556e+00	2.4808e-01
2.6051e+00	2.0969e+00	2.6342e+00	1.2617e+00
1.8276e+00	2.3781e+00	2.5481e+00	1.4378e+00
1.4000e+00	3.3215e+00	3.2249e+00	1.5319e+00
2.5532e+00	1.2335e+00	5.2467e+00	7.6658e-01
3.1563e+00	4.0093e+00	2.4502e+00	5.5853e-01
3.5953e+00	3.3255e+00	2.2454e+00	8.9741e-01
3.1015e+00	2.1915e+00	3.5919e+00	2.8020e-01
1.6874e+00	1.5415e+00	5.4481e-01	4.4493e+00
1.6538e+00	2.1593e+00	1.0620e+00	2.8314e+00
4.5532e+00	3.6562e+00	2.0988e+00	2.4471e-01
2.5479e+00	2.5596e+00	1.0703e+00	2.5055e+00
7.4233e+00	2.4400e+00	6.8348e-01	1.0756e+00
9.2917e-01	2.9738e+00	4.7372e+00	1.4979e+00
1.7617e-01	5.5893e+00	2.9209e+00	2.2753e+00
2.8383e+00	1.6448e+00	9.1014e-01	3.3259e+00
2.6375e+00	1.1493e+00	4.6528e+00	1.2983e+00
1.9189e+00	3.1436e-01	3.2466e+00	3.4419e+00
1.0991e+00	5.5284e+00	3.8758e+00	4.0064e-01
3.1639e+00	6.4705e-01	5.0265e+00	1.6783e+00
1.7859e+00	3.9956e+00	5.8645e-01	3.5505e+00
3.7509e+00	4.8011e+00	5.4268e-01	1.7387e+00
2.9510e+00	3.8124e+00	6.7005e-02	2.8881e+00
1.3922e+00	9.1785e-01	1.5341e+00	2.3678e+00
1.7869e+00	1.6379e+00	1.6089e-01	5.1918e+00
3.4510e+00	3.7086e+00	1.3183e+00	1.7776e+00
5.1809e+00	5.5026e-01	2.2911e+00	2.7922e+00
7.1405e+00	1.5899e+00	1.4614e+00	1.6824e+00
1.0939e+00	1.3610e+00	1.2534e+00	2.4831e+00
1.2201e+00	1.4496e+00	1.7279e+00	1.9130e+00
4.3907e-01	9.0448e-01	4.9660e-01	5.8173e+00
5.2619e-01	1.3540e+00	4.5927e+00	2.8058e+00
3.8309e+00	1.4283e+00	3.2235e-01	4.3684e+00
1.4734e+00	1.6614e+00	2.3875e+00	1.6358e+00
5.1568e+00	3.4111e-02	4.8705e+00	5.9751e-01
2.1336e-02	4.9738e+00	4.1966e+00	1.5348e+00
1.9311e+00	1.9291e+00	1.3981e-01	4.7464e+00
2.7979e+00	2.9707e+00	3.9583e-03	3.2949e+00
5.1395e+00	1.6300e+00	1.0285e+00	3.0832e+00
5.4705e-01	4.9964e-01	3.8136e+00	2.8167e+00
1.5847e+00	1.2358e+00	1.0025e+00	3.2161e+00
3.2658e+00	1.1506e+00	3.7056e+00	1.5734e+00
3.3305e+00	3.6372e-01	3.5840e+00	2.4849e+00
8.7032e-01	7.8771e+00	1.4528e+00	1.4970e+00
1.6545e+00	1.6456e+00	1.3022e+00	2.2796e+00
1.9521e-01	4.3110e+00	2.0098e+00	3.5242e+00
5.5175e+00	1.6474e+00	2.5932e+00	1.5149e+00
6.5193e+00	2.1092e+00	2.5683e+00	9.8660e-02
7.2870e-01	7.7630e-01	3.2062e+00	2.6019e+00
9.6635e-01	2.1873e+00	4.4491e+00	1.8132e+00
1.7482e+00	3.4305e+00	3.9393e+00	5.0997e-01
2.3293e+00	4.4187e+00	2.6865e-01	3.1432e+00
1.8864e+00	5.7112e-01	2.9655e+00	2.8757e+00
1.9236e+00	2.8769e+00	2.5636e+00	1.4296e+00
1.6545e+00	1.3481e+00	2.9134e-01	5.3808e+00
9.3003e-01	4.0252e+00	4.2354e+00	1.2718e+00
1.6276e+00	7.0931e+00	1.8682e+00	1.2665e+00
4.3697e-01	1.4756e+00	3.5143e+00	3.3631e+00
2.4889e+00	2.1063e-01	2.1777e+00	3.7680e+00
4.5525e+00	6.8239e-01	4.3593e+00	1.1394e+00
1.8740e+00	2.4332e+00	3.5264e+00	9.0804e-01
1.7883e+00	1.8920e+00	1.6990e+00	1.8908e+00
3.9279e-01	3.4610e+00	2.3310e+00	3.1611e+00
4.5649e+00	4.0310e+00	4.8170e-01	1.6924e+00
2.8878e+00	2.4028e+00	1.8780e+00	1.7436e+00
7.6638e-01	2.5286e+00	2.8639e+00	2.4252e+00
1.4683e-01	3.9991e+00	1.5245e+00	4.2970e+00
1.4894e+00	6.2546e+00	2.5546e+00	1.3103e+00
4.8559e+00	4.6936e-01	4.8512e+00	5.4211e-01
2.4269e+00	2.4525e+00	2.8940e+00	9.6537e-01
1.3613e+00	2.7575e+00	7.6513e-01	4.0979e+00
4.2764e+00	1.5940e+00	1.8317e-01	4.0565e+00
8.0075e-02	3.2429e+00	5.3578e+00	2.1091e+00
1.4716e+00	8.2734e+00	8.3235e-01	9.0135e-01
7.3666e-01	2.3224e-01	4.3570e+00	3.9163e+00
7.9018e-01	3.7633e+00	4.3904e+00	1.4775e+00
3.1866e+00	9.8312e-01	4.1998e+00	1.5826e+00
2.2106e+00	1.4743e+00	2.9451e-01	4.9883e+00
5.0302e+00	4.1945e+00	1.3953e+00	2.3515e-01
3.3831e+00	8.3533e-01	9.8860e-01	4.5939e+00
7.5090e-01	4.1982e+00	3.8404e+00	1.6752e+00
3.4246e+00	3.2587e+00	1.5427e+00	1.7309e+00
3.9920e+00	5.3848e+00	8.3121e-01	8.8561e-01
8.6069e-01	1.0446e+00	1.7701e+00	2.2646e+00
3.6510e-01	1.8670e+00	4.6134e+00	3.0538e+00
3.1567e+00	5.2988e+00	5.1576e-01	2.0255e+00
2.3774e+00	7.6582e-01	6.0005e+00	1.3359e+00
2.5208e-01	5.2057e+00	3.0111e+00	2.3169e+00
1.1656e+00	3.4972e+00	3.6367e+00	1.5502e+00
1.9975e+00	1.8267e+00	1.6569e+00	1.9381e+00
4.6930e+00	1.5449e+00	3.4229e+00	9.8095e-01
3.7572e+00	1.5984e+00	4.4006e+00	3.5074e-02
2.7211e-01	6.0053e-01	2.9099e+00	4.7126e+00
1.5885e+00	3.2285e+00	2.1081e-01	4.4764e+00
1.6806e-01	3.4012e+00	3.7544e+00	2.5555e+00
5.0970e-01	5.2060e-01	3.2381e+00	3.0809e+00
2.9889e+00	2.2279e+00	1.2223e+00	2.4507e+00
4.0985e+00	1.5423e+00	4.0679e+00	4.4715e-01
3.7805e+00	5.4756e+00	9.9328e-01	9.1454e-01
4.7480e+00	2.9677e+00	2.5082e+00	3.1405e-01
1.6393e+00	2.1639e+00	2.3365e+00	1.6090e+00
2.2398e+00	4.7331e+00	2.5289e+00	1.2091e+00
2.8260e+00	4.3776e+00	2.4449e+00	7.7461e-01
2.0241e+00	1.7739e+00	1.0417e+00	2.7624e+00
7.9270e+00	2.5866e+00	2.8735e-01	2.7934e-01
3.5533e-01	7.0372e-01	3.1325e+00	3.9445e+00
3.6821e+00	3.3723e+00	1.1835e+00	1.9370e+00
9.5054e-01	1.5209e+00	2.1143e+00	2.1152e+00
7.0128e-01	1.6873e+00	2.8166e+00	2.6112e+00
1.0655e+00	1.5458e+00	1.9041e+00	2.0085e+00
2.9269e+00	3.7524e+00	2.6532e+00	5.6417e-01
1.4167e+00	1.3702e+00	2.0017e+00	1.7681e+00
2.9802e+00	1.7438e+00	7.7960e-01	3.4259e+00
1.6198e+00	4.9796e+00	3.0447e+00	1.2303e+00
2.7328e+00	2.6193e+00	3.5142e+00	3.2778e-02
2.2156e+00	2.7684e+00	3.6993e+00	2.6281e-01
3.2771e+00	3.2623e+00	2.7764e+00	3.1897e-01
4.9655e-01	6.2010e+00	2.9164e+00	1.7587e+00
6.4019e-01	2.4070e+00	1.6184e+00	3.6832e+00
1.8440e+00	1.5736e+00	1.8479e+00	1.8132e+00
4.1217e+00	2.2883e-01	4.2448e+00	1.9070e+00
2.9196e+00	3.3193e+00	2.0891e+00	1.3440e+00
2.2100e+00	3.8103e+00	1.0046e+00	2.7471e+00
2.5119e+00	4.6448e+00	2.5535e+00	8.9922e-01
6.1490e+00	2.0616e+00	6.2519e-01	2.5680e+00
3.0889e+00	7.1523e-01	3.1576e+00	2.3448e+00
2.7561e-01	1.5092e+00	4.7431e+00	3.4334e+00
1.0024e+00	6.3707e+00	2.5280e-02	3.5830e+00
1.3612e+00	2.9070e+00	4.6726e+00	7.9336e-01
3.6702e+00	2.6981e-01	4.5400e+00	1.9976e+00
1.1561e+00	1.0231e+00	1.7524e+00	2.0180e+00
2.6470e+00	7.3051e+00	2.9948e-01	1.2154e+00
2.6937e+00	2.3030e+00	1.9929e+00	1.6629e+00
1.2122e+00	1.0061e+00	1.0378e+00	3.2097e+00
1.6038e+00	4.3703e+00	3.9812e+00	2.7884e-01
2.0837e+00	1.1677e+00	2.7095e+00	1.8670e+00
5.7581e-01	3.8882e+00	1.0921e+00	4.5750e+00
3.5268e+00	3.3578e+00	9.6673e-01	2.1674e+00
3.9374e+00	8.0567e-01	6.2785e-01	4.9343e+00
1.7994e+00	3.9825e+00	3.7873e+00	3.9415e-01
2.7693e+00	2.9685e+00	1.5691e+00	1.9260e+00
4.0358e+00	1.1447e+00	1.2587e-02	4.9999e+00
1.1211e+00	4.9269e-01	3.0382e+00	3.3822e+00
1.1000e+00	1.5649e+00	2.1967e+00	1.9190e+00
5.9702e-01	1.7515e+00	3.1269e+00	2.8379e+00
1.2492e+00	3.7207e+00	5.0525e+00	2.0858e-02
4.5073e+00	1.2316e-01	1.4241e+00	4.2113e+00
2.0634e+00	6.5308e+00	4.2327e-01	2.4511e+00
1.1952e+00	1.1202e+00	2.2304e+00	1.9165e+00
3.9960e+00	2.5651e+00	2.1165e-01	3.0544e+00
5.0588e+00	1.0365e+00	4.1374e+00	5.3058e-01
6.0703e-01	1.6657e+00	2.6949e+00	2.8800e+00
1.5488e+00	2.4068e+00	1.0411e+00	3.0794e+00
4.4329e+00	4.5948e+00	1.2187e-01	1.5673e+00
1.1694e-01	2.9479e+00	2.5784e+00	3.3396e+00
4.4137e+00	3.3247e+00	2.0577e+00	7.9895e-01
1.3175e+00	2.7273e+00	5.0499e+00	6.5968e-01
4.3291e+00	3.8765e+00	1.8380e+00	6.3359e-01
3.6764e+00	1.7959e+00	3.7281e+00	5.8501e-01
5.7927e-01	5.6913e+00	1.8061e+00	3.0309e+00
3.0662e+00	1.5542e+00	5.3726e-01	4.1222e+00
3.5575e+00	4.9853e+00	1.6205e+00	8.2245e-01
1.0170e+00	3.9381e+00	4.1602e+00	1.2590e+00
3.1474e+00	2.1477e-01	2.2861e+00	3.4339e+00
1.0727e+00	1.0313e+00	2.1657e+00	2.0360e+00
1.1708e+00	1.2386e+00	2.0060e+00	1.8723e+00
1.8187e-01	2.8988e+00	1.8178e+00	4.1827e+00
3.5300e+00	1.2107e+00	4.8959e+00	5.3989e-01
2.6594e+00	2.3054e+00	2.6351e+00	1.1643e+00
2.1977e+00	2.7730e+00	3.6538e+00	3.3844e-01
6.1127e+00	3.0139e+00	9.8530e-01	1.3810e+00
2.0385e+00	1.3678e+00	4.4130e+00	1.2028e+00
5.3897e+00	1.1132e+00	3.9294e+00	4.2734e-01
6.3247e+00	2.2818e+00	9.7685e-01	2.0339e+00
2.9589e+00	5.9960e+00	2.0368e+00	1.7474e-01
1.4723e+00	3.0522e+00	4.7109e+00	4.4555e-01
2.3869e+00	3.7801e+00	3.0137e+00	6.1444e-01
3.8586e+00	4.2943e-01	4.4392e+00	1.7865e+00
1.5370e+00	1.7158e+00	1.5924e+00	1.9691e+00
1.3945e+00	1.1894e+00	1.4619e+00	2.0967e+00
1.8987e+00	3.2792e+00	2.7771e+00	1.3396e+00
3.4899e+00	4.1860e+00	1.1174e+00	1.7683e+00
1.7249e+00	2.0847e+00	1.7130e+00	1.9303e+00
2.5888e+00	2.9578e+00	2.6220e+00	1.0140e+00
1.5978e-01	2.7544e-01	3.4933e+00	4.1084e+00
6.6157e-01	1.0169e+00	6.7395e+00	6.4869e-01
1.5902e-01	3.0535e+00	4.3909e+00	2.5570e+00
2.8045e+00	3.0288e+00	3.2309e+00	7.4408e-02
2.4743e+00	3.1366e+00	2.6001e+00	1.0735e+00
1.6333e+00	1.4181e+00	1.2702e+00	2.3586e+00
2.5486e+00	2.2644e+00	2.3007e+00	1.4299e+00
2.3047e+00	1.8438e+00	7.9276e-01	3.2410e+00
1.1577e+00	1.6411e+00	1.3865e+00	2.3713e+00
1.9136e+00	1.6181e+00	1.7137e+00	1.9091e+00
2.2841e+00	2.3287e+00	1.9933e+00	1.6588e+00
1.9181e+00	1.8054e+00	1.7827e+00	1.8302e+00
1.1720e+00	5.4158e+00	3.9659e+00	2.1824e-01
1.8420e+00	4.0855e+00	3.4593e-01	3.6767e+00
1.1702e-01	6.1411e+00	3.7614e+00	1.0081e+00
1.5446e+00	9.7155e-01	2.2181e+00	2.0776e+00
4.0182e+00	3.7082e+00	9.0352e-02	2.3658e+00
3.4637e+00	4.5042e+00	7.5173e-01	1.9472e+00
3.2434e+00	3.2097e+00	1.1629e+00	2.1346e+00
2.8764e+00	3.7661e-01	2.4115e+00	3.1737e+00
3.9098e-01	8.0044e+00	1.6738e+00	1.4354e+00
3.4322e+00	4.0480e+00	1.9024e+00	1.0722e+00
3.2114e+00	2.2093e+00	3.1958e+00	6.8883e-01
2.8689e+00	4.8899e-01	4.4594e+00	2.2934e+00
2.7533e+00	3.0432e+00	1.0486e+00	2.4119e+00
3.4092e+00	3.8514e-01	4.8430e+00	1.9241e+00
1.7320e+00	2.8801e+00	3.2978e+00	1.1290e+00
3.0057e-01	1.5989e+00	3.3132e+00	3.7880e+00
2.8151e+00	2.9613e+00	2.7669e+00	7.5662e-01
2.9019e+00	3.9437e+00	7.5721e-01	2.4579e+00
7.8565e-01	4.7497e+00	2.7967e+00	2.2888e+00
2.0024e+00	3.7872e+00	3.2432e+00	8.0567e-01
1.0159e-01	4.5378e+00	1.6140e+00	3.9748e+00
1.5657e+00	1.8565e+00	1.3206e+00	2.3141e+00
7.8200e-01	2.3595e+00	2.6012e+00	2.4774e+00
5.3444e+00	1.3975e+00	3.5514e+00	6.5829e-01
3.3530e-01	5.5683e-02	5.2536e+00	4.2964e+00
4.2771e+00	1.0372e+00	4.1592e+00	1.0628e+00
7.4198e-01	2.6117e+00	3.1430e+00	2.3785e+00
8.1077e-01	1.0889e+00	2.8214e+00	2.3779e+00
2.9370e+00	1.8846e+00	2.9295e+00	1.2184e+00
5.3969e-01	3.8121e+00	1.4402e+00	4.0891e+00
8.3280e+00	1.7394e+00	1.4074e-01	1.0036e+00
9.2941e-03	2.7407e+00	3.1638e+00	3.2466e+00
1.9643e+00	5.8914e-02	3.5839e+00	3.8292e+00
5.6399e-01	3.6172e+00	2.7753e+00	2.6432e+00
1.2022e+00	7.5680e-01	1.8854e+00	2.5179e+00
3.7138e+00	2.9111e+00	2.6243e+00	6.3403e-01
4.3731e+00	3.8222e+00	2.1108e+00	1.5668e-01
4.0460e+00	1.9475e+00	4.6166e-01	3.4673e+00
3.2797e-01	3.6899e+00	3.1644e+00	2.5971e+00
3.7098e-01	3.6014e-01	3.1745e+00	3.4771e+00
2.1239e-01	5.8130e+00	4.2665e+00	5.1231e-01
4.7641e+00	6.6418e-01	1.9766e+00	3.1160e+00
1.7495e+00	1.6196e+00	2.0177e+00	1.7031e+00
2.1425e+00	6.5601e-01	3.5013e+00	2.5563e+00
4.0472e+00	1.8029e+00	3.8588e+00	2.4516e-01
1.0948e+00	5.8123e-01	7.2996e+00	1.1084e-02
2.2809e+00	2.8148e+00	8.3072e-01	2.8557e+00
1.8150e+00	6.3589e-01	2.3222e+00	2.8502e+00
1.0650e+00	4.8570e-01	2.2112e+00	3.8038e+00
2.5887e+00	4.4489e+00	2.8905e+00	3.3310e-01
7.9550e-01	1.5495e+00	4.1990e+00	2.2674e+00
2.0653e+00	1.6089e+00	5.0926e+00	2.8584e-01
1.0929e+00	4.1282e+00	4.9684e+00	1.0109e-01
4.6633e+00	8.6829e-01	4.2975e+00	8.9494e-01
1.8532e+00	5.0067e-01	6.1894e+00	2.0403e+00
3.8891e+00	2.6820e+00	2.1481e+00	1.3479e+00
9.2438e-01	7.8090e-01	1.5731e+00	2.6064e+00
7.9873e-01	2.5086e+00	3.0395e+00	2.3329e+00
1.2973e-01	5.2798e+00	1.3208e+00	3.9262e+00
5.8335e-01	3.2390e+00	1.3909e+00	4.2730e+00
7.9322e-01	3.2468e+00	3.5405e+00	2.0774e+00
4.0480e+00	2.7911e+00	1.3790e+00	2.0035e+00
6.1979e+00	2.3722e+00	2.9381e-01	2.4326e+00
3.0687e-01	2.5948e+00	3.6762e+00	2.8731e+00
2.2779e+00	2.5020e+00	2.8282e+00	1.0577e+00
1.7143e+00	6.9495e-01	3.0044e+00	2.6127e+00
1.9039e+00	1.7760e+00	4.5907e+00	6.3299e-01
2.8343e+00	2.4538e+00	2.2677e+00	1.3927e+00
1.0525e+00	1.0334e+00	1.4209e+00	2.2091e+00
5.1288e-01	2.1228e+00	2.8255e+00	2.9452e+00
3.5475e+00	2.2321e+00	3.4848e+00	2.0475e-01
1.7368e-01	4.8261e+00	2.0509e+00	3.3522e+00
1.7287e-01	3.8320e+00	1.5118e+00	4.3703e+00
2.7465e+00	3.5373e+00	1.2061e+00	2.2261e+00
4.6603e-01	3.4902e+00	2.0143e+00	3.4162e+00
7.4322e-01	1.4064e+00	9.0665e-01	4.5427e+00
5.3947e+00	5.3228e-01	1.4067e+00	3.5471e+00
2.7073e-01	5.8334e-01	3.9398e+00	3.7167e+00
2.7795e+00	3.5181e+00	1.3095e+00	2.1192e+00
1.5547e+00	9.9568e-01	9.7934e-01	3.7785e+00
1.5809e+00	5.6352e+00	7.2506e-01	3.1683e+00
3.7978e+00	9.4578e-01	3.2831e+00	1.9491e+00
1.0215e+00	1.3180e+00	1.9792e+00	1.9888e+00
1.3544e+00	1.3895e+00	2.7613e+00	1.7202e+00
2.4151e-01	3.4946e+00	3.2243e+00	2.6888e+00
2.8391e+00	1.8574e+00	3.2320e+00	1.0447e+00
4.0970e+00	6.0122e-02	1.9292e+00	3.7693e+00
3.0811e+00	2.6179e+00	1.0932e+00	2.4135e+00
9.6612e-01	1.3615e+00	5.8105e+00	1.1067e+00
3.6957e+00	2.6655e+00	8.1565e-01	2.5933e+00
9.5498e-01	1.3994e+00	1.7521e+00	2.1525e+00
1.2270e+00	3.0816e+00	3.2189e-01	5.1520e+00
5.6472e+00	1.2880e-01	3.1991e+00	2.0067e+00
1.3942e+00	4.0081e+00	6.8695e-01	3.9450e+00
4.6151e+00	2.7751e+00	2.0080e+00	1.3066e+00
6.6298e+00	7.3482e-01	2.6791e+00	1.5459e+00
2.2240e+00	5.6466e-02	2.7356e+00	3.8079e+00
2.3493e+00	3.1533e+00	1.1567e+00	2.4721e+00
1.6777e+00	1.4634e+00	2.3851e+00	1.6398e+00
2.2585e-02	3.8851e+00	4.3437e+00	2.1350e+00
3.9050e+00	1.0892e+00	2.1036e-01	5.0131e+00
1.5911e+00	5.6352e-01	2.2531e+00	3.1526e+00
3.5923e+00	6.0475e+00	1.1357e+00	4.4180e-01
4.8112e+00	1.2526e-01	5.0862e+00	6.8608e-01
3.1524e+00	1.8416e+00	3.8604e+00	5.1909e-01
4.2178e+00	2.2130e+00	3.1680e+00	5.2774e-01
2.9382e+00	5.4019e-01	5.1092e+00	1.9408e+00
2.3595e+00	6.5152e+00	1.4452e+00	1.4228e+00
3.0929e+00	3.4081e+00	2.3678e+00	9.4022e-01
1.3842e-01	4.5292e-01	3.4221e+00	5.2846e+00
2.2419e+00	2.9145e+00	2.3086e-01	3.5701e+00
4.2992e-01	4.8294e+00	4.2921e+00	1.2548e+00
1.2556e+00	8.7137e-01	3.7896e+00	2.1949e+00
4.3027e+00	2.9461e+00	1.1988e+00	2.0175e+00
1.0196e+00	5.2632e+00	3.0436e+00	1.7246e+00
2.1788e+00	5.5394e+00	2.6335e+00	8.3487e-01
2.2735e+00	3.4168e-01	3.0199e+00	3.1603e+00
3.1913e+00	2.1916e+00	2.3319e+00	1.4774e+00
3.9603e+00	3.6378e+00	1.9107e+00	9.6223e-01
7.7261e-01	3.5143e+00	3.2190e+00	2.1982e+00
5.9892e+00	3.0027e+00	1.9082e+00	3.5743e-01
1.2379e+00	2.3397e+00	3.9944e+00	1.4920e+00
3.7636e-02	2.5271e+00	2.8809e+00	3.4818e+00
3.6776e-01	4.2036e+00	2.0207e-01	5.7853e+00
4.5055e+00	5.1064e+00	3.4876e-01	9.2982e-01
2.0311e+00	1.2585e-01	2.5440e+00	4.0179e+00
2.3539e+00	1.9706e+00	3.8032e+00	6.6897e-01
2.9760e+00	7.5499e-01	2.5513e+00	2.5883e+00
3.1331e+00	2.1087e+00	3.5322e+00	4.6446e-01
5.1695e+00	1.2075e+00	2.9663e+00	1.6690e+00
2.4607e+00	3.3474e+00	8.0752e-01	2.7537e+00
2.1976e-02	4.6107e+00	3.7322e+00	2.1107e+00
2.3484e+00	3.8912e+00	2.8436e+00	8.5514e-01
1.7759e+00	2.6134e+00	2.8237e-01	4.2629e+00
1.9040e+00	2.3154e+00	2.1865e+00	1.6003e+00
2.9681e-01	3.1861e+00	2.9558e+00	2.8624e+00
4.4075e+00	7.4652e-01	1.0187e+00	4.2104e+00
5.9790e+00	3.0225e+00	5.4650e-01	1.7806e+00
3.2052e+00	1.0225e+00	5.4251e+00	6.9060e-01
3.7999e-03	3.5303e+00	1.5646e+00	4.5897e+00
1.5546e+00	1.8302e+00	3.4641e+00	1.3625e+00
6.1009e-01	9.3419e-01	3.6815e+00	2.7173e+00
5.4767e+00	3.7696e+00	8.1448e-01	1.0969e+00
2.1445e+00	2.4621e+00	1.8638e+00	1.7862e+00
5.6746e+00	2.8272e-01	1.5093e+00	3.4705e+00
1.3267e+00	4.2009e-01	3.7398e+00	3.4168e+00
3.9696e+00	1.4282e+00	3.6555e+00	1.1141e+00
5.9662e-01	3.0029e+00	1.9762e+00	3.2931e+00
1.0218e+00	3.5605e+00	5.0458e+00	7.6550e-01
2.3952e-01	2.9594e+00	3.0236e+00	2.9608e+00
6.2867e-01	2.6394e+00	3.6473e+00	2.4168e+00
2.4298e+00	3.5767e+00	2.9490e+00	6.8569e-01
4.1655e+00	4.2451e+00	1.9856e+00	1.0905e-01
3.7006e+00	2.3240e+00	3.4367e+00	5.1349e-02
2.0192e+00	5.5112e+00	4.2294e-01	3.0144e+00
1.5461e+00	1.6277e+00	2.8469e+00	1.5386e+00
2.8784e+00	8.2726e-01	3.1709e+00	2.2289e+00
3.7497e+00	1.8304e+00	3.6743e+00	5.6956e-01
1.4507e+00	1.7257e+00	9.7842e-01	3.0885e+00
3.6725e+00	4.9300e+00	1.9904e+00	5.6959e-02
1.7778e+00	3.0774e+00	3.7788e+00	7.1315e-01
3.6160e+00	2.6280e+00	2.2157e+00	1.3341e+00
3.2024e+00	4.2965e+00	6.2948e-01	2.2735e+00
4.1545e-01	3.7651e+00	5.4071e+00	1.2536e+00
7.4169e+00	2.1477e+00	9.0476e-01	1.2829e+00
4.5843e+00	1.5342e+00	6.2016e-01	3.6692e+00
2.4911e+00	2.6861e+00	2.4288e+00	1.2585e+00
4.3335e+00	2.9842e-01	1.5775e+00	3.9572e+00
2.6936e+00	1.2114e+00	4.6729e+00	1.1580e+00
2.8206e+00	6.3518e+00	1.1612e+00	1.2737e+00
8.0424e+00	2.9190e-02	2.6506e+00	5.5446e-02
3.6407e+00	7.1580e-01	3.4380e+00	2.1190e+00
1.4910e+00	5.8687e+00	2.6278e+00	1.4639e+00
3.0137e+00	2.2926e+00	2.4016e+00	1.3498e+00
9.2806e-02	1.5452e+00	3.9068e+00	4.2237e+00
2.0893e+00	1.7920e+00	2.9927e+00	1.2760e+00
2.7293e+00	1.2982e-01	3.6062e+00	3.0077e+00
1.0164e+00	3.4489e+00	3.6224e-01	5.3031e+00
2.1433e+00	5.8960e+00	1.9418e+00	1.5504e+00
2.7306e+00	2.1793e-02	2.5150e+00	3.5877e+00
3.8854e+00	1.3361e+00	2.3760e-01	4.5802e+00
2.5344e+00	2.1258e+00	2.8683e+00	1.0983e+00
1.7318e+00	2.2317e+00	2.1697e+00	1.6613e+00
3.1842e+00	3.0179e+00	6.7258e-02	3.0489e+00
5.1669e+00	3.5660e+00	1.8491e+00	2.9934e-01
2.7186e+00	3.5940e+00	2.3335e+00	1.1567e+00
2.4715e+00	3.1381e+00	7.3413e-02	3.4190e+00
4.2200e+00	3.5209e-01	3.3401e+00	2.3276e+00
7.3899e-01	2.0014e+00	2.5358e+00	2.5497e+00
2.5214e+00	3.2100e+00	7.1349e-01	2.8152e+00
2.4267e+00	1.6313e+00	3.2241e+00	1.2791e+00
1.5667e+00	1.1212e+00	1.9627e+00	1.9398e+00
3.7444e-01	2.3664e+00	1.7552e+00	4.0887e+00
3.7087e+00	2.2428e+00	7.0322e-01	2.9984e+00
1.8017e+00	8.3716e-01	5.9022e+00	1.3858e+00
3.5715e+00	4.6635e+00	2.1094e+00	2.4790e-01
2.2478e+00	3.0569e+00	2.7784e+00	1.0591e+00
2.6428e+00	3.1472e+00	1.1998e+00	2.2990e+00
1.0838e+00	1.4608e+00	1.8511e+00	1.9749e+00
1.0493e+00	4.7548e-02	4.4983e+00	4.6466e+00
2.4758e+00	4.8831e+00	2.2647e+00	1.2352e+00
1.0232e+00	8.8454e-01	2.0747e+00	2.2251e+00
2.0312e+00	4.5406e+00	3.0335e+00	8.7740e-01
2.6831e+00	5.3099e-01	2.1649e-01	7.0174e+00
1.7621e+00	2.7805e-02	2.2692e+00	4.8340e+00
2.4335e+00	3.8091e+00	2.8067e+00	8.2274e-01
6.2868e-01	3.6443e+00	3.5629e+00	2.1400e+00
3.3763e+00	5.0688e+00	5.2986e-01	1.9271e+00
6.7008e-02	1.1723e+00	6.4652e+00	3.2509e+00
3.9177e-01	3.7345e+00	6.2526e-01	5.7144e+00
1.0172e-01	1.9063e+00	4.3352e+00	3.6077e+00
1.2991e+00	1.7657e+00	3.7457e+00	1.5602e+00
4.9767e+00	1.7781e+00	6.6535e-01	3.2697e+00
1.7783e+00	2.1007e+00	2.6567e+00	1.4059e+00
6.4557e-01	1.7630e+00	1.4996e+00	3.6660e+00
4.6781e-01	1.3797e+00	2.5166e+00	3.5881e+00
2.5573e+00	2.4412e+00	1.8673e+00	1.7377e+00
1.3793e+00	1.9803e+00	2.6542e+00	1.6527e+00
3.6837e+00	3.6536e+00	3.4589e-02	2.5651e+00
1.0792e+00	1.7050e+00	1.8183e+00	2.1012e+00
1.0200e+00	5.9969e+00	3.0401e+00	1.3461e+00
4.7123e+00	2.8703e+00	1.3982e+00	1.8121e+00
1.1893e+00	1.3866e+00	1.7647e+00	1.9027e+00
1.6866e+00	3.0490e+00	3.0129e+00	1.3503e+00
4.6892e-01	1.4564e+00	1.5787e+00	4.2019e+00
4.3721e+00	1.7015e+00	3.7229e+00	4.9104e-01
2.4762e+00	2.8065e+00	2.3209e+00	1.3418e+00
1.3169e+00	1.0854e+00	2.2774e+00	1.9176e+00
4.0452e+00	3.5623e+00	3.6093e-01	2.3010e+00
4.2579e+00	1.0953e+00	4.2075e+00	9.4738e-01
1.9834e+00	3.6318e+00	3.7036e+00	2.9856e-01
3.4626e+00	3.5308e+00	1.7338e+00	1.4372e+00
4.4675e+00	2.0868e+00	3.2045e+00	5.8547e-01
4.6606e+00	2.1246e+00	3.1966e+00	4.6203e-01
2.6950e+00	5.8142e+00	2.5372e-01	2.3514e+00
5.6523e+00	3.6954e+00	6.6992e-01	1.1676e+00
2.2683e+00	5.5225e-01	2.2723e+00	3.0512e+00
2.4267e+00	7.5449e-02	3.2033e+00	3.4013e+00
1.2760e+00	3.1614e+00	4.1795e+00	1.1744e+00
3.5129e+00	2.2489e+00	3.5226e+00	1.2174e-01
3.6154e+00	3.5861e+00	2.1407e+00	8.7774e-01
4.5317e-02	4.8744e+00	4.5872e+00	1.2363e+00
1.3424e+00	1.6095e+00	1.8463e+00	1.8393e+00
2.9713e+00	1.6579e+00	3.3815e+00	1.1565e+00
3.4157e+00	2.1527e+00	2.5345e+00	1.3484e+00
4.1440e-01	1.2133e+00	4.1234e+00	3.3207e+00
4.7469e+00	4.2987e+00	5.2144e-01	1.3339e+00
1.3291e-01	5.7233e+00	2.9711e+00	2.1841e+00
2.1552e+00	1.6545e+00	2.8935e+00	1.3894e+00
2.2269e+00	2.4981e+00	3.4055e+00	6.6630e-01
6.6872e-01	1.2203e+00	2.6046e+00	2.7471e+00
6.2363e+00	8.3185e-01	9.5953e-01	3.2731e+00
2.1964e+00	2.6566e+00	2.6209e+00	1.2226e+00
3.1469e+00	3.1785e+00	2.4058e-01	2.8881e+00
1.9310e-01	5.0540e+00	4.9128e+00	5.2046e-01
1.2954e+00	2.1278e+00	3.2104e+00	1.6302e+00
4.8548e+00	4.5547e+00	9.3714e-02	1.2688e+00
2.5827e+00	2.4901e+00	2.6318e+00	1.1125e+00
2.8477e+00	4.0637e+00	2.8721e+00	1.3135e-01
4.6374e+00	2.7313e-01	5.8453e-01	5.0376e+00
5.2391e+00	1.5206e-01	1.6847e+00	3.5774e+00
4.9436e+00	3.5779e+00	1.8755e+00	4.4076e-01
1.1953e+00	1.0224e+00	3.0858e+00	2.0523e+00
5.1704e+00	9.2546e-01	1.7246e-01	4.3524e+00
1.2641e+00	4.9271e-01	1.8928e+00	3.8390e+00
9.3568e-01	3.9000e+00	4.2318e+00	1.3300e+00
1.9126e+00	3.7082e+00	7.7748e-01	3.2435e+00
6.9355e-03	7.8256e-01	4.7111e+00	4.9300e+00
3.3050e+00	9.0114e-01	4.1525e+00	1.6718e+00
3.6497e+00	3.9863e+00	2.1234e+00	6.4245e-01
5.9967e+00	2.7455e+00	9.0271e-01	1.8169e+00
2.6457e+00	2.1860e+00	3.9905e+00	1.0164e-03
1.9492e+00	3.7329e+00	3.5022e+00	5.9219e-01
4.5221e+00	1.1122e+00	6.3454e-01	4.1645e+00
1.0895e+00	3.5164e+00	9.5117e-01	4.1690e+00
2.8508e-02	2.5169e+00	2.8887e+00	3.4969e+00
1.3815e+00	1.1313e+00	1.5831e+00	2.0291e+00
1.3065e+00	8.4326e-01	9.7956e-01	3.8870e+00
6.0985e-01	2.8804e+00	2.3967e+00	2.8683e+00
2.0623e+00	2.9228e+00	8.5897e-01	2.9729e+00
3.0924e+00	1.4583e+00	7.7411e-01	3.8829e+00
2.2532e+00	3.5265e+00	1.0169e+00	2.6944e+00
1.8282e+00	2.7206e+00	6.7208e-02	4.4215e+00
4.2294e+00	1.5963e+00	8.4854e-01	3.4744e+00
7.9115e-01	1.8932e+00	3.6799e+00	2.3333e+00
2.2675e+00	1.9197e+00	4.5950e+00	6.3131e-02
4.2059e+00	1.6979e+00	3.0403e-01	3.8549e+00
4.0863e-01	6.3722e+00	2.8970e+00	1.7154e+00
5.4380e-01	3.5897e+00	2.9553e+00	2.5526e+00
1.6262e+00	1.7584e+00	2.4925e+00	1.5448e+00
1.4806e+00	2.6123e+00	4.3821e-01	4.5657e+00
2.4720e+00	2.9362e+00	7.4854e-01	2.8362e+00
3.0414e+00	2.7749e+00	2.7022e+00	8.2292e-01
8.3117e-01	3.1179e+00	2.9220e+00	2.3118e+00
1.4366e+00	1.2323e+00	4.1541e+00	1.6314e+00
3.9789e+00	1.2306e+00	7.8542e-01	4.0626e+00
1.6803e+00	1.2777e+00	1.3906e+00	2.2761e+00
8.4484e-01	9.6241e-01	1.3486e+00	2.6266e+00
4.2143e+00	1.2801e+00	7.0823e-01	4.0073e+00
8.8966e-01	1.5593e+00	2.6685e+00	2.2059e+00
5.4474e-01	3.1789e+00	1.3777e+00	4.3814e+00
4.0946e+00	3.7104e+00	3.0015e-01	2.2308e+00
2.6224e+00	1.9390e+00	2.5028e+00	1.4286e+00
2.3021e+00	2.5397e+00	3.5033e+00	5.0090e-01
1.5667e+00	2.4833e+00	3.9720e+00	1.0159e+00
5.5862e+00	7.3662e-01	4.1618e+00	3.6132e-01
5.6482e-01	8.4271e-01	1.7942e+00	3.5719e+00
2.5987e+00	6.9378e-03	2.8860e+00	3.4600e+00
5.8540e-01	5.9698e+00	2.2500e+00	2.4997e+00
2.1165e+00	2.1511e+00	2.3627e+00	1.4426e+00
1.0752e+00	5.5674e+00	6.6305e-01	3.6677e+00
2.2549e+00	3.9707e-01	5.0273e+00	2.6287e+00
1.2184e+00	2.6186e+00	3.7459e+00	1.5622e+00
2.6716e+00	2.8696e+00	2.2838e+00	1.3084e+00
3.4001e+00	1.5364e+00	3.7599e+00	1.0104e+00
7.1557e-02	5.1121e+00	5.1712e+00	1.0201e-01
2.6074e+00	1.5984e+00	2.8788e+00	1.4633e+00
8.0728e-01	8.5238e+00	1.1519e+00	8.1549e-01
4.5942e+00	4.8367e+00	1.2032e+00	1.7810e-01
1.2514e+00	3.2434e+00	3.3167e-01	4.9953e+00
4.6871e-01	4.4565e+00	3.3166e+00	2.1892e+00
4.1070e+00	2.9292e+00	2.6973e+00	3.4601e-01
1.7868e+00	1.0775e+00	5.8651e-01	5.0911e+00
5.8154e+00	3.8237e+00	1.1739e+00	2.3881e-01
1.0611e+00	3.4335e+00	5.5803e+00	1.3562e-01
7.2773e-01	1.3378e+00	1.6393e+00	2.8216e+00
