5.8095e-02
5.3104e-02
2.7503e-01
3.4638e-01
2.0021e-01
6.9961e-02
2.5880e-01
4.7816e-01
1.6203e-01
8.7776e-02
5.6134e-01
5.5036e-01
1.7386e-01
1.2532e-01
5.1903e-01
4.7348e-01
5.0013e-02
4.4141e-01
1.6373e-01
4.9804e-01
3.6898e-01
5.9008e-01
5.9824e-01
2.9543e-01
8.2471e-02
4.7238e-01
2.1489e-01
2.6021e-01
9.8877e-02
2.2238e-01
1.2514e-01
4.9873e-02
2.6065e-02
2.9186e-02
1.4400e-01
3.6534e-01
5.6012e-01
9.7651e-02
3.7040e-02
5.8551e-02
2.3660e-01
5.2465e-01
6.7839e-02
2.1530e-01
6.7999e-02
1.4129e-01
8.1737e-03
2.9323e-01
1.2377e-01
1.4327e-01
1.4646e-01
2.0351e-02
2.6013e-01
8.8106e-03
7.3285e-02
3.4989e-01
1.7010e-01
1.6482e-01
3.7540e-01
2.9041e-02
2.6977e-01
4.9219e-01
3.8363e-01
1.0586e-01
3.4412e-01
4.5357e-01
7.9013e-02
4.0196e-01
1.2703e-02
3.4365e-01
1.5647e-01
2.2864e-01
2.5909e-01
4.2839e-01
9.5946e-01
4.8420e-01
2.5514e-01
2.5012e-01
3.7932e-01
1.2072e-01
2.6115e-01
6.1836e-01
2.6993e-01
1.7767e-01
1.6657e-01
4.4060e-02
5.6531e-01
2.3293e-01
5.4604e-02
5.5520e-01
3.6520e-01
6.0117e-01
2.7906e-01
2.1808e-01
5.7430e-01
3.0697e-01
3.2880e-01
5.8446e-02
2.4142e-01
1.3800e-02
9.5579e-01
1.8114e-01
6.3913e-01
1.0290e-01
4.8264e-01
1.7411e-01
2.5682e-02
2.1614e-01
3.4797e-01
1.9361e-01
4.7545e-01
6.6098e-02
5.2783e-01
4.3369e-01
2.1926e-01
2.2410e-01
2.1055e-01
1.0916e-01
6.8417e-01
4.2219e-01
6.0788e-01
1.1872e-01
2.4352e-01
4.1170e-01
5.8394e-01
4.6108e-02
1.9005e-01
6.7968e-02
5.1030e-01
3.6654e-01
3.6627e-01
1.5039e-01
8.0490e-02
1.1232e-01
2.5975e-01
1.6864e-01
5.0222e-01
8.5570e-02
5.5457e-01
6.4766e-02
1.9521e-01
1.0529e-01
1.0950e-01
4.7213e-01
4.7052e-01
2.7484e-01
8.0896e-02
4.8201e-01
1.6527e-01
1.0374e-01
5.3529e-01
5.2436e-01
1.5546e-01
1.1903e-01
4.4358e-01
1.1765e-01
5.5389e-01
4.0021e-01
1.3647e-01
3.4010e-01
2.1975e-01
1.7788e-01
5.8434e-02
2.3157e-01
2.1627e-01
2.5319e-01
6.6843e-02
1.6689e-01
1.6852e-01
1.1189e-01
3.5961e-01
4.2901e-01
3.6676e-01
2.1167e-01
5.7162e-01
1.2144e-01
1.0943e-01
1.1453e-01
2.7112e-02
5.6767e-01
1.1737e-01
4.8800e-01
3.3069e-01
1.0639e-01
5.7769e-01
3.2722e-01
5.1083e-03
3.5641e-01
5.1064e-01
1.3482e-02
9.8907e-02
3.6685e-01
2.5913e-01
4.5057e-01
1.0879e-01
2.4749e-01
1.4553e-01
3.4069e-01
3.9900e-01
4.0615e-03
1.3094e-01
6.2826e-02
2.3057e-01
1.5341e-01
5.5606e-01
8.2811e-02
1.2374e-01
3.3052e-01
2.4523e-01
1.2559e-01
5.2125e-01
8.8924e-02
4.8102e-01
2.4327e-01
4.3217e-02
4.6869e-01
5.3464e-01
8.7087e-02
4.2369e-02
5.7658e-02
5.0804e-01
1.5598e-01
1.0181e-01
2.3731e-01
2.1952e-01
2.4128e-01
1.6610e-01
1.2534e-01
1.1489e-01
1.7950e-02
4.5568e-01
1.4565e-01
1.1841e-01
4.9234e-01
1.2678e-01
4.4702e-01
5.2458e-02
2.9727e-01
3.0530e-01
1.6685e-01
6.4481e-03
1.8450e-01
4.1540e-01
3.0061e-01
2.6258e-01
7.5099e-02
2.8993e-01
4.3159e-01
1.4406e-01
1.2900e-01
1.2381e-01
1.9289e-01
2.6791e-02
4.8375e-01
1.3569e-02
5.8552e-01
9.0699e-02
4.9002e-02
3.0925e-01
4.1846e-01
2.1424e-01
3.8406e-01
4.8963e-01
9.9046e-02
1.8940e-01
1.5762e-01
1.1471e-01
4.9592e-01
5.6611e-02
1.7309e-01
1.3183e-01
2.1304e-01
2.9373e-01
6.4298e-01
1.6783e-01
1.1730e-01
4.7354e-01
1.5774e-01
1.3152e-01
5.6271e-01
6.9450e-01
3.0642e-01
1.9511e-02
3.2801e-01
6.0903e-02
5.8691e-01
6.2354e-01
1.2721e-01
3.3230e-02
1.0206e-01
3.2652e-01
1.6381e-01
8.3198e-02
3.2128e-01
1.1704e-01
5.7380e-03
1.3942e-01
2.5529e-01
2.7589e-01
3.1142e-01
3.7774e-01
5.9256e-01
5.8793e-02
3.8559e-01
5.1948e-01
5.9830e-01
4.8450e-03
3.8230e-01
2.9412e-02
4.7901e-01
3.2241e-01
6.5295e-01
1.7885e-01
1.8593e-01
7.3654e-01
4.1166e-01
4.8806e-01
4.4986e-01
2.7725e-01
1.5268e-01
2.0226e-01
1.4824e-01
5.7602e-02
4.8960e-01
5.3902e-01
1.6000e-01
2.5708e-01
2.5603e-01
4.5539e-02
5.6478e-01
4.5044e-01
5.7250e-02
4.5824e-01
4.8551e-01
2.0437e-01
4.3904e-03
4.6099e-01
5.3628e-01
1.3429e-01
4.6059e-01
3.5208e-01
5.5876e-01
1.6195e-01
4.0891e-02
1.7843e-01
1.3650e-01
2.3842e-01
5.7817e-01
5.2127e-02
2.3026e-02
1.7466e-01
6.1308e-02
2.7856e-02
3.1767e-03
2.1058e-01
6.5011e-02
8.3371e-02
6.4891e-02
1.8330e-01
1.8707e-01
1.0229e-01
1.6763e-01
2.0920e-01
2.2942e-01
1.0234e-02
3.3821e-01
1.1621e-01
2.0527e-01
2.1564e-01
3.4317e-01
1.9131e-01
1.4876e-01
1.9062e-01
2.7900e-01
2.5610e-01
2.8415e-01
4.7816e-02
6.1687e-02
5.7839e-01
5.2707e-01
1.0252e-01
8.1736e-02
5.5857e-01
6.1935e-02
2.1755e-01
4.0854e-01
4.0349e-01
4.2683e-01
7.5566e-02
3.5574e-01
1.7184e-01
1.1500e-01
5.3879e-02
4.8888e-02
5.8644e-01
8.2242e-02
1.6320e-01
4.5576e-01
2.8400e-01
6.0731e-01
4.7403e-02
6.2102e-01
1.6517e-01
2.1891e-01
5.0737e-02
6.8221e-02
4.8232e-02
3.5614e-01
9.7673e-02
5.2171e-01
2.1976e-01
8.9594e-02
5.1721e-01
5.6563e-01
1.4088e-01
7.3625e-02
6.2077e-01
6.1451e-02
1.4157e-01
8.3953e-02
8.9091e-02
1.5334e-01
2.0111e-02
1.9443e-01
8.5620e-02
2.9333e-01
2.3874e-01
1.8841e-01
2.6208e-01
1.8907e-01
1.4017e-02
1.3910e-01
5.4799e-01
1.4732e-01
1.2044e-01
5.1677e-02
2.2141e-01
6.3649e-01
3.7854e-01
5.4587e-01
4.6877e-01
5.4244e-01
2.6243e-01
8.7522e-02
1.5407e-01
3.1528e-01
2.9773e-01
3.7508e-01
5.3822e-02
2.2972e-01
4.0671e-02
9.6515e-02
2.7822e-01
3.7449e-01
9.9908e-02
1.0124e-01
8.3767e-02
1.3456e-01
1.5714e-02
1.0369e-01
1.5036e-01
1.7752e-01
5.4178e-01
8.5299e-02
1.6302e-01
7.3136e-02
4.7883e-01
5.1498e-02
1.9955e-01
9.8103e-04
8.9002e-02
5.8619e-01
1.1247e-01
1.8355e-01
1.0423e+00
1.4224e-01
1.7300e-01
2.7187e-02
2.2768e-01
1.4989e-01
3.1122e-02
7.7947e-02
1.5102e-01
1.3068e-01
1.1921e-01
1.2245e-01
1.7239e-02
6.2821e-02
2.1163e-01
1.9301e-01
1.4128e-01
1.8932e-01
1.0213e-01
8.4511e-02
1.0882e-01
6.0324e-01
1.9999e-01
3.9700e-01
6.1911e-01
1.0272e-01
1.2091e-01
1.7932e-02
1.1719e-01
2.8555e-01
1.1231e-01
6.1010e-02
1.6791e-01
8.2572e-02
3.1993e-01
1.0058e-01
1.0795e-01
5.6315e-01
1.4271e-01
2.6495e-01
5.2012e-01
3.6242e-01
2.1678e-01
1.1321e-01
3.4987e-01
6.2803e-02
1.0747e-01
1.8695e-01
3.9935e-01
2.1536e-01
8.0183e-02
1.2108e-01
1.7205e-01
3.3241e-01
2.2386e-01
2.4013e-01
3.2926e-01
2.6645e-01
5.4622e-01
3.6757e-02
4.7705e-01
2.8585e-01
5.5217e-01
1.1345e-01
5.0675e-02
2.4082e-02
1.4231e-01
5.0522e-01
1.0260e-01
8.8869e-02
4.7969e-01
1.6277e-01
3.2430e-01
4.7839e-01
1.0046e-02
4.0812e-01
2.0352e-01
1.2891e-01
5.7370e-01
4.7659e-01
1.7156e-02
1.1694e-01
2.9437e-01
2.9729e-01
3.9550e-01
1.2704e-01
2.4901e-01
3.4163e-01
2.0962e-01
5.3593e-02
1.0164e-01
3.6662e-01
4.0533e-01
2.1066e-01
2.6656e-01
1.1095e-01
2.3047e-02
1.1657e-01
9.8691e-02
8.9505e-03
5.8098e-02
1.4986e-01
5.6808e-01
6.3694e-02
3.2906e-01
9.1282e-02
3.7195e-01
1.9171e-01
4.0077e-02
3.3563e-02
5.8939e-01
5.9842e-01
5.4914e-01
3.0160e-01
2.7667e-01
2.3682e-01
2.8723e-01
1.8801e-01
8.5601e-02
8.7780e-02
8.2215e-02
3.2349e-01
5.3801e-02
4.3745e-02
4.4262e-01
3.8705e-02
3.8993e-01
1.4082e-01
1.1639e-01
7.1679e-02
4.0631e-01
1.2285e-01
1.8788e-01
5.6885e-01
3.2597e-01
6.1110e-01
5.6142e-01
1.9511e-01
4.3348e-01
3.0002e-01
2.5017e-01
8.3639e-01
9.5253e-02
6.0041e-01
4.7587e-01
1.0199e-02
4.7463e-02
5.1520e-01
3.5448e-01
3.0019e-01
4.7667e-01
1.8997e-01
5.4711e-01
6.4855e-01
1.7078e-01
9.0270e-02
4.0814e-01
2.3123e-01
5.2331e-01
2.7786e-01
2.0110e-01
1.8076e-01
4.5174e-01
1.8399e-02
3.1691e-01
1.9258e-02
2.1522e-01
3.2881e-01
6.5295e-02
2.6822e-01
4.7983e-01
2.0424e-01
2.2879e-01
4.9416e-02
2.4101e-01
6.7257e-02
5.4790e-04
1.8666e-01
8.3333e-02
3.8720e-01
5.6337e-02
1.0083e-01
1.6273e-01
1.3988e-01
1.5515e-01
2.0845e-01
3.9521e-02
5.4795e-01
3.8680e-02
3.9979e-01
2.2768e-01
1.2646e-01
5.1175e-01
3.1910e-02
5.9334e-02
1.9415e-02
3.4074e-01
5.2128e-01
4.3055e-01
3.0997e-01
1.2769e-01
2.5255e-01
1.5828e-01
8.9771e-02
6.9843e-02
3.9727e-01
2.3952e-01
1.5862e-01
3.0571e-01
9.1035e-03
1.7124e-01
5.8057e-01
1.3995e-01
5.4275e-02
5.9587e-01
4.3415e-01
1.2122e-01
5.7943e-01
4.9734e-01
5.5076e-01
3.0924e-01
4.3256e-01
2.7814e-01
1.9758e-01
1.2245e-01
1.5712e-01
5.5756e-01
2.2464e-01
4.1941e-01
9.4483e-02
1.3631e-01
5.3760e-01
4.8967e-01
4.4846e-01
7.9192e-03
8.3229e-02
5.9847e-02
1.8963e-01
2.0965e-01
1.5626e-01
1.2598e-02
2.8340e-01
2.3299e-01
5.3860e-01
1.7831e-01
5.9515e-01
2.9094e-01
1.5642e-02
2.7452e-01
4.4511e-02
7.1793e-02
3.1756e-02
1.7228e-01
1.3832e-01
7.5591e-02
5.2334e-01
4.2536e-01
2.9676e-01
4.1375e-01
1.7466e-01
8.5596e-02
1.7724e-01
5.6072e-01
3.2016e-02
2.5549e-01
2.7183e-01
1.4062e-01
1.1400e-01
4.5265e-02
1.9077e-01
3.9158e-01
2.5226e-01
3.3673e-02
2.5646e-01
1.2795e-01
4.8335e-01
3.6503e-01
5.7449e-02
6.3607e-01
1.5247e-01
1.4620e-01
1.0456e-01
5.2159e-01
2.0292e-01
1.4399e+00
1.5310e-01
7.9779e-02
2.7696e-01
2.9982e-02
7.7826e-02
5.0494e-01
1.3744e-01
2.9346e-01
2.1078e-01
2.5901e-02
1.7095e-01
4.5048e-01
1.1845e-01
2.5217e-01
4.5375e-01
2.8120e-01
2.5476e-01
1.6530e-02
5.3126e-01
2.5077e-01
5.2700e-01
5.0193e-01
1.1553e-01
7.0978e-01
3.2499e-01
2.1777e-01
3.3423e-01
4.7457e-01
6.5482e-01
2.8199e-01
5.8264e-02
2.8275e-01
6.8896e-02
1.8138e-01
1.9348e-01
8.5106e-02
4.7137e-01
1.7984e-01
1.8545e-01
2.3428e-01
1.6213e-01
4.5656e-01
1.8256e-01
6.6810e-02
5.4001e-01
1.5003e-01
5.6666e-03
1.5419e+00
2.4667e-01
2.0366e-01
1.5663e-01
1.1610e-01
4.8024e-01
8.3281e-02
5.7711e-01
5.9188e-01
6.2495e-02
1.0289e-01
2.2850e-01
7.2516e-04
2.3128e-01
3.5544e-01
3.3368e-02
5.7247e-01
1.2588e-01
3.3503e-01
5.7297e-01
1.1477e-01
1.0578e-01
2.2872e-02
5.5316e-01
1.6415e-01
2.0082e-01
1.4265e-01
9.2458e-02
2.4456e-02
3.1874e-01
5.9539e-02
4.2339e-02
1.2614e-02
4.4265e-01
2.0416e-01
2.0101e-02
1.2087e-03
2.5690e-02
4.2892e-02
6.6689e-01
3.9354e-01
1.5251e-01
5.7783e-02
6.6758e-01
7.4959e-02
3.2416e-01
1.7421e-01
2.9737e-01
9.7718e-02
8.5988e-02
1.9456e-01
1.1799e-01
5.5191e-01
3.1031e-01
4.6034e-01
1.1151e-01
1.5621e-01
5.8145e-01
8.2371e-02
6.9141e-02
2.3064e-01
5.0422e-01
1.8636e-01
9.1108e-02
5.0147e-02
9.3034e-02
1.7496e-01
4.0582e-02
2.8456e-01
8.5018e-02
1.5567e-01
2.2830e-03
2.3694e-01
4.5827e-02
4.2867e-01
1.7334e-01
5.6163e-01
1.3330e-01
1.4144e-01
3.1351e-01
6.3025e-02
1.4487e-01
3.3357e-01
3.7611e-01
2.7224e-01
1.0064e-01
2.4441e-01
3.0974e-01
3.2147e-01
9.0032e-02
1.0435e-01
2.6185e-01
6.3043e-01
2.1571e-01
1.9871e-02
8.5714e-03
3.5363e-01
1.0280e-01
3.1940e-01
2.7430e-01
4.9590e-01
9.1253e-02
6.4443e-02
6.0314e-01
1.1062e-01
7.1516e-01
3.6851e-01
1.4606e-01
1.8146e-01
2.8107e-01
6.0884e-02
1.6391e-01
1.2500e-01
1.5833e-01
4.0647e-01
1.9198e-01
1.1063e-01
5.0724e-01
4.7894e-02
7.1582e-01
1.8304e-01
8.3184e-02
3.7707e-01
2.2173e-03
8.3189e-03
1.2921e-01
4.9282e-01
5.5965e-01
3.8373e-01
1.8776e-02
1.7399e-01
6.3416e-01
2.1211e-01
4.1737e-01
8.7370e-02
2.7089e-01
8.1364e-02
1.4746e-01
8.0005e-02
1.4741e-01
7.3050e-02
1.5714e-01
4.9112e-02
3.4233e-01
1.2721e-01
1.9077e-01
4.5465e-01
2.0329e-01
1.1375e-01
6.4584e-01
2.3835e-01
7.9609e-02
5.3807e-02
2.0015e-02
1.0945e-01
4.9066e-01
2.8974e-01
1.9654e-01
5.2247e-01
5.2449e-01
3.9245e-01
1.9079e-01
2.6149e-01
3.9435e-01
2.1051e-01
1.2832e-01
1.9682e-01
1.8091e-01
6.6961e-01
4.4453e-01
3.3171e-01
2.2252e-01
4.0250e-01
1.5158e-01
2.1938e-01
2.1014e-01
2.3999e-01
2.7043e-01
3.9132e-02
3.8591e-01
5.7650e-01
4.8561e-01
3.5709e-01
1.4758e-02
4.8990e-01
9.4984e-02
2.6967e-01
2.4796e-01
2.8915e-01
4.7525e-01
1.2362e-01
2.1406e-01
4.4480e-01
1.6833e-01
1.6705e-03
2.1682e-01
4.5298e-02
6.0647e-02
5.4790e-04
