9.3517e-02	1.4845e-01	1.7339e-01	3.1652e-01
7.6166e-02	3.8302e-01	2.9720e-01	3.3724e-01
3.6751e-01	5.2445e-01	2.6645e-01	3.9497e-02
1.7830e-01	8.2513e-01	1.1994e-01	2.5899e-01
1.5826e-01	3.3490e-01	3.6363e-01	1.9283e-01
3.0071e-01	6.9786e-02	4.3083e-01	3.0474e-01
2.2371e-01	2.6417e-01	2.7869e-01	1.8034e-01
6.9267e-02	1.2500e-01	2.6779e-01	3.7426e-01
4.2099e-01	4.3266e-01	1.9642e-01	1.5554e-01
4.2565e-01	6.0154e-01	3.5233e-02	1.9979e-01
5.8233e-01	9.1813e-02	1.7788e-01	4.1733e-01
5.5746e-01	6.5992e-02	4.0154e-01	2.2305e-01
2.5481e-01	3.5862e-01	3.8506e-01	5.6083e-02
1.7986e-01	3.0269e-01	5.5281e-01	2.6959e-02
1.9738e-01	2.0074e-01	5.1170e-01	1.1060e-01
3.0559e-01	6.1781e-01	1.0827e-01	2.6482e-01
1.7401e-01	3.7423e-01	4.3144e-01	1.2656e-01
1.7596e-01	1.6922e-01	1.7286e-01	2.5773e-01
4.5199e-01	6.4416e-03	4.4363e-01	2.8657e-01
1.8582e-01	9.2411e-02	7.2987e-01	1.3750e-01
2.6817e-02	2.4525e-01	4.4084e-01	4.1752e-01
5.4884e-01	6.4866e-02	4.9984e-01	1.2265e-01
3.7468e-01	3.0062e-01	7.0469e-02	3.6077e-01
4.3160e-01	2.8903e-01	3.6351e-01	2.6387e-02
4.5797e-01	6.2612e-01	8.9827e-02	9.2268e-02
1.0103e-01	5.2351e-01	8.7215e-02	5.4223e-01
1.2870e-01	1.4244e-01	2.1102e-01	2.4071e-01
4.1649e-02	2.3859e-01	4.9756e-01	3.7883e-01
3.1295e-01	3.0215e-01	3.2438e-01	1.0728e-01
8.3403e-02	6.1936e-01	4.9278e-01	5.5592e-02
4.0633e-02	5.3610e-01	5.6166e-02	6.4354e-01
3.2244e-01	6.5375e-02	2.3483e-01	4.1337e-01
1.5943e-01	4.0134e-01	4.0116e-01	1.6663e-01
2.8362e-01	7.1710e-01	1.7142e-01	1.7638e-01
1.5767e-01	7.6102e-01	3.3277e-01	7.7454e-02
3.1643e-01	3.8488e-01	3.0735e-01	9.2585e-02
2.6819e-02	5.3359e-01	4.8745e-01	2.0505e-01
2.3113e-01	8.1844e-02	3.2419e-01	3.2471e-01
5.1299e-02	5.5862e-01	5.5031e-01	8.9091e-02
2.5141e-02	3.9798e-01	2.7586e-01	4.1392e-01
4.1880e-01	1.1460e-01	5.4582e-01	1.1752e-01
4.1168e-01	3.7951e-01	2.8598e-01	6.8149e-02
9.9894e-02	1.7229e-01	3.3344e-01	2.7640e-01
4.0412e-01	2.8027e-01	2.9379e-01	1.4416e-01
9.1771e-02	3.3993e-01	4.5198e-01	2.5075e-01
4.7345e-01	3.8439e-01	7.9755e-03	3.1860e-01
2.2391e-01	7.1391e-01	3.3112e-01	8.8954e-03
2.4837e-01	8.7431e-02	3.6119e-01	3.0549e-01
4.3208e-02	1.9149e-01	1.9418e-01	5.5199e-01
2.8371e-01	6.0451e-01	1.8111e-01	2.2568e-01
4.1703e-01	7.5836e-02	2.2148e-01	4.1926e-01
6.5012e-02	1.7170e-01	1.9398e-01	4.4129e-01
7.6869e-01	1.9279e-02	3.5826e-01	1.3236e-01
3.9823e-01	2.8189e-01	3.3340e-01	9.4805e-02
3.3896e-01	1.4283e-01	6.3072e-01	1.9130e-02
2.9176e-01	3.1549e-02	2.1075e-01	5.1911e-01
3.5785e-01	4.5586e-02	2.8995e-01	3.8355e-01
1.7351e-01	2.7859e-01	5.7426e-01	3.4344e-02
1.4516e-01	1.7549e-01	1.7573e-01	2.5629e-01
3.8033e-01	4.5336e-01	9.3668e-03	3.2486e-01
1.0910e-01	1.6874e-01	2.0498e-01	2.6811e-01
7.1987e-01	3.5036e-02	1.0012e-01	4.3822e-01
3.4967e-02	3.3062e-01	3.3498e-01	3.7589e-01
1.0903e-01	1.3516e-02	9.1710e-01	2.2758e-01
6.7300e-02	1.0486e-02	9.8692e-01	1.1890e-01
3.0040e-01	2.8410e-01	1.9853e-01	2.3606e-01
1.7931e-01	2.1364e-01	2.2342e-01	2.2174e-01
4.2142e-01	5.7454e-01	1.9971e-01	4.2578e-02
2.8194e-01	3.0808e-01	8.6411e-02	3.6125e-01
3.3024e-01	3.5231e-01	1.4673e-01	2.7137e-01
8.6542e-02	2.1790e-01	3.4944e-01	3.0478e-01
5.9933e-02	3.9437e-01	2.1302e-01	4.4882e-01
3.1711e-01	2.4167e-01	9.7669e-02	3.7629e-01
1.6330e-01	2.7441e-01	4.4987e-01	1.5052e-01
4.2359e-01	4.5469e-01	2.2689e-01	9.7979e-02
1.4738e-01	5.0535e-01	3.3455e-02	5.4354e-01
8.8238e-02	1.3453e-01	1.1544e-01	4.7414e-01
4.2977e-01	3.3277e-01	1.0019e-01	3.0477e-01
1.9857e-01	1.9107e-01	5.9721e-02	5.5036e-01
1.9809e-01	2.1377e-01	1.4103e-01	3.0582e-01
8.2153e-02	2.5982e-01	2.6441e-01	3.3579e-01
2.4576e-01	2.4103e-01	3.7761e-01	1.2113e-01
4.3255e-03	6.8927e-01	2.8049e-01	3.3282e-01
1.4667e-01	1.5612e-01	1.5591e-01	2.7538e-01
3.3483e-01	2.1729e-01	3.1715e-01	1.7173e-01
2.4512e-01	3.3344e-02	3.8330e-01	4.0885e-01
3.1998e-01	4.3224e-01	3.2690e-01	3.7916e-02
1.1577e-01	1.8959e-01	2.1171e-01	2.6541e-01
1.1625e-01	5.4981e-02	1.7505e-01	5.3620e-01
4.8038e-01	7.2274e-02	2.4528e-01	3.8927e-01
3.6213e-01	4.2884e-01	2.7188e-01	9.2551e-02
4.3097e-01	2.2789e-01	4.1430e-01	4.9885e-02
1.7947e-01	3.5917e-01	5.7225e-02	5.1396e-01
3.1561e-01	3.6575e-01	6.8245e-02	3.5039e-01
5.2526e-01	2.4395e-02	5.8047e-01	9.2824e-02
1.5688e-01	1.5124e-01	1.8423e-01	2.4670e-01
3.4347e-01	1.1752e-02	4.1289e-01	3.5685e-01
2.2588e-01	7.8907e-02	2.2246e-01	3.7996e-01
6.8995e-02	3.3627e-01	3.6898e-01	3.1294e-01
8.5825e-02	2.0410e-01	1.4409e-01	4.8025e-01
2.8980e-01	3.3186e-01	3.2713e-01	1.0207e-01
3.7811e-02	7.1205e-01	4.0950e-01	1.4521e-01
7.4307e-01	2.2378e-01	2.0361e-01	1.7795e-01
1.9675e-01	8.4294e-02	7.6670e-01	1.2069e-01
2.6009e-01	2.9903e-01	5.6235e-02	4.1682e-01
1.0508e-01	2.1129e-01	7.6330e-01	4.0480e-03
1.4370e-01	7.2899e-01	6.0044e-03	4.3308e-01
2.4481e-01	3.6584e-01	3.6496e-01	9.0943e-02
3.8893e-01	1.5751e-01	4.4432e-01	1.4726e-01
4.4148e-01	2.3197e-01	4.3077e-01	3.5467e-03
6.7940e-02	5.1314e-01	1.0358e-01	5.7024e-01
2.5512e-01	2.7074e-01	2.6912e-01	1.7859e-01
3.9187e-01	4.3092e-01	2.9261e-01	2.3363e-02
5.4003e-01	4.0155e-01	9.7568e-02	2.1900e-01
3.8207e-01	3.6666e-01	6.7564e-02	3.2414e-01
9.7347e-02	4.8319e-01	5.0135e-01	1.4752e-01
1.6910e-01	6.6203e-02	3.8970e-01	3.7302e-01
3.8678e-02	2.5905e-01	2.3985e-01	4.6932e-01
3.8317e-02	1.3959e-01	3.1851e-01	5.4018e-01
2.3039e-02	4.0322e-01	7.0232e-02	7.8979e-01
5.5084e-01	1.1875e-01	4.0418e-01	1.7305e-01
5.0411e-01	1.9654e-02	2.9828e-01	3.7023e-01
6.8833e-01	2.1719e-01	1.0846e-01	3.1619e-01
6.9180e-01	2.2513e-01	2.7371e-01	1.2948e-01
4.6438e-01	3.1692e-02	2.6502e-01	4.0467e-01
2.8056e-01	3.2426e-01	2.6038e-01	1.7417e-01
2.2287e-01	3.0470e-02	4.4887e-01	4.2143e-01
6.4078e-02	1.3506e-01	2.5627e-01	4.0554e-01
7.7112e-02	7.9868e-01	2.8653e-01	2.0105e-01
1.0819e-01	1.9055e-01	2.3271e-01	2.6996e-01
3.6001e-01	3.1348e-01	3.4745e-01	5.1520e-02
4.7520e-01	2.8671e-01	3.4862e-01	4.2022e-02
3.3962e-01	3.9447e-01	1.9426e-01	2.1122e-01
2.3886e-01	1.4810e-01	5.8663e-01	1.1846e-01
2.0240e-02	3.0426e-01	3.3964e-01	4.0733e-01
3.7971e-01	4.4969e-01	2.0204e-01	1.6536e-01
1.7509e-01	1.4227e-01	1.1259e-01	4.2081e-01
2.4827e-01	3.8503e-02	2.6311e-01	4.4874e-01
4.3927e-01	2.9284e-02	4.3799e-01	2.8044e-01
4.2343e-01	1.6014e-01	4.4747e-01	1.2939e-01
1.3815e-01	2.0355e-01	1.2994e-01	3.6751e-01
2.3195e-01	5.8669e-02	2.7829e-01	3.9337e-01
1.2139e-02	3.1941e-01	3.3274e-01	4.1232e-01
7.8173e-02	4.2270e-01	1.6844e-01	4.9169e-01
2.0386e-01	5.3704e-01	2.6994e-02	4.5664e-01
8.1881e-02	6.9458e-01	2.5979e-01	3.0333e-01
1.4121e-01	4.1788e-01	5.2577e-01	8.7177e-02
5.7295e-02	2.3954e-01	3.7587e-01	3.6549e-01
9.3205e-02	1.4045e-01	2.8216e-01	2.8892e-01
7.8670e-01	2.5989e-01	1.1257e-01	1.8337e-01
1.3751e-01	9.1601e-02	2.5019e-01	3.0323e-01
3.8942e-01	7.3574e-02	6.0628e-02	7.2260e-01
3.1833e-01	4.3686e-01	2.0564e-01	2.0329e-01
1.5793e-01	7.0088e-02	4.5118e-01	3.5153e-01
4.0398e-01	4.5528e-01	1.9473e-01	1.5577e-01
5.4719e-02	1.1876e-01	2.3388e-01	4.8706e-01
5.9748e-01	3.6242e-01	2.4053e-01	4.8828e-02
4.3347e-01	7.2561e-02	4.6130e-01	2.2918e-01
5.1095e-01	2.0200e-01	5.1520e-02	4.5273e-01
1.1064e-02	3.3043e-01	2.7155e-01	4.5400e-01
3.9866e-01	4.5620e-01	1.4019e-01	2.1724e-01
9.1902e-02	5.8509e-01	5.1824e-01	3.6848e-02
3.9099e-01	3.8699e-01	3.1258e-01	2.2464e-02
3.0023e-01	9.9768e-02	3.5496e-01	2.8219e-01
2.9402e-01	9.0645e-02	3.0607e-01	3.1420e-01
1.3898e-01	1.2186e-01	1.3968e-01	3.2621e-01
7.5578e-01	2.5122e-02	4.0659e-01	5.3296e-02
4.5491e-01	3.0360e-02	4.6915e-01	2.5178e-01
1.5030e-01	2.5959e-01	5.2368e-01	1.3911e-01
1.2784e-01	2.2457e-01	3.5306e-01	2.2994e-01
1.7506e-01	1.5912e-01	5.6397e-01	1.4067e-01
3.1419e-01	3.2130e-01	2.9344e-01	1.3162e-01
1.6653e-01	6.3306e-01	4.1715e-01	3.0842e-02
2.6159e-02	6.3769e-01	4.4258e-01	1.7555e-01
4.0132e-01	6.4421e-01	1.6000e-01	7.3389e-02
1.3744e-01	1.2688e-01	2.2624e-01	2.4380e-01
2.1061e-01	3.8825e-01	1.0248e-01	3.9499e-01
3.7153e-01	1.7243e-01	5.5232e-01	8.7262e-03
2.3676e-01	2.7269e-01	3.5362e-01	1.2653e-01
2.3873e-01	4.6509e-01	3.4547e-02	4.2752e-01
6.4095e-02	9.6959e-02	5.3034e-01	3.0946e-01
1.0946e-01	1.9965e-01	1.4280e-01	3.9169e-01
3.1832e-01	4.2636e-02	1.1873e-01	7.1021e-01
3.8415e-01	1.7821e-01	4.7724e-01	8.4651e-02
1.6668e-01	1.1058e-01	3.0029e-01	2.6543e-01
1.8138e-01	5.1827e-01	1.7313e-02	5.0030e-01
3.9307e-01	1.6932e-01	5.5219e-02	5.3796e-01
9.5126e-02	1.1353e-01	4.0363e-01	2.9103e-01
3.9804e-01	2.5268e-03	4.4800e-01	3.1726e-01
3.4049e-01	4.9828e-01	8.6570e-02	2.8827e-01
3.8597e-01	4.6855e-01	4.1974e-02	2.9705e-01
4.8246e-01	2.3190e-02	9.2691e-02	6.4367e-01
5.2479e-01	3.1983e-01	1.7541e-01	2.2625e-01
3.1118e-02	4.3752e-01	2.4606e-01	4.3443e-01
4.7148e-01	8.2723e-03	5.1643e-01	2.2493e-01
1.9116e-01	1.8811e-01	2.1208e-01	2.2685e-01
2.1404e-01	2.0521e-01	2.1156e-01	2.2805e-01
3.1099e-01	1.8640e-01	6.9599e-02	5.0037e-01
3.4542e-01	2.8363e-02	2.7145e-01	4.2293e-01
1.2766e-01	9.1391e-01	1.5901e-01	1.6991e-01
4.5460e-01	2.7292e-01	3.3558e-01	9.2088e-02
6.1450e-02	1.3062e-01	1.6886e-01	4.8388e-01
2.9105e-01	3.0475e-01	4.0653e-01	1.2421e-02
3.7629e-01	2.1328e-01	2.6151e-02	5.0299e-01
3.4542e-01	3.3926e-01	1.6747e-01	2.5046e-01
5.3047e-02	9.5190e-01	6.9284e-02	2.5500e-01
3.7859e-01	2.1786e-01	5.6407e-02	4.5917e-01
1.8975e-02	2.6238e-01	3.9572e-01	4.2580e-01
7.7003e-02	5.0290e-01	8.3613e-02	5.9296e-01
3.0339e-01	2.5701e-01	4.0773e-01	5.7291e-02
4.1896e-01	5.8045e-01	1.6550e-01	9.8418e-02
1.3764e-01	4.5130e-02	2.8769e-01	5.2258e-01
1.9877e-01	8.0375e-02	4.1690e-01	3.2385e-01
1.3616e-01	1.3472e-02	6.9089e-01	4.2860e-01
1.2958e-01	2.5221e-01	4.0333e-01	2.1852e-01
6.3980e-01	3.1478e-01	2.1413e-01	1.3348e-01
1.4058e-01	6.4380e-02	3.0152e-01	4.0399e-01
3.2369e-01	1.3699e-01	4.6545e-01	1.8347e-01
8.3702e-02	1.7412e-01	2.1156e-01	3.3368e-01
3.6931e-01	3.6158e-01	8.7548e-02	3.1388e-01
2.5517e-01	8.5117e-02	4.1654e-01	2.9909e-01
1.3726e-01	8.9202e-02	3.6074e-01	3.1059e-01
4.0072e-01	3.2220e-01	1.6303e-02	3.8237e-01
4.2780e-01	1.6145e-01	5.1245e-01	5.0925e-02
4.1838e-01	3.6984e-01	2.6570e-01	1.0544e-01
5.3135e-01	2.7279e-01	1.2658e-01	3.1302e-01
1.0243e-01	7.1365e-02	2.6471e-01	3.8458e-01
3.7312e-01	5.1711e-01	2.7625e-01	1.1871e-02
5.6547e-01	1.6167e-02	6.9877e-02	5.9729e-01
4.0189e-01	2.4375e-01	4.7045e-02	4.3229e-01
1.7449e-01	8.4613e-02	3.5404e-01	3.2201e-01
4.1971e-01	2.9398e-01	2.2049e-02	3.9739e-01
3.5011e-01	2.5923e-01	5.5464e-02	4.1365e-01
9.8529e-02	2.2867e-01	7.6540e-01	3.7239e-02
2.2846e-01	3.1842e-01	1.1262e-01	3.5450e-01
3.5395e-01	3.9194e-01	2.2847e-01	1.6836e-01
8.7430e-01	3.1713e-02	2.8863e-01	6.2309e-02
4.8167e-01	2.6079e-02	5.8909e-01	1.3877e-01
2.8402e-01	2.4391e-01	2.8019e-01	1.7654e-01
4.3445e-01	3.3703e-02	2.3780e-01	4.4013e-01
4.9403e-02	4.3096e-01	4.2863e-01	2.7984e-01
2.3872e-01	2.0766e-01	1.2956e-01	3.3345e-01
3.2976e-01	1.7163e-01	4.0707e-01	1.6235e-01
3.6526e-01	5.9789e-01	1.7108e-01	1.4785e-01
6.5069e-01	1.4341e-02	4.0453e-01	1.9452e-01
1.7087e-01	3.2515e-01	3.7246e-01	1.7229e-01
1.6247e-01	1.4348e-01	1.2984e-01	3.4520e-01
6.9573e-02	1.2532e-01	3.9576e-01	3.4947e-01
1.7843e-01	3.5141e-01	4.8684e-02	5.3287e-01
2.7478e-01	2.2242e-01	2.6551e-01	1.9596e-01
2.0335e-01	5.1499e-02	3.4035e-01	4.0924e-01
2.9074e-01	1.2048e-01	4.2955e-01	2.3010e-01
1.2793e-01	1.7069e-01	2.6920e-01	2.3378e-01
3.1155e-01	4.5419e-01	1.0726e-01	3.0177e-01
4.1719e-01	7.6398e-02	1.4152e-01	5.4374e-01
2.1368e-01	2.8995e-01	1.1045e-01	3.6526e-01
1.9397e-01	7.3379e-01	5.2859e-02	3.5936e-01
8.9926e-02	7.3155e-01	3.3411e-01	1.8750e-01
9.0857e-01	1.5960e-01	2.3194e-02	1.9544e-01
7.9953e-02	9.7966e-02	6.5240e-01	2.0307e-01
1.4143e-01	4.8018e-01	4.5507e-01	1.2555e-01
4.4403e-01	6.8890e-01	9.0290e-02	3.1235e-02
5.1477e-01	5.2489e-01	8.9747e-02	1.2736e-01
5.8161e-01	3.0253e-01	1.7376e-01	2.2631e-01
3.0527e-01	2.8127e-01	3.2953e-01	1.1561e-01
2.1224e-01	8.8529e-01	1.0004e-01	1.6897e-01
4.1005e-02	5.8285e-01	4.6270e-01	1.8176e-01
2.4630e-01	2.7995e-01	4.5816e-01	2.1704e-02
3.8543e-01	5.1280e-01	2.3632e-01	8.1022e-02
1.0555e-02	2.7738e-01	9.3067e-02	8.5637e-01
3.2544e-01	3.7164e-01	2.8852e-01	1.1589e-01
2.1468e-01	1.7075e-01	3.1022e-01	1.9920e-01
3.2073e-01	3.3556e-01	3.5132e-01	4.8771e-02
7.4348e-02	7.5373e-02	3.0252e-01	3.7643e-01
1.1562e-01	1.1520e-01	6.5773e-01	1.5320e-01
9.4027e-02	1.8164e-01	4.1841e-01	2.8493e-01
1.5202e-01	1.6965e-01	1.5547e-01	2.7747e-01
6.2105e-02	0.0000e+00	3.5033e-01	8.7838e-01
6.3727e-02	5.5151e-01	5.4871e-01	8.1621e-02
1.8510e-01	3.5587e-01	3.4498e-01	1.7399e-01
1.6983e-01	1.1236e-01	1.5389e-01	3.4188e-01
6.4236e-01	2.8282e-02	8.6104e-02	5.1174e-01
7.7624e-03	2.6113e-01	5.2902e-01	4.1067e-01
4.4058e-01	1.4354e-02	5.1103e-01	2.4787e-01
6.0026e-02	4.7129e-01	2.5154e-01	3.9499e-01
1.0006e-01	2.8969e-01	6.2623e-01	1.7434e-01
2.5899e-01	4.7869e-01	2.9297e-01	1.4928e-01
3.1082e-01	1.5934e-01	1.8550e-02	6.5921e-01
4.3893e-01	3.9658e-01	1.0374e-01	2.6047e-01
5.4180e-01	3.4600e-01	3.0707e-02	3.1237e-01
5.2242e-02	2.6417e-01	4.1614e-01	3.5703e-01
1.5441e-01	2.4844e-01	3.2154e-01	2.0543e-01
1.4273e-02	5.1329e-01	1.1400e-01	6.1401e-01
2.4778e-01	1.8088e-01	2.9113e-01	2.0179e-01
5.4146e-01	1.1095e-01	4.4268e-01	1.4302e-01
1.8700e-01	1.7432e-01	3.0318e-01	1.9995e-01
7.1385e-01	6.7978e-02	2.7726e-01	2.6222e-01
1.9754e-01	4.7805e-02	2.4565e-01	4.7045e-01
7.4328e-03	9.1988e-02	5.5808e-01	5.7526e-01
2.9685e-01	7.0206e-01	4.3327e-02	2.7627e-01
1.0060e-01	1.4234e-01	2.1163e-01	2.7266e-01
1.7429e-01	1.1285e-01	2.2415e-01	2.7061e-01
1.8891e-01	2.0209e-01	1.4647e-01	2.9576e-01
4.5308e-01	1.7611e-01	1.8003e-02	5.4034e-01
3.4426e-02	2.8051e-01	4.9021e-01	3.6311e-01
1.0808e-01	5.9482e-01	4.8714e-01	5.1805e-02
4.8026e-01	3.5024e-01	3.0123e-01	3.2643e-02
8.5940e-02	3.6813e-01	3.3208e-01	3.0292e-01
1.1196e-01	2.2925e-01	3.7072e-01	2.5291e-01
4.0981e-02	2.8991e-01	4.6282e-01	3.5204e-01
2.8679e-01	1.8970e-01	3.7416e-01	1.5983e-01
3.3632e-01	3.0480e-01	2.5721e-01	1.7125e-01
3.8305e-01	1.9517e-01	4.5735e-03	5.5545e-01
4.6393e-01	4.6518e-01	4.8111e-02	2.4723e-01
3.6475e-01	1.7445e-01	3.7727e-01	1.7577e-01
5.1630e-01	3.3912e-01	2.0894e-01	1.7406e-01
3.0207e-01	2.2335e-01	4.6301e-01	4.7335e-02
2.9268e-02	4.3559e-01	2.1565e-01	4.7761e-01
6.9037e-02	1.7127e-01	8.0112e-01	1.1125e-01
2.4979e-01	2.6319e-01	2.1641e-01	2.2195e-01
1.5989e-01	8.2954e-01	3.0121e-02	3.3045e-01
3.8482e-01	1.2405e-01	3.7319e-01	2.3826e-01
3.0742e-01	4.9528e-01	2.6287e-01	1.3434e-01
8.0677e-02	8.9918e-02	3.0436e-01	3.4157e-01
1.6833e-01	1.8068e-01	2.1493e-01	2.2556e-01
6.5118e-01	2.4456e-01	2.5471e-01	1.6303e-01
1.2765e-01	1.4553e-01	5.1694e-02	6.6447e-01
7.3402e-01	2.2180e-01	1.7451e-03	3.4186e-01
3.8659e-01	1.8376e-01	3.5581e-02	5.4032e-01
1.5425e-01	3.3339e-01	1.1699e-01	4.4581e-01
4.4379e-01	3.0897e-01	1.8801e-01	2.3572e-01
1.6094e-01	1.1996e-01	2.6842e-01	2.5021e-01
2.8575e-01	1.7266e-01	1.0297e-01	4.4914e-01
1.3721e-01	1.5370e-01	1.5884e-01	2.7239e-01
2.9118e-01	1.7138e-02	2.0556e-01	5.5765e-01
5.1545e-01	3.2279e-01	2.2656e-01	1.6918e-01
3.0891e-01	3.1124e-01	8.2689e-02	3.5555e-01
4.5406e-02	4.1657e-01	4.3303e-01	2.8773e-01
1.0051e-01	1.2239e-01	1.8722e-01	2.8013e-01
6.3300e-01	1.2556e-01	4.1270e-01	9.2726e-02
2.7127e-01	3.7221e-01	3.7586e-01	4.1937e-02
4.8575e-01	5.6197e-01	1.5424e-01	3.3585e-02
2.2542e-02	2.3077e-02	5.9606e-01	3.1092e-01
4.0158e-01	2.8724e-02	2.9441e-01	3.8990e-01
5.3197e-01	3.1237e-01	1.1401e-01	2.8771e-01
1.0172e-01	5.9203e-01	3.5342e-02	5.4766e-01
2.0615e-01	9.0518e-02	3.2606e-01	3.0741e-01
5.9325e-01	4.9321e-01	1.3386e-01	6.1818e-03
3.0268e-01	6.1143e-02	2.3759e-01	4.1621e-01
2.6269e-01	7.1487e-02	7.2483e-01	1.8297e-01
7.2465e-02	3.7876e-01	1.4268e-01	5.6420e-01
6.8183e-01	2.9346e-01	1.6656e-01	1.8779e-01
3.4140e-01	5.6504e-01	1.9056e-01	1.6818e-01
1.8536e-01	1.8894e-01	8.2242e-02	4.8470e-01
3.2966e-01	3.2857e-01	1.6880e-01	2.5442e-01
3.4933e-01	7.5513e-01	1.0529e-01	1.1466e-01
1.5839e-02	4.4661e-01	4.3847e-01	2.9711e-01
2.6025e-01	8.4011e-01	7.7073e-02	1.8094e-01
2.7635e-01	2.9904e-01	7.9451e-02	3.7521e-01
3.6997e-01	7.7093e-03	2.6840e-01	4.4203e-01
1.3856e-01	1.0000e+00	1.5773e-02	1.3458e-01
4.6244e-01	4.4501e-01	1.2149e-01	2.0463e-01
3.1296e-01	2.8235e-01	3.0692e-01	1.3505e-01
2.3342e-01	4.4265e-02	4.4985e-01	3.8363e-01
9.2912e-01	7.9323e-02	1.8805e-01	6.9666e-02
2.2682e-01	2.8760e-01	1.3524e-01	3.1820e-01
5.1463e-01	3.8775e-01	1.5666e-01	1.8837e-01
7.0816e-01	2.1028e-02	4.4376e-01	5.9734e-02
3.8405e-01	9.3745e-02	4.5064e-01	2.3275e-01
3.1152e-01	1.4147e-01	5.4403e-01	1.3508e-01
6.1843e-01	4.3427e-01	1.5032e-01	6.0024e-02
9.8089e-02	1.4410e-01	3.3155e-01	2.8130e-01
1.4350e-01	4.1064e-01	4.8330e-01	1.2639e-01
2.1251e-01	1.4691e-01	3.0348e-01	2.2204e-01
1.5660e-01	2.2287e-01	2.9714e-01	2.0715e-01
5.5727e-01	1.9387e-02	3.2817e-01	3.2470e-01
5.6967e-01	6.6854e-02	2.1959e-01	3.9823e-01
5.5815e-01	5.7084e-01	8.0332e-02	2.3761e-03
2.0201e-01	7.2821e-01	2.7372e-01	1.4578e-01
3.8098e-01	7.5988e-02	2.1567e-01	4.2704e-01
2.3231e-01	5.6075e-02	2.1556e-01	4.6167e-01
9.8667e-02	1.2921e-02	5.9720e-01	5.1303e-01
3.3876e-01	2.6125e-01	8.6383e-02	3.7571e-01
2.7444e-01	3.7241e-01	1.4425e-01	2.9347e-01
2.9748e-01	2.0463e-01	3.7822e-01	1.4105e-01
4.7340e-01	4.8713e-02	6.5042e-01	3.8494e-02
3.2939e-02	1.5532e-01	3.5503e-01	5.3122e-01
8.9143e-02	6.0213e-02	1.9533e-01	4.9462e-01
2.5861e-01	3.0052e-01	3.1504e-01	1.3728e-01
2.4592e-01	9.0587e-02	2.9370e-01	3.1481e-01
9.0861e-02	1.0768e-01	2.7387e-01	3.0543e-01
3.5225e-01	1.2361e-01	6.4882e-01	4.3163e-02
1.1681e-01	4.6482e-02	5.2021e-01	4.0341e-01
3.1949e-01	3.5419e-01	1.2433e-01	2.9673e-01
1.6923e-01	1.0507e-01	2.5614e-01	2.7681e-01
4.0231e-01	2.0989e-01	2.1314e-02	5.0476e-01
2.0874e-01	1.9128e-01	3.5979e-01	1.7262e-01
6.5024e-02	3.9084e-01	2.2817e-01	4.2027e-01
5.5177e-01	5.3128e-02	4.2933e-01	2.0922e-01
6.1063e-01	4.4584e-01	1.5573e-01	3.8625e-02
1.5957e-01	6.3908e-01	8.1945e-02	4.2526e-01
6.4637e-02	7.0390e-02	3.2117e-01	3.9381e-01
2.1608e-01	2.2098e-01	2.3037e-01	2.1353e-01
4.6221e-01	1.2300e-01	4.6413e-01	1.5132e-01
4.0664e-01	7.1326e-01	1.2407e-01	2.7223e-02
4.2089e-01	2.3492e-01	3.6076e-01	1.1354e-01
5.4003e-01	5.4308e-01	8.3378e-02	8.1229e-02
4.3877e-01	1.7424e-01	6.5413e-02	4.9978e-01
4.9852e-01	9.7310e-02	4.8658e-01	1.4094e-01
7.5652e-02	2.2754e-01	2.5429e-01	3.5148e-01
4.0766e-01	2.7436e-01	8.9433e-02	3.5961e-01
3.3210e-01	2.9097e-01	7.1521e-02	3.7279e-01
5.8695e-01	5.6800e-01	2.7770e-02	1.8622e-02
2.0677e-01	5.8517e-02	4.2007e-01	3.7420e-01
5.1614e-02	2.4707e-01	3.9837e-01	3.7105e-01
5.0280e-01	4.5908e-02	5.9033e-01	8.4734e-02
6.1051e-02	5.0040e-01	3.3762e-01	3.1015e-01
2.8538e-01	1.9603e-01	1.0243e-01	4.1239e-01
2.9530e-01	8.0950e-02	4.9922e-01	2.7084e-01
1.3996e-01	5.6759e-01	3.4328e-01	2.1358e-01
4.3273e-01	3.5473e-01	2.3435e-01	1.5385e-01
3.8365e-01	2.0166e-01	4.5246e-01	6.6551e-02
2.0223e-01	1.1673e-01	2.6436e-02	7.7890e-01
5.7567e-01	6.1145e-02	2.9751e-01	3.2117e-01
1.0170e-01	7.1628e-01	2.9160e-01	2.4036e-01
3.0806e-01	3.2882e-03	3.5757e-01	4.0838e-01
2.3830e-01	4.6633e-02	2.2601e-01	4.7416e-01
5.8081e-02	4.4134e-01	1.8877e-01	4.8299e-01
2.9123e-01	3.7292e-01	2.6404e-01	1.6202e-01
4.0168e-01	3.4616e-01	3.3274e-01	1.7670e-02
1.0097e-01	1.5325e-01	7.5724e-01	2.1578e-02
6.5385e-02	1.6139e-01	2.3357e-02	8.9214e-01
2.5634e-01	2.4595e-01	1.3290e-01	3.1688e-01
3.0356e-01	2.7862e-01	1.3142e-01	3.1059e-01
2.2461e-01	5.4827e-01	6.0033e-02	4.0522e-01
1.3521e-01	4.1220e-01	4.2367e-01	1.8311e-01
5.3667e-01	6.1986e-01	5.9447e-03	4.3445e-02
2.3842e-02	1.2163e-01	3.6557e-01	6.2059e-01
2.4117e-01	8.5889e-02	3.2618e-01	3.1538e-01
3.7438e-01	4.6726e-01	1.6496e-01	2.0334e-01
2.8457e-01	2.6598e-01	2.6116e-01	1.8335e-01
3.5475e-01	3.3919e-01	4.0614e-02	3.6818e-01
6.1925e-01	4.3164e-01	9.2926e-02	1.3527e-01
3.1327e-01	2.6799e-01	2.7589e-01	1.7013e-01
4.5581e-01	4.8308e-02	3.4266e-01	3.2354e-01
8.8146e-01	1.2691e-01	2.1690e-01	7.5129e-02
2.0412e-01	4.6622e-02	1.3183e-01	6.7754e-01
2.9263e-01	2.6552e-01	2.1761e-01	2.2182e-01
4.0488e-01	1.1761e-02	2.0703e-01	5.1352e-01
4.4053e-01	3.2717e-01	3.3476e-01	1.8055e-02
3.9129e-01	2.2920e-02	4.0289e-01	3.2684e-01
4.3445e-01	2.8737e-01	9.0311e-02	3.4603e-01
5.9151e-02	8.9237e-01	1.9216e-01	2.2275e-01
3.0642e-01	3.4106e-01	1.3636e-01	2.9049e-01
8.8194e-01	1.5265e-01	1.5843e-01	1.2909e-01
3.6463e-01	1.3124e-01	5.8230e-01	9.2174e-02
1.4957e-01	5.5345e-02	3.9729e-01	4.1597e-01
2.1676e-01	1.4993e-01	3.1368e-01	2.1747e-01
4.5042e-01	2.8344e-01	1.2764e-01	3.1362e-01
2.6091e-01	4.1881e-01	3.9492e-01	3.9937e-03
7.3600e-01	7.6221e-02	1.9877e-01	3.2065e-01
2.9463e-01	2.8586e-01	2.6891e-01	1.7040e-01
3.2604e-03	3.2008e-01	8.8262e-01	8.1878e-02
1.0152e-01	5.7468e-01	5.2284e-02	5.4586e-01
1.7081e-01	1.0823e-01	1.7040e-01	3.2093e-01
7.3697e-02	4.5635e-01	3.8857e-01	2.7052e-01
5.7286e-01	4.0228e-01	1.8535e-01	1.0309e-01
9.9429e-02	5.1561e-01	4.3403e-01	1.8790e-01
2.8776e-01	8.6916e-02	3.8149e-01	2.9519e-01
3.0749e-01	1.8444e-01	4.1569e-01	1.4235e-01
1.4222e-01	3.3480e-01	5.3408e-03	6.9760e-01
1.8765e-01	2.1980e-01	9.6665e-02	4.1704e-01
1.1800e-01	3.2975e-01	5.3291e-01	1.7478e-01
5.2396e-01	1.4123e-01	4.5130e-01	1.0198e-01
2.1861e-01	2.6502e-01	1.0058e-01	3.7821e-01
4.4403e-01	4.7521e-01	5.8108e-02	2.4703e-01
3.7229e-01	2.5178e-01	1.1732e-01	3.4804e-01
2.6037e-01	3.3572e-01	3.6876e-01	7.6927e-02
1.1043e-01	3.3415e-01	4.1882e-01	2.3555e-01
8.6373e-02	3.7853e-01	5.7613e-01	1.8089e-01
2.6518e-02	3.8954e-01	3.6161e-01	3.5181e-01
2.8023e-01	5.8948e-01	9.1754e-02	3.1317e-01
7.6484e-02	6.4678e-01	2.2591e-01	3.6397e-01
5.1858e-01	4.0673e-01	2.5340e-01	1.6305e-02
2.5509e-01	8.5927e-02	7.1317e-01	1.6022e-01
3.4200e-01	4.3529e-02	1.6425e-01	5.8206e-01
4.9021e-02	3.0680e-01	2.7563e-01	3.9618e-01
3.6949e-01	2.4697e-01	9.9022e-02	3.7331e-01
7.1769e-02	1.3163e-01	8.9836e-02	6.0531e-01
7.3990e-02	3.7414e-01	3.5651e-01	3.0479e-01
5.9703e-02	5.6031e-01	4.5054e-01	1.9166e-01
2.2522e-01	2.2417e-02	3.2502e-01	4.7160e-01
3.5748e-01	2.5162e-01	3.5946e-01	1.0171e-01
2.5044e-01	2.9855e-01	2.2174e-01	2.1795e-01
2.7488e-01	4.7699e-01	2.3424e-01	2.0150e-01
2.9799e-01	4.1298e-01	3.6428e-01	7.4287e-04
1.3401e-01	8.4799e-03	4.4071e-01	6.1116e-01
3.5396e-01	5.9871e-02	2.0298e-01	4.7074e-01
2.8358e-01	3.6207e-01	1.4781e-01	2.8516e-01
2.7415e-01	3.7802e-01	2.8136e-01	1.5361e-01
5.9456e-01	1.7973e-02	5.6143e-01	9.3913e-03
1.9335e-01	4.4229e-01	3.5840e-01	1.5513e-01
3.5594e-01	3.5420e-01	8.6922e-02	3.2146e-01
3.2882e-01	9.0408e-02	2.0371e-01	4.1579e-01
1.4017e-01	1.3328e-01	4.9188e-01	2.2150e-01
2.9601e-01	5.0905e-01	2.8663e-01	1.1018e-01
4.1806e-01	4.4117e-01	2.0185e-01	1.4560e-01
1.7507e-01	1.3103e-01	5.2038e-01	2.0291e-01
3.5319e-01	2.2501e-01	3.2168e-01	1.6312e-01
2.0929e-01	1.7299e-01	3.3495e-01	1.9186e-01
3.2148e-01	7.2422e-02	3.8899e-01	3.0566e-01
8.0199e-02	7.9860e-02	3.5136e-01	3.4537e-01
9.6095e-02	5.1501e-02	4.0326e-01	4.2264e-01
2.6645e-01	2.8600e-01	2.8534e-01	1.6122e-01
4.5751e-02	7.5615e-01	4.3133e-01	3.6769e-02
8.4615e-01	6.3836e-02	8.8889e-02	3.1298e-01
1.2260e-01	4.9037e-01	4.3639e-01	1.6705e-01
7.9775e-02	1.0990e-01	2.9626e-01	3.3092e-01
3.0043e-01	4.3525e-01	3.4346e-04	3.9330e-01
3.9772e-01	1.6916e-01	2.6893e-02	5.7386e-01
2.0764e-01	1.0723e-01	5.2539e-01	2.4118e-01
3.0640e-01	3.2012e-02	5.6112e-01	3.1546e-01
5.2251e-01	9.9594e-02	4.4649e-01	1.6421e-01
8.9297e-01	9.9501e-02	5.5300e-02	2.5238e-01
1.6873e-01	2.9928e-01	4.9694e-01	1.0846e-01
2.9026e-01	5.0462e-01	2.3532e-01	1.8351e-01
3.2058e-01	9.1488e-02	6.4466e-01	1.6130e-01
4.9111e-01	2.1815e-01	5.1494e-03	4.7347e-01
2.7687e-01	2.0797e-01	3.3835e-01	1.6124e-01
2.1825e-01	2.4521e-01	7.0880e-02	4.5036e-01
2.2953e-01	4.7103e-01	4.1223e-01	1.6675e-02
1.5385e-01	9.2378e-02	2.2436e-01	3.0775e-01
5.1740e-02	4.7935e-01	3.4436e-01	3.1730e-01
1.6291e-01	5.5835e-01	4.0919e-01	1.0976e-01
5.1326e-01	5.6526e-01	1.1545e-01	4.7093e-02
3.4639e-01	4.1345e-01	2.8309e-02	3.4970e-01
5.1600e-01	2.2153e-01	3.7923e-02	4.3881e-01
4.4811e-01	1.6403e-01	4.6505e-01	9.3277e-02
1.6231e-01	2.0387e-01	1.2418e-01	3.5404e-01
1.7584e-02	5.6476e-01	1.3469e-03	6.8587e-01
3.2441e-01	4.0413e-01	2.5508e-01	1.4908e-01
2.9303e-01	4.3363e-01	2.2955e-01	1.9454e-01
9.0953e-01	3.9307e-02	2.6662e-01	4.2558e-03
8.3995e-02	4.8246e-01	3.7331e-01	2.6460e-01
3.3938e-01	1.0748e-01	5.7233e-01	1.6789e-01
5.8201e-01	6.4387e-02	1.0466e-01	5.1315e-01
2.0016e-01	3.1867e-01	2.4687e-02	5.3866e-01
3.5398e-01	5.7324e-01	7.8250e-02	2.5777e-01
2.2712e-01	2.1482e-02	1.4143e-01	7.2200e-01
8.2678e-02	4.5838e-01	4.2849e-01	2.3398e-01
2.0565e-02	3.8681e-01	8.1528e-01	3.1908e-02
2.2731e-01	2.2547e-01	2.6583e-01	1.9132e-01
1.2346e-01	1.3103e-01	1.2000e-01	3.8739e-01
2.0699e-01	2.8656e-01	2.7465e-01	1.9200e-01
3.2218e-01	2.8559e-01	3.7466e-01	5.6988e-02
1.8509e-01	3.3396e-01	5.1993e-01	3.4288e-02
2.1755e-01	2.2453e-01	2.6536e-02	5.7569e-01
1.1020e-01	5.3310e-01	4.0656e-01	1.9381e-01
6.6532e-02	4.9155e-01	4.7017e-01	2.0731e-01
2.8871e-01	2.8570e-01	1.4631e-01	2.9145e-01
1.7251e-01	3.1319e-02	3.6439e-01	5.0542e-01
7.4815e-02	4.9429e-01	5.0067e-01	1.7144e-01
6.6451e-01	3.8206e-02	3.3120e-01	2.5589e-01
3.5727e-01	3.7537e-01	2.4797e-01	1.4974e-01
1.3639e-01	1.4699e-01	3.8545e-01	2.3276e-01
2.4334e-01	2.6952e-01	4.8074e-02	4.5960e-01
2.5865e-02	2.1061e-01	2.3238e-01	5.5955e-01
3.2040e-01	3.5977e-01	2.9749e-01	1.1126e-01
2.7660e-02	2.1801e-01	3.2025e-01	4.8006e-01
4.1471e-01	1.9911e-01	4.8495e-01	4.6204e-03
3.6015e-01	5.4246e-02	5.1620e-01	2.6428e-01
3.1777e-01	1.9350e-01	3.5694e-01	1.6587e-01
8.5813e-02	2.1897e-01	2.6403e-01	3.1909e-01
4.7867e-01	5.5796e-01	9.0784e-02	1.3321e-01
2.3649e-01	2.5141e-01	2.5421e-01	1.9411e-01
3.9351e-01	9.7450e-02	3.8561e-01	2.6056e-01
5.3922e-01	4.8675e-01	1.0583e-01	1.2797e-01
1.8613e-01	1.9380e-01	2.1830e-01	2.2243e-01
6.9938e-01	4.0320e-02	1.4360e-01	4.1701e-01
3.7567e-01	3.4435e-01	1.7296e-01	2.3818e-01
4.5523e-01	2.9926e-02	5.4354e-01	2.0147e-01
8.9056e-01	6.8793e-02	7.2468e-02	2.6589e-01
1.4517e-01	1.1503e-01	1.9380e-01	2.6537e-01
5.0627e-01	7.9603e-02	6.9170e-02	5.9051e-01
9.6420e-02	3.2902e-01	5.5934e-01	2.0259e-01
2.4329e-02	4.4819e-01	3.2255e-01	3.6392e-01
6.9526e-01	3.3010e-01	5.6500e-03	2.5654e-01
1.8847e-01	2.2321e-01	1.4398e-01	3.0406e-01
1.4786e-01	1.4755e-01	2.9397e-01	2.2629e-01
2.5097e-01	1.1954e-01	3.9938e-01	2.4407e-01
2.0428e-01	1.4279e-01	4.4037e-01	2.0446e-01
1.8352e-01	2.7029e-01	3.6215e-01	1.6328e-01
4.6627e-01	9.7132e-02	3.6127e-01	2.6376e-01
7.6369e-02	5.5434e-01	5.2567e-01	9.1039e-02
3.7654e-02	4.6085e-01	4.3749e-02	7.4593e-01
3.0375e-01	2.9256e-01	1.1704e-01	3.2307e-01
1.3586e-01	1.8492e-01	3.9684e-01	2.1757e-01
4.1488e-01	1.9259e-01	4.2933e-02	5.0530e-01
3.1074e-01	7.0101e-02	3.6634e-01	3.1929e-01
2.8186e-01	2.1708e-01	3.2403e-01	1.6259e-01
8.9775e-02	1.5015e-01	3.9581e-01	2.9680e-01
1.0246e-01	1.1721e-01	1.5790e-01	3.0411e-01
4.5134e-01	4.7213e-01	2.3941e-01	2.9321e-02
2.0818e-01	3.8603e-02	2.3596e-01	5.0652e-01
5.6356e-02	1.8532e-01	2.6533e-01	4.2350e-01
3.2056e-01	7.8685e-02	3.6093e-01	3.0733e-01
2.2078e-01	3.3398e-01	4.4417e-01	4.5413e-02
4.6038e-01	8.3592e-02	3.8943e-01	2.5659e-01
2.2838e-01	2.3612e-01	2.2044e-01	2.1990e-01
3.1410e-01	3.2297e-01	3.2374e-01	9.7121e-02
3.3954e-01	1.0040e-01	4.2803e-01	2.4900e-01
3.5885e-01	3.8538e-01	1.4624e-02	3.6220e-01
2.4534e-01	2.8089e-01	1.1189e-01	3.4454e-01
1.6061e-03	3.0784e-01	3.3147e-01	4.3351e-01
4.1210e-02	1.4802e-02	7.4713e-01	3.3555e-01
2.4077e-02	2.6345e-01	2.8709e-01	4.5838e-01
5.7016e-01	7.0019e-02	9.6222e-02	5.2451e-01
4.5170e-01	5.8990e-02	5.6191e-01	1.5876e-01
2.8939e-01	1.9048e-02	7.0265e-01	2.7838e-01
1.3108e-01	7.7750e-02	2.6609e-01	3.5054e-01
3.6007e-01	3.8244e-01	3.3412e-01	7.0948e-03
5.9562e-01	6.5838e-03	1.5837e-01	4.8871e-01
5.6621e-02	3.4534e-02	5.9576e-01	3.4116e-01
2.7500e-01	3.4735e-01	2.6426e-01	1.7131e-01
8.5172e-02	1.1278e-01	1.9016e-01	3.2490e-01
7.6022e-01	9.8884e-02	5.3614e-02	3.9646e-01
1.7140e-01	1.6592e-01	5.0526e-01	1.6728e-01
1.6082e-01	1.1584e-01	2.2622e-01	2.5962e-01
4.0413e-01	2.9942e-01	1.3593e-01	2.9590e-01
1.3763e-01	1.1380e-01	3.3499e-01	2.6405e-01
4.8757e-01	3.4669e-01	2.1413e-03	3.4535e-01
1.6150e-01	1.8062e-01	1.9873e-01	2.3543e-01
4.6118e-01	3.3380e-01	9.1163e-02	3.0545e-01
1.5964e-01	1.5265e-01	1.5283e-01	2.8278e-01
1.1941e-01	1.1680e-01	2.5927e-01	2.6135e-01
1.0612e-01	1.1627e-01	1.8122e-01	2.7736e-01
2.8416e-01	4.8655e-01	3.2899e-01	6.4846e-02
6.2646e-01	7.0217e-02	2.9592e-01	2.9486e-01
7.5783e-01	3.4479e-01	1.5861e-01	1.6904e-02
8.3044e-02	5.8862e-01	1.8509e-01	4.2219e-01
3.6396e-01	4.8284e-01	1.0128e-01	2.6405e-01
1.3270e-01	3.9726e-01	3.9589e-01	2.0666e-01
2.2988e-01	1.4505e-01	3.9870e-01	2.0743e-01
6.0581e-01	8.9357e-02	4.4683e-01	1.1177e-01
5.6374e-01	1.0110e-02	2.7258e-01	3.8164e-01
2.9276e-01	3.7947e-01	2.2889e-01	1.9759e-01
2.2745e-02	8.1919e-01	1.2032e-01	3.7915e-01
1.1811e-01	3.3703e-02	4.8259e-01	4.8162e-01
6.1844e-02	1.5098e-01	2.0173e-01	4.4957e-01
9.0534e-02	4.8432e-01	4.0363e-01	2.3446e-01
1.9784e-01	4.5949e-01	4.1312e-01	8.5607e-02
1.1807e-01	1.1474e-01	2.5273e-01	2.6366e-01
2.0530e-02	4.6832e-01	1.8758e-01	5.1915e-01
2.8433e-01	2.2249e-01	3.5409e-01	1.3987e-01
5.5565e-02	1.8528e-01	5.1444e-01	3.6586e-01
4.4689e-01	9.1035e-02	3.7685e-01	2.6206e-01
4.8387e-01	5.9147e-01	1.3487e-01	2.7374e-02
6.0800e-01	4.2021e-02	3.7936e-01	2.3582e-01
3.6933e-01	6.4309e-02	1.3563e-01	5.9874e-01
2.2525e-01	1.9107e-01	2.8878e-01	1.9320e-01
0.0000e+00	5.2989e-01	5.8788e-01	1.3640e-01
4.9651e-01	4.2408e-01	2.2319e-01	7.4803e-02
2.3424e-01	3.0022e-01	2.4335e-01	2.0449e-01
5.0153e-01	3.4280e-01	1.9378e-01	1.9259e-01
3.3058e-02	6.6757e-02	4.6445e-01	4.3656e-01
2.5014e-01	5.2292e-01	1.3307e-01	3.2204e-01
1.5400e-01	1.8492e-01	1.2886e-01	3.3956e-01
1.7746e-01	2.1455e-01	1.4690e-01	2.9978e-01
6.9928e-02	2.8496e-01	1.8495e-01	4.7338e-01
4.8254e-01	6.7019e-01	1.9717e-02	5.9034e-02
6.1700e-01	2.5067e-01	1.3641e-02	3.8162e-01
1.7719e-01	1.0819e-01	2.2939e-01	2.7875e-01
7.0177e-01	2.2237e-01	1.9468e-01	2.2478e-01
1.4532e-01	2.4278e-01	3.7594e-01	2.0250e-01
1.0375e-02	3.2170e-01	3.7378e-01	3.9550e-01
1.1874e-01	1.8620e-01	1.5389e-01	3.2267e-01
1.4523e-01	1.4825e-01	1.6380e-01	2.6496e-01
6.0582e-02	5.4218e-01	5.9017e-01	3.2984e-02
4.4761e-01	2.4854e-02	1.0380e-01	6.5874e-01
2.1035e-01	3.1185e-01	3.0490e-01	1.7313e-01
5.3997e-02	1.2246e-01	6.9245e-01	2.6396e-01
3.5874e-01	3.6258e-01	2.5143e-01	1.5005e-01
5.8316e-01	3.6377e-03	4.2798e-02	6.1311e-01
1.6760e-01	2.7284e-01	4.8718e-01	1.2508e-01
1.4390e-01	1.3463e-01	4.4231e-01	2.3079e-01
2.0577e-01	2.9776e-01	1.2458e-01	3.4968e-01
1.9161e-01	1.2728e-01	7.0374e-01	5.2344e-02
2.3937e-01	2.4115e-01	4.0551e-01	1.0739e-01
1.7326e-01	1.6052e-01	1.0531e-01	4.2446e-01
4.5476e-01	4.1276e-01	5.5808e-03	3.0831e-01
2.8270e-01	3.5949e-01	3.3275e-01	9.2696e-02
7.4293e-02	3.1608e-01	3.6511e-01	3.1061e-01
1.4763e-01	2.6512e-01	5.2462e-01	1.4208e-01
1.0548e-01	1.1108e-01	2.1663e-01	2.7570e-01
2.5296e-01	1.2605e-01	5.6297e-01	1.7715e-01
1.5386e-01	5.4179e-01	4.4529e-02	5.0577e-01
4.3040e-02	2.8417e-01	3.8226e-01	3.6946e-01
4.3446e-01	9.3293e-02	4.8715e-01	1.8698e-01
1.5285e-03	5.6538e-01	5.8130e-01	9.6568e-02
5.1012e-01	2.2072e-03	5.9404e-01	1.1959e-01
2.9115e-01	1.7370e-01	4.4705e-01	1.4274e-01
2.5315e-01	2.3832e-01	1.2465e-01	3.3140e-01
3.9346e-01	3.9224e-01	2.8332e-02	3.3471e-01
2.7287e-01	4.1055e-01	3.2851e-01	9.7429e-02
1.5590e-02	4.1162e-01	2.5750e-01	4.4104e-01
5.7327e-01	2.5260e-01	3.2881e-02	3.8873e-01
5.6104e-01	1.2627e-01	4.7873e-02	5.1861e-01
2.1598e-01	1.5077e-01	2.5204e-01	2.3302e-01
3.1025e-01	3.9141e-01	3.1231e-01	8.8404e-02
2.9115e-01	1.3708e-01	3.6908e-01	2.2570e-01
6.1814e-01	5.1942e-01	2.9235e-02	5.8884e-02
2.6239e-01	4.2690e-01	2.9010e-01	1.5215e-01
1.1289e-01	1.6872e-01	4.1988e-01	2.4962e-01
2.1896e-01	4.7905e-01	4.2841e-01	4.3401e-03
1.0739e-01	1.2348e-01	4.9212e-01	2.5288e-01
4.6640e-01	7.7697e-02	5.3993e-01	1.4028e-01
3.3522e-01	1.4712e-01	3.6938e-01	2.1380e-01
6.8836e-02	3.2032e-01	4.8787e-01	2.8329e-01
1.2789e-01	1.7623e-01	1.9900e-01	2.5065e-01
1.1065e-01	6.8353e-02	3.2767e-01	3.8008e-01
2.3855e-01	4.2328e-01	4.1389e-01	1.4694e-02
2.7292e-01	4.4689e-01	1.5961e-02	4.0700e-01
2.8972e-01	1.7920e-01	2.4508e-02	6.1242e-01
1.0828e-01	1.2171e-01	1.5978e-01	2.9070e-01
1.6346e-01	1.8093e-01	1.3569e-01	3.1646e-01
7.7014e-02	5.4358e-01	5.6447e-01	4.3079e-02
4.5763e-01	6.7009e-01	2.8841e-02	9.8720e-02
4.5296e-01	2.4610e-02	5.8186e-01	1.7921e-01
2.0418e-01	1.4730e-01	2.3899e-01	2.3675e-01
3.0648e-01	4.7293e-01	2.6938e-01	1.3156e-01
2.7714e-01	8.1334e-02	2.5187e-01	3.6033e-01
1.4391e-01	4.5268e-01	3.5953e-02	5.7724e-01
4.7450e-01	2.0430e-01	4.5065e-01	1.1047e-02
2.8744e-01	2.1148e-01	3.3270e-01	1.6190e-01
6.8666e-01	1.7991e-01	2.9548e-01	1.5988e-01
2.3814e-02	2.7721e-01	3.7928e-01	4.0819e-01
3.4751e-02	5.6566e-01	6.0739e-01	1.4662e-03
2.6185e-01	5.4063e-02	3.5934e-01	3.6379e-01
4.9665e-01	2.9402e-01	3.0227e-01	1.0379e-01
1.1957e-01	4.8769e-01	4.5634e-01	1.5408e-01
6.8550e-02	9.9770e-02	1.9504e-01	4.1703e-01
4.7727e-01	5.1680e-01	6.4562e-02	1.9098e-01
6.3966e-02	1.2823e-01	8.9706e-02	6.2510e-01
1.0394e-02	4.9571e-01	6.7171e-01	7.1043e-02
3.6854e-01	4.5003e-01	1.6114e-01	2.1660e-01
7.6344e-02	1.6593e-01	2.4797e-01	3.4426e-01
4.5282e-01	6.4243e-02	3.8592e-01	2.7923e-01
1.3177e-01	2.5902e-02	4.9631e-01	5.0406e-01
5.3345e-02	3.8840e-01	4.4681e-01	2.8554e-01
2.4070e-01	2.6053e-01	1.2539e-01	3.2663e-01
3.9714e-01	4.8191e-01	1.4830e-01	1.9915e-01
2.8369e-01	6.6070e-02	3.0845e-01	3.5262e-01
1.7465e-02	6.3965e-01	1.9126e-01	4.4108e-01
5.5918e-02	1.6370e-01	3.4964e-01	4.1240e-01
1.2082e-01	1.5153e-01	2.9213e-01	2.4389e-01
7.9394e-02	7.2873e-01	1.6738e-01	3.7467e-01
2.5066e-01	2.6631e-01	2.0506e-01	2.3204e-01
2.1660e-01	2.4966e-01	3.0911e-01	1.6683e-01
4.8774e-01	1.1376e-03	5.0570e-01	2.2479e-01
7.0612e-02	1.3789e-01	4.0032e-01	3.4753e-01
8.3777e-02	1.3085e-01	2.8397e-01	3.1466e-01
2.4866e-01	2.9667e-01	3.7983e-01	9.0142e-02
5.3018e-01	5.8539e-01	7.3742e-02	4.3511e-02
1.4340e-01	2.3163e-01	3.3129e-01	2.1367e-01
8.7478e-02	8.0307e-02	1.3123e-01	4.4270e-01
1.5593e-01	2.5807e-01	3.1722e-01	2.0641e-01
5.0184e-01	5.2320e-01	3.3819e-02	1.8553e-01
2.7916e-01	2.2914e-01	7.5522e-02	4.2538e-01
1.7233e-01	9.8484e-02	5.4417e-01	2.5439e-01
7.7577e-02	2.5729e-01	2.8609e-01	3.3532e-01
2.0391e-01	3.7078e-01	3.8527e-01	1.2105e-01
3.7872e-01	2.8135e-01	2.6763e-01	1.7210e-01
2.6604e-01	5.9802e-01	1.0302e-01	3.1599e-01
3.3446e-02	2.2520e-01	2.7607e-01	4.7657e-01
1.3040e-01	3.3750e-01	6.4332e-03	7.2510e-01
3.0412e-01	3.3761e-02	3.2718e-01	3.8781e-01
4.2994e-02	7.1001e-01	3.7875e-01	1.8580e-01
1.5395e-01	4.7141e-01	3.0947e-02	5.5386e-01
2.3384e-01	3.7081e-01	7.5266e-02	4.0333e-01
1.1129e-01	2.0635e-01	3.6695e-01	2.5449e-01
2.0532e-01	6.5344e-01	3.7171e-01	2.7526e-02
1.4124e-01	4.4027e-01	9.4427e-02	5.0736e-01
5.9606e-01	3.6730e-01	6.7262e-02	2.4547e-01
1.8150e-01	1.7782e-01	3.7460e-01	1.8802e-01
4.4789e-01	4.1828e-01	2.7128e-01	2.7870e-02
4.0848e-02	7.9429e-01	3.8205e-01	8.8976e-02
3.0547e-01	3.7172e-01	3.3829e-01	6.1542e-02
3.4781e-01	4.7552e-01	6.3887e-02	3.0595e-01
3.7056e-02	3.4049e-01	6.5803e-01	2.4366e-01
5.4584e-01	1.1108e-01	5.2120e-01	1.5537e-02
1.4164e-01	9.8067e-02	2.2088e-01	2.8894e-01
3.8606e-01	5.2559e-01	6.7622e-02	2.5706e-01
9.9880e-03	3.7675e-01	1.1885e-01	7.3123e-01
7.5903e-01	2.2833e-01	1.8494e-01	1.7818e-01
1.6596e-01	1.8568e-01	2.4891e-01	2.1304e-01
4.7900e-01	2.3618e-01	3.9209e-01	5.1274e-02
5.6545e-02	2.6993e-01	3.2251e-01	3.6580e-01
2.1564e-01	1.4015e-01	2.9110e-01	2.3249e-01
8.9705e-02	3.2673e-01	4.0816e-01	2.7188e-01
1.4267e-01	1.3110e-01	1.4405e-01	3.0557e-01
7.2988e-01	1.2520e-01	2.5544e-02	4.1729e-01
9.7756e-03	4.4282e-01	3.0280e-02	8.2031e-01
3.6047e-01	2.2957e-01	1.0031e-01	3.8807e-01
3.6956e-01	4.7473e-01	3.6677e-02	3.0878e-01
1.3149e-01	4.0335e-01	1.1222e-01	5.0320e-01
2.3245e-01	1.2826e-01	6.9144e-01	6.0076e-02
2.4494e-01	1.1742e-01	3.4645e-01	2.5736e-01
1.0288e-01	1.0895e-01	6.8697e-01	1.3767e-01
3.0039e-01	2.3766e-01	4.6540e-01	1.7269e-02
2.1639e-02	5.4406e-01	1.9603e-01	4.7601e-01
6.3868e-01	4.5199e-02	9.3649e-02	4.9793e-01
4.7891e-01	6.0271e-02	5.1869e-01	1.7036e-01
1.8519e-01	2.4592e-01	3.9858e-01	1.5064e-01
2.8756e-01	8.4591e-02	2.7581e-01	3.3917e-01
2.3983e-01	3.0860e-01	7.7970e-02	3.9776e-01
3.8095e-01	4.4211e-01	2.5711e-01	9.3517e-02
8.9319e-02	1.7570e-01	5.6130e-01	2.5745e-01
3.2686e-01	2.7899e-01	1.3121e-01	3.1120e-01
2.5703e-01	8.4254e-01	7.9328e-02	1.8071e-01
5.8959e-01	4.8728e-01	7.3607e-02	1.0781e-01
7.9851e-01	6.8411e-02	1.6072e-02	3.9947e-01
9.6724e-02	4.1656e-01	5.1168e-02	6.7820e-01
3.6635e-01	3.1599e-01	2.0012e-01	2.2328e-01
4.3598e-01	3.7571e-01	1.5654e-01	2.2548e-01
2.1239e-01	5.4566e-01	3.3928e-01	1.3656e-01
2.8564e-01	3.9437e-01	1.9724e-01	2.3355e-01
1.5614e-01	2.4857e-01	3.1532e-01	2.0551e-01
1.0318e-01	4.1546e-01	4.0493e-01	2.3647e-01
3.2203e-01	3.5766e-01	1.7578e-01	2.4308e-01
5.1995e-02	7.0145e-01	1.3350e-02	5.2332e-01
8.4657e-02	3.2414e-02	4.5508e-01	4.9483e-01
4.6825e-01	4.1863e-02	3.1777e-01	3.4607e-01
3.6179e-02	3.9716e-01	3.1444e-01	3.6953e-01
4.6978e-02	1.8399e-01	3.4775e-01	4.3811e-01
1.5666e-01	1.5838e-01	1.6576e-01	2.6275e-01
1.3769e-01	1.3482e-01	2.2179e-01	2.3869e-01
6.2344e-01	4.2826e-01	1.3471e-01	8.7818e-02
2.0038e-01	3.9305e-01	4.2971e-01	7.9759e-02
6.2488e-01	2.1124e-01	4.9286e-02	3.9720e-01
4.9859e-02	3.5016e-01	1.8726e-01	5.1653e-01
5.9097e-01	4.9654e-01	6.7349e-02	9.8973e-02
5.3687e-02	9.5004e-01	1.0401e-01	2.3206e-01
2.9403e-01	4.6277e-01	3.3171e-01	5.3202e-02
2.8753e-01	4.8680e-02	3.2398e-01	3.7358e-01
2.3196e-01	4.9504e-01	5.5884e-02	4.1234e-01
3.9554e-01	4.9691e-02	4.6301e-01	2.7163e-01
1.5967e-01	6.4974e-02	3.5034e-01	3.8602e-01
4.5265e-01	2.0497e-01	8.6591e-03	5.0398e-01
3.7333e-01	4.2884e-01	1.9719e-01	1.8250e-01
1.3390e-01	3.1394e-01	6.6393e-01	1.2728e-02
2.6960e-01	2.4751e-01	2.7597e-01	1.7785e-01
1.9182e-01	7.3761e-02	3.4782e-01	3.4879e-01
2.1347e-01	1.9215e-01	3.0720e-01	1.8629e-01
2.6931e-01	5.5422e-02	8.2268e-01	1.0221e-01
2.3933e-01	4.9207e-01	3.3268e-01	1.2090e-01
3.6812e-01	4.3475e-01	1.7872e-01	2.0348e-01
1.0887e-01	3.7579e-01	5.0378e-01	1.8700e-01
2.1390e-01	4.4301e-03	4.2693e-01	4.8967e-01
6.3530e-03	3.8302e-01	3.5499e-01	3.7622e-01
2.4176e-01	3.8445e-01	2.9771e-03	4.6843e-01
3.9474e-01	5.4922e-01	9.7724e-02	2.1617e-01
2.0991e-01	7.6499e-02	1.9142e-01	4.2656e-01
1.3422e-01	1.4191e-01	1.9108e-01	2.4519e-01
3.9012e-01	3.4792e-01	1.4762e-01	2.5939e-01
6.6768e-02	5.0610e-01	2.0355e-01	4.3917e-01
2.0214e-01	3.5998e-01	3.3647e-01	1.6230e-01
2.6484e-01	2.9985e-01	2.6253e-01	1.7880e-01
2.1218e-01	3.6865e-02	5.2652e-01	3.9640e-01
4.4556e-01	2.1777e-01	9.9777e-02	4.0302e-01
2.7460e-01	1.5777e-01	3.1327e-01	2.1951e-01
3.1920e-01	4.4042e-02	2.7181e-01	4.0676e-01
2.9898e-01	1.2519e-01	6.5745e-01	7.9041e-02
4.7873e-01	9.1945e-02	4.1707e-01	2.2080e-01
1.3826e-01	1.5070e-01	2.9398e-01	2.2959e-01
3.5364e-01	4.7190e-01	3.4540e-02	3.2211e-01
9.4933e-02	1.1375e-01	3.3615e-01	2.9600e-01
7.0388e-02	1.4864e-01	4.0789e-01	3.4815e-01
5.7793e-02	8.5137e-02	6.0340e-01	2.7846e-01
1.7091e-01	1.5635e-01	1.3692e-01	3.1893e-01
2.2350e-01	8.6297e-01	1.5000e-01	1.3199e-01
3.7063e-01	1.7289e-01	4.7597e-01	1.0173e-01
6.9916e-02	3.1933e-01	5.7804e-01	2.4823e-01
2.0156e-01	8.3968e-02	2.1414e-01	3.6335e-01
3.4773e-03	1.7097e-01	2.0753e-01	7.0839e-01
6.9933e-01	1.4288e-02	9.3269e-02	4.6970e-01
3.6710e-01	4.7841e-01	2.2235e-01	1.3793e-01
2.0938e-03	2.1322e-01	2.5919e-01	6.0126e-01
6.5110e-02	1.1119e-01	4.1012e-01	3.5670e-01
1.2028e-02	4.4387e-02	5.8385e-01	4.9200e-01
4.0874e-02	3.9988e-01	3.6984e-01	3.2991e-01
9.8563e-02	1.7856e-02	6.3422e-01	4.6432e-01
3.6660e-02	8.7377e-02	3.2700e-01	5.6277e-01
2.8485e-01	2.2788e-01	3.7981e-01	1.1817e-01
5.1410e-02	1.3442e-01	5.3407e-01	3.7263e-01
1.6842e-01	2.7081e-01	3.0382e-01	2.0140e-01
4.3119e-02	3.0783e-01	3.1917e-01	3.7931e-01
4.4079e-01	5.2864e-01	1.6221e-01	1.1878e-01
3.5920e-01	2.4552e-02	7.7676e-01	1.1190e-01
5.4533e-01	3.9432e-01	2.3938e-01	4.4112e-02
7.7830e-03	3.9525e-01	2.8326e-01	4.2440e-01
1.8089e-01	4.0796e-01	5.0087e-01	2.4588e-02
2.2964e-01	1.5985e-01	3.2786e-01	2.0545e-01
3.5440e-01	5.5679e-01	2.6519e-02	2.9633e-01
1.5944e-01	1.7978e-01	1.7268e-01	2.5693e-01
2.6115e-01	5.1679e-01	2.8434e-01	1.5253e-01
4.7961e-01	2.1785e-02	1.1523e-01	6.1354e-01
9.4503e-01	1.1017e-01	6.2455e-02	1.5192e-01
2.0014e-01	4.5442e-01	4.3828e-02	4.7263e-01
8.6294e-02	1.6700e-01	2.8128e-01	3.0747e-01
3.0286e-01	8.3601e-01	2.2158e-02	1.6244e-01
1.0428e-01	8.7992e-02	2.9743e-01	3.2013e-01
2.8201e-01	3.6093e-01	3.3922e-01	8.4915e-02
6.9246e-03	8.7147e-02	1.0000e+00	1.2975e-01
2.8422e-01	3.0430e-01	1.1650e-01	3.2409e-01
2.9335e-01	2.4453e-01	1.1369e-01	3.4885e-01
3.7197e-01	6.2388e-01	1.2568e-01	1.7375e-01
1.9917e-02	6.4038e-01	4.4743e-01	1.7222e-01
4.4873e-01	2.7436e-01	3.0160e-01	1.3712e-01
9.1124e-03	8.6140e-01	1.9054e-01	2.8810e-01
5.2462e-01	4.3948e-01	1.2768e-01	1.6560e-01
2.5907e-01	4.3969e-01	3.4641e-02	4.0928e-01
2.8262e-01	3.9347e-01	3.0136e-01	1.2427e-01
3.8184e-02	2.6439e-01	7.5134e-01	2.4214e-01
2.7493e-02	2.5485e-01	3.3392e-01	4.3424e-01
4.2392e-01	2.4072e-01	4.2299e-01	8.5349e-03
2.4994e-01	3.6341e-01	3.0760e-02	4.3815e-01
2.2017e-01	2.1075e-01	2.8290e-01	1.8712e-01
5.2058e-01	3.9661e-01	1.6799e-01	1.6507e-01
6.0457e-02	4.4568e-01	3.7306e-01	2.9657e-01
2.6196e-01	2.3134e-01	6.4645e-02	4.4887e-01
2.6708e-01	3.5628e-02	6.4502e-01	3.0795e-01
5.3241e-01	4.6056e-01	3.3402e-03	2.3190e-01
3.3559e-01	2.6775e-02	2.6483e-01	4.3420e-01
6.8450e-02	2.1727e-01	5.8483e-01	2.9764e-01
2.1489e-01	8.5817e-01	2.1136e-01	6.2099e-02
1.0286e-01	4.9774e-01	4.0460e-01	2.1604e-01
1.9569e-01	2.6527e-01	2.6244e-01	2.0211e-01
2.5118e-01	1.6872e-01	2.8421e-01	2.1536e-01
7.1201e-02	6.8014e-02	4.6846e-01	3.2833e-01
4.1112e-01	6.3381e-02	8.6309e-02	6.7286e-01
5.9337e-01	5.5785e-01	3.0282e-02	2.4750e-02
6.6324e-01	3.7237e-01	1.6656e-01	9.1955e-02
1.9772e-01	2.4076e-01	3.8538e-01	1.4622e-01
1.9188e-01	3.1098e-01	3.2624e-01	1.7468e-01
3.6008e-01	7.2614e-02	3.0762e-01	3.3856e-01
1.5220e-01	3.2157e-01	5.0336e-01	1.2873e-01
3.7259e-01	3.5742e-01	1.0086e-01	3.0293e-01
6.9961e-02	9.0806e-02	2.5211e-01	3.8859e-01
5.2514e-01	2.1811e-01	3.3238e-01	1.5012e-01
2.2487e-01	8.3981e-01	2.2107e-01	5.7524e-02
5.1461e-01	5.6583e-01	1.3803e-01	5.5977e-04
2.0976e-01	1.3928e-01	2.8304e-01	2.3381e-01
4.5227e-02	4.8854e-01	4.0266e-01	2.7761e-01
3.0786e-01	3.5841e-01	3.4043e-01	6.2191e-02
2.2784e-01	2.8986e-01	2.3013e-01	2.1625e-01
7.1308e-02	1.3058e-01	3.1611e-01	3.5677e-01
1.5693e-02	4.5085e-01	2.2270e-01	4.7702e-01
7.7752e-01	2.7716e-01	5.9033e-02	2.1461e-01
4.0609e-02	4.0062e-01	7.7520e-01	2.7974e-02
2.7117e-01	3.0162e-01	1.2499e-01	3.1727e-01
3.4828e-01	3.2076e-01	3.6096e-01	2.6456e-02
8.8352e-02	4.2241e-01	4.5577e-01	2.2393e-01
1.6338e-01	2.2506e-02	4.3843e-01	5.1587e-01
7.9861e-02	2.6168e-01	5.0719e-01	2.8388e-01
2.7535e-01	2.6633e-01	2.9711e-01	1.5537e-01
2.0683e-01	4.3953e-02	2.8003e-01	4.5224e-01
2.2936e-01	1.7933e-01	2.5967e-01	2.1276e-01
1.2744e-01	9.7485e-01	1.4736e-01	6.8985e-02
1.3560e-01	1.9113e-01	2.3121e-01	2.3578e-01
7.5811e-02	1.2554e-01	1.8998e-01	3.6858e-01
1.5180e-01	1.4304e-01	2.5962e-01	2.2824e-01
1.4477e-01	1.7389e-01	2.0646e-01	2.3501e-01
3.2522e-01	4.9315e-01	1.8862e-01	2.0719e-01
2.6244e-01	5.0608e-02	6.5688e-01	2.7863e-01
3.9085e-01	1.6158e-01	9.5381e-02	4.9007e-01
6.8020e-02	1.2065e-01	2.8661e-01	3.7667e-01
5.8398e-02	4.1226e-01	2.9812e-01	3.5644e-01
4.4639e-01	6.8090e-01	8.0692e-03	1.1926e-01
1.3659e-01	1.0248e-01	2.3020e-01	2.7705e-01
8.9290e-02	7.5190e-01	1.3128e-01	3.8272e-01
2.4309e-01	3.7914e-01	4.2954e-02	4.2984e-01
4.1779e-01	2.4335e-01	8.2605e-02	3.9503e-01
5.0562e-01	3.3327e-02	4.3706e-01	2.4388e-01
2.7860e-01	3.2210e-01	4.4063e-02	4.0987e-01
2.5934e-02	2.6763e-01	3.2713e-01	4.2907e-01
4.1391e-01	2.5289e-02	3.6973e-01	3.3457e-01
2.2918e-02	5.0901e-02	4.5679e-01	4.8741e-01
3.0486e-01	3.5836e-01	3.5545e-01	4.1287e-02
3.4010e-02	4.9912e-01	5.9735e-01	1.2778e-01
2.2955e-01	4.2705e-01	3.0830e-01	1.6394e-01
2.1379e-01	2.7585e-01	2.3212e-01	2.1706e-01
4.8659e-01	3.1301e-02	1.7531e-01	5.1017e-01
9.0081e-02	2.9412e-01	2.8019e-01	3.1900e-01
1.7215e-01	4.1968e-01	4.1302e-02	5.3306e-01
1.2667e-02	1.0869e-01	5.2922e-01	5.5915e-01
2.4949e-01	2.6685e-01	3.4274e-01	1.2930e-01
4.9721e-03	2.8191e-01	3.5864e-01	4.3940e-01
2.3181e-01	2.8998e-01	3.3290e-01	1.3980e-01
7.8496e-02	8.4350e-02	3.8740e-01	3.3291e-01
3.9754e-01	1.6695e-01	1.0324e-01	4.6819e-01
4.1116e-01	4.4229e-01	2.5207e-01	7.6290e-02
2.6474e-01	5.1138e-01	2.8735e-01	1.4557e-01
2.0811e-01	1.6962e-01	2.4893e-01	2.1804e-01
7.4821e-02	6.0357e-01	9.7976e-02	5.1263e-01
2.8394e-02	4.8879e-01	6.5315e-01	8.3250e-02
1.9697e-01	6.6049e-02	5.6499e-01	3.2250e-01
1.2164e-01	1.4850e-01	1.8468e-01	2.5502e-01
1.8763e-01	9.7442e-04	7.8450e-01	3.4819e-01
2.2557e-01	3.3484e-01	1.1756e-01	3.5218e-01
1.4750e-01	1.5807e-01	2.5068e-01	2.2338e-01
5.7472e-01	5.2509e-01	3.2462e-02	1.0900e-01
5.2248e-01	9.6968e-02	1.2854e-01	4.9087e-01
1.0005e-01	2.7133e-01	4.6314e-01	2.5317e-01
3.3500e-01	1.6928e-01	3.2555e-01	2.1257e-01
4.9350e-02	1.3400e-01	4.5194e-01	4.1398e-01
3.5817e-01	3.3850e-01	1.3393e-02	3.8723e-01
3.1787e-01	6.3934e-01	7.7200e-02	2.6585e-01
1.8073e-01	7.5849e-02	1.8013e-01	4.3445e-01
8.7623e-03	1.0180e-01	6.8722e-01	4.6698e-01
5.0553e-01	6.1078e-02	2.9610e-01	3.4297e-01
9.0584e-02	6.0164e-01	5.1755e-01	1.4819e-02
1.9052e-01	1.7409e-01	2.2630e-01	2.2221e-01
5.5878e-01	3.8661e-02	1.0681e-01	5.4742e-01
2.3441e-02	4.6253e-01	6.5429e-01	1.2840e-01
4.7224e-01	2.5544e-01	3.1138e-01	1.4269e-01
5.3796e-02	3.9235e-01	3.7008e-01	3.1812e-01
2.7921e-02	6.6806e-01	4.8872e-01	7.5149e-02
1.7029e-01	5.9016e-01	5.0825e-02	4.5896e-01
4.8243e-01	6.0170e-01	6.1375e-02	1.1186e-01
4.0440e-02	4.8888e-01	3.9536e-01	2.8664e-01
4.2211e-01	4.9466e-01	1.4802e-01	1.7472e-01
4.7415e-01	3.1463e-01	1.3835e-02	3.7067e-01
4.7261e-01	2.8970e-02	3.8583e-01	3.0069e-01
1.2273e-02	4.5573e-01	2.3719e-01	4.5917e-01
1.3784e-01	4.9303e-02	2.4907e-01	5.1783e-01
6.7176e-01	3.6422e-01	5.0763e-02	2.1022e-01
1.9036e-01	2.9592e-01	1.7050e-02	5.8307e-01
2.9607e-01	3.0565e-01	1.0230e-01	3.3802e-01
2.4454e-01	5.2115e-02	3.8699e-01	3.7144e-01
5.1633e-01	3.5714e-01	1.9279e-01	1.7577e-01
5.7482e-01	8.9933e-02	2.8667e-01	3.1119e-01
7.0269e-01	4.1202e-02	1.1540e-01	4.3675e-01
2.0520e-01	6.1310e-01	2.0187e-02	4.2960e-01
4.5359e-02	1.2662e-01	3.5984e-01	4.7713e-01
3.6394e-01	2.2704e-01	4.3683e-01	4.4140e-02
1.8484e-01	5.1976e-01	8.8600e-02	4.3365e-01
4.8967e-02	1.5127e-01	2.6679e-01	4.8911e-01
1.9859e-01	2.6240e-01	1.1623e-01	3.6134e-01
4.2698e-01	6.8499e-01	1.0070e-01	6.1014e-02
8.6362e-02	4.8980e-01	5.4437e-03	6.8188e-01
2.9006e-01	1.9395e-01	3.4271e-01	1.7185e-01
2.7209e-01	9.5723e-02	6.1359e-01	2.0514e-01
2.9614e-01	3.5664e-01	3.3027e-01	8.6165e-02
3.7948e-01	3.4010e-01	3.0800e-01	8.1028e-02
6.0556e-01	7.8500e-02	4.3621e-01	1.3953e-01
9.0298e-02	3.1894e-01	4.0562e-01	2.7343e-01
3.2250e-01	3.1883e-01	1.1251e-01	3.1706e-01
2.5320e-01	4.0258e-01	3.5369e-03	4.4798e-01
2.0876e-01	2.0216e-01	3.0315e-01	1.8360e-01
4.2164e-02	2.2363e-01	4.4083e-01	4.0146e-01
2.2025e-01	7.4009e-01	1.2790e-01	2.7654e-01
3.0774e-02	2.9614e-01	1.5790e-02	9.6975e-01
1.4825e-01	5.4638e-02	3.8751e-01	4.2213e-01
7.1384e-02	4.1610e-01	3.5719e-01	3.0110e-01
3.1345e-01	2.8368e-01	1.9716e-01	2.3800e-01
2.8056e-01	3.9015e-01	3.3074e-01	9.0307e-02
3.1914e-01	1.4649e-01	3.7038e-01	2.1376e-01
5.7269e-01	2.3179e-01	3.6613e-01	5.3886e-02
2.8464e-01	3.8933e-01	2.7109e-01	1.5720e-01
2.8413e-01	2.8156e-01	2.9130e-01	1.5372e-01
7.9364e-02	1.9931e-01	2.9829e-01	3.2753e-01
5.1841e-02	5.4876e-04	5.9646e-01	6.1047e-01
1.3573e-01	7.0672e-02	2.2208e-01	3.9939e-01
4.2788e-01	5.8356e-01	1.5065e-01	1.0409e-01
1.8514e-01	4.1661e-01	4.5854e-01	6.8065e-02
1.0000e+00	1.9104e-02	7.4941e-02	8.9427e-02
6.8555e-01	2.9422e-01	1.7521e-01	1.7435e-01
1.3415e-02	3.2833e-01	3.3398e-01	4.0517e-01
4.6898e-01	2.8773e-02	4.2689e-01	2.7342e-01
8.2843e-02	1.6759e-01	2.5978e-01	3.1911e-01
4.6547e-02	1.2482e-01	3.5768e-01	4.7116e-01
3.8826e-01	1.2748e-01	3.9706e-01	2.1936e-01
2.9923e-01	5.9530e-02	3.2294e-01	3.5380e-01
4.9853e-01	5.1465e-02	4.7044e-01	2.0599e-01
6.2865e-01	2.1395e-02	2.1328e-01	4.0669e-01
7.3292e-01	2.1360e-01	2.2882e-01	1.6874e-01
7.0143e-01	1.1972e-01	8.5994e-02	4.0737e-01
1.3940e-01	1.1286e-01	1.8612e-01	2.7051e-01
4.2325e-01	4.4051e-01	1.3195e-01	2.1875e-01
2.5701e-01	4.6722e-01	5.4658e-02	3.9083e-01
9.6525e-01	8.7242e-02	9.9393e-02	9.3523e-02
3.5112e-01	2.5551e-01	4.2438e-01	1.1348e-02
2.4791e-01	3.5935e-02	5.2223e-01	3.7053e-01
4.9783e-01	5.4952e-01	9.0394e-02	1.1980e-01
1.9211e-01	9.0993e-02	2.9751e-01	3.0842e-01
2.6396e-01	2.4864e-01	2.1439e-01	2.2577e-01
1.2812e-01	1.3986e-01	1.6646e-01	2.6503e-01
2.9907e-01	3.2710e-01	2.4135e-01	1.8697e-01
3.3742e-01	1.9118e-02	3.9076e-01	3.6163e-01
2.0954e-01	4.3479e-01	1.0211e-01	3.9886e-01
2.2326e-01	2.4920e-01	3.5012e-01	1.4309e-01
2.1097e-01	2.0126e-01	2.1553e-01	2.2535e-01
8.4187e-02	1.8356e-02	6.8289e-01	4.2534e-01
2.1165e-01	2.4880e-01	2.6839e-01	1.9047e-01
2.5042e-01	3.1912e-01	1.1086e-01	3.4296e-01
5.4253e-02	7.8833e-02	6.6579e-01	2.3732e-01
2.3103e-01	1.9248e-01	5.5667e-01	5.6892e-02
1.2241e-01	1.3640e-01	3.3654e-01	2.5093e-01
3.1298e-01	4.4031e-01	7.1709e-02	3.3305e-01
3.9703e-01	3.2697e-01	2.9515e-01	1.0452e-01
3.4842e-01	3.1651e-01	4.8098e-03	4.1140e-01
4.5145e-01	6.6214e-02	5.5263e-01	1.5778e-01
4.2871e-01	3.5982e-01	2.4401e-01	1.3914e-01
3.6501e-01	4.7559e-01	6.7856e-02	2.9120e-01
1.7855e-01	2.2867e-01	1.1044e-01	3.8541e-01
5.4539e-01	6.3244e-02	2.9729e-01	3.2995e-01
3.0385e-01	8.1196e-03	5.0457e-01	3.6289e-01
1.2973e-01	9.3403e-02	1.3619e-01	4.0572e-01
3.7584e-01	2.4356e-01	2.9100e-01	1.7673e-01
3.8305e-02	2.2957e-01	2.1392e-01	5.2288e-01
2.5760e-01	2.9893e-01	3.3910e-01	1.1817e-01
5.1951e-01	4.0969e-01	2.4898e-01	2.1026e-02
1.0574e-01	1.8201e-01	2.2808e-01	2.7203e-01
5.3882e-02	4.5021e-01	8.1097e-02	6.7604e-01
2.1492e-01	5.0039e-01	3.6929e-01	1.0477e-01
2.9200e-01	2.7189e-01	4.3378e-01	1.0000e-02
3.6687e-01	4.4942e-01	1.8741e-01	1.9018e-01
5.0756e-01	2.5629e-01	6.9003e-02	3.8118e-01
2.4202e-01	3.0556e-03	3.8625e-01	4.6413e-01
4.2579e-01	2.2377e-02	4.1114e-01	3.0770e-01
3.6078e-02	1.6039e-01	3.7837e-01	4.9724e-01
4.5984e-01	2.5771e-01	6.1800e-02	3.9480e-01
1.4794e-01	8.7952e-02	2.3871e-01	3.1680e-01
1.5020e-01	5.2774e-01	4.2774e-01	1.2047e-01
1.4792e-01	4.6772e-01	6.9231e-02	5.2175e-01
2.6596e-01	2.7124e-01	0.0000e+00	5.0706e-01
4.0135e-01	4.0635e-01	1.9355e-01	1.8236e-01
2.5432e-01	2.6855e-01	2.3213e-01	2.0804e-01
6.4628e-02	8.7767e-02	4.4200e-01	3.3918e-01
1.0756e-01	3.5041e-01	2.6740e-02	7.4557e-01
3.7469e-01	2.2671e-01	4.2030e-01	6.2763e-02
1.1941e-01	6.4973e-01	2.6005e-02	4.9717e-01
7.3976e-04	3.6255e-01	7.3474e-01	2.1144e-01
4.6160e-01	1.3003e-01	5.6032e-01	1.7439e-02
1.2195e-01	4.7692e-01	5.4830e-01	5.3332e-02
6.9276e-03	5.8857e-01	4.3402e-02	6.3405e-01
3.0943e-01	4.8838e-02	1.6982e-01	5.6910e-01
8.4436e-02	5.2745e-01	3.7776e-01	2.4867e-01
3.0147e-01	2.3632e-01	8.4231e-02	4.0111e-01
6.8709e-02	3.2534e-01	2.6987e-01	3.6583e-01
3.9862e-01	3.0637e-01	3.4709e-01	4.4553e-02
2.1863e-01	9.0370e-01	1.9942e-02	1.9374e-01
3.4811e-01	4.1052e-01	1.8584e-02	3.5572e-01
6.1864e-01	1.7993e-01	5.0953e-02	4.2967e-01
1.8365e-01	2.6710e-01	2.7720e-01	2.0132e-01
5.2686e-01	5.0111e-01	1.7859e-01	1.1855e-02
2.8426e-01	1.8371e-01	9.7133e-02	4.4286e-01
8.9995e-02	7.1238e-01	2.5631e-01	2.9087e-01
2.9039e-01	3.3243e-01	1.0985e-02	4.2957e-01
2.5681e-01	3.3914e-01	1.1421e-01	3.3563e-01
3.0647e-01	1.2435e-01	4.2287e-01	2.2389e-01
7.3191e-02	3.9396e-01	4.0645e-01	2.7768e-01
8.1336e-02	2.8020e-01	1.7911e-01	4.5234e-01
4.4549e-01	2.6298e-01	3.1324e-01	1.3520e-01
4.5964e-02	2.5379e-01	2.6336e-01	4.2719e-01
1.6242e-01	5.0329e-02	2.0089e-01	5.2881e-01
2.0664e-01	2.9129e-02	3.6694e-01	4.6391e-01
1.8176e-01	1.8385e-01	6.0090e-02	5.7034e-01
2.6484e-01	5.6911e-01	3.4475e-01	2.8661e-02
1.9398e-01	3.2109e-01	5.1520e-01	2.4153e-02
2.4590e-01	2.2218e-01	1.1865e-01	3.4758e-01
2.6726e-01	7.8652e-01	1.6049e-01	1.4931e-01
2.3116e-01	2.3117e-01	2.3621e-01	2.0880e-01
2.5504e-01	6.4372e-01	2.0125e-02	3.6337e-01
2.9754e-01	3.9125e-01	1.4133e-01	2.8433e-01
3.0099e-01	4.5550e-01	2.4557e-01	1.6874e-01
2.4103e-01	4.5149e-01	3.2884e-01	1.2851e-01
1.1558e-01	3.0292e-01	3.7800e-01	2.4450e-01
3.8950e-01	1.0659e-01	1.1831e-02	7.2940e-01
3.7932e-01	1.2282e-01	2.5218e-04	7.1761e-01
5.7925e-01	5.7614e-01	3.5924e-03	4.1974e-02
2.9351e-01	3.6759e-01	1.8535e-01	2.4213e-01
5.0327e-01	5.4041e-02	5.4312e-01	1.3100e-01
3.3182e-01	4.4911e-01	3.2100e-01	2.3966e-02
5.6858e-02	4.3833e-01	1.3769e-01	5.7567e-01
2.6909e-01	2.5864e-01	1.5262e-01	2.8893e-01
2.1194e-01	3.5016e-01	4.0165e-01	9.8323e-02
1.7692e-02	5.4572e-01	8.1870e-02	6.2615e-01
4.5838e-02	1.5995e-01	3.5703e-01	4.5918e-01
2.5571e-01	3.9289e-01	3.4934e-01	9.2574e-02
7.6604e-02	5.8196e-01	3.8613e-01	2.2803e-01
1.5389e-01	1.5871e-01	4.8246e-01	1.9397e-01
2.7930e-01	2.6216e-01	4.3288e-01	3.6881e-02
2.6863e-01	7.1986e-02	1.1451e-01	6.7039e-01
1.3394e-01	1.3537e-01	1.7326e-01	2.5829e-01
4.8561e-01	7.6239e-02	2.5375e-01	3.7608e-01
7.5722e-01	2.8385e-01	4.1363e-02	2.3828e-01
1.3267e-01	9.2779e-02	2.3756e-01	2.9998e-01
2.9043e-01	4.1034e-01	1.2809e-02	4.0098e-01
1.3243e-01	1.7990e-01	8.2542e-02	5.4934e-01
2.5277e-01	8.3210e-01	2.0303e-01	4.7406e-02
2.8234e-01	2.9883e-01	1.9056e-01	2.4250e-01
5.5439e-01	2.6173e-01	3.2464e-01	9.0652e-02
2.7432e-01	3.1213e-01	2.3142e-01	2.0362e-01
9.7732e-02	1.1358e-01	5.5797e-01	2.4019e-01
1.9046e-02	4.4852e-01	6.3891e-01	1.6648e-01
1.8069e-01	1.6212e-01	1.7692e-01	2.5698e-01
4.9517e-01	4.1072e-01	2.2135e-01	9.4354e-02
1.0915e-01	1.6033e-01	2.6600e-01	2.5718e-01
2.7795e-01	3.5627e-01	1.8420e-01	2.4949e-01
5.6234e-03	3.7878e-01	3.9356e-01	3.5987e-01
1.7539e-01	6.1086e-03	3.7288e-01	5.8037e-01
6.2079e-01	3.6449e-01	2.4377e-01	7.7862e-03
3.9283e-01	1.3537e-01	1.8270e-03	6.7635e-01
1.8254e-01	7.2400e-02	2.6838e-01	3.6700e-01
2.8076e-01	2.5487e-01	1.5242e-02	4.9469e-01
2.7962e-01	2.5714e-01	2.0778e-01	2.3176e-01
3.3426e-01	2.4742e-01	3.2149e-02	4.5772e-01
1.2843e-01	1.7504e-01	1.5790e-01	2.9022e-01
1.7530e-01	7.3848e-01	3.3037e-01	8.0839e-02
3.4850e-01	3.5267e-01	2.1331e-01	1.9864e-01
2.4996e-01	2.6611e-01	3.7978e-01	1.0325e-01
3.4312e-01	5.0581e-01	2.9757e-01	2.3019e-02
1.9840e-01	3.4819e-01	3.9123e-01	1.2528e-01
2.5464e-01	9.5958e-02	4.5032e-01	2.7328e-01
3.2147e-01	2.6603e-02	6.0836e-01	2.8919e-01
3.3340e-01	4.6016e-02	3.6197e-01	3.4551e-01
2.5644e-01	2.6919e-01	8.0674e-02	3.9304e-01
4.0016e-01	4.5532e-01	1.4306e-02	3.0938e-01
6.1687e-03	6.7886e-01	5.2140e-01	1.0112e-02
7.4303e-02	1.2018e-01	4.3986e-01	3.2425e-01
1.7143e-01	1.4127e-01	3.0564e-01	2.2559e-01
3.3520e-01	4.0704e-01	2.4201e-01	1.5773e-01
2.6969e-02	6.8660e-01	4.7134e-01	8.2856e-02
2.2979e-01	3.6184e-01	6.4116e-02	4.2274e-01
5.0984e-02	2.2509e-01	6.4377e-01	3.1009e-01
8.2513e-03	1.7625e-01	6.5779e-01	4.3688e-01
2.4373e-01	1.9639e-01	3.0998e-01	1.8234e-01
3.6577e-01	4.0257e-01	1.3091e-01	2.6163e-01
3.6656e-01	2.8991e-01	3.6324e-01	5.0685e-02
2.5027e-01	5.4333e-01	6.2013e-02	3.7751e-01
2.5503e-01	2.2389e-01	2.9739e-01	1.7352e-01
2.1791e-01	4.6203e-01	4.2024e-01	3.3676e-02
2.6944e-01	2.9356e-01	2.3913e-01	1.9855e-01
6.6910e-01	1.9205e-01	3.0012e-01	1.5269e-01
4.1400e-01	2.1952e-01	4.0616e-01	8.1868e-02
1.9528e-01	1.6729e-01	2.0881e-01	2.3544e-01
1.4110e-01	1.7856e-01	1.2759e-01	3.5209e-01
1.7307e-01	2.0261e-01	2.6320e-01	2.0557e-01
2.9762e-01	2.2246e-01	3.0744e-01	1.7048e-01
9.1698e-02	1.4245e-01	1.5092e-01	3.5969e-01
4.7232e-01	1.1913e-01	8.8655e-02	5.3776e-01
1.9663e-03	3.2001e-01	9.0569e-01	3.1372e-02
3.9367e-01	4.9329e-01	1.7112e-01	1.7239e-01
1.4163e-01	2.0067e-01	1.5462e-01	3.0124e-01
7.4051e-01	3.9684e-01	6.9562e-02	6.6816e-02
8.9821e-02	5.4142e-01	6.4691e-02	5.7088e-01
3.5554e-01	5.2646e-02	3.6799e-01	3.2823e-01
6.1014e-01	7.0308e-03	4.2532e-01	2.0623e-01
6.2189e-02	4.3294e-01	6.2516e-01	1.3570e-01
2.3404e-01	2.9571e-01	4.6715e-01	1.4936e-02
3.8201e-01	5.2499e-01	4.1436e-02	2.7735e-01
3.2957e-01	2.9096e-01	1.9194e-02	4.2741e-01
1.8491e-01	3.8387e-02	4.6820e-01	4.3212e-01
6.9673e-03	4.0258e-01	2.8941e-01	4.1732e-01
5.6594e-01	7.6968e-03	5.3879e-01	1.1072e-01
4.6762e-01	1.3937e-01	3.8741e-01	1.9767e-01
3.0677e-01	3.2627e-01	3.1763e-01	1.0601e-01
7.4616e-01	1.9129e-01	2.3720e-01	1.7121e-01
3.7415e-02	5.4355e-01	4.5828e-01	2.1484e-01
6.8481e-02	1.7352e-01	2.4644e-01	3.7878e-01
7.3859e-01	5.0342e-02	3.6762e-01	1.3240e-01
2.1028e-01	2.0526e-01	2.4458e-01	2.0710e-01
1.2470e-01	1.2280e-01	1.1826e-01	3.9985e-01
4.0602e-01	6.0988e-02	3.5397e-01	3.1520e-01
3.2072e-01	5.4177e-01	9.4513e-02	2.8666e-01
3.0065e-01	2.9302e-01	2.6771e-01	1.6874e-01
2.0021e-01	4.5092e-01	4.2181e-01	7.2495e-02
1.9694e-01	4.5054e-01	4.0830e-01	9.5679e-02
1.1990e-01	1.1213e-01	3.7301e-01	2.7313e-01
6.3392e-01	8.7942e-02	3.8962e-01	1.6958e-01
3.0273e-01	2.2275e-02	5.0394e-01	3.4874e-01
2.8230e-01	5.6375e-01	2.6930e-01	1.3546e-01
4.0806e-01	3.8547e-01	2.5149e-01	1.1903e-01
2.6145e-01	2.4804e-01	4.8726e-01	4.0632e-03
5.9503e-01	1.7805e-02	4.3340e-01	2.0185e-01
5.4911e-01	2.3188e-01	3.9288e-01	1.1813e-02
4.5243e-01	2.4880e-01	3.4655e-01	1.0879e-01
2.3437e-01	6.0612e-01	3.1903e-01	1.1139e-01
3.5164e-01	3.8660e-01	3.5168e-02	3.5205e-01
4.1464e-01	1.8926e-01	3.8276e-01	1.4984e-01
4.1123e-01	4.0595e-01	2.9913e-01	1.2842e-02
7.3959e-02	6.2627e-02	3.7962e-01	3.7344e-01
6.1329e-01	5.0202e-02	8.3049e-02	5.2186e-01
2.3349e-01	3.0681e-01	1.2919e-01	3.2637e-01
1.5029e-01	1.0728e-01	9.4335e-02	5.4699e-01
9.4135e-02	1.3496e-01	2.1904e-01	2.8536e-01
8.8397e-02	5.9748e-01	6.6647e-02	5.3237e-01
2.6927e-01	1.7569e-01	3.3504e-01	1.9124e-01
8.0080e-02	3.3802e-01	3.2133e-01	3.1700e-01
2.8709e-01	2.7548e-01	3.1545e-01	1.3510e-01
2.2811e-01	2.6783e-01	1.3384e-02	5.3897e-01
3.5916e-02	4.4778e-03	3.7566e-01	8.3975e-01
3.7513e-01	2.8843e-01	3.8633e-01	6.8898e-03
1.6572e-01	3.0621e-01	8.7650e-02	4.8474e-01
3.3970e-01	6.1048e-01	1.0911e-01	2.3186e-01
3.9889e-01	8.1990e-02	4.0629e-01	2.6493e-01
1.9145e-01	4.4826e-01	4.0682e-01	1.0693e-01
2.0160e-01	1.9294e-01	4.6426e-01	1.3996e-01
1.6994e-01	3.2854e-01	5.5721e-01	3.3550e-02
1.5769e-01	3.7722e-01	5.0009e-01	9.8912e-02
5.2916e-01	4.8105e-01	1.3916e-01	1.0543e-01
3.2392e-01	2.5393e-01	2.6114e-01	1.9080e-01
2.5043e-01	4.5783e-01	1.0561e-02	4.3273e-01
2.1489e-01	5.7065e-02	3.3946e-01	3.8608e-01
1.8186e-01	1.0438e-01	9.8997e-02	5.7537e-01
2.7858e-01	2.3589e-01	3.3350e-01	1.4383e-01
2.9746e-01	6.7115e-02	6.8983e-01	1.9617e-01
1.5938e-01	8.6540e-01	2.5775e-01	6.0272e-02
2.0605e-01	3.3426e-01	3.7330e-01	1.3037e-01
3.4310e-01	1.2150e-01	4.3421e-01	2.1622e-01
3.9035e-01	2.9451e-01	8.0934e-02	3.5329e-01
1.7251e-02	4.2396e-01	2.9159e-01	4.0131e-01
4.8150e-02	2.8513e-01	3.7797e-01	3.6092e-01
1.1951e-01	4.7583e-01	8.0352e-02	5.4995e-01
1.0137e-01	5.0534e-01	3.0266e-02	6.1908e-01
3.2667e-01	2.4002e-01	1.8707e-02	4.8635e-01
4.6113e-01	3.6204e-01	1.5403e-01	2.2983e-01
7.5004e-02	4.1179e-02	7.9487e-01	1.6826e-01
4.3735e-01	7.0580e-02	5.1652e-01	1.9209e-01
4.7546e-01	3.8795e-01	1.5851e-01	2.0232e-01
7.4126e-01	3.4594e-01	1.7111e-01	2.2751e-02
2.8991e-01	3.3458e-01	3.7628e-01	3.7572e-02
3.7644e-01	4.6250e-01	2.2787e-01	1.2971e-01
3.9695e-01	5.3104e-01	4.6221e-02	2.5977e-01
1.0568e-01	6.9936e-01	3.1731e-01	2.1740e-01
1.7979e-01	1.7769e-01	4.1857e-01	1.8015e-01
5.0294e-01	2.9902e-01	5.5598e-02	3.5134e-01
2.2328e-01	4.9337e-01	3.1867e-01	1.5771e-01
3.0792e-01	3.3275e-01	3.6943e-01	3.1999e-02
5.6064e-01	4.1970e-01	1.3670e-01	1.5210e-01
1.6593e-02	2.5606e-01	3.7577e-01	4.4185e-01
1.3606e-01	4.3273e-01	4.0507e-01	1.9096e-01
5.2874e-02	5.0971e-01	5.4388e-01	1.4712e-01
3.2863e-01	5.5901e-01	2.3382e-01	1.2964e-01
2.4935e-01	1.8676e-01	2.6912e-01	2.0839e-01
3.9033e-01	1.4785e-01	4.7725e-01	1.3635e-01
3.4813e-01	2.8380e-01	8.2993e-02	3.6265e-01
2.5185e-01	3.1801e-01	2.3223e-01	2.0960e-01
2.8982e-01	2.2912e-01	2.6109e-01	1.9844e-01
1.1330e-01	8.4787e-03	1.8059e-01	7.9158e-01
7.0693e-02	3.0738e-01	2.9290e-01	3.4641e-01
7.6264e-02	5.5533e-01	4.3628e-01	1.9186e-01
1.3940e-01	2.7006e-01	8.6304e-02	5.4917e-01
2.4023e-01	3.6378e-01	7.4262e-02	3.9820e-01
3.3657e-01	1.5833e-01	5.0348e-01	1.2006e-01
4.3846e-01	7.1467e-01	8.5123e-02	4.3969e-03
3.6166e-01	3.7538e-01	1.5342e-01	2.4988e-01
2.2575e-01	2.2127e-01	1.0478e-01	3.7642e-01
1.1049e-01	1.3502e-01	1.2741e-01	3.7226e-01
3.7926e-01	3.2408e-01	6.4292e-02	3.5034e-01
2.1987e-01	2.0780e-01	1.0336e-01	3.8829e-01
5.3489e-02	4.1890e-01	2.2117e-01	4.4402e-01
2.0675e-01	3.5498e-01	3.9723e-02	4.9087e-01
3.7459e-02	3.5957e-01	6.4411e-01	2.3379e-01
1.1741e-01	1.0133e-01	1.9650e-01	2.8483e-01
3.5092e-01	5.2232e-02	3.7457e-01	3.2713e-01
4.6258e-01	3.4494e-01	3.0446e-01	4.4625e-02
4.0020e-01	3.5756e-01	2.1381e-01	1.8422e-01
7.5205e-01	1.4485e-01	5.4456e-02	3.6908e-01
1.9338e-01	9.3892e-02	3.3387e-01	2.9972e-01
6.3796e-01	1.7962e-01	5.7790e-02	4.1513e-01
2.6905e-01	8.2220e-01	2.0975e-01	1.1375e-02
5.4205e-03	4.8733e-01	4.9276e-01	2.4878e-01
5.8306e-01	4.3178e-02	2.3686e-01	3.9136e-01
3.9923e-01	1.8257e-01	9.5689e-02	4.5554e-01
2.4543e-01	1.3258e-01	4.3654e-01	2.1561e-01
5.9535e-01	7.9420e-02	3.1845e-01	2.7920e-01
2.8676e-01	6.7236e-01	1.9689e-01	1.7316e-01
3.1426e-01	3.5614e-01	2.1531e-01	2.0505e-01
1.6529e-01	2.0640e-01	3.4952e-01	1.9042e-01
7.2039e-01	3.1802e-01	1.8652e-01	8.8684e-02
2.0170e-01	4.3057e-02	5.4115e-01	3.8503e-01
8.8797e-01	1.1268e-02	1.9171e-01	1.9857e-01
1.5299e-01	2.1117e-01	4.0530e-01	1.9054e-01
3.3785e-01	6.3719e-01	1.5175e-01	1.8031e-01
3.9868e-01	4.6540e-01	2.6142e-01	5.3143e-02
2.0131e-01	2.1899e-01	2.4896e-01	2.0376e-01
1.7048e-01	3.4385e-01	4.7569e-01	1.0626e-01
4.6381e-01	3.2368e-04	6.9603e-01	6.3171e-02
2.2886e-01	4.2944e-01	7.9590e-02	4.0177e-01
4.4299e-01	3.8182e-01	2.8636e-01	4.4942e-02
2.0518e-01	2.1385e-01	1.4140e-01	3.0511e-01
7.7875e-02	1.8408e-01	3.7933e-01	3.2792e-01
1.2667e-01	1.9710e-01	2.8304e-01	2.3648e-01
5.3053e-01	3.7316e-02	3.2520e-01	3.2602e-01
3.3345e-01	3.6534e-01	1.2447e-02	3.8567e-01
4.5054e-01	7.6501e-02	2.3983e-01	3.9477e-01
9.6360e-01	8.3066e-02	1.2903e-01	6.3770e-02
1.4582e-01	1.0882e-01	1.7114e-01	2.9464e-01
4.3489e-01	2.9303e-01	8.2612e-03	4.0353e-01
3.8788e-01	2.6914e-01	1.7886e-03	4.4435e-01
8.9223e-02	5.4427e-02	4.5455e-01	3.7931e-01
2.5969e-01	3.0525e-01	2.1375e-01	2.2348e-01
3.5200e-01	3.4590e-01	2.9373e-01	1.0777e-01
5.9906e-01	2.4415e-01	1.2416e-02	3.9724e-01
1.0090e-01	3.5411e-02	2.7259e-01	6.3538e-01
1.5895e-01	2.0611e-01	2.0580e-01	2.3781e-01
1.0677e-01	4.2348e-01	4.6321e-01	1.9416e-01
2.1993e-01	8.2809e-01	1.4024e-01	1.9118e-01
1.2016e-01	1.3318e-01	1.9772e-01	2.5104e-01
1.5526e-02	3.4323e-01	8.9767e-02	8.1707e-01
6.0488e-03	2.9544e-01	2.1442e-02	1.0000e+00
5.5111e-02	6.2931e-01	5.2469e-01	2.3175e-02
3.1630e-01	7.6182e-02	2.4672e-01	3.8135e-01
6.1553e-02	4.6533e-01	4.0331e-01	2.7032e-01
1.0466e-01	2.1025e-01	4.5276e-01	2.5618e-01
2.4100e-01	1.4986e-01	3.0040e-01	2.2512e-01
4.2641e-01	4.7301e-01	5.6591e-02	2.6033e-01
1.2410e-01	2.2245e-01	7.0354e-01	3.7563e-02
2.1025e-01	3.6399e-01	3.4843e-02	4.8910e-01
3.0621e-01	2.2539e-02	1.8346e-01	5.8960e-01
1.0978e-01	1.2157e-01	2.1468e-01	2.6244e-01
3.6491e-01	2.9213e-01	6.2076e-02	3.7629e-01
2.9719e-01	3.4800e-03	3.7500e-01	4.0956e-01
4.1869e-01	3.9737e-01	2.2119e-01	1.4693e-01
1.4336e-01	1.1350e-01	2.9409e-01	2.6083e-01
7.7973e-01	3.7915e-01	8.2875e-02	1.0396e-02
4.2356e-01	1.6934e-01	8.6256e-02	4.8488e-01
5.5961e-01	4.8013e-01	1.2597e-01	9.1772e-02
1.9496e-01	4.8062e-01	7.6331e-03	5.0302e-01
3.2964e-02	1.7057e-01	2.5998e-01	5.6237e-01
3.0995e-01	8.6157e-02	5.4892e-01	2.3586e-01
4.8445e-01	2.9706e-01	1.2009e-01	3.0575e-01
3.8727e-01	3.7879e-01	7.9099e-02	3.0760e-01
5.1200e-01	8.9358e-02	4.8052e-01	1.4745e-01
8.3639e-02	1.9835e-01	3.1048e-01	3.1501e-01
5.3780e-01	2.4219e-01	3.7577e-01	3.7931e-02
4.4985e-01	3.5570e-02	2.8968e-01	3.7978e-01
3.7134e-01	5.6469e-02	2.1378e-01	4.5687e-01
4.4123e-01	3.4635e-01	2.6636e-01	1.1592e-01
3.8280e-01	4.5754e-01	6.6379e-02	2.8726e-01
3.7059e-01	1.1575e-01	5.8008e-01	1.2350e-01
4.0147e-01	3.8426e-01	1.3851e-01	2.4868e-01
9.0131e-01	9.3344e-02	2.3656e-01	3.1360e-02
2.8787e-01	2.4342e-01	3.0321e-01	1.6002e-01
2.0189e-01	2.7611e-01	2.9329e-01	1.8237e-01
1.5461e-01	3.8576e-01	3.7126e-01	1.9431e-01
2.8213e-01	1.4306e-01	6.0417e-01	9.7173e-02
3.4882e-01	4.6571e-01	2.8201e-01	7.0765e-02
3.9736e-01	3.8623e-01	2.5842e-01	1.1378e-01
3.4276e-01	2.5442e-01	4.1354e-01	3.5437e-02
1.8639e-01	1.7886e-01	6.2517e-02	5.6462e-01
1.8268e-01	2.5067e-01	1.2210e-01	3.5926e-01
5.0329e-01	4.2466e-01	2.4153e-01	3.0932e-02
2.8154e-01	2.9720e-01	1.2305e-01	3.1789e-01
8.2065e-01	2.8330e-01	7.8491e-02	1.3640e-01
1.0255e-01	3.4535e-01	5.4547e-01	1.9000e-01
1.9284e-02	6.4936e-01	3.3624e-01	2.8867e-01
3.1366e-01	1.9087e-01	1.0460e-01	4.2203e-01
2.9145e-01	1.3328e-01	5.3575e-01	1.6466e-01
2.1199e-01	3.6229e-02	3.7376e-01	4.3675e-01
1.2134e-01	6.4228e-01	4.4624e-01	5.0724e-02
3.4966e-01	7.4899e-02	5.7880e-01	2.1290e-01
1.9728e-01	4.6411e-01	6.7314e-02	4.5053e-01
4.1457e-01	5.5774e-01	6.2272e-02	2.2056e-01
3.2612e-01	4.4282e-01	7.4745e-03	3.6646e-01
1.5375e-01	1.0638e-01	1.7648e-01	3.0041e-01
1.9739e-01	1.9007e-01	1.8290e-02	6.5886e-01
3.8141e-01	4.3076e-01	1.5162e-01	2.2550e-01
5.7269e-01	6.3649e-02	2.6369e-01	3.5428e-01
7.8938e-01	1.8449e-01	1.6811e-01	2.1342e-01
1.2076e-01	1.5788e-01	1.4415e-01	3.1505e-01
1.3472e-01	1.6818e-01	1.9881e-01	2.4269e-01
4.8354e-02	1.0482e-01	5.6963e-02	7.3826e-01
5.7988e-02	1.5707e-01	5.2883e-01	3.5601e-01
4.2342e-01	1.6571e-01	3.6890e-02	5.5435e-01
1.6273e-01	1.9280e-01	2.7479e-01	2.0750e-01
5.7003e-01	3.6545e-03	5.6083e-01	7.5713e-02
2.1624e-03	5.7781e-01	4.8320e-01	1.9468e-01
2.1334e-01	2.2392e-01	1.5862e-02	6.0233e-01
3.0919e-01	3.4499e-01	2.1164e-04	4.1809e-01
5.6812e-01	1.8915e-01	1.1824e-01	3.9122e-01
6.0295e-02	5.7765e-02	4.3908e-01	3.5739e-01
1.7504e-01	1.4333e-01	1.1524e-01	4.0809e-01
3.6093e-01	1.3343e-01	4.2663e-01	1.9958e-01
3.6808e-01	4.1966e-02	4.1263e-01	3.1528e-01
9.6041e-02	9.1528e-01	1.6712e-01	1.8988e-01
1.8275e-01	1.9096e-01	1.4977e-01	2.8922e-01
2.1389e-02	5.0077e-01	2.3128e-01	4.4720e-01
6.0992e-01	1.9117e-01	2.9849e-01	1.9216e-01
7.2069e-01	2.4485e-01	2.9562e-01	1.2394e-02
8.0381e-02	8.9922e-02	3.6910e-01	3.3013e-01
1.0666e-01	2.5393e-01	5.1228e-01	2.3002e-01
1.9311e-01	3.9843e-01	4.5356e-01	6.4601e-02
2.5737e-01	5.1329e-01	3.0704e-02	3.9884e-01
2.0840e-01	6.6073e-02	3.4138e-01	3.6488e-01
2.1251e-01	3.3408e-01	2.9508e-01	1.8133e-01
1.8275e-01	1.5638e-01	3.3318e-02	6.8285e-01
1.0264e-01	4.6756e-01	4.8767e-01	1.6130e-01
1.7978e-01	8.2415e-01	2.1497e-01	1.6063e-01
4.8122e-02	1.7120e-01	4.0460e-01	4.2675e-01
2.7502e-01	2.4172e-02	2.5062e-01	4.7814e-01
5.0321e-01	7.9007e-02	5.0194e-01	1.4449e-01
2.0703e-01	2.8251e-01	4.0599e-01	1.1513e-01
1.9755e-01	2.1960e-01	1.9548e-01	2.3987e-01
4.3237e-02	4.0198e-01	2.6828e-01	4.0111e-01
5.0458e-01	4.6823e-01	5.5247e-02	2.1469e-01
3.1913e-01	2.7898e-01	2.1610e-01	2.2119e-01
8.4548e-02	2.9360e-01	3.2967e-01	3.0770e-01
1.6039e-02	4.6452e-01	1.7538e-01	5.4529e-01
1.6450e-01	7.2669e-01	2.9404e-01	1.6619e-01
5.3676e-01	5.4245e-02	5.5861e-01	6.8681e-02
2.6816e-01	2.8475e-01	3.3314e-01	1.2241e-01
1.5033e-01	3.2021e-01	8.7897e-02	5.2002e-01
4.7268e-01	1.8497e-01	2.0857e-02	5.1476e-01
8.6577e-03	3.7663e-01	6.1697e-01	2.6758e-01
1.6253e-01	9.6134e-01	9.5641e-02	1.1428e-01
8.1261e-02	2.6684e-02	5.0167e-01	4.9697e-01
8.7179e-02	4.3711e-01	5.0552e-01	1.8741e-01
3.5217e-01	1.1396e-01	4.8357e-01	2.0075e-01
2.4425e-01	1.7105e-01	3.3683e-02	6.3303e-01
5.5603e-01	4.8723e-01	1.6049e-01	2.9718e-02
3.7390e-01	9.6783e-02	1.1364e-01	5.8297e-01
8.2836e-02	4.8766e-01	4.4216e-01	2.1250e-01
3.7849e-01	3.7846e-01	1.7747e-01	2.1957e-01
4.4123e-01	6.2559e-01	9.5510e-02	1.1228e-01
9.4976e-02	1.2111e-01	2.0367e-01	2.8732e-01
4.0175e-02	2.1670e-01	5.3121e-01	3.8749e-01
3.4886e-01	6.1559e-01	5.9170e-02	2.5697e-01
2.6269e-01	8.8704e-02	6.9100e-01	1.6944e-01
2.7678e-02	6.0477e-01	3.4663e-01	2.9395e-01
1.2869e-01	4.0618e-01	4.1870e-01	1.9664e-01
2.2068e-01	2.1201e-01	1.9063e-01	2.4587e-01
5.1874e-01	1.7926e-01	3.9407e-01	1.2438e-01
4.1527e-01	1.8548e-01	5.0670e-01	4.3229e-03
2.9892e-02	6.9492e-02	3.3497e-01	5.9804e-01
1.7546e-01	3.7495e-01	2.4041e-02	5.6806e-01
1.8387e-02	3.9502e-01	4.3226e-01	3.2424e-01
5.6165e-02	6.0201e-02	3.7278e-01	3.9093e-01
3.3031e-01	2.5865e-01	1.4056e-01	3.1094e-01
4.5301e-01	1.7896e-01	4.6837e-01	5.6628e-02
4.1784e-01	6.3614e-01	1.1418e-01	1.1595e-01
5.2483e-01	3.4464e-01	2.8870e-01	3.9733e-02
1.8107e-01	2.5121e-01	2.6892e-01	2.0410e-01
2.4747e-01	5.4984e-01	2.9108e-01	1.5334e-01
3.1230e-01	5.0852e-01	2.8140e-01	9.8192e-02
2.2362e-01	2.0588e-01	1.1976e-01	3.5050e-01
8.7635e-01	3.0034e-01	3.2858e-02	3.5328e-02
3.9095e-02	8.1486e-02	3.6061e-01	5.0054e-01
4.0696e-01	3.9167e-01	1.3609e-01	2.4573e-01
1.0491e-01	1.7647e-01	2.4332e-01	2.6835e-01
7.7349e-02	1.9581e-01	3.2422e-01	3.3131e-01
1.1762e-01	1.7936e-01	2.1910e-01	2.5481e-01
3.2345e-01	4.3585e-01	3.0540e-01	7.1481e-02
1.5646e-01	1.5895e-01	2.3035e-01	2.2430e-01
3.2935e-01	2.0238e-01	8.9564e-02	4.3472e-01
1.7892e-01	5.7849e-01	3.5050e-01	1.5603e-01
3.0199e-01	3.0414e-01	4.0459e-01	4.0315e-03
2.4480e-01	3.2147e-01	4.2591e-01	3.3229e-02
3.6218e-01	3.7888e-01	3.1959e-01	4.0358e-02
5.4710e-02	7.2046e-01	3.3572e-01	2.2310e-01
7.0594e-02	2.7947e-01	1.8619e-01	4.6738e-01
2.0371e-01	1.8260e-01	2.1263e-01	2.3002e-01
4.5557e-01	2.6288e-02	4.8875e-01	2.4193e-01
3.2265e-01	3.8551e-01	2.4042e-01	1.7046e-01
2.4418e-01	4.4258e-01	1.1548e-01	3.4856e-01
2.7756e-01	5.3957e-01	2.9391e-01	1.1401e-01
6.7975e-01	2.3932e-01	7.1777e-02	3.2583e-01
3.4137e-01	8.2824e-02	3.6351e-01	2.9750e-01
3.0279e-02	1.7511e-01	5.4615e-01	4.3567e-01
1.1065e-01	7.4018e-01	2.6679e-03	4.5466e-01
1.5032e-01	3.3758e-01	5.3803e-01	1.0057e-01
4.0565e-01	3.1051e-02	5.2276e-01	2.5343e-01
1.2764e-01	1.1861e-01	2.0163e-01	2.5601e-01
2.9250e-01	8.4879e-01	3.4255e-02	1.5414e-01
2.9767e-01	2.6738e-01	2.2933e-01	2.1094e-01
1.3385e-01	1.1663e-01	1.1931e-01	4.0728e-01
1.7715e-01	5.0767e-01	4.5838e-01	3.5264e-02
2.3021e-01	1.3542e-01	3.1189e-01	2.3685e-01
6.3475e-02	4.5163e-01	1.2556e-01	5.8057e-01
3.8979e-01	3.8998e-01	1.1112e-01	2.7498e-01
4.3519e-01	9.3336e-02	7.2083e-02	6.2618e-01
1.9878e-01	4.6259e-01	4.3605e-01	4.9900e-02
3.0603e-01	3.4473e-01	1.8051e-01	2.4434e-01
4.4607e-01	1.3274e-01	1.2057e-03	6.3451e-01
1.2377e-01	5.6957e-02	3.4975e-01	4.2917e-01
1.2144e-01	1.8158e-01	2.5281e-01	2.4345e-01
6.5820e-02	2.0327e-01	3.5997e-01	3.6008e-01
1.3794e-01	4.3216e-01	5.8180e-01	2.5185e-03
4.9821e-01	1.4005e-02	1.6381e-01	5.3441e-01
2.2797e-01	7.5879e-01	4.8516e-02	3.1099e-01
1.3197e-01	1.2990e-01	2.5669e-01	2.4313e-01
4.4167e-01	2.9784e-01	2.4137e-02	3.8756e-01
5.5919e-01	1.2017e-01	4.7638e-01	6.7217e-02
6.6927e-02	1.9330e-01	3.1020e-01	3.6543e-01
1.7107e-01	2.7944e-01	1.1969e-01	3.9074e-01
4.8998e-01	5.3376e-01	1.3795e-02	1.9881e-01
1.2734e-02	3.4234e-01	2.9678e-01	4.2377e-01
4.8786e-01	3.8613e-01	2.3680e-01	1.0128e-01
1.4549e-01	3.1669e-01	5.8150e-01	8.3604e-02
4.7850e-01	4.5027e-01	2.1149e-01	8.0292e-02
4.0633e-01	2.0843e-01	4.2923e-01	7.4126e-02
6.3857e-02	6.6121e-01	2.0782e-01	3.8458e-01
3.3886e-01	1.8034e-01	6.1647e-02	5.2310e-01
3.9318e-01	5.7915e-01	1.8643e-01	1.0426e-01
1.1226e-01	4.5743e-01	4.7900e-01	1.5968e-01
3.4784e-01	2.4653e-02	2.6311e-01	4.3573e-01
1.1842e-01	1.1956e-01	2.4924e-01	2.5830e-01
1.2927e-01	1.4366e-01	2.3084e-01	2.3752e-01
1.9914e-02	3.3663e-01	2.0916e-01	5.3078e-01
3.9014e-01	1.4041e-01	5.6376e-01	6.8399e-02
2.9387e-01	2.6766e-01	3.0331e-01	1.4766e-01
2.4282e-01	3.2201e-01	4.2067e-01	4.2829e-02
6.7573e-01	3.5001e-01	1.1326e-01	1.7516e-01
2.2522e-01	1.5867e-01	5.0813e-01	1.5254e-01
5.9578e-01	1.2908e-01	4.5242e-01	5.4113e-02
6.9917e-01	2.6491e-01	1.1229e-01	2.5803e-01
3.2699e-01	6.9663e-01	2.3439e-01	2.2051e-02
1.6261e-01	3.5446e-01	5.4244e-01	5.6424e-02
2.6374e-01	4.3907e-01	3.4693e-01	7.7862e-02
4.2648e-01	4.9604e-02	5.1114e-01	2.2663e-01
1.6976e-01	1.9912e-01	1.8320e-01	2.4981e-01
1.5400e-01	1.3794e-01	1.6816e-01	2.6600e-01
2.0976e-01	3.8084e-01	3.1967e-01	1.6991e-01
3.8571e-01	4.8625e-01	1.2848e-01	2.2432e-01
1.9054e-01	2.4200e-01	1.9709e-01	2.4488e-01
2.8607e-01	3.4349e-01	3.0181e-01	1.2858e-01
1.7471e-02	3.1705e-02	4.0218e-01	5.2135e-01
7.2958e-02	1.1789e-01	7.7614e-01	8.2209e-02
1.7387e-02	3.5461e-01	5.0558e-01	3.2443e-01
3.0992e-01	3.5174e-01	3.7195e-01	9.3156e-03
2.7341e-01	3.6427e-01	2.9928e-01	1.3613e-01
1.8041e-01	1.6452e-01	1.4608e-01	2.9925e-01
2.8162e-01	2.6289e-01	2.6479e-01	1.8137e-01
2.5465e-01	2.1400e-01	9.1080e-02	4.1125e-01
1.2782e-01	1.9044e-01	1.5948e-01	3.0086e-01
2.1140e-01	1.8777e-01	1.9717e-01	2.4219e-01
2.5237e-01	2.7036e-01	2.2938e-01	2.1042e-01
2.1190e-01	2.0954e-01	2.0512e-01	2.3218e-01
1.2940e-01	6.2919e-01	4.5662e-01	2.7572e-02
2.0349e-01	4.7456e-01	3.9606e-02	4.6655e-01
1.2743e-02	7.1349e-01	4.3306e-01	1.2783e-01
1.7060e-01	1.1262e-01	2.5528e-01	2.6358e-01
4.4413e-01	4.3071e-01	1.0164e-02	3.0016e-01
3.8281e-01	5.2323e-01	8.6354e-02	2.4703e-01
3.5845e-01	3.7277e-01	1.3372e-01	2.7081e-01
3.1787e-01	4.3465e-02	2.7756e-01	4.0271e-01
4.3037e-02	9.3007e-01	1.9257e-01	1.8207e-01
3.7933e-01	4.7021e-01	2.1891e-01	1.3596e-01
3.5491e-01	2.5649e-01	3.6791e-01	8.7304e-02
3.1704e-01	5.6527e-02	5.1347e-01	2.9097e-01
3.0426e-01	3.5341e-01	1.2055e-01	3.0601e-01
3.7678e-01	4.4456e-02	5.5766e-01	2.4410e-01
1.9132e-01	3.3446e-01	3.7966e-01	1.4317e-01
3.3039e-02	1.8554e-01	3.8143e-01	4.8068e-01
3.1109e-01	3.4389e-01	3.1850e-01	9.5908e-02
3.2069e-01	4.5808e-01	8.6985e-02	3.1185e-01
8.6678e-02	5.5177e-01	3.2193e-01	2.9039e-01
2.2122e-01	4.3989e-01	3.7337e-01	1.0213e-01
1.1037e-02	5.2714e-01	1.8569e-01	5.0439e-01
1.7293e-01	2.1548e-01	1.5189e-01	2.9360e-01
8.6275e-02	2.7394e-01	2.9941e-01	3.1433e-01
5.9077e-01	1.6213e-01	4.0887e-01	8.3427e-02
3.6880e-02	6.1620e-03	6.0496e-01	5.4521e-01
4.7275e-01	1.2025e-01	4.7889e-01	1.3477e-01
8.1850e-02	3.0326e-01	3.6182e-01	3.0177e-01
8.9456e-02	1.2626e-01	3.2478e-01	3.0170e-01
3.2457e-01	2.1874e-01	3.3723e-01	1.5452e-01
5.9481e-02	4.4279e-01	1.6566e-01	5.1890e-01
9.2069e-01	2.0187e-01	1.5969e-02	1.2726e-01
8.3088e-04	3.1825e-01	3.6422e-01	4.1196e-01
2.1701e-01	6.5375e-03	4.1262e-01	4.8591e-01
6.2168e-02	4.2013e-01	3.1947e-01	3.3537e-01
1.3274e-01	8.7656e-02	2.1695e-01	3.1947e-01
4.1047e-01	3.3806e-01	3.0207e-01	8.0348e-02
4.8337e-01	4.4396e-01	2.4292e-01	1.9758e-02
4.4720e-01	2.2606e-01	5.2938e-02	4.3997e-01
3.6069e-02	4.2858e-01	3.6429e-01	3.2952e-01
4.0825e-02	4.1550e-02	3.6545e-01	4.4122e-01
2.3289e-02	6.7536e-01	4.9125e-01	6.4898e-02
5.2661e-01	7.6890e-02	2.2746e-01	3.9538e-01
1.9326e-01	1.8794e-01	2.3219e-01	2.1604e-01
2.3672e-01	7.5940e-02	4.0310e-01	3.2434e-01
4.4733e-01	2.0925e-01	4.4428e-01	3.0989e-02
1.2086e-01	6.7248e-02	8.4066e-01	1.2779e-03
2.5202e-01	3.2687e-01	9.5453e-02	3.6234e-01
2.0050e-01	7.3602e-02	2.6727e-01	3.6165e-01
1.1757e-01	5.6145e-02	2.5448e-01	4.8269e-01
2.8606e-01	5.1680e-01	3.3274e-01	4.2151e-02
8.7768e-02	1.7979e-01	4.8347e-01	2.8767e-01
2.2818e-01	1.8670e-01	5.8641e-01	3.6153e-02
1.2065e-01	4.7953e-01	5.7211e-01	1.2702e-02
5.1546e-01	1.0061e-01	4.9482e-01	1.1347e-01
2.0473e-01	5.7885e-02	7.1276e-01	2.5885e-01
4.2985e-01	3.1143e-01	2.4721e-01	1.7096e-01
1.0202e-01	9.0457e-02	1.8097e-01	3.3070e-01
8.8125e-02	2.9127e-01	3.4990e-01	2.9599e-01
1.4148e-02	6.1338e-01	1.5191e-01	4.9822e-01
6.4309e-02	3.7617e-01	1.5999e-01	5.4224e-01
8.7516e-02	3.7708e-01	4.0762e-01	2.6355e-01
4.4742e-01	3.2411e-01	1.5861e-01	2.5417e-01
6.8515e-01	2.7542e-01	3.3602e-02	3.0864e-01
3.3736e-02	3.0129e-01	4.2325e-01	3.6455e-01
2.5169e-01	2.9051e-01	3.2556e-01	1.3412e-01
1.8937e-01	8.0467e-02	3.4586e-01	3.3150e-01
2.1033e-01	2.0612e-01	5.2860e-01	8.0216e-02
3.1321e-01	2.8490e-01	2.6099e-01	1.7665e-01
1.1619e-01	1.1981e-01	1.6344e-01	2.8027e-01
5.6516e-02	2.4643e-01	3.2525e-01	3.7370e-01
3.9208e-01	2.5914e-01	4.0120e-01	2.5860e-02
1.9008e-02	5.6065e-01	2.3602e-01	4.2536e-01
1.8919e-02	4.4510e-01	1.7391e-01	5.5459e-01
3.0350e-01	4.1084e-01	1.3870e-01	2.8243e-01
5.1336e-02	4.0537e-01	2.3180e-01	4.3349e-01
8.1987e-02	1.6316e-01	1.0420e-01	5.7647e-01
5.9634e-01	6.1559e-02	1.6181e-01	4.5010e-01
2.9740e-02	6.7494e-02	4.5361e-01	4.7163e-01
3.0715e-01	4.0861e-01	1.5061e-01	2.6886e-01
1.7172e-01	1.1542e-01	1.1257e-01	4.7947e-01
1.7462e-01	6.5469e-01	8.3281e-02	4.0202e-01
4.1975e-01	1.0962e-01	3.7796e-01	2.4727e-01
1.1276e-01	1.5289e-01	2.2776e-01	2.5231e-01
1.4957e-01	1.6120e-01	3.1785e-01	2.1822e-01
2.6509e-02	4.0588e-01	3.7119e-01	3.4116e-01
3.1374e-01	2.1558e-01	3.7208e-01	1.3247e-01
4.5284e-01	6.6779e-03	2.2200e-01	4.7831e-01
3.4050e-01	3.0398e-01	1.2569e-01	3.0622e-01
1.0663e-01	1.5794e-01	6.6912e-01	1.4034e-01
4.0846e-01	3.0951e-01	9.3717e-02	3.2904e-01
1.0540e-01	1.6235e-01	2.0159e-01	2.7309e-01
1.3548e-01	3.5788e-01	3.6837e-02	6.5381e-01
6.2426e-01	1.4661e-02	3.6829e-01	2.5458e-01
1.5397e-01	4.6557e-01	7.8891e-02	5.0061e-01
5.1013e-01	3.2225e-01	2.3107e-01	1.6572e-01
7.3291e-01	8.5101e-02	3.0838e-01	1.9609e-01
2.4573e-01	6.2530e-03	3.1489e-01	4.8321e-01
2.5958e-01	3.6621e-01	1.3301e-01	3.1365e-01
1.8532e-01	1.6979e-01	2.7452e-01	2.0801e-01
2.3006e-03	4.5127e-01	5.0014e-01	2.7087e-01
4.3161e-01	1.2629e-01	2.3989e-02	6.3618e-01
1.7574e-01	6.5190e-02	2.5931e-01	4.0003e-01
3.9703e-01	7.0262e-01	1.3059e-01	5.5948e-02
5.3181e-01	1.4249e-02	5.8568e-01	8.6955e-02
3.4839e-01	2.1375e-01	4.4447e-01	6.5759e-02
4.6620e-01	2.5692e-01	3.6470e-01	6.6857e-02
3.2470e-01	6.2478e-02	5.8833e-01	2.4622e-01
2.6071e-01	7.5698e-01	1.6624e-01	1.8047e-01
3.4181e-01	3.9583e-01	2.7252e-01	1.1921e-01
1.5109e-02	5.2334e-02	3.9398e-01	6.7064e-01
2.4771e-01	3.3845e-01	2.6350e-02	4.5302e-01
4.7343e-02	5.6103e-01	4.9420e-01	1.5914e-01
1.3864e-01	1.0097e-01	4.3631e-01	2.7847e-01
4.7559e-01	3.4213e-01	1.3786e-01	2.5595e-01
1.1255e-01	6.1145e-01	3.5037e-01	2.1877e-01
2.4073e-01	6.4356e-01	3.0313e-01	1.0584e-01
2.5120e-01	3.9405e-02	3.4764e-01	4.0101e-01
3.5269e-01	2.5443e-01	2.6839e-01	1.8740e-01
4.3772e-01	4.2253e-01	2.1987e-01	1.2201e-01
8.5237e-02	4.0817e-01	3.7058e-01	2.7889e-01
6.6207e-01	3.4871e-01	2.1958e-01	4.5239e-02
1.3669e-01	2.7164e-01	4.5990e-01	1.8925e-01
3.9649e-03	2.9342e-01	3.3163e-01	4.4181e-01
4.0469e-02	4.8829e-01	2.3034e-02	7.3420e-01
4.9801e-01	5.9323e-01	3.9932e-02	1.1789e-01
2.2440e-01	1.4318e-02	2.9282e-01	5.0986e-01
2.6009e-01	2.2874e-01	4.3788e-01	8.4783e-02
3.2888e-01	8.7445e-02	2.9366e-01	3.2840e-01
3.4625e-01	2.4479e-01	4.0666e-01	5.8825e-02
5.7143e-01	1.4004e-01	3.4147e-01	2.1172e-01
2.7190e-01	3.8877e-01	9.2781e-02	3.4940e-01
2.2332e-03	5.3561e-01	4.2970e-01	2.6778e-01
2.5948e-01	4.5198e-01	3.2733e-01	1.0841e-01
1.9618e-01	3.0346e-01	3.2284e-02	5.4096e-01
2.1034e-01	2.6882e-01	2.5164e-01	2.0300e-01
3.2624e-02	3.7002e-01	3.4026e-01	3.6319e-01
4.8717e-01	8.6461e-02	1.1711e-01	5.3430e-01
6.6095e-01	3.5101e-01	6.2712e-02	2.2588e-01
3.5423e-01	1.1854e-01	6.2472e-01	8.7529e-02
2.2334e-04	4.1003e-01	1.8000e-01	5.8244e-01
1.7171e-01	2.1242e-01	3.9881e-01	1.7281e-01
6.7265e-02	1.0827e-01	4.2386e-01	3.4478e-01
6.0540e-01	4.3785e-01	9.3582e-02	1.3910e-01
2.3694e-01	2.8587e-01	2.1446e-01	2.2659e-01
6.2729e-01	3.2551e-02	1.7362e-01	4.4038e-01
1.4651e-01	4.8518e-02	4.3057e-01	4.3356e-01
4.3875e-01	1.6570e-01	4.2086e-01	1.4128e-01
6.5776e-02	3.4873e-01	2.2741e-01	4.1786e-01
1.1279e-01	4.1354e-01	5.8102e-01	9.7036e-02
2.6289e-02	3.4367e-01	3.4807e-01	3.7568e-01
6.9320e-02	3.0648e-01	4.1992e-01	3.0663e-01
2.6848e-01	4.1542e-01	3.3948e-01	8.6905e-02
4.6041e-01	4.9311e-01	2.2849e-01	1.3713e-02
4.0901e-01	2.6982e-01	3.9566e-01	6.3887e-03
2.2308e-01	6.4028e-01	4.8478e-02	3.8249e-01
1.7077e-01	1.8888e-01	3.2771e-01	1.9516e-01
3.1809e-01	9.5845e-02	3.6504e-01	2.8278e-01
4.1444e-01	2.1244e-01	4.2303e-01	7.2165e-02
1.6022e-01	2.0027e-01	1.1247e-01	3.9189e-01
4.0590e-01	5.7272e-01	2.2905e-01	7.1008e-03
1.9639e-01	3.5739e-01	4.3507e-01	9.0391e-02
3.9965e-01	3.0515e-01	2.5500e-01	1.6921e-01
3.5392e-01	4.9909e-01	7.2271e-02	2.8845e-01
4.5743e-02	4.3732e-01	6.2264e-01	1.5899e-01
8.1995e-01	2.4933e-01	1.0398e-01	1.6271e-01
5.0672e-01	1.7802e-01	7.1197e-02	4.6560e-01
2.7526e-01	3.1191e-01	2.7955e-01	1.5961e-01
4.7899e-01	3.4376e-02	1.8148e-01	5.0216e-01
2.9766e-01	1.4050e-01	5.3807e-01	1.4686e-01
3.1170e-01	7.3799e-01	1.3352e-01	1.6154e-01
8.8911e-01	3.0826e-03	3.0510e-01	6.9087e-03
4.0238e-01	8.2890e-02	3.9581e-01	2.6883e-01
1.6467e-01	6.8183e-01	3.0247e-01	1.8568e-01
3.3305e-01	2.6617e-01	2.7642e-01	1.7120e-01
1.0065e-02	1.7929e-01	4.4981e-01	5.3598e-01
2.3083e-01	2.0798e-01	3.4451e-01	1.6183e-01
3.0160e-01	1.4779e-02	4.1518e-01	3.8164e-01
1.1219e-01	4.0057e-01	4.1485e-02	6.7299e-01
2.3680e-01	6.8501e-01	2.2345e-01	1.9666e-01
3.0175e-01	2.2228e-03	2.8948e-01	4.5526e-01
4.2944e-01	1.5499e-01	2.7127e-02	5.8123e-01
2.8005e-01	2.4678e-01	3.3018e-01	1.3928e-01
1.9130e-01	2.5909e-01	2.4970e-01	2.1074e-01
3.5190e-01	3.5047e-01	7.5037e-03	3.8687e-01
5.7115e-01	4.1418e-01	2.1277e-01	3.7866e-02
3.0042e-01	4.1743e-01	2.6857e-01	1.4669e-01
2.7310e-01	3.6444e-01	8.2127e-03	4.3384e-01
4.6644e-01	4.0615e-02	3.8453e-01	2.9531e-01
8.1519e-02	2.3232e-01	2.9188e-01	3.2350e-01
2.7861e-01	3.7280e-01	8.1949e-02	3.5720e-01
2.6814e-01	1.8930e-01	3.7117e-01	1.6223e-01
1.7305e-01	1.3001e-01	2.2586e-01	2.4609e-01
4.1208e-02	2.7475e-01	2.0195e-01	5.1885e-01
4.0990e-01	2.6038e-01	8.0765e-02	3.8046e-01
1.9903e-01	9.6996e-02	6.7968e-01	1.7577e-01
3.9473e-01	5.4175e-01	2.4276e-01	3.1337e-02
2.4836e-01	3.5501e-01	3.1982e-01	1.3430e-01
2.9204e-01	3.6550e-01	1.3797e-01	2.9168e-01
1.1965e-01	1.6948e-01	2.1300e-01	2.5054e-01
1.1583e-01	5.2164e-03	5.1795e-01	5.8966e-01
2.7357e-01	5.6727e-01	2.6065e-01	1.5665e-01
1.1295e-01	1.0250e-01	2.3876e-01	2.8230e-01
2.2441e-01	5.2746e-01	3.4921e-01	1.1124e-01
2.9649e-01	6.1409e-02	2.4695e-02	8.9059e-01
1.9465e-01	2.9216e-03	2.6116e-01	6.1345e-01
2.6889e-01	4.4244e-01	3.2308e-01	1.0430e-01
6.9321e-02	4.2328e-01	4.1020e-01	2.7150e-01
3.7315e-01	5.8886e-01	6.0795e-02	2.4448e-01
7.2127e-03	1.3595e-01	7.4454e-01	4.1251e-01
4.3124e-02	4.3377e-01	7.1785e-02	7.2520e-01
1.1051e-02	2.2127e-01	4.9916e-01	4.5779e-01
1.4345e-01	2.0492e-01	4.3125e-01	1.9791e-01
5.5011e-01	2.0637e-01	7.6403e-02	4.1489e-01
1.9644e-01	2.4386e-01	3.0580e-01	1.7832e-01
7.1189e-02	2.0461e-01	1.7251e-01	4.6519e-01
5.1532e-02	1.6006e-01	2.8966e-01	4.5531e-01
2.8258e-01	2.8344e-01	2.1487e-01	2.2044e-01
1.5232e-01	2.2987e-01	3.0552e-01	2.0965e-01
4.0714e-01	4.2436e-01	3.7402e-03	3.2546e-01
1.1914e-01	1.9787e-01	2.0922e-01	2.6658e-01
1.1259e-01	6.9673e-01	3.4997e-01	1.7073e-01
5.2088e-01	3.3332e-01	1.6083e-01	2.2988e-01
1.3131e-01	1.6086e-01	2.0305e-01	2.4138e-01
1.8630e-01	3.5409e-01	3.4684e-01	1.7126e-01
5.1655e-02	1.6897e-01	1.8162e-01	5.3322e-01
4.8326e-01	1.9746e-01	4.2863e-01	6.2198e-02
2.7362e-01	3.2590e-01	2.6712e-01	1.7019e-01
1.4542e-01	1.2585e-01	2.6211e-01	2.4327e-01
4.4711e-01	4.1375e-01	4.1334e-02	2.9194e-01
4.7063e-01	1.2700e-01	4.8445e-01	1.2012e-01
2.1912e-01	4.2183e-01	4.2640e-01	3.7767e-02
3.8269e-01	4.1009e-01	1.9949e-01	1.8229e-01
4.9381e-01	2.4225e-01	3.6891e-01	7.4184e-02
5.1516e-01	2.4664e-01	3.6800e-01	5.8516e-02
2.9781e-01	6.7550e-01	2.8984e-02	2.9833e-01
6.2482e-01	4.2922e-01	7.6929e-02	1.4807e-01
2.5063e-01	6.3880e-02	2.6152e-01	3.8716e-01
2.6814e-01	8.4594e-03	3.6877e-01	4.3160e-01
1.4090e-01	3.6715e-01	4.8123e-01	1.4894e-01
3.8825e-01	2.6109e-01	4.0555e-01	1.5323e-02
3.9959e-01	4.1652e-01	2.4636e-01	1.1128e-01
4.8142e-03	5.6626e-01	5.2819e-01	1.5679e-01
1.4824e-01	1.8677e-01	2.1245e-01	2.3333e-01
3.2836e-01	1.9239e-01	3.8930e-01	1.4667e-01
3.7750e-01	2.4991e-01	2.9173e-01	1.7102e-01
4.5627e-02	1.4072e-01	4.7476e-01	4.2137e-01
5.2470e-01	4.9935e-01	5.9825e-02	1.6918e-01
1.4500e-02	6.6493e-01	3.4202e-01	2.7710e-01
2.3812e-01	1.9200e-01	3.3308e-01	1.7623e-01
2.4605e-01	2.9005e-01	3.9206e-01	8.4444e-02
7.3749e-02	1.4153e-01	2.9980e-01	3.4856e-01
6.8940e-01	9.6379e-02	1.1029e-01	4.1532e-01
2.4268e-01	3.0848e-01	3.0168e-01	1.5506e-01
3.4778e-01	3.6914e-01	2.7470e-02	3.6646e-01
2.1156e-02	5.8714e-01	5.6570e-01	6.5933e-02
1.4305e-01	2.4701e-01	3.6959e-01	2.0679e-01
5.3664e-01	5.2910e-01	1.0551e-02	1.6092e-01
2.8539e-01	2.8912e-01	3.0293e-01	1.4108e-01
3.1470e-01	4.7203e-01	3.3062e-01	1.6543e-02
5.1260e-01	3.1437e-02	6.7093e-02	6.3929e-01
5.7913e-01	1.7364e-02	1.9383e-01	4.5395e-01
5.4645e-01	4.1556e-01	2.1581e-01	5.5816e-02
1.3198e-01	1.1853e-01	3.5523e-01	2.6037e-01
5.7153e-01	1.0726e-01	1.9623e-02	5.5232e-01
1.3958e-01	5.6959e-02	2.1780e-01	4.8715e-01
1.0327e-01	4.5300e-01	4.8725e-01	1.6869e-01
2.1129e-01	4.3071e-01	8.9320e-02	4.1157e-01
5.7007e-04	9.0650e-02	5.4247e-01	6.2563e-01
3.6526e-01	1.0443e-01	4.7812e-01	2.1207e-01
4.0338e-01	4.6303e-01	2.4437e-01	8.1417e-02
6.6290e-01	3.1881e-01	1.0375e-01	2.3049e-01
2.9236e-01	2.5378e-01	4.5945e-01	0.0000e+00
2.1534e-01	4.3358e-01	4.0320e-01	7.5037e-02
4.9985e-01	1.2897e-01	7.2854e-02	5.2847e-01
1.2028e-01	4.0842e-01	1.0933e-01	5.2904e-01
2.9555e-03	2.9224e-01	3.3253e-01	4.4373e-01
1.5257e-01	1.3119e-01	1.8213e-01	2.5742e-01
1.4427e-01	9.7705e-02	1.1260e-01	4.9325e-01
6.7239e-02	3.3449e-01	2.7585e-01	3.6394e-01
2.2785e-01	3.3942e-01	9.8708e-02	3.7722e-01
3.4175e-01	1.6919e-01	8.8932e-02	4.9273e-01
2.4896e-01	4.0959e-01	1.1690e-01	3.4187e-01
2.0196e-01	3.1592e-01	7.4979e-03	5.6109e-01
4.6748e-01	1.8523e-01	9.7506e-02	4.4088e-01
8.7287e-02	2.1974e-01	4.2367e-01	2.9604e-01
2.5054e-01	2.2282e-01	5.2909e-01	7.8842e-03
4.6488e-01	1.9704e-01	3.4779e-02	4.8917e-01
4.4989e-02	7.4036e-01	3.3349e-01	2.1761e-01
5.9935e-02	4.1694e-01	3.4020e-01	3.2387e-01
1.7962e-01	2.0408e-01	2.8689e-01	1.9595e-01
1.6352e-01	3.0333e-01	5.0237e-02	5.7939e-01
2.7315e-01	3.4098e-01	8.5986e-02	3.5987e-01
3.3611e-01	3.2223e-01	3.1104e-01	1.0432e-01
9.1712e-02	3.6210e-01	3.3637e-01	2.9331e-01
1.5866e-01	1.4292e-01	4.7830e-01	2.0694e-01
4.3978e-01	1.4273e-01	9.0235e-02	5.1554e-01
1.8561e-01	1.4820e-01	1.5995e-01	2.8878e-01
9.3224e-02	1.1155e-01	1.5511e-01	3.3326e-01
4.6581e-01	1.4848e-01	8.1343e-02	5.0852e-01
9.8180e-02	1.8093e-01	3.0716e-01	2.7986e-01
6.0039e-02	3.6919e-01	1.5846e-01	5.5600e-01
4.5257e-01	4.3096e-01	3.4332e-02	2.8303e-01
2.8978e-01	2.2507e-01	2.8807e-01	1.8120e-01
2.5436e-01	2.9489e-01	4.0333e-01	6.3450e-02
1.7305e-01	2.8833e-01	4.5732e-01	1.2882e-01
6.1751e-01	8.5310e-02	4.7919e-01	4.5733e-02
6.2260e-02	9.7641e-02	2.0644e-01	4.5325e-01
2.8716e-01	4.9610e-04	3.3222e-01	4.3905e-01
6.4535e-02	6.9358e-01	2.5895e-01	3.1716e-01
2.3384e-01	2.4972e-01	2.7193e-01	1.8298e-01
1.1870e-01	6.4681e-01	7.6138e-02	4.6541e-01
2.4914e-01	4.5843e-02	5.7889e-01	3.3353e-01
1.3453e-01	3.0406e-01	4.3128e-01	1.9816e-01
2.9522e-01	3.3323e-01	2.6285e-01	1.6595e-01
3.7578e-01	1.7827e-01	4.3289e-01	1.2812e-01
7.7158e-03	5.9389e-01	5.9547e-01	1.2819e-02
2.8812e-01	1.8548e-01	3.3139e-01	1.8561e-01
8.9070e-02	9.9045e-01	1.3245e-01	1.0338e-01
5.0782e-01	5.6188e-01	1.3836e-01	2.2477e-02
1.3818e-01	3.7668e-01	3.7963e-02	6.3392e-01
5.1632e-02	5.1769e-01	3.8182e-01	2.7775e-01
4.5395e-01	3.4016e-01	3.1048e-01	4.3790e-02
1.9738e-01	1.2493e-01	6.7321e-02	6.4608e-01
6.4286e-01	4.4413e-01	1.3499e-01	3.0183e-02
1.1714e-01	3.9878e-01	6.4260e-01	1.7085e-02
8.0274e-02	1.5519e-01	1.8860e-01	3.5802e-01
