-0.0671	0.1041	-2.0000
0.1045	0.0293	-2.0000
0.0357	0.0408	-3.0000
-0.1045	-0.1288	-2.0000
0.0502	0.0923	-2.0000
-0.0863	0.1128	-2.0000
-0.0152	-0.1638	-2.0000
-0.2329	-0.1411	0.0000
0.0307	0.0685	-3.0000
-0.0259	-0.0195	-3.0000
-0.3317	-0.1210	0.0000
0.2504	-0.2382	0.0000
-0.0328	-0.0821	-3.0000
0.0389	0.0374	-3.0000
-0.4229	0.0161	0.0000
-0.0027	-0.2789	0.0000
0.1386	0.4215	0.0000
0.0053	-0.2643	0.0000
-0.0341	-0.0669	-3.0000
-0.1268	-0.1627	-1.0000
-0.0281	-0.1974	-1.0000
-0.0988	-0.1976	-1.0000
-0.1095	-0.1930	0.0000
0.0170	0.3276	0.0000
-0.0776	-0.0489	-3.0000
-0.4530	0.0300	0.0000
0.0454	-0.2185	-1.0000
0.0389	0.0643	-3.0000
0.1299	0.0227	-2.0000
-0.0754	-0.0924	-3.0000
0.0028	-0.0025	-3.0000
0.0034	-0.0090	-3.0000
-0.1163	-0.0343	-2.0000
0.0498	0.0380	-3.0000
-0.0997	0.1369	-2.0000
0.2348	0.0058	0.0000
-0.0214	-0.2741	0.0000
-0.0233	-0.0218	-3.0000
-0.1680	-0.0309	-2.0000
0.2211	0.4497	0.0000
0.0417	0.0497	-3.0000
-0.1417	-0.1612	-1.0000
-0.0149	-0.0124	-3.0000
-0.1734	-0.0833	-1.0000
0.0370	0.1572	-1.0000
-0.0172	-0.0608	-3.0000
0.2861	0.2640	0.0000
-0.0325	-0.1599	-2.0000
0.1375	0.0455	-2.0000
0.1766	-0.0440	-1.0000
0.0071	0.0068	-3.0000
-0.0394	0.0920	-3.0000
-0.0737	-0.1092	-2.0000
0.0284	0.0218	-3.0000
0.0991	0.0585	-2.0000
-0.1173	-0.1272	-2.0000
-0.0933	-0.0677	-3.0000
0.0315	0.0790	-2.0000
-0.0803	-0.1522	-2.0000
0.0852	0.0341	-3.0000
-0.0783	0.2022	0.0000
-0.1244	-0.1609	-1.0000
0.1766	0.2973	0.0000
0.1388	0.0112	-2.0000
-0.0671	0.2377	0.0000
0.0797	-0.3382	0.0000
-0.0722	0.1153	-2.0000
-0.2305	0.1578	0.0000
0.0066	0.0449	-3.0000
-0.0291	-0.1818	-2.0000
0.0135	0.2747	0.0000
0.0129	0.3040	0.0000
0.0362	0.0657	-3.0000
-0.2606	-0.1049	0.0000
0.0186	0.0287	-3.0000
0.2017	-0.4166	0.0000
0.2594	0.1412	0.0000
-0.1945	0.1344	-1.0000
-0.4946	-0.0014	0.0000
0.1479	0.0081	-2.0000
-0.1432	0.1587	-1.0000
-0.3676	0.0415	0.0000
0.2145	0.0344	-1.0000
-0.0420	-0.0772	-3.0000
-0.0300	-0.0759	-3.0000
0.0008	-0.0200	-3.0000
-0.3525	-0.1013	0.0000
0.2143	0.0742	0.0000
0.0982	0.0387	-2.0000
0.1342	-0.3510	0.0000
-0.0268	-0.1974	-1.0000
0.1817	-0.3175	0.0000
-0.0596	0.2220	0.0000
-0.2097	0.0796	-1.0000
0.1375	-0.3356	0.0000
0.2250	0.0363	0.0000
-0.1029	0.2011	0.0000
0.0414	-0.1531	-2.0000
-0.0711	-0.1024	-2.0000
-0.0049	0.0216	-3.0000
0.1385	0.2422	0.0000
-0.0417	-0.0814	-3.0000
0.2683	-0.4087	0.0000
0.1183	0.0710	-2.0000
-0.2742	-0.1116	0.0000
0.0247	0.0754	-2.0000
-0.0431	-0.0281	-3.0000
-0.1843	0.1270	-1.0000
-0.0032	-0.2237	-1.0000
-0.2033	0.0909	-1.0000
0.1017	-0.3039	0.0000
-0.0796	0.1114	-2.0000
0.2598	-0.4139	0.0000
0.1209	-0.2887	-1.0000
-0.0373	-0.1159	-2.0000
0.2521	0.1539	0.0000
-0.0247	0.2304	0.0000
0.0343	0.0220	-3.0000
0.0141	0.0240	-3.0000
-0.2616	-0.1021	-1.0000
0.1067	-0.3747	0.0000
-0.0120	-0.0668	-3.0000
0.0164	0.0493	-3.0000
-0.0275	-0.2155	-1.0000
-0.3333	0.1277	0.0000
0.0471	0.1771	-1.0000
-0.0769	0.1616	-1.0000
0.0469	0.0368	-3.0000
-0.4461	0.0523	0.0000
-0.1353	0.1922	0.0000
-0.2697	0.0521	-1.0000
-0.1075	0.1373	-1.0000
0.1633	-0.0804	-1.0000
0.1435	0.0074	-2.0000
0.2050	0.0050	-1.0000
-0.0532	0.1657	-1.0000
-0.0910	-0.1814	-1.0000
0.1094	0.0578	-2.0000
0.0290	0.0435	-3.0000
0.0114	0.0972	-2.0000
0.0045	0.0232	-3.0000
-0.0121	-0.0642	-3.0000
-0.0026	0.1852	-1.0000
-0.2260	-0.1446	0.0000
-0.0473	-0.2109	-1.0000
-0.0530	0.2278	0.0000
0.1457	0.1327	-1.0000
0.0017	-0.2916	0.0000
-0.1502	-0.0698	-2.0000
-0.0132	0.1291	-2.0000
-0.2808	0.1496	0.0000
0.0809	-0.3522	0.0000
-0.0229	-0.0719	-3.0000
0.1282	0.1623	0.0000
-0.1031	-0.1551	-1.0000
0.0919	0.1020	-1.0000
-0.2981	0.1417	0.0000
-0.2533	-0.1008	-1.0000
0.1543	0.0160	-2.0000
-0.1101	-0.1255	-2.0000
-0.1109	-0.0848	-2.0000
-0.1128	-0.0714	-2.0000
-0.0019	-0.0505	-3.0000
-0.1542	-0.0863	-2.0000
-0.0449	-0.1070	-2.0000
0.2052	-0.0195	-1.0000
-0.0759	0.1077	-2.0000
0.0965	0.1323	-1.0000
-0.0511	0.1669	-1.0000
0.1276	0.0571	-2.0000
0.0165	0.0186	-3.0000
-0.0590	-0.1866	-1.0000
0.0114	0.0382	-3.0000
-0.1387	-0.0807	-2.0000
0.2142	-0.3296	0.0000
-0.1656	0.1127	-1.0000
0.1415	0.0090	-2.0000
0.0110	0.0046	-3.0000
-0.1260	-0.0344	-2.0000
0.0156	0.0427	-3.0000
-0.1635	0.1060	-2.0000
0.0245	0.0280	-3.0000
0.0213	0.0228	-3.0000
0.1239	0.0657	-2.0000
0.2767	-0.2025	0.0000
-0.0822	0.2167	0.0000
0.0961	0.0092	-3.0000
-0.2850	-0.0527	-1.0000
-0.1025	-0.1773	-1.0000
0.2037	0.1506	0.0000
0.0788	0.0692	-2.0000
-0.1516	0.1823	0.0000
0.0390	0.0660	-2.0000
-0.3150	0.0612	0.0000
-0.0392	-0.0332	-3.0000
-0.0411	-0.1274	-2.0000
-0.1129	0.1336	-2.0000
-0.0610	0.2447	0.0000
-0.1326	0.1991	0.0000
0.0199	0.0065	-3.0000
-0.1033	0.1308	-2.0000
0.0229	0.2417	0.0000
-0.0895	0.1761	-1.0000
0.0368	0.0330	-3.0000
0.2158	-0.3387	0.0000
0.0940	0.0791	-2.0000
0.1573	-0.0097	-2.0000
-0.1727	-0.1114	-1.0000
-0.0565	-0.1130	-2.0000
0.1377	0.0566	-1.0000
0.1522	-0.4014	0.0000
0.0383	-0.1633	-2.0000
0.1136	0.1939	0.0000
-0.0691	0.1976	-1.0000
-0.0680	0.1017	-2.0000
-0.0374	-0.2225	-1.0000
0.1841	-0.3866	0.0000
0.0874	0.0774	-2.0000
0.0610	-0.1621	-1.0000
-0.0221	-0.0147	-3.0000
-0.0172	-0.2642	0.0000
-0.0288	-0.0620	-3.0000
-0.0363	0.1249	-2.0000
0.0129	0.0462	-3.0000
0.2016	-0.0616	-1.0000
0.0655	0.1181	-1.0000
-0.1143	-0.0689	-2.0000
0.0434	0.1234	-1.0000
0.1300	0.0555	-2.0000
-0.0048	0.0098	-3.0000
-0.0851	-0.1703	-1.0000
0.1585	0.0666	-1.0000
0.1457	0.0099	-2.0000
-0.4474	0.0409	0.0000
-0.1722	0.1020	-1.0000
0.2337	-0.3964	0.0000
0.1404	-0.0310	-2.0000
0.2132	-0.1379	0.0000
0.0939	-0.2577	-1.0000
-0.0695	-0.0657	-3.0000
0.2456	0.1927	0.0000
0.1805	0.0401	-1.0000
-0.0355	-0.2076	-1.0000
0.0870	0.1631	-1.0000
0.0531	-0.2365	-1.0000
0.0060	0.0417	-3.0000
0.2608	0.1351	0.0000
-0.3103	-0.0046	0.0000
0.0434	0.1016	-2.0000
-0.0222	-0.0323	-3.0000
-0.0810	-0.0547	-3.0000
0.0383	0.0733	-2.0000
0.0009	-0.0398	-3.0000
0.1517	-0.3847	0.0000
0.0274	0.2671	0.0000
-0.3895	-0.0191	0.0000
0.1539	0.1275	-1.0000
0.0727	0.0332	-3.0000
0.2183	-0.0052	-1.0000
-0.2755	0.1222	0.0000
-0.1275	0.1497	-1.0000
0.0135	0.0182	-3.0000
0.0734	-0.3088	0.0000
0.1574	-0.0350	-1.0000
-0.0628	-0.0787	-3.0000
0.1805	-0.0504	-1.0000
0.1351	0.0336	-2.0000
0.0294	0.0352	-3.0000
0.0002	0.0270	-3.0000
-0.0193	-0.1036	-3.0000
0.1705	0.0870	-1.0000
-0.1119	-0.0822	-2.0000
-0.0856	-0.1187	-2.0000
0.0232	0.0432	-3.0000
0.1694	0.0225	-1.0000
-0.0345	0.1345	-2.0000
-0.3145	0.0428	0.0000
-0.0461	-0.0572	-3.0000
0.0763	0.0947	-2.0000
-0.1472	-0.1665	-1.0000
0.1198	-0.3928	0.0000
0.2253	-0.0870	0.0000
0.1691	0.1345	0.0000
-0.0804	-0.1336	-2.0000
-0.0705	0.1095	-2.0000
0.2770	-0.3371	0.0000
-0.0960	-0.2057	0.0000
-0.0027	-0.1115	-2.0000
-0.0387	0.0945	-2.0000
-0.1031	0.1225	-2.0000
0.2401	0.0674	0.0000
0.1725	0.0567	-1.0000
0.0188	0.1578	-1.0000
0.2235	-0.0419	0.0000
-0.0137	-0.0762	-3.0000
-0.0172	-0.0045	-3.0000
0.1572	0.0131	-2.0000
-0.0487	-0.1239	-2.0000
-0.0860	-0.1100	-2.0000
0.2196	-0.0073	0.0000
0.0986	-0.2786	-1.0000
-0.1072	-0.1923	-1.0000
0.1054	0.0308	-2.0000
0.1327	-0.2741	-1.0000
-0.2066	-0.1567	0.0000
-0.4413	0.0718	0.0000
-0.0457	-0.0185	-3.0000
-0.0432	-0.1813	-2.0000
0.0580	0.0373	-3.0000
-0.3250	-0.0443	0.0000
0.1331	-0.2144	-1.0000
-0.3781	0.1068	0.0000
-0.0971	0.1504	-1.0000
0.1811	0.0238	-1.0000
0.2843	-0.2807	0.0000
-0.1714	-0.1316	-1.0000
-0.1050	-0.1706	-1.0000
-0.3031	0.0515	-1.0000
0.2151	0.0346	0.0000
-0.0201	0.1825	-1.0000
0.1870	0.0007	-1.0000
0.0006	0.0066	-3.0000
0.0072	0.0993	-2.0000
-0.0441	-0.2205	-1.0000
0.2473	-0.2343	0.0000
-0.0189	0.2073	-1.0000
-0.0323	-0.1427	-2.0000
-0.2170	0.1192	-1.0000
0.0552	-0.1607	-2.0000
0.2240	-0.2686	0.0000
0.0251	0.0283	-3.0000
-0.0837	0.1051	-2.0000
0.2258	-0.2344	0.0000
-0.2807	-0.1070	0.0000
0.1928	0.0472	-1.0000
-0.0286	-0.0109	-3.0000
-0.1411	-0.1494	-1.0000
-0.0832	-0.1976	-1.0000
-0.0235	-0.0373	-3.0000
-0.1219	-0.1562	-1.0000
0.2273	-0.0257	0.0000
0.1567	-0.3562	0.0000
-0.0301	-0.0691	-3.0000
-0.0504	-0.0299	-3.0000
-0.0480	0.1780	-1.0000
-0.0168	-0.0519	-3.0000
-0.0256	0.2480	0.0000
-0.1129	-0.1845	-1.0000
-0.0958	0.1047	-2.0000
0.0234	0.0119	-3.0000
-0.0882	-0.0706	-3.0000
-0.0628	0.1093	-2.0000
0.1562	0.1427	0.0000
0.1037	-0.0024	-2.0000
0.2057	-0.0977	-1.0000
0.0026	0.0650	-3.0000
0.1331	0.0033	-2.0000
-0.0632	0.1108	-2.0000
0.0450	-0.2115	-1.0000
0.0637	0.3348	0.0000
0.1617	0.1213	-1.0000
0.0433	0.0516	-3.0000
-0.0513	-0.0954	-3.0000
-0.2302	-0.0335	-1.0000
0.0227	0.0120	-3.0000
-0.2747	0.0744	-1.0000
-0.0384	0.1331	-2.0000
0.0025	0.0123	-3.0000
0.1920	-0.0117	-1.0000
0.0988	0.1915	0.0000
-0.0816	-0.0781	-3.0000
0.1586	0.0503	-1.0000
0.1898	-0.0492	-1.0000
0.0082	-0.2119	-1.0000
-0.0253	0.2619	0.0000
0.0189	-0.2202	-1.0000
0.1049	0.0263	-2.0000
-0.0173	0.1070	-2.0000
-0.1105	-0.1857	-1.0000
-0.2679	-0.1430	0.0000
0.1328	0.0201	-2.0000
0.0424	0.1625	-1.0000
0.2642	-0.2195	0.0000
-0.0064	0.1056	-2.0000
-0.0337	0.2236	0.0000
-0.1745	0.1828	0.0000
0.1411	-0.2720	-1.0000
-0.4718	0.0048	0.0000
0.0059	0.1072	-2.0000
0.2377	0.0289	0.0000
0.1243	0.1713	0.0000
-0.0023	-0.1054	-2.0000
0.1452	-0.0719	-1.0000
0.0112	-0.1036	-2.0000
0.1655	-0.3244	0.0000
-0.0057	-0.0381	-3.0000
-0.0275	-0.0752	-3.0000
-0.2713	0.1391	0.0000
-0.1260	0.1739	-1.0000
-0.4264	-0.0695	0.0000
0.0871	0.0456	-2.0000
-0.1378	-0.1832	0.0000
-0.0183	-0.0991	-3.0000
0.2448	0.1445	0.0000
0.0409	0.0300	-3.0000
0.0088	-0.1053	-2.0000
-0.1221	0.0990	-2.0000
-0.0657	-0.1541	-2.0000
-0.0071	-0.0313	-3.0000
0.2194	-0.3587	0.0000
-0.2210	-0.0573	-1.0000
-0.0099	-0.0006	-3.0000
0.2714	-0.3767	0.0000
-0.3999	-0.0151	0.0000
0.0689	0.0924	-2.0000
-0.0831	0.1139	-2.0000
-0.3684	0.0616	0.0000
0.0108	0.0991	-2.0000
0.1546	0.0272	-2.0000
0.1340	0.0021	-2.0000
-0.0772	0.1189	-2.0000
-0.0921	0.1410	-2.0000
0.0103	0.0016	-3.0000
-0.0982	-0.0776	-2.0000
0.1680	-0.0823	-1.0000
-0.0995	0.1940	0.0000
0.2017	-0.0419	-1.0000
0.0179	-0.1816	-2.0000
-0.0691	-0.1124	-2.0000
0.0188	-0.1836	-2.0000
0.1673	0.1396	0.0000
0.1564	0.0149	-2.0000
0.1611	-0.3631	0.0000
-0.0317	-0.0488	-3.0000
0.0050	-0.0022	-3.0000
0.0015	-0.0872	-3.0000
-0.2186	0.0858	-1.0000
0.1436	-0.4059	0.0000
-0.0744	-0.1579	-2.0000
-0.3454	0.0513	0.0000
0.1758	-0.2606	-1.0000
-0.3472	-0.0183	0.0000
0.0262	0.0592	-3.0000
0.1126	0.0840	-1.0000
-0.1678	0.1234	-1.0000
-0.0627	-0.1377	-2.0000
0.1227	-0.2123	-1.0000
-0.1389	-0.1259	-1.0000
0.0140	0.0994	-2.0000
0.0374	0.0717	-2.0000
0.1017	0.0247	-2.0000
-0.0285	-0.0272	-3.0000
-0.1270	-0.1029	-2.0000
0.2398	-0.0705	0.0000
0.0697	0.0637	-2.0000
-0.0440	0.1241	-2.0000
-0.0099	0.0001	-3.0000
0.1730	0.0897	-1.0000
0.1183	-0.0145	-2.0000
0.0567	0.1489	-1.0000
-0.0187	-0.0737	-3.0000
0.0011	0.0132	-3.0000
-0.0997	-0.1865	-1.0000
0.0331	0.1647	-1.0000
-0.0126	-0.1079	-2.0000
0.1386	-0.0126	-2.0000
-0.1037	-0.1690	-1.0000
0.0044	0.0808	-3.0000
0.1897	0.0479	-1.0000
0.0048	-0.0443	-3.0000
0.0095	0.1348	-1.0000
0.2358	-0.3147	0.0000
0.0092	0.0697	-3.0000
0.1812	-0.0167	-1.0000
0.0207	0.0331	-3.0000
0.0338	0.0308	-3.0000
0.1720	0.0338	-1.0000
0.1458	0.1436	0.0000
-0.1228	-0.0864	-2.0000
-0.0021	-0.1265	-2.0000
-0.1118	-0.0377	-2.0000
0.0174	0.1813	-1.0000
-0.1789	-0.0627	-1.0000
-0.0977	-0.0582	-2.0000
-0.0582	-0.0470	-3.0000
-0.0155	-0.0252	-3.0000
0.0838	0.0275	-3.0000
0.0029	-0.0126	-3.0000
-0.2038	-0.0169	-1.0000
0.2013	-0.0966	-1.0000
-0.1993	-0.0538	-1.0000
0.1816	0.0172	-1.0000
0.0912	0.0933	-1.0000
-0.0979	-0.0488	-3.0000
0.0146	0.2050	0.0000
-0.3530	0.0998	0.0000
0.2651	0.2103	0.0000
0.0310	-0.2653	-1.0000
0.1283	0.2282	0.0000
0.1597	0.1104	-1.0000
0.0289	0.0950	-2.0000
0.0457	-0.1386	-2.0000
-0.0041	-0.0087	-3.0000
-0.2442	0.0838	-1.0000
-0.0004	0.0171	-3.0000
0.0064	0.0820	-2.0000
-0.0486	-0.0653	-3.0000
0.0863	0.0763	-2.0000
0.1285	-0.2373	-1.0000
0.1251	0.0340	-2.0000
0.1757	-0.0978	-1.0000
0.2491	-0.2683	0.0000
0.0575	0.0641	-2.0000
0.2142	-0.0614	-1.0000
-0.2223	-0.1534	0.0000
-0.1783	0.1712	0.0000
-0.0372	0.2176	0.0000
-0.0048	-0.0038	-3.0000
0.1167	-0.2653	-1.0000
0.1266	0.0009	-2.0000
0.1048	0.1346	-1.0000
-0.0029	-0.1433	-2.0000
-0.2863	0.0949	0.0000
-0.0683	0.1830	-1.0000
0.0640	0.0570	-2.0000
-0.0160	-0.0237	-3.0000
-0.0196	0.2207	0.0000
-0.1065	-0.1248	-2.0000
-0.0515	0.2055	-1.0000
0.0132	-0.2011	-1.0000
-0.0514	-0.1569	-2.0000
-0.0749	0.2030	-1.0000
-0.0698	-0.2117	-1.0000
0.0433	0.2239	0.0000
-0.1576	-0.1482	-1.0000
0.2176	0.0361	0.0000
-0.3483	-0.0499	0.0000
0.0787	0.0795	-2.0000
-0.0385	0.1049	-2.0000
-0.0376	-0.0231	-3.0000
0.0576	0.0626	-2.0000
0.2087	-0.3780	0.0000
0.1057	0.1049	-1.0000
-0.0096	-0.0003	-3.0000
0.0308	0.0374	-3.0000
-0.0271	0.1815	-1.0000
-0.1471	-0.1107	-1.0000
-0.1024	-0.1694	-1.0000
0.0783	0.2152	0.0000
-0.0998	-0.1517	-2.0000
0.0124	0.0147	-3.0000
0.0341	0.0965	-2.0000
0.1089	-0.3539	0.0000
-0.3067	0.0250	-1.0000
-0.1261	-0.0324	-2.0000
-0.0903	-0.0560	-3.0000
0.2178	-0.0342	-1.0000
-0.1163	-0.1094	-2.0000
-0.2146	0.1649	0.0000
-0.1751	0.0916	-2.0000
-0.1451	0.1551	-1.0000
0.2299	-0.0445	0.0000
-0.0356	0.2131	0.0000
-0.1297	-0.0413	-2.0000
0.1268	0.0315	-2.0000
0.1434	-0.2282	-1.0000
-0.0846	-0.1581	-2.0000
0.0146	0.0480	-3.0000
0.0364	0.0551	-3.0000
-0.0155	-0.0550	-3.0000
0.0475	0.0329	-3.0000
-0.0087	-0.0201	-3.0000
0.0075	0.0665	-3.0000
-0.0873	0.0933	-2.0000
-0.0053	0.0203	-3.0000
0.0977	0.1331	-1.0000
-0.0608	-0.2241	0.0000
0.0618	0.1930	0.0000
-0.0777	-0.1358	-2.0000
0.0238	0.0198	-3.0000
-0.2682	0.0497	-1.0000
0.1822	-0.0007	-1.0000
0.1372	-0.0328	-2.0000
-0.0356	0.0972	-2.0000
0.1244	0.2088	0.0000
-0.3602	0.0569	0.0000
0.0111	0.0329	-3.0000
0.2217	0.0268	0.0000
-0.1093	-0.1037	-2.0000
0.2006	-0.0251	-1.0000
-0.0932	0.1943	-1.0000
0.0422	0.0567	-3.0000
-0.0053	0.1159	-2.0000
0.1661	0.1254	0.0000
-0.0101	0.1143	-2.0000
-0.0878	-0.1280	-2.0000
0.0034	-0.0107	-3.0000
0.0820	0.0443	-2.0000
-0.3130	0.0573	0.0000
0.0020	-0.0352	-3.0000
0.2379	-0.0170	0.0000
0.0034	0.0103	-3.0000
-0.0282	0.1367	-2.0000
0.0268	0.1563	-1.0000
-0.2985	-0.0528	0.0000
-0.0228	-0.0276	-3.0000
0.0540	0.0861	-2.0000
-0.4252	0.0719	0.0000
-0.1237	0.1882	0.0000
-0.3722	0.0332	0.0000
0.0609	-0.3483	0.0000
-0.0883	0.1610	-1.0000
0.2625	-0.4009	0.0000
0.0960	0.1548	-1.0000
0.0358	0.0533	-3.0000
0.1415	0.2418	0.0000
0.0280	0.1250	-2.0000
-0.3889	-0.0464	0.0000
-0.3029	0.0397	-1.0000
-0.0253	-0.0119	-3.0000
0.1656	0.4336	0.0000
-0.3181	-0.0949	0.0000
-0.0281	-0.1926	-1.0000
-0.0151	-0.1816	-2.0000
0.1522	-0.3984	0.0000
-0.0409	-0.0909	-3.0000
-0.3471	-0.0716	0.0000
-0.3968	-0.0754	0.0000
-0.0354	-0.0747	-3.0000
-0.1376	-0.0498	-2.0000
-0.0818	-0.1620	-2.0000
0.0102	0.0119	-3.0000
0.1539	-0.3691	0.0000
0.1005	-0.2424	-1.0000
0.0401	0.0425	-3.0000
0.0145	0.0556	-3.0000
0.1226	-0.2974	-1.0000
0.0468	0.0323	-3.0000
-0.0521	-0.1516	-2.0000
-0.0233	-0.0134	-3.0000
-0.0662	-0.0936	-3.0000
-0.0715	-0.1400	-2.0000
-0.0044	-0.0576	-3.0000
0.2092	0.0051	-1.0000
-0.3217	0.0414	0.0000
-0.0584	0.1831	-1.0000
-0.0552	-0.1041	-2.0000
0.1065	0.0246	-2.0000
-0.2164	0.1083	-1.0000
-0.0364	-0.0270	-3.0000
0.2580	0.3895	0.0000
-0.0575	-0.0788	-3.0000
0.0420	0.0356	-3.0000
-0.1926	-0.1232	-1.0000
0.0277	-0.1336	-2.0000
-0.0081	0.1275	-2.0000
0.1821	-0.0504	-1.0000
-0.0358	-0.0426	-3.0000
0.1680	0.0010	-1.0000
0.0125	0.0446	-3.0000
-0.1362	-0.0360	-2.0000
-0.3101	0.1280	0.0000
-0.1283	-0.0370	-2.0000
0.0199	0.0484	-3.0000
0.2021	-0.0497	-1.0000
-0.1479	-0.0598	-2.0000
0.0757	-0.3248	0.0000
-0.0612	-0.0338	-3.0000
-0.0318	-0.0273	-3.0000
0.0730	0.0448	-3.0000
-0.2557	0.0610	-1.0000
0.1250	-0.3598	0.0000
-0.2257	0.1663	0.0000
-0.1179	0.1860	0.0000
-0.0131	-0.0648	-3.0000
-0.1449	0.1561	-1.0000
-0.1335	-0.0671	-2.0000
-0.1346	0.0929	-2.0000
0.0279	0.0224	-3.0000
-0.0771	-0.1592	-2.0000
0.0088	-0.1939	-1.0000
0.0617	0.1403	-1.0000
0.1813	-0.1727	-1.0000
0.2183	0.1594	0.0000
-0.0874	-0.0689	-3.0000
0.0116	0.0339	-3.0000
-0.0385	-0.0433	-3.0000
-0.0034	-0.0545	-3.0000
-0.0764	-0.2167	0.0000
-0.0355	-0.2134	-1.0000
0.1345	0.0694	-1.0000
-0.1694	-0.1669	0.0000
0.0122	0.0235	-3.0000
-0.3527	-0.0142	0.0000
-0.2292	-0.0920	-1.0000
-0.2877	-0.1366	0.0000
0.2330	0.0843	0.0000
0.0059	0.0108	-3.0000
-0.0120	-0.0348	-3.0000
-0.1070	0.1397	-1.0000
0.1966	-0.3500	0.0000
0.0206	0.0186	-3.0000
0.1234	0.2012	0.0000
0.1215	0.0354	-2.0000
-0.0426	0.1473	-1.0000
0.1829	-0.3857	0.0000
0.0104	0.0279	-3.0000
-0.2487	0.1478	0.0000
0.1633	0.1390	0.0000
-0.0061	-0.0637	-3.0000
0.0015	-0.0179	-3.0000
-0.1269	-0.0743	-2.0000
-0.0716	0.1765	-1.0000
-0.0347	-0.0576	-3.0000
-0.0279	-0.0142	-3.0000
-0.0218	-0.1694	-2.0000
0.0289	0.0639	-3.0000
-0.1017	-0.1837	-1.0000
0.0226	0.0179	-3.0000
0.1932	-0.3261	0.0000
0.2643	0.1404	0.0000
0.1141	-0.0058	-2.0000
0.0041	-0.2035	-1.0000
0.0866	0.0496	-2.0000
0.0152	0.0063	-3.0000
0.0132	0.0017	-3.0000
-0.1428	0.1351	-1.0000
0.0017	-0.0011	-3.0000
0.0069	-0.0037	-3.0000
-0.3366	0.0780	0.0000
0.2631	-0.4029	0.0000
0.2186	-0.0483	-1.0000
-0.2799	0.1169	0.0000
0.0810	-0.1966	-1.0000
-0.0020	-0.0914	-2.0000
-0.1118	0.1445	-1.0000
-0.1468	-0.1660	-1.0000
0.0404	0.0262	-3.0000
-0.2346	0.0700	-1.0000
0.0213	0.0522	-3.0000
0.0678	0.0913	-2.0000
-0.0462	-0.0381	-3.0000
0.1052	0.1218	-1.0000
-0.0361	-0.0963	-3.0000
-0.1382	-0.1317	-1.0000
0.2022	-0.0002	-1.0000
0.0204	0.0101	-3.0000
-0.2488	-0.0328	-1.0000
0.0835	0.1907	0.0000
-0.2951	-0.0987	0.0000
-0.0911	-0.1414	-2.0000
-0.0382	0.1025	-2.0000
-0.1538	-0.1783	0.0000
-0.1687	0.1222	-1.0000
-0.0218	-0.0573	-3.0000
0.0069	-0.0002	-3.0000
-0.1941	-0.1550	0.0000
0.1942	0.0558	-1.0000
0.2420	-0.4376	0.0000
0.0713	-0.1935	-1.0000
0.1349	-0.0028	-2.0000
-0.0896	0.1916	-1.0000
-0.0643	0.0968	-2.0000
0.0263	0.0190	-3.0000
-0.1201	-0.1663	-1.0000
-0.1313	0.1260	-1.0000
0.2169	0.0076	-1.0000
-0.1991	0.0802	-1.0000
-0.1248	0.0936	-2.0000
-0.0494	-0.0678	-3.0000
-0.0850	-0.1674	-1.0000
-0.1659	0.0942	-2.0000
0.2422	0.1128	0.0000
0.0135	0.0419	-3.0000
-0.0939	0.1905	-1.0000
-0.0684	0.2044	-1.0000
0.1185	-0.0144	-2.0000
-0.2875	-0.1377	0.0000
0.2044	0.0242	-1.0000
0.2161	-0.3572	0.0000
-0.0080	-0.2870	0.0000
0.0011	-0.0023	-3.0000
0.0133	0.0266	-3.0000
-0.1755	-0.1094	-1.0000
-0.2151	0.0868	-1.0000
-0.0558	-0.1544	-2.0000
-0.2927	0.0396	-1.0000
0.2830	-0.2517	0.0000
-0.0802	-0.1149	-2.0000
-0.0120	0.0935	-2.0000
0.2035	-0.1463	-1.0000
-0.1501	-0.0439	-2.0000
-0.1640	0.1302	-1.0000
0.2180	0.1145	0.0000
0.0876	0.0766	-2.0000
-0.3023	-0.0811	0.0000
-0.0691	0.1649	-1.0000
-0.0594	-0.0775	-3.0000
-0.0517	0.2112	0.0000
-0.0265	-0.0754	-3.0000
-0.2861	0.1225	0.0000
-0.0228	-0.1072	-2.0000
0.1268	0.0028	-2.0000
-0.3425	-0.0463	0.0000
-0.0910	0.1398	-2.0000
-0.1130	-0.0320	-2.0000
-0.5000	-0.0017	0.0000
0.0066	0.0120	-3.0000
0.2045	-0.1076	-1.0000
0.0267	0.0213	-3.0000
0.0467	0.0410	-3.0000
0.0226	0.0459	-3.0000
-0.0043	-0.0756	-3.0000
-0.3557	0.0215	0.0000
0.2315	-0.3121	0.0000
-0.0424	0.1091	-2.0000
0.0730	0.0668	-2.0000
0.0621	0.3427	0.0000
-0.0103	0.0769	-3.0000
-0.0849	0.1786	-1.0000
0.0167	0.0464	-3.0000
0.1090	0.0114	-3.0000
-0.3536	-0.0561	0.0000
-0.0141	-0.0353	-3.0000
-0.1137	-0.1232	-2.0000
0.1735	-0.3614	0.0000
0.0117	-0.1358	-2.0000
0.1333	0.0218	-2.0000
-0.0414	-0.0187	-3.0000
0.1601	-0.3602	0.0000
0.0533	0.1176	-1.0000
-0.1387	0.1432	-1.0000
0.1774	-0.0740	-1.0000
-0.0022	0.0154	-3.0000
0.1721	0.4168	0.0000
-0.2175	-0.0971	-1.0000
0.1169	0.0142	-2.0000
-0.0002	0.1005	-2.0000
0.2519	0.2148	0.0000
0.2443	-0.1975	0.0000
-0.1996	0.1106	-1.0000
0.0258	-0.1157	-2.0000
0.0044	-0.0219	-3.0000
-0.1354	-0.0333	-2.0000
-0.0137	0.1010	-2.0000
0.1335	0.2265	0.0000
0.2511	-0.1166	0.0000
-0.1429	-0.0666	-2.0000
0.0236	0.2395	0.0000
0.0165	0.0239	-3.0000
0.0097	-0.1131	-2.0000
-0.0753	-0.1339	-2.0000
-0.0990	-0.0703	-2.0000
-0.1137	-0.1123	-2.0000
-0.0762	0.1221	-2.0000
-0.0121	-0.0081	-3.0000
0.1864	-0.1306	-1.0000
-0.0696	0.1306	-2.0000
0.0210	0.0272	-3.0000
0.2193	-0.1383	0.0000
0.0210	0.0249	-3.0000
-0.0264	0.1323	-2.0000
-0.0096	-0.1093	-2.0000
0.0611	-0.3530	0.0000
0.0011	-0.0136	-3.0000
0.0517	0.1912	0.0000
0.2049	-0.1338	-1.0000
-0.0957	-0.1787	-1.0000
-0.1663	-0.0755	-1.0000
-0.1418	0.1039	-2.0000
0.0072	-0.0012	-3.0000
0.0199	0.1398	-1.0000
0.1941	-0.0742	-1.0000
0.1121	0.0099	-2.0000
0.2356	0.0835	0.0000
0.0515	0.0419	-3.0000
0.1639	0.0401	-1.0000
-0.1248	-0.0291	-2.0000
0.0985	0.1463	-1.0000
0.1131	0.0110	-2.0000
-0.3029	0.0857	0.0000
-0.0817	0.1514	-1.0000
0.1840	-0.2795	-1.0000
-0.1760	0.1080	-1.0000
-0.1386	-0.0641	-2.0000
-0.0999	0.1983	0.0000
-0.0454	0.1094	-2.0000
-0.0180	-0.0652	-3.0000
0.2386	0.0579	0.0000
-0.0747	-0.1560	-2.0000
-0.2360	0.1108	-1.0000
0.0098	0.0053	-3.0000
0.0422	0.0672	-2.0000
0.2599	0.1208	0.0000
0.0230	-0.2428	-1.0000
0.0082	0.0721	-3.0000
-0.1183	0.1181	-2.0000
0.2055	0.0095	-1.0000
-0.3902	0.0840	0.0000
-0.0283	-0.1243	-2.0000
-0.0184	-0.0090	-3.0000
0.0057	-0.0101	-3.0000
0.2353	0.0201	0.0000
0.1377	0.0089	-2.0000
-0.1132	-0.1187	-2.0000
-0.0980	0.1847	-1.0000
-0.3328	-0.0437	0.0000
0.1146	0.0534	-2.0000
-0.0198	0.1080	-2.0000
0.1639	-0.3409	0.0000
0.0008	0.1521	-1.0000
0.0123	0.0296	-3.0000
0.0119	0.0167	-3.0000
0.1807	-0.0643	-1.0000
-0.0705	-0.0735	-3.0000
0.0367	0.0503	-3.0000
0.0053	0.0689	-3.0000
0.0537	0.0665	-2.0000
0.1014	0.1134	-1.0000
0.1674	0.0219	-1.0000
0.0268	0.0494	-3.0000
0.0150	-0.1799	-2.0000
0.1391	0.0146	-2.0000
-0.3149	-0.0944	0.0000
0.0881	0.0446	-2.0000
0.0124	0.0304	-3.0000
0.0021	-0.1503	-2.0000
0.0120	0.0063	-3.0000
0.0313	0.0475	-3.0000
0.1493	0.2482	0.0000
0.0056	-0.0450	-3.0000
0.0081	0.0334	-3.0000
-0.3040	-0.0920	0.0000
-0.4153	0.0644	0.0000
0.1339	-0.2729	-1.0000
-0.0174	-0.0080	-3.0000
-0.0947	-0.0695	-3.0000
-0.0928	-0.2115	0.0000
-0.0574	-0.0943	-3.0000
-0.2704	0.1252	0.0000
-0.1871	-0.0379	-1.0000
-0.0168	0.2871	0.0000
0.0074	0.1300	-2.0000
-0.0212	-0.0609	-3.0000
0.1302	0.0063	-2.0000
-0.0398	-0.0487	-3.0000
0.0190	0.0983	-2.0000
0.0008	0.0129	-3.0000
-0.0130	-0.0024	-3.0000
-0.2164	0.1541	0.0000
-0.0134	-0.0437	-3.0000
-0.0235	-0.1147	-2.0000
0.2544	-0.3849	0.0000
-0.1919	0.0821	-1.0000
-0.0961	0.1263	-2.0000
0.1286	-0.3924	0.0000
-0.0153	-0.1539	-2.0000
-0.0021	-0.0198	-3.0000
0.0785	0.0475	-2.0000
0.1008	0.3802	0.0000
-0.0089	-0.0112	-3.0000
-0.1814	-0.1441	-1.0000
-0.2045	-0.0955	-1.0000
0.2463	0.1706	0.0000
-0.3221	-0.0958	0.0000
0.2647	-0.1647	0.0000
-0.1418	-0.1318	-1.0000
0.0271	0.0618	-3.0000
0.0182	0.0181	-3.0000
-0.1100	-0.1427	-2.0000
-0.2224	-0.0298	-1.0000
-0.0120	-0.0550	-3.0000
0.1885	0.0508	-1.0000
0.0473	0.0735	-2.0000
0.0133	0.0350	-3.0000
-0.3100	0.0555	0.0000
0.2263	-0.0200	0.0000
-0.0493	0.2070	-1.0000
-0.0986	-0.1493	-2.0000
0.0335	0.0278	-3.0000
0.1958	-0.1380	-1.0000
0.1887	0.0107	-1.0000
-0.0043	-0.1703	-2.0000
-0.2333	0.0648	-1.0000
0.0001	0.0771	-3.0000
0.0101	0.0171	-3.0000
-0.1528	-0.1722	0.0000
0.0656	-0.3084	0.0000
-0.2516	-0.0858	-1.0000
0.0044	-0.0602	-3.0000
-0.1240	-0.1601	-1.0000
-0.1458	0.1079	-2.0000
0.0365	0.0512	-3.0000
0.2210	0.0803	0.0000
0.2162	-0.0350	-1.0000
0.0129	0.0264	-3.0000
0.2361	0.1569	0.0000
-0.0901	-0.0857	-2.0000
-0.0861	-0.1647	-2.0000
0.0568	0.0831	-2.0000
0.0052	-0.0460	-3.0000
0.0596	0.1121	-1.0000
-0.0070	0.0080	-3.0000
0.0230	0.0201	-3.0000
0.0539	0.0388	-3.0000
