0.0799	0.1681	-3.0000
0.2210	-0.0458	-2.0000
-0.1011	-0.4850	-1.0000
-0.0584	-0.5661	0.0000
0.2054	-0.1421	-3.0000
0.1301	0.2350	-2.0000
0.0550	-0.0838	-3.0000
0.1985	0.2493	-2.0000
-0.2246	-0.2771	-2.0000
-0.3904	-0.4017	0.0000
-0.4045	0.3255	0.0000
-0.1559	0.1571	-1.0000
0.1302	-0.3025	-2.0000
0.3729	-0.2757	0.0000
0.3143	-0.0901	-1.0000
-0.1973	-0.3530	-1.0000
0.2574	-0.2477	-2.0000
-0.0031	0.0885	-3.0000
-0.0084	0.2801	0.0000
0.5440	0.0451	0.0000
0.4140	0.1723	0.0000
-0.0490	0.0578	0.0000
-0.3042	0.0602	-2.0000
-0.0681	-0.2626	-1.0000
-0.3681	-0.5339	0.0000
-0.0138	0.0187	-1.0000
0.0823	0.0983	-3.0000
0.4559	0.1402	-1.0000
0.0114	-0.1949	-3.0000
0.4094	-0.5638	0.0000
0.0155	0.1074	0.0000
-0.0876	0.3480	-2.0000
0.2417	-0.2347	-2.0000
-0.1122	-0.5407	-1.0000
0.1751	-0.6836	0.0000
-0.0091	-0.2923	-3.0000
0.4606	-0.3285	0.0000
0.0931	0.2429	-3.0000
0.4990	-0.4695	0.0000
0.2507	0.0159	-2.0000
0.1270	0.0029	-1.0000
-0.1257	-0.3114	-2.0000
0.2335	0.1041	-3.0000
-0.1103	-0.1361	-2.0000
0.3602	-0.0892	-2.0000
-0.4655	-0.0658	0.0000
0.1072	-0.7050	0.0000
0.1128	0.2181	-3.0000
0.1510	0.3605	-1.0000
-0.1026	-0.3788	-1.0000
-0.1956	0.3434	-1.0000
0.1290	0.2696	-2.0000
-0.4104	0.1131	0.0000
-0.0648	-0.1871	-2.0000
0.2918	-0.1237	0.0000
-0.0810	0.4876	-1.0000
-0.0679	0.3380	-2.0000
0.4007	-0.2442	0.0000
0.0306	0.0808	-3.0000
-0.3710	-0.1285	-1.0000
0.0959	0.0994	-3.0000
-0.6198	0.4032	0.0000
0.3000	0.0453	-2.0000
0.8081	0.2141	0.0000
0.9196	0.1084	0.0000
-0.1019	-0.0480	-3.0000
0.0441	0.0081	-3.0000
-0.2217	-0.5320	0.0000
-0.1955	0.0532	-3.0000
-0.1835	-0.0809	-3.0000
0.2629	0.0869	-3.0000
0.1531	0.0545	-2.0000
-0.2194	0.1346	-3.0000
0.2866	-0.1239	-2.0000
-0.1967	-0.3567	-2.0000
-0.1139	0.0382	-1.0000
0.0272	0.3396	-1.0000
-0.3296	-0.0280	-2.0000
-0.1388	0.3593	-1.0000
-0.0571	0.0921	-3.0000
0.1823	0.0760	-3.0000
0.1318	-0.1199	-3.0000
0.2762	-0.3564	0.0000
0.0092	0.1193	-3.0000
-0.0177	-0.0456	-3.0000
0.1382	0.3755	-1.0000
0.0069	-0.3943	-1.0000
0.0959	0.0758	-3.0000
0.0588	0.4812	-1.0000
-0.2351	0.3170	-1.0000
-0.0903	-0.3363	-2.0000
-0.0167	-0.1780	-1.0000
-0.1222	0.1548	-2.0000
-0.2474	-0.0154	-2.0000
0.0552	0.0684	0.0000
0.0273	0.0955	-3.0000
0.0694	0.3451	-1.0000
-0.0034	0.3011	-2.0000
0.3000	-0.0233	-2.0000
0.0583	0.2762	-2.0000
0.0373	-0.2298	-3.0000
0.3717	-0.5668	0.0000
-0.5395	-0.0458	-1.0000
0.5699	0.0364	0.0000
-0.2039	0.1178	-2.0000
0.6582	-0.2072	0.0000
-0.1377	-0.2959	0.0000
0.1201	-0.2749	-3.0000
0.0554	-0.0103	-2.0000
-0.0107	-0.2284	0.0000
0.0356	0.0571	-1.0000
0.0140	-0.0921	-3.0000
-0.0993	-0.4076	-1.0000
-0.4425	-0.1825	-1.0000
-0.3145	-0.0425	-2.0000
0.4040	-0.3357	-1.0000
0.2206	0.3068	-2.0000
0.2012	0.2103	-2.0000
0.2802	0.4006	-1.0000
0.0472	0.3866	0.0000
-0.1467	0.0543	-1.0000
-0.2058	0.3506	-1.0000
-0.5799	0.0990	0.0000
-0.4181	-0.0956	-1.0000
-0.1994	0.3730	-1.0000
-0.0202	-0.1501	-3.0000
0.2260	0.3910	-1.0000
0.1922	0.2705	-2.0000
0.2094	-0.5976	0.0000
0.1245	0.0794	-3.0000
-0.0126	-0.2620	-2.0000
-0.1266	-0.2447	-1.0000
-0.1454	-0.1832	-3.0000
0.3478	-0.0296	-1.0000
0.3194	0.1031	-2.0000
-0.1777	-0.2843	-2.0000
-0.0625	0.2785	-2.0000
0.0148	0.4102	-2.0000
-0.0013	0.2512	-1.0000
0.0240	-0.0307	-2.0000
-0.0082	0.1640	-3.0000
0.0463	0.3347	-2.0000
0.3206	0.0929	-1.0000
0.0903	0.0690	-1.0000
-0.1769	-0.0804	-1.0000
0.1779	-0.3912	-1.0000
0.3846	-0.3307	-1.0000
0.3186	0.1260	-2.0000
0.1890	0.1485	-3.0000
-0.6741	-0.0765	0.0000
0.1127	0.2116	-3.0000
-0.3288	0.6490	0.0000
-0.1127	-0.2336	-3.0000
0.2932	0.2814	-1.0000
-0.2093	-0.2995	-2.0000
0.1792	0.3683	-1.0000
-0.3570	-0.3136	0.0000
0.0278	0.1566	-1.0000
-0.4594	0.2507	-1.0000
0.2605	0.1236	-1.0000
-0.2585	-0.2390	-2.0000
0.4263	-0.5482	0.0000
-0.0784	-0.3645	-1.0000
0.0547	0.1824	-3.0000
0.0121	0.2236	-3.0000
0.0007	0.2044	-3.0000
-0.3492	0.0282	0.0000
0.0142	0.2214	-1.0000
0.3734	-0.1205	-1.0000
0.2252	0.0054	-3.0000
0.3889	-0.0185	-1.0000
-0.0208	-0.1897	-3.0000
0.2506	-0.6022	0.0000
0.4164	-0.4621	0.0000
-0.2413	-0.5708	0.0000
0.0888	0.1169	-3.0000
-0.1081	0.0067	-2.0000
0.1808	-0.1637	0.0000
0.1169	-0.1462	-3.0000
-0.2042	-0.0376	-1.0000
0.4662	0.2125	-1.0000
0.0333	0.1920	-2.0000
-0.1996	0.6676	0.0000
0.0931	-0.0936	-1.0000
0.1336	0.1549	-3.0000
-0.1641	-0.0180	0.0000
-0.3379	0.3686	-1.0000
0.3085	0.1775	-2.0000
0.0500	0.3147	0.0000
-0.2539	-0.2100	-2.0000
-0.3440	-0.1715	-1.0000
-0.3898	0.6205	0.0000
-0.3494	-0.0936	-2.0000
0.2149	-0.0031	-1.0000
0.0449	0.2167	0.0000
0.0209	0.0387	-3.0000
-0.0025	0.0228	-3.0000
-0.2414	0.3140	-1.0000
-0.0740	0.3946	-2.0000
0.0313	-0.7440	0.0000
-0.1190	-0.1808	-2.0000
0.1074	0.3533	-1.0000
0.1155	-0.2923	-1.0000
-0.3501	0.2897	-1.0000
-0.1780	-0.0888	-3.0000
0.0162	-0.6969	0.0000
-0.3222	0.2413	-2.0000
0.3767	0.1634	-1.0000
0.0066	0.0901	-1.0000
0.1043	-0.1997	-2.0000
-0.2535	-0.4820	-1.0000
0.1500	0.4775	-1.0000
0.2181	0.2435	-2.0000
0.5547	0.4151	0.0000
0.2737	-0.0337	-3.0000
-0.4257	-0.1813	-1.0000
0.1609	0.3396	-2.0000
0.1418	0.0465	-2.0000
0.1279	0.1596	-3.0000
-0.2818	-0.0477	-2.0000
0.1614	0.2140	-2.0000
0.2235	0.2214	-2.0000
-0.3844	0.0602	-1.0000
0.0846	-0.1105	-1.0000
-0.1527	-0.2644	-2.0000
-0.4048	0.0402	-1.0000
0.1623	0.3132	-2.0000
-0.0969	-0.5052	0.0000
-0.4956	0.5811	0.0000
-0.3548	0.1885	-2.0000
0.1795	0.2374	-3.0000
-0.3977	0.1034	-1.0000
-0.2946	0.1544	-2.0000
0.6669	-0.1914	0.0000
-0.1158	0.0361	-3.0000
-0.1255	-0.2236	-3.0000
-0.5857	0.0306	0.0000
0.1074	0.1127	0.0000
-0.0038	-0.0674	-3.0000
-0.1967	0.4064	-1.0000
0.3792	-0.1511	-1.0000
-0.1092	0.1258	-3.0000
0.0773	-0.0093	-3.0000
-0.1942	-0.4500	-1.0000
-0.2462	0.1802	0.0000
0.2016	-0.1529	-3.0000
-0.0326	0.2017	-3.0000
0.3262	0.2242	-2.0000
-0.1297	0.1815	-1.0000
-0.0093	-0.0265	-3.0000
0.1370	0.3577	-2.0000
0.1388	0.1096	-2.0000
0.1413	0.0631	-3.0000
-0.2043	-0.1524	-2.0000
-0.2757	0.4673	-1.0000
-0.1032	0.0753	-3.0000
-0.1411	-0.3744	0.0000
0.2442	-0.5440	0.0000
-0.8854	0.0358	0.0000
0.5724	0.1051	0.0000
0.3136	-0.3546	-1.0000
-0.3537	-0.6577	0.0000
-0.4250	-0.3975	-1.0000
-0.4079	-0.0762	-1.0000
0.0243	-0.1657	-3.0000
-0.1122	-0.7163	0.0000
0.4217	-0.4011	0.0000
0.2119	-0.2582	-1.0000
-0.1491	-0.4318	-1.0000
0.0825	0.5790	0.0000
-0.0369	-0.2557	-3.0000
0.0955	0.0285	-3.0000
0.0306	-0.2868	-2.0000
0.2282	0.3011	-2.0000
0.5421	0.0380	0.0000
0.3244	0.1033	-2.0000
0.0034	0.1078	-3.0000
0.2882	0.8784	0.0000
0.4850	-0.4699	0.0000
0.1599	-0.1819	-3.0000
-0.0159	0.2295	-3.0000
-0.5563	0.4835	0.0000
0.5213	0.1495	0.0000
0.0704	0.2335	0.0000
0.1915	-0.0763	-2.0000
0.5262	-0.1154	-1.0000
0.0340	-0.3294	-2.0000
-0.2923	0.4999	0.0000
-0.3352	-0.1361	-2.0000
-0.5111	-0.0336	0.0000
0.3639	0.0929	-2.0000
0.1671	-0.0430	-3.0000
0.0997	0.1007	0.0000
0.0433	0.0209	-3.0000
-0.0988	0.0321	-1.0000
0.1162	0.0256	-3.0000
-0.4366	0.1942	0.0000
0.0481	0.4226	-1.0000
0.5506	0.4833	0.0000
-0.2535	-0.4258	0.0000
0.1110	0.1303	-3.0000
0.0499	0.1578	-3.0000
-0.0424	0.0937	-3.0000
-0.4351	0.3642	0.0000
0.4558	0.0826	-1.0000
0.3791	-0.5430	0.0000
-0.1790	-0.3176	-1.0000
0.2461	-0.0652	-2.0000
0.2588	0.0237	-3.0000
0.4218	0.0621	-1.0000
0.0874	-0.0299	-3.0000
-0.0791	-0.1335	-3.0000
-0.3785	0.3603	0.0000
-0.4158	-0.2179	-1.0000
0.0125	0.0013	-2.0000
-0.3074	-0.1651	-2.0000
0.1609	-0.1760	-2.0000
0.1864	0.0420	-1.0000
0.7321	-0.0600	0.0000
-0.0334	-0.0412	-3.0000
-0.1298	-0.4991	0.0000
-0.0116	0.1142	-2.0000
-0.0446	-0.3609	-2.0000
0.2237	0.2517	-2.0000
0.0466	0.0449	-3.0000
-0.3965	-0.0815	-1.0000
-0.0760	0.5189	0.0000
-0.7323	0.1201	0.0000
-0.3510	0.3566	-1.0000
-0.0373	0.1124	-2.0000
-0.2558	-0.0732	-2.0000
0.1075	0.1303	-3.0000
-0.1828	0.2765	-2.0000
0.0216	0.1187	-3.0000
-0.0856	0.5405	0.0000
-0.2889	-0.1536	-2.0000
-0.2262	0.0443	-3.0000
0.3876	-0.1288	-1.0000
0.0867	0.1577	-3.0000
-0.2203	-0.0328	0.0000
0.1046	-0.3303	-2.0000
-0.3315	-0.5284	0.0000
0.5735	0.2878	0.0000
-0.1072	0.3612	-1.0000
-0.4180	-0.0247	-2.0000
-0.0664	-0.0444	0.0000
0.1199	0.2169	-3.0000
-0.4594	-0.4870	0.0000
-0.0651	0.3551	-2.0000
0.4621	0.1115	0.0000
0.0702	0.1854	-1.0000
-0.5153	-0.1057	-1.0000
-0.1508	-0.3969	-2.0000
-0.1031	0.2958	-2.0000
-0.1609	-0.0741	-3.0000
-0.2440	-0.6405	0.0000
0.4226	-0.1495	-1.0000
-0.1832	-0.6592	0.0000
-0.1969	0.0762	-3.0000
-0.1016	0.4343	-1.0000
-0.1228	-0.8654	0.0000
-0.3410	-0.2404	-2.0000
-0.0060	-0.1473	-3.0000
0.2164	0.3394	-1.0000
-0.7411	-0.0097	0.0000
-0.0916	0.0306	-3.0000
-0.3580	-0.1994	-2.0000
-0.2644	0.0387	0.0000
0.0666	0.1390	-2.0000
0.2325	-0.0064	-2.0000
-0.4681	-0.3742	0.0000
0.2335	0.1372	-3.0000
0.3398	-0.2842	-2.0000
0.0910	0.0751	-3.0000
0.1405	-0.0157	-3.0000
-0.2291	0.3053	0.0000
-0.3501	0.3314	-1.0000
-0.4778	-0.5685	0.0000
0.0717	-0.5824	-1.0000
-0.1653	0.3511	-2.0000
-0.0168	0.4056	-2.0000
0.4985	0.5001	0.0000
-0.2524	0.1145	-3.0000
-0.1302	-0.0789	-3.0000
0.0807	-0.0636	-3.0000
0.1770	-0.0102	0.0000
0.3221	0.3759	0.0000
0.1062	0.4344	-1.0000
0.0564	-0.1632	-3.0000
0.0478	0.2242	-3.0000
0.1830	0.1978	-3.0000
0.2966	-0.0804	0.0000
0.4034	0.3569	-1.0000
-0.1952	-0.0575	-3.0000
0.0869	0.1717	-3.0000
-0.3810	0.2949	-1.0000
0.1510	-0.0187	-3.0000
0.1631	0.0294	-2.0000
-0.1224	0.1561	-1.0000
-0.4549	-0.4072	0.0000
-0.0776	-0.2138	-1.0000
0.2565	0.3234	-2.0000
0.0143	-0.0074	-3.0000
0.0019	0.0283	-2.0000
-0.2826	-0.6860	0.0000
-0.0601	-0.1214	-2.0000
-0.4567	-0.4619	0.0000
-0.3734	0.3255	-1.0000
-0.0119	0.0436	-1.0000
0.1786	0.1239	-3.0000
-0.3182	0.0853	-2.0000
-0.2606	0.0818	-2.0000
-0.5592	-0.5494	0.0000
0.2133	0.3157	-2.0000
0.3468	0.1240	-2.0000
0.0875	0.0388	0.0000
0.2766	-0.1902	-2.0000
-0.1830	0.2164	-2.0000
0.2039	0.1899	-2.0000
0.2033	-0.3540	-2.0000
-0.1984	-0.2009	-2.0000
0.0688	-0.1351	-2.0000
-0.1758	0.6622	0.0000
-0.2782	0.2600	-1.0000
0.1899	-0.4759	-1.0000
0.0495	0.4051	-1.0000
-0.0123	0.4275	-1.0000
0.1307	0.0417	-1.0000
-0.0272	-0.2109	-3.0000
-0.0689	-0.3285	-1.0000
0.6563	-0.1317	0.0000
-0.0420	0.7308	0.0000
-0.1234	0.0709	-3.0000
-0.1721	0.0320	-3.0000
-0.1646	-0.1430	-1.0000
0.2885	-0.2291	-2.0000
-0.5307	-0.5764	0.0000
0.3417	0.4990	0.0000
0.0850	0.2295	-3.0000
-0.2094	-0.2639	-2.0000
-0.0234	-0.0826	-3.0000
-0.3141	0.0290	-2.0000
-0.5263	-0.2964	-1.0000
-0.0374	-0.0979	-3.0000
-0.1132	0.2752	-2.0000
-0.6646	-0.0518	0.0000
-0.0723	0.6309	0.0000
-0.0750	-0.0437	-3.0000
-0.1978	0.5018	0.0000
-0.1058	-0.3091	-1.0000
0.0116	0.3039	-1.0000
-0.3441	0.0587	-2.0000
0.1330	-0.6696	0.0000
-0.1701	-0.0506	-3.0000
-0.7235	-0.0236	0.0000
0.2177	-0.0391	-1.0000
0.2477	0.3606	-2.0000
0.0969	0.0675	-3.0000
-0.3228	0.0302	-2.0000
0.1340	-0.4148	-1.0000
-0.5372	0.2444	0.0000
-0.0257	-0.1155	-3.0000
0.8794	-0.2382	0.0000
-0.0492	-0.0288	0.0000
-0.0004	0.2127	-3.0000
0.3149	-0.1858	-2.0000
-0.3875	-0.2992	-1.0000
0.3346	-0.3277	-1.0000
0.0937	0.2083	-2.0000
0.1082	-0.0421	-2.0000
-0.1369	0.3628	0.0000
-0.0910	0.1972	-2.0000
0.4149	-0.1550	-2.0000
-0.0727	-0.0392	-1.0000
-0.1180	0.1132	-3.0000
-0.3859	-0.2282	-1.0000
-0.2550	0.0963	-3.0000
0.1084	-0.2588	-2.0000
0.3084	-0.0986	-2.0000
0.4898	-0.1976	-1.0000
0.3351	-0.0377	-2.0000
-0.1885	-0.2763	-1.0000
0.1494	-0.2828	-1.0000
-0.2652	-0.3904	0.0000
0.4581	0.0743	0.0000
-0.1778	0.5385	0.0000
0.2266	0.0894	-2.0000
-0.2705	0.1263	-3.0000
0.0181	0.4737	0.0000
0.2825	-0.0693	-2.0000
0.3908	-0.3686	-1.0000
0.0998	0.4492	-1.0000
0.0020	-0.1499	-3.0000
-0.0287	-0.0806	-3.0000
-0.0406	-0.2755	-2.0000
0.0663	-0.4122	-1.0000
0.3067	0.6027	0.0000
-0.1510	0.4109	-1.0000
-0.1358	-0.0769	-3.0000
0.0072	-0.2244	-3.0000
-0.0331	-0.0086	0.0000
0.1650	-0.2872	-2.0000
-0.2690	-0.0327	-3.0000
-0.1251	0.3254	-2.0000
0.3517	0.0882	-2.0000
-0.0094	-0.3989	-2.0000
-0.2162	-0.2956	-2.0000
0.3453	0.0719	-2.0000
-0.0315	-0.0619	-3.0000
0.1257	0.0189	-3.0000
0.0675	0.2332	-2.0000
0.2712	0.2655	-2.0000
0.3072	0.3711	-1.0000
0.0189	-0.1248	-3.0000
0.3856	-0.7194	0.0000
-0.7573	0.2491	0.0000
0.3138	-0.3233	-2.0000
0.2165	0.2210	-2.0000
-0.3001	-0.0419	0.0000
-0.3708	0.4047	0.0000
0.3177	0.1339	-1.0000
0.2547	0.2834	0.0000
-0.0760	0.0646	-1.0000
-0.8377	0.1529	0.0000
0.3282	-0.1908	-2.0000
-0.0549	-0.3211	-2.0000
0.3241	0.0698	0.0000
-0.4860	0.2553	0.0000
0.0615	-0.0467	-3.0000
-0.1474	0.2052	-2.0000
0.1827	-0.4544	0.0000
0.0705	0.2154	-3.0000
0.2926	-0.1620	-1.0000
0.2463	-0.4486	-1.0000
-0.3978	-0.5182	0.0000
-0.3181	-0.0637	-2.0000
-0.4781	0.2173	0.0000
0.0169	-0.0708	-1.0000
-0.0381	0.1502	-3.0000
-0.0162	0.1211	0.0000
-0.0693	-0.2550	-3.0000
-0.0635	-0.2391	-3.0000
-0.6429	-0.0351	0.0000
0.2893	-0.2179	-2.0000
0.2329	0.0604	-1.0000
-0.4774	0.4488	0.0000
-0.1755	0.2200	-1.0000
-0.2757	-0.3155	-1.0000
-0.0857	0.7005	0.0000
0.3458	-0.2244	-2.0000
0.7947	-0.3549	0.0000
0.0385	-0.0342	-3.0000
-0.0035	0.2564	-2.0000
0.0677	-0.0946	-3.0000
0.0525	-0.2286	-2.0000
0.3348	-0.2997	-1.0000
-0.1910	0.3512	-1.0000
0.2964	-0.3393	-1.0000
0.4036	-0.2842	-1.0000
-0.1424	0.0058	-3.0000
0.1919	0.4741	-1.0000
0.4259	-0.3228	-1.0000
-0.3333	0.2177	0.0000
-0.1093	-0.2256	-3.0000
0.2491	0.0858	-3.0000
-0.1953	0.1901	-2.0000
0.2065	0.3489	-1.0000
-0.0229	-0.2485	-3.0000
0.2926	0.2620	-1.0000
0.0702	-0.1945	0.0000
0.1560	0.2100	-1.0000
0.0392	-0.0276	-3.0000
0.1782	0.1001	-3.0000
-0.3879	-0.4247	-1.0000
0.0177	-0.0573	-3.0000
-0.0079	0.1631	-2.0000
-0.4334	-0.3588	-1.0000
0.0322	0.0286	-3.0000
-0.5558	0.3767	0.0000
-0.2027	-0.1062	-3.0000
0.0883	0.1715	0.0000
-0.8181	0.1971	0.0000
0.0486	0.1503	-3.0000
-0.4371	0.5109	0.0000
0.4629	-0.1264	-1.0000
0.2982	-0.0843	-1.0000
-0.6896	-0.0736	0.0000
-0.0445	0.0809	-3.0000
0.1461	0.0787	-3.0000
0.1484	0.1245	-3.0000
0.2361	0.0617	-2.0000
0.1786	-0.1070	-3.0000
-0.1050	0.1666	-2.0000
0.4493	-0.4633	-1.0000
0.0061	0.2851	0.0000
-0.1867	0.0305	-3.0000
0.2610	0.0327	-2.0000
-0.3719	0.3127	-1.0000
0.0556	0.2492	-2.0000
0.0422	-0.0545	-3.0000
0.3060	0.1467	-2.0000
0.0554	0.1869	-3.0000
-0.2119	-0.4428	-1.0000
0.0278	0.4679	-1.0000
0.2090	0.2382	-2.0000
0.0404	0.2286	-2.0000
0.2234	-0.2886	-2.0000
-0.0710	0.1730	-2.0000
-0.0079	-0.0162	-3.0000
0.0096	-0.2258	-3.0000
0.0885	0.1486	-2.0000
-0.3442	-0.0232	-1.0000
-0.1335	0.0637	-3.0000
0.3299	0.1257	-1.0000
0.7059	0.3207	0.0000
0.2630	0.1949	-1.0000
-0.4739	0.4545	0.0000
0.1102	0.0998	-1.0000
0.4133	0.2593	0.0000
0.1350	0.2728	-3.0000
-0.0260	-0.3753	-1.0000
-0.4373	0.4821	0.0000
0.5391	0.3066	0.0000
-0.0107	-0.1760	-3.0000
0.1050	0.2121	-3.0000
-0.7066	0.2976	0.0000
0.3339	0.0014	-2.0000
0.0654	0.1438	-3.0000
-0.2682	-0.0035	-3.0000
0.1974	0.1503	-3.0000
-0.4854	-0.0013	0.0000
0.0372	0.0548	-3.0000
-0.3700	-0.0283	-2.0000
-0.0068	0.1301	-3.0000
0.1399	0.1446	-3.0000
0.0751	0.1611	-3.0000
0.0448	-0.4217	-1.0000
-0.3305	0.2246	0.0000
-0.5992	-0.3279	0.0000
0.1020	-0.1664	-1.0000
-0.2627	-0.2188	-2.0000
0.2632	-0.1906	-2.0000
0.1688	0.0624	-3.0000
-0.1590	0.0224	0.0000
-0.2912	0.3715	0.0000
-0.0639	-0.1819	-3.0000
0.0976	-0.4400	0.0000
0.3645	0.4479	0.0000
0.1399	0.2986	-2.0000
0.3131	-0.2499	-2.0000
0.2153	-0.3739	-2.0000
0.1347	0.1489	-3.0000
0.1670	0.0508	-1.0000
0.0698	-0.0826	-3.0000
0.4589	0.1806	-1.0000
-0.0700	0.1710	-2.0000
-0.3490	-0.5641	0.0000
-0.2286	0.1938	0.0000
-0.2337	0.5344	0.0000
0.0635	0.0021	-3.0000
0.5879	-0.3935	0.0000
-0.2733	-0.3493	-1.0000
0.0091	-0.0957	-3.0000
-0.3078	-0.1502	-2.0000
0.4314	0.3698	-1.0000
-0.1171	-0.2009	-2.0000
-0.0251	0.1546	-3.0000
-0.0306	0.0852	-3.0000
0.1150	0.1884	-2.0000
-0.4628	-0.6112	0.0000
-0.6034	0.1310	0.0000
0.0522	0.1706	-3.0000
-0.5071	0.0024	-1.0000
0.2306	-0.0403	-3.0000
0.3634	0.0738	-1.0000
0.0351	0.1365	-3.0000
0.0186	0.1167	-3.0000
0.5296	-0.5092	0.0000
-0.3438	0.6339	0.0000
0.0945	-0.1387	-3.0000
0.6385	0.1415	0.0000
-0.1073	-0.2125	-3.0000
-0.5404	0.6095	0.0000
0.3196	-0.1478	-2.0000
0.2984	0.0962	-2.0000
-0.0812	0.0519	-3.0000
0.5121	-0.0749	0.0000
0.1661	-0.1338	-2.0000
-0.0680	0.2639	-2.0000
-0.4492	-0.1044	0.0000
0.0500	-0.2668	-3.0000
0.2908	-0.0055	-2.0000
0.3770	-0.1230	-1.0000
0.1111	0.1646	-3.0000
0.3100	0.0511	-1.0000
-0.1093	-0.0360	-1.0000
0.3392	0.0853	-2.0000
0.0527	0.0937	-1.0000
0.5798	-0.4688	0.0000
0.0839	0.1174	0.0000
0.1559	-0.0310	-2.0000
-0.1285	0.0931	-3.0000
-0.3651	-0.0575	-1.0000
0.0556	-0.3131	-3.0000
0.2419	0.0294	-1.0000
-0.5404	0.1361	0.0000
-0.5132	0.3923	0.0000
0.0361	0.0823	-3.0000
0.0021	-0.3030	-2.0000
0.0779	0.0886	-3.0000
-0.5889	-0.4605	0.0000
0.0277	-0.2747	-3.0000
0.3070	0.0809	-2.0000
0.2094	-0.4747	0.0000
0.3847	0.1294	-1.0000
0.0735	0.0626	-1.0000
0.0342	0.0667	-3.0000
0.4190	-0.0370	-1.0000
0.0711	0.0744	-3.0000
0.2170	0.3117	-2.0000
0.1753	-0.4086	-1.0000
-0.2570	-0.0399	-1.0000
-0.2652	0.4332	0.0000
0.0515	0.1690	-3.0000
-0.0278	0.1355	-3.0000
0.4875	-0.5005	0.0000
-0.4288	-0.5714	0.0000
0.1289	0.1546	0.0000
0.0348	0.0895	-3.0000
-0.0371	-0.3414	-2.0000
-0.0253	0.2790	-2.0000
-0.1080	0.1246	-1.0000
-0.0239	-0.1933	0.0000
0.0453	-0.0496	-3.0000
-0.3912	-0.0200	-1.0000
0.3555	0.1310	-1.0000
0.5726	-0.5642	0.0000
0.0975	0.3097	-2.0000
-0.1944	-0.1902	-1.0000
0.3368	-0.3336	-1.0000
0.1265	0.3173	-2.0000
-0.4127	-0.3258	-1.0000
0.0257	0.4969	0.0000
0.6613	-0.4247	0.0000
-0.2074	-0.2334	-2.0000
0.1716	0.1783	-3.0000
-0.0669	0.2150	-2.0000
0.3645	0.4782	0.0000
0.3935	-0.1029	-1.0000
-0.1153	0.0661	-3.0000
-0.2488	-0.2828	-2.0000
0.0248	0.2866	-3.0000
0.1738	-0.1986	0.0000
0.2937	0.2487	-2.0000
0.1713	0.0924	-3.0000
0.0880	-0.3541	0.0000
-0.0456	-0.0343	-3.0000
0.0925	-0.0828	-3.0000
0.0180	0.2237	0.0000
0.3297	0.2096	-2.0000
0.2002	0.1838	-3.0000
0.1312	-0.2065	-3.0000
-0.4564	-0.5419	0.0000
0.1879	-0.0180	-3.0000
0.0438	0.3624	-2.0000
0.1613	-0.0517	-3.0000
-0.4680	-0.3377	0.0000
-0.2036	0.1962	-2.0000
0.3718	0.1559	-1.0000
0.2085	0.0780	-3.0000
0.1814	-0.2497	-2.0000
-0.1111	-0.1092	-3.0000
-0.1630	-0.2820	-1.0000
0.2426	0.2514	-1.0000
-0.1240	0.3876	0.0000
0.0231	0.3540	-2.0000
0.3358	-0.5242	0.0000
-0.1230	0.0825	-1.0000
-0.1586	0.0325	-2.0000
0.2557	0.0481	-3.0000
0.1664	-0.6259	0.0000
-0.0468	0.0671	-2.0000
-0.5288	-0.1218	-1.0000
0.1931	0.0102	-3.0000
-0.1766	-0.3904	-1.0000
0.3412	-0.7053	0.0000
0.0328	-0.3102	-2.0000
-0.2839	-0.1696	-2.0000
0.6210	-0.0968	0.0000
-0.0246	-0.0955	0.0000
0.0792	0.1909	-3.0000
-0.3184	-0.2685	-1.0000
0.1089	0.3545	0.0000
-0.5741	-0.0501	0.0000
0.0829	0.0274	-3.0000
-0.0869	-0.1849	-1.0000
0.2660	0.0959	-2.0000
0.0755	0.0923	-3.0000
0.3185	-0.0548	-2.0000
0.0014	0.1745	-3.0000
-0.7043	0.2921	0.0000
0.0205	0.3775	0.0000
-0.2602	0.1585	-2.0000
-0.3329	-0.1659	-1.0000
-0.0193	0.0999	-2.0000
0.4590	-0.0682	0.0000
0.1015	0.1399	-3.0000
0.5841	0.0287	0.0000
0.1650	-0.2204	-1.0000
0.1744	-0.0680	0.0000
-0.5450	0.4527	0.0000
0.0398	0.1101	-1.0000
0.2134	-0.0953	-3.0000
-0.0118	0.2546	-3.0000
-0.1619	0.0892	-3.0000
-0.1238	-0.3486	-2.0000
0.4720	0.0818	-1.0000
-0.1956	0.0322	-3.0000
-0.1777	-0.6618	0.0000
-0.5160	-0.3795	0.0000
-0.7824	0.3311	0.0000
-0.0456	0.2616	0.0000
-0.1662	-0.0927	-3.0000
-0.2794	-0.1502	-2.0000
0.1269	-0.4091	-1.0000
-0.0884	-0.1608	-3.0000
0.1592	-0.0431	-3.0000
0.3017	-0.1790	-2.0000
-0.1463	-0.1146	-3.0000
-0.0386	-0.1781	0.0000
0.3704	0.4624	0.0000
-0.1505	0.3042	-1.0000
0.2783	-0.0276	-2.0000
0.3008	0.2541	-2.0000
0.0091	0.1044	-3.0000
0.0841	0.1039	-3.0000
-0.4887	-0.3404	-1.0000
0.2293	-0.3133	-2.0000
-0.5756	0.1860	0.0000
0.1374	0.1664	-1.0000
-0.5236	-0.3976	0.0000
0.0503	-0.7180	0.0000
0.0377	-0.4096	-1.0000
0.0364	0.3249	-2.0000
-0.1761	-0.0827	-1.0000
0.0675	0.2219	-2.0000
0.1907	0.3210	-2.0000
-0.4440	0.2990	0.0000
-0.1761	-0.2463	-3.0000
0.5300	-0.3012	0.0000
0.0064	-0.0697	-3.0000
0.1560	0.2750	-2.0000
0.0937	-0.0059	-3.0000
0.5534	0.0468	0.0000
0.0933	-0.3712	-2.0000
-0.1894	-0.2313	-3.0000
0.3949	-0.1888	-2.0000
0.2130	0.4852	0.0000
0.3486	-0.0068	-1.0000
-0.2388	0.0840	-1.0000
-0.2970	-0.3330	-1.0000
-0.0185	0.3501	-2.0000
0.0569	0.1033	-3.0000
-0.2425	-0.0885	-3.0000
0.1368	-0.0669	-1.0000
0.1343	-0.1977	-3.0000
-0.0023	-0.1210	-3.0000
0.3143	0.3595	-1.0000
-0.3458	0.1853	-2.0000
0.0387	0.0617	-3.0000
-0.0474	0.3627	-2.0000
0.3585	-0.0461	0.0000
-0.0617	0.1289	-2.0000
0.1557	0.0789	-3.0000
-0.3191	-0.1498	-2.0000
0.2412	0.1823	-3.0000
0.3375	0.1995	-2.0000
0.5456	0.1933	-1.0000
-0.0340	0.1626	-3.0000
-0.0735	-0.7310	0.0000
0.1053	-0.0712	-2.0000
0.5081	-0.0711	-1.0000
0.0126	0.2794	-3.0000
0.2041	0.5374	0.0000
-0.6061	0.4554	0.0000
-0.1448	-0.3405	-2.0000
0.2571	0.3880	0.0000
0.3450	0.2455	-2.0000
0.5718	0.4476	0.0000
0.3290	-0.0700	-2.0000
0.5357	0.4465	0.0000
0.2903	0.4754	0.0000
0.0950	-0.1097	-3.0000
0.4827	0.2382	-1.0000
0.1354	-0.0694	-3.0000
0.2761	0.0715	-2.0000
-0.2786	-0.4099	-1.0000
0.4176	0.0873	0.0000
-0.3060	-0.3502	-1.0000
0.2755	0.0292	-1.0000
0.3200	-0.3834	0.0000
0.0982	0.0456	-3.0000
-0.3279	-0.2605	0.0000
0.0132	0.0772	-3.0000
0.0232	-0.3643	-2.0000
-0.3644	0.5918	0.0000
-0.8826	0.0418	0.0000
-0.1563	0.0182	-2.0000
0.1950	0.1405	-3.0000
-0.2807	-0.6736	0.0000
0.1931	0.2321	-3.0000
0.0572	-0.2760	-3.0000
0.9931	0.0426	0.0000
-0.1677	0.0198	-3.0000
-0.1797	0.1043	-3.0000
-0.2463	-0.4501	-1.0000
0.4275	-0.4682	0.0000
-0.1471	-0.1372	-2.0000
0.1814	-0.5733	0.0000
-0.3969	-0.2739	-2.0000
-0.2244	-0.0304	-2.0000
0.0187	-0.2692	-3.0000
0.7132	-0.0222	0.0000
0.3064	0.1794	-2.0000
-0.0009	-0.2322	-1.0000
-0.2192	0.0747	-2.0000
0.0627	-0.0236	-3.0000
-0.3526	-0.2315	-2.0000
0.3126	-0.1491	-2.0000
-0.1973	0.2175	-2.0000
0.3779	0.2723	0.0000
-0.5291	-0.2287	0.0000
-0.0708	0.4074	-2.0000
0.5164	0.0804	-1.0000
-0.0035	-0.7961	0.0000
0.3017	-0.2817	-2.0000
0.0667	-0.0632	-3.0000
0.0330	0.0466	-3.0000
0.3973	0.2603	-1.0000
-0.3248	0.6095	0.0000
-0.5631	-0.5331	0.0000
-0.4967	-0.2804	0.0000
0.1877	-0.0945	-3.0000
0.1344	-0.1363	-3.0000
-0.0525	0.2659	-2.0000
0.3512	-0.1928	-2.0000
-0.2717	-0.0545	-2.0000
0.1821	0.2978	-2.0000
-0.1928	-0.0680	-2.0000
-0.0038	-0.7823	0.0000
-0.3766	-0.5653	0.0000
0.0733	0.0945	-3.0000
0.3574	-0.2109	-1.0000
0.0326	-0.2962	-2.0000
0.0023	-0.0736	-3.0000
0.2448	0.2262	-2.0000
0.2070	0.0262	-1.0000
-0.7185	-0.0625	0.0000
0.7346	-0.3726	0.0000
-0.1462	0.0157	-3.0000
0.0127	-0.2943	-2.0000
0.3674	-0.1985	-2.0000
0.2750	0.4934	0.0000
0.4273	0.0222	-1.0000
0.0218	-0.1110	-3.0000
0.0732	0.4083	-2.0000
0.0303	0.0334	-3.0000
0.0199	-0.9059	0.0000
0.0956	0.0447	-3.0000
0.1142	0.2430	-2.0000
0.1078	0.0852	-3.0000
0.0617	0.0611	-3.0000
-0.1366	-0.2860	-2.0000
0.3944	0.2280	0.0000
-0.2955	0.3285	-2.0000
0.2186	0.2560	-2.0000
0.2397	-0.0558	-2.0000
-0.4383	-0.5616	0.0000
0.0936	0.1746	-3.0000
0.0420	-0.3692	0.0000
-0.2001	0.0507	-2.0000
-0.3352	0.1517	-2.0000
-0.0686	0.2106	-1.0000
-0.2345	0.0878	-2.0000
0.3012	0.1614	-2.0000
-0.0442	0.3093	-1.0000
0.4339	0.4365	0.0000
0.0506	-0.3171	-2.0000
0.5633	-0.3713	0.0000
0.0787	-0.2631	-3.0000
0.0183	-0.0588	-3.0000
-0.3113	0.4789	0.0000
0.1901	0.0249	-3.0000
-0.1308	0.1134	-1.0000
0.5166	0.4505	0.0000
0.0932	-0.1375	-3.0000
0.3537	0.1575	0.0000
0.1011	-0.1502	-3.0000
0.3089	0.2486	-2.0000
-0.2943	0.3012	-2.0000
-0.1591	-0.3660	-2.0000
0.0226	-0.3658	-2.0000
0.0408	0.0484	-3.0000
0.0232	-0.0909	0.0000
0.6248	-0.4055	0.0000
0.3680	0.2565	-1.0000
0.0630	0.1065	-3.0000
0.5969	0.3472	0.0000
-0.1080	0.0173	-3.0000
0.1032	0.0653	-3.0000
-0.5423	-0.4161	0.0000
-0.3939	0.3939	-1.0000
0.3631	-0.0182	-2.0000
-0.0095	0.0433	-3.0000
0.4026	0.2800	-1.0000
-0.3448	0.0487	-2.0000
-0.2407	-0.3735	-1.0000
-0.0006	0.3586	-2.0000
0.6785	0.3652	0.0000
-0.2094	0.2819	-1.0000
0.4270	-0.5868	0.0000
0.0358	0.0481	-3.0000
-0.4520	0.5088	0.0000
0.6308	-0.3341	0.0000
-0.1609	-0.1127	-2.0000
0.3163	-0.0742	-2.0000
0.4608	-0.5929	0.0000
-0.1195	-0.1312	0.0000
-0.4211	-0.4898	0.0000
0.3549	-0.2022	-1.0000
-0.2741	-0.3199	-2.0000
-0.4603	0.0560	0.0000
-0.0868	0.2717	-1.0000
0.2249	0.0034	-1.0000
0.1112	0.4685	-1.0000
-0.6210	-0.1540	0.0000
-0.1733	0.2872	-1.0000
-0.1938	0.0324	-3.0000
0.1424	0.3193	-2.0000
-0.3235	-0.1814	-2.0000
-0.2882	0.2213	-1.0000
-0.5873	0.3955	0.0000
-0.1850	-0.1835	0.0000
0.3145	0.3505	-1.0000
0.0729	-0.1829	-1.0000
-0.0962	-0.0861	-1.0000
0.2178	0.3378	-1.0000
-0.0824	0.0989	-3.0000
-0.3263	-0.6240	0.0000
-0.0809	0.1921	0.0000
0.0526	-0.0221	-3.0000
0.3415	0.1094	-1.0000
0.0341	-0.2705	-3.0000
-0.0715	-0.2591	-2.0000
-0.1694	0.0610	0.0000
0.3153	-0.0455	-2.0000
-0.2100	-0.0018	-3.0000
-0.2497	0.0454	-1.0000
0.0944	-0.0186	-3.0000
0.3987	0.1778	-1.0000
-0.0924	-0.4635	0.0000
-0.0150	0.6736	0.0000
0.2393	0.3675	-1.0000
0.2858	-0.1150	-2.0000
-0.1163	-0.0457	-3.0000
0.0502	-0.2998	-3.0000
0.0512	0.0673	-3.0000
-0.2066	-0.1779	0.0000
-0.0136	-0.2321	-3.0000
0.0072	-0.1278	-3.0000
0.2189	0.1282	-3.0000
0.5446	0.6099	0.0000
0.0863	0.3287	-2.0000
-0.2772	-0.4795	-1.0000
0.2734	-0.3485	-1.0000
-0.9251	0.0703	0.0000
-0.5103	-0.1199	-1.0000
0.3206	0.0768	-1.0000
-0.0421	0.2446	-1.0000
0.1769	0.1515	-3.0000
0.3111	0.3463	-1.0000
0.0088	0.0919	-2.0000
0.0237	0.2943	-2.0000
-0.0281	0.1545	-1.0000
-0.4154	0.3853	0.0000
-0.5041	-0.0449	-1.0000
-0.6154	0.2877	0.0000
0.0467	0.1577	-3.0000
-0.2913	-0.2218	-2.0000
-0.2024	-0.0764	-2.0000
-0.8659	0.0063	0.0000
0.0733	-0.2442	-1.0000
0.2743	0.3346	-1.0000
-0.4074	-0.4297	-1.0000
0.1054	0.2174	-3.0000
-0.0496	-0.0229	-3.0000
0.0383	0.1252	-3.0000
-0.0577	-0.1401	-3.0000
0.0533	0.3425	-1.0000
-0.1074	-0.0359	-2.0000
0.1269	-0.1061	-3.0000
0.0046	0.0241	-3.0000
0.5987	0.4070	0.0000
0.0567	-0.0583	-3.0000
-0.1396	0.0238	-3.0000
0.6115	0.1585	0.0000
0.3256	-0.1356	-1.0000
0.2141	0.1145	-3.0000
-0.2413	-0.1073	-2.0000
-0.1019	-0.2224	-2.0000
-0.3436	0.0949	-1.0000
0.1012	0.0916	-1.0000
-0.1847	-0.2207	-2.0000
-0.2972	-0.1844	-2.0000
-0.0681	0.1567	-3.0000
-0.2481	0.2667	-1.0000
0.2007	0.3548	0.0000
0.0065	0.3123	-2.0000
-0.0848	-0.0668	-3.0000
0.1756	0.2933	-1.0000
0.0815	-0.1808	-3.0000
-0.2705	-0.3887	0.0000
0.1223	0.0900	-3.0000
0.0272	0.2258	0.0000
0.1544	-0.3956	-2.0000
0.1418	-0.2619	-1.0000
-0.1795	-0.2592	-3.0000
-0.4386	0.1249	-1.0000
0.1442	0.4611	-1.0000
-0.0147	0.2853	-1.0000
0.3423	0.3369	-1.0000
-0.3980	0.1371	-1.0000
0.0908	0.2288	-3.0000
0.2775	-0.4073	-1.0000
-0.0787	0.0540	-1.0000
-0.2660	0.2358	-1.0000
-0.2078	-0.2240	-3.0000
-0.0222	-0.0605	-3.0000
0.3774	0.2514	-1.0000
-0.0808	0.3952	0.0000
0.0456	-0.1639	-2.0000
-0.0934	-0.1526	0.0000
0.7340	-0.1511	0.0000
0.0987	-0.1126	0.0000
0.4263	-0.4236	0.0000
0.0365	0.0455	0.0000
-0.1396	0.5203	-1.0000
0.2933	-0.2788	-1.0000
-0.2172	0.1648	-3.0000
0.2012	0.0405	-2.0000
-0.0515	-0.2618	-2.0000
-0.1987	-0.7100	0.0000
-0.3295	-0.0548	-1.0000
-0.5677	0.2497	0.0000
0.0935	-0.0658	-3.0000
-0.3483	-0.4893	0.0000
-0.1871	0.2592	-2.0000
0.1663	-0.4215	0.0000
-0.2794	0.0971	-2.0000
-0.1426	-0.0035	-3.0000
0.1164	0.0995	-2.0000
0.3333	-0.1163	-2.0000
0.0978	0.1721	-2.0000
-0.1323	-0.1278	-2.0000
0.2174	0.1734	-2.0000
0.0385	0.4785	-1.0000
0.1603	0.4348	-1.0000
-0.1217	0.3865	-1.0000
0.0799	-0.5404	0.0000
0.3212	-0.2969	-1.0000
-0.1273	0.1254	-3.0000
-0.1068	-0.6372	0.0000
0.0050	-0.0224	-3.0000
-0.2349	-0.2803	0.0000
-0.1562	-0.1069	-3.0000
-0.0554	-0.2868	-2.0000
0.0878	-0.3230	-2.0000
0.2624	-0.0584	-3.0000
-0.3777	0.6228	0.0000
-0.3791	0.5948	0.0000
-0.5757	-0.5342	0.0000
-0.1082	-0.1255	-3.0000
0.0398	0.0770	0.0000
-0.0108	-0.4251	-1.0000
0.0808	0.1373	-1.0000
-0.1165	0.0303	-3.0000
0.1897	-0.2518	-2.0000
0.0642	0.0804	0.0000
0.3112	0.2992	-1.0000
0.0936	-0.3003	-2.0000
0.3095	-0.3539	-1.0000
0.3286	0.0353	-2.0000
0.1536	-0.2253	-2.0000
-0.1541	0.5984	0.0000
0.0393	0.1229	-3.0000
-0.2319	0.2998	-1.0000
-0.7159	-0.0456	0.0000
0.1049	0.2072	-3.0000
-0.2776	-0.0094	-1.0000
-0.0499	0.3694	-1.0000
-0.0497	-0.7847	0.0000
-0.0918	-0.0563	-3.0000
-0.2298	-0.1711	-1.0000
-0.0429	-0.1085	-3.0000
0.4602	0.1266	-1.0000
0.6199	-0.2820	0.0000
-0.0038	0.0949	-3.0000
-0.2738	-0.3164	-1.0000
0.1568	0.0969	-3.0000
-0.0937	-0.1068	-3.0000
0.3879	-0.0189	-1.0000
0.1975	0.5743	0.0000
-0.3770	-0.3567	0.0000
-0.3910	0.5410	0.0000
0.0858	0.2946	-2.0000
-0.2655	0.2398	-1.0000
-0.0718	-0.0254	-3.0000
-0.3021	0.2103	-2.0000
0.0295	0.1152	-3.0000
0.1551	-0.6576	0.0000
-0.1352	-0.1540	-3.0000
0.1298	-0.1629	-3.0000
-0.0456	-0.4828	-1.0000
0.1928	-0.2229	-2.0000
0.1957	0.1773	-2.0000
0.2869	0.2626	0.0000
0.0286	0.2995	-2.0000
-0.1758	0.1239	-3.0000
-0.3859	-0.1459	-1.0000
0.5152	-0.6687	0.0000
0.3656	0.2041	-2.0000
0.1342	0.0843	-3.0000
-0.0932	-0.2493	-3.0000
0.4444	-0.6037	0.0000
-0.1657	0.0609	-2.0000
0.5928	0.0850	0.0000
0.6495	0.2606	0.0000
0.0662	-0.0141	-3.0000
-0.2349	-0.1409	-2.0000
-0.0033	-0.2392	-2.0000
-0.1883	-0.1658	-1.0000
0.0424	-0.0504	-3.0000
0.2023	-0.4284	-1.0000
-0.0303	-0.0950	-3.0000
-0.3690	-0.0394	-1.0000
-0.0078	-0.1377	-2.0000
0.0135	0.0682	-3.0000
-0.0135	0.1735	-3.0000
0.0901	0.0030	-3.0000
0.0098	-0.0520	-3.0000
0.0592	0.2172	-3.0000
-0.3837	0.4186	-1.0000
0.9037	-0.2886	0.0000
-0.2226	-0.3209	-2.0000
0.0130	0.1006	-3.0000
-0.6709	-0.3300	0.0000
-0.0251	0.0295	0.0000
0.0125	0.2756	-2.0000
-0.1848	0.1992	0.0000
0.5630	-0.2972	0.0000
0.2331	-0.2808	-1.0000
-0.3406	-0.2476	-1.0000
-0.3104	0.1365	-2.0000
0.2833	0.3937	-1.0000
0.2824	0.0147	-1.0000
-0.0272	0.1030	0.0000
-0.0802	0.0583	-2.0000
0.0109	-0.2203	-3.0000
-0.5090	-0.0201	0.0000
0.4209	-0.3287	-1.0000
0.1780	0.2053	-2.0000
-0.3710	0.0821	0.0000
0.0343	0.0018	-3.0000
-0.0064	0.2771	-2.0000
-0.0521	0.2542	-2.0000
-0.2262	-0.2551	-1.0000
-0.0329	-0.1243	-3.0000
0.2216	-0.3784	-1.0000
0.2114	-0.3549	-2.0000
0.2531	0.1610	-3.0000
-0.2443	0.0816	0.0000
0.2012	0.3265	-1.0000
-0.0130	-0.4283	-2.0000
-0.1566	-0.2664	-2.0000
0.2258	-0.2440	-1.0000
-0.1616	0.1840	0.0000
-0.1562	-0.2201	0.0000
-0.1059	-0.1400	-2.0000
0.0847	-0.4947	-1.0000
-0.3165	-0.0345	-2.0000
-0.0319	-0.0394	-2.0000
-0.1121	-0.3931	-1.0000
0.3057	0.3108	-2.0000
-0.5302	0.4717	0.0000
-0.1043	0.0196	-3.0000
-0.0560	0.4397	-1.0000
0.1249	0.1504	-3.0000
-0.0218	-0.0651	0.0000
0.0658	0.0156	-3.0000
0.2412	-0.0210	-3.0000
0.0284	-0.1404	-3.0000
-0.2147	0.2711	-1.0000
0.3397	0.8353	0.0000
0.0112	-0.2815	-1.0000
-0.0781	0.1785	-2.0000
-0.2306	-0.3786	-1.0000
0.0074	0.1829	-2.0000
0.2154	-0.3413	-2.0000
0.2627	-0.0530	-2.0000
0.3873	-0.2950	0.0000
0.3424	-0.2783	-1.0000
-0.3900	-0.3756	-1.0000
-0.0628	-0.0631	-3.0000
-0.2399	-0.0251	-1.0000
0.1246	0.3290	-2.0000
-0.0829	0.4710	-1.0000
0.0549	-0.0921	-3.0000
0.3924	0.1291	0.0000
0.0984	-0.8051	0.0000
0.1672	-0.2039	-3.0000
0.0911	0.0947	-2.0000
-0.3094	0.0588	-2.0000
0.2743	-0.0226	-1.0000
0.3298	0.0758	-2.0000
-0.0392	0.0741	-1.0000
-0.0711	0.1137	0.0000
-0.3080	0.2463	-1.0000
-0.3071	-0.1322	-2.0000
0.7199	0.1271	0.0000
0.0792	0.1215	-1.0000
-0.3170	-0.1856	-2.0000
-0.5702	-0.3232	0.0000
0.0864	-0.2970	-2.0000
-0.1486	-0.3328	-2.0000
-0.3507	-0.2713	-1.0000
0.2116	-0.4820	-1.0000
0.2388	0.0025	-2.0000
-0.4473	0.0523	-1.0000
0.0954	-0.3357	-2.0000
0.0615	-0.3008	-2.0000
-0.4239	-0.2676	-1.0000
0.3592	0.1858	-1.0000
0.2690	-0.2418	-2.0000
0.4910	-0.3626	-1.0000
-0.0948	-0.4294	-2.0000
0.0198	0.0216	-3.0000
0.0869	-0.0115	-2.0000
-0.2651	0.0788	-3.0000
-0.0196	-0.1084	-3.0000
-0.0287	-0.0307	-3.0000
0.0673	0.7831	0.0000
0.2222	0.0390	-2.0000
0.3600	-0.3635	-1.0000
-0.0531	0.2791	-1.0000
-0.1660	0.0344	-2.0000
0.1669	-0.0383	-2.0000
-0.3533	-0.7103	0.0000
-0.2082	-0.1255	-3.0000
-0.1210	0.1552	-3.0000
0.0169	0.2372	-3.0000
-0.3150	0.0263	-2.0000
-0.1165	0.1805	-3.0000
0.1677	0.0251	-2.0000
-0.1670	0.1359	-2.0000
0.6067	-0.1258	0.0000
0.0791	0.1835	-3.0000
0.0236	0.2749	-2.0000
-0.1581	-0.3003	-1.0000
-0.1864	-0.1733	-3.0000
-0.6976	0.2242	0.0000
0.1405	0.2058	-3.0000
-0.5802	0.2355	0.0000
-0.0593	-0.8108	0.0000
0.4873	-0.2385	0.0000
-0.3462	0.3482	0.0000
-0.3035	0.2730	-2.0000
0.1911	0.0830	-2.0000
-0.2769	0.1998	-1.0000
-0.0899	-0.4992	-1.0000
-0.0990	-0.1511	-3.0000
0.1842	-0.0160	-3.0000
-0.5339	-0.2293	0.0000
0.3394	0.3420	-1.0000
-0.6963	0.1873	0.0000
0.2523	-0.0206	-3.0000
-0.1861	-0.4569	-1.0000
-0.1373	-0.4123	-2.0000
0.0476	-0.0152	-3.0000
0.3052	-0.2376	-2.0000
0.2322	0.0628	0.0000
-0.1493	-0.0277	-2.0000
-0.1566	-0.3369	-2.0000
-0.0638	0.0913	-3.0000
0.3015	0.1438	-2.0000
0.1564	0.0394	-3.0000
-0.2053	0.2887	-1.0000
-0.3210	0.0203	-2.0000
-0.2107	0.3183	-2.0000
-0.8346	-0.0193	0.0000
0.0253	0.1858	-3.0000
-0.4266	0.1105	-1.0000
-0.3861	0.1752	-1.0000
0.3653	0.3249	-1.0000
-0.0459	-0.0818	-3.0000
-0.0583	-0.2381	-2.0000
-0.5866	0.1531	0.0000
0.1717	0.6000	0.0000
0.0468	0.0317	-3.0000
0.3564	-0.2293	-2.0000
-0.0797	-0.6369	0.0000
0.0776	0.1179	-3.0000
0.0742	0.4738	0.0000
0.0154	0.7046	0.0000
0.4696	-0.6061	0.0000
-0.0696	0.3052	-2.0000
0.3418	-0.1950	-2.0000
0.3481	0.0459	-2.0000
0.0594	0.0753	-3.0000
-0.3698	-0.2127	-2.0000
0.5794	-0.1849	0.0000
-0.1754	0.1251	-2.0000
-0.1228	0.5671	0.0000
0.1049	0.1409	-3.0000
-0.3028	0.0842	-2.0000
0.0778	0.4061	-1.0000
-0.1975	-0.2504	-2.0000
0.1507	0.1473	-3.0000
-0.6969	-0.3688	0.0000
-0.3373	0.3155	-2.0000
-0.4336	-0.3884	-1.0000
-0.1873	0.0224	0.0000
0.2270	0.3918	-1.0000
0.2390	0.1497	-1.0000
-0.3644	0.0087	-2.0000
-0.3082	-0.0712	-2.0000
-0.0315	0.0581	-1.0000
0.2268	0.1167	-3.0000
-0.1620	-0.2043	0.0000
-0.1602	0.3442	-1.0000
-0.1576	0.4004	-1.0000
-0.1749	-0.2304	-2.0000
-0.3164	-0.1703	-2.0000
0.2095	0.0077	-1.0000
-0.2630	-0.1356	-2.0000
-0.6648	-0.0620	0.0000
0.0153	-0.0834	-3.0000
0.0914	-0.0937	-3.0000
0.2166	-0.1914	-2.0000
0.3220	-0.0459	-1.0000
-0.0668	-0.3949	-2.0000
-0.1389	-0.2724	-2.0000
0.0708	-0.2190	-2.0000
-0.1239	0.3858	-1.0000
-0.0606	0.1086	-3.0000
-0.2618	-0.3937	-1.0000
-0.1585	0.0207	-3.0000
-0.7422	-0.1469	0.0000
0.4429	-0.1554	-1.0000
0.3170	-0.3607	0.0000
-0.2091	0.2312	-2.0000
0.2443	0.0314	-2.0000
0.1618	0.4005	-1.0000
0.3249	-0.5916	0.0000
0.2291	0.1380	-1.0000
-0.1300	-0.0136	-2.0000
-0.3523	-0.3372	-1.0000
-0.3186	-0.0764	-1.0000
0.0227	0.1940	-3.0000
-0.1791	0.4688	0.0000
-0.2298	-0.2053	-2.0000
-0.3090	0.2906	-1.0000
-0.6213	0.0289	0.0000
0.0234	0.1572	-3.0000
0.0641	0.0745	-3.0000
0.0086	0.6334	0.0000
0.4708	0.1989	-1.0000
-0.3865	0.3886	-1.0000
0.1121	0.0147	-3.0000
-0.0092	0.0721	0.0000
0.4810	-0.3831	0.0000
-0.1975	0.3784	-1.0000
-0.3090	0.0731	-1.0000
-0.4499	0.2021	-1.0000
0.3788	0.2996	-1.0000
-0.0598	0.2648	-2.0000
0.0657	0.0662	-2.0000
0.0446	0.2733	-2.0000
0.0711	-0.7254	0.0000
-0.0330	0.0983	-3.0000
0.2099	-0.0536	-1.0000
-0.3114	0.0010	-1.0000
-0.4251	-0.2325	0.0000
0.2887	0.2402	-2.0000
0.4056	-0.0239	-2.0000
0.2604	-0.3338	-2.0000
-0.2267	-0.1144	-1.0000
0.1330	0.2988	-2.0000
0.0826	-0.1527	-3.0000
-0.1494	0.5265	0.0000
0.3850	-0.3063	-1.0000
0.0352	-0.6635	0.0000
0.3565	0.2555	-2.0000
-0.0244	0.4540	-1.0000
-0.0013	0.0655	-1.0000
0.1990	-0.1674	-2.0000
-0.0021	0.0203	-3.0000
0.2250	-0.0009	-2.0000
-0.4493	-0.2535	-1.0000
-0.1030	-0.0578	-3.0000
0.2451	0.0141	-3.0000
0.1593	0.0808	0.0000
0.1295	-0.5605	-1.0000
0.0218	0.0144	0.0000
0.0650	-0.1623	-3.0000
-0.0624	0.1998	-2.0000
-0.4518	0.3298	0.0000
0.6083	-0.1091	0.0000
-0.0669	-0.8471	0.0000
0.4204	0.4703	0.0000
0.4183	-0.2497	-1.0000
0.1314	0.0868	-2.0000
-0.2106	0.4620	0.0000
-0.3955	-0.4575	0.0000
-0.2603	0.4862	-1.0000
0.3593	-0.2752	-1.0000
-0.2010	-0.1589	-3.0000
-0.3457	-0.5133	-1.0000
0.1087	0.1662	-3.0000
0.4910	0.1708	0.0000
-0.2897	-0.3586	0.0000
0.4283	0.0807	0.0000
0.3190	-0.3108	0.0000
0.2900	-0.2095	-2.0000
-0.0301	0.0339	-3.0000
-0.1247	-0.0549	-1.0000
0.0914	-0.1812	0.0000
0.3051	0.5285	0.0000
-0.1514	0.1931	-1.0000
0.4139	-0.0708	-1.0000
0.3166	0.3307	-1.0000
-0.1898	0.0523	-3.0000
0.0154	-0.1223	-1.0000
-0.3037	-0.5202	-1.0000
-0.2361	-0.3049	0.0000
0.0878	-0.0471	-3.0000
0.0436	-0.3965	-2.0000
-0.0309	-0.4103	-2.0000
-0.1039	0.1446	-3.0000
-0.8435	-0.2650	0.0000
0.3215	0.4191	0.0000
-0.2709	-0.1459	-2.0000
0.1384	0.0919	-3.0000
0.2469	0.1355	-3.0000
0.1015	0.0755	-3.0000
-0.0181	-0.3644	-2.0000
0.0739	0.0654	-3.0000
-0.2398	0.2323	-2.0000
0.1716	-0.4225	-1.0000
0.1026	-0.3001	-1.0000
0.1811	-0.2882	-2.0000
-0.0426	-0.3385	-2.0000
0.2810	-0.4974	0.0000
0.1156	0.1879	-2.0000
0.0089	0.0474	-3.0000
0.0332	0.2156	-1.0000
-0.0822	-0.2150	-3.0000
-0.1287	-0.0940	-2.0000
0.0163	-0.4256	-2.0000
-0.6080	0.0865	0.0000
0.0221	0.2147	-2.0000
0.5159	0.2606	0.0000
-0.1080	-0.2855	0.0000
0.3877	-0.2370	-1.0000
0.1171	0.2224	-1.0000
0.0740	0.1374	-3.0000
-0.2582	-0.6946	0.0000
-0.0683	-0.0564	-3.0000
-0.0145	0.2907	-2.0000
0.2812	-0.4724	-1.0000
0.0817	0.1014	-3.0000
0.0621	0.1289	-1.0000
-0.2787	-0.1150	-2.0000
-0.3631	0.5328	0.0000
0.2373	-0.4127	-1.0000
-0.1255	-0.1004	-3.0000
-0.4449	0.5018	0.0000
0.2260	0.3722	-1.0000
0.1314	0.0619	-3.0000
0.2941	0.1568	-2.0000
0.4439	-0.4296	0.0000
-0.3344	0.5204	0.0000
-0.1795	-0.4478	0.0000
0.1247	0.1132	-3.0000
-0.4175	0.0897	-1.0000
-0.0828	-0.0530	0.0000
0.2433	0.1721	-2.0000
-0.0514	0.1113	-2.0000
-0.4762	-0.3349	0.0000
0.2840	0.0814	-1.0000
-0.2511	-0.2848	-2.0000
0.4360	-0.2331	-1.0000
-0.2670	-0.3700	-1.0000
0.0229	-0.1343	-2.0000
0.1440	-0.2766	0.0000
-0.2772	0.3428	-1.0000
-0.2068	-0.4749	-1.0000
0.3667	-0.2977	-1.0000
-0.0847	0.4111	-1.0000
0.1308	0.1387	-3.0000
0.1016	0.0939	-3.0000
0.1892	0.1942	-1.0000
0.1736	-0.0720	-1.0000
0.0094	-0.1200	-3.0000
0.1778	-0.2792	-2.0000
-0.5625	-0.1748	0.0000
0.2829	-0.0061	-2.0000
-0.1434	-0.0750	0.0000
-0.5869	-0.0069	0.0000
-0.0926	-0.6746	0.0000
0.3798	-0.2980	-1.0000
0.0832	-0.3612	-2.0000
0.0847	0.1770	-1.0000
0.0134	0.0507	-3.0000
0.0142	0.1281	-3.0000
0.1099	-0.2109	-3.0000
-0.2572	-0.2619	-2.0000
0.0065	0.0029	-3.0000
0.0157	-0.2149	-3.0000
0.3847	0.4896	0.0000
0.7032	-0.0357	0.0000
0.4882	-0.0302	0.0000
0.0620	-0.3424	-1.0000
0.0259	-0.2281	-3.0000
-0.0343	0.1347	-3.0000
-0.0168	-0.0815	-3.0000
-0.1636	0.1973	-3.0000
0.0317	0.1104	-3.0000
-0.0142	0.0544	-3.0000
-0.0230	-0.0599	-3.0000
-0.0068	0.0226	-3.0000
0.3272	-0.6016	0.0000
-0.1639	-0.0080	-1.0000
0.4203	-0.5857	0.0000
0.0847	0.1510	-3.0000
-0.4340	-0.1305	-1.0000
-0.2965	-0.2762	-1.0000
-0.2247	-0.1020	-3.0000
-0.0403	0.3592	-2.0000
0.1495	-0.7480	0.0000
-0.1604	-0.3342	-2.0000
0.0130	-0.1692	-2.0000
0.1964	0.2344	-1.0000
-0.1837	-0.0474	-3.0000
0.1809	0.1996	-1.0000
0.1883	-0.1913	-3.0000
0.3484	0.2951	-1.0000
0.0074	-0.2480	-3.0000
-0.2337	-0.1462	-2.0000
0.2353	-0.2614	-1.0000
0.1521	-0.3378	-2.0000
0.1747	-0.0227	0.0000
-0.0210	0.0781	-3.0000
0.2131	0.0404	-3.0000
-0.1819	-0.0787	-1.0000
0.5681	0.5390	0.0000
0.0061	0.0145	-1.0000
0.2800	-0.0015	-3.0000
0.2353	0.1754	-3.0000
0.0127	-0.0642	-3.0000
0.1062	0.0761	-1.0000
-0.9047	-0.0746	0.0000
0.3634	0.0937	-1.0000
0.1956	0.4794	0.0000
0.2573	-0.0848	-2.0000
0.0842	0.2318	-3.0000
-0.1084	-0.2577	-2.0000
-0.2405	-0.4242	0.0000
-0.3943	0.2139	-1.0000
0.3282	-0.0991	-1.0000
0.3246	0.3997	-1.0000
0.4680	-0.6105	0.0000
-0.2992	0.3185	-1.0000
0.0389	0.0281	-3.0000
0.1664	0.2484	-2.0000
-0.0031	-0.1783	-1.0000
0.7198	-0.0660	0.0000
-0.1566	0.0355	-3.0000
0.0668	0.2880	-3.0000
0.1369	0.4265	-1.0000
0.0467	-0.4746	-1.0000
0.3957	0.1079	-1.0000
0.3582	-0.1505	-1.0000
0.4515	-0.4668	0.0000
-0.0206	0.0129	-1.0000
0.5080	0.2010	0.0000
-0.1826	-0.1405	-2.0000
0.0789	0.2402	-3.0000
0.2618	0.0047	-3.0000
0.1378	-0.1152	0.0000
0.0957	0.1661	-1.0000
0.3201	-0.1135	-2.0000
-0.2888	-0.0699	-2.0000
-0.6515	0.0332	0.0000
0.3895	0.0633	-1.0000
0.0739	-0.1564	-3.0000
0.1565	0.2510	-3.0000
0.3183	-0.1259	-1.0000
-0.0522	-0.1082	-3.0000
0.0472	0.1605	-3.0000
0.2687	0.1273	-2.0000
0.0091	-0.2333	-1.0000
0.2170	-0.1353	0.0000
0.1550	0.1095	-1.0000
-0.1648	-0.1284	-2.0000
0.1805	0.0281	-2.0000
0.0222	0.4133	-1.0000
-0.4345	0.3885	0.0000
0.4239	0.4041	0.0000
-0.1565	-0.1397	-3.0000
-0.0591	0.3641	-1.0000
-0.0913	-0.2527	0.0000
-0.0418	0.1377	-2.0000
0.1150	0.0994	-3.0000
0.1683	0.0570	-3.0000
0.3447	-0.0647	-1.0000
0.0583	-0.0831	-3.0000
-0.2308	0.4716	0.0000
-0.2148	0.0022	-3.0000
0.5625	-0.0176	0.0000
-0.3147	0.0195	-2.0000
0.0962	0.1107	-3.0000
-0.0986	0.2959	0.0000
-0.2560	0.2399	0.0000
-0.0751	0.0350	-1.0000
-0.2791	-0.1565	-2.0000
-0.4245	0.1110	0.0000
0.0692	0.4770	-1.0000
-0.1266	-0.0526	-3.0000
0.0892	0.0382	-3.0000
0.4978	-0.1804	0.0000
-0.4076	0.5099	0.0000
0.0836	0.3348	-2.0000
-0.2664	-0.6467	0.0000
0.0539	0.0727	0.0000
0.0961	-0.1480	-2.0000
-0.1015	-0.1901	-1.0000
0.2636	0.1837	-1.0000
-0.0945	-0.5765	-1.0000
-0.0693	-0.2766	-2.0000
0.3789	0.6183	0.0000
-0.2214	0.1146	-2.0000
0.4469	-0.4019	-1.0000
0.2977	0.1775	-2.0000
-0.3377	-0.0862	-2.0000
0.2378	-0.3927	-1.0000
0.0624	-0.5377	-1.0000
0.0964	0.3616	-2.0000
-0.0843	-0.0670	-3.0000
-0.2179	-0.3005	-2.0000
0.2853	-0.1293	-2.0000
-0.4425	-0.3035	0.0000
0.3232	-0.0824	-2.0000
0.3277	0.1484	-1.0000
-0.0174	0.2459	0.0000
-0.4581	-0.4753	0.0000
0.0684	0.4955	-1.0000
0.1778	-0.1440	-2.0000
-0.0352	0.2410	-2.0000
0.0604	-0.1860	-2.0000
-0.2300	0.0717	-1.0000
-0.1791	-0.0394	-2.0000
0.4275	-0.2678	0.0000
0.0678	-0.3436	-2.0000
-0.1639	0.2375	-1.0000
0.0413	-0.0658	-3.0000
0.3076	-0.0068	-2.0000
-0.3701	0.4478	-1.0000
-0.5982	-0.1251	0.0000
0.2705	-0.0310	-1.0000
0.1798	0.1724	0.0000
0.2271	-0.0396	-3.0000
0.3566	0.2365	-2.0000
-0.5118	-0.2987	-1.0000
-0.0225	-0.0593	-3.0000
-0.4537	0.4078	0.0000
0.2841	0.3850	-1.0000
-0.0179	-0.0244	-2.0000
0.1616	0.0691	-2.0000
0.4682	-0.3165	-1.0000
0.3218	0.0320	-2.0000
0.3506	0.0002	-2.0000
0.0710	-0.3285	-2.0000
-0.2319	-0.4794	0.0000
-0.0134	-0.2634	-1.0000
-0.1746	-0.2578	0.0000
0.1569	0.0063	-3.0000
0.0469	0.1869	-3.0000
0.0086	-0.1403	-2.0000
-0.0478	0.1916	-3.0000
-0.1769	-0.5656	0.0000
0.2387	-0.2670	-2.0000
-0.1447	-0.1359	-2.0000
-0.2816	-0.2106	-2.0000
0.5769	-0.2783	0.0000
-0.7160	-0.0866	0.0000
-0.4355	0.2876	-1.0000
0.0043	-0.1523	-3.0000
-0.2975	0.4678	-1.0000
0.2404	0.0064	-2.0000
-0.1782	-0.5764	0.0000
-0.5840	0.0038	0.0000
-0.0066	0.1859	-2.0000
0.1378	-0.4961	-1.0000
-0.0566	-0.0950	-3.0000
0.4397	0.3567	0.0000
0.1137	-0.0461	-3.0000
0.1136	0.3669	-1.0000
-0.0707	0.2724	0.0000
-0.0134	-0.4883	-1.0000
-0.0123	0.4530	-1.0000
-0.4023	0.4262	0.0000
0.0501	-0.1075	-3.0000
0.0584	-0.0483	-3.0000
-0.3444	0.0364	-1.0000
-0.3584	-0.3763	0.0000
-0.0319	-0.2707	-3.0000
-0.2649	0.0694	-1.0000
-0.0819	0.2547	-1.0000
0.2104	0.0912	-3.0000
-0.1967	-0.0156	-2.0000
0.1030	-0.0271	-3.0000
0.0528	0.1161	-3.0000
0.1607	0.2441	-1.0000
-0.3291	0.1201	-2.0000
0.4806	0.0788	0.0000
-0.1520	-0.5104	-1.0000
0.0715	-0.2207	-3.0000
-0.1541	-0.0738	-3.0000
0.0933	0.0811	-3.0000
0.4021	0.5844	0.0000
-0.0129	-0.4106	-2.0000
0.1258	0.1798	-3.0000
0.1248	-0.4162	-1.0000
-0.2718	0.8292	0.0000
0.0665	0.6105	0.0000
0.0542	-0.3381	-2.0000
0.3409	-0.1518	-2.0000
-0.3124	-0.3444	-1.0000
0.7373	0.2766	0.0000
0.0287	0.2914	0.0000
0.4881	0.2365	0.0000
0.2878	-0.0070	-2.0000
-0.4737	0.2085	-1.0000
0.1094	-0.0655	-3.0000
0.1013	0.2606	-2.0000
0.2381	0.2953	-2.0000
-0.0677	-0.0630	-3.0000
0.1532	-0.0202	-3.0000
-0.4034	-0.0989	-1.0000
0.0901	0.0687	-3.0000
0.2374	-0.5260	-1.0000
-0.3601	-0.1034	-2.0000
0.0717	0.0805	-3.0000
0.1605	-0.1828	-3.0000
0.1300	0.3643	-1.0000
-0.0546	-0.1353	-1.0000
-0.0065	-0.1557	-3.0000
0.1167	0.1174	-3.0000
-0.4058	-0.1218	-1.0000
0.0138	-0.0069	-1.0000
0.2073	-0.3841	-1.0000
-0.1832	-0.2278	-3.0000
-0.1249	-0.1681	-1.0000
-0.1472	-0.1881	-1.0000
-0.2688	-0.3772	0.0000
-0.5479	-0.2811	0.0000
0.0109	0.3233	-2.0000
0.1006	0.4231	-1.0000
0.3403	-0.2182	-2.0000
0.0173	-0.2458	-1.0000
-0.1532	-0.3052	-2.0000
0.5234	-0.4095	0.0000
0.0642	0.0466	-3.0000
0.0609	-0.0457	-3.0000
-0.0858	-0.0789	-3.0000
0.4291	0.2807	-1.0000
-0.4649	-0.3302	0.0000
0.3275	-0.3878	0.0000
0.0950	-0.0158	-3.0000
0.1460	-0.2056	-2.0000
0.2261	0.2070	-2.0000
-0.5791	0.3189	0.0000
0.0590	-0.1534	-3.0000
-0.3203	-0.0027	-2.0000
0.5445	-0.5212	0.0000
0.2265	-0.0402	-3.0000
-0.5261	-0.3682	0.0000
0.0175	-0.1480	-3.0000
0.0159	-0.4555	-1.0000
-0.4455	0.6079	0.0000
-0.3853	0.4366	0.0000
-0.3306	-0.3597	-1.0000
0.2232	0.1418	-3.0000
-0.5519	0.4451	0.0000
0.0782	0.4302	-1.0000
0.3840	-0.2843	-1.0000
-0.1220	-0.0191	-2.0000
0.5419	0.5350	0.0000
0.1129	0.1076	-2.0000
-0.1590	-0.3816	-2.0000
-0.5592	-0.0883	-1.0000
0.1671	-0.2538	-1.0000
0.1879	-0.3585	-2.0000
-0.4270	0.3995	-1.0000
-0.0109	0.1206	-2.0000
0.3296	0.1515	-1.0000
0.0296	0.1262	-3.0000
-0.0317	0.3955	-1.0000
0.2086	0.0295	-2.0000
-0.1291	0.0378	-3.0000
-0.2528	0.3235	-2.0000
-0.1321	-0.0677	-2.0000
-0.1945	0.2452	-1.0000
-0.3700	0.2557	-2.0000
0.3364	0.0763	-2.0000
0.2785	-0.2149	0.0000
-0.4301	0.2921	-1.0000
0.2885	-0.5227	0.0000
0.2803	-0.0931	-2.0000
0.1073	-0.0081	-3.0000
-0.1133	0.2761	-1.0000
-0.1872	0.0189	-3.0000
-0.0251	-0.2179	-3.0000
0.2447	-0.0688	-3.0000
0.3196	0.0640	-2.0000
-0.3495	0.3728	-1.0000
-0.0257	0.1406	-3.0000
0.0619	0.2217	-3.0000
-0.3845	0.3600	-1.0000
0.2090	0.0989	-3.0000
0.0984	0.1868	-1.0000
-0.4182	-0.1479	-1.0000
-0.0017	-0.0439	-3.0000
0.1490	-0.2314	-2.0000
0.2843	-0.1595	-2.0000
-0.1383	-0.0396	0.0000
0.1442	0.3556	-2.0000
0.0451	0.4386	-1.0000
0.1944	-0.3764	0.0000
0.0381	-0.0667	-3.0000
-0.0426	-0.1814	0.0000
0.3297	0.2877	-1.0000
0.2967	-0.1059	-2.0000
-0.0324	-0.1673	-3.0000
0.0571	-0.0501	-2.0000
0.5878	-0.5811	0.0000
0.0433	0.0001	-3.0000
0.0434	-0.8871	0.0000
-0.3695	-0.5394	0.0000
-0.1002	0.2572	-1.0000
0.3302	-0.2399	-1.0000
-0.1435	-0.2964	-2.0000
-0.1301	0.5212	0.0000
-0.5079	-0.4139	0.0000
0.5255	-0.3817	0.0000
0.1083	0.2028	-3.0000
