3.8308e-01	1.1127e-01	3.6820e-01
1.1212e-01	3.0505e-01	3.7960e-01
1.3568e-01	1.6508e-01	2.7909e-01
4.5774e-01	3.9566e-01	8.9883e-02
1.3730e-01	1.3009e-01	3.8070e-01
4.2080e-01	1.0267e-01	3.7622e-01
3.4216e-01	5.0376e-01	1.1889e-01
6.4772e-01	3.4813e-01	2.5826e-02
1.5263e-01	1.3161e-01	3.2090e-01
2.8365e-01	2.5048e-01	1.9952e-01
7.8348e-01	2.7844e-01	8.8835e-03
5.3551e-02	7.8750e-01	2.6711e-01
3.3319e-01	3.6444e-01	1.6146e-01
1.3420e-01	1.7591e-01	2.8007e-01
9.0336e-01	9.0764e-02	1.2577e-01
3.4503e-01	6.5782e-01	2.1557e-02
2.0213e-01	5.8158e-03	9.1798e-01
3.3703e-01	6.4782e-01	4.7201e-02
3.2763e-01	3.3739e-01	1.7006e-01
4.9063e-01	4.2336e-01	3.8875e-02
3.6513e-01	5.3845e-01	7.8520e-02
4.5025e-01	4.8160e-01	1.2610e-02
4.6438e-01	4.6838e-01	9.8878e-03
3.3416e-01	1.5580e-03	7.3244e-01
4.0078e-01	2.9572e-01	1.7547e-01
9.4037e-01	4.5352e-02	1.1122e-01
2.8970e-01	6.2481e-01	1.3185e-01
1.3774e-01	1.4194e-01	3.2005e-01
9.9162e-02	3.4964e-01	4.0589e-01
4.0652e-01	3.6023e-01	1.3643e-01
2.0744e-01	2.1749e-01	2.1073e-01
2.1345e-01	2.3351e-01	2.0920e-01
4.7086e-01	2.7124e-01	1.8921e-01
1.2959e-01	1.9575e-01	2.9999e-01
4.4822e-01	7.8560e-02	4.0548e-01
3.7301e-03	4.7451e-01	4.8803e-01
3.6320e-01	6.3629e-01	4.7112e-03
2.7968e-01	2.5533e-01	1.9821e-01
5.5868e-01	2.5928e-01	1.8816e-01
7.9251e-02	5.3582e-03	1.0000e+00
1.3159e-01	1.6298e-01	3.0091e-01
5.1242e-01	4.1322e-01	3.3179e-02
2.5453e-01	2.3662e-01	2.0361e-01
5.6615e-01	3.1632e-01	1.2468e-01
2.1807e-01	1.0076e-01	4.9710e-01
2.9571e-01	3.3491e-01	1.8125e-01
9.2254e-03	2.6191e-01	8.3833e-01
3.6219e-01	4.8468e-01	1.0682e-01
9.2136e-02	3.2971e-01	4.4202e-01
7.9133e-02	4.9149e-01	3.8778e-01
1.8939e-01	1.9703e-01	2.1586e-01
3.2372e-01	1.2003e-01	3.5391e-01
4.0732e-01	3.8507e-01	1.2214e-01
1.4726e-01	1.8542e-01	2.4640e-01
1.1020e-01	2.5584e-01	4.0628e-01
4.7730e-01	3.8751e-01	8.6621e-02
4.3281e-01	3.1927e-01	1.5584e-01
1.5998e-01	1.2640e-01	3.4275e-01
4.2405e-01	4.3965e-01	7.8016e-02
1.1938e-01	2.6733e-01	3.5621e-01
4.2679e-01	2.9149e-02	5.0526e-01
4.8732e-01	4.2281e-01	4.2429e-02
1.1703e-02	2.2510e-02	7.7461e-01
9.5367e-02	3.7656e-01	4.0401e-01
4.1771e-01	5.4680e-03	5.5921e-01
2.6172e-01	7.8700e-01	4.0905e-02
3.9593e-01	1.0183e-01	3.8395e-01
6.4678e-01	1.4678e-02	3.7293e-01
1.8574e-01	1.3922e-01	2.6431e-01
3.6331e-01	5.1723e-01	9.1451e-02
3.2381e-01	3.7252e-02	6.6383e-01
3.3364e-01	1.6870e-02	7.0082e-01
1.4196e-01	1.3781e-01	3.1987e-01
6.9096e-01	3.0370e-01	6.9095e-02
1.5523e-01	1.6011e-01	2.4117e-01
1.0289e-01	9.5097e-01	2.8555e-02
7.6493e-03	3.5622e-01	6.7590e-01
5.9740e-01	5.9407e-02	3.6616e-01
9.9298e-01	2.6012e-02	2.2835e-02
8.9409e-02	3.9122e-01	4.1106e-01
5.1892e-01	4.3917e-02	4.1463e-01
8.3493e-01	1.0293e-01	1.9258e-01
2.9001e-02	4.2577e-01	5.0679e-01
3.4581e-01	3.5132e-01	1.6032e-01
3.2557e-01	3.5535e-01	1.6659e-01
2.3009e-01	2.5842e-01	2.0524e-01
8.1216e-01	2.5030e-01	2.6753e-02
3.5705e-02	3.8284e-01	5.5643e-01
1.1313e-01	2.8184e-01	3.8125e-01
2.0350e-01	8.3809e-01	7.4684e-02
3.6372e-01	5.3949e-01	7.9700e-02
1.5146e-01	8.3298e-01	1.4839e-01
4.0515e-01	2.4849e-02	5.4413e-01
6.2253e-01	1.2381e-01	3.0304e-01
2.0159e-01	8.2385e-01	9.5919e-02
1.7686e-02	4.3235e-01	5.1758e-01
4.6103e-01	1.5173e-02	4.8797e-01
2.7332e-01	5.3464e-01	1.7878e-01
4.0174e-01	3.7663e-01	1.2919e-01
2.0973e-01	1.6802e-01	2.2787e-01
3.9385e-02	3.6199e-02	6.6751e-01
3.4710e-01	3.5851e-01	1.5767e-01
2.2633e-03	9.8450e-01	6.5330e-02
1.0152e-01	2.7010e-01	4.4880e-01
7.0872e-01	3.0302e-01	5.3623e-02
1.7058e-01	1.2587e-01	3.3241e-01
3.2530e-01	2.6580e-01	1.9384e-01
5.8250e-01	7.1422e-02	3.6242e-01
3.4206e-01	5.9218e-01	7.9126e-02
6.1255e-01	1.1159e-01	3.1720e-01
2.4098e-01	7.6535e-01	1.0143e-01
4.0836e-01	1.0444e-01	3.7605e-01
1.4214e-02	9.8491e-01	5.4714e-02
2.1998e-01	7.6190e-01	1.3356e-01
3.5447e-01	4.1652e-01	1.3651e-01
1.9033e-02	3.3850e-01	6.8606e-01
3.6049e-01	4.2055e-02	5.7907e-01
1.4313e-01	1.9515e-01	2.5625e-01
1.6394e-01	1.6454e-01	2.3218e-01
6.9259e-01	3.0071e-01	7.2769e-02
2.2800e-01	8.4462e-01	1.8794e-02
2.9155e-01	3.4947e-01	1.8151e-01
1.6597e-01	1.3688e-01	2.7470e-01
3.6710e-01	5.6186e-01	6.1947e-02
7.8751e-01	9.2723e-03	2.9118e-01
2.1403e-01	9.5152e-02	5.3576e-01
4.1604e-01	6.3737e-02	4.5002e-01
1.3095e-01	1.9202e-01	2.9330e-01
9.3162e-01	2.4630e-02	1.3971e-01
5.0671e-01	7.0785e-03	4.5734e-01
7.0832e-01	1.3869e-01	2.5301e-01
4.6119e-01	7.6489e-02	4.0301e-01
1.0839e-01	5.3125e-01	3.4399e-01
9.2793e-02	3.8727e-01	4.0535e-01
3.8659e-02	4.5206e-01	4.6379e-01
3.7983e-01	6.9773e-02	4.6824e-01
4.4044e-01	4.6863e-01	3.8868e-02
1.0605e-01	2.7332e-01	4.2026e-01
1.4200e-01	1.5148e-01	2.7372e-01
2.1988e-01	1.1743e-01	3.7432e-01
1.8481e-01	1.6323e-01	2.2828e-01
2.8991e-01	3.4449e-01	1.8263e-01
3.0781e-01	7.9137e-02	5.2561e-01
6.3740e-01	3.5454e-01	2.2986e-02
3.8874e-01	5.3954e-01	4.6191e-02
3.9780e-01	2.4771e-02	5.5646e-01
8.8815e-02	2.3497e-01	5.5941e-01
3.4036e-01	6.7573e-01	1.1547e-02
5.2960e-01	3.0804e-01	1.4543e-01
2.9334e-01	1.0238e-01	4.2685e-01
7.1663e-01	4.6722e-03	3.3962e-01
2.5848e-01	8.0275e-01	2.4110e-02
3.1190e-01	3.5211e-01	1.7261e-01
8.9700e-02	1.6455e-01	5.7200e-01
4.5665e-01	4.2886e-01	6.1186e-02
1.0951e-01	1.8403e-01	4.4987e-01
7.4047e-01	8.0661e-03	3.2346e-01
6.8140e-01	3.0325e-01	7.7847e-02
8.3192e-02	3.8814e-01	4.2695e-01
4.6618e-01	3.8890e-01	9.1219e-02
4.6495e-01	3.3715e-01	1.3528e-01
4.6718e-01	3.1939e-01	1.4931e-01
2.6357e-01	3.2403e-01	1.9467e-01
5.3592e-01	3.2568e-01	1.2513e-01
3.6230e-01	3.9784e-01	1.3820e-01
4.1807e-02	4.8291e-01	4.3712e-01
4.0060e-01	1.0788e-01	3.7153e-01
1.0430e-01	1.4972e-01	4.9375e-01
3.7691e-01	6.9814e-02	4.7112e-01
9.7350e-02	3.0152e-01	4.4370e-01
1.6270e-01	1.7672e-01	2.2904e-01
4.0006e-01	4.9950e-01	5.9903e-02
1.7051e-01	1.4468e-01	2.5192e-01
5.1095e-01	3.2388e-01	1.3474e-01
1.0984e-01	8.6613e-01	1.5454e-01
5.5423e-01	9.2797e-02	3.5315e-01
9.3947e-02	3.8264e-01	4.0475e-01
1.8458e-01	2.0456e-01	2.1724e-01
4.8817e-01	2.7021e-01	1.8863e-01
1.6363e-01	1.4158e-01	2.6164e-01
5.5087e-01	1.0118e-01	3.4610e-01
1.4770e-01	1.6809e-01	2.4679e-01
1.5360e-01	1.7352e-01	2.3760e-01
9.9017e-02	2.8529e-01	4.4959e-01
4.5458e-03	7.6133e-01	3.1177e-01
4.3443e-01	1.3365e-02	5.2154e-01
1.2263e-01	3.2315e-01	3.4650e-01
7.2781e-01	2.4440e-01	1.2879e-01
4.5585e-01	4.5559e-01	3.5279e-02
5.8254e-02	2.9272e-01	6.4173e-01
1.1605e-01	2.0508e-01	3.8821e-01
5.3077e-01	1.1829e-02	4.3701e-01
1.3843e-01	1.4046e-01	3.2326e-01
7.6790e-01	1.0882e-01	2.4176e-01
3.1946e-01	2.7516e-01	1.9022e-01
3.6395e-01	4.3133e-01	1.2548e-01
4.6961e-01	7.9050e-02	3.9613e-01
4.1115e-01	4.1444e-03	5.7269e-01
5.0262e-01	0.0000e+00	4.6677e-01
1.6951e-01	2.0815e-01	2.2610e-01
4.5333e-01	8.3684e-02	3.9582e-01
2.9660e-01	6.1127e-02	6.2435e-01
4.3848e-01	4.6240e-02	4.6351e-01
1.3652e-01	1.7936e-01	2.7121e-01
1.0700e-01	8.7674e-01	1.4485e-01
1.1053e-01	2.1895e-01	4.2423e-01
8.6095e-02	4.2584e-01	4.0237e-01
5.6335e-01	3.4660e-01	8.9106e-02
3.8181e-01	3.9996e-01	1.2716e-01
9.1758e-02	3.1619e-01	4.5581e-01
1.7094e-01	9.0308e-01	1.9300e-02
2.8085e-01	5.4648e-01	1.6870e-01
8.1362e-02	8.5074e-02	5.8792e-01
4.1287e-01	3.8536e-02	5.0479e-01
3.8415e-01	1.1322e-01	3.6426e-01
3.7866e-01	5.6207e-01	4.4485e-02
1.3819e-01	9.0789e-01	6.4280e-02
1.1275e-01	2.0954e-01	4.1214e-01
2.5562e-01	5.6330e-01	1.9065e-01
2.7224e-01	2.4111e-01	2.0233e-01
3.5940e-01	6.2873e-01	2.1412e-02
3.1581e-01	3.3108e-01	1.7513e-01
3.3386e-01	1.0020e-01	4.1096e-01
1.7164e-01	1.3826e-01	2.6762e-01
5.8324e-02	5.3581e-01	3.9270e-01
1.2867e-01	1.2261e-01	4.3769e-01
4.6961e-01	3.1588e-01	1.5174e-01
1.7563e-01	1.1215e-01	4.3646e-01
9.6121e-02	3.0681e-01	4.4486e-01
2.1408e-01	1.8911e-01	2.1616e-01
4.3220e-01	4.5941e-01	5.5713e-02
7.9280e-02	3.3092e-01	4.9233e-01
9.0706e-02	3.8639e-01	4.1047e-01
9.3328e-01	3.8047e-02	1.2781e-01
5.6469e-01	1.0440e-01	3.3899e-01
6.7109e-02	9.4938e-01	7.6314e-02
1.0802e-01	4.3874e-01	3.6385e-01
7.4528e-02	6.4452e-01	3.3450e-01
2.4568e-01	7.0796e-01	1.4107e-01
3.8966e-01	3.2268e-01	1.6126e-01
3.3198e-02	2.9440e-01	7.2731e-01
6.1392e-02	3.8697e-01	4.8269e-01
3.7500e-01	5.4531e-01	6.1552e-02
1.1626e-01	1.0014e-01	5.2535e-01
2.8510e-01	6.5281e-01	1.2333e-01
1.8540e-01	1.4168e-01	2.5806e-01
3.9529e-03	3.6294e-01	6.6936e-01
7.6253e-01	1.8471e-01	1.7475e-01
1.5604e-01	1.2051e-01	3.9382e-01
2.8464e-01	2.7662e-01	1.9283e-01
4.0823e-01	3.0365e-01	1.6976e-01
1.4352e-01	1.3383e-01	3.3596e-01
2.4974e-01	3.0330e-01	2.0002e-01
1.7711e-01	8.8514e-01	4.3824e-02
3.0144e-01	4.9429e-02	6.6218e-01
8.6214e-01	1.5359e-01	1.1220e-01
8.5274e-02	2.5380e-01	5.6262e-01
1.2407e-01	2.4694e-01	3.3494e-01
2.4701e-02	4.7546e-01	4.6313e-01
7.1245e-01	4.7553e-02	3.1863e-01
4.9438e-01	5.8792e-02	4.1076e-01
1.6797e-01	1.7522e-01	2.2624e-01
2.7003e-01	7.5058e-01	6.9755e-02
9.4423e-02	4.6135e-01	3.7785e-01
3.8165e-01	3.4480e-01	1.5196e-01
7.7521e-02	5.0372e-01	3.8528e-01
9.4412e-02	3.4195e-01	4.2488e-01
1.4127e-01	1.6323e-01	2.6219e-01
1.9566e-01	1.5843e-01	2.3372e-01
3.2377e-01	4.0932e-01	1.5695e-01
7.3045e-02	3.2251e-01	5.3072e-01
4.6638e-01	3.3359e-01	1.3782e-01
4.2752e-01	3.9219e-01	1.0824e-01
1.4986e-01	1.4567e-01	2.6713e-01
7.0650e-02	3.9647e-01	4.5051e-01
3.3531e-01	9.5039e-02	4.2779e-01
7.6783e-01	1.3079e-01	2.2349e-01
3.4417e-01	3.1573e-01	1.7260e-01
1.1555e-01	1.6546e-01	4.1710e-01
5.1977e-01	4.1557e-01	2.2920e-02
2.0922e-01	8.7251e-01	4.5613e-03
3.8776e-02	5.8655e-01	3.8674e-01
7.7814e-02	2.6684e-01	5.8800e-01
4.2179e-01	4.1519e-01	9.6236e-02
3.9113e-01	1.0671e-01	3.7561e-01
1.5440e-02	9.1187e-01	1.7203e-01
4.4619e-01	4.9297e-01	4.5622e-03
3.0557e-01	4.3484e-01	1.6514e-01
3.2360e-01	1.1836e-01	3.5839e-01
4.5181e-01	9.1671e-02	3.8475e-01
6.4778e-03	4.1151e-01	5.6827e-01
6.8685e-02	3.5904e-01	4.9511e-01
2.5349e-01	9.7489e-02	4.9076e-01
2.5521e-02	5.2589e-01	4.2822e-01
3.0029e-01	3.6572e-01	1.7594e-01
2.5422e-01	2.2036e-01	2.0820e-01
8.1344e-02	3.9516e-01	4.2690e-01
3.7347e-01	4.2102e-01	1.2318e-01
4.2696e-01	3.8026e-01	1.1641e-01
2.3392e-02	4.7907e-01	4.6180e-01
2.4298e-01	7.3512e-01	1.2499e-01
4.6148e-01	4.6927e-01	1.2600e-02
1.1135e-01	3.0439e-01	3.8257e-01
2.0583e-01	7.5361e-01	1.5760e-01
6.0752e-01	3.7462e-01	1.1477e-02
9.2531e-01	3.1556e-03	1.6142e-01
3.2712e-01	2.4917e-01	2.0178e-01
3.8007e-01	5.0522e-01	7.9044e-02
1.2729e-01	2.1283e-01	3.1394e-01
7.8051e-01	2.1703e-01	1.2075e-01
1.9440e-01	6.8465e-01	2.1214e-01
8.4559e-01	9.8281e-03	2.4416e-01
4.4607e-01	6.6681e-02	4.2491e-01
6.0707e-02	4.0704e-01	4.6378e-01
5.7449e-03	8.5458e-01	2.3824e-01
5.5969e-01	3.6792e-01	6.2395e-02
4.5940e-01	4.4615e-01	4.1658e-02
7.5270e-01	1.2584e-01	2.3795e-01
2.8376e-02	4.2604e-01	5.0755e-01
3.3445e-01	7.3461e-02	5.1180e-01
5.7184e-02	4.4138e-01	4.4295e-01
2.0339e-01	1.9565e-01	2.1397e-01
2.3068e-01	1.1655e-01	3.7739e-01
3.8589e-01	5.5395e-01	3.9409e-02
5.7254e-02	7.8126e-01	2.6929e-01
3.4360e-01	5.9857e-02	5.4978e-01
3.5694e-01	4.6032e-01	1.2049e-01
6.3121e-01	7.2663e-02	3.4171e-01
2.6132e-01	5.5658e-01	1.8633e-01
9.5066e-02	8.0579e-01	2.2440e-01
1.4698e-01	1.6820e-01	2.4793e-01
4.1447e-01	1.0971e-01	3.6587e-01
8.7186e-02	7.6849e-01	2.5789e-01
7.1800e-01	2.9583e-01	5.7549e-02
5.1328e-02	3.9135e-01	5.0328e-01
2.8495e-01	2.3417e-01	2.0540e-01
5.1258e-01	4.0103e-01	4.9529e-02
4.3062e-01	4.9390e-01	2.6242e-02
2.9056e-01	2.8628e-01	1.9000e-01
4.8389e-01	4.1903e-01	4.9710e-02
1.6792e-02	5.0775e-01	4.4766e-01
1.7767e-01	8.5826e-01	8.5725e-02
3.2194e-01	3.4323e-01	1.7055e-01
3.4128e-01	2.6846e-01	1.9266e-01
3.7595e-01	6.3774e-02	4.8939e-01
2.8878e-01	3.1779e-01	1.8560e-01
3.6714e-01	2.9260e-02	6.0241e-01
4.6963e-01	4.5650e-01	1.8674e-02
4.3633e-01	1.0953e-01	3.6238e-01
1.5989e-01	1.9971e-01	2.3272e-01
4.2420e-01	3.2469e-01	1.5370e-01
3.7661e-01	1.0741e-01	3.7731e-01
8.4066e-02	2.3853e-01	5.8357e-01
1.2309e-01	3.5208e-01	3.4604e-01
6.7760e-02	5.8717e-01	3.6359e-01
2.1135e-01	1.2924e-01	3.0578e-01
1.0135e-01	3.8077e-01	3.8884e-01
3.7790e-01	1.0624e-01	3.7950e-01
2.8845e-01	6.1568e-01	1.3752e-01
2.7685e-01	2.7410e-02	7.7134e-01
8.1197e-02	2.7214e-01	5.6381e-01
1.3072e-01	1.6305e-01	3.0603e-01
3.6803e-01	3.7603e-01	1.4342e-01
6.5283e-01	2.4595e-01	1.7138e-01
1.6045e-01	1.9839e-01	2.3189e-01
7.1437e-01	1.1019e-01	2.7350e-01
3.4154e-01	9.5018e-02	4.2375e-01
1.9455e-01	1.8364e-01	2.1772e-01
5.4271e-02	4.6173e-01	4.3403e-01
1.1039e-01	8.4224e-02	5.7705e-01
4.1392e-01	3.3732e-01	1.4781e-01
7.8418e-02	3.5042e-01	4.7225e-01
6.7159e-02	5.0978e-01	3.9447e-01
3.2783e-01	5.8682e-01	1.0138e-01
3.7033e-01	1.9291e-02	6.2086e-01
3.1806e-01	6.0595e-01	1.0459e-01
1.1260e-01	3.1009e-01	3.7685e-01
2.8711e-01	1.1202e-01	3.8566e-01
4.6631e-01	4.5959e-01	1.8748e-02
6.9586e-01	3.3165e-01	7.1633e-03
9.7747e-02	3.5694e-01	4.0657e-01
2.1171e-01	9.9571e-02	5.0859e-01
2.8879e-02	7.7402e-01	2.9095e-01
2.6412e-01	1.1339e-01	3.8617e-01
3.7063e-01	4.1007e-02	5.6368e-01
5.6391e-01	9.7951e-04	4.2518e-01
1.9621e-01	7.5695e-01	1.6619e-01
9.6385e-01	5.2236e-02	6.2799e-02
2.4003e-01	1.1372e-01	3.9278e-01
1.3512e-03	4.5014e-01	5.1796e-01
8.7308e-02	1.4307e-01	5.7683e-01
3.0188e-01	4.2500e-01	1.6894e-01
1.2281e-01	5.0362e-01	3.3438e-01
2.8359e-01	4.3290e-01	1.8147e-01
1.7054e-01	8.3006e-01	1.2971e-01
2.5887e-01	2.9553e-01	1.9661e-01
3.2108e-01	3.5542e-01	1.6834e-01
7.0515e-01	2.5185e-02	3.3574e-01
4.9311e-01	3.2762e-02	4.4108e-01
9.0638e-01	1.6884e-01	1.5655e-02
1.1630e-01	2.5351e-01	3.7230e-01
5.0399e-01	4.3821e-01	3.8097e-03
3.2012e-01	4.0261e-01	1.6031e-01
2.3788e-02	3.4102e-01	6.6905e-01
1.3566e-01	1.9224e-01	2.7528e-01
2.8769e-01	4.3381e-01	1.7835e-01
4.8228e-01	1.1379e-01	3.4871e-01
4.0421e-01	4.5212e-01	8.5874e-02
2.5515e-01	2.8016e-01	1.9818e-01
9.9219e-02	9.0020e-01	1.2226e-01
6.3868e-01	2.7374e-01	1.4517e-01
2.3384e-01	2.1152e-01	2.0982e-01
1.4214e-02	9.5131e-01	1.1755e-01
8.7494e-01	1.4205e-01	1.0939e-01
1.1913e-01	1.5534e-01	4.0303e-01
4.1526e-01	1.0201e-01	3.7866e-01
8.3553e-01	7.8131e-02	2.1148e-01
2.2259e-01	1.1681e-01	3.7790e-01
8.1820e-02	3.7405e-01	4.4004e-01
1.0103e-01	3.8349e-01	3.8871e-01
4.0572e-01	9.8339e-02	3.8780e-01
4.3632e-01	7.6528e-02	4.1414e-01
1.8913e-01	2.1145e-01	2.1583e-01
4.4267e-01	3.3156e-01	1.4508e-01
1.0425e-01	5.3777e-01	3.4655e-01
4.5556e-01	2.4418e-02	4.8113e-01
5.1580e-02	5.0952e-01	4.1138e-01
3.0973e-01	5.5510e-01	1.3582e-01
4.0090e-01	3.9203e-01	1.2136e-01
3.0936e-01	5.5855e-01	1.3508e-01
7.8871e-02	2.5843e-01	5.9228e-01
8.1744e-02	3.9183e-01	4.2805e-01
1.7143e-01	8.6844e-01	8.0120e-02
3.1325e-01	3.0559e-01	1.8159e-01
2.0295e-01	2.1776e-01	2.1173e-01
2.8601e-01	3.9666e-01	1.8167e-01
6.3534e-01	1.1409e-01	3.0672e-01
1.7884e-01	9.0216e-01	5.0640e-03
4.1663e-01	4.5102e-01	7.6165e-02
8.0704e-01	1.0475e-01	2.1559e-01
1.5476e-01	7.6687e-01	2.0224e-01
8.0940e-01	1.7969e-01	1.4006e-01
1.5386e-01	1.3470e-01	2.9947e-01
1.0359e-01	2.4436e-01	4.5718e-01
5.5737e-01	7.9683e-02	3.6442e-01
3.9694e-01	4.3173e-01	1.0281e-01
2.0531e-01	6.7478e-01	2.0558e-01
5.1065e-01	3.7615e-01	8.0628e-02
2.1620e-01	1.1688e-01	3.7942e-01
1.4384e-01	1.3427e-01	3.3202e-01
1.1460e-01	3.0766e-01	3.7053e-01
2.9411e-01	2.6531e-01	1.9474e-01
4.9225e-01	3.5420e-01	1.1156e-01
1.2966e-02	5.7431e-01	4.1139e-01
1.1933e-01	1.9573e-01	3.6616e-01
3.4749e-01	9.9337e-02	4.0695e-01
2.3330e-01	2.0991e-01	2.1027e-01
7.1639e-02	3.2251e-01	5.3679e-01
1.1845e-01	3.8934e-01	3.5364e-01
1.7000e-01	1.0457e-01	4.8914e-01
3.0647e-01	3.5788e-01	1.7403e-01
1.9738e-01	1.8165e-01	2.1834e-01
4.5189e-01	4.6825e-01	2.5966e-02
2.3163e-01	9.7642e-02	5.0873e-01
3.1686e-01	4.2127e-01	1.5926e-01
1.0225e-01	4.0988e-01	3.7919e-01
4.5767e-01	4.4505e-01	4.4471e-02
2.2094e-01	1.2293e-01	3.3914e-01
5.4134e-02	3.8745e-01	5.0116e-01
2.4786e-01	3.1577e-01	2.0149e-01
2.5435e-01	1.0430e-01	4.4594e-01
8.1053e-02	8.6322e-01	1.8247e-01
1.9991e-01	1.2674e-01	3.1634e-01
6.6116e-02	4.5851e-01	4.1888e-01
1.5161e-01	1.5559e-01	2.4898e-01
1.3898e-01	1.7767e-01	2.6385e-01
6.8233e-02	3.8536e-01	4.6649e-01
8.8143e-02	2.2130e-01	5.7252e-01
4.8482e-01	3.3554e-01	1.3120e-01
3.1212e-01	4.5917e-01	1.5653e-01
4.6286e-01	2.7603e-01	1.8573e-01
2.7185e-01	8.7677e-02	5.2965e-01
5.7543e-01	2.9224e-01	1.4869e-01
4.3937e-01	3.0530e-01	1.6492e-01
3.6307e-01	2.9582e-01	1.7848e-01
2.6591e-01	2.6367e-01	1.9762e-01
1.2181e-01	2.7503e-01	3.4675e-01
2.1834e-01	2.4208e-01	2.0810e-01
6.1452e-01	2.3563e-01	1.9760e-01
7.2607e-02	5.8258e-01	3.6133e-01
6.0686e-01	2.7681e-01	1.5503e-01
6.0622e-02	4.1542e-01	4.5657e-01
1.1046e-01	1.9465e-01	4.3775e-01
4.3864e-01	2.9260e-01	1.7448e-01
2.9057e-01	7.6116e-02	5.6555e-01
8.1463e-01	3.7648e-02	2.5565e-01
1.9643e-02	2.9575e-01	7.6250e-01
3.1136e-01	6.6966e-01	7.3725e-02
6.0712e-02	5.2943e-02	6.4394e-01
8.1689e-02	2.8210e-01	5.4823e-01
1.7989e-01	1.1963e-01	3.7471e-01
2.6205e-01	5.1709e-01	1.9258e-01
2.2786e-01	2.3001e-01	2.0659e-01
6.7198e-01	1.0927e-01	2.9535e-01
1.9901e-01	1.7441e-01	2.2180e-01
2.1727e-01	1.2244e-01	3.4194e-01
3.5200e-01	3.2868e-01	1.6622e-01
1.1319e-01	2.0907e-01	4.0892e-01
2.0470e-01	7.0863e-01	1.8865e-01
1.0036e-01	3.2802e-01	4.1283e-01
1.0277e-01	5.6521e-01	3.4023e-01
5.9987e-02	8.2047e-01	2.3737e-01
1.2366e-01	1.7206e-01	3.4649e-01
4.3265e-02	5.4497e-01	4.0246e-01
6.3061e-01	3.6372e-01	1.0332e-02
5.7053e-01	1.5696e-02	4.1146e-01
3.7362e-01	4.2883e-02	5.5313e-01
2.2464e-01	2.1857e-01	2.0838e-01
2.2229e-01	7.3273e-01	1.5322e-01
1.0663e-01	3.7627e-01	3.7858e-01
1.0132e-01	1.6164e-01	5.0811e-01
3.2025e-01	4.8403e-01	1.4476e-01
7.2889e-01	7.9590e-02	2.8817e-01
4.0819e-01	5.0499e-02	4.8507e-01
1.2173e-01	1.9448e-01	3.4814e-01
2.6572e-01	2.6046e-01	1.9818e-01
3.4992e-01	5.1343e-02	5.6872e-01
4.6063e-01	3.8972e-01	9.3387e-02
3.9000e-01	4.2779e-02	5.2689e-01
3.2004e-01	5.7710e-01	1.1564e-01
3.8568e-01	4.6612e-01	9.3972e-02
4.2214e-01	3.0621e-02	5.0842e-01
4.1458e-01	5.2161e-01	2.2513e-02
2.5385e-01	7.6697e-02	6.0928e-01
5.3732e-01	3.9122e-01	4.4446e-02
2.5873e-02	4.2653e-01	5.1137e-01
8.0984e-01	2.0934e-01	1.0102e-01
1.1536e-01	1.9065e-01	4.0106e-01
3.2819e-01	1.1184e-01	3.7632e-01
3.1122e-01	2.5701e-01	1.9741e-01
1.2366e-01	1.7411e-01	3.4458e-01
1.0900e-01	9.1413e-01	9.1151e-02
1.0493e-01	2.0497e-01	4.7357e-01
2.3286e-01	2.1074e-01	2.1001e-01
1.3980e-01	1.6204e-01	2.6715e-01
3.4498e-01	7.0978e-02	5.0643e-01
5.2405e-01	3.5567e-01	9.6986e-02
4.5586e-01	4.4642e-01	4.4810e-02
1.8080e-01	8.3174e-02	6.1116e-01
4.5186e-01	4.2669e-01	6.6867e-02
1.7234e-01	1.8193e-01	2.2300e-01
1.7032e-01	1.2003e-01	3.7973e-01
2.3006e-01	8.2415e-01	4.8924e-02
7.5790e-01	1.5452e-01	2.0875e-01
4.8817e-01	2.6774e-01	1.9086e-01
4.2563e-01	3.0378e-01	1.6771e-01
3.0582e-02	5.1180e-01	4.3171e-01
4.7530e-01	3.6625e-01	1.0708e-01
6.2350e-01	1.0490e-02	3.8733e-01
5.6939e-01	1.1622e-01	3.2651e-01
5.2176e-01	4.7648e-02	4.0952e-01
1.7951e-02	5.3388e-01	4.3011e-01
3.6989e-01	4.6923e-02	5.4784e-01
4.9480e-01	2.7820e-01	1.8066e-01
9.9711e-02	3.3363e-01	4.1205e-01
1.8624e-01	7.0822e-01	2.0823e-01
4.3071e-01	4.4435e-01	6.9123e-02
1.6901e-01	1.3731e-01	2.7161e-01
1.3698e-01	1.4805e-01	3.0166e-01
2.8886e-01	3.2474e-01	1.8482e-01
1.3204e-01	1.9984e-01	2.9009e-01
2.4792e-01	2.5473e-01	2.0137e-01
2.0102e-01	1.2805e-01	3.0948e-01
4.1886e-01	1.2058e-01	3.4816e-01
2.1097e-01	1.7029e-01	2.2635e-01
1.0375e-01	1.5079e-01	4.9635e-01
4.0440e-01	5.4397e-01	1.7596e-02
1.9714e-01	9.0704e-02	5.6843e-01
4.1827e-01	4.1958e-01	9.5623e-02
1.5271e-01	1.8265e-01	2.3822e-01
7.0628e-01	1.4205e-01	2.5115e-01
6.1943e-02	4.3858e-01	4.3695e-01
1.1154e-01	4.3800e-01	3.5888e-01
3.1844e-01	1.1660e-01	3.6374e-01
6.7326e-02	7.6046e-02	6.1616e-01
8.2543e-01	8.9138e-02	2.1226e-01
1.6945e-01	1.5028e-01	2.4285e-01
2.0451e-02	4.4030e-01	5.0331e-01
4.6362e-01	3.6194e-01	1.1535e-01
4.8068e-02	4.8651e-01	4.2742e-01
4.4667e-01	2.7666e-02	4.8532e-01
1.3203e-01	1.5484e-01	3.1196e-01
2.6929e-01	1.0931e-01	4.0587e-01
7.9022e-02	2.7335e-01	5.7368e-01
2.7764e-01	1.0940e-01	4.0139e-01
4.3219e-01	4.0340e-01	9.8089e-02
2.1530e-01	2.3766e-01	2.0880e-01
1.1827e-01	2.4655e-01	3.6281e-01
7.6542e-01	1.1443e-01	2.3894e-01
2.4346e-01	2.9393e-01	2.0213e-01
1.3528e-03	5.0420e-01	4.6442e-01
1.9415e-01	1.8787e-01	2.1654e-01
3.2520e-01	9.5318e-02	4.3403e-01
2.3738e-01	9.9574e-02	4.9146e-01
7.4570e-01	2.3830e-01	1.2285e-01
2.8250e-01	2.6708e-01	1.9512e-01
1.2966e-01	1.3971e-01	3.7393e-01
9.0532e-01	1.9622e-02	1.7716e-01
4.9012e-01	1.7775e-02	4.5940e-01
8.4085e-01	1.0955e-01	1.8122e-01
2.7850e-01	7.8395e-01	7.9194e-03
4.3385e-01	6.0103e-02	4.4349e-01
1.7971e-02	9.7220e-01	7.7997e-02
1.0154e-01	1.1641e-01	5.2067e-01
1.3707e-01	1.4921e-01	2.9790e-01
3.5101e-02	3.9501e-02	6.6933e-01
2.0930e-01	1.1013e-01	4.3438e-01
8.6074e-01	1.7975e-01	7.8912e-02
7.5273e-01	1.3968e-01	2.2591e-01
2.7772e-01	2.3575e-01	2.0430e-01
1.6624e-01	6.9580e-03	9.4774e-01
7.6856e-01	2.6593e-01	5.6775e-02
3.6435e-01	5.3217e-01	8.2818e-02
3.4698e-01	5.2830e-01	1.0461e-01
1.7217e-01	8.9983e-01	2.3945e-02
3.4996e-01	3.7457e-01	1.5163e-01
8.0739e-01	2.2936e-01	7.3097e-02
8.6940e-01	1.9857e-01	3.3143e-02
3.3378e-01	3.5033e-01	1.6476e-01
5.0859e-01	2.8726e-01	1.7023e-01
4.2713e-01	4.5121e-01	6.6945e-02
1.7865e-01	1.8674e-01	2.1996e-01
1.7845e-01	8.7018e-01	6.6920e-02
2.3615e-01	6.9491e-01	1.6089e-01
1.3276e-01	1.7021e-01	2.8848e-01
1.7514e-01	1.3280e-01	2.8723e-01
2.1856e-01	7.7263e-01	1.2603e-01
1.3249e-01	1.9956e-01	2.8821e-01
3.8544e-01	4.5833e-01	9.8051e-02
2.7396e-01	2.3848e-01	2.0320e-01
3.9159e-01	3.6601e-01	1.3857e-01
4.0985e-01	4.2915e-01	9.5322e-02
2.7313e-01	3.3670e-01	1.9036e-01
3.4169e-02	4.5546e-01	4.6745e-01
7.7700e-01	1.2893e-01	2.1854e-01
3.9342e-01	5.5305e-02	4.9093e-01
3.7707e-01	3.8735e-01	1.3489e-01
1.1216e-01	3.1485e-01	3.7731e-01
6.3106e-01	8.6797e-02	3.3080e-01
3.1058e-01	2.6420e-01	1.9458e-01
1.1574e-02	7.6483e-02	9.5608e-01
3.7257e-01	3.4702e-01	1.5353e-01
1.3321e-01	1.8463e-01	2.8323e-01
5.9218e-01	3.5032e-01	6.7220e-02
2.7996e-01	4.9461e-01	1.7886e-01
2.8267e-01	1.0404e-01	4.2597e-01
7.5720e-02	5.0501e-01	3.8683e-01
3.1759e-01	2.9292e-01	1.8439e-01
7.4456e-02	4.2251e-01	4.2480e-01
1.7157e-01	1.3936e-01	2.6435e-01
5.0597e-01	2.7077e-01	1.8606e-01
7.5757e-01	2.2268e-02	3.0537e-01
4.9216e-01	2.7309e-01	1.8561e-01
1.5834e-01	1.3876e-01	2.7461e-01
5.3633e-02	5.2024e-01	4.0417e-01
5.2587e-01	2.9697e-01	1.5744e-01
2.6692e-01	7.6979e-01	5.3375e-02
3.6490e-01	2.7437e-01	1.8956e-01
3.0102e-01	2.6516e-01	1.9448e-01
1.2104e-01	2.2960e-01	3.4856e-01
6.8888e-01	1.3304e-01	2.6771e-01
2.1206e-01	8.4133e-01	5.5684e-02
6.3895e-01	3.8320e-03	3.8300e-01
4.8164e-01	2.3016e-02	4.6021e-01
2.9191e-01	3.4489e-01	1.8174e-01
5.2157e-01	4.6464e-02	4.1078e-01
5.0212e-01	3.0898e-01	1.5116e-01
5.0340e-01	1.1953e-01	3.3828e-01
1.4728e-01	1.8341e-01	2.4614e-01
4.2048e-01	4.5084e-01	7.3012e-02
3.2311e-01	5.6417e-01	1.1735e-01
1.5173e-01	1.0794e-01	4.7491e-01
1.2643e-01	6.6689e-01	2.8336e-01
4.9151e-02	2.9992e-01	6.6534e-01
4.2250e-01	3.2247e-01	1.5549e-01
1.6861e-01	1.4922e-01	2.4461e-01
3.2314e-01	2.9347e-01	1.8352e-01
2.6919e-01	3.3114e-01	1.9221e-01
4.2223e-01	5.2186e-01	9.7756e-03
3.7568e-01	5.5254e-01	5.5793e-02
9.3591e-02	2.9598e-01	4.6773e-01
5.5197e-01	4.0335e-01	1.1604e-02
1.6770e-01	1.6432e-01	2.3053e-01
8.1638e-01	1.7234e-01	1.4173e-01
6.4828e-01	3.0525e-01	9.8404e-02
7.2365e-01	3.1595e-01	7.9544e-03
1.9162e-02	3.8904e-01	5.8451e-01
1.8818e-01	1.8752e-01	2.1743e-01
2.6718e-01	2.8543e-01	1.9480e-01
4.6067e-01	7.4227e-02	4.0642e-01
1.3049e-01	8.7700e-01	1.2030e-01
1.5722e-01	1.8110e-01	2.3321e-01
7.2054e-02	8.8187e-02	6.0700e-01
1.0219e-01	3.2131e-01	4.0979e-01
3.5534e-01	8.5341e-02	4.4499e-01
1.3998e-01	9.0611e-01	6.4852e-02
1.7055e-01	1.5669e-01	2.3524e-01
6.7341e-01	2.2023e-02	3.5486e-01
8.0879e-02	2.5340e-01	5.8707e-01
2.8040e-01	3.4746e-01	1.8671e-01
2.2663e-01	2.5402e-01	2.0611e-01
4.9133e-01	3.1944e-01	1.4399e-01
4.1156e-01	5.4033e-02	4.7394e-01
3.2361e-01	3.2056e-01	1.7548e-01
2.8493e-01	2.4021e-01	2.0304e-01
3.5169e-01	5.0628e-01	1.0848e-01
1.5242e-01	1.3330e-01	3.1068e-01
4.5464e-01	4.6359e-01	2.7871e-02
1.5543e-01	1.8515e-01	2.3520e-01
1.3707e-01	8.4940e-01	1.4616e-01
1.6898e-03	3.6073e-01	6.7832e-01
1.1776e-01	3.7080e-01	3.5631e-01
3.3054e-01	5.7279e-01	1.0464e-01
1.1581e-01	2.4686e-01	3.7641e-01
1.7605e-01	2.0371e-01	2.2117e-01
1.8421e-01	2.1332e-01	2.1808e-01
5.1807e-01	7.1277e-02	3.8692e-01
2.0833e-01	2.1370e-01	2.1079e-01
2.0115e-01	2.2255e-01	2.1233e-01
7.9502e-01	7.6708e-02	2.4614e-01
1.5645e-02	9.7481e-01	7.4729e-02
3.3577e-02	5.3082e-01	4.1821e-01
7.1873e-01	5.2978e-02	3.1169e-01
2.4600e-01	6.2465e-01	1.8276e-01
2.9329e-01	4.0134e-01	1.7679e-01
4.6889e-01	6.8424e-02	4.1071e-01
5.1922e-01	4.1527e-01	2.3904e-02
1.3769e-01	1.9818e-01	2.7057e-01
6.5898e-01	1.2888e-01	2.8469e-01
1.5822e-01	1.3667e-01	2.8274e-01
1.1970e-01	1.5480e-01	3.9993e-01
3.3595e-01	2.8294e-01	1.8626e-01
1.0329e-01	1.8087e-01	4.9335e-01
3.4481e-01	3.8615e-01	1.5065e-01
5.0937e-01	3.8292e-01	7.3658e-02
4.2015e-02	4.5604e-01	4.5561e-01
1.6492e-01	2.0004e-01	2.2818e-01
6.7926e-01	2.3899e-01	1.6638e-01
1.4737e-01	8.8978e-02	5.7171e-01
7.3812e-01	2.8147e-01	6.2821e-02
4.3845e-01	4.1910e-01	8.2703e-02
3.2641e-01	1.1332e-01	3.7231e-01
5.2740e-01	4.2327e-01	1.7955e-03
5.5882e-01	8.0879e-02	3.6281e-01
3.0095e-01	3.2573e-01	1.8069e-01
1.9711e-01	2.1389e-01	2.1329e-01
5.8981e-01	3.7949e-01	1.9509e-02
5.1042e-02	3.8317e-01	5.1524e-01
2.5565e-02	1.0000e+00	4.6199e-03
2.5546e-01	6.1324e-01	1.7649e-01
1.0184e-01	3.9150e-01	3.8473e-01
4.4115e-01	3.2177e-02	4.8399e-01
3.7553e-01	1.1723e-01	3.5745e-01
1.5096e-01	1.8811e-01	2.4111e-01
4.8082e-01	4.3151e-01	3.7760e-02
4.9931e-01	8.3652e-02	3.7995e-01
2.5436e-02	4.5874e-01	4.7670e-01
6.0660e-01	1.2537e-01	3.0703e-01
4.8655e-01	1.1946e-01	3.4128e-01
3.5446e-01	3.3245e-01	1.6423e-01
4.3189e-01	4.5588e-01	5.8924e-02
5.5488e-01	1.1453e-01	3.3203e-01
1.7501e-02	3.6907e-01	6.2766e-01
1.6769e-01	1.4169e-01	2.5938e-01
4.4716e-01	3.0877e-02	4.7999e-01
4.1336e-01	3.3380e-02	5.1461e-01
1.1831e-01	3.8943e-01	3.5388e-01
7.2323e-01	3.1688e-01	6.2244e-03
3.8878e-02	4.2855e-01	4.8578e-01
1.0390e-01	8.9660e-01	1.2249e-01
3.4973e-01	6.6245e-01	5.3874e-03
2.1075e-01	2.1656e-01	2.1018e-01
1.6474e-01	1.5977e-01	2.3476e-01
5.6774e-01	3.4343e-01	9.0939e-02
6.3018e-01	1.1382e-01	3.0890e-01
3.9092e-01	4.5948e-01	9.2867e-02
7.3938e-01	1.4416e-01	2.3041e-01
4.9926e-03	8.2144e-01	2.6737e-01
4.1857e-01	3.8975e-01	1.1417e-01
2.6698e-01	1.1840e-01	3.6157e-01
8.9977e-02	6.4876e-01	3.2085e-01
5.2947e-01	2.7779e-01	1.7557e-01
5.5130e-01	7.2326e-02	3.7343e-01
4.1195e-02	3.4536e-01	6.1025e-01
1.1276e-01	2.1097e-01	4.1129e-01
7.4894e-01	2.6246e-01	8.4190e-02
4.0462e-01	6.4104e-02	4.5873e-01
3.7535e-01	3.4433e-01	1.5392e-01
3.9184e-01	3.8491e-02	5.3466e-01
3.1960e-01	3.5641e-01	1.6874e-01
7.2663e-01	4.2311e-02	3.1358e-01
3.3049e-01	4.1264e-01	1.5217e-01
1.0593e-01	3.7378e-01	3.8065e-01
8.0272e-01	2.0937e-01	1.0882e-01
4.3422e-01	7.7923e-02	4.1284e-01
4.6475e-01	2.6852e-01	1.9196e-01
1.0000e+00	1.7153e-02	1.3187e-02
1.8584e-01	1.8490e-01	2.1841e-01
7.3313e-02	5.9940e-01	3.5420e-01
1.4900e-01	1.8377e-01	2.4343e-01
1.2997e-01	1.8488e-01	2.9784e-01
1.5205e-01	1.4251e-01	2.7152e-01
2.8628e-01	3.7131e-01	1.8271e-01
8.2037e-01	1.3298e-01	1.7927e-01
8.7119e-02	8.5787e-01	1.8320e-01
3.3770e-01	1.0899e-01	3.8239e-01
1.1804e-01	1.9753e-01	3.7564e-01
2.8173e-01	2.1541e-02	7.7996e-01
2.5128e-01	1.2586e-01	3.2946e-01
4.3199e-01	4.6138e-02	4.6950e-01
1.6356e-01	1.3897e-01	2.6918e-01
1.1457e-01	3.3796e-01	3.6658e-01
8.1628e-01	2.1182e-01	8.9851e-02
2.7137e-01	2.8547e-01	1.9382e-01
4.7169e-01	3.8437e-01	9.2439e-02
1.5712e-01	8.7455e-01	9.1159e-02
2.9960e-01	4.8461e-01	1.6279e-01
9.7084e-02	3.5528e-01	4.0920e-01
3.1747e-01	2.4922e-01	2.0111e-01
1.7313e-01	8.6471e-01	8.3089e-02
1.4999e-01	1.1627e-01	4.2923e-01
5.1176e-01	6.3037e-02	3.9822e-01
9.0423e-02	5.3374e-01	3.6168e-01
2.0438e-01	1.7778e-01	2.2048e-01
1.4590e-01	1.5362e-02	9.3269e-01
6.3110e-01	3.1487e-01	9.5147e-02
1.0903e-01	3.4445e-01	3.8005e-01
2.4735e-01	1.1576e-01	3.7794e-01
3.1254e-02	2.7837e-01	7.5774e-01
5.2605e-02	7.3673e-01	3.0140e-01
6.0624e-01	8.8239e-02	3.3934e-01
2.7302e-01	4.6505e-01	1.8789e-01
2.2587e-01	2.6523e-01	2.0694e-01
5.0448e-01	2.6762e-01	1.8919e-01
2.7578e-01	1.1498e-01	3.7554e-01
5.1542e-02	5.7624e-02	6.4499e-01
1.4344e-02	6.4113e-01	3.7609e-01
5.1775e-01	3.0612e-01	1.5032e-01
2.9438e-01	6.2613e-02	6.2158e-01
1.5985e-01	1.6641e-01	2.3388e-01
2.9082e-01	4.4737e-01	1.7485e-01
4.1443e-01	4.1857e-01	9.8712e-02
4.4313e-01	3.2147e-01	1.5239e-01
4.7131e-01	3.7088e-01	1.0466e-01
4.0489e-01	9.5832e-02	3.9279e-01
2.4484e-01	2.2756e-01	2.0587e-01
1.0453e-01	6.1679e-01	3.2168e-01
3.9560e-01	9.0129e-02	4.0786e-01
1.5220e-01	1.6511e-01	2.4166e-01
6.6753e-02	6.4904e-01	3.3818e-01
1.5301e-01	1.6906e-01	2.3927e-01
3.1955e-01	9.8086e-02	4.2729e-01
3.1347e-01	4.2595e-01	1.6083e-01
2.7741e-01	7.8912e-01	1.6386e-03
2.2269e-01	2.4359e-01	2.0697e-01
2.1582e-01	9.0759e-02	5.6147e-01
8.3364e-02	6.3377e-01	3.3235e-01
4.4667e-01	4.6203e-01	3.8489e-02
5.5521e-01	3.1003e-01	1.3567e-01
5.1569e-01	1.0659e-01	3.4986e-01
1.9786e-01	2.1653e-01	2.1312e-01
2.3796e-01	1.0423e-01	4.5926e-01
7.1861e-02	5.4714e-01	3.7533e-01
1.1317e-01	3.4437e-01	3.6931e-01
1.6032e-02	3.9207e-01	5.8548e-01
1.2807e-01	1.9282e-01	3.0743e-01
7.4500e-02	3.6868e-01	4.6563e-01
4.8576e-01	2.6380e-01	1.9461e-01
1.0108e-01	1.3278e-01	5.1331e-01
1.1228e-01	3.4411e-01	3.7162e-01
7.5116e-01	8.4052e-02	2.7146e-01
4.2130e-01	7.0471e-02	4.3321e-01
1.4716e-01	7.9312e-01	1.8944e-01
5.7049e-01	9.6545e-02	3.4450e-01
5.1056e-01	3.0423e-01	1.5378e-01
4.5657e-01	1.9836e-02	4.8637e-01
3.4365e-01	1.0856e-01	3.8211e-01
3.0001e-01	3.4276e-01	1.7866e-01
5.8088e-03	4.1999e-01	5.5508e-01
4.1675e-01	4.4837e-01	7.7873e-02
6.5892e-01	7.7687e-02	3.2570e-01
1.8580e-01	2.0199e-01	2.1673e-01
1.3516e-01	1.4320e-01	3.2895e-01
0.0000e+00	3.7536e-01	6.5079e-01
3.1725e-01	6.3688e-01	8.7869e-02
2.0425e-01	1.2590e-01	3.2133e-01
4.7716e-01	9.3991e-02	3.7423e-01
3.7874e-02	4.4697e-01	4.6942e-01
8.6174e-01	3.3260e-02	2.1639e-01
3.4529e-01	4.3566e-01	1.3690e-01
2.5993e-01	2.2958e-01	2.0553e-01
2.1057e-01	2.3755e-01	2.1019e-01
3.5308e-03	4.5825e-01	5.0551e-01
9.6698e-02	3.7832e-01	4.0016e-01
4.7067e-01	3.7911e-01	9.7671e-02
4.5234e-01	3.4245e-02	4.7012e-01
7.9045e-01	2.1229e-01	1.1748e-01
1.0398e-01	2.8723e-01	4.2212e-01
2.9281e-01	1.1133e-01	3.8682e-01
1.7128e-01	8.4670e-01	1.0955e-01
2.8241e-01	9.5504e-02	4.7289e-01
1.6664e-01	1.5484e-01	2.3828e-01
1.7187e-01	1.7729e-01	2.2404e-01
8.2800e-02	5.2296e-01	3.7295e-01
3.9362e-01	3.3415e-01	1.5432e-01
1.3551e-01	1.5396e-01	2.9433e-01
2.0823e-01	1.2732e-01	3.1426e-01
1.2568e-01	1.6182e-01	3.4372e-01
1.0546e-01	1.8560e-01	4.7768e-01
7.2361e-02	3.9500e-01	4.4769e-01
1.4696e-01	1.4279e-01	2.8135e-01
3.1241e-01	5.5042e-01	1.3444e-01
9.4499e-02	3.7219e-01	4.0808e-01
7.6436e-01	2.6735e-01	5.9149e-02
1.1610e-01	2.5658e-01	3.7275e-01
1.6642e-01	1.5380e-01	2.3947e-01
3.1709e-01	4.9845e-01	1.4426e-01
1.8099e-01	2.0111e-01	2.1857e-01
1.4034e-01	1.4972e-01	2.8279e-01
3.5041e-02	4.8461e-02	6.8743e-01
2.4739e-01	3.1794e-01	2.0187e-01
1.7657e-01	1.4932e-01	2.4316e-01
7.5039e-01	2.7107e-01	6.8219e-02
8.9332e-01	3.8854e-02	1.7937e-01
2.0432e-01	7.5314e-01	1.5973e-01
2.5687e-01	2.2733e-01	2.0609e-01
4.3546e-01	3.2151e-01	1.5379e-01
4.4189e-01	5.0203e-01	0.0000e+00
3.7745e-01	3.7130e-01	1.4149e-01
7.0525e-01	4.5588e-02	3.2385e-01
5.8862e-01	2.6294e-01	1.7657e-01
3.6568e-01	6.2148e-03	6.5892e-01
2.5471e-01	1.0571e-01	4.3653e-01
3.0244e-01	3.3287e-01	1.7913e-01
1.0261e-01	3.7291e-01	3.8837e-01
3.2833e-01	3.0278e-01	1.7976e-01
2.0433e-01	1.1757e-01	3.7847e-01
1.9818e-01	1.8225e-01	2.1812e-01
2.4251e-01	2.1556e-01	2.0902e-01
6.2739e-01	2.5628e-02	3.7620e-01
2.7681e-01	3.0323e-01	1.9069e-01
3.3477e-01	4.2419e-01	1.4691e-01
3.9564e-02	9.4978e-01	1.0108e-01
5.9558e-01	1.2454e-01	3.1123e-01
4.4044e-01	8.9150e-02	3.9221e-01
2.0011e-01	8.7802e-01	1.3157e-02
3.3919e-01	4.8965e-01	1.2629e-01
2.3504e-01	2.5662e-01	2.0390e-01
1.1884e-01	2.3554e-01	3.6079e-01
2.4130e-01	1.6445e-02	8.4804e-01
2.4042e-01	2.3481e-01	2.0469e-01
5.7303e-01	3.7559e-01	4.1155e-02
6.1231e-01	3.1821e-01	1.0122e-01
2.8540e-02	3.1713e-01	7.0178e-01
7.7367e-01	2.6442e-01	5.3294e-02
1.1707e-02	7.0919e-01	3.4064e-01
5.1488e-01	3.8138e-01	7.2247e-02
1.5422e-01	1.3354e-01	3.0519e-01
1.6066e-01	1.7952e-01	2.3024e-01
4.6656e-01	4.0985e-01	7.1866e-02
6.4170e-01	2.4450e-01	1.7786e-01
2.8321e-01	3.2671e-01	1.8668e-01
5.5424e-02	3.8289e-01	5.0369e-01
1.3209e-01	1.4363e-01	3.4549e-01
1.6520e-01	1.4841e-01	2.4706e-01
7.6161e-01	1.1802e-01	2.3858e-01
1.7027e-02	4.9984e-01	4.5297e-01
3.8723e-01	4.3056e-02	5.3043e-01
4.5006e-01	4.2446e-01	7.0183e-02
1.4043e-01	1.8256e-01	2.6010e-01
9.6213e-02	6.3288e-01	3.2245e-01
5.4481e-02	4.3037e-01	4.5591e-01
3.3138e-01	5.2168e-01	1.2371e-01
6.5723e-01	1.3551e-01	2.7966e-01
2.2748e-01	1.2462e-01	3.3081e-01
1.7497e-01	1.7550e-01	2.2341e-01
5.2701e-01	4.1798e-01	1.1648e-02
2.7785e-01	7.4445e-01	6.2468e-02
6.8024e-01	2.9020e-01	9.8990e-02
2.6233e-01	3.4831e-01	1.9578e-01
4.8683e-01	4.2217e-01	4.3623e-02
5.2249e-01	1.0158e-01	3.5348e-01
1.3583e-01	1.5268e-01	2.9540e-01
3.0522e-02	3.8269e-01	5.6976e-01
3.2668e-02	5.1160e-01	4.2976e-01
1.6566e-01	1.5986e-01	2.3428e-01
3.4600e-02	3.2084e-01	6.7732e-01
4.2992e-01	3.4515e-01	1.3869e-01
4.3318e-01	4.5177e-01	6.1082e-02
1.2613e-01	1.4691e-01	3.7289e-01
2.4888e-01	3.1962e-01	2.0126e-01
1.3461e-01	1.2268e-01	4.2288e-01
2.2077e-01	1.9326e-01	2.1509e-01
1.5334e-01	1.8094e-01	2.3741e-01
1.2807e-01	2.0256e-01	3.0826e-01
