3.3389e-01
5.8944e-01
4.2011e-01
3.7091e-01
6.4460e-01
3.1017e-01
3.5855e-01
3.7184e-01
4.8101e-01
7.3546e-01
5.4849e-01
4.9507e-01
2.4270e-01
2.6550e-01
8.0676e-01
6.0095e-02
8.6134e-01
4.3456e-01
3.7010e-01
4.6682e-01
3.1153e-01
3.1563e-01
4.5194e-01
5.3533e-01
2.0535e-01
8.7467e-01
7.1623e-01
4.9182e-01
3.0571e-01
6.2240e-01
1.7945e-01
7.4913e-01
3.1432e-01
8.2673e-01
1.6266e-01
6.7992e-01
4.9272e-01
6.0115e-01
3.4224e-01
2.8498e-01
6.3213e-01
1.5069e-01
1.3040e+00
5.3363e-01
2.4802e-01
5.2638e-01
1.0202e+00
1.0235e-01
2.6475e-01
4.3045e-01
7.3850e-01
5.5678e-01
4.1246e-01
6.1249e-01
7.1008e-01
8.8197e-01
4.7832e-02
5.3673e-01
6.0026e-01
3.2957e-01
6.9982e-01
5.9195e-01
8.2655e-01
3.5341e-01
3.3074e-01
5.6636e-01
4.5801e-01
7.1620e-01
5.9029e-01
8.6497e-01
6.3397e-01
3.3570e-01
2.9319e-01
3.4317e-01
4.1458e-01
5.7795e-01
6.6414e-01
5.5597e-01
4.1548e-01
2.1788e-01
5.5461e-01
4.0020e-01
4.6994e-01
4.2031e-01
1.9046e-01
5.5782e-01
5.3893e-01
6.6518e-01
2.5720e-01
4.5260e-01
3.9349e-01
8.0845e-01
2.1683e-01
5.9905e-01
6.3457e-01
2.2331e-01
9.8557e-01
7.1205e-01
3.8342e-01
5.4220e-01
5.6013e-01
4.2591e-01
5.0380e-01
1.9053e-01
6.5020e-01
3.2901e-01
6.1733e-01
6.8630e-01
2.5526e-01
6.4325e-01
4.2814e-01
4.9337e-01
7.5834e-02
2.3564e-01
2.1456e-01
6.5145e-01
5.8092e-01
7.0040e-01
3.1172e-01
4.9243e-01
1.4975e-01
7.4281e-01
1.5300e-01
5.8096e-01
6.4810e-01
4.1651e-01
3.1633e-01
5.7318e-01
4.3946e-01
4.7553e-01
3.7884e-01
5.2990e-01
6.6158e-01
3.2881e-01
4.2137e-01
5.7419e-01
6.9031e-01
5.5468e-01
4.6188e-01
3.7186e-01
2.7811e-01
4.5426e-01
6.7253e-01
5.9160e-01
2.3615e-01
5.2274e-01
2.2739e-01
6.1532e-01
8.0553e-01
4.0969e-01
4.9422e-01
3.8818e-01
1.2275e-01
4.7964e-01
1.2259e+00
6.1652e-01
4.5564e-01
2.4529e-01
4.3204e-01
6.5548e-01
2.8242e-01
4.4737e-01
9.9548e-02
3.8880e-01
4.8502e-01
2.0883e-01
3.0336e-01
2.8460e-01
6.4176e-01
6.5290e-01
3.6873e-01
2.0532e-01
6.0278e-01
1.2775e+00
5.3167e-01
4.7449e-01
5.6532e-01
4.9232e-01
6.8526e-01
1.0307e+00
1.7221e-01
6.4992e-01
3.4945e-01
2.8249e-01
9.2745e-02
8.0959e-01
4.2238e-01
4.4058e-01
5.7824e-02
3.8901e-01
1.3740e-01
3.6609e-01
6.8942e-01
6.1908e-01
2.4356e-01
7.3117e-01
2.9769e-01
4.7695e-01
5.5902e-01
1.7657e-01
4.6642e-01
2.2980e-01
2.7679e-01
6.2764e-01
4.7875e-01
2.7228e-01
5.3303e-01
2.0387e-01
6.5134e-01
1.9792e-01
3.6616e-01
4.6723e-01
3.2070e-01
3.8444e-01
2.1603e-01
5.2191e-01
6.9911e-01
1.5715e-01
4.4728e-01
1.7889e-01
5.1752e-01
7.8173e-01
3.5519e-01
2.1498e-01
4.6799e-01
7.3767e-01
2.2682e-01
9.5081e-01
4.6017e-01
1.9289e-01
3.0646e-01
4.2154e-01
3.6017e-01
6.4692e-01
8.6186e-01
3.5026e-01
6.1731e-01
4.6705e-01
3.7393e-01
5.5939e-01
1.1958e-01
2.5667e-01
1.4265e-01
4.2666e-01
1.8785e-01
6.7434e-01
3.4621e-01
5.2578e-01
1.2405e-01
5.6223e-01
5.9901e-01
6.5556e-01
8.2739e-01
6.8329e-01
5.0366e-01
5.5221e-01
2.0774e-01
4.7015e-01
4.6284e-01
2.8310e-01
7.2043e-01
2.9604e-01
3.8031e-01
5.9257e-01
2.4395e-01
7.1561e-01
1.7313e-01
3.2065e-01
4.4117e-01
5.4360e-01
5.3652e-01
4.2257e-01
2.5737e-01
1.7164e-01
3.0146e-01
1.2734e-01
6.5346e-01
3.1113e-01
7.6668e-01
6.6225e-01
8.7404e-01
6.5400e-01
4.2152e-01
4.5227e-01
4.1720e-01
3.5108e-01
2.3056e-01
3.5276e-01
1.3354e+00
1.8105e-01
2.8820e-01
5.9522e-01
5.9970e-01
4.9257e-01
1.8395e-01
4.0808e-01
2.9692e-01
3.5222e-01
4.7235e-01
6.7197e-01
2.4450e-01
3.5829e-01
5.9581e-01
5.9135e-01
5.7848e-01
3.0435e-01
2.1437e-01
1.5638e-01
5.8660e-01
3.0915e-01
1.0199e+00
1.5413e-01
4.8023e-01
6.1460e-01
4.5743e-01
4.5745e-01
1.0380e+00
6.0921e-02
6.6656e-01
1.0427e+00
2.5356e-01
4.6224e-01
6.3041e-01
2.8671e-01
2.9425e-01
2.8580e-01
9.7070e-01
8.5044e-01
5.5408e-01
3.2494e-01
4.3663e-01
4.4266e-01
4.1260e-01
5.9063e-01
3.4535e-01
1.0805e-01
5.7759e-01
4.3626e-01
3.3799e-01
3.5901e-01
1.8093e-01
9.5342e-01
2.3332e-01
2.0614e-01
4.6768e-01
4.3652e-01
8.1045e-01
5.5075e-01
4.4202e-01
4.5625e-01
4.1577e-01
5.7764e-01
2.9426e-01
4.8094e-01
3.9110e-01
3.7693e-01
5.1455e-01
7.0968e-01
9.7517e-01
4.4596e-01
3.0302e-01
6.7343e-01
7.5513e-01
3.8948e-01
4.3564e-01
5.6684e-01
4.3013e-01
4.4483e-01
2.3569e-01
5.0147e-01
5.4267e-01
1.6530e-01
4.5431e-01
5.4138e-01
4.9145e-01
4.3732e-01
4.4487e-01
3.1301e-01
3.0638e-01
6.8552e-01
5.9582e-01
2.7362e-01
3.6375e-01
8.3397e-01
6.1524e-01
3.1492e-01
3.9457e-01
5.7722e-01
2.3294e-01
5.4553e-01
3.2840e-01
5.9432e-01
3.0988e-01
7.5792e-01
6.0880e-01
4.6603e-01
4.5875e-01
4.9618e-01
8.9932e-01
7.4700e-01
2.7763e-01
4.4953e-01
7.5173e-01
4.8247e-01
4.1312e-01
7.1799e-01
3.1335e-01
4.7663e-01
2.9860e-01
4.4735e-01
6.5603e-01
7.8605e-01
1.7247e-01
1.9960e-01
2.1041e-01
3.3115e-01
5.1760e-01
3.8312e-01
4.6168e-01
6.1854e-01
5.2801e-01
4.6372e-01
4.0589e-01
2.1622e-01
1.9275e-01
4.5120e-01
3.3964e-01
5.1659e-01
2.9736e-01
7.2009e-01
1.8724e-01
2.6865e-01
5.7562e-01
7.6753e-01
1.8140e-01
6.7938e-01
1.0590e+00
5.2420e-01
7.2833e-01
7.0599e-01
6.3868e-01
7.9168e-01
3.1675e-01
6.6549e-01
2.1212e-01
1.1105e-01
4.6834e-01
3.7723e-01
3.4858e-01
4.2202e-01
4.4036e-01
3.9952e-01
2.9624e-01
5.2371e-01
2.5804e-01
6.0781e-01
5.1525e-01
2.9694e-01
3.4678e-01
7.3448e-02
4.8277e-01
5.2467e-01
3.9226e-01
3.3338e-01
4.9798e-01
3.1236e-01
9.4854e-01
5.3866e-01
5.1164e-01
5.1099e-01
1.3721e-01
4.8352e-01
8.2154e-01
2.9693e-01
8.2454e-01
8.3200e-02
7.7592e-01
3.9889e-01
4.9959e-01
2.9400e-01
9.1208e-01
5.1096e-01
2.0394e-01
2.1336e-01
3.3946e-01
7.4488e-01
6.5081e-01
1.4605e-01
2.8170e-01
5.6172e-01
1.2107e-01
6.2928e-01
1.2638e-01
3.7420e-01
6.0530e-01
2.3008e-01
4.8128e-01
3.2711e-01
5.6199e-01
2.0064e-01
4.3573e-01
3.2829e-01
9.0057e-01
4.7760e-01
6.4765e-01
2.8866e-01
5.6605e-01
4.1256e-01
4.3452e-01
1.5662e-01
4.9035e-01
5.8778e-01
3.2882e-01
1.1330e-01
4.3103e-01
4.7918e-01
4.7610e-01
7.8956e-01
8.3521e-01
3.5496e-01
5.5447e-01
6.2333e-01
2.5698e-01
1.0984e-01
4.5560e-01
5.2179e-01
6.7705e-01
2.7859e-01
5.6804e-01
6.0672e-01
4.1035e-01
6.9371e-01
6.1547e-01
3.1526e-01
1.1327e+00
2.0766e-01
4.2709e-01
4.0315e-01
4.9349e-01
2.7925e-01
7.1761e-01
4.9516e-01
2.7841e-01
4.8632e-01
4.9032e-01
3.7738e-01
5.2792e-01
4.3985e-01
5.1206e-01
6.4308e-02
1.3707e-01
5.3546e-01
3.0866e-01
3.8525e-01
6.3108e-01
1.0219e+00
5.0668e-01
3.9475e-01
1.4784e-01
4.1026e-02
9.8047e-01
1.7207e-01
5.5756e-01
4.7299e-02
1.2122e-01
4.5418e-01
1.3556e-01
2.8620e-01
3.3700e-01
4.6331e-01
4.6589e-02
4.6376e-01
3.3524e-01
1.1754e-01
5.0972e-01
4.0256e-01
3.9864e-01
7.4446e-01
7.2295e-01
1.2841e-01
3.0678e-01
6.5523e-01
4.4710e-01
7.1314e-01
4.9956e-01
2.1986e-01
4.9055e-01
5.2232e-01
5.2492e-01
3.2546e-01
2.3542e-01
5.1070e-01
6.2837e-01
1.5801e-01
3.8989e-01
4.1062e-01
3.8227e-01
4.3067e-01
4.6551e-01
3.8099e-01
3.9687e-01
7.0349e-01
2.5145e-01
6.8353e-01
5.1126e-01
7.0210e-01
5.9632e-01
8.1749e-01
4.0969e-01
4.4671e-01
1.3163e-01
3.3504e-01
4.4322e-01
4.8949e-01
7.1519e-01
1.7504e-01
1.6392e-01
4.7101e-01
2.0581e-01
4.7479e-01
5.9767e-01
6.9332e-01
3.2592e-01
5.4358e-01
3.9121e-01
3.6210e-01
4.0980e-01
6.6711e-01
2.8367e-01
4.2473e-01
7.2457e-01
2.5842e-01
6.4181e-01
1.3862e-01
1.5352e-01
9.2247e-01
5.0243e-01
5.7802e-01
3.0722e-01
4.4589e-01
3.9530e-01
5.9391e-01
3.8485e-01
9.2534e-01
7.0951e-01
5.7466e-01
2.8488e-01
5.7193e-01
3.2836e-01
2.5681e-01
7.3791e-01
5.6358e-01
2.6241e-01
4.1154e-02
5.1227e-01
7.3373e-01
3.0257e-01
3.4194e-01
7.1615e-01
5.6038e-01
3.1270e-01
2.3717e-01
2.2306e-01
4.5994e-01
6.0691e-01
1.7359e-01
2.1713e-01
6.4761e-01
2.4964e-01
2.7579e-01
6.4579e-01
4.5504e-01
2.7096e-01
2.7254e-01
5.2614e-01
3.3622e-01
8.9990e-02
3.6161e-01
8.4118e-01
6.1143e-01
6.0588e-01
1.9394e-01
3.7113e-01
6.5758e-01
5.6480e-01
7.6052e-01
4.2067e-01
3.4453e-01
5.3690e-01
1.8314e-01
3.0242e-01
3.0498e-01
8.3542e-01
4.7461e-01
2.9421e-01
5.0532e-01
3.9318e-01
4.6174e-01
4.8041e-01
7.7940e-01
3.4802e-01
5.0541e-01
3.4975e-01
4.5427e-01
4.1129e-01
3.0901e-01
7.4077e-01
6.8122e-01
5.2482e-01
6.3240e-01
4.1412e-01
1.3885e-01
3.7097e-01
8.7139e-01
2.7671e-01
2.4556e-01
9.1898e-01
3.8724e-01
2.8243e-01
6.0445e-01
2.8301e-01
7.4023e-01
5.2814e-01
5.0641e-01
4.0457e-01
7.4250e-01
4.1062e-01
7.2360e-01
3.6111e-01
1.9799e-01
1.2223e+00
2.9610e-01
6.4739e-01
3.6269e-01
3.3471e-01
2.1660e-01
9.4073e-01
6.4554e-01
6.4290e-01
2.9205e-01
2.3631e-01
4.6461e-01
3.8227e-01
2.7806e-01
5.0074e-01
3.4553e-01
3.4274e-01
6.0430e-01
1.0714e-01
4.9339e-01
5.8701e-01
3.9713e-01
3.3066e-01
8.1513e-01
2.9703e-01
4.8857e-01
4.8910e-01
3.1981e-01
3.7000e-01
7.2249e-01
8.3465e-01
4.2018e-01
3.3284e-01
7.0334e-01
3.6550e-01
4.2651e-01
9.8045e-01
4.6506e-01
4.1874e-01
6.9598e-01
3.6120e-01
9.2670e-01
5.2357e-01
5.1695e-01
6.5561e-01
2.9843e-01
2.4000e-01
1.4621e-01
5.8949e-01
5.7395e-01
4.6707e-01
6.0812e-01
2.7492e-01
7.6070e-01
6.2882e-01
5.0283e-01
5.1151e-01
6.9398e-02
5.0430e-01
5.6996e-01
2.8477e-01
5.3065e-01
3.7308e-01
5.0030e-01
4.2365e-01
4.8414e-01
4.3271e-01
5.9853e-01
5.1366e-01
5.3201e-01
8.0277e-01
3.7750e-01
4.0334e-01
6.8838e-01
6.6941e-01
5.6037e-01
2.0413e-01
7.9672e-01
3.9608e-01
8.3558e-01
4.4655e-01
6.0107e-01
4.8777e-01
4.8661e-01
1.7536e-01
3.8491e-01
3.6070e-01
5.3764e-01
5.9558e-01
1.7846e-01
1.5464e-01
3.8288e-01
3.7520e-01
3.5957e-01
1.8986e-01
5.4241e-01
5.7005e-01
3.0333e-01
4.3038e-01
6.5933e-01
3.6271e-01
7.9004e-01
5.2596e-01
3.1202e-01
5.8047e-01
2.0407e-01
8.5503e-01
2.0131e-01
2.9401e-01
2.2613e-01
3.9653e-01
4.4516e-01
4.3503e-01
1.7260e-01
4.7444e-01
2.5913e-01
2.2268e-01
6.4160e-01
8.2418e-01
3.4657e-01
4.5935e-01
1.9222e-01
3.8647e-01
1.7356e-01
5.9627e-01
3.8050e-01
5.4155e-01
5.2416e-01
4.3403e-01
6.7530e-01
4.3816e-01
7.0323e-01
6.0656e-01
1.9780e-01
5.8295e-01
8.0439e-01
3.0263e-01
7.2170e-01
5.2329e-01
3.5157e-01
7.5239e-01
6.5818e-01
4.0045e-01
4.1072e-01
4.0362e-01
3.7033e-01
8.8774e-01
4.3740e-01
5.7190e-01
1.6058e-01
4.8430e-01
5.4728e-01
7.4195e-01
5.4504e-01
8.0645e-01
5.3325e-01
3.2015e-01
2.7496e-01
3.7799e-01
4.9435e-01
1.7117e-01
2.2828e-01
6.1861e-01
5.9329e-01
9.5413e-01
3.3572e-01
4.3716e-01
7.1069e-01
2.2920e-02
3.7999e-01
3.7866e-01
5.5741e-01
5.3377e-01
1.5397e-01
4.4945e-01
4.0210e-01
6.4069e-01
1.8589e-01
2.2459e-01
7.5634e-01
5.8409e-01
4.6276e-01
5.4849e-01
5.9368e-01
4.2333e-01
3.6713e-01
6.9086e-01
2.9304e-01
1.8957e-01
7.0383e-01
5.0768e-01
5.2759e-01
1.6492e-01
6.3437e-01
8.0881e-01
7.1235e-01
5.0072e-01
3.5008e-01
3.7827e-01
3.0143e-01
2.4017e-01
3.8078e-01
5.0484e-01
5.7759e-01
5.0024e-01
4.8876e-01
2.7600e-01
6.9092e-01
8.4925e-01
3.7108e-01
5.1764e-01
3.4808e-01
2.6178e-01
4.3605e-01
1.6943e-01
6.3754e-01
2.4148e-01
9.5327e-01
4.2538e-01
2.9713e-01
6.9274e-01
6.3689e-01
4.9579e-01
6.4308e-01
6.0138e-01
3.6176e-01
4.2581e-01
2.4542e-01
6.4736e-01
3.2616e-01
4.3248e-01
5.7857e-01
6.3652e-01
3.2354e-01
4.1499e-01
3.0670e-01
1.6459e-01
5.3674e-01
7.1683e-01
2.3409e-01
5.1769e-01
6.2749e-01
4.0679e-01
3.4772e-01
3.1327e-01
4.6236e-01
6.4313e-01
1.8172e-01
2.8187e-01
6.6448e-01
6.2456e-01
7.0573e-01
5.4722e-01
7.7831e-01
5.8913e-01
2.8492e-01
6.2994e-01
2.4355e-01
3.7561e-01
5.5763e-01
5.7749e-01
4.0268e-01
3.3637e-01
6.9198e-01
6.0001e-01
1.5629e-01
8.3542e-02
6.2724e-01
7.8537e-01
2.7901e-01
2.0679e-01
4.4418e-01
5.3499e-01
3.4255e-01
6.0698e-01
4.0879e-01
1.4993e-01
1.9484e-01
3.2744e-01
8.1140e-01
5.3942e-01
1.9461e-01
2.5141e-01
3.9626e-01
5.0888e-01
2.8958e-01
5.3091e-01
5.9481e-01
3.1493e-01
4.4156e-01
2.6264e-01
4.6087e-01
5.0422e-01
5.5994e-01
4.0292e-01
8.6451e-01
1.9699e-01
9.2734e-01
2.5285e-01
3.4926e-01
3.7119e-01
3.8768e-01
5.2511e-01
1.7675e-01
3.2473e-01
4.6827e-01
2.4792e-01
5.3773e-01
2.9933e-01
2.0379e-01
5.6362e-01
5.2900e-01
1.7496e-01
6.5540e-01
7.8979e-02
3.5021e-01
1.4756e-01
6.4705e-01
1.8822e-01
2.8391e-01
5.7632e-01
2.3346e-01
5.3677e-01
3.6648e-01
5.2637e-01
2.7854e-01
9.8370e-01
2.8092e-01
4.0963e-01
8.1309e-01
2.9522e-01
6.5464e-01
2.9170e-01
3.6708e-01
3.7480e-01
3.6206e-01
4.5967e-01
6.3278e-01
4.9781e-01
5.5318e-01
7.5733e-01
7.6364e-01
3.0070e-01
7.3998e-01
2.8896e-01
5.3586e-01
6.1036e-01
5.9240e-01
8.9323e-01
8.7690e-01
2.1528e-01
1.7437e-01
1.8048e-01
4.2988e-01
1.5273e+00
2.5932e-01
7.5976e-01
3.2667e-01
3.7420e-01
5.4412e-01
5.8098e-01
2.3426e-01
7.4750e-01
9.9060e-01
3.5610e-01
5.4292e-01
1.2308e-01
6.5872e-01
2.2038e-01
9.2488e-01
5.5130e-01
2.1783e-01
1.8619e-01
5.5181e-01
5.4692e-01
6.2088e-01
1.7874e-01
6.9827e-01
3.2319e-01
6.3510e-01
4.0800e-01
6.4394e-01
3.4977e-01
9.1167e-01
3.5203e-01
2.6510e-01
9.5276e-01
4.8978e-01
6.1051e-01
9.8258e-01
1.8474e-01
5.3837e-01
6.9604e-01
2.5457e-01
4.2065e-01
3.6081e-01
7.1834e-01
2.4265e-01
6.7194e-01
3.8059e-01
4.1916e-01
5.9574e-01
1.4115e-01
2.5112e-01
2.7311e-01
3.0995e-01
8.8854e-01
6.0088e-01
2.4575e-02
4.7586e-01
3.7738e-01
5.5170e-01
2.6245e-01
4.7453e-01
8.6266e-01
1.4210e-01
6.8774e-01
3.5917e-01
1.1060e-01
4.3860e-01
5.7745e-01
6.3739e-01
4.7089e-01
4.4810e-01
4.6840e-01
6.7978e-01
5.9935e-01
6.5069e-01
7.6484e-01
1.8057e-01
2.9029e-01
4.6102e-01
4.9576e-01
3.6579e-01
6.1008e-01
6.0044e-01
5.7860e-01
5.2219e-01
2.2904e-01
3.4190e-01
1.8317e-01
2.3440e-01
1.2003e-01
3.4493e-01
4.9094e-01
4.6708e-01
4.4167e-01
3.5476e-01
2.9908e-01
5.0002e-01
6.5808e-01
2.8626e-01
4.0630e-01
2.5146e-01
4.4931e-01
3.6859e-01
6.8104e-01
4.5576e-01
2.3518e-01
2.7875e-01
6.1774e-01
1.5123e-01
1.0530e-01
1.3721e-01
3.3317e-01
2.6164e-01
6.2093e-01
3.4175e-01
4.6223e-01
5.1564e-01
3.6452e-01
6.6134e-01
5.7805e-01
2.9610e-01
3.4612e-01
1.9523e-01
5.5697e-01
6.9834e-01
5.2620e-01
6.7888e-01
2.5212e-01
2.4651e-01
6.4108e-01
6.8921e-01
4.8424e-01
8.9577e-02
4.7513e-01
7.8899e-01
6.4300e-01
6.6373e-01
1.4968e-01
6.1074e-01
5.8538e-01
3.5311e-01
3.7069e-01
6.0659e-01
3.1910e-01
4.4190e-01
3.9183e-01
9.3949e-01
5.9933e-01
4.2119e-01
5.4432e-01
2.9551e-01
2.2387e-01
4.6631e-01
2.9994e-01
1.8459e-01
7.2545e-01
4.5711e-01
5.6780e-01
5.0090e-01
1.5250e-01
5.7403e-01
6.4509e-01
2.4188e-01
4.1108e-01
3.8241e-01
6.4523e-01
2.3480e-01
2.2141e-01
1.9212e-01
6.5525e-01
3.2008e-01
4.9166e-01
2.9861e-01
3.7514e-01
2.5108e-01
7.3299e-01
4.6377e-01
6.5802e-01
1.9637e-01
5.7422e-01
5.7282e-01
4.3846e-01
5.8479e-01
3.3312e-01
1.1874e-01
3.6839e-01
2.9151e-01
6.4578e-01
9.2162e-01
6.0124e-01
2.4737e-01
1.2600e-01
4.1494e-01
2.0771e-01
7.0783e-01
1.1252e-01
2.6383e-01
3.3456e-01
7.4560e-01
2.7807e-01
4.6639e-01
7.6086e-01
4.6072e-01
6.0474e-01
3.9772e-01
5.0523e-01
3.5185e-01
1.5944e-01
4.0574e-01
5.0240e-01
7.2447e-01
3.7746e-01
3.0693e-01
2.5883e-01
4.5084e-01
1.2780e-01
5.0884e-01
4.4404e-01
7.4973e-01
1.0799e+00
6.6994e-01
5.5783e-01
8.0572e-01
1.2434e-01
5.6765e-01
4.6030e-01
6.8263e-01
4.5836e-01
1.2811e-01
4.4002e-01
2.3169e-01
6.4725e-01
5.8009e-01
1.7460e-01
3.5430e-01
7.1821e-01
8.6089e-01
5.7381e-01
6.7019e-01
3.1913e-01
2.5447e-01
4.7127e-01
4.3576e-01
6.3059e-01
2.8274e-01
1.4802e-01
3.9113e-01
7.1307e-01
6.2086e-01
5.9630e-01
3.7776e-01
6.5585e-01
3.2722e-01
5.5753e-01
1.0267e+00
3.2624e-01
8.1213e-01
6.0412e-01
4.6638e-01
6.6054e-01
8.6725e-02
4.5007e-01
5.0455e-01
5.9081e-01
2.8443e-01
5.6137e-01
2.2563e-01
9.3886e-02
8.6352e-01
3.6771e-01
6.2573e-01
5.0745e-01
5.3305e-01
6.3998e-01
4.8202e-01
3.5160e-01
2.1566e-01
8.0598e-01
4.5206e-01
1.0298e-01
4.6070e-01
6.7706e-01
2.8445e-01
3.6318e-01
3.9903e-01
5.6897e-01
4.4472e-01
2.9719e-01
6.0430e-01
2.2905e-01
1.9456e-01
3.7091e-01
2.5067e-01
3.9700e-01
1.1956e-01
3.7613e-01
4.8710e-01
2.2924e-01
5.4751e-01
4.0257e-01
3.2456e-01
5.0186e-01
1.1415e-01
6.7092e-01
6.6159e-02
2.7410e-01
4.0477e-01
2.7614e-01
5.6596e-01
5.7625e-01
4.6094e-01
3.2187e-01
4.8779e-01
3.0962e-01
4.4655e-01
8.3592e-01
5.0929e-01
5.7280e-01
2.5070e-01
3.3044e-01
3.1846e-01
5.0541e-01
7.8291e-01
2.2995e-01
2.3754e-01
2.6218e-01
7.6989e-01
2.7192e-01
7.9787e-01
5.7757e-01
5.3191e-01
7.4258e-01
6.5154e-01
5.8694e-01
5.0689e-01
8.7623e-01
6.7242e-01
1.7297e-01
1.4729e-01
2.9337e-01
4.3682e-01
2.4885e-01
5.4434e-01
8.3227e-01
2.0293e-01
3.9820e-01
4.0311e-01
2.4284e-01
6.6340e-01
8.0908e-02
5.0777e-01
4.9162e-01
2.9562e-01
3.3381e-01
2.3752e-01
2.0416e-01
5.1422e-01
4.6460e-01
2.9499e-01
6.4320e-01
8.2845e-01
7.2111e-01
2.2505e-01
3.7950e-01
3.9929e-01
3.1905e-01
4.4015e-01
2.8820e-01
3.2677e-01
5.0168e-01
7.0643e-01
4.9266e-01
5.8733e-01
2.7567e-01
4.0083e-01
5.6165e-01
6.1730e-01
1.5111e-01
3.9224e-02
3.8945e-01
6.0149e-01
1.4086e-01
1.6911e-01
6.1635e-01
2.8629e-01
1.0019e+00
6.8002e-01
6.6225e-01
4.9033e-01
5.2011e-01
6.0628e-01
2.2437e-01
4.4954e-01
4.0886e-01
5.6221e-01
6.4327e-01
5.3417e-01
3.6207e-01
6.1868e-01
5.1037e-01
6.1240e-01
3.1251e-01
2.9411e-01
6.7236e-01
9.8175e-02
6.2839e-01
6.0921e-01
4.5794e-01
3.4240e-01
4.6259e-01
4.0923e-01
5.6427e-01
8.4421e-01
7.8376e-01
4.1045e-01
4.5136e-01
4.0576e-01
4.7534e-01
3.8463e-01
5.4166e-01
4.4802e-01
2.9790e-01
3.1285e-01
5.3691e-01
5.2346e-01
2.1451e-01
8.7347e-01
5.9418e-01
4.5348e-01
4.8869e-01
5.2523e-01
6.7749e-01
5.7997e-01
3.7007e-01
3.2537e-01
5.0214e-01
2.4670e-01
4.4501e-01
5.0567e-01
2.9067e-01
1.1630e-01
4.2286e-01
1.9433e-01
2.6097e-01
5.1518e-01
4.9490e-01
5.1176e-01
1.5459e-01
4.1948e-01
4.8525e-01
5.4602e-01
2.1777e-01
5.2005e-01
3.2179e-01
7.8801e-01
5.3123e-01
5.3767e-01
5.4382e-01
5.4294e-01
1.8489e-01
2.3497e-01
6.4386e-01
5.0770e-01
4.0259e-01
1.6162e-01
2.8819e-01
6.9362e-01
8.8788e-01
4.1340e-01
6.8995e-01
4.1083e-01
8.7878e-01
6.9360e-01
6.5722e-01
9.4970e-01
6.6305e-01
5.2966e-01
6.9231e-01
1.8011e-01
6.6830e-01
3.1850e-01
1.8521e-01
4.5604e-01
5.9892e-01
1.1027e-01
5.5894e-01
5.1836e-01
3.8635e-01
5.5567e-01
3.0794e-01
9.4035e-01
3.2377e-01
4.1254e-01
2.2391e-01
5.2645e-01
7.4295e-01
4.6304e-01
6.5803e-01
4.1848e-01
5.9601e-01
1.9873e-01
1.3149e-01
5.0144e-01
3.9205e-01
5.1209e-01
3.8872e-01
6.2132e-01
4.6456e-01
2.8913e-02
5.1557e-01
2.7457e-01
2.7279e-01
1.9843e-01
2.5775e-01
3.1614e-01
5.3661e-01
3.9506e-01
5.2158e-01
6.0332e-01
3.9466e-01
8.1143e-01
5.5967e-01
4.9628e-01
4.8980e-01
9.2663e-01
5.9392e-01
4.5257e-01
3.7919e-01
2.7088e-02
3.3514e-01
5.6714e-01
5.4715e-01
4.2259e-01
6.5444e-01
6.6405e-01
6.9787e-01
5.2502e-01
7.9157e-01
2.2437e-01
2.2240e-01
6.0456e-01
2.6854e-01
4.8838e-01
8.6322e-02
6.1922e-01
7.3303e-01
1.0742e+00
5.6616e-01
6.9373e-01
1.0973e+00
1.7765e-01
6.0703e-01
7.0869e-01
5.6596e-01
3.2269e-01
3.7687e-01
5.3575e-01
9.1127e-01
6.0397e-01
8.3385e-01
3.0191e-01
4.5692e-01
4.1231e-01
4.3497e-01
2.8474e-01
5.3853e-01
2.7351e-01
5.9572e-01
5.8668e-01
3.6405e-01
4.0220e-01
7.5317e-01
8.7947e-01
5.1627e-01
4.0139e-01
1.4401e-01
8.1039e-01
2.6590e-01
3.9871e-01
7.0452e-01
4.1266e-01
5.4657e-01
1.6272e-02
3.7065e-01
2.3114e-01
2.4106e-01
5.8116e-01
5.2679e-01
5.0390e-01
6.3874e-02
3.8970e-01
7.5050e-01
3.4163e-01
5.6873e-01
5.6117e-01
3.6904e-01
5.1080e-01
3.5683e-01
8.1595e-01
2.3788e-01
6.1284e-01
3.5278e-01
5.7355e-02
8.3856e-01
7.7571e-01
3.3818e-01
6.5850e-01
4.3030e-01
3.2694e-01
6.5051e-01
6.4208e-01
1.9535e-01
4.8053e-01
2.6307e-01
4.7198e-01
2.4225e-01
6.2268e-01
2.4410e-01
5.3532e-01
3.3113e-01
2.6499e-01
4.8977e-01
5.6614e-01
5.9407e-01
5.7582e-01
4.2446e-01
6.2991e-01
4.3792e-01
8.1890e-01
4.7140e-01
2.8106e-01
2.4812e-01
5.9538e-01
3.6313e-01
1.8753e-01
4.6812e-01
1.5239e-01
6.9348e-01
5.8059e-01
2.0968e-01
6.9613e-01
3.3358e-01
6.4171e-01
7.4402e-01
5.6075e-01
1.6953e-01
5.1357e-01
6.3327e-01
3.1217e-01
2.5983e-01
6.1952e-01
7.8381e-01
8.1123e-01
4.3537e-01
4.8266e-01
1.1634e-01
1.2465e-01
3.6635e-01
5.0663e-01
5.0010e-01
6.0033e-01
3.2990e-01
5.0357e-01
3.4452e-01
5.1591e-01
7.0611e-01
5.0785e-01
4.7373e-01
1.2730e-01
2.4553e-01
3.6114e-01
2.6070e-01
5.9530e-01
1.8232e-01
3.7982e-01
5.5396e-01
2.0438e-01
5.5278e-01
7.8264e-01
5.9668e-01
1.5903e-01
2.0056e-01
1.1429e-01
5.7082e-01
7.3831e-01
5.2802e-01
4.4446e-01
5.5488e-01
3.8611e-01
1.3483e+00
2.0561e-01
8.3253e-02
4.9960e-01
4.5784e-01
7.9177e-01
7.6285e-01
2.8520e-01
4.3020e-01
3.3448e-01
1.4210e-01
5.5507e-01
2.6832e-01
6.4187e-01
2.8494e-01
6.0317e-01
8.6125e-01
7.5333e-01
1.3197e-01
4.2338e-01
3.1984e-01
2.6484e-01
6.8613e-01
6.7806e-01
4.5512e-01
2.9956e-01
1.2644e+00
4.5257e-01
1.5426e-01
3.8689e-01
2.3875e-01
4.4510e-01
6.2529e-01
3.2327e-01
6.1535e-01
4.0403e-01
4.4177e-01
3.0030e-01
4.3331e-01
6.0258e-01
2.8784e-01
8.6561e-01
3.8266e-01
7.6350e-01
3.8989e-01
4.0576e-01
5.4506e-01
5.9198e-01
4.0037e-01
4.8552e-01
8.0366e-01
4.8835e-01
4.3951e-01
2.0940e-01
6.6808e-01
6.1589e-01
2.5625e-01
4.2772e-01
8.2015e-01
5.4294e-01
4.6492e-01
7.7186e-01
5.8202e-01
2.3704e-01
8.7657e-01
3.5442e-01
1.3096e-01
9.7528e-01
4.4817e-01
4.8197e-01
3.8535e-01
2.3354e-01
2.2611e-01
4.6810e-01
5.8645e-01
5.1600e-01
3.8173e-01
4.1637e-01
6.2272e-01
2.0767e-01
3.5207e-01
6.2207e-01
1.9116e-01
4.1288e-01
1.9377e-01
1.0947e-01
2.4546e-01
5.2022e-01
2.9871e-01
4.3992e-01
2.9589e-01
5.1459e-01
4.5462e-01
4.1608e-01
4.2170e-01
3.3773e-01
5.8873e-01
2.6996e-01
5.4025e-01
6.9436e-01
4.4615e-01
5.9297e-01
4.4459e-01
2.6325e-01
2.5569e-01
7.2108e-01
5.2428e-01
1.7515e-01
4.7744e-01
4.3608e-01
7.0637e-01
6.7253e-01
6.7766e-01
7.3416e-02
3.9186e-01
9.1187e-01
6.7956e-01
4.4156e-01
5.3988e-01
4.4950e-01
2.4779e-01
7.4333e-01
8.0308e-01
4.0514e-01
1.8967e-01
4.4043e-01
3.4432e-01
6.3351e-01
5.1965e-01
8.6685e-01
6.0466e-01
4.2548e-01
5.3317e-01
1.2355e-01
6.3273e-01
2.9530e-01
4.7138e-01
6.8964e-01
2.4546e-01
3.4250e-01
1.9364e-01
1.7782e-01
3.9904e-01
6.2352e-01
2.8455e-01
5.0537e-01
4.1978e-01
3.6129e-01
4.8867e-01
4.8090e-01
3.5636e-01
5.4512e-01
6.4555e-01
6.2704e-01
2.6717e-01
5.0402e-01
1.8577e-01
4.7205e-01
5.0522e-01
8.5431e-01
4.4047e-01
3.9590e-01
8.2282e-01
6.8570e-01
3.0894e-01
1.5818e-01
2.2879e-01
3.8916e-01
7.2579e-01
4.7018e-01
8.1457e-01
6.1057e-01
4.4119e-01
7.0692e-01
7.3627e-01
1.8708e-01
6.0078e-01
1.6036e-01
3.7180e-01
7.6493e-01
5.1916e-01
3.7202e-01
4.8422e-01
9.5342e-01
4.9033e-01
1.9232e-01
2.5122e-01
9.5968e-02
5.2543e-01
3.7156e-01
1.3177e-01
3.0238e-01
3.4129e-01
3.5884e-01
6.0856e-01
4.4433e-01
5.1424e-01
5.6209e-01
5.0183e-01
2.2577e-01
2.7483e-01
7.1678e-01
5.0083e-01
1.5431e-01
5.5578e-01
6.0015e-01
2.2796e-01
3.0460e-01
3.8580e-01
2.2465e-01
1.2068e-01
3.1460e-01
4.6484e-01
4.7426e-01
1.8183e-01
8.4408e-01
5.8337e-01
2.3867e-01
4.3253e-01
5.2475e-01
4.1990e-01
8.9666e-01
6.5004e-01
4.9123e-01
5.3905e-01
7.2684e-01
2.2576e-01
4.3946e-01
3.4732e-01
4.7086e-01
3.7502e-01
7.4705e-01
1.7866e-01
2.9226e-01
7.4856e-01
4.3439e-01
4.7874e-01
1.4347e-01
1.7485e-01
3.4279e-01
3.7528e-01
3.1782e-01
3.0808e-01
4.9942e-01
4.2332e-01
1.5564e-01
1.4473e-01
6.9056e-01
9.2874e-01
3.5524e-01
1.9375e-01
6.2821e-01
4.7325e-01
3.5749e-01
1.7913e-01
6.6639e-01
7.2884e-01
5.0175e-01
7.2574e-01
2.3160e-01
5.7640e-01
4.7362e-01
3.9573e-01
1.9419e-01
6.0779e-01
3.0743e-01
3.9758e-01
4.0810e-02
6.7427e-01
6.6081e-01
2.5819e-01
8.0941e-01
4.6649e-01
2.9416e-01
3.6175e-01
5.8758e-01
4.7692e-01
2.6865e-01
5.9542e-01
2.0424e-01
4.5607e-01
6.3326e-01
6.9162e-01
7.1805e-01
6.4731e-01
5.1586e-01
3.1157e-01
2.1769e-01
2.3212e-01
4.5643e-01
7.5448e-01
3.1910e-01
3.8620e-01
5.7218e-01
2.5657e-01
8.3611e-01
3.0419e-01
7.5688e-01
5.0424e-01
1.0865e-01
4.4110e-01
1.9105e-02
5.2071e-01
9.0104e-01
3.1628e-01
2.3256e-01
5.8157e-01
6.4690e-01
1.3934e-01
6.4822e-01
4.8358e-01
6.8177e-01
3.9459e-01
7.4182e-01
2.6862e-01
4.7168e-01
1.5496e-01
2.7973e-01
2.7819e-01
8.4010e-01
1.8058e-01
3.1288e-01
6.7520e-01
3.0753e-01
6.1106e-01
8.4519e-01
9.5424e-01
5.3394e-01
4.3449e-01
1.9459e-01
3.8346e-01
3.3430e-01
5.5370e-01
6.9197e-01
7.4959e-01
5.9423e-01
3.3867e-01
2.4599e-01
1.2407e+00
6.6293e-01
5.1755e-01
2.1965e-01
3.5159e-01
1.2077e+00
4.0074e-01
3.4688e-01
2.6241e-01
5.8650e-01
1.9254e-01
1.8549e-01
2.0589e-01
4.0936e-01
8.0528e-01
6.5135e-01
6.0935e-01
3.5867e-01
5.3048e-01
2.5044e-01
3.1629e-01
2.6259e-01
2.7171e-01
2.1950e-01
1.9572e-01
5.4943e-01
5.0939e-01
4.1993e-01
2.2373e-01
5.1048e-01
5.6946e-01
2.6154e-01
6.1649e-01
4.5030e-01
1.1943e-01
6.6188e-01
1.4860e-01
5.4923e-01
4.4367e-01
2.5464e-01
1.3744e-01
4.5195e-01
5.0504e-01
2.5294e-01
3.7437e-01
5.4709e-01
4.4413e-01
3.1239e-01
1.5309e-01
2.6335e-01
1.5662e-01
3.1931e-01
5.9812e-01
6.4571e-01
2.8050e-01
3.9684e-01
4.8531e-01
4.4916e-01
4.0131e-01
4.6503e-01
5.3523e-01
3.6312e-01
6.3395e-01
5.8561e-01
2.9344e-01
2.0568e-01
2.6354e-01
6.4992e-01
2.7760e-01
4.1731e-01
1.9185e-01
4.5574e-01
6.6857e-01
2.8340e-01
7.2897e-01
1.7284e-01
4.1289e-01
3.0038e-01
4.3772e-01
3.6983e-01
6.9089e-01
3.2305e-01
3.3602e-01
8.0982e-01
5.6282e-01
4.7211e-01
2.2318e-01
2.1855e-01
2.9308e-01
5.0826e-01
6.8184e-01
5.3967e-01
2.7229e-01
1.9755e-01
4.2866e-01
3.6727e-01
3.4114e-01
1.6381e-01
6.9406e-01
7.3666e-01
1.4105e-01
8.5270e-01
4.5487e-01
3.5881e-01
8.6779e-01
2.3361e-01
5.2795e-01
1.0705e-01
1.0252e-01
6.6976e-01
5.3667e-01
5.1487e-01
5.7780e-01
6.6121e-01
1.7014e-01
6.3626e-01
6.4915e-01
5.6855e-01
5.0370e-01
4.1705e-01
3.6646e-01
2.7059e-01
4.7699e-01
3.9551e-01
8.4781e-01
5.7092e-01
7.5285e-01
2.2013e-01
1.5496e+00
5.1583e-01
4.4564e-01
4.1444e-01
3.3353e-01
2.7466e-01
5.6913e-01
5.5393e-01
5.2978e-01
9.6276e-01
5.9583e-01
3.9789e-01
1.3388e-01
4.7935e-01
4.2554e-01
6.0649e-01
6.4317e-01
4.1719e-01
5.8420e-01
5.2140e-01
6.7050e-01
5.4581e-01
6.6769e-01
4.8634e-01
7.2946e-01
3.4628e-01
6.9211e-01
6.5054e-01
4.8118e-01
2.0497e-01
1.8859e-01
8.8472e-01
3.6519e-01
6.4714e-01
2.2659e-01
3.9515e-01
5.5020e-01
2.1752e-01
5.8726e-01
4.6782e-01
9.0835e-01
3.5598e-01
2.2243e-01
4.2107e-01
6.0123e-01
4.4318e-01
1.0157e+00
7.4440e-01
3.4458e-01
5.7148e-01
3.9110e-01
3.7762e-01
7.6773e-01
2.5721e-01
5.4668e-01
2.8638e-01
3.4843e-01
8.0208e-01
6.8843e-01
6.1508e-01
2.7633e-01
1.9041e-01
5.9247e-01
4.1361e-01
2.8795e-01
7.5547e-01
5.2851e-01
6.9829e-01
8.2281e-01
6.8989e-01
4.8648e-01
3.9254e-01
5.5430e-01
2.2487e-01
2.6343e-01
5.5479e-01
6.2034e-01
6.4698e-01
1.7028e-01
3.0352e-01
3.3062e-01
7.0880e-01
3.7326e-01
5.3547e-01
4.0616e-01
6.0702e-01
8.4367e-02
7.5445e-01
5.1132e-01
3.2878e-01
4.5468e-01
3.9941e-01
4.8127e-01
4.7300e-01
3.8347e-01
5.7986e-01
1.6044e-01
4.2994e-01
2.7466e-01
5.8749e-01
7.4666e-01
3.7168e-01
3.9968e-01
4.6482e-01
7.0892e-01
2.3371e-01
4.2100e-01
2.7640e-01
4.6759e-01
6.3515e-01
4.5966e-01
4.2164e-01
1.7713e-01
4.0784e-01
5.4616e-01
5.2780e-01
4.1091e-01
3.5706e-01
5.3569e-01
1.0242e-03
3.7531e-01
1.2237e+00
1.9582e-01
4.6054e-01
6.3313e-01
5.8609e-01
1.9157e-01
6.0357e-01
5.0716e-01
2.6124e-01
3.0374e-01
2.0589e-01
1.5460e+00
3.6758e-01
4.8770e-01
3.7080e-01
1.9701e-01
2.1545e-01
4.1114e-01
2.9677e-01
3.3669e-01
2.4863e-01
5.3085e-01
7.4649e-01
5.2112e-01
4.3661e-01
8.3236e-01
1.3125e-01
7.3304e-01
4.5438e-01
5.0076e-01
1.6597e-01
2.7810e-01
5.5225e-01
5.4549e-01
3.1023e-01
1.5717e-01
3.7664e-01
6.6688e-01
9.0307e-01
1.0486e+00
6.5955e-01
7.8079e-01
5.4874e-01
2.1718e-01
3.4820e-01
2.3321e-01
9.7206e-01
6.3363e-01
5.8664e-01
2.6357e-01
5.7515e-01
1.9069e-01
6.2342e-01
3.8328e-01
2.7688e-01
8.3855e-01
3.8420e-01
3.8717e-01
5.5681e-01
3.4354e-01
4.4934e-01
2.0786e-01
3.5902e-01
6.5834e-02
4.1281e-01
2.4423e-01
7.6828e-01
5.7084e-01
7.9149e-01
7.7105e-01
5.5605e-01
3.5345e-01
7.2380e-01
4.2577e-01
2.3363e-01
3.7221e-01
3.6573e-01
5.6266e-01
6.3383e-01
6.6999e-01
3.1410e-01
5.1514e-01
6.0770e-01
4.2761e-01
6.2998e-01
1.9559e-01
2.7002e-01
5.5979e-01
1.1618e+00
2.2818e-01
1.5086e-01
5.4892e-01
4.7197e-01
6.2267e-01
6.0284e-01
3.2309e-01
3.7871e-01
3.7674e-01
5.1237e-01
4.4705e-01
6.1113e-01
3.9889e-01
2.9407e-01
2.2486e-01
6.0804e-01
1.3658e-01
7.4039e-01
4.8899e-01
2.6851e-01
3.0409e-01
3.1669e-01
5.3227e-01
2.0518e-01
6.3764e-01
3.8356e-01
2.7052e-01
4.3254e-01
5.5198e-01
4.2512e-01
1.9812e-01
2.5094e-01
6.6081e-01
8.5381e-02
5.3755e-01
7.4682e-01
2.7773e-01
2.1178e-01
3.0403e-01
3.7458e-01
3.4364e-01
1.7828e-01
4.8826e-01
4.8942e-01
5.4951e-01
7.8937e-01
6.4348e-01
9.9008e-01
3.6800e-01
3.2771e-01
2.4953e-01
2.9132e-01
2.5069e-01
3.4572e-01
3.9932e-01
5.6349e-01
3.7636e-01
4.0631e-01
1.9953e-01
7.3316e-01
4.9983e-01
2.7869e-01
8.1977e-01
2.0633e-01
4.6889e-01
4.2915e-01
2.8207e-01
2.9169e-01
5.3821e-01
4.9280e-01
1.8996e-01
2.4605e-01
5.2951e-01
4.5662e-01
4.1272e-01
9.1257e-01
3.4166e-01
2.8159e-01
4.4702e-01
2.4996e-01
5.0810e-01
4.3355e-01
4.9700e-01
4.1681e-01
1.1796e-01
5.3935e-01
3.6188e-01
6.8510e-01
5.0199e-01
3.3358e-01
7.5411e-01
6.9883e-01
3.6900e-01
3.4678e-01
3.0316e-01
3.9240e-01
3.2602e-01
1.0268e+00
4.3546e-01
2.7209e-01
3.0271e-01
5.8535e-02
2.2988e-01
8.4757e-01
6.6478e-01
9.4938e-01
1.5809e-01
5.3352e-01
5.4687e-01
3.4497e-01
2.6841e-01
5.7861e-01
8.8598e-01
7.7599e-01
4.5315e-01
5.1576e-01
3.9057e-01
4.9259e-01
3.0097e-01
5.3777e-01
1.5798e-01
5.6569e-01
6.9675e-01
3.9132e-01
1.9981e-01
7.1063e-01
9.4963e-01
5.8001e-01
4.3518e-01
3.8517e-01
3.6599e-01
6.2408e-01
8.0713e-01
2.8064e-01
4.1745e-01
4.0975e-01
7.9092e-01
4.3632e-01
3.1475e-01
7.7131e-01
5.3788e-01
2.8748e-01
2.8361e-01
4.1962e-01
6.2743e-01
5.0656e-01
1.5163e-01
5.1912e-01
8.1310e-01
4.1445e-01
2.4620e-01
5.9952e-01
4.1963e-01
2.7132e-01
7.6035e-01
8.4078e-01
4.6051e-01
7.3311e-01
3.3511e-01
7.8366e-01
8.5187e-02
5.9053e-01
2.2617e-01
3.4402e-01
2.0612e-01
4.4344e-01
3.5895e-01
1.6608e-01
4.5740e-01
3.4858e-01
1.7633e-01
2.4631e-01
3.5607e-01
5.6426e-01
4.5709e-01
1.7080e-01
9.0289e-01
1.0905e+00
3.5267e-01
2.3081e-01
7.4564e-01
4.4742e-01
3.4190e-01
3.5692e-01
4.4852e-01
6.4804e-01
4.4221e-01
3.9015e-01
4.1248e-01
2.1383e-01
7.3077e-01
4.5229e-01
6.1545e-01
5.1365e-01
2.4129e-01
3.1569e-01
2.9069e-01
1.7075e-01
7.0611e-01
2.5889e-01
4.7510e-02
5.6961e-01
4.3562e-01
2.6835e-01
3.1535e-01
3.2667e-01
4.4474e-01
4.1263e-01
7.3291e-02
3.1122e-01
1.9673e-02
5.1571e-01
6.8096e-01
3.0963e-01
2.9277e-01
8.0275e-01
6.7486e-01
2.6351e-01
8.0497e-01
5.2926e-01
6.0532e-01
3.6360e-01
2.5081e-01
7.3461e-01
7.5839e-01
5.1325e-01
7.0258e-01
6.7155e-01
7.8254e-01
5.5510e-01
7.8425e-01
2.9394e-01
3.6972e-01
1.6959e-01
9.0241e-01
5.8182e-01
6.7029e-01
5.0406e-01
5.0784e-01
4.6133e-01
7.8115e-01
4.9874e-01
8.6414e-01
4.2823e-01
4.0250e-01
4.2644e-01
7.7859e-01
4.4246e-01
3.7770e-01
2.7081e-01
1.1374e-01
4.7147e-01
5.0605e-01
6.1029e-01
6.3150e-01
3.5738e-01
2.8674e-01
3.8173e-01
4.0206e-01
8.6036e-01
3.7730e-01
2.7153e-01
6.2298e-01
2.7328e-01
1.7151e-01
3.7338e-01
1.0002e+00
1.3632e-01
9.2370e-01
8.3585e-01
2.0057e-01
3.1913e-01
6.2748e-01
5.2333e-01
4.8971e-01
3.4485e-01
2.6869e-01
6.8732e-01
6.3439e-01
6.0742e-01
3.4643e-01
3.7290e-01
8.3499e-02
1.9744e-01
7.6465e-01
5.9028e-01
8.7622e-01
4.2394e-01
1.4998e-01
4.2452e-01
6.7254e-01
4.6712e-01
5.8873e-01
5.9229e-01
1.7328e-01
3.2176e-01
7.2805e-01
4.7276e-01
5.3933e-01
5.8638e-01
4.1120e-01
6.4958e-01
2.9188e-01
6.2690e-01
5.7665e-01
8.6558e-01
3.8705e-01
4.5096e-01
4.2496e-01
5.2725e-01
1.0269e-01
5.3490e-01
3.5441e-01
3.5495e-01
4.2211e-01
7.5310e-01
5.8928e-01
3.4540e-01
4.9694e-01
8.5462e-01
3.1689e-01
4.9375e-01
2.2191e-01
3.9595e-01
3.6277e-01
4.7518e-01
6.6592e-01
4.2930e-01
5.6040e-01
6.3618e-01
1.4434e-01
7.7105e-01
4.9602e-01
3.4188e-01
6.7465e-02
4.5320e-01
4.7945e-01
8.3680e-01
5.5940e-01
2.6130e-01
3.1553e-01
7.8830e-01
6.0178e-01
8.0849e-01
4.7509e-01
9.3540e-01
2.7358e-01
1.5204e-01
1.3854e-01
3.3980e-01
1.1732e-01
1.4933e-01
2.7737e-01
5.2588e-01
2.1682e-01
3.3652e-01
4.4532e-01
4.8434e-01
3.9862e-01
4.6968e-01
4.8312e-01
4.1051e-01
1.1991e-01
2.9704e-01
3.5251e-01
7.0518e-01
4.5213e-01
7.9000e-01
3.6051e-01
4.6740e-01
1.9850e-01
3.6778e-01
7.3492e-01
5.9535e-01
4.8972e-01
5.1456e-01
6.5175e-01
2.2050e-01
3.5004e-01
2.8142e-01
3.0833e-01
5.9291e-01
3.1393e-01
4.0682e-01
5.3015e-01
3.8427e-01
2.6570e-01
3.7941e-01
5.5746e-01
6.9982e-01
1.6189e-01
2.6738e-01
2.7626e-01
5.0760e-01
2.5073e-01
4.3744e-01
5.3158e-01
4.8298e-01
2.4387e-01
3.1288e-01
3.7237e-01
3.5821e-01
7.2185e-01
2.4253e-01
6.4749e-01
4.3219e-01
2.6574e-01
9.4346e-01
6.5209e-01
4.3292e-01
6.4257e-01
4.6388e-01
5.4172e-01
4.6149e-01
5.0909e-01
2.7276e-01
2.8883e-01
2.3655e-01
3.3539e-01
6.9046e-01
5.5709e-01
6.0910e-01
5.6143e-01
6.6883e-01
3.0809e-01
4.8360e-01
5.7188e-01
3.0612e-01
2.6158e-01
4.0191e-01
1.6557e-01
6.5862e-01
1.0484e-01
2.7738e-01
8.2207e-01
1.6630e-01
3.5736e-01
6.2354e-01
2.1765e-01
4.9852e-01
6.5239e-01
2.3024e-01
3.4050e-01
7.5130e-01
3.4865e-01
4.4597e-01
5.4408e-01
6.8036e-01
9.8551e-02
4.9779e-01
2.0831e-01
9.7227e-01
4.1143e-01
2.8251e-01
6.7734e-01
3.2542e-01
4.6471e-01
4.4353e-01
2.7469e-01
5.7636e-01
2.1846e-01
6.8861e-01
1.9157e-01
4.7683e-01
9.1412e-01
6.4622e-01
6.9191e-01
3.2323e-01
5.2721e-01
2.4770e-01
2.1463e-01
6.0495e-01
1.0084e+00
3.1789e-01
7.1636e-01
4.6053e-01
5.9312e-01
4.3100e-01
2.9355e-01
5.6266e-01
7.1495e-01
3.6087e-01
9.6256e-01
2.2579e-01
3.0051e-01
4.2476e-01
1.3017e-01
3.4546e-01
5.7321e-01
2.1666e-01
2.2952e-01
3.1632e-01
2.9497e-01
4.1187e-01
3.5958e-01
3.8236e-01
6.2854e-01
1.8836e-01
8.0736e-02
3.4218e-01
6.0433e-01
6.3501e-01
4.5204e-01
9.3283e-01
4.1669e-01
5.5150e-01
4.5461e-01
4.8651e-01
5.8708e-01
2.5966e-01
4.6442e-01
4.5251e-01
2.0288e-01
7.4767e-01
5.3341e-01
7.5848e-01
2.5274e-01
2.0371e-01
7.1572e-01
6.7603e-01
4.2372e-01
4.5662e-01
3.1962e-01
4.2256e-01
2.7791e-01
4.0111e-01
6.0386e-01
3.1681e-01
6.8461e-02
6.2008e-01
2.2949e-01
6.2737e-01
4.3166e-01
5.9963e-01
5.5868e-01
3.7476e-01
4.6913e-01
4.6356e-01
4.9710e-01
7.1022e-01
3.4171e-01
6.8912e-01
5.5770e-01
2.4978e-01
9.9552e-01
8.9160e-01
4.6396e-01
2.6738e-01
4.1842e-01
4.8149e-01
8.2799e-01
3.8307e-01
2.6100e-01
3.7989e-01
7.0986e-01
6.6844e-01
1.5492e-01
5.0536e-01
7.6330e-01
5.3402e-01
5.3186e-01
7.7893e-01
4.5645e-01
4.1034e-01
1.5159e-01
3.9194e-01
5.0435e-01
4.0960e-01
2.7324e-01
2.9759e-01
3.4846e-01
7.1443e-01
4.0870e-01
2.7325e-01
2.4846e-01
3.6661e-01
4.9047e-01
8.8817e-01
7.1849e-01
5.9657e-01
8.3885e-02
2.7526e-01
7.7822e-01
7.0737e-01
5.4216e-01
6.5709e-01
6.3833e-01
2.7426e-01
9.7092e-01
2.4427e-01
3.8486e-01
4.1305e-01
3.6756e-01
7.8612e-01
5.1700e-01
3.1514e-01
4.9761e-01
7.1849e-01
5.5358e-01
4.2259e-01
2.2638e-01
3.0471e-01
4.6953e-01
4.7839e-01
4.7472e-01
4.6199e-01
3.6332e-01
1.1814e-01
5.1547e-01
3.5924e-01
1.1322e+00
2.8942e-01
6.8695e-01
6.7474e-01
3.3461e-01
4.0569e-01
1.7162e-01
4.8993e-01
2.2137e-01
3.3297e-01
8.2812e-01
2.2719e-01
2.2283e-01
3.7527e-01
4.1600e-01
3.8208e-01
3.7832e-01
4.6036e-01
3.5662e-01
4.0884e-01
1.6353e-01
2.7539e-01
6.8011e-01
4.7707e-01
2.9024e-01
7.2409e-01
2.2844e-01
1.3794e+00
1.3676e-01
5.6276e-01
4.2461e-01
3.3559e-01
6.6609e-01
6.2406e-01
1.6190e-01
3.2144e-01
2.6534e-01
5.3827e-01
4.2938e-01
6.9834e-01
3.4522e-01
4.8987e-01
2.0009e-01
2.4921e-01
4.7579e-01
2.1015e-01
2.6621e-01
9.1702e-01
4.6679e-01
3.6324e-01
6.5078e-01
2.2478e-01
5.9648e-01
4.8392e-01
7.5408e-01
2.1047e-01
6.4605e-01
5.0687e-01
1.0919e-01
2.4390e-01
4.7252e-01
5.1164e-01
2.7316e-01
9.4991e-01
6.0948e-01
3.9439e-01
4.3093e-01
3.0416e-01
6.4248e-01
4.8161e-01
1.7749e-01
2.5844e-01
5.0812e-01
3.2961e-01
5.2238e-01
5.6265e-01
3.6830e-01
5.1450e-01
5.3965e-01
7.1409e-01
2.8863e-01
2.2273e-01
5.6081e-01
5.1496e-01
5.5681e-01
5.2392e-01
4.0634e-01
9.3113e-01
2.3693e-01
5.0760e-01
5.9713e-01
5.3401e-01
3.8300e-01
4.6402e-01
4.7933e-01
6.9121e-02
5.5729e-01
4.8659e-01
1.6378e-01
4.8668e-01
3.9378e-01
2.4194e-01
8.2114e-01
4.8372e-01
2.3258e-01
2.9930e-01
3.0810e-01
2.5960e-01
2.9701e-01
4.4527e-01
6.4928e-01
7.4456e-01
1.8385e-01
5.1327e-01
5.7350e-01
3.5142e-01
8.2825e-01
3.6145e-01
3.2884e-01
1.9877e-01
1.7219e-01
4.7027e-01
1.1082e+00
3.4128e-01
2.8100e-01
4.9395e-01
3.9234e-01
1.5129e-01
5.4958e-01
3.8554e-01
3.2343e-01
6.6541e-01
6.9596e-01
4.5681e-01
3.7840e-01
4.3686e-01
8.0841e-01
4.3756e-01
7.8583e-01
1.1198e-01
7.2121e-01
5.3619e-01
2.0130e-01
5.0946e-01
3.4359e-01
4.4644e-01
3.9701e-01
5.0170e-01
1.8524e-01
4.9915e-01
6.2571e-01
3.4162e-01
7.9151e-01
6.1065e-01
6.1513e-01
3.5049e-01
5.8375e-02
3.0616e-01
2.5852e-01
6.3992e-01
5.5590e-01
3.9771e-01
5.1125e-01
6.7754e-01
5.0107e-01
4.4971e-01
3.0774e-01
7.6080e-01
3.8522e-01
1.3854e-01
6.2515e-01
4.1394e-01
7.1111e-01
1.8581e-01
4.8884e-01
4.4090e-01
6.7689e-01
2.7895e-01
7.2901e-01
1.0331e-01
1.1505e-01
4.9272e-01
2.9147e-01
3.7494e-01
3.6436e-01
3.4995e-01
1.2624e-01
9.0503e-01
7.3226e-01
2.6509e-01
3.6707e-01
6.4805e-01
2.2039e-01
5.7034e-01
5.7401e-01
4.4113e-01
6.8838e-01
2.1266e-01
2.7026e-01
5.0450e-01
3.9658e-01
8.4377e-01
5.4683e-01
5.9510e-01
8.7568e-01
4.3916e-01
3.7818e-01
4.5156e-01
6.7032e-01
1.5065e-01
2.0754e-01
6.3956e-01
4.0998e-01
2.2499e-01
7.2389e-01
5.0714e-01
3.1820e-01
5.6067e-01
6.0907e-01
7.8664e-01
2.6487e-01
7.3426e-01
2.0946e-01
3.3016e-01
3.9570e-01
4.6560e-01
4.2006e-01
4.8753e-01
3.3485e-01
5.4264e-01
5.5264e-01
1.6092e-01
6.0729e-01
6.1428e-01
3.6682e-01
5.8545e-01
5.9439e-01
5.3978e-01
5.9473e-01
3.4451e-01
4.3866e-01
6.9782e-01
8.1942e-01
2.4921e-01
7.4552e-01
2.1859e-01
2.2026e-01
5.2172e-01
3.4176e-01
2.0195e-01
7.8455e-01
4.8611e-01
5.7144e-01
1.1100e-01
7.2088e-01
4.2834e-01
2.5755e-01
1.5515e-01
4.9186e-01
8.8286e-01
5.0415e-01
1.6662e-01
2.9464e-01
4.8150e-01
1.1008e-01
6.8452e-01
4.1449e-01
3.4924e-01
2.7091e-01
5.6526e-01
5.7847e-02
1.4648e-01
1.2375e-01
7.1697e-01
8.0149e-01
1.7023e-01
4.9332e-01
6.0833e-01
5.9988e-01
2.7336e-01
3.4430e-01
7.0952e-01
5.4508e-01
5.5590e-01
7.9366e-01
5.3548e-01
2.3743e-01
3.8411e-01
4.5294e-01
4.0142e-01
8.1610e-01
6.2335e-02
4.2096e-01
1.0651e-01
2.9977e-01
1.9803e-01
3.8635e-01
1.8092e-01
6.3312e-01
1.4810e-01
5.2995e-01
3.5733e-01
3.0037e-01
3.2950e-01
2.8686e-01
3.9538e-01
1.9969e-01
2.7938e-01
6.6448e-01
2.4855e-01
4.8847e-01
8.5279e-01
3.5740e-01
5.6922e-01
4.5415e-01
3.2285e-01
6.2178e-01
4.1703e-01
1.9170e-02
1.9630e-01
6.3698e-01
4.3227e-01
3.9026e-01
2.7058e-01
6.4511e-01
7.7151e-01
2.3715e-01
1.4158e-01
8.0137e-01
4.1006e-01
6.7374e-02
2.4592e-01
4.7360e-01
5.8405e-01
6.3871e-01
2.2916e-01
3.9663e-01
1.0755e+00
4.2797e-01
6.9537e-01
1.2778e-01
5.6634e-01
5.3766e-01
5.3131e-01
5.0649e-01
3.4183e-01
7.2200e-01
4.0905e-01
2.8430e-01
3.3123e-01
2.5129e-01
8.0942e-01
9.6011e-01
5.7337e-01
5.5350e-01
2.3161e-01
7.9896e-01
5.9331e-01
8.4949e-01
2.5945e-01
2.3857e-01
3.1486e-01
4.3876e-01
9.4840e-01
3.5846e-01
4.9086e-01
8.1659e-01
5.8145e-01
6.0033e-01
2.7365e-01
3.4665e-01
7.8215e-01
9.3109e-01
4.1281e-01
5.4175e-01
1.9448e-01
3.8095e-01
3.4189e-01
3.4830e-01
2.2357e-01
3.2849e-01
3.7020e-01
6.4637e-01
2.4981e-01
5.5479e-01
2.2850e-01
7.7434e-01
6.4420e-01
3.9903e-01
5.3784e-01
3.3916e-01
6.3598e-01
4.5831e-01
2.5612e-01
1.7291e-01
6.5510e-01
7.5257e-01
6.0714e-01
4.3179e-01
4.6669e-01
5.0234e-01
2.2920e-01
3.0041e-01
3.6254e-01
8.3132e-01
1.0423e+00
5.7614e-01
7.2645e-01
7.9380e-01
5.1432e-01
1.9069e-01
4.0802e-01
7.8445e-01
4.6894e-01
3.3571e-01
2.6694e-01
6.1573e-01
6.2900e-01
5.3508e-01
7.8468e-01
1.3026e-01
5.8333e-01
2.7473e-01
4.2288e-01
7.5638e-01
2.3868e-01
7.0358e-01
4.0447e-01
1.5946e-01
4.3484e-01
2.7450e-01
4.9323e-01
2.4718e-01
3.4071e-01
5.3703e-01
5.4225e-01
4.8783e-01
4.0120e-01
4.6653e-01
1.5682e-01
2.7540e-01
1.6504e-01
3.0340e-01
6.9538e-02
4.3334e-02
1.9260e-01
7.7952e-01
4.6860e-01
7.6807e-01
3.2627e-01
8.9015e-01
6.9077e-02
3.3563e-01
1.8981e-01
3.7059e-01
4.9327e-01
2.1004e-01
2.1538e-01
3.5059e-01
4.5294e-01
5.0938e-02
4.0785e-01
9.4202e-02
4.6073e-02
1.1828e-01
5.5139e-01
3.2271e-01
5.0719e-01
7.6098e-01
4.6682e-01
2.3626e-01
3.4686e-01
5.9807e-01
1.5213e-01
2.1994e-01
8.0144e-01
7.2695e-02
6.9766e-01
4.8743e-01
4.4405e-01
1.6512e-01
3.1076e-01
4.6873e-01
6.7297e-01
1.0030e-01
7.0706e-01
8.1807e-01
7.7887e-01
5.8595e-01
3.8102e-01
1.9263e-01
4.0828e-01
3.0721e-01
4.9870e-01
1.4171e-01
3.6648e-01
8.8517e-01
6.4336e-01
1.1588e-01
2.9891e-01
4.3882e-01
3.0253e-01
6.7579e-01
2.8343e-01
2.2783e-01
3.3631e-01
2.7436e-01
2.5227e-01
2.7861e-01
2.1140e-01
3.9040e-01
9.8613e-01
5.1713e-01
2.8556e-01
5.1642e-01
3.8776e-01
4.5633e-01
3.7990e-01
8.4232e-01
3.6579e-01
2.5382e-01
5.0565e-01
2.8193e-01
5.3886e-01
3.6629e-01
1.9742e-01
1.9012e-01
2.0412e-01
7.6680e-02
5.6133e-01
3.0260e-01
6.5730e-01
6.6575e-01
5.1681e-01
5.4248e-01
6.7293e-01
5.4487e-01
5.7202e-01
6.4660e-01
3.7624e-01
5.7150e-01
4.9968e-01
4.0324e-01
5.8385e-01
6.3962e-01
5.7834e-01
2.2744e-01
3.2200e-01
4.8967e-01
3.8427e-01
4.5696e-01
5.4090e-01
3.0368e-01
5.8195e-01
5.7050e-01
1.3965e-01
3.3060e-01
2.2163e-01
3.6660e-01
3.4988e-01
6.1355e-01
1.3284e-01
4.4532e-01
5.8312e-01
1.8387e-01
4.9344e-01
2.0967e-01
4.9974e-01
5.7316e-01
8.1951e-01
2.9754e-01
3.5033e-01
4.5297e-01
6.4313e-01
3.5228e-01
2.0823e-01
5.4827e-01
1.8065e-01
8.9500e-01
5.2789e-01
3.0713e-01
2.7083e-01
6.9302e-01
7.2490e-01
3.5194e-01
1.0930e-01
2.6381e-01
1.8396e-01
6.0578e-01
4.6322e-01
6.7511e-01
5.7909e-01
4.8526e-01
1.9844e-01
5.8353e-01
3.7006e-01
7.4822e-01
4.6910e-01
3.0456e-01
6.3653e-01
5.4418e-01
5.1322e-01
5.1026e-01
5.2689e-01
4.0867e-01
6.8909e-01
5.8311e-01
4.7776e-01
6.0216e-01
2.1623e-01
2.2481e-01
4.2773e-01
7.0890e-01
2.5162e-01
1.9620e-01
4.5305e-01
4.8782e-01
7.0325e-01
4.4053e-01
3.1122e-01
6.3797e-01
3.0145e-01
4.7344e-01
4.6575e-01
5.7306e-01
8.5064e-01
3.8491e-01
7.2116e-01
4.2660e-01
7.6436e-01
8.9280e-01
2.7817e-01
5.2747e-01
1.0516e+00
3.4210e-01
7.9158e-01
1.2458e-01
7.1792e-01
5.5900e-01
8.4254e-02
6.5621e-01
5.0557e-01
2.9425e-01
3.5921e-01
4.9251e-01
2.9664e-01
2.6613e-01
6.3708e-01
4.6487e-01
6.3729e-01
8.7289e-02
4.7002e-01
2.5855e-01
4.5961e-01
6.5272e-01
5.6991e-01
6.2947e-01
1.5225e-01
5.3626e-01
1.6262e-01
1.8487e-01
5.1546e-01
4.0088e-01
6.5275e-01
5.7192e-01
3.9004e-01
5.7118e-01
7.5653e-01
5.9044e-01
3.1526e-01
5.3579e-01
5.5717e-01
6.7551e-01
3.5163e-01
3.0502e-01
2.9229e-01
7.9815e-01
3.6869e-01
4.7544e-01
2.5575e-01
4.6658e-01
7.8827e-01
5.5712e-01
1.0400e+00
3.0217e-01
1.2981e-01
2.0077e-01
4.3072e-01
4.3140e-01
2.3255e-01
4.1664e-01
5.9023e-01
4.5740e-01
5.2911e-01
1.4768e-01
1.6178e-01
9.3037e-02
3.4261e-01
4.9730e-01
6.7399e-01
3.0981e-01
6.7509e-01
3.2367e-01
5.4669e-01
3.5691e-01
1.0463e+00
1.5709e-01
3.1771e-01
4.1723e-01
4.1377e-01
4.3904e-01
3.9350e-01
6.0255e-01
1.7599e-01
1.9384e-01
2.5517e-01
3.8705e-01
7.1900e-01
4.8267e-01
2.4926e-01
4.8732e-01
6.0981e-01
5.9986e-01
4.8660e-01
4.4353e-01
6.2051e-01
5.9883e-01
5.7523e-01
4.1496e-01
5.5006e-01
7.4637e-01
6.3207e-01
5.7320e-01
5.9137e-01
2.0418e-01
5.6857e-01
5.8070e-01
2.6163e-01
1.7568e-01
9.3391e-01
1.1483e-01
5.8350e-01
9.9332e-01
7.4120e-01
7.2163e-01
1.0489e+00
5.1232e-01
2.9635e-01
5.4905e-01
4.3996e-01
3.3512e-01
6.5919e-01
1.0061e-01
6.8554e-01
3.0337e-01
4.3741e-01
5.2685e-01
4.8720e-01
6.9115e-01
1.6314e-01
3.6772e-01
2.8902e-01
1.1132e-01
5.7059e-01
5.0609e-01
2.2962e-01
3.7270e-01
5.1179e-01
8.0388e-01
3.7030e-01
4.2526e-01
1.4891e-01
8.8323e-01
4.8498e-01
3.6627e-01
3.7557e-01
5.4261e-01
3.8221e-01
4.5807e-01
2.7146e-01
5.8418e-01
6.0467e-01
3.0508e-01
4.5089e-01
4.2852e-01
3.1976e-01
4.6081e-01
9.2981e-01
1.4958e-01
2.8283e-01
7.9535e-01
5.1046e-01
3.3353e-01
3.7136e-01
4.4368e-01
7.9471e-01
2.3482e-01
5.8962e-01
2.2363e-01
4.0228e-01
3.1425e-01
3.0962e-01
5.6469e-01
9.5320e-01
1.9371e-01
2.5195e-01
4.0043e-01
5.3774e-01
6.5428e-02
8.7799e-01
7.7594e-01
4.4978e-01
3.3542e-01
4.1097e-01
9.2923e-01
7.1764e-01
5.1499e-01
4.0747e-01
1.1297e+00
3.2940e-01
1.3505e-01
5.0659e-01
2.1578e-01
4.4742e-01
2.6758e-01
2.8765e-01
5.1854e-01
6.4368e-01
5.7229e-01
3.2981e-01
7.0866e-01
9.4923e-01
4.2881e-01
6.3567e-01
5.1987e-01
4.2234e-01
6.7020e-01
3.3920e-01
2.3818e-01
4.1722e-01
6.7022e-01
3.2322e-01
4.3259e-01
4.4761e-01
2.5986e-01
2.0283e-01
9.0331e-01
2.1217e-01
5.8500e-01
4.1656e-01
6.2300e-01
8.2057e-01
3.9933e-01
4.9770e-01
7.2144e-01
8.4809e-01
7.1418e-01
9.5377e-01
5.3008e-01
2.3574e-01
5.8040e-02
5.3711e-01
5.0141e-01
1.7998e-01
5.0132e-01
2.9961e-01
1.6436e-01
4.3581e-01
4.0897e-01
6.4525e-01
6.2074e-01
6.7112e-01
1.3532e-01
4.6169e-01
4.2799e-01
4.5969e-01
4.6797e-01
1.5834e-01
3.4814e-01
4.5322e-01
4.1554e-01
4.0550e-01
4.5209e-01
3.3710e-01
2.8640e-01
3.5145e-01
5.5047e-01
3.7410e-01
6.5245e-01
3.9157e-01
2.7708e-01
5.4129e-01
3.2235e-01
4.4080e-01
1.7528e-01
1.0567e-01
8.5446e-01
9.4458e-01
8.2283e-01
3.6308e-01
7.7456e-01
6.1645e-01
2.4198e-01
5.4990e-01
5.2981e-01
7.6063e-01
3.8137e-01
2.7941e-01
4.4349e-01
6.3594e-02
5.2231e-01
4.2928e-01
2.6873e-01
1.3906e-01
2.2714e-01
3.0519e-01
2.2719e-01
5.3824e-01
9.4204e-01
1.6289e-01
1.9019e-01
5.9095e-01
