0.0513	0.0956	-3.0000
0.1659	-0.0270	-2.0000
-0.0662	-0.3337	-1.0000
-0.0489	-0.2555	0.0000
0.1375	-0.0948	-3.0000
0.0764	0.1767	-2.0000
0.0352	-0.0558	-3.0000
0.1290	0.1461	-2.0000
-0.1540	-0.1941	-2.0000
-0.2917	-0.2338	0.0000
-0.2489	0.2409	0.0000
-0.0800	0.1324	-1.0000
0.0792	-0.2145	-2.0000
0.2050	-0.1998	0.0000
0.1755	-0.0658	-1.0000
-0.1594	-0.2008	-1.0000
0.1662	-0.1719	-2.0000
-0.0020	0.0535	-3.0000
-0.0044	0.2271	0.0000
0.2561	0.0346	0.0000
0.2925	0.1062	0.0000
-0.0222	0.0499	0.0000
-0.2197	0.0374	-2.0000
-0.0376	-0.2028	-1.0000
-0.2563	-0.3280	0.0000
-0.0120	0.0084	-1.0000
0.0507	0.0590	-3.0000
0.3117	0.0908	-1.0000
0.0070	-0.1401	-3.0000
0.2731	-0.3500	0.0000
0.0137	0.0409	0.0000
-0.0559	0.2340	-2.0000
0.1643	-0.1587	-2.0000
-0.0885	-0.3056	-1.0000
0.1281	-0.3849	0.0000
-0.0058	-0.2071	-3.0000
0.3323	-0.2012	0.0000
0.0573	0.1649	-3.0000
0.3281	-0.2985	0.0000
0.1953	0.0087	-2.0000
0.0624	0.0025	-1.0000
-0.0776	-0.2291	-2.0000
0.1485	0.0656	-3.0000
-0.0683	-0.1019	-2.0000
0.2472	-0.0592	-2.0000
-0.3359	-0.0405	0.0000
0.0733	-0.4260	0.0000
0.0686	0.1532	-3.0000
0.1100	0.1872	-1.0000
-0.0812	-0.2285	-1.0000
-0.1246	0.2418	-1.0000
0.0890	0.1483	-2.0000
-0.1644	0.0959	0.0000
-0.0384	-0.1418	-2.0000
0.1324	-0.1002	0.0000
-0.0529	0.3081	-1.0000
-0.0416	0.2405	-2.0000
0.2166	-0.1778	0.0000
0.0194	0.0479	-3.0000
-0.2818	-0.0741	-1.0000
0.0609	0.0586	-3.0000
-0.3425	0.2883	0.0000
0.2212	0.0265	-2.0000
0.3320	0.1588	0.0000
0.3313	0.0772	0.0000
-0.0686	-0.0319	-3.0000
0.0282	0.0051	-3.0000
-0.1475	-0.3549	0.0000
-0.1426	0.0316	-3.0000
-0.1314	-0.0524	-3.0000
0.1748	0.0546	-3.0000
0.1216	0.0290	-2.0000
-0.1550	0.0829	-3.0000
0.1766	-0.0867	-2.0000
-0.1301	-0.2530	-2.0000
-0.0980	0.0172	-1.0000
0.0185	0.1790	-1.0000
-0.2348	-0.0185	-2.0000
-0.1015	0.1898	-1.0000
-0.0382	0.0549	-3.0000
0.1270	0.0450	-3.0000
0.0788	-0.0852	-3.0000
0.2310	-0.1700	0.0000
0.0059	0.0699	-3.0000
-0.0108	-0.0333	-3.0000
0.0848	0.2618	-1.0000
0.0043	-0.2788	-1.0000
0.0617	0.0451	-3.0000
0.0391	0.2638	-1.0000
-0.1445	0.2352	-1.0000
-0.0591	-0.2383	-2.0000
-0.0089	-0.1416	-1.0000
-0.0976	0.0790	-2.0000
-0.1850	-0.0091	-2.0000
0.0227	0.0592	0.0000
0.0170	0.0574	-3.0000
0.0399	0.2599	-1.0000
-0.0022	0.1904	-2.0000
0.2152	-0.0145	-2.0000
0.0417	0.1470	-2.0000
0.0234	-0.1628	-3.0000
0.2764	-0.3102	0.0000
-0.2872	-0.0370	-1.0000
0.2556	0.0283	0.0000
-0.1512	0.0666	-2.0000
0.3015	-0.1497	0.0000
-0.1204	-0.1172	0.0000
0.0759	-0.1926	-3.0000
0.0305	-0.0082	-2.0000
-0.0054	-0.1817	0.0000
0.0311	0.0250	-1.0000
0.0090	-0.0622	-3.0000
-0.0608	-0.2933	-1.0000
-0.3023	-0.1263	-1.0000
-0.2312	-0.0264	-2.0000
0.2752	-0.2234	-1.0000
0.1366	0.2057	-2.0000
0.1485	0.1146	-2.0000
0.1967	0.2259	-1.0000
0.0405	0.1406	0.0000
-0.0760	0.0460	-1.0000
-0.1176	0.2693	-1.0000
-0.3537	0.0736	0.0000
-0.2184	-0.0795	-1.0000
-0.1195	0.2752	-1.0000
-0.0134	-0.1023	-3.0000
0.1375	0.2773	-1.0000
0.1276	0.1560	-2.0000
0.1680	-0.2931	0.0000
0.0803	0.0475	-3.0000
-0.0074	-0.1941	-2.0000
-0.0700	-0.1923	-1.0000
-0.1027	-0.1232	-3.0000
0.1813	-0.0228	-1.0000
0.2348	0.0595	-2.0000
-0.1247	-0.1948	-2.0000
-0.0421	0.1576	-2.0000
0.0095	0.2656	-2.0000
-0.0007	0.2031	-1.0000
0.0129	-0.0250	-2.0000
-0.0056	0.0925	-3.0000
0.0292	0.2191	-2.0000
0.2380	0.0528	-1.0000
0.0742	0.0351	-1.0000
-0.1497	-0.0387	-1.0000
0.1498	-0.1991	-1.0000
0.2402	-0.2316	-1.0000
0.2209	0.0778	-2.0000
0.1189	0.0903	-3.0000
-0.3624	-0.0582	0.0000
0.0694	0.1298	-3.0000
-0.2327	0.3567	0.0000
-0.0812	-0.1551	-3.0000
0.1777	0.1935	-1.0000
-0.1457	-0.2066	-2.0000
0.1217	0.2037	-1.0000
-0.2023	-0.2430	0.0000
0.0149	0.1288	-1.0000
-0.3183	0.1625	-1.0000
0.1984	0.0666	-1.0000
-0.1880	-0.1578	-2.0000
0.2748	-0.3503	0.0000
-0.0467	-0.2666	-1.0000
0.0330	0.1323	-3.0000
0.0074	0.1566	-3.0000
0.0004	0.1172	-3.0000
-0.1295	0.0240	0.0000
0.0074	0.1830	-1.0000
0.2212	-0.0862	-1.0000
0.1441	0.0035	-3.0000
0.2117	-0.0135	-1.0000
-0.0132	-0.1343	-3.0000
0.1684	-0.3816	0.0000
0.3080	-0.2649	0.0000
-0.1694	-0.3572	0.0000
0.0543	0.0712	-3.0000
-0.0841	0.0038	-2.0000
0.0860	-0.1316	0.0000
0.0719	-0.1021	-3.0000
-0.1659	-0.0196	-1.0000
0.2743	0.1418	-1.0000
0.0230	0.1066	-2.0000
-0.1391	0.3714	0.0000
0.0489	-0.0750	-1.0000
0.0815	0.1000	-3.0000
-0.1396	-0.0083	0.0000
-0.2422	0.2202	-1.0000
0.1880	0.1150	-2.0000
0.0271	0.2485	0.0000
-0.1970	-0.1257	-2.0000
-0.2611	-0.1022	-1.0000
-0.2557	0.3808	0.0000
-0.2309	-0.0692	-2.0000
0.1728	-0.0016	-1.0000
0.0217	0.1825	0.0000
0.0132	0.0243	-3.0000
-0.0016	0.0145	-3.0000
-0.1736	0.1831	-1.0000
-0.0457	0.2732	-2.0000
0.0248	-0.3149	0.0000
-0.0688	-0.1413	-2.0000
0.0733	0.1887	-1.0000
0.0650	-0.2126	-1.0000
-0.2539	0.1688	-1.0000
-0.1248	-0.0591	-3.0000
0.0131	-0.2382	0.0000
-0.2312	0.1464	-2.0000
0.2713	0.0974	-1.0000
0.0058	0.0387	-1.0000
0.0591	-0.1479	-2.0000
-0.1774	-0.3148	-1.0000
0.0988	0.2860	-1.0000
0.1322	0.1700	-2.0000
0.3038	0.3020	0.0000
0.1759	-0.0226	-3.0000
-0.2479	-0.1430	-1.0000
0.1020	0.2117	-2.0000
0.0797	0.0362	-2.0000
0.0842	0.0920	-3.0000
-0.2062	-0.0300	-2.0000
0.0964	0.1555	-2.0000
0.1366	0.1441	-2.0000
-0.2807	0.0360	-1.0000
0.0414	-0.0911	-1.0000
-0.0968	-0.1943	-2.0000
-0.2739	0.0287	-1.0000
0.1024	0.1869	-2.0000
-0.0615	-0.3495	0.0000
-0.3097	0.3689	0.0000
-0.2548	0.1156	-2.0000
0.1103	0.1579	-3.0000
-0.2876	0.0628	-1.0000
-0.2129	0.0929	-2.0000
0.3171	-0.1389	0.0000
-0.0849	0.0211	-3.0000
-0.0858	-0.1552	-3.0000
-0.2096	0.0249	0.0000
0.0469	0.0972	0.0000
-0.0024	-0.0467	-3.0000
-0.1216	0.2888	-1.0000
0.2785	-0.0940	-1.0000
-0.0739	0.0762	-3.0000
0.0446	-0.0071	-3.0000
-0.1437	-0.2854	-1.0000
-0.1109	0.1539	0.0000
0.1322	-0.1034	-3.0000
-0.0213	0.1163	-3.0000
0.2069	0.1413	-2.0000
-0.1037	0.0912	-1.0000
-0.0058	-0.0181	-3.0000
0.0861	0.2375	-2.0000
0.0809	0.0824	-2.0000
0.0881	0.0392	-3.0000
-0.1571	-0.0922	-2.0000
-0.1858	0.3016	-1.0000
-0.0747	0.0437	-3.0000
-0.1220	-0.1674	0.0000
0.1920	-0.2935	0.0000
-0.4084	0.0255	0.0000
0.3003	0.0739	0.0000
0.2128	-0.2390	-1.0000
-0.2387	-0.3875	0.0000
-0.2891	-0.2612	-1.0000
-0.2613	-0.0577	-1.0000
0.0148	-0.1190	-3.0000
-0.0887	-0.3174	0.0000
0.3075	-0.2415	0.0000
0.1174	-0.1877	-1.0000
-0.1006	-0.2972	-1.0000
0.0667	0.2139	0.0000
-0.0239	-0.1809	-3.0000
0.0582	0.0192	-3.0000
0.0182	-0.2079	-2.0000
0.1432	0.1802	-2.0000
0.2772	0.0274	0.0000
0.2062	0.0677	-2.0000
0.0022	0.0633	-3.0000
0.1975	0.4253	0.0000
0.3167	-0.3023	0.0000
0.1073	-0.1221	-3.0000
-0.0102	0.1351	-3.0000
-0.3296	0.3289	0.0000
0.3633	0.0946	0.0000
0.0354	0.1942	0.0000
0.1548	-0.0414	-2.0000
0.3138	-0.0830	-1.0000
0.0241	-0.2211	-2.0000
-0.2159	0.2612	0.0000
-0.2407	-0.0901	-2.0000
-0.3559	-0.0220	0.0000
0.2540	0.0584	-2.0000
0.1074	-0.0280	-3.0000
0.0871	0.0410	0.0000
0.0267	0.0142	-3.0000
-0.0491	0.0274	-1.0000
0.0711	0.0169	-3.0000
-0.2184	0.1608	0.0000
0.0312	0.2609	-1.0000
0.3614	0.2947	0.0000
-0.2081	-0.2151	0.0000
0.0695	0.0766	-3.0000
0.0307	0.0980	-3.0000
-0.0280	0.0559	-3.0000
-0.3089	0.2171	0.0000
0.3179	0.0530	-1.0000
0.2510	-0.3464	0.0000
-0.1031	-0.2427	-1.0000
0.1797	-0.0400	-2.0000
0.1680	0.0154	-3.0000
0.2960	0.0396	-1.0000
0.0517	-0.0218	-3.0000
-0.0515	-0.0941	-3.0000
-0.2753	0.2030	0.0000
-0.3024	-0.1371	-1.0000
0.0073	0.0010	-2.0000
-0.1980	-0.1240	-2.0000
0.0869	-0.1331	-2.0000
0.1522	0.0213	-1.0000
0.3471	-0.0433	0.0000
-0.0220	-0.0269	-3.0000
-0.1106	-0.1974	0.0000
-0.0068	0.0883	-2.0000
-0.0314	-0.2440	-2.0000
0.1394	0.1524	-2.0000
0.0292	0.0277	-3.0000
-0.2226	-0.0666	-1.0000
-0.0553	0.2467	0.0000
-0.4396	0.0819	0.0000
-0.2536	0.2083	-1.0000
-0.0287	0.0611	-2.0000
-0.1724	-0.0525	-2.0000
0.0655	0.0824	-3.0000
-0.1279	0.1655	-2.0000
0.0137	0.0692	-3.0000
-0.0561	0.3356	0.0000
-0.1834	-0.1169	-2.0000
-0.1647	0.0267	-3.0000
0.2835	-0.0802	-1.0000
0.0538	0.0914	-3.0000
-0.1017	-0.0283	0.0000
0.0634	-0.2346	-2.0000
-0.2141	-0.3524	0.0000
0.3110	0.1882	0.0000
-0.0644	0.2630	-1.0000
-0.2852	-0.0174	-2.0000
-0.0586	-0.0181	0.0000
0.0736	0.1453	-3.0000
-0.2707	-0.3383	0.0000
-0.0415	0.2361	-2.0000
0.2177	0.0906	0.0000
0.0577	0.0903	-1.0000
-0.3036	-0.0821	-1.0000
-0.1124	-0.2552	-2.0000
-0.0735	0.1615	-2.0000
-0.1125	-0.0489	-3.0000
-0.1824	-0.3501	0.0000
0.3134	-0.0901	-1.0000
-0.1453	-0.3080	0.0000
-0.1437	0.0448	-3.0000
-0.0621	0.3022	-1.0000
-0.0921	-0.3045	0.0000
-0.2412	-0.1622	-2.0000
-0.0038	-0.1052	-3.0000
0.1305	0.2443	-1.0000
-0.2752	-0.0075	0.0000
-0.0647	0.0184	-3.0000
-0.2402	-0.1434	-2.0000
-0.1002	0.0332	0.0000
0.0371	0.1112	-2.0000
0.1228	-0.0051	-2.0000
-0.2783	-0.2721	0.0000
0.1461	0.0861	-3.0000
0.2210	-0.1970	-2.0000
0.0554	0.0503	-3.0000
0.0891	-0.0101	-3.0000
-0.1237	0.2448	0.0000
-0.2091	0.2509	-1.0000
-0.2930	-0.3653	0.0000
0.0555	-0.3333	-1.0000
-0.1064	0.2410	-2.0000
-0.0109	0.2520	-2.0000
0.2974	0.3372	0.0000
-0.1801	0.0707	-3.0000
-0.0957	-0.0489	-3.0000
0.0475	-0.0467	-3.0000
0.0696	-0.0088	0.0000
0.2273	0.2161	0.0000
0.0696	0.2400	-1.0000
0.0357	-0.1132	-3.0000
0.0295	0.1512	-3.0000
0.1137	0.1192	-3.0000
0.1331	-0.0662	0.0000
0.2416	0.2432	-1.0000
-0.1418	-0.0362	-3.0000
0.0533	0.1082	-3.0000
-0.2749	0.1735	-1.0000
0.0911	-0.0129	-3.0000
0.1279	0.0161	-2.0000
-0.0609	0.1324	-1.0000
-0.2678	-0.2945	0.0000
-0.0679	-0.0995	-1.0000
0.1613	0.1935	-2.0000
0.0091	-0.0048	-3.0000
0.0010	0.0237	-2.0000
-0.1933	-0.4023	0.0000
-0.0346	-0.0948	-2.0000
-0.2987	-0.3019	0.0000
-0.2634	0.2036	-1.0000
-0.0059	0.0372	-1.0000
0.1229	0.0725	-3.0000
-0.2260	0.0550	-2.0000
-0.1887	0.0496	-2.0000
-0.3419	-0.3427	0.0000
0.1305	0.2205	-2.0000
0.2417	0.0770	-2.0000
0.0367	0.0336	0.0000
0.2165	-0.1106	-2.0000
-0.1278	0.1305	-2.0000
0.1158	0.1474	-2.0000
0.1560	-0.2183	-2.0000
-0.1296	-0.1468	-2.0000
0.0366	-0.1069	-2.0000
-0.1290	0.3030	0.0000
-0.1555	0.2087	-1.0000
0.1552	-0.2525	-1.0000
0.0296	0.2879	-1.0000
-0.0080	0.2674	-1.0000
0.1078	0.0211	-1.0000
-0.0184	-0.1444	-3.0000
-0.0397	-0.2448	-1.0000
0.2948	-0.0946	0.0000
-0.0316	0.2721	0.0000
-0.0850	0.0436	-3.0000
-0.1205	0.0202	-3.0000
-0.1382	-0.0733	-1.0000
0.1986	-0.1538	-2.0000
-0.3419	-0.3406	0.0000
0.2424	0.2764	0.0000
0.0522	0.1572	-3.0000
-0.1524	-0.1748	-2.0000
-0.0150	-0.0566	-3.0000
-0.2320	0.0172	-2.0000
-0.3325	-0.2083	-1.0000
-0.0238	-0.0688	-3.0000
-0.0650	0.2143	-2.0000
-0.2669	-0.0415	0.0000
-0.0501	0.3354	0.0000
-0.0495	-0.0293	-3.0000
-0.1250	0.3369	0.0000
-0.0596	-0.2355	-1.0000
0.0066	0.2349	-1.0000
-0.2437	0.0385	-2.0000
0.1080	-0.2751	0.0000
-0.1223	-0.0320	-3.0000
-0.3158	-0.0184	0.0000
0.1063	-0.0322	-1.0000
0.1552	0.2376	-2.0000
0.0589	0.0456	-3.0000
-0.2241	0.0207	-2.0000
0.0803	-0.2918	-1.0000
-0.2824	0.1934	0.0000
-0.0166	-0.0799	-3.0000
0.4237	-0.1646	0.0000
-0.0434	-0.0121	0.0000
-0.0003	0.1269	-3.0000
0.2351	-0.1149	-2.0000
-0.2397	-0.2227	-1.0000
0.2423	-0.2098	-1.0000
0.0562	0.1518	-2.0000
0.0622	-0.0317	-2.0000
-0.1122	0.1554	0.0000
-0.0644	0.1109	-2.0000
0.2632	-0.1090	-2.0000
-0.0359	-0.0333	-1.0000
-0.0846	0.0655	-3.0000
-0.2836	-0.1430	-1.0000
-0.1785	0.0625	-3.0000
0.0664	-0.1835	-2.0000
0.2103	-0.0654	-2.0000
0.3162	-0.1374	-1.0000
0.2515	-0.0221	-2.0000
-0.1547	-0.1529	-1.0000
0.1280	-0.1412	-1.0000
-0.1544	-0.2920	0.0000
0.2170	0.0598	0.0000
-0.1195	0.3333	0.0000
0.1669	0.0510	-2.0000
-0.1910	0.0804	-3.0000
0.0128	0.2301	0.0000
0.2066	-0.0427	-2.0000
0.2864	-0.2263	-1.0000
0.0632	0.2953	-1.0000
0.0012	-0.1127	-3.0000
-0.0193	-0.0526	-3.0000
-0.0299	-0.1799	-2.0000
0.0396	-0.2919	-1.0000
0.1990	0.3787	0.0000
-0.0983	0.2724	-1.0000
-0.0987	-0.0482	-3.0000
0.0049	-0.1535	-3.0000
-0.0121	-0.0074	0.0000
0.1145	-0.1930	-2.0000
-0.1970	-0.0204	-3.0000
-0.0815	0.2157	-2.0000
0.2043	0.0616	-2.0000
-0.0065	-0.2703	-2.0000
-0.1479	-0.2070	-2.0000
0.1958	0.0520	-2.0000
-0.0192	-0.0458	-3.0000
0.0761	0.0128	-3.0000
0.0400	0.1738	-2.0000
0.1673	0.1645	-2.0000
0.1916	0.2354	-1.0000
0.0121	-0.0856	-3.0000
0.2644	-0.3909	0.0000
-0.3662	0.1836	0.0000
0.2215	-0.2127	-2.0000
0.1362	0.1335	-2.0000
-0.2344	-0.0226	0.0000
-0.2678	0.2332	0.0000
0.1809	0.0994	-1.0000
0.1387	0.2253	0.0000
-0.0384	0.0549	-1.0000
-0.3875	0.1108	0.0000
0.1964	-0.1363	-2.0000
-0.0405	-0.2106	-2.0000
0.1584	0.0576	0.0000
-0.3419	0.1563	0.0000
0.0372	-0.0333	-3.0000
-0.1075	0.1141	-2.0000
0.1135	-0.3144	0.0000
0.0436	0.1315	-3.0000
0.2271	-0.0944	-1.0000
0.1726	-0.2933	-1.0000
-0.2578	-0.3397	0.0000
-0.2418	-0.0369	-2.0000
-0.3322	0.1399	0.0000
0.0087	-0.0584	-1.0000
-0.0259	0.0859	-3.0000
-0.0143	0.0403	0.0000
-0.0471	-0.1765	-3.0000
-0.0455	-0.1590	-3.0000
-0.2153	-0.0279	0.0000
0.2187	-0.1338	-2.0000
0.1202	0.0494	-1.0000
-0.3001	0.3056	0.0000
-0.1373	0.1108	-1.0000
-0.2161	-0.1844	-1.0000
-0.0590	0.3715	0.0000
0.2514	-0.1433	-2.0000
0.4011	-0.2433	0.0000
0.0243	-0.0226	-3.0000
-0.0023	0.1421	-2.0000
0.0443	-0.0621	-3.0000
0.0304	-0.1684	-2.0000
0.1910	-0.2153	-1.0000
-0.1433	0.1800	-1.0000
0.2185	-0.2147	-1.0000
0.2897	-0.1814	-1.0000
-0.0992	0.0036	-3.0000
0.1236	0.3054	-1.0000
0.2963	-0.2104	-1.0000
-0.1642	0.1822	0.0000
-0.0729	-0.1591	-3.0000
0.1509	0.0570	-3.0000
-0.1448	0.1048	-2.0000
0.1527	0.1822	-1.0000
-0.0147	-0.1763	-3.0000
0.2111	0.1490	-1.0000
0.0345	-0.1560	0.0000
0.0843	0.1699	-1.0000
0.0233	-0.0204	-3.0000
0.1200	0.0597	-3.0000
-0.2713	-0.2718	-1.0000
0.0114	-0.0379	-3.0000
-0.0046	0.1271	-2.0000
-0.2885	-0.2441	-1.0000
0.0203	0.0179	-3.0000
-0.3085	0.2788	0.0000
-0.1412	-0.0722	-3.0000
0.0424	0.1456	0.0000
-0.3723	0.1441	0.0000
0.0299	0.0901	-3.0000
-0.2930	0.3197	0.0000
0.2968	-0.0885	-1.0000
0.2325	-0.0472	-1.0000
-0.4301	-0.0499	0.0000
-0.0299	0.0480	-3.0000
0.0893	0.0502	-3.0000
0.0883	0.0898	-3.0000
0.1383	0.0440	-2.0000
0.1127	-0.0727	-3.0000
-0.0601	0.1332	-2.0000
0.2987	-0.2984	-1.0000
0.0053	0.1030	0.0000
-0.1326	0.0190	-3.0000
0.1604	0.0219	-2.0000
-0.2662	0.1889	-1.0000
0.0334	0.1820	-2.0000
0.0257	-0.0386	-3.0000
0.1923	0.0945	-2.0000
0.0347	0.1062	-3.0000
-0.1321	-0.3159	-1.0000
0.0182	0.2862	-1.0000
0.1446	0.1366	-2.0000
0.0242	0.1678	-2.0000
0.1313	-0.2059	-2.0000
-0.0397	0.1396	-2.0000
-0.0051	-0.0105	-3.0000
0.0060	-0.1621	-3.0000
0.0510	0.1148	-2.0000
-0.2584	-0.0134	-1.0000
-0.0951	0.0380	-3.0000
0.2451	0.0705	-1.0000
0.3571	0.2209	0.0000
0.1934	0.1085	-1.0000
-0.3021	0.3053	0.0000
0.0521	0.0853	-1.0000
0.2006	0.2126	0.0000
0.0843	0.1671	-3.0000
-0.0153	-0.2723	-1.0000
-0.2570	0.3422	0.0000
0.3003	0.2058	0.0000
-0.0072	-0.1196	-3.0000
0.0662	0.1211	-3.0000
-0.3936	0.2103	0.0000
0.1904	0.0010	-2.0000
0.0401	0.0887	-3.0000
-0.1875	-0.0024	-3.0000
0.1200	0.0970	-3.0000
-0.3469	-0.0008	0.0000
0.0235	0.0334	-3.0000
-0.2623	-0.0189	-2.0000
-0.0043	0.0766	-3.0000
0.0856	0.0885	-3.0000
0.0464	0.0933	-3.0000
0.0296	-0.2908	-1.0000
-0.1784	0.1839	0.0000
-0.3003	-0.2484	0.0000
0.0880	-0.0820	-1.0000
-0.1994	-0.1356	-2.0000
0.1835	-0.1261	-2.0000
0.1001	0.0444	-3.0000
-0.0724	0.0194	0.0000
-0.1628	0.2870	0.0000
-0.0445	-0.1219	-3.0000
0.0844	-0.1643	0.0000
0.2269	0.2958	0.0000
0.0956	0.1644	-2.0000
0.2317	-0.1573	-2.0000
0.1413	-0.2571	-2.0000
0.0824	0.0907	-3.0000
0.1403	0.0241	-1.0000
0.0418	-0.0595	-3.0000
0.2991	0.1193	-1.0000
-0.0399	0.1364	-2.0000
-0.2266	-0.3662	0.0000
-0.1135	0.1636	0.0000
-0.1602	0.3275	0.0000
0.0391	0.0014	-3.0000
0.3885	-0.2456	0.0000
-0.1711	-0.2564	-1.0000
0.0061	-0.0627	-3.0000
-0.2026	-0.1110	-2.0000
0.2689	0.2296	-1.0000
-0.0946	-0.1159	-2.0000
-0.0168	0.0886	-3.0000
-0.0204	0.0504	-3.0000
0.0866	0.1009	-2.0000
-0.3118	-0.3494	0.0000
-0.4004	0.0868	0.0000
0.0322	0.1064	-3.0000
-0.2880	0.0019	-1.0000
0.1464	-0.0269	-3.0000
0.2673	0.0431	-1.0000
0.0232	0.0779	-3.0000
0.0116	0.0687	-3.0000
0.3255	-0.3305	0.0000
-0.2289	0.3835	0.0000
0.0620	-0.0928	-3.0000
0.3478	0.0992	0.0000
-0.0710	-0.1505	-3.0000
-0.3326	0.3776	0.0000
0.1911	-0.1052	-2.0000
0.1769	0.0659	-2.0000
-0.0586	0.0304	-3.0000
0.2356	-0.0568	0.0000
0.0977	-0.0959	-2.0000
-0.0464	0.1482	-2.0000
-0.3279	-0.0633	0.0000
0.0316	-0.1883	-3.0000
0.2060	-0.0034	-2.0000
0.2246	-0.0879	-1.0000
0.0683	0.0973	-3.0000
0.1676	0.0396	-1.0000
-0.0946	-0.0165	-1.0000
0.2420	0.0520	-2.0000
0.0275	0.0780	-1.0000
0.3774	-0.2881	0.0000
0.0346	0.1013	0.0000
0.0884	-0.0234	-2.0000
-0.0887	0.0566	-3.0000
-0.2713	-0.0345	-1.0000
0.0363	-0.2181	-3.0000
0.1917	0.0155	-1.0000
-0.3675	0.0902	0.0000
-0.3408	0.2539	0.0000
0.0222	0.0535	-3.0000
0.0013	-0.2142	-2.0000
0.0465	0.0646	-3.0000
-0.3613	-0.2970	0.0000
0.0191	-0.1863	-3.0000
0.1894	0.0538	-2.0000
0.1288	-0.3273	0.0000
0.2263	0.0882	-1.0000
0.0350	0.0535	-1.0000
0.0203	0.0500	-3.0000
0.2873	-0.0246	-1.0000
0.0450	0.0443	-3.0000
0.1358	0.1938	-2.0000
0.1061	-0.2866	-1.0000
-0.2041	-0.0212	-1.0000
-0.1961	0.2296	0.0000
0.0321	0.0967	-3.0000
-0.0183	0.0788	-3.0000
0.3058	-0.3266	0.0000
-0.3007	-0.3259	0.0000
0.0593	0.1323	0.0000
0.0215	0.0573	-3.0000
-0.0258	-0.2328	-2.0000
-0.0159	0.1862	-2.0000
-0.0918	0.0564	-1.0000
-0.0117	-0.1575	0.0000
0.0274	-0.0354	-3.0000
-0.2018	-0.0169	-1.0000
0.2567	0.0779	-1.0000
0.3423	-0.3559	0.0000
0.0596	0.2173	-2.0000
-0.1143	-0.1493	-1.0000
0.2341	-0.2212	-1.0000
0.0824	0.1765	-2.0000
-0.2955	-0.2068	-1.0000
0.0182	0.2378	0.0000
0.3954	-0.2761	0.0000
-0.1511	-0.1542	-2.0000
0.1130	0.1044	-3.0000
-0.0375	0.1719	-2.0000
0.2271	0.3192	0.0000
0.2828	-0.0654	-1.0000
-0.0805	0.0399	-3.0000
-0.1811	-0.1866	-2.0000
0.0153	0.1985	-3.0000
0.1510	-0.0885	0.0000
0.1985	0.1501	-2.0000
0.1060	0.0578	-3.0000
0.0769	-0.1583	0.0000
-0.0303	-0.0222	-3.0000
0.0581	-0.0559	-3.0000
0.0086	0.1885	0.0000
0.2107	0.1327	-2.0000
0.1268	0.1109	-3.0000
0.0792	-0.1467	-3.0000
-0.2943	-0.3431	0.0000
0.1199	-0.0117	-3.0000
0.0284	0.1951	-2.0000
0.1044	-0.0336	-3.0000
-0.3307	-0.2104	0.0000
-0.1458	0.1149	-2.0000
0.2110	0.1136	-1.0000
0.1449	0.0467	-3.0000
0.1174	-0.1728	-2.0000
-0.0708	-0.0795	-3.0000
-0.1348	-0.1553	-1.0000
0.1758	0.1399	-1.0000
-0.1023	0.1609	0.0000
0.0141	0.2489	-2.0000
0.2586	-0.2825	0.0000
-0.1047	0.0377	-1.0000
-0.1222	0.0182	-2.0000
0.1637	0.0312	-3.0000
0.1132	-0.3946	0.0000
-0.0391	0.0334	-2.0000
-0.3529	-0.0844	-1.0000
0.1164	0.0070	-3.0000
-0.1067	-0.2862	-1.0000
0.2475	-0.3623	0.0000
0.0203	-0.2213	-2.0000
-0.2191	-0.1004	-2.0000
0.3950	-0.0668	0.0000
-0.0105	-0.0815	0.0000
0.0487	0.1156	-3.0000
-0.2434	-0.1616	-1.0000
0.0919	0.1426	0.0000
-0.3042	-0.0401	0.0000
0.0517	0.0172	-3.0000
-0.0462	-0.1491	-1.0000
0.1887	0.0573	-2.0000
0.0461	0.0614	-3.0000
0.2212	-0.0355	-2.0000
0.0009	0.1008	-3.0000
-0.4121	0.2001	0.0000
0.0178	0.1229	0.0000
-0.1831	0.1002	-2.0000
-0.2552	-0.0971	-1.0000
-0.0158	0.0509	-2.0000
0.2122	-0.0531	0.0000
0.0614	0.0977	-3.0000
0.2896	0.0206	0.0000
0.0877	-0.1656	-1.0000
0.1490	-0.0320	0.0000
-0.3266	0.3117	0.0000
0.0192	0.0939	-1.0000
0.1305	-0.0660	-3.0000
-0.0073	0.1740	-3.0000
-0.1200	0.0508	-3.0000
-0.0816	-0.2468	-2.0000
0.2827	0.0569	-1.0000
-0.1370	0.0206	-3.0000
-0.1411	-0.3085	0.0000
-0.3307	-0.2556	0.0000
-0.4146	0.2267	0.0000
-0.0391	0.1096	0.0000
-0.1128	-0.0641	-3.0000
-0.1948	-0.1041	-2.0000
0.0915	-0.2684	-1.0000
-0.0636	-0.1046	-3.0000
0.1024	-0.0280	-3.0000
0.2161	-0.1158	-2.0000
-0.1034	-0.0755	-3.0000
-0.0342	-0.0631	0.0000
0.2325	0.2928	0.0000
-0.0872	0.2342	-1.0000
0.2125	-0.0158	-2.0000
0.2085	0.1512	-2.0000
0.0057	0.0620	-3.0000
0.0515	0.0631	-3.0000
-0.2961	-0.2465	-1.0000
0.1441	-0.2195	-2.0000
-0.3759	0.1275	0.0000
0.1091	0.0850	-1.0000
-0.3341	-0.2656	0.0000
0.0405	-0.2564	0.0000
0.0243	-0.2854	-1.0000
0.0224	0.2266	-2.0000
-0.1448	-0.0434	-1.0000
0.0369	0.1785	-2.0000
0.1194	0.2090	-2.0000
-0.3162	0.1787	0.0000
-0.1239	-0.1684	-3.0000
0.2760	-0.2183	0.0000
0.0040	-0.0477	-3.0000
0.0965	0.1838	-2.0000
0.0575	-0.0039	-3.0000
0.2220	0.0381	0.0000
0.0649	-0.2506	-2.0000
-0.1357	-0.1553	-3.0000
0.2620	-0.1298	-2.0000
0.1317	0.3325	0.0000
0.2629	-0.0039	-1.0000
-0.1879	0.0432	-1.0000
-0.2241	-0.2058	-1.0000
-0.0120	0.2130	-2.0000
0.0351	0.0615	-3.0000
-0.1711	-0.0595	-3.0000
0.1146	-0.0342	-1.0000
0.0897	-0.1335	-3.0000
-0.0015	-0.0819	-3.0000
0.1855	0.2636	-1.0000
-0.2411	0.1225	-2.0000
0.0236	0.0433	-3.0000
-0.0296	0.2487	-2.0000
0.1683	-0.0373	0.0000
-0.0333	0.1064	-2.0000
0.0955	0.0500	-3.0000
-0.2463	-0.0865	-2.0000
0.1489	0.1141	-3.0000
0.2172	0.1268	-2.0000
0.3040	0.1317	-1.0000
-0.0221	0.0951	-3.0000
-0.0570	-0.3502	0.0000
0.0562	-0.0568	-2.0000
0.3316	-0.0492	-1.0000
0.0080	0.1735	-3.0000
0.1525	0.2516	0.0000
-0.3379	0.3188	0.0000
-0.1011	-0.2332	-2.0000
0.1925	0.1981	0.0000
0.2169	0.1551	-2.0000
0.3460	0.2823	0.0000
0.2459	-0.0418	-2.0000
0.3088	0.3083	0.0000
0.1975	0.2668	0.0000
0.0559	-0.0799	-3.0000
0.3021	0.1574	-1.0000
0.0882	-0.0452	-3.0000
0.2015	0.0418	-2.0000
-0.1933	-0.2753	-1.0000
0.1639	0.0740	0.0000
-0.1800	-0.2647	-1.0000
0.2145	0.0157	-1.0000
0.1898	-0.2704	0.0000
0.0595	0.0313	-3.0000
-0.2582	-0.1453	0.0000
0.0084	0.0461	-3.0000
0.0168	-0.2412	-2.0000
-0.2371	0.3739	0.0000
-0.3660	0.0303	0.0000
-0.1289	0.0092	-2.0000
0.1261	0.0849	-3.0000
-0.2166	-0.3108	0.0000
0.1192	0.1427	-3.0000
0.0359	-0.1952	-3.0000
0.3827	0.0295	0.0000
-0.1201	0.0122	-3.0000
-0.1255	0.0644	-3.0000
-0.1866	-0.2729	-1.0000
0.3149	-0.2672	0.0000
-0.0891	-0.1057	-2.0000
0.1510	-0.2254	0.0000
-0.2678	-0.1913	-2.0000
-0.1786	-0.0163	-2.0000
0.0124	-0.1867	-3.0000
0.4106	-0.0158	0.0000
0.2217	0.1038	-2.0000
-0.0005	-0.1828	-1.0000
-0.1695	0.0403	-2.0000
0.0390	-0.0157	-3.0000
-0.2331	-0.1679	-2.0000
0.2357	-0.0903	-2.0000
-0.1427	0.1241	-2.0000
0.1984	0.2177	0.0000
-0.3701	-0.1429	0.0000
-0.0440	0.2788	-2.0000
0.3240	0.0556	-1.0000
-0.0026	-0.4020	0.0000
0.2223	-0.1788	-2.0000
0.0435	-0.0409	-3.0000
0.0203	0.0317	-3.0000
0.2354	0.1694	-1.0000
-0.2253	0.3556	0.0000
-0.3441	-0.3355	0.0000
-0.2868	-0.2125	0.0000
0.1143	-0.0655	-3.0000
0.0880	-0.0912	-3.0000
-0.0320	0.1933	-2.0000
0.2161	-0.1368	-2.0000
-0.1974	-0.0347	-2.0000
0.1164	0.1725	-2.0000
-0.1098	-0.0553	-2.0000
-0.0028	-0.4066	0.0000
-0.2343	-0.3741	0.0000
0.0448	0.0624	-3.0000
0.2704	-0.1268	-1.0000
0.0200	-0.2122	-2.0000
0.0015	-0.0477	-3.0000
0.1579	0.1369	-2.0000
0.1698	0.0131	-1.0000
-0.4030	-0.0455	0.0000
0.3824	-0.2574	0.0000
-0.1042	0.0096	-3.0000
0.0073	-0.2169	-2.0000
0.2593	-0.1302	-2.0000
0.1744	0.3270	0.0000
0.2812	0.0150	-1.0000
0.0137	-0.0771	-3.0000
0.0469	0.2600	-2.0000
0.0188	0.0221	-3.0000
0.0146	-0.3677	0.0000
0.0606	0.0273	-3.0000
0.0741	0.1369	-2.0000
0.0659	0.0534	-3.0000
0.0387	0.0370	-3.0000
-0.1015	-0.1859	-2.0000
0.2046	0.1829	0.0000
-0.2078	0.2058	-2.0000
0.1416	0.1515	-2.0000
0.1842	-0.0321	-2.0000
-0.3125	-0.3108	0.0000
0.0573	0.1061	-3.0000
0.0369	-0.1576	0.0000
-0.1560	0.0275	-2.0000
-0.2372	0.0975	-2.0000
-0.0351	0.1754	-1.0000
-0.1755	0.0496	-2.0000
0.2191	0.0929	-2.0000
-0.0252	0.2378	-1.0000
0.2733	0.2644	0.0000
0.0304	-0.2276	-2.0000
0.3659	-0.2420	0.0000
0.0548	-0.1766	-3.0000
0.0121	-0.0378	-3.0000
-0.1963	0.3291	0.0000
0.1342	0.0149	-3.0000
-0.1083	0.0550	-1.0000
0.3447	0.2746	0.0000
0.0573	-0.0963	-3.0000
0.2594	0.0903	0.0000
0.0637	-0.1035	-3.0000
0.1890	0.1569	-2.0000
-0.2058	0.1918	-2.0000
-0.1027	-0.2619	-2.0000
0.0162	-0.2435	-2.0000
0.0253	0.0313	-3.0000
0.0205	-0.0389	0.0000
0.3803	-0.2673	0.0000
0.2104	0.1908	-1.0000
0.0393	0.0626	-3.0000
0.2881	0.2692	0.0000
-0.0799	0.0102	-3.0000
0.0636	0.0407	-3.0000
-0.3535	-0.2660	0.0000
-0.2577	0.2697	-1.0000
0.2386	-0.0123	-2.0000
-0.0057	0.0317	-3.0000
0.2626	0.1769	-1.0000
-0.2554	0.0282	-2.0000
-0.1945	-0.2059	-1.0000
-0.0004	0.2122	-2.0000
0.4075	0.2407	0.0000
-0.1222	0.2191	-1.0000
0.2715	-0.3709	0.0000
0.0223	0.0304	-3.0000
-0.2843	0.3391	0.0000
0.3931	-0.2219	0.0000
-0.0958	-0.0884	-2.0000
0.2344	-0.0450	-2.0000
0.3147	-0.3431	0.0000
-0.1037	-0.0609	0.0000
-0.2925	-0.3006	0.0000
0.2700	-0.1204	-1.0000
-0.1963	-0.2133	-2.0000
-0.3291	0.0348	0.0000
-0.0475	0.2174	-1.0000
0.1835	0.0017	-1.0000
0.0734	0.2747	-1.0000
-0.3895	-0.1078	0.0000
-0.1356	0.1405	-1.0000
-0.1397	0.0198	-3.0000
0.0870	0.2247	-2.0000
-0.2111	-0.1345	-2.0000
-0.1647	0.1776	-1.0000
-0.3294	0.2857	0.0000
-0.1589	-0.0850	0.0000
0.2128	0.2076	-1.0000
0.0391	-0.1416	-1.0000
-0.0812	-0.0440	-1.0000
0.1514	0.1895	-1.0000
-0.0584	0.0573	-3.0000
-0.2268	-0.3694	0.0000
-0.0707	0.0728	0.0000
0.0317	-0.0159	-3.0000
0.1788	0.0873	-1.0000
0.0214	-0.1921	-3.0000
-0.0438	-0.1908	-2.0000
-0.0787	0.0527	0.0000
0.2183	-0.0295	-2.0000
-0.1510	-0.0011	-3.0000
-0.1967	0.0236	-1.0000
0.0582	-0.0124	-3.0000
0.2760	0.1116	-1.0000
-0.0779	-0.2326	0.0000
-0.0122	0.2057	0.0000
0.1505	0.2404	-1.0000
0.2134	-0.0701	-2.0000
-0.0784	-0.0306	-3.0000
0.0322	-0.2105	-3.0000
0.0304	0.0500	-3.0000
-0.1059	-0.1474	0.0000
-0.0092	-0.1587	-3.0000
0.0045	-0.0890	-3.0000
0.1460	0.0776	-3.0000
0.3327	0.3829	0.0000
0.0550	0.1952	-2.0000
-0.1946	-0.3108	-1.0000
0.1712	-0.2438	-1.0000
-0.3233	0.0503	0.0000
-0.2968	-0.0937	-1.0000
0.2384	0.0438	-1.0000
-0.0223	0.1995	-1.0000
0.1152	0.0901	-3.0000
0.2097	0.2054	-1.0000
0.0051	0.0720	-2.0000
0.0145	0.2074	-2.0000
-0.0140	0.1306	-1.0000
-0.2328	0.2931	0.0000
-0.2649	-0.0367	-1.0000
-0.3639	0.2066	0.0000
0.0287	0.0936	-3.0000
-0.2094	-0.1480	-2.0000
-0.1626	-0.0415	-2.0000
-0.3283	0.0046	0.0000
0.0393	-0.1853	-1.0000
0.1592	0.2516	-1.0000
-0.2796	-0.2780	-1.0000
0.0650	0.1420	-3.0000
-0.0325	-0.0150	-3.0000
0.0239	0.0730	-3.0000
-0.0386	-0.0955	-3.0000
0.0311	0.2544	-1.0000
-0.0859	-0.0198	-2.0000
0.0779	-0.0734	-3.0000
0.0029	0.0153	-3.0000
0.3305	0.2836	0.0000
0.0363	-0.0383	-3.0000
-0.1017	0.0142	-3.0000
0.3213	0.1095	0.0000
0.1695	-0.1019	-1.0000
0.1311	0.0734	-3.0000
-0.1863	-0.0629	-2.0000
-0.0630	-0.1650	-2.0000
-0.2539	0.0542	-1.0000
0.0484	0.0781	-1.0000
-0.1197	-0.1617	-2.0000
-0.2272	-0.1109	-2.0000
-0.0478	0.0891	-3.0000
-0.1417	0.2114	-1.0000
0.1128	0.2726	0.0000
0.0042	0.1750	-2.0000
-0.0528	-0.0493	-3.0000
0.1298	0.1548	-1.0000
0.0507	-0.1268	-3.0000
-0.1585	-0.2902	0.0000
0.0786	0.0536	-3.0000
0.0236	0.0919	0.0000
0.1058	-0.2672	-2.0000
0.0775	-0.1929	-1.0000
-0.1284	-0.1746	-3.0000
-0.3052	0.0832	-1.0000
0.0886	0.3166	-1.0000
-0.0081	0.2257	-1.0000
0.2387	0.1989	-1.0000
-0.2817	0.0884	-1.0000
0.0562	0.1402	-3.0000
0.1929	-0.2691	-1.0000
-0.0667	0.0259	-1.0000
-0.1994	0.1246	-1.0000
-0.1439	-0.1557	-3.0000
-0.0146	-0.0399	-3.0000
0.2295	0.1611	-1.0000
-0.0676	0.1602	0.0000
0.0249	-0.1273	-2.0000
-0.0825	-0.0620	0.0000
0.4426	-0.1028	0.0000
0.0438	-0.0946	0.0000
0.2643	-0.2903	0.0000
0.0323	0.0160	0.0000
-0.0941	0.3187	-1.0000
0.2241	-0.1695	-1.0000
-0.1546	0.0990	-3.0000
0.1480	0.0235	-2.0000
-0.0296	-0.1979	-2.0000
-0.1569	-0.2873	0.0000
-0.2502	-0.0314	-1.0000
-0.3695	0.1699	0.0000
0.0609	-0.0426	-3.0000
-0.2123	-0.3425	0.0000
-0.1314	0.1545	-2.0000
0.1398	-0.2136	0.0000
-0.2107	0.0534	-2.0000
-0.1049	-0.0021	-3.0000
0.0677	0.0753	-2.0000
0.2412	-0.0735	-2.0000
0.0728	0.0934	-2.0000
-0.0793	-0.0989	-2.0000
0.1572	0.0978	-2.0000
0.0256	0.2759	-1.0000
0.1012	0.2899	-1.0000
-0.0890	0.2003	-1.0000
0.0529	-0.3610	0.0000
0.1804	-0.2138	-1.0000
-0.0876	0.0755	-3.0000
-0.0835	-0.3372	0.0000
0.0032	-0.0146	-3.0000
-0.1979	-0.1360	0.0000
-0.1154	-0.0670	-3.0000
-0.0394	-0.1929	-2.0000
0.0602	-0.2198	-2.0000
0.1776	-0.0381	-3.0000
-0.2719	0.3265	0.0000
-0.2750	0.3087	0.0000
-0.3598	-0.3256	0.0000
-0.0770	-0.0816	-3.0000
0.0180	0.0663	0.0000
-0.0067	-0.3000	-1.0000
0.0686	0.0636	-1.0000
-0.0797	0.0191	-3.0000
0.1188	-0.1765	-2.0000
0.0566	0.0309	0.0000
0.2140	0.1779	-1.0000
0.0602	-0.2097	-2.0000
0.2379	-0.2106	-1.0000
0.1914	0.0248	-2.0000
0.0855	-0.1657	-2.0000
-0.1089	0.3288	0.0000
0.0244	0.0723	-3.0000
-0.1416	0.2248	-1.0000
-0.4153	-0.0325	0.0000
0.0646	0.1258	-3.0000
-0.2156	-0.0051	-1.0000
-0.0361	0.1901	-1.0000
-0.0361	-0.4130	0.0000
-0.0627	-0.0368	-3.0000
-0.1271	-0.1391	-1.0000
-0.0288	-0.0724	-3.0000
0.2608	0.0879	-1.0000
0.3977	-0.1868	0.0000
-0.0024	0.0576	-3.0000
-0.1732	-0.2331	-1.0000
0.0984	0.0592	-3.0000
-0.0666	-0.0688	-3.0000
0.2885	-0.0111	-1.0000
0.1282	0.3628	0.0000
-0.2035	-0.2760	0.0000
-0.2831	0.2899	0.0000
0.0540	0.1865	-2.0000
-0.1969	0.1305	-1.0000
-0.0475	-0.0168	-3.0000
-0.2203	0.1215	-2.0000
0.0190	0.0666	-3.0000
0.1135	-0.3803	0.0000
-0.0924	-0.1060	-3.0000
0.0777	-0.1160	-3.0000
-0.0292	-0.3345	-1.0000
0.1234	-0.1545	-2.0000
0.1150	0.1313	-2.0000
0.1486	0.2140	0.0000
0.0170	0.2200	-2.0000
-0.1270	0.0720	-3.0000
-0.2906	-0.0856	-1.0000
0.3299	-0.3812	0.0000
0.2262	0.1322	-2.0000
0.0816	0.0550	-3.0000
-0.0638	-0.1722	-3.0000
0.3081	-0.3431	0.0000
-0.1279	0.0335	-2.0000
0.3677	0.0592	0.0000
0.4133	0.1724	0.0000
0.0406	-0.0096	-3.0000
-0.1714	-0.0914	-2.0000
-0.0019	-0.1795	-2.0000
-0.1559	-0.0878	-1.0000
0.0263	-0.0346	-3.0000
0.1269	-0.2968	-1.0000
-0.0201	-0.0636	-3.0000
-0.1931	-0.0331	-1.0000
-0.0043	-0.1088	-2.0000
0.0085	0.0427	-3.0000
-0.0090	0.0983	-3.0000
0.0565	0.0019	-3.0000
0.0060	-0.0369	-3.0000
0.0387	0.1209	-3.0000
-0.2631	0.2679	-1.0000
0.4104	-0.1978	0.0000
-0.1600	-0.2145	-2.0000
0.0086	0.0584	-3.0000
-0.3683	-0.2339	0.0000
-0.0221	0.0125	0.0000
0.0073	0.2062	-2.0000
-0.0850	0.1696	0.0000
0.3538	-0.2037	0.0000
0.1296	-0.2030	-1.0000
-0.2621	-0.1448	-1.0000
-0.2286	0.0780	-2.0000
0.1739	0.2744	-1.0000
0.2200	0.0080	-1.0000
-0.0112	0.0891	0.0000
-0.0450	0.0475	-2.0000
0.0068	-0.1570	-3.0000
-0.2604	-0.0165	0.0000
0.3096	-0.1996	-1.0000
0.1197	0.1186	-2.0000
-0.1562	0.0702	0.0000
0.0216	0.0012	-3.0000
-0.0042	0.1531	-2.0000
-0.0304	0.1946	-2.0000
-0.1792	-0.1494	-1.0000
-0.0213	-0.0863	-3.0000
0.1430	-0.2616	-1.0000
0.1394	-0.2440	-2.0000
0.1535	0.1046	-3.0000
-0.1176	0.0701	0.0000
0.1137	0.2518	-1.0000
-0.0095	-0.2804	-2.0000
-0.1017	-0.1930	-2.0000
0.1194	-0.1803	-1.0000
-0.0753	0.1570	0.0000
-0.0773	-0.1807	0.0000
-0.0610	-0.1103	-2.0000
0.0614	-0.3181	-1.0000
-0.2377	-0.0203	-2.0000
-0.0182	-0.0311	-2.0000
-0.0668	-0.2871	-1.0000
0.1880	0.1934	-2.0000
-0.3259	0.3175	0.0000
-0.0749	0.0117	-3.0000
-0.0386	0.2326	-1.0000
0.0783	0.0883	-3.0000
-0.0193	-0.0272	0.0000
0.0397	0.0110	-3.0000
0.1744	-0.0128	-3.0000
0.0176	-0.0992	-3.0000
-0.1629	0.1396	-1.0000
0.2310	0.4133	0.0000
0.0061	-0.2124	-1.0000
-0.0599	0.0949	-2.0000
-0.1814	-0.2223	-1.0000
0.0042	0.1442	-2.0000
0.1432	-0.2340	-2.0000
0.1513	-0.0381	-2.0000
0.2172	-0.2129	0.0000
0.2128	-0.1964	-1.0000
-0.2556	-0.2613	-1.0000
-0.0401	-0.0443	-3.0000
-0.1934	-0.0129	-1.0000
0.0777	0.2209	-2.0000
-0.0578	0.2524	-1.0000
0.0334	-0.0654	-3.0000
0.1887	0.1064	0.0000
0.0721	-0.4007	0.0000
0.1069	-0.1408	-3.0000
0.0521	0.0737	-2.0000
-0.2218	0.0373	-2.0000
0.2150	-0.0123	-1.0000
0.2346	0.0464	-2.0000
-0.0336	0.0344	-1.0000
-0.0621	0.0466	0.0000
-0.2257	0.1390	-1.0000
-0.2120	-0.0928	-2.0000
0.3243	0.0907	0.0000
0.0401	0.1021	-1.0000
-0.2171	-0.1312	-2.0000
-0.2902	-0.2467	0.0000
0.0509	-0.2137	-2.0000
-0.1021	-0.2306	-2.0000
-0.2675	-0.1607	-1.0000
0.1695	-0.2652	-1.0000
0.1419	0.0017	-2.0000
-0.3144	0.0344	-1.0000
0.0684	-0.2226	-2.0000
0.0360	-0.2177	-2.0000
-0.2770	-0.1917	-1.0000
0.2599	0.1089	-1.0000
0.1890	-0.1602	-2.0000
0.3324	-0.2349	-1.0000
-0.0685	-0.2830	-2.0000
0.0123	0.0146	-3.0000
0.0465	-0.0093	-2.0000
-0.1904	0.0488	-3.0000
-0.0133	-0.0713	-3.0000
-0.0182	-0.0211	-3.0000
0.0462	0.3783	0.0000
0.1601	0.0231	-2.0000
0.2649	-0.2252	-1.0000
-0.0408	0.1426	-1.0000
-0.1271	0.0194	-2.0000
0.0892	-0.0304	-2.0000
-0.2345	-0.4089	0.0000
-0.1489	-0.0831	-3.0000
-0.0843	0.0908	-3.0000
0.0111	0.1314	-3.0000
-0.2291	0.0163	-2.0000
-0.0809	0.1050	-3.0000
0.1346	0.0133	-2.0000
-0.1315	0.0704	-2.0000
0.3901	-0.0863	0.0000
0.0486	0.1079	-3.0000
0.0139	0.2059	-2.0000
-0.0922	-0.2287	-1.0000
-0.1256	-0.1229	-3.0000
-0.3993	0.1598	0.0000
0.0860	0.1374	-3.0000
-0.3720	0.1627	0.0000
-0.0416	-0.4363	0.0000
0.3530	-0.1454	0.0000
-0.2001	0.2669	0.0000
-0.2132	0.1734	-2.0000
0.1117	0.0608	-2.0000
-0.1507	0.1643	-1.0000
-0.0701	-0.2964	-1.0000
-0.0682	-0.1019	-3.0000
0.1138	-0.0107	-3.0000
-0.2867	-0.1795	0.0000
0.1992	0.2510	-1.0000
-0.2803	0.1467	0.0000
0.1549	-0.0140	-3.0000
-0.1433	-0.2754	-1.0000
-0.0880	-0.2923	-2.0000
0.0302	-0.0098	-3.0000
0.1885	-0.1680	-2.0000
0.0864	0.0539	0.0000
-0.1188	-0.0152	-2.0000
-0.0942	-0.2507	-2.0000
-0.0427	0.0547	-3.0000
0.1977	0.0910	-2.0000
0.0993	0.0246	-3.0000
-0.1142	0.2297	-1.0000
-0.2414	0.0115	-2.0000
-0.1315	0.2318	-2.0000
-0.3057	-0.0144	0.0000
0.0157	0.1095	-3.0000
-0.3077	0.0667	-1.0000
-0.2808	0.1018	-1.0000
0.2211	0.2115	-1.0000
-0.0311	-0.0534	-3.0000
-0.0368	-0.1719	-2.0000
-0.3934	0.1004	0.0000
0.1163	0.3322	0.0000
0.0301	0.0193	-3.0000
0.2465	-0.1533	-2.0000
-0.0643	-0.3075	0.0000
0.0478	0.0698	-3.0000
0.0622	0.1759	0.0000
0.0124	0.2033	0.0000
0.3017	-0.3695	0.0000
-0.0440	0.2073	-2.0000
0.2553	-0.1200	-2.0000
0.2204	0.0309	-2.0000
0.0363	0.0512	-3.0000
-0.2745	-0.1318	-2.0000
0.2847	-0.1348	0.0000
-0.1386	0.0646	-2.0000
-0.0816	0.3464	0.0000
0.0645	0.0835	-3.0000
-0.2192	0.0516	-2.0000
0.0464	0.2895	-1.0000
-0.1320	-0.1791	-2.0000
0.0918	0.0934	-3.0000
-0.3516	-0.2634	0.0000
-0.2368	0.2001	-2.0000
-0.2776	-0.2701	-1.0000
-0.1566	0.0106	0.0000
0.1640	0.2102	-1.0000
0.1299	0.1197	-1.0000
-0.2522	0.0060	-2.0000
-0.2263	-0.0448	-2.0000
-0.0154	0.0496	-1.0000
0.1501	0.0715	-3.0000
-0.0837	-0.1670	0.0000
-0.0951	0.2570	-1.0000
-0.1014	0.2707	-1.0000
-0.1097	-0.1721	-2.0000
-0.2388	-0.1040	-2.0000
0.1036	0.0064	-1.0000
-0.1878	-0.0907	-2.0000
-0.2436	-0.0494	0.0000
0.0095	-0.0586	-3.0000
0.0591	-0.0620	-3.0000
0.1495	-0.1272	-2.0000
0.1615	-0.0364	-1.0000
-0.0438	-0.2768	-2.0000
-0.0900	-0.1969	-2.0000
0.0389	-0.1655	-2.0000
-0.0902	0.2016	-1.0000
-0.0426	0.0626	-3.0000
-0.1570	-0.2907	-1.0000
-0.1127	0.0128	-3.0000
-0.3816	-0.1084	0.0000
0.2856	-0.1085	-1.0000
0.2566	-0.1886	0.0000
-0.1462	0.1418	-2.0000
0.1322	0.0247	-2.0000
0.1013	0.2707	-1.0000
0.2208	-0.3668	0.0000
0.1183	0.1138	-1.0000
-0.1072	-0.0070	-2.0000
-0.2650	-0.2034	-1.0000
-0.2469	-0.0423	-1.0000
0.0141	0.1152	-3.0000
-0.1343	0.2267	0.0000
-0.1664	-0.1361	-2.0000
-0.1781	0.2278	-1.0000
-0.3206	0.0229	0.0000
0.0151	0.0894	-3.0000
0.0402	0.0446	-3.0000
0.0061	0.2750	0.0000
0.2978	0.1324	-1.0000
-0.2762	0.2309	-1.0000
0.0699	0.0094	-3.0000
-0.0036	0.0622	0.0000
0.3487	-0.2251	0.0000
-0.1489	0.1892	-1.0000
-0.2327	0.0403	-1.0000
-0.2967	0.1440	-1.0000
0.2275	0.1901	-1.0000
-0.0401	0.1505	-2.0000
0.0374	0.0518	-2.0000
0.0255	0.2107	-2.0000
0.0568	-0.2985	0.0000
-0.0216	0.0586	-3.0000
0.1744	-0.0268	-1.0000
-0.1742	0.0008	-1.0000
-0.1973	-0.1911	0.0000
0.1776	0.1506	-2.0000
0.2563	-0.0166	-2.0000
0.1612	-0.2347	-2.0000
-0.1857	-0.0596	-1.0000
0.0826	0.2007	-2.0000
0.0552	-0.1017	-3.0000
-0.1104	0.2531	0.0000
0.2642	-0.2044	-1.0000
0.0279	-0.3327	0.0000
0.2423	0.1574	-2.0000
-0.0156	0.2941	-1.0000
-0.0006	0.0561	-1.0000
0.1211	-0.1177	-2.0000
-0.0013	0.0126	-3.0000
0.1753	-0.0005	-2.0000
-0.3176	-0.1639	-1.0000
-0.0685	-0.0393	-3.0000
0.1716	0.0087	-3.0000
0.1346	0.0373	0.0000
0.1015	-0.3156	-1.0000
0.0091	0.0125	0.0000
0.0402	-0.1143	-3.0000
-0.0490	0.1032	-2.0000
-0.3186	0.2007	0.0000
0.4069	-0.0720	0.0000
-0.0505	-0.3397	0.0000
0.2598	0.3028	0.0000
0.2865	-0.1671	-1.0000
0.0725	0.0693	-2.0000
-0.1558	0.2375	0.0000
-0.2410	-0.3221	0.0000
-0.1816	0.2962	-1.0000
0.2604	-0.1758	-1.0000
-0.1410	-0.1082	-3.0000
-0.2457	-0.3147	-1.0000
0.0677	0.0968	-3.0000
0.3294	0.1119	0.0000
-0.2296	-0.2013	0.0000
0.2075	0.0651	0.0000
0.2558	-0.1689	0.0000
0.2011	-0.1397	-2.0000
-0.0195	0.0213	-3.0000
-0.0665	-0.0457	-1.0000
0.0440	-0.1464	0.0000
0.2069	0.2921	0.0000
-0.1234	0.0924	-1.0000
0.3041	-0.0430	-1.0000
0.1960	0.2018	-1.0000
-0.1312	0.0338	-3.0000
0.0077	-0.1006	-1.0000
-0.2188	-0.3186	-1.0000
-0.1345	-0.2365	0.0000
0.0568	-0.0303	-3.0000
0.0321	-0.2586	-2.0000
-0.0213	-0.2797	-2.0000
-0.0708	0.0859	-3.0000
-0.3881	-0.1860	0.0000
0.2121	0.2450	0.0000
-0.1937	-0.0976	-2.0000
0.0884	0.0552	-3.0000
0.1643	0.0831	-3.0000
0.0645	0.0451	-3.0000
-0.0117	-0.2565	-2.0000
0.0456	0.0404	-3.0000
-0.1697	0.1417	-2.0000
0.1271	-0.2692	-1.0000
0.0573	-0.2190	-1.0000
0.1049	-0.2066	-2.0000
-0.0258	-0.2459	-2.0000
0.2243	-0.2606	0.0000
0.0865	0.1011	-2.0000
0.0056	0.0299	-3.0000
0.0168	0.1795	-1.0000
-0.0562	-0.1478	-3.0000
-0.1011	-0.0544	-2.0000
0.0116	-0.2840	-2.0000
-0.3800	0.0621	0.0000
0.0132	0.1600	-2.0000
0.3423	0.1687	0.0000
-0.0947	-0.1069	0.0000
0.2329	-0.1696	-1.0000
0.0604	0.1837	-1.0000
0.0453	0.0818	-3.0000
-0.1990	-0.3189	0.0000
-0.0448	-0.0382	-3.0000
-0.0096	0.1614	-2.0000
0.1790	-0.3211	-1.0000
0.0497	0.0689	-3.0000
0.0531	0.0589	-1.0000
-0.2028	-0.0745	-2.0000
-0.2531	0.3186	0.0000
0.1506	-0.2853	-1.0000
-0.0882	-0.0658	-3.0000
-0.3154	0.2824	0.0000
0.1434	0.2342	-1.0000
0.0830	0.0379	-3.0000
0.1990	0.0968	-2.0000
0.2542	-0.3008	0.0000
-0.2091	0.3530	0.0000
-0.1520	-0.2048	0.0000
0.0762	0.0699	-3.0000
-0.3004	0.0553	-1.0000
-0.0378	-0.0454	0.0000
0.1645	0.1034	-2.0000
-0.0373	0.0629	-2.0000
-0.3406	-0.2029	0.0000
0.2150	0.0450	-1.0000
-0.1578	-0.2123	-2.0000
0.2509	-0.1686	-1.0000
-0.1713	-0.2663	-1.0000
0.0123	-0.1067	-2.0000
0.1246	-0.1322	0.0000
-0.2000	0.2005	-1.0000
-0.1461	-0.3111	-1.0000
0.2508	-0.1999	-1.0000
-0.0526	0.2828	-1.0000
0.0801	0.0844	-3.0000
0.0625	0.0570	-3.0000
0.1492	0.0979	-1.0000
0.0837	-0.0595	-1.0000
0.0059	-0.0846	-3.0000
0.1040	-0.1998	-2.0000
-0.3416	-0.1293	0.0000
0.1580	-0.0046	-2.0000
-0.0645	-0.0644	0.0000
-0.3542	-0.0052	0.0000
-0.0638	-0.4141	0.0000
0.2218	-0.2136	-1.0000
0.0542	-0.2511	-2.0000
0.0435	0.1475	-1.0000
0.0086	0.0307	-3.0000
0.0088	0.0760	-3.0000
0.0748	-0.1415	-3.0000
-0.1909	-0.1687	-2.0000
0.0043	0.0018	-3.0000
0.0102	-0.1501	-3.0000
0.2442	0.2846	0.0000
0.3199	-0.0254	0.0000
0.3462	-0.0191	0.0000
0.0360	-0.2470	-1.0000
0.0170	-0.1577	-3.0000
-0.0222	0.0799	-3.0000
-0.0108	-0.0559	-3.0000
-0.1153	0.1156	-3.0000
0.0208	0.0638	-3.0000
-0.0091	0.0342	-3.0000
-0.0151	-0.0394	-3.0000
-0.0043	0.0143	-3.0000
0.2166	-0.3783	0.0000
-0.1360	-0.0040	-1.0000
0.3054	-0.3173	0.0000
0.0518	0.0953	-3.0000
-0.3190	-0.0788	-1.0000
-0.2258	-0.1690	-1.0000
-0.1624	-0.0663	-3.0000
-0.0251	0.2471	-2.0000
0.1177	-0.2963	0.0000
-0.1112	-0.2303	-2.0000
0.0075	-0.1273	-2.0000
0.1096	0.1848	-1.0000
-0.1341	-0.0295	-3.0000
0.0932	0.1652	-1.0000
0.1215	-0.1314	-3.0000
0.2454	0.1749	-1.0000
0.0046	-0.1769	-3.0000
-0.1804	-0.0872	-2.0000
0.1873	-0.1514	-1.0000
0.1009	-0.2324	-2.0000
0.1492	-0.0104	0.0000
-0.0140	0.0463	-3.0000
0.1481	0.0245	-3.0000
-0.0884	-0.0671	-1.0000
0.3387	0.3428	0.0000
0.0031	0.0122	-1.0000
0.1960	-0.0009	-3.0000
0.1471	0.1088	-3.0000
0.0076	-0.0470	-3.0000
0.0888	0.0372	-1.0000
-0.4054	-0.0525	0.0000
0.2685	0.0538	-1.0000
0.1213	0.3271	0.0000
0.1964	-0.0497	-2.0000
0.0522	0.1388	-3.0000
-0.0659	-0.1924	-2.0000
-0.1451	-0.3088	0.0000
-0.2796	0.1349	-1.0000
0.2489	-0.0583	-1.0000
0.2026	0.2375	-1.0000
0.3170	-0.3507	0.0000
-0.1828	0.2387	-1.0000
0.0244	0.0178	-3.0000
0.1006	0.1767	-2.0000
-0.0016	-0.1440	-1.0000
0.2804	-0.0478	0.0000
-0.1156	0.0208	-3.0000
0.0419	0.1846	-3.0000
0.0894	0.2500	-1.0000
0.0306	-0.3248	-1.0000
0.2481	0.0725	-1.0000
0.1801	-0.1135	-1.0000
0.2680	-0.3197	0.0000
-0.0098	0.0110	-1.0000
0.2556	0.1572	0.0000
-0.1177	-0.1038	-2.0000
0.0493	0.1378	-3.0000
0.1816	0.0030	-3.0000
0.1207	-0.0489	0.0000
0.0779	0.0824	-1.0000
0.2279	-0.0730	-2.0000
-0.1987	-0.0491	-2.0000
-0.4100	0.0231	0.0000
0.2785	0.0391	-1.0000
0.0463	-0.1086	-3.0000
0.0964	0.1677	-3.0000
0.1728	-0.0929	-1.0000
-0.0337	-0.0755	-3.0000
0.0293	0.0926	-3.0000
0.1886	0.0762	-2.0000
0.0049	-0.1797	-1.0000
0.1830	-0.0663	0.0000
0.1302	0.0509	-1.0000
-0.1229	-0.0803	-2.0000
0.1431	0.0151	-2.0000
0.0160	0.2063	-1.0000
-0.2634	0.2823	0.0000
0.2691	0.2472	0.0000
-0.1157	-0.0886	-3.0000
-0.0402	0.2024	-1.0000
-0.0796	-0.1193	0.0000
-0.0241	0.1086	-2.0000
0.0717	0.0596	-3.0000
0.1030	0.0369	-3.0000
0.2593	-0.0381	-1.0000
0.0343	-0.0615	-3.0000
-0.1414	0.3303	0.0000
-0.1522	0.0014	-3.0000
0.2923	-0.0127	0.0000
-0.2247	0.0127	-2.0000
0.0610	0.0649	-3.0000
-0.0817	0.1325	0.0000
-0.1248	0.2009	0.0000
-0.0632	0.0173	-1.0000
-0.1768	-0.1191	-2.0000
-0.2002	0.0938	0.0000
0.0434	0.3142	-1.0000
-0.0936	-0.0319	-3.0000
0.0548	0.0247	-3.0000
0.3588	-0.1109	0.0000
-0.2899	0.2906	0.0000
0.0531	0.2087	-2.0000
-0.1869	-0.3824	0.0000
0.0216	0.0629	0.0000
0.0521	-0.1145	-2.0000
-0.0562	-0.1509	-1.0000
0.1383	0.1499	-1.0000
-0.0753	-0.3106	-1.0000
-0.0456	-0.1953	-2.0000
0.2572	0.3369	0.0000
-0.1697	0.0615	-2.0000
0.3159	-0.2493	-1.0000
0.1776	0.1204	-2.0000
-0.2336	-0.0603	-2.0000
0.1855	-0.2331	-1.0000
0.0457	-0.3381	-1.0000
0.0596	0.2487	-2.0000
-0.0536	-0.0481	-3.0000
-0.1441	-0.2156	-2.0000
0.2095	-0.0807	-2.0000
-0.2403	-0.2367	0.0000
0.2039	-0.0570	-2.0000
0.2424	0.0834	-1.0000
-0.0153	0.0866	0.0000
-0.3163	-0.2894	0.0000
0.0439	0.3161	-1.0000
0.1008	-0.1057	-2.0000
-0.0217	0.1709	-2.0000
0.0337	-0.1411	-2.0000
-0.1264	0.0597	-1.0000
-0.1362	-0.0231	-2.0000
0.3234	-0.1546	0.0000
0.0457	-0.2360	-2.0000
-0.1274	0.1205	-1.0000
0.0270	-0.0427	-3.0000
0.2303	-0.0040	-2.0000
-0.2467	0.2950	-1.0000
-0.3791	-0.0884	0.0000
0.1274	-0.0257	-1.0000
0.1491	0.0792	0.0000
0.1380	-0.0272	-3.0000
0.2217	0.1508	-2.0000
-0.3273	-0.2090	-1.0000
-0.0151	-0.0382	-3.0000
-0.2627	0.3007	0.0000
0.1774	0.2565	-1.0000
-0.0098	-0.0198	-2.0000
0.1236	0.0382	-2.0000
0.2882	-0.2222	-1.0000
0.2385	0.0187	-2.0000
0.2447	0.0001	-2.0000
0.0460	-0.2292	-2.0000
-0.1437	-0.3383	0.0000
-0.0071	-0.2032	-1.0000
-0.1494	-0.1247	0.0000
0.0964	0.0042	-3.0000
0.0281	0.1378	-3.0000
0.0046	-0.1116	-2.0000
-0.0330	0.1078	-3.0000
-0.1141	-0.3797	0.0000
0.1481	-0.1879	-2.0000
-0.0932	-0.0993	-2.0000
-0.2178	-0.1255	-2.0000
0.3699	-0.1881	0.0000
-0.3669	-0.0655	0.0000
-0.2996	0.1887	-1.0000
0.0028	-0.1047	-3.0000
-0.1878	0.3227	-1.0000
0.1288	0.0050	-2.0000
-0.1388	-0.3178	0.0000
-0.1901	0.0031	0.0000
-0.0038	0.1461	-2.0000
0.1084	-0.2883	-1.0000
-0.0359	-0.0676	-3.0000
0.3119	0.2110	0.0000
0.0689	-0.0320	-3.0000
0.0668	0.2695	-1.0000
-0.0601	0.1161	0.0000
-0.0107	-0.2830	-1.0000
-0.0076	0.3059	-1.0000
-0.2873	0.2492	0.0000
0.0306	-0.0763	-3.0000
0.0381	-0.0310	-3.0000
-0.2565	0.0209	-1.0000
-0.2103	-0.2811	0.0000
-0.0218	-0.1858	-3.0000
-0.2036	0.0373	-1.0000
-0.0452	0.2037	-1.0000
0.1430	0.0550	-3.0000
-0.1486	-0.0091	-2.0000
0.0612	-0.0195	-3.0000
0.0324	0.0723	-3.0000
0.1221	0.1273	-1.0000
-0.2339	0.0768	-2.0000
0.2407	0.0608	0.0000
-0.0992	-0.3488	-1.0000
0.0467	-0.1520	-3.0000
-0.1126	-0.0461	-3.0000
0.0588	0.0484	-3.0000
0.2529	0.3781	0.0000
-0.0096	-0.2656	-2.0000
0.0772	0.1081	-3.0000
0.0873	-0.2780	-1.0000
-0.1951	0.3715	0.0000
0.0439	0.3613	0.0000
0.0362	-0.2333	-2.0000
0.2495	-0.0954	-2.0000
-0.2428	-0.1994	-1.0000
0.4296	0.1874	0.0000
0.0249	0.1128	0.0000
0.3415	0.1467	0.0000
0.1759	-0.0048	-2.0000
-0.3209	0.1418	-1.0000
0.0690	-0.0435	-3.0000
0.0722	0.1406	-2.0000
0.1642	0.1699	-2.0000
-0.0452	-0.0418	-3.0000
0.0977	-0.0130	-3.0000
-0.3009	-0.0580	-1.0000
0.0583	0.0409	-3.0000
0.1834	-0.2994	-1.0000
-0.2408	-0.0754	-2.0000
0.0448	0.0482	-3.0000
0.1074	-0.1230	-3.0000
0.0927	0.1908	-1.0000
-0.0281	-0.1112	-1.0000
-0.0043	-0.1061	-3.0000
0.0712	0.0733	-3.0000
-0.2963	-0.0762	-1.0000
0.0069	-0.0058	-1.0000
0.1277	-0.2690	-1.0000
-0.1274	-0.1573	-3.0000
-0.0681	-0.1357	-1.0000
-0.0787	-0.1527	-1.0000
-0.2212	-0.1903	0.0000
-0.3479	-0.1957	0.0000
0.0069	0.2123	-2.0000
0.0612	0.2946	-1.0000
0.2200	-0.1519	-2.0000
0.0093	-0.1888	-1.0000
-0.1008	-0.2183	-2.0000
0.3635	-0.2476	0.0000
0.0406	0.0283	-3.0000
0.0354	-0.0344	-3.0000
-0.0534	-0.0582	-3.0000
0.2810	0.1786	-1.0000
-0.3209	-0.2144	0.0000
0.2640	-0.2012	0.0000
0.0576	-0.0109	-3.0000
0.0872	-0.1466	-2.0000
0.1465	0.1246	-2.0000
-0.3397	0.2320	0.0000
0.0381	-0.1046	-3.0000
-0.2398	-0.0016	-2.0000
0.3514	-0.3206	0.0000
0.1447	-0.0267	-3.0000
-0.3606	-0.2276	0.0000
0.0111	-0.1038	-3.0000
0.0100	-0.3182	-1.0000
-0.2908	0.3713	0.0000
-0.2261	0.3192	0.0000
-0.1993	-0.2678	-1.0000
0.1355	0.0922	-3.0000
-0.3630	0.2785	0.0000
0.0513	0.2501	-1.0000
0.2631	-0.1905	-1.0000
-0.0977	-0.0104	-2.0000
0.3630	0.3157	0.0000
0.0622	0.0864	-2.0000
-0.1044	-0.2698	-2.0000
-0.3495	-0.0649	-1.0000
0.0888	-0.1886	-1.0000
0.1208	-0.2489	-2.0000
-0.2915	0.2565	-1.0000
-0.0091	0.0599	-2.0000
0.2438	0.0851	-1.0000
0.0183	0.0755	-3.0000
-0.0213	0.2151	-1.0000
0.1542	0.0171	-2.0000
-0.0968	0.0217	-3.0000
-0.1795	0.1958	-2.0000
-0.1015	-0.0398	-2.0000
-0.1525	0.1206	-1.0000
-0.2559	0.1693	-2.0000
0.2207	0.0499	-2.0000
0.1433	-0.1603	0.0000
-0.3039	0.1807	-1.0000
0.2298	-0.2676	0.0000
0.2119	-0.0554	-2.0000
0.0668	-0.0053	-3.0000
-0.0894	0.1362	-1.0000
-0.1391	0.0111	-3.0000
-0.0156	-0.1575	-3.0000
0.1771	-0.0426	-3.0000
0.1859	0.0451	-2.0000
-0.2434	0.2369	-1.0000
-0.0163	0.0845	-3.0000
0.0391	0.1245	-3.0000
-0.2665	0.2307	-1.0000
0.1342	0.0613	-3.0000
0.0802	0.0918	-1.0000
-0.3057	-0.0919	-1.0000
-0.0011	-0.0306	-3.0000
0.0875	-0.1662	-2.0000
0.1735	-0.1125	-2.0000
-0.0577	-0.0342	0.0000
0.0952	0.1965	-2.0000
0.0274	0.3018	-1.0000
0.1642	-0.1877	0.0000
0.0242	-0.0446	-3.0000
-0.0376	-0.0789	0.0000
0.1844	0.2225	-1.0000
0.1935	-0.0721	-2.0000
-0.0214	-0.1151	-3.0000
0.0317	-0.0396	-2.0000
0.3589	-0.3539	0.0000
0.0262	0.0001	-3.0000
0.0323	-0.3368	0.0000
-0.2346	-0.3581	0.0000
-0.0834	0.1162	-1.0000
0.2541	-0.1420	-1.0000
-0.0835	-0.2256	-2.0000
-0.0938	0.2663	0.0000
-0.2920	-0.2972	0.0000
0.2916	-0.2706	0.0000
0.0713	0.1147	-3.0000
