1.5757	0.0371	0.0000
1.5656	0.0371	0.0000
1.5530	0.0371	0.0000
1.5353	0.0371	0.0000
1.5151	0.0371	-1.0000
1.4898	0.0371	-1.0000
1.4570	0.0371	-1.0000
1.4141	0.0371	-1.0000
1.3636	0.0371	-1.0000
1.2979	0.0371	-1.0000
1.2120	0.0371	0.0000
1.1110	0.0371	0.0000
0.9848	0.0371	0.0000
0.8080	0.0371	0.0000
1.2671	-0.1947	0.0000
1.2606	-0.1947	0.0000
1.2520	-0.1947	0.0000
1.2419	-0.1947	0.0000
1.2293	-0.1947	-1.0000
1.2116	-0.1947	-1.0000
1.1914	-0.1947	-1.0000
1.1661	-0.1947	-2.0000
1.1333	-0.1947	-1.0000
1.0904	-0.1947	-1.0000
1.0399	-0.1947	-1.0000
0.9742	-0.1947	0.0000
0.8884	-0.1947	0.0000
0.7873	-0.1947	0.0000
0.6611	-0.1947	0.0000
0.9560	-0.4263	0.0000
0.9535	-0.4263	0.0000
0.9502	-0.4263	0.0000
0.9459	-0.4263	0.0000
0.9409	-0.4263	-1.0000
0.9343	-0.4263	-1.0000
0.9257	-0.4263	-1.0000
0.9156	-0.4263	-2.0000
0.9030	-0.4263	-2.0000
0.8853	-0.4263	-2.0000
0.8651	-0.4263	-2.0000
0.8399	-0.4263	-2.0000
0.8070	-0.4263	-1.0000
0.7641	-0.4263	-1.0000
0.7136	-0.4263	-1.0000
0.6479	-0.4263	0.0000
0.5621	-0.4263	0.0000
0.4611	-0.4263	0.0000
0.3348	-0.4263	0.0000
0.7935	-0.5400	0.0000
0.7910	-0.5400	0.0000
0.7877	-0.5400	0.0000
0.7834	-0.5400	0.0000
0.7784	-0.5400	-1.0000
0.7718	-0.5400	-1.0000
0.7632	-0.5400	-1.0000
0.7531	-0.5400	-2.0000
0.7405	-0.5400	-2.0000
0.7228	-0.5400	-2.0000
0.7026	-0.5400	-2.0000
0.6773	-0.5400	-1.0000
0.6445	-0.5400	-1.0000
0.6016	-0.5400	-1.0000
0.5511	-0.5400	0.0000
0.4854	-0.5400	0.0000
0.3996	-0.5400	0.0000
0.2986	-0.5400	0.0000
1.5510	-0.0156	0.0000
1.5409	-0.0156	0.0000
1.5283	-0.0156	0.0000
1.5106	-0.0156	0.0000
1.4904	-0.0156	-1.0000
1.4652	-0.0156	-1.0000
1.4324	-0.0156	-1.0000
1.3894	-0.0156	-1.0000
1.3389	-0.0156	-1.0000
1.2733	-0.0156	-1.0000
1.1874	-0.0156	0.0000
1.0864	-0.0156	0.0000
0.9601	-0.0156	0.0000
0.7834	-0.0156	0.0000
0.9250	-0.4771	0.0000
0.9207	-0.4771	0.0000
0.9156	-0.4771	0.0000
0.9091	-0.4771	0.0000
0.9005	-0.4771	-1.0000
0.8904	-0.4771	-1.0000
0.8777	-0.4771	-1.0000
0.8601	-0.4771	-2.0000
0.8399	-0.4771	-2.0000
0.8146	-0.4771	-2.0000
0.7818	-0.4771	-1.0000
0.7389	-0.4771	-1.0000
0.6884	-0.4771	-1.0000
0.6227	-0.4771	0.0000
0.5368	-0.4771	0.0000
0.4358	-0.4771	0.0000
0.3096	-0.4771	0.0000
1.5456	-0.0653	0.0000
1.5406	-0.0653	0.0000
1.5340	-0.0653	0.0000
1.5254	-0.0653	0.0000
1.5153	-0.0653	-1.0000
1.5027	-0.0653	-1.0000
1.4850	-0.0653	-1.0000
1.4648	-0.0653	-2.0000
1.4396	-0.0653	-1.0000
1.4067	-0.0653	-1.0000
1.3638	-0.0653	-1.0000
1.3133	-0.0653	0.0000
1.2476	-0.0653	0.0000
1.1618	-0.0653	0.0000
1.0608	-0.0653	0.0000
1.2214	-0.2954	0.0000
1.2164	-0.2954	0.0000
1.2098	-0.2954	0.0000
1.2012	-0.2954	0.0000
1.1911	-0.2954	-1.0000
1.1785	-0.2954	-1.0000
1.1608	-0.2954	-1.0000
1.1406	-0.2954	-2.0000
1.1154	-0.2954	-1.0000
1.0825	-0.2954	-1.0000
1.0396	-0.2954	-1.0000
0.9891	-0.2954	0.0000
0.9234	-0.2954	0.0000
0.8376	-0.2954	0.0000
0.7366	-0.2954	0.0000
0.8986	-0.5243	0.0000
0.8943	-0.5243	0.0000
0.8892	-0.5243	0.0000
0.8827	-0.5243	0.0000
0.8741	-0.5243	-1.0000
0.8640	-0.5243	-1.0000
0.8513	-0.5243	-1.0000
0.8337	-0.5243	-2.0000
0.8135	-0.5243	-1.0000
0.7882	-0.5243	-1.0000
0.7554	-0.5243	-1.0000
0.7125	-0.5243	0.0000
0.6620	-0.5243	0.0000
0.5963	-0.5243	0.0000
0.5104	-0.5243	0.0000
0.7354	-0.6361	0.0000
0.7311	-0.6361	0.0000
0.7260	-0.6361	0.0000
0.7195	-0.6361	0.0000
0.7109	-0.6361	-1.0000
0.7008	-0.6361	-1.0000
0.6882	-0.6361	-1.0000
0.6705	-0.6361	-1.0000
0.6503	-0.6361	-1.0000
0.6250	-0.6361	-1.0000
0.5922	-0.6361	0.0000
0.5493	-0.6361	0.0000
0.4988	-0.6361	0.0000
0.4331	-0.6361	0.0000
1.5354	-0.0963	0.0000
1.5322	-0.0963	0.0000
1.5279	-0.0963	0.0000
1.5228	-0.0963	0.0000
1.5163	-0.0963	-1.0000
1.5077	-0.0963	-1.0000
1.4976	-0.0963	-1.0000
1.4849	-0.0963	-2.0000
1.4673	-0.0963	-2.0000
1.4471	-0.0963	-2.0000
1.4218	-0.0963	-2.0000
1.3890	-0.0963	-1.0000
1.3461	-0.0963	-1.0000
1.2956	-0.0963	-1.0000
1.2299	-0.0963	0.0000
1.1440	-0.0963	0.0000
1.0430	-0.0963	0.0000
0.9168	-0.0963	0.0000
0.8835	-0.5534	0.0000
0.8802	-0.5534	0.0000
0.8759	-0.5534	0.0000
0.8708	-0.5534	0.0000
0.8643	-0.5534	-1.0000
0.8557	-0.5534	-1.0000
0.8456	-0.5534	-1.0000
0.8330	-0.5534	-1.0000
0.8153	-0.5534	-1.0000
0.7951	-0.5534	-1.0000
0.7698	-0.5534	0.0000
0.7370	-0.5534	0.0000
0.6941	-0.5534	0.0000
0.6436	-0.5534	0.0000
1.3351	0.1889	0.0000
1.3174	0.1889	0.0000
1.2972	0.1889	0.0000
1.2719	0.1889	0.0000
1.2391	0.1889	-1.0000
1.1962	0.1889	-1.0000
1.1457	0.1889	-1.0000
1.0800	0.1889	-1.0000
0.9942	0.1889	-1.0000
0.8932	0.1889	0.0000
0.7669	0.1889	0.0000
0.5901	0.1889	0.0000
0.3881	0.1889	0.0000
1.0587	-0.0432	-2.0000
1.0544	-0.0432	-2.0000
1.0494	-0.0432	-2.0000
1.0428	-0.0432	-3.0000
1.0342	-0.0432	-3.0000
1.0241	-0.0432	-3.0000
1.0115	-0.0432	-3.0000
0.9938	-0.0432	-3.0000
0.9736	-0.0432	-3.0000
0.9484	-0.0432	-2.0000
0.9155	-0.0432	-2.0000
0.8726	-0.0432	-2.0000
0.8221	-0.0432	-2.0000
0.7564	-0.0432	-1.0000
0.7326	-0.2752	-2.0000
0.7283	-0.2752	-3.0000
0.7232	-0.2752	-3.0000
0.7167	-0.2752	-3.0000
0.7081	-0.2752	-3.0000
0.6980	-0.2752	-3.0000
0.6854	-0.2752	-3.0000
0.6677	-0.2752	-3.0000
0.6475	-0.2752	-2.0000
0.6222	-0.2752	-2.0000
0.5894	-0.2752	-2.0000
0.5465	-0.2752	-2.0000
0.4960	-0.2752	-1.0000
0.4303	-0.2752	-1.0000
0.5702	-0.3894	-2.0000
0.5659	-0.3894	-2.0000
0.5608	-0.3894	-3.0000
0.5543	-0.3894	-3.0000
0.5457	-0.3894	-3.0000
0.5356	-0.3894	-3.0000
0.5230	-0.3894	-3.0000
0.5053	-0.3894	-2.0000
0.4851	-0.3894	-2.0000
0.4598	-0.3894	-2.0000
0.4270	-0.3894	-2.0000
0.3841	-0.3894	-1.0000
0.3336	-0.3894	-1.0000
0.2679	-0.3894	-1.0000
1.3460	0.1161	0.0000
1.3409	0.1161	0.0000
1.3344	0.1161	0.0000
1.3258	0.1161	0.0000
1.3157	0.1161	-1.0000
1.3030	0.1161	-1.0000
1.2854	0.1161	-1.0000
1.2652	0.1161	-2.0000
1.2399	0.1161	-2.0000
1.2071	0.1161	-2.0000
1.1642	0.1161	-2.0000
1.1137	0.1161	-2.0000
1.0480	0.1161	-1.0000
0.9621	0.1161	-1.0000
0.8611	0.1161	-1.0000
1.0221	-0.1151	-2.0000
1.0170	-0.1151	-2.0000
1.0105	-0.1151	-3.0000
1.0019	-0.1151	-3.0000
0.9918	-0.1151	-3.0000
0.9792	-0.1151	-3.0000
0.9615	-0.1151	-3.0000
0.9413	-0.1151	-2.0000
0.9160	-0.1151	-2.0000
0.8832	-0.1151	-2.0000
0.8403	-0.1151	-2.0000
0.7898	-0.1151	-2.0000
0.7241	-0.1151	-1.0000
0.6998	-0.3457	-2.0000
0.6955	-0.3457	-3.0000
0.6904	-0.3457	-3.0000
0.6839	-0.3457	-3.0000
0.6753	-0.3457	-3.0000
0.6652	-0.3457	-3.0000
0.6526	-0.3457	-3.0000
0.6349	-0.3457	-3.0000
0.6147	-0.3457	-3.0000
0.5894	-0.3457	-2.0000
0.5566	-0.3457	-2.0000
0.5137	-0.3457	-2.0000
0.4632	-0.3457	-1.0000
0.3975	-0.3457	-1.0000
0.5370	-0.4587	-2.0000
0.5327	-0.4587	-3.0000
0.5277	-0.4587	-3.0000
0.5211	-0.4587	-3.0000
0.5125	-0.4587	-3.0000
0.5024	-0.4587	-3.0000
0.4898	-0.4587	-3.0000
0.4721	-0.4587	-2.0000
0.4519	-0.4587	-2.0000
0.4267	-0.4587	-2.0000
0.3938	-0.4587	-2.0000
0.3509	-0.4587	-1.0000
0.3004	-0.4587	-1.0000
0.2348	-0.4587	0.0000
1.3074	0.0481	0.0000
1.3008	0.0481	0.0000
1.2922	0.0481	-1.0000
1.2821	0.0481	-1.0000
1.2695	0.0481	-1.0000
1.2518	0.0481	-2.0000
1.2316	0.0481	-2.0000
1.2063	0.0481	-2.0000
1.1735	0.0481	-2.0000
1.1306	0.0481	-2.0000
1.0801	0.0481	-1.0000
1.0144	0.0481	-1.0000
0.9286	0.0481	-1.0000
0.8276	0.0481	0.0000
0.7013	0.0481	0.0000
0.5245	0.0481	0.0000
0.3225	0.0481	0.0000
0.9881	-0.1819	-2.0000
0.9831	-0.1819	-3.0000
0.9765	-0.1819	-3.0000
0.9679	-0.1819	-3.0000
0.9578	-0.1819	-3.0000
0.9452	-0.1819	-3.0000
0.9275	-0.1819	-3.0000
0.9073	-0.1819	-3.0000
0.8821	-0.1819	-2.0000
0.8492	-0.1819	-2.0000
0.8063	-0.1819	-2.0000
0.7558	-0.1819	-2.0000
0.6901	-0.1819	-1.0000
0.6043	-0.1819	-1.0000
0.6652	-0.4105	-2.0000
0.6609	-0.4105	-3.0000
0.6558	-0.4105	-3.0000
0.6493	-0.4105	-3.0000
0.6407	-0.4105	-3.0000
0.6306	-0.4105	-3.0000
0.6180	-0.4105	-3.0000
0.6003	-0.4105	-3.0000
0.5801	-0.4105	-2.0000
0.5548	-0.4105	-2.0000
0.5220	-0.4105	-2.0000
0.4791	-0.4105	-2.0000
0.4286	-0.4105	-1.0000
0.3629	-0.4105	-1.0000
0.2770	-0.4105	0.0000
0.5052	-0.5219	-2.0000
0.5019	-0.5219	-2.0000
0.4976	-0.5219	-2.0000
0.4926	-0.5219	-3.0000
0.4860	-0.5219	-3.0000
0.4774	-0.5219	-3.0000
0.4673	-0.5219	-3.0000
0.4547	-0.5219	-2.0000
0.4370	-0.5219	-2.0000
0.4168	-0.5219	-2.0000
0.3916	-0.5219	-2.0000
0.3587	-0.5219	-1.0000
0.3158	-0.5219	-1.0000
0.2653	-0.5219	0.0000
0.1996	-0.5219	0.0000
1.2880	0.0118	0.0000
1.2829	0.0118	0.0000
1.2764	0.0118	-1.0000
1.2678	0.0118	-1.0000
1.2577	0.0118	-1.0000
1.2451	0.0118	-2.0000
1.2274	0.0118	-2.0000
1.2072	0.0118	-2.0000
1.1819	0.0118	-2.0000
1.1491	0.0118	-2.0000
1.1062	0.0118	-2.0000
1.0557	0.0118	-1.0000
0.9900	0.0118	-1.0000
0.9041	0.0118	-1.0000
0.8031	0.0118	0.0000
0.6429	-0.4431	-2.0000
0.6396	-0.4431	-2.0000
0.6353	-0.4431	-2.0000
0.6302	-0.4431	-3.0000
0.6237	-0.4431	-3.0000
0.6151	-0.4431	-3.0000
0.6050	-0.4431	-3.0000
0.5924	-0.4431	-2.0000
0.5747	-0.4431	-2.0000
0.5545	-0.4431	-2.0000
0.5292	-0.4431	-2.0000
0.4964	-0.4431	-2.0000
0.4535	-0.4431	-1.0000
0.4030	-0.4431	-1.0000
0.3373	-0.4431	0.0000
1.2423	0.0122	0.0000
1.2398	0.0122	0.0000
1.2365	0.0122	0.0000
1.2322	0.0122	0.0000
1.2271	0.0122	-1.0000
1.2206	0.0122	-1.0000
1.2120	0.0122	-1.0000
1.2019	0.0122	-2.0000
1.1893	0.0122	-2.0000
1.1716	0.0122	-2.0000
1.1514	0.0122	-2.0000
1.1261	0.0122	-3.0000
1.0933	0.0122	-3.0000
1.0504	0.0122	-3.0000
0.9999	0.0122	-2.0000
0.9342	0.0122	-2.0000
0.9156	-0.2104	-2.0000
0.9131	-0.2104	-2.0000
0.9098	-0.2104	-2.0000
0.9055	-0.2104	-2.0000
0.9005	-0.2104	-3.0000
0.8939	-0.2104	-3.0000
0.8853	-0.2104	-3.0000
0.8752	-0.2104	-3.0000
0.8626	-0.2104	-3.0000
0.8449	-0.2104	-3.0000
0.8247	-0.2104	-3.0000
0.7995	-0.2104	-3.0000
0.7666	-0.2104	-3.0000
0.7237	-0.2104	-3.0000
0.6732	-0.2104	-2.0000
0.6075	-0.2104	-2.0000
0.5845	-0.4271	-2.0000
0.5820	-0.4271	-2.0000
0.5787	-0.4271	-2.0000
0.5744	-0.4271	-2.0000
0.5694	-0.4271	-3.0000
0.5628	-0.4271	-3.0000
0.5542	-0.4271	-3.0000
0.5441	-0.4271	-3.0000
0.5315	-0.4271	-3.0000
0.5138	-0.4271	-3.0000
0.4936	-0.4271	-3.0000
0.4683	-0.4271	-3.0000
0.4355	-0.4271	-3.0000
0.3926	-0.4271	-3.0000
0.3421	-0.4271	-2.0000
0.2764	-0.4271	-2.0000
0.4182	-0.5293	0.0000
0.4157	-0.5293	0.0000
0.4124	-0.5293	0.0000
0.4081	-0.5293	0.0000
0.4031	-0.5293	-1.0000
0.3965	-0.5293	-1.0000
0.3879	-0.5293	-1.0000
0.3778	-0.5293	-2.0000
0.3652	-0.5293	-2.0000
0.3475	-0.5293	-1.0000
0.3273	-0.5293	-1.0000
0.3021	-0.5293	-1.0000
0.2692	-0.5293	0.0000
0.2263	-0.5293	0.0000
0.1758	-0.5293	0.0000
0.1101	-0.5293	0.0000
1.1401	0.3402	0.0000
1.1300	0.3402	0.0000
1.1173	0.3402	0.0000
1.0997	0.3402	0.0000
1.0795	0.3402	-1.0000
1.0542	0.3402	-1.0000
1.0214	0.3402	-1.0000
0.9785	0.3402	-1.0000
0.9280	0.3402	-1.0000
0.8623	0.3402	-1.0000
0.7764	0.3402	0.0000
0.6754	0.3402	0.0000
0.5492	0.3402	0.0000
0.3724	0.3402	0.0000
0.8318	0.1078	-2.0000
0.8252	0.1078	-2.0000
0.8166	0.1078	-2.0000
0.8065	0.1078	-3.0000
0.7939	0.1078	-3.0000
0.7762	0.1078	-3.0000
0.7560	0.1078	-3.0000
0.7307	0.1078	-2.0000
0.6979	0.1078	-2.0000
0.6550	0.1078	-2.0000
0.6045	0.1078	-2.0000
0.5388	0.1078	-1.0000
0.4530	0.1078	-1.0000
0.3520	0.1078	-1.0000
0.2257	0.1078	0.0000
0.0489	0.1078	0.0000
0.5058	-0.1248	-3.0000
0.4993	-0.1248	-3.0000
0.4907	-0.1248	-3.0000
0.4806	-0.1248	-3.0000
0.4679	-0.1248	-3.0000
0.4503	-0.1248	-3.0000
0.4301	-0.1248	-2.0000
0.4048	-0.1248	-2.0000
0.3720	-0.1248	-2.0000
0.3290	-0.1248	-2.0000
0.2785	-0.1248	-1.0000
0.2129	-0.1248	-1.0000
0.1270	-0.1248	-1.0000
0.0260	-0.1248	-1.0000
0.3436	-0.2394	-3.0000
0.3370	-0.2394	-3.0000
0.3284	-0.2394	-3.0000
0.3183	-0.2394	-3.0000
0.3057	-0.2394	-3.0000
0.2880	-0.2394	-2.0000
0.2678	-0.2394	-2.0000
0.2426	-0.2394	-2.0000
0.2097	-0.2394	-2.0000
0.1668	-0.2394	-1.0000
0.1163	-0.2394	-1.0000
0.0506	-0.2394	-1.0000
-0.0352	-0.2394	-1.0000
1.1066	0.2383	0.0000
1.0980	0.2383	0.0000
1.0879	0.2383	0.0000
1.0753	0.2383	-1.0000
1.0576	0.2383	-1.0000
1.0374	0.2383	-1.0000
1.0122	0.2383	-2.0000
0.9793	0.2383	-2.0000
0.9364	0.2383	-2.0000
0.8859	0.2383	-2.0000
0.8202	0.2383	-1.0000
0.7344	0.2383	-1.0000
0.6334	0.2383	-1.0000
0.5071	0.2383	0.0000
0.3303	0.2383	0.0000
0.4628	-0.2238	-3.0000
0.4563	-0.2238	-3.0000
0.4477	-0.2238	-3.0000
0.4376	-0.2238	-3.0000
0.4249	-0.2238	-3.0000
0.4073	-0.2238	-3.0000
0.3871	-0.2238	-3.0000
0.3618	-0.2238	-3.0000
0.3290	-0.2238	-2.0000
0.2861	-0.2238	-2.0000
0.2356	-0.2238	-2.0000
0.1699	-0.2238	-1.0000
0.0840	-0.2238	-1.0000
-0.0170	-0.2238	0.0000
-0.1432	-0.2238	0.0000
1.0723	0.1485	0.0000
1.0672	0.1485	0.0000
1.0606	0.1485	0.0000
1.0521	0.1485	0.0000
1.0419	0.1485	-1.0000
1.0293	0.1485	-1.0000
1.0116	0.1485	-1.0000
0.9914	0.1485	-2.0000
0.9662	0.1485	-2.0000
0.9334	0.1485	-2.0000
0.8904	0.1485	-2.0000
0.8399	0.1485	-2.0000
0.7743	0.1485	-1.0000
0.7478	-0.0808	-3.0000
0.7427	-0.0808	-3.0000
0.7361	-0.0808	-3.0000
0.7276	-0.0808	-3.0000
0.7175	-0.0808	-3.0000
0.7048	-0.0808	-3.0000
0.6871	-0.0808	-3.0000
0.6669	-0.0808	-3.0000
0.6417	-0.0808	-3.0000
0.6089	-0.0808	-2.0000
0.5659	-0.0808	-2.0000
0.5154	-0.0808	-2.0000
0.4498	-0.0808	-1.0000
0.3639	-0.0808	-1.0000
0.4245	-0.3083	-3.0000
0.4202	-0.3083	-3.0000
0.4151	-0.3083	-3.0000
0.4085	-0.3083	-3.0000
0.4000	-0.3083	-3.0000
0.3899	-0.3083	-3.0000
0.3772	-0.3083	-3.0000
0.3596	-0.3083	-3.0000
0.3394	-0.3083	-3.0000
0.3141	-0.3083	-3.0000
0.2813	-0.3083	-2.0000
0.2383	-0.3083	-2.0000
0.1878	-0.3083	-2.0000
0.1222	-0.3083	-1.0000
0.2609	-0.4189	-3.0000
0.2566	-0.4189	-3.0000
0.2516	-0.4189	-3.0000
0.2450	-0.4189	-3.0000
0.2364	-0.4189	-3.0000
0.2263	-0.4189	-3.0000
0.2137	-0.4189	-3.0000
0.1960	-0.4189	-2.0000
0.1758	-0.4189	-2.0000
0.1506	-0.4189	-2.0000
0.1177	-0.4189	-2.0000
0.0748	-0.4189	-1.0000
0.0243	-0.4189	-1.0000
-0.0414	-0.4189	0.0000
1.0328	0.1289	0.0000
1.0285	0.1289	0.0000
1.0235	0.1289	-1.0000
1.0169	0.1289	-1.0000
1.0083	0.1289	-1.0000
0.9982	0.1289	-2.0000
0.9856	0.1289	-2.0000
0.9679	0.1289	-2.0000
0.9477	0.1289	-2.0000
0.9224	0.1289	-3.0000
0.8896	0.1289	-3.0000
0.8467	0.1289	-2.0000
0.7962	0.1289	-2.0000
0.7305	0.1289	-2.0000
0.6447	0.1289	-1.0000
0.5437	0.1289	-1.0000
0.3801	-0.3159	-3.0000
0.3768	-0.3159	-3.0000
0.3725	-0.3159	-3.0000
0.3675	-0.3159	-3.0000
0.3609	-0.3159	-3.0000
0.3523	-0.3159	-3.0000
0.3422	-0.3159	-3.0000
0.3296	-0.3159	-3.0000
0.3119	-0.3159	-3.0000
0.2917	-0.3159	-3.0000
0.2665	-0.3159	-3.0000
0.2336	-0.3159	-3.0000
0.1907	-0.3159	-3.0000
0.1402	-0.3159	-2.0000
0.0745	-0.3159	-2.0000
-0.0113	-0.3159	-1.0000
-0.1123	-0.3159	0.0000
0.9383	0.2063	0.0000
0.9357	0.2063	0.0000
0.9325	0.2063	0.0000
0.9282	0.2063	-1.0000
0.9231	0.2063	-1.0000
0.9166	0.2063	-1.0000
0.9080	0.2063	-2.0000
0.8979	0.2063	-2.0000
0.8852	0.2063	-2.0000
0.8676	0.2063	-2.0000
0.8474	0.2063	-3.0000
0.8221	0.2063	-3.0000
0.7893	0.2063	-3.0000
0.7464	0.2063	-3.0000
0.6959	0.2063	-3.0000
0.6302	0.2063	-3.0000
0.6073	-0.0029	-3.0000
0.6047	-0.0029	-3.0000
0.6015	-0.0029	-3.0000
0.5972	-0.0029	-3.0000
0.5921	-0.0029	-3.0000
0.5855	-0.0029	-3.0000
0.5770	-0.0029	-3.0000
0.5669	-0.0029	-3.0000
0.5542	-0.0029	-3.0000
0.5366	-0.0029	-3.0000
0.5164	-0.0029	-3.0000
0.4911	-0.0029	-3.0000
0.4583	-0.0029	-3.0000
0.4153	-0.0029	-3.0000
0.3648	-0.0029	-3.0000
0.2992	-0.0029	-3.0000
0.2692	-0.1981	-3.0000
0.2666	-0.1981	-3.0000
0.2634	-0.1981	-3.0000
0.2591	-0.1981	-3.0000
0.2540	-0.1981	-3.0000
0.2474	-0.1981	-3.0000
0.2389	-0.1981	-3.0000
0.2288	-0.1981	-3.0000
0.2161	-0.1981	-3.0000
0.1985	-0.1981	-3.0000
0.1783	-0.1981	-3.0000
0.1530	-0.1981	-3.0000
0.1202	-0.1981	-3.0000
0.0772	-0.1981	-3.0000
0.0267	-0.1981	-3.0000
-0.0389	-0.1981	-2.0000
0.0974	-0.2834	-2.0000
0.0949	-0.2834	-2.0000
0.0916	-0.2834	-2.0000
0.0873	-0.2834	-2.0000
0.0823	-0.2834	-3.0000
0.0757	-0.2834	-3.0000
0.0671	-0.2834	-2.0000
0.0570	-0.2834	-2.0000
0.0444	-0.2834	-2.0000
0.0267	-0.2834	-2.0000
0.0065	-0.2834	-1.0000
-0.0187	-0.2834	-1.0000
-0.0516	-0.2834	-1.0000
-0.0945	-0.2834	0.0000
-0.1450	-0.2834	0.0000
-0.2107	-0.2834	0.0000
0.7461	0.5664	0.0000
0.7436	0.5664	0.0000
0.7403	0.5664	0.0000
0.7360	0.5664	0.0000
0.7310	0.5664	-1.0000
0.7244	0.5664	-1.0000
0.7158	0.5664	-1.0000
0.7057	0.5664	-2.0000
0.6931	0.5664	-2.0000
0.6754	0.5664	-1.0000
0.6552	0.5664	-1.0000
0.6300	0.5664	-1.0000
0.5971	0.5664	0.0000
0.5542	0.5664	0.0000
0.5037	0.5664	0.0000
0.4380	0.5664	0.0000
0.0447	0.2613	0.0000
0.0422	0.2613	0.0000
0.0389	0.2613	0.0000
0.0346	0.2613	0.0000
0.0296	0.2613	-1.0000
0.0230	0.2613	-1.0000
0.0144	0.2613	-1.0000
0.0043	0.2613	-2.0000
-0.0083	0.2613	-2.0000
-0.0260	0.2613	-1.0000
-0.0462	0.2613	-1.0000
-0.0714	0.2613	-1.0000
-0.1043	0.2613	0.0000
-0.1472	0.2613	0.0000
-0.1977	0.2613	0.0000
-0.2634	0.2613	0.0000
0.8505	0.5399	0.0000
0.8403	0.5399	0.0000
0.8277	0.5399	0.0000
0.8100	0.5399	0.0000
0.7898	0.5399	-1.0000
0.7646	0.5399	-1.0000
0.7318	0.5399	-1.0000
0.6888	0.5399	-1.0000
0.6383	0.5399	-1.0000
0.5727	0.5399	0.0000
0.4868	0.5399	0.0000
0.3858	0.5399	0.0000
0.2595	0.5399	0.0000
0.5275	0.3058	-2.0000
0.5174	0.3058	-2.0000
0.5048	0.3058	-2.0000
0.4871	0.3058	-3.0000
0.4669	0.3058	-3.0000
0.4417	0.3058	-2.0000
0.4089	0.3058	-2.0000
0.3659	0.3058	-2.0000
0.3154	0.3058	-2.0000
0.2498	0.3058	-1.0000
0.1639	0.3058	-1.0000
0.0629	0.3058	-1.0000
-0.0634	0.3058	0.0000
0.2026	0.0702	-3.0000
0.1925	0.0702	-3.0000
0.1798	0.0702	-3.0000
0.1621	0.0702	-3.0000
0.1419	0.0702	-2.0000
0.1167	0.0702	-2.0000
0.0839	0.0702	-2.0000
0.0409	0.0702	-2.0000
-0.0096	0.0702	-1.0000
-0.0752	0.0702	-1.0000
-0.1611	0.0702	-1.0000
-0.2621	0.0702	0.0000
-0.3884	0.0702	0.0000
0.0411	-0.0467	-3.0000
0.0310	-0.0467	-3.0000
0.0183	-0.0467	-3.0000
0.0006	-0.0467	-2.0000
-0.0196	-0.0467	-2.0000
-0.0448	-0.0467	-2.0000
-0.0776	-0.0467	-2.0000
-0.1206	-0.0467	-1.0000
-0.1711	-0.0467	-1.0000
-0.2367	-0.0467	-1.0000
-0.3226	-0.0467	0.0000
-0.4236	-0.0467	0.0000
-0.5499	-0.0467	0.0000
0.7479	0.3713	0.0000
0.7277	0.3713	0.0000
0.7025	0.3713	0.0000
0.6696	0.3713	-1.0000
0.6267	0.3713	-1.0000
0.5762	0.3713	-1.0000
0.5105	0.3713	-1.0000
0.4247	0.3713	-1.0000
0.3237	0.3713	-1.0000
0.1974	0.3713	0.0000
0.1301	-0.0976	-3.0000
0.1174	-0.0976	-3.0000
0.0998	-0.0976	-3.0000
0.0796	-0.0976	-3.0000
0.0543	-0.0976	-2.0000
0.0215	-0.0976	-2.0000
-0.0214	-0.0976	-2.0000
-0.0719	-0.0976	-2.0000
-0.1376	-0.0976	-1.0000
-0.2235	-0.0976	-1.0000
-0.3245	-0.0976	0.0000
0.7093	0.2547	0.0000
0.6992	0.2547	0.0000
0.6865	0.2547	-1.0000
0.6689	0.2547	-1.0000
0.6487	0.2547	-1.0000
0.6234	0.2547	-2.0000
0.5906	0.2547	-2.0000
0.5476	0.2547	-2.0000
0.4971	0.2547	-1.0000
0.4059	0.0227	-3.0000
0.4008	0.0227	-3.0000
0.3942	0.0227	-3.0000
0.3857	0.0227	-3.0000
0.3756	0.0227	-3.0000
0.3629	0.0227	-3.0000
0.3453	0.0227	-3.0000
0.3250	0.0227	-3.0000
0.2998	0.0227	-3.0000
0.2670	0.0227	-2.0000
0.2240	0.0227	-2.0000
0.1735	0.0227	-2.0000
0.0799	-0.2098	-3.0000
0.0748	-0.2098	-3.0000
0.0683	-0.2098	-3.0000
0.0597	-0.2098	-3.0000
0.0496	-0.2098	-3.0000
0.0370	-0.2098	-3.0000
0.0193	-0.2098	-3.0000
-0.0009	-0.2098	-3.0000
-0.0262	-0.2098	-2.0000
-0.0590	-0.2098	-2.0000
-0.1019	-0.2098	-2.0000
-0.0823	-0.3246	-3.0000
-0.0873	-0.3246	-3.0000
-0.0939	-0.3246	-3.0000
-0.1025	-0.3246	-3.0000
-0.1126	-0.3246	-3.0000
-0.1252	-0.3246	-2.0000
-0.1429	-0.3246	-2.0000
-0.1631	-0.3246	-2.0000
-0.1883	-0.3246	-2.0000
-0.2212	-0.3246	-1.0000
-0.2641	-0.3246	-1.0000
0.6538	0.2787	0.0000
0.6513	0.2787	0.0000
0.6480	0.2787	0.0000
0.6437	0.2787	0.0000
0.6387	0.2787	-1.0000
0.6321	0.2787	-1.0000
0.6235	0.2787	-1.0000
0.6134	0.2787	-2.0000
0.6008	0.2787	-2.0000
0.5831	0.2787	-2.0000
0.5629	0.2787	-2.0000
0.5377	0.2787	-2.0000
0.5048	0.2787	-2.0000
0.4619	0.2787	-2.0000
0.0010	-0.1759	-3.0000
-0.0015	-0.1759	-3.0000
-0.0048	-0.1759	-3.0000
-0.0091	-0.1759	-3.0000
-0.0141	-0.1759	-3.0000
-0.0207	-0.1759	-3.0000
-0.0293	-0.1759	-3.0000
-0.0394	-0.1759	-3.0000
-0.0520	-0.1759	-3.0000
-0.0697	-0.1759	-3.0000
-0.0899	-0.1759	-3.0000
-0.1151	-0.1759	-3.0000
-0.1480	-0.1759	-2.0000
-0.1909	-0.1759	-2.0000
0.5296	0.3013	0.0000
0.5270	0.3013	0.0000
0.5238	0.3013	0.0000
0.5195	0.3013	0.0000
0.5144	0.3013	-1.0000
0.5078	0.3013	-1.0000
0.4993	0.3013	-1.0000
0.4892	0.3013	-2.0000
0.4765	0.3013	-2.0000
0.4589	0.3013	-2.0000
0.4387	0.3013	-2.0000
0.4134	0.3013	-2.0000
0.3806	0.3013	-1.0000
0.3376	0.3013	-1.0000
0.2871	0.3013	-1.0000
0.2215	0.3013	0.0000
0.1356	0.3013	0.0000
0.2027	0.0793	-2.0000
0.2002	0.0793	-2.0000
0.1969	0.0793	-2.0000
0.1926	0.0793	-3.0000
0.1875	0.0793	-3.0000
0.1810	0.0793	-3.0000
0.1724	0.0793	-3.0000
0.1623	0.0793	-3.0000
0.1497	0.0793	-2.0000
0.1320	0.0793	-2.0000
0.1118	0.0793	-2.0000
0.0865	0.0793	-2.0000
0.0537	0.0793	-1.0000
0.0108	0.0793	-1.0000
-0.0397	0.0793	-1.0000
-0.1054	0.0793	0.0000
-0.1278	-0.1392	-2.0000
-0.1303	-0.1392	-2.0000
-0.1336	-0.1392	-2.0000
-0.1379	-0.1392	-2.0000
-0.1430	-0.1392	-3.0000
-0.1495	-0.1392	-3.0000
-0.1581	-0.1392	-3.0000
-0.1682	-0.1392	-2.0000
-0.1809	-0.1392	-2.0000
-0.1985	-0.1392	-2.0000
-0.2187	-0.1392	-2.0000
-0.2440	-0.1392	-1.0000
-0.2768	-0.1392	-1.0000
-0.3197	-0.1392	-1.0000
-0.3702	-0.1392	0.0000
-0.4359	-0.1392	0.0000
-0.2931	-0.2445	0.0000
-0.2956	-0.2445	0.0000
-0.2989	-0.2445	0.0000
-0.3032	-0.2445	0.0000
-0.3082	-0.2445	-1.0000
-0.3148	-0.2445	-1.0000
-0.3234	-0.2445	-1.0000
-0.3335	-0.2445	-2.0000
-0.3461	-0.2445	-2.0000
-0.3638	-0.2445	-1.0000
-0.3840	-0.2445	-1.0000
-0.4092	-0.2445	-1.0000
-0.4421	-0.2445	0.0000
-0.4850	-0.2445	0.0000
-0.5355	-0.2445	0.0000
-0.6012	-0.2445	0.0000
0.4287	0.2432	0.0000
0.4262	0.2432	0.0000
0.4229	0.2432	0.0000
0.4186	0.2432	0.0000
0.4136	0.2432	-1.0000
0.4070	0.2432	-1.0000
0.3984	0.2432	-1.0000
0.3883	0.2432	-1.0000
0.3757	0.2432	-1.0000
0.3580	0.2432	-1.0000
0.3378	0.2432	0.0000
0.3126	0.2432	0.0000
0.2797	0.2432	0.0000
0.2368	0.2432	0.0000
-0.2315	-0.1886	0.0000
-0.2340	-0.1886	0.0000
-0.2373	-0.1886	0.0000
-0.2416	-0.1886	0.0000
-0.2466	-0.1886	-1.0000
-0.2532	-0.1886	-1.0000
-0.2618	-0.1886	-1.0000
-0.2719	-0.1886	-1.0000
-0.2845	-0.1886	-1.0000
-0.3022	-0.1886	-1.0000
-0.3224	-0.1886	0.0000
-0.3477	-0.1886	0.0000
-0.3805	-0.1886	0.0000
-0.4234	-0.1886	0.0000
0.6929	0.5878	0.0000
0.6600	0.5878	0.0000
0.6171	0.5878	0.0000
0.5666	0.5878	0.0000
0.5009	0.5878	-1.0000
0.4151	0.5878	-1.0000
0.3141	0.5878	0.0000
0.1878	0.5878	0.0000
0.0110	0.5878	0.0000
-0.1910	0.5878	0.0000
0.3953	0.3535	-2.0000
0.3700	0.3535	-2.0000
0.3372	0.3535	-2.0000
0.2942	0.3535	-2.0000
0.2437	0.3535	-2.0000
0.1781	0.3535	-1.0000
0.0922	0.3535	-1.0000
-0.0088	0.3535	0.0000
-0.1350	0.3535	0.0000
-0.3118	0.3535	0.0000
-0.5138	0.3535	0.0000
0.0905	0.1177	-3.0000
0.0703	0.1177	-2.0000
0.0451	0.1177	-2.0000
0.0123	0.1177	-2.0000
-0.0307	0.1177	-2.0000
-0.0812	0.1177	-1.0000
-0.1468	0.1177	-1.0000
-0.2327	0.1177	-1.0000
-0.3337	0.1177	-1.0000
-0.4600	0.1177	0.0000
-0.6367	0.1177	0.0000
-0.0406	0.0006	-3.0000
-0.0532	0.0006	-3.0000
-0.0709	0.0006	-2.0000
-0.0911	0.0006	-2.0000
-0.1164	0.0006	-2.0000
-0.1492	0.0006	-2.0000
-0.1921	0.0006	-1.0000
-0.2426	0.0006	-1.0000
-0.3083	0.0006	-1.0000
-0.3941	0.0006	-1.0000
-0.4952	0.0006	0.0000
-0.6214	0.0006	0.0000
-0.7982	0.0006	0.0000
0.6489	0.3895	0.0000
0.6237	0.3895	0.0000
0.5908	0.3895	0.0000
0.5479	0.3895	-1.0000
0.4974	0.3895	-1.0000
0.4317	0.3895	-1.0000
0.3459	0.3895	-1.0000
0.2449	0.3895	-1.0000
0.1186	0.3895	0.0000
-0.0582	0.3895	0.0000
-0.2602	0.3895	0.0000
0.3462	0.1554	-3.0000
0.3260	0.1554	-2.0000
0.3007	0.1554	-2.0000
0.2679	0.1554	-2.0000
0.2250	0.1554	-2.0000
0.1745	0.1554	-2.0000
0.1088	0.1554	-1.0000
0.0230	0.1554	-1.0000
-0.0781	0.1554	0.0000
-0.2043	0.1554	0.0000
-0.3811	0.1554	0.0000
-0.5831	0.1554	0.0000
0.0767	-0.0801	-3.0000
0.0702	-0.0801	-3.0000
0.0616	-0.0801	-3.0000
0.0515	-0.0801	-3.0000
0.0388	-0.0801	-3.0000
0.0212	-0.0801	-2.0000
0.0010	-0.0801	-2.0000
-0.0243	-0.0801	-2.0000
-0.0571	-0.0801	-2.0000
-0.1000	-0.0801	-2.0000
-0.1505	-0.0801	-1.0000
-0.2162	-0.0801	-1.0000
-0.3021	-0.0801	-1.0000
-0.4031	-0.0801	0.0000
-0.0848	-0.1969	-3.0000
-0.0914	-0.1969	-3.0000
-0.0999	-0.1969	-3.0000
-0.1100	-0.1969	-3.0000
-0.1227	-0.1969	-2.0000
-0.1403	-0.1969	-2.0000
-0.1605	-0.1969	-2.0000
-0.1858	-0.1969	-2.0000
-0.2186	-0.1969	-1.0000
-0.2616	-0.1969	-1.0000
-0.3121	-0.1969	-1.0000
-0.3777	-0.1969	0.0000
-0.4636	-0.1969	0.0000
0.6348	0.2432	0.0000
0.6262	0.2432	0.0000
0.6161	0.2432	0.0000
0.6035	0.2432	0.0000
0.5858	0.2432	-1.0000
0.5656	0.2432	-1.0000
0.5403	0.2432	-1.0000
0.5075	0.2432	0.0000
0.4646	0.2432	0.0000
0.4141	0.2432	0.0000
0.3484	0.2432	0.0000
0.3230	0.0107	-3.0000
0.3179	0.0107	-3.0000
0.3114	0.0107	-3.0000
0.3028	0.0107	-3.0000
0.2927	0.0107	-3.0000
0.2800	0.0107	-3.0000
0.2624	0.0107	-2.0000
0.2422	0.0107	-2.0000
0.2169	0.0107	-2.0000
0.1841	0.0107	-2.0000
0.1411	0.0107	-1.0000
0.0906	0.0107	-1.0000
0.0250	0.0107	-1.0000
0.0073	-0.2226	-3.0000
0.0048	-0.2226	-3.0000
0.0015	-0.2226	-3.0000
-0.0028	-0.2226	-3.0000
-0.0078	-0.2226	-3.0000
-0.0144	-0.2226	-3.0000
-0.0230	-0.2226	-3.0000
-0.0331	-0.2226	-3.0000
-0.0457	-0.2226	-2.0000
-0.0634	-0.2226	-2.0000
-0.0836	-0.2226	-2.0000
-0.1088	-0.2226	-2.0000
-0.1417	-0.2226	-1.0000
-0.1846	-0.2226	-1.0000
-0.2351	-0.2226	0.0000
-0.3008	-0.2226	0.0000
-0.1547	-0.3379	-3.0000
-0.1572	-0.3379	-3.0000
-0.1605	-0.3379	-3.0000
-0.1648	-0.3379	-3.0000
-0.1698	-0.3379	-3.0000
-0.1764	-0.3379	-3.0000
-0.1850	-0.3379	-2.0000
-0.1951	-0.3379	-2.0000
-0.2077	-0.3379	-2.0000
-0.2254	-0.3379	-2.0000
-0.2456	-0.3379	-1.0000
-0.2708	-0.3379	-1.0000
-0.3037	-0.3379	-1.0000
-0.3466	-0.3379	0.0000
-0.3971	-0.3379	0.0000
-0.4628	-0.3379	0.0000
0.5670	0.2368	0.0000
0.5637	0.2368	0.0000
0.5594	0.2368	0.0000
0.5543	0.2368	0.0000
0.5478	0.2368	-1.0000
0.5392	0.2368	-1.0000
0.5291	0.2368	-1.0000
0.5165	0.2368	-2.0000
0.4988	0.2368	-2.0000
0.4786	0.2368	-2.0000
0.4533	0.2368	-2.0000
0.4205	0.2368	-2.0000
0.3776	0.2368	-1.0000
0.3271	0.2368	-1.0000
0.2614	0.2368	-1.0000
0.1755	0.2368	0.0000
0.0745	0.2368	0.0000
-0.0852	-0.2198	-3.0000
-0.0884	-0.2198	-3.0000
-0.0927	-0.2198	-3.0000
-0.0978	-0.2198	-3.0000
-0.1044	-0.2198	-3.0000
-0.1129	-0.2198	-3.0000
-0.1230	-0.2198	-3.0000
-0.1357	-0.2198	-3.0000
-0.1533	-0.2198	-2.0000
-0.1735	-0.2198	-2.0000
-0.1988	-0.2198	-2.0000
-0.2316	-0.2198	-1.0000
-0.2746	-0.2198	-1.0000
-0.3251	-0.2198	-1.0000
-0.3907	-0.2198	0.0000
-0.4766	-0.2198	0.0000
-0.5776	-0.2198	0.0000
0.4832	0.0998	0.0000
0.4806	0.0998	0.0000
0.4774	0.0998	0.0000
0.4731	0.0998	0.0000
0.4680	0.0998	-1.0000
0.4614	0.0998	-1.0000
0.4529	0.0998	-1.0000
0.4428	0.0998	-2.0000
0.4301	0.0998	-2.0000
0.4125	0.0998	-2.0000
0.3923	0.0998	-2.0000
0.3670	0.0998	-2.0000
0.3342	0.0998	-1.0000
0.2912	0.0998	-1.0000
0.2407	0.0998	-1.0000
0.1751	0.0998	0.0000
0.0892	0.0998	0.0000
0.1579	-0.1271	-2.0000
0.1554	-0.1271	-2.0000
0.1521	-0.1271	-2.0000
0.1478	-0.1271	-3.0000
0.1427	-0.1271	-3.0000
0.1362	-0.1271	-3.0000
0.1276	-0.1271	-3.0000
0.1175	-0.1271	-3.0000
0.1049	-0.1271	-2.0000
0.0872	-0.1271	-2.0000
0.0670	-0.1271	-2.0000
0.0417	-0.1271	-2.0000
0.0089	-0.1271	-1.0000
-0.0340	-0.1271	-1.0000
-0.0845	-0.1271	-1.0000
-0.1502	-0.1271	0.0000
-0.1704	-0.3524	-2.0000
-0.1729	-0.3524	-2.0000
-0.1762	-0.3524	-2.0000
-0.1805	-0.3524	-3.0000
-0.1856	-0.3524	-3.0000
-0.1921	-0.3524	-3.0000
-0.2007	-0.3524	-3.0000
-0.2108	-0.3524	-2.0000
-0.2234	-0.3524	-2.0000
-0.2411	-0.3524	-2.0000
-0.2613	-0.3524	-2.0000
-0.2866	-0.3524	-1.0000
-0.3194	-0.3524	-1.0000
-0.3623	-0.3524	-1.0000
-0.4128	-0.3524	0.0000
-0.3342	-0.4624	0.0000
-0.3367	-0.4624	0.0000
-0.3400	-0.4624	0.0000
-0.3443	-0.4624	0.0000
-0.3493	-0.4624	-1.0000
-0.3559	-0.4624	-1.0000
-0.3645	-0.4624	-1.0000
-0.3746	-0.4624	-2.0000
-0.3872	-0.4624	-1.0000
-0.4049	-0.4624	-1.0000
-0.4251	-0.4624	-1.0000
-0.4503	-0.4624	0.0000
-0.4831	-0.4624	0.0000
-0.5261	-0.4624	0.0000
-0.5766	-0.4624	0.0000
0.3822	-0.0187	0.0000
0.3779	-0.0187	0.0000
0.3729	-0.0187	0.0000
0.3663	-0.0187	0.0000
0.3577	-0.0187	-1.0000
0.3476	-0.0187	-1.0000
0.3350	-0.0187	-1.0000
0.3173	-0.0187	-2.0000
0.2971	-0.0187	-1.0000
0.2719	-0.0187	-1.0000
0.2391	-0.0187	-1.0000
0.1961	-0.0187	0.0000
0.1456	-0.0187	0.0000
0.0800	-0.0187	0.0000
-0.0059	-0.0187	0.0000
-0.2675	-0.4649	0.0000
-0.2700	-0.4649	0.0000
-0.2733	-0.4649	0.0000
-0.2776	-0.4649	0.0000
-0.2826	-0.4649	-1.0000
-0.2892	-0.4649	-1.0000
-0.2978	-0.4649	-1.0000
-0.3079	-0.4649	-2.0000
-0.3205	-0.4649	-1.0000
-0.3382	-0.4649	-1.0000
-0.3584	-0.4649	-1.0000
-0.3837	-0.4649	0.0000
-0.4165	-0.4649	0.0000
-0.4594	-0.4649	0.0000
-0.5099	-0.4649	0.0000
1.0036	0.4408	0.0000
0.9950	0.4408	0.0000
0.9849	0.4408	0.0000
0.9723	0.4408	0.0000
0.9546	0.4408	-1.0000
0.9344	0.4408	-1.0000
0.9092	0.4408	-1.0000
0.8764	0.4408	-1.0000
0.8334	0.4408	-1.0000
0.7829	0.4408	-1.0000
0.7173	0.4408	0.0000
0.6314	0.4408	0.0000
0.5304	0.4408	0.0000
0.4041	0.4408	0.0000
0.6803	0.2080	-2.0000
0.6717	0.2080	-2.0000
0.6616	0.2080	-2.0000
0.6489	0.2080	-3.0000
0.6313	0.2080	-3.0000
0.6111	0.2080	-3.0000
0.5858	0.2080	-2.0000
0.5530	0.2080	-2.0000
0.5101	0.2080	-2.0000
0.4596	0.2080	-2.0000
0.3939	0.2080	-1.0000
0.3080	0.2080	-1.0000
0.2070	0.2080	0.0000
0.0808	0.2080	0.0000
0.3547	-0.0256	-3.0000
0.3461	-0.0256	-3.0000
0.3360	-0.0256	-3.0000
0.3233	-0.0256	-3.0000
0.3057	-0.0256	-3.0000
0.2855	-0.0256	-2.0000
0.2602	-0.0256	-2.0000
0.2274	-0.0256	-2.0000
0.1845	-0.0256	-2.0000
0.1340	-0.0256	-1.0000
0.0683	-0.0256	-1.0000
-0.0176	-0.0256	-1.0000
-0.1186	-0.0256	0.0000
0.1931	-0.1423	-3.0000
0.1845	-0.1423	-3.0000
0.1744	-0.1423	-3.0000
0.1618	-0.1423	-2.0000
0.1441	-0.1423	-2.0000
0.1239	-0.1423	-2.0000
0.0986	-0.1423	-2.0000
0.0658	-0.1423	-2.0000
0.0229	-0.1423	-1.0000
-0.0276	-0.1423	-1.0000
-0.0933	-0.1423	-1.0000
-0.1792	-0.1423	0.0000
-0.2802	-0.1423	0.0000
0.9448	0.3128	0.0000
0.9347	0.3128	0.0000
0.9220	0.3128	0.0000
0.9043	0.3128	-1.0000
0.8841	0.3128	-1.0000
0.8589	0.3128	-1.0000
0.8261	0.3128	-2.0000
0.7831	0.3128	-2.0000
0.7326	0.3128	-2.0000
0.6670	0.3128	-1.0000
0.5811	0.3128	-1.0000
0.4801	0.3128	-1.0000
0.6296	0.0813	-3.0000
0.6210	0.0813	-3.0000
0.6109	0.0813	-3.0000
0.5983	0.0813	-3.0000
0.5806	0.0813	-3.0000
0.5604	0.0813	-3.0000
0.5351	0.0813	-3.0000
0.5023	0.0813	-2.0000
0.4594	0.0813	-2.0000
0.4089	0.0813	-2.0000
0.3432	0.0813	-2.0000
0.2574	0.0813	-1.0000
0.1563	0.0813	-1.0000
0.3035	-0.1508	-3.0000
0.2949	-0.1508	-3.0000
0.2848	-0.1508	-3.0000
0.2721	-0.1508	-3.0000
0.2545	-0.1508	-3.0000
0.2343	-0.1508	-3.0000
0.2090	-0.1508	-3.0000
0.1762	-0.1508	-2.0000
0.1333	-0.1508	-2.0000
0.0828	-0.1508	-2.0000
0.0171	-0.1508	-1.0000
-0.0688	-0.1508	-1.0000
-0.1698	-0.1508	0.0000
0.1417	-0.2670	-3.0000
0.1331	-0.2670	-3.0000
0.1230	-0.2670	-3.0000
0.1104	-0.2670	-3.0000
0.0927	-0.2670	-2.0000
0.0725	-0.2670	-2.0000
0.0473	-0.2670	-2.0000
0.0145	-0.2670	-2.0000
-0.0285	-0.2670	-1.0000
-0.0790	-0.2670	-1.0000
-0.1446	-0.2670	-1.0000
-0.2305	-0.2670	0.0000
0.8913	0.2123	0.0000
0.8828	0.2123	0.0000
0.8727	0.2123	-1.0000
0.8600	0.2123	-1.0000
0.8423	0.2123	-1.0000
0.8221	0.2123	-2.0000
0.7969	0.2123	-2.0000
0.7641	0.2123	-2.0000
0.5728	-0.0152	-3.0000
0.5663	-0.0152	-3.0000
0.5577	-0.0152	-3.0000
0.5476	-0.0152	-3.0000
0.5349	-0.0152	-3.0000
0.5173	-0.0152	-3.0000
0.4971	-0.0152	-3.0000
0.4718	-0.0152	-3.0000
0.2500	-0.2419	-3.0000
0.2450	-0.2419	-3.0000
0.2384	-0.2419	-3.0000
0.2298	-0.2419	-3.0000
0.2197	-0.2419	-3.0000
0.2071	-0.2419	-3.0000
0.1894	-0.2419	-3.0000
0.1692	-0.2419	-3.0000
0.0921	-0.3567	-3.0000
0.0878	-0.3567	-3.0000
0.0828	-0.3567	-3.0000
0.0762	-0.3567	-3.0000
0.0676	-0.3567	-3.0000
0.0575	-0.3567	-3.0000
0.0449	-0.3567	-3.0000
0.0272	-0.3567	-2.0000
0.0070	-0.3567	-2.0000
0.8530	0.2086	0.0000
0.8505	0.2086	0.0000
0.8472	0.2086	0.0000
0.8429	0.2086	0.0000
0.8378	0.2086	-1.0000
0.8313	0.2086	-1.0000
0.8227	0.2086	-1.0000
0.8126	0.2086	-2.0000
0.8000	0.2086	-2.0000
0.7823	0.2086	-2.0000
0.7621	0.2086	-2.0000
0.7368	0.2086	-3.0000
0.7040	0.2086	-3.0000
0.6611	0.2086	-2.0000
0.6106	0.2086	-2.0000
0.5449	0.2086	-2.0000
0.1939	-0.2266	-3.0000
0.1914	-0.2266	-3.0000
0.1881	-0.2266	-3.0000
0.1838	-0.2266	-3.0000
0.1788	-0.2266	-3.0000
0.1722	-0.2266	-3.0000
0.1636	-0.2266	-3.0000
0.1535	-0.2266	-3.0000
0.1409	-0.2266	-3.0000
0.1232	-0.2266	-3.0000
0.1030	-0.2266	-3.0000
0.0778	-0.2266	-3.0000
0.0449	-0.2266	-3.0000
0.0020	-0.2266	-3.0000
-0.0485	-0.2266	-3.0000
-0.1142	-0.2266	-2.0000
0.6806	0.4478	0.0000
0.6781	0.4478	0.0000
0.6748	0.4478	0.0000
0.6705	0.4478	0.0000
0.6655	0.4478	-1.0000
0.6589	0.4478	-1.0000
0.6503	0.4478	-1.0000
0.6402	0.4478	-2.0000
0.6276	0.4478	-2.0000
0.6099	0.4478	-2.0000
0.5897	0.4478	-2.0000
0.5645	0.4478	-2.0000
0.5317	0.4478	-2.0000
0.4887	0.4478	-2.0000
0.4382	0.4478	-1.0000
0.3726	0.4478	-1.0000
0.3416	0.2632	-2.0000
0.3391	0.2632	-2.0000
0.3358	0.2632	-2.0000
0.3315	0.2632	-3.0000
0.3265	0.2632	-3.0000
0.3199	0.2632	-3.0000
0.3113	0.2632	-3.0000
0.3012	0.2632	-3.0000
0.2886	0.2632	-3.0000
0.2709	0.2632	-3.0000
0.2507	0.2632	-3.0000
0.2255	0.2632	-3.0000
0.1927	0.2632	-2.0000
0.1497	0.2632	-2.0000
0.0992	0.2632	-2.0000
0.0336	0.2632	-1.0000
-0.0045	0.0928	-2.0000
-0.0070	0.0928	-2.0000
-0.0103	0.0928	-2.0000
-0.0146	0.0928	-3.0000
-0.0197	0.0928	-3.0000
-0.0262	0.0928	-3.0000
-0.0348	0.0928	-3.0000
-0.0449	0.0928	-3.0000
-0.0576	0.0928	-3.0000
-0.0752	0.0928	-3.0000
-0.0954	0.0928	-2.0000
-0.1207	0.0928	-2.0000
-0.1535	0.0928	-2.0000
-0.1964	0.0928	-1.0000
-0.2469	0.0928	-1.0000
-0.3126	0.0928	0.0000
-0.1715	-0.0073	0.0000
-0.1740	-0.0073	0.0000
-0.1773	-0.0073	0.0000
-0.1816	-0.0073	0.0000
-0.1867	-0.0073	-1.0000
-0.1932	-0.0073	-1.0000
-0.2018	-0.0073	-1.0000
-0.2119	-0.0073	-2.0000
-0.2245	-0.0073	-2.0000
-0.2422	-0.0073	-1.0000
-0.2624	-0.0073	-1.0000
-0.2877	-0.0073	-1.0000
-0.3205	-0.0073	0.0000
-0.3634	-0.0073	0.0000
-0.4139	-0.0073	0.0000
-0.4796	-0.0073	0.0000
0.5817	0.4695	0.0000
0.5792	0.4695	0.0000
0.5759	0.4695	0.0000
0.5716	0.4695	0.0000
0.5666	0.4695	-1.0000
0.5600	0.4695	-1.0000
0.5514	0.4695	-1.0000
0.5413	0.4695	-1.0000
0.5287	0.4695	-1.0000
0.5110	0.4695	-1.0000
0.4908	0.4695	0.0000
0.4656	0.4695	0.0000
0.4327	0.4695	0.0000
0.3898	0.4695	0.0000
-0.1145	0.1485	0.0000
-0.1170	0.1485	0.0000
-0.1203	0.1485	0.0000
-0.1246	0.1485	0.0000
-0.1296	0.1485	-1.0000
-0.1362	0.1485	-1.0000
-0.1448	0.1485	-1.0000
-0.1549	0.1485	-2.0000
-0.1675	0.1485	-2.0000
-0.1852	0.1485	-1.0000
-0.2054	0.1485	-1.0000
-0.2307	0.1485	-1.0000
-0.2635	0.1485	0.0000
-0.3064	0.1485	0.0000
-0.3569	0.1485	0.0000
-0.4226	0.1485	0.0000
