0.5359	0.0254	0.0000
0.5327	0.0256	0.0000
0.5287	0.0258	0.0000
0.5231	0.0261	0.0000
0.5167	0.0265	-1.0000
0.5086	0.0269	-1.0000
0.4980	0.0275	-1.0000
0.4841	0.0282	-1.0000
0.4678	0.0291	-1.0000
0.4467	0.0303	-1.0000
0.4198	0.0318	0.0000
0.3899	0.0334	0.0000
0.3570	0.0352	0.0000
0.3234	0.0370	0.0000
0.4706	-0.0051	0.0000
0.4683	-0.0051	0.0000
0.4654	-0.0052	0.0000
0.4619	-0.0052	0.0000
0.4575	-0.0052	-1.0000
0.4514	-0.0053	-1.0000
0.4444	-0.0054	-1.0000
0.4356	-0.0054	-2.0000
0.4241	-0.0056	-1.0000
0.4091	-0.0057	-1.0000
0.3915	-0.0059	-1.0000
0.3688	-0.0061	0.0000
0.3400	-0.0064	0.0000
0.3083	-0.0067	0.0000
0.2735	-0.0070	0.0000
0.3018	-0.0817	0.0000
0.3008	-0.0819	0.0000
0.2996	-0.0820	0.0000
0.2979	-0.0822	0.0000
0.2959	-0.0824	-1.0000
0.2933	-0.0827	-1.0000
0.2899	-0.0831	-1.0000
0.2859	-0.0836	-2.0000
0.2809	-0.0842	-2.0000
0.2739	-0.0850	-2.0000
0.2660	-0.0859	-2.0000
0.2560	-0.0871	-2.0000
0.2430	-0.0886	-1.0000
0.2262	-0.0906	-1.0000
0.2066	-0.0929	-1.0000
0.1817	-0.0958	0.0000
0.1504	-0.0995	0.0000
0.1164	-0.1034	0.0000
0.0798	-0.1077	0.0000
0.1996	-0.1268	0.0000
0.1985	-0.1269	0.0000
0.1972	-0.1272	0.0000
0.1954	-0.1274	0.0000
0.1934	-0.1278	-1.0000
0.1907	-0.1282	-1.0000
0.1871	-0.1287	-1.0000
0.1830	-0.1294	-2.0000
0.1778	-0.1302	-2.0000
0.1706	-0.1314	-2.0000
0.1623	-0.1327	-2.0000
0.1520	-0.1343	-1.0000
0.1387	-0.1364	-1.0000
0.1214	-0.1392	-1.0000
0.1015	-0.1423	0.0000
0.0762	-0.1463	0.0000
0.0447	-0.1513	0.0000
0.0107	-0.1567	0.0000
0.5488	-0.0108	0.0000
0.5455	-0.0109	0.0000
0.5414	-0.0110	0.0000
0.5356	-0.0112	0.0000
0.5290	-0.0113	-1.0000
0.5206	-0.0115	-1.0000
0.5097	-0.0118	-1.0000
0.4953	-0.0121	-1.0000
0.4782	-0.0125	-1.0000
0.4561	-0.0131	-1.0000
0.4278	-0.0138	0.0000
0.3961	-0.0145	0.0000
0.3608	-0.0154	0.0000
0.3246	-0.0162	0.0000
0.2991	-0.1150	0.0000
0.2973	-0.1153	0.0000
0.2953	-0.1157	0.0000
0.2926	-0.1161	0.0000
0.2890	-0.1167	-1.0000
0.2848	-0.1174	-1.0000
0.2796	-0.1182	-1.0000
0.2722	-0.1194	-2.0000
0.2638	-0.1208	-2.0000
0.2533	-0.1225	-2.0000
0.2397	-0.1248	-1.0000
0.2219	-0.1277	-1.0000
0.2012	-0.1311	-1.0000
0.1747	-0.1354	0.0000
0.1414	-0.1409	0.0000
0.1050	-0.1469	0.0000
0.0656	-0.1534	0.0000
0.5695	-0.0452	0.0000
0.5678	-0.0454	0.0000
0.5657	-0.0456	0.0000
0.5628	-0.0459	0.0000
0.5595	-0.0462	-1.0000
0.5553	-0.0467	-1.0000
0.5493	-0.0473	-1.0000
0.5425	-0.0480	-2.0000
0.5339	-0.0489	-1.0000
0.5225	-0.0501	-1.0000
0.5076	-0.0517	-1.0000
0.4898	-0.0535	0.0000
0.4667	-0.0560	0.0000
0.4368	-0.0591	0.0000
0.4030	-0.0626	0.0000
0.4905	-0.0738	0.0000
0.4887	-0.0740	0.0000
0.4862	-0.0744	0.0000
0.4831	-0.0748	0.0000
0.4793	-0.0754	-1.0000
0.4746	-0.0761	-1.0000
0.4680	-0.0770	-1.0000
0.4604	-0.0781	-2.0000
0.4508	-0.0795	-1.0000
0.4383	-0.0813	-1.0000
0.4218	-0.0837	-1.0000
0.4023	-0.0865	0.0000
0.3770	-0.0902	0.0000
0.3445	-0.0949	0.0000
0.3082	-0.1002	0.0000
0.2986	-0.1465	0.0000
0.2968	-0.1469	0.0000
0.2946	-0.1474	0.0000
0.2918	-0.1480	0.0000
0.2880	-0.1488	-1.0000
0.2836	-0.1497	-1.0000
0.2781	-0.1508	-1.0000
0.2704	-0.1524	-2.0000
0.2616	-0.1543	-1.0000
0.2505	-0.1566	-1.0000
0.2361	-0.1596	-1.0000
0.2173	-0.1636	0.0000
0.1953	-0.1681	0.0000
0.1671	-0.1740	0.0000
0.1314	-0.1815	0.0000
0.1873	-0.1885	0.0000
0.1854	-0.1889	0.0000
0.1831	-0.1895	0.0000
0.1801	-0.1901	0.0000
0.1762	-0.1910	-1.0000
0.1717	-0.1921	-1.0000
0.1659	-0.1934	-1.0000
0.1579	-0.1953	-1.0000
0.1487	-0.1974	-1.0000
0.1373	-0.2001	-1.0000
0.1225	-0.2035	0.0000
0.1032	-0.2080	0.0000
0.0807	-0.2132	0.0000
0.0522	-0.2198	0.0000
0.5823	-0.0667	0.0000
0.5812	-0.0668	0.0000
0.5798	-0.0671	0.0000
0.5781	-0.0673	0.0000
0.5759	-0.0677	-1.0000
0.5730	-0.0681	-1.0000
0.5696	-0.0687	-1.0000
0.5654	-0.0694	-2.0000
0.5593	-0.0703	-2.0000
0.5523	-0.0714	-2.0000
0.5435	-0.0729	-2.0000
0.5319	-0.0747	-1.0000
0.5166	-0.0772	-1.0000
0.4984	-0.0801	-1.0000
0.4745	-0.0839	0.0000
0.4435	-0.0888	0.0000
0.4083	-0.0944	0.0000
0.3686	-0.1008	0.0000
0.2998	-0.1660	0.0000
0.2983	-0.1664	0.0000
0.2964	-0.1669	0.0000
0.2941	-0.1674	0.0000
0.2912	-0.1681	-1.0000
0.2873	-0.1690	-1.0000
0.2828	-0.1701	-1.0000
0.2771	-0.1714	-1.0000
0.2691	-0.1733	-1.0000
0.2599	-0.1755	-1.0000
0.2484	-0.1782	0.0000
0.2335	-0.1818	0.0000
0.2139	-0.1864	0.0000
0.1910	-0.1919	0.0000
0.4933	0.0343	0.0000
0.4874	0.0347	0.0000
0.4807	0.0352	0.0000
0.4723	0.0358	0.0000
0.4613	0.0365	-1.0000
0.4470	0.0375	-1.0000
0.4301	0.0386	-1.0000
0.4083	0.0401	-1.0000
0.3806	0.0420	-1.0000
0.3500	0.0440	0.0000
0.3164	0.0463	0.0000
0.2823	0.0486	0.0000
0.2678	0.0496	0.0000
0.4426	0.0035	-2.0000
0.4411	0.0036	-2.0000
0.4393	0.0036	-2.0000
0.4370	0.0036	-3.0000
0.4340	0.0036	-3.0000
0.4304	0.0036	-3.0000
0.4259	0.0037	-3.0000
0.4197	0.0037	-3.0000
0.4125	0.0037	-3.0000
0.4035	0.0038	-2.0000
0.3917	0.0039	-2.0000
0.3764	0.0040	-2.0000
0.3584	0.0041	-2.0000
0.3353	0.0042	-1.0000
0.2769	-0.0728	-2.0000
0.2752	-0.0729	-3.0000
0.2732	-0.0731	-3.0000
0.2706	-0.0734	-3.0000
0.2672	-0.0737	-3.0000
0.2632	-0.0741	-3.0000
0.2582	-0.0747	-3.0000
0.2512	-0.0754	-3.0000
0.2431	-0.0762	-2.0000
0.2331	-0.0772	-2.0000
0.2202	-0.0785	-2.0000
0.2033	-0.0802	-2.0000
0.1837	-0.0821	-1.0000
0.1588	-0.0846	-1.0000
0.1790	-0.1178	-2.0000
0.1772	-0.1181	-2.0000
0.1751	-0.1184	-3.0000
0.1724	-0.1188	-3.0000
0.1689	-0.1193	-3.0000
0.1648	-0.1198	-3.0000
0.1596	-0.1206	-3.0000
0.1524	-0.1216	-2.0000
0.1442	-0.1228	-2.0000
0.1339	-0.1243	-2.0000
0.1206	-0.1262	-2.0000
0.1035	-0.1286	-1.0000
0.0836	-0.1315	-1.0000
0.0585	-0.1351	-1.0000
0.5214	-0.0139	0.0000
0.5197	-0.0139	0.0000
0.5174	-0.0140	0.0000
0.5145	-0.0141	0.0000
0.5110	-0.0142	-1.0000
0.5067	-0.0143	-1.0000
0.5006	-0.0145	-1.0000
0.4936	-0.0147	-2.0000
0.4848	-0.0149	-2.0000
0.4732	-0.0153	-2.0000
0.4580	-0.0157	-2.0000
0.4401	-0.0162	-2.0000
0.4169	-0.0169	-1.0000
0.3871	-0.0178	-1.0000
0.3539	-0.0187	-1.0000
0.4500	-0.0427	-2.0000
0.4482	-0.0428	-2.0000
0.4458	-0.0430	-3.0000
0.4426	-0.0433	-3.0000
0.4388	-0.0436	-3.0000
0.4341	-0.0439	-3.0000
0.4275	-0.0445	-3.0000
0.4199	-0.0450	-2.0000
0.4103	-0.0458	-2.0000
0.3978	-0.0468	-2.0000
0.3815	-0.0480	-2.0000
0.3623	-0.0495	-2.0000
0.3375	-0.0514	-1.0000
0.2750	-0.1163	-2.0000
0.2732	-0.1166	-3.0000
0.2711	-0.1169	-3.0000
0.2683	-0.1174	-3.0000
0.2647	-0.1180	-3.0000
0.2604	-0.1186	-3.0000
0.2551	-0.1195	-3.0000
0.2476	-0.1207	-3.0000
0.2391	-0.1221	-3.0000
0.2284	-0.1238	-2.0000
0.2145	-0.1260	-2.0000
0.1964	-0.1289	-2.0000
0.1753	-0.1323	-1.0000
0.1484	-0.1366	-1.0000
0.1719	-0.1592	-2.0000
0.1700	-0.1596	-3.0000
0.1678	-0.1600	-3.0000
0.1650	-0.1606	-3.0000
0.1612	-0.1613	-3.0000
0.1568	-0.1621	-3.0000
0.1513	-0.1632	-3.0000
0.1436	-0.1647	-2.0000
0.1348	-0.1664	-2.0000
0.1239	-0.1685	-2.0000
0.1097	-0.1712	-2.0000
0.0913	-0.1748	-1.0000
0.0699	-0.1789	-1.0000
0.0428	-0.1841	0.0000
0.5352	-0.0592	0.0000
0.5328	-0.0595	0.0000
0.5298	-0.0598	-1.0000
0.5262	-0.0603	-1.0000
0.5217	-0.0609	-1.0000
0.5153	-0.0617	-2.0000
0.5080	-0.0626	-2.0000
0.4987	-0.0638	-2.0000
0.4866	-0.0653	-2.0000
0.4705	-0.0674	-2.0000
0.4515	-0.0698	-1.0000
0.4267	-0.0730	-1.0000
0.3946	-0.0770	-1.0000
0.3585	-0.0816	0.0000
0.3180	-0.0868	0.0000
0.2760	-0.0921	0.0000
0.2579	-0.0945	0.0000
0.4599	-0.0866	-2.0000
0.4580	-0.0869	-3.0000
0.4554	-0.0873	-3.0000
0.4521	-0.0878	-3.0000
0.4481	-0.0885	-3.0000
0.4431	-0.0893	-3.0000
0.4361	-0.0904	-3.0000
0.4281	-0.0917	-3.0000
0.4180	-0.0933	-2.0000
0.4047	-0.0954	-2.0000
0.3873	-0.0982	-2.0000
0.3666	-0.1015	-2.0000
0.3399	-0.1058	-1.0000
0.3056	-0.1113	-1.0000
0.2729	-0.1572	-2.0000
0.2710	-0.1576	-3.0000
0.2687	-0.1581	-3.0000
0.2658	-0.1587	-3.0000
0.2619	-0.1595	-3.0000
0.2574	-0.1605	-3.0000
0.2517	-0.1617	-3.0000
0.2437	-0.1635	-3.0000
0.2346	-0.1654	-2.0000
0.2231	-0.1679	-2.0000
0.2082	-0.1711	-2.0000
0.1887	-0.1754	-2.0000
0.1660	-0.1803	-1.0000
0.1368	-0.1866	-1.0000
0.0999	-0.1945	0.0000
0.1658	-0.1975	-2.0000
0.1643	-0.1979	-2.0000
0.1623	-0.1983	-2.0000
0.1599	-0.1989	-3.0000
0.1569	-0.1996	-3.0000
0.1529	-0.2006	-3.0000
0.1482	-0.2017	-3.0000
0.1423	-0.2031	-2.0000
0.1341	-0.2050	-2.0000
0.1246	-0.2073	-2.0000
0.1129	-0.2100	-2.0000
0.0977	-0.2136	-1.0000
0.0778	-0.2183	-1.0000
0.0548	-0.2238	0.0000
0.0255	-0.2307	0.0000
0.5490	-0.0830	0.0000
0.5471	-0.0834	0.0000
0.5448	-0.0838	-1.0000
0.5416	-0.0844	-1.0000
0.5379	-0.0850	-1.0000
0.5333	-0.0859	-2.0000
0.5267	-0.0871	-2.0000
0.5191	-0.0885	-2.0000
0.5096	-0.0903	-2.0000
0.4970	-0.0926	-2.0000
0.4803	-0.0957	-2.0000
0.4605	-0.0993	-1.0000
0.4345	-0.1041	-1.0000
0.4006	-0.1103	-1.0000
0.3622	-0.1174	0.0000
0.2729	-0.1786	-2.0000
0.2713	-0.1790	-2.0000
0.2693	-0.1795	-2.0000
0.2670	-0.1800	-3.0000
0.2639	-0.1808	-3.0000
0.2598	-0.1818	-3.0000
0.2551	-0.1830	-3.0000
0.2491	-0.1844	-2.0000
0.2407	-0.1865	-2.0000
0.2311	-0.1888	-2.0000
0.2190	-0.1918	-2.0000
0.2033	-0.1957	-2.0000
0.1828	-0.2007	-1.0000
0.1587	-0.2066	-1.0000
0.1277	-0.2142	0.0000
0.5842	-0.0807	0.0000
0.5833	-0.0809	0.0000
0.5820	-0.0811	0.0000
0.5804	-0.0814	0.0000
0.5785	-0.0818	-1.0000
0.5760	-0.0823	-1.0000
0.5727	-0.0829	-1.0000
0.5688	-0.0837	-2.0000
0.5638	-0.0846	-2.0000
0.5568	-0.0860	-2.0000
0.5488	-0.0876	-2.0000
0.5385	-0.0896	-3.0000
0.5249	-0.0922	-3.0000
0.5067	-0.0957	-3.0000
0.4848	-0.1000	-2.0000
0.4558	-0.1056	-2.0000
0.4921	-0.1074	-2.0000
0.4911	-0.1077	-2.0000
0.4896	-0.1080	-2.0000
0.4878	-0.1083	-2.0000
0.4856	-0.1088	-3.0000
0.4827	-0.1094	-3.0000
0.4789	-0.1102	-3.0000
0.4744	-0.1112	-3.0000
0.4688	-0.1124	-3.0000
0.4608	-0.1140	-3.0000
0.4516	-0.1160	-3.0000
0.4399	-0.1185	-3.0000
0.4245	-0.1217	-3.0000
0.4040	-0.1261	-3.0000
0.3795	-0.1312	-2.0000
0.3472	-0.1381	-2.0000
0.2702	-0.1803	-2.0000
0.2688	-0.1806	-2.0000
0.2671	-0.1811	-2.0000
0.2649	-0.1816	-2.0000
0.2622	-0.1823	-3.0000
0.2588	-0.1831	-3.0000
0.2542	-0.1842	-3.0000
0.2489	-0.1856	-3.0000
0.2422	-0.1872	-3.0000
0.2327	-0.1896	-3.0000
0.2219	-0.1922	-3.0000
0.2082	-0.1956	-3.0000
0.1903	-0.2000	-3.0000
0.1668	-0.2059	-3.0000
0.1390	-0.2127	-2.0000
0.1029	-0.2216	-2.0000
0.1460	-0.2209	0.0000
0.1447	-0.2213	0.0000
0.1429	-0.2217	0.0000
0.1405	-0.2224	0.0000
0.1377	-0.2231	-1.0000
0.1342	-0.2240	-1.0000
0.1294	-0.2252	-1.0000
0.1239	-0.2267	-2.0000
0.1169	-0.2285	-2.0000
0.1071	-0.2310	-1.0000
0.0959	-0.2339	-1.0000
0.0819	-0.2375	-1.0000
0.0635	-0.2423	0.0000
0.0396	-0.2485	0.0000
0.0115	-0.2557	0.0000
-0.0246	-0.2651	0.0000
0.4082	0.0669	0.0000
0.4046	0.0673	0.0000
0.4000	0.0678	0.0000
0.3937	0.0685	0.0000
0.3864	0.0693	-1.0000
0.3772	0.0704	-1.0000
0.3653	0.0717	-1.0000
0.3498	0.0735	-1.0000
0.3316	0.0755	-1.0000
0.3084	0.0781	-1.0000
0.2790	0.0815	0.0000
0.2468	0.0851	0.0000
0.2117	0.0891	0.0000
0.1765	0.0930	0.0000
0.3562	0.0368	-2.0000
0.3537	0.0369	-2.0000
0.3505	0.0371	-2.0000
0.3467	0.0373	-3.0000
0.3420	0.0376	-3.0000
0.3353	0.0379	-3.0000
0.3277	0.0384	-3.0000
0.3182	0.0389	-2.0000
0.3058	0.0396	-2.0000
0.2896	0.0406	-2.0000
0.2708	0.0416	-2.0000
0.2468	0.0430	-1.0000
0.2166	0.0447	-1.0000
0.1836	0.0466	-1.0000
0.1480	0.0486	0.0000
0.1123	0.0507	0.0000
0.2108	-0.0395	-3.0000
0.2081	-0.0396	-3.0000
0.2047	-0.0398	-3.0000
0.2006	-0.0400	-3.0000
0.1955	-0.0402	-3.0000
0.1884	-0.0406	-3.0000
0.1803	-0.0410	-2.0000
0.1701	-0.0415	-2.0000
0.1571	-0.0422	-2.0000
0.1401	-0.0430	-2.0000
0.1204	-0.0440	-1.0000
0.0956	-0.0452	-1.0000
0.0646	-0.0468	-1.0000
0.0312	-0.0485	-1.0000
0.1236	-0.0851	-3.0000
0.1209	-0.0853	-3.0000
0.1174	-0.0857	-3.0000
0.1133	-0.0861	-3.0000
0.1081	-0.0866	-3.0000
0.1009	-0.0873	-2.0000
0.0927	-0.0881	-2.0000
0.0825	-0.0891	-2.0000
0.0693	-0.0904	-2.0000
0.0523	-0.0920	-1.0000
0.0326	-0.0939	-1.0000
0.0079	-0.0963	-1.0000
-0.0228	-0.0993	-1.0000
0.4202	0.0079	0.0000
0.4169	0.0079	0.0000
0.4130	0.0080	0.0000
0.4081	0.0080	-1.0000
0.4012	0.0081	-1.0000
0.3934	0.0082	-1.0000
0.3835	0.0084	-2.0000
0.3706	0.0085	-2.0000
0.3537	0.0088	-2.0000
0.3339	0.0090	-2.0000
0.3083	0.0094	-1.0000
0.2757	0.0098	-1.0000
0.2397	0.0103	-1.0000
0.2001	0.0108	0.0000
0.1598	0.0114	0.0000
0.2036	-0.0939	-3.0000
0.2007	-0.0942	-3.0000
0.1970	-0.0947	-3.0000
0.1926	-0.0952	-3.0000
0.1870	-0.0958	-3.0000
0.1793	-0.0967	-3.0000
0.1705	-0.0978	-3.0000
0.1594	-0.0991	-3.0000
0.1451	-0.1008	-2.0000
0.1266	-0.1029	-2.0000
0.1050	-0.1055	-2.0000
0.0775	-0.1087	-1.0000
0.0432	-0.1128	-1.0000
0.0059	-0.1172	0.0000
-0.0342	-0.1219	0.0000
0.4352	-0.0428	0.0000
0.4331	-0.0429	0.0000
0.4304	-0.0432	0.0000
0.4269	-0.0434	0.0000
0.4227	-0.0437	-1.0000
0.4175	-0.0441	-1.0000
0.4101	-0.0447	-1.0000
0.4016	-0.0453	-2.0000
0.3909	-0.0462	-2.0000
0.3768	-0.0472	-2.0000
0.3584	-0.0486	-2.0000
0.3365	-0.0503	-2.0000
0.3082	-0.0524	-1.0000
0.3669	-0.0697	-3.0000
0.3647	-0.0699	-3.0000
0.3618	-0.0702	-3.0000
0.3580	-0.0706	-3.0000
0.3536	-0.0711	-3.0000
0.3480	-0.0717	-3.0000
0.3402	-0.0726	-3.0000
0.3312	-0.0736	-3.0000
0.3199	-0.0748	-3.0000
0.3051	-0.0765	-2.0000
0.2857	-0.0786	-2.0000
0.2629	-0.0811	-2.0000
0.2334	-0.0844	-1.0000
0.1957	-0.0885	-1.0000
0.1998	-0.1396	-3.0000
0.1978	-0.1399	-3.0000
0.1954	-0.1404	-3.0000
0.1922	-0.1409	-3.0000
0.1881	-0.1416	-3.0000
0.1833	-0.1425	-3.0000
0.1773	-0.1435	-3.0000
0.1688	-0.1450	-3.0000
0.1592	-0.1467	-3.0000
0.1471	-0.1488	-3.0000
0.1313	-0.1515	-2.0000
0.1108	-0.1551	-2.0000
0.0869	-0.1593	-2.0000
0.0563	-0.1646	-1.0000
0.1014	-0.1803	-3.0000
0.0994	-0.1807	-3.0000
0.0969	-0.1812	-3.0000
0.0937	-0.1818	-3.0000
0.0896	-0.1827	-3.0000
0.0847	-0.1837	-3.0000
0.0786	-0.1849	-3.0000
0.0700	-0.1866	-2.0000
0.0603	-0.1886	-2.0000
0.0481	-0.1910	-2.0000
0.0323	-0.1942	-2.0000
0.0118	-0.1983	-1.0000
-0.0120	-0.2031	-1.0000
-0.0422	-0.2091	0.0000
0.4485	-0.0489	0.0000
0.4466	-0.0491	0.0000
0.4444	-0.0493	-1.0000
0.4415	-0.0495	-1.0000
0.4377	-0.0499	-1.0000
0.4332	-0.0503	-2.0000
0.4276	-0.0508	-2.0000
0.4196	-0.0515	-2.0000
0.4105	-0.0523	-2.0000
0.3989	-0.0533	-3.0000
0.3837	-0.0547	-3.0000
0.3635	-0.0564	-2.0000
0.3395	-0.0586	-2.0000
0.3081	-0.0614	-2.0000
0.2673	-0.0650	-1.0000
0.2211	-0.0691	-1.0000
0.1928	-0.1462	-3.0000
0.1911	-0.1465	-3.0000
0.1889	-0.1469	-3.0000
0.1863	-0.1474	-3.0000
0.1829	-0.1480	-3.0000
0.1784	-0.1488	-3.0000
0.1732	-0.1498	-3.0000
0.1666	-0.1509	-3.0000
0.1573	-0.1526	-3.0000
0.1467	-0.1546	-3.0000
0.1333	-0.1570	-3.0000
0.1160	-0.1601	-3.0000
0.0932	-0.1642	-3.0000
0.0666	-0.1691	-2.0000
0.0324	-0.1752	-2.0000
-0.0110	-0.1831	-1.0000
-0.0588	-0.1918	0.0000
0.4831	0.0168	0.0000
0.4818	0.0168	0.0000
0.4801	0.0169	0.0000
0.4780	0.0169	-1.0000
0.4754	0.0170	-1.0000
0.4720	0.0171	-1.0000
0.4676	0.0173	-2.0000
0.4624	0.0174	-2.0000
0.4558	0.0176	-2.0000
0.4464	0.0179	-2.0000
0.4355	0.0183	-3.0000
0.4216	0.0188	-3.0000
0.4031	0.0194	-3.0000
0.3783	0.0202	-3.0000
0.3482	0.0211	-3.0000
0.3078	0.0224	-3.0000
0.3916	-0.0117	-3.0000
0.3902	-0.0118	-3.0000
0.3884	-0.0118	-3.0000
0.3860	-0.0118	-3.0000
0.3831	-0.0119	-3.0000
0.3794	-0.0120	-3.0000
0.3745	-0.0121	-3.0000
0.3687	-0.0122	-3.0000
0.3614	-0.0123	-3.0000
0.3511	-0.0125	-3.0000
0.3391	-0.0127	-3.0000
0.3239	-0.0130	-3.0000
0.3037	-0.0134	-3.0000
0.2767	-0.0139	-3.0000
0.2441	-0.0146	-3.0000
0.2008	-0.0154	-3.0000
0.1719	-0.0987	-3.0000
0.1703	-0.0988	-3.0000
0.1682	-0.0991	-3.0000
0.1654	-0.0994	-3.0000
0.1622	-0.0998	-3.0000
0.1580	-0.1003	-3.0000
0.1525	-0.1010	-3.0000
0.1460	-0.1017	-3.0000
0.1378	-0.1027	-3.0000
0.1262	-0.1041	-3.0000
0.1129	-0.1057	-3.0000
0.0961	-0.1077	-3.0000
0.0741	-0.1103	-3.0000
0.0449	-0.1138	-3.0000
0.0104	-0.1179	-3.0000
-0.0347	-0.1233	-2.0000
0.0498	-0.1471	-2.0000
0.0482	-0.1474	-2.0000
0.0460	-0.1477	-2.0000
0.0432	-0.1482	-2.0000
0.0399	-0.1487	-3.0000
0.0357	-0.1493	-3.0000
0.0300	-0.1502	-2.0000
0.0234	-0.1512	-2.0000
0.0151	-0.1525	-2.0000
0.0034	-0.1543	-2.0000
-0.0100	-0.1564	-1.0000
-0.0269	-0.1590	-1.0000
-0.0489	-0.1624	-1.0000
-0.0778	-0.1669	0.0000
-0.1118	-0.1722	0.0000
-0.1558	-0.1790	0.0000
0.5456	0.2138	0.0000
0.5441	0.2145	0.0000
0.5421	0.2155	0.0000
0.5395	0.2167	0.0000
0.5364	0.2182	-1.0000
0.5323	0.2201	-1.0000
0.5269	0.2226	-1.0000
0.5205	0.2256	-2.0000
0.5123	0.2295	-2.0000
0.5006	0.2350	-1.0000
0.4868	0.2415	-1.0000
0.4689	0.2499	-1.0000
0.4444	0.2614	0.0000
0.4106	0.2774	0.0000
0.3677	0.2975	0.0000
0.3072	0.3260	0.0000
0.1405	-0.0113	0.0000
0.1385	-0.0113	0.0000
0.1358	-0.0113	0.0000
0.1323	-0.0114	0.0000
0.1282	-0.0114	-1.0000
0.1228	-0.0115	-1.0000
0.1157	-0.0116	-1.0000
0.1073	-0.0117	-2.0000
0.0966	-0.0118	-2.0000
0.0816	-0.0120	-1.0000
0.0641	-0.0123	-1.0000
0.0419	-0.0126	-1.0000
0.0124	-0.0129	0.0000
-0.0272	-0.0135	0.0000
-0.0750	-0.0141	0.0000
-0.1388	-0.0149	0.0000
0.2360	0.1323	0.0000
0.2320	0.1330	0.0000
0.2270	0.1339	0.0000
0.2200	0.1351	0.0000
0.2121	0.1365	-1.0000
0.2022	0.1382	-1.0000
0.1893	0.1404	-1.0000
0.1727	0.1433	-1.0000
0.1534	0.1466	-1.0000
0.1289	0.1509	0.0000
0.0984	0.1562	0.0000
0.0654	0.1619	0.0000
0.0302	0.1680	0.0000
0.1935	0.1032	-2.0000
0.1894	0.1038	-2.0000
0.1844	0.1044	-2.0000
0.1773	0.1053	-3.0000
0.1693	0.1063	-3.0000
0.1593	0.1076	-2.0000
0.1463	0.1093	-2.0000
0.1296	0.1114	-2.0000
0.1102	0.1139	-2.0000
0.0856	0.1170	-1.0000
0.0551	0.1209	-1.0000
0.0223	0.1251	-1.0000
-0.0127	0.1296	0.0000
0.0836	0.0277	-3.0000
0.0795	0.0279	-3.0000
0.0744	0.0280	-3.0000
0.0673	0.0282	-3.0000
0.0592	0.0285	-2.0000
0.0491	0.0288	-2.0000
0.0362	0.0292	-2.0000
0.0194	0.0297	-2.0000
0.0002	0.0303	-1.0000
-0.0240	0.0310	-1.0000
-0.0539	0.0319	-1.0000
-0.0858	0.0329	0.0000
-0.1194	0.0339	0.0000
0.0161	-0.0186	-3.0000
0.0120	-0.0187	-3.0000
0.0070	-0.0188	-3.0000
-0.0001	-0.0189	-2.0000
-0.0081	-0.0191	-2.0000
-0.0180	-0.0193	-2.0000
-0.0308	-0.0195	-2.0000
-0.0472	-0.0198	-1.0000
-0.0661	-0.0202	-1.0000
-0.0898	-0.0206	-1.0000
-0.1188	-0.0212	0.0000
-0.1497	-0.0218	0.0000
-0.1821	-0.0224	0.0000
0.2102	0.0584	0.0000
0.2013	0.0590	0.0000
0.1901	0.0599	0.0000
0.1755	0.0609	-1.0000
0.1566	0.0623	-1.0000
0.1345	0.0640	-1.0000
0.1064	0.0660	-1.0000
0.0710	0.0687	-1.0000
0.0325	0.0715	-1.0000
-0.0092	0.0746	0.0000
0.0584	-0.0450	-3.0000
0.0527	-0.0452	-3.0000
0.0448	-0.0456	-3.0000
0.0357	-0.0460	-3.0000
0.0244	-0.0466	-2.0000
0.0098	-0.0473	-2.0000
-0.0090	-0.0482	-2.0000
-0.0308	-0.0492	-2.0000
-0.0583	-0.0505	-1.0000
-0.0925	-0.0522	-1.0000
-0.1292	-0.0539	0.0000
0.2173	0.0187	0.0000
0.2122	0.0188	0.0000
0.2058	0.0190	-1.0000
0.1967	0.0192	-1.0000
0.1864	0.0194	-1.0000
0.1734	0.0197	-2.0000
0.1564	0.0202	-2.0000
0.1342	0.0207	-2.0000
0.1081	0.0213	-1.0000
0.1756	-0.0104	-3.0000
0.1730	-0.0104	-3.0000
0.1697	-0.0104	-3.0000
0.1653	-0.0105	-3.0000
0.1601	-0.0106	-3.0000
0.1535	-0.0107	-3.0000
0.1444	-0.0108	-3.0000
0.1339	-0.0109	-3.0000
0.1208	-0.0111	-3.0000
0.1037	-0.0113	-2.0000
0.0814	-0.0116	-2.0000
0.0552	-0.0119	-2.0000
0.0458	-0.0846	-3.0000
0.0432	-0.0849	-3.0000
0.0398	-0.0852	-3.0000
0.0354	-0.0855	-3.0000
0.0302	-0.0860	-3.0000
0.0237	-0.0866	-3.0000
0.0145	-0.0874	-3.0000
0.0041	-0.0883	-3.0000
-0.0089	-0.0895	-2.0000
-0.0258	-0.0910	-2.0000
-0.0477	-0.0929	-2.0000
-0.0309	-0.1287	-3.0000
-0.0335	-0.1290	-3.0000
-0.0368	-0.1294	-3.0000
-0.0412	-0.1299	-3.0000
-0.0463	-0.1306	-3.0000
-0.0527	-0.1314	-2.0000
-0.0617	-0.1325	-2.0000
-0.0719	-0.1338	-2.0000
-0.0846	-0.1354	-2.0000
-0.1011	-0.1374	-1.0000
-0.1223	-0.1401	-1.0000
0.2213	0.0616	0.0000
0.2198	0.0617	0.0000
0.2179	0.0619	0.0000
0.2154	0.0621	0.0000
0.2124	0.0623	-1.0000
0.2085	0.0626	-1.0000
0.2034	0.0630	-1.0000
0.1974	0.0635	-2.0000
0.1898	0.0641	-2.0000
0.1791	0.0650	-2.0000
0.1669	0.0659	-2.0000
0.1514	0.0672	-2.0000
0.1311	0.0688	-2.0000
0.1043	0.0709	-2.0000
0.0188	-0.0577	-3.0000
0.0173	-0.0578	-3.0000
0.0153	-0.0579	-3.0000
0.0127	-0.0581	-3.0000
0.0097	-0.0582	-3.0000
0.0057	-0.0585	-3.0000
0.0006	-0.0588	-3.0000
-0.0055	-0.0591	-3.0000
-0.0132	-0.0596	-3.0000
-0.0239	-0.0602	-3.0000
-0.0362	-0.0609	-3.0000
-0.0515	-0.0618	-3.0000
-0.0715	-0.0630	-2.0000
-0.0976	-0.0646	-2.0000
0.2043	0.1285	0.0000
0.2024	0.1288	0.0000
0.2001	0.1292	0.0000
0.1970	0.1297	0.0000
0.1934	0.1303	-1.0000
0.1886	0.1311	-1.0000
0.1823	0.1321	-1.0000
0.1749	0.1333	-2.0000
0.1655	0.1348	-2.0000
0.1523	0.1369	-2.0000
0.1369	0.1394	-2.0000
0.1174	0.1426	-2.0000
0.0916	0.1467	-1.0000
0.0572	0.1523	-1.0000
0.0157	0.1590	-1.0000
-0.0393	0.1679	0.0000
-0.1121	0.1796	0.0000
0.1355	0.0870	-2.0000
0.1337	0.0871	-2.0000
0.1313	0.0874	-2.0000
0.1281	0.0877	-3.0000
0.1244	0.0881	-3.0000
0.1196	0.0886	-3.0000
0.1132	0.0892	-3.0000
0.1056	0.0900	-3.0000
0.0961	0.0909	-2.0000
0.0827	0.0923	-2.0000
0.0672	0.0938	-2.0000
0.0476	0.0958	-2.0000
0.0216	0.0984	-1.0000
-0.0128	0.1019	-1.0000
-0.0540	0.1060	-1.0000
-0.1083	0.1115	0.0000
-0.0263	-0.0207	-2.0000
-0.0282	-0.0207	-2.0000
-0.0306	-0.0208	-2.0000
-0.0337	-0.0208	-2.0000
-0.0374	-0.0209	-3.0000
-0.0421	-0.0210	-3.0000
-0.0484	-0.0211	-3.0000
-0.0559	-0.0213	-2.0000
-0.0652	-0.0215	-2.0000
-0.0783	-0.0217	-2.0000
-0.0934	-0.0220	-2.0000
-0.1123	-0.0224	-1.0000
-0.1371	-0.0229	-1.0000
-0.1697	-0.0236	-1.0000
-0.2081	-0.0244	0.0000
-0.2579	-0.0254	0.0000
-0.1162	-0.0810	0.0000
-0.1179	-0.0812	0.0000
-0.1202	-0.0813	0.0000
-0.1233	-0.0815	0.0000
-0.1268	-0.0818	-1.0000
-0.1315	-0.0821	-1.0000
-0.1375	-0.0826	-1.0000
-0.1447	-0.0831	-2.0000
-0.1536	-0.0838	-2.0000
-0.1662	-0.0847	-1.0000
-0.1806	-0.0857	-1.0000
-0.1987	-0.0870	-1.0000
-0.2222	-0.0887	0.0000
-0.2530	-0.0910	0.0000
-0.2890	-0.0936	0.0000
-0.3352	-0.0969	0.0000
0.1933	0.1643	0.0000
0.1913	0.1647	0.0000
0.1887	0.1653	0.0000
0.1852	0.1660	0.0000
0.1811	0.1668	-1.0000
0.1758	0.1679	-1.0000
0.1687	0.1694	-1.0000
0.1603	0.1711	-1.0000
0.1498	0.1732	-1.0000
0.1348	0.1763	-1.0000
0.1173	0.1798	0.0000
0.0950	0.1844	0.0000
0.0654	0.1904	0.0000
0.0255	0.1985	0.0000
-0.0530	-0.0056	0.0000
-0.0550	-0.0056	0.0000
-0.0577	-0.0056	0.0000
-0.0611	-0.0057	0.0000
-0.0652	-0.0057	-1.0000
-0.0705	-0.0057	-1.0000
-0.0775	-0.0057	-1.0000
-0.0858	-0.0058	-1.0000
-0.0961	-0.0058	-1.0000
-0.1108	-0.0059	-1.0000
-0.1276	-0.0060	0.0000
-0.1488	-0.0061	0.0000
-0.1767	-0.0063	0.0000
-0.2135	-0.0065	0.0000
0.1561	0.1555	0.0000
0.1432	0.1578	0.0000
0.1265	0.1609	0.0000
0.1071	0.1645	0.0000
0.0827	0.1690	-1.0000
0.0524	0.1746	-1.0000
0.0197	0.1806	0.0000
-0.0151	0.1870	0.0000
-0.0494	0.1933	0.0000
-0.0637	0.1959	0.0000
0.1271	0.1241	-2.0000
0.1171	0.1255	-2.0000
0.1041	0.1274	-2.0000
0.0874	0.1298	-2.0000
0.0681	0.1325	-2.0000
0.0437	0.1360	-1.0000
0.0134	0.1403	-1.0000
-0.0190	0.1449	0.0000
-0.0534	0.1498	0.0000
-0.0872	0.1546	0.0000
-0.1013	0.1566	0.0000
0.0342	0.0471	-3.0000
0.0261	0.0475	-2.0000
0.0162	0.0480	-2.0000
0.0033	0.0486	-2.0000
-0.0132	0.0494	-2.0000
-0.0322	0.0503	-1.0000
-0.0561	0.0515	-1.0000
-0.0854	0.0529	-1.0000
-0.1167	0.0544	-1.0000
-0.1497	0.0560	0.0000
-0.1817	0.0576	0.0000
-0.0162	0.0003	-3.0000
-0.0212	0.0003	-3.0000
-0.0281	0.0003	-2.0000
-0.0361	0.0003	-2.0000
-0.0459	0.0003	-2.0000
-0.0585	0.0003	-2.0000
-0.0747	0.0003	-1.0000
-0.0933	0.0003	-1.0000
-0.1165	0.0003	-1.0000
-0.1450	0.0003	-1.0000
-0.1752	0.0003	0.0000
-0.2069	0.0003	0.0000
-0.2376	0.0003	0.0000
0.1493	0.0688	0.0000
0.1379	0.0697	0.0000
0.1232	0.0709	0.0000
0.1040	0.0725	-1.0000
0.0816	0.0743	-1.0000
0.0532	0.0766	-1.0000
0.0177	0.0794	-1.0000
-0.0210	0.0826	-1.0000
-0.0625	0.0859	0.0000
-0.1038	0.0893	0.0000
-0.1212	0.0907	0.0000
0.1159	0.0394	-3.0000
0.1067	0.0399	-2.0000
0.0953	0.0404	-2.0000
0.0805	0.0410	-2.0000
0.0613	0.0419	-2.0000
0.0390	0.0429	-2.0000
0.0107	0.0441	-1.0000
-0.0245	0.0457	-1.0000
-0.0627	0.0474	0.0000
-0.1036	0.0492	0.0000
-0.1441	0.0510	0.0000
-0.1610	0.0518	0.0000
0.0323	-0.0331	-3.0000
0.0293	-0.0332	-3.0000
0.0255	-0.0333	-3.0000
0.0209	-0.0335	-3.0000
0.0152	-0.0337	-3.0000
0.0072	-0.0339	-2.0000
-0.0019	-0.0342	-2.0000
-0.0131	-0.0346	-2.0000
-0.0277	-0.0351	-2.0000
-0.0465	-0.0358	-2.0000
-0.0682	-0.0365	-1.0000
-0.0956	-0.0374	-1.0000
-0.1294	-0.0386	-1.0000
-0.1657	-0.0398	0.0000
-0.0339	-0.0765	-3.0000
-0.0368	-0.0768	-3.0000
-0.0407	-0.0770	-3.0000
-0.0452	-0.0774	-3.0000
-0.0508	-0.0778	-2.0000
-0.0586	-0.0784	-2.0000
-0.0675	-0.0790	-2.0000
-0.0785	-0.0798	-2.0000
-0.0927	-0.0809	-1.0000
-0.1110	-0.0823	-1.0000
-0.1321	-0.0838	-1.0000
-0.1585	-0.0858	0.0000
-0.1911	-0.0882	0.0000
0.1644	0.0217	0.0000
0.1599	0.0219	0.0000
0.1547	0.0220	0.0000
0.1481	0.0222	0.0000
0.1389	0.0224	-1.0000
0.1283	0.0227	-1.0000
0.1151	0.0230	-1.0000
0.0978	0.0235	0.0000
0.0753	0.0241	0.0000
0.0490	0.0248	0.0000
0.0152	0.0256	0.0000
0.1235	-0.0063	-3.0000
0.1208	-0.0064	-3.0000
0.1174	-0.0064	-3.0000
0.1129	-0.0064	-3.0000
0.1077	-0.0065	-3.0000
0.1011	-0.0065	-3.0000
0.0918	-0.0066	-2.0000
0.0812	-0.0067	-2.0000
0.0679	-0.0067	-2.0000
0.0507	-0.0069	-2.0000
0.0282	-0.0070	-1.0000
0.0020	-0.0072	-1.0000
-0.0315	-0.0075	-1.0000
0.0106	-0.0781	-3.0000
0.0093	-0.0782	-3.0000
0.0076	-0.0783	-3.0000
0.0054	-0.0785	-3.0000
0.0028	-0.0787	-3.0000
-0.0006	-0.0789	-3.0000
-0.0051	-0.0793	-3.0000
-0.0103	-0.0797	-3.0000
-0.0168	-0.0802	-2.0000
-0.0259	-0.0809	-2.0000
-0.0363	-0.0818	-2.0000
-0.0493	-0.0828	-2.0000
-0.0661	-0.0841	-1.0000
-0.0879	-0.0858	-1.0000
-0.1132	-0.0878	0.0000
-0.1452	-0.0903	0.0000
-0.0600	-0.1210	-3.0000
-0.0613	-0.1212	-3.0000
-0.0629	-0.1213	-3.0000
-0.0651	-0.1216	-3.0000
-0.0676	-0.1219	-3.0000
-0.0710	-0.1223	-3.0000
-0.0753	-0.1228	-2.0000
-0.0804	-0.1233	-2.0000
-0.0868	-0.1241	-2.0000
-0.0957	-0.1251	-2.0000
-0.1058	-0.1262	-1.0000
-0.1184	-0.1277	-1.0000
-0.1347	-0.1295	-1.0000
-0.1558	-0.1319	0.0000
-0.1801	-0.1347	0.0000
-0.2107	-0.1382	0.0000
0.1560	0.0561	0.0000
0.1540	0.0563	0.0000
0.1514	0.0564	0.0000
0.1484	0.0566	0.0000
0.1444	0.0569	-1.0000
0.1393	0.0573	-1.0000
0.1331	0.0577	-1.0000
0.1254	0.0582	-2.0000
0.1146	0.0589	-2.0000
0.1022	0.0597	-2.0000
0.0866	0.0608	-2.0000
0.0661	0.0621	-2.0000
0.0392	0.0639	-1.0000
0.0074	0.0660	-1.0000
-0.0337	0.0688	-1.0000
-0.0864	0.0723	0.0000
-0.1452	0.0762	0.0000
-0.0253	-0.0574	-3.0000
-0.0272	-0.0575	-3.0000
-0.0298	-0.0576	-3.0000
-0.0328	-0.0578	-3.0000
-0.0367	-0.0580	-3.0000
-0.0419	-0.0583	-3.0000
-0.0479	-0.0586	-3.0000
-0.0555	-0.0591	-3.0000
-0.0661	-0.0597	-2.0000
-0.0782	-0.0603	-2.0000
-0.0934	-0.0612	-2.0000
-0.1131	-0.0623	-1.0000
-0.1388	-0.0637	-1.0000
-0.1687	-0.0654	-1.0000
-0.2069	-0.0675	0.0000
-0.2548	-0.0702	0.0000
-0.3072	-0.0732	0.0000
0.1434	0.0490	0.0000
0.1417	0.0491	0.0000
0.1395	0.0492	0.0000
0.1367	0.0494	0.0000
0.1333	0.0496	-1.0000
0.1289	0.0498	-1.0000
0.1231	0.0502	-1.0000
0.1163	0.0506	-2.0000
0.1077	0.0511	-2.0000
0.0956	0.0518	-2.0000
0.0816	0.0526	-2.0000
0.0640	0.0536	-2.0000
0.0408	0.0549	-1.0000
0.0102	0.0566	-1.0000
-0.0261	0.0587	-1.0000
-0.0736	0.0614	0.0000
-0.1351	0.0650	0.0000
0.0871	0.0161	-2.0000
0.0854	0.0161	-2.0000
0.0832	0.0162	-2.0000
0.0803	0.0162	-3.0000
0.0769	0.0163	-3.0000
0.0725	0.0164	-3.0000
0.0666	0.0165	-3.0000
0.0598	0.0166	-3.0000
0.0511	0.0167	-2.0000
0.0390	0.0170	-2.0000
0.0250	0.0172	-2.0000
0.0074	0.0175	-2.0000
-0.0157	0.0179	-1.0000
-0.0461	0.0185	-1.0000
-0.0820	0.0191	-1.0000
-0.1287	0.0199	0.0000
-0.0493	-0.0702	-2.0000
-0.0509	-0.0703	-2.0000
-0.0531	-0.0704	-2.0000
-0.0559	-0.0706	-3.0000
-0.0592	-0.0708	-3.0000
-0.0636	-0.0711	-3.0000
-0.0692	-0.0715	-3.0000
-0.0759	-0.0719	-2.0000
-0.0843	-0.0725	-2.0000
-0.0961	-0.0733	-2.0000
-0.1096	-0.0742	-2.0000
-0.1265	-0.0753	-1.0000
-0.1485	-0.0768	-1.0000
-0.1772	-0.0787	-1.0000
-0.2109	-0.0810	0.0000
-0.1274	-0.1200	0.0000
-0.1290	-0.1202	0.0000
-0.1311	-0.1204	0.0000
-0.1339	-0.1207	0.0000
-0.1371	-0.1210	-1.0000
-0.1413	-0.1215	-1.0000
-0.1468	-0.1221	-1.0000
-0.1532	-0.1227	-2.0000
-0.1613	-0.1236	-1.0000
-0.1726	-0.1248	-1.0000
-0.1855	-0.1262	-1.0000
-0.2017	-0.1279	0.0000
-0.2227	-0.1301	0.0000
-0.2499	-0.1330	0.0000
-0.2817	-0.1364	0.0000
0.1274	0.0839	0.0000
0.1243	0.0842	0.0000
0.1206	0.0846	0.0000
0.1158	0.0850	0.0000
0.1095	0.0857	-1.0000
0.1020	0.0864	-1.0000
0.0926	0.0873	-1.0000
0.0794	0.0885	-2.0000
0.0641	0.0900	-1.0000
0.0447	0.0919	-1.0000
0.0192	0.0943	-1.0000
-0.0147	0.0976	0.0000
-0.0552	0.1015	0.0000
-0.1085	0.1066	0.0000
-0.1782	0.1133	0.0000
-0.0702	-0.0482	0.0000
-0.0720	-0.0482	0.0000
-0.0743	-0.0483	0.0000
-0.0774	-0.0485	0.0000
-0.0810	-0.0486	-1.0000
-0.0857	-0.0488	-1.0000
-0.0918	-0.0491	-1.0000
-0.0991	-0.0495	-2.0000
-0.1081	-0.0499	-1.0000
-0.1209	-0.0504	-1.0000
-0.1356	-0.0511	-1.0000
-0.1539	-0.0519	0.0000
-0.1779	-0.0530	0.0000
-0.2094	-0.0544	0.0000
-0.2463	-0.0561	0.0000
0.3292	0.0975	0.0000
0.3260	0.0980	0.0000
0.3221	0.0986	0.0000
0.3173	0.0993	0.0000
0.3106	0.1002	-1.0000
0.3029	0.1014	-1.0000
0.2933	0.1028	-1.0000
0.2808	0.1046	-1.0000
0.2646	0.1069	-1.0000
0.2457	0.1097	-1.0000
0.2216	0.1132	0.0000
0.1913	0.1176	0.0000
0.1584	0.1224	0.0000
0.1229	0.1275	0.0000
0.2791	0.0684	-2.0000
0.2758	0.0687	-2.0000
0.2718	0.0691	-2.0000
0.2669	0.0696	-3.0000
0.2600	0.0702	-3.0000
0.2521	0.0710	-3.0000
0.2422	0.0719	-2.0000
0.2295	0.0731	-2.0000
0.2129	0.0747	-2.0000
0.1936	0.0765	-2.0000
0.1692	0.0788	-1.0000
0.1385	0.0818	-1.0000
0.1053	0.0849	0.0000
0.0697	0.0883	0.0000
0.1510	-0.0076	-3.0000
0.1475	-0.0077	-3.0000
0.1434	-0.0077	-3.0000
0.1383	-0.0078	-3.0000
0.1311	-0.0078	-3.0000
0.1230	-0.0079	-2.0000
0.1128	-0.0080	-2.0000
0.0997	-0.0081	-2.0000
0.0828	-0.0083	-2.0000
0.0632	-0.0084	-1.0000
0.0385	-0.0087	-1.0000
0.0079	-0.0089	-1.0000
-0.0249	-0.0092	0.0000
0.0734	-0.0542	-3.0000
0.0699	-0.0544	-3.0000
0.0658	-0.0547	-3.0000
0.0607	-0.0550	-2.0000
0.0535	-0.0554	-2.0000
0.0454	-0.0559	-2.0000
0.0353	-0.0564	-2.0000
0.0222	-0.0572	-2.0000
0.0054	-0.0582	-1.0000
-0.0139	-0.0593	-1.0000
-0.0382	-0.0607	-1.0000
-0.0682	-0.0625	0.0000
-0.1002	-0.0644	0.0000
0.3276	0.0324	0.0000
0.3234	0.0326	0.0000
0.3182	0.0329	0.0000
0.3108	0.0332	-1.0000
0.3023	0.0336	-1.0000
0.2917	0.0342	-1.0000
0.2779	0.0348	-2.0000
0.2599	0.0357	-2.0000
0.2388	0.0367	-2.0000
0.2117	0.0380	-1.0000
0.1775	0.0397	-1.0000
0.1398	0.0415	-1.0000
0.2764	0.0042	-3.0000
0.2727	0.0043	-3.0000
0.2684	0.0043	-3.0000
0.2629	0.0043	-3.0000
0.2553	0.0044	-3.0000
0.2466	0.0044	-3.0000
0.2357	0.0045	-3.0000
0.2216	0.0046	-2.0000
0.2031	0.0047	-2.0000
0.1816	0.0048	-2.0000
0.1541	0.0050	-2.0000
0.1194	0.0052	-1.0000
0.0815	0.0054	-1.0000
0.1381	-0.0691	-3.0000
0.1343	-0.0694	-3.0000
0.1297	-0.0698	-3.0000
0.1241	-0.0702	-3.0000
0.1162	-0.0709	-3.0000
0.1073	-0.0716	-3.0000
0.0960	-0.0725	-3.0000
0.0815	-0.0737	-2.0000
0.0627	-0.0752	-2.0000
0.0409	-0.0769	-2.0000
0.0133	-0.0791	-1.0000
-0.0211	-0.0819	-1.0000
-0.0584	-0.0849	0.0000
0.0558	-0.1137	-3.0000
0.0520	-0.1142	-3.0000
0.0475	-0.1147	-3.0000
0.0419	-0.1154	-3.0000
0.0340	-0.1163	-2.0000
0.0250	-0.1174	-2.0000
0.0139	-0.1187	-2.0000
-0.0005	-0.1205	-2.0000
-0.0190	-0.1227	-1.0000
-0.0405	-0.1253	-1.0000
-0.0675	-0.1285	-1.0000
-0.1011	-0.1326	0.0000
0.3337	-0.0135	0.0000
0.3298	-0.0136	0.0000
0.3251	-0.0137	-1.0000
0.3192	-0.0138	-1.0000
0.3110	-0.0140	-1.0000
0.3015	-0.0142	-2.0000
0.2896	-0.0144	-2.0000
0.2740	-0.0147	-2.0000
0.2758	-0.0398	-3.0000
0.2727	-0.0400	-3.0000
0.2686	-0.0402	-3.0000
0.2637	-0.0405	-3.0000
0.2576	-0.0408	-3.0000
0.2491	-0.0413	-3.0000
0.2393	-0.0418	-3.0000
0.2270	-0.0425	-3.0000
0.1267	-0.1113	-3.0000
0.1242	-0.1116	-3.0000
0.1209	-0.1120	-3.0000
0.1166	-0.1125	-3.0000
0.1116	-0.1132	-3.0000
0.1052	-0.1140	-3.0000
0.0964	-0.1151	-3.0000
0.0862	-0.1164	-3.0000
0.0406	-0.1548	-3.0000
0.0384	-0.1551	-3.0000
0.0359	-0.1555	-3.0000
0.0326	-0.1560	-3.0000
0.0283	-0.1567	-3.0000
0.0233	-0.1575	-3.0000
0.0170	-0.1586	-3.0000
0.0082	-0.1600	-2.0000
-0.0019	-0.1616	-2.0000
0.3477	-0.0007	0.0000
0.3464	-0.0007	0.0000
0.3448	-0.0007	0.0000
0.3426	-0.0007	0.0000
0.3400	-0.0007	-1.0000
0.3366	-0.0007	-1.0000
0.3322	-0.0007	-1.0000
0.3270	-0.0007	-2.0000
0.3205	-0.0007	-2.0000
0.3112	-0.0007	-2.0000
0.3006	-0.0007	-2.0000
0.2871	-0.0007	-3.0000
0.2695	-0.0007	-3.0000
0.2461	-0.0008	-2.0000
0.2184	-0.0008	-2.0000
0.1822	-0.0008	-2.0000
0.1136	-0.1018	-3.0000
0.1122	-0.1019	-3.0000
0.1103	-0.1021	-3.0000
0.1079	-0.1024	-3.0000
0.1051	-0.1027	-3.0000
0.1013	-0.1032	-3.0000
0.0965	-0.1037	-3.0000
0.0908	-0.1044	-3.0000
0.0836	-0.1052	-3.0000
0.0735	-0.1064	-3.0000
0.0620	-0.1077	-3.0000
0.0475	-0.1093	-3.0000
0.0287	-0.1115	-3.0000
0.0041	-0.1143	-3.0000
-0.0248	-0.1176	-3.0000
-0.0618	-0.1219	-2.0000
0.3612	0.1722	0.0000
0.3595	0.1727	0.0000
0.3573	0.1732	0.0000
0.3544	0.1740	0.0000
0.3510	0.1750	-1.0000
0.3465	0.1762	-1.0000
0.3406	0.1778	-1.0000
0.3336	0.1796	-2.0000
0.3247	0.1820	-2.0000
0.3120	0.1855	-2.0000
0.2973	0.1894	-2.0000
0.2785	0.1945	-2.0000
0.2533	0.2013	-2.0000
0.2192	0.2105	-2.0000
0.1776	0.2217	-1.0000
0.1211	0.2369	-1.0000
0.2703	0.1356	-2.0000
0.2685	0.1360	-2.0000
0.2661	0.1364	-2.0000
0.2630	0.1370	-3.0000
0.2593	0.1377	-3.0000
0.2545	0.1386	-3.0000
0.2482	0.1398	-3.0000
0.2407	0.1412	-3.0000
0.2311	0.1429	-3.0000
0.2176	0.1454	-3.0000
0.2020	0.1484	-3.0000
0.1820	0.1521	-3.0000
0.1553	0.1570	-2.0000
0.1195	0.1637	-2.0000
0.0760	0.1718	-2.0000
0.0175	0.1827	-1.0000
0.0583	0.0146	-2.0000
0.0564	0.0147	-2.0000
0.0539	0.0147	-2.0000
0.0506	0.0147	-3.0000
0.0467	0.0148	-3.0000
0.0416	0.0149	-3.0000
0.0349	0.0150	-3.0000
0.0270	0.0151	-3.0000
0.0171	0.0153	-3.0000
0.0031	0.0155	-3.0000
-0.0131	0.0157	-2.0000
-0.0336	0.0160	-2.0000
-0.0605	0.0165	-2.0000
-0.0963	0.0170	-1.0000
-0.1389	0.0177	-1.0000
-0.1948	0.0186	0.0000
-0.0535	-0.0588	0.0000
-0.0554	-0.0589	0.0000
-0.0579	-0.0590	0.0000
-0.0611	-0.0592	0.0000
-0.0649	-0.0594	-1.0000
-0.0699	-0.0597	-1.0000
-0.0764	-0.0600	-1.0000
-0.0841	-0.0605	-2.0000
-0.0937	-0.0610	-2.0000
-0.1073	-0.0617	-1.0000
-0.1229	-0.0626	-1.0000
-0.1425	-0.0637	-1.0000
-0.1682	-0.0651	0.0000
-0.2020	-0.0670	0.0000
-0.2419	-0.0693	0.0000
-0.2936	-0.0721	0.0000
0.3683	0.1986	0.0000
0.3664	0.1992	0.0000
0.3639	0.2000	0.0000
0.3606	0.2011	0.0000
0.3568	0.2023	-1.0000
0.3517	0.2039	-1.0000
0.3450	0.2060	-1.0000
0.3371	0.2085	-1.0000
0.3269	0.2116	-1.0000
0.3125	0.2162	-1.0000
0.2956	0.2215	0.0000
0.2738	0.2284	0.0000
0.2443	0.2376	0.0000
0.2040	0.2503	0.0000
0.0370	0.0042	0.0000
0.0348	0.0042	0.0000
0.0320	0.0042	0.0000
0.0284	0.0042	0.0000
0.0240	0.0043	-1.0000
0.0184	0.0043	-1.0000
0.0109	0.0043	-1.0000
0.0021	0.0044	-2.0000
-0.0090	0.0044	-2.0000
-0.0247	0.0045	-1.0000
-0.0429	0.0046	-1.0000
-0.0659	0.0047	-1.0000
-0.0964	0.0048	0.0000
-0.1371	0.0050	0.0000
-0.1859	0.0052	0.0000
-0.2505	0.0055	0.0000
