1.6852e-01	3.5619e-01	3.6565e-01
6.6852e-01	2.7470e-02	7.5766e-01
1.8830e-01	3.6693e-01	3.2758e-01
7.1987e-01	5.9260e-01	5.7903e-02
6.9721e-01	7.6451e-01	3.9274e-02
1.9861e-01	1.3953e-01	6.1000e-01
2.2154e-01	2.7670e-01	3.2774e-01
3.8533e-01	4.8472e-01	1.3782e-01
1.1476e-01	5.5212e-01	4.7113e-01
1.0501e-01	2.2867e-01	6.8250e-01
9.4280e-01	8.3937e-01	7.4194e-03
1.2553e-01	5.3466e-01	4.4194e-01
5.9424e-01	7.0120e-01	6.1935e-02
2.5562e-01	2.6978e-01	2.9468e-01
5.6546e-02	3.9967e-01	6.9758e-01
7.2210e-01	5.7604e-01	6.1855e-02
2.1792e-01	1.3016e-01	5.9710e-01
3.3946e-01	4.2860e-01	1.6823e-01
7.5850e-01	6.8483e-01	3.9194e-02
1.0929e-01	3.4028e-01	5.2194e-01
2.4949e-01	3.3373e-01	2.6177e-01
2.6955e-01	2.8516e-01	2.7032e-01
1.6611e-01	1.7073e-01	6.0282e-01
1.2758e-01	2.0002e-01	6.5653e-01
1.4225e-01	2.6433e-01	4.9290e-01
8.0074e-01	8.3391e-01	2.0323e-02
4.3083e-01	1.1588e-01	4.4573e-01
6.1393e-01	3.4928e-01	1.5073e-01
2.5534e-02	5.6886e-01	8.0073e-01
8.1170e-01	8.2390e-01	1.9516e-02
4.1142e-01	4.2023e-02	7.3484e-01
1.3798e-01	1.2871e-01	8.4903e-01
4.3268e-01	4.4715e-01	1.2548e-01
6.8858e-01	5.1792e-01	7.7903e-02
8.3324e-01	7.6833e-01	2.3065e-02
2.4030e-01	1.1343e-01	6.1210e-01
4.3658e-01	1.1825e-02	8.9339e-01
3.7372e-01	5.5212e-02	6.9468e-01
3.3621e-01	1.4499e-01	4.1040e-01
1.6955e-01	4.8790e-01	3.4613e-01
2.8932e-01	2.3813e-01	2.9500e-01
6.9369e-01	5.4002e-01	7.1452e-02
3.9044e-01	4.6189e-01	1.3815e-01
5.1411e-01	3.5892e-01	1.4290e-01
5.0046e-02	3.6884e-01	7.5290e-01
3.4401e-01	2.2867e-01	2.7298e-01
1.1096e-01	2.0211e-01	7.1944e-01
3.1764e-01	6.6218e-02	6.9734e-01
1.7382e-01	3.1881e-01	3.7355e-01
2.6750e-01	5.2911e-01	2.1984e-01
3.6444e-01	3.8266e-01	1.6661e-01
2.0641e-01	2.8033e-01	3.4589e-01
2.3658e-01	4.8763e-01	2.5000e-01
8.0409e-02	5.6558e-01	5.7379e-01
2.9768e-01	3.2381e-02	9.1903e-01
1.5005e-01	2.5669e-01	4.8129e-01
4.5515e-01	4.7299e-02	6.8653e-01
2.0074e-01	4.7862e-01	2.9581e-01
5.5172e-01	6.5754e-01	7.3145e-02
9.2117e-01	8.6957e-01	4.8387e-03
3.3389e-01	1.2780e-01	4.5387e-01
2.4986e-01	4.7826e-01	2.3516e-01
2.4828e-01	3.9085e-01	2.4492e-01
3.0734e-01	4.5061e-01	1.8597e-01
5.5255e-01	4.4724e-01	1.0379e-01
2.5097e-01	3.7430e-01	2.4613e-01
2.3760e-01	2.7797e-01	3.0718e-01
3.8821e-01	5.6567e-01	1.3435e-01
1.4615e-01	5.1246e-01	3.9331e-01
8.8487e-02	4.4815e-01	5.4887e-01
8.8607e-01	8.1508e-01	1.3710e-02
3.0204e-01	2.3613e-01	2.8806e-01
3.9044e-01	1.1424e-01	4.6153e-01
3.7502e-01	1.8128e-01	3.2435e-01
4.9907e-01	6.4490e-01	8.9274e-02
6.6453e-01	7.6078e-01	4.5645e-02
5.5952e-01	4.5452e-01	1.0097e-01
6.5348e-01	7.8861e-01	4.8306e-02
6.3222e-01	5.3556e-01	7.4274e-02
4.0279e-01	5.2301e-02	6.8839e-01
2.3538e-01	2.8161e-01	3.0702e-01
1.3287e-01	9.8053e-02	1.0000e+00
5.3110e-01	9.7144e-02	4.9185e-01
5.4318e-01	3.9212e-01	1.2548e-01
2.9322e-01	2.0993e-01	3.2532e-01
8.9443e-01	7.6223e-01	2.1452e-02
4.3714e-01	3.7839e-01	1.4452e-01
3.2238e-01	2.1039e-01	3.0565e-01
2.9981e-01	1.9574e-01	3.4048e-01
5.5237e-01	6.4608e-01	7.3145e-02
2.6713e-01	1.0415e-01	6.0137e-01
8.0641e-01	6.3398e-01	4.8145e-02
3.7019e-01	3.8521e-01	1.6339e-01
2.8273e-01	5.7777e-01	2.1081e-01
6.5181e-01	8.4592e-03	8.4863e-01
3.9294e-01	4.6725e-01	1.3637e-01
8.5051e-02	3.8776e-01	5.8056e-01
2.0455e-01	1.4763e-01	5.7016e-01
5.0511e-01	3.9103e-01	1.2863e-01
4.1244e-01	3.7766e-01	1.5113e-01
4.2990e-01	3.3136e-01	1.6782e-01
6.4150e-01	5.9896e-01	6.1371e-02
5.8468e-01	6.3971e-01	6.5887e-02
4.3955e-01	4.2196e-01	1.2960e-01
2.9239e-01	3.1454e-01	2.3452e-01
8.6917e-01	7.8661e-01	1.8468e-02
4.5942e-01	6.4590e-01	1.0460e-01
3.5970e-01	4.3833e-01	1.5589e-01
6.5915e-01	6.0779e-01	5.8306e-02
4.6082e-01	9.2050e-02	5.0976e-01
4.6945e-01	1.5963e-01	3.4573e-01
4.1718e-01	2.3304e-01	2.4669e-01
1.2943e-01	3.0326e-01	4.8839e-01
4.2052e-01	1.8574e-01	3.0653e-01
1.3055e-01	1.1688e-01	9.2790e-01
8.0919e-01	9.4197e-01	1.6371e-02
9.5469e-01	7.9525e-01	1.4597e-02
4.1903e-01	8.3682e-02	5.4839e-01
8.9090e-01	7.3631e-01	2.6371e-02
4.6230e-01	2.8124e-01	1.9653e-01
2.3482e-01	5.0800e-01	2.5315e-01
7.5924e-01	6.9220e-01	3.8065e-02
3.6955e-02	3.2354e-01	8.7782e-01
3.6546e-01	4.6616e-01	1.4927e-01
2.9099e-01	6.1033e-02	7.6258e-01
3.8069e-01	1.6991e-01	3.4137e-01
3.3231e-01	4.0286e-01	1.7734e-01
1.9322e-01	7.8588e-02	8.8927e-01
6.4968e-01	5.7704e-01	6.4355e-02
3.7502e-01	1.2671e-01	4.3452e-01
1.7252e-01	5.1255e-01	3.4290e-01
3.4912e-02	4.5907e-01	7.7871e-01
3.2730e-01	1.3889e-01	4.3024e-01
4.5497e-02	5.8514e-01	7.0742e-01
6.4940e-01	7.9216e-01	4.9435e-02
1.5525e-01	4.0395e-01	3.7806e-01
1.6184e-01	2.1011e-01	5.2339e-01
8.3398e-01	8.9003e-01	1.2903e-02
1.1402e-01	5.5867e-01	4.7419e-01
7.4903e-01	8.4546e-01	2.8226e-02
4.0826e-01	2.1002e-01	2.7500e-01
5.8561e-01	6.8164e-01	6.4194e-02
2.7976e-01	1.3680e-01	4.7815e-01
5.0604e-02	2.8770e-01	8.4960e-01
8.0650e-01	7.6715e-01	2.5161e-02
4.2043e-01	5.2383e-01	1.1992e-01
1.8227e-01	4.3287e-01	3.2500e-01
6.3380e-01	6.5390e-01	5.5968e-02
1.7725e-01	1.7691e-01	5.5556e-01
3.3519e-01	3.5892e-01	1.8871e-01
5.7790e-01	7.0839e-01	6.6290e-02
1.5237e-01	4.8672e-01	3.7863e-01
5.0474e-01	4.9727e-01	9.7903e-02
5.9749e-01	5.3411e-01	7.7258e-02
7.6435e-01	8.3209e-01	2.5806e-02
8.2256e-01	5.8796e-01	6.1613e-02
1.1207e-01	2.7369e-01	5.7734e-01
6.9201e-01	5.0255e-01	8.2984e-02
1.5562e-01	3.7757e-01	3.8387e-01
6.9582e-01	7.8834e-01	3.9032e-02
7.4745e-01	5.9896e-01	5.6129e-02
6.8282e-01	7.0466e-01	4.4677e-02
5.7753e-02	6.8028e-01	6.7000e-01
4.0390e-01	4.3606e-01	1.3734e-01
4.1968e-01	5.3211e-01	1.1976e-01
5.6277e-01	6.7655e-01	7.0081e-02
5.2479e-01	6.4790e-01	8.0968e-02
1.1049e-01	2.7397e-01	5.8290e-01
1.9359e-01	2.7833e-01	3.6758e-01
6.3296e-01	4.9654e-01	8.4597e-02
6.8189e-01	8.8157e-01	4.4677e-02
6.9731e-01	5.8832e-01	5.9516e-02
1.4587e-01	1.9120e-01	6.1282e-01
1.6982e-01	2.5005e-01	4.4194e-01
2.0056e-02	4.6462e-01	8.5952e-01
1.4206e-02	5.5130e-01	8.6347e-01
3.0427e-01	1.7500e-01	3.7121e-01
5.7734e-01	6.2643e-01	6.8226e-02
1.8895e-01	6.8674e-02	9.5403e-01
4.5144e-01	4.4661e-02	7.0089e-01
7.2191e-01	8.3154e-01	3.3629e-02
6.0474e-01	3.7657e-02	7.0935e-01
6.6100e-01	7.1466e-01	4.7581e-02
3.4791e-01	2.2130e-01	2.7968e-01
2.0427e-02	4.0395e-01	8.9589e-01
3.0975e-01	3.3673e-01	2.1218e-01
4.3408e-01	2.3094e-01	2.4637e-01
5.0520e-01	3.3564e-01	1.5637e-01
2.0204e-01	4.2241e-01	2.9589e-01
2.0984e-01	5.0828e-01	2.8484e-01
7.3695e-01	7.7215e-01	3.2581e-02
6.3909e-01	6.5090e-01	5.5403e-02
7.3723e-02	2.9916e-01	7.0710e-01
2.9294e-01	2.6051e-01	2.7113e-01
5.4782e-02	4.2450e-01	6.9323e-01
3.5432e-01	1.8619e-01	3.2435e-01
3.9369e-01	7.8406e-02	5.7887e-01
3.9415e-01	1.9129e-01	3.0363e-01
8.8700e-01	7.5860e-01	2.2258e-02
5.4522e-01	4.8899e-01	9.2984e-02
3.2721e-01	5.2210e-02	7.5855e-01
4.3361e-02	6.2689e-01	7.1863e-01
5.9851e-01	3.0526e-01	1.8073e-01
7.4076e-01	6.3671e-04	8.8774e-01
3.9879e-01	2.6251e-01	2.2202e-01
6.6936e-01	4.6680e-01	9.5242e-02
2.7669e-01	2.8570e-01	2.6395e-01
1.0864e-01	2.7842e-01	5.8387e-01
1.1643e-01	3.1071e-01	5.2161e-01
4.5162e-01	8.3682e-02	5.3927e-01
1.5840e-01	5.0127e-01	3.6766e-01
2.9805e-01	1.0615e-01	5.5226e-01
5.5478e-01	1.0733e-01	4.6573e-01
4.9684e-01	2.6596e-01	2.0790e-01
3.8728e-01	2.5541e-01	2.3121e-01
4.7651e-01	1.3626e-01	3.9226e-01
2.9898e-01	4.8863e-01	1.9048e-01
2.6787e-01	4.5643e-01	2.1782e-01
4.2943e-01	6.0069e-01	1.1548e-01
3.8431e-01	2.4013e-01	2.4661e-01
1.7047e-01	2.7178e-01	4.1669e-01
3.9926e-03	6.1734e-01	9.0879e-01
4.5441e-01	5.1937e-02	6.6540e-01
1.9378e-01	4.5552e-01	3.0589e-01
5.5274e-01	1.7273e-01	3.2815e-01
2.6760e-01	2.6687e-01	2.8589e-01
4.8449e-01	6.2334e-01	9.3952e-02
5.0251e-01	5.5367e-01	9.0887e-02
3.1346e-01	5.2201e-01	1.7992e-01
8.1699e-01	8.0962e-01	2.0000e-02
1.1811e-01	2.9361e-01	5.3282e-01
6.9452e-02	2.9443e-01	7.3500e-01
2.3955e-01	4.5343e-01	2.4661e-01
2.6407e-01	1.8537e-01	3.8895e-01
6.5850e-01	4.4661e-02	6.8427e-01
3.8542e-01	2.1912e-01	2.6927e-01
3.6175e-01	1.0851e-01	4.9169e-01
4.4030e-01	6.4126e-02	6.1685e-01
2.4141e-02	7.2139e-01	8.0992e-01
5.6852e-01	4.9372e-01	8.9194e-02
4.0093e-01	3.5374e-01	1.6411e-01
1.6184e-01	1.2625e-01	7.6976e-01
5.6091e-01	5.7913e-01	7.5484e-02
5.4076e-01	3.5956e-01	1.4169e-01
4.2804e-01	1.8137e-01	3.1218e-01
7.2916e-01	8.0953e-01	3.2419e-02
2.4271e-01	4.1568e-01	2.4637e-01
2.9656e-01	4.6553e-01	1.9298e-01
3.1365e-01	3.5656e-01	2.0194e-01
6.5190e-01	4.4379e-01	1.0379e-01
6.6769e-01	7.2740e-01	4.5887e-02
5.8412e-01	1.9374e-02	7.9694e-01
2.7019e-02	3.1990e-01	9.4444e-01
6.4596e-01	5.7841e-01	6.4435e-02
8.5302e-01	7.5314e-01	2.4194e-02
3.6583e-02	3.0999e-01	8.9887e-01
9.3937e-01	7.7178e-01	1.9194e-02
2.8069e-01	1.0788e-01	5.6774e-01
0.0000e+00	5.6695e-01	9.4129e-01
7.3445e-01	8.5237e-01	3.1048e-02
3.5135e-01	4.3842e-02	7.7669e-01
3.4968e-01	1.5972e-01	3.7234e-01
4.1820e-01	5.7495e-01	1.1992e-01
4.6128e-01	4.5925e-01	1.1508e-01
6.6230e-01	5.3438e-01	7.3306e-02
3.0362e-01	1.1306e-01	5.2282e-01
4.2813e-01	6.0233e-01	1.1613e-01
2.0901e-01	7.4768e-02	8.6444e-01
5.0854e-01	2.2285e-01	2.5306e-01
3.3686e-01	3.1381e-02	8.6734e-01
3.8032e-01	2.4195e-02	8.6290e-01
6.5924e-01	6.0824e-01	5.8226e-02
7.6435e-01	7.4286e-01	3.1532e-02
3.6156e-01	4.7271e-01	1.5065e-01
3.7029e-01	6.6036e-02	6.4597e-01
4.0371e-01	2.7988e-01	2.0677e-01
4.1198e-01	4.2014e-01	1.3815e-01
3.9629e-01	7.3949e-02	5.9540e-01
2.7233e-01	2.8861e-01	2.6556e-01
2.2925e-01	4.9936e-02	9.5040e-01
2.6722e-01	5.2665e-02	8.5177e-01
3.3946e-01	2.7333e-01	2.3371e-01
2.2154e-01	5.1237e-01	2.6968e-01
6.8644e-01	7.9134e-01	4.0968e-02
2.7744e-01	1.6345e-01	4.1702e-01
4.9749e-01	2.6433e-01	2.0944e-01
4.3946e-01	5.7259e-01	1.1073e-01
3.4262e-02	4.4743e-01	7.8758e-01
6.6017e-02	2.7006e-01	7.9274e-01
7.9109e-02	6.3462e-01	5.8855e-01
5.3157e-01	2.2085e-01	2.5694e-01
2.6472e-01	3.4019e-02	9.6855e-01
3.3612e-01	3.6929e-01	1.8460e-01
7.7084e-01	6.9784e-01	3.6532e-02
6.6555e-01	6.9702e-01	4.7823e-02
3.6425e-01	2.5578e-01	2.3815e-01
4.7205e-01	4.9227e-01	1.0629e-01
8.1448e-01	9.0513e-01	1.5565e-02
9.2275e-01	7.7943e-01	1.7903e-02
7.4550e-01	8.7702e-01	2.8952e-02
5.4940e-01	3.1008e-01	1.7323e-01
4.6490e-01	5.0264e-01	1.0669e-01
1.7428e-01	3.1954e-01	3.7226e-01
3.2071e-01	3.1881e-01	2.1427e-01
5.7939e-01	4.9936e-02	6.5694e-01
6.5729e-01	5.9305e-01	6.0887e-02
5.4234e-01	1.9383e-01	2.9395e-01
5.9424e-03	5.6977e-01	9.0629e-01
3.6871e-01	2.3204e-01	2.5976e-01
7.0817e-01	6.8801e-01	4.2984e-02
1.2507e-01	1.7892e-01	7.2395e-01
7.8273e-02	1.8810e-01	9.1798e-01
5.1058e-01	3.1526e-01	1.6911e-01
6.0613e-01	7.1175e-01	5.9032e-02
4.7307e-01	2.8415e-01	1.9339e-01
4.1346e-01	2.9862e-01	1.9113e-01
2.3890e-01	1.4844e-01	5.0218e-01
5.3668e-01	3.8557e-01	1.2879e-01
1.2098e-01	3.0398e-01	5.1323e-01
4.1746e-01	4.0286e-01	1.4129e-01
5.4522e-01	6.0788e-01	7.6452e-02
5.0743e-01	3.3718e-01	1.5532e-01
3.7233e-02	5.0591e-01	7.5218e-01
5.6685e-01	1.3025e-01	4.1185e-01
7.0566e-02	5.5003e-01	6.0694e-01
6.4503e-01	6.8883e-01	5.1694e-02
3.3231e-01	1.1615e-01	4.8798e-01
4.8654e-02	2.7733e-01	8.7823e-01
3.9684e-01	3.8066e-01	1.5492e-01
8.3380e-02	6.0042e-01	5.6895e-01
2.2544e-01	5.0000e-01	2.6395e-01
8.8626e-01	6.8947e-01	3.6532e-02
3.7809e-01	2.8998e-01	2.0653e-01
5.2414e-01	1.6782e-01	3.3323e-01
9.4986e-02	2.9216e-01	6.2000e-01
4.5088e-01	4.0058e-01	1.3347e-01
5.3937e-01	2.3804e-01	2.3758e-01
3.1690e-01	5.2228e-01	1.7734e-01
3.6676e-01	5.3165e-01	1.4540e-01
5.4448e-01	1.5418e-01	3.5984e-01
6.2479e-01	4.7171e-01	9.2661e-02
6.8877e-01	7.1384e-01	4.3145e-02
4.8644e-01	3.3946e-01	1.5540e-01
4.9879e-01	5.1628e-01	9.6129e-02
3.5812e-01	3.8021e-02	8.0282e-01
6.3742e-01	5.6849e-02	6.3508e-01
1.3760e-01	1.9774e-01	6.2492e-01
1.4299e-02	4.7280e-01	8.8992e-01
4.7994e-01	3.3109e-01	1.6081e-01
5.4643e-01	4.6898e-01	9.7903e-02
8.6750e-01	7.2258e-01	2.9194e-02
4.2433e-02	6.9401e-01	7.3032e-01
3.0799e-01	2.2121e-01	3.0089e-01
1.1383e-01	6.0096e-01	4.8226e-01
6.4903e-02	2.0538e-01	9.4210e-01
4.3918e-01	5.7195e-01	1.1089e-01
4.2711e-01	3.6274e-01	1.5331e-01
6.2683e-01	4.0531e-01	1.2008e-01
5.5023e-01	5.2629e-01	8.4677e-02
3.2015e-01	3.4528e-01	2.0226e-01
5.2813e-01	3.5883e-01	1.4234e-01
2.9536e-01	3.6156e-01	2.1234e-01
9.0919e-01	7.1084e-01	3.2016e-02
3.0074e-01	3.6302e-01	2.0806e-01
5.1885e-01	2.4468e-02	7.8226e-01
1.1699e-02	4.1504e-01	9.4194e-01
1.8756e-02	7.0848e-01	8.3298e-01
1.8663e-02	5.0528e-01	8.5105e-01
3.9814e-01	5.2319e-01	1.2952e-01
4.7558e-01	2.5550e-01	2.1815e-01
4.1764e-01	1.3917e-02	8.9460e-01
4.8338e-01	1.3617e-01	3.9242e-01
2.4160e-01	3.5629e-01	2.6129e-01
2.1328e-01	2.4968e-01	3.6419e-01
7.1077e-01	5.6722e-01	6.4113e-02
9.1773e-01	8.2591e-01	1.0565e-02
7.0548e-01	2.4832e-02	7.7242e-01
3.0641e-01	2.5432e-01	2.6750e-01
3.7354e-01	4.2159e-01	1.5250e-01
1.8189e-01	2.2503e-01	4.5032e-01
6.5989e-01	4.8999e-01	8.6532e-02
1.5803e-01	2.0129e-01	5.5161e-01
3.7623e-01	1.8592e-01	3.1661e-01
4.1031e-01	6.4581e-02	6.2742e-01
8.5330e-02	5.4257e-01	5.5581e-01
3.8709e-01	4.3669e-01	1.4371e-01
5.0891e-01	5.2774e-01	9.2258e-02
1.7001e-01	1.0870e-01	8.1718e-01
3.5348e-01	3.8257e-01	1.7161e-01
2.7363e-01	3.6265e-01	2.2879e-01
5.1188e-01	8.9867e-02	5.1298e-01
3.1179e-01	1.2443e-01	4.8024e-01
4.4912e-01	3.9112e-01	1.3718e-01
2.4540e-01	2.6533e-01	3.0887e-01
1.0306e-02	4.5070e-01	9.2621e-01
3.3946e-01	2.2339e-01	2.8105e-01
6.8524e-01	4.6116e-01	9.8306e-02
3.1356e-01	2.0884e-01	3.1290e-01
9.3463e-01	7.7397e-01	1.8790e-02
9.2665e-02	2.2876e-01	7.3887e-01
4.7837e-01	1.6273e-01	3.4000e-01
4.5032e-01	5.9687e-01	1.0645e-01
4.1690e-01	4.5479e-02	7.1387e-01
7.7892e-01	9.1586e-01	2.2339e-02
3.7502e-01	4.6644e-01	1.4452e-01
2.7103e-01	1.0951e-01	5.7532e-01
6.2182e-01	5.5230e-01	7.1371e-02
3.3658e-01	2.1957e-01	2.8685e-01
7.6230e-01	6.8092e-01	3.9597e-02
6.5552e-02	3.9312e-01	6.5911e-01
1.9972e-01	3.0198e-01	3.4016e-01
5.4355e-01	8.9230e-02	5.1589e-01
3.4429e-01	2.3213e-01	2.6911e-01
2.4930e-01	3.9567e-02	9.6621e-01
4.4782e-01	9.2960e-02	5.0927e-01
4.0028e-01	2.1748e-01	2.6750e-01
4.5107e-01	5.1273e-01	1.0968e-01
9.2312e-01	8.2545e-01	1.0323e-02
1.5645e-01	4.0677e-01	3.7524e-01
2.1941e-01	4.3124e-01	2.7185e-01
4.3008e-01	2.2776e-01	2.5048e-01
5.6509e-01	5.4830e-01	7.8790e-02
1.0037e-01	4.8199e-01	5.0710e-01
5.6407e-01	3.6383e-01	1.3935e-01
3.3073e-01	1.6564e-01	3.7097e-01
2.0669e-01	5.0746e-01	2.8911e-01
5.0093e-01	4.4115e-01	1.1161e-01
7.8468e-01	7.8943e-01	2.5242e-02
5.4977e-01	3.2409e-01	1.6331e-01
3.1857e-01	3.2390e-01	2.1282e-01
3.0390e-01	1.9774e-01	3.3452e-01
5.0808e-01	1.5581e-01	3.5347e-01
1.8505e-01	4.0822e-01	3.2339e-01
6.0344e-01	6.1015e-01	6.4839e-02
2.3213e-01	5.4302e-02	9.1855e-01
1.0009e-01	2.4159e-01	6.7782e-01
3.9629e-01	1.9365e-01	2.9960e-01
3.9684e-01	8.6411e-03	9.4637e-01
5.6063e-01	2.5878e-01	2.1790e-01
2.0446e-01	3.5347e-01	3.0790e-01
7.0576e-01	6.3889e-01	4.9677e-02
7.6444e-01	7.5705e-01	3.0161e-02
1.5302e-01	2.9116e-01	4.3726e-01
4.6240e-01	1.8219e-01	3.0806e-01
2.7168e-01	2.8561e-02	9.8847e-01
3.0975e-01	5.3320e-01	1.8323e-01
5.7948e-01	6.0615e-01	6.9355e-02
2.9991e-01	9.0595e-02	6.0944e-01
1.1430e-01	2.1757e-01	6.6742e-01
3.3584e-01	5.4284e-01	1.6484e-01
2.4587e-01	5.4621e-01	2.4435e-01
5.3630e-01	5.9032e-01	7.9677e-02
1.4039e-01	5.8723e-01	4.1702e-01
6.2284e-01	6.1852e-03	8.6250e-01
2.6704e-01	4.2842e-01	2.2089e-01
6.8143e-01	5.6358e-01	6.5565e-02
5.3955e-01	1.9738e-01	2.8855e-01
4.6370e-01	1.1297e-01	4.4871e-01
3.2275e-01	3.8130e-01	1.8847e-01
3.8969e-01	3.3873e-01	1.7444e-01
6.6760e-02	2.9116e-01	7.5403e-01
5.8932e-01	6.8337e-01	6.3306e-02
6.5107e-01	7.4723e-01	4.8629e-02
4.5005e-01	3.7166e-01	1.4460e-01
7.9183e-01	1.5372e-02	8.2347e-01
6.5627e-01	4.2905e-01	1.1048e-01
1.4661e-01	2.0156e-01	5.8573e-01
1.4438e-01	1.7646e-01	6.5734e-01
4.3668e-01	2.9834e-02	7.8597e-01
5.0455e-01	5.1064e-01	9.5726e-02
1.1941e-01	2.1639e-01	6.4960e-01
1.0446e-01	5.1428e-01	4.9540e-01
3.5877e-01	2.8197e-02	8.6089e-01
3.5608e-01	6.0033e-02	6.8653e-01
2.4680e-01	4.7990e-01	2.3847e-01
6.4243e-01	6.8992e-01	5.2097e-02
1.8821e-01	3.2136e-01	3.4694e-01
1.6574e-01	7.4677e-02	9.9492e-01
2.7883e-01	2.9398e-01	2.5669e-01
5.1383e-01	6.6300e-01	8.4677e-02
3.7976e-01	1.1142e-01	4.7395e-01
2.5255e-01	3.4919e-01	2.5250e-01
3.4698e-01	2.9743e-01	2.1339e-01
6.8301e-01	4.8599e-01	8.8548e-02
2.4448e-01	1.4408e-01	5.0524e-01
2.3807e-01	2.2922e-01	3.5435e-01
1.2544e-01	2.6323e-01	5.4516e-01
1.2925e-01	3.0708e-01	4.8581e-01
1.2442e-02	6.2971e-01	8.6258e-01
6.8672e-01	1.8556e-02	7.9919e-01
1.2423e-01	4.2141e-01	4.4637e-01
5.0344e-01	6.2616e-01	8.7581e-02
5.0641e-01	9.9327e-02	4.8484e-01
8.5599e-01	8.9804e-01	9.4355e-03
3.5515e-01	4.4843e-02	7.6685e-01
2.8728e-01	1.1524e-01	5.3371e-01
4.8022e-01	1.4608e-01	3.7161e-01
5.0139e-03	6.5754e-01	8.9984e-01
7.9656e-01	7.5123e-01	2.7742e-02
2.1012e-01	2.9607e-01	3.2895e-01
2.2748e-02	6.4635e-01	8.1169e-01
3.9851e-01	5.2583e-01	1.2927e-01
1.7874e-01	1.8556e-01	5.3137e-01
4.2266e-01	4.4588e-01	1.2887e-01
6.1653e-02	5.9478e-01	6.4339e-01
1.4494e-01	2.3258e-01	5.3081e-01
3.3658e-01	2.7979e-01	2.3016e-01
1.6602e-01	5.2783e-01	3.5621e-01
3.6760e-01	3.9321e-01	1.6210e-01
9.6091e-01	8.8657e-01	0.0000e+00
5.3380e-01	3.2545e-01	1.6210e-01
1.8422e-01	9.9964e-02	8.1145e-01
2.0446e-01	3.7848e-01	3.0024e-01
2.8691e-02	6.3844e-01	7.8363e-01
4.2293e-01	5.2283e-01	1.1895e-01
7.6379e-01	7.0748e-01	3.5645e-02
3.6657e-01	9.2778e-03	9.7306e-01
3.2052e-01	4.2168e-01	1.8081e-01
2.5450e-01	1.1834e-01	5.6911e-01
2.5042e-01	2.3404e-01	3.3460e-01
8.3287e-01	7.5450e-01	2.4919e-02
4.4652e-01	2.0820e-01	2.7218e-01
6.0631e-02	3.2627e-01	7.3976e-01
2.4420e-01	1.1252e-01	6.0831e-01
5.9889e-02	5.4339e-01	6.4750e-01
4.7214e-01	2.0375e-01	2.7677e-01
8.2052e-01	9.3733e-01	1.4113e-02
4.9229e-01	5.8496e-01	9.1855e-02
4.6360e-01	5.7741e-01	1.0153e-01
6.4345e-01	5.6240e-01	6.7661e-02
5.1829e-01	1.8192e-04	9.2266e-01
1.2470e-01	4.1313e-01	4.4669e-01
1.9229e-01	6.4854e-02	9.6427e-01
1.5599e-02	6.9556e-01	8.4702e-01
1.2572e-01	4.6525e-01	4.3815e-01
4.2693e-01	1.5754e-01	3.5323e-01
3.0362e-02	4.6916e-01	7.9919e-01
3.8793e-01	2.6305e-01	2.2427e-01
6.3250e-01	6.6691e-01	5.5161e-02
2.7577e-01	3.5319e-01	2.3024e-01
9.8607e-02	2.7051e-01	6.3468e-01
9.2572e-02	2.8879e-01	6.3444e-01
8.0631e-01	8.0708e-01	2.1371e-02
3.8617e-01	3.3955e-01	1.7524e-01
8.8189e-01	6.5845e-01	4.4274e-02
6.1513e-01	9.2778e-03	8.4669e-01
3.2674e-01	1.3134e-01	4.4960e-01
2.1718e-01	3.3600e-01	2.9750e-01
6.9369e-01	5.3811e-01	7.2016e-02
1.1458e-01	1.1661e-01	9.9476e-01
8.7279e-03	6.7901e-01	8.8016e-01
1.7140e-01	2.1503e-01	4.9016e-01
2.1179e-01	6.8128e-02	8.9298e-01
4.3584e-01	1.2425e-01	4.2355e-01
6.7112e-01	2.4195e-02	7.7266e-01
8.1291e-01	7.0220e-01	3.3952e-02
1.8032e-01	1.8637e-01	5.2573e-01
1.8468e-01	1.3462e-01	6.6452e-01
1.7094e-01	2.9043e-01	3.9895e-01
3.5246e-01	7.0493e-02	6.4032e-01
3.7131e-01	5.6858e-01	1.4387e-01
4.7168e-01	2.1630e-01	2.6056e-01
4.7911e-02	6.4717e-01	7.0234e-01
6.5831e-02	1.8637e-01	9.8855e-01
2.6286e-01	8.0407e-02	7.1218e-01
4.8004e-02	3.4510e-01	7.8742e-01
6.6852e-02	3.0935e-01	7.2823e-01
4.5998e-01	3.6347e-01	1.4645e-01
8.4773e-02	5.9651e-01	5.6379e-01
2.8691e-01	1.6846e-01	3.9774e-01
1.8301e-01	2.1239e-01	4.6831e-01
8.2563e-01	7.9298e-01	2.0726e-02
3.2024e-01	2.3440e-01	2.7871e-01
1.8422e-01	1.1752e-01	7.3298e-01
1.5506e-02	4.9673e-01	8.7226e-01
5.6880e-01	1.9720e-01	2.9266e-01
8.1337e-02	3.0271e-01	6.6605e-01
4.4680e-01	5.2711e-01	1.0984e-01
2.3194e-01	5.0655e-01	2.5645e-01
7.5441e-01	7.8388e-01	2.9435e-02
4.3398e-01	2.3076e-01	2.4661e-01
3.0418e-01	2.6023e-01	2.6371e-01
1.6342e-02	4.7399e-01	8.7710e-01
4.3408e-01	1.1288e-01	4.5323e-01
4.1291e-01	3.0317e-01	1.8823e-01
9.9861e-01	7.5623e-01	2.3952e-02
9.0158e-02	4.7981e-01	5.3944e-01
1.5395e-01	3.2763e-01	4.0895e-01
2.4429e-01	1.9984e-01	3.8774e-01
6.1616e-01	4.5397e-01	9.8952e-02
2.4039e-01	1.6536e-01	4.5839e-01
4.9954e-02	6.1479e-01	6.9065e-01
2.7623e-01	3.9876e-01	2.1742e-01
4.7697e-01	4.3951e-01	1.1629e-01
4.3556e-01	4.3842e-01	1.2653e-01
5.4076e-01	7.1594e-01	7.7903e-02
1.9211e-01	5.2683e-01	3.1250e-01
3.1783e-01	4.2887e-01	1.8129e-01
2.3770e-01	1.4954e-01	5.0113e-01
5.4643e-01	2.1648e-02	7.9089e-01
4.0501e-01	3.0717e-01	1.8758e-01
1.2776e-01	4.2678e-01	4.3637e-01
3.5645e-01	1.4617e-01	3.9702e-01
3.5274e-01	4.6644e-01	1.5597e-01
8.1031e-01	8.4492e-01	1.8387e-02
2.0111e-01	2.8261e-01	3.5202e-01
3.6175e-01	1.9774e-01	3.0435e-01
6.2163e-01	7.1648e-01	5.5403e-02
3.5608e-01	1.4472e-01	4.0040e-01
4.5961e-02	2.6496e-01	9.1694e-01
3.4652e-01	5.6267e-01	1.5887e-01
1.2210e-01	3.6611e-01	4.6887e-01
4.6871e-01	2.6796e-01	2.0710e-01
6.3463e-01	7.8434e-01	5.2984e-02
6.0854e-01	3.8112e-01	1.3153e-01
3.1142e-01	1.3034e-01	4.6427e-01
1.9118e-01	3.9694e-01	3.1573e-01
8.3287e-02	1.5690e-01	9.8935e-01
2.2683e-01	6.2398e-02	8.8565e-01
3.5292e-01	7.5132e-02	6.1952e-01
1.9981e-01	3.8930e-01	3.0419e-01
4.4327e-01	1.5681e-01	3.5258e-01
3.3528e-01	1.4972e-01	4.0040e-01
7.3528e-01	5.9651e-01	5.6774e-02
1.8050e-01	2.3385e-01	4.4048e-01
2.7502e-01	2.1648e-01	3.3169e-01
4.4893e-01	6.3280e-01	1.0831e-01
3.9647e-02	3.2963e-01	8.5363e-01
1.7855e-01	1.4890e-01	6.3274e-01
4.0436e-01	8.1499e-02	5.6194e-01
5.3482e-01	6.8383e-01	7.8468e-02
5.2043e-01	1.2198e-01	4.2581e-01
8.0864e-01	9.5134e-01	1.6532e-02
4.7660e-01	5.1728e-01	1.0161e-01
3.7744e-01	4.6116e-02	7.3871e-01
7.8672e-01	6.8783e-01	3.7339e-02
4.4401e-01	3.2645e-01	1.6798e-01
7.9322e-01	8.6684e-01	2.0081e-02
6.9016e-01	5.9824e-01	5.7742e-02
4.5218e-02	3.5665e-01	7.9081e-01
9.1253e-01	7.3540e-01	2.6613e-02
1.4615e-01	1.9811e-01	5.9508e-01
5.9016e-01	3.8566e-01	1.2839e-01
6.9034e-01	6.3407e-01	5.1613e-02
5.4522e-01	9.0504e-02	5.1234e-01
3.9554e-01	1.1252e-01	4.6468e-01
2.5469e-01	4.3724e-01	2.3169e-01
6.5794e-01	4.2996e-01	1.1024e-01
7.5775e-01	8.9749e-01	2.6613e-02
6.9285e-01	5.5458e-01	6.7500e-02
8.4123e-02	4.1013e-01	5.7484e-01
2.0409e-01	3.6684e-01	3.0395e-01
3.1411e-01	2.9689e-01	2.3065e-01
1.2813e-02	6.0215e-01	8.6290e-01
3.5738e-01	2.2030e-01	2.7702e-01
4.2591e-01	1.3871e-01	3.9161e-01
4.0938e-01	2.7024e-01	2.1315e-01
9.2052e-01	7.9434e-01	1.5323e-02
4.4763e-01	3.9831e-01	1.3492e-01
4.7539e-02	2.5296e-01	9.3097e-01
1.0919e-01	2.9689e-01	5.5960e-01
4.8969e-01	1.7892e-01	3.1290e-01
7.9573e-02	2.2485e-01	8.1355e-01
5.6667e-01	5.7550e-01	7.4839e-02
5.4930e-01	5.3939e-01	8.2742e-02
2.8895e-01	1.0951e-01	5.5113e-01
3.1356e-01	1.9274e-01	3.3565e-01
1.9192e-01	9.5507e-02	8.0895e-01
6.8366e-01	5.9714e-01	5.8306e-02
3.6806e-01	3.2336e-01	1.8976e-01
5.1606e-01	5.1910e-01	9.2016e-02
5.6444e-01	3.3582e-01	1.5613e-01
3.2498e-01	7.3586e-02	6.5355e-01
3.8849e-01	2.0084e-01	2.9161e-01
1.2423e-01	2.9898e-01	5.0766e-01
1.9248e-01	1.9320e-01	4.8371e-01
7.7400e-01	7.2039e-01	3.3226e-02
3.9666e-01	4.8572e-01	1.3266e-01
1.6212e-01	2.4177e-01	4.7065e-01
3.3640e-01	1.7055e-01	3.5879e-01
8.2219e-01	9.1132e-01	1.4194e-02
1.9201e-01	3.9867e-01	3.1411e-01
9.3686e-02	3.0717e-01	6.0750e-01
4.6082e-01	2.5459e-01	2.1976e-01
2.4568e-01	5.7759e-02	8.6758e-01
5.5812e-01	4.1905e-01	1.1355e-01
4.0576e-01	2.0784e-01	2.7831e-01
2.3408e-01	1.1625e-01	6.1379e-01
3.0641e-02	7.1639e-01	7.8169e-01
5.9759e-01	5.4994e-01	7.4194e-02
6.0371e-01	3.7220e-01	1.3613e-01
7.8097e-01	7.0602e-01	3.4758e-02
6.3426e-01	5.9059e-01	6.3387e-02
5.4930e-01	5.2792e-01	8.4597e-02
5.5887e-01	3.6329e-01	1.3960e-01
3.8802e-01	5.0300e-02	7.0823e-01
6.3120e-01	7.6151e-01	5.3306e-02
2.9666e-01	5.2665e-02	7.9944e-01
5.3881e-01	5.2347e-01	8.7016e-02
3.2739e-01	3.5747e-01	1.9347e-01
2.5645e-01	1.2525e-01	5.4290e-01
6.4977e-01	4.4097e-01	1.0484e-01
4.9062e-01	9.4597e-03	8.7734e-01
3.7214e-01	7.4495e-02	6.0766e-01
4.1588e-01	5.5376e-01	1.2081e-01
5.8329e-01	5.7595e-01	7.2016e-02
6.7224e-02	5.2292e-01	6.1903e-01
4.4383e-02	2.4723e-01	9.6177e-01
7.5227e-01	5.9396e-01	5.7419e-02
4.4448e-01	5.8023e-01	1.0871e-01
8.0604e-01	9.2623e-01	1.6935e-02
1.5766e-01	2.1421e-01	5.2694e-01
6.9601e-01	5.9059e-01	5.9032e-02
4.5571e-01	4.2159e-01	1.2581e-01
6.4717e-02	4.7517e-01	6.3371e-01
6.3110e-01	6.6809e-01	5.5323e-02
1.2479e-01	2.9598e-01	5.0895e-01
3.4113e-01	4.5834e-01	1.6331e-01
1.9443e-01	2.4504e-01	3.9960e-01
3.4540e-01	1.1252e-01	4.8960e-01
5.6509e-01	3.0053e-01	1.8137e-01
4.0520e-01	2.7224e-01	2.1242e-01
4.9517e-01	4.6762e-01	1.0581e-01
3.0929e-01	1.3244e-01	4.6065e-01
7.4085e-01	6.0524e-01	5.4758e-02
4.4986e-01	9.3597e-02	5.0669e-01
3.0808e-01	4.6935e-01	1.8411e-01
3.2591e-01	5.7231e-01	1.7403e-01
3.9554e-01	4.7817e-01	1.3395e-01
3.1616e-01	3.4837e-01	2.0339e-01
4.7326e-01	2.6787e-01	2.0694e-01
1.1866e-01	1.4426e-01	8.6903e-01
3.0557e-01	1.3871e-01	4.4750e-01
4.3463e-01	3.6147e-01	1.5210e-01
4.1588e-01	1.9283e-02	8.6202e-01
6.5655e-01	4.2860e-01	1.1073e-01
5.0223e-01	8.7866e-02	5.1960e-01
4.0464e-01	1.3289e-01	4.0944e-01
5.0919e-01	3.8758e-01	1.2968e-01
1.4475e-01	1.3435e-01	8.0000e-01
8.7122e-01	7.6733e-01	2.1210e-02
1.9266e-01	5.0800e-01	3.0960e-01
7.4763e-01	6.1215e-01	5.3065e-02
6.8914e-01	5.5321e-01	6.7903e-02
5.5032e-01	1.4180e-01	3.8492e-01
1.0000e+00	8.0771e-01	1.2097e-02
3.6537e-01	2.9907e-01	2.0484e-01
3.4383e-01	4.7171e-01	1.6056e-01
9.2219e-01	8.9085e-01	2.5000e-03
1.4113e-02	4.3114e-01	9.1492e-01
5.3844e-01	2.6214e-01	2.1282e-01
1.9183e-01	2.5650e-01	3.9137e-01
2.1151e-01	2.5232e-01	3.6387e-01
2.1012e-01	4.2614e-01	2.8427e-01
3.7224e-01	2.2421e-01	2.6726e-01
1.2730e-01	4.8790e-01	4.3411e-01
7.3092e-01	7.1976e-01	3.7258e-02
5.1746e-01	4.2896e-01	1.1315e-01
4.7818e-02	4.3487e-01	7.2250e-01
3.5014e-01	4.6025e-02	7.6548e-01
8.8747e-01	8.2872e-01	1.1935e-02
3.0557e-01	3.9958e-01	1.9484e-01
7.3760e-01	6.3589e-01	4.8468e-02
5.0891e-01	2.8934e-01	1.8815e-01
5.4271e-01	5.4366e-01	8.3226e-02
3.2674e-01	4.0631e-01	1.7984e-01
4.9136e-01	4.7017e-01	1.0605e-01
4.2145e-01	2.0411e-01	2.8048e-01
2.9099e-01	2.5559e-01	2.7677e-01
3.3445e-01	2.6178e-01	2.4540e-01
4.1792e-01	5.0655e-01	1.2210e-01
4.6927e-01	2.8561e-02	7.7677e-01
6.8895e-02	5.3993e-01	6.1266e-01
5.5822e-01	6.9256e-01	7.1532e-02
5.1439e-01	2.3831e-01	2.3573e-01
9.7586e-02	4.7881e-01	5.1581e-01
4.9721e-01	3.9467e-01	1.2798e-01
7.5942e-01	8.1936e-01	2.7016e-02
2.6602e-01	2.8879e-01	2.7089e-01
6.9146e-01	7.9207e-01	3.9919e-02
3.5710e-01	9.2141e-02	5.4935e-01
5.1978e-01	4.5352e-01	1.0540e-01
4.4475e-01	1.7846e-01	3.1492e-01
3.6583e-01	4.1959e-01	1.5645e-01
3.4782e-01	1.9784e-01	3.0984e-01
3.1941e-02	3.4728e-01	8.7927e-01
1.1671e-01	5.3784e-01	4.6435e-01
3.4410e-01	1.4390e-01	4.0823e-01
4.7716e-01	6.1906e-01	9.6532e-02
1.5720e-01	1.3562e-01	7.4847e-01
3.5302e-01	9.4324e-02	5.4427e-01
2.7363e-01	5.0036e-01	2.1234e-01
3.4438e-01	4.1350e-01	1.6839e-01
2.8988e-01	1.5436e-01	4.2452e-01
4.0204e-02	3.2663e-01	8.5387e-01
6.0223e-01	4.5088e-01	1.0024e-01
4.5775e-01	5.3993e-01	1.0516e-01
5.3445e-01	3.7229e-01	1.3524e-01
5.6917e-01	5.7195e-01	7.4839e-02
4.1616e-01	5.6476e-01	1.2073e-01
6.0158e-01	4.8854e-01	8.8065e-02
3.9851e-01	1.6282e-02	8.9532e-01
2.8784e-01	5.1337e-01	2.0008e-01
9.8152e-01	8.2809e-01	8.2258e-03
7.4253e-01	5.1701e-01	8.0323e-02
3.5153e-01	1.0133e-01	5.2129e-01
9.3872e-01	7.4131e-01	2.5645e-02
6.3305e-01	0.0000e+00	8.9516e-01
7.9610e-01	9.4752e-01	1.9194e-02
5.3296e-02	4.4533e-01	6.9194e-01
8.0158e-01	7.0420e-01	3.4032e-02
9.3500e-02	1.9529e-01	8.1976e-01
3.3120e-01	1.4190e-02	9.8452e-01
7.0566e-02	1.8474e-01	9.6806e-01
4.8004e-02	2.4004e-01	9.5524e-01
4.7075e-01	2.0648e-02	8.2056e-01
4.2089e-01	3.9585e-01	1.4242e-01
6.5200e-01	6.4945e-01	5.3710e-02
6.8217e-01	7.0093e-01	4.5000e-02
9.8700e-02	2.7288e-01	6.3089e-01
4.2934e-01	6.0042e-01	1.1548e-01
1.8124e-01	3.2363e-01	3.5750e-01
2.4661e-01	8.5137e-02	7.2105e-01
7.4318e-01	6.3635e-01	4.8145e-02
6.0251e-01	6.7482e-01	6.0565e-02
4.8700e-01	1.3380e-01	3.9742e-01
1.5525e-01	2.2503e-01	5.1403e-01
5.5042e-01	7.3322e-01	7.5565e-02
1.3287e-01	1.1870e-01	9.1081e-01
2.3120e-01	3.8103e-01	2.6556e-01
4.3863e-01	4.5352e-01	1.2234e-01
5.8607e-01	5.5858e-01	7.4113e-02
5.9489e-01	4.7699e-01	9.1855e-02
4.8895e-01	2.8443e-01	1.9234e-01
3.8487e-01	3.7875e-01	1.5976e-01
6.7391e-01	4.8208e-02	6.7290e-01
7.8087e-01	7.6551e-01	2.7661e-02
6.1866e-01	8.0280e-01	5.8226e-02
2.5822e-01	3.9967e-01	2.3331e-01
2.5627e-01	4.7299e-01	2.2863e-01
2.5961e-01	3.2145e-01	2.5774e-01
5.2906e-01	6.5581e-02	5.9573e-01
2.6323e-01	2.6906e-01	2.8806e-01
2.2786e-01	4.3933e-02	9.8863e-01
2.2916e-01	2.9844e-01	3.0266e-01
5.2823e-01	4.2751e-01	1.1250e-01
7.1773e-02	3.9731e-01	6.2944e-01
8.8347e-01	8.3418e-01	1.1613e-02
9.0251e-02	1.9711e-01	8.3073e-01
5.8422e-01	7.4904e-01	6.5726e-02
4.6388e-01	3.9149e-01	1.3419e-01
2.2108e-01	3.8785e-01	2.7605e-01
5.4819e-01	1.9301e-01	2.9589e-01
4.8264e-01	4.9300e-01	1.0355e-01
2.0288e-01	6.2489e-02	9.4750e-01
4.5636e-01	3.6793e-01	1.4508e-01
1.7252e-01	2.4150e-01	4.4710e-01
1.2971e-01	1.2661e-01	8.9105e-01
1.7577e-01	4.4542e-01	3.3524e-01
1.4921e-01	1.5654e-01	7.0177e-01
5.1996e-03	6.3871e-01	9.0024e-01
3.8533e-01	2.3131e-01	2.5548e-01
6.6509e-01	5.9578e-02	6.2960e-01
7.1337e-01	9.1577e-01	3.8065e-02
3.6119e-02	4.4215e-01	7.8000e-01
2.7279e-01	1.6054e-01	4.2806e-01
6.3723e-01	4.7881e-01	9.0242e-02
5.8737e-01	4.3315e-01	1.0710e-01
4.3231e-01	3.4037e-01	1.6266e-01
1.9081e-01	2.1066e-01	4.5508e-01
2.1448e-02	4.6025e-01	8.5371e-01
2.4494e-01	3.8748e-01	2.4903e-01
4.8032e-01	9.1686e-02	5.0871e-01
6.6955e-01	4.8845e-01	8.7258e-02
4.9415e-01	2.5459e-01	2.1855e-01
7.5135e-01	7.2549e-01	3.4597e-02
4.3918e-02	4.5834e-01	7.3242e-01
5.6342e-01	4.1004e-01	1.1702e-01
4.7205e-01	5.9378e-01	9.8306e-02
6.2739e-01	5.0791e-01	8.1532e-02
5.1031e-01	1.3898e-01	3.8702e-01
6.3528e-01	4.7189e-01	9.2581e-02
4.6862e-01	3.7830e-01	1.3863e-01
4.7521e-01	4.5843e-02	6.8669e-01
1.9684e-02	3.1936e-01	9.9145e-01
2.2089e-01	1.3025e-01	5.9032e-01
1.2071e-01	4.2305e-01	4.5540e-01
1.5320e-02	5.5739e-01	8.5613e-01
2.9861e-01	2.1030e-01	3.2089e-01
1.6685e-01	2.3367e-01	4.7089e-01
2.8951e-01	5.2947e-01	1.9960e-01
4.3918e-02	4.6707e-01	7.2944e-01
1.4949e-02	3.4737e-01	9.8661e-01
1.0399e-02	4.8890e-01	9.0605e-01
4.4958e-01	2.6396e-01	2.1226e-01
7.9183e-01	7.6824e-01	2.6371e-02
2.4670e-01	4.1086e-01	2.4290e-01
4.4708e-01	3.1217e-01	1.7621e-01
1.3305e-01	1.7964e-01	6.9008e-01
1.5571e-01	1.0488e-01	8.8435e-01
6.8477e-01	5.3365e-01	7.3226e-02
1.3816e-01	2.4495e-01	5.3137e-01
6.5125e-01	5.5485e-01	6.8790e-02
4.4550e-01	4.4815e-01	1.2161e-01
5.9034e-01	3.9112e-03	8.7984e-01
3.9396e-01	5.4266e-01	1.3113e-01
7.3259e-02	5.5858e-01	5.9790e-01
3.0650e-01	2.5387e-01	2.6782e-01
5.1188e-01	3.4164e-01	1.5250e-01
3.5961e-01	3.3382e-01	1.8782e-01
1.4791e-01	4.6644e-01	3.8742e-01
5.2878e-01	2.4477e-01	2.2960e-01
4.5255e-01	1.8883e-01	2.9839e-01
1.8858e-01	2.6305e-01	3.9048e-01
6.8524e-01	5.6622e-01	6.4839e-02
5.5060e-01	2.0102e-01	2.8468e-01
8.3519e-01	7.2440e-01	2.9435e-02
2.0984e-02	4.7571e-01	8.4887e-01
7.5218e-01	6.2198e-01	5.0887e-02
5.7428e-01	3.2845e-01	1.6153e-01
6.7057e-01	7.4632e-01	4.4758e-02
3.9740e-02	2.8434e-01	9.1968e-01
1.9099e-01	1.1879e-01	7.0766e-01
5.6825e-01	3.4992e-01	1.4750e-01
1.6156e-02	5.0709e-01	8.6484e-01
4.7725e-02	3.9813e-01	7.4315e-01
3.6592e-01	3.9740e-01	1.6169e-01
1.0678e-01	2.0229e-01	7.3750e-01
6.6890e-01	6.1361e-01	5.6532e-02
6.6583e-01	5.9705e-01	5.9516e-02
6.5302e-01	5.3975e-01	7.2258e-02
1.2581e-01	3.8084e-01	4.5266e-01
5.2433e-01	6.7128e-02	5.9008e-01
4.7502e-01	2.4632e-01	2.2710e-01
4.8496e-01	1.7191e-02	8.3395e-01
1.1931e-01	2.5905e-01	5.7194e-01
5.5162e-01	7.3777e-01	7.5484e-02
3.8245e-01	2.2958e-01	2.5823e-01
5.1801e-01	4.4097e-01	1.0927e-01
7.3686e-01	8.4019e-01	3.0565e-02
7.5803e-01	7.9962e-01	2.8065e-02
7.0288e-02	3.3864e-01	6.7839e-01
2.1718e-01	1.2925e-01	6.0169e-01
1.8134e-01	4.7990e-01	3.2573e-01
2.1968e-01	9.1686e-02	7.5089e-01
9.0873e-01	7.8134e-01	1.7823e-02
3.0938e-01	5.1937e-02	7.8427e-01
8.3473e-01	1.0000e+00	1.1694e-02
2.6574e-01	1.3999e-01	4.8645e-01
8.6193e-01	7.6078e-01	2.2661e-02
2.8561e-01	4.3233e-01	2.0435e-01
2.3352e-01	4.9982e-01	2.5411e-01
1.4290e-01	5.2520e-01	4.0145e-01
2.1114e-01	2.6178e-01	3.5508e-01
4.4169e-01	5.5230e-01	1.1024e-01
9.6147e-01	8.6238e-01	3.2258e-03
5.3166e-01	1.5090e-01	3.6468e-01
6.9517e-01	8.2108e-01	3.9194e-02
5.2015e-01	4.3687e-01	1.1032e-01
9.4522e-02	5.7713e-01	5.3113e-01
7.0854e-01	6.2061e-01	5.2581e-02
6.0306e-01	3.9858e-01	1.2234e-01
8.3250e-01	9.2632e-01	1.2097e-02
5.6249e-01	6.8046e-01	7.0161e-02
4.5859e-01	1.4735e-02	8.6161e-01
2.7447e-01	1.6218e-01	4.2274e-01
2.1356e-02	4.8736e-01	8.4234e-01
3.8682e-01	1.2088e-01	4.4492e-01
1.3584e-01	4.0095e-01	4.2161e-01
3.7604e-02	6.0078e-01	7.4242e-01
4.4782e-01	1.2625e-01	4.1702e-01
2.6295e-01	3.1826e-01	2.5621e-01
7.0427e-01	5.5821e-01	6.6452e-02
3.3612e-02	4.1013e-01	8.1242e-01
5.9944e-01	2.7924e-02	7.5379e-01
1.7168e-01	2.7397e-01	4.1210e-01
2.0111e-01	7.8588e-02	8.6669e-01
2.6435e-01	4.4015e-01	2.2210e-01
4.1783e-02	3.9440e-01	7.7782e-01
9.3482e-01	8.3473e-01	8.4677e-03
8.3890e-01	7.4868e-01	2.5484e-02
8.6815e-02	2.2230e-01	7.8258e-01
3.5460e-01	5.6567e-01	1.5387e-01
4.8598e-01	3.4792e-01	1.5081e-01
3.2804e-01	1.3335e-01	4.4363e-01
4.8821e-01	2.9361e-01	1.8532e-01
3.3194e-01	3.4564e-02	8.5435e-01
2.3695e-01	2.3768e-01	3.4573e-01
3.2052e-01	2.0275e-01	3.1694e-01
7.4085e-01	7.0375e-01	3.7984e-02
3.3157e-01	4.7162e-01	1.6798e-01
2.7001e-01	3.2027e-01	2.4903e-01
2.1922e-01	1.1488e-01	6.5056e-01
5.5005e-01	1.3371e-01	4.0202e-01
2.7214e-01	2.9434e-01	2.6202e-01
4.3426e-01	1.1706e-01	4.4202e-01
3.5097e-02	6.2898e-01	7.5452e-01
1.5432e-01	3.3082e-01	4.0637e-01
1.1244e-01	1.3789e-01	9.2073e-01
9.7122e-02	1.6536e-01	8.9403e-01
4.5590e-02	2.3831e-01	9.7306e-01
5.1959e-01	6.8228e-01	8.3387e-02
1.5729e-01	2.5141e-01	4.6968e-01
3.5989e-01	2.7233e-01	2.2589e-01
7.1681e-02	4.6807e-01	6.0718e-01
5.2061e-01	4.3196e-01	1.1177e-01
2.1058e-01	2.5287e-01	3.6484e-01
3.4299e-01	5.5612e-01	1.6081e-01
4.7354e-02	3.9476e-01	7.4758e-01
3.5682e-01	3.7957e-01	1.7105e-01
4.6332e-01	2.1184e-01	2.6645e-01
6.0492e-01	5.7450e-01	6.9194e-02
3.3779e-01	7.8224e-02	6.1968e-01
3.5283e-01	7.4131e-02	6.2403e-01
3.3296e-01	2.4923e-02	9.1339e-01
5.6583e-01	6.8565e-01	6.9274e-02
2.3435e-01	3.3536e-01	2.7718e-01
2.0009e-01	4.4888e-01	2.9677e-01
3.0009e-01	3.1999e-01	2.2637e-01
5.5032e-01	7.1403e-02	5.7476e-01
4.3733e-01	5.8759e-02	6.4089e-01
8.3092e-01	8.1308e-01	1.8306e-02
1.1049e-02	4.9873e-01	8.9806e-01
2.6630e-01	1.9201e-01	3.7548e-01
6.9545e-02	4.6589e-01	6.1573e-01
2.9601e-01	2.6187e-01	2.6774e-01
2.5070e-02	4.1941e-01	8.5573e-01
2.3519e-01	1.2489e-01	5.8016e-01
4.6704e-02	2.5605e-01	9.2968e-01
2.7502e-01	3.0062e-01	2.5565e-01
5.3045e-01	3.7593e-01	1.3355e-01
2.5998e-02	3.3327e-01	9.3323e-01
2.8784e-01	1.2489e-01	5.0290e-01
5.9638e-01	5.0973e-01	8.2823e-02
5.0241e-01	1.7364e-01	3.2185e-01
6.3760e-01	7.6123e-01	5.1694e-02
8.5552e-01	7.2567e-01	2.8710e-02
2.7967e-01	8.5410e-02	6.5992e-01
8.7837e-02	2.8325e-01	6.6274e-01
7.4466e-02	3.3855e-01	6.5887e-01
4.3918e-01	5.1983e-01	1.1306e-01
4.3965e-01	1.7655e-01	3.1855e-01
3.2878e-01	6.6218e-02	6.8427e-01
2.5460e-01	1.1916e-01	5.6621e-01
5.3352e-01	5.9269e-01	8.0161e-02
4.3779e-01	1.9065e-01	2.9702e-01
9.7307e-02	5.4757e-01	5.1887e-01
3.2897e-01	3.7084e-01	1.8798e-01
5.5311e-01	4.9873e-01	8.9758e-02
5.9675e-01	7.1366e-01	6.1290e-02
2.1300e-01	5.6758e-02	9.5218e-01
1.1532e-01	2.7251e-01	5.6718e-01
4.6527e-01	1.3744e-01	3.9016e-01
1.3463e-01	4.0977e-01	4.2250e-01
5.5153e-02	2.9707e-01	8.0855e-01
9.0037e-01	8.4764e-01	8.8710e-03
1.0186e-01	2.9562e-01	5.8847e-01
2.6500e-01	8.1499e-02	7.0274e-01
2.2721e-01	1.9110e-01	4.2589e-01
4.5766e-01	1.1997e-01	4.3137e-01
2.2247e-01	1.1979e-01	6.2444e-01
8.7744e-02	2.6205e-01	6.9629e-01
6.6908e-01	7.9134e-01	4.4677e-02
3.3445e-01	2.8470e-02	8.8887e-01
3.5190e-01	2.0529e-01	2.9790e-01
5.6834e-01	4.1050e-01	1.1669e-01
6.3603e-01	6.0106e-01	6.1613e-02
4.6193e-01	5.3065e-01	1.0452e-01
2.5450e-01	3.1090e-01	2.6806e-01
4.0659e-01	2.3304e-01	2.4863e-01
8.3565e-03	5.5630e-01	8.9556e-01
2.7400e-01	2.9425e-01	2.6040e-01
5.5961e-01	5.3029e-02	6.4427e-01
3.5812e-01	3.1754e-01	1.9677e-01
5.8904e-01	2.7106e-02	7.5831e-01
3.3250e-01	5.2574e-02	7.5016e-01
8.1365e-01	7.7979e-01	2.3145e-02
5.3519e-01	4.7681e-01	9.7177e-02
5.2990e-01	1.7691e-01	3.1847e-01
8.5283e-01	7.1112e-01	3.1532e-02
5.6453e-01	4.8754e-02	6.6153e-01
7.0195e-02	2.7142e-01	7.6782e-01
6.7799e-01	5.1901e-01	7.7500e-02
5.7967e-01	5.6067e-01	7.4758e-02
8.0501e-01	7.7106e-01	2.4839e-02
3.3705e-01	9.6962e-02	5.4702e-01
5.9359e-01	1.6009e-02	8.1355e-01
5.5144e-01	5.6112e-01	7.9355e-02
4.0734e-01	4.9536e-01	1.2726e-01
1.4615e-01	2.6424e-01	4.8218e-01
5.5060e-02	3.8839e-01	7.1202e-01
3.2851e-01	5.4266e-01	1.6984e-01
1.0873e-01	1.9756e-01	7.4121e-01
1.6425e-01	5.4366e-01	3.6161e-01
5.7874e-01	6.1697e-01	6.8548e-02
9.6082e-01	8.8330e-01	4.8387e-04
4.3055e-01	2.3504e-01	2.4250e-01
3.6305e-02	5.9260e-01	7.4806e-01
5.2024e-01	1.0560e-01	4.6742e-01
5.0687e-01	2.4113e-01	2.3250e-01
2.6379e-01	2.2349e-01	3.3339e-01
6.3900e-01	4.0868e-01	1.1911e-01
4.2600e-01	2.4786e-01	2.3008e-01
2.4429e-01	1.6354e-01	4.5694e-01
4.7902e-01	4.1932e-02	7.0435e-01
3.6722e-01	3.7575e-01	1.6766e-01
2.2126e-01	2.6251e-01	3.4032e-01
4.4420e-01	1.4608e-01	3.7355e-01
6.5915e-01	5.6795e-01	6.5565e-02
1.0316e-01	3.9995e-01	5.1250e-01
1.7716e-01	1.9383e-01	5.1718e-01
3.2841e-01	1.0278e-01	5.3379e-01
8.7372e-02	1.8219e-01	8.8847e-01
1.0316e-01	1.8583e-01	8.0024e-01
1.1170e-01	3.1144e-01	5.3669e-01
2.8273e-01	6.0669e-02	7.7855e-01
1.2813e-01	2.7542e-01	5.2089e-01
8.9508e-02	2.2767e-01	7.5661e-01
6.0696e-01	4.0095e-01	1.2129e-01
1.5506e-01	2.1885e-01	5.2548e-01
3.5413e-01	4.0540e-01	1.6516e-01
9.4708e-02	2.3940e-01	7.0661e-01
5.1653e-01	4.4024e-01	1.0968e-01
1.4596e-01	4.1250e-01	3.9621e-01
3.5645e-01	1.9192e-02	9.2000e-01
3.9647e-02	6.7837e-01	7.3952e-01
5.9499e-01	7.2030e-01	6.1855e-02
4.6435e-01	5.6031e-02	6.4379e-01
5.6862e-01	5.0018e-01	8.7661e-02
1.4522e-01	3.7593e-01	4.0685e-01
4.1829e-01	8.9776e-02	5.2726e-01
8.6258e-02	3.3709e-01	6.0911e-01
7.0622e-01	6.9311e-01	4.2661e-02
4.1560e-01	2.5014e-01	2.2968e-01
5.8617e-01	8.0135e-02	5.4847e-01
3.4048e-01	9.1413e-02	5.6444e-01
3.8849e-01	4.1268e-01	1.4839e-01
7.6527e-01	7.6942e-01	2.9032e-02
5.2683e-01	4.9118e-03	8.9056e-01
4.7651e-01	6.4126e-02	6.0685e-01
1.3556e-01	1.2107e-01	8.9016e-01
1.6945e-01	5.3575e-01	3.5121e-01
1.8839e-01	2.5405e-01	4.0024e-01
6.3045e-01	3.4655e-02	7.2331e-01
2.3714e-01	2.7006e-01	3.1403e-01
2.8097e-01	2.7533e-01	2.6806e-01
5.3510e-01	4.0149e-01	1.2185e-01
3.7168e-01	2.8188e-01	2.1444e-01
3.2888e-01	4.5352e-01	1.7121e-01
1.8152e-01	3.8103e-01	3.3476e-01
7.5032e-01	6.9138e-01	3.8790e-02
7.9331e-01	8.1790e-01	2.2177e-02
1.0752e-01	4.2178e-01	4.9298e-01
7.8747e-01	7.8634e-01	2.5161e-02
6.1838e-01	6.3398e-02	6.0887e-01
1.6741e-01	2.2549e-01	4.8210e-01
4.4318e-01	5.0518e-01	1.1306e-01
1.0706e-01	2.8643e-01	5.7944e-01
6.2897e-01	7.6223e-02	5.6734e-01
9.0492e-01	8.2918e-01	1.0806e-02
6.1578e-01	5.8878e-01	6.5726e-02
5.8032e-02	5.4302e-01	6.5484e-01
5.6119e-01	5.2865e-01	8.2661e-02
3.8412e-01	3.9840e-01	1.5387e-01
3.3779e-01	9.8417e-02	5.4129e-01
2.4773e-01	3.5492e-01	2.5532e-01
6.0975e-01	3.8330e-01	1.3040e-01
5.2377e-01	4.4697e-01	1.0677e-01
3.8059e-01	3.4610e-01	1.7411e-01
1.0464e-01	2.5678e-01	6.3129e-01
7.6973e-02	3.0353e-01	6.8565e-01
6.1996e-01	7.6669e-01	5.6290e-02
4.7707e-01	8.3227e-02	5.3669e-01
3.9229e-01	1.3908e-01	3.9871e-01
3.7614e-01	2.9625e-01	2.0290e-01
3.6221e-01	4.5943e-01	1.5169e-01
7.2702e-02	3.5983e-01	6.4911e-01
3.8533e-01	1.9074e-01	3.0669e-01
2.6741e-02	3.7157e-01	8.8548e-01
3.8115e-01	4.2414e-01	1.4871e-01
4.3333e-01	3.8521e-01	1.4290e-01
1.8236e-01	2.1557e-01	4.6444e-01
8.0873e-02	2.8870e-01	6.8718e-01
1.4865e-01	3.4391e-01	4.1210e-01
4.6054e-01	2.8716e-01	1.9210e-01
5.7623e-01	1.1816e-01	4.4129e-01
2.9109e-01	1.6300e-01	4.0492e-01
2.6277e-02	4.3506e-01	8.3879e-01
2.6277e-01	2.8161e-01	2.7879e-01
2.0919e-01	4.1541e-01	2.8677e-01
2.3723e-01	4.6444e-01	2.4903e-01
4.9248e-01	3.5010e-01	1.4911e-01
2.5200e-01	3.2545e-01	2.6306e-01
1.4373e-01	3.7530e-01	4.1048e-01
1.4104e-01	4.6871e-01	4.0210e-01
2.0195e-01	4.7299e-01	2.9387e-01
6.2423e-01	4.9090e-01	8.6532e-02
1.9508e-01	1.2570e-01	6.6887e-01
6.0910e-02	5.8950e-01	6.4548e-01
2.8691e-01	3.0471e-02	9.4919e-01
2.7261e-01	1.9620e-01	3.6250e-01
3.1755e-02	3.8476e-01	8.4274e-01
3.2553e-01	5.7131e-01	1.7427e-01
5.0511e-02	6.1534e-01	6.8855e-01
6.4364e-01	5.8050e-01	6.4194e-02
