-3.3061e-01
-4.1859e-01
-2.7902e-01
-1.5814e-01
-1.8809e-01
-1.0869e-01
-1.5953e-01
-2.5079e-01
-2.5433e-01
-3.2044e-01
-2.8774e-01
-3.4528e-01
-7.9396e-02
-2.6647e-01
-3.7024e-01
-3.7045e-01
-3.9964e-01
-1.0699e-01
-5.0620e-02
-4.3113e-01
-1.3410e-01
-2.2720e-02
-3.6081e-01
-2.9377e-01
-1.2392e-01
-1.9508e-01
-2.6006e-01
-4.5870e-01
-2.7021e-01
-4.5411e-01
-2.9122e-01
-7.5590e-02
-2.6524e-01
-5.9508e-02
-3.3958e-02
-6.0993e-02
-1.0293e-01
-1.7988e-02
-3.7926e-01
-3.0133e-01
-2.1764e-01
-3.0548e-01
-3.0359e-01
-2.2148e-01
-7.8070e-02
-1.1420e-01
-4.3958e-01
-1.3147e-01
-3.1654e-01
-2.7519e-03
-3.0679e-01
-1.0106e-02
-3.3442e-01
-3.8596e-01
-3.9950e-04
-6.6451e-02
-3.9664e-01
-1.4368e-01
-4.7597e-01
-4.3710e-02
-3.8252e-01
-2.3620e-01
-3.5950e-01
-2.6835e-01
-1.1418e-01
-3.2895e-01
-2.1076e-01
-6.1815e-05
-1.0841e-02
-3.6593e-01
-3.9503e-01
-1.6064e-01
-1.2323e-01
-2.0037e-01
-1.7647e-01
-2.5667e-01
-1.3950e-01
-1.0444e-01
-2.8919e-02
-3.3193e-01
-2.3071e-02
-3.4018e-01
-3.2516e-02
-4.8111e-01
-1.1472e-01
-4.1085e-01
-3.6311e-01
-2.7706e-01
-4.7259e-01
-3.6471e-02
-9.6557e-03
-1.5693e-02
-3.2488e-01
-1.5018e-01
-6.3288e-03
-2.5388e-01
-3.6920e-01
-1.6508e-01
-1.4567e-01
-2.9383e-01
-2.3864e-01
-1.3642e-01
-4.4845e-01
-1.1172e-01
-2.2857e-01
-8.1984e-02
-8.6780e-02
-5.6765e-02
-4.0565e-02
-1.9647e-02
-3.2520e-01
-4.9589e-02
-3.4354e-01
-7.4697e-02
-3.5161e-01
-1.8474e-01
-1.9431e-01
-4.1995e-01
-1.2132e-01
-2.2941e-01
-2.8859e-01
-3.6423e-01
-7.0085e-02
-1.0413e-01
-1.6954e-01
-6.5385e-02
-3.1684e-01
-2.5147e-01
