3.1245e-01
6.2234e-03
3.2727e-01
4.3641e-02
6.5488e-02
3.5241e-01
7.6658e-01
1.5928e-01
9.1448e-02
3.1873e-01
6.4997e-02
2.5956e-03
5.5623e-02
9.6728e-01
1.7130e-01
4.8329e-02
4.0804e-01
2.6129e-01
1.0231e-01
2.3880e-01
4.5894e-01
7.6927e-01
3.6648e-01
2.9054e-01
3.6078e-01
7.9096e-02
1.1156e-01
6.6629e-03
4.7689e-02
8.3521e-02
1.6551e-01
2.5311e-01
2.6556e-01
4.9009e-02
7.5072e-02
3.0931e-01
1.4259e-01
1.8693e-01
3.5593e-01
1.0123e-01
9.2114e-01
1.9687e-02
1.9475e-01
1.4784e-01
1.9000e-01
4.8212e-01
2.5569e-01
2.3078e-01
4.2562e-01
4.9531e-03
3.9519e-01
6.3489e-01
2.6904e-02
5.6747e-02
1.6818e-01
4.2866e-01
1.2854e-01
2.4551e-02
5.6719e-02
9.1777e-02
3.0998e-01
1.0393e-01
2.3565e-01
1.6799e-01
1.0258e-01
3.1661e-01
7.5079e-01
4.1393e-02
2.8957e-02
1.5432e-01
8.0420e-02
7.0283e-01
2.1118e-01
2.3720e-01
3.8684e-02
3.8993e-02
1.0874e-01
7.3761e-03
8.2477e-02
1.5919e-01
6.5385e-01
2.3149e-01
6.8864e-02
8.0439e-02
7.0989e-01
3.5611e-02
2.5993e-01
5.6501e-01
6.1763e-01
7.2302e-02
3.0513e-01
3.0654e-02
3.4352e-01
1.7686e-02
2.1196e-02
2.0159e-01
2.1483e-01
4.6255e-01
1.4601e-01
3.5073e-01
3.1415e-01
1.2131e-01
8.9474e-02
2.8381e-01
6.4977e-01
7.5024e-02
5.2025e-03
2.4078e-01
1.1079e-01
6.7457e-02
1.1040e-01
1.8319e-01
3.6967e-01
1.4663e-01
2.4225e-01
2.9857e-02
2.0696e-02
1.5175e-01
4.5312e-02
1.7081e-01
5.0545e-02
7.4435e-02
1.9008e-01
1.6212e-01
2.1387e-01
3.1338e-01
3.0090e-01
2.0729e-01
1.0230e-01
2.3423e-01
4.3455e-02
1.0480e-01
3.5860e-01
1.3237e-01
2.0975e-02
2.0714e-01
4.2574e-01
6.7529e-02
7.7003e-02
5.1001e-02
2.4175e-01
3.9501e-02
4.1605e-01
1.9979e-01
9.1676e-02
1.1016e-01
1.0586e-01
1.1737e-01
4.1918e-01
4.6689e-01
2.3461e-02
3.4557e-02
2.0126e-01
1.2938e-01
5.8237e-02
2.1534e-03
2.8660e-01
2.4792e-02
2.6346e-01
5.0435e-02
2.7806e-02
7.3744e-02
2.7381e-02
2.8146e-01
8.5652e-02
5.4422e-02
8.2990e-02
2.7055e-01
6.0248e-01
6.8347e-02
8.8290e-04
7.6077e-02
3.5466e-01
5.1975e-01
1.0233e-01
6.4548e-02
5.2514e-01
1.0555e-01
2.1902e-01
1.2494e-01
6.1539e-02
1.2606e-01
8.2590e-02
4.0947e-01
1.4756e-01
5.3750e-01
1.4320e-01
1.4388e-01
1.5411e-01
3.3853e-03
8.0058e-02
1.1739e-01
2.2596e-01
8.2096e-01
1.5398e-01
4.0184e-01
1.9230e-01
2.2130e-01
4.5698e-02
1.7959e-01
1.9791e-01
4.0332e-02
1.6776e-02
3.8757e-02
2.5691e-01
3.9380e-02
7.8582e-01
2.9539e-01
3.0113e-01
1.3441e-01
7.8590e-02
3.1003e-01
4.1667e-02
6.9132e-02
3.1741e-01
4.7805e-02
9.7962e-02
1.0645e-01
8.8290e-04
4.2393e-01
5.1832e-01
3.8941e-02
1.3616e-01
8.8781e-02
1.6069e-02
9.6799e-01
6.7205e-02
1.2751e-01
6.1628e-02
9.4815e-02
3.3267e-01
2.1328e-01
8.3180e-02
6.5850e-01
3.5070e-02
3.1509e-01
2.1746e-01
1.3405e-01
2.3158e-02
1.3521e-01
3.5740e-01
2.9656e-01
1.4087e-01
4.4339e-02
1.7333e-01
7.3493e-02
1.7340e-01
1.6482e-01
4.3152e-01
3.4726e-02
5.9533e-02
5.1989e-02
1.7239e-01
1.0587e-01
6.0785e-02
1.7987e-01
2.7769e-02
3.1949e-01
7.8474e-02
2.8485e-02
1.7576e-01
2.9134e-01
3.1741e-02
2.4293e-01
6.0725e-02
3.3137e-01
3.3294e-02
2.4296e-01
6.0587e-02
1.7437e-01
1.6804e-01
1.1145e-01
1.0092e-01
1.2726e-01
1.8982e-01
3.0190e-01
3.0703e-01
2.0127e-01
7.6404e-01
1.8553e-01
2.6291e-01
6.1974e-01
2.6063e-02
4.1074e-02
5.2896e-01
5.8409e-02
4.3929e-02
1.1978e-01
2.0799e-01
1.5513e-02
5.6176e-02
1.8108e-01
3.6372e-01
8.3692e-02
9.6319e-02
4.4463e-01
2.0073e-01
4.3833e-02
5.1307e-02
3.1996e-02
4.9550e-02
1.7847e-01
4.2079e-01
5.7433e-01
4.7547e-02
9.8078e-02
2.8497e-02
5.4945e-02
3.8657e-01
1.1323e-01
2.5686e-01
2.0737e-01
1.0662e-01
3.7805e-02
1.8172e-01
2.9445e-01
4.2042e-01
1.0549e-01
3.0747e-01
3.1831e-01
1.0151e-01
1.1243e-01
8.7438e-02
3.7654e-02
1.6532e-02
8.4545e-02
2.9299e-01
1.8519e-01
3.4870e-01
2.7469e-02
6.1948e-02
7.9759e-03
4.5706e-01
8.8031e-02
2.6083e-01
2.5778e-01
1.0063e-02
5.2243e-02
5.7943e-02
2.4246e-02
6.4644e-02
9.5079e-02
1.5093e-01
1.8518e-01
1.7519e-01
5.9116e-02
2.9893e-01
1.1774e-01
1.4548e-01
1.5027e-01
4.2136e-02
1.1775e-02
6.8893e-01
3.7728e-03
2.1187e-01
4.1635e-02
3.0699e-01
1.8524e-02
1.6426e-01
4.5993e-01
4.6362e-02
4.4369e-01
4.9258e-03
4.1918e-01
7.4324e-02
1.5053e-01
4.7854e-02
7.3102e-02
8.0616e-02
1.0274e-01
1.4891e-01
1.2802e-02
3.7101e-01
7.7708e-01
2.7365e-02
7.4017e-02
6.8577e-03
6.8353e-01
2.7410e-01
6.2905e-01
2.5519e-02
4.3313e-01
3.0802e-01
1.5689e-01
3.1146e-02
2.4624e-01
1.6160e-01
2.7352e-01
4.0773e-01
3.7949e-01
4.0217e-02
3.6169e-01
2.6359e-01
9.8274e-01
1.2340e-01
5.1067e-01
8.4699e-03
6.3211e-01
3.4547e-02
2.1865e-01
8.7531e-02
4.6261e-02
1.3966e-01
3.5255e-02
1.7224e-01
3.2370e-01
1.0617e-01
5.1448e-01
9.9549e-02
1.6263e-01
5.4978e-01
1.8421e-02
4.9356e-01
1.7792e-01
1.5002e-01
2.2948e-01
1.7006e-01
7.1426e-02
1.9375e-01
1.3528e-01
1.9106e-01
1.5967e-01
9.6193e-02
4.3554e-02
3.6281e-01
2.6486e-02
1.8281e-01
8.7234e-02
6.6471e-02
5.6657e-01
5.9098e-01
1.5221e-02
1.8019e-01
1.3205e-01
2.1194e-01
3.4643e-01
2.5255e-01
1.5555e-01
2.8303e-03
4.0982e-01
9.5652e-02
9.6008e-02
4.3680e-01
8.1778e-02
2.0305e-01
1.3431e-02
1.2298e-01
2.6347e-01
2.6895e-01
4.1595e-02
1.2883e-02
1.3491e-01
4.8711e-03
1.0446e-01
2.2031e-01
5.3524e-02
5.3341e-02
8.1172e-02
3.5707e-01
3.8239e-01
2.0362e-01
5.3437e-02
4.7564e-02
2.7338e-01
2.4608e-02
2.8387e-02
3.3207e-01
3.2737e-01
1.4806e-01
1.7704e-01
3.4150e-01
3.2238e-02
1.6730e-01
2.0924e-01
6.4073e-02
7.8045e-02
4.3251e-01
2.5044e-01
6.9674e-01
5.1471e-02
2.4250e-01
4.3475e-01
5.1661e-01
3.1131e-02
4.0132e-01
8.6858e-01
3.4271e-01
3.6368e-01
2.5073e-02
7.8016e-03
9.5411e-02
4.5029e-02
1.0069e-01
8.0619e-02
1.8527e-01
3.3139e-01
5.3859e-02
3.1105e-02
9.3396e-02
5.5491e-01
3.1498e-02
8.0791e-02
4.2376e-01
2.5481e-01
2.3699e-02
3.8385e-01
6.3093e-01
7.0586e-02
3.1166e-01
8.5278e-02
7.6623e-02
2.2373e-01
2.8129e-01
9.3527e-02
1.2846e-01
8.7702e-02
1.5692e-01
2.4492e-01
3.1724e-01
1.0176e+00
7.1324e-02
1.2128e-01
2.1265e-01
3.0892e-01
5.8871e-02
8.0292e-02
3.7971e-02
1.1510e-01
6.1739e-02
1.0542e-01
1.0491e-01
2.1926e-01
1.9552e-01
8.4564e-02
5.0683e-02
2.0513e-01
1.1698e-01
3.8594e-01
1.1139e-01
4.7656e-01
2.7720e-01
2.5258e-01
9.2926e-02
3.8959e-01
3.8729e-02
9.4519e-02
3.1672e-01
4.5634e-01
3.5270e-02
2.4231e-01
4.3403e-02
4.4712e-01
2.1201e-01
1.8354e-01
3.0188e-02
5.5568e-02
4.5193e-01
3.4556e-01
4.9205e-01
2.1895e-01
3.6885e-02
1.1373e-01
4.6358e-02
2.0082e-01
2.5280e-01
1.8991e-01
2.0911e-01
2.0417e-01
8.9955e-03
5.3462e-01
5.2139e-01
9.6013e-02
6.0879e-01
2.5650e-01
1.0145e-01
5.3957e-03
2.4115e-01
1.2603e-01
1.0277e-01
8.4003e-02
1.4048e-01
6.8505e-01
1.1492e-01
1.4396e-01
3.2165e-01
1.8953e-02
1.2174e-01
3.5996e-01
7.4173e-01
4.5339e-02
5.4324e-01
7.5088e-02
2.7851e-01
2.4094e-01
2.7507e-01
1.4849e-02
2.1432e-02
2.5436e-01
4.3308e-01
7.1387e-02
3.6154e-01
1.9498e-01
3.2735e-01
1.7333e-01
7.1319e-02
6.2842e-01
3.5433e-01
7.5779e-02
2.4038e-01
2.3423e-01
1.8046e-02
2.9017e-01
1.4040e-01
1.2262e-02
2.4256e-02
3.6522e-01
2.5887e-01
2.3390e-01
2.9665e-01
2.1494e-01
1.8855e-01
8.4455e-02
3.6723e-01
4.1883e-02
6.1448e-01
7.7560e-01
7.0151e-03
1.7900e-01
3.5691e-01
1.7781e-01
1.8315e-02
2.6137e-02
1.4543e-02
1.5832e-01
1.8924e-01
5.9417e-02
2.7556e-01
4.4667e-02
6.9514e-02
1.8648e-01
3.1420e-02
3.4645e-01
7.4669e-03
1.1452e-01
1.7248e-02
2.0848e-01
1.3708e-01
2.9893e-02
1.7697e-02
3.7500e-02
1.9510e-01
3.2311e-01
6.8185e-01
3.8604e-02
3.8648e-01
1.8529e-01
2.9966e-01
5.3233e-02
2.5685e-01
2.2012e-01
2.9674e-01
3.9282e-02
2.1605e-01
1.3728e-01
1.6173e-01
3.0016e-01
4.6339e-01
2.2777e-01
6.7522e-02
4.4480e-01
1.7759e-01
4.0390e-03
2.4587e-01
2.9352e-01
3.6400e-01
5.7624e-01
9.2244e-02
1.4879e-01
4.3661e-01
4.5883e-01
5.3564e-02
2.4217e-01
2.6648e-01
1.6411e-01
2.3777e-01
1.4452e-01
2.5086e-01
2.8992e-01
2.4280e-02
1.3462e-01
1.2830e-03
7.6103e-02
1.1528e-01
1.6191e-01
6.7169e-02
1.7637e-01
2.1568e-02
1.9676e-01
1.8064e-01
4.5239e-01
3.7941e-01
3.2185e-02
1.0908e-01
2.2593e-01
7.0536e-02
1.4508e-01
3.8472e-02
2.6392e-01
1.4336e-02
4.9805e-02
3.4706e-02
3.9587e-01
7.0526e-02
2.5743e-01
8.5913e-02
1.0993e-01
3.6507e-01
1.5664e-01
6.6337e-01
2.4677e-01
4.7136e-02
2.9927e-01
2.1936e-01
3.7167e-01
5.1725e-02
1.4463e-01
9.5483e-02
2.4422e-02
1.7899e-01
4.8386e-01
5.4945e-02
3.3050e-01
4.0471e-01
2.8989e-01
1.5306e-01
2.6116e-02
7.8684e-02
1.7830e-01
1.6899e-01
2.6625e-01
6.0878e-02
1.9932e-02
5.5915e-02
5.0828e-02
3.6429e-02
3.4744e-02
4.2686e-01
1.4396e-01
9.3504e-02
1.3661e-01
2.0353e-02
6.2121e-01
7.7608e-01
2.1441e-01
3.4955e-01
4.4503e-02
1.0506e-01
1.8316e-01
1.2714e-01
1.9687e-01
8.8253e-02
3.1940e-01
6.4079e-02
7.8140e-02
1.5733e-01
2.9236e-01
2.2024e-01
2.0885e-01
8.7217e-01
5.7542e-01
1.7380e-01
1.2950e-01
3.6023e-02
3.0824e-02
7.7718e-02
6.7835e-02
1.7009e-01
4.9645e-02
7.5639e-01
3.9867e-02
2.1542e-01
1.9166e-01
1.3354e-01
2.4020e-01
4.1039e-01
1.7083e-01
3.2326e-02
3.3913e-01
4.9619e-02
2.9923e-01
2.2477e-01
7.5591e-02
3.0894e-01
4.5492e-01
1.7845e-01
6.6579e-02
1.3341e-01
1.1008e-01
1.4248e-01
7.0922e-03
9.5263e-02
1.5635e-01
5.1279e-02
3.4358e-02
9.7312e-03
2.7677e-01
1.3745e-02
4.4322e-02
1.0615e-02
1.3327e-01
6.4596e-02
2.2279e-01
1.7564e-01
2.0460e-01
3.1590e-01
1.3326e-01
3.1855e-01
1.2279e-01
1.0667e-01
2.5936e-01
4.1310e-02
4.2731e-01
2.3780e-01
5.3477e-02
8.0470e-02
6.9370e-02
3.9524e-01
1.6645e-02
2.4474e-01
3.2341e-01
2.3060e-01
1.4962e-01
8.8878e-02
6.4975e-02
3.8257e-01
4.5217e-03
9.8826e-02
7.7814e-03
3.3009e-01
8.1972e-02
5.9890e-01
1.1502e-01
9.6452e-01
1.7753e-01
6.2864e-01
1.6968e-01
1.7983e-01
9.0876e-02
2.1145e-01
5.6801e-03
1.9762e-01
2.7434e-01
1.0021e-02
2.0922e-01
1.9495e-01
2.3897e-01
5.3579e-01
2.4679e-01
8.8639e-02
3.1420e-01
3.6249e-02
3.0144e-01
5.6643e-02
1.0001e-02
1.1344e-01
5.1913e-01
3.6526e-02
6.8727e-02
2.6615e-01
6.5343e-01
1.1921e-01
2.7887e-01
5.6431e-02
1.3197e-02
3.6304e-02
1.0172e-01
1.1680e-01
1.3100e-01
7.8652e-02
9.2165e-02
5.4210e-02
7.4977e-03
1.8996e-01
7.2008e-02
1.6576e-01
4.0475e-01
1.1346e-01
5.8454e-02
7.1980e-01
4.5478e-01
2.7012e-02
9.9642e-02
1.5817e-01
1.0544e-01
1.7836e-01
9.4229e-02
1.7991e-01
2.4156e-01
3.1542e-01
2.3999e-01
3.6048e-02
3.7496e-01
8.0707e-02
2.4860e-01
5.4280e-02
6.8228e-02
9.5497e-02
6.8794e-01
1.0500e-01
4.9058e-01
8.3424e-02
2.7551e-02
1.0718e-01
6.1409e-01
6.1872e-02
3.1608e-02
5.8144e-02
1.0434e-01
3.7636e-02
1.3109e-02
5.1789e-02
1.8395e-01
2.8358e-01
2.3624e-02
8.1607e-02
1.7151e-01
3.0333e-01
2.2917e-01
1.1187e-01
1.0179e-01
8.0672e-02
2.5895e-01
9.7029e-02
9.2207e-02
1.2525e-01
3.3050e-01
1.2111e-03
2.9039e-01
1.4754e-01
3.0952e-02
7.0764e-02
2.1305e-01
3.5948e-01
1.9472e-02
2.3012e-01
5.5076e-02
2.2695e-01
5.3089e-03
4.5760e-01
6.3894e-02
2.5067e-01
9.1696e-02
1.1140e-02
7.3509e-01
8.0617e-02
7.4436e-02
5.7153e-02
1.9756e-02
1.9431e-01
2.6962e-02
8.4713e-02
4.2513e-02
5.4076e-02
5.1725e-02
1.1609e-01
5.2478e-01
8.8111e-02
2.0759e-01
1.9249e-01
1.0248e-01
1.3081e-01
6.0231e-01
4.1469e-02
1.5456e-01
1.6380e-01
5.1936e-01
2.5279e-01
2.0606e-01
1.6369e-01
6.0603e-02
7.5252e-02
2.2925e-01
2.0774e-02
1.9356e-01
3.6686e-01
1.4475e-01
1.7553e-01
9.1198e-01
5.2487e-01
1.0326e-01
1.4689e-01
5.8311e-01
2.7904e-01
1.3304e-03
6.5096e-01
1.4165e-01
1.7032e-02
3.4763e-01
2.4352e-01
2.8263e-01
2.3255e-01
5.1518e-02
4.3058e-01
4.3172e-01
1.2504e-01
1.8653e-01
6.1184e-01
9.9220e-03
1.7399e-01
4.1769e-01
1.0612e-01
1.4147e-01
2.5529e-01
2.1109e-01
1.6052e-01
5.5725e-02
5.5870e-01
7.1298e-02
6.1977e-01
9.1505e-02
1.3734e-01
9.5313e-02
9.5392e-02
7.0583e-01
1.3686e-01
7.6524e-01
1.4032e-01
3.4367e-01
2.2310e-01
6.4276e-01
1.2049e-01
1.6397e-01
3.6278e-01
1.2779e-01
4.4051e-02
3.4872e-02
3.3565e-02
2.5483e-01
2.4854e-01
2.3022e-01
1.3880e-01
1.4336e-01
2.1344e-01
3.4063e-01
1.3020e-01
1.3446e-01
3.8847e-03
3.6722e-01
1.6346e-01
4.3086e-02
1.8821e-01
3.2332e-01
6.9106e-02
1.2461e-01
1.8768e-01
9.0316e-02
2.8182e-01
2.4446e-01
6.7680e-01
1.1968e-01
2.9300e-01
2.4044e-01
1.8521e-02
1.6457e-01
4.3065e-01
6.1338e-02
1.2644e-01
1.4656e-01
6.4869e-01
2.8627e-01
6.6665e-02
7.0588e-01
3.1356e-02
5.0174e-01
9.0413e-02
1.9601e-01
9.5963e-02
1.7543e-01
8.8290e-04
4.1918e-02
6.1711e-02
2.1692e-01
5.8565e-02
1.4961e-01
9.5049e-02
2.6603e-01
7.9779e-02
1.4189e-01
1.6066e-01
4.3487e-01
1.8263e-01
1.9520e-02
2.4981e-01
7.4396e-02
1.1524e-01
8.1582e-02
1.9896e-01
5.8230e-02
5.4300e-02
8.0802e-02
8.7958e-01
1.7510e-02
2.1111e-01
5.2457e-01
8.7919e-02
4.0694e-01
8.4978e-01
1.4248e-01
9.8635e-02
1.9329e-01
4.4927e-01
2.8747e-01
2.2020e-01
2.5690e-01
2.9539e-01
2.0331e-01
3.6119e-01
2.2267e-01
1.5308e-02
4.1748e-01
2.7470e-01
2.6301e-01
1.6406e-01
2.0436e-01
1.6871e-01
3.6417e-02
4.0302e-03
9.1176e-02
1.2364e-01
1.9961e-01
1.5886e-01
2.3559e-01
1.1288e-01
2.4011e-01
2.5579e-02
2.6608e-01
2.9383e-01
8.5530e-02
9.2007e-02
1.0711e-01
2.4459e-01
1.8893e-03
6.0662e-01
7.5674e-02
8.3519e-01
8.1677e-01
1.3650e-01
4.2269e-01
1.7487e-01
2.9855e-01
9.2135e-02
7.9786e-02
1.7797e-01
9.1141e-02
2.1306e-02
4.4913e-01
1.6510e-01
3.0290e-01
6.3434e-02
6.3037e-02
1.3795e-01
7.5129e-02
1.5135e-01
3.3791e-01
2.5847e-01
3.8745e-01
3.0396e-02
1.6888e-01
4.1221e-01
2.8543e-01
2.1371e-01
3.2683e-02
9.6012e-02
1.8892e-01
4.0021e-01
1.7789e-01
2.1607e-01
2.7006e-01
1.6860e-01
2.9425e-01
2.8938e-01
5.9215e-01
2.2353e-01
2.7277e-01
2.0922e-01
1.4087e-02
4.8063e-01
1.4298e-01
7.7530e-01
2.3574e-01
1.0018e-01
1.9385e-01
5.1546e-01
2.0772e-01
7.9227e-02
4.1716e-02
6.1295e-02
2.9489e-01
3.0190e-02
1.8951e-01
7.1948e-01
1.6820e-01
2.7720e-02
7.0933e-02
1.1181e-01
