1.9576e-01
2.8837e-01
5.3134e-01
3.3932e-01
1.0807e+00
3.3350e-01
1.4979e-01
3.4250e-01
3.1494e-01
3.4959e-01
5.1659e-01
6.4706e-01
2.1031e-01
5.9004e-01
2.9923e-01
4.9454e-02
7.1555e-01
8.6166e-01
1.7065e-01
5.0637e-01
6.2162e-01
7.0804e-01
7.1367e-01
6.8360e-01
2.8213e-01
7.0337e-01
3.9981e-01
1.5094e-01
1.5700e+00
8.8910e-02
9.7518e-02
1.6433e-01
4.6912e-01
5.3581e-01
8.1649e-02
2.9282e-01
4.8181e-02
7.9672e-02
2.4691e-01
2.1574e-01
3.7302e-01
2.0069e-01
3.8977e-01
1.6725e+00
4.2848e-01
3.9087e-01
3.0292e-01
7.0517e-01
3.9156e-01
4.3555e-01
4.4305e-01
2.4365e-01
1.6087e+00
1.9304e-01
3.6780e-01
3.0795e-01
6.9033e-02
1.4713e-01
4.1626e-01
3.5801e-02
5.7178e-01
3.7839e-01
4.9822e-01
4.9882e-01
3.3281e-02
2.5179e-01
3.0478e-01
2.4278e-01
5.6086e-01
5.8896e-01
4.3773e-01
3.2521e-01
5.0902e-01
1.2928e-01
4.1348e-01
2.4622e-01
2.9005e-01
9.6728e-01
6.5946e-01
4.9154e-01
1.6911e-01
2.9837e-01
5.4823e-01
9.5027e-02
2.0700e-01
3.5432e-01
7.0307e-01
1.4830e-01
5.7276e-01
4.3624e-01
4.1054e-01
5.7680e-01
4.3790e-01
5.4853e-01
5.0604e-01
6.4690e-02
3.1006e-01
1.1589e-01
2.2847e-01
1.1535e+00
1.5428e-03
3.0752e-01
4.6298e-01
7.6095e-01
2.1725e-01
1.8813e-01
1.1209e-02
9.3573e-02
3.6155e-01
8.1157e-01
1.5475e-01
2.8227e-01
1.5478e-01
2.9623e-01
2.7007e-01
2.4449e-01
1.1741e+00
4.8157e-02
1.3236e-01
3.1378e-01
4.6791e-01
1.1475e-01
2.3276e-01
8.7878e-01
2.0287e-01
2.6045e-01
3.3287e-01
1.9190e-01
2.2042e-01
1.4661e-01
4.1349e-01
8.1591e-01
6.1120e-01
6.4106e-01
8.2062e-01
4.5170e-01
1.8742e-01
3.0848e-02
2.4075e-01
8.3713e-01
6.9119e-02
1.0347e+00
2.7653e-01
9.7239e-02
3.3251e-01
1.6748e-01
3.6507e-01
4.5177e-01
1.9197e-01
1.0409e-01
2.2999e-01
1.0695e+00
2.6907e-01
3.4936e-01
4.3566e-01
9.3286e-01
3.6689e-01
8.7125e-02
3.5220e-01
4.7494e-01
5.4574e-02
1.5414e-01
2.2539e-02
3.6597e-01
3.6704e-02
1.2001e-01
2.3007e-01
3.6938e-01
2.4441e-01
3.0128e-01
8.5169e-01
3.2426e-01
9.9716e-02
2.9124e-01
1.2047e-01
2.1333e-01
4.0112e-01
6.3282e-01
6.3013e-01
6.5133e-01
1.4276e+00
3.4226e-01
4.7390e-01
1.4106e-01
2.5040e-01
3.6885e-01
3.7663e-01
4.6670e-01
5.9451e-01
5.3543e-01
1.9726e-01
1.0578e-02
5.7593e-01
8.2735e-02
2.7546e-01
2.9773e-01
2.0156e-01
4.9839e-01
2.9379e-01
3.0292e-01
1.4463e-01
1.8130e-01
8.0127e-01
3.2359e-01
3.4715e-01
5.0969e-01
8.6691e-01
7.1083e-01
3.3927e-01
8.2327e-01
4.1426e-01
6.3699e-01
7.3820e-01
5.7218e-01
4.2843e-01
7.5787e-01
2.0781e-01
2.9788e-01
3.6741e-01
2.5911e-01
2.8337e-01
1.6630e-02
8.2299e-01
1.1358e+00
1.2234e-01
2.1425e-01
1.2005e+00
1.3649e-01
5.3058e-01
2.7093e-02
9.3295e-02
3.9996e-01
4.9842e-01
1.9849e-01
1.7926e-02
2.4493e-01
9.3505e-01
2.6461e-01
5.6794e-01
1.0620e+00
2.8179e-01
5.1599e-01
3.5524e-01
1.2186e+00
4.0119e-01
2.5040e-02
9.7076e-02
4.2574e-01
2.9939e-01
3.0437e-01
9.2664e-01
9.7515e-01
1.9350e-01
1.2192e-01
7.7291e-01
2.1055e+00
2.0590e-01
3.3297e-01
1.4683e+00
9.6797e-01
1.0321e-01
1.0255e+00
3.9079e-01
5.0487e-01
2.4481e-01
4.2839e-01
1.9559e-01
