-0.0050
-0.0017
-0.0282
-0.2492
-0.4872
-0.7350
-0.0012
-0.1070
-0.4519
-0.0018
-0.7350
-0.1243
-0.4078
-0.7350
-0.0202
-0.1442
-0.7350
-0.0593
-0.1779
-0.4158
-0.2279
-0.7350
-0.4507
-0.4849
-0.7350
-0.7350
-0.4890
-0.4180
-0.4282
-0.1210
-0.7350
-0.7350
-0.0986
-0.4556
-0.7350
-0.0252
-0.1003
-0.7350
-0.7350
-0.1801
-0.4004
-0.7350
-0.0015
-0.1103
-0.3489
-0.0079
-0.7350
-0.0084
-0.4111
-0.7350
-0.3620
-0.1380
-0.7350
-0.7350
-0.7350
-0.4097
-0.3643
-0.2658
-0.1194
-0.0037
-0.0447
-0.7350
-0.3885
-0.7350
-0.7350
-0.1313
-0.3266
-0.3929
-0.1190
-0.7350
-0.7350
-0.0305
-0.7350
-0.7350
-0.4015
-0.4022
-0.7350
-0.4132
-0.7350
-0.0743
-0.7350
-0.7350
-0.4471
-0.4477
-0.7350
-0.2488
-0.7350
-0.4866
-0.7350
-0.1933
-0.3993
-0.2880
-0.0157
-0.0102
-0.7350
-0.2377
-0.2475
-0.3160
-0.7350
-0.7350
-0.7350
-0.3404
-0.1014
-0.4027
-0.7350
-0.4026
-0.7350
-0.1100
-0.4437
-0.7350
-0.7350
-0.7350
-0.0661
-0.7350
-0.0318
-0.4533
-0.3585
-0.7350
-0.7350
-0.7350
-0.7350
-0.0037
-0.7350
-0.7350
-0.7350
-0.0740
-0.7350
-0.0188
-0.7350
-0.1817
-0.4533
-0.3471
-0.0016
-0.7350
-0.1358
-0.0758
-0.7350
-0.7350
-0.4139
-0.7350
-0.3397
-0.7350
-0.3389
-0.7350
-0.3884
-0.1427
-0.4308
-0.4157
-0.0655
-0.1596
-0.1356
-0.5808
-0.7350
-0.0034
-0.7350
-0.2855
-0.7350
-0.7350
-0.7350
-0.7350
-0.1480
-0.3604
-0.1214
-0.7350
-0.7350
-0.1481
-0.7350
-0.7350
-0.7350
-0.0682
-0.4222
-0.0068
-0.7350
-0.7350
-0.0135
-0.7350
-0.3358
-0.3551
-0.0479
-0.3977
-0.2759
-0.3460
-0.1063
-0.3991
-0.7350
-0.7350
-0.7350
-0.7350
-0.0181
-0.0169
-0.7350
-0.3950
-0.7350
-0.7350
-0.1085
-0.7350
-0.0221
-0.4112
-0.7350
-0.7350
-0.3762
-0.7350
-0.1456
-0.7350
-0.7350
-0.7350
-0.3785
-0.2817
-0.7350
-0.3931
-0.0636
-0.3950
-0.4064
-0.7350
-0.7350
-0.1766
-0.7350
-0.7350
-0.4163
-0.1868
-0.7350
-0.7350
-0.7350
-0.7350
-0.5908
-0.7350
-0.4485
-0.4477
-0.4459
-0.2438
-0.7350
-0.7350
-0.7350
-0.7350
-0.7350
-0.4837
-0.7350
-0.7350
-0.7350
-0.4405
-0.1054
-0.3470
-0.1221
-0.1442
-0.7350
-0.7350
-0.1316
-0.7350
-0.4286
-0.7350
-0.7350
-0.7350
-0.1228
-0.4906
-0.2778
-0.7350
-0.1316
-0.2093
-0.0462
-0.3760
-0.3248
-0.5145
-0.4888
-0.7350
-0.0024
-0.7350
-0.0102
-0.0592
-0.3302
-0.3706
-0.7350
-0.7350
-0.7350
-0.1081
-0.7350
-0.0754
-0.1886
-0.7350
-0.7350
-0.7350
-0.1643
-0.1907
-0.3793
-0.1091
-0.1180
-0.7350
-0.3955
-0.7350
-0.6570
-0.7350
-0.7350
-0.1345
-0.7350
-0.7350
-0.7350
-0.7350
-0.7350
-0.4513
-0.7350
-0.7350
-0.4086
-0.7350
-0.7350
-0.7350
-0.4126
-0.7350
-0.4529
-0.4097
-0.4057
-0.7350
-0.7350
-0.7350
-0.7350
-0.4529
-0.7350
-0.0920
-0.4064
-0.0225
-0.0285
-0.7350
-0.7350
-0.7350
-0.1368
-0.7350
-0.7350
-0.0017
-0.7350
-0.4084
-0.7350
-0.1227
-0.7350
-0.7350
-0.4487
-0.7350
-0.7350
-0.7350
-0.7350
-0.7350
-0.7350
-0.7350
-0.3621
-0.1295
-0.3938
-0.2544
-0.0849
-0.7350
-0.1334
-0.3371
-0.7350
-0.3435
-0.7350
-0.2855
-0.7350
-0.2459
-0.1088
-0.2841
-0.7350
-0.7350
-0.0020
-0.7350
-0.1829
-0.7350
-0.0928
-0.7350
-0.2841
-0.1412
-0.4961
-0.3758
-0.4651
-0.3225
-0.0459
-0.3054
-0.3312
-0.3393
-0.7350
-0.0127
-0.7350
-0.5449
-0.0232
-0.1260
-0.7350
-0.4212
-0.3716
-0.7350
-0.0678
-0.1211
-0.7350
-0.0876
-0.1247
-0.3472
-0.3095
-0.3609
-0.7350
-0.1568
-0.7350
-0.3610
-0.0677
-0.4277
-0.7350
-0.7350
-0.7350
-0.2020
-0.7350
-0.3140
-0.0951
-0.2654
-0.3458
-0.7350
-0.7350
-0.7350
-0.7350
-0.0598
-0.7350
-0.0009
-0.7350
-0.7350
-0.7350
-0.7350
-0.0090
-0.4238
-0.7350
-0.7350
-0.3477
-0.7350
-0.7350
-0.7350
-0.7350
-0.1489
-0.7350
-0.7350
-0.4182
-0.1401
-0.7350
-0.0873
-0.3650
-0.7350
-0.3577
-0.7350
-0.3658
-0.7350
-0.7350
-0.0737
-0.7350
-0.3211
-0.7350
-0.0041
-0.1717
-0.1365
-0.5211
-0.4219
-0.7350
-0.7350
-0.7350
-0.3611
-0.3540
-0.7350
-0.7350
-0.1490
-0.1131
-0.3518
-0.3471
-0.7350
-0.7350
-0.7350
-0.7350
-0.7350
-0.7350
-0.0249
-0.3533
-0.7350
-0.7350
-0.7350
-0.7350
-0.7350
-0.7350
-0.0408
-0.7350
-0.3344
-0.1890
-0.5734
-0.2081
-0.0547
-0.7350
-0.7350
-0.3373
-0.7350
-0.7350
-0.7350
-0.7350
-0.4018
-0.1115
-0.3690
-0.7350
-0.1296
-0.3474
-0.1324
-0.7350
-0.7350
-0.3959
-0.3221
-0.3249
-0.7350
-0.7350
-0.0192
-0.7350
-0.3501
-0.7350
-0.7350
-0.3827
-0.7350
-0.1166
-0.0230
-0.1496
-0.3781
-0.7350
-0.1157
-0.3770
-0.1240
-0.7350
-0.1775
-0.3719
-0.4036
-0.4067
-0.7350
-0.0331
-0.7350
-0.7350
-0.4867
-0.7350
-0.7350
-0.7350
-0.7350
-0.7350
-0.7350
-0.3565
-0.4067
-0.7350
-0.7350
-0.0520
-0.7350
-0.1606
-0.4137
-0.3996
-0.7350
-0.7350
-0.1739
-0.3936
-0.4109
-0.7350
-0.7350
-0.4125
-0.4011
-0.7350
-0.1868
-0.4092
-0.7350
-0.7350
-0.7350
-0.7350
-0.4127
-0.1935
-0.7350
-0.7350
-0.7350
-0.7350
-0.7350
-0.4481
-0.4480
-0.4485
-0.7350
-0.7350
-0.7350
-0.7350
-0.7350
-0.7350
-0.2465
-0.4512
-0.7350
-0.7350
-0.7350
-0.7350
-0.4852
-0.7350
-0.7350
-0.7350
-0.1919
-0.7350
-0.2720
-0.3705
-0.7350
-0.0062
-0.7350
-0.7350
-0.3686
-0.1532
-0.7350
-0.7350
-0.4627
-0.7350
-0.7350
-0.1096
-0.4359
-0.7350
-0.0745
-0.0705
-0.7350
-0.3917
-0.3595
-0.0507
-0.7350
-0.7350
-0.4396
-0.5042
-0.3464
-0.4504
-0.1049
-0.7350
-0.4456
-0.0033
-0.4262
-0.3588
-0.1516
-0.7350
-0.3281
-0.0228
-0.7350
-0.3396
-0.3033
-0.0755
-0.1126
-0.4893
-0.0645
-0.0307
-0.7350
-0.0500
-0.0052
-0.3459
-0.7350
-0.3717
-0.0223
-0.7350
-0.0423
-0.2703
-0.7350
-0.1901
-0.0117
-0.7350
-0.5021
-0.4157
-0.3450
-0.2582
-0.1859
-0.3480
-0.4738
-0.7350
-0.0282
-0.5125
-0.3344
-0.2698
-0.1325
-0.1261
-0.5095
-0.7350
-0.6212
-0.2222
-0.0676
-0.1825
-0.1450
-0.2330
-0.3769
-0.4261
-0.7350
-0.0320
-0.6636
-0.3878
-0.0056
-0.7350
-0.3371
-0.7350
-0.7350
-0.0806
-0.3523
-0.3378
-0.7350
-0.7350
-0.7350
-0.7350
-0.0026
-0.7350
-0.2448
-0.7350
-0.7350
-0.7350
-0.0703
-0.1270
-0.7350
-0.7350
-0.7350
-0.4555
-0.0059
-0.7350
-0.7350
-0.2503
-0.5342
-0.3248
-0.7350
-0.7350
-0.0180
-0.7350
-0.1130
-0.1865
-0.7350
-0.0318
-0.7350
-0.7350
-0.4148
-0.1234
-0.7350
-0.7350
-0.1722
-0.0071
-0.7350
-0.7350
-0.0004
-0.7350
-0.7350
-0.3495
-0.7350
-0.1948
-0.7350
-0.7350
-0.7350
-0.7350
-0.7350
-0.7350
-0.7350
-0.7350
-0.7350
-0.7350
-0.7350
-0.7350
-0.7350
-0.7350
-0.7350
-0.7350
-0.7350
-0.7350
-0.7350
-0.7350
-0.7350
-0.7350
-0.0253
-0.7350
-0.7350
-0.4208
-0.3556
-0.3616
-0.7350
-0.7350
-0.7350
-0.7350
-0.7350
-0.7350
-0.7350
-0.7350
-0.7350
-0.0349
-0.7350
-0.4037
-0.7350
-0.0006
-0.3726
-0.4529
-0.7350
-0.7350
-0.7350
-0.7350
-0.7350
-0.7350
-0.7350
-0.7350
-0.7350
-0.7350
-0.1001
-0.1189
-0.4047
-0.3595
-0.3983
-0.7350
-0.7350
-0.7350
-0.7350
-0.4522
-0.4016
-0.7350
-0.7350
-0.7350
-0.7350
-0.0017
-0.7350
-0.7350
-0.7350
-0.2110
-0.7350
-0.7350
-0.7350
-0.4023
-0.7350
-0.7350
-0.7350
-0.1098
-0.7350
-0.7350
-0.7350
-0.4507
-0.1364
-0.3110
-0.7350
-0.4492
-0.7350
-0.4558
-0.1861
-0.1972
-0.7350
-0.3133
-0.1133
-0.7350
-0.7350
-0.1195
-0.4041
-0.4000
-0.4370
-0.7350
-0.3608
-0.7350
-0.7350
-0.2006
-0.3628
-0.3246
-0.5022
-0.2481
-0.7350
-0.7350
-0.7350
-0.7350
-0.2601
-0.3448
-0.0908
-0.7350
-0.3314
-0.7350
-0.7350
-0.1159
-0.1658
-0.7350
-0.0452
-0.3180
-0.2923
-0.3193
-0.7350
-0.3823
-0.3508
-0.7350
-0.7350
-0.1711
-0.7350
-0.7350
-0.3643
-0.2212
-0.7350
-0.7350
-0.3359
-0.2995
-0.0778
-0.3470
-0.4356
-0.7350
-0.1264
-0.3168
-0.0204
-0.7350
-0.1445
-0.0261
-0.7350
-0.0122
-0.7350
-0.3785
-0.7350
-0.7350
-0.2810
-0.3383
-0.3658
-0.7350
-0.3728
-0.7350
-0.3110
-0.7350
-0.7350
-0.2638
-0.7350
-0.7350
-0.0115
-0.7350
-0.2088
-0.3545
-0.7350
-0.7350
-0.1220
-0.7350
-0.1119
-0.7350
-0.7350
-0.7350
-0.4641
-0.7350
-0.7350
-0.7350
-0.0865
-0.3589
-0.3363
-0.7350
-0.7350
-0.1884
-0.2810
-0.7350
-0.7350
-0.0973
-0.0630
-0.1826
-0.3721
-0.0815
-0.5195
-0.7350
-0.1280
-0.0532
-0.7350
-0.7350
-0.2095
-0.0791
-0.0279
-0.7350
-0.7350
-0.7350
-0.7350
-0.0141
-0.7350
-0.2165
-0.0584
-0.0746
-0.4289
-0.7350
-0.1044
-0.4337
-0.2974
-0.0700
-0.3021
-0.7350
-0.0126
-0.2826
-0.3847
-0.3979
-0.7350
-0.7350
-0.2807
-0.4656
-0.1116
-0.7350
-0.4009
-0.4747
-0.7350
-0.7350
-0.1135
-0.0365
-0.3220
-0.0775
-0.1155
-0.7350
-0.5579
-0.7350
-0.2919
-0.7350
-0.0833
-0.3116
-0.7350
-0.5546
-0.2344
-0.7350
-0.4703
-0.4176
-0.1175
-0.3966
-0.7350
-0.7350
-0.7350
-0.4538
-0.2742
-0.5416
-0.7350
-0.0679
-0.7350
-0.7350
-0.7350
-0.7350
-0.2899
-0.4414
-0.7350
-0.7350
-0.3146
-0.3705
-0.7350
-0.7350
-0.1816
-0.7350
-0.3089
-0.7350
-0.7350
-0.7350
-0.2737
-0.7350
-0.3837
-0.7350
-0.7350
-0.7350
-0.7350
-0.2599
-0.7350
-0.7350
-0.7350
-0.7350
-0.1828
-0.7350
-0.7350
-0.7350
-0.7350
-0.0121
-0.0001
-0.7350
-0.3725
-0.3740
-0.3417
-0.7350
-0.4216
-0.7350
-0.1509
-0.3553
-0.7350
-0.7350
-0.7350
-0.7350
-0.4135
-0.7350
-0.7350
-0.7350
-0.7350
-0.0760
-0.7350
-0.4146
-0.3656
-0.4147
-0.7350
-0.7350
-0.3726
-0.7350
-0.3971
-0.7350
-0.7350
-0.0771
-0.7350
-0.3511
-0.7350
-0.7350
-0.7350
-0.7350
-0.3626
-0.7350
-0.7350
-0.0428
-0.1738
-0.7350
-0.7350
-0.7350
-0.7350
-0.1732
-0.0560
-0.2878
-0.7350
-0.7350
-0.7350
-0.3688
-0.3576
-0.7350
-0.7350
-0.7350
-0.7350
-0.0828
-0.0073
-0.3550
-0.7350
-0.2676
-0.7350
-0.7350
-0.4198
-0.1224
-0.3242
-0.7350
-0.7350
-0.3751
-0.2484
-0.0101
-0.7350
-0.1228
-0.4227
-0.7350
-0.0951
-0.7350
-0.7350
-0.0717
-0.0076
-0.0886
-0.7350
-0.1698
-0.0028
-0.1367
-0.3669
-0.0023
-0.4248
-0.4021
-0.7350
-0.1898
-0.0844
-0.5399
-0.1747
-0.0178
-0.7350
-0.3347
-0.7350
-0.3217
-0.1582
-0.7350
-0.0428
-0.2739
-0.7350
-0.3591
-0.7350
-0.7350
-0.4237
-0.7350
-0.1007
-0.7350
-0.7350
-0.7350
-0.5138
-0.3166
-0.3496
-0.3327
-0.7350
-0.7350
-0.7350
-0.7350
-0.7350
-0.7350
-0.7350
-0.7350
-0.7350
-0.7350
-0.7350
-0.7350
-0.7350
-0.4695
-0.2080
-0.3465
-0.1085
-0.3710
-0.7350
-0.7350
-0.7350
-0.7350
-0.3673
-0.3656
-0.7350
-0.1420
-0.7350
-0.7350
-0.7350
-0.7350
-0.7350
-0.7350
-0.7350
-0.7350
-0.7350
-0.1119
-0.4059
-0.7350
-0.7350
-0.3447
-0.7350
-0.7350
-0.7350
-0.7350
-0.3540
-0.7350
-0.3276
-0.7350
-0.5762
-0.7350
-0.3508
-0.7350
-0.7350
-0.7350
-0.1279
-0.7350
-0.3204
-0.7350
-0.7350
-0.1702
-0.3753
-0.4452
-0.7350
-0.3521
-0.3844
-0.7350
-0.3552
-0.3744
-0.0230
-0.7350
-0.7350
-0.7350
-0.3761
-0.1242
-0.0270
-0.7350
-0.7350
-0.7350
-0.7350
-0.1293
-0.1409
-0.0309
-0.0300
-0.7350
-0.1600
-0.0381
-0.3626
-0.3907
-0.5200
-0.3426
-0.4914
-0.7350
-0.3281
-0.7350
-0.3669
-0.7350
-0.7350
-0.3976
-0.7350
-0.2170
-0.7350
-0.7350
-0.7350
-0.7350
-0.7350
-0.7350
-0.4121
-0.7350
-0.3856
-0.7350
-0.7350
-0.7350
-0.7350
-0.7350
-0.4045
-0.7350
-0.4136
-0.1929
-0.7350
-0.7350
-0.7350
-0.7350
-0.7350
-0.7350
-0.7350
-0.7350
-0.4104
-0.7350
-0.7350
-0.7350
-0.4060
-0.7350
-0.7350
-0.0697
-0.1976
-0.1917
-0.4300
-0.1860
-0.7350
-0.5273
-0.4113
-0.4320
-0.7350
-0.7350
-0.7350
-0.7350
-0.7350
-0.7350
-0.7350
-0.4493
-0.7350
-0.7350
-0.4464
-0.2435
-0.7350
-0.7350
-0.4506
-0.7350
-0.7350
-0.7350
-0.4516
-0.7350
-0.4506
-0.7350
-0.7350
-0.7350
-0.7350
-0.7350
-0.4865
-0.7350
-0.7350
-0.7350
-0.0006
-0.3586
-0.7350
-0.7350
-0.7350
-0.0876
-0.7350
-0.7350
-0.0054
-0.7350
-0.3598
-0.7350
-0.0366
-0.2344
-0.2967
-0.7350
-0.3437
-0.5399
-0.1230
-0.4079
-0.7350
-0.3150
-0.3418
-0.7350
-0.0840
-0.7350
-0.7350
-0.0416
-0.7350
-0.3341
-0.0826
-0.7350
-0.4378
-0.4818
-0.4115
-0.7350
-0.3521
-0.4886
-0.7350
-0.7350
-0.5426
-0.3683
-0.3677
-0.7350
-0.5275
-0.7350
-0.4447
-0.1323
-0.0236
-0.7349
-0.1290
-0.7350
-0.7350
-0.7350
-0.3277
-0.3048
-0.2363
-0.1289
-0.5179
-0.3857
-0.7350
-0.7350
-0.4272
-0.0917
-0.3715
-0.3423
-0.0786
-0.2885
-0.5633
-0.2720
-0.0057
-0.7350
-0.7350
-0.4310
-0.1976
-0.3968
-0.0303
-0.7350
-0.7350
-0.0316
-0.1776
-0.7350
-0.7350
-0.1011
-0.0637
-0.7350
-0.3964
-0.7350
-0.7350
-0.0605
-0.0727
-0.1193
-0.7350
-0.2120
-0.2054
-0.7350
-0.1224
-0.2086
-0.7350
-0.0475
-0.2554
-0.1199
-0.5024
-0.3171
-0.1415
-0.7350
-0.1704
-0.7350
-0.2417
-0.5074
-0.7350
-0.7350
-0.7350
-0.4180
-0.5098
-0.1583
-0.1477
-0.4260
-0.3148
-0.1787
-0.2247
-0.7350
-0.4541
-0.7350
-0.7350
-0.0069
-0.0999
-0.3320
-0.1127
-0.4483
-0.3531
-0.1156
-0.7350
-0.2700
-0.0972
-0.7350
-0.3622
-0.3829
-0.2929
-0.7350
-0.0019
-0.3715
-0.7350
-0.7350
-0.7350
-0.3672
-0.4760
-0.7350
-0.7350
-0.7350
-0.5227
-0.3686
-0.7350
-0.7350
-0.1987
-0.0546
-0.4031
-0.3472
-0.3093
-0.3012
-0.4844
-0.3431
-0.4397
-0.3306
-0.4828
-0.3291
-0.7350
-0.7350
-0.7350
-0.7350
-0.7350
-0.4130
-0.7350
-0.0596
-0.1201
-0.2598
-0.3844
-0.3512
-0.3154
-0.1403
-0.0569
-0.2497
-0.3680
-0.6643
-0.1260
-0.4839
-0.1377
-0.3027
-0.0789
-0.4336
-0.3549
-0.4520
-0.7350
-0.7350
-0.4298
-0.7350
-0.1639
-0.1688
-0.7350
-0.0211
-0.7350
-0.7350
-0.7350
-0.7350
-0.3604
-0.2727
-0.7350
-0.7350
-0.1518
-0.1161
-0.7350
-0.7350
-0.3169
-0.0855
-0.7350
-0.2637
-0.3221
-0.7350
-0.3712
-0.7350
-0.2913
-0.2323
-0.7350
-0.7350
-0.3566
-0.4030
-0.7350
-0.1104
-0.7350
-0.3712
-0.7350
-0.2722
-0.2157
-0.0342
-0.3393
-0.7350
-0.2120
-0.7350
-0.0560
-0.7350
-0.0062
-0.7350
-0.7350
-0.1052
-0.7350
-0.7350
-0.0572
-0.4705
-0.1554
-0.7350
-0.0810
-0.7350
-0.7350
-0.3796
-0.7350
-0.7350
-0.0526
-0.2353
-0.3584
-0.7350
-0.7350
-0.7350
-0.7350
-0.7350
-0.7350
-0.7350
-0.1040
-0.7350
-0.2896
-0.0124
-0.7350
-0.7350
-0.7350
-0.2067
-0.3230
-0.7350
-0.7350
-0.0347
-0.7350
-0.7350
-0.3542
-0.2560
-0.4096
-0.3154
-0.7350
-0.7350
-0.7350
-0.7350
-0.1183
-0.7350
-0.7350
-0.7350
-0.7350
-0.7350
-0.7350
-0.7350
-0.7350
-0.7350
-0.7350
-0.5481
-0.2128
-0.0143
-0.3431
-0.3501
-0.7350
-0.7350
-0.7350
-0.7350
-0.1784
-0.7350
-0.4098
-0.3034
-0.4040
-0.7350
-0.7350
-0.3358
-0.7350
-0.3711
-0.7350
-0.4571
-0.4768
-0.7350
-0.7350
-0.7350
-0.7350
-0.7350
-0.3292
-0.7350
-0.7350
-0.7350
-0.7350
-0.7350
-0.1630
-0.7350
-0.7350
-0.7350
-0.1009
-0.7350
-0.7350
-0.1201
-0.7350
-0.0962
-0.7350
-0.7350
-0.7350
-0.7350
-0.7350
-0.7350
-0.7350
-0.7350
-0.1045
-0.3709
-0.7350
-0.7350
-0.7350
-0.7350
-0.7350
-0.3863
-0.7350
-0.7350
-0.7350
-0.7350
-0.7350
-0.7350
-0.7350
-0.4551
-0.7350
-0.7350
-0.3721
-0.7350
-0.7350
-0.7350
-0.7350
-0.1250
-0.7350
-0.7350
-0.7350
-0.7350
-0.7350
-0.4071
-0.7350
-0.4028
-0.0374
-0.4488
-0.3687
-0.2455
-0.3987
-0.7350
-0.7350
-0.7350
-0.7350
-0.7350
-0.7350
-0.7350
-0.7350
-0.7350
-0.7350
-0.7350
-0.7350
-0.7350
-0.7350
-0.7350
-0.1864
-0.4044
-0.7350
-0.7350
-0.7350
-0.7350
-0.0449
-0.7350
-0.1279
-0.7350
-0.7350
-0.3543
-0.4053
-0.7350
-0.7350
-0.7350
-0.7350
-0.4037
-0.7350
-0.7350
-0.7350
-0.7350
-0.3571
-0.3733
-0.7350
-0.4481
-0.7350
-0.7350
-0.7350
-0.4041
-0.7350
-0.4062
-0.7350
-0.7350
-0.7350
-0.0910
-0.7350
-0.7350
-0.5066
-0.7350
-0.0017
-0.3460
-0.7350
-0.7350
-0.7350
-0.7350
-0.7350
-0.7350
-0.7350
-0.7350
-0.7350
-0.7350
-0.3997
-0.4520
-0.7350
-0.7350
-0.2035
-0.7350
-0.7350
-0.7350
-0.4642
-0.4079
-0.7350
-0.0150
-0.3992
-0.7350
-0.7350
-0.7350
-0.7350
-0.1274
-0.7350
-0.7350
-0.7350
-0.7350
-0.7350
-0.7350
-0.7350
-0.0136
-0.7350
-0.1842
-0.7350
-0.7350
-0.4719
-0.3480
-0.7350
-0.7350
-0.7350
-0.7350
-0.7350
-0.7350
-0.4030
-0.7350
-0.0535
-0.7350
-0.7350
-0.4423
-0.3130
-0.7350
-0.4528
-0.3306
-0.7350
-0.7350
-0.7350
-0.7350
-0.3797
-0.1058
-0.7350
-0.7350
-0.0004
-0.2007
-0.1331
-0.7350
-0.7350
-0.1199
-0.7350
-0.7350
-0.3593
-0.7350
-0.0394
-0.0008
-0.7350
-0.7350
-0.1859
-0.7350
-0.1982
-0.1643
-0.7350
-0.7350
-0.7350
-0.7350
-0.1210
-0.4005
-0.2322
-0.7350
-0.7350
-0.7350
-0.7350
-0.7350
-0.4637
-0.3655
-0.7350
-0.7350
-0.1228
-0.3578
-0.7350
-0.0269
-0.0910
-0.7350
-0.3660
-0.7350
-0.3300
-0.7350
-0.7350
-0.7350
-0.2772
-0.7350
-0.7350
-0.7350
-0.7350
-0.7350
-0.7350
-0.3691
-0.3452
-0.0799
-0.3457
-0.7350
-0.0158
-0.7350
-0.2816
-0.3836
-0.0129
-0.7350
-0.7350
-0.3892
-0.3944
-0.1261
-0.7350
-0.7350
-0.7350
-0.7350
-0.7350
-0.7350
-0.3085
-0.3324
-0.3444
-0.0923
-0.7350
-0.7350
-0.7350
-0.1086
-0.3483
-0.7350
-0.7350
-0.0599
-0.2512
-0.1440
-0.3821
-0.7350
-0.1104
-0.3469
-0.7350
-0.1230
-0.3469
-0.1374
-0.3050
-0.3664
-0.7350
-0.7350
-0.0947
-0.7350
-0.7350
-0.7350
-0.3571
-0.7350
-0.0253
-0.7350
-0.3322
-0.3052
-0.5075
-0.3307
-0.7350
-0.0699
-0.4368
-0.0999
-0.7350
-0.7350
-0.7350
-0.7350
-0.7350
-0.2541
-0.3921
-0.7350
-0.0789
-0.1114
-0.7350
-0.7350
-0.7350
-0.0509
-0.0406
-0.7350
-0.7350
-0.0035
-0.0709
-0.0671
-0.1074
-0.2653
-0.7350
-0.2747
-0.7350
-0.7350
-0.7350
-0.3493
-0.0564
-0.7350
-0.7350
-0.7350
-0.7350
-0.7350
-0.0613
-0.7350
-0.4723
-0.7350
-0.3418
-0.1312
-0.0504
-0.2885
-0.4473
-0.4525
-0.3159
-0.7350
-0.0003
-0.0073
-0.7350
-0.7350
-0.7350
-0.7350
-0.7350
-0.7350
-0.7350
-0.7350
-0.7350
-0.2585
-0.7350
-0.7350
-0.1695
-0.3694
-0.3852
-0.7350
-0.7350
-0.7350
-0.0156
-0.7350
-0.7350
-0.7350
-0.0007
-0.7350
-0.7350
-0.3222
-0.7350
-0.3922
-0.7350
-0.3733
-0.7350
-0.1013
-0.7350
-0.4581
-0.7350
-0.7350
-0.2169
-0.0895
-0.0731
-0.2723
-0.4391
-0.7350
-0.7350
-0.3424
-0.1073
-0.7350
-0.7350
-0.7350
-0.1236
-0.3691
-0.1059
-0.3512
-0.0977
-0.0198
-0.1518
-0.7350
-0.3071
-0.7350
-0.4313
-0.7350
-0.7350
-0.2091
-0.7350
-0.3622
-0.3928
-0.3418
-0.0414
-0.7350
-0.2560
-0.1653
-0.1964
-0.7350
-0.1688
-0.7350
-0.1033
-0.3782
-0.3055
-0.7350
-0.3387
-0.7350
-0.2352
-0.7350
-0.7350
-0.0504
-0.0146
-0.3374
-0.1528
-0.0020
-0.7350
-0.0885
-0.3395
-0.7350
-0.7350
-0.0331
-0.7350
-0.3001
-0.7350
-0.3747
-0.7350
-0.4641
-0.0968
-0.7350
-0.7350
-0.3287
-0.3751
-0.7350
-0.4341
-0.2623
-0.2804
-0.3299
-0.0351
-0.3093
-0.3953
-0.7350
-0.0399
-0.1040
-0.7350
-0.7350
-0.7350
-0.7350
-0.7350
-0.7350
-0.5447
-0.1022
-0.7350
-0.3239
-0.7350
-0.7350
-0.4091
-0.3242
-0.5077
-0.4765
-0.3314
-0.0977
-0.7350
-0.7350
-0.4048
-0.7350
-0.7350
-0.0897
-0.2397
-0.1717
-0.3614
-0.7350
-0.2918
-0.3145
-0.7350
-0.7350
-0.3183
-0.2384
-0.3333
-0.7350
-0.2177
-0.4518
-0.1868
-0.7350
-0.7350
-0.4474
-0.7350
-0.7350
-0.0246
-0.7350
-0.4650
-0.7350
-0.1420
-0.3976
-0.7350
-0.7350
-0.7350
-0.3849
-0.7350
-0.4745
-0.7350
-0.3692
-0.7350
-0.7350
-0.4420
-0.7350
-0.7350
-0.3929
-0.2126
-0.4246
-0.0393
-0.7350
-0.7350
-0.4124
-0.1906
-0.0518
-0.7350
-0.7350
-0.0540
-0.3001
-0.4965
-0.7350
-0.2991
-0.2514
-0.7350
-0.0050
-0.7350
-0.7350
-0.7350
-0.3198
-0.7350
-0.7350
-0.7350
-0.0529
-0.2649
-0.7350
-0.0815
-0.0543
-0.7350
-0.4592
-0.1449
-0.3920
-0.0747
-0.1633
-0.7350
-0.7350
-0.7350
-0.7350
-0.7350
-0.7350
-0.7350
-0.7350
-0.7350
-0.2990
-0.7350
-0.1739
-0.3235
-0.2403
-0.2793
-0.3899
-0.4042
-0.1010
-0.2341
-0.3478
-0.0679
-0.2906
-0.7350
-0.3559
-0.3831
-0.7350
-0.7350
-0.7350
-0.7350
-0.7350
-0.0384
-0.1166
-0.2160
-0.7350
-0.7350
-0.7350
-0.7350
-0.7350
-0.7350
-0.7350
-0.7350
-0.7350
-0.7350
-0.7350
-0.7350
-0.7350
-0.0085
-0.7350
-0.4139
-0.7350
-0.2380
-0.7350
-0.7350
-0.7350
-0.7350
-0.7350
-0.7350
-0.7350
-0.7350
-0.7350
-0.7350
-0.7350
-0.7350
-0.7350
-0.5648
-0.0649
-0.7350
-0.7350
-0.4177
-0.7350
-0.7350
-0.3825
-0.7350
-0.3677
-0.7350
-0.7350
-0.7350
-0.7350
-0.7350
-0.0025
-0.7350
-0.7350
-0.7350
-0.4163
-0.3510
-0.3474
-0.7350
-0.1353
-0.3967
-0.7350
-0.7350
-0.1414
-0.7350
-0.7350
-0.7350
-0.7350
-0.7350
-0.7350
-0.3712
-0.7350
-0.7350
-0.7350
-0.7350
-0.1849
-0.7350
-0.2921
-0.3839
-0.7350
-0.0014
-0.4082
-0.7350
-0.7350
-0.7350
-0.7350
-0.7350
-0.3677
-0.3534
-0.7350
-0.7350
-0.0692
-0.2503
-0.7350
-0.7350
-0.7350
-0.1979
-0.7350
-0.0678
-0.7350
-0.7350
-0.7350
-0.7350
-0.3893
-0.1670
-0.7350
-0.3137
-0.7350
-0.7350
-0.1054
-0.0957
-0.7350
-0.7350
-0.7350
-0.3624
-0.2550
-0.7350
-0.1013
-0.7350
-0.7350
-0.0521
-0.7350
-0.1098
-0.0868
-0.3589
-0.7350
-0.7350
-0.1081
-0.7350
-0.7350
-0.3462
-0.3472
-0.7350
-0.7350
-0.3799
-0.7350
-0.7350
-0.4383
-0.7350
-0.7350
-0.0322
-0.7350
-0.7350
-0.1351
-0.3661
-0.0997
-0.0044
-0.3656
-0.7350
-0.7350
-0.7350
-0.0487
-0.7350
-0.7350
-0.3286
-0.3018
-0.1285
-0.2558
-0.3322
-0.7350
-0.7350
-0.0690
-0.7350
-0.3511
-0.7350
-0.7350
-0.7350
-0.7350
-0.3536
-0.0926
-0.7350
-0.7350
-0.1543
-0.3471
-0.6289
-0.7350
-0.7350
-0.7350
-0.7350
-0.0821
-0.1487
-0.7350
-0.0580
-0.7350
-0.7350
-0.7350
-0.7350
-0.7350
-0.7350
-0.7350
-0.7350
-0.0556
-0.3552
-0.3232
-0.3400
-0.7350
-0.2585
-0.2972
-0.7350
-0.7350
-0.7350
-0.1289
-0.7350
-0.3333
-0.7350
-0.2379
-0.7350
-0.0028
-0.1388
-0.7350
-0.3118
-0.7350
-0.3255
-0.3193
-0.7350
-0.3762
-0.0405
-0.0943
-0.7350
-0.7350
-0.7350
-0.3554
-0.1129
-0.1406
-0.7350
-0.4145
-0.7350
-0.4003
-0.7350
-0.3720
-0.7350
-0.4037
-0.0487
-0.1117
-0.7350
-0.7350
-0.4535
-0.4322
-0.7350
-0.0242
-0.7350
-0.3249
-0.7350
-0.7350
-0.7350
-0.2718
-0.7350
-0.3481
-0.7350
-0.3180
-0.7350
-0.7350
-0.4057
-0.7350
-0.7350
-0.7350
-0.7350
-0.3205
-0.3496
-0.0723
-0.7350
-0.7350
-0.2147
-0.7350
-0.3557
-0.2931
-0.7350
-0.2461
-0.7350
-0.7350
-0.4594
-0.3737
-0.3628
-0.7350
-0.3987
-0.7350
-0.7350
-0.7350
-0.7350
-0.3075
-0.4021
-0.7350
-0.2814
-0.3767
-0.7350
-0.4786
-0.3400
-0.4478
-0.7350
-0.7350
-0.7350
-0.7350
-0.7350
-0.7350
-0.7350
-0.7350
-0.3091
-0.7350
-0.7350
-0.7350
-0.7350
-0.7350
-0.7350
-0.7350
-0.7350
-0.7350
-0.7350
-0.1131
-0.4302
-0.1147
-0.7350
-0.7350
-0.7350
-0.7350
-0.7350
-0.3790
-0.7350
-0.7350
-0.7350
-0.7350
-0.4218
-0.7350
-0.3544
-0.3477
-0.3302
-0.7350
-0.5097
-0.7350
-0.0341
-0.7350
-0.7350
-0.7350
-0.7350
-0.4058
-0.7350
-0.7350
-0.3604
-0.3500
-0.7350
-0.7350
-0.7350
-0.3363
-0.3882
-0.7350
-0.7350
-0.7350
-0.7350
-0.7350
-0.3740
-0.3660
-0.1300
-0.3211
-0.3485
-0.1046
-0.7350
-0.7350
-0.1267
-0.1628
-0.7350
-0.7350
-0.7350
-0.7350
-0.7350
-0.7350
-0.7350
-0.1082
-0.7350
-0.1081
-0.3960
-0.7350
-0.3612
-0.0238
-0.7350
-0.1152
-0.7350
-0.0205
-0.7350
-0.7350
-0.7350
-0.7350
-0.0225
-0.7350
-0.3555
-0.7350
-0.3667
-0.7350
-0.3425
-0.7350
-0.7350
-0.1714
-0.4152
-0.7350
-0.7350
-0.7350
-0.7350
-0.1210
-0.7350
-0.1201
-0.3608
-0.1221
-0.3760
-0.7350
-0.7350
-0.0251
-0.7350
-0.7350
-0.1230
-0.7350
-0.7350
-0.1201
-0.1436
-0.1860
-0.7350
-0.7350
-0.7350
-0.7350
-0.3564
-0.3648
-0.7350
-0.7350
-0.7350
-0.7350
-0.7350
-0.7350
-0.3205
-0.4331
-0.7350
-0.3492
-0.7350
-0.7350
-0.4151
-0.4565
-0.4344
-0.7350
-0.7350
-0.3837
-0.7350
-0.4099
-0.7350
-0.7350
-0.7350
-0.3643
-0.7350
-0.4602
-0.7350
-0.7350
-0.7350
-0.7350
-0.7350
-0.3823
-0.7350
-0.7350
-0.3876
-0.7350
-0.7350
-0.7350
-0.7350
-0.7350
-0.3914
-0.7350
-0.3911
-0.7350
-0.1711
-0.7350
-0.7350
-0.7350
-0.7350
-0.7350
-0.3991
-0.7350
-0.7350
-0.3993
-0.3999
-0.4079
-0.0628
-0.1758
-0.7350
-0.7350
-0.7350
-0.7350
-0.7350
-0.1824
-0.7350
-0.3964
-0.7350
-0.7350
-0.7350
-0.7350
-0.1795
-0.1807
-0.7350
-0.7350
-0.1815
-0.7350
-0.3997
-0.7350
-0.4142
-0.3968
-0.7350
-0.7350
-0.5192
-0.7350
-0.7350
-0.7350
-0.7350
-0.7350
-0.7350
-0.7350
-0.4028
-0.4064
-0.4195
-0.7350
-0.7350
-0.7350
-0.7350
-0.4061
-0.4067
-0.7350
-0.4113
-0.7350
-0.7350
-0.7350
-0.7350
-0.7350
-0.7350
-0.7350
-0.4216
-0.7350
-0.7350
-0.7350
-0.7350
-0.7350
-0.2341
-0.7350
-0.4448
-0.7350
-0.7350
-0.7350
-0.7350
-0.7350
-0.4461
-0.4465
-0.7350
-0.7350
-0.7350
-0.4507
-0.4458
-0.7350
-0.7350
-0.7350
-0.7350
-0.7350
-0.7350
-0.4861
-0.7350
