0.7225	-0.0205	-1.0000
0.4584	-0.2690	-1.0000
0.9305	-0.8639	-2.0000
0.8021	0.0699	0.0000
1.2540	-0.3677	0.0000
0.8751	-0.5955	0.0000
0.7887	-0.3337	-2.0000
0.9472	-0.0372	0.0000
1.0176	-0.5942	-2.0000
0.9955	-0.4935	-3.0000
0.8965	0.0135	-1.0000
0.8241	0.0340	-1.0000
0.5268	-0.7214	0.0000
0.6126	-0.6158	0.0000
0.7654	-0.7212	-1.0000
1.1064	-0.0847	-1.0000
1.0104	-1.0422	0.0000
0.1060	0.5844	0.0000
0.8586	0.0434	-1.0000
1.2600	-0.2159	-1.0000
0.5425	-0.7666	0.0000
0.9077	-0.0084	-1.0000
0.5523	-0.3556	-1.0000
1.2286	-0.6244	-1.0000
1.3308	-0.1754	0.0000
0.4428	-0.7780	0.0000
0.7158	-0.2092	0.0000
0.5394	-0.6644	0.0000
1.0064	-0.1149	-1.0000
0.6354	-0.3213	-2.0000
0.7753	-0.1160	-1.0000
0.8255	0.2109	-1.0000
1.0603	-0.2125	-1.0000
0.9150	0.0783	-1.0000
0.6666	-0.6112	-1.0000
1.4151	-0.3784	0.0000
0.7294	0.2107	0.0000
0.7387	-0.4820	-1.0000
0.7834	-0.0083	-1.0000
0.4886	-0.4271	0.0000
1.1672	-0.2685	0.0000
0.4780	-0.9346	0.0000
1.0123	-0.1278	0.0000
-0.2415	-0.0251	0.0000
0.7952	0.0572	-2.0000
1.0725	-0.7220	0.0000
1.3496	-0.2424	0.0000
0.8095	0.0967	-1.0000
0.6877	-0.6055	0.0000
1.1040	-0.2136	0.0000
1.1317	-0.1580	-1.0000
0.7451	-0.7912	-2.0000
0.3009	0.4965	0.0000
0.8247	0.0433	-1.0000
0.7981	-0.0606	-1.0000
0.6635	-0.2869	-1.0000
0.9124	0.0030	-1.0000
0.5016	-0.8079	0.0000
0.8696	-0.9391	0.0000
1.3477	-0.3780	0.0000
0.9477	-0.6464	0.0000
0.6795	-0.8833	-1.0000
0.7820	-0.5277	0.0000
1.2362	-0.2298	-1.0000
0.3197	0.1362	-1.0000
0.1350	-0.1348	0.0000
0.7480	-0.3229	-2.0000
0.7812	0.1165	-1.0000
1.0362	-0.1255	0.0000
0.9172	-0.3431	-2.0000
0.8974	0.0739	-2.0000
0.8335	0.0603	-2.0000
0.3915	0.0856	-1.0000
0.4655	0.0220	0.0000
0.7012	0.0185	0.0000
0.6091	-0.7600	-1.0000
0.9475	-0.0890	-1.0000
0.7312	-0.7906	-1.0000
0.7414	-0.4239	-1.0000
1.1821	-0.2184	-2.0000
0.8861	0.0495	0.0000
1.0154	-0.0109	0.0000
0.7158	-0.4089	-2.0000
0.9901	-0.0200	-1.0000
0.8665	0.0921	0.0000
0.6747	-0.2328	-2.0000
0.4226	-0.3292	0.0000
0.6534	-0.5231	-1.0000
1.0247	-0.0146	-2.0000
1.2495	-0.2438	-2.0000
0.3912	-0.6039	0.0000
0.6524	-1.0225	0.0000
1.1270	-0.1797	0.0000
0.7941	0.0574	-1.0000
0.8303	-0.4554	-3.0000
0.7055	-0.2525	-2.0000
1.0945	-0.2757	-1.0000
1.3305	-0.1926	0.0000
0.8001	-0.4355	-1.0000
0.8393	0.0857	-1.0000
0.9054	-0.0583	-1.0000
1.2220	-0.0317	-1.0000
0.9105	0.0155	-2.0000
0.8946	-0.9200	0.0000
0.6115	-0.7518	-1.0000
0.7295	0.1702	-1.0000
1.1513	-0.1604	-1.0000
0.3260	0.0380	0.0000
0.5826	-0.6509	0.0000
0.7896	-0.8813	-1.0000
0.6444	-0.7659	-1.0000
1.1438	-0.0024	0.0000
0.3941	0.0383	0.0000
0.6141	-0.7711	0.0000
0.8194	0.0466	-2.0000
0.9886	-0.4315	-2.0000
1.1677	-0.1899	-2.0000
0.4930	-0.5892	0.0000
0.7272	-0.2862	0.0000
0.5818	-0.8031	-1.0000
0.1614	-0.4349	0.0000
0.9075	-0.4948	-2.0000
0.6244	-0.7412	0.0000
0.7816	0.1135	0.0000
0.5189	0.0308	0.0000
0.6763	-0.6408	-1.0000
1.0112	-0.0781	0.0000
0.9261	-0.5110	-3.0000
1.0128	-0.5152	-2.0000
0.6608	-0.5533	-1.0000
1.0385	-0.0316	0.0000
1.2102	-0.3054	0.0000
0.7055	-0.7390	0.0000
0.8412	0.0738	0.0000
1.0343	-0.3376	-1.0000
0.8104	0.0557	0.0000
1.0119	-0.0401	-1.0000
0.6187	-0.5749	-2.0000
0.7387	0.3535	0.0000
0.9008	0.0989	0.0000
1.1033	-0.9163	0.0000
0.9218	-0.7597	0.0000
0.9564	-0.2470	-1.0000
0.7694	0.0942	-1.0000
0.6003	0.3632	0.0000
1.1234	-0.1724	0.0000
1.1239	-0.1341	-2.0000
0.7492	-0.8202	-1.0000
0.3665	-0.4533	0.0000
0.8392	0.0909	0.0000
0.7747	-0.7943	0.0000
0.7446	-0.2650	0.0000
0.7329	-0.0230	0.0000
1.2366	-0.1000	0.0000
0.7619	-0.9277	0.0000
0.7740	-0.7027	-2.0000
0.7839	0.0682	0.0000
1.0092	-0.1147	0.0000
0.7230	-0.0185	-1.0000
0.8032	-0.6378	0.0000
1.1613	-0.1027	0.0000
1.0975	-0.1722	0.0000
1.2033	-0.3971	0.0000
0.7534	0.2015	-1.0000
1.2164	-0.2536	-1.0000
1.0853	-0.0659	-1.0000
1.1490	-0.2538	-1.0000
0.8469	0.1317	0.0000
0.9814	-0.2249	0.0000
0.7776	-0.5779	0.0000
0.9200	-0.0313	-2.0000
0.7551	0.1612	-1.0000
0.6369	-0.4711	-1.0000
1.2265	-0.2260	0.0000
1.1294	-0.0266	0.0000
1.0587	-0.6230	0.0000
0.6454	-0.1500	0.0000
0.8154	-0.4404	-1.0000
0.5090	-0.6330	-1.0000
0.7731	-0.7323	0.0000
0.9858	-0.0665	0.0000
1.0088	-0.3674	-1.0000
0.8053	-0.3434	-1.0000
1.0715	-0.1221	-1.0000
0.6704	0.1917	0.0000
0.8260	-1.0197	-1.0000
1.0055	-0.1354	0.0000
0.3092	-0.9766	0.0000
1.1544	-0.2574	0.0000
1.2684	-0.2470	0.0000
0.4633	0.0906	0.0000
1.1812	-0.2940	0.0000
0.8554	0.1094	-1.0000
0.5899	-0.6835	0.0000
0.7575	-0.8705	0.0000
0.2585	-0.3142	-1.0000
0.9899	-0.0844	0.0000
1.1487	-0.2179	-1.0000
0.9957	-0.6086	-1.0000
1.1504	-0.2748	-1.0000
1.1747	-0.1177	0.0000
0.6604	-0.7855	0.0000
0.8280	0.1346	-1.0000
0.8757	-0.3495	-3.0000
0.4094	-0.3524	-1.0000
1.1439	-0.3551	-1.0000
0.9272	0.0773	0.0000
1.1183	-0.1637	0.0000
0.7240	0.2186	0.0000
1.0728	-0.1862	-1.0000
0.4046	-0.0326	0.0000
0.8373	-0.4363	-2.0000
0.6509	0.0991	0.0000
0.7090	-0.6417	-1.0000
0.6699	-0.7547	0.0000
0.8995	0.0958	-1.0000
0.9937	-0.4571	-3.0000
1.1761	-0.1020	0.0000
0.9182	-0.2148	0.0000
0.9379	-0.5584	-2.0000
0.9686	-0.0030	-1.0000
0.7866	-0.3648	-3.0000
0.9578	-0.3190	0.0000
0.8654	0.0748	-2.0000
0.7509	0.1759	-1.0000
0.9889	-0.6098	-2.0000
0.8270	0.0850	0.0000
0.6901	-0.2168	-2.0000
1.1690	-0.2233	0.0000
1.3225	-0.3634	0.0000
0.6440	0.2170	0.0000
0.0948	-0.6007	0.0000
1.2822	-0.2356	-1.0000
0.3775	-0.7301	-1.0000
1.1298	-0.2272	0.0000
1.2441	-0.2417	-1.0000
-0.1633	-0.1616	0.0000
1.2490	-0.3600	0.0000
0.8053	0.1391	-1.0000
0.8347	0.0199	0.0000
0.8174	-0.0085	-1.0000
0.9923	-0.2333	-1.0000
0.8518	-0.9933	0.0000
0.9330	-0.3587	-2.0000
0.9135	0.1781	0.0000
0.9365	-0.1345	0.0000
1.1142	-0.1695	-2.0000
0.6617	0.2090	0.0000
1.3097	-0.3971	-1.0000
1.1282	-0.0735	0.0000
0.9182	-0.0283	0.0000
0.6721	0.1696	0.0000
0.6437	-0.4925	-1.0000
0.7788	-0.3339	-1.0000
0.7498	0.1989	-1.0000
0.7292	-0.3241	-1.0000
1.0546	-0.2203	-1.0000
0.7292	0.1573	0.0000
0.9222	-0.0729	-1.0000
0.7285	-0.7271	-1.0000
1.2783	-0.0761	0.0000
0.1042	0.2015	0.0000
1.0655	-0.0553	0.0000
1.0437	-0.1335	0.0000
1.0082	-0.2155	-1.0000
0.9167	-1.1719	0.0000
1.1982	-0.2119	-1.0000
1.1187	-0.1880	0.0000
0.7128	0.2323	-1.0000
0.7709	-0.3660	0.0000
1.3408	-0.5481	0.0000
0.9641	-0.8436	0.0000
0.6628	-0.5126	-2.0000
0.8539	0.0138	0.0000
0.7673	-0.4803	-2.0000
0.4036	-0.1453	0.0000
0.7087	-0.7573	-1.0000
1.0708	-0.3600	0.0000
0.4642	0.4181	0.0000
0.6660	-0.7868	0.0000
1.2575	-0.2614	-1.0000
0.6436	0.0347	-1.0000
1.0040	-0.5387	-1.0000
0.8508	-0.5196	-2.0000
0.9629	-0.9549	-1.0000
0.9587	-0.8184	-1.0000
0.7446	-0.5367	-2.0000
0.3586	-0.0756	-1.0000
0.8345	-1.1435	0.0000
0.8843	0.0029	-1.0000
1.1419	-0.5029	0.0000
0.8379	-0.8222	0.0000
0.8913	0.0789	0.0000
0.0402	-0.1613	-1.0000
1.2537	-0.3111	0.0000
1.2713	-0.2124	0.0000
0.8044	-0.4828	0.0000
0.9130	0.0735	-1.0000
0.4976	-0.2782	0.0000
1.0708	-0.7131	0.0000
0.6155	-0.7396	-2.0000
1.1423	-0.2412	-1.0000
0.2173	-0.0422	-1.0000
0.7358	-0.2262	-1.0000
0.8077	0.0376	0.0000
0.7209	-0.2189	-2.0000
-0.0085	-0.2965	0.0000
0.9546	-0.2844	0.0000
0.6277	-0.8335	-1.0000
0.0306	0.0048	0.0000
0.5867	-0.4989	0.0000
1.2754	-0.3448	-1.0000
0.0827	-0.2619	0.0000
1.0828	-0.1782	0.0000
0.6594	-0.7802	-2.0000
1.0767	-0.1409	0.0000
0.7070	-0.6102	-1.0000
0.6941	-0.1491	-1.0000
0.6357	-0.7227	-1.0000
0.8061	0.0155	0.0000
0.8297	-0.3224	-1.0000
1.2750	-0.3072	-1.0000
0.8851	-0.5119	-2.0000
1.0762	-0.2120	0.0000
1.0473	-0.0013	-1.0000
1.1292	-0.3599	0.0000
0.8811	-0.3040	0.0000
0.7188	-0.7008	-1.0000
0.7886	-0.9817	0.0000
0.6264	-0.4699	-2.0000
0.8628	-0.5102	-3.0000
0.7361	-0.5619	0.0000
1.0081	-0.4779	-2.0000
0.6172	-0.3188	-1.0000
1.1117	-0.0233	0.0000
0.9591	-0.0315	-1.0000
0.7963	-0.9286	-1.0000
1.0656	-0.6309	-2.0000
0.1784	-0.3646	-1.0000
0.4790	-0.2143	-1.0000
0.3823	0.5091	0.0000
1.2354	-0.2361	-2.0000
0.9409	-0.6257	-1.0000
0.7435	-0.0438	0.0000
0.9205	0.0086	0.0000
0.9207	-0.0383	-1.0000
0.7563	-0.2404	-1.0000
0.3630	-0.7329	0.0000
0.8911	-0.7870	-2.0000
1.1000	-0.2194	0.0000
0.8065	-0.1727	0.0000
0.6399	0.0766	-1.0000
1.0653	-0.2727	-1.0000
1.1595	-0.1529	-1.0000
0.3013	-0.0782	0.0000
1.0747	-0.0518	-1.0000
1.2081	-0.7393	0.0000
1.0360	-0.4094	-2.0000
0.6931	-0.3647	-2.0000
1.0740	-0.1849	-1.0000
0.9036	-0.1414	-1.0000
0.7715	0.1491	-1.0000
0.1628	0.0350	0.0000
0.9048	0.0087	-1.0000
1.0206	-0.2162	0.0000
1.0472	-0.5946	-3.0000
1.2555	-0.2535	-1.0000
0.7206	-0.3046	-1.0000
0.6593	-0.4499	-1.0000
0.1194	-0.2187	0.0000
0.7453	-0.2080	-1.0000
1.2753	-0.2738	-1.0000
0.3843	-0.2131	0.0000
0.7079	0.2031	-1.0000
1.0451	0.0075	0.0000
0.9665	0.0597	-1.0000
0.0218	-0.8096	0.0000
1.3668	-0.2311	0.0000
0.8518	-0.0109	-1.0000
1.0618	-0.7601	0.0000
0.6572	-1.0755	0.0000
0.5612	-0.5826	-1.0000
0.6941	-0.2240	0.0000
0.6052	-0.3307	-1.0000
0.1669	-0.2143	0.0000
0.8679	-0.6849	-1.0000
0.6230	-0.6954	-2.0000
1.2666	-0.2223	-1.0000
0.7501	0.1931	0.0000
0.6373	-0.7708	-2.0000
0.9551	-0.0803	-1.0000
1.0563	-0.1174	-1.0000
0.9191	0.1353	0.0000
1.1521	-0.2013	0.0000
0.5414	-0.4472	-1.0000
0.6657	-0.7339	-1.0000
1.2496	-0.3048	-2.0000
0.6445	-0.8167	-1.0000
0.8305	0.0491	-1.0000
1.0752	-0.0319	-1.0000
0.7805	-0.6899	-2.0000
0.5364	-0.1793	-1.0000
0.8853	0.0731	-2.0000
0.6391	-0.6013	0.0000
1.0241	-0.0058	-1.0000
0.9111	-0.0054	-1.0000
0.9871	-0.1406	-1.0000
0.7570	-0.7845	0.0000
0.8622	0.0216	0.0000
0.8818	-0.0173	0.0000
0.5674	-0.8157	0.0000
0.5297	-0.0469	0.0000
0.3415	0.0248	0.0000
0.6663	-0.2362	0.0000
0.7983	-0.3117	-2.0000
0.7177	0.1216	0.0000
0.3176	-0.0703	-1.0000
0.3897	-0.4665	-1.0000
0.7689	-1.1402	0.0000
1.0332	-0.4115	-1.0000
1.1704	-0.3732	0.0000
0.8518	-0.0566	0.0000
0.5708	-0.4501	-1.0000
0.8320	-0.0024	-1.0000
0.8222	-0.4127	-2.0000
0.4783	-0.5737	0.0000
-0.0208	-0.0087	0.0000
0.9029	-1.0998	0.0000
0.8663	0.1169	0.0000
0.7188	-0.7102	-1.0000
0.1394	-0.0787	-1.0000
0.9472	-1.0374	0.0000
0.9696	-0.8949	-1.0000
0.7059	-0.7831	-1.0000
1.2133	-0.3613	0.0000
0.7236	0.1679	0.0000
0.4699	-0.9944	0.0000
0.6387	-0.8410	-1.0000
1.1794	-0.2439	-1.0000
1.0669	-0.1671	0.0000
1.1094	-0.4749	-1.0000
0.6431	0.0553	-1.0000
0.4455	-0.1361	-1.0000
0.5629	-0.5964	-1.0000
0.8339	-1.0020	-2.0000
0.8783	-0.9161	0.0000
1.1517	-0.2548	-1.0000
0.7888	0.0726	-1.0000
0.5464	-0.4659	-1.0000
0.9584	-0.8738	-2.0000
0.7705	0.2114	-1.0000
0.6131	0.0577	0.0000
0.8945	0.0689	0.0000
1.1810	-0.2531	0.0000
0.2341	0.2734	0.0000
0.9861	-0.1107	-2.0000
0.6997	0.2329	-1.0000
1.1945	-0.2033	0.0000
0.6553	-0.4867	0.0000
0.3270	-0.4164	0.0000
0.7241	0.1378	-1.0000
0.9432	-0.3953	-3.0000
0.2811	-0.0796	-1.0000
1.2847	-0.3375	0.0000
1.1449	-0.1752	-1.0000
0.7847	-0.7886	-3.0000
-0.0291	0.0202	-1.0000
0.8469	-1.1942	0.0000
1.3666	-0.3499	0.0000
0.7876	-0.3263	0.0000
0.8209	0.2096	0.0000
1.2552	-0.1240	-1.0000
0.6969	-0.2060	-1.0000
0.7139	-0.6274	-1.0000
0.1664	-0.4300	0.0000
0.9780	-0.1769	0.0000
1.1704	-0.2356	-1.0000
0.8828	-0.1668	0.0000
1.0726	0.0692	0.0000
1.1395	-0.1182	-1.0000
1.0520	-0.1361	0.0000
0.8381	0.0665	-1.0000
0.8199	-0.3845	-2.0000
1.0351	0.0096	-1.0000
0.7990	0.1971	0.0000
0.7568	0.1366	-2.0000
0.8553	0.0869	-1.0000
0.9923	-0.0489	0.0000
1.2350	-0.1795	0.0000
0.3901	-0.6087	0.0000
1.1765	-0.0937	-1.0000
1.0541	-0.5901	-1.0000
0.8934	-0.6430	-2.0000
0.8173	0.0652	-1.0000
1.1869	-0.1520	-1.0000
0.7082	0.2211	0.0000
0.5357	-0.4877	0.0000
1.0848	-0.1852	-1.0000
1.0621	0.0068	0.0000
0.5268	-0.7416	0.0000
1.2087	-0.3058	0.0000
1.1484	-0.7899	0.0000
0.7298	-0.8189	0.0000
0.4958	-0.0516	-1.0000
0.9673	-0.2804	0.0000
0.7808	0.1952	-1.0000
1.0958	-0.2270	-1.0000
0.7106	0.1813	-1.0000
0.3223	-0.0118	0.0000
0.3946	-1.0369	0.0000
1.0057	-0.2464	-1.0000
0.8692	-0.5637	-3.0000
0.7765	0.0641	0.0000
0.9290	-0.8530	-2.0000
1.0716	-0.1353	-2.0000
1.0935	-0.1253	0.0000
0.8835	-0.1205	-1.0000
1.1045	-0.2678	-1.0000
1.1716	-0.2411	-1.0000
0.8774	-1.0329	0.0000
1.1983	-0.2379	-1.0000
0.1102	-0.2950	-1.0000
0.9218	-0.8509	-2.0000
1.1243	-0.2771	-1.0000
0.8776	0.1183	0.0000
1.2524	-0.1367	0.0000
0.7029	-0.6035	-1.0000
0.4063	-0.2866	0.0000
1.0195	-0.5756	-3.0000
1.2194	-0.2732	-2.0000
0.8907	-0.1036	-2.0000
0.8774	-0.0820	0.0000
1.1992	-0.1232	0.0000
0.7238	-1.2383	0.0000
0.6675	-0.5031	-1.0000
1.0309	-0.1062	0.0000
1.1968	-0.3376	-2.0000
1.0234	-0.3339	-1.0000
1.1604	-0.1112	0.0000
0.8803	0.0391	0.0000
0.7904	0.1205	0.0000
0.9334	-0.0711	-1.0000
0.8537	-0.3143	-1.0000
1.0891	-0.4322	-2.0000
0.3116	0.0338	-1.0000
1.2472	-0.2357	-1.0000
1.0082	-1.0195	-1.0000
0.8206	0.0909	-1.0000
1.0778	-1.1235	0.0000
0.8563	0.0925	-1.0000
0.8031	-0.2827	-2.0000
0.6555	-0.4622	-1.0000
0.5509	-0.6872	-1.0000
0.6642	0.1931	0.0000
1.1791	-0.2032	0.0000
0.8166	-0.0675	-1.0000
0.7687	-0.1862	-1.0000
0.5228	-0.4338	-1.0000
0.5627	-0.4599	-1.0000
0.9427	-0.0395	0.0000
0.5338	0.0143	-1.0000
0.8190	-0.5431	-2.0000
1.0757	-0.2918	-1.0000
1.2342	-0.2064	-1.0000
0.8223	0.0451	-1.0000
0.8264	0.1806	0.0000
0.7561	0.3260	0.0000
0.9392	-0.0199	-2.0000
0.1010	0.3432	0.0000
0.8512	0.0190	-1.0000
0.8416	-0.1242	-1.0000
0.5995	0.1877	0.0000
1.2817	-0.4008	0.0000
0.5696	0.1490	0.0000
0.9954	-0.0860	-1.0000
0.7102	-0.1797	0.0000
0.7552	0.1631	0.0000
1.1829	-0.9898	0.0000
0.8817	0.0154	-1.0000
0.1431	-0.3715	0.0000
0.5806	-0.6930	-1.0000
1.2753	-0.2581	-1.0000
0.6299	-0.8402	-1.0000
0.7358	-0.0581	-1.0000
0.8312	0.0799	-1.0000
1.1095	-0.1944	0.0000
0.3812	-0.6583	0.0000
0.7814	0.0841	-2.0000
0.7095	-0.2935	0.0000
0.5678	-0.3072	0.0000
0.0968	-0.4653	0.0000
1.0702	-0.2542	0.0000
1.1329	-1.0767	0.0000
1.0586	-0.0905	0.0000
0.9497	-0.9386	-1.0000
0.6919	0.2245	0.0000
1.0483	-0.2918	0.0000
0.9514	-0.0046	0.0000
0.7326	0.1588	0.0000
0.9768	-0.3306	0.0000
0.9883	-0.1213	-1.0000
0.9615	0.0073	-1.0000
1.2739	-0.2176	0.0000
0.7572	-0.7972	0.0000
1.0899	-0.1727	0.0000
0.7546	-0.2456	-1.0000
1.1270	-0.2142	0.0000
0.9703	-0.6393	-2.0000
1.0528	-0.5214	-2.0000
1.0151	-0.1163	0.0000
1.3913	-0.4044	0.0000
0.1845	-0.0854	-1.0000
0.6765	-0.0275	0.0000
0.4342	-0.0931	-1.0000
0.7794	-0.2482	-1.0000
1.2849	-0.2966	0.0000
0.6791	0.8953	0.0000
0.8573	-0.3443	-2.0000
0.4317	-0.1436	0.0000
1.3058	-0.2006	0.0000
0.8305	0.0828	0.0000
0.7521	-0.3623	-3.0000
0.2610	-0.2291	-1.0000
0.7509	-0.6845	0.0000
0.8794	-0.8233	-1.0000
1.3226	-0.4192	-1.0000
0.7691	0.1429	-1.0000
0.7820	0.1244	-1.0000
0.9405	-0.0622	-2.0000
0.7565	-0.4599	-2.0000
0.7572	-0.2275	0.0000
1.1793	-0.2871	-2.0000
0.8067	-0.2759	-2.0000
0.8180	0.0070	-1.0000
0.4888	-0.6849	0.0000
0.8959	0.0587	0.0000
0.7373	-0.7505	-2.0000
1.2297	-0.1693	0.0000
1.1781	-0.4061	-2.0000
0.8776	-0.3954	-3.0000
1.0896	-0.2085	0.0000
0.5061	-0.3143	-2.0000
0.7233	-1.0759	0.0000
1.2421	-0.1178	0.0000
0.8302	-0.7943	-3.0000
0.7623	-0.0393	0.0000
0.9203	0.1762	0.0000
0.7047	-0.5545	-1.0000
0.6264	-0.3536	-2.0000
1.2758	-0.3851	0.0000
0.8534	0.0551	0.0000
0.7788	-0.7592	0.0000
1.0803	-0.1467	-1.0000
0.6053	-0.1933	0.0000
1.1531	-0.3047	-1.0000
0.8951	-0.0642	0.0000
0.8342	-0.9829	-1.0000
0.0559	-0.2291	0.0000
0.1112	-0.2824	0.0000
1.0464	-0.0949	-2.0000
0.7473	0.2141	-1.0000
0.4365	-0.6026	0.0000
0.8056	0.0057	-1.0000
1.1854	-0.1397	0.0000
0.8173	-0.5820	-2.0000
0.5821	-0.7913	0.0000
1.1945	-0.2497	-1.0000
0.8456	0.0713	0.0000
1.1058	-0.0280	0.0000
0.9177	-0.3349	-3.0000
0.8186	0.1355	0.0000
0.6170	-0.8197	0.0000
0.6623	0.0444	0.0000
0.9789	-0.4259	-1.0000
0.9236	-0.5239	-2.0000
0.9067	-0.3735	-2.0000
0.8281	0.0546	-1.0000
0.6983	-0.8099	0.0000
0.3468	-0.0085	-1.0000
1.0463	-0.0666	-1.0000
1.0409	0.0272	0.0000
1.2207	-0.1442	0.0000
1.0047	-1.0865	0.0000
-0.1341	0.3614	0.0000
0.5825	0.2565	0.0000
0.9469	-0.4229	-2.0000
0.7251	-0.8392	0.0000
1.0741	-0.2598	0.0000
0.7742	0.2611	0.0000
0.2695	-0.1642	-1.0000
0.5444	-0.4202	0.0000
1.3439	-0.1787	0.0000
1.2197	-0.2877	-1.0000
0.9657	-0.0467	0.0000
0.8691	-0.1725	-1.0000
0.4567	-0.2753	-2.0000
0.6329	0.1538	-1.0000
1.2979	-0.2418	0.0000
1.1427	-0.2023	0.0000
0.7962	-0.3007	-2.0000
0.9309	-0.2726	0.0000
0.9805	-0.4587	-1.0000
0.9132	0.0004	-1.0000
0.8489	0.0198	-2.0000
0.4402	-0.0072	0.0000
0.9691	-0.1649	-1.0000
0.5074	-0.3871	0.0000
0.6914	-1.0633	0.0000
0.6147	-0.7425	-1.0000
0.9020	-0.2639	0.0000
1.0972	-0.1758	0.0000
0.9893	-0.3792	-2.0000
0.6450	-0.7653	0.0000
0.9117	0.0524	-2.0000
0.7893	0.1474	0.0000
0.7384	-0.3399	-2.0000
0.1590	-0.0601	-1.0000
0.8718	0.0046	0.0000
0.8120	0.0962	0.0000
1.2390	-0.1583	0.0000
0.6332	0.1605	0.0000
0.7680	0.0824	-1.0000
0.8250	-0.2795	0.0000
1.0717	0.2182	0.0000
1.1082	-0.1554	-1.0000
0.6800	-0.8346	-1.0000
0.6528	-0.5612	-2.0000
0.8231	-0.2798	-1.0000
0.4796	-0.5839	0.0000
0.6970	0.2357	-1.0000
1.1676	-0.1994	-1.0000
0.6351	-0.2603	0.0000
0.9190	0.0324	-2.0000
0.7765	0.1711	0.0000
0.7132	-0.8265	0.0000
0.2266	-0.4300	-1.0000
0.9598	-0.0252	-1.0000
1.2167	-0.2244	-1.0000
1.1313	-0.1599	-2.0000
0.7955	0.0750	0.0000
0.8117	-0.5745	-1.0000
1.1154	-0.1996	-1.0000
0.9858	-0.0321	-2.0000
0.6762	-0.8564	0.0000
1.0789	-0.3672	-2.0000
0.6990	-0.5965	-1.0000
0.6253	-0.5120	0.0000
1.1756	-0.2530	-1.0000
0.7133	0.2026	-1.0000
1.0869	-0.1713	-1.0000
0.9033	-0.0144	-3.0000
0.6515	-0.6889	-2.0000
1.0450	-0.2809	0.0000
0.6418	-0.7410	-1.0000
0.5357	0.0393	0.0000
0.9976	-0.0176	0.0000
1.2048	-0.2876	0.0000
0.8277	0.1105	-1.0000
0.8971	-0.9672	0.0000
0.0266	-0.3562	0.0000
0.8216	0.1086	0.0000
0.9865	-0.1587	-1.0000
1.0275	-1.1551	0.0000
0.3966	-0.2058	-1.0000
0.7242	-0.4870	-1.0000
0.7401	0.2195	0.0000
1.1001	0.1050	0.0000
0.9191	0.0259	-1.0000
0.8399	0.1100	0.0000
0.9269	-0.5115	0.0000
1.1114	-0.2672	-1.0000
1.0314	-0.0387	-1.0000
0.6948	-0.6420	-2.0000
0.5772	-0.4401	-1.0000
0.2702	0.2791	0.0000
1.0976	0.0346	-1.0000
0.8602	-0.3184	0.0000
1.0489	-0.0641	-1.0000
1.0966	-0.0967	-1.0000
0.7997	0.1136	-1.0000
1.2788	-0.1836	0.0000
1.1544	-0.1873	0.0000
0.9648	-0.8289	0.0000
0.8014	-0.0256	0.0000
1.0102	-0.2946	0.0000
1.1449	-0.1739	-1.0000
-0.2208	-0.0787	0.0000
0.9500	-0.0554	-1.0000
1.0712	-0.3661	0.0000
0.8901	-1.0538	0.0000
0.7728	-0.8726	-2.0000
0.7952	0.0748	-2.0000
0.6020	-0.4032	0.0000
0.1105	-0.0895	0.0000
0.7384	-0.7173	-1.0000
0.8227	0.1286	-1.0000
0.6258	-0.7233	-2.0000
0.0665	-0.2824	0.0000
0.9211	0.0345	-1.0000
0.6958	0.0525	0.0000
1.0640	-0.2295	0.0000
1.2247	-0.2519	-1.0000
0.8397	0.0037	-1.0000
0.9313	-0.0290	0.0000
1.2424	-0.1893	-1.0000
0.6382	0.2621	0.0000
1.2895	-0.2870	-1.0000
0.5860	-0.3429	0.0000
1.1023	-0.1948	0.0000
0.6332	-0.6995	-1.0000
0.5801	-0.7667	0.0000
0.9769	-0.9655	-1.0000
1.0342	-1.0515	0.0000
0.8969	-0.3232	-2.0000
1.1672	-0.1550	-1.0000
0.7955	0.1115	-1.0000
0.6979	-0.7118	-1.0000
0.5958	-0.6582	-1.0000
1.1407	-0.0620	0.0000
0.6887	-0.7947	0.0000
1.1556	-0.2705	0.0000
0.8816	-0.7189	-2.0000
0.9522	-0.1026	0.0000
0.6581	0.1426	0.0000
0.7382	0.1707	0.0000
0.9115	-0.0459	-1.0000
1.0453	-1.0877	0.0000
1.1711	-0.1598	-1.0000
0.2914	-0.2194	0.0000
0.5988	-0.7032	-2.0000
1.2995	-0.2996	0.0000
0.7587	0.1153	-1.0000
0.8669	-0.0049	-2.0000
0.9208	-0.0790	-1.0000
0.8765	-0.3830	-2.0000
0.8293	0.0236	-1.0000
0.8164	-0.5618	-1.0000
0.8923	-0.2178	-1.0000
0.6258	-0.9299	0.0000
1.0121	-0.0449	-1.0000
0.7376	-0.3894	-2.0000
0.9171	-1.0820	0.0000
0.9763	-0.8729	-1.0000
1.1505	-0.1823	0.0000
1.1138	-0.2058	-1.0000
1.0103	-0.9237	-1.0000
1.2607	-0.3578	0.0000
0.3626	-0.3282	-1.0000
0.1267	-0.1881	0.0000
1.0373	-0.0984	-1.0000
0.5005	-0.3662	0.0000
1.3351	-0.1873	0.0000
1.0400	-0.4705	-1.0000
0.7544	-0.0179	-1.0000
0.8768	-0.0363	-1.0000
0.5689	-0.7287	0.0000
0.5887	-0.6697	0.0000
1.2239	-0.0714	0.0000
1.0104	-0.1682	-1.0000
0.7663	-0.1563	-1.0000
0.9816	0.0477	0.0000
0.7618	0.0971	-1.0000
1.0958	-0.2124	0.0000
0.5805	0.5799	0.0000
0.5828	-0.2034	0.0000
0.9307	-0.0652	-1.0000
1.1845	-0.2659	0.0000
0.7403	-0.5304	0.0000
0.6184	-0.5507	-1.0000
0.0668	-0.2821	-1.0000
1.2044	-0.1590	-1.0000
0.6492	0.2257	-1.0000
0.8372	0.0731	-1.0000
1.0670	-0.1368	0.0000
0.8998	0.0072	0.0000
1.0553	-0.6645	-2.0000
0.1152	0.0264	0.0000
1.0027	-0.0966	0.0000
1.2158	-0.2296	0.0000
1.2520	-0.1811	0.0000
1.0468	-0.2331	-1.0000
0.9815	-0.0932	0.0000
0.1384	-0.0250	0.0000
0.7660	-0.8644	-1.0000
0.8924	0.2292	0.0000
0.2017	-0.0878	-1.0000
0.7416	0.1619	-1.0000
0.6723	-0.7698	-2.0000
0.5033	-0.4690	-1.0000
0.5433	-0.0596	0.0000
0.5438	-0.3021	-1.0000
0.0119	-0.0514	0.0000
1.1314	-0.1717	0.0000
0.6037	-0.8470	-1.0000
0.8707	-0.0804	0.0000
0.2327	-0.0414	0.0000
0.7814	0.1151	-1.0000
0.7139	-0.7070	0.0000
1.0866	-0.1387	0.0000
1.1241	-0.2026	0.0000
0.8071	0.1289	-2.0000
0.3187	-0.3990	-1.0000
0.8558	-0.5521	-3.0000
0.9403	-0.1020	0.0000
0.9569	-0.4705	-2.0000
0.8713	0.0922	-2.0000
0.8827	-0.9837	0.0000
0.2585	-0.4092	0.0000
0.2450	-0.1719	-1.0000
0.8642	-0.5745	-3.0000
0.9500	0.1116	0.0000
0.7473	0.1227	0.0000
0.7062	0.1399	-1.0000
0.7078	0.2037	-1.0000
0.8542	1.2046	0.0000
0.8647	0.1116	0.0000
0.7464	-0.3345	-1.0000
0.0720	-0.3754	0.0000
0.9565	-0.4153	-1.0000
1.0165	-1.1592	0.0000
0.5534	-0.6512	0.0000
1.0671	-0.2456	-1.0000
0.9182	-0.1125	-1.0000
0.5644	-0.6418	-1.0000
1.3068	-0.1855	0.0000
0.9663	0.0018	-2.0000
0.8741	0.0416	-1.0000
-0.2282	0.1075	0.0000
0.8220	0.1022	0.0000
1.1511	-0.3449	0.0000
1.0050	-0.2753	0.0000
1.2231	-0.1741	-1.0000
1.0439	-0.7537	-2.0000
0.7346	0.1863	-1.0000
0.6407	-0.7073	-1.0000
0.7887	0.1879	0.0000
0.9110	-0.5139	0.0000
0.6111	-0.7047	-1.0000
-0.0340	-0.0580	-1.0000
-0.4907	-0.5793	0.0000
0.8258	-0.8824	-1.0000
0.6795	-0.8776	-1.0000
0.7532	0.1243	-1.0000
0.5556	-0.1715	-1.0000
0.6233	-0.6784	-1.0000
1.0386	-0.2334	-1.0000
1.1327	-0.2201	-1.0000
1.1110	-0.1443	-1.0000
0.7285	-1.1805	0.0000
0.6920	-0.5066	-1.0000
0.8930	-0.8169	-2.0000
1.3335	-0.2546	0.0000
0.8016	-0.9181	-1.0000
1.0884	-0.2126	0.0000
0.7256	-0.2475	-1.0000
0.5489	-0.7047	0.0000
1.0618	-0.2499	-1.0000
0.7546	-0.8544	0.0000
1.1508	-0.2159	0.0000
0.2058	-0.1976	-1.0000
1.3609	-0.3293	0.0000
0.8373	-0.8467	-1.0000
0.4209	-0.2314	-2.0000
0.9592	-0.0347	-1.0000
0.8952	-0.2273	0.0000
0.1440	-0.2321	0.0000
0.9498	-0.0502	-1.0000
0.1170	-0.0949	0.0000
0.8334	0.0582	0.0000
0.7394	-0.0020	0.0000
1.3626	-0.4523	0.0000
0.4222	-0.8748	0.0000
0.7921	-0.2687	-1.0000
0.8848	-0.0253	0.0000
0.8100	-0.9383	0.0000
0.9416	-0.9669	-1.0000
0.9802	-0.7807	-1.0000
1.3579	-0.4230	0.0000
0.4669	-0.6169	0.0000
1.1663	-0.7056	-1.0000
1.1603	-0.1140	0.0000
1.1581	-0.2383	0.0000
1.2392	-0.3303	-2.0000
1.0322	-0.7566	-1.0000
0.3534	-0.0622	-1.0000
0.4972	-0.6551	0.0000
0.9762	-0.9339	-2.0000
0.6914	-0.8497	-1.0000
0.8436	0.0811	-1.0000
0.8651	-0.3720	-1.0000
0.9887	-0.1259	-1.0000
1.1537	-0.1027	0.0000
0.6053	-0.6162	-2.0000
0.9001	-0.0069	0.0000
0.7471	-0.5692	-1.0000
1.2642	-0.2078	-1.0000
1.2866	-0.2726	-1.0000
0.8386	-0.0289	-2.0000
0.9341	-0.7670	-2.0000
0.6947	0.1619	-1.0000
0.2039	-0.3201	0.0000
0.6365	-0.6372	-2.0000
0.8745	0.0389	-2.0000
1.1769	-0.2366	0.0000
0.7532	-0.2954	-2.0000
0.6466	-0.6779	-1.0000
0.9228	-0.8095	-2.0000
0.7631	0.0967	-1.0000
0.6068	-0.5672	-1.0000
0.8736	-1.0052	0.0000
0.8146	0.1110	-2.0000
0.8537	0.1198	-1.0000
1.1642	-0.8233	0.0000
1.0934	-0.1920	0.0000
1.1082	-0.2880	-1.0000
0.8290	0.0583	-1.0000
0.3093	-0.9330	0.0000
1.2219	-0.3211	0.0000
-0.1610	0.0394	0.0000
0.8910	-0.4925	-2.0000
0.6197	-0.6183	-1.0000
1.2066	-0.2333	-2.0000
0.6353	-0.5928	0.0000
0.3010	-0.3261	-1.0000
0.6903	-0.4650	-1.0000
0.7340	-0.7048	0.0000
0.6403	-0.3513	0.0000
0.6730	-0.3508	-2.0000
1.0927	-0.1008	-1.0000
0.8478	-0.2701	-1.0000
0.3959	-0.5545	-1.0000
0.8752	0.0138	-1.0000
0.6675	-0.6071	-1.0000
0.7910	-0.7457	0.0000
0.7281	0.1122	-1.0000
0.1446	-0.0679	0.0000
0.5992	-0.6438	-1.0000
0.9421	-0.4386	-2.0000
1.0066	-0.2184	0.0000
-0.1891	0.2322	0.0000
1.0384	-0.1872	0.0000
0.3104	-0.1597	-1.0000
0.7510	-0.6087	0.0000
1.2135	-0.2277	-1.0000
0.6349	-0.6525	-1.0000
0.9688	-0.0465	-2.0000
0.5628	-0.2933	-2.0000
0.2433	-0.1824	0.0000
0.7695	0.1452	0.0000
0.7839	0.1085	-1.0000
0.6114	-0.8383	-1.0000
1.1448	-0.1373	-1.0000
-0.2907	-0.0892	0.0000
0.8263	-0.7901	0.0000
0.7826	-0.8718	0.0000
0.5009	-0.1147	0.0000
0.5494	-0.7553	-1.0000
0.6459	-0.1502	-2.0000
1.0356	-0.0978	0.0000
1.0953	-0.2079	0.0000
1.0867	-0.0071	0.0000
0.8094	-0.2078	-1.0000
1.2704	-0.3086	-1.0000
1.2118	-0.2741	0.0000
0.9143	0.0730	-1.0000
1.1356	-0.1555	-2.0000
1.2574	-0.2317	0.0000
1.2793	-0.3082	-1.0000
0.4972	-0.5826	-1.0000
0.4278	-0.4483	-2.0000
1.3008	-0.2517	-1.0000
0.9699	-0.2127	0.0000
0.8070	0.0351	0.0000
1.0115	-0.7310	-1.0000
1.2190	-0.2632	-2.0000
1.1056	-0.1673	0.0000
0.9337	-0.9745	-1.0000
0.6384	-0.6425	-2.0000
0.8851	0.0852	-1.0000
0.5379	-0.4965	-1.0000
1.0638	-0.8158	0.0000
0.8706	0.0611	0.0000
0.8865	-1.0094	-1.0000
0.8169	-0.9368	-1.0000
0.8147	0.0569	-1.0000
1.1162	-0.3318	0.0000
0.2469	-0.8622	0.0000
0.8064	0.0860	0.0000
0.7502	0.1238	0.0000
0.8372	-0.9780	0.0000
1.0321	-1.0274	-1.0000
1.1570	-0.1664	-1.0000
0.9484	-0.0352	0.0000
0.9439	-1.0334	0.0000
1.2283	-0.1994	-1.0000
0.6595	-0.5919	-2.0000
0.5880	-0.3045	0.0000
1.2057	-0.1850	-1.0000
0.5778	0.6369	0.0000
0.0906	-0.5596	0.0000
0.6805	-0.3743	0.0000
0.8677	-0.3931	-2.0000
0.7982	0.2450	0.0000
1.1765	-0.1999	-1.0000
1.0349	-0.5472	-3.0000
0.4779	-0.1160	0.0000
0.7196	-0.7556	0.0000
0.8332	0.1171	0.0000
0.9124	-0.0025	-1.0000
0.7067	0.1694	0.0000
0.8740	-0.9921	-1.0000
0.8737	-1.0521	0.0000
1.0759	-0.1446	-2.0000
0.0436	-0.2202	0.0000
1.0013	-0.2594	-1.0000
0.5280	0.0646	0.0000
0.9329	-0.1471	0.0000
0.8256	0.0289	-2.0000
0.7445	-0.8527	0.0000
0.9328	0.0083	-1.0000
0.9646	-0.0457	-2.0000
0.9822	-0.1548	0.0000
0.7857	-0.9159	-1.0000
1.1512	-0.8759	-1.0000
0.1909	-0.1731	0.0000
1.0573	-0.2319	0.0000
1.0812	-0.1123	0.0000
1.0927	-0.1033	-2.0000
0.8511	-0.6026	-2.0000
0.6763	0.0549	0.0000
1.3392	-0.3592	0.0000
0.9804	-0.9733	-1.0000
0.9212	-0.2292	-1.0000
0.5886	-0.7970	0.0000
0.5843	-0.2622	-1.0000
1.2480	-0.3222	-1.0000
0.8524	0.0681	-1.0000
0.9018	-0.0424	-1.0000
1.1256	-0.1337	-1.0000
0.6143	-0.7191	0.0000
1.0421	-0.3375	-1.0000
0.7209	0.1281	-1.0000
0.8767	-0.8868	0.0000
0.4000	-0.1906	0.0000
0.9573	-0.6190	-2.0000
0.9889	-0.2578	-1.0000
0.3155	-0.5467	0.0000
1.0400	-0.1161	0.0000
1.0247	-0.7307	-1.0000
0.9524	-0.0263	-1.0000
0.4248	-0.4515	-1.0000
0.5911	0.3539	0.0000
0.7791	-0.5142	0.0000
0.8475	-0.2608	-1.0000
0.7096	-0.7313	0.0000
1.1069	-0.7240	-1.0000
0.6937	-0.4083	-1.0000
-0.2263	-0.0434	0.0000
1.2220	-0.3265	0.0000
0.5565	-0.3959	-2.0000
0.9464	-0.0645	-1.0000
1.1596	-0.2342	0.0000
0.8261	0.0699	0.0000
0.9551	-0.0975	0.0000
0.7206	-0.6805	0.0000
1.0475	-0.0181	-1.0000
0.9216	-0.2805	0.0000
0.9157	-0.1795	0.0000
1.1531	-0.9997	0.0000
1.1851	-0.2517	-1.0000
1.1323	-0.0887	-1.0000
0.6859	0.1668	0.0000
0.6552	0.2899	0.0000
1.1725	-0.2582	0.0000
1.1524	-0.1660	-1.0000
0.7016	-0.3853	0.0000
1.0808	-0.3223	0.0000
0.7883	-0.2123	-1.0000
0.8461	-0.1731	0.0000
0.8603	-0.7792	-1.0000
1.1195	-0.2541	-1.0000
1.0986	-0.6063	-1.0000
0.7487	0.2228	-1.0000
0.7744	0.0809	-1.0000
0.7353	-0.7174	-2.0000
1.0135	-0.4295	-1.0000
0.7403	-0.3550	-1.0000
0.6879	-0.8917	0.0000
0.7869	-0.3941	-2.0000
1.2099	-1.4751	0.0000
0.7347	0.1909	0.0000
1.0374	-0.2241	0.0000
0.9947	-0.0648	-1.0000
0.9326	-0.4178	-2.0000
0.7775	-0.2650	-1.0000
-0.1351	0.0709	0.0000
0.7969	-0.2513	-3.0000
0.6913	-0.6777	-1.0000
0.6934	0.2020	-1.0000
1.0568	-0.2438	0.0000
1.0986	-0.0674	-1.0000
0.9640	-0.5676	-1.0000
0.6753	-0.6011	-1.0000
1.2508	-0.3283	-1.0000
0.4699	-0.6767	0.0000
1.0425	-0.1318	0.0000
-0.0310	-0.2476	0.0000
1.1124	-0.1427	-1.0000
0.7723	0.1122	-1.0000
1.1316	-0.2250	0.0000
0.3935	-0.0272	0.0000
1.1753	-0.0613	0.0000
1.2159	-0.3619	0.0000
0.6312	-0.0284	0.0000
1.1295	-0.1127	-2.0000
1.0630	-0.2148	0.0000
1.2789	-0.2584	0.0000
0.7903	0.1721	-1.0000
1.0473	-0.1202	0.0000
0.9600	-0.0988	0.0000
0.7170	0.2098	0.0000
1.2910	-0.4375	0.0000
1.3460	-0.4282	0.0000
0.7461	-0.3781	-1.0000
0.8266	-0.0908	0.0000
1.3527	-0.4697	0.0000
1.0391	-0.1118	-1.0000
1.2053	-0.2101	0.0000
0.7154	-0.7962	-2.0000
0.8948	0.0078	-1.0000
0.5937	-0.4019	-2.0000
0.1425	-0.2103	0.0000
1.1198	-0.3355	-1.0000
0.8946	0.0996	-1.0000
0.7528	0.2201	-1.0000
1.2721	-0.4124	0.0000
0.8097	-0.8781	0.0000
0.1042	-0.1854	0.0000
0.9009	-0.8969	-1.0000
0.9492	-0.0809	0.0000
0.7414	0.2142	-1.0000
1.1018	-0.1282	-2.0000
0.8782	0.0173	-1.0000
1.0784	-1.0747	-1.0000
0.3833	-0.1311	0.0000
1.1685	-0.1774	-1.0000
0.8908	-0.9549	0.0000
1.3163	-0.3968	0.0000
1.2066	-0.1765	0.0000
1.3247	-0.4105	0.0000
0.8747	0.0280	0.0000
0.3417	-0.7031	0.0000
0.6118	-0.5065	-1.0000
0.5960	-0.7011	-1.0000
0.8729	-0.1022	0.0000
0.8858	-1.0274	-1.0000
1.1794	-0.3262	0.0000
0.9144	0.0464	-1.0000
1.0213	-0.0966	0.0000
0.6887	-0.7214	-1.0000
0.3707	-0.2077	0.0000
0.6557	-0.8460	0.0000
0.6012	-0.8414	0.0000
0.9143	-0.9249	0.0000
0.9362	-0.0710	0.0000
0.6766	-0.8595	0.0000
1.1051	-0.2501	0.0000
0.8343	-0.9297	-2.0000
0.8859	0.0616	0.0000
0.8336	-1.0129	0.0000
0.8852	-0.8992	0.0000
1.0382	-0.4375	-1.0000
0.8364	0.1381	0.0000
0.6619	-0.8374	0.0000
0.6762	0.1943	0.0000
0.6864	-0.3362	-2.0000
0.7975	0.0379	0.0000
0.4519	-0.2705	-2.0000
1.0112	-0.1178	-1.0000
0.8337	0.1713	-1.0000
0.5123	-0.4859	-1.0000
0.8674	0.0586	0.0000
0.8238	0.0282	-1.0000
1.1786	-1.1624	0.0000
0.6774	-0.0957	0.0000
0.8337	0.0380	0.0000
1.1514	-0.2785	-1.0000
0.6755	-0.4362	-1.0000
0.8293	-0.6239	0.0000
0.7682	0.2319	0.0000
0.7691	0.1514	0.0000
0.7423	-0.6069	-1.0000
0.4544	-0.6740	-2.0000
1.1360	-1.1048	0.0000
1.1571	-0.1858	0.0000
0.7956	0.0627	-1.0000
1.1247	-0.1094	-1.0000
0.6551	-0.7379	0.0000
0.8023	-0.7236	0.0000
0.8712	0.0894	0.0000
0.7854	0.0959	-1.0000
1.0403	-0.1855	0.0000
0.9292	-0.4054	-1.0000
0.9363	-0.0328	0.0000
0.8120	-1.0625	-1.0000
0.6776	0.2318	0.0000
1.0662	-0.0336	0.0000
0.8579	-1.0666	0.0000
0.9877	-0.3177	0.0000
1.0454	-0.2364	0.0000
1.2076	-0.2855	-2.0000
0.6202	0.2216	0.0000
1.0839	-0.6023	-1.0000
0.9846	-0.2425	0.0000
0.9173	-0.9737	-1.0000
0.8312	-0.6472	-1.0000
0.7531	0.1881	-1.0000
1.0578	-0.0840	-2.0000
1.1725	-0.6523	-2.0000
0.8450	-0.9186	-1.0000
1.0937	-0.8142	0.0000
0.9577	-0.1405	0.0000
0.8451	-0.7875	-1.0000
0.9661	-0.2304	-1.0000
0.8599	0.0365	-2.0000
0.1235	-0.0961	-1.0000
0.4447	-0.4835	-1.0000
0.8290	-0.3991	-2.0000
0.3817	-0.4421	-1.0000
0.8578	0.0352	-1.0000
0.8973	0.0056	-1.0000
0.5711	-0.7315	0.0000
0.8893	-1.0087	0.0000
0.8735	0.0617	-1.0000
0.5360	-0.6390	-2.0000
0.8413	-0.7628	0.0000
1.1299	-0.1790	-1.0000
0.7366	-0.9197	0.0000
0.9493	-0.8158	0.0000
0.8833	-0.5032	0.0000
0.8064	-0.6127	0.0000
0.6698	0.2214	-1.0000
0.5896	-0.5853	0.0000
0.8712	-0.4740	-3.0000
0.8057	0.0787	0.0000
0.8584	-0.7379	-2.0000
0.8914	-0.2632	0.0000
1.0256	-0.2050	-1.0000
0.9077	0.0409	0.0000
0.7651	-0.3622	-1.0000
1.2363	-0.0839	0.0000
0.0542	-0.2341	-1.0000
1.0388	-0.1398	0.0000
1.0287	-0.0674	0.0000
0.7673	-0.0240	-1.0000
0.0316	-0.4203	0.0000
0.7194	0.0294	-1.0000
0.6844	-0.8454	0.0000
0.6093	-0.6968	-1.0000
0.6182	-0.7315	-1.0000
0.4406	-0.0327	-1.0000
1.0044	-0.5395	-1.0000
0.9805	-0.1786	-1.0000
0.7260	-0.2546	-1.0000
0.6820	-0.5890	-2.0000
0.9363	0.0472	0.0000
0.2959	-0.1743	-1.0000
0.9709	-0.7395	-2.0000
0.9929	-0.4127	-2.0000
0.9268	0.1964	0.0000
0.9712	-0.0149	-2.0000
0.5900	-0.3708	0.0000
0.8897	-0.0232	0.0000
0.5986	-0.3843	-1.0000
1.0209	-0.3345	-2.0000
0.9336	-0.4249	-2.0000
1.1991	-0.1859	-1.0000
1.2122	-0.1771	-1.0000
0.4539	-0.4991	0.0000
1.1843	-0.3007	-2.0000
0.7304	-0.7068	0.0000
1.0125	0.0245	0.0000
0.7249	-0.2932	-2.0000
1.2050	-0.1688	-2.0000
0.6885	0.1075	0.0000
0.6692	-0.7645	0.0000
1.2534	-0.2047	0.0000
0.8812	-0.1917	0.0000
0.9147	-0.1618	-1.0000
1.2685	-0.1467	0.0000
0.7560	-0.3745	-1.0000
0.8245	0.0876	-1.0000
0.1631	0.0808	0.0000
1.0833	-0.3875	-1.0000
1.0514	-0.0340	-1.0000
1.0589	-1.1166	0.0000
0.9510	-1.0174	-2.0000
0.7102	-0.2694	0.0000
1.0412	-0.2357	0.0000
0.9617	-0.9403	0.0000
0.1552	-0.5348	0.0000
0.1369	-0.1452	-1.0000
0.9202	0.0249	-1.0000
1.0447	-0.1609	0.0000
0.6727	-0.4991	0.0000
0.1667	-0.1192	0.0000
0.7422	0.1564	0.0000
0.7701	-0.5300	-2.0000
0.7014	-0.7961	-2.0000
0.4934	-0.6442	0.0000
0.3592	-0.2407	0.0000
0.6651	-0.7234	-1.0000
0.9710	-0.6505	0.0000
1.0867	-0.0699	0.0000
1.2009	-0.2310	0.0000
0.6153	-0.3805	0.0000
1.0954	-0.2201	-1.0000
1.1991	-0.2856	-2.0000
0.9191	0.0895	-1.0000
0.9397	-0.1906	-1.0000
0.3429	-0.2244	0.0000
1.1255	-0.1504	0.0000
1.1649	-0.2747	0.0000
0.9218	-0.0307	-1.0000
1.1902	-0.1500	-1.0000
0.7508	0.1474	-1.0000
0.7736	0.1461	0.0000
1.2065	-0.2558	0.0000
1.2959	-0.1759	0.0000
0.7419	0.0909	0.0000
0.4541	-0.7024	0.0000
1.0972	-0.1459	-1.0000
0.6480	-0.1789	-1.0000
0.1796	-0.2880	0.0000
1.1224	-0.1933	-1.0000
0.6287	-0.8173	-1.0000
0.9913	-1.0409	-1.0000
1.0668	-0.2522	0.0000
1.1393	-0.1344	0.0000
0.8162	0.1003	-1.0000
0.5273	-0.3367	-1.0000
0.6541	-0.6206	-2.0000
0.6528	-0.1989	-2.0000
1.2369	-0.2205	0.0000
0.6736	-0.5967	-2.0000
0.7990	-0.5050	-3.0000
1.1881	-0.2528	0.0000
0.8593	0.1131	0.0000
0.7427	-0.2791	-1.0000
0.5839	-0.3969	-1.0000
0.6606	-0.8996	0.0000
0.7642	0.2106	0.0000
0.8352	-0.0415	0.0000
0.7640	-0.0695	0.0000
0.6477	-0.3789	-1.0000
0.9005	-0.2637	0.0000
1.2303	-0.1823	0.0000
1.0207	-0.3691	-2.0000
0.2370	-0.3271	0.0000
-0.0191	-0.1123	0.0000
0.9712	0.0804	0.0000
0.5322	-0.5466	-1.0000
0.2231	0.1093	0.0000
0.8758	0.0050	-1.0000
0.6200	-0.6885	0.0000
0.8037	0.0868	-1.0000
0.1359	-0.2837	0.0000
0.2967	-0.6568	0.0000
1.1005	-0.9201	0.0000
0.4585	-0.6821	0.0000
0.8343	-0.3199	0.0000
0.7092	-0.5498	-1.0000
0.6958	0.1927	0.0000
0.6836	-0.6994	-1.0000
0.7971	0.1104	-1.0000
0.6536	-0.7511	-1.0000
1.0583	-0.5287	-2.0000
1.3821	-0.3156	0.0000
0.5746	-0.4595	-1.0000
0.0777	-0.1077	0.0000
0.9009	-0.9179	0.0000
0.6423	-0.6253	0.0000
1.2228	-0.3608	0.0000
0.9281	-0.8430	-2.0000
0.7355	0.2530	0.0000
0.3693	-0.5850	-1.0000
0.8207	-0.0329	0.0000
0.8107	0.0844	-1.0000
0.7081	-0.7656	-1.0000
0.9397	-0.3158	0.0000
1.1513	-0.1893	-2.0000
0.7181	0.1306	0.0000
0.5290	-0.4542	0.0000
1.1566	-0.3110	-1.0000
0.0846	-0.2733	0.0000
1.0723	-0.2259	-2.0000
0.8890	-0.0237	-1.0000
1.2389	-0.0238	0.0000
1.0210	-0.2010	-1.0000
0.7837	0.2280	0.0000
1.1088	-0.2100	-1.0000
0.5804	-0.7056	-1.0000
0.8299	-1.1402	0.0000
1.0283	-0.8482	-2.0000
0.9881	-0.1199	0.0000
0.7408	-0.6094	-1.0000
0.7700	-0.8707	0.0000
0.6518	0.1620	-1.0000
0.5436	0.0516	0.0000
0.9733	-0.3948	-2.0000
0.5940	-0.5879	-2.0000
1.2471	-0.3522	0.0000
0.8174	0.0692	-1.0000
1.3359	-0.3390	0.0000
0.4567	-0.8743	0.0000
0.6245	-0.6666	0.0000
0.6082	-0.6071	-1.0000
0.8156	-0.3271	-2.0000
0.6717	-1.0411	0.0000
1.2161	-0.1676	0.0000
0.3220	0.0733	0.0000
0.6210	-0.7084	-1.0000
1.1453	-0.1963	-2.0000
0.8569	0.0471	0.0000
0.6862	-0.1897	-1.0000
1.0871	-0.7726	-1.0000
1.2823	-0.2780	0.0000
0.8006	-0.8302	-2.0000
0.8893	-0.0125	-2.0000
0.5878	-0.5243	0.0000
0.7952	0.1346	0.0000
1.0593	-0.1672	0.0000
0.8829	-0.4462	-2.0000
1.3567	-0.5100	0.0000
1.1385	-0.1979	-2.0000
0.8990	-0.5300	-2.0000
1.0291	-0.1668	0.0000
0.9164	-0.6723	-1.0000
0.8216	0.0198	0.0000
0.6385	-0.5125	-1.0000
1.0370	-0.1957	0.0000
0.8161	0.0205	-2.0000
0.5205	-0.6864	-1.0000
0.8655	-0.7351	0.0000
1.1408	-0.2828	0.0000
0.9251	-0.0219	0.0000
1.0570	-0.5210	-1.0000
1.1819	-0.2247	0.0000
0.9166	-0.9412	-1.0000
1.0354	-0.4656	-2.0000
0.7863	-0.8968	0.0000
0.9141	0.0031	-1.0000
0.7655	0.0350	-2.0000
0.8466	-0.3596	-3.0000
0.7080	-0.1864	-1.0000
0.7778	-0.0222	-1.0000
0.7243	0.0951	-1.0000
1.0178	-0.0167	0.0000
1.2502	-0.2802	-1.0000
0.9282	-0.7894	-2.0000
1.0067	-0.2433	0.0000
1.1459	-0.6802	-1.0000
0.7932	0.0532	0.0000
0.7841	0.0997	-2.0000
0.9827	0.3036	0.0000
0.5982	-0.7393	-1.0000
0.8737	-0.7153	-1.0000
0.6449	-0.3262	0.0000
0.8812	-0.1935	0.0000
0.6576	-0.7243	-2.0000
0.6164	-0.7366	0.0000
0.6884	-0.5673	0.0000
0.7915	-0.5390	-2.0000
0.7047	-0.2991	-2.0000
0.6578	-0.8476	-1.0000
1.1330	-0.2636	0.0000
0.8764	-0.6020	-3.0000
0.9220	-0.0155	-1.0000
0.7271	-0.6011	-1.0000
0.5895	0.0988	0.0000
0.5205	-0.6685	0.0000
0.5337	-0.4959	0.0000
0.9753	0.0093	0.0000
0.5310	-0.7661	-1.0000
0.7336	0.1272	0.0000
0.8742	0.0352	-1.0000
1.1301	-0.0838	-1.0000
1.1309	-0.1573	-1.0000
0.7230	-0.6753	-1.0000
0.9603	-0.8948	0.0000
0.9250	-0.9787	-1.0000
1.2774	-0.2642	-1.0000
1.0010	-0.4619	-2.0000
0.6074	0.0037	-1.0000
0.8508	-0.8743	-1.0000
0.6732	-0.7964	-1.0000
0.9836	-0.7169	-1.0000
0.7003	-0.6734	-2.0000
1.2219	-0.2346	0.0000
1.1884	-0.3533	0.0000
1.1469	-0.2254	-1.0000
0.8121	0.0771	-1.0000
0.8320	0.1517	0.0000
0.7559	0.0643	-1.0000
1.1681	-0.0592	-1.0000
0.8153	0.0948	0.0000
0.8266	0.0322	-1.0000
0.8136	-0.2058	0.0000
0.7110	-0.0332	0.0000
0.7260	-0.4477	-3.0000
0.7245	0.1479	0.0000
1.0051	-0.0733	0.0000
0.7499	-0.2294	-2.0000
0.7330	-0.7055	-1.0000
1.0822	-0.5941	-2.0000
0.9439	-0.6721	0.0000
0.6070	-0.7253	-1.0000
0.6474	-0.6297	-2.0000
0.8061	-0.6282	-1.0000
1.2555	-0.2583	-1.0000
0.4719	-0.3616	0.0000
1.2793	-0.2690	-2.0000
0.8655	-0.7528	-1.0000
0.5234	-0.5228	-2.0000
0.6315	-0.6797	0.0000
0.6587	0.0831	0.0000
0.7400	-0.4510	0.0000
0.6726	-0.4329	-2.0000
1.0856	-0.1364	-2.0000
0.9472	-0.2953	-2.0000
0.8396	0.0357	-1.0000
0.5180	-0.3477	0.0000
0.9795	0.0258	0.0000
0.5280	-0.2424	-1.0000
0.7032	-0.3809	-2.0000
0.2272	-0.8537	0.0000
1.3102	-0.1235	0.0000
0.7375	-0.2455	-1.0000
0.9786	-0.0870	-1.0000
1.0883	-0.2434	0.0000
1.2640	-0.1685	0.0000
0.6739	-0.6267	0.0000
1.1144	-0.9937	0.0000
0.7732	0.2920	0.0000
0.8381	-0.0085	-1.0000
0.5566	-0.2159	-1.0000
1.2754	-0.3799	-1.0000
0.6518	-0.1704	-1.0000
1.2717	-0.0771	0.0000
0.6331	-0.3365	0.0000
1.1715	-0.2207	-1.0000
1.0804	-0.0098	-1.0000
0.9582	-0.0840	0.0000
1.1740	-0.1784	-2.0000
0.8281	-0.0019	-2.0000
0.8028	-0.3571	0.0000
0.8606	0.1162	0.0000
1.1523	-0.2343	0.0000
0.6823	-0.6970	-1.0000
0.7869	0.0268	-1.0000
1.3243	-0.2897	-1.0000
0.5503	0.0518	-1.0000
0.9452	-0.0711	0.0000
1.1266	-0.3467	0.0000
0.9535	-0.5241	-1.0000
0.1135	-0.0643	-1.0000
1.1526	-0.1757	-2.0000
1.0457	-0.4900	-2.0000
0.9573	0.0590	-1.0000
0.9904	-0.0644	-2.0000
0.8313	0.0221	-2.0000
0.8264	-0.8401	0.0000
0.6967	0.1819	0.0000
0.8680	-0.0221	0.0000
0.8011	-0.8051	0.0000
0.7620	-0.4772	0.0000
1.2129	-0.2175	-1.0000
1.0730	-0.4906	-2.0000
0.1601	-0.2368	0.0000
1.3396	-0.2805	0.0000
1.0314	-1.2636	-1.0000
0.6980	-0.7875	-1.0000
1.2061	-0.2135	-1.0000
1.0096	-0.6734	-2.0000
0.8821	0.0801	0.0000
0.4831	-0.4800	0.0000
0.8040	0.0532	-1.0000
1.0509	-0.0939	-2.0000
1.0922	-0.6205	-2.0000
0.8024	0.1033	-2.0000
0.8480	0.0728	0.0000
0.1006	-0.8148	0.0000
1.1937	-0.9212	0.0000
1.2422	-0.3651	0.0000
0.1628	-0.0819	0.0000
0.7722	-1.0194	0.0000
0.7475	0.1346	0.0000
1.3462	-0.3121	-1.0000
1.0107	-0.0768	0.0000
0.9840	-0.2553	-1.0000
0.9732	-0.5847	-2.0000
0.7316	-0.6599	-2.0000
0.8696	-0.1882	-1.0000
0.8749	0.0180	-2.0000
0.7984	0.0493	-1.0000
0.3445	0.7129	0.0000
0.7431	-0.4740	-1.0000
0.8977	-1.4089	0.0000
0.7962	-0.4093	-1.0000
0.5483	-0.5991	0.0000
0.5533	-0.3632	0.0000
1.2242	-0.1572	0.0000
0.9966	-0.0852	0.0000
0.1356	0.4289	0.0000
1.0007	-0.7834	-2.0000
0.8639	-0.9653	-1.0000
0.6534	-0.4617	-1.0000
0.9590	-0.3105	-1.0000
1.2008	-0.2065	-1.0000
0.8323	-0.9536	-1.0000
0.7313	-0.4063	-1.0000
0.9920	-0.1322	0.0000
1.2092	-0.2839	0.0000
1.0289	-0.4213	-2.0000
1.0372	-0.0948	0.0000
0.7229	-0.9475	0.0000
1.0588	-0.1213	0.0000
0.9431	-0.0253	-1.0000
1.1577	-0.1191	-1.0000
0.7213	0.1806	0.0000
0.5161	-0.6619	0.0000
0.5072	-0.6679	0.0000
1.2754	-0.2305	-1.0000
1.1429	-0.0780	0.0000
0.7480	-1.0391	0.0000
0.8742	-0.3864	0.0000
0.2834	0.0939	0.0000
0.7779	0.1544	0.0000
1.0338	-0.6882	-1.0000
0.8223	0.0395	0.0000
1.1965	-0.0356	0.0000
0.8529	-0.8668	-2.0000
1.1398	-0.8111	-1.0000
0.7346	-0.8758	0.0000
0.8950	-0.4011	-2.0000
0.3021	-0.0282	0.0000
0.8927	-1.0746	-1.0000
1.0019	0.0181	0.0000
0.8942	-0.1295	-1.0000
0.7840	-1.0809	0.0000
1.1663	-0.2533	-2.0000
1.1740	-0.2889	0.0000
0.8291	-0.4064	-1.0000
1.2251	-0.2410	0.0000
0.9124	-0.8509	-3.0000
1.0831	-0.1549	-2.0000
1.1052	-0.2545	-2.0000
1.0039	-0.8531	-1.0000
0.8513	-0.6301	0.0000
0.2413	-0.0453	0.0000
1.2571	-0.2668	-2.0000
1.1405	-0.5428	0.0000
0.6649	-0.7863	0.0000
0.9449	-0.6663	0.0000
1.2281	-0.0917	0.0000
0.8460	-0.0131	0.0000
0.8815	0.0370	0.0000
1.1161	-0.2817	0.0000
1.0477	-0.2549	-1.0000
0.7856	0.1406	-1.0000
0.9242	-0.0224	-1.0000
0.6702	-0.6438	-1.0000
0.8446	0.1917	0.0000
0.7516	0.0829	0.0000
0.1901	0.0390	0.0000
1.2292	-0.0046	0.0000
0.8818	0.1110	-1.0000
0.9523	-0.4848	-2.0000
1.0158	-0.3635	0.0000
0.6392	-0.8005	-1.0000
0.9287	0.0359	0.0000
1.0344	-0.0591	-1.0000
1.0650	-0.2186	-2.0000
1.2633	-0.3506	0.0000
1.0444	-0.2027	0.0000
1.1233	-0.2660	0.0000
0.7259	-0.9526	-1.0000
0.8595	-0.6575	-1.0000
0.3128	0.0651	-1.0000
0.9219	-0.1236	0.0000
0.7770	-0.2764	0.0000
0.6951	0.0810	0.0000
0.6032	-0.6717	-1.0000
1.0451	-0.8596	0.0000
1.0797	-0.1505	-1.0000
0.9390	-0.1300	0.0000
0.7449	-0.7871	-1.0000
0.2157	0.3156	0.0000
0.6549	-0.6075	-1.0000
0.4584	-0.4574	-1.0000
0.3821	-0.0489	0.0000
0.4002	-0.5088	0.0000
0.8018	0.1346	-1.0000
1.1347	-0.1957	-1.0000
1.2727	-0.2715	0.0000
0.7994	0.1434	0.0000
0.5717	0.4029	0.0000
1.1318	-0.2319	0.0000
0.9902	-0.2504	0.0000
0.9770	-0.0562	-1.0000
0.5399	-0.6364	0.0000
1.0718	-1.1107	0.0000
0.8813	-0.0057	-2.0000
0.7712	-0.8763	-1.0000
0.6952	-0.3215	0.0000
0.8022	-0.2506	-1.0000
1.3431	-0.4547	0.0000
1.0492	0.0898	0.0000
1.1365	-0.2034	-1.0000
1.1450	-0.1597	-1.0000
1.0452	-0.2240	-2.0000
1.0023	-0.0653	-1.0000
0.6263	-0.6444	-1.0000
0.8942	0.0778	0.0000
0.8847	-0.4616	-1.0000
0.9158	0.0171	0.0000
0.9214	0.0067	0.0000
1.1489	-0.2799	-1.0000
0.7582	-0.3562	-2.0000
0.8932	-0.2383	0.0000
0.9250	-0.5283	-3.0000
0.9444	-0.5734	-2.0000
0.4001	-0.0153	0.0000
1.0575	-0.2723	0.0000
0.7252	-0.4637	0.0000
1.1746	-0.2240	-1.0000
0.7413	-0.1835	-1.0000
0.7794	-0.7000	0.0000
0.8893	0.0215	-2.0000
1.0330	0.0226	0.0000
1.1345	-0.2376	-1.0000
0.6994	-0.8147	-1.0000
1.1963	-0.2698	-2.0000
1.2123	-0.2575	-1.0000
0.2557	0.3596	0.0000
1.3076	-0.1248	0.0000
0.9319	0.0087	-1.0000
1.0697	-0.5735	-3.0000
0.8290	-0.4317	-1.0000
0.8408	0.1108	0.0000
0.9226	-0.7645	-1.0000
0.6171	-0.1037	0.0000
0.9871	-0.2142	0.0000
0.9886	-0.0167	-1.0000
0.8900	-0.9870	-1.0000
1.1839	-0.1731	0.0000
0.8424	0.1491	0.0000
0.9017	-0.1884	0.0000
0.7489	0.0746	0.0000
0.6980	0.1888	-1.0000
1.0191	-0.7839	-1.0000
0.7214	-0.4380	0.0000
1.0053	-0.0956	0.0000
0.9077	-0.2035	0.0000
0.7558	-0.6039	-1.0000
0.9459	-0.2823	-1.0000
1.0790	-0.6359	-2.0000
0.9396	-0.1791	0.0000
0.7617	0.1074	-1.0000
0.7226	0.1948	-1.0000
1.2451	-0.3521	-1.0000
0.9167	-0.6985	-1.0000
0.4947	0.3727	0.0000
0.8908	-0.9630	-1.0000
0.8937	-0.3195	-1.0000
0.7150	-0.6740	0.0000
0.6679	-0.6968	-2.0000
1.0098	-0.1829	0.0000
0.7398	0.2417	0.0000
0.7160	-0.8622	-1.0000
1.3344	-0.2822	0.0000
0.7822	0.0747	-1.0000
0.9188	-0.7128	-2.0000
0.8725	0.1222	0.0000
0.9220	-0.0350	-1.0000
1.0174	-0.1830	0.0000
0.7416	-0.2207	0.0000
0.7462	-0.9233	-1.0000
0.6292	-0.3724	0.0000
0.9433	0.1535	0.0000
0.7963	-0.8791	-1.0000
0.6694	-0.8610	0.0000
0.9098	-1.0431	0.0000
0.8027	0.1071	-2.0000
0.8776	0.0515	0.0000
0.6289	-0.3228	-1.0000
0.7627	-0.3361	-2.0000
0.6685	0.1342	0.0000
1.0814	-0.1802	-1.0000
0.7517	-0.1963	0.0000
0.2966	-0.2511	0.0000
1.0642	-0.2723	0.0000
1.0244	-0.2112	0.0000
1.0287	-0.2699	0.0000
0.7630	-0.5949	-1.0000
-0.0630	-0.2114	-1.0000
1.1479	-0.2117	0.0000
0.6079	-0.5788	-1.0000
0.8912	-0.1241	-1.0000
0.9281	-0.0319	-1.0000
1.2217	-0.1538	0.0000
0.7248	-0.6869	-1.0000
1.2627	-0.1794	-1.0000
0.8034	-0.5719	-1.0000
0.8984	-0.0342	0.0000
0.8140	-0.8887	-2.0000
0.8855	-0.0617	-1.0000
0.8624	-0.0765	0.0000
0.5873	-0.7590	0.0000
1.2023	-0.2450	0.0000
1.0611	-0.0175	-1.0000
1.1938	-0.2490	0.0000
0.9838	-0.9760	-1.0000
0.6849	-0.5509	-1.0000
1.0972	-1.0559	0.0000
0.8342	0.0522	-1.0000
0.7052	-0.2703	0.0000
0.6566	-0.7011	0.0000
0.7877	-0.5754	0.0000
0.5631	-0.4809	-1.0000
1.1266	-0.1696	-2.0000
0.7088	0.1627	-1.0000
1.0651	-0.1653	-1.0000
0.7895	-0.0520	0.0000
1.1437	-0.1208	-1.0000
0.9561	-0.2967	-1.0000
0.3341	-0.3028	0.0000
1.1822	-0.2499	-1.0000
0.9204	0.1019	0.0000
0.6533	-0.5808	-2.0000
0.8760	-0.0373	0.0000
0.7562	0.1290	-2.0000
0.7251	-0.6481	0.0000
1.1580	-0.1868	0.0000
0.8941	-0.3959	-2.0000
0.9292	-0.9524	0.0000
0.6681	-0.8889	-1.0000
0.8383	0.1982	0.0000
0.9690	-0.5461	-1.0000
0.3093	-0.1226	0.0000
1.1488	-0.3431	-1.0000
1.0312	-1.0316	-1.0000
0.8928	0.0280	-1.0000
0.6569	-0.6486	0.0000
1.0729	-0.3652	0.0000
0.9907	-0.9509	0.0000
1.1215	-0.1965	0.0000
1.0100	-0.0783	0.0000
0.3816	0.0700	0.0000
0.8569	-0.3629	0.0000
0.8606	0.0272	-2.0000
0.7178	-0.7258	-1.0000
0.6882	-0.8009	-1.0000
0.4629	-0.6082	-1.0000
0.4464	-0.1978	0.0000
0.9961	-0.1811	-1.0000
1.0301	-0.0396	0.0000
0.5774	-0.4544	-1.0000
0.5691	-0.6211	-1.0000
0.9377	-0.5022	-1.0000
0.9254	0.0697	-1.0000
0.9216	-0.0380	-1.0000
0.7283	-0.2421	0.0000
0.8798	0.0323	0.0000
0.9405	-0.0042	-2.0000
0.4146	-0.5972	0.0000
1.2199	-0.2283	-1.0000
0.5893	-0.0373	0.0000
0.6700	0.1991	-1.0000
1.1283	0.0453	-1.0000
0.7316	-0.5976	-1.0000
-0.0255	0.3299	0.0000
0.8411	-0.1642	0.0000
0.6501	-0.8494	0.0000
1.0296	-0.2478	-1.0000
1.2019	-0.1358	0.0000
0.7844	-0.2739	-2.0000
0.7815	-0.3483	-1.0000
1.3357	-0.2371	0.0000
0.8393	0.0474	-1.0000
0.4760	-0.6319	0.0000
0.9100	0.0091	-1.0000
0.7253	-0.9460	0.0000
1.0254	-0.4459	0.0000
1.2411	-0.3056	-1.0000
0.9603	-0.5017	-1.0000
1.2104	-0.2878	0.0000
0.9385	-0.8650	-1.0000
0.7836	-1.1556	-1.0000
0.8046	-0.3746	-2.0000
0.4967	-0.6548	0.0000
0.7433	-0.7138	-1.0000
0.8422	0.0278	-1.0000
0.9931	-0.9151	-2.0000
0.9727	-0.2704	0.0000
0.6334	-0.7218	-1.0000
0.9945	-0.3754	0.0000
0.8257	0.1038	0.0000
1.1681	-0.0786	-1.0000
0.1809	0.6888	-1.0000
0.7803	-0.6853	-2.0000
0.6840	-0.4189	-1.0000
0.7757	0.1055	-1.0000
0.5991	-0.3123	-1.0000
0.7648	-0.4249	-2.0000
0.6220	-0.6496	0.0000
1.0236	-0.7635	0.0000
1.0400	-0.3218	-1.0000
0.8695	-1.0195	-1.0000
0.8931	-1.0298	0.0000
0.6655	-0.7032	-1.0000
0.4286	-0.0608	-1.0000
-0.0399	0.1534	0.0000
0.9286	0.2191	0.0000
0.9049	0.0329	-1.0000
0.6325	-0.0837	0.0000
1.0352	-0.4269	-2.0000
1.2364	-1.0411	0.0000
1.0462	-0.4950	-1.0000
1.0836	0.0044	0.0000
0.5099	0.1489	-1.0000
0.6089	-0.5103	0.0000
0.7017	-0.7459	0.0000
0.5287	-0.1551	0.0000
0.7128	-0.3569	-2.0000
0.8596	-0.9246	-1.0000
1.2037	-0.2747	-1.0000
1.0357	-0.4512	-2.0000
1.0633	-0.2645	-1.0000
1.0979	-0.2892	0.0000
0.6446	-0.8442	0.0000
0.8587	0.0546	-1.0000
1.1079	-0.3076	0.0000
1.2707	-0.1914	-1.0000
1.0270	-0.3531	0.0000
1.0849	-0.1930	-1.0000
1.1480	0.4984	0.0000
0.7559	0.2149	-1.0000
-0.2106	-0.3042	0.0000
1.1924	-0.2438	0.0000
1.0424	-0.0198	0.0000
1.1828	-0.3266	0.0000
0.6820	0.1753	0.0000
0.7484	-0.7502	-2.0000
0.6313	-0.0718	-1.0000
0.8691	-0.0450	-2.0000
0.9730	-0.8287	-2.0000
0.8335	0.0478	0.0000
1.1941	-0.1946	0.0000
0.8207	0.1962	0.0000
0.8165	0.0921	-1.0000
0.6273	-0.4220	-1.0000
0.8906	0.0699	-1.0000
0.8146	-0.4614	-2.0000
0.3689	-0.7187	0.0000
1.0552	-0.1882	0.0000
0.6326	-0.1755	0.0000
0.8953	-0.9627	0.0000
1.1583	-0.2932	-1.0000
1.1339	-0.2045	-1.0000
0.7379	-0.9411	-1.0000
0.2777	-0.2687	0.0000
0.7461	-0.6505	-2.0000
1.2047	-0.2592	0.0000
0.8118	-0.9268	-1.0000
1.1184	-0.1262	0.0000
0.6315	-0.8022	0.0000
1.1529	-0.1597	-1.0000
0.3594	-1.1193	0.0000
0.9637	-0.9572	-1.0000
1.1091	-0.1590	-1.0000
0.9106	0.0164	-1.0000
0.7804	0.1602	-1.0000
0.8103	0.1303	-1.0000
0.8560	0.0567	-1.0000
1.1619	-0.1339	-1.0000
0.8081	-0.7999	-2.0000
0.5980	-0.0348	0.0000
0.6709	-0.6419	-1.0000
0.2381	-0.2856	0.0000
0.2194	-0.6252	0.0000
0.7247	-0.5739	-1.0000
0.7915	0.2012	0.0000
0.6091	-0.7405	-1.0000
0.7612	-0.2621	-2.0000
1.1682	-0.1918	0.0000
1.1716	-0.1798	-1.0000
1.1814	-0.4138	0.0000
0.6748	-0.6424	-2.0000
0.8735	0.0095	-2.0000
0.6198	-0.9855	0.0000
0.8702	0.0249	-2.0000
-0.0011	-0.1651	0.0000
1.0348	-0.2215	-1.0000
0.6225	-0.5012	0.0000
0.9038	-0.0553	-2.0000
0.7362	-0.1950	-2.0000
0.8342	0.0819	-1.0000
0.5002	-0.5140	0.0000
0.4392	0.1901	0.0000
0.8116	0.0908	-2.0000
0.9888	-0.5264	0.0000
0.5689	0.0895	0.0000
0.6691	-0.6605	-2.0000
1.0108	-0.0990	-1.0000
0.8471	-0.6763	-3.0000
0.8249	-0.3159	-1.0000
0.8495	0.1124	-1.0000
1.0880	-0.2945	0.0000
1.0361	-0.3542	0.0000
0.7474	0.0778	0.0000
0.6341	-0.7894	0.0000
1.2913	-0.2366	0.0000
0.8671	0.0227	-2.0000
0.9306	-0.0101	-2.0000
0.5463	-0.2846	-1.0000
0.9851	-0.0681	0.0000
1.3398	-0.4859	0.0000
1.0406	-0.9447	0.0000
0.9572	-0.2517	0.0000
0.0234	0.0501	0.0000
0.5557	-0.6238	0.0000
0.6179	-0.7424	-1.0000
0.9344	-0.0663	-3.0000
0.5456	-0.5806	-1.0000
0.9265	0.0461	-1.0000
0.5643	-0.7439	0.0000
1.2080	-0.2425	-2.0000
1.1879	-0.9615	0.0000
0.7454	-0.6827	-1.0000
1.2606	-0.3221	0.0000
1.2468	-0.2408	-2.0000
-0.1670	0.2971	0.0000
0.7431	-1.0558	0.0000
0.7173	0.1821	-1.0000
1.0813	-0.1463	-1.0000
0.7104	-0.5929	-2.0000
0.6579	-0.7425	-1.0000
0.5009	-0.2666	0.0000
0.8398	0.1373	-1.0000
1.0648	-0.1374	0.0000
0.9561	-0.2095	0.0000
1.0958	-0.1120	0.0000
0.8644	-0.7448	0.0000
0.9905	-0.7379	-1.0000
0.5588	-0.7676	0.0000
0.9105	-1.0590	0.0000
0.8002	-0.7730	-2.0000
1.1887	-0.3154	0.0000
0.7194	0.2150	-1.0000
0.7881	-0.3106	-2.0000
0.1716	-0.0494	0.0000
0.9785	-0.1008	0.0000
0.7839	-0.3105	-2.0000
1.0891	-0.1321	0.0000
1.0406	-0.0532	-2.0000
1.2685	-0.2808	-1.0000
0.5508	-0.7755	-1.0000
0.6136	-0.7457	-1.0000
1.1157	-0.0889	0.0000
1.1049	-0.1478	-1.0000
1.2286	-0.3390	-1.0000
1.0893	-0.0174	0.0000
0.4953	-0.6704	0.0000
0.7749	-0.6867	0.0000
1.2623	-0.1803	0.0000
1.2212	-0.1925	0.0000
0.0580	-0.2229	0.0000
0.7682	0.1319	0.0000
1.0386	-0.5589	-2.0000
0.6200	-0.7054	0.0000
0.5623	-0.4623	-1.0000
0.3281	-0.2000	0.0000
-0.0431	-0.1307	0.0000
1.1527	-0.2538	0.0000
0.7981	-0.5739	-1.0000
0.6075	-0.4577	-1.0000
0.8155	-0.3763	-1.0000
0.6451	-0.8626	-1.0000
0.1773	-0.0061	0.0000
0.5714	-0.7579	0.0000
0.5683	-0.5336	-2.0000
0.8156	0.0869	0.0000
0.9419	-0.2393	-1.0000
1.2853	-0.3381	-1.0000
1.2951	-0.3513	-1.0000
0.7107	0.1913	0.0000
1.1576	-0.2362	-1.0000
0.7735	0.0581	-1.0000
1.2080	-0.1122	0.0000
0.7706	-0.0649	0.0000
1.3019	-0.1315	0.0000
0.5060	-0.1461	0.0000
0.8981	0.0277	0.0000
0.8795	-0.1331	0.0000
0.5221	-0.2683	-1.0000
0.6029	-0.7972	0.0000
0.4649	-0.3771	0.0000
0.6807	-0.7464	-1.0000
0.9321	-1.0195	-1.0000
0.9532	-0.3417	-2.0000
1.1894	0.0532	0.0000
0.6749	-0.5639	0.0000
0.7170	-0.6355	0.0000
0.7652	0.1049	-2.0000
0.9021	-0.0307	0.0000
0.4764	-0.7148	0.0000
0.9829	-0.0629	0.0000
0.6586	-0.7478	-2.0000
0.5637	-0.7302	0.0000
1.0138	-0.6237	-2.0000
0.8876	-0.6935	-1.0000
0.7742	-0.2598	-1.0000
0.8554	-0.8316	0.0000
1.2260	-0.2564	-2.0000
0.9900	-1.2496	0.0000
0.9599	0.0059	-1.0000
0.4225	-0.6028	0.0000
0.4972	-0.1903	0.0000
0.6919	-0.5629	-2.0000
0.7299	-0.2379	0.0000
0.8811	0.0064	-1.0000
0.5280	-0.5476	0.0000
1.1037	-0.0850	-1.0000
1.2777	-0.2101	0.0000
0.7285	0.1396	-1.0000
0.9252	0.0240	-2.0000
1.0659	-0.6306	-1.0000
0.6713	-0.8145	0.0000
0.6626	0.2330	0.0000
1.1043	-0.2518	0.0000
0.7316	-0.7893	0.0000
1.1541	-0.1817	-1.0000
0.5309	-0.3229	-1.0000
0.7444	-0.7434	-1.0000
0.6919	0.1870	0.0000
0.8343	0.1592	-1.0000
0.7739	0.1196	-1.0000
1.2820	-0.3297	-1.0000
0.7045	-0.9122	0.0000
0.7811	0.1504	-1.0000
0.5769	-0.8318	0.0000
0.7421	-0.5805	-2.0000
0.8232	0.0463	-1.0000
1.1137	-0.6441	0.0000
0.7562	0.1833	0.0000
1.0189	-0.8047	0.0000
1.0735	-0.2476	-1.0000
0.9091	0.0764	0.0000
0.5947	-0.5783	0.0000
0.7667	0.1365	0.0000
0.8517	0.0909	0.0000
0.6849	-0.7834	0.0000
1.1992	-0.0732	0.0000
0.9169	-0.0397	0.0000
0.6927	-0.6373	0.0000
1.2016	-0.2352	-1.0000
1.1901	-0.2461	0.0000
0.8799	0.0469	-1.0000
0.9082	0.0261	0.0000
0.7805	-0.5794	-2.0000
0.8840	-0.9215	0.0000
0.8801	0.0676	0.0000
0.9065	0.0067	-2.0000
0.7237	0.2250	0.0000
0.7929	0.1778	0.0000
0.6974	-0.7950	-1.0000
0.7310	0.1986	-1.0000
1.2023	-0.1582	-2.0000
0.7084	-0.6031	-1.0000
1.1751	-0.2249	-1.0000
0.8034	0.0881	-2.0000
0.8804	0.0461	-3.0000
0.5074	-0.1650	-1.0000
0.8367	-0.8245	0.0000
0.4460	-0.1210	-1.0000
0.5472	-0.2155	0.0000
0.7122	0.2420	0.0000
1.0182	-1.0125	0.0000
0.8144	0.1045	0.0000
1.0302	-0.2048	0.0000
1.0060	-0.3847	-1.0000
1.1778	-0.2081	0.0000
0.6393	0.2056	0.0000
0.9603	-0.1412	0.0000
0.9992	0.0204	-1.0000
1.2748	-0.3597	0.0000
1.1491	0.0327	0.0000
0.8105	-0.5262	-1.0000
0.8742	0.0447	0.0000
0.5953	-0.6080	0.0000
1.2604	-0.2051	-1.0000
0.4862	-0.6702	0.0000
0.7721	0.1882	0.0000
1.0789	-0.0353	0.0000
0.9901	-0.4313	-2.0000
0.8046	0.0960	-1.0000
1.0019	-0.3084	-1.0000
0.8993	-0.4201	-1.0000
0.9817	0.0199	-1.0000
0.7364	0.2080	0.0000
1.1372	-0.5542	-1.0000
0.7519	-0.1695	0.0000
0.6221	-0.2458	0.0000
0.8070	0.0656	-1.0000
1.1720	-0.1837	0.0000
1.1463	-0.2019	-1.0000
0.1411	-0.7568	0.0000
0.7685	-0.7176	0.0000
0.7708	-0.9032	-2.0000
0.7940	-0.8291	-2.0000
0.6684	-0.4052	-1.0000
0.5829	-0.7796	0.0000
1.0374	-0.1191	0.0000
0.6046	-0.4537	-1.0000
0.7205	-0.3202	0.0000
1.0420	-0.3125	-1.0000
0.6971	-0.7169	0.0000
0.3177	-0.4757	0.0000
0.6069	0.1713	0.0000
0.7463	0.1569	-2.0000
0.6366	-0.7806	0.0000
0.6076	-0.6690	-1.0000
0.3540	0.2723	0.0000
1.0670	-1.0554	0.0000
0.8681	-0.3739	-2.0000
0.4029	0.2729	0.0000
1.1971	-0.1750	-1.0000
0.8517	-0.4448	-3.0000
1.0876	-0.1866	0.0000
1.2012	-0.2575	0.0000
0.7540	-0.7277	0.0000
0.7830	-0.9255	-1.0000
0.9151	-0.8440	-2.0000
0.8378	0.0571	-2.0000
1.1145	-0.1523	0.0000
0.6367	0.2441	0.0000
0.9633	-0.5920	-3.0000
0.7396	-0.7385	-2.0000
0.7891	-0.1705	-1.0000
0.2271	-0.2251	0.0000
1.1758	-0.1815	-1.0000
1.1914	-1.1505	0.0000
0.8870	-0.7382	-1.0000
1.0297	-0.6982	0.0000
0.8063	0.1028	-2.0000
0.4396	-0.2319	-1.0000
0.9600	-0.6166	-3.0000
0.1179	0.0482	0.0000
1.2927	-0.4159	-1.0000
0.4433	-0.4095	0.0000
1.2600	-0.2936	0.0000
0.5480	0.2308	0.0000
0.7399	-0.2699	-2.0000
0.7760	0.0941	-1.0000
0.7990	0.0935	-1.0000
0.5868	-0.6745	-1.0000
0.6796	-0.3476	-1.0000
1.3114	-0.2788	0.0000
1.1837	-0.1943	-1.0000
0.7123	-0.7885	-2.0000
1.1642	-0.2821	-1.0000
1.0743	-0.6729	0.0000
0.9921	-0.4704	-1.0000
0.9460	-0.1969	-1.0000
0.9426	-0.9161	-2.0000
0.7885	0.0668	-1.0000
1.2362	-0.1815	0.0000
0.5922	-0.2286	-1.0000
0.8054	0.0874	0.0000
1.1318	-0.1436	-2.0000
0.8788	0.0979	0.0000
0.7786	-0.8653	-1.0000
0.8018	0.0388	0.0000
0.8906	-0.0020	-1.0000
0.8309	-0.4725	-2.0000
0.9539	-0.1279	-1.0000
1.1115	-0.2431	-1.0000
1.2020	-0.2571	-1.0000
0.5943	-0.6349	0.0000
0.8933	0.1267	0.0000
0.8602	0.0938	-1.0000
1.2262	-0.2144	0.0000
0.1999	-0.4042	0.0000
0.7514	-0.8058	-1.0000
1.5046	-0.0383	0.0000
1.2387	-0.2661	-1.0000
1.0135	-0.1660	0.0000
0.7887	-0.7690	0.0000
0.8693	-0.9932	-2.0000
1.2354	-0.2096	0.0000
0.7841	0.1783	0.0000
1.0167	-0.1174	0.0000
1.0957	-0.1616	-1.0000
0.7060	0.2470	0.0000
0.9241	-1.1378	-1.0000
0.4376	-0.5924	0.0000
1.0513	-0.3062	-1.0000
0.8986	-0.0535	-1.0000
0.9018	-0.3644	-2.0000
1.1658	-0.2194	0.0000
0.7830	-0.8399	0.0000
1.0763	-0.0525	0.0000
0.9040	-0.9368	-2.0000
0.7045	-1.1583	0.0000
0.5071	-0.6116	0.0000
0.8286	-0.5003	0.0000
0.9493	0.1076	0.0000
0.2794	-0.5989	0.0000
0.9869	-0.0600	0.0000
0.3241	-0.2229	0.0000
0.6084	-0.1643	-1.0000
1.0255	-0.0599	-1.0000
0.9109	-0.5068	-2.0000
0.9654	-0.4726	-1.0000
0.8570	-0.2429	0.0000
0.7380	-0.1215	-2.0000
0.8132	0.0845	-1.0000
0.4875	-0.1677	0.0000
0.7962	0.0935	-1.0000
0.6596	-0.1843	0.0000
0.4276	-0.1111	-1.0000
0.9634	0.2190	0.0000
1.0718	-0.1486	-1.0000
0.7554	-0.8775	-1.0000
1.2253	-0.1866	-1.0000
0.7373	-0.8312	0.0000
0.6501	-0.5343	-1.0000
0.9234	-0.4023	-3.0000
1.1037	-0.2966	-1.0000
0.8289	0.1303	0.0000
0.5303	-0.2592	0.0000
0.7112	0.2186	-1.0000
1.2234	-0.2379	-1.0000
0.5753	-0.5842	-1.0000
0.8034	-0.6793	0.0000
1.0814	-0.0783	-1.0000
1.1500	0.0225	0.0000
0.9153	-0.5337	0.0000
0.2019	0.3693	0.0000
1.1630	-0.4597	-1.0000
-0.1480	-0.2347	0.0000
0.7145	-0.6449	-1.0000
0.7430	-0.7657	0.0000
0.6124	0.3158	0.0000
0.9353	-1.0348	0.0000
0.7437	0.0187	0.0000
1.2023	-0.2332	-2.0000
0.7574	-0.8682	0.0000
0.5849	-0.3469	-1.0000
0.9117	-0.9641	0.0000
0.6658	-0.6783	-2.0000
0.6681	-0.8508	0.0000
1.0919	-0.2184	0.0000
0.8631	-0.0016	0.0000
0.7814	-0.0271	-1.0000
1.0480	-0.6131	-1.0000
0.9599	-0.1071	0.0000
0.1943	0.2589	0.0000
0.9261	-0.1467	0.0000
0.9642	-0.9339	-2.0000
0.9388	-0.0247	-2.0000
1.1895	-0.9781	0.0000
1.2438	-0.3463	-1.0000
0.9015	0.1393	0.0000
-0.3117	0.0643	0.0000
1.2081	-0.2502	0.0000
0.7295	0.1943	0.0000
0.6654	-0.2988	0.0000
0.7374	-0.7825	-1.0000
0.9686	0.1291	0.0000
0.9450	-0.9475	-1.0000
1.2870	-0.3117	0.0000
0.7008	-0.8026	0.0000
0.8197	0.1052	-1.0000
0.7840	-0.3003	0.0000
0.9337	-0.0826	-1.0000
0.8896	0.0434	-1.0000
0.8677	0.0702	-1.0000
0.4945	-0.6647	0.0000
0.7776	-0.8329	-1.0000
1.1591	-0.2223	0.0000
1.2641	-0.2824	0.0000
0.5854	-0.7490	-1.0000
1.0978	-0.0319	0.0000
1.0779	-0.1808	0.0000
0.5894	-0.4710	-1.0000
1.2368	-0.2430	-1.0000
1.1930	-0.2153	0.0000
1.0238	-0.2912	0.0000
0.9338	-0.0533	-1.0000
1.0555	-0.1196	0.0000
0.6334	-0.1735	-1.0000
1.2112	-0.2917	-1.0000
0.7193	0.1648	-1.0000
0.8272	0.0239	-1.0000
1.0955	-0.1960	0.0000
0.8538	0.0824	-1.0000
1.2761	-0.2646	-1.0000
0.8048	-0.4020	-3.0000
1.2610	-0.3984	0.0000
0.6890	0.2051	0.0000
0.9574	-0.1965	0.0000
0.7945	-0.5176	-1.0000
0.8467	0.0220	-1.0000
1.0038	-0.0802	-1.0000
0.6687	-0.4218	-1.0000
0.4195	-0.2850	0.0000
0.4657	-0.3451	0.0000
0.8359	-0.5711	-3.0000
0.8663	-0.8407	-2.0000
0.6866	-0.3194	0.0000
0.7854	-0.2526	-3.0000
0.3260	0.0089	0.0000
0.7442	-0.3931	-1.0000
0.5346	-0.6909	0.0000
0.8252	-0.4534	-2.0000
0.9980	-0.0598	-1.0000
0.9475	-0.0277	0.0000
0.4981	-0.5350	-1.0000
1.1094	-0.2898	0.0000
0.7899	-0.9572	-2.0000
0.4634	-0.1556	0.0000
1.1961	-0.2727	-1.0000
0.7608	-0.9060	0.0000
0.6409	-0.2329	-1.0000
0.7510	0.1123	-1.0000
1.0060	-0.2594	-1.0000
0.3345	-0.1865	0.0000
0.4098	-0.5447	0.0000
0.9283	-0.0417	-1.0000
0.9995	-0.8720	0.0000
1.1582	-0.0418	0.0000
0.7036	-0.8915	-1.0000
1.0872	-0.2215	0.0000
1.0841	-0.3061	-1.0000
0.3647	-0.3089	0.0000
0.6143	-0.6700	-1.0000
0.6152	-0.6484	-2.0000
0.9054	0.0650	-2.0000
0.6061	-0.5930	0.0000
1.0292	-0.0493	-1.0000
0.5501	-0.5895	0.0000
0.7709	0.1474	-1.0000
0.8198	0.0782	-1.0000
0.9355	-0.6192	-1.0000
0.9885	-0.3690	0.0000
0.7789	-0.4631	-2.0000
0.7314	-0.4537	0.0000
0.9417	-0.0031	-2.0000
0.8613	-0.1406	0.0000
0.8773	-0.7012	-2.0000
1.1386	-0.8191	0.0000
1.2345	-0.3761	0.0000
0.6952	-0.0968	-1.0000
0.8333	-0.2036	0.0000
1.2128	-0.1087	-1.0000
0.8837	-1.0119	0.0000
0.7721	-0.1552	-1.0000
1.2577	-0.3275	0.0000
0.5310	0.1481	-1.0000
1.2202	-0.2553	-1.0000
1.0521	-0.5377	0.0000
0.8829	-0.0051	0.0000
0.9850	-0.0666	0.0000
1.1820	-0.2091	0.0000
0.6802	0.0981	-1.0000
0.6662	-0.2339	0.0000
0.6935	-0.7691	-2.0000
0.8855	0.0872	0.0000
1.2589	-0.1739	0.0000
0.8499	-0.3206	0.0000
1.2817	-0.2783	-1.0000
1.2991	-0.3000	-1.0000
0.6827	-0.4294	-1.0000
1.1526	-0.2558	-1.0000
0.6109	-0.4851	-1.0000
1.0969	-0.2276	-1.0000
1.1645	-0.7742	-1.0000
0.8725	-0.3022	-2.0000
0.6169	0.1358	-1.0000
0.7837	-0.7251	0.0000
0.8554	-0.0380	-1.0000
1.0359	-1.0400	-1.0000
0.4938	-0.6168	-1.0000
0.7638	-0.2270	-1.0000
0.4747	-0.6293	0.0000
0.7374	-0.3806	0.0000
0.7090	0.1685	-1.0000
0.9783	-0.0700	0.0000
0.6478	-0.0230	0.0000
0.6071	-0.2557	-1.0000
0.8445	-0.9897	-1.0000
0.6533	-0.5394	0.0000
0.9887	-0.0791	-1.0000
1.1103	-0.8379	0.0000
0.6051	-0.6747	-1.0000
0.8673	-0.0225	-1.0000
0.9395	-0.4036	0.0000
0.6442	-0.7487	0.0000
0.8874	-0.9438	-1.0000
1.1969	-0.1794	0.0000
1.3496	-0.3945	0.0000
0.9420	0.0893	-1.0000
0.5525	-0.4645	-1.0000
0.7011	-0.8517	-1.0000
0.9917	-0.0419	-1.0000
0.6067	-0.8997	0.0000
0.7104	-0.6515	-2.0000
1.0304	-0.5250	-3.0000
0.4500	-0.2600	-2.0000
0.3628	-0.4307	-1.0000
1.1587	-0.5746	0.0000
0.9982	-0.1418	0.0000
1.0019	-0.0086	-2.0000
0.5072	-0.3949	-2.0000
0.7464	-0.3005	-2.0000
0.8093	-0.9833	-1.0000
0.8500	-0.9222	-2.0000
0.9830	-0.4838	-2.0000
0.7480	-0.7350	-1.0000
0.6144	0.3480	0.0000
0.7065	0.2660	0.0000
0.8204	-0.2740	-2.0000
0.4175	-0.2282	-2.0000
0.9848	-0.7426	-1.0000
1.1730	-0.1570	-1.0000
0.7356	-0.8369	-1.0000
0.2255	0.9301	0.0000
0.9104	-0.8920	0.0000
0.3007	-0.3339	-1.0000
0.6200	-0.4470	-1.0000
1.0594	-0.3534	-1.0000
0.8666	0.1010	0.0000
0.6523	0.1813	0.0000
0.6552	-0.8132	-1.0000
1.0085	0.1286	0.0000
1.1226	-0.1513	0.0000
0.4425	-0.3823	0.0000
1.0072	-0.1651	-2.0000
0.7973	0.1032	-1.0000
1.1372	-0.5666	-1.0000
0.7191	0.1924	0.0000
0.8003	-0.3083	-1.0000
0.7513	-0.8680	-1.0000
0.7337	-0.3961	-2.0000
1.1298	-0.5424	-2.0000
0.9877	-0.2210	-1.0000
0.9182	0.0351	-1.0000
0.6966	-0.6202	-2.0000
1.1972	-0.2538	0.0000
1.2737	-0.1796	-1.0000
0.6089	-0.8080	0.0000
0.5292	-0.4978	0.0000
0.6772	-0.6308	-1.0000
1.0505	-0.1821	-1.0000
1.0070	-0.1180	0.0000
0.6251	-0.1523	-2.0000
0.8095	-0.3525	-2.0000
1.3020	-0.2299	0.0000
1.2413	-0.1468	0.0000
1.1614	-0.2153	-1.0000
1.0975	-0.7472	-2.0000
0.9312	-0.4386	-3.0000
0.9841	-0.1957	0.0000
1.1963	-0.0842	0.0000
1.0929	-0.2368	0.0000
0.8195	0.0587	-1.0000
0.8920	-0.0390	-1.0000
0.8245	0.0231	-2.0000
1.2214	-0.3154	0.0000
0.8275	-0.8416	0.0000
0.6638	0.1645	0.0000
0.6096	-0.0265	0.0000
0.9235	-1.0003	-1.0000
1.2702	-0.2408	0.0000
0.6953	-0.3115	-2.0000
1.0156	-0.0651	-2.0000
0.7744	0.1047	-1.0000
0.8002	-0.5966	0.0000
0.7477	-1.0344	-1.0000
0.7642	0.1272	-1.0000
1.0497	0.3114	0.0000
0.7633	-0.5824	-1.0000
1.0861	-0.2787	0.0000
0.9174	-0.2474	0.0000
0.8800	-0.2671	-2.0000
0.6325	-0.8214	-1.0000
0.5835	-0.5289	0.0000
0.7861	0.0780	-1.0000
0.9325	-0.5336	-2.0000
1.1342	-0.1421	0.0000
1.2825	-0.3366	0.0000
0.6026	0.3222	0.0000
1.1197	-0.7573	-2.0000
0.7329	-0.4274	-2.0000
1.0041	-0.0728	-1.0000
0.8577	0.0701	-1.0000
0.7124	-0.7561	0.0000
0.7716	0.2421	0.0000
0.7904	-0.2577	-1.0000
1.0679	-0.2715	-1.0000
0.8690	0.0053	0.0000
0.7958	0.1023	0.0000
0.3128	0.0562	0.0000
0.7877	-0.8632	-2.0000
0.9893	-0.0714	-1.0000
1.2408	-0.2306	0.0000
0.9870	-0.0424	0.0000
0.6109	-0.0810	0.0000
0.9318	-0.0403	0.0000
0.5907	-0.5446	0.0000
0.4562	-0.3479	0.0000
0.7530	-0.8143	0.0000
1.1302	-0.2025	-1.0000
1.1801	-0.0549	0.0000
0.6929	-0.8511	-2.0000
1.0797	-0.0668	0.0000
1.1458	-0.2336	0.0000
0.6891	-0.7040	0.0000
1.1474	-0.1397	-1.0000
1.0555	-0.2900	0.0000
0.4156	-0.2392	-1.0000
0.8943	0.0463	-1.0000
0.7566	0.3527	0.0000
1.1348	-0.1436	0.0000
0.6841	-0.2320	0.0000
0.8653	-0.3597	0.0000
1.2721	-0.2251	0.0000
0.9702	-0.1877	-1.0000
0.7204	-0.4160	-2.0000
0.8049	0.0386	-1.0000
1.0558	-0.5409	-3.0000
1.1219	-0.1265	-1.0000
0.6573	-1.1726	-1.0000
1.1596	-0.2648	0.0000
1.2918	-0.3096	-1.0000
0.6430	-0.5575	-2.0000
1.2322	-0.2757	0.0000
1.1621	-0.1855	0.0000
0.7778	0.1134	-1.0000
0.2882	-0.1476	-1.0000
0.4550	-0.0026	-1.0000
1.0673	-0.0584	-1.0000
1.0548	-0.0574	-1.0000
0.7295	-0.4441	-2.0000
0.9098	-0.0399	-1.0000
1.2432	-0.2163	-1.0000
1.1156	-0.2401	-1.0000
0.7788	-0.3803	-1.0000
0.7594	-1.0077	0.0000
1.1390	-0.1704	0.0000
1.0483	-0.8277	-1.0000
0.6893	-0.3586	0.0000
1.0931	-0.2321	-1.0000
0.7479	-0.2785	-2.0000
0.4392	-0.7967	0.0000
0.6651	-0.7608	0.0000
0.6019	-0.4291	-1.0000
0.3090	0.0501	0.0000
0.0032	0.5842	0.0000
1.0549	0.0247	0.0000
0.7897	0.0767	-1.0000
1.2281	-0.2998	0.0000
0.4785	-0.0007	0.0000
0.9891	-0.7951	0.0000
0.4209	-0.2324	-1.0000
1.3342	-0.3701	0.0000
0.9086	-0.0200	0.0000
0.7822	-0.6072	-2.0000
0.6211	-0.8611	0.0000
0.4273	-0.0495	-1.0000
0.9678	-0.3808	-1.0000
0.8759	0.0625	0.0000
0.4974	-0.5078	0.0000
0.7080	-0.9022	0.0000
0.9957	-0.0202	-1.0000
0.6995	-0.2853	-1.0000
0.8964	0.0205	-1.0000
1.1288	-0.2489	-1.0000
0.7088	0.1281	0.0000
1.1904	-0.0545	0.0000
0.3000	-0.3089	0.0000
0.8255	0.1846	-1.0000
0.9578	-0.7955	-2.0000
0.7473	-0.8810	-1.0000
0.6418	-0.2534	-2.0000
0.8629	0.1282	0.0000
1.0836	-0.1963	0.0000
0.9001	-0.5262	-2.0000
0.6234	-0.4052	-1.0000
0.7514	0.1649	0.0000
0.7010	-0.2268	-2.0000
1.1462	-0.2841	0.0000
0.4977	-0.6958	0.0000
0.6861	-0.1760	-1.0000
0.0969	-0.2465	0.0000
0.5727	-0.1563	0.0000
0.8894	-0.3771	-1.0000
1.0050	-0.0724	-2.0000
0.6260	-0.7437	-1.0000
0.9678	-0.3511	0.0000
0.5223	-0.7343	0.0000
0.9811	-0.2439	-1.0000
1.1895	-0.1833	-2.0000
0.5939	-0.5641	-1.0000
1.1939	-0.2909	0.0000
0.9617	-0.3941	-2.0000
1.1244	-0.6196	-1.0000
0.9651	-0.1683	0.0000
1.2552	-0.2315	0.0000
0.7122	-0.7400	-1.0000
0.6185	-0.5851	-1.0000
1.1064	-0.3579	-1.0000
1.0737	-0.1838	0.0000
1.0119	-0.2009	0.0000
0.7309	0.2150	0.0000
1.3427	-0.1510	0.0000
1.1534	-0.1577	-2.0000
0.5937	-0.6084	0.0000
0.6680	0.1429	0.0000
0.4585	-0.7062	0.0000
1.0966	-0.2507	-1.0000
0.8413	0.0020	-1.0000
0.9665	-0.8837	0.0000
0.7901	-0.6741	-1.0000
0.8690	0.0552	0.0000
0.7542	-0.2121	-1.0000
0.7462	0.1017	-1.0000
0.6922	0.1043	0.0000
1.2224	-0.5448	0.0000
0.9208	-0.1980	0.0000
1.2548	-0.2765	-1.0000
0.8927	-0.0200	-1.0000
0.7094	-0.7673	-1.0000
0.7324	-0.4452	-2.0000
0.1842	-0.2962	0.0000
1.0760	-0.2039	-1.0000
0.9177	-0.9608	0.0000
0.5716	-0.5747	-1.0000
1.0350	-0.6132	-1.0000
0.5614	-0.6419	-1.0000
1.0119	-0.9050	0.0000
0.6602	-0.8252	0.0000
1.2368	-0.2278	0.0000
0.8700	-0.0434	-1.0000
0.9519	-0.0441	-1.0000
1.1208	-0.2572	0.0000
0.8960	0.0860	0.0000
0.8596	0.1564	0.0000
1.0120	-0.0952	-1.0000
0.8730	0.0697	-1.0000
0.8328	-0.3769	0.0000
0.7660	-0.3333	-2.0000
0.6209	0.0209	0.0000
0.8592	-0.5138	-2.0000
0.8021	0.1648	0.0000
1.1175	-0.0798	-1.0000
0.6769	-0.6218	-1.0000
0.8224	0.1084	0.0000
0.4128	0.2763	0.0000
1.2872	-0.1810	0.0000
0.7317	-0.3450	-2.0000
1.0927	-0.3015	0.0000
0.9621	-0.1386	0.0000
0.9542	-1.0158	0.0000
0.8282	-0.9997	0.0000
0.9328	-0.0147	0.0000
1.1619	-0.2348	0.0000
1.1465	-0.1975	0.0000
1.0136	-0.0340	0.0000
0.7891	0.1944	0.0000
1.0633	-0.9459	-1.0000
0.3114	0.0294	0.0000
0.7808	0.0434	0.0000
0.7375	-0.0977	-1.0000
0.6068	-0.7177	-2.0000
0.9435	-1.1099	0.0000
0.8219	-0.4899	-3.0000
0.7252	0.0672	0.0000
0.6679	0.0825	0.0000
0.7710	0.1564	0.0000
0.6548	-0.7991	-1.0000
1.2638	-0.1914	-1.0000
0.8512	0.1231	-1.0000
0.8047	-0.9003	0.0000
0.3539	0.0183	0.0000
0.3359	-0.5208	0.0000
1.0512	-1.0789	0.0000
0.7560	-0.7466	-2.0000
0.9266	-0.3859	-2.0000
1.0859	-1.0087	-1.0000
0.7458	0.1133	0.0000
0.6415	0.3381	0.0000
1.1236	-0.2604	0.0000
0.7828	-0.9153	0.0000
1.0892	-0.3707	0.0000
0.9499	-0.0847	-1.0000
0.7215	0.1388	-1.0000
1.1244	-0.2911	0.0000
0.8977	-0.6084	-1.0000
1.0030	-0.9221	-1.0000
0.7409	0.2891	0.0000
0.7163	-0.8184	0.0000
0.8236	0.1404	-1.0000
1.2745	-0.3078	0.0000
0.8936	0.0218	0.0000
0.6354	-0.6296	-1.0000
0.8716	-0.5021	0.0000
1.0987	-0.0568	0.0000
0.6837	-0.2930	-1.0000
0.9385	-0.3283	-2.0000
0.7205	-0.5041	-3.0000
0.6888	-0.3676	-1.0000
1.0176	-0.0388	-1.0000
0.8270	-0.8203	-1.0000
0.7802	-0.4013	-2.0000
0.9774	-0.2268	0.0000
0.7787	0.1512	-1.0000
1.0205	-0.0304	0.0000
1.0568	-0.0783	0.0000
0.1757	0.0839	0.0000
1.0759	-0.5094	0.0000
0.9422	-1.0576	0.0000
1.1180	-0.6208	-1.0000
0.5939	-0.3938	-1.0000
0.9818	-0.2093	-1.0000
1.0965	-0.8924	0.0000
0.7290	-0.4660	0.0000
0.8421	-0.6117	0.0000
0.8912	-0.7751	0.0000
0.8371	0.0092	-2.0000
0.5623	-0.4949	0.0000
1.0147	-0.0327	-1.0000
0.8907	0.0330	0.0000
1.1063	-0.1448	0.0000
0.6461	-0.8342	-1.0000
-0.2915	-0.2078	0.0000
1.0312	-0.1252	-1.0000
0.8978	0.0128	-1.0000
1.1119	-0.2451	-2.0000
0.7150	0.1214	0.0000
0.7404	-0.4985	-1.0000
0.7923	-0.6941	0.0000
0.7785	-0.4672	0.0000
0.6329	-0.7782	0.0000
0.7267	-0.6790	-2.0000
0.8223	-0.5633	-2.0000
0.5012	-0.4505	-2.0000
0.8838	0.1058	0.0000
0.1663	-0.4712	0.0000
1.2313	-0.2777	-2.0000
0.9476	-0.1831	-1.0000
1.2363	-0.3452	-2.0000
0.7894	0.0822	-2.0000
1.0043	-0.0152	0.0000
0.6974	-0.1330	-1.0000
1.1459	-0.2270	-1.0000
0.4674	-0.2511	-1.0000
0.9515	-0.0124	-1.0000
1.1390	-0.2171	0.0000
0.9792	-0.0213	0.0000
0.4579	-0.2747	-1.0000
0.7792	-0.0894	-1.0000
0.1232	-0.1372	0.0000
1.0026	-0.1034	-2.0000
1.0325	-0.0884	0.0000
0.6376	-0.6340	0.0000
0.5417	-0.2772	-1.0000
0.5119	0.0970	0.0000
1.0215	-0.6842	-2.0000
0.7913	0.0531	0.0000
0.8514	-0.1314	0.0000
0.4283	0.1182	0.0000
0.7334	0.0821	0.0000
0.6419	0.0865	-1.0000
0.5013	-0.3540	-1.0000
0.7348	0.0132	-1.0000
0.6544	-0.5698	-1.0000
1.0336	-0.4656	-3.0000
0.6063	-0.0304	0.0000
1.0999	-0.1329	0.0000
1.0183	-0.5734	-3.0000
0.9679	-0.0490	0.0000
0.5836	-0.4618	0.0000
0.7730	-0.3674	-3.0000
0.6990	-0.4037	-2.0000
0.7429	0.0974	-1.0000
1.2651	-0.2489	-1.0000
0.9323	-1.0227	0.0000
0.7313	-0.4002	-1.0000
0.8455	0.1139	-2.0000
1.0940	-0.2042	0.0000
0.6293	-0.8462	-1.0000
1.1800	-0.2773	-1.0000
1.1537	-0.0589	-1.0000
0.8174	0.1556	-1.0000
0.8930	-0.1585	-1.0000
1.0414	-1.0959	0.0000
0.9039	-0.2245	0.0000
0.5681	-0.5629	-1.0000
0.8386	0.0718	-1.0000
0.4234	-0.1867	0.0000
0.7767	0.1216	-1.0000
0.8578	-0.0811	-1.0000
0.8270	0.0221	-1.0000
0.6962	-0.5654	0.0000
0.8973	0.0509	-1.0000
-0.3092	0.0999	0.0000
1.1713	-0.2865	-1.0000
0.7564	0.1929	0.0000
0.8508	-0.6872	-2.0000
1.1214	-0.2467	-1.0000
0.7760	-0.6433	-1.0000
0.5658	-0.7394	0.0000
0.5596	-0.7202	0.0000
0.6706	-0.3478	-2.0000
0.6228	-0.8407	0.0000
1.3254	-0.2474	-1.0000
1.0231	-1.0957	0.0000
0.6410	-0.1781	-1.0000
0.3264	-0.2922	-1.0000
0.9923	-0.0145	-1.0000
0.8001	-0.0105	0.0000
0.8643	0.1261	0.0000
0.8384	0.0673	-2.0000
0.8276	-0.6158	0.0000
0.5921	-0.3845	0.0000
0.2601	-0.1370	-1.0000
0.7118	-0.2006	-2.0000
-0.2778	-0.0471	0.0000
0.7089	0.1713	-1.0000
0.8189	0.0984	-2.0000
0.4334	-0.0898	0.0000
0.9173	-0.9656	-1.0000
1.2879	-0.2170	0.0000
1.1394	-0.2139	0.0000
1.1210	-0.2185	-1.0000
0.8163	0.1175	-2.0000
0.4494	-0.6750	0.0000
0.9715	-0.2075	-1.0000
0.6646	-0.2269	0.0000
0.9436	-0.9359	-1.0000
0.9631	-0.1254	-1.0000
0.8684	0.0513	0.0000
0.6329	-0.7669	-2.0000
-0.0100	-0.0551	0.0000
0.7658	-0.6330	-1.0000
0.5696	-0.6536	0.0000
1.0636	-0.2120	-1.0000
0.6177	0.0131	-1.0000
0.5441	-0.4399	-2.0000
0.7270	-0.2191	-1.0000
0.7417	-0.2058	-1.0000
0.8038	-0.8320	-1.0000
0.6806	-0.6090	0.0000
0.9298	-0.9042	-1.0000
1.0967	-0.1106	0.0000
0.8180	-0.0349	-1.0000
0.8753	0.0237	0.0000
0.9589	-0.1230	-2.0000
1.0331	-0.1497	-1.0000
0.3346	0.3428	0.0000
0.6944	0.1990	0.0000
1.2172	-0.3262	0.0000
0.9738	-0.2523	-1.0000
0.7983	-0.3914	-2.0000
1.1526	-0.2822	-1.0000
1.1223	-0.0821	0.0000
0.7862	-0.1116	0.0000
1.2793	-0.3398	-1.0000
0.8087	-0.8968	-1.0000
0.1871	-0.1732	0.0000
1.0550	-0.0638	-1.0000
0.7854	0.2426	0.0000
0.6142	-0.7514	-1.0000
1.0073	-0.2073	0.0000
1.0137	-0.1948	-1.0000
0.6816	0.1008	-1.0000
0.6520	-0.6392	0.0000
0.9531	0.0328	-1.0000
0.9429	-0.2159	0.0000
0.5823	-0.0974	0.0000
0.6484	-0.2184	-1.0000
0.6558	-0.1301	-1.0000
0.4623	-0.2082	-1.0000
0.5553	-0.5655	-1.0000
1.3189	-0.4045	-1.0000
1.1577	-0.2282	0.0000
1.3412	-0.2331	0.0000
0.4103	-0.2245	0.0000
0.7931	-1.0193	0.0000
1.0715	-0.1296	0.0000
0.8833	-1.0403	-2.0000
0.4045	-0.1823	0.0000
1.1780	-0.2101	0.0000
0.9368	-0.2088	-1.0000
0.7422	-0.6288	-1.0000
0.4708	-0.6241	0.0000
0.4583	-0.2983	-1.0000
1.3131	-0.4048	-1.0000
0.5064	-0.6471	-1.0000
